{"target": -429.4942837000703, "params": {"I": 21.250128462963094}, "datetime": {"datetime": "2022-05-02 02:10:40", "elapsed": 0.0, "delta": 0.0}}
{"target": -429.4942837000703, "params": {"I": 21.250128462963094}, "datetime": {"datetime": "2022-05-02 02:10:40", "elapsed": 0.0, "delta": 0.0}}
{"target": -30.99860839478945, "params": {"I": 34.418365269639594}, "datetime": {"datetime": "2022-05-02 02:10:41", "elapsed": 0.874661, "delta": 0.874661}}
{"target": -30.99860839478945, "params": {"I": 34.418365269639594}, "datetime": {"datetime": "2022-05-02 02:10:41", "elapsed": 0.874661, "delta": 0.874661}}
{"target": -786.5839661281573, "params": {"I": 10.620386361710112}, "datetime": {"datetime": "2022-05-02 02:10:41", "elapsed": 1.743339, "delta": 0.868678}}
{"target": -786.5839661281573, "params": {"I": 10.620386361710112}, "datetime": {"datetime": "2022-05-02 02:10:41", "elapsed": 1.743339, "delta": 0.868678}}
{"target": -336.5059115262815, "params": {"I": 43.966813101351796}, "datetime": {"datetime": "2022-05-02 02:10:42", "elapsed": 2.598053, "delta": 0.854714}}
{"target": -336.5059115262815, "params": {"I": 43.966813101351796}, "datetime": {"datetime": "2022-05-02 02:10:42", "elapsed": 2.599051, "delta": 0.855712}}
{"target": -1081.2199657238389, "params": {"I": 1.855685863297345}, "datetime": {"datetime": "2022-05-02 02:10:43", "elapsed": 3.448778, "delta": 0.850725}}
{"target": -1081.2199657238389, "params": {"I": 1.855685863297345}, "datetime": {"datetime": "2022-05-02 02:10:43", "elapsed": 3.448778, "delta": 0.849727}}
{"target": -29.3938207158525, "params": {"I": 33.68814175383091}, "datetime": {"datetime": "2022-05-02 02:10:44", "elapsed": 4.303494, "delta": 0.854716}}
{"target": -29.3938207158525, "params": {"I": 33.68814175383091}, "datetime": {"datetime": "2022-05-02 02:10:44", "elapsed": 4.304492, "delta": 0.855714}}
{"target": -432.6337494593916, "params": {"I": 21.156587717172783}, "datetime": {"datetime": "2022-05-02 02:10:45", "elapsed": 5.147237, "delta": 0.843743}}
{"target": -432.6337494593916, "params": {"I": 21.156587717172783}, "datetime": {"datetime": "2022-05-02 02:10:45", "elapsed": 5.148235, "delta": 0.843743}}
{"target": -198.3071111659043, "params": {"I": 28.155146508064707}, "datetime": {"datetime": "2022-05-02 02:10:46", "elapsed": 6.006938, "delta": 0.859701}}
{"target": -198.3071111659043, "params": {"I": 28.155146508064707}, "datetime": {"datetime": "2022-05-02 02:10:46", "elapsed": 6.006938, "delta": 0.858703}}
{"target": -893.1787852547652, "params": {"I": 7.449153460464071}, "datetime": {"datetime": "2022-05-02 02:10:47", "elapsed": 6.867638, "delta": 0.8607}}
{"target": -893.1787852547652, "params": {"I": 7.449153460464071}, "datetime": {"datetime": "2022-05-02 02:10:47", "elapsed": 6.867638, "delta": 0.8607}}
{"target": -797.1499673394914, "params": {"I": 10.3060237097015}, "datetime": {"datetime": "2022-05-02 02:10:47", "elapsed": 7.738309, "delta": 0.870671}}
{"target": -797.1499673394914, "params": {"I": 10.3060237097015}, "datetime": {"datetime": "2022-05-02 02:10:47", "elapsed": 7.739307, "delta": 0.871669}}
{"target": -27.528017124728446, "params": {"I": 33.997147832155285}, "datetime": {"datetime": "2022-05-02 02:10:49", "elapsed": 8.848341, "delta": 1.110032}}
{"target": -27.528017124728446, "params": {"I": 33.997147832155285}, "datetime": {"datetime": "2022-05-02 02:10:49", "elapsed": 8.849339, "delta": 1.110032}}
{"target": -27.528019775825797, "params": {"I": 33.99717285409587}, "datetime": {"datetime": "2022-05-02 02:10:50", "elapsed": 9.890554, "delta": 1.042213}}
{"target": -27.528019775825797, "params": {"I": 33.99717285409587}, "datetime": {"datetime": "2022-05-02 02:10:50", "elapsed": 9.891552, "delta": 1.042213}}
{"target": -27.528028197465613, "params": {"I": 33.99725078467837}, "datetime": {"datetime": "2022-05-02 02:10:51", "elapsed": 10.923792, "delta": 1.033238}}
{"target": -27.528028197465613, "params": {"I": 33.99725078467837}, "datetime": {"datetime": "2022-05-02 02:10:51", "elapsed": 10.923792, "delta": 1.03224}}
{"target": -27.528012081722995, "params": {"I": 33.99709954829297}, "datetime": {"datetime": "2022-05-02 02:10:52", "elapsed": 11.968997, "delta": 1.045205}}
{"target": -27.528012081722995, "params": {"I": 33.99709954829297}, "datetime": {"datetime": "2022-05-02 02:10:52", "elapsed": 11.968997, "delta": 1.045205}}
{"target": -27.52801062682524, "params": {"I": 33.997085445431544}, "datetime": {"datetime": "2022-05-02 02:10:53", "elapsed": 13.021184, "delta": 1.052187}}
{"target": -27.52801062682524, "params": {"I": 33.997085445431544}, "datetime": {"datetime": "2022-05-02 02:10:53", "elapsed": 13.021184, "delta": 1.052187}}
{"target": -27.528007499790377, "params": {"I": 33.997054861772114}, "datetime": {"datetime": "2022-05-02 02:10:54", "elapsed": 14.079354, "delta": 1.05817}}
{"target": -27.528007499790377, "params": {"I": 33.997054861772114}, "datetime": {"datetime": "2022-05-02 02:10:54", "elapsed": 14.080353, "delta": 1.059169}}
{"target": -27.527982494722004, "params": {"I": 33.99679515428396}, "datetime": {"datetime": "2022-05-02 02:10:55", "elapsed": 15.161461, "delta": 1.082107}}
{"target": -27.527982494722004, "params": {"I": 33.99679515428396}, "datetime": {"datetime": "2022-05-02 02:10:55", "elapsed": 15.161461, "delta": 1.081108}}
{"target": -27.52800719604604, "params": {"I": 33.99705187085346}, "datetime": {"datetime": "2022-05-02 02:10:56", "elapsed": 16.255535, "delta": 1.094074}}
{"target": -27.52800719604604, "params": {"I": 33.99705187085346}, "datetime": {"datetime": "2022-05-02 02:10:56", "elapsed": 16.255535, "delta": 1.094074}}
{"target": -27.52800500206673, "params": {"I": 33.997030158615885}, "datetime": {"datetime": "2022-05-02 02:10:57", "elapsed": 17.335648, "delta": 1.080113}}
{"target": -27.52800500206673, "params": {"I": 33.997030158615885}, "datetime": {"datetime": "2022-05-02 02:10:57", "elapsed": 17.335648, "delta": 1.080113}}
{"target": -27.528007716492215, "params": {"I": 33.99705699338942}, "datetime": {"datetime": "2022-05-02 02:10:58", "elapsed": 18.415759, "delta": 1.080111}}
{"target": -27.528007716492215, "params": {"I": 33.99705699338942}, "datetime": {"datetime": "2022-05-02 02:10:58", "elapsed": 18.416758, "delta": 1.08111}}
{"target": -27.528006042525135, "params": {"I": 33.99704047918758}, "datetime": {"datetime": "2022-05-02 02:10:59", "elapsed": 19.490885, "delta": 1.075126}}
{"target": -27.528006042525135, "params": {"I": 33.99704047918758}, "datetime": {"datetime": "2022-05-02 02:10:59", "elapsed": 19.490885, "delta": 1.074127}}
{"target": -27.528005966374568, "params": {"I": 33.997039725300546}, "datetime": {"datetime": "2022-05-02 02:11:00", "elapsed": 20.556037, "delta": 1.065152}}
{"target": -27.528005966374568, "params": {"I": 33.997039725300546}, "datetime": {"datetime": "2022-05-02 02:11:00", "elapsed": 20.556037, "delta": 1.065152}}
{"target": -27.52799546442645, "params": {"I": 33.99693344280858}, "datetime": {"datetime": "2022-05-02 02:11:01", "elapsed": 21.684022, "delta": 1.127985}}
{"target": -27.52799546442645, "params": {"I": 33.99693344280858}, "datetime": {"datetime": "2022-05-02 02:11:01", "elapsed": 21.68502, "delta": 1.128983}}
{"target": -27.52800482136216, "params": {"I": 33.99702836172417}, "datetime": {"datetime": "2022-05-02 02:11:02", "elapsed": 22.741194, "delta": 1.057172}}
{"target": -27.52800482136216, "params": {"I": 33.99702836172417}, "datetime": {"datetime": "2022-05-02 02:11:02", "elapsed": 22.742191, "delta": 1.057171}}
{"target": -27.52804618455588, "params": {"I": 33.997410048822076}, "datetime": {"datetime": "2022-05-02 02:11:04", "elapsed": 23.829285, "delta": 1.088091}}
{"target": -27.52804618455588, "params": {"I": 33.997410048822076}, "datetime": {"datetime": "2022-05-02 02:11:04", "elapsed": 23.829285, "delta": 1.087094}}
{"target": -27.527995546046863, "params": {"I": 33.99693428734231}, "datetime": {"datetime": "2022-05-02 02:11:05", "elapsed": 24.918373, "delta": 1.089088}}
{"target": -27.527995546046863, "params": {"I": 33.99693428734231}, "datetime": {"datetime": "2022-05-02 02:11:05", "elapsed": 24.919371, "delta": 1.090086}}
{"target": -27.52799446445624, "params": {"I": 33.996923071303875}, "datetime": {"datetime": "2022-05-02 02:11:06", "elapsed": 25.978538, "delta": 1.060165}}
{"target": -27.52799446445624, "params": {"I": 33.996923071303875}, "datetime": {"datetime": "2022-05-02 02:11:06", "elapsed": 25.979536, "delta": 1.060165}}
{"target": -27.527992685199298, "params": {"I": 33.9969045026812}, "datetime": {"datetime": "2022-05-02 02:11:07", "elapsed": 27.080591, "delta": 1.102053}}
{"target": -27.527992685199298, "params": {"I": 33.9969045026812}, "datetime": {"datetime": "2022-05-02 02:11:07", "elapsed": 27.080591, "delta": 1.101055}}
{"target": -27.527993110813316, "params": {"I": 33.99690895794101}, "datetime": {"datetime": "2022-05-02 02:11:08", "elapsed": 28.163695, "delta": 1.083104}}
{"target": -27.527993110813316, "params": {"I": 33.99690895794101}, "datetime": {"datetime": "2022-05-02 02:11:08", "elapsed": 28.163695, "delta": 1.083104}}
{"target": -27.52799164504461, "params": {"I": 33.99689357837712}, "datetime": {"datetime": "2022-05-02 02:11:09", "elapsed": 29.220869, "delta": 1.057174}}
{"target": -27.52799164504461, "params": {"I": 33.99689357837712}, "datetime": {"datetime": "2022-05-02 02:11:09", "elapsed": 29.220869, "delta": 1.057174}}
{"target": -27.527991164931443, "params": {"I": 33.99688851850185}, "datetime": {"datetime": "2022-05-02 02:11:10", "elapsed": 30.277044, "delta": 1.056175}}
{"target": -27.527991164931443, "params": {"I": 33.99688851850185}, "datetime": {"datetime": "2022-05-02 02:11:10", "elapsed": 30.278042, "delta": 1.057173}}
{"target": -27.52799075396512, "params": {"I": 33.996884178527026}, "datetime": {"datetime": "2022-05-02 02:11:11", "elapsed": 31.332224, "delta": 1.05518}}
{"target": -27.52799075396512, "params": {"I": 33.996884178527026}, "datetime": {"datetime": "2022-05-02 02:11:11", "elapsed": 31.333221, "delta": 1.055179}}
{"target": -27.527989110788145, "params": {"I": 33.99686674353295}, "datetime": {"datetime": "2022-05-02 02:11:12", "elapsed": 32.445247, "delta": 1.113023}}
{"target": -27.527989110788145, "params": {"I": 33.99686674353295}, "datetime": {"datetime": "2022-05-02 02:11:12", "elapsed": 32.445247, "delta": 1.112026}}
{"target": -27.527987834149762, "params": {"I": 33.99685310533535}, "datetime": {"datetime": "2022-05-02 02:11:13", "elapsed": 33.519375, "delta": 1.074128}}
{"target": -27.527987834149762, "params": {"I": 33.99685310533535}, "datetime": {"datetime": "2022-05-02 02:11:13", "elapsed": 33.520373, "delta": 1.075126}}
{"target": -27.5280142013825, "params": {"I": 33.997119954701596}, "datetime": {"datetime": "2022-05-02 02:11:14", "elapsed": 34.589514, "delta": 1.070139}}
{"target": -27.5280142013825, "params": {"I": 33.997119954701596}, "datetime": {"datetime": "2022-05-02 02:11:14", "elapsed": 34.589514, "delta": 1.069141}}
{"target": -27.528018636971105, "params": {"I": 33.997162134933085}, "datetime": {"datetime": "2022-05-02 02:11:15", "elapsed": 35.64569, "delta": 1.056176}}
{"target": -27.528018636971105, "params": {"I": 33.997162134933085}, "datetime": {"datetime": "2022-05-02 02:11:15", "elapsed": 35.646687, "delta": 1.057173}}
{"target": -27.527987226127696, "params": {"I": 33.99684658102789}, "datetime": {"datetime": "2022-05-02 02:11:16", "elapsed": 36.709844, "delta": 1.064154}}
{"target": -27.527987226127696, "params": {"I": 33.99684658102789}, "datetime": {"datetime": "2022-05-02 02:11:16", "elapsed": 36.709844, "delta": 1.063157}}
{"target": -27.527982576582495, "params": {"I": 33.99679605419782}, "datetime": {"datetime": "2022-05-02 02:11:18", "elapsed": 37.827855, "delta": 1.118011}}
{"target": -27.527982576582495, "params": {"I": 33.99679605419782}, "datetime": {"datetime": "2022-05-02 02:11:18", "elapsed": 37.827855, "delta": 1.118011}}
{"target": -27.52798188731938, "params": {"I": 33.99678846548483}, "datetime": {"datetime": "2022-05-02 02:11:19", "elapsed": 38.87705, "delta": 1.049195}}
{"target": -27.52798188731938, "params": {"I": 33.99678846548483}, "datetime": {"datetime": "2022-05-02 02:11:19", "elapsed": 38.87705, "delta": 1.049195}}
{"target": -27.5279821728627, "params": {"I": 33.996791612447694}, "datetime": {"datetime": "2022-05-02 02:11:20", "elapsed": 39.940207, "delta": 1.063157}}
{"target": -27.5279821728627, "params": {"I": 33.996791612447694}, "datetime": {"datetime": "2022-05-02 02:11:20", "elapsed": 39.941204, "delta": 1.064154}}
{"target": -27.527980451382376, "params": {"I": 33.996772571554295}, "datetime": {"datetime": "2022-05-02 02:11:21", "elapsed": 41.010346, "delta": 1.070139}}
{"target": -27.527980451382376, "params": {"I": 33.996772571554295}, "datetime": {"datetime": "2022-05-02 02:11:21", "elapsed": 41.010346, "delta": 1.069142}}
{"target": -27.527985713470027, "params": {"I": 33.99683026750868}, "datetime": {"datetime": "2022-05-02 02:11:22", "elapsed": 42.300895, "delta": 1.290549}}
{"target": -27.527985713470027, "params": {"I": 33.99683026750868}, "datetime": {"datetime": "2022-05-02 02:11:22", "elapsed": 42.300895, "delta": 1.290549}}
{"target": -27.527980874637798, "params": {"I": 33.9967772683919}, "datetime": {"datetime": "2022-05-02 02:11:23", "elapsed": 43.382004, "delta": 1.081109}}
{"target": -27.527980874637798, "params": {"I": 33.9967772683919}, "datetime": {"datetime": "2022-05-02 02:11:23", "elapsed": 43.382004, "delta": 1.081109}}
{"target": -27.527981395832107, "params": {"I": 33.996783038285116}, "datetime": {"datetime": "2022-05-02 02:11:24", "elapsed": 44.426212, "delta": 1.044208}}
{"target": -27.527981395832107, "params": {"I": 33.996783038285116}, "datetime": {"datetime": "2022-05-02 02:11:24", "elapsed": 44.426212, "delta": 1.044208}}
{"target": -27.527979368060723, "params": {"I": 33.9967605038814}, "datetime": {"datetime": "2022-05-02 02:11:25", "elapsed": 45.524276, "delta": 1.098064}}
{"target": -27.527979368060723, "params": {"I": 33.9967605038814}, "datetime": {"datetime": "2022-05-02 02:11:25", "elapsed": 45.525274, "delta": 1.099062}}
{"target": -27.5279811761083, "params": {"I": 33.996780607674395}, "datetime": {"datetime": "2022-05-02 02:11:26", "elapsed": 46.634311, "delta": 1.110035}}
{"target": -27.5279811761083, "params": {"I": 33.996780607674395}, "datetime": {"datetime": "2022-05-02 02:11:26", "elapsed": 46.635306, "delta": 1.110032}}
{"target": -27.527979678143794, "params": {"I": 33.99676396487229}, "datetime": {"datetime": "2022-05-02 02:11:27", "elapsed": 47.709434, "delta": 1.075123}}
{"target": -27.527979678143794, "params": {"I": 33.99676396487229}, "datetime": {"datetime": "2022-05-02 02:11:27", "elapsed": 47.709434, "delta": 1.074128}}
{"target": -27.527975491353747, "params": {"I": 33.996716760571736}, "datetime": {"datetime": "2022-05-02 02:11:29", "elapsed": 48.790543, "delta": 1.081109}}
{"target": -27.527975491353747, "params": {"I": 33.996716760571736}, "datetime": {"datetime": "2022-05-02 02:11:29", "elapsed": 48.790543, "delta": 1.081109}}
{"target": -27.527977391602768, "params": {"I": 33.99673831313532}, "datetime": {"datetime": "2022-05-02 02:11:30", "elapsed": 49.863673, "delta": 1.07313}}
{"target": -27.527977391602768, "params": {"I": 33.99673831313532}, "datetime": {"datetime": "2022-05-02 02:11:30", "elapsed": 49.864671, "delta": 1.074128}}
{"target": -27.52797493316543, "params": {"I": 33.996710388154334}, "datetime": {"datetime": "2022-05-02 02:11:31", "elapsed": 50.965727, "delta": 1.102054}}
{"target": -27.52797493316543, "params": {"I": 33.996710388154334}, "datetime": {"datetime": "2022-05-02 02:11:31", "elapsed": 50.965727, "delta": 1.101056}}
{"target": -27.527974994056137, "params": {"I": 33.99671108422451}, "datetime": {"datetime": "2022-05-02 02:11:32", "elapsed": 52.041849, "delta": 1.076122}}
{"target": -27.527974994056137, "params": {"I": 33.99671108422451}, "datetime": {"datetime": "2022-05-02 02:11:32", "elapsed": 52.042847, "delta": 1.07712}}
{"target": -27.52798189382549, "params": {"I": 33.9967885372387}, "datetime": {"datetime": "2022-05-02 02:11:33", "elapsed": 53.1449, "delta": 1.103051}}
{"target": -27.52798189382549, "params": {"I": 33.9967885372387}, "datetime": {"datetime": "2022-05-02 02:11:33", "elapsed": 53.1449, "delta": 1.102053}}
{"target": -27.527974249680504, "params": {"I": 33.99670255924408}, "datetime": {"datetime": "2022-05-02 02:11:34", "elapsed": 54.240969, "delta": 1.096069}}
{"target": -27.527974249680504, "params": {"I": 33.99670255924408}, "datetime": {"datetime": "2022-05-02 02:11:34", "elapsed": 54.240969, "delta": 1.096069}}
{"target": -27.527972866638148, "params": {"I": 33.996686628251645}, "datetime": {"datetime": "2022-05-02 02:11:35", "elapsed": 55.339034, "delta": 1.098065}}
{"target": -27.527972866638148, "params": {"I": 33.996686628251645}, "datetime": {"datetime": "2022-05-02 02:11:35", "elapsed": 55.339034, "delta": 1.098065}}
{"target": -27.52797271563945, "params": {"I": 33.99668488162033}, "datetime": {"datetime": "2022-05-02 02:11:36", "elapsed": 56.407177, "delta": 1.068143}}
{"target": -27.52797271563945, "params": {"I": 33.99668488162033}, "datetime": {"datetime": "2022-05-02 02:11:36", "elapsed": 56.407177, "delta": 1.068143}}
{"target": -27.527978855332844, "params": {"I": 33.996754768979976}, "datetime": {"datetime": "2022-05-02 02:11:37", "elapsed": 57.500255, "delta": 1.093078}}
{"target": -27.527978855332844, "params": {"I": 33.996754768979976}, "datetime": {"datetime": "2022-05-02 02:11:37", "elapsed": 57.500255, "delta": 1.093078}}
{"target": -27.527969678065016, "params": {"I": 33.9966494320778}, "datetime": {"datetime": "2022-05-02 02:11:38", "elapsed": 58.562415, "delta": 1.06216}}
{"target": -27.527969678065016, "params": {"I": 33.9966494320778}, "datetime": {"datetime": "2022-05-02 02:11:38", "elapsed": 58.563412, "delta": 1.063157}}
{"target": -27.52797096584773, "params": {"I": 33.996664534620585}, "datetime": {"datetime": "2022-05-02 02:11:39", "elapsed": 59.67843, "delta": 1.116015}}
{"target": -27.52797096584773, "params": {"I": 33.996664534620585}, "datetime": {"datetime": "2022-05-02 02:11:39", "elapsed": 59.679428, "delta": 1.116016}}
{"target": -27.527988023041274, "params": {"I": 33.996855128400895}, "datetime": {"datetime": "2022-05-02 02:11:40", "elapsed": 60.72962, "delta": 1.05119}}
{"target": -27.527988023041274, "params": {"I": 33.996855128400895}, "datetime": {"datetime": "2022-05-02 02:11:40", "elapsed": 60.730618, "delta": 1.05119}}
{"target": -27.527967212940183, "params": {"I": 33.99662021013164}, "datetime": {"datetime": "2022-05-02 02:11:42", "elapsed": 61.875556, "delta": 1.145936}}
{"target": -27.527967212940183, "params": {"I": 33.99662021013164}, "datetime": {"datetime": "2022-05-02 02:11:42", "elapsed": 61.875556, "delta": 1.144938}}
{"target": -27.527970119670254, "params": {"I": 33.99665462342374}, "datetime": {"datetime": "2022-05-02 02:11:43", "elapsed": 63.005535, "delta": 1.129979}}
{"target": -27.527970119670254, "params": {"I": 33.99665462342374}, "datetime": {"datetime": "2022-05-02 02:11:43", "elapsed": 63.005535, "delta": 1.129979}}
{"target": -27.527968293404996, "params": {"I": 33.99663306935841}, "datetime": {"datetime": "2022-05-02 02:11:44", "elapsed": 64.11058, "delta": 1.105045}}
{"target": -27.527968293404996, "params": {"I": 33.99663306935841}, "datetime": {"datetime": "2022-05-02 02:11:44", "elapsed": 64.11058, "delta": 1.105045}}
{"target": -27.527972465768105, "params": {"I": 33.99668198812074}, "datetime": {"datetime": "2022-05-02 02:11:45", "elapsed": 65.243551, "delta": 1.132971}}
{"target": -27.527972465768105, "params": {"I": 33.99668198812074}, "datetime": {"datetime": "2022-05-02 02:11:45", "elapsed": 65.244549, "delta": 1.133969}}
{"target": -27.527959366438346, "params": {"I": 33.99652427239577}, "datetime": {"datetime": "2022-05-02 02:11:46", "elapsed": 66.335631, "delta": 1.09208}}
{"target": -27.527959366438346, "params": {"I": 33.99652427239577}, "datetime": {"datetime": "2022-05-02 02:11:46", "elapsed": 66.335631, "delta": 1.091082}}
{"target": -27.527980675286763, "params": {"I": 33.99677505745947}, "datetime": {"datetime": "2022-05-02 02:11:47", "elapsed": 67.463614, "delta": 1.127983}}
{"target": -27.527980675286763, "params": {"I": 33.99677505745947}, "datetime": {"datetime": "2022-05-02 02:11:47", "elapsed": 67.463614, "delta": 1.127983}}
{"target": -27.527960902711275, "params": {"I": 33.996543425529296}, "datetime": {"datetime": "2022-05-02 02:11:48", "elapsed": 68.560681, "delta": 1.097067}}
{"target": -27.527960902711275, "params": {"I": 33.996543425529296}, "datetime": {"datetime": "2022-05-02 02:11:48", "elapsed": 68.561679, "delta": 1.098065}}
{"target": -27.527967139046265, "params": {"I": 33.996619327712565}, "datetime": {"datetime": "2022-05-02 02:11:49", "elapsed": 69.692654, "delta": 1.131973}}
{"target": -27.527967139046265, "params": {"I": 33.996619327712565}, "datetime": {"datetime": "2022-05-02 02:11:49", "elapsed": 69.693652, "delta": 1.131973}}
{"target": -27.527963643302062, "params": {"I": 33.99657713677899}, "datetime": {"datetime": "2022-05-02 02:11:51", "elapsed": 70.818644, "delta": 1.12599}}
{"target": -27.527963643302062, "params": {"I": 33.99657713677899}, "datetime": {"datetime": "2022-05-02 02:11:51", "elapsed": 70.818644, "delta": 1.124992}}
{"target": -27.527992744366507, "params": {"I": 33.996905122545314}, "datetime": {"datetime": "2022-05-02 02:11:52", "elapsed": 71.912718, "delta": 1.094074}}
{"target": -27.527992744366507, "params": {"I": 33.996905122545314}, "datetime": {"datetime": "2022-05-02 02:11:52", "elapsed": 71.912718, "delta": 1.094074}}
{"target": -27.52796235897721, "params": {"I": 33.99656141012767}, "datetime": {"datetime": "2022-05-02 02:11:53", "elapsed": 73.027737, "delta": 1.115019}}
