{"target": -27.52796235897721, "params": {"I": 33.99656141012767}, "datetime": {"datetime": "2022-05-02 02:11:53", "elapsed": 73.028735, "delta": 1.116017}}
{"target": -27.527964742125743, "params": {"I": 33.99659049422707}, "datetime": {"datetime": "2022-05-02 02:11:54", "elapsed": 74.12979, "delta": 1.102053}}
{"target": -27.527964742125743, "params": {"I": 33.99659049422707}, "datetime": {"datetime": "2022-05-02 02:11:54", "elapsed": 74.130788, "delta": 1.102053}}
{"target": -27.527964856947683, "params": {"I": 33.996591884895615}, "datetime": {"datetime": "2022-05-02 02:11:55", "elapsed": 75.248799, "delta": 1.119009}}
{"target": -27.527964856947683, "params": {"I": 33.996591884895615}, "datetime": {"datetime": "2022-05-02 02:11:55", "elapsed": 75.248799, "delta": 1.118011}}
{"target": -27.527964725637638, "params": {"I": 33.99659029445107}, "datetime": {"datetime": "2022-05-02 02:11:56", "elapsed": 76.409694, "delta": 1.160895}}
{"target": -27.527964725637638, "params": {"I": 33.99659029445107}, "datetime": {"datetime": "2022-05-02 02:11:56", "elapsed": 76.409694, "delta": 1.160895}}
{"target": -27.5279642263628, "params": {"I": 33.996584235637904}, "datetime": {"datetime": "2022-05-02 02:11:57", "elapsed": 77.712212, "delta": 1.302518}}
{"target": -27.5279642263628, "params": {"I": 33.996584235637904}, "datetime": {"datetime": "2022-05-02 02:11:57", "elapsed": 77.712212, "delta": 1.302518}}
{"target": -27.52796489792436, "params": {"I": 33.996592380953324}, "datetime": {"datetime": "2022-05-02 02:11:59", "elapsed": 78.818257, "delta": 1.106045}}
{"target": -27.52796489792436, "params": {"I": 33.996592380953324}, "datetime": {"datetime": "2022-05-02 02:11:59", "elapsed": 78.819253, "delta": 1.107041}}
{"target": -27.527962339194172, "params": {"I": 33.99656116690529}, "datetime": {"datetime": "2022-05-02 02:12:00", "elapsed": 79.912329, "delta": 1.094072}}
{"target": -27.527962339194172, "params": {"I": 33.99656116690529}, "datetime": {"datetime": "2022-05-02 02:12:00", "elapsed": 79.912329, "delta": 1.093076}}
{"target": -27.52796275001763, "params": {"I": 33.99656621164206}, "datetime": {"datetime": "2022-05-02 02:12:01", "elapsed": 81.004409, "delta": 1.09208}}
{"target": -27.52796275001763, "params": {"I": 33.99656621164206}, "datetime": {"datetime": "2022-05-02 02:12:01", "elapsed": 81.004409, "delta": 1.09208}}
{"target": -27.527970652498325, "params": {"I": 33.996660869897106}, "datetime": {"datetime": "2022-05-02 02:12:02", "elapsed": 82.147353, "delta": 1.142944}}
{"target": -27.527970652498325, "params": {"I": 33.996660869897106}, "datetime": {"datetime": "2022-05-02 02:12:02", "elapsed": 82.147353, "delta": 1.142944}}
{"target": -27.527964647450776, "params": {"I": 33.996589346843436}, "datetime": {"datetime": "2022-05-02 02:12:03", "elapsed": 83.24043, "delta": 1.093077}}
{"target": -27.527964647450776, "params": {"I": 33.996589346843436}, "datetime": {"datetime": "2022-05-02 02:12:03", "elapsed": 83.241429, "delta": 1.094076}}
{"target": -27.527963777758355, "params": {"I": 33.99657877604376}, "datetime": {"datetime": "2022-05-02 02:12:04", "elapsed": 84.366419, "delta": 1.125989}}
{"target": -27.527963777758355, "params": {"I": 33.99657877604376}, "datetime": {"datetime": "2022-05-02 02:12:04", "elapsed": 84.366419, "delta": 1.12499}}
{"target": -27.527963043448224, "params": {"I": 33.996569807007866}, "datetime": {"datetime": "2022-05-02 02:12:05", "elapsed": 85.456505, "delta": 1.090086}}
{"target": -27.527963043448224, "params": {"I": 33.996569807007866}, "datetime": {"datetime": "2022-05-02 02:12:05", "elapsed": 85.456505, "delta": 1.090086}}
{"target": -27.52795643817988, "params": {"I": 33.99648723189205}, "datetime": {"datetime": "2022-05-02 02:12:06", "elapsed": 86.555566, "delta": 1.099061}}
{"target": -27.52795643817988, "params": {"I": 33.99648723189205}, "datetime": {"datetime": "2022-05-02 02:12:06", "elapsed": 86.555566, "delta": 1.099061}}
{"target": -27.527930435096298, "params": {"I": 33.99611966286469}, "datetime": {"datetime": "2022-05-02 02:12:07", "elapsed": 87.66859, "delta": 1.113024}}
{"target": -27.527930435096298, "params": {"I": 33.99611966286469}, "datetime": {"datetime": "2022-05-02 02:12:07", "elapsed": 87.66859, "delta": 1.113024}}
{"target": -27.527960809749864, "params": {"I": 33.9965422718724}, "datetime": {"datetime": "2022-05-02 02:12:09", "elapsed": 88.79059, "delta": 1.122}}
{"target": -27.527960809749864, "params": {"I": 33.9965422718724}, "datetime": {"datetime": "2022-05-02 02:12:09", "elapsed": 88.791588, "delta": 1.122998}}
{"target": -27.52795320060262, "params": {"I": 33.99644542201338}, "datetime": {"datetime": "2022-05-02 02:12:10", "elapsed": 89.894638, "delta": 1.104048}}
{"target": -27.52795320060262, "params": {"I": 33.99644542201338}, "datetime": {"datetime": "2022-05-02 02:12:10", "elapsed": 89.894638, "delta": 1.10305}}
{"target": -27.527938178120504, "params": {"I": 33.996237667238255}, "datetime": {"datetime": "2022-05-02 02:12:11", "elapsed": 91.014643, "delta": 1.120005}}
{"target": -27.527938178120504, "params": {"I": 33.996237667238255}, "datetime": {"datetime": "2022-05-02 02:12:11", "elapsed": 91.015641, "delta": 1.121003}}
{"target": -27.527959567955513, "params": {"I": 33.99652679551128}, "datetime": {"datetime": "2022-05-02 02:12:12", "elapsed": 92.166564, "delta": 1.151921}}
{"target": -27.527959567955513, "params": {"I": 33.99652679551128}, "datetime": {"datetime": "2022-05-02 02:12:12", "elapsed": 92.167564, "delta": 1.151923}}
{"target": -27.52796372921276, "params": {"I": 33.996578184341104}, "datetime": {"datetime": "2022-05-02 02:12:13", "elapsed": 93.307513, "delta": 1.140949}}
{"target": -27.52796372921276, "params": {"I": 33.996578184341104}, "datetime": {"datetime": "2022-05-02 02:12:13", "elapsed": 93.30851, "delta": 1.140946}}
{"target": -27.527960111870144, "params": {"I": 33.99653358936924}, "datetime": {"datetime": "2022-05-02 02:12:14", "elapsed": 94.465416, "delta": 1.157903}}
{"target": -27.527960111870144, "params": {"I": 33.99653358936924}, "datetime": {"datetime": "2022-05-02 02:12:14", "elapsed": 94.465416, "delta": 1.156906}}
{"target": -27.527959688510723, "params": {"I": 33.996528303372244}, "datetime": {"datetime": "2022-05-02 02:12:15", "elapsed": 95.581432, "delta": 1.116016}}
{"target": -27.527959688510723, "params": {"I": 33.996528303372244}, "datetime": {"datetime": "2022-05-02 02:12:15", "elapsed": 95.58243, "delta": 1.117014}}
{"target": -27.527960862658333, "params": {"I": 33.99654292855334}, "datetime": {"datetime": "2022-05-02 02:12:16", "elapsed": 96.740334, "delta": 1.158902}}
{"target": -27.527960862658333, "params": {"I": 33.99654292855334}, "datetime": {"datetime": "2022-05-02 02:12:16", "elapsed": 96.741333, "delta": 1.158903}}
{"target": -27.52796523544926, "params": {"I": 33.996596462330544}, "datetime": {"datetime": "2022-05-02 02:12:18", "elapsed": 97.898238, "delta": 1.157904}}
{"target": -27.52796523544926, "params": {"I": 33.996596462330544}, "datetime": {"datetime": "2022-05-02 02:12:18", "elapsed": 97.898238, "delta": 1.156905}}
{"target": -27.527956835473415, "params": {"I": 33.996492299493184}, "datetime": {"datetime": "2022-05-02 02:12:19", "elapsed": 99.107007, "delta": 1.208769}}
{"target": -27.527956835473415, "params": {"I": 33.996492299493184}, "datetime": {"datetime": "2022-05-02 02:12:19", "elapsed": 99.107007, "delta": 1.208769}}
{"target": -27.52796073909557, "params": {"I": 33.99654139459401}, "datetime": {"datetime": "2022-05-02 02:12:20", "elapsed": 100.273886, "delta": 1.166879}}
{"target": -27.52796073909557, "params": {"I": 33.99654139459401}, "datetime": {"datetime": "2022-05-02 02:12:20", "elapsed": 100.274883, "delta": 1.167876}}
{"target": -27.527957196935734, "params": {"I": 33.996496898407166}, "datetime": {"datetime": "2022-05-02 02:12:21", "elapsed": 101.395886, "delta": 1.122}}
{"target": -27.527957196935734, "params": {"I": 33.996496898407166}, "datetime": {"datetime": "2022-05-02 02:12:21", "elapsed": 101.395886, "delta": 1.121003}}
{"target": -27.527935814922852, "params": {"I": 33.99620256303028}, "datetime": {"datetime": "2022-05-02 02:12:22", "elapsed": 102.590692, "delta": 1.194806}}
{"target": -27.527935814922852, "params": {"I": 33.99620256303028}, "datetime": {"datetime": "2022-05-02 02:12:22", "elapsed": 102.590692, "delta": 1.194806}}
{"target": -27.527954702723896, "params": {"I": 33.99646493574451}, "datetime": {"datetime": "2022-05-02 02:12:23", "elapsed": 103.771534, "delta": 1.180842}}
{"target": -27.527954702723896, "params": {"I": 33.99646493574451}, "datetime": {"datetime": "2022-05-02 02:12:23", "elapsed": 103.772532, "delta": 1.18184}}
{"target": -27.527957347464415, "params": {"I": 33.99649881034169}, "datetime": {"datetime": "2022-05-02 02:12:25", "elapsed": 104.95836, "delta": 1.186826}}
{"target": -27.527957347464415, "params": {"I": 33.99649881034169}, "datetime": {"datetime": "2022-05-02 02:12:25", "elapsed": 104.959358, "delta": 1.186826}}
{"target": -27.52795855426947, "params": {"I": 33.996514070157986}, "datetime": {"datetime": "2022-05-02 02:12:26", "elapsed": 106.09931, "delta": 1.14095}}
{"target": -27.52795855426947, "params": {"I": 33.996514070157986}, "datetime": {"datetime": "2022-05-02 02:12:26", "elapsed": 106.100307, "delta": 1.140949}}
{"target": -27.527957584588812, "params": {"I": 33.99650181830703}, "datetime": {"datetime": "2022-05-02 02:12:27", "elapsed": 107.238264, "delta": 1.138954}}
{"target": -27.527957584588812, "params": {"I": 33.99650181830703}, "datetime": {"datetime": "2022-05-02 02:12:27", "elapsed": 107.238264, "delta": 1.137957}}
{"target": -27.527966290190125, "params": {"I": 33.99660916338801}, "datetime": {"datetime": "2022-05-02 02:12:28", "elapsed": 108.374227, "delta": 1.135963}}
{"target": -27.527966290190125, "params": {"I": 33.99660916338801}, "datetime": {"datetime": "2022-05-02 02:12:28", "elapsed": 108.374227, "delta": 1.135963}}
{"target": -27.527950800305483, "params": {"I": 33.99641380892679}, "datetime": {"datetime": "2022-05-02 02:12:29", "elapsed": 109.568037, "delta": 1.19381}}
{"target": -27.527950800305483, "params": {"I": 33.99641380892679}, "datetime": {"datetime": "2022-05-02 02:12:29", "elapsed": 109.568037, "delta": 1.19381}}
{"target": -27.527956283182714, "params": {"I": 33.99648525119745}, "datetime": {"datetime": "2022-05-02 02:12:30", "elapsed": 110.729928, "delta": 1.161891}}
{"target": -27.527956283182714, "params": {"I": 33.99648525119745}, "datetime": {"datetime": "2022-05-02 02:12:30", "elapsed": 110.730926, "delta": 1.162889}}
{"target": -27.5279557536782, "params": {"I": 33.996478469105696}, "datetime": {"datetime": "2022-05-02 02:12:32", "elapsed": 111.909773, "delta": 1.179845}}
{"target": -27.5279557536782, "params": {"I": 33.996478469105696}, "datetime": {"datetime": "2022-05-02 02:12:32", "elapsed": 111.910771, "delta": 1.179845}}
{"target": -27.527972314358756, "params": {"I": 33.996680232864925}, "datetime": {"datetime": "2022-05-02 02:12:33", "elapsed": 113.026787, "delta": 1.117014}}
{"target": -27.527972314358756, "params": {"I": 33.996680232864925}, "datetime": {"datetime": "2022-05-02 02:12:33", "elapsed": 113.026787, "delta": 1.116016}}
{"target": -27.527954779406922, "params": {"I": 33.996465926495425}, "datetime": {"datetime": "2022-05-02 02:12:34", "elapsed": 114.231565, "delta": 1.204778}}
{"target": -27.527954779406922, "params": {"I": 33.996465926495425}, "datetime": {"datetime": "2022-05-02 02:12:34", "elapsed": 114.232563, "delta": 1.205776}}
{"target": -27.527956376590723, "params": {"I": 33.9964864450962}, "datetime": {"datetime": "2022-05-02 02:12:35", "elapsed": 115.381491, "delta": 1.149926}}
{"target": -27.527956376590723, "params": {"I": 33.9964864450962}, "datetime": {"datetime": "2022-05-02 02:12:35", "elapsed": 115.381491, "delta": 1.148928}}
{"target": -27.52795468082001, "params": {"I": 33.996464652649436}, "datetime": {"datetime": "2022-05-02 02:12:36", "elapsed": 116.555352, "delta": 1.173861}}
{"target": -27.52795468082001, "params": {"I": 33.996464652649436}, "datetime": {"datetime": "2022-05-02 02:12:36", "elapsed": 116.555352, "delta": 1.173861}}
{"target": -27.527948688836045, "params": {"I": 33.996385541862836}, "datetime": {"datetime": "2022-05-02 02:12:37", "elapsed": 117.729213, "delta": 1.173861}}
{"target": -27.527948688836045, "params": {"I": 33.996385541862836}, "datetime": {"datetime": "2022-05-02 02:12:37", "elapsed": 117.729213, "delta": 1.173861}}
{"target": -27.527954603570883, "params": {"I": 33.996463653906574}, "datetime": {"datetime": "2022-05-02 02:12:39", "elapsed": 118.901081, "delta": 1.171868}}
{"target": -27.527954603570883, "params": {"I": 33.996463653906574}, "datetime": {"datetime": "2022-05-02 02:12:39", "elapsed": 118.902077, "delta": 1.172864}}
