{"target": 2.976810452863689, "params": {"Bgrad": 1.6010735048792262, "d1": -3.0, "d2": -0.6638358775904866, "d3": 0.3710531360402342, "d4": -0.007498785920886102, "p1": 45.46618321458115, "p2": 42.546556458386085, "p3": 49.16881510580383, "p4": 32.2256807779058, "pol1": -0.5717888792175443, "pol2": 0.5337622923148657, "pol3": 0.4065075260944073, "pol4": 0.8098143093278893, "v0s": 2.976810452863689}, "datetime": {"datetime": "2022-04-30 14:59:39", "elapsed": 170891.805372, "delta": 41.284613}}
{"target": 4.254639056433838, "params": {"Bgrad": 1.9983178252205716, "d1": -1.999066185968633, "d2": 0.4314003588883013, "d3": -2.6097954723926584, "d4": -2.32915769584991, "p1": 4.037220357038213, "p2": 46.635260411690375, "p3": 48.46913306478903, "p4": 34.84027100832916, "pol1": -0.04670738088755799, "pol2": 0.20207627955345964, "pol3": 0.0686601609988251, "pol4": -0.16700054046475477, "v0s": 4.254639056433838}, "datetime": {"datetime": "2022-04-30 15:00:30", "elapsed": 170942.547696, "delta": 50.742324}}
{"target": 4.4312573615548025, "params": {"Bgrad": 1.2406339381935043, "d1": -0.7769901271238021, "d2": 0.1646330114583122, "d3": -2.7765388162756537, "d4": -2.5293999846976964, "p1": 42.41268484587941, "p2": 24.541229414473907, "p3": 21.710947538694665, "p4": 4.689054771511739, "pol1": -0.3599615964957582, "pol2": 0.78106780042242, "pol3": -0.9132646268293448, "pol4": 0.00678233964579045, "v0s": 4.4312573615548025}, "datetime": {"datetime": "2022-04-30 15:01:20", "elapsed": 170992.701594, "delta": 50.153898}}
{"target": -1.0, "params": {"Bgrad": 0.6233184060724009, "d1": -0.9297606359477641, "d2": 0.28050960484389886, "d3": -1.7352160400672183, "d4": -2.0573276901179027, "p1": 41.84841196459275, "p2": 23.61754516391064, "p3": 40.42534299151882, "p4": 49.07768288830641, "pol1": -0.9242176042686978, "pol2": 0.3113202547605558, "pol3": 0.3120725940138611, "pol4": -0.34590377548632323, "v0s": 2.5426185537393438}, "datetime": {"datetime": "2022-04-30 15:01:54", "elapsed": 171027.05873, "delta": 34.357136}}
{"target": -1.0, "params": {"Bgrad": 1.3634758191562495, "d1": 0.2656433259759585, "d2": 0.5000479606394013, "d3": -0.06507889182709103, "d4": -0.7128495813520606, "p1": 26.64746891845773, "p2": 6.444092092718757, "p3": 33.182571951884086, "p4": 28.39633322020676, "pol1": -0.16920359432245835, "pol2": 0.3601348634576862, "pol3": 0.8983681971337261, "pol4": -0.06041902884957273, "v0s": 3.9132485114569566}, "datetime": {"datetime": "2022-04-30 15:02:41", "elapsed": 171074.281464, "delta": 47.222734}}
{"target": -1.0, "params": {"Bgrad": 1.1975211037901543, "d1": -1.0549041424377048, "d2": -1.419723548428034, "d3": -2.834147338343183, "d4": -0.8673667620591572, "p1": 8.070256078290555, "p2": 34.414921765538935, "p3": 35.42844044338511, "p4": 35.43081824650581, "pol1": -0.16867766878397017, "pol2": 0.19654989178539295, "pol3": -0.30641414527874944, "pol4": 0.6765423435199711, "v0s": 4.003340939940282}, "datetime": {"datetime": "2022-04-30 15:03:21", "elapsed": 171114.222669, "delta": 39.941205}}
{"target": -1.0, "params": {"Bgrad": 0.9145689209410655, "d1": -1.416131269099857, "d2": -0.5852521926065557, "d3": -1.947617456534287, "d4": -1.6757907185842575, "p1": 22.678903030007802, "p2": 24.580083611803218, "p3": 6.963543910480974, "p4": 32.907446801352776, "pol1": -0.4951877596873324, "pol2": 0.04098755385197439, "pol3": 0.7761710546881182, "pol4": -0.974543387604331, "v0s": 4.312295565893561}, "datetime": {"datetime": "2022-04-30 15:04:03", "elapsed": 171155.59006, "delta": 41.367391}}
{"target": -1.0, "params": {"Bgrad": 1.3871962666796513, "d1": 0.6128676334145786, "d2": -2.2956919528071884, "d3": -1.0387758999459131, "d4": -2.577293321308253, "p1": 26.158418671521922, "p2": 10.354902187967463, "p3": 8.121123754482928, "p4": 47.11258216397036, "pol1": -0.9968162913861736, "pol2": 0.05926649360136871, "pol3": 0.6627384048145009, "pol4": 0.4946836135675494, "v0s": 2.701327507912241}, "datetime": {"datetime": "2022-04-30 15:05:10", "elapsed": 171223.212251, "delta": 67.622191}}
{"target": -1.0, "params": {"Bgrad": 1.423524260285164, "d1": -2.625763027620265, "d2": 0.5315857276408456, "d3": -0.5592975375210818, "d4": 0.794409871680974, "p1": 1.0400366542840767, "p2": 7.682279246400636, "p3": 21.18043009745461, "p4": 20.722892576018197, "pol1": 0.34503945216932186, "pol2": 0.9251470028439659, "pol3": 0.3414572013828636, "pol4": 0.0896436318782432, "v0s": 5.164482037533981}, "datetime": {"datetime": "2022-04-30 15:05:58", "elapsed": 171271.127135, "delta": 47.914884}}
{"target": -1.0, "params": {"Bgrad": 1.5871332600720782, "d1": -1.5558211827878692, "d2": 0.9913118223983513, "d3": -0.6948842672470392, "d4": -1.283746043713903, "p1": 34.69630840209997, "p2": 12.776584739103198, "p3": 4.65222400741061, "p4": 17.504646135463037, "pol1": -0.15723044506970396, "pol2": -0.9063808243482947, "pol3": 0.07184882531569436, "pol4": -0.04418097142050503, "v0s": 6.895286102891301}, "datetime": {"datetime": "2022-04-30 15:07:14", "elapsed": 171346.642221, "delta": 75.515086}}
{"target": 4.745875963368285, "params": {"Bgrad": 1.2925561506043883, "d1": -1.9517044684793812, "d2": 0.20800836039953355, "d3": -1.1816994151014795, "d4": -1.7924338628166698, "p1": 0.39864078251375173, "p2": 15.911285436990866, "p3": 13.125844548084308, "p4": 5.153728830426718, "pol1": 0.8154716322451638, "pol2": -0.22745100860991213, "pol3": 0.5970946894459761, "pol4": -0.7702436644414097, "v0s": 4.745875963368285}, "datetime": {"datetime": "2022-04-30 15:08:20", "elapsed": 171413.332903, "delta": 66.690682}}
{"target": -1.0, "params": {"Bgrad": 1.903428459482132, "d1": -2.621191928927902, "d2": -0.35627763392751266, "d3": 0.0418714063273935, "d4": 0.5697912166934862, "p1": 4.219230585684292, "p2": 10.708340512481296, "p3": 22.270386192723258, "p4": 19.254195234207423, "pol1": -0.7729501878233931, "pol2": -0.10749361147639447, "pol3": -0.10481213425608571, "pol4": -0.8688017210210728, "v0s": 4.621455271835169}, "datetime": {"datetime": "2022-04-30 15:09:05", "elapsed": 171457.866827, "delta": 44.533924}}
{"target": 3.3054759881025837, "params": {"Bgrad": 1.6397418695195864, "d1": -1.2006392676436355, "d2": 0.42721286048303275, "d3": 0.04203895822403059, "d4": -0.20573599728245817, "p1": 0.22791847340806193, "p2": 33.90030060419609, "p3": 15.586878028110307, "p4": 9.956753404529305, "pol1": 0.7403240042845887, "pol2": 0.6482778785736465, "pol3": -0.23613421690069192, "pol4": 0.8912459895477662, "v0s": 3.3054759881025837}, "datetime": {"datetime": "2022-04-30 15:09:43", "elapsed": 171495.789429, "delta": 37.922602}}
{"target": 2.6289888670920476, "params": {"Bgrad": 1.44473984679358, "d1": -1.3498200520533095, "d2": 0.5591557925936885, "d3": -1.7687835793495559, "d4": -2.0562793175592473, "p1": 44.81400525951865, "p2": 1.9133868774551703, "p3": 47.323920489506015, "p4": 27.72194502400256, "pol1": -0.5681685754594955, "pol2": 1.0, "pol3": -1.0, "pol4": 0.22316172673194004, "v0s": 2.6289888670920476}, "datetime": {"datetime": "2022-04-30 15:10:23", "elapsed": 171535.654836, "delta": 39.865407}}
{"target": -1.0, "params": {"Bgrad": 1.2253627726879983, "d1": -1.3789422590179528, "d2": 0.37628322678934323, "d3": -1.397883787405107, "d4": 0.7724338162668167, "p1": 23.460695475971672, "p2": 25.02482921842107, "p3": 9.054673623770304, "p4": 33.16866552620391, "pol1": -0.5079787477795497, "pol2": -0.3897399727921913, "pol3": -0.3307970084432421, "pol4": -0.8801318886099012, "v0s": 3.0672377560431894}, "datetime": {"datetime": "2022-04-30 15:12:42", "elapsed": 171675.092007, "delta": 139.437171}}
{"target": 5.68111216319676, "params": {"Bgrad": 2.0, "d1": -2.3217965521029056, "d2": -0.028635689813641563, "d3": -0.520947149199306, "d4": 0.8437458538846236, "p1": 13.139567456390195, "p2": 37.431964683116334, "p3": 19.075772671388815, "p4": 5.448836936725941, "pol1": -1.0, "pol2": -0.0041648869938363045, "pol3": 0.8091495477787525, "pol4": -0.3654752713179997, "v0s": 5.68111216319676}, "datetime": {"datetime": "2022-04-30 15:13:28", "elapsed": 171720.834699, "delta": 45.742692}}
{"target": 4.171391500516604, "params": {"Bgrad": 0.5533190664218606, "d1": -1.498375201126347, "d2": 0.34130745272887175, "d3": -1.219677250577547, "d4": -1.5488641544826733, "p1": 29.711723664116303, "p2": 44.588759589475266, "p3": 26.352843817050875, "p4": 23.764657081787398, "pol1": -0.7367546857884082, "pol2": -0.5159958705505783, "pol3": -0.2415754894456814, "pol4": 0.540552877075519, "v0s": 4.171391500516604}, "datetime": {"datetime": "2022-04-30 15:15:22", "elapsed": 171834.732158, "delta": 113.897459}}
{"target": -1.0, "params": {"Bgrad": 0.9160902742725021, "d1": -1.7063146402831149, "d2": 0.8363195510883887, "d3": -1.6083582996091788, "d4": 0.3160937758515012, "p1": 42.14322018892371, "p2": 45.59727303733815, "p3": 32.166615010742866, "p4": 15.684713848130949, "pol1": -0.1612561292162933, "pol2": 0.47359433055822553, "pol3": -0.9199766399513094, "pol4": -0.2593096189731898, "v0s": 2.9982416275721704}, "datetime": {"datetime": "2022-04-30 15:16:42", "elapsed": 171914.74422, "delta": 80.012062}}
{"target": 3.7735158984584403, "params": {"Bgrad": 1.7525447235620741, "d1": 0.21235264016199062, "d2": -0.20827359717298366, "d3": -2.4187556024043126, "d4": -2.2414911776179696, "p1": 7.03991451572224, "p2": 34.67364652309775, "p3": 33.45262213217909, "p4": 6.864563953113306, "pol1": -0.32876884428279096, "pol2": -0.513494990121923, "pol3": 0.774235183420116, "pol4": 0.582123757962298, "v0s": 3.7735158984584403}, "datetime": {"datetime": "2022-04-30 15:17:57", "elapsed": 171989.861371, "delta": 75.117151}}
{"target": -1.0, "params": {"Bgrad": 1.8401183401894086, "d1": 0.49321535868673516, "d2": -0.7311790389420194, "d3": -1.544873888304727, "d4": -1.2289883037267213, "p1": 46.31279757957379, "p2": 45.78280686247274, "p3": 43.35899922647859, "p4": 46.47989381599933, "pol1": -0.5716065538713788, "pol2": -0.3583088279237663, "pol3": -0.5351101118156874, "pol4": 0.24010160343670184, "v0s": 2.0237210814703745}, "datetime": {"datetime": "2022-04-30 15:19:12", "elapsed": 172065.171007, "delta": 75.309636}}
{"target": 3.1273823268723016, "params": {"Bgrad": 1.5710065762129468, "d1": -1.5503554219492783, "d2": 0.9380565844190594, "d3": -0.8226194604193173, "d4": 0.07932738628551572, "p1": 12.672412768258573, "p2": 20.36249629956034, "p3": 36.87929404474651, "p4": 33.66144055229961, "pol1": -0.587152066667858, "pol2": 0.6318819168703356, "pol3": -0.9945556212405573, "pol4": -0.08267636691890035, "v0s": 3.1273823268723016}, "datetime": {"datetime": "2022-04-30 15:20:03", "elapsed": 172116.412995, "delta": 51.241988}}
{"target": 4.234664521807856, "params": {"Bgrad": 1.642474192075772, "d1": -1.81975383405651, "d2": 0.9402574206325389, "d3": -2.0058389045178164, "d4": -0.40839677967509347, "p1": 41.92613708593948, "p2": 44.2461260106363, "p3": 32.19677943198285, "p4": 14.18782626908617, "pol1": 0.5359942417110815, "pol2": -0.00032161412737220356, "pol3": 0.2567283194305591, "pol4": -0.2677575678271193, "v0s": 4.234664521807856}, "datetime": {"datetime": "2022-04-30 15:20:55", "elapsed": 172168.287292, "delta": 51.874297}}
{"target": -1.0, "params": {"Bgrad": 1.6233315806954514, "d1": 0.13109943234744126, "d2": 0.5051340396576127, "d3": -0.33599816026803797, "d4": 0.38750930031729025, "p1": 7.802561851706757, "p2": 13.720185262819918, "p3": 33.15729485355992, "p4": 2.646051097241764, "pol1": -0.3836258428520274, "pol2": 0.006691219468751619, "pol3": -0.9943965418794576, "pol4": 0.9618045002829985, "v0s": 2.2625238194762414}, "datetime": {"datetime": "2022-04-30 15:22:20", "elapsed": 172253.336885, "delta": 85.049593}}
{"target": -1.0, "params": {"Bgrad": 0.9693218139781025, "d1": -2.54924062564798, "d2": 0.35754814829263015, "d3": -1.6941440712608253, "d4": -2.944988365560382, "p1": 40.629945566626255, "p2": 42.2910502911257, "p3": 30.895949146414488, "p4": 15.741946482265433, "pol1": -0.694228079622019, "pol2": -0.6421150241181872, "pol3": -0.7535200537014795, "pol4": 0.6129524667254198, "v0s": 4.431022016507104}, "datetime": {"datetime": "2022-04-30 15:23:00", "elapsed": 172292.688666, "delta": 39.351781}}
{"target": 4.216686357681292, "params": {"Bgrad": 0.9617182241004182, "d1": -0.7162531439222919, "d2": 0.6742366229441917, "d3": -1.5588071541412438, "d4": -0.4098649359091043, "p1": 23.624786969232307, "p2": 24.639653040147245, "p3": 14.245782047429376, "p4": 37.18715698532043, "pol1": -0.49596753491943546, "pol2": 0.6112360650957879, "pol3": 0.6664305773490583, "pol4": 0.19548604510317666, "v0s": 4.216686357681292}, "datetime": {"datetime": "2022-04-30 15:23:39", "elapsed": 172331.940713, "delta": 39.252047}}
{"target": 5.762744825686952, "params": {"Bgrad": 2.0, "d1": -2.157034954148197, "d2": 0.5853732798224937, "d3": -0.44753669253103523, "d4": -0.3962684354229772, "p1": 13.499435542113076, "p2": 38.77961642462709, "p3": 19.32178337163474, "p4": 5.17178975738009, "pol1": -0.6545476220934638, "pol2": -0.4051637298651229, "pol3": 0.18961003291386727, "pol4": -0.48980236421708573, "v0s": 5.762744825686952}, "datetime": {"datetime": "2022-04-30 15:24:43", "elapsed": 172395.637399, "delta": 63.696686}}
{"target": 3.433294436560964, "params": {"Bgrad": 1.8024532841965502, "d1": 1.0, "d2": -0.34868731147023396, "d3": -2.3486687919150464, "d4": -2.1982819387280887, "p1": 49.29852839134821, "p2": 17.818925429474145, "p3": 25.643759247804525, "p4": 14.730345033619223, "pol1": -0.3323762051861102, "pol2": 0.7007157214175049, "pol3": -0.7109489164549366, "pol4": 0.158924605782049, "v0s": 3.433294436560964}, "datetime": {"datetime": "2022-04-30 15:25:46", "elapsed": 172459.443793, "delta": 63.806394}}
{"target": -1.0, "params": {"Bgrad": 1.278699463983977, "d1": -0.5889579725709256, "d2": -1.8215109718619467, "d3": -0.3697537741805618, "d4": -2.3259126421136793, "p1": 39.12861703474304, "p2": 16.393027387787082, "p3": 23.74925029335394, "p4": 19.583507611652585, "pol1": -0.35407883836463244, "pol2": 0.9830253371610953, "pol3": 0.6475792649314233, "pol4": -0.2632304389777822, "v0s": 3.356979710352866}, "datetime": {"datetime": "2022-04-30 15:28:15", "elapsed": 172608.096323, "delta": 148.65253}}
{"target": -1.0, "params": {"Bgrad": 1.7034252098142422, "d1": -1.9030125488035514, "d2": -1.685249677852013, "d3": -2.1118563105921555, "d4": 0.20242929162418388, "p1": 26.38029021343445, "p2": 27.16606465529247, "p3": 24.460700238323785, "p4": 4.4641660400503325, "pol1": 0.5031040429641058, "pol2": -0.6005021569771232, "pol3": -0.39451446155576786, "pol4": -0.6001093431404079, "v0s": 4.2128247510526435}, "datetime": {"datetime": "2022-04-30 15:29:42", "elapsed": 172694.680813, "delta": 86.58449}}
{"target": 3.355336262106507, "params": {"Bgrad": 1.1056851026412955, "d1": -1.8299176011120968, "d2": -0.16100951904434258, "d3": -2.5792932645367275, "d4": -2.8574324739326173, "p1": 15.944305837217142, "p2": 41.70964092672348, "p3": 1.9297209529401698, "p4": 10.156596007735525, "pol1": -0.010201675894751827, "pol2": 0.36383865710003976, "pol3": -0.6619750648084789, "pol4": -0.14918774669891435, "v0s": 3.355336262106507}, "datetime": {"datetime": "2022-04-30 15:31:09", "elapsed": 172781.600405, "delta": 86.919592}}
{"target": 4.128089277249402, "params": {"Bgrad": 1.5746674094236104, "d1": -2.8620479379864077, "d2": 1.0, "d3": -0.15443514195416844, "d4": -0.7284228903393484, "p1": 41.783167644850366, "p2": 23.066338269810636, "p3": 23.842652341903925, "p4": 4.111232057919989, "pol1": -0.3614971520876433, "pol2": -0.33836687466681603, "pol3": -0.9888287509768943, "pol4": 0.6561348840783485, "v0s": 4.128089277249402}, "datetime": {"datetime": "2022-04-30 15:31:52", "elapsed": 172824.685204, "delta": 43.084799}}
{"target": 4.968005398855506, "params": {"Bgrad": 1.1882968502603106, "d1": -2.193377523463544, "d2": 0.06385375077284802, "d3": -0.48798448407380995, "d4": -0.3191959981944368, "p1": 3.2152787068843716, "p2": 8.197667660030602, "p3": 22.47580932377956, "p4": 17.457564678066706, "pol1": -0.43345100969246636, "pol2": -0.060949164960104114, "pol3": 0.1477624019606669, "pol4": -0.5707041006614499, "v0s": 4.968005398855506}, "datetime": {"datetime": "2022-04-30 15:34:32", "elapsed": 172985.19503, "delta": 160.509826}}
{"target": 4.645489577332229, "params": {"Bgrad": 1.4909750130936006, "d1": -2.344557384391936, "d2": 0.21314919383815675, "d3": -1.9591628453047847, "d4": -1.3007903628346524, "p1": 39.47228536644346, "p2": 24.104935304959152, "p3": 42.9901649112739, "p4": 49.10834107257997, "pol1": -0.5842088541830165, "pol2": -0.209726277197437, "pol3": -0.4289882685645678, "pol4": 0.5298290006019927, "v0s": 4.645489577332229}, "datetime": {"datetime": "2022-04-30 15:35:43", "elapsed": 173055.688543, "delta": 70.493513}}
{"target": -1.0, "params": {"Bgrad": 0.8120053030945934, "d1": -0.2102163831652346, "d2": -1.8990477649806277, "d3": -2.2852680876883795, "d4": -0.837055717628072, "p1": 39.202119351139494, "p2": 24.280934386361043, "p3": 44.12444050541061, "p4": 49.49153230234739, "pol1": -0.018658164222356666, "pol2": 0.18707710504305086, "pol3": 0.6829795548929298, "pol4": 0.04454863009285637, "v0s": 3.4840834557228693}, "datetime": {"datetime": "2022-04-30 15:36:46", "elapsed": 173119.243608, "delta": 63.555065}}
{"target": 4.709897441016548, "params": {"Bgrad": 1.234855265502535, "d1": -0.9589789607420901, "d2": 0.48177013084805304, "d3": -0.5322663176545886, "d4": -2.9132796967935235, "p1": 39.294139567505134, "p2": 40.57224535214473, "p3": 31.58819281534181, "p4": 37.47169514270937, "pol1": -0.105006938477327, "pol2": 0.7844766793501544, "pol3": 0.14601938534648762, "pol4": 0.4858372247828483, "v0s": 4.709897441016548}, "datetime": {"datetime": "2022-04-30 15:37:24", "elapsed": 173157.362685, "delta": 38.119077}}
{"target": -1.0, "params": {"Bgrad": 0.8160485721794101, "d1": -2.527931413217286, "d2": 0.19029160975550186, "d3": 0.9166165186891733, "d4": -1.1707587306957836, "p1": 3.7393691749024405, "p2": 14.20242448530455, "p3": 35.315405894367075, "p4": 2.839948400905301, "pol1": 0.32721321180481366, "pol2": 0.5509696742091628, "pol3": 0.006544083293094527, "pol4": 0.6067160124214563, "v0s": 4.376350907827521}, "datetime": {"datetime": "2022-04-30 15:38:10", "elapsed": 173203.254978, "delta": 45.892293}}
{"target": -1.0, "params": {"Bgrad": 0.7831987498006705, "d1": -1.9602716626407712, "d2": -1.3066681515193306, "d3": -0.2990291666488494, "d4": -0.3304168321235861, "p1": 10.138758468757297, "p2": 38.18643710482384, "p3": 33.09656491915886, "p4": 9.250384946499329, "pol1": -0.6237707775970538, "pol2": 0.27394201865198076, "pol3": -0.2037003012950509, "pol4": -0.3188886340931474, "v0s": 3.8907958748225777}, "datetime": {"datetime": "2022-04-30 15:38:50", "elapsed": 173243.092459, "delta": 39.837481}}
{"target": 5.173594134748951, "params": {"Bgrad": 1.4726474058278134, "d1": -2.14213182075021, "d2": -0.751749598234414, "d3": -0.4310340120663217, "d4": -2.518763848003412, "p1": 27.587183737657284, "p2": 10.878775334922674, "p3": 38.26463980716975, "p4": 36.15837220308681, "pol1": -0.5945477407965213, "pol2": 1.0, "pol3": -0.9879282345922156, "pol4": 0.8231527804282948, "v0s": 5.173594134748951}, "datetime": {"datetime": "2022-04-30 15:40:31", "elapsed": 173344.205102, "delta": 101.112643}}
{"target": 3.0073886604462006, "params": {"Bgrad": 1.0297334090039687, "d1": -1.830059979344477, "d2": -0.13604048358952392, "d3": -2.919909850270247, "d4": -0.5824225672073413, "p1": 49.51070708050354, "p2": 22.517244332574837, "p3": 18.843402997536028, "p4": 4.821257609448088, "pol1": -0.3688792118059485, "pol2": 0.6730855734134367, "pol3": 0.4194863791998431, "pol4": 0.6977792498937261, "v0s": 3.0073886604462006}, "datetime": {"datetime": "2022-04-30 15:41:47", "elapsed": 173420.387405, "delta": 76.182303}}
{"target": -1.0, "params": {"Bgrad": 0.9983560383715651, "d1": -1.9834094475235773, "d2": 0.21019443158138518, "d3": 0.19692915842652636, "d4": -0.004015299693290281, "p1": 48.403234275263955, "p2": 2.914868283998745, "p3": 21.17779885573998, "p4": 17.782139372544435, "pol1": -0.14065577124411735, "pol2": 0.32580096132963593, "pol3": 0.6654871255281193, "pol4": 0.23053808061785316, "v0s": 2.141728748952661}, "datetime": {"datetime": "2022-04-30 15:43:11", "elapsed": 173504.225238, "delta": 83.837833}}
{"target": 4.477767241877096, "params": {"Bgrad": 1.7282503824901987, "d1": -0.9043605338355762, "d2": 0.5520582006862549, "d3": -0.6067916329078282, "d4": -1.764815878238982, "p1": 32.166991416249694, "p2": 6.9487910059606754, "p3": 5.685833140320246, "p4": 25.665705931005593, "pol1": -0.3643160411429285, "pol2": 0.932857207971006, "pol3": 0.5161058089803887, "pol4": 0.18972909881319233, "v0s": 4.477767241877096}, "datetime": {"datetime": "2022-04-30 15:43:51", "elapsed": 173544.288117, "delta": 40.062879}}
{"target": -1.0, "params": {"Bgrad": 0.8847857678880648, "d1": -0.13645036487726703, "d2": -0.4432689411987871, "d3": 0.1697525395568964, "d4": 0.5890470968954435, "p1": 3.6564432413556003, "p2": 8.08313668627515, "p3": 21.94562537628094, "p4": 15.881646054218074, "pol1": 0.19595685833954812, "pol2": -0.3395834465410237, "pol3": -0.21635953161927057, "pol4": -0.543711717615166, "v0s": 4.450430445516053}, "datetime": {"datetime": "2022-04-30 15:44:31", "elapsed": 173584.465689, "delta": 40.177572}}
{"target": -1.0, "params": {"Bgrad": 1.4329224618515626, "d1": -2.55144343746136, "d2": -0.8359059605976014, "d3": -1.9205926312382964, "d4": -2.733004949208239, "p1": 2.531292175529243, "p2": 28.44646571661462, "p3": 25.002182401523893, "p4": 23.350595146854776, "pol1": 0.09889660914913256, "pol2": -0.4151151516879914, "pol3": 0.7992710918447272, "pol4": 0.6805668010311388, "v0s": 4.9040173332589285}, "datetime": {"datetime": "2022-04-30 15:45:32", "elapsed": 173645.311997, "delta": 60.846308}}
