{"target": -1.0, "params": {"Bgrad": 0.6356691507481262, "d1": -1.7816860592488113, "d2": 0.8493454191859926, "d3": 0.9513846805551927, "d4": 0.8104696567602652, "p1": 13.016960151435425, "p2": 44.385085308212105, "p3": 9.866425951037805, "p4": 33.04536540338655, "pol1": 0.0015315921199299254, "pol2": -0.925510113732321, "pol3": -0.4372868216038315, "pol4": 0.27018495222533745, "v0s": 2.9965305784328535}, "datetime": {"datetime": "2022-04-28 18:11:05", "elapsed": 9578.208361, "delta": 7.16185}}
{"target": -1.0, "params": {"Bgrad": 1.5255380750700276, "d1": -0.8311646395802139, "d2": -0.5345655526604327, "d3": -1.7450613433345517, "d4": -0.575717188031744, "p1": 43.74815828374905, "p2": 21.30633536987492, "p3": 27.701882009109763, "p4": 30.192717527728856, "pol1": -0.9640620443583849, "pol2": -0.9258925370305306, "pol3": 0.36469805520759246, "pol4": -0.14520125919542726, "v0s": 4.323626185783889}, "datetime": {"datetime": "2022-04-28 18:11:22", "elapsed": 9594.796009, "delta": 16.587648}}
{"target": -1.0, "params": {"Bgrad": 1.580278970941969, "d1": -1.573890515605219, "d2": 0.23356943893236037, "d3": -1.2194230780883983, "d4": 0.12803268523476508, "p1": 4.87636065184553, "p2": 15.919604371686718, "p3": 41.74304118735024, "p4": 18.39731630477838, "pol1": 0.24298652422724176, "pol2": -0.5830408456836997, "pol3": 0.08713128417495164, "pol4": -0.718264897014516, "v0s": 3.2941823747221806}, "datetime": {"datetime": "2022-04-28 18:11:37", "elapsed": 9610.368371, "delta": 15.572362}}
{"target": -1.0, "params": {"Bgrad": 1.753261839135725, "d1": -0.5319744200449152, "d2": -1.2090391527937316, "d3": -2.5679048048953836, "d4": 0.8624695015652741, "p1": 43.29174161656651, "p2": 22.830470459924644, "p3": 41.28135428391854, "p4": 8.146264219455752, "pol1": -0.6719694209599216, "pol2": 0.2896946034244121, "pol3": 0.4969916625906414, "pol4": -0.7654848000422934, "v0s": 7.686359527648317}, "datetime": {"datetime": "2022-04-28 18:11:51", "elapsed": 9624.414813, "delta": 14.046442}}
{"target": 3.01572961190831, "params": {"Bgrad": 1.7747835668786203, "d1": -1.2027179903575353, "d2": 0.09201914759572594, "d3": -1.0841230791218228, "d4": 0.07998343776835748, "p1": 23.349895035865913, "p2": 28.93631572925756, "p3": 24.847304402920635, "p4": 4.492141664160054, "pol1": -0.07007441510819401, "pol2": 0.38559271688296937, "pol3": -0.7641712589586647, "pol4": -0.8986686655173617, "v0s": 3.01572961190831}, "datetime": {"datetime": "2022-04-28 18:12:00", "elapsed": 9633.205309, "delta": 8.790496}}
{"target": -1.0, "params": {"Bgrad": 1.602388575868685, "d1": -2.5966324114501496, "d2": -1.778164509727755, "d3": -1.984463209219737, "d4": 0.29797502905624995, "p1": 22.897156893221048, "p2": 36.69990079555441, "p3": 10.401194360031846, "p4": 2.6105976525237216, "pol1": 0.6465153536259531, "pol2": 0.7057150711470026, "pol3": -0.9160249620933041, "pol4": 0.16623733247456562, "v0s": 3.28416387274944}, "datetime": {"datetime": "2022-04-28 18:12:19", "elapsed": 9651.975122, "delta": 18.769813}}
{"target": -1.0, "params": {"Bgrad": 1.7204783179689798, "d1": 0.49137489048228655, "d2": 0.9703337284644324, "d3": -2.642083641634501, "d4": -1.7211133630178117, "p1": 2.794640073771937, "p2": 10.102818664314933, "p3": 21.452730444212314, "p4": 17.644397261983574, "pol1": 0.41970017756231814, "pol2": -0.554580450553589, "pol3": 0.8308227327257154, "pol4": 0.8331960365389108, "v0s": 5.031770204978455}, "datetime": {"datetime": "2022-04-28 18:12:37", "elapsed": 9669.683773, "delta": 17.708651}}
{"target": -1.0, "params": {"Bgrad": 1.0642079448486825, "d1": 0.35672211904346085, "d2": -2.2088893166193957, "d3": -2.0409688426631463, "d4": -1.996616160150909, "p1": 11.175996120283921, "p2": 18.695255249727744, "p3": 37.842556667704706, "p4": 32.46106788309999, "pol1": -0.235508098860701, "pol2": 0.6366862102032063, "pol3": 0.8941884822844977, "pol4": 0.13978219883924448, "v0s": 4.265995393941257}, "datetime": {"datetime": "2022-04-28 18:12:48", "elapsed": 9681.076311, "delta": 11.392538}}
{"target": -1.0, "params": {"Bgrad": 0.7256630528199752, "d1": -1.5497094717399982, "d2": 0.47371088265820127, "d3": -2.7427035312119865, "d4": 0.4410704191237196, "p1": 38.57965057158578, "p2": 48.976101634927126, "p3": 48.340172782803506, "p4": 16.075983204631306, "pol1": 0.09833770633544803, "pol2": 0.1196783891987494, "pol3": 0.24969276406340812, "pol4": -0.4308896674790885, "v0s": 6.143820227753599}, "datetime": {"datetime": "2022-04-28 18:12:56", "elapsed": 9689.512753, "delta": 8.436442}}
{"target": -1.0, "params": {"Bgrad": 0.8659045066324527, "d1": 0.15481673781328542, "d2": -2.6765392170246716, "d3": -2.4764774209899936, "d4": -1.8988604180492876, "p1": 21.81336663896459, "p2": 1.7039763568690025, "p3": 24.723014734342286, "p4": 25.162464060349915, "pol1": 0.4774318699022946, "pol2": 0.8636986390696302, "pol3": -0.09625696259745409, "pol4": -0.847765659940755, "v0s": 4.245490695197267}, "datetime": {"datetime": "2022-04-28 18:13:07", "elapsed": 9699.636684, "delta": 10.123931}}
{"target": -1.0, "params": {"Bgrad": 0.8210481730886084, "d1": 0.2056757424006288, "d2": -1.6541422023313053, "d3": -0.19889354722379293, "d4": -0.5654105345672695, "p1": 35.1448329849921, "p2": 4.28461285169951, "p3": 12.514754594856614, "p4": 6.274630970307621, "pol1": 0.20786963790585267, "pol2": -0.5706428443938965, "pol3": 0.9450466481247253, "pol4": 0.5886733898540351, "v0s": 3.368062909338136}, "datetime": {"datetime": "2022-04-28 18:13:16", "elapsed": 9708.649585, "delta": 9.012901}}
{"target": -1.0, "params": {"Bgrad": 1.1518804343766706, "d1": -2.65135083701081, "d2": -2.216160599057392, "d3": -1.1345547928637072, "d4": -0.7255632317912966, "p1": 1.603048748948549, "p2": 38.66502581761523, "p3": 49.23633724664396, "p4": 10.099395813581841, "pol1": -0.1430361339533064, "pol2": -0.7701606092564961, "pol3": -0.46898124908195804, "pol4": -0.060062568589213106, "v0s": 7.671289274904147}, "datetime": {"datetime": "2022-04-28 18:13:27", "elapsed": 9720.215659, "delta": 11.566074}}
{"target": -1.0, "params": {"Bgrad": 0.597058486388151, "d1": 0.2550509453271732, "d2": -2.459103957321862, "d3": -2.5206008685462207, "d4": 0.918101427770138, "p1": 14.319153264865658, "p2": 15.532792272987612, "p3": 29.522901032010946, "p4": 11.74150368695004, "pol1": 0.9623799515395728, "pol2": -0.35184653143161215, "pol3": 0.8095934820794044, "pol4": 0.16296945745723335, "v0s": 5.738218710451623}, "datetime": {"datetime": "2022-04-28 18:13:34", "elapsed": 9726.748193, "delta": 6.532534}}
{"target": 3.8637337965345244, "params": {"Bgrad": 1.7453033920558336, "d1": 0.33299951217307067, "d2": -1.9128908959661044, "d3": -1.3344985644756475, "d4": -2.9984545009782626, "p1": 4.259654699615034, "p2": 22.900688613577746, "p3": 2.3104411738259722, "p4": 35.35640393722807, "pol1": -0.985516115199176, "pol2": 0.8157545611968609, "pol3": -0.9493323352503378, "pol4": -0.795938932965347, "v0s": 3.8637337965345244}, "datetime": {"datetime": "2022-04-28 18:13:44", "elapsed": 9737.364806, "delta": 10.616613}}
{"target": -1.0, "params": {"Bgrad": 0.6589497226923197, "d1": -2.307524524005026, "d2": -0.03542475287283109, "d3": -1.0233218647663653, "d4": 0.4796975367287044, "p1": 43.7792362665129, "p2": 3.0330938177593083, "p3": 13.291283196836956, "p4": 26.306831262500534, "pol1": -0.32466141456683784, "pol2": 0.9149319077583604, "pol3": 0.8822319919860093, "pol4": -0.18807391212784408, "v0s": 6.414061374575765}, "datetime": {"datetime": "2022-04-28 18:13:52", "elapsed": 9744.599462, "delta": 7.234656}}
{"target": -1.0, "params": {"Bgrad": 0.9086230054698685, "d1": 0.7211434931091119, "d2": -1.4210815032811372, "d3": -0.5701130459084673, "d4": -0.6036309671307247, "p1": 27.717302968774977, "p2": 38.93134950718539, "p3": 8.811922355889296, "p4": 16.700315848808696, "pol1": 0.18502074411769942, "pol2": 0.724952715272356, "pol3": 0.5822850960828534, "pol4": 0.3332846812923458, "v0s": 5.000190444152071}, "datetime": {"datetime": "2022-04-28 18:14:01", "elapsed": 9753.728054, "delta": 9.128592}}
{"target": -1.0, "params": {"Bgrad": 0.9236418199360708, "d1": 0.818226783053221, "d2": -0.16784915751822416, "d3": -2.6148617032441193, "d4": 0.49583169032904717, "p1": 7.152657329464068, "p2": 20.85435456636296, "p3": 9.380010125749433, "p4": 39.192868585874436, "pol1": -0.49513853040663847, "pol2": 0.36208356455245627, "pol3": -0.5902222719670407, "pol4": 0.29705040221859735, "v0s": 6.845985085956249}, "datetime": {"datetime": "2022-04-28 18:14:10", "elapsed": 9763.401189, "delta": 9.673135}}
{"target": 2.609628379318773, "params": {"Bgrad": 0.6167101105466724, "d1": -1.6867734510847376, "d2": -2.28155332693561, "d3": 0.9955472036050637, "d4": 0.2143216469949909, "p1": 2.662087896141635, "p2": 39.99933792080918, "p3": 21.202159360595896, "p4": 14.71860064516179, "pol1": 0.33694132968188373, "pol2": 0.859332260742121, "pol3": 0.747862858632452, "pol4": -0.5628353193169229, "v0s": 2.609628379318773}, "datetime": {"datetime": "2022-04-28 18:14:15", "elapsed": 9767.676757, "delta": 4.275568}}
{"target": -1.0, "params": {"Bgrad": 0.7267235057285462, "d1": 0.2747163225437239, "d2": 0.72483374394479, "d3": -1.8835127014589519, "d4": 0.71447888557265, "p1": 46.620108254638545, "p2": 30.839234309950076, "p3": 41.0088405479134, "p4": 14.11780902108517, "pol1": -0.2308545961441777, "pol2": -0.06430448700829716, "pol3": 0.4670675497244188, "pol4": -0.8331266682155696, "v0s": 3.231109601982962}, "datetime": {"datetime": "2022-04-28 18:14:26", "elapsed": 9778.557663, "delta": 10.880906}}
{"target": -1.0, "params": {"Bgrad": 1.5813325698888374, "d1": -2.0383715976302352, "d2": -0.17231011661225715, "d3": -2.8680922489869523, "d4": 0.6263331516703383, "p1": 19.359398657442345, "p2": 46.36886736557849, "p3": 28.742265468381195, "p4": 43.25997914804685, "pol1": 0.8652627639391772, "pol2": -0.7294091030018219, "pol3": 0.16600757912818787, "pol4": 0.2386089089911041, "v0s": 3.729881006005065}, "datetime": {"datetime": "2022-04-28 18:14:44", "elapsed": 9797.323488, "delta": 18.765825}}
{"target": -1.0, "params": {"Bgrad": 0.6380333606819528, "d1": 0.5414237381665967, "d2": -1.9993052110741445, "d3": -0.2580624241477385, "d4": 0.15869971133712202, "p1": 28.619888763195778, "p2": 42.78260836844628, "p3": 6.6783018496761155, "p4": 20.925185637910182, "pol1": -0.9670329912979623, "pol2": 0.12724493519538593, "pol3": -0.5818275494679637, "pol4": 0.12970723550128715, "v0s": 6.147925002865869}, "datetime": {"datetime": "2022-04-28 18:14:52", "elapsed": 9805.427818, "delta": 8.10433}}
{"target": -1.0, "params": {"Bgrad": 1.0156028606679706, "d1": 0.11460768150851575, "d2": 0.4552812425871342, "d3": -2.8111278964675277, "d4": 0.6379348773754328, "p1": 34.253718892026995, "p2": 25.39656883961104, "p3": 38.86963795653087, "p4": 20.65487531769748, "pol1": 0.8795243894279259, "pol2": 0.7110186736321857, "pol3": 0.8314617881740267, "pol4": 0.9117061932212096, "v0s": 5.063010037292243}, "datetime": {"datetime": "2022-04-28 18:15:04", "elapsed": 9817.140501, "delta": 11.712683}}
{"target": -1.0, "params": {"Bgrad": 1.3910257551240717, "d1": 0.6644771720475515, "d2": 0.5710388599573633, "d3": -2.191062480914081, "d4": 0.920477867988287, "p1": 0.7041704586949471, "p2": 18.615182469718604, "p3": 7.6299758066937065, "p4": 17.55271227429472, "pol1": 0.34076093598147317, "pol2": 0.9311425021834618, "pol3": -0.5830107135038565, "pol4": 0.5526454328464261, "v0s": 3.3592047512944267}, "datetime": {"datetime": "2022-04-28 18:15:19", "elapsed": 9832.416654, "delta": 15.276153}}
{"target": -1.0, "params": {"Bgrad": 1.1985874553615476, "d1": -2.7564180179163693, "d2": 0.823711873004747, "d3": -2.877821651338526, "d4": -0.5719890410338455, "p1": 29.247856246426014, "p2": 41.11168986964972, "p3": 28.716765302139436, "p4": 48.27182516848759, "pol1": 0.3463225163707302, "pol2": 0.14137849451845796, "pol3": -0.2626644625576351, "pol4": -0.8776268964151084, "v0s": 7.309506582277315}, "datetime": {"datetime": "2022-04-28 18:15:37", "elapsed": 9850.1273, "delta": 17.710646}}
{"target": -1.0, "params": {"Bgrad": 1.9721908029324418, "d1": -1.71051340009631, "d2": -0.22336489251387492, "d3": -2.0609419465328664, "d4": 0.9350591137927426, "p1": 39.360519861083134, "p2": 47.57214123597289, "p3": 1.1018911249065788, "p4": 34.28130107127827, "pol1": 0.2527430815583973, "pol2": 0.19630272444491537, "pol3": -0.4167244304130717, "pol4": -0.20424730609657948, "v0s": 4.765619381313634}, "datetime": {"datetime": "2022-04-28 18:15:57", "elapsed": 9870.366184, "delta": 20.238884}}
{"target": -1.0, "params": {"Bgrad": 1.5468487256312766, "d1": -2.1081206837655913, "d2": -2.390175683141403, "d3": -1.4969021921640846, "d4": -2.8192548118623275, "p1": 15.4178938020949, "p2": 9.191713653987232, "p3": 42.261473003708616, "p4": 33.379324563083095, "pol1": -0.05684775038630141, "pol2": -0.36551899075348726, "pol3": 0.9147569827228517, "pol4": -0.13606071108134188, "v0s": 5.288986184890729}, "datetime": {"datetime": "2022-04-28 18:16:13", "elapsed": 9885.974451, "delta": 15.608267}}
{"target": -1.0, "params": {"Bgrad": 0.9869050480059964, "d1": 0.7952669203125962, "d2": 0.3824590987263172, "d3": -0.4546045000664014, "d4": -2.7627842296822465, "p1": 41.92734574768801, "p2": 28.40943357200969, "p3": 32.79656970672587, "p4": 23.366701709196576, "pol1": -0.9463618163501373, "pol2": 0.34452559867997756, "pol3": 0.33690386165982456, "pol4": -0.8739709351092597, "v0s": 6.6362657166861405}, "datetime": {"datetime": "2022-04-28 18:16:21", "elapsed": 9894.143608, "delta": 8.169157}}
{"target": 3.926468059186169, "params": {"Bgrad": 1.933720056601749, "d1": -2.2681003309136964, "d2": 0.7947542410862365, "d3": -1.0442484121736175, "d4": -2.0906862163186446, "p1": 2.855818035285523, "p2": 46.2986134370063, "p3": 48.43615225834791, "p4": 36.460887022345965, "pol1": -0.9697493650137949, "pol2": 0.17003202018407437, "pol3": 0.7204831059161356, "pol4": -0.775826496461753, "v0s": 3.926468059186169}, "datetime": {"datetime": "2022-04-28 18:16:31", "elapsed": 9904.134893, "delta": 9.991285}}
{"target": -1.0, "params": {"Bgrad": 1.4768182014027935, "d1": -1.0669679777897283, "d2": -2.326763043303215, "d3": -1.1414294470582709, "d4": -2.6063841864694224, "p1": 34.57366429339861, "p2": 34.824226162678805, "p3": 30.241057469872633, "p4": 7.559931603847203, "pol1": 0.5523114218945882, "pol2": 0.045920666249886555, "pol3": -0.5965162766912662, "pol4": 0.8514069185849862, "v0s": 4.40626827611316}, "datetime": {"datetime": "2022-04-28 18:16:41", "elapsed": 9914.101245, "delta": 9.966352}}
{"target": -1.0, "params": {"Bgrad": 0.7573613879348455, "d1": -0.8885853144591986, "d2": -2.6753554651870823, "d3": 0.04277647947392982, "d4": -0.21482641190959706, "p1": 0.08026432997549904, "p2": 27.72188337735929, "p3": 11.299513744194572, "p4": 37.329975202550905, "pol1": 0.9744619206366931, "pol2": 0.13015489425123405, "pol3": -0.19894781102004733, "pol4": 0.0188105649297019, "v0s": 7.526504975746371}, "datetime": {"datetime": "2022-04-28 18:16:48", "elapsed": 9920.931981, "delta": 6.830736}}
{"target": -1.0, "params": {"Bgrad": 0.6451862498465252, "d1": -1.5891463661583796, "d2": -1.2553443310006722, "d3": -1.506952879738452, "d4": -1.5969514105926899, "p1": 40.69953284377637, "p2": 34.55028331804134, "p3": 20.80210538453687, "p4": 21.76104606511483, "pol1": -0.8747610544702231, "pol2": -0.7993010724989134, "pol3": 0.8871420038025606, "pol4": 0.895869189797613, "v0s": 2.729766401054352}, "datetime": {"datetime": "2022-04-28 18:16:53", "elapsed": 9926.175959, "delta": 5.243978}}
{"target": -1.0, "params": {"Bgrad": 0.5267690259974099, "d1": 0.04263589589834993, "d2": -2.410084680835928, "d3": -2.254426764067399, "d4": -2.3961240936861463, "p1": 22.849642867354213, "p2": 6.037391935086922, "p3": 33.221005493947246, "p4": 20.539748132285062, "pol1": -0.5912704189719298, "pol2": -0.8242393113012796, "pol3": 0.48391209905458776, "pol4": -0.6535404576119614, "v0s": 7.060364712570986}, "datetime": {"datetime": "2022-04-28 18:16:59", "elapsed": 9932.005372, "delta": 5.829413}}
{"target": -1.0, "params": {"Bgrad": 1.7504863017064958, "d1": -1.465323510301388, "d2": -1.3440528139217491, "d3": 0.2848325476840259, "d4": -0.5359109772321733, "p1": 22.944448410344236, "p2": 33.68172716763506, "p3": 48.69954340302853, "p4": 26.213395995491418, "pol1": 0.04980959511435512, "pol2": -0.4628794231993767, "pol3": 0.8955695664141632, "pol4": -0.46801112650491294, "v0s": 5.628883435919819}, "datetime": {"datetime": "2022-04-28 18:17:15", "elapsed": 9947.767228, "delta": 15.761856}}
{"target": 2.505275225389502, "params": {"Bgrad": 1.5231305666703505, "d1": 0.23262101653389733, "d2": -0.06005425927359198, "d3": -0.4034060032354909, "d4": -1.4672918167821263, "p1": 40.71656527122647, "p2": 4.2389741405797485, "p3": 46.085618347186596, "p4": 11.16444925478628, "pol1": -0.6983775561112937, "pol2": -0.7062344442201995, "pol3": 0.893184137865584, "pol4": 0.3844003361456414, "v0s": 2.505275225389502}, "datetime": {"datetime": "2022-04-28 18:17:26", "elapsed": 9959.377185, "delta": 11.609957}}
{"target": -1.0, "params": {"Bgrad": 1.711540268585979, "d1": -0.025829267218618668, "d2": 0.2890161004110281, "d3": -2.6336747801589557, "d4": -2.650766999591942, "p1": 3.317038099940295, "p2": 33.42589852080663, "p3": 29.28891719000047, "p4": 31.197008900485372, "pol1": 0.29459353957969747, "pol2": 0.058007239125404286, "pol3": 0.9156392798889121, "pol4": 0.1455600431938875, "v0s": 6.819765353699895}, "datetime": {"datetime": "2022-04-28 18:17:40", "elapsed": 9972.954881, "delta": 13.577696}}
{"target": 3.0940640209081867, "params": {"Bgrad": 1.6475242795110867, "d1": -2.4141756028786285, "d2": -1.596375999815686, "d3": -1.044585664037772, "d4": 0.9782356199519131, "p1": 1.3643605051651908, "p2": 3.73762927857062, "p3": 15.192932630036887, "p4": 18.913423801183104, "pol1": -0.7079532485997915, "pol2": 0.7237669597219654, "pol3": -0.38706970182936984, "pol4": 0.998398077647644, "v0s": 3.0940640209081867}, "datetime": {"datetime": "2022-04-28 18:17:48", "elapsed": 9981.479089, "delta": 8.524208}}
{"target": -1.0, "params": {"Bgrad": 0.8014102116880599, "d1": 0.4364032283742705, "d2": -2.2382921475682265, "d3": -2.8252872161333507, "d4": -0.499056516144893, "p1": 27.835224008129778, "p2": 9.144679491136786, "p3": 39.15927609593366, "p4": 38.54728356400788, "pol1": 0.10171808806608307, "pol2": 0.3005322354800861, "pol3": -0.24044100671127122, "pol4": 0.2647152197922238, "v0s": 6.8384180194810735}, "datetime": {"datetime": "2022-04-28 18:17:57", "elapsed": 9989.679163, "delta": 8.200074}}
{"target": -1.0, "params": {"Bgrad": 1.230007149841065, "d1": -2.2806434500445434, "d2": -1.39664039867711, "d3": -2.339934269741526, "d4": 0.7557731793178424, "p1": 9.066228028126734, "p2": 35.86673642605029, "p3": 20.327164976081054, "p4": 1.1188268137562907, "pol1": 0.8630256728537171, "pol2": 0.03905250720482134, "pol3": 0.24694839092378595, "pol4": -0.5906141131816616, "v0s": 7.845806222277699}, "datetime": {"datetime": "2022-04-28 18:18:09", "elapsed": 10002.02216, "delta": 12.342997}}
{"target": -1.0, "params": {"Bgrad": 1.196697117082028, "d1": -1.7253293620881558, "d2": 0.6579413706644472, "d3": -0.20008326089960482, "d4": -0.34369668700560085, "p1": 19.088224217807443, "p2": 24.287819002609783, "p3": 19.129542422591378, "p4": 40.82459232981717, "pol1": 0.3068233755747207, "pol2": -0.24021419548549305, "pol3": 0.32023228187362807, "pol4": -0.23454960417635773, "v0s": 6.946575642179724}, "datetime": {"datetime": "2022-04-28 18:18:23", "elapsed": 10016.098522, "delta": 14.076362}}
{"target": 4.000422622699936, "params": {"Bgrad": 0.7138030876646564, "d1": -0.7388111323845243, "d2": 0.12336157773034673, "d3": -0.9945491687095105, "d4": -2.9488124848486073, "p1": 3.915860477280325, "p2": 45.26600046238697, "p3": 10.074809046227006, "p4": 20.704668886338375, "pol1": -0.6129356148199703, "pol2": 0.7642223590394508, "pol3": -0.08438324811400011, "pol4": -0.960172254045832, "v0s": 4.000422622699936}, "datetime": {"datetime": "2022-04-28 18:18:28", "elapsed": 10021.387381, "delta": 5.288859}}
{"target": -1.0, "params": {"Bgrad": 1.658341786878624, "d1": 0.17191128679609236, "d2": -0.8511292606248175, "d3": -0.7264091186177337, "d4": -2.8856540979629672, "p1": 46.61395211406764, "p2": 45.6564123954784, "p3": 46.87539578647091, "p4": 1.3235546444163415, "pol1": 0.15499737161558835, "pol2": -0.38365930576316387, "pol3": 0.20666070740897236, "pol4": -0.16349642003672304, "v0s": 6.87433733019071}, "datetime": {"datetime": "2022-04-28 18:18:42", "elapsed": 10034.732698, "delta": 13.345317}}
{"target": -1.0, "params": {"Bgrad": 1.9058754912391995, "d1": -1.8671003093981295, "d2": -2.437732754661617, "d3": -2.666032497857469, "d4": -0.2119566754217952, "p1": 17.8371168485859, "p2": 40.04071088196885, "p3": 25.514510435081288, "p4": 39.37389154507324, "pol1": -0.9816737946430651, "pol2": 0.6449008368632496, "pol3": 0.5413512330988905, "pol4": -0.23762605812476645, "v0s": 5.092727870360946}, "datetime": {"datetime": "2022-04-28 18:18:56", "elapsed": 10048.943701, "delta": 14.211003}}
{"target": -1.0, "params": {"Bgrad": 1.532831910879077, "d1": 0.1380619958436724, "d2": -0.7766022492014457, "d3": -2.1975586233657416, "d4": -1.3725328803555978, "p1": 36.072785494366336, "p2": 21.101730583295492, "p3": 16.825296369879645, "p4": 23.453180320688965, "pol1": 0.15144409928326863, "pol2": -0.5668322588201535, "pol3": -0.3492820962717813, "pol4": 0.6933784461494812, "v0s": 6.824593296091512}, "datetime": {"datetime": "2022-04-28 18:19:07", "elapsed": 10059.645087, "delta": 10.701386}}
