{"target": -1.0, "params": {"Bgrad": 0.721723474286559, "d1": -0.36847628073439154, "d2": -1.776102718372337, "d3": 0.8195971712133372, "d4": -1.976953665092442, "p1": 20.491097912331696, "p2": 49.67044193133097, "p3": 5.133044462898489, "p4": 36.478366095413975, "pol1": -0.4105473693100812, "pol2": 0.7162588394983069, "pol3": 0.8385173960560635, "pol4": 0.3831753230061776, "v0s": 7.639945506344097}, "datetime": {"datetime": "2022-06-13 02:35:27", "elapsed": 1974.12151, "delta": 6.468713}}
{"target": -1.0, "params": {"Bgrad": 1.0530646873637444, "d1": -1.5285110489622231, "d2": -2.977783612209404, "d3": 0.9723348897549737, "d4": -2.5253040653530996, "p1": 15.171072239636384, "p2": 28.42556211366668, "p3": 1.5297169434193514, "p4": 17.140038177589016, "pol1": 0.21402671786760674, "pol2": 0.3138000419172484, "pol3": -0.7635250727763465, "pol4": -0.7653656887188622, "v0s": 3.8695474357326507}, "datetime": {"datetime": "2022-06-13 02:35:40", "elapsed": 1987.717169, "delta": 13.595659}}
{"target": 2.5166188816629362, "params": {"Bgrad": 0.7043176307350383, "d1": 0.9316171769651902, "d2": -2.7142012446956962, "d3": -1.5803618456346964, "d4": -1.7765862156027827, "p1": 47.55228512922996, "p2": 5.631869811237056, "p3": 2.569106925557074, "p4": 7.251775366098467, "pol1": -0.07981987790893497, "pol2": 0.4989874982898421, "pol3": -0.011623026550679816, "pol4": -0.4845547060916786, "v0s": 2.5166188816629362}, "datetime": {"datetime": "2022-06-13 02:35:47", "elapsed": 1994.364401, "delta": 6.647232}}
{"target": -1.0, "params": {"Bgrad": 0.5450698957317941, "d1": -1.6635913708990917, "d2": -1.0410494060310795, "d3": -0.22807107753340672, "d4": -1.3432746832191786, "p1": 40.841387562797834, "p2": 42.2809204362988, "p3": 0.3390445863946989, "p4": 34.96466896385516, "pol1": 0.8932187529604487, "pol2": -0.9868473794239785, "pol3": -0.8454242204841362, "pol4": -0.5604838142495605, "v0s": 4.392019019004739}, "datetime": {"datetime": "2022-06-13 02:35:55", "elapsed": 2002.08676, "delta": 7.722359}}
{"target": -1.0, "params": {"Bgrad": 1.2289530097059012, "d1": 0.9615101552655316, "d2": -1.3149460591034314, "d3": -2.9971927602726405, "d4": 0.03141707777602809, "p1": 12.673916409575876, "p2": 37.239677718423835, "p3": 41.53537411812741, "p4": 40.59680867159788, "pol1": -0.13584405451971882, "pol2": -0.2711097008142087, "pol3": 0.43542670757204927, "pol4": -0.9947482079827557, "v0s": 7.243937482767091}, "datetime": {"datetime": "2022-06-13 02:36:05", "elapsed": 2012.986627, "delta": 10.899867}}
{"target": -1.0, "params": {"Bgrad": 0.9873144708689519, "d1": 0.9907700898857206, "d2": 0.11074525330339924, "d3": 0.19121752018712446, "d4": -2.8863467981632045, "p1": 49.46636112301666, "p2": 29.27080509243996, "p3": 31.618588985218203, "p4": 4.675617912587016, "pol1": 0.6631445704158596, "pol2": 0.8249167365902506, "pol3": 0.6230978713134006, "pol4": -0.8651816207953, "v0s": 2.4996048217713818}, "datetime": {"datetime": "2022-06-13 02:36:17", "elapsed": 2024.107902, "delta": 11.121275}}
{"target": -1.0, "params": {"Bgrad": 1.4856097011506573, "d1": -1.8282059362976484, "d2": -1.221437332147067, "d3": -2.557743317778126, "d4": -1.486086022980123, "p1": 10.016326252398745, "p2": 26.5948988493909, "p3": 20.82641681975852, "p4": 9.825067346599953, "pol1": -0.9850163030096646, "pol2": -0.5334326075181968, "pol3": -0.9217208300426665, "pol4": -0.5520910507893038, "v0s": 5.399519191099169}, "datetime": {"datetime": "2022-06-13 02:36:28", "elapsed": 2035.383765, "delta": 11.275863}}
{"target": -1.0, "params": {"Bgrad": 1.9809233046467707, "d1": -1.000348640895178, "d2": -2.358886088652845, "d3": -1.282531229561886, "d4": 0.45902678209434544, "p1": 28.70816748512915, "p2": 15.743425031247627, "p3": 17.549532868583245, "p4": 31.599854777303644, "pol1": -0.5914945607705937, "pol2": 0.17408978982715695, "pol3": -0.44464596568544246, "pol4": 0.7470513468802673, "v0s": 6.613748382228165}, "datetime": {"datetime": "2022-06-13 02:36:39", "elapsed": 2046.928905, "delta": 11.54514}}
{"target": -1.0, "params": {"Bgrad": 1.2783121363813383, "d1": -0.6429078001425075, "d2": -2.4702860704488865, "d3": -1.7030716992423236, "d4": -0.9074550909455819, "p1": 34.879549968428336, "p2": 39.893425890984695, "p3": 22.784018508241598, "p4": 13.48827915550176, "pol1": 0.5095049540256957, "pol2": -0.25729152584057857, "pol3": -0.7725748740353546, "pol4": 0.28045098834417326, "v0s": 4.2264256754433855}, "datetime": {"datetime": "2022-06-13 02:36:49", "elapsed": 2056.575122, "delta": 9.646217}}
{"target": -1.0, "params": {"Bgrad": 1.7894577583810332, "d1": 0.07675386484086033, "d2": -1.7780241610181755, "d3": -1.057710434131308, "d4": -0.5742816518635934, "p1": 29.911581651229685, "p2": 19.136150569920886, "p3": 8.214512531576984, "p4": 1.6362877302938894, "pol1": 0.7576216579067718, "pol2": 0.15771971983904742, "pol3": -0.11514180475074665, "pol4": 0.49932727831717827, "v0s": 5.072182394792058}, "datetime": {"datetime": "2022-06-13 02:37:00", "elapsed": 2067.619603, "delta": 11.044481}}
{"target": -1.0, "params": {"Bgrad": 1.9478071094410199, "d1": 0.14216509987276016, "d2": -1.2816501731579955, "d3": -2.0233270584714593, "d4": -0.936518527879298, "p1": 48.2762528643961, "p2": 12.134087658414828, "p3": 2.697538614555739, "p4": 45.64430314316175, "pol1": 0.07365647975427936, "pol2": 0.9764453845251948, "pol3": -0.15096242021624673, "pol4": 0.6319112927196562, "v0s": 7.67268488269046}, "datetime": {"datetime": "2022-06-13 02:37:10", "elapsed": 2077.294742, "delta": 9.675139}}
{"target": -1.0, "params": {"Bgrad": 0.9176674383622615, "d1": -0.46134508606540603, "d2": 0.24399768025621826, "d3": -1.6542676001805807, "d4": -2.752821016888567, "p1": 21.438393823248692, "p2": 26.5840766651769, "p3": 4.92539887536092, "p4": 46.73044705216458, "pol1": 0.15852771915019948, "pol2": -0.38421345568081944, "pol3": -0.5084167233369521, "pol4": -0.4430945470813523, "v0s": 6.604779695809741}, "datetime": {"datetime": "2022-06-13 02:37:20", "elapsed": 2087.421675, "delta": 10.126933}}
{"target": -1.0, "params": {"Bgrad": 0.68025257038452, "d1": -2.2800059082537185, "d2": 0.8205300245075335, "d3": -0.2962172438703381, "d4": -0.10526145648016749, "p1": 35.55410404060608, "p2": 8.335070269574619, "p3": 23.155821395943743, "p4": 49.90943894345865, "pol1": -0.5581007159651028, "pol2": 0.14070531238549622, "pol3": -0.89041999581783, "pol4": -0.27311261916939533, "v0s": 5.563842299298988}, "datetime": {"datetime": "2022-06-13 02:37:29", "elapsed": 2096.987108, "delta": 9.565433}}
{"target": -1.0, "params": {"Bgrad": 1.4371309223095325, "d1": 0.6910907557971284, "d2": -1.7158138622828791, "d3": 0.08816929316688116, "d4": -0.5635367921868166, "p1": 1.125525478407985, "p2": 16.745204562703332, "p3": 48.601854533903605, "p4": 33.60085462679405, "pol1": 0.3404670894819637, "pol2": 0.19003147483234883, "pol3": -0.04985572736131849, "pol4": 0.8101610775267698, "v0s": 2.5240755339841403}, "datetime": {"datetime": "2022-06-13 02:37:41", "elapsed": 2108.688831, "delta": 11.701723}}
{"target": -1.0, "params": {"Bgrad": 1.8706753535975598, "d1": -0.660030286858194, "d2": -1.8014729114571093, "d3": -1.6902707122666176, "d4": 0.19961538323549544, "p1": 4.028439104460569, "p2": 20.046966748619, "p3": 29.528865858440696, "p4": 47.025188855230525, "pol1": 0.13971693081706915, "pol2": 0.9719464752822651, "pol3": -0.5034957290032618, "pol4": -0.2334549365298484, "v0s": 3.4143336194791214}, "datetime": {"datetime": "2022-06-13 02:37:54", "elapsed": 2121.720001, "delta": 13.03117}}
{"target": -1.0, "params": {"Bgrad": 1.8173506398467996, "d1": 0.14878377371611995, "d2": -0.3925470917683036, "d3": 0.41992824473568646, "d4": -1.766099063895588, "p1": 39.72294294911613, "p2": 31.523873530535994, "p3": 35.600776806418146, "p4": 28.67849454580086, "pol1": -0.4201418568598003, "pol2": -0.5354484846252423, "pol3": -0.7298948220501447, "pol4": -0.3731298869834707, "v0s": 7.122905457367115}, "datetime": {"datetime": "2022-06-13 02:38:04", "elapsed": 2131.757173, "delta": 10.037172}}
{"target": -1.0, "params": {"Bgrad": 1.6057791507942605, "d1": 0.1486692353333039, "d2": -0.9159844057587465, "d3": -2.6931653854867896, "d4": -1.0703614570294135, "p1": 30.716540061877378, "p2": 23.811278274908226, "p3": 5.3458887552835845, "p4": 31.328346762621212, "pol1": -0.09608349071793398, "pol2": 0.8761332333556375, "pol3": 0.9613291576814817, "pol4": -0.3801444779506833, "v0s": 5.8089062440908465}, "datetime": {"datetime": "2022-06-13 02:38:14", "elapsed": 2141.593882, "delta": 9.836709}}
{"target": -1.0, "params": {"Bgrad": 1.1971647191470223, "d1": -2.65483873332614, "d2": -2.595790632388687, "d3": -1.8831484270978995, "d4": -1.0011310803080384, "p1": 29.22819059799956, "p2": 40.319521101278454, "p3": 0.8632886729459166, "p4": 23.367614053731828, "pol1": 0.4023220372509968, "pol2": -0.39327085101336, "pol3": 0.00014636484810925943, "pol4": -0.472104600775495, "v0s": 7.34795232606485}, "datetime": {"datetime": "2022-06-13 02:38:25", "elapsed": 2152.519679, "delta": 10.925797}}
{"target": -1.0, "params": {"Bgrad": 1.1823320826888062, "d1": -2.0024608544996485, "d2": -2.989776669481298, "d3": -2.9847801557343114, "d4": 0.40481605206598115, "p1": 20.61967883150767, "p2": 31.712270275351962, "p3": 17.763060636210522, "p4": 10.211319854615258, "pol1": -0.9133715576619001, "pol2": 0.3011440371869072, "pol3": 0.1476950305789142, "pol4": -0.007565140764955736, "v0s": 7.084730682802282}, "datetime": {"datetime": "2022-06-13 02:38:35", "elapsed": 2162.671545, "delta": 10.151866}}
{"target": -1.0, "params": {"Bgrad": 1.7399137881954354, "d1": 0.6243285115417634, "d2": -1.5943899452252008, "d3": -1.8520561867345169, "d4": -1.7370650711494569, "p1": 24.345989347978865, "p2": 34.95678087761771, "p3": 28.573659531122342, "p4": 7.252965126795042, "pol1": 0.7728198409631237, "pol2": 0.19917246889320728, "pol3": 0.9633457073123246, "pol4": -0.6446529771917537, "v0s": 5.701014724052547}, "datetime": {"datetime": "2022-06-13 02:38:46", "elapsed": 2173.301134, "delta": 10.629589}}
{"target": -1.0, "params": {"Bgrad": 1.0032228864329837, "d1": -0.8109172321274256, "d2": -0.6226483041394029, "d3": -1.5657687589908527, "d4": -1.4607251554521254, "p1": 30.03561751632391, "p2": 16.137723616340704, "p3": 28.925729583151057, "p4": 30.52644727066397, "pol1": -0.06239606814520626, "pol2": 0.13955994009699202, "pol3": 0.5211638302448227, "pol4": 0.7564812403270262, "v0s": 7.24922443868785}, "datetime": {"datetime": "2022-06-13 02:38:57", "elapsed": 2184.116227, "delta": 10.815093}}
{"target": -1.0, "params": {"Bgrad": 1.3454158162314829, "d1": -0.7356355206112504, "d2": -0.2557135687562666, "d3": -0.9614433155946855, "d4": -1.6976951124482738, "p1": 31.566230809505768, "p2": 13.673338795760781, "p3": 20.123242385308348, "p4": 30.687252815664827, "pol1": -0.972028669477591, "pol2": 0.7346018370376783, "pol3": 0.17789302136680818, "pol4": -0.803189446458217, "v0s": 5.610852204177506}, "datetime": {"datetime": "2022-06-13 02:39:06", "elapsed": 2193.860183, "delta": 9.743956}}
{"target": -1.0, "params": {"Bgrad": 0.6569163568915608, "d1": -1.1659222343642308, "d2": -1.7002258953980842, "d3": -0.2125886120983993, "d4": -0.80207729413587, "p1": 8.773101667198564, "p2": 6.173590153373654, "p3": 32.693815961800546, "p4": 34.658177538043276, "pol1": 0.8107001420262803, "pol2": 0.21141742177842837, "pol3": -0.03964657474691613, "pol4": 0.7975953408529304, "v0s": 6.51794793592375}, "datetime": {"datetime": "2022-06-13 02:39:13", "elapsed": 2200.110476, "delta": 6.250293}}
{"target": -1.0, "params": {"Bgrad": 0.6161027233429355, "d1": -1.8412698147137232, "d2": -2.4809294010515743, "d3": 0.26507186325740184, "d4": -0.5458257807714051, "p1": 25.47934283619241, "p2": 0.8266289159804596, "p3": 28.419182477006377, "p4": 15.142472032411236, "pol1": -0.8145158430233661, "pol2": -0.04020591749587088, "pol3": 0.8156897819477227, "pol4": -0.1227303352393001, "v0s": 5.66337108103839}, "datetime": {"datetime": "2022-06-13 02:39:19", "elapsed": 2206.246077, "delta": 6.135601}}
{"target": -1.0, "params": {"Bgrad": 1.7810274119655818, "d1": -1.2307943244974786, "d2": -2.2126311965120995, "d3": -1.4923063219299948, "d4": -1.8409154529477987, "p1": 33.83532602313877, "p2": 25.796216007451566, "p3": 33.79286959954169, "p4": 13.656490257301668, "pol1": 0.5570951364188148, "pol2": 0.5079645953431253, "pol3": 0.9503741629466083, "pol4": 0.1269941660417464, "v0s": 3.797661559485653}, "datetime": {"datetime": "2022-06-13 02:39:28", "elapsed": 2215.819489, "delta": 9.573412}}
{"target": -1.0, "params": {"Bgrad": 1.5527478806063946, "d1": -2.0903252187718113, "d2": -0.035750190674585625, "d3": -1.5688906323065286, "d4": -1.781592470063424, "p1": 4.6984178456287, "p2": 19.90037157661353, "p3": 4.089349569051581, "p4": 36.24333310944027, "pol1": 0.9680795092614805, "pol2": 0.3571026384344538, "pol3": 0.2892289327347697, "pol4": -0.5966095104389004, "v0s": 2.6893091484363056}, "datetime": {"datetime": "2022-06-13 02:39:32", "elapsed": 2219.319135, "delta": 3.499646}}
{"target": -1.0, "params": {"Bgrad": 1.1699210403302485, "d1": -0.728823930114368, "d2": -2.902502128808375, "d3": -2.838964638997166, "d4": 0.30820831917773495, "p1": 36.72022839127349, "p2": 8.262099581252647, "p3": 30.92818909403378, "p4": 7.667561299537034, "pol1": 0.1555613824241726, "pol2": -0.6155844777973511, "pol3": 0.7946391371162274, "pol4": 0.42158050001459424, "v0s": 7.5555151046361155}, "datetime": {"datetime": "2022-06-13 02:39:41", "elapsed": 2228.862627, "delta": 9.543492}}
{"target": -1.0, "params": {"Bgrad": 1.6591069671731766, "d1": -0.6951121405780087, "d2": -0.23897178448684242, "d3": 0.4741091374364701, "d4": -1.0403246669525332, "p1": 5.7120335473367145, "p2": 0.8261863391972102, "p3": 40.60447743203456, "p4": 46.00836346359543, "pol1": -0.5114548840544701, "pol2": 0.20078318277867968, "pol3": 0.7277968844327336, "pol4": 0.5531523931826616, "v0s": 3.8821386671718026}, "datetime": {"datetime": "2022-06-13 02:39:52", "elapsed": 2239.998862, "delta": 11.136235}}
{"target": -1.0, "params": {"Bgrad": 1.1578246464885957, "d1": -1.7370945941894536, "d2": -2.041104044127689, "d3": -1.1860913569260294, "d4": -1.8571688904514487, "p1": 2.695204711976773, "p2": 38.92864922111695, "p3": 33.0511591724328, "p4": 42.36990961976746, "pol1": 0.7240564577943385, "pol2": -0.48562606830718447, "pol3": -0.6943211735598458, "pol4": -0.13234102717613072, "v0s": 6.632929476119266}, "datetime": {"datetime": "2022-06-13 02:40:03", "elapsed": 2250.865816, "delta": 10.866954}}
{"target": -1.0, "params": {"Bgrad": 1.9259588170004784, "d1": -0.9766405737195125, "d2": -2.350646629153816, "d3": 0.9922114495222614, "d4": 0.7866899413114918, "p1": 1.9715036400630048, "p2": 1.555717632854614, "p3": 9.231095035063364, "p4": 7.62262416011858, "pol1": -0.22618960993794723, "pol2": 0.6103607650819121, "pol3": -0.31912836187697313, "pol4": 0.31489294039932814, "v0s": 3.1100052399917884}, "datetime": {"datetime": "2022-06-13 02:40:15", "elapsed": 2262.987417, "delta": 12.121601}}
{"target": -1.0, "params": {"Bgrad": 0.8753923953610678, "d1": -1.7758482481733147, "d2": -2.441316127767461, "d3": -1.8302836594317564, "d4": -0.5460013429344155, "p1": 49.001776194673795, "p2": 38.91234527999476, "p3": 37.41608276428304, "p4": 42.344336454382635, "pol1": 0.03574887628558754, "pol2": 0.014125823593434506, "pol3": 0.6668499505625742, "pol4": 0.14403130975715706, "v0s": 4.220729609629437}, "datetime": {"datetime": "2022-06-13 02:40:25", "elapsed": 2272.409235, "delta": 9.421818}}
{"target": -1.0, "params": {"Bgrad": 0.7663628810552912, "d1": -0.4465284971597385, "d2": -1.6548101078522337, "d3": -0.9879533902883337, "d4": -1.2272576730503078, "p1": 5.375334751639288, "p2": 46.65477546837151, "p3": 25.671489977955307, "p4": 44.32918775040105, "pol1": -0.8281095556915476, "pol2": 0.9657613625778945, "pol3": 0.03125819047011302, "pol4": 0.8414555797503018, "v0s": 5.191430144289825}, "datetime": {"datetime": "2022-06-13 02:40:30", "elapsed": 2277.527554, "delta": 5.118319}}
{"target": -1.0, "params": {"Bgrad": 1.8356720816102623, "d1": 0.9285968429982905, "d2": -0.8834272369912259, "d3": -1.9723744649986692, "d4": 0.9936175048565925, "p1": 28.467959030224094, "p2": 16.494438532223306, "p3": 40.9596619261236, "p4": 39.953384141764346, "pol1": -0.2974025841885213, "pol2": 0.043499026158403176, "pol3": 0.031211889957948324, "pol4": -0.05448401023546001, "v0s": 4.378209058853102}, "datetime": {"datetime": "2022-06-13 02:40:42", "elapsed": 2289.773822, "delta": 12.246268}}
{"target": -1.0, "params": {"Bgrad": 0.9251860170447737, "d1": -2.3650117075005026, "d2": -1.1385397300466802, "d3": -2.874012490145427, "d4": 0.5484125125983756, "p1": 27.61539364620103, "p2": 43.63407710258114, "p3": 44.77251438541905, "p4": 16.193820079724237, "pol1": 0.333467344315294, "pol2": 0.5682218985585723, "pol3": 0.460389683629818, "pol4": 0.18230736823585403, "v0s": 2.22393213701263}, "datetime": {"datetime": "2022-06-13 02:40:57", "elapsed": 2304.888424, "delta": 15.114602}}
{"target": -1.0, "params": {"Bgrad": 1.1693220540405296, "d1": -1.7302899974505501, "d2": -2.0379302382905644, "d3": -2.765261295938879, "d4": -0.28889417181517807, "p1": 29.373845911249713, "p2": 47.68208208688533, "p3": 1.861892113413277, "p4": 49.71183521151728, "pol1": -0.4443626511616232, "pol2": 0.8114435104281723, "pol3": -0.27923577820229406, "pol4": 0.7698078089063298, "v0s": 3.7949423549494776}, "datetime": {"datetime": "2022-06-13 02:41:09", "elapsed": 2316.511357, "delta": 11.622933}}
{"target": -1.0, "params": {"Bgrad": 1.4585892572235135, "d1": 0.29351714887171676, "d2": 0.8475015172791571, "d3": 0.33544436766177066, "d4": 0.04115525000065734, "p1": 5.502612470114893, "p2": 9.83902269946645, "p3": 40.93079775985179, "p4": 23.964673666292963, "pol1": -0.8735970743200496, "pol2": 0.7208973359634441, "pol3": -0.7959640067767908, "pol4": 0.5193101215412055, "v0s": 6.564312466665459}, "datetime": {"datetime": "2022-06-13 02:41:20", "elapsed": 2327.812152, "delta": 11.300795}}
{"target": -1.0, "params": {"Bgrad": 0.8657099688008228, "d1": 0.5606083169460634, "d2": -1.601514670063286, "d3": 0.1734473791169755, "d4": 0.0810173627192432, "p1": 9.625302686594106, "p2": 38.259915847002155, "p3": 15.957658001587422, "p4": 39.236039286596814, "pol1": 0.6863748054214827, "pol2": -0.07664364850730565, "pol3": 0.9158768470604015, "pol4": 0.6754147125922065, "v0s": 3.1848928724543244}, "datetime": {"datetime": "2022-06-13 02:41:31", "elapsed": 2338.390877, "delta": 10.578725}}
{"target": -1.0, "params": {"Bgrad": 0.7667971219270229, "d1": 0.44026708350486476, "d2": 0.8295797053066751, "d3": 0.8378824273991285, "d4": -2.848549649118278, "p1": 2.8791752804086856, "p2": 0.28986964588444963, "p3": 15.634057807773821, "p4": 2.784920635605231, "pol1": -0.41227502905891167, "pol2": -0.28796702793762696, "pol3": 0.9073540369478437, "pol4": -0.0460981550264441, "v0s": 3.6694306545279822}, "datetime": {"datetime": "2022-06-13 02:45:05", "elapsed": 2552.422805, "delta": 214.031928}}
{"target": -1.0, "params": {"Bgrad": 1.254507792576432, "d1": -0.4265683014034578, "d2": -2.55501730973026, "d3": 0.032246632532434205, "d4": 0.40778308514918216, "p1": 42.21249297847142, "p2": 44.52534162060447, "p3": 19.092119837788058, "p4": 22.19025991832593, "pol1": -0.7968370481076676, "pol2": -0.5483861551375298, "pol3": 0.9426409385464221, "pol4": -0.43075206206252914, "v0s": 7.444376853445984}, "datetime": {"datetime": "2022-06-13 02:45:15", "elapsed": 2562.36922, "delta": 9.946415}}
{"target": -1.0, "params": {"Bgrad": 1.8358284295674667, "d1": 0.6900179890415736, "d2": -2.375401742236821, "d3": 0.5188885740055236, "d4": -0.47202019814745144, "p1": 10.531408920940121, "p2": 17.25579573900406, "p3": 7.99593942946416, "p4": 22.21740787230636, "pol1": -0.832450092309079, "pol2": -0.6693630190395203, "pol3": -0.6056073070666614, "pol4": 0.3820546831134084, "v0s": 5.442817214992118}, "datetime": {"datetime": "2022-06-13 02:45:25", "elapsed": 2572.317631, "delta": 9.948411}}
{"target": -1.0, "params": {"Bgrad": 1.8099847010550982, "d1": -2.0214637371231676, "d2": -0.4815681731243475, "d3": -2.8622749387716175, "d4": -0.9352061556917239, "p1": 43.16132408569248, "p2": 49.206327194245844, "p3": 0.4936487679459256, "p4": 12.642074103840756, "pol1": -0.5523006593449493, "pol2": -0.904924811544479, "pol3": -0.9796550874764487, "pol4": -0.01960937551153652, "v0s": 2.2728928740217644}, "datetime": {"datetime": "2022-06-13 02:45:27", "elapsed": 2575.038359, "delta": 2.720728}}
{"target": -1.0, "params": {"Bgrad": 0.917492196270353, "d1": -0.44010172356435096, "d2": -1.821231833756383, "d3": -1.9213811953637943, "d4": -0.6378139110257317, "p1": 19.026703860482, "p2": 35.126151698070046, "p3": 24.806197562493054, "p4": 31.660463290323875, "pol1": -0.29321130599674117, "pol2": -0.4259121076889827, "pol3": -0.7335857724977961, "pol4": 0.8741607695979285, "v0s": 6.829015076094768}, "datetime": {"datetime": "2022-06-13 02:45:37", "elapsed": 2584.125071, "delta": 9.086712}}
{"target": -1.0, "params": {"Bgrad": 1.9070428147345286, "d1": -2.258477901408791, "d2": 0.7326230512929022, "d3": 0.7430128307685324, "d4": -1.865821945585382, "p1": 13.731712421193148, "p2": 27.571578683668623, "p3": 9.264461968427618, "p4": 22.10505553133829, "pol1": -0.6293647081246312, "pol2": 0.8947518359079185, "pol3": -0.012350685017828766, "pol4": 0.9278355348479956, "v0s": 5.8696500350732705}, "datetime": {"datetime": "2022-06-13 02:45:49", "elapsed": 2596.654581, "delta": 12.52951}}
