{"target": -1.0, "params": {"Bgrad": 0.9432234284832456, "d1": -0.07357411503396483, "d2": 0.7812337599997989, "d3": -1.2977544389538123, "d4": 0.12872726732562123, "p1": 2.807051983095765, "p2": 41.7635801244983, "p3": 9.612500841107385, "p4": 19.75484344449866, "pol1": -0.3998379081492871, "pol2": -0.8397927123879014, "pol3": 0.8092620058724858, "pol4": -0.2596916448925235, "v0s": 5.184184630856837}, "datetime": {"datetime": "2022-05-16 19:49:19", "elapsed": 374.571578, "delta": 9.132574}}
{"target": -1.0, "params": {"Bgrad": 1.2411743988444877, "d1": -2.4713554322282474, "d2": -2.174183764442268, "d3": -2.6952447638707153, "d4": -0.9683132002188501, "p1": 13.077477591649355, "p2": 17.853080444139596, "p3": 5.403266434861842, "p4": 39.37759198262536, "pol1": -0.7868322464223978, "pol2": 0.9714176474263756, "pol3": -0.6456776711231653, "pol4": 0.14481022486929862, "v0s": 2.269072007534529}, "datetime": {"datetime": "2022-05-16 19:49:26", "elapsed": 382.165267, "delta": 7.593689}}
{"target": -1.0, "params": {"Bgrad": 1.6806744344837512, "d1": -2.241576208726814, "d2": -0.8883840863674934, "d3": -0.039689827363713626, "d4": -2.4002740603309762, "p1": 27.554358709348588, "p2": 10.83086041643897, "p3": 37.95980246585724, "p4": 36.14575967781069, "pol1": -0.646901931445834, "pol2": 0.7239331153341468, "pol3": -0.9604498009673115, "pol4": 0.7204739948462304, "v0s": 5.35342286696563}, "datetime": {"datetime": "2022-05-16 19:49:37", "elapsed": 393.131936, "delta": 10.966669}}
{"target": -1.0, "params": {"Bgrad": 1.1048307081587738, "d1": 0.03498772408934636, "d2": -0.13228399323012052, "d3": 0.9493046992337062, "d4": -1.887659805548069, "p1": 0.18968362046712928, "p2": 46.69513041574439, "p3": 42.89485522689469, "p4": 36.4425438759628, "pol1": 0.03337756584307683, "pol2": 0.413912490497522, "pol3": 0.5610591137534855, "pol4": -0.25024811292628124, "v0s": 6.621935151979746}, "datetime": {"datetime": "2022-05-16 19:49:47", "elapsed": 402.994557, "delta": 9.862621}}
{"target": -1.0, "params": {"Bgrad": 1.625936478762763, "d1": -0.5471551538229611, "d2": -1.3925363041286505, "d3": -0.21076792294263624, "d4": -2.9875485686992316, "p1": 38.74483233622989, "p2": 44.820830122842345, "p3": 11.965785371875231, "p4": 6.038359215461487, "pol1": -0.5594320244125448, "pol2": -0.39580653741980343, "pol3": 0.7660570171276684, "pol4": 0.08633286047618904, "v0s": 3.7202698976385835}, "datetime": {"datetime": "2022-05-16 19:49:59", "elapsed": 414.404041, "delta": 11.409484}}
{"target": -1.0, "params": {"Bgrad": 0.7075320346894198, "d1": -1.8394221475818333, "d2": -0.5445156410349896, "d3": -1.7034458804102135, "d4": -1.1705592732360062, "p1": 22.20585535083072, "p2": 41.406768036575606, "p3": 21.31740771181153, "p4": 17.284941058775118, "pol1": 0.34994320961821046, "pol2": -0.5570358885329425, "pol3": -0.06550835214689243, "pol4": -0.3704686253519671, "v0s": 5.761133612977008}, "datetime": {"datetime": "2022-05-16 19:50:05", "elapsed": 420.775001, "delta": 6.37096}}
{"target": -1.0, "params": {"Bgrad": 1.8160407120422188, "d1": -1.209243999417486, "d2": 0.1378296751676924, "d3": -1.1721371977537984, "d4": -0.3750826731314745, "p1": 6.592048751375107, "p2": 21.649075348382407, "p3": 45.465599432746835, "p4": 30.273950051546734, "pol1": 0.5335491744742042, "pol2": 0.009401216191788686, "pol3": -0.003888750343985059, "pol4": 0.6857996803856998, "v0s": 2.4068416060457225}, "datetime": {"datetime": "2022-05-16 19:50:08", "elapsed": 423.563543, "delta": 2.788542}}
{"target": -1.0, "params": {"Bgrad": 1.359908407324527, "d1": 0.7710503017317971, "d2": -0.9285598073107124, "d3": -2.222136761888462, "d4": 0.39175756977390463, "p1": 12.58195711779264, "p2": 35.036301824126895, "p3": 27.013047019844993, "p4": 47.44181441401098, "pol1": 0.24867340480535183, "pol2": 0.6759559240954587, "pol3": -0.9841342476109538, "pol4": 0.978680112333276, "v0s": 2.466287421994319}, "datetime": {"datetime": "2022-05-16 19:50:19", "elapsed": 434.450424, "delta": 10.886881}}
{"target": -1.0, "params": {"Bgrad": 0.9831942704221543, "d1": 0.7846095818270613, "d2": -2.9642435905150197, "d3": 0.2909200216877421, "d4": 0.4448465534671775, "p1": 21.991540710428627, "p2": 12.78725969029656, "p3": 40.13447598166493, "p4": 23.893100221611057, "pol1": -0.7313227826886077, "pol2": 0.8556979856500215, "pol3": 0.7919399340132969, "pol4": -0.016909699966129343, "v0s": 7.140214979106753}, "datetime": {"datetime": "2022-05-16 19:50:27", "elapsed": 442.678417, "delta": 8.227993}}
{"target": -1.0, "params": {"Bgrad": 1.127867038646148, "d1": -0.2661403993347955, "d2": -1.4080374423683102, "d3": -0.9770319301967585, "d4": -2.241793188664291, "p1": 48.249446205545695, "p2": 14.710784412212735, "p3": 5.172977805820067, "p4": 7.215770011452404, "pol1": -0.9718154116151141, "pol2": 0.431891398924789, "pol3": 0.1289966404817482, "pol4": 0.5891567023695043, "v0s": 5.042479539704819}, "datetime": {"datetime": "2022-05-16 19:50:36", "elapsed": 451.628479, "delta": 8.950062}}
{"target": -1.0, "params": {"Bgrad": 1.6877315592562308, "d1": -0.21694314291264227, "d2": 0.11139390743670141, "d3": -1.3740685240916548, "d4": -0.4089174672500753, "p1": 8.98971488464872, "p2": 16.0909981693952, "p3": 8.630231005989625, "p4": 20.43186125066312, "pol1": -0.5171625040688024, "pol2": -0.18615601174128416, "pol3": 0.9504446848746242, "pol4": -0.35936134835593747, "v0s": 7.894945669849372}, "datetime": {"datetime": "2022-05-16 19:50:44", "elapsed": 459.946232, "delta": 8.317753}}
{"target": 5.264728301512143, "params": {"Bgrad": 1.4544591887839753, "d1": -1.499635926424356, "d2": 0.42993799633438634, "d3": -0.5216530425257049, "d4": -1.9918676794766426, "p1": 39.64278389884438, "p2": 21.646925436708152, "p3": 17.87555836652207, "p4": 16.513846826254046, "pol1": 0.39473775122627885, "pol2": -0.4626997521875469, "pol3": 0.6165560274107602, "pol4": -0.4094224112003044, "v0s": 5.264728301512143}, "datetime": {"datetime": "2022-05-16 19:50:51", "elapsed": 466.69219, "delta": 6.745958}}
{"target": -1.0, "params": {"Bgrad": 1.2318822377078036, "d1": 0.42142565038147906, "d2": 0.5535457375815436, "d3": -2.262462230528933, "d4": -0.6586061642469958, "p1": 44.910252300856854, "p2": 22.305860951721485, "p3": 46.09341527419077, "p4": 13.949544522848544, "pol1": 0.21766234838759146, "pol2": 0.3649074195336308, "pol3": -0.5435885332990318, "pol4": -0.9724649748845664, "v0s": 4.500343774224176}, "datetime": {"datetime": "2022-05-16 19:51:05", "elapsed": 481.140546, "delta": 14.448356}}
{"target": 4.231532730006124, "params": {"Bgrad": 1.907722837785101, "d1": -1.6278875606783738, "d2": 0.11897718193039974, "d3": -2.3010547486903703, "d4": -1.6321886547901903, "p1": 7.229886041904837, "p2": 35.8385407073188, "p3": 34.96538118484071, "p4": 34.42486589744594, "pol1": -0.4932079310274007, "pol2": 0.38472024324681775, "pol3": -0.5454049181681009, "pol4": -0.1507017681373206, "v0s": 4.231532730006124}, "datetime": {"datetime": "2022-05-16 19:51:11", "elapsed": 486.622882, "delta": 5.482336}}
{"target": 4.9837351155170975, "params": {"Bgrad": 1.0329618674301833, "d1": -2.7693807710349745, "d2": -0.47341349253624143, "d3": -0.17073358927320204, "d4": -0.5456452219886576, "p1": 32.41563780815623, "p2": 8.497035710862889, "p3": 7.472339946943124, "p4": 25.70875217629414, "pol1": 0.7506654527090781, "pol2": -0.6320931169055559, "pol3": -0.07432176258348022, "pol4": -0.14213533194019412, "v0s": 4.9837351155170975}, "datetime": {"datetime": "2022-05-16 19:51:18", "elapsed": 493.326951, "delta": 6.704069}}
{"target": 2.7485078004150756, "params": {"Bgrad": 0.7422661557290179, "d1": -1.6302374354607578, "d2": -1.9524783835859192, "d3": 0.37810777291791586, "d4": 0.20132898310560687, "p1": 21.33195791340718, "p2": 30.350773039451944, "p3": 7.273280513310998, "p4": 25.48066471087793, "pol1": -0.4061058284261909, "pol2": 0.7193019071384021, "pol3": 0.3431967618127798, "pol4": 0.26694802524484196, "v0s": 2.7485078004150756}, "datetime": {"datetime": "2022-05-16 19:51:21", "elapsed": 496.31097, "delta": 2.984019}}
{"target": -1.0, "params": {"Bgrad": 1.2058818192483285, "d1": 0.946291118347526, "d2": 0.7931966962906603, "d3": -0.4196574389582257, "d4": -2.3931005158721055, "p1": 31.95634243599525, "p2": 28.283105627196374, "p3": 23.4332918830626, "p4": 21.401873473413506, "pol1": 0.19853951131606018, "pol2": 0.6999397770319309, "pol3": 0.5022420807438748, "pol4": 0.1587210805944661, "v0s": 7.548225089216168}, "datetime": {"datetime": "2022-05-16 19:51:29", "elapsed": 504.339497, "delta": 8.028527}}
{"target": -1.0, "params": {"Bgrad": 0.5971099751623232, "d1": 0.9653860349272363, "d2": -2.788021829328042, "d3": -2.2020178154457546, "d4": -1.3089893534217563, "p1": 5.3754438092583845, "p2": 31.183520549885092, "p3": 2.399628202443366, "p4": 14.231194050347106, "pol1": -0.8779266377606578, "pol2": 0.40703866221016227, "pol3": 0.336912335178964, "pol4": -0.24283881349879555, "v0s": 3.129165560178927}, "datetime": {"datetime": "2022-05-16 19:51:36", "elapsed": 511.272953, "delta": 6.933456}}
{"target": 4.186268422209382, "params": {"Bgrad": 1.6205072435449177, "d1": -1.638482836938131, "d2": 0.1812046696225713, "d3": -1.0483962432815188, "d4": -0.8973222225960824, "p1": 1.4245424745783608, "p2": 32.21160099395159, "p3": 17.53282512160837, "p4": 11.460251364603286, "pol1": -0.13223324757659882, "pol2": -0.23506508545816485, "pol3": -0.06042191982727951, "pol4": 0.9589667083596127, "v0s": 4.186268422209382}, "datetime": {"datetime": "2022-05-16 19:51:40", "elapsed": 516.090069, "delta": 4.817116}}
{"target": -1.0, "params": {"Bgrad": 1.6616152000040592, "d1": -0.78892961380043, "d2": 0.5565243564299314, "d3": -1.580188595401712, "d4": -2.01792527925397, "p1": 45.55096198284841, "p2": 2.1767131878882684, "p3": 47.53767140305011, "p4": 27.820345783546262, "pol1": -0.247273566625825, "pol2": 0.9901046446782222, "pol3": -0.8832747077047367, "pol4": 0.03341271953522429, "v0s": 2.186582452733287}, "datetime": {"datetime": "2022-05-16 19:51:43", "elapsed": 519.005272, "delta": 2.915203}}
{"target": -1.0, "params": {"Bgrad": 1.3567636087793502, "d1": -2.2781259640195377, "d2": -0.47616319864187817, "d3": 0.9236947030023259, "d4": 0.4996102048495237, "p1": 22.591812471043532, "p2": 35.42304350258586, "p3": 38.87343750015946, "p4": 24.74215420912818, "pol1": 0.05706698035513025, "pol2": -0.6984312032556148, "pol3": -0.26120014877618747, "pol4": -0.7155574938544267, "v0s": 6.361362520067376}, "datetime": {"datetime": "2022-05-16 19:51:53", "elapsed": 528.651472, "delta": 9.6462}}
{"target": -1.0, "params": {"Bgrad": 1.215519491603395, "d1": -1.2044846531729378, "d2": 0.5439918846614051, "d3": -0.8895249107537544, "d4": -1.3636366723325604, "p1": 13.444601110632293, "p2": 3.6006017584884975, "p3": 20.90680668626579, "p4": 1.2876741203291686, "pol1": -0.4176921188951439, "pol2": 0.007019019696792972, "pol3": 0.9318661300394446, "pol4": -0.7812341716128308, "v0s": 6.038246325299732}, "datetime": {"datetime": "2022-05-16 19:52:03", "elapsed": 539.180314, "delta": 10.528842}}
{"target": -1.0, "params": {"Bgrad": 1.2498985566488, "d1": 0.10839291710313192, "d2": -2.425572008503163, "d3": -2.667189454256498, "d4": -1.4031255785901848, "p1": 39.84811259899501, "p2": 9.583786945494504, "p3": 38.3888596073637, "p4": 14.51489985309341, "pol1": -0.5662170247764093, "pol2": -0.9665688218459871, "pol3": -0.20268188015524258, "pol4": -0.23783701741309526, "v0s": 5.956069617172188}, "datetime": {"datetime": "2022-05-16 19:52:11", "elapsed": 546.296278, "delta": 7.115964}}
{"target": 2.4220006496931514, "params": {"Bgrad": 0.6063776007055808, "d1": -2.3895840518309126, "d2": -2.9336964683962634, "d3": -2.5448145742103727, "d4": -0.3928428959596384, "p1": 20.13284260874596, "p2": 16.05131570836579, "p3": 27.895599712188623, "p4": 49.6730231549925, "pol1": 0.6689730280360593, "pol2": 0.39924636479916775, "pol3": 0.8365171782641159, "pol4": -0.9205425866338304, "v0s": 2.4220006496931514}, "datetime": {"datetime": "2022-05-16 19:52:14", "elapsed": 549.317199, "delta": 3.020921}}
{"target": -1.0, "params": {"Bgrad": 1.211009434982082, "d1": -1.6033303481716907, "d2": 0.7490082485137957, "d3": -1.0417401554193257, "d4": -0.8414035596265976, "p1": 44.76301828656104, "p2": 22.331752291184525, "p3": 43.8517194635176, "p4": 12.679087468581418, "pol1": -0.45238059168378286, "pol2": -0.34327721982481973, "pol3": 0.09512854096190693, "pol4": -0.5597426519460376, "v0s": 6.02857502648764}, "datetime": {"datetime": "2022-05-16 19:52:26", "elapsed": 561.824746, "delta": 12.507547}}
{"target": 4.036500344105657, "params": {"Bgrad": 0.7141899242045007, "d1": -2.6235989020014423, "d2": 0.4807669848215106, "d3": -2.052525185772006, "d4": -1.455983955909618, "p1": 28.577104636266615, "p2": 26.2900984975735, "p3": 3.8011939721053434, "p4": 43.706296779901415, "pol1": 0.9022712368373842, "pol2": 0.6250146083493435, "pol3": -0.43239633010625145, "pol4": 0.055693592235918965, "v0s": 4.036500344105657}, "datetime": {"datetime": "2022-05-16 19:52:30", "elapsed": 565.388215, "delta": 3.563469}}
{"target": -1.0, "params": {"Bgrad": 1.3320009661815, "d1": 0.8976138756520102, "d2": -1.7531883291240744, "d3": -0.32481357630852115, "d4": -1.6961311707640565, "p1": 38.72386330075398, "p2": 16.290498330660242, "p3": 44.491367072368746, "p4": 37.58538604596334, "pol1": 0.5252641908902214, "pol2": -0.061041942880148525, "pol3": -0.5784709950625893, "pol4": -0.9170498408470023, "v0s": 3.930972799821467}, "datetime": {"datetime": "2022-05-16 19:52:39", "elapsed": 574.85689, "delta": 9.468675}}
{"target": -1.0, "params": {"Bgrad": 0.5556689967409916, "d1": -0.2245783545044011, "d2": -0.3185998722553265, "d3": -1.2781128690201, "d4": 0.071155910632692, "p1": 26.800424736978183, "p2": 1.9929963317726285, "p3": 6.739655898033953, "p4": 9.670819950745917, "pol1": -0.32867239767070044, "pol2": -0.8953741071250465, "pol3": 0.21023356100073243, "pol4": 0.0241220550478376, "v0s": 5.704766072102936}, "datetime": {"datetime": "2022-05-16 19:52:45", "elapsed": 581.14906, "delta": 6.29217}}
{"target": -1.0, "params": {"Bgrad": 1.1485333921465162, "d1": 0.3908018729497509, "d2": -1.1837637757633948, "d3": -2.9383859208323164, "d4": 0.4922725937883978, "p1": 32.81007738720494, "p2": 41.15015203242355, "p3": 47.588784651692585, "p4": 2.5456191758443603, "pol1": -0.5298562718179709, "pol2": -0.8733131130873204, "pol3": -0.15668422793509817, "pol4": 0.7276582910029039, "v0s": 2.489743896290409}, "datetime": {"datetime": "2022-05-16 19:52:56", "elapsed": 591.31487, "delta": 10.16581}}
{"target": -1.0, "params": {"Bgrad": 1.2096679293288177, "d1": -2.4978275607651055, "d2": 0.09154240866847108, "d3": 0.3656886271833737, "d4": -2.8268362472553656, "p1": 24.322037158519738, "p2": 11.970552206887797, "p3": 47.62368908466296, "p4": 47.19463138918981, "pol1": 0.22786800476940172, "pol2": 0.9469747946503926, "pol3": -0.310277312567498, "pol4": 0.7957014353353635, "v0s": 4.607569840451057}, "datetime": {"datetime": "2022-05-16 19:53:07", "elapsed": 603.159192, "delta": 11.844322}}
{"target": -1.0, "params": {"Bgrad": 0.8537219557212705, "d1": 0.7633118528055975, "d2": -0.2631277960670899, "d3": -2.7403536586434827, "d4": 0.48169942729226456, "p1": 35.069014731667316, "p2": 30.246343648714085, "p3": 36.61874495896652, "p4": 12.671952124989039, "pol1": 0.20097791054908876, "pol2": 0.6292383625233107, "pol3": -0.8917726793520002, "pol4": -0.7389786573214681, "v0s": 7.054674859738482}, "datetime": {"datetime": "2022-05-16 19:53:15", "elapsed": 610.855607, "delta": 7.696415}}
{"target": -1.0, "params": {"Bgrad": 1.4275188039918283, "d1": -0.874848758075768, "d2": -2.0068370840116057, "d3": -1.8196856990020165, "d4": 0.49074465967784775, "p1": 21.083296742485462, "p2": 3.22151277898034, "p3": 44.84925347537912, "p4": 10.169041641202552, "pol1": 0.6524550709847827, "pol2": 0.7635412461656146, "pol3": -0.026498510363323735, "pol4": 0.1969293862092727, "v0s": 5.163604738912502}, "datetime": {"datetime": "2022-05-16 19:53:25", "elapsed": 620.609518, "delta": 9.753911}}
{"target": -1.0, "params": {"Bgrad": 1.4372319412782486, "d1": 0.42016688538940583, "d2": -1.8714422063805576, "d3": 0.5350220327224036, "d4": -0.7292386795234029, "p1": 5.755152048345169, "p2": 11.350058260732897, "p3": 29.799119280650686, "p4": 11.972311845234017, "pol1": -0.7371686789250789, "pol2": -0.6763045717523297, "pol3": 0.6897450364714781, "pol4": 0.20436730778542156, "v0s": 7.781402523130051}, "datetime": {"datetime": "2022-05-16 19:53:33", "elapsed": 629.089837, "delta": 8.480319}}
{"target": -1.0, "params": {"Bgrad": 1.0185188199440383, "d1": -0.6174996074602013, "d2": -0.604058844106321, "d3": -0.537182851184205, "d4": -2.7632911712571104, "p1": 37.51585922873429, "p2": 47.410474909381264, "p3": 26.733952858979436, "p4": 9.62780104775342, "pol1": 0.5058518299598844, "pol2": -0.9853620613442724, "pol3": -0.3434877926984383, "pol4": 0.8352126952887864, "v0s": 5.530203997363261}, "datetime": {"datetime": "2022-05-16 19:53:43", "elapsed": 638.993348, "delta": 9.903511}}
{"target": -1.0, "params": {"Bgrad": 1.782785425856203, "d1": -0.581311790603249, "d2": 0.29031261009548404, "d3": 0.5179340937172676, "d4": -1.7160545019021871, "p1": 6.147738577608925, "p2": 36.06516720932854, "p3": 22.017354341561912, "p4": 6.33678545710043, "pol1": 0.17964729621977837, "pol2": -0.9278633708602801, "pol3": -0.5996357671780261, "pol4": 0.5766023793359378, "v0s": 2.072580560092147}, "datetime": {"datetime": "2022-05-16 19:53:58", "elapsed": 654.090968, "delta": 15.09762}}
{"target": 5.507283596699779, "params": {"Bgrad": 0.9550185075628537, "d1": -2.914496155647717, "d2": 0.9899399709133179, "d3": -0.671880094626153, "d4": -1.8264948860557735, "p1": 46.447473094655784, "p2": 25.355971177410225, "p3": 22.734611377620347, "p4": 29.393575314809322, "pol1": -0.47172471157886076, "pol2": -0.3894234013051334, "pol3": -0.2566908465516351, "pol4": -0.5111040012567782, "v0s": 5.507283596699779}, "datetime": {"datetime": "2022-05-16 19:54:05", "elapsed": 660.933667, "delta": 6.842699}}
{"target": -1.0, "params": {"Bgrad": 1.5437692008984896, "d1": -2.7122111193439955, "d2": 0.8843332785018552, "d3": 0.012282623477819499, "d4": 0.22465265181363314, "p1": 37.58202020406453, "p2": 4.003048863560865, "p3": 24.084814151058854, "p4": 22.283647820082802, "pol1": 0.34494530104985976, "pol2": -0.10252548235135617, "pol3": 0.4086267967678192, "pol4": 0.3632906752052458, "v0s": 6.182891172516538}, "datetime": {"datetime": "2022-05-16 19:54:17", "elapsed": 672.632377, "delta": 11.69871}}
{"target": -1.0, "params": {"Bgrad": 1.4279011138423046, "d1": -2.396077066881417, "d2": 0.04320982522302419, "d3": 0.12418328877582807, "d4": 0.6164119436552196, "p1": 11.688434630205297, "p2": 8.83394465361707, "p3": 19.55495615533812, "p4": 16.02823269975801, "pol1": 0.6309538580112524, "pol2": 0.22705179933686326, "pol3": 0.5200035046994977, "pol4": -0.1446698006060716, "v0s": 2.5966433774935354}, "datetime": {"datetime": "2022-05-16 19:54:27", "elapsed": 682.910885, "delta": 10.278508}}
{"target": -1.0, "params": {"Bgrad": 0.6725525180753693, "d1": -1.5063714730512188, "d2": -2.2246089299619713, "d3": 0.282985994491753, "d4": -0.6014559663051329, "p1": 34.44226295093325, "p2": 24.55549806521481, "p3": 4.408684062109053, "p4": 11.753881834308515, "pol1": -0.07679583821675595, "pol2": -0.6028169938921475, "pol3": -0.9490475284423594, "pol4": 0.4587953965123053, "v0s": 6.349500483314715}, "datetime": {"datetime": "2022-05-16 19:54:34", "elapsed": 689.245942, "delta": 6.335057}}
{"target": -1.0, "params": {"Bgrad": 0.9955876195425541, "d1": 0.3739765042546219, "d2": -1.2862300961957063, "d3": 0.45874457905413735, "d4": -0.3717383015084419, "p1": 29.051782870904507, "p2": 10.03637440175455, "p3": 26.477330523919747, "p4": 44.721620921378616, "pol1": -0.39001204832956793, "pol2": 0.7418912183221067, "pol3": 0.8174905457167763, "pol4": -0.3403108746362353, "v0s": 6.098446198019385}, "datetime": {"datetime": "2022-05-16 19:54:43", "elapsed": 698.465283, "delta": 9.219341}}
{"target": -1.0, "params": {"Bgrad": 1.8488314243489532, "d1": -2.6972124729667866, "d2": 0.5143514528190818, "d3": -2.2366425469260776, "d4": 0.3990756400717226, "p1": 33.3559394349602, "p2": 17.216959772502694, "p3": 7.56877849963995, "p4": 31.76854807442267, "pol1": 0.6955760874294832, "pol2": 0.6436987495280211, "pol3": 0.2564791942613156, "pol4": 0.9126030195104642, "v0s": 5.539538762454619}, "datetime": {"datetime": "2022-05-16 19:54:55", "elapsed": 710.375428, "delta": 11.910145}}
{"target": -1.0, "params": {"Bgrad": 0.796749176971879, "d1": -1.2826771095340308, "d2": -1.6530160051953309, "d3": 0.9677800476291241, "d4": -1.479054015530941, "p1": 49.635043683240895, "p2": 25.94021253667071, "p3": 8.613985073856274, "p4": 3.728703562573993, "pol1": -0.25938861245222467, "pol2": -0.7531622803705402, "pol3": 0.2690374325836833, "pol4": -0.17216030854118225, "v0s": 7.945493795152701}, "datetime": {"datetime": "2022-05-16 19:55:01", "elapsed": 716.468132, "delta": 6.092704}}
{"target": -1.0, "params": {"Bgrad": 1.8949334354799767, "d1": -2.403055870761, "d2": -1.420470949852798, "d3": -1.1536811561504554, "d4": -0.7562049795122192, "p1": 39.018176164463426, "p2": 24.359695453671186, "p3": 20.99967760051204, "p4": 13.099985235966782, "pol1": 0.8216122781735169, "pol2": -0.9554569769343917, "pol3": 0.6422437964379293, "pol4": -0.623063200667163, "v0s": 6.114541395035284}, "datetime": {"datetime": "2022-05-16 19:55:10", "elapsed": 726.124306, "delta": 9.656174}}
