{"target": 4.264472839796896, "params": {"Bgrad": 1.2198497569467226, "d1": -2.993571604483232, "d2": 0.16212900484314474, "d3": -1.249712974677784, "d4": 0.08914938985178056, "p1": 5.471411681335042, "p2": 27.253155823378183, "p3": 43.159277821435595, "p4": 20.924586014992236, "pol1": -0.7816477933393324, "pol2": 0.026105417898829142, "pol3": 0.06744775166291617, "pol4": 0.01577703565133115, "v0s": 4.264472839796896}, "datetime": {"datetime": "2022-05-17 14:12:07", "elapsed": 66543.085682, "delta": 22.658398}}
{"target": 4.163752463276972, "params": {"Bgrad": 1.8052316787598455, "d1": -1.9574489625220295, "d2": 0.2544047974570932, "d3": -1.370485031870787, "d4": -0.31721370211012817, "p1": 29.2044303941044, "p2": 41.621319604052225, "p3": 29.75051280840579, "p4": 20.6917823826361, "pol1": -0.384839981215846, "pol2": -0.39001220425470645, "pol3": 0.23952950146270038, "pol4": -1.0, "v0s": 4.163752463276972}, "datetime": {"datetime": "2022-05-17 14:12:38", "elapsed": 66573.820477, "delta": 30.734795}}
{"target": 2.8458947911091994, "params": {"Bgrad": 1.1017490752929884, "d1": -2.455012344900785, "d2": -0.3746019058916721, "d3": -0.7870061780868642, "d4": -2.442467077368074, "p1": 0.12157307111821947, "p2": 32.59875671820341, "p3": 28.51119450965905, "p4": 39.339405751175455, "pol1": -0.23430270073316084, "pol2": -0.39939577056462894, "pol3": -0.03272788528293935, "pol4": -0.7033490961665219, "v0s": 2.8458947911091994}, "datetime": {"datetime": "2022-05-17 14:13:07", "elapsed": 66602.724171, "delta": 28.903694}}
{"target": 4.004305746941833, "params": {"Bgrad": 2.0, "d1": -2.557743101479125, "d2": 1.0, "d3": -1.7836845424387597, "d4": -2.5424378978946254, "p1": 44.4584835007077, "p2": 22.6397591124049, "p3": 25.642459865786368, "p4": 10.80340049071457, "pol1": -1.0, "pol2": -0.2374020900727357, "pol3": -0.1006189532519244, "pol4": 0.4537556862975024, "v0s": 4.004305746941833}, "datetime": {"datetime": "2022-05-17 14:13:38", "elapsed": 66634.110225, "delta": 31.386054}}
{"target": 4.951913266663276, "params": {"Bgrad": 0.896605296731315, "d1": -3.0, "d2": 0.4143009319481798, "d3": -0.46021360702816494, "d4": -0.3978821934606179, "p1": 35.79991225886489, "p2": 10.456165187159694, "p3": 41.463337476675584, "p4": 38.28510211088025, "pol1": 1.0, "pol2": -0.3859154392152795, "pol3": -1.0, "pol4": -1.0, "v0s": 4.951913266663276}, "datetime": {"datetime": "2022-05-17 14:14:04", "elapsed": 66660.142599, "delta": 26.032374}}
{"target": -1.0, "params": {"Bgrad": 0.5, "d1": -3.0, "d2": 1.0, "d3": -1.5217683769385515, "d4": -0.20980120706111974, "p1": 25.210038499572462, "p2": 12.876957822023348, "p3": 36.09912958817024, "p4": 23.577768529116863, "pol1": 0.6500531325350289, "pol2": -1.0, "pol3": -1.0, "pol4": -0.22469038506333555, "v0s": 6.102070877292267}, "datetime": {"datetime": "2022-05-17 14:14:32", "elapsed": 66687.742778, "delta": 27.600179}}
{"target": 3.6430747864503825, "params": {"Bgrad": 1.0043844031920304, "d1": -1.8066315832458428, "d2": 0.6519974233364064, "d3": -2.832692859875742, "d4": -1.920357727078769, "p1": 4.428726323069917, "p2": 38.54222611254741, "p3": 32.75403209348359, "p4": 43.62644060228119, "pol1": -0.17990019957904693, "pol2": 0.42783041065667077, "pol3": 0.9250474290776067, "pol4": 0.7454870156958058, "v0s": 3.6430747864503825}, "datetime": {"datetime": "2022-05-17 14:15:05", "elapsed": 66720.670708, "delta": 32.92793}}
{"target": 3.906115576013034, "params": {"Bgrad": 2.0, "d1": -2.0457103901595626, "d2": -0.5363073618063512, "d3": -1.4455936747619769, "d4": -0.35917953096818966, "p1": 28.188232508077565, "p2": 40.52174519923539, "p3": 29.332567840873267, "p4": 20.70636381781426, "pol1": -0.9642374400364097, "pol2": 0.40011722128347205, "pol3": 1.0, "pol4": -1.0, "v0s": 3.906115576013034}, "datetime": {"datetime": "2022-05-17 14:15:38", "elapsed": 66753.574703, "delta": 32.903995}}
{"target": 4.819228092896983, "params": {"Bgrad": 1.217167908181933, "d1": -3.0, "d2": 0.6802387118998536, "d3": -2.57991838533108, "d4": -1.7916662299883992, "p1": 31.82787934480298, "p2": 6.891890435499248, "p3": 37.52612672630814, "p4": 30.51986435409511, "pol1": 0.4909092885707555, "pol2": 1.0, "pol3": 0.729877283052574, "pol4": -0.5400178706264573, "v0s": 4.819228092896983}, "datetime": {"datetime": "2022-05-17 14:16:16", "elapsed": 66791.89122, "delta": 38.316517}}
{"target": 4.078421120631105, "params": {"Bgrad": 1.4008594650498172, "d1": -2.202814676073606, "d2": -0.9817087536232307, "d3": -2.1972966950922084, "d4": -3.0, "p1": 21.185631693013352, "p2": 5.734034534367901, "p3": 45.455015059785666, "p4": 40.884321915191435, "pol1": 1.0, "pol2": 1.0, "pol3": -1.0, "pol4": -0.21910671848871346, "v0s": 4.078421120631105}, "datetime": {"datetime": "2022-05-17 14:16:42", "elapsed": 66817.952516, "delta": 26.061296}}
{"target": 5.077825584351566, "params": {"Bgrad": 0.5, "d1": -2.478085320938666, "d2": -0.2675919372168587, "d3": -1.1014644141701568, "d4": -2.46228253014594, "p1": 1.7845255658151626, "p2": 12.87567246974554, "p3": 37.88283564084147, "p4": 47.54492563956158, "pol1": 0.7031211265507773, "pol2": -0.09111661793231728, "pol3": 0.16362373912423522, "pol4": 0.514834274721224, "v0s": 5.077825584351566}, "datetime": {"datetime": "2022-05-17 14:17:18", "elapsed": 66854.072907, "delta": 36.120391}}
{"target": -1.0, "params": {"Bgrad": 0.7413867659028355, "d1": -2.531682778105797, "d2": -0.5133664962846005, "d3": -1.783217597526574, "d4": -1.310532697937786, "p1": 24.946324770584578, "p2": 10.041323188873841, "p3": 7.659237332570735, "p4": 23.303098633703634, "pol1": 0.2370848082644217, "pol2": 0.9107213775327203, "pol3": 0.7445631010977087, "pol4": 0.1713079462410807, "v0s": 5.858658946845948}, "datetime": {"datetime": "2022-05-17 14:17:45", "elapsed": 66880.240917, "delta": 26.16801}}
{"target": 4.912759889925838, "params": {"Bgrad": 0.5, "d1": -2.5418538373723005, "d2": 0.5743202065239965, "d3": -2.225016772929218, "d4": -2.459860788314051, "p1": 32.68634005117692, "p2": 6.22150740950538, "p3": 37.32300748577276, "p4": 30.066840513735343, "pol1": -0.6632211523664818, "pol2": 0.43037168502348294, "pol3": 0.7981423341934235, "pol4": -0.5904752727365388, "v0s": 4.912759889925838}, "datetime": {"datetime": "2022-05-17 14:18:07", "elapsed": 66902.360755, "delta": 22.119838}}
{"target": 3.9688528081972274, "params": {"Bgrad": 1.1732374714930633, "d1": -2.0599255585094043, "d2": 0.6520154410970944, "d3": -2.280014697044725, "d4": -3.0, "p1": 26.66178505243393, "p2": 7.844132547279838, "p3": 36.36929865363895, "p4": 30.354622689327794, "pol1": 0.6681877481527955, "pol2": -0.27548578785979855, "pol3": 0.5056754088378307, "pol4": 0.7124571819911653, "v0s": 3.9688528081972274}, "datetime": {"datetime": "2022-05-17 14:18:34", "elapsed": 66929.984871, "delta": 27.624116}}
{"target": 3.602259507454926, "params": {"Bgrad": 1.264172567092411, "d1": -2.4566849604043863, "d2": 0.6183077832131058, "d3": -0.7574165100104336, "d4": -1.2688788634263455, "p1": 28.855219512165455, "p2": 41.72735904650804, "p3": 29.29030584424553, "p4": 20.633325227885575, "pol1": -0.8353612067787437, "pol2": 0.7423540675022247, "pol3": 1.0, "pol4": -1.0, "v0s": 3.602259507454926}, "datetime": {"datetime": "2022-05-17 14:18:57", "elapsed": 66952.686154, "delta": 22.701283}}
{"target": -1.0, "params": {"Bgrad": 1.6578921594115135, "d1": -2.7764494332503804, "d2": -0.5623600232261716, "d3": 0.4200274964334838, "d4": -1.3374410045603806, "p1": 38.81388840234354, "p2": 9.524503995586075, "p3": 38.93773857299559, "p4": 38.608656565208584, "pol1": 0.5137657136262244, "pol2": -0.5047215594546559, "pol3": 0.3218751441476375, "pol4": 0.39653212340915545, "v0s": 2.850347550886803}, "datetime": {"datetime": "2022-05-17 14:20:10", "elapsed": 67025.353795, "delta": 72.667641}}
{"target": 4.5530683512248755, "params": {"Bgrad": 1.7272285082776822, "d1": -2.2457843171632392, "d2": -2.610637802887586, "d3": -2.9931868093565166, "d4": -0.6516555386720708, "p1": 7.503987327393524, "p2": 7.142747220765106, "p3": 44.84638559087396, "p4": 17.561266828263477, "pol1": 0.2550291483770464, "pol2": 0.7359552212396243, "pol3": -0.8994598298885592, "pol4": 0.30270447925916777, "v0s": 4.5530683512248755}, "datetime": {"datetime": "2022-05-17 14:20:35", "elapsed": 67050.591294, "delta": 25.237499}}
{"target": -1.0, "params": {"Bgrad": 1.3954608292112922, "d1": -1.730651079815733, "d2": -0.9436465450653788, "d3": -0.25512266663593763, "d4": -2.2013560719660497, "p1": 30.181442824765707, "p2": 39.878416752471495, "p3": 31.075320929370765, "p4": 23.34537187555683, "pol1": -0.2479917656934616, "pol2": 0.31974858328341993, "pol3": 0.5116443406268667, "pol4": -0.3500379279292052, "v0s": 3.87721643436966}, "datetime": {"datetime": "2022-05-17 14:21:10", "elapsed": 67086.098326, "delta": 35.507032}}
{"target": 4.639424434832635, "params": {"Bgrad": 2.0, "d1": -2.9624620012379137, "d2": 0.29037602193055684, "d3": -1.4075195359021744, "d4": -0.6402010155330011, "p1": 36.79878473129522, "p2": 8.549383956336813, "p3": 8.177011278077487, "p4": 30.395524129643444, "pol1": -0.6794725159674111, "pol2": 1.0, "pol3": -1.0, "pol4": 1.0, "v0s": 4.639424434832635}, "datetime": {"datetime": "2022-05-17 14:21:40", "elapsed": 67115.874687, "delta": 29.776361}}
{"target": 3.5230062364556485, "params": {"Bgrad": 1.9292010495122387, "d1": -2.1061415459087156, "d2": 0.635154694551594, "d3": -2.657337963036909, "d4": -1.283455880467331, "p1": 8.6198303733949, "p2": 35.24639054620119, "p3": 35.44275550477523, "p4": 36.58055880174302, "pol1": 0.6564002865086813, "pol2": -0.2728884761990895, "pol3": 0.22370397100749528, "pol4": -0.2553771910141558, "v0s": 3.5230062364556485}, "datetime": {"datetime": "2022-05-17 14:22:10", "elapsed": 67145.868463, "delta": 29.993776}}
{"target": 4.63957931280012, "params": {"Bgrad": 1.5091858385276469, "d1": -3.0, "d2": -2.9310474316815864, "d3": -3.0, "d4": -0.8078727641759013, "p1": 7.7999605113290285, "p2": 5.903212808008682, "p3": 46.21784164197188, "p4": 17.210682477223916, "pol1": -0.22749368773382075, "pol2": 0.040069475923629146, "pol3": -0.7709084133841118, "pol4": 0.6528828470002644, "v0s": 4.63957931280012}, "datetime": {"datetime": "2022-05-17 14:22:41", "elapsed": 67177.202656, "delta": 31.334193}}
{"target": -1.0, "params": {"Bgrad": 0.5781625148272399, "d1": -2.4650176416019507, "d2": -0.8946990940015702, "d3": -1.9414842617801416, "d4": -2.2703408769835027, "p1": 5.60691915170991, "p2": 30.343471530228527, "p3": 32.554094943201825, "p4": 37.92393168942404, "pol1": 0.9808110280765814, "pol2": -0.25042508904152805, "pol3": 0.9323660486880982, "pol4": 0.8867801036166048, "v0s": 4.635326862312632}, "datetime": {"datetime": "2022-05-17 14:23:14", "elapsed": 67209.813436, "delta": 32.61078}}
{"target": -1.0, "params": {"Bgrad": 2.0, "d1": -3.0, "d2": 0.7891060524520077, "d3": 0.02940695744824366, "d4": -2.890683640272392, "p1": 31.136367269640754, "p2": 12.983721576130746, "p3": 38.70895207397515, "p4": 26.16582491074108, "pol1": 1.0, "pol2": 0.5926894261464271, "pol3": -1.0, "pol4": 0.16391782287375406, "v0s": 5.980862130434808}, "datetime": {"datetime": "2022-05-17 14:23:42", "elapsed": 67237.893332, "delta": 28.079896}}
{"target": 3.843935443912092, "params": {"Bgrad": 0.7693933185382094, "d1": -1.9550113687241488, "d2": 0.9125487350864279, "d3": -0.6825991283279547, "d4": -2.7078587765938975, "p1": 4.648044184775635, "p2": 37.682697488739855, "p3": 38.99565510777041, "p4": 31.74073085006146, "pol1": -0.9695315106613926, "pol2": -0.47233635764396076, "pol3": -0.9786234349116458, "pol4": -0.6726039820272298, "v0s": 3.843935443912092}, "datetime": {"datetime": "2022-05-17 14:24:04", "elapsed": 67260.217622, "delta": 22.32429}}
{"target": -1.0, "params": {"Bgrad": 1.4293691824716146, "d1": -1.5688323092336485, "d2": 0.2418397411566353, "d3": -2.4544791923922986, "d4": -2.119044465696883, "p1": 0.6306464695373382, "p2": 14.170168687338586, "p3": 36.013887573617254, "p4": 48.37998008559383, "pol1": -0.19809068463727186, "pol2": -0.447932458637867, "pol3": 0.1830162242451785, "pol4": 0.8986351815116929, "v0s": 5.835534880193371}, "datetime": {"datetime": "2022-05-17 14:24:34", "elapsed": 67289.61001, "delta": 29.392388}}
{"target": 4.5183179209024, "params": {"Bgrad": 0.9341765309014632, "d1": -2.443562754221867, "d2": 0.21434541756449624, "d3": -1.805966547400261, "d4": -3.0, "p1": 6.4919634129162755, "p2": 26.79017135965036, "p3": 42.95316797642961, "p4": 21.096734592199613, "pol1": 0.3155824956007569, "pol2": -0.3706024766682643, "pol3": 0.008574846892718624, "pol4": 0.0842222910546205, "v0s": 4.5183179209024}, "datetime": {"datetime": "2022-05-17 14:25:07", "elapsed": 67322.925901, "delta": 33.315891}}
{"target": -1.0, "params": {"Bgrad": 0.963565278845304, "d1": -2.2613214609584777, "d2": -1.5589679703459254, "d3": -2.9085475901191935, "d4": -2.717429120304118, "p1": 1.9698960130237864, "p2": 10.758074293106251, "p3": 37.91306536726226, "p4": 47.57650098994911, "pol1": -0.015770049545403175, "pol2": -0.09862140991046853, "pol3": 0.40136442175278986, "pol4": -0.11405467203780262, "v0s": 6.6253446815475385}, "datetime": {"datetime": "2022-05-17 14:25:33", "elapsed": 67348.270115, "delta": 25.344214}}
{"target": 4.955859544627468, "params": {"Bgrad": 1.5072667761078262, "d1": -2.0749650090789187, "d2": 0.6626845270467245, "d3": -2.173310706125951, "d4": -2.211552171094642, "p1": 32.420001301563076, "p2": 9.262504636495951, "p3": 41.1139635792195, "p4": 35.72040338772261, "pol1": 0.8491228493372537, "pol2": -0.7306096833966661, "pol3": -0.9725724555821348, "pol4": 0.34399189665357705, "v0s": 4.955859544627468}, "datetime": {"datetime": "2022-05-17 14:26:09", "elapsed": 67384.266837, "delta": 35.996722}}
{"target": 5.995782078625739, "params": {"Bgrad": 0.5954492146913274, "d1": -2.7398559930305004, "d2": 1.0, "d3": -3.0, "d4": 0.14525333594443085, "p1": 25.737585463972636, "p2": 12.904838853436816, "p3": 35.34938412702939, "p4": 23.80953577387393, "pol1": 0.04415424647654352, "pol2": -1.0, "pol3": -0.8031807617049381, "pol4": 1.0, "v0s": 5.995782078625739}, "datetime": {"datetime": "2022-05-17 14:26:41", "elapsed": 67417.078079, "delta": 32.811242}}
{"target": 2.6922030488945223, "params": {"Bgrad": 0.8935887944815252, "d1": -2.1269728857954013, "d2": -0.08989154421579837, "d3": -0.9203752320255636, "d4": -0.9207124540310194, "p1": 7.374655036519384, "p2": 29.958547259288043, "p3": 43.02526271823716, "p4": 19.011134540754306, "pol1": 0.6921145008860179, "pol2": -0.9445914964484545, "pol3": -0.9047290126543333, "pol4": 0.1989225988608878, "v0s": 2.6922030488945223}, "datetime": {"datetime": "2022-05-17 14:27:03", "elapsed": 67438.986482, "delta": 21.908403}}
{"target": 4.627717404270569, "params": {"Bgrad": 1.974360973107361, "d1": -1.9730909818907008, "d2": 1.0, "d3": -2.2492299984820767, "d4": -1.2440331405751834, "p1": 28.326826323111412, "p2": 10.808587094733697, "p3": 10.19069905175308, "p4": 23.349746946420456, "pol1": -0.8495337959876964, "pol2": -0.8569743171327927, "pol3": 0.6272922035326091, "pol4": 0.3534742901896468, "v0s": 4.627717404270569}, "datetime": {"datetime": "2022-05-17 14:27:38", "elapsed": 67473.311676, "delta": 34.325194}}
{"target": 4.3209463884149635, "params": {"Bgrad": 1.7419671517140976, "d1": -1.4463733315045804, "d2": 0.42869170783633265, "d3": -1.9095977120399037, "d4": -2.266011063953646, "p1": 5.486417271124364, "p2": 38.43128217768669, "p3": 34.43679130884469, "p4": 41.49178563929643, "pol1": -0.5011227918239171, "pol2": 1.0, "pol3": 0.34500205966945824, "pol4": -0.4799347523018655, "v0s": 4.3209463884149635}, "datetime": {"datetime": "2022-05-17 14:28:19", "elapsed": 67514.246191, "delta": 40.934515}}
{"target": 4.596333480215445, "params": {"Bgrad": 0.8774823465730082, "d1": -3.0, "d2": 0.6219713045105651, "d3": -2.7195657821880035, "d4": -1.4092062884704684, "p1": 9.3286256908991, "p2": 26.462680014273122, "p3": 42.68754978054951, "p4": 22.44658789022056, "pol1": 0.028207236114823384, "pol2": -0.3200950047281434, "pol3": -0.21733164629810114, "pol4": -0.23542224490731942, "v0s": 4.596333480215445}, "datetime": {"datetime": "2022-05-17 14:28:43", "elapsed": 67538.237025, "delta": 23.990834}}
{"target": 4.892590510647059, "params": {"Bgrad": 0.5910215394681857, "d1": -2.706402361410894, "d2": 0.5083541969798476, "d3": -1.075515910209288, "d4": -2.5062393264750695, "p1": 2.6949138118871248, "p2": 32.796569950015396, "p3": 31.46683138284154, "p4": 37.63697018261716, "pol1": 0.3376955186405244, "pol2": 0.9818898681491395, "pol3": -0.5112480620652844, "pol4": -0.5184803683181864, "v0s": 4.892590510647059}, "datetime": {"datetime": "2022-05-17 14:29:08", "elapsed": 67564.113814, "delta": 25.876789}}
{"target": -1.0, "params": {"Bgrad": 1.4793317026287414, "d1": 0.8059284506239464, "d2": 0.5194564003681159, "d3": -0.4908609518757445, "d4": -0.1077680488283308, "p1": 5.757191472002776, "p2": 39.04295780735718, "p3": 34.73833880787145, "p4": 45.429998870415425, "pol1": 0.10631120289881135, "pol2": -0.462771608169978, "pol3": 0.40955150316250366, "pol4": -0.024153590748069442, "v0s": 2.937299348455036}, "datetime": {"datetime": "2022-05-17 14:29:44", "elapsed": 67600.208275, "delta": 36.094461}}
{"target": -1.0, "params": {"Bgrad": 0.7655447438383336, "d1": -2.4508975112572715, "d2": 0.9604343268604016, "d3": -2.278920944178613, "d4": 0.7867174436564088, "p1": 33.37560402724418, "p2": 6.947643572301965, "p3": 37.31468209611354, "p4": 30.220439811979343, "pol1": -0.40405185108294095, "pol2": -0.4630605070766445, "pol3": 0.8107511142537052, "pol4": 0.48126140998866784, "v0s": 3.5795000259305416}, "datetime": {"datetime": "2022-05-17 14:30:15", "elapsed": 67630.894201, "delta": 30.685926}}
{"target": -1.0, "params": {"Bgrad": 1.641121621564228, "d1": -2.35184960526773, "d2": 0.6516125374203838, "d3": -2.1105288694707256, "d4": -3.0, "p1": 30.423913858148975, "p2": 13.610849786943234, "p3": 37.84776941319592, "p4": 25.94531251427974, "pol1": 1.0, "pol2": 0.6971299855410077, "pol3": -1.0, "pol4": 0.2661714870232598, "v0s": 5.752028600177608}, "datetime": {"datetime": "2022-05-17 14:31:13", "elapsed": 67688.314623, "delta": 57.420422}}
{"target": -1.0, "params": {"Bgrad": 1.6392497439360858, "d1": -1.605906004529169, "d2": -1.247426757068427, "d3": -2.86793011189373, "d4": 0.20210581308926656, "p1": 30.963206122876624, "p2": 15.356587370658591, "p3": 31.582913130894607, "p4": 24.44232320107113, "pol1": -0.02276528708858372, "pol2": 0.7965382496986855, "pol3": -0.5871523605468183, "pol4": 0.9925277844381375, "v0s": 5.321983157372487}, "datetime": {"datetime": "2022-05-17 14:31:57", "elapsed": 67732.880426, "delta": 44.565803}}
{"target": 4.171574722595294, "params": {"Bgrad": 1.6715706442018978, "d1": -3.0, "d2": 1.0, "d3": -1.5179401204565972, "d4": -2.2602867448946498, "p1": 31.309780409664462, "p2": 7.262637993551471, "p3": 7.892099746095834, "p4": 24.417215075785208, "pol1": -0.3631436768440452, "pol2": -1.0, "pol3": 0.7325504163839593, "pol4": -0.2623169879341596, "v0s": 4.171574722595294}, "datetime": {"datetime": "2022-05-17 14:32:21", "elapsed": 67756.419468, "delta": 23.539042}}
{"target": 3.3894897326959734, "params": {"Bgrad": 1.7043737037323596, "d1": -3.0, "d2": -1.3105592887213517, "d3": -0.6965295952125412, "d4": -1.563305762462468, "p1": 2.009170603424371, "p2": 3.2782744649760356, "p3": 42.18243162847065, "p4": 25.442400692577735, "pol1": 0.37242758409306836, "pol2": -0.05056634864159865, "pol3": -0.5553835897477589, "pol4": 1.0, "v0s": 3.3894897326959734}, "datetime": {"datetime": "2022-05-17 14:32:47", "elapsed": 67782.915601, "delta": 26.496133}}
{"target": 2.644244021597978, "params": {"Bgrad": 1.1393564006770855, "d1": -1.3526197309771972, "d2": -2.3155549091472976, "d3": 0.8025668905697256, "d4": -0.21311225003862866, "p1": 43.29301232502743, "p2": 20.99437070489204, "p3": 15.014472224284326, "p4": 12.463285702776773, "pol1": -0.7778359336743552, "pol2": -0.04959616127467292, "pol3": -0.69015476131123, "pol4": -0.06269846534764656, "v0s": 2.644244021597978}, "datetime": {"datetime": "2022-05-17 14:33:21", "elapsed": 67816.778032, "delta": 33.862431}}
{"target": 3.6030239422755987, "params": {"Bgrad": 1.731370695859159, "d1": -2.177461924398461, "d2": 0.9869833494943472, "d3": -2.865453622432635, "d4": -1.4936595323265274, "p1": 27.12098531603025, "p2": 11.040475802626453, "p3": 7.806123280133869, "p4": 24.3795370664931, "pol1": 0.8317009252599659, "pol2": 0.7307427027356321, "pol3": 0.8646420525983802, "pol4": 0.14593198092373671, "v0s": 3.6030239422755987}, "datetime": {"datetime": "2022-05-17 14:33:45", "elapsed": 67840.766871, "delta": 23.988839}}
{"target": 4.328589985065273, "params": {"Bgrad": 1.2009904732845267, "d1": -1.9065940026512829, "d2": 0.9588279455382418, "d3": -0.8739264614077764, "d4": -2.252447603953591, "p1": 29.012409882823125, "p2": 9.333856517249394, "p3": 10.460313924148618, "p4": 26.439778793787372, "pol1": 0.7257935020917188, "pol2": 0.055873174854184526, "pol3": 0.2525765312089845, "pol4": 0.7355779838184591, "v0s": 4.328589985065273}, "datetime": {"datetime": "2022-05-17 14:34:09", "elapsed": 67864.425594, "delta": 23.658723}}
{"target": 3.9135249001338783, "params": {"Bgrad": 1.9666782836754795, "d1": -1.2846177674898978, "d2": 0.6284885164199894, "d3": -1.5671555665927173, "d4": -0.9320274717116552, "p1": 1.3745687308390098, "p2": 31.84786810130953, "p3": 26.75572122907034, "p4": 43.141155853174034, "pol1": 0.7868474709997888, "pol2": -0.5573029758496089, "pol3": -0.720996141292459, "pol4": -0.5536390762256012, "v0s": 3.9135249001338783}, "datetime": {"datetime": "2022-05-17 14:34:50", "elapsed": 67905.846806, "delta": 41.421212}}
