{"target": 4.528186093170342, "params": {"Bgrad": 0.5, "d1": -3.0, "d2": -3.0, "d3": -3.0, "d4": -1.8064988824946828, "p1": 5.479142939657861, "p2": 1.6762161105466538, "p3": 38.16424260327671, "p4": 20.445528527846008, "pol1": 0.22370749285125124, "pol2": 0.6786167083257628, "pol3": -0.31792301100726444, "pol4": -0.1294074574360279, "v0s": 4.528186093170342}, "datetime": {"datetime": "2022-05-16 21:20:33", "elapsed": 5848.294625, "delta": 5.654876}}
{"target": 3.745061096298386, "params": {"Bgrad": 1.2812057116886133, "d1": -2.9547042042584803, "d2": -2.8247564130938914, "d3": -2.4400809709618247, "d4": 0.1187897425801901, "p1": 19.638549080576706, "p2": 17.380636778037797, "p3": 28.280573236612003, "p4": 48.820460529480805, "pol1": 0.6406121371689552, "pol2": 0.21841999007040058, "pol3": 0.29403016828349715, "pol4": -0.6020620007242488, "v0s": 3.745061096298386}, "datetime": {"datetime": "2022-05-16 21:20:39", "elapsed": 5854.629681, "delta": 6.335056}}
{"target": 3.864581933781995, "params": {"Bgrad": 1.2745160265026254, "d1": -0.9828621035403504, "d2": 0.2089096083050337, "d3": -2.502147479398943, "d4": -2.936122788846678, "p1": 1.8705010281065526, "p2": 34.52028205401252, "p3": 35.15914585498379, "p4": 36.942289185628375, "pol1": -0.0675015427736112, "pol2": 0.8859381444394663, "pol3": -0.38792209904102615, "pol4": -0.8049054300493541, "v0s": 3.864581933781995}, "datetime": {"datetime": "2022-05-16 21:20:47", "elapsed": 5862.26825, "delta": 7.638569}}
{"target": 4.961823447763226, "params": {"Bgrad": 1.8029039823864004, "d1": -1.1177275488496892, "d2": 0.6693092059606727, "d3": -2.709115581793166, "d4": -2.732461616253987, "p1": 29.840095124648123, "p2": 10.907345008531644, "p3": 37.92228933396943, "p4": 28.900692454989677, "pol1": 1.0, "pol2": -0.5985753589332529, "pol3": -0.6169756291821386, "pol4": 0.5155643355187305, "v0s": 4.961823447763226}, "datetime": {"datetime": "2022-05-16 21:20:53", "elapsed": 5868.58336, "delta": 6.31511}}
{"target": -1.0, "params": {"Bgrad": 1.1511576218360606, "d1": -0.48486567029843286, "d2": 0.03295968357772683, "d3": -1.6538301463419578, "d4": 0.439709000311582, "p1": 30.01262245525326, "p2": 11.405710406240965, "p3": 37.028278723801805, "p4": 26.969647054638024, "pol1": -0.04105656643564837, "pol2": -0.3468668245321076, "pol3": -0.5772568513459164, "pol4": 0.6690709234827639, "v0s": 5.321747984470515}, "datetime": {"datetime": "2022-05-16 21:21:03", "elapsed": 5879.030418, "delta": 10.447058}}
{"target": -1.0, "params": {"Bgrad": 1.4667701138473963, "d1": 0.07555797704830214, "d2": -1.144526917912247, "d3": -2.3852514006480265, "d4": -2.6687334830675207, "p1": 7.153156975010755, "p2": 35.032226077288456, "p3": 35.15679548288464, "p4": 36.90799060688304, "pol1": -0.8912667142538147, "pol2": -0.8690611310538947, "pol3": -0.8470514352617755, "pol4": -0.8783340823624481, "v0s": 4.954417310984281}, "datetime": {"datetime": "2022-05-16 21:21:14", "elapsed": 5890.15267, "delta": 11.122252}}
{"target": 4.449170090999694, "params": {"Bgrad": 0.6948469555392722, "d1": -2.785213045174299, "d2": 0.27893407121042646, "d3": -0.5638618579800303, "d4": -2.3868235220760794, "p1": 2.981303105202654, "p2": 37.21302925091005, "p3": 34.03681417746394, "p4": 39.48286345699922, "pol1": -0.026096582995499995, "pol2": -0.24488236433694976, "pol3": 0.3047063774600296, "pol4": -0.8611325055876768, "v0s": 4.449170090999694}, "datetime": {"datetime": "2022-05-16 21:21:20", "elapsed": 5895.378693, "delta": 5.226023}}
{"target": 3.876966648532144, "params": {"Bgrad": 0.556624942124153, "d1": -1.5267753015546714, "d2": 0.12233920388406483, "d3": -2.0108792171630565, "d4": -3.0, "p1": 4.948948434572834, "p2": 23.74918608361481, "p3": 1.0979859673284664, "p4": 31.97624834491718, "pol1": -0.19804568926370464, "pol2": -1.0, "pol3": -1.0, "pol4": -1.0, "v0s": 3.876966648532144}, "datetime": {"datetime": "2022-05-16 21:21:25", "elapsed": 5900.955777, "delta": 5.577084}}
{"target": -1.0, "params": {"Bgrad": 1.6865648832174216, "d1": -2.394622921976321, "d2": -0.8633699132506707, "d3": -1.8782835200262231, "d4": -2.284393442314264, "p1": 29.460646580545564, "p2": 10.50184905847083, "p3": 39.2216669047664, "p4": 25.11314772456984, "pol1": -0.18505046676227987, "pol2": 0.0037999091695304354, "pol3": -0.0314899252734715, "pol4": -0.35087386442294344, "v0s": 5.413765151840563}, "datetime": {"datetime": "2022-05-16 21:21:38", "elapsed": 5913.681739, "delta": 12.725962}}
{"target": 3.020291173340172, "params": {"Bgrad": 1.2591526785562897, "d1": -2.1415007366075534, "d2": 0.27759983875045524, "d3": -1.2751945222154553, "d4": -1.5067808978177477, "p1": 30.757668935916154, "p2": 11.145230859982602, "p3": 40.40622440971224, "p4": 25.836822935861836, "pol1": -0.6643594535368487, "pol2": -0.3906806512963763, "pol3": 0.2352476139775843, "pol4": 0.6607146223473472, "v0s": 3.020291173340172}, "datetime": {"datetime": "2022-05-16 21:21:44", "elapsed": 5919.592929, "delta": 5.91119}}
{"target": 3.8828413546803593, "params": {"Bgrad": 1.9295105224874796, "d1": -1.0364557488328727, "d2": 0.7645313629787509, "d3": -2.325246910254526, "d4": -0.6957518567159013, "p1": 7.44052740129606, "p2": 35.94179422188577, "p3": 33.91701405090558, "p4": 35.475177297293094, "pol1": 0.44542346707018554, "pol2": -0.44799526318130134, "pol3": 0.955950101038745, "pol4": -0.9582795088115712, "v0s": 3.8828413546803593}, "datetime": {"datetime": "2022-05-16 21:21:50", "elapsed": 5926.088555, "delta": 6.495626}}
{"target": 4.3717176089571, "params": {"Bgrad": 1.6610383463553968, "d1": -1.452686452242245, "d2": 0.4999407290877602, "d3": -0.6451005513406596, "d4": -0.2587706586923427, "p1": 0.771116305372257, "p2": 31.52384741313884, "p3": 16.964640808254263, "p4": 11.845633164189373, "pol1": 0.47539103025366086, "pol2": -0.8816999201673981, "pol3": -0.05207181453869726, "pol4": 1.0, "v0s": 4.3717176089571}, "datetime": {"datetime": "2022-05-16 21:21:57", "elapsed": 5933.003061, "delta": 6.914506}}
{"target": 3.5242772928923096, "params": {"Bgrad": 0.8915475741848409, "d1": 0.06758221962545538, "d2": 0.11754958067501016, "d3": -1.496185459438867, "d4": -1.0616751369247936, "p1": 21.114241968330813, "p2": 5.893501933391685, "p3": 45.78176660490544, "p4": 39.11958846007518, "pol1": -0.4331655415019711, "pol2": -0.24995132357951297, "pol3": -1.0, "pol4": -0.33857775183712513, "v0s": 3.5242772928923096}, "datetime": {"datetime": "2022-05-16 21:22:04", "elapsed": 5940.216767, "delta": 7.213706}}
{"target": -1.0, "params": {"Bgrad": 0.9194825162088173, "d1": -1.8745525832100882, "d2": -0.8072948164347551, "d3": 0.26108558478274624, "d4": -0.9648848932783687, "p1": 4.521699291405451, "p2": 35.98108285141004, "p3": 36.97288619118531, "p4": 35.88926334584875, "pol1": -0.5106223978129334, "pol2": -0.6962173013343784, "pol3": -0.259383480501145, "pol4": 0.5550308033119347, "v0s": 3.435784645399285}, "datetime": {"datetime": "2022-05-16 21:22:19", "elapsed": 5954.347972, "delta": 14.131205}}
{"target": 4.481196717393539, "params": {"Bgrad": 0.8695074914012916, "d1": -0.6969495518146744, "d2": 0.31525414599642776, "d3": -1.4799273740817047, "d4": -2.3370216667699566, "p1": 1.3317218361437677, "p2": 30.517242143731444, "p3": 17.07254836899842, "p4": 12.046527423531566, "pol1": -0.5015508496791354, "pol2": 0.4052219238669892, "pol3": -0.5814316698169584, "pol4": 0.7698889080039295, "v0s": 4.481196717393539}, "datetime": {"datetime": "2022-05-16 21:22:26", "elapsed": 5961.685348, "delta": 7.337376}}
{"target": 3.5777437937964933, "params": {"Bgrad": 0.8492039409001317, "d1": -2.0869848085066542, "d2": -0.44497662562755735, "d3": -1.7342170974212472, "d4": -2.203061495025567, "p1": 2.2771732930498443, "p2": 35.64504794008516, "p3": 34.95728310686741, "p4": 39.016239586098095, "pol1": 0.7092532251842267, "pol2": 0.3149977438338576, "pol3": 0.6596661600456961, "pol4": -0.6662152720586763, "v0s": 3.5777437937964933}, "datetime": {"datetime": "2022-05-16 21:22:31", "elapsed": 5966.310976, "delta": 4.625628}}
{"target": 4.34067731073464, "params": {"Bgrad": 0.5, "d1": -2.2120396702047356, "d2": 1.0, "d3": -2.31689608860063, "d4": -1.5878651675974103, "p1": 5.960028148787686, "p2": 33.7480205889266, "p3": 37.22501926604207, "p4": 34.6391543215142, "pol1": 0.08978022176013122, "pol2": 0.19411471554096227, "pol3": 0.2869904212964448, "pol4": -0.7078033380386989, "v0s": 4.34067731073464}, "datetime": {"datetime": "2022-05-16 21:22:36", "elapsed": 5971.65568, "delta": 5.344704}}
{"target": -1.0, "params": {"Bgrad": 1.7093097328521405, "d1": -1.6938405808333856, "d2": -0.050177042666568195, "d3": -1.67086548629721, "d4": -2.170099509194205, "p1": 38.73232002409367, "p2": 19.533208674452933, "p3": 17.652771263402595, "p4": 19.70102505043868, "pol1": 0.38992505482833417, "pol2": 0.26643754009462906, "pol3": 0.9659266418404562, "pol4": -0.041614888804608174, "v0s": 5.280877230676704}, "datetime": {"datetime": "2022-05-16 21:22:50", "elapsed": 5985.54553, "delta": 13.88985}}
{"target": 5.247899143022533, "params": {"Bgrad": 1.2435924099465723, "d1": -2.575836296009293, "d2": 1.0, "d3": -2.2535190899791853, "d4": -1.6723431956637018, "p1": 7.228478252571278, "p2": 34.986021402717775, "p3": 38.94906452540734, "p4": 34.544953423910734, "pol1": -0.2592894736296701, "pol2": -0.23136141866153903, "pol3": 0.029773611018799353, "pol4": -0.3954287513630103, "v0s": 5.247899143022533}, "datetime": {"datetime": "2022-05-16 21:22:58", "elapsed": 5993.69274, "delta": 8.14721}}
{"target": -1.0, "params": {"Bgrad": 1.1468886061057035, "d1": -1.9535803263883156, "d2": 0.6590401966037898, "d3": -0.7345461595963894, "d4": -2.724875061841513, "p1": 6.089364797961439, "p2": 32.85477325532584, "p3": 39.22008702581836, "p4": 33.02524044877338, "pol1": 0.08610127349269736, "pol2": 0.11958912596889104, "pol3": 0.6170207743056573, "pol4": 0.6088845140342147, "v0s": 6.964775861310569}, "datetime": {"datetime": "2022-05-16 21:23:10", "elapsed": 6005.761461, "delta": 12.068721}}
{"target": 4.738373291621555, "params": {"Bgrad": 0.7227684406249592, "d1": -2.668649583309737, "d2": 0.8831341868886808, "d3": -1.7600075520334615, "d4": -2.0475337074219677, "p1": 6.8553351055784475, "p2": 34.7898296217472, "p3": 37.877322471910226, "p4": 35.36290224432503, "pol1": -0.16244934101530142, "pol2": -0.3266564153178159, "pol3": -0.06959701371678585, "pol4": -0.32316688222644585, "v0s": 4.738373291621555}, "datetime": {"datetime": "2022-05-16 21:23:18", "elapsed": 6013.531678, "delta": 7.770217}}
{"target": 3.542527731165969, "params": {"Bgrad": 1.3246349491447957, "d1": -0.8141282958538087, "d2": -0.3083265237692556, "d3": -1.069799911736034, "d4": -1.5971617246139167, "p1": 10.584340088395944, "p2": 16.840637837537265, "p3": 7.355019266598491, "p4": 30.001956696398697, "pol1": 0.6617190677394296, "pol2": -0.07675461673858963, "pol3": 0.061969363088516506, "pol4": 0.06384953504594906, "v0s": 3.542527731165969}, "datetime": {"datetime": "2022-05-16 21:23:25", "elapsed": 6020.932882, "delta": 7.401204}}
{"target": 3.6808652158344635, "params": {"Bgrad": 1.8274302607990447, "d1": -0.6984092666582953, "d2": -0.5412812289450897, "d3": -1.1879202606019996, "d4": -1.4289253598627116, "p1": 28.89178155182802, "p2": 10.479203305367724, "p3": 39.66145881735253, "p4": 29.22165590111329, "pol1": -0.1604007335704143, "pol2": -0.955917457095308, "pol3": -0.5200551067590702, "pol4": -0.1741242979862625, "v0s": 3.6808652158344635}, "datetime": {"datetime": "2022-05-16 21:23:32", "elapsed": 6027.357698, "delta": 6.424816}}
{"target": -1.0, "params": {"Bgrad": 0.7776918056771507, "d1": 0.4389256710427453, "d2": 0.8760036747879707, "d3": -1.2756247269864636, "d4": -2.1783347598681333, "p1": 22.132984983134225, "p2": 6.0732284575124975, "p3": 45.24631762415113, "p4": 38.8099709808628, "pol1": -0.5143089668123694, "pol2": -0.21798626620115913, "pol3": -1.0, "pol4": -0.9175570304381581, "v0s": 3.4340438416936165}, "datetime": {"datetime": "2022-05-16 21:23:44", "elapsed": 6039.487256, "delta": 12.129558}}
{"target": 3.6384514520122515, "params": {"Bgrad": 1.3427612849389017, "d1": -1.2612777489374225, "d2": 0.09636435676577593, "d3": -2.6918730791855867, "d4": -2.268112212065263, "p1": 27.262214370128962, "p2": 8.717202878032731, "p3": 37.41439597652223, "p4": 29.282054247686702, "pol1": 0.35911157511720293, "pol2": 0.17276667379874255, "pol3": 0.1421096999271665, "pol4": -0.9493811976979849, "v0s": 3.6384514520122515}, "datetime": {"datetime": "2022-05-16 21:23:49", "elapsed": 6044.808025, "delta": 5.320769}}
{"target": 2.8571522534755616, "params": {"Bgrad": 0.7821210144220225, "d1": -2.8535715494083336, "d2": -0.4277429606032097, "d3": -0.42048374204331207, "d4": -2.38029684700383, "p1": 27.55208792961473, "p2": 25.810690464100635, "p3": 2.670882611074105, "p4": 44.594416064129625, "pol1": 0.5416130384226348, "pol2": -0.7925274437355512, "pol3": -0.1291376988873283, "pol4": 0.7097541608364983, "v0s": 2.8571522534755616}, "datetime": {"datetime": "2022-05-16 21:23:53", "elapsed": 6049.165371, "delta": 4.357346}}
{"target": 3.2501033878967247, "params": {"Bgrad": 1.055438041255198, "d1": -0.5526020596889469, "d2": -0.7289343661589318, "d3": -1.6709787257050532, "d4": -2.0514961186854723, "p1": 10.956207795301578, "p2": 16.647272336244793, "p3": 6.9575832108476, "p4": 29.725817836081113, "pol1": -0.6289852138735755, "pol2": 0.48133703187540416, "pol3": -0.05744966114779059, "pol4": 0.343056642351067, "v0s": 3.2501033878967247}, "datetime": {"datetime": "2022-05-16 21:24:00", "elapsed": 6055.669973, "delta": 6.504602}}
{"target": -1.0, "params": {"Bgrad": 1.8777746639740638, "d1": -2.830281499006061, "d2": 0.3536554487575727, "d3": -1.8343534133543833, "d4": -2.2012692629190145, "p1": 6.877711517146423, "p2": 35.0576153287699, "p3": 39.08645374925121, "p4": 34.9358023370037, "pol1": -0.7445417086746544, "pol2": -0.19307108326790945, "pol3": -0.03850161444774769, "pol4": 0.5814033061918855, "v0s": 5.589288288542736}, "datetime": {"datetime": "2022-05-16 21:24:13", "elapsed": 6068.758968, "delta": 13.088995}}
{"target": -1.0, "params": {"Bgrad": 1.7684080103968811, "d1": -0.0481553553252807, "d2": 0.5313316308745564, "d3": -2.211234293334387, "d4": -2.283514859354912, "p1": 30.65227724680283, "p2": 8.00480572114251, "p3": 38.770141815520915, "p4": 26.413899320205193, "pol1": -0.7869410141345474, "pol2": 0.45249219434432897, "pol3": 0.3516590137006397, "pol4": -0.0819784846337821, "v0s": 2.9256094227034675}, "datetime": {"datetime": "2022-05-16 21:24:18", "elapsed": 6073.880268, "delta": 5.1213}}
{"target": -1.0, "params": {"Bgrad": 0.6782880491702398, "d1": -1.6761714800436112, "d2": 1.0, "d3": -1.0345728628993383, "d4": -2.603504595870928, "p1": 8.988697457517096, "p2": 35.73777047525807, "p3": 42.57812576705647, "p4": 33.65059868535519, "pol1": -0.2877071399858324, "pol2": -0.3507054954289674, "pol3": -0.3323427904101545, "pol4": -0.06191651098822536, "v0s": 5.788504725236278}, "datetime": {"datetime": "2022-05-16 21:24:25", "elapsed": 6081.165782, "delta": 7.285514}}
{"target": 2.9538651515293024, "params": {"Bgrad": 1.4325182535396388, "d1": -1.9126765360195455, "d2": 0.5437370943698858, "d3": -0.5748942908068302, "d4": -0.6928969935287386, "p1": 3.3202632073499494, "p2": 35.76356688770675, "p3": 34.228121123844495, "p4": 37.310153401280225, "pol1": -0.5195285141219883, "pol2": 0.7378909625265175, "pol3": -0.4837359968653734, "pol4": 0.8729326656810772, "v0s": 2.9538651515293024}, "datetime": {"datetime": "2022-05-16 21:24:30", "elapsed": 6085.963948, "delta": 4.798166}}
{"target": -1.0, "params": {"Bgrad": 0.9220051539817307, "d1": -0.8341142888950746, "d2": 0.5186564001849963, "d3": -1.7791145331594955, "d4": -2.8815636678333094, "p1": 46.242317200478446, "p2": 18.53285344130791, "p3": 24.820618499127043, "p4": 11.89620010252922, "pol1": -0.5347768354514215, "pol2": -0.021060592864805106, "pol3": -0.7588656672890748, "pol4": -0.41784794515606327, "v0s": 6.597272450368676}, "datetime": {"datetime": "2022-05-16 21:24:43", "elapsed": 6098.743767, "delta": 12.779819}}
{"target": -1.0, "params": {"Bgrad": 1.389159787569168, "d1": -1.4860733952872303, "d2": 0.0008126956592584555, "d3": -1.1913658168156376, "d4": 0.07952509500217397, "p1": 8.0268625943817, "p2": 34.873380355955625, "p3": 38.90251187351937, "p4": 32.37765172981029, "pol1": 0.13516052863018846, "pol2": -0.46841596387150664, "pol3": 0.5728977064940388, "pol4": -0.2203765952204182, "v0s": 6.7369796815734935}, "datetime": {"datetime": "2022-05-16 21:24:55", "elapsed": 6110.284899, "delta": 11.541132}}
{"target": 3.28018563182932, "params": {"Bgrad": 1.7454799447439113, "d1": -0.13767683244477968, "d2": -0.7440691723352475, "d3": -2.058017514564682, "d4": -1.4606582029525708, "p1": 0.9598062395707541, "p2": 30.901692193125086, "p3": 17.8687783816361, "p4": 11.977427369252425, "pol1": -0.6740484399705673, "pol2": -0.05198318213608699, "pol3": 0.9592413269648448, "pol4": 0.7212334651788632, "v0s": 3.28018563182932}, "datetime": {"datetime": "2022-05-16 21:25:01", "elapsed": 6116.402537, "delta": 6.117638}}
{"target": 3.550640110678449, "params": {"Bgrad": 1.2167993118714286, "d1": 0.19946767354194472, "d2": -0.762291343574689, "d3": -1.9956875418788345, "d4": -2.9221267320116393, "p1": 20.398271313690806, "p2": 7.007214966524089, "p3": 45.65832967519787, "p4": 40.53894241436471, "pol1": 0.22769552446866181, "pol2": 0.08689430524076913, "pol3": -0.4027546983255761, "pol4": -0.6988580831040285, "v0s": 3.550640110678449}, "datetime": {"datetime": "2022-05-16 21:25:08", "elapsed": 6123.663117, "delta": 7.26058}}
{"target": -1.0, "params": {"Bgrad": 1.647906824416179, "d1": -1.646477244243513, "d2": -0.17623689123083208, "d3": -0.9365185528230735, "d4": -1.197420036079817, "p1": 6.947812517875867, "p2": 36.0760796726788, "p3": 42.26598463418021, "p4": 32.544871959487736, "pol1": 0.40173630683343475, "pol2": 0.5896417382063448, "pol3": -0.15414323741323743, "pol4": -0.16481556236605122, "v0s": 6.859798404488119}, "datetime": {"datetime": "2022-05-16 21:25:21", "elapsed": 6136.589544, "delta": 12.926427}}
{"target": -1.0, "params": {"Bgrad": 0.7008451044135863, "d1": -1.0752419706824252, "d2": -0.4495721933853054, "d3": 0.6003985238556955, "d4": 0.017476427010767903, "p1": 10.572075418330595, "p2": 35.9190253042092, "p3": 42.816589046622546, "p4": 34.16179109406389, "pol1": -0.45907165333270905, "pol2": 0.8729888973692521, "pol3": -0.9320009849852025, "pol4": -0.4694139558262713, "v0s": 5.195971872826496}, "datetime": {"datetime": "2022-05-16 21:25:28", "elapsed": 6144.167276, "delta": 7.577732}}
{"target": 4.259348400069116, "params": {"Bgrad": 1.5087954438576427, "d1": -2.493084780482013, "d2": -0.6355054129753892, "d3": 0.8854786703222128, "d4": -1.1147197598712677, "p1": 35.152070067584496, "p2": 9.668151871602609, "p3": 7.851364375375103, "p4": 29.656763456989477, "pol1": 0.570300376132443, "pol2": 0.06460301387547207, "pol3": -0.6753094234944756, "pol4": -0.2542891027719014, "v0s": 4.259348400069116}, "datetime": {"datetime": "2022-05-16 21:25:36", "elapsed": 6152.013291, "delta": 7.846015}}
{"target": -1.0, "params": {"Bgrad": 1.9413141429521774, "d1": -0.5224079281686964, "d2": -0.1940599097887393, "d3": -3.0, "d4": -1.2529291417532462, "p1": 29.11547604397753, "p2": 11.60616152760217, "p3": 38.2055530086039, "p4": 27.909911398857915, "pol1": 0.08775545308422499, "pol2": -0.8979585920160779, "pol3": 0.787871301722695, "pol4": 0.07677305080647395, "v0s": 5.019955436250749}, "datetime": {"datetime": "2022-05-16 21:25:49", "elapsed": 6164.485931, "delta": 12.47264}}
{"target": -1.0, "params": {"Bgrad": 0.5889424269475869, "d1": -1.4455758238946421, "d2": -1.5839658423751835, "d3": 0.5929364712466914, "d4": -0.048658942280205064, "p1": 5.619954948902772, "p2": 37.69655980084844, "p3": 34.03875943300658, "p4": 36.185685976999174, "pol1": 0.7461133557248221, "pol2": -0.2782925775022158, "pol3": -0.3228577183352348, "pol4": -0.3699872026716564, "v0s": 4.191839094429527}, "datetime": {"datetime": "2022-05-16 21:25:56", "elapsed": 6171.846245, "delta": 7.360314}}
{"target": 3.39100782013613, "params": {"Bgrad": 1.445309044542613, "d1": -1.2991123355712095, "d2": -0.07903782876235832, "d3": -1.3512552348970046, "d4": -2.910275893737432, "p1": 6.206255828734053, "p2": 36.43447871302313, "p3": 40.1322200835114, "p4": 32.15706303046791, "pol1": -0.11071528269430675, "pol2": -0.8539189977768131, "pol3": 0.2518175824024653, "pol4": -0.34772775743556417, "v0s": 3.39100782013613}, "datetime": {"datetime": "2022-05-16 21:26:01", "elapsed": 6177.012428, "delta": 5.166183}}
{"target": -1.0, "params": {"Bgrad": 0.9304667725653608, "d1": 0.6756158403488111, "d2": 0.39777771705978626, "d3": -2.2215337075547823, "d4": -1.6782311081976058, "p1": 4.422690160073311, "p2": 37.975358322519114, "p3": 34.932628003572184, "p4": 38.15375699708683, "pol1": -0.08134401052431728, "pol2": -0.6774518879236637, "pol3": -0.5130647383909706, "pol4": 0.8262106450442877, "v0s": 2.31123012565868}, "datetime": {"datetime": "2022-05-16 21:26:14", "elapsed": 6189.667581, "delta": 12.655153}}
{"target": 2.294379480815822, "params": {"Bgrad": 1.927818734690702, "d1": -1.4160264955248474, "d2": 0.6377099309506375, "d3": -2.5092887171795746, "d4": -1.5317320917060364, "p1": 26.475130311739136, "p2": 27.45365001046628, "p3": 5.137527116414509, "p4": 44.28567482794652, "pol1": 0.2683825514491218, "pol2": -0.9173580210032133, "pol3": -0.654698715908135, "pol4": 0.9101671015222446, "v0s": 2.294379480815822}, "datetime": {"datetime": "2022-05-16 21:26:17", "elapsed": 6192.850068, "delta": 3.182487}}
