{"target": -1.0, "params": {"Bgrad": 2.0, "d1": -2.426801723540634, "d2": -3.0, "d3": -3.0, "d4": -3.0, "p1": 25.09040734374766, "p2": 31.988555765908114, "p3": 43.193439512575196, "p4": 45.221394006814066, "pol1": 0.7284291754264991, "pol2": -0.5218507324355505, "pol3": -1.0, "pol4": 0.4008197782010288, "v0s": 5.318470661071218}, "datetime": {"datetime": "2022-05-18 06:39:53", "elapsed": 125809.049847, "delta": 89.778875}}
{"target": 3.826378736136503, "params": {"Bgrad": 1.7277452497599972, "d1": -2.5161775423738284, "d2": 0.4968735168998104, "d3": -1.920247765747897, "d4": -2.7364090674940447, "p1": 6.174909767283593, "p2": 33.76934080792291, "p3": 37.47025145999686, "p4": 28.45880783830009, "pol1": -0.6035189685073654, "pol2": 0.03304463351729914, "pol3": -0.8914264204195053, "pol4": -0.7420144175800094, "v0s": 3.826378736136503}, "datetime": {"datetime": "2022-05-18 06:41:05", "elapsed": 125880.567564, "delta": 71.517717}}
{"target": -1.0, "params": {"Bgrad": 1.902899924437167, "d1": 0.29579534016530307, "d2": 0.988736229701443, "d3": -2.2072279315397307, "d4": -1.2374289858515901, "p1": 23.129366751730597, "p2": 8.167874765184191, "p3": 8.260132516835888, "p4": 24.569666612886078, "pol1": 0.3593324647984888, "pol2": -0.16721823250368284, "pol3": -0.5529698443088242, "pol4": 0.6129987902730885, "v0s": 2.490083104046678}, "datetime": {"datetime": "2022-05-18 06:42:21", "elapsed": 125957.139762, "delta": 76.572198}}
{"target": 4.368601848343835, "params": {"Bgrad": 2.0, "d1": -3.0, "d2": -3.0, "d3": -3.0, "d4": -1.0656027873208147, "p1": 7.784829062758947, "p2": 6.351800673384084, "p3": 44.3290706221802, "p4": 17.587534246348216, "pol1": 1.0, "pol2": 0.30258090566314705, "pol3": 0.36140288279212324, "pol4": 0.27865003828837676, "v0s": 4.368601848343835}, "datetime": {"datetime": "2022-05-18 06:43:29", "elapsed": 126024.866618, "delta": 67.726856}}
{"target": -1.0, "params": {"Bgrad": 1.4972142451571402, "d1": -1.424314366283547, "d2": 0.09474719800202358, "d3": 0.29157205676786946, "d4": -2.5898547675900483, "p1": 6.327180347294742, "p2": 39.0317880107173, "p3": 28.867245715118283, "p4": 39.75483302056934, "pol1": -0.7040518479690494, "pol2": 0.7196374190868648, "pol3": 0.7269597087031583, "pol4": -0.24040064504922865, "v0s": 2.9390785726682136}, "datetime": {"datetime": "2022-05-18 06:45:33", "elapsed": 126148.832057, "delta": 123.965439}}
