{"target": 3.6785990166850917, "params": {"Bgrad": 1.6884378469074297, "d1": -2.118172752289775, "d2": 0.6437711951274605, "d3": -2.9019678778521216, "d4": -1.3019619624833072, "p1": 22.269447491805195, "p2": 9.275480961332832, "p3": 8.209865983432458, "p4": 25.33730831723084, "pol1": 0.7976423851472476, "pol2": 0.17941555659846697, "pol3": -0.3633796329951824, "pol4": 0.5631732854145894, "v0s": 3.6785990166850917}, "datetime": {"datetime": "2022-05-18 01:56:22", "elapsed": 108797.669816, "delta": 51.724656}}
{"target": -1.0, "params": {"Bgrad": 1.2580541632205364, "d1": -1.5400951348734095, "d2": -2.5314103146597806, "d3": -0.28815890072178174, "d4": 0.05779933295120901, "p1": 42.470024272103416, "p2": 43.470731094216305, "p3": 6.785584830402181, "p4": 42.732801295269105, "pol1": 0.32716518865602945, "pol2": 0.5676143578321188, "pol3": 0.15599675361716456, "pol4": 0.8078463625589465, "v0s": 3.6866357753429657}, "datetime": {"datetime": "2022-05-18 01:57:01", "elapsed": 108836.924824, "delta": 39.255008}}
{"target": 4.740011270499127, "params": {"Bgrad": 0.5, "d1": -3.0, "d2": 0.08141692815681027, "d3": -2.0911910409788246, "d4": -1.4597331396257767, "p1": 32.48672876749816, "p2": 5.390437981010645, "p3": 38.218421886808095, "p4": 28.462335719138107, "pol1": 0.46321177291426013, "pol2": -0.8990095934752701, "pol3": -1.0, "pol4": 0.5956927100202645, "v0s": 4.740011270499127}, "datetime": {"datetime": "2022-05-18 01:57:38", "elapsed": 108873.844079, "delta": 36.919255}}
{"target": -1.0, "params": {"Bgrad": 1.113504209186317, "d1": -1.3889169323791033, "d2": -0.880373036571247, "d3": 0.2474094241906304, "d4": -2.3294837626011584, "p1": 3.756623928974295, "p2": 28.692178992175915, "p3": 35.387713239461696, "p4": 27.682332976559003, "pol1": -0.7910993550416372, "pol2": 0.7649753786503424, "pol3": -0.39861413717969296, "pol4": -0.42581782715523797, "v0s": 7.3585893034227325}, "datetime": {"datetime": "2022-05-18 01:58:48", "elapsed": 108943.925637, "delta": 70.081558}}
{"target": 2.1032616529589747, "params": {"Bgrad": 1.9769240847690173, "d1": -2.2986067482460366, "d2": 0.013495231053266554, "d3": -1.8410609500711033, "d4": -0.4039737503996945, "p1": 3.8214522374866333, "p2": 29.044815582317806, "p3": 42.7270729158627, "p4": 18.924384799806283, "pol1": 0.45806704350471517, "pol2": -0.19202875230008187, "pol3": 0.9397372413624081, "pol4": -0.3452761487955345, "v0s": 2.1032616529589747}, "datetime": {"datetime": "2022-05-18 01:59:34", "elapsed": 108989.289306, "delta": 45.363669}}
{"target": 2.976695653659535, "params": {"Bgrad": 0.8111605164023513, "d1": -0.2407396275790208, "d2": 0.32464522259566353, "d3": -2.566749340326389, "d4": -1.4566751515465386, "p1": 5.788991037402274, "p2": 33.129222691260864, "p3": 37.976389124425566, "p4": 28.396570173068103, "pol1": 0.46977249968077217, "pol2": -0.6350182497256516, "pol3": 0.8906067092329475, "pol4": -0.026637210082814722, "v0s": 2.976695653659535}, "datetime": {"datetime": "2022-05-18 02:00:17", "elapsed": 109032.493753, "delta": 43.204447}}
{"target": 5.101606563478912, "params": {"Bgrad": 2.0, "d1": -3.0, "d2": 0.31025708918033845, "d3": -1.3498043733533491, "d4": -3.0, "p1": 30.144971753512596, "p2": 13.117778518196127, "p3": 39.208256663912714, "p4": 25.674344073401002, "pol1": 0.8763799812671061, "pol2": 1.0, "pol3": 0.14009555597018258, "pol4": 1.0, "v0s": 5.101606563478912}, "datetime": {"datetime": "2022-05-18 02:00:59", "elapsed": 109074.779652, "delta": 42.285899}}
{"target": 4.758245246816205, "params": {"Bgrad": 1.6401330326725754, "d1": -1.7343046471813235, "d2": 0.45869829048429445, "d3": -0.40783518664648843, "d4": -2.098592535556991, "p1": 1.108629827847668, "p2": 13.515494202349077, "p3": 39.330525391848106, "p4": 49.15462669564219, "pol1": -0.9816243257370982, "pol2": -0.2603277241480271, "pol3": 0.8673873829416583, "pol4": -0.21085625144070907, "v0s": 4.758245246816205}, "datetime": {"datetime": "2022-05-18 02:01:52", "elapsed": 109128.062141, "delta": 53.282489}}
{"target": -1.0, "params": {"Bgrad": 1.451997638874082, "d1": -2.974006571285588, "d2": 0.83853217477738, "d3": -2.6411559853612925, "d4": -2.6144952344494596, "p1": 0.031497211908199096, "p2": 32.751429647402865, "p3": 31.455271729074763, "p4": 36.278316859560604, "pol1": -0.5440074438688429, "pol2": 0.16867217472278395, "pol3": 0.3173347649003839, "pol4": 0.26188828484726634, "v0s": 4.807268796151553}, "datetime": {"datetime": "2022-05-18 02:03:06", "elapsed": 109201.976447, "delta": 73.914306}}
{"target": 4.322766922128672, "params": {"Bgrad": 0.5, "d1": -2.780026065467843, "d2": 0.4152430604169905, "d3": -2.023261921036426, "d4": -3.0, "p1": 23.92311265752348, "p2": 31.583390356075743, "p3": 7.973376338487392, "p4": 47.025205669997845, "pol1": -1.0, "pol2": 0.4225047654678378, "pol3": -0.08000814458621752, "pol4": 0.7947727795032794, "v0s": 4.322766922128672}, "datetime": {"datetime": "2022-05-18 02:03:40", "elapsed": 109235.719198, "delta": 33.742751}}
{"target": 4.595244975799699, "params": {"Bgrad": 0.8980988600234714, "d1": -1.6335295891122055, "d2": 0.645934527674513, "d3": -0.6903073479496387, "d4": -2.4245363291184376, "p1": 4.69781829913355, "p2": 36.79203246662831, "p3": 41.75510896374472, "p4": 34.17490922131087, "pol1": -0.4033705024697105, "pol2": -0.637969583266313, "pol3": 0.4197339596348877, "pol4": 0.4090636232030742, "v0s": 4.595244975799699}, "datetime": {"datetime": "2022-05-18 02:04:18", "elapsed": 109273.731529, "delta": 38.012331}}
{"target": 4.236807539810253, "params": {"Bgrad": 0.8203017120033652, "d1": -1.3447547243573938, "d2": 0.935096307441454, "d3": -3.0, "d4": -0.760895845742179, "p1": 22.43682215645492, "p2": 14.58275354856744, "p3": 33.20885897418388, "p4": 22.731585235962775, "pol1": 0.5191295742941219, "pol2": -0.6205694151389538, "pol3": -1.0, "pol4": 1.0, "v0s": 4.236807539810253}, "datetime": {"datetime": "2022-05-18 02:05:05", "elapsed": 109321.18461, "delta": 47.453081}}
{"target": -1.0, "params": {"Bgrad": 0.8503936304012079, "d1": -2.242796523885606, "d2": -1.619308863560882, "d3": -0.7981095545611656, "d4": -2.9826912110674453, "p1": 25.55143751622939, "p2": 5.709808442610581, "p3": 35.09854877039088, "p4": 30.091309162245338, "pol1": -0.30809755757542767, "pol2": -0.5023307440317455, "pol3": -0.6214367746610439, "pol4": -0.009500973634713583, "v0s": 3.0881146771103425}, "datetime": {"datetime": "2022-05-18 02:05:42", "elapsed": 109357.906393, "delta": 36.721783}}
{"target": 4.754903709618229, "params": {"Bgrad": 2.0, "d1": -1.563351472546662, "d2": 0.7665651910139921, "d3": -2.503936782839882, "d4": -3.0, "p1": 26.80333304838185, "p2": 8.599270511400237, "p3": 35.00334715978686, "p4": 30.54473301674327, "pol1": 0.6681339807591754, "pol2": 0.6257111517512405, "pol3": 1.0, "pol4": 0.6042504770407647, "v0s": 4.754903709618229}, "datetime": {"datetime": "2022-05-18 02:06:24", "elapsed": 109399.276743, "delta": 41.37035}}
{"target": 3.2552891768278958, "params": {"Bgrad": 1.1642406890274306, "d1": -1.4420500961724003, "d2": 0.8900918059126437, "d3": -2.148880704556667, "d4": -2.5489866656080022, "p1": 5.244464519112707, "p2": 37.71676926202312, "p3": 41.93116998470363, "p4": 34.290442678272115, "pol1": 0.7579338140695902, "pol2": 0.045703303495003844, "pol3": -0.43755068966710864, "pol4": -0.668027772034103, "v0s": 3.2552891768278958}, "datetime": {"datetime": "2022-05-18 02:07:21", "elapsed": 109456.385997, "delta": 57.109254}}
{"target": -1.0, "params": {"Bgrad": 0.9661303023458069, "d1": -1.2108125389584221, "d2": 0.3485883306112001, "d3": -1.8879466088660068, "d4": -2.508812415732556, "p1": 27.5910487406683, "p2": 9.743399641150175, "p3": 11.032432351240834, "p4": 28.23328291609734, "pol1": 0.6887022933462483, "pol2": 0.6654193724365294, "pol3": -0.5837200640307374, "pol4": -0.36707609590710955, "v0s": 5.859845035951124}, "datetime": {"datetime": "2022-05-18 02:08:50", "elapsed": 109546.141933, "delta": 89.755936}}
{"target": 3.6916283519727844, "params": {"Bgrad": 0.8425660008644676, "d1": -2.609377530796681, "d2": 0.0052114082521868, "d3": -1.3685488003061992, "d4": -1.3089256467789805, "p1": 33.9335959410663, "p2": 8.210442691174318, "p3": 40.44215362112541, "p4": 36.28301758337954, "pol1": -0.5913937529660942, "pol2": 0.33545712187605803, "pol3": -0.7986606686332476, "pol4": 0.8844229515471791, "v0s": 3.6916283519727844}, "datetime": {"datetime": "2022-05-18 02:09:53", "elapsed": 109609.019759, "delta": 62.877826}}
{"target": 3.9235229629638053, "params": {"Bgrad": 0.813206860385404, "d1": -3.0, "d2": -2.973585847675497, "d3": -2.371713344104338, "d4": -1.1384099065739453, "p1": 7.881677348477964, "p2": 5.722078732946349, "p3": 45.06692879466031, "p4": 17.53611262802216, "pol1": 0.030691972988829787, "pol2": 0.8946719175052852, "pol3": -0.476087364089978, "pol4": 0.7709259942835861, "v0s": 3.9235229629638053}, "datetime": {"datetime": "2022-05-18 02:10:31", "elapsed": 109647.142794, "delta": 38.123035}}
{"target": -1.0, "params": {"Bgrad": 1.0036748795254846, "d1": -1.6657016463719825, "d2": 0.9352852370076774, "d3": -1.1101201877557783, "d4": 0.67046235632756, "p1": 3.7372758721178787, "p2": 36.328447507201815, "p3": 31.020726869182386, "p4": 37.0315975239411, "pol1": -0.8097744668024713, "pol2": -0.6022035191077262, "pol3": 0.8440066612459931, "pol4": -0.7886117916638149, "v0s": 5.230911070724536}, "datetime": {"datetime": "2022-05-18 02:11:19", "elapsed": 109695.106509, "delta": 47.963715}}
{"target": -1.0, "params": {"Bgrad": 0.8850841370242133, "d1": 0.14124771721165752, "d2": -0.8898935203778091, "d3": 0.7106834534707089, "d4": -0.3500945910207567, "p1": 2.8027665169940876, "p2": 30.015187560671926, "p3": 39.16039148371726, "p4": 28.442226034948703, "pol1": 0.7504437888650577, "pol2": -0.9080770290241236, "pol3": -0.7183770542884571, "pol4": -0.08825253742859074, "v0s": 7.0669612574254606}, "datetime": {"datetime": "2022-05-18 02:11:58", "elapsed": 109733.353213, "delta": 38.246704}}
{"target": 4.864573670494639, "params": {"Bgrad": 2.0, "d1": -2.0055517388423647, "d2": 0.380650219577359, "d3": -2.1557937240255627, "d4": -3.0, "p1": 26.53344169961905, "p2": 9.152343475915629, "p3": 35.71775913878521, "p4": 30.585487360436975, "pol1": 0.1734445532419182, "pol2": 0.20958614700287007, "pol3": -0.5113517996468924, "pol4": 0.33398485149204843, "v0s": 4.864573670494639}, "datetime": {"datetime": "2022-05-18 02:12:43", "elapsed": 109778.266088, "delta": 44.912875}}
{"target": -1.0, "params": {"Bgrad": 0.9834543168683327, "d1": -1.9618000182045952, "d2": -3.0, "d3": -0.447480011937091, "d4": -1.807676701848088, "p1": 4.279076784058175, "p2": 20.5643397034893, "p3": 2.5164940207285467, "p4": 13.781179520542755, "pol1": 0.537480328853678, "pol2": -0.36901053251730104, "pol3": 0.030085481617830128, "pol4": -0.3849712292975224, "v0s": 4.86503408965715}, "datetime": {"datetime": "2022-05-18 02:13:40", "elapsed": 109835.864035, "delta": 57.597947}}
{"target": 2.5810517060161446, "params": {"Bgrad": 0.5405745944160132, "d1": -1.6975915242407407, "d2": 0.8599175078646306, "d3": -2.8572583364784614, "d4": -1.5213285920158306, "p1": 44.16274684331487, "p2": 15.59663782618525, "p3": 24.378308986824216, "p4": 10.244579083220328, "pol1": -0.31927619709655164, "pol2": -0.7385751966826843, "pol3": -0.13386771732863978, "pol4": -0.7525589467112614, "v0s": 2.5810517060161446}, "datetime": {"datetime": "2022-05-18 02:14:16", "elapsed": 109871.845798, "delta": 35.981763}}
{"target": 4.682658280147021, "params": {"Bgrad": 1.229621227458005, "d1": -2.4937881386223495, "d2": 1.0, "d3": -2.5225754568302965, "d4": -0.9831904707183673, "p1": 30.357893298791872, "p2": 29.968062967501268, "p3": 7.092561830023885, "p4": 44.437432256152015, "pol1": 0.18540328416244992, "pol2": 0.3332974460282682, "pol3": 1.0, "pol4": -0.5905572226624523, "v0s": 4.682658280147021}, "datetime": {"datetime": "2022-05-18 02:15:05", "elapsed": 109921.131976, "delta": 49.286178}}
{"target": 4.456213831378691, "params": {"Bgrad": 2.0, "d1": -2.1178079956584344, "d2": -1.8457715505710153, "d3": -3.0, "d4": -3.0, "p1": 24.774506238417597, "p2": 32.34360099204151, "p3": 43.73674724266525, "p4": 46.149800215807964, "pol1": 0.2724975669440737, "pol2": 0.5084318822395199, "pol3": -1.0, "pol4": 0.06382894210918554, "v0s": 4.456213831378691}, "datetime": {"datetime": "2022-05-18 02:16:56", "elapsed": 110031.983489, "delta": 110.851513}}
{"target": 4.923933440249093, "params": {"Bgrad": 0.5626550332824722, "d1": -0.4738745029656619, "d2": 0.4224328044653345, "d3": -1.5879247746783767, "d4": -2.043636333122443, "p1": 5.3784220684068735, "p2": 39.382580684934375, "p3": 28.77937169390571, "p4": 40.43915366313314, "pol1": -0.6279181029776748, "pol2": -0.5065639758945926, "pol3": -0.5997045110484194, "pol4": -0.4649246493307484, "v0s": 4.923933440249093}, "datetime": {"datetime": "2022-05-18 02:18:18", "elapsed": 110113.244148, "delta": 81.260659}}
{"target": 5.354511123445204, "params": {"Bgrad": 0.5, "d1": -2.6983249065360853, "d2": -0.2556916159121865, "d3": -0.8457281034859225, "d4": -3.0, "p1": 3.2338745256162453, "p2": 15.312133188656832, "p3": 37.93307261823001, "p4": 47.931859535029396, "pol1": 0.17544699017864204, "pol2": -0.07994511561167185, "pol3": -0.3674515885330912, "pol4": -0.20648560512598813, "v0s": 5.354511123445204}, "datetime": {"datetime": "2022-05-18 02:19:16", "elapsed": 110171.764628, "delta": 58.52048}}
{"target": -1.0, "params": {"Bgrad": 1.0548199980518753, "d1": -2.6497683403211254, "d2": -0.7656113064737329, "d3": -1.170866946213578, "d4": 0.9381777136721627, "p1": 25.053562809020985, "p2": 44.324711002834576, "p3": 27.576249055991248, "p4": 21.12679483845472, "pol1": -0.8417783669339347, "pol2": -0.9851978253367322, "pol3": -0.6471428483068431, "pol4": 0.22718671609160257, "v0s": 4.834200960061798}, "datetime": {"datetime": "2022-05-18 02:19:59", "elapsed": 110215.090746, "delta": 43.326118}}
{"target": -1.0, "params": {"Bgrad": 2.0, "d1": -1.389586134046969, "d2": -0.21801914441671533, "d3": -0.6116816855421425, "d4": -3.0, "p1": 48.68731557221237, "p2": 5.019830481829501, "p3": 30.525636625261804, "p4": 8.08509514475608, "pol1": -0.20234019198438138, "pol2": -1.0, "pol3": 0.9704175211766219, "pol4": 0.9136766154255925, "v0s": 5.275084801466018}, "datetime": {"datetime": "2022-05-18 02:21:06", "elapsed": 110282.098526, "delta": 67.00778}}
{"target": 4.006718116029565, "params": {"Bgrad": 2.0, "d1": -1.7952784088467524, "d2": -3.0, "d3": -3.0, "d4": -3.0, "p1": 25.69567686218692, "p2": 33.24141828191111, "p3": 43.46011764615812, "p4": 45.818842729282395, "pol1": 0.2754127655968494, "pol2": -0.36960455915532275, "pol3": -1.0, "pol4": 0.27055689175570574, "v0s": 4.006718116029565}, "datetime": {"datetime": "2022-05-18 02:22:00", "elapsed": 110336.098097, "delta": 53.999571}}
{"target": 4.940189677346028, "params": {"Bgrad": 0.5856330135448409, "d1": -2.991511039837604, "d2": 0.27163720395688395, "d3": -0.718191199491955, "d4": -0.44688135319307865, "p1": 5.233366548967022, "p2": 34.4722267340782, "p3": 36.04304395196704, "p4": 39.24967786820402, "pol1": -0.033327561585565935, "pol2": 0.3196055532262003, "pol3": 0.4824420377380847, "pol4": -0.6648701959995744, "v0s": 4.940189677346028}, "datetime": {"datetime": "2022-05-18 02:22:38", "elapsed": 110373.612759, "delta": 37.514662}}
{"target": -1.0, "params": {"Bgrad": 1.1725208739606456, "d1": -0.8529784313840554, "d2": 0.9703042614252273, "d3": -2.8416521030407718, "d4": -1.3290025728917692, "p1": 5.521932952094905, "p2": 40.3221495394272, "p3": 32.52737669723511, "p4": 48.28469238598312, "pol1": 0.01967799372671597, "pol2": -0.6114234781615175, "pol3": -0.576748119705593, "pol4": 0.27771276191822203, "v0s": 2.98415788776395}, "datetime": {"datetime": "2022-05-18 02:23:18", "elapsed": 110413.998742, "delta": 40.385983}}
{"target": 4.447795272249474, "params": {"Bgrad": 0.9247287561056106, "d1": -3.0, "d2": 0.8846486932623547, "d3": -3.0, "d4": -1.2563175755361407, "p1": 28.926030189329854, "p2": 29.265279868577718, "p3": 7.199425411398159, "p4": 43.67362450676503, "pol1": 1.0, "pol2": -0.14129045865019652, "pol3": 0.33872551861999806, "pol4": -0.6786453077043265, "v0s": 4.447795272249474}, "datetime": {"datetime": "2022-05-18 02:24:03", "elapsed": 110458.622391, "delta": 44.623649}}
{"target": 4.305723085893515, "params": {"Bgrad": 1.215463660078309, "d1": -0.9801219632263565, "d2": 0.11882704712905312, "d3": -1.0433253110483975, "d4": -1.5808050731404881, "p1": 5.899819125877814, "p2": 32.67690647853862, "p3": 39.15737975801996, "p4": 29.283984667544644, "pol1": -0.8583640671166637, "pol2": 0.163934933442343, "pol3": -0.2998284957724455, "pol4": -0.3924795358108315, "v0s": 4.305723085893515}, "datetime": {"datetime": "2022-05-18 02:24:38", "elapsed": 110493.254762, "delta": 34.632371}}
{"target": 4.631229873705522, "params": {"Bgrad": 1.6805634826135307, "d1": -2.053513992161459, "d2": 0.6049728340920612, "d3": -1.1340428149483093, "d4": -1.8056990660026242, "p1": 33.565615222221055, "p2": 6.149701305384989, "p3": 36.73870503054856, "p4": 30.07424614606159, "pol1": 0.42926256875697416, "pol2": -0.7655567546137285, "pol3": 0.3736952056502665, "pol4": -0.19441627499482741, "v0s": 4.631229873705522}, "datetime": {"datetime": "2022-05-18 02:25:27", "elapsed": 110542.291606, "delta": 49.036844}}
{"target": 2.0033254069994153, "params": {"Bgrad": 0.9660561265432347, "d1": -2.4857605807717356, "d2": -0.7357677329751033, "d3": -1.7260976087462336, "d4": -1.889456267820405, "p1": 1.4353205376244627, "p2": 3.589518756422627, "p3": 41.06248364056111, "p4": 24.0676487163883, "pol1": 0.488195695922057, "pol2": -0.011767633358198415, "pol3": -0.9744157896224199, "pol4": 0.007336992379650464, "v0s": 2.0033254069994153}, "datetime": {"datetime": "2022-05-18 02:26:45", "elapsed": 110620.337862, "delta": 78.046256}}
{"target": 3.191449660956015, "params": {"Bgrad": 1.681570114919669, "d1": -1.6717822282761983, "d2": 0.9628750903312553, "d3": -0.5231390760880119, "d4": -1.755771707780331, "p1": 7.873287924616074, "p2": 38.84381338300263, "p3": 29.958041375175643, "p4": 43.932681651198514, "pol1": -0.45202755430610053, "pol2": -0.7704512371562884, "pol3": 0.009270692442849393, "pol4": -0.7226794281905273, "v0s": 3.191449660956015}, "datetime": {"datetime": "2022-05-18 02:27:33", "elapsed": 110669.098446, "delta": 48.760584}}
{"target": 4.398544747493397, "params": {"Bgrad": 1.0536368971639816, "d1": -3.0, "d2": -0.08268051667511338, "d3": -1.7807316042467072, "d4": -0.5839963150658428, "p1": 36.0846846257859, "p2": 6.63510423033947, "p3": 35.143548676101275, "p4": 6.406985757332153, "pol1": 1.0, "pol2": -1.0, "pol3": -0.42249282380560715, "pol4": -0.6005975845840821, "v0s": 4.398544747493397}, "datetime": {"datetime": "2022-05-18 02:28:32", "elapsed": 110727.748578, "delta": 58.650132}}
{"target": 4.975037566255244, "params": {"Bgrad": 1.7222622105661771, "d1": -3.0, "d2": 0.07689408986829513, "d3": -0.6144899191114248, "d4": -2.058606653079479, "p1": 30.652540977359525, "p2": 13.570585248323647, "p3": 37.22442721538488, "p4": 26.51403337754253, "pol1": 1.0, "pol2": 0.9417302603410631, "pol3": -1.0, "pol4": 0.24298393811998958, "v0s": 4.975037566255244}, "datetime": {"datetime": "2022-05-18 02:29:46", "elapsed": 110801.974053, "delta": 74.225475}}
{"target": 4.1347138484450285, "params": {"Bgrad": 0.9778712761780081, "d1": -2.78658505637614, "d2": -2.414095117937533, "d3": -2.215263428017162, "d4": -1.9849255899313158, "p1": 7.789010018182196, "p2": 7.280210759657862, "p3": 43.31713234879608, "p4": 19.852714042354663, "pol1": -0.003758054955177892, "pol2": 0.5098164743493017, "pol3": -0.11438942294527088, "pol4": -0.9803497176955231, "v0s": 4.1347138484450285}, "datetime": {"datetime": "2022-05-18 02:30:42", "elapsed": 110857.753863, "delta": 55.77981}}
{"target": -1.0, "params": {"Bgrad": 0.5, "d1": -1.6977164592362233, "d2": -0.736279866147621, "d3": -1.066389281500785, "d4": -3.0, "p1": 2.4952343311167207, "p2": 14.709407744064059, "p3": 38.76403860550999, "p4": 48.20319532503297, "pol1": 0.2614520379224681, "pol2": -0.8407623761719978, "pol3": -0.40926974402098315, "pol4": 0.31561706306291576, "v0s": 5.659503018032904}, "datetime": {"datetime": "2022-05-18 02:31:37", "elapsed": 110912.837535, "delta": 55.083672}}
{"target": 5.309306681344799, "params": {"Bgrad": 0.6059601614058245, "d1": -2.258391544003261, "d2": 0.2595368770563855, "d3": -1.0992083222922835, "d4": -2.040314399274664, "p1": 4.109093949552989, "p2": 15.4726006992848, "p3": 36.711860870242255, "p4": 49.048777769079024, "pol1": 0.8144651544513459, "pol2": 0.9723385818404333, "pol3": -0.9565789243013507, "pol4": 0.5628975770400746, "v0s": 5.309306681344799}, "datetime": {"datetime": "2022-05-18 02:32:16", "elapsed": 110951.752452, "delta": 38.914917}}
{"target": 5.487770128516449, "params": {"Bgrad": 0.673623249920107, "d1": -2.3598876847987413, "d2": 0.8687813981000692, "d3": -2.90337428696423, "d4": -1.029697771048005, "p1": 4.881135544969739, "p2": 36.8064272938891, "p3": 30.679846869648706, "p4": 36.073511654406786, "pol1": 0.6387659946430473, "pol2": -0.0699627385039161, "pol3": -0.1938898841605603, "pol4": -0.028855664488416366, "v0s": 5.487770128516449}, "datetime": {"datetime": "2022-05-18 02:32:58", "elapsed": 110994.070268, "delta": 42.317816}}
{"target": -1.0, "params": {"Bgrad": 0.7356538462026696, "d1": -2.640999937878192, "d2": -0.8283140120139625, "d3": -1.8761265882484657, "d4": -1.0911071101822212, "p1": 37.365211448392785, "p2": 6.1863370316671995, "p3": 35.73828154351158, "p4": 8.126484621836166, "pol1": 0.8873674798925755, "pol2": 0.08887910715938485, "pol3": 0.26881136064394084, "pol4": 0.8876265088941688, "v0s": 6.1301791051881125}, "datetime": {"datetime": "2022-05-18 02:34:08", "elapsed": 111064.089991, "delta": 70.019723}}
