{"target": -1.0, "params": {"Bgrad": 1.9294651974000943, "d1": -2.215036121258201, "d2": -2.655277236292505, "d3": -2.231816376190231, "d4": -2.4787063852972304, "p1": 31.310168458909395, "p2": 10.830485146655612, "p3": 31.50103903587283, "p4": 26.54153588852185, "pol1": 0.3957444125867917, "pol2": 0.21001205185309346, "pol3": 0.5481661893724066, "pol4": -0.860288653264395, "v0s": 7.847748994549063}, "datetime": {"datetime": "2022-06-21 17:15:15", "elapsed": 2023.062732, "delta": 9.042819}}
{"target": -1.0, "params": {"Bgrad": 1.9294651974000943, "d1": -2.215036121258201, "d2": -2.655277236292505, "d3": -2.231816376190231, "d4": -2.4787063852972304, "p1": 31.310168458909395, "p2": 10.830485146655612, "p3": 31.50103903587283, "p4": 26.54153588852185, "pol1": 0.3957444125867917, "pol2": 0.21001205185309346, "pol3": 0.5481661893724066, "pol4": -0.860288653264395, "v0s": 7.847748994549063}, "datetime": {"datetime": "2022-06-21 17:15:15", "elapsed": 2023.063729, "delta": 9.042819}}
{"target": -1.0, "params": {"Bgrad": 1.1723257565720517, "d1": -2.6074720589385856, "d2": 0.12597711695049751, "d3": 0.36722841125069117, "d4": -1.4864248431098073, "p1": 2.1752580988343926, "p2": 0.41544984817794006, "p3": 13.214728052162494, "p4": 31.193259623330338, "pol1": 0.051944461294491706, "pol2": -0.7875484711183849, "pol3": 0.3936003199030469, "pol4": -0.2771287851624755, "v0s": 3.2800601408889962}, "datetime": {"datetime": "2022-06-21 17:16:30", "elapsed": 2098.719437, "delta": 75.656705}}
{"target": -1.0, "params": {"Bgrad": 1.1723257565720517, "d1": -2.6074720589385856, "d2": 0.12597711695049751, "d3": 0.36722841125069117, "d4": -1.4864248431098073, "p1": 2.1752580988343926, "p2": 0.41544984817794006, "p3": 13.214728052162494, "p4": 31.193259623330338, "pol1": 0.051944461294491706, "pol2": -0.7875484711183849, "pol3": 0.3936003199030469, "pol4": -0.2771287851624755, "v0s": 3.2800601408889962}, "datetime": {"datetime": "2022-06-21 17:16:30", "elapsed": 2098.720434, "delta": 75.656705}}
{"target": -1.0, "params": {"Bgrad": 0.5397537621209856, "d1": 0.80535430597573, "d2": -0.21433602889367043, "d3": -2.7836964276593714, "d4": -2.8109320345334607, "p1": 10.237828044883535, "p2": 28.533609356505522, "p3": 47.730509424871215, "p4": 35.44061902950572, "pol1": -0.7687319884749446, "pol2": -0.030860754696929282, "pol3": 0.03480989051100858, "pol4": 0.0972774813844175, "v0s": 5.4874857348975805}, "datetime": {"datetime": "2022-06-21 17:16:38", "elapsed": 2106.858672, "delta": 8.139235}}
{"target": -1.0, "params": {"Bgrad": 0.5397537621209856, "d1": 0.80535430597573, "d2": -0.21433602889367043, "d3": -2.7836964276593714, "d4": -2.8109320345334607, "p1": 10.237828044883535, "p2": 28.533609356505522, "p3": 47.730509424871215, "p4": 35.44061902950572, "pol1": -0.7687319884749446, "pol2": -0.030860754696929282, "pol3": 0.03480989051100858, "pol4": 0.0972774813844175, "v0s": 5.4874857348975805}, "datetime": {"datetime": "2022-06-21 17:16:38", "elapsed": 2106.858672, "delta": 8.138238}}
{"target": -1.0, "params": {"Bgrad": 0.7457186850238047, "d1": 0.41231820840144895, "d2": 0.2028265713624826, "d3": -2.8508620239039812, "d4": -1.206707909012895, "p1": 7.079386100698865, "p2": 31.749885452562015, "p3": 19.23266082894503, "p4": 23.449239626617626, "pol1": -0.273193221326687, "pol2": 0.664954135807508, "pol3": -0.24837598892677848, "pol4": -0.5855688775840366, "v0s": 2.6036486565705634}, "datetime": {"datetime": "2022-06-21 17:16:48", "elapsed": 2116.409134, "delta": 9.550462}}
{"target": -1.0, "params": {"Bgrad": 0.7457186850238047, "d1": 0.41231820840144895, "d2": 0.2028265713624826, "d3": -2.8508620239039812, "d4": -1.206707909012895, "p1": 7.079386100698865, "p2": 31.749885452562015, "p3": 19.23266082894503, "p4": 23.449239626617626, "pol1": -0.273193221326687, "pol2": 0.664954135807508, "pol3": -0.24837598892677848, "pol4": -0.5855688775840366, "v0s": 2.6036486565705634}, "datetime": {"datetime": "2022-06-21 17:16:48", "elapsed": 2116.410132, "delta": 9.55146}}
{"target": -1.0, "params": {"Bgrad": 1.7805258963167034, "d1": -1.401235846913639, "d2": 0.7039468689299717, "d3": -1.016196999839467, "d4": -2.965045917763293, "p1": 41.634478336555446, "p2": 47.67114147753216, "p3": 1.9432270136188923, "p4": 17.519615879536648, "pol1": -0.40413655446964913, "pol2": -0.29442725772535194, "pol3": -0.363600483401854, "pol4": 0.5340598094236138, "v0s": 6.625962806636985}, "datetime": {"datetime": "2022-06-21 17:16:59", "elapsed": 2128.032055, "delta": 11.622921}}
{"target": -1.0, "params": {"Bgrad": 1.7805258963167034, "d1": -1.401235846913639, "d2": 0.7039468689299717, "d3": -1.016196999839467, "d4": -2.965045917763293, "p1": 41.634478336555446, "p2": 47.67114147753216, "p3": 1.9432270136188923, "p4": 17.519615879536648, "pol1": -0.40413655446964913, "pol2": -0.29442725772535194, "pol3": -0.363600483401854, "pol4": 0.5340598094236138, "v0s": 6.625962806636985}, "datetime": {"datetime": "2022-06-21 17:16:59", "elapsed": 2128.033053, "delta": 11.622921}}
{"target": 4.282742542737729, "params": {"Bgrad": 1.3422609257506126, "d1": -2.924319275715302, "d2": -1.4778691260247143, "d3": -2.1082478941737652, "d4": -1.6412581157004573, "p1": 8.745860307428815, "p2": 5.194833658077103, "p3": 27.113243883650505, "p4": 10.85824455365954, "pol1": 0.06303715601963411, "pol2": -0.09936856607118516, "pol3": -0.64601258448549, "pol4": 0.5421672816096761, "v0s": 4.282742542737729}, "datetime": {"datetime": "2022-06-21 17:17:09", "elapsed": 2137.673274, "delta": 9.641219}}
{"target": 4.282742542737729, "params": {"Bgrad": 1.3422609257506126, "d1": -2.924319275715302, "d2": -1.4778691260247143, "d3": -2.1082478941737652, "d4": -1.6412581157004573, "p1": 8.745860307428815, "p2": 5.194833658077103, "p3": 27.113243883650505, "p4": 10.85824455365954, "pol1": 0.06303715601963411, "pol2": -0.09936856607118516, "pol3": -0.64601258448549, "pol4": 0.5421672816096761, "v0s": 4.282742542737729}, "datetime": {"datetime": "2022-06-21 17:17:09", "elapsed": 2137.674272, "delta": 9.641219}}
{"target": -1.0, "params": {"Bgrad": 0.962404095997123, "d1": -1.895270167280021, "d2": -0.15120980809943818, "d3": -0.12002426249607367, "d4": -0.7306027521402343, "p1": 7.701735470573401, "p2": 1.2488828760804482, "p3": 20.650550645537734, "p4": 12.525817515415127, "pol1": -0.4873646670410998, "pol2": -0.8668809487233846, "pol3": 0.7990706937595486, "pol4": -0.3947303323598297, "v0s": 7.869078793343104}, "datetime": {"datetime": "2022-06-21 17:17:19", "elapsed": 2147.66356, "delta": 9.990286}}
{"target": -1.0, "params": {"Bgrad": 0.962404095997123, "d1": -1.895270167280021, "d2": -0.15120980809943818, "d3": -0.12002426249607367, "d4": -0.7306027521402343, "p1": 7.701735470573401, "p2": 1.2488828760804482, "p3": 20.650550645537734, "p4": 12.525817515415127, "pol1": -0.4873646670410998, "pol2": -0.8668809487233846, "pol3": 0.7990706937595486, "pol4": -0.3947303323598297, "v0s": 7.869078793343104}, "datetime": {"datetime": "2022-06-21 17:17:19", "elapsed": 2147.664557, "delta": 9.990285}}
{"target": 3.442020334674592, "params": {"Bgrad": 1.9867853200894985, "d1": -2.0467161407826207, "d2": -0.16755606719729643, "d3": -2.31087599497441, "d4": -1.6199543550416649, "p1": 33.382855962289796, "p2": 14.868127865695651, "p3": 30.60789383223501, "p4": 5.082182260450713, "pol1": -0.43073378662604345, "pol2": -0.24648835687809534, "pol3": -0.8508152918393126, "pol4": -0.04340554701416344, "v0s": 3.442020334674592}, "datetime": {"datetime": "2022-06-21 17:17:24", "elapsed": 2152.284205, "delta": 4.620645}}
{"target": 3.442020334674592, "params": {"Bgrad": 1.9867853200894985, "d1": -2.0467161407826207, "d2": -0.16755606719729643, "d3": -2.31087599497441, "d4": -1.6199543550416649, "p1": 33.382855962289796, "p2": 14.868127865695651, "p3": 30.60789383223501, "p4": 5.082182260450713, "pol1": -0.43073378662604345, "pol2": -0.24648835687809534, "pol3": -0.8508152918393126, "pol4": -0.04340554701416344, "v0s": 3.442020334674592}, "datetime": {"datetime": "2022-06-21 17:17:24", "elapsed": 2152.284205, "delta": 4.619648}}
{"target": 3.4885455200465914, "params": {"Bgrad": 1.5597252677903695, "d1": -0.6755756387885334, "d2": -0.8290657262984817, "d3": -1.372999042778424, "d4": -2.2031337018832127, "p1": 2.090910778714977, "p2": 29.5852622343012, "p3": 19.051398721231095, "p4": 24.474492865937574, "pol1": 0.5234066837371139, "pol2": 0.9204163612928549, "pol3": -0.2697119927680076, "pol4": -0.5377899763633827, "v0s": 3.4885455200465914}, "datetime": {"datetime": "2022-06-21 17:17:30", "elapsed": 2158.246261, "delta": 5.962056}}
{"target": 3.4885455200465914, "params": {"Bgrad": 1.5597252677903695, "d1": -0.6755756387885334, "d2": -0.8290657262984817, "d3": -1.372999042778424, "d4": -2.2031337018832127, "p1": 2.090910778714977, "p2": 29.5852622343012, "p3": 19.051398721231095, "p4": 24.474492865937574, "pol1": 0.5234066837371139, "pol2": 0.9204163612928549, "pol3": -0.2697119927680076, "pol4": -0.5377899763633827, "v0s": 3.4885455200465914}, "datetime": {"datetime": "2022-06-21 17:17:30", "elapsed": 2158.247259, "delta": 5.963054}}
{"target": -1.0, "params": {"Bgrad": 1.9509665729844288, "d1": 0.41119190738798617, "d2": -0.8847818816374393, "d3": -2.2079754443205197, "d4": -1.0783429744536028, "p1": 23.96241343313391, "p2": 22.149092767730487, "p3": 13.867958286005866, "p4": 29.84129420650238, "pol1": 0.36132230983562885, "pol2": 0.34001364406222523, "pol3": 0.609136737505247, "pol4": 0.18594942445345541, "v0s": 4.707135703247755}, "datetime": {"datetime": "2022-06-21 17:17:40", "elapsed": 2168.617529, "delta": 10.371268}}
{"target": -1.0, "params": {"Bgrad": 1.9509665729844288, "d1": 0.41119190738798617, "d2": -0.8847818816374393, "d3": -2.2079754443205197, "d4": -1.0783429744536028, "p1": 23.96241343313391, "p2": 22.149092767730487, "p3": 13.867958286005866, "p4": 29.84129420650238, "pol1": 0.36132230983562885, "pol2": 0.34001364406222523, "pol3": 0.609136737505247, "pol4": 0.18594942445345541, "v0s": 4.707135703247755}, "datetime": {"datetime": "2022-06-21 17:17:40", "elapsed": 2168.618526, "delta": 10.371267}}
{"target": -1.0, "params": {"Bgrad": 1.1995020106232277, "d1": -2.891480715797585, "d2": -0.8483152388144704, "d3": -1.4051710441574654, "d4": 0.6015799621333446, "p1": 10.613658770088035, "p2": 32.7704336277527, "p3": 30.00458710976635, "p4": 13.103280654374833, "pol1": 0.6611464876754563, "pol2": 0.3097694656013934, "pol3": -0.4069128909332187, "pol4": 0.9993081224776019, "v0s": 5.8935744014841465}, "datetime": {"datetime": "2022-06-21 17:17:52", "elapsed": 2180.506737, "delta": 11.889208}}
{"target": -1.0, "params": {"Bgrad": 1.1995020106232277, "d1": -2.891480715797585, "d2": -0.8483152388144704, "d3": -1.4051710441574654, "d4": 0.6015799621333446, "p1": 10.613658770088035, "p2": 32.7704336277527, "p3": 30.00458710976635, "p4": 13.103280654374833, "pol1": 0.6611464876754563, "pol2": 0.3097694656013934, "pol3": -0.4069128909332187, "pol4": 0.9993081224776019, "v0s": 5.8935744014841465}, "datetime": {"datetime": "2022-06-21 17:17:52", "elapsed": 2180.506737, "delta": 11.888211}}
{"target": -1.0, "params": {"Bgrad": 0.8412785684920663, "d1": -1.6844625201521497, "d2": -0.07540162995146815, "d3": 0.7826850704099928, "d4": 0.5259775767287014, "p1": 49.000168585599184, "p2": 30.30897559122402, "p3": 13.953478586516809, "p4": 0.6430750803870622, "pol1": 0.21614667073437088, "pol2": -0.6747387603848949, "pol3": -0.7331207501373067, "pol4": 0.21618843785481667, "v0s": 7.703676177344561}, "datetime": {"datetime": "2022-06-21 17:17:58", "elapsed": 2186.868725, "delta": 6.361988}}
{"target": -1.0, "params": {"Bgrad": 0.8412785684920663, "d1": -1.6844625201521497, "d2": -0.07540162995146815, "d3": 0.7826850704099928, "d4": 0.5259775767287014, "p1": 49.000168585599184, "p2": 30.30897559122402, "p3": 13.953478586516809, "p4": 0.6430750803870622, "pol1": 0.21614667073437088, "pol2": -0.6747387603848949, "pol3": -0.7331207501373067, "pol4": 0.21618843785481667, "v0s": 7.703676177344561}, "datetime": {"datetime": "2022-06-21 17:17:58", "elapsed": 2186.868725, "delta": 6.361988}}
{"target": -1.0, "params": {"Bgrad": 0.5930603228379436, "d1": -2.1062445683911273, "d2": -2.825901149136725, "d3": -0.9135039098422646, "d4": -2.805557272586395, "p1": 15.772190568389032, "p2": 45.0341547501659, "p3": 44.076401193841086, "p4": 16.981580041570794, "pol1": -0.8602434922568818, "pol2": -0.48604216696290936, "pol3": 0.14029975076610324, "pol4": 0.6950607687492913, "v0s": 2.678978198242331}, "datetime": {"datetime": "2022-06-21 17:18:05", "elapsed": 2193.502985, "delta": 6.63426}}
{"target": -1.0, "params": {"Bgrad": 0.5930603228379436, "d1": -2.1062445683911273, "d2": -2.825901149136725, "d3": -0.9135039098422646, "d4": -2.805557272586395, "p1": 15.772190568389032, "p2": 45.0341547501659, "p3": 44.076401193841086, "p4": 16.981580041570794, "pol1": -0.8602434922568818, "pol2": -0.48604216696290936, "pol3": 0.14029975076610324, "pol4": 0.6950607687492913, "v0s": 2.678978198242331}, "datetime": {"datetime": "2022-06-21 17:18:05", "elapsed": 2193.503982, "delta": 6.635257}}
{"target": 2.685583933225022, "params": {"Bgrad": 0.5084658568183394, "d1": -0.43715572591638985, "d2": -0.34986890863437337, "d3": -0.2805086659598035, "d4": -2.5692023114906246, "p1": 39.18907316231553, "p2": 16.38564558524954, "p3": 13.502118257066142, "p4": 16.475408178785923, "pol1": 0.859633974811431, "pol2": -0.6242850454346012, "pol3": 0.2611385955828607, "pol4": -0.08035147442883006, "v0s": 2.685583933225022}, "datetime": {"datetime": "2022-06-21 17:18:09", "elapsed": 2197.392584, "delta": 3.889599}}
{"target": 2.685583933225022, "params": {"Bgrad": 0.5084658568183394, "d1": -0.43715572591638985, "d2": -0.34986890863437337, "d3": -0.2805086659598035, "d4": -2.5692023114906246, "p1": 39.18907316231553, "p2": 16.38564558524954, "p3": 13.502118257066142, "p4": 16.475408178785923, "pol1": 0.859633974811431, "pol2": -0.6242850454346012, "pol3": 0.2611385955828607, "pol4": -0.08035147442883006, "v0s": 2.685583933225022}, "datetime": {"datetime": "2022-06-21 17:18:09", "elapsed": 2197.393581, "delta": 3.889599}}
{"target": -1.0, "params": {"Bgrad": 1.9990941805165, "d1": 0.5718247540827313, "d2": 0.976797058337548, "d3": -1.2318290977211541, "d4": -2.3410129848424543, "p1": 6.873842559591231, "p2": 18.1966603221703, "p3": 12.646778350650845, "p4": 42.92205051587125, "pol1": 0.16045196882494928, "pol2": -0.5967297807481113, "pol3": 0.6309861187679251, "pol4": 0.1743571966658779, "v0s": 3.111138202965444}, "datetime": {"datetime": "2022-06-21 17:18:22", "elapsed": 2210.637168, "delta": 13.244584}}
{"target": -1.0, "params": {"Bgrad": 1.9990941805165, "d1": 0.5718247540827313, "d2": 0.976797058337548, "d3": -1.2318290977211541, "d4": -2.3410129848424543, "p1": 6.873842559591231, "p2": 18.1966603221703, "p3": 12.646778350650845, "p4": 42.92205051587125, "pol1": 0.16045196882494928, "pol2": -0.5967297807481113, "pol3": 0.6309861187679251, "pol4": 0.1743571966658779, "v0s": 3.111138202965444}, "datetime": {"datetime": "2022-06-21 17:18:22", "elapsed": 2210.637168, "delta": 13.243587}}
{"target": -1.0, "params": {"Bgrad": 1.4985372122218708, "d1": 0.9420588024411027, "d2": -2.051261170438287, "d3": -1.8038253576477996, "d4": 0.261240619725577, "p1": 18.00067394466407, "p2": 26.0816813668032, "p3": 17.645852612122003, "p4": 34.75954319922561, "pol1": 0.7841288041394476, "pol2": -0.7981733521789287, "pol3": -0.7305040415212265, "pol4": 0.06619140128041501, "v0s": 5.69488364467397}, "datetime": {"datetime": "2022-06-21 17:18:32", "elapsed": 2220.522735, "delta": 9.885567}}
{"target": -1.0, "params": {"Bgrad": 1.4985372122218708, "d1": 0.9420588024411027, "d2": -2.051261170438287, "d3": -1.8038253576477996, "d4": 0.261240619725577, "p1": 18.00067394466407, "p2": 26.0816813668032, "p3": 17.645852612122003, "p4": 34.75954319922561, "pol1": 0.7841288041394476, "pol2": -0.7981733521789287, "pol3": -0.7305040415212265, "pol4": 0.06619140128041501, "v0s": 5.69488364467397}, "datetime": {"datetime": "2022-06-21 17:18:32", "elapsed": 2220.523732, "delta": 9.886564}}
{"target": -1.0, "params": {"Bgrad": 0.6650066424179651, "d1": 0.18896338216222874, "d2": 0.9131092542643318, "d3": 0.18463062058728497, "d4": -1.1938017265763157, "p1": 2.6830503684758367, "p2": 19.578158471528806, "p3": 24.158828736657167, "p4": 49.98322575990063, "pol1": 0.9407556719058723, "pol2": -0.023512098915564827, "pol3": -0.7324821642579142, "pol4": -0.03784780451592362, "v0s": 6.9207642140657315}, "datetime": {"datetime": "2022-06-21 17:18:39", "elapsed": 2227.282658, "delta": 6.759923}}
{"target": -1.0, "params": {"Bgrad": 0.6650066424179651, "d1": 0.18896338216222874, "d2": 0.9131092542643318, "d3": 0.18463062058728497, "d4": -1.1938017265763157, "p1": 2.6830503684758367, "p2": 19.578158471528806, "p3": 24.158828736657167, "p4": 49.98322575990063, "pol1": 0.9407556719058723, "pol2": -0.023512098915564827, "pol3": -0.7324821642579142, "pol4": -0.03784780451592362, "v0s": 6.9207642140657315}, "datetime": {"datetime": "2022-06-21 17:18:39", "elapsed": 2227.283655, "delta": 6.759923}}
{"target": -1.0, "params": {"Bgrad": 0.8055761523454601, "d1": 0.3725330060199261, "d2": -1.3317794739674178, "d3": -1.9756207504920948, "d4": -1.3353040565549286, "p1": 0.17386652553008086, "p2": 9.824438668489538, "p3": 43.62027824144724, "p4": 46.63312306895618, "pol1": -0.06904480301460358, "pol2": 0.16031954715387142, "pol3": -0.6649728352755429, "pol4": 0.9676070450705008, "v0s": 5.662141497280031}, "datetime": {"datetime": "2022-06-21 17:18:44", "elapsed": 2232.061878, "delta": 4.77922}}
{"target": -1.0, "params": {"Bgrad": 0.8055761523454601, "d1": 0.3725330060199261, "d2": -1.3317794739674178, "d3": -1.9756207504920948, "d4": -1.3353040565549286, "p1": 0.17386652553008086, "p2": 9.824438668489538, "p3": 43.62027824144724, "p4": 46.63312306895618, "pol1": -0.06904480301460358, "pol2": 0.16031954715387142, "pol3": -0.6649728352755429, "pol4": 0.9676070450705008, "v0s": 5.662141497280031}, "datetime": {"datetime": "2022-06-21 17:18:44", "elapsed": 2232.061878, "delta": 4.778223}}
{"target": -1.0, "params": {"Bgrad": 1.176527476431623, "d1": -1.4019669748127224, "d2": -0.12839668368640966, "d3": 0.7739014835766858, "d4": -0.14206254895847747, "p1": 49.09162556603828, "p2": 2.959007304343242, "p3": 21.09014394053292, "p4": 17.37530095932253, "pol1": -0.2851581690586835, "pol2": 0.6796305908766094, "pol3": 0.6756136402866864, "pol4": 0.3298369720079759, "v0s": 2.034948579941206}, "datetime": {"datetime": "2022-06-21 17:18:52", "elapsed": 2240.467402, "delta": 8.405524}}
{"target": -1.0, "params": {"Bgrad": 1.176527476431623, "d1": -1.4019669748127224, "d2": -0.12839668368640966, "d3": 0.7739014835766858, "d4": -0.14206254895847747, "p1": 49.09162556603828, "p2": 2.959007304343242, "p3": 21.09014394053292, "p4": 17.37530095932253, "pol1": -0.2851581690586835, "pol2": 0.6796305908766094, "pol3": 0.6756136402866864, "pol4": 0.3298369720079759, "v0s": 2.034948579941206}, "datetime": {"datetime": "2022-06-21 17:18:52", "elapsed": 2240.467402, "delta": 8.405524}}
{"target": -1.0, "params": {"Bgrad": 0.5531410743428807, "d1": 0.22455175674290206, "d2": 0.7036047856436873, "d3": -1.3579779072618638, "d4": 0.6677825084954172, "p1": 33.60133634929566, "p2": 27.76443759758878, "p3": 3.558013859755571, "p4": 12.743733412754615, "pol1": 0.9889916576439779, "pol2": 0.8256922680241892, "pol3": 0.599870920489618, "pol4": -0.4192881903955741, "v0s": 4.417448971758308}, "datetime": {"datetime": "2022-06-21 17:18:58", "elapsed": 2246.419486, "delta": 5.952084}}
{"target": -1.0, "params": {"Bgrad": 0.5531410743428807, "d1": 0.22455175674290206, "d2": 0.7036047856436873, "d3": -1.3579779072618638, "d4": 0.6677825084954172, "p1": 33.60133634929566, "p2": 27.76443759758878, "p3": 3.558013859755571, "p4": 12.743733412754615, "pol1": 0.9889916576439779, "pol2": 0.8256922680241892, "pol3": 0.599870920489618, "pol4": -0.4192881903955741, "v0s": 4.417448971758308}, "datetime": {"datetime": "2022-06-21 17:18:58", "elapsed": 2246.420484, "delta": 5.953082}}
{"target": -1.0, "params": {"Bgrad": 1.6775976981168896, "d1": 0.7278228010399284, "d2": 0.2085559194300335, "d3": -1.4219841308040602, "d4": -1.4952398904835178, "p1": 15.33902197507499, "p2": 17.98685745112147, "p3": 12.237755167832315, "p4": 24.621321053635587, "pol1": -0.07045710758281576, "pol2": -0.5639912907373599, "pol3": -0.5149491817997156, "pol4": -0.2532072517519084, "v0s": 5.139397039664921}, "datetime": {"datetime": "2022-06-21 17:19:10", "elapsed": 2258.282763, "delta": 11.863277}}
{"target": -1.0, "params": {"Bgrad": 1.6775976981168896, "d1": 0.7278228010399284, "d2": 0.2085559194300335, "d3": -1.4219841308040602, "d4": -1.4952398904835178, "p1": 15.33902197507499, "p2": 17.98685745112147, "p3": 12.237755167832315, "p4": 24.621321053635587, "pol1": -0.07045710758281576, "pol2": -0.5639912907373599, "pol3": -0.5149491817997156, "pol4": -0.2532072517519084, "v0s": 5.139397039664921}, "datetime": {"datetime": "2022-06-21 17:19:10", "elapsed": 2258.282763, "delta": 11.862279}}
{"target": -1.0, "params": {"Bgrad": 1.133178409702843, "d1": -0.611046014107214, "d2": -2.124763243541747, "d3": 0.7281570307385272, "d4": -1.8479536611855223, "p1": 1.94887080744513, "p2": 7.740790609356607, "p3": 23.756752408456585, "p4": 13.1836319495512, "pol1": -0.5017645002990154, "pol2": -0.7705103555129147, "pol3": 0.3916209675076976, "pol4": -0.8525295742529533, "v0s": 4.263316656620342}, "datetime": {"datetime": "2022-06-21 17:19:21", "elapsed": 2270.009406, "delta": 11.726643}}
