{"target": -1.0, "params": {"Bgrad": 0.6164720327428731, "d1": -2.0449590034572607, "d2": -2.0329260989134297, "d3": -2.2532934858525513, "d4": -2.788023419962264, "p1": 16.89354039436583, "p2": 17.49395227852411, "p3": 39.437776633555686, "p4": 31.214762046083546, "pol1": 0.9438803526201968, "pol2": -0.4716383632043484, "pol3": 0.4003751141439606, "pol4": -0.5092767127180007, "v0s": 4.640071353316606}, "datetime": {"datetime": "2022-04-30 01:41:07", "elapsed": 122979.586864, "delta": 27.301002}}
{"target": -1.0, "params": {"Bgrad": 1.2897800143475826, "d1": -3.0, "d2": 1.0, "d3": 0.22930065391188878, "d4": -0.6974099388457603, "p1": 43.151801345284056, "p2": 13.438813472597168, "p3": 3.389817968836, "p4": 34.7078903265365, "pol1": -0.17620625204920645, "pol2": -1.0, "pol3": 1.0, "pol4": -0.5715511791485358, "v0s": 2.0}, "datetime": {"datetime": "2022-04-30 01:41:44", "elapsed": 123017.442645, "delta": 37.855781}}
{"target": 4.4361628899916115, "params": {"Bgrad": 1.1326313684621403, "d1": -0.8657794012026137, "d2": 0.07130503924904197, "d3": 0.3560083455420786, "d4": -0.19273427238259222, "p1": 0.8780257488862964, "p2": 32.9949179509144, "p3": 14.40666012862265, "p4": 9.673337229365925, "pol1": 0.7960435237401235, "pol2": 0.26412788136987286, "pol3": -0.807867086181961, "pol4": 0.8552387666082528, "v0s": 4.4361628899916115}, "datetime": {"datetime": "2022-04-30 01:42:19", "elapsed": 123051.789806, "delta": 34.347161}}
{"target": 5.598127959302578, "params": {"Bgrad": 1.5005664192440207, "d1": -1.4111085573862057, "d2": 0.5493305052110589, "d3": -0.4047041056648395, "d4": -2.766254498173658, "p1": 14.765013378471672, "p2": 17.626727998899657, "p3": 31.92376071118021, "p4": 36.380634766772936, "pol1": -0.41195218567643666, "pol2": 0.6232621004093832, "pol3": 0.7462354183781197, "pol4": 0.6425861099360923, "v0s": 5.598127959302578}, "datetime": {"datetime": "2022-04-30 01:42:50", "elapsed": 123083.255672, "delta": 31.465866}}
{"target": -1.0, "params": {"Bgrad": 0.6293424634718034, "d1": -0.3539280175530881, "d2": 0.4431003826346078, "d3": -0.04032237301438313, "d4": -0.46000439422428485, "p1": 24.57449718678101, "p2": 23.710292542139968, "p3": 7.9251511003815835, "p4": 33.19265537486364, "pol1": 0.7363904365644784, "pol2": -0.5590852315269854, "pol3": 0.9428568720052901, "pol4": 0.6246742727546946, "v0s": 5.578098447221047}, "datetime": {"datetime": "2022-04-30 01:43:29", "elapsed": 123121.967165, "delta": 38.711493}}
{"target": 3.542268357093178, "params": {"Bgrad": 1.3298864710418896, "d1": -2.768787070867733, "d2": -2.820848068407858, "d3": -2.678462711587258, "d4": -2.946071018787556, "p1": 4.861172994023938, "p2": 10.896483426086604, "p3": 35.810015903331276, "p4": 28.19059259182432, "pol1": -1.0, "pol2": -0.7625036503796983, "pol3": 0.9189295647277077, "pol4": 0.11553832724151515, "v0s": 3.542268357093178}, "datetime": {"datetime": "2022-04-30 01:44:07", "elapsed": 123160.247809, "delta": 38.280644}}
{"target": -1.0, "params": {"Bgrad": 1.1266521054778513, "d1": -2.837692095562374, "d2": -1.0799004383856317, "d3": 0.8693205746860255, "d4": -1.5324149096746282, "p1": 2.173838207028828, "p2": 4.9266956382364, "p3": 21.57388924118655, "p4": 18.26190671787443, "pol1": 0.20133945798527186, "pol2": 0.10604358977455797, "pol3": -0.10037230963666666, "pol4": 0.5688766642155452, "v0s": 3.8149101818368876}, "datetime": {"datetime": "2022-04-30 01:45:37", "elapsed": 123249.900095, "delta": 89.652286}}
{"target": -1.0, "params": {"Bgrad": 1.0633153180722732, "d1": -2.319150116110394, "d2": 0.10868572093723783, "d3": -2.3708680071797974, "d4": 0.05675325232539352, "p1": 24.2299552404808, "p2": 23.601103628789833, "p3": 7.089427609732973, "p4": 32.5849491501886, "pol1": 0.3994673642714919, "pol2": -0.13708415669276697, "pol3": -0.13116130141728632, "pol4": 0.8425960746960428, "v0s": 3.1333849986291717}, "datetime": {"datetime": "2022-04-30 01:46:42", "elapsed": 123315.017983, "delta": 65.117888}}
{"target": -1.0, "params": {"Bgrad": 1.062021416874602, "d1": 0.025947722807440066, "d2": 0.15375021389082422, "d3": 0.34048978564870414, "d4": -2.6296881563683545, "p1": 4.506030661685317, "p2": 1.0025190744030077, "p3": 40.61608409081187, "p4": 45.6629103619205, "pol1": -0.7257634743656121, "pol2": -0.48220052670544455, "pol3": 0.29336994393050997, "pol4": -0.31588183297310746, "v0s": 4.93578399567749}, "datetime": {"datetime": "2022-04-30 01:47:21", "elapsed": 123354.326877, "delta": 39.308894}}
{"target": 2.584648808454254, "params": {"Bgrad": 1.7085888905971405, "d1": 0.19296037594337268, "d2": -0.0901728130877717, "d3": -2.0534943144683364, "d4": 0.19062546881872322, "p1": 21.942876984559973, "p2": 24.494728420311013, "p3": 12.548204402257102, "p4": 37.326680277375054, "pol1": 0.21523896356120664, "pol2": 0.09842119575605923, "pol3": -0.4398366163897256, "pol4": 0.152388426816356, "v0s": 2.584648808454254}, "datetime": {"datetime": "2022-04-30 01:47:56", "elapsed": 123388.98421, "delta": 34.657333}}
{"target": 4.148757430134322, "params": {"Bgrad": 1.0895001293736781, "d1": -1.6967751353145448, "d2": 0.6067033756864045, "d3": -2.2960343440023068, "d4": 0.015693886758448444, "p1": 46.669403664233556, "p2": 25.20080399615373, "p3": 20.91462143886959, "p4": 3.776304752840977, "pol1": -0.8379727997732836, "pol2": 0.5272992922168758, "pol3": 0.46404755246332835, "pol4": 0.1433207114925224, "v0s": 4.148757430134322}, "datetime": {"datetime": "2022-04-30 01:48:24", "elapsed": 123416.765927, "delta": 27.781717}}
{"target": -1.0, "params": {"Bgrad": 1.1698267785450422, "d1": -0.6094246829731942, "d2": 0.6942261530596281, "d3": -1.8242763868872234, "d4": -1.1141798188302352, "p1": 3.240881503694143, "p2": 29.999587943627514, "p3": 13.767532167661962, "p4": 20.65509213793592, "pol1": -0.7416589743045574, "pol2": -0.4833653930684383, "pol3": -0.9193347692085776, "pol4": 0.011828133643607686, "v0s": 3.433300935994491}, "datetime": {"datetime": "2022-04-30 01:49:13", "elapsed": 123465.93047, "delta": 49.164543}}
{"target": 4.473943335850078, "params": {"Bgrad": 1.332768785450786, "d1": -1.6578768465399771, "d2": 0.7519271002599214, "d3": -0.580750257258284, "d4": -1.8903389012313594, "p1": 22.290062256388286, "p2": 23.858803936179395, "p3": 42.63626081727427, "p4": 44.323395943594704, "pol1": -0.7963760922680181, "pol2": 0.012586648286180108, "pol3": 0.30164750374718063, "pol4": 0.8889279033215156, "v0s": 4.473943335850078}, "datetime": {"datetime": "2022-04-30 01:49:42", "elapsed": 123494.891034, "delta": 28.960564}}
{"target": 4.323651894349412, "params": {"Bgrad": 1.8943190625942212, "d1": -2.0250905443366354, "d2": 0.5436693708600275, "d3": -1.9732702317487432, "d4": -0.5532628112371061, "p1": 28.772301253801018, "p2": 45.55468514969549, "p3": 25.095693700969512, "p4": 24.62367633200952, "pol1": -0.8448556233821491, "pol2": 0.2794121022766649, "pol3": -0.16041885737068684, "pol4": 0.5305467022294978, "v0s": 4.323651894349412}, "datetime": {"datetime": "2022-04-30 01:50:09", "elapsed": 123522.107263, "delta": 27.216229}}
{"target": -1.0, "params": {"Bgrad": 0.9821981619602941, "d1": -2.0230168308549183, "d2": -0.9248049325978362, "d3": -0.20946595507528665, "d4": -0.7988858272698622, "p1": 2.214370738479338, "p2": 33.12087622208881, "p3": 16.861693876017814, "p4": 9.034109264443002, "pol1": 0.23623747634540715, "pol2": -0.20023496648763794, "pol3": -0.5215623867990755, "pol4": 0.1555239270867954, "v0s": 5.97249420685017}, "datetime": {"datetime": "2022-04-30 01:50:49", "elapsed": 123562.289822, "delta": 40.182559}}
{"target": -1.0, "params": {"Bgrad": 0.7181383832447602, "d1": -2.174527240031409, "d2": -0.19146285995466483, "d3": -2.6786502066100497, "d4": -1.6763221741695853, "p1": 42.85212732349671, "p2": 24.950657060893043, "p3": 23.214752284351082, "p4": 3.9561859034878024, "pol1": -0.39653406137559855, "pol2": 0.11832464275896015, "pol3": 0.4871450882573358, "pol4": -0.047579040772427694, "v0s": 4.844607321614941}, "datetime": {"datetime": "2022-04-30 01:51:15", "elapsed": 123588.327203, "delta": 26.037381}}
{"target": -1.0, "params": {"Bgrad": 1.1298620679741067, "d1": -2.4431666463218433, "d2": -1.3435380181325138, "d3": -0.981640886812357, "d4": 0.7307492970329883, "p1": 32.9570606274734, "p2": 8.508854985949398, "p3": 7.37131739845629, "p4": 24.954827474122236, "pol1": -0.053590979685536944, "pol2": -0.6537645358675588, "pol3": -0.20174531952101016, "pol4": -0.22460428542335853, "v0s": 5.8640936417813645}, "datetime": {"datetime": "2022-04-30 01:51:49", "elapsed": 123622.483875, "delta": 34.156672}}
{"target": -1.0, "params": {"Bgrad": 0.8565146313939285, "d1": -0.7369685117967872, "d2": -1.5176074141290927, "d3": -0.8458146264532314, "d4": -0.7660917250810004, "p1": 5.352632467315716, "p2": 15.915367996410145, "p3": 31.925065186850325, "p4": 1.0306032040698354, "pol1": -0.7562177033464172, "pol2": 0.2659100356124702, "pol3": -0.13406641768724747, "pol4": -0.7210674976979059, "v0s": 3.4272855861433897}, "datetime": {"datetime": "2022-04-30 01:52:19", "elapsed": 123652.160525, "delta": 29.67665}}
{"target": -1.0, "params": {"Bgrad": 0.8583836688525623, "d1": 0.7068573483526488, "d2": 0.5946974675740981, "d3": -1.2136208652186693, "d4": -1.922855825635923, "p1": 3.9538347215428926, "p2": 29.802045548220025, "p3": 11.843414571000071, "p4": 22.619404081279065, "pol1": -0.4378268656371649, "pol2": 0.7590493463826271, "pol3": -0.2734134144425333, "pol4": -0.3339867220775754, "v0s": 2.7027638881872624}, "datetime": {"datetime": "2022-04-30 01:52:55", "elapsed": 123688.339787, "delta": 36.179262}}
{"target": 4.901450904071676, "params": {"Bgrad": 1.5868374488166066, "d1": -2.6025347823873903, "d2": -0.8893681478008424, "d3": -0.10950641798074179, "d4": -2.358112250028035, "p1": 27.42602090492118, "p2": 10.82424233096203, "p3": 38.05698591642476, "p4": 36.163665925130616, "pol1": -0.7000648718613055, "pol2": 0.8269396828164233, "pol3": -1.0, "pol4": 0.7271029414639308, "v0s": 4.901450904071676}, "datetime": {"datetime": "2022-04-30 01:53:35", "elapsed": 123728.126406, "delta": 39.786619}}
{"target": -1.0, "params": {"Bgrad": 0.7633648183160778, "d1": -0.2950130675312925, "d2": -0.5057352108304589, "d3": -1.665465924937882, "d4": 0.3358697090894185, "p1": 47.543479419585395, "p2": 45.33660306945183, "p3": 6.466896402329791, "p4": 21.795264566768395, "pol1": 0.7331879095692166, "pol2": 0.43597047067202355, "pol3": -0.13335577903155893, "pol4": 0.7943550121539236, "v0s": 4.730623814301548}, "datetime": {"datetime": "2022-04-30 01:54:06", "elapsed": 123759.162421, "delta": 31.036015}}
{"target": 4.010782502049965, "params": {"Bgrad": 1.0101560820656632, "d1": -2.9466096088831493, "d2": -0.2719738152289537, "d3": -1.0716379041216473, "d4": -0.9097019240596418, "p1": 8.684014581306233, "p2": 6.088480294535959, "p3": 28.86160955231729, "p4": 10.92954105293898, "pol1": -0.39849808171434264, "pol2": -0.14848737410420054, "pol3": -0.8229611371463657, "pol4": -0.08339720525368177, "v0s": 4.010782502049965}, "datetime": {"datetime": "2022-04-30 01:54:28", "elapsed": 123781.361066, "delta": 22.198645}}
{"target": -1.0, "params": {"Bgrad": 0.7955912136192231, "d1": -0.3686398016250707, "d2": 0.01346572109390376, "d3": -1.0268084481792323, "d4": -1.5853826463170337, "p1": 23.002643850680908, "p2": 28.105409596360715, "p3": 25.03931505525989, "p4": 4.889283397632399, "pol1": -0.9937076650662711, "pol2": -0.2688886126516783, "pol3": 0.018767045795873072, "pol4": -0.5409116527128974, "v0s": 2.2633753307998674}, "datetime": {"datetime": "2022-04-30 01:55:03", "elapsed": 123815.67731, "delta": 34.316244}}
{"target": 5.849635938273191, "params": {"Bgrad": 1.2441203572342834, "d1": -1.8271839823274052, "d2": 0.73855473335588, "d3": 0.4936085390650069, "d4": -0.497454939508401, "p1": 7.7797437340169, "p2": 33.95657452355197, "p3": 23.11511635141518, "p4": 44.507396322224636, "pol1": -0.6880854791087406, "pol2": -0.25999733675768283, "pol3": -0.44642358375436164, "pol4": 0.7979541501221091, "v0s": 5.849635938273191}, "datetime": {"datetime": "2022-04-30 01:55:53", "elapsed": 123865.725032, "delta": 50.047722}}
{"target": 3.4405417466221775, "params": {"Bgrad": 1.6204468435880788, "d1": -1.8532346463420775, "d2": 0.8836183708343355, "d3": 0.9306706611762118, "d4": -0.7316707304112289, "p1": 25.60019155129156, "p2": 23.750198843120998, "p3": 39.57304794568858, "p4": 43.959946614118856, "pol1": 1.0, "pol2": -1.0, "pol3": -0.7664907634102973, "pol4": -0.6608400193708561, "v0s": 3.4405417466221775}, "datetime": {"datetime": "2022-04-30 01:56:38", "elapsed": 123910.658887, "delta": 44.933855}}
{"target": 4.503460036033692, "params": {"Bgrad": 1.1877837115264485, "d1": -1.2938845729602537, "d2": 0.6798564902723581, "d3": -2.268119601244206, "d4": -0.2807676243303066, "p1": 22.00705518931216, "p2": 22.997265904487396, "p3": 7.719981938224687, "p4": 32.938300065752706, "pol1": -0.6127188722402295, "pol2": 0.7277681809125347, "pol3": 0.35455663027340445, "pol4": -0.6250368754355266, "v0s": 4.503460036033692}, "datetime": {"datetime": "2022-04-30 01:57:36", "elapsed": 123969.226289, "delta": 58.567402}}
{"target": -1.0, "params": {"Bgrad": 0.7796111064381883, "d1": -1.1259009358278846, "d2": 0.9020998162713219, "d3": -2.0746288748484942, "d4": -2.913907394102644, "p1": 5.737419260382554, "p2": 18.832224742813235, "p3": 13.39669272780083, "p4": 27.421719916239535, "pol1": 0.7993721393700501, "pol2": -0.05428866599554927, "pol3": -0.5161904689723258, "pol4": 0.4956249951620757, "v0s": 3.3117853495122884}, "datetime": {"datetime": "2022-04-30 01:58:12", "elapsed": 124004.674507, "delta": 35.448218}}
{"target": 4.957405550133557, "params": {"Bgrad": 0.8856936205221112, "d1": -2.0474267341357137, "d2": 0.46624864145623895, "d3": -1.0576998592132507, "d4": -0.6197810641618869, "p1": 5.68458668338687, "p2": 13.212206179012309, "p3": 34.4772626703362, "p4": 2.9456394927983385, "pol1": -0.14414724100209517, "pol2": 0.5874704789042501, "pol3": 0.12484335159434597, "pol4": 0.7772821100725089, "v0s": 4.957405550133557}, "datetime": {"datetime": "2022-04-30 01:58:40", "elapsed": 124032.732485, "delta": 28.057978}}
{"target": -1.0, "params": {"Bgrad": 1.411039938262384, "d1": -0.43516517642280217, "d2": 0.7769597317463379, "d3": -2.718441591251025, "d4": -0.21185292525935662, "p1": 37.968136678524274, "p2": 26.567946165494522, "p3": 23.330364047703956, "p4": 31.788132373034056, "pol1": -0.7604989875656845, "pol2": -0.3435223415382853, "pol3": -0.3675342023499819, "pol4": -0.9847856139319229, "v0s": 3.827195476379277}, "datetime": {"datetime": "2022-04-30 01:59:57", "elapsed": 124109.588984, "delta": 76.856499}}
{"target": -1.0, "params": {"Bgrad": 1.1273556634754471, "d1": -2.9352134445003375, "d2": -0.13430287537932317, "d3": 0.3749645229159637, "d4": -0.5732351400813589, "p1": 5.436708985027316, "p2": 8.253262881962831, "p3": 21.76430323162219, "p4": 16.937989847704255, "pol1": -0.7664155164715618, "pol2": 0.0236863278383721, "pol3": 0.3576613116494023, "pol4": -0.7983689529097389, "v0s": 7.136269695071681}, "datetime": {"datetime": "2022-04-30 02:00:39", "elapsed": 124152.130237, "delta": 42.541253}}
{"target": -1.0, "params": {"Bgrad": 1.8530031005347034, "d1": -0.4425158275953298, "d2": 0.5818688518031463, "d3": -0.28463113795689887, "d4": 0.019161373955265848, "p1": 23.54935936951487, "p2": 25.456455273815948, "p3": 10.24145556092021, "p4": 33.44744116898531, "pol1": -0.6588221553258047, "pol2": -0.0019632310434791744, "pol3": 0.6472089519835511, "pol4": -0.44330777388242026, "v0s": 5.357037502433946}, "datetime": {"datetime": "2022-04-30 02:01:31", "elapsed": 124203.608593, "delta": 51.478356}}
{"target": 4.522568149988739, "params": {"Bgrad": 0.6942959012592178, "d1": -2.9835570720967852, "d2": -0.3458161694344679, "d3": -0.6309244248853165, "d4": -1.4961589070991863, "p1": 19.169986893819917, "p2": 13.266376172078619, "p3": 28.03532469536778, "p4": 35.56026605519667, "pol1": -0.6354124815127946, "pol2": -0.6697460600522709, "pol3": 0.7422317723269998, "pol4": 0.7869467264731442, "v0s": 4.522568149988739}, "datetime": {"datetime": "2022-04-30 02:02:02", "elapsed": 124234.696469, "delta": 31.087876}}
{"target": -1.0, "params": {"Bgrad": 1.4696554025915352, "d1": -0.46360392634399883, "d2": -1.3462182731425267, "d3": -1.6120901430203718, "d4": -1.9227046650014281, "p1": 26.100768828051006, "p2": 6.30336597582552, "p3": 32.20082333279562, "p4": 30.155977827971547, "pol1": -0.9747404095789696, "pol2": -0.9068420641388153, "pol3": 0.7946958957766437, "pol4": -0.6778123305759833, "v0s": 4.034508243888708}, "datetime": {"datetime": "2022-04-30 02:02:42", "elapsed": 124275.359743, "delta": 40.663274}}
{"target": 3.5603986806485812, "params": {"Bgrad": 1.6555154487204367, "d1": 0.22599410924415908, "d2": -0.23386797107164403, "d3": -1.9390979534854869, "d4": -1.2121953515470762, "p1": 45.60248802126796, "p2": 24.867621130709722, "p3": 23.09309708365504, "p4": 3.81924576971856, "pol1": -0.49873933281255844, "pol2": 0.5388820731110635, "pol3": 0.09591686866308158, "pol4": 0.12786269488753854, "v0s": 3.5603986806485812}, "datetime": {"datetime": "2022-04-30 02:03:11", "elapsed": 124303.968249, "delta": 28.608506}}
{"target": -1.0, "params": {"Bgrad": 1.4413437955995962, "d1": -2.4679427813469594, "d2": -1.8795188836360195, "d3": 0.9209862386705034, "d4": 0.024770564025478503, "p1": 28.357570527835474, "p2": 26.079369195500078, "p3": 30.683508382314045, "p4": 14.398327124905919, "pol1": -0.5276243347659815, "pol2": 0.002481848399178199, "pol3": 0.8698338724632193, "pol4": -0.26252184169075377, "v0s": 3.8650655148470885}, "datetime": {"datetime": "2022-04-30 02:03:49", "elapsed": 124341.697369, "delta": 37.72912}}
{"target": 4.464658174639267, "params": {"Bgrad": 1.094184095584789, "d1": -0.7368147900745949, "d2": 0.35330422025564784, "d3": -2.9622861022661615, "d4": -0.5417844677511923, "p1": 5.542678161997912, "p2": 2.7848463271591495, "p3": 30.519247847424822, "p4": 13.618849220025753, "pol1": -0.1176420872197967, "pol2": 0.7365079574332687, "pol3": -0.7549774544789445, "pol4": 0.07520239643125766, "v0s": 4.464658174639267}, "datetime": {"datetime": "2022-04-30 02:04:16", "elapsed": 124369.170909, "delta": 27.47354}}
{"target": 4.3683999142765275, "params": {"Bgrad": 1.1981061001452213, "d1": -0.8942485113508455, "d2": 0.36370980593297664, "d3": -0.3329240498683844, "d4": -2.7967740013608045, "p1": 39.83074772433619, "p2": 40.44679802152697, "p3": 31.62639240564839, "p4": 36.93520974321063, "pol1": 0.15010275864557754, "pol2": 0.7342146875993527, "pol3": 0.07184914141981143, "pol4": 0.22128188778289717, "v0s": 4.3683999142765275}, "datetime": {"datetime": "2022-04-30 02:04:43", "elapsed": 124395.679032, "delta": 26.508123}}
{"target": 3.785951197283417, "params": {"Bgrad": 0.9160546574074184, "d1": -2.3013870539851924, "d2": -0.7698873134938111, "d3": -1.856788503237539, "d4": -0.7611503890561595, "p1": 14.472417268027133, "p2": 13.737017912303662, "p3": 28.108236985687675, "p4": 31.89449686062368, "pol1": 0.7341111227262165, "pol2": 0.370497487144269, "pol3": 0.021316566056509334, "pol4": 0.23531589943256215, "v0s": 3.785951197283417}, "datetime": {"datetime": "2022-04-30 02:05:15", "elapsed": 124428.334716, "delta": 32.655684}}
{"target": 3.9021495870726275, "params": {"Bgrad": 0.841730488274889, "d1": -2.135363087557233, "d2": 0.9103378067666252, "d3": -2.129640165923126, "d4": -1.562144015350659, "p1": 20.37060744912345, "p2": 26.46846794908265, "p3": 12.08465786391908, "p4": 38.99299857987031, "pol1": 0.13950463542165092, "pol2": -0.6512979966804795, "pol3": 0.8441890193474886, "pol4": 0.17651662426337222, "v0s": 3.9021495870726275}, "datetime": {"datetime": "2022-04-30 02:05:42", "elapsed": 124454.968502, "delta": 26.633786}}
{"target": -1.0, "params": {"Bgrad": 1.9986591562514013, "d1": -1.9090590249479797, "d2": -1.4145269541206447, "d3": -1.4947288139270634, "d4": 0.550388847100221, "p1": 24.222990137907736, "p2": 24.080058823484347, "p3": 8.502515870886668, "p4": 32.36665807404249, "pol1": -0.014886971561038909, "pol2": -0.41931606996497917, "pol3": -0.5439144573770671, "pol4": -0.5862624053657561, "v0s": 5.467679220227058}, "datetime": {"datetime": "2022-04-30 02:06:57", "elapsed": 124529.863247, "delta": 74.894745}}
{"target": -1.0, "params": {"Bgrad": 0.7732016705057831, "d1": -2.903252266079248, "d2": 0.09523083270457589, "d3": -2.292708099807328, "d4": -2.2604675720479133, "p1": 31.58843853347347, "p2": 10.844446358953691, "p3": 6.773365558950384, "p4": 25.464231042655644, "pol1": -0.4962727021483415, "pol2": -0.6897961357935738, "pol3": 0.8696076306604372, "pol4": -0.5175368113852701, "v0s": 5.307354598955233}, "datetime": {"datetime": "2022-04-30 02:07:42", "elapsed": 124575.017513, "delta": 45.154266}}
{"target": -1.0, "params": {"Bgrad": 0.6179131326305191, "d1": -1.8113039847691237, "d2": -1.133375220090584, "d3": -0.10999308176459222, "d4": -0.1708858067393373, "p1": 4.371594889482982, "p2": 9.613728493314417, "p3": 21.809173657283736, "p4": 16.7576408635834, "pol1": -0.2157776230352919, "pol2": 0.08916296701694937, "pol3": 0.87405129587658, "pol4": 0.7692683212544051, "v0s": 5.8989479614942635}, "datetime": {"datetime": "2022-04-30 02:08:12", "elapsed": 124604.557528, "delta": 29.540015}}
{"target": 5.221599702216351, "params": {"Bgrad": 1.0876104757471234, "d1": -2.105207622431712, "d2": 0.9903835914764376, "d3": -0.38694846983941567, "d4": -1.3423706800530955, "p1": 8.794377960080691, "p2": 34.13917607116175, "p3": 34.10622912253521, "p4": 7.919823168217488, "pol1": -0.854428405788247, "pol2": -0.198881231242509, "pol3": 0.9114612392922588, "pol4": 0.924888573729594, "v0s": 5.221599702216351}, "datetime": {"datetime": "2022-04-30 02:08:50", "elapsed": 124642.70453, "delta": 38.147002}}
