{"target": 4.115405815110848, "params": {"Bgrad": 1.0949587030977, "d1": -0.565340806909536, "d2": -0.529836337661322, "d3": -2.2154861000270376, "d4": -2.809709390896232, "p1": 22.97063321883523, "p2": 23.92982410684287, "p3": 8.643195833868871, "p4": 31.680100869145818, "pol1": -0.5196658765110342, "pol2": 0.12500419513143424, "pol3": -0.02973219240605207, "pol4": -0.19357349505877952, "v0s": 4.115405815110848}, "datetime": {"datetime": "2022-04-30 03:46:02", "elapsed": 130474.784612, "delta": 30.419663}}
{"target": -1.0, "params": {"Bgrad": 0.7776975320852668, "d1": -1.1223918618658928, "d2": -1.2041190700280051, "d3": -0.43484409336649943, "d4": -2.830087413439589, "p1": 39.54303872674481, "p2": 41.518475164067546, "p3": 32.442592983491494, "p4": 37.86997820844844, "pol1": -0.9422594467988485, "pol2": 0.10596261102353477, "pol3": 0.8431376284391392, "pol4": 0.9414538772930698, "v0s": 5.708561000360513}, "datetime": {"datetime": "2022-04-30 03:47:03", "elapsed": 130536.100663, "delta": 61.316051}}
{"target": -1.0, "params": {"Bgrad": 1.0715722334870599, "d1": -0.19686947445560055, "d2": -1.300374984182382, "d3": -0.881199932344352, "d4": -0.9377421924779643, "p1": 44.73814101361259, "p2": 26.951854711929297, "p3": 28.072603113338303, "p4": 48.57674984529252, "pol1": -0.8918967143030847, "pol2": 0.821108828937253, "pol3": -0.914563666765706, "pol4": -0.1073000422607806, "v0s": 4.516617592313944}, "datetime": {"datetime": "2022-04-30 03:47:38", "elapsed": 130571.209788, "delta": 35.109125}}
{"target": 3.9162620396122203, "params": {"Bgrad": 1.2322584738319928, "d1": -0.8283324784135053, "d2": -0.31009727795791087, "d3": -2.329719698647846, "d4": -2.3966180296178563, "p1": 44.009866452476565, "p2": 27.341100462452065, "p3": 27.873861129888766, "p4": 47.04797017739454, "pol1": -0.014851062359187133, "pol2": -0.2885883702074712, "pol3": -0.39650155642338786, "pol4": -0.2716517231852122, "v0s": 3.9162620396122203}, "datetime": {"datetime": "2022-04-30 03:48:09", "elapsed": 130602.25478, "delta": 31.044992}}
{"target": -1.0, "params": {"Bgrad": 0.8418072423533077, "d1": -1.6463403666543712, "d2": -0.23848898118179984, "d3": 0.2231184323706407, "d4": -0.22468834525150372, "p1": 46.729681026850926, "p2": 43.21513645806835, "p3": 6.308023358447076, "p4": 22.0250238926542, "pol1": -0.41390936143187934, "pol2": -0.15618477634960387, "pol3": 0.8601236396062394, "pol4": 0.4225652893545993, "v0s": 3.8976481028273584}, "datetime": {"datetime": "2022-04-30 03:49:01", "elapsed": 130653.537659, "delta": 51.282879}}
{"target": -1.0, "params": {"Bgrad": 1.4376746916881946, "d1": -0.8643503371732746, "d2": 0.24791144995717262, "d3": 0.04962347659638322, "d4": -1.1338464634654901, "p1": 24.457959787460776, "p2": 27.17277782382672, "p3": 14.475592915727942, "p4": 35.9761837085083, "pol1": 0.12160323749333979, "pol2": -0.23581750618069863, "pol3": 0.7284990531553142, "pol4": 0.8245339453687708, "v0s": 3.6264017906818946}, "datetime": {"datetime": "2022-04-30 03:49:40", "elapsed": 130693.450938, "delta": 39.913279}}
{"target": -1.0, "params": {"Bgrad": 0.5607114826823186, "d1": -1.9478064631473169, "d2": 0.0414864984941703, "d3": -2.0458356316879995, "d4": -2.127264669880364, "p1": 47.04609766203261, "p2": 30.664974626331365, "p3": 46.78012084199124, "p4": 17.224484149046443, "pol1": 0.6710176009359858, "pol2": 0.3659331812431823, "pol3": -0.8700781994056892, "pol4": 0.8207899984592915, "v0s": 2.3088364120742195}, "datetime": {"datetime": "2022-04-30 03:50:06", "elapsed": 130719.48034, "delta": 26.029402}}
{"target": -1.0, "params": {"Bgrad": 1.1336037068306506, "d1": -2.4899696722052806, "d2": -0.21966054121069245, "d3": -2.664068345492846, "d4": 0.645685288258349, "p1": 3.9558167673107105, "p2": 4.382134884283307, "p3": 22.323072551518088, "p4": 17.99343796987581, "pol1": -0.8069270529616164, "pol2": 0.2094805890783511, "pol3": 0.07826269342738645, "pol4": 0.7036632158544489, "v0s": 5.109383164910017}, "datetime": {"datetime": "2022-04-30 03:51:05", "elapsed": 130778.005853, "delta": 58.525513}}
{"target": 5.091540862064178, "params": {"Bgrad": 1.78757413278602, "d1": -2.854382705612605, "d2": 0.26904087287498735, "d3": -2.149866199125374, "d4": -2.42825506060409, "p1": 41.179745375649276, "p2": 40.70020869249563, "p3": 31.89769930124734, "p4": 14.919158550753936, "pol1": -0.49238907527703524, "pol2": -0.4405902066877436, "pol3": 0.0959187610829646, "pol4": 0.15709193406126287, "v0s": 5.091540862064178}, "datetime": {"datetime": "2022-04-30 03:51:56", "elapsed": 130829.113202, "delta": 51.107349}}
{"target": -1.0, "params": {"Bgrad": 1.9739243292654094, "d1": -1.5834046030189266, "d2": -0.16258660429981386, "d3": -2.10384304424374, "d4": -0.5689219027797243, "p1": 26.914298373756367, "p2": 23.234779587644187, "p3": 9.189122587871273, "p4": 31.973608486559748, "pol1": 0.9263286919446441, "pol2": -0.7604790228977623, "pol3": -0.7198775414860215, "pol4": 0.3007594848263717, "v0s": 4.797710226564025}, "datetime": {"datetime": "2022-04-30 03:52:50", "elapsed": 130883.259425, "delta": 54.146223}}
{"target": -1.0, "params": {"Bgrad": 1.2807674276286922, "d1": -0.49075276014840324, "d2": 0.22743176993164507, "d3": -2.2495330101332645, "d4": -1.621546584461859, "p1": 38.09528818284813, "p2": 26.817625048396945, "p3": 23.77014783267187, "p4": 33.84347558299201, "pol1": 0.46942388415193853, "pol2": 0.5776945723609027, "pol3": 0.3297549866112088, "pol4": -0.2357448987950533, "v0s": 4.110256530688098}, "datetime": {"datetime": "2022-04-30 03:53:33", "elapsed": 130926.307322, "delta": 43.047897}}
{"target": 3.126945357579554, "params": {"Bgrad": 0.7259205769445201, "d1": -0.21081874224818087, "d2": -0.1564776534113368, "d3": 0.03367148629643557, "d4": -2.070975827735219, "p1": 22.30504187985219, "p2": 22.65624046456367, "p3": 43.17004136619875, "p4": 45.68281764929295, "pol1": -0.10504008137682597, "pol2": 0.6729434336981319, "pol3": 0.5925523746847863, "pol4": 0.4905610814900805, "v0s": 3.126945357579554}, "datetime": {"datetime": "2022-04-30 03:54:00", "elapsed": 130953.462713, "delta": 27.155391}}
{"target": 3.730215000986214, "params": {"Bgrad": 1.3495585710735225, "d1": 0.09236154231210314, "d2": -2.541022097731049, "d3": -2.398428371221126, "d4": -2.8671610037346036, "p1": 35.4867081420351, "p2": 2.7426987180222797, "p3": 7.845666830709785, "p4": 38.35337053927841, "pol1": -0.8465450945594624, "pol2": 0.954648773034797, "pol3": 0.8742317503019259, "pol4": -0.17043654579190748, "v0s": 3.730215000986214}, "datetime": {"datetime": "2022-04-30 03:54:40", "elapsed": 130992.670878, "delta": 39.208165}}
{"target": 3.8074859900057967, "params": {"Bgrad": 1.2974106971060273, "d1": -2.2562201645820688, "d2": -0.5519721489480314, "d3": -0.9531960262135843, "d4": -1.302968617638161, "p1": 40.123005207165704, "p2": 43.7480746225933, "p3": 32.69623968700049, "p4": 16.06453037433417, "pol1": -0.7629096884563187, "pol2": 0.19612532907318658, "pol3": 0.9428773267496671, "pol4": 0.17442345799327397, "v0s": 3.8074859900057967}, "datetime": {"datetime": "2022-04-30 03:55:15", "elapsed": 131028.519027, "delta": 35.848149}}
{"target": 4.346885919642027, "params": {"Bgrad": 1.3833588919254256, "d1": -1.8864068827584837, "d2": -0.3999119371581944, "d3": -2.4658295305032447, "d4": -1.8231880095240445, "p1": 8.193788757223118, "p2": 35.50965739571725, "p3": 35.58794375399496, "p4": 34.773526423038, "pol1": -0.42503224634280024, "pol2": 0.8343733571425117, "pol3": -0.1433014016164886, "pol4": 0.1576276859229186, "v0s": 4.346885919642027}, "datetime": {"datetime": "2022-04-30 03:56:05", "elapsed": 131078.319868, "delta": 49.800841}}
{"target": -1.0, "params": {"Bgrad": 0.586994358346717, "d1": -0.3975495857549376, "d2": -0.09423436537529106, "d3": -0.8545332939797712, "d4": -1.6206224042535897, "p1": 7.478240997401986, "p2": 37.3083068827586, "p3": 32.35181542856406, "p4": 7.558176336451849, "pol1": 0.565398958908613, "pol2": 0.5038040555890573, "pol3": -0.24566014617262089, "pol4": -0.693592473659252, "v0s": 5.169099255638772}, "datetime": {"datetime": "2022-04-30 03:56:34", "elapsed": 131107.352241, "delta": 29.032373}}
{"target": 3.8256514049109454, "params": {"Bgrad": 1.242810351471993, "d1": -0.659461602421016, "d2": 0.17064779719126433, "d3": -1.805683376610797, "d4": -2.0171442994473985, "p1": 43.2925079587892, "p2": 23.631638862744087, "p3": 19.279562831549303, "p4": 3.19453728699981, "pol1": -0.15951960872729942, "pol2": -0.16284184978111038, "pol3": -0.9166210410990636, "pol4": -0.25341551502224013, "v0s": 3.8256514049109454}, "datetime": {"datetime": "2022-04-30 03:57:04", "elapsed": 131136.619984, "delta": 29.267743}}
{"target": -1.0, "params": {"Bgrad": 1.2126773124361168, "d1": -2.7939054865580526, "d2": -0.41228234075124126, "d3": 0.2113601301919572, "d4": -1.5840132014021862, "p1": 33.448775045848315, "p2": 13.453925469020705, "p3": 3.6221501382443897, "p4": 17.862789460497396, "pol1": 0.3356728098171846, "pol2": 0.2688220058744728, "pol3": 0.6581911088906185, "pol4": -0.4126889230215911, "v0s": 4.496391982269901}, "datetime": {"datetime": "2022-04-30 03:57:38", "elapsed": 131171.419936, "delta": 34.799952}}
{"target": 4.117943147239565, "params": {"Bgrad": 1.4971544419707934, "d1": 0.19875343123387923, "d2": 0.16232159234304344, "d3": -0.7274200835579627, "d4": -1.8545917593831236, "p1": 3.0312089419371357, "p2": 29.566401011953364, "p3": 10.42311328342931, "p4": 20.09070411393381, "pol1": 0.75541732921021, "pol2": 0.6830053728790615, "pol3": 0.41273257523618834, "pol4": -0.9107018556967359, "v0s": 4.117943147239565}, "datetime": {"datetime": "2022-04-30 03:58:07", "elapsed": 131200.119199, "delta": 28.699263}}
{"target": -1.0, "params": {"Bgrad": 0.5283204087033726, "d1": -1.2767891662052095, "d2": 0.6684405802537623, "d3": -1.362670188238864, "d4": -1.6656485049885288, "p1": 4.550137185096098, "p2": 3.0327313054970215, "p3": 31.1857403003218, "p4": 13.213228814148708, "pol1": -0.9277454890239725, "pol2": 0.5888269811349398, "pol3": 0.8119002685291843, "pol4": -0.4610731882296615, "v0s": 3.3388554648566453}, "datetime": {"datetime": "2022-04-30 03:58:44", "elapsed": 131236.634564, "delta": 36.515365}}
{"target": -1.0, "params": {"Bgrad": 1.2610284484180738, "d1": -2.0313613765980976, "d2": 0.5734794975672064, "d3": -2.162854947953151, "d4": 0.6331042244293834, "p1": 14.879837691441866, "p2": 12.822984855757714, "p3": 31.46729724252127, "p4": 34.25857317284988, "pol1": -0.5893706041367943, "pol2": -0.8359468598357598, "pol3": -0.13658973273288177, "pol4": -0.7202134234753739, "v0s": 6.213698432356059}, "datetime": {"datetime": "2022-04-30 03:59:19", "elapsed": 131272.31915, "delta": 35.684586}}
{"target": 4.225199228533936, "params": {"Bgrad": 1.9023171996606294, "d1": -2.2964929168821078, "d2": -3.0, "d3": -1.1133827484455159, "d4": -3.0, "p1": 16.344985693483647, "p2": 45.02782704920639, "p3": 16.824641679628463, "p4": 11.901617357709648, "pol1": 0.5863669507656771, "pol2": 1.0, "pol3": 0.09258190267131237, "pol4": -0.4064183874393446, "v0s": 4.225199228533936}, "datetime": {"datetime": "2022-04-30 03:59:54", "elapsed": 131306.647362, "delta": 34.328212}}
{"target": -1.0, "params": {"Bgrad": 1.7571942615565774, "d1": -2.7862925561045624, "d2": 0.4817220624511154, "d3": -0.5170509507331738, "d4": -0.5207963636317814, "p1": 14.88891138347143, "p2": 37.729207736861575, "p3": 0.4385346167212478, "p4": 32.2547411237866, "pol1": 0.96950332734356, "pol2": 0.5254618255679939, "pol3": 0.6170246705939937, "pol4": 0.7401057734647332, "v0s": 6.086419522283866}, "datetime": {"datetime": "2022-04-30 04:00:33", "elapsed": 131345.635116, "delta": 38.987754}}
{"target": -1.0, "params": {"Bgrad": 0.6157959493622129, "d1": -1.1704500069544608, "d2": -0.07449829055489454, "d3": -2.355031346414359, "d4": -2.0106341740231954, "p1": 40.13154983582904, "p2": 39.58289940122017, "p3": 31.704482522036564, "p4": 38.109289817766104, "pol1": 0.3956928060376428, "pol2": 0.09296395656911693, "pol3": 0.5100393368298577, "pol4": -0.13738309804037385, "v0s": 5.017013963942574}, "datetime": {"datetime": "2022-04-30 04:02:12", "elapsed": 131445.521039, "delta": 99.885923}}
{"target": -1.0, "params": {"Bgrad": 1.8844699701344327, "d1": -2.514215607489776, "d2": -1.0091901082600265, "d3": 0.2183358252051018, "d4": -2.3505399871393906, "p1": 27.532243704851197, "p2": 10.635273257296754, "p3": 37.70301217993744, "p4": 35.99482156379699, "pol1": -0.7787609019743296, "pol2": 0.670488058347234, "pol3": -1.0, "pol4": 0.8256768185105088, "v0s": 5.126057166455172}, "datetime": {"datetime": "2022-04-30 04:03:04", "elapsed": 131497.227785, "delta": 51.706746}}
{"target": -1.0, "params": {"Bgrad": 0.6302801746048055, "d1": 0.6065577186777111, "d2": 0.006257010962596822, "d3": -1.7800133047333888, "d4": -0.1078657688388191, "p1": 5.617381152371389, "p2": 19.388613538898298, "p3": 24.506552498050976, "p4": 45.9903534374271, "pol1": 0.23462213245017488, "pol2": 0.7102327463608705, "pol3": 0.6694824122367502, "pol4": 0.5348460327925705, "v0s": 2.739200270076166}, "datetime": {"datetime": "2022-04-30 04:03:50", "elapsed": 131543.442217, "delta": 46.214432}}
{"target": -1.0, "params": {"Bgrad": 1.2060423687471955, "d1": -0.8575615296102317, "d2": -0.3003665701992668, "d3": -0.8965566901416668, "d4": -0.9720156354158602, "p1": 7.336144047987675, "p2": 6.082990906187774, "p3": 28.722272230018397, "p4": 12.24133385773492, "pol1": -0.44275808166796193, "pol2": 0.15597545570772464, "pol3": -0.6728142387486924, "pol4": -0.3395410283521081, "v0s": 4.498623564087734}, "datetime": {"datetime": "2022-04-30 04:04:37", "elapsed": 131589.605783, "delta": 46.163566}}
{"target": 5.36073980806791, "params": {"Bgrad": 1.4668671326659617, "d1": -2.5399763342759334, "d2": 0.6244649337725372, "d3": -2.559444043365436, "d4": -0.47918364751847076, "p1": 16.153582618198858, "p2": 39.69315454955811, "p3": 3.0128256675608087, "p4": 32.207595160307434, "pol1": -0.7327530966223035, "pol2": 0.23929391165669123, "pol3": 0.3478858805234468, "pol4": -0.31616356101380516, "v0s": 5.36073980806791}, "datetime": {"datetime": "2022-04-30 04:05:30", "elapsed": 131642.68486, "delta": 53.079077}}
{"target": -1.0, "params": {"Bgrad": 1.3522077576074782, "d1": -0.6485700233045613, "d2": -0.0702160405797243, "d3": -0.08451657570703963, "d4": -1.862348725041934, "p1": 3.7528508917029137, "p2": 32.46275167934079, "p3": 13.681366876908102, "p4": 22.368519543906768, "pol1": -0.1611808166693771, "pol2": -0.056961579599723366, "pol3": -0.5394047236848682, "pol4": 0.9992523340104169, "v0s": 2.446333120208757}, "datetime": {"datetime": "2022-04-30 04:06:02", "elapsed": 131675.283696, "delta": 32.598836}}
{"target": -1.0, "params": {"Bgrad": 1.8322567220491113, "d1": 0.41570163710076224, "d2": -2.5841256670346673, "d3": -1.600225749155899, "d4": -1.01321793622978, "p1": 43.94475220838345, "p2": 49.09270340043756, "p3": 16.847446465858447, "p4": 39.097429751717534, "pol1": 0.7174346724151879, "pol2": -0.4375014172348044, "pol3": -0.6021451292446058, "pol4": 0.2932273583200018, "v0s": 5.384835998241432}, "datetime": {"datetime": "2022-04-30 10:43:58", "elapsed": 155550.949026, "delta": 23875.66533}}
{"target": -1.0, "params": {"Bgrad": 0.7318633375247958, "d1": -0.03130987497808757, "d2": -1.5596292478788794, "d3": -0.5813039184720483, "d4": -2.9740281096698795, "p1": 29.525768321047536, "p2": 36.6713005527327, "p3": 17.28371688453816, "p4": 37.96649117689548, "pol1": -0.14605975769066926, "pol2": -0.1535998835158876, "pol3": -0.4012947248075336, "pol4": 0.48211783765629557, "v0s": 7.502509183262472}, "datetime": {"datetime": "2022-04-30 10:44:04", "elapsed": 155557.434687, "delta": 6.485661}}
{"target": -1.0, "params": {"Bgrad": 1.164651858182299, "d1": 0.947938595592642, "d2": 0.197950946841134, "d3": -1.75505900290525, "d4": -2.0675788072634798, "p1": 17.946800201882347, "p2": 20.23346430136851, "p3": 24.794914521918482, "p4": 35.076687116755046, "pol1": 0.6819966695141744, "pol2": -0.8818519565081304, "pol3": -0.09385597598567186, "pol4": -0.14488822014139457, "v0s": 4.544194487003364}, "datetime": {"datetime": "2022-04-30 10:44:18", "elapsed": 155571.265703, "delta": 13.831016}}
{"target": -1.0, "params": {"Bgrad": 1.3455156328892623, "d1": 0.7592072406779478, "d2": -1.6787143356179688, "d3": 0.7958725685734858, "d4": -2.0164629683613895, "p1": 27.42025138601103, "p2": 35.67004180098325, "p3": 44.03108479962601, "p4": 39.08493448899908, "pol1": 0.9315225179750983, "pol2": 0.10228620545193157, "pol3": 0.8108526750809737, "pol4": 0.30936871391266285, "v0s": 3.0140605771871076}, "datetime": {"datetime": "2022-04-30 10:44:28", "elapsed": 155581.471415, "delta": 10.205712}}
{"target": -1.0, "params": {"Bgrad": 0.5459910727131295, "d1": 0.043122007034608334, "d2": -0.28951971166343426, "d3": -1.8467461401074892, "d4": -2.575933548022375, "p1": 34.473011071012856, "p2": 37.47262576984433, "p3": 27.914100489775535, "p4": 33.26186816971089, "pol1": -0.19187803608286447, "pol2": 0.7321750391739641, "pol3": 0.06480256350257196, "pol4": 0.7896784033600222, "v0s": 6.438257330379725}, "datetime": {"datetime": "2022-04-30 10:44:33", "elapsed": 155586.345382, "delta": 4.873967}}
{"target": -1.0, "params": {"Bgrad": 1.284352816996442, "d1": -0.12137147615090438, "d2": 0.5469840494920444, "d3": -2.2219548595083523, "d4": -1.2807797929205207, "p1": 42.967550436568466, "p2": 1.5248182553431244, "p3": 6.654109107776806, "p4": 20.267344000155692, "pol1": -0.7752820038286263, "pol2": 0.4523040250984516, "pol3": 0.9496199991833363, "pol4": -0.021866869641741893, "v0s": 7.761604955563078}, "datetime": {"datetime": "2022-04-30 10:44:43", "elapsed": 155596.039461, "delta": 9.694079}}
{"target": -1.0, "params": {"Bgrad": 0.7036536770868046, "d1": -0.1982263007901932, "d2": -0.6685667427100155, "d3": 0.16693424993531103, "d4": -0.8491975506208336, "p1": 48.994639853078844, "p2": 21.982639080670097, "p3": 47.51361767507481, "p4": 45.91392611112547, "pol1": -0.15226065420901547, "pol2": -0.17895618795354706, "pol3": -0.960105869382669, "pol4": -0.103011773993263, "v0s": 3.1964600722812984}, "datetime": {"datetime": "2022-04-30 10:44:50", "elapsed": 155602.807365, "delta": 6.767904}}
{"target": -1.0, "params": {"Bgrad": 1.003888451104701, "d1": -1.86993682959057, "d2": -0.3192081299663916, "d3": -1.2393057026405705, "d4": -0.5990039155252362, "p1": 42.175921624218645, "p2": 41.63860024327447, "p3": 29.27786713452788, "p4": 22.02682234531756, "pol1": -0.1991794856689666, "pol2": -0.8577457278448037, "pol3": -0.06523603854896987, "pol4": -0.19391436906087178, "v0s": 3.209184156585681}, "datetime": {"datetime": "2022-04-30 10:45:16", "elapsed": 155628.691157, "delta": 25.883792}}
{"target": -1.0, "params": {"Bgrad": 1.7040874430119612, "d1": -0.20740808830993895, "d2": 0.9016324552388508, "d3": -1.457936715196026, "d4": -1.332289662510409, "p1": 25.986745975215552, "p2": 17.664422829719477, "p3": 27.262337219765616, "p4": 44.48762708679759, "pol1": 0.4610387733466308, "pol2": -0.5869761003988754, "pol3": 0.6003057591371754, "pol4": 0.5906161260780873, "v0s": 6.794545762411}, "datetime": {"datetime": "2022-04-30 10:45:28", "elapsed": 155641.086015, "delta": 12.394858}}
{"target": -1.0, "params": {"Bgrad": 0.9752039809441062, "d1": -0.5481939170977923, "d2": -0.3908360722129034, "d3": -2.519099984356326, "d4": 0.6747011615375138, "p1": 18.40678867585736, "p2": 34.41883618174393, "p3": 46.416918968188234, "p4": 33.74360815858161, "pol1": 0.8769548254548434, "pol2": 0.3982153140458511, "pol3": -0.6582842107523128, "pol4": 0.4578110181500046, "v0s": 4.434320883742982}, "datetime": {"datetime": "2022-04-30 10:45:39", "elapsed": 155652.249167, "delta": 11.163152}}
{"target": -1.0, "params": {"Bgrad": 0.9778599400696983, "d1": 0.12258508440405125, "d2": 0.16195654145341498, "d3": 0.7960470626255831, "d4": -2.187258819163354, "p1": 26.633216556398487, "p2": 38.60612293155915, "p3": 25.81744343799141, "p4": 11.439322697394305, "pol1": 0.9905805826300846, "pol2": 0.7786396871275592, "pol3": 0.15428667427312526, "pol4": 0.07609561368694195, "v0s": 7.039856708469708}, "datetime": {"datetime": "2022-04-30 10:45:47", "elapsed": 155659.819924, "delta": 7.570757}}
{"target": -1.0, "params": {"Bgrad": 1.8719509720372363, "d1": 0.2783414227271135, "d2": -1.268760897789459, "d3": 0.42249252591676845, "d4": -2.0975786728321673, "p1": 27.025803350942596, "p2": 15.757514430992186, "p3": 5.981724786276193, "p4": 7.275597637660336, "pol1": 0.8732096353757108, "pol2": -0.6100151443170267, "pol3": 0.29982025848256066, "pol4": -0.521757684119835, "v0s": 5.152817436393951}, "datetime": {"datetime": "2022-04-30 10:45:59", "elapsed": 155672.040249, "delta": 12.220325}}
{"target": -1.0, "params": {"Bgrad": 0.6959513061718144, "d1": -1.8418386158542455, "d2": -1.3979018798075367, "d3": -0.17328490310878442, "d4": 0.6042797414050605, "p1": 21.428856599217873, "p2": 35.69109842898595, "p3": 6.954323027473958, "p4": 5.0287537236323505, "pol1": -0.10378081925317173, "pol2": 0.5210124669598837, "pol3": -0.536769431852645, "pol4": 0.6182656473886026, "v0s": 3.514446413367234}, "datetime": {"datetime": "2022-04-30 10:46:06", "elapsed": 155679.203097, "delta": 7.162848}}
{"target": -1.0, "params": {"Bgrad": 0.6257018403805683, "d1": -0.9479975438808457, "d2": -2.9960887673641827, "d3": -0.16754784176555448, "d4": -0.043763005554980694, "p1": 48.665979815192465, "p2": 33.158230343437914, "p3": 24.710836296511896, "p4": 3.6811658558241644, "pol1": 0.0685900542453306, "pol2": -0.7163392119243548, "pol3": 0.6047775247752978, "pol4": 0.15229770107349005, "v0s": 3.277485425903738}, "datetime": {"datetime": "2022-04-30 10:46:11", "elapsed": 155684.00027, "delta": 4.797173}}
