{"target": -1.0, "params": {"Bgrad": 0.696509575197733, "d1": -0.9106492769787273, "d2": -1.6394575639324431, "d3": -2.986305274230906, "d4": -2.0288571731543854, "p1": 42.72120165853394, "p2": 47.11250902287455, "p3": 32.63094834960412, "p4": 43.48790562738891, "pol1": 0.7684530193957655, "pol2": 0.9553659033363817, "pol3": 0.8763797193008414, "pol4": -0.6121029379730316, "v0s": 7.303315519378979}, "datetime": {"datetime": "2022-06-15 23:44:19", "elapsed": 250906.892467, "delta": 10.749268}}
{"target": -1.0, "params": {"Bgrad": 1.190559795600761, "d1": -1.7491880664720338, "d2": 0.09847112486946541, "d3": 0.6366214350823447, "d4": -0.7739569681466958, "p1": 7.596575001858047, "p2": 33.16643731467124, "p3": 23.679041541238387, "p4": 43.19047202163079, "pol1": -0.37688570054102466, "pol2": -0.8831919987692629, "pol3": -0.8556274548558835, "pol4": 0.9297581077624919, "v0s": 5.576394369002165}, "datetime": {"datetime": "2022-06-15 23:44:39", "elapsed": 250926.488092, "delta": 19.595625}}
{"target": -1.0, "params": {"Bgrad": 0.914779728697947, "d1": -0.2871125937325152, "d2": 0.8998583949289563, "d3": 0.49849237380543343, "d4": -0.06606674262637435, "p1": 10.084064028367894, "p2": 4.078514570222352, "p3": 8.992240072085938, "p4": 19.231706291271454, "pol1": -0.3006792592821341, "pol2": 0.5097895766728291, "pol3": -0.9331272613069648, "pol4": -0.07562379156670351, "v0s": 3.728112696420527}, "datetime": {"datetime": "2022-06-15 23:44:55", "elapsed": 250942.811462, "delta": 16.32337}}
{"target": -1.0, "params": {"Bgrad": 0.846991784013218, "d1": -0.9392954468984764, "d2": -2.8894722328904043, "d3": -0.6851683967584719, "d4": -1.445038002191565, "p1": 39.23191371446973, "p2": 47.17260625421682, "p3": 46.499780949696365, "p4": 15.58646084862178, "pol1": 0.24773428365995875, "pol2": -0.4255690840904083, "pol3": 0.47166648979521475, "pol4": -0.3219976820750856, "v0s": 6.1183014039336605}, "datetime": {"datetime": "2022-06-15 23:45:08", "elapsed": 250955.636183, "delta": 12.824721}}
{"target": -1.0, "params": {"Bgrad": 1.7050516824223996, "d1": -0.9864567520938716, "d2": -0.9570154779660554, "d3": -2.787662217121556, "d4": -2.7167355835203026, "p1": 37.429410723297465, "p2": 2.614875404622752, "p3": 7.759475130539739, "p4": 11.008882080891341, "pol1": -0.1335355476805511, "pol2": 0.37988104833161307, "pol3": 0.7392485275997933, "pol4": 0.636399083449289, "v0s": 5.83531464291365}, "datetime": {"datetime": "2022-06-15 23:45:24", "elapsed": 250971.991469, "delta": 16.355286}}
{"target": -1.0, "params": {"Bgrad": 1.1900039072858035, "d1": -0.6755447269252115, "d2": 0.8182858526696468, "d3": -1.567166665080625, "d4": -1.0407687533292824, "p1": 40.63183580112767, "p2": 32.354172507666945, "p3": 18.118415002304616, "p4": 7.602444507229467, "pol1": -0.31796942473748135, "pol2": 0.08035640290276769, "pol3": 0.04320094545674924, "pol4": 0.727779547066222, "v0s": 2.3690020531041887}, "datetime": {"datetime": "2022-06-15 23:45:39", "elapsed": 250986.515648, "delta": 14.524179}}
{"target": -1.0, "params": {"Bgrad": 1.0864949074033883, "d1": 0.3381976131778046, "d2": -2.17824890132346, "d3": 0.0671863523736902, "d4": -2.9505546918811985, "p1": 42.95866306133498, "p2": 12.930281614230566, "p3": 42.297191725223456, "p4": 49.70572169133, "pol1": 0.7562952010658475, "pol2": -0.6038374983767967, "pol3": 0.3574121526056053, "pol4": 0.705102823215948, "v0s": 2.045172247447082}, "datetime": {"datetime": "2022-06-15 23:45:58", "elapsed": 251005.300439, "delta": 18.784791}}
{"target": 2.8773260405208188, "params": {"Bgrad": 1.2804433933880393, "d1": -0.8237562528776756, "d2": -1.381123781494448, "d3": -1.910948843390773, "d4": -0.9377056043415686, "p1": 32.72195673257742, "p2": 42.387936269621065, "p3": 29.355069132346983, "p4": 30.48977596629989, "pol1": -0.7958402649784855, "pol2": -0.9513010629076033, "pol3": 0.21328674058664054, "pol4": -0.5131720558159174, "v0s": 2.8773260405208188}, "datetime": {"datetime": "2022-06-15 23:46:09", "elapsed": 251016.583282, "delta": 11.282843}}
{"target": -1.0, "params": {"Bgrad": 1.951051340596056, "d1": -1.19070230781829, "d2": -1.2302546849758569, "d3": -0.008462744691290158, "d4": -1.5128138186875626, "p1": 30.61039826146314, "p2": 31.121670839066866, "p3": 1.5635498006455695, "p4": 42.264917301023466, "pol1": -0.7371904640502951, "pol2": -0.8180413458190456, "pol3": 0.46795711399370865, "pol4": 0.10200236969926935, "v0s": 6.184088288266633}, "datetime": {"datetime": "2022-06-15 23:46:27", "elapsed": 251035.035961, "delta": 18.452679}}
{"target": -1.0, "params": {"Bgrad": 0.5063465171112471, "d1": -2.8889527205767185, "d2": 0.4180691825107212, "d3": 0.05317162449551294, "d4": -2.818963925428729, "p1": 12.752328481566517, "p2": 39.239519230984, "p3": 9.069863109187832, "p4": 28.032784596897802, "pol1": -0.9038151518824205, "pol2": 0.6890594276935109, "pol3": -0.6534404322269611, "pol4": 0.6260020949348635, "v0s": 6.953998775515485}, "datetime": {"datetime": "2022-06-15 23:46:37", "elapsed": 251044.949465, "delta": 9.913504}}
{"target": -1.0, "params": {"Bgrad": 1.7570632671785515, "d1": 0.6215408397047755, "d2": -1.4631884711216614, "d3": 0.023728231825371093, "d4": -2.7453721747068895, "p1": 47.539258161123286, "p2": 31.200661492570898, "p3": 30.26032329914804, "p4": 45.59871940783025, "pol1": -0.15001858349652153, "pol2": 0.7522303313556606, "pol3": -0.22497590563118863, "pol4": 0.9387461390143443, "v0s": 4.71748059058367}, "datetime": {"datetime": "2022-06-15 23:46:53", "elapsed": 251060.944712, "delta": 15.995247}}
{"target": -1.0, "params": {"Bgrad": 0.957532990550539, "d1": -0.8489302561895347, "d2": 0.7862307632371803, "d3": 0.786449541143686, "d4": -2.8073792877404213, "p1": 39.38370509965743, "p2": 46.23163338363771, "p3": 49.048944655113665, "p4": 25.33519067978358, "pol1": 0.9766493615201444, "pol2": 0.5900099901345728, "pol3": 0.8029050695683491, "pol4": -0.12831075199317077, "v0s": 2.322823831077235}, "datetime": {"datetime": "2022-06-15 23:47:13", "elapsed": 251080.64406, "delta": 19.699348}}
{"target": -1.0, "params": {"Bgrad": 1.5634853756122509, "d1": 0.34782995540393147, "d2": -1.508622832212314, "d3": 0.19105123803488855, "d4": -1.7225400704543867, "p1": 36.398227604503525, "p2": 4.377296109568196, "p3": 18.35514270503793, "p4": 36.16594884881737, "pol1": -0.7550148802012675, "pol2": -0.9303038773062917, "pol3": 0.037003930500350224, "pol4": -0.9209193949483534, "v0s": 4.306411435324666}, "datetime": {"datetime": "2022-06-15 23:47:30", "elapsed": 251098.052529, "delta": 17.408469}}
{"target": -1.0, "params": {"Bgrad": 0.5430656063115064, "d1": 0.47959706729602747, "d2": -1.0916196631037178, "d3": 0.4051171908140798, "d4": -2.825838945561083, "p1": 33.86652947064431, "p2": 3.681542548932665, "p3": 5.015694037990853, "p4": 2.662470967623476, "pol1": -0.593695218622222, "pol2": -0.20101863486055893, "pol3": -0.5717402892558854, "pol4": 0.0049683837418939, "v0s": 6.674483536386905}, "datetime": {"datetime": "2022-06-15 23:47:40", "elapsed": 251107.934117, "delta": 9.881588}}
{"target": -1.0, "params": {"Bgrad": 1.4122711578282667, "d1": 0.30113431440855365, "d2": -0.9404087194843673, "d3": -2.2733720347304707, "d4": -2.1335591124523665, "p1": 17.23286640334604, "p2": 45.752510052664, "p3": 33.8909909323313, "p4": 45.474337522020015, "pol1": -0.7824501230548682, "pol2": 0.9323655120441097, "pol3": 0.7709393336519459, "pol4": 0.548495732456703, "v0s": 4.016222588293507}, "datetime": {"datetime": "2022-06-15 23:48:01", "elapsed": 251128.905065, "delta": 20.970948}}
{"target": -1.0, "params": {"Bgrad": 1.6721837944843048, "d1": -2.0903926546206324, "d2": -2.0422837641845373, "d3": -0.5285668375777144, "d4": -1.8316202481027357, "p1": 41.08116077378504, "p2": 19.22011303548677, "p3": 14.666222069762547, "p4": 32.15176902694088, "pol1": 0.5132760178238391, "pol2": -0.3838517451800061, "pol3": -0.05803818256913207, "pol4": 0.3882398905484923, "v0s": 3.6242763072923383}, "datetime": {"datetime": "2022-06-15 23:48:23", "elapsed": 251150.970089, "delta": 22.065024}}
{"target": 4.156129722034586, "params": {"Bgrad": 1.824291323865354, "d1": -2.1888533463287376, "d2": -2.6702928937097763, "d3": -1.20178683170377, "d4": -2.9792620009946704, "p1": 15.990031118921177, "p2": 44.803550364512894, "p3": 16.49488094520078, "p4": 12.118024251513365, "pol1": 0.48344805977132665, "pol2": 0.8713952263002724, "pol3": -0.1922835158277596, "pol4": -0.5491156198872746, "v0s": 4.156129722034586}, "datetime": {"datetime": "2022-06-15 23:48:35", "elapsed": 251162.296814, "delta": 11.326725}}
{"target": -1.0, "params": {"Bgrad": 1.1086394815475453, "d1": -2.2262567336931585, "d2": -1.9408823408981468, "d3": -0.5120696260223281, "d4": -0.9833388760367354, "p1": 16.789207487441004, "p2": 30.504375798072726, "p3": 4.206653377443287, "p4": 15.836951871245791, "pol1": -0.01783899296093905, "pol2": -0.7285592993952046, "pol3": -0.5245608748544119, "pol4": -0.312663383206905, "v0s": 4.964863247327825}, "datetime": {"datetime": "2022-06-15 23:48:54", "elapsed": 251181.887452, "delta": 19.590638}}
{"target": -1.0, "params": {"Bgrad": 1.9368678712611493, "d1": -2.5621153289958865, "d2": -1.072668182871762, "d3": -0.7608943181942718, "d4": -1.7509909438037297, "p1": 5.155472903663888, "p2": 49.94395451390623, "p3": 5.826077840151017, "p4": 11.496225518196262, "pol1": 0.21674923717327133, "pol2": -0.28342321514486724, "pol3": -0.23559365706067092, "pol4": -0.1350088819348385, "v0s": 4.658148318973915}, "datetime": {"datetime": "2022-06-15 23:49:18", "elapsed": 251205.595086, "delta": 23.707634}}
{"target": -1.0, "params": {"Bgrad": 1.9861817573658498, "d1": -2.29913157084854, "d2": 0.29585623600482114, "d3": -0.13978406339118443, "d4": 0.21888983618487323, "p1": 42.42122647511711, "p2": 7.659703713433219, "p3": 15.51391591378356, "p4": 3.8195842316677, "pol1": -0.8066417291647472, "pol2": 0.9798228074396402, "pol3": -0.8888826406637185, "pol4": -0.2705995114128388, "v0s": 4.748623279721576}, "datetime": {"datetime": "2022-06-15 23:49:36", "elapsed": 251223.613924, "delta": 18.018838}}
{"target": -1.0, "params": {"Bgrad": 0.9019679841321911, "d1": -2.641145023660614, "d2": -1.3860537746744535, "d3": -2.38874506347085, "d4": -0.4904896429777792, "p1": 23.48391530766603, "p2": 24.801710235053765, "p3": 7.218901818596485, "p4": 41.17544122918154, "pol1": -0.9095361520594958, "pol2": -0.3378312024517818, "pol3": -0.9477725847812057, "pol4": -0.8730739016058706, "v0s": 4.497189446428858}, "datetime": {"datetime": "2022-06-15 23:49:53", "elapsed": 251240.348197, "delta": 16.734273}}
{"target": -1.0, "params": {"Bgrad": 0.820913689097281, "d1": -1.1846517435772133, "d2": -1.2844737212534807, "d3": -1.8353614517860368, "d4": 0.0860055448560435, "p1": 11.952360560577036, "p2": 10.031899194894223, "p3": 36.10375583097949, "p4": 25.0019196583793, "pol1": -0.378522560778495, "pol2": 0.8651260620984544, "pol3": 0.7028802774896787, "pol4": -0.5101252149787048, "v0s": 4.975850743414552}, "datetime": {"datetime": "2022-06-15 23:50:09", "elapsed": 251256.49105, "delta": 16.142853}}
{"target": -1.0, "params": {"Bgrad": 1.2218650986936817, "d1": -0.06980522962159341, "d2": -0.17550939814702904, "d3": -2.1533637208926004, "d4": 0.46991541313664875, "p1": 47.2104375325098, "p2": 6.832757592371891, "p3": 19.24857831426725, "p4": 37.882200614973016, "pol1": 0.0863937564786399, "pol2": 0.05633805866898056, "pol3": 0.5658874598044077, "pol4": -0.22520777521092517, "v0s": 4.297457515137059}, "datetime": {"datetime": "2022-06-15 23:50:29", "elapsed": 251276.570381, "delta": 20.079331}}
{"target": -1.0, "params": {"Bgrad": 0.8799150714128718, "d1": -0.6797094923843234, "d2": 0.2614372821303075, "d3": -2.4308467349602734, "d4": -0.4342572966012095, "p1": 43.764390672019964, "p2": 6.991340346539427, "p3": 35.21982699095861, "p4": 24.89811901380341, "pol1": -0.8328859623086586, "pol2": -0.09747648700645706, "pol3": -0.3626458010106044, "pol4": 0.3820257335397701, "v0s": 4.30053897867459}, "datetime": {"datetime": "2022-06-15 23:50:42", "elapsed": 251289.961589, "delta": 13.391208}}
{"target": -1.0, "params": {"Bgrad": 0.9625548250641119, "d1": -1.9192530934109544, "d2": -1.1583924797596157, "d3": -1.621084403575166, "d4": -2.27697810154307, "p1": 18.634168907185888, "p2": 15.45553752112076, "p3": 35.59061832563024, "p4": 49.06160753064239, "pol1": 0.3339045029029932, "pol2": 0.6305702998556171, "pol3": 0.7528765535681836, "pol4": 0.010842178952507053, "v0s": 4.872279233452701}, "datetime": {"datetime": "2022-06-15 23:51:01", "elapsed": 251308.294587, "delta": 18.332998}}
{"target": -1.0, "params": {"Bgrad": 1.397877593530701, "d1": -0.15102166735033373, "d2": 0.7872112203564501, "d3": -0.20832928862116917, "d4": 0.039740772527334656, "p1": 49.51694081158149, "p2": 33.574921147595774, "p3": 23.959605654992615, "p4": 25.995234977014896, "pol1": -0.6570497285885162, "pol2": -0.7028262503448401, "pol3": -0.05681149750691539, "pol4": 0.7670645878380196, "v0s": 3.0664091083480693}, "datetime": {"datetime": "2022-06-15 23:51:18", "elapsed": 251325.062769, "delta": 16.768182}}
{"target": -1.0, "params": {"Bgrad": 0.5357400820488423, "d1": 0.33096010088536776, "d2": -1.5816958486041681, "d3": -1.2988684399747545, "d4": -0.3797687441166997, "p1": 9.374935134839134, "p2": 32.2477974919525, "p3": 8.137308605994914, "p4": 33.25729955004912, "pol1": 0.6107979798031549, "pol2": 0.4874484780277313, "pol3": 0.7158668753687987, "pol4": 0.534477637675798, "v0s": 6.200811369504066}, "datetime": {"datetime": "2022-06-15 23:51:28", "elapsed": 251335.207653, "delta": 10.144884}}
{"target": -1.0, "params": {"Bgrad": 0.7769323463407437, "d1": 0.6007335032191796, "d2": -0.9900181124297194, "d3": -2.862744151483468, "d4": -2.895938284269073, "p1": 27.691907305760033, "p2": 0.03339408340750638, "p3": 13.971878437413771, "p4": 33.574883329184374, "pol1": -0.20195327168771016, "pol2": -0.6040121855620215, "pol3": 0.7593016911107218, "pol4": 0.9931880684103993, "v0s": 7.83362296718167}, "datetime": {"datetime": "2022-06-15 23:51:39", "elapsed": 251346.339901, "delta": 11.132248}}
{"target": -1.0, "params": {"Bgrad": 1.3334436053001304, "d1": -1.8362129721788767, "d2": -2.574520363762477, "d3": -1.5293009218834928, "d4": 0.17979907310465437, "p1": 27.269153184125205, "p2": 8.325306823279266, "p3": 0.41957244683000217, "p4": 19.59701306717172, "pol1": 0.4713566489236658, "pol2": -0.8360340635380041, "pol3": 0.1773454997670596, "pol4": -0.8774083046719483, "v0s": 3.67042871066563}, "datetime": {"datetime": "2022-06-15 23:51:56", "elapsed": 251363.649633, "delta": 17.309732}}
{"target": 3.564690490551109, "params": {"Bgrad": 1.6218782214015608, "d1": -1.9379863336555045, "d2": -1.5775071583676024, "d3": -2.4382218625587493, "d4": -2.6686944650797324, "p1": 13.14223745544676, "p2": 40.44646306481988, "p3": 27.379978936756387, "p4": 21.351069560283143, "pol1": 0.7732620994497303, "pol2": 0.6445434381076103, "pol3": -0.015434638664824973, "pol4": -0.27857249317772204, "v0s": 3.564690490551109}, "datetime": {"datetime": "2022-06-15 23:52:08", "elapsed": 251375.452087, "delta": 11.802454}}
{"target": 5.240386678851451, "params": {"Bgrad": 0.821693587315047, "d1": -2.5907227258243157, "d2": -2.4661736909055385, "d3": -0.6387140088949064, "d4": 0.03279493955002222, "p1": 44.60898913487321, "p2": 29.580622708153285, "p3": 40.605593356771216, "p4": 35.32412305543613, "pol1": -0.3692543767626797, "pol2": -0.5316410962665572, "pol3": -0.43806866921818166, "pol4": 0.9376748468648977, "v0s": 5.240386678851451}, "datetime": {"datetime": "2022-06-15 23:52:21", "elapsed": 251388.744558, "delta": 13.292471}}
{"target": -1.0, "params": {"Bgrad": 0.7174167522850845, "d1": -1.2970756367351508, "d2": -1.8628897100457809, "d3": 0.7934860473748553, "d4": -1.4622676122677678, "p1": 4.640897503585418, "p2": 14.90229869923098, "p3": 23.377546693193445, "p4": 45.49712525367151, "pol1": 0.12337328699308192, "pol2": -0.2845829118603105, "pol3": -0.5575927220553449, "pol4": -0.8504462512975943, "v0s": 4.056294881069662}, "datetime": {"datetime": "2022-06-15 23:52:33", "elapsed": 251400.67866, "delta": 11.934102}}
{"target": -1.0, "params": {"Bgrad": 1.2538302306645521, "d1": -0.6089273607316881, "d2": -0.9008219908138475, "d3": -2.570581504174127, "d4": 0.8599060617751126, "p1": 40.09764657611579, "p2": 26.103326689979262, "p3": 13.260418535100554, "p4": 20.636885033939684, "pol1": 0.8415577575806303, "pol2": 0.0481690475787111, "pol3": -0.6651133336154298, "pol4": -0.5987188032166477, "v0s": 4.421955931517047}, "datetime": {"datetime": "2022-06-15 23:52:57", "elapsed": 251424.482038, "delta": 23.803378}}
{"target": -1.0, "params": {"Bgrad": 0.5208807554943784, "d1": 0.4500625775599181, "d2": -2.3924570863147023, "d3": 0.21845639636918746, "d4": -2.980962971774649, "p1": 7.682637030753126, "p2": 16.981317647929078, "p3": 35.07526500628081, "p4": 39.55498907377001, "pol1": 0.6799453597032443, "pol2": 0.7258008815838712, "pol3": -0.23853871667097892, "pol4": -0.2353455452070614, "v0s": 3.362942887979653}, "datetime": {"datetime": "2022-06-15 23:53:11", "elapsed": 251438.332019, "delta": 13.849981}}
{"target": -1.0, "params": {"Bgrad": 0.5723513132757688, "d1": 0.06945484636741428, "d2": -0.748837039999215, "d3": 0.4240106888946209, "d4": -1.1740531122927753, "p1": 37.929911709791256, "p2": 18.134446028458363, "p3": 28.17168502522759, "p4": 44.25108346746417, "pol1": -0.7061453032200873, "pol2": -0.26301935220603645, "pol3": 0.38342881475981616, "pol4": -0.7059504447234739, "v0s": 6.78989076555163}, "datetime": {"datetime": "2022-06-15 23:53:22", "elapsed": 251449.299704, "delta": 10.967685}}
{"target": -1.0, "params": {"Bgrad": 1.9313047298453427, "d1": -0.9449378886690161, "d2": -0.2259233395931699, "d3": 0.783161053512289, "d4": 0.4344227653640167, "p1": 12.139646875324617, "p2": 44.61017757797971, "p3": 49.49848790108898, "p4": 16.861697124927367, "pol1": -0.4476873395033705, "pol2": -0.6097393820302321, "pol3": -0.8786402000772755, "pol4": 0.14556069890625634, "v0s": 3.5880898281554927}, "datetime": {"datetime": "2022-06-15 23:53:38", "elapsed": 251465.500403, "delta": 16.200699}}
{"target": 2.5040678433111787, "params": {"Bgrad": 0.8350515395335874, "d1": -1.1280096957711785, "d2": 0.9338065044388508, "d3": -0.31928300468438797, "d4": -2.332175937783361, "p1": 48.855020879957216, "p2": 12.980414261315893, "p3": 32.64596501168433, "p4": 24.517469365366228, "pol1": 0.8352865099689712, "pol2": -0.28818529676879456, "pol3": -0.39337390695665353, "pol4": -0.36245284780953324, "v0s": 2.5040678433111787}, "datetime": {"datetime": "2022-06-15 23:53:45", "elapsed": 251472.215454, "delta": 6.715051}}
{"target": -1.0, "params": {"Bgrad": 0.7319301350378298, "d1": 0.8407688468381975, "d2": -0.07301881787821829, "d3": -0.2453372376264249, "d4": -2.46779158082111, "p1": 19.834881897357924, "p2": 29.572684582655473, "p3": 39.45401094340355, "p4": 30.020870088971957, "pol1": -0.631569079009646, "pol2": 0.9018850268964935, "pol3": 0.5883471716815549, "pol4": -0.7880529325318257, "v0s": 4.784977809152713}, "datetime": {"datetime": "2022-06-15 23:53:55", "elapsed": 251482.426163, "delta": 10.210709}}
{"target": 4.982651541135311, "params": {"Bgrad": 0.7542120204062244, "d1": -0.6744222845284353, "d2": 0.04083178029111112, "d3": 0.05462634596157123, "d4": -2.561427315531105, "p1": 41.389911162346934, "p2": 43.066787701139454, "p3": 31.64316439535733, "p4": 35.07429222733582, "pol1": -0.4161823760055625, "pol2": 0.05662627716315227, "pol3": 0.42094205608237023, "pol4": -0.707563785834983, "v0s": 4.982651541135311}, "datetime": {"datetime": "2022-06-15 23:54:03", "elapsed": 251490.847654, "delta": 8.421491}}
{"target": -1.0, "params": {"Bgrad": 1.7988771928232155, "d1": -2.4900434843488393, "d2": 0.9493276904286692, "d3": -0.28538503607921184, "d4": -0.5623519480765351, "p1": 44.17362669206021, "p2": 44.50329640839147, "p3": 43.538833963372106, "p4": 14.352786474301665, "pol1": 0.7080337686805365, "pol2": -0.06645978837264943, "pol3": -0.07164768092091145, "pol4": 0.6887335216618284, "v0s": 7.829156588104389}, "datetime": {"datetime": "2022-06-15 23:54:25", "elapsed": 251512.117803, "delta": 21.270149}}
{"target": -1.0, "params": {"Bgrad": 1.837046568372051, "d1": 0.20136578886961276, "d2": 0.4385594843238194, "d3": -2.3496037724341026, "d4": -1.4664649391878433, "p1": 46.373240325740305, "p2": 15.582246429402991, "p3": 27.09630301425135, "p4": 36.20257523885679, "pol1": 0.07394588078056774, "pol2": 0.19153211784362223, "pol3": 0.14921964618375005, "pol4": 0.3793052261832872, "v0s": 2.8186445777624023}, "datetime": {"datetime": "2022-06-15 23:54:47", "elapsed": 251534.665536, "delta": 22.547733}}
{"target": -1.0, "params": {"Bgrad": 1.7634811610281491, "d1": -1.0628335533605155, "d2": -2.9973583027595523, "d3": -2.9496024909052045, "d4": 0.9648819416042542, "p1": 28.385804276810816, "p2": 27.782428529719116, "p3": 8.091727291640833, "p4": 43.29670086188667, "pol1": -0.9016906528666491, "pol2": -0.7099655325401324, "pol3": 0.24416494716155968, "pol4": 0.5897102701672357, "v0s": 6.640233221132161}, "datetime": {"datetime": "2022-06-15 23:55:05", "elapsed": 251552.344284, "delta": 17.678748}}
{"target": -1.0, "params": {"Bgrad": 0.7664551497635261, "d1": -0.6840697239313367, "d2": 0.8657809428248813, "d3": -0.26642704540105466, "d4": -1.0586100720422165, "p1": 43.99277271131838, "p2": 12.87446062360209, "p3": 7.861899183076187, "p4": 36.380194344409524, "pol1": 0.8366385349619903, "pol2": -0.5493994583250337, "pol3": -0.7845397548789903, "pol4": 0.20514752128300318, "v0s": 7.107941393533114}, "datetime": {"datetime": "2022-06-15 23:55:16", "elapsed": 251563.69694, "delta": 11.352656}}
