{"target": 28.0, "params": {"det_1": 98.63192368270109, "det_2": 25.993371969364137, "laseroff": 387421.6774911487, "laseron": 140528.74393184212, "main_det": 18.414863577742665, "pr_1": 9.886025888421083, "pr_2": 0.7816596887368995}, "datetime": {"datetime": "2021-12-29 19:46:45", "elapsed": 69169.039084, "delta": 1187.514076}}
{"target": 0.0, "params": {"det_1": 81.26601529033299, "det_2": 22.963808446412724, "laseroff": 325847.5545466576, "laseron": 280735.39462779043, "main_det": 18.779253286583042, "pr_1": 9.723488028018421, "pr_2": 8.812407054278184}, "datetime": {"datetime": "2021-12-29 20:00:29", "elapsed": 69992.781414, "delta": 823.74233}}
{"target": 6.0, "params": {"det_1": 134.20053639673864, "det_2": 8.846214850514091, "laseroff": 443821.5973183431, "laseron": 195058.72996741463, "main_det": 10.000190502192481, "pr_1": 5.084083453983507, "pr_2": 8.178349882867295}, "datetime": {"datetime": "2021-12-29 20:13:17", "elapsed": 70760.34085, "delta": 767.559436}}
{"target": 15.0, "params": {"det_1": 77.88444979009103, "det_2": 10.376737185447222, "laseroff": 359785.88632752665, "laseron": 248175.1059759243, "main_det": 16.39718056538649, "pr_1": 3.5587101611713803, "pr_2": 9.784752835863626}, "datetime": {"datetime": "2021-12-29 20:31:04", "elapsed": 71828.192624, "delta": 1067.851774}}
{"target": 30.0, "params": {"det_1": 156.14807854071165, "det_2": 24.734843313244426, "laseroff": 352701.1357774546, "laseron": 164286.96303286782, "main_det": 16.637729983225874, "pr_1": 4.640229985900838, "pr_2": 7.04787368943548}, "datetime": {"datetime": "2021-12-29 20:50:05", "elapsed": 72969.010393, "delta": 1140.817769}}
{"target": 22.0, "params": {"det_1": 126.60233782240239, "det_2": 19.899183124059427, "laseroff": 438424.3691268668, "laseron": 245966.2274854677, "main_det": 18.25334470609357, "pr_1": 9.824469977690212, "pr_2": 7.578089445244831}, "datetime": {"datetime": "2021-12-29 21:08:11", "elapsed": 74054.515341, "delta": 1085.504948}}
{"target": 22.0, "params": {"det_1": 73.77445231012268, "det_2": 18.80693501389238, "laseroff": 428293.17048573354, "laseron": 169999.65130547792, "main_det": 15.44564268609853, "pr_1": 7.751199510602883, "pr_2": 9.392263646610573}, "datetime": {"datetime": "2021-12-29 21:25:01", "elapsed": 75064.70517, "delta": 1010.189829}}
{"target": 0.0, "params": {"det_1": 91.10936243323641, "det_2": 16.018798429393406, "laseroff": 316541.7130030712, "laseron": 290914.2636948221, "main_det": 10.572020081512012, "pr_1": 2.73754696964691, "pr_2": 5.499155519027012}, "datetime": {"datetime": "2021-12-29 21:36:41", "elapsed": 75764.851337, "delta": 700.146167}}
{"target": 5.0, "params": {"det_1": 149.34369682445922, "det_2": 29.078772965159985, "laseroff": 461663.32727674965, "laseron": 206243.83431286784, "main_det": 15.215300912807168, "pr_1": 7.702724090536973, "pr_2": 5.451800963378392}, "datetime": {"datetime": "2021-12-29 21:52:43", "elapsed": 76726.549166, "delta": 961.697829}}
{"target": 28.0, "params": {"det_1": 167.6048532812, "det_2": 22.331543281359206, "laseroff": 399695.7252858863, "laseron": 172230.4786291708, "main_det": 18.505374590337823, "pr_1": 2.2952557393575237, "pr_2": 3.1770085208679966}, "datetime": {"datetime": "2021-12-29 22:11:42", "elapsed": 77866.12526, "delta": 1139.576094}}
{"target": 15.0, "params": {"det_1": 112.77592246401841, "det_2": 8.964126247942454, "laseroff": 385904.0616109239, "laseron": 298699.4851578851, "main_det": 18.867244206472073, "pr_1": 6.418797745625648, "pr_2": 7.736360475718486}, "datetime": {"datetime": "2021-12-29 22:32:01", "elapsed": 79084.956985, "delta": 1218.831725}}
{"target": 23.0, "params": {"det_1": 99.89149096459691, "det_2": 28.868918379561926, "laseroff": 372118.69705156045, "laseron": 199656.00655468093, "main_det": 14.743072474703574, "pr_1": 1.5773493698434407, "pr_2": 0.7556494683362142}, "datetime": {"datetime": "2021-12-29 22:49:21", "elapsed": 80124.720229, "delta": 1039.763244}}
{"target": 9.0, "params": {"det_1": 145.2755553738814, "det_2": 6.6634120338528735, "laseroff": 378095.2692584637, "laseron": 268417.0982311235, "main_det": 11.934342826233276, "pr_1": 6.574878368359431, "pr_2": 5.48436793667547}, "datetime": {"datetime": "2021-12-29 23:13:35", "elapsed": 81578.741463, "delta": 1454.021234}}
{"target": 7.0, "params": {"det_1": 162.48079703993506, "det_2": 11.582419262177774, "laseroff": 319789.26124411647, "laseron": 257144.27022157516, "main_det": 17.721780295432467, "pr_1": 9.124250598783478, "pr_2": 9.353734657369953}, "datetime": {"datetime": "2021-12-29 23:30:06", "elapsed": 82569.451219, "delta": 990.709756}}
{"target": 13.0, "params": {"det_1": 71.3951572975597, "det_2": 10.859052153035513, "laseroff": 485033.8903221403, "laseron": 291752.88003442885, "main_det": 19.501761192470795, "pr_1": 5.788205287853986, "pr_2": 9.198260322779609}, "datetime": {"datetime": "2021-12-29 23:47:47", "elapsed": 83630.311903, "delta": 1060.860684}}
{"target": 19.0, "params": {"det_1": 134.15662089463376, "det_2": 14.750192853531155, "laseroff": 445797.71413840586, "laseron": 235993.2637171349, "main_det": 15.495479215085625, "pr_1": 9.29872355371131, "pr_2": 9.227967638519258}, "datetime": {"datetime": "2021-12-30 00:05:23", "elapsed": 84686.758889, "delta": 1056.446986}}
{"target": 12.0, "params": {"det_1": 109.48756129235548, "det_2": 29.081563211017794, "laseroff": 352187.5260484726, "laseron": 158675.06306455572, "main_det": 11.350791580467313, "pr_1": 5.3037905739305184, "pr_2": 0.7044856501048808}, "datetime": {"datetime": "2021-12-30 00:20:28", "elapsed": 85591.451133, "delta": 904.692244}}
{"target": 16.0, "params": {"det_1": 164.7970211217681, "det_2": 25.677886779268313, "laseroff": 304506.679203656, "laseron": 166741.50630182095, "main_det": 13.320635743668369, "pr_1": 1.7444700257037105, "pr_2": 8.19016157520253}, "datetime": {"datetime": "2021-12-30 00:38:19", "elapsed": 86662.615214, "delta": 1071.164081}}
{"target": 19.0, "params": {"det_1": 104.47366526832934, "det_2": 28.50268705833418, "laseroff": 474604.67196994403, "laseron": 280399.8617984599, "main_det": 18.44734445392222, "pr_1": 9.101227027732168, "pr_2": 4.868862525259666}, "datetime": {"datetime": "2021-12-30 00:56:09", "elapsed": 87732.463309, "delta": 1069.848095}}
{"target": 27.0, "params": {"det_1": 124.63468160203732, "det_2": 24.965089778800984, "laseroff": 385716.36980139255, "laseron": 217543.40981899953, "main_det": 15.991103076458783, "pr_1": 0.6475661177329394, "pr_2": 6.138073377868054}, "datetime": {"datetime": "2021-12-30 01:13:17", "elapsed": 88760.257708, "delta": 1027.794399}}
{"target": 17.0, "params": {"det_1": 113.36763489894582, "det_2": 25.184013222121035, "laseroff": 394574.1256838088, "laseron": 282673.67749102844, "main_det": 15.778572152845355, "pr_1": 2.248096915460918, "pr_2": 7.985327721342291}, "datetime": {"datetime": "2021-12-30 01:29:36", "elapsed": 89740.023208, "delta": 979.7655}}
{"target": 25.0, "params": {"det_1": 131.2031177044934, "det_2": 6.347731801843824, "laseroff": 426058.68380665965, "laseron": 248086.17500282387, "main_det": 19.18601777977526, "pr_1": 0.5038192364678956, "pr_2": 9.779211915795067}, "datetime": {"datetime": "2021-12-30 01:48:06", "elapsed": 90849.929161, "delta": 1109.905953}}
{"target": 3.0, "params": {"det_1": 168.9158343092236, "det_2": 8.148541629257533, "laseroff": 500432.4460577314, "laseron": 147406.95568609796, "main_det": 10.770229197031178, "pr_1": 1.4612969034325023, "pr_2": 5.555232879053899}, "datetime": {"datetime": "2021-12-30 02:03:36", "elapsed": 91779.71419, "delta": 929.785029}}
{"target": 21.0, "params": {"det_1": 87.54711883394658, "det_2": 14.991016807405675, "laseroff": 357232.55416561646, "laseron": 153895.57949806386, "main_det": 15.51782442570564, "pr_1": 5.629079079146228, "pr_2": 0.820697028303713}, "datetime": {"datetime": "2021-12-30 02:22:10", "elapsed": 92893.334347, "delta": 1113.620157}}
{"target": 12.0, "params": {"det_1": 138.12081785907213, "det_2": 13.005847841772912, "laseroff": 474678.0603799812, "laseron": 280187.047312002, "main_det": 14.732471992220955, "pr_1": 8.720695830253415, "pr_2": 3.6605827877972077}, "datetime": {"datetime": "2021-12-30 02:37:53", "elapsed": 93836.760883, "delta": 943.426536}}
{"target": 24.0, "params": {"det_1": 144.52918506950815, "det_2": 21.360587356403386, "laseroff": 303924.75976375636, "laseron": 149865.79014019124, "main_det": 19.27940256732915, "pr_1": 9.310465281750123, "pr_2": 6.766092152110415}, "datetime": {"datetime": "2021-12-30 03:01:45", "elapsed": 95268.428928, "delta": 1431.668045}}
{"target": 18.0, "params": {"det_1": 158.20196491967297, "det_2": 29.301263607042113, "laseroff": 383208.2570258889, "laseron": 168309.13051180955, "main_det": 15.827889036653875, "pr_1": 4.057636425390889, "pr_2": 5.772995551438632}, "datetime": {"datetime": "2021-12-30 03:18:42", "elapsed": 96285.570867, "delta": 1017.141939}}
{"target": 20.0, "params": {"det_1": 129.9204945949567, "det_2": 5.020425077798311, "laseroff": 380094.3934695579, "laseron": 210244.1133272944, "main_det": 15.444663114759036, "pr_1": 8.385143536025026, "pr_2": 8.993377043980178}, "datetime": {"datetime": "2021-12-30 03:35:37", "elapsed": 97300.309553, "delta": 1014.738686}}
{"target": 11.0, "params": {"det_1": 167.19742426825331, "det_2": 14.52104522791078, "laseroff": 428258.72820956534, "laseron": 170936.9461598786, "main_det": 15.912131695690466, "pr_1": 8.009567758258049, "pr_2": 8.664556921878832}, "datetime": {"datetime": "2021-12-30 03:53:00", "elapsed": 98343.588984, "delta": 1043.279431}}
{"target": 8.0, "params": {"det_1": 145.7026259735669, "det_2": 11.334774418231156, "laseroff": 357498.8229759425, "laseron": 154246.91552683729, "main_det": 12.599520514825517, "pr_1": 0.5944750406709979, "pr_2": 9.062733078995667}, "datetime": {"datetime": "2021-12-30 04:09:15", "elapsed": 99318.276562, "delta": 974.687578}}
{"target": 22.0, "params": {"det_1": 94.69603690734704, "det_2": 5.569845375175645, "laseroff": 456684.7760637165, "laseron": 261978.80817734107, "main_det": 19.262764264807508, "pr_1": 1.6826147419338136, "pr_2": 4.589353531443146}, "datetime": {"datetime": "2021-12-30 04:26:54", "elapsed": 100377.931448, "delta": 1059.654886}}
{"target": 10.0, "params": {"det_1": 74.38594256076381, "det_2": 20.282433847786045, "laseroff": 415951.863790614, "laseron": 197017.3290560039, "main_det": 11.332055615905194, "pr_1": 6.6019105635685165, "pr_2": 5.035036425337911}, "datetime": {"datetime": "2021-12-30 04:39:46", "elapsed": 101149.724871, "delta": 771.793423}}
{"target": 4.0, "params": {"det_1": 118.72378236061053, "det_2": 6.150140648357587, "laseroff": 561761.0720733778, "laseron": 161285.6487580525, "main_det": 18.6968020140909, "pr_1": 0.5576664348605889, "pr_2": 5.121547466702864}, "datetime": {"datetime": "2021-12-30 04:55:14", "elapsed": 102078.201202, "delta": 928.476331}}
{"target": 30.0, "params": {"det_1": 134.44120693433575, "det_2": 25.530124356630573, "laseroff": 383327.42511146795, "laseron": 168208.16382302827, "main_det": 17.820350769753453, "pr_1": 1.2691559983093021, "pr_2": 5.463567643880943}, "datetime": {"datetime": "2021-12-30 05:13:38", "elapsed": 103181.601101, "delta": 1103.399899}}
{"target": 7.0, "params": {"det_1": 117.03501292593359, "det_2": 26.798791496550653, "laseroff": 502365.04296791053, "laseron": 141861.9247611373, "main_det": 12.332810719364744, "pr_1": 7.513691505120152, "pr_2": 1.712553925084141}, "datetime": {"datetime": "2021-12-30 05:28:02", "elapsed": 104045.958813, "delta": 864.357712}}
{"target": 30.0, "params": {"det_1": 145.91270653520002, "det_2": 6.077842640663871, "laseroff": 387449.9100624227, "laseron": 140323.20963057657, "main_det": 17.556852127838397, "pr_1": 5.116310018883377, "pr_2": 0.8138340050876973}, "datetime": {"datetime": "2021-12-30 05:46:44", "elapsed": 105167.766329, "delta": 1121.807516}}
{"target": 18.0, "params": {"det_1": 104.96330356138324, "det_2": 13.298568605908107, "laseroff": 461641.9558355261, "laseron": 251721.2305829974, "main_det": 14.702140615182405, "pr_1": 4.255674921547897, "pr_2": 3.641830758110625}, "datetime": {"datetime": "2021-12-30 06:01:47", "elapsed": 106070.724164, "delta": 902.957835}}
{"target": 26.0, "params": {"det_1": 158.414588562794, "det_2": 8.580266320397957, "laseroff": 387328.68692431564, "laseron": 140665.81731278906, "main_det": 15.362346131445719, "pr_1": 7.599837749897364, "pr_2": 6.97023037294637}, "datetime": {"datetime": "2021-12-30 06:18:45", "elapsed": 107088.53419, "delta": 1017.810026}}
{"target": 14.0, "params": {"det_1": 90.68564313892388, "det_2": 7.364814629024966, "laseroff": 523839.22917412093, "laseron": 299447.00318033714, "main_det": 17.17833079087552, "pr_1": 9.622348396666226, "pr_2": 6.147720023478594}, "datetime": {"datetime": "2021-12-30 06:34:17", "elapsed": 108020.56743, "delta": 932.03324}}
{"target": 25.0, "params": {"det_1": 168.69790379007705, "det_2": 27.438066215355793, "laseroff": 373287.73937519826, "laseron": 274984.1019488148, "main_det": 17.540618871420765, "pr_1": 5.44560251726774, "pr_2": 7.603497588554416}, "datetime": {"datetime": "2021-12-30 06:53:18", "elapsed": 109161.448257, "delta": 1140.880827}}
{"target": 7.0, "params": {"det_1": 164.8288290157226, "det_2": 27.082641638515906, "laseroff": 460411.19133141346, "laseron": 245340.13464766217, "main_det": 13.73834668860287, "pr_1": 5.228341096295928, "pr_2": 7.169197538880748}, "datetime": {"datetime": "2021-12-30 07:08:27", "elapsed": 110071.122537, "delta": 909.67428}}
{"target": 6.0, "params": {"det_1": 148.16065629969916, "det_2": 21.282565886153698, "laseroff": 534462.1033980505, "laseron": 178503.29130457636, "main_det": 13.589867203126564, "pr_1": 2.187730403318229, "pr_2": 8.718815135512253}, "datetime": {"datetime": "2021-12-30 07:24:56", "elapsed": 111059.78275, "delta": 988.660213}}
{"target": 24.0, "params": {"det_1": 113.90343563561464, "det_2": 18.76591466675636, "laseroff": 385352.23234855675, "laseron": 217105.88117364963, "main_det": 15.03368339311463, "pr_1": 2.229000802258954, "pr_2": 3.2546616305303866}, "datetime": {"datetime": "2021-12-30 07:41:18", "elapsed": 112041.877346, "delta": 982.094596}}
{"target": 13.0, "params": {"det_1": 93.0122634748949, "det_2": 12.55544975223868, "laseroff": 359153.06116447225, "laseron": 232572.35823404908, "main_det": 14.442994873459835, "pr_1": 4.5813168623340665, "pr_2": 0.9153374596878323}, "datetime": {"datetime": "2021-12-30 07:58:10", "elapsed": 113053.254094, "delta": 1011.376748}}
{"target": 3.0, "params": {"det_1": 141.3231051384706, "det_2": 16.094868468797713, "laseroff": 460338.3166471692, "laseron": 259081.33558628795, "main_det": 10.404803960739212, "pr_1": 1.1823687843936503, "pr_2": 1.2908179886674709}, "datetime": {"datetime": "2021-12-30 08:10:37", "elapsed": 113800.4817, "delta": 747.227606}}
{"target": 6.0, "params": {"det_1": 83.08831132229929, "det_2": 29.422320736064137, "laseroff": 511860.4333835245, "laseron": 260395.83050689806, "main_det": 15.527521060464789, "pr_1": 1.1554671588347942, "pr_2": 8.350156328488831}, "datetime": {"datetime": "2021-12-30 08:25:23", "elapsed": 114686.894835, "delta": 886.413135}}
{"target": 6.0, "params": {"det_1": 93.46573464120786, "det_2": 11.580552015021542, "laseroff": 584299.1722412788, "laseron": 264335.0157396129, "main_det": 12.920381019021935, "pr_1": 9.329761648702968, "pr_2": 8.002331353982873}, "datetime": {"datetime": "2021-12-30 08:39:51", "elapsed": 115554.968558, "delta": 868.073723}}
{"target": 26.0, "params": {"det_1": 116.81870337227309, "det_2": 23.468763292102718, "laseroff": 385810.60673212714, "laseron": 217527.07614411286, "main_det": 19.918243866203326, "pr_1": 9.685455912028708, "pr_2": 1.4844178992941568}, "datetime": {"datetime": "2021-12-30 09:00:42", "elapsed": 116805.91169, "delta": 1250.943132}}
{"target": 14.0, "params": {"det_1": 95.09879445846593, "det_2": 15.203969754024289, "laseroff": 456835.88446891296, "laseron": 262123.91251738253, "main_det": 13.046062488854778, "pr_1": 8.945274839701085, "pr_2": 2.1331016294497585}, "datetime": {"datetime": "2021-12-30 09:14:17", "elapsed": 117620.237179, "delta": 814.325489}}
{"target": 5.0, "params": {"det_1": 113.10622179181966, "det_2": 23.715188689811, "laseroff": 571832.4867153949, "laseron": 204396.60766199592, "main_det": 10.880856515831702, "pr_1": 0.9636216513374813, "pr_2": 1.7529362904047343}, "datetime": {"datetime": "2021-12-30 09:28:46", "elapsed": 118489.441723, "delta": 869.204544}}
{"target": 30.0, "params": {"det_1": 153.7818506581265, "det_2": 8.467843388414312, "laseroff": 391953.69983834674, "laseron": 195805.75008202938, "main_det": 19.488098263366, "pr_1": 3.9606019892465705, "pr_2": 6.886977101364404}, "datetime": {"datetime": "2021-12-30 09:48:23", "elapsed": 119666.849352, "delta": 1177.407629}}
{"target": 7.0, "params": {"det_1": 155.6223641109815, "det_2": 20.445777510463394, "laseroff": 415857.51764852065, "laseron": 196760.76822652938, "main_det": 10.22765216637429, "pr_1": 2.4863909408462446, "pr_2": 3.8586757391283606}, "datetime": {"datetime": "2021-12-30 10:01:27", "elapsed": 120450.454181, "delta": 783.604829}}
{"target": 17.0, "params": {"det_1": 107.65803147457746, "det_2": 29.344588458958064, "laseroff": 481415.22557611496, "laseron": 272314.09789895685, "main_det": 15.747115047081023, "pr_1": 6.466723883919829, "pr_2": 3.2129746761090923}, "datetime": {"datetime": "2021-12-30 20:52:24", "elapsed": 159508.205566, "delta": 39057.751385}}
{"target": 9.0, "params": {"det_1": 128.68333406560828, "det_2": 23.7505440925665, "laseroff": 557494.2926148763, "laseron": 260382.09480653194, "main_det": 16.98057248447303, "pr_1": 8.712554585518697, "pr_2": 3.5654694699490914}, "datetime": {"datetime": "2021-12-30 21:09:05", "elapsed": 160508.860677, "delta": 1000.655111}}
{"target": 11.0, "params": {"det_1": 137.07887907875872, "det_2": 16.271848410333728, "laseroff": 414631.44350670313, "laseron": 204692.84396341274, "main_det": 14.014795834695406, "pr_1": 3.5151474866036305, "pr_2": 6.408233995242863}, "datetime": {"datetime": "2021-12-30 21:24:31", "elapsed": 161435.010039, "delta": 926.149362}}
{"target": 5.0, "params": {"det_1": 113.02472708212643, "det_2": 29.345051948181307, "laseroff": 503340.5896294019, "laseron": 170360.66515196944, "main_det": 14.267010093480328, "pr_1": 3.7617892778570186, "pr_2": 8.077568637606383}, "datetime": {"datetime": "2021-12-30 21:40:51", "elapsed": 162415.106917, "delta": 980.096878}}
{"target": 7.0, "params": {"det_1": 157.99982885634319, "det_2": 27.596048895659298, "laseroff": 498816.28099276626, "laseron": 181948.88846593362, "main_det": 12.523667015045898, "pr_1": 8.621530455625322, "pr_2": 5.513289139933093}, "datetime": {"datetime": "2021-12-30 21:55:52", "elapsed": 163315.368785, "delta": 900.261868}}
{"target": 11.0, "params": {"det_1": 150.2161084004598, "det_2": 19.312212929790157, "laseroff": 519943.02444372803, "laseron": 222195.32085858568, "main_det": 17.708839105018882, "pr_1": 5.904150911694797, "pr_2": 4.924243846623819}, "datetime": {"datetime": "2021-12-30 22:14:40", "elapsed": 164443.9872, "delta": 1128.618415}}
{"target": 28.0, "params": {"det_1": 104.26889079532818, "det_2": 6.705233710417603, "laseroff": 413377.87587425066, "laseron": 151120.3143284693, "main_det": 19.82817113730445, "pr_1": 2.225322087642256, "pr_2": 8.212657628345127}, "datetime": {"datetime": "2021-12-30 22:35:06", "elapsed": 165669.398129, "delta": 1225.410929}}
{"target": 5.0, "params": {"det_1": 157.49616449558982, "det_2": 22.210331309648584, "laseroff": 470848.75432919996, "laseron": 164278.73961929287, "main_det": 14.668800227633064, "pr_1": 3.7791344859745424, "pr_2": 2.6378795992338038}, "datetime": {"datetime": "2021-12-30 22:51:55", "elapsed": 166678.660285, "delta": 1009.262156}}
{"target": 6.0, "params": {"det_1": 129.25118687657968, "det_2": 12.806745942547924, "laseroff": 574891.7497349518, "laseron": 285382.6425161639, "main_det": 12.571182937821963, "pr_1": 1.5534673570682773, "pr_2": 2.333145954181572}, "datetime": {"datetime": "2021-12-30 23:08:05", "elapsed": 167648.925517, "delta": 970.265232}}
{"target": 28.0, "params": {"det_1": 119.9584170678886, "det_2": 23.214641699364904, "laseroff": 362459.123328199, "laseron": 178361.90840310085, "main_det": 18.51671874936367, "pr_1": 4.45056282354151, "pr_2": 6.358508137974744}, "datetime": {"datetime": "2021-12-30 23:29:49", "elapsed": 168952.945253, "delta": 1304.019736}}
{"target": 3.0, "params": {"det_1": 141.21995811622855, "det_2": 13.923923617037335, "laseroff": 353039.96325416275, "laseron": 271216.5687553801, "main_det": 10.901971564077142, "pr_1": 4.188474460743343, "pr_2": 8.018722597349596}, "datetime": {"datetime": "2021-12-30 23:44:15", "elapsed": 169818.354165, "delta": 865.408912}}
{"target": 12.0, "params": {"det_1": 145.75389552752972, "det_2": 28.592926639130976, "laseroff": 387378.50567362574, "laseron": 140184.81810504044, "main_det": 13.924257962732261, "pr_1": 4.527558411165207, "pr_2": 9.398706911777296}, "datetime": {"datetime": "2021-12-31 00:00:43", "elapsed": 170806.784379, "delta": 988.430214}}
{"target": 6.0, "params": {"det_1": 126.09528847772022, "det_2": 15.723595333339302, "laseroff": 456213.3965795813, "laseron": 262170.7837966465, "main_det": 13.659715867318791, "pr_1": 1.3167716054771825, "pr_2": 3.256063828188435}, "datetime": {"datetime": "2021-12-31 00:15:25", "elapsed": 171688.721238, "delta": 881.936859}}
{"target": 24.0, "params": {"det_1": 107.6791166313267, "det_2": 27.667259127517912, "laseroff": 417510.61766724114, "laseron": 259214.24624373467, "main_det": 15.898277388351698, "pr_1": 3.5021955811336576, "pr_2": 0.5376058894075542}, "datetime": {"datetime": "2021-12-31 00:32:51", "elapsed": 172734.466511, "delta": 1045.745273}}
