{"target": -1.0, "params": {"Bgrad": 1.5527478806063946, "d1": -2.0903252187718113, "d2": -0.035750190674585625, "d3": -1.5688906323065286, "d4": -1.781592470063424, "p1": 4.6984178456287, "p2": 19.90037157661353, "p3": 4.089349569051581, "p4": 36.24333310944027, "pol1": 0.9680795092614805, "pol2": 0.3571026384344538, "pol3": 0.2892289327347697, "pol4": -0.5966095104389004, "v0s": 2.6893091484363056}, "datetime": {"datetime": "2022-04-28 15:44:52", "elapsed": 804.630244, "delta": 6.459728}}
{"target": -1.0, "params": {"Bgrad": 1.1699210403302485, "d1": -0.728823930114368, "d2": -2.902502128808375, "d3": -2.838964638997166, "d4": 0.30820831917773495, "p1": 36.72022839127349, "p2": 8.262099581252647, "p3": 30.92818909403378, "p4": 7.667561299537034, "pol1": 0.1555613824241726, "pol2": -0.6155844777973511, "pol3": 0.7946391371162274, "pol4": 0.42158050001459424, "v0s": 7.5555151046361155}, "datetime": {"datetime": "2022-04-28 15:45:00", "elapsed": 813.482575, "delta": 8.852331}}
{"target": 3.8821386671718026, "params": {"Bgrad": 1.6591069671731766, "d1": -0.6951121405780087, "d2": -0.23897178448684242, "d3": 0.4741091374364701, "d4": -1.0403246669525332, "p1": 5.7120335473367145, "p2": 0.8261863391972102, "p3": 40.60447743203456, "p4": 46.00836346359543, "pol1": -0.5114548840544701, "pol2": 0.20078318277867968, "pol3": 0.7277968844327336, "pol4": 0.5531523931826616, "v0s": 3.8821386671718026}, "datetime": {"datetime": "2022-04-28 15:45:09", "elapsed": 822.448601, "delta": 8.966026}}
{"target": -1.0, "params": {"Bgrad": 1.1578246464885957, "d1": -1.7370945941894536, "d2": -2.041104044127689, "d3": -1.1860913569260294, "d4": -1.8571688904514487, "p1": 2.695204711976773, "p2": 38.92864922111695, "p3": 33.0511591724328, "p4": 42.36990961976746, "pol1": 0.7240564577943385, "pol2": -0.48562606830718447, "pol3": -0.6943211735598458, "pol4": -0.13234102717613072, "v0s": 6.632929476119266}, "datetime": {"datetime": "2022-04-28 15:45:18", "elapsed": 830.640697, "delta": 8.192096}}
{"target": -1.0, "params": {"Bgrad": 1.9259588170004784, "d1": -0.9766405737195125, "d2": -2.350646629153816, "d3": 0.9922114495222614, "d4": 0.7866899413114918, "p1": 1.9715036400630048, "p2": 1.555717632854614, "p3": 9.231095035063364, "p4": 7.62262416011858, "pol1": -0.22618960993794723, "pol2": 0.6103607650819121, "pol3": -0.31912836187697313, "pol4": 0.31489294039932814, "v0s": 3.1100052399917884}, "datetime": {"datetime": "2022-04-28 15:45:31", "elapsed": 843.83043, "delta": 13.189733}}
{"target": -1.0, "params": {"Bgrad": 0.8753923953610678, "d1": -1.7758482481733147, "d2": -2.441316127767461, "d3": -1.8302836594317564, "d4": -0.5460013429344155, "p1": 49.001776194673795, "p2": 38.91234527999476, "p3": 37.41608276428304, "p4": 42.344336454382635, "pol1": 0.03574887628558754, "pol2": 0.014125823593434506, "pol3": 0.6668499505625742, "pol4": 0.14403130975715706, "v0s": 4.220729609629437}, "datetime": {"datetime": "2022-04-28 15:45:36", "elapsed": 849.375603, "delta": 5.545173}}
{"target": -1.0, "params": {"Bgrad": 0.7663628810552912, "d1": -0.4465284971597385, "d2": -1.6548101078522337, "d3": -0.9879533902883337, "d4": -1.2272576730503078, "p1": 5.375334751639288, "p2": 46.65477546837151, "p3": 25.671489977955307, "p4": 44.32918775040105, "pol1": -0.8281095556915476, "pol2": 0.9657613625778945, "pol3": 0.03125819047011302, "pol4": 0.8414555797503018, "v0s": 5.191430144289825}, "datetime": {"datetime": "2022-04-28 15:45:43", "elapsed": 855.83932, "delta": 6.463717}}
{"target": -1.0, "params": {"Bgrad": 1.8356720816102623, "d1": 0.9285968429982905, "d2": -0.8834272369912259, "d3": -1.9723744649986692, "d4": 0.9936175048565925, "p1": 28.467959030224094, "p2": 16.494438532223306, "p3": 40.9596619261236, "p4": 39.953384141764346, "pol1": -0.2974025841885213, "pol2": 0.043499026158403176, "pol3": 0.031211889957948324, "pol4": -0.05448401023546001, "v0s": 4.378209058853102}, "datetime": {"datetime": "2022-04-28 15:45:58", "elapsed": 871.025714, "delta": 15.186394}}
{"target": -1.0, "params": {"Bgrad": 0.9251860170447737, "d1": -2.3650117075005026, "d2": -1.1385397300466802, "d3": -2.874012490145427, "d4": 0.5484125125983756, "p1": 27.61539364620103, "p2": 43.63407710258114, "p3": 44.77251438541905, "p4": 16.193820079724237, "pol1": 0.333467344315294, "pol2": 0.5682218985585723, "pol3": 0.460389683629818, "pol4": 0.18230736823585403, "v0s": 2.22393213701263}, "datetime": {"datetime": "2022-04-28 15:46:04", "elapsed": 876.721485, "delta": 5.695771}}
{"target": -1.0, "params": {"Bgrad": 1.1693220540405296, "d1": -1.7302899974505501, "d2": -2.0379302382905644, "d3": -2.765261295938879, "d4": -0.28889417181517807, "p1": 29.373845911249713, "p2": 47.68208208688533, "p3": 1.861892113413277, "p4": 49.71183521151728, "pol1": -0.4443626511616232, "pol2": 0.8114435104281723, "pol3": -0.27923577820229406, "pol4": 0.7698078089063298, "v0s": 3.7949423549494776}, "datetime": {"datetime": "2022-04-28 15:46:15", "elapsed": 888.322466, "delta": 11.600981}}
{"target": -1.0, "params": {"Bgrad": 1.4585892572235135, "d1": 0.29351714887171676, "d2": 0.8475015172791571, "d3": 0.33544436766177066, "d4": 0.04115525000065734, "p1": 5.502612470114893, "p2": 9.83902269946645, "p3": 40.93079775985179, "p4": 23.964673666292963, "pol1": -0.8735970743200496, "pol2": 0.7208973359634441, "pol3": -0.7959640067767908, "pol4": 0.5193101215412055, "v0s": 6.564312466665459}, "datetime": {"datetime": "2022-04-28 15:46:26", "elapsed": 899.042802, "delta": 10.720336}}
{"target": -1.0, "params": {"Bgrad": 0.8657099688008228, "d1": 0.5606083169460634, "d2": -1.601514670063286, "d3": 0.1734473791169755, "d4": 0.0810173627192432, "p1": 9.625302686594106, "p2": 38.259915847002155, "p3": 15.957658001587422, "p4": 39.236039286596814, "pol1": 0.6863748054214827, "pol2": -0.07664364850730565, "pol3": 0.9158768470604015, "pol4": 0.6754147125922065, "v0s": 3.1848928724543244}, "datetime": {"datetime": "2022-04-28 15:46:36", "elapsed": 908.700978, "delta": 9.658176}}
{"target": -1.0, "params": {"Bgrad": 1.7490519888068699, "d1": -1.3262288525891233, "d2": -2.862553457446704, "d3": -0.1896392023912452, "d4": -1.9821071934806214, "p1": 33.76571034455908, "p2": 45.911130815148965, "p3": 15.660262426448273, "p4": 6.552465839556554, "pol1": -0.3274060941231389, "pol2": -0.663582238451512, "pol3": -0.30943830774370196, "pol4": 0.7194282323835548, "v0s": 3.7282849795794233}, "datetime": {"datetime": "2022-04-28 15:46:49", "elapsed": 921.626418, "delta": 12.92544}}
{"target": -1.0, "params": {"Bgrad": 1.5860687678774676, "d1": -1.244025283853666, "d2": -1.8369444914558457, "d3": 0.24085220888266567, "d4": 0.18011907518192372, "p1": 10.040024677270342, "p2": 24.188728646502017, "p3": 13.295098268743178, "p4": 12.889986431316169, "pol1": 0.07606993074345159, "pol2": -0.7313556169405715, "pol3": 0.11245578597641614, "pol4": 0.4028253131008097, "v0s": 2.2429703323728236}, "datetime": {"datetime": "2022-04-28 15:46:59", "elapsed": 932.353736, "delta": 10.727318}}
{"target": -1.0, "params": {"Bgrad": 0.7638240189814323, "d1": 0.06966052968365899, "d2": -1.2356677533267795, "d3": -0.8825217624768267, "d4": -1.5233482223299069, "p1": 28.15849601764065, "p2": 11.65980632109585, "p3": 14.4459536426295, "p4": 4.894705876028111, "pol1": -0.39845658616605073, "pol2": -0.5708387991876669, "pol3": 0.3902875248330475, "pol4": -0.28679024136180686, "v0s": 3.2347577757534944}, "datetime": {"datetime": "2022-04-28 15:47:07", "elapsed": 939.533537, "delta": 7.179801}}
{"target": -1.0, "params": {"Bgrad": 0.9572625315922636, "d1": -0.04379838476462927, "d2": -0.003052280629145976, "d3": -2.442453088258794, "d4": 0.5138923779122244, "p1": 10.083419877526833, "p2": 37.90961476360807, "p3": 24.252798760400285, "p4": 23.14191712595904, "pol1": 0.4453889257185619, "pol2": -0.38724479322200933, "pol3": -0.0003429246411457143, "pol4": -0.2825913881091697, "v0s": 3.189187505733466}, "datetime": {"datetime": "2022-04-28 15:47:17", "elapsed": 950.473287, "delta": 10.93975}}
{"target": -1.0, "params": {"Bgrad": 0.5708038709501142, "d1": -1.467079882503251, "d2": -0.5696527887356555, "d3": -2.9440008027726114, "d4": -0.8991953531905472, "p1": 1.2140833275405882, "p2": 42.10008346572175, "p3": 18.29839772133688, "p4": 44.24768369103979, "pol1": 0.8898294306847003, "pol2": 0.6844863895912701, "pol3": 0.814260001745462, "pol4": -0.9674040820676109, "v0s": 6.094479485340403}, "datetime": {"datetime": "2022-04-28 15:47:24", "elapsed": 957.206284, "delta": 6.732997}}
{"target": -1.0, "params": {"Bgrad": 0.7269459279428072, "d1": 0.9696061298334393, "d2": -0.47453529492052615, "d3": -0.32768245971082743, "d4": -0.18535598436295553, "p1": 22.26773129466006, "p2": 31.376385075593866, "p3": 4.953364862905668, "p4": 14.859571408947614, "pol1": 0.9275158782463215, "pol2": -0.514956560759041, "pol3": -0.1071489668849217, "pol4": 0.1932535322929505, "v0s": 6.437465124949919}, "datetime": {"datetime": "2022-04-28 15:47:31", "elapsed": 964.420993, "delta": 7.214709}}
{"target": -1.0, "params": {"Bgrad": 1.3591633351379602, "d1": -0.7334240330091277, "d2": 0.7438633347139447, "d3": -0.18981242479730476, "d4": -1.3022338331810794, "p1": 39.38065915075692, "p2": 27.98335485470753, "p3": 18.125930727997343, "p4": 37.94535776857271, "pol1": -0.6429233520369035, "pol2": -0.8174587578805654, "pol3": 0.3022164744017435, "pol4": 0.4393174693656945, "v0s": 7.336039304889914}, "datetime": {"datetime": "2022-04-28 15:47:43", "elapsed": 976.368049, "delta": 11.947056}}
{"target": -1.0, "params": {"Bgrad": 1.2544046817206365, "d1": -1.738077551660811, "d2": -1.5439006503771848, "d3": 0.896109208667144, "d4": 0.5543222721877927, "p1": 14.708028371879534, "p2": 12.41789519201973, "p3": 12.760512875637946, "p4": 45.316378196048234, "pol1": 0.9592154450176855, "pol2": 0.5423934362833243, "pol3": 0.10545402707240048, "pol4": -0.4040580198067827, "v0s": 7.785849162135945}, "datetime": {"datetime": "2022-04-28 15:47:54", "elapsed": 987.180139, "delta": 10.81209}}
{"target": -1.0, "params": {"Bgrad": 1.5944807635569744, "d1": 0.5232317167147165, "d2": 0.7695895696211474, "d3": -0.8429448485368796, "d4": -1.2191263302347384, "p1": 0.6516268573761197, "p2": 34.29783752473347, "p3": 40.289230078250235, "p4": 34.07257929084297, "pol1": -0.9858091366280042, "pol2": 0.19532904033366338, "pol3": 0.44200783686359646, "pol4": -0.4050538027357309, "v0s": 6.08112421652973}, "datetime": {"datetime": "2022-04-28 15:48:09", "elapsed": 1001.546726, "delta": 14.366587}}
{"target": -1.0, "params": {"Bgrad": 0.9436284988454808, "d1": -0.7395862338146997, "d2": 0.9282917864812403, "d3": -0.5255610848593806, "d4": 0.9510641624761269, "p1": 45.43282039036475, "p2": 39.53634728459187, "p3": 45.341274538339874, "p4": 15.605116495580956, "pol1": -0.3301752104604909, "pol2": -0.5241901697238287, "pol3": -0.38861882357476696, "pol4": 0.7455077687409446, "v0s": 7.514539796424802}, "datetime": {"datetime": "2022-04-28 15:48:16", "elapsed": 1009.107509, "delta": 7.560783}}
{"target": 2.1997297228332293, "params": {"Bgrad": 1.4838554282390546, "d1": -2.804656531455894, "d2": 0.9582942212486749, "d3": -0.20897116630822543, "d4": -1.2556707160955969, "p1": 42.95703318903757, "p2": 14.084904271343458, "p3": 3.463183703919243, "p4": 34.65776190145136, "pol1": 0.07567197589611796, "pol2": -0.9643451925359849, "pol3": 0.820937238353175, "pol4": -0.4964079491437039, "v0s": 2.1997297228332293}, "datetime": {"datetime": "2022-04-28 15:48:23", "elapsed": 1016.349147, "delta": 7.241638}}
{"target": 2.027602018022499, "params": {"Bgrad": 1.9330404632366005, "d1": -2.2905840483268456, "d2": -1.7171134777700408, "d3": -1.7055871843432637, "d4": -2.530807271182503, "p1": 31.682728944295263, "p2": 37.830958641540654, "p3": 21.204386241013097, "p4": 9.738439612895766, "pol1": -0.5153230140450573, "pol2": 0.21285133195326256, "pol3": -0.3122384912026279, "pol4": 0.27141236832620774, "v0s": 2.027602018022499}, "datetime": {"datetime": "2022-04-28 15:48:31", "elapsed": 1024.023627, "delta": 7.67448}}
{"target": 4.115602478948887, "params": {"Bgrad": 0.6933382785554647, "d1": -1.4754763070245733, "d2": 0.349119006163189, "d3": -1.171600883907817, "d4": -2.446862087618565, "p1": 45.97494347230955, "p2": 34.485450526598996, "p3": 39.33916084120095, "p4": 4.165483157694888, "pol1": 0.8583868615084937, "pol2": 0.0786613291791034, "pol3": -0.903693075696089, "pol4": 0.4284322956215669, "v0s": 4.115602478948887}, "datetime": {"datetime": "2022-04-28 15:48:33", "elapsed": 1026.417226, "delta": 2.393599}}
{"target": 2.235957552715151, "params": {"Bgrad": 1.8639695219085002, "d1": 0.18784725979514993, "d2": -1.8095887389913359, "d3": -1.794059138515384, "d4": -2.350323638630124, "p1": 2.529176082329304, "p2": 31.269458356051544, "p3": 25.36083442598585, "p4": 21.508285120133653, "pol1": -0.5135029727963714, "pol2": 0.8583863997271037, "pol3": -0.3917682897199797, "pol4": 0.27979927086238865, "v0s": 2.235957552715151}, "datetime": {"datetime": "2022-04-28 15:48:38", "elapsed": 1031.234346, "delta": 4.81712}}
{"target": -1.0, "params": {"Bgrad": 0.7767977627227124, "d1": -1.0651093381365548, "d2": -2.10950221079892, "d3": -0.35916981734691733, "d4": -1.9663830024223632, "p1": 41.66076665947016, "p2": 40.933382862759686, "p3": 9.966609021836293, "p4": 16.55137368680002, "pol1": 0.6010224917603721, "pol2": 0.30591407170228546, "pol3": 0.020857639531167482, "pol4": -0.8358905935985959, "v0s": 6.223750075801257}, "datetime": {"datetime": "2022-04-28 15:48:45", "elapsed": 1038.094005, "delta": 6.859659}}
{"target": -1.0, "params": {"Bgrad": 0.9496071165344893, "d1": -1.557111250843556, "d2": 0.9545044389449107, "d3": -2.1257824281333844, "d4": 0.2801063090587337, "p1": 44.33190993993023, "p2": 14.882570542730928, "p3": 39.38650259841003, "p4": 33.33470169169242, "pol1": -0.12603221464788228, "pol2": -0.9051261778471873, "pol3": 0.06882102057709938, "pol4": -0.32177129796453463, "v0s": 2.7123626030589563}, "datetime": {"datetime": "2022-04-28 15:48:54", "elapsed": 1046.561364, "delta": 8.467359}}
{"target": -1.0, "params": {"Bgrad": 1.4254586937227258, "d1": 0.48865900487178315, "d2": -0.03283712101107161, "d3": -1.3512517264453403, "d4": -1.099585474847875, "p1": 15.853157791439443, "p2": 5.671060686126711, "p3": 12.049808141582524, "p4": 22.608551819293766, "pol1": -0.6376006967794416, "pol2": -0.1010052492334883, "pol3": 0.15165724247265988, "pol4": 0.47055174989748516, "v0s": 3.667774413960843}, "datetime": {"datetime": "2022-04-28 15:49:21", "elapsed": 1074.16755, "delta": 27.606186}}
{"target": -1.0, "params": {"Bgrad": 1.8230469169835206, "d1": 0.7296240622693584, "d2": -1.0637711917546513, "d3": 0.2119043482830616, "d4": 0.5380389268981638, "p1": 25.403616148724655, "p2": 10.157161744612548, "p3": 21.356160357576336, "p4": 28.960252966419837, "pol1": 0.4357750068280817, "pol2": -0.11669138366925336, "pol3": 0.8025862877385013, "pol4": -0.4396262157099031, "v0s": 6.249825357651023}, "datetime": {"datetime": "2022-04-28 15:49:36", "elapsed": 1088.747566, "delta": 14.580016}}
{"target": -1.0, "params": {"Bgrad": 0.656092705543808, "d1": -2.342005526929945, "d2": -0.6475705326556596, "d3": -2.1289507330733537, "d4": -0.16476307816457147, "p1": 16.478373418476938, "p2": 4.970983929588368, "p3": 40.023817831203324, "p4": 33.08779896059957, "pol1": -0.04335662246115479, "pol2": 0.3366592462685245, "pol3": 0.8740834907465769, "pol4": 0.19361922677925247, "v0s": 5.761614983061673}, "datetime": {"datetime": "2022-04-28 15:49:41", "elapsed": 1094.386489, "delta": 5.638923}}
{"target": -1.0, "params": {"Bgrad": 1.1840632330203835, "d1": -1.8166744670327502, "d2": -2.3590008486488165, "d3": -0.8136166147430397, "d4": -1.9889649230123378, "p1": 25.406291229537015, "p2": 47.03887498244236, "p3": 26.045310884606632, "p4": 42.27837386314008, "pol1": -0.37022787598071005, "pol2": -0.1903062164299827, "pol3": -0.4454122461360852, "pol4": 0.49904841107668774, "v0s": 2.124655966875121}, "datetime": {"datetime": "2022-04-28 15:49:45", "elapsed": 1098.501486, "delta": 4.114997}}
{"target": -1.0, "params": {"Bgrad": 0.6588965096677849, "d1": 0.39803928350196305, "d2": -0.6601646258128882, "d3": -1.2658250450134445, "d4": 0.42717745129145657, "p1": 26.197339531693654, "p2": 16.811013039337368, "p3": 0.27547231406957473, "p4": 11.062109214654292, "pol1": 0.4021300446916205, "pol2": -0.12081987484293011, "pol3": 0.8763034457771928, "pol4": 0.30133536119521454, "v0s": 4.062552169921608}, "datetime": {"datetime": "2022-04-28 15:49:54", "elapsed": 1106.726494, "delta": 8.225008}}
{"target": -1.0, "params": {"Bgrad": 1.5215747144264302, "d1": -0.7702934249034485, "d2": -1.658393929914462, "d3": -1.5230709708885866, "d4": -1.3340565110621578, "p1": 40.781309173803926, "p2": 19.07333623491287, "p3": 10.543868169032361, "p4": 28.184252788682457, "pol1": 0.4341064347259336, "pol2": 0.01754721330702269, "pol3": -0.5057964536171002, "pol4": 0.8745176324353192, "v0s": 7.619443749176579}, "datetime": {"datetime": "2022-04-28 15:50:05", "elapsed": 1118.424216, "delta": 11.697722}}
{"target": -1.0, "params": {"Bgrad": 1.5212422468113598, "d1": -1.1630375073552481, "d2": 0.6765108997418809, "d3": -0.1076818528410004, "d4": -0.8627122322124485, "p1": 2.212618943922723, "p2": 46.36603213968245, "p3": 48.03999481995213, "p4": 41.866763051036955, "pol1": 0.41357087055399244, "pol2": -0.09392081746454095, "pol3": -0.4415289453048441, "pol4": 0.09815528851873312, "v0s": 6.115301282963116}, "datetime": {"datetime": "2022-04-28 15:50:21", "elapsed": 1134.442386, "delta": 16.01817}}
{"target": -1.0, "params": {"Bgrad": 0.5441781901601015, "d1": -1.5276617082708142, "d2": -1.9693066807184194, "d3": -2.580326287095949, "d4": 0.02607330489779036, "p1": 17.70386000962516, "p2": 30.62056869547593, "p3": 30.81395990300251, "p4": 47.185471720391796, "pol1": -0.5586136724108244, "pol2": -0.44475000548893884, "pol3": -0.3680511287295909, "pol4": -0.5554898773728632, "v0s": 6.353346311874418}, "datetime": {"datetime": "2022-04-28 15:50:26", "elapsed": 1139.213629, "delta": 4.771243}}
{"target": -1.0, "params": {"Bgrad": 0.8953134567411258, "d1": -2.8461005916852256, "d2": -1.7163998486188174, "d3": -1.0580256931096694, "d4": -2.8147091724621345, "p1": 2.0768461802418092, "p2": 18.29752757252827, "p3": 41.0832804672395, "p4": 41.97301402483837, "pol1": 0.647982584590812, "pol2": -0.4947469168222005, "pol3": -0.9261384094683935, "pol4": 0.7992038948078597, "v0s": 2.130798713685588}, "datetime": {"datetime": "2022-04-28 15:50:34", "elapsed": 1147.284051, "delta": 8.070422}}
{"target": -1.0, "params": {"Bgrad": 1.8121197539651939, "d1": 0.902757248447493, "d2": -1.555572908059537, "d3": 0.8942789336324237, "d4": 0.3724583698901105, "p1": 19.466918481619295, "p2": 36.58766042509335, "p3": 26.65610028204463, "p4": 16.833303198818978, "pol1": 0.2004476017346284, "pol2": 0.06823685711738059, "pol3": -0.5686980981459895, "pol4": -0.4104394668712903, "v0s": 6.563598385993743}, "datetime": {"datetime": "2022-04-28 15:50:48", "elapsed": 1160.87172, "delta": 13.587669}}
{"target": -1.0, "params": {"Bgrad": 0.6509527148673193, "d1": -1.8612295921602082, "d2": -0.9272857420006697, "d3": -0.18988650986941202, "d4": 0.8177181044100639, "p1": 10.813479436756374, "p2": 47.30664689426231, "p3": 4.90703607931256, "p4": 30.346369968776187, "pol1": 0.4508950940291272, "pol2": 0.7460498084077183, "pol3": -0.4931574954393405, "pol4": -0.13833713579020457, "v0s": 2.6334515614684118}, "datetime": {"datetime": "2022-04-28 15:50:52", "elapsed": 1164.719432, "delta": 3.847712}}
{"target": -1.0, "params": {"Bgrad": 1.6557642792141887, "d1": -0.5203242195951137, "d2": -2.3741333451244744, "d3": -1.718174894384433, "d4": 0.8001161455993966, "p1": 2.9779200657415017, "p2": 30.914296886568792, "p3": 0.03799854813977266, "p4": 23.8927382160667, "pol1": 0.8436576976136005, "pol2": 0.6948401920647542, "pol3": -0.7486719886717175, "pol4": 0.5784186879531072, "v0s": 2.2209003482399137}, "datetime": {"datetime": "2022-04-28 15:51:04", "elapsed": 1176.735303, "delta": 12.015871}}
{"target": -1.0, "params": {"Bgrad": 0.6043751316925116, "d1": -1.5046376533907408, "d2": -0.3367180660899467, "d3": -2.462455167744612, "d4": -0.4246482381084924, "p1": 1.1706528529365934, "p2": 31.386758183085462, "p3": 43.29391174721852, "p4": 2.161631706924333, "pol1": 0.7381651319967248, "pol2": -0.4261067135984087, "pol3": 0.20201326835630895, "pol4": 0.9878709975789146, "v0s": 2.135329676251831}, "datetime": {"datetime": "2022-04-28 15:51:07", "elapsed": 1179.828034, "delta": 3.092731}}
{"target": -1.0, "params": {"Bgrad": 1.9233464256508155, "d1": -2.363665133780239, "d2": 0.11116617839509946, "d3": 0.6832117642927602, "d4": -1.683262053063006, "p1": 30.70981412617826, "p2": 48.812022330612834, "p3": 26.41635644110269, "p4": 39.11759554824588, "pol1": 0.18922255621822837, "pol2": 0.8238076372170069, "pol3": -0.05369066372034026, "pol4": -0.5260402397009667, "v0s": 6.905181497566875}, "datetime": {"datetime": "2022-04-28 15:51:21", "elapsed": 1194.026071, "delta": 14.198037}}
{"target": 4.321012572732742, "params": {"Bgrad": 1.9358809614167407, "d1": -1.124089471666152, "d2": 0.20818397853119652, "d3": -2.0549226042667494, "d4": -2.921477428734866, "p1": 0.7998015442758244, "p2": 27.53926884737735, "p3": 10.91961937153152, "p4": 14.927552403610072, "pol1": -0.6265261260742767, "pol2": 0.8182002759999578, "pol3": 0.5429470873555415, "pol4": 0.0974394288556415, "v0s": 4.321012572732742}, "datetime": {"datetime": "2022-04-28 15:51:29", "elapsed": 1202.411649, "delta": 8.385578}}
