{"target": 2.9337650682681895, "params": {"Bgrad": 1.8305168221955783, "d1": -0.582651284004962, "d2": -2.479396141800643, "d3": -1.3200176185306627, "d4": -2.3062126861859693, "p1": 13.377930422344587, "p2": 23.746860754047074, "p3": 1.0565031920568735, "p4": 39.919093734772765, "pol1": 0.6478213139544347, "pol2": 0.20431996911799, "pol3": -0.8127253009148252, "pol4": 0.21178826445446908, "v0s": 2.9337650682681895}, "datetime": {"datetime": "2022-06-21 17:04:26", "elapsed": 1374.261862, "delta": 5.034139}}
{"target": -1.0, "params": {"Bgrad": 0.5690042859759339, "d1": -2.3936044845897824, "d2": -2.728087243975828, "d3": -0.17455241744271932, "d4": 0.3096752541051968, "p1": 10.08385249785248, "p2": 6.378492262787189, "p3": 26.964791173885178, "p4": 24.989312861330948, "pol1": 0.8696662207866923, "pol2": 0.7375574747818108, "pol3": -0.7351569199663799, "pol4": 0.7861939719039546, "v0s": 4.995603699497256}, "datetime": {"datetime": "2022-06-21 17:04:32", "elapsed": 1381.027369, "delta": 6.765507}}
{"target": -1.0, "params": {"Bgrad": 0.5690042859759339, "d1": -2.3936044845897824, "d2": -2.728087243975828, "d3": -0.17455241744271932, "d4": 0.3096752541051968, "p1": 10.08385249785248, "p2": 6.378492262787189, "p3": 26.964791173885178, "p4": 24.989312861330948, "pol1": 0.8696662207866923, "pol2": 0.7375574747818108, "pol3": -0.7351569199663799, "pol4": 0.7861939719039546, "v0s": 4.995603699497256}, "datetime": {"datetime": "2022-06-21 17:04:32", "elapsed": 1381.028367, "delta": 6.766505}}
{"target": -1.0, "params": {"Bgrad": 1.8417423207910364, "d1": 0.8323337614980124, "d2": -1.1731957149506402, "d3": 0.977596842706955, "d4": 0.3523329056617537, "p1": 19.494200779680742, "p2": 10.058416787797892, "p3": 10.145174866617618, "p4": 14.690939178502017, "pol1": 0.6636877968486452, "pol2": 0.38198329294554045, "pol3": -0.8224104029332902, "pol4": -0.6663442072053252, "v0s": 2.6904016232692296}, "datetime": {"datetime": "2022-06-21 17:04:44", "elapsed": 1392.637035, "delta": 11.609666}}
{"target": -1.0, "params": {"Bgrad": 1.8417423207910364, "d1": 0.8323337614980124, "d2": -1.1731957149506402, "d3": 0.977596842706955, "d4": 0.3523329056617537, "p1": 19.494200779680742, "p2": 10.058416787797892, "p3": 10.145174866617618, "p4": 14.690939178502017, "pol1": 0.6636877968486452, "pol2": 0.38198329294554045, "pol3": -0.8224104029332902, "pol4": -0.6663442072053252, "v0s": 2.6904016232692296}, "datetime": {"datetime": "2022-06-21 17:04:44", "elapsed": 1392.637035, "delta": 11.608668}}
{"target": -1.0, "params": {"Bgrad": 1.71550174488177, "d1": 0.6974699246421712, "d2": -1.1285742489496662, "d3": 0.6673704969816305, "d4": 0.07933126621357411, "p1": 21.002390397508442, "p2": 8.771180461227685, "p3": 24.05490798851818, "p4": 21.17618034671182, "pol1": 0.7484909651638703, "pol2": 0.916528125766408, "pol3": -0.08639865303618088, "pol4": -0.42479393378812524, "v0s": 6.940781399586655}, "datetime": {"datetime": "2022-06-21 17:04:55", "elapsed": 1403.94301, "delta": 11.305975}}
{"target": -1.0, "params": {"Bgrad": 1.71550174488177, "d1": 0.6974699246421712, "d2": -1.1285742489496662, "d3": 0.6673704969816305, "d4": 0.07933126621357411, "p1": 21.002390397508442, "p2": 8.771180461227685, "p3": 24.05490798851818, "p4": 21.17618034671182, "pol1": 0.7484909651638703, "pol2": 0.916528125766408, "pol3": -0.08639865303618088, "pol4": -0.42479393378812524, "v0s": 6.940781399586655}, "datetime": {"datetime": "2022-06-21 17:04:55", "elapsed": 1403.944007, "delta": 11.306972}}
{"target": -1.0, "params": {"Bgrad": 0.9013556404891975, "d1": -0.3123613788510098, "d2": -0.7831223588543548, "d3": -2.1668857092022393, "d4": -1.6211485800658476, "p1": 8.62046927733498, "p2": 32.91576884401615, "p3": 17.465131316039155, "p4": 36.28553134502231, "pol1": -0.046797821862413436, "pol2": 0.22409084400879742, "pol3": -0.7988000580156591, "pol4": 0.32939223538838336, "v0s": 3.951262701371343}, "datetime": {"datetime": "2022-06-21 17:05:06", "elapsed": 1414.873017, "delta": 10.930007}}
{"target": -1.0, "params": {"Bgrad": 0.9013556404891975, "d1": -0.3123613788510098, "d2": -0.7831223588543548, "d3": -2.1668857092022393, "d4": -1.6211485800658476, "p1": 8.62046927733498, "p2": 32.91576884401615, "p3": 17.465131316039155, "p4": 36.28553134502231, "pol1": -0.046797821862413436, "pol2": 0.22409084400879742, "pol3": -0.7988000580156591, "pol4": 0.32939223538838336, "v0s": 3.951262701371343}, "datetime": {"datetime": "2022-06-21 17:05:06", "elapsed": 1414.873017, "delta": 10.92901}}
{"target": -1.0, "params": {"Bgrad": 1.8237271230370644, "d1": 0.9470413947287972, "d2": -2.676256395161258, "d3": -2.326993638251142, "d4": -2.9979940113017003, "p1": 22.01694319881544, "p2": 24.594671565776892, "p3": 25.635736006738103, "p4": 30.98921272158818, "pol1": 0.16082764477149958, "pol2": -0.08736987116522199, "pol3": 0.4331965542778664, "pol4": 0.3582102590232037, "v0s": 7.470628014149618}, "datetime": {"datetime": "2022-06-21 17:05:15", "elapsed": 1423.413198, "delta": 8.540181}}
{"target": -1.0, "params": {"Bgrad": 1.8237271230370644, "d1": 0.9470413947287972, "d2": -2.676256395161258, "d3": -2.326993638251142, "d4": -2.9979940113017003, "p1": 22.01694319881544, "p2": 24.594671565776892, "p3": 25.635736006738103, "p4": 30.98921272158818, "pol1": 0.16082764477149958, "pol2": -0.08736987116522199, "pol3": 0.4331965542778664, "pol4": 0.3582102590232037, "v0s": 7.470628014149618}, "datetime": {"datetime": "2022-06-21 17:05:15", "elapsed": 1423.413198, "delta": 8.540181}}
{"target": -1.0, "params": {"Bgrad": 1.7684189250522384, "d1": -1.3222494620702525, "d2": 0.16571014188195754, "d3": -0.1471972141995077, "d4": -0.2409528814664177, "p1": 15.704019232555888, "p2": 7.971827485820521, "p3": 30.2809091187971, "p4": 20.9872639222299, "pol1": 0.6865793150495896, "pol2": 0.9596516799111876, "pol3": 0.965467775344071, "pol4": -0.5892839951003985, "v0s": 6.370199326022936}, "datetime": {"datetime": "2022-06-21 17:05:25", "elapsed": 1433.740583, "delta": 10.327385}}
{"target": -1.0, "params": {"Bgrad": 1.7684189250522384, "d1": -1.3222494620702525, "d2": 0.16571014188195754, "d3": -0.1471972141995077, "d4": -0.2409528814664177, "p1": 15.704019232555888, "p2": 7.971827485820521, "p3": 30.2809091187971, "p4": 20.9872639222299, "pol1": 0.6865793150495896, "pol2": 0.9596516799111876, "pol3": 0.965467775344071, "pol4": -0.5892839951003985, "v0s": 6.370199326022936}, "datetime": {"datetime": "2022-06-21 17:05:25", "elapsed": 1433.74158, "delta": 10.328382}}
{"target": -1.0, "params": {"Bgrad": 1.0453190649359203, "d1": 0.3064499102624567, "d2": 0.07197359834309935, "d3": -2.2247794849224167, "d4": 0.2136022992646951, "p1": 44.817078139292555, "p2": 29.57663557712418, "p3": 13.148038770829086, "p4": 20.944122018242307, "pol1": 0.7350521812190618, "pol2": -0.7851538951355863, "pol3": 0.004279304052009492, "pol4": -0.38532706573684794, "v0s": 6.736257129566155}, "datetime": {"datetime": "2022-06-21 17:05:35", "elapsed": 1443.473557, "delta": 9.732974}}
{"target": -1.0, "params": {"Bgrad": 1.0453190649359203, "d1": 0.3064499102624567, "d2": 0.07197359834309935, "d3": -2.2247794849224167, "d4": 0.2136022992646951, "p1": 44.817078139292555, "p2": 29.57663557712418, "p3": 13.148038770829086, "p4": 20.944122018242307, "pol1": 0.7350521812190618, "pol2": -0.7851538951355863, "pol3": 0.004279304052009492, "pol4": -0.38532706573684794, "v0s": 6.736257129566155}, "datetime": {"datetime": "2022-06-21 17:05:35", "elapsed": 1443.473557, "delta": 9.731977}}
{"target": -1.0, "params": {"Bgrad": 1.3109289216667221, "d1": -2.1841687894157196, "d2": -1.780509301655862, "d3": -0.4498788606679147, "d4": -0.5813435835880516, "p1": 46.76277203293135, "p2": 29.702419537413792, "p3": 33.345745428208026, "p4": 44.575609248608586, "pol1": -0.11841514198098313, "pol2": -0.7348534902374015, "pol3": 0.2858039986334515, "pol4": 0.48858624331046463, "v0s": 2.591807851395737}, "datetime": {"datetime": "2022-06-21 17:05:43", "elapsed": 1451.955875, "delta": 8.482318}}
{"target": -1.0, "params": {"Bgrad": 1.3109289216667221, "d1": -2.1841687894157196, "d2": -1.780509301655862, "d3": -0.4498788606679147, "d4": -0.5813435835880516, "p1": 46.76277203293135, "p2": 29.702419537413792, "p3": 33.345745428208026, "p4": 44.575609248608586, "pol1": -0.11841514198098313, "pol2": -0.7348534902374015, "pol3": 0.2858039986334515, "pol4": 0.48858624331046463, "v0s": 2.591807851395737}, "datetime": {"datetime": "2022-06-21 17:05:43", "elapsed": 1451.956873, "delta": 8.483316}}
{"target": -1.0, "params": {"Bgrad": 0.8985427112989428, "d1": -0.10966951481086307, "d2": -0.8552329271447858, "d3": -0.31359436260308593, "d4": -2.7961927556889123, "p1": 22.29006939427395, "p2": 13.333061589400952, "p3": 13.112470917668716, "p4": 46.37786176082663, "pol1": -0.6541371020394442, "pol2": 0.7157542449309013, "pol3": 0.06546621504138761, "pol4": -0.09889865353182614, "v0s": 6.602531014312564}, "datetime": {"datetime": "2022-06-21 17:05:51", "elapsed": 1459.955484, "delta": 7.999609}}
{"target": -1.0, "params": {"Bgrad": 0.8985427112989428, "d1": -0.10966951481086307, "d2": -0.8552329271447858, "d3": -0.31359436260308593, "d4": -2.7961927556889123, "p1": 22.29006939427395, "p2": 13.333061589400952, "p3": 13.112470917668716, "p4": 46.37786176082663, "pol1": -0.6541371020394442, "pol2": 0.7157542449309013, "pol3": 0.06546621504138761, "pol4": -0.09889865353182614, "v0s": 6.602531014312564}, "datetime": {"datetime": "2022-06-21 17:05:51", "elapsed": 1459.956482, "delta": 7.999609}}
{"target": -1.0, "params": {"Bgrad": 0.689331655970116, "d1": -0.24067213710020807, "d2": -2.806849290777382, "d3": -2.1991862074010733, "d4": -1.4818147113295161, "p1": 41.21316505619784, "p2": 7.009610268363165, "p3": 49.478095803671565, "p4": 22.914351714710847, "pol1": -0.5816355158189821, "pol2": -0.43860382264549025, "pol3": 0.6128581754977842, "pol4": -0.6330756148594161, "v0s": 4.003495090139257}, "datetime": {"datetime": "2022-06-21 17:05:59", "elapsed": 1467.449445, "delta": 7.493961}}
{"target": -1.0, "params": {"Bgrad": 0.689331655970116, "d1": -0.24067213710020807, "d2": -2.806849290777382, "d3": -2.1991862074010733, "d4": -1.4818147113295161, "p1": 41.21316505619784, "p2": 7.009610268363165, "p3": 49.478095803671565, "p4": 22.914351714710847, "pol1": -0.5816355158189821, "pol2": -0.43860382264549025, "pol3": 0.6128581754977842, "pol4": -0.6330756148594161, "v0s": 4.003495090139257}, "datetime": {"datetime": "2022-06-21 17:05:59", "elapsed": 1467.450443, "delta": 7.493961}}
{"target": -1.0, "params": {"Bgrad": 0.8282603517303417, "d1": -0.24773954405621845, "d2": -1.3638860145705056, "d3": -2.928462222845613, "d4": -2.863192287919667, "p1": 45.015569380337034, "p2": 27.040697292065786, "p3": 48.64843473726489, "p4": 43.49613048163133, "pol1": -0.48217601094101914, "pol2": 0.8614922579051933, "pol3": -0.42076286192925605, "pol4": -0.020907310664823875, "v0s": 6.735379188755426}, "datetime": {"datetime": "2022-06-21 17:06:05", "elapsed": 1473.172143, "delta": 5.722698}}
{"target": -1.0, "params": {"Bgrad": 0.8282603517303417, "d1": -0.24773954405621845, "d2": -1.3638860145705056, "d3": -2.928462222845613, "d4": -2.863192287919667, "p1": 45.015569380337034, "p2": 27.040697292065786, "p3": 48.64843473726489, "p4": 43.49613048163133, "pol1": -0.48217601094101914, "pol2": 0.8614922579051933, "pol3": -0.42076286192925605, "pol4": -0.020907310664823875, "v0s": 6.735379188755426}, "datetime": {"datetime": "2022-06-21 17:06:05", "elapsed": 1473.172143, "delta": 5.7217}}
{"target": -1.0, "params": {"Bgrad": 1.198816446247056, "d1": 0.43310945392632005, "d2": -0.6783211952571264, "d3": 0.9167200878326436, "d4": 0.5677711299286945, "p1": 48.372124149467346, "p2": 22.0435098141012, "p3": 12.943776152267983, "p4": 29.335730045993746, "pol1": 0.22868385531218283, "pol2": 0.37226727694112793, "pol3": 0.5400931616207281, "pol4": 0.42740534039914424, "v0s": 2.019656814963733}, "datetime": {"datetime": "2022-06-21 17:06:14", "elapsed": 1482.714626, "delta": 9.542483}}
{"target": -1.0, "params": {"Bgrad": 1.198816446247056, "d1": 0.43310945392632005, "d2": -0.6783211952571264, "d3": 0.9167200878326436, "d4": 0.5677711299286945, "p1": 48.372124149467346, "p2": 22.0435098141012, "p3": 12.943776152267983, "p4": 29.335730045993746, "pol1": 0.22868385531218283, "pol2": 0.37226727694112793, "pol3": 0.5400931616207281, "pol4": 0.42740534039914424, "v0s": 2.019656814963733}, "datetime": {"datetime": "2022-06-21 17:06:14", "elapsed": 1482.715624, "delta": 9.543481}}
{"target": -1.0, "params": {"Bgrad": 0.5506713543799324, "d1": -1.8116526812353748, "d2": -0.9888656093744972, "d3": -1.9097491723157236, "d4": -0.504997273679888, "p1": 25.726825289913364, "p2": 33.494206605127424, "p3": 46.20867968134635, "p4": 29.029683588168698, "pol1": 0.9331798834196263, "pol2": 0.3545707279724859, "pol3": 0.7044042096989411, "pol4": -0.962827104741395, "v0s": 4.260684039050577}, "datetime": {"datetime": "2022-06-21 17:06:21", "elapsed": 1489.292038, "delta": 6.577412}}
{"target": -1.0, "params": {"Bgrad": 0.5506713543799324, "d1": -1.8116526812353748, "d2": -0.9888656093744972, "d3": -1.9097491723157236, "d4": -0.504997273679888, "p1": 25.726825289913364, "p2": 33.494206605127424, "p3": 46.20867968134635, "p4": 29.029683588168698, "pol1": 0.9331798834196263, "pol2": 0.3545707279724859, "pol3": 0.7044042096989411, "pol4": -0.962827104741395, "v0s": 4.260684039050577}, "datetime": {"datetime": "2022-06-21 17:06:21", "elapsed": 1489.292038, "delta": 6.576414}}
{"target": -1.0, "params": {"Bgrad": 1.3719959441641374, "d1": 0.7102911251075321, "d2": -1.0117730681633454, "d3": 0.834119079904601, "d4": 0.13684274653966844, "p1": 44.330650698847435, "p2": 47.60534738564429, "p3": 45.9725965627752, "p4": 47.360481754833145, "pol1": 0.806236985718527, "pol2": -0.20745904660607417, "pol3": 0.44754085122623644, "pol4": 0.5802182169170911, "v0s": 6.41781907616591}, "datetime": {"datetime": "2022-06-21 17:06:31", "elapsed": 1499.281327, "delta": 9.989289}}
{"target": -1.0, "params": {"Bgrad": 1.3719959441641374, "d1": 0.7102911251075321, "d2": -1.0117730681633454, "d3": 0.834119079904601, "d4": 0.13684274653966844, "p1": 44.330650698847435, "p2": 47.60534738564429, "p3": 45.9725965627752, "p4": 47.360481754833145, "pol1": 0.806236985718527, "pol2": -0.20745904660607417, "pol3": 0.44754085122623644, "pol4": 0.5802182169170911, "v0s": 6.41781907616591}, "datetime": {"datetime": "2022-06-21 17:06:31", "elapsed": 1499.282324, "delta": 9.990286}}
{"target": -1.0, "params": {"Bgrad": 1.0038977099959698, "d1": 0.1179870909319245, "d2": -2.1415139582610925, "d3": -2.854664079712467, "d4": -0.7383637373060106, "p1": 13.534758197533609, "p2": 13.775948877193889, "p3": 8.010258566560879, "p4": 37.54102834970689, "pol1": 0.07826249381203487, "pol2": 0.9524425749212484, "pol3": 0.3281853567375146, "pol4": 0.033160985851445446, "v0s": 3.5072584143617993}, "datetime": {"datetime": "2022-06-21 17:06:40", "elapsed": 1508.849741, "delta": 9.568414}}
{"target": -1.0, "params": {"Bgrad": 1.0038977099959698, "d1": 0.1179870909319245, "d2": -2.1415139582610925, "d3": -2.854664079712467, "d4": -0.7383637373060106, "p1": 13.534758197533609, "p2": 13.775948877193889, "p3": 8.010258566560879, "p4": 37.54102834970689, "pol1": 0.07826249381203487, "pol2": 0.9524425749212484, "pol3": 0.3281853567375146, "pol4": 0.033160985851445446, "v0s": 3.5072584143617993}, "datetime": {"datetime": "2022-06-21 17:06:40", "elapsed": 1508.849741, "delta": 9.567417}}
{"target": -1.0, "params": {"Bgrad": 1.5675949415323824, "d1": 0.6305371943408136, "d2": -2.925224969275592, "d3": -1.4038082074260605, "d4": 0.2637137041090334, "p1": 46.63363042268766, "p2": 33.11530655608891, "p3": 32.25733748388688, "p4": 23.098341515314587, "pol1": 0.6184765424605834, "pol2": 0.11288015119370542, "pol3": 0.9362978153623056, "pol4": 0.884085327272236, "v0s": 6.142452678263515}, "datetime": {"datetime": "2022-06-21 17:06:50", "elapsed": 1518.54681, "delta": 9.697069}}
{"target": -1.0, "params": {"Bgrad": 1.5675949415323824, "d1": 0.6305371943408136, "d2": -2.925224969275592, "d3": -1.4038082074260605, "d4": 0.2637137041090334, "p1": 46.63363042268766, "p2": 33.11530655608891, "p3": 32.25733748388688, "p4": 23.098341515314587, "pol1": 0.6184765424605834, "pol2": 0.11288015119370542, "pol3": 0.9362978153623056, "pol4": 0.884085327272236, "v0s": 6.142452678263515}, "datetime": {"datetime": "2022-06-21 17:06:50", "elapsed": 1518.54681, "delta": 9.697069}}
{"target": -1.0, "params": {"Bgrad": 0.7510835380159367, "d1": 0.6372494606571739, "d2": -1.0644997421786435, "d3": -1.9041296845605014, "d4": 0.7554165709694547, "p1": 28.532000032711192, "p2": 23.82440576991094, "p3": 7.814249290420655, "p4": 11.37086224696201, "pol1": -0.530814863256341, "pol2": 0.033918833324629194, "pol3": 0.7201099459305411, "pol4": 0.8235851429581034, "v0s": 2.2466258743012344}, "datetime": {"datetime": "2022-06-21 17:06:59", "elapsed": 1527.491891, "delta": 8.945081}}
{"target": -1.0, "params": {"Bgrad": 0.7510835380159367, "d1": 0.6372494606571739, "d2": -1.0644997421786435, "d3": -1.9041296845605014, "d4": 0.7554165709694547, "p1": 28.532000032711192, "p2": 23.82440576991094, "p3": 7.814249290420655, "p4": 11.37086224696201, "pol1": -0.530814863256341, "pol2": 0.033918833324629194, "pol3": 0.7201099459305411, "pol4": 0.8235851429581034, "v0s": 2.2466258743012344}, "datetime": {"datetime": "2022-06-21 17:06:59", "elapsed": 1527.492889, "delta": 8.946079}}
{"target": 2.621075414269699, "params": {"Bgrad": 0.8938800350372086, "d1": 0.12266634874465998, "d2": -1.7004873501047308, "d3": -2.8695019613883557, "d4": -2.7600466515383064, "p1": 26.032705401772333, "p2": 46.816837589355394, "p3": 33.85534002905358, "p4": 33.91562180880017, "pol1": 0.21708699209503846, "pol2": -0.09664865580304194, "pol3": 0.958893690202365, "pol4": 0.9325988731233128, "v0s": 2.621075414269699}, "datetime": {"datetime": "2022-06-21 17:07:06", "elapsed": 1534.057336, "delta": 6.565445}}
{"target": 2.621075414269699, "params": {"Bgrad": 0.8938800350372086, "d1": 0.12266634874465998, "d2": -1.7004873501047308, "d3": -2.8695019613883557, "d4": -2.7600466515383064, "p1": 26.032705401772333, "p2": 46.816837589355394, "p3": 33.85534002905358, "p4": 33.91562180880017, "pol1": 0.21708699209503846, "pol2": -0.09664865580304194, "pol3": 0.958893690202365, "pol4": 0.9325988731233128, "v0s": 2.621075414269699}, "datetime": {"datetime": "2022-06-21 17:07:06", "elapsed": 1534.058333, "delta": 6.565444}}
{"target": -1.0, "params": {"Bgrad": 1.3684265544892962, "d1": -2.4892432267753293, "d2": -2.881278705230312, "d3": 0.30641237239736796, "d4": -2.982858280981461, "p1": 16.21532947803262, "p2": 33.67678780734782, "p3": 23.504509465026725, "p4": 4.303641690132415, "pol1": 0.3915741440551861, "pol2": 0.24694174301551763, "pol3": 0.25471215792388135, "pol4": 0.9267118221238664, "v0s": 4.744542833277343}, "datetime": {"datetime": "2022-06-21 17:07:17", "elapsed": 1545.44289, "delta": 11.385554}}
{"target": -1.0, "params": {"Bgrad": 1.3684265544892962, "d1": -2.4892432267753293, "d2": -2.881278705230312, "d3": 0.30641237239736796, "d4": -2.982858280981461, "p1": 16.21532947803262, "p2": 33.67678780734782, "p3": 23.504509465026725, "p4": 4.303641690132415, "pol1": 0.3915741440551861, "pol2": 0.24694174301551763, "pol3": 0.25471215792388135, "pol4": 0.9267118221238664, "v0s": 4.744542833277343}, "datetime": {"datetime": "2022-06-21 17:07:17", "elapsed": 1545.44289, "delta": 11.384557}}
{"target": -1.0, "params": {"Bgrad": 1.5396163822901763, "d1": -0.6865028100741242, "d2": 0.06767420087145082, "d3": 0.9021541082640709, "d4": -0.7482572319915901, "p1": 19.500924091185688, "p2": 16.21320376273988, "p3": 8.358518422019495, "p4": 39.608422294290044, "pol1": 0.25638533875775726, "pol2": -8.222486062381407e-05, "pol3": 0.2105044450832525, "pol4": 0.24429773538554045, "v0s": 7.052136664734547}, "datetime": {"datetime": "2022-06-21 17:07:27", "elapsed": 1555.443149, "delta": 10.000259}}
{"target": -1.0, "params": {"Bgrad": 1.5396163822901763, "d1": -0.6865028100741242, "d2": 0.06767420087145082, "d3": 0.9021541082640709, "d4": -0.7482572319915901, "p1": 19.500924091185688, "p2": 16.21320376273988, "p3": 8.358518422019495, "p4": 39.608422294290044, "pol1": 0.25638533875775726, "pol2": -8.222486062381407e-05, "pol3": 0.2105044450832525, "pol4": 0.24429773538554045, "v0s": 7.052136664734547}, "datetime": {"datetime": "2022-06-21 17:07:27", "elapsed": 1555.444147, "delta": 10.001257}}
{"target": -1.0, "params": {"Bgrad": 1.0112545970713411, "d1": 0.46874213530034714, "d2": -1.307201285599176, "d3": -0.14986211097989122, "d4": -2.4814020448559684, "p1": 12.57192344136724, "p2": 38.11564644434476, "p3": 16.434851615765584, "p4": 1.9768426064113942, "pol1": -0.0900774455947313, "pol2": -0.4019152506658328, "pol3": 0.14537238376088002, "pol4": -0.09882469084528633, "v0s": 2.5733064665019754}, "datetime": {"datetime": "2022-06-21 17:07:38", "elapsed": 1566.76288, "delta": 11.319731}}
{"target": -1.0, "params": {"Bgrad": 1.0112545970713411, "d1": 0.46874213530034714, "d2": -1.307201285599176, "d3": -0.14986211097989122, "d4": -2.4814020448559684, "p1": 12.57192344136724, "p2": 38.11564644434476, "p3": 16.434851615765584, "p4": 1.9768426064113942, "pol1": -0.0900774455947313, "pol2": -0.4019152506658328, "pol3": 0.14537238376088002, "pol4": -0.09882469084528633, "v0s": 2.5733064665019754}, "datetime": {"datetime": "2022-06-21 17:07:38", "elapsed": 1566.76288, "delta": 11.318733}}
