{"target": -1.0, "params": {"I": 18.006962137562166, "d1": -1.528633222283427, "d2": 0.03890914043519311, "d3": -2.516430756278629, "d4": 0.194898728637678, "p1": 28.723848016007704, "p2": 0.8280107461047015, "p3": 7.075682394039956, "p4": 22.70610473809581, "pol1": 0.05152635777772474, "pol2": -0.4058483971902236, "pol3": 0.10614390278948171, "pol4": 0.004033874381425662, "v0s": 4.926606613116263}, "datetime": {"datetime": "2022-02-05 09:24:36", "elapsed": 138474.463798, "delta": 360.157447}}
{"target": -1.0, "params": {"I": 4.398108792878032, "d1": -2.5776632650426032, "d2": 0.913271519124498, "d3": 0.979796624871371, "d4": -0.1833942837458764, "p1": 36.270876170276935, "p2": 21.069122895132015, "p3": 6.439939512724896, "p4": 27.697947252248152, "pol1": 0.05999548237493202, "pol2": -0.7055109567335225, "pol3": 0.9983836389064924, "pol4": 0.33159927655765475, "v0s": 4.917682565377144}, "datetime": {"datetime": "2022-02-05 09:29:39", "elapsed": 138777.577902, "delta": 303.114104}}
{"target": -1.0, "params": {"I": 4.697525438134379, "d1": 0.2788692255202414, "d2": -1.00405217815717, "d3": -2.359175098490475, "d4": -0.8443470900374184, "p1": 30.626037021519142, "p2": 41.92981450747133, "p3": 6.7031115482902965, "p4": 10.72384216232063, "pol1": 0.7943533614052165, "pol2": -0.18807528947561325, "pol3": -0.2264548478145707, "pol4": 0.32010172247451396, "v0s": 5.335627887154585}, "datetime": {"datetime": "2022-02-05 09:33:53", "elapsed": 139032.438958, "delta": 254.861056}}
{"target": 3.5349895245970533, "params": {"I": 1.7447922559349835, "d1": -1.7869559859499557, "d2": 0.5905349424198003, "d3": -2.8882966957984033, "d4": -0.42825077048815485, "p1": 29.39804294300728, "p2": 26.02818817286041, "p3": 34.51393133234817, "p4": 45.470017276012946, "pol1": 0.35263206554413684, "pol2": 0.09192152770174422, "pol3": -0.25400041333889334, "pol4": -0.4869061016655698, "v0s": 3.5349895245970533}, "datetime": {"datetime": "2022-02-05 09:41:32", "elapsed": 139490.716662, "delta": 458.277704}}
{"target": -1.0, "params": {"I": 12.321735775647507, "d1": 0.8035680653001775, "d2": -2.167997124698775, "d3": -0.585283758002511, "d4": -0.3998487403546154, "p1": 14.055392541019069, "p2": 27.85547973576425, "p3": 33.68200574435102, "p4": 8.214840561328202, "pol1": -0.39070353581198636, "pol2": -0.3468344357818667, "pol3": 0.673121381283349, "pol4": -0.91815089445009, "v0s": 5.192612536080319}, "datetime": {"datetime": "2022-02-05 09:48:07", "elapsed": 139886.069665, "delta": 395.353003}}
{"target": -1.0, "params": {"I": 8.879756349959658, "d1": -0.3886078473988883, "d2": -2.3280575317689047, "d3": 0.8463980285740988, "d4": 0.6326307511308515, "p1": 13.949669892356697, "p2": 49.90924882460676, "p3": 21.413356295938748, "p4": 32.599480489359344, "pol1": -0.32243983314268476, "pol2": -0.4470198855702687, "pol3": -0.15490964615173985, "pol4": 0.872683157205353, "v0s": 4.326313109143835}, "datetime": {"datetime": "2022-02-05 09:53:25", "elapsed": 140203.752095, "delta": 317.68243}}
{"target": -1.0, "params": {"I": 10.126889568669089, "d1": -1.9693355268137411, "d2": -1.183495845377473, "d3": -0.6345162984190993, "d4": -0.8809807197716606, "p1": 29.755994614627024, "p2": 10.996556429791571, "p3": 42.22138193221992, "p4": 23.238788912304077, "pol1": -0.4597025880103134, "pol2": -0.2189202520338691, "pol3": -0.7115691781536797, "pol4": 0.37904850457640027, "v0s": 7.506161613774776}, "datetime": {"datetime": "2022-02-05 09:58:52", "elapsed": 140530.839072, "delta": 327.086977}}
{"target": -1.0, "params": {"I": 1.8622843615139106, "d1": -0.5358575339065741, "d2": -0.9405664666525051, "d3": -2.87027930266645, "d4": -0.7459354416774415, "p1": 38.185188200588065, "p2": 27.341316184346514, "p3": 19.89592626617755, "p4": 33.99573853363244, "pol1": 0.7057104617466767, "pol2": 0.42077792093501465, "pol3": -0.42072253902889356, "pol4": 0.12967501996492503, "v0s": 4.640114432840326}, "datetime": {"datetime": "2022-02-05 10:01:57", "elapsed": 140715.815484, "delta": 184.976412}}
{"target": -1.0, "params": {"I": 19.72721401389796, "d1": -2.490113699169926, "d2": -2.839726840621147, "d3": -0.4967811266237119, "d4": -1.0901495371043297, "p1": 8.424388315888425, "p2": 33.96500969710556, "p3": 1.1431212135847468, "p4": 26.491665589351136, "pol1": -0.8671586126959219, "pol2": -0.7542754117681791, "pol3": 0.20276911586095325, "pol4": -0.7165534885492959, "v0s": 4.3540266172033055}, "datetime": {"datetime": "2022-02-05 10:08:07", "elapsed": 141085.759006, "delta": 369.943522}}
{"target": -1.0, "params": {"I": 18.94613441467941, "d1": -2.9105695435099093, "d2": -0.4408442383482116, "d3": -0.5870101024514258, "d4": -2.9861510790511088, "p1": 18.40660046428782, "p2": 19.421397719067112, "p3": 20.6643693940127, "p4": 46.26203151167386, "pol1": 0.3484771416257555, "pol2": -0.9033743202015887, "pol3": 0.35557973293386325, "pol4": 0.38396806624557067, "v0s": 4.1259780886711575}, "datetime": {"datetime": "2022-02-05 10:23:14", "elapsed": 141993.317083, "delta": 907.558077}}
{"target": -1.0, "params": {"I": 3.7320462550744655, "d1": 0.4110962673039298, "d2": -0.8223156098255084, "d3": -2.1034608110243713, "d4": -0.7645162615435255, "p1": 36.84944334138279, "p2": 20.392245916001073, "p3": 45.57757145792819, "p4": 36.28750619629264, "pol1": -0.7871446832413003, "pol2": -0.14105835301837666, "pol3": 0.4334076260504387, "pol4": 0.2729736070446056, "v0s": 3.6678835496288107}, "datetime": {"datetime": "2022-02-05 10:27:08", "elapsed": 142226.555273, "delta": 233.23819}}
{"target": -1.0, "params": {"I": 1.9721026929915624, "d1": -1.6207736231606993, "d2": -0.17242686012534447, "d3": 0.3531352262119509, "d4": -1.7119145691924769, "p1": 49.360914218694845, "p2": 32.99942079142811, "p3": 17.760927641477565, "p4": 38.80828783333959, "pol1": 0.19525914373169684, "pol2": 0.28262231878705313, "pol3": -0.532706664888619, "pol4": -0.8138053106195442, "v0s": 3.426423447620609}, "datetime": {"datetime": "2022-02-05 10:29:33", "elapsed": 142372.091531, "delta": 145.536258}}
{"target": -1.0, "params": {"I": 9.575172554898685, "d1": 0.2715236649789783, "d2": 0.8250714126703431, "d3": -0.593265890063345, "d4": -1.620026967303688, "p1": 2.949527051376216, "p2": 16.373450191007144, "p3": 5.273736640777404, "p4": 12.098251954317474, "pol1": 0.4116478095852565, "pol2": 0.5155852851534306, "pol3": -0.9929602098395529, "pol4": -0.42196268167616235, "v0s": 6.302581787852919}, "datetime": {"datetime": "2022-02-05 10:35:31", "elapsed": 142729.513575, "delta": 357.422044}}
{"target": -1.0, "params": {"I": 10.77737279346633, "d1": -1.3655171093855332, "d2": -2.730163637378868, "d3": -1.487502363379726, "d4": -1.024578754543279, "p1": 48.125521674990104, "p2": 39.46677432123128, "p3": 22.224601631160667, "p4": 23.830354961818106, "pol1": 0.5040554756433244, "pol2": 0.36927019545429673, "pol3": -0.24030434213623253, "pol4": -0.7983945341218017, "v0s": 5.467595912481711}, "datetime": {"datetime": "2022-02-05 10:42:01", "elapsed": 143120.249821, "delta": 390.736246}}
{"target": -1.0, "params": {"I": 2.8900993277319897, "d1": -2.0630783279251665, "d2": -2.945284801477757, "d3": -2.9627692609800182, "d4": -1.2544526934179694, "p1": 2.961011187346813, "p2": 33.31610396999734, "p3": 6.047188205003129, "p4": 17.36360545195317, "pol1": -0.7631955050474977, "pol2": 0.25042982520036516, "pol3": -0.8948762008566009, "pol4": 0.2744746672498273, "v0s": 3.3722203623972513}, "datetime": {"datetime": "2022-02-05 10:47:42", "elapsed": 143461.127117, "delta": 340.877296}}
{"target": -1.0, "params": {"I": 17.82707943436747, "d1": -0.41916923920356286, "d2": -0.9408223942055436, "d3": -2.2859945703426097, "d4": -2.587214477233727, "p1": 30.284651319738753, "p2": 27.721051344478205, "p3": 0.049138414125571295, "p4": 33.658685815327175, "pol1": 0.6565773772952386, "pol2": 0.023219183114300934, "pol3": 0.46924222230832346, "pol4": -0.8000633611104944, "v0s": 6.802577313099203}, "datetime": {"datetime": "2022-02-05 10:53:57", "elapsed": 143835.585099, "delta": 374.457982}}
{"target": -1.0, "params": {"I": 12.74388570531813, "d1": -1.7211054332985158, "d2": -0.8847677967690175, "d3": -1.5589569526841562, "d4": -1.8714225336620043, "p1": 26.019121648537464, "p2": 41.8165987579313, "p3": 21.293741827571726, "p4": 32.099072098973785, "pol1": -0.6473004764764334, "pol2": 0.3412974496365433, "pol3": -0.20150771528807931, "pol4": -0.7398780339946056, "v0s": 7.196696131137226}, "datetime": {"datetime": "2022-02-05 11:00:02", "elapsed": 144200.884638, "delta": 365.299539}}
{"target": 3.3599809747816822, "params": {"I": 19.264624961472677, "d1": -0.9966093160900318, "d2": -2.4318450173149198, "d3": -2.191992228901094, "d4": -0.04001938533236382, "p1": 3.893411710947614, "p2": 36.07502939137698, "p3": 28.827582876844648, "p4": 45.004103804669384, "pol1": -0.8133739425794104, "pol2": 0.653711659815372, "pol3": -0.7049356348169489, "pol4": -0.6016621027518163, "v0s": 3.3599809747816822}, "datetime": {"datetime": "2022-02-05 11:15:25", "elapsed": 145123.487604, "delta": 922.602966}}
{"target": -1.0, "params": {"I": 8.254790861491628, "d1": -0.04670586821219702, "d2": -0.10147136260287493, "d3": -2.351060897969327, "d4": -0.13545923016942485, "p1": 5.203107765650506, "p2": 16.56878306916588, "p3": 21.361052457803538, "p4": 28.664362000868714, "pol1": -0.3624759192726077, "pol2": 0.44222850536924896, "pol3": 0.8904682278856437, "pol4": 0.3968497327516396, "v0s": 6.636665825800343}, "datetime": {"datetime": "2022-02-05 11:21:52", "elapsed": 145510.631652, "delta": 387.144048}}
{"target": -1.0, "params": {"I": 16.999091389040665, "d1": -0.7090481885197657, "d2": -0.6592963994511258, "d3": -2.340075368451521, "d4": -2.091953992664034, "p1": 3.259591691692493, "p2": 21.07547626207287, "p3": 48.64176050648014, "p4": 26.37604362636528, "pol1": 0.622923859385909, "pol2": 0.17425253951517328, "pol3": -0.6705319057536077, "pol4": -0.14629083135967158, "v0s": 4.0519098621416765}, "datetime": {"datetime": "2022-02-05 11:27:29", "elapsed": 145847.889985, "delta": 337.258333}}
{"target": -1.0, "params": {"I": 1.063660736946059, "d1": -2.838727295165981, "d2": 0.7498499207952074, "d3": -2.1466886375190484, "d4": -0.33986461860453776, "p1": 15.834236430809213, "p2": 38.44855615248177, "p3": 2.0593343444044123, "p4": 31.384190400825123, "pol1": -0.33634280526812366, "pol2": -0.897363798294345, "pol3": 0.43742216540787116, "pol4": 0.27794606859805926, "v0s": 4.455448099432696}, "datetime": {"datetime": "2022-02-05 11:29:10", "elapsed": 145949.242353, "delta": 101.352368}}
{"target": -1.0, "params": {"I": 17.78688867068153, "d1": -1.107595427450407, "d2": -2.7187340538153344, "d3": -1.4437602543080499, "d4": -2.5465226811955803, "p1": 47.10120440652542, "p2": 3.6482745983727636, "p3": 2.1214081687722097, "p4": 26.888253649534395, "pol1": 0.9089005640858079, "pol2": -0.7122080435739588, "pol3": -0.4902903797705014, "pol4": -0.3282312720455214, "v0s": 3.671730577752878}, "datetime": {"datetime": "2022-02-05 11:38:19", "elapsed": 146498.011218, "delta": 548.768865}}
{"target": -1.0, "params": {"I": 19.75062614140075, "d1": -1.6071826959413213, "d2": -0.8570224107513105, "d3": 0.7444694418666145, "d4": 0.8828780392170534, "p1": 27.874081637222126, "p2": 25.350925205916695, "p3": 10.385595062331177, "p4": 21.172522586979436, "pol1": -0.21022425984708182, "pol2": 0.939413335271887, "pol3": -0.9492778822032286, "pol4": -0.8173364216188619, "v0s": 7.404164782231489}, "datetime": {"datetime": "2022-02-05 11:48:31", "elapsed": 147110.453706, "delta": 612.442488}}
{"target": -1.0, "params": {"I": 5.506726953437514, "d1": 0.6967454808673912, "d2": -0.6727536022574903, "d3": -2.24220728801837, "d4": -0.5275231719008939, "p1": 16.210796135797928, "p2": 29.432954245252457, "p3": 19.426409072167278, "p4": 16.83179828351957, "pol1": 0.2105901597883415, "pol2": 0.19718954802072686, "pol3": -0.32713962391891793, "pol4": 0.9773409416569907, "v0s": 5.072436235585886}, "datetime": {"datetime": "2022-02-05 11:53:22", "elapsed": 147401.379401, "delta": 290.925695}}
{"target": -1.0, "params": {"I": 9.350732036192225, "d1": -1.107475851850383, "d2": -1.227173858284861, "d3": -0.632008045338095, "d4": -0.16138025998243322, "p1": 9.969801152994984, "p2": 43.97545619972574, "p3": 36.90697894139067, "p4": 46.60910849789495, "pol1": -0.08711225443655568, "pol2": 0.08254494840763282, "pol3": 0.9190126077504579, "pol4": 0.5366855170820446, "v0s": 6.919867278481543}, "datetime": {"datetime": "2022-02-05 11:57:49", "elapsed": 147668.443636, "delta": 267.064235}}
{"target": -1.0, "params": {"I": 16.18567639771419, "d1": -2.1521127961007136, "d2": -2.9179364529553196, "d3": -0.9953307437584988, "d4": -1.7582527028882509, "p1": 41.06108696049709, "p2": 12.361351445147506, "p3": 16.550736147734963, "p4": 18.792035926997436, "pol1": -0.3207349032872353, "pol2": 0.6030001196558508, "pol3": 0.4503725982266569, "pol4": 0.04990847896814676, "v0s": 3.6038440961941753}, "datetime": {"datetime": "2022-02-05 12:06:24", "elapsed": 148182.671267, "delta": 514.227631}}
{"target": -1.0, "params": {"I": 5.637501632761842, "d1": -1.2690177068697852, "d2": -2.3638758321448123, "d3": -0.6243892814099103, "d4": 0.0031857940297861376, "p1": 15.58344258585117, "p2": 8.974363817221576, "p3": 42.228001132431, "p4": 4.853403224215564, "pol1": 0.2631194263015679, "pol2": 0.9354780186550227, "pol3": -0.8345911389901153, "pol4": -0.8590790891884483, "v0s": 6.878808960542843}, "datetime": {"datetime": "2022-02-05 12:17:08", "elapsed": 148826.700489, "delta": 644.029222}}
{"target": -1.0, "params": {"I": 6.823718509409241, "d1": 0.6137121688140583, "d2": -2.4573039283277773, "d3": -2.5956407353044644, "d4": -1.0360051137912931, "p1": 8.343952135218425, "p2": 36.05024224734276, "p3": 15.008822490165773, "p4": 41.62283538081304, "pol1": -0.07842536148876933, "pol2": -0.6483723470008231, "pol3": 0.32008475731847263, "pol4": 0.7963856689351583, "v0s": 2.999902718504001}, "datetime": {"datetime": "2022-02-05 12:22:50", "elapsed": 149169.112139, "delta": 342.41165}}
{"target": -1.0, "params": {"I": 6.604785361396798, "d1": -0.8667710549403114, "d2": -0.31661694587457223, "d3": -2.4145891573103855, "d4": -1.0035252832669057, "p1": 15.358997312675504, "p2": 8.290443759712806, "p3": 39.89430708109344, "p4": 14.45225612935716, "pol1": -0.1532048736374656, "pol2": -0.2508520476270779, "pol3": 0.9620744612163541, "pol4": 0.289548009492403, "v0s": 7.314843999020288}, "datetime": {"datetime": "2022-02-05 12:29:20", "elapsed": 149558.636262, "delta": 389.524123}}
{"target": -1.0, "params": {"I": 15.360634791572643, "d1": 0.5382610302684934, "d2": -0.1239044703107961, "d3": -1.2649352060645849, "d4": -0.46024410342710764, "p1": 8.54277027775261, "p2": 46.91768597641431, "p3": 25.806038566209967, "p4": 7.905140319738601, "pol1": 0.35437611561591864, "pol2": 0.7572422070969176, "pol3": 0.12451902321460362, "pol4": 0.28591460197953844, "v0s": 5.849933648120652}, "datetime": {"datetime": "2022-02-05 12:34:33", "elapsed": 149871.846011, "delta": 313.209749}}
{"target": -1.0, "params": {"I": 4.476411785798046, "d1": -2.431967520771469, "d2": -2.3026773016479734, "d3": -1.7163746227649659, "d4": -1.849937536325505, "p1": 15.697298762318512, "p2": 28.52200914896243, "p3": 7.936439315252642, "p4": 41.94149656038943, "pol1": -0.14605790016883669, "pol2": -0.9067674403525094, "pol3": -0.012855567638506926, "pol4": 0.3388605056304559, "v0s": 6.795901881987172}, "datetime": {"datetime": "2022-02-05 12:38:53", "elapsed": 150131.499465, "delta": 259.653454}}
{"target": -1.0, "params": {"I": 1.5891571511420235, "d1": -1.30364801472453, "d2": -1.9363442515955698, "d3": 0.7837066302610292, "d4": -1.98028294474855, "p1": 40.899162025335855, "p2": 24.789878426784647, "p3": 21.22689484053364, "p4": 12.990231185221097, "pol1": 0.031411418433423766, "pol2": -0.5093838068852532, "pol3": 0.7660689314838574, "pol4": -0.440479817114956, "v0s": 6.207296785217579}, "datetime": {"datetime": "2022-02-05 12:40:42", "elapsed": 150241.321944, "delta": 109.822479}}
{"target": -1.0, "params": {"I": 16.54118002121362, "d1": -2.4788316067921814, "d2": -2.763407726680881, "d3": -0.35990813264070276, "d4": 0.850919486317991, "p1": 38.79408419274852, "p2": 31.775784878048835, "p3": 9.7263669775584, "p4": 13.596563028366631, "pol1": 0.5698646310873308, "pol2": 0.26830830575871234, "pol3": -0.06504859375107341, "pol4": 0.6894038859734237, "v0s": 6.113108810668883}, "datetime": {"datetime": "2022-02-05 12:49:34", "elapsed": 150772.77235, "delta": 531.450406}}
{"target": -1.0, "params": {"I": 1.2340201117621117, "d1": -1.2631735789461898, "d2": 0.11691235679103906, "d3": -1.9759880207323688, "d4": -0.047173565500755466, "p1": 7.03226157890896, "p2": 15.547659316494133, "p3": 34.2674756502646, "p4": 1.568966102939523, "pol1": -0.24528737902189746, "pol2": -0.6562715390375313, "pol3": 0.6031076881920949, "pol4": -0.2549850620819716, "v0s": 4.6688201871993185}, "datetime": {"datetime": "2022-02-05 12:51:32", "elapsed": 150890.756136, "delta": 117.983786}}
{"target": -1.0, "params": {"I": 15.465113132381248, "d1": -1.394975445259968, "d2": 0.5179529362204631, "d3": -0.5158749063714789, "d4": -2.5675474745802154, "p1": 16.77406358649164, "p2": 41.17773909050989, "p3": 35.265041499657976, "p4": 13.122728444799947, "pol1": -0.7015064310320638, "pol2": -0.09095448360109404, "pol3": 0.9088444059490537, "pol4": 0.9531834562980392, "v0s": 7.884335982537975}, "datetime": {"datetime": "2022-02-05 12:58:36", "elapsed": 151315.072725, "delta": 424.316589}}
{"target": -1.0, "params": {"I": 17.049261455697785, "d1": -0.846370565459841, "d2": 0.42268189811903945, "d3": -1.5959997970306246, "d4": 0.03567226529181333, "p1": 26.446176306508818, "p2": 47.036199813708066, "p3": 38.29673717711957, "p4": 0.6696659359530621, "pol1": -0.5051235554010529, "pol2": -0.8674560438169301, "pol3": 0.7446045190120045, "pol4": -0.4330161912386712, "v0s": 3.2806306605950013}, "datetime": {"datetime": "2022-02-05 13:04:49", "elapsed": 151688.324055, "delta": 373.25133}}
{"target": -1.0, "params": {"I": 17.783898802582875, "d1": -0.7980002667752033, "d2": 0.2983911994362485, "d3": -0.16435116169687713, "d4": 0.17493483836581447, "p1": 46.94876983083867, "p2": 28.165194124813492, "p3": 7.479921213859731, "p4": 30.36990833738483, "pol1": 0.44035635688030395, "pol2": -0.6976525404950531, "pol3": 0.4739255715837183, "pol4": 0.22688161233065096, "v0s": 4.253225897896972}, "datetime": {"datetime": "2022-02-05 13:10:27", "elapsed": 152026.308003, "delta": 337.983948}}
{"target": -1.0, "params": {"I": 13.647371625149479, "d1": -0.4354800995319734, "d2": -2.9508363805801463, "d3": 0.48392928794442724, "d4": -1.5686025556167005, "p1": 44.836820896970906, "p2": 12.312142986614749, "p3": 14.922126003828357, "p4": 5.236874758376114, "pol1": -0.31903481327353767, "pol2": -0.8264200490651825, "pol3": 0.4621144937910018, "pol4": -0.8526256639760152, "v0s": 2.417823661403472}, "datetime": {"datetime": "2022-02-05 13:17:09", "elapsed": 152427.928934, "delta": 401.620931}}
{"target": -1.0, "params": {"I": 18.001693495589926, "d1": -1.7881944779569325, "d2": -2.740022648139571, "d3": -0.8305474655630478, "d4": -2.2941514038066217, "p1": 28.807208368946764, "p2": 22.466913104562835, "p3": 10.780600131563062, "p4": 34.30060991515113, "pol1": 0.2958662935197196, "pol2": 0.32062598359737526, "pol3": -0.9332628861377239, "pol4": -0.32356314396352115, "v0s": 2.1981434607262846}, "datetime": {"datetime": "2022-02-05 13:20:53", "elapsed": 152651.772202, "delta": 223.843268}}
{"target": -1.0, "params": {"I": 15.842731182304119, "d1": -2.6442665723134553, "d2": -1.3076472259917251, "d3": -1.6524744797066595, "d4": -2.609603533560784, "p1": 18.832934656803197, "p2": 9.675667060622395, "p3": 23.94904380983248, "p4": 18.871953409262154, "pol1": 0.7980062135576413, "pol2": 0.45825449142379204, "pol3": 0.40314629131020774, "pol4": -0.36712435128619036, "v0s": 7.880274510535402}, "datetime": {"datetime": "2022-02-05 13:26:03", "elapsed": 152962.364563, "delta": 310.592361}}
{"target": -1.0, "params": {"I": 6.062501247817191, "d1": -2.381749388541608, "d2": 0.19920672043545018, "d3": -1.4219157269769287, "d4": 0.8958940107802418, "p1": 37.26535202603546, "p2": 45.09212101250187, "p3": 31.973571429783643, "p4": 38.72866537274104, "pol1": -0.08569226991901613, "pol2": 0.9364338804094781, "pol3": 0.7476990623463751, "pol4": -0.8787246052818221, "v0s": 5.501641457423934}, "datetime": {"datetime": "2022-02-05 13:30:51", "elapsed": 153249.807219, "delta": 287.442656}}
