{"target": 4.412704930896042, "params": {"Bgrad": 1.9345967483966062, "d1": -1.0520357561338998, "d2": 0.2360576224679323, "d3": -2.7588710469783306, "d4": -2.438542586943687, "p1": 29.537052854013876, "p2": 10.2970980862542, "p3": 37.40924479710214, "p4": 29.585411790776444, "pol1": 0.7202078738147075, "pol2": 0.5098731715388835, "pol3": -0.6094259616513874, "pol4": 0.1408489322234592, "v0s": 4.412704930896042}, "datetime": {"datetime": "2022-05-16 21:01:42", "elapsed": 4718.108449, "delta": 5.123297}}
{"target": 4.3760512478665685, "params": {"Bgrad": 0.5574334967957549, "d1": -1.3044223711631031, "d2": 0.7328212933488333, "d3": -2.7988312398495307, "d4": -2.105219615643171, "p1": 46.25158030483759, "p2": 18.438869685133174, "p3": 25.23942870216349, "p4": 11.396520197567652, "pol1": 0.24898761495120056, "pol2": -0.3976687784299989, "pol3": 0.7024055142262211, "pol4": 1.0, "v0s": 4.3760512478665685}, "datetime": {"datetime": "2022-05-16 21:01:48", "elapsed": 4724.168241, "delta": 6.059792}}
{"target": -1.0, "params": {"Bgrad": 1.261093704241419, "d1": -0.9721097105463405, "d2": -0.530806458823371, "d3": -1.1061673834497157, "d4": -1.4412830929881908, "p1": 32.92395800138637, "p2": 7.387589115816834, "p3": 7.911581090912367, "p4": 26.685574065882978, "pol1": 0.07994426781915309, "pol2": -0.5787558766463159, "pol3": -0.8746895871021221, "pol4": 0.990742484054735, "v0s": 3.9910533956741565}, "datetime": {"datetime": "2022-05-16 21:02:00", "elapsed": 4735.408179, "delta": 11.239938}}
{"target": -1.0, "params": {"Bgrad": 1.189479674206274, "d1": -1.9926152043758103, "d2": 0.1666824761287029, "d3": -0.08095351106285342, "d4": -2.708252909115157, "p1": 41.85958043499807, "p2": 20.37936383003178, "p3": 17.67329533104411, "p4": 16.933419999832616, "pol1": 0.10808888079430656, "pol2": 0.23824108018858103, "pol3": 0.16050568687646583, "pol4": 0.13970185768406718, "v0s": 3.3430940239786286}, "datetime": {"datetime": "2022-05-16 21:02:14", "elapsed": 4749.478546, "delta": 14.070367}}
{"target": -1.0, "params": {"Bgrad": 1.1518585149647846, "d1": 0.17275601405870322, "d2": -0.019857096519591888, "d3": -0.03370323721313895, "d4": -0.28265149425614267, "p1": 17.87287367486425, "p2": 7.738348775920239, "p3": 8.055140807472089, "p4": 36.59790350394916, "pol1": 0.4184153603628764, "pol2": 0.6881099146611109, "pol3": -0.42536337717712347, "pol4": -0.14342823026537377, "v0s": 3.6012003134076247}, "datetime": {"datetime": "2022-05-16 21:02:24", "elapsed": 4759.696218, "delta": 10.217672}}
{"target": -1.0, "params": {"Bgrad": 1.6088160302392351, "d1": -0.8428637162267338, "d2": -0.18416092905029816, "d3": -0.8746032041602455, "d4": -1.2360590538536544, "p1": 46.47571082071006, "p2": 43.42186036371097, "p3": 8.227220982753531, "p4": 11.642082022532263, "pol1": -0.4751455720977671, "pol2": 0.36531339996436424, "pol3": -0.29479768099664105, "pol4": 0.12913569821976195, "v0s": 3.6357942114423696}, "datetime": {"datetime": "2022-05-16 21:02:36", "elapsed": 4771.5924, "delta": 11.896182}}
{"target": 3.769580937293396, "params": {"Bgrad": 1.3888454004034878, "d1": -2.4001674944938003, "d2": 0.20923470976789327, "d3": -1.4167465529198022, "d4": -2.743578402017161, "p1": 41.215256664036986, "p2": 23.120179229490383, "p3": 16.87449706851683, "p4": 15.123903626173057, "pol1": 0.02004197807885788, "pol2": -0.642638470601639, "pol3": 0.848685487967052, "pol4": -0.27380988301563236, "v0s": 3.769580937293396}, "datetime": {"datetime": "2022-05-16 21:02:41", "elapsed": 4776.464369, "delta": 4.871969}}
{"target": 3.9796662069080324, "params": {"Bgrad": 1.892803144433175, "d1": -2.6452242072533183, "d2": -0.35427227644383663, "d3": -1.760512988792354, "d4": -0.28310861698340695, "p1": 27.288326403789647, "p2": 27.671369495276686, "p3": 5.0671327132141455, "p4": 43.662263352878135, "pol1": 0.8553189506030654, "pol2": 0.22213952681567095, "pol3": 0.489927981301558, "pol4": -0.06556036522716147, "v0s": 3.9796662069080324}, "datetime": {"datetime": "2022-05-16 21:02:47", "elapsed": 4782.664786, "delta": 6.200417}}
{"target": 3.8226644124119926, "params": {"Bgrad": 1.5327606086483143, "d1": -2.7600150376332215, "d2": 0.16110967285376834, "d3": -2.083189030222804, "d4": -1.2142552619269162, "p1": 28.01416282966398, "p2": 26.33495624297118, "p3": 4.65390798763426, "p4": 42.91902449244452, "pol1": 1.0, "pol2": 0.5832541553317897, "pol3": 0.23639242995328383, "pol4": 0.000719463198106267, "v0s": 3.8226644124119926}, "datetime": {"datetime": "2022-05-16 21:02:54", "elapsed": 4789.750833, "delta": 7.086047}}
{"target": -1.0, "params": {"Bgrad": 1.0930367141864887, "d1": -0.21064891195403446, "d2": -1.3680317804866666, "d3": -2.3905903144866345, "d4": -2.779212118229007, "p1": 29.910869984696376, "p2": 10.594948261629494, "p3": 34.94080648947994, "p4": 29.199014628784862, "pol1": -0.17171666346433012, "pol2": 0.05409640352728262, "pol3": -0.16986236402183041, "pol4": 0.6882483489960873, "v0s": 6.525171751553486}, "datetime": {"datetime": "2022-05-16 21:03:05", "elapsed": 4800.337517, "delta": 10.586684}}
{"target": -1.0, "params": {"Bgrad": 1.3770302023620493, "d1": -1.2226222633196402, "d2": 0.7871039983403163, "d3": -2.704727620316579, "d4": -1.497901697192717, "p1": 6.1908922897811305, "p2": 33.78494932337278, "p3": 33.437105127900594, "p4": 33.08600421926619, "pol1": -0.15083902397500126, "pol2": -0.636495571518606, "pol3": 0.32124747777623286, "pol4": 0.7154387180563249, "v0s": 2.4827615582893454}, "datetime": {"datetime": "2022-05-16 21:03:15", "elapsed": 4810.39063, "delta": 10.053113}}
{"target": -1.0, "params": {"Bgrad": 0.9711904086042373, "d1": -2.2420189442152707, "d2": -0.3659849675552742, "d3": -2.774869546350566, "d4": -1.7945962051537014, "p1": 4.153674735090352, "p2": 23.374830945993686, "p3": 0.096165860372327, "p4": 32.48688421885796, "pol1": 0.18435554980151858, "pol2": -0.1152000257071959, "pol3": 0.9779871170818284, "pol4": -0.7530510113842099, "v0s": 5.189053030643551}, "datetime": {"datetime": "2022-05-16 21:03:27", "elapsed": 4822.848309, "delta": 12.457679}}
{"target": 2.960561311259964, "params": {"Bgrad": 0.7923725272875162, "d1": -0.6421724625042828, "d2": -0.4977204992655393, "d3": -1.4955026464469419, "d4": -2.9102080883414088, "p1": 22.06613295467036, "p2": 4.040014548897269, "p3": 45.56464339378568, "p4": 38.663083561946614, "pol1": 0.5709113943785216, "pol2": -0.07510730284419953, "pol3": -0.4142933317051001, "pol4": 0.8505290189426058, "v0s": 2.960561311259964}, "datetime": {"datetime": "2022-05-16 21:03:32", "elapsed": 4827.534775, "delta": 4.686466}}
{"target": 2.036585244421187, "params": {"Bgrad": 0.9411249842322648, "d1": -1.8868930167024764, "d2": -1.9204714727915362, "d3": -1.2839927676556546, "d4": -1.3268635042344181, "p1": 36.33431080115197, "p2": 35.23450911163578, "p3": 18.147804512769632, "p4": 21.674466816225703, "pol1": 0.193366371845491, "pol2": -0.02981776299644978, "pol3": -0.20063118003420177, "pol4": -0.5348377597436389, "v0s": 2.036585244421187}, "datetime": {"datetime": "2022-05-16 21:03:39", "elapsed": 4834.548017, "delta": 7.013242}}
{"target": -1.0, "params": {"Bgrad": 0.5, "d1": 0.7604782176596148, "d2": -0.4988709783514268, "d3": -1.195795814337171, "d4": -0.8072822719142114, "p1": 16.71006798207023, "p2": 5.825070897730594, "p3": 6.112562962896617, "p4": 36.2006338684128, "pol1": 1.0, "pol2": -1.0, "pol3": -0.29531079570939167, "pol4": 0.7536070272473836, "v0s": 3.8295265267508616}, "datetime": {"datetime": "2022-05-16 21:03:45", "elapsed": 4840.32357, "delta": 5.775553}}
{"target": 3.0149712915756064, "params": {"Bgrad": 1.7457705911372876, "d1": -0.3581616773955143, "d2": 0.8796826710233003, "d3": -0.3737620821987808, "d4": -1.4431509737637112, "p1": 1.3734732153115436, "p2": 32.10426548156098, "p3": 17.62839160115512, "p4": 9.843504995639496, "pol1": 0.48628316658776405, "pol2": 0.02187722088435362, "pol3": -0.35117228990880944, "pol4": 0.9523886250781752, "v0s": 3.0149712915756064}, "datetime": {"datetime": "2022-05-16 21:03:50", "elapsed": 4845.63237, "delta": 5.3088}}
{"target": -1.0, "params": {"Bgrad": 1.7260315199968304, "d1": -0.9795264082384194, "d2": -0.09902409886468089, "d3": -1.608145067124911, "d4": -2.699500280854075, "p1": 7.370955223166903, "p2": 35.86987063516098, "p3": 33.29161229656016, "p4": 35.71210801843606, "pol1": -0.12263088408342782, "pol2": 0.10707859846435275, "pol3": 0.6448229506124579, "pol4": -0.4020030954155043, "v0s": 6.744748120809269}, "datetime": {"datetime": "2022-05-16 21:04:01", "elapsed": 4856.28089, "delta": 10.64852}}
{"target": 4.935830272878061, "params": {"Bgrad": 2.0, "d1": -1.8079018980406316, "d2": 0.22354110191560067, "d3": -0.7721982505072332, "d4": -2.1128584465328126, "p1": 39.63805182672074, "p2": 22.135586081744865, "p3": 17.80666322992493, "p4": 16.53350769390409, "pol1": 0.8723686829904153, "pol2": -0.8586950383763933, "pol3": 1.0, "pol4": -1.0, "v0s": 4.935830272878061}, "datetime": {"datetime": "2022-05-16 21:04:08", "elapsed": 4863.492602, "delta": 7.211712}}
{"target": 4.0444417184062065, "params": {"Bgrad": 1.688619360055724, "d1": -0.9006928889394848, "d2": 0.7287871619320242, "d3": -2.677795895806385, "d4": -1.810458564604342, "p1": 30.827991745894582, "p2": 10.380704620355617, "p3": 37.7570327390234, "p4": 28.796280445788227, "pol1": 0.8958232099103183, "pol2": 0.08197932463260196, "pol3": -0.7949412457942114, "pol4": 0.14234945680496805, "v0s": 4.0444417184062065}, "datetime": {"datetime": "2022-05-16 21:04:13", "elapsed": 4868.525141, "delta": 5.032539}}
{"target": -1.0, "params": {"Bgrad": 0.6091765982072626, "d1": -2.590652565944669, "d2": -1.0401812838463367, "d3": 0.7058956591278669, "d4": -1.7506712123987387, "p1": 31.11945195698807, "p2": 4.965559620033034, "p3": 5.481159976871098, "p4": 24.18200609821244, "pol1": 0.6009291366108411, "pol2": 0.3815347874107249, "pol3": -0.8912642872316445, "pol4": -0.06143566805090206, "v0s": 3.4545887036136014}, "datetime": {"datetime": "2022-05-16 21:04:22", "elapsed": 4877.711571, "delta": 9.18643}}
{"target": 3.9975161396389285, "params": {"Bgrad": 1.3793793543051824, "d1": -3.0, "d2": 0.22519302268614708, "d3": -1.2031992608157482, "d4": -0.602133682317541, "p1": 31.420517316903574, "p2": 7.763065431556308, "p3": 7.339370055455074, "p4": 24.497575493971475, "pol1": 0.541948098873952, "pol2": -1.0, "pol3": 0.5753213923375835, "pol4": 0.6333478485083867, "v0s": 3.9975161396389285}, "datetime": {"datetime": "2022-05-16 21:04:28", "elapsed": 4883.930936, "delta": 6.219365}}
{"target": 4.749070388805312, "params": {"Bgrad": 0.5, "d1": -3.0, "d2": -0.2977775243535549, "d3": -0.6724269515172333, "d4": 0.20557921297089196, "p1": 32.096861534405946, "p2": 8.490719735164756, "p3": 7.537064381302603, "p4": 26.152804043677705, "pol1": 1.0, "pol2": -0.9471763091477793, "pol3": 0.03279072208554911, "pol4": 0.03616393734441682, "v0s": 4.749070388805312}, "datetime": {"datetime": "2022-05-16 21:04:33", "elapsed": 4888.388015, "delta": 4.457079}}
{"target": -1.0, "params": {"Bgrad": 1.2525743261209765, "d1": -1.2694528344942233, "d2": -0.6301835070371702, "d3": -1.4005185605830408, "d4": -2.8396995135981737, "p1": 5.311941654364993, "p2": 32.4149047515133, "p3": 38.14833608438551, "p4": 35.06349512709302, "pol1": 0.705378952966059, "pol2": 0.4568213295738148, "pol3": -0.28299059425326756, "pol4": 0.33102633459871567, "v0s": 4.6760372000401045}, "datetime": {"datetime": "2022-05-16 21:04:44", "elapsed": 4899.536198, "delta": 11.148183}}
{"target": 5.912601544717618, "params": {"Bgrad": 1.9391364192919922, "d1": -1.3866429723621363, "d2": 0.6622534542337282, "d3": -0.6435361580761474, "d4": -1.6953429766491328, "p1": 7.856301261074888, "p2": 35.23470244744479, "p3": 41.26728494973528, "p4": 32.875330729330585, "pol1": -0.6214037710218405, "pol2": -0.6912888537100046, "pol3": -0.4189635417451607, "pol4": 0.41604881095626456, "v0s": 5.912601544717618}, "datetime": {"datetime": "2022-05-16 21:04:55", "elapsed": 4910.460979, "delta": 10.924781}}
{"target": 2.9859397804274552, "params": {"Bgrad": 1.1026907740122565, "d1": 0.4702991446582705, "d2": -1.4174888380955504, "d3": -2.175447715148887, "d4": -2.4476903416752864, "p1": 4.258342430431094, "p2": 33.637542681839534, "p3": 36.433163736360186, "p4": 32.51930610228762, "pol1": -0.9830886745759189, "pol2": 0.27375919250176883, "pol3": 0.7948243117618585, "pol4": -0.07448832405728711, "v0s": 2.9859397804274552}, "datetime": {"datetime": "2022-05-16 21:05:01", "elapsed": 4917.038387, "delta": 6.577408}}
{"target": 4.056979477993825, "params": {"Bgrad": 1.0041853810834693, "d1": -1.2270525747334038, "d2": 0.3996397220372832, "d3": -1.9552133092794228, "d4": -3.0, "p1": 30.536803152912153, "p2": 10.973791657653424, "p3": 37.659638389050826, "p4": 28.586106117883276, "pol1": 1.0, "pol2": -0.03572743464410321, "pol3": -1.0, "pol4": -0.1999172601489374, "v0s": 4.056979477993825}, "datetime": {"datetime": "2022-05-16 21:05:10", "elapsed": 4925.444902, "delta": 8.406515}}
{"target": 4.554258128147659, "params": {"Bgrad": 0.8006730370719513, "d1": -1.0195845040416331, "d2": 1.0, "d3": -3.0, "d4": -3.0, "p1": 30.25515940420888, "p2": 10.326785882245558, "p3": 37.9436942961547, "p4": 28.996300314394254, "pol1": 0.8733961670412986, "pol2": 0.06322582804154968, "pol3": -0.21026537198891962, "pol4": -0.0246382505631286, "v0s": 4.554258128147659}, "datetime": {"datetime": "2022-05-16 21:05:15", "elapsed": 4930.57518, "delta": 5.130278}}
{"target": 4.132291760579034, "params": {"Bgrad": 1.3175500653782706, "d1": -2.5038700026048986, "d2": -0.832740689054269, "d3": -1.0089389482777715, "d4": -2.936222724472516, "p1": 0.26250499074964573, "p2": 30.095934765851716, "p3": 16.768291369707573, "p4": 12.605973408920196, "pol1": 0.541753341756742, "pol2": -0.23809831933181536, "pol3": 0.8066324479803415, "pol4": 0.8252724528518525, "v0s": 4.132291760579034}, "datetime": {"datetime": "2022-05-16 21:05:22", "elapsed": 4938.055174, "delta": 7.479994}}
{"target": 3.73566589785518, "params": {"Bgrad": 0.531277468896464, "d1": -1.0423706570092257, "d2": 0.47106711276002633, "d3": -1.1143383164139764, "d4": -2.5271464603325526, "p1": 6.518048727717418, "p2": 36.29410722341562, "p3": 35.08129654460884, "p4": 36.21442248953502, "pol1": -0.9291871050184142, "pol2": 0.44720704192025895, "pol3": 0.8977046678677634, "pol4": -0.14521929405536915, "v0s": 3.73566589785518}, "datetime": {"datetime": "2022-05-16 21:05:26", "elapsed": 4942.11332, "delta": 4.058146}}
{"target": 2.429052347136301, "params": {"Bgrad": 0.8183142110285349, "d1": -1.4999251387703554, "d2": -1.5687015838189495, "d3": -0.2783107143902126, "d4": -1.7820145788256605, "p1": 7.154416960044707, "p2": 36.1737556111142, "p3": 31.393732936816182, "p4": 35.25918978521388, "pol1": 0.3895288928977103, "pol2": -0.5047964227944048, "pol3": 0.7097411257197863, "pol4": -0.1872814869607664, "v0s": 2.429052347136301}, "datetime": {"datetime": "2022-05-16 21:05:30", "elapsed": 4945.729648, "delta": 3.616328}}
{"target": -1.0, "params": {"Bgrad": 1.7102309682246144, "d1": -1.5291289469444385, "d2": -0.5933775660994525, "d3": -1.4570371957644572, "d4": -0.27423262506560686, "p1": 37.89280134248646, "p2": 23.940597440566453, "p3": 17.645820011098156, "p4": 18.866691039046508, "pol1": 0.6682792327422882, "pol2": -0.533857889174469, "pol3": 0.08598781107921627, "pol4": 0.09758869486121013, "v0s": 4.102112150853365}, "datetime": {"datetime": "2022-05-16 21:05:41", "elapsed": 4957.048375, "delta": 11.318727}}
{"target": 4.131183146332605, "params": {"Bgrad": 1.0801786519702878, "d1": -3.0, "d2": -0.39598929644743264, "d3": -0.876997798181477, "d4": 1.0, "p1": 11.693822303576201, "p2": 23.370038160325507, "p3": 42.77785702760237, "p4": 27.69781036478588, "pol1": 0.20408338258986394, "pol2": -0.3670522561165411, "pol3": 0.19119299417921268, "pol4": 0.7712016441530027, "v0s": 4.131183146332605}, "datetime": {"datetime": "2022-05-16 21:05:49", "elapsed": 4964.963205, "delta": 7.91483}}
{"target": 4.0479998170350235, "params": {"Bgrad": 1.2576595798821735, "d1": -1.9616398185206405, "d2": 0.7902869746009641, "d3": -0.381078960805857, "d4": -0.45006422589673356, "p1": 0.46794062257483193, "p2": 32.338673521803315, "p3": 16.99928912060942, "p4": 12.370865481607943, "pol1": -0.6004428459775721, "pol2": -0.012961567360981462, "pol3": -0.1437855416052039, "pol4": 1.0, "v0s": 4.0479998170350235}, "datetime": {"datetime": "2022-05-16 21:05:56", "elapsed": 4971.257371, "delta": 6.294166}}
{"target": -1.0, "params": {"Bgrad": 1.692179453480107, "d1": -2.0174409463989127, "d2": 0.6620502231616928, "d3": -0.16016464453744117, "d4": -2.1071239161165103, "p1": 39.83101687644209, "p2": 21.995108051685733, "p3": 18.09637290833631, "p4": 16.420974361015034, "pol1": 1.0, "pol2": -1.0, "pol3": 0.021429500863558642, "pol4": -0.6594519070346949, "v0s": 5.111701939926551}, "datetime": {"datetime": "2022-05-16 21:07:24", "elapsed": 5059.98406, "delta": 88.726689}}
{"target": 4.694515211774807, "params": {"Bgrad": 1.6699092033219434, "d1": -1.234099260178344, "d2": 0.5497669617780355, "d3": -2.8576077980898793, "d4": -2.7273903957796626, "p1": 30.101797006911998, "p2": 10.378089168887712, "p3": 38.20494767960469, "p4": 28.791275103533707, "pol1": 0.43335096032418974, "pol2": -0.469549655754303, "pol3": -0.8807426273419686, "pol4": -0.7166671048843697, "v0s": 4.694515211774807}, "datetime": {"datetime": "2022-05-16 21:07:33", "elapsed": 5068.90121, "delta": 8.91715}}
{"target": -1.0, "params": {"Bgrad": 0.9597140073897183, "d1": -2.0011013621697256, "d2": -2.3537085532711446, "d3": -2.013007128499987, "d4": -0.8895605655313559, "p1": 4.359644088082076, "p2": 34.52845317730851, "p3": 33.299786228191294, "p4": 37.72645751509572, "pol1": -0.1627755295576958, "pol2": -0.4214366728722916, "pol3": 0.4928978209996029, "pol4": 0.33256195377872855, "v0s": 3.6448718142130776}, "datetime": {"datetime": "2022-05-16 21:07:47", "elapsed": 5082.622511, "delta": 13.721301}}
{"target": 4.479998465388325, "params": {"Bgrad": 0.9408532659552149, "d1": -2.3459454841741647, "d2": -0.5587863507500757, "d3": -2.0260484235622815, "d4": -1.9654420039062055, "p1": 3.620015750827582, "p2": 37.58974024836616, "p3": 34.316534628769766, "p4": 37.88585648146134, "pol1": 0.9622967159515783, "pol2": 0.09314544347921272, "pol3": -0.9033291501013496, "pol4": 0.2483447367926077, "v0s": 4.479998465388325}, "datetime": {"datetime": "2022-05-16 21:07:56", "elapsed": 5091.459875, "delta": 8.837364}}
{"target": -1.0, "params": {"Bgrad": 0.6960451403676445, "d1": -1.7864056911925732, "d2": 0.8935574619277928, "d3": -2.2140648171093296, "d4": -0.622511897542724, "p1": 3.286585180973267, "p2": 29.843908128712766, "p3": 38.45748031171518, "p4": 32.85564559372905, "pol1": -0.05024463760032649, "pol2": 0.19246554690178663, "pol3": 0.9806826783355684, "pol4": 0.15623201889328575, "v0s": 2.9679756153592303}, "datetime": {"datetime": "2022-05-16 21:08:04", "elapsed": 5099.49239, "delta": 8.032515}}
{"target": 3.9198862741288014, "params": {"Bgrad": 0.8741429409905297, "d1": -2.2091175835029193, "d2": -2.492672724711255, "d3": -1.7406433540012773, "d4": 0.11574927379704703, "p1": 20.169360910716126, "p2": 17.256475064474, "p3": 27.916165667029105, "p4": 49.21469272974904, "pol1": 0.1470706179641784, "pol2": 0.6382045002787321, "pol3": 0.8127820549987789, "pol4": -0.29905739761284356, "v0s": 3.9198862741288014}, "datetime": {"datetime": "2022-05-16 21:08:11", "elapsed": 5106.383958, "delta": 6.891568}}
{"target": 3.3323685313304963, "params": {"Bgrad": 0.7196169250694204, "d1": -1.5877794790050843, "d2": 0.6096426064521405, "d3": -0.5752969600089832, "d4": -0.9848003480298826, "p1": 6.918076785135674, "p2": 37.01821009073705, "p3": 35.13907488283931, "p4": 35.84539845218916, "pol1": 0.3713518704743557, "pol2": 0.9332590693907779, "pol3": -0.14775562042133084, "pol4": -0.7122519229310678, "v0s": 3.3323685313304963}, "datetime": {"datetime": "2022-05-16 21:08:15", "elapsed": 5110.366306, "delta": 3.982348}}
{"target": 3.094147851069433, "params": {"Bgrad": 1.1933784237240475, "d1": -2.400283477874952, "d2": -0.28999663617943394, "d3": 0.714865274138563, "d4": -0.1361293890740347, "p1": 30.851674812712602, "p2": 3.900477901720328, "p3": 8.090277042236288, "p4": 25.45891507911811, "pol1": -0.8219620860826351, "pol2": -0.839705208871169, "pol3": 0.3601248241345536, "pol4": 0.33604901716576374, "v0s": 3.094147851069433}, "datetime": {"datetime": "2022-05-16 21:08:21", "elapsed": 5116.500899, "delta": 6.134593}}
{"target": -1.0, "params": {"Bgrad": 1.4817538837479227, "d1": -2.2310543283667803, "d2": -0.9544860573597278, "d3": -2.3090910959583253, "d4": -1.1309255153365196, "p1": 44.47997936974171, "p2": 19.82681359064365, "p3": 24.588500718612536, "p4": 11.220873137558973, "pol1": 0.4726107014708869, "pol2": 0.7614265351437204, "pol3": 0.9728696824414977, "pol4": 0.4446989878538614, "v0s": 4.118801065250933}, "datetime": {"datetime": "2022-05-16 21:08:34", "elapsed": 5129.622803, "delta": 13.121904}}
{"target": -1.0, "params": {"Bgrad": 1.045867060343612, "d1": -1.2968612187672988, "d2": -3.0, "d3": -2.4503269340243294, "d4": -0.6564265093193451, "p1": 36.467072892749805, "p2": 36.1748274850645, "p3": 18.304156436814942, "p4": 21.739845044634183, "pol1": 0.40389588828841677, "pol2": 0.8507678284776302, "pol3": -0.27353684845108966, "pol4": -0.5495624136136432, "v0s": 3.6626151993588993}, "datetime": {"datetime": "2022-05-16 21:08:46", "elapsed": 5141.653624, "delta": 12.030821}}
{"target": 2.854905527140516, "params": {"Bgrad": 1.3074005406951288, "d1": -0.01135318625361939, "d2": -0.04652055027913446, "d3": -1.984868941177029, "d4": -2.999850364301079, "p1": 10.865878926237817, "p2": 16.509676979588967, "p3": 6.889112338680285, "p4": 30.554628392078204, "pol1": 0.8054467895045411, "pol2": 0.313985899735118, "pol3": -0.13526325978463563, "pol4": -0.0551118377376871, "v0s": 2.854905527140516}, "datetime": {"datetime": "2022-05-16 21:08:52", "elapsed": 5148.068467, "delta": 6.414843}}
