{"target": -1.0, "params": {"Bgrad": 0.9333299608656951, "d1": -2.2555517588198475, "d2": -1.4481924032905789, "d3": 0.9361014578832401, "d4": -1.3818891091677767, "p1": 28.64335210806353, "p2": 10.561977414458584, "p3": 39.683352477249656, "p4": 35.92985587219668, "pol1": -0.6972210122231373, "pol2": -0.3419943878766385, "pol3": -0.69997305891468, "pol4": 0.8951653547520395, "v0s": 5.625859725729464}, "datetime": {"datetime": "2022-04-29 14:23:45", "elapsed": 82337.568208, "delta": 17.361578}}
{"target": -1.0, "params": {"Bgrad": 1.0753620768952503, "d1": -2.5328791040879883, "d2": -0.656547524002673, "d3": -1.0743083031507572, "d4": -2.2286944968230347, "p1": 46.18072362577224, "p2": 35.642786330051464, "p3": 17.93735991049984, "p4": 25.464491403520512, "pol1": -0.384782762635828, "pol2": 0.05881342906465248, "pol3": -0.48088017691174056, "pol4": -0.6572630995061914, "v0s": 3.0262392643332046}, "datetime": {"datetime": "2022-04-29 14:23:56", "elapsed": 82349.227035, "delta": 11.658827}}
{"target": -1.0, "params": {"Bgrad": 1.6363891291983497, "d1": 0.3604158050463764, "d2": -2.862646502787943, "d3": -0.6596683601921711, "d4": -1.964514801506899, "p1": 1.8433534328460122, "p2": 32.404044578891146, "p3": 26.84286184430474, "p4": 20.76990067910493, "pol1": 0.05217684293945579, "pol2": 0.09409985648830177, "pol3": -0.18596508713432458, "pol4": 0.7766102341728991, "v0s": 2.7438628372500222}, "datetime": {"datetime": "2022-04-29 14:24:17", "elapsed": 82369.549696, "delta": 20.322661}}
{"target": -1.0, "params": {"Bgrad": 1.9789188445126629, "d1": -2.7263899844792343, "d2": -1.9125198264371295, "d3": 0.3899796816434198, "d4": -2.899931668336585, "p1": 26.980447434835934, "p2": 11.147282730586028, "p3": 39.04094394215268, "p4": 36.137251243863346, "pol1": 0.5469168458959872, "pol2": 0.4214367876994074, "pol3": 0.06568127857837536, "pol4": 0.45643136794944494, "v0s": 6.374947619982211}, "datetime": {"datetime": "2022-04-29 14:24:35", "elapsed": 82387.571508, "delta": 18.021812}}
{"target": -1.0, "params": {"Bgrad": 0.9975553503324822, "d1": 0.4106348198642218, "d2": -2.7872154668152493, "d3": -0.49279067247889685, "d4": -1.4054991582704082, "p1": 28.33497072014726, "p2": 10.132420616175775, "p3": 7.8422328296852974, "p4": 46.94976447607388, "pol1": 0.22941540750880085, "pol2": -0.8203513063245187, "pol3": -0.904998120138031, "pol4": 0.20906373013181745, "v0s": 2.9835705537262367}, "datetime": {"datetime": "2022-04-29 14:24:50", "elapsed": 82403.152847, "delta": 15.581339}}
{"target": -1.0, "params": {"Bgrad": 1.3148510868065557, "d1": -1.3155264284511876, "d2": -1.7153687825764914, "d3": -0.6933490650273342, "d4": -0.10319703750171305, "p1": 13.699014222893963, "p2": 16.65462263183633, "p3": 30.402237884834715, "p4": 33.74617652669322, "pol1": 0.1954789000579209, "pol2": 0.7326885568873469, "pol3": -0.1085047824754426, "pol4": -0.7336093060374969, "v0s": 6.116504332699918}, "datetime": {"datetime": "2022-04-29 14:25:14", "elapsed": 82427.191571, "delta": 24.038724}}
{"target": -1.0, "params": {"Bgrad": 1.4883274308717422, "d1": -2.3977755743296245, "d2": -1.2240604648340851, "d3": -1.6358742212842867, "d4": -1.1406248255633948, "p1": 40.70654662593337, "p2": 44.10324256384329, "p3": 29.578342911630784, "p4": 14.560589418564362, "pol1": -0.8119222381120796, "pol2": -0.3434527923353863, "pol3": 0.38767296186632105, "pol4": 0.6214386439821569, "v0s": 4.615379973218031}, "datetime": {"datetime": "2022-04-29 14:25:36", "elapsed": 82448.587363, "delta": 21.395792}}
{"target": 4.2634135913566515, "params": {"Bgrad": 1.5583775052789284, "d1": 0.03513455968762095, "d2": 0.32751414562015213, "d3": -0.5993211436602363, "d4": -1.2286670097366559, "p1": 5.055852788594116, "p2": 2.0914971818767363, "p3": 40.732807236884014, "p4": 46.834284389206175, "pol1": -0.24953795928870495, "pol2": 0.45215305757840657, "pol3": 0.10027287398577656, "pol4": -0.6656276471517545, "v0s": 4.2634135913566515}, "datetime": {"datetime": "2022-04-29 14:25:51", "elapsed": 82463.707933, "delta": 15.12057}}
{"target": -1.0, "params": {"Bgrad": 0.9976081919321714, "d1": -1.123688349143591, "d2": -0.3858069852399444, "d3": -0.5852558386594331, "d4": -2.732249341953441, "p1": 42.10456526910384, "p2": 44.97109819998628, "p3": 31.276582986667, "p4": 34.99051925898595, "pol1": -0.4668723028206083, "pol2": 0.8708172567374677, "pol3": 0.447092539234317, "pol4": 0.6848940896100753, "v0s": 6.071166683546374}, "datetime": {"datetime": "2022-04-29 14:26:08", "elapsed": 82481.202157, "delta": 17.494224}}
{"target": -1.0, "params": {"Bgrad": 0.6792249816575532, "d1": -1.9721336549727422, "d2": -1.1101556748879258, "d3": -1.7209229733848557, "d4": 0.011152843339626628, "p1": 14.31126415269116, "p2": 21.607513111162252, "p3": 21.824985273689624, "p4": 19.78535426362043, "pol1": -0.6277245658280641, "pol2": -0.21372024599520367, "pol3": 0.04042896369302018, "pol4": 0.4585674012681813, "v0s": 6.250228839658182}, "datetime": {"datetime": "2022-04-29 14:26:21", "elapsed": 82494.087704, "delta": 12.885547}}
{"target": -1.0, "params": {"Bgrad": 1.8933180933977933, "d1": -1.2516479955617563, "d2": -2.965066088200014, "d3": -2.3046907468825686, "d4": -1.6896194386447676, "p1": 42.98441981790673, "p2": 24.53834368907279, "p3": 13.421368639052439, "p4": 38.56493152852344, "pol1": 0.4537727809119243, "pol2": 0.45026968496823394, "pol3": -0.2978034411947079, "pol4": 0.23889162542624032, "v0s": 2.6814699086261546}, "datetime": {"datetime": "2022-04-29 14:26:36", "elapsed": 82509.230215, "delta": 15.142511}}
{"target": -1.0, "params": {"Bgrad": 1.450043309042074, "d1": -1.8311774110905983, "d2": -2.8681930868749643, "d3": -1.8223252983043672, "d4": -0.8513662756012601, "p1": 18.998197795222595, "p2": 15.159862494454678, "p3": 31.446267804798673, "p4": 48.77808170430543, "pol1": 0.3399535009891259, "pol2": 0.17111998141274154, "pol3": -0.4469950085599066, "pol4": 0.7231951000858181, "v0s": 6.338131095896461}, "datetime": {"datetime": "2022-04-29 14:26:53", "elapsed": 82525.70317, "delta": 16.472955}}
{"target": -1.0, "params": {"Bgrad": 0.9648368306803554, "d1": -0.03051988139791284, "d2": -0.5629853791271957, "d3": -1.4706453826016443, "d4": -1.1814790785975093, "p1": 4.11237541048326, "p2": 31.117235586679094, "p3": 12.754044303579198, "p4": 23.48546994238758, "pol1": 0.8944227602903654, "pol2": -0.12865112100373932, "pol3": 0.8111146356657095, "pol4": -0.2865296525387211, "v0s": 4.6078006540174705}, "datetime": {"datetime": "2022-04-29 14:27:08", "elapsed": 82540.921478, "delta": 15.218308}}
{"target": 3.35286490825351, "params": {"Bgrad": 1.541056342873517, "d1": -2.9616812138501794, "d2": -0.115583583976961, "d3": -0.008602156842136388, "d4": -0.35064916699170734, "p1": 45.28374321995518, "p2": 42.500043784533446, "p3": 49.44263313850567, "p4": 32.10086043431147, "pol1": -0.616603220966566, "pol2": 0.41579959687508294, "pol3": 0.431548422397817, "pol4": 0.5328908474694181, "v0s": 3.35286490825351}, "datetime": {"datetime": "2022-04-29 14:27:20", "elapsed": 82552.728908, "delta": 11.80743}}
{"target": 3.4097518198482133, "params": {"Bgrad": 0.6824474210293907, "d1": -0.10940306686336188, "d2": 0.7471039610640888, "d3": -0.8271278203492618, "d4": -1.1496415871576775, "p1": 39.099777685946336, "p2": 47.35715288293617, "p3": 16.484996361143455, "p4": 10.196408461895857, "pol1": -0.09437982808025502, "pol2": -0.2831004019553216, "pol3": 0.6088732024462331, "pol4": -0.2233171291748406, "v0s": 3.4097518198482133}, "datetime": {"datetime": "2022-04-29 14:27:31", "elapsed": 82564.190262, "delta": 11.461354}}
{"target": -1.0, "params": {"Bgrad": 1.6092903307196533, "d1": -2.241366501561586, "d2": -0.07691826960889658, "d3": 0.5298953991477813, "d4": 0.8292087579900311, "p1": 34.893625177301615, "p2": 40.50766522348745, "p3": 22.300551308453603, "p4": 17.703690908837338, "pol1": -0.9565969035902779, "pol2": 0.4085516986763489, "pol3": -0.6456621205427586, "pol4": -0.06790216567141849, "v0s": 2.9099832607687506}, "datetime": {"datetime": "2022-04-29 14:27:55", "elapsed": 82588.378586, "delta": 24.188324}}
{"target": -1.0, "params": {"Bgrad": 0.8864837701467512, "d1": -1.7424180236562634, "d2": -1.1831906441605078, "d3": -0.5855597998954134, "d4": 0.6035647690902288, "p1": 13.630697824382592, "p2": 39.29026075336105, "p3": 18.42760884248381, "p4": 4.78428938327729, "pol1": 0.2612844248963433, "pol2": -0.5620822389685092, "pol3": 0.562184976052412, "pol4": -0.49511168823461094, "v0s": 4.896879794258054}, "datetime": {"datetime": "2022-04-29 14:28:16", "elapsed": 82609.513077, "delta": 21.134491}}
{"target": -1.0, "params": {"Bgrad": 1.5937506080882025, "d1": -1.168899552631903, "d2": 0.9784094654635598, "d3": 0.9459726660553271, "d4": -2.7033632289070426, "p1": 45.969433965383416, "p2": 34.9704939038429, "p3": 16.676142242053533, "p4": 27.95180362849411, "pol1": -0.3210660699489567, "pol2": 0.13873448001855349, "pol3": 0.5207108432042014, "pol4": -0.1289236384110919, "v0s": 4.426041657633327}, "datetime": {"datetime": "2022-04-29 14:28:43", "elapsed": 82635.575391, "delta": 26.062314}}
{"target": 4.0655575261590435, "params": {"Bgrad": 0.9890700434441548, "d1": -1.391307060189853, "d2": 0.5844715970133296, "d3": 0.5789497269364419, "d4": -0.5555629364379788, "p1": 24.67588679689447, "p2": 23.557775565579675, "p3": 9.572516910736105, "p4": 33.0137418925683, "pol1": -0.824810001179118, "pol2": -0.2145375630846127, "pol3": 0.6240752246679739, "pol4": 0.268245342162275, "v0s": 4.0655575261590435}, "datetime": {"datetime": "2022-04-29 14:28:56", "elapsed": 82649.160068, "delta": 13.584677}}
{"target": -1.0, "params": {"Bgrad": 1.0062152178386856, "d1": 0.14228318760343317, "d2": -0.03149366443840229, "d3": -1.1920123608196618, "d4": -0.09845719368502692, "p1": 4.634751816881321, "p2": 18.532272971317536, "p3": 23.60179514353296, "p4": 44.06300412513416, "pol1": -0.5074952529877741, "pol2": 0.13035923190154186, "pol3": 0.1905864106700652, "pol4": -0.2922220030632461, "v0s": 2.282805207837783}, "datetime": {"datetime": "2022-04-29 14:29:12", "elapsed": 82665.318863, "delta": 16.158795}}
{"target": -1.0, "params": {"Bgrad": 1.0282998983030553, "d1": -2.4766204152467615, "d2": -0.814130438946969, "d3": -0.13737174180056888, "d4": -1.4814833619644463, "p1": 14.55710758350896, "p2": 19.178935591682052, "p3": 24.40915480234101, "p4": 20.585964537372636, "pol1": 0.1991830530140064, "pol2": -0.39380202540953735, "pol3": 0.5501060683888166, "pol4": 0.5597906496700886, "v0s": 7.065011037984383}, "datetime": {"datetime": "2022-04-29 14:29:31", "elapsed": 82684.130564, "delta": 18.811701}}
{"target": -1.0, "params": {"Bgrad": 0.9998218108243551, "d1": -1.897555034531369, "d2": -0.5072316648372315, "d3": -1.8574656841928405, "d4": -2.9139537858860507, "p1": 4.486137130845402, "p2": 44.347185238220845, "p3": 8.524883434997927, "p4": 21.624786640887606, "pol1": -0.841580617183507, "pol2": -0.5215304322971044, "pol3": 0.051507701055655275, "pol4": -0.6745510378194066, "v0s": 3.451062795336379}, "datetime": {"datetime": "2022-04-29 14:29:47", "elapsed": 82699.947276, "delta": 15.816712}}
{"target": -1.0, "params": {"Bgrad": 1.2968800505463527, "d1": 0.06272069199337249, "d2": -0.0005684072655318673, "d3": -1.0199168227689315, "d4": -0.7816135835719269, "p1": 6.46812181027347, "p2": 15.361789701145284, "p3": 33.772020922775155, "p4": 2.2042609695350324, "pol1": -0.2795958842293711, "pol2": -0.5653567493476328, "pol3": 0.9095675017407188, "pol4": -0.8797875194707923, "v0s": 5.380522864263562}, "datetime": {"datetime": "2022-04-29 14:30:05", "elapsed": 82717.781587, "delta": 17.834311}}
{"target": 4.086679097502091, "params": {"Bgrad": 1.3511615047352215, "d1": -0.7331155836941958, "d2": 0.8654814010181737, "d3": -0.2567541117869947, "d4": -2.949169495800919, "p1": 32.937216170585835, "p2": 14.62008959309432, "p3": 3.0468137352134383, "p4": 16.96143918585655, "pol1": 0.0916739901279311, "pol2": 0.1848303235410158, "pol3": 0.5978555549395297, "pol4": -0.8078142802559478, "v0s": 4.086679097502091}, "datetime": {"datetime": "2022-04-29 14:30:21", "elapsed": 82733.655144, "delta": 15.873557}}
{"target": -1.0, "params": {"Bgrad": 1.8088582091449277, "d1": 0.0018656762196282983, "d2": 0.43260102966373104, "d3": -0.888258592952857, "d4": -2.8648407615615468, "p1": 45.01851139577763, "p2": 26.278573000801565, "p3": 26.00065739103995, "p4": 47.27099969678476, "pol1": 0.42539394838937095, "pol2": -0.6246891541787827, "pol3": -0.1256315476496419, "pol4": -0.9279450915245795, "v0s": 2.4405120177497777}, "datetime": {"datetime": "2022-04-29 14:30:43", "elapsed": 82755.679255, "delta": 22.024111}}
{"target": -1.0, "params": {"Bgrad": 1.0112540512205899, "d1": -1.0770616297263387, "d2": -0.3526545778119905, "d3": -1.6287746118893498, "d4": -2.22511930519641, "p1": 37.08025968235523, "p2": 9.2894733493461, "p3": 9.902251866845097, "p4": 25.724482412137256, "pol1": -0.06993106145469663, "pol2": 0.07323058265037274, "pol3": 0.2454705303397422, "pol4": -0.03462343155043612, "v0s": 2.4031444240046325}, "datetime": {"datetime": "2022-04-29 14:30:52", "elapsed": 82765.445143, "delta": 9.765888}}
{"target": -1.0, "params": {"Bgrad": 1.7314650640438793, "d1": 0.2902993627668904, "d2": -1.642964983633906, "d3": -0.5274878012829336, "d4": -0.5621266302245558, "p1": 4.779611017411706, "p2": 1.748800742716733, "p3": 41.26987978586805, "p4": 46.210350904194634, "pol1": 0.1351776108538596, "pol2": -0.05501929138400574, "pol3": 0.2507608336846936, "pol4": -0.40435277425800864, "v0s": 4.113387964576459}, "datetime": {"datetime": "2022-04-29 14:31:10", "elapsed": 82782.897479, "delta": 17.452336}}
{"target": -1.0, "params": {"Bgrad": 0.6814818737656585, "d1": -2.377518021617418, "d2": -0.28774402254251097, "d3": -1.554892617958806, "d4": -0.37436941476097685, "p1": 23.105059048444776, "p2": 28.986154272466003, "p3": 24.337118749035607, "p4": 4.585304186600209, "pol1": -0.5659199253495824, "pol2": -0.6595905904403567, "pol3": -0.9804702900962059, "pol4": -0.00902152738295725, "v0s": 3.162575253037294}, "datetime": {"datetime": "2022-04-29 14:31:30", "elapsed": 82803.532305, "delta": 20.634826}}
{"target": -1.0, "params": {"Bgrad": 0.9139980132896799, "d1": -1.0575562753816565, "d2": -2.502835615559683, "d3": -2.2721386256735263, "d4": -2.9130530205075686, "p1": 16.716360406288995, "p2": 45.2735052479253, "p3": 16.573414585825997, "p4": 12.29504737061009, "pol1": -0.8521773519598026, "pol2": 0.7034920865490764, "pol3": -0.4761271709364314, "pol4": 0.13623939097465665, "v0s": 2.283765609893183}, "datetime": {"datetime": "2022-04-29 14:31:42", "elapsed": 82815.404561, "delta": 11.872256}}
{"target": -1.0, "params": {"Bgrad": 1.4582861185218772, "d1": -1.663688957298497, "d2": -2.522428388484297, "d3": -1.0548324173759709, "d4": -1.569508672488654, "p1": 33.418213999373634, "p2": 11.101497087191309, "p3": 22.071932103540448, "p4": 47.16386142579343, "pol1": 0.9872297158254579, "pol2": 0.05550047136238345, "pol3": 0.794679263826279, "pol4": -0.208075238885852, "v0s": 3.9002086846808846}, "datetime": {"datetime": "2022-04-29 14:32:04", "elapsed": 82836.776416, "delta": 21.371855}}
{"target": -1.0, "params": {"Bgrad": 1.5110274155278034, "d1": -1.4435823788403717, "d2": -2.4727149652578286, "d3": -2.5164460500992147, "d4": 0.7082760492661624, "p1": 39.625295929596476, "p2": 11.51463511743906, "p3": 21.617863590191227, "p4": 25.993738949039287, "pol1": -0.05917629664748647, "pol2": -0.9195101503056402, "pol3": 0.19728013541832756, "pol4": 0.3473343650306959, "v0s": 2.61553877665073}, "datetime": {"datetime": "2022-04-29 14:32:34", "elapsed": 82867.443418, "delta": 30.667002}}
{"target": 3.3494378234869435, "params": {"Bgrad": 0.6067926306533944, "d1": -0.8225779565934799, "d2": 0.9031685112665291, "d3": -1.3008254582188772, "d4": 0.7265801300208028, "p1": 37.41156185654611, "p2": 38.7202450964229, "p3": 22.41167687330848, "p4": 19.42132676088614, "pol1": -0.9668665433351522, "pol2": 0.15216053856024736, "pol3": 0.8485678487984205, "pol4": 0.6279051848791857, "v0s": 3.3494378234869435}, "datetime": {"datetime": "2022-04-29 14:32:47", "elapsed": 82879.838278, "delta": 12.39486}}
{"target": -1.0, "params": {"Bgrad": 0.9749556560821087, "d1": -1.3599787503292236, "d2": -1.2409845577176721, "d3": 0.7542188320501273, "d4": -1.7173395402131764, "p1": 26.63695765180912, "p2": 11.020567999475595, "p3": 37.76790377889849, "p4": 36.795172747229515, "pol1": 0.5880364535296083, "pol2": 0.5310824626292832, "pol3": 0.37536626629339853, "pol4": 0.7106392007474922, "v0s": 5.7833166093929025}, "datetime": {"datetime": "2022-04-29 14:33:01", "elapsed": 82893.984452, "delta": 14.146174}}
{"target": 2.1248074234377805, "params": {"Bgrad": 1.4211648747906311, "d1": -2.8869779086220237, "d2": -1.2472933883979551, "d3": -2.1202394400535955, "d4": 0.46865105511638827, "p1": 41.137980900305585, "p2": 41.57175929233256, "p3": 11.91475429873788, "p4": 20.1926381984703, "pol1": -0.578785011316683, "pol2": 0.42497097321269406, "pol3": 0.04793242722621338, "pol4": -0.17563231110402966, "v0s": 2.1248074234377805}, "datetime": {"datetime": "2022-04-29 14:33:13", "elapsed": 82905.574463, "delta": 11.590011}}
{"target": 4.0470213563544455, "params": {"Bgrad": 1.4515113011993037, "d1": -1.8838698819991073, "d2": 0.7684424537682357, "d3": -0.33543390413216834, "d4": -0.15465066920905768, "p1": 13.377921015772538, "p2": 46.566521391340295, "p3": 30.659407228362852, "p4": 12.356505362219334, "pol1": -0.05947405055495847, "pol2": 0.47104198592166413, "pol3": -0.6954338101439086, "pol4": -0.03820331536050925, "v0s": 4.0470213563544455}, "datetime": {"datetime": "2022-04-29 14:33:23", "elapsed": 82915.892873, "delta": 10.31841}}
{"target": 4.516089289132292, "params": {"Bgrad": 1.916703837071694, "d1": 0.08683003848891824, "d2": 0.23676589370338696, "d3": -1.4917333998856481, "d4": -2.195106446472244, "p1": 1.9200748987892091, "p2": 30.31017298941438, "p3": 10.650854965958583, "p4": 20.50663954757612, "pol1": -0.06691798295680362, "pol2": -0.8819420867422438, "pol3": -0.023333832071878557, "pol4": 0.0005927044359115285, "v0s": 4.516089289132292}, "datetime": {"datetime": "2022-04-29 14:33:40", "elapsed": 82932.854521, "delta": 16.961648}}
{"target": -1.0, "params": {"Bgrad": 0.6619181981883294, "d1": -1.0580815198493467, "d2": -0.5317272104582926, "d3": -2.1078689076921524, "d4": -1.8270479437292635, "p1": 4.658039507440437, "p2": 30.671658511671613, "p3": 23.6033702972901, "p4": 21.39485840759823, "pol1": 0.4900053394465884, "pol2": -0.39993418851024676, "pol3": 0.015482152281274031, "pol4": 0.952376245279281, "v0s": 3.3024862055728095}, "datetime": {"datetime": "2022-04-29 14:33:50", "elapsed": 82942.874729, "delta": 10.020208}}
{"target": -1.0, "params": {"Bgrad": 1.4422887057059914, "d1": -0.8050473677411554, "d2": -1.3303615916974656, "d3": -2.6848817004890253, "d4": 0.54723305485168, "p1": 34.4822436375144, "p2": 12.235441790528, "p3": 20.914042805524907, "p4": 47.218335683936346, "pol1": -0.6864650878446323, "pol2": -0.2777762427660826, "pol3": 0.48515448365154823, "pol4": 0.2292524782064771, "v0s": 2.5343707084839897}, "datetime": {"datetime": "2022-04-29 14:34:05", "elapsed": 82957.719038, "delta": 14.844309}}
{"target": -1.0, "params": {"Bgrad": 1.1567793086642646, "d1": -1.0536539426742517, "d2": -0.7328524757389121, "d3": -1.722870962850377, "d4": -2.325602222636694, "p1": 21.30880755518026, "p2": 38.34374163247903, "p3": 19.419903533487208, "p4": 29.329422950320765, "pol1": -0.10356601353783357, "pol2": 0.7801083257240407, "pol3": 0.21773860126452282, "pol4": 0.7179941395916478, "v0s": 2.60050620038865}, "datetime": {"datetime": "2022-04-29 14:34:21", "elapsed": 82973.991528, "delta": 16.27249}}
{"target": -1.0, "params": {"Bgrad": 1.5163114493762713, "d1": -0.36414797650568786, "d2": -0.5596837529312157, "d3": -1.8129468005777198, "d4": -2.1553109676330444, "p1": 27.81923333453334, "p2": 9.0168459361797, "p3": 9.18284181891622, "p4": 45.560108627783094, "pol1": 0.4003693377891602, "pol2": -0.38161697079811474, "pol3": 0.17217834111655317, "pol4": 0.5999004187919459, "v0s": 3.521680483797644}, "datetime": {"datetime": "2022-04-29 14:34:41", "elapsed": 82994.138658, "delta": 20.14713}}
{"target": 3.9692517536954615, "params": {"Bgrad": 1.0487762086251098, "d1": -1.809788433694207, "d2": -0.6497635843149925, "d3": -2.602488830712407, "d4": 0.2309570102360241, "p1": 24.523437363340673, "p2": 29.10043254191284, "p3": 25.2487902244027, "p4": 3.262409835197111, "pol1": -0.34211845638418037, "pol2": 0.11294889821612264, "pol3": -0.1475834974703365, "pol4": 0.04052681220237275, "v0s": 3.9692517536954615}, "datetime": {"datetime": "2022-04-29 14:34:56", "elapsed": 83008.846333, "delta": 14.707675}}
{"target": -1.0, "params": {"Bgrad": 1.419252095535838, "d1": -1.11274073837424, "d2": -0.37311706312292614, "d3": -2.803803807881881, "d4": -0.8946554582634811, "p1": 4.372334451634524, "p2": 29.255169104910824, "p3": 10.928122554903824, "p4": 20.3362137455529, "pol1": -0.38831333071783947, "pol2": -0.1701573767093243, "pol3": -0.9825693480829036, "pol4": -0.3250811549220691, "v0s": 4.200075248740665}, "datetime": {"datetime": "2022-04-29 14:35:31", "elapsed": 83044.225735, "delta": 35.379402}}
{"target": 4.741659705728542, "params": {"Bgrad": 1.8034242788928299, "d1": -1.7593463794136575, "d2": -0.3677820623313406, "d3": -3.0, "d4": 0.44675072164300117, "p1": 28.854776236509338, "p2": 40.99226200820752, "p3": 29.909278293962387, "p4": 20.3683108455783, "pol1": -0.3072931947066412, "pol2": -0.9024255447183192, "pol3": 0.21062354743679282, "pol4": 0.18301542765219678, "v0s": 4.741659705728542}, "datetime": {"datetime": "2022-04-29 14:35:47", "elapsed": 83060.479275, "delta": 16.25354}}
