{"target": 4.13406519136839, "params": {"Bgrad": 0.9609748560378466, "d1": -1.7883627082238003, "d2": 0.6642219014353423, "d3": -2.9013332293461884, "d4": -0.44763712282417023, "p1": 5.448749896379995, "p2": 37.39683010284237, "p3": 31.31176549683032, "p4": 39.02846984746871, "pol1": -0.5876966244221213, "pol2": 0.4047364452487665, "pol3": -0.5377845842638695, "pol4": -0.535069093170339, "v0s": 4.13406519136839}, "datetime": {"datetime": "2022-05-17 02:22:30", "elapsed": 23965.62755, "delta": 18.216278}}
{"target": -1.0, "params": {"Bgrad": 0.5796881898653026, "d1": -0.9929837379189848, "d2": -1.3640916247295407, "d3": -1.47770815190905, "d4": -2.2299170386920277, "p1": 4.521943551898988, "p2": 23.745722538338494, "p3": 44.55425934435525, "p4": 17.647751993154614, "pol1": -0.9042324084368407, "pol2": -0.16172267350277147, "pol3": -0.5263089186951833, "pol4": -0.3266106708938088, "v0s": 3.8495306451223006}, "datetime": {"datetime": "2022-05-17 02:22:50", "elapsed": 23985.569214, "delta": 19.941664}}
{"target": 2.778741993378862, "params": {"Bgrad": 0.5, "d1": -2.1731622410443876, "d2": 0.45928208613306076, "d3": -1.3781759591495564, "d4": -1.059365256176705, "p1": 37.67935005876146, "p2": 12.082830809601418, "p3": 11.930871727391231, "p4": 28.487121972583136, "pol1": -0.5956698477216604, "pol2": 0.02706558231009898, "pol3": -0.8708800418988459, "pol4": -0.318272494086368, "v0s": 2.778741993378862}, "datetime": {"datetime": "2022-05-17 02:23:07", "elapsed": 24003.016548, "delta": 17.447334}}
{"target": 5.220625480038174, "params": {"Bgrad": 0.5, "d1": -2.1184546011923344, "d2": -3.0, "d3": -2.621484563135444, "d4": -1.1965583029659534, "p1": 6.1446239864779, "p2": 2.1937132692987276, "p3": 39.14272083061688, "p4": 20.676670390020103, "pol1": 0.9435848115177224, "pol2": 0.7779908249991508, "pol3": 1.0, "pol4": -0.8559730006954068, "v0s": 5.220625480038174}, "datetime": {"datetime": "2022-05-17 02:23:23", "elapsed": 24019.066621, "delta": 16.050073}}
{"target": 4.848041118681546, "params": {"Bgrad": 1.6476569437342432, "d1": -2.714105921944383, "d2": 0.4067293554085081, "d3": -1.0446989571589533, "d4": -0.8387576535071358, "p1": 27.084225168368445, "p2": 10.62233187751276, "p3": 11.059387210053972, "p4": 26.13846001508163, "pol1": -0.1703077719831243, "pol2": 0.5194136014179634, "pol3": 0.4471700305319366, "pol4": -0.2807088952137057, "v0s": 4.848041118681546}, "datetime": {"datetime": "2022-05-17 02:23:38", "elapsed": 24034.150277, "delta": 15.083656}}
{"target": 4.602040450585962, "params": {"Bgrad": 0.8371092717157932, "d1": -2.650921790761695, "d2": 0.505880345132962, "d3": -1.313389647298526, "d4": -2.5153789125093136, "p1": 7.1022358532093435, "p2": 36.45207418126994, "p3": 39.85488455694608, "p4": 32.09602577024101, "pol1": -0.20812068801367886, "pol2": -0.22573709249903384, "pol3": -0.6388715567633281, "pol4": -0.21020978066422646, "v0s": 4.602040450585962}, "datetime": {"datetime": "2022-05-17 02:23:54", "elapsed": 24049.511192, "delta": 15.360915}}
{"target": 3.9801562132587147, "params": {"Bgrad": 0.5193329708214223, "d1": -2.6693883343241027, "d2": -0.3721957356764669, "d3": -0.8130749764966057, "d4": -2.5940342000351615, "p1": 31.304886911809763, "p2": 10.62337710234888, "p3": 36.25769807626412, "p4": 28.709586934332272, "pol1": 0.07703181607141252, "pol2": -0.24078592907455398, "pol3": -0.08888857575551001, "pol4": 0.7071523080638749, "v0s": 3.9801562132587147}, "datetime": {"datetime": "2022-05-17 02:24:09", "elapsed": 24064.656684, "delta": 15.145492}}
{"target": 5.001467193776982, "params": {"Bgrad": 0.6172217735111476, "d1": -2.4496819713964713, "d2": -0.030029083063427997, "d3": -1.886086583521167, "d4": -1.7009041685044424, "p1": 32.39874084430831, "p2": 8.576327097159336, "p3": 39.757624378377216, "p4": 35.575639149364186, "pol1": -0.18347744477906636, "pol2": -0.4526707322122101, "pol3": 0.7627039790997181, "pol4": -0.6335111705781067, "v0s": 5.001467193776982}, "datetime": {"datetime": "2022-05-17 02:24:26", "elapsed": 24081.757945, "delta": 17.101261}}
{"target": -1.0, "params": {"Bgrad": 1.4146781367847931, "d1": -2.63278319786017, "d2": -0.8134192844500507, "d3": -2.3365583046683733, "d4": -1.7954270434494752, "p1": 32.930138916162505, "p2": 7.395616893789131, "p3": 38.38710789197883, "p4": 26.61346950446476, "pol1": -0.8078622224903032, "pol2": 0.4065841569169333, "pol3": -0.2318745420104673, "pol4": -0.5722180203666405, "v0s": 4.419980726650342}, "datetime": {"datetime": "2022-05-17 02:24:47", "elapsed": 24103.218545, "delta": 21.4606}}
{"target": 4.7453511081395865, "params": {"Bgrad": 0.5095706861425024, "d1": -2.2466553777264093, "d2": -0.05875374401296973, "d3": -2.8984174569726586, "d4": -2.080584675070335, "p1": 4.672093894753759, "p2": 38.15524007407325, "p3": 32.24333514647492, "p4": 42.4630473229032, "pol1": -0.9072478040168419, "pol2": 0.4072258406956404, "pol3": 0.820960092526092, "pol4": -0.7390295647248335, "v0s": 4.7453511081395865}, "datetime": {"datetime": "2022-05-17 02:24:59", "elapsed": 24114.869384, "delta": 11.650839}}
{"target": 5.555154061382258, "params": {"Bgrad": 2.0, "d1": -2.889549200152615, "d2": -0.2720596888525258, "d3": -0.9660510801057137, "d4": -3.0, "p1": 30.5343830190755, "p2": 12.982880949680753, "p3": 38.00887980429687, "p4": 26.527430316819636, "pol1": 1.0, "pol2": 0.3980778164934568, "pol3": -1.0, "pol4": 0.27332874176380456, "v0s": 5.555154061382258}, "datetime": {"datetime": "2022-05-17 02:25:16", "elapsed": 24132.161135, "delta": 17.291751}}
{"target": 4.487169658911319, "params": {"Bgrad": 2.0, "d1": -3.0, "d2": -3.0, "d3": -2.199837025314236, "d4": -1.0503027495828445, "p1": 20.349034344484117, "p2": 17.97089914404033, "p3": 27.841672997592354, "p4": 47.78496969628291, "pol1": 0.15967564028827153, "pol2": -0.10896406929644431, "pol3": 0.939695796109746, "pol4": -0.814118082657561, "v0s": 4.487169658911319}, "datetime": {"datetime": "2022-05-17 02:25:31", "elapsed": 24146.934621, "delta": 14.773486}}
{"target": 3.1235299256448306, "params": {"Bgrad": 0.89919836843152, "d1": -0.881986680636524, "d2": 0.492030985161362, "d3": -2.9331857665081635, "d4": -0.36862468363596745, "p1": 8.489578937373654, "p2": 25.91434292214943, "p3": 41.77132670710213, "p4": 24.98029016841882, "pol1": 0.7431395533587919, "pol2": -0.6447274909598235, "pol3": -0.23800093981564685, "pol4": -0.8043339324841801, "v0s": 3.1235299256448306}, "datetime": {"datetime": "2022-05-17 02:25:50", "elapsed": 24165.29252, "delta": 18.357899}}
{"target": -1.0, "params": {"Bgrad": 1.5203997348723806, "d1": -1.4760014594050075, "d2": -0.339980484831341, "d3": -2.17086521863974, "d4": -0.5115325747937778, "p1": 28.88452721123919, "p2": 28.8584493253078, "p3": 6.960186485004743, "p4": 43.804307079370886, "pol1": -0.7312127915969233, "pol2": -0.75896129620892, "pol3": 0.07948579498130592, "pol4": -0.5240141387128265, "v0s": 2.1730215116324363}, "datetime": {"datetime": "2022-05-17 02:26:03", "elapsed": 24178.631843, "delta": 13.339323}}
{"target": -1.0, "params": {"Bgrad": 1.4887162337703896, "d1": -2.854958060961885, "d2": -1.2597255274058976, "d3": -2.874807801213443, "d4": -2.6152437532418054, "p1": 24.70065663228913, "p2": 7.394518044324561, "p3": 36.05919863907715, "p4": 33.340424727025045, "pol1": -0.09043137060345985, "pol2": 0.08017433874482705, "pol3": 0.4395718829294968, "pol4": 0.19570261709065484, "v0s": 5.514504696729134}, "datetime": {"datetime": "2022-05-17 02:26:26", "elapsed": 24202.050207, "delta": 23.418364}}
{"target": -1.0, "params": {"Bgrad": 0.8859230273310934, "d1": -2.4829044735752803, "d2": 0.3786514370358893, "d3": -2.3344411623978263, "d4": -2.573066606824214, "p1": 32.927462866084326, "p2": 2.2499695446486836, "p3": 36.3953104236534, "p4": 32.51186835168643, "pol1": -0.12906353576878793, "pol2": -0.5244172512343692, "pol3": -0.34832240068629505, "pol4": 0.03919708329127425, "v0s": 7.247042288435801}, "datetime": {"datetime": "2022-05-17 02:26:55", "elapsed": 24230.867133, "delta": 28.816926}}
{"target": 4.620142155293698, "params": {"Bgrad": 1.4704142826870852, "d1": -2.628348742069464, "d2": 0.9281350216947862, "d3": -1.563702753859221, "d4": -1.9587427883380595, "p1": 43.54262967425179, "p2": 25.982631153475033, "p3": 18.87524376359167, "p4": 12.87729091729276, "pol1": -0.1640065039960237, "pol2": 0.5398075885578559, "pol3": 0.2308996079061473, "pol4": 1.0, "v0s": 4.620142155293698}, "datetime": {"datetime": "2022-05-17 02:27:17", "elapsed": 24252.46038, "delta": 21.593247}}
{"target": 3.6292214818677193, "params": {"Bgrad": 1.5553253574965247, "d1": -2.7995414151412352, "d2": 0.4456470289209369, "d3": -2.3395790621579757, "d4": -2.422648077260037, "p1": 23.11407344548371, "p2": 8.279036068201883, "p3": 10.664723550866274, "p4": 26.443169455490718, "pol1": -0.06068608903496431, "pol2": 0.4235522142520185, "pol3": 0.38629821024874267, "pol4": -0.8917803024680127, "v0s": 3.6292214818677193}, "datetime": {"datetime": "2022-05-17 02:27:30", "elapsed": 24265.466592, "delta": 13.006212}}
{"target": 4.47425877083803, "params": {"Bgrad": 0.6600546162146177, "d1": -1.494179182388447, "d2": 0.3941802556996308, "d3": -1.7248188965031033, "d4": -2.087682055473814, "p1": 30.81803754530442, "p2": 8.747272604262479, "p3": 13.245670993541669, "p4": 28.634216705392017, "pol1": -0.008983551488642272, "pol2": -0.14013452645205393, "pol3": -0.9168341370829323, "pol4": -0.5289858449962508, "v0s": 4.47425877083803}, "datetime": {"datetime": "2022-05-17 02:27:44", "elapsed": 24280.010698, "delta": 14.544106}}
{"target": 5.141863118177892, "params": {"Bgrad": 1.2606094324949113, "d1": -1.324550343024018, "d2": 0.044057198978337375, "d3": -2.2510247302032953, "d4": -1.3966745504369422, "p1": 5.109131722044386, "p2": 38.61035375622352, "p3": 34.2041373179553, "p4": 42.97513690263336, "pol1": -0.8872135430025458, "pol2": 0.7728053272377826, "pol3": -0.6740051286761948, "pol4": 0.24994422844076158, "v0s": 5.141863118177892}, "datetime": {"datetime": "2022-05-17 02:28:05", "elapsed": 24301.019502, "delta": 21.008804}}
{"target": 2.985566497709673, "params": {"Bgrad": 1.175743193704625, "d1": -2.447872131659546, "d2": 0.0931118314392978, "d3": -1.1769040597675628, "d4": -0.7523407151521053, "p1": 33.84294347327924, "p2": 5.279531245042857, "p3": 38.31122507454469, "p4": 31.920208818610973, "pol1": 0.5558613383604927, "pol2": -0.4691519972721898, "pol3": -0.665267190637951, "pol4": 0.10356499512324424, "v0s": 2.985566497709673}, "datetime": {"datetime": "2022-05-17 02:28:19", "elapsed": 24314.714872, "delta": 13.69537}}
{"target": 3.9935425166439384, "params": {"Bgrad": 1.4694167595230663, "d1": -2.448151224568262, "d2": 0.4962958191418996, "d3": -2.7860793832149975, "d4": -1.2319369592216387, "p1": 1.3143175284927588, "p2": 30.37507313291569, "p3": 20.006647490429053, "p4": 9.329293298419433, "pol1": -0.46404253409648155, "pol2": -0.5348968148976658, "pol3": -0.24903824522722973, "pol4": 0.025531972366686695, "v0s": 3.9935425166439384}, "datetime": {"datetime": "2022-05-17 02:28:38", "elapsed": 24333.31612, "delta": 18.601248}}
{"target": 5.117771470240088, "params": {"Bgrad": 1.8885573801088675, "d1": -2.5137802133726166, "d2": 0.8177528327453683, "d3": -1.2248312905943441, "d4": -1.1061578341855178, "p1": 27.758401462852483, "p2": 10.879305047177132, "p3": 12.960075541329205, "p4": 27.84562123878464, "pol1": 0.055569827517550546, "pol2": 0.42396313896440924, "pol3": 0.38477234720171427, "pol4": 0.018200216158979866, "v0s": 5.117771470240088}, "datetime": {"datetime": "2022-05-17 02:28:56", "elapsed": 24351.452612, "delta": 18.136492}}
{"target": 4.677531952318752, "params": {"Bgrad": 1.1335197645502775, "d1": -2.7520427154445137, "d2": 0.8378384026785155, "d3": -0.41527521227487707, "d4": -2.9786258761600855, "p1": 6.608874810141064, "p2": 28.429476930120213, "p3": 43.05492029751696, "p4": 21.318247970386274, "pol1": 0.926397352989943, "pol2": -0.5670834751772025, "pol3": -0.07960053530906652, "pol4": 0.17962269007206477, "v0s": 4.677531952318752}, "datetime": {"datetime": "2022-05-17 02:29:10", "elapsed": 24366.117389, "delta": 14.664777}}
{"target": 4.464361370035449, "params": {"Bgrad": 0.6794415417835474, "d1": -2.057161806505914, "d2": 1.0, "d3": -1.745564139714519, "d4": -3.0, "p1": 30.758531730923533, "p2": 11.821777000289817, "p3": 35.193196455275654, "p4": 25.1132287281783, "pol1": 0.16459001660996997, "pol2": -0.17212391976438748, "pol3": 0.41887254624473874, "pol4": 0.6395383152644041, "v0s": 4.464361370035449}, "datetime": {"datetime": "2022-05-17 02:29:24", "elapsed": 24380.132903, "delta": 14.015514}}
{"target": -1.0, "params": {"Bgrad": 1.2621672375379493, "d1": -1.028583272315358, "d2": -1.4575913417628223, "d3": -1.055998503691804, "d4": -2.6587624564890273, "p1": 27.151863288319483, "p2": 11.438247936584961, "p3": 36.768605301130044, "p4": 28.129482494738696, "pol1": 0.031445079761815986, "pol2": 0.9847595232571029, "pol3": 0.9176174176450527, "pol4": -0.9072699400935254, "v0s": 5.489374711158707}, "datetime": {"datetime": "2022-05-17 02:29:44", "elapsed": 24399.77437, "delta": 19.641467}}
{"target": 4.616037337376467, "params": {"Bgrad": 1.802166939391227, "d1": -1.702708019858905, "d2": -0.07077431312105498, "d3": -0.8708927296081193, "d4": -1.4628753271267874, "p1": 9.091338382544789, "p2": 23.60129688842127, "p3": 45.90445370854062, "p4": 21.35098512712132, "pol1": 0.7703768893077307, "pol2": -0.5632910695050171, "pol3": -0.17036784466985333, "pol4": -0.9932992256486586, "v0s": 4.616037337376467}, "datetime": {"datetime": "2022-05-17 02:30:07", "elapsed": 24422.596329, "delta": 22.821959}}
{"target": 4.406799351669317, "params": {"Bgrad": 1.925322296804218, "d1": -1.0778101666364894, "d2": 0.07446622323009588, "d3": -0.8394751104055551, "d4": -2.2361425367388965, "p1": 6.3226155348415025, "p2": 24.743805312970995, "p3": 44.55770765325065, "p4": 22.290162240153784, "pol1": -0.13405684277368657, "pol2": -0.6899185034787725, "pol3": -0.9499656086619397, "pol4": 0.8001367342425911, "v0s": 4.406799351669317}, "datetime": {"datetime": "2022-05-17 02:30:22", "elapsed": 24437.625133, "delta": 15.028804}}
{"target": -1.0, "params": {"Bgrad": 2.0, "d1": -2.624573363892468, "d2": 0.328115213293605, "d3": 0.2442072753523732, "d4": -1.64427191674949, "p1": 32.784237016615926, "p2": 4.1682771938723455, "p3": 35.80886149011322, "p4": 31.299317968759706, "pol1": 0.5461481619516035, "pol2": 0.9852565054939892, "pol3": 1.0, "pol4": 0.46005957269587877, "v0s": 5.140452031624888}, "datetime": {"datetime": "2022-05-17 02:30:46", "elapsed": 24461.391567, "delta": 23.766434}}
{"target": 4.7971993895767975, "params": {"Bgrad": 0.9321702874507358, "d1": -3.0, "d2": -0.22654776831967055, "d3": -2.671052260657316, "d4": -2.709024985910579, "p1": 32.074441092372766, "p2": 5.528116657258401, "p3": 37.406873972945654, "p4": 29.096806025408153, "pol1": 0.0387257599661762, "pol2": -0.16542212477620405, "pol3": -0.223975976533714, "pol4": 0.6733326297365688, "v0s": 4.7971993895767975}, "datetime": {"datetime": "2022-05-17 02:31:08", "elapsed": 24483.858476, "delta": 22.466909}}
{"target": 4.7264558673130095, "params": {"Bgrad": 1.5361822008883883, "d1": -2.131375639815788, "d2": 0.107318517617767, "d3": -0.782988865916884, "d4": -2.026096940619283, "p1": 7.257198032357327, "p2": 24.296808874868784, "p3": 45.06585510039837, "p4": 21.547942482865043, "pol1": 0.6869593066618535, "pol2": -0.7177561704255633, "pol3": -0.34192965006957843, "pol4": -0.4301852886061289, "v0s": 4.7264558673130095}, "datetime": {"datetime": "2022-05-17 02:31:24", "elapsed": 24500.052164, "delta": 16.193688}}
{"target": -1.0, "params": {"Bgrad": 1.9087821814969481, "d1": -0.91250709552178, "d2": -1.2954015368836758, "d3": 0.7336232073518727, "d4": -1.821889940254942, "p1": 9.057870943465218, "p2": 22.923539568887126, "p3": 45.474547613793376, "p4": 17.959296116643237, "pol1": 0.909780461010715, "pol2": 0.8034824568045178, "pol3": 0.12651762020072388, "pol4": 0.4552170357045233, "v0s": 3.92034141544899}, "datetime": {"datetime": "2022-05-17 02:31:45", "elapsed": 24520.684979, "delta": 20.632815}}
{"target": 4.737596382177986, "params": {"Bgrad": 1.0355893104020306, "d1": -2.7259837741284083, "d2": 0.12691911576084855, "d3": -2.095540518263764, "d4": -2.0933157168864938, "p1": 29.814078099584005, "p2": 9.655385563186456, "p3": 13.59456211430048, "p4": 26.70525174556243, "pol1": 0.1769873859859767, "pol2": 0.021214796291951277, "pol3": -0.7344511476606677, "pol4": 0.11458811440088972, "v0s": 4.737596382177986}, "datetime": {"datetime": "2022-05-17 02:32:00", "elapsed": 24536.141638, "delta": 15.456659}}
{"target": -1.0, "params": {"Bgrad": 1.23463806800579, "d1": -2.3830058524645272, "d2": -0.2604270873400454, "d3": -2.503305269568485, "d4": -1.7898051750454034, "p1": 6.9718437819592864, "p2": 39.17345921858362, "p3": 41.309244072274275, "p4": 31.825871398844757, "pol1": 0.38686752218985054, "pol2": -0.147450885603019, "pol3": 0.8679870937812892, "pol4": -0.35188087623135944, "v0s": 5.458135819948309}, "datetime": {"datetime": "2022-05-17 02:32:23", "elapsed": 24559.164062, "delta": 23.022424}}
{"target": 4.122081789720646, "params": {"Bgrad": 1.8823329091045493, "d1": -1.6176318670934307, "d2": 0.7469561214353653, "d3": -1.6332316658254786, "d4": -0.9747441027731649, "p1": 32.58015877116985, "p2": 9.064976763502465, "p3": 40.99086359400518, "p4": 37.0566816572246, "pol1": 0.19954378931738193, "pol2": -0.6557621564920231, "pol3": 0.6926012896808134, "pol4": 0.007504398406834145, "v0s": 4.122081789720646}, "datetime": {"datetime": "2022-05-17 02:32:40", "elapsed": 24575.398641, "delta": 16.234579}}
{"target": 2.085079976216635, "params": {"Bgrad": 1.8846894254273538, "d1": -2.284705514611612, "d2": -0.7210117536669554, "d3": -0.8210575408255436, "d4": -2.7346198109373763, "p1": 32.316898138810465, "p2": 7.807572607630497, "p3": 40.867176378336005, "p4": 34.7416986852154, "pol1": 0.9552428095297614, "pol2": -0.6594889624039395, "pol3": -0.7986257498452725, "pol4": 0.5206545726222502, "v0s": 2.085079976216635}, "datetime": {"datetime": "2022-05-17 02:32:52", "elapsed": 24587.488305, "delta": 12.089664}}
{"target": 5.051214417238777, "params": {"Bgrad": 1.382249265432358, "d1": -3.0, "d2": 0.20575709630525843, "d3": -1.2038539575441127, "d4": -3.0, "p1": 31.23126502228477, "p2": 13.062072357283244, "p3": 37.740530822569326, "p4": 25.68930381910865, "pol1": 1.0, "pol2": 0.9029531953946501, "pol3": -1.0, "pol4": -0.5848401863611369, "v0s": 5.051214417238777}, "datetime": {"datetime": "2022-05-17 02:33:08", "elapsed": 24604.047017, "delta": 16.558712}}
{"target": -1.0, "params": {"Bgrad": 1.774644556084809, "d1": -2.9054661490762403, "d2": -0.7018621191158778, "d3": -2.2137749496998365, "d4": -2.7855422035794186, "p1": 43.357134419609054, "p2": 22.88734456703158, "p3": 24.41456762198517, "p4": 9.86817197652982, "pol1": -0.7540485098291216, "pol2": 0.670640227107647, "pol3": 0.8172403351217075, "pol4": -0.3962013350370508, "v0s": 6.408123227673098}, "datetime": {"datetime": "2022-05-17 02:33:30", "elapsed": 24625.875634, "delta": 21.828617}}
{"target": 4.279185444720241, "params": {"Bgrad": 2.0, "d1": -2.8014028996248834, "d2": 0.2487652587951423, "d3": -0.7049936706333647, "d4": -2.3143085530390204, "p1": 45.14956073374687, "p2": 21.43023960030414, "p3": 26.169115791651446, "p4": 12.877578356412762, "pol1": 0.9690042437632944, "pol2": 0.4161381814943512, "pol3": -1.0, "pol4": 0.4985733554570432, "v0s": 4.279185444720241}, "datetime": {"datetime": "2022-05-17 02:33:47", "elapsed": 24642.431353, "delta": 16.555719}}
{"target": 3.957502746152149, "params": {"Bgrad": 2.0, "d1": -3.0, "d2": 1.0, "d3": -2.9114804955369316, "d4": -1.3174900237075566, "p1": 27.508740157074474, "p2": 28.662195767382187, "p3": 5.334633049773187, "p4": 43.50585554419526, "pol1": 1.0, "pol2": 0.1957560097136625, "pol3": -0.12253030227881664, "pol4": -0.20918662709516406, "v0s": 3.957502746152149}, "datetime": {"datetime": "2022-05-17 02:34:08", "elapsed": 24663.58677, "delta": 21.155417}}
{"target": -1.0, "params": {"Bgrad": 1.1748248258303018, "d1": -1.4088174163168907, "d2": -1.544192717763564, "d3": -2.354190648888264, "d4": 0.27269157186326254, "p1": 18.05598445044233, "p2": 18.20944003967061, "p3": 29.611884359316555, "p4": 47.123148974743735, "pol1": -0.5143691542823463, "pol2": 0.9401295048352214, "pol3": 0.38151491949137517, "pol4": -0.9544068024165828, "v0s": 3.3826416762608007}, "datetime": {"datetime": "2022-05-17 02:34:27", "elapsed": 24682.987881, "delta": 19.401111}}
{"target": 4.421801109320273, "params": {"Bgrad": 2.0, "d1": -3.0, "d2": 1.0, "d3": -1.7280563623402976, "d4": -0.3803861319963656, "p1": 30.75442608487966, "p2": 12.580979272881994, "p3": 32.7767278382404, "p4": 25.609006334245333, "pol1": 0.05507090163645039, "pol2": 1.0, "pol3": -0.42449426891146674, "pol4": 0.3878146982924902, "v0s": 4.421801109320273}, "datetime": {"datetime": "2022-05-17 02:34:44", "elapsed": 24700.022319, "delta": 17.034438}}
{"target": 3.7973710453939447, "params": {"Bgrad": 1.5670942163686128, "d1": -2.54532512944451, "d2": -0.6666280266847706, "d3": -0.6020679081678475, "d4": -2.281169902946188, "p1": 3.072699004309448, "p2": 37.11067946655891, "p3": 29.86852443588697, "p4": 36.585921817138896, "pol1": 0.7006097756243572, "pol2": 0.5457953169289056, "pol3": 0.9167996730486212, "pol4": -0.9316465334539725, "v0s": 3.7973710453939447}, "datetime": {"datetime": "2022-05-17 02:35:05", "elapsed": 24720.648152, "delta": 20.625833}}
{"target": 3.9581698668190683, "params": {"Bgrad": 1.816376089356998, "d1": -2.013277125803261, "d2": 0.603279535349085, "d3": -0.7294552601625186, "d4": -1.4000968034174817, "p1": 2.8285520786911404, "p2": 33.28822770087536, "p3": 29.277274988034094, "p4": 37.877604479726735, "pol1": -1.0, "pol2": 0.04635691217564317, "pol3": -0.19493120662897098, "pol4": -0.015296885170947247, "v0s": 3.9581698668190683}, "datetime": {"datetime": "2022-05-17 02:35:22", "elapsed": 24738.167295, "delta": 17.519143}}
