{"target": -1.0, "params": {"Bgrad": 1.8856064714525673, "d1": -1.619871741344098, "d2": -0.7080340152717981, "d3": -0.10884852460889549, "d4": -0.5632508869373312, "p1": 29.690080140425966, "p2": 10.444166329334848, "p3": 34.567106130919726, "p4": 23.18126930355227, "pol1": 0.5362940740541255, "pol2": 0.35239220220947054, "pol3": 0.051456323193872056, "pol4": -0.18063627938303828, "v0s": 4.673077537895844}, "datetime": {"datetime": "2022-05-16 22:34:49", "elapsed": 10304.710383, "delta": 12.328027}}
{"target": 4.6471771665830515, "params": {"Bgrad": 1.0115747368464836, "d1": -2.7129234200026673, "d2": 0.5792655694850996, "d3": -1.773843648556897, "d4": -2.5004104539930205, "p1": 7.100952922779947, "p2": 35.892139087887536, "p3": 36.53571730607078, "p4": 36.58089996393906, "pol1": 0.09132208090647595, "pol2": 0.25798823339876786, "pol3": -0.2588189489642309, "pol4": -0.564014519596818, "v0s": 4.6471771665830515}, "datetime": {"datetime": "2022-05-16 22:34:57", "elapsed": 10313.052072, "delta": 8.341689}}
{"target": 5.077203294962528, "params": {"Bgrad": 1.0025469145766255, "d1": -2.2590067376735967, "d2": 0.9123644240542711, "d3": -0.8836730294340829, "d4": -2.4427375707865995, "p1": 41.06589034553084, "p2": 20.88740691336363, "p3": 17.86489269839345, "p4": 17.44923533878566, "pol1": 0.659276174317297, "pol2": -1.0, "pol3": 1.0, "pol4": -1.0, "v0s": 5.077203294962528}, "datetime": {"datetime": "2022-05-16 22:35:06", "elapsed": 10321.427671, "delta": 8.375599}}
{"target": 3.5870620696983986, "params": {"Bgrad": 1.99758910209345, "d1": -2.8757758472259924, "d2": 0.36098016695353197, "d3": -0.9182059840408376, "d4": -2.840479913656498, "p1": 32.827288576725614, "p2": 13.914303279406676, "p3": 36.145095258744384, "p4": 25.934046374547563, "pol1": 0.6381284532953129, "pol2": 0.6193175642519144, "pol3": -0.2324792079250193, "pol4": 0.7132805736239356, "v0s": 3.5870620696983986}, "datetime": {"datetime": "2022-05-16 22:35:14", "elapsed": 10329.452208, "delta": 8.024537}}
{"target": 5.576068690277065, "params": {"Bgrad": 0.9694529737177298, "d1": -1.3905583286390781, "d2": 0.32686820253628524, "d3": -0.9687094913516123, "d4": -2.925878117828999, "p1": 4.163962770042423, "p2": 33.56806188334945, "p3": 32.94039198321172, "p4": 38.18038061843572, "pol1": -0.3455409679079031, "pol2": -0.03450194514127003, "pol3": 0.08960066173145598, "pol4": 0.42399890564577203, "v0s": 5.576068690277065}, "datetime": {"datetime": "2022-05-16 22:35:25", "elapsed": 10340.655244, "delta": 11.203036}}
{"target": -1.0, "params": {"Bgrad": 1.2908094006410147, "d1": -0.4810310108105398, "d2": 0.19883645945259465, "d3": 0.31559075032891615, "d4": -1.4701653672111887, "p1": 47.3180610739618, "p2": 23.414603085684117, "p3": 25.028239275936592, "p4": 14.956815137214463, "pol1": 0.2859639981233699, "pol2": -0.24655699132636566, "pol3": -0.45491377537646827, "pol4": 0.9808727209598398, "v0s": 2.649394876827018}, "datetime": {"datetime": "2022-05-16 22:35:41", "elapsed": 10356.533775, "delta": 15.878531}}
{"target": -1.0, "params": {"Bgrad": 1.4223598841315825, "d1": -2.6426079475437705, "d2": 0.996629677602404, "d3": 0.6533670799717233, "d4": 0.0019390771050336042, "p1": 32.20351370954959, "p2": 9.02104062712325, "p3": 7.6823440979117805, "p4": 30.07746559138349, "pol1": -0.07034680256455217, "pol2": -0.38758571403977227, "pol3": -0.3044207368487031, "pol4": -0.11577471347761348, "v0s": 5.372372380285805}, "datetime": {"datetime": "2022-05-16 22:35:54", "elapsed": 10369.822233, "delta": 13.288458}}
{"target": 3.415852774745186, "params": {"Bgrad": 1.2565673393555226, "d1": -1.4094429686986718, "d2": -0.03827694192848341, "d3": -1.2999424268746131, "d4": -2.5550160612811172, "p1": 8.13917676754327, "p2": 24.992858190020232, "p3": 43.2686809845957, "p4": 24.97706665682552, "pol1": 0.6400088587522677, "pol2": 0.6399089794967747, "pol3": 0.41561260943001077, "pol4": 0.05111957610743212, "v0s": 3.415852774745186}, "datetime": {"datetime": "2022-05-16 22:36:04", "elapsed": 10379.317836, "delta": 9.495603}}
{"target": 4.070473427697867, "params": {"Bgrad": 0.5, "d1": 0.8063726775016687, "d2": -0.390311229201229, "d3": -1.5493254125471752, "d4": -3.0, "p1": 20.90733923336587, "p2": 6.401745363178422, "p3": 46.79569103741786, "p4": 39.59846365101263, "pol1": -0.4059712522185064, "pol2": 0.577679703733113, "pol3": -1.0, "pol4": 0.08676191851053797, "v0s": 4.070473427697867}, "datetime": {"datetime": "2022-05-16 22:36:10", "elapsed": 10385.437468, "delta": 6.119632}}
{"target": 5.224058096205347, "params": {"Bgrad": 0.6408797494834043, "d1": -2.3643312749992904, "d2": 1.0, "d3": -2.3256553172987786, "d4": -1.7488687401906358, "p1": 7.3830866172804335, "p2": 34.613869707647474, "p3": 38.11987019820214, "p4": 34.6587571861614, "pol1": -0.20434541834489864, "pol2": 0.2599172334466394, "pol3": 0.7304989742279914, "pol4": -1.0, "v0s": 5.224058096205347}, "datetime": {"datetime": "2022-05-16 22:36:18", "elapsed": 10393.599637, "delta": 8.162169}}
{"target": 4.488530709506706, "params": {"Bgrad": 0.9838576898889904, "d1": -1.4720000851043797, "d2": 0.7710460586585679, "d3": -1.380958966206274, "d4": -1.7880925631783506, "p1": 40.03405804656025, "p2": 20.276964660590725, "p3": 16.186260166051866, "p4": 12.631597095195014, "pol1": 0.6688209313048512, "pol2": 0.9353491995815872, "pol3": -0.5462558542228364, "pol4": -0.5350261190922379, "v0s": 4.488530709506706}, "datetime": {"datetime": "2022-05-16 22:36:28", "elapsed": 10404.204274, "delta": 10.604637}}
{"target": 6.15220093632067, "params": {"Bgrad": 1.9010596085658884, "d1": -2.5661412592914874, "d2": -0.4045655759705875, "d3": -0.3170650263547339, "d4": -2.2652072675072707, "p1": 5.032015132967521, "p2": 35.07401133112501, "p3": 33.69138429329344, "p4": 39.06517692865927, "pol1": -0.3408997050879923, "pol2": 0.6193726311760417, "pol3": 0.47116593378295146, "pol4": 0.5829679496697404, "v0s": 6.15220093632067}, "datetime": {"datetime": "2022-05-16 22:36:40", "elapsed": 10415.453187, "delta": 11.248913}}
{"target": 4.39776524302976, "params": {"Bgrad": 2.0, "d1": -3.0, "d2": 0.469150582199884, "d3": -0.5823020621366115, "d4": -2.4414534653855595, "p1": 30.28339632313138, "p2": 12.416647276448579, "p3": 37.33496776777296, "p4": 26.824597552604747, "pol1": 0.3084459872455954, "pol2": -0.19508734673187872, "pol3": -1.0, "pol4": -0.05427094051953128, "v0s": 4.39776524302976}, "datetime": {"datetime": "2022-05-16 22:36:48", "elapsed": 10423.720076, "delta": 8.266889}}
{"target": 4.06818015551475, "params": {"Bgrad": 1.811019236216813, "d1": -3.0, "d2": -1.8921529902522394, "d3": -2.82258361796954, "d4": -0.7343639886324629, "p1": 20.84620992666926, "p2": 17.923758162957725, "p3": 28.104283616579576, "p4": 48.700554113128774, "pol1": 1.0, "pol2": 0.6821383634882291, "pol3": 0.28434094510019564, "pol4": 0.0881157493134174, "v0s": 4.06818015551475}, "datetime": {"datetime": "2022-05-16 22:36:57", "elapsed": 10433.206703, "delta": 9.486627}}
{"target": 4.053652678228082, "params": {"Bgrad": 1.9878926167585582, "d1": -3.0, "d2": -2.446459941756782, "d3": -1.2861579516140291, "d4": -3.0, "p1": 5.244778594780684, "p2": 11.146499331601838, "p3": 36.59638950876324, "p4": 28.518943128826095, "pol1": -1.0, "pol2": -1.0, "pol3": 0.38714058407410806, "pol4": -1.0, "v0s": 4.053652678228082}, "datetime": {"datetime": "2022-05-16 22:37:05", "elapsed": 10440.993876, "delta": 7.787173}}
{"target": 4.552000614414697, "params": {"Bgrad": 1.5303749432142841, "d1": -2.689033704954069, "d2": 1.0, "d3": -0.35573338171652247, "d4": -1.9526284272178638, "p1": 44.69872359119313, "p2": 21.59787058295934, "p3": 24.505223543601947, "p4": 11.90389004445687, "pol1": -0.5115731381256207, "pol2": -0.5409742770039688, "pol3": 1.0, "pol4": -0.4642838220282641, "v0s": 4.552000614414697}, "datetime": {"datetime": "2022-05-16 22:37:15", "elapsed": 10450.768732, "delta": 9.774856}}
{"target": -1.0, "params": {"Bgrad": 1.8478820252560322, "d1": -2.1047698155320274, "d2": 0.22221243217961595, "d3": 0.03960222653496892, "d4": 0.5076050186205294, "p1": 45.51708666040511, "p2": 22.64095088233394, "p3": 25.724988421306332, "p4": 15.03815766932099, "pol1": -0.2788106312978713, "pol2": 0.2654401757151632, "pol3": -0.38204207790806843, "pol4": -0.3837700439374023, "v0s": 3.9126915068526085}, "datetime": {"datetime": "2022-05-16 22:37:32", "elapsed": 10467.294531, "delta": 16.525799}}
{"target": -1.0, "params": {"Bgrad": 1.1080264422606612, "d1": -1.839469486130474, "d2": 0.22160314356954514, "d3": -2.5886752748035655, "d4": -0.04876928109287304, "p1": 27.612533363781296, "p2": 14.144560911043191, "p3": 38.02696670933165, "p4": 24.483615202401737, "pol1": -0.09821718506431676, "pol2": 0.022611877884041398, "pol3": -0.5825657081067972, "pol4": 0.21648720957553702, "v0s": 3.025814217211697}, "datetime": {"datetime": "2022-05-16 22:37:44", "elapsed": 10479.268505, "delta": 11.973974}}
{"target": 4.636049988699285, "params": {"Bgrad": 0.572281414095517, "d1": -0.8272529710963221, "d2": 0.921175413538986, "d3": -2.7410484715784587, "d4": -0.9982417921184163, "p1": 6.373740206785966, "p2": 34.26156030277964, "p3": 38.89291443327196, "p4": 34.29645870391923, "pol1": -0.8755595262187292, "pol2": -0.2851604699437258, "pol3": 0.9160416034593539, "pol4": -0.5842755075665964, "v0s": 4.636049988699285}, "datetime": {"datetime": "2022-05-16 22:37:50", "elapsed": 10485.999502, "delta": 6.730997}}
{"target": 4.307471522899844, "params": {"Bgrad": 0.6642076603997868, "d1": -2.634672774522181, "d2": -0.06928753807726862, "d3": 0.5274520261064066, "d4": -0.35465807249813963, "p1": 33.092554349824006, "p2": 11.360242529292908, "p3": 8.234499805362688, "p4": 27.633770649368284, "pol1": -0.35111127153009836, "pol2": -0.022598496332485007, "pol3": 0.09415666978950221, "pol4": -0.7479919715501215, "v0s": 4.307471522899844}, "datetime": {"datetime": "2022-05-16 22:37:57", "elapsed": 10492.562948, "delta": 6.563446}}
{"target": 6.063713240324659, "params": {"Bgrad": 1.0855495385054073, "d1": -2.0694060912788137, "d2": -0.0038588712414319294, "d3": -0.5580148146253044, "d4": -3.0, "p1": 9.735238172686623, "p2": 36.67837608319415, "p3": 44.03402716228364, "p4": 33.27981003467005, "pol1": -0.40901314907306713, "pol2": -0.26339868009446943, "pol3": 0.14132644401899647, "pol4": -0.22098099924439044, "v0s": 6.063713240324659}, "datetime": {"datetime": "2022-05-16 22:38:08", "elapsed": 10503.900623, "delta": 11.337675}}
{"target": 4.48515355093348, "params": {"Bgrad": 0.9172824500545814, "d1": -0.8870663825679765, "d2": 1.0, "d3": -1.3326697009906325, "d4": -2.0457422244099766, "p1": 39.49305939037407, "p2": 19.648074426965525, "p3": 16.332240551730706, "p4": 14.265268010451214, "pol1": 1.0, "pol2": 0.49137567635840207, "pol3": 0.1744237045281519, "pol4": -0.6770769608438547, "v0s": 4.48515355093348}, "datetime": {"datetime": "2022-05-16 22:38:18", "elapsed": 10513.36132, "delta": 9.460697}}
{"target": 3.2403377654148406, "params": {"Bgrad": 1.4080333518307029, "d1": -2.111565203037848, "d2": -1.060669726709861, "d3": -1.4795185971538922, "d4": -1.2353603789137497, "p1": 27.544123571330676, "p2": 28.67591323518484, "p3": 5.140136479516311, "p4": 42.72776876971749, "pol1": 0.22701368761401208, "pol2": -0.7071700981219415, "pol3": 0.8825693327213, "pol4": 0.25410727337499384, "v0s": 3.2403377654148406}, "datetime": {"datetime": "2022-05-16 22:38:27", "elapsed": 10522.250544, "delta": 8.889224}}
{"target": 4.174595309420982, "params": {"Bgrad": 1.4288687545004617, "d1": -2.7105610980945682, "d2": 1.0, "d3": -1.8264467659891974, "d4": -2.021270362128826, "p1": 29.449989897895016, "p2": 11.799447105976927, "p3": 37.78968522849905, "p4": 27.315294813155234, "pol1": 0.3714178976618599, "pol2": 0.42744615314006157, "pol3": -1.0, "pol4": -0.4839544768833742, "v0s": 4.174595309420982}, "datetime": {"datetime": "2022-05-16 22:38:37", "elapsed": 10533.015751, "delta": 10.765207}}
{"target": -1.0, "params": {"Bgrad": 0.5298201281021493, "d1": -0.6389882572679357, "d2": 0.03398446892556661, "d3": -1.3640706386488977, "d4": -1.470445503059345, "p1": 38.381289106637304, "p2": 19.16831210896714, "p3": 15.376318901046421, "p4": 9.862823783184904, "pol1": 0.27498094593880373, "pol2": 0.12922944477509568, "pol3": 0.797061215633009, "pol4": 0.22661660562291241, "v0s": 4.955090009002679}, "datetime": {"datetime": "2022-05-16 22:38:48", "elapsed": 10543.23841, "delta": 10.222659}}
{"target": -1.0, "params": {"Bgrad": 1.8388988427522093, "d1": -2.5099896808953686, "d2": -1.3370916251257632, "d3": -2.722665562896304, "d4": 0.9956283670535977, "p1": 44.93825506279798, "p2": 22.167188222464258, "p3": 26.091115762736077, "p4": 11.731400606534919, "pol1": -0.5737151918232724, "pol2": -0.6307281149765389, "pol3": -0.9834006604867671, "pol4": 0.5469211875803388, "v0s": 4.702056096719776}, "datetime": {"datetime": "2022-05-16 22:39:03", "elapsed": 10558.259235, "delta": 15.020825}}
{"target": 4.810674516867542, "params": {"Bgrad": 0.5043730588614354, "d1": -2.6789217967988104, "d2": -3.0, "d3": -2.299584357956557, "d4": -1.69518724534888, "p1": 5.6405257206894035, "p2": 2.5383670252461914, "p3": 39.46828980340969, "p4": 20.874524865230015, "pol1": -0.2119627655292127, "pol2": 0.3956264775017477, "pol3": 0.9451938357082017, "pol4": -0.2124192433076673, "v0s": 4.810674516867542}, "datetime": {"datetime": "2022-05-16 22:39:10", "elapsed": 10565.321347, "delta": 7.062112}}
{"target": 3.428399950099018, "params": {"Bgrad": 0.5402229609725475, "d1": -2.901667291308328, "d2": -1.574638983297235, "d3": -2.889349832641477, "d4": -2.208377727870478, "p1": 9.983682118836857, "p2": 14.762952520028927, "p3": 6.421925431522041, "p4": 30.21243314519731, "pol1": -0.06255740993269288, "pol2": -0.6949658142054944, "pol3": 0.8834950231822816, "pol4": 0.9558088545394616, "v0s": 3.428399950099018}, "datetime": {"datetime": "2022-05-16 22:39:16", "elapsed": 10571.918701, "delta": 6.597354}}
{"target": 4.939034021827192, "params": {"Bgrad": 1.0477184834459654, "d1": -2.0332876195071723, "d2": 1.0, "d3": -1.2790192358427892, "d4": -0.9828312176772391, "p1": 1.9047643862304762, "p2": 32.00473019913332, "p3": 16.659353094294627, "p4": 11.102459188176729, "pol1": -0.5009740557131601, "pol2": 0.24085511901202067, "pol3": -0.053188750848394, "pol4": 1.0, "v0s": 4.939034021827192}, "datetime": {"datetime": "2022-05-16 22:39:27", "elapsed": 10582.294948, "delta": 10.376247}}
{"target": 5.338425625113219, "params": {"Bgrad": 1.3630354084478693, "d1": -2.3110813229569627, "d2": 0.3729125667688966, "d3": -0.9945350215026951, "d4": -2.311951418837725, "p1": 4.519392767099142, "p2": 34.66069394952516, "p3": 33.787306803698705, "p4": 38.817748282218474, "pol1": -0.3743747566519007, "pol2": 0.30491057706144414, "pol3": 0.2202872184434122, "pol4": 0.5427744789875033, "v0s": 5.338425625113219}, "datetime": {"datetime": "2022-05-16 22:39:37", "elapsed": 10592.340082, "delta": 10.045134}}
{"target": -1.0, "params": {"Bgrad": 0.8082659634754936, "d1": -2.4811332210208485, "d2": 0.8218517117143609, "d3": 0.048019921447199465, "d4": -1.6061758466567473, "p1": 1.8916016609215658, "p2": 36.301600292787704, "p3": 31.898743103685135, "p4": 39.5404919871339, "pol1": -0.09595884731739335, "pol2": -0.6303189005250542, "pol3": 0.12953254346575416, "pol4": 0.9705108794759112, "v0s": 6.936202457827028}, "datetime": {"datetime": "2022-05-16 22:39:47", "elapsed": 10602.225641, "delta": 9.885559}}
{"target": 3.795041750834046, "params": {"Bgrad": 1.5566158260520115, "d1": -2.6273572132832363, "d2": 0.3945124955698889, "d3": -1.2158011108283948, "d4": -0.6867403854160021, "p1": 35.10605194180275, "p2": 8.211082396774088, "p3": 9.747809272004293, "p4": 29.956747425777593, "pol1": -0.7152365604136923, "pol2": -0.7871836060806585, "pol3": -0.24306590958626195, "pol4": -0.10996962855877013, "v0s": 3.795041750834046}, "datetime": {"datetime": "2022-05-16 22:39:55", "elapsed": 10610.241202, "delta": 8.015561}}
{"target": 4.161173927717506, "params": {"Bgrad": 1.6022279204176149, "d1": 0.3597475338697269, "d2": -0.08767745837503912, "d3": -2.42440245051171, "d4": -1.8857106271482618, "p1": 27.56593856274418, "p2": 9.311468360689073, "p3": 38.43959845180296, "p4": 28.92239427843125, "pol1": 0.004794837980956307, "pol2": 0.11118447222808628, "pol3": -0.8419295510021952, "pol4": 0.1769801847345496, "v0s": 4.161173927717506}, "datetime": {"datetime": "2022-05-16 22:40:03", "elapsed": 10619.20024, "delta": 8.959038}}
{"target": 3.802172410906082, "params": {"Bgrad": 1.065249726180486, "d1": -2.0786084162555194, "d2": 0.5708668918572335, "d3": -1.2739221050638108, "d4": -2.1027485626393285, "p1": 29.6826580691076, "p2": 11.054169254308476, "p3": 10.054907950601894, "p4": 24.609418339616767, "pol1": -0.712225165384581, "pol2": -0.16767497745155935, "pol3": 0.3569273579286778, "pol4": -0.5691670712939856, "v0s": 3.802172410906082}, "datetime": {"datetime": "2022-05-16 22:40:12", "elapsed": 10627.748377, "delta": 8.548137}}
{"target": -1.0, "params": {"Bgrad": 1.2022782082242582, "d1": -0.47152985380074375, "d2": -0.2630507728693141, "d3": 0.7567929408228777, "d4": -0.868598584714348, "p1": 44.826023563659106, "p2": 22.47792152890383, "p3": 24.961070501027777, "p4": 11.984666737603462, "pol1": 0.2503488906163547, "pol2": -0.6843734741958578, "pol3": 0.909109072260982, "pol4": -0.5388969698018442, "v0s": 4.35353319367316}, "datetime": {"datetime": "2022-05-16 22:40:25", "elapsed": 10641.205386, "delta": 13.457009}}
{"target": 4.792498340604748, "params": {"Bgrad": 1.7097305254612387, "d1": -1.758643752053032, "d2": 0.11524750767991732, "d3": -2.465000817565713, "d4": -2.2301234287913307, "p1": 28.192084395377755, "p2": 10.8689561286964, "p3": 9.74541597200741, "p4": 23.307941746384607, "pol1": -0.9119891554747952, "pol2": 0.250422892291458, "pol3": 0.5921924197549453, "pol4": -0.3391813041096303, "v0s": 4.792498340604748}, "datetime": {"datetime": "2022-05-16 22:40:36", "elapsed": 10651.989541, "delta": 10.784155}}
{"target": 5.180813482046874, "params": {"Bgrad": 0.505699358690524, "d1": -2.9789732537817013, "d2": 1.0, "d3": -1.03616030165114, "d4": -2.4701396401776066, "p1": 45.63955272565217, "p2": 24.671637078192738, "p3": 22.038037867575035, "p4": 28.46634377346639, "pol1": -0.5226154307090483, "pol2": -0.6559908248309009, "pol3": 0.3835661718438892, "pol4": -0.039546264338416195, "v0s": 5.180813482046874}, "datetime": {"datetime": "2022-05-16 22:40:44", "elapsed": 10660.055966, "delta": 8.066425}}
{"target": 3.8782329823272184, "params": {"Bgrad": 0.9201164082789832, "d1": -2.70833982205426, "d2": 0.7780819502942359, "d3": -1.7568754794751456, "d4": -1.6038105349353666, "p1": 30.989308383885106, "p2": 9.610727094227197, "p3": 37.8369416666205, "p4": 30.038002024945833, "pol1": 0.8450858786851068, "pol2": -0.18524040923442955, "pol3": -0.7265892500621841, "pol4": -0.6076019916919364, "v0s": 3.8782329823272184}, "datetime": {"datetime": "2022-05-16 22:40:55", "elapsed": 10670.847104, "delta": 10.791138}}
{"target": -1.0, "params": {"Bgrad": 0.8283364607893392, "d1": -0.7813363544381495, "d2": -0.14906075263602592, "d3": -2.0711061346211053, "d4": -1.7915020460743665, "p1": 8.96138459033593, "p2": 32.380644302619295, "p3": 38.600080688049026, "p4": 31.38753139458893, "pol1": -0.8683434483294319, "pol2": -0.37502928261403023, "pol3": 0.0029566867416230824, "pol4": -0.7412173715154862, "v0s": 2.9580619950201523}, "datetime": {"datetime": "2022-05-16 22:41:00", "elapsed": 10676.146929, "delta": 5.299825}}
{"target": -1.0, "params": {"Bgrad": 1.2022594055510945, "d1": -2.2187711574508677, "d2": -1.0817594413596723, "d3": -2.3586457976808424, "d4": -2.3292964525531614, "p1": 8.283881769510698, "p2": 35.95039613540904, "p3": 34.85439153770478, "p4": 39.658988294106656, "pol1": -0.9297795874241948, "pol2": 0.5292030448038965, "pol3": 0.483414068113335, "pol4": 0.2832739573611096, "v0s": 5.313377433539505}, "datetime": {"datetime": "2022-05-16 22:41:16", "elapsed": 10691.40512, "delta": 15.258191}}
{"target": -1.0, "params": {"Bgrad": 0.9125263103138488, "d1": -1.3805259511497217, "d2": -0.08414809337208373, "d3": -1.241514945491848, "d4": -0.7361208050856067, "p1": 35.434777125970825, "p2": 8.884041802890003, "p3": 10.054864673705222, "p4": 30.294627791276273, "pol1": 0.10350433481424637, "pol2": -0.5384016342707862, "pol3": -0.30483898951805855, "pol4": 0.3120179288953717, "v0s": 6.662978530544892}, "datetime": {"datetime": "2022-05-16 22:41:30", "elapsed": 10705.664979, "delta": 14.259859}}
{"target": 4.869431333210614, "params": {"Bgrad": 1.7080205941770417, "d1": -3.0, "d2": 0.7433559126240685, "d3": -1.7453181344913988, "d4": -0.9141138290811521, "p1": 32.06078760040024, "p2": 7.171475419586798, "p3": 7.096148949165816, "p4": 24.697435038182633, "pol1": 1.0, "pol2": -0.8174099636751626, "pol3": 0.6173809899052541, "pol4": -0.7907282261257292, "v0s": 4.869431333210614}, "datetime": {"datetime": "2022-05-16 22:41:37", "elapsed": 10712.962462, "delta": 7.297483}}
{"target": 4.031944711000522, "params": {"Bgrad": 1.8718523511601222, "d1": -1.7584949140682045, "d2": 0.42726386124250065, "d3": -1.6978755608155485, "d4": -1.8668325055738753, "p1": 29.014249905361098, "p2": 10.17869284176636, "p3": 9.033459012046698, "p4": 23.7179671841399, "pol1": -0.3357102877866649, "pol2": 0.21573201328141534, "pol3": 0.6380410911320876, "pol4": -0.2238273367258113, "v0s": 4.031944711000522}, "datetime": {"datetime": "2022-05-16 22:41:45", "elapsed": 10720.321779, "delta": 7.359317}}
{"target": 4.409129074391845, "params": {"Bgrad": 2.0, "d1": -2.1800601935088064, "d2": 1.0, "d3": -1.7861872644558239, "d4": -1.8866098358980916, "p1": 29.973352216227223, "p2": 12.220404665838203, "p3": 38.15856179735406, "p4": 26.536931868124142, "pol1": 0.587350536359236, "pol2": 0.0006357027154379159, "pol3": -0.8344656463089306, "pol4": 1.0, "v0s": 4.409129074391845}, "datetime": {"datetime": "2022-05-16 22:41:53", "elapsed": 10728.520849, "delta": 8.19907}}
