{"target": 0.007067554817314048, "params": {"beta_1": 4.603946406229781, "beta_2": 9.812707646811907, "det_1": 118.16064187821355, "det_2": 29.719616900523025, "laseroff": 507522.14246356126, "laseron": 241754.77693455492, "main_det": 18.61801348429875}, "datetime": {"datetime": "2022-05-11 18:15:39", "elapsed": 14683.680814, "delta": 176.10727}}
{"target": 0.0, "params": {"beta_1": 2.4577792526320357, "beta_2": 11.20191996627508, "det_1": 99.97763698216102, "det_2": 23.329915493772493, "laseroff": 373816.3764037569, "laseron": 261001.34890862263, "main_det": 12.628259257820803}, "datetime": {"datetime": "2022-05-11 18:17:02", "elapsed": 14766.595186, "delta": 82.915369}}
{"target": 0.0, "params": {"beta_1": 2.4577792526320357, "beta_2": 11.20191996627508, "det_1": 99.97763698216102, "det_2": 23.329915493772493, "laseroff": 373816.3764037569, "laseron": 261001.34890862263, "main_det": 12.628259257820803}, "datetime": {"datetime": "2022-05-11 18:17:02", "elapsed": 14766.595186, "delta": 82.914372}}
{"target": 0.0, "params": {"beta_1": 2.1085243541282086, "beta_2": 14.543069081040032, "det_1": 137.79717113972384, "det_2": 27.45624037856635, "laseroff": 586063.9624319358, "laseron": 265727.2052340872, "main_det": 12.667951471202096}, "datetime": {"datetime": "2022-05-11 18:18:27", "elapsed": 14851.675768, "delta": 85.080582}}
{"target": 0.0, "params": {"beta_1": 2.1085243541282086, "beta_2": 14.543069081040032, "det_1": 137.79717113972384, "det_2": 27.45624037856635, "laseroff": 586063.9624319358, "laseron": 265727.2052340872, "main_det": 12.667951471202096}, "datetime": {"datetime": "2022-05-11 18:18:27", "elapsed": 14851.676766, "delta": 85.08158}}
{"target": 0.0001516132218745524, "params": {"beta_1": 3.0695663761102616, "beta_2": 3.802732231980039, "det_1": 87.72640161554511, "det_2": 9.063658802025707, "laseroff": 470118.4595931034, "laseron": 236418.18210206053, "main_det": 14.747713458349393}, "datetime": {"datetime": "2022-05-11 18:22:09", "elapsed": 15073.564666, "delta": 221.888898}}
{"target": 0.0001516132218745524, "params": {"beta_1": 3.0695663761102616, "beta_2": 3.802732231980039, "det_1": 87.72640161554511, "det_2": 9.063658802025707, "laseroff": 470118.4595931034, "laseron": 236418.18210206053, "main_det": 14.747713458349393}, "datetime": {"datetime": "2022-05-11 18:22:09", "elapsed": 15073.565663, "delta": 221.888897}}
{"target": 0.01071486022880694, "params": {"beta_1": 3.1857607605127596, "beta_2": 13.499955325209848, "det_1": 159.89201550521165, "det_2": 8.503415160848256, "laseroff": 345029.249438773, "laseron": 180632.150269821, "main_det": 19.690706945544715}, "datetime": {"datetime": "2022-05-11 18:23:42", "elapsed": 15166.536156, "delta": 92.97149}}
{"target": 0.01071486022880694, "params": {"beta_1": 3.1857607605127596, "beta_2": 13.499955325209848, "det_1": 159.89201550521165, "det_2": 8.503415160848256, "laseroff": 345029.249438773, "laseron": 180632.150269821, "main_det": 19.690706945544715}, "datetime": {"datetime": "2022-05-11 18:23:42", "elapsed": 15166.536156, "delta": 92.970493}}
{"target": 0.0, "params": {"beta_1": 1.5148987096206723, "beta_2": 5.878209270680394, "det_1": 158.02738644300786, "det_2": 5.397622245587409, "laseroff": 432145.1314498447, "laseron": 268324.9109742845, "main_det": 10.014977664926171}, "datetime": {"datetime": "2022-05-11 18:24:58", "elapsed": 15242.299642, "delta": 75.763486}}
{"target": 0.0, "params": {"beta_1": 1.5148987096206723, "beta_2": 5.878209270680394, "det_1": 158.02738644300786, "det_2": 5.397622245587409, "laseroff": 432145.1314498447, "laseron": 268324.9109742845, "main_det": 10.014977664926171}, "datetime": {"datetime": "2022-05-11 18:24:58", "elapsed": 15242.30064, "delta": 75.764484}}
{"target": 0.01139731100152572, "params": {"beta_1": 2.492765468740225, "beta_2": 10.710648731838436, "det_1": 81.49710443438588, "det_2": 13.579937516945794, "laseroff": 491474.7483480134, "laseron": 206773.58172387694, "main_det": 19.788363773906237}, "datetime": {"datetime": "2022-05-11 18:26:56", "elapsed": 15359.871376, "delta": 117.571734}}
{"target": 0.01139731100152572, "params": {"beta_1": 2.492765468740225, "beta_2": 10.710648731838436, "det_1": 81.49710443438588, "det_2": 13.579937516945794, "laseroff": 491474.7483480134, "laseron": 206773.58172387694, "main_det": 19.788363773906237}, "datetime": {"datetime": "2022-05-11 18:26:56", "elapsed": 15359.872376, "delta": 117.571736}}
{"target": 4.097879442357264e-05, "params": {"beta_1": 4.0065544060161775, "beta_2": 11.685741194255359, "det_1": 89.89147898034308, "det_2": 11.748850995663542, "laseroff": 507609.060759794, "laseron": 241951.00757152983, "main_det": 14.265430615308713}, "datetime": {"datetime": "2022-05-11 18:28:34", "elapsed": 15457.852476, "delta": 97.9811}}
{"target": 4.097879442357264e-05, "params": {"beta_1": 4.0065544060161775, "beta_2": 11.685741194255359, "det_1": 89.89147898034308, "det_2": 11.748850995663542, "laseroff": 507609.060759794, "laseron": 241951.00757152983, "main_det": 14.265430615308713}, "datetime": {"datetime": "2022-05-11 18:28:34", "elapsed": 15457.852476, "delta": 97.9801}}
{"target": 0.0, "params": {"beta_1": 2.8248303896101095, "beta_2": 14.178662303207993, "det_1": 152.68036247961533, "det_2": 29.91563481442584, "laseroff": 474069.86880508106, "laseron": 186511.7102963485, "main_det": 12.198793651171762}, "datetime": {"datetime": "2022-05-11 18:30:06", "elapsed": 15550.220579, "delta": 92.368103}}
{"target": 0.0, "params": {"beta_1": 2.8248303896101095, "beta_2": 14.178662303207993, "det_1": 152.68036247961533, "det_2": 29.91563481442584, "laseroff": 474069.86880508106, "laseron": 186511.7102963485, "main_det": 12.198793651171762}, "datetime": {"datetime": "2022-05-11 18:30:06", "elapsed": 15550.221576, "delta": 92.3691}}
{"target": 0.0009363133966808844, "params": {"beta_1": 1.4866569075363611, "beta_2": 0.41409017931755443, "det_1": 129.3432449464621, "det_2": 26.096010723279722, "laseroff": 414305.4562025402, "laseron": 259537.08034306095, "main_det": 15.111414782971282}, "datetime": {"datetime": "2022-05-11 19:25:29", "elapsed": 18873.577859, "delta": 3323.35728}}
{"target": 0.0009363133966808844, "params": {"beta_1": 1.4866569075363611, "beta_2": 0.41409017931755443, "det_1": 129.3432449464621, "det_2": 26.096010723279722, "laseroff": 414305.4562025402, "laseron": 259537.08034306095, "main_det": 15.111414782971282}, "datetime": {"datetime": "2022-05-11 19:25:29", "elapsed": 18873.577859, "delta": 3323.356283}}
{"target": 0.01159684934157704, "params": {"beta_1": 2.704759024810943, "beta_2": 14.391514815926286, "det_1": 150.39608914986468, "det_2": 5.80807666558935, "laseroff": 512816.4659821373, "laseron": 213458.63965771275, "main_det": 19.475489413950996}, "datetime": {"datetime": "2022-05-11 19:27:20", "elapsed": 18984.512334, "delta": 110.934475}}
{"target": 0.01159684934157704, "params": {"beta_1": 2.704759024810943, "beta_2": 14.391514815926286, "det_1": 150.39608914986468, "det_2": 5.80807666558935, "laseroff": 512816.4659821373, "laseron": 213458.63965771275, "main_det": 19.475489413950996}, "datetime": {"datetime": "2022-05-11 19:27:20", "elapsed": 18984.513332, "delta": 110.935473}}
{"target": 0.0025879895949895222, "params": {"beta_1": 1.1071636716174416, "beta_2": 4.006080295265487, "det_1": 78.1473964877262, "det_2": 15.715470716594663, "laseroff": 332706.52018695645, "laseron": 240761.34639658383, "main_det": 18.02963237373738}, "datetime": {"datetime": "2022-05-11 19:28:35", "elapsed": 19058.992251, "delta": 74.479917}}
{"target": 0.0025879895949895222, "params": {"beta_1": 1.1071636716174416, "beta_2": 4.006080295265487, "det_1": 78.1473964877262, "det_2": 15.715470716594663, "laseroff": 332706.52018695645, "laseron": 240761.34639658383, "main_det": 18.02963237373738}, "datetime": {"datetime": "2022-05-11 19:28:35", "elapsed": 19058.993249, "delta": 74.479917}}
{"target": 0.0025438747332596806, "params": {"beta_1": 3.4840024806008922, "beta_2": 11.493170716136557, "det_1": 104.24541198435199, "det_2": 26.14628707569194, "laseroff": 428631.20373105776, "laseron": 271531.8366378967, "main_det": 16.264961586242936}, "datetime": {"datetime": "2022-05-11 19:29:59", "elapsed": 19143.035606, "delta": 84.043355}}
{"target": 0.0025438747332596806, "params": {"beta_1": 3.4840024806008922, "beta_2": 11.493170716136557, "det_1": 104.24541198435199, "det_2": 26.14628707569194, "laseroff": 428631.20373105776, "laseron": 271531.8366378967, "main_det": 16.264961586242936}, "datetime": {"datetime": "2022-05-11 19:29:59", "elapsed": 19143.036603, "delta": 84.043354}}
{"target": 0.0, "params": {"beta_1": 0.7171152433512246, "beta_2": 1.1758034978242193, "det_1": 71.83326429130074, "det_2": 6.668124940983912, "laseroff": 437575.68552871584, "laseron": 156574.18942688542, "main_det": 10.2778334884867}, "datetime": {"datetime": "2022-05-11 19:34:38", "elapsed": 19421.862873, "delta": 278.827267}}
{"target": 0.0, "params": {"beta_1": 0.7171152433512246, "beta_2": 1.1758034978242193, "det_1": 71.83326429130074, "det_2": 6.668124940983912, "laseroff": 437575.68552871584, "laseron": 156574.18942688542, "main_det": 10.2778334884867}, "datetime": {"datetime": "2022-05-11 19:34:38", "elapsed": 19421.862873, "delta": 278.82627}}
{"target": 0.0, "params": {"beta_1": 3.774307406952337, "beta_2": 5.9227572069095915, "det_1": 144.6938495607525, "det_2": 16.31012066866129, "laseroff": 435026.5740134813, "laseron": 215573.00868667633, "main_det": 14.74003926562194}, "datetime": {"datetime": "2022-05-11 19:35:57", "elapsed": 19500.990367, "delta": 79.127494}}
{"target": 0.0, "params": {"beta_1": 3.774307406952337, "beta_2": 5.9227572069095915, "det_1": 144.6938495607525, "det_2": 16.31012066866129, "laseroff": 435026.5740134813, "laseron": 215573.00868667633, "main_det": 14.74003926562194}, "datetime": {"datetime": "2022-05-11 19:35:57", "elapsed": 19500.990367, "delta": 79.127494}}
{"target": 0.00013263955045379581, "params": {"beta_1": 4.015816710570848, "beta_2": 6.035887797866037, "det_1": 160.4686160343623, "det_2": 5.926526198850897, "laseroff": 532162.5289417829, "laseron": 158563.74981284063, "main_det": 16.185135669120854}, "datetime": {"datetime": "2022-05-11 19:42:56", "elapsed": 19920.502025, "delta": 419.511658}}
{"target": 0.00013263955045379581, "params": {"beta_1": 4.015816710570848, "beta_2": 6.035887797866037, "det_1": 160.4686160343623, "det_2": 5.926526198850897, "laseroff": 532162.5289417829, "laseron": 158563.74981284063, "main_det": 16.185135669120854}, "datetime": {"datetime": "2022-05-11 19:42:56", "elapsed": 19920.503023, "delta": 419.512656}}
{"target": 0.0, "params": {"beta_1": 0.051821306676159695, "beta_2": 8.079409238645205, "det_1": 70.30179566195963, "det_2": 28.779844637255113, "laseroff": 571620.7047087997, "laseron": 266995.6125285815, "main_det": 19.152743199147874}, "datetime": {"datetime": "2022-05-11 19:44:25", "elapsed": 20009.324605, "delta": 88.82258}}
{"target": 0.0, "params": {"beta_1": 0.051821306676159695, "beta_2": 8.079409238645205, "det_1": 70.30179566195963, "det_2": 28.779844637255113, "laseroff": 571620.7047087997, "laseron": 266995.6125285815, "main_det": 19.152743199147874}, "datetime": {"datetime": "2022-05-11 19:44:25", "elapsed": 20009.325602, "delta": 88.822579}}
{"target": 0.0008182361169002616, "params": {"beta_1": 0.7277911557919853, "beta_2": 2.3659510480579993, "det_1": 88.7631672902434, "det_2": 20.56239755749803, "laseroff": 571742.9429929946, "laseron": 298375.1496513637, "main_det": 17.11122458765816}, "datetime": {"datetime": "2022-05-11 19:45:46", "elapsed": 20090.653368, "delta": 81.328763}}
{"target": 0.0008182361169002616, "params": {"beta_1": 0.7277911557919853, "beta_2": 2.3659510480579993, "det_1": 88.7631672902434, "det_2": 20.56239755749803, "laseroff": 571742.9429929946, "laseron": 298375.1496513637, "main_det": 17.11122458765816}, "datetime": {"datetime": "2022-05-11 19:45:46", "elapsed": 20090.654366, "delta": 81.328764}}
