{"target": -1.0, "params": {"Bgrad": 1.5289336636852744, "d1": -2.0747939782371967, "d2": -0.34161098470018736, "d3": -0.10225120756487271, "d4": -0.05485480592149283, "p1": 4.749005174893616, "p2": 12.47881940933066, "p3": 38.37705845540937, "p4": 30.946925010722726, "pol1": -0.016269836924338588, "pol2": -0.041578608729767375, "pol3": -0.16534362743128006, "pol4": 0.472978321632864, "v0s": 5.073641236152585}, "datetime": {"datetime": "2022-06-25 01:10:37", "elapsed": 5309.52719, "delta": 17.008519}}
{"target": -1.0, "params": {"Bgrad": 0.6357264149211939, "d1": -0.9248809525601289, "d2": 0.1866175772227412, "d3": 0.475909288774893, "d4": -2.210481494267199, "p1": 8.493144236156619, "p2": 13.398518933838965, "p3": 6.8249501061255105, "p4": 30.159678285042723, "pol1": -0.044652120548009044, "pol2": -0.11773435284156775, "pol3": -0.797052709134735, "pol4": -0.5592435087890506, "v0s": 3.026649459790839}, "datetime": {"datetime": "2022-06-25 01:10:51", "elapsed": 5323.06499, "delta": 13.5378}}
{"target": 2.1356128176333145, "params": {"Bgrad": 0.9775252058009029, "d1": -1.3892779707888145, "d2": 0.2705347400241571, "d3": -2.7594998639397743, "d4": -0.08024282282792994, "p1": 49.06038293231912, "p2": 42.49128550309594, "p3": 6.566270532056367, "p4": 13.27494879870595, "pol1": 0.022206501496007114, "pol2": -0.18027951829664568, "pol3": 0.053829537821403095, "pol4": 0.9171183174698512, "v0s": 2.1356128176333145}, "datetime": {"datetime": "2022-06-25 01:11:02", "elapsed": 5334.296955, "delta": 11.231965}}
{"target": 3.0736667625980347, "params": {"Bgrad": 0.7716442566597966, "d1": -2.997207264769958, "d2": 0.24317924324697326, "d3": -2.3779126223871727, "d4": -2.9811983481030317, "p1": 10.267585208278485, "p2": 18.79038915716158, "p3": 6.2503198557088355, "p4": 31.109624699169775, "pol1": 0.012142074206402675, "pol2": -0.5822376931774216, "pol3": -0.7152353720469906, "pol4": 0.4000404457555897, "v0s": 3.0736667625980347}, "datetime": {"datetime": "2022-06-25 01:11:10", "elapsed": 5341.808869, "delta": 7.511914}}
{"target": 3.772172485987979, "params": {"Bgrad": 1.8769555371090547, "d1": -2.224369353158918, "d2": 0.6709458854338837, "d3": -1.5856355370980428, "d4": -0.43790462945011965, "p1": 4.349943143779678, "p2": 16.641568864345068, "p3": 35.40825273191548, "p4": 31.92178086505929, "pol1": -0.5296787739994988, "pol2": 0.9648833457048007, "pol3": 0.08677312604579823, "pol4": -0.6588630404948759, "v0s": 3.772172485987979}, "datetime": {"datetime": "2022-06-25 01:11:18", "elapsed": 5350.640253, "delta": 8.831384}}
{"target": 4.720397649823125, "params": {"Bgrad": 0.8770451904995198, "d1": -2.232507670515833, "d2": 0.12220947716782925, "d3": -0.8215171679678716, "d4": -0.619103652116765, "p1": 4.4332873539282405, "p2": 12.769214350534133, "p3": 33.22186017660011, "p4": 32.47499830183877, "pol1": -0.4142827256934948, "pol2": -0.7450007743332205, "pol3": 0.3869097583379768, "pol4": -0.1967089412486009, "v0s": 4.720397649823125}, "datetime": {"datetime": "2022-06-25 01:11:27", "elapsed": 5358.793453, "delta": 8.1532}}
{"target": 3.325553381745747, "params": {"Bgrad": 0.6077763587169727, "d1": -1.1743690442158776, "d2": -0.3013366583200714, "d3": -1.0702700503245115, "d4": -2.4718368304044898, "p1": 1.480950342421855, "p2": 15.195181966541416, "p3": 39.93819754921659, "p4": 31.05362186253512, "pol1": 0.19087487032459882, "pol2": -0.9199216713606408, "pol3": 0.6883366727851263, "pol4": -0.4464011350149226, "v0s": 3.325553381745747}, "datetime": {"datetime": "2022-06-25 01:11:35", "elapsed": 5367.596911, "delta": 8.803458}}
{"target": 3.3554211067890694, "params": {"Bgrad": 0.6303234439803982, "d1": -0.2647112212863459, "d2": 0.10701411932413535, "d3": -2.5047983157550955, "d4": -1.530549060767307, "p1": 44.169798706513525, "p2": 22.430781696843834, "p3": 24.03687901019175, "p4": 20.271639811850207, "pol1": 0.5102706759848864, "pol2": -0.13816627035498646, "pol3": 0.4764920379518709, "pol4": 0.17800505515415346, "v0s": 3.3554211067890694}, "datetime": {"datetime": "2022-06-25 01:11:43", "elapsed": 5375.489806, "delta": 7.892895}}
{"target": -1.0, "params": {"Bgrad": 1.105535421307621, "d1": -1.216049760454943, "d2": 0.3781735130766841, "d3": -0.33561926508285156, "d4": -1.089763477228761, "p1": 8.92969076391229, "p2": 34.699733472628836, "p3": 35.992692631123596, "p4": 32.25948454123736, "pol1": -0.47320368932731616, "pol2": 0.3201767762038743, "pol3": 0.6298962262810275, "pol4": 0.9976280109542677, "v0s": 4.184762340267346}, "datetime": {"datetime": "2022-06-25 01:12:05", "elapsed": 5396.880607, "delta": 21.390801}}
{"target": -1.0, "params": {"Bgrad": 1.6565716563145423, "d1": -0.9917035843448767, "d2": -1.617828071223554, "d3": -1.129530151105551, "d4": -0.25431129451173806, "p1": 2.8816415256264047, "p2": 9.884853423661594, "p3": 34.706728599798616, "p4": 28.694576649665404, "pol1": -0.8872191240006904, "pol2": 0.28731560851036053, "pol3": 0.9670453318211178, "pol4": 0.12363420545739512, "v0s": 3.139422642385349}, "datetime": {"datetime": "2022-06-25 01:12:20", "elapsed": 5412.020123, "delta": 15.139516}}
{"target": 5.357347445464983, "params": {"Bgrad": 1.3779310616305565, "d1": -2.9287375187874223, "d2": -0.8688308689761906, "d3": -0.23872590073154587, "d4": -1.6205255932953517, "p1": 4.95885641082788, "p2": 13.10231409008106, "p3": 39.72600694070735, "p4": 29.897826929489636, "pol1": 0.7959732040592038, "pol2": -0.3162826618320532, "pol3": -0.06805342613742546, "pol4": -0.36026124921403047, "v0s": 5.357347445464983}, "datetime": {"datetime": "2022-06-25 01:12:32", "elapsed": 5423.775689, "delta": 11.755566}}
{"target": -1.0, "params": {"Bgrad": 0.7034519172623515, "d1": -2.822249055283723, "d2": 0.4386046103236394, "d3": -2.61246416359967, "d4": -1.552572944851779, "p1": 27.326786621538062, "p2": 24.2213772838485, "p3": 4.122358264044751, "p4": 39.61807261819521, "pol1": -0.994218146920858, "pol2": 0.8335914027642635, "pol3": -0.7026044706639298, "pol4": 0.502710181377271, "v0s": 3.3125756025616413}, "datetime": {"datetime": "2022-06-25 01:12:45", "elapsed": 5437.531904, "delta": 13.756215}}
{"target": -1.0, "params": {"Bgrad": 1.2980517939002576, "d1": -2.88774766332515, "d2": 0.2373550794394883, "d3": -0.5195463619457703, "d4": -0.23759017998704035, "p1": 6.410512710460303, "p2": 37.37571329821922, "p3": 35.86060199279874, "p4": 37.21384569292936, "pol1": -0.8449280934006991, "pol2": 0.7165221389830889, "pol3": 0.8734945203775151, "pol4": 0.7490054495338341, "v0s": 2.0006129160611223}, "datetime": {"datetime": "2022-06-25 01:12:57", "elapsed": 5448.7529, "delta": 11.220996}}
{"target": -1.0, "params": {"Bgrad": 1.0356479919660178, "d1": -2.0790124904433656, "d2": -1.7621535420551027, "d3": -2.0860984720905327, "d4": -1.4788423820716314, "p1": 5.253981591980095, "p2": 11.89299378858829, "p3": 32.15882963657435, "p4": 26.56734403371634, "pol1": -0.2013712862681165, "pol2": -0.41085261194179545, "pol3": 0.48825409388744156, "pol4": 0.7359415855877556, "v0s": 2.8850282527974223}, "datetime": {"datetime": "2022-06-25 01:13:10", "elapsed": 5461.776076, "delta": 13.023176}}
{"target": 3.9507913052040244, "params": {"Bgrad": 1.451140014789228, "d1": -2.0974633942456338, "d2": 0.3538182242153844, "d3": -1.8391429732446138, "d4": -1.921162808748973, "p1": 6.039408113748819, "p2": 9.447141735218276, "p3": 34.96501005963646, "p4": 30.849986408829036, "pol1": -0.35767271958318303, "pol2": 0.06122057520376848, "pol3": -0.2847347944876265, "pol4": 0.11482908453504757, "v0s": 3.9507913052040244}, "datetime": {"datetime": "2022-06-25 01:13:18", "elapsed": 5470.216506, "delta": 8.44043}}
{"target": 3.976523462640461, "params": {"Bgrad": 0.9299845602779065, "d1": -2.285162108243576, "d2": 0.08584604662120035, "d3": -1.7710043924613388, "d4": -2.3961038313731526, "p1": 9.08281937686036, "p2": 14.818355217494423, "p3": 6.587294591508524, "p4": 29.410780379109973, "pol1": -0.15480481449499028, "pol2": -0.7428452848712015, "pol3": -0.15249848900269608, "pol4": 0.35731190916225886, "v0s": 3.976523462640461}, "datetime": {"datetime": "2022-06-25 01:13:29", "elapsed": 5480.968754, "delta": 10.752248}}
{"target": 2.7470254398710985, "params": {"Bgrad": 1.6203237158308939, "d1": -0.26553066461556396, "d2": -0.8431387496793605, "d3": -2.760773996202899, "d4": -2.7369018332901938, "p1": 9.290887162071032, "p2": 34.261179987792914, "p3": 36.980221744425386, "p4": 35.37067710674017, "pol1": 0.3252538493585, "pol2": 0.12790373147360623, "pol3": -0.3834544318612745, "pol4": -0.026171486046234094, "v0s": 2.7470254398710985}, "datetime": {"datetime": "2022-06-25 01:13:36", "elapsed": 5488.017905, "delta": 7.049151}}
{"target": -1.0, "params": {"Bgrad": 0.9357981848389936, "d1": -1.9955568238032977, "d2": 0.15210443390875739, "d3": 0.4415449455591429, "d4": 0.07640170875614416, "p1": 45.202514592886416, "p2": 22.814878138476118, "p3": 25.476121270042885, "p4": 14.149824668383303, "pol1": 0.5058466869863314, "pol2": 0.8940098531582279, "pol3": -0.32645922084632173, "pol4": 0.021264013858439235, "v0s": 4.609446409856586}, "datetime": {"datetime": "2022-06-25 01:13:52", "elapsed": 5503.923373, "delta": 15.905468}}
{"target": -1.0, "params": {"Bgrad": 0.8993440465874984, "d1": -0.6615832233477303, "d2": 0.7808207541670313, "d3": -1.4486103981169927, "d4": -1.294203309341933, "p1": 9.879816782598805, "p2": 14.65314991699948, "p3": 9.436609610603192, "p4": 29.06285230305114, "pol1": -0.908759010367689, "pol2": -0.5532422098551282, "pol3": -0.6664482952263715, "pol4": 0.49569872334667897, "v0s": 5.200170207682557}, "datetime": {"datetime": "2022-06-25 01:14:05", "elapsed": 5517.345995, "delta": 13.422622}}
{"target": 3.285839368169195, "params": {"Bgrad": 1.1988177891712815, "d1": -2.208299118318101, "d2": -1.108495079276945, "d3": -2.5776006698195895, "d4": -0.8347651071113673, "p1": 3.9154370396617177, "p2": 11.525379957164178, "p3": 38.274644364613344, "p4": 33.73036692861762, "pol1": 0.7843723662647404, "pol2": -0.36764736243372775, "pol3": 0.4727327877416705, "pol4": -0.25938386792136314, "v0s": 3.285839368169195}, "datetime": {"datetime": "2022-06-25 01:14:14", "elapsed": 5525.781438, "delta": 8.435443}}
{"target": 4.485713624214909, "params": {"Bgrad": 1.4131880089251425, "d1": -1.5501283975348388, "d2": 0.22597521259541953, "d3": -1.1772126539201584, "d4": -2.84653509976403, "p1": 49.498587284408075, "p2": 43.469423401098624, "p3": 7.596574901956149, "p4": 12.518575970928547, "pol1": -0.049966831009411905, "pol2": 0.2269606969497584, "pol3": -0.8211744273597439, "pol4": 0.21343603658881882, "v0s": 4.485713624214909}, "datetime": {"datetime": "2022-06-25 01:14:25", "elapsed": 5537.275703, "delta": 11.494265}}
{"target": 4.0137658288224545, "params": {"Bgrad": 1.6725486431526755, "d1": -1.4941425252785252, "d2": 0.43910604914469636, "d3": -1.0972175067670245, "d4": -2.3886627636806352, "p1": 48.56764224849657, "p2": 44.115609914752405, "p3": 7.541388454080161, "p4": 13.27823656239615, "pol1": 0.2585254838912991, "pol2": 0.5369058920121244, "pol3": -0.8310407001535774, "pol4": 0.16025846844231928, "v0s": 4.0137658288224545}, "datetime": {"datetime": "2022-06-25 01:14:35", "elapsed": 5546.73042, "delta": 9.454717}}
{"target": -1.0, "params": {"Bgrad": 0.8432788295761118, "d1": -2.0335521291841347, "d2": -0.3000775004294014, "d3": -2.121456673325169, "d4": -1.439284712599954, "p1": 29.506097088652826, "p2": 24.524134702870764, "p3": 4.223814989136809, "p4": 41.63572845887721, "pol1": 0.8961889281872697, "pol2": 0.8475584823251392, "pol3": 0.32913382212340636, "pol4": -0.981906531574281, "v0s": 2.4740497436187976}, "datetime": {"datetime": "2022-06-25 01:14:43", "elapsed": 5554.710083, "delta": 7.979663}}
{"target": 3.8852695919165736, "params": {"Bgrad": 0.9330293711376261, "d1": -1.0398587228531135, "d2": -0.10410617552655811, "d3": -2.185810186750004, "d4": -2.646617931670263, "p1": 5.414745841827874, "p2": 23.00678280194261, "p3": 0.6026825026235673, "p4": 31.42822391606284, "pol1": -0.14171674173161455, "pol2": -0.7150308230983863, "pol3": -0.11029212922335578, "pol4": -0.5172439807717593, "v0s": 3.8852695919165736}, "datetime": {"datetime": "2022-06-25 01:14:54", "elapsed": 5566.45368, "delta": 11.743597}}
{"target": -1.0, "params": {"Bgrad": 0.7934902795565415, "d1": -1.070190469060587, "d2": -0.30811242439723285, "d3": -2.6601903081371363, "d4": -1.3377468617730561, "p1": 4.759707381681466, "p2": 21.75620775753998, "p3": 2.9463659452810544, "p4": 31.861222582494435, "pol1": -0.7028867577136535, "pol2": 0.10625601220925351, "pol3": -0.34053543886173654, "pol4": 0.007790519578963151, "v0s": 3.45970405897026}, "datetime": {"datetime": "2022-06-25 01:15:11", "elapsed": 5582.728162, "delta": 16.274482}}
{"target": -1.0, "params": {"Bgrad": 1.0866155496347891, "d1": 0.8844671109946902, "d2": -0.8365873945514402, "d3": -1.5930723671166396, "d4": -2.952364075763291, "p1": 7.80588899781795, "p2": 35.791597015437716, "p3": 33.89450600149091, "p4": 34.78347535171583, "pol1": 0.48138065856058976, "pol2": 0.9160134977577932, "pol3": -0.8484684216280329, "pol4": -0.054865227894131285, "v0s": 4.765548932820189}, "datetime": {"datetime": "2022-06-25 01:15:27", "elapsed": 5599.369663, "delta": 16.641501}}
{"target": -1.0, "params": {"Bgrad": 1.3781295963072568, "d1": -1.9363131737440473, "d2": 0.2756297309001452, "d3": 0.013509091118381722, "d4": -2.9093448603069243, "p1": 8.033331530862654, "p2": 14.807703238713032, "p3": 6.592635582957773, "p4": 28.814299227842156, "pol1": 0.9418848377362528, "pol2": -0.9154920128911523, "pol3": -0.5994874789659148, "pol4": -0.6887986167693396, "v0s": 4.013054568430011}, "datetime": {"datetime": "2022-06-25 01:15:45", "elapsed": 5616.923723, "delta": 17.55406}}
{"target": -1.0, "params": {"Bgrad": 0.8226658045078582, "d1": -0.9095875412417009, "d2": -0.9954068186359404, "d3": -0.7731110845615019, "d4": -1.3031658329306843, "p1": 8.783216279042183, "p2": 16.792545258160906, "p3": 6.923513031957601, "p4": 30.316704307039622, "pol1": 0.49178122667351865, "pol2": -0.8437557426673177, "pol3": -0.7250883204514591, "pol4": 0.46591366047663185, "v0s": 5.179271077686112}, "datetime": {"datetime": "2022-06-25 01:15:59", "elapsed": 5631.406994, "delta": 14.483271}}
{"target": -1.0, "params": {"Bgrad": 1.946146433561106, "d1": 0.6635554228776739, "d2": 0.7384527125735043, "d3": -2.7926726441670904, "d4": -1.6492742220479921, "p1": 1.2565005834074383, "p2": 12.076535997961635, "p3": 32.64552258794807, "p4": 27.37622377044137, "pol1": -0.5729189603265794, "pol2": -0.44668610737194303, "pol3": -0.9075905084009692, "pol4": -0.7389883562938357, "v0s": 2.9065448224425294}, "datetime": {"datetime": "2022-06-25 01:16:18", "elapsed": 5649.745956, "delta": 18.338962}}
{"target": 4.4102185452713725, "params": {"Bgrad": 1.5012801574131438, "d1": -2.6418501369620175, "d2": -0.014388695122169892, "d3": -2.941291785080287, "d4": 0.03263952868758935, "p1": 3.358275607944922, "p2": 13.253564231032616, "p3": 33.16214054616696, "p4": 26.31454825610689, "pol1": 0.9169803368666891, "pol2": -0.8566016545873321, "pol3": -0.5031404836355622, "pol4": -0.5709692477025312, "v0s": 4.4102185452713725}, "datetime": {"datetime": "2022-06-25 01:16:30", "elapsed": 5662.553708, "delta": 12.807752}}
{"target": 4.239823975645172, "params": {"Bgrad": 1.433435739612448, "d1": -2.29387579376952, "d2": 0.48020109822529244, "d3": -1.6261424994364453, "d4": -2.41693621764477, "p1": 5.669311490044637, "p2": 9.837179192436684, "p3": 33.10237939518604, "p4": 24.02968506924818, "pol1": -0.9404320600020541, "pol2": 0.8030176272250091, "pol3": -0.40233004755038126, "pol4": 0.8744653632137567, "v0s": 4.239823975645172}, "datetime": {"datetime": "2022-06-25 01:16:41", "elapsed": 5673.087542, "delta": 10.533834}}
{"target": 2.3136428378195566, "params": {"Bgrad": 1.7217776845223842, "d1": -2.958473035114188, "d2": -1.3531565327759965, "d3": -1.9635106888537832, "d4": -2.080806691216019, "p1": 10.485274371483522, "p2": 3.551024774290851, "p3": 35.81522395653206, "p4": 24.28575403064125, "pol1": 0.5687789809284458, "pol2": 0.6688174360205588, "pol3": -0.20690480625151597, "pol4": -0.14494629281742566, "v0s": 2.3136428378195566}, "datetime": {"datetime": "2022-06-25 01:16:48", "elapsed": 5680.331171, "delta": 7.243629}}
{"target": -1.0, "params": {"Bgrad": 1.1027669793059849, "d1": -1.9438583536296052, "d2": 0.33815599598189117, "d3": -2.8183523739420915, "d4": 0.4222715334775464, "p1": 11.439665110870278, "p2": 17.714180352683297, "p3": 7.151711606282113, "p4": 34.68635484358125, "pol1": -0.11553976916164554, "pol2": 0.26416733772522893, "pol3": 0.357094943461159, "pol4": 0.3343285207590936, "v0s": 4.369039142411103}, "datetime": {"datetime": "2022-06-25 01:17:06", "elapsed": 5698.559429, "delta": 18.228258}}
{"target": 3.961181496467508, "params": {"Bgrad": 1.9227444511801979, "d1": -2.573017014553704, "d2": 0.12473634815750723, "d3": -2.155314389532884, "d4": -2.514128026006614, "p1": 5.460342510344541, "p2": 10.95323939598511, "p3": 36.41721316077757, "p4": 22.868469869008916, "pol1": 0.550786916883623, "pol2": -0.7301426199533363, "pol3": 0.21156610643576812, "pol4": 0.010464374794846965, "v0s": 3.961181496467508}, "datetime": {"datetime": "2022-06-25 01:17:17", "elapsed": 5709.514136, "delta": 10.954707}}
{"target": 4.264982336638683, "params": {"Bgrad": 0.8728743557882904, "d1": -1.8667505253026064, "d2": -0.1879358139707148, "d3": -0.8392966641787036, "d4": 0.08796490783700062, "p1": 4.115299983309834, "p2": 11.885645581377858, "p3": 32.727684657342735, "p4": 33.72147402748263, "pol1": 0.5494597714330471, "pol2": 0.9328908510138638, "pol3": -0.6332717379947275, "pol4": 0.6031631681020573, "v0s": 4.264982336638683}, "datetime": {"datetime": "2022-06-25 01:17:34", "elapsed": 5725.822527, "delta": 16.308391}}
{"target": -1.0, "params": {"Bgrad": 1.1509560299604022, "d1": -2.2104641797718676, "d2": -1.0178269600764622, "d3": -2.809822754727072, "d4": -1.222377491289897, "p1": 26.754632612063283, "p2": 26.35062266276212, "p3": 1.4830917576404146, "p4": 42.017420974814144, "pol1": -0.594398573096002, "pol2": -0.12368620618007031, "pol3": -0.4033282078111764, "pol4": 0.10300998225027347, "v0s": 3.3348051517518735}, "datetime": {"datetime": "2022-06-25 01:17:48", "elapsed": 5740.43246, "delta": 14.609933}}
{"target": -1.0, "params": {"Bgrad": 1.935139252803788, "d1": 0.5270781634295609, "d2": 0.6519131936276268, "d3": -2.4078416518388694, "d4": -2.8972701625615067, "p1": 1.4930161796438413, "p2": 30.41689092750507, "p3": 16.7294606458625, "p4": 9.202591128494541, "pol1": 0.1709754958511014, "pol2": -0.6157278822497732, "pol3": -0.7262275501745963, "pol4": -0.17993555734242017, "v0s": 3.8869062193367423}, "datetime": {"datetime": "2022-06-25 01:18:07", "elapsed": 5759.187309, "delta": 18.754849}}
{"target": 3.6884260805610367, "params": {"Bgrad": 1.6519920614573376, "d1": -1.6760885795201497, "d2": 0.425259470696806, "d3": -0.43243916692147366, "d4": -1.9579376849313264, "p1": 47.98464746042586, "p2": 44.513593347852094, "p3": 7.423859541093566, "p4": 13.940861294322037, "pol1": 0.42660288233151106, "pol2": 0.5328368401482385, "pol3": -1.0, "pol4": 0.07795559855601622, "v0s": 3.6884260805610367}, "datetime": {"datetime": "2022-06-25 01:18:20", "elapsed": 5771.861419, "delta": 12.67411}}
{"target": -1.0, "params": {"Bgrad": 1.829729904642526, "d1": -0.39637881364872163, "d2": 0.32412639147245814, "d3": -1.5197601555181333, "d4": -0.5832494063484175, "p1": 47.19818102606669, "p2": 15.641513041614214, "p3": 28.279404831452194, "p4": 13.59411922950673, "pol1": 0.6095437372454453, "pol2": -0.9746549606398425, "pol3": -0.22363793578100766, "pol4": -0.9912965857933451, "v0s": 5.459357544716376}, "datetime": {"datetime": "2022-06-25 01:18:35", "elapsed": 5786.899207, "delta": 15.037788}}
{"target": 4.828411364327559, "params": {"Bgrad": 1.6097609304869014, "d1": -2.659908971306085, "d2": 0.8931588530678036, "d3": -2.7628777307040884, "d4": -1.1167804162629036, "p1": 3.988754650906107, "p2": 14.502729986556218, "p3": 33.91746277347642, "p4": 26.92316814267955, "pol1": 0.5870022851665122, "pol2": 0.26470767709307585, "pol3": -0.025349469805536318, "pol4": 0.24194694105340808, "v0s": 4.828411364327559}, "datetime": {"datetime": "2022-06-25 01:18:47", "elapsed": 5799.094599, "delta": 12.195392}}
{"target": -1.0, "params": {"Bgrad": 1.6030593587945179, "d1": -1.0957307875345084, "d2": -0.3784032568548539, "d3": -2.9527958172773645, "d4": -1.1991269549085288, "p1": 45.12010788702307, "p2": 16.380070936306936, "p3": 28.61484934851271, "p4": 13.9524812631043, "pol1": -0.1825319751789387, "pol2": -0.47398905654451884, "pol3": -0.6388616580475039, "pol4": -0.6933896122321963, "v0s": 2.1000268801224715}, "datetime": {"datetime": "2022-06-25 01:18:55", "elapsed": 5807.380441, "delta": 8.285842}}
{"target": 3.5844711005845644, "params": {"Bgrad": 1.458004392105466, "d1": -3.0, "d2": -1.6262536852464515, "d3": -0.8463458416556647, "d4": 0.7611235393119964, "p1": 9.218826531038546, "p2": 25.77669460204364, "p3": 17.643669785078153, "p4": 38.29130656148662, "pol1": 0.8962133186593824, "pol2": -0.1953632873595079, "pol3": -0.6188498412503272, "pol4": -0.8076791257552122, "v0s": 3.5844711005845644}, "datetime": {"datetime": "2022-06-25 01:19:05", "elapsed": 5817.05158, "delta": 9.671139}}
{"target": 4.377372456485471, "params": {"Bgrad": 0.679202230083992, "d1": -1.9080026191493484, "d2": 0.739508217025941, "d3": -2.6780306671004483, "d4": -1.8940949921236663, "p1": 2.925669467056541, "p2": 10.427651316906694, "p3": 31.272146114870424, "p4": 27.49785022111376, "pol1": 0.21045056016334485, "pol2": 0.24002835122725097, "pol3": 0.12399251954792723, "pol4": 0.06474231795057905, "v0s": 4.377372456485471}, "datetime": {"datetime": "2022-06-25 01:19:13", "elapsed": 5824.875658, "delta": 7.824078}}
