{"target": 4.9515832771176544, "params": {"Bgrad": 1.8848250040540142, "d1": -1.6128322027008886, "d2": 0.05757898372777248, "d3": -1.7374120413334522, "d4": -2.4952765143149933, "p1": 10.646896059595868, "p2": 27.926614383095284, "p3": 43.984213960492035, "p4": 22.96447723614323, "pol1": 0.5512835947879151, "pol2": 0.5700600662813866, "pol3": 0.6695277164245663, "pol4": 0.5869443155489198, "v0s": 4.9515832771176544}, "datetime": {"datetime": "2022-05-17 16:12:28", "elapsed": 73764.079388, "delta": 27.802691}}
{"target": -1.0, "params": {"Bgrad": 0.6516909760997689, "d1": -1.6905448719394567, "d2": -1.6410976063697285, "d3": -1.722646453368609, "d4": -0.9214041219659168, "p1": 5.857903687525212, "p2": 38.098556764178085, "p3": 30.76834629906165, "p4": 38.94467111545723, "pol1": -0.6121421274923857, "pol2": -0.8477661814483608, "pol3": 0.011086527246983113, "pol4": -0.5173441355060475, "v0s": 5.583884742180544}, "datetime": {"datetime": "2022-05-17 16:13:05", "elapsed": 73801.166482, "delta": 37.087094}}
{"target": 4.91822984319779, "params": {"Bgrad": 0.5, "d1": -2.846810473987902, "d2": 0.7122520921488593, "d3": -2.08035486482963, "d4": -2.5931685985180843, "p1": 3.788255049086001, "p2": 33.69972692828139, "p3": 30.794791422243076, "p4": 39.29711250628528, "pol1": -0.7707903428793966, "pol2": -0.181366029737471, "pol3": -0.04289545611088891, "pol4": -1.0, "v0s": 4.91822984319779}, "datetime": {"datetime": "2022-05-17 16:13:32", "elapsed": 73827.513001, "delta": 26.346519}}
{"target": 3.9875728234960217, "params": {"Bgrad": 1.8542428668617223, "d1": -1.5140267851531726, "d2": -0.6113442329131002, "d3": -2.7929173515023975, "d4": -2.3026203607407694, "p1": 9.935591258900933, "p2": 24.890363517183562, "p3": 43.19802665956211, "p4": 22.67090639939357, "pol1": 0.9659106356870415, "pol2": -0.40152635805957715, "pol3": -0.8184950682323657, "pol4": -0.5114644563861206, "v0s": 3.9875728234960217}, "datetime": {"datetime": "2022-05-17 16:14:16", "elapsed": 73871.410925, "delta": 43.897924}}
{"target": 2.61461909774346, "params": {"Bgrad": 1.8060906591717272, "d1": -2.440209628705588, "d2": 0.8179180034090878, "d3": -1.3432552706615253, "d4": -1.5449579837015683, "p1": 4.936587695926647, "p2": 31.67155511275887, "p3": 41.85185640758348, "p4": 31.391558095433204, "pol1": 0.30841193448099435, "pol2": 0.5953774879027391, "pol3": -0.9879513412288938, "pol4": 0.975799495945674, "v0s": 2.61461909774346}, "datetime": {"datetime": "2022-05-17 16:14:36", "elapsed": 73891.991287, "delta": 20.580362}}
{"target": -1.0, "params": {"Bgrad": 0.6546895092090359, "d1": -0.6134081376731739, "d2": -0.21929052384168868, "d3": -2.8595936523917302, "d4": -2.507006857644641, "p1": 5.118200251620969, "p2": 36.87545291765813, "p3": 34.42559643926572, "p4": 42.68432466710899, "pol1": 0.4508017803019164, "pol2": -0.6580053549123206, "pol3": -0.8167355043853701, "pol4": -0.3035264673113083, "v0s": 5.235852185737932}, "datetime": {"datetime": "2022-05-17 16:15:11", "elapsed": 73926.488332, "delta": 34.497045}}
{"target": 3.2064002407241357, "params": {"Bgrad": 0.7061454553330698, "d1": -0.041045911500372956, "d2": -0.5241801915671025, "d3": -2.654680992848717, "d4": -0.1574212139932003, "p1": 23.865046238391912, "p2": 16.641513981549966, "p3": 32.025938873760886, "p4": 22.250567586585856, "pol1": 0.30787130117786243, "pol2": 0.26741923577812354, "pol3": 0.5895397057129601, "pol4": 0.8199549245086108, "v0s": 3.2064002407241357}, "datetime": {"datetime": "2022-05-17 16:15:33", "elapsed": 73949.022074, "delta": 22.533742}}
{"target": 3.623963254874626, "params": {"Bgrad": 1.2547398211378473, "d1": -1.015040469914434, "d2": 0.48500258003455965, "d3": -2.1556399557604893, "d4": -2.5236793447221406, "p1": 31.27885822429463, "p2": 29.49461741822083, "p3": 7.305571856118442, "p4": 44.63436454163831, "pol1": 0.5072674079900517, "pol2": -0.8185837288246471, "pol3": 0.4529604556314888, "pol4": -0.06002288903234332, "v0s": 3.623963254874626}, "datetime": {"datetime": "2022-05-17 16:16:00", "elapsed": 73975.308296, "delta": 26.286222}}
{"target": 3.944665248393867, "params": {"Bgrad": 1.650141746593718, "d1": -2.74551463552172, "d2": -0.5172891670225606, "d3": 0.08621458424340522, "d4": -0.7200193255525793, "p1": 42.89449678326561, "p2": 20.90692593307123, "p3": 16.272465735049877, "p4": 12.413300074511058, "pol1": -0.9310610671719961, "pol2": 0.48440085730028093, "pol3": -0.18895043063369865, "pol4": 0.8069485266083058, "v0s": 3.944665248393867}, "datetime": {"datetime": "2022-05-17 16:16:36", "elapsed": 74011.411387, "delta": 36.103091}}
{"target": 4.293399296942575, "params": {"Bgrad": 0.8933094065938187, "d1": -1.5555393336876593, "d2": 0.20855012662156192, "d3": -2.913992275457877, "d4": -2.2454813774436237, "p1": 4.871965803525358, "p2": 35.19512816541381, "p3": 31.511361470872863, "p4": 34.40486676067316, "pol1": 0.19218815294905633, "pol2": 0.08267277727503664, "pol3": 0.7347476527576824, "pol4": -0.4108400697222834, "v0s": 4.293399296942575}, "datetime": {"datetime": "2022-05-17 16:16:59", "elapsed": 74035.178877, "delta": 23.76749}}
{"target": -1.0, "params": {"Bgrad": 0.5, "d1": -3.0, "d2": 1.0, "d3": -2.436007521803076, "d4": -0.35781130159194635, "p1": 25.531665288068748, "p2": 13.043664208001527, "p3": 35.634525967622146, "p4": 24.138564545507947, "pol1": -0.04888259222276037, "pol2": -0.9140295339731234, "pol3": -1.0, "pol4": 1.0, "v0s": 6.737881397017712}, "datetime": {"datetime": "2022-05-17 16:17:38", "elapsed": 74074.114174, "delta": 38.935297}}
{"target": 3.878005120363392, "params": {"Bgrad": 1.6842617888363753, "d1": -1.7236653888889157, "d2": -0.8479168997841935, "d3": -0.9412484125294514, "d4": -2.9062766570767646, "p1": 4.3826637989485935, "p2": 35.00254870504351, "p3": 38.77946358923122, "p4": 27.483432387052343, "pol1": -0.261987238948139, "pol2": 0.5900624950272846, "pol3": 0.5102591439501352, "pol4": -0.12497919314489447, "v0s": 3.878005120363392}, "datetime": {"datetime": "2022-05-17 16:18:14", "elapsed": 74109.84135, "delta": 35.727176}}
{"target": 4.676013087557872, "params": {"Bgrad": 1.6111605365066426, "d1": -2.908577642409701, "d2": 1.0, "d3": -0.8703717045873103, "d4": -1.660209660353715, "p1": 41.56659053195942, "p2": 20.19001690136878, "p3": 15.299979529626029, "p4": 12.66197444073691, "pol1": -0.5565026670757861, "pol2": 0.013540356462478677, "pol3": -0.056393942301891486, "pol4": -0.436052276050916, "v0s": 4.676013087557872}, "datetime": {"datetime": "2022-05-17 16:18:40", "elapsed": 74135.791045, "delta": 25.949695}}
{"target": 3.534051738181824, "params": {"Bgrad": 1.2784280369521643, "d1": -2.655476070951532, "d2": -0.10892079895180817, "d3": -1.5984873260417345, "d4": -2.5835571878280104, "p1": 6.272266657375486, "p2": 36.007173202099565, "p3": 29.138135788537067, "p4": 36.91462763832915, "pol1": -0.5277633417271517, "pol2": -0.7774853220480358, "pol3": 0.6203690565710314, "pol4": 0.7195236564049008, "v0s": 3.534051738181824}, "datetime": {"datetime": "2022-05-17 16:19:19", "elapsed": 74174.333327, "delta": 38.542282}}
{"target": 4.238840291573037, "params": {"Bgrad": 1.6740503071267505, "d1": -3.0, "d2": 0.18360602695142197, "d3": -0.8629861268049588, "d4": -0.2359955426947289, "p1": 35.161604735238996, "p2": 8.319470924642069, "p3": 35.773389125859005, "p4": 4.659904301211777, "pol1": 0.8169869906048305, "pol2": -1.0, "pol3": 1.0, "pol4": 0.6099066455538846, "v0s": 4.238840291573037}, "datetime": {"datetime": "2022-05-17 16:19:59", "elapsed": 74214.82188, "delta": 40.488553}}
{"target": -1.0, "params": {"Bgrad": 0.690255774262865, "d1": -2.4563786089051667, "d2": 0.40383033624445597, "d3": -2.796281638800958, "d4": 0.505929598036801, "p1": 33.07792615600509, "p2": 15.654559317943834, "p3": 33.27891615870038, "p4": 28.44264504459804, "pol1": 0.5041818770728721, "pol2": 0.19973048765886503, "pol3": -0.05638556805455375, "pol4": -0.1772708019787479, "v0s": 5.582702324699186}, "datetime": {"datetime": "2022-05-17 16:20:48", "elapsed": 74264.087999, "delta": 49.266119}}
{"target": 4.407426962730263, "params": {"Bgrad": 1.821225368334345, "d1": -3.0, "d2": 0.26279330827388203, "d3": -1.5055825322779985, "d4": -0.47804663110474144, "p1": 36.049101492969974, "p2": 7.049316111186993, "p3": 36.38079072788038, "p4": 6.114004611899635, "pol1": 0.3378537819686109, "pol2": -1.0, "pol3": 0.4095816646206247, "pol4": 0.09265622549654434, "v0s": 4.407426962730263}, "datetime": {"datetime": "2022-05-17 16:21:15", "elapsed": 74290.625072, "delta": 26.537073}}
{"target": -1.0, "params": {"Bgrad": 1.7966213872977241, "d1": -3.0, "d2": 0.6066364351024625, "d3": -0.21893613134310053, "d4": -1.3404086298391387, "p1": 35.84462017051749, "p2": 7.9223343519163025, "p3": 36.44723982020274, "p4": 5.162443936626453, "pol1": -0.020248731645293987, "pol2": -1.0, "pol3": 1.0, "pol4": 0.4621664800974503, "v0s": 4.8111627915251765}, "datetime": {"datetime": "2022-05-17 16:21:48", "elapsed": 74323.318839, "delta": 32.693767}}
{"target": 4.908803939426829, "params": {"Bgrad": 2.0, "d1": -1.395737693393881, "d2": -0.2012567440863344, "d3": -2.568730273120671, "d4": -1.9453021688755343, "p1": 5.2057795605587485, "p2": 39.212519028530544, "p3": 33.23600510401974, "p4": 42.390499773782444, "pol1": -0.4454947140299983, "pol2": 1.0, "pol3": -0.09359942146690282, "pol4": 0.7405984380215633, "v0s": 4.908803939426829}, "datetime": {"datetime": "2022-05-17 16:22:18", "elapsed": 74353.573008, "delta": 30.254169}}
{"target": -1.0, "params": {"Bgrad": 0.7021045273955662, "d1": -2.8867996513115575, "d2": 0.9815093933416232, "d3": 0.6767397690585999, "d4": -2.343564138106422, "p1": 7.3022448392969, "p2": 37.49973947977055, "p3": 34.587547840232006, "p4": 39.03718793982324, "pol1": -0.5435927533438705, "pol2": 0.7327948129207555, "pol3": 0.861417466591772, "pol4": 0.13708243447472013, "v0s": 3.07763494072804}, "datetime": {"datetime": "2022-05-17 16:22:45", "elapsed": 74380.498454, "delta": 26.925446}}
{"target": -1.0, "params": {"Bgrad": 1.9687761993172272, "d1": -1.9159241438877208, "d2": -0.4752783387424362, "d3": -2.732578563006975, "d4": -2.9545013913866924, "p1": 29.284264847800866, "p2": 30.00942815506715, "p3": 7.2753670499373975, "p4": 42.70265481535275, "pol1": 0.012197957065000598, "pol2": -0.3373652391648543, "pol3": 0.3195942785620718, "pol4": 0.47074728716774117, "v0s": 4.686656353673168}, "datetime": {"datetime": "2022-05-17 16:23:28", "elapsed": 74424.115208, "delta": 43.616754}}
{"target": -1.0, "params": {"Bgrad": 1.163601082121184, "d1": -2.8678858014965236, "d2": 0.7636051123675602, "d3": 0.6147396103578195, "d4": 0.5352225408226277, "p1": 43.28310178325104, "p2": 22.67532625979099, "p3": 16.066030544203336, "p4": 11.790519073571948, "pol1": 0.2835860183317691, "pol2": 0.906620421218161, "pol3": -0.4292394423873229, "pol4": -0.22879802554067652, "v0s": 3.7828581178870033}, "datetime": {"datetime": "2022-05-17 16:24:25", "elapsed": 74481.042607, "delta": 56.927399}}
{"target": 5.322543481088198, "params": {"Bgrad": 0.5, "d1": -3.0, "d2": 1.0, "d3": -2.7191701944693105, "d4": 0.126097198271643, "p1": 26.136271246374903, "p2": 13.164648268124985, "p3": 35.59378467064049, "p4": 23.951669798607377, "pol1": 0.5369945441054538, "pol2": -0.8590190972686066, "pol3": -0.7193384615950926, "pol4": 0.46275083399295264, "v0s": 5.322543481088198}, "datetime": {"datetime": "2022-05-17 16:24:52", "elapsed": 74507.903975, "delta": 26.861368}}
{"target": 2.87930402825872, "params": {"Bgrad": 1.8371894192101796, "d1": -1.5423263105217653, "d2": 0.4427756783366581, "d3": -2.7636451574201573, "d4": -1.7159261120116147, "p1": 10.873871491885362, "p2": 28.193634732565314, "p3": 44.63762822856674, "p4": 26.05952221465137, "pol1": 0.26664701755689935, "pol2": 0.2225075013484299, "pol3": 0.28156603797487945, "pol4": 0.6402213806294061, "v0s": 2.87930402825872}, "datetime": {"datetime": "2022-05-17 16:25:17", "elapsed": 74532.431375, "delta": 24.5274}}
{"target": 4.714945312274079, "params": {"Bgrad": 1.3821878459891361, "d1": -2.3920094596729706, "d2": 1.0, "d3": -2.104400172545521, "d4": -2.606249112662059, "p1": 33.10120274826562, "p2": 6.39551167092269, "p3": 37.15143906958164, "p4": 30.545747939326453, "pol1": -0.0005736902729796544, "pol2": 0.3967501386100168, "pol3": -0.32652999435478697, "pol4": 0.10207189088811429, "v0s": 4.714945312274079}, "datetime": {"datetime": "2022-05-17 16:25:52", "elapsed": 74567.569545, "delta": 35.13817}}
{"target": 4.5849778205792004, "params": {"Bgrad": 0.6815037436357703, "d1": -1.8927232988068172, "d2": -0.13121070155670234, "d3": -2.5363261961964345, "d4": -2.971392874108445, "p1": 36.02522590425831, "p2": 6.981456909552336, "p3": 40.24478491614501, "p4": 32.45135937902125, "pol1": 0.6942755906212319, "pol2": -0.7515896953526999, "pol3": 0.22622244655417179, "pol4": 0.34987851184836116, "v0s": 4.5849778205792004}, "datetime": {"datetime": "2022-05-17 16:26:16", "elapsed": 74591.844092, "delta": 24.274547}}
{"target": 5.343029846324503, "params": {"Bgrad": 0.624749579804744, "d1": -1.9970885516794867, "d2": -0.03952030962261456, "d3": -0.80604247881255, "d4": -3.0, "p1": 1.700074292988101, "p2": 13.170104308858946, "p3": 37.670835492992616, "p4": 47.73104235828784, "pol1": -0.4771816577335423, "pol2": 1.0, "pol3": -0.18307718483400198, "pol4": 0.5754783964905441, "v0s": 5.343029846324503}, "datetime": {"datetime": "2022-05-17 16:26:57", "elapsed": 74632.410909, "delta": 40.566817}}
{"target": 4.373235277821049, "params": {"Bgrad": 2.0, "d1": -3.0, "d2": -1.8984938971520788, "d3": -3.0, "d4": -0.7490701647104828, "p1": 27.342739361314937, "p2": 17.827403519257647, "p3": 50.0, "p4": 37.45450272531073, "pol1": 0.7983110665797619, "pol2": 1.0, "pol3": 0.07882968156607316, "pol4": -0.39683455130555495, "v0s": 4.373235277821049}, "datetime": {"datetime": "2022-05-17 16:27:37", "elapsed": 74672.904408, "delta": 40.493499}}
{"target": 4.462631935967376, "params": {"Bgrad": 1.7403819604116044, "d1": -1.4895751023789754, "d2": 0.45398952719714236, "d3": -2.2363759485517956, "d4": -2.208962374955119, "p1": 1.7786334566727569, "p2": 35.25312069662583, "p3": 35.00100356886281, "p4": 37.015056200663, "pol1": 0.6753396125540359, "pol2": 0.45919756171262005, "pol3": 0.9038279676286751, "pol4": -0.4948656064841339, "v0s": 4.462631935967376}, "datetime": {"datetime": "2022-05-17 16:28:39", "elapsed": 74734.283416, "delta": 61.379008}}
{"target": -1.0, "params": {"Bgrad": 1.9799672045165027, "d1": -2.42661321992509, "d2": -1.5420520774268502, "d3": -2.4518193933155787, "d4": -2.173100901527086, "p1": 2.7926541709901276, "p2": 32.19564066641311, "p3": 27.97577009892413, "p4": 43.717627361436875, "pol1": -0.11585174870160664, "pol2": -0.6962765853665249, "pol3": -0.3002184605201539, "pol4": -0.3319579084162101, "v0s": 4.561809891454219}, "datetime": {"datetime": "2022-05-17 16:29:08", "elapsed": 74763.851876, "delta": 29.56846}}
{"target": 3.3046591289658465, "params": {"Bgrad": 0.6158688382233212, "d1": -2.055485749518038, "d2": 0.9324300364128462, "d3": -1.8236641639011455, "d4": -0.06721277088000654, "p1": 3.5723319124840556, "p2": 29.182386471716814, "p3": 42.77733753715124, "p4": 20.84662632513669, "pol1": -0.6056772913659327, "pol2": -0.07838493651594636, "pol3": -0.606787196801613, "pol4": -0.33171250416996156, "v0s": 3.3046591289658465}, "datetime": {"datetime": "2022-05-17 16:29:45", "elapsed": 74800.88662, "delta": 37.034744}}
{"target": 4.7859460729617265, "params": {"Bgrad": 0.5, "d1": -3.0, "d2": 0.623693674873431, "d3": -1.8399741242400598, "d4": -2.3214475800480527, "p1": 33.46883659883761, "p2": 5.899970970407179, "p3": 38.34550394756229, "p4": 30.741007871915553, "pol1": -0.03388875605279803, "pol2": -0.7575463297616627, "pol3": -0.23048023678601368, "pol4": -0.15817352104677176, "v0s": 4.7859460729617265}, "datetime": {"datetime": "2022-05-17 16:30:11", "elapsed": 74826.893636, "delta": 26.007016}}
{"target": 5.284292607294476, "params": {"Bgrad": 1.3514690468285468, "d1": -2.637447729318082, "d2": 0.4953312251016764, "d3": -1.138702700094024, "d4": -1.6246151080700881, "p1": 5.106188492070467, "p2": 35.80649427997492, "p3": 40.08714725269042, "p4": 29.54229940169018, "pol1": 0.4534413001245029, "pol2": 0.3770240571183007, "pol3": -0.23420212959903963, "pol4": 0.02206180151080257, "v0s": 5.284292607294476}, "datetime": {"datetime": "2022-05-17 16:30:40", "elapsed": 74856.149625, "delta": 29.255989}}
{"target": -1.0, "params": {"Bgrad": 1.2587293830672674, "d1": -2.6973681450534945, "d2": -0.3994654208177226, "d3": -2.7919177073994197, "d4": -2.990133597876085, "p1": 32.3960894225467, "p2": 8.588466574781906, "p3": 38.39524884002763, "p4": 31.57989097237648, "pol1": -0.1102212086592047, "pol2": 0.11956044564027857, "pol3": -0.514381576193629, "pol4": -0.5836852783574278, "v0s": 5.570816836088385}, "datetime": {"datetime": "2022-05-17 16:31:25", "elapsed": 74900.436737, "delta": 44.287112}}
{"target": 5.641594897305961, "params": {"Bgrad": 0.8017164169111082, "d1": -1.730020972073, "d2": -0.153644388532143, "d3": -0.8694919719337165, "d4": -3.0, "p1": 1.6141216522993616, "p2": 13.62521115272804, "p3": 37.981136264537376, "p4": 48.09788809949161, "pol1": 0.6833994433795709, "pol2": 0.28509271494069777, "pol3": -1.0, "pol4": 0.5594187988923819, "v0s": 5.641594897305961}, "datetime": {"datetime": "2022-05-17 16:31:54", "elapsed": 74929.692615, "delta": 29.255878}}
{"target": -1.0, "params": {"Bgrad": 1.1837655743389446, "d1": -2.744097868782672, "d2": 0.6010060576237666, "d3": -2.263642319247997, "d4": -2.982534093984939, "p1": 4.1959546428020635, "p2": 34.178092757384206, "p3": 40.001627406437414, "p4": 30.82833889089992, "pol1": -0.7080162216658388, "pol2": 0.7378772264827198, "pol3": 0.30758627593821797, "pol4": -0.8175194474567868, "v0s": 5.935569547004528}, "datetime": {"datetime": "2022-05-17 16:32:27", "elapsed": 74962.938475, "delta": 33.24586}}
{"target": 2.672571097507812, "params": {"Bgrad": 1.1657936517471812, "d1": -2.827243574180066, "d2": 0.05481565831980273, "d3": -1.1700420236528997, "d4": 0.5899210593331787, "p1": 9.862577556227519, "p2": 24.98623723471499, "p3": 43.00498484623078, "p4": 21.99853010905902, "pol1": -0.9022643958580945, "pol2": 0.23465393111023025, "pol3": -0.4259079300828419, "pol4": 0.8050048528317428, "v0s": 2.672571097507812}, "datetime": {"datetime": "2022-05-17 16:32:56", "elapsed": 74992.132013, "delta": 29.193538}}
{"target": 4.547468278034574, "params": {"Bgrad": 0.9102093695640054, "d1": -2.1552925042410744, "d2": -0.5071735170805775, "d3": -0.822404871261967, "d4": -2.5151084651168554, "p1": 1.9122318352219043, "p2": 12.605817284468664, "p3": 38.15094556254638, "p4": 48.63877351196119, "pol1": -0.20292169731635473, "pol2": 0.08744014436805497, "pol3": -0.6946916137737925, "pol4": 0.6107463951210824, "v0s": 4.547468278034574}, "datetime": {"datetime": "2022-05-17 16:33:24", "elapsed": 75019.920368, "delta": 27.788355}}
{"target": -1.0, "params": {"Bgrad": 1.8088062734097732, "d1": -2.0776294797697514, "d2": -1.1176691041080193, "d3": -2.7278649488806526, "d4": -1.0177978411517499, "p1": 10.777775373829733, "p2": 26.641868724323153, "p3": 44.644778308635196, "p4": 26.842390940898376, "pol1": 0.4860783923816123, "pol2": 0.3259418697622767, "pol3": 0.656956893808371, "pol4": 0.7821236648485657, "v0s": 5.4089144750237095}, "datetime": {"datetime": "2022-05-17 16:33:55", "elapsed": 75050.551983, "delta": 30.631615}}
{"target": 5.666145942562075, "params": {"Bgrad": 1.792095289346283, "d1": -2.4947619388581472, "d2": -0.49391514691151484, "d3": -0.999454782259364, "d4": 0.7231413689858193, "p1": 8.077619800553915, "p2": 28.500965334753037, "p3": 42.6506677489993, "p4": 21.243322277387357, "pol1": 0.4754157385251394, "pol2": -0.061099836143878594, "pol3": -0.1738689322046707, "pol4": 0.7892683168841212, "v0s": 5.666145942562075}, "datetime": {"datetime": "2022-05-17 16:34:22", "elapsed": 75077.512381, "delta": 26.960398}}
{"target": -1.0, "params": {"Bgrad": 1.221752611286784, "d1": -2.6455161691790767, "d2": 0.76144625103491, "d3": -1.237332482222361, "d4": 0.6666584804861446, "p1": 9.95966349199142, "p2": 28.10816577324103, "p3": 41.240475297725084, "p4": 25.27013155724963, "pol1": 0.3528836822075865, "pol2": -0.32672291994080616, "pol3": 0.38269820153394063, "pol4": -0.20375356204421502, "v0s": 3.3762020528590524}, "datetime": {"datetime": "2022-05-17 16:34:56", "elapsed": 75112.032712, "delta": 34.520331}}
{"target": 3.2866266584371813, "params": {"Bgrad": 1.0165388109047109, "d1": -2.8588550560788955, "d2": -0.40095913183970605, "d3": -1.2145065191672588, "d4": 0.0494108092162689, "p1": 35.39242566010969, "p2": 8.255688662278194, "p3": 35.74918383361988, "p4": 5.250742991376778, "pol1": 0.697694066026399, "pol2": -1.0, "pol3": 0.16664636745218317, "pol4": -0.1857308262388239, "v0s": 3.2866266584371813}, "datetime": {"datetime": "2022-05-17 16:35:25", "elapsed": 75140.484717, "delta": 28.452005}}
{"target": 4.566942779552826, "params": {"Bgrad": 1.727479000154247, "d1": -1.6453622645904709, "d2": 0.47354505467144226, "d3": -2.3500633370586392, "d4": -3.0, "p1": 1.5855633380132457, "p2": 29.41981139485848, "p3": 18.94368178785209, "p4": 10.28827969047633, "pol1": -0.3340085538235506, "pol2": -0.5118168518592728, "pol3": 1.0, "pol4": -0.9922044098942681, "v0s": 4.566942779552826}, "datetime": {"datetime": "2022-05-17 16:35:54", "elapsed": 75169.61035, "delta": 29.125633}}
{"target": 4.3163813022391455, "params": {"Bgrad": 0.7402660942702267, "d1": -2.6570074222433284, "d2": -1.025183080580942, "d3": -0.7836252794198457, "d4": 0.6634315758938931, "p1": 4.066128281617698, "p2": 37.8186925348572, "p3": 38.48825829195726, "p4": 28.07061497835007, "pol1": 0.9761681814167738, "pol2": -0.6538441969346995, "pol3": -0.9858757374031788, "pol4": 0.21735031806475802, "v0s": 4.3163813022391455}, "datetime": {"datetime": "2022-05-17 16:36:20", "elapsed": 75195.407911, "delta": 25.797561}}
