{"target": 3.9729591747475346, "params": {"Bgrad": 0.954384923568419, "d1": -2.218166635108333, "d2": 0.1323152079271258, "d3": -1.9221011872988816, "d4": -1.1895113973277198, "p1": 28.285069120155093, "p2": 25.231578668716544, "p3": 3.5708023456434734, "p4": 42.513835321543475, "pol1": 0.8302084623242998, "pol2": 0.4066603828349562, "pol3": -0.2668151757771344, "pol4": 0.01035693870530485, "v0s": 3.9729591747475346}, "datetime": {"datetime": "2022-05-16 20:19:34", "elapsed": 2190.15317, "delta": 5.285863}}
{"target": -1.0, "params": {"Bgrad": 0.9583718268187974, "d1": -2.4324233875790857, "d2": 1.0, "d3": -0.1987843491459179, "d4": -2.3842059717520594, "p1": 46.42563267817817, "p2": 25.441915792683897, "p3": 23.23023278485252, "p4": 28.192373660179996, "pol1": -0.4546364991270993, "pol2": -0.24326865254494145, "pol3": -0.3224171787153916, "pol4": -0.4927445138323781, "v0s": 5.578380810458427}, "datetime": {"datetime": "2022-05-16 20:19:46", "elapsed": 2201.286392, "delta": 11.133222}}
{"target": -1.0, "params": {"Bgrad": 1.360954340603604, "d1": -0.9156526821955149, "d2": -1.0222743265635277, "d3": -0.9792062486905806, "d4": -2.8087703701365045, "p1": 40.053701569726464, "p2": 20.445626205340638, "p3": 15.198049638233607, "p4": 19.038526432032693, "pol1": 0.9266166816295889, "pol2": 0.6328192721785226, "pol3": 0.8348008964338745, "pol4": -0.4286298930514423, "v0s": 4.097692876243698}, "datetime": {"datetime": "2022-05-16 20:19:57", "elapsed": 2213.143678, "delta": 11.857286}}
{"target": -1.0, "params": {"Bgrad": 1.5093301301674544, "d1": -1.4314465870721618, "d2": -1.9797748499792327, "d3": -1.8904589801623666, "d4": -1.5754337199463426, "p1": 25.744535188043542, "p2": 31.576880125934103, "p3": 43.31432053596918, "p4": 44.9328114129485, "pol1": -0.24006151239728843, "pol2": 0.5420629127496631, "pol3": -0.17321426746963783, "pol4": -0.05176602525236583, "v0s": 3.5013185486117506}, "datetime": {"datetime": "2022-05-16 20:20:09", "elapsed": 2224.343723, "delta": 11.200045}}
{"target": 2.3567615102325217, "params": {"Bgrad": 1.7721375947262925, "d1": -0.628387131870229, "d2": 0.6292619922003082, "d3": 0.21428619632621304, "d4": -0.02364535934666856, "p1": 14.934750277202285, "p2": 8.44532640919416, "p3": 4.695280049955253, "p4": 36.49317764411689, "pol1": -0.39258117721688124, "pol2": 0.4196589338858365, "pol3": 0.9147297194457042, "pol4": 0.0691843461427013, "v0s": 2.3567615102325217}, "datetime": {"datetime": "2022-05-16 20:20:14", "elapsed": 2229.895875, "delta": 5.552152}}
{"target": 3.896516505149252, "params": {"Bgrad": 1.0795873617494904, "d1": -2.3478006844070296, "d2": -0.5177772807796248, "d3": -1.5906526576022175, "d4": -1.7711378566687817, "p1": 29.011710610079003, "p2": 25.489532241021003, "p3": 4.270405072145984, "p4": 43.387737346593994, "pol1": 0.678713730951286, "pol2": 0.5937418566951878, "pol3": -0.3116614729754045, "pol4": 0.29783876224213546, "v0s": 3.896516505149252}, "datetime": {"datetime": "2022-05-16 20:20:20", "elapsed": 2235.301415, "delta": 5.40554}}
{"target": -1.0, "params": {"Bgrad": 0.8536559045119136, "d1": -2.672012187447406, "d2": -2.169734983022199, "d3": -2.693753569830934, "d4": -1.5203889190629183, "p1": 6.130018804685985, "p2": 2.329035597367955, "p3": 37.78129559350968, "p4": 20.221273512363652, "pol1": 0.3564600512799212, "pol2": -0.22660018070356852, "pol3": -0.25881203832559035, "pol4": -0.11329469999686469, "v0s": 5.403924707797516}, "datetime": {"datetime": "2022-05-16 20:20:29", "elapsed": 2244.938639, "delta": 9.637224}}
{"target": -1.0, "params": {"Bgrad": 1.621324116174849, "d1": 0.17051277884246435, "d2": 0.5631607644008452, "d3": -0.47445324345243983, "d4": -0.9023840078691552, "p1": 15.257032202957951, "p2": 7.124350151579675, "p3": 5.226525988097225, "p4": 36.88119441577627, "pol1": 0.14677965459534426, "pol2": 0.13635951078066816, "pol3": 0.2357862984208037, "pol4": 0.25277196938648144, "v0s": 2.3177632360333615}, "datetime": {"datetime": "2022-05-16 20:20:42", "elapsed": 2257.336479, "delta": 12.39784}}
{"target": 4.094769790372578, "params": {"Bgrad": 1.928085644965494, "d1": -1.8913760056042845, "d2": 0.26425562157474763, "d3": -3.0, "d4": -2.1366837310778073, "p1": 7.061453216752088, "p2": 36.13298203932767, "p3": 35.15972631368492, "p4": 34.80830983395645, "pol1": -0.0815806353857948, "pol2": -0.17587996907564088, "pol3": 0.2123706380668007, "pol4": -0.7371464359290586, "v0s": 4.094769790372578}, "datetime": {"datetime": "2022-05-16 20:20:46", "elapsed": 2261.985046, "delta": 4.648567}}
{"target": 3.6136236575647733, "params": {"Bgrad": 0.7010679764977216, "d1": 0.2544864415374011, "d2": 0.0403124293061617, "d3": -1.5234647218176693, "d4": -0.39821547657424405, "p1": 14.818022131285895, "p2": 6.41065344403595, "p3": 7.119864747084835, "p4": 36.93212904800512, "pol1": 0.7111507582516753, "pol2": -1.0, "pol3": -0.3729517627337829, "pol4": 0.221158343985891, "v0s": 3.6136236575647733}, "datetime": {"datetime": "2022-05-16 20:20:48", "elapsed": 2264.140282, "delta": 2.155236}}
{"target": -1.0, "params": {"Bgrad": 0.5001019995842838, "d1": -1.5678462273217695, "d2": -2.060406678438097, "d3": 1.0, "d4": 0.8505076470257529, "p1": 21.357720413677452, "p2": 31.701103358109982, "p3": 7.101593109662409, "p4": 24.555668857504017, "pol1": -0.26601895880895254, "pol2": 0.9811910796659197, "pol3": 0.13807779243177026, "pol4": 0.3380757255539576, "v0s": 3.0467712778778484}, "datetime": {"datetime": "2022-05-16 20:20:56", "elapsed": 2271.840686, "delta": 7.700404}}
{"target": -1.0, "params": {"Bgrad": 1.223680667836391, "d1": 0.2835435734469054, "d2": 0.90431203626905, "d3": -0.8318449773999408, "d4": -2.8464400660986624, "p1": 41.94842974331927, "p2": 19.775775302229352, "p3": 18.244916023860696, "p4": 14.414235236126688, "pol1": -0.6643613480457811, "pol2": -0.04699135140449462, "pol3": 0.438052760257994, "pol4": -0.2669783330047091, "v0s": 3.691546460182642}, "datetime": {"datetime": "2022-05-16 20:21:09", "elapsed": 2285.115182, "delta": 13.274496}}
{"target": 4.736050783362169, "params": {"Bgrad": 1.2744020501189717, "d1": -1.5647368307665848, "d2": 0.5286228328865977, "d3": -0.4482516365728158, "d4": -2.601246051316378, "p1": 41.37481232574652, "p2": 20.72612890115353, "p3": 17.96699290979228, "p4": 17.54122172256826, "pol1": -0.0013147726918365855, "pol2": -0.7413039798362713, "pol3": 0.41790185436575356, "pol4": -0.1872601264208432, "v0s": 4.736050783362169}, "datetime": {"datetime": "2022-05-16 20:21:15", "elapsed": 2290.841865, "delta": 5.726683}}
{"target": -1.0, "params": {"Bgrad": 1.6333295982120821, "d1": -1.8325133874924306, "d2": 0.25596459752764433, "d3": -1.8272786908335412, "d4": -0.6733880205039653, "p1": 48.068846203564306, "p2": 26.523695423766785, "p3": 21.77155928848455, "p4": 29.96404607984641, "pol1": -0.6384540575397726, "pol2": -0.7821990511081971, "pol3": 0.3971436479169035, "pol4": -0.9268021865212621, "v0s": 6.427241992571509}, "datetime": {"datetime": "2022-05-16 20:21:27", "elapsed": 2302.39696, "delta": 11.555095}}
{"target": -1.0, "params": {"Bgrad": 1.0015666195632473, "d1": -2.2528412582228428, "d2": -0.3471433388223999, "d3": 0.2064420390022219, "d4": -2.6768535726061375, "p1": 37.41736724887565, "p2": 20.705763833161768, "p3": 20.425751518318492, "p4": 17.177378652523327, "pol1": 0.31384442562075865, "pol2": 0.19817793273630446, "pol3": 0.2872037504404179, "pol4": -0.32813529243386585, "v0s": 6.887249078632588}, "datetime": {"datetime": "2022-05-16 20:21:37", "elapsed": 2312.646546, "delta": 10.249586}}
{"target": 4.288289698606374, "params": {"Bgrad": 0.9437935375791068, "d1": -2.966197231268775, "d2": -0.2988375987449254, "d3": 0.006827457842906523, "d4": -0.8393195268858289, "p1": 32.023071077371085, "p2": 7.943104879396564, "p3": 8.161176870657313, "p4": 25.627864507819602, "pol1": 1.0, "pol2": -0.9949920866968051, "pol3": -0.45227794733456944, "pol4": -0.523046842593338, "v0s": 4.288289698606374}, "datetime": {"datetime": "2022-05-16 20:21:41", "elapsed": 2316.992933, "delta": 4.346387}}
{"target": 3.784571640673959, "params": {"Bgrad": 1.6198542808969139, "d1": -2.347827600219956, "d2": -0.5340203792198962, "d3": -3.0, "d4": -2.0064751535737435, "p1": 7.227089868541818, "p2": 35.889609642973674, "p3": 34.86977551522305, "p4": 34.78125277293083, "pol1": 0.31629611409379865, "pol2": 0.25287303612646345, "pol3": -0.6422649763113369, "pol4": -0.15313347320093781, "v0s": 3.784571640673959}, "datetime": {"datetime": "2022-05-16 20:21:47", "elapsed": 2322.653792, "delta": 5.660859}}
{"target": 4.764565024362374, "params": {"Bgrad": 1.3979258018074574, "d1": -1.8652270502907027, "d2": 0.6336252286790068, "d3": -0.27368918207964826, "d4": -2.3021764853759743, "p1": 39.39609520518524, "p2": 19.121467205718965, "p3": 17.24496101695811, "p4": 18.286265075624033, "pol1": 0.33799797133339654, "pol2": -0.8417342733119365, "pol3": 0.6676274422023847, "pol4": -0.4654721509747957, "v0s": 4.764565024362374}, "datetime": {"datetime": "2022-05-16 20:21:54", "elapsed": 2329.269099, "delta": 6.615307}}
{"target": -1.0, "params": {"Bgrad": 1.3343246316009962, "d1": -1.9713024685910652, "d2": 0.3263996312258959, "d3": -1.6220350989462808, "d4": 0.55914613900624, "p1": 1.0388171835890359, "p2": 33.36235431614345, "p3": 14.341369969906214, "p4": 10.544110987086846, "pol1": -0.367180165753465, "pol2": 0.2653190484354213, "pol3": 0.8384395245023093, "pol4": 0.3825683157314774, "v0s": 2.9556385496871305}, "datetime": {"datetime": "2022-05-16 20:22:05", "elapsed": 2340.957835, "delta": 11.688736}}
{"target": -1.0, "params": {"Bgrad": 1.1687639232269316, "d1": -2.412336902197017, "d2": -1.016811391795641, "d3": 0.2947098687890905, "d4": -0.921509590104443, "p1": 31.898875170626116, "p2": 7.804695592312145, "p3": 7.671691725069411, "p4": 25.120458588649022, "pol1": 1.0, "pol2": -0.998869567374364, "pol3": 0.13460802340656003, "pol4": -0.1938866147330825, "v0s": 5.190224287567619}, "datetime": {"datetime": "2022-05-16 20:22:17", "elapsed": 2353.024562, "delta": 12.066727}}
{"target": 4.071604841318636, "params": {"Bgrad": 0.5, "d1": -2.754351762722468, "d2": -3.0, "d3": -2.6183279937325996, "d4": -0.9111742988932893, "p1": 5.816940038174076, "p2": 1.771211592396163, "p3": 38.31297709995905, "p4": 20.759148489036363, "pol1": 0.45668276826247756, "pol2": 0.17895590753180188, "pol3": 0.19732025328175853, "pol4": 0.19012922684548092, "v0s": 4.071604841318636}, "datetime": {"datetime": "2022-05-16 20:22:21", "elapsed": 2356.228992, "delta": 3.20443}}
{"target": 3.3165985971843837, "params": {"Bgrad": 0.9040869669232667, "d1": -2.980803615761262, "d2": 0.290352179230387, "d3": -2.1225902775859278, "d4": -1.2453545651463183, "p1": 28.887314640962067, "p2": 25.22630182527995, "p3": 3.759620265028857, "p4": 43.250487703677265, "pol1": 0.8700745142537359, "pol2": 0.8559314801691251, "pol3": -0.5629562279577857, "pol4": 0.3518024858347966, "v0s": 3.3165985971843837}, "datetime": {"datetime": "2022-05-16 20:22:25", "elapsed": 2360.976294, "delta": 4.747302}}
{"target": 3.846537634352849, "params": {"Bgrad": 0.8268412137859252, "d1": -0.048008111604772044, "d2": 0.9163923919946124, "d3": -2.5884239161479936, "d4": -2.79109440286012, "p1": 30.288886782893414, "p2": 10.929770947034173, "p3": 38.77204872920869, "p4": 28.536076882165656, "pol1": 0.5795125177577315, "pol2": -0.6384273078550379, "pol3": -0.8163084449290547, "pol4": -0.11971658771096184, "v0s": 3.846537634352849}, "datetime": {"datetime": "2022-05-16 20:22:32", "elapsed": 2367.321323, "delta": 6.345029}}
{"target": 4.465613825018011, "params": {"Bgrad": 0.7874965483851245, "d1": -3.0, "d2": 0.20369588904144123, "d3": -0.7035619732099715, "d4": -0.08907353748390277, "p1": 32.272149567301675, "p2": 7.877305766903696, "p3": 8.051132087984575, "p4": 25.018468713137874, "pol1": 0.6735266910751722, "pol2": -0.5493837964485192, "pol3": -0.1518062590127871, "pol4": -0.1941122461167511, "v0s": 4.465613825018011}, "datetime": {"datetime": "2022-05-16 20:22:35", "elapsed": 2370.404078, "delta": 3.082755}}
{"target": 4.131307027275837, "params": {"Bgrad": 1.1270502607853778, "d1": -3.0, "d2": 0.14596936655287956, "d3": -0.6893984991651045, "d4": -0.7864798318819997, "p1": 31.46744118653354, "p2": 7.347441349296452, "p3": 8.3968820863955, "p4": 24.21135410027787, "pol1": 0.9878397290256373, "pol2": -1.0, "pol3": -0.05046992791742178, "pol4": -0.24276510120095826, "v0s": 4.131307027275837}, "datetime": {"datetime": "2022-05-16 20:22:39", "elapsed": 2375.118469, "delta": 4.714391}}
{"target": -1.0, "params": {"Bgrad": 0.9629917248138187, "d1": -1.6889890928903364, "d2": -1.8561104341299814, "d3": -0.18598204160609966, "d4": -0.38884251784435847, "p1": 21.302560751689377, "p2": 29.11936735010245, "p3": 7.435050312341215, "p4": 26.319114467990612, "pol1": -0.5338809344746825, "pol2": 0.48165698450422534, "pol3": 0.5306480525272783, "pol4": 0.2016568206601147, "v0s": 2.475440689499123}, "datetime": {"datetime": "2022-05-16 20:22:48", "elapsed": 2383.334494, "delta": 8.216025}}
{"target": -1.0, "params": {"Bgrad": 1.6759992092883476, "d1": -0.005200514695730352, "d2": -1.4079573981322366, "d3": -2.6784632230603096, "d4": -1.2789039279499463, "p1": 46.109404597188785, "p2": 20.026585129435787, "p3": 25.4035200805733, "p4": 16.6266967602838, "pol1": -0.6570433417087858, "pol2": -0.8920251668005803, "pol3": -0.8831177314191934, "pol4": -0.2467389843679879, "v0s": 3.9885690674800114}, "datetime": {"datetime": "2022-05-16 20:22:59", "elapsed": 2394.241322, "delta": 10.906828}}
{"target": 4.443753617958429, "params": {"Bgrad": 1.0424497615212929, "d1": -3.0, "d2": 0.11011846608727509, "d3": -0.7670105054922451, "d4": -0.6771801168630107, "p1": 32.362587224340345, "p2": 8.809872314014743, "p3": 7.307421677272031, "p4": 25.097929389060486, "pol1": 1.0, "pol2": -1.0, "pol3": -0.08836811385871784, "pol4": -0.13759737512269493, "v0s": 4.443753617958429}, "datetime": {"datetime": "2022-05-16 20:23:04", "elapsed": 2399.882235, "delta": 5.640913}}
{"target": -1.0, "params": {"Bgrad": 1.3746134342246963, "d1": -1.85124291612789, "d2": -0.6732532444341102, "d3": -1.047198074915284, "d4": -1.7447420644508371, "p1": 6.081507063770775, "p2": 34.136891562633124, "p3": 34.34357847063946, "p4": 32.566737452776756, "pol1": -0.7784648898297664, "pol2": -0.09214539504675878, "pol3": -0.972428027577094, "pol4": 0.4262634584875009, "v0s": 5.168807804093085}, "datetime": {"datetime": "2022-05-16 20:23:15", "elapsed": 2410.657415, "delta": 10.77518}}
{"target": 3.4651875316771283, "params": {"Bgrad": 1.3797337070196454, "d1": -2.621024766793619, "d2": 0.155909346399768, "d3": -0.3996350425985487, "d4": 1.0, "p1": 12.623290658880135, "p2": 23.88962266698508, "p3": 44.58595355232616, "p4": 30.010161268932343, "pol1": 0.41561404251927286, "pol2": -0.23106347121114562, "pol3": 0.4872211877743892, "pol4": 0.957371473777653, "v0s": 3.4651875316771283}, "datetime": {"datetime": "2022-05-16 20:23:24", "elapsed": 2419.369115, "delta": 8.7117}}
{"target": 2.6337461022144044, "params": {"Bgrad": 0.5886546523327706, "d1": -1.4539566021773571, "d2": 0.14054942845390794, "d3": -2.2956850400173803, "d4": 0.32967907818488973, "p1": 13.969242183540498, "p2": 5.129719382822751, "p3": 6.324792936334927, "p4": 36.85651179270842, "pol1": -0.8631411244763076, "pol2": 0.6195983026015672, "pol3": -0.18341769535046626, "pol4": -0.9951580452069082, "v0s": 2.6337461022144044}, "datetime": {"datetime": "2022-05-16 20:23:28", "elapsed": 2423.337501, "delta": 3.968386}}
{"target": -1.0, "params": {"Bgrad": 1.7651460102586853, "d1": -0.8763250295435885, "d2": -2.5311020311534302, "d3": -0.2581096435715633, "d4": -2.072781168333378, "p1": 20.79380377245347, "p2": 21.385038766951652, "p3": 17.818115781857585, "p4": 20.526331828243112, "pol1": -0.06484264405163653, "pol2": -0.576917480847291, "pol3": -0.1707750797494223, "pol4": 0.42728701781693723, "v0s": 3.945575489985888}, "datetime": {"datetime": "2022-05-16 20:23:38", "elapsed": 2433.239018, "delta": 9.901517}}
{"target": 2.914100584744029, "params": {"Bgrad": 1.0127942889309522, "d1": -0.1948181647947842, "d2": -0.13080472230423235, "d3": -0.8635224007449509, "d4": -2.6124312931374294, "p1": 46.67905790208004, "p2": 18.969148601191183, "p3": 24.049330892815405, "p4": 13.220240937639486, "pol1": 1.0, "pol2": -0.16425524082072387, "pol3": 0.008806909116304655, "pol4": 0.4674118084459086, "v0s": 2.914100584744029}, "datetime": {"datetime": "2022-05-16 20:23:44", "elapsed": 2439.470351, "delta": 6.231333}}
{"target": 3.678600149600265, "params": {"Bgrad": 1.4299845304927483, "d1": -2.1097743604035046, "d2": -1.0718540631291957, "d3": -0.9442790643195118, "d4": -1.9792062550518579, "p1": 41.30041245089341, "p2": 19.831079529988955, "p3": 19.732086530245706, "p4": 17.44883279554547, "pol1": 0.1638973243001347, "pol2": -0.3439683752600251, "pol3": -0.08404707136857814, "pol4": -0.7953970546628326, "v0s": 3.678600149600265}, "datetime": {"datetime": "2022-05-16 20:23:49", "elapsed": 2444.856945, "delta": 5.386594}}
{"target": -1.0, "params": {"Bgrad": 0.5, "d1": -0.6245289844109633, "d2": -3.0, "d3": -0.4376201847783065, "d4": -2.285604282052926, "p1": 20.84507178690572, "p2": 23.42696536722792, "p3": 17.145871894504033, "p4": 18.126365414153792, "pol1": -1.0, "pol2": -1.0, "pol3": 0.3105635078659687, "pol4": 0.0124593004207046, "v0s": 2.0565016512690826}, "datetime": {"datetime": "2022-05-16 20:23:54", "elapsed": 2449.42373, "delta": 4.566785}}
{"target": 4.977202762782, "params": {"Bgrad": 1.3456900717112132, "d1": -3.0, "d2": 0.23824009364570367, "d3": -0.5967013463861723, "d4": -0.47924420887168806, "p1": 31.858383970134913, "p2": 8.093525672764148, "p3": 8.184757768644763, "p4": 25.51488458071015, "pol1": 0.9926821506401897, "pol2": -1.0, "pol3": -0.09076271659355487, "pol4": 0.2653109317517111, "v0s": 4.977202762782}, "datetime": {"datetime": "2022-05-16 20:24:00", "elapsed": 2455.278077, "delta": 5.854347}}
{"target": 3.415891770269147, "params": {"Bgrad": 1.3083386965836317, "d1": -2.7639158594084954, "d2": -2.4624091946964772, "d3": -2.218531335061166, "d4": -2.3952982429447784, "p1": 4.485383298362653, "p2": 10.890598719332042, "p3": 36.131320847762936, "p4": 29.173817806626747, "pol1": -0.9521677278455971, "pol2": -0.7178404234523572, "pol3": 0.7206870138029898, "pol4": 0.09799764284394545, "v0s": 3.415891770269147}, "datetime": {"datetime": "2022-05-16 20:24:05", "elapsed": 2460.24778, "delta": 4.969703}}
{"target": 3.6082582628421243, "params": {"Bgrad": 1.294314302973218, "d1": -2.662140167350139, "d2": -0.11013525792663041, "d3": -0.7858823031414465, "d4": 1.0, "p1": 11.77059169747929, "p2": 23.564960886123984, "p3": 43.636487772991906, "p4": 29.10892420865106, "pol1": 0.3265815215842057, "pol2": -0.2645421434231546, "pol3": 0.2865968590044325, "pol4": 0.9877218213059692, "v0s": 3.6082582628421243}, "datetime": {"datetime": "2022-05-16 20:24:10", "elapsed": 2465.970474, "delta": 5.722694}}
{"target": 4.811776061330939, "params": {"Bgrad": 1.9130069479090748, "d1": -1.356838440925547, "d2": 0.3930774147784467, "d3": -0.8360390912135182, "d4": -0.5812201047425153, "p1": 0.9063755346811967, "p2": 31.239387463814165, "p3": 17.583109695301008, "p4": 11.953844987614564, "pol1": 0.14455363821749548, "pol2": 0.26286331261796825, "pol3": 0.1619683045315377, "pol4": 0.9006365978551268, "v0s": 4.811776061330939}, "datetime": {"datetime": "2022-05-16 20:24:20", "elapsed": 2476.028576, "delta": 10.058102}}
{"target": 2.6949252470103464, "params": {"Bgrad": 1.1528850153471022, "d1": -0.5037271917473013, "d2": -1.4482171466800187, "d3": -1.325818155856551, "d4": -2.117970422600749, "p1": 46.38683535153748, "p2": 19.716521715642493, "p3": 23.756946025674253, "p4": 13.625293784670635, "pol1": 1.0, "pol2": -0.1428857320120951, "pol3": -0.15158684999066752, "pol4": -0.2505941337200165, "v0s": 2.6949252470103464}, "datetime": {"datetime": "2022-05-16 20:24:26", "elapsed": 2481.98165, "delta": 5.953074}}
{"target": 3.4595774881212713, "params": {"Bgrad": 0.5165280963330428, "d1": 0.44225853245017177, "d2": -0.7223577938307968, "d3": -2.8418541581945074, "d4": -0.9110101831828592, "p1": 12.814926094563573, "p2": 5.929741149576645, "p3": 7.149017926580326, "p4": 38.097433947046575, "pol1": 0.6866762711346441, "pol2": -0.1785990648103195, "pol3": -0.011247341070655281, "pol4": -0.4430072925648989, "v0s": 3.4595774881212713}, "datetime": {"datetime": "2022-05-16 20:24:30", "elapsed": 2485.382613, "delta": 3.400963}}
{"target": 3.9293923001758793, "params": {"Bgrad": 1.2890109602940838, "d1": -0.5147030928560232, "d2": -0.49451312500513284, "d3": -1.8208099057842158, "d4": -2.855591842924791, "p1": 5.835953466313109, "p2": 24.009456376820918, "p3": 2.3883148757923403, "p4": 31.515539524739022, "pol1": -0.10802116401147974, "pol2": -0.5129666575992273, "pol3": -0.03924511550108566, "pol4": -0.7023808394512646, "v0s": 3.9293923001758793}, "datetime": {"datetime": "2022-05-16 20:24:37", "elapsed": 2492.823711, "delta": 7.441098}}
{"target": -1.0, "params": {"Bgrad": 0.9665088569511787, "d1": 0.6272349994825204, "d2": -0.07683731973608765, "d3": 0.1497992685350229, "d4": -1.8240449957316183, "p1": 38.575702144657136, "p2": 21.391068348709968, "p3": 17.8562268936439, "p4": 18.701607961009053, "pol1": -0.322619781765058, "pol2": -0.5381669362403421, "pol3": -0.4328212707493815, "pol4": -0.6639802252518028, "v0s": 5.229742226681274}, "datetime": {"datetime": "2022-05-16 20:24:47", "elapsed": 2502.955611, "delta": 10.1319}}
{"target": -1.0, "params": {"Bgrad": 1.740556417341731, "d1": -1.7001486588461838, "d2": -0.39548698488941925, "d3": -1.407718677010353, "d4": -0.3382077552755104, "p1": 1.0415183050408052, "p2": 31.829776314339416, "p3": 17.474740734462504, "p4": 12.254969601563815, "pol1": 0.08820896495642762, "pol2": 0.08999243653416625, "pol3": 0.1552183093825404, "pol4": 0.25967054597016503, "v0s": 4.733551464171321}, "datetime": {"datetime": "2022-05-16 20:24:57", "elapsed": 2512.63971, "delta": 9.684099}}
