{"target": 5.086572622268271, "params": {"Bgrad": 1.2496944105371703, "d1": -2.9230387327547884, "d2": 0.24723215528443943, "d3": -1.8927330614925904, "d4": -2.9475788214597998, "p1": 26.402768482424953, "p2": 28.72489073132937, "p3": 6.534383414920553, "p4": 46.02172947314568, "pol1": 0.28980272528573825, "pol2": -0.5975149024480844, "pol3": 0.28634725788120585, "pol4": 0.15798688096143199, "v0s": 5.086572622268271}, "datetime": {"datetime": "2022-05-17 01:19:15", "elapsed": 20170.746434, "delta": 21.511465}}
{"target": -1.0, "params": {"Bgrad": 1.1544560364712086, "d1": -2.4383894643594437, "d2": -0.43915028432465153, "d3": 0.36200432883349976, "d4": -1.449552586771298, "p1": 7.92862108166999, "p2": 28.005042494784217, "p3": 43.27167963000305, "p4": 24.49204108341916, "pol1": 0.394217688180557, "pol2": 0.6673186742047088, "pol3": -0.02763925893291619, "pol4": -0.4070251195678263, "v0s": 4.7973409304104475}, "datetime": {"datetime": "2022-05-17 01:19:43", "elapsed": 20198.906117, "delta": 28.159683}}
{"target": 5.175141383856947, "params": {"Bgrad": 0.658904938429238, "d1": -2.3053463028155288, "d2": 0.24024598266773678, "d3": -1.8612758053867076, "d4": -2.805801453388879, "p1": 6.652128287622139, "p2": 39.117903839688076, "p3": 40.72784011775823, "p4": 30.522547308889663, "pol1": 0.9834750899792948, "pol2": -0.35124762927864417, "pol3": -0.03629127989988179, "pol4": -0.021488801417013814, "v0s": 5.175141383856947}, "datetime": {"datetime": "2022-05-17 01:19:59", "elapsed": 20214.553267, "delta": 15.64715}}
{"target": 5.13769753186423, "params": {"Bgrad": 1.1544851060218586, "d1": -2.8023311171466343, "d2": 0.08761547252906032, "d3": -1.1992213534822018, "d4": -2.258265259122315, "p1": 3.386197618604897, "p2": 31.875543325413645, "p3": 32.08799928334125, "p4": 37.257505348945855, "pol1": -0.4090642733504486, "pol2": -0.8492595426940743, "pol3": 0.8589718893270535, "pol4": -0.3764976647475864, "v0s": 5.13769753186423}, "datetime": {"datetime": "2022-05-17 01:20:17", "elapsed": 20232.632911, "delta": 18.079644}}
{"target": -1.0, "params": {"Bgrad": 1.273725367146059, "d1": -2.5356115823610685, "d2": 0.6742248123125564, "d3": 0.25981002519279317, "d4": -0.9997270557899157, "p1": 28.274425567802755, "p2": 10.051207428219254, "p3": 12.090458025251662, "p4": 27.846592871490436, "pol1": -0.5444713111616037, "pol2": -0.49574862361352456, "pol3": 0.9584943497124906, "pol4": 0.22300242223224648, "v0s": 5.194760084099889}, "datetime": {"datetime": "2022-05-17 01:20:38", "elapsed": 20253.298638, "delta": 20.665727}}
{"target": 3.394167569432087, "params": {"Bgrad": 0.925929196224407, "d1": -1.429028658821319, "d2": -0.7649884339944326, "d3": -1.8330701520205568, "d4": -2.7483484883017937, "p1": 33.882905749019685, "p2": 8.595092644610647, "p3": 36.3277595422988, "p4": 29.87361806569989, "pol1": 0.21499565029476342, "pol2": -0.6529060868856384, "pol3": -0.08338667162398039, "pol4": -0.5269524111096395, "v0s": 3.394167569432087}, "datetime": {"datetime": "2022-05-17 01:20:54", "elapsed": 20269.649906, "delta": 16.351268}}
{"target": 3.441289415244583, "params": {"Bgrad": 1.5472712829479658, "d1": -1.4688761315101448, "d2": 0.5552120805220611, "d3": -2.9022130308265988, "d4": -2.265660464715526, "p1": 0.03454789803287173, "p2": 28.16804040674799, "p3": 16.298668317209714, "p4": 13.623633515839817, "pol1": 0.4554743598269564, "pol2": -0.675069658021225, "pol3": -0.26762626966415715, "pol4": -0.6533882958406696, "v0s": 3.441289415244583}, "datetime": {"datetime": "2022-05-17 01:21:09", "elapsed": 20284.843268, "delta": 15.193362}}
{"target": -1.0, "params": {"Bgrad": 0.5190237392315848, "d1": 0.8146381415206414, "d2": -0.26425085416227656, "d3": -2.960126615494827, "d4": -1.622932710255487, "p1": 6.2830641050534375, "p2": 30.971143454122434, "p3": 32.475312695869086, "p4": 40.26351848139238, "pol1": 0.5876061616222847, "pol2": -0.2593011356226447, "pol3": -0.011766005928445677, "pol4": -0.05110246395295248, "v0s": 6.911689864749237}, "datetime": {"datetime": "2022-05-17 01:21:22", "elapsed": 20298.057924, "delta": 13.214656}}
{"target": 5.110277500623861, "params": {"Bgrad": 0.9397310307752185, "d1": -0.8296766851437041, "d2": 0.638382827292594, "d3": -2.523229445218301, "d4": -1.0837396781074187, "p1": 2.4662318159522467, "p2": 31.160883659233374, "p3": 29.558032127407575, "p4": 40.687092128146936, "pol1": 0.7951728085162266, "pol2": -0.5821042657687054, "pol3": -0.37171992304611257, "pol4": -0.7748518502265684, "v0s": 5.110277500623861}, "datetime": {"datetime": "2022-05-17 01:21:41", "elapsed": 20316.54049, "delta": 18.482566}}
{"target": -1.0, "params": {"Bgrad": 1.0778133284127682, "d1": -1.970294000410299, "d2": -0.8145898885801657, "d3": -1.3913690967066916, "d4": -1.183008869420112, "p1": 31.259901909749395, "p2": 4.558434546368023, "p3": 37.74601685087479, "p4": 33.50178296929515, "pol1": 0.67806516238581, "pol2": 0.08438718219922348, "pol3": 0.8144031028554732, "pol4": 0.8710034650969987, "v0s": 5.499522327052773}, "datetime": {"datetime": "2022-05-17 01:21:59", "elapsed": 20334.504443, "delta": 17.963953}}
{"target": -1.0, "params": {"Bgrad": 0.5715995787344286, "d1": -2.958765522708594, "d2": -2.666111688946743, "d3": -2.6083372716905378, "d4": 0.8012046033852753, "p1": 20.67082783088615, "p2": 17.794694509202525, "p3": 26.70261194460802, "p4": 49.08812857495491, "pol1": 0.05799797623888092, "pol2": -0.15907615801998864, "pol3": -0.5170274820442, "pol4": 0.9858297801408127, "v0s": 3.4089432885744753}, "datetime": {"datetime": "2022-05-17 01:22:14", "elapsed": 20350.195475, "delta": 15.691032}}
{"target": -1.0, "params": {"Bgrad": 1.3649228758225997, "d1": 0.1892413122675327, "d2": 0.4799089333857074, "d3": -1.2617051959114387, "d4": 0.10149024672982376, "p1": 29.059133439791417, "p2": 9.264720005147604, "p3": 14.86540953429995, "p4": 27.35154803189282, "pol1": -0.21847594184190755, "pol2": 0.9913746447848619, "pol3": 0.8582615148763637, "pol4": -0.05586032980669997, "v0s": 4.7087638774804175}, "datetime": {"datetime": "2022-05-17 01:22:33", "elapsed": 20368.306036, "delta": 18.110561}}
{"target": 5.7522853812597265, "params": {"Bgrad": 1.7638372572034604, "d1": -2.093549791932182, "d2": 0.1708650186756513, "d3": -0.37585880700615615, "d4": -1.161873847644844, "p1": 6.434764264391801, "p2": 38.22608791771001, "p3": 45.52180343788443, "p4": 31.314454521978018, "pol1": 0.5463413506042691, "pol2": -0.5263561629905895, "pol3": -0.18714151463309636, "pol4": 0.5431340172396546, "v0s": 5.7522853812597265}, "datetime": {"datetime": "2022-05-17 01:22:46", "elapsed": 20382.102137, "delta": 13.796101}}
{"target": 4.14472834510484, "params": {"Bgrad": 0.6347146163738621, "d1": -1.2120236760181227, "d2": 0.341142196038295, "d3": -2.558190959131557, "d4": -0.3650467209541204, "p1": 4.286621349267655, "p2": 35.81456774640085, "p3": 31.80086633422079, "p4": 38.80345485580855, "pol1": 0.9920349970677891, "pol2": 0.46364897826204743, "pol3": 0.8255370884565632, "pol4": 0.6386179103092144, "v0s": 4.14472834510484}, "datetime": {"datetime": "2022-05-17 01:23:00", "elapsed": 20395.238003, "delta": 13.135866}}
{"target": 4.687038190094342, "params": {"Bgrad": 1.0951024277954284, "d1": -1.1222363500875203, "d2": 0.07098259650930183, "d3": -1.6543116240104299, "d4": -0.48887801052663304, "p1": 1.3824956209817107, "p2": 30.423382353722637, "p3": 28.389360498580178, "p4": 41.82776548156693, "pol1": -0.2519692443552648, "pol2": 0.007142434949396703, "pol3": -0.9243625626181453, "pol4": 0.11481789223712102, "v0s": 4.687038190094342}, "datetime": {"datetime": "2022-05-17 01:23:13", "elapsed": 20408.455651, "delta": 13.217648}}
{"target": 5.11823582172466, "params": {"Bgrad": 0.8784139524082574, "d1": -2.7302633848553244, "d2": -0.2473993859937238, "d3": -2.7028873990698847, "d4": -2.8317480234469827, "p1": 6.258506172124356, "p2": 35.66309714519179, "p3": 33.48005362526798, "p4": 40.84685573744176, "pol1": 0.6780848105514208, "pol2": -0.6986676259586384, "pol3": -0.41080791827857, "pol4": 0.16190745313685295, "v0s": 5.11823582172466}, "datetime": {"datetime": "2022-05-17 01:23:29", "elapsed": 20424.363105, "delta": 15.907454}}
{"target": -1.0, "params": {"Bgrad": 0.5954534907089207, "d1": -2.4796495691900073, "d2": 0.7504713001591452, "d3": -1.1879672273622064, "d4": 0.28729558348154205, "p1": 27.88856488993377, "p2": 8.882438091593192, "p3": 12.390803297781773, "p4": 27.19736945663555, "pol1": -0.38511594936641913, "pol2": -0.520327858767424, "pol3": 0.5987400350369765, "pol4": 0.6689526275334621, "v0s": 3.725993061215784}, "datetime": {"datetime": "2022-05-17 01:23:43", "elapsed": 20439.205407, "delta": 14.842302}}
{"target": 3.782141611659812, "params": {"Bgrad": 1.843553868364257, "d1": -2.5133385759289015, "d2": -1.1870153233579912, "d3": -2.2871248462554545, "d4": -0.3638823197110481, "p1": 30.43484895295695, "p2": 9.94221018045266, "p3": 15.094644173572568, "p4": 25.24768163456999, "pol1": -0.4744477163580161, "pol2": 0.3463455493581138, "pol3": -0.06885561801824092, "pol4": -0.017121027166784097, "v0s": 3.782141611659812}, "datetime": {"datetime": "2022-05-17 01:24:00", "elapsed": 20455.974556, "delta": 16.769149}}
{"target": 4.059851393552373, "params": {"Bgrad": 1.4599533895366663, "d1": -2.6764220747858856, "d2": -0.9236008142041152, "d3": -1.657536365896208, "d4": -2.496676262001787, "p1": 32.723678928653115, "p2": 6.429638455342513, "p3": 35.81467464411045, "p4": 29.025361219563223, "pol1": -0.04196390299564312, "pol2": 0.37897707797972746, "pol3": 0.24610631595042287, "pol4": -0.22075676197154315, "v0s": 4.059851393552373}, "datetime": {"datetime": "2022-05-17 01:24:12", "elapsed": 20467.42892, "delta": 11.454364}}
{"target": 4.743684684926189, "params": {"Bgrad": 0.9048228506091601, "d1": -2.0601626689209125, "d2": 0.696791296063108, "d3": -1.8451640407483751, "d4": -2.3979410553944542, "p1": 2.860207331527701, "p2": 31.865218463105204, "p3": 30.68337501450505, "p4": 38.796319101556435, "pol1": 0.09903918740978647, "pol2": -0.25529542673270567, "pol3": 0.22761726549815617, "pol4": -0.09125556879393924, "v0s": 4.743684684926189}, "datetime": {"datetime": "2022-05-17 01:24:24", "elapsed": 20479.897571, "delta": 12.468651}}
{"target": 5.404251668076865, "params": {"Bgrad": 1.3557804332654442, "d1": -2.5506765933463105, "d2": 0.16936244250264462, "d3": -0.42966738182283803, "d4": -2.486326447508368, "p1": 6.652849835676133, "p2": 37.07423698972196, "p3": 45.50737782361018, "p4": 31.67356207762851, "pol1": 0.28898610258027363, "pol2": -0.3793115477389141, "pol3": 0.29361673060805604, "pol4": 0.3730342195416376, "v0s": 5.404251668076865}, "datetime": {"datetime": "2022-05-17 01:24:40", "elapsed": 20496.118187, "delta": 16.220616}}
{"target": 5.116375383031413, "params": {"Bgrad": 1.228449099600544, "d1": -2.484277751076063, "d2": 0.3788632129548921, "d3": -0.9945666906801741, "d4": 0.227511662471496, "p1": 36.24172133555514, "p2": 7.955171276385566, "p3": 8.539360566519164, "p4": 30.522280184862936, "pol1": 0.004813771212070044, "pol2": 0.7027501938035008, "pol3": -0.48951963324807085, "pol4": 1.0, "v0s": 5.116375383031413}, "datetime": {"datetime": "2022-05-17 01:24:54", "elapsed": 20510.095802, "delta": 13.977615}}
{"target": 4.649414592671703, "params": {"Bgrad": 0.5, "d1": -2.592810323388755, "d2": 1.0, "d3": -0.5108639557890433, "d4": -1.5121033728634834, "p1": 44.7523186557653, "p2": 27.094619425455924, "p3": 22.048802697083076, "p4": 30.813940382955057, "pol1": 0.8587992560055786, "pol2": 1.0, "pol3": 1.0, "pol4": -0.31536231326380787, "v0s": 4.649414592671703}, "datetime": {"datetime": "2022-05-17 01:25:07", "elapsed": 20523.095034, "delta": 12.999232}}
{"target": 4.395077533271635, "params": {"Bgrad": 1.4095551422558457, "d1": -2.49561132074794, "d2": 0.7467855491085957, "d3": -2.181000572967315, "d4": -3.0, "p1": 30.759959852437724, "p2": 13.053695810636532, "p3": 36.24841531379766, "p4": 24.95325860370103, "pol1": 0.40135656088890975, "pol2": 1.0, "pol3": -0.36829079755149446, "pol4": 0.40339020694882044, "v0s": 4.395077533271635}, "datetime": {"datetime": "2022-05-17 01:25:21", "elapsed": 20536.967929, "delta": 13.872895}}
{"target": 2.8570682576988915, "params": {"Bgrad": 1.5381890303800738, "d1": -2.8980003611998635, "d2": -0.10975706867169244, "d3": -1.2826850777492527, "d4": -2.1743539886524923, "p1": 8.18562437506638, "p2": 25.55712634598916, "p3": 41.83859484283726, "p4": 24.021155446109283, "pol1": -0.3797545861115179, "pol2": 0.07787704096385917, "pol3": 0.3774577723050081, "pol4": 0.8662269118381205, "v0s": 2.8570682576988915}, "datetime": {"datetime": "2022-05-17 01:25:36", "elapsed": 20552.045602, "delta": 15.077673}}
{"target": 4.0189038194622935, "params": {"Bgrad": 1.0145129570743863, "d1": -2.237674086169002, "d2": 0.15748870758801425, "d3": -0.3207695142911753, "d4": -2.2292083261590037, "p1": 7.110519277291299, "p2": 37.95785351569415, "p3": 33.76442020767487, "p4": 38.78271426776501, "pol1": -0.48818469947091003, "pol2": 0.782955002142071, "pol3": 0.39644084745962993, "pol4": -0.447910082499569, "v0s": 4.0189038194622935}, "datetime": {"datetime": "2022-05-17 01:25:51", "elapsed": 20566.952731, "delta": 14.907129}}
{"target": -1.0, "params": {"Bgrad": 0.766523069459716, "d1": -1.5484531286909728, "d2": -0.5646306611936613, "d3": -1.0057709194050082, "d4": 0.7118051818026099, "p1": 35.6845619440746, "p2": 8.214640068060941, "p3": 34.544731197868984, "p4": 29.921437757668258, "pol1": -0.7259443977595312, "pol2": 0.05329506674137008, "pol3": 0.12125334587913317, "pol4": -0.004893357851592395, "v0s": 5.395406271564066}, "datetime": {"datetime": "2022-05-17 01:26:11", "elapsed": 20586.711882, "delta": 19.759151}}
{"target": 5.047549261085675, "params": {"Bgrad": 1.3574976389605948, "d1": -2.4972429709550092, "d2": -0.09842209336067187, "d3": -2.015831752019838, "d4": -2.088780158411223, "p1": 28.457618560764814, "p2": 9.75614762431658, "p3": 14.977872521800878, "p4": 25.727001349290386, "pol1": 0.4122160173371938, "pol2": 0.24052229630429922, "pol3": -0.9248094112244589, "pol4": 0.07565085055765586, "v0s": 5.047549261085675}, "datetime": {"datetime": "2022-05-17 01:26:28", "elapsed": 20604.193127, "delta": 17.481245}}
{"target": 4.866372476357068, "params": {"Bgrad": 1.5978143879463367, "d1": -2.918428267672183, "d2": 0.2428227909024563, "d3": -1.3417674887051332, "d4": -2.7000324183410482, "p1": 33.181110922497446, "p2": 5.340607959112359, "p3": 37.1463061640137, "p4": 30.5397668664462, "pol1": 0.5343042196806453, "pol2": 0.484943078863191, "pol3": 0.39746523610051443, "pol4": -0.391328742456283, "v0s": 4.866372476357068}, "datetime": {"datetime": "2022-05-17 01:26:41", "elapsed": 20616.666764, "delta": 12.473637}}
{"target": 6.0254026628202855, "params": {"Bgrad": 0.7456361752948364, "d1": -2.774796423431891, "d2": 0.9372441788572181, "d3": -1.904034671585054, "d4": 0.021786982538868127, "p1": 25.40485370479697, "p2": 12.72965270443831, "p3": 35.82322829119881, "p4": 23.780262513358824, "pol1": -0.03095524379217518, "pol2": -0.7374393801493542, "pol3": -0.5126157335230257, "pol4": 0.6594299917570712, "v0s": 6.0254026628202855}, "datetime": {"datetime": "2022-05-17 01:26:56", "elapsed": 20631.604811, "delta": 14.938047}}
{"target": 4.629091031201368, "params": {"Bgrad": 1.1510315163145992, "d1": -2.6557039667736224, "d2": 0.3600727936233617, "d3": -2.3517423913322215, "d4": -1.849204362086519, "p1": 5.3116750194015045, "p2": 36.184490165623146, "p3": 32.36510195817481, "p4": 39.429335139682195, "pol1": 0.5203924046498327, "pol2": -0.5450368751193433, "pol3": -0.1912711196571053, "pol4": -0.24807895243231518, "v0s": 4.629091031201368}, "datetime": {"datetime": "2022-05-17 01:27:13", "elapsed": 20649.076082, "delta": 17.471271}}
{"target": 5.06366604077873, "params": {"Bgrad": 2.0, "d1": -2.3726829962200933, "d2": 0.4488110463567557, "d3": -1.6443144636152947, "d4": -3.0, "p1": 44.061927250662244, "p2": 20.29351234126704, "p3": 25.79115294475649, "p4": 12.783907262405464, "pol1": 0.2266068338955009, "pol2": -0.03097749042365448, "pol3": -0.22873750242375568, "pol4": 0.17354002118988887, "v0s": 5.06366604077873}, "datetime": {"datetime": "2022-05-17 01:27:26", "elapsed": 20662.166072, "delta": 13.08999}}
{"target": 3.587182879403681, "params": {"Bgrad": 0.5594419794566483, "d1": -2.8442678922459277, "d2": -0.18643257576763128, "d3": -2.776398950435114, "d4": -1.7682368822613221, "p1": 31.947511846798847, "p2": 10.548714088966749, "p3": 40.26076160896049, "p4": 27.79836170427597, "pol1": 0.9933404379223525, "pol2": 0.9864107579643802, "pol3": -0.44814390865166254, "pol4": 0.9129754049636893, "v0s": 3.587182879403681}, "datetime": {"datetime": "2022-05-17 01:27:41", "elapsed": 20676.255387, "delta": 14.089315}}
{"target": -1.0, "params": {"Bgrad": 0.9001443701613208, "d1": -1.2565902393780233, "d2": 0.31518362021209656, "d3": 0.15140903809246087, "d4": -2.512241367577267, "p1": 7.806708739722524, "p2": 40.833551055270114, "p3": 41.00115750945891, "p4": 29.067939903330664, "pol1": 0.6155875093259757, "pol2": 0.20842079410828784, "pol3": 0.7174264959394823, "pol4": -0.8200446500316199, "v0s": 5.689720419464114}, "datetime": {"datetime": "2022-05-17 01:28:03", "elapsed": 20698.989582, "delta": 22.734195}}
{"target": -1.0, "params": {"Bgrad": 0.7651229238942286, "d1": -2.519253165499857, "d2": -0.8609112091714684, "d3": -2.8154796348019104, "d4": 0.009428799346950179, "p1": 23.447579173371057, "p2": 11.49974313707291, "p3": 37.12260544010103, "p4": 24.576409683586363, "pol1": 0.760060787232361, "pol2": -0.5860081799202901, "pol3": 0.0656051009842713, "pol4": 0.5256363869208349, "v0s": 7.220572862019483}, "datetime": {"datetime": "2022-05-17 01:28:20", "elapsed": 20715.847495, "delta": 16.857913}}
{"target": -1.0, "params": {"Bgrad": 1.4124327274742066, "d1": -2.631623917326317, "d2": -0.6662173462086258, "d3": -1.0421032096784164, "d4": -1.9873449392509537, "p1": 34.331951369244194, "p2": 3.6897264466634327, "p3": 39.75267826560746, "p4": 27.82665924969881, "pol1": -0.8272140587063606, "pol2": 0.593026748266031, "pol3": 0.2314986985483536, "pol4": 0.011278274210273054, "v0s": 3.0222390617881736}, "datetime": {"datetime": "2022-05-17 01:28:42", "elapsed": 20737.559422, "delta": 21.711927}}
{"target": 3.601695278849119, "params": {"Bgrad": 1.4960867371926434, "d1": -2.5131381552726433, "d2": 0.9608426068715752, "d3": -1.5874527164745853, "d4": -2.5532706092511606, "p1": 3.2278168030162036, "p2": 34.961832349570045, "p3": 33.76608817107602, "p4": 39.096512754237764, "pol1": -0.5263399353165323, "pol2": -0.4043375121554176, "pol3": -0.9844415423498023, "pol4": 0.606222162688282, "v0s": 3.601695278849119}, "datetime": {"datetime": "2022-05-17 01:28:53", "elapsed": 20748.308672, "delta": 10.74925}}
{"target": 5.503911156516069, "params": {"Bgrad": 1.9073626582932683, "d1": -2.291486580550481, "d2": -0.14112690441867806, "d3": -0.9204385057350274, "d4": -0.8517051945644604, "p1": 27.287976648285152, "p2": 10.411980802306461, "p3": 12.802032704124736, "p4": 27.335815099120634, "pol1": -0.2651568198252017, "pol2": 0.6337926670623125, "pol3": 0.04044099514572473, "pol4": 0.17319719101795827, "v0s": 5.503911156516069}, "datetime": {"datetime": "2022-05-17 01:29:17", "elapsed": 20772.412204, "delta": 24.103532}}
{"target": -1.0, "params": {"Bgrad": 1.6706967977064562, "d1": -1.7976742060811115, "d2": -1.4600118789416947, "d3": -0.554798458459473, "d4": -1.134104137094332, "p1": 35.19418897361535, "p2": 4.642827429369167, "p3": 36.97445103331351, "p4": 31.049856358925975, "pol1": 0.3413354132071307, "pol2": -0.501280080560391, "pol3": 0.4188545661627383, "pol4": -0.5284107590809575, "v0s": 6.343755265231149}, "datetime": {"datetime": "2022-05-17 01:29:44", "elapsed": 20799.808928, "delta": 27.396724}}
{"target": -1.0, "params": {"Bgrad": 1.74984570697005, "d1": -0.8761480029619109, "d2": -0.816748708012053, "d3": -2.553977129280258, "d4": -1.5738531758551666, "p1": 35.21139616930436, "p2": 6.097663989457974, "p3": 34.64822375189727, "p4": 26.047214934280294, "pol1": 0.5089436175634496, "pol2": 0.6381642025362095, "pol3": 0.6696062708372292, "pol4": -0.01985415210317676, "v0s": 3.814677323541014}, "datetime": {"datetime": "2022-05-17 01:30:07", "elapsed": 20822.520184, "delta": 22.711256}}
{"target": 4.806346779166249, "params": {"Bgrad": 1.104643711110104, "d1": -1.8218022124073263, "d2": 0.4384177645341237, "d3": -1.5604101478617893, "d4": -3.0, "p1": 4.080135263721265, "p2": 31.945136197178037, "p3": 32.228733107723706, "p4": 37.85762144518453, "pol1": -0.04574656916811658, "pol2": 0.27622074001870717, "pol3": -0.12031436818353718, "pol4": 0.3664132715960433, "v0s": 4.806346779166249}, "datetime": {"datetime": "2022-05-17 01:30:21", "elapsed": 20837.046332, "delta": 14.526148}}
{"target": 4.849980995216056, "params": {"Bgrad": 1.344274059954751, "d1": -2.731128802764455, "d2": 0.25498111317072275, "d3": -1.7375070450060957, "d4": -1.252696579094811, "p1": 33.58896533883164, "p2": 6.7139339826450435, "p3": 36.76795771028266, "p4": 29.915471038729077, "pol1": 0.5524096429879931, "pol2": 0.6467168018822067, "pol3": 0.3090651654504074, "pol4": -0.0660361615870534, "v0s": 4.849980995216056}, "datetime": {"datetime": "2022-05-17 01:30:38", "elapsed": 20853.755641, "delta": 16.709309}}
{"target": 3.992432193423984, "params": {"Bgrad": 0.7153200783638105, "d1": -2.8802151967168337, "d2": 1.0, "d3": -1.211728767015098, "d4": -3.0, "p1": 42.107532268294435, "p2": 22.721544287391332, "p3": 16.786318158463096, "p4": 13.398034800083735, "pol1": 0.580373200974437, "pol2": 0.2901537095325934, "pol3": 0.02536731897964807, "pol4": -0.40941821252978616, "v0s": 3.992432193423984}, "datetime": {"datetime": "2022-05-17 01:30:50", "elapsed": 20865.314724, "delta": 11.559083}}
