{"target": 4.8702409230685575, "params": {"Bgrad": 1.9636956838452182, "d1": -2.1556013438661377, "d2": 0.06326730059031327, "d3": -1.7122133352181548, "d4": -0.8756877625077295, "p1": 3.107628965238324, "p2": 34.095290760037095, "p3": 31.354011213491827, "p4": 37.371928690486214, "pol1": 0.2205286964839832, "pol2": 0.1022586663669347, "pol3": 0.7416765069756988, "pol4": -0.8584664304249561, "v0s": 4.8702409230685575}, "datetime": {"datetime": "2022-05-17 10:51:37", "elapsed": 54512.544561, "delta": 20.097248}}
{"target": -1.0, "params": {"Bgrad": 1.2940751737219125, "d1": -2.2833725473493525, "d2": 0.09013550329364818, "d3": -2.042309117788921, "d4": 0.0839221074220855, "p1": 45.2813142471104, "p2": 25.285247466243135, "p3": 22.34586809365582, "p4": 3.928223724483523, "pol1": -0.29167569066486027, "pol2": 0.5761356792240376, "pol3": -0.5337946011694717, "pol4": 0.2645497215238214, "v0s": 5.875110386105514}, "datetime": {"datetime": "2022-05-17 10:52:09", "elapsed": 54544.83719, "delta": 32.292629}}
{"target": 4.796804716339534, "params": {"Bgrad": 0.5, "d1": -2.689371264611498, "d2": 1.0, "d3": -0.9315963946314646, "d4": -1.2076181068216367, "p1": 27.4048923574364, "p2": 10.166092865349977, "p3": 10.207856663219248, "p4": 25.799056703742096, "pol1": 0.6551468763957777, "pol2": -0.23606479505529837, "pol3": 0.785032737055891, "pol4": -1.0, "v0s": 4.796804716339534}, "datetime": {"datetime": "2022-05-17 10:52:26", "elapsed": 54561.8826, "delta": 17.04541}}
{"target": 3.366560333306944, "params": {"Bgrad": 0.5, "d1": -1.4631273466070331, "d2": 1.0, "d3": -2.7765755109354853, "d4": -2.658275654868498, "p1": 37.87979475651642, "p2": 46.91213272361415, "p3": 16.930443026229256, "p4": 13.487914768786167, "pol1": -0.7040093189845962, "pol2": 1.0, "pol3": -0.08005522833027717, "pol4": 0.9173468680015517, "v0s": 3.366560333306944}, "datetime": {"datetime": "2022-05-17 10:52:43", "elapsed": 54578.619835, "delta": 16.737235}}
{"target": -1.0, "params": {"Bgrad": 1.1238982036449583, "d1": -0.5400768488233241, "d2": 0.28000099487961627, "d3": -2.778003332378529, "d4": -1.368065701171592, "p1": 38.51837803090524, "p2": 46.62680118387795, "p3": 15.491673309840465, "p4": 9.174929565824835, "pol1": -0.5006378836282153, "pol2": 0.8665599219974112, "pol3": 0.9412658546551798, "pol4": -0.2622797151030889, "v0s": 4.788252459633214}, "datetime": {"datetime": "2022-05-17 10:53:07", "elapsed": 54602.571771, "delta": 23.951936}}
{"target": -1.0, "params": {"Bgrad": 1.1210747936448608, "d1": -2.6537851593950452, "d2": 0.3076976158718434, "d3": -1.685018910031732, "d4": -1.9525663636015667, "p1": 34.717392095039436, "p2": 9.890059460880451, "p3": 41.655202389301394, "p4": 39.12671427930274, "pol1": -0.1154414634378611, "pol2": -0.778962819352564, "pol3": 0.6254584051539724, "pol4": -0.052952430599921385, "v0s": 5.5789835988700665}, "datetime": {"datetime": "2022-05-17 10:53:32", "elapsed": 54627.60382, "delta": 25.032049}}
{"target": 4.439058915802469, "params": {"Bgrad": 1.3796816040533002, "d1": -1.9873235393203343, "d2": 0.7187203366908826, "d3": -2.427318358005159, "d4": -1.2005574546276319, "p1": 4.315078930252768, "p2": 34.89924147227599, "p3": 30.848984748743092, "p4": 37.69139330456658, "pol1": -0.8723363661880507, "pol2": -0.7006305700593164, "pol3": -0.6021135678035223, "pol4": -0.0528985569823976, "v0s": 4.439058915802469}, "datetime": {"datetime": "2022-05-17 10:53:57", "elapsed": 54653.132541, "delta": 25.528721}}
{"target": 4.301138610666104, "params": {"Bgrad": 1.6292346969644005, "d1": -2.0256295036279797, "d2": 1.0, "d3": -0.7479605697503284, "d4": -2.946086858215817, "p1": 38.702729679037624, "p2": 19.035272267222293, "p3": 16.540507944582004, "p4": 17.163005721248634, "pol1": 0.8036064041654511, "pol2": -1.0, "pol3": 0.690158797887652, "pol4": -1.0, "v0s": 4.301138610666104}, "datetime": {"datetime": "2022-05-17 10:54:22", "elapsed": 54678.206477, "delta": 25.073936}}
{"target": -1.0, "params": {"Bgrad": 1.2714736596678726, "d1": 0.010839747530409838, "d2": 0.8601209020348426, "d3": -2.581991757974309, "d4": -2.99475779324706, "p1": 1.106100845824709, "p2": 33.409080544338096, "p3": 29.745169650402904, "p4": 39.43533966106307, "pol1": -0.017441064204340773, "pol2": -0.18821737115530834, "pol3": 0.4559380336846015, "pol4": 0.43670278332636836, "v0s": 4.902671075630235}, "datetime": {"datetime": "2022-05-17 10:54:50", "elapsed": 54705.841563, "delta": 27.635086}}
{"target": 4.111486807308044, "params": {"Bgrad": 0.5, "d1": -1.1133088060834333, "d2": 1.0, "d3": -2.639401664344794, "d4": -3.0, "p1": 10.414629460636805, "p2": 15.810497710801437, "p3": 8.24190778700121, "p4": 28.94031008864012, "pol1": -1.0, "pol2": -1.0, "pol3": 0.1543294038118065, "pol4": 1.0, "v0s": 4.111486807308044}, "datetime": {"datetime": "2022-05-17 10:55:07", "elapsed": 54722.520952, "delta": 16.679389}}
{"target": 3.3069813094659226, "params": {"Bgrad": 0.9226384190042571, "d1": -2.150791735441844, "d2": 0.5796135044179231, "d3": -0.7927096281804529, "d4": -0.7020186264008701, "p1": 3.8913512797647485, "p2": 34.00796928384784, "p3": 28.76830827264673, "p4": 37.78991157624631, "pol1": 0.8470041719286927, "pol2": -0.6724602887526583, "pol3": 0.7017812472518756, "pol4": -0.975146032587483, "v0s": 3.3069813094659226}, "datetime": {"datetime": "2022-05-17 10:55:24", "elapsed": 54739.690031, "delta": 17.169079}}
{"target": -1.0, "params": {"Bgrad": 1.1054260651331898, "d1": -0.8695551173761191, "d2": -1.1229720291310867, "d3": -1.4605230134423062, "d4": -2.6705080685213565, "p1": 2.9853559042716302, "p2": 28.76170417419026, "p3": 19.190970332666836, "p4": 8.7020505024772, "pol1": 0.19442511156013165, "pol2": 0.49257311818096294, "pol3": -0.3182446056811701, "pol4": -0.33102952643890604, "v0s": 6.00754954725613}, "datetime": {"datetime": "2022-05-17 10:55:50", "elapsed": 54766.12433, "delta": 26.434299}}
{"target": 4.8222319815836165, "params": {"Bgrad": 0.5238092927789948, "d1": -2.7882515065323497, "d2": 0.8833798609183443, "d3": -1.6220764922996147, "d4": -2.6869580442746903, "p1": 0.6597548678727139, "p2": 30.655017327701543, "p3": 30.596217368601547, "p4": 41.338628730258165, "pol1": -0.8253274618862982, "pol2": -0.6336449274909817, "pol3": 0.20491497587380136, "pol4": 0.7796446998290143, "v0s": 4.8222319815836165}, "datetime": {"datetime": "2022-05-17 10:56:15", "elapsed": 54790.955914, "delta": 24.831584}}
{"target": 5.489027469234586, "params": {"Bgrad": 1.969920759594336, "d1": -2.05150471530947, "d2": 0.8969512768793861, "d3": -2.339611646337826, "d4": -1.4775799991420282, "p1": 8.925241476520334, "p2": 30.432452309908403, "p3": 40.76060344307427, "p4": 31.334918937758417, "pol1": 0.19724208836251256, "pol2": 0.5094022550274329, "pol3": 0.9015533053098532, "pol4": -0.5851710546741062, "v0s": 5.489027469234586}, "datetime": {"datetime": "2022-05-17 10:56:40", "elapsed": 54815.922139, "delta": 24.966225}}
{"target": 3.2687602892382475, "params": {"Bgrad": 0.5, "d1": -1.8113811973283973, "d2": 0.9556922715492839, "d3": -0.5602972427409537, "d4": -3.0, "p1": 37.873928333452, "p2": 45.91231697359802, "p3": 16.638986349703597, "p4": 12.74501938273707, "pol1": -0.720129773004637, "pol2": 0.9431124730818912, "pol3": -0.4593625002714647, "pol4": 1.0, "v0s": 3.2687602892382475}, "datetime": {"datetime": "2022-05-17 10:57:02", "elapsed": 54838.082867, "delta": 22.160728}}
{"target": 4.162594105069469, "params": {"Bgrad": 1.34069044854901, "d1": -3.0, "d2": 1.0, "d3": -1.1271248369423337, "d4": -1.6683852482607053, "p1": 42.62099604282171, "p2": 22.200998529875044, "p3": 15.93587012874467, "p4": 13.751568020801376, "pol1": -0.4482644225611975, "pol2": -0.17288625838367389, "pol3": -0.0584463611115218, "pol4": 0.26767706812741443, "v0s": 4.162594105069469}, "datetime": {"datetime": "2022-05-17 10:57:22", "elapsed": 54857.929784, "delta": 19.846917}}
{"target": -1.0, "params": {"Bgrad": 1.8583601076799041, "d1": -1.3929135595689601, "d2": 0.3968706742609336, "d3": -0.3277494226285578, "d4": -0.6159067685240323, "p1": 33.829773216411304, "p2": 9.589946453135267, "p3": 42.89691780579981, "p4": 37.022709634210315, "pol1": 0.48641689037792357, "pol2": 0.5640238757591507, "pol3": -0.23546641481787622, "pol4": 0.4649761703767865, "v0s": 5.650729586604669}, "datetime": {"datetime": "2022-05-17 10:57:52", "elapsed": 54887.328155, "delta": 29.398371}}
{"target": -1.0, "params": {"Bgrad": 0.824050593797044, "d1": -1.1693461028340586, "d2": 0.6373446036867564, "d3": -2.23769713612512, "d4": -1.0465267365770168, "p1": 28.368851834389194, "p2": 41.20456208421875, "p3": 29.07099292203314, "p4": 21.011105020274023, "pol1": -1.0, "pol2": 0.6521132247911844, "pol3": 1.0, "pol4": 0.1541798416508305, "v0s": 4.828102194886375}, "datetime": {"datetime": "2022-05-17 10:58:28", "elapsed": 54923.875405, "delta": 36.54725}}
{"target": -1.0, "params": {"Bgrad": 1.8260860183508405, "d1": -2.7511758370453334, "d2": 0.4489513097490181, "d3": 0.07508669721879935, "d4": -2.908198506270159, "p1": 9.09755731608231, "p2": 23.845945685033932, "p3": 42.4668748687019, "p4": 19.813467859492345, "pol1": -0.8023329938342787, "pol2": -0.3377026377852004, "pol3": 0.703400664407674, "pol4": -0.8150228825210672, "v0s": 3.992827414630065}, "datetime": {"datetime": "2022-05-17 10:58:53", "elapsed": 54948.382856, "delta": 24.507451}}
{"target": 4.2505942789935665, "params": {"Bgrad": 1.734887459249036, "d1": -2.3183452825499957, "d2": 0.24495356197921397, "d3": -0.4511980096108189, "d4": -0.8758147284889275, "p1": 29.22684187948594, "p2": 40.45488120697113, "p3": 29.021540380482158, "p4": 20.85410765577, "pol1": -0.7261586767108387, "pol2": -0.0921252388611532, "pol3": 1.0, "pol4": -1.0, "v0s": 4.2505942789935665}, "datetime": {"datetime": "2022-05-17 10:59:16", "elapsed": 54971.678549, "delta": 23.295693}}
{"target": -1.0, "params": {"Bgrad": 1.5057053662847402, "d1": 0.1845425863758079, "d2": -0.6846288245096757, "d3": -0.5634997454184476, "d4": -2.7901733617064672, "p1": 6.500596031681249, "p2": 23.33733383842428, "p3": 44.75979950379068, "p4": 21.089090025565184, "pol1": 0.5799858190395997, "pol2": -0.23389968936799876, "pol3": 0.9879078719464403, "pol4": -0.1899540195192737, "v0s": 4.724841700499103}, "datetime": {"datetime": "2022-05-17 10:59:41", "elapsed": 54996.348566, "delta": 24.670017}}
{"target": 4.821446660346827, "params": {"Bgrad": 1.6123341369146973, "d1": -2.576018484043062, "d2": 0.9918957942073219, "d3": -2.2883573456683677, "d4": -1.8194612082715433, "p1": 7.875034825827761, "p2": 31.05535725402998, "p3": 40.20667758090382, "p4": 30.9749007456605, "pol1": 0.09026165312138747, "pol2": 0.08341137301646534, "pol3": 0.11879083088772058, "pol4": -0.653599754171139, "v0s": 4.821446660346827}, "datetime": {"datetime": "2022-05-17 11:00:06", "elapsed": 55021.359671, "delta": 25.011105}}
{"target": 4.06680095375061, "params": {"Bgrad": 0.953605893553374, "d1": -3.0, "d2": -0.40989852624636014, "d3": -1.6309545400331764, "d4": -2.7221722865635063, "p1": 1.69684965907834, "p2": 39.324216333141045, "p3": 32.82912903886162, "p4": 40.10790562476872, "pol1": -0.05127336036660748, "pol2": 0.2737080937451837, "pol3": -0.5099575818548608, "pol4": 0.5905543860492725, "v0s": 4.06680095375061}, "datetime": {"datetime": "2022-05-17 11:00:42", "elapsed": 55057.779262, "delta": 36.419591}}
{"target": 4.9791575157307735, "params": {"Bgrad": 0.7918182296419589, "d1": -2.2618678343136773, "d2": -0.21250869625468516, "d3": -1.3256003983518165, "d4": -2.6595238292222074, "p1": 32.64637018370333, "p2": 7.8452431513029275, "p3": 39.012746424536594, "p4": 33.70757412630489, "pol1": -0.3767227738309491, "pol2": -0.38259417864643597, "pol3": -0.5468004964796627, "pol4": 0.14376671246841566, "v0s": 4.9791575157307735}, "datetime": {"datetime": "2022-05-17 11:01:14", "elapsed": 55089.389716, "delta": 31.610454}}
{"target": 3.3795765517905307, "params": {"Bgrad": 1.5913612673362123, "d1": -2.5555394373941636, "d2": 0.339164107320014, "d3": -1.551297999152757, "d4": -1.0067166359223396, "p1": 35.89497030293252, "p2": 11.231913990256897, "p3": 41.541241543169875, "p4": 37.817981264354174, "pol1": 0.46684083003302845, "pol2": -0.28945058141139124, "pol3": 0.6381569684733308, "pol4": -0.8408849688061506, "v0s": 3.3795765517905307}, "datetime": {"datetime": "2022-05-17 11:01:35", "elapsed": 55110.837352, "delta": 21.447636}}
{"target": 3.9096809638511454, "params": {"Bgrad": 1.7890752931033758, "d1": -2.9415244213239515, "d2": 0.7476484356797255, "d3": -2.4556069349491163, "d4": -2.473429617037014, "p1": 0.7006207097444206, "p2": 36.115194539673666, "p3": 33.14305548953859, "p4": 39.191552146695514, "pol1": 0.5658383432466041, "pol2": 0.5797988971092278, "pol3": 0.9470315379934406, "pol4": -0.2524188953606905, "v0s": 3.9096809638511454}, "datetime": {"datetime": "2022-05-17 11:01:59", "elapsed": 55134.898996, "delta": 24.061644}}
{"target": 3.3818930226101487, "params": {"Bgrad": 0.5, "d1": -2.1351344348873864, "d2": -0.26134239623069405, "d3": -2.4274983013951705, "d4": -3.0, "p1": 37.577463912524756, "p2": 45.698267228103234, "p3": 16.33238603233923, "p4": 12.465642439980694, "pol1": -0.2911625316607063, "pol2": -0.15478831391107087, "pol3": 0.05159967543446214, "pol4": 1.0, "v0s": 3.3818930226101487}, "datetime": {"datetime": "2022-05-17 11:02:22", "elapsed": 55157.469628, "delta": 22.570632}}
{"target": 5.109964679675363, "params": {"Bgrad": 0.6413660836590419, "d1": -3.0, "d2": 0.30735893419911997, "d3": -1.4461382468512287, "d4": -3.0, "p1": 3.0317925332983804, "p2": 32.96640979691991, "p3": 31.366089387499443, "p4": 37.74221629978066, "pol1": -0.39365046634826556, "pol2": -0.9686404164937241, "pol3": -0.3635306868307191, "pol4": -0.1669542750965601, "v0s": 5.109964679675363}, "datetime": {"datetime": "2022-05-17 11:02:42", "elapsed": 55177.405308, "delta": 19.93568}}
{"target": -1.0, "params": {"Bgrad": 1.6233606264852118, "d1": -0.4532286422826237, "d2": -1.7013360876529569, "d3": -1.998120949212844, "d4": 0.25444063722594157, "p1": 0.013212034745496704, "p2": 30.069401956418602, "p3": 28.718652746499618, "p4": 42.029728419617605, "pol1": -0.6935550391680474, "pol2": -0.6186516811156204, "pol3": -0.5370503599958081, "pol4": -0.8411957958721554, "v0s": 3.753367218165173}, "datetime": {"datetime": "2022-05-17 11:03:06", "elapsed": 55202.037426, "delta": 24.632118}}
{"target": 5.175791979022825, "params": {"Bgrad": 2.0, "d1": -3.0, "d2": 0.6565084641006137, "d3": -0.36143046582188865, "d4": -2.18522592393467, "p1": 30.332216212705955, "p2": 12.00740199822901, "p3": 38.39039730102975, "p4": 27.480509927936048, "pol1": 1.0, "pol2": 0.6451636507508659, "pol3": -1.0, "pol4": 0.29334316984628966, "v0s": 5.175791979022825}, "datetime": {"datetime": "2022-05-17 11:03:31", "elapsed": 55226.322472, "delta": 24.285046}}
{"target": 4.87071655295013, "params": {"Bgrad": 2.0, "d1": -1.5543555502776523, "d2": -3.0, "d3": -3.0, "d4": -3.0, "p1": 25.619756461940074, "p2": 31.875895260112078, "p3": 43.02325963408317, "p4": 46.508864498681305, "pol1": 0.6819467037768104, "pol2": 0.5985747009385645, "pol3": -0.9042733358455739, "pol4": 0.055798911767395244, "v0s": 4.87071655295013}, "datetime": {"datetime": "2022-05-17 11:03:56", "elapsed": 55251.633774, "delta": 25.311302}}
{"target": 4.303543796542664, "params": {"Bgrad": 1.11892897111727, "d1": -2.916457874571118, "d2": -1.6035866025495222, "d3": -2.311619755611159, "d4": -1.3209787645512894, "p1": 7.911023149764799, "p2": 5.313013401087538, "p3": 47.6881383084106, "p4": 16.737767028426227, "pol1": -0.14054771312142605, "pol2": -0.2860256609458543, "pol3": -0.2785851157754159, "pol4": 0.31169612814239217, "v0s": 4.303543796542664}, "datetime": {"datetime": "2022-05-17 11:04:23", "elapsed": 55278.963677, "delta": 27.329903}}
{"target": 2.969341851512176, "params": {"Bgrad": 0.5, "d1": -1.0357149291813457, "d2": 0.8079774741853426, "d3": -2.5546905397262853, "d4": -3.0, "p1": 39.144015267826994, "p2": 45.14478766139224, "p3": 16.270156394078803, "p4": 12.494588211392298, "pol1": -0.856975168322982, "pol2": 0.9417161074902918, "pol3": -0.4375408967037806, "pol4": 1.0, "v0s": 2.969341851512176}, "datetime": {"datetime": "2022-05-17 11:04:56", "elapsed": 55311.941473, "delta": 32.977796}}
{"target": 3.7883354122448045, "params": {"Bgrad": 1.4248012807553607, "d1": -2.5431466966026233, "d2": 0.6959512254964508, "d3": -2.752350635019841, "d4": -2.3595822617243027, "p1": 8.429149783709915, "p2": 38.5021377268855, "p3": 33.89355554090885, "p4": 37.69301239353318, "pol1": 0.36996483300075855, "pol2": -0.46169504316033816, "pol3": -0.7682189021707593, "pol4": -0.33354498259945364, "v0s": 3.7883354122448045}, "datetime": {"datetime": "2022-05-17 11:05:21", "elapsed": 55337.036354, "delta": 25.094881}}
{"target": 3.87738666390642, "params": {"Bgrad": 1.318797644032234, "d1": -0.7359507551312086, "d2": 0.34240364581551086, "d3": -1.1493352905613898, "d4": -2.30865255446253, "p1": 1.7846046976964458, "p2": 35.98453915583034, "p3": 29.12324174937003, "p4": 35.476746698786265, "pol1": -0.7825039423378441, "pol2": -0.5090657780304768, "pol3": -0.8333453502136317, "pol4": 0.21207416617801922, "v0s": 3.87738666390642}, "datetime": {"datetime": "2022-05-17 11:05:39", "elapsed": 55354.708089, "delta": 17.671735}}
{"target": -1.0, "params": {"Bgrad": 1.5308086452139928, "d1": -1.3011669140733302, "d2": -1.4145971271084834, "d3": -2.0725557222648012, "d4": -1.0568708239702365, "p1": 6.889177163115217, "p2": 5.500427000694497, "p3": 48.01608603432456, "p4": 18.198211972511878, "pol1": 0.7770029621798622, "pol2": 0.6735444687996213, "pol3": 0.09755957007017457, "pol4": 0.16133463781385982, "v0s": 5.704297760264358}, "datetime": {"datetime": "2022-05-17 11:06:05", "elapsed": 55380.929955, "delta": 26.221866}}
{"target": 3.6525037222102554, "params": {"Bgrad": 1.0697495450528731, "d1": -2.8159724198499854, "d2": 0.4277181274057362, "d3": -0.8825053063034867, "d4": -1.6537184174086166, "p1": 4.374978622735165, "p2": 29.76109625209346, "p3": 44.82682960325573, "p4": 20.241859870940466, "pol1": 0.9675036805080213, "pol2": -0.5969728316299876, "pol3": -0.2811635157693828, "pol4": -0.03248984966485424, "v0s": 3.6525037222102554}, "datetime": {"datetime": "2022-05-17 11:06:31", "elapsed": 55406.84564, "delta": 25.915685}}
{"target": 4.100805662772803, "params": {"Bgrad": 1.7331933074398533, "d1": -2.571482498418935, "d2": 0.7415694803401927, "d3": -2.115279600863425, "d4": -1.8506054638148663, "p1": 10.181392309876975, "p2": 24.104092481819926, "p3": 44.51896889636121, "p4": 22.0757366734341, "pol1": -0.8149213793403765, "pol2": 0.6712896328645412, "pol3": 0.13744132157197786, "pol4": -0.48379112921273015, "v0s": 4.100805662772803}, "datetime": {"datetime": "2022-05-17 11:06:49", "elapsed": 55424.591178, "delta": 17.745538}}
{"target": 3.9223999870279305, "params": {"Bgrad": 1.215175972304087, "d1": -3.0, "d2": -1.871645541618202, "d3": -2.416640471116477, "d4": -0.9314087142948722, "p1": 8.427756613202241, "p2": 4.961310090703552, "p3": 46.14199465339279, "p4": 16.45545795222623, "pol1": -1.0, "pol2": -0.6333663109161097, "pol3": -0.67085855357529, "pol4": 0.2729194787859606, "v0s": 3.9223999870279305}, "datetime": {"datetime": "2022-05-17 11:07:15", "elapsed": 55450.234592, "delta": 25.643414}}
{"target": 4.437850177268415, "params": {"Bgrad": 1.0149812897661477, "d1": -2.846594135378482, "d2": 0.14640744885520296, "d3": -1.7653645170037469, "d4": -1.8942146109324818, "p1": 32.302083588588566, "p2": 8.117840036290096, "p3": 38.01778731773096, "p4": 32.02190193150992, "pol1": 0.23351385724766285, "pol2": -0.523885717866136, "pol3": -0.4564088565028728, "pol4": -0.24848681794843658, "v0s": 4.437850177268415}, "datetime": {"datetime": "2022-05-17 11:07:36", "elapsed": 55471.240408, "delta": 21.005816}}
{"target": -1.0, "params": {"Bgrad": 1.3897401584643212, "d1": -1.1121484929027758, "d2": -0.0990755051589165, "d3": -2.9076570934340014, "d4": -1.6960199834142968, "p1": 33.25179409254838, "p2": 11.306829341912733, "p3": 38.670630855018686, "p4": 34.52328177028236, "pol1": 0.8641146675053857, "pol2": -0.10403707573949283, "pol3": -0.31764287146334724, "pol4": 0.23016587759106177, "v0s": 5.462591596133582}, "datetime": {"datetime": "2022-05-17 11:08:02", "elapsed": 55497.446317, "delta": 26.205909}}
{"target": 4.490389419779941, "params": {"Bgrad": 2.0, "d1": -2.2722232218837517, "d2": -3.0, "d3": -1.2842935460084588, "d4": -3.0, "p1": 4.360940757322839, "p2": 10.6089922856675, "p3": 37.197617735449725, "p4": 29.474298898772638, "pol1": -1.0, "pol2": -1.0, "pol3": -0.8440598277213004, "pol4": -0.2903662856199432, "v0s": 4.490389419779941}, "datetime": {"datetime": "2022-05-17 11:08:22", "elapsed": 55517.762978, "delta": 20.316661}}
{"target": -1.0, "params": {"Bgrad": 0.5, "d1": -1.4485246707137087, "d2": 0.5723781679443428, "d3": -2.068525571736596, "d4": -3.0, "p1": 37.26213321384777, "p2": 46.72246549563693, "p3": 17.209248285823765, "p4": 11.562417871564367, "pol1": -0.978204309542542, "pol2": 0.7604466108748824, "pol3": 0.05001579019259016, "pol4": 1.0, "v0s": 2.0590358697165123}, "datetime": {"datetime": "2022-05-17 11:08:43", "elapsed": 55538.912411, "delta": 21.149433}}
{"target": -1.0, "params": {"Bgrad": 0.5078254589249437, "d1": -1.8233774653354375, "d2": -0.3359497567968712, "d3": 0.05056357837798098, "d4": -1.5581257274665563, "p1": 32.367313881078005, "p2": 10.960322881110224, "p3": 40.101534920077626, "p4": 33.96327592108489, "pol1": -0.7592708432970978, "pol2": -0.1157263336594272, "pol3": -0.9499352546184834, "pol4": 0.06225602544075026, "v0s": 7.803669855974817}, "datetime": {"datetime": "2022-05-17 11:09:07", "elapsed": 55562.733698, "delta": 23.821287}}
