{"target": -1.0, "params": {"Bgrad": 16.16168517122631, "d1": -1.3904299205690567, "d2": 0.6187446413744921, "d3": -2.8517558081838565, "d4": 0.09549737088167465, "p1": 6.282069056886941, "p2": 30.925678345604275, "p3": 0.518213066761597, "p4": 26.931364128817346, "pol1": -0.9939640867608073, "pol2": 0.902387570980409, "pol3": 0.8108040674055561, "pol4": 0.5919338838845387, "v0s": 7.491645919488725}, "datetime": {"datetime": "2022-04-11 15:02:22", "elapsed": 1645.096746, "delta": 19.377037}}
{"target": -1.0, "params": {"Bgrad": 3.3383855075887428, "d1": -2.369079720517867, "d2": -2.249473308390264, "d3": -0.5100163908003155, "d4": 0.6232379840332074, "p1": 49.49775891795368, "p2": 35.5561229382908, "p3": 36.59002045711476, "p4": 45.464660227212725, "pol1": -0.1982525352577582, "pol2": -0.5002986395499265, "pol3": -0.6531396584257543, "pol4": -0.761085899332542, "v0s": 6.875663528196972}, "datetime": {"datetime": "2022-04-11 15:02:39", "elapsed": 1662.026826, "delta": 16.93008}}
{"target": 2.185694037626904, "params": {"Bgrad": 3.3624512816362415, "d1": -1.9428100690923973, "d2": 0.27635671453412325, "d3": -1.75765099282316, "d4": 0.9296697971717713, "p1": 13.33193510758176, "p2": 26.68266724856057, "p3": 15.72335055929248, "p4": 45.53864155869187, "pol1": -0.26688671229753114, "pol2": -0.1328153454536709, "pol3": 0.024585384556722767, "pol4": 0.8777729547394266, "v0s": 2.185694037626904}, "datetime": {"datetime": "2022-04-11 15:02:53", "elapsed": 1675.417236, "delta": 13.39041}}
{"target": 3.868665284794777, "params": {"Bgrad": 14.479133940817938, "d1": 0.5640758171693556, "d2": -2.8908511059301247, "d3": -0.9117950109899571, "d4": -1.6960407529198989, "p1": 42.97446604327929, "p2": 27.92582754612589, "p3": 34.511393408137394, "p4": 22.642674997576872, "pol1": 0.2566180750427143, "pol2": -0.41980629662514835, "pol3": -0.9813028440669684, "pol4": 0.15351186997418154, "v0s": 3.868665284794777}, "datetime": {"datetime": "2022-04-11 15:03:03", "elapsed": 1685.550323, "delta": 10.133087}}
{"target": 3.0485952581378695, "params": {"Bgrad": 10.58671817077203, "d1": 0.6656234122155911, "d2": -1.294100845994416, "d3": -2.0104158535904584, "d4": -1.5148249548837822, "p1": 46.59305583182703, "p2": 46.84341906545468, "p3": 42.21649742828566, "p4": 46.010325715283024, "pol1": -0.5441994200973661, "pol2": -0.8250355808928183, "pol3": -0.5453805274306225, "pol4": -0.37124676777189913, "v0s": 3.0485952581378695}, "datetime": {"datetime": "2022-04-11 15:03:21", "elapsed": 1703.689146, "delta": 18.138823}}
{"target": 3.1465509359383876, "params": {"Bgrad": 11.278304596890242, "d1": -2.5454624885334787, "d2": 0.2736159137177463, "d3": -1.7584883654917696, "d4": -2.6592046396188467, "p1": 7.441659840741554, "p2": 8.657687498519662, "p3": 31.07883108373738, "p4": 22.748915661352274, "pol1": -0.8178428699966172, "pol2": -0.059237374890143135, "pol3": -0.26701057804312667, "pol4": -0.9072388413470687, "v0s": 3.1465509359383876}, "datetime": {"datetime": "2022-04-11 15:03:31", "elapsed": 1714.361257, "delta": 10.672111}}
{"target": 3.878916662420774, "params": {"Bgrad": 4.5708200404029995, "d1": 0.3027572998067414, "d2": -0.337836412637039, "d3": -2.3449744234348535, "d4": -1.809798658361173, "p1": 2.1034451918321317, "p2": 0.7669955949350049, "p3": 32.56572187920225, "p4": 20.66521609816335, "pol1": -0.9723761622286775, "pol2": -0.7730730635596716, "pol3": -0.021945376649078918, "pol4": 0.11668384183647507, "v0s": 3.878916662420774}, "datetime": {"datetime": "2022-04-11 15:03:36", "elapsed": 1719.019408, "delta": 4.658151}}
{"target": 3.5656074192122733, "params": {"Bgrad": 7.505680034524146, "d1": -2.9534833033832633, "d2": 0.14526555510484895, "d3": -2.0499089301668914, "d4": -0.5281518196016219, "p1": 3.9152215923062785, "p2": 6.971155134608464, "p3": 33.414774377433446, "p4": 25.504753853878313, "pol1": -0.09361072061932552, "pol2": 0.34766076555492176, "pol3": 0.5908218168485715, "pol4": 0.6628150876354186, "v0s": 3.5656074192122733}, "datetime": {"datetime": "2022-04-11 15:03:46", "elapsed": 1729.174441, "delta": 10.155033}}
{"target": 4.2180837432439855, "params": {"Bgrad": 5.158871919099277, "d1": -1.8619368558768383, "d2": -1.0689147229977238, "d3": -2.1826356615872293, "d4": -1.7551080466504645, "p1": 4.006039171520245, "p2": 3.529919378948069, "p3": 33.983120383708936, "p4": 22.64053621535925, "pol1": -0.46597544630785426, "pol2": -0.07106175887422658, "pol3": -0.19471292160733145, "pol4": 0.532309743871841, "v0s": 4.2180837432439855}, "datetime": {"datetime": "2022-04-11 15:03:51", "elapsed": 1734.052943, "delta": 4.878502}}
{"target": -1.0, "params": {"Bgrad": 8.012073152394102, "d1": 0.7473418710129778, "d2": 0.12492596009996815, "d3": -2.863701039585891, "d4": -1.0920479678382504, "p1": 3.7500553665081258, "p2": 4.727453317077074, "p3": 32.98430386507399, "p4": 23.642895915502, "pol1": 0.13671716444863335, "pol2": 0.7150568544234857, "pol3": -0.24514411394073887, "pol4": -0.3044347891540331, "v0s": 5.789573744814765}, "datetime": {"datetime": "2022-04-11 15:04:13", "elapsed": 1755.570236, "delta": 21.517293}}
{"target": 3.651248266278306, "params": {"Bgrad": 6.947891686043407, "d1": -2.691577309534225, "d2": -2.521396112311166, "d3": -1.3067828557467454, "d4": -1.6564997949680735, "p1": 2.8081681944395136, "p2": 5.12813700334519, "p3": 37.94048125624776, "p4": 20.944129486558516, "pol1": -0.46284402974363886, "pol2": 0.024835809984888223, "pol3": 0.11466352283501885, "pol4": 0.29103937938421, "v0s": 3.651248266278306}, "datetime": {"datetime": "2022-04-11 15:04:21", "elapsed": 1763.79193, "delta": 8.221694}}
{"target": 2.259103687652967, "params": {"Bgrad": 8.615766751788934, "d1": -0.7931082315213884, "d2": 0.32097345924447174, "d3": -1.8544058026404056, "d4": -2.892248012847829, "p1": 3.5632430824752372, "p2": 5.194292180849514, "p3": 35.14883853845029, "p4": 27.865593009161017, "pol1": 0.1469088197575279, "pol2": 0.9936412623881266, "pol3": -0.6003211641011839, "pol4": 0.2628804820218831, "v0s": 2.259103687652967}, "datetime": {"datetime": "2022-04-11 15:04:25", "elapsed": 1767.433737, "delta": 3.641807}}
{"target": -1.0, "params": {"Bgrad": 12.413405554276974, "d1": -3.0, "d2": -2.4094276550589573, "d3": -2.484989528661708, "d4": -3.0, "p1": 4.920096362396813, "p2": 7.123764261468124, "p3": 37.55606687977417, "p4": 26.07282379068816, "pol1": 0.23725543522276266, "pol2": -0.4577000542195644, "pol3": 0.3396055535598735, "pol4": 0.48425147306953276, "v0s": 6.4866445599699745}, "datetime": {"datetime": "2022-04-11 15:04:44", "elapsed": 1787.248124, "delta": 19.814387}}
{"target": 4.489241440341792, "params": {"Bgrad": 10.485903328866662, "d1": -2.4686994790967454, "d2": -1.076521462573049, "d3": -2.116522485441723, "d4": -1.945574086089097, "p1": 8.79345310173931, "p2": 6.375116566284214, "p3": 30.485675299398782, "p4": 24.28729019443548, "pol1": -0.3411932893356713, "pol2": -0.275716605002566, "pol3": 0.12234188763552294, "pol4": 0.052486135622673076, "v0s": 4.489241440341792}, "datetime": {"datetime": "2022-04-11 15:04:56", "elapsed": 1798.518668, "delta": 11.270544}}
{"target": 3.4351618590012354, "params": {"Bgrad": 6.939556359530902, "d1": -0.5026923684724136, "d2": 0.6523045382710997, "d3": -0.573889031219057, "d4": -2.1502251327370727, "p1": 2.533632895162402, "p2": 6.387372342598951, "p3": 38.40860946380389, "p4": 25.623770498517857, "pol1": 0.197834618294912, "pol2": -0.13924256609462748, "pol3": -0.8620174033022789, "pol4": -0.30287279698100056, "v0s": 3.4351618590012354}, "datetime": {"datetime": "2022-04-11 15:04:59", "elapsed": 1801.916608, "delta": 3.39794}}
{"target": -1.0, "params": {"Bgrad": 6.910888424750666, "d1": 0.7723351523391462, "d2": 0.9844163821072649, "d3": -1.2144398932106162, "d4": -2.2844987785709234, "p1": 2.0789340381773935, "p2": 7.58277860769383, "p3": 38.26189858434101, "p4": 29.693644642998642, "pol1": -0.0906009744815841, "pol2": 0.24377834172192658, "pol3": -0.4185577673860783, "pol4": -0.04413852458766887, "v0s": 3.48645283790367}, "datetime": {"datetime": "2022-04-11 15:05:24", "elapsed": 1826.411998, "delta": 24.49539}}
{"target": 4.295934278825099, "params": {"Bgrad": 10.414973354104614, "d1": -2.6265644748248675, "d2": -1.6823286369102395, "d3": -2.2720129743529687, "d4": -1.9760309097481805, "p1": 8.629365286490014, "p2": 6.937347091506737, "p3": 33.98246192778217, "p4": 26.635786004870294, "pol1": -0.16637582978730878, "pol2": -0.14775378932917282, "pol3": 0.5521270897879837, "pol4": -0.0322023685640039, "v0s": 4.295934278825099}, "datetime": {"datetime": "2022-04-11 15:05:30", "elapsed": 1833.313676, "delta": 6.901678}}
{"target": 4.914880823870176, "params": {"Bgrad": 13.079562620147419, "d1": -1.6678509926636127, "d2": -1.1367535799729804, "d3": -0.18947101189600035, "d4": -2.1164383043898023, "p1": 6.883552618344391, "p2": 7.037027801238671, "p3": 30.328750215418854, "p4": 23.050713803043273, "pol1": -0.04210360803014068, "pol2": 0.24945030146788438, "pol3": 0.40046072156555734, "pol4": -0.7866351878566249, "v0s": 4.914880823870176}, "datetime": {"datetime": "2022-04-11 15:05:49", "elapsed": 1851.868365, "delta": 18.554689}}
{"target": 2.364166378126897, "params": {"Bgrad": 8.631951228975852, "d1": -0.7972394152096798, "d2": -0.6790265688814463, "d3": -2.2752143458999026, "d4": -1.3453215680319586, "p1": 9.013583587683893, "p2": 7.063677763711157, "p3": 32.719270188730235, "p4": 26.740892827908297, "pol1": 0.0804355018311107, "pol2": 0.8840378372630404, "pol3": -0.9892780885350545, "pol4": 0.4662184374578284, "v0s": 2.364166378126897}, "datetime": {"datetime": "2022-04-11 15:05:52", "elapsed": 1855.347637, "delta": 3.479272}}
{"target": 2.508966983799581, "params": {"Bgrad": 11.243855249181001, "d1": -0.30513035562680724, "d2": -0.7552794764588802, "d3": -1.629212235976964, "d4": -2.6446488871660794, "p1": 6.209092033736202, "p2": 7.253908837552575, "p3": 36.58222218516314, "p4": 26.315358102232338, "pol1": 0.2968802799040664, "pol2": 0.553930061900914, "pol3": 0.28313698928575315, "pol4": -0.42923969226982583, "v0s": 2.508966983799581}, "datetime": {"datetime": "2022-04-11 15:05:57", "elapsed": 1860.316928, "delta": 4.969291}}
{"target": 3.0382701178617753, "params": {"Bgrad": 9.95277536483998, "d1": -0.23681549617653896, "d2": 0.12146512586451763, "d3": 0.7944561115803581, "d4": -1.8955767957839238, "p1": 7.414389556469642, "p2": 6.597291740760857, "p3": 32.41121454565595, "p4": 25.721147550614866, "pol1": 0.7957400867601536, "pol2": -0.15706890130998996, "pol3": 0.5158042306892094, "pol4": 0.08022849321036096, "v0s": 3.0382701178617753}, "datetime": {"datetime": "2022-04-11 15:06:02", "elapsed": 1865.29672, "delta": 4.979792}}
{"target": 4.055862416665729, "params": {"Bgrad": 8.674739168967687, "d1": -2.4497004535672144, "d2": -2.3253840716664587, "d3": -1.6007336578111082, "d4": -0.20725735063978545, "p1": 7.052873934907411, "p2": 5.596145732943003, "p3": 31.312029673351088, "p4": 26.686822160487516, "pol1": -0.5990476578700843, "pol2": -0.29762558828683616, "pol3": -0.302777964580931, "pol4": 0.9835613069394091, "v0s": 4.055862416665729}, "datetime": {"datetime": "2022-04-11 15:06:10", "elapsed": 1873.098977, "delta": 7.802257}}
{"target": 5.12337707196575, "params": {"Bgrad": 11.999059133261998, "d1": -3.0, "d2": -1.9788752437660406, "d3": -1.5170376060193287, "d4": -2.8442501714760837, "p1": 4.701393622357504, "p2": 8.006182978445203, "p3": 39.28220541333605, "p4": 25.48694059256327, "pol1": 0.4890397832318936, "pol2": -0.2863899415999164, "pol3": 0.24227454294771902, "pol4": -0.6952135832482658, "v0s": 5.12337707196575}, "datetime": {"datetime": "2022-04-11 15:06:22", "elapsed": 1885.334004, "delta": 12.235027}}
{"target": -1.0, "params": {"Bgrad": 4.5019176719492835, "d1": -1.8517286789236649, "d2": -1.4746625613464537, "d3": -0.33571199120614015, "d4": -2.3345545920720743, "p1": 2.8692437546495086, "p2": 1.492366109820914, "p3": 37.74243346550226, "p4": 21.978865442358074, "pol1": 0.5358596763427781, "pol2": -0.13504935984784927, "pol3": 0.4274547791114487, "pol4": 0.21579831417830087, "v0s": 4.664357017046078}, "datetime": {"datetime": "2022-04-11 15:06:46", "elapsed": 1908.698398, "delta": 23.364394}}
{"target": 2.826505836729929, "params": {"Bgrad": 11.267713605629261, "d1": -0.16078123262158606, "d2": -1.7188159194799755, "d3": -1.119225393573731, "d4": -0.9138219492333928, "p1": 8.834951128479757, "p2": 5.1880362912950675, "p3": 33.28332722886803, "p4": 24.739209077607544, "pol1": -0.12182535300417174, "pol2": 0.2519949272386526, "pol3": 0.9550976125864055, "pol4": 0.707771174759795, "v0s": 2.826505836729929}, "datetime": {"datetime": "2022-04-11 15:06:56", "elapsed": 1918.965085, "delta": 10.266687}}
{"target": -1.0, "params": {"Bgrad": 9.684370355227292, "d1": -1.902804739205429, "d2": 0.7315757990807894, "d3": -2.2205224708838855, "d4": 0.06604225626833449, "p1": 9.30627662510437, "p2": 6.023154808281717, "p3": 32.96627640448912, "p4": 25.852909366087353, "pol1": 0.9096722271640354, "pol2": 0.13458596451406657, "pol3": -0.3692511186592875, "pol4": -0.804852467981678, "v0s": 5.614598281817454}, "datetime": {"datetime": "2022-04-11 15:07:19", "elapsed": 1942.210344, "delta": 23.245259}}
{"target": 3.5982884856700577, "params": {"Bgrad": 11.893580283277814, "d1": -1.1096009603958574, "d2": 0.7733644945067697, "d3": -0.814083712423411, "d4": -2.367465959409492, "p1": 4.2452201130043665, "p2": 10.222437726040024, "p3": 36.73708432066448, "p4": 29.489473215348372, "pol1": 0.13781200859964549, "pol2": -0.8151085211470392, "pol3": 0.24461202285121675, "pol4": 0.6726792872603518, "v0s": 3.5982884856700577}, "datetime": {"datetime": "2022-04-11 15:07:27", "elapsed": 1950.23506, "delta": 8.024716}}
{"target": -1.0, "params": {"Bgrad": 7.169842817937844, "d1": -2.6738018817609728, "d2": -0.826217601539641, "d3": -1.4377708387090484, "d4": -1.337373530464541, "p1": 3.2712026029614814, "p2": 5.707305048513672, "p3": 33.86389823556115, "p4": 19.4152145893539, "pol1": 0.09975447615018518, "pol2": 0.526701295239411, "pol3": 0.2508961172119559, "pol4": 0.5408704526910446, "v0s": 5.5898847872281925}, "datetime": {"datetime": "2022-04-11 15:07:46", "elapsed": 1968.699003, "delta": 18.463943}}
{"target": 4.122433268606275, "params": {"Bgrad": 10.188681809284615, "d1": -1.5641029911386994, "d2": -1.0557762954020262, "d3": -2.301213882516288, "d4": -1.6344353583840106, "p1": 7.560306058070371, "p2": 6.583995838061947, "p3": 32.78292752589406, "p4": 25.650698027919955, "pol1": -0.43596360508940657, "pol2": -0.39879962343682895, "pol3": 0.3922035820906408, "pol4": 0.7871293316145268, "v0s": 4.122433268606275}, "datetime": {"datetime": "2022-04-11 15:07:56", "elapsed": 1978.842547, "delta": 10.143544}}
{"target": 3.408550229694834, "params": {"Bgrad": 8.251752964247348, "d1": -2.2445959444191668, "d2": -1.6106252298547021, "d3": -2.027111004159584, "d4": -2.36146559592066, "p1": 3.632806297588492, "p2": 6.037620822429545, "p3": 36.25693571598826, "p4": 29.35706857726148, "pol1": 0.7710671633985822, "pol2": 0.4142451963165794, "pol3": 0.04646808434919203, "pol4": -0.8696805263173624, "v0s": 3.408550229694834}, "datetime": {"datetime": "2022-04-11 15:08:01", "elapsed": 1983.782943, "delta": 4.940396}}
{"target": -1.0, "params": {"Bgrad": 13.702047894615122, "d1": 0.5185323616180645, "d2": -3.0, "d3": -0.6330951738553593, "d4": -1.5953256984381083, "p1": 43.03516823141146, "p2": 28.300630016767343, "p3": 33.115889589236566, "p4": 20.9736172449761, "pol1": 0.1958786086109845, "pol2": -0.5321567781654912, "pol3": -1.0, "pol4": 0.1574955912091614, "v0s": 3.6552039060710713}, "datetime": {"datetime": "2022-04-11 15:08:22", "elapsed": 2005.186532, "delta": 21.403589}}
{"target": 4.829777127709738, "params": {"Bgrad": 9.698865352210053, "d1": -2.664861141689761, "d2": 0.057937980280631685, "d3": -1.5533896526745687, "d4": -2.28899594303928, "p1": 4.555713219104041, "p2": 7.244630965764926, "p3": 36.777593207751, "p4": 28.207408568506136, "pol1": -0.03257338607996063, "pol2": -0.7687055476973998, "pol3": 0.9493814624154941, "pol4": 0.06131163198653611, "v0s": 4.829777127709738}, "datetime": {"datetime": "2022-04-11 15:08:33", "elapsed": 2016.196778, "delta": 11.010246}}
{"target": -1.0, "params": {"Bgrad": 5.318800532321925, "d1": -0.5583315516423215, "d2": -0.1010308796998296, "d3": -2.0709489539340384, "d4": -0.9414222874721601, "p1": 6.790827682000017, "p2": 3.3076676797601454, "p3": 32.572775899703444, "p4": 28.71379898915404, "pol1": 0.0726868953439257, "pol2": 0.7935246828481766, "pol3": 0.5906908753432301, "pol4": 0.43654771965792083, "v0s": 4.5337123275906785}, "datetime": {"datetime": "2022-04-11 15:08:50", "elapsed": 2033.090924, "delta": 16.894146}}
{"target": -1.0, "params": {"Bgrad": 10.691463879368396, "d1": 0.5414290194268463, "d2": 0.11996696241966331, "d3": -0.33780954523133877, "d4": -0.20044403705705127, "p1": 6.440260020820543, "p2": 8.335421385279618, "p3": 30.750641589606097, "p4": 25.730240312801055, "pol1": 0.03868352437304434, "pol2": -0.10040541391267976, "pol3": 0.562710423407383, "pol4": -0.46004402863997695, "v0s": 2.9173065858580984}, "datetime": {"datetime": "2022-04-11 15:09:09", "elapsed": 2052.097918, "delta": 19.006994}}
{"target": 2.8653444931759537, "params": {"Bgrad": 9.498593413585725, "d1": -2.0273866572355357, "d2": -2.4864403979641625, "d3": 0.05641973010802648, "d4": -1.8685816078266462, "p1": 6.404197610784484, "p2": 8.057874651618945, "p3": 33.08977200303962, "p4": 22.483301361500335, "pol1": 0.9194860580149673, "pol2": 0.6692381370266767, "pol3": 0.6201753558456302, "pol4": -0.3112237049117099, "v0s": 2.8653444931759537}, "datetime": {"datetime": "2022-04-11 15:09:17", "elapsed": 2060.341007, "delta": 8.243089}}
{"target": -1.0, "params": {"Bgrad": 11.076996890601254, "d1": 0.05612829266854691, "d2": -2.64926827903277, "d3": -2.0639704288211584, "d4": -1.543721958606329, "p1": 8.328030544660404, "p2": 9.12072615276478, "p3": 39.04679758379368, "p4": 25.20260160096109, "pol1": 0.7981036691812793, "pol2": 0.24455377713550264, "pol3": 0.7122371329851134, "pol4": 0.06299338161910639, "v0s": 4.85382710784117}, "datetime": {"datetime": "2022-04-11 15:09:35", "elapsed": 2077.775207, "delta": 17.4342}}
{"target": 3.3169130070889192, "params": {"Bgrad": 5.063554364299394, "d1": -0.39677431273195474, "d2": -2.174250056980548, "d3": -0.762981454242408, "d4": -0.5476200416789192, "p1": 0.2114591738848759, "p2": 5.757476206571432, "p3": 34.483688785991475, "p4": 21.253762290876455, "pol1": -0.23059874642591716, "pol2": -0.022588528199317448, "pol3": 0.1276558989115837, "pol4": 0.7948704146160426, "v0s": 3.3169130070889192}, "datetime": {"datetime": "2022-04-11 15:09:43", "elapsed": 2086.188321, "delta": 8.413114}}
{"target": 3.5198787310594266, "params": {"Bgrad": 9.989047831694233, "d1": -0.05880549384118927, "d2": -1.8583488701329682, "d3": -2.0792329276114088, "d4": -2.8767920032841836, "p1": 7.919216493013604, "p2": 7.3448165200128095, "p3": 32.1173203225006, "p4": 25.750758670299845, "pol1": 0.024982171519336127, "pol2": 0.826590250045661, "pol3": 0.1215264517175807, "pol4": -0.7151048912384503, "v0s": 3.5198787310594266}, "datetime": {"datetime": "2022-04-11 15:09:50", "elapsed": 2092.410285, "delta": 6.221964}}
{"target": 5.074549569961969, "params": {"Bgrad": 8.47045860433796, "d1": -2.9745942359382207, "d2": -1.5819195955721885, "d3": 0.07966933974334856, "d4": -2.9505291445930593, "p1": 8.714255488729384, "p2": 9.07188654590541, "p3": 30.5376934423361, "p4": 29.072963050481636, "pol1": 0.29213727869845285, "pol2": 0.31972666413582274, "pol3": 0.5874660778342533, "pol4": 0.7957013600220746, "v0s": 5.074549569961969}, "datetime": {"datetime": "2022-04-11 15:10:03", "elapsed": 2106.115322, "delta": 13.705037}}
{"target": 4.670787513050402, "params": {"Bgrad": 9.474282788301736, "d1": -0.1123199959368697, "d2": 0.014018869907085119, "d3": -2.8681367290291844, "d4": -2.9053646198871705, "p1": 4.7649940355896145, "p2": 10.072897474728487, "p3": 34.352251467548065, "p4": 29.766428798223853, "pol1": -0.289489065353866, "pol2": -0.554995637651547, "pol3": 0.8145273510887774, "pol4": 0.25890862533284054, "v0s": 4.670787513050402}, "datetime": {"datetime": "2022-04-11 15:10:20", "elapsed": 2122.762108, "delta": 16.646786}}
{"target": 2.9591937061624174, "params": {"Bgrad": 14.67288378152828, "d1": -2.66522758212494, "d2": -0.4844607473764775, "d3": -1.8480878371261351, "d4": -0.7018469586941172, "p1": 7.379839444070813, "p2": 7.504608420003878, "p3": 37.180627326123755, "p4": 27.572767930559, "pol1": 0.3184181691565353, "pol2": -0.7248531365118127, "pol3": 0.3069704000362756, "pol4": -0.643719400695524, "v0s": 2.9591937061624174}, "datetime": {"datetime": "2022-04-11 15:10:26", "elapsed": 2129.207476, "delta": 6.445368}}
{"target": -1.0, "params": {"Bgrad": 3.5325060010400953, "d1": -1.064518299206906, "d2": -1.6731062398956458, "d3": -0.36392445596988665, "d4": -0.4138359699473999, "p1": 2.8741410923826205, "p2": 4.707848211283988, "p3": 35.11845761532519, "p4": 21.5488337152754, "pol1": 0.7822292253096856, "pol2": 0.9468540756522019, "pol3": -0.4524299530857345, "pol4": -0.3942259164240465, "v0s": 5.400309262149055}, "datetime": {"datetime": "2022-04-11 15:10:43", "elapsed": 2145.716617, "delta": 16.509141}}
{"target": -1.0, "params": {"Bgrad": 9.56467152591517, "d1": -2.996272798543814, "d2": -2.591952111234386, "d3": -0.9388548835898591, "d4": 0.6562804693715325, "p1": 9.867710417662579, "p2": 7.426975906278815, "p3": 31.872098079810584, "p4": 25.551025272365948, "pol1": 0.3902254440173456, "pol2": 0.8378841606614094, "pol3": -0.9987542242064029, "pol4": 0.622154236311455, "v0s": 3.0236397062917004}, "datetime": {"datetime": "2022-04-11 15:11:04", "elapsed": 2166.660974, "delta": 20.944357}}
