{"target": -1.0, "params": {"Bgrad": 1.923409095009656, "d1": -0.46775837159120437, "d2": -0.5824834534894867, "d3": -0.29013875792280075, "d4": -2.614471106415436, "p1": 2.9215419709108015, "p2": 2.1713582182104063, "p3": 40.58630709204149, "p4": 47.37658562270525, "pol1": 0.26833593003628065, "pol2": 0.9149091533469333, "pol3": -0.7760652174681661, "pol4": -0.22718403374477747, "v0s": 4.964328411778331}, "datetime": {"datetime": "2022-04-29 14:11:30", "elapsed": 81603.036213, "delta": 26.715568}}
{"target": -1.0, "params": {"Bgrad": 1.3175116597014556, "d1": -2.2534850862939924, "d2": 0.3843764013105626, "d3": -0.276190293477828, "d4": 0.7464529748148259, "p1": 10.802226987914626, "p2": 22.962659548465126, "p3": 43.770296422494816, "p4": 32.14369007945071, "pol1": 0.35452456438559476, "pol2": 0.6053669602792875, "pol3": 0.5600542024992077, "pol4": -0.8574450984076849, "v0s": 3.3627940999718757}, "datetime": {"datetime": "2022-04-29 14:11:51", "elapsed": 81624.525753, "delta": 21.48954}}
{"target": 2.7534722974495924, "params": {"Bgrad": 0.8807489294553863, "d1": -0.35601691376560174, "d2": 0.654983052392216, "d3": -1.984069075775313, "d4": 0.32532158874441475, "p1": 11.01249662515506, "p2": 28.299770442891507, "p3": 15.920252814166307, "p4": 3.7907994939300247, "pol1": -0.6370991796707368, "pol2": 0.9729978612348944, "pol3": 0.3604814426264402, "pol4": 0.18445129329425747, "v0s": 2.7534722974495924}, "datetime": {"datetime": "2022-04-29 14:12:00", "elapsed": 81633.188591, "delta": 8.662838}}
{"target": -1.0, "params": {"Bgrad": 1.7671906940524844, "d1": -0.44522828041904106, "d2": 0.924278773725606, "d3": -1.8911449795450999, "d4": -1.9321645886803345, "p1": 2.4841934359804583, "p2": 31.71220333540902, "p3": 11.11518382061103, "p4": 22.8023441215428, "pol1": 0.19511714663667346, "pol2": -0.27991557447590254, "pol3": -0.10782398062867027, "pol4": -0.9957128859145148, "v0s": 4.713641629692878}, "datetime": {"datetime": "2022-04-29 14:12:19", "elapsed": 81651.741982, "delta": 18.553391}}
{"target": 3.7984268826790624, "params": {"Bgrad": 1.1926384940030386, "d1": -0.39658156704171077, "d2": 0.8332181450661613, "d3": -2.0474993611713876, "d4": -1.8199562314977258, "p1": 4.106405970758248, "p2": 30.674547062082624, "p3": 12.660342169440247, "p4": 21.97734514029912, "pol1": -0.4426304795039311, "pol2": 0.8621452096961859, "pol3": -0.6480078860926803, "pol4": 0.781639431758874, "v0s": 3.7984268826790624}, "datetime": {"datetime": "2022-04-29 14:12:30", "elapsed": 81662.954003, "delta": 11.212021}}
{"target": 3.8021471101919238, "params": {"Bgrad": 1.2517102071146957, "d1": -0.9021822406238456, "d2": 0.9489809692410893, "d3": -2.1498550458925605, "d4": -0.9751736923389056, "p1": 41.12561063965641, "p2": 24.649123070138195, "p3": 43.786790217079016, "p4": 47.88206535375178, "pol1": -0.9047379865421299, "pol2": 0.1153434021445201, "pol3": 0.8239606801036066, "pol4": 0.32253177083200724, "v0s": 3.8021471101919238}, "datetime": {"datetime": "2022-04-29 14:12:47", "elapsed": 81679.652356, "delta": 16.698353}}
{"target": -1.0, "params": {"Bgrad": 1.3706120636902401, "d1": -1.1419687648073498, "d2": -0.1894321183021468, "d3": 0.7333011731134809, "d4": -0.3471168325630636, "p1": 6.721448659030138, "p2": 33.14345101847902, "p3": 24.32239145244756, "p4": 42.78871543447419, "pol1": 0.6718056437710629, "pol2": -0.9003771176734732, "pol3": -0.9873701009077283, "pol4": -0.051049873724223094, "v0s": 5.2633192939596185}, "datetime": {"datetime": "2022-04-29 14:13:06", "elapsed": 81698.536861, "delta": 18.884505}}
{"target": 2.7096302168360182, "params": {"Bgrad": 0.8916521406429572, "d1": -0.5816609379935946, "d2": -1.0210475969696917, "d3": -0.14716058407903532, "d4": -1.093287176729301, "p1": 46.865334357588004, "p2": 42.862731555623526, "p3": 7.150479478016436, "p4": 12.803943913755699, "pol1": -0.45938253805083806, "pol2": 0.3697132001455752, "pol3": 0.04472866348359883, "pol4": 0.7328033906178164, "v0s": 2.7096302168360182}, "datetime": {"datetime": "2022-04-29 14:13:21", "elapsed": 81714.162082, "delta": 15.625221}}
{"target": -1.0, "params": {"Bgrad": 0.5838510802128034, "d1": 0.2241794440192515, "d2": 0.4787845793069607, "d3": -0.9085843536070217, "d4": -1.0499095038021822, "p1": 41.78175764107227, "p2": 43.233177352293794, "p3": 31.599119971789136, "p4": 34.89797308801396, "pol1": 0.32364289912019095, "pol2": 0.064580127656652, "pol3": -0.5764467155525286, "pol4": 0.006303917094899747, "v0s": 4.645446845574446}, "datetime": {"datetime": "2022-04-29 14:13:33", "elapsed": 81726.325559, "delta": 12.163477}}
{"target": -1.0, "params": {"Bgrad": 1.4357511646824683, "d1": -0.7917447265426469, "d2": 0.5759164555822105, "d3": -1.6987033998560745, "d4": -1.9855753299833556, "p1": 27.39072393514734, "p2": 7.6381932323536015, "p3": 22.39899068896541, "p4": 30.130032300815795, "pol1": 0.5876276852264366, "pol2": 0.4885251842447935, "pol3": -0.5475021123649892, "pol4": -0.24692828007713707, "v0s": 2.091664268888128}, "datetime": {"datetime": "2022-04-29 14:13:51", "elapsed": 81743.893586, "delta": 17.568027}}
{"target": -1.0, "params": {"Bgrad": 0.612325744466364, "d1": -0.9205188141689176, "d2": 0.47756136702083785, "d3": -0.8697395546381386, "d4": 0.3377991989546274, "p1": 29.24981418136296, "p2": 46.643710197509144, "p3": 24.335912990033474, "p4": 26.6735662550074, "pol1": 0.6623355688710792, "pol2": -0.25613252908583983, "pol3": 0.09486927543848989, "pol4": -0.8589158039962881, "v0s": 4.15109906335766}, "datetime": {"datetime": "2022-04-29 14:14:06", "elapsed": 81758.931377, "delta": 15.037791}}
{"target": -1.0, "params": {"Bgrad": 1.0025235624503206, "d1": -1.413295397602964, "d2": -0.8851317144520121, "d3": -2.9887814059733118, "d4": -2.678207064078785, "p1": 38.461883757790396, "p2": 9.352348518642867, "p3": 9.527660044379632, "p4": 24.191114162396442, "pol1": -0.5917907281773227, "pol2": -0.6677278713676038, "pol3": 0.4391582764712709, "pol4": -0.8517407048015582, "v0s": 5.009209623483075}, "datetime": {"datetime": "2022-04-29 14:14:23", "elapsed": 81775.766365, "delta": 16.834988}}
{"target": 2.9902297766034978, "params": {"Bgrad": 0.6025245405455594, "d1": 0.8473004024897728, "d2": -0.40582193237589337, "d3": -2.032912834330994, "d4": -0.1746538913930138, "p1": 5.754490604614987, "p2": 19.374714941442512, "p3": 24.735804370110298, "p4": 45.49191688675689, "pol1": 0.5549952156614038, "pol2": 0.7895817418618571, "pol3": 0.9588769572654943, "pol4": 0.728642855390228, "v0s": 2.9902297766034978}, "datetime": {"datetime": "2022-04-29 14:14:37", "elapsed": 81789.65423, "delta": 13.887865}}
{"target": -1.0, "params": {"Bgrad": 0.7968342334023706, "d1": 0.650123018672633, "d2": -2.207539563967186, "d3": -2.9274726118114436, "d4": -1.2415028791599187, "p1": 1.7972070063832002, "p2": 29.54825247233648, "p3": 25.84026476069007, "p4": 22.37535631710763, "pol1": -0.04428920705394779, "pol2": 0.825100377476992, "pol3": 0.046801769728628484, "pol4": 0.8425428544123683, "v0s": 3.6048254442410474}, "datetime": {"datetime": "2022-04-29 14:14:51", "elapsed": 81804.376864, "delta": 14.722634}}
{"target": -1.0, "params": {"Bgrad": 1.194743784435032, "d1": -0.961690535264089, "d2": -0.9315736722926835, "d3": -1.4957913075709564, "d4": -0.9346289147150744, "p1": 16.540543017972333, "p2": 14.18984512436739, "p3": 29.45237558643898, "p4": 33.28593100148904, "pol1": -0.700818511092284, "pol2": -0.20814684295620323, "pol3": -0.6321452618036969, "pol4": -0.32825228463670664, "v0s": 4.827398549948738}, "datetime": {"datetime": "2022-04-29 14:15:17", "elapsed": 81830.279605, "delta": 25.902741}}
{"target": -1.0, "params": {"Bgrad": 1.486016261617547, "d1": 0.066544970347727, "d2": -0.9750715487531831, "d3": -2.069704939942006, "d4": -2.040300384676458, "p1": 30.252302998298525, "p2": 44.33882572697441, "p3": 24.214314385372802, "p4": 28.53492943224027, "pol1": -0.1537701024023126, "pol2": 0.5297135807245836, "pol3": -0.1935122702404506, "pol4": -0.786236670142701, "v0s": 4.351185062521326}, "datetime": {"datetime": "2022-04-29 14:15:43", "elapsed": 81856.354885, "delta": 26.07528}}
{"target": -1.0, "params": {"Bgrad": 1.2123542870622983, "d1": 0.5451104898422114, "d2": -0.5536976484594485, "d3": -2.675857685954585, "d4": -1.351392217784452, "p1": 5.270038446162467, "p2": 20.10677493230726, "p3": 23.58669861413813, "p4": 44.41551687036563, "pol1": 0.5352242984371276, "pol2": 0.9073568258635072, "pol3": 0.8832632994364411, "pol4": 0.5042711125620645, "v0s": 4.81355130540789}, "datetime": {"datetime": "2022-04-29 14:16:03", "elapsed": 81875.708138, "delta": 19.353253}}
{"target": 5.017428297084792, "params": {"Bgrad": 0.747631631800841, "d1": -1.9393870440951253, "d2": 0.28545811889502914, "d3": -1.0400486476784847, "d4": -0.08163593529592506, "p1": 5.968149986447852, "p2": 13.214506344675709, "p3": 34.06849685727911, "p4": 2.7480707780387137, "pol1": -0.3515079988429428, "pol2": 0.6477286747574402, "pol3": 0.5077894411679402, "pol4": 0.7210653084247838, "v0s": 5.017428297084792}, "datetime": {"datetime": "2022-04-29 14:16:13", "elapsed": 81885.656538, "delta": 9.9484}}
{"target": -1.0, "params": {"Bgrad": 1.8004010019924692, "d1": -0.6493038267294455, "d2": 0.4512434580052922, "d3": -2.2657265895406375, "d4": 0.5451334193103126, "p1": 24.137853485558537, "p2": 26.12133064245896, "p3": 12.923745938884151, "p4": 35.26152097083717, "pol1": -0.506391354970589, "pol2": -0.548601852002859, "pol3": 0.6129553390839106, "pol4": -0.6361971841388125, "v0s": 4.571775269443745}, "datetime": {"datetime": "2022-04-29 14:16:34", "elapsed": 81907.434308, "delta": 21.77777}}
{"target": -1.0, "params": {"Bgrad": 1.2948534184684508, "d1": -0.2904797353907167, "d2": -2.715027792555482, "d3": -2.249041848600463, "d4": -2.6284266056260592, "p1": 47.61751020919272, "p2": 45.53631368099285, "p3": 42.95493103207404, "p4": 46.29916630188695, "pol1": -0.19567121853699487, "pol2": -0.642278762048204, "pol3": 0.16491174099070793, "pol4": -0.9276811843019956, "v0s": 3.3183142578406275}, "datetime": {"datetime": "2022-04-29 14:16:48", "elapsed": 81920.558217, "delta": 13.123909}}
{"target": -1.0, "params": {"Bgrad": 1.5471475903445553, "d1": -2.4413728833930137, "d2": -2.0038537373828182, "d3": 0.17728549487446488, "d4": -1.4118753748970718, "p1": 8.773572262278906, "p2": 34.73222435748328, "p3": 1.2233097774743185, "p4": 26.281637248328927, "pol1": -0.23784202619683148, "pol2": 0.7765974911152977, "pol3": -0.8908330227025816, "pol4": -0.25694806791833735, "v0s": 5.311636847411248}, "datetime": {"datetime": "2022-04-29 14:17:12", "elapsed": 81944.580984, "delta": 24.022767}}
{"target": -1.0, "params": {"Bgrad": 1.8489188318200664, "d1": 0.27142833304611, "d2": 0.3790164914384926, "d3": -0.509886616219922, "d4": -0.2605275008773038, "p1": 12.018328405917844, "p2": 19.787161415363137, "p3": 8.981060325650493, "p4": 11.896093279651415, "pol1": -0.32510017749966913, "pol2": -0.3687667824747811, "pol3": -0.6153543811359734, "pol4": -0.08146149737123554, "v0s": 2.2017363957096165}, "datetime": {"datetime": "2022-04-29 14:17:38", "elapsed": 81970.916568, "delta": 26.335584}}
{"target": -1.0, "params": {"Bgrad": 0.6635557063726158, "d1": -1.4868267679179321, "d2": -2.0745193206700527, "d3": -0.22645309463660857, "d4": -0.49687262227819673, "p1": 34.12639410503765, "p2": 21.41245622523244, "p3": 13.434171720161276, "p4": 1.152604527542267, "pol1": -0.5650333591967669, "pol2": -0.9589118177220284, "pol3": 0.19151359427672676, "pol4": 0.19254499551197157, "v0s": 4.473884280343609}, "datetime": {"datetime": "2022-04-29 14:17:54", "elapsed": 81986.936733, "delta": 16.020165}}
{"target": 2.0743712484603054, "params": {"Bgrad": 0.9288655992191517, "d1": -1.226021221475691, "d2": -1.287626214966752, "d3": 0.027150421911177336, "d4": -0.7453087074374278, "p1": 31.011952186080894, "p2": 45.242447509382025, "p3": 23.726088693590214, "p4": 27.03493177214829, "pol1": -0.2735929520915361, "pol2": 0.7252555821366167, "pol3": 0.08333588858624896, "pol4": -0.09412841650205594, "v0s": 2.0743712484603054}, "datetime": {"datetime": "2022-04-29 14:18:08", "elapsed": 82000.593218, "delta": 13.656485}}
{"target": -1.0, "params": {"Bgrad": 1.4482170266956917, "d1": -0.19653332453550432, "d2": 0.4004118018192049, "d3": 0.8554818967097062, "d4": -1.2550145796420056, "p1": 40.786000822996336, "p2": 41.90655021713694, "p3": 32.2153934208405, "p4": 37.359900175675946, "pol1": 0.6779769079321825, "pol2": 0.5248495711131618, "pol3": -0.3231166288593812, "pol4": 0.8969792750590646, "v0s": 4.4360340102180835}, "datetime": {"datetime": "2022-04-29 14:18:28", "elapsed": 82021.348721, "delta": 20.755503}}
{"target": -1.0, "params": {"Bgrad": 1.3246740385679525, "d1": -1.4200442710813244, "d2": -0.8272906723850095, "d3": -1.5249680918273674, "d4": -0.7665259085828211, "p1": 14.422981939248041, "p2": 37.796821324639154, "p3": 18.02823695339767, "p4": 6.717301249138768, "pol1": -0.3363862517001839, "pol2": -0.2639102054410425, "pol3": -0.2192992092348034, "pol4": -0.43901622008895935, "v0s": 5.445985805717989}, "datetime": {"datetime": "2022-04-29 14:18:50", "elapsed": 82042.753489, "delta": 21.404768}}
{"target": -1.0, "params": {"Bgrad": 0.8813314057545454, "d1": -1.5144626725064727, "d2": -2.5511735767266273, "d3": 0.1418934794120168, "d4": -0.8703175793785674, "p1": 40.7706728297982, "p2": 12.45745314390459, "p3": 17.226948393599535, "p4": 19.13907144952458, "pol1": 0.23566161759655868, "pol2": 0.7610407574096212, "pol3": 0.1185109963818416, "pol4": -0.9331912964006319, "v0s": 4.726416569596772}, "datetime": {"datetime": "2022-04-29 14:19:05", "elapsed": 82058.09447, "delta": 15.340981}}
{"target": -1.0, "params": {"Bgrad": 1.4924977835667355, "d1": -0.5813105103119569, "d2": 0.4798545115678139, "d3": -0.6357701855329405, "d4": -2.7208553526007884, "p1": 43.551347579090624, "p2": 42.49598489647234, "p3": 31.724873245238587, "p4": 36.35115857927694, "pol1": -0.7276251143143657, "pol2": -0.08464545348592711, "pol3": 0.5579384377434149, "pol4": 0.6863766456310314, "v0s": 5.11528427748004}, "datetime": {"datetime": "2022-04-29 14:19:28", "elapsed": 82081.486923, "delta": 23.392453}}
{"target": -1.0, "params": {"Bgrad": 1.1248630398630888, "d1": -1.4948233669487938, "d2": 0.8957074433672316, "d3": -1.4400118358985572, "d4": -2.7988311955739977, "p1": 4.110007950633249, "p2": 45.44581395986546, "p3": 46.353592316499835, "p4": 37.715660538299225, "pol1": 0.6915484201530984, "pol2": -0.8549855823197674, "pol3": 0.019748455148384414, "pol4": -0.041867243844385005, "v0s": 4.235934524559407}, "datetime": {"datetime": "2022-04-29 14:19:45", "elapsed": 82098.150369, "delta": 16.663446}}
{"target": -1.0, "params": {"Bgrad": 1.4947785334984143, "d1": -2.1321817113261288, "d2": -2.8983348412948606, "d3": -1.113626325052071, "d4": -1.5338183822408982, "p1": 16.173401674513727, "p2": 43.448519612889896, "p3": 15.061545162257195, "p4": 12.23170695872105, "pol1": 0.26654592341703287, "pol2": 0.752815681874552, "pol3": 0.4586540669028303, "pol4": -0.8496514460230444, "v0s": 2.595827356984154}, "datetime": {"datetime": "2022-04-29 14:19:59", "elapsed": 82111.863701, "delta": 13.713332}}
{"target": -1.0, "params": {"Bgrad": 1.4445927106450074, "d1": 0.6195160271917226, "d2": -0.46384921585211414, "d3": 0.40248291087819243, "d4": -2.340242503602155, "p1": 41.063755686764594, "p2": 43.114344119843615, "p3": 31.10207888305925, "p4": 34.19401318861722, "pol1": -0.3173766314866331, "pol2": -0.8435908991720018, "pol3": 0.603405242586806, "pol4": 0.7438756907647732, "v0s": 4.291083390941178}, "datetime": {"datetime": "2022-04-29 14:20:19", "elapsed": 82131.905113, "delta": 20.041412}}
{"target": -1.0, "params": {"Bgrad": 1.5796601033428925, "d1": -2.602805627982198, "d2": -2.8598780143028733, "d3": 0.7048181315765216, "d4": -0.13965716837815023, "p1": 2.7937856302277018, "p2": 41.269850818919835, "p3": 20.391896822357136, "p4": 15.692657778750618, "pol1": 0.8643607152361856, "pol2": 0.9907964162720158, "pol3": 0.4241852670587787, "pol4": 0.3815543955740237, "v0s": 3.1080747351548057}, "datetime": {"datetime": "2022-04-29 14:20:46", "elapsed": 82159.43251, "delta": 27.527397}}
{"target": 3.7242089485459253, "params": {"Bgrad": 1.436909993718406, "d1": -0.21415594057995552, "d2": -0.49011251486875346, "d3": -2.0197272606001033, "d4": -2.3279571000546886, "p1": 8.28118373882769, "p2": 37.304657445823736, "p3": 32.22108152828489, "p4": 6.745894793750382, "pol1": -0.6814228674384892, "pol2": 0.7197787392628532, "pol3": -0.6248916359854042, "pol4": 0.6224068998788415, "v0s": 3.7242089485459253}, "datetime": {"datetime": "2022-04-29 14:20:58", "elapsed": 82170.685422, "delta": 11.252912}}
{"target": -1.0, "params": {"Bgrad": 1.4933154152381711, "d1": -1.091697367080513, "d2": -0.010333192287133475, "d3": -1.8554690355110082, "d4": -0.1979337794260254, "p1": 45.193262790704516, "p2": 38.130762891883805, "p3": 19.11432076633893, "p4": 27.520508722515608, "pol1": 0.266295938001905, "pol2": 0.5831277639057899, "pol3": 0.3724301044360432, "pol4": 0.4395350494564887, "v0s": 4.03817407320323}, "datetime": {"datetime": "2022-04-29 14:21:13", "elapsed": 82186.174009, "delta": 15.488587}}
{"target": 4.325447102985767, "params": {"Bgrad": 0.9998112016424423, "d1": -2.154762338709219, "d2": -0.07795363343753925, "d3": -1.803795367666007, "d4": -2.497611389736219, "p1": 23.048582997348415, "p2": 25.86119046212153, "p3": 14.091107225520005, "p4": 36.29506235517654, "pol1": 0.4639043594178731, "pol2": 0.9035507618865042, "pol3": 0.6391215617885841, "pol4": 0.8410603029598203, "v0s": 4.325447102985767}, "datetime": {"datetime": "2022-04-29 14:21:22", "elapsed": 82195.011379, "delta": 8.83737}}
{"target": 4.505764097516934, "params": {"Bgrad": 1.2353015315927234, "d1": -2.3547336069122267, "d2": -0.03488231256474883, "d3": -1.600588549920162, "d4": 0.15485444063726028, "p1": 29.28595246864986, "p2": 45.60794699708598, "p3": 25.55636011830601, "p4": 28.018669228058695, "pol1": -0.35702830026337096, "pol2": -0.5543566363822428, "pol3": 0.1536738110117759, "pol4": 0.024601849203613746, "v0s": 4.505764097516934}, "datetime": {"datetime": "2022-04-29 14:21:33", "elapsed": 82205.979053, "delta": 10.967674}}
{"target": 4.599450740081924, "params": {"Bgrad": 1.3084156128882856, "d1": -1.7107545699066384, "d2": 0.14943384603791499, "d3": -1.470953106568461, "d4": -1.3062105501480343, "p1": 4.942210277602022, "p2": 13.768641894965949, "p3": 36.24272184187505, "p4": 2.652510207953501, "pol1": -0.5547664393487917, "pol2": 0.3345776209215874, "pol3": 0.24150452560393343, "pol4": 0.9748717571154017, "v0s": 4.599450740081924}, "datetime": {"datetime": "2022-04-29 14:21:45", "elapsed": 82217.760552, "delta": 11.781499}}
{"target": -1.0, "params": {"Bgrad": 0.7709066288642407, "d1": -2.379915221382446, "d2": -0.7707335045305443, "d3": 0.16475341461001136, "d4": -1.4138806206017511, "p1": 9.296680020510252, "p2": 26.040900469754785, "p3": 46.29330852125109, "p4": 21.24110210346321, "pol1": 0.30780339101918885, "pol2": 0.3419592867160226, "pol3": 0.1436067391824516, "pol4": -0.3159712463758193, "v0s": 3.336824270659971}, "datetime": {"datetime": "2022-04-29 14:22:01", "elapsed": 82234.166685, "delta": 16.406133}}
{"target": -1.0, "params": {"Bgrad": 0.9469087079961387, "d1": -0.624845332314448, "d2": 0.1510819466503781, "d3": -0.8068610544832575, "d4": 0.18545844454924776, "p1": 29.622153455212207, "p2": 45.62764020592927, "p3": 25.5696720317573, "p4": 28.82358530158045, "pol1": 0.42871899046029527, "pol2": 0.9318385428402265, "pol3": -0.9023695367768991, "pol4": -0.843903812294637, "v0s": 4.9835359196556155}, "datetime": {"datetime": "2022-04-29 14:22:15", "elapsed": 82248.371703, "delta": 14.205018}}
{"target": -1.0, "params": {"Bgrad": 1.2054380502658875, "d1": -1.7490613036881117, "d2": 0.10979791411575482, "d3": -1.5834074553090574, "d4": -0.8187230410982801, "p1": 28.851766477136632, "p2": 40.982476442356635, "p3": 29.20239115961948, "p4": 20.325548382736734, "pol1": -0.6374037411295809, "pol2": 0.2358782676993443, "pol3": 0.7233555148661328, "pol4": -0.6706955304424934, "v0s": 4.798063233903273}, "datetime": {"datetime": "2022-04-29 14:22:33", "elapsed": 82265.584679, "delta": 17.212976}}
{"target": -1.0, "params": {"Bgrad": 1.0067874053463748, "d1": -0.1305555664800866, "d2": -0.4928557261808093, "d3": 0.5079787145413026, "d4": 0.9380644900535611, "p1": 6.030753962674684, "p2": 13.374522967604745, "p3": 34.445156113826705, "p4": 0.7335837620418229, "pol1": -0.9950715636432421, "pol2": 0.9890291462381982, "pol3": 0.5596326126083171, "pol4": 0.4910060703163106, "v0s": 5.709449862469325}, "datetime": {"datetime": "2022-04-29 14:22:50", "elapsed": 82283.181628, "delta": 17.596949}}
{"target": -1.0, "params": {"Bgrad": 0.7951017241973533, "d1": -1.8665539520483407, "d2": -0.09079954177070615, "d3": 0.06241660048138753, "d4": -2.8389287569375936, "p1": 27.85285520828573, "p2": 30.241909369829212, "p3": 6.940316303813232, "p4": 9.33100870714637, "pol1": 0.1950029944596059, "pol2": -0.07209494666555472, "pol3": -0.590363928095577, "pol4": -0.20314559413305044, "v0s": 5.033017419776537}, "datetime": {"datetime": "2022-04-29 14:23:08", "elapsed": 82300.86335, "delta": 17.681722}}
{"target": -1.0, "params": {"Bgrad": 1.1362536078940089, "d1": -1.1361020862702658, "d2": 0.8110165884422567, "d3": 0.5721908602301693, "d4": -1.1142075387438566, "p1": 42.102688143001295, "p2": 14.898153847873164, "p3": 2.604418821343085, "p4": 34.13264507101047, "pol1": 0.5025897391136731, "pol2": 0.018505096765997875, "pol3": 0.9324386438640055, "pol4": -0.9145815306271243, "v0s": 2.3254058444086585}, "datetime": {"datetime": "2022-04-29 14:23:27", "elapsed": 82320.20663, "delta": 19.34328}}
