{"target": 3.225907705053302, "params": {"Bgrad": 1.2476795780941903, "d1": -0.5046498803880081, "d2": -0.1294543440701588, "d3": -1.3213018747425562, "d4": -2.6717701706172323, "p1": 9.912999925209975, "p2": 17.413785890625082, "p3": 7.014672151855054, "p4": 30.413887714907148, "pol1": 0.02782855301551345, "pol2": 0.562311469354333, "pol3": -0.7716820175293507, "pol4": 0.14747540934687797, "v0s": 3.225907705053302}, "datetime": {"datetime": "2022-05-16 20:35:17", "elapsed": 3133.07881, "delta": 5.110333}}
{"target": -1.0, "params": {"Bgrad": 0.9306254905800276, "d1": -2.738216969086321, "d2": 0.9347519892447611, "d3": -0.13395759854312095, "d4": 0.23652562888923656, "p1": 13.912498424668323, "p2": 22.47386518648587, "p3": 46.807531984398985, "p4": 29.120304181941766, "pol1": 0.2772041388723179, "pol2": 0.4629161272643838, "pol3": 0.16695084008385064, "pol4": 0.9406765978770684, "v0s": 3.8083270854040503}, "datetime": {"datetime": "2022-05-16 20:35:29", "elapsed": 3144.592016, "delta": 11.513206}}
{"target": -1.0, "params": {"Bgrad": 1.7957368840011212, "d1": 0.48944825989019547, "d2": 0.637002259367935, "d3": -0.8534205850758836, "d4": -0.8179892521712802, "p1": 45.37422024142792, "p2": 17.44562666593031, "p3": 26.32989609211703, "p4": 14.252254379824336, "pol1": 0.6988584150312116, "pol2": 0.417779011082974, "pol3": 0.883926921876548, "pol4": -0.6259619698483669, "v0s": 4.563783239966828}, "datetime": {"datetime": "2022-05-16 20:35:39", "elapsed": 3154.330968, "delta": 9.738952}}
{"target": 5.1639960603595245, "params": {"Bgrad": 0.7885426598176354, "d1": -2.0150129150369622, "d2": 0.9470487803715567, "d3": -0.614866514708768, "d4": -2.087645528417928, "p1": 46.03972047520326, "p2": 25.289199134007728, "p3": 22.32624567185094, "p4": 29.911902118391236, "pol1": -0.21425667939264617, "pol2": -0.19319168683746155, "pol3": -0.17929167129072784, "pol4": -0.2780968695713028, "v0s": 5.1639960603595245}, "datetime": {"datetime": "2022-05-16 20:35:44", "elapsed": 3160.194288, "delta": 5.86332}}
{"target": 2.8637558418634246, "params": {"Bgrad": 0.829865910475967, "d1": -2.734005809857575, "d2": -1.0233595978370502, "d3": -1.814278139619471, "d4": -2.9127970091389717, "p1": 5.359394766402314, "p2": 36.161559572289306, "p3": 36.640808910411515, "p4": 34.95456216128522, "pol1": -0.5274407826372549, "pol2": -0.4272326462818721, "pol3": -0.9868165794420896, "pol4": 0.32131224030946703, "v0s": 2.8637558418634246}, "datetime": {"datetime": "2022-05-16 20:35:48", "elapsed": 3164.091861, "delta": 3.897573}}
{"target": 5.033998626460766, "params": {"Bgrad": 0.8309005990792094, "d1": -2.2002854224758357, "d2": 0.736850296208445, "d3": -2.506681460951726, "d4": -1.5480213909359897, "p1": 6.36320579236999, "p2": 34.623688896869915, "p3": 37.526594855051826, "p4": 34.4547597013966, "pol1": -0.2795112460329218, "pol2": -0.19478087349760578, "pol3": 0.0200787122322317, "pol4": -0.20472066137718364, "v0s": 5.033998626460766}, "datetime": {"datetime": "2022-05-16 20:35:53", "elapsed": 3168.244754, "delta": 4.152893}}
{"target": 3.7069148839575017, "params": {"Bgrad": 1.1505689770093799, "d1": -3.0, "d2": -2.8610354231549895, "d3": -2.6512277055064204, "d4": -3.0, "p1": 4.33528419943481, "p2": 11.88563153816432, "p3": 36.587899796792904, "p4": 28.40144709868594, "pol1": -1.0, "pol2": -0.9055189884288346, "pol3": 0.944165070155762, "pol4": 0.1191434344846732, "v0s": 3.7069148839575017}, "datetime": {"datetime": "2022-05-16 20:36:00", "elapsed": 3175.535254, "delta": 7.2905}}
{"target": 4.434080225093089, "params": {"Bgrad": 0.5007538759243148, "d1": -0.9872439832843989, "d2": 1.0, "d3": -3.0, "d4": -3.0, "p1": 30.240081480959365, "p2": 11.483780758582842, "p3": 38.19533787169598, "p4": 28.09058783553118, "pol1": 1.0, "pol2": -1.0, "pol3": -1.0, "pol4": -0.4364391191173842, "v0s": 4.434080225093089}, "datetime": {"datetime": "2022-05-16 20:36:04", "elapsed": 3179.645262, "delta": 4.110008}}
{"target": 4.038528327637402, "params": {"Bgrad": 0.7258279810129104, "d1": -1.854940712081238, "d2": 0.8376622507177447, "d3": -2.8846228430141188, "d4": -1.293653759084109, "p1": 31.053581285146226, "p2": 11.46503852335237, "p3": 37.37809155033503, "p4": 28.88245429320413, "pol1": -0.30486909786154404, "pol2": 0.27070011620016315, "pol3": -0.3722970834855799, "pol4": -0.7358301249368417, "v0s": 4.038528327637402}, "datetime": {"datetime": "2022-05-16 20:36:08", "elapsed": 3183.529872, "delta": 3.88461}}
{"target": 3.6218453486535394, "params": {"Bgrad": 1.4802070539661516, "d1": -1.7190422773689698, "d2": -3.0, "d3": -2.4532615120758963, "d4": -2.3802386865636618, "p1": 24.612665914368954, "p2": 30.655990782923716, "p3": 43.83713995679521, "p4": 46.356854681472846, "pol1": -0.4011883615810599, "pol2": 0.40940938406877514, "pol3": -0.3012690393751226, "pol4": -0.24111892717505498, "v0s": 3.6218453486535394}, "datetime": {"datetime": "2022-05-16 20:36:15", "elapsed": 3190.501226, "delta": 6.971354}}
{"target": -1.0, "params": {"Bgrad": 1.3455448787532553, "d1": -1.3677018814950181, "d2": -0.37253632078072885, "d3": -1.4509752624914891, "d4": 0.8594818997801852, "p1": 17.108371406488814, "p2": 28.233116968202676, "p3": 47.72511314853118, "p4": 33.4352417098606, "pol1": -0.6415507573780055, "pol2": -0.4381145778252422, "pol3": -0.5985657391242953, "pol4": -0.26956619626250733, "v0s": 3.8991168447869216}, "datetime": {"datetime": "2022-05-16 20:36:25", "elapsed": 3200.885452, "delta": 10.384226}}
{"target": 4.681479548669782, "params": {"Bgrad": 0.9868443365986331, "d1": -2.2402914082163385, "d2": 0.4725569137033638, "d3": -2.318181825481932, "d4": -1.9284589402459615, "p1": 7.506897395566427, "p2": 34.97702328680731, "p3": 38.01486999647599, "p4": 33.96304258703116, "pol1": -0.605212341159216, "pol2": -0.2573135920096727, "pol3": 0.0176462369958715, "pol4": -0.10199844906832871, "v0s": 4.681479548669782}, "datetime": {"datetime": "2022-05-16 20:36:32", "elapsed": 3207.512727, "delta": 6.627275}}
{"target": -1.0, "params": {"Bgrad": 0.5349117862876414, "d1": -1.6375318931783527, "d2": 0.22685311133483, "d3": 0.1327269961476687, "d4": -0.9369050284297789, "p1": 39.12322255088891, "p2": 19.51028421442932, "p3": 18.226978640067827, "p4": 17.86213786849178, "pol1": -0.11101484220652291, "pol2": -0.6407519167848839, "pol3": 0.6980683291820413, "pol4": -0.9139145108538578, "v0s": 5.355844136425356}, "datetime": {"datetime": "2022-05-16 20:36:39", "elapsed": 3214.762338, "delta": 7.249611}}
{"target": -1.0, "params": {"Bgrad": 1.8063813368444042, "d1": -2.0989696277632497, "d2": -1.414633667424369, "d3": -0.7258896532840544, "d4": -1.7607546140872428, "p1": 47.39769474603698, "p2": 17.9754568967468, "p3": 25.726298100533953, "p4": 13.360979287997315, "pol1": 0.527287363688258, "pol2": -0.4228916004265886, "pol3": 0.48133672112293424, "pol4": 0.06059140864947454, "v0s": 3.9736665393783968}, "datetime": {"datetime": "2022-05-16 20:36:51", "elapsed": 3226.535847, "delta": 11.773509}}
{"target": 5.5095787383895205, "params": {"Bgrad": 0.543348520849044, "d1": -2.7563197636453465, "d2": 1.0, "d3": -0.4821636860614938, "d4": -2.0731558339764566, "p1": 46.035735969334894, "p2": 24.383361779951265, "p3": 21.973505164199693, "p4": 28.663365846174358, "pol1": -0.1441067086410072, "pol2": -0.5057597100725298, "pol3": -0.4982004073430003, "pol4": -0.2742124455738286, "v0s": 5.5095787383895205}, "datetime": {"datetime": "2022-05-16 20:36:56", "elapsed": 3232.107943, "delta": 5.572096}}
{"target": 5.144918758311167, "params": {"Bgrad": 0.7504947483956579, "d1": -2.0968998754458563, "d2": 0.7739600431448552, "d3": -2.6159733286640194, "d4": -1.385996895200196, "p1": 6.833835265265517, "p2": 34.411960283434546, "p3": 38.67933889381814, "p4": 33.607509388266486, "pol1": -0.33599658076045164, "pol2": 0.05606143656462451, "pol3": 0.1292538287401267, "pol4": -0.31301920663865, "v0s": 5.144918758311167}, "datetime": {"datetime": "2022-05-16 20:37:02", "elapsed": 3237.264153, "delta": 5.15621}}
{"target": -1.0, "params": {"Bgrad": 0.8387468373636057, "d1": -2.178622453032316, "d2": -2.2163104274018552, "d3": -2.34098229895526, "d4": -1.1538643077995627, "p1": 38.91947449986985, "p2": 35.171082453342514, "p3": 17.15338477968133, "p4": 23.252020215534476, "pol1": 0.29326995818744567, "pol2": 0.5508913503697203, "pol3": -0.46095408871904914, "pol4": -0.5580303078095494, "v0s": 3.206166784599238}, "datetime": {"datetime": "2022-05-16 20:37:11", "elapsed": 3246.524385, "delta": 9.260232}}
{"target": 3.1433688456059725, "params": {"Bgrad": 0.778179848817188, "d1": -2.819621297181847, "d2": 0.5212972789353305, "d3": -1.526119519679341, "d4": -0.2777263999884272, "p1": 0.6253217589798354, "p2": 31.507106654848382, "p3": 16.048431293621274, "p4": 12.801940844070913, "pol1": 0.22126633163398712, "pol2": 0.05049304274808719, "pol3": -0.5943933361057057, "pol4": 0.06681635606629266, "v0s": 3.1433688456059725}, "datetime": {"datetime": "2022-05-16 20:37:14", "elapsed": 3249.834531, "delta": 3.310146}}
{"target": -1.0, "params": {"Bgrad": 0.9086834363534816, "d1": -1.824912304025625, "d2": -1.6579871874887062, "d3": -2.7672973001101497, "d4": -1.2868430379383322, "p1": 29.693454937118517, "p2": 25.101786434135402, "p3": 6.228071276714448, "p4": 44.10193313399559, "pol1": 0.938981775062832, "pol2": 0.6280164478955805, "pol3": -0.452033968694294, "pol4": -0.2674346909601566, "v0s": 4.196594825219527}, "datetime": {"datetime": "2022-05-16 20:37:26", "elapsed": 3261.655914, "delta": 11.821383}}
{"target": -1.0, "params": {"Bgrad": 1.6489312391529156, "d1": -2.097599127311124, "d2": 0.8220717254472105, "d3": -1.548878085351575, "d4": -2.9352910641309373, "p1": 45.50163230901442, "p2": 25.653354420910258, "p3": 22.165809454273642, "p4": 31.831174729711908, "pol1": 0.6125869007909641, "pol2": -0.9779124088314042, "pol3": 0.9582457590992741, "pol4": 0.6905094494541408, "v0s": 5.897474078102097}, "datetime": {"datetime": "2022-05-16 20:37:39", "elapsed": 3274.734932, "delta": 13.079018}}
{"target": 3.626491275309283, "params": {"Bgrad": 1.0192744512815264, "d1": 0.23598943190335359, "d2": 0.3005781100754289, "d3": -0.8691200651561363, "d4": -0.4370129448126439, "p1": 15.78785095088158, "p2": 6.536737705207201, "p3": 6.878984960911516, "p4": 36.01377681496123, "pol1": 0.9079374205081098, "pol2": -1.0, "pol3": -0.6136803610593753, "pol4": 0.6526817284617408, "v0s": 3.626491275309283}, "datetime": {"datetime": "2022-05-16 20:37:45", "elapsed": 3281.098911, "delta": 6.363979}}
{"target": 4.164998769192454, "params": {"Bgrad": 0.7311186252747398, "d1": -3.0, "d2": -2.517276884632101, "d3": -2.8720748129872193, "d4": -3.0, "p1": 5.070372190574949, "p2": 11.113974745681244, "p3": 36.347413050728214, "p4": 28.578420730729444, "pol1": -1.0, "pol2": -0.2791670878822799, "pol3": 0.42287746792097347, "pol4": 0.5846999124897003, "v0s": 4.164998769192454}, "datetime": {"datetime": "2022-05-16 20:37:50", "elapsed": 3285.643755, "delta": 4.544844}}
{"target": 4.6743056688862445, "params": {"Bgrad": 0.7825861136437673, "d1": -1.0983064859436165, "d2": 0.9198890050943582, "d3": -2.1390107876302458, "d4": -2.8445183949410593, "p1": 47.10722935795015, "p2": 18.668572556893352, "p3": 25.73736807005813, "p4": 11.580047993623948, "pol1": 0.7428383756221495, "pol2": -0.44867758639787203, "pol3": 0.9230971011418636, "pol4": 0.7508922204636539, "v0s": 4.6743056688862445}, "datetime": {"datetime": "2022-05-16 20:37:56", "elapsed": 3291.409335, "delta": 5.76558}}
{"target": -1.0, "params": {"Bgrad": 1.9869381265568462, "d1": -1.7250669485934789, "d2": -0.9876891421467944, "d3": -2.7982261380024456, "d4": -0.8453840530637478, "p1": 4.9134144661556025, "p2": 35.24684297024258, "p3": 33.38934959508423, "p4": 34.75682583666291, "pol1": -0.6611512826141848, "pol2": -0.3094388210324981, "pol3": 0.282715602758699, "pol4": 0.6257311648140749, "v0s": 5.268735020115507}, "datetime": {"datetime": "2022-05-16 20:38:07", "elapsed": 3303.036237, "delta": 11.626902}}
{"target": 3.452637646336919, "params": {"Bgrad": 1.1549616991949143, "d1": -0.3552487109205245, "d2": -0.5551341265020492, "d3": -1.0432347200062742, "d4": -2.195894474125762, "p1": 20.682615459474516, "p2": 6.299652087950967, "p3": 46.854596068508876, "p4": 39.14795713900584, "pol1": -0.18329584567920956, "pol2": 0.035295720150695944, "pol3": -0.4843361716885542, "pol4": -0.29378210118983344, "v0s": 3.452637646336919}, "datetime": {"datetime": "2022-05-16 20:38:14", "elapsed": 3309.319432, "delta": 6.283195}}
{"target": 4.5349483880594725, "params": {"Bgrad": 0.9220824619242698, "d1": -1.559317233910098, "d2": -0.3402588521989083, "d3": -1.7029541667829735, "d4": -3.0, "p1": 5.749055340272022, "p2": 23.52148798328876, "p3": 1.756231877259993, "p4": 31.655001864779397, "pol1": -0.21548083317329872, "pol2": -0.5179120795300065, "pol3": -0.6975783478386933, "pol4": -0.7258545030467112, "v0s": 4.5349483880594725}, "datetime": {"datetime": "2022-05-16 20:38:19", "elapsed": 3315.089998, "delta": 5.770566}}
{"target": -1.0, "params": {"Bgrad": 1.1565620797666032, "d1": 0.22449460411911382, "d2": -0.05532794050018852, "d3": 0.6961927836133044, "d4": 0.6385217657817264, "p1": 46.46459063275291, "p2": 23.978066701495543, "p3": 21.56692542940742, "p4": 29.32184369377825, "pol1": 0.7783241430583974, "pol2": -0.3945166663140136, "pol3": -0.3319615135961007, "pol4": -0.5151215536709666, "v0s": 5.1731781310853915}, "datetime": {"datetime": "2022-05-16 20:38:28", "elapsed": 3324.057014, "delta": 8.967016}}
{"target": 3.8414870096922153, "params": {"Bgrad": 0.5835986415528749, "d1": -0.9542928391103782, "d2": 1.0, "d3": -3.0, "d4": -2.1711540928241493, "p1": 30.942377268888134, "p2": 11.19439525078288, "p3": 37.86039776693089, "p4": 28.14776493972972, "pol1": 0.3835489411218593, "pol2": -0.28650411909251705, "pol3": -0.9666826393907139, "pol4": -0.7971420623283819, "v0s": 3.8414870096922153}, "datetime": {"datetime": "2022-05-16 20:38:33", "elapsed": 3328.374467, "delta": 4.317453}}
{"target": -1.0, "params": {"Bgrad": 1.3480743892788363, "d1": -1.3164825031867693, "d2": -0.9804975719096105, "d3": -1.988293640237229, "d4": 0.16971828320834037, "p1": 9.559667588067228, "p2": 33.97669886171022, "p3": 38.513607220415565, "p4": 33.95993600972204, "pol1": 0.7730715994242319, "pol2": 0.15431532535114245, "pol3": -0.3914848794884387, "pol4": 0.8441180788167943, "v0s": 4.623548189781092}, "datetime": {"datetime": "2022-05-16 20:38:44", "elapsed": 3339.687209, "delta": 11.312742}}
{"target": 4.131159456211218, "params": {"Bgrad": 1.692406547750498, "d1": -2.0506566367597294, "d2": 0.46539479267921235, "d3": -1.7187723871992517, "d4": -0.8863047449156638, "p1": 37.85389422545392, "p2": 21.979896554671996, "p3": 18.548255938650815, "p4": 17.899794795735346, "pol1": 0.8536879030137676, "pol2": -0.16025354664557945, "pol3": -0.3991461633034914, "pol4": 0.31273355465853747, "v0s": 4.131159456211218}, "datetime": {"datetime": "2022-05-16 20:38:50", "elapsed": 3345.627323, "delta": 5.940114}}
{"target": 4.470981100299381, "params": {"Bgrad": 1.5474753721514, "d1": -2.0565871068332995, "d2": 0.3109306789101122, "d3": -0.8866289047410781, "d4": -1.9721874111366768, "p1": 39.13196533539077, "p2": 21.977069897624556, "p3": 18.345879637835377, "p4": 17.12128632577842, "pol1": 0.9152588387731154, "pol2": -0.5859237988006439, "pol3": 0.4580510757415168, "pol4": -0.07060619568965501, "v0s": 4.470981100299381}, "datetime": {"datetime": "2022-05-16 20:38:56", "elapsed": 3351.956394, "delta": 6.329071}}
{"target": 4.338885684452713, "params": {"Bgrad": 1.664904059260228, "d1": -0.8401320554962338, "d2": 1.0, "d3": -3.0, "d4": -2.9995666000828076, "p1": 30.636290098494108, "p2": 11.397912074555077, "p3": 38.13755196555479, "p4": 27.96017248667567, "pol1": 0.999881825236364, "pol2": -0.11839848701324447, "pol3": -0.5921950289495631, "pol4": -0.22071739766330262, "v0s": 4.338885684452713}, "datetime": {"datetime": "2022-05-16 20:39:05", "elapsed": 3360.359918, "delta": 8.403524}}
{"target": -1.0, "params": {"Bgrad": 1.8539397908530078, "d1": -2.877152002033918, "d2": -2.15948023156351, "d3": -2.2747711011862264, "d4": 0.6952062237368506, "p1": 6.974900144960817, "p2": 35.24860574093224, "p3": 37.54228417283703, "p4": 34.00230829640576, "pol1": 0.6372840818168435, "pol2": -0.5676183060856315, "pol3": 0.02800231756829774, "pol4": -0.42234970097534874, "v0s": 3.889688144960645}, "datetime": {"datetime": "2022-05-16 20:39:18", "elapsed": 3374.066258, "delta": 13.70634}}
{"target": -1.0, "params": {"Bgrad": 1.4854968956471146, "d1": 0.5996636194113778, "d2": -1.323346891552232, "d3": -2.7137465508730196, "d4": -1.388412913350622, "p1": 10.818320621702798, "p2": 5.666962724197777, "p3": 8.594417066633603, "p4": 37.87558133089708, "pol1": 0.7334747889255719, "pol2": -0.8098156241149841, "pol3": -0.5839157244833801, "pol4": -0.9988251059877422, "v0s": 3.4937085149473788}, "datetime": {"datetime": "2022-05-16 20:40:18", "elapsed": 3433.774561, "delta": 59.708303}}
{"target": 2.1942977421664187, "params": {"Bgrad": 0.9378450280712481, "d1": -2.5049115943818814, "d2": -3.0, "d3": -2.4196489382339856, "d4": -1.3143994766363802, "p1": 36.19044572928461, "p2": 36.14296074400765, "p3": 18.845149035909177, "p4": 22.85597032177073, "pol1": 0.8214125363697053, "pol2": 0.711608797570304, "pol3": -0.3579744217222929, "pol4": -0.7862980020807119, "v0s": 2.1942977421664187}, "datetime": {"datetime": "2022-05-16 20:40:25", "elapsed": 3440.671115, "delta": 6.896554}}
{"target": 3.8916052416934135, "params": {"Bgrad": 1.7110436434169394, "d1": -2.030423590838142, "d2": -1.2937594390726361, "d3": -1.0856463777314724, "d4": -2.673545042889085, "p1": 42.660883043624544, "p2": 18.741101951029876, "p3": 23.796134929682562, "p4": 13.155103235732046, "pol1": 0.8841711923496953, "pol2": 0.33382918640278625, "pol3": 0.975997565530869, "pol4": -0.21040755332413652, "v0s": 3.8916052416934135}, "datetime": {"datetime": "2022-05-16 20:40:31", "elapsed": 3447.154774, "delta": 6.483659}}
{"target": 4.848664130069176, "params": {"Bgrad": 0.6949584952068426, "d1": -3.0, "d2": 1.0, "d3": -0.6401808043310679, "d4": -1.895729070346072, "p1": 45.54131361019136, "p2": 24.835379595198052, "p3": 22.024905282625237, "p4": 28.534643402974908, "pol1": -0.3899852274510634, "pol2": 0.15023816115805988, "pol3": -0.30545982274684635, "pol4": -0.5650815846205116, "v0s": 4.848664130069176}, "datetime": {"datetime": "2022-05-16 20:40:36", "elapsed": 3451.327614, "delta": 4.17284}}
{"target": 3.3953793510843617, "params": {"Bgrad": 1.3530384847795875, "d1": -1.1050378824840994, "d2": -0.9508708869100017, "d3": -1.3809318568836133, "d4": -2.756893923768172, "p1": 44.34354306103775, "p2": 18.84455820318082, "p3": 24.543870605336842, "p4": 13.114900468291438, "pol1": 0.9311860433114201, "pol2": 0.059359836506973865, "pol3": 0.4555098437282873, "pol4": 0.1268234090439138, "v0s": 3.3953793510843617}, "datetime": {"datetime": "2022-05-16 20:40:42", "elapsed": 3457.760409, "delta": 6.432795}}
{"target": -1.0, "params": {"Bgrad": 0.7024278438921812, "d1": -0.4804725732456294, "d2": -0.568749656050139, "d3": -0.2600332380953878, "d4": -1.7136576790982558, "p1": 21.584824962005015, "p2": 8.178517779320988, "p3": 45.039575107478285, "p4": 38.02396278064094, "pol1": -0.31589861694761034, "pol2": 0.6457480037464995, "pol3": -0.24352660962963468, "pol4": 0.44930536416641265, "v0s": 4.119611255005253}, "datetime": {"datetime": "2022-05-16 20:40:49", "elapsed": 3464.335821, "delta": 6.575412}}
{"target": 2.9153296889952127, "params": {"Bgrad": 1.7937048197676952, "d1": -1.1608298633957461, "d2": -0.17287588766801942, "d3": -2.2378257812392315, "d4": -2.6531924195102032, "p1": 9.159907976412086, "p2": 37.38772552597079, "p3": 33.19822388240966, "p4": 34.86628700221763, "pol1": 0.18976123508760678, "pol2": -0.47876479488481927, "pol3": 0.22027872531856585, "pol4": 0.2731463809371646, "v0s": 2.9153296889952127}, "datetime": {"datetime": "2022-05-16 20:40:52", "elapsed": 3467.662922, "delta": 3.327101}}
{"target": 4.109282734506568, "params": {"Bgrad": 1.5005658621812494, "d1": -1.7087936821154088, "d2": -0.38193149399862997, "d3": -1.2059321604976214, "d4": -2.4137279201948574, "p1": 43.97613428954806, "p2": 19.38046007396627, "p3": 23.66112381951199, "p4": 12.859875067223697, "pol1": 0.8033775868257759, "pol2": 0.2642374073285165, "pol3": 0.5850345960206249, "pol4": -0.8382453412930255, "v0s": 4.109282734506568}, "datetime": {"datetime": "2022-05-16 20:40:58", "elapsed": 3474.127633, "delta": 6.464711}}
{"target": 2.7529877893988424, "params": {"Bgrad": 1.3398150270102023, "d1": -2.091417906656517, "d2": -0.1766789539118192, "d3": -2.2064806939387664, "d4": -1.8451731895350978, "p1": 8.172722952723655, "p2": 35.13147944031796, "p3": 38.207757681404225, "p4": 32.04104137610485, "pol1": 0.965978507743666, "pol2": 0.9694944792722422, "pol3": -0.2239098015251253, "pol4": 0.5872228534185808, "v0s": 2.7529877893988424}, "datetime": {"datetime": "2022-05-16 20:41:04", "elapsed": 3479.513227, "delta": 5.385594}}
{"target": 3.253095532835351, "params": {"Bgrad": 1.6316991265800025, "d1": -0.6341347229589704, "d2": -0.7924256934192098, "d3": -2.2833356360771577, "d4": -1.5259427661723501, "p1": 43.65365312312913, "p2": 20.91029546895956, "p3": 24.882949683032006, "p4": 13.481721368535165, "pol1": 0.18353286342241937, "pol2": -0.638054747477351, "pol3": -0.6280880980326551, "pol4": -0.35275628015050353, "v0s": 3.253095532835351}, "datetime": {"datetime": "2022-05-16 20:41:09", "elapsed": 3484.956668, "delta": 5.443441}}
