{"target": -1.0, "params": {"Bgrad": 1.947625459329991, "d1": -2.868910547461425, "d2": -0.29867905684130713, "d3": -1.2954154090133039, "d4": -0.5689097068013904, "p1": 46.47748448244618, "p2": 45.38655944334935, "p3": 42.912472623785234, "p4": 49.109612211295264, "pol1": 0.603191507406988, "pol2": 0.03212706067259208, "pol3": 0.24443629358574026, "pol4": 0.8009304439731504, "v0s": 5.623776612713154}, "datetime": {"datetime": "2022-06-24 04:57:06", "elapsed": 2545.360319, "delta": 13.894138}}
{"target": -1.0, "params": {"Bgrad": 0.8271941372924999, "d1": -3.0, "d2": -0.5810219036496073, "d3": -0.09318772829081651, "d4": -0.6860240728194071, "p1": 32.57583968850293, "p2": 8.57911099081946, "p3": 7.915199301671547, "p4": 25.509807866879623, "pol1": 1.0, "pol2": -1.0, "pol3": -0.40899448983538617, "pol4": 0.010896034636711087, "v0s": 5.27737278531712}, "datetime": {"datetime": "2022-06-24 04:57:14", "elapsed": 2554.006371, "delta": 8.646052}}
{"target": 2.959009395678339, "params": {"Bgrad": 0.6970991398160966, "d1": 0.08414153649557402, "d2": -1.9813475866941685, "d3": -1.7630762315181054, "d4": -1.634500937782719, "p1": 10.997697936238033, "p2": 4.862190708301075, "p3": 30.7395332968025, "p4": 19.200892233464383, "pol1": -0.046041618818424807, "pol2": -0.06256918923788908, "pol3": -0.27053407060701773, "pol4": -0.2376893929112096, "v0s": 2.959009395678339}, "datetime": {"datetime": "2022-06-24 04:57:19", "elapsed": 2558.569248, "delta": 4.562877}}
{"target": 3.2581650098922124, "params": {"Bgrad": 0.7505836927086688, "d1": -2.9448009230005443, "d2": -2.08603297064038, "d3": -2.702741805642515, "d4": -1.5574949557967988, "p1": 6.331890026311563, "p2": 4.340797283895136, "p3": 36.46400617498067, "p4": 22.10022797605317, "pol1": 0.5576757346006583, "pol2": -0.4017018315373108, "pol3": 0.5053851725919, "pol4": -0.17456124803768053, "v0s": 3.2581650098922124}, "datetime": {"datetime": "2022-06-24 04:57:23", "elapsed": 2562.890775, "delta": 4.321527}}
{"target": 3.0221223311263796, "params": {"Bgrad": 0.6192380511454433, "d1": 0.7642229865673646, "d2": -2.09342920529657, "d3": -2.1521650789589493, "d4": -1.224224130494303, "p1": 11.070018423763656, "p2": 5.1294825376259245, "p3": 30.98140403062327, "p4": 18.407107044417607, "pol1": -0.36489139185064645, "pol2": 0.3232045702390694, "pol3": -0.12363076532759835, "pol4": -0.2550594914858025, "v0s": 3.0221223311263796}, "datetime": {"datetime": "2022-06-24 04:57:28", "elapsed": 2567.779321, "delta": 4.888546}}
{"target": -1.0, "params": {"Bgrad": 1.4516793740903426, "d1": -0.7464476975869592, "d2": -1.3986087783159582, "d3": -2.6483303909105946, "d4": -0.7916040837614915, "p1": 4.042092126636043, "p2": 11.885785101144863, "p3": 36.14596500441324, "p4": 30.0993653528158, "pol1": 0.7453822166740085, "pol2": -0.8001360943943128, "pol3": 0.5809984371922143, "pol4": -0.9930410936993537, "v0s": 5.787967713740418}, "datetime": {"datetime": "2022-06-24 04:57:39", "elapsed": 2578.181672, "delta": 10.402351}}
{"target": 2.283102440967977, "params": {"Bgrad": 1.7796408112645714, "d1": -1.174962122411638, "d2": -0.3277268510013278, "d3": -2.11325833975019, "d4": -2.2589342263451844, "p1": 45.11367930880449, "p2": 17.319710338326527, "p3": 26.52475546156317, "p4": 13.010363231034816, "pol1": 0.8327235510700992, "pol2": 0.8353418575560767, "pol3": -0.20267894773768247, "pol4": -0.6084098925146135, "v0s": 2.283102440967977}, "datetime": {"datetime": "2022-06-24 04:57:41", "elapsed": 2580.782285, "delta": 2.600613}}
{"target": -1.0, "params": {"Bgrad": 1.857175417732591, "d1": -0.9053041751474673, "d2": -2.4001616544294095, "d3": -2.3488456284786734, "d4": 0.21048853608492024, "p1": 24.219615111825405, "p2": 2.633269800914456, "p3": 37.809401014902136, "p4": 25.741107562351683, "pol1": -0.18422273781079124, "pol2": -0.7091940756830861, "pol3": 0.027052831979016423, "pol4": 0.8730972473790461, "v0s": 2.777246662655182}, "datetime": {"datetime": "2022-06-24 04:57:45", "elapsed": 2584.233648, "delta": 3.451363}}
{"target": -1.0, "params": {"Bgrad": 1.7074098815696852, "d1": -1.173930273302688, "d2": -2.1086731453543415, "d3": -0.9806623345810865, "d4": -2.1222136553791957, "p1": 3.9334891788192996, "p2": 9.234253764654653, "p3": 34.60129670375613, "p4": 31.10447869494722, "pol1": -0.1259551470425273, "pol2": -0.00915659458576612, "pol3": 0.46388832890204257, "pol4": 0.7688455963327665, "v0s": 2.4498787489943052}, "datetime": {"datetime": "2022-06-24 04:57:49", "elapsed": 2588.183116, "delta": 3.949468}}
{"target": 3.537146757364814, "params": {"Bgrad": 0.5000647471737363, "d1": -2.1203765085883854, "d2": -1.078370445723987, "d3": -0.42760546811908373, "d4": -2.392888552675401, "p1": 13.899968573321859, "p2": 4.553710163213859, "p3": 33.330978338941506, "p4": 21.25716137709881, "pol1": -0.750054314662139, "pol2": 0.8795250476436778, "pol3": 0.5907008958963369, "pol4": 0.9053175855231042, "v0s": 3.537146757364814}, "datetime": {"datetime": "2022-06-24 04:57:52", "elapsed": 2591.688808, "delta": 3.505692}}
{"target": -1.0, "params": {"Bgrad": 0.8951083012888552, "d1": -2.2461634319100985, "d2": -2.748287926162115, "d3": -1.8341372403656906, "d4": -1.0005948183353564, "p1": 6.616564224374061, "p2": 10.387732123929283, "p3": 35.62958470088661, "p4": 29.777223114188565, "pol1": -0.9349292012305541, "pol2": 0.6446341353604899, "pol3": -0.26325918990466235, "pol4": 0.05223192462659054, "v0s": 2.02293341270192}, "datetime": {"datetime": "2022-06-24 04:58:01", "elapsed": 2600.336377, "delta": 8.647569}}
{"target": 5.291527275919787, "params": {"Bgrad": 1.4337445070363461, "d1": -1.3430812124686151, "d2": 0.5198703556821148, "d3": -0.7341286217133051, "d4": -2.498974157860653, "p1": 39.96998678135775, "p2": 21.795348495418047, "p3": 17.98316550461804, "p4": 16.582653845217834, "pol1": 0.6183934568437754, "pol2": -0.7821657555002685, "pol3": 0.5770002464193513, "pol4": -0.6212270287048287, "v0s": 5.291527275919787}, "datetime": {"datetime": "2022-06-24 04:58:09", "elapsed": 2608.607407, "delta": 8.27103}}
{"target": 5.835171697037842, "params": {"Bgrad": 0.8271881116281732, "d1": -2.9999916139249083, "d2": 0.9999979647374173, "d3": -0.5275457446826719, "d4": -1.8608524723382682, "p1": 46.53430166576468, "p2": 25.481441758312357, "p3": 23.36833011215683, "p4": 29.063192214804765, "pol1": -0.5792129817820463, "pol2": -0.5224929609056864, "pol3": -0.18753110195995587, "pol4": -0.7125066382210368, "v0s": 5.835171697037842}, "datetime": {"datetime": "2022-06-24 04:58:16", "elapsed": 2615.443266, "delta": 6.835859}}
{"target": 3.232771436960888, "params": {"Bgrad": 1.1268741380974308, "d1": -2.3497638261737896, "d2": -1.095125619117224, "d3": -0.9322950860461426, "d4": -2.033841265161671, "p1": 13.822898412537711, "p2": 3.9901824437722206, "p3": 33.119334754251284, "p4": 21.76424021302727, "pol1": -0.8596331020145752, "pol2": 0.3595075056517942, "pol3": 0.5697907572363871, "pol4": 0.5240384411765983, "v0s": 3.232771436960888}, "datetime": {"datetime": "2022-06-24 04:58:21", "elapsed": 2620.524273, "delta": 5.081007}}
{"target": -1.0, "params": {"Bgrad": 0.9210961997581055, "d1": -1.9741016926360069, "d2": 0.44303477598933183, "d3": 0.0463509510557536, "d4": 0.12308196036258101, "p1": 45.07413934584951, "p2": 41.93653864316685, "p3": 8.10614400557505, "p4": 13.762295164945765, "pol1": 0.63001086398848, "pol2": -0.8128211269121941, "pol3": -0.2599512181301151, "pol4": -0.27275352997082525, "v0s": 2.9138008459385305}, "datetime": {"datetime": "2022-06-24 04:58:33", "elapsed": 2632.973193, "delta": 12.44892}}
{"target": 3.40586400315917, "params": {"Bgrad": 1.790151378328063, "d1": -1.5319039692651084, "d2": -1.0565775411909923, "d3": -2.372038373723927, "d4": -2.4012655473599804, "p1": 4.6303239871851085, "p2": 10.489128422743565, "p3": 38.33965342822962, "p4": 28.26904443326766, "pol1": 0.07324737794874059, "pol2": 0.19111022179783865, "pol3": 0.04967388603208578, "pol4": 0.3973859804596822, "v0s": 3.40586400315917}, "datetime": {"datetime": "2022-06-24 04:58:39", "elapsed": 2638.812694, "delta": 5.839501}}
{"target": 2.91402709091817, "params": {"Bgrad": 0.5368829915778418, "d1": -1.9491172934580663, "d2": -2.3333443023227267, "d3": -1.8004083336084835, "d4": -0.3136091939864919, "p1": 20.036513503558446, "p2": 16.611766073293634, "p3": 28.24992173021357, "p4": 48.756923965439874, "pol1": 0.6419156882183056, "pol2": 0.3245052524611268, "pol3": 0.7001848258258163, "pol4": -0.489303084202371, "v0s": 2.91402709091817}, "datetime": {"datetime": "2022-06-24 04:58:43", "elapsed": 2642.813081, "delta": 4.000387}}
{"target": 3.8272765680513685, "params": {"Bgrad": 1.9050709651892852, "d1": -0.929120499992699, "d2": 0.7781618650847069, "d3": -0.8842724570406708, "d4": -1.0405846425011207, "p1": 4.634917612932815, "p2": 10.134816337490793, "p3": 38.4064198375318, "p4": 27.719390611610635, "pol1": 0.7266663726569269, "pol2": 0.6519489119916626, "pol3": -0.09395939999536052, "pol4": 0.734403516214742, "v0s": 3.8272765680513685}, "datetime": {"datetime": "2022-06-24 04:58:49", "elapsed": 2648.284083, "delta": 5.471002}}
{"target": 3.7084029181345497, "params": {"Bgrad": 0.9894251365951996, "d1": -1.2819255972168535, "d2": -0.08665290793285552, "d3": -1.2487533213957207, "d4": -0.6053943364780586, "p1": 3.518553335727038, "p2": 10.602921495176835, "p3": 35.49853960359276, "p4": 29.15089659111024, "pol1": 0.24547537466358943, "pol2": -0.019268620067923594, "pol3": -0.4032612380693584, "pol4": 0.172164297785802, "v0s": 3.7084029181345497}, "datetime": {"datetime": "2022-06-24 04:58:54", "elapsed": 2654.02435, "delta": 5.740267}}
{"target": 4.752341693212784, "params": {"Bgrad": 1.4057996958141472, "d1": -2.7144017128485918, "d2": 0.16601065276021298, "d3": -2.461633716285614, "d4": -1.470554210603141, "p1": 4.923459358482058, "p2": 8.458736606077554, "p3": 34.70833886752901, "p4": 31.416244999484437, "pol1": -0.18569368001887532, "pol2": 0.7760115556956784, "pol3": -0.9305332523288157, "pol4": 0.253449734577196, "v0s": 4.752341693212784}, "datetime": {"datetime": "2022-06-24 04:59:00", "elapsed": 2660.051315, "delta": 6.026965}}
{"target": -1.0, "params": {"Bgrad": 1.0652459992616854, "d1": -0.06932464659514892, "d2": -2.262504702502949, "d3": -1.008179501472068, "d4": -2.93209602455372, "p1": 4.876159438922994, "p2": 9.398194290129691, "p3": 36.384668137471486, "p4": 25.564572540184365, "pol1": 0.01479346904381762, "pol2": -0.5384231091214751, "pol3": -0.2797732717191652, "pol4": -0.2831732745653148, "v0s": 4.22885746036977}, "datetime": {"datetime": "2022-06-24 04:59:13", "elapsed": 2672.094351, "delta": 12.043036}}
{"target": -1.0, "params": {"Bgrad": 1.6809336572949736, "d1": -0.2816955911476118, "d2": 0.5813739132720297, "d3": -2.7592445652579594, "d4": 0.4825185728711432, "p1": 7.318053604559554, "p2": 36.27596632896244, "p3": 37.08877366973212, "p4": 35.05338736060695, "pol1": -0.2588622095455697, "pol2": 0.5251605847877532, "pol3": 0.0654472299101776, "pol4": -0.6592274217374234, "v0s": 5.682363278347703}, "datetime": {"datetime": "2022-06-24 04:59:25", "elapsed": 2684.73036, "delta": 12.636009}}
{"target": 3.285351800313225, "params": {"Bgrad": 1.6413580950822624, "d1": -1.1946335105621708, "d2": 0.8348968009217801, "d3": -0.9431913171209039, "d4": -1.505778948781237, "p1": 44.66023617494712, "p2": 22.303116835475013, "p3": 24.708280552804545, "p4": 13.798071654768368, "pol1": -0.38705693951396736, "pol2": -0.41346959511118, "pol3": -0.32176254387259107, "pol4": -0.4577549920074826, "v0s": 3.285351800313225}, "datetime": {"datetime": "2022-06-24 04:59:30", "elapsed": 2689.359598, "delta": 4.629238}}
{"target": 3.7567008946077998, "params": {"Bgrad": 1.6936591781476782, "d1": -1.4374782724120594, "d2": 0.21988865977616617, "d3": -0.9829240320227915, "d4": -1.1330825575156376, "p1": 1.8220638230331487, "p2": 32.7226132689684, "p3": 16.92434850754163, "p4": 11.586594184897228, "pol1": -0.020734261719671045, "pol2": -0.167027263674612, "pol3": 0.10262394557979604, "pol4": 1.0, "v0s": 3.7567008946077998}, "datetime": {"datetime": "2022-06-24 04:59:36", "elapsed": 2695.726677, "delta": 6.367079}}
{"target": 2.820683407078711, "params": {"Bgrad": 1.2281048334914166, "d1": -2.3205977615898306, "d2": -1.4217977133105753, "d3": -0.7583104023016802, "d4": 0.4758377547374019, "p1": 9.624157701494608, "p2": 25.45125048260751, "p3": 18.091562914435283, "p4": 38.70855898548485, "pol1": 0.4754745314415959, "pol2": 0.043342478643728824, "pol3": -0.7323183353807654, "pol4": -0.9991797890645875, "v0s": 2.820683407078711}, "datetime": {"datetime": "2022-06-24 04:59:41", "elapsed": 2700.436703, "delta": 4.710026}}
{"target": 3.730241250950065, "params": {"Bgrad": 1.5193674160249115, "d1": -2.711162654855692, "d2": 0.6102981634559788, "d3": -0.3996747649135859, "d4": -1.8954730880770234, "p1": 44.31809270530721, "p2": 23.5897219871758, "p3": 27.174065839426348, "p4": 13.953132162039012, "pol1": 0.14207209572830948, "pol2": -0.8373485236970235, "pol3": -0.01597257596444379, "pol4": 0.7040546783539003, "v0s": 3.730241250950065}, "datetime": {"datetime": "2022-06-24 04:59:47", "elapsed": 2706.199434, "delta": 5.762731}}
{"target": 5.561374499174674, "params": {"Bgrad": 1.546496681163471, "d1": -1.5110195248241258, "d2": 0.7582743022157554, "d3": -0.5280335816671103, "d4": -2.1391954791181647, "p1": 39.866336921868616, "p2": 22.192926481033385, "p3": 18.272394100674195, "p4": 16.92058723235423, "pol1": 0.3523198808682962, "pol2": -0.47698451237300654, "pol3": 0.6606718070044526, "pol4": -0.510653508148654, "v0s": 5.561374499174674}, "datetime": {"datetime": "2022-06-24 04:59:55", "elapsed": 2714.950257, "delta": 8.750823}}
{"target": -1.0, "params": {"Bgrad": 1.268862863304829, "d1": -1.2295382331375113, "d2": 0.8379642966796492, "d3": -1.5659601025378835, "d4": -1.261892834130558, "p1": 2.619095609991567, "p2": 8.567358322828428, "p3": 36.76669517270928, "p4": 30.53444803815711, "pol1": 0.11666057780275185, "pol2": 0.05505858734690494, "pol3": -0.6421695948720074, "pol4": -0.6965843585704525, "v0s": 4.573879088562321}, "datetime": {"datetime": "2022-06-24 05:00:13", "elapsed": 2732.365495, "delta": 17.415238}}
{"target": 4.183187095788434, "params": {"Bgrad": 1.4913447940747266, "d1": -2.118908896611513, "d2": 0.01299215020146627, "d3": -2.1983942997761385, "d4": -1.0305619325194473, "p1": 5.3839793835608845, "p2": 8.607252225536186, "p3": 35.005217661368036, "p4": 30.976223498247382, "pol1": -0.05458505108418021, "pol2": 0.6558244964368393, "pol3": -0.6834032381893356, "pol4": 0.4870171136184172, "v0s": 4.183187095788434}, "datetime": {"datetime": "2022-06-24 05:00:19", "elapsed": 2738.784466, "delta": 6.418971}}
{"target": 4.593758756559268, "params": {"Bgrad": 0.5513814065115544, "d1": -1.9100667071674784, "d2": 0.4686672967347403, "d3": -0.9434993778811851, "d4": -1.3082563799111182, "p1": 5.064373260120453, "p2": 13.429843373931627, "p3": 34.53419382260462, "p4": 29.838560030774207, "pol1": -0.4178816927661455, "pol2": 0.773211797260009, "pol3": 0.6049846852340086, "pol4": 0.9436302876869642, "v0s": 4.593758756559268}, "datetime": {"datetime": "2022-06-24 05:00:23", "elapsed": 2742.44974, "delta": 3.665274}}
{"target": -1.0, "params": {"Bgrad": 1.6484034737395032, "d1": -1.7411886323128263, "d2": 0.9144506771384089, "d3": -0.18252766335929316, "d4": -2.8269316163992007, "p1": 46.41140293136412, "p2": 24.88889180831042, "p3": 24.77490600707672, "p4": 30.10130105807432, "pol1": 0.9780467792010197, "pol2": 0.2885065674545917, "pol3": -0.9899991143206981, "pol4": 0.5580479242171166, "v0s": 6.497789817688177}, "datetime": {"datetime": "2022-06-24 05:00:36", "elapsed": 2755.475154, "delta": 13.025414}}
{"target": 4.3503164537165855, "params": {"Bgrad": 1.5166616276030715, "d1": -1.3891991078247141, "d2": 0.742387599509182, "d3": -0.9504107926890231, "d4": -0.8949134827841653, "p1": 1.4480792097045598, "p2": 32.86910641321634, "p3": 17.294116623245284, "p4": 11.264725718399111, "pol1": -0.3246749326445565, "pol2": -0.38608134543084466, "pol3": -0.41944265282337023, "pol4": 1.0, "v0s": 4.3503164537165855}, "datetime": {"datetime": "2022-06-24 05:00:42", "elapsed": 2761.358005, "delta": 5.882851}}
{"target": 3.1545348246230995, "params": {"Bgrad": 1.4200253074465563, "d1": -2.900885311804187, "d2": 0.6572360702825075, "d3": -1.4228625407688589, "d4": -2.3621638470667805, "p1": 27.604112109462452, "p2": 25.940402196245188, "p3": 5.482653337689303, "p4": 42.2580515545277, "pol1": -0.3204620899765662, "pol2": -0.8036097436085994, "pol3": -0.0684237844937714, "pol4": 0.7819984150338204, "v0s": 3.1545348246230995}, "datetime": {"datetime": "2022-06-24 05:00:47", "elapsed": 2766.457438, "delta": 5.099433}}
{"target": -1.0, "params": {"Bgrad": 1.0754641808285694, "d1": -0.7582983904775116, "d2": 0.371847583732936, "d3": -1.4974839191598281, "d4": 0.9020737264127949, "p1": 4.155715883892885, "p2": 8.63486984338791, "p3": 33.85800356496553, "p4": 31.93202035347528, "pol1": 0.04034022685618255, "pol2": 0.8487499862790198, "pol3": -0.08802298472326275, "pol4": 0.6050384535441413, "v0s": 5.561355555287809}, "datetime": {"datetime": "2022-06-24 05:00:58", "elapsed": 2777.787896, "delta": 11.330458}}
{"target": 3.970517026776568, "params": {"Bgrad": 1.0802264951132243, "d1": -2.7098349146656093, "d2": -1.5375814782712531, "d3": -2.385669164100676, "d4": -2.51051868599306, "p1": 4.868980721885007, "p2": 12.048822793881486, "p3": 34.43895590491746, "p4": 29.415763105072585, "pol1": 0.5832985689867263, "pol2": -0.7326846722560769, "pol3": 0.5926497636242323, "pol4": -0.24913043907727594, "v0s": 3.970517026776568}, "datetime": {"datetime": "2022-06-24 05:01:05", "elapsed": 2784.666168, "delta": 6.878272}}
{"target": 5.085837978954778, "params": {"Bgrad": 1.548738706362405, "d1": -1.4795904646355806, "d2": 0.906876975019801, "d3": -0.33996111744596347, "d4": -2.240471945688941, "p1": 39.864223891411974, "p2": 21.8117188586322, "p3": 18.594117523084787, "p4": 16.3268703317131, "pol1": 0.28946051369915593, "pol2": -0.6060518051141561, "pol3": 0.6947507930718733, "pol4": -0.6246997458719258, "v0s": 5.085837978954778}, "datetime": {"datetime": "2022-06-24 05:01:13", "elapsed": 2792.752727, "delta": 8.086559}}
{"target": 4.293204024214436, "params": {"Bgrad": 1.3547879330143282, "d1": -1.0368584203450306, "d2": -0.050254634504922374, "d3": -1.150709083515059, "d4": -0.822151880102618, "p1": 1.7205478404684966, "p2": 33.023810725988874, "p3": 17.645299823884923, "p4": 11.255652531070146, "pol1": -0.114245873468637, "pol2": -0.3031167159175901, "pol3": -0.0045810197512308635, "pol4": 1.0, "v0s": 4.293204024214436}, "datetime": {"datetime": "2022-06-24 05:01:22", "elapsed": 2802.055015, "delta": 9.302288}}
{"target": -1.0, "params": {"Bgrad": 1.2589122081634152, "d1": -1.3173628038218013, "d2": 0.7463976137842434, "d3": -2.912520339508676, "d4": -1.507628400414435, "p1": 6.8211652304562, "p2": 10.162136380561742, "p3": 36.84488845252542, "p4": 28.298664842401642, "pol1": -0.8812388038631647, "pol2": -0.5315469085234765, "pol3": -0.7989413323596244, "pol4": -0.8287672658653424, "v0s": 5.401090096591635}, "datetime": {"datetime": "2022-06-24 05:01:38", "elapsed": 2817.78429, "delta": 15.729275}}
{"target": -1.0, "params": {"Bgrad": 1.8350053152457846, "d1": -2.15784679722248, "d2": -0.29528018663557365, "d3": -1.0362311646234632, "d4": -0.08454138873917838, "p1": 4.567835306925538, "p2": 7.463772678354691, "p3": 33.55794895325271, "p4": 31.01408964490262, "pol1": -0.08948898486786705, "pol2": 0.38839143806597853, "pol3": 0.24172017135748347, "pol4": 0.9485604010858693, "v0s": 2.506281107196494}, "datetime": {"datetime": "2022-06-24 05:01:42", "elapsed": 2821.576208, "delta": 3.791918}}
{"target": 3.6876365093352725, "params": {"Bgrad": 0.9933634129345575, "d1": -2.733292806452487, "d2": 0.5505695455895477, "d3": -1.803475364954009, "d4": -1.814425914676191, "p1": 28.19224174230306, "p2": 26.151777646402564, "p3": 4.466297222903352, "p4": 43.13344029026542, "pol1": 0.4186233957322423, "pol2": 0.05992134539516951, "pol3": -0.2884264178814893, "pol4": 0.3429848943546478, "v0s": 3.6876365093352725}, "datetime": {"datetime": "2022-06-24 05:01:48", "elapsed": 2827.462087, "delta": 5.885879}}
{"target": -1.0, "params": {"Bgrad": 1.1986114927413019, "d1": -0.6049976175474914, "d2": -0.21889972142265224, "d3": -0.7432988264688976, "d4": -1.0808923831850126, "p1": 5.789141079241872, "p2": 9.379691479957847, "p3": 36.428451043512915, "p4": 31.41969683237949, "pol1": -0.024987505475379423, "pol2": -0.5454432183439841, "pol3": 0.5854802271703257, "pol4": -0.7551027379587492, "v0s": 2.626725554972861}, "datetime": {"datetime": "2022-06-24 05:01:54", "elapsed": 2833.753893, "delta": 6.291806}}
{"target": 5.544385546140245, "params": {"Bgrad": 0.65553118633175, "d1": -3.0, "d2": 1.0, "d3": -0.6576898469336094, "d4": -1.6336962685880325, "p1": 46.55206821460856, "p2": 25.67659462343939, "p3": 22.737154914283654, "p4": 28.93191614887715, "pol1": -0.9351529057167476, "pol2": -0.695973298033607, "pol3": -0.00413391009494557, "pol4": -0.9737513107158412, "v0s": 5.544385546140245}, "datetime": {"datetime": "2022-06-24 05:02:01", "elapsed": 2840.867538, "delta": 7.113645}}
{"target": -1.0, "params": {"Bgrad": 0.8724600787332945, "d1": -1.1409652398747376, "d2": -0.2611336994539075, "d3": -1.0597085032958489, "d4": 0.6063971482569143, "p1": 17.541689763094634, "p2": 31.266385188744035, "p3": 49.10398997660555, "p4": 31.46772473927082, "pol1": -1.0, "pol2": -0.0454394898340574, "pol3": -0.47049146499337013, "pol4": -0.30589434191967824, "v0s": 3.7472923529736617}, "datetime": {"datetime": "2022-06-24 05:02:10", "elapsed": 2849.941943, "delta": 9.074405}}
