{"target": -1.0, "params": {"Bgrad": 1.3778752983996316, "d1": -1.7582091910615905, "d2": 0.3327021600754372, "d3": -0.7806603672707388, "d4": -2.389327322607205, "p1": 40.3364382067836, "p2": 19.505817083868692, "p3": 16.95841594864353, "p4": 18.49056273591017, "pol1": -0.39891253114352243, "pol2": -0.5063446447230366, "pol3": 0.6787264551718835, "pol4": 0.5531876020004245, "v0s": 2.435989569435665}, "datetime": {"datetime": "2022-05-16 20:41:15", "elapsed": 3491.197975, "delta": 6.241307}}
{"target": -1.0, "params": {"Bgrad": 0.683081012578227, "d1": -0.21315951213994302, "d2": -0.2743019172368344, "d3": -0.8158060238266168, "d4": 0.2888012391213627, "p1": 15.287879242406646, "p2": 7.077325268290767, "p3": 6.4334207711602085, "p4": 36.57372993077319, "pol1": 0.637574599046494, "pol2": -1.0, "pol3": 0.17960672653501128, "pol4": 0.3650497687172587, "v0s": 4.047645964235701}, "datetime": {"datetime": "2022-05-16 20:41:22", "elapsed": 3497.317607, "delta": 6.119632}}
{"target": -1.0, "params": {"Bgrad": 1.5478261601253442, "d1": -1.2814021237255964, "d2": -0.09883748137937642, "d3": -2.5222705703179353, "d4": -0.2350002785893781, "p1": 31.655815119936502, "p2": 8.774390477214144, "p3": 8.17195662252012, "p4": 22.548399019304004, "pol1": 0.45887068919668095, "pol2": -0.2613238991496263, "pol3": 0.21374606879229496, "pol4": 0.20996463068004712, "v0s": 5.410299835498617}, "datetime": {"datetime": "2022-05-16 20:41:32", "elapsed": 3507.952164, "delta": 10.634557}}
{"target": 4.156029521968891, "params": {"Bgrad": 0.8518382090080381, "d1": -1.4224872226812417, "d2": 0.5744669517333847, "d3": -2.339308257786804, "d4": -2.0643886395353914, "p1": 30.742340697586773, "p2": 12.301686259263233, "p3": 37.30106644540502, "p4": 26.74560172353179, "pol1": 0.7070114688356133, "pol2": -0.8592841399425672, "pol3": 0.47891288830650325, "pol4": -0.5537160052645975, "v0s": 4.156029521968891}, "datetime": {"datetime": "2022-05-16 20:41:36", "elapsed": 3512.014299, "delta": 4.062135}}
{"target": 3.60185774681005, "params": {"Bgrad": 1.1024283943743514, "d1": -1.033833318693684, "d2": 0.4404915626517165, "d3": -1.3776028642753904, "d4": -0.22175189717285315, "p1": 38.00964782857083, "p2": 22.888051061092646, "p3": 17.72415577568533, "p4": 17.318815874080546, "pol1": 0.9933578362323969, "pol2": -0.8076796421340942, "pol3": 0.1702337598509025, "pol4": 0.8964602092793057, "v0s": 3.60185774681005}, "datetime": {"datetime": "2022-05-16 20:41:44", "elapsed": 3519.267898, "delta": 7.253599}}
{"target": 4.563697722938826, "params": {"Bgrad": 0.6849679023854801, "d1": -2.2772137234298526, "d2": 1.0, "d3": -2.6366843151410864, "d4": -1.9811256419907597, "p1": 5.304372878532495, "p2": 34.77466252958434, "p3": 36.470866560009604, "p4": 35.1361176903037, "pol1": 0.06831678209403338, "pol2": -0.2649284822191778, "pol3": -0.2583786534210769, "pol4": -0.41690043740608845, "v0s": 4.563697722938826}, "datetime": {"datetime": "2022-05-16 20:41:48", "elapsed": 3523.995255, "delta": 4.727357}}
{"target": -1.0, "params": {"Bgrad": 0.761559103686922, "d1": -1.4162475225285327, "d2": -1.0407737163119863, "d3": -1.879316837312083, "d4": -0.1470359390537519, "p1": 30.7242268886366, "p2": 13.526575364871912, "p3": 38.59230850289211, "p4": 27.632644078336828, "pol1": 0.4931257640517046, "pol2": 0.2712676272717014, "pol3": 0.9249882675820968, "pol4": -0.8058659531608034, "v0s": 4.498835070213658}, "datetime": {"datetime": "2022-05-16 20:41:56", "elapsed": 3531.571989, "delta": 7.576734}}
{"target": 4.134825906027192, "params": {"Bgrad": 0.873192107864369, "d1": -0.8362137578084887, "d2": 0.31360661144949925, "d3": -2.104226617244052, "d4": -2.8873630001722357, "p1": 46.06492972310663, "p2": 19.04258417295973, "p3": 25.134229279502627, "p4": 12.240794056898654, "pol1": 0.8305221122384268, "pol2": -0.39343545095527865, "pol3": 0.4736746854231598, "pol4": 0.6401629260534608, "v0s": 4.134825906027192}, "datetime": {"datetime": "2022-05-16 20:42:02", "elapsed": 3537.353526, "delta": 5.781537}}
{"target": 2.490732648959722, "params": {"Bgrad": 0.5708957862379966, "d1": 0.25706030461782836, "d2": -0.05719722032377961, "d3": -2.121937280477181, "d4": -1.6131862803756398, "p1": 17.16539425994106, "p2": 5.4249967398574235, "p3": 7.561392458221549, "p4": 34.87186738938789, "pol1": 0.6423109704117453, "pol2": -0.7034605279843649, "pol3": 0.17939133307029542, "pol4": -0.4939798152856405, "v0s": 2.490732648959722}, "datetime": {"datetime": "2022-05-16 20:42:06", "elapsed": 3542.006082, "delta": 4.652556}}
{"target": -1.0, "params": {"Bgrad": 1.5898615513017424, "d1": -2.893428496721033, "d2": -0.36276190826856214, "d3": 0.1284055736288321, "d4": 1.0, "p1": 11.368823785128868, "p2": 24.333212768329993, "p3": 44.156867770740675, "p4": 29.69492947035958, "pol1": 0.5291242056708623, "pol2": -0.8296696013175369, "pol3": 1.0, "pol4": 1.0, "v0s": 3.7726166846447886}, "datetime": {"datetime": "2022-05-16 20:42:19", "elapsed": 3554.73404, "delta": 12.727958}}
{"target": -1.0, "params": {"Bgrad": 1.077802825903002, "d1": 0.2999127097489135, "d2": 0.5011732913089862, "d3": -1.6399864031396199, "d4": -1.0666318567914406, "p1": 15.366892688121414, "p2": 5.762354440375242, "p3": 7.097880010937385, "p4": 36.16718964168447, "pol1": 0.5557800856396412, "pol2": -0.9942715750257706, "pol3": -0.7945044917896058, "pol4": 0.174997138609637, "v0s": 2.8539570723470042}, "datetime": {"datetime": "2022-05-16 20:42:56", "elapsed": 3591.62537, "delta": 36.89133}}
{"target": 4.620028621569948, "params": {"Bgrad": 1.2420368790754759, "d1": -3.0, "d2": -3.0, "d3": -3.0, "d4": -1.1519182214002728, "p1": 5.594125270680087, "p2": 1.2515810006131804, "p3": 38.840317333604574, "p4": 20.175907601818764, "pol1": 0.4029274313363956, "pol2": -0.009165829344140166, "pol3": -0.22534738654871142, "pol4": -0.20908379415816777, "v0s": 4.620028621569948}, "datetime": {"datetime": "2022-05-16 20:43:02", "elapsed": 3597.625322, "delta": 5.999952}}
{"target": 3.639718511998655, "params": {"Bgrad": 0.7963263380312887, "d1": -1.820500224027052, "d2": 0.29052585589824936, "d3": -2.0883807731849604, "d4": -1.347845809559322, "p1": 28.783009308404058, "p2": 26.068702177213623, "p3": 3.899438163280596, "p4": 43.01297981858525, "pol1": 0.5338903988540772, "pol2": 1.0, "pol3": 0.48905862516333515, "pol4": 0.502655423574627, "v0s": 3.639718511998655}, "datetime": {"datetime": "2022-05-16 20:43:06", "elapsed": 3601.930806, "delta": 4.305484}}
{"target": 3.8016987516946137, "params": {"Bgrad": 0.913722841930311, "d1": -1.9762277400424226, "d2": 0.5025966303652134, "d3": -1.428073212837663, "d4": -1.8057520057741923, "p1": 6.061015463182473, "p2": 33.89919642530277, "p3": 35.88806239105363, "p4": 34.89043025192845, "pol1": 0.8792629644104948, "pol2": -0.5375351366374883, "pol3": -0.32331620666983873, "pol4": -0.32628932702257196, "v0s": 3.8016987516946137}, "datetime": {"datetime": "2022-05-16 20:43:13", "elapsed": 3608.324705, "delta": 6.393899}}
{"target": 4.536869469010458, "params": {"Bgrad": 1.6945867347769812, "d1": 0.6144289134337373, "d2": -0.3599974271048243, "d3": -2.903180679699951, "d4": -2.6105742052877856, "p1": 29.23309484950528, "p2": 9.957453427262797, "p3": 37.793488633895336, "p4": 29.011837150165537, "pol1": 0.641091345025425, "pol2": 0.630702354988707, "pol3": -0.8105206205016635, "pol4": 0.34030657596773994, "v0s": 4.536869469010458}, "datetime": {"datetime": "2022-05-16 20:43:20", "elapsed": 3616.079962, "delta": 7.755257}}
{"target": 4.995791826798148, "params": {"Bgrad": 1.8698154141442658, "d1": -1.8667268951199196, "d2": 1.0, "d3": -0.9640432802169008, "d4": -2.1950505045406956, "p1": 41.30969640211769, "p2": 19.907943945252814, "p3": 17.84197316165433, "p4": 17.986924582142134, "pol1": 0.7044382940072472, "pol2": -0.5595988605309838, "pol3": 0.6273309185812226, "pol4": -0.387477416981157, "v0s": 4.995791826798148}, "datetime": {"datetime": "2022-05-16 20:43:26", "elapsed": 3621.859505, "delta": 5.779543}}
{"target": -1.0, "params": {"Bgrad": 0.8067562432831792, "d1": -0.23023890896132393, "d2": -1.0865253373220143, "d3": -2.6345699823437987, "d4": -0.6743611087876147, "p1": 37.45787997245131, "p2": 22.086789906207354, "p3": 20.266436837814872, "p4": 17.80174755494292, "pol1": 0.46323652470010535, "pol2": -0.3469736503185026, "pol3": -0.7649727598354561, "pol4": 0.1644888002384246, "v0s": 3.6328985109181335}, "datetime": {"datetime": "2022-05-16 20:43:33", "elapsed": 3629.115098, "delta": 7.255593}}
{"target": -1.0, "params": {"Bgrad": 0.8077815410393789, "d1": -0.1456373712693657, "d2": 0.3413399465477891, "d3": 0.5274197670920926, "d4": 0.521821360289811, "p1": 1.4074865599574715, "p2": 30.537181026902395, "p3": 15.478488989600425, "p4": 10.542156605279018, "pol1": 0.5269950580737504, "pol2": 0.4317602768110964, "pol3": 0.7544717163060128, "pol4": 0.5897561405314042, "v0s": 4.476029825040646}, "datetime": {"datetime": "2022-05-16 20:43:42", "elapsed": 3637.658248, "delta": 8.54315}}
{"target": -1.0, "params": {"Bgrad": 1.1829114994684113, "d1": -0.1284530980153569, "d2": 0.8188791608831132, "d3": -0.8481089307700586, "d4": 0.15781045950262862, "p1": 14.493224887946727, "p2": 6.095461682752406, "p3": 6.822740876831844, "p4": 36.85151378251414, "pol1": 0.7165639501153962, "pol2": -0.5604190440641449, "pol3": -1.0, "pol4": 0.8130195070204944, "v0s": 3.7199921224658112}, "datetime": {"datetime": "2022-05-16 20:43:50", "elapsed": 3646.183447, "delta": 8.525199}}
{"target": -1.0, "params": {"Bgrad": 1.2450130055701232, "d1": -2.8272354883666715, "d2": -0.07418915889794198, "d3": 0.13668197674569216, "d4": -2.630212250267681, "p1": 39.08048977479291, "p2": 21.977826561311666, "p3": 19.567092623532567, "p4": 19.33879217726432, "pol1": -0.5629099735358569, "pol2": -0.24371659742387708, "pol3": -0.10029582787307167, "pol4": -0.5156027392455322, "v0s": 3.52686175629293}, "datetime": {"datetime": "2022-05-16 20:44:03", "elapsed": 3658.353896, "delta": 12.170449}}
{"target": 3.5884638748635127, "params": {"Bgrad": 1.1230337604375389, "d1": -2.074945656704373, "d2": -2.0301943793502137, "d3": -1.4751518928142477, "d4": -2.434191023887451, "p1": 4.652271183922652, "p2": 34.71761192876991, "p3": 35.329637468628526, "p4": 35.457600444708085, "pol1": -0.07928385648978975, "pol2": -0.0875813523380704, "pol3": -0.9582770814182404, "pol4": 0.13843867066825433, "v0s": 3.5884638748635127}, "datetime": {"datetime": "2022-05-16 20:44:10", "elapsed": 3665.578572, "delta": 7.224676}}
{"target": 3.9336086545731987, "params": {"Bgrad": 0.9574003209020052, "d1": -2.9445407320102968, "d2": 0.7107073613860249, "d3": -1.4311935839737973, "d4": -2.402357201251898, "p1": 45.520729812778285, "p2": 18.46500768232262, "p3": 24.427539076311334, "p4": 10.093525448825453, "pol1": 0.026464336052324677, "pol2": -0.11454930131531182, "pol3": 0.07387202222848543, "pol4": 0.484623712389747, "v0s": 3.9336086545731987}, "datetime": {"datetime": "2022-05-16 20:44:16", "elapsed": 3672.08517, "delta": 6.506598}}
{"target": -1.0, "params": {"Bgrad": 1.1871118443507365, "d1": -2.224643699770441, "d2": 0.3657843097393664, "d3": -1.351413147124947, "d4": 1.0, "p1": 12.311341442118398, "p2": 23.02633121414543, "p3": 44.10317204909365, "p4": 29.63423133826991, "pol1": 0.2554261480638998, "pol2": 0.2922446971597271, "pol3": -0.20411843281108127, "pol4": 1.0, "v0s": 3.144419993133216}, "datetime": {"datetime": "2022-05-16 20:45:18", "elapsed": 3733.239605, "delta": 61.154435}}
{"target": -1.0, "params": {"Bgrad": 0.922194480951341, "d1": -1.7269459140367405, "d2": 0.2709352073049901, "d3": -0.3063971889606905, "d4": 0.8256563027223333, "p1": 17.3586996166788, "p2": 30.899231939023768, "p3": 48.02926872764888, "p4": 31.548993626753965, "pol1": -0.7674281294761939, "pol2": -0.041035237685805526, "pol3": 0.011614992675913519, "pol4": 0.13349178219628843, "v0s": 3.584629628163172}, "datetime": {"datetime": "2022-05-16 20:45:30", "elapsed": 3745.699279, "delta": 12.459674}}
{"target": 5.598293493646413, "params": {"Bgrad": 0.9378897943145105, "d1": -3.0, "d2": 1.0, "d3": -0.508460878674385, "d4": -1.7617697402855317, "p1": 45.42232327502634, "p2": 24.876839740383318, "p3": 22.18922913144385, "p4": 28.522103521442766, "pol1": 0.12599271647302343, "pol2": -0.6731332704839095, "pol3": 0.15822330133454618, "pol4": -0.20944255988428373, "v0s": 5.598293493646413}, "datetime": {"datetime": "2022-05-16 20:45:38", "elapsed": 3753.495428, "delta": 7.796149}}
{"target": 4.608162606906566, "params": {"Bgrad": 1.519206901355316, "d1": -1.2964208075826629, "d2": 0.9026958496955132, "d3": -1.2072212519887977, "d4": -2.2408115585443773, "p1": 40.530784317420014, "p2": 20.331189412180507, "p3": 18.588186690913776, "p4": 18.292451644763563, "pol1": 0.7731606098299768, "pol2": -0.600685017239971, "pol3": 0.11893901778976883, "pol4": 0.1546805789264719, "v0s": 4.608162606906566}, "datetime": {"datetime": "2022-05-16 20:45:45", "elapsed": 3761.162921, "delta": 7.667493}}
{"target": 3.6087212242548588, "params": {"Bgrad": 0.8713758529644554, "d1": -3.0, "d2": -3.0, "d3": -1.6526677342122773, "d4": -3.0, "p1": 4.780894648138649, "p2": 11.32488192577271, "p3": 36.42776155183091, "p4": 28.409590477182444, "pol1": -1.0, "pol2": -0.31856960226458153, "pol3": 0.8170844714689546, "pol4": 1.0, "v0s": 3.6087212242548588}, "datetime": {"datetime": "2022-05-16 20:45:51", "elapsed": 3766.420857, "delta": 5.257936}}
{"target": 3.3271995567513493, "params": {"Bgrad": 0.5, "d1": -0.8135513184949277, "d2": -0.5043291753459855, "d3": -2.5722663010233022, "d4": 0.18713796746756464, "p1": 14.660235682933884, "p2": 5.84997983200888, "p3": 7.225996962070958, "p4": 36.867427706057015, "pol1": 0.2460308173693373, "pol2": -0.6485932224929205, "pol3": 0.023573133491618478, "pol4": -1.0, "v0s": 3.3271995567513493}, "datetime": {"datetime": "2022-05-16 20:45:54", "elapsed": 3769.875617, "delta": 3.45476}}
{"target": 3.0949914451965563, "params": {"Bgrad": 1.4438705457432517, "d1": -1.0959878262874492, "d2": 0.8245789808903901, "d3": -2.33193973728475, "d4": -0.6502750897668426, "p1": 4.379620689343766, "p2": 31.49401488353612, "p3": 37.6396995769906, "p4": 33.08109898741693, "pol1": 0.21625398402139795, "pol2": 0.022638839595169324, "pol3": 0.5948387142616487, "pol4": 0.3065430879126365, "v0s": 3.0949914451965563}, "datetime": {"datetime": "2022-05-16 20:46:00", "elapsed": 3775.907484, "delta": 6.031867}}
{"target": 3.77557320465536, "params": {"Bgrad": 1.8024165882213636, "d1": -2.5694662751885673, "d2": -3.0, "d3": -2.7417869472837197, "d4": -1.8664238806227325, "p1": 25.256662461060575, "p2": 31.67902640889487, "p3": 44.18042753787429, "p4": 46.261014809118876, "pol1": -0.5861545108310943, "pol2": 0.6965185173887636, "pol3": -0.768365696079344, "pol4": -0.5940168931183459, "v0s": 3.77557320465536}, "datetime": {"datetime": "2022-05-16 20:46:07", "elapsed": 3783.171056, "delta": 7.263572}}
{"target": 4.508263998463866, "params": {"Bgrad": 1.1359080512577175, "d1": -0.458235117790883, "d2": -0.04207132231989091, "d3": -3.0, "d4": -2.4900162999505886, "p1": 29.997687647897976, "p2": 10.687661457771993, "p3": 37.61828414588108, "p4": 28.448035926253947, "pol1": 0.8254779590489892, "pol2": -0.08800849004092103, "pol3": -0.688680058483436, "pol4": -0.07167693156478915, "v0s": 4.508263998463866}, "datetime": {"datetime": "2022-05-16 20:46:16", "elapsed": 3791.417001, "delta": 8.245945}}
{"target": -1.0, "params": {"Bgrad": 0.5, "d1": -2.5886619110813482, "d2": 1.0, "d3": -0.4505786486915984, "d4": -1.9272399023246707, "p1": 45.78304025015616, "p2": 25.059561500002026, "p3": 22.09607269809158, "p4": 29.152998429228113, "pol1": -0.3305311879019883, "pol2": -0.36587211693783256, "pol3": -0.0687227693293862, "pol4": -0.9545750805605532, "v0s": 5.980399474363066}, "datetime": {"datetime": "2022-05-16 20:46:24", "elapsed": 3799.928237, "delta": 8.511236}}
{"target": -1.0, "params": {"Bgrad": 0.980403408633528, "d1": -0.06447820905202928, "d2": -1.7733721833980467, "d3": -2.8115574915934096, "d4": -2.009101922670952, "p1": 47.75459351951944, "p2": 20.762418766545593, "p3": 24.463938427447935, "p4": 13.828191068286294, "pol1": 0.3756841443656225, "pol2": 0.3617388341182779, "pol3": 0.055128773849435264, "pol4": -0.7239789004417387, "v0s": 3.515738491359248}, "datetime": {"datetime": "2022-05-16 20:46:36", "elapsed": 3811.484329, "delta": 11.556092}}
{"target": -1.0, "params": {"Bgrad": 1.34038864229379, "d1": -0.8904420478958452, "d2": 0.9078400279325551, "d3": 0.7519711883395663, "d4": -1.8328701682368913, "p1": 29.716584966102072, "p2": 6.9066156399216485, "p3": 10.166272718732339, "p4": 39.54422335188211, "pol1": -0.4080298353050098, "pol2": 0.904522017223168, "pol3": 0.75760955807267, "pol4": -0.730918614735907, "v0s": 2.3428240580974085}, "datetime": {"datetime": "2022-05-16 20:48:41", "elapsed": 3936.941778, "delta": 125.457449}}
{"target": 5.124664231581314, "params": {"Bgrad": 1.6627471287323539, "d1": -1.883083418087928, "d2": 0.6425198604700723, "d3": -0.6959674627143823, "d4": -1.7420076448887782, "p1": 40.08933043301759, "p2": 21.99167830504946, "p3": 18.133698120030207, "p4": 16.445513963677993, "pol1": 1.0, "pol2": -1.0, "pol3": 1.0, "pol4": -0.019850166127854414, "v0s": 5.124664231581314}, "datetime": {"datetime": "2022-05-16 20:48:49", "elapsed": 3944.415787, "delta": 7.474009}}
{"target": 3.0695733349198107, "params": {"Bgrad": 0.9172538763004922, "d1": -1.6424317020275518, "d2": -3.0, "d3": -2.388642799995314, "d4": -1.4064546560300049, "p1": 36.42601729728041, "p2": 34.71083532896347, "p3": 19.057434666741635, "p4": 21.543672804268542, "pol1": 0.5940804225327794, "pol2": 0.6051422586376363, "pol3": -0.45756116509525274, "pol4": -0.24023664984624069, "v0s": 3.0695733349198107}, "datetime": {"datetime": "2022-05-16 20:48:56", "elapsed": 3951.386144, "delta": 6.970357}}
{"target": -1.0, "params": {"Bgrad": 1.5126078783087986, "d1": -2.939365506211982, "d2": -0.12672830457196538, "d3": 0.5403925495387849, "d4": -0.339635868675924, "p1": 31.13598380651582, "p2": 8.994984151060848, "p3": 6.088382690760047, "p4": 24.97011250007699, "pol1": -0.01090308667764539, "pol2": -0.5211603452947864, "pol3": -0.9536434137309975, "pol4": 0.3499002401222202, "v0s": 5.923452822180003}, "datetime": {"datetime": "2022-05-16 20:49:09", "elapsed": 3965.046607, "delta": 13.660463}}
{"target": 4.30845006333945, "params": {"Bgrad": 0.9063384302749956, "d1": -3.0, "d2": 0.14271888271964617, "d3": -0.25801369465689633, "d4": -0.7394972083616047, "p1": 32.245305287261004, "p2": 8.14446292165094, "p3": 8.115986722037823, "p4": 25.3767706328463, "pol1": 0.9946057342094358, "pol2": -0.6624623699362444, "pol3": 0.7604090807548106, "pol4": 0.0224776337293251, "v0s": 4.30845006333945}, "datetime": {"datetime": "2022-05-16 20:49:15", "elapsed": 3970.544902, "delta": 5.498295}}
{"target": 6.018618720484714, "params": {"Bgrad": 0.6538636420339796, "d1": -2.6576498546900718, "d2": -0.9030149100373941, "d3": -2.663325469531936, "d4": 0.016634197681645535, "p1": 6.405750847561648, "p2": 35.58791412503544, "p3": 36.87327636054209, "p4": 32.68320166775054, "pol1": -0.32567682847747026, "pol2": 0.7088628466048672, "pol3": -0.38027462675683976, "pol4": 0.5052117991529006, "v0s": 6.018618720484714}, "datetime": {"datetime": "2022-05-16 20:49:21", "elapsed": 3976.888934, "delta": 6.344032}}
{"target": -1.0, "params": {"Bgrad": 0.8617926671465567, "d1": -1.7170391971638739, "d2": 0.6152831753662227, "d3": -1.4721600842824394, "d4": -1.1717337305050899, "p1": 38.95310851827583, "p2": 20.972523664327923, "p3": 17.997031456184025, "p4": 17.14334230493062, "pol1": 0.21126019306503574, "pol2": 0.2581695689410126, "pol3": 0.22795162589189988, "pol4": 0.8917751190037986, "v0s": 5.331325255285838}, "datetime": {"datetime": "2022-05-16 20:49:30", "elapsed": 3985.272511, "delta": 8.383577}}
{"target": -1.0, "params": {"Bgrad": 1.1193563646143805, "d1": -2.7165062393797546, "d2": -1.6580523224296697, "d3": -1.9666282936163628, "d4": 0.2503476376161462, "p1": 6.134592342070833, "p2": 36.620360159650865, "p3": 36.86349015067824, "p4": 35.44644034371747, "pol1": -0.1355079096817935, "pol2": -0.9624144244276676, "pol3": 0.5082176460636398, "pol4": 0.7059110885119968, "v0s": 7.307916770542813}, "datetime": {"datetime": "2022-05-16 20:49:40", "elapsed": 3996.031734, "delta": 10.759223}}
{"target": 3.45883139185963, "params": {"Bgrad": 1.0310767331952753, "d1": -0.48034337133546323, "d2": -0.3566045259136552, "d3": -2.4084025545767727, "d4": -1.0944681413704558, "p1": 31.713860321088355, "p2": 12.845563293171613, "p3": 38.83778391473688, "p4": 31.31689709793869, "pol1": 0.48358271304773415, "pol2": 0.19821853481869023, "pol3": -0.7250668413679426, "pol4": -0.9351267492302293, "v0s": 3.45883139185963}, "datetime": {"datetime": "2022-05-16 20:49:47", "elapsed": 4002.268054, "delta": 6.23632}}
{"target": 4.266921014235825, "params": {"Bgrad": 0.9141463483339118, "d1": -1.710546524137003, "d2": -1.038615043091315, "d3": -1.8321463366302213, "d4": -2.921370687943523, "p1": 6.038792074417254, "p2": 36.05510525626563, "p3": 35.83747888380052, "p4": 36.17440708868095, "pol1": 0.5705382266339323, "pol2": -0.35745596653489375, "pol3": 0.1522391216807888, "pol4": -0.6619225858051376, "v0s": 4.266921014235825}, "datetime": {"datetime": "2022-05-16 20:49:54", "elapsed": 4009.530629, "delta": 7.262575}}
{"target": -1.0, "params": {"Bgrad": 1.057048216639671, "d1": -1.9763887484841054, "d2": -0.7029720286966668, "d3": -2.9245359221832095, "d4": -1.4054689486797862, "p1": 6.263273612812914, "p2": 35.32414655824322, "p3": 34.417606806226836, "p4": 31.953690908203548, "pol1": 0.9015491673444158, "pol2": -0.7340081826735068, "pol3": -0.055445820433582815, "pol4": -0.6827180626948477, "v0s": 5.301987090558378}, "datetime": {"datetime": "2022-05-16 20:50:05", "elapsed": 4020.747628, "delta": 11.216999}}
