{"target": -1.0, "params": {"Bgrad": 0.6185968440247528, "d1": -2.931457900280519, "d2": 0.9855484935588636, "d3": -1.359326678872761, "d4": -1.8904953474336406, "p1": 42.75356158451481, "p2": 41.8252495316934, "p3": 32.236931644963974, "p4": 15.180717282619554, "pol1": -0.32275984680964176, "pol2": -0.5494598767840397, "pol3": 0.9167755392234891, "pol4": 0.5652272709489481, "v0s": 6.53964291949665}, "datetime": {"datetime": "2022-04-30 00:44:22", "elapsed": 119574.592198, "delta": 34.427945}}
{"target": 4.688374878256526, "params": {"Bgrad": 1.0390503699263023, "d1": -1.3683670005688198, "d2": -0.17903271911223917, "d3": -1.067401245057143, "d4": -2.2651456367059613, "p1": 6.675523628686103, "p2": 0.5994324774489203, "p3": 38.29061293495464, "p4": 46.4614927499798, "pol1": 0.30439854588257637, "pol2": -0.5473238471954971, "pol3": -0.22157850520632946, "pol4": 0.3556976825405036, "v0s": 4.688374878256526}, "datetime": {"datetime": "2022-04-30 00:45:11", "elapsed": 119624.523691, "delta": 49.931493}}
{"target": 3.8206703577370362, "params": {"Bgrad": 1.1092230158320069, "d1": -2.6940812310240196, "d2": -0.3557213969704285, "d3": -0.5536521633240112, "d4": 0.6395535355975541, "p1": 4.137380777523969, "p2": 8.392050039141608, "p3": 22.16720644221853, "p4": 18.517216873304797, "pol1": 0.44184140802972305, "pol2": -0.6652246352330153, "pol3": 0.5864264452114258, "pol4": 0.6374602563066916, "v0s": 3.8206703577370362}, "datetime": {"datetime": "2022-04-30 00:45:46", "elapsed": 119659.017461, "delta": 34.49377}}
{"target": 4.313735827410945, "params": {"Bgrad": 0.6490014020084889, "d1": -2.8198529220513455, "d2": 0.5128512738954663, "d3": -2.3919505818554114, "d4": -2.0346042927490267, "p1": 31.722787497227067, "p2": 28.058480839880385, "p3": 8.16557892554603, "p4": 8.832880702484609, "pol1": -0.4544842107354541, "pol2": -0.26535999800252164, "pol3": 0.09044827489912688, "pol4": -0.5084284283401006, "v0s": 4.313735827410945}, "datetime": {"datetime": "2022-04-30 00:46:08", "elapsed": 119680.561855, "delta": 21.544394}}
{"target": 3.1456028746401583, "params": {"Bgrad": 1.5818910345934487, "d1": -2.260798338851727, "d2": 0.7846867277621711, "d3": -2.5736641067896757, "d4": -2.6303139480806594, "p1": 40.704747971998756, "p2": 3.73536295401895, "p3": 21.034166663204463, "p4": 33.02541496503888, "pol1": -0.19462753622968815, "pol2": 0.8460187236364137, "pol3": 0.09274050221375872, "pol4": 0.8998125895608791, "v0s": 3.1456028746401583}, "datetime": {"datetime": "2022-04-30 00:46:34", "elapsed": 119707.10987, "delta": 26.548015}}
{"target": -1.0, "params": {"Bgrad": 1.3395677149550935, "d1": -1.0652810888875943, "d2": -0.398785197522312, "d3": -1.0144862018801821, "d4": -0.11642568615783544, "p1": 4.576554300203539, "p2": 1.1952530292807462, "p3": 42.89331803634456, "p4": 47.615515970390675, "pol1": -0.40573946107375947, "pol2": 0.2596912280599579, "pol3": 0.7575122375683228, "pol4": 0.7116361303186414, "v0s": 4.622080888373922}, "datetime": {"datetime": "2022-04-30 00:47:26", "elapsed": 119759.315283, "delta": 52.205413}}
{"target": 4.033721140805966, "params": {"Bgrad": 1.873487894457791, "d1": -1.8968532943125485, "d2": 0.6413560424200783, "d3": -1.2973058533729354, "d4": -2.065961380478011, "p1": 2.465488322653853, "p2": 46.19430866291521, "p3": 48.21702730143033, "p4": 36.169866884368425, "pol1": -0.6338272431146387, "pol2": 0.2497208117976914, "pol3": 0.5479319891452572, "pol4": -0.27367982587218215, "v0s": 4.033721140805966}, "datetime": {"datetime": "2022-04-30 00:48:27", "elapsed": 119819.570172, "delta": 60.254889}}
{"target": -1.0, "params": {"Bgrad": 1.1261756552318867, "d1": 0.7942402488644587, "d2": 0.3693560430615985, "d3": -1.5199695533479445, "d4": -2.552461862746625, "p1": 3.603434475400491, "p2": 18.890300836259627, "p3": 14.965173084571449, "p4": 26.268084390722237, "pol1": -0.4179822589606399, "pol2": -0.38723336219152493, "pol3": 0.9122634615518372, "pol4": 0.4772779032456069, "v0s": 3.3245145095473285}, "datetime": {"datetime": "2022-04-30 00:49:12", "elapsed": 119864.963797, "delta": 45.393625}}
{"target": 5.108838680347991, "params": {"Bgrad": 1.711080560648677, "d1": -2.2981941393678564, "d2": -0.924955276396976, "d3": -0.14562680627327224, "d4": -2.3983016111543067, "p1": 27.55397137568588, "p2": 10.551753063879678, "p3": 37.98623684558782, "p4": 35.86496233936253, "pol1": -0.5636393274672963, "pol2": 0.9205593543660868, "pol3": -1.0, "pol4": 1.0, "v0s": 5.108838680347991}, "datetime": {"datetime": "2022-04-30 00:49:45", "elapsed": 119898.157045, "delta": 33.193248}}
{"target": 4.728833416144563, "params": {"Bgrad": 0.7332556988632604, "d1": -1.5441831778269863, "d2": 0.26003140810095715, "d3": -2.750133045426971, "d4": -2.369539697435005, "p1": 22.940318963986968, "p2": 27.706203957068016, "p3": 11.191008063693308, "p4": 36.986271766492884, "pol1": 0.8457777301453833, "pol2": 0.030309339271674007, "pol3": -0.24573750994149646, "pol4": 0.7741415329232466, "v0s": 4.728833416144563}, "datetime": {"datetime": "2022-04-30 00:50:16", "elapsed": 119928.863941, "delta": 30.706896}}
{"target": 3.1610176775141356, "params": {"Bgrad": 1.3948548315177582, "d1": -2.0700176918775823, "d2": 0.7021141779449018, "d3": -2.2836556222989266, "d4": -0.038572090731723886, "p1": 48.67328825614849, "p2": 44.812304746997896, "p3": 7.002318275200753, "p4": 21.171258840397517, "pol1": -0.18361361095474424, "pol2": 0.819680539418561, "pol3": -0.4416117380044391, "pol4": 0.14053460947041116, "v0s": 3.1610176775141356}, "datetime": {"datetime": "2022-04-30 00:50:52", "elapsed": 119964.665215, "delta": 35.801274}}
{"target": 3.6680635062960345, "params": {"Bgrad": 1.2273238878215822, "d1": -2.5933843754160146, "d2": -2.693210268332383, "d3": -1.2217830360014905, "d4": -2.408987601102382, "p1": 9.714648074664984, "p2": 4.239226350889503, "p3": 27.009545773162593, "p4": 12.20914868956086, "pol1": -0.27416987958364825, "pol2": 0.11642791404690711, "pol3": 0.10212054106673452, "pol4": -0.15076847897384837, "v0s": 3.6680635062960345}, "datetime": {"datetime": "2022-04-30 00:51:17", "elapsed": 119989.619492, "delta": 24.954277}}
{"target": -1.0, "params": {"Bgrad": 0.8982377415438579, "d1": -2.587046899359997, "d2": 0.24256594700941791, "d3": -0.8903643261268632, "d4": -0.2962548526609585, "p1": 5.9797077572928075, "p2": 11.735883893572879, "p3": 33.432816687443385, "p4": 2.601799040028352, "pol1": -0.5217336655734057, "pol2": 0.8900126463650977, "pol3": 0.21258220185715593, "pol4": -0.14107534832423463, "v0s": 3.491313807625251}, "datetime": {"datetime": "2022-04-30 00:51:48", "elapsed": 120021.210024, "delta": 31.590532}}
{"target": -1.0, "params": {"Bgrad": 1.5055793576699004, "d1": -2.120678053563237, "d2": 0.5560689960708118, "d3": 0.25884774908637453, "d4": 0.9013239556301325, "p1": 47.61370715776906, "p2": 25.304848690092857, "p3": 23.039892050176135, "p4": 5.593860709029247, "pol1": 0.6379912575582602, "pol2": -0.3556831991110798, "pol3": -0.9594290459112997, "pol4": 0.37792071699376417, "v0s": 6.128800457886208}, "datetime": {"datetime": "2022-04-30 00:52:28", "elapsed": 120061.456412, "delta": 40.246388}}
{"target": 4.79851462661845, "params": {"Bgrad": 1.3903060768930895, "d1": -1.3171936190227331, "d2": 0.40874731794041913, "d3": -0.5772784279182519, "d4": -1.696631814192822, "p1": 3.018509504808177, "p2": 31.888103793160532, "p3": 12.236239970945363, "p4": 21.140623659971205, "pol1": 0.5649355504610378, "pol2": 0.44834606383125797, "pol3": -0.39162232252603085, "pol4": 0.3551423767169999, "v0s": 4.79851462661845}, "datetime": {"datetime": "2022-04-30 00:52:58", "elapsed": 120090.710194, "delta": 29.253782}}
{"target": 2.537637014818104, "params": {"Bgrad": 1.9292117956150023, "d1": -0.19504134534695458, "d2": -1.31034733125206, "d3": -2.5666469436601567, "d4": -0.10141804066643213, "p1": 27.055393003289996, "p2": 9.529264305734475, "p3": 9.133089479254597, "p4": 45.88866443253636, "pol1": -0.6005070744019821, "pol2": 0.5841596491620175, "pol3": -0.5261168074749673, "pol4": 0.4674678284031204, "v0s": 2.537637014818104}, "datetime": {"datetime": "2022-04-30 00:53:41", "elapsed": 120133.788011, "delta": 43.077817}}
{"target": -1.0, "params": {"Bgrad": 1.7348762330067782, "d1": -0.026280935851561882, "d2": -0.4228875013303095, "d3": -1.8796682090568928, "d4": -1.309010285718648, "p1": 3.1647353466551618, "p2": 31.257769068812173, "p3": 25.254634208645093, "p4": 22.229789736023868, "pol1": 0.40377230418140164, "pol2": -0.03836465233672892, "pol3": 0.07292263020354683, "pol4": -0.9920632083067285, "v0s": 4.092100295339581}, "datetime": {"datetime": "2022-04-30 00:54:48", "elapsed": 120201.495972, "delta": 67.707961}}
{"target": -1.0, "params": {"Bgrad": 1.3406707710519286, "d1": -1.4976761324920167, "d2": 0.42411170088789873, "d3": -0.8952969101488644, "d4": 0.6546647127620506, "p1": 3.4431774225807956, "p2": 7.444686833171755, "p3": 22.419977648315626, "p4": 15.116804107656629, "pol1": -0.04558258152071448, "pol2": 0.43362812117532146, "pol3": 0.9664654800248513, "pol4": 0.9300722075427477, "v0s": 6.568979458577981}, "datetime": {"datetime": "2022-04-30 00:56:01", "elapsed": 120273.879432, "delta": 72.38346}}
{"target": 4.626233193451237, "params": {"Bgrad": 1.0890131955475821, "d1": -1.3871274824414321, "d2": 0.44374452743122283, "d3": -1.5397480828799206, "d4": -0.6828500273429277, "p1": 10.183578872017657, "p2": 38.4049523696382, "p3": 32.897615566647836, "p4": 10.082106862479623, "pol1": -0.3701765635138501, "pol2": -0.04326608406936172, "pol3": 0.3041713258914607, "pol4": -0.6718031285338748, "v0s": 4.626233193451237}, "datetime": {"datetime": "2022-04-30 00:56:43", "elapsed": 120315.816301, "delta": 41.936869}}
{"target": -1.0, "params": {"Bgrad": 1.380899772158045, "d1": -2.2480492710819693, "d2": -0.5878613964545054, "d3": -1.7830263642950395, "d4": -1.9434569295895945, "p1": 36.14893145052082, "p2": 3.0145064539828734, "p3": 8.77098784657761, "p4": 38.6221033652202, "pol1": -0.3061313053046908, "pol2": 0.9680880799099967, "pol3": 0.17668162579502011, "pol4": -0.5251529180571217, "v0s": 2.852046521976633}, "datetime": {"datetime": "2022-04-30 00:57:08", "elapsed": 120341.208407, "delta": 25.392106}}
{"target": 4.365358530469911, "params": {"Bgrad": 0.5724740569567434, "d1": -2.225155683945213, "d2": 0.2703038049029556, "d3": -2.2203852720556005, "d4": -1.794686671378293, "p1": 31.78941546445667, "p2": 8.947533898060295, "p3": 7.509330668766196, "p4": 25.901469060513595, "pol1": 0.2366357907697887, "pol2": -0.32903505987044657, "pol3": 0.9175518902504649, "pol4": 0.5467492866573123, "v0s": 4.365358530469911}, "datetime": {"datetime": "2022-04-30 00:57:52", "elapsed": 120385.310485, "delta": 44.102078}}
{"target": 2.585194059628161, "params": {"Bgrad": 1.9954847490931051, "d1": 0.4913382760726406, "d2": -1.9231700302811836, "d3": -1.99212906209025, "d4": -1.236315289403183, "p1": 4.389139119051472, "p2": 42.26837993234169, "p3": 47.10755627532202, "p4": 42.265222842173685, "pol1": -0.9624962258350114, "pol2": 0.5698391704775843, "pol3": 0.8161256755697575, "pol4": 0.8981462498973287, "v0s": 2.585194059628161}, "datetime": {"datetime": "2022-04-30 00:58:47", "elapsed": 120439.678116, "delta": 54.367631}}
{"target": 5.348909362622837, "params": {"Bgrad": 1.1601092085720806, "d1": -2.2937603962495237, "d2": -0.3330235721455559, "d3": -0.07627991093706699, "d4": -0.06760414733540192, "p1": 3.418384213946154, "p2": 8.164358849565923, "p3": 22.078369559276947, "p4": 17.864631345424062, "pol1": -0.5035639830748861, "pol2": 0.24363918058441392, "pol3": 0.2573521647151213, "pol4": -0.510948129735405, "v0s": 5.348909362622837}, "datetime": {"datetime": "2022-04-30 00:59:16", "elapsed": 120468.543934, "delta": 28.865818}}
{"target": -1.0, "params": {"Bgrad": 0.5, "d1": -2.0704537094978694, "d2": -2.6795484572399495, "d3": -2.71669143655345, "d4": -3.0, "p1": 16.666215194423184, "p2": 17.982219579004884, "p3": 39.67249524712744, "p4": 31.051361064651235, "pol1": 1.0, "pol2": -0.99665692977061, "pol3": 0.739833111723945, "pol4": -0.7590602935961859, "v0s": 4.352987404125914}, "datetime": {"datetime": "2022-04-30 00:59:39", "elapsed": 120492.179737, "delta": 23.635803}}
{"target": 4.775090748349779, "params": {"Bgrad": 0.9443777116285998, "d1": -2.2694470356616314, "d2": -0.18780501188644472, "d3": -1.278253648867314, "d4": -0.3541646157538487, "p1": 13.515203040104467, "p2": 39.74594226257874, "p3": 1.1690575240921708, "p4": 31.070864334910453, "pol1": 0.41536875048163546, "pol2": -0.9619192622435808, "pol3": 0.7471821004083627, "pol4": 0.7243217833871294, "v0s": 4.775090748349779}, "datetime": {"datetime": "2022-04-30 01:00:03", "elapsed": 120516.051908, "delta": 23.872171}}
{"target": 3.362879017359254, "params": {"Bgrad": 1.5089575438888092, "d1": 0.6223929531591881, "d2": -0.7597588227665075, "d3": -1.1286907309038146, "d4": -1.882812704504015, "p1": 4.2436664777734165, "p2": 2.993558896084986, "p3": 40.47273994210576, "p4": 47.57053682830962, "pol1": -0.6474900926036262, "pol2": 0.7145663820430499, "pol3": -0.15012422453462726, "pol4": -0.9115131283724045, "v0s": 3.362879017359254}, "datetime": {"datetime": "2022-04-30 01:00:30", "elapsed": 120542.839282, "delta": 26.787374}}
{"target": -1.0, "params": {"Bgrad": 0.8813030286244762, "d1": -2.018331767802224, "d2": -2.317198409765951, "d3": -1.59003971391971, "d4": 0.5864741706981809, "p1": 28.777334974388364, "p2": 9.426555374309558, "p3": 35.941250186032214, "p4": 5.686894160273215, "pol1": -0.7677323683288564, "pol2": 0.16760049705963276, "pol3": -0.38128706337229956, "pol4": -0.01948489664941344, "v0s": 3.3616313698041393}, "datetime": {"datetime": "2022-04-30 01:01:26", "elapsed": 120599.225516, "delta": 56.386234}}
{"target": -1.0, "params": {"Bgrad": 1.8302646809460963, "d1": -2.4250140986031945, "d2": -0.9077369541589997, "d3": -1.7312245378594815, "d4": -1.0418927873193424, "p1": 17.506340356597754, "p2": 15.558865619392591, "p3": 30.342592433582794, "p4": 36.84156794524254, "pol1": 0.641030168027291, "pol2": -0.037841522788740534, "pol3": -0.2255808801825001, "pol4": 0.46425693706381566, "v0s": 5.587619731068804}, "datetime": {"datetime": "2022-04-30 01:02:04", "elapsed": 120636.725249, "delta": 37.499733}}
{"target": -1.0, "params": {"Bgrad": 1.5425318321976857, "d1": -1.299832055806129, "d2": -0.8414004155015622, "d3": -2.0754474181530753, "d4": -0.2548035032359923, "p1": 23.62832309725828, "p2": 28.67151733789291, "p3": 26.24360611847613, "p4": 6.615617767348025, "pol1": -0.6031972447113663, "pol2": 0.5401764600453809, "pol3": 0.27365558816650815, "pol4": -0.1739573952485962, "v0s": 3.276715924605188}, "datetime": {"datetime": "2022-04-30 01:02:27", "elapsed": 120659.745696, "delta": 23.020447}}
{"target": 3.7668381607060586, "params": {"Bgrad": 0.904653660429262, "d1": -1.9919190744061692, "d2": 0.6803111271843263, "d3": -2.67208070565438, "d4": -1.7029620049960386, "p1": 12.024320919461706, "p2": 19.168235848042098, "p3": 39.268534388634144, "p4": 49.729990644227016, "pol1": -0.16024355684573874, "pol2": 0.43570296520508267, "pol3": -0.8252287502323397, "pol4": -0.4818834415391671, "v0s": 3.7668381607060586}, "datetime": {"datetime": "2022-04-30 01:02:52", "elapsed": 120684.996181, "delta": 25.250485}}
{"target": 3.7712807003865265, "params": {"Bgrad": 1.2437359930319887, "d1": -0.5747304399822699, "d2": 0.3373157411298924, "d3": -0.26608880392679835, "d4": 0.3389990429226244, "p1": 1.8146189938398893, "p2": 8.75897508122393, "p3": 22.491140615286664, "p4": 19.31282705156275, "pol1": -0.6485062519478624, "pol2": -0.18000581241659352, "pol3": 0.9669147707723389, "pol4": 0.31539113329013135, "v0s": 3.7712807003865265}, "datetime": {"datetime": "2022-04-30 01:03:18", "elapsed": 120711.080436, "delta": 26.084255}}
{"target": 4.899424199947577, "params": {"Bgrad": 0.5, "d1": -3.0, "d2": -3.0, "d3": -2.9669824540753473, "d4": -1.0265575846140669, "p1": 5.793778543764663, "p2": 1.684279130138256, "p3": 37.64960493942914, "p4": 19.737431637570577, "pol1": 0.2940888245642931, "pol2": 0.023623451946573996, "pol3": -0.18741180552643516, "pol4": -0.008375662198725526, "v0s": 4.899424199947577}, "datetime": {"datetime": "2022-04-30 01:03:45", "elapsed": 120737.622468, "delta": 26.542032}}
{"target": 4.083882730616773, "params": {"Bgrad": 1.3067865983642524, "d1": -0.7475842857480552, "d2": -0.20125022729527675, "d3": -0.19981156062105443, "d4": -2.8748134905585947, "p1": 40.39097110507338, "p2": 40.0557824873509, "p3": 31.44886375386251, "p4": 36.497108928364, "pol1": 0.2563950763751319, "pol2": 0.8552067144823676, "pol3": -0.3946913573706272, "pol4": 0.21947139415311656, "v0s": 4.083882730616773}, "datetime": {"datetime": "2022-04-30 01:04:16", "elapsed": 120769.427427, "delta": 31.804959}}
{"target": 3.9025020942784465, "params": {"Bgrad": 1.5918352902310458, "d1": -1.3492649888681385, "d2": 0.12936116478794227, "d3": -1.5614158098583348, "d4": -1.1797618116930313, "p1": 29.087790211607864, "p2": 45.041711506422786, "p3": 24.179748914481138, "p4": 27.409527415339312, "pol1": -0.22917918503279655, "pol2": 0.2197514014536996, "pol3": -0.6263445459240351, "pol4": -0.5349179885215797, "v0s": 3.9025020942784465}, "datetime": {"datetime": "2022-04-30 01:04:46", "elapsed": 120799.045234, "delta": 29.617807}}
{"target": -1.0, "params": {"Bgrad": 1.4148589612063296, "d1": -2.2876780755407964, "d2": -0.6478104365263091, "d3": -0.8963672692807068, "d4": -0.16151315705166036, "p1": 23.573663358369036, "p2": 23.208118321250943, "p3": 7.332628828481186, "p4": 32.72856754165771, "pol1": -0.7794187162277466, "pol2": -0.8982159486327614, "pol3": 0.398331848550147, "pol4": -0.4773077246171633, "v0s": 2.5071324684090794}, "datetime": {"datetime": "2022-04-30 01:05:20", "elapsed": 120833.188941, "delta": 34.143707}}
{"target": -1.0, "params": {"Bgrad": 0.5535371711953189, "d1": -0.984303115709884, "d2": -0.14562586684382461, "d3": -2.802652358364597, "d4": -0.3275436891515997, "p1": 6.235611128847407, "p2": 12.931780861784869, "p3": 35.46005432647462, "p4": 2.5228810065417164, "pol1": -0.8769265553740997, "pol2": 0.681922221598855, "pol3": -0.049304323889162394, "pol4": 0.7868977395834393, "v0s": 5.539042389897226}, "datetime": {"datetime": "2022-04-30 01:06:33", "elapsed": 120906.451051, "delta": 73.26211}}
{"target": 4.697746141188169, "params": {"Bgrad": 1.443067242628293, "d1": -1.3339315543284433, "d2": 0.4744292313188412, "d3": 0.06218860982171748, "d4": -0.7112056124698549, "p1": 14.764231419338337, "p2": 19.202269813329544, "p3": 23.74413382764725, "p4": 20.409098528133544, "pol1": -0.6334788383853844, "pol2": 0.6321700430785326, "pol3": 0.21430760978836205, "pol4": 0.9279822414479282, "v0s": 4.697746141188169}, "datetime": {"datetime": "2022-04-30 01:07:56", "elapsed": 120989.362361, "delta": 82.91131}}
{"target": -1.0, "params": {"Bgrad": 1.4655266626190204, "d1": -1.413007995262804, "d2": 0.19620911373453787, "d3": 0.5183423885595948, "d4": -1.6774654881800255, "p1": 39.83616559208741, "p2": 40.47629059847599, "p3": 32.28313853926903, "p4": 36.1708939094533, "pol1": -0.30653050428509965, "pol2": 0.6937069951013763, "pol3": -0.7211847612678821, "pol4": 0.44079589447476897, "v0s": 3.9440307443326743}, "datetime": {"datetime": "2022-04-30 01:09:15", "elapsed": 121068.498764, "delta": 79.136403}}
{"target": 4.136394257952011, "params": {"Bgrad": 1.369585070108529, "d1": -1.6321598557265469, "d2": 0.12739579829754094, "d3": -0.9718545250237064, "d4": -2.5184113793154146, "p1": 19.994537283443194, "p2": 38.66828912396628, "p3": 20.296385605977797, "p4": 29.595156884291892, "pol1": -0.0740010676290189, "pol2": 0.41164793245266, "pol3": -0.6079199914478295, "pol4": 0.8309893191862447, "v0s": 4.136394257952011}, "datetime": {"datetime": "2022-04-30 01:09:51", "elapsed": 121104.433681, "delta": 35.934917}}
{"target": -1.0, "params": {"Bgrad": 0.8108401397260471, "d1": -2.07461639744647, "d2": 0.42066513384485527, "d3": -0.5790978020285236, "d4": -1.5009730647922797, "p1": 21.467867644758165, "p2": 24.146497498428843, "p3": 42.145348120560016, "p4": 43.71397898916976, "pol1": -0.8821028757052463, "pol2": -0.08816218174491808, "pol3": -0.035431362525934595, "pol4": -0.6412750618718319, "v0s": 6.224868241955914}, "datetime": {"datetime": "2022-04-30 01:10:24", "elapsed": 121137.488299, "delta": 33.054618}}
{"target": -1.0, "params": {"Bgrad": 0.5663131471472109, "d1": -0.6423051636063963, "d2": -0.6109678769625382, "d3": -1.3084440004536493, "d4": -2.885256034455669, "p1": 26.345082815355337, "p2": 6.941848842108533, "p3": 33.4356967857325, "p4": 29.899396505097357, "pol1": -0.7546819900442474, "pol2": -0.5932973304424862, "pol3": -0.4762046830636808, "pol4": 0.027930637919598933, "v0s": 2.791300705255794}, "datetime": {"datetime": "2022-04-30 01:11:05", "elapsed": 121177.583095, "delta": 40.094796}}
{"target": -1.0, "params": {"Bgrad": 1.9474151656703589, "d1": -1.7608192022308922, "d2": -0.8560319538057297, "d3": -2.979335971003937, "d4": -1.5581113024146154, "p1": 13.210400202838708, "p2": 29.281943173918183, "p3": 16.49203315591815, "p4": 2.438759881629732, "pol1": 0.7060707446843615, "pol2": 0.07994468390718845, "pol3": -0.5949726221808469, "pol4": 0.35181175463704606, "v0s": 2.9445696488797695}, "datetime": {"datetime": "2022-04-30 01:12:01", "elapsed": 121233.854633, "delta": 56.271538}}
{"target": -1.0, "params": {"Bgrad": 0.9861133779704123, "d1": -1.0927463131098785, "d2": -1.1602369940014987, "d3": -2.0177809752865064, "d4": -1.603397108579474, "p1": 9.262116446407953, "p2": 35.46668424250605, "p3": 31.19647964086513, "p4": 7.178340006138223, "pol1": 0.3967095050200493, "pol2": 0.5881387820820481, "pol3": -0.040944192547031966, "pol4": 0.0971549135026668, "v0s": 3.0646246503282386}, "datetime": {"datetime": "2022-04-30 01:12:41", "elapsed": 121274.371299, "delta": 40.516666}}
