{"target": -1.0, "params": {"Bgrad": 1.3246626298460966, "d1": -0.16320461790947682, "d2": -2.784367867780302, "d3": 0.40654432864779855, "d4": -0.07005061541449642, "p1": 15.418729985615437, "p2": 27.2241596241531, "p3": 19.563612085286252, "p4": 26.72868875788271, "pol1": -0.7400866821606069, "pol2": -0.5408551062910445, "pol3": -0.6358282487304054, "pol4": -0.0018339926715047472, "v0s": 5.612085663854092}, "datetime": {"datetime": "2022-06-13 05:45:47", "elapsed": 13394.709209, "delta": 12.969335}}
{"target": -1.0, "params": {"Bgrad": 0.8905197035631847, "d1": -1.7834186571035406, "d2": -2.737318320301986, "d3": -2.0492961359785187, "d4": -1.4346645002661966, "p1": 16.270848924104577, "p2": 10.258579926517847, "p3": 28.532797106252822, "p4": 17.204425051510697, "pol1": 0.3659151959818612, "pol2": 0.005393917174259855, "pol3": -0.9776418755096961, "pol4": -0.21375050655212857, "v0s": 4.837732099174379}, "datetime": {"datetime": "2022-06-13 05:46:00", "elapsed": 13407.600752, "delta": 12.891543}}
{"target": -1.0, "params": {"Bgrad": 1.4519826950782426, "d1": 0.7222398921606494, "d2": -2.6158606647857767, "d3": -2.6732234506033072, "d4": 0.5664086539975592, "p1": 39.05243419683053, "p2": 4.79780553063992, "p3": 40.741437344489256, "p4": 7.9548364946410155, "pol1": -0.40971433545027924, "pol2": 0.8133827649655647, "pol3": 0.5611774426777316, "pol4": -0.6943815948844418, "v0s": 7.334354667210711}, "datetime": {"datetime": "2022-06-13 05:46:13", "elapsed": 13420.312775, "delta": 12.712023}}
{"target": -1.0, "params": {"Bgrad": 0.7352925124069155, "d1": -0.44021383726999463, "d2": -2.2655415029374755, "d3": -0.7610159758081156, "d4": -0.8975645349640304, "p1": 12.610729738874122, "p2": 10.990822480017687, "p3": 48.28969582886836, "p4": 24.65249908839464, "pol1": 0.6921840587941839, "pol2": -0.036630591748275654, "pol3": -0.5370944987121435, "pol4": 0.11448701327765831, "v0s": 7.599530767752474}, "datetime": {"datetime": "2022-06-13 05:46:20", "elapsed": 13427.672105, "delta": 7.35933}}
{"target": 3.3274467493476454, "params": {"Bgrad": 1.4073485492039128, "d1": -2.121952191442712, "d2": -0.45422092106764556, "d3": -0.5160585291394071, "d4": -1.5793779184207262, "p1": 21.527793178299948, "p2": 15.361275575358647, "p3": 5.1130588976661, "p4": 0.20579464905377542, "pol1": 0.8463139949146863, "pol2": -0.1423304575779405, "pol3": -0.17477188064016302, "pol4": -0.2091347288439369, "v0s": 3.3274467493476454}, "datetime": {"datetime": "2022-06-13 05:46:26", "elapsed": 13433.280116, "delta": 5.608011}}
{"target": -1.0, "params": {"Bgrad": 1.0426966427317412, "d1": -2.8094261601425146, "d2": -2.3489673153842543, "d3": -1.724999653113862, "d4": -2.0889413890840576, "p1": 17.40363540144014, "p2": 19.141528691567363, "p3": 12.307829431558142, "p4": 5.124834633895259, "pol1": 0.2991277105084411, "pol2": -0.8847473275274962, "pol3": -0.29975073565360866, "pol4": -0.810038121271137, "v0s": 4.810914909201879}, "datetime": {"datetime": "2022-06-13 05:46:41", "elapsed": 13448.847507, "delta": 15.567391}}
{"target": -1.0, "params": {"Bgrad": 0.6146932613538392, "d1": -1.951753566376237, "d2": -1.640024333012637, "d3": 0.20703787442013377, "d4": -2.833459698131555, "p1": 12.341234257781302, "p2": 18.761044271733248, "p3": 7.690057751907631, "p4": 11.522282243184945, "pol1": -0.8483570553683821, "pol2": -0.9446527358711736, "pol3": -0.46374441453200377, "pol4": -0.6906602105077231, "v0s": 2.8457668641058564}, "datetime": {"datetime": "2022-06-13 05:46:52", "elapsed": 13459.87204, "delta": 11.024533}}
{"target": -1.0, "params": {"Bgrad": 1.1014547724106756, "d1": -1.9386377880711696, "d2": -1.5238842024374546, "d3": -0.9442846936780862, "d4": -2.5984631629292405, "p1": 1.5191420406906353, "p2": 38.25426567391022, "p3": 20.75246242504825, "p4": 11.789922537731162, "pol1": -0.13334356567907113, "pol2": 0.9665526005934455, "pol3": -0.03549725864613973, "pol4": -0.30170840872714466, "v0s": 6.8252187983053645}, "datetime": {"datetime": "2022-06-13 05:47:06", "elapsed": 13473.844694, "delta": 13.972654}}
{"target": -1.0, "params": {"Bgrad": 0.9853687994711879, "d1": -1.6805931511147096, "d2": -2.736442193536816, "d3": 0.2934344151411463, "d4": -1.7187630557084486, "p1": 7.6693590686699284, "p2": 14.17093935945774, "p3": 13.490934810827648, "p4": 21.07395665632432, "pol1": -0.9943795547550549, "pol2": 0.46073459145784956, "pol3": -0.9492126815023936, "pol4": 0.4571753188594794, "v0s": 4.555265210681275}, "datetime": {"datetime": "2022-06-13 05:47:18", "elapsed": 13485.868555, "delta": 12.023861}}
{"target": -1.0, "params": {"Bgrad": 1.494478524688235, "d1": -0.1053764843053786, "d2": -1.2188586680276448, "d3": -2.7441326613182824, "d4": -2.4981487815268624, "p1": 21.83752155776102, "p2": 15.28629225777427, "p3": 9.147769745922545, "p4": 33.73020341390515, "pol1": -0.7992154687319166, "pol2": -0.31844704391141954, "pol3": -0.8596322400952634, "pol4": 0.19600815690933193, "v0s": 6.439436220403513}, "datetime": {"datetime": "2022-06-13 05:47:32", "elapsed": 13500.055636, "delta": 14.187081}}
{"target": -1.0, "params": {"Bgrad": 1.0199950239648936, "d1": 0.7315679187192159, "d2": -1.7614052360587271, "d3": -1.436937721820505, "d4": 0.5513337443282817, "p1": 3.114149403999389, "p2": 46.80732364645809, "p3": 15.87356130706552, "p4": 32.81980271681896, "pol1": 0.10355424380817602, "pol2": -0.5284412213021621, "pol3": 0.39017680853321646, "pol4": 0.5473542777933955, "v0s": 3.772188002734204}, "datetime": {"datetime": "2022-06-13 05:47:48", "elapsed": 13515.821504, "delta": 15.765868}}
{"target": -1.0, "params": {"Bgrad": 1.3852228275345193, "d1": 0.35215207218465894, "d2": 0.5378176707716404, "d3": -2.2774147243320892, "d4": -0.5301306024750976, "p1": 28.01074466829273, "p2": 13.519512375736792, "p3": 9.768552472798714, "p4": 40.2898342537948, "pol1": 0.7031360521555539, "pol2": -0.7208641793161923, "pol3": -0.7399772480193016, "pol4": 0.4407834204452461, "v0s": 7.0948557850953415}, "datetime": {"datetime": "2022-06-13 05:48:01", "elapsed": 13528.839701, "delta": 13.018197}}
{"target": -1.0, "params": {"Bgrad": 1.1718971683917043, "d1": -2.751344754576275, "d2": -2.8590961732776736, "d3": -1.9559136240486832, "d4": -2.4648612953109534, "p1": 34.41337313069942, "p2": 9.575581062392224, "p3": 3.8093407671092647, "p4": 6.92086912659649, "pol1": 0.32738429124492585, "pol2": -0.6871876707997406, "pol3": -0.19416366244826477, "pol4": -0.617620096744476, "v0s": 6.39211637352043}, "datetime": {"datetime": "2022-06-13 05:48:16", "elapsed": 13543.231235, "delta": 14.391534}}
{"target": -1.0, "params": {"Bgrad": 1.066703165908352, "d1": -1.4221153530279085, "d2": -2.7188286286514884, "d3": -0.9192042776696794, "d4": -0.949719507987524, "p1": 7.600401886336572, "p2": 7.021310186657315, "p3": 11.006889468983461, "p4": 10.874972107395548, "pol1": 0.15076452147350583, "pol2": 0.8395757514082134, "pol3": 0.3284905410319654, "pol4": 0.8470710034879865, "v0s": 4.478009566666861}, "datetime": {"datetime": "2022-06-13 05:48:27", "elapsed": 13554.859155, "delta": 11.62792}}
{"target": -1.0, "params": {"Bgrad": 1.9691860855175707, "d1": 0.2579140810908447, "d2": -1.4439738021784683, "d3": 0.5094489923468517, "d4": -0.2747313202531543, "p1": 35.140953778797, "p2": 26.594249290506717, "p3": 0.5625439717298952, "p4": 12.443128585274993, "pol1": 0.08844158825038995, "pol2": 0.37798859932291107, "pol3": 0.04104545589286257, "pol4": -0.6298609009432794, "v0s": 5.175333801371261}, "datetime": {"datetime": "2022-06-13 05:48:41", "elapsed": 13568.143648, "delta": 13.284493}}
{"target": -1.0, "params": {"Bgrad": 1.0191131640223676, "d1": -1.1200086933232436, "d2": -2.8698490236720327, "d3": -1.6267345641825552, "d4": 0.15130683587997806, "p1": 47.63556867015186, "p2": 38.07667289627828, "p3": 9.451368763218298, "p4": 46.08341362077123, "pol1": -0.9223756039255382, "pol2": 0.17860429815509193, "pol3": 0.5517605084342276, "pol4": 0.3162039665115035, "v0s": 6.3948989879187685}, "datetime": {"datetime": "2022-06-13 05:48:55", "elapsed": 13582.924143, "delta": 14.780495}}
{"target": -1.0, "params": {"Bgrad": 1.4969288276435646, "d1": 0.3760540025547092, "d2": -2.0066288220813755, "d3": 0.8661013077874236, "d4": -1.4261728646207263, "p1": 2.4807285365349263, "p2": 49.688104105829176, "p3": 46.24469842871229, "p4": 49.58474091753812, "pol1": -0.49266610978581893, "pol2": 0.3444033412800338, "pol3": -0.6098768451313732, "pol4": -0.7218919366193572, "v0s": 5.0206062662749495}, "datetime": {"datetime": "2022-06-13 05:49:11", "elapsed": 13598.54491, "delta": 15.620767}}
{"target": -1.0, "params": {"Bgrad": 1.3250541032461078, "d1": -1.4866589098527823, "d2": 0.4682722828196626, "d3": 0.048797009551436954, "d4": 0.33592909959619854, "p1": 23.448068576826874, "p2": 28.411556576176284, "p3": 14.631726383353383, "p4": 32.39407730055718, "pol1": 0.9807083884049184, "pol2": 0.6694769795914275, "pol3": 0.3360996730472279, "pol4": 0.7534159871306421, "v0s": 6.458687981576892}, "datetime": {"datetime": "2022-06-13 05:49:24", "elapsed": 13612.05081, "delta": 13.5059}}
{"target": -1.0, "params": {"Bgrad": 1.2641076776024682, "d1": 0.3777952611032065, "d2": 0.059350466272691804, "d3": -2.149283762527214, "d4": -1.9521677245528117, "p1": 23.29897097651699, "p2": 24.35304433490333, "p3": 27.32718946833808, "p4": 14.35954966687827, "pol1": -0.6639912783168405, "pol2": -0.8731924676766216, "pol3": -0.4464737224604749, "pol4": -0.8550602343331495, "v0s": 2.9949875231777883}, "datetime": {"datetime": "2022-06-13 05:49:41", "elapsed": 13628.873843, "delta": 16.823033}}
{"target": -1.0, "params": {"Bgrad": 1.587297188153341, "d1": -0.14263172848392536, "d2": -0.912577152322398, "d3": -0.8469926541171064, "d4": -0.8521400090643265, "p1": 22.038394109339254, "p2": 8.774308718433922, "p3": 38.2581013743955, "p4": 41.15819696112756, "pol1": -0.07063911355530728, "pol2": -0.1960072215340134, "pol3": -0.5139517154970421, "pol4": -0.8735941546491186, "v0s": 7.411934311797242}, "datetime": {"datetime": "2022-06-13 05:49:54", "elapsed": 13642.000756, "delta": 13.126913}}
{"target": -1.0, "params": {"Bgrad": 1.652867810340586, "d1": 0.5052802558914666, "d2": -1.099286385474815, "d3": -2.276907406534426, "d4": -2.1798808453469585, "p1": 27.797157409124463, "p2": 13.807339059846708, "p3": 33.41367272641912, "p4": 25.886756741210483, "pol1": 0.5312701191101696, "pol2": 0.33404607090355154, "pol3": 0.8962439177469044, "pol4": 0.8927725215148172, "v0s": 6.903812668522865}, "datetime": {"datetime": "2022-06-13 05:50:05", "elapsed": 13652.304217, "delta": 10.303461}}
{"target": 3.4218562138170405, "params": {"Bgrad": 1.9497588204194978, "d1": -1.9860980802126842, "d2": 0.7630589044444949, "d3": 0.6211284909760826, "d4": -0.37560763666735975, "p1": 25.302701045139557, "p2": 23.509323318243286, "p3": 39.92305764391204, "p4": 43.92009244456679, "pol1": 0.8887166717470791, "pol2": -0.9417972859253176, "pol3": -0.8292420622990784, "pol4": -0.6334558884702832, "v0s": 3.4218562138170405}, "datetime": {"datetime": "2022-06-13 05:50:12", "elapsed": 13659.08609, "delta": 6.781873}}
{"target": -1.0, "params": {"Bgrad": 1.3799883436553544, "d1": 0.49785774552943396, "d2": 0.13160668720544821, "d3": -0.6528189006712082, "d4": -0.7011198486142711, "p1": 8.761454520317201, "p2": 3.7599797521845115, "p3": 24.96583113560092, "p4": 31.7890315387719, "pol1": 0.1195570558626824, "pol2": -0.7902206329754025, "pol3": -0.052179657918018485, "pol4": 0.4972457934088983, "v0s": 7.1026430802633245}, "datetime": {"datetime": "2022-06-13 05:50:25", "elapsed": 13672.474306, "delta": 13.388216}}
{"target": -1.0, "params": {"Bgrad": 1.8767305337713762, "d1": -0.3063161055637118, "d2": -0.9168308458366679, "d3": -1.0103830547368267, "d4": -1.5122866544021805, "p1": 18.304594829041843, "p2": 2.216824791129773, "p3": 33.17928107084714, "p4": 32.58093296495627, "pol1": -0.025935716066090908, "pol2": -0.024445621918435023, "pol3": -0.5127951040727099, "pol4": 0.8375077353454512, "v0s": 7.3169603798479805}, "datetime": {"datetime": "2022-06-13 05:50:38", "elapsed": 13685.603215, "delta": 13.128909}}
{"target": -1.0, "params": {"Bgrad": 1.3595893183926817, "d1": 0.5999795685601961, "d2": -0.9486805448159594, "d3": -0.19856935676929943, "d4": -1.7758255360955726, "p1": 14.734574213380059, "p2": 14.872882047005987, "p3": 34.80739074310256, "p4": 33.90746306831346, "pol1": 0.721613920206259, "pol2": -0.14893222956215646, "pol3": 0.3357119942383686, "pol4": -0.9774908321253808, "v0s": 5.451780079976691}, "datetime": {"datetime": "2022-06-13 05:50:51", "elapsed": 13698.549611, "delta": 12.946396}}
{"target": -1.0, "params": {"Bgrad": 0.6797032569669645, "d1": -2.5113342996191945, "d2": -2.042398865484457, "d3": -1.1618830482003788, "d4": 0.8292934261258291, "p1": 25.966968411305942, "p2": 20.952764901279913, "p3": 35.716156375795336, "p4": 9.504646284389024, "pol1": -0.5773880896343637, "pol2": -0.4161003560435881, "pol3": -0.04430903560374588, "pol4": 0.3833476967572649, "v0s": 4.2775849997278845}, "datetime": {"datetime": "2022-06-13 05:51:00", "elapsed": 13707.531603, "delta": 8.981992}}
{"target": -1.0, "params": {"Bgrad": 1.6189336692164216, "d1": -1.649596265933564, "d2": -0.33025650024053954, "d3": -0.1774447300422506, "d4": -0.9114197966304998, "p1": 21.148504783992227, "p2": 12.760282504854004, "p3": 21.732158249099186, "p4": 15.448387809232845, "pol1": 0.257451134448099, "pol2": 0.876326372343645, "pol3": -0.26894999390539787, "pol4": 0.47135251899982955, "v0s": 4.711998994972979}, "datetime": {"datetime": "2022-06-13 05:51:14", "elapsed": 13721.738631, "delta": 14.207028}}
{"target": -1.0, "params": {"Bgrad": 1.7724207884835725, "d1": -0.5340293782197119, "d2": -0.15722553149183582, "d3": 0.7557158413253848, "d4": -1.1044046080587884, "p1": 27.2543485615601, "p2": 7.208760201845211, "p3": 44.265157803801955, "p4": 18.455800015071283, "pol1": -0.42744467591580837, "pol2": 0.9733351925269329, "pol3": 0.9742942047152825, "pol4": -0.5187535460079982, "v0s": 3.3318575391894836}, "datetime": {"datetime": "2022-06-13 05:51:28", "elapsed": 13735.631497, "delta": 13.892866}}
{"target": -1.0, "params": {"Bgrad": 1.1347528815901677, "d1": 0.7757721815786005, "d2": -0.9136859386306782, "d3": -0.02383076084740532, "d4": -0.9056667967600593, "p1": 1.2455745873691804, "p2": 46.565337999486495, "p3": 43.96627447605815, "p4": 45.08094271707255, "pol1": -0.10589346102783792, "pol2": -0.0847906670369929, "pol3": -0.28374049734527595, "pol4": 0.1024118658135722, "v0s": 2.7276737262488004}, "datetime": {"datetime": "2022-06-13 05:51:42", "elapsed": 13749.963191, "delta": 14.331694}}
{"target": -1.0, "params": {"Bgrad": 1.40104287675548, "d1": -2.6549099555419193, "d2": -2.585081875881666, "d3": 0.5998038267692514, "d4": 0.99009166009456, "p1": 26.388690973612526, "p2": 6.727284532981298, "p3": 8.850445844203026, "p4": 44.17763244696389, "pol1": -0.5223748426211234, "pol2": 0.9802866303903228, "pol3": -0.44015973568512123, "pol4": 0.3551792918564689, "v0s": 4.857887690856958}, "datetime": {"datetime": "2022-06-13 05:51:57", "elapsed": 13764.832448, "delta": 14.869257}}
{"target": 4.813863433699178, "params": {"Bgrad": 1.7663889894457152, "d1": -2.590372211157308, "d2": -2.8321551310727773, "d3": -1.7880300352592489, "d4": -0.09134076025441074, "p1": 19.634215597180717, "p2": 16.732948564207483, "p3": 32.186584599484, "p4": 49.14072935446174, "pol1": -0.25919586278606443, "pol2": 0.5397138810949138, "pol3": -0.48695257504346223, "pol4": -0.36383908101383144, "v0s": 4.813863433699178}, "datetime": {"datetime": "2022-06-13 05:52:07", "elapsed": 13774.436778, "delta": 9.60433}}
{"target": -1.0, "params": {"Bgrad": 0.871778754622239, "d1": 0.1517938491717321, "d2": 0.9590896845245518, "d3": -0.002945733438216802, "d4": 0.7270903641172639, "p1": 9.161503619032851, "p2": 40.48793681406001, "p3": 36.194331068980155, "p4": 3.150829004588973, "pol1": -0.22344007229296414, "pol2": 0.8345454770122325, "pol3": -0.3199667962953896, "pol4": 0.04257753340745918, "v0s": 3.977725105854099}, "datetime": {"datetime": "2022-06-13 05:52:16", "elapsed": 13783.543437, "delta": 9.106659}}
{"target": -1.0, "params": {"Bgrad": 1.3353017826672835, "d1": -2.6678480841203176, "d2": -1.2892934967684293, "d3": -0.9897027683759858, "d4": 0.26586386877461354, "p1": 22.64712253227726, "p2": 27.11241362698611, "p3": 41.018626314320414, "p4": 0.7017746511823963, "pol1": -0.43508214783333465, "pol2": -0.5294131455830917, "pol3": 0.04090262411976564, "pol4": 0.46620840643750827, "v0s": 4.954234373380673}, "datetime": {"datetime": "2022-06-13 05:52:31", "elapsed": 13798.250128, "delta": 14.706691}}
{"target": -1.0, "params": {"Bgrad": 0.8803855550867408, "d1": 0.8705069945525383, "d2": -2.405562745404254, "d3": 0.017863816330146776, "d4": -0.45598485855490845, "p1": 29.005162820909963, "p2": 29.26317980508425, "p3": 38.56340247208353, "p4": 19.259659266773514, "pol1": 0.35054455376626437, "pol2": 0.01404239791875983, "pol3": 0.21488900850423565, "pol4": 0.6880514076475244, "v0s": 6.048723639201037}, "datetime": {"datetime": "2022-06-13 05:52:42", "elapsed": 13809.101125, "delta": 10.850997}}
{"target": -1.0, "params": {"Bgrad": 1.4037168181363051, "d1": -2.8723754332530937, "d2": -2.9548534736864007, "d3": -0.2927244565179201, "d4": 0.7146559730017916, "p1": 34.83499132423819, "p2": 20.658583447485622, "p3": 29.9153999708106, "p4": 45.77437080506403, "pol1": 0.7567906773737403, "pol2": 0.12816869076743953, "pol3": -0.2100262520462186, "pol4": -0.553820716057648, "v0s": 4.430168669485727}, "datetime": {"datetime": "2022-06-13 05:52:56", "elapsed": 13823.392926, "delta": 14.291801}}
{"target": 2.869373851419851, "params": {"Bgrad": 0.547601625380779, "d1": -2.59027588881591, "d2": 0.02131272381125493, "d3": -1.416581121790081, "d4": -2.6396884609682223, "p1": 45.93428256374123, "p2": 22.593354867436165, "p3": 42.79663668295209, "p4": 6.826279421175119, "pol1": 0.98503991948262, "pol2": -0.18301009371354615, "pol3": -0.03754938788419948, "pol4": -0.8114637641237381, "v0s": 2.869373851419851}, "datetime": {"datetime": "2022-06-13 05:53:01", "elapsed": 13828.823411, "delta": 5.430485}}
{"target": -1.0, "params": {"Bgrad": 0.9938894244030204, "d1": -1.6959881334000633, "d2": -2.052127182234245, "d3": -1.4955415864811097, "d4": -0.8471452372136916, "p1": 21.325932938913468, "p2": 48.55635421424563, "p3": 15.047491016853753, "p4": 13.87575126430799, "pol1": -0.36537815940493035, "pol2": -0.5969036281903404, "pol3": 0.865584601750665, "pol4": -0.6637595448400937, "v0s": 2.748558246534232}, "datetime": {"datetime": "2022-06-13 05:53:08", "elapsed": 13835.396842, "delta": 6.573431}}
{"target": -1.0, "params": {"Bgrad": 0.8313682362791135, "d1": -2.2919878027284994, "d2": -2.873126307070839, "d3": 0.19319779303944262, "d4": -2.314558913890723, "p1": 13.753446533327402, "p2": 10.764229872805958, "p3": 24.5671873320395, "p4": 34.31282456430746, "pol1": -0.2846479789823073, "pol2": 0.7936031208253329, "pol3": 0.13411583985987607, "pol4": -0.4384131155763533, "v0s": 6.766632245676294}, "datetime": {"datetime": "2022-06-13 05:53:19", "elapsed": 13846.3745, "delta": 10.977658}}
{"target": -1.0, "params": {"Bgrad": 1.9520827915807657, "d1": 0.5607648241561041, "d2": -0.3422803997631987, "d3": 0.4830419745321235, "d4": -2.50561904666436, "p1": 35.83052879130275, "p2": 35.98800733068999, "p3": 2.6950649616205413, "p4": 7.862713871603266, "pol1": -0.5908802447168362, "pol2": -0.33983513885115757, "pol3": 0.5897895998062346, "pol4": 0.25148541992358586, "v0s": 2.7572941694902955}, "datetime": {"datetime": "2022-06-13 05:53:33", "elapsed": 13860.297288, "delta": 13.922788}}
{"target": 4.926606613116263, "params": {"Bgrad": 1.8426549055970132, "d1": -1.528633222283427, "d2": 0.03890914043519311, "d3": -2.516430756278629, "d4": 0.194898728637678, "p1": 28.723848016007704, "p2": 0.8280107461047015, "p3": 7.075682394039956, "p4": 22.70610473809581, "pol1": 0.05152635777772474, "pol2": -0.4058483971902236, "pol3": 0.10614390278948171, "pol4": 0.004033874381425662, "v0s": 4.926606613116263}, "datetime": {"datetime": "2022-06-13 05:53:42", "elapsed": 13870.056203, "delta": 9.758915}}
{"target": -1.0, "params": {"Bgrad": 0.7682717468061604, "d1": -2.5776632650426032, "d2": 0.913271519124498, "d3": 0.979796624871371, "d4": -0.1833942837458764, "p1": 36.270876170276935, "p2": 21.069122895132015, "p3": 6.439939512724896, "p4": 27.697947252248152, "pol1": 0.05999548237493202, "pol2": -0.7055109567335225, "pol3": 0.9983836389064924, "pol4": 0.33159927655765475, "v0s": 4.917682565377144}, "datetime": {"datetime": "2022-06-13 05:53:52", "elapsed": 13879.08507, "delta": 9.028867}}
{"target": -1.0, "params": {"Bgrad": 0.7919099030106089, "d1": 0.2788692255202414, "d2": -1.00405217815717, "d3": -2.359175098490475, "d4": -0.8443470900374184, "p1": 30.626037021519142, "p2": 41.92981450747133, "p3": 6.7031115482902965, "p4": 10.72384216232063, "pol1": 0.7943533614052165, "pol2": -0.18807528947561325, "pol3": -0.2264548478145707, "pol4": 0.32010172247451396, "v0s": 5.335627887154585}, "datetime": {"datetime": "2022-06-13 05:54:02", "elapsed": 13889.450366, "delta": 10.365296}}
{"target": 3.5349895245970533, "params": {"Bgrad": 0.5587993886264461, "d1": -1.7869559859499557, "d2": 0.5905349424198003, "d3": -2.8882966957984033, "d4": -0.42825077048815485, "p1": 29.39804294300728, "p2": 26.02818817286041, "p3": 34.51393133234817, "p4": 45.470017276012946, "pol1": 0.35263206554413684, "pol2": 0.09192152770174422, "pol3": -0.25400041333889334, "pol4": -0.4869061016655698, "v0s": 3.5349895245970533}, "datetime": {"datetime": "2022-06-13 05:54:07", "elapsed": 13894.842952, "delta": 5.392586}}
