{"target": -1.0, "params": {"Bgrad": 1.0584564361460074, "d1": -1.9675902112430457, "d2": -0.8383228501758837, "d3": -2.5674569969731165, "d4": -0.9697439835574406, "p1": 25.38076418503687, "p2": 26.11792047514917, "p3": 4.624698284571344, "p4": 45.01100694512602, "pol1": 0.7611423122263701, "pol2": -0.44573302459466446, "pol3": -0.07570734768983578, "pol4": 0.8750333405119584, "v0s": 5.33075412933737}, "datetime": {"datetime": "2022-06-25 01:55:03", "elapsed": 7975.249546, "delta": 17.627864}}
{"target": -1.0, "params": {"Bgrad": 0.9825143664643925, "d1": -1.4523707586311772, "d2": -0.09221035078269368, "d3": -1.956449102081442, "d4": -2.4413973314425745, "p1": 7.381867744237214, "p2": 15.684101267751272, "p3": 4.032276773421639, "p4": 28.619624250168247, "pol1": 0.4384397684039436, "pol2": 0.7977689960457475, "pol3": 0.10000344173608888, "pol4": 0.8331107875199293, "v0s": 2.6324795754886745}, "datetime": {"datetime": "2022-06-25 01:55:15", "elapsed": 7987.064952, "delta": 11.815406}}
{"target": -1.0, "params": {"Bgrad": 1.5301608912954867, "d1": -2.6180457338147005, "d2": -0.10161140218461151, "d3": -1.029396817974658, "d4": 0.18288103060205252, "p1": 5.851523996120811, "p2": 15.115883324384521, "p3": 39.25854451333213, "p4": 29.22242192493107, "pol1": 0.18856789594062162, "pol2": 0.7523283352878076, "pol3": -0.09727633507764932, "pol4": -0.4740738109084006, "v0s": 5.649101915164462}, "datetime": {"datetime": "2022-06-25 01:55:28", "elapsed": 8000.00834, "delta": 12.943388}}
{"target": -1.0, "params": {"Bgrad": 1.4191834916216113, "d1": -2.5078624973911032, "d2": 0.9927877442024546, "d3": -1.9818487297614786, "d4": -2.4101089717625843, "p1": 7.9515047273278405, "p2": 35.50012017121743, "p3": 34.2556650682926, "p4": 37.53395334497405, "pol1": -0.17082420806980747, "pol2": 0.6011686974323833, "pol3": 0.4757713202528857, "pol4": 0.6470870823539692, "v0s": 2.766368934776427}, "datetime": {"datetime": "2022-06-25 01:55:41", "elapsed": 8013.449399, "delta": 13.441059}}
{"target": 4.106712298216147, "params": {"Bgrad": 0.8477762922304098, "d1": -2.921552191146482, "d2": -0.21820572348789646, "d3": -1.0463648166064132, "d4": -2.1315636943102643, "p1": 2.1991483961617817, "p2": 11.860317998682602, "p3": 36.32897756937755, "p4": 29.468464762675545, "pol1": 0.5678280645465297, "pol2": 0.384188808118626, "pol3": -0.6731722732807315, "pol4": 0.5572846986906406, "v0s": 4.106712298216147}, "datetime": {"datetime": "2022-06-25 01:55:53", "elapsed": 8024.818996, "delta": 11.369597}}
{"target": 4.532275396255684, "params": {"Bgrad": 1.4138407478653439, "d1": -2.3522865986721437, "d2": 0.5455632691120831, "d3": -2.6437930644190826, "d4": -0.6287380202319209, "p1": 3.6696917665756748, "p2": 13.380254270804643, "p3": 33.68269111783386, "p4": 26.731787090148313, "pol1": 0.7250138631725804, "pol2": -0.31374726310967976, "pol3": 0.12643854981579003, "pol4": -0.16125761435860578, "v0s": 4.532275396255684}, "datetime": {"datetime": "2022-06-25 01:56:06", "elapsed": 8038.612113, "delta": 13.793117}}
{"target": 3.3668134767677973, "params": {"Bgrad": 1.2272615185770113, "d1": -1.1583908900840085, "d2": -0.031698551822255894, "d3": -1.6798842930124742, "d4": -1.243448724911036, "p1": 8.215613978537672, "p2": 15.538164923783771, "p3": 9.139870532931504, "p4": 27.142000657866532, "pol1": 0.3344639890744401, "pol2": -0.7244627643674968, "pol3": -0.7959957167548972, "pol4": -0.7972730895032656, "v0s": 3.3668134767677973}, "datetime": {"datetime": "2022-06-25 01:56:20", "elapsed": 8052.587742, "delta": 13.975629}}
{"target": 4.384040260769086, "params": {"Bgrad": 1.7401646467271603, "d1": -2.5082584370251793, "d2": 0.11651048730401257, "d3": -2.0040770634206444, "d4": -1.6555549439462762, "p1": 5.545960772101564, "p2": 9.164896688234329, "p3": 35.46470219376636, "p4": 31.489136671200505, "pol1": -0.28294195618175777, "pol2": 0.4720546198061058, "pol3": -0.9745444350215056, "pol4": 0.3077052162209899, "v0s": 4.384040260769086}, "datetime": {"datetime": "2022-06-25 01:56:33", "elapsed": 8064.983596, "delta": 12.395854}}
{"target": -1.0, "params": {"Bgrad": 1.029397623633618, "d1": -2.4891839853955693, "d2": -1.4733288693438191, "d3": -1.5571461889086273, "d4": -0.16468514195753947, "p1": 5.387055168153582, "p2": 13.009769518320374, "p3": 35.48850763416366, "p4": 34.970999124073394, "pol1": -0.8363231939635194, "pol2": -0.5965793902877305, "pol3": -0.3818508064841406, "pol4": -0.32775818277335, "v0s": 4.452061615406015}, "datetime": {"datetime": "2022-06-25 01:56:51", "elapsed": 8082.95155, "delta": 17.967954}}
{"target": 3.0742252219253343, "params": {"Bgrad": 1.7956806249018993, "d1": -1.3422478463783536, "d2": 0.7131476943278576, "d3": -1.9808659850535486, "d4": -2.893789161445968, "p1": 44.57963344401414, "p2": 22.611245089312384, "p3": 26.473952699413207, "p4": 12.756970239705812, "pol1": 0.9941047605939528, "pol2": -0.04169773898978568, "pol3": -0.4190965147895298, "pol4": 0.3680729746209326, "v0s": 3.0742252219253343}, "datetime": {"datetime": "2022-06-25 01:57:06", "elapsed": 8098.548842, "delta": 15.597292}}
{"target": -1.0, "params": {"Bgrad": 0.81982150014887, "d1": -0.8225082537496289, "d2": 0.3186696347954112, "d3": -2.66773218526073, "d4": 0.4885086534585952, "p1": 27.82255240174445, "p2": 26.846049694965597, "p3": 3.179108854303675, "p4": 45.06246949772079, "pol1": 0.1696970198662231, "pol2": 0.6503142924671408, "pol3": -0.5431874214905739, "pol4": -0.37932009838148706, "v0s": 3.0514218102274153}, "datetime": {"datetime": "2022-06-25 01:57:23", "elapsed": 8115.154438, "delta": 16.605596}}
{"target": -1.0, "params": {"Bgrad": 1.7871664235537246, "d1": 0.6636459486005064, "d2": -0.28017767714833, "d3": -0.14080919716283757, "d4": -1.0360635613409812, "p1": 0.6897168359036143, "p2": 11.27490402791213, "p3": 34.7497330400787, "p4": 24.83465672062443, "pol1": -0.10562159635572899, "pol2": 0.33170567561030584, "pol3": -0.8509118728848246, "pol4": -0.2521392754799401, "v0s": 2.1262213411195514}, "datetime": {"datetime": "2022-06-25 01:57:40", "elapsed": 8132.331507, "delta": 17.177069}}
{"target": 3.504503534777464, "params": {"Bgrad": 1.6058581805626888, "d1": -2.92816145739071, "d2": 0.5354764010431885, "d3": -1.7910709432920364, "d4": -0.8463009513708291, "p1": 44.3571610425028, "p2": 18.380725309559903, "p3": 27.521585278186496, "p4": 11.21832531164374, "pol1": -0.29170473841741207, "pol2": -0.8015782721014473, "pol3": -0.5806980699905986, "pol4": 0.8337988187491938, "v0s": 3.504503534777464}, "datetime": {"datetime": "2022-06-25 01:57:52", "elapsed": 8144.021249, "delta": 11.689742}}
{"target": 4.070377609686379, "params": {"Bgrad": 1.3095072332629398, "d1": -0.6579191734033412, "d2": 0.6490060238831749, "d3": -1.569390291344955, "d4": -0.4140404362592362, "p1": 6.72909178443999, "p2": 15.242834468621103, "p3": 35.38560713461094, "p4": 33.617929685519684, "pol1": -0.43246174890387734, "pol2": -0.03528023219023022, "pol3": 0.22028624044466322, "pol4": -0.29463460728884094, "v0s": 4.070377609686379}, "datetime": {"datetime": "2022-06-25 01:58:02", "elapsed": 8154.61891, "delta": 10.597661}}
{"target": -1.0, "params": {"Bgrad": 0.6380569606397579, "d1": -2.056088176612763, "d2": -1.7656783752014702, "d3": -0.6929301287525833, "d4": -2.1501947880754093, "p1": 2.7658850423862233, "p2": 32.08816331013233, "p3": 18.715423290544397, "p4": 6.572138318285331, "pol1": -0.2661801366232166, "pol2": -0.8110106130131676, "pol3": -0.13568511714519715, "pol4": 0.5471849518724627, "v0s": 2.606476108138226}, "datetime": {"datetime": "2022-06-25 01:58:12", "elapsed": 8163.789388, "delta": 9.170478}}
{"target": -1.0, "params": {"Bgrad": 1.5543140395675956, "d1": -1.5720382107186412, "d2": -1.4779642496727385, "d3": -2.2560303479847974, "d4": 0.024192882237870528, "p1": 13.353947288699676, "p2": 3.782790376271766, "p3": 27.7397455904775, "p4": 23.56243760602339, "pol1": 0.14634660459124738, "pol2": 0.10052474405712197, "pol3": -0.05655210702209068, "pol4": -0.6493252203974751, "v0s": 2.5206618513098515}, "datetime": {"datetime": "2022-06-25 01:58:19", "elapsed": 8171.248444, "delta": 7.459056}}
{"target": -1.0, "params": {"Bgrad": 1.3697231648327604, "d1": -2.736262834449648, "d2": 0.7171635253971314, "d3": 0.06857457199684713, "d4": -0.3409174918863478, "p1": 9.275672019108022, "p2": 9.325609424558207, "p3": 32.1583278397381, "p4": 34.513137944653636, "pol1": -0.4583772793256493, "pol2": 0.38396298217054303, "pol3": -0.36943485413888943, "pol4": 0.926028443707728, "v0s": 6.396895058950897}, "datetime": {"datetime": "2022-06-25 01:58:35", "elapsed": 8187.16987, "delta": 15.921426}}
{"target": 4.00419424387371, "params": {"Bgrad": 1.6383809208331301, "d1": -2.867465657005264, "d2": -1.2799649639477124, "d3": -1.2606856419444807, "d4": -0.4616589558930614, "p1": 13.157012490284831, "p2": 3.382925839337191, "p3": 28.662531976506568, "p4": 22.51802688456647, "pol1": -0.023485335080613148, "pol2": -0.3334730925755104, "pol3": 0.12389145775224494, "pol4": -0.876152852216719, "v0s": 4.00419424387371}, "datetime": {"datetime": "2022-06-25 01:58:48", "elapsed": 8200.433404, "delta": 13.263534}}
{"target": 3.7546147412749455, "params": {"Bgrad": 1.427176834053164, "d1": -2.9464855295442525, "d2": -0.43684614628270413, "d3": -1.6645008298878825, "d4": -0.7534426655629646, "p1": 10.356719090899572, "p2": 16.369973677594448, "p3": 6.952815531859213, "p4": 34.03337193033032, "pol1": -0.9160796826086001, "pol2": 0.20126039615314237, "pol3": -0.3553708717726973, "pol4": 0.15278128954076295, "v0s": 3.7546147412749455}, "datetime": {"datetime": "2022-06-25 01:58:59", "elapsed": 8211.634451, "delta": 11.201047}}
{"target": -1.0, "params": {"Bgrad": 1.3740543418238227, "d1": -1.3929004869472759, "d2": -0.707147243438417, "d3": 0.5914308947275346, "d4": 0.040468095767304924, "p1": 8.406621709325673, "p2": 16.01668230637828, "p3": 35.03561754688365, "p4": 35.58536975080827, "pol1": -0.24022557822033286, "pol2": 0.05129329790760173, "pol3": 0.15924162130436215, "pol4": -0.061440782009760664, "v0s": 3.502049139006766}, "datetime": {"datetime": "2022-06-25 01:59:17", "elapsed": 8229.253337, "delta": 17.618886}}
{"target": -1.0, "params": {"Bgrad": 1.3880464443049418, "d1": -2.2737998597108597, "d2": 0.12897697435214672, "d3": 0.573359348365853, "d4": -1.2343409611468874, "p1": 11.588805586889423, "p2": 14.373214178369032, "p3": 11.38436636098944, "p4": 30.290975485972886, "pol1": -0.33030640357284424, "pol2": -0.06688714306617216, "pol3": -0.9802888512853734, "pol4": 0.841311938279256, "v0s": 3.5439759701122053}, "datetime": {"datetime": "2022-06-25 01:59:36", "elapsed": 8248.069024, "delta": 18.815687}}
{"target": -1.0, "params": {"Bgrad": 1.2574628744365264, "d1": -1.8768778735790461, "d2": -0.013270713073492195, "d3": -2.72428867653282, "d4": -0.9956356268162192, "p1": 29.167407224447864, "p2": 10.651107052002548, "p3": 37.03975413851377, "p4": 28.50493491495932, "pol1": 0.4138922813483662, "pol2": 0.6741682153967704, "pol3": 0.7299363947456525, "pol4": 0.19557132026228224, "v0s": 4.670035528436208}, "datetime": {"datetime": "2022-06-25 01:59:56", "elapsed": 8268.494406, "delta": 20.425382}}
{"target": 4.243602980478886, "params": {"Bgrad": 1.3558085195020257, "d1": -1.947984904013348, "d2": 0.6301644894727391, "d3": -1.8994079645807713, "d4": -2.1148854798641787, "p1": 6.565984366461819, "p2": 9.864854956645253, "p3": 35.73841271431013, "p4": 31.739943690516263, "pol1": -0.024864307194767173, "pol2": 0.013108297085904408, "pol3": -0.3375395354404661, "pol4": 0.03843953434131321, "v0s": 4.243602980478886}, "datetime": {"datetime": "2022-06-25 02:00:13", "elapsed": 8284.758915, "delta": 16.264509}}
{"target": -1.0, "params": {"Bgrad": 0.5461667207205005, "d1": -2.6296772012587724, "d2": 0.9290875550708284, "d3": -2.7815583104421595, "d4": -1.9987582037910832, "p1": 4.137758200887531, "p2": 15.878512332004219, "p3": 34.06851381077238, "p4": 32.29207827208267, "pol1": -0.4690545871710876, "pol2": -0.9909554280222082, "pol3": 0.8353508407048826, "pol4": 0.2167803778948043, "v0s": 4.957706149001931}, "datetime": {"datetime": "2022-06-25 02:00:33", "elapsed": 8305.610159, "delta": 20.851244}}
{"target": 3.482414511386385, "params": {"Bgrad": 1.7565405348940402, "d1": -2.1915428225269977, "d2": 0.40502698586441577, "d3": -2.2794509937272207, "d4": -0.3339075389196364, "p1": 44.12156468275388, "p2": 23.367600949474827, "p3": 24.191465372899284, "p4": 17.76615114340958, "pol1": 0.676200307404881, "pol2": -0.5649689151276973, "pol3": 0.3300821231807023, "pol4": -0.39112148845538536, "v0s": 3.482414511386385}, "datetime": {"datetime": "2022-06-25 02:00:43", "elapsed": 8315.481762, "delta": 9.871603}}
{"target": 3.0121567373194, "params": {"Bgrad": 1.2549982054948345, "d1": -0.7550017222636276, "d2": -0.7300407412333434, "d3": -2.2789180123262622, "d4": -2.0842983885572184, "p1": 10.295978908824571, "p2": 6.598304053677939, "p3": 29.45645831142944, "p4": 18.877750381802898, "pol1": 0.19398852134628997, "pol2": -0.067343818224334, "pol3": 0.7878638727483414, "pol4": -0.6836822657903643, "v0s": 3.0121567373194}, "datetime": {"datetime": "2022-06-25 02:00:53", "elapsed": 8325.390267, "delta": 9.908505}}
{"target": 3.658827662594548, "params": {"Bgrad": 1.6980211238402727, "d1": -0.5871601168296263, "d2": -0.09490578131107386, "d3": -1.262585624345856, "d4": -1.7931168032440135, "p1": 8.963105264550359, "p2": 8.76464643277351, "p3": 32.090108186099265, "p4": 34.07039893468501, "pol1": -0.5931744727703565, "pol2": -0.24222778449942672, "pol3": 0.3451979259700819, "pol4": 0.9458910395001778, "v0s": 3.658827662594548}, "datetime": {"datetime": "2022-06-25 02:01:09", "elapsed": 8340.72925, "delta": 15.338983}}
{"target": -1.0, "params": {"Bgrad": 0.8921258925480218, "d1": -2.1300192780609013, "d2": 0.4773072684196906, "d3": 0.3512626258080527, "d4": -1.672095202910778, "p1": 6.379515880941011, "p2": 12.421342396899849, "p3": 30.91697903356315, "p4": 31.730623747024584, "pol1": -0.5573576785473751, "pol2": -0.2896063191665257, "pol3": -0.8573075089762272, "pol4": -0.5872093643891501, "v0s": 5.987486874926673}, "datetime": {"datetime": "2022-06-25 02:01:25", "elapsed": 8357.247081, "delta": 16.517831}}
{"target": -1.0, "params": {"Bgrad": 0.927461522583291, "d1": -1.7302195161316472, "d2": -1.4061566490605446, "d3": -0.5328915531118747, "d4": -2.5246892785600465, "p1": 1.5244207774340213, "p2": 13.398945752651942, "p3": 37.5766463705687, "p4": 26.235837826326154, "pol1": 0.4447293303787323, "pol2": 0.31276980249644315, "pol3": 0.878041442300941, "pol4": -6.076560765855277e-05, "v0s": 3.1371316649693624}, "datetime": {"datetime": "2022-06-25 02:01:39", "elapsed": 8371.322444, "delta": 14.075363}}
{"target": -1.0, "params": {"Bgrad": 1.175608721959645, "d1": -1.0172753088319677, "d2": -0.06484670678231641, "d3": -0.8928636804833041, "d4": -0.7696153865504014, "p1": 9.143385143776584, "p2": 36.779786216420895, "p3": 34.29252106481974, "p4": 33.4794882865012, "pol1": -0.7805085382115873, "pol2": 0.4042858227070161, "pol3": -0.7034840304657592, "pol4": 0.8656334117284958, "v0s": 2.5192255826779815}, "datetime": {"datetime": "2022-06-25 02:01:53", "elapsed": 8385.149471, "delta": 13.827027}}
{"target": 2.0214669331298882, "params": {"Bgrad": 1.2280542869843631, "d1": -0.7742793620115194, "d2": -1.334942241345689, "d3": -1.9699695244266273, "d4": -1.5837797698395484, "p1": 48.05141517957552, "p2": 45.136149936387255, "p3": 7.3623565724760365, "p4": 16.3157176469938, "pol1": 0.553264891639494, "pol2": -0.011159940617829989, "pol3": -0.36345483258117706, "pol4": -0.3082952833119228, "v0s": 2.0214669331298882}, "datetime": {"datetime": "2022-06-25 02:02:03", "elapsed": 8395.637426, "delta": 10.487955}}
{"target": -1.0, "params": {"Bgrad": 1.6844250924203845, "d1": -1.6104051686727967, "d2": -0.35680161565982615, "d3": -2.161213568082875, "d4": 0.12088311729464607, "p1": 8.82394032784003, "p2": 5.907177840049805, "p3": 38.60602247491694, "p4": 31.110179948800994, "pol1": 0.15078511848588816, "pol2": 0.09608115255268346, "pol3": -0.5568530633710185, "pol4": -0.8045293201875334, "v0s": 5.161418562209756}, "datetime": {"datetime": "2022-06-25 02:02:20", "elapsed": 8412.223075, "delta": 16.585649}}
{"target": -1.0, "params": {"Bgrad": 0.7179665796311521, "d1": -2.0737839246382137, "d2": 0.3072407898719751, "d3": -2.0148817951645155, "d4": -0.69592075354872, "p1": 0.607124717267421, "p2": 10.505983044356515, "p3": 34.69115123040002, "p4": 22.84252624370075, "pol1": -0.39773675044588397, "pol2": 0.6225942726750198, "pol3": -0.5609342622436877, "pol4": 0.07666206208761461, "v0s": 3.447252522603848}, "datetime": {"datetime": "2022-06-25 02:02:41", "elapsed": 8432.847924, "delta": 20.624849}}
{"target": -1.0, "params": {"Bgrad": 0.9577135124899302, "d1": -0.31748254728341285, "d2": 0.13524614841792326, "d3": 0.5665871252152219, "d4": -1.8454046124996113, "p1": 2.7366913065534124, "p2": 15.515615089789343, "p3": 34.3926305931925, "p4": 32.12678510775767, "pol1": -0.6735798226012697, "pol2": -0.4002782587514626, "pol3": 0.6975288111892506, "pol4": -0.172326511885601, "v0s": 3.899949782609334}, "datetime": {"datetime": "2022-06-25 02:03:00", "elapsed": 8451.859088, "delta": 19.011164}}
{"target": 2.5909075423369856, "params": {"Bgrad": 1.537383247459645, "d1": -1.4956954722870464, "d2": -1.835081665720943, "d3": 0.9965713071912341, "d4": -0.5312567614029402, "p1": 44.17075823635145, "p2": 21.117586317690307, "p3": 25.61638891994707, "p4": 11.447894783807195, "pol1": 0.642189681816902, "pol2": -0.5714096525868568, "pol3": -0.3816208015158067, "pol4": 0.36763228248237834, "v0s": 2.5909075423369856}, "datetime": {"datetime": "2022-06-25 02:03:18", "elapsed": 8469.895858, "delta": 18.03677}}
{"target": 6.482911044219948, "params": {"Bgrad": 0.6119299117863599, "d1": -2.6648383371095745, "d2": -1.0484454188531926, "d3": -0.010937691374834024, "d4": -0.09963147708186204, "p1": 6.6935065809806735, "p2": 7.012475476947472, "p3": 38.70385132460759, "p4": 29.44393977352217, "pol1": 0.9568840864996784, "pol2": -0.34581871809805764, "pol3": -0.05845094383470295, "pol4": -0.013964607908871107, "v0s": 6.482911044219948}, "datetime": {"datetime": "2022-06-25 02:03:32", "elapsed": 8483.930329, "delta": 14.034471}}
{"target": -1.0, "params": {"Bgrad": 0.6793604680684049, "d1": 0.24485994557898838, "d2": -0.05581675259060059, "d3": -0.5516905468206761, "d4": -1.964548523759087, "p1": 9.468266595106023, "p2": 34.36446207227776, "p3": 36.478879594600414, "p4": 35.22988720895053, "pol1": -0.20647330939839548, "pol2": -0.34703346694464665, "pol3": 0.20027103496066734, "pol4": -0.9061032558993101, "v0s": 3.580937269241411}, "datetime": {"datetime": "2022-06-25 02:03:42", "elapsed": 8494.286637, "delta": 10.356308}}
{"target": -1.0, "params": {"Bgrad": 1.1231622061063118, "d1": -2.46976303850947, "d2": 0.6096270260670416, "d3": -0.8464756832540647, "d4": -1.6955472720246054, "p1": 7.230433548640364, "p2": 10.13891456406938, "p3": 32.68321430898851, "p4": 32.62858362695854, "pol1": -0.8187165460682542, "pol2": -0.10271489711855541, "pol3": -0.6024596960382911, "pol4": 0.8328368486935234, "v0s": 6.322660459445734}, "datetime": {"datetime": "2022-06-25 02:04:00", "elapsed": 8511.730991, "delta": 17.444354}}
{"target": -1.0, "params": {"Bgrad": 1.5383281223899241, "d1": -1.3406770963200936, "d2": -2.558757468449015, "d3": -1.211647575442926, "d4": -1.6313155498716458, "p1": 45.307069135798535, "p2": 21.161758398682373, "p3": 25.753065701567166, "p4": 11.936285351570069, "pol1": 0.9873385263657346, "pol2": -0.0025362314786512297, "pol3": 0.4739822164720098, "pol4": -0.2193967545768727, "v0s": 3.738271073878655}, "datetime": {"datetime": "2022-06-25 02:04:20", "elapsed": 8532.513418, "delta": 20.782427}}
{"target": 6.030220714300377, "params": {"Bgrad": 1.4715192722492163, "d1": -2.7800826635366565, "d2": -0.41142728920596916, "d3": -0.2711635858590724, "d4": -0.8122789236718511, "p1": 5.382552993467337, "p2": 14.227964070797434, "p3": 40.957081942717736, "p4": 31.376686817365, "pol1": 0.5560862138017955, "pol2": -0.1502584149287236, "pol3": -0.3174030069704197, "pol4": -0.7834666910982453, "v0s": 6.030220714300377}, "datetime": {"datetime": "2022-06-25 02:04:34", "elapsed": 8546.364381, "delta": 13.850963}}
{"target": 2.078160397931817, "params": {"Bgrad": 0.510677553927284, "d1": -2.3267398115829043, "d2": 0.05869843198312363, "d3": -2.675468316737016, "d4": -2.3730982533823552, "p1": 7.2716782374684925, "p2": 11.671980593645747, "p3": 34.74258729966972, "p4": 30.057591769402908, "pol1": 0.10945111251238804, "pol2": 0.0171174707763051, "pol3": 0.43244939038542296, "pol4": 0.5607125019707313, "v0s": 2.078160397931817}, "datetime": {"datetime": "2022-06-25 02:04:48", "elapsed": 8560.503576, "delta": 14.139195}}
{"target": 4.671572890595592, "params": {"Bgrad": 0.721645890510726, "d1": -2.7035848384813317, "d2": -0.5483834156236576, "d3": 0.009473736859375581, "d4": -2.4915452776328375, "p1": 9.777845923956308, "p2": 12.276945199089745, "p3": 9.686762858130876, "p4": 28.929699243383865, "pol1": 0.7942283402763823, "pol2": -0.1358752924729718, "pol3": -0.13659811218675522, "pol4": 0.18094519672167997, "v0s": 4.671572890595592}, "datetime": {"datetime": "2022-06-25 02:05:02", "elapsed": 8574.296689, "delta": 13.793113}}
{"target": 3.7952327493488167, "params": {"Bgrad": 0.7851770755151737, "d1": -2.4351389787029665, "d2": -0.7937872691016319, "d3": -0.793839096022868, "d4": -0.6706178912916787, "p1": 22.571546165376056, "p2": 18.298379092843714, "p3": 27.313589563645106, "p4": 45.87718249566626, "pol1": 0.87854931810038, "pol2": -0.4300001342463152, "pol3": 0.3675358521130575, "pol4": 0.08099937213524319, "v0s": 3.7952327493488167}, "datetime": {"datetime": "2022-06-25 02:05:12", "elapsed": 8584.034653, "delta": 9.737964}}
