{"target": -1.0, "params": {"Bgrad": 1.736327955161549, "d1": -2.34611449351264, "d2": 0.8542904711292758, "d3": 0.7295915139616831, "d4": -2.7167286892314397, "p1": 42.27302327386015, "p2": 19.780943046969917, "p3": 27.133151173168606, "p4": 12.560999974740945, "pol1": 0.5808610786084263, "pol2": 0.29352163729392533, "pol3": 0.9391504227544443, "pol4": 0.3650983052873966, "v0s": 4.325185111744534}, "datetime": {"datetime": "2022-06-25 01:01:50", "elapsed": 4782.355338, "delta": 15.974285}}
{"target": -1.0, "params": {"Bgrad": 1.669241700945721, "d1": -2.217209735301626, "d2": 0.5098805907424957, "d3": -2.412303330775042, "d4": -2.188901798645771, "p1": 6.130481450365, "p2": 15.523521527188022, "p3": 37.34984068826386, "p4": 33.12178964761135, "pol1": -0.4513319949423866, "pol2": 0.2952660105872622, "pol3": 0.18191721928037907, "pol4": -0.36695918216383405, "v0s": 7.142500974318581}, "datetime": {"datetime": "2022-06-25 01:02:02", "elapsed": 4794.544744, "delta": 12.189406}}
{"target": -1.0, "params": {"Bgrad": 1.2004043148893688, "d1": -1.4497893812129012, "d2": -1.3173070652038503, "d3": -1.6562274654711375, "d4": -2.213591770638657, "p1": 7.308108883798292, "p2": 8.819530722602076, "p3": 33.44889804395511, "p4": 28.090882765761027, "pol1": -0.7500177707888307, "pol2": 0.7274905532185771, "pol3": -0.8875940013344363, "pol4": 0.47248354528865577, "v0s": 2.7960393714481304}, "datetime": {"datetime": "2022-06-25 01:02:13", "elapsed": 4805.453573, "delta": 10.908829}}
{"target": -1.0, "params": {"Bgrad": 0.883234383177005, "d1": 0.540655851978495, "d2": -0.2416055608773524, "d3": -1.0014067932961948, "d4": -2.511527592587909, "p1": 6.367975200211146, "p2": 14.185576117946708, "p3": 36.613246660667954, "p4": 29.559865572331695, "pol1": 0.41815685907668887, "pol2": -0.038634584413205664, "pol3": 0.7014848514189611, "pol4": -0.7566793914805405, "v0s": 5.221197577833019}, "datetime": {"datetime": "2022-06-25 01:02:31", "elapsed": 4822.670535, "delta": 17.216962}}
{"target": 4.047217336940833, "params": {"Bgrad": 1.3721548303443818, "d1": -1.6055771768073317, "d2": 0.39122113166458633, "d3": -2.1488402645754356, "d4": -1.1763468710778666, "p1": 46.076903323996966, "p2": 16.884767592375592, "p3": 27.326653095567746, "p4": 12.186463509909428, "pol1": 0.38946750314476264, "pol2": -0.8102141994571909, "pol3": 0.028492902281048553, "pol4": -0.5104278835917343, "v0s": 4.047217336940833}, "datetime": {"datetime": "2022-06-25 01:02:40", "elapsed": 4832.04048, "delta": 9.369945}}
{"target": 4.037272615100218, "params": {"Bgrad": 0.6928232760377602, "d1": -2.8079174771745117, "d2": -0.6298646865963269, "d3": -1.7358251148105612, "d4": -2.1479778008897914, "p1": 8.295487654765749, "p2": 14.768929587100505, "p3": 6.145807740597875, "p4": 28.79054482499817, "pol1": -0.3288272559543335, "pol2": -0.7776645107777989, "pol3": 0.1270425489456104, "pol4": 0.47579226920871154, "v0s": 4.037272615100218}, "datetime": {"datetime": "2022-06-25 01:02:48", "elapsed": 4839.977257, "delta": 7.936777}}
{"target": 4.8062927471991, "params": {"Bgrad": 1.138840248058879, "d1": -1.0814538248172791, "d2": 0.20064835149498794, "d3": -1.1729484950522067, "d4": -2.0087727176609507, "p1": 5.289124011180957, "p2": 12.673026123033843, "p3": 34.97558283653395, "p4": 27.37317461858526, "pol1": 0.8406174740639896, "pol2": -0.9442029915684456, "pol3": -0.12964657347520037, "pol4": -0.3663390882356754, "v0s": 4.8062927471991}, "datetime": {"datetime": "2022-06-25 01:03:00", "elapsed": 4852.473844, "delta": 12.496587}}
{"target": -1.0, "params": {"Bgrad": 0.5741185564205951, "d1": -2.1644846628402976, "d2": -0.7573574505011877, "d3": -2.138909854320611, "d4": -1.4236306509570458, "p1": 3.1151268503560092, "p2": 11.93109777965488, "p3": 34.32853294787373, "p4": 34.178484563791415, "pol1": -0.9808666821694478, "pol2": 0.15565328458125816, "pol3": 0.5780573593655642, "pol4": -0.4845001034140939, "v0s": 3.8262323818145685}, "datetime": {"datetime": "2022-06-25 01:03:10", "elapsed": 4861.954489, "delta": 9.480645}}
{"target": -1.0, "params": {"Bgrad": 0.5520054384936566, "d1": -1.1439981639638175, "d2": 0.9551957174947816, "d3": -2.0648908729033817, "d4": -1.7304771238496954, "p1": 5.016613286248761, "p2": 12.444594561975697, "p3": 33.32590067747809, "p4": 27.623374544369643, "pol1": 0.03517747517417136, "pol2": 0.19914658170526134, "pol3": -0.35328924314296506, "pol4": 0.19348964869467555, "v0s": 6.5627268797163145}, "datetime": {"datetime": "2022-06-25 01:03:20", "elapsed": 4872.352685, "delta": 10.398196}}
{"target": -1.0, "params": {"Bgrad": 1.1666597092598117, "d1": -1.8513378233280813, "d2": -0.22429252722278825, "d3": -0.032259171901680705, "d4": -1.6884952537752662, "p1": 6.914793551833381, "p2": 8.77481149834235, "p3": 31.829347457481795, "p4": 26.811468530262516, "pol1": 0.2094253301956659, "pol2": -0.9649465591964441, "pol3": -0.5858079846711142, "pol4": 0.7780232597708452, "v0s": 2.0310318912330905}, "datetime": {"datetime": "2022-06-25 01:03:33", "elapsed": 4884.782448, "delta": 12.429763}}
{"target": -1.0, "params": {"Bgrad": 0.6693460134802429, "d1": -2.094253762502766, "d2": -1.638684455200886, "d3": -2.498408243263763, "d4": -0.015948121058902753, "p1": 8.813265007309312, "p2": 7.050764898179873, "p3": 39.24498138086509, "p4": 30.86125643848698, "pol1": 0.48628061287758495, "pol2": 0.7679668856402675, "pol3": 0.48515371671787055, "pol4": -0.42586897531392487, "v0s": 5.471668089061003}, "datetime": {"datetime": "2022-06-25 01:03:43", "elapsed": 4894.700926, "delta": 9.918478}}
{"target": 4.574042482613738, "params": {"Bgrad": 1.5761719288613576, "d1": -1.8374674780425249, "d2": 0.256855010280749, "d3": -1.6402905026615473, "d4": -0.11915592391803287, "p1": 3.9606229690335946, "p2": 13.393300302705791, "p3": 33.38046066750011, "p4": 33.24936472860689, "pol1": -0.11086156809432413, "pol2": -0.5344824764398584, "pol3": 0.4765905855386354, "pol4": -0.10956551972629192, "v0s": 4.574042482613738}, "datetime": {"datetime": "2022-06-25 01:03:54", "elapsed": 4906.171253, "delta": 11.470327}}
{"target": -1.0, "params": {"Bgrad": 0.7875766145629053, "d1": -1.3410416985164977, "d2": -0.43503702278293543, "d3": -1.425524262680122, "d4": -1.6768142582798466, "p1": 11.351470973521167, "p2": 11.845220032828795, "p3": 12.869971093722231, "p4": 29.388890688942183, "pol1": 0.34780968708918647, "pol2": 0.18236377936505144, "pol3": -0.4469582561079921, "pol4": -0.6533416843521731, "v0s": 5.518867302073099}, "datetime": {"datetime": "2022-06-25 01:04:08", "elapsed": 4920.345352, "delta": 14.174099}}
{"target": 4.576399552199566, "params": {"Bgrad": 1.9540658248264955, "d1": -2.793164136469678, "d2": 0.497801176715178, "d3": -1.5554522561467299, "d4": -0.5906350620505934, "p1": 6.927787147261821, "p2": 7.163227770321595, "p3": 33.453104888986324, "p4": 33.926791475692646, "pol1": 0.8404982896397422, "pol2": -0.24736550855288275, "pol3": -0.9585151081756469, "pol4": -0.5591241296023473, "v0s": 4.576399552199566}, "datetime": {"datetime": "2022-06-25 01:04:23", "elapsed": 4935.370175, "delta": 15.024823}}
{"target": -1.0, "params": {"Bgrad": 1.9759830239847944, "d1": -2.3667120112696347, "d2": 0.6368518858741852, "d3": 0.7396684362657764, "d4": -0.8293142604941446, "p1": 4.816176342476808, "p2": 9.696927601537652, "p3": 40.30623390463312, "p4": 29.12783157280049, "pol1": -0.38871170053791926, "pol2": -0.9067940504842742, "pol3": 0.7281273912895776, "pol4": 0.5601501050714235, "v0s": 5.665354867991506}, "datetime": {"datetime": "2022-06-25 01:04:44", "elapsed": 4955.815505, "delta": 20.44533}}
{"target": 4.638981871265801, "params": {"Bgrad": 1.7846560409632544, "d1": -2.0638975386797243, "d2": 0.46487770934657296, "d3": -1.0899038140862045, "d4": -0.5294800687906208, "p1": 4.275785462496575, "p2": 8.351642368851156, "p3": 38.06291450252451, "p4": 27.998241726137746, "pol1": 0.7911432836955422, "pol2": -0.5823691651236994, "pol3": -0.7329472599473719, "pol4": 0.31287225389638, "v0s": 4.638981871265801}, "datetime": {"datetime": "2022-06-25 01:04:54", "elapsed": 4966.336372, "delta": 10.520867}}
{"target": 2.859862625447858, "params": {"Bgrad": 1.6757232448509425, "d1": -0.26663921501465193, "d2": 0.15794833290389265, "d3": -2.002835749777448, "d4": 0.17677101455393673, "p1": 47.42941009031982, "p2": 43.66925412045668, "p3": 6.006300771865591, "p4": 12.919420413984973, "pol1": -0.5402542265867181, "pol2": 0.14445727376321416, "pol3": -0.10808386133428183, "pol4": 0.8575583911228053, "v0s": 2.859862625447858}, "datetime": {"datetime": "2022-06-25 01:05:05", "elapsed": 4976.883169, "delta": 10.546797}}
{"target": 4.682899943020813, "params": {"Bgrad": 0.7488701525954173, "d1": -2.9495672202072787, "d2": -3.0, "d3": -3.0, "d4": -0.7049668238093243, "p1": 10.58226944056186, "p2": 2.924113760598641, "p3": 34.48042208188313, "p4": 21.927254144823404, "pol1": 1.0, "pol2": 0.9268635378083961, "pol3": -0.20133866325169628, "pol4": -0.05488746175204494, "v0s": 4.682899943020813}, "datetime": {"datetime": "2022-06-25 01:05:13", "elapsed": 4984.749136, "delta": 7.865967}}
{"target": 4.49383437059506, "params": {"Bgrad": 1.1161440846772417, "d1": -1.450511339449078, "d2": 0.575709821297496, "d3": -1.4579514402197757, "d4": -2.58644467478959, "p1": 9.958295361998875, "p2": 14.351300719286643, "p3": 8.87019555481875, "p4": 28.169808094592252, "pol1": 0.45089419153224264, "pol2": -0.7970053248406225, "pol3": 0.3760388219090309, "pol4": 0.5387431170197015, "v0s": 4.49383437059506}, "datetime": {"datetime": "2022-06-25 01:05:23", "elapsed": 4995.295934, "delta": 10.546798}}
{"target": 3.8816771394666496, "params": {"Bgrad": 0.6420475330683828, "d1": -0.8749753789077417, "d2": -0.21301792990985646, "d3": -2.7460859163674693, "d4": -0.07586119705959193, "p1": 29.747997555445117, "p2": 10.49449833536331, "p3": 38.1002784419374, "p4": 28.748877709971012, "pol1": 0.6740159035563826, "pol2": 0.08506064525368706, "pol3": 0.6910637034773197, "pol4": 0.6072052300866115, "v0s": 3.8816771394666496}, "datetime": {"datetime": "2022-06-25 01:05:32", "elapsed": 5004.11535, "delta": 8.819416}}
{"target": -1.0, "params": {"Bgrad": 1.528892152408731, "d1": -1.7348667294611064, "d2": -0.3159887654478011, "d3": -2.1651022422140778, "d4": -1.5915264276934997, "p1": 7.846990088683425, "p2": 10.364973243967423, "p3": 31.52038035854609, "p4": 24.289760937217057, "pol1": -0.9791201492389918, "pol2": 0.6502812913456815, "pol3": 0.9623787799033641, "pol4": -0.5935583826192345, "v0s": 3.3751770570038646}, "datetime": {"datetime": "2022-06-25 01:05:46", "elapsed": 5018.339315, "delta": 14.223965}}
{"target": -1.0, "params": {"Bgrad": 1.2306927439248816, "d1": -2.9126617985093364, "d2": 0.657034275522383, "d3": -1.1533498282735706, "d4": -0.9099082486612775, "p1": 12.015613947027848, "p2": 11.689468225167342, "p3": 9.36537251419603, "p4": 29.15768042758746, "pol1": -0.9686567752406423, "pol2": 0.4305317686721355, "pol3": -0.9908811783354943, "pol4": 0.5953599664528528, "v0s": 5.321374801656546}, "datetime": {"datetime": "2022-06-25 01:06:00", "elapsed": 5032.232677, "delta": 13.893362}}
{"target": 3.62369639699628, "params": {"Bgrad": 1.3666117838249225, "d1": -3.0, "d2": -1.4472756578329902, "d3": -2.392496610422196, "d4": -0.30678402823576556, "p1": 13.187108859181462, "p2": 3.96630728560456, "p3": 28.51976940138201, "p4": 22.818840896698767, "pol1": -0.4731099118134669, "pol2": -0.34039826594801653, "pol3": 0.05907219420852832, "pol4": -0.3205179439993844, "v0s": 3.62369639699628}, "datetime": {"datetime": "2022-06-25 01:06:09", "elapsed": 5040.828692, "delta": 8.596015}}
{"target": 3.908240474851298, "params": {"Bgrad": 1.7691490284281688, "d1": -1.970308630842503, "d2": 0.3888652082236133, "d3": -0.7149259341949098, "d4": -0.34340231329940035, "p1": 8.093619477812748, "p2": 36.37695998364588, "p3": 35.872681545362326, "p4": 35.056523017631704, "pol1": 0.01675533125398907, "pol2": 0.21379984246340908, "pol3": -0.16270089142037492, "pol4": -1.0, "v0s": 3.908240474851298}, "datetime": {"datetime": "2022-06-25 01:06:18", "elapsed": 5050.336268, "delta": 9.507576}}
{"target": -1.0, "params": {"Bgrad": 1.0445754758140868, "d1": -1.9556500658761973, "d2": -1.475158727614502, "d3": -1.0162609333801256, "d4": -2.741428948000117, "p1": 4.625457146349943, "p2": 14.4155416913692, "p3": 36.200833203545976, "p4": 32.13737724239659, "pol1": 0.20877975082565192, "pol2": 0.658265683274313, "pol3": 0.3937287687864024, "pol4": -0.8411690200256807, "v0s": 2.4952493498136716}, "datetime": {"datetime": "2022-06-25 01:06:32", "elapsed": 5064.080517, "delta": 13.744249}}
{"target": 3.9562480152910156, "params": {"Bgrad": 0.6941486459985398, "d1": 0.8237414559750276, "d2": -0.9684970263594312, "d3": -2.4387429068370174, "d4": -2.662825886226996, "p1": 9.038013620891233, "p2": 34.72301895881391, "p3": 35.37119874898234, "p4": 35.869299042123394, "pol1": -0.6235725752386818, "pol2": 0.38359398331548245, "pol3": -0.44223623152013114, "pol4": 0.14033919085075008, "v0s": 3.9562480152910156}, "datetime": {"datetime": "2022-06-25 01:06:39", "elapsed": 5070.797555, "delta": 6.717038}}
{"target": -1.0, "params": {"Bgrad": 1.2941888638009005, "d1": -1.1738116710078783, "d2": -0.8253615256123568, "d3": -2.5208065641477635, "d4": -1.5282863714146973, "p1": 3.424821841169817, "p2": 14.80180139257618, "p3": 36.614218641951375, "p4": 28.335128650052937, "pol1": -0.11446983045576231, "pol2": -0.7485679306502617, "pol3": -0.8236920806647821, "pol4": 0.5402913301664043, "v0s": 2.906162230001428}, "datetime": {"datetime": "2022-06-25 01:06:51", "elapsed": 5082.861296, "delta": 12.063741}}
{"target": -1.0, "params": {"Bgrad": 1.248334379866078, "d1": -0.9974570986862061, "d2": -1.9670264716487647, "d3": -2.042982521881154, "d4": -0.865976584090101, "p1": 24.143676267938112, "p2": 33.48401188570171, "p3": 44.450052723613716, "p4": 44.647330724179284, "pol1": -0.7637080798656242, "pol2": 0.9996833739590014, "pol3": -0.8346576025702941, "pol4": -0.7445410134277206, "v0s": 4.4637314951760025}, "datetime": {"datetime": "2022-06-25 01:07:06", "elapsed": 5098.049682, "delta": 15.188386}}
{"target": -1.0, "params": {"Bgrad": 1.4333066151520764, "d1": -1.4026021723312163, "d2": -2.3738826215788853, "d3": -0.7785820756645014, "d4": -2.670554913372232, "p1": 6.549915585155064, "p2": 17.189759859889335, "p3": 37.35575628234098, "p4": 32.894249828029, "pol1": 0.7162765338048023, "pol2": -0.5642539832331102, "pol3": 0.6301145862663342, "pol4": 0.6291598114709283, "v0s": 2.3444347115993907}, "datetime": {"datetime": "2022-06-25 01:07:16", "elapsed": 5108.22248, "delta": 10.172798}}
{"target": 4.301185283537739, "params": {"Bgrad": 1.080895456870405, "d1": -1.893847344113374, "d2": 0.6764430948830626, "d3": -1.5791768659764025, "d4": -2.3599820235145623, "p1": 10.019533105465031, "p2": 14.551754846706817, "p3": 8.125023029269167, "p4": 29.0702143409385, "pol1": -0.04455365101590584, "pol2": -0.7646553270792091, "pol3": 0.2150744199529527, "pol4": 0.3957910824996748, "v0s": 4.301185283537739}, "datetime": {"datetime": "2022-06-25 01:07:28", "elapsed": 5119.956105, "delta": 11.733625}}
{"target": 4.043533287291378, "params": {"Bgrad": 1.9434045659370138, "d1": -2.500428295844083, "d2": -0.1636686638577685, "d3": -0.29027501369344677, "d4": -0.41618448340780284, "p1": 8.528260006560787, "p2": 35.87211144838643, "p3": 35.66228424836599, "p4": 34.84923043750799, "pol1": 0.04776887927913707, "pol2": 0.44929715217958294, "pol3": 0.3361050843285041, "pol4": -1.0, "v0s": 4.043533287291378}, "datetime": {"datetime": "2022-06-25 01:07:38", "elapsed": 5130.424113, "delta": 10.468008}}
{"target": -1.0, "params": {"Bgrad": 1.798891413773276, "d1": -0.3798856189497952, "d2": -0.900707201276711, "d3": 0.957466258322381, "d4": 0.1245771450754174, "p1": 3.581217617889404, "p2": 12.147600125746006, "p3": 39.94391142645989, "p4": 30.91415629965011, "pol1": 0.23620150783318472, "pol2": 0.7985382627168631, "pol3": 0.3097664262308155, "pol4": -0.13976425720772467, "v0s": 3.133567790728725}, "datetime": {"datetime": "2022-06-25 01:07:55", "elapsed": 5146.993806, "delta": 16.569693}}
{"target": -1.0, "params": {"Bgrad": 1.0119718760013787, "d1": -1.2593417702005039, "d2": -0.5674716370155077, "d3": -2.421733618039761, "d4": 0.43851089058496306, "p1": 28.947585929884106, "p2": 10.309314989277263, "p3": 35.11818467279443, "p4": 29.5446929734459, "pol1": -0.48614006134007637, "pol2": 0.29374456785239245, "pol3": 0.9576028368790921, "pol4": -0.9300076525107761, "v0s": 2.9596220833966496}, "datetime": {"datetime": "2022-06-25 01:08:09", "elapsed": 5160.942506, "delta": 13.9487}}
{"target": 4.5367653235160565, "params": {"Bgrad": 1.423918948358171, "d1": -1.96008423315985, "d2": 0.022739675043725885, "d3": -1.1290275317841938, "d4": -2.061079663890127, "p1": 5.415400887763549, "p2": 12.091101753890827, "p3": 34.68920707414343, "p4": 27.282429855342915, "pol1": 0.6665915816508455, "pol2": -0.6889254959514312, "pol3": 0.17731507885212985, "pol4": -0.04755573135496276, "v0s": 4.5367653235160565}, "datetime": {"datetime": "2022-06-25 01:08:19", "elapsed": 5171.077406, "delta": 10.1349}}
{"target": -1.0, "params": {"Bgrad": 1.774032440782614, "d1": -2.0741903333933593, "d2": -0.784789027131632, "d3": -1.9882588834588937, "d4": -0.007105591821227719, "p1": 47.36817049452082, "p2": 43.963811422587064, "p3": 8.144445393021543, "p4": 18.224144272236657, "pol1": 0.5520899871686009, "pol2": 0.1895743860624941, "pol3": -0.3060813765345527, "pol4": -0.07980645712879775, "v0s": 4.861550550748161}, "datetime": {"datetime": "2022-06-25 01:08:35", "elapsed": 5187.315984, "delta": 16.238578}}
{"target": 4.3265554386977065, "params": {"Bgrad": 1.9564523295504113, "d1": -2.6313038282999894, "d2": -0.08162797584440717, "d3": -2.774214905345947, "d4": -2.3009919784661887, "p1": 5.037646623996589, "p2": 10.65975073737584, "p3": 35.40884906948171, "p4": 24.197413659814714, "pol1": -0.8722599949915713, "pol2": -0.3346094325916016, "pol3": -0.800000082183522, "pol4": 0.031616475289304224, "v0s": 4.3265554386977065}, "datetime": {"datetime": "2022-06-25 01:08:45", "elapsed": 5196.880408, "delta": 9.564424}}
{"target": -1.0, "params": {"Bgrad": 1.0499877663174462, "d1": -1.402699692569128, "d2": 0.09907816830118277, "d3": -2.1761007421823253, "d4": -1.788948397789563, "p1": 4.9424564507801865, "p2": 16.413736423050235, "p3": 39.130010001096466, "p4": 34.843810800183334, "pol1": 0.9951301131128347, "pol2": 0.8614904114108359, "pol3": 0.900686575043554, "pol4": 0.24311990237554038, "v0s": 4.5548590727317}, "datetime": {"datetime": "2022-06-25 01:08:58", "elapsed": 5210.215749, "delta": 13.335341}}
{"target": 3.645638523391217, "params": {"Bgrad": 1.4341305885366706, "d1": -0.3769247567178793, "d2": 0.772999777517116, "d3": -1.8413927504854617, "d4": -2.144948929316121, "p1": 5.015870040106734, "p2": 22.5143489882555, "p3": 1.8763411343163505, "p4": 31.478707098175736, "pol1": -0.030660337778910973, "pol2": -0.316110641882142, "pol3": 0.7129813932201912, "pol4": -0.8311474627926705, "v0s": 3.645638523391217}, "datetime": {"datetime": "2022-06-25 01:09:10", "elapsed": 5222.324371, "delta": 12.108622}}
{"target": 4.343037811326984, "params": {"Bgrad": 0.8619565837170156, "d1": -1.926819884509021, "d2": 0.3153324848093348, "d3": -0.5906733277982229, "d4": -0.995318752642913, "p1": 1.9267271990485257, "p2": 32.036221482458224, "p3": 16.363354208343388, "p4": 11.650071773511549, "pol1": -0.5051072424857996, "pol2": -0.15854194364401447, "pol3": -0.24343493542193934, "pol4": -0.3276747176781661, "v0s": 4.343037811326984}, "datetime": {"datetime": "2022-06-25 01:09:22", "elapsed": 5234.361184, "delta": 12.036813}}
{"target": -1.0, "params": {"Bgrad": 1.2567182869736206, "d1": -0.3077904296471585, "d2": -0.6882397019794166, "d3": -2.5096377291502923, "d4": -2.8157724043426082, "p1": 30.591010716894473, "p2": 9.483695207160714, "p3": 37.124346348709366, "p4": 29.3937763242102, "pol1": 0.7261020726173333, "pol2": -0.7975825970047083, "pol3": -0.125755575894114, "pol4": 0.5143805895192333, "v0s": 4.863531259655325}, "datetime": {"datetime": "2022-06-25 01:09:39", "elapsed": 5251.020637, "delta": 16.659453}}
{"target": 3.1556540947989653, "params": {"Bgrad": 1.611572310450542, "d1": -1.912117781473313, "d2": 0.37493726311070485, "d3": -1.3577293649130215, "d4": -2.2800001700156547, "p1": 11.07463625996123, "p2": 19.270397906580673, "p3": 8.744804320441407, "p4": 30.105602522143798, "pol1": -0.21606571932506413, "pol2": -0.6394124117713791, "pol3": -0.3387334644160882, "pol4": 0.3269549929327542, "v0s": 3.1556540947989653}, "datetime": {"datetime": "2022-06-25 01:09:49", "elapsed": 5260.688785, "delta": 9.668148}}
{"target": -1.0, "params": {"Bgrad": 1.3596961074876577, "d1": -0.7811329282642006, "d2": -0.849260785600769, "d3": -1.5481084126438476, "d4": 0.5134687613503228, "p1": 2.7522680056546345, "p2": 13.188063581276577, "p3": 36.67067172373149, "p4": 25.570356919611104, "pol1": -0.6951081108343513, "pol2": 0.23851807974084038, "pol3": 0.9099713308989927, "pol4": -0.31027992093186607, "v0s": 3.7674348970401934}, "datetime": {"datetime": "2022-06-25 01:10:03", "elapsed": 5274.917736, "delta": 14.228951}}
{"target": -1.0, "params": {"Bgrad": 1.2260547789750462, "d1": -1.8590037682764242, "d2": -2.5614435142456395, "d3": -1.611962032327058, "d4": -1.3423808221899276, "p1": 13.105425991861196, "p2": 5.376595227174991, "p3": 28.191037402800116, "p4": 22.767418661302983, "pol1": -0.7582706164556601, "pol2": 0.10155946986288122, "pol3": -0.06911470562274968, "pol4": 0.9094087884204476, "v0s": 3.184581439210231}, "datetime": {"datetime": "2022-06-25 01:10:20", "elapsed": 5292.518671, "delta": 17.600935}}
