{"target": -1.0, "params": {"Bgrad": 0.7994662526711619, "d1": -1.4963896402623083, "d2": -1.7550085690830182, "d3": -2.126891287747659, "d4": -0.44849064847630027, "p1": 14.337508503329477, "p2": 19.571703879190867, "p3": 24.31098682971205, "p4": 23.521933592136367, "pol1": -0.3068435820953954, "pol2": -0.1842492470935051, "pol3": 0.9618732581419982, "pol4": -0.9302206508113737, "v0s": 3.7993214599435268}, "datetime": {"datetime": "2022-04-14 16:44:25", "elapsed": 3884.703499, "delta": 11.864278}}
{"target": -1.0, "params": {"Bgrad": 1.9154763459565136, "d1": -2.0975764165717683, "d2": -1.304555219927884, "d3": -0.9473764509091365, "d4": 0.7451891616674531, "p1": 32.35587549747797, "p2": 10.047460672044235, "p3": 5.569498507339499, "p4": 24.46476136003266, "pol1": 0.17187265881589964, "pol2": 0.5125765691907325, "pol3": -0.32152999060356335, "pol4": 0.2101698958317284, "v0s": 5.851772870148424}, "datetime": {"datetime": "2022-04-14 16:44:44", "elapsed": 3904.649171, "delta": 19.945672}}
{"target": -1.0, "params": {"Bgrad": 1.517055648956847, "d1": -2.2855406221392394, "d2": -0.3365950540192646, "d3": -1.7296682330873927, "d4": -0.5997257938724414, "p1": 15.614722968497347, "p2": 17.004454206772508, "p3": 25.859616938173343, "p4": 22.950706830974198, "pol1": 0.5059148594329392, "pol2": -0.7791275528811026, "pol3": -0.32873193500204567, "pol4": 0.6711643838153603, "v0s": 5.9501088074144395}, "datetime": {"datetime": "2022-04-14 16:45:03", "elapsed": 3923.072912, "delta": 18.423741}}
{"target": 4.5827125811547, "params": {"Bgrad": 1.9098241114020789, "d1": -2.660154692852767, "d2": -1.3525538043027239, "d3": -0.5766537400749172, "d4": -2.083524808946235, "p1": 28.35539728884695, "p2": 11.581579709637246, "p3": 41.575078996170035, "p4": 37.04854179842142, "pol1": -0.8016103694427386, "pol2": -0.6222576597822489, "pol3": 0.43177830126414585, "pol4": -0.04910731878098029, "v0s": 4.5827125811547}, "datetime": {"datetime": "2022-04-14 16:45:14", "elapsed": 3934.377686, "delta": 11.304774}}
{"target": -1.0, "params": {"Bgrad": 1.791721593506866, "d1": -1.3663229337827185, "d2": -2.1153972435721053, "d3": 0.09924660401463381, "d4": -1.9273809166946547, "p1": 27.61176317394483, "p2": 12.936017093081148, "p3": 40.51699014165496, "p4": 37.35885065417812, "pol1": 0.7424714260327381, "pol2": 0.7492305105621533, "pol3": 0.7145432587044658, "pol4": 0.45250729462401296, "v0s": 6.40520070520218}, "datetime": {"datetime": "2022-04-14 16:45:31", "elapsed": 3951.36028, "delta": 16.982594}}
{"target": 4.663533292596259, "params": {"Bgrad": 1.8713456039577931, "d1": -2.636371425069227, "d2": -1.2129833271582657, "d3": -0.4826149046299126, "d4": -2.1600345144858037, "p1": 28.233404733875265, "p2": 11.344407069433757, "p3": 40.83820470748445, "p4": 36.82953707584772, "pol1": -0.852200357076635, "pol2": -0.397299031863821, "pol3": 0.10307168326592442, "pol4": 0.09735409741163145, "v0s": 4.663533292596259}, "datetime": {"datetime": "2022-04-14 16:45:43", "elapsed": 3963.438986, "delta": 12.078706}}
{"target": -1.0, "params": {"Bgrad": 1.179858705014924, "d1": -1.7739841994209122, "d2": -2.6303149771579615, "d3": -1.8652000514921312, "d4": -0.24648319593666557, "p1": 15.671242390003004, "p2": 16.62509316795284, "p3": 25.029730102947518, "p4": 21.911466577334597, "pol1": -0.20716411808735735, "pol2": -0.4699762571584487, "pol3": -0.43347802131180857, "pol4": 0.22818245389302105, "v0s": 4.48408946049245}, "datetime": {"datetime": "2022-04-14 16:45:54", "elapsed": 3974.366769, "delta": 10.927783}}
{"target": -1.0, "params": {"Bgrad": 1.662297325772568, "d1": 0.9821273599437164, "d2": -0.7046796179882326, "d3": -1.760314433395823, "d4": 0.1693667078938743, "p1": 7.716936593614587, "p2": 29.548069025531532, "p3": 48.21960567001787, "p4": 19.917543366906948, "pol1": 0.8481181374259288, "pol2": -0.29112729564393014, "pol3": 0.5303206378402314, "pol4": 0.7180986819115718, "v0s": 2.607748847204146}, "datetime": {"datetime": "2022-04-14 16:46:16", "elapsed": 3995.71569, "delta": 21.348921}}
{"target": -1.0, "params": {"Bgrad": 1.1120896437517467, "d1": -0.9233889327575606, "d2": 0.35069620045243477, "d3": -0.8990672998214992, "d4": -1.5356481428649484, "p1": 33.62508729691688, "p2": 10.361927781462349, "p3": 7.944387049218754, "p4": 26.366640413904403, "pol1": 0.4441456645283539, "pol2": -0.595517278860684, "pol3": 0.23682089812442375, "pol4": 0.20085003662592715, "v0s": 5.831421721851612}, "datetime": {"datetime": "2022-04-14 16:46:30", "elapsed": 4009.860869, "delta": 14.145179}}
{"target": 4.835806884587543, "params": {"Bgrad": 0.8713931780084438, "d1": -3.0, "d2": -0.7347700229620131, "d3": 0.19989272678534792, "d4": -0.6309778131428274, "p1": 32.19281974116594, "p2": 7.983274675927335, "p3": 7.772747813617962, "p4": 25.6914118657563, "pol1": 0.9362097846911158, "pol2": -0.7479303813608331, "pol3": -0.0695814808559865, "pol4": -0.29284286841060225, "v0s": 4.835806884587543}, "datetime": {"datetime": "2022-04-14 16:46:37", "elapsed": 4017.017734, "delta": 7.156865}}
{"target": 3.275191314347359, "params": {"Bgrad": 0.9282449288269541, "d1": -1.1821407130064547, "d2": 0.5676836113335049, "d3": 0.8747470335341041, "d4": -0.6096534129603155, "p1": 5.26634144405903, "p2": 1.9799719789588222, "p3": 40.31467037517389, "p4": 48.91483193109383, "pol1": -0.5344004656194161, "pol2": 0.26105296836633873, "pol3": 0.31973951812030244, "pol4": 0.4493639756998855, "v0s": 3.275191314347359}, "datetime": {"datetime": "2022-04-14 16:46:41", "elapsed": 4020.776684, "delta": 3.75895}}
{"target": -1.0, "params": {"Bgrad": 1.396473269775766, "d1": -0.10582874339098103, "d2": -0.4521970307541956, "d3": -2.0762682137943838, "d4": -1.4739928995711833, "p1": 27.17038880767064, "p2": 37.48856268207711, "p3": 21.50632899431003, "p4": 6.953982888747423, "pol1": -0.27720638798719555, "pol2": -0.37346835898665054, "pol3": 0.25518264277057967, "pol4": 0.6877284424050703, "v0s": 3.8587071832277817}, "datetime": {"datetime": "2022-04-14 16:46:59", "elapsed": 4039.664185, "delta": 18.887501}}
{"target": -1.0, "params": {"Bgrad": 1.12286810573078, "d1": -0.8422640850976917, "d2": 0.5825929167023656, "d3": -1.3825346952972328, "d4": -0.813692424995367, "p1": 11.804883317629372, "p2": 28.952574488564764, "p3": 19.511423567233965, "p4": 2.543434775795572, "pol1": -0.05799844083180794, "pol2": -0.7741671050857173, "pol3": 0.44255448137879494, "pol4": -0.7937385780479633, "v0s": 3.644481506122691}, "datetime": {"datetime": "2022-04-14 16:47:12", "elapsed": 4052.168751, "delta": 12.504566}}
{"target": 5.179734478757892, "params": {"Bgrad": 0.797579091184249, "d1": -2.566112531356748, "d2": 0.7313217756715155, "d3": -0.4000779352718858, "d4": -0.30389761672061966, "p1": 35.63804684292027, "p2": 8.130468301638427, "p3": 22.56510496502187, "p4": 50.0, "pol1": -0.9549680143582419, "pol2": 0.42188200222556793, "pol3": -0.8805558130217409, "pol4": -0.3390475655882531, "v0s": 5.179734478757892}, "datetime": {"datetime": "2022-04-14 16:47:17", "elapsed": 4056.69864, "delta": 4.529889}}
{"target": -1.0, "params": {"Bgrad": 1.1317406237340535, "d1": -0.3143275638873768, "d2": 0.9892134362900871, "d3": -2.458490700422595, "d4": 0.7855036614093045, "p1": 17.40167024101844, "p2": 21.13864985010035, "p3": 20.669146333570236, "p4": 23.567892892944396, "pol1": -0.882349855533697, "pol2": 0.11057215707007373, "pol3": -0.8620741142111639, "pol4": 0.8588597459190019, "v0s": 3.6466737673262237}, "datetime": {"datetime": "2022-04-14 16:47:32", "elapsed": 4072.344466, "delta": 15.645826}}
{"target": -1.0, "params": {"Bgrad": 1.8172295916770058, "d1": -1.153324844616265, "d2": -1.3104211107416686, "d3": -1.1780959271804403, "d4": -1.4319578022238688, "p1": 28.290863375390508, "p2": 11.699789122209175, "p3": 38.1526891591753, "p4": 36.29295952767054, "pol1": 0.38875528649094915, "pol2": -0.010162422855314768, "pol3": 0.21549322334586973, "pol4": 0.4488344738929544, "v0s": 5.012144406624508}, "datetime": {"datetime": "2022-04-14 16:47:50", "elapsed": 4090.607636, "delta": 18.26317}}
{"target": 3.4532429686046378, "params": {"Bgrad": 1.9794992145381136, "d1": -0.2765639337846384, "d2": -0.8621224493799926, "d3": -0.3768917519139503, "d4": -1.8446720991048005, "p1": 14.621348538229817, "p2": 16.735135938498125, "p3": 24.306990387451766, "p4": 23.659911839078905, "pol1": -0.5482366315246863, "pol2": -0.5454030497296891, "pol3": 0.6767973173260586, "pol4": 0.07779642013381682, "v0s": 3.4532429686046378}, "datetime": {"datetime": "2022-04-14 16:48:05", "elapsed": 4104.945302, "delta": 14.337666}}
{"target": -1.0, "params": {"Bgrad": 0.7921987991906648, "d1": -1.0603754964842258, "d2": -1.7264580074101539, "d3": -2.4996292760791086, "d4": -0.4743515998998089, "p1": 9.64554347079629, "p2": 28.416132148947565, "p3": 47.93548862578792, "p4": 19.047906620712222, "pol1": 0.6587422136771592, "pol2": -0.8867482490022454, "pol3": -0.28454912576203495, "pol4": 0.639940648482332, "v0s": 2.0206972480460745}, "datetime": {"datetime": "2022-04-14 16:48:11", "elapsed": 4111.581559, "delta": 6.636257}}
{"target": -1.0, "params": {"Bgrad": 0.7459447864768464, "d1": -2.009060225796266, "d2": 0.22898830170245787, "d3": -1.2108688625493316, "d4": -2.0831190612121624, "p1": 37.405888201769756, "p2": 8.57493963210797, "p3": 21.50766793374975, "p4": 49.520522988558746, "pol1": -0.36655362566909755, "pol2": -0.3058534601243861, "pol3": -0.39724168664709736, "pol4": -0.7283842732797885, "v0s": 3.86620226382032}, "datetime": {"datetime": "2022-04-14 16:48:21", "elapsed": 4120.750046, "delta": 9.168487}}
{"target": -1.0, "params": {"Bgrad": 1.0903049762827364, "d1": -2.6030972413607767, "d2": -0.929381183269888, "d3": -0.17081976261473475, "d4": -1.6254760734627407, "p1": 33.03122041100599, "p2": 10.63481967178404, "p3": 9.396383365448258, "p4": 24.342985419665204, "pol1": -0.34735400332645616, "pol2": -0.4290394286444139, "pol3": -0.3992687930650922, "pol4": -0.22310710637860343, "v0s": 5.351893292739305}, "datetime": {"datetime": "2022-04-14 16:48:38", "elapsed": 4138.104645, "delta": 17.354599}}
{"target": -1.0, "params": {"Bgrad": 1.7704111604981092, "d1": -0.4838419814060346, "d2": -2.443778945332765, "d3": -2.046330056202114, "d4": 0.5981254707194728, "p1": 11.720874149637456, "p2": 0.9929080819543912, "p3": 43.36919832790677, "p4": 46.77348339285163, "pol1": -0.6756286867683816, "pol2": -0.23537629774013769, "pol3": -0.21743627385589304, "pol4": 0.4716501253759724, "v0s": 3.9914356684538337}, "datetime": {"datetime": "2022-04-14 16:48:55", "elapsed": 4154.877799, "delta": 16.773154}}
{"target": -1.0, "params": {"Bgrad": 1.0786399793643122, "d1": -1.4294755944710444, "d2": 0.2848308011588796, "d3": -1.5629119092723758, "d4": 0.26755530484994194, "p1": 10.743039490698242, "p2": 29.34351495938558, "p3": 15.822391747999559, "p4": 1.127958867791956, "pol1": 0.6386869848913066, "pol2": -0.007666501131595949, "pol3": -0.8398159201597271, "pol4": -0.6626518769538421, "v0s": 2.2790950021553864}, "datetime": {"datetime": "2022-04-14 16:49:07", "elapsed": 4167.29859, "delta": 12.420791}}
{"target": 3.754878872361594, "params": {"Bgrad": 0.5364196825464607, "d1": -2.3912071727020034, "d2": -1.7925570931519235, "d3": -0.11112217329922158, "d4": -0.1893496739109013, "p1": 4.887200601803854, "p2": 1.340970658540408, "p3": 42.99144242839662, "p4": 49.10717689961912, "pol1": -0.28015395737351123, "pol2": 0.4120252574026162, "pol3": 0.7372552535883923, "pol4": -0.11974630591104263, "v0s": 3.754878872361594}, "datetime": {"datetime": "2022-04-14 16:49:11", "elapsed": 4170.82915, "delta": 3.53056}}
{"target": -1.0, "params": {"Bgrad": 0.583036496527242, "d1": -1.5771629105186984, "d2": -1.9986901546953642, "d3": 0.6895280410038253, "d4": 0.9154836215088883, "p1": 20.92566580630318, "p2": 29.95353525561107, "p3": 6.721799021415985, "p4": 25.990074645275143, "pol1": -0.5539850013331624, "pol2": 0.6929327002278854, "pol3": 0.2627796048438297, "pol4": 0.3538618471784866, "v0s": 2.281588273787039}, "datetime": {"datetime": "2022-04-14 16:49:20", "elapsed": 4180.071439, "delta": 9.242289}}
{"target": -1.0, "params": {"Bgrad": 1.8075984910355432, "d1": -1.3773047626273747, "d2": -0.7570966826816887, "d3": -2.037318390970671, "d4": 0.48453291885515615, "p1": 5.326607671135347, "p2": 0.9054360450833465, "p3": 43.547597264511836, "p4": 48.83209873861621, "pol1": -0.7362145693533346, "pol2": 0.9233899630972855, "pol3": 0.11048653747020554, "pol4": -0.004276167182186041, "v0s": 4.608978033861955}, "datetime": {"datetime": "2022-04-14 16:49:39", "elapsed": 4199.036733, "delta": 18.965294}}
{"target": -1.0, "params": {"Bgrad": 1.0380846807225148, "d1": -2.5614309096319903, "d2": -1.1369750444934046, "d3": -0.322876937984073, "d4": -0.7134366629832196, "p1": 30.15164133516154, "p2": 5.1302995584678435, "p3": 7.978321485309614, "p4": 26.557554182355336, "pol1": -0.2420076825488604, "pol2": 0.4140696038655225, "pol3": -0.04150947595141741, "pol4": -0.8366644687119549, "v0s": 4.770736016367442}, "datetime": {"datetime": "2022-04-14 16:49:53", "elapsed": 4212.867753, "delta": 13.83102}}
{"target": -1.0, "params": {"Bgrad": 0.6741738752442219, "d1": -2.383142806336683, "d2": -2.8141099157231966, "d3": 0.2748301214194675, "d4": -0.8452094415379365, "p1": 19.914181470405033, "p2": 30.69154643481943, "p3": 6.942262399665705, "p4": 24.864181651985106, "pol1": -0.4448170494617376, "pol2": 0.7500576227783884, "pol3": -0.6077790636397986, "pol4": -0.950815396045962, "v0s": 4.292347253575637}, "datetime": {"datetime": "2022-04-14 16:50:06", "elapsed": 4225.793194, "delta": 12.925441}}
{"target": -1.0, "params": {"Bgrad": 0.5533412331888818, "d1": 0.794517197191825, "d2": -2.604163258096221, "d3": -1.0036750362424862, "d4": -2.097810526151835, "p1": 19.658842973423845, "p2": 42.45111261437097, "p3": 19.263656212816432, "p4": 47.2602631374091, "pol1": -0.6512964439379016, "pol2": -0.46104301087049504, "pol3": 0.4353152796935289, "pol4": -0.49209462493259815, "v0s": 2.281232490233907}, "datetime": {"datetime": "2022-04-14 16:50:10", "elapsed": 4229.848352, "delta": 4.055158}}
{"target": 5.145076103885858, "params": {"Bgrad": 1.437192724680268, "d1": -2.62333835083494, "d2": 0.4665517972055091, "d3": -2.8927953944665687, "d4": -0.3239799250511739, "p1": 18.908881779424497, "p2": 19.366121829445603, "p3": 23.13746481792726, "p4": 21.48763658998532, "pol1": -0.7969155078546117, "pol2": -0.5116000369592326, "pol3": 0.41984651870477907, "pol4": 0.3314904491200661, "v0s": 5.145076103885858}, "datetime": {"datetime": "2022-04-14 16:50:19", "elapsed": 4239.030801, "delta": 9.182449}}
{"target": -1.0, "params": {"Bgrad": 1.199329959706485, "d1": -0.6254159985261678, "d2": 0.3350268677382333, "d3": -0.8215146843865195, "d4": -0.7037771482669823, "p1": 19.164466117568512, "p2": 19.327045796785686, "p3": 21.66243906976904, "p4": 25.8181824316223, "pol1": 0.27580094932779087, "pol2": 0.21588331464474053, "pol3": -0.7261817357535656, "pol4": -0.14292517950463024, "v0s": 4.576624857945014}, "datetime": {"datetime": "2022-04-14 16:50:36", "elapsed": 4256.072238, "delta": 17.041437}}
{"target": -1.0, "params": {"Bgrad": 1.8147952639129328, "d1": -2.124762629166947, "d2": 0.036450338358457124, "d3": -0.6567681066387765, "d4": -2.3105643138130674, "p1": 18.910400801146327, "p2": 19.536814796222746, "p3": 25.943255600130787, "p4": 22.587358104603382, "pol1": -0.49702759917609174, "pol2": -0.0936530256678958, "pol3": 0.2507631457581829, "pol4": -0.01530291593682609, "v0s": 6.245164311549922}, "datetime": {"datetime": "2022-04-14 16:50:58", "elapsed": 4278.266897, "delta": 22.194659}}
{"target": -1.0, "params": {"Bgrad": 1.1758418920635623, "d1": -1.264584540431731, "d2": -1.7491726705326922, "d3": 0.027420918949856876, "d4": -2.010435135809509, "p1": 29.290078926209624, "p2": 10.142936284634036, "p3": 39.96740746898413, "p4": 35.44229942586424, "pol1": -0.6389531649618698, "pol2": 0.6708999264308466, "pol3": 0.26864270663433976, "pol4": 0.7350719260594465, "v0s": 6.825292372274674}, "datetime": {"datetime": "2022-04-14 16:51:12", "elapsed": 4292.127837, "delta": 13.86094}}
{"target": -1.0, "params": {"Bgrad": 0.8942093838937983, "d1": -1.8838420879174373, "d2": -2.3291959088232064, "d3": -1.1254812228220934, "d4": 0.20083184580835312, "p1": 5.30764656112232, "p2": 1.453017755333219, "p3": 36.346461444567844, "p4": 19.814299707637474, "pol1": -0.15768510018514426, "pol2": 0.43986388127066767, "pol3": -0.5581872954129365, "pol4": 0.7994820360780155, "v0s": 3.0702820937102997}, "datetime": {"datetime": "2022-04-14 16:51:25", "elapsed": 4305.063252, "delta": 12.935415}}
{"target": 4.350478982010866, "params": {"Bgrad": 1.7127148218877548, "d1": -0.9279142882521949, "d2": 0.5183693592636575, "d3": -0.48598209682954235, "d4": -1.3722920926174544, "p1": 17.391180452360064, "p2": 18.109490100451445, "p3": 24.926754405521976, "p4": 23.693348830224824, "pol1": -0.8332789261086776, "pol2": -0.5568803435152182, "pol3": -0.27832912389815634, "pol4": 0.07213300534011191, "v0s": 4.350478982010866}, "datetime": {"datetime": "2022-04-14 16:51:36", "elapsed": 4315.76464, "delta": 10.701388}}
{"target": -1.0, "params": {"Bgrad": 1.2085253957501354, "d1": -2.644453626970291, "d2": -0.9683154010962807, "d3": -0.5862829980080511, "d4": -2.360336886205818, "p1": 27.816559886987317, "p2": 10.446182144078858, "p3": 35.08865956529918, "p4": 36.982396881842796, "pol1": 0.08232869366062023, "pol2": -0.7041507925016883, "pol3": -0.24720430846955255, "pol4": -0.088430957676213, "v0s": 6.235780206980541}, "datetime": {"datetime": "2022-04-14 16:51:54", "elapsed": 4334.524482, "delta": 18.759842}}
{"target": -1.0, "params": {"Bgrad": 0.9675145681445542, "d1": -0.5222577022423467, "d2": 0.5243144711258281, "d3": -1.269750246886538, "d4": -0.40576076309677633, "p1": 10.90851239144065, "p2": 29.003787670249125, "p3": 47.828716269314015, "p4": 18.856552593186183, "pol1": 0.30699370007205906, "pol2": 0.8206687506529908, "pol3": 0.23397160891366897, "pol4": 0.6283617518417683, "v0s": 4.801805052606008}, "datetime": {"datetime": "2022-04-14 16:52:11", "elapsed": 4350.747108, "delta": 16.222626}}
{"target": -1.0, "params": {"Bgrad": 1.3956874256042977, "d1": -2.6185447719429504, "d2": -1.3767552407045733, "d3": 0.39541346127253973, "d4": -2.4084835141813543, "p1": 29.934208180925676, "p2": 8.32421718077137, "p3": 7.732371946089067, "p4": 26.115694748620378, "pol1": 0.834560420897458, "pol2": 0.4151243533927478, "pol3": 0.17355430444206998, "pol4": 0.9409675156940569, "v0s": 3.391827807826573}, "datetime": {"datetime": "2022-04-14 16:52:27", "elapsed": 4367.2819, "delta": 16.534792}}
{"target": -1.0, "params": {"Bgrad": 1.0216313918087752, "d1": -2.826458343293027, "d2": 0.24292252826246763, "d3": 0.9928935267431798, "d4": 0.8344968522676064, "p1": 35.821520266205944, "p2": 6.500797554803006, "p3": 20.169884811206312, "p4": 48.46864359397672, "pol1": -0.6718407792395042, "pol2": 0.8246235444544694, "pol3": 0.40855435698766507, "pol4": -0.47917253351916345, "v0s": 4.930452514676304}, "datetime": {"datetime": "2022-04-14 16:52:41", "elapsed": 4381.344301, "delta": 14.062401}}
{"target": -1.0, "params": {"Bgrad": 1.6597369520395335, "d1": -2.3426782650118216, "d2": 0.9849496076065725, "d3": -0.0678009632531249, "d4": -1.0591660811706713, "p1": 6.015559511382923, "p2": 0.04629503119872869, "p3": 40.22251943650756, "p4": 48.38721492323973, "pol1": 0.1394762659764448, "pol2": 0.31914309997646795, "pol3": -0.4953181981076993, "pol4": 0.592078328515586, "v0s": 3.4763361794999375}, "datetime": {"datetime": "2022-04-14 16:52:55", "elapsed": 4395.257103, "delta": 13.912802}}
{"target": -1.0, "params": {"Bgrad": 1.5083862136632868, "d1": 0.2148285267095016, "d2": 0.7115248787477757, "d3": 0.5261502901089545, "d4": -1.2776610737275602, "p1": 20.220494490218588, "p2": 18.081296413275773, "p3": 24.65964677501159, "p4": 22.946916857512136, "pol1": -0.14611078832118007, "pol2": -0.7465592304781212, "pol3": 0.7256182011753389, "pol4": 0.10448929872946255, "v0s": 3.174497778420496}, "datetime": {"datetime": "2022-04-14 16:53:16", "elapsed": 4416.02358, "delta": 20.766477}}
{"target": 4.942589059843087, "params": {"Bgrad": 0.5179937276864821, "d1": -1.8438341116052226, "d2": -0.20190700637202852, "d3": -0.31066676316783237, "d4": 0.9809169304927656, "p1": 10.130797616696768, "p2": 30.74396008047674, "p3": 49.9193729540775, "p4": 19.18761263674079, "pol1": -0.4864867452829549, "pol2": 0.7192619276024683, "pol3": 0.19315001143948618, "pol4": 0.008254462330770984, "v0s": 4.942589059843087}, "datetime": {"datetime": "2022-04-14 16:53:21", "elapsed": 4421.12893, "delta": 5.10535}}
{"target": -1.0, "params": {"Bgrad": 1.0210735721716193, "d1": -2.7294433471705606, "d2": -0.7755921095077842, "d3": 0.9100059426308551, "d4": 0.8233028960509636, "p1": 32.42172555366877, "p2": 8.521864448622225, "p3": 8.308070177001403, "p4": 24.169788012103755, "pol1": 0.28196987383735705, "pol2": 0.554874770903836, "pol3": 0.09865867787857208, "pol4": -0.6892958573241346, "v0s": 4.460946724117463}, "datetime": {"datetime": "2022-04-14 16:53:36", "elapsed": 4435.976233, "delta": 14.847303}}
{"target": -1.0, "params": {"Bgrad": 0.5726022976707792, "d1": -0.235731696568783, "d2": 0.16020379351233283, "d3": -2.1481006795843074, "d4": -1.7488684400006997, "p1": 9.482354186139514, "p2": 28.44378476524461, "p3": 49.19806651404222, "p4": 19.661260011467558, "pol1": 0.12122311963287369, "pol2": 0.49207925180689216, "pol3": -0.9733996899951931, "pol4": 0.7482549835239658, "v0s": 5.133424703772241}, "datetime": {"datetime": "2022-04-14 16:53:44", "elapsed": 4443.721525, "delta": 7.745292}}
