{"target": -1.0, "params": {"Bgrad": 0.5971099751623232, "d1": 0.9653860349272363, "d2": -2.788021829328042, "d3": -2.2020178154457546, "d4": -1.3089893534217563, "p1": 5.3754438092583845, "p2": 31.183520549885092, "p3": 2.399628202443366, "p4": 14.231194050347106, "pol1": -0.8779266377606578, "pol2": 0.40703866221016227, "pol3": 0.336912335178964, "pol4": -0.24283881349879555, "v0s": 3.129165560178927}, "datetime": {"datetime": "2022-04-14 16:35:17", "elapsed": 3337.259187, "delta": 8.867292}}
{"target": 4.186268422209382, "params": {"Bgrad": 1.6205072435449177, "d1": -1.638482836938131, "d2": 0.1812046696225713, "d3": -1.0483962432815188, "d4": -0.8973222225960824, "p1": 1.4245424745783608, "p2": 32.21160099395159, "p3": 17.53282512160837, "p4": 11.460251364603286, "pol1": -0.13223324757659882, "pol2": -0.23506508545816485, "pol3": -0.06042191982727951, "pol4": 0.9589667083596127, "v0s": 4.186268422209382}, "datetime": {"datetime": "2022-04-14 16:35:25", "elapsed": 3345.432335, "delta": 8.173148}}
{"target": 2.186582452733287, "params": {"Bgrad": 1.6616152000040592, "d1": -0.78892961380043, "d2": 0.5565243564299314, "d3": -1.580188595401712, "d4": -2.01792527925397, "p1": 45.55096198284841, "p2": 2.1767131878882684, "p3": 47.53767140305011, "p4": 27.820345783546262, "pol1": -0.247273566625825, "pol2": 0.9901046446782222, "pol3": -0.8832747077047367, "pol4": 0.03341271953522429, "v0s": 2.186582452733287}, "datetime": {"datetime": "2022-04-14 16:35:33", "elapsed": 3353.029026, "delta": 7.596691}}
{"target": -1.0, "params": {"Bgrad": 1.3567636087793502, "d1": -2.2781259640195377, "d2": -0.47616319864187817, "d3": 0.9236947030023259, "d4": 0.4996102048495237, "p1": 22.591812471043532, "p2": 35.42304350258586, "p3": 38.87343750015946, "p4": 24.74215420912818, "pol1": 0.05706698035513025, "pol2": -0.6984312032556148, "pol3": -0.26120014877618747, "pol4": -0.7155574938544267, "v0s": 6.361362520067376}, "datetime": {"datetime": "2022-04-14 16:35:50", "elapsed": 3369.673522, "delta": 16.644496}}
{"target": -1.0, "params": {"Bgrad": 1.215519491603395, "d1": -1.2044846531729378, "d2": 0.5439918846614051, "d3": -0.8895249107537544, "d4": -1.3636366723325604, "p1": 13.444601110632293, "p2": 3.6006017584884975, "p3": 20.90680668626579, "p4": 1.2876741203291686, "pol1": -0.4176921188951439, "pol2": 0.007019019696792972, "pol3": 0.9318661300394446, "pol4": -0.7812341716128308, "v0s": 6.038246325299732}, "datetime": {"datetime": "2022-04-14 16:36:06", "elapsed": 3385.877198, "delta": 16.203676}}
{"target": -1.0, "params": {"Bgrad": 1.2498985566488, "d1": 0.10839291710313192, "d2": -2.425572008503163, "d3": -2.667189454256498, "d4": -1.4031255785901848, "p1": 39.84811259899501, "p2": 9.583786945494504, "p3": 38.3888596073637, "p4": 14.51489985309341, "pol1": -0.5662170247764093, "pol2": -0.9665688218459871, "pol3": -0.20268188015524258, "pol4": -0.23783701741309526, "v0s": 5.956069617172188}, "datetime": {"datetime": "2022-04-14 16:36:16", "elapsed": 3396.145743, "delta": 10.268545}}
{"target": -1.0, "params": {"Bgrad": 0.6063776007055808, "d1": -2.3895840518309126, "d2": -2.9336964683962634, "d3": -2.5448145742103727, "d4": -0.3928428959596384, "p1": 20.13284260874596, "p2": 16.05131570836579, "p3": 27.895599712188623, "p4": 49.6730231549925, "pol1": 0.6689730280360593, "pol2": 0.39924636479916775, "pol3": 0.8365171782641159, "pol4": -0.9205425866338304, "v0s": 2.4220006496931514}, "datetime": {"datetime": "2022-04-14 16:36:20", "elapsed": 3399.710213, "delta": 3.56447}}
{"target": -1.0, "params": {"Bgrad": 1.211009434982082, "d1": -1.6033303481716907, "d2": 0.7490082485137957, "d3": -1.0417401554193257, "d4": -0.8414035596265976, "p1": 44.76301828656104, "p2": 22.331752291184525, "p3": 43.8517194635176, "p4": 12.679087468581418, "pol1": -0.45238059168378286, "pol2": -0.34327721982481973, "pol3": 0.09512854096190693, "pol4": -0.5597426519460376, "v0s": 6.02857502648764}, "datetime": {"datetime": "2022-04-14 16:36:38", "elapsed": 3417.943464, "delta": 18.233251}}
{"target": -1.0, "params": {"Bgrad": 0.7141899242045007, "d1": -2.6235989020014423, "d2": 0.4807669848215106, "d3": -2.052525185772006, "d4": -1.455983955909618, "p1": 28.577104636266615, "p2": 26.2900984975735, "p3": 3.8011939721053434, "p4": 43.706296779901415, "pol1": 0.9022712368373842, "pol2": 0.6250146083493435, "pol3": -0.43239633010625145, "pol4": 0.055693592235918965, "v0s": 4.036500344105657}, "datetime": {"datetime": "2022-04-14 16:36:43", "elapsed": 3423.020888, "delta": 5.077424}}
{"target": -1.0, "params": {"Bgrad": 1.3320009661815, "d1": 0.8976138756520102, "d2": -1.7531883291240744, "d3": -0.32481357630852115, "d4": -1.6961311707640565, "p1": 38.72386330075398, "p2": 16.290498330660242, "p3": 44.491367072368746, "p4": 37.58538604596334, "pol1": 0.5252641908902214, "pol2": -0.061041942880148525, "pol3": -0.5784709950625893, "pol4": -0.9170498408470023, "v0s": 3.930972799821467}, "datetime": {"datetime": "2022-04-14 16:36:57", "elapsed": 3436.881828, "delta": 13.86094}}
{"target": -1.0, "params": {"Bgrad": 0.5556689967409916, "d1": -0.2245783545044011, "d2": -0.3185998722553265, "d3": -1.2781128690201, "d4": 0.071155910632692, "p1": 26.800424736978183, "p2": 1.9929963317726285, "p3": 6.739655898033953, "p4": 9.670819950745917, "pol1": -0.32867239767070044, "pol2": -0.8953741071250465, "pol3": 0.21023356100073243, "pol4": 0.0241220550478376, "v0s": 5.704766072102936}, "datetime": {"datetime": "2022-04-14 16:37:05", "elapsed": 3445.086891, "delta": 8.205063}}
{"target": -1.0, "params": {"Bgrad": 1.1485333921465162, "d1": 0.3908018729497509, "d2": -1.1837637757633948, "d3": -2.9383859208323164, "d4": 0.4922725937883978, "p1": 32.81007738720494, "p2": 41.15015203242355, "p3": 47.588784651692585, "p4": 2.5456191758443603, "pol1": -0.5298562718179709, "pol2": -0.8733131130873204, "pol3": -0.15668422793509817, "pol4": 0.7276582910029039, "v0s": 2.489743896290409}, "datetime": {"datetime": "2022-04-14 16:37:21", "elapsed": 3461.367362, "delta": 16.280471}}
{"target": -1.0, "params": {"Bgrad": 1.2096679293288177, "d1": -2.4978275607651055, "d2": 0.09154240866847108, "d3": 0.3656886271833737, "d4": -2.8268362472553656, "p1": 24.322037158519738, "p2": 11.970552206887797, "p3": 47.62368908466296, "p4": 47.19463138918981, "pol1": 0.22786800476940172, "pol2": 0.9469747946503926, "pol3": -0.310277312567498, "pol4": 0.7957014353353635, "v0s": 4.607569840451057}, "datetime": {"datetime": "2022-04-14 16:37:38", "elapsed": 3477.780479, "delta": 16.413117}}
{"target": -1.0, "params": {"Bgrad": 0.8537219557212705, "d1": 0.7633118528055975, "d2": -0.2631277960670899, "d3": -2.7403536586434827, "d4": 0.48169942729226456, "p1": 35.069014731667316, "p2": 30.246343648714085, "p3": 36.61874495896652, "p4": 12.671952124989039, "pol1": 0.20097791054908876, "pol2": 0.6292383625233107, "pol3": -0.8917726793520002, "pol4": -0.7389786573214681, "v0s": 7.054674859738482}, "datetime": {"datetime": "2022-04-14 16:37:47", "elapsed": 3487.102554, "delta": 9.322075}}
{"target": -1.0, "params": {"Bgrad": 1.4275188039918283, "d1": -0.874848758075768, "d2": -2.0068370840116057, "d3": -1.8196856990020165, "d4": 0.49074465967784775, "p1": 21.083296742485462, "p2": 3.22151277898034, "p3": 44.84925347537912, "p4": 10.169041641202552, "pol1": 0.6524550709847827, "pol2": 0.7635412461656146, "pol3": -0.026498510363323735, "pol4": 0.1969293862092727, "v0s": 5.163604738912502}, "datetime": {"datetime": "2022-04-14 16:38:02", "elapsed": 3501.75438, "delta": 14.651826}}
{"target": -1.0, "params": {"Bgrad": 1.4372319412782486, "d1": 0.42016688538940583, "d2": -1.8714422063805576, "d3": 0.5350220327224036, "d4": -0.7292386795234029, "p1": 5.755152048345169, "p2": 11.350058260732897, "p3": 29.799119280650686, "p4": 11.972311845234017, "pol1": -0.7371686789250789, "pol2": -0.6763045717523297, "pol3": 0.6897450364714781, "pol4": 0.20436730778542156, "v0s": 7.781402523130051}, "datetime": {"datetime": "2022-04-14 16:38:16", "elapsed": 3515.718046, "delta": 13.963666}}
{"target": -1.0, "params": {"Bgrad": 1.0185188199440383, "d1": -0.6174996074602013, "d2": -0.604058844106321, "d3": -0.537182851184205, "d4": -2.7632911712571104, "p1": 37.51585922873429, "p2": 47.410474909381264, "p3": 26.733952858979436, "p4": 9.62780104775342, "pol1": 0.5058518299598844, "pol2": -0.9853620613442724, "pol3": -0.3434877926984383, "pol4": 0.8352126952887864, "v0s": 5.530203997363261}, "datetime": {"datetime": "2022-04-14 16:38:29", "elapsed": 3529.604917, "delta": 13.886871}}
{"target": -1.0, "params": {"Bgrad": 1.782785425856203, "d1": -0.581311790603249, "d2": 0.29031261009548404, "d3": 0.5179340937172676, "d4": -1.7160545019021871, "p1": 6.147738577608925, "p2": 36.06516720932854, "p3": 22.017354341561912, "p4": 6.33678545710043, "pol1": 0.17964729621977837, "pol2": -0.9278633708602801, "pol3": -0.5996357671780261, "pol4": 0.5766023793359378, "v0s": 2.072580560092147}, "datetime": {"datetime": "2022-04-14 16:38:46", "elapsed": 3546.19157, "delta": 16.586653}}
{"target": -1.0, "params": {"Bgrad": 0.9550185075628537, "d1": -2.914496155647717, "d2": 0.9899399709133179, "d3": -0.671880094626153, "d4": -1.8264948860557735, "p1": 46.447473094655784, "p2": 25.355971177410225, "p3": 22.734611377620347, "p4": 29.393575314809322, "pol1": -0.47172471157886076, "pol2": -0.3894234013051334, "pol3": -0.2566908465516351, "pol4": -0.5111040012567782, "v0s": 5.507283596699779}, "datetime": {"datetime": "2022-04-14 16:38:56", "elapsed": 3555.709123, "delta": 9.517553}}
{"target": -1.0, "params": {"Bgrad": 1.5437692008984896, "d1": -2.7122111193439955, "d2": 0.8843332785018552, "d3": 0.012282623477819499, "d4": 0.22465265181363314, "p1": 37.58202020406453, "p2": 4.003048863560865, "p3": 24.084814151058854, "p4": 22.283647820082802, "pol1": 0.34494530104985976, "pol2": -0.10252548235135617, "pol3": 0.4086267967678192, "pol4": 0.3632906752052458, "v0s": 6.182891172516538}, "datetime": {"datetime": "2022-04-14 16:39:15", "elapsed": 3575.30872, "delta": 19.599597}}
{"target": -1.0, "params": {"Bgrad": 1.4279011138423046, "d1": -2.396077066881417, "d2": 0.04320982522302419, "d3": 0.12418328877582807, "d4": 0.6164119436552196, "p1": 11.688434630205297, "p2": 8.83394465361707, "p3": 19.55495615533812, "p4": 16.02823269975801, "pol1": 0.6309538580112524, "pol2": 0.22705179933686326, "pol3": 0.5200035046994977, "pol4": -0.1446698006060716, "v0s": 2.5966433774935354}, "datetime": {"datetime": "2022-04-14 16:39:32", "elapsed": 3591.696903, "delta": 16.388183}}
{"target": -1.0, "params": {"Bgrad": 0.6725525180753693, "d1": -1.5063714730512188, "d2": -2.2246089299619713, "d3": 0.282985994491753, "d4": -0.6014559663051329, "p1": 34.44226295093325, "p2": 24.55549806521481, "p3": 4.408684062109053, "p4": 11.753881834308515, "pol1": -0.07679583821675595, "pol2": -0.6028169938921475, "pol3": -0.9490475284423594, "pol4": 0.4587953965123053, "v0s": 6.349500483314715}, "datetime": {"datetime": "2022-04-14 16:39:40", "elapsed": 3599.785277, "delta": 8.088374}}
{"target": -1.0, "params": {"Bgrad": 0.9955876195425541, "d1": 0.3739765042546219, "d2": -1.2862300961957063, "d3": 0.45874457905413735, "d4": -0.3717383015084419, "p1": 29.051782870904507, "p2": 10.03637440175455, "p3": 26.477330523919747, "p4": 44.721620921378616, "pol1": -0.39001204832956793, "pol2": 0.7418912183221067, "pol3": 0.8174905457167763, "pol4": -0.3403108746362353, "v0s": 6.098446198019385}, "datetime": {"datetime": "2022-04-14 16:39:51", "elapsed": 3610.675162, "delta": 10.889885}}
{"target": -1.0, "params": {"Bgrad": 1.8488314243489532, "d1": -2.6972124729667866, "d2": 0.5143514528190818, "d3": -2.2366425469260776, "d4": 0.3990756400717226, "p1": 33.3559394349602, "p2": 17.216959772502694, "p3": 7.56877849963995, "p4": 31.76854807442267, "pol1": 0.6955760874294832, "pol2": 0.6436987495280211, "pol3": 0.2564791942613156, "pol4": 0.9126030195104642, "v0s": 5.539538762454619}, "datetime": {"datetime": "2022-04-14 16:40:14", "elapsed": 3634.023735, "delta": 23.348573}}
{"target": -1.0, "params": {"Bgrad": 1.3982896922062056, "d1": -1.3782123148835908, "d2": 0.5956709635542898, "d3": 0.09374948202384248, "d4": -0.2512097593540914, "p1": 3.2866581600249356, "p2": 2.675753309601409, "p3": 38.138150990658986, "p4": 46.075621989216145, "pol1": 0.7390940336323197, "pol2": 0.20508508244630552, "pol3": 0.16753842240592776, "pol4": 0.4554036731326929, "v0s": 5.009309413538039}, "datetime": {"datetime": "2022-04-14 16:40:26", "elapsed": 3645.956831, "delta": 11.933096}}
{"target": -1.0, "params": {"Bgrad": 1.1026800319200885, "d1": -2.6016176597922023, "d2": 0.42165700483133195, "d3": -0.4801928580079644, "d4": -0.9232421222847007, "p1": 3.5316389692454653, "p2": 1.913989980844244, "p3": 37.69793711976589, "p4": 44.01795439212561, "pol1": -0.983306519511213, "pol2": -0.9434350991016955, "pol3": -0.7984893163340725, "pol4": -0.1554204940166044, "v0s": 6.9463874311600495}, "datetime": {"datetime": "2022-04-14 16:40:42", "elapsed": 3662.594347, "delta": 16.637516}}
{"target": -1.0, "params": {"Bgrad": 1.3699784585914603, "d1": -1.911104078302464, "d2": -0.6699242803640897, "d3": 0.11217751629175465, "d4": -2.741167304333403, "p1": 46.173419253552574, "p2": 1.5871261564357086, "p3": 48.014763033347016, "p4": 28.419930552036345, "pol1": -0.7248703343684928, "pol2": 0.9577070106273016, "pol3": -0.007517565566086182, "pol4": -0.23882580202848636, "v0s": 3.1628704278759643}, "datetime": {"datetime": "2022-04-14 16:41:02", "elapsed": 3682.384434, "delta": 19.790087}}
{"target": -1.0, "params": {"Bgrad": 1.653830139470563, "d1": -2.9086528743461564, "d2": 0.7272086091383456, "d3": -0.7614120121448944, "d4": -0.5924432490003655, "p1": 44.474165344057425, "p2": 27.192700167364432, "p3": 25.998007058411226, "p4": 46.661624721227504, "pol1": 0.3235571564714259, "pol2": 0.47526366916282714, "pol3": 0.1468373477848055, "pol4": -0.3650063922285911, "v0s": 2.75793695846329}, "datetime": {"datetime": "2022-04-14 16:41:11", "elapsed": 3690.749071, "delta": 8.364637}}
{"target": -1.0, "params": {"Bgrad": 1.0818229624051054, "d1": -1.8697393653614398, "d2": -0.28761143939199574, "d3": -2.0028327567360082, "d4": -0.42898060032591667, "p1": 6.873575429074874, "p2": 35.20275575695672, "p3": 33.65790459088433, "p4": 35.09504145146272, "pol1": -0.3349590420311477, "pol2": 0.5548878917533233, "pol3": -0.6283252935216295, "pol4": 0.8364716493327835, "v0s": 5.4261119944894665}, "datetime": {"datetime": "2022-04-14 16:41:27", "elapsed": 3707.610987, "delta": 16.861916}}
{"target": -1.0, "params": {"Bgrad": 1.8658301048417976, "d1": -1.7155805940505449, "d2": -1.4658108642446743, "d3": -0.22180487992671472, "d4": 0.20936441316189836, "p1": 16.298580834539493, "p2": 21.24892094359066, "p3": 23.482984065990724, "p4": 23.60403528398954, "pol1": -0.5532842247410008, "pol2": 0.2373647197478912, "pol3": -0.043223684161997955, "pol4": 0.8567369698978613, "v0s": 3.573242884069475}, "datetime": {"datetime": "2022-04-14 16:41:48", "elapsed": 3728.302664, "delta": 20.691677}}
{"target": 3.1989190618837866, "params": {"Bgrad": 1.5622365178915354, "d1": -0.909586846070678, "d2": -0.5102420653673665, "d3": -0.23227070846518005, "d4": -0.7849698730779493, "p1": 6.376563728069162, "p2": 1.5759435200632332, "p3": 41.28543395451009, "p4": 43.743602835846985, "pol1": -0.8005310841662545, "pol2": -0.9816922167277793, "pol3": 0.10768980846649767, "pol4": 0.5229926528375881, "v0s": 3.1989190618837866}, "datetime": {"datetime": "2022-04-14 16:41:57", "elapsed": 3737.091167, "delta": 8.788503}}
{"target": -1.0, "params": {"Bgrad": 1.7804612196500544, "d1": -1.6711613183537621, "d2": 0.623943256315227, "d3": 0.6139668072897622, "d4": 0.39820439971764543, "p1": 33.585903462615285, "p2": 8.485459917399274, "p3": 24.02911324350209, "p4": 49.24232248097606, "pol1": -0.2459470660965959, "pol2": 0.4128710553133903, "pol3": -0.8321160339659255, "pol4": 0.07980976439879717, "v0s": 3.4134588028550557}, "datetime": {"datetime": "2022-04-14 16:42:19", "elapsed": 3758.789153, "delta": 21.697986}}
{"target": -1.0, "params": {"Bgrad": 1.5312366917686187, "d1": -0.9800852915356084, "d2": 0.22337935536111475, "d3": -1.4067879836999801, "d4": -0.7481851393419325, "p1": 9.64670917680816, "p2": 30.365799561287382, "p3": 47.976467428318486, "p4": 21.95830620580857, "pol1": 0.4048210412860358, "pol2": -0.2890211922168606, "pol3": 0.06262021573335352, "pol4": 0.8879878589791326, "v0s": 4.546619614219821}, "datetime": {"datetime": "2022-04-14 16:42:39", "elapsed": 3779.21155, "delta": 20.422397}}
{"target": -1.0, "params": {"Bgrad": 0.778179848817188, "d1": -2.819621297181847, "d2": 0.5212972789353305, "d3": -1.526119519679341, "d4": -0.2777263999884272, "p1": 0.6253217589798354, "p2": 31.507106654848382, "p3": 16.048431293621274, "p4": 12.801940844070913, "pol1": 0.22126633163398712, "pol2": 0.05049304274808719, "pol3": -0.5943933361057057, "pol4": 0.06681635606629266, "v0s": 3.1433688456059725}, "datetime": {"datetime": "2022-04-14 16:42:44", "elapsed": 3784.368761, "delta": 5.157211}}
{"target": -1.0, "params": {"Bgrad": 1.4327419089066264, "d1": -1.3610378211506466, "d2": 0.555539730874036, "d3": -0.5222696000876881, "d4": -0.05982352817187664, "p1": 4.429356513662158, "p2": 0.033813592642845114, "p3": 39.09824309631623, "p4": 44.91651833084157, "pol1": 0.504304498227568, "pol2": -0.09206507992468316, "pol3": -0.44375156163361273, "pol4": -0.2640267201364923, "v0s": 5.927459816322053}, "datetime": {"datetime": "2022-04-14 16:43:07", "elapsed": 3807.178776, "delta": 22.810015}}
{"target": -1.0, "params": {"Bgrad": 1.1544363753433926, "d1": -2.4740384004662492, "d2": -0.3565648828771866, "d3": -0.19008832221712924, "d4": -1.840423717385975, "p1": 35.30610167258841, "p2": 4.816364363700903, "p3": 22.81386286533943, "p4": 48.781757978786914, "pol1": 0.5831208154199923, "pol2": -0.9925393922668395, "pol3": -0.5542670541436261, "pol4": -0.6164197654762036, "v0s": 5.535320527270404}, "datetime": {"datetime": "2022-04-14 16:43:21", "elapsed": 3821.160393, "delta": 13.981617}}
{"target": -1.0, "params": {"Bgrad": 0.8899692070802521, "d1": -2.7483770130725835, "d2": -0.1545819984530894, "d3": -1.950106156515675, "d4": -2.6735173710020383, "p1": 25.65290149184593, "p2": 10.320239751212517, "p3": 37.820317382506666, "p4": 36.55575309309207, "pol1": -0.8163082247096454, "pol2": 0.06924640824225659, "pol3": -0.06846040218120097, "pol4": 0.05207985574801399, "v0s": 3.588022699073438}, "datetime": {"datetime": "2022-04-14 16:43:26", "elapsed": 3826.519065, "delta": 5.358672}}
{"target": 3.688683991874437, "params": {"Bgrad": 1.3155782769824074, "d1": -2.0727458990655387, "d2": -3.0, "d3": -3.0, "d4": -3.0, "p1": 5.462970475745052, "p2": 10.97939435535968, "p3": 35.81737796966006, "p4": 27.531434835266328, "pol1": -0.4722281180207591, "pol2": -0.7001099303012882, "pol3": 1.0, "pol4": 0.07470624444179436, "v0s": 3.688683991874437}, "datetime": {"datetime": "2022-04-14 16:43:34", "elapsed": 3834.600458, "delta": 8.081393}}
{"target": -1.0, "params": {"Bgrad": 0.5559461645652193, "d1": -2.2933166211965252, "d2": -0.43556256860483566, "d3": -1.0337099124693259, "d4": -1.1756940216885687, "p1": 17.471003453095264, "p2": 16.54572384355592, "p3": 26.535785742314786, "p4": 23.807998647620455, "pol1": 0.3264501944022169, "pol2": -0.4725466937606755, "pol3": 0.9537463032769, "pol4": 0.1646076394395377, "v0s": 3.65706668676064}, "datetime": {"datetime": "2022-04-14 16:43:39", "elapsed": 3839.130347, "delta": 4.529889}}
{"target": 3.023087501008879, "params": {"Bgrad": 1.5045511181130986, "d1": -1.1209797814183289, "d2": 0.4627472550759104, "d3": 0.7198799693831108, "d4": -0.48596072281050073, "p1": 3.848141973032754, "p2": 2.0890401647650823, "p3": 41.288314290481054, "p4": 47.8312294322411, "pol1": -0.6048414577263108, "pol2": 0.9333890994643712, "pol3": 0.37572853682632856, "pol4": -0.9620910756457173, "v0s": 3.023087501008879}, "datetime": {"datetime": "2022-04-14 16:43:47", "elapsed": 3847.262604, "delta": 8.132257}}
{"target": 4.566864106536025, "params": {"Bgrad": 1.0083320729795062, "d1": -2.999077841180626, "d2": -0.18456710624959002, "d3": -0.21670060626509438, "d4": -0.30204746528184406, "p1": 32.22515414142476, "p2": 8.007660210651768, "p3": 7.2961192144221725, "p4": 25.78571234609498, "pol1": 0.7555537710950714, "pol2": -0.791053062792327, "pol3": -0.16011355080128598, "pol4": -0.15738861717709457, "v0s": 4.566864106536025}, "datetime": {"datetime": "2022-04-14 16:43:52", "elapsed": 3852.034845, "delta": 4.772241}}
{"target": 3.881399890824981, "params": {"Bgrad": 1.9348646389186017, "d1": -1.4909296522478126, "d2": 0.30461847465978753, "d3": 0.26432816852204066, "d4": -0.4815350740090967, "p1": 16.419758501714853, "p2": 17.021032052185774, "p3": 26.76014196709341, "p4": 23.50643077654184, "pol1": -0.09900669190602263, "pol2": 0.28947622910032367, "pol3": -0.8398522510969171, "pol4": 0.771407457701651, "v0s": 3.881399890824981}, "datetime": {"datetime": "2022-04-14 16:44:05", "elapsed": 3864.692003, "delta": 12.657158}}
{"target": -1.0, "params": {"Bgrad": 0.553591165166684, "d1": -2.0846074140005593, "d2": 0.6894635697989946, "d3": -1.1915628274570023, "d4": -0.39568205709242354, "p1": 35.85986632321692, "p2": 8.513425728903512, "p3": 23.852230340109216, "p4": 49.178082155004994, "pol1": 0.6291109395517129, "pol2": -0.22314338347930618, "pol3": -0.6657917456448768, "pol4": -0.060445893783491966, "v0s": 5.668283682504771}, "datetime": {"datetime": "2022-04-14 16:44:13", "elapsed": 3872.839221, "delta": 8.147218}}
