{"target": -1.0, "params": {"Bgrad": 0.9249699942678054, "d1": -0.46997345320872297, "d2": 0.9137056450079695, "d3": -0.5842441011812634, "d4": 0.7147112754438014, "p1": 47.84405658947075, "p2": 45.61046692548927, "p3": 6.636257769119575, "p4": 21.588384598362786, "pol1": -0.44888159540212946, "pol2": 0.28776285569007554, "pol3": -0.7302504743087406, "pol4": -0.3492576262124576, "v0s": 2.61549837371658}, "datetime": {"datetime": "2022-04-30 16:30:01", "elapsed": 176313.832859, "delta": 54.76058}}
{"target": -1.0, "params": {"Bgrad": 1.2121692031456792, "d1": -0.27318793117189255, "d2": 0.5893076765636369, "d3": -0.7260697198812958, "d4": -2.237664508766756, "p1": 6.961638905123863, "p2": 2.126785955184679, "p3": 36.63739872845133, "p4": 47.17654579923366, "pol1": -0.5108874533172352, "pol2": 0.610538533317726, "pol3": -0.0787909871850152, "pol4": -0.22300721255787392, "v0s": 6.179581348487968}, "datetime": {"datetime": "2022-04-30 16:31:02", "elapsed": 176375.436143, "delta": 61.603284}}
{"target": 4.0295774040549395, "params": {"Bgrad": 0.9561133032437594, "d1": -1.0855320812414275, "d2": 0.09460616240849833, "d3": -2.4379216816725116, "d4": -2.2899534843157348, "p1": 44.43282207678596, "p2": 27.340429800423514, "p3": 27.632446983278307, "p4": 46.85312149404521, "pol1": 0.14450035574282796, "pol2": -0.299733181849439, "pol3": -0.6335793709775351, "pol4": -0.4292713924871435, "v0s": 4.0295774040549395}, "datetime": {"datetime": "2022-04-30 16:32:51", "elapsed": 176484.350925, "delta": 108.914782}}
{"target": 4.5349094549011815, "params": {"Bgrad": 1.4151645459431978, "d1": -1.8345947668399405, "d2": 0.5048531606012282, "d3": -2.27094176590659, "d4": -1.0119657880650144, "p1": 40.01309487959597, "p2": 23.820814622772215, "p3": 42.920481731674506, "p4": 48.97973057243698, "pol1": -0.6555250740655126, "pol2": -0.012818419535978315, "pol3": -0.17850045505673737, "pol4": 0.09202533391489488, "v0s": 4.5349094549011815}, "datetime": {"datetime": "2022-04-30 16:33:32", "elapsed": 176525.210673, "delta": 40.859748}}
{"target": 3.941890859706402, "params": {"Bgrad": 0.8868972862740235, "d1": -2.443762763757398, "d2": -0.9877811454279231, "d3": -1.559822417037089, "d4": -0.023661941750046378, "p1": 15.187730802908677, "p2": 14.524124435856535, "p3": 28.465966287133625, "p4": 32.929400621574054, "pol1": -0.39496946434169217, "pol2": 0.10661732620025416, "pol3": -0.1975774313758354, "pol4": 0.21254153807984996, "v0s": 3.941890859706402}, "datetime": {"datetime": "2022-04-30 16:34:45", "elapsed": 176598.360085, "delta": 73.149412}}
{"target": 4.466840493430354, "params": {"Bgrad": 0.8719823615599935, "d1": -1.4254971684647093, "d2": 0.38021119944940285, "d3": -0.5937168229532928, "d4": -2.918893405769807, "p1": 28.91452115585596, "p2": 47.58737705266991, "p3": 21.884789057921765, "p4": 27.60355335147609, "pol1": -0.040225808850518074, "pol2": 0.3582189196153682, "pol3": 0.27402135530450655, "pol4": 0.048229657770855416, "v0s": 4.466840493430354}, "datetime": {"datetime": "2022-04-30 16:35:25", "elapsed": 176638.505743, "delta": 40.145658}}
