{"target": -1.0, "params": {"Bgrad": 1.8409664975245297, "d1": -0.422356810409382, "d2": -2.6218229429771367, "d3": -0.7945000572472374, "d4": -2.484102715423875, "p1": 5.941042007109426, "p2": 13.277445079606693, "p3": 38.145415078578495, "p4": 34.91104729379379, "pol1": 0.11770426886864827, "pol2": -0.489546762416317, "pol3": 0.0357375340461894, "pol4": 0.8595019872170169, "v0s": 3.111915218491644}, "datetime": {"datetime": "2022-04-29 13:05:52", "elapsed": 77664.576935, "delta": 16.563712}}
{"target": 3.3927345635183377, "params": {"Bgrad": 1.601311110724859, "d1": 0.48873158700015606, "d2": -0.32217516643816557, "d3": -2.185217325376565, "d4": -2.4833360145132954, "p1": 25.75164956863433, "p2": 6.5154090586919455, "p3": 41.285000041741405, "p4": 26.182226435686545, "pol1": -0.41715262511023377, "pol2": 0.13625346689842321, "pol3": -0.47872523910877707, "pol4": 0.16894040936369548, "v0s": 3.3927345635183377}, "datetime": {"datetime": "2022-04-29 13:05:57", "elapsed": 77670.299633, "delta": 5.722698}}
{"target": -1.0, "params": {"Bgrad": 0.8285780783323311, "d1": -0.9259756736006892, "d2": 0.3416631329605644, "d3": -0.4209169181550525, "d4": -2.6232370352216416, "p1": 6.703416267347206, "p2": 19.515029790730164, "p3": 15.978234643538997, "p4": 44.561030092064584, "pol1": 0.7825829759584322, "pol2": -0.9403517979524563, "pol3": -0.5789561244180594, "pol4": -0.22329457456462176, "v0s": 3.058248469909696}, "datetime": {"datetime": "2022-04-29 13:06:07", "elapsed": 77680.335799, "delta": 10.036166}}
{"target": -1.0, "params": {"Bgrad": 1.878029509907516, "d1": -2.2416057860185594, "d2": -0.06405615393003483, "d3": 0.8276625341449462, "d4": -1.0891278190166784, "p1": 40.71096466853404, "p2": 21.4109690938768, "p3": 40.67246274596224, "p4": 38.08492481538444, "pol1": 0.9192072954699744, "pol2": -0.32679998670913224, "pol3": 0.5331888089281136, "pol4": 0.8432356076660641, "v0s": 6.864630097508055}, "datetime": {"datetime": "2022-04-29 13:06:18", "elapsed": 77691.397222, "delta": 11.061423}}
{"target": -1.0, "params": {"Bgrad": 1.7215062378832153, "d1": 0.7931929551271719, "d2": -1.8372683891719026, "d3": -1.2394137621669055, "d4": -2.5757699964366387, "p1": 43.864106176115456, "p2": 17.184966396920963, "p3": 45.26224401246487, "p4": 10.192878579766983, "pol1": -0.30078836947205323, "pol2": 0.38095875515458166, "pol3": 0.8454130481921751, "pol4": 0.3758920260149796, "v0s": 4.040561107932526}, "datetime": {"datetime": "2022-04-29 13:06:30", "elapsed": 77703.464955, "delta": 12.067733}}
{"target": -1.0, "params": {"Bgrad": 0.5600651898621448, "d1": -1.6729971300608564, "d2": -1.095355761183622, "d3": -0.07839945835279405, "d4": 0.5745143732521827, "p1": 0.3154520519664139, "p2": 3.836723112295215, "p3": 14.08952731719344, "p4": 26.780946485747258, "pol1": 0.07157119652306898, "pol2": -0.14947304134851103, "pol3": 0.7672748358407753, "pol4": 0.4547040900685686, "v0s": 2.8157681799788827}, "datetime": {"datetime": "2022-04-29 13:06:36", "elapsed": 77709.177681, "delta": 5.712726}}
{"target": -1.0, "params": {"Bgrad": 0.8527045178503523, "d1": -0.9787765779412725, "d2": -1.5499257827047535, "d3": 0.23448017537267463, "d4": -1.322657854771819, "p1": 47.05812785630788, "p2": 9.12282621717705, "p3": 24.139373907884327, "p4": 44.71236857937389, "pol1": -0.8685279172641387, "pol2": -0.4415366734211328, "pol3": -0.5944541491712314, "pol4": 0.9696255185724507, "v0s": 4.810722538808726}, "datetime": {"datetime": "2022-04-29 13:06:44", "elapsed": 77716.82623, "delta": 7.648549}}
{"target": -1.0, "params": {"Bgrad": 1.3060422427814011, "d1": -1.1472917159351228, "d2": -2.2608568119375256, "d3": -1.745615181595309, "d4": -0.5135458073476005, "p1": 19.98403351300243, "p2": 41.42580055389596, "p3": 17.49735031331851, "p4": 47.20622839398131, "pol1": 0.7820243097817952, "pol2": -0.7376420065634208, "pol3": 0.8711614443244153, "pol4": -0.9910855872299154, "v0s": 3.2029465592943613}, "datetime": {"datetime": "2022-04-29 13:07:01", "elapsed": 77734.097051, "delta": 17.270821}}
{"target": 2.28945372968443, "params": {"Bgrad": 0.6471735527984284, "d1": -0.020038124044273076, "d2": 0.9975977778564573, "d3": -1.3481330749284166, "d4": 0.1375874020428256, "p1": 4.850987125334444, "p2": 19.092811806762494, "p3": 23.83781713604523, "p4": 46.980047622398395, "pol1": -0.581451752942439, "pol2": 0.3212079838440385, "pol3": -0.04997700790327397, "pol4": 0.032959845673625754, "v0s": 2.28945372968443}, "datetime": {"datetime": "2022-04-29 13:07:11", "elapsed": 77743.756224, "delta": 9.659173}}
{"target": -1.0, "params": {"Bgrad": 1.2900483396259053, "d1": -2.412121922792431, "d2": -0.6144025571308616, "d3": -1.2334521693642548, "d4": -0.9818290419280982, "p1": 13.289678802968957, "p2": 45.915610677617856, "p3": 31.523195250517734, "p4": 13.458173544971752, "pol1": 0.914065900257935, "pol2": -0.926559991167619, "pol3": -0.7584326965900317, "pol4": 0.6247484742221048, "v0s": 4.907220600636418}, "datetime": {"datetime": "2022-04-29 13:07:28", "elapsed": 77761.440938, "delta": 17.684714}}
{"target": -1.0, "params": {"Bgrad": 1.0341176084812347, "d1": -0.21914639372267963, "d2": 0.10258089598426645, "d3": -0.14563425313642542, "d4": -1.5247630720103391, "p1": 24.849400446071996, "p2": 23.18434020304503, "p3": 35.61868573451721, "p4": 7.948169179991926, "pol1": -0.7912482777360843, "pol2": -0.3614179732625542, "pol3": -0.15254776349989063, "pol4": 0.6756639157078972, "v0s": 2.87175696963981}, "datetime": {"datetime": "2022-04-29 13:07:43", "elapsed": 77776.184519, "delta": 14.743581}}
{"target": -1.0, "params": {"Bgrad": 1.9901162204110616, "d1": -2.2375863454059695, "d2": -0.8415334171522106, "d3": 0.6731057354659158, "d4": -1.2221998441122905, "p1": 32.56145958288537, "p2": 10.068360405250736, "p3": 6.82743730148162, "p4": 26.615244450617038, "pol1": 0.17592104766331618, "pol2": 0.7774060654953634, "pol3": -0.869008104862323, "pol4": 0.13239668107146096, "v0s": 5.784016433537667}, "datetime": {"datetime": "2022-04-29 13:08:07", "elapsed": 77800.113534, "delta": 23.929015}}
{"target": -1.0, "params": {"Bgrad": 1.3218911876796398, "d1": -2.167145886571134, "d2": -0.797852891556373, "d3": -1.4112522012156488, "d4": -0.9948074007412888, "p1": 14.616974053045901, "p2": 14.620407089145198, "p3": 28.979674787438505, "p4": 34.950099108910145, "pol1": -0.7905658300187506, "pol2": -0.745523200439689, "pol3": -0.11056719291478134, "pol4": 0.7344227260737692, "v0s": 7.217591942498662}, "datetime": {"datetime": "2022-04-29 13:08:26", "elapsed": 77819.42091, "delta": 19.307376}}
{"target": -1.0, "params": {"Bgrad": 0.8919389152683486, "d1": -1.2337484407576587, "d2": -1.2807153116759205, "d3": -2.8573627477285175, "d4": -1.1451705136450934, "p1": 9.53636424223273, "p2": 2.465119716385189, "p3": 43.94692952290156, "p4": 46.40783269001016, "pol1": -0.40641632567118835, "pol2": 0.7160741577445244, "pol3": -0.11582077368349553, "pol4": 0.14572738515149708, "v0s": 3.5234070535978868}, "datetime": {"datetime": "2022-04-29 13:08:36", "elapsed": 77828.877624, "delta": 9.456714}}
{"target": -1.0, "params": {"Bgrad": 0.9616216278579507, "d1": -1.1305207534101154, "d2": -1.6649535426362947, "d3": -0.5283418597681115, "d4": -0.6880989954037484, "p1": 8.81926564427052, "p2": 34.00664571864632, "p3": 1.6558518909262354, "p4": 27.64269499619079, "pol1": -0.9941852126629507, "pol2": -0.16743955381202613, "pol3": 0.8977706120086797, "pol4": 0.7495154588086796, "v0s": 3.409713737326525}, "datetime": {"datetime": "2022-04-29 13:08:51", "elapsed": 77843.666083, "delta": 14.788459}}
{"target": -1.0, "params": {"Bgrad": 0.8158305020443491, "d1": -1.2298677499877004, "d2": -1.1993984077441118, "d3": -2.7676156181316296, "d4": -0.6614167287915005, "p1": 41.58266978916329, "p2": 5.65416795280006, "p3": 47.66309141367943, "p4": 32.58492354639161, "pol1": -0.14515594085938477, "pol2": 0.8940432351407819, "pol3": 0.3234966885256765, "pol4": 0.5113679129119271, "v0s": 3.8560761338872416}, "datetime": {"datetime": "2022-04-29 13:09:01", "elapsed": 77854.280702, "delta": 10.614619}}
{"target": -1.0, "params": {"Bgrad": 1.6141585079201295, "d1": 0.10164755685390459, "d2": 0.9312108255893867, "d3": 0.6526015601218935, "d4": -0.8614967750350866, "p1": 25.221045921541123, "p2": 6.58992046164154, "p3": 33.8302397094335, "p4": 27.762744615462786, "pol1": -0.36426303401462823, "pol2": -0.2927315405808659, "pol3": 0.4712118324316461, "pol4": 0.1636604627503202, "v0s": 4.463872740607211}, "datetime": {"datetime": "2022-04-29 13:09:23", "elapsed": 77876.310797, "delta": 22.030095}}
{"target": -1.0, "params": {"Bgrad": 1.2854073422727426, "d1": 0.0759074992096842, "d2": -0.40556775035833237, "d3": -1.431917547007893, "d4": 0.9524114010454547, "p1": 28.011183573753584, "p2": 8.243434280741496, "p3": 22.137909023968096, "p4": 26.849791402721184, "pol1": -0.17968929349331764, "pol2": -0.9525154257034145, "pol3": -0.5049339430760729, "pol4": 0.2581935896002008, "v0s": 2.6223167051240406}, "datetime": {"datetime": "2022-04-29 13:09:40", "elapsed": 77892.978231, "delta": 16.667434}}
{"target": -1.0, "params": {"Bgrad": 1.5914608105485102, "d1": -0.5012465799319772, "d2": -0.32960420616182917, "d3": -1.5092601072578318, "d4": -0.1900002359707802, "p1": 6.132100868173806, "p2": 6.587226652627281, "p3": 32.604646097144865, "p4": 12.979260375005857, "pol1": -0.8829005425200802, "pol2": -0.6272781283935875, "pol3": -0.774781623534553, "pol4": 0.6851356736999843, "v0s": 2.3543094868742678}, "datetime": {"datetime": "2022-04-29 13:09:55", "elapsed": 77908.004055, "delta": 15.025824}}
{"target": -1.0, "params": {"Bgrad": 1.2372182643923109, "d1": -2.901226656044917, "d2": 0.5333514779369342, "d3": 0.6369985890312697, "d4": -1.6998389924485817, "p1": 14.13000871991008, "p2": 19.724365488770562, "p3": 23.429641816324065, "p4": 22.482789363314136, "pol1": 0.6007005308451019, "pol2": -0.8868584931325343, "pol3": 0.42267508242232843, "pol4": 0.14431484400712802, "v0s": 6.277335103439289}, "datetime": {"datetime": "2022-04-29 13:10:09", "elapsed": 77922.508273, "delta": 14.504218}}
{"target": -1.0, "params": {"Bgrad": 0.6596117723910354, "d1": -1.935490544533669, "d2": -0.14168734145695216, "d3": -1.3566282421593128, "d4": -0.38912176882940663, "p1": 14.726313432417243, "p2": 38.353808497119665, "p3": 3.4913274174192988, "p4": 32.72020849520851, "pol1": -0.6726030707547603, "pol2": -0.6480474121563882, "pol3": -0.583954633810557, "pol4": 0.8121527885799968, "v0s": 2.7892266207105103}, "datetime": {"datetime": "2022-04-29 13:10:19", "elapsed": 77931.646839, "delta": 9.138566}}
{"target": -1.0, "params": {"Bgrad": 1.2364077896876242, "d1": -2.466730528616775, "d2": -0.4031995524875063, "d3": -1.7000591613768279, "d4": -1.8702714847288355, "p1": 46.53457189384555, "p2": 32.607118673029476, "p3": 39.60033742296094, "p4": 4.957473265998513, "pol1": 0.12331265842802575, "pol2": 0.39377600749921093, "pol3": -0.17168256909862079, "pol4": 0.19910425672570642, "v0s": 2.7778657190449323}, "datetime": {"datetime": "2022-04-29 13:10:27", "elapsed": 77939.649441, "delta": 8.002602}}
{"target": -1.0, "params": {"Bgrad": 0.8163173930512415, "d1": -2.4964365410055076, "d2": 0.24956574789450148, "d3": -1.6855366660972888, "d4": -0.2180252651971566, "p1": 3.0804343629366073, "p2": 6.995414596182409, "p3": 21.6207184736288, "p4": 17.55688777482397, "pol1": 0.24932151901657829, "pol2": -0.7687322705766977, "pol3": -0.4432639577625892, "pol4": -0.2989679291180789, "v0s": 7.025147858086748}, "datetime": {"datetime": "2022-04-29 13:10:37", "elapsed": 77950.446571, "delta": 10.79713}}
{"target": -1.0, "params": {"Bgrad": 1.6460895469616736, "d1": -0.3234382059909926, "d2": -0.5180417133989597, "d3": -1.5517593235322669, "d4": -1.0875377262378398, "p1": 43.23903864411716, "p2": 38.65875102074088, "p3": 17.885206422700918, "p4": 26.535700382130216, "pol1": 0.5312555745377985, "pol2": 0.2869004900606147, "pol3": 0.5389879129950517, "pol4": 0.7105795948890665, "v0s": 4.230040844807966}, "datetime": {"datetime": "2022-04-29 13:10:55", "elapsed": 77968.031552, "delta": 17.584981}}
{"target": -1.0, "params": {"Bgrad": 1.2121777573150454, "d1": -0.4618919298463071, "d2": 0.19199221385617937, "d3": -2.3012208977405337, "d4": -1.0350829810996132, "p1": 22.710447099177454, "p2": 24.651467512499536, "p3": 10.238793815620767, "p4": 35.532721825820424, "pol1": 0.3606995693234498, "pol2": 0.6154439280722466, "pol3": 8.466298404208317e-05, "pol4": -0.42725047936146954, "v0s": 3.3551001212417484}, "datetime": {"datetime": "2022-04-29 13:11:07", "elapsed": 77980.345627, "delta": 12.314075}}
{"target": -1.0, "params": {"Bgrad": 1.9850178875675324, "d1": -1.5802167449834394, "d2": 0.3241906975773219, "d3": -1.167064559757176, "d4": -0.41888737109405794, "p1": 41.025068215103175, "p2": 41.28983649513363, "p3": 32.98797699536016, "p4": 14.937065756189389, "pol1": 0.7932900566931476, "pol2": 0.10866254611460335, "pol3": -0.6407725383931238, "pol4": -0.4868054643309887, "v0s": 5.048401551348581}, "datetime": {"datetime": "2022-04-29 13:11:29", "elapsed": 78002.031642, "delta": 21.686015}}
{"target": -1.0, "params": {"Bgrad": 1.1152259253158987, "d1": 0.619928199129899, "d2": 0.734830777249027, "d3": -0.7193330066047712, "d4": -2.0802498318440095, "p1": 34.184295553186004, "p2": 14.431229573448356, "p3": 5.326936472597793, "p4": 18.537947934680098, "pol1": -0.659611208549975, "pol2": 0.38643267606675735, "pol3": 0.5306876457009744, "pol4": -0.20510716162791676, "v0s": 4.948714763880567}, "datetime": {"datetime": "2022-04-29 13:11:43", "elapsed": 78015.967382, "delta": 13.93574}}
{"target": 2.659221234398058, "params": {"Bgrad": 1.970743260639947, "d1": -0.06425589490510841, "d2": -0.3595657035323603, "d3": -1.8902333812484957, "d4": -1.9797308481906133, "p1": 6.255756385358563, "p2": 41.357116789308954, "p3": 5.064571307085853, "p4": 28.201838916695245, "pol1": -0.24266095004841115, "pol2": 0.49328736244802474, "pol3": -0.18409467178300076, "pol4": 0.48669754452049085, "v0s": 2.659221234398058}, "datetime": {"datetime": "2022-04-29 13:11:54", "elapsed": 78026.993898, "delta": 11.026516}}
{"target": -1.0, "params": {"Bgrad": 1.0264108335467546, "d1": -1.751202090468348, "d2": -0.2171986108315771, "d3": 0.7365840319598966, "d4": 0.06911738501971154, "p1": 32.526847829777026, "p2": 9.51525323237874, "p3": 7.813156947815891, "p4": 23.968606464199365, "pol1": -0.4620987604186937, "pol2": 0.4742988916315145, "pol3": 0.5998397326561229, "pol4": 0.13845054791169442, "v0s": 6.131408499764959}, "datetime": {"datetime": "2022-04-29 13:12:07", "elapsed": 78040.253444, "delta": 13.259546}}
{"target": -1.0, "params": {"Bgrad": 1.0356856704506419, "d1": -1.3373623108222374, "d2": 0.3851937318604146, "d3": -0.8368059243680057, "d4": -1.1308763178523384, "p1": 6.569506861418112, "p2": 32.844213786433215, "p3": 24.159818708161552, "p4": 43.84273828347819, "pol1": -0.08246763288845504, "pol2": -0.06648492393862138, "pol3": 0.6649504018020098, "pol4": 0.4266428887979883, "v0s": 6.426862974630332}, "datetime": {"datetime": "2022-04-29 13:12:21", "elapsed": 78054.214116, "delta": 13.960672}}
{"target": 3.2750617582427686, "params": {"Bgrad": 0.8391854387817992, "d1": -1.9788253152830961, "d2": -0.7073763733521434, "d3": -1.2850193490976514, "d4": 0.3287483164194551, "p1": 32.576434965038, "p2": 7.216577556932574, "p3": 6.520790472199867, "p4": 26.64082100182518, "pol1": -0.27355641301669475, "pol2": -0.7776265170205121, "pol3": -0.20869610398892635, "pol4": 0.8329298758546784, "v0s": 3.2750617582427686}, "datetime": {"datetime": "2022-04-29 13:12:28", "elapsed": 78060.773577, "delta": 6.559461}}
{"target": -1.0, "params": {"Bgrad": 1.3446152347107125, "d1": -2.24521484441451, "d2": -0.39744667008756274, "d3": -2.7746928936491226, "d4": -0.03717936726441495, "p1": 41.31579679891981, "p2": 44.50269090091161, "p3": 12.065550087892763, "p4": 20.044143561570248, "pol1": 0.022020567369642086, "pol2": -0.9510993078563275, "pol3": 0.13751473356878718, "pol4": 0.09168630861552729, "v0s": 3.0955245013418162}, "datetime": {"datetime": "2022-04-29 13:12:43", "elapsed": 78076.418745, "delta": 15.645168}}
{"target": 2.9712024704724405, "params": {"Bgrad": 1.7208132951037625, "d1": 0.9366247142550708, "d2": -1.2918610085871447, "d3": -1.961022948273036, "d4": -2.4745425021408276, "p1": 27.426059738737806, "p2": 10.13896627639015, "p3": 9.125203346427119, "p4": 47.13969057920785, "pol1": 0.43552041527264573, "pol2": 0.3221578481058094, "pol3": 0.9506319406898807, "pol4": 0.49996886867458556, "v0s": 2.9712024704724405}, "datetime": {"datetime": "2022-04-29 13:12:56", "elapsed": 78089.201566, "delta": 12.782821}}
{"target": -1.0, "params": {"Bgrad": 1.5762879715720417, "d1": -2.9382665412928377, "d2": -0.7843212351051805, "d3": -0.7877691059084317, "d4": 0.10952003099050511, "p1": 21.575273147113805, "p2": 23.753275398121275, "p3": 10.696354323670054, "p4": 36.886882101543286, "pol1": -0.22447664573592774, "pol2": -0.2729518708646024, "pol3": -0.7251018973485672, "pol4": -0.6138979341511446, "v0s": 2.6723115857642874}, "datetime": {"datetime": "2022-04-29 13:13:07", "elapsed": 78100.052552, "delta": 10.850986}}
{"target": -1.0, "params": {"Bgrad": 0.7124073555391432, "d1": 0.06973422575581134, "d2": -2.398126798752592, "d3": -2.0583670762322748, "d4": -1.9053350211467808, "p1": 26.93561976822088, "p2": 10.762765764427817, "p3": 7.9174141395066675, "p4": 46.09367926773969, "pol1": 0.5465857355190711, "pol2": 0.2467183292189894, "pol3": -0.10376339949482616, "pol4": 0.4202400012580054, "v0s": 3.3012292385695154}, "datetime": {"datetime": "2022-04-29 13:13:15", "elapsed": 78108.20276, "delta": 8.150208}}
{"target": -1.0, "params": {"Bgrad": 0.8127139053734159, "d1": -2.2704041219272537, "d2": -0.8299711438448569, "d3": -2.115696498357387, "d4": -0.8348102902100036, "p1": 38.090232387303644, "p2": 25.24210940593988, "p3": 43.687440794860876, "p4": 48.69699755673825, "pol1": -0.648177154768268, "pol2": -0.202038650931335, "pol3": 0.5690258784252247, "pol4": 0.3790727352576717, "v0s": 5.038387701237617}, "datetime": {"datetime": "2022-04-29 13:13:29", "elapsed": 78121.534115, "delta": 13.331355}}
{"target": -1.0, "params": {"Bgrad": 0.9507548885497227, "d1": -1.7571923795752231, "d2": -0.5872622581308025, "d3": -1.3944698117235945, "d4": -0.23357130447443586, "p1": 26.169694070370795, "p2": 24.08645815497476, "p3": 8.171930551244483, "p4": 34.33330199277805, "pol1": -0.6115133202535881, "pol2": -0.20423770435634125, "pol3": 0.9241096662829233, "pol4": 0.6935257720101939, "v0s": 4.598420078699175}, "datetime": {"datetime": "2022-04-29 13:13:44", "elapsed": 78137.531341, "delta": 15.997226}}
{"target": -1.0, "params": {"Bgrad": 0.6840178874074776, "d1": 0.3523219212751094, "d2": -2.5079743502569083, "d3": -2.024021049203538, "d4": -2.512122067964078, "p1": 6.323479293535261, "p2": 33.70856083918706, "p3": 36.40487735788356, "p4": 18.167277986026726, "pol1": 0.45342214804881475, "pol2": 0.06802337824821936, "pol3": 0.0011409164329321264, "pol4": -0.107938003611731, "v0s": 3.133346212061556}, "datetime": {"datetime": "2022-04-29 13:13:57", "elapsed": 78149.619021, "delta": 12.08768}}
{"target": 4.248546939394053, "params": {"Bgrad": 1.7283341308383608, "d1": -0.08586382014486249, "d2": 0.24225607846911812, "d3": -2.75390045539118, "d4": -0.5274064483874805, "p1": 41.28833541841119, "p2": 25.22038647311672, "p3": 40.89935308438275, "p4": 48.78770854323384, "pol1": 0.09783070026023077, "pol2": -0.1221191082397537, "pol3": -0.48006360435479856, "pol4": -0.5662192433990265, "v0s": 4.248546939394053}, "datetime": {"datetime": "2022-04-29 13:14:07", "elapsed": 78160.523863, "delta": 10.904842}}
{"target": 3.871218266058979, "params": {"Bgrad": 0.5227475919565046, "d1": -2.3042113500733863, "d2": -0.45163909075833386, "d3": -0.2763299335491909, "d4": -0.793381429995486, "p1": 2.646943815642644, "p2": 6.529391128529339, "p3": 22.9494594570624, "p4": 18.42066824252858, "pol1": -0.7372654938868279, "pol2": 0.8688029134406585, "pol3": 0.6520035244969564, "pol4": -0.4021828391722764, "v0s": 3.871218266058979}, "datetime": {"datetime": "2022-04-29 13:14:14", "elapsed": 78167.447351, "delta": 6.923488}}
{"target": 5.280894626782459, "params": {"Bgrad": 0.7335050589814056, "d1": -1.964025366103107, "d2": 0.8878560231410463, "d3": -0.39117245783453675, "d4": -2.229581820661589, "p1": 29.546169415172944, "p2": 29.6091547423852, "p3": 7.961821407025065, "p4": 8.597253612951123, "pol1": -0.6213562460044691, "pol2": 0.6550261903465684, "pol3": 0.5746790527451247, "pol4": -0.31377282313274213, "v0s": 5.280894626782459}, "datetime": {"datetime": "2022-04-29 13:14:23", "elapsed": 78176.368497, "delta": 8.921146}}
{"target": -1.0, "params": {"Bgrad": 1.6868778913501756, "d1": -0.05499900772556776, "d2": -2.726822449839426, "d3": -2.724048931872346, "d4": 0.3310583451884552, "p1": 9.748859574969327, "p2": 21.538506170214927, "p3": 42.78531332735362, "p4": 17.889292148960767, "pol1": 0.6965351745686683, "pol2": -0.20932171843986702, "pol3": -0.4580876080834315, "pol4": 0.27383365832470674, "v0s": 3.455318510828933}, "datetime": {"datetime": "2022-04-29 13:14:46", "elapsed": 78199.509622, "delta": 23.141125}}
{"target": -1.0, "params": {"Bgrad": 1.0076587994009825, "d1": -1.5081269726898947, "d2": 0.5343532662005126, "d3": -1.681549598876976, "d4": 0.09748931185737719, "p1": 1.163783431315274, "p2": 34.51268601491334, "p3": 15.051114695022278, "p4": 10.924815399133008, "pol1": 0.21274926354031232, "pol2": 0.7420238808461062, "pol3": 0.3446360560838495, "pol4": -0.36559263570607947, "v0s": 5.8069751611548455}, "datetime": {"datetime": "2022-04-29 13:15:05", "elapsed": 78217.588283, "delta": 18.078661}}
