{"target": -1.0, "params": {"Bgrad": 18.07594268095774, "d1": -0.06816215607354437, "d2": -1.4752876678441669, "d3": -0.10469984320229297, "d4": -1.9757154417352991, "p1": 9.335758260693966, "p2": 48.13034853866042, "p3": 16.0949714015434, "p4": 37.7454579803918, "pol1": -0.383355158098027, "pol2": -0.01874416058755002, "pol3": 0.8334734433871323, "pol4": -0.08777698812101598, "v0s": 4.924384216520406}, "datetime": {"datetime": "2022-04-08 17:12:20", "elapsed": 669.160352, "delta": 19.847247}}
{"target": 4.344257675010379, "params": {"Bgrad": 3.65817925235287, "d1": -2.4055481188803154, "d2": -3.0, "d3": -2.7572350821669556, "d4": -1.06850713242756, "p1": 2.22332283453843, "p2": 5.329136839000643, "p3": 39.655320111744224, "p4": 19.30261743141148, "pol1": -0.4971500865517043, "pol2": 0.382006814542957, "pol3": 0.6333759340537752, "pol4": 0.639402806484882, "v0s": 4.344257675010379}, "datetime": {"datetime": "2022-04-08 17:12:32", "elapsed": 680.607931, "delta": 11.447579}}
{"target": -1.0, "params": {"Bgrad": 13.480574312733854, "d1": -1.7063449951087235, "d2": -0.9237100712924935, "d3": -2.043295300724145, "d4": 0.3377725060069281, "p1": 3.6283396507600205, "p2": 12.261074943142042, "p3": 33.90382812282124, "p4": 28.39333061692477, "pol1": -0.6271609596465018, "pol2": -0.07108544504787728, "pol3": -0.9001786214815988, "pol4": 0.12548871577006704, "v0s": 3.00913175713528}, "datetime": {"datetime": "2022-04-08 17:12:45", "elapsed": 693.817356, "delta": 13.209425}}
{"target": -1.0, "params": {"Bgrad": 0.8833358289426626, "d1": -0.8002649877670992, "d2": -1.1400922314397914, "d3": -1.2684634956615, "d4": -1.7090226471009933, "p1": 9.304605631125261, "p2": 41.70181828928694, "p3": 48.6663826551041, "p4": 16.807985879576847, "pol1": 0.2603563264084181, "pol2": 0.4146361524079457, "pol3": 0.6260658517407001, "pol4": -0.7831078902646933, "v0s": 3.5154036777901623}, "datetime": {"datetime": "2022-04-08 17:12:52", "elapsed": 700.656214, "delta": 6.838858}}
{"target": 2.924427413120134, "params": {"Bgrad": 10.716564370044349, "d1": -2.835304601613372, "d2": -2.959336279663374, "d3": -2.8206172301520605, "d4": -3.0, "p1": 6.3764247910216785, "p2": 9.878897226430626, "p3": 36.15518741729101, "p4": 27.38750936781596, "pol1": 0.055033659680176365, "pol2": -1.0, "pol3": 0.6564852595592924, "pol4": -0.37601283916955597, "v0s": 2.924427413120134}, "datetime": {"datetime": "2022-04-08 17:13:06", "elapsed": 714.725904, "delta": 14.06969}}
{"target": -1.0, "params": {"Bgrad": 1.1978974969318537, "d1": 0.20631693738601384, "d2": -1.5383353508888236, "d3": -0.21802451296681793, "d4": -3.0, "p1": 10.558422340476943, "p2": 38.22704130706139, "p3": 48.13784232836355, "p4": 14.43452860518313, "pol1": 0.5197680836229871, "pol2": 1.0, "pol3": 0.9667949252209026, "pol4": -0.8809026763740726, "v0s": 2.0}, "datetime": {"datetime": "2022-04-08 17:13:12", "elapsed": 721.1543, "delta": 6.428396}}
{"target": -1.0, "params": {"Bgrad": 2.9602392056369125, "d1": -1.4113388027877063, "d2": -0.4783064803962729, "d3": -1.3504071748281947, "d4": -0.45210953412844956, "p1": 2.9480975240879004, "p2": 9.00815892153528, "p3": 36.6734468445558, "p4": 16.665558329893383, "pol1": 0.9459657380955786, "pol2": 0.24548396775004933, "pol3": 0.519844593902288, "pol4": 0.9672423920849238, "v0s": 4.5145367487117865}, "datetime": {"datetime": "2022-04-08 17:13:33", "elapsed": 741.578576, "delta": 20.424276}}
{"target": -1.0, "params": {"Bgrad": 10.804707657195507, "d1": -2.259938201080395, "d2": -1.971316801120448, "d3": -2.3638517476355188, "d4": -3.0, "p1": 4.88101759157045, "p2": 9.890027658642888, "p3": 35.91049931523294, "p4": 27.167618088553912, "pol1": 0.07565481336095432, "pol2": -1.0, "pol3": -0.024857857913203357, "pol4": -0.3520918250270475, "v0s": 3.3748588979495198}, "datetime": {"datetime": "2022-04-08 17:13:50", "elapsed": 758.360472, "delta": 16.781896}}
{"target": 3.8284685205386664, "params": {"Bgrad": 5.444341858229121, "d1": -0.7672965521091566, "d2": -1.9046928603028053, "d3": -2.885949136572804, "d4": -0.9457712137902821, "p1": 26.195702120443148, "p2": 30.24660763779646, "p3": 1.4096497437475874, "p4": 31.700502243443147, "pol1": -0.5954160643425168, "pol2": -0.2180808439033486, "pol3": -0.8088369196352496, "pol4": 0.1552513507785569, "v0s": 3.8284685205386664}, "datetime": {"datetime": "2022-04-08 17:14:01", "elapsed": 769.819538, "delta": 11.459066}}
{"target": 2.9331809970425566, "params": {"Bgrad": 9.556791084892051, "d1": -3.0, "d2": -3.0, "d3": -3.0, "d4": -2.484221069654566, "p1": 6.431216112541657, "p2": 9.747896097764599, "p3": 37.37332959674824, "p4": 26.65646168240271, "pol1": -0.13804703417400396, "pol2": -0.7238464710946858, "pol3": 1.0, "pol4": -0.25565659269970487, "v0s": 2.9331809970425566}, "datetime": {"datetime": "2022-04-08 17:14:14", "elapsed": 783.074815, "delta": 13.255277}}
{"target": 3.2327510833689037, "params": {"Bgrad": 18.882782485338943, "d1": -2.3489943122301526, "d2": 0.6053490039911726, "d3": -2.596728145250212, "d4": -1.7159600432532338, "p1": 5.073094804908662, "p2": 44.58396495276155, "p3": 17.21193653750016, "p4": 36.64936993837278, "pol1": -0.4161407095832934, "pol2": -0.3216366991677795, "pol3": -0.06409522674223078, "pol4": 0.31642736443932007, "v0s": 3.2327510833689037}, "datetime": {"datetime": "2022-04-08 17:14:29", "elapsed": 798.097441, "delta": 15.022626}}
{"target": -1.0, "params": {"Bgrad": 11.476436688594616, "d1": -2.9817255706674546, "d2": -1.5677229035087423, "d3": -1.6892927255972547, "d4": -2.706481771714067, "p1": 4.209979967180705, "p2": 7.409487336840676, "p3": 39.72158152679257, "p4": 26.8953543291938, "pol1": 0.0825273275477858, "pol2": -0.4243062784133671, "pol3": 0.6602431061804588, "pol4": -0.5744470603365106, "v0s": 3.232954929266513}, "datetime": {"datetime": "2022-04-08 17:14:51", "elapsed": 819.433263, "delta": 21.335822}}
{"target": 3.227935738828168, "params": {"Bgrad": 4.941228931407328, "d1": -0.7372072190650116, "d2": -0.06045717309763354, "d3": -1.9305995215393534, "d4": -2.9226242814197354, "p1": 0.29921220912970115, "p2": 5.483964372779193, "p3": 40.101751903899256, "p4": 17.858776784052743, "pol1": -0.10455324727786808, "pol2": 0.9685501880438747, "pol3": 0.2945649084478519, "pol4": -0.7700315131428541, "v0s": 3.227935738828168}, "datetime": {"datetime": "2022-04-08 17:14:58", "elapsed": 826.940784, "delta": 7.507521}}
{"target": 3.50230192406053, "params": {"Bgrad": 6.54142902434005, "d1": -1.9541702766053124, "d2": -1.8395339138506115, "d3": -2.5637418470272513, "d4": -1.0498100068324168, "p1": 3.2921461358582205, "p2": 4.664781211112235, "p3": 41.232719285379595, "p4": 21.536272322276346, "pol1": -0.6922903011658772, "pol2": -0.9490649940138502, "pol3": 0.9956571403045824, "pol4": -0.12687075915852253, "v0s": 3.50230192406053}, "datetime": {"datetime": "2022-04-08 17:15:06", "elapsed": 834.668244, "delta": 7.72746}}
{"target": -1.0, "params": {"Bgrad": 2.1631237028838637, "d1": -0.9836551615246729, "d2": 0.5973886097776924, "d3": -1.112784170751453, "d4": 0.22454479236754343, "p1": 1.532625914461344, "p2": 4.732097811629759, "p3": 37.86042963976908, "p4": 22.30272802642828, "pol1": 0.3994727657125885, "pol2": -0.7868212763907556, "pol3": 0.0328016750706297, "pol4": -0.5564912162800819, "v0s": 3.140338841041361}, "datetime": {"datetime": "2022-04-08 17:15:21", "elapsed": 849.759627, "delta": 15.091383}}
{"target": -1.0, "params": {"Bgrad": 1.0613966722144306, "d1": -1.2145755180896947, "d2": -1.1085092920118274, "d3": -2.9231347751009547, "d4": -1.859103088171905, "p1": 2.7834442558014425, "p2": 4.485638496628336, "p3": 43.46853268607229, "p4": 20.96017956426386, "pol1": 0.21158781658291415, "pol2": -0.47333406408462175, "pol3": -0.5982296732665082, "pol4": 0.8147736230626483, "v0s": 4.472096265979431}, "datetime": {"datetime": "2022-04-08 17:15:27", "elapsed": 855.859413, "delta": 6.099786}}
{"target": -1.0, "params": {"Bgrad": 1.4101029879020763, "d1": -0.9487224488406718, "d2": -1.3633916875474053, "d3": 0.050531310908282556, "d4": -1.8741627743876084, "p1": 1.1825809394420628, "p2": 4.160244807382857, "p3": 39.18066866880635, "p4": 17.51267740478633, "pol1": 0.28822861161391744, "pol2": 0.8033565339638784, "pol3": 0.24840220448365624, "pol4": -0.6249864087819648, "v0s": 4.522451507343889}, "datetime": {"datetime": "2022-04-08 17:15:35", "elapsed": 864.071578, "delta": 8.212165}}
{"target": -1.0, "params": {"Bgrad": 9.899337718631752, "d1": -1.7989372240384243, "d2": -1.361005477289107, "d3": -1.8769804496596478, "d4": -0.7021833992862909, "p1": 28.887831687772458, "p2": 30.56085260125058, "p3": 0.6844158498823805, "p4": 30.746887509579736, "pol1": 0.8519967306854883, "pol2": -0.348820008151862, "pol3": 0.820039377942404, "pol4": 0.08281371332534948, "v0s": 3.278511161239604}, "datetime": {"datetime": "2022-04-08 17:15:48", "elapsed": 876.781853, "delta": 12.710275}}
{"target": -1.0, "params": {"Bgrad": 5.192748506490673, "d1": -0.36123679673268105, "d2": -2.777789023342153, "d3": 0.16399998758712275, "d4": -0.18258236920944348, "p1": 4.165282246388968, "p2": 3.5382712644592473, "p3": 41.94478455898378, "p4": 21.296542555167054, "pol1": 0.475337132798475, "pol2": 0.9503501695813235, "pol3": -0.31878428977223705, "pol4": -0.3547909321074516, "v0s": 4.618925698620599}, "datetime": {"datetime": "2022-04-08 17:16:04", "elapsed": 892.680553, "delta": 15.8987}}
{"target": -1.0, "params": {"Bgrad": 10.608215527469328, "d1": -0.12152027186232672, "d2": 0.7935329124891659, "d3": -2.861860518336658, "d4": -2.6265583310601732, "p1": 21.931807357030923, "p2": 31.08716450508205, "p3": 0.525044623388965, "p4": 32.494454384106724, "pol1": 0.24804762803013225, "pol2": 0.10152856898924023, "pol3": 0.1789548066868416, "pol4": -0.5161654934824647, "v0s": 3.9813478150556265}, "datetime": {"datetime": "2022-04-08 17:16:14", "elapsed": 902.689448, "delta": 10.008895}}
{"target": 3.920811447561677, "params": {"Bgrad": 5.966253674679875, "d1": -1.8077389235797097, "d2": -1.5156802062476942, "d3": -1.4892823567737041, "d4": -2.728357389104439, "p1": 6.480124926270159, "p2": 7.745599212936227, "p3": 38.42011987122104, "p4": 27.611832131548393, "pol1": -0.14308897532048714, "pol2": -0.9806827574422516, "pol3": 0.15590097003127368, "pol4": -0.41073352511296646, "v0s": 3.920811447561677}, "datetime": {"datetime": "2022-04-08 17:16:24", "elapsed": 912.631015, "delta": 9.941567}}
{"target": -1.0, "params": {"Bgrad": 19.906473585779242, "d1": 0.20254489491046224, "d2": 0.9128703606020152, "d3": -2.4757735294276184, "d4": -0.07137154413737301, "p1": 3.4506390985180326, "p2": 45.63219710419003, "p3": 18.805202305139257, "p4": 34.93957624717795, "pol1": -0.5279532415622601, "pol2": 0.11607089580561092, "pol3": 0.2736531334473724, "pol4": 0.9139330022311334, "v0s": 3.2614910003071698}, "datetime": {"datetime": "2022-04-08 17:16:36", "elapsed": 924.477038, "delta": 11.846023}}
{"target": -1.0, "params": {"Bgrad": 8.504271180236191, "d1": -1.0686762327599406, "d2": -1.2115347960900937, "d3": -2.7739640422603937, "d4": -2.943528830040035, "p1": 23.01181533320577, "p2": 28.337116778762706, "p3": 4.035096589739573, "p4": 30.930731900105073, "pol1": 0.1791676808373368, "pol2": -0.35301112956198755, "pol3": 0.35883536154575557, "pol4": -0.7427704666338002, "v0s": 3.067414629118435}, "datetime": {"datetime": "2022-04-08 17:16:48", "elapsed": 936.202891, "delta": 11.725853}}
{"target": -1.0, "params": {"Bgrad": 16.13816781330719, "d1": -1.4920325403832373, "d2": -1.2303374191434129, "d3": 0.7639755715904952, "d4": -1.2802808020627605, "p1": 8.878641056336484, "p2": 45.74287612324703, "p3": 18.66647540413549, "p4": 36.27257686822669, "pol1": 0.1910342669746572, "pol2": 0.410122981397369, "pol3": -0.9960215668854664, "pol4": 0.7990918033981198, "v0s": 4.626649242430671}, "datetime": {"datetime": "2022-04-08 17:17:07", "elapsed": 955.48016, "delta": 19.277269}}
{"target": -1.0, "params": {"Bgrad": 7.0503818875024855, "d1": -2.4286814553300125, "d2": -2.4809569162640086, "d3": -2.0836727148016747, "d4": -1.5839129630612145, "p1": 8.745693150876244, "p2": 6.28206576268302, "p3": 38.80894618951532, "p4": 26.375714782620136, "pol1": 0.6571402985306591, "pol2": -0.46595209128164106, "pol3": 0.727918309038371, "pol4": -0.11543295847764923, "v0s": 2.296639801881171}, "datetime": {"datetime": "2022-04-08 17:17:17", "elapsed": 965.927952, "delta": 10.447792}}
{"target": -1.0, "params": {"Bgrad": 4.110694667274908, "d1": -1.4340617368193471, "d2": -2.688627015980331, "d3": -2.351628808889098, "d4": -0.8880413984171911, "p1": 3.181217349537585, "p2": 4.498335016866594, "p3": 35.25566748740049, "p4": 19.29506169429287, "pol1": 0.22167014019911746, "pol2": 0.4036210046523325, "pol3": 0.7326578586273573, "pol4": 0.9035985672564903, "v0s": 7.227018439941221}, "datetime": {"datetime": "2022-04-08 17:17:25", "elapsed": 973.68884, "delta": 7.760888}}
{"target": 2.9063699594451853, "params": {"Bgrad": 7.313831641119148, "d1": -1.199773167562114, "d2": -0.5020777547518329, "d3": -0.45007171907137966, "d4": -1.7095380141420073, "p1": 5.115205985687277, "p2": 8.558045446781549, "p3": 41.82967629483903, "p4": 21.999693013759032, "pol1": -0.7625341165950661, "pol2": -0.228476874233547, "pol3": 0.7923324189817955, "pol4": -0.7152233255301867, "v0s": 2.9063699594451853}, "datetime": {"datetime": "2022-04-08 17:17:35", "elapsed": 983.567594, "delta": 9.878754}}
{"target": 3.7614969011713386, "params": {"Bgrad": 3.1728057618473056, "d1": -1.717782423885465, "d2": 0.09660355161322887, "d3": -1.7789289570724378, "d4": -1.1643751359209729, "p1": 7.411439972855144, "p2": 5.806845415885132, "p3": 35.78755812333413, "p4": 28.542170977085085, "pol1": -0.5115004367316887, "pol2": -0.09040131167891774, "pol3": 0.20120359741605665, "pol4": -0.2331499114390705, "v0s": 3.7614969011713386}, "datetime": {"datetime": "2022-04-08 17:17:42", "elapsed": 990.504179, "delta": 6.936585}}
{"target": 4.365579513922653, "params": {"Bgrad": 5.795107121811381, "d1": -2.4190010711196375, "d2": -1.052691113428799, "d3": -1.6342860717208643, "d4": -2.496244567204482, "p1": 9.633906175737545, "p2": 6.379773371119718, "p3": 40.51435475944493, "p4": 30.3034761742946, "pol1": -0.4863410712821048, "pol2": -0.4683245440161896, "pol3": -0.9566057510228965, "pol4": -0.07952813317999308, "v0s": 4.365579513922653}, "datetime": {"datetime": "2022-04-08 17:17:57", "elapsed": 1005.289364, "delta": 14.785185}}
{"target": 3.5565170923046736, "params": {"Bgrad": 5.585625134234576, "d1": -1.8773144847321004, "d2": 0.6179794123487872, "d3": -1.9737254038448802, "d4": -0.7355853021606711, "p1": 5.673908078034956, "p2": 6.146169116189898, "p3": 36.76676469849304, "p4": 25.26411752866173, "pol1": -0.22753603725958427, "pol2": -0.9580567726942133, "pol3": -0.9093388220962351, "pol4": 0.6575341748943253, "v0s": 3.5565170923046736}, "datetime": {"datetime": "2022-04-08 17:18:07", "elapsed": 1015.355604, "delta": 10.06624}}
{"target": -1.0, "params": {"Bgrad": 5.665334574498033, "d1": -1.1931094987974182, "d2": -1.1552711977902619, "d3": -2.698317264304031, "d4": -2.238893743859951, "p1": 7.544191750254664, "p2": 6.152964813907719, "p3": 39.69745284801154, "p4": 31.75687381256595, "pol1": 0.8525458134558004, "pol2": 0.07250354816977556, "pol3": -0.7800818851184346, "pol4": -0.1299209688908447, "v0s": 3.1054125064154956}, "datetime": {"datetime": "2022-04-08 17:18:16", "elapsed": 1024.685305, "delta": 9.329701}}
{"target": 2.8781010634602167, "params": {"Bgrad": 4.658924896868242, "d1": -2.1815054871777564, "d2": -1.0803264083187307, "d3": -2.024724956819471, "d4": 0.08713192882575393, "p1": 7.165915941978357, "p2": 6.504565624418518, "p3": 35.49981958995513, "p4": 30.908334223081223, "pol1": -0.4700638217086015, "pol2": 0.03290442164553031, "pol3": 0.6504810133604515, "pol4": 0.9623735069802661, "v0s": 2.8781010634602167}, "datetime": {"datetime": "2022-04-08 17:18:27", "elapsed": 1035.519002, "delta": 10.833697}}
{"target": 4.650993116398725, "params": {"Bgrad": 4.3663458301930955, "d1": -2.370034828982342, "d2": 0.5580355795698924, "d3": 0.6913062978655904, "d4": -1.0994336990121316, "p1": 5.376054475634412, "p2": 4.514561802449207, "p3": 35.31618723442339, "p4": 25.065533929726946, "pol1": -0.9973818921266573, "pol2": -0.060715366391057124, "pol3": 0.8232810267656754, "pol4": 0.6939979483796757, "v0s": 4.650993116398725}, "datetime": {"datetime": "2022-04-08 17:19:36", "elapsed": 1104.322189, "delta": 68.803187}}
{"target": -1.0, "params": {"Bgrad": 4.153095727094946, "d1": -1.5522319939164766, "d2": 0.27815991051970634, "d3": -1.2321280069808536, "d4": -2.646905630115679, "p1": 5.846005463068171, "p2": 7.3182156507513145, "p3": 33.67088780707409, "p4": 24.87018779920676, "pol1": 0.4788026478176872, "pol2": 0.18691659859647336, "pol3": 0.28813691861347235, "pol4": -0.37465681712158605, "v0s": 5.82143408244491}, "datetime": {"datetime": "2022-04-08 17:19:46", "elapsed": 1115.172851, "delta": 10.850662}}
{"target": -1.0, "params": {"Bgrad": 7.107891552120582, "d1": 0.4013025348084711, "d2": 0.3700777718636803, "d3": 0.680521163867863, "d4": 0.5813100922038812, "p1": 6.6386179079495955, "p2": 6.380209746252602, "p3": 37.78361763729421, "p4": 29.492043255422985, "pol1": 0.31400195206302195, "pol2": -0.11649443676348481, "pol3": -0.5345207338979152, "pol4": 0.6540711370399659, "v0s": 4.497024697307009}, "datetime": {"datetime": "2022-04-08 17:20:07", "elapsed": 1135.611577, "delta": 20.438726}}
{"target": -1.0, "params": {"Bgrad": 4.737054348316088, "d1": -1.8329548921079923, "d2": -1.4959597683832864, "d3": 0.7001326931399752, "d4": -0.5047947576527076, "p1": 7.2621016205126505, "p2": 3.39933636017139, "p3": 38.89269707102319, "p4": 25.701415918635295, "pol1": -0.6926724643879252, "pol2": -0.5164091673894722, "pol3": 0.8561327445706208, "pol4": -0.014652769362297535, "v0s": 6.318696440212681}, "datetime": {"datetime": "2022-04-08 17:20:24", "elapsed": 1152.279255, "delta": 16.667678}}
{"target": -1.0, "params": {"Bgrad": 19.252067377752095, "d1": -1.6062310171724552, "d2": -2.1511432227136846, "d3": -2.330494379531805, "d4": -1.5452387665304546, "p1": 6.831035447240874, "p2": 47.43380166251441, "p3": 17.996728412854768, "p4": 36.86547501659801, "pol1": 0.9096668779199344, "pol2": 0.08463479204979518, "pol3": 0.8004205914830214, "pol4": -0.3101343100277931, "v0s": 4.377756037062111}, "datetime": {"datetime": "2022-04-08 17:20:44", "elapsed": 1172.917933, "delta": 20.638678}}
{"target": -1.0, "params": {"Bgrad": 4.924836688804095, "d1": -0.16692765472820037, "d2": -2.449314631950592, "d3": -2.484783200450302, "d4": -2.8345682829078815, "p1": 27.26246272089504, "p2": 29.242280952869788, "p3": 2.280581563206768, "p4": 30.63575868890755, "pol1": -0.8968006893984115, "pol2": 0.38212796286633566, "pol3": 0.31075971984424, "pol4": 0.6845621467323104, "v0s": 7.056472866194577}, "datetime": {"datetime": "2022-04-08 17:21:02", "elapsed": 1190.96846, "delta": 18.050527}}
{"target": -1.0, "params": {"Bgrad": 2.955063375009523, "d1": -2.2605010469956976, "d2": -0.5226121885345463, "d3": -0.5507017070074087, "d4": -0.5507253738064879, "p1": 5.424707994025557, "p2": 4.580463597904455, "p3": 36.893922904173884, "p4": 28.948168634694856, "pol1": 0.23844067570067962, "pol2": -0.8194235863234631, "pol3": 0.1893347248521069, "pol4": -0.4733171167657164, "v0s": 2.9189222856614543}, "datetime": {"datetime": "2022-04-08 17:21:12", "elapsed": 1200.239842, "delta": 9.271382}}
{"target": -1.0, "params": {"Bgrad": 5.870301111259762, "d1": -2.4777773898316457, "d2": -0.6061237328566862, "d3": -2.6255167892970612, "d4": 0.8560039599538807, "p1": 0.18407810420358328, "p2": 6.9276804450744685, "p3": 39.433207230456084, "p4": 19.14628000867839, "pol1": -0.9254584265497652, "pol2": 0.02695302633676233, "pol3": -0.664787942070147, "pol4": 0.13726790380735632, "v0s": 7.723320252935739}, "datetime": {"datetime": "2022-04-08 17:21:21", "elapsed": 1209.693728, "delta": 9.453886}}
{"target": -1.0, "params": {"Bgrad": 4.7451562360534485, "d1": -2.2078212364241963, "d2": 0.5841535102964781, "d3": -0.27178783057941963, "d4": -0.9795277011874665, "p1": 5.584591903415847, "p2": 5.094042945415171, "p3": 35.8233364605485, "p4": 25.308908042696203, "pol1": -0.8018592816282988, "pol2": -0.3498346061751445, "pol3": 0.24898115238548071, "pol4": 0.688541159719303, "v0s": 4.202420427141889}, "datetime": {"datetime": "2022-04-08 17:21:31", "elapsed": 1219.764974, "delta": 10.071246}}
{"target": -1.0, "params": {"Bgrad": 18.906765142696752, "d1": -0.7072368507137039, "d2": -2.7270553696961177, "d3": -0.9383908128433758, "d4": -1.5811673224930165, "p1": 3.4791419479101524, "p2": 43.76284717471536, "p3": 16.624073967246655, "p4": 37.190107561637916, "pol1": 0.8774784151074264, "pol2": -0.7795857782133675, "pol3": -0.31107142956731315, "pol4": 0.6046983945697328, "v0s": 3.80559950583166}, "datetime": {"datetime": "2022-04-08 17:21:44", "elapsed": 1232.319579, "delta": 12.554605}}
{"target": -1.0, "params": {"Bgrad": 9.51401978243761, "d1": -0.7266394651128683, "d2": -0.9992376696245868, "d3": -1.3107267587643987, "d4": -2.237783875966351, "p1": 21.908785258939105, "p2": 28.319063204616118, "p3": 0.5018072814860663, "p4": 28.54578661987144, "pol1": 0.8938150078060054, "pol2": 0.12195510834683287, "pol3": -0.43204395133994855, "pol4": 0.429805976808733, "v0s": 5.266973245836216}, "datetime": {"datetime": "2022-04-08 17:21:55", "elapsed": 1243.342786, "delta": 11.023207}}
{"target": 2.212613234614005, "params": {"Bgrad": 5.637505655967024, "d1": -0.6966247741456284, "d2": -2.286483804517352, "d3": -1.502567348409853, "d4": -1.1589937777097945, "p1": 3.001333019249458, "p2": 4.977262258835164, "p3": 43.26404939098032, "p4": 22.506130655410562, "pol1": -0.5621671565591229, "pol2": -0.634839406156777, "pol3": -0.33297535193985817, "pol4": -0.7316294940165204, "v0s": 2.212613234614005}, "datetime": {"datetime": "2022-04-08 17:22:01", "elapsed": 1249.943267, "delta": 6.600481}}
