{"target": 2.144339275332715, "params": {"Bgrad": 7.3689594767903, "d1": -2.6736585610261123, "d2": -1.5967723847860378, "d3": -1.4915581444197143, "d4": -2.5292331756143285, "p1": 2.3798067319103833, "p2": 3.7445256167822514, "p3": 43.04593889458011, "p4": 22.182803261299856, "pol1": 0.9190150142137121, "pol2": 0.96047222952711, "pol3": 0.3608012018020248, "pol4": -0.6458948221205578, "v0s": 2.144339275332715}, "datetime": {"datetime": "2022-04-08 17:40:27", "elapsed": 2355.249183, "delta": 7.392235}}
{"target": 3.838678954482937, "params": {"Bgrad": 9.937498985862474, "d1": -0.9173749357641428, "d2": -2.89851811831251, "d3": -0.5398193124889819, "d4": -1.327983279797503, "p1": 10.435860803870018, "p2": 6.1110985201395245, "p3": 39.90417500453823, "p4": 30.810862234554058, "pol1": -0.007651853307180989, "pol2": -0.5606371314990313, "pol3": -0.9705232199998117, "pol4": -0.43729694662030294, "v0s": 3.838678954482937}, "datetime": {"datetime": "2022-04-08 17:40:42", "elapsed": 2371.169618, "delta": 15.920435}}
{"target": 3.169207102711093, "params": {"Bgrad": 11.041910741850625, "d1": -2.163886656428593, "d2": -1.9693639181435683, "d3": -1.273594476165834, "d4": -2.7383631462837954, "p1": 6.137170087011362, "p2": 12.582967050639764, "p3": 32.95986359133692, "p4": 28.042125554292124, "pol1": -0.24193275404507775, "pol2": -0.014258531199656366, "pol3": 0.8958178389128215, "pol4": 0.4229617079650807, "v0s": 3.169207102711093}, "datetime": {"datetime": "2022-04-08 17:40:54", "elapsed": 2382.860361, "delta": 11.690743}}
{"target": 4.517702089402759, "params": {"Bgrad": 7.6392438803646465, "d1": -1.6914545467225492, "d2": 0.8811473046897129, "d3": -2.608131772391072, "d4": 0.1382347175585057, "p1": 6.059237832004488, "p2": 8.311477011776097, "p3": 36.118053305410356, "p4": 25.95781336697767, "pol1": 0.14791934807835694, "pol2": 0.539292168182629, "pol3": 0.06274692883412847, "pol4": 0.8699474745492022, "v0s": 4.517702089402759}, "datetime": {"datetime": "2022-04-08 17:41:08", "elapsed": 2396.908799, "delta": 14.048438}}
{"target": 4.82303378131858, "params": {"Bgrad": 8.219428112733782, "d1": -2.67340435440882, "d2": 0.5335746045461178, "d3": -1.1388663136338866, "d4": -1.1343366247925855, "p1": 3.8810022617110973, "p2": 8.911666103192234, "p3": 42.8956414596727, "p4": 21.412205639578968, "pol1": -0.9460371416436801, "pol2": 0.45631174417448417, "pol3": 0.2109507386845173, "pol4": -0.39615782414208134, "v0s": 4.82303378131858}, "datetime": {"datetime": "2022-04-08 17:41:23", "elapsed": 2411.219537, "delta": 14.310738}}
{"target": 2.4689416029369182, "params": {"Bgrad": 3.2469515381082377, "d1": -1.6094269974604516, "d2": -0.4189814022175393, "d3": -1.390338726253146, "d4": -1.129023970599658, "p1": 3.536905991733774, "p2": 7.522659283594274, "p3": 43.13187331510534, "p4": 25.69330091997779, "pol1": 0.08865601963278058, "pol2": 0.07258204836013848, "pol3": 0.8817592601011821, "pol4": 0.8328238444892688, "v0s": 2.4689416029369182}, "datetime": {"datetime": "2022-04-08 17:41:30", "elapsed": 2418.619751, "delta": 7.400214}}
{"target": -1.0, "params": {"Bgrad": 5.155918057417358, "d1": -2.389382472551737, "d2": -2.089383782153573, "d3": -2.934596409812369, "d4": 0.9642340545219392, "p1": 1.9486457529895251, "p2": 1.1408186480593496, "p3": 40.37854033969149, "p4": 19.598131653149803, "pol1": -0.04756727437132202, "pol2": -0.6652951617509775, "pol3": -0.16006201539070442, "pol4": 0.31723283775253175, "v0s": 2.685011507460069}, "datetime": {"datetime": "2022-04-08 17:41:57", "elapsed": 2445.693365, "delta": 27.073614}}
{"target": -1.0, "params": {"Bgrad": 6.377375636092379, "d1": -0.5157304851784792, "d2": 0.1114782050708154, "d3": -2.5357988028814695, "d4": -2.0390443790070294, "p1": 25.70373544544155, "p2": 32.31770789157024, "p3": 5.126136762509575, "p4": 35.26582111635593, "pol1": -0.3417097140469274, "pol2": -0.4627693172443237, "pol3": 0.9519944444491872, "pol4": 0.9934567192480861, "v0s": 6.40116007762344}, "datetime": {"datetime": "2022-04-08 17:42:07", "elapsed": 2456.099542, "delta": 10.406177}}
{"target": 3.9899029170285765, "params": {"Bgrad": 5.254730457572365, "d1": -1.5582388148805384, "d2": -0.13628759293205572, "d3": -0.8991185258084711, "d4": -1.1978614466498745, "p1": 5.155336112493897, "p2": 1.307734218194051, "p3": 34.738959460858695, "p4": 24.267598277692514, "pol1": -0.9451624103161016, "pol2": 0.14464426214601933, "pol3": 0.22959968617292548, "pol4": -0.9395340049939089, "v0s": 3.9899029170285765}, "datetime": {"datetime": "2022-04-08 17:42:18", "elapsed": 2466.498738, "delta": 10.399196}}
{"target": -1.0, "params": {"Bgrad": 10.415770932352126, "d1": -1.7827192016609832, "d2": -2.4580359151998237, "d3": -2.071033553253164, "d4": -1.9821502011961951, "p1": 7.334444121305861, "p2": 4.160013234587928, "p3": 37.53513722039558, "p4": 28.840247127570347, "pol1": 0.3509647971605452, "pol2": -0.2089578977623805, "pol3": 0.13958265554386506, "pol4": 0.5108043641673001, "v0s": 2.8449646236893327}, "datetime": {"datetime": "2022-04-08 17:42:31", "elapsed": 2479.820121, "delta": 13.321383}}
{"target": 3.4237330993365793, "params": {"Bgrad": 6.45054900333943, "d1": -2.222843994196959, "d2": -1.6772945469671847, "d3": -1.8405203128499688, "d4": -1.1403497585444793, "p1": 27.607951872847377, "p2": 33.315544464983496, "p3": 3.04120735677707, "p4": 33.93056301659161, "pol1": -0.9070671437647384, "pol2": -0.002892507204206307, "pol3": 0.16003181831556224, "pol4": -0.046455501905794394, "v0s": 3.4237330993365793}, "datetime": {"datetime": "2022-04-08 17:42:39", "elapsed": 2487.508565, "delta": 7.688444}}
{"target": 3.400839364328048, "params": {"Bgrad": 11.301012211985338, "d1": -2.7466629623297196, "d2": -2.040053500442325, "d3": -0.7648972266611795, "d4": -1.3577762204450083, "p1": 9.826332460592935, "p2": 6.403203142422625, "p3": 41.350207609495584, "p4": 31.934214237740623, "pol1": 0.010206447272735453, "pol2": -0.31458680652637616, "pol3": 0.4627737187213914, "pol4": -0.9463070724769624, "v0s": 3.400839364328048}, "datetime": {"datetime": "2022-04-08 17:42:51", "elapsed": 2499.964262, "delta": 12.455697}}
{"target": 3.7907374396522653, "params": {"Bgrad": 4.421193538273881, "d1": -1.4604705569059695, "d2": -0.9418126591411532, "d3": -2.6696018871379037, "d4": -0.6252088196283434, "p1": 3.4738274322459897, "p2": 5.114389355886435, "p3": 41.647613428157236, "p4": 21.64750190594739, "pol1": -0.6168861746920581, "pol2": -0.1257372111626827, "pol3": 0.20683326624458037, "pol4": 0.05856686585220072, "v0s": 3.7907374396522653}, "datetime": {"datetime": "2022-04-08 17:43:02", "elapsed": 2511.162323, "delta": 11.198061}}
{"target": -1.0, "params": {"Bgrad": 1.8267036000478372, "d1": -1.4929370298144957, "d2": -2.7213080055838725, "d3": -2.617177075681136, "d4": -0.2911394182386884, "p1": 5.639175363893312, "p2": 0.14365101400790614, "p3": 37.73996850292101, "p4": 18.597918133392515, "pol1": -0.36779101059376496, "pol2": 0.3972841065144981, "pol3": -0.824038581094857, "pol4": -0.23267979176238995, "v0s": 5.949774195657853}, "datetime": {"datetime": "2022-04-08 17:43:10", "elapsed": 2518.411939, "delta": 7.249616}}
{"target": -1.0, "params": {"Bgrad": 7.4683580174666675, "d1": 0.5063111331994774, "d2": -0.9070704880334408, "d3": -2.029002936008922, "d4": -1.1059588674639116, "p1": 14.935283202827959, "p2": 4.468659483623416, "p3": 33.808719012971174, "p4": 30.062437787592778, "pol1": 0.3959744293975176, "pol2": -0.48023304507428755, "pol3": -0.844545107620505, "pol4": -0.5255493451062185, "v0s": 3.9157448023351953}, "datetime": {"datetime": "2022-04-08 17:43:22", "elapsed": 2530.625285, "delta": 12.213346}}
{"target": -1.0, "params": {"Bgrad": 6.118129170825031, "d1": 0.3341868350750641, "d2": -2.892324482332216, "d3": -1.7999625974221307, "d4": 0.6811478130266977, "p1": 27.20125568536857, "p2": 33.12792138340428, "p3": 3.6770928238141543, "p4": 36.90998046455177, "pol1": -0.09305937491141858, "pol2": 0.3238763556466786, "pol3": 0.26415469014429105, "pol4": -0.4414314992050139, "v0s": 3.7105924159351606}, "datetime": {"datetime": "2022-04-08 17:43:42", "elapsed": 2550.292703, "delta": 19.667418}}
{"target": 4.1064065818712665, "params": {"Bgrad": 6.159122603947772, "d1": -2.4042446365859584, "d2": -1.1051970807324483, "d3": -2.712228835631641, "d4": -0.2638799668471954, "p1": 12.069810409537018, "p2": 5.779393444703251, "p3": 41.52926232202726, "p4": 29.09353670775281, "pol1": -0.9239040949883734, "pol2": -0.8557921488040585, "pol3": 0.9078894166245255, "pol4": 0.3645890527200819, "v0s": 4.1064065818712665}, "datetime": {"datetime": "2022-04-08 17:43:56", "elapsed": 2564.856764, "delta": 14.564061}}
{"target": -1.0, "params": {"Bgrad": 13.559246942536618, "d1": -0.13490718761636966, "d2": 0.13697241248929526, "d3": -1.2236519586406511, "d4": -1.298111598787575, "p1": 13.502688395326345, "p2": 7.5864501134266735, "p3": 35.25375560841452, "p4": 27.062129983577144, "pol1": 0.7097440477956047, "pol2": -0.25790049240055346, "pol3": -0.4373261872551042, "pol4": -0.27522867993724276, "v0s": 5.661703973509775}, "datetime": {"datetime": "2022-04-08 17:44:08", "elapsed": 2576.59039, "delta": 11.733626}}
{"target": 4.2989497527819385, "params": {"Bgrad": 6.7361461074917495, "d1": -1.9338802672621542, "d2": 0.5727466754313368, "d3": -2.5465316203327277, "d4": -0.5233726622045556, "p1": 5.8417077636929795, "p2": 7.56434898361311, "p3": 36.36401629579422, "p4": 26.301425903145173, "pol1": -0.15102225928163884, "pol2": -0.13913658870739481, "pol3": -0.3914121102046569, "pol4": 0.7647581399551094, "v0s": 4.2989497527819385}, "datetime": {"datetime": "2022-04-08 17:44:22", "elapsed": 2590.894146, "delta": 14.303756}}
{"target": 5.093747744535613, "params": {"Bgrad": 2.899891919675658, "d1": -2.842609551185751, "d2": -0.16241833555136687, "d3": -1.7806271128503566, "d4": -1.4973864372114112, "p1": 3.5375659131179624, "p2": 7.502552672304996, "p3": 40.42262473746692, "p4": 17.90706596279117, "pol1": -0.5042562898522369, "pol2": 0.7684907152543672, "pol3": 0.8871369415604378, "pol4": 0.6476347577268724, "v0s": 5.093747744535613}, "datetime": {"datetime": "2022-04-08 17:44:34", "elapsed": 2602.720526, "delta": 11.82638}}
{"target": 4.2037510320902856, "params": {"Bgrad": 6.355037635220062, "d1": 0.15898613312963805, "d2": -1.2728057277390317, "d3": -2.0346936041581745, "d4": -1.8956803361810088, "p1": 25.85925681205304, "p2": 30.238806513714117, "p3": 4.218501499483073, "p4": 36.97446838533311, "pol1": 0.4954544674928614, "pol2": 0.2704708075948181, "pol3": 0.5339425908535644, "pol4": -0.9653562159640758, "v0s": 4.2037510320902856}, "datetime": {"datetime": "2022-04-08 17:44:45", "elapsed": 2613.304228, "delta": 10.583702}}
{"target": 3.255148013363689, "params": {"Bgrad": 7.011210779275789, "d1": -2.257393168192635, "d2": -2.4617280174439493, "d3": -1.9551943610580156, "d4": -0.3204811960823539, "p1": 11.927042290798983, "p2": 5.453056992424804, "p3": 44.08699255478252, "p4": 28.173050632725406, "pol1": 0.6688915752095337, "pol2": 0.07143320681232646, "pol3": 0.2671300503411367, "pol4": -0.7708729326692378, "v0s": 3.255148013363689}, "datetime": {"datetime": "2022-04-08 17:44:52", "elapsed": 2620.99367, "delta": 7.689442}}
{"target": 4.563955828176624, "params": {"Bgrad": 7.112796719178353, "d1": -1.7317344094904912, "d2": 0.8613310742785445, "d3": -1.332651036118632, "d4": -1.7942514084001835, "p1": 10.03185411997361, "p2": 6.949264157543156, "p3": 39.282981872464035, "p4": 28.894992005493958, "pol1": -0.8896150048287976, "pol2": 0.3301824606745798, "pol3": -0.1285998819953087, "pol4": -0.5137908778458029, "v0s": 4.563955828176624}, "datetime": {"datetime": "2022-04-08 17:45:05", "elapsed": 2633.676759, "delta": 12.683089}}
{"target": 2.4995564491001154, "params": {"Bgrad": 6.244477058985255, "d1": -1.6518504098168445, "d2": -2.511761825626327, "d3": -2.2907734624416163, "d4": -0.4741540483823452, "p1": 5.921578433275121, "p2": 5.831132202213402, "p3": 42.09620433617858, "p4": 19.878593678907535, "pol1": -0.21209217286114734, "pol2": -0.10704513944068905, "pol3": 0.8146270056893281, "pol4": 0.719190879536358, "v0s": 2.4995564491001154}, "datetime": {"datetime": "2022-04-08 17:45:15", "elapsed": 2643.870504, "delta": 10.193745}}
{"target": -1.0, "params": {"Bgrad": 8.208117246958015, "d1": -0.5580288146546413, "d2": -0.8794640773733322, "d3": -0.14437802681932022, "d4": -0.42951114143248326, "p1": 25.856637729036393, "p2": 29.022289483549223, "p3": 2.9903449583988495, "p4": 31.434096118275455, "pol1": -0.2727292855551051, "pol2": 0.43213652189762497, "pol3": 0.766699273108022, "pol4": -0.3088976971916684, "v0s": 4.0758773594973015}, "datetime": {"datetime": "2022-04-08 17:45:34", "elapsed": 2663.102624, "delta": 19.23212}}
{"target": -1.0, "params": {"Bgrad": 10.55627026886143, "d1": -2.1004557280835296, "d2": -0.09840340184068141, "d3": 0.7123671558592588, "d4": 0.6587694384406921, "p1": 10.86117896688415, "p2": 6.789294012082508, "p3": 39.65771618144088, "p4": 27.930458349639338, "pol1": 0.5228673026473074, "pol2": 0.14064647259866092, "pol3": 0.00922521367110396, "pol4": 0.48992793829514536, "v0s": 4.279550102538366}, "datetime": {"datetime": "2022-04-08 17:45:44", "elapsed": 2672.942316, "delta": 9.839692}}
{"target": -1.0, "params": {"Bgrad": 5.363179335768557, "d1": -2.8721539374600877, "d2": -0.5915346739607434, "d3": 0.5791016276102252, "d4": 0.422388975775958, "p1": 4.044066589885692, "p2": 9.343896176288697, "p3": 36.54369628727438, "p4": 27.718122134287405, "pol1": 0.9111601562616356, "pol2": 0.35468156046401966, "pol3": -0.7897533345679282, "pol4": 0.7936825858471623, "v0s": 3.9096777606818804}, "datetime": {"datetime": "2022-04-08 17:45:54", "elapsed": 2682.805944, "delta": 9.863628}}
{"target": 3.2043394761516475, "params": {"Bgrad": 6.8772538975118245, "d1": -2.252717273027946, "d2": -2.881516852959836, "d3": -2.5569672108876813, "d4": -2.875515115715967, "p1": 5.913757509960194, "p2": 5.06843389451973, "p3": 38.24675209850792, "p4": 27.550123879333466, "pol1": -0.8997250840814848, "pol2": 0.02476236873792148, "pol3": -0.3652995868810447, "pol4": 0.12270897507290468, "v0s": 3.2043394761516475}, "datetime": {"datetime": "2022-04-08 17:46:04", "elapsed": 2692.9653, "delta": 10.159356}}
{"target": 4.405608116162101, "params": {"Bgrad": 10.872429608867957, "d1": -0.1317984532734871, "d2": -0.9455126808873436, "d3": -2.4626819955665455, "d4": -2.469126242958195, "p1": 14.551524590411917, "p2": 4.090625786343866, "p3": 33.88196965402838, "p4": 29.480397246051954, "pol1": -0.5305931443315975, "pol2": 0.6711598405146437, "pol3": 0.3483743531557594, "pol4": -0.29137528202285834, "v0s": 4.405608116162101}, "datetime": {"datetime": "2022-04-08 17:46:15", "elapsed": 2703.605862, "delta": 10.640562}}
{"target": -1.0, "params": {"Bgrad": 3.5710242040879363, "d1": -2.1809230619302733, "d2": -0.9492869700626465, "d3": -2.524161882564486, "d4": 0.9303732602516872, "p1": 2.013444661678465, "p2": 5.658939949419933, "p3": 40.71488097774366, "p4": 18.36985140295616, "pol1": -0.7037986338980409, "pol2": -0.7108803826659076, "pol3": -0.5131310039999459, "pol4": 0.510354283332449, "v0s": 3.3118434414323588}, "datetime": {"datetime": "2022-04-08 17:46:45", "elapsed": 2733.256607, "delta": 29.650745}}
{"target": 4.44620906764437, "params": {"Bgrad": 5.150373999242022, "d1": -2.414606414379378, "d2": -1.019000548036174, "d3": -2.4636650719371485, "d4": -1.0839945314304873, "p1": 3.7468158932754903, "p2": 6.674105869056824, "p3": 41.09201066922796, "p4": 18.99445621995946, "pol1": -0.6522556855587649, "pol2": -0.974678167070467, "pol3": -0.7940954937960953, "pol4": -0.08496288556079756, "v0s": 4.44620906764437}, "datetime": {"datetime": "2022-04-08 17:46:59", "elapsed": 2747.498529, "delta": 14.241922}}
{"target": -1.0, "params": {"Bgrad": 5.32860171882581, "d1": -2.487612532888908, "d2": -2.008450484363248, "d3": -2.295731838930932, "d4": -2.7965661861813005, "p1": 9.221655511815225, "p2": 3.041567675286838, "p3": 41.36791071681111, "p4": 29.50123859925402, "pol1": -0.2916216284350288, "pol2": -0.7959103183399296, "pol3": -0.7556182637048887, "pol4": -0.022029517287816214, "v0s": 4.531703547099735}, "datetime": {"datetime": "2022-04-08 17:47:10", "elapsed": 2758.807293, "delta": 11.308764}}
{"target": -1.0, "params": {"Bgrad": 4.984127808088915, "d1": -2.2655511665855133, "d2": -0.722464263351767, "d3": -1.9937793308552454, "d4": -0.07349518060004145, "p1": 2.7304960662502484, "p2": 7.737242634696734, "p3": 44.55201208786522, "p4": 22.293597352847684, "pol1": 0.9979589613193898, "pol2": 0.30984893220136955, "pol3": 0.4416119479958991, "pol4": 0.6028928805599651, "v0s": 5.492805875689648}, "datetime": {"datetime": "2022-04-08 17:47:19", "elapsed": 2767.858094, "delta": 9.050801}}
{"target": -1.0, "params": {"Bgrad": 6.611145499370978, "d1": -2.35034353921281, "d2": -1.3688607599902807, "d3": -2.732741900366622, "d4": 0.5709892536165047, "p1": 27.20787390105739, "p2": 33.078798303443655, "p3": 2.386060443454263, "p4": 35.54963722863294, "pol1": -0.6967776997480231, "pol2": -0.20042254057178854, "pol3": -0.6996138855309555, "pol4": 0.5529068930797472, "v0s": 3.6279250879833986}, "datetime": {"datetime": "2022-04-08 17:47:28", "elapsed": 2777.028575, "delta": 9.170481}}
{"target": 3.6515143701594446, "params": {"Bgrad": 6.248869190436965, "d1": -1.0244176900098847, "d2": 0.29534352875299785, "d3": -2.6811521571987984, "d4": -2.1850819869291223, "p1": 25.141114485806664, "p2": 32.90736207400296, "p3": 3.87591747634456, "p4": 33.539970134173146, "pol1": -0.41764981863718675, "pol2": 0.19569364549261228, "pol3": 0.2715278903986598, "pol4": -0.25300966874202, "v0s": 3.6515143701594446}, "datetime": {"datetime": "2022-04-08 17:47:39", "elapsed": 2787.679099, "delta": 10.650524}}
{"target": -1.0, "params": {"Bgrad": 7.361591040494501, "d1": -2.3659088821837924, "d2": -1.2042358050710518, "d3": -0.7520415407940457, "d4": 0.9982325812948769, "p1": 11.950831935224626, "p2": 5.646501386704495, "p3": 42.98353408064415, "p4": 28.53320454206689, "pol1": 0.7907769019075117, "pol2": 0.6024570481629354, "pol3": -0.1319117060309516, "pol4": 0.3195472577444791, "v0s": 3.004291732241632}, "datetime": {"datetime": "2022-04-08 17:47:59", "elapsed": 2807.25476, "delta": 19.575661}}
{"target": -1.0, "params": {"Bgrad": 6.970225620421583, "d1": -2.3056140671348038, "d2": -2.991011101094717, "d3": -1.2117423031515648, "d4": -1.9006329509022475, "p1": 12.919414332505797, "p2": 7.539760176539417, "p3": 41.79745914449243, "p4": 27.7889713985477, "pol1": 0.7278712574815951, "pol2": -0.5007441491264939, "pol3": -0.4926390653572317, "pol4": -0.16325533257052305, "v0s": 3.81167723418203}, "datetime": {"datetime": "2022-04-08 17:48:12", "elapsed": 2820.63698, "delta": 13.38222}}
{"target": -1.0, "params": {"Bgrad": 7.450271884471686, "d1": 0.0541571327850936, "d2": 0.6822223153483709, "d3": -1.4269461569205637, "d4": -0.25023072265057644, "p1": 7.214827747428531, "p2": 7.071554722858364, "p3": 34.21497621764152, "p4": 25.401816393514853, "pol1": -0.5802417612747539, "pol2": -0.01823447695933611, "pol3": -0.597347337857971, "pol4": 0.29482347506890116, "v0s": 4.781474105335047}, "datetime": {"datetime": "2022-04-08 17:48:30", "elapsed": 2838.885191, "delta": 18.248211}}
{"target": -1.0, "params": {"Bgrad": 6.398541175072918, "d1": -2.382697924519865, "d2": -0.5098374672638095, "d3": -0.812837369478316, "d4": -2.1498851828340113, "p1": 11.878525734011165, "p2": 7.636555109747533, "p3": 40.48554688730608, "p4": 30.711107985186647, "pol1": 0.30806463581688726, "pol2": -0.5730901863940534, "pol3": 0.22268425715068085, "pol4": 0.29052521234049844, "v0s": 5.815228152324075}, "datetime": {"datetime": "2022-04-08 17:48:41", "elapsed": 2849.708254, "delta": 10.823063}}
{"target": 2.861894399793653, "params": {"Bgrad": 7.193304250572671, "d1": -1.0547604255603722, "d2": -2.3942989413106273, "d3": -2.8080287859789466, "d4": -1.73805878455821, "p1": 22.67034590656887, "p2": 29.841282152741954, "p3": 2.089789000237219, "p4": 34.073224336510265, "pol1": -0.9368289132266527, "pol2": 0.8479672837671985, "pol3": -0.6642718172701418, "pol4": 0.06059576140638434, "v0s": 2.861894399793653}, "datetime": {"datetime": "2022-04-08 17:48:49", "elapsed": 2858.110788, "delta": 8.402534}}
{"target": 4.283125069111515, "params": {"Bgrad": 6.8272455673978065, "d1": -2.1283494744510114, "d2": -0.19950942651423495, "d3": -1.7107311699597845, "d4": -1.87892212595984, "p1": 9.81232758119093, "p2": 6.232144890560487, "p3": 39.532587670719415, "p4": 29.528159110971853, "pol1": -0.7543709520249139, "pol2": 0.00961695918074657, "pol3": -0.38186509499562926, "pol4": -0.07099877025180394, "v0s": 4.283125069111515}, "datetime": {"datetime": "2022-04-08 17:49:02", "elapsed": 2870.686165, "delta": 12.575377}}
{"target": 3.6185779647875, "params": {"Bgrad": 7.742629562085832, "d1": -1.0564384646109626, "d2": 0.6631911398516994, "d3": -0.7444953518054365, "d4": -2.9378716892223546, "p1": 22.646787133906276, "p2": 32.98413419622908, "p3": 4.4322813438854585, "p4": 34.151794492833716, "pol1": 0.16137069087353062, "pol2": 0.8998368190207409, "pol3": 0.5832342466316196, "pol4": 0.3446711954217514, "v0s": 3.6185779647875}, "datetime": {"datetime": "2022-04-08 17:49:20", "elapsed": 2888.588301, "delta": 17.902136}}
{"target": 3.987678029106613, "params": {"Bgrad": 6.831618620208507, "d1": -0.9105297580474625, "d2": -0.4571272709920877, "d3": -1.7067208615330003, "d4": -2.692419377034952, "p1": 7.3831124846031715, "p2": 1.8937932040604677, "p3": 34.63075222107535, "p4": 24.559312108016247, "pol1": 0.548292560732399, "pol2": 0.6906753925079312, "pol3": 0.385240001355162, "pol4": -0.45301243972000593, "v0s": 3.987678029106613}, "datetime": {"datetime": "2022-04-08 17:49:27", "elapsed": 2896.092238, "delta": 7.503937}}
