{"target": -1.0, "params": {"Bgrad": 1.6647497376828921, "d1": -1.6943344673184693, "d2": 0.19234217038389678, "d3": 0.1410460708918606, "d4": -2.632241188228463, "p1": 33.63351193764646, "p2": 7.469807284372088, "p3": 7.052052919818119, "p4": 25.469212577924615, "pol1": 0.050078388083691694, "pol2": -0.21418768740876293, "pol3": 0.9733020237426786, "pol4": 0.18870499154345866, "v0s": 3.683080178695187}, "datetime": {"datetime": "2022-06-24 05:26:45", "elapsed": 4324.251773, "delta": 13.201983}}
{"target": 2.529387049589624, "params": {"Bgrad": 1.9464135005559773, "d1": -0.07012273935737082, "d2": -0.10055217763947334, "d3": -0.8932986290173214, "d4": -0.8374936478237691, "p1": 46.121129457765385, "p2": 43.2617204882395, "p3": 9.473266166634188, "p4": 13.610426518225465, "pol1": -1.0, "pol2": 1.0, "pol3": -0.7991196376075131, "pol4": 0.5302563055657669, "v0s": 2.529387049589624}, "datetime": {"datetime": "2022-06-24 05:26:47", "elapsed": 4326.895751, "delta": 2.643978}}
{"target": -1.0, "params": {"Bgrad": 1.4977841688192548, "d1": -0.5873118789930096, "d2": 0.7242394920516331, "d3": 0.004061786078274565, "d4": -0.6841036939089524, "p1": 2.9306481985542088, "p2": 12.550218012737869, "p3": 34.97364575096078, "p4": 27.613404786817892, "pol1": 0.1070029986309704, "pol2": -0.2292048658665593, "pol3": -0.1940269513925208, "pol4": 0.3942951804379682, "v0s": 5.605665201812906}, "datetime": {"datetime": "2022-06-24 05:27:00", "elapsed": 4339.593028, "delta": 12.697277}}
{"target": -1.0, "params": {"Bgrad": 1.114384153346092, "d1": 0.13955538289146396, "d2": -0.6542296358430111, "d3": -2.6581334170429347, "d4": -0.38874594281565233, "p1": 45.73578427639852, "p2": 47.04673152313393, "p3": 40.831099027183996, "p4": 47.143685069315225, "pol1": -0.05687989818695027, "pol2": -0.6433773525579138, "pol3": -0.49198140907795396, "pol4": 0.4616285675259253, "v0s": 2.368008255379652}, "datetime": {"datetime": "2022-06-24 05:27:09", "elapsed": 4348.118381, "delta": 8.525353}}
{"target": 4.166559295482145, "params": {"Bgrad": 0.9308469542585803, "d1": -2.04537966626232, "d2": -0.010958986411643598, "d3": -1.1708981025011092, "d4": -1.8025651359132149, "p1": 5.047110336442958, "p2": 12.689710245734815, "p3": 34.95193604280517, "p4": 29.98133152428487, "pol1": -0.4533886269347462, "pol2": 0.18257636956452258, "pol3": 0.14480800571929972, "pol4": 0.5646178232253691, "v0s": 4.166559295482145}, "datetime": {"datetime": "2022-06-24 05:27:15", "elapsed": 4354.444632, "delta": 6.326251}}
{"target": -1.0, "params": {"Bgrad": 1.2174274305462582, "d1": -2.9567037467481954, "d2": 0.5510721782227463, "d3": -1.158560241533348, "d4": -0.18689346705975218, "p1": 32.49114135125142, "p2": 8.902940152222143, "p3": 7.852749579223578, "p4": 26.97501002922203, "pol1": 0.2714925284670222, "pol2": 0.6607512319228004, "pol3": 0.4904452775302526, "pol4": 0.43893552072471054, "v0s": 6.644063237788561}, "datetime": {"datetime": "2022-06-24 05:27:26", "elapsed": 4365.971094, "delta": 11.526462}}
{"target": 4.129461721929518, "params": {"Bgrad": 1.6672843743340025, "d1": -2.1643413146629076, "d2": -1.1206314103191848, "d3": -1.6126556308228683, "d4": -2.9180881503551745, "p1": 1.8575430553896655, "p2": 13.638665801580906, "p3": 34.648909402464824, "p4": 32.477479508220306, "pol1": 0.8709057752367251, "pol2": -0.728640241414922, "pol3": -0.8950260058535398, "pol4": 0.8771588819894862, "v0s": 4.129461721929518}, "datetime": {"datetime": "2022-06-24 05:27:31", "elapsed": 4370.762381, "delta": 4.791287}}
{"target": 2.7853426407265927, "params": {"Bgrad": 1.7057691534476014, "d1": -1.0902991767506052, "d2": -0.9884956972663521, "d3": 0.48535847586917535, "d4": -1.4265059739773371, "p1": 43.56008287190287, "p2": 20.209245319130993, "p3": 26.33128793738327, "p4": 12.43498129361576, "pol1": 0.8816729656437843, "pol2": -0.5459405941884645, "pol3": 0.11801264299684355, "pol4": -0.20951392219652565, "v0s": 2.7853426407265927}, "datetime": {"datetime": "2022-06-24 05:27:39", "elapsed": 4378.782143, "delta": 8.019762}}
{"target": 4.6512990393109455, "params": {"Bgrad": 1.6940329289766363, "d1": -2.238990755851397, "d2": -0.412478661697365, "d3": -1.2033139239301156, "d4": -1.2550479440793447, "p1": 1.5620490342204363, "p2": 11.71694592432216, "p3": 38.02815255793134, "p4": 31.14723304116303, "pol1": 0.7337340552879255, "pol2": -0.6858774846380202, "pol3": -0.25446219285964244, "pol4": 0.5326508885783134, "v0s": 4.6512990393109455}, "datetime": {"datetime": "2022-06-24 05:27:47", "elapsed": 4386.479726, "delta": 7.697583}}
{"target": 3.286635128002623, "params": {"Bgrad": 1.7199403150806243, "d1": -1.9100296923042497, "d2": 0.30082351769058757, "d3": -2.1099546817021038, "d4": -2.522971212594995, "p1": 44.679690300158256, "p2": 24.042153757208673, "p3": 28.318873031958848, "p4": 14.644032967485298, "pol1": 0.016419359256580224, "pol2": -0.5051573184988971, "pol3": -0.6062614459103461, "pol4": 0.6316521356474047, "v0s": 3.286635128002623}, "datetime": {"datetime": "2022-06-24 05:27:53", "elapsed": 4393.039274, "delta": 6.559548}}
{"target": -1.0, "params": {"Bgrad": 1.0393496204906605, "d1": -2.876661968500601, "d2": -0.7369130672972362, "d3": -2.7975545458486932, "d4": -1.4985242958887994, "p1": 3.6738210815699226, "p2": 10.299653293864324, "p3": 35.14072172595416, "p4": 30.11453382040252, "pol1": 0.22641029919974853, "pol2": 0.19761978418343973, "pol3": 0.9453397044852743, "pol4": 0.8125286661724276, "v0s": 5.143738321283778}, "datetime": {"datetime": "2022-06-24 05:28:05", "elapsed": 4404.495337, "delta": 11.456063}}
{"target": 3.0149712915756064, "params": {"Bgrad": 1.7457705911372876, "d1": -0.3581616773955143, "d2": 0.8796826710233003, "d3": -0.3737620821987808, "d4": -1.4431509737637112, "p1": 1.3734732153115436, "p2": 32.10426548156098, "p3": 17.62839160115512, "p4": 9.843504995639496, "pol1": 0.48628316658776405, "pol2": 0.02187722088435362, "pol3": -0.35117228990880944, "pol4": 0.9523886250781752, "v0s": 3.0149712915756064}, "datetime": {"datetime": "2022-06-24 05:28:10", "elapsed": 4409.251721, "delta": 4.756384}}
{"target": -1.0, "params": {"Bgrad": 0.7264299029151733, "d1": -1.8458088995463635, "d2": -1.0598374604224055, "d3": -2.6872864304219584, "d4": -1.6099687642238898, "p1": 3.6070213927509087, "p2": 14.575946112588989, "p3": 34.41209280602961, "p4": 30.37366036680278, "pol1": -0.029860527789445035, "pol2": -0.7785457304395096, "pol3": 0.4028640010373028, "pol4": -0.4467670372903123, "v0s": 5.148490568894426}, "datetime": {"datetime": "2022-06-24 05:28:17", "elapsed": 4416.357837, "delta": 7.106116}}
{"target": -1.0, "params": {"Bgrad": 1.5091298987664008, "d1": -2.684879688812678, "d2": 0.23211080913003102, "d3": -0.41585949198833916, "d4": 0.7534769137356716, "p1": 13.013380815840996, "p2": 5.782106658965002, "p3": 30.10714578048372, "p4": 22.176483852535945, "pol1": -0.2458095458676519, "pol2": 0.5664366059572472, "pol3": -0.6435130457739313, "pol4": 0.36676840796349897, "v0s": 5.343632260217674}, "datetime": {"datetime": "2022-06-24 05:28:31", "elapsed": 4430.782044, "delta": 14.424207}}
{"target": 4.4262269069975755, "params": {"Bgrad": 1.0901184161868889, "d1": -1.5650249207752134, "d2": 0.9687082563335481, "d3": -2.529081944825828, "d4": -2.189376812303642, "p1": 30.96516554300033, "p2": 10.933196120038986, "p3": 38.36099286949702, "p4": 28.791627248037027, "pol1": 0.13229363413512166, "pol2": -0.7793228536501362, "pol3": -0.40107372050313606, "pol4": 0.23913456251677692, "v0s": 4.4262269069975755}, "datetime": {"datetime": "2022-06-24 05:28:38", "elapsed": 4438.036776, "delta": 7.254732}}
{"target": 3.3835616998042735, "params": {"Bgrad": 1.3388766551651468, "d1": -0.9056020517126551, "d2": -1.007367463612225, "d3": -2.2488587989922326, "d4": -0.2543805474890344, "p1": 7.210434758902428, "p2": 8.117599956828686, "p3": 36.68763819326996, "p4": 27.764105184611417, "pol1": 0.946154301237617, "pol2": 0.2278531434735449, "pol3": -0.9763217322727396, "pol4": 0.08569036002679753, "v0s": 3.3835616998042735}, "datetime": {"datetime": "2022-06-24 05:28:45", "elapsed": 4444.115624, "delta": 6.078848}}
{"target": 2.839866625097617, "params": {"Bgrad": 1.6401121396026006, "d1": -1.6086241059995676, "d2": -0.9491710407596212, "d3": -1.616038874493896, "d4": -0.6549239191433407, "p1": 43.09579825715575, "p2": 23.963969770943972, "p3": 25.612394659223376, "p4": 16.54764349049219, "pol1": 0.34337549192030536, "pol2": -0.4180315079339778, "pol3": -0.8004677836657514, "pol4": -0.5872370814148316, "v0s": 2.839866625097617}, "datetime": {"datetime": "2022-06-24 05:28:51", "elapsed": 4450.428872, "delta": 6.313248}}
{"target": 4.321587637511076, "params": {"Bgrad": 1.106094307316906, "d1": -3.0, "d2": -0.7644061754625103, "d3": -0.2788351380790529, "d4": -0.3603420646196911, "p1": 32.54523911232958, "p2": 8.808082488138428, "p3": 7.312852690594977, "p4": 26.01258613111278, "pol1": 0.7576839773171686, "pol2": -0.7548811161131976, "pol3": 0.18875256220951148, "pol4": -0.5156449596297178, "v0s": 4.321587637511076}, "datetime": {"datetime": "2022-06-24 05:28:58", "elapsed": 4457.690062, "delta": 7.26119}}
{"target": -1.0, "params": {"Bgrad": 1.931775628175885, "d1": -0.5648444849655647, "d2": -0.45743116840276965, "d3": 0.006881454839659732, "d4": -0.24722758918183274, "p1": 23.719194278618453, "p2": 1.508156888757321, "p3": 17.73818057899316, "p4": 25.556836966163303, "pol1": 0.32542640467379835, "pol2": 0.17416121271607138, "pol3": -0.2580962709793565, "pol4": -0.6475671220573764, "v0s": 2.8832732503165865}, "datetime": {"datetime": "2022-06-24 05:29:07", "elapsed": 4466.325121, "delta": 8.635059}}
{"target": -1.0, "params": {"Bgrad": 1.4437838380436907, "d1": -0.21598495776011895, "d2": -0.5646187660603137, "d3": -0.6642694250842376, "d4": 0.6391639348184439, "p1": 45.21072798888051, "p2": 20.38372148797491, "p3": 25.23516757622109, "p4": 13.3711026316984, "pol1": -0.05483711486784637, "pol2": -0.7545967115619039, "pol3": -0.35526579523525115, "pol4": -0.7113369439252109, "v0s": 3.956728030559857}, "datetime": {"datetime": "2022-06-24 05:29:19", "elapsed": 4478.557653, "delta": 12.232532}}
{"target": -1.0, "params": {"Bgrad": 0.7231969533835302, "d1": -3.0, "d2": 1.0, "d3": -0.600548525986662, "d4": -2.0123067856414956, "p1": 46.63130296126774, "p2": 25.42142927305509, "p3": 22.590149495416284, "p4": 28.99177193653698, "pol1": -0.6426214779811347, "pol2": -0.5964557321448235, "pol3": -0.25812372067231903, "pol4": -0.6996333088752458, "v0s": 6.256461400978053}, "datetime": {"datetime": "2022-06-24 05:29:28", "elapsed": 4487.843022, "delta": 9.285369}}
{"target": 4.333299744910699, "params": {"Bgrad": 1.023435150193803, "d1": -1.073595224022039, "d2": 0.88615539004526, "d3": -2.2818555511490133, "d4": -2.1273117258953578, "p1": 31.28605909665823, "p2": 11.47270930965972, "p3": 38.688944617147975, "p4": 28.717761650382947, "pol1": 0.32986653864379084, "pol2": -0.7294368227551474, "pol3": -0.8743354679141135, "pol4": 0.16313958055454708, "v0s": 4.333299744910699}, "datetime": {"datetime": "2022-06-24 05:29:35", "elapsed": 4494.639468, "delta": 6.796446}}
{"target": 3.0681036242430517, "params": {"Bgrad": 1.6982140723589105, "d1": 0.24511622785800302, "d2": 0.9144077993372757, "d3": -1.1982707339438887, "d4": -2.2421378602044975, "p1": 9.448696556629937, "p2": 7.010952884291038, "p3": 30.116554409980438, "p4": 21.195957765564245, "pol1": -0.31851944002166044, "pol2": -0.27339262100508077, "pol3": 0.7137118170077956, "pol4": -0.03503447018154726, "v0s": 3.0681036242430517}, "datetime": {"datetime": "2022-06-24 05:29:41", "elapsed": 4500.594687, "delta": 5.955219}}
{"target": 3.670709796829527, "params": {"Bgrad": 1.8139257187425462, "d1": -1.8317922042382695, "d2": 0.476435653416309, "d3": -2.9137520954129923, "d4": -1.4069601418888258, "p1": 46.3632877578298, "p2": 23.112991532007793, "p3": 26.735273294112538, "p4": 13.436815877038056, "pol1": -0.5328521053345412, "pol2": 0.38822543351106464, "pol3": -0.8186492505353391, "pol4": 0.10218345281673402, "v0s": 3.670709796829527}, "datetime": {"datetime": "2022-06-24 05:29:46", "elapsed": 4505.62679, "delta": 5.032103}}
{"target": 3.522842443925798, "params": {"Bgrad": 0.7422503683175956, "d1": -0.4670200244781153, "d2": 0.22383367529538845, "d3": -1.218988779207241, "d4": -0.9853685333947677, "p1": 4.204073819396975, "p2": 11.763326779673955, "p3": 34.75178119402248, "p4": 32.6358920827688, "pol1": -0.9058744576384326, "pol2": -0.33427302916151747, "pol3": -0.28265467828215063, "pol4": -0.9940262638671833, "v0s": 3.522842443925798}, "datetime": {"datetime": "2022-06-24 05:29:50", "elapsed": 4509.187341, "delta": 3.560551}}
{"target": 3.830583890755601, "params": {"Bgrad": 0.8754821707760512, "d1": -0.6467888788661207, "d2": 0.2638510185393663, "d3": -1.3898675036556778, "d4": -1.3648290745504679, "p1": 1.4266313309560963, "p2": 10.275852600308289, "p3": 34.57520871620427, "p4": 26.600299001415316, "pol1": -0.20828750611899594, "pol2": -0.4407629504652053, "pol3": -0.9053456461947651, "pol4": 0.1656683130617045, "v0s": 3.830583890755601}, "datetime": {"datetime": "2022-06-24 05:29:54", "elapsed": 4513.776666, "delta": 4.589325}}
{"target": -1.0, "params": {"Bgrad": 1.2322947738547105, "d1": -2.173975235757348, "d2": 0.5780450742792698, "d3": -2.2584604398297636, "d4": -2.2259907867354616, "p1": 2.1401612265637193, "p2": 8.695442678282566, "p3": 34.26339934526922, "p4": 25.055896317598524, "pol1": 0.28031676372963465, "pol2": 0.23692764915763154, "pol3": 0.2890710667584293, "pol4": 0.25463401776503924, "v0s": 5.672596825343524}, "datetime": {"datetime": "2022-06-24 05:30:06", "elapsed": 4525.560923, "delta": 11.784257}}
{"target": -1.0, "params": {"Bgrad": 0.8846194434475687, "d1": -2.37344840109856, "d2": -1.5497039763862976, "d3": -1.1142315761927817, "d4": -0.7323936696628146, "p1": 19.89090730898343, "p2": 15.703144900053323, "p3": 27.262441320941143, "p4": 49.22561226218383, "pol1": 0.3464029817752148, "pol2": 0.2813029688285431, "pol3": 0.40892098085916184, "pol4": -0.2808194481884567, "v0s": 2.09554680782412}, "datetime": {"datetime": "2022-06-24 05:30:11", "elapsed": 4530.410993, "delta": 4.85007}}
{"target": 2.3858493223638306, "params": {"Bgrad": 1.1641839203304614, "d1": -0.03752365839507288, "d2": 0.2017802068952652, "d3": -0.9219313420456285, "d4": -1.4228566625125123, "p1": 47.07331268452401, "p2": 44.23262962520024, "p3": 7.480107797500912, "p4": 13.437691984479594, "pol1": 0.2104400369041377, "pol2": 0.5087679947653785, "pol3": 0.26673615365297687, "pol4": 0.44801772766741177, "v0s": 2.3858493223638306}, "datetime": {"datetime": "2022-06-24 05:30:17", "elapsed": 4536.105889, "delta": 5.694896}}
{"target": 2.202507253442735, "params": {"Bgrad": 1.862909029949594, "d1": -2.2216478545181255, "d2": -0.6773947934203126, "d3": -0.7612864267717621, "d4": -0.07844081550985793, "p1": 46.28755176030616, "p2": 20.69048864083665, "p3": 23.900851493626828, "p4": 18.0227477245166, "pol1": 0.7823282202131427, "pol2": -0.017557463598727452, "pol3": -0.4675750022023277, "pol4": 0.8404131899109211, "v0s": 2.202507253442735}, "datetime": {"datetime": "2022-06-24 05:30:21", "elapsed": 4540.27982, "delta": 4.173931}}
{"target": 5.477748081511334, "params": {"Bgrad": 1.8269634666123906, "d1": -2.414770780299366, "d2": -1.324634011796555, "d3": -2.3463716934552554, "d4": 0.761916010535939, "p1": 2.501732735639406, "p2": 12.64837142748857, "p3": 36.978714283933265, "p4": 31.87616752814276, "pol1": 0.40506525832580054, "pol2": -0.517511407366138, "pol3": -0.790303713876817, "pol4": 0.8959112452363223, "v0s": 5.477748081511334}, "datetime": {"datetime": "2022-06-24 05:30:45", "elapsed": 4564.431684, "delta": 24.151864}}
{"target": 3.466914089090873, "params": {"Bgrad": 0.7739576259446241, "d1": -0.08057883086106354, "d2": -0.1911997728110264, "d3": -1.8824683824100434, "d4": -0.4040614933648454, "p1": 29.72123587636809, "p2": 24.068336391662832, "p3": 6.988087086251515, "p4": 44.699873048262646, "pol1": 0.1277732649789911, "pol2": -0.7572271535424304, "pol3": 0.35169756758941806, "pol4": -0.6939422682797887, "v0s": 3.466914089090873}, "datetime": {"datetime": "2022-06-24 05:30:49", "elapsed": 4568.513341, "delta": 4.081657}}
{"target": -1.0, "params": {"Bgrad": 1.8295890361254172, "d1": -1.8890015324489142, "d2": -0.7017013387954965, "d3": -2.240821710985437, "d4": -2.1421018946727046, "p1": 5.621348989181884, "p2": 3.4820037743202636, "p3": 35.74137865147031, "p4": 22.69690833308265, "pol1": -0.10733059289025548, "pol2": 0.33898627064865505, "pol3": 0.6266465746916743, "pol4": -0.4574282840034245, "v0s": 3.317488392950353}, "datetime": {"datetime": "2022-06-24 05:30:53", "elapsed": 4572.792983, "delta": 4.279642}}
{"target": 2.8501801022572018, "params": {"Bgrad": 1.4591247829490606, "d1": -0.49354942202800434, "d2": -2.618616268370205, "d3": -0.47888756241884467, "d4": -1.3257836214348484, "p1": 3.7129938824841835, "p2": 12.577511076809905, "p3": 34.0625381730628, "p4": 28.45598083619495, "pol1": 0.6415245760439163, "pol2": -0.43676745515181237, "pol3": -0.1755089275395627, "pol4": -0.24137476257711277, "v0s": 2.8501801022572018}, "datetime": {"datetime": "2022-06-24 05:30:58", "elapsed": 4577.504996, "delta": 4.712013}}
{"target": 3.3685621986682497, "params": {"Bgrad": 1.0283939564122493, "d1": -0.3158674623977533, "d2": 0.36605716921062603, "d3": -0.9450722146806085, "d4": -1.9463972796442914, "p1": 47.965857174031385, "p2": 45.47128104466602, "p3": 7.38352807720295, "p4": 13.81390152391625, "pol1": 0.1866115507950563, "pol2": 0.5063142678697883, "pol3": -0.8655504267860943, "pol4": -0.7837524302873728, "v0s": 3.3685621986682497}, "datetime": {"datetime": "2022-06-24 05:31:05", "elapsed": 4584.453035, "delta": 6.948039}}
{"target": 3.3323685313304963, "params": {"Bgrad": 0.7196169250694204, "d1": -1.5877794790050843, "d2": 0.6096426064521405, "d3": -0.5752969600089832, "d4": -0.9848003480298826, "p1": 6.918076785135674, "p2": 37.01821009073705, "p3": 35.13907488283931, "p4": 35.84539845218916, "pol1": 0.3713518704743557, "pol2": 0.9332590693907779, "pol3": -0.14775562042133084, "pol4": -0.7122519229310678, "v0s": 3.3323685313304963}, "datetime": {"datetime": "2022-06-24 05:31:09", "elapsed": 4588.448413, "delta": 3.995378}}
{"target": 3.3294586737040235, "params": {"Bgrad": 1.5321978072549107, "d1": 0.3898736412854973, "d2": -1.0151704789948472, "d3": -0.917907821348479, "d4": -1.8180976345012776, "p1": 6.265471837927755, "p2": 15.017805146326484, "p3": 36.02630014281595, "p4": 31.21099338155102, "pol1": 0.1182877691513744, "pol2": -0.3935384403112976, "pol3": -0.8472426753634659, "pol4": 0.17101020397401623, "v0s": 3.3294586737040235}, "datetime": {"datetime": "2022-06-24 05:31:17", "elapsed": 4596.273195, "delta": 7.824782}}
{"target": -1.0, "params": {"Bgrad": 1.4817538837479227, "d1": -2.2310543283667803, "d2": -0.9544860573597278, "d3": -2.3090910959583253, "d4": -1.1309255153365196, "p1": 44.47997936974171, "p2": 19.82681359064365, "p3": 24.588500718612536, "p4": 11.220873137558973, "pol1": 0.4726107014708869, "pol2": 0.7614265351437204, "pol3": 0.9728696824414977, "pol4": 0.4446989878538614, "v0s": 4.118801065250933}, "datetime": {"datetime": "2022-06-24 05:31:31", "elapsed": 4610.538352, "delta": 14.265157}}
{"target": -1.0, "params": {"Bgrad": 1.4850240362539353, "d1": -1.6661892300537975, "d2": -2.9328818747653354, "d3": -1.793291658948497, "d4": -1.4215789541920212, "p1": 4.8277885211197304, "p2": 3.2562769589358496, "p3": 36.497439409036225, "p4": 20.710968442152932, "pol1": 0.7129456735049642, "pol2": -0.7095670334416915, "pol3": -0.7344586818839673, "pol4": 0.2805108929086524, "v0s": 2.8369569023504537}, "datetime": {"datetime": "2022-06-24 05:31:35", "elapsed": 4614.367692, "delta": 3.82934}}
{"target": 3.3249055378488674, "params": {"Bgrad": 1.7987741264596118, "d1": -2.282466977358443, "d2": 0.8574194832502777, "d3": -1.7768641772946032, "d4": -0.27812961737507536, "p1": 6.960000775961095, "p2": 5.375673324806357, "p3": 35.97175122086669, "p4": 31.574784524592797, "pol1": 0.9516986649238437, "pol2": 0.38699065742718486, "pol3": 0.09182640954913257, "pol4": 0.7400264236244085, "v0s": 3.3249055378488674}, "datetime": {"datetime": "2022-06-24 05:31:42", "elapsed": 4622.064735, "delta": 7.697043}}
{"target": -1.0, "params": {"Bgrad": 0.6875792962526144, "d1": -2.321796215885384, "d2": -1.9729631094937434, "d3": -0.7855706823394977, "d4": -1.2469119566578213, "p1": 10.995872744918294, "p2": 2.3013119791991112, "p3": 34.491949593319774, "p4": 21.796154815567853, "pol1": 0.41150945605513223, "pol2": 0.02386977659008771, "pol3": 0.4122805292561249, "pol4": -0.8437285519850399, "v0s": 4.053580035285064}, "datetime": {"datetime": "2022-06-24 05:31:51", "elapsed": 4630.265456, "delta": 8.200721}}
{"target": 4.475310437456386, "params": {"Bgrad": 1.0496019081078396, "d1": -0.24798884386919218, "d2": 0.4159161841149128, "d3": -0.6610536024852176, "d4": -1.5837967996547544, "p1": 5.691375413746918, "p2": 12.601011275276935, "p3": 34.36188795353024, "p4": 31.264719491910103, "pol1": -0.7020545176130242, "pol2": -0.5087241759095602, "pol3": 0.9848470963874005, "pol4": -0.5225526694382034, "v0s": 4.475310437456386}, "datetime": {"datetime": "2022-06-24 05:31:56", "elapsed": 4635.792268, "delta": 5.526812}}
{"target": -1.0, "params": {"Bgrad": 0.7874011667334879, "d1": -0.605640859745054, "d2": -1.2247936253808875, "d3": -2.154570467888508, "d4": -0.3307439646599226, "p1": 5.975667700290899, "p2": 6.509577370773218, "p3": 37.279998743200295, "p4": 29.818042796616883, "pol1": 0.012460753169703409, "pol2": 0.4240310965336267, "pol3": 0.5524370688502203, "pol4": 0.1830431492852529, "v0s": 4.890831075106955}, "datetime": {"datetime": "2022-06-24 05:32:03", "elapsed": 4642.943821, "delta": 7.151553}}
