{"target": 4.406897017432369, "params": {"Bgrad": 1.6276647755247349, "d1": -1.5312259071191847, "d2": 0.12916540666464993, "d3": -1.5678840300361316, "d4": -0.8087345612207542, "p1": 1.1987031661456649, "p2": 37.62835111442398, "p3": 35.21273600413518, "p4": 37.50451422004788, "pol1": -0.613611957874157, "pol2": 0.1197199929267121, "pol3": 0.15226767011417897, "pol4": -0.2914893354910437, "v0s": 4.406897017432369}, "datetime": {"datetime": "2022-05-16 22:06:53", "elapsed": 8629.151874, "delta": 8.266889}}
{"target": -1.0, "params": {"Bgrad": 0.9367138100549539, "d1": -2.0807715418985064, "d2": 0.41999536779246904, "d3": -0.08121384202506876, "d4": -1.7586079473069596, "p1": 42.589986388381774, "p2": 23.66149119151376, "p3": 24.735217946527516, "p4": 12.99847779541128, "pol1": -0.23989901122995727, "pol2": 0.35815506754000137, "pol3": 0.22761698588045864, "pol4": -0.282854178987453, "v0s": 3.8068473703079144}, "datetime": {"datetime": "2022-05-16 22:07:07", "elapsed": 8642.844252, "delta": 13.692378}}
{"target": 5.202841182273347, "params": {"Bgrad": 1.275756138369699, "d1": -1.9993493919121463, "d2": 1.0, "d3": -1.6386851462236767, "d4": -0.988354194435486, "p1": 1.3548755258314666, "p2": 31.340173255681233, "p3": 16.94909032018817, "p4": 11.514712088155626, "pol1": 0.22643623848279404, "pol2": -0.5216265235909042, "pol3": -0.34442111110728013, "pol4": 1.0, "v0s": 5.202841182273347}, "datetime": {"datetime": "2022-05-16 22:07:15", "elapsed": 8650.613472, "delta": 7.76922}}
{"target": -1.0, "params": {"Bgrad": 1.3848277307894277, "d1": -1.5665052424719192, "d2": -0.824245697309776, "d3": -0.9414222578958427, "d4": -1.8288016813046486, "p1": 40.531316660956556, "p2": 17.36094467334219, "p3": 15.405921402056737, "p4": 15.580543889396258, "pol1": 0.0552855740119913, "pol2": -0.465578916036937, "pol3": 0.9963481289496312, "pol4": -0.6059901634936968, "v0s": 5.336549034709961}, "datetime": {"datetime": "2022-05-16 22:07:27", "elapsed": 8663.004331, "delta": 12.390859}}
{"target": 4.760520187549184, "params": {"Bgrad": 0.9555290307370707, "d1": -0.7337302627509341, "d2": -0.12214308567164793, "d3": -1.9265949751560985, "d4": -3.0, "p1": 6.0054874528629885, "p2": 24.820524914575245, "p3": 1.3589219351697934, "p4": 31.921912529699743, "pol1": -0.3107606289589871, "pol2": -0.4440107233946872, "pol3": -1.0, "pol4": -0.6006462172017417, "v0s": 4.760520187549184}, "datetime": {"datetime": "2022-05-16 22:07:37", "elapsed": 8672.653523, "delta": 9.649192}}
{"target": 5.980207398928434, "params": {"Bgrad": 2.0, "d1": -2.812665023193419, "d2": 0.5026200801234135, "d3": -0.26044373560355955, "d4": -0.7492273473768145, "p1": 10.41256183365546, "p2": 26.898544826239036, "p3": 41.816227757725144, "p4": 27.583671039369577, "pol1": -0.3085591543412658, "pol2": 0.5986599483294769, "pol3": 0.4428371773810167, "pol4": -0.347104395922736, "v0s": 5.980207398928434}, "datetime": {"datetime": "2022-05-16 22:07:47", "elapsed": 8682.560028, "delta": 9.906505}}
{"target": 3.103824480889653, "params": {"Bgrad": 1.791246064706158, "d1": -2.9588364811661605, "d2": 0.5359956711833433, "d3": -1.5447749802743895, "d4": -1.22161758152727, "p1": 30.41400140095993, "p2": 6.355705503541182, "p3": 7.387330101136181, "p4": 23.527140929484624, "pol1": 0.39757159268074016, "pol2": -0.28695017311037696, "pol3": -0.23041242573899212, "pol4": 0.8395910006823066, "v0s": 3.103824480889653}, "datetime": {"datetime": "2022-05-16 22:07:51", "elapsed": 8686.553346, "delta": 3.993318}}
{"target": 2.756074757249431, "params": {"Bgrad": 1.0454619830683916, "d1": -1.4023138159776471, "d2": -0.38658953784443906, "d3": 0.561902055706343, "d4": -0.07602966292496838, "p1": 37.9195704802166, "p2": 9.105745160464746, "p3": 8.564986509666795, "p4": 29.132142042822057, "pol1": 0.722921446907121, "pol2": 0.5400087142566601, "pol3": 0.9186952127398178, "pol4": 0.47013792818988875, "v0s": 2.756074757249431}, "datetime": {"datetime": "2022-05-16 22:07:59", "elapsed": 8694.789318, "delta": 8.235972}}
{"target": 3.232631874979263, "params": {"Bgrad": 0.9568314109846346, "d1": -2.9517929062369586, "d2": -0.9752921201752991, "d3": -1.7206884560430078, "d4": -1.6388186220325718, "p1": 32.446597498131666, "p2": 9.046336174555353, "p3": 7.613400470051412, "p4": 23.99058204755728, "pol1": 0.0411399932983334, "pol2": -0.13361690106169632, "pol3": -0.49381431753199956, "pol4": -0.3031206217620448, "v0s": 3.232631874979263}, "datetime": {"datetime": "2022-05-16 22:08:07", "elapsed": 8702.421904, "delta": 7.632586}}
{"target": 3.2380553191387293, "params": {"Bgrad": 0.6480747525608421, "d1": -2.547683821765367, "d2": -2.007162366160801, "d3": -2.162418230987997, "d4": 0.10855843285352762, "p1": 4.945524979277593, "p2": 2.5065489940254704, "p3": 39.56469698779879, "p4": 21.732212767791765, "pol1": 0.40410988625016575, "pol2": -0.04664791297453008, "pol3": 0.6682918773304551, "pol4": -0.8941561310387502, "v0s": 3.2380553191387293}, "datetime": {"datetime": "2022-05-16 22:08:13", "elapsed": 8708.528571, "delta": 6.106667}}
{"target": 2.0129440038919286, "params": {"Bgrad": 0.9805432753008733, "d1": -0.3245868985625918, "d2": -2.3019148594533543, "d3": -2.545040109105063, "d4": -1.8761612213458054, "p1": 36.51428705350842, "p2": 33.86864208791368, "p3": 18.978501454273683, "p4": 21.894293182363164, "pol1": 0.7288212147741792, "pol2": 1.0, "pol3": -0.43039475998931254, "pol4": -0.000653460521567736, "v0s": 2.0129440038919286}, "datetime": {"datetime": "2022-05-16 22:08:21", "elapsed": 8716.574053, "delta": 8.045482}}
{"target": 4.856237864558317, "params": {"Bgrad": 1.3745863795857614, "d1": -2.360833513710029, "d2": 0.5584766168975666, "d3": -0.9661081002038348, "d4": -1.4074164467556267, "p1": 31.358791275094255, "p2": 8.453068151685239, "p3": 38.16225457005816, "p4": 30.430890979612734, "pol1": 0.7384450789290846, "pol2": 0.017423001705509256, "pol3": -0.4586422661988905, "pol4": -0.46470136429183095, "v0s": 4.856237864558317}, "datetime": {"datetime": "2022-05-16 22:08:28", "elapsed": 8723.751854, "delta": 7.177801}}
{"target": -1.0, "params": {"Bgrad": 0.5580478589538329, "d1": -1.1694847179913963, "d2": -0.0648660399812413, "d3": -0.5878935583172913, "d4": -1.9773242661529218, "p1": 44.18442782487696, "p2": 21.640101238849724, "p3": 17.68162320460112, "p4": 10.653457622837175, "pol1": 0.8360371545114507, "pol2": 0.5101516110330688, "pol3": 0.539968035683476, "pol4": 0.09994471140001249, "v0s": 4.435461157539724}, "datetime": {"datetime": "2022-05-16 22:08:35", "elapsed": 8730.579593, "delta": 6.827739}}
{"target": -1.0, "params": {"Bgrad": 1.663250272602751, "d1": -1.1679736966608392, "d2": -1.9369189523525736, "d3": -2.5973618695949043, "d4": -1.4819021399865573, "p1": 5.421237262392653, "p2": 35.96099664173902, "p3": 35.45925793094595, "p4": 37.05574227698834, "pol1": -0.42341884903155114, "pol2": 0.7492985793159861, "pol3": 0.9932975143385063, "pol4": 0.324418359040646, "v0s": 2.9250100798862535}, "datetime": {"datetime": "2022-05-16 22:08:40", "elapsed": 8735.470511, "delta": 4.890918}}
{"target": 4.55319772015673, "params": {"Bgrad": 1.0868240918852423, "d1": -1.9612922794756602, "d2": 1.0, "d3": -2.2501393444873514, "d4": -2.1760354409242426, "p1": 7.707008799911057, "p2": 34.0983654807825, "p3": 39.08102069924125, "p4": 32.746045411548096, "pol1": -0.5084572880765342, "pol2": -0.21563813999616666, "pol3": -0.15624956052684041, "pol4": -0.3168414041965716, "v0s": 4.55319772015673}, "datetime": {"datetime": "2022-05-16 22:08:50", "elapsed": 8745.911585, "delta": 10.441074}}
{"target": 4.091187076450257, "params": {"Bgrad": 1.9066710622276895, "d1": -2.5632057634975123, "d2": -1.498864096688878, "d3": -2.213597732263044, "d4": -2.253863499873291, "p1": 8.832212479239216, "p2": 38.131010206952055, "p3": 38.72874567970296, "p4": 36.50079686967229, "pol1": 0.5720310051709634, "pol2": -0.4026794766409012, "pol3": -0.5808931175523817, "pol4": -0.66026868019829, "v0s": 4.091187076450257}, "datetime": {"datetime": "2022-05-16 22:08:58", "elapsed": 8753.650886, "delta": 7.739301}}
{"target": -1.0, "params": {"Bgrad": 0.7638368064041745, "d1": -2.9329449087322357, "d2": 0.39742471114331, "d3": -0.004009659154864842, "d4": -0.9386988337950664, "p1": 26.39847141830829, "p2": 9.721952613612721, "p3": 37.71095337650162, "p4": 29.556106252070748, "pol1": -0.23381189782928957, "pol2": -0.11925112332063925, "pol3": -0.8910038779569258, "pol4": -0.7313064100807558, "v0s": 4.384844822203332}, "datetime": {"datetime": "2022-05-16 22:09:07", "elapsed": 8762.433396, "delta": 8.78251}}
{"target": 3.8825283650975733, "params": {"Bgrad": 0.8727363470716064, "d1": -2.8068249736164312, "d2": -1.2759079372830158, "d3": -0.1296265786666555, "d4": -1.9934543486597738, "p1": 2.0364923082508035, "p2": 38.34198657716295, "p3": 33.769657797554196, "p4": 39.65145628416701, "pol1": -0.5905653658838708, "pol2": -0.0361463891430871, "pol3": 0.30648080699004665, "pol4": 0.6069008356108183, "v0s": 3.8825283650975733}, "datetime": {"datetime": "2022-05-16 22:09:14", "elapsed": 8769.615187, "delta": 7.181791}}
{"target": 4.603391395242734, "params": {"Bgrad": 1.712268140905587, "d1": -2.7267310871763155, "d2": 0.5167488162249656, "d3": -1.6558072782966742, "d4": -2.095055097532758, "p1": 29.858215730794033, "p2": 9.973989787353297, "p3": 37.18108379751424, "p4": 29.62490854605771, "pol1": 1.0, "pol2": -0.26675523709206894, "pol3": -0.8871573726027611, "pol4": 0.5588239816624918, "v0s": 4.603391395242734}, "datetime": {"datetime": "2022-05-16 22:09:21", "elapsed": 8776.505759, "delta": 6.890572}}
{"target": 6.010156180078098, "params": {"Bgrad": 1.7119663633468805, "d1": -2.772542725002879, "d2": -0.32516940039527026, "d3": 0.06420151213429631, "d4": -0.7568707816433875, "p1": 11.120056831188613, "p2": 25.45467537494113, "p3": 41.5057376346322, "p4": 27.306186712277455, "pol1": 0.5764695769297099, "pol2": -0.11984507796874436, "pol3": 0.5921652286703829, "pol4": -0.232549838117084, "v0s": 6.010156180078098}, "datetime": {"datetime": "2022-05-16 22:09:30", "elapsed": 8785.989392, "delta": 9.483633}}
{"target": 3.8145694871965032, "params": {"Bgrad": 1.686321079771997, "d1": -0.5964051358821192, "d2": 0.4468101644819753, "d3": -2.2542559920303127, "d4": -1.4336341436732813, "p1": 40.25637178091426, "p2": 18.97077356315398, "p3": 13.540671085343304, "p4": 14.263204208455587, "pol1": 0.4817447862784938, "pol2": -0.49026809461577514, "pol3": -0.8533272230255169, "pol4": 0.382525688936596, "v0s": 3.8145694871965032}, "datetime": {"datetime": "2022-05-16 22:09:36", "elapsed": 8791.804838, "delta": 5.815446}}
{"target": -1.0, "params": {"Bgrad": 1.335553906528995, "d1": -2.3921168149926104, "d2": 0.19375776866197247, "d3": 0.4414331827308242, "d4": -0.03137344595989777, "p1": 13.041097603311492, "p2": 25.383041457681937, "p3": 42.41296204870416, "p4": 27.856632165349442, "pol1": -0.6582233213339526, "pol2": 0.1677388559126769, "pol3": -0.8141622260765351, "pol4": 0.633340775984675, "v0s": 4.900530617302181}, "datetime": {"datetime": "2022-05-16 22:09:49", "elapsed": 8804.423089, "delta": 12.618251}}
{"target": 4.53994466485206, "params": {"Bgrad": 1.5590567316260195, "d1": -2.0265101088154935, "d2": -0.35285880761894584, "d3": -1.658302590535211, "d4": 0.040272118284164105, "p1": 44.04651626071449, "p2": 23.805426883388463, "p3": 25.834048637159047, "p4": 13.380774224080694, "pol1": -0.306794105022812, "pol2": -0.36207856731510857, "pol3": -0.5946853249687227, "pol4": -0.619829582242736, "v0s": 4.53994466485206}, "datetime": {"datetime": "2022-05-16 22:10:00", "elapsed": 8815.879447, "delta": 11.456358}}
{"target": 4.859175082707813, "params": {"Bgrad": 1.5091467818540976, "d1": -1.9928882701146242, "d2": 1.0, "d3": -0.8885182212071584, "d4": -2.786814524566992, "p1": 40.41517003033216, "p2": 19.83900365207565, "p3": 18.403797897382535, "p4": 17.691063427698978, "pol1": 0.11594775261732967, "pol2": -1.0, "pol3": 1.0, "pol4": -0.419122855462859, "v0s": 4.859175082707813}, "datetime": {"datetime": "2022-05-16 22:10:09", "elapsed": 8824.366747, "delta": 8.4873}}
{"target": 4.958514265546829, "params": {"Bgrad": 1.3994759387475233, "d1": -2.043033794134874, "d2": 0.3687554224064997, "d3": -1.6793111916462862, "d4": -1.55610058250118, "p1": 9.887829963434697, "p2": 25.700389696940334, "p3": 41.94817920805208, "p4": 24.9221627906455, "pol1": -0.4956410922376149, "pol2": 0.015604190402546347, "pol3": 0.005180789956870546, "pol4": 0.7543079104462955, "v0s": 4.958514265546829}, "datetime": {"datetime": "2022-05-16 22:10:18", "elapsed": 8833.665875, "delta": 9.299128}}
{"target": -1.0, "params": {"Bgrad": 1.2440091649016005, "d1": -2.3070471551352463, "d2": -0.5533681413406257, "d3": -0.6860743833254266, "d4": -2.132771391448237, "p1": 26.550510580611103, "p2": 27.452568348550265, "p3": 3.7795909215684933, "p4": 44.480070051834126, "pol1": 0.3137224768086482, "pol2": 0.5329666283177048, "pol3": -0.23335038611448566, "pol4": -0.19427212279877248, "v0s": 4.894270212651481}, "datetime": {"datetime": "2022-05-16 22:10:32", "elapsed": 8847.610579, "delta": 13.944704}}
{"target": -1.0, "params": {"Bgrad": 1.68024670331607, "d1": -0.6471374949141109, "d2": -1.6399894383495441, "d3": -1.5076930784341145, "d4": -1.984514445809371, "p1": 6.9371346816685, "p2": 37.49387751384967, "p3": 42.306717050009226, "p4": 33.49715305416831, "pol1": 0.28799794591522065, "pol2": 0.21002467828397475, "pol3": 0.09347475170146735, "pol4": 0.2425859563013273, "v0s": 3.7455114056698573}, "datetime": {"datetime": "2022-05-16 22:10:45", "elapsed": 8861.042653, "delta": 13.432074}}
{"target": -1.0, "params": {"Bgrad": 0.6907379318153634, "d1": -1.5150417304583201, "d2": -1.588888137366216, "d3": -1.380929671435629, "d4": -0.6828397368534942, "p1": 20.980590173532427, "p2": 19.918315177884732, "p3": 27.338176018280596, "p4": 46.72465457862919, "pol1": 0.5864786560022979, "pol2": 0.995293839667402, "pol3": 0.8694612298543625, "pol4": -0.8148734892814882, "v0s": 5.669818587571467}, "datetime": {"datetime": "2022-05-16 22:10:54", "elapsed": 8870.164256, "delta": 9.121603}}
{"target": 4.994333723028716, "params": {"Bgrad": 1.0754002602541126, "d1": -3.0, "d2": 0.11280487159334639, "d3": -1.796408975343413, "d4": -0.9911567638074509, "p1": 31.421294746901967, "p2": 6.468179631672075, "p3": 7.681054602698732, "p4": 24.68755910739756, "pol1": 0.28152636647019397, "pol2": -0.7803073845211155, "pol3": -0.08957427366616702, "pol4": -0.41621597700764257, "v0s": 4.994333723028716}, "datetime": {"datetime": "2022-05-16 22:11:03", "elapsed": 8879.089385, "delta": 8.925129}}
{"target": 4.813276738956294, "params": {"Bgrad": 1.0311543771735412, "d1": -2.007743631725852, "d2": 0.926544564899833, "d3": -1.9802128114289426, "d4": -1.4346265970874637, "p1": 2.9835856161710916, "p2": 34.39687129421938, "p3": 36.95471796588752, "p4": 37.46052844334089, "pol1": 0.3718095358782776, "pol2": -0.6144824443007249, "pol3": 0.09861958161434603, "pol4": -0.42245828065335833, "v0s": 4.813276738956294}, "datetime": {"datetime": "2022-05-16 22:11:10", "elapsed": 8885.818387, "delta": 6.729002}}
{"target": 4.411089578198972, "params": {"Bgrad": 1.6911092931921257, "d1": -2.8040188177666088, "d2": 0.3729101476590837, "d3": -2.0392409781928875, "d4": -2.5091238285957047, "p1": 31.56229637774068, "p2": 12.316820129911571, "p3": 34.041364081491935, "p4": 25.63940090775215, "pol1": -0.09859714894799954, "pol2": -0.7265211810594883, "pol3": -0.11471884720199488, "pol4": 0.4423044982138389, "v0s": 4.411089578198972}, "datetime": {"datetime": "2022-05-16 22:11:18", "elapsed": 8893.37717, "delta": 7.558783}}
{"target": 4.890146455581057, "params": {"Bgrad": 1.9072886185844993, "d1": -2.5308719863916815, "d2": 0.574904309430339, "d3": -1.4532735347368526, "d4": -2.6788889443269026, "p1": 29.38753660064894, "p2": 11.260216321356847, "p3": 37.39634698925814, "p4": 28.29991427186012, "pol1": 0.833520261998981, "pol2": -0.4837330762979264, "pol3": -0.6893421474448492, "pol4": 0.23398640059932513, "v0s": 4.890146455581057}, "datetime": {"datetime": "2022-05-16 22:11:27", "elapsed": 8902.599504, "delta": 9.222334}}
{"target": 4.002907055157936, "params": {"Bgrad": 0.8863116464710519, "d1": -2.7989918622949594, "d2": -0.3266493821994137, "d3": -1.5692917553486307, "d4": -2.070687830961932, "p1": 2.550854156361035, "p2": 37.60758758007503, "p3": 34.23222601935201, "p4": 38.9333065224836, "pol1": 0.3020939472310065, "pol2": -0.042643299263805216, "pol3": -0.2560742001695003, "pol4": 0.11276458541357418, "v0s": 4.002907055157936}, "datetime": {"datetime": "2022-05-16 22:11:34", "elapsed": 8910.113407, "delta": 7.513903}}
{"target": 4.553203318196876, "params": {"Bgrad": 2.0, "d1": -1.8696093860694638, "d2": 0.8466159371428665, "d3": -1.7882351537661747, "d4": -2.2093855394728297, "p1": 28.65198400687452, "p2": 10.561688985518513, "p3": 37.582405629157954, "p4": 29.005164663815133, "pol1": 1.0, "pol2": -0.41157337173509706, "pol3": -0.7802914967159843, "pol4": 1.0, "v0s": 4.553203318196876}, "datetime": {"datetime": "2022-05-16 22:11:42", "elapsed": 8918.196787, "delta": 8.08338}}
{"target": 3.417585676877024, "params": {"Bgrad": 0.6432564417935611, "d1": -1.675223205483869, "d2": 0.6583820754629133, "d3": -1.3377954573783324, "d4": -1.0835210222600429, "p1": 31.64945079806087, "p2": 7.607218687100553, "p3": 8.564221548996464, "p4": 25.314116472200805, "pol1": 0.7283783092813678, "pol2": 0.13382584785201845, "pol3": 0.9012506907099931, "pol4": 0.34128120140729457, "v0s": 3.417585676877024}, "datetime": {"datetime": "2022-05-16 22:11:51", "elapsed": 8927.109948, "delta": 8.913161}}
{"target": 4.786471690550487, "params": {"Bgrad": 2.0, "d1": -1.478414179541637, "d2": 1.0, "d3": -1.8449191534289542, "d4": -3.0, "p1": 29.645258676728037, "p2": 10.524168763066012, "p3": 36.83088752022854, "p4": 28.973388057193137, "pol1": 0.9838160376244595, "pol2": -0.6997800902314466, "pol3": -0.7092606485248009, "pol4": 0.11079501837005122, "v0s": 4.786471690550487}, "datetime": {"datetime": "2022-05-16 22:11:59", "elapsed": 8935.066666, "delta": 7.956718}}
{"target": 2.1955790459016784, "params": {"Bgrad": 0.5921563721498428, "d1": -1.0239035072594982, "d2": -0.7348000242995343, "d3": 0.5128091271963711, "d4": -2.377824538040983, "p1": 43.11413471790115, "p2": 24.915338900076588, "p3": 17.114374780285623, "p4": 13.9826823052286, "pol1": -0.32927097296834207, "pol2": -0.5512023775490629, "pol3": 0.5507532763558189, "pol4": 0.5667217254667654, "v0s": 2.1955790459016784}, "datetime": {"datetime": "2022-05-16 22:12:06", "elapsed": 8941.270075, "delta": 6.203409}}
{"target": 4.212418289963463, "params": {"Bgrad": 0.8365148881691112, "d1": -2.6521266414204128, "d2": -0.3361404188654958, "d3": -0.4736215681003141, "d4": -2.2709004252282905, "p1": 2.692285859944686, "p2": 38.50225451054587, "p3": 33.64963071461416, "p4": 40.07956318664924, "pol1": 0.4855582499040036, "pol2": -0.662139258129427, "pol3": 0.05657563796145537, "pol4": -0.18644522897268564, "v0s": 4.212418289963463}, "datetime": {"datetime": "2022-05-16 22:12:11", "elapsed": 8946.638715, "delta": 5.36864}}
{"target": 4.759812380603015, "params": {"Bgrad": 1.758189143820848, "d1": -2.0068941339893707, "d2": 1.0, "d3": -0.3341397158758916, "d4": -2.4821201104919863, "p1": 44.163167635138244, "p2": 20.463311121365617, "p3": 25.273128525790185, "p4": 12.204163998981828, "pol1": -0.3387184383199459, "pol2": -0.18665317055439606, "pol3": 0.3325657361234548, "pol4": -0.5146225484278099, "v0s": 4.759812380603015}, "datetime": {"datetime": "2022-05-16 22:12:18", "elapsed": 8954.206477, "delta": 7.567762}}
{"target": -1.0, "params": {"Bgrad": 1.226650817523816, "d1": -0.8725419596163374, "d2": -0.08510449954714695, "d3": -2.961126846411802, "d4": -1.302691151748135, "p1": 32.2454618136441, "p2": 11.309238341082118, "p3": 36.65392435525627, "p4": 25.25945280790412, "pol1": -0.07670059382711993, "pol2": -0.16218691546804728, "pol3": 0.18956910998687254, "pol4": 0.1820104776158978, "v0s": 3.0895757803044277}, "datetime": {"datetime": "2022-05-16 22:12:28", "elapsed": 8963.935453, "delta": 9.728976}}
{"target": 3.846014425734005, "params": {"Bgrad": 1.4599307663531618, "d1": -2.115123503289932, "d2": -0.31128931293030515, "d3": -0.9032534266462959, "d4": -0.04814711709154329, "p1": 10.41558303850833, "p2": 22.720529490268653, "p3": 44.22927474639955, "p4": 26.705282023912673, "pol1": 0.03027135663706515, "pol2": 0.6895869951821669, "pol3": 0.2639815477272065, "pol4": 0.9974548490173387, "v0s": 3.846014425734005}, "datetime": {"datetime": "2022-05-16 22:12:40", "elapsed": 8975.611225, "delta": 11.675772}}
{"target": 4.93095827060799, "params": {"Bgrad": 0.5146539517897966, "d1": -2.1804907808943694, "d2": -0.5736452117492115, "d3": -1.5297121366831017, "d4": 0.29593288153417197, "p1": 36.689629373866126, "p2": 9.6597237910236, "p3": 9.771747479427562, "p4": 31.049409386508064, "pol1": 0.5225455290168066, "pol2": 0.2498032075616452, "pol3": -0.8467635138921983, "pol4": 0.5598196710129557, "v0s": 4.93095827060799}, "datetime": {"datetime": "2022-05-16 22:12:49", "elapsed": 8984.307964, "delta": 8.696739}}
{"target": 3.460806814705308, "params": {"Bgrad": 0.5, "d1": -1.5098413434943467, "d2": 1.0, "d3": -1.009859040242156, "d4": -2.190512928776957, "p1": 10.983361003207968, "p2": 16.436818085142193, "p3": 6.7606900146285005, "p4": 29.545305164616796, "pol1": -0.5488311785766888, "pol2": 0.028003646853568934, "pol3": 0.4346262212111563, "pol4": 0.44241185775280767, "v0s": 3.460806814705308}, "datetime": {"datetime": "2022-05-16 22:12:55", "elapsed": 8991.133708, "delta": 6.825744}}
