{"target": -1.0, "params": {"Bgrad": 1.4224048121569075, "d1": -0.9135618194895518, "d2": -1.4232384132367035, "d3": -0.7634868406439579, "d4": -2.979210590176924, "p1": 9.433588577586216, "p2": 39.80949354234784, "p3": 28.202895145839936, "p4": 21.228693986170633, "pol1": -0.4677779986561079, "pol2": 0.4668650117880342, "pol3": 0.011536438560368012, "pol4": -0.05071693268472921, "v0s": 4.997764439792176}, "datetime": {"datetime": "2022-06-21 17:07:49", "elapsed": 1577.184014, "delta": 10.421134}}
{"target": -1.0, "params": {"Bgrad": 1.4224048121569075, "d1": -0.9135618194895518, "d2": -1.4232384132367035, "d3": -0.7634868406439579, "d4": -2.979210590176924, "p1": 9.433588577586216, "p2": 39.80949354234784, "p3": 28.202895145839936, "p4": 21.228693986170633, "pol1": -0.4677779986561079, "pol2": 0.4668650117880342, "pol3": 0.011536438560368012, "pol4": -0.05071693268472921, "v0s": 4.997764439792176}, "datetime": {"datetime": "2022-06-21 17:07:49", "elapsed": 1577.184014, "delta": 10.421134}}
{"target": -1.0, "params": {"Bgrad": 1.758848950879972, "d1": -1.4302253704487549, "d2": -0.04533103978003572, "d3": 0.07554160250529796, "d4": -0.4187168772168679, "p1": 42.65268104547866, "p2": 26.472150011753843, "p3": 37.792440052360234, "p4": 15.609543877907095, "pol1": 0.09204150824350599, "pol2": -0.37037740230508676, "pol3": 0.4373724789739648, "pol4": 0.351109020301823, "v0s": 5.341639987106553}, "datetime": {"datetime": "2022-06-21 17:07:59", "elapsed": 1587.44358, "delta": 10.259566}}
{"target": -1.0, "params": {"Bgrad": 1.758848950879972, "d1": -1.4302253704487549, "d2": -0.04533103978003572, "d3": 0.07554160250529796, "d4": -0.4187168772168679, "p1": 42.65268104547866, "p2": 26.472150011753843, "p3": 37.792440052360234, "p4": 15.609543877907095, "pol1": 0.09204150824350599, "pol2": -0.37037740230508676, "pol3": 0.4373724789739648, "pol4": 0.351109020301823, "v0s": 5.341639987106553}, "datetime": {"datetime": "2022-06-21 17:07:59", "elapsed": 1587.444578, "delta": 10.260564}}
{"target": -1.0, "params": {"Bgrad": 1.6727826895721, "d1": -0.6480878845801383, "d2": -1.8658239085931956, "d3": 0.30188248495873005, "d4": -2.7426880330594208, "p1": 11.869786539666949, "p2": 32.48737903727778, "p3": 40.96950300165274, "p4": 19.12502979421844, "pol1": 0.623940593269178, "pol2": 0.3975571756153602, "pol3": -0.013192099711233363, "pol4": -0.4434023270625027, "v0s": 3.135908995519322}, "datetime": {"datetime": "2022-06-21 17:08:12", "elapsed": 1600.316159, "delta": 12.872579}}
{"target": -1.0, "params": {"Bgrad": 1.6727826895721, "d1": -0.6480878845801383, "d2": -1.8658239085931956, "d3": 0.30188248495873005, "d4": -2.7426880330594208, "p1": 11.869786539666949, "p2": 32.48737903727778, "p3": 40.96950300165274, "p4": 19.12502979421844, "pol1": 0.623940593269178, "pol2": 0.3975571756153602, "pol3": -0.013192099711233363, "pol4": -0.4434023270625027, "v0s": 3.135908995519322}, "datetime": {"datetime": "2022-06-21 17:08:12", "elapsed": 1600.316159, "delta": 12.871581}}
{"target": 2.3960951534245805, "params": {"Bgrad": 1.5201690940326738, "d1": -1.4416779358515361, "d2": -1.4450104784253952, "d3": -1.4587679703122536, "d4": 0.4099636861490419, "p1": 28.373103895379437, "p2": 46.76582929894059, "p3": 39.737328759089436, "p4": 9.700354386610144, "pol1": 0.035717772630131206, "pol2": 0.014729953028659981, "pol3": -0.08236171238754553, "pol4": 0.33936719940221116, "v0s": 2.3960951534245805}, "datetime": {"datetime": "2022-06-21 17:08:18", "elapsed": 1606.800819, "delta": 6.48466}}
{"target": 2.3960951534245805, "params": {"Bgrad": 1.5201690940326738, "d1": -1.4416779358515361, "d2": -1.4450104784253952, "d3": -1.4587679703122536, "d4": 0.4099636861490419, "p1": 28.373103895379437, "p2": 46.76582929894059, "p3": 39.737328759089436, "p4": 9.700354386610144, "pol1": 0.035717772630131206, "pol2": 0.014729953028659981, "pol3": -0.08236171238754553, "pol4": 0.33936719940221116, "v0s": 2.3960951534245805}, "datetime": {"datetime": "2022-06-21 17:08:18", "elapsed": 1606.801817, "delta": 6.485658}}
{"target": -1.0, "params": {"Bgrad": 0.8112955254558667, "d1": -0.5824526874344929, "d2": 0.010076895431973654, "d3": -1.761238674185436, "d4": -2.2386370220652596, "p1": 45.475139055293866, "p2": 37.28040929169385, "p3": 6.892855902345286, "p4": 44.88068924816689, "pol1": -0.23328277969448652, "pol2": 0.9997363439957965, "pol3": 0.4778338086522207, "pol4": -0.7442259684607255, "v0s": 2.38557574861289}, "datetime": {"datetime": "2022-06-21 17:08:24", "elapsed": 1613.00822, "delta": 6.207401}}
{"target": -1.0, "params": {"Bgrad": 0.8112955254558667, "d1": -0.5824526874344929, "d2": 0.010076895431973654, "d3": -1.761238674185436, "d4": -2.2386370220652596, "p1": 45.475139055293866, "p2": 37.28040929169385, "p3": 6.892855902345286, "p4": 44.88068924816689, "pol1": -0.23328277969448652, "pol2": 0.9997363439957965, "pol3": 0.4778338086522207, "pol4": -0.7442259684607255, "v0s": 2.38557574861289}, "datetime": {"datetime": "2022-06-21 17:08:24", "elapsed": 1613.00822, "delta": 6.206403}}
{"target": -1.0, "params": {"Bgrad": 1.1806825020551535, "d1": -0.8966449567131418, "d2": 0.16025670403854742, "d3": 0.8736777014698647, "d4": 0.2744752319606114, "p1": 35.85537224349862, "p2": 22.490798286920793, "p3": 20.10898081377796, "p4": 35.04417256549277, "pol1": -0.5971372745706638, "pol2": 0.06676621767470436, "pol3": 0.011100256061233438, "pol4": -0.3111124930333926, "v0s": 4.4758561949066165}, "datetime": {"datetime": "2022-06-21 17:08:35", "elapsed": 1623.134143, "delta": 10.125923}}
{"target": -1.0, "params": {"Bgrad": 1.1806825020551535, "d1": -0.8966449567131418, "d2": 0.16025670403854742, "d3": 0.8736777014698647, "d4": 0.2744752319606114, "p1": 35.85537224349862, "p2": 22.490798286920793, "p3": 20.10898081377796, "p4": 35.04417256549277, "pol1": -0.5971372745706638, "pol2": 0.06676621767470436, "pol3": 0.011100256061233438, "pol4": -0.3111124930333926, "v0s": 4.4758561949066165}, "datetime": {"datetime": "2022-06-21 17:08:35", "elapsed": 1623.134143, "delta": 10.125923}}
{"target": -1.0, "params": {"Bgrad": 1.2475842447683594, "d1": -1.3494364745602838, "d2": -1.2819517771560234, "d3": -2.0554292640301024, "d4": -1.828065240242049, "p1": 14.783396499774708, "p2": 46.991645111132236, "p3": 19.643549206019408, "p4": 24.61598617519316, "pol1": 0.03388627398260491, "pol2": 0.7443202393531703, "pol3": 0.03837273608351399, "pol4": 0.8016727789194744, "v0s": 3.517284227641193}, "datetime": {"datetime": "2022-06-21 17:08:46", "elapsed": 1634.711186, "delta": 11.577043}}
{"target": -1.0, "params": {"Bgrad": 1.2475842447683594, "d1": -1.3494364745602838, "d2": -1.2819517771560234, "d3": -2.0554292640301024, "d4": -1.828065240242049, "p1": 14.783396499774708, "p2": 46.991645111132236, "p3": 19.643549206019408, "p4": 24.61598617519316, "pol1": 0.03388627398260491, "pol2": 0.7443202393531703, "pol3": 0.03837273608351399, "pol4": 0.8016727789194744, "v0s": 3.517284227641193}, "datetime": {"datetime": "2022-06-21 17:08:46", "elapsed": 1634.711186, "delta": 11.577043}}
{"target": -1.0, "params": {"Bgrad": 1.6571922022634216, "d1": 0.6259267440390728, "d2": -2.8145633342750935, "d3": -0.38681711301166777, "d4": -2.1485933115299796, "p1": 23.92362161768177, "p2": 43.34179470906163, "p3": 19.45861790264667, "p4": 8.837339112954101, "pol1": 0.3323101994580211, "pol2": -0.902074312973911, "pol3": 0.581406745577139, "pol4": 0.9841052781603188, "v0s": 4.176088883965673}, "datetime": {"datetime": "2022-06-21 17:08:56", "elapsed": 1644.55686, "delta": 9.845674}}
{"target": -1.0, "params": {"Bgrad": 1.6571922022634216, "d1": 0.6259267440390728, "d2": -2.8145633342750935, "d3": -0.38681711301166777, "d4": -2.1485933115299796, "p1": 23.92362161768177, "p2": 43.34179470906163, "p3": 19.45861790264667, "p4": 8.837339112954101, "pol1": 0.3323101994580211, "pol2": -0.902074312973911, "pol3": 0.581406745577139, "pol4": 0.9841052781603188, "v0s": 4.176088883965673}, "datetime": {"datetime": "2022-06-21 17:08:56", "elapsed": 1644.557857, "delta": 9.846671}}
{"target": -1.0, "params": {"Bgrad": 1.3725396120235214, "d1": -0.17912929723036397, "d2": -1.769820906764743, "d3": -1.4511278231194802, "d4": -1.7618190268770104, "p1": 14.988391376542982, "p2": 1.4979823937056547, "p3": 13.832763914160374, "p4": 36.98710555959503, "pol1": -0.3914273927466354, "pol2": -0.9018363297785217, "pol3": -0.7976376331140791, "pol4": 0.6218847043898161, "v0s": 5.434918033889324}, "datetime": {"datetime": "2022-06-21 17:09:06", "elapsed": 1654.613966, "delta": 10.057106}}
{"target": -1.0, "params": {"Bgrad": 1.3725396120235214, "d1": -0.17912929723036397, "d2": -1.769820906764743, "d3": -1.4511278231194802, "d4": -1.7618190268770104, "p1": 14.988391376542982, "p2": 1.4979823937056547, "p3": 13.832763914160374, "p4": 36.98710555959503, "pol1": -0.3914273927466354, "pol2": -0.9018363297785217, "pol3": -0.7976376331140791, "pol4": 0.6218847043898161, "v0s": 5.434918033889324}, "datetime": {"datetime": "2022-06-21 17:09:06", "elapsed": 1654.613966, "delta": 10.056109}}
{"target": -1.0, "params": {"Bgrad": 0.9842142822426189, "d1": 0.8575146658618396, "d2": 0.7487582732284053, "d3": -2.9281200522468054, "d4": -2.593568434335138, "p1": 31.704982690802908, "p2": 2.197791740146593, "p3": 22.32508380621741, "p4": 0.11857496843240556, "pol1": 0.35614200770927784, "pol2": 0.6374001191040664, "pol3": -0.5604765692554372, "pol4": -0.38503351969421695, "v0s": 6.222773935194153}, "datetime": {"datetime": "2022-06-21 17:09:18", "elapsed": 1666.712614, "delta": 12.098648}}
{"target": -1.0, "params": {"Bgrad": 0.9842142822426189, "d1": 0.8575146658618396, "d2": 0.7487582732284053, "d3": -2.9281200522468054, "d4": -2.593568434335138, "p1": 31.704982690802908, "p2": 2.197791740146593, "p3": 22.32508380621741, "p4": 0.11857496843240556, "pol1": 0.35614200770927784, "pol2": 0.6374001191040664, "pol3": -0.5604765692554372, "pol4": -0.38503351969421695, "v0s": 6.222773935194153}, "datetime": {"datetime": "2022-06-21 17:09:18", "elapsed": 1666.713612, "delta": 12.099646}}
{"target": -1.0, "params": {"Bgrad": 1.914275761028276, "d1": 0.2925669565538387, "d2": 0.9399835241447989, "d3": -1.8767054095392095, "d4": -0.9358403610482555, "p1": 16.20413438388319, "p2": 13.61016154417377, "p3": 47.80621807836641, "p4": 6.054292156504126, "pol1": 0.11191442670691787, "pol2": 0.9346533005217814, "pol3": 0.7723668274396855, "pol4": 0.5851979443644484, "v0s": 7.446975207044191}, "datetime": {"datetime": "2022-06-21 17:09:29", "elapsed": 1677.590527, "delta": 10.877913}}
{"target": -1.0, "params": {"Bgrad": 1.914275761028276, "d1": 0.2925669565538387, "d2": 0.9399835241447989, "d3": -1.8767054095392095, "d4": -0.9358403610482555, "p1": 16.20413438388319, "p2": 13.61016154417377, "p3": 47.80621807836641, "p4": 6.054292156504126, "pol1": 0.11191442670691787, "pol2": 0.9346533005217814, "pol3": 0.7723668274396855, "pol4": 0.5851979443644484, "v0s": 7.446975207044191}, "datetime": {"datetime": "2022-06-21 17:09:29", "elapsed": 1677.591524, "delta": 10.877912}}
{"target": -1.0, "params": {"Bgrad": 1.2043950796015168, "d1": -2.5047529640179422, "d2": -1.2448938698244008, "d3": -0.6303247888858374, "d4": -0.3879726951955189, "p1": 32.42736505399268, "p2": 42.27754428758254, "p3": 28.127351404558738, "p4": 31.69493390090835, "pol1": 0.026721935596304647, "pol2": 0.04209677880162355, "pol3": 0.6867598574924152, "pol4": 0.22667766674794354, "v0s": 7.519594928893527}, "datetime": {"datetime": "2022-06-21 17:09:40", "elapsed": 1688.640978, "delta": 11.050451}}
{"target": -1.0, "params": {"Bgrad": 1.2043950796015168, "d1": -2.5047529640179422, "d2": -1.2448938698244008, "d3": -0.6303247888858374, "d4": -0.3879726951955189, "p1": 32.42736505399268, "p2": 42.27754428758254, "p3": 28.127351404558738, "p4": 31.69493390090835, "pol1": 0.026721935596304647, "pol2": 0.04209677880162355, "pol3": 0.6867598574924152, "pol4": 0.22667766674794354, "v0s": 7.519594928893527}, "datetime": {"datetime": "2022-06-21 17:09:40", "elapsed": 1688.641976, "delta": 11.050452}}
{"target": -1.0, "params": {"Bgrad": 1.0694657042926212, "d1": 0.07011274027255476, "d2": -2.8676769645506783, "d3": -0.5415627440925794, "d4": -0.8417104362764971, "p1": 40.22748418334005, "p2": 21.105651753172378, "p3": 1.553653010464523, "p4": 1.1351725995933815, "pol1": -0.5664751517073336, "pol2": 0.16151384577857542, "pol3": -0.20015977764201298, "pol4": 0.9398870435788695, "v0s": 4.180306510422245}, "datetime": {"datetime": "2022-06-21 17:09:50", "elapsed": 1698.166507, "delta": 9.525529}}
{"target": -1.0, "params": {"Bgrad": 1.0694657042926212, "d1": 0.07011274027255476, "d2": -2.8676769645506783, "d3": -0.5415627440925794, "d4": -0.8417104362764971, "p1": 40.22748418334005, "p2": 21.105651753172378, "p3": 1.553653010464523, "p4": 1.1351725995933815, "pol1": -0.5664751517073336, "pol2": 0.16151384577857542, "pol3": -0.20015977764201298, "pol4": 0.9398870435788695, "v0s": 4.180306510422245}, "datetime": {"datetime": "2022-06-21 17:09:50", "elapsed": 1698.166507, "delta": 9.524531}}
{"target": -1.0, "params": {"Bgrad": 1.4026002050619355, "d1": -2.9671864690927228, "d2": -1.2001048898225148, "d3": -1.6234563905882595, "d4": 0.41265308503110854, "p1": 37.90020297000679, "p2": 1.6330422746002105, "p3": 12.572302101184702, "p4": 41.79293732804112, "pol1": 0.26950682827424743, "pol2": 0.735795403981861, "pol3": 0.8785988642937046, "pol4": 0.8359898815065432, "v0s": 4.207403516209281}, "datetime": {"datetime": "2022-06-21 17:10:02", "elapsed": 1710.420738, "delta": 12.254231}}
{"target": -1.0, "params": {"Bgrad": 1.4026002050619355, "d1": -2.9671864690927228, "d2": -1.2001048898225148, "d3": -1.6234563905882595, "d4": 0.41265308503110854, "p1": 37.90020297000679, "p2": 1.6330422746002105, "p3": 12.572302101184702, "p4": 41.79293732804112, "pol1": 0.26950682827424743, "pol2": 0.735795403981861, "pol3": 0.8785988642937046, "pol4": 0.8359898815065432, "v0s": 4.207403516209281}, "datetime": {"datetime": "2022-06-21 17:10:02", "elapsed": 1710.421736, "delta": 12.255229}}
{"target": -1.0, "params": {"Bgrad": 1.5474819485699807, "d1": -1.7445271252758987, "d2": -1.2798561786068952, "d3": -2.8544089271811126, "d4": -2.6249188781406656, "p1": 15.680688729827647, "p2": 44.04192549685315, "p3": 12.194003869303222, "p4": 0.7651292463631443, "pol1": -0.25611420272279095, "pol2": 0.0832578038896925, "pol3": -0.23337084112770423, "pol4": 0.06996456219943537, "v0s": 4.145031389212283}, "datetime": {"datetime": "2022-06-21 17:10:13", "elapsed": 1721.531029, "delta": 11.110291}}
{"target": -1.0, "params": {"Bgrad": 1.5474819485699807, "d1": -1.7445271252758987, "d2": -1.2798561786068952, "d3": -2.8544089271811126, "d4": -2.6249188781406656, "p1": 15.680688729827647, "p2": 44.04192549685315, "p3": 12.194003869303222, "p4": 0.7651292463631443, "pol1": -0.25611420272279095, "pol2": 0.0832578038896925, "pol3": -0.23337084112770423, "pol4": 0.06996456219943537, "v0s": 4.145031389212283}, "datetime": {"datetime": "2022-06-21 17:10:13", "elapsed": 1721.531029, "delta": 11.109293}}
{"target": -1.0, "params": {"Bgrad": 0.642062264798553, "d1": -0.20469448428390358, "d2": -0.5260533167734653, "d3": 0.16072387438942037, "d4": -2.22605983024102, "p1": 38.05159897595421, "p2": 18.404186621672817, "p3": 8.051961868214203, "p4": 32.80565026755055, "pol1": -0.1132025393459013, "pol2": -0.9415876446539355, "pol3": 0.34160421197680635, "pol4": 0.886554300273767, "v0s": 4.26271373779382}, "datetime": {"datetime": "2022-06-21 17:10:21", "elapsed": 1729.431903, "delta": 7.900874}}
{"target": -1.0, "params": {"Bgrad": 0.642062264798553, "d1": -0.20469448428390358, "d2": -0.5260533167734653, "d3": 0.16072387438942037, "d4": -2.22605983024102, "p1": 38.05159897595421, "p2": 18.404186621672817, "p3": 8.051961868214203, "p4": 32.80565026755055, "pol1": -0.1132025393459013, "pol2": -0.9415876446539355, "pol3": 0.34160421197680635, "pol4": 0.886554300273767, "v0s": 4.26271373779382}, "datetime": {"datetime": "2022-06-21 17:10:21", "elapsed": 1729.4329, "delta": 7.901871}}
{"target": -1.0, "params": {"Bgrad": 1.0703245542577327, "d1": 0.5588878820082845, "d2": -1.7634591411172953, "d3": -1.122205270623382, "d4": 0.8535910358513665, "p1": 16.791100910396338, "p2": 35.4122448005003, "p3": 46.08590597310584, "p4": 27.716601608750608, "pol1": 0.6118357724351478, "pol2": 0.9061591242423188, "pol3": 0.8712873989036616, "pol4": 0.8388000213808335, "v0s": 7.076256305101973}, "datetime": {"datetime": "2022-06-21 17:10:30", "elapsed": 1738.793868, "delta": 9.361965}}
{"target": -1.0, "params": {"Bgrad": 1.0703245542577327, "d1": 0.5588878820082845, "d2": -1.7634591411172953, "d3": -1.122205270623382, "d4": 0.8535910358513665, "p1": 16.791100910396338, "p2": 35.4122448005003, "p3": 46.08590597310584, "p4": 27.716601608750608, "pol1": 0.6118357724351478, "pol2": 0.9061591242423188, "pol3": 0.8712873989036616, "pol4": 0.8388000213808335, "v0s": 7.076256305101973}, "datetime": {"datetime": "2022-06-21 17:10:30", "elapsed": 1738.793868, "delta": 9.360968}}
{"target": -1.0, "params": {"Bgrad": 0.536719619238679, "d1": 0.606018093633045, "d2": 0.5803254344513769, "d3": -1.5886094596566949, "d4": 0.08343066178684344, "p1": 16.668766152968107, "p2": 49.91019741779398, "p3": 7.954256615086392, "p4": 39.015298323254115, "pol1": 0.5367314144395718, "pol2": 0.7917060930463504, "pol3": 0.940704440857487, "pol4": -0.4723061174104548, "v0s": 4.447856363474555}, "datetime": {"datetime": "2022-06-21 17:10:37", "elapsed": 1745.266561, "delta": 6.472693}}
{"target": -1.0, "params": {"Bgrad": 0.536719619238679, "d1": 0.606018093633045, "d2": 0.5803254344513769, "d3": -1.5886094596566949, "d4": 0.08343066178684344, "p1": 16.668766152968107, "p2": 49.91019741779398, "p3": 7.954256615086392, "p4": 39.015298323254115, "pol1": 0.5367314144395718, "pol2": 0.7917060930463504, "pol3": 0.940704440857487, "pol4": -0.4723061174104548, "v0s": 4.447856363474555}, "datetime": {"datetime": "2022-06-21 17:10:37", "elapsed": 1745.266561, "delta": 6.472693}}
{"target": 5.316205629624747, "params": {"Bgrad": 1.3301847410045613, "d1": -2.8573498880997543, "d2": -0.8418031167102922, "d3": -1.657841941781156, "d4": 0.6562205810492161, "p1": 42.82286853575218, "p2": 26.569262022344596, "p3": 26.333194366146373, "p4": 46.70942499522846, "pol1": 0.1313160180897217, "pol2": -0.8940147656226662, "pol3": -0.3821146086497269, "pol4": 0.5214864848302392, "v0s": 5.316205629624747}, "datetime": {"datetime": "2022-06-21 17:10:48", "elapsed": 1756.233236, "delta": 10.966675}}
{"target": 5.316205629624747, "params": {"Bgrad": 1.3301847410045613, "d1": -2.8573498880997543, "d2": -0.8418031167102922, "d3": -1.657841941781156, "d4": 0.6562205810492161, "p1": 42.82286853575218, "p2": 26.569262022344596, "p3": 26.333194366146373, "p4": 46.70942499522846, "pol1": 0.1313160180897217, "pol2": -0.8940147656226662, "pol3": -0.3821146086497269, "pol4": 0.5214864848302392, "v0s": 5.316205629624747}, "datetime": {"datetime": "2022-06-21 17:10:48", "elapsed": 1756.234234, "delta": 10.967673}}
{"target": -1.0, "params": {"Bgrad": 0.6611499152151421, "d1": 0.1212468449873767, "d2": -2.4751377692611922, "d3": 0.9633909897785373, "d4": -2.266931090717782, "p1": 40.0291251703634, "p2": 43.819493924357566, "p3": 20.383973394269034, "p4": 35.05129482175587, "pol1": 0.7678473247112199, "pol2": 0.4176987226881941, "pol3": -0.7996863578654652, "pol4": 0.2051769304698534, "v0s": 6.709498188198599}, "datetime": {"datetime": "2022-06-21 17:10:53", "elapsed": 1761.306669, "delta": 5.073433}}
{"target": -1.0, "params": {"Bgrad": 0.6611499152151421, "d1": 0.1212468449873767, "d2": -2.4751377692611922, "d3": 0.9633909897785373, "d4": -2.266931090717782, "p1": 40.0291251703634, "p2": 43.819493924357566, "p3": 20.383973394269034, "p4": 35.05129482175587, "pol1": 0.7678473247112199, "pol2": 0.4176987226881941, "pol3": -0.7996863578654652, "pol4": 0.2051769304698534, "v0s": 6.709498188198599}, "datetime": {"datetime": "2022-06-21 17:10:53", "elapsed": 1761.306669, "delta": 5.072435}}
{"target": -1.0, "params": {"Bgrad": 0.5850498179723351, "d1": -2.3846124313021697, "d2": -0.2867316288536159, "d3": -2.277129812369112, "d4": -2.227115329358876, "p1": 28.653610994208385, "p2": 47.481237501517704, "p3": 22.649331392902543, "p4": 7.023416669175214, "pol1": -0.041568631426599945, "pol2": -0.09094488067160755, "pol3": -0.6746391711390489, "pol4": -0.7209785005917937, "v0s": 6.779995625349228}, "datetime": {"datetime": "2022-06-21 17:10:59", "elapsed": 1767.287676, "delta": 5.981007}}
{"target": -1.0, "params": {"Bgrad": 0.5850498179723351, "d1": -2.3846124313021697, "d2": -0.2867316288536159, "d3": -2.277129812369112, "d4": -2.227115329358876, "p1": 28.653610994208385, "p2": 47.481237501517704, "p3": 22.649331392902543, "p4": 7.023416669175214, "pol1": -0.041568631426599945, "pol2": -0.09094488067160755, "pol3": -0.6746391711390489, "pol4": -0.7209785005917937, "v0s": 6.779995625349228}, "datetime": {"datetime": "2022-06-21 17:10:59", "elapsed": 1767.287676, "delta": 5.981007}}
{"target": -1.0, "params": {"Bgrad": 1.0492088054696973, "d1": -2.178776984966282, "d2": 0.8363265717310906, "d3": -1.8002573055480737, "d4": -0.7375977590551273, "p1": 18.171355665025885, "p2": 20.202153166995686, "p3": 32.75735697462079, "p4": 42.67308113068682, "pol1": 0.45062406702904023, "pol2": 0.6759468312897428, "pol3": 0.03170375466673625, "pol4": 0.9524977969899022, "v0s": 5.545415819845714}, "datetime": {"datetime": "2022-06-21 17:11:10", "elapsed": 1778.057877, "delta": 10.770201}}
