{"target": -1.0, "params": {"Bgrad": 0.9179029040210545, "d1": 0.8115570644849095, "d2": -0.6799284446753648, "d3": 0.1659587842831205, "d4": -1.0646448476321733, "p1": 21.222862820604977, "p2": 24.2273159907564, "p3": 49.57484371689337, "p4": 9.306522097851472, "pol1": 0.2132530708948548, "pol2": -0.09048100132475079, "pol3": 0.020646665176345058, "pol4": -0.11795393119361242, "v0s": 7.7411187989851555}, "datetime": {"datetime": "2022-06-15 22:48:32", "elapsed": 247559.741834, "delta": 14.969988}}
{"target": -1.0, "params": {"Bgrad": 1.1829068697655833, "d1": -1.1954605883844813, "d2": 0.20059963590753105, "d3": -0.6538372847525271, "d4": -1.9167174804909783, "p1": 7.066535783488659, "p2": 36.83485021609849, "p3": 43.22916207725511, "p4": 0.08026274186677118, "pol1": -0.02875414491199546, "pol2": -0.7877820653491481, "pol3": -0.6242214147415084, "pol4": -0.5119812342604262, "v0s": 2.7586575104443183}, "datetime": {"datetime": "2022-06-15 22:48:42", "elapsed": 247569.331203, "delta": 9.589369}}
{"target": 4.424647629150998, "params": {"Bgrad": 0.9215334704124194, "d1": -1.5064308013800263, "d2": 0.746748938712074, "d3": -1.4654742664479263, "d4": -1.457337599020557, "p1": 13.888670171256939, "p2": 47.09157171725086, "p3": 30.78863072782675, "p4": 14.106370746916452, "pol1": -0.6265949270735443, "pol2": -0.5836404014214593, "pol3": -0.503467846677464, "pol4": 0.6411921964892762, "v0s": 4.424647629150998}, "datetime": {"datetime": "2022-06-15 22:48:51", "elapsed": 247578.123704, "delta": 8.792501}}
{"target": -1.0, "params": {"Bgrad": 0.9151593845141281, "d1": -0.46856210746396965, "d2": 0.6864188984662984, "d3": -1.3225630343932862, "d4": -0.8093810601021887, "p1": 15.173999479470062, "p2": 18.538109638250766, "p3": 11.791764155121786, "p4": 0.03738654826619947, "pol1": -0.27847938827367513, "pol2": -0.8075438728284594, "pol3": -0.7604996046902277, "pol4": -0.5136323454743723, "v0s": 6.641318707836977}, "datetime": {"datetime": "2022-06-15 22:49:06", "elapsed": 247593.469686, "delta": 15.345982}}
{"target": -1.0, "params": {"Bgrad": 1.2886698358981756, "d1": 0.023950421632612517, "d2": -2.6487908373466515, "d3": -1.5796094937449676, "d4": 0.2254668453726918, "p1": 39.03504028257145, "p2": 9.106027015736483, "p3": 28.121613537239572, "p4": 21.3661074392492, "pol1": -0.7790480444396544, "pol2": 0.4600578012560099, "pol3": 0.3465691664471473, "pol4": -0.4200535798150309, "v0s": 5.761711135620038}, "datetime": {"datetime": "2022-06-15 22:49:21", "elapsed": 247608.650111, "delta": 15.180425}}
{"target": -1.0, "params": {"Bgrad": 0.8763948391275082, "d1": 0.9761863147032246, "d2": 0.7708880746067162, "d3": -1.2785656086199872, "d4": -2.8810317852816065, "p1": 16.936070609950416, "p2": 16.34269460220665, "p3": 42.147686636953395, "p4": 42.09188755555926, "pol1": -0.3555458525540567, "pol2": -0.8370806898878957, "pol3": -0.3106769653721131, "pol4": 0.3298551945942436, "v0s": 7.127028015750584}, "datetime": {"datetime": "2022-06-15 22:49:36", "elapsed": 247623.624088, "delta": 14.973977}}
{"target": 4.274599523492994, "params": {"Bgrad": 0.9581454804602572, "d1": -0.7374055874508425, "d2": 0.1632866582858794, "d3": -2.478756862652709, "d4": -0.14477900765163865, "p1": 11.95491540654925, "p2": 21.011997453040294, "p3": 35.66584478368702, "p4": 34.40386321344611, "pol1": 0.6438756527501552, "pol2": -0.6253683954787739, "pol3": -0.13886439212218615, "pol4": -0.2067112448390167, "v0s": 4.274599523492994}, "datetime": {"datetime": "2022-06-15 22:49:46", "elapsed": 247633.515649, "delta": 9.891561}}
{"target": -1.0, "params": {"Bgrad": 1.7284784329914082, "d1": -1.4501082044098998, "d2": 0.2111159624120984, "d3": -0.6237004514345066, "d4": -0.030288749134711246, "p1": 30.482023290415217, "p2": 28.862755622680286, "p3": 22.962856266035285, "p4": 4.601032460004351, "pol1": 0.12708783184210226, "pol2": -0.5507953257272518, "pol3": -0.39720277882809873, "pol4": -0.26386361522090307, "v0s": 7.870525598598898}, "datetime": {"datetime": "2022-06-15 22:50:02", "elapsed": 247649.629579, "delta": 16.11393}}
{"target": -1.0, "params": {"Bgrad": 1.4950496725040288, "d1": -0.09256017498375968, "d2": -0.1883240800033925, "d3": 0.4970453519659346, "d4": 0.19882442071186102, "p1": 37.68831183510518, "p2": 8.000255136280815, "p3": 27.621848419213148, "p4": 32.586597511666376, "pol1": 0.02747526979482595, "pol2": 0.25180888094748877, "pol3": -0.1340069264170598, "pol4": 0.6468877731992533, "v0s": 2.4162125311441853}, "datetime": {"datetime": "2022-06-15 22:50:18", "elapsed": 247665.097237, "delta": 15.467658}}
{"target": -1.0, "params": {"Bgrad": 0.825355971134024, "d1": -0.6653870748466173, "d2": 0.8754491721960873, "d3": -1.3079881664921698, "d4": -1.099865231511918, "p1": 20.62172343302834, "p2": 45.546980743115654, "p3": 16.95751987524501, "p4": 41.77022009218123, "pol1": -0.7236115021329483, "pol2": 0.06841500369794051, "pol3": 0.45250758922763445, "pol4": 0.8476019784153859, "v0s": 5.831960067508353}, "datetime": {"datetime": "2022-06-15 22:50:33", "elapsed": 247680.326532, "delta": 15.229295}}
{"target": -1.0, "params": {"Bgrad": 0.636350711231014, "d1": 0.5115441923866997, "d2": -2.279378761017487, "d3": -2.731058780023004, "d4": -2.5533601046774597, "p1": 23.601449506817023, "p2": 47.955449254558786, "p3": 35.60325055388128, "p4": 37.04308046494161, "pol1": 0.17604151917894062, "pol2": 0.5456496349767654, "pol3": -0.8524256855536341, "pol4": 0.769027952647094, "v0s": 2.3946458456055084}, "datetime": {"datetime": "2022-06-15 22:50:46", "elapsed": 247693.398592, "delta": 13.07206}}
{"target": -1.0, "params": {"Bgrad": 1.2136426493975763, "d1": 0.0310270697029833, "d2": -1.420278866394122, "d3": 0.36504199105817525, "d4": 0.33480367792426735, "p1": 3.948565908980406, "p2": 30.324421668540108, "p3": 43.738660834055466, "p4": 47.450743799873294, "pol1": -0.6570057480738392, "pol2": 0.43099906219031214, "pol3": -0.7629693755801952, "pol4": -0.5583798916585221, "v0s": 4.2999883011788205}, "datetime": {"datetime": "2022-06-15 22:51:05", "elapsed": 247712.830654, "delta": 19.432062}}
{"target": -1.0, "params": {"Bgrad": 1.5117537647594195, "d1": 0.3054706980114794, "d2": -1.9465571638734782, "d3": -2.8377575739696788, "d4": -0.09009759007654328, "p1": 37.45256170424562, "p2": 2.6170405025230603, "p3": 14.928488175101634, "p4": 47.051879021385226, "pol1": -0.786065991683631, "pol2": 0.09822870723817578, "pol3": 0.8336216056241366, "pol4": 0.999893604480534, "v0s": 6.726365683971665}, "datetime": {"datetime": "2022-06-15 22:51:23", "elapsed": 247730.075561, "delta": 17.244907}}
{"target": -1.0, "params": {"Bgrad": 1.7121642389933207, "d1": -1.8921822030917315, "d2": -0.8180500172294094, "d3": -0.6195200557543319, "d4": 0.3260373556075775, "p1": 6.010425881556703, "p2": 25.82898147037224, "p3": 34.985339968746096, "p4": 32.50730261716141, "pol1": -0.5182455894640887, "pol2": -0.9838992595006382, "pol3": 0.12154402407602949, "pol4": -0.2209284316129949, "v0s": 2.1919723344411164}, "datetime": {"datetime": "2022-06-15 22:51:30", "elapsed": 247737.772987, "delta": 7.697426}}
{"target": -1.0, "params": {"Bgrad": 1.7253728154250607, "d1": -0.24381962739432694, "d2": -0.36595866406276967, "d3": 0.3597910894975693, "d4": -1.773541245203845, "p1": 49.70008077852259, "p2": 38.396907730977894, "p3": 6.164863880056681, "p4": 9.247332320110296, "pol1": 0.5667514906681332, "pol2": -0.3717802150055498, "pol3": 0.2072444220633063, "pol4": 0.46419952956316957, "v0s": 4.119424027521021}, "datetime": {"datetime": "2022-06-15 22:51:48", "elapsed": 247755.393889, "delta": 17.620902}}
{"target": -1.0, "params": {"Bgrad": 1.7213911263043475, "d1": 0.7228094333645654, "d2": 0.6177599491558268, "d3": 0.10962174598375762, "d4": -0.5579544277012083, "p1": 31.538264583329074, "p2": 45.8532125844391, "p3": 42.54476161913796, "p4": 20.942799193433416, "pol1": 0.43516377275207785, "pol2": 0.2114802245591587, "pol3": -0.9882094159712795, "pol4": -0.25505686607948874, "v0s": 7.137921632879942}, "datetime": {"datetime": "2022-06-15 22:52:07", "elapsed": 247774.252483, "delta": 18.858594}}
{"target": -1.0, "params": {"Bgrad": 1.6566912457021463, "d1": -2.7542334755395728, "d2": -0.09390134871534794, "d3": -2.4211602803402092, "d4": 0.26099849935673713, "p1": 29.965089720218835, "p2": 15.058537800617833, "p3": 12.745253992839888, "p4": 43.01293438844819, "pol1": 0.02640910346229619, "pol2": 0.05343888550715947, "pol3": 0.42616252309692326, "pol4": -0.8261471911925318, "v0s": 6.281170994425106}, "datetime": {"datetime": "2022-06-15 22:52:26", "elapsed": 247793.610742, "delta": 19.358259}}
{"target": -1.0, "params": {"Bgrad": 1.299610626641321, "d1": -1.7015304490714023, "d2": -2.680101445992304, "d3": -1.793650844991792, "d4": -1.6051557159430931, "p1": 44.16088319893682, "p2": 1.1672198625007568, "p3": 23.173639849020685, "p4": 46.632753132777545, "pol1": 0.47419057608924176, "pol2": -0.002837783625996959, "pol3": -0.8065632106261316, "pol4": 0.8646718764638077, "v0s": 3.409234578922822}, "datetime": {"datetime": "2022-06-15 22:52:45", "elapsed": 247812.791476, "delta": 19.180734}}
{"target": -1.0, "params": {"Bgrad": 1.7261016262441238, "d1": -1.9826549292783446, "d2": -1.4925786392498672, "d3": -0.1416280657919251, "d4": 0.4261663072686588, "p1": 36.23284654166983, "p2": 40.73277575920647, "p3": 26.386502921733573, "p4": 2.8841559528009206, "pol1": 0.32314755426097697, "pol2": 0.807640414998197, "pol3": 0.27821212105845716, "pol4": -0.3692644949779751, "v0s": 7.828309117327931}, "datetime": {"datetime": "2022-06-15 22:53:02", "elapsed": 247829.75314, "delta": 16.961664}}
{"target": 3.247128353071476, "params": {"Bgrad": 0.9138451480274732, "d1": -0.6922077244714622, "d2": 0.5388068216052431, "d3": -0.8132192298417742, "d4": -2.137408790632823, "p1": 35.332709983789, "p2": 6.610618082039488, "p3": 34.281697467324776, "p4": 49.473817154347124, "pol1": 0.6652112490253905, "pol2": -0.1759140062501663, "pol3": -0.24829026154098854, "pol4": 0.9109354990202121, "v0s": 3.247128353071476}, "datetime": {"datetime": "2022-06-15 22:53:15", "elapsed": 247842.435243, "delta": 12.682103}}
{"target": -1.0, "params": {"Bgrad": 1.9099203524602006, "d1": 0.26430178728103915, "d2": -0.16648458232502206, "d3": -2.9430760016803807, "d4": -1.1338144835193402, "p1": 36.28732480161894, "p2": 3.981656600658617, "p3": 11.72207970880359, "p4": 28.882819073079606, "pol1": -0.5918902313992873, "pol2": 0.13678412598593193, "pol3": -0.38448013754285215, "pol4": 0.30181598475230986, "v0s": 4.45370298274744}, "datetime": {"datetime": "2022-06-15 22:53:31", "elapsed": 247858.231023, "delta": 15.79578}}
{"target": -1.0, "params": {"Bgrad": 0.5416366668506183, "d1": -1.4511236472721767, "d2": -2.315132553209095, "d3": -1.305641209263129, "d4": -0.3316751193852183, "p1": 40.477652421818384, "p2": 37.47451155127933, "p3": 32.04218923743121, "p4": 43.81438960547454, "pol1": -0.651068824193124, "pol2": 0.6329136118002852, "pol3": 0.7464420017694684, "pol4": 0.6448436448679318, "v0s": 2.106244247685797}, "datetime": {"datetime": "2022-06-15 22:53:39", "elapsed": 247867.057432, "delta": 8.826409}}
{"target": -1.0, "params": {"Bgrad": 1.1523798226969502, "d1": 0.10352898640976038, "d2": 0.2888921820850805, "d3": -2.3986922698172037, "d4": -1.1123421866609227, "p1": 10.766624540694453, "p2": 27.632054079559648, "p3": 4.77875120415594, "p4": 15.350226623375567, "pol1": 0.40529917862234366, "pol2": 0.1664392244378956, "pol3": -0.689870240114743, "pol4": -0.4726344077183233, "v0s": 6.038035328246871}, "datetime": {"datetime": "2022-06-15 22:54:00", "elapsed": 247887.806974, "delta": 20.749542}}
{"target": -1.0, "params": {"Bgrad": 1.8148938743297722, "d1": -0.5982125232372151, "d2": -2.4567992486259778, "d3": -2.3091268767550654, "d4": -1.406974479417416, "p1": 14.78764808560057, "p2": 30.39773967638949, "p3": 42.27303446279896, "p4": 21.650246411491835, "pol1": 0.18378239073993652, "pol2": -0.5917697829927491, "pol3": 0.1369634258850303, "pol4": 0.5065646802043278, "v0s": 7.425831285789817}, "datetime": {"datetime": "2022-06-15 22:54:17", "elapsed": 247904.68087, "delta": 16.873896}}
{"target": -1.0, "params": {"Bgrad": 1.0514074068724963, "d1": -1.4836949039166707, "d2": -1.0612792902980255, "d3": -0.35497082789084944, "d4": 0.20366376640883033, "p1": 34.08673587013931, "p2": 48.697188318916915, "p3": 0.7818083604974602, "p4": 38.027773289732096, "pol1": -0.029007339969015167, "pol2": -0.0856943584966312, "pol3": 0.15289292686040046, "pol4": -0.4257680048301802, "v0s": 3.0694869166944505}, "datetime": {"datetime": "2022-06-15 22:54:37", "elapsed": 247924.10296, "delta": 19.42209}}
{"target": -1.0, "params": {"Bgrad": 1.333222424976313, "d1": -0.8654471039166163, "d2": -1.5932740797635923, "d3": 0.39547654292843504, "d4": -2.307022930328153, "p1": 48.20345012431502, "p2": 21.11758628018579, "p3": 18.14067718875137, "p4": 28.27150402151532, "pol1": 0.6886883787830702, "pol2": -0.9516737090554848, "pol3": 0.5132382585455597, "pol4": 0.5759132125993838, "v0s": 7.333713959795348}, "datetime": {"datetime": "2022-06-15 22:54:53", "elapsed": 247940.419348, "delta": 16.316388}}
{"target": -1.0, "params": {"Bgrad": 1.442854784038105, "d1": -0.08718319530478968, "d2": -0.4045533392551488, "d3": 0.7934590810634896, "d4": -2.0116625946109075, "p1": 7.614860868782497, "p2": 37.888854040854355, "p3": 26.39798561824825, "p4": 15.748926343685243, "pol1": 0.17258609144528148, "pol2": 0.06301791624029418, "pol3": 0.6638461618638212, "pol4": 0.14725587738457424, "v0s": 7.7177604262506545}, "datetime": {"datetime": "2022-06-15 22:55:07", "elapsed": 247954.223452, "delta": 13.804104}}
{"target": -1.0, "params": {"Bgrad": 0.9809268801681967, "d1": -0.6822941464060293, "d2": -1.4307641122126369, "d3": -1.8875564530113156, "d4": -2.5577896184759656, "p1": 37.97783309061038, "p2": 47.634081004067426, "p3": 15.448597423970972, "p4": 49.482113371007905, "pol1": 0.7813189538681704, "pol2": 0.0533231491484949, "pol3": 0.3982397114223024, "pol4": -0.9384458527442556, "v0s": 4.749041249756852}, "datetime": {"datetime": "2022-06-15 22:55:26", "elapsed": 247973.820074, "delta": 19.596622}}
{"target": -1.0, "params": {"Bgrad": 0.8592252914075502, "d1": 0.9994266075610154, "d2": -0.4314692365659023, "d3": 0.7636419636467848, "d4": 0.346365986994412, "p1": 21.821555151635575, "p2": 45.45161331001978, "p3": 11.198836717592203, "p4": 24.92191216839723, "pol1": -0.978797334006303, "pol2": -0.5950269707498463, "pol3": 0.950588770342464, "pol4": -0.2409800274703433, "v0s": 5.208261220194949}, "datetime": {"datetime": "2022-06-15 22:55:40", "elapsed": 247987.702967, "delta": 13.882893}}
{"target": -1.0, "params": {"Bgrad": 1.798265416521229, "d1": -1.9572389020346583, "d2": -2.6208446276271498, "d3": -2.2389876939040105, "d4": -2.6603010577540394, "p1": 3.6070041043262946, "p2": 31.724360862967, "p3": 45.437990756778724, "p4": 2.056985909261061, "pol1": -0.5381196796971501, "pol2": -0.5758607456539775, "pol3": -0.29819069953949207, "pol4": 0.036639201659268705, "v0s": 5.357130207966562}, "datetime": {"datetime": "2022-06-15 22:55:53", "elapsed": 248000.703219, "delta": 13.000252}}
{"target": -1.0, "params": {"Bgrad": 0.9646399540031098, "d1": -0.6232399498399332, "d2": -2.033163433082444, "d3": -2.18389391760649, "d4": -2.6861453751203146, "p1": 49.806720130359345, "p2": 45.36945026316006, "p3": 35.98328611980162, "p4": 39.52503804405784, "pol1": 0.37570575405709605, "pol2": 0.3009810289282553, "pol3": -0.12433795883792254, "pol4": -0.7435119665929395, "v0s": 7.5726138841773025}, "datetime": {"datetime": "2022-06-15 22:56:10", "elapsed": 248017.761625, "delta": 17.058406}}
{"target": -1.0, "params": {"Bgrad": 1.3398389036191707, "d1": 0.5647174226897484, "d2": -2.8130315960085883, "d3": -2.652440609244473, "d4": -0.11918002113563286, "p1": 45.67270035890234, "p2": 13.42204145912747, "p3": 36.331526108095666, "p4": 42.26513553321901, "pol1": -0.21078417710980846, "pol2": -0.5720911348336417, "pol3": 0.2197938764840317, "pol4": 0.00874034003942259, "v0s": 3.2648614308891792}, "datetime": {"datetime": "2022-06-15 22:56:31", "elapsed": 248038.744541, "delta": 20.982916}}
{"target": -1.0, "params": {"Bgrad": 1.1000913102838448, "d1": -0.8076097380731819, "d2": -0.4289658615281047, "d3": -0.31797699825604697, "d4": 0.5217843699967992, "p1": 38.3041632237671, "p2": 38.800867243584804, "p3": 11.401453355259555, "p4": 28.738543959169228, "pol1": 0.3064868310735347, "pol2": -0.6353530140625072, "pol3": -0.45572060200880404, "pol4": 0.34605171898420206, "v0s": 5.531457667508426}, "datetime": {"datetime": "2022-06-15 22:56:49", "elapsed": 248056.218835, "delta": 17.474294}}
{"target": -1.0, "params": {"Bgrad": 1.0423450315240796, "d1": -2.911240774875752, "d2": -0.4923538068962632, "d3": -1.580511566990293, "d4": 0.0465187733016208, "p1": 47.2877628929551, "p2": 48.13222960465337, "p3": 3.051537017893252, "p4": 23.89928829736136, "pol1": 0.23052332247024276, "pol2": -0.14126863656884825, "pol3": -0.17202587377343304, "pol4": 0.9641480034561045, "v0s": 7.106463857540455}, "datetime": {"datetime": "2022-06-15 22:57:06", "elapsed": 248073.060819, "delta": 16.841984}}
{"target": -1.0, "params": {"Bgrad": 0.9833516566118258, "d1": -0.3271999287859715, "d2": 0.01111745811260434, "d3": -0.8636798627059918, "d4": 0.9514281163777709, "p1": 47.474854668322955, "p2": 7.071111393768003, "p3": 42.44856331079808, "p4": 6.824030777906165, "pol1": -0.4363353624606148, "pol2": -0.7849249622382994, "pol3": 0.5660791453894185, "pol4": 0.3762035321198256, "v0s": 5.8656965553407385}, "datetime": {"datetime": "2022-06-15 22:57:25", "elapsed": 248092.309371, "delta": 19.248552}}
{"target": -1.0, "params": {"Bgrad": 0.5309519311180664, "d1": -1.7171395770458373, "d2": -2.4069689002380596, "d3": 0.10561281851609383, "d4": -0.9127313481289354, "p1": 26.327980080668556, "p2": 39.527980267677606, "p3": 15.012969219751998, "p4": 1.1783356539363021, "pol1": -0.6105605530269249, "pol2": -0.6245471513028227, "pol3": 0.3522337206553574, "pol4": 0.6201810963024239, "v0s": 4.8311505396874885}, "datetime": {"datetime": "2022-06-15 22:57:34", "elapsed": 248101.851866, "delta": 9.542495}}
{"target": -1.0, "params": {"Bgrad": 1.5861504364284364, "d1": -2.9460565177252276, "d2": -1.7057774980516647, "d3": -0.8143703792574453, "d4": -2.9003770724600653, "p1": 10.13733501490196, "p2": 46.73655964719222, "p3": 21.5925281270288, "p4": 40.988692268797415, "pol1": -0.2576866005362477, "pol2": -0.3762019844720845, "pol3": 0.7072626759969884, "pol4": 0.32056846194343813, "v0s": 5.507775034559474}, "datetime": {"datetime": "2022-06-15 22:57:53", "elapsed": 248120.204812, "delta": 18.352946}}
{"target": -1.0, "params": {"Bgrad": 0.6181926878519016, "d1": -1.6253303723712151, "d2": -0.6266345443364321, "d3": 0.7046353270947154, "d4": -1.4271776019676228, "p1": 41.38020855497089, "p2": 46.235272736098956, "p3": 38.01341342951535, "p4": 1.4909517500707181, "pol1": -0.1850565181414947, "pol2": 0.7793303918619605, "pol3": -0.8278536766650837, "pol4": 0.3314253614344673, "v0s": 3.3929114893206487}, "datetime": {"datetime": "2022-06-15 22:58:03", "elapsed": 248130.301824, "delta": 10.097012}}
{"target": -1.0, "params": {"Bgrad": 1.6378153450688677, "d1": -2.302496081090971, "d2": -0.38760107009001166, "d3": -0.38250071313557177, "d4": -1.3422285807999579, "p1": 18.183631695252178, "p2": 30.562266052146665, "p3": 13.178763443917923, "p4": 6.843202806069132, "pol1": -0.6552665296005213, "pol2": -0.7770241671078826, "pol3": -0.24626376071416733, "pol4": 0.9737913186158873, "v0s": 6.1382718918957675}, "datetime": {"datetime": "2022-06-15 22:58:20", "elapsed": 248147.699323, "delta": 17.397499}}
{"target": 3.0976181082943617, "params": {"Bgrad": 0.763427813273748, "d1": -2.115614411641132, "d2": -2.2983159311314516, "d3": -1.6301027229544043, "d4": -0.7883760043545749, "p1": 11.290981556086699, "p2": 41.27995352852711, "p3": 25.955840996851016, "p4": 42.226664442052154, "pol1": 0.4016631737387266, "pol2": -0.2781944560873213, "pol3": -0.3540087276354371, "pol4": -0.6896282329751526, "v0s": 3.0976181082943617}, "datetime": {"datetime": "2022-06-15 22:58:29", "elapsed": 248156.431982, "delta": 8.732659}}
{"target": -1.0, "params": {"Bgrad": 0.7666672535206711, "d1": -1.167923350748599, "d2": 0.5022383532200121, "d3": 0.5969055844026241, "d4": -0.52369228232594, "p1": 36.80668846918999, "p2": 37.594914289634715, "p3": 6.813975834655461, "p4": 24.96517235698047, "pol1": -0.33437406862954, "pol2": -0.5237467979356527, "pol3": 0.26510315732470446, "pol4": -0.8090182187461068, "v0s": 5.020035751365946}, "datetime": {"datetime": "2022-06-15 22:58:39", "elapsed": 248166.717491, "delta": 10.285509}}
{"target": -1.0, "params": {"Bgrad": 0.5969218597503212, "d1": 0.19524961276793418, "d2": -1.0144122688659163, "d3": -2.8514579702627514, "d4": -0.46352155645157644, "p1": 13.336718628462647, "p2": 15.520729809165523, "p3": 39.01045769499478, "p4": 24.716630411121145, "pol1": -0.9902733199918263, "pol2": 0.6296913971224403, "pol3": 0.9344521946911797, "pol4": 0.3008772983171286, "v0s": 4.127269416981724}, "datetime": {"datetime": "2022-06-15 22:58:50", "elapsed": 248177.161576, "delta": 10.444085}}
{"target": -1.0, "params": {"Bgrad": 1.9345199590634392, "d1": -0.6593173502089096, "d2": 0.45427801695409187, "d3": 0.5161201258700476, "d4": -0.7493048531221298, "p1": 17.115533045486647, "p2": 26.185968101782148, "p3": 34.04795227195988, "p4": 15.283477994626448, "pol1": 0.2572054716382246, "pol2": -0.8901008369677128, "pol3": -0.4786005171668861, "pol4": 0.7039809268494785, "v0s": 7.63954524183342}, "datetime": {"datetime": "2022-06-15 22:59:02", "elapsed": 248189.974329, "delta": 12.812753}}
