{"target": -1.0, "params": {"Bgrad": 1.646164402284721, "d1": -1.6000152492740303, "d2": -1.317394432138633, "d3": 0.41600755919528964, "d4": -2.2116596308861136, "p1": 16.637141810735507, "p2": 38.18921413206585, "p3": 40.38501665037016, "p4": 35.63040216394332, "pol1": -0.418171926828768, "pol2": -0.2729344528628088, "pol3": 0.8788770778431116, "pol4": -0.6040326974395442, "v0s": 2.7208673089958495}, "datetime": {"datetime": "2022-04-29 15:58:39", "elapsed": 88032.29754, "delta": 30.404703}}
{"target": -1.0, "params": {"Bgrad": 1.7716404472596323, "d1": -2.9611818639436334, "d2": -0.2757315144710435, "d3": -0.41057868954360544, "d4": -2.4462145232553834, "p1": 26.273714216354353, "p2": 11.062664669930777, "p3": 38.28559391066237, "p4": 35.313007713448265, "pol1": -0.1637178003343509, "pol2": -0.0011135876856935845, "pol3": -0.7058061224222847, "pol4": 0.22978124158807134, "v0s": 7.305878154146608}, "datetime": {"datetime": "2022-04-29 15:59:02", "elapsed": 88054.696649, "delta": 22.399109}}
{"target": 3.3074919241308516, "params": {"Bgrad": 1.6237131496989097, "d1": -2.0429138138561607, "d2": 0.10000494015343353, "d3": 0.9030931460286338, "d4": -0.6104158517047233, "p1": 28.965867161782782, "p2": 44.55398876030342, "p3": 22.834524069955002, "p4": 28.16736112770892, "pol1": -0.47854675528190094, "pol2": -0.15571545605733128, "pol3": -0.6274514703120126, "pol4": 0.42670020583690715, "v0s": 3.3074919241308516}, "datetime": {"datetime": "2022-04-29 15:59:14", "elapsed": 88066.902014, "delta": 12.205365}}
{"target": -1.0, "params": {"Bgrad": 1.4163587599793752, "d1": -2.841725009424599, "d2": -1.0445286630932884, "d3": -2.5818974717356116, "d4": 0.7463366539460274, "p1": 40.85443438073291, "p2": 44.07000974874079, "p3": 11.383399289641433, "p4": 19.617611737047675, "pol1": -0.27359399760561876, "pol2": -0.5305642119184151, "pol3": -0.39460871513028306, "pol4": -0.8892071434933868, "v0s": 3.513520898940484}, "datetime": {"datetime": "2022-04-29 15:59:31", "elapsed": 88084.097038, "delta": 17.195024}}
{"target": -1.0, "params": {"Bgrad": 1.6438948975078218, "d1": -2.3441597964532215, "d2": 0.1847658653648545, "d3": -1.1965632802205195, "d4": -1.8669045981353385, "p1": 28.00156294255789, "p2": 31.533010719116323, "p3": 8.449795129934772, "p4": 7.512700832920894, "pol1": -0.8134530451250985, "pol2": -0.13836744646482968, "pol3": -0.1682776630402396, "pol4": -0.1551548759629473, "v0s": 5.961134922956067}, "datetime": {"datetime": "2022-04-29 16:00:00", "elapsed": 88112.647698, "delta": 28.55066}}
{"target": 4.983511581184864, "params": {"Bgrad": 0.7292499659533546, "d1": -1.5167151464707564, "d2": -0.12395254353785923, "d3": -1.273102457424815, "d4": -2.105380984275634, "p1": 6.859843339666439, "p2": 0.34281427462150016, "p3": 38.45288992516515, "p4": 46.27587687571145, "pol1": 0.3652008937205511, "pol2": -0.8927244625146955, "pol3": -0.2632477864798437, "pol4": 0.5729316006184859, "v0s": 4.983511581184864}, "datetime": {"datetime": "2022-04-29 16:00:11", "elapsed": 88124.353399, "delta": 11.705701}}
{"target": -1.0, "params": {"Bgrad": 1.690013666012528, "d1": -2.0250636451950252, "d2": -1.819433897496705, "d3": -1.2540038357862784, "d4": -1.7106520367344484, "p1": 20.397428810786938, "p2": 39.16258954896422, "p3": 20.624674416818213, "p4": 29.708173313402686, "pol1": -0.18102625995439126, "pol2": -0.5570013745865374, "pol3": 0.03725378014462022, "pol4": -0.13482503549885316, "v0s": 4.517174302644917}, "datetime": {"datetime": "2022-04-29 16:00:32", "elapsed": 88144.965287, "delta": 20.611888}}
{"target": -1.0, "params": {"Bgrad": 0.7729882073880127, "d1": -2.2384364381702135, "d2": -2.4871433179797333, "d3": -2.061084460172416, "d4": -0.3586006716657275, "p1": 34.12131095653295, "p2": 9.871573454958444, "p3": 21.677507399710162, "p4": 47.621380731584374, "pol1": 0.23272226683795716, "pol2": 0.49229354475186615, "pol3": -0.20058648606178253, "pol4": 0.9601745532147679, "v0s": 5.668205139311176}, "datetime": {"datetime": "2022-04-29 16:00:46", "elapsed": 88158.848167, "delta": 13.88288}}
{"target": 4.558984256626447, "params": {"Bgrad": 0.5530926688940965, "d1": -2.2156296399803534, "d2": 0.38572295099458476, "d3": -2.0666993115058805, "d4": -1.8985228883876637, "p1": 36.35552162120709, "p2": 39.5001230556522, "p3": 23.349067082238843, "p4": 21.16159097007803, "pol1": -0.1514156833255218, "pol2": 0.825346351730273, "pol3": -0.8641663727856845, "pol4": 0.9233883588350993, "v0s": 4.558984256626447}, "datetime": {"datetime": "2022-04-29 16:00:56", "elapsed": 88168.691846, "delta": 9.843679}}
{"target": 3.444393114837133, "params": {"Bgrad": 0.9991154679008929, "d1": 0.26200314370222655, "d2": -0.8762576793928778, "d3": -1.7635885181052102, "d4": -2.0971727088554926, "p1": 29.84483950167165, "p2": 18.909081810725002, "p3": 2.0522326660718235, "p4": 12.708511928314547, "pol1": 0.8101732541169744, "pol2": 0.8917862789558912, "pol3": 0.1106034846377606, "pol4": 0.29457030663312445, "v0s": 3.444393114837133}, "datetime": {"datetime": "2022-04-29 16:01:07", "elapsed": 88180.481323, "delta": 11.789477}}
{"target": -1.0, "params": {"Bgrad": 1.6598144115247722, "d1": -2.7972011252382476, "d2": -1.45444192517993, "d3": -0.3581967089127489, "d4": -0.8363817432367657, "p1": 8.477988796874891, "p2": 33.94518571704429, "p3": 0.8828738155299332, "p4": 26.440493942348365, "pol1": -0.5293645922400154, "pol2": -0.21303104778340787, "pol3": -0.16793884655223268, "pol4": -0.2555032673376858, "v0s": 5.551825724847173}, "datetime": {"datetime": "2022-04-29 16:01:31", "elapsed": 88203.816929, "delta": 23.335606}}
{"target": -1.0, "params": {"Bgrad": 1.622531194187926, "d1": -0.9542044088730153, "d2": 0.050023803327178484, "d3": -2.204010857395479, "d4": -0.28765069178810965, "p1": 16.201690768318812, "p2": 14.710527505744153, "p3": 31.364397371682745, "p4": 32.94644745992929, "pol1": 0.48317020158013113, "pol2": 0.26992676546670746, "pol3": 0.9007382204909122, "pol4": 0.2986472015990558, "v0s": 5.885401610952285}, "datetime": {"datetime": "2022-04-29 16:01:53", "elapsed": 88226.203072, "delta": 22.386143}}
{"target": -1.0, "params": {"Bgrad": 0.9010097982728159, "d1": -0.7034057736246422, "d2": -1.93312839306848, "d3": -2.6997131660195715, "d4": -2.1978728800164253, "p1": 3.255691940414934, "p2": 30.906151131010258, "p3": 25.357842267372877, "p4": 23.031793703562155, "pol1": 0.24440213923087484, "pol2": 0.699374333335876, "pol3": -0.5468009929713586, "pol4": 0.08293768863912132, "v0s": 2.4935319304695827}, "datetime": {"datetime": "2022-04-29 16:02:15", "elapsed": 88248.398725, "delta": 22.195653}}
{"target": -1.0, "params": {"Bgrad": 0.7800348307233345, "d1": -2.569997395180427, "d2": 0.030134398143907504, "d3": -1.6913497442635528, "d4": -1.844549027572437, "p1": 24.89062346027978, "p2": 26.286549066996084, "p3": 10.081602754365809, "p4": 35.51302711534696, "pol1": -0.6228722064415633, "pol2": 0.7901197140436866, "pol3": 0.9798734784771139, "pol4": -0.9570871815263711, "v0s": 5.738614991664902}, "datetime": {"datetime": "2022-04-29 16:02:33", "elapsed": 88265.554852, "delta": 17.156127}}
{"target": -1.0, "params": {"Bgrad": 1.9918513010071264, "d1": -0.278489944949885, "d2": -0.2355131595110711, "d3": -1.3079336532911392, "d4": -1.4013787234050685, "p1": 41.545863931936815, "p2": 24.593042253136016, "p3": 43.482687544539104, "p4": 49.44318079876592, "pol1": 0.8820504141071634, "pol2": 0.08774062223971701, "pol3": 0.5625673974806262, "pol4": -0.7682268416985265, "v0s": 3.432933990927487}, "datetime": {"datetime": "2022-04-29 16:02:48", "elapsed": 88280.760196, "delta": 15.205344}}
{"target": -1.0, "params": {"Bgrad": 0.5089934476541178, "d1": 0.8976047289998421, "d2": -0.796769905293738, "d3": -1.6709356385139, "d4": -0.9647039462075204, "p1": 25.739695651485565, "p2": 7.635986738034678, "p3": 31.908278173574683, "p4": 27.87663019177834, "pol1": -0.7447912527592218, "pol2": 0.7579077240547154, "pol3": 0.9653846950356186, "pol4": 0.7560204839218108, "v0s": 4.781390453301502}, "datetime": {"datetime": "2022-04-29 16:03:15", "elapsed": 88307.703155, "delta": 26.942959}}
{"target": -1.0, "params": {"Bgrad": 1.4551946523436041, "d1": -1.9119830755970932, "d2": -0.8443990099569954, "d3": -1.3546572809732669, "d4": -0.3167402412182505, "p1": 8.275984421374034, "p2": 2.158105032180729, "p3": 39.00043244713309, "p4": 46.100947796047606, "pol1": 0.1827718475771114, "pol2": -0.6468258882962576, "pol3": 0.788720848135138, "pol4": 0.14326812684599366, "v0s": 4.173983663836209}, "datetime": {"datetime": "2022-04-29 16:03:41", "elapsed": 88333.937011, "delta": 26.233856}}
{"target": -1.0, "params": {"Bgrad": 1.2797196404673998, "d1": -2.942449720494579, "d2": -2.3968126044502034, "d3": -2.3129333998975325, "d4": -1.9429878008186723, "p1": 1.5930525209954638, "p2": 32.133273694225096, "p3": 24.293858139228348, "p4": 21.231377504341147, "pol1": -0.22099892073046878, "pol2": 0.23641132506168527, "pol3": -0.5304739707416866, "pol4": 0.9423897089993205, "v0s": 2.369326418203474}, "datetime": {"datetime": "2022-04-29 16:04:03", "elapsed": 88356.472754, "delta": 22.535743}}
{"target": -1.0, "params": {"Bgrad": 1.43703887995568, "d1": -1.6177148864418256, "d2": 0.685737657951417, "d3": -2.2497305442160167, "d4": 0.5408542928095361, "p1": 11.86800247330504, "p2": 39.14375360542192, "p3": 31.11464086854519, "p4": 7.1651454642897905, "pol1": 0.12214595408513906, "pol2": 0.2600444387002381, "pol3": -0.3874182109948512, "pol4": -0.6457540728243591, "v0s": 2.469764252008821}, "datetime": {"datetime": "2022-04-29 16:04:29", "elapsed": 88382.493181, "delta": 26.020427}}
{"target": -1.0, "params": {"Bgrad": 0.5161572668228278, "d1": -1.620210246394493, "d2": 0.5507473956281539, "d3": -1.069328506316077, "d4": -2.5653383205429687, "p1": 45.77043986916718, "p2": 34.55537849818589, "p3": 39.34731885648946, "p4": 4.168574318363094, "pol1": 1.0, "pol2": 0.19925749312489782, "pol3": -1.0, "pol4": 0.4112518424599576, "v0s": 4.215322027183791}, "datetime": {"datetime": "2022-04-29 16:04:44", "elapsed": 88397.24773, "delta": 14.754549}}
{"target": 4.23117529554432, "params": {"Bgrad": 0.607790681174321, "d1": -2.26629569597416, "d2": 0.1961879096684247, "d3": -1.687903535638887, "d4": -0.9505983515542087, "p1": 5.153612345963565, "p2": 5.570568394649078, "p3": 22.622905226620603, "p4": 17.209431006948506, "pol1": 0.20029581476379654, "pol2": -0.378971444604701, "pol3": 0.9373027561491758, "pol4": 0.95384146930513, "v0s": 4.23117529554432}, "datetime": {"datetime": "2022-04-29 16:05:03", "elapsed": 88415.661495, "delta": 18.413765}}
{"target": 3.9003825565259524, "params": {"Bgrad": 1.3811171261660882, "d1": -2.143945279211898, "d2": 0.17213548731521144, "d3": -0.9915828401020519, "d4": -0.3605712949938106, "p1": 35.332493034944434, "p2": 39.19277289741856, "p3": 23.27453889359112, "p4": 20.342286807683397, "pol1": 0.5122499589109839, "pol2": 0.34722383237775084, "pol3": -0.5309911791349217, "pol4": 0.09712404196352047, "v0s": 3.9003825565259524}, "datetime": {"datetime": "2022-04-29 16:05:18", "elapsed": 88430.662385, "delta": 15.00089}}
{"target": -1.0, "params": {"Bgrad": 0.9827535149427689, "d1": -0.13872877701370623, "d2": -1.0414850491708005, "d3": -2.068470766023932, "d4": -1.9750743257058074, "p1": 44.87237947755457, "p2": 25.66629632618377, "p3": 28.60768393680845, "p4": 47.38127605895005, "pol1": -0.5107932989546708, "pol2": 0.027619463667569732, "pol3": 0.6723429847060935, "pol4": -0.47427102958797773, "v0s": 2.2833336030054303}, "datetime": {"datetime": "2022-04-29 16:05:30", "elapsed": 88442.540625, "delta": 11.87824}}
{"target": -1.0, "params": {"Bgrad": 1.5485334913463913, "d1": -2.207733856283894, "d2": -0.08733984100800463, "d3": -0.25036448573952264, "d4": -1.3244505775894218, "p1": 25.11099945072025, "p2": 25.77962590877112, "p3": 12.961290176573215, "p4": 37.828463757541, "pol1": 0.10292993620817303, "pol2": -0.6778034208963044, "pol3": 0.6794812919162083, "pol4": -0.5833513007867082, "v0s": 3.0654041450195644}, "datetime": {"datetime": "2022-04-29 16:05:48", "elapsed": 88461.219681, "delta": 18.679056}}
{"target": 4.009581258070852, "params": {"Bgrad": 1.029879552486249, "d1": -1.509786333555069, "d2": 0.29030960688389884, "d3": -1.2035542092105591, "d4": -2.0055247923150885, "p1": 42.09335004984175, "p2": 42.15662237627081, "p3": 31.73246080299119, "p4": 15.931767506445288, "pol1": 0.9877319429698472, "pol2": -0.8611479362337204, "pol3": 0.7509265867223835, "pol4": 0.7399836566713325, "v0s": 4.009581258070852}, "datetime": {"datetime": "2022-04-29 16:06:00", "elapsed": 88472.827643, "delta": 11.607962}}
{"target": -1.0, "params": {"Bgrad": 0.9503482092088382, "d1": -2.982441694585103, "d2": -0.31991442979365114, "d3": -0.5843371849983594, "d4": -0.8541820352222977, "p1": 12.71274226518258, "p2": 46.843696967408526, "p3": 31.883571315761294, "p4": 14.830009408469492, "pol1": -0.5594623183270351, "pol2": 0.4909057383202444, "pol3": -0.28415408863682634, "pol4": 0.6223327307724642, "v0s": 5.177090729257214}, "datetime": {"datetime": "2022-04-29 16:06:18", "elapsed": 88491.010026, "delta": 18.182383}}
{"target": -1.0, "params": {"Bgrad": 0.9725248672157155, "d1": 0.03684666710883544, "d2": -0.8178741548392816, "d3": -0.6074465585646669, "d4": -1.2379200854319952, "p1": 19.528590994591706, "p2": 20.054652408539447, "p3": 17.018845594396677, "p4": 14.67645604574725, "pol1": -0.6408797859807518, "pol2": 0.2463924992124964, "pol3": -0.22009022357512875, "pol4": 0.36295403877148513, "v0s": 2.6052996149892644}, "datetime": {"datetime": "2022-04-29 16:06:31", "elapsed": 88504.144906, "delta": 13.13488}}
{"target": -1.0, "params": {"Bgrad": 0.9527723442657663, "d1": -1.7549444305622086, "d2": -1.5683728407815036, "d3": -1.2659456249338765, "d4": -1.096041584408181, "p1": 36.90627584889135, "p2": 3.6025581052364144, "p3": 6.959294957589951, "p4": 36.880822695679846, "pol1": -0.34197389962879954, "pol2": -0.21243635747024037, "pol3": 0.718715942985783, "pol4": 0.9496160023401696, "v0s": 3.2606796701211085}, "datetime": {"datetime": "2022-04-29 16:06:50", "elapsed": 88523.343573, "delta": 19.198667}}
{"target": -1.0, "params": {"Bgrad": 0.713076418943241, "d1": -0.7410265868347152, "d2": -0.589560167392396, "d3": -0.09206781976034462, "d4": -2.722509222056622, "p1": 40.776040114075776, "p2": 41.63132975360197, "p3": 31.733314219438384, "p4": 36.53587320233635, "pol1": 0.32469761893276927, "pol2": 0.8924170082345548, "pol3": 0.1504459493962902, "pol4": -0.633962705625688, "v0s": 5.6325507564690716}, "datetime": {"datetime": "2022-04-29 16:07:06", "elapsed": 88538.972782, "delta": 15.629209}}
{"target": 3.5689555282662457, "params": {"Bgrad": 1.66060795556736, "d1": -0.23539117752010963, "d2": -2.6210710129111936, "d3": -1.1473927856057196, "d4": -2.2717517997051226, "p1": 4.574621888570462, "p2": 30.84927505789363, "p3": 25.57337246519217, "p4": 22.778935539819695, "pol1": 0.21666236586411403, "pol2": -0.35319480319077634, "pol3": 0.37591581798624074, "pol4": 0.8741968699719922, "v0s": 3.5689555282662457}, "datetime": {"datetime": "2022-04-29 16:07:24", "elapsed": 88556.715342, "delta": 17.74256}}
{"target": 4.684975866272504, "params": {"Bgrad": 1.3999134446574442, "d1": -0.5572615103181349, "d2": 0.40419797051331496, "d3": -2.3098945162901905, "d4": -2.909182838085859, "p1": 3.783153654581878, "p2": 31.863490290800705, "p3": 12.935320676102535, "p4": 21.004198264652928, "pol1": 0.8285869676742896, "pol2": 0.8114566705685442, "pol3": -0.6954169835850197, "pol4": -0.5971071554603173, "v0s": 4.684975866272504}, "datetime": {"datetime": "2022-04-29 16:07:40", "elapsed": 88573.024734, "delta": 16.309392}}
{"target": 3.344175505915843, "params": {"Bgrad": 1.3837846801723968, "d1": -1.5551936276658358, "d2": 0.2578557012039382, "d3": 0.10160035070081852, "d4": -0.05235584364885115, "p1": 22.823347196686143, "p2": 24.46320600772725, "p3": 9.782393594334938, "p4": 32.67507240118597, "pol1": -0.37783016379581946, "pol2": 0.7047312070274148, "pol3": -0.03325730219808798, "pol4": 0.7504560470454176, "v0s": 3.344175505915843}, "datetime": {"datetime": "2022-04-29 16:07:54", "elapsed": 88586.54259, "delta": 13.517856}}
{"target": 3.3858386822598794, "params": {"Bgrad": 1.8223013560551422, "d1": -2.768285725439168, "d2": 0.9130956761195876, "d3": 0.10499527432126987, "d4": -0.23598472348442145, "p1": 15.20352293983605, "p2": 14.518345204161553, "p3": 29.08117338532243, "p4": 33.18109375880655, "pol1": -0.415475979100433, "pol2": 0.15035309003392539, "pol3": -0.7076379765901648, "pol4": 0.4760130273865464, "v0s": 3.3858386822598794}, "datetime": {"datetime": "2022-04-29 16:08:09", "elapsed": 88602.505907, "delta": 15.963317}}
{"target": -1.0, "params": {"Bgrad": 0.8089621714365938, "d1": -2.2426884059210703, "d2": 0.6906125723037193, "d3": -0.7653585644159926, "d4": 0.4720793345716796, "p1": 26.00401477559511, "p2": 24.43556987718038, "p3": 10.655540342554225, "p4": 33.63701749720181, "pol1": -0.24280947699353095, "pol2": -0.8325237567893702, "pol3": -0.6910959732854594, "pol4": 0.012048074122361419, "v0s": 3.7055441743608366}, "datetime": {"datetime": "2022-04-29 16:08:35", "elapsed": 88627.953864, "delta": 25.447957}}
{"target": -1.0, "params": {"Bgrad": 1.875300557546918, "d1": -2.4805892627483868, "d2": -1.1127772418572475, "d3": -2.514546124083239, "d4": 0.567521459905485, "p1": 24.771841298778792, "p2": 28.194061675321773, "p3": 26.453031808005985, "p4": 5.649177633776009, "pol1": -0.26122973162357144, "pol2": 0.024663645396168832, "pol3": -0.3124141955383626, "pol4": -0.052107795267627655, "v0s": 4.523364186021122}, "datetime": {"datetime": "2022-04-29 16:09:03", "elapsed": 88655.588973, "delta": 27.635109}}
{"target": 4.174599355476621, "params": {"Bgrad": 1.0597789511683278, "d1": -2.5759952732253795, "d2": -0.7032518695784922, "d3": -0.9536769294701202, "d4": -1.9339897537485005, "p1": 2.8569772127243596, "p2": 30.015311234038073, "p3": 24.427357448264715, "p4": 23.43775305340696, "pol1": -0.4310650302899215, "pol2": -0.9742190204091308, "pol3": 0.6891282898364908, "pol4": 0.07836336714863168, "v0s": 4.174599355476621}, "datetime": {"datetime": "2022-04-29 16:09:15", "elapsed": 88667.566946, "delta": 11.977973}}
{"target": -1.0, "params": {"Bgrad": 1.1279126135203508, "d1": 0.19818382377229327, "d2": -1.1455041984727923, "d3": -2.4282638888964367, "d4": -1.6943001168973426, "p1": 49.81550166582773, "p2": 16.774921374154804, "p3": 26.38290738779864, "p4": 13.322220509434507, "pol1": -0.4660130884659339, "pol2": 0.7332830347451311, "pol3": 0.2514228494177402, "pol4": -0.5556590165071671, "v0s": 4.347568428647442}, "datetime": {"datetime": "2022-04-29 16:09:35", "elapsed": 88687.852705, "delta": 20.285759}}
{"target": 4.762349140904591, "params": {"Bgrad": 0.6326622580048705, "d1": -2.7380863085036795, "d2": 0.9780223334505771, "d3": -1.522568361113878, "d4": -0.43079669671208753, "p1": 41.98816613903393, "p2": 42.39955392166138, "p3": 32.22125649066595, "p4": 16.07595015033375, "pol1": -0.06373921954530504, "pol2": -0.3690427041300035, "pol3": 0.7913248948287201, "pol4": -0.715795909064955, "v0s": 4.762349140904591}, "datetime": {"datetime": "2022-04-29 16:09:46", "elapsed": 88699.410801, "delta": 11.558096}}
{"target": -1.0, "params": {"Bgrad": 1.1205586984067992, "d1": -1.1692363314366316, "d2": -1.7046212655804869, "d3": -0.852252599183069, "d4": -0.9251079714498696, "p1": 3.0871149729064298, "p2": 31.395691324431933, "p3": 24.71902518979495, "p4": 23.698787926181954, "pol1": -0.8773443259394538, "pol2": -0.28769248229978195, "pol3": -0.9670488625020144, "pol4": -0.641478931657179, "v0s": 3.8559057105572445}, "datetime": {"datetime": "2022-04-29 16:10:19", "elapsed": 88731.839093, "delta": 32.428292}}
{"target": 2.7431765013627234, "params": {"Bgrad": 0.7292661599903749, "d1": -0.5920473227959074, "d2": -1.2815733101935782, "d3": 0.03839044656412013, "d4": -1.316132284251911, "p1": 46.95331275495655, "p2": 42.80753831709833, "p3": 6.840671060937361, "p4": 12.725255051512653, "pol1": -0.35445324792633687, "pol2": 0.21989075641098957, "pol3": 0.19325251857632775, "pol4": 0.8443800387673644, "v0s": 2.7431765013627234}, "datetime": {"datetime": "2022-04-29 16:10:34", "elapsed": 88747.207002, "delta": 15.367909}}
{"target": -1.0, "params": {"Bgrad": 0.6510990563297108, "d1": -0.9951825962027301, "d2": -2.2176541207122304, "d3": -0.6014335379281821, "d4": -2.020541302088125, "p1": 2.5693915337248963, "p2": 25.97833661324075, "p3": 14.997215006663255, "p4": 39.32377880798263, "pol1": -0.8837791242442932, "pol2": 0.01743721836735368, "pol3": 0.2613193851729021, "pol4": 0.3516589415933604, "v0s": 4.02981527506957}, "datetime": {"datetime": "2022-04-29 16:10:48", "elapsed": 88760.991146, "delta": 13.784144}}
{"target": -1.0, "params": {"Bgrad": 1.744289175992624, "d1": -1.6838665281306908, "d2": 0.22273289641825622, "d3": 0.8816095005487714, "d4": -2.9769766506125186, "p1": 7.4551783579914765, "p2": 1.0934647209005, "p3": 39.62171141112331, "p4": 46.77579946079125, "pol1": -0.3915879780306972, "pol2": -0.22919495045339278, "pol3": -0.6571429876945987, "pol4": 0.5697309943324258, "v0s": 5.279211917228877}, "datetime": {"datetime": "2022-04-29 16:11:12", "elapsed": 88785.335055, "delta": 24.343909}}
{"target": 3.776310148319463, "params": {"Bgrad": 1.3815878103209918, "d1": -2.3007181638691496, "d2": -0.644510585983197, "d3": -2.946304319418761, "d4": -0.09660617661861748, "p1": 23.53266132391531, "p2": 26.976458608887775, "p3": 24.943244644587594, "p4": 4.070620224373106, "pol1": -0.9411075148943528, "pol2": 0.4467718292435121, "pol3": -0.33896756970782627, "pol4": -0.10914823232194237, "v0s": 3.776310148319463}, "datetime": {"datetime": "2022-04-29 16:11:30", "elapsed": 88803.171364, "delta": 17.836309}}
