{"target": 0.0, "params": {"beta_1": 1.7278036352152388, "beta_2": 5.9515121134600495, "det_1": 123.8816734003357, "det_2": 15.47986286008237, "laseroff": 505566.16489952744, "laseron": 171312.19591657026, "main_det": 18.781174363909454}, "datetime": {"datetime": "2022-04-07 17:24:41", "elapsed": 0.0, "delta": 0.0}}
{"target": 0.027256515668051016, "params": {"beta_1": 0.13693796598963082, "beta_2": 10.057012652676033, "det_1": 111.7304802367127, "det_2": 18.96724571114379, "laseroff": 342116.94119163154, "laseron": 170284.89687437, "main_det": 18.007445686755368}, "datetime": {"datetime": "2022-04-07 17:28:51", "elapsed": 250.2728, "delta": 250.2728}}
{"target": 0.0, "params": {"beta_1": 4.841307878596988, "beta_2": 4.701362672388642, "det_1": 139.2322615669314, "det_2": 26.909728807400956, "laseroff": 568382.1044444907, "laseron": 151996.75163117528, "main_det": 10.390547832328824}, "datetime": {"datetime": "2022-04-07 17:31:46", "elapsed": 425.797327, "delta": 175.524527}}
{"target": 0.0, "params": {"beta_1": 0.8491520978228445, "beta_2": 13.172137551441198, "det_1": 79.834683383305, "det_2": 15.527690625126304, "laseroff": 587366.9011556203, "laseron": 224484.81649723524, "main_det": 16.918771139504734}, "datetime": {"datetime": "2022-04-07 17:35:22", "elapsed": 641.600657, "delta": 215.80333}}
{"target": 0.047302932195963064, "params": {"beta_1": 1.5775781550303147, "beta_2": 10.297513915223755, "det_1": 153.46256718973729, "det_2": 5.4572069336047955, "laseroff": 525043.5443391753, "laseron": 298198.1697415146, "main_det": 17.481656543798394}, "datetime": {"datetime": "2022-04-07 17:38:47", "elapsed": 846.629355, "delta": 205.028698}}
{"target": 0.0, "params": {"beta_1": 1.1198188314753876, "beta_2": 14.504139478869599, "det_1": 123.44100433547335, "det_2": 23.71018383260779, "laseroff": 549625.9885373482, "laseron": 188011.2836925565, "main_det": 15.544662287488052}, "datetime": {"datetime": "2022-04-07 17:41:47", "elapsed": 1026.421361, "delta": 179.792006}}
{"target": 0.0, "params": {"beta_1": 0.540302933907843, "beta_2": 9.575937210575031, "det_1": 141.284923819578, "det_2": 18.903241737894064, "laseroff": 371950.7730670893, "laseron": 139668.47991724496, "main_det": 12.152078542983656}, "datetime": {"datetime": "2022-04-07 17:45:20", "elapsed": 1239.160933, "delta": 212.739572}}
{"target": 0.0, "params": {"beta_1": 4.824702525315413, "beta_2": 0.9944948731911479, "det_1": 75.22329846355615, "det_2": 20.288495342499388, "laseroff": 473719.1132017481, "laseron": 277475.4277611871, "main_det": 14.026377997653736}, "datetime": {"datetime": "2022-04-07 17:47:01", "elapsed": 1340.290627, "delta": 101.129694}}
{"target": 0.11837613279496909, "params": {"beta_1": 3.273639155932776, "beta_2": 7.519820702824158, "det_1": 158.83520562914163, "det_2": 13.965602924416268, "laseroff": 331740.2503836699, "laseron": 152185.37550285616, "main_det": 15.998347873092362}, "datetime": {"datetime": "2022-04-07 17:50:03", "elapsed": 1522.205995, "delta": 181.915368}}
{"target": 0.02322077032980814, "params": {"beta_1": 3.133579641640656, "beta_2": 3.141516691673059, "det_1": 162.82905013772196, "det_2": 19.77140067285261, "laseroff": 331626.211059957, "laseron": 150554.05309594178, "main_det": 12.252338289032599}, "datetime": {"datetime": "2022-04-07 17:52:18", "elapsed": 1657.523924, "delta": 135.317929}}
{"target": 0.0, "params": {"beta_1": 3.582928289465827, "beta_2": 9.773521844028819, "det_1": 80.45538045187527, "det_2": 7.177136353899356, "laseroff": 496565.1781754979, "laseron": 272737.3974596912, "main_det": 12.017953936666357}, "datetime": {"datetime": "2022-04-07 17:55:01", "elapsed": 1820.671303, "delta": 163.147379}}
{"target": 0.0, "params": {"beta_1": 3.2855161271524826, "beta_2": 11.131727112598352, "det_1": 163.87754623625278, "det_2": 19.27885915594085, "laseroff": 331503.46760315634, "laseron": 152095.53691921502, "main_det": 12.087539613407456}, "datetime": {"datetime": "2022-04-07 17:58:15", "elapsed": 2014.550466, "delta": 193.879163}}
{"target": 0.2318805663259653, "params": {"beta_1": 4.909648405455433, "beta_2": 2.9708784019075307, "det_1": 162.92146901877766, "det_2": 15.383178764458648, "laseroff": 421337.10099470965, "laseron": 140845.64245595384, "main_det": 17.80641679140155}, "datetime": {"datetime": "2022-04-07 18:01:10", "elapsed": 2189.415745, "delta": 174.865279}}
{"target": 0.015025984212761903, "params": {"beta_1": 3.144366886148923, "beta_2": 12.42945076495272, "det_1": 132.30026987929463, "det_2": 13.249862328819118, "laseroff": 388226.55110514764, "laseron": 152960.13135392772, "main_det": 10.136850457756788}, "datetime": {"datetime": "2022-04-07 18:05:16", "elapsed": 2434.943741, "delta": 245.527996}}
{"target": 0.07499084660874178, "params": {"beta_1": 2.3265793274099655, "beta_2": 3.5344650525349404, "det_1": 89.20099229769184, "det_2": 7.419876245283515, "laseroff": 578311.9751969827, "laseron": 207644.61608534603, "main_det": 15.963782908914641}, "datetime": {"datetime": "2022-04-07 18:08:11", "elapsed": 2610.525513, "delta": 175.581772}}
{"target": 0.0, "params": {"beta_1": 4.130150719598801, "beta_2": 11.662085988661293, "det_1": 141.73417076793356, "det_2": 23.782387743754956, "laseroff": 557619.2386737224, "laseron": 139332.5289159504, "main_det": 17.071107857516687}, "datetime": {"datetime": "2022-04-07 18:37:07", "elapsed": 4346.47335, "delta": 1735.947837}}
{"target": 0.0834614408177243, "params": {"beta_1": 4.139124497976207, "beta_2": 8.871183760162888, "det_1": 131.36878243111815, "det_2": 18.73056501223325, "laseroff": 479405.9014445257, "laseron": 241510.1547470786, "main_det": 13.453454851421183}, "datetime": {"datetime": "2022-04-07 18:40:49", "elapsed": 4568.587489, "delta": 222.114139}}
