{"target": 0.03491790628283258, "params": {"beta_1": 0.41371286277847763, "beta_2": 0.47296292580499333, "det_1": 144.61299176801288, "det_2": 29.91453436887011, "laseroff": 515350.2058931865, "laseron": 293569.58701523463, "main_det": 15.944968445766941}, "datetime": {"datetime": "2022-01-08 02:40:53", "elapsed": 19099.460804, "delta": 195.451277}}
{"target": 0.011767058854972836, "params": {"beta_1": 1.973958075801541, "beta_2": 4.487613243071158, "det_1": 94.42899455504794, "det_2": 26.13379419337519, "laseroff": 526218.8120807358, "laseron": 222450.59612560313, "main_det": 17.477365882688858}, "datetime": {"datetime": "2022-01-08 02:44:08", "elapsed": 19294.60126, "delta": 195.140456}}
{"target": 0.0, "params": {"beta_1": 0.9081742432364162, "beta_2": 0.979937758468431, "det_1": 104.42348378347825, "det_2": 27.579992892928253, "laseroff": 557045.9607342378, "laseron": 199409.65691081563, "main_det": 14.497671154248883}, "datetime": {"datetime": "2022-01-08 02:47:34", "elapsed": 19499.842401, "delta": 205.241141}}
{"target": 0.048489875797697514, "params": {"beta_1": 1.5632131259939828, "beta_2": 3.25651317723074, "det_1": 148.153961645889, "det_2": 11.222689679861578, "laseroff": 407696.6571070766, "laseron": 166977.60737271124, "main_det": 18.65138435317079}, "datetime": {"datetime": "2022-01-08 02:50:05", "elapsed": 19650.845993, "delta": 151.003592}}
{"target": 0.0, "params": {"beta_1": 0.06617028204316777, "beta_2": 4.7525459775199, "det_1": 152.62765082194875, "det_2": 28.547977139987275, "laseroff": 383200.6355983908, "laseron": 282572.88002122147, "main_det": 19.80987619098106}, "datetime": {"datetime": "2022-01-08 02:52:11", "elapsed": 19777.725967, "delta": 126.879974}}
{"target": 0.0009000105836293835, "params": {"beta_1": 1.4433066524635398, "beta_2": 3.3901820911976928, "det_1": 103.7972819974799, "det_2": 8.895143610476994, "laseroff": 312264.6085831033, "laseron": 142225.024170879, "main_det": 14.931079776862344}, "datetime": {"datetime": "2022-01-08 02:53:39", "elapsed": 19865.085519, "delta": 87.359552}}
{"target": 0.0, "params": {"beta_1": 0.23970524973227025, "beta_2": 1.4371040480989983, "det_1": 79.76459401421614, "det_2": 13.26280638675501, "laseroff": 310067.2741586881, "laseron": 250514.9443944128, "main_det": 13.175287523775946}, "datetime": {"datetime": "2022-01-08 02:53:53", "elapsed": 19879.192048, "delta": 14.106529}}
{"target": 0.004835704045607229, "params": {"beta_1": 0.2617662264459859, "beta_2": 4.884464147212827, "det_1": 140.62004652799658, "det_2": 23.879177563504275, "laseroff": 465826.07906183763, "laseron": 149400.88080138067, "main_det": 18.263322451040874}, "datetime": {"datetime": "2022-01-08 02:56:48", "elapsed": 20054.474232, "delta": 175.282184}}
{"target": 0.03499931020657846, "params": {"beta_1": 0.46931469282415716, "beta_2": 1.3161104030043087, "det_1": 164.7663733016706, "det_2": 24.487978446404075, "laseroff": 387612.1385325562, "laseron": 288587.60466254654, "main_det": 17.89719089892934}, "datetime": {"datetime": "2022-01-08 02:59:27", "elapsed": 20213.675343, "delta": 159.201111}}
{"target": 0.0, "params": {"beta_1": 1.7737356757687877, "beta_2": 0.4576540584120514, "det_1": 159.71700227802455, "det_2": 17.637573033395974, "laseroff": 556195.9356186582, "laseron": 167187.12559920616, "main_det": 17.217088778890016}, "datetime": {"datetime": "2022-01-08 03:02:22", "elapsed": 20388.73957, "delta": 175.064227}}
{"target": 0.006902018432704956, "params": {"beta_1": 1.6258834439673349, "beta_2": 2.1387164157602716, "det_1": 127.51141946397593, "det_2": 5.9014946215723825, "laseroff": 343852.92243799, "laseron": 264124.10176524916, "main_det": 16.02304321556325}, "datetime": {"datetime": "2022-01-08 03:04:34", "elapsed": 20519.967124, "delta": 131.227554}}
{"target": 4.7610142090242424e-05, "params": {"beta_1": 0.8621244358363933, "beta_2": 3.7430377379622004, "det_1": 160.61079760779035, "det_2": 15.224500442321327, "laseroff": 326426.6073892995, "laseron": 146134.2566653001, "main_det": 11.318880305689195}, "datetime": {"datetime": "2022-01-08 03:06:00", "elapsed": 20606.809, "delta": 86.841876}}
{"target": 0.0, "params": {"beta_1": 1.67563701316253, "beta_2": 0.6935686776828626, "det_1": 100.65100211612264, "det_2": 13.896783828206816, "laseroff": 584642.9990911535, "laseron": 197164.945029529, "main_det": 16.7231337909099}, "datetime": {"datetime": "2022-01-08 03:08:55", "elapsed": 20781.741581, "delta": 174.932581}}
{"target": 0.00017560470603951458, "params": {"beta_1": 0.792414459088854, "beta_2": 4.591154092553763, "det_1": 89.55124248877618, "det_2": 10.280157417518991, "laseroff": 541486.3373913507, "laseron": 279614.828893882, "main_det": 12.329766445537274}, "datetime": {"datetime": "2022-01-08 03:12:02", "elapsed": 20967.932655, "delta": 186.191074}}
{"target": 0.0, "params": {"beta_1": 1.5530695221520856, "beta_2": 4.4021698399390505, "det_1": 111.44588185302337, "det_2": 23.671568813880082, "laseroff": 327275.0570063489, "laseron": 215201.8392733102, "main_det": 15.784520362502365}, "datetime": {"datetime": "2022-01-08 03:13:25", "elapsed": 21051.079152, "delta": 83.146497}}
{"target": 0.0, "params": {"beta_1": 1.607144185986299, "beta_2": 2.8475491962030492, "det_1": 120.23590546969012, "det_2": 12.573981980994132, "laseroff": 315785.2340006065, "laseron": 271598.3445834777, "main_det": 16.675875413522203}, "datetime": {"datetime": "2022-01-08 03:13:40", "elapsed": 21066.10559, "delta": 15.026438}}
{"target": 0.06475793083043728, "params": {"beta_1": 1.5127512143598068, "beta_2": 4.173394174827813, "det_1": 102.70799854176232, "det_2": 10.150944098752543, "laseroff": 523276.82577553485, "laseron": 186185.96857641096, "main_det": 19.729307103819874}, "datetime": {"datetime": "2022-01-08 03:17:01", "elapsed": 21267.420652, "delta": 201.315062}}
{"target": 0.0, "params": {"beta_1": 0.7535823326265343, "beta_2": 4.533451825503582, "det_1": 109.1700031224241, "det_2": 23.696563774068782, "laseroff": 476948.7318228121, "laseron": 189359.490232019, "main_det": 10.039585146744795}, "datetime": {"datetime": "2022-01-08 03:19:45", "elapsed": 21430.908585, "delta": 163.487933}}
{"target": 0.046750547945462226, "params": {"beta_1": 1.265915612001688, "beta_2": 3.724259194976691, "det_1": 100.12573793186073, "det_2": 10.725382005087855, "laseroff": 576063.8449272142, "laseron": 175610.8949896202, "main_det": 16.673906916028095}, "datetime": {"datetime": "2022-01-08 03:22:57", "elapsed": 21623.737305, "delta": 192.82872}}
{"target": 0.0016678034243011904, "params": {"beta_1": 0.5809114045029224, "beta_2": 2.938095002287055, "det_1": 138.39299674015956, "det_2": 10.611204711064712, "laseroff": 334417.47965710296, "laseron": 241948.95111822034, "main_det": 15.991482887516492}, "datetime": {"datetime": "2022-01-08 03:24:36", "elapsed": 21722.666909, "delta": 98.929604}}
{"target": 0.0, "params": {"beta_1": 1.2064807243511775, "beta_2": 4.927098008134251, "det_1": 137.9087072177985, "det_2": 5.213506321109261, "laseroff": 357866.9366933801, "laseron": 296533.3904516001, "main_det": 10.39663331847479}, "datetime": {"datetime": "2022-01-08 03:25:57", "elapsed": 21802.940746, "delta": 80.273837}}
{"target": 0.021749228929095366, "params": {"beta_1": 1.0090900068372397, "beta_2": 0.5474443532957851, "det_1": 94.95894749999542, "det_2": 6.979019330645665, "laseroff": 407873.8310250462, "laseron": 198250.1255680616, "main_det": 13.880900582464658}, "datetime": {"datetime": "2022-01-08 03:28:46", "elapsed": 21971.931648, "delta": 168.990902}}
{"target": 0.010556281912766561, "params": {"beta_1": 0.8337438383809486, "beta_2": 1.0735321663320596, "det_1": 152.7212072202251, "det_2": 8.489612094437753, "laseroff": 572710.3113359674, "laseron": 255800.88948020432, "main_det": 12.336510815820482}, "datetime": {"datetime": "2022-01-08 03:32:30", "elapsed": 22196.651657, "delta": 224.720009}}
{"target": 0.005053179927617592, "params": {"beta_1": 0.05615100661983652, "beta_2": 3.2114951692105658, "det_1": 112.9812271756004, "det_2": 9.232520409749757, "laseroff": 521001.61244076927, "laseron": 259895.69070299753, "main_det": 12.881933197102779}, "datetime": {"datetime": "2022-01-08 03:35:45", "elapsed": 22391.332824, "delta": 194.681167}}
{"target": 0.014497163739338279, "params": {"beta_1": 0.45966845350397945, "beta_2": 1.5715248428462936, "det_1": 80.14007857806897, "det_2": 11.683277444172091, "laseroff": 493561.26373070304, "laseron": 236935.98704253312, "main_det": 12.934725883960736}, "datetime": {"datetime": "2022-01-08 03:38:53", "elapsed": 22579.391367, "delta": 188.058543}}
{"target": 0.05073341141820411, "params": {"beta_1": 0.6383159273912036, "beta_2": 1.9438394769656848, "det_1": 161.43433810676407, "det_2": 22.737734149302003, "laseroff": 358916.591426731, "laseron": 203750.32016497746, "main_det": 19.475054029605168}, "datetime": {"datetime": "2022-01-08 03:41:09", "elapsed": 22715.490812, "delta": 136.099445}}
{"target": 0.05527641079284199, "params": {"beta_1": 1.8786452020144049, "beta_2": 0.21035562969248633, "det_1": 163.07357331237216, "det_2": 21.727088154600857, "laseroff": 319021.7082231053, "laseron": 212939.68107705214, "main_det": 19.236159414841616}, "datetime": {"datetime": "2022-01-08 03:43:11", "elapsed": 22837.755283, "delta": 122.264471}}
{"target": 0.0005810092506721185, "params": {"beta_1": 0.38210308717485963, "beta_2": 3.465435590120461, "det_1": 112.29101330521954, "det_2": 24.653919096320386, "laseroff": 413327.1590251903, "laseron": 245754.58570987397, "main_det": 12.34154388334526}, "datetime": {"datetime": "2022-01-08 03:45:48", "elapsed": 22994.040909, "delta": 156.285626}}
{"target": 0.01588401923587622, "params": {"beta_1": 0.44437366407029066, "beta_2": 1.4528168033493611, "det_1": 86.76597409343512, "det_2": 16.52653835329531, "laseroff": 356710.7481381751, "laseron": 238974.6772686725, "main_det": 18.009910090251736}, "datetime": {"datetime": "2022-01-08 03:48:15", "elapsed": 23140.892574, "delta": 146.851665}}
{"target": 0.013522054883033438, "params": {"beta_1": 0.10950738344751354, "beta_2": 0.9673020096796259, "det_1": 118.61597754879777, "det_2": 5.112581097703887, "laseroff": 578421.1472185872, "laseron": 148778.0236294273, "main_det": 12.42959116940743}, "datetime": {"datetime": "2022-01-08 03:51:28", "elapsed": 23334.262707, "delta": 193.370133}}
{"target": 0.017514603110702864, "params": {"beta_1": 1.3402042320838845, "beta_2": 2.9808932625328763, "det_1": 135.05779931461956, "det_2": 13.599119705429988, "laseroff": 580338.9488308374, "laseron": 232633.05997051217, "main_det": 15.356265450557721}, "datetime": {"datetime": "2022-01-08 03:54:37", "elapsed": 23523.519349, "delta": 189.256642}}
{"target": 5.3835433817164275e-05, "params": {"beta_1": 1.9757588442701206, "beta_2": 4.69807385029603, "det_1": 104.75860604715585, "det_2": 20.546273647086878, "laseroff": 369831.172676245, "laseron": 144081.4361810657, "main_det": 15.057952418586115}, "datetime": {"datetime": "2022-01-08 03:56:36", "elapsed": 23642.528776, "delta": 119.009427}}
{"target": 0.04923579775714784, "params": {"beta_1": 0.4579203377258614, "beta_2": 1.2344153177514166, "det_1": 104.84626817938451, "det_2": 28.025234686713926, "laseroff": 437908.69077931374, "laseron": 166926.46718080758, "main_det": 19.596747166089223}, "datetime": {"datetime": "2022-01-08 03:59:15", "elapsed": 23801.282337, "delta": 158.753561}}
{"target": 0.0519166605835322, "params": {"beta_1": 0.3565526316900731, "beta_2": 0.1205026007336718, "det_1": 169.48700890858316, "det_2": 12.351818124682843, "laseroff": 436394.10175221635, "laseron": 167460.03308254303, "main_det": 16.53731780445128}, "datetime": {"datetime": "2022-01-08 04:01:53", "elapsed": 23959.157942, "delta": 157.875605}}
{"target": 0.01344897720222998, "params": {"beta_1": 1.46904766842649, "beta_2": 1.5178889976628007, "det_1": 119.01991321420856, "det_2": 16.799822726243928, "laseroff": 452685.4328001485, "laseron": 196098.94095249713, "main_det": 11.862154932205938}, "datetime": {"datetime": "2022-01-08 04:05:10", "elapsed": 24155.856942, "delta": 196.699}}
{"target": 0.04814881672902381, "params": {"beta_1": 0.4806038093795548, "beta_2": 2.1024014298442015, "det_1": 120.03346151989533, "det_2": 24.595876292895355, "laseroff": 384154.8576592879, "laseron": 145344.4718055098, "main_det": 17.975861085259705}, "datetime": {"datetime": "2022-01-08 04:07:35", "elapsed": 24300.963761, "delta": 145.106819}}
{"target": 0.017122808824920368, "params": {"beta_1": 1.4406721487762055, "beta_2": 0.5738397027980036, "det_1": 121.39098533665822, "det_2": 12.072394092583494, "laseroff": 515921.64247636904, "laseron": 200171.81345454234, "main_det": 17.472867901009163}, "datetime": {"datetime": "2022-01-08 04:10:12", "elapsed": 24458.694211, "delta": 157.73045}}
{"target": 6.316095489553815e-05, "params": {"beta_1": 1.9578117820665668, "beta_2": 4.780563695911528, "det_1": 96.80386902602997, "det_2": 25.781968491470664, "laseroff": 551258.3936704696, "laseron": 195939.85597435728, "main_det": 10.660070058072053}, "datetime": {"datetime": "2022-01-08 04:13:23", "elapsed": 24649.050489, "delta": 190.356278}}
{"target": 0.023263287400869716, "params": {"beta_1": 1.5590220886833526, "beta_2": 4.173298389955419, "det_1": 154.50064121799565, "det_2": 16.7901805450391, "laseroff": 549060.8266358352, "laseron": 196518.10518466934, "main_det": 15.055653859790818}, "datetime": {"datetime": "2022-01-08 04:16:43", "elapsed": 24848.941333, "delta": 199.890844}}
{"target": 0.06665114149838881, "params": {"beta_1": 0.16225855071834117, "beta_2": 0.03040958868999022, "det_1": 78.04069178017815, "det_2": 10.631241211980964, "laseroff": 538679.7778558542, "laseron": 274111.0279933765, "main_det": 18.804824545658214}, "datetime": {"datetime": "2022-01-08 04:19:58", "elapsed": 25044.365138, "delta": 195.423805}}
{"target": 0.016647150286415762, "params": {"beta_1": 0.9321600529965466, "beta_2": 1.7542078636259477, "det_1": 130.68493285962475, "det_2": 20.753105044759465, "laseroff": 348908.4344812313, "laseron": 288423.9799713404, "main_det": 18.177658906057644}, "datetime": {"datetime": "2022-01-08 04:22:09", "elapsed": 25175.045504, "delta": 130.680366}}
{"target": 0.01999845311516329, "params": {"beta_1": 0.35455871446899145, "beta_2": 2.8357114719580956, "det_1": 152.8447339018125, "det_2": 7.623988668099939, "laseroff": 448510.13436869957, "laseron": 139432.10327926013, "main_det": 13.477019279839677}, "datetime": {"datetime": "2022-01-08 04:24:55", "elapsed": 25341.579641, "delta": 166.534137}}
{"target": 0.007815056193141037, "params": {"beta_1": 0.011845441512369215, "beta_2": 3.8683876794445227, "det_1": 150.42302987432487, "det_2": 18.79884490572379, "laseroff": 574472.6752836985, "laseron": 223160.32139913033, "main_det": 15.171072101911275}, "datetime": {"datetime": "2022-01-08 04:28:18", "elapsed": 25544.49523, "delta": 202.915589}}
{"target": 0.048499478966925795, "params": {"beta_1": 1.4976324747892336, "beta_2": 0.7878414762562819, "det_1": 98.74598812846696, "det_2": 13.097126532736398, "laseroff": 432101.85482742894, "laseron": 155323.46366819204, "main_det": 16.59039082751156}, "datetime": {"datetime": "2022-01-08 04:31:15", "elapsed": 25721.215033, "delta": 176.719803}}
{"target": 0.03534047549478129, "params": {"beta_1": 1.1415908294932005, "beta_2": 3.4754863029105003, "det_1": 88.224841075743, "det_2": 19.08202906180028, "laseroff": 425132.2400363168, "laseron": 271884.7382011823, "main_det": 19.352858955618565}, "datetime": {"datetime": "2022-01-08 04:34:12", "elapsed": 25898.444089, "delta": 177.229056}}
{"target": 0.0359405141020262, "params": {"beta_1": 0.6367586535474348, "beta_2": 4.360021427056072, "det_1": 151.4942369829895, "det_2": 20.89099471787455, "laseroff": 587621.3585971714, "laseron": 283881.15663799003, "main_det": 19.38172960270172}, "datetime": {"datetime": "2022-01-08 04:37:55", "elapsed": 26121.32725, "delta": 222.883161}}
{"target": 0.05454759338610255, "params": {"beta_1": 0.6327140538280336, "beta_2": 1.019252353245298, "det_1": 106.34234612342271, "det_2": 6.859696274799044, "laseroff": 469726.8733749604, "laseron": 180671.77890383697, "main_det": 15.201065698256992}, "datetime": {"datetime": "2022-01-08 04:40:42", "elapsed": 26288.551215, "delta": 167.223965}}
{"target": 0.03656200738320931, "params": {"beta_1": 1.9139076394646286, "beta_2": 2.567876396136686, "det_1": 157.8104538190301, "det_2": 25.492660368700538, "laseroff": 396901.4582290747, "laseron": 170561.68746471812, "main_det": 16.042871021603283}, "datetime": {"datetime": "2022-01-08 04:43:24", "elapsed": 26450.439632, "delta": 161.888417}}
{"target": 0.013616063574494547, "params": {"beta_1": 0.5513894212754962, "beta_2": 0.6561095813033507, "det_1": 131.20559484909973, "det_2": 13.116240635127788, "laseroff": 552313.893165674, "laseron": 185655.42070981103, "main_det": 13.100891171445296}, "datetime": {"datetime": "2022-01-08 04:46:53", "elapsed": 26659.471373, "delta": 209.031741}}
{"target": 0.0059526426057612694, "params": {"beta_1": 0.4458886032227072, "beta_2": 0.6738201254776177, "det_1": 108.45670979897704, "det_2": 18.605365175481893, "laseroff": 339690.02030501096, "laseron": 146073.7661959945, "main_det": 13.564880688880443}, "datetime": {"datetime": "2022-01-08 04:48:51", "elapsed": 26777.743052, "delta": 118.271679}}
{"target": 0.01772307789692082, "params": {"beta_1": 1.2882761811809158, "beta_2": 0.5020295315821233, "det_1": 161.80172643751584, "det_2": 19.238664662665524, "laseroff": 431884.8075523635, "laseron": 264262.32339652727, "main_det": 12.689232072706796}, "datetime": {"datetime": "2022-01-08 04:51:58", "elapsed": 26964.187006, "delta": 186.443954}}
{"target": 0.0, "params": {"beta_1": 0.6237644587065163, "beta_2": 0.6471895254836257, "det_1": 133.85575794496597, "det_2": 25.421898604620527, "laseroff": 339700.3543258678, "laseron": 233896.64495355735, "main_det": 10.214524667869028}, "datetime": {"datetime": "2022-01-08 04:53:22", "elapsed": 27047.848354, "delta": 83.661348}}
{"target": 0.0077971540091896505, "params": {"beta_1": 1.3187182805945916, "beta_2": 3.100588541573826, "det_1": 133.99804557226872, "det_2": 25.019188023160943, "laseroff": 484449.59192985133, "laseron": 186667.86738288117, "main_det": 12.143976730131651}, "datetime": {"datetime": "2022-01-08 04:56:22", "elapsed": 27228.433786, "delta": 180.585432}}
{"target": 0.058177498316285305, "params": {"beta_1": 0.1096426560437549, "beta_2": 2.0141464917963097, "det_1": 95.16182077849142, "det_2": 5.2693152914757215, "laseroff": 485267.929808015, "laseron": 167232.68936024033, "main_det": 16.833286284017063}, "datetime": {"datetime": "2022-01-08 04:59:14", "elapsed": 27400.522218, "delta": 172.088432}}
{"target": 0.0, "params": {"beta_1": 0.6292313071848645, "beta_2": 4.498593661707995, "det_1": 75.8182599418925, "det_2": 18.670285442652506, "laseroff": 349937.2861927808, "laseron": 288923.5972906254, "main_det": 10.665764557311563}, "datetime": {"datetime": "2022-01-08 05:00:35", "elapsed": 27481.41513, "delta": 80.892912}}
{"target": 0.017027865624350758, "params": {"beta_1": 0.10424861965106524, "beta_2": 2.338204662810168, "det_1": 167.76852407083607, "det_2": 22.35054614313068, "laseroff": 409006.8945706632, "laseron": 261754.87800229696, "main_det": 16.026328089140442}, "datetime": {"datetime": "2022-01-08 05:03:30", "elapsed": 27656.367917, "delta": 174.952787}}
{"target": 0.0, "params": {"beta_1": 1.2006337242987801, "beta_2": 0.7658618416251894, "det_1": 162.52037946253634, "det_2": 6.187926903550219, "laseroff": 550107.8785027263, "laseron": 190296.4402733259, "main_det": 19.901392101406486}, "datetime": {"datetime": "2022-01-08 05:06:00", "elapsed": 27806.482414, "delta": 150.114497}}
{"target": 0.0003655073783625305, "params": {"beta_1": 0.00044825404145387715, "beta_2": 4.217412826364056, "det_1": 100.8856086780492, "det_2": 24.610463611822507, "laseroff": 509475.4140686606, "laseron": 295152.748296071, "main_det": 13.13835939855612}, "datetime": {"datetime": "2022-01-08 05:08:56", "elapsed": 27982.494442, "delta": 176.012028}}
{"target": 0.0, "params": {"beta_1": 0.3996966974343297, "beta_2": 2.7646955224163556, "det_1": 94.41446612867855, "det_2": 25.270230686277255, "laseroff": 324209.8817900454, "laseron": 224195.76304492375, "main_det": 10.883927774560643}, "datetime": {"datetime": "2022-01-08 05:10:11", "elapsed": 28057.300849, "delta": 74.806407}}
{"target": 0.0064281618634150885, "params": {"beta_1": 1.7926510435111989, "beta_2": 1.9437434684751205, "det_1": 111.77462635007657, "det_2": 9.707581127949753, "laseroff": 304439.38422326744, "laseron": 212280.38698540727, "main_det": 17.826390546890888}, "datetime": {"datetime": "2022-01-08 05:11:55", "elapsed": 28161.764057, "delta": 104.463208}}
{"target": 0.06393192170284233, "params": {"beta_1": 0.6502471350109482, "beta_2": 2.740339426639689, "det_1": 113.73454206825828, "det_2": 19.00432030371099, "laseroff": 486432.8664817647, "laseron": 244528.80149649346, "main_det": 17.74103612618334}, "datetime": {"datetime": "2022-01-08 05:15:10", "elapsed": 28356.120851, "delta": 194.356794}}
{"target": 0.004299316236911164, "params": {"beta_1": 0.16797443567768688, "beta_2": 2.9138560779952805, "det_1": 133.90548990623105, "det_2": 6.439857718243393, "laseroff": 489688.8645574917, "laseron": 206334.74918710117, "main_det": 11.98855785991751}, "datetime": {"datetime": "2022-01-08 05:18:20", "elapsed": 28546.221791, "delta": 190.10094}}
{"target": 0.0003527896729842083, "params": {"beta_1": 1.26914216391544, "beta_2": 4.1834513407033, "det_1": 77.6395692906917, "det_2": 14.159146229983211, "laseroff": 535968.6230596254, "laseron": 209251.13318857172, "main_det": 10.859063662681724}, "datetime": {"datetime": "2022-01-08 05:21:23", "elapsed": 28728.872659, "delta": 182.650868}}
