{"target": 2.9437391710952228, "params": {"Bgrad": 1.783849554317872, "d1": -0.8730531797658441, "d2": -0.7386416923764689, "d3": -0.15016184969914415, "d4": 0.07576101057384754, "p1": 26.82013706886292, "p2": 5.52928143811503, "p3": 32.64645480412943, "p4": 30.644979989546673, "pol1": -0.6897265094930181, "pol2": -0.1693144111245568, "pol3": -0.01646330553819353, "pol4": -0.6943735514071276, "v0s": 2.9437391710952228}, "datetime": {"datetime": "2022-04-30 12:59:18", "elapsed": 163671.361522, "delta": 57.678777}}
{"target": -1.0, "params": {"Bgrad": 1.2752624168909361, "d1": -2.0226327388374687, "d2": -0.32626313996148015, "d3": -2.3123089448512926, "d4": -1.5090682669386193, "p1": 6.202513475119487, "p2": 12.081195257087884, "p3": 35.41758151246135, "p4": 1.8328534122179996, "pol1": 0.8724073200132942, "pol2": -0.4725308038333007, "pol3": -0.54116077073455, "pol4": 0.8339564523441614, "v0s": 6.1944151494384}, "datetime": {"datetime": "2022-04-30 12:59:55", "elapsed": 163708.50421, "delta": 37.142688}}
{"target": 3.256363287080179, "params": {"Bgrad": 1.7564600165041633, "d1": -0.2072012269177002, "d2": -0.3997468413086343, "d3": -0.8465284596303869, "d4": -0.7745279571471386, "p1": 25.690670917926035, "p2": 6.841688410502367, "p3": 32.05385214091364, "p4": 29.17041367724708, "pol1": -0.7605873408971744, "pol2": 0.1093571521494088, "pol3": 0.30456565353932774, "pol4": -0.607628039540709, "v0s": 3.256363287080179}, "datetime": {"datetime": "2022-04-30 13:00:48", "elapsed": 163761.458619, "delta": 52.954409}}
{"target": 4.454854514217504, "params": {"Bgrad": 1.8698909381084046, "d1": -1.7747575921306982, "d2": 0.04565588683715282, "d3": -2.393134847764079, "d4": -1.7443598180979554, "p1": 8.002933403343436, "p2": 35.94277031670542, "p3": 35.25760966161576, "p4": 34.496039073165875, "pol1": -0.4947876732459512, "pol2": 0.6095572837416806, "pol3": -0.2592171198023955, "pol4": -0.10205627681043139, "v0s": 4.454854514217504}, "datetime": {"datetime": "2022-04-30 13:02:11", "elapsed": 163843.866276, "delta": 82.407657}}
{"target": -1.0, "params": {"Bgrad": 1.3196087044319593, "d1": -2.8390048000763213, "d2": 0.6995784822651987, "d3": 0.009161176552351158, "d4": -2.340369056356817, "p1": 30.693318310899127, "p2": 29.693905882096555, "p3": 7.084738308130994, "p4": 7.621960839309922, "pol1": 0.0935025123161417, "pol2": 0.022665676843464544, "pol3": 0.48466093519191134, "pol4": -0.11648129076992109, "v0s": 4.474037228083531}, "datetime": {"datetime": "2022-04-30 13:02:52", "elapsed": 163885.358334, "delta": 41.492058}}
{"target": 4.900444952414474, "params": {"Bgrad": 1.161957825116488, "d1": -2.9949721600557093, "d2": 0.441184398238486, "d3": -0.35318197972665777, "d4": -1.3227583738101996, "p1": 28.90720548507486, "p2": 47.297460344622024, "p3": 26.063723105395255, "p4": 28.520317193303278, "pol1": -0.7507530361851584, "pol2": 0.8832160767497221, "pol3": -0.5147291952085373, "pol4": -0.3595175131571269, "v0s": 4.900444952414474}, "datetime": {"datetime": "2022-04-30 13:03:45", "elapsed": 163937.781165, "delta": 52.422831}}
{"target": -1.0, "params": {"Bgrad": 1.2591023528553995, "d1": -1.3918414783068558, "d2": -0.3546293806857155, "d3": -0.03531832513591482, "d4": -2.838532104276409, "p1": 1.0366613141145453, "p2": 27.845868804875145, "p3": 11.749859061416679, "p4": 17.87705591204954, "pol1": 0.42569686966323994, "pol2": -0.6803955630497671, "pol3": 0.25268146605723607, "pol4": -0.9305055586313955, "v0s": 3.9428003347570364}, "datetime": {"datetime": "2022-04-30 13:04:34", "elapsed": 163987.505212, "delta": 49.724047}}
{"target": -1.0, "params": {"Bgrad": 0.9268646365250051, "d1": -0.9580624602352747, "d2": 0.6345331562411181, "d3": -1.9703225870697407, "d4": -1.6251619976049696, "p1": 4.5709503398434155, "p2": 3.7728130601677625, "p3": 30.85361153988681, "p4": 14.041436209096764, "pol1": -0.277530845432608, "pol2": 0.22281782255635685, "pol3": -0.7002553876608866, "pol4": 0.20919694407228429, "v0s": 6.012949671476592}, "datetime": {"datetime": "2022-04-30 13:05:15", "elapsed": 164027.984977, "delta": 40.479765}}
{"target": 5.105273339540428, "params": {"Bgrad": 1.4497196527325198, "d1": -2.404333324502064, "d2": 0.4949014279387356, "d3": -1.4467174398746634, "d4": -2.4910078013670205, "p1": 4.606991657098186, "p2": 2.5871749602250804, "p3": 35.784608401581394, "p4": 46.23558386604502, "pol1": 0.20753429497937703, "pol2": -0.47409450581300594, "pol3": -0.2018832624022242, "pol4": -0.7572612930857023, "v0s": 5.105273339540428}, "datetime": {"datetime": "2022-04-30 13:06:01", "elapsed": 164074.401866, "delta": 46.416889}}
{"target": 2.7377383424948603, "params": {"Bgrad": 1.989115453623294, "d1": -2.4594105405793276, "d2": -2.8425697190580665, "d3": -0.6252939739427958, "d4": -1.4347760961839007, "p1": 5.545403925828629, "p2": 0.24846621065097718, "p3": 36.66231521529209, "p4": 47.14287936051834, "pol1": -0.496006859572776, "pol2": 0.11270686375795047, "pol3": 0.7778275304467384, "pol4": -0.5021402245607114, "v0s": 2.7377383424948603}, "datetime": {"datetime": "2022-04-30 13:06:56", "elapsed": 164129.062713, "delta": 54.660847}}
{"target": 5.05893436213863, "params": {"Bgrad": 1.170795145853779, "d1": -2.5574408513369455, "d2": 0.8011337457745907, "d3": -1.8545570039352999, "d4": -2.121254829426691, "p1": 17.05457795555007, "p2": 38.25739642493317, "p3": 1.9793878949027262, "p4": 31.835958217961853, "pol1": -0.32922209750678, "pol2": 0.25381185281511137, "pol3": 0.39297425334132086, "pol4": -0.7460843171563274, "v0s": 5.05893436213863}, "datetime": {"datetime": "2022-04-30 13:07:35", "elapsed": 164168.054456, "delta": 38.991743}}
{"target": -1.0, "params": {"Bgrad": 0.6591628151755222, "d1": -0.08157134421096268, "d2": -0.1777178859574442, "d3": -1.2270824402410865, "d4": -2.956692537856237, "p1": 7.827440066524649, "p2": 36.64631232838713, "p3": 33.470025512611215, "p4": 6.905572336789767, "pol1": -0.8870100836939274, "pol2": 0.47928094912140895, "pol3": -0.9736556676244581, "pol4": 0.9097674083533165, "v0s": 4.814544844755916}, "datetime": {"datetime": "2022-04-30 13:08:17", "elapsed": 164209.553495, "delta": 41.499039}}
{"target": 2.306800904840857, "params": {"Bgrad": 1.1617240485373095, "d1": -0.7244903548487995, "d2": 0.20710300243350896, "d3": -1.2648368352263963, "d4": 0.6830994782119069, "p1": 29.63779513812854, "p2": 0.0, "p3": 33.35978218687552, "p4": 10.04752742070145, "pol1": -1.0, "pol2": 0.5507570431679094, "pol3": 0.023699284688589752, "pol4": 0.4781809025773567, "v0s": 2.306800904840857}, "datetime": {"datetime": "2022-04-30 13:09:49", "elapsed": 164302.226704, "delta": 92.673209}}
{"target": -1.0, "params": {"Bgrad": 1.3339821204031144, "d1": -1.9639765705393688, "d2": 0.2139578403183564, "d3": -1.6888421290884401, "d4": -2.5443788212014975, "p1": 7.33607765715486, "p2": 34.737726682973744, "p3": 33.318438292847006, "p4": 5.7629836394906375, "pol1": -0.38036207255312493, "pol2": -0.09167883321496562, "pol3": -0.7837491878917522, "pol4": -0.0664953218836839, "v0s": 3.428888432016233}, "datetime": {"datetime": "2022-04-30 13:11:11", "elapsed": 164383.642014, "delta": 81.41531}}
{"target": 2.9862904415763976, "params": {"Bgrad": 1.1198065304749003, "d1": -1.4457279810072996, "d2": -0.2961402504761599, "d3": -1.6737497777557961, "d4": 0.2759275761552877, "p1": 10.419329475680504, "p2": 38.62093675380552, "p3": 31.69484738823722, "p4": 6.626088811406513, "pol1": -0.775075639869521, "pol2": 0.7029583224301538, "pol3": 0.011035413494150915, "pol4": 0.9820995629173017, "v0s": 2.9862904415763976}, "datetime": {"datetime": "2022-04-30 13:11:47", "elapsed": 164420.388761, "delta": 36.746747}}
{"target": 3.72954196479827, "params": {"Bgrad": 1.5803193972524934, "d1": -1.5882077161156065, "d2": -0.30367767808539514, "d3": -2.1286219431513107, "d4": 0.25767521360246926, "p1": 15.179238433888145, "p2": 13.982869154969483, "p3": 28.50541108580761, "p4": 34.36234531387097, "pol1": -0.21084158497907873, "pol2": 0.18455237828002716, "pol3": -0.06832767090490117, "pol4": -0.2657861424535833, "v0s": 3.72954196479827}, "datetime": {"datetime": "2022-04-30 13:12:50", "elapsed": 164483.373351, "delta": 62.98459}}
{"target": 4.230965501763676, "params": {"Bgrad": 1.4190899793174336, "d1": -2.358517716353613, "d2": -0.7310115100022072, "d3": -1.117939029921617, "d4": 0.9204765752030992, "p1": 24.26018459500641, "p2": 29.075786616235956, "p3": 25.83996601155134, "p4": 2.59644075155287, "pol1": -0.3466722281780499, "pol2": -0.1137003306189519, "pol3": 0.4473668844685057, "pol4": -0.428167658685205, "v0s": 4.230965501763676}, "datetime": {"datetime": "2022-04-30 13:13:32", "elapsed": 164524.99207, "delta": 41.618719}}
{"target": -1.0, "params": {"Bgrad": 1.5515566572027115, "d1": -1.661347052214449, "d2": -0.6981585116062563, "d3": -2.8095736170638963, "d4": -2.4880333777016865, "p1": 13.708637806527818, "p2": 43.177934361827006, "p3": 1.6653603289612684, "p4": 11.330519165024278, "pol1": 0.9237772369781014, "pol2": 0.8088577748231636, "pol3": -0.7488038888376067, "pol4": -0.5385972418965779, "v0s": 3.396930505723681}, "datetime": {"datetime": "2022-04-30 13:14:23", "elapsed": 164576.265977, "delta": 51.273907}}
{"target": 3.1066121607807133, "params": {"Bgrad": 0.923205274828973, "d1": -0.3833468932510131, "d2": 0.2520952553821503, "d3": -0.8225813369605195, "d4": -0.39447431657078136, "p1": 6.6641766778192615, "p2": 14.72828513105095, "p3": 34.032184950526876, "p4": 3.5611000227237066, "pol1": -0.42080916589271844, "pol2": 0.24188166237618836, "pol3": 0.005905963477654375, "pol4": 0.5830668466444529, "v0s": 3.1066121607807133}, "datetime": {"datetime": "2022-04-30 13:15:11", "elapsed": 164624.12002, "delta": 47.854043}}
{"target": -1.0, "params": {"Bgrad": 1.3427288974113996, "d1": -0.22108003308829396, "d2": 0.803981667107145, "d3": -3.0, "d4": -2.1090779293803426, "p1": 26.59828033518479, "p2": 14.191103132612488, "p3": 20.69544787151163, "p4": 49.10790717093164, "pol1": -0.9748142876209934, "pol2": 0.9543560553311636, "pol3": 0.37969451191583403, "pol4": 0.07304757735485116, "v0s": 4.930672297481878}, "datetime": {"datetime": "2022-04-30 13:15:49", "elapsed": 164661.871081, "delta": 37.751061}}
{"target": -1.0, "params": {"Bgrad": 1.0750148953270995, "d1": -0.8290043680230426, "d2": 0.47278918724282537, "d3": 0.26481722871887836, "d4": 0.931488947216129, "p1": 14.706684346971882, "p2": 8.844606164539881, "p3": 47.06490484017024, "p4": 24.455027835797154, "pol1": -0.5040287233782532, "pol2": -0.360698926751742, "pol3": -0.24042272896955486, "pol4": 0.53287021669492, "v0s": 2.540458527322028}, "datetime": {"datetime": "2022-04-30 13:16:48", "elapsed": 164721.216402, "delta": 59.345321}}
{"target": -1.0, "params": {"Bgrad": 1.016477236727128, "d1": -1.7992227014764333, "d2": 0.2862662724587226, "d3": -1.8567864183895013, "d4": 0.26293913797652246, "p1": 4.251614010765126, "p2": 0.5950396708945704, "p3": 35.50626043813875, "p4": 45.40123293762103, "pol1": 0.4283554086630914, "pol2": -0.6734779489331326, "pol3": 0.24770963040527016, "pol4": 0.49289443216698103, "v0s": 4.776370895220866}, "datetime": {"datetime": "2022-04-30 13:17:42", "elapsed": 164774.868945, "delta": 53.652543}}
{"target": 4.042752575977761, "params": {"Bgrad": 1.4994824165719192, "d1": -2.4860673303454806, "d2": 0.4709061930405256, "d3": -0.6353858341496745, "d4": -1.716975865276138, "p1": 38.80875863258337, "p2": 25.512554135548122, "p3": 42.982910341916444, "p4": 47.31512002338086, "pol1": -0.2724593127883219, "pol2": 0.9705721313116438, "pol3": -0.5664601629974864, "pol4": 0.447754711482963, "v0s": 4.042752575977761}, "datetime": {"datetime": "2022-04-30 13:18:56", "elapsed": 164849.088495, "delta": 74.21955}}
{"target": -1.0, "params": {"Bgrad": 1.2270145980690899, "d1": -2.048583495364189, "d2": 0.36623818473996606, "d3": -2.939863379909334, "d4": -1.5397955692599492, "p1": 19.886537048748455, "p2": 25.285191164899945, "p3": 41.801774078296944, "p4": 45.469966744364704, "pol1": -0.2663631387571088, "pol2": -0.7081808600831421, "pol3": -0.0684041756261542, "pol4": -0.42601038743051545, "v0s": 3.7480966711263974}, "datetime": {"datetime": "2022-04-30 13:19:37", "elapsed": 164890.092857, "delta": 41.004362}}
{"target": -1.0, "params": {"Bgrad": 1.5865232095248256, "d1": -1.3276039358649872, "d2": 0.6916666759063728, "d3": -2.596203200702982, "d4": -2.239557840226227, "p1": 17.041989880520838, "p2": 37.746260234056, "p3": 1.3820553498664623, "p4": 32.77676127302362, "pol1": 0.025222388439038346, "pol2": -0.23776098937868473, "pol3": -0.3432386676607795, "pol4": 0.40547122427941185, "v0s": 5.831686021427622}, "datetime": {"datetime": "2022-04-30 13:20:45", "elapsed": 164957.8826, "delta": 67.789743}}
{"target": -1.0, "params": {"Bgrad": 1.7178814448019626, "d1": -2.5880448978520683, "d2": -0.11039445226740963, "d3": -2.253079633137019, "d4": 0.7103821662530829, "p1": 34.84560048785576, "p2": 39.36633001853349, "p3": 23.532553574475905, "p4": 19.7230111339677, "pol1": 0.11629917401284717, "pol2": 0.7559124481929278, "pol3": -0.29537894953268373, "pol4": 0.5525356151912804, "v0s": 3.0873857558633135}, "datetime": {"datetime": "2022-04-30 13:22:03", "elapsed": 165035.55791, "delta": 77.67531}}
{"target": 4.815388394063361, "params": {"Bgrad": 1.1866233355433082, "d1": -1.3260568138532887, "d2": 0.48171811062041403, "d3": -2.3022827277916176, "d4": -0.3689705696286455, "p1": 12.098998051774458, "p2": 20.995390339605628, "p3": 35.887205490711445, "p4": 34.128938523904075, "pol1": 0.45160598935097424, "pol2": -0.6427425383963693, "pol3": -0.23390988260575832, "pol4": 0.21680914310222218, "v0s": 4.815388394063361}, "datetime": {"datetime": "2022-04-30 13:23:19", "elapsed": 165111.792074, "delta": 76.234164}}
{"target": 4.189901024807933, "params": {"Bgrad": 1.051568290369127, "d1": -2.1455066399505864, "d2": 0.7183865645744496, "d3": -1.044392539997451, "d4": 0.16947619732306274, "p1": 7.219493096332041, "p2": 6.948686071717436, "p3": 26.911132672170147, "p4": 11.641370870385781, "pol1": 0.6704410616937664, "pol2": 0.9543515111870207, "pol3": -0.18289436285964666, "pol4": -0.7215868101598777, "v0s": 4.189901024807933}, "datetime": {"datetime": "2022-04-30 13:24:17", "elapsed": 165170.315593, "delta": 58.523519}}
{"target": -1.0, "params": {"Bgrad": 1.3990585413462713, "d1": -1.881836474645283, "d2": 0.20188245191504972, "d3": 0.4976762191461126, "d4": -0.4714751681691083, "p1": 2.5863092686287006, "p2": 5.212191177626785, "p3": 24.664341733567685, "p4": 18.415481892552666, "pol1": 0.7917528942319934, "pol2": -0.6298135777922349, "pol3": 0.8664210394894152, "pol4": 0.629870807000352, "v0s": 4.748194115173379}, "datetime": {"datetime": "2022-04-30 13:25:25", "elapsed": 165237.888914, "delta": 67.573321}}
{"target": 2.4581866292946515, "params": {"Bgrad": 0.8534467546676746, "d1": 0.36193201613909765, "d2": -2.0378978458744634, "d3": -2.4590684324616667, "d4": -0.5457626862650068, "p1": 40.13614123629147, "p2": 11.266088541999967, "p3": 21.678754771896642, "p4": 25.132925718556248, "pol1": -0.9055126566832417, "pol2": 0.8085590133846795, "pol3": 0.4483815106091164, "pol4": 0.9715898776013416, "v0s": 2.4581866292946515}, "datetime": {"datetime": "2022-04-30 13:26:03", "elapsed": 165275.991036, "delta": 38.102122}}
{"target": 5.910298666060061, "params": {"Bgrad": 1.0849314233449199, "d1": -2.005378595283575, "d2": 0.4458352903342031, "d3": -0.34091841131268863, "d4": -0.1791315581248778, "p1": 23.23071379473, "p2": 24.30743231405657, "p3": 8.940795297490316, "p4": 32.98511338036703, "pol1": -0.3483753853968379, "pol2": -0.9380047701401042, "pol3": 0.26550766983915364, "pol4": 0.6794509760722163, "v0s": 5.910298666060061}, "datetime": {"datetime": "2022-04-30 13:27:15", "elapsed": 165347.865856, "delta": 71.87482}}
{"target": -1.0, "params": {"Bgrad": 0.9967079904900593, "d1": -2.4992500432627818, "d2": -1.256211359888768, "d3": -1.4101470327891534, "d4": -1.7023892146163053, "p1": 17.475251081260563, "p2": 38.17607908822636, "p3": 2.8344685115114396, "p4": 32.52884875355521, "pol1": -0.5432196462934744, "pol2": 0.036560437007025826, "pol3": 0.08016040891372334, "pol4": -0.9387997822620606, "v0s": 5.194493214030598}, "datetime": {"datetime": "2022-04-30 13:28:08", "elapsed": 165400.64274, "delta": 52.776884}}
{"target": -1.0, "params": {"Bgrad": 0.5, "d1": -1.6905663863635958, "d2": -3.0, "d3": -0.550871283223422, "d4": 0.518889128833403, "p1": 27.297472636930543, "p2": 27.415496649081895, "p3": 30.674545533062197, "p4": 15.582257539535423, "pol1": -0.11802168869277217, "pol2": 0.43470759870280185, "pol3": 0.9204379359573402, "pol4": -0.616303782013556, "v0s": 4.037548843499441}, "datetime": {"datetime": "2022-04-30 13:29:17", "elapsed": 165470.367309, "delta": 69.724569}}
{"target": -1.0, "params": {"Bgrad": 1.535385280471816, "d1": -1.907413460240154, "d2": -0.7837773096739649, "d3": -2.547752764521218, "d4": 0.5127178619748873, "p1": 24.234345949451114, "p2": 23.11631949615627, "p3": 9.160790230103022, "p4": 33.7181183085924, "pol1": 0.22195214322308465, "pol2": 0.43021661049588067, "pol3": 0.6133999362286453, "pol4": 0.6267434678045933, "v0s": 2.235881688878991}, "datetime": {"datetime": "2022-04-30 13:29:52", "elapsed": 165505.217127, "delta": 34.849818}}
{"target": -1.0, "params": {"Bgrad": 0.5163582162478324, "d1": -2.0510103234212913, "d2": 0.676491645547193, "d3": -1.7504847187838317, "d4": -1.2820838210345893, "p1": 41.279284169432806, "p2": 44.97184883526037, "p3": 30.724841485348342, "p4": 15.237993372055675, "pol1": 0.882146712974134, "pol2": 0.7170510394276817, "pol3": 0.28164103961289033, "pol4": 0.5817398928103377, "v0s": 2.243916039683991}, "datetime": {"datetime": "2022-04-30 13:31:30", "elapsed": 165603.460442, "delta": 98.243315}}
{"target": 4.437047562278095, "params": {"Bgrad": 1.7703411627927095, "d1": -2.161000442467816, "d2": -0.5035195315463219, "d3": -2.1697813367136347, "d4": -0.1440826015346106, "p1": 22.928067648838464, "p2": 23.551229627146057, "p3": 8.714247483858472, "p4": 34.729846185237356, "pol1": -0.46828028649460407, "pol2": 0.2657951611589211, "pol3": -0.7835137795209881, "pol4": 0.2515099280370119, "v0s": 4.437047562278095}, "datetime": {"datetime": "2022-04-30 13:32:38", "elapsed": 165670.99387, "delta": 67.533428}}
{"target": 4.954986623510762, "params": {"Bgrad": 0.9766557557977691, "d1": -1.8898229860718558, "d2": 0.24402197215636012, "d3": -0.6448468286699599, "d4": -1.4321505914646666, "p1": 3.757146352361621, "p2": 14.796184444642527, "p3": 34.545237966655, "p4": 3.5038111618538195, "pol1": 0.6683965507841629, "pol2": 0.462038249687224, "pol3": -0.5330691122573602, "pol4": 0.5531813777973709, "v0s": 4.954986623510762}, "datetime": {"datetime": "2022-04-30 13:33:26", "elapsed": 165719.345586, "delta": 48.351716}}
{"target": -1.0, "params": {"Bgrad": 1.3941389055848676, "d1": -1.1482826055990416, "d2": 0.07817626108099107, "d3": -1.6447899386846117, "d4": -0.24599524317006116, "p1": 4.905685176207602, "p2": 6.6667686854448736, "p3": 23.598899722647282, "p4": 16.633189657354784, "pol1": -0.3142361725295919, "pol2": -0.6089595218969714, "pol3": 0.3127942420407348, "pol4": -0.48033950368250933, "v0s": 2.8823460227765443}, "datetime": {"datetime": "2022-04-30 13:34:04", "elapsed": 165756.91214, "delta": 37.566554}}
{"target": -1.0, "params": {"Bgrad": 1.28769340649746, "d1": -2.6738086810040183, "d2": 0.43798349047849205, "d3": -1.645338093231123, "d4": -1.5501714600189915, "p1": 4.281622081534881, "p2": 5.339215525309732, "p3": 25.776315634701565, "p4": 15.88078348811594, "pol1": 0.016266263495851696, "pol2": -0.566117528751193, "pol3": 0.19777885004248774, "pol4": -0.3722947869971298, "v0s": 2.8505696234853826}, "datetime": {"datetime": "2022-04-30 13:34:47", "elapsed": 165799.729654, "delta": 42.817514}}
{"target": -1.0, "params": {"Bgrad": 0.9602345771927348, "d1": -1.954439665551965, "d2": 0.24657626791067866, "d3": -1.2922193439034788, "d4": 0.6294633692876608, "p1": 11.872614539198068, "p2": 21.793745416756906, "p3": 35.984346335018884, "p4": 33.99851290146263, "pol1": 0.47555346659156084, "pol2": 0.30188676741848885, "pol3": -0.33222944546394273, "pol4": 0.9985520458736517, "v0s": 4.192418058812683}, "datetime": {"datetime": "2022-04-30 13:35:34", "elapsed": 165846.538496, "delta": 46.808842}}
{"target": -1.0, "params": {"Bgrad": 1.0889288455691892, "d1": -2.542057340376885, "d2": -1.2441384974609946, "d3": 0.12531163906473397, "d4": 0.466033258625413, "p1": 24.448130154669673, "p2": 29.67382393787268, "p3": 24.48372207336376, "p4": 1.402126599307968, "pol1": -0.6599712519706062, "pol2": -0.3919655680934522, "pol3": 0.7081682720943725, "pol4": -0.37414175828179963, "v0s": 4.901886938414645}, "datetime": {"datetime": "2022-04-30 13:36:12", "elapsed": 165885.213087, "delta": 38.674591}}
{"target": 4.8806993031977015, "params": {"Bgrad": 1.2207531746536497, "d1": -1.3609036147390035, "d2": 0.6251379458981137, "d3": -2.3464617290183503, "d4": -0.8733169219753499, "p1": 12.240926705492976, "p2": 21.40738403656215, "p3": 35.812651830281325, "p4": 34.3667509282492, "pol1": 0.18238938796568382, "pol2": -0.18603217437780048, "pol3": -0.2776274664250078, "pol4": 0.5623688720456673, "v0s": 4.8806993031977015}, "datetime": {"datetime": "2022-04-30 13:37:03", "elapsed": 165936.133934, "delta": 50.920847}}
{"target": -1.0, "params": {"Bgrad": 1.8912021507966132, "d1": -0.2224872072007611, "d2": 0.07790318756382675, "d3": -1.163193897086673, "d4": -1.5500787275466767, "p1": 23.389474586678656, "p2": 27.07201349430796, "p3": 12.942782234498146, "p4": 38.26617660044331, "pol1": 0.7616709650369264, "pol2": -0.7683311921978395, "pol3": 0.6717299980705185, "pol4": 0.21799146700322725, "v0s": 4.7890635766019765}, "datetime": {"datetime": "2022-04-30 13:37:49", "elapsed": 165981.970376, "delta": 45.836442}}
