{"target": -1.0, "params": {"Bgrad": 0.8529876720481424, "d1": -1.6823457522981, "d2": -0.5805084537614658, "d3": -2.4269248442893305, "d4": -1.211440579969599, "p1": 9.027410480782393, "p2": 13.50171156317453, "p3": 7.754765706669992, "p4": 28.755233212084256, "pol1": -0.006554349573298923, "pol2": 0.33691698074641985, "pol3": -0.3690332527755189, "pol4": 0.20800345319619895, "v0s": 5.07759552334129}, "datetime": {"datetime": "2022-06-25 00:15:45", "elapsed": 2017.293131, "delta": 0.002991}}
{"target": -1.0, "params": {"Bgrad": 0.8529876720481424, "d1": -1.6823457522981, "d2": -0.5805084537614658, "d3": -2.4269248442893305, "d4": -1.211440579969599, "p1": 9.027410480782393, "p2": 13.50171156317453, "p3": 7.754765706669992, "p4": 28.755233212084256, "pol1": -0.006554349573298923, "pol2": 0.33691698074641985, "pol3": -0.3690332527755189, "pol4": 0.20800345319619895, "v0s": 5.07759552334129}, "datetime": {"datetime": "2022-06-25 00:15:45", "elapsed": 2017.294129, "delta": 0.000998}}
{"target": -1.0, "params": {"Bgrad": 0.8529876720481424, "d1": -1.6823457522981, "d2": -0.5805084537614658, "d3": -2.4269248442893305, "d4": -1.211440579969599, "p1": 9.027410480782393, "p2": 13.50171156317453, "p3": 7.754765706669992, "p4": 28.755233212084256, "pol1": -0.006554349573298923, "pol2": 0.33691698074641985, "pol3": -0.3690332527755189, "pol4": 0.20800345319619895, "v0s": 5.07759552334129}, "datetime": {"datetime": "2022-06-25 00:15:45", "elapsed": 2017.296123, "delta": 0.001994}}
{"target": -1.0, "params": {"Bgrad": 0.8529876720481424, "d1": -1.6823457522981, "d2": -0.5805084537614658, "d3": -2.4269248442893305, "d4": -1.211440579969599, "p1": 9.027410480782393, "p2": 13.50171156317453, "p3": 7.754765706669992, "p4": 28.755233212084256, "pol1": -0.006554349573298923, "pol2": 0.33691698074641985, "pol3": -0.3690332527755189, "pol4": 0.20800345319619895, "v0s": 5.07759552334129}, "datetime": {"datetime": "2022-06-25 00:15:45", "elapsed": 2017.298119, "delta": 0.001996}}
{"target": -1.0, "params": {"Bgrad": 0.8529876720481424, "d1": -1.6823457522981, "d2": -0.5805084537614658, "d3": -2.4269248442893305, "d4": -1.211440579969599, "p1": 9.027410480782393, "p2": 13.50171156317453, "p3": 7.754765706669992, "p4": 28.755233212084256, "pol1": -0.006554349573298923, "pol2": 0.33691698074641985, "pol3": -0.3690332527755189, "pol4": 0.20800345319619895, "v0s": 5.07759552334129}, "datetime": {"datetime": "2022-06-25 00:15:45", "elapsed": 2017.299116, "delta": 0.000997}}
{"target": -1.0, "params": {"Bgrad": 0.8529876720481424, "d1": -1.6823457522981, "d2": -0.5805084537614658, "d3": -2.4269248442893305, "d4": -1.211440579969599, "p1": 9.027410480782393, "p2": 13.50171156317453, "p3": 7.754765706669992, "p4": 28.755233212084256, "pol1": -0.006554349573298923, "pol2": 0.33691698074641985, "pol3": -0.3690332527755189, "pol4": 0.20800345319619895, "v0s": 5.07759552334129}, "datetime": {"datetime": "2022-06-25 00:15:45", "elapsed": 2017.302108, "delta": 0.002992}}
{"target": -1.0, "params": {"Bgrad": 0.8529876720481424, "d1": -1.6823457522981, "d2": -0.5805084537614658, "d3": -2.4269248442893305, "d4": -1.211440579969599, "p1": 9.027410480782393, "p2": 13.50171156317453, "p3": 7.754765706669992, "p4": 28.755233212084256, "pol1": -0.006554349573298923, "pol2": 0.33691698074641985, "pol3": -0.3690332527755189, "pol4": 0.20800345319619895, "v0s": 5.07759552334129}, "datetime": {"datetime": "2022-06-25 00:15:45", "elapsed": 2017.304102, "delta": 0.001994}}
{"target": -1.0, "params": {"Bgrad": 0.8529876720481424, "d1": -1.6823457522981, "d2": -0.5805084537614658, "d3": -2.4269248442893305, "d4": -1.211440579969599, "p1": 9.027410480782393, "p2": 13.50171156317453, "p3": 7.754765706669992, "p4": 28.755233212084256, "pol1": -0.006554349573298923, "pol2": 0.33691698074641985, "pol3": -0.3690332527755189, "pol4": 0.20800345319619895, "v0s": 5.07759552334129}, "datetime": {"datetime": "2022-06-25 00:15:45", "elapsed": 2017.3051, "delta": 0.000998}}
{"target": -1.0, "params": {"Bgrad": 0.8529876720481424, "d1": -1.6823457522981, "d2": -0.5805084537614658, "d3": -2.4269248442893305, "d4": -1.211440579969599, "p1": 9.027410480782393, "p2": 13.50171156317453, "p3": 7.754765706669992, "p4": 28.755233212084256, "pol1": -0.006554349573298923, "pol2": 0.33691698074641985, "pol3": -0.3690332527755189, "pol4": 0.20800345319619895, "v0s": 5.07759552334129}, "datetime": {"datetime": "2022-06-25 00:15:45", "elapsed": 2017.307095, "delta": 0.001995}}
{"target": -1.0, "params": {"Bgrad": 0.8529876720481424, "d1": -1.6823457522981, "d2": -0.5805084537614658, "d3": -2.4269248442893305, "d4": -1.211440579969599, "p1": 9.027410480782393, "p2": 13.50171156317453, "p3": 7.754765706669992, "p4": 28.755233212084256, "pol1": -0.006554349573298923, "pol2": 0.33691698074641985, "pol3": -0.3690332527755189, "pol4": 0.20800345319619895, "v0s": 5.07759552334129}, "datetime": {"datetime": "2022-06-25 00:15:45", "elapsed": 2017.309092, "delta": 0.001997}}
{"target": -1.0, "params": {"Bgrad": 0.8529876720481424, "d1": -1.6823457522981, "d2": -0.5805084537614658, "d3": -2.4269248442893305, "d4": -1.211440579969599, "p1": 9.027410480782393, "p2": 13.50171156317453, "p3": 7.754765706669992, "p4": 28.755233212084256, "pol1": -0.006554349573298923, "pol2": 0.33691698074641985, "pol3": -0.3690332527755189, "pol4": 0.20800345319619895, "v0s": 5.07759552334129}, "datetime": {"datetime": "2022-06-25 00:15:45", "elapsed": 2017.312084, "delta": 0.002992}}
{"target": -1.0, "params": {"Bgrad": 0.8529876720481424, "d1": -1.6823457522981, "d2": -0.5805084537614658, "d3": -2.4269248442893305, "d4": -1.211440579969599, "p1": 9.027410480782393, "p2": 13.50171156317453, "p3": 7.754765706669992, "p4": 28.755233212084256, "pol1": -0.006554349573298923, "pol2": 0.33691698074641985, "pol3": -0.3690332527755189, "pol4": 0.20800345319619895, "v0s": 5.07759552334129}, "datetime": {"datetime": "2022-06-25 00:15:45", "elapsed": 2017.314076, "delta": 0.001992}}
{"target": -1.0, "params": {"Bgrad": 0.8529876720481424, "d1": -1.6823457522981, "d2": -0.5805084537614658, "d3": -2.4269248442893305, "d4": -1.211440579969599, "p1": 9.027410480782393, "p2": 13.50171156317453, "p3": 7.754765706669992, "p4": 28.755233212084256, "pol1": -0.006554349573298923, "pol2": 0.33691698074641985, "pol3": -0.3690332527755189, "pol4": 0.20800345319619895, "v0s": 5.07759552334129}, "datetime": {"datetime": "2022-06-25 00:15:45", "elapsed": 2017.31607, "delta": 0.001994}}
{"target": -1.0, "params": {"Bgrad": 0.8529876720481424, "d1": -1.6823457522981, "d2": -0.5805084537614658, "d3": -2.4269248442893305, "d4": -1.211440579969599, "p1": 9.027410480782393, "p2": 13.50171156317453, "p3": 7.754765706669992, "p4": 28.755233212084256, "pol1": -0.006554349573298923, "pol2": 0.33691698074641985, "pol3": -0.3690332527755189, "pol4": 0.20800345319619895, "v0s": 5.07759552334129}, "datetime": {"datetime": "2022-06-25 00:15:45", "elapsed": 2017.318066, "delta": 0.001996}}
{"target": -1.0, "params": {"Bgrad": 0.8529876720481424, "d1": -1.6823457522981, "d2": -0.5805084537614658, "d3": -2.4269248442893305, "d4": -1.211440579969599, "p1": 9.027410480782393, "p2": 13.50171156317453, "p3": 7.754765706669992, "p4": 28.755233212084256, "pol1": -0.006554349573298923, "pol2": 0.33691698074641985, "pol3": -0.3690332527755189, "pol4": 0.20800345319619895, "v0s": 5.07759552334129}, "datetime": {"datetime": "2022-06-25 00:15:45", "elapsed": 2017.320061, "delta": 0.001995}}
{"target": -1.0, "params": {"Bgrad": 0.8529876720481424, "d1": -1.6823457522981, "d2": -0.5805084537614658, "d3": -2.4269248442893305, "d4": -1.211440579969599, "p1": 9.027410480782393, "p2": 13.50171156317453, "p3": 7.754765706669992, "p4": 28.755233212084256, "pol1": -0.006554349573298923, "pol2": 0.33691698074641985, "pol3": -0.3690332527755189, "pol4": 0.20800345319619895, "v0s": 5.07759552334129}, "datetime": {"datetime": "2022-06-25 00:15:45", "elapsed": 2017.323053, "delta": 0.002992}}
{"target": -1.0, "params": {"Bgrad": 0.8529876720481424, "d1": -1.6823457522981, "d2": -0.5805084537614658, "d3": -2.4269248442893305, "d4": -1.211440579969599, "p1": 9.027410480782393, "p2": 13.50171156317453, "p3": 7.754765706669992, "p4": 28.755233212084256, "pol1": -0.006554349573298923, "pol2": 0.33691698074641985, "pol3": -0.3690332527755189, "pol4": 0.20800345319619895, "v0s": 5.07759552334129}, "datetime": {"datetime": "2022-06-25 00:15:45", "elapsed": 2017.325047, "delta": 0.001994}}
{"target": -1.0, "params": {"Bgrad": 0.8529876720481424, "d1": -1.6823457522981, "d2": -0.5805084537614658, "d3": -2.4269248442893305, "d4": -1.211440579969599, "p1": 9.027410480782393, "p2": 13.50171156317453, "p3": 7.754765706669992, "p4": 28.755233212084256, "pol1": -0.006554349573298923, "pol2": 0.33691698074641985, "pol3": -0.3690332527755189, "pol4": 0.20800345319619895, "v0s": 5.07759552334129}, "datetime": {"datetime": "2022-06-25 00:15:45", "elapsed": 2017.32804, "delta": 0.002993}}
{"target": -1.0, "params": {"Bgrad": 0.8529876720481424, "d1": -1.6823457522981, "d2": -0.5805084537614658, "d3": -2.4269248442893305, "d4": -1.211440579969599, "p1": 9.027410480782393, "p2": 13.50171156317453, "p3": 7.754765706669992, "p4": 28.755233212084256, "pol1": -0.006554349573298923, "pol2": 0.33691698074641985, "pol3": -0.3690332527755189, "pol4": 0.20800345319619895, "v0s": 5.07759552334129}, "datetime": {"datetime": "2022-06-25 00:15:45", "elapsed": 2017.330034, "delta": 0.001994}}
{"target": -1.0, "params": {"Bgrad": 0.8529876720481424, "d1": -1.6823457522981, "d2": -0.5805084537614658, "d3": -2.4269248442893305, "d4": -1.211440579969599, "p1": 9.027410480782393, "p2": 13.50171156317453, "p3": 7.754765706669992, "p4": 28.755233212084256, "pol1": -0.006554349573298923, "pol2": 0.33691698074641985, "pol3": -0.3690332527755189, "pol4": 0.20800345319619895, "v0s": 5.07759552334129}, "datetime": {"datetime": "2022-06-25 00:15:45", "elapsed": 2017.332028, "delta": 0.001994}}
{"target": -1.0, "params": {"Bgrad": 0.8529876720481424, "d1": -1.6823457522981, "d2": -0.5805084537614658, "d3": -2.4269248442893305, "d4": -1.211440579969599, "p1": 9.027410480782393, "p2": 13.50171156317453, "p3": 7.754765706669992, "p4": 28.755233212084256, "pol1": -0.006554349573298923, "pol2": 0.33691698074641985, "pol3": -0.3690332527755189, "pol4": 0.20800345319619895, "v0s": 5.07759552334129}, "datetime": {"datetime": "2022-06-25 00:15:45", "elapsed": 2017.334023, "delta": 0.001995}}
{"target": -1.0, "params": {"Bgrad": 0.8529876720481424, "d1": -1.6823457522981, "d2": -0.5805084537614658, "d3": -2.4269248442893305, "d4": -1.211440579969599, "p1": 9.027410480782393, "p2": 13.50171156317453, "p3": 7.754765706669992, "p4": 28.755233212084256, "pol1": -0.006554349573298923, "pol2": 0.33691698074641985, "pol3": -0.3690332527755189, "pol4": 0.20800345319619895, "v0s": 5.07759552334129}, "datetime": {"datetime": "2022-06-25 00:15:45", "elapsed": 2017.337017, "delta": 0.002994}}
{"target": -1.0, "params": {"Bgrad": 0.8529876720481424, "d1": -1.6823457522981, "d2": -0.5805084537614658, "d3": -2.4269248442893305, "d4": -1.211440579969599, "p1": 9.027410480782393, "p2": 13.50171156317453, "p3": 7.754765706669992, "p4": 28.755233212084256, "pol1": -0.006554349573298923, "pol2": 0.33691698074641985, "pol3": -0.3690332527755189, "pol4": 0.20800345319619895, "v0s": 5.07759552334129}, "datetime": {"datetime": "2022-06-25 00:15:45", "elapsed": 2017.340008, "delta": 0.002991}}
{"target": -1.0, "params": {"Bgrad": 0.8529876720481424, "d1": -1.6823457522981, "d2": -0.5805084537614658, "d3": -2.4269248442893305, "d4": -1.211440579969599, "p1": 9.027410480782393, "p2": 13.50171156317453, "p3": 7.754765706669992, "p4": 28.755233212084256, "pol1": -0.006554349573298923, "pol2": 0.33691698074641985, "pol3": -0.3690332527755189, "pol4": 0.20800345319619895, "v0s": 5.07759552334129}, "datetime": {"datetime": "2022-06-25 00:15:45", "elapsed": 2017.342001, "delta": 0.001993}}
{"target": -1.0, "params": {"Bgrad": 0.8529876720481424, "d1": -1.6823457522981, "d2": -0.5805084537614658, "d3": -2.4269248442893305, "d4": -1.211440579969599, "p1": 9.027410480782393, "p2": 13.50171156317453, "p3": 7.754765706669992, "p4": 28.755233212084256, "pol1": -0.006554349573298923, "pol2": 0.33691698074641985, "pol3": -0.3690332527755189, "pol4": 0.20800345319619895, "v0s": 5.07759552334129}, "datetime": {"datetime": "2022-06-25 00:15:45", "elapsed": 2017.342999, "delta": 0.000998}}
{"target": -1.0, "params": {"Bgrad": 0.8529876720481424, "d1": -1.6823457522981, "d2": -0.5805084537614658, "d3": -2.4269248442893305, "d4": -1.211440579969599, "p1": 9.027410480782393, "p2": 13.50171156317453, "p3": 7.754765706669992, "p4": 28.755233212084256, "pol1": -0.006554349573298923, "pol2": 0.33691698074641985, "pol3": -0.3690332527755189, "pol4": 0.20800345319619895, "v0s": 5.07759552334129}, "datetime": {"datetime": "2022-06-25 00:15:45", "elapsed": 2017.344993, "delta": 0.001994}}
{"target": -1.0, "params": {"Bgrad": 1.2781339559376124, "d1": -0.94886108928783, "d2": 0.10973291340445668, "d3": -0.6357985419517891, "d4": -0.35456716904725516, "p1": 7.017923761591671, "p2": 9.806862562043573, "p3": 31.811863993037683, "p4": 27.53407957043918, "pol1": -0.8929779698830935, "pol2": 0.13162233672553358, "pol3": -0.487555400011223, "pol4": -0.7403091790377616, "v0s": 4.310076033451179}, "datetime": {"datetime": "2022-06-25 00:16:01", "elapsed": 2033.085903, "delta": 15.74091}}
{"target": 5.171415916665478, "params": {"Bgrad": 1.482359756621159, "d1": -2.6842801074727074, "d2": -0.3780743158449247, "d3": -0.2741544425578737, "d4": -1.4930405252028964, "p1": 5.000618095994347, "p2": 13.067071450859258, "p3": 40.19969374943691, "p4": 30.759818472999733, "pol1": 0.3521960118685703, "pol2": -0.36379825928222065, "pol3": -0.36496096335527595, "pol4": -0.3183314009140408, "v0s": 5.171415916665478}, "datetime": {"datetime": "2022-06-25 00:16:11", "elapsed": 2043.429243, "delta": 10.34334}}
{"target": -1.0, "params": {"Bgrad": 0.6328367643409127, "d1": -0.7870331946115465, "d2": -1.8656883084593292, "d3": -1.5039490653610694, "d4": -1.9788131567788323, "p1": 8.263763398339197, "p2": 13.434752402122829, "p3": 36.130252701175955, "p4": 31.33177002687757, "pol1": 0.7080847963164094, "pol2": -0.44153170896091454, "pol3": -0.6685900586908944, "pol4": -0.5299423951151072, "v0s": 3.7756984034981125}, "datetime": {"datetime": "2022-06-25 00:16:22", "elapsed": 2054.665198, "delta": 11.235955}}
{"target": 3.1520537319208057, "params": {"Bgrad": 0.8699034744088547, "d1": -1.4305832153654925, "d2": -0.48602049580398665, "d3": -2.1643552807418565, "d4": -2.481240391835746, "p1": 2.025795722526369, "p2": 30.59312343187709, "p3": 18.66586862143997, "p4": 10.348257501785929, "pol1": 0.2880910697917505, "pol2": -0.7293461795874121, "pol3": -0.8805057820522542, "pol4": -0.5666597261028312, "v0s": 3.1520537319208057}, "datetime": {"datetime": "2022-06-25 00:16:30", "elapsed": 2061.679443, "delta": 7.014245}}
{"target": 4.1472694755363895, "params": {"Bgrad": 1.0448227339893228, "d1": -2.9878431100759495, "d2": -1.9659897912111481, "d3": -2.91447239766757, "d4": -0.2736819897485998, "p1": 13.293827349613624, "p2": 3.836505623299508, "p3": 28.733738806891473, "p4": 23.16611473123445, "pol1": -0.6059206688758942, "pol2": 0.015792883587400608, "pol3": 0.2797283174236669, "pol4": 0.2509888454095799, "v0s": 4.1472694755363895}, "datetime": {"datetime": "2022-06-25 00:16:39", "elapsed": 2071.446325, "delta": 9.766882}}
{"target": -1.0, "params": {"Bgrad": 1.4046249318516733, "d1": -2.389252487170216, "d2": -0.4494161056359247, "d3": -0.42343498255529877, "d4": -0.3992893660161818, "p1": 2.419424008204951, "p2": 13.000665441490982, "p3": 33.120352238735386, "p4": 31.283066738682663, "pol1": -0.9870663510941722, "pol2": 0.05225530059055994, "pol3": 0.5627882190725519, "pol4": 0.7249565225489749, "v0s": 4.450840949503428}, "datetime": {"datetime": "2022-06-25 00:16:55", "elapsed": 2087.475464, "delta": 16.029139}}
{"target": -1.0, "params": {"Bgrad": 0.596688308949747, "d1": -2.2764495377208522, "d2": 0.9512586241540424, "d3": -2.0196156679948216, "d4": -1.8088698894903055, "p1": 7.188989021980524, "p2": 34.26254510085092, "p3": 38.3880511604856, "p4": 34.26164162410651, "pol1": -0.711922896233327, "pol2": -0.6270912925595189, "pol3": 0.2928017476318041, "pol4": -0.04071291145878697, "v0s": 5.395464611953827}, "datetime": {"datetime": "2022-06-25 00:17:08", "elapsed": 2100.306154, "delta": 12.83069}}
{"target": 3.3071434732922524, "params": {"Bgrad": 1.582072798927776, "d1": -1.256295951112591, "d2": -0.7441583288181848, "d3": -0.7193868249815525, "d4": -1.559741485227247, "p1": 1.51053015500211, "p2": 13.518809969930922, "p3": 37.70430381374875, "p4": 27.979056462221084, "pol1": 0.03672026150147234, "pol2": 0.8256404690711365, "pol3": 0.4787795741725305, "pol4": -0.59093438611444, "v0s": 3.3071434732922524}, "datetime": {"datetime": "2022-06-25 00:17:15", "elapsed": 2107.08802, "delta": 6.781866}}
{"target": -1.0, "params": {"Bgrad": 0.8019787427178973, "d1": -0.8218651089765826, "d2": 0.9351581504120714, "d3": -0.7215216075856615, "d4": -2.7658695130658413, "p1": 20.32350806353389, "p2": 6.473159917736355, "p3": 46.15073908908668, "p4": 38.310899827876526, "pol1": 0.32115449923174794, "pol2": 0.2651036138719098, "pol3": -1.0, "pol4": -0.48610943745800766, "v0s": 2.5273147097889868}, "datetime": {"datetime": "2022-06-25 00:17:22", "elapsed": 2114.176066, "delta": 7.088046}}
{"target": 2.952945396476819, "params": {"Bgrad": 1.1311318148161136, "d1": -2.967706027061928, "d2": -0.12542367414612476, "d3": -2.2854273906268925, "d4": -0.5158787340706428, "p1": 1.4739936205286408, "p2": 12.768505416221892, "p3": 35.34142671008287, "p4": 31.827236515996532, "pol1": -0.9481522253024686, "pol2": -0.9230001742705323, "pol3": -0.17424428311851026, "pol4": -0.8693360275167432, "v0s": 2.952945396476819}, "datetime": {"datetime": "2022-06-25 00:17:33", "elapsed": 2124.740816, "delta": 10.56475}}
{"target": 3.9192864233765827, "params": {"Bgrad": 1.0629824780254333, "d1": -1.324850639532879, "d2": -0.0034298488745069227, "d3": -1.2350288037914552, "d4": -1.053167092051976, "p1": 1.3128495196547538, "p2": 32.629336595642506, "p3": 17.0876233232485, "p4": 11.320092219740904, "pol1": -0.4495751771070587, "pol2": -0.3665560556930861, "pol3": -0.4178314234148292, "pol4": 0.9387533745804916, "v0s": 3.9192864233765827}, "datetime": {"datetime": "2022-06-25 00:17:41", "elapsed": 2133.311897, "delta": 8.571081}}
{"target": -1.0, "params": {"Bgrad": 1.037779285817833, "d1": -1.3881334391765825, "d2": -0.40099762383363613, "d3": -2.3874391613832318, "d4": 0.42536888826502395, "p1": 47.91559937090975, "p2": 45.3926308776029, "p3": 8.007168140721182, "p4": 14.108268200447538, "pol1": 0.33328776585157516, "pol2": -0.14255848076939714, "pol3": -0.5265702862768125, "pol4": -0.15671024744948525, "v0s": 4.056612331259672}, "datetime": {"datetime": "2022-06-25 00:17:53", "elapsed": 2145.478363, "delta": 12.166466}}
{"target": -1.0, "params": {"Bgrad": 0.5409888144280691, "d1": -0.3897094261862626, "d2": -2.0847150078632626, "d3": -1.5974733917245274, "d4": -1.7357320571297064, "p1": 3.2911119581083117, "p2": 13.272955414018567, "p3": 37.000313807106274, "p4": 28.653181178882033, "pol1": 0.4336965515214537, "pol2": -0.7632201406417614, "pol3": -0.7219256063832538, "pol4": -0.5047285035965086, "v0s": 3.2144536477521615}, "datetime": {"datetime": "2022-06-25 00:18:02", "elapsed": 2154.118261, "delta": 8.639898}}
{"target": 2.7784428986704492, "params": {"Bgrad": 1.039145636311612, "d1": -0.4622688077266415, "d2": 0.21232247646258662, "d3": -2.806982675315063, "d4": -0.8384393637646488, "p1": 3.4879689636318045, "p2": 13.943711294035493, "p3": 36.10969276549208, "p4": 27.552880427612823, "pol1": 0.5985168992497736, "pol2": -0.4304862468243744, "pol3": 0.1634297810673695, "pol4": 0.8846871983153721, "v0s": 2.7784428986704492}, "datetime": {"datetime": "2022-06-25 00:18:11", "elapsed": 2163.383485, "delta": 9.265224}}
{"target": 4.156572989740389, "params": {"Bgrad": 1.0415602211050183, "d1": -0.576224490434085, "d2": 0.4622899019798752, "d3": -2.2043635593261977, "d4": -1.7872223306665536, "p1": 4.522710434223573, "p2": 12.934709230945444, "p3": 34.94254214774494, "p4": 31.18378131426352, "pol1": -0.21174621476499067, "pol2": 0.7036508093256224, "pol3": 0.5070288888492591, "pol4": -0.7351639255905057, "v0s": 4.156572989740389}, "datetime": {"datetime": "2022-06-25 00:18:20", "elapsed": 2171.927638, "delta": 8.544153}}
{"target": -1.0, "params": {"Bgrad": 1.7054336879641538, "d1": -0.5696203946025808, "d2": -0.8629262957810488, "d3": -1.3625305549569737, "d4": -2.2725516381060418, "p1": 9.817765501836407, "p2": 15.510807778681873, "p3": 5.9728734308437, "p4": 30.086556178708, "pol1": 0.4951978760473288, "pol2": -0.0713345027010539, "pol3": -0.33345343939560057, "pol4": -0.20218036070877798, "v0s": 5.835189030388326}, "datetime": {"datetime": "2022-06-25 00:18:35", "elapsed": 2187.216755, "delta": 15.289117}}
{"target": 3.8507431246500055, "params": {"Bgrad": 1.972356225644567, "d1": -1.7828975903010198, "d2": 0.805250851956222, "d3": -2.2019336933871805, "d4": -0.7146477668133362, "p1": 44.38107232679494, "p2": 23.54093064717085, "p3": 23.544704412821787, "p4": 17.160775055416376, "pol1": 0.6802267882888626, "pol2": -0.0931324244419125, "pol3": 0.5099494354835512, "pol4": -0.6738550209244616, "v0s": 3.8507431246500055}, "datetime": {"datetime": "2022-06-25 00:18:42", "elapsed": 2194.577073, "delta": 7.360318}}
