{"target": -1.0, "params": {"Bgrad": 1.8033416668311606, "d1": -1.866341368476117, "d2": -2.2094487751447462, "d3": -1.7614685734920212, "d4": -0.8830640938470653, "p1": 24.13426258325002, "p2": 31.49358972637818, "p3": 8.338556480171, "p4": 18.714791814209157, "pol1": 0.16497537491195113, "pol2": 0.621563244977809, "pol3": -0.263108853352527, "pol4": 0.6787645506192495, "v0s": 4.50085512354225}, "datetime": {"datetime": "2022-06-15 22:17:48", "elapsed": 245715.454303, "delta": 15.032819}}
{"target": -1.0, "params": {"Bgrad": 1.9137321442372217, "d1": -1.8145490656667462, "d2": -1.5255897749160732, "d3": -0.3890797136624635, "d4": -0.6663358456074304, "p1": 17.708488288242062, "p2": 24.215268522715704, "p3": 33.21606352249157, "p4": 2.8169863025996724, "pol1": 0.21280474454868203, "pol2": 0.49356555370226385, "pol3": 0.5879409311878854, "pol4": -0.5724315709631327, "v0s": 5.8466302077658225}, "datetime": {"datetime": "2022-06-15 22:18:04", "elapsed": 245731.377742, "delta": 15.923439}}
{"target": -1.0, "params": {"Bgrad": 1.5967021042701348, "d1": -2.6197520432238037, "d2": -2.7197083048559154, "d3": 0.5438198976511814, "d4": -1.554701865046833, "p1": 35.1716079777335, "p2": 28.007393076200692, "p3": 16.887320812366713, "p4": 17.282638231161997, "pol1": 0.810925281167673, "pol2": -0.09303371500296165, "pol3": -0.03494024020527875, "pol4": 0.9582932611534958, "v0s": 4.470134261918417}, "datetime": {"datetime": "2022-06-15 22:18:23", "elapsed": 245750.978353, "delta": 19.600611}}
{"target": -1.0, "params": {"Bgrad": 1.0541700202502953, "d1": -2.6801476439148275, "d2": -1.4488704655737705, "d3": -2.2882741567409597, "d4": -2.47463280604287, "p1": 18.383681269329085, "p2": 7.940501339130629, "p3": 15.37817392852842, "p4": 34.398945718738396, "pol1": 0.6768800825602486, "pol2": -0.3903550146573558, "pol3": -0.29380458399834297, "pol4": 0.46128270177094133, "v0s": 6.666996198273644}, "datetime": {"datetime": "2022-06-15 22:18:39", "elapsed": 245766.79408, "delta": 15.815727}}
{"target": -1.0, "params": {"Bgrad": 0.765546581899412, "d1": -1.3929742791718693, "d2": -2.988234226335024, "d3": -1.3976116471686066, "d4": 0.5728099888000853, "p1": 2.8731691958395364, "p2": 19.481477171311713, "p3": 13.267198541557768, "p4": 1.8388312707606491, "pol1": -0.19899287405352273, "pol2": -0.5243826780984286, "pol3": 0.6619391088878863, "pol4": 0.28725071296206983, "v0s": 4.8594116987192155}, "datetime": {"datetime": "2022-06-15 22:18:48", "elapsed": 245775.731193, "delta": 8.937113}}
{"target": -1.0, "params": {"Bgrad": 1.9137542610788838, "d1": -1.7397436238970698, "d2": 0.09280010810529316, "d3": -2.879954878074737, "d4": -0.44419915836465496, "p1": 3.5986149976021786, "p2": 34.47729585761781, "p3": 39.324608733256085, "p4": 47.34969976935024, "pol1": -0.4315331860094689, "pol2": 0.4233209525552435, "pol3": -0.27066713402508613, "pol4": 0.02734340798142121, "v0s": 7.4348679762029}, "datetime": {"datetime": "2022-06-15 22:19:03", "elapsed": 245790.187553, "delta": 14.45636}}
{"target": -1.0, "params": {"Bgrad": 0.6073941863902239, "d1": -2.124045136260328, "d2": -2.1364480628455342, "d3": -2.353423167275605, "d4": -0.9532478094234778, "p1": 38.325559400478035, "p2": 27.084050832383166, "p3": 2.839684846437629, "p4": 29.070895941982332, "pol1": -0.60894898429882, "pol2": -0.3191670773302073, "pol3": 0.8498551711870133, "pol4": 0.6586586865019544, "v0s": 7.323649656098562}, "datetime": {"datetime": "2022-06-15 22:19:12", "elapsed": 245799.65824, "delta": 9.470687}}
{"target": -1.0, "params": {"Bgrad": 1.4537891047349398, "d1": 0.9283571125342447, "d2": 0.5982195631852032, "d3": -0.788979042778506, "d4": -1.0122888197393851, "p1": 37.57532735318059, "p2": 39.413936563936865, "p3": 47.960618811576836, "p4": 28.198613099216953, "pol1": 0.33956738039363277, "pol2": 0.8852970314221587, "pol3": 0.8123785465493922, "pol4": -0.8149062264386358, "v0s": 7.776556288609476}, "datetime": {"datetime": "2022-06-15 22:19:27", "elapsed": 245814.190398, "delta": 14.532158}}
{"target": -1.0, "params": {"Bgrad": 0.9806299075387184, "d1": -0.08296306793423902, "d2": 0.46801745171371856, "d3": 0.11304631807326526, "d4": -0.5716437861974053, "p1": 1.8887438196474482, "p2": 27.46088832245594, "p3": 39.61996597918696, "p4": 13.060509532028409, "pol1": 0.07801891144843709, "pol2": 0.5369221088565148, "pol3": -0.6877949961500345, "pol4": -0.18266477483162413, "v0s": 2.880073432779774}, "datetime": {"datetime": "2022-06-15 22:19:44", "elapsed": 245831.469214, "delta": 17.278816}}
{"target": -1.0, "params": {"Bgrad": 1.1135630198148898, "d1": -0.4074676471144554, "d2": -2.00761781729972, "d3": -0.7430516157639331, "d4": -1.7163517574046065, "p1": 7.7247588964878595, "p2": 13.8694005217342, "p3": 34.5727588919207, "p4": 26.533948968311204, "pol1": 0.36049331687920594, "pol2": -0.9876879446587015, "pol3": 0.8729319902504327, "pol4": 0.3437901014364284, "v0s": 2.3522414041946207}, "datetime": {"datetime": "2022-06-15 22:19:53", "elapsed": 245840.308588, "delta": 8.839374}}
{"target": 2.5622404288751115, "params": {"Bgrad": 1.8733819205878561, "d1": -2.4835050279945485, "d2": -0.5947312755159477, "d3": -1.791307622291873, "d4": -1.998088891504255, "p1": 34.29295801903564, "p2": 33.671348973950536, "p3": 12.355139044887858, "p4": 41.68061242547426, "pol1": 0.6714336738783417, "pol2": -0.08547865514443953, "pol3": -0.8928838566507153, "pol4": -0.7971864482527931, "v0s": 2.5622404288751115}, "datetime": {"datetime": "2022-06-15 22:19:57", "elapsed": 245844.780635, "delta": 4.472047}}
{"target": -1.0, "params": {"Bgrad": 0.9737578539110061, "d1": -1.3057178496427566, "d2": -1.0999994798878938, "d3": -1.1322223826186804, "d4": -1.5212793891772787, "p1": 45.832069924055936, "p2": 7.273219885659632, "p3": 24.940653757169024, "p4": 33.369548389884955, "pol1": 0.8979383223320478, "pol2": 0.7527462824431883, "pol3": -0.648829285094985, "pol4": 0.008949043872659157, "v0s": 5.40812106426935}, "datetime": {"datetime": "2022-06-15 22:20:15", "elapsed": 245862.283852, "delta": 17.503217}}
{"target": -1.0, "params": {"Bgrad": 1.847886724467473, "d1": 0.5261151753457467, "d2": -2.6466673178957123, "d3": -0.7647290053438027, "d4": -1.3349658360133625, "p1": 32.30614180581572, "p2": 29.82552070540062, "p3": 21.873255234502782, "p4": 28.33262059473333, "pol1": 0.6379835494492541, "pol2": 0.5822723118993078, "pol3": 0.610226299579369, "pol4": -0.9126743603770349, "v0s": 2.4318636065408024}, "datetime": {"datetime": "2022-06-15 22:20:29", "elapsed": 245876.180708, "delta": 13.896856}}
{"target": -1.0, "params": {"Bgrad": 1.2470053995792134, "d1": 0.11127695126743253, "d2": -2.296614006589277, "d3": 0.10552638746290688, "d4": -0.3710848737442012, "p1": 14.084152862043997, "p2": 7.343034566225132, "p3": 45.09085278505236, "p4": 16.449391195245816, "pol1": -0.9161682388187684, "pol2": 0.20642569122757193, "pol3": 0.3586121332200358, "pol4": -0.872775027670943, "v0s": 2.082922476526077}, "datetime": {"datetime": "2022-06-15 22:21:44", "elapsed": 245951.410631, "delta": 75.229923}}
{"target": -1.0, "params": {"Bgrad": 1.6252103838666614, "d1": -1.2209052695944882, "d2": 0.8079150823404753, "d3": -2.7111676430432246, "d4": 0.9648039433653679, "p1": 16.78512058929305, "p2": 14.100013921807692, "p3": 9.528581319848172, "p4": 10.497296085464008, "pol1": -0.1416693243296041, "pol2": 0.04389218616263757, "pol3": 0.49569910332693956, "pol4": 0.7106277984818143, "v0s": 6.147605043047295}, "datetime": {"datetime": "2022-06-15 22:22:01", "elapsed": 245968.152883, "delta": 16.742252}}
{"target": -1.0, "params": {"Bgrad": 1.8915964933908251, "d1": -2.316895896744712, "d2": 0.758710178997243, "d3": -2.963730936662664, "d4": -2.563604692385749, "p1": 40.56256810014531, "p2": 3.97516051547665, "p3": 21.63251452497697, "p4": 32.83967993796422, "pol1": -0.3187019148061008, "pol2": 0.8532024370442008, "pol3": 0.13255441800381695, "pol4": 0.9634043662327783, "v0s": 3.127367701265277}, "datetime": {"datetime": "2022-06-15 22:22:13", "elapsed": 245980.455998, "delta": 12.303115}}
{"target": -1.0, "params": {"Bgrad": 1.1628652095915264, "d1": -0.7395942698495759, "d2": 0.8448508962552594, "d3": -2.5825726528244966, "d4": 0.1582257297669094, "p1": 6.588221363755303, "p2": 4.738922515925187, "p3": 32.716794984265555, "p4": 13.037881604858576, "pol1": -0.5898565215347127, "pol2": 0.4270459868198082, "pol3": -0.20144278646378377, "pol4": 0.40635666994117536, "v0s": 2.6251270567870972}, "datetime": {"datetime": "2022-06-15 22:22:22", "elapsed": 245989.164721, "delta": 8.708723}}
{"target": -1.0, "params": {"Bgrad": 0.7491820060569063, "d1": -1.1317301233090071, "d2": 0.9797092142476642, "d3": 0.5338359323364248, "d4": 0.4872709377690132, "p1": 35.92148579338519, "p2": 4.453120088239987, "p3": 46.52080415222608, "p4": 42.49134573098563, "pol1": 0.5659456890360284, "pol2": 0.3634121921635425, "pol3": 0.6453529849883191, "pol4": 0.04987371080573477, "v0s": 7.300679711126056}, "datetime": {"datetime": "2022-06-15 22:22:31", "elapsed": 245998.542656, "delta": 9.377935}}
{"target": -1.0, "params": {"Bgrad": 0.644340268845829, "d1": -2.4242678308700256, "d2": -1.7567256204508603, "d3": -2.5907814255308343, "d4": -1.080077336265218, "p1": 44.85606796543451, "p2": 18.108524361485497, "p3": 20.002631878858075, "p4": 9.0017754974421, "pol1": 0.7266646919920254, "pol2": 0.6987985990620644, "pol3": 0.8110965151950489, "pol4": -0.21328471044004949, "v0s": 5.160180974685046}, "datetime": {"datetime": "2022-06-15 22:22:42", "elapsed": 246009.916256, "delta": 11.3736}}
{"target": -1.0, "params": {"Bgrad": 1.7122454286401436, "d1": -0.33609821570933596, "d2": -1.6595824346452552, "d3": 0.5125979526950881, "d4": 0.540260126780328, "p1": 15.709245637473934, "p2": 11.734926354641411, "p3": 14.884725841906532, "p4": 32.169500519623654, "pol1": -0.807458283953401, "pol2": -0.04108348415045526, "pol3": 0.8109804761306647, "pol4": 0.08759780290990493, "v0s": 6.670229573373424}, "datetime": {"datetime": "2022-06-15 22:22:58", "elapsed": 246025.35898, "delta": 15.442724}}
{"target": -1.0, "params": {"Bgrad": 0.8694245048752998, "d1": -0.30227746044670933, "d2": -2.8008814515151985, "d3": -2.0186699565828334, "d4": -1.551051828582788, "p1": 23.839515346488465, "p2": 49.88109037482195, "p3": 13.29872915786338, "p4": 30.29063745874765, "pol1": -0.26664007077777696, "pol2": 0.4070062569687929, "pol3": 0.034721177572657025, "pol4": 0.7166515261151873, "v0s": 5.0266087802127135}, "datetime": {"datetime": "2022-06-15 22:23:11", "elapsed": 246038.995532, "delta": 13.636552}}
{"target": -1.0, "params": {"Bgrad": 1.934067588385033, "d1": 0.7249103430342401, "d2": -2.3126151503338344, "d3": 0.9679625871619493, "d4": -0.11855902653008688, "p1": 29.541586093416722, "p2": 38.64327959396945, "p3": 5.579014728060294, "p4": 16.854867705833172, "pol1": -0.3474681959756629, "pol2": 0.6085806613364562, "pol3": -0.8423575225723479, "pol4": -0.7941536267826597, "v0s": 6.18728278311985}, "datetime": {"datetime": "2022-06-15 22:23:27", "elapsed": 246054.699557, "delta": 15.704025}}
{"target": -1.0, "params": {"Bgrad": 1.7662001576827764, "d1": -0.18638679123151736, "d2": -1.3568993729548344, "d3": -0.7748276782581658, "d4": 0.2618525235806901, "p1": 32.69032793812174, "p2": 14.283824831650415, "p3": 23.52443510392729, "p4": 17.663219590570616, "pol1": 0.26545399840812145, "pol2": -0.41896683267504153, "pol3": -0.5181383846595093, "pol4": -0.24356336203093898, "v0s": 5.536105857084056}, "datetime": {"datetime": "2022-06-15 22:23:44", "elapsed": 246071.954438, "delta": 17.254881}}
{"target": -1.0, "params": {"Bgrad": 1.8676005430967137, "d1": -1.1317020603321737, "d2": 0.9645260187206635, "d3": -1.2856952301972755, "d4": 0.9745172700799327, "p1": 49.41850399504848, "p2": 22.0066691380582, "p3": 45.2561214593526, "p4": 22.205098656589218, "pol1": -0.5346686729083625, "pol2": -0.07851315245874146, "pol3": 0.2324195781627354, "pol4": 0.32045719177898246, "v0s": 5.369072618243178}, "datetime": {"datetime": "2022-06-15 22:24:00", "elapsed": 246087.382202, "delta": 15.427764}}
{"target": -1.0, "params": {"Bgrad": 0.8154431421687447, "d1": -0.4808021392395645, "d2": 0.4224788536507451, "d3": -0.16631466216891821, "d4": 0.3903875584115273, "p1": 27.941384437034817, "p2": 13.597037474450024, "p3": 1.156863737212771, "p4": 23.294782250335327, "pol1": 0.9708323786499349, "pol2": 0.7507986139655574, "pol3": -0.7455943911505636, "pol4": -0.686012849240478, "v0s": 7.829606865778475}, "datetime": {"datetime": "2022-06-15 22:24:13", "elapsed": 246100.364503, "delta": 12.982301}}
{"target": -1.0, "params": {"Bgrad": 1.0585483161075637, "d1": 0.4951566270319705, "d2": -1.3822718060466626, "d3": -1.4691224349811782, "d4": 0.8451384402954671, "p1": 12.7116264396264, "p2": 6.975740161386751, "p3": 20.715371710750556, "p4": 8.740927080238093, "pol1": 0.21375337196949862, "pol2": -0.5232920484935326, "pol3": 0.0763333929922918, "pol4": 0.9051404461876189, "v0s": 2.404023151916173}, "datetime": {"datetime": "2022-06-15 22:24:30", "elapsed": 246117.866722, "delta": 17.502219}}
{"target": -1.0, "params": {"Bgrad": 1.4356504018648042, "d1": 0.5110401072576805, "d2": -0.47092777204953995, "d3": -0.4934585768337456, "d4": -0.6086182771826665, "p1": 3.836377317418649, "p2": 13.139229556927978, "p3": 41.75141984535121, "p4": 17.001914634519654, "pol1": -0.39156764344529105, "pol2": -0.35223185307908134, "pol3": 0.5547421945792663, "pol4": 0.8306136772705817, "v0s": 6.048226662920697}, "datetime": {"datetime": "2022-06-15 22:24:47", "elapsed": 246135.052787, "delta": 17.186065}}
{"target": -1.0, "params": {"Bgrad": 0.8359707117361643, "d1": -0.2630652207492439, "d2": 0.07049696929914795, "d3": 0.12488083614424594, "d4": 0.5769758466381045, "p1": 37.86102372431625, "p2": 6.977837744285348, "p3": 17.27509665980201, "p4": 9.135543143151354, "pol1": 0.8879912873326148, "pol2": -0.718038311043067, "pol3": -0.22043923487904715, "pol4": -0.7587438184514781, "v0s": 5.4252000173370245}, "datetime": {"datetime": "2022-06-15 22:25:00", "elapsed": 246147.691007, "delta": 12.63822}}
{"target": 3.563616520987122, "params": {"Bgrad": 1.6037416101672721, "d1": -1.073214760618232, "d2": -0.09388951590762451, "d3": -2.7963976039382086, "d4": -2.3330831085428456, "p1": 18.138788706763382, "p2": 30.507177046881225, "p3": 20.833332334903588, "p4": 17.7771217635536, "pol1": -0.8216719132015813, "pol2": -0.02867197804477639, "pol3": 0.6584439341099579, "pol4": 0.08258893536180056, "v0s": 3.563616520987122}, "datetime": {"datetime": "2022-06-15 22:25:09", "elapsed": 246156.375794, "delta": 8.684787}}
{"target": -1.0, "params": {"Bgrad": 1.8482707826976477, "d1": -0.44837425120416796, "d2": -2.3093443305863963, "d3": -0.6623423858066801, "d4": -0.7574595044827603, "p1": 38.74781740894744, "p2": 5.844440179070337, "p3": 38.45529702803608, "p4": 19.89873006625073, "pol1": 0.029980981385312244, "pol2": 0.9032302399549019, "pol3": -0.6065237765630427, "pol4": -0.46981536986350103, "v0s": 7.111333097806284}, "datetime": {"datetime": "2022-06-15 22:25:25", "elapsed": 246172.331148, "delta": 15.955354}}
{"target": 2.8338828905016635, "params": {"Bgrad": 1.8355180100016584, "d1": -1.221364569291179, "d2": -1.4948868935307158, "d3": -2.9475271093720914, "d4": -0.10922351790732954, "p1": 44.657288721452346, "p2": 35.328932893954516, "p3": 21.646779153213693, "p4": 48.81292574558064, "pol1": 0.9603146943990759, "pol2": 0.08955693023171851, "pol3": 0.04124862323615863, "pol4": 0.9020017178013564, "v0s": 2.8338828905016635}, "datetime": {"datetime": "2022-06-15 22:25:28", "elapsed": 246175.964437, "delta": 3.633289}}
{"target": -1.0, "params": {"Bgrad": 1.9587559776156516, "d1": -0.5442793183632317, "d2": -1.5847114906579662, "d3": -0.5862892233615229, "d4": -1.1707636740104181, "p1": 16.269816887005522, "p2": 37.30763331303769, "p3": 7.640486067454816, "p4": 40.03729891839285, "pol1": -0.22742175679199117, "pol2": 0.8038744174605366, "pol3": 0.0822421859425011, "pol4": 0.48831857429702663, "v0s": 7.744508654168546}, "datetime": {"datetime": "2022-06-15 22:25:44", "elapsed": 246191.756228, "delta": 15.791791}}
{"target": -1.0, "params": {"Bgrad": 0.5029374863334117, "d1": -2.4662120721395504, "d2": 0.22942971275016166, "d3": 0.1395833188497928, "d4": 0.8973585840208376, "p1": 1.8002303444341838, "p2": 20.14049997956707, "p3": 27.15382172916929, "p4": 2.1037709977842987, "pol1": -0.5503770120455156, "pol2": 0.6140952272034697, "pol3": -0.9615409123648067, "pol4": 0.969847198828379, "v0s": 4.342959850643142}, "datetime": {"datetime": "2022-06-15 22:25:55", "elapsed": 246202.855561, "delta": 11.099333}}
{"target": -1.0, "params": {"Bgrad": 0.5403839805412497, "d1": -0.16905391286877647, "d2": -0.7829438381418692, "d3": -2.4895114852999076, "d4": 0.9823617733280301, "p1": 16.544513922204366, "p2": 47.19685981621855, "p3": 2.719667329236719, "p4": 4.6275324087929945, "pol1": 0.13694758711588073, "pol2": -0.34044285614173786, "pol3": 0.9988023256215963, "pol4": -0.2837315733082484, "v0s": 2.942140231561103}, "datetime": {"datetime": "2022-06-15 22:26:08", "elapsed": 246215.696241, "delta": 12.84068}}
{"target": -1.0, "params": {"Bgrad": 0.7655293341591491, "d1": -1.939948454178733, "d2": -0.06060322198942014, "d3": -1.2402987609769847, "d4": -1.60551370093938, "p1": 27.369290939864193, "p2": 24.83092869663512, "p3": 29.357067741441877, "p4": 44.85268489513187, "pol1": 0.6677212886450834, "pol2": -0.9506277756550423, "pol3": -0.5251029313104951, "pol4": 0.08789591226013771, "v0s": 7.115923535729377}, "datetime": {"datetime": "2022-06-15 22:26:17", "elapsed": 246224.272318, "delta": 8.576077}}
{"target": -1.0, "params": {"Bgrad": 1.2267097884220153, "d1": -0.4537202722091913, "d2": -1.7129544032614459, "d3": 0.6952687140637002, "d4": 0.6809756976267467, "p1": 6.454067432465205, "p2": 15.30956896836636, "p3": 28.22101888004006, "p4": 20.897098503386285, "pol1": 0.5468705844551087, "pol2": 0.8424681480391183, "pol3": -0.4169484477452903, "pol4": 0.26252550512135775, "v0s": 7.498791945895963}, "datetime": {"datetime": "2022-06-15 22:26:33", "elapsed": 246240.50892, "delta": 16.236602}}
{"target": -1.0, "params": {"Bgrad": 0.8475988846872535, "d1": 0.07597251836424146, "d2": -2.834615783346326, "d3": 0.09395161345391889, "d4": -1.66566937445653, "p1": 27.215652114018113, "p2": 43.855648064808285, "p3": 37.92517182675662, "p4": 41.513164066235596, "pol1": -0.9039642915565675, "pol2": 0.2479595764226208, "pol3": 0.9181260422024489, "pol4": -0.030821387207352835, "v0s": 3.49923429182833}, "datetime": {"datetime": "2022-06-15 22:26:47", "elapsed": 246254.524459, "delta": 14.015539}}
{"target": -1.0, "params": {"Bgrad": 0.7942330679457469, "d1": -1.4610980869258805, "d2": -0.9599585461391729, "d3": -0.8434151351953441, "d4": -2.512292294166514, "p1": 40.793812882528734, "p2": 14.224860208690144, "p3": 28.001239045410024, "p4": 35.07641832132459, "pol1": 0.5740668515361766, "pol2": 0.1184315041209596, "pol3": 0.7169388394146596, "pol4": -0.6198669274043149, "v0s": 6.59718201700196}, "datetime": {"datetime": "2022-06-15 22:26:59", "elapsed": 246266.837548, "delta": 12.313089}}
{"target": -1.0, "params": {"Bgrad": 1.206845372686804, "d1": -1.804082978521627, "d2": -0.670009068434291, "d3": -0.7403285941126025, "d4": 0.06710435642668555, "p1": 10.333883733764694, "p2": 26.457526398449666, "p3": 15.646749452373204, "p4": 25.11352304333728, "pol1": 0.3129145505815727, "pol2": -0.6847319608654605, "pol3": -0.1776416608712834, "pol4": 0.8468968784858639, "v0s": 6.047702453265623}, "datetime": {"datetime": "2022-06-15 22:27:15", "elapsed": 246282.277281, "delta": 15.439733}}
{"target": -1.0, "params": {"Bgrad": 0.718986700393484, "d1": 0.7951244129922448, "d2": -2.230807134055274, "d3": 0.46748987741017567, "d4": -1.6257248568129068, "p1": 9.243313918750108, "p2": 1.8973761732103744, "p3": 13.598719064122754, "p4": 38.01214161680688, "pol1": 0.5078498075232694, "pol2": 0.5987371936213703, "pol3": -0.11675668271087503, "pol4": 0.6620759903563143, "v0s": 4.507150901622969}, "datetime": {"datetime": "2022-06-15 22:27:25", "elapsed": 246292.89191, "delta": 10.614629}}
{"target": -1.0, "params": {"Bgrad": 1.427913131913467, "d1": -2.6682781540901503, "d2": -1.573005049494395, "d3": -0.8287480021947888, "d4": -1.2179556505807265, "p1": 38.89590871952661, "p2": 44.515128699283885, "p3": 32.99672331411166, "p4": 49.880364959304366, "pol1": 0.48794261050192866, "pol2": 0.10362455826186912, "pol3": -0.446370154710483, "pol4": 0.1580495930670116, "v0s": 6.308133103636641}, "datetime": {"datetime": "2022-06-15 22:27:41", "elapsed": 246308.982901, "delta": 16.090991}}
{"target": -1.0, "params": {"Bgrad": 1.8908206629990696, "d1": 0.9757152104197635, "d2": -2.3550285482074633, "d3": -0.47622985453396716, "d4": 0.5460523497900462, "p1": 37.618912700545145, "p2": 3.873738272616273, "p3": 26.58823166777854, "p4": 44.16304976185278, "pol1": -0.23864687755304081, "pol2": 0.2777875734215882, "pol3": 0.4233301716950346, "pol4": 0.9505496462376932, "v0s": 6.956797527164731}, "datetime": {"datetime": "2022-06-15 22:27:59", "elapsed": 246326.151014, "delta": 17.168113}}
{"target": -1.0, "params": {"Bgrad": 1.2084183699539488, "d1": -1.8768473130940508, "d2": 0.7411132108536056, "d3": 0.024995876582518672, "d4": -0.9647754263861068, "p1": 42.48063849954211, "p2": 19.427608298190613, "p3": 36.8113417641623, "p4": 15.470226878842263, "pol1": -0.4513816851678576, "pol2": -0.6728079665536058, "pol3": -0.7943815939554533, "pol4": 0.013063295563116917, "v0s": 6.268825864850854}, "datetime": {"datetime": "2022-06-15 22:28:15", "elapsed": 246342.385622, "delta": 16.234608}}
