{"target": -1.0, "params": {"Bgrad": 7.873520682078895, "d1": -2.03402711720761, "d2": -0.18964285062815067, "d3": -2.901136291354863, "d4": -2.324451141539793, "p1": 5.023801296998409, "p2": 9.406833399942888, "p3": 35.482846083010536, "p4": 23.748681051956417, "pol1": 0.18091429625757183, "pol2": -0.9017217714724608, "pol3": -0.747000665808869, "pol4": -0.6882425686800968, "v0s": 6.586661292086815}, "datetime": {"datetime": "2022-04-11 15:11:22", "elapsed": 2184.813236, "delta": 18.152262}}
{"target": -1.0, "params": {"Bgrad": 9.877258091099133, "d1": -2.6354925051242835, "d2": -1.3955836928262109, "d3": 0.5771147347516896, "d4": -0.5344056081559572, "p1": 10.921502906218105, "p2": 5.963880650449116, "p3": 32.35145355103999, "p4": 28.27254560146717, "pol1": 0.9195160450788222, "pol2": -0.6290761304484938, "pol3": 0.8642054733262952, "pol4": -0.825385371806211, "v0s": 4.12836330595377}, "datetime": {"datetime": "2022-04-11 15:11:45", "elapsed": 2207.643109, "delta": 22.829873}}
{"target": 4.276984925814577, "params": {"Bgrad": 12.005370979764926, "d1": -2.651609390410554, "d2": -2.340026783963859, "d3": -2.771144067395023, "d4": -0.46035909228342087, "p1": 3.326898134908818, "p2": 11.24786512721941, "p3": 31.00247696205558, "p4": 29.934716048339823, "pol1": 0.8984713160087159, "pol2": -0.369221880842618, "pol3": 0.8999340207390181, "pol4": 0.2066269401711296, "v0s": 4.276984925814577}, "datetime": {"datetime": "2022-04-11 15:11:59", "elapsed": 2221.733673, "delta": 14.090564}}
{"target": 2.4983779400118262, "params": {"Bgrad": 10.038929299877244, "d1": -2.6672912334666954, "d2": 0.2540289185784297, "d3": -0.7692254776765797, "d4": -1.1759508532504275, "p1": 5.19715855951538, "p2": 10.652963553814649, "p3": 36.06063716453643, "p4": 29.987553727360776, "pol1": -0.14846239972152198, "pol2": -0.8099373676700443, "pol3": 0.16982317114460455, "pol4": 0.4851687468014303, "v0s": 2.4983779400118262}, "datetime": {"datetime": "2022-04-11 15:12:11", "elapsed": 2233.669953, "delta": 11.93628}}
{"target": 3.9933624637019545, "params": {"Bgrad": 11.570586332309494, "d1": -3.0, "d2": -1.4832559308207418, "d3": -1.9475184476481648, "d4": -2.587413888624768, "p1": 4.850073371684685, "p2": 8.439736336519358, "p3": 37.6439194103152, "p4": 26.345814714974086, "pol1": -0.2543346654701759, "pol2": -0.3896519707024891, "pol3": 0.6612361555870344, "pol4": -0.2858876974422527, "v0s": 3.9933624637019545}, "datetime": {"datetime": "2022-04-11 15:12:21", "elapsed": 2243.990026, "delta": 10.320073}}
{"target": 4.617011284510347, "params": {"Bgrad": 11.482781182674625, "d1": -2.755946913630278, "d2": -2.830816214147477, "d3": -2.1287945115775644, "d4": -1.5289000684265828, "p1": 3.3392536051429667, "p2": 8.71473377941452, "p3": 39.638010082132254, "p4": 22.77906101207104, "pol1": 0.7549794099423599, "pol2": 0.7752734974941407, "pol3": 0.4203355839188734, "pol4": 0.09888310822156554, "v0s": 4.617011284510347}, "datetime": {"datetime": "2022-04-11 15:12:35", "elapsed": 2258.164871, "delta": 14.174845}}
{"target": -1.0, "params": {"Bgrad": 13.014531380571734, "d1": -2.289440046816658, "d2": 0.0019119922735550965, "d3": -1.6591521344149158, "d4": -2.563629203210632, "p1": 3.67791791196157, "p2": 11.037537840614881, "p3": 35.620496726458704, "p4": 25.023325433798316, "pol1": 0.6464714409627672, "pol2": -0.8517818069156977, "pol3": 0.42307142675936027, "pol4": -0.2368474568818022, "v0s": 6.185246361457956}, "datetime": {"datetime": "2022-04-11 15:12:56", "elapsed": 2279.320673, "delta": 21.155802}}
{"target": 4.926581512351043, "params": {"Bgrad": 9.113962021739432, "d1": -1.61942637523858, "d2": -0.17799716285526612, "d3": -2.155942473279459, "d4": -2.8518839349808607, "p1": 11.570211121862496, "p2": 5.913740659440148, "p3": 31.286456939031098, "p4": 22.76813880267859, "pol1": -0.30255352632037735, "pol2": 0.910994898106291, "pol3": 0.841147951519791, "pol4": -0.863649675989407, "v0s": 4.926581512351043}, "datetime": {"datetime": "2022-04-11 15:13:05", "elapsed": 2288.011093, "delta": 8.69042}}
{"target": -1.0, "params": {"Bgrad": 6.475703687834686, "d1": -0.8517479857989292, "d2": -2.2821408481321197, "d3": -1.8721107289019523, "d4": -2.523151569969474, "p1": 2.387974662019532, "p2": 2.454632333094459, "p3": 35.73236417200665, "p4": 20.530166026035552, "pol1": -0.9238919060166397, "pol2": -0.5543224870655832, "pol3": 0.7026167649316879, "pol4": -0.32359313365016207, "v0s": 5.014146647150115}, "datetime": {"datetime": "2022-04-11 15:13:21", "elapsed": 2303.532842, "delta": 15.521749}}
{"target": 3.9899029170285765, "params": {"Bgrad": 5.254730457572365, "d1": -1.5582388148805384, "d2": -0.13628759293205572, "d3": -0.8991185258084711, "d4": -1.1978614466498745, "p1": 5.155336112493897, "p2": 1.307734218194051, "p3": 34.738959460858695, "p4": 24.267598277692514, "pol1": -0.9451624103161016, "pol2": 0.14464426214601933, "pol3": 0.22959968617292548, "pol4": -0.9395340049939089, "v0s": 3.9899029170285765}, "datetime": {"datetime": "2022-04-11 15:13:28", "elapsed": 2310.614026, "delta": 7.081184}}
{"target": 3.7389737788873245, "params": {"Bgrad": 11.37029276543097, "d1": -1.8194631462993907, "d2": 0.42057258219705185, "d3": -1.6070065852578446, "d4": -2.5434457041452605, "p1": 4.979407704099442, "p2": 8.212391754687005, "p3": 32.93315638488043, "p4": 21.498120910984387, "pol1": 0.9953065211490746, "pol2": -0.6829577282960633, "pol3": 0.4115931113672311, "pol4": -0.31961851782605444, "v0s": 3.7389737788873245}, "datetime": {"datetime": "2022-04-11 15:13:34", "elapsed": 2317.124769, "delta": 6.510743}}
{"target": -1.0, "params": {"Bgrad": 9.970754972778158, "d1": -2.501852123210744, "d2": -2.891474470568549, "d3": -0.9016880143638364, "d4": -1.063123555993052, "p1": 3.9560732922989006, "p2": 11.921986903148218, "p3": 30.735125297150105, "p4": 30.188703844947266, "pol1": 0.888468704529985, "pol2": 0.10879279956326093, "pol3": -0.9507473979562404, "pol4": -0.39958581721288633, "v0s": 5.060983329384972}, "datetime": {"datetime": "2022-04-11 15:13:56", "elapsed": 2339.11976, "delta": 21.994991}}
{"target": 3.6863131259289244, "params": {"Bgrad": 5.918493243513785, "d1": -1.9334759263908086, "d2": -0.10335354793023477, "d3": -1.5740751454629462, "d4": -0.41655733448932786, "p1": 4.8079711568020045, "p2": 1.9253569244401747, "p3": 33.15499428526784, "p4": 25.142284899351697, "pol1": 0.9807262717489329, "pol2": 0.33353920563551687, "pol3": 0.07386267986386441, "pol4": 0.6081974342907814, "v0s": 3.6863131259289244}, "datetime": {"datetime": "2022-04-11 15:14:02", "elapsed": 2344.801675, "delta": 5.681915}}
{"target": 4.122234697517241, "params": {"Bgrad": 10.072737881682222, "d1": -2.489744751307314, "d2": -0.7700429691549038, "d3": -2.5784266869159658, "d4": -2.5193863627274635, "p1": 5.524975224085993, "p2": 8.054022287063525, "p3": 35.95819608348251, "p4": 27.2911195173239, "pol1": -0.187492460501963, "pol2": -0.4062115404611669, "pol3": 0.5349144400325416, "pol4": 0.49960289210191544, "v0s": 4.122234697517241}, "datetime": {"datetime": "2022-04-11 15:14:13", "elapsed": 2356.387369, "delta": 11.585694}}
{"target": -1.0, "params": {"Bgrad": 1.8267036000478372, "d1": -1.4929370298144957, "d2": -2.7213080055838725, "d3": -2.617177075681136, "d4": -0.2911394182386884, "p1": 5.639175363893312, "p2": 0.14365101400790614, "p3": 37.73996850292101, "p4": 18.597918133392515, "pol1": -0.36779101059376496, "pol2": 0.3972841065144981, "pol3": -0.824038581094857, "pol4": -0.23267979176238995, "v0s": 5.949774195657853}, "datetime": {"datetime": "2022-04-11 15:14:29", "elapsed": 2372.102097, "delta": 15.714728}}
{"target": -1.0, "params": {"Bgrad": 13.548990826913084, "d1": -1.4235236047345974, "d2": 0.7044210541585976, "d3": 0.5908649571784257, "d4": -2.3999597120344034, "p1": 7.464527882214328, "p2": 7.098958249914011, "p3": 28.999841618993866, "p4": 22.931562386434145, "pol1": -0.9928340859679543, "pol2": -0.9418242670464854, "pol3": -0.7484849533942854, "pol4": 0.1462488943806195, "v0s": 7.758108978201103}, "datetime": {"datetime": "2022-04-11 15:14:49", "elapsed": 2392.264572, "delta": 20.162475}}
{"target": -1.0, "params": {"Bgrad": 10.298391244491883, "d1": -0.33032179471087453, "d2": -2.039987443923573, "d3": -2.9719458576551916, "d4": -1.9314649190808417, "p1": 9.335424832896578, "p2": 6.282446758114374, "p3": 30.766426299871952, "p4": 28.207373252911967, "pol1": 0.37375484130166026, "pol2": 0.07273969144115999, "pol3": -0.4684521124311056, "pol4": -0.476134094943061, "v0s": 5.0746616822513015}, "datetime": {"datetime": "2022-04-11 15:15:12", "elapsed": 2415.143829, "delta": 22.879257}}
{"target": 3.912004973238848, "params": {"Bgrad": 14.592105509570342, "d1": -2.4026422096495446, "d2": -2.797119321225577, "d3": -0.7926800709924526, "d4": -1.1591701234177294, "p1": 8.412784675586138, "p2": 4.354758246714802, "p3": 29.15838846713706, "p4": 24.26611423897264, "pol1": -0.4095785047344347, "pol2": 0.976357995050144, "pol3": 0.019729683040548673, "pol4": -0.1506610429367481, "v0s": 3.912004973238848}, "datetime": {"datetime": "2022-04-11 15:15:23", "elapsed": 2425.481852, "delta": 10.338023}}
{"target": 4.4682806836652835, "params": {"Bgrad": 11.84448045335989, "d1": -2.3398820310840627, "d2": -1.6720224294773407, "d3": -0.9687392544725888, "d4": -2.3916598108036404, "p1": 7.942161183749167, "p2": 6.545550933321102, "p3": 30.08497880250067, "p4": 23.684505170132816, "pol1": -0.10231619703696529, "pol2": 0.3017180671235587, "pol3": 0.5141899260884075, "pol4": -0.3734652744519895, "v0s": 4.4682806836652835}, "datetime": {"datetime": "2022-04-11 15:15:33", "elapsed": 2435.43989, "delta": 9.958038}}
{"target": 3.7545002955210727, "params": {"Bgrad": 6.063569710653438, "d1": -2.539585925588238, "d2": -1.6142142879179024, "d3": -2.2278464246058607, "d4": -2.0581493138010964, "p1": 4.637565141710518, "p2": 4.288434220732096, "p3": 35.98186383338553, "p4": 22.525771755507574, "pol1": -0.46414396530448276, "pol2": -0.35539454641158774, "pol3": -0.1749835101046918, "pol4": 0.6174649092194998, "v0s": 3.7545002955210727}, "datetime": {"datetime": "2022-04-11 15:15:38", "elapsed": 2440.497471, "delta": 5.057581}}
{"target": -1.0, "params": {"Bgrad": 6.214382437344828, "d1": -1.7835276608459898, "d2": 0.5128601348923651, "d3": 0.19907878905734178, "d4": -1.068147865476944, "p1": 3.037945057771785, "p2": 4.453207008653687, "p3": 32.711977667286334, "p4": 23.136061808145346, "pol1": 0.13797577440119158, "pol2": -0.1566530430656845, "pol3": 0.6470391625784644, "pol4": -0.9188838510008408, "v0s": 4.16080085147579}, "datetime": {"datetime": "2022-04-11 15:15:57", "elapsed": 2459.832071, "delta": 19.3346}}
{"target": 3.0774822872095147, "params": {"Bgrad": 6.180017838869015, "d1": -2.7451251822483846, "d2": -0.021177727754393416, "d3": -2.479164949870197, "d4": -2.482477972443068, "p1": 5.638820479399992, "p2": 0.6194788533875617, "p3": 33.81525952358322, "p4": 24.58105877938629, "pol1": 0.11866577808762502, "pol2": -0.05666660247929012, "pol3": 0.10375478806776273, "pol4": -0.7911868358328922, "v0s": 3.0774822872095147}, "datetime": {"datetime": "2022-04-11 15:16:01", "elapsed": 2464.046841, "delta": 4.21477}}
{"target": -1.0, "params": {"Bgrad": 11.639160775657551, "d1": -1.6847217631967752, "d2": -1.889198916885666, "d3": -2.7649673796658174, "d4": -2.06769467482983, "p1": 6.436918266304225, "p2": 7.72998189503642, "p3": 30.566174043901295, "p4": 26.65946964088765, "pol1": -0.13779316497118033, "pol2": 0.4706071226554447, "pol3": -0.006428009474889862, "pol4": -0.25157405593562343, "v0s": 6.563405648732995}, "datetime": {"datetime": "2022-04-11 15:16:20", "elapsed": 2483.079808, "delta": 19.032967}}
{"target": 2.0984407900214017, "params": {"Bgrad": 2.2499350796166215, "d1": -2.7085546879048144, "d2": 0.9872856642115937, "d3": -0.7577223580208607, "d4": -1.2116820483538553, "p1": 5.708567332530573, "p2": 0.14363837066533325, "p3": 34.15694802005061, "p4": 24.655780895665693, "pol1": 0.1693233400639076, "pol2": -0.686905262271073, "pol3": 0.060156549795152836, "pol4": 0.8428896438076414, "v0s": 2.0984407900214017}, "datetime": {"datetime": "2022-04-11 15:16:27", "elapsed": 2490.046778, "delta": 6.96697}}
{"target": 2.7747494744256342, "params": {"Bgrad": 7.187073017632871, "d1": -0.3478311354943977, "d2": -1.5320562230852066, "d3": -2.056164771755566, "d4": -1.3704435451755446, "p1": 3.5249962556989036, "p2": 3.905282248110881, "p3": 37.07421240413403, "p4": 25.92409481523238, "pol1": 0.8331088730818763, "pol2": -0.3529576091418902, "pol3": -0.21523222779530982, "pol4": -0.25103391801201647, "v0s": 2.7747494744256342}, "datetime": {"datetime": "2022-04-11 15:16:29", "elapsed": 2492.192087, "delta": 2.145309}}
{"target": -1.0, "params": {"Bgrad": 13.33473735014756, "d1": -0.6831197056512406, "d2": -1.658508257302818, "d3": -0.7847099243924309, "d4": -0.6635702301291144, "p1": 2.3619979275408323, "p2": 8.457675401247966, "p3": 41.44953432433799, "p4": 21.03313231060377, "pol1": -0.2828096754101419, "pol2": 0.456227169230486, "pol3": 0.6371784638298228, "pol4": 0.738041576829064, "v0s": 5.809495902500183}, "datetime": {"datetime": "2022-04-11 15:16:47", "elapsed": 2509.486171, "delta": 17.294084}}
{"target": -1.0, "params": {"Bgrad": 14.117022042120098, "d1": -2.359551735006634, "d2": -2.3975184902423203, "d3": -0.028090620560567547, "d4": -2.415387090506053, "p1": 8.497041710432008, "p2": 6.03706732592118, "p3": 31.99664549651871, "p4": 25.379006773264333, "pol1": 0.6702390506583902, "pol2": 0.7646083114262783, "pol3": -0.8778722649418016, "pol4": -0.8317819576560683, "v0s": 3.070023967219074}, "datetime": {"datetime": "2022-04-11 15:17:11", "elapsed": 2533.598151, "delta": 24.11198}}
{"target": 2.7376633331677898, "params": {"Bgrad": 7.797520000477999, "d1": 0.4516404754904868, "d2": -1.3959357384002669, "d3": 0.834068684952864, "d4": -2.7950571139789795, "p1": 7.518810320776509, "p2": 5.698573183802457, "p3": 33.33056397527937, "p4": 24.763099788105848, "pol1": 0.8597578717092944, "pol2": 0.4347226845276715, "pol3": -0.536272757260349, "pol4": 0.780662935855917, "v0s": 2.7376633331677898}, "datetime": {"datetime": "2022-04-11 15:17:27", "elapsed": 2549.724767, "delta": 16.126616}}
{"target": 3.1334526995141374, "params": {"Bgrad": 9.190229135193716, "d1": -0.287343927050975, "d2": -2.8267105094434526, "d3": -1.2445370859016438, "d4": -0.09363067601276986, "p1": 3.454828729606435, "p2": 8.67093822699207, "p3": 38.68239542582776, "p4": 24.24105533057672, "pol1": -0.0077523105056436226, "pol2": -0.5378918382548032, "pol3": -0.917917673943393, "pol4": 0.04214208039849954, "v0s": 3.1334526995141374}, "datetime": {"datetime": "2022-04-11 15:17:36", "elapsed": 2558.68848, "delta": 8.963713}}
{"target": 4.397019465600343, "params": {"Bgrad": 9.739459608540246, "d1": -1.7489653058950727, "d2": -0.8297417147998356, "d3": -1.7319772398105604, "d4": -2.884373994607127, "p1": 9.951107258355457, "p2": 6.3885533276668625, "p3": 31.571867437683082, "p4": 24.102271508020106, "pol1": -0.23650074901487453, "pol2": 0.4599533719268733, "pol3": 0.8343526115981255, "pol4": -0.2348575902519495, "v0s": 4.397019465600343}, "datetime": {"datetime": "2022-04-11 15:17:45", "elapsed": 2568.014157, "delta": 9.325677}}
{"target": 3.751225003275736, "params": {"Bgrad": 4.478025158065994, "d1": -2.274306167307816, "d2": -1.175757024582005, "d3": -2.147914971179348, "d4": -1.057240270396105, "p1": 5.624527864625748, "p2": 2.706824704975804, "p3": 33.99850356853181, "p4": 23.679924120698388, "pol1": -0.2007159227537921, "pol2": 0.16726140075488222, "pol3": -0.1204281200285708, "pol4": 0.2523316616426823, "v0s": 3.751225003275736}, "datetime": {"datetime": "2022-04-11 15:17:52", "elapsed": 2574.421648, "delta": 6.407491}}
{"target": 2.3783205247349013, "params": {"Bgrad": 7.895369036271862, "d1": -1.5180306239837176, "d2": -2.446001317072769, "d3": 0.034869392179186054, "d4": -0.36557614870029065, "p1": 1.1159307964887122, "p2": 5.9706022071539415, "p3": 37.86824664944374, "p4": 24.60658110627988, "pol1": 0.6141497475737665, "pol2": 0.1736321802087768, "pol3": -0.16327808509144615, "pol4": -0.5535730880474343, "v0s": 2.3783205247349013}, "datetime": {"datetime": "2022-04-11 15:17:55", "elapsed": 2578.179664, "delta": 3.758016}}
{"target": -1.0, "params": {"Bgrad": 6.8151983147779855, "d1": 0.8423164187952996, "d2": 0.11543314978915253, "d3": 0.9222527455011638, "d4": -1.1515893322833284, "p1": 3.3578283978912324, "p2": 6.7692457844869605, "p3": 36.80862259697308, "p4": 23.182751072632797, "pol1": -0.05395311019518667, "pol2": -0.6678162617024055, "pol3": 0.7824660087914959, "pol4": -0.3834459205278733, "v0s": 3.0110782410497645}, "datetime": {"datetime": "2022-04-11 15:18:13", "elapsed": 2596.127019, "delta": 17.947355}}
{"target": -1.0, "params": {"Bgrad": 8.080780490851298, "d1": -0.6933381181172025, "d2": 0.1418318367960203, "d3": -2.7241376543428744, "d4": -1.6737149470421784, "p1": 3.975525243987538, "p2": 6.23035908211726, "p3": 39.10905216154212, "p4": 28.820664485894604, "pol1": -0.564765037047444, "pol2": 0.1152634592282833, "pol3": 0.7522866556183347, "pol4": -0.1494856354779499, "v0s": 6.383031708664512}, "datetime": {"datetime": "2022-04-11 15:18:32", "elapsed": 2614.746052, "delta": 18.619033}}
{"target": -1.0, "params": {"Bgrad": 12.07617317347597, "d1": -3.0, "d2": -2.442692787926196, "d3": -2.4028449460628765, "d4": -2.622445406991955, "p1": 3.729741322402875, "p2": 7.457782708507722, "p3": 39.38590772523467, "p4": 25.322986322156883, "pol1": 0.3856219802592077, "pol2": -0.3978035729669349, "pol3": 0.4428379476202597, "pol4": 0.03723395488997683, "v0s": 5.037553224742803}, "datetime": {"datetime": "2022-04-11 15:18:58", "elapsed": 2640.786903, "delta": 26.040851}}
{"target": 2.735614794935673, "params": {"Bgrad": 10.765075622292892, "d1": -2.5526245500529265, "d2": -2.0697817758776895, "d3": -2.3465371537327737, "d4": -0.3859464694542014, "p1": 7.745883896843236, "p2": 5.934651785626577, "p3": 28.91575235670927, "p4": 26.328882186608837, "pol1": -0.4569981554220188, "pol2": 0.34748518105857373, "pol3": -0.10751214570614254, "pol4": 0.24644147609285572, "v0s": 2.735614794935673}, "datetime": {"datetime": "2022-04-11 15:19:07", "elapsed": 2649.569532, "delta": 8.782629}}
{"target": 3.2690508514339554, "params": {"Bgrad": 4.232687713944912, "d1": -0.8951589613099133, "d2": 0.1018561423252895, "d3": -2.7212087093122923, "d4": -2.0867348677311077, "p1": 5.958363189204863, "p2": 3.268014551326459, "p3": 35.584608747570805, "p4": 24.223206312775545, "pol1": -0.8972884267104624, "pol2": -0.718417169444914, "pol3": 0.3467471708620278, "pol4": 0.6268516928707739, "v0s": 3.2690508514339554}, "datetime": {"datetime": "2022-04-11 15:19:14", "elapsed": 2656.492137, "delta": 6.922605}}
{"target": 2.066576358869814, "params": {"Bgrad": 11.300931462440277, "d1": -1.6422744793129596, "d2": -0.7872561858239977, "d3": 0.6119616179930985, "d4": -1.481967665391041, "p1": 7.064341770093035, "p2": 11.848446017516206, "p3": 35.91054478486044, "p4": 27.68888407665041, "pol1": -0.7251251737432258, "pol2": 0.07988107131716937, "pol3": -0.6780287190371639, "pol4": 0.5312410884391698, "v0s": 2.066576358869814}, "datetime": {"datetime": "2022-04-11 15:19:24", "elapsed": 2666.977291, "delta": 10.485154}}
{"target": 4.160163226586625, "params": {"Bgrad": 5.7104925792125965, "d1": -2.3152565654745056, "d2": -2.737295502775992, "d3": -2.1220317854144195, "d4": -1.8886289455197598, "p1": 3.8032812072176228, "p2": 5.6255658540984435, "p3": 36.27271288723902, "p4": 21.75318993100483, "pol1": -0.9636326066600366, "pol2": -0.007251055084665847, "pol3": 0.5626660553411398, "pol4": 0.9618003045418487, "v0s": 4.160163226586625}, "datetime": {"datetime": "2022-04-11 15:19:33", "elapsed": 2676.129509, "delta": 9.152218}}
{"target": 4.376924536370725, "params": {"Bgrad": 10.324899123352917, "d1": -2.4249269054506706, "d2": -1.830478684492347, "d3": -0.4774081243125141, "d4": -2.525339014839117, "p1": 10.925163390539439, "p2": 10.699710071603924, "p3": 32.362944345344744, "p4": 26.31274435059115, "pol1": 0.9309284958988089, "pol2": -0.03349477332669415, "pol3": -0.976870412253457, "pol4": -0.9002511425145705, "v0s": 4.376924536370725}, "datetime": {"datetime": "2022-04-11 15:19:43", "elapsed": 2685.463194, "delta": 9.333685}}
{"target": -1.0, "params": {"Bgrad": 15.08848792845359, "d1": 0.6004827126381416, "d2": -2.8162370067097444, "d3": -1.13102339139354, "d4": -1.7756434399173102, "p1": 42.92675326130525, "p2": 27.631935775395878, "p3": 35.606324124581306, "p4": 23.9559552549243, "pol1": 0.3044484551573822, "pol2": -0.33169220455737597, "pol3": -0.9742234941615264, "pol4": 0.15038881327937603, "v0s": 4.035767993270892}, "datetime": {"datetime": "2022-04-11 15:20:06", "elapsed": 2708.50598, "delta": 23.042786}}
{"target": 3.0237224099007998, "params": {"Bgrad": 4.5259774601113865, "d1": -1.529903491114169, "d2": -0.39972486674843966, "d3": -2.7199607054534245, "d4": -0.4067211354577438, "p1": 1.8464553465228128, "p2": 3.69109961565583, "p3": 32.73747491803289, "p4": 23.61994705960803, "pol1": -0.03651671715485172, "pol2": -0.6479989377324522, "pol3": 0.4175949154544931, "pol4": -0.6968520715127255, "v0s": 3.0237224099007998}, "datetime": {"datetime": "2022-04-11 15:20:09", "elapsed": 2712.162269, "delta": 3.656289}}
{"target": 3.937584955905354, "params": {"Bgrad": 4.481141039618644, "d1": -2.101801543204488, "d2": -2.5580206336458264, "d3": -0.6614146515067714, "d4": -2.1164651431506036, "p1": 7.22272284321353, "p2": 1.756102399417292, "p3": 33.45025184955172, "p4": 25.564560092649298, "pol1": 0.33961495278850085, "pol2": -0.9569757687698504, "pol3": -0.10257895527926286, "pol4": -0.8125124890877331, "v0s": 3.937584955905354}, "datetime": {"datetime": "2022-04-11 15:20:16", "elapsed": 2718.6575, "delta": 6.495231}}
