{"target": -1.0, "params": {"Bgrad": 1.523330960710926, "d1": -1.7573492157445765, "d2": -1.1105062311390408, "d3": -0.6029765044849462, "d4": -1.5045257117386313, "p1": 43.72438983105885, "p2": 36.30862941538137, "p3": 47.71703523121056, "p4": 17.553276142410585, "pol1": 0.8743481774435622, "pol2": -0.04179885154851193, "pol3": 0.2846452772969428, "pol4": 0.47329440950977486, "v0s": 6.85602781403408}, "datetime": {"datetime": "2022-06-24 06:40:37", "elapsed": 8756.736863, "delta": 10.50613}}
{"target": -1.0, "params": {"Bgrad": 1.0943890509240408, "d1": -1.2082160859409155, "d2": 0.26910810445100264, "d3": -0.12977118763618023, "d4": 0.7633968374985756, "p1": 48.97989357089206, "p2": 8.945666818292331, "p3": 11.395970590637761, "p4": 35.79932236395234, "pol1": 0.49476546930848686, "pol2": 0.2063591084650509, "pol3": 0.7545995284430227, "pol4": -0.496019075778523, "v0s": 4.036924365780754}, "datetime": {"datetime": "2022-06-24 06:40:46", "elapsed": 8765.852623, "delta": 9.11576}}
{"target": -1.0, "params": {"Bgrad": 1.2419702721603634, "d1": -1.7398916441257297, "d2": -0.8182436426327824, "d3": -0.2700876828082226, "d4": -2.1185323953852206, "p1": 24.26687269841903, "p2": 49.64906788187392, "p3": 16.208065159061746, "p4": 1.7680959745656977, "pol1": 0.6347034585680265, "pol2": 0.006613567199324599, "pol3": -0.894432287762859, "pol4": 0.7806100544484824, "v0s": 4.427086279882147}, "datetime": {"datetime": "2022-06-24 06:40:59", "elapsed": 8778.325983, "delta": 12.47336}}
{"target": -1.0, "params": {"Bgrad": 1.8939097732105954, "d1": -1.3916873047977538, "d2": -2.6926708609012766, "d3": -2.018795423520029, "d4": -1.5989579771711888, "p1": 37.53641461776125, "p2": 9.237407617464182, "p3": 21.54868268629372, "p4": 43.66227099079843, "pol1": 0.06752218274556632, "pol2": -0.7936905605018867, "pol3": -0.9509550258907356, "pol4": 0.41161960232209727, "v0s": 7.874764945749302}, "datetime": {"datetime": "2022-06-24 06:41:09", "elapsed": 8788.70442, "delta": 10.378437}}
{"target": -1.0, "params": {"Bgrad": 1.6777478944284603, "d1": 0.058904787381670154, "d2": -0.29820993728792056, "d3": 0.1820108411946606, "d4": -2.8399288573094252, "p1": 13.2340815858427, "p2": 34.76987679857762, "p3": 43.34941648038719, "p4": 33.73034359084121, "pol1": -0.6474477440331368, "pol2": 0.8726169198913862, "pol3": 0.8067574002217057, "pol4": -0.8266424677197872, "v0s": 3.1580002254455177}, "datetime": {"datetime": "2022-06-24 06:41:20", "elapsed": 8799.18007, "delta": 10.47565}}
{"target": 2.7237967721443788, "params": {"Bgrad": 0.91278954591579, "d1": -0.04635251758157288, "d2": 0.437493313203428, "d3": -0.6867104501937953, "d4": -2.201417717393351, "p1": 20.754494381068124, "p2": 6.892960013205357, "p3": 45.86980934292122, "p4": 38.226547020523675, "pol1": 0.020427667612155087, "pol2": -0.09284991365832407, "pol3": -0.8043158433088602, "pol4": -0.36264928739934543, "v0s": 2.7237967721443788}, "datetime": {"datetime": "2022-06-24 06:41:25", "elapsed": 8804.796621, "delta": 5.616551}}
{"target": -1.0, "params": {"Bgrad": 1.6735070950433901, "d1": -0.8204651732952217, "d2": -2.0908904743393646, "d3": -2.1031886429762547, "d4": -1.958407209936858, "p1": 15.4436376158128, "p2": 19.385256589070494, "p3": 14.877446618861862, "p4": 33.97779472665752, "pol1": -0.9298527613898422, "pol2": -0.3437793701372638, "pol3": 0.4905837457160309, "pol4": 0.8856159701505695, "v0s": 6.816395300945307}, "datetime": {"datetime": "2022-06-24 06:41:35", "elapsed": 8814.170722, "delta": 9.374101}}
{"target": -1.0, "params": {"Bgrad": 0.8612393143573309, "d1": -2.068338126464673, "d2": -2.2386528211312435, "d3": 0.5299901394344371, "d4": -2.0485772510351206, "p1": 37.90903117065637, "p2": 13.05248657023433, "p3": 1.6540921703757816, "p4": 36.67238500343829, "pol1": 0.45240361959040176, "pol2": -0.8220817780778931, "pol3": -0.34659748414079683, "pol4": 0.8967305803780452, "v0s": 2.9776939914931067}, "datetime": {"datetime": "2022-06-24 06:41:46", "elapsed": 8825.140075, "delta": 10.969353}}
{"target": -1.0, "params": {"Bgrad": 0.6300087089793651, "d1": -0.6215844475534964, "d2": 0.7239594613838878, "d3": -2.4648867690276344, "d4": -0.9479508253599289, "p1": 34.19996070584788, "p2": 8.591487980341356, "p3": 0.5629946746094738, "p4": 44.38415652398624, "pol1": -0.929537458693281, "pol2": -0.4850834323846509, "pol3": 0.30336806348133694, "pol4": -0.42843413328847557, "v0s": 2.0582455794488994}, "datetime": {"datetime": "2022-06-24 06:41:49", "elapsed": 8828.999325, "delta": 3.85925}}
{"target": -1.0, "params": {"Bgrad": 1.1511576218360606, "d1": -0.48486567029843286, "d2": 0.03295968357772683, "d3": -1.6538301463419578, "d4": 0.439709000311582, "p1": 30.01262245525326, "p2": 11.405710406240965, "p3": 37.028278723801805, "p4": 26.969647054638024, "pol1": -0.04105656643564837, "pol2": -0.3468668245321076, "pol3": -0.5772568513459164, "pol4": 0.6690709234827639, "v0s": 5.321747984470515}, "datetime": {"datetime": "2022-06-24 06:42:00", "elapsed": 8839.247111, "delta": 10.247786}}
{"target": -1.0, "params": {"Bgrad": 1.6621083338795506, "d1": -1.2574577707320502, "d2": -1.8387938338729994, "d3": -1.347739455557619, "d4": -2.2010734479483145, "p1": 7.0144459874936285, "p2": 7.331366003215301, "p3": 34.80947988993987, "p4": 29.966328289023323, "pol1": -0.34421025746436795, "pol2": 0.3123017231288858, "pol3": 0.9115381337372948, "pol4": 0.6207726727580947, "v0s": 3.368754518768431}, "datetime": {"datetime": "2022-06-24 06:42:10", "elapsed": 8849.153261, "delta": 9.90615}}
{"target": -1.0, "params": {"Bgrad": 0.5305362724796231, "d1": -1.943497508094771, "d2": -2.4488143022680844, "d3": 0.7587064419481095, "d4": 0.8368963417219506, "p1": 21.072864249177687, "p2": 30.04152480621086, "p3": 7.4571464896166715, "p4": 25.841332076415032, "pol1": -0.3598108032031928, "pol2": 0.7169760612192402, "pol3": 0.331450930928318, "pol4": 0.5414153607003029, "v0s": 2.1336514959648394}, "datetime": {"datetime": "2022-06-24 06:42:18", "elapsed": 8858.021196, "delta": 8.867935}}
{"target": -1.0, "params": {"Bgrad": 1.2149852162973351, "d1": -0.10485251091818215, "d2": -0.515004823755326, "d3": -2.341375188324581, "d4": -1.2597436021520974, "p1": 32.82848855349905, "p2": 9.47785140378708, "p3": 38.78475297074639, "p4": 26.213280353975644, "pol1": -0.023986022829295184, "pol2": 0.15472723492281037, "pol3": -0.8078717984688601, "pol4": 0.28692327123149575, "v0s": 3.0726242770443397}, "datetime": {"datetime": "2022-06-24 06:42:28", "elapsed": 8867.822628, "delta": 9.801432}}
{"target": 2.877306912286396, "params": {"Bgrad": 1.4594664827187547, "d1": -2.4110453423386975, "d2": -1.373234410613997, "d3": -0.912947224788524, "d4": 0.8275308456990548, "p1": 9.467821969482932, "p2": 25.07295967169905, "p3": 17.469481292879664, "p4": 37.6208609734222, "pol1": 0.670377112783437, "pol2": 0.04251374687632256, "pol3": -0.6355212313807227, "pol4": -1.0, "v0s": 2.877306912286396}, "datetime": {"datetime": "2022-06-24 06:42:35", "elapsed": 8874.142361, "delta": 6.319733}}
{"target": -1.0, "params": {"Bgrad": 1.0952979137857204, "d1": -0.8272203388517485, "d2": -0.9061923424671492, "d3": -0.5488041443176987, "d4": -1.9198588095344604, "p1": 4.7389743361823164, "p2": 12.863862782028773, "p3": 35.19451422033475, "p4": 25.76547815443276, "pol1": -0.3915894135676443, "pol2": 0.08768620735087751, "pol3": 0.7926391270770987, "pol4": 0.582403560694698, "v0s": 2.6130200563948467}, "datetime": {"datetime": "2022-06-24 06:42:44", "elapsed": 8883.283556, "delta": 9.141195}}
{"target": 2.6026547630242263, "params": {"Bgrad": 0.7711602087373708, "d1": -2.158406753384007, "d2": -0.5664278235699034, "d3": -2.456092385069205, "d4": -1.9623939101393297, "p1": 7.461196068933118, "p2": 8.15264190917272, "p3": 35.45936310678492, "p4": 30.19162513842343, "pol1": 0.6091135825577896, "pol2": 0.7501528765643808, "pol3": -0.41800828817402014, "pol4": -0.7045540506062382, "v0s": 2.6026547630242263}, "datetime": {"datetime": "2022-06-24 06:42:49", "elapsed": 8888.800879, "delta": 5.517323}}
{"target": 3.915370792940202, "params": {"Bgrad": 1.841750684476544, "d1": -2.4498053372020934, "d2": -0.833516206103853, "d3": -1.7843972658291536, "d4": -0.05640213015133266, "p1": 3.2854704844542892, "p2": 13.818115453957402, "p3": 37.31243200320391, "p4": 32.51802534225271, "pol1": 0.11673041615917623, "pol2": -0.30013601585197214, "pol3": 0.00020151943008017703, "pol4": -0.4560469911106546, "v0s": 3.915370792940202}, "datetime": {"datetime": "2022-06-24 06:42:56", "elapsed": 8895.720002, "delta": 6.919123}}
{"target": 3.3473942293662873, "params": {"Bgrad": 1.081511058025899, "d1": -0.5652370652833116, "d2": -0.8006883449661983, "d3": -1.0965358456275425, "d4": -2.122867146677188, "p1": 9.7498418736223, "p2": 16.088575525215102, "p3": 6.788227953098484, "p4": 30.556710102941192, "pol1": 0.02611071734771982, "pol2": 0.21711439289945872, "pol3": -0.16553409317305318, "pol4": 0.2853986165541274, "v0s": 3.3473942293662873}, "datetime": {"datetime": "2022-06-24 06:43:03", "elapsed": 8902.479128, "delta": 6.759126}}
{"target": -1.0, "params": {"Bgrad": 0.5619588198872942, "d1": 0.534519581702614, "d2": -1.1626331443255, "d3": -2.734973332165128, "d4": -1.5308969718035415, "p1": 41.694804686962435, "p2": 19.326733741740494, "p3": 25.638607465281076, "p4": 13.899914437032379, "pol1": 0.5459411939689354, "pol2": 0.4507324249565652, "pol3": -0.8776752007089872, "pol4": -0.2990131385628516, "v0s": 3.8445940979286983}, "datetime": {"datetime": "2022-06-24 06:43:11", "elapsed": 8910.947601, "delta": 8.468473}}
{"target": 3.230724247920649, "params": {"Bgrad": 0.6885692364347209, "d1": -2.6420606038348673, "d2": -1.3053816407626346, "d3": -0.5897347885458122, "d4": -0.3378893317604761, "p1": 5.178649291762505, "p2": 11.75150166118884, "p3": 35.90667104694205, "p4": 26.30191114639852, "pol1": 0.9522402081189516, "pol2": -0.9160838373382869, "pol3": 0.5441052714467329, "pol4": 0.2682591497823186, "v0s": 3.230724247920649}, "datetime": {"datetime": "2022-06-24 06:43:15", "elapsed": 8915.004337, "delta": 4.056736}}
{"target": 5.316011457217721, "params": {"Bgrad": 1.5168464439214664, "d1": -2.8836339797138164, "d2": 0.997323353809191, "d3": -1.6829154704511269, "d4": -0.8726729324483045, "p1": 4.701131776742084, "p2": 12.038245874287657, "p3": 38.08307820166253, "p4": 29.288958547383526, "pol1": -0.8984972163823113, "pol2": 0.26563815823312487, "pol3": 0.3694516664813088, "pol4": -0.14048834073340477, "v0s": 5.316011457217721}, "datetime": {"datetime": "2022-06-24 06:43:23", "elapsed": 8922.124883, "delta": 7.120546}}
{"target": 2.728627796902698, "params": {"Bgrad": 1.3562987264111728, "d1": -2.3570993222708108, "d2": -1.3379892981381216, "d3": -0.11221417557599134, "d4": -2.0241413753244784, "p1": 6.693679959137944, "p2": 8.448733999378927, "p3": 36.42014582988577, "p4": 30.102326826882408, "pol1": 0.24861370150520723, "pol2": -0.7289492305905527, "pol3": 0.07512532973262975, "pol4": -0.66488124096893, "v0s": 2.728627796902698}, "datetime": {"datetime": "2022-06-24 06:43:30", "elapsed": 8929.902236, "delta": 7.777353}}
{"target": -1.0, "params": {"Bgrad": 0.84983045772898, "d1": -1.6764336863475604, "d2": -2.017368424540124, "d3": -2.7356524274846667, "d4": -0.32650598331289826, "p1": 6.915954539809194, "p2": 7.297062609254051, "p3": 35.89060797906118, "p4": 31.412205907282566, "pol1": -0.7041900706799955, "pol2": -0.4314230945388551, "pol3": -0.12539362931036502, "pol4": -0.47573909825634764, "v0s": 3.0316653105308147}, "datetime": {"datetime": "2022-06-24 06:43:37", "elapsed": 8936.505661, "delta": 6.603425}}
{"target": 3.0391330674569845, "params": {"Bgrad": 1.9080907235166018, "d1": 0.7039023100506072, "d2": -2.875115766750316, "d3": -2.5685033340677044, "d4": -1.7874214668285062, "p1": 42.11420728916307, "p2": 20.600886985782562, "p3": 28.824081723270194, "p4": 14.823093333046316, "pol1": 0.2918253417870107, "pol2": 0.6766772542569941, "pol3": 0.9322982858372479, "pol4": -0.5379975863743129, "v0s": 3.0391330674569845}, "datetime": {"datetime": "2022-06-24 06:43:51", "elapsed": 8950.693472, "delta": 14.187811}}
{"target": -1.0, "params": {"Bgrad": 1.9769211639373319, "d1": -2.011524929318151, "d2": -0.26234909821334185, "d3": -2.2438760894115064, "d4": 0.15539006597108873, "p1": 0.34934987482775903, "p2": 11.630945483675648, "p3": 33.363001576787305, "p4": 24.47681380876745, "pol1": -0.7007862673081182, "pol2": -0.32294694860626105, "pol3": 0.7065979014212878, "pol4": -0.4042758738874135, "v0s": 5.817788862355396}, "datetime": {"datetime": "2022-06-24 06:44:04", "elapsed": 8963.422176, "delta": 12.728704}}
{"target": 3.2454654244845527, "params": {"Bgrad": 1.570339817792656, "d1": -0.9239888608659346, "d2": 0.7212394659489649, "d3": -2.991440722793021, "d4": -2.585775461465367, "p1": 3.2849171469586325, "p2": 11.970507810360381, "p3": 36.96632902360166, "p4": 28.890702293505875, "pol1": 0.5143139685072862, "pol2": -0.8549488206848084, "pol3": -0.13202765238475922, "pol4": 0.13898565889619507, "v0s": 3.2454654244845527}, "datetime": {"datetime": "2022-06-24 06:44:10", "elapsed": 8969.472572, "delta": 6.050396}}
{"target": 2.2603331625264413, "params": {"Bgrad": 1.8347176110522203, "d1": 0.703160865211625, "d2": -1.5133189309780235, "d3": -2.694322718380776, "d4": -1.02497307031182, "p1": 41.87438974110405, "p2": 19.17206888383142, "p3": 29.114791590788773, "p4": 16.91858537799212, "pol1": 0.08244815457510457, "pol2": -0.30491586862345854, "pol3": 0.01242463018687312, "pol4": -0.2485920578940104, "v0s": 2.2603331625264413}, "datetime": {"datetime": "2022-06-24 06:44:17", "elapsed": 8976.867933, "delta": 7.395361}}
{"target": -1.0, "params": {"Bgrad": 0.8015404793948064, "d1": 0.9808269822880273, "d2": 0.27321318379354587, "d3": -1.2231684540697563, "d4": -0.25630616912892235, "p1": 6.682494801542338, "p2": 15.283608959581363, "p3": 35.82485261587498, "p4": 29.2498875605495, "pol1": -0.8175909292727992, "pol2": 0.485243051713524, "pol3": -0.08190205525873151, "pol4": -0.811301530495161, "v0s": 3.0697054579370877}, "datetime": {"datetime": "2022-06-24 06:44:24", "elapsed": 8983.826932, "delta": 6.958999}}
{"target": -1.0, "params": {"Bgrad": 1.3281751984152772, "d1": -1.3068961149970937, "d2": 0.13832318636583318, "d3": 0.39301759859661445, "d4": 0.1830138685219329, "p1": 1.1346434412935258, "p2": 32.161495636312836, "p3": 18.75275626283781, "p4": 10.602003774758867, "pol1": -0.1401491176588361, "pol2": -0.8200392917144499, "pol3": 0.9562101074673344, "pol4": 0.8688010198617857, "v0s": 3.578175031951605}, "datetime": {"datetime": "2022-06-24 06:45:45", "elapsed": 9064.20198, "delta": 80.375048}}
{"target": -1.0, "params": {"Bgrad": 1.0963300505914122, "d1": -1.2668053927442462, "d2": 0.13578574510071606, "d3": -0.36486365749754146, "d4": -0.9114697220723809, "p1": 2.5948669438927654, "p2": 33.90548668442926, "p3": 14.623351762398729, "p4": 11.848788951758744, "pol1": -0.1317518363224668, "pol2": -0.6778155195988633, "pol3": -0.7125326967998966, "pol4": 0.2811981195133888, "v0s": 5.513038056483889}, "datetime": {"datetime": "2022-06-24 06:45:57", "elapsed": 9076.568638, "delta": 12.366658}}
{"target": 2.93307069322318, "params": {"Bgrad": 1.6341762998540954, "d1": -1.055924056747581, "d2": -1.5471542189253396, "d3": -0.4864112138257699, "d4": -1.2974055891333323, "p1": 2.742390923901339, "p2": 12.210390097999902, "p3": 37.79620819047339, "p4": 31.055740019881604, "pol1": -0.24175526369840217, "pol2": -0.9987441296135899, "pol3": -0.6588731828491055, "pol4": -0.37089850841106586, "v0s": 2.93307069322318}, "datetime": {"datetime": "2022-06-24 06:46:04", "elapsed": 9083.130158, "delta": 6.56152}}
{"target": -1.0, "params": {"Bgrad": 1.0741543771725692, "d1": -2.493903683711943, "d2": -1.1323701304071907, "d3": 0.7553033606556716, "d4": 0.8781306991766487, "p1": 5.318273917977429, "p2": 9.908283722226152, "p3": 34.61183476807138, "p4": 31.027353158810282, "pol1": -0.169592423991757, "pol2": -0.3549065118073702, "pol3": -0.44917590270175656, "pol4": 0.1973978104374574, "v0s": 2.6900153065646677}, "datetime": {"datetime": "2022-06-24 06:46:14", "elapsed": 9093.17152, "delta": 10.041362}}
{"target": 4.092313788529225, "params": {"Bgrad": 1.0179931816919119, "d1": -0.3866803816705797, "d2": 0.9905131006819903, "d3": -1.6887800082583762, "d4": -0.24082542736117185, "p1": 8.252369408849153, "p2": 8.979103403734296, "p3": 34.05664522672956, "p4": 31.426947988501077, "pol1": 0.6427635472996767, "pol2": 0.7040539403222759, "pol3": -0.07401747967037342, "pol4": -0.3275928609625369, "v0s": 4.092313788529225}, "datetime": {"datetime": "2022-06-24 06:46:19", "elapsed": 9098.882322, "delta": 5.710802}}
{"target": 3.962749990140821, "params": {"Bgrad": 1.4808841812054505, "d1": -1.2832406217410752, "d2": 0.22666738028693037, "d3": -2.2125874086593624, "d4": -1.6760480260138462, "p1": 7.847694830823352, "p2": 8.775736713857478, "p3": 35.80307945325811, "p4": 30.540871311566494, "pol1": 0.059977976061632465, "pol2": -0.1733909017304476, "pol3": -0.03634833719259155, "pol4": 0.22188678964454023, "v0s": 3.962749990140821}, "datetime": {"datetime": "2022-06-24 06:46:25", "elapsed": 9104.949246, "delta": 6.066924}}
{"target": 3.333095432864369, "params": {"Bgrad": 1.5370937502343702, "d1": -2.4114647958839823, "d2": 0.34804363438520264, "d3": -1.1767887820300897, "d4": -1.7372385185451746, "p1": 44.80575946485106, "p2": 23.3937569734596, "p3": 27.23663164956549, "p4": 14.242998577909445, "pol1": 0.045811108334266194, "pol2": -0.41466953369618575, "pol3": -0.28900890762405607, "pol4": 0.20313272706677138, "v0s": 3.333095432864369}, "datetime": {"datetime": "2022-06-24 06:46:31", "elapsed": 9110.307465, "delta": 5.358219}}
{"target": 4.604074953741749, "params": {"Bgrad": 1.694889508974438, "d1": -2.4114924960461352, "d2": -0.15871111520395376, "d3": -0.8314403392552165, "d4": -0.9364006017576139, "p1": 9.89878646182386, "p2": 35.79177496505863, "p3": 36.45527553615718, "p4": 34.7026421694751, "pol1": -0.353169135550097, "pol2": -0.12963017653780762, "pol3": -0.5634369724631598, "pol4": -0.8019260632511498, "v0s": 4.604074953741749}, "datetime": {"datetime": "2022-06-24 06:46:37", "elapsed": 9116.902474, "delta": 6.595009}}
{"target": -1.0, "params": {"Bgrad": 0.815958010241131, "d1": 0.24254876390710045, "d2": 0.3174945838227585, "d3": -2.6083239388507247, "d4": -0.9790615562372187, "p1": 45.28604713609368, "p2": 22.020639702356593, "p3": 22.87247358979865, "p4": 17.337671049183832, "pol1": 0.4572336918850657, "pol2": -0.6418390109712495, "pol3": -0.8657793569691781, "pol4": -0.7639903561915165, "v0s": 4.248971875833296}, "datetime": {"datetime": "2022-06-24 06:46:51", "elapsed": 9130.242531, "delta": 13.340057}}
{"target": 2.7176250752204956, "params": {"Bgrad": 0.8517062181624745, "d1": -2.1066165798291827, "d2": 0.3235121679058741, "d3": -1.4555859045065178, "d4": -0.20782773039810776, "p1": 43.301347439945346, "p2": 23.507945627426707, "p3": 27.72413234422702, "p4": 13.484377672803227, "pol1": -0.5608253227729421, "pol2": -0.19280747669883724, "pol3": 0.11394942393995677, "pol4": -0.9089205602122261, "v0s": 2.7176250752204956}, "datetime": {"datetime": "2022-06-24 06:46:56", "elapsed": 9135.320557, "delta": 5.078026}}
{"target": 2.404088946223634, "params": {"Bgrad": 0.9674024746282012, "d1": -0.506094365744691, "d2": 0.11785650143656223, "d3": 0.40679920829577787, "d4": -1.0956143558615477, "p1": 45.165057578434485, "p2": 19.717158744351387, "p3": 27.76023642546634, "p4": 12.090460610111109, "pol1": 0.8473494444390584, "pol2": -0.5412520866671313, "pol3": 0.1887568458883857, "pol4": -0.8930542726182877, "v0s": 2.404088946223634}, "datetime": {"datetime": "2022-06-24 06:47:05", "elapsed": 9144.934029, "delta": 9.613472}}
{"target": 2.6037454907121567, "params": {"Bgrad": 1.5507067275356796, "d1": -0.0480853231102083, "d2": -0.15819741967232703, "d3": -2.5205420071340976, "d4": -2.4868911661914996, "p1": 0.8469123566510195, "p2": 31.622415592971066, "p3": 18.108014733533008, "p4": 9.824667507976127, "pol1": -0.5748696659909898, "pol2": -0.9482372344319512, "pol3": 0.1951804736967171, "pol4": 0.6163423316426839, "v0s": 2.6037454907121567}, "datetime": {"datetime": "2022-06-24 06:47:11", "elapsed": 9150.298278, "delta": 5.364249}}
{"target": 3.7145202046821213, "params": {"Bgrad": 1.9241829342760912, "d1": -1.6294493623930224, "d2": 0.21829455229698436, "d3": -0.13080128866929996, "d4": 0.20702752927191304, "p1": 6.4862481245862575, "p2": 9.295051895996265, "p3": 34.67804362437816, "p4": 26.383399406645548, "pol1": 0.8030080725137989, "pol2": -0.7033816910742425, "pol3": -0.9429530344153163, "pol4": 0.4628518527788765, "v0s": 3.7145202046821213}, "datetime": {"datetime": "2022-06-24 06:47:35", "elapsed": 9174.908906, "delta": 24.610628}}
{"target": -1.0, "params": {"Bgrad": 1.9837144844371108, "d1": -1.454623654991949, "d2": 0.30679654563206027, "d3": -2.225728210617821, "d4": -0.8054240851452965, "p1": 43.07923354915115, "p2": 19.730018027104663, "p3": 24.29618847507517, "p4": 13.501117494848259, "pol1": -0.8749913598352141, "pol2": -0.4806494625185309, "pol3": -0.8235666535909889, "pol4": -0.32470901861360657, "v0s": 6.16244516124724}, "datetime": {"datetime": "2022-06-24 06:47:48", "elapsed": 9187.870477, "delta": 12.961571}}
{"target": 2.044420833002123, "params": {"Bgrad": 1.979259760332932, "d1": -0.6899785244765697, "d2": -0.10478512993933764, "d3": -2.2231792369111862, "d4": -2.4039551384723357, "p1": 6.781859115129091, "p2": 9.502933530668361, "p3": 32.48849004089636, "p4": 29.561555414372787, "pol1": 0.5009753049820853, "pol2": 0.7415154794328025, "pol3": -0.5848263902520003, "pol4": -0.7438809933958761, "v0s": 2.044420833002123}, "datetime": {"datetime": "2022-06-24 06:47:52", "elapsed": 9191.30734, "delta": 3.436863}}
