{"target": -1.0, "params": {"Bgrad": 0.8055761523454601, "d1": 0.3725330060199261, "d2": -1.3317794739674178, "d3": -1.9756207504920948, "d4": -1.3353040565549286, "p1": 0.17386652553008086, "p2": 9.824438668489538, "p3": 43.62027824144724, "p4": 46.63312306895618, "pol1": -0.06904480301460358, "pol2": 0.16031954715387142, "pol3": -0.6649728352755429, "pol4": 0.9676070450705008, "v0s": 5.662141497280031}, "datetime": {"datetime": "2022-06-13 03:41:58", "elapsed": 5965.698697, "delta": 6.296172}}
{"target": -1.0, "params": {"Bgrad": 1.176527476431623, "d1": -1.4019669748127224, "d2": -0.12839668368640966, "d3": 0.7739014835766858, "d4": -0.14206254895847747, "p1": 49.09162556603828, "p2": 2.959007304343242, "p3": 21.09014394053292, "p4": 17.37530095932253, "pol1": -0.2851581690586835, "pol2": 0.6796305908766094, "pol3": 0.6756136402866864, "pol4": 0.3298369720079759, "v0s": 2.034948579941206}, "datetime": {"datetime": "2022-06-13 03:42:06", "elapsed": 5974.021451, "delta": 8.322754}}
{"target": -1.0, "params": {"Bgrad": 0.5531410743428807, "d1": 0.22455175674290206, "d2": 0.7036047856436873, "d3": -1.3579779072618638, "d4": 0.6677825084954172, "p1": 33.60133634929566, "p2": 27.76443759758878, "p3": 3.558013859755571, "p4": 12.743733412754615, "pol1": 0.9889916576439779, "pol2": 0.8256922680241892, "pol3": 0.599870920489618, "pol4": -0.4192881903955741, "v0s": 4.417448971758308}, "datetime": {"datetime": "2022-06-13 03:42:13", "elapsed": 5980.350535, "delta": 6.329084}}
{"target": -1.0, "params": {"Bgrad": 1.6775976981168896, "d1": 0.7278228010399284, "d2": 0.2085559194300335, "d3": -1.4219841308040602, "d4": -1.4952398904835178, "p1": 15.33902197507499, "p2": 17.98685745112147, "p3": 12.237755167832315, "p4": 24.621321053635587, "pol1": -0.07045710758281576, "pol2": -0.5639912907373599, "pol3": -0.5149491817997156, "pol4": -0.2532072517519084, "v0s": 5.139397039664921}, "datetime": {"datetime": "2022-06-13 03:42:25", "elapsed": 5992.643677, "delta": 12.293142}}
{"target": -1.0, "params": {"Bgrad": 1.133178409702843, "d1": -0.611046014107214, "d2": -2.124763243541747, "d3": 0.7281570307385272, "d4": -1.8479536611855223, "p1": 1.94887080744513, "p2": 7.740790609356607, "p3": 23.756752408456585, "p4": 13.1836319495512, "pol1": -0.5017645002990154, "pol2": -0.7705103555129147, "pol3": 0.3916209675076976, "pol4": -0.8525295742529533, "v0s": 4.263316656620342}, "datetime": {"datetime": "2022-06-13 03:42:37", "elapsed": 6004.96674, "delta": 12.323063}}
{"target": -1.0, "params": {"Bgrad": 1.1111040910928782, "d1": -1.320921391838994, "d2": -0.6371951925175674, "d3": -2.086030697022636, "d4": -2.41641696693051, "p1": 14.23548849821028, "p2": 32.10767512881581, "p3": 43.536814906533536, "p4": 3.473952513233752, "pol1": -0.8536140725891952, "pol2": 0.5348022598880546, "pol3": 0.412039269113716, "pol4": -0.458844118461321, "v0s": 5.031253003853109}, "datetime": {"datetime": "2022-06-13 03:42:50", "elapsed": 6017.161146, "delta": 12.194406}}
{"target": -1.0, "params": {"Bgrad": 0.5793208712861537, "d1": -0.5270705583552688, "d2": -2.456603790414515, "d3": -0.955739181305157, "d4": -2.4882687245760926, "p1": 32.28902541196002, "p2": 10.081514555452149, "p3": 1.1511852678825096, "p4": 46.67889633487759, "pol1": 0.19552032716721124, "pol2": -0.8397838411368728, "pol3": 0.20969889590648116, "pol4": 0.37767036061493164, "v0s": 5.257612824811852}, "datetime": {"datetime": "2022-06-13 03:42:55", "elapsed": 6022.940698, "delta": 5.779552}}
{"target": -1.0, "params": {"Bgrad": 1.9574262401557125, "d1": -2.112726312069435, "d2": -2.283959672573951, "d3": 0.17716398440717684, "d4": 0.9722380421453951, "p1": 30.468373506724216, "p2": 37.52680290662208, "p3": 19.86349137525026, "p4": 9.402679850510687, "pol1": -0.37660123080307795, "pol2": 0.8112878958119292, "pol3": -0.3774362312670976, "pol4": 0.20424359168462347, "v0s": 5.604705189225896}, "datetime": {"datetime": "2022-06-13 03:43:07", "elapsed": 6034.870814, "delta": 11.930116}}
{"target": 2.218847283586081, "params": {"Bgrad": 1.3598381134222084, "d1": -1.0592323684955622, "d2": 0.6622096331865017, "d3": -1.1109336545201636, "d4": -2.5316517769538742, "p1": 7.719721163379995, "p2": 22.261203210097314, "p3": 8.234224238097898, "p4": 26.76256347955559, "pol1": -0.8140670689864378, "pol2": -0.8626066279195643, "pol3": -0.8602112859056295, "pol4": 0.248624626615485, "v0s": 2.218847283586081}, "datetime": {"datetime": "2022-06-13 03:43:12", "elapsed": 6039.320919, "delta": 4.450105}}
{"target": -1.0, "params": {"Bgrad": 1.0889916940793414, "d1": -2.3430236487200538, "d2": -2.1227452857975666, "d3": -0.5769146989355805, "d4": 0.5610276105652279, "p1": 20.40079421375888, "p2": 11.930176759904466, "p3": 43.040633623705155, "p4": 8.881815836334923, "pol1": -0.29393561612449326, "pol2": -0.7506077129782249, "pol3": 0.8013709424781996, "pol4": 0.8041488432834829, "v0s": 5.715587230394087}, "datetime": {"datetime": "2022-06-13 03:43:23", "elapsed": 6050.292591, "delta": 10.971672}}
{"target": 2.354147123999936, "params": {"Bgrad": 1.3292675114164145, "d1": -2.3647995826540282, "d2": -0.07491078412512531, "d3": 0.21629679134434365, "d4": -0.8906626278453826, "p1": 4.570028933248049, "p2": 14.855758545967618, "p3": 35.02879449321764, "p4": 37.73714866429697, "pol1": -0.5257643333456017, "pol2": 0.48276759089384114, "pol3": 0.7959051018035357, "pol4": 0.9127248707950344, "v0s": 2.354147123999936}, "datetime": {"datetime": "2022-06-13 03:43:27", "elapsed": 6054.83146, "delta": 4.538869}}
{"target": -1.0, "params": {"Bgrad": 1.0385714286049759, "d1": -0.306681126987872, "d2": -2.5841060055438745, "d3": 0.9707866670019061, "d4": -0.09151690735726703, "p1": 10.121928041745148, "p2": 10.392613192862882, "p3": 27.802853170353842, "p4": 49.539482564124015, "pol1": -0.285132882918258, "pol2": 0.9402268882866291, "pol3": 0.8971160296452336, "pol4": -0.06372635193891174, "v0s": 6.7396566902789505}, "datetime": {"datetime": "2022-06-13 03:43:37", "elapsed": 6064.586387, "delta": 9.754927}}
{"target": -1.0, "params": {"Bgrad": 0.5467187327834606, "d1": -2.2131295512744114, "d2": -2.797223795552613, "d3": -2.689800286091567, "d4": 0.7960695140506413, "p1": 36.335395412444896, "p2": 22.485410677998953, "p3": 3.16802737993323, "p4": 33.66313112533851, "pol1": 0.3521278163754642, "pol2": 0.9411406339026944, "pol3": 0.29367371671171116, "pol4": 0.11754863564559859, "v0s": 4.505737380596323}, "datetime": {"datetime": "2022-06-13 03:43:45", "elapsed": 6072.582016, "delta": 7.995629}}
{"target": -1.0, "params": {"Bgrad": 1.5432630203946809, "d1": 0.1361906637160719, "d2": -0.7981411437644983, "d3": 0.6870197789181689, "d4": -2.064147557373525, "p1": 27.489087596267904, "p2": 35.307518299344856, "p3": 27.80691510867244, "p4": 7.491133601870464, "pol1": -0.40665427476837257, "pol2": -0.477471790930301, "pol3": -0.23410187401280935, "pol4": 0.9738444429539752, "v0s": 2.1386704978080866}, "datetime": {"datetime": "2022-06-13 03:43:57", "elapsed": 6084.667713, "delta": 12.085697}}
{"target": -1.0, "params": {"Bgrad": 1.3174144687516658, "d1": -0.6938545943908205, "d2": -1.3032428087031995, "d3": -2.5897981805065413, "d4": -1.9256354080983207, "p1": 34.21459902995809, "p2": 39.47590792082754, "p3": 29.709631603703357, "p4": 14.28164089274569, "pol1": -0.8396229605758403, "pol2": -0.32520311232319954, "pol3": -0.3372685649992746, "pol4": -0.4708372243164991, "v0s": 3.610741629373678}, "datetime": {"datetime": "2022-06-13 03:44:09", "elapsed": 6096.907997, "delta": 12.240284}}
{"target": -1.0, "params": {"Bgrad": 1.0732890886769464, "d1": -2.616023749582707, "d2": -0.2994530780085132, "d3": -1.4410685292046281, "d4": -1.9191881705564815, "p1": 18.544860374359356, "p2": 41.98349296811364, "p3": 29.324620170660747, "p4": 22.44355221460606, "pol1": 0.07322522716726176, "pol2": 0.743506431685125, "pol3": -0.26129198885536753, "pol4": 0.6047794821224213, "v0s": 5.989219095980076}, "datetime": {"datetime": "2022-06-13 03:44:22", "elapsed": 6109.973076, "delta": 13.065079}}
{"target": -1.0, "params": {"Bgrad": 1.4630568872278082, "d1": 0.9502061756877773, "d2": -0.700825457284469, "d3": -0.4868737083654513, "d4": -2.2422140893200284, "p1": 0.42762674940778345, "p2": 14.22245207891989, "p3": 30.86165122374381, "p4": 48.67756500204701, "pol1": 0.2924810452216864, "pol2": -0.9030905363080559, "pol3": -0.3877503171801999, "pol4": -0.6233842635851872, "v0s": 3.146087774886965}, "datetime": {"datetime": "2022-06-13 03:44:37", "elapsed": 6124.496258, "delta": 14.523182}}
{"target": -1.0, "params": {"Bgrad": 0.5378455518108991, "d1": -1.2985166528127778, "d2": -2.6256079070960667, "d3": 0.5992717732445598, "d4": -0.9526725522484143, "p1": 44.47271554684476, "p2": 24.371906513951963, "p3": 43.657879821186235, "p4": 22.393283649349367, "pol1": 0.8587173765777942, "pol2": -0.8012944970639764, "pol3": 0.4208158333294656, "pol4": -0.24500972251800546, "v0s": 5.047434845137687}, "datetime": {"datetime": "2022-06-13 03:44:43", "elapsed": 6130.473282, "delta": 5.977024}}
{"target": -1.0, "params": {"Bgrad": 0.7996331375946211, "d1": -1.6894686411040283, "d2": 0.6314569728637718, "d3": 0.5893789128883373, "d4": -1.8115886803379673, "p1": 3.442955288714905, "p2": 18.100040161720194, "p3": 8.161748124278084, "p4": 14.294304916241652, "pol1": 0.9003963033746198, "pol2": 0.7639815240527681, "pol3": -0.5602537805095227, "pol4": -0.100947662878208, "v0s": 6.010501442195478}, "datetime": {"datetime": "2022-06-13 03:44:53", "elapsed": 6140.397756, "delta": 9.924474}}
{"target": -1.0, "params": {"Bgrad": 0.769738853712816, "d1": -1.4639011544253977, "d2": -0.3203483447388935, "d3": -1.980940385639066, "d4": 0.4821331241204816, "p1": 24.76317169669187, "p2": 2.826769337980867, "p3": 1.3601676186337897, "p4": 47.84959563189054, "pol1": 0.279180855936757, "pol2": -0.02624408571223813, "pol3": -0.6791815070714107, "pol4": -0.7695683316325506, "v0s": 6.453871309761804}, "datetime": {"datetime": "2022-06-13 03:45:01", "elapsed": 6148.506084, "delta": 8.108328}}
{"target": -1.0, "params": {"Bgrad": 1.1940271053224363, "d1": 0.8548475500702586, "d2": 0.16952959059965522, "d3": -2.121105381214739, "d4": -2.2074172041999534, "p1": 47.229606616652205, "p2": 9.51472029018161, "p3": 1.1506104232029413, "p4": 18.14756413244166, "pol1": 0.5417296722987914, "pol2": -0.05464257420207774, "pol3": -0.862173731417877, "pol4": 0.15674771043343028, "v0s": 3.11389899693438}, "datetime": {"datetime": "2022-06-13 03:45:17", "elapsed": 6164.22507, "delta": 15.718986}}
{"target": -1.0, "params": {"Bgrad": 1.7105037209293885, "d1": 0.8049366382280914, "d2": 0.5781694539575382, "d3": 0.15506443261969816, "d4": -1.6251263063650665, "p1": 18.09477970431915, "p2": 22.98431767542062, "p3": 15.956272064167464, "p4": 38.796670314663956, "pol1": 0.6543248744721197, "pol2": 0.42770355546700745, "pol3": 0.7121795083914719, "pol4": -0.8379792757222897, "v0s": 7.642151642017758}, "datetime": {"datetime": "2022-06-13 03:45:31", "elapsed": 6178.341339, "delta": 14.116269}}
{"target": -1.0, "params": {"Bgrad": 1.9551485872899201, "d1": 0.7591281560187992, "d2": -1.98981970457503, "d3": -2.255125753951232, "d4": -2.2334073201287814, "p1": 43.31714380756931, "p2": 46.20801610603525, "p3": 6.379774767486889, "p4": 9.551297700937633, "pol1": 0.7685322149454645, "pol2": -0.6099451468789583, "pol3": 0.677506095840972, "pol4": -0.5471568324328744, "v0s": 2.781552468246354}, "datetime": {"datetime": "2022-06-13 03:45:45", "elapsed": 6192.536398, "delta": 14.195059}}
{"target": -1.0, "params": {"Bgrad": 1.981669586216015, "d1": -1.406474365940774, "d2": -1.6117460786654312, "d3": -0.5295799149363001, "d4": -2.062219114019424, "p1": 9.22460835216103, "p2": 28.236464192632667, "p3": 44.00411927933393, "p4": 35.91026162957888, "pol1": -0.7618203899462479, "pol2": 0.20042157608841715, "pol3": -0.172121400863539, "pol4": 0.3072339794346708, "v0s": 6.647724985056647}, "datetime": {"datetime": "2022-06-13 03:45:58", "elapsed": 6205.249418, "delta": 12.71302}}
{"target": -1.0, "params": {"Bgrad": 1.2271699705737147, "d1": -1.7755297682738993, "d2": 0.38796394135217227, "d3": -1.2705458310351538, "d4": -2.0440534707526004, "p1": 10.44952306855852, "p2": 44.066589845193874, "p3": 8.699836186616766, "p4": 34.53311869757322, "pol1": 0.35547883280841863, "pol2": -0.5235830037916744, "pol3": -0.33772317602743174, "pol4": 0.6125595795304175, "v0s": 6.572042651117306}, "datetime": {"datetime": "2022-06-13 03:46:11", "elapsed": 6218.067159, "delta": 12.817741}}
{"target": -1.0, "params": {"Bgrad": 1.8927848877060507, "d1": 0.4155772974589458, "d2": -2.707797478765866, "d3": -1.6052936066292633, "d4": -0.2711825202933422, "p1": 48.247011453376516, "p2": 8.972215152044589, "p3": 0.6587333090186498, "p4": 0.10363686679171757, "pol1": -0.23098089731091553, "pol2": -0.3339652246086373, "pol3": -0.7211101910277908, "pol4": -0.7633785422009873, "v0s": 7.685572081522418}, "datetime": {"datetime": "2022-06-13 03:46:22", "elapsed": 6229.785837, "delta": 11.718678}}
{"target": 2.907485402965289, "params": {"Bgrad": 1.7699984970650757, "d1": -0.6819536915938453, "d2": -2.03485715426865, "d3": 0.716882530587402, "d4": -1.5451100272552192, "p1": 17.7170164129532, "p2": 38.33146520592993, "p3": 40.19265622135645, "p4": 35.98747754804193, "pol1": -0.627746827664299, "pol2": -0.11522874597398625, "pol3": 0.5406065542598226, "pol4": -0.23827939041373836, "v0s": 2.907485402965289}, "datetime": {"datetime": "2022-06-13 03:46:31", "elapsed": 6238.581328, "delta": 8.795491}}
{"target": -1.0, "params": {"Bgrad": 1.198136765149975, "d1": -1.6866305980998262, "d2": -2.5192623309659123, "d3": -1.4289877564545077, "d4": -1.038894430007872, "p1": 33.93597645258616, "p2": 2.661947289169869, "p3": 17.228458882871816, "p4": 7.309054585417524, "pol1": -0.5975785302178505, "pol2": -0.285610001336672, "pol3": 0.22271330791088895, "pol4": -0.47521186948375593, "v0s": 5.511388721785108}, "datetime": {"datetime": "2022-06-13 03:46:42", "elapsed": 6250.024741, "delta": 11.443413}}
{"target": -1.0, "params": {"Bgrad": 1.9174528869237517, "d1": -0.8865084550824891, "d2": -2.857239460308191, "d3": -0.3595778515522152, "d4": -1.9801158708851387, "p1": 5.388811299116125, "p2": 6.345019511062527, "p3": 5.961156100444331, "p4": 8.011394084633144, "pol1": 0.030392095631430083, "pol2": -0.6995468131397424, "pol3": 0.33528094015401444, "pol4": -0.5312619895367579, "v0s": 6.08323219992033}, "datetime": {"datetime": "2022-06-13 03:46:54", "elapsed": 6262.036637, "delta": 12.011896}}
{"target": -1.0, "params": {"Bgrad": 1.7787826111413902, "d1": 0.87358322066639, "d2": -0.18894453081796714, "d3": -0.6106133729025491, "d4": -1.1565698862034814, "p1": 20.29069517516227, "p2": 3.8785371676223868, "p3": 43.671955483857474, "p4": 19.585836259178347, "pol1": -0.8397352540656617, "pol2": -0.2516488851267418, "pol3": 0.8974262749747104, "pol4": 0.4501131302920187, "v0s": 5.74642435909873}, "datetime": {"datetime": "2022-06-13 03:47:08", "elapsed": 6275.759956, "delta": 13.723319}}
{"target": -1.0, "params": {"Bgrad": 1.295280958919164, "d1": -0.5410067442068547, "d2": -1.2274865294997395, "d3": 0.6280187623999778, "d4": 0.42998475152316784, "p1": 4.800892209589419, "p2": 12.24627296989479, "p3": 14.501981856862923, "p4": 17.850823867747927, "pol1": 0.2677769910793637, "pol2": -0.5746917188213572, "pol3": -0.9504443145749368, "pol4": -0.701420583982147, "v0s": 3.1206437754071823}, "datetime": {"datetime": "2022-06-13 03:47:21", "elapsed": 6288.77816, "delta": 13.018204}}
{"target": -1.0, "params": {"Bgrad": 0.7276412553345151, "d1": -2.5293650614064562, "d2": -1.5611549712689494, "d3": -2.447404316894327, "d4": -1.6195114025090303, "p1": 38.66890980890534, "p2": 2.226953655474262, "p3": 31.597846012235088, "p4": 42.79643239460989, "pol1": 0.3675667258600499, "pol2": -0.7985295348355512, "pol3": 0.6179859883128254, "pol4": 0.05049492837630343, "v0s": 2.8557062528781314}, "datetime": {"datetime": "2022-06-13 03:47:27", "elapsed": 6294.924734, "delta": 6.146574}}
{"target": 2.6916658302179672, "params": {"Bgrad": 0.9389747286997192, "d1": -2.5312359261484576, "d2": -2.7426746901097228, "d3": -1.3343202303635482, "d4": -0.36064841225500777, "p1": 17.128246592812012, "p2": 9.548328008382894, "p3": 26.522712282125998, "p4": 38.22301226591573, "pol1": 0.8646080915656631, "pol2": 0.2949979099260871, "pol3": 0.9006530487539239, "pol4": -0.34169535431772324, "v0s": 2.6916658302179672}, "datetime": {"datetime": "2022-06-13 03:47:33", "elapsed": 6301.044374, "delta": 6.11964}}
{"target": -1.0, "params": {"Bgrad": 1.430486083607574, "d1": -0.6341806786762447, "d2": -1.2423191792013442, "d3": -2.656647331195078, "d4": -2.702498122907672, "p1": 49.28852105421561, "p2": 9.939332838725557, "p3": 42.26525962904939, "p4": 0.529409545462517, "pol1": -0.8673805007578848, "pol2": -0.31022170907726077, "pol3": 0.8676408553033659, "pol4": 0.3917245031112888, "v0s": 6.096795018280275}, "datetime": {"datetime": "2022-06-13 03:47:49", "elapsed": 6316.099141, "delta": 15.054767}}
{"target": -1.0, "params": {"Bgrad": 0.7055299568840083, "d1": -0.3668679738676519, "d2": 0.25616135106278337, "d3": -0.759290340747643, "d4": -0.564590698557716, "p1": 40.576790300970906, "p2": 37.94779872477373, "p3": 32.721934785970745, "p4": 38.63436232073273, "pol1": 0.5298603959291148, "pol2": 0.7836481252739476, "pol3": 0.9569761674847013, "pol4": -0.5504859368250405, "v0s": 5.011509261199222}, "datetime": {"datetime": "2022-06-13 03:47:56", "elapsed": 6323.731736, "delta": 7.632595}}
{"target": -1.0, "params": {"Bgrad": 1.1970978158465342, "d1": -2.0625742263940507, "d2": -0.08998445336556893, "d3": 0.22876440809603604, "d4": 0.16390238418779735, "p1": 35.78742741956168, "p2": 13.482162308051132, "p3": 10.522889552033787, "p4": 5.456416412070747, "pol1": -0.20663779719449415, "pol2": -0.8254667196479344, "pol3": 0.31077931296495054, "pol4": 0.8996578287248367, "v0s": 6.533799683474912}, "datetime": {"datetime": "2022-06-13 05:37:09", "elapsed": 12876.544177, "delta": 6552.812441}}
{"target": -1.0, "params": {"Bgrad": 0.6753375906475887, "d1": -2.918075005126392, "d2": -1.6604446808546127, "d3": 0.971504627036146, "d4": -1.7486730080919948, "p1": 36.875389939706416, "p2": 35.82646882956965, "p3": 28.627879884764063, "p4": 18.38230288348185, "pol1": -0.5834686119398238, "pol2": 0.9599984328872715, "pol3": -0.8682124599897489, "pol4": -0.5275444961258, "v0s": 3.8533968230607}, "datetime": {"datetime": "2022-06-13 05:37:19", "elapsed": 12886.732945, "delta": 10.188768}}
{"target": 2.528290506856112, "params": {"Bgrad": 1.864255030223458, "d1": -0.14652294792360676, "d2": -1.9385125990479493, "d3": -2.341994788245348, "d4": 0.5219896541061249, "p1": 39.689156621591984, "p2": 1.9193715988202187, "p3": 43.96504217982923, "p4": 29.396987260523055, "pol1": -0.08492560602725585, "pol2": 0.3477037537665124, "pol3": -0.9211144029292249, "pol4": -0.3393575930606769, "v0s": 2.528290506856112}, "datetime": {"datetime": "2022-06-13 05:37:23", "elapsed": 12890.195688, "delta": 3.462743}}
{"target": -1.0, "params": {"Bgrad": 1.5254561971715754, "d1": -1.4079531391348108, "d2": -1.0841836329042365, "d3": -1.8407866432305116, "d4": 0.15317808044930148, "p1": 2.325634113387581, "p2": 14.056282318192913, "p3": 29.5297930879439, "p4": 39.50667512172695, "pol1": 0.2031986718239085, "pol2": 0.46097733730727075, "pol3": -0.9529441702443437, "pol4": -0.49015282138291405, "v0s": 2.252550559054237}, "datetime": {"datetime": "2022-06-13 05:37:26", "elapsed": 12893.792076, "delta": 3.596388}}
{"target": -1.0, "params": {"Bgrad": 1.2500185977031837, "d1": 0.9565611845630939, "d2": -2.9458779675791242, "d3": -1.236483846650978, "d4": -2.980854327576462, "p1": 30.644430966467347, "p2": 9.167936306403485, "p3": 35.637089189526414, "p4": 7.982425598647397, "pol1": 0.6571513104607203, "pol2": -0.5876436725315368, "pol3": -0.2955674523360985, "pol4": -0.5388430561534618, "v0s": 6.846106954709878}, "datetime": {"datetime": "2022-06-13 05:37:39", "elapsed": 12907.011742, "delta": 13.219666}}
{"target": -1.0, "params": {"Bgrad": 1.2354049333845596, "d1": 0.49533402354649647, "d2": -2.4796561092075824, "d3": -1.0041675585398475, "d4": 0.10645453592833576, "p1": 49.06050843955683, "p2": 33.66888650972706, "p3": 9.150058989347688, "p4": 37.98864777740013, "pol1": -0.8507295697542778, "pol2": 0.52554492744156, "pol3": 0.6556304618439444, "pol4": 0.11841943222365403, "v0s": 4.956324978849367}, "datetime": {"datetime": "2022-06-13 05:37:52", "elapsed": 12919.481413, "delta": 12.469671}}
{"target": -1.0, "params": {"Bgrad": 1.9047911340154156, "d1": -2.999612197249301, "d2": -2.9617324224859574, "d3": -1.9921943074182393, "d4": -0.9772941469655274, "p1": 27.02083252480449, "p2": 18.564621201235326, "p3": 14.635568759759337, "p4": 10.118367323697242, "pol1": 0.6005637887922484, "pol2": -0.3681541908361152, "pol3": -0.015064028905761973, "pol4": 0.6225817834080067, "v0s": 5.674153654760691}, "datetime": {"datetime": "2022-06-13 05:38:02", "elapsed": 12929.739993, "delta": 10.25858}}
{"target": -1.0, "params": {"Bgrad": 1.1129127442656874, "d1": -2.29238311055829, "d2": -1.4093916406115996, "d3": -1.059149385079527, "d4": 0.9623383702564197, "p1": 14.209753796029279, "p2": 8.281983823961593, "p3": 11.028775675772206, "p4": 10.573367217842645, "pol1": -0.8479046188504769, "pol2": -0.2701846031530928, "pol3": -0.43053195041871506, "pol4": 0.7751775842867614, "v0s": 6.681557659738514}, "datetime": {"datetime": "2022-06-13 05:38:14", "elapsed": 12941.785797, "delta": 12.045804}}
