{"target": -1.0, "params": {"Bgrad": 1.5781310608271257, "d1": -0.06618657376356474, "d2": 0.13317944479488464, "d3": -1.9467420488046554, "d4": 0.9934328612202639, "p1": 24.685021838522086, "p2": 4.1963257178854185, "p3": 5.600784162228045, "p4": 28.074986207322343, "pol1": 0.02021788485232756, "pol2": 0.8696710131024277, "pol3": 0.8016521216707995, "pol4": -0.06919270429251823, "v0s": 3.2388627993686927}, "datetime": {"datetime": "2022-06-15 21:19:27", "elapsed": 242215.013159, "delta": 14.577038}}
{"target": -1.0, "params": {"Bgrad": 1.3466264088744944, "d1": -1.76506647289031, "d2": -0.3976574641762207, "d3": -0.9395839724769535, "d4": 0.3727203657630609, "p1": 6.5870207466601105, "p2": 12.550338862638549, "p3": 29.87657171227511, "p4": 31.260739063348765, "pol1": -0.17481182924195648, "pol2": 0.8011843487374717, "pol3": 0.6205500500848964, "pol4": 0.08169976563077341, "v0s": 4.430176162327209}, "datetime": {"datetime": "2022-06-15 21:19:42", "elapsed": 242229.118458, "delta": 14.105299}}
{"target": 2.695612756112512, "params": {"Bgrad": 1.0957672163491057, "d1": -2.5440446104275356, "d2": 0.7489797875478188, "d3": -2.0618579452925347, "d4": -2.3887326893353826, "p1": 25.50079032277609, "p2": 22.75222677302619, "p3": 3.7013485246386035, "p4": 28.778643623954835, "pol1": 0.397070562752317, "pol2": -0.018902530636631276, "pol3": -0.854212695425514, "pol4": -0.6406720229222991, "v0s": 2.695612756112512}, "datetime": {"datetime": "2022-06-15 21:19:49", "elapsed": 242237.01535, "delta": 7.896892}}
{"target": 2.7968608303075433, "params": {"Bgrad": 1.375193861206537, "d1": -2.6596487881044393, "d2": -1.4637805037344385, "d3": -2.4113744182355705, "d4": -1.354055056577625, "p1": 31.26374794300923, "p2": 17.976983085122804, "p3": 44.799217387414956, "p4": 20.87401738124531, "pol1": 0.867310472618668, "pol2": 0.6409136657867285, "pol3": -0.7667150248839718, "pol4": -0.7920687568044504, "v0s": 2.7968608303075433}, "datetime": {"datetime": "2022-06-15 21:19:56", "elapsed": 242243.922888, "delta": 6.907538}}
{"target": -1.0, "params": {"Bgrad": 1.457702551286828, "d1": -0.26163145924689557, "d2": 0.16004033525905204, "d3": -0.8306965442516914, "d4": -0.2985685231989539, "p1": 34.33758356297664, "p2": 16.91149340697422, "p3": 32.52581563633943, "p4": 20.204800926502468, "pol1": 0.28032899431008906, "pol2": 0.8692404366697237, "pol3": -0.1400586154571517, "pol4": 0.012335090431276452, "v0s": 3.9923888120778837}, "datetime": {"datetime": "2022-06-15 21:20:10", "elapsed": 242257.875595, "delta": 13.952707}}
{"target": -1.0, "params": {"Bgrad": 1.3680808054710711, "d1": 0.4536812129216967, "d2": -1.8654025759577704, "d3": 0.3375612887981201, "d4": -0.922091181108379, "p1": 11.303813002839814, "p2": 20.972361423451385, "p3": 8.349733692430656, "p4": 45.61972623649704, "pol1": -0.8841057050675678, "pol2": 0.20800686575602656, "pol3": -0.7920966641151115, "pol4": -0.37304385813103447, "v0s": 2.8576499594685973}, "datetime": {"datetime": "2022-06-15 21:20:27", "elapsed": 242274.216917, "delta": 16.341322}}
{"target": -1.0, "params": {"Bgrad": 1.2492657313158884, "d1": -0.455608901670431, "d2": 0.3170218840793666, "d3": -1.199948260475495, "d4": 0.07779646866673673, "p1": 29.766890683942552, "p2": 48.613216652300274, "p3": 5.985789765871841, "p4": 40.815884129891245, "pol1": 0.6703124098254505, "pol2": 0.5831435654549022, "pol3": -0.09035025467440083, "pol4": 0.054418812238100855, "v0s": 7.91230770452768}, "datetime": {"datetime": "2022-06-15 21:20:39", "elapsed": 242286.768876, "delta": 12.551959}}
{"target": -1.0, "params": {"Bgrad": 1.916953720150616, "d1": 0.05200701466319879, "d2": -1.1589546637644514, "d3": -0.8390577588667427, "d4": 0.21824132498401294, "p1": 13.843479477744381, "p2": 12.82665589018962, "p3": 10.69306726979375, "p4": 27.560308038804106, "pol1": 0.902791205677582, "pol2": -0.524526611020669, "pol3": 0.6031987095194771, "pol4": -0.9391799634359459, "v0s": 5.037320068326055}, "datetime": {"datetime": "2022-06-15 21:20:54", "elapsed": 242301.641125, "delta": 14.872249}}
{"target": -1.0, "params": {"Bgrad": 0.9260380380579087, "d1": -1.8691130805093579, "d2": -1.432104437098014, "d3": -0.8581705559453185, "d4": 0.09154145370210909, "p1": 48.082912724862666, "p2": 7.519281890541435, "p3": 19.739507072199526, "p4": 8.137013008760752, "pol1": 0.6732843096230516, "pol2": -0.8303951667169993, "pol3": 0.7125714433087331, "pol4": 0.48169031425093256, "v0s": 7.150019050434777}, "datetime": {"datetime": "2022-06-15 21:21:07", "elapsed": 242315.004407, "delta": 13.363282}}
{"target": -1.0, "params": {"Bgrad": 1.8348803147331796, "d1": -2.3968934158607356, "d2": -0.7732558228322599, "d3": -1.7899295600140546, "d4": -1.915107215507509, "p1": 0.8217187796387415, "p2": 25.759038558909953, "p3": 0.9524699808784176, "p4": 44.91142889048097, "pol1": -0.46603661713146427, "pol2": -0.013253188900725243, "pol3": 0.2728350479421455, "pol4": -0.9970004863160675, "v0s": 2.67943367628925}, "datetime": {"datetime": "2022-06-15 21:21:11", "elapsed": 242318.702522, "delta": 3.698115}}
{"target": 2.529014437716463, "params": {"Bgrad": 1.1998121448438248, "d1": -0.5068887938336002, "d2": 0.2786842493912558, "d3": -1.3407775423385764, "d4": 0.7074165392588974, "p1": 29.869162285371896, "p2": 0.09153985596984104, "p3": 34.00189628012581, "p4": 10.638682251899635, "pol1": -0.9694883355366781, "pol2": 0.4714964632709877, "pol3": 0.1038207646269782, "pol4": 0.5672421785409245, "v0s": 2.529014437716463}, "datetime": {"datetime": "2022-06-15 21:21:16", "elapsed": 242323.69817, "delta": 4.995648}}
{"target": -1.0, "params": {"Bgrad": 1.0335495251036269, "d1": -1.801193444953543, "d2": -0.7239880091280915, "d3": -0.9593871790495299, "d4": 0.12850500008647847, "p1": 9.35289541540354, "p2": 28.824775328061914, "p3": 32.21887041733784, "p4": 22.993399364314072, "pol1": 0.11595445993989317, "pol2": 0.9486521266772594, "pol3": 0.5033448351044236, "pol4": -0.2380272779983441, "v0s": 4.6040977128107485}, "datetime": {"datetime": "2022-06-15 21:21:29", "elapsed": 242336.945761, "delta": 13.247591}}
{"target": 3.208797918081929, "params": {"Bgrad": 1.5692472261447517, "d1": -2.6251516250361315, "d2": -0.4487671094415848, "d3": -2.542566016491436, "d4": -2.5926080484039447, "p1": 33.33343895835112, "p2": 8.354993876848432, "p3": 38.2359234499631, "p4": 37.52952055387141, "pol1": -0.3759594566425839, "pol2": 0.14172919924408434, "pol3": 0.2902812900131231, "pol4": 0.6229292187350295, "v0s": 3.208797918081929}, "datetime": {"datetime": "2022-06-15 21:21:36", "elapsed": 242343.113277, "delta": 6.167516}}
{"target": -1.0, "params": {"Bgrad": 1.5143640745838531, "d1": 0.2915623339291544, "d2": -1.3424572844590794, "d3": -1.0252127799266968, "d4": -0.9430024156442913, "p1": 46.96643138588357, "p2": 2.582538068096479, "p3": 28.577641204705102, "p4": 24.488004617345883, "pol1": -0.31234379962055403, "pol2": 0.33983343970286994, "pol3": 0.5388800213235552, "pol4": 0.08011915391763624, "v0s": 2.2498282827008618}, "datetime": {"datetime": "2022-06-15 21:21:40", "elapsed": 242347.581335, "delta": 4.468058}}
{"target": 3.09285594290022, "params": {"Bgrad": 0.8526212977101357, "d1": -2.9182409946780004, "d2": -1.6888868305641567, "d3": -1.1277756884974397, "d4": 0.13827645235822272, "p1": 26.613647791424803, "p2": 23.871325033949624, "p3": 34.89748603392809, "p4": 0.8708592651107072, "pol1": 0.3899815298680609, "pol2": -0.3760808264094111, "pol3": 0.11958191893288728, "pol4": 0.21361329081906755, "v0s": 3.09285594290022}, "datetime": {"datetime": "2022-06-15 21:21:46", "elapsed": 242353.234225, "delta": 5.65289}}
{"target": -1.0, "params": {"Bgrad": 0.8754088853887471, "d1": -0.6847277657847535, "d2": -1.9495093130156111, "d3": -2.0423318025331376, "d4": -1.56387459897207, "p1": 45.22054991258976, "p2": 43.460515275777105, "p3": 25.701788926879267, "p4": 2.5873840553513605, "pol1": 0.6006758138206048, "pol2": -0.6376216241611692, "pol3": 0.33748250881702035, "pol4": 0.6707434295323338, "v0s": 7.788779340623814}, "datetime": {"datetime": "2022-06-15 21:21:56", "elapsed": 242363.563616, "delta": 10.329391}}
{"target": -1.0, "params": {"Bgrad": 0.6902688630323026, "d1": -0.9067547131876839, "d2": 0.4024441786491759, "d3": -0.849562983854204, "d4": -0.07981409565466624, "p1": 39.2729823111646, "p2": 41.829777238480055, "p3": 33.326621357493394, "p4": 44.88695948646239, "pol1": 0.2955824680200472, "pol2": 0.8892747807094175, "pol3": 0.25859676380715224, "pol4": 0.7448572477805029, "v0s": 5.573932162568988}, "datetime": {"datetime": "2022-06-15 21:22:04", "elapsed": 242371.990094, "delta": 8.426478}}
{"target": -1.0, "params": {"Bgrad": 1.0165234764359465, "d1": 0.2538299452415398, "d2": -1.2704758880489515, "d3": -2.493817358248165, "d4": 0.8742749306621489, "p1": 42.628176194910786, "p2": 28.06297117940304, "p3": 33.53061487813396, "p4": 49.88621109545823, "pol1": -0.6773825594283454, "pol2": 0.06907992020867582, "pol3": -0.21804258435677282, "pol4": 0.08229513999614868, "v0s": 2.6202671196507636}, "datetime": {"datetime": "2022-06-15 21:22:21", "elapsed": 242388.624632, "delta": 16.634538}}
{"target": -1.0, "params": {"Bgrad": 1.161113387164121, "d1": -1.1541434502097503, "d2": -0.6164334232360167, "d3": -0.3504992756605607, "d4": -0.63940250587597, "p1": 36.46913800480739, "p2": 29.045131193143845, "p3": 22.1551554306607, "p4": 24.83942222699454, "pol1": -0.13982236594018826, "pol2": -0.5798522937902901, "pol3": -0.5463977676891203, "pol4": -0.08522264781926148, "v0s": 4.601316275796871}, "datetime": {"datetime": "2022-06-15 21:22:36", "elapsed": 242403.795084, "delta": 15.170452}}
{"target": -1.0, "params": {"Bgrad": 1.6689256386028315, "d1": -1.3165664948496856, "d2": -0.306526669862595, "d3": -2.3358452642883947, "d4": 0.29623593757194566, "p1": 34.270338807009914, "p2": 39.45261992967027, "p3": 17.974224381218256, "p4": 33.127450021972244, "pol1": -0.5658190722561989, "pol2": -0.557988424864098, "pol3": -0.5150864551646623, "pol4": -0.47082336595192853, "v0s": 4.450471733590689}, "datetime": {"datetime": "2022-06-15 21:22:51", "elapsed": 242418.239477, "delta": 14.444393}}
{"target": -1.0, "params": {"Bgrad": 1.743043172326852, "d1": 0.7896782167708074, "d2": -0.4701680130698356, "d3": -2.46104345407911, "d4": -1.320026189266498, "p1": 46.80926944549223, "p2": 16.027213766419486, "p3": 30.96404930238933, "p4": 46.75668236380905, "pol1": -0.07863532790830319, "pol2": 0.0007981082336885326, "pol3": 0.8373874195073356, "pol4": 0.8596471420193506, "v0s": 7.426921240337432}, "datetime": {"datetime": "2022-06-15 21:23:04", "elapsed": 242432.023634, "delta": 13.784157}}
{"target": -1.0, "params": {"Bgrad": 1.270451796016766, "d1": -0.4407549976191856, "d2": -0.6439752964873935, "d3": -2.3660207202887147, "d4": -0.5062039824741236, "p1": 15.957216143911523, "p2": 6.536775030007486, "p3": 10.75015022845221, "p4": 15.683014859126022, "pol1": 0.9029036015534417, "pol2": 0.9815343233968112, "pol3": 0.7337727275830945, "pol4": -0.0762780419850988, "v0s": 4.793703515469308}, "datetime": {"datetime": "2022-06-15 21:23:19", "elapsed": 242447.051467, "delta": 15.027833}}
{"target": -1.0, "params": {"Bgrad": 1.647092760472497, "d1": -2.606367691534968, "d2": 0.9761494786152065, "d3": -0.23114046712763914, "d4": -1.8028572358449324, "p1": 45.44240962652593, "p2": 27.628942338087313, "p3": 4.259498872985789, "p4": 5.412287160442708, "pol1": -0.9366702894711807, "pol2": -0.5676105275539134, "pol3": -0.8971721100563677, "pol4": 0.020544930523599403, "v0s": 2.497642332930992}, "datetime": {"datetime": "2022-06-15 21:23:32", "elapsed": 242459.392482, "delta": 12.341015}}
{"target": -1.0, "params": {"Bgrad": 1.164683424532482, "d1": -2.055197037031385, "d2": -0.761117209483599, "d3": -1.244128834232384, "d4": 0.350161851040105, "p1": 16.82723772649515, "p2": 11.511582346058786, "p3": 47.005791667279674, "p4": 23.31818482005389, "pol1": -0.9436844815350842, "pol2": -0.8411272323507004, "pol3": 0.11114353513060249, "pol4": -0.5784571952464317, "v0s": 2.889413691521982}, "datetime": {"datetime": "2022-06-15 21:23:43", "elapsed": 242470.393079, "delta": 11.000597}}
{"target": -1.0, "params": {"Bgrad": 0.7932985627049667, "d1": -0.02100420176393447, "d2": 0.79605584348452, "d3": -2.482488128189225, "d4": 0.5191209896393927, "p1": 35.595991140636784, "p2": 27.842165874300374, "p3": 3.3509319258876014, "p4": 39.387055847483055, "pol1": 0.6245603085868248, "pol2": 0.5091637333584971, "pol3": 0.10097912323492775, "pol4": 0.2632095864736057, "v0s": 4.619977364497886}, "datetime": {"datetime": "2022-06-15 21:23:54", "elapsed": 242481.108439, "delta": 10.71536}}
{"target": -1.0, "params": {"Bgrad": 0.9617705133640478, "d1": -2.1691549229518943, "d2": 0.08304355766279015, "d3": 0.739103270725733, "d4": -0.5139371442491933, "p1": 26.712371432347798, "p2": 44.16352335026726, "p3": 2.2401486480908286, "p4": 15.133777046830538, "pol1": -0.23505777787449444, "pol2": -0.9378010186273167, "pol3": 0.039865909237037256, "pol4": 0.8811528298715412, "v0s": 6.783470116323734}, "datetime": {"datetime": "2022-06-15 21:24:10", "elapsed": 242497.445772, "delta": 16.337333}}
{"target": -1.0, "params": {"Bgrad": 1.3026415425328381, "d1": -0.29383584035273946, "d2": 0.14093927671651452, "d3": -1.955626791892644, "d4": -1.897345594355778, "p1": 30.26118933572312, "p2": 33.70905578926137, "p3": 0.18067367338567286, "p4": 42.785048949163794, "pol1": -0.7101759070523033, "pol2": 0.02470434681566913, "pol3": 0.12436077741615637, "pol4": -0.985617701215824, "v0s": 4.573103227542323}, "datetime": {"datetime": "2022-06-15 21:24:25", "elapsed": 242513.045078, "delta": 15.599306}}
{"target": -1.0, "params": {"Bgrad": 0.7404703009921882, "d1": -0.9007791946009429, "d2": -1.0316611695534883, "d3": -2.3772755945496407, "d4": 0.9354258009776872, "p1": 20.559853318054707, "p2": 6.14021522009181, "p3": 7.715060998938183, "p4": 31.97461142518779, "pol1": 0.44812377107234336, "pol2": -0.5354823213958133, "pol3": -0.7161736642774092, "pol4": -0.47563359374503467, "v0s": 6.7305513565146375}, "datetime": {"datetime": "2022-06-15 21:24:36", "elapsed": 242523.070282, "delta": 10.025204}}
{"target": -1.0, "params": {"Bgrad": 1.6181100032610258, "d1": 0.634642042193927, "d2": -1.0848345634325258, "d3": -2.2922501595396554, "d4": -1.8804361370516762, "p1": 27.91065394714694, "p2": 30.44726688286095, "p3": 30.47842922683896, "p4": 38.08784517810111, "pol1": 0.7594575603198013, "pol2": -0.17565124493269724, "pol3": -0.7695576348116655, "pol4": -0.958654181568035, "v0s": 4.147618060381315}, "datetime": {"datetime": "2022-06-15 21:24:52", "elapsed": 242539.549237, "delta": 16.478955}}
{"target": -1.0, "params": {"Bgrad": 1.1545922057165305, "d1": -1.1896790675645308, "d2": 0.9666846791201271, "d3": 0.19225718178558626, "d4": 0.7983384849422275, "p1": 16.757224621963125, "p2": 40.50625261698267, "p3": 14.496541781445288, "p4": 30.16545146510404, "pol1": 0.9078027304834424, "pol2": -0.12348342636471998, "pol3": -0.44927574706427653, "pol4": -0.7049965936653559, "v0s": 2.1376974844431693}, "datetime": {"datetime": "2022-06-15 21:25:07", "elapsed": 242554.959049, "delta": 15.409812}}
{"target": 4.026817870395199, "params": {"Bgrad": 1.9482434026927753, "d1": -1.5410633397893099, "d2": -0.2534794835136487, "d3": -1.6834816033888718, "d4": 0.44431364609183, "p1": 28.931388595945474, "p2": 39.77570049201472, "p3": 0.8713495861346177, "p4": 39.77101026641689, "pol1": -0.0994615439743447, "pol2": -0.6990702948202352, "pol3": 0.2673091167013497, "pol4": 0.8618208134841332, "v0s": 4.026817870395199}, "datetime": {"datetime": "2022-06-15 21:25:25", "elapsed": 242572.23986, "delta": 17.280811}}
{"target": -1.0, "params": {"Bgrad": 0.538067613841001, "d1": -0.39582334332606317, "d2": 0.1758376248216158, "d3": -2.891935208239652, "d4": 0.16034124040302622, "p1": 17.33464866456476, "p2": 17.74743128634627, "p3": 4.806140043575119, "p4": 29.156112365028253, "pol1": -0.9853287369208541, "pol2": 0.07367630124880264, "pol3": 0.30768014974371827, "pol4": 0.198697632334923, "v0s": 2.3000660598505505}, "datetime": {"datetime": "2022-06-15 21:25:35", "elapsed": 242582.07956, "delta": 9.8397}}
{"target": -1.0, "params": {"Bgrad": 1.9330635570637207, "d1": -1.6890527142287652, "d2": -0.38787273705953274, "d3": 0.7409125218830281, "d4": -1.2974905711442921, "p1": 32.524870732820474, "p2": 11.070760876348018, "p3": 8.91297815554697, "p4": 32.6230713845117, "pol1": 0.8252181580406526, "pol2": -0.15234568659963177, "pol3": 0.038642908192119796, "pol4": -0.6303390298296747, "v0s": 5.635871440943448}, "datetime": {"datetime": "2022-06-15 21:25:52", "elapsed": 242599.109043, "delta": 17.029483}}
{"target": -1.0, "params": {"Bgrad": 1.9405637015951436, "d1": -0.16222360025762983, "d2": -0.13966536434399712, "d3": -1.166393180592602, "d4": 0.43047643702844596, "p1": 1.053245189766605, "p2": 16.642225077872812, "p3": 31.96814573747725, "p4": 11.6187636209787, "pol1": 0.48650717685275446, "pol2": 0.9326563850496383, "pol3": -0.6645100891777889, "pol4": -0.7583798993327575, "v0s": 6.500590598728321}, "datetime": {"datetime": "2022-06-15 21:26:09", "elapsed": 242616.265188, "delta": 17.156145}}
{"target": -1.0, "params": {"Bgrad": 0.5802478427872564, "d1": 0.8981386034645231, "d2": -2.0527117887911848, "d3": -2.6257439412555237, "d4": -2.7555937125860934, "p1": 9.596670622977527, "p2": 0.33804846473846073, "p3": 8.328150203810337, "p4": 38.60537905059731, "pol1": -0.28085845982026014, "pol2": -0.48065263507154965, "pol3": -0.8282491022010634, "pol4": -0.22711026371040122, "v0s": 6.678538226550478}, "datetime": {"datetime": "2022-06-15 21:26:17", "elapsed": 242625.048712, "delta": 8.783524}}
{"target": -1.0, "params": {"Bgrad": 1.9403900353174743, "d1": -2.3867717765700287, "d2": -0.401549368016036, "d3": -0.44581093533333904, "d4": 0.6434140779653763, "p1": 13.364290326567719, "p2": 37.42983752100343, "p3": 19.249630260662176, "p4": 5.158510579319831, "pol1": -0.8507462323051771, "pol2": 0.15576485559819342, "pol3": 0.6328523938615382, "pol4": -0.5134777054087813, "v0s": 5.645030100876823}, "datetime": {"datetime": "2022-06-15 21:26:35", "elapsed": 242642.773336, "delta": 17.724624}}
{"target": -1.0, "params": {"Bgrad": 1.5829586011438823, "d1": -2.1625378802985824, "d2": -1.701716092853336, "d3": -2.215846652419788, "d4": -1.0539700111076051, "p1": 43.0660911406824, "p2": 32.2307767304308, "p3": 24.992745339364287, "p4": 13.28362101120883, "pol1": 0.11175673571675837, "pol2": -0.7693131711300938, "pol3": 0.34318501737604645, "pol4": -0.29448292994119485, "v0s": 6.344712831357759}, "datetime": {"datetime": "2022-06-15 21:26:51", "elapsed": 242658.643917, "delta": 15.870581}}
{"target": -1.0, "params": {"Bgrad": 1.822196706976822, "d1": -0.06556983490497181, "d2": -2.502105925169836, "d3": -1.2159533468893198, "d4": 0.5201179364308199, "p1": 8.051164119342625, "p2": 9.740893334121619, "p3": 35.71502424095654, "p4": 47.983436642985886, "pol1": 0.9399849618453564, "pol2": -0.7846406834600248, "pol3": -0.8187495561689524, "pol4": 0.07543243817272716, "v0s": 2.168102786678906}, "datetime": {"datetime": "2022-06-15 21:27:57", "elapsed": 242725.035648, "delta": 66.391731}}
{"target": -1.0, "params": {"Bgrad": 1.199324376921983, "d1": 0.9604511732056582, "d2": -0.459404256615469, "d3": -2.7452863082470853, "d4": 0.8938535740650249, "p1": 29.518386631529054, "p2": 29.08829526158241, "p3": 6.000497902878088, "p4": 49.23397887548764, "pol1": -0.9366312153860041, "pol2": 0.4692067559502593, "pol3": -0.31159100105625126, "pol4": 0.5707967092434596, "v0s": 4.224842125798837}, "datetime": {"datetime": "2022-06-15 21:28:15", "elapsed": 242742.986712, "delta": 17.951064}}
{"target": 2.5133484975662634, "params": {"Bgrad": 1.2758051082710944, "d1": -1.1283909527029174, "d2": 0.9873147690824577, "d3": -1.592680169491905, "d4": 0.0022842439047123797, "p1": 12.313787567330047, "p2": 31.99595734266534, "p3": 22.100985239013678, "p4": 48.268087566233255, "pol1": 0.4393254263537476, "pol2": -0.0270934137069061, "pol3": -0.6376525318700836, "pol4": -0.24195850031387, "v0s": 2.5133484975662634}, "datetime": {"datetime": "2022-06-15 21:28:22", "elapsed": 242749.231021, "delta": 6.244309}}
{"target": -1.0, "params": {"Bgrad": 1.429874420194093, "d1": -0.2470312597561115, "d2": -1.6573629970715409, "d3": 0.11527428067994716, "d4": -1.1854992182728639, "p1": 20.933706149705046, "p2": 32.401349455730724, "p3": 0.4781877297699799, "p4": 26.516524269789382, "pol1": 0.9845122168805285, "pol2": -0.3947327044722295, "pol3": 0.4256302940961951, "pol4": -0.16168866592713949, "v0s": 6.419713298170533}, "datetime": {"datetime": "2022-06-15 21:28:38", "elapsed": 242765.2522, "delta": 16.021179}}
{"target": -1.0, "params": {"Bgrad": 1.3915535768039207, "d1": -0.7008039382273963, "d2": -1.6491089741586444, "d3": -0.8066218122245221, "d4": -2.1794636956143365, "p1": 44.781973384496894, "p2": 5.801321342275667, "p3": 9.537103650879232, "p4": 27.60549185683751, "pol1": 0.05973787373499406, "pol2": -0.7465570230283616, "pol3": -0.40081655395748705, "pol4": -0.37481446913195415, "v0s": 4.756831563025245}, "datetime": {"datetime": "2022-06-15 21:28:55", "elapsed": 242782.255752, "delta": 17.003552}}
{"target": 4.233446726076011, "params": {"Bgrad": 1.9201783353768753, "d1": -1.709796675306952, "d2": -0.5459242699608975, "d3": -2.042692197716013, "d4": 0.9992289259367126, "p1": 15.23950615950566, "p2": 8.858182960433025, "p3": 40.63982005545496, "p4": 15.643757347739218, "pol1": 0.7924975141997899, "pol2": -0.6832021593105622, "pol3": -0.22201362641813271, "pol4": 0.01975840912313087, "v0s": 4.233446726076011}, "datetime": {"datetime": "2022-06-15 21:29:05", "elapsed": 242792.583149, "delta": 10.327397}}
