{"target": 3.3645822642545893, "params": {"Bgrad": 0.7795827447430399, "d1": -2.3950805707849248, "d2": 0.10799070081705686, "d3": -0.8083625365554967, "d4": -0.30673188535042284, "p1": 2.650106115341039, "p2": 10.379616749190667, "p3": 35.538652024980735, "p4": 32.40003186350534, "pol1": 0.7485183896320944, "pol2": 0.48622522549955227, "pol3": -0.48124857745206184, "pol4": -0.4777420512120909, "v0s": 3.3645822642545893}, "datetime": {"datetime": "2022-06-24 05:37:34", "elapsed": 4973.872757, "delta": 3.461824}}
{"target": 3.5769262021685293, "params": {"Bgrad": 0.575989306291747, "d1": -1.0903102179572963, "d2": -1.3748641781248856, "d3": -2.9412020851727587, "d4": -1.5203734162142992, "p1": 8.5322472169507, "p2": 8.36499036116779, "p3": 36.43325110597755, "p4": 34.08636780682827, "pol1": 0.9454215605155611, "pol2": -0.8623038044893399, "pol3": 0.8134990178253587, "pol4": -0.8144364475377939, "v0s": 3.5769262021685293}, "datetime": {"datetime": "2022-06-24 05:37:39", "elapsed": 4978.140945, "delta": 4.268188}}
{"target": -1.0, "params": {"Bgrad": 1.6206235980726829, "d1": -1.4408629580203192, "d2": -2.276443934946407, "d3": -1.5577971201443752, "d4": -1.7159931522862344, "p1": 0.8634860515610909, "p2": 14.007432559895449, "p3": 36.94409765625337, "p4": 33.38874087844231, "pol1": 0.7301614280102577, "pol2": 0.2959600820178614, "pol3": -0.3565061067577231, "pol4": 0.5351243287173897, "v0s": 3.367122867112525}, "datetime": {"datetime": "2022-06-24 05:37:52", "elapsed": 4991.806636, "delta": 13.665691}}
{"target": -1.0, "params": {"Bgrad": 1.2267173745142257, "d1": -2.907159869225607, "d2": -0.62930065382925, "d3": -0.4708108226082377, "d4": 0.9969674458353515, "p1": 12.584061146808178, "p2": 6.20878343855798, "p3": 32.167435914812096, "p4": 19.640251042601463, "pol1": 0.3947842773654735, "pol2": 0.6443760258407045, "pol3": -0.8083094309317196, "pol4": -0.9433402617261581, "v0s": 6.081103673416681}, "datetime": {"datetime": "2022-06-24 05:38:04", "elapsed": 5003.150975, "delta": 11.344339}}
{"target": -1.0, "params": {"Bgrad": 1.958615280115344, "d1": -2.402888311553123, "d2": 0.9528249075393251, "d3": -0.011964023869549312, "d4": -1.9945366304408703, "p1": 47.68542961276053, "p2": 27.68195633876459, "p3": 22.01028298166447, "p4": 30.624410203227765, "pol1": -0.3745807919577293, "pol2": -0.9887889851259686, "pol3": 0.21389835516035705, "pol4": 0.872680104811177, "v0s": 5.334894959559512}, "datetime": {"datetime": "2022-06-24 05:38:15", "elapsed": 5014.178674, "delta": 11.027699}}
{"target": -1.0, "params": {"Bgrad": 1.0001346240460216, "d1": -1.3110685827042843, "d2": 0.2517751687776979, "d3": -0.912615310287044, "d4": -1.7699625052564447, "p1": 5.490413735709887, "p2": 12.495096148631415, "p3": 34.82916101004994, "p4": 30.645049762523634, "pol1": -0.7218884145523757, "pol2": -0.08689384500279279, "pol3": 0.40420462211506164, "pol4": 0.11294968206371661, "v0s": 4.341297036682332}, "datetime": {"datetime": "2022-06-24 05:38:31", "elapsed": 5030.700769, "delta": 16.522095}}
{"target": -1.0, "params": {"Bgrad": 1.3289980058077073, "d1": -1.7719310446540089, "d2": -1.5714343199442895, "d3": -2.6311172068697295, "d4": -0.24518680520626382, "p1": 25.559341198041174, "p2": 3.475472326546972, "p3": 38.48457248678668, "p4": 26.1832590149941, "pol1": 0.31786577829644874, "pol2": -0.03745261578754209, "pol3": -0.10939285636611495, "pol4": 0.7967646502096111, "v0s": 3.1021358110344077}, "datetime": {"datetime": "2022-06-24 05:38:39", "elapsed": 5038.65568, "delta": 7.954911}}
{"target": -1.0, "params": {"Bgrad": 0.7330274941884956, "d1": -0.7115788547182231, "d2": 0.013600752441589758, "d3": -0.8453050521548371, "d4": -2.5731626106101504, "p1": 28.4111808114475, "p2": 27.28585677467523, "p3": 5.628308990780456, "p4": 45.2287308938137, "pol1": -0.9871369494062514, "pol2": 0.7351417359562895, "pol3": 0.4837776443552615, "pol4": -0.04382717944025227, "v0s": 2.7138728151965403}, "datetime": {"datetime": "2022-06-24 05:38:48", "elapsed": 5047.510672, "delta": 8.854992}}
{"target": -1.0, "params": {"Bgrad": 0.6426941361682914, "d1": -2.591068374803415, "d2": 0.15278202293906018, "d3": -2.3942113071997917, "d4": -2.5885454572327258, "p1": 4.963696397839468, "p2": 5.895989174233396, "p3": 36.79799320356714, "p4": 32.20522020224059, "pol1": -0.7178115759535515, "pol2": -0.5695355309180736, "pol3": 0.24618229347611909, "pol4": 0.11272349061605191, "v0s": 5.3127621387401245}, "datetime": {"datetime": "2022-06-24 05:38:58", "elapsed": 5057.132088, "delta": 9.621416}}
{"target": -1.0, "params": {"Bgrad": 0.9652874025653572, "d1": -1.3002308646288794, "d2": -1.4296856415095753, "d3": -0.022806170110106376, "d4": -0.46809622094198416, "p1": 21.604889758192567, "p2": 30.676522271204156, "p3": 7.07961420603646, "p4": 25.10083901528768, "pol1": -0.4548298300101829, "pol2": 0.721793191763257, "pol3": 0.35556986989826317, "pol4": -0.022150873292431494, "v0s": 3.396179259609956}, "datetime": {"datetime": "2022-06-24 05:39:09", "elapsed": 5068.741823, "delta": 11.609735}}
{"target": 3.1495990704656998, "params": {"Bgrad": 1.7788665090988096, "d1": -2.97600246842018, "d2": -0.3854435485797234, "d3": -1.0516058459357427, "d4": -0.3836669610982897, "p1": 12.734265856440807, "p2": 4.123912454475088, "p3": 28.468674154149028, "p4": 22.259603398529435, "pol1": -0.2274510142639521, "pol2": 0.007800777414126214, "pol3": -0.5612615468435689, "pol4": -0.9973157365348095, "v0s": 3.1495990704656998}, "datetime": {"datetime": "2022-06-24 05:39:14", "elapsed": 5073.915059, "delta": 5.173236}}
{"target": 4.572214995254115, "params": {"Bgrad": 1.8729196661892975, "d1": -1.611488010467374, "d2": 0.99665241141243, "d3": -2.099575889573199, "d4": -0.3668706145833798, "p1": 29.96288493146474, "p2": 12.12492415312888, "p3": 38.931837385677206, "p4": 26.73867354905034, "pol1": -0.24393191698492345, "pol2": -0.3908293454173064, "pol3": -0.35741233710443887, "pol4": 0.4301501418335498, "v0s": 4.572214995254115}, "datetime": {"datetime": "2022-06-24 05:39:21", "elapsed": 5080.549439, "delta": 6.63438}}
{"target": -1.0, "params": {"Bgrad": 1.963135190458034, "d1": 0.22859863347421827, "d2": -1.4970558465543484, "d3": -2.018733595646769, "d4": -1.867966323102399, "p1": 9.39421623149031, "p2": 7.383097344395501, "p3": 31.480819263310057, "p4": 20.42055403457834, "pol1": 0.26416387972725675, "pol2": 0.8061477562355148, "pol3": -0.9696839851295194, "pol4": 0.9421565382069494, "v0s": 5.60769234352085}, "datetime": {"datetime": "2022-06-24 05:39:32", "elapsed": 5091.382184, "delta": 10.832745}}
{"target": -1.0, "params": {"Bgrad": 1.8310430156893291, "d1": -2.7704438993843916, "d2": -2.4613017029235476, "d3": -1.4040274158515738, "d4": -2.3922447635194874, "p1": 1.9586381145968446, "p2": 9.482254140170737, "p3": 36.633825680487085, "p4": 25.46308940264478, "pol1": -0.5579294244860631, "pol2": -0.42619308824119484, "pol3": 0.20885164800367506, "pol4": 0.8282867986598177, "v0s": 4.300248689535091}, "datetime": {"datetime": "2022-06-24 05:39:46", "elapsed": 5105.203524, "delta": 13.82134}}
{"target": 4.162283384528625, "params": {"Bgrad": 1.4830491207062042, "d1": -1.465069941810466, "d2": 0.4436558635665711, "d3": -2.3220963499052734, "d4": -2.2012453163400894, "p1": 7.030820665387673, "p2": 8.936114173230226, "p3": 35.31576371804515, "p4": 32.01327650315414, "pol1": -0.1804014748794093, "pol2": 0.0900246347551429, "pol3": -0.15603963429319298, "pol4": 0.109665853598676, "v0s": 4.162283384528625}, "datetime": {"datetime": "2022-06-24 05:39:53", "elapsed": 5112.151595, "delta": 6.948071}}
{"target": -1.0, "params": {"Bgrad": 1.4684667098340658, "d1": -2.4683804506433464, "d2": 0.02569318468102555, "d3": 0.6420288384820285, "d4": -0.8704305544133213, "p1": 3.34012313152014, "p2": 10.860590992300894, "p3": 32.32172707482041, "p4": 29.111403189282914, "pol1": 0.2390636624621416, "pol2": -0.23605738836583234, "pol3": -0.18600896284805568, "pol4": 0.6228046831386438, "v0s": 4.773146768700115}, "datetime": {"datetime": "2022-06-24 05:40:08", "elapsed": 5127.182717, "delta": 15.031122}}
{"target": 5.815731751334295, "params": {"Bgrad": 1.2359733009580551, "d1": -2.9237965801151944, "d2": -2.279225835601759, "d3": 0.0824059508500965, "d4": 0.037556708048836374, "p1": 32.08049768379878, "p2": 6.973172155983059, "p3": 6.2840641930006385, "p4": 27.106064354139153, "pol1": 0.19629600416681559, "pol2": -0.6823320654569496, "pol3": 0.638120910542884, "pol4": -0.9112177655839848, "v0s": 5.815731751334295}, "datetime": {"datetime": "2022-06-24 05:40:22", "elapsed": 5141.174065, "delta": 13.991348}}
{"target": 4.475915197837035, "params": {"Bgrad": 1.1836060459741318, "d1": -0.9246019751894702, "d2": 1.0, "d3": -2.6961965924598053, "d4": -1.9605371684608202, "p1": 31.305893192617045, "p2": 11.150908163115856, "p3": 38.28623570005454, "p4": 28.348202214292293, "pol1": 0.008044896933995599, "pol2": -0.9796194007030288, "pol3": -0.6254985321001585, "pol4": 0.6892168741196177, "v0s": 4.475915197837035}, "datetime": {"datetime": "2022-06-24 05:40:29", "elapsed": 5148.89207, "delta": 7.718005}}
{"target": -1.0, "params": {"Bgrad": 1.1645038922820012, "d1": -0.6944942548216964, "d2": -0.36488713447049337, "d3": -1.3496655372232622, "d4": -0.7009689623299922, "p1": 43.76942193200789, "p2": 22.03325396854239, "p3": 26.64432897246026, "p4": 13.635164648912928, "pol1": 0.20976562001685362, "pol2": 0.09880063182998633, "pol3": -0.2431778725953755, "pol4": 0.4773937598370632, "v0s": 2.702961551806203}, "datetime": {"datetime": "2022-06-24 05:40:35", "elapsed": 5154.674183, "delta": 5.782113}}
{"target": -1.0, "params": {"Bgrad": 0.8719011393798857, "d1": 0.08741712075472696, "d2": -1.1172223479573717, "d3": -1.7533703602226844, "d4": 0.3888559389361994, "p1": 31.07436984054605, "p2": 29.427146470344546, "p3": 6.673214628640245, "p4": 44.39034845330666, "pol1": -0.3512174664518444, "pol2": 0.5308594199715655, "pol3": -0.2977833810318986, "pol4": -0.5426880621078001, "v0s": 2.699845633428117}, "datetime": {"datetime": "2022-06-24 05:40:46", "elapsed": 5165.346389, "delta": 10.672206}}
{"target": 4.250267387890225, "params": {"Bgrad": 1.4581505546000144, "d1": -1.1813586711594362, "d2": 0.24477644771200063, "d3": -2.2102600729577193, "d4": -0.9866092514238198, "p1": 8.874754769414613, "p2": 9.313673223987205, "p3": 35.67340040739184, "p4": 29.49703344508287, "pol1": -0.18349110740091604, "pol2": -0.7299541712371505, "pol3": -0.3683177474548948, "pol4": 0.454108357198487, "v0s": 4.250267387890225}, "datetime": {"datetime": "2022-06-24 05:40:52", "elapsed": 5171.665124, "delta": 6.318735}}
{"target": 3.4065766671523394, "params": {"Bgrad": 1.4687273014785143, "d1": -0.6461793414619715, "d2": 0.3810420713273654, "d3": -0.9409883756068105, "d4": -1.7429990237490618, "p1": 47.68580928998724, "p2": 44.66604678999816, "p3": 7.712927825936155, "p4": 13.950584186593805, "pol1": 0.3349581123723918, "pol2": 0.631805124252751, "pol3": -0.5241782058086077, "pol4": 0.002859457578113033, "v0s": 3.4065766671523394}, "datetime": {"datetime": "2022-06-24 05:40:58", "elapsed": 5177.439274, "delta": 5.77415}}
{"target": -1.0, "params": {"Bgrad": 1.7885925843022026, "d1": -2.450667227170244, "d2": -1.4129338691534348, "d3": -2.453642640748889, "d4": -1.1788769613494612, "p1": 12.752538722931849, "p2": 5.053398152049532, "p3": 30.602606007926465, "p4": 21.248445863708703, "pol1": -0.32367050980467393, "pol2": -0.18230805047196097, "pol3": -0.7380932713338619, "pol4": -0.9630039661583809, "v0s": 2.662945640902411}, "datetime": {"datetime": "2022-06-24 05:41:02", "elapsed": 5181.773782, "delta": 4.334508}}
{"target": 4.273298982952454, "params": {"Bgrad": 1.0346620397294557, "d1": -1.5185503802131275, "d2": -0.04135924549021652, "d3": -0.4079054752108733, "d4": -2.6137311341920775, "p1": 5.77270581382347, "p2": 9.215309939334599, "p3": 34.65867629713532, "p4": 28.794979399878972, "pol1": -0.35305646999264617, "pol2": 0.7157396871264425, "pol3": 0.5391247862096804, "pol4": 0.8210432135592773, "v0s": 4.273298982952454}, "datetime": {"datetime": "2022-06-24 05:41:09", "elapsed": 5188.638557, "delta": 6.864775}}
{"target": -1.0, "params": {"Bgrad": 0.6706092856760932, "d1": -0.33840285670215087, "d2": -1.143419174799864, "d3": -0.8487549471354092, "d4": -2.0384284420762353, "p1": 3.238559851329148, "p2": 10.94837525366944, "p3": 37.16586734397834, "p4": 29.306213578396495, "pol1": -0.4498189379668167, "pol2": 0.32563123791428716, "pol3": -0.28054371176963144, "pol4": 0.009158679691922522, "v0s": 2.6860451373216607}, "datetime": {"datetime": "2022-06-24 05:41:15", "elapsed": 5194.28154, "delta": 5.642983}}
{"target": -1.0, "params": {"Bgrad": 0.7384775567223889, "d1": -0.17857682371102124, "d2": -2.2406607135394236, "d3": -0.7790574554571625, "d4": -2.825823772449627, "p1": 4.212000888085893, "p2": 9.077016159547934, "p3": 37.23667871242541, "p4": 27.62640678286965, "pol1": 0.9038922289099656, "pol2": 0.044753591414854244, "pol3": -0.72085307186154, "pol4": 0.18621734708271798, "v0s": 4.68978111765759}, "datetime": {"datetime": "2022-06-24 05:41:21", "elapsed": 5200.809222, "delta": 6.527682}}
{"target": 4.2934457724985755, "params": {"Bgrad": 1.6133920536816517, "d1": -1.90879021998227, "d2": 0.09583004811972051, "d3": 0.15850940633936839, "d4": -0.18986523824477697, "p1": 8.038599582616996, "p2": 35.979037727640254, "p3": 35.59567078678044, "p4": 34.91748773950315, "pol1": -0.5078832321620508, "pol2": 0.1564933840553171, "pol3": 0.24935202385946464, "pol4": -0.9388897633846727, "v0s": 4.2934457724985755}, "datetime": {"datetime": "2022-06-24 05:41:30", "elapsed": 5209.141082, "delta": 8.33186}}
{"target": 4.326724703555317, "params": {"Bgrad": 1.070080850506524, "d1": -0.8716956520733583, "d2": 0.9313744014266345, "d3": -0.3201501563277418, "d4": -2.388196779364277, "p1": 44.026645334348515, "p2": 20.70453638104064, "p3": 26.32083848633663, "p4": 12.81966850475974, "pol1": 0.23770796439993602, "pol2": 0.4556785355447617, "pol3": -0.5026434618799789, "pol4": -0.787365111747468, "v0s": 4.326724703555317}, "datetime": {"datetime": "2022-06-24 05:41:36", "elapsed": 5215.10972, "delta": 5.968638}}
{"target": 3.6951720372511034, "params": {"Bgrad": 1.492599095354626, "d1": -2.3513137057407403, "d2": 0.32293422099316177, "d3": -0.8490663459821847, "d4": 0.8902759025436797, "p1": 12.036768578950932, "p2": 22.971696794514347, "p3": 44.90752298116166, "p4": 29.91047792576361, "pol1": 0.5985931643898849, "pol2": -0.33407953222041264, "pol3": 0.2566700854244261, "pol4": 0.3694486714097776, "v0s": 3.6951720372511034}, "datetime": {"datetime": "2022-06-24 05:41:46", "elapsed": 5225.450792, "delta": 10.341072}}
{"target": 4.653456240644682, "params": {"Bgrad": 0.5, "d1": -3.0, "d2": -3.0, "d3": -3.0, "d4": -0.4813454987206284, "p1": 10.947641727105397, "p2": 2.0522201581758015, "p3": 34.47061734944426, "p4": 21.6038737518937, "pol1": 1.0, "pol2": 0.7907523468792206, "pol3": -0.4915162832982233, "pol4": -0.40846986272303315, "v0s": 4.653456240644682}, "datetime": {"datetime": "2022-06-24 05:41:50", "elapsed": 5230.053073, "delta": 4.602281}}
{"target": -1.0, "params": {"Bgrad": 0.7597477154252865, "d1": -0.6249223133659672, "d2": -0.0028878135384298176, "d3": -1.5366891057265541, "d4": -0.31317194202192145, "p1": 45.69205010054432, "p2": 18.783283124153925, "p3": 23.707915796834644, "p4": 14.076379736795651, "pol1": 0.17417925968863868, "pol2": -0.12898699348021792, "pol3": 0.9077101196219015, "pol4": 0.07114529141010983, "v0s": 3.741736790620214}, "datetime": {"datetime": "2022-06-24 05:41:57", "elapsed": 5236.683431, "delta": 6.630358}}
{"target": 3.2488961580518705, "params": {"Bgrad": 1.799225201918488, "d1": -0.6558785543137016, "d2": 0.899839641430487, "d3": -1.1329845842087947, "d4": -2.6439509435838042, "p1": 3.0032120610474555, "p2": 32.8478289675992, "p3": 17.942153725149996, "p4": 10.195066089779143, "pol1": -0.29588701504606085, "pol2": 0.06627537304406439, "pol3": 0.299377462182451, "pol4": -0.1889148699279124, "v0s": 3.2488961580518705}, "datetime": {"datetime": "2022-06-24 05:42:02", "elapsed": 5241.665208, "delta": 4.981777}}
{"target": 2.2798956758597693, "params": {"Bgrad": 1.9517571452230476, "d1": -2.175279014308796, "d2": -1.8741812166467948, "d3": -1.6585663659014447, "d4": -2.165501264282449, "p1": 5.18091869260412, "p2": 10.359711902387703, "p3": 39.86793884574528, "p4": 29.54857624807171, "pol1": 0.934026636008112, "pol2": -0.526906500332949, "pol3": -0.09786314579295174, "pol4": -0.6875275580347131, "v0s": 2.2798956758597693}, "datetime": {"datetime": "2022-06-24 05:42:05", "elapsed": 5244.925539, "delta": 3.260331}}
{"target": -1.0, "params": {"Bgrad": 1.9047618746040653, "d1": -1.347668193513457, "d2": -2.5960341711996304, "d3": -1.5499654652314634, "d4": -0.17207374827077393, "p1": 8.23506145352358, "p2": 36.23803545701942, "p3": 35.99931462182384, "p4": 34.18592568287924, "pol1": 0.8195615595704955, "pol2": -0.2647587821268438, "pol3": -0.5533816303177155, "pol4": -0.7844660553129075, "v0s": 4.673923083233667}, "datetime": {"datetime": "2022-06-24 05:42:16", "elapsed": 5255.437635, "delta": 10.512096}}
{"target": 4.926214305569829, "params": {"Bgrad": 0.6971250761760049, "d1": -1.7179738299845662, "d2": 0.11685701081660849, "d3": -0.9893722845567821, "d4": -1.2097072934435626, "p1": 2.077807744307991, "p2": 32.230242621425305, "p3": 16.6791610918012, "p4": 11.59678996956835, "pol1": -0.4853200330169902, "pol2": -0.037223441568917215, "pol3": -0.5120717639987855, "pol4": -0.7998840089153951, "v0s": 4.926214305569829}, "datetime": {"datetime": "2022-06-24 05:42:24", "elapsed": 5263.159614, "delta": 7.721979}}
{"target": 4.268022638589957, "params": {"Bgrad": 1.3872158317706587, "d1": -0.9529828226039704, "d2": 0.30636816617734347, "d3": -2.473057565079582, "d4": -1.7682155788132379, "p1": 7.994523870439825, "p2": 8.487089209302145, "p3": 37.10498515057682, "p4": 30.042241242104822, "pol1": 0.38995453979638295, "pol2": -0.4938492371009298, "pol3": 0.2575850095628029, "pol4": -0.10410166577299708, "v0s": 4.268022638589957}, "datetime": {"datetime": "2022-06-24 05:42:30", "elapsed": 5269.685797, "delta": 6.526183}}
{"target": -1.0, "params": {"Bgrad": 1.6811436878124277, "d1": -1.97735773237393, "d2": -1.6066955160572682, "d3": -0.8725469106471966, "d4": -1.8244160807020235, "p1": 43.456721476741556, "p2": 23.05271653179803, "p3": 28.175385518212842, "p4": 13.254568513353004, "pol1": -0.6071171736083174, "pol2": 0.056309488281607756, "pol3": -0.704998076699457, "pol4": -0.7607908235139265, "v0s": 4.373997253076201}, "datetime": {"datetime": "2022-06-24 05:42:43", "elapsed": 5282.431938, "delta": 12.746141}}
{"target": 4.0772069615188276, "params": {"Bgrad": 1.6841571241626336, "d1": -1.061917053673339, "d2": 0.5531627381128085, "d3": -0.9750632929234578, "d4": -2.111701040386591, "p1": 48.18705843155106, "p2": 44.98503462188168, "p3": 7.682568030073436, "p4": 14.349426626626025, "pol1": 0.6785487701362484, "pol2": 0.6573048714127768, "pol3": -0.7854665765946413, "pol4": -0.07793592560021025, "v0s": 4.0772069615188276}, "datetime": {"datetime": "2022-06-24 05:42:50", "elapsed": 5289.173035, "delta": 6.741097}}
{"target": -1.0, "params": {"Bgrad": 1.818916333750787, "d1": -0.9368886696917333, "d2": -0.7942281794784058, "d3": -0.22573202052439045, "d4": -0.8951585880488384, "p1": 44.346385698775954, "p2": 25.862568835250315, "p3": 28.786787995750483, "p4": 15.560037440517027, "pol1": -0.329421454619643, "pol2": -0.6736186807064, "pol3": -0.4352976051277835, "pol4": -0.13435714762642914, "v0s": 2.008624411749498}, "datetime": {"datetime": "2022-06-24 05:42:53", "elapsed": 5292.669254, "delta": 3.496219}}
{"target": 3.3010741609382617, "params": {"Bgrad": 1.4119298873359423, "d1": -1.1115033175577929, "d2": -2.882728961041234, "d3": -2.7898735868777007, "d4": -0.27473784710587923, "p1": 8.366559259827067, "p2": 2.307605220706882, "p3": 34.18699633248681, "p4": 22.271553741380423, "pol1": 0.40340179050811464, "pol2": -0.7368255556322327, "pol3": 0.004739715684142665, "pol4": 0.42434821501882847, "v0s": 3.3010741609382617}, "datetime": {"datetime": "2022-06-24 05:43:01", "elapsed": 5300.30199, "delta": 7.632736}}
{"target": 3.1408247993859826, "params": {"Bgrad": 0.916540470715061, "d1": 0.9801846373559817, "d2": -0.44288037354298293, "d3": -1.4680698850815865, "d4": -0.044248035635936045, "p1": 5.492854553157156, "p2": 14.853830486730462, "p3": 36.30905291567024, "p4": 29.71122150327627, "pol1": -0.6314417976519153, "pol2": -0.11446485413864105, "pol3": -0.14181564379834466, "pol4": -0.5285093450273144, "v0s": 3.1408247993859826}, "datetime": {"datetime": "2022-06-24 05:43:09", "elapsed": 5308.12424, "delta": 7.82225}}
{"target": 2.2315849851567338, "params": {"Bgrad": 1.4014453375163551, "d1": -2.391237880803772, "d2": -1.8044070023866532, "d3": -0.8955078707189874, "d4": 0.8296186733516643, "p1": 9.316585887625534, "p2": 26.12614769392872, "p3": 17.206368247327568, "p4": 38.57797078871267, "pol1": 0.5902551427560874, "pol2": 0.20451007860535145, "pol3": -0.7075914778249116, "pol4": -0.9872677740279782, "v0s": 2.2315849851567338}, "datetime": {"datetime": "2022-06-24 05:43:14", "elapsed": 5313.162858, "delta": 5.038618}}
{"target": 2.629396709793909, "params": {"Bgrad": 0.8892570978902494, "d1": -0.3743984217346328, "d2": 0.2151411652672235, "d3": -2.271428301532323, "d4": -1.0593527511375065, "p1": 0.7077377800043028, "p2": 33.74159545823524, "p3": 17.29472248728305, "p4": 11.444239831439168, "pol1": 0.05942244434482036, "pol2": 0.8691187591799758, "pol3": 0.3396994860082463, "pol4": -0.18874809678881976, "v0s": 2.629396709793909}, "datetime": {"datetime": "2022-06-24 05:43:20", "elapsed": 5319.272171, "delta": 6.109313}}
