{"target": 3.539165443119016, "params": {"Bgrad": 1.3674026215934267, "d1": 0.1964652976073138, "d2": 0.006725726935943754, "d3": -1.595372585247222, "d4": -2.0005941349670517, "p1": 4.09504852602593, "p2": 13.276926194242506, "p3": 35.863893611960876, "p4": 31.156484163998943, "pol1": -0.4910588223199299, "pol2": 0.8601316093984297, "pol3": 0.6694158692943302, "pol4": -0.7863389878135469, "v0s": 3.539165443119016}, "datetime": {"datetime": "2022-06-24 07:21:24", "elapsed": 11203.440324, "delta": 6.957549}}
{"target": -1.0, "params": {"Bgrad": 1.4824484625528926, "d1": -2.646177672213091, "d2": -1.2462650386861496, "d3": -2.1245219606947234, "d4": -2.097266971789042, "p1": 5.036052345555358, "p2": 11.449870817226904, "p3": 38.94086876028726, "p4": 28.79247592929933, "pol1": -0.7208249012524495, "pol2": 0.09217937035441115, "pol3": 0.9014452599591491, "pol4": -0.9272220240892197, "v0s": 3.2555965016583404}, "datetime": {"datetime": "2022-06-24 07:21:34", "elapsed": 11213.697086, "delta": 10.256762}}
{"target": -1.0, "params": {"Bgrad": 1.5800131564251516, "d1": -2.4855253078735084, "d2": -1.372875455076768, "d3": -0.6791026384631116, "d4": -2.8448187585088087, "p1": 6.456587037525785, "p2": 12.04231595405068, "p3": 30.771595759373056, "p4": 32.63469410833133, "pol1": -0.8837587735925032, "pol2": 0.10501732363282645, "pol3": -0.33316504559482696, "pol4": -0.8188053650388281, "v0s": 7.165812248161629}, "datetime": {"datetime": "2022-06-24 07:21:47", "elapsed": 11226.621299, "delta": 12.924213}}
{"target": 3.389154903313206, "params": {"Bgrad": 1.2059861362556732, "d1": -0.9399254532178944, "d2": -1.151834732929144, "d3": -2.952685144308898, "d4": 0.471974298647829, "p1": 2.240664806581999, "p2": 11.443930629211312, "p3": 34.15495265845694, "p4": 32.23552516422646, "pol1": 0.5198841190921561, "pol2": 0.4709947709868909, "pol3": 0.8807469420018539, "pol4": -0.39255252837117927, "v0s": 3.389154903313206}, "datetime": {"datetime": "2022-06-24 07:21:55", "elapsed": 11234.847494, "delta": 8.226195}}
{"target": 2.080565496637352, "params": {"Bgrad": 0.8166808706967563, "d1": -0.654545195333299, "d2": 0.599209413006947, "d3": 0.4178650604230425, "d4": -1.0013434565835926, "p1": 7.407558935726788, "p2": 37.15623688046458, "p3": 34.42290935090972, "p4": 37.537282893166534, "pol1": -0.748206227119222, "pol2": 0.6767701834664341, "pol3": 0.29421179516238927, "pol4": -0.3496327560853616, "v0s": 2.080565496637352}, "datetime": {"datetime": "2022-06-24 07:22:04", "elapsed": 11243.872061, "delta": 9.024567}}
{"target": -1.0, "params": {"Bgrad": 1.2327955422861243, "d1": 0.33336648302701555, "d2": 0.6029239978816188, "d3": -1.9189112477395742, "d4": -0.9270920538448482, "p1": 30.451906157256996, "p2": 24.879313072187024, "p3": 5.929796561231687, "p4": 42.942994155949336, "pol1": 0.1482832190294503, "pol2": -0.7948246693377816, "pol3": -0.3595234195193793, "pol4": -0.4169400013999336, "v0s": 3.4127372132948546}, "datetime": {"datetime": "2022-06-24 07:22:22", "elapsed": 11261.91665, "delta": 18.044589}}
{"target": -1.0, "params": {"Bgrad": 0.9183203184560764, "d1": -2.2419448974860567, "d2": -0.9497538941681913, "d3": -1.2471409806015359, "d4": -1.4971881021240763, "p1": 4.637478906753373, "p2": 9.964720369864628, "p3": 35.099646308394874, "p4": 25.234053781774435, "pol1": -0.5866767929593311, "pol2": 0.011511086079111, "pol3": -0.03248325284957487, "pol4": 0.4055949915077548, "v0s": 5.17917638693288}, "datetime": {"datetime": "2022-06-24 07:22:36", "elapsed": 11276.004275, "delta": 14.087625}}
{"target": 4.799628675601218, "params": {"Bgrad": 1.3950229836169543, "d1": -1.399612395043282, "d2": 0.8536730117021354, "d3": -2.9235725774667976, "d4": -1.4331300382593128, "p1": 5.02523631540488, "p2": 12.091163991748854, "p3": 34.51238293270814, "p4": 26.083777252758168, "pol1": 0.890322877207443, "pol2": -0.5526916027294599, "pol3": 0.9261161368330879, "pol4": 0.8130812617015839, "v0s": 4.799628675601218}, "datetime": {"datetime": "2022-06-24 07:22:44", "elapsed": 11283.240067, "delta": 7.235792}}
{"target": -1.0, "params": {"Bgrad": 0.8025424745649736, "d1": -2.664667724726987, "d2": 0.30907314710149825, "d3": 0.37674711534739025, "d4": 0.03251179103128976, "p1": 3.664017021875515, "p2": 12.802844849842748, "p3": 36.44480548908402, "p4": 27.688910473980222, "pol1": 0.9624349746728302, "pol2": -0.01667245577536547, "pol3": -0.2330650030291468, "pol4": 0.9669508631740849, "v0s": 4.107885199450016}, "datetime": {"datetime": "2022-06-24 07:22:52", "elapsed": 11291.675162, "delta": 8.435095}}
{"target": 3.580647198578138, "params": {"Bgrad": 0.9980207260880511, "d1": -2.7182835399477763, "d2": 0.668996168352544, "d3": -1.812683342680199, "d4": -1.5790888788579747, "p1": 28.27764162073558, "p2": 26.24795719778145, "p3": 4.5657682776849295, "p4": 44.2929850512232, "pol1": 0.3843724231446474, "pol2": 0.5438424144319852, "pol3": -0.5932344132244131, "pol4": 0.12887173563210155, "v0s": 3.580647198578138}, "datetime": {"datetime": "2022-06-24 07:22:59", "elapsed": 11298.676085, "delta": 7.000923}}
{"target": 2.6516920178916905, "params": {"Bgrad": 0.7658125751930323, "d1": 0.24745146373400573, "d2": -1.9167047634315004, "d3": -1.0513695166978194, "d4": -0.7562060070118939, "p1": 3.904430613255511, "p2": 15.518849735074925, "p3": 38.48698551980578, "p4": 29.48485020830916, "pol1": -0.148365515382068, "pol2": -0.7988367770006806, "pol3": -0.12331068204522255, "pol4": -0.5309284521108923, "v0s": 2.6516920178916905}, "datetime": {"datetime": "2022-06-24 07:23:06", "elapsed": 11305.398215, "delta": 6.72213}}
{"target": -1.0, "params": {"Bgrad": 0.7592595484972273, "d1": 0.34114135957703473, "d2": -0.5383974908098419, "d3": -2.886275555075235, "d4": 0.6192842509569667, "p1": 4.802884935376955, "p2": 13.68087167937061, "p3": 37.07446831560791, "p4": 34.345819876991136, "pol1": -0.1767072525097717, "pol2": -0.0907329958707277, "pol3": 0.7838343446540348, "pol4": 0.5634372362873357, "v0s": 4.241922696884664}, "datetime": {"datetime": "2022-06-24 07:23:15", "elapsed": 11314.730446, "delta": 9.332231}}
{"target": 4.011526414398096, "params": {"Bgrad": 1.6563524039591564, "d1": -2.8802068916896375, "d2": 0.07414020160994461, "d3": -1.0697548749727472, "d4": -1.309986028324695, "p1": 43.758674936786484, "p2": 20.844111726779918, "p3": 25.4206162913597, "p4": 13.163240821516576, "pol1": -0.5680904762229304, "pol2": -0.5490506383674063, "pol3": -0.343353859428452, "pol4": -0.2774655531236563, "v0s": 4.011526414398096}, "datetime": {"datetime": "2022-06-24 07:23:23", "elapsed": 11322.638505, "delta": 7.908059}}
{"target": -1.0, "params": {"Bgrad": 1.5733101622659693, "d1": -1.4992213747158107, "d2": 0.5249439018106825, "d3": -2.5967964819375156, "d4": -1.1797414624719793, "p1": 5.207619525858654, "p2": 13.732917588930588, "p3": 37.783263499425225, "p4": 29.839024414600424, "pol1": -0.8200197249591479, "pol2": 0.3671459193939961, "pol3": 0.7920217731221166, "pol4": 0.5933678650452292, "v0s": 4.983886372983321}, "datetime": {"datetime": "2022-06-24 07:23:40", "elapsed": 11339.228769, "delta": 16.590264}}
{"target": -1.0, "params": {"Bgrad": 0.8230318649485233, "d1": -1.8084257464164577, "d2": -0.7474770452988411, "d3": -0.4721381546272134, "d4": -2.235723916023011, "p1": 9.502803426096062, "p2": 38.13699447532781, "p3": 34.69045967343902, "p4": 35.882113043041485, "pol1": -0.5185203951647435, "pol2": 0.9911911974810275, "pol3": 0.7171324653129434, "pol4": 0.24796602127013578, "v0s": 2.6344153511868154}, "datetime": {"datetime": "2022-06-24 07:23:47", "elapsed": 11346.309781, "delta": 7.081012}}
{"target": 2.2660158424701278, "params": {"Bgrad": 0.5636662043875195, "d1": -1.6280085638592534, "d2": 0.8369594413018548, "d3": -2.384895104728522, "d4": -1.7339343322866307, "p1": 28.85341959797855, "p2": 24.90022302556321, "p3": 4.810010125185599, "p4": 43.596964756324766, "pol1": 0.7867767601391615, "pol2": 0.3349226305605546, "pol3": 0.2554322423743416, "pol4": -0.5395535932595246, "v0s": 2.2660158424701278}, "datetime": {"datetime": "2022-06-24 07:23:53", "elapsed": 11352.738684, "delta": 6.428903}}
{"target": -1.0, "params": {"Bgrad": 0.7625959271297343, "d1": -2.0580236328996167, "d2": -1.634393221268966, "d3": 0.7569386619621872, "d4": -1.0270883658711432, "p1": 0.4392267296884189, "p2": 11.128207175938904, "p3": 36.16401348587453, "p4": 28.81520218648912, "pol1": -0.09479139101944689, "pol2": -0.713881509413935, "pol3": -0.3245904971115685, "pol4": 0.18531632448959012, "v0s": 2.5659103638739773}, "datetime": {"datetime": "2022-06-24 07:24:06", "elapsed": 11365.130829, "delta": 12.392145}}
{"target": 3.8270548585613797, "params": {"Bgrad": 1.363208011590389, "d1": -2.0456207537444593, "d2": -0.003560292709710596, "d3": -0.3574621612769428, "d4": -0.7668689157178202, "p1": 7.920525582967906, "p2": 35.955211774428136, "p3": 35.55851726566774, "p4": 35.65780181645727, "pol1": -0.10437715270010647, "pol2": 0.5038437377380559, "pol3": 0.180616340575014, "pol4": -0.6337860490538448, "v0s": 3.8270548585613797}, "datetime": {"datetime": "2022-06-24 07:24:13", "elapsed": 11372.853297, "delta": 7.722468}}
{"target": 4.014163711492666, "params": {"Bgrad": 0.9718284210964797, "d1": -1.204584317602535, "d2": 0.056629004128662265, "d3": -1.332813211226929, "d4": -2.5108782826207743, "p1": 10.279281525628065, "p2": 15.655585378701518, "p3": 7.1232900035538025, "p4": 30.25469597067046, "pol1": -0.011218734516947756, "pol2": -0.21007279060379894, "pol3": -0.21641118484109517, "pol4": 0.44619007533842553, "v0s": 4.014163711492666}, "datetime": {"datetime": "2022-06-24 07:24:21", "elapsed": 11380.72391, "delta": 7.870613}}
{"target": 3.525770279744402, "params": {"Bgrad": 1.5049791339547993, "d1": -2.6358371837579893, "d2": -1.0215143218805718, "d3": -2.4436666430160754, "d4": -1.6666073225022413, "p1": 6.1010486877557, "p2": 11.575580419555065, "p3": 36.6830899227454, "p4": 32.812084760422856, "pol1": -0.2216734120292203, "pol2": 0.5825476258514384, "pol3": 0.6658208497376861, "pol4": 0.4238260173385082, "v0s": 3.525770279744402}, "datetime": {"datetime": "2022-06-24 07:24:29", "elapsed": 11388.617475, "delta": 7.893565}}
{"target": 4.298606152457732, "params": {"Bgrad": 0.638593667572968, "d1": -2.692268976652701, "d2": 0.5444110092405938, "d3": -2.246201154479305, "d4": -0.6438198658250482, "p1": 2.4482950730458253, "p2": 11.405220404240563, "p3": 31.516133280199497, "p4": 27.051416626661666, "pol1": 0.8282921328331334, "pol2": -0.9743419309809951, "pol3": -0.0738055417822574, "pol4": 0.3945742703525035, "v0s": 4.298606152457732}, "datetime": {"datetime": "2022-06-24 07:24:34", "elapsed": 11393.474058, "delta": 4.856583}}
{"target": 4.854928352381223, "params": {"Bgrad": 1.7097549523582494, "d1": -1.8571962244482938, "d2": 0.732528776555859, "d3": -1.1830135226203273, "d4": -1.6425252166264692, "p1": 6.299559105261343, "p2": 9.961828124744937, "p3": 32.994153187864335, "p4": 32.86756428617905, "pol1": 0.2469477946484031, "pol2": -0.7206954702161434, "pol3": 0.4184782739212898, "pol4": 0.9422631746199464, "v0s": 4.854928352381223}, "datetime": {"datetime": "2022-06-24 07:24:43", "elapsed": 11402.149003, "delta": 8.674945}}
{"target": -1.0, "params": {"Bgrad": 1.2136213071325126, "d1": -1.4031756164040576, "d2": 0.41124543311523354, "d3": -2.5348416704004686, "d4": -2.0869573117070708, "p1": 8.494206180407105, "p2": 10.991192831539088, "p3": 39.33990312435947, "p4": 30.725127138384483, "pol1": -0.282308967194826, "pol2": 0.34041850398903173, "pol3": 0.13937402035328428, "pol4": 0.27767475168441336, "v0s": 6.1846534951343015}, "datetime": {"datetime": "2022-06-24 07:24:55", "elapsed": 11414.485747, "delta": 12.336744}}
{"target": -1.0, "params": {"Bgrad": 0.7282644090048183, "d1": -0.7690110783155415, "d2": 0.014846718359095235, "d3": -0.5195720305776144, "d4": -1.9436125483695559, "p1": 42.99952552497807, "p2": 20.20085197842564, "p3": 25.58781425464628, "p4": 11.243301152594743, "pol1": -0.5169575033536615, "pol2": -0.7124022260365908, "pol3": -0.8092132780935344, "pol4": 0.1173986326819565, "v0s": 4.9548723433625135}, "datetime": {"datetime": "2022-06-24 07:25:03", "elapsed": 11422.586264, "delta": 8.100517}}
{"target": -1.0, "params": {"Bgrad": 0.7130470815387333, "d1": -1.4157617214818696, "d2": 0.8502128226769505, "d3": 0.5057264610917778, "d4": -2.2375182205205286, "p1": 4.373931377771023, "p2": 13.604407116532762, "p3": 32.69216190357251, "p4": 30.992685767371807, "pol1": 0.5890189451181311, "pol2": -0.5902087539612639, "pol3": -0.32270811438313296, "pol4": 0.1937373999644869, "v0s": 3.8438991506930735}, "datetime": {"datetime": "2022-06-24 07:25:14", "elapsed": 11434.037876, "delta": 11.451612}}
{"target": -1.0, "params": {"Bgrad": 1.132225647459242, "d1": -2.1098920265631875, "d2": -0.07364130587449491, "d3": 0.8905718061449903, "d4": -0.5979597446208009, "p1": 4.729528996352222, "p2": 11.570466630788378, "p3": 37.63736233712462, "p4": 29.413051142144198, "pol1": -0.28580360221712287, "pol2": -0.9666445800552377, "pol3": -0.24607208873164588, "pol4": -0.7048796562795554, "v0s": 6.387064766012067}, "datetime": {"datetime": "2022-06-24 07:25:27", "elapsed": 11446.701842, "delta": 12.663966}}
{"target": 4.245376140980215, "params": {"Bgrad": 1.4927320409552536, "d1": -1.6919549523331976, "d2": 0.10678524806067564, "d3": -2.046208580877164, "d4": -2.1900959149824755, "p1": 5.697797433898302, "p2": 9.729601852136074, "p3": 35.081969079360306, "p4": 32.079820755084036, "pol1": -0.16578870057489042, "pol2": 0.46815049618294474, "pol3": 0.0068189379525336515, "pol4": 0.09044375886989506, "v0s": 4.245376140980215}, "datetime": {"datetime": "2022-06-24 07:25:37", "elapsed": 11456.864872, "delta": 10.16303}}
{"target": 3.9893615445927213, "params": {"Bgrad": 1.1366631263483238, "d1": -1.5792009284681925, "d2": 0.42299706599843384, "d3": -2.155296198347491, "d4": -2.029369826815132, "p1": 6.386635052973676, "p2": 9.067505628726614, "p3": 35.75825759093341, "p4": 31.107702321571946, "pol1": 0.2383951822098919, "pol2": 0.3022236918398207, "pol3": 0.10622469356255056, "pol4": 0.43902465629687476, "v0s": 3.9893615445927213}, "datetime": {"datetime": "2022-06-24 07:25:46", "elapsed": 11465.218689, "delta": 8.353817}}
{"target": 4.728160406220329, "params": {"Bgrad": 1.7197146702887545, "d1": -2.069567618259756, "d2": -1.3255096444461998, "d3": -2.9366978287161936, "d4": -0.07771991942563794, "p1": 3.8584447458268945, "p2": 12.734943714036866, "p3": 35.630965612828255, "p4": 33.078916758087274, "pol1": 0.12651844830693615, "pol2": -0.7322695778267809, "pol3": -0.1435933355697847, "pol4": 0.19165026643388283, "v0s": 4.728160406220329}, "datetime": {"datetime": "2022-06-24 07:25:55", "elapsed": 11474.906489, "delta": 9.6878}}
{"target": -1.0, "params": {"Bgrad": 1.5403780927853756, "d1": 0.02833374526572552, "d2": -1.1723821900680456, "d3": -1.2699565803195094, "d4": -2.331090064020534, "p1": 3.774984439471052, "p2": 31.816347952946245, "p3": 17.759625772782183, "p4": 11.185057874303528, "pol1": 0.8809319755512381, "pol2": -0.10105970849153234, "pol3": 0.40942593660461535, "pol4": -0.007317177761617, "v0s": 3.0279876738543052}, "datetime": {"datetime": "2022-06-24 07:26:07", "elapsed": 11486.917175, "delta": 12.010686}}
{"target": -1.0, "params": {"Bgrad": 1.1819739082317204, "d1": -1.1740312317539625, "d2": 0.43387668883586583, "d3": 0.012934986768482482, "d4": -1.2965600886910664, "p1": 4.240221021652224, "p2": 11.10188374449455, "p3": 41.82570730866306, "p4": 28.61762393416684, "pol1": 0.24603363957103452, "pol2": 0.17027134987808368, "pol3": -0.842548114332486, "pol4": 0.41128410813761795, "v0s": 3.7090225842568776}, "datetime": {"datetime": "2022-06-24 07:26:21", "elapsed": 11500.217863, "delta": 13.300688}}
{"target": -1.0, "params": {"Bgrad": 0.5136400821195355, "d1": -1.193190364247144, "d2": -0.05755504301169578, "d3": -1.6177825528340706, "d4": 0.18222176870177753, "p1": 4.436492420812366, "p2": 10.917751305629253, "p3": 37.22598794816043, "p4": 27.732439616329025, "pol1": 0.5383122505544806, "pol2": -0.34632250210878346, "pol3": 0.49938396905607685, "pol4": -0.7474732308689078, "v0s": 5.709622938578002}, "datetime": {"datetime": "2022-06-24 07:26:32", "elapsed": 11511.595155, "delta": 11.377292}}
{"target": -1.0, "params": {"Bgrad": 1.000042297238688, "d1": -2.872420516491597, "d2": 0.8267171233975938, "d3": -0.7606734264612283, "d4": -2.838234107526931, "p1": 3.7695890993561187, "p2": 10.137768176816786, "p3": 36.1782404713563, "p4": 30.728613558063866, "pol1": 0.8376494753654551, "pol2": 0.23300037355612702, "pol3": 0.5568235705130644, "pol4": -0.607100926578038, "v0s": 5.699770329168985}, "datetime": {"datetime": "2022-06-24 07:26:43", "elapsed": 11522.203996, "delta": 10.608841}}
{"target": -1.0, "params": {"Bgrad": 1.0272784379211766, "d1": 0.7544637231477959, "d2": -0.07646177121691382, "d3": -0.650798338484541, "d4": -1.6187664335781247, "p1": 21.199586251728732, "p2": 7.326381212956681, "p3": 45.57972819864538, "p4": 38.13950092404082, "pol1": -0.2899951090848893, "pol2": -0.46228221317435436, "pol3": -0.160270716165139, "pol4": -0.235194552513147, "v0s": 2.926645376107183}, "datetime": {"datetime": "2022-06-24 07:26:56", "elapsed": 11536.005373, "delta": 13.801377}}
{"target": -1.0, "params": {"Bgrad": 1.8482808208770745, "d1": 0.9617286132000973, "d2": 0.3035085131585715, "d3": -1.0414376768100495, "d4": -0.9702387902019023, "p1": 4.738148693098754, "p2": 13.575774304059557, "p3": 35.47134024622336, "p4": 30.700818042976287, "pol1": 0.08532104024115394, "pol2": 0.9404497342640765, "pol3": -0.14402670844303, "pol4": -0.9337671240004564, "v0s": 3.9724954499651055}, "datetime": {"datetime": "2022-06-24 07:27:14", "elapsed": 11553.518335, "delta": 17.512962}}
{"target": 2.0844081207821965, "params": {"Bgrad": 1.3712752863187632, "d1": -2.72415706393846, "d2": -2.4003880605827455, "d3": -2.1824017661009187, "d4": -2.976497217058378, "p1": 44.37473022846854, "p2": 15.597884548697378, "p3": 26.040481287190353, "p4": 12.036105123725338, "pol1": 0.751464690975798, "pol2": 0.7157690169855497, "pol3": -0.20324917787899022, "pol4": 0.8002805156162234, "v0s": 2.0844081207821965}, "datetime": {"datetime": "2022-06-24 07:27:24", "elapsed": 11563.14079, "delta": 9.622455}}
{"target": 2.7959050647451633, "params": {"Bgrad": 1.6629201206882638, "d1": -2.811355173469137, "d2": -0.8936126986540822, "d3": -0.547391149286264, "d4": 0.26347407861739036, "p1": 2.220292410398017, "p2": 11.3642777644108, "p3": 36.93068378610324, "p4": 32.554389968384235, "pol1": 0.7086854770764928, "pol2": -0.9606583196895655, "pol3": -0.4627528814455295, "pol4": 0.8120566022407611, "v0s": 2.7959050647451633}, "datetime": {"datetime": "2022-06-24 07:27:31", "elapsed": 11570.944589, "delta": 7.803799}}
{"target": -1.0, "params": {"Bgrad": 1.4575561805395982, "d1": -2.714651721180846, "d2": 0.6720151026543868, "d3": -1.9012552416329558, "d4": -1.1507764033650862, "p1": 4.997912938276023, "p2": 10.264677470001132, "p3": 34.0975433575879, "p4": 31.96726296129434, "pol1": 0.2239644270272858, "pol2": 0.09094116654713003, "pol3": -0.3984665554720257, "pol4": -0.9589661602651454, "v0s": 5.703665096638077}, "datetime": {"datetime": "2022-06-24 07:27:47", "elapsed": 11586.533674, "delta": 15.589085}}
{"target": 3.6633097531383774, "params": {"Bgrad": 1.321709367084039, "d1": -2.289616331360985, "d2": 0.3263647417685611, "d3": -1.4662748721236976, "d4": -1.0803871506835798, "p1": 6.670025454375628, "p2": 9.645911112819789, "p3": 35.141831807097496, "p4": 29.603732222036527, "pol1": -0.977524019724755, "pol2": -0.91196648327175, "pol3": -0.7339271589475376, "pol4": -0.8438931958723317, "v0s": 3.6633097531383774}, "datetime": {"datetime": "2022-06-24 07:27:56", "elapsed": 11595.93677, "delta": 9.403096}}
{"target": -1.0, "params": {"Bgrad": 1.7992716043001467, "d1": -2.6991081478338836, "d2": 0.35953419732876757, "d3": -0.9226379853597213, "d4": -1.7037994033931136, "p1": 44.45108648652996, "p2": 19.66050697947094, "p3": 27.59535154608828, "p4": 13.487996008180414, "pol1": -0.8235019011183986, "pol2": -0.5936371739999928, "pol3": -0.996053464346977, "pol4": -0.3775751086965369, "v0s": 2.6488652154164782}, "datetime": {"datetime": "2022-06-24 07:28:03", "elapsed": 11602.26348, "delta": 6.32671}}
{"target": 3.9518163236309323, "params": {"Bgrad": 1.3297420893569263, "d1": -1.897407310351832, "d2": 0.2726084162929531, "d3": -1.5797637648990122, "d4": -1.243716078271658, "p1": 4.3667696959694435, "p2": 11.321978184711531, "p3": 35.06252142036248, "p4": 26.671390931183662, "pol1": 0.37952661607167854, "pol2": -0.4601601308654102, "pol3": 0.2705155487028906, "pol4": 0.09363803271124096, "v0s": 3.9518163236309323}, "datetime": {"datetime": "2022-06-24 07:28:11", "elapsed": 11610.642266, "delta": 8.378786}}
{"target": 3.3658122266754193, "params": {"Bgrad": 0.7074632586751838, "d1": -1.5642902287219016, "d2": -0.34796781947363403, "d3": -2.666430187917201, "d4": -2.9345748961268483, "p1": 6.291246230948913, "p2": 23.831111210207755, "p3": 0.532332537717262, "p4": 30.914251284661212, "pol1": -0.8187226417435771, "pol2": -0.9096099722591334, "pol3": -0.1013021601862826, "pol4": -0.7794051968816809, "v0s": 3.3658122266754193}, "datetime": {"datetime": "2022-06-24 07:28:18", "elapsed": 11617.430202, "delta": 6.787936}}
{"target": 4.088879520642604, "params": {"Bgrad": 0.5319672527542698, "d1": -2.838992746596319, "d2": -2.980979218013736, "d3": -2.793399095732939, "d4": -1.68684931355379, "p1": 5.680621984860275, "p2": 1.4433551243123008, "p3": 37.92885780273379, "p4": 19.688944031262224, "pol1": 0.17945325867073486, "pol2": 0.1046210388874666, "pol3": 0.2121441937997508, "pol4": 0.08365172168275967, "v0s": 4.088879520642604}, "datetime": {"datetime": "2022-06-24 07:28:23", "elapsed": 11623.000464, "delta": 5.570262}}
