{"target": -1.0, "params": {"Bgrad": 0.7683016265342304, "d1": -1.723252964335321, "d2": -0.8014017744630229, "d3": -1.55187932001644, "d4": -1.7438789862767186, "p1": 41.50767556381798, "p2": 10.02994395306302, "p3": 4.7454215038299825, "p4": 23.56444979789926, "pol1": 0.7733806130194008, "pol2": -0.05957057181066139, "pol3": 0.9645775739188942, "pol4": -0.5339652052211652, "v0s": 7.462976826023903}, "datetime": {"datetime": "2022-06-15 23:55:26", "elapsed": 251573.954523, "delta": 10.257583}}
{"target": -1.0, "params": {"Bgrad": 0.846476556553873, "d1": -0.7466372649709787, "d2": -2.495280680332832, "d3": 0.7918748776402, "d4": 0.3452934557855154, "p1": 2.9301253370943914, "p2": 42.621653400697376, "p3": 22.51205055430291, "p4": 7.398781158405521, "pol1": 0.43314937867473335, "pol2": -0.61920576318212, "pol3": -0.5224460990707342, "pol4": -0.26776375038221256, "v0s": 7.168092813251958}, "datetime": {"datetime": "2022-06-15 23:55:41", "elapsed": 251588.791865, "delta": 14.837342}}
{"target": -1.0, "params": {"Bgrad": 0.9974345637851889, "d1": -0.06780619617946426, "d2": 0.5356602531846284, "d3": -1.8037917093146052, "d4": -1.963402483521071, "p1": 10.91446092160372, "p2": 35.380503817472324, "p3": 0.21069326957391943, "p4": 5.135099148980071, "pol1": 0.9232090501659753, "pol2": -0.8266618704613544, "pol3": 0.3113153717159234, "pol4": 0.26126835413681193, "v0s": 4.769098833682209}, "datetime": {"datetime": "2022-06-15 23:55:59", "elapsed": 251606.154458, "delta": 17.362593}}
{"target": -1.0, "params": {"Bgrad": 1.523584226881784, "d1": -1.4632557679085072, "d2": -1.7952265915342438, "d3": -1.0142554558640766, "d4": -0.7088433087968959, "p1": 3.1924505018079308, "p2": 39.48730539303606, "p3": 20.447826565715204, "p4": 14.849401369908943, "pol1": 0.5557204781653984, "pol2": 0.16293637937557448, "pol3": 0.9118091020359094, "pol4": -0.3106063891235662, "v0s": 3.3116596654175625}, "datetime": {"datetime": "2022-06-15 23:56:18", "elapsed": 251625.588514, "delta": 19.434056}}
{"target": -1.0, "params": {"Bgrad": 1.406920063848794, "d1": -0.9288014571106284, "d2": -0.07801108415819868, "d3": -0.8337178953958988, "d4": -1.359384587543901, "p1": 37.4534809901864, "p2": 42.53965357220563, "p3": 37.73204308542258, "p4": 49.84249991256165, "pol1": -0.4065779944098613, "pol2": 0.2610857016285273, "pol3": -0.4151485092068732, "pol4": -0.8178216480259377, "v0s": 2.375679473219976}, "datetime": {"datetime": "2022-06-15 23:56:25", "elapsed": 251632.864068, "delta": 7.275554}}
{"target": -1.0, "params": {"Bgrad": 1.980165098006421, "d1": 0.10571830967156393, "d2": 0.18304125074740663, "d3": -2.282423377252569, "d4": -0.808740517982018, "p1": 38.11588682528985, "p2": 27.406415395527834, "p3": 23.72915251982215, "p4": 32.06393910340422, "pol1": -0.03640290152344172, "pol2": 0.5484793424825123, "pol3": 0.8483343615487982, "pol4": 0.29008750370690994, "v0s": 4.132857501786674}, "datetime": {"datetime": "2022-06-15 23:56:42", "elapsed": 251650.010239, "delta": 17.146171}}
{"target": -1.0, "params": {"Bgrad": 1.2288304984110314, "d1": -1.831029986381501, "d2": -0.5317282168207593, "d3": -1.7174118842612014, "d4": -1.9064123826137513, "p1": 49.79812626412164, "p2": 44.6638385557396, "p3": 36.75708158444789, "p4": 8.133122343321569, "pol1": 0.6709699982360906, "pol2": 0.06823330417077167, "pol3": -0.10002637949056181, "pol4": 0.9284527130364508, "v0s": 5.078664391953486}, "datetime": {"datetime": "2022-06-15 23:57:04", "elapsed": 251671.723204, "delta": 21.712965}}
{"target": -1.0, "params": {"Bgrad": 1.3612188839686623, "d1": -2.9725338372102974, "d2": -1.3839592828317056, "d3": -2.9965513815488585, "d4": -2.306336480534039, "p1": 46.870685762907605, "p2": 30.87168030010433, "p3": 36.384338741969216, "p4": 11.586524029075424, "pol1": -0.7412916210384195, "pol2": 0.4534723471740336, "pol3": 0.46216147793142603, "pol4": -0.2072650672012024, "v0s": 5.757487465511353}, "datetime": {"datetime": "2022-06-15 23:57:21", "elapsed": 251688.462463, "delta": 16.739259}}
{"target": -1.0, "params": {"Bgrad": 1.7880390002025466, "d1": 0.8927856626838073, "d2": 0.5051856167867119, "d3": -1.1893429806042746, "d4": -2.7343169785887618, "p1": 38.35654921510144, "p2": 19.92756845538094, "p3": 20.95268923898348, "p4": 46.948300254914585, "pol1": 0.8405688459455012, "pol2": 0.059991894023027736, "pol3": -0.46552002537210213, "pol4": 0.4454302288060965, "v0s": 4.386560970099246}, "datetime": {"datetime": "2022-06-15 23:57:42", "elapsed": 251709.973966, "delta": 21.511503}}
{"target": -1.0, "params": {"Bgrad": 1.914022416458974, "d1": -1.5753808530926858, "d2": 0.5951445404671722, "d3": -1.1417084024919157, "d4": -1.8830810816470933, "p1": 21.209928489329645, "p2": 16.259632347972435, "p3": 12.897080677814182, "p4": 8.977859396180088, "pol1": -0.21049504167758393, "pol2": -0.1402753754208519, "pol3": -0.9811154183065354, "pol4": -0.9336805798368899, "v0s": 7.537348871927264}, "datetime": {"datetime": "2022-06-15 23:57:59", "elapsed": 251726.769076, "delta": 16.79511}}
{"target": -1.0, "params": {"Bgrad": 1.3069694243284529, "d1": -0.12929599380592904, "d2": -0.7361062241173202, "d3": 0.8442316873418423, "d4": -0.01027008943267571, "p1": 14.309232355490003, "p2": 21.741909436789175, "p3": 14.380114617089019, "p4": 38.964291261333244, "pol1": 0.2601672033143545, "pol2": -0.8288386527255676, "pol3": -0.6439808951847359, "pol4": 0.2670936327357598, "v0s": 3.760218739540413}, "datetime": {"datetime": "2022-06-15 23:58:16", "elapsed": 251743.32283, "delta": 16.553754}}
{"target": -1.0, "params": {"Bgrad": 0.8979309467280787, "d1": -0.18353318730899693, "d2": -2.616124927640793, "d3": 0.17999780412979183, "d4": -0.5373763305749848, "p1": 26.24024509467347, "p2": 16.697896998388284, "p3": 28.199368471139458, "p4": 21.83196018297005, "pol1": -0.7871299119455557, "pol2": 0.8343232255156587, "pol3": 0.6131522802873708, "pol4": -0.44303721197940393, "v0s": 4.950018248282431}, "datetime": {"datetime": "2022-06-15 23:58:32", "elapsed": 251759.313091, "delta": 15.990261}}
{"target": -1.0, "params": {"Bgrad": 0.743863834266276, "d1": -2.7579514180129, "d2": -2.270538604907338, "d3": 0.47242486475312884, "d4": 0.35115426383822923, "p1": 32.216418154533635, "p2": 44.951057417254994, "p3": 10.99659988904747, "p4": 46.838697508848206, "pol1": -0.022345475407284487, "pol2": 0.3262969561492992, "pol3": 0.6027714720381709, "pol4": -0.9425423033858504, "v0s": 3.369666694732895}, "datetime": {"datetime": "2022-06-15 23:58:43", "elapsed": 251770.78842, "delta": 11.475329}}
{"target": -1.0, "params": {"Bgrad": 1.678932872246077, "d1": -1.395658336708459, "d2": -1.29887222097538, "d3": 0.8049526698336016, "d4": -2.4965118767415766, "p1": 1.0889380406204074, "p2": 20.291075097995016, "p3": 29.185834576086883, "p4": 2.016401197985074, "pol1": 0.22778647390223616, "pol2": 0.9902654564728346, "pol3": 0.5341345588945969, "pol4": 0.9165472270672854, "v0s": 5.197966129016025}, "datetime": {"datetime": "2022-06-15 23:59:04", "elapsed": 251791.750392, "delta": 20.961972}}
{"target": -1.0, "params": {"Bgrad": 1.2797551615500515, "d1": -1.301362669096358, "d2": -2.2700116172794496, "d3": -1.5834563062118137, "d4": 0.827496367187921, "p1": 30.624588646780687, "p2": 19.76279353218689, "p3": 48.70051201234907, "p4": 37.382910524598174, "pol1": 0.5886971488967256, "pol2": -0.076906589235608, "pol3": 0.540242035477192, "pol4": -0.06565080036969029, "v0s": 2.3711254579494394}, "datetime": {"datetime": "2022-06-15 23:59:15", "elapsed": 251802.581442, "delta": 10.83105}}
{"target": -1.0, "params": {"Bgrad": 1.89270688096836, "d1": -1.9400520713769684, "d2": -0.031162950455772, "d3": 0.29868666319382564, "d4": -2.5113714160070555, "p1": 9.156662857360276, "p2": 32.37848504866903, "p3": 41.22291088277232, "p4": 36.98061583336276, "pol1": 0.12137469368964715, "pol2": -0.4679021071764724, "pol3": 0.15828006421587104, "pol4": 0.48368801248125304, "v0s": 3.5928066456824728}, "datetime": {"datetime": "2022-06-16 00:00:43", "elapsed": 251890.845527, "delta": 88.264085}}
{"target": 2.8122148971191407, "params": {"Bgrad": 0.9440268871528465, "d1": -2.968950920267654, "d2": -2.0288648522134, "d3": -2.032016561572813, "d4": -2.105462557408474, "p1": 14.678425127776062, "p2": 29.61305109581282, "p3": 30.611477189805637, "p4": 27.910051563031296, "pol1": -0.2777170908044664, "pol2": 0.3532141138336904, "pol3": 0.2758618269564166, "pol4": 0.02330109419461146, "v0s": 2.8122148971191407}, "datetime": {"datetime": "2022-06-16 00:00:54", "elapsed": 251901.992732, "delta": 11.147205}}
{"target": -1.0, "params": {"Bgrad": 1.806519615589618, "d1": -0.9849252213288087, "d2": -0.9881209540280178, "d3": 0.7352557263798052, "d4": -1.0503145395736562, "p1": 27.7653587285031, "p2": 26.447111759900288, "p3": 48.40728819133766, "p4": 13.6221153337526, "pol1": -0.04475711834156337, "pol2": 0.06275704359881207, "pol3": -0.7293284387419625, "pol4": -0.3784203627535898, "v0s": 2.096416916979866}, "datetime": {"datetime": "2022-06-16 00:01:05", "elapsed": 251912.628305, "delta": 10.635573}}
{"target": -1.0, "params": {"Bgrad": 1.3405966058182452, "d1": -1.4131219594749425, "d2": -2.9526489254473245, "d3": 0.342966304468296, "d4": -1.837212752202495, "p1": 22.52681275135368, "p2": 28.932730012653487, "p3": 5.816399364360541, "p4": 41.891074805085346, "pol1": 0.4544148923889222, "pol2": 0.7695982312233927, "pol3": 0.88454505057708, "pol4": 0.6878821841672786, "v0s": 4.645811368630096}, "datetime": {"datetime": "2022-06-16 00:01:21", "elapsed": 251928.251547, "delta": 15.623242}}
{"target": -1.0, "params": {"Bgrad": 1.1005326397965671, "d1": -2.2051706035713656, "d2": 0.8918846462197436, "d3": -1.216102230456817, "d4": 0.7770405614474596, "p1": 47.90049502278733, "p2": 20.26497618291372, "p3": 9.51578174268185, "p4": 2.771410610996167, "pol1": -0.27025054804296267, "pol2": 0.8822900032257301, "pol3": 0.15474268536875435, "pol4": 0.43065847085544107, "v0s": 4.817086627261672}, "datetime": {"datetime": "2022-06-16 00:01:41", "elapsed": 251948.714852, "delta": 20.463305}}
{"target": 4.099133389480787, "params": {"Bgrad": 0.9341441478756424, "d1": -2.1170551436928484, "d2": 0.8302432272864011, "d3": -1.514554432325022, "d4": -2.256806177214532, "p1": 17.769618213519657, "p2": 7.002793453311179, "p3": 38.13392439299067, "p4": 14.929682587411818, "pol1": -0.40177463012722936, "pol2": -0.04756603294068973, "pol3": -0.3743588145779071, "pol4": -0.410984472981889, "v0s": 4.099133389480787}, "datetime": {"datetime": "2022-06-16 00:01:53", "elapsed": 251960.584128, "delta": 11.869276}}
{"target": -1.0, "params": {"Bgrad": 0.5042033869457271, "d1": -0.7173238154664348, "d2": -2.9642242244592323, "d3": 0.7971805895683834, "d4": 0.5676689605253795, "p1": 40.23589393304602, "p2": 37.389679274083505, "p3": 18.127137366322177, "p4": 26.338347573742016, "pol1": 0.7540338462444525, "pol2": 0.26148728080203076, "pol3": -0.9711500252363434, "pol4": 0.7030109878120754, "v0s": 3.5356407522296722}, "datetime": {"datetime": "2022-06-16 00:02:03", "elapsed": 251970.885594, "delta": 10.301466}}
{"target": -1.0, "params": {"Bgrad": 1.5085672105868662, "d1": 0.6773700117047445, "d2": -0.7762627187346305, "d3": 0.6000003488997412, "d4": -1.877907017978353, "p1": 39.27436379377843, "p2": 7.199321049605912, "p3": 20.286460742800884, "p4": 19.240075787955686, "pol1": -0.8460761693535905, "pol2": -0.48262701983419, "pol3": -0.7687718394770471, "pol4": 0.4697013706089255, "v0s": 4.202480378409569}, "datetime": {"datetime": "2022-06-16 00:02:22", "elapsed": 251989.846913, "delta": 18.961319}}
{"target": 2.7753307862782672, "params": {"Bgrad": 0.8361951158565646, "d1": -2.2873833900646123, "d2": 0.0912596910706922, "d3": 0.2810585528777616, "d4": -0.2691390010078494, "p1": 44.043599312934425, "p2": 14.893047290290346, "p3": 1.2568432464614698, "p4": 34.75734013488192, "pol1": 0.8433977892545139, "pol2": 0.9217991605954712, "pol3": 0.6896649668200137, "pol4": 0.9465531552967446, "v0s": 2.7753307862782672}, "datetime": {"datetime": "2022-06-16 00:02:29", "elapsed": 251996.75844, "delta": 6.911527}}
{"target": -1.0, "params": {"Bgrad": 0.855102511453486, "d1": -2.323314300066454, "d2": 0.09610148794984141, "d3": 0.5785319896464833, "d4": -2.9098786656142086, "p1": 10.738244654167673, "p2": 8.31133257726228, "p3": 38.08913099772093, "p4": 11.72495564799113, "pol1": 0.1386535347952067, "pol2": 0.9732360610405031, "pol3": 0.6125678494585138, "pol4": -0.36155926497494306, "v0s": 2.632722560160495}, "datetime": {"datetime": "2022-06-16 00:02:52", "elapsed": 252019.141616, "delta": 22.383176}}
{"target": -1.0, "params": {"Bgrad": 1.88279069928027, "d1": -1.764835965743409, "d2": -1.1289406972220162, "d3": -1.463790154430689, "d4": -0.220522562611563, "p1": 6.298444226222916, "p2": 29.35529825674334, "p3": 15.712469055136552, "p4": 31.91415810377835, "pol1": -0.34066121387611226, "pol2": -0.27617799810212973, "pol3": -0.4249372493757335, "pol4": 0.011177741606248182, "v0s": 5.907314369603207}, "datetime": {"datetime": "2022-06-16 00:03:10", "elapsed": 252037.243231, "delta": 18.101615}}
{"target": -1.0, "params": {"Bgrad": 0.6356691507481262, "d1": -1.7816860592488113, "d2": 0.8493454191859926, "d3": 0.9513846805551927, "d4": 0.8104696567602652, "p1": 13.016960151435425, "p2": 44.385085308212105, "p3": 9.866425951037805, "p4": 33.04536540338655, "pol1": 0.0015315921199299254, "pol2": -0.925510113732321, "pol3": -0.4372868216038315, "pol4": 0.27018495222533745, "v0s": 2.9965305784328535}, "datetime": {"datetime": "2022-06-16 00:03:21", "elapsed": 252048.532058, "delta": 11.288827}}
{"target": -1.0, "params": {"Bgrad": 1.5255380750700276, "d1": -0.8311646395802139, "d2": -0.5345655526604327, "d3": -1.7450613433345517, "d4": -0.575717188031744, "p1": 43.74815828374905, "p2": 21.30633536987492, "p3": 27.701882009109763, "p4": 30.192717527728856, "pol1": -0.9640620443583849, "pol2": -0.9258925370305306, "pol3": 0.36469805520759246, "pol4": -0.14520125919542726, "v0s": 4.323626185783889}, "datetime": {"datetime": "2022-06-16 00:03:45", "elapsed": 252072.498998, "delta": 23.96694}}
{"target": -1.0, "params": {"Bgrad": 1.580278970941969, "d1": -1.573890515605219, "d2": 0.23356943893236037, "d3": -1.2194230780883983, "d4": 0.12803268523476508, "p1": 4.87636065184553, "p2": 15.919604371686718, "p3": 41.74304118735024, "p4": 18.39731630477838, "pol1": 0.24298652422724176, "pol2": -0.5830408456836997, "pol3": 0.08713128417495164, "pol4": -0.718264897014516, "v0s": 3.2941823747221806}, "datetime": {"datetime": "2022-06-16 00:04:01", "elapsed": 252088.205019, "delta": 15.706021}}
{"target": -1.0, "params": {"Bgrad": 1.753261839135725, "d1": -0.5319744200449152, "d2": -1.2090391527937316, "d3": -2.5679048048953836, "d4": 0.8624695015652741, "p1": 43.29174161656651, "p2": 22.830470459924644, "p3": 41.28135428391854, "p4": 8.146264219455752, "pol1": -0.6719694209599216, "pol2": 0.2896946034244121, "pol3": 0.4969916625906414, "pol4": -0.7654848000422934, "v0s": 7.686359527648317}, "datetime": {"datetime": "2022-06-16 00:04:18", "elapsed": 252106.000455, "delta": 17.795436}}
{"target": 3.01572961190831, "params": {"Bgrad": 1.7747835668786203, "d1": -1.2027179903575353, "d2": 0.09201914759572594, "d3": -1.0841230791218228, "d4": 0.07998343776835748, "p1": 23.349895035865913, "p2": 28.93631572925756, "p3": 24.847304402920635, "p4": 4.492141664160054, "pol1": -0.07007441510819401, "pol2": 0.38559271688296937, "pol3": -0.7641712589586647, "pol4": -0.8986686655173617, "v0s": 3.01572961190831}, "datetime": {"datetime": "2022-06-16 00:04:31", "elapsed": 252118.107096, "delta": 12.106641}}
{"target": 3.28416387274944, "params": {"Bgrad": 1.602388575868685, "d1": -2.5966324114501496, "d2": -1.778164509727755, "d3": -1.984463209219737, "d4": 0.29797502905624995, "p1": 22.897156893221048, "p2": 36.69990079555441, "p3": 10.401194360031846, "p4": 2.6105976525237216, "pol1": 0.6465153536259531, "pol2": 0.7057150711470026, "pol3": -0.9160249620933041, "pol4": 0.16623733247456562, "v0s": 3.28416387274944}, "datetime": {"datetime": "2022-06-16 00:04:45", "elapsed": 252132.091718, "delta": 13.984622}}
{"target": -1.0, "params": {"Bgrad": 1.7204783179689798, "d1": 0.49137489048228655, "d2": 0.9703337284644324, "d3": -2.642083641634501, "d4": -1.7211133630178117, "p1": 2.794640073771937, "p2": 10.102818664314933, "p3": 21.452730444212314, "p4": 17.644397261983574, "pol1": 0.41970017756231814, "pol2": -0.554580450553589, "pol3": 0.8308227327257154, "pol4": 0.8331960365389108, "v0s": 5.031770204978455}, "datetime": {"datetime": "2022-06-16 00:05:09", "elapsed": 252156.762775, "delta": 24.671057}}
{"target": -1.0, "params": {"Bgrad": 1.0642079448486825, "d1": 0.35672211904346085, "d2": -2.2088893166193957, "d3": -2.0409688426631463, "d4": -1.996616160150909, "p1": 11.175996120283921, "p2": 18.695255249727744, "p3": 37.842556667704706, "p4": 32.46106788309999, "pol1": -0.235508098860701, "pol2": 0.6366862102032063, "pol3": 0.8941884822844977, "pol4": 0.13978219883924448, "v0s": 4.265995393941257}, "datetime": {"datetime": "2022-06-16 00:05:30", "elapsed": 252177.871356, "delta": 21.108581}}
{"target": -1.0, "params": {"Bgrad": 0.7256630528199752, "d1": -1.5497094717399982, "d2": 0.47371088265820127, "d3": -2.7427035312119865, "d4": 0.4410704191237196, "p1": 38.57965057158578, "p2": 48.976101634927126, "p3": 48.340172782803506, "p4": 16.075983204631306, "pol1": 0.09833770633544803, "pol2": 0.1196783891987494, "pol3": 0.24969276406340812, "pol4": -0.4308896674790885, "v0s": 6.143820227753599}, "datetime": {"datetime": "2022-06-16 00:05:44", "elapsed": 252191.313427, "delta": 13.442071}}
{"target": -1.0, "params": {"Bgrad": 0.8659045066324527, "d1": 0.15481673781328542, "d2": -2.6765392170246716, "d3": -2.4764774209899936, "d4": -1.8988604180492876, "p1": 21.81336663896459, "p2": 1.7039763568690025, "p3": 24.723014734342286, "p4": 25.162464060349915, "pol1": 0.4774318699022946, "pol2": 0.8636986390696302, "pol3": -0.09625696259745409, "pol4": -0.847765659940755, "v0s": 4.245490695197267}, "datetime": {"datetime": "2022-06-16 00:06:03", "elapsed": 252210.966897, "delta": 19.65347}}
{"target": -1.0, "params": {"Bgrad": 0.8210481730886084, "d1": 0.2056757424006288, "d2": -1.6541422023313053, "d3": -0.19889354722379293, "d4": -0.5654105345672695, "p1": 35.1448329849921, "p2": 4.28461285169951, "p3": 12.514754594856614, "p4": 6.274630970307621, "pol1": 0.20786963790585267, "pol2": -0.5706428443938965, "pol3": 0.9450466481247253, "pol4": 0.5886733898540351, "v0s": 3.368062909338136}, "datetime": {"datetime": "2022-06-16 00:06:25", "elapsed": 252232.92421, "delta": 21.957313}}
{"target": -1.0, "params": {"Bgrad": 1.1518804343766706, "d1": -2.65135083701081, "d2": -2.216160599057392, "d3": -1.1345547928637072, "d4": -0.7255632317912966, "p1": 1.603048748948549, "p2": 38.66502581761523, "p3": 49.23633724664396, "p4": 10.099395813581841, "pol1": -0.1430361339533064, "pol2": -0.7701606092564961, "pol3": -0.46898124908195804, "pol4": -0.060062568589213106, "v0s": 7.671289274904147}, "datetime": {"datetime": "2022-06-16 00:06:42", "elapsed": 252249.853958, "delta": 16.929748}}
{"target": -1.0, "params": {"Bgrad": 0.597058486388151, "d1": 0.2550509453271732, "d2": -2.459103957321862, "d3": -2.5206008685462207, "d4": 0.918101427770138, "p1": 14.319153264865658, "p2": 15.532792272987612, "p3": 29.522901032010946, "p4": 11.74150368695004, "pol1": 0.9623799515395728, "pol2": -0.35184653143161215, "pol3": 0.8095934820794044, "pol4": 0.16296945745723335, "v0s": 5.738218710451623}, "datetime": {"datetime": "2022-06-16 00:06:51", "elapsed": 252258.663412, "delta": 8.809454}}
{"target": -1.0, "params": {"Bgrad": 1.7453033920558336, "d1": 0.33299951217307067, "d2": -1.9128908959661044, "d3": -1.3344985644756475, "d4": -2.9984545009782626, "p1": 4.259654699615034, "p2": 22.900688613577746, "p3": 2.3104411738259722, "p4": 35.35640393722807, "pol1": -0.985516115199176, "pol2": 0.8157545611968609, "pol3": -0.9493323352503378, "pol4": -0.795938932965347, "v0s": 3.8637337965345244}, "datetime": {"datetime": "2022-06-16 00:07:15", "elapsed": 252282.159611, "delta": 23.496199}}
{"target": -1.0, "params": {"Bgrad": 0.6589497226923197, "d1": -2.307524524005026, "d2": -0.03542475287283109, "d3": -1.0233218647663653, "d4": 0.4796975367287044, "p1": 43.7792362665129, "p2": 3.0330938177593083, "p3": 13.291283196836956, "p4": 26.306831262500534, "pol1": -0.32466141456683784, "pol2": 0.9149319077583604, "pol3": 0.8822319919860093, "pol4": -0.18807391212784408, "v0s": 6.414061374575765}, "datetime": {"datetime": "2022-06-16 00:07:28", "elapsed": 252295.297495, "delta": 13.137884}}
{"target": -1.0, "params": {"Bgrad": 0.9086230054698685, "d1": 0.7211434931091119, "d2": -1.4210815032811372, "d3": -0.5701130459084673, "d4": -0.6036309671307247, "p1": 27.717302968774977, "p2": 38.93134950718539, "p3": 8.811922355889296, "p4": 16.700315848808696, "pol1": 0.18502074411769942, "pol2": 0.724952715272356, "pol3": 0.5822850960828534, "pol4": 0.3332846812923458, "v0s": 5.000190444152071}, "datetime": {"datetime": "2022-06-16 00:07:46", "elapsed": 252313.607556, "delta": 18.310061}}
{"target": -1.0, "params": {"Bgrad": 0.9236418199360708, "d1": 0.818226783053221, "d2": -0.16784915751822416, "d3": -2.6148617032441193, "d4": 0.49583169032904717, "p1": 7.152657329464068, "p2": 20.85435456636296, "p3": 9.380010125749433, "p4": 39.192868585874436, "pol1": -0.49513853040663847, "pol2": 0.36208356455245627, "pol3": -0.5902222719670407, "pol4": 0.29705040221859735, "v0s": 6.845985085956249}, "datetime": {"datetime": "2022-06-16 00:08:02", "elapsed": 252329.350478, "delta": 15.742922}}
