{"target": -1.0, "params": {"Bgrad": 1.6233344722002732, "d1": -1.4625397884895874, "d2": -0.6428238163599316, "d3": -2.6238422556215544, "d4": -2.0806180350884236, "p1": 5.144799631331576, "p2": 37.1398286294594, "p3": 34.331996079889386, "p4": 34.451671389078484, "pol1": 0.07271281694899612, "pol2": 0.9065453741677858, "pol3": -0.7489467601570925, "pol4": -0.9036983856543996, "v0s": 4.545056445355922}, "datetime": {"datetime": "2022-05-16 21:40:28", "elapsed": 7043.418117, "delta": 14.649816}}
{"target": 3.9938040627832425, "params": {"Bgrad": 1.0719873983282933, "d1": -2.3992260482517467, "d2": 0.09961960313428732, "d3": -2.297047061253648, "d4": -1.6939525206270398, "p1": 27.604066657290282, "p2": 25.861761423837194, "p3": 4.031026173673988, "p4": 44.02182365672762, "pol1": 0.5371613919291397, "pol2": -0.13969979245400335, "pol3": 0.2628843406969268, "pol4": 0.5799657431444567, "v0s": 3.9938040627832425}, "datetime": {"datetime": "2022-05-16 21:40:35", "elapsed": 7051.050703, "delta": 7.632586}}
{"target": -1.0, "params": {"Bgrad": 1.0584564361460074, "d1": -1.9675902112430457, "d2": -0.8383228501758837, "d3": -2.5674569969731165, "d4": -0.9697439835574406, "p1": 25.38076418503687, "p2": 26.11792047514917, "p3": 4.624698284571344, "p4": 45.01100694512602, "pol1": 0.7611423122263701, "pol2": -0.44573302459466446, "pol3": -0.07570734768983578, "pol4": 0.8750333405119584, "v0s": 5.33075412933737}, "datetime": {"datetime": "2022-05-16 21:40:46", "elapsed": 7062.11511, "delta": 11.064407}}
{"target": -1.0, "params": {"Bgrad": 1.9682590584755524, "d1": -1.7130206466380526, "d2": -1.022703554456994, "d3": -2.49313676747106, "d4": -2.543816620121282, "p1": 2.2979362455750882, "p2": 35.18698853514665, "p3": 34.54996958620143, "p4": 35.361542505233466, "pol1": 0.00037069594186478483, "pol2": 0.4933098126047981, "pol3": 0.26380278370217125, "pol4": 0.7236676759227394, "v0s": 4.444197592017898}, "datetime": {"datetime": "2022-05-16 21:40:58", "elapsed": 7074.207767, "delta": 12.092657}}
{"target": 4.49633882486329, "params": {"Bgrad": 1.3069115562573943, "d1": -1.5171114551905334, "d2": 1.0, "d3": -2.3493258890157005, "d4": -2.312936671914069, "p1": 30.02303365325027, "p2": 10.595271418256761, "p3": 37.86086529473609, "p4": 28.10943590034464, "pol1": 1.0, "pol2": -1.0, "pol3": -1.0, "pol4": 0.027083820766727558, "v0s": 4.49633882486329}, "datetime": {"datetime": "2022-05-16 21:41:06", "elapsed": 7081.234971, "delta": 7.027204}}
{"target": 2.766368934776427, "params": {"Bgrad": 1.4191834916216113, "d1": -2.5078624973911032, "d2": 0.9927877442024546, "d3": -1.9818487297614786, "d4": -2.4101089717625843, "p1": 7.9515047273278405, "p2": 35.50012017121743, "p3": 34.2556650682926, "p4": 37.53395334497405, "pol1": -0.17082420806980747, "pol2": 0.6011686974323833, "pol3": 0.4757713202528857, "pol4": 0.6470870823539692, "v0s": 2.766368934776427}, "datetime": {"datetime": "2022-05-16 21:41:11", "elapsed": 7086.994567, "delta": 5.759596}}
{"target": 3.9805921420273616, "params": {"Bgrad": 1.8768358604177267, "d1": -1.9280017030000973, "d2": 0.479634646672166, "d3": -2.825546534265507, "d4": -2.536948065666817, "p1": 30.052003689571972, "p2": 10.524648256277061, "p3": 37.73358600734401, "p4": 29.304612323700592, "pol1": 0.7059760315733473, "pol2": -0.7310751983285835, "pol3": -0.08460509378987523, "pol4": 0.27670440347952807, "v0s": 3.9805921420273616}, "datetime": {"datetime": "2022-05-16 21:41:19", "elapsed": 7094.970235, "delta": 7.975668}}
{"target": -1.0, "params": {"Bgrad": 1.7263602447301154, "d1": -1.4041483857258035, "d2": -2.1716591377892787, "d3": -1.7273975883378165, "d4": -2.472051566790161, "p1": 43.86855294477942, "p2": 18.815565995497174, "p3": 27.635300988372276, "p4": 12.79502289083037, "pol1": 0.8693327251602523, "pol2": -0.15498278358449613, "pol3": 0.622591119630858, "pol4": -0.9622113560745837, "v0s": 3.3855362986535713}, "datetime": {"datetime": "2022-05-16 21:41:31", "elapsed": 7106.347804, "delta": 11.377569}}
{"target": 5.2303382739327295, "params": {"Bgrad": 1.9883166559336867, "d1": -2.187227414045839, "d2": 0.46114618512942096, "d3": -0.39070832961929947, "d4": -2.6413989718506334, "p1": 44.35133982578783, "p2": 20.58296385223458, "p3": 26.287982824142297, "p4": 12.571119877948266, "pol1": -0.4891582427289216, "pol2": -0.3537712596405549, "pol3": 0.20002409967764057, "pol4": 0.49525170900820337, "v0s": 5.2303382739327295}, "datetime": {"datetime": "2022-05-16 21:41:39", "elapsed": 7114.866021, "delta": 8.518217}}
{"target": 4.541751421964738, "params": {"Bgrad": 1.1897354786215077, "d1": -3.0, "d2": -2.1408473974959437, "d3": -1.862191572248569, "d4": -3.0, "p1": 4.577217494050927, "p2": 11.075956651041453, "p3": 36.1529545357248, "p4": 27.996031710491053, "pol1": -1.0, "pol2": -0.5508086143537143, "pol3": 0.5233574427120347, "pol4": -0.2369835639062659, "v0s": 4.541751421964738}, "datetime": {"datetime": "2022-05-16 21:41:46", "elapsed": 7121.667829, "delta": 6.801808}}
{"target": -1.0, "params": {"Bgrad": 1.2419502502897952, "d1": -2.178213027513604, "d2": -0.284878284752502, "d3": -1.9363351730163871, "d4": -2.1582119130540867, "p1": 31.995912300492495, "p2": 10.597572373612069, "p3": 10.338220987380481, "p4": 25.20900147871947, "pol1": 0.961488130130548, "pol2": -0.957757885800502, "pol3": 0.8332880120441966, "pol4": -0.08462426786468336, "v0s": 3.0347571509168842}, "datetime": {"datetime": "2022-05-16 21:41:52", "elapsed": 7128.164453, "delta": 6.496624}}
{"target": 3.0742252219253343, "params": {"Bgrad": 1.7956806249018993, "d1": -1.3422478463783536, "d2": 0.7131476943278576, "d3": -1.9808659850535486, "d4": -2.893789161445968, "p1": 44.57963344401414, "p2": 22.611245089312384, "p3": 26.473952699413207, "p4": 12.756970239705812, "pol1": 0.9941047605939528, "pol2": -0.04169773898978568, "pol3": -0.4190965147895298, "pol4": 0.3680729746209326, "v0s": 3.0742252219253343}, "datetime": {"datetime": "2022-05-16 21:41:59", "elapsed": 7134.429695, "delta": 6.265242}}
{"target": 3.1829619763312023, "params": {"Bgrad": 0.9369147789014968, "d1": 0.06245997558476457, "d2": -0.3012266812227473, "d3": -2.231403530616819, "d4": -1.6741078958389988, "p1": 32.72151961050296, "p2": 11.925601954317505, "p3": 36.34424363105231, "p4": 26.771173668346922, "pol1": 0.41466950583096174, "pol2": 0.635989439017624, "pol3": -0.6566620993690215, "pol4": -0.985727835777924, "v0s": 3.1829619763312023}, "datetime": {"datetime": "2022-05-16 21:42:06", "elapsed": 7141.930633, "delta": 7.500938}}
{"target": -1.0, "params": {"Bgrad": 1.4684545812552197, "d1": -1.8448315013502485, "d2": -0.7585257966165955, "d3": -0.43523485275179974, "d4": -1.1405025242772728, "p1": 28.733707086221283, "p2": 6.998096949528987, "p3": 8.988601412961906, "p4": 26.256481438147794, "pol1": 0.2113432397143351, "pol2": -0.3314704809185043, "pol3": 0.5267797264658949, "pol4": 0.03247181604237026, "v0s": 6.022510836978212}, "datetime": {"datetime": "2022-05-16 21:42:18", "elapsed": 7154.111055, "delta": 12.180422}}
{"target": 4.414814164314816, "params": {"Bgrad": 1.0167555775336197, "d1": -2.7312203123409513, "d2": -0.7285390960070343, "d3": 1.0, "d4": -1.4261641785520107, "p1": 34.78017616446091, "p2": 9.012078739374727, "p3": 7.131081668602851, "p4": 28.472613119504555, "pol1": 0.31991342783617055, "pol2": 0.4350651876257259, "pol3": -0.6204360201004225, "pol4": -0.4356881291562934, "v0s": 4.414814164314816}, "datetime": {"datetime": "2022-05-16 21:42:29", "elapsed": 7164.463366, "delta": 10.352311}}
{"target": 4.710037751739726, "params": {"Bgrad": 0.5, "d1": -2.3207136449484596, "d2": 1.0, "d3": -1.9490789091158955, "d4": -1.464507563188529, "p1": 7.399713951877438, "p2": 34.82065877113135, "p3": 38.921423196241, "p4": 33.8971606488718, "pol1": -0.23130049966052485, "pol2": -0.6733220713568504, "pol3": -0.16193079237087776, "pol4": -0.7018115121992426, "v0s": 4.710037751739726}, "datetime": {"datetime": "2022-05-16 21:42:35", "elapsed": 7170.478279, "delta": 6.014913}}
{"target": -1.0, "params": {"Bgrad": 0.6146286950007054, "d1": 0.2568268457770553, "d2": 0.37974897657025597, "d3": -1.3825517616973886, "d4": -2.518541406046761, "p1": 30.49459087204166, "p2": 6.7064352552778095, "p3": 8.62681118697436, "p4": 23.771763251724998, "pol1": -0.29911698227065586, "pol2": -0.09926253967479726, "pol3": 0.0062040414449489045, "pol4": 0.010800988309256798, "v0s": 4.155293808875695}, "datetime": {"datetime": "2022-05-16 21:42:47", "elapsed": 7183.098525, "delta": 12.620246}}
{"target": 4.162062611673841, "params": {"Bgrad": 1.1127388133818017, "d1": -1.9892718919889787, "d2": 0.9870501140583037, "d3": -2.496495737331818, "d4": -0.41232951299094234, "p1": 7.329005778825993, "p2": 37.25008952437019, "p3": 34.08313102768764, "p4": 34.71160262966506, "pol1": -0.7820093000218586, "pol2": 0.9572475678777155, "pol3": 0.9195985264369957, "pol4": -0.23662367679037022, "v0s": 4.162062611673841}, "datetime": {"datetime": "2022-05-16 21:42:55", "elapsed": 7190.604449, "delta": 7.505924}}
{"target": 3.7462894045421518, "params": {"Bgrad": 1.748182136742947, "d1": -1.0283597597446485, "d2": 0.3164813259354796, "d3": -2.315822944629472, "d4": -2.1344199807117636, "p1": 29.41063508752799, "p2": 10.851180643319433, "p3": 37.46130578162593, "p4": 28.739987438226645, "pol1": 0.05851429978346249, "pol2": -0.17700310118412882, "pol3": -1.0, "pol4": -0.3143721893757056, "v0s": 3.7462894045421518}, "datetime": {"datetime": "2022-05-16 21:43:02", "elapsed": 7197.739366, "delta": 7.134917}}
{"target": -1.0, "params": {"Bgrad": 1.2367543434163784, "d1": -1.3585384298139753, "d2": -0.047858242127163386, "d3": -2.5997006832511254, "d4": -2.6969043411569555, "p1": 1.178640109832968, "p2": 34.065495679738035, "p3": 34.59589830241384, "p4": 37.944000467104196, "pol1": -0.12615766182828692, "pol2": 0.7001140961571879, "pol3": 0.39260887450462123, "pol4": -0.12014219571237561, "v0s": 3.135259387866026}, "datetime": {"datetime": "2022-05-16 21:43:12", "elapsed": 7208.014883, "delta": 10.275517}}
{"target": 2.4530473332411193, "params": {"Bgrad": 0.6087965735374532, "d1": -1.2903740349815696, "d2": 0.05438414136823688, "d3": -2.1369894070733255, "d4": -2.0943703803960907, "p1": 2.97986176696019, "p2": 30.20509313060976, "p3": 17.469753204720433, "p4": 10.21390767828646, "pol1": 0.324096558026415, "pol2": 0.5384262418816961, "pol3": -0.8169067285478062, "pol4": 0.8924094462270336, "v0s": 2.4530473332411193}, "datetime": {"datetime": "2022-05-16 21:43:18", "elapsed": 7213.285785, "delta": 5.270902}}
{"target": 4.684614137916595, "params": {"Bgrad": 0.8076696385964153, "d1": -1.9627351514723503, "d2": -3.0, "d3": -3.0, "d4": -1.0272566193401849, "p1": 5.303911782796688, "p2": 1.8187694330979463, "p3": 38.282488800805666, "p4": 20.52707785709314, "pol1": 0.06843136039473402, "pol2": 0.35074784026691896, "pol3": -0.11977592914960108, "pol4": -0.45018035583534716, "v0s": 4.684614137916595}, "datetime": {"datetime": "2022-05-16 21:43:25", "elapsed": 7220.340915, "delta": 7.05513}}
{"target": -1.0, "params": {"Bgrad": 0.8983017930543341, "d1": -0.5032869096072661, "d2": 0.7944633705981854, "d3": 0.9997574689960427, "d4": -1.8818042843502378, "p1": 42.35436119728906, "p2": 27.893803921823064, "p3": 17.916685217229222, "p4": 14.89595841108937, "pol1": 0.08070337039897835, "pol2": -0.22635282164310566, "pol3": -0.6234026741680783, "pol4": -0.2895765865238713, "v0s": 3.777107952169164}, "datetime": {"datetime": "2022-05-16 21:43:37", "elapsed": 7232.601124, "delta": 12.260209}}
{"target": 4.161389494101827, "params": {"Bgrad": 1.048776261901991, "d1": -0.776208728944329, "d2": 1.0, "d3": -2.755122959294551, "d4": -2.5950880253191277, "p1": 29.74509162718003, "p2": 11.15641806518833, "p3": 37.274645789213956, "p4": 28.70562588615707, "pol1": 0.980061063765352, "pol2": -0.01785843008982838, "pol3": -0.5090285931652883, "pol4": 0.7559454479394723, "v0s": 4.161389494101827}, "datetime": {"datetime": "2022-05-16 21:43:45", "elapsed": 7240.288563, "delta": 7.687439}}
{"target": -1.0, "params": {"Bgrad": 1.4409943260509825, "d1": -0.08596614512681944, "d2": 0.6921336317443201, "d3": -1.9748308123107177, "d4": -2.934497438835036, "p1": 2.4345558155738187, "p2": 36.957437592771775, "p3": 36.19293126157081, "p4": 39.78708501702105, "pol1": -0.9779814156940587, "pol2": 0.5366959847608614, "pol3": -0.44354684061519256, "pol4": -0.8851694272170221, "v0s": 3.403908446452318}, "datetime": {"datetime": "2022-05-16 21:44:02", "elapsed": 7257.519476, "delta": 17.230913}}
{"target": -1.0, "params": {"Bgrad": 1.1344289145368451, "d1": -0.0640631043775306, "d2": 0.7197995361098068, "d3": -2.476570882945509, "d4": -2.708145108724732, "p1": 47.67379213294311, "p2": 19.778139304746944, "p3": 26.0799156312131, "p4": 10.609324560066241, "pol1": 0.9517545311835471, "pol2": 0.20304550575477176, "pol3": 0.6146321254557994, "pol4": 0.8011353523467968, "v0s": 4.597771637481154}, "datetime": {"datetime": "2022-05-16 21:44:13", "elapsed": 7268.952896, "delta": 11.43342}}
{"target": -1.0, "params": {"Bgrad": 0.6234608442812313, "d1": -2.0905112723763546, "d2": 0.1654502569067784, "d3": 0.347312999763405, "d4": -1.8955709320158314, "p1": 10.72397656632011, "p2": 37.01444091777202, "p3": 42.563360125434116, "p4": 34.52252762152229, "pol1": 0.11804284499508966, "pol2": -0.878835516506868, "pol3": 0.14346295978589052, "pol4": -0.3327412875979834, "v0s": 4.437795676125475}, "datetime": {"datetime": "2022-05-16 21:44:24", "elapsed": 7279.717106, "delta": 10.76421}}
{"target": -1.0, "params": {"Bgrad": 1.088150938528304, "d1": -2.4189379479704667, "d2": -2.3491127173140876, "d3": -2.891623587431982, "d4": -1.4051351952983993, "p1": 36.79797671416367, "p2": 33.66622815150151, "p3": 19.368086173393873, "p4": 20.71398451731397, "pol1": 0.6111006986625731, "pol2": -0.3345660930748515, "pol3": -0.48680751296205726, "pol4": 0.21138189287643883, "v0s": 4.495030251487751}, "datetime": {"datetime": "2022-05-16 21:44:38", "elapsed": 7293.399511, "delta": 13.682405}}
{"target": 3.0102929954115614, "params": {"Bgrad": 1.2845929396564717, "d1": 0.9981436424822565, "d2": -0.9090722086458793, "d3": -2.9123080926855653, "d4": -1.5797027015985226, "p1": 34.65658907368208, "p2": 10.308214736601046, "p3": 36.44553771154037, "p4": 26.423003645454973, "pol1": 0.9554906561763283, "pol2": 0.7571035029633901, "pol3": 0.5889657304699911, "pol4": 0.4514458363949001, "v0s": 3.0102929954115614}, "datetime": {"datetime": "2022-05-16 21:44:46", "elapsed": 7302.056357, "delta": 8.656846}}
{"target": -1.0, "params": {"Bgrad": 1.2943100438716466, "d1": -1.57199452064263, "d2": 0.3087621465706518, "d3": -1.495337089877605, "d4": -2.1147778488246383, "p1": 31.54696087587353, "p2": 12.769374443322256, "p3": 35.87010323867531, "p4": 28.68398949446838, "pol1": -0.14274132781529603, "pol2": 0.8441699313175053, "pol3": -0.6955292607011918, "pol4": -0.993899470902202, "v0s": 5.658401166505875}, "datetime": {"datetime": "2022-05-16 21:44:59", "elapsed": 7314.907986, "delta": 12.851629}}
{"target": 4.176124632342938, "params": {"Bgrad": 1.1019573719806919, "d1": -1.297160185406359, "d2": 0.8124838763936322, "d3": -0.7609583043863877, "d4": -1.2745097809477208, "p1": 2.7321900143695563, "p2": 32.4770602239161, "p3": 14.58739566289496, "p4": 11.663132466947312, "pol1": -0.46800823832728256, "pol2": -0.5678035491005804, "pol3": -0.4074478605043754, "pol4": 0.9828091788546525, "v0s": 4.176124632342938}, "datetime": {"datetime": "2022-05-16 21:45:06", "elapsed": 7322.122687, "delta": 7.214701}}
{"target": -1.0, "params": {"Bgrad": 0.7958789382687728, "d1": -2.2840732729728312, "d2": 0.48719844420537184, "d3": 0.6529912165531813, "d4": -1.8006067541764343, "p1": 42.82189412323001, "p2": 19.505185958542558, "p3": 25.856801957313102, "p4": 15.396128029916289, "pol1": 0.06279658462352256, "pol2": 0.027402698874415377, "pol3": 0.9491730972576138, "pol4": -0.5119141948367931, "v0s": 3.7282208158872665}, "datetime": {"datetime": "2022-05-16 21:45:19", "elapsed": 7334.649184, "delta": 12.526497}}
{"target": 3.5637042545223747, "params": {"Bgrad": 1.6307634476234556, "d1": -0.7358158561991055, "d2": 0.11044068642033666, "d3": -2.1852415951989554, "d4": -1.581420042593804, "p1": 7.5424646391631045, "p2": 35.05217945037283, "p3": 39.12030862862984, "p4": 33.268625827472896, "pol1": 0.4820505334324865, "pol2": 0.37935022124918705, "pol3": -0.632833755759145, "pol4": 0.22802045477699684, "v0s": 3.5637042545223747}, "datetime": {"datetime": "2022-05-16 21:45:24", "elapsed": 7339.347617, "delta": 4.698433}}
{"target": -1.0, "params": {"Bgrad": 1.4400252505204012, "d1": -1.837763625221976, "d2": -0.002025528828496066, "d3": 0.5991135982871059, "d4": -0.008324227961719667, "p1": 10.806876656562153, "p2": 24.399941198253334, "p3": 41.67635288981625, "p4": 27.719986752697405, "pol1": 0.8025020440156938, "pol2": -0.6641628619457416, "pol3": 0.045996337598007773, "pol4": 0.26054019993807176, "v0s": 6.5132230149160435}, "datetime": {"datetime": "2022-05-16 21:45:37", "elapsed": 7352.516396, "delta": 13.168779}}
{"target": -1.0, "params": {"Bgrad": 1.640996381586332, "d1": -2.7658766066842744, "d2": -2.6287877586090067, "d3": -1.0989572276998891, "d4": -2.473563845375393, "p1": 0.7077882611959685, "p2": 31.042434781297708, "p3": 17.162156219825775, "p4": 11.882567955996205, "pol1": 0.08667222755681103, "pol2": -0.00832609588541211, "pol3": 0.9604245541409124, "pol4": 0.07253924581252247, "v0s": 2.092699176565513}, "datetime": {"datetime": "2022-05-16 21:45:44", "elapsed": 7359.667269, "delta": 7.150873}}
{"target": 4.411444716737277, "params": {"Bgrad": 1.7295405228111806, "d1": -2.2844720192576844, "d2": 0.7471157955564505, "d3": -0.8448264041731095, "d4": -2.4981014308785565, "p1": 40.883209865868984, "p2": 22.932180568712795, "p3": 16.350588062141096, "p4": 13.710034231516316, "pol1": 0.06740792343835311, "pol2": 0.29613657284989414, "pol3": -0.5464641032933053, "pol4": -0.22818335662568145, "v0s": 4.411444716737277}, "datetime": {"datetime": "2022-05-16 21:45:52", "elapsed": 7367.961087, "delta": 8.293818}}
{"target": 3.850892897820175, "params": {"Bgrad": 1.2400392623930951, "d1": -2.3243698908408645, "d2": 0.07501038661556207, "d3": -1.5628262544014464, "d4": -1.655253811068927, "p1": 3.1333870450446644, "p2": 36.1015922621749, "p3": 35.21654303973335, "p4": 37.85916501970654, "pol1": 0.12222893658594633, "pol2": 0.6579365999486209, "pol3": -0.2818203288993295, "pol4": 0.044449078253800234, "v0s": 3.850892897820175}, "datetime": {"datetime": "2022-05-16 21:46:00", "elapsed": 7375.910824, "delta": 7.949737}}
{"target": -1.0, "params": {"Bgrad": 1.5600275914640542, "d1": -2.925316679380106, "d2": -0.28837410551369214, "d3": -2.241669978441517, "d4": -2.114202183415509, "p1": 42.86920284634534, "p2": 17.868663615118415, "p3": 23.810691406154472, "p4": 11.31262659881162, "pol1": -0.6196838712967525, "pol2": 0.47104574758304385, "pol3": 0.4156205311747354, "pol4": -0.9730434972285744, "v0s": 2.3527913170231023}, "datetime": {"datetime": "2022-05-16 21:46:05", "elapsed": 7380.560388, "delta": 4.649564}}
{"target": 3.296369634605073, "params": {"Bgrad": 1.403120558836273, "d1": -0.5908565146768034, "d2": -1.2033644464299051, "d3": -0.7810320940300652, "d4": -2.706383242673445, "p1": 5.406487693330342, "p2": 36.62373637299895, "p3": 34.74540386520853, "p4": 36.490799593557085, "pol1": -0.21962442615035505, "pol2": 0.21179727214303967, "pol3": 0.4954317267179418, "pol4": 0.8666644868465443, "v0s": 3.296369634605073}, "datetime": {"datetime": "2022-05-16 21:46:13", "elapsed": 7388.667705, "delta": 8.107317}}
{"target": -1.0, "params": {"Bgrad": 0.8140655024392598, "d1": -1.0229849422514126, "d2": 0.8524133320352254, "d3": -0.024556234215806327, "d4": -1.962160957475024, "p1": 29.240333920400296, "p2": 10.25477936253536, "p3": 36.24206066441198, "p4": 30.040693926909174, "pol1": 0.37039530004107557, "pol2": 0.7209499598541584, "pol3": 0.9397905712983612, "pol4": 0.3332529002948381, "v0s": 3.0326821147788046}, "datetime": {"datetime": "2022-05-16 21:46:25", "elapsed": 7400.741412, "delta": 12.073707}}
{"target": 3.3001967884252785, "params": {"Bgrad": 0.5219164775782832, "d1": -1.6637518466374335, "d2": -2.8868369119124955, "d3": -1.8552421873839275, "d4": -0.8042259339731395, "p1": 22.507448705262227, "p2": 19.159316959375953, "p3": 29.557575036339152, "p4": 48.10732744842744, "pol1": 0.49439139440794944, "pol2": -0.36699139420724336, "pol3": 0.11982609710458303, "pol4": -0.22376158358495846, "v0s": 3.3001967884252785}, "datetime": {"datetime": "2022-05-16 21:46:32", "elapsed": 7408.012963, "delta": 7.271551}}
{"target": 3.706457807042244, "params": {"Bgrad": 1.831845533330104, "d1": -0.8938196186625342, "d2": -0.6017748410419701, "d3": -2.316753146133487, "d4": -2.8066041355968117, "p1": 44.54416656960242, "p2": 21.60244514372956, "p3": 27.513864057887883, "p4": 11.252053371402337, "pol1": 0.025145559729358613, "pol2": -0.833136206910831, "pol3": 0.2312064123148314, "pol4": 0.6080831680018348, "v0s": 3.706457807042244}, "datetime": {"datetime": "2022-05-16 21:46:41", "elapsed": 7416.616951, "delta": 8.603988}}
{"target": 3.853236187926983, "params": {"Bgrad": 0.6685938020863982, "d1": -0.2644536372671978, "d2": -0.8749278238265796, "d3": -1.6769292606599442, "d4": -3.0, "p1": 20.735916776965027, "p2": 6.397810674275869, "p3": 46.02897288121746, "p4": 38.99795843372766, "pol1": -0.18508211798912844, "pol2": -0.12851067330893434, "pol3": -1.0, "pol4": -1.0, "v0s": 3.853236187926983}, "datetime": {"datetime": "2022-05-16 21:46:47", "elapsed": 7422.506199, "delta": 5.889248}}
