{"target": 4.9627930069645085, "params": {"Bgrad": 1.892052419543523, "d1": -2.540846824586407, "d2": -1.0822171448015796, "d3": 0.4713710969288072, "d4": -1.4471342999928596, "p1": 3.339656563304272, "p2": 12.617576222089733, "p3": 38.95544175626618, "p4": 31.7944578323347, "pol1": 0.44759707470699284, "pol2": -0.872573458737528, "pol3": 0.5557794524881121, "pol4": -0.7838731787206634, "v0s": 4.9627930069645085}, "datetime": {"datetime": "2022-06-24 07:08:43", "elapsed": 10442.246277, "delta": 11.79322}}
{"target": -1.0, "params": {"Bgrad": 0.9473403033071006, "d1": -0.7450215502118134, "d2": -0.3389193402015396, "d3": -0.13756895435269678, "d4": -1.8795509169218159, "p1": 43.88658043954259, "p2": 22.549870225626535, "p3": 24.427578489481654, "p4": 16.820841829399907, "pol1": 0.7569196844644459, "pol2": -0.094790098538166, "pol3": -0.2142140373286765, "pol4": 0.41692911474494565, "v0s": 2.396758534585536}, "datetime": {"datetime": "2022-06-24 07:08:50", "elapsed": 10449.979818, "delta": 7.733541}}
{"target": -1.0, "params": {"Bgrad": 1.639773292550851, "d1": -1.311651237036163, "d2": 0.11245744786772516, "d3": -1.0228807141645402, "d4": -1.4792534087790816, "p1": 5.26004432610101, "p2": 13.81487024430863, "p3": 33.91605352436421, "p4": 26.90473570355001, "pol1": 0.12306301544693699, "pol2": 0.3123984480225068, "pol3": -0.2662041213931847, "pol4": -0.23133787622004798, "v0s": 4.311924083184441}, "datetime": {"datetime": "2022-06-24 07:09:25", "elapsed": 10484.719581, "delta": 34.739763}}
{"target": 5.460097350568306, "params": {"Bgrad": 1.139976504553123, "d1": -2.4325376418604843, "d2": -0.7772513292463912, "d3": -0.8161110109684397, "d4": -2.8713326892134043, "p1": 4.950935458432381, "p2": 13.820881898006455, "p3": 34.50702369355312, "p4": 28.83591009908475, "pol1": 0.9206036088396963, "pol2": 0.872235423517266, "pol3": -0.7786438004290499, "pol4": -0.5837509766464106, "v0s": 5.460097350568306}, "datetime": {"datetime": "2022-06-24 07:09:35", "elapsed": 10494.357971, "delta": 9.63839}}
{"target": -1.0, "params": {"Bgrad": 1.1594661080532946, "d1": -2.8152120747416434, "d2": -0.6140174703838754, "d3": -2.0992661760501616, "d4": -1.1459064039658022, "p1": 1.4368348527649233, "p2": 12.129611732354617, "p3": 35.88197646361841, "p4": 27.783941369707314, "pol1": 0.6845580084258209, "pol2": 0.5316891376862054, "pol3": 0.7478232674355121, "pol4": 0.17229331688937188, "v0s": 2.4709241158398125}, "datetime": {"datetime": "2022-06-24 07:09:43", "elapsed": 10502.786658, "delta": 8.428687}}
{"target": -1.0, "params": {"Bgrad": 0.872300616398157, "d1": -0.4458592642497825, "d2": -0.31367645166347247, "d3": -0.5887282731316961, "d4": -2.423442576400161, "p1": 49.94805478678498, "p2": 45.68398192135753, "p3": 7.879424800958457, "p4": 13.4421200236503, "pol1": -0.5311677553725407, "pol2": 0.15420756962269055, "pol3": 0.4281291746967901, "pol4": 0.3530027180446029, "v0s": 3.7427203815197227}, "datetime": {"datetime": "2022-06-24 07:09:53", "elapsed": 10512.79815, "delta": 10.011492}}
{"target": 3.5854232367753878, "params": {"Bgrad": 0.5790929549661392, "d1": -2.5807404752502894, "d2": -1.0281364066044398, "d3": -1.633636144593586, "d4": -1.930616825364114, "p1": 1.4548137946478745, "p2": 13.358978855081071, "p3": 34.73031591065741, "p4": 30.557944277969668, "pol1": -0.03192209928674172, "pol2": -0.8946491506457019, "pol3": 0.4075640423937852, "pol4": 0.6003579147628462, "v0s": 3.5854232367753878}, "datetime": {"datetime": "2022-06-24 07:09:59", "elapsed": 10518.109059, "delta": 5.310909}}
{"target": 3.519769076240064, "params": {"Bgrad": 1.2129348142154643, "d1": -2.1849170262569033, "d2": 0.223675865104591, "d3": -1.551301376756034, "d4": -2.3175813787687893, "p1": 28.10574271052843, "p2": 25.589355576866325, "p3": 4.991173638826406, "p4": 43.76747498608522, "pol1": -0.04657232049948506, "pol2": 0.15660928629672952, "pol3": -0.4399376092882703, "pol4": 0.24506873421128264, "v0s": 3.519769076240064}, "datetime": {"datetime": "2022-06-24 07:10:06", "elapsed": 10525.46847, "delta": 7.359411}}
{"target": -1.0, "params": {"Bgrad": 0.9974616960772665, "d1": -1.6390619993596829, "d2": 0.7792367717650626, "d3": -0.7109778269940654, "d4": -0.4826805271518988, "p1": 4.118825375004665, "p2": 8.292538356161272, "p3": 37.26665748584728, "p4": 24.75748477656329, "pol1": 0.5464398001887032, "pol2": 0.252161375557721, "pol3": 0.003491047588955576, "pol4": 0.6314067862028407, "v0s": 4.742108203758024}, "datetime": {"datetime": "2022-06-24 07:10:24", "elapsed": 10543.428291, "delta": 17.959821}}
{"target": 4.25474845308259, "params": {"Bgrad": 1.4948303595255243, "d1": -1.628710490616033, "d2": -0.0536665031628214, "d3": -0.33195895389052854, "d4": -0.8170585860526551, "p1": 4.275727944112634, "p2": 12.015657898725902, "p3": 40.388288580011725, "p4": 29.3914749637532, "pol1": 0.28350753919728233, "pol2": 0.19764131349912906, "pol3": 0.6793720252317865, "pol4": -0.14402324863863347, "v0s": 4.25474845308259}, "datetime": {"datetime": "2022-06-24 07:10:32", "elapsed": 10551.851443, "delta": 8.423152}}
{"target": 4.49581695576132, "params": {"Bgrad": 1.91108966192274, "d1": -2.479519216029342, "d2": 0.02671984167284469, "d3": -0.10059616018127215, "d4": -0.9067463693828692, "p1": 45.14885650851675, "p2": 23.227793877696396, "p3": 25.936655047609296, "p4": 12.60025696694435, "pol1": -0.014945181063945157, "pol2": 0.15907361830088584, "pol3": 0.18938692080867736, "pol4": 0.5187608601201135, "v0s": 4.49581695576132}, "datetime": {"datetime": "2022-06-24 07:10:40", "elapsed": 10559.176508, "delta": 7.325065}}
{"target": -1.0, "params": {"Bgrad": 1.520298475817717, "d1": -1.1207231815686454, "d2": -2.6413917872179247, "d3": -0.8410146653337032, "d4": -1.6898720280484145, "p1": 4.491479376034796, "p2": 12.706502323454389, "p3": 35.376777930441946, "p4": 33.0240237499827, "pol1": -0.756532968521398, "pol2": -0.7597967903138838, "pol3": 0.7215206170981043, "pol4": 0.4004296797657225, "v0s": 4.3842642860054655}, "datetime": {"datetime": "2022-06-24 07:10:52", "elapsed": 10571.30484, "delta": 12.128332}}
{"target": -1.0, "params": {"Bgrad": 1.9055712380244247, "d1": -2.350948887920065, "d2": 0.9041573506448262, "d3": -1.4807663981695258, "d4": -2.5650563386441014, "p1": 46.657688677790254, "p2": 23.779836808019773, "p3": 26.635127448188143, "p4": 14.206478560660807, "pol1": 0.7656905262031921, "pol2": -0.44282365554676617, "pol3": 0.3838696042685521, "pol4": -0.2102709544926593, "v0s": 2.9091874384520047}, "datetime": {"datetime": "2022-06-24 07:10:57", "elapsed": 10576.257711, "delta": 4.952871}}
{"target": 5.108037414710743, "params": {"Bgrad": 0.5232014693494185, "d1": -2.3954422337537227, "d2": 0.514197809932956, "d3": -0.3090535588358354, "d4": -0.7445229620360632, "p1": 4.994973034304651, "p2": 12.217533507962719, "p3": 33.021904160041544, "p4": 32.31560428461619, "pol1": -0.45835889417902864, "pol2": -0.7592948096388048, "pol3": 0.5887018286275738, "pol4": -0.4801779384008644, "v0s": 5.108037414710743}, "datetime": {"datetime": "2022-06-24 07:11:02", "elapsed": 10581.913658, "delta": 5.655947}}
{"target": 4.036796501679303, "params": {"Bgrad": 1.8210852946024496, "d1": -1.8131666519158491, "d2": 0.33758959370748975, "d3": -1.962271335469322, "d4": -0.2738526094774154, "p1": 0.15381250606553154, "p2": 10.796646259655596, "p3": 36.10859558579819, "p4": 30.12775177048253, "pol1": 0.6105988703418235, "pol2": 0.6471517134246692, "pol3": -0.2286427055869067, "pol4": 0.3915409264774643, "v0s": 4.036796501679303}, "datetime": {"datetime": "2022-06-24 07:11:10", "elapsed": 10589.537457, "delta": 7.623799}}
{"target": 3.2380353018354064, "params": {"Bgrad": 0.7019200095031639, "d1": 0.3222983512459203, "d2": 0.7875187112244104, "d3": -0.8132386395658275, "d4": -1.1013632552869068, "p1": 4.765470652894327, "p2": 14.421441579477174, "p3": 32.87779270071308, "p4": 31.625041792914388, "pol1": 0.5666922755034978, "pol2": 0.13317832232354698, "pol3": -0.239894118444838, "pol4": 0.10089097891359455, "v0s": 3.2380353018354064}, "datetime": {"datetime": "2022-06-24 07:11:15", "elapsed": 10594.657864, "delta": 5.120407}}
{"target": 3.589664314217055, "params": {"Bgrad": 1.032362166525361, "d1": -1.2346021886031373, "d2": 0.9202823590855784, "d3": -1.3384892034838272, "d4": -0.9679431979001163, "p1": 44.23709756008033, "p2": 17.968489748868382, "p3": 27.07982366705592, "p4": 12.124277454847105, "pol1": 0.9456862572837332, "pol2": 0.8417946124877245, "pol3": -0.6967832516310828, "pol4": 0.6696425782646145, "v0s": 3.589664314217055}, "datetime": {"datetime": "2022-06-24 07:11:23", "elapsed": 10602.356902, "delta": 7.699038}}
{"target": 4.075879833205628, "params": {"Bgrad": 1.2183797695943013, "d1": -1.87393803251013, "d2": -0.6699598497986314, "d3": -2.1432545677563484, "d4": -2.34136107324885, "p1": 4.292845793103761, "p2": 11.56234133675601, "p3": 35.32657429392572, "p4": 26.13014644958045, "pol1": 0.19292879224957749, "pol2": -0.42334181451833053, "pol3": 0.02830491838635485, "pol4": -0.0884322942892688, "v0s": 4.075879833205628}, "datetime": {"datetime": "2022-06-24 07:11:31", "elapsed": 10610.127279, "delta": 7.770377}}
{"target": -1.0, "params": {"Bgrad": 1.1442464808695902, "d1": -0.9774290038390373, "d2": 0.43384339656095633, "d3": -2.6201387042742605, "d4": -0.3501751997903776, "p1": 4.759463604205904, "p2": 27.680390706553435, "p3": 31.25219678763857, "p4": 11.440604397562504, "pol1": 0.40935533861028983, "pol2": -0.08506724761951796, "pol3": -0.5244652016329291, "pol4": 0.38719270243346254, "v0s": 2.7176972075301187}, "datetime": {"datetime": "2022-06-24 07:11:39", "elapsed": 10618.45669, "delta": 8.329411}}
{"target": 3.3760096883861648, "params": {"Bgrad": 1.478506003907897, "d1": -1.2178731038751822, "d2": 0.2431896282249748, "d3": -2.212667348781018, "d4": 0.15509327029252917, "p1": 9.493362817691226, "p2": 8.301038634499214, "p3": 35.60632960512981, "p4": 28.2450455193064, "pol1": 0.0076730569823544315, "pol2": -0.24297667504838905, "pol3": -0.14426111385956575, "pol4": -0.4589109819933781, "v0s": 3.3760096883861648}, "datetime": {"datetime": "2022-06-24 07:11:45", "elapsed": 10624.459727, "delta": 6.003037}}
{"target": 3.9762886164912934, "params": {"Bgrad": 1.6327513174776551, "d1": -2.605302821869255, "d2": 0.287161784447572, "d3": -0.25979513581818947, "d4": -1.1529266785005738, "p1": 44.89448533537891, "p2": 22.99630453461194, "p3": 26.43276020004956, "p4": 13.402065133339583, "pol1": 0.09624194007045353, "pol2": -0.11056151411138262, "pol3": 0.09885106682776361, "pol4": 0.4251856242558858, "v0s": 3.9762886164912934}, "datetime": {"datetime": "2022-06-24 07:11:54", "elapsed": 10634.003872, "delta": 9.544145}}
{"target": -1.0, "params": {"Bgrad": 0.9458997508725433, "d1": -2.350438536649357, "d2": 0.8090273948815154, "d3": 0.2842480459810468, "d4": -2.3216674748331134, "p1": 1.114526942218702, "p2": 12.048158226510619, "p3": 36.25252196525221, "p4": 31.97907834872374, "pol1": 0.04335543780695672, "pol2": -0.7801488150531275, "pol3": 0.5208107403818314, "pol4": 0.1501183164659019, "v0s": 3.7852266036553974}, "datetime": {"datetime": "2022-06-24 07:12:07", "elapsed": 10646.218436, "delta": 12.214564}}
{"target": 3.2365175868086884, "params": {"Bgrad": 1.8002357684458683, "d1": -2.4280864339361923, "d2": -2.110878688676885, "d3": -1.7173053790106017, "d4": -1.6408363441876723, "p1": 6.365612033922124, "p2": 15.108880794596956, "p3": 36.62394118544541, "p4": 30.612675064277155, "pol1": 0.5758040471263641, "pol2": 0.9343389439406025, "pol3": 0.5252415734776525, "pol4": 0.26036917291170725, "v0s": 3.2365175868086884}, "datetime": {"datetime": "2022-06-24 07:12:15", "elapsed": 10654.502969, "delta": 8.284533}}
{"target": 3.0822197187095153, "params": {"Bgrad": 1.6673080978680124, "d1": -2.7784848412845493, "d2": -2.912867324939072, "d3": -1.2910574954659886, "d4": -2.795829692448274, "p1": 44.77145882928836, "p2": 15.653381462303168, "p3": 26.183022091796254, "p4": 12.309913769726212, "pol1": -0.7482302875130766, "pol2": -0.14164361388715063, "pol3": -0.3230783059669622, "pol4": -0.218584414006453, "v0s": 3.0822197187095153}, "datetime": {"datetime": "2022-06-24 07:12:22", "elapsed": 10661.118879, "delta": 6.61591}}
{"target": 2.3225143872689635, "params": {"Bgrad": 0.9510075373226934, "d1": -1.030598723394089, "d2": 0.5340056489983023, "d3": -1.1383043575693352, "d4": -2.236001052276796, "p1": 3.8599571439031477, "p2": 12.193849289199038, "p3": 34.09071356762498, "p4": 30.3415328304337, "pol1": -0.6451648738499929, "pol2": -0.674984901139176, "pol3": -0.48520693362823386, "pol4": 0.6930423218407824, "v0s": 2.3225143872689635}, "datetime": {"datetime": "2022-06-24 07:12:30", "elapsed": 10669.198422, "delta": 8.079543}}
{"target": 3.578217086317329, "params": {"Bgrad": 1.95816660276887, "d1": -2.6417011054385746, "d2": -3.0, "d3": -1.7863086356076683, "d4": -1.6090214742938558, "p1": 10.166536571192179, "p2": 2.9026719554553893, "p3": 35.77030400483467, "p4": 21.5301451262897, "pol1": 0.6815962261051759, "pol2": 0.5693354171812625, "pol3": 0.34798218727001756, "pol4": -0.3792869129154953, "v0s": 3.578217086317329}, "datetime": {"datetime": "2022-06-24 07:12:35", "elapsed": 10674.868854, "delta": 5.670432}}
{"target": 3.6693527240014125, "params": {"Bgrad": 1.3075718389719266, "d1": -2.4874966181002955, "d2": -1.0108676037812694, "d3": -1.173003858072142, "d4": -1.97864290945868, "p1": 7.153755673182181, "p2": 8.1974774419104, "p3": 36.28993103109249, "p4": 29.431124560415306, "pol1": 0.6078160269248511, "pol2": -0.028992127328845888, "pol3": -0.40531454094030217, "pol4": -0.43377704135140893, "v0s": 3.6693527240014125}, "datetime": {"datetime": "2022-06-24 07:12:42", "elapsed": 10681.590005, "delta": 6.721151}}
{"target": -1.0, "params": {"Bgrad": 1.3975574421751453, "d1": 0.4293264076468737, "d2": 0.7930183184489632, "d3": -2.568553591276125, "d4": -2.1888081248750613, "p1": 31.737169985097363, "p2": 11.411837185112262, "p3": 37.63954509992387, "p4": 27.798335409578307, "pol1": 0.2342786903345544, "pol2": -0.8453648770775681, "pol3": -0.16128472470688604, "pol4": -0.9031614992923636, "v0s": 4.74210490777372}, "datetime": {"datetime": "2022-06-24 07:12:57", "elapsed": 10696.764677, "delta": 15.174672}}
{"target": 4.211348413167969, "params": {"Bgrad": 1.2221427911581189, "d1": -0.839959001673613, "d2": 0.6623402852909813, "d3": -3.0, "d4": -2.246041915776727, "p1": 31.18719741169745, "p2": 11.041559332535787, "p3": 38.51483289367684, "p4": 29.001178037455116, "pol1": -0.07805267405891136, "pol2": -0.5371553508114892, "pol3": -0.6823889267995431, "pol4": 0.30371731498874077, "v0s": 4.211348413167969}, "datetime": {"datetime": "2022-06-24 07:13:04", "elapsed": 10703.278386, "delta": 6.513709}}
{"target": 2.329804387590424, "params": {"Bgrad": 0.9766919418685444, "d1": -1.5586036958695675, "d2": 0.32105790876516194, "d3": -2.541025949565683, "d4": -0.47469326927519795, "p1": 2.0939751212189215, "p2": 13.883148499821374, "p3": 38.5224958784764, "p4": 30.599913844433562, "pol1": 0.31616478153794314, "pol2": -0.6443042098673859, "pol3": 0.7038704805029952, "pol4": -0.3807024677235309, "v0s": 2.329804387590424}, "datetime": {"datetime": "2022-06-24 07:13:10", "elapsed": 10709.651956, "delta": 6.37357}}
{"target": -1.0, "params": {"Bgrad": 1.8110111321974784, "d1": -2.1261528223881943, "d2": -2.113967741699332, "d3": -0.5287212188101806, "d4": -1.3290765340992863, "p1": 5.4823062112282, "p2": 12.453838156788976, "p3": 35.59350360403843, "p4": 27.9565912121506, "pol1": -0.01045370360791087, "pol2": 0.4819857589237022, "pol3": -0.20218982248594908, "pol4": 0.8151130318210733, "v0s": 3.4984279335309196}, "datetime": {"datetime": "2022-06-24 07:13:25", "elapsed": 10724.513978, "delta": 14.862022}}
{"target": 3.981106096332143, "params": {"Bgrad": 1.508563423469597, "d1": -1.079833352742156, "d2": 0.474808105440514, "d3": -1.2333386925189025, "d4": -1.5377242163490337, "p1": 1.7551671171109173, "p2": 32.54590256033246, "p3": 17.54021057554091, "p4": 10.963576459722548, "pol1": -0.19157164239354363, "pol2": -0.15060862442574377, "pol3": -0.22382977154362746, "pol4": 0.6815891063166867, "v0s": 3.981106096332143}, "datetime": {"datetime": "2022-06-24 07:13:31", "elapsed": 10730.985272, "delta": 6.471294}}
{"target": -1.0, "params": {"Bgrad": 1.521793457291512, "d1": -2.07267579343791, "d2": -1.8280341993884757, "d3": -2.6166119551825715, "d4": -1.8401807646788315, "p1": 4.4836807218698596, "p2": 13.497101034782084, "p3": 33.646384237135585, "p4": 29.13430525660214, "pol1": 0.2720565498043752, "pol2": -0.7823586758355683, "pol3": 0.8295419482604265, "pol4": 0.4826782497451183, "v0s": 2.588502162266158}, "datetime": {"datetime": "2022-06-24 07:13:38", "elapsed": 10737.595709, "delta": 6.610437}}
{"target": 4.110088913202805, "params": {"Bgrad": 0.9760779570618945, "d1": -1.7968108759848151, "d2": 0.8274368206111071, "d3": -1.811503996898396, "d4": -2.1326685190001307, "p1": 10.999815639579818, "p2": 15.252921907547929, "p3": 7.398991432029361, "p4": 29.846021107155423, "pol1": -0.4675397838843913, "pol2": -0.4064977836790018, "pol3": 0.06638878267125414, "pol4": 0.5840616232731031, "v0s": 4.110088913202805}, "datetime": {"datetime": "2022-06-24 07:13:47", "elapsed": 10746.917919, "delta": 9.32221}}
{"target": -1.0, "params": {"Bgrad": 0.9413944081662923, "d1": -2.2408367558306677, "d2": -1.8264043514418948, "d3": -0.16038898674979407, "d4": -0.9923905532157273, "p1": 30.318851569894978, "p2": 8.356723624827211, "p3": 7.079202685254576, "p4": 28.308938725477862, "pol1": -0.6448860777760808, "pol2": -0.38429768339988857, "pol3": 0.2124761306593037, "pol4": -0.5231205838558575, "v0s": 5.256770967441169}, "datetime": {"datetime": "2022-06-24 07:14:00", "elapsed": 10759.948808, "delta": 13.030889}}
{"target": -1.0, "params": {"Bgrad": 1.3385539390543955, "d1": -2.5873840367457217, "d2": 0.8278558800114748, "d3": 0.10774620100616206, "d4": -0.1275182016906582, "p1": 3.494367648008251, "p2": 11.20766032664306, "p3": 35.43850291779258, "p4": 27.805055495038722, "pol1": -0.2873135508929183, "pol2": 0.05349052611319438, "pol3": -0.8505133363452599, "pol4": 0.5762737529715074, "v0s": 4.1104493049701425}, "datetime": {"datetime": "2022-06-24 07:14:12", "elapsed": 10771.777374, "delta": 11.828566}}
{"target": -1.0, "params": {"Bgrad": 1.615464104746553, "d1": -1.2971076304851232, "d2": -1.0296079670656133, "d3": -0.744554704208189, "d4": -1.5014078822837198, "p1": 6.861180499126984, "p2": 13.723574820291311, "p3": 36.59806022678977, "p4": 31.465015886188475, "pol1": 0.5943883782841544, "pol2": 0.975787739081569, "pol3": 0.9624114208340646, "pol4": -0.5173545143875171, "v0s": 2.2632315614962017}, "datetime": {"datetime": "2022-06-24 07:14:18", "elapsed": 10777.184519, "delta": 5.407145}}
{"target": 3.942439135409687, "params": {"Bgrad": 1.3626333454635122, "d1": -1.8828281987833702, "d2": 0.5000777296349347, "d3": -2.3566067878885346, "d4": -0.9373656344929534, "p1": 7.3401817869334085, "p2": 36.76917751034145, "p3": 34.8793970248941, "p4": 34.872001980766875, "pol1": -0.44326666834984496, "pol2": 0.754675256510061, "pol3": 0.27231837985257595, "pol4": -0.1872485766977558, "v0s": 3.942439135409687}, "datetime": {"datetime": "2022-06-24 07:14:26", "elapsed": 10785.157827, "delta": 7.973308}}
{"target": -1.0, "params": {"Bgrad": 1.072387136103755, "d1": -1.5701446876652998, "d2": 0.9252964392789731, "d3": -1.4680741328461417, "d4": -1.6942461126353225, "p1": 4.179823312705877, "p2": 11.958710611012918, "p3": 36.70416738293036, "p4": 31.287818733548754, "pol1": -0.25046934149880795, "pol2": 0.34850905823260314, "pol3": 0.13399059366388322, "pol4": 0.9937103787320538, "v0s": 6.301842438572297}, "datetime": {"datetime": "2022-06-24 07:14:38", "elapsed": 10797.874535, "delta": 12.716708}}
{"target": -1.0, "params": {"Bgrad": 1.8529632508643021, "d1": -2.4852354043340465, "d2": -0.9898187408595835, "d3": -1.723606100202682, "d4": -1.3886257530276263, "p1": 44.02811234079909, "p2": 16.934912750280727, "p3": 27.93816422384292, "p4": 12.895015316437586, "pol1": -0.6487137784623354, "pol2": 0.5459315177174433, "pol3": 0.761289069441534, "pol4": 0.15788460091861922, "v0s": 5.322603001038315}, "datetime": {"datetime": "2022-06-24 07:14:50", "elapsed": 10809.738521, "delta": 11.863986}}
{"target": 4.482411031318508, "params": {"Bgrad": 1.2901581490640945, "d1": -2.386904737528951, "d2": 0.3996083606288564, "d3": -2.1681133562879804, "d4": -1.8474886492589988, "p1": 5.8242042684192095, "p2": 8.619184037781045, "p3": 35.13053541047653, "p4": 31.417334243206827, "pol1": 0.004609565972404911, "pol2": 0.5706717511800529, "pol3": -0.48848912379544634, "pol4": 0.261448095620751, "v0s": 4.482411031318508}, "datetime": {"datetime": "2022-06-24 07:14:57", "elapsed": 10816.638216, "delta": 6.899695}}
{"target": -1.0, "params": {"Bgrad": 0.818810229766108, "d1": -0.02634697516700113, "d2": 0.004349155284911976, "d3": -2.4545670492287535, "d4": -2.654725731529575, "p1": 6.383043073599337, "p2": 35.27751918261164, "p3": 34.58777844381245, "p4": 36.8696543938373, "pol1": -0.34381340896093193, "pol2": 0.5451922435260366, "pol3": -0.5108193015410816, "pol4": -0.7400812391732317, "v0s": 5.286270548173828}, "datetime": {"datetime": "2022-06-24 07:15:06", "elapsed": 10825.971989, "delta": 9.333773}}
{"target": 4.457303273747946, "params": {"Bgrad": 0.9966820061466168, "d1": -1.238579686636879, "d2": 0.497766563134156, "d3": -2.967182454628671, "d4": -2.3070659086629353, "p1": 31.47048978188348, "p2": 11.25869753987077, "p3": 38.31536774160805, "p4": 28.71170386507059, "pol1": 0.6318829536915855, "pol2": -1.0, "pol3": -0.4906747842193302, "pol4": 0.3875659336607068, "v0s": 4.457303273747946}, "datetime": {"datetime": "2022-06-24 07:15:15", "elapsed": 10834.882876, "delta": 8.910887}}
