{"target": 3.589947630593368, "params": {"Bgrad": 1.7875581425385647, "d1": -2.7038390747335046, "d2": 0.8770286637150795, "d3": -0.4001213380887152, "d4": 0.29941684098935495, "p1": 41.83746366790408, "p2": 22.17327201238276, "p3": 17.013082555151467, "p4": 12.40824673130927, "pol1": -0.26324608698841856, "pol2": 0.5653013396664066, "pol3": 0.02716823145444791, "pol4": 0.4182119169988414, "v0s": 3.589947630593368}, "datetime": {"datetime": "2022-05-16 22:49:57", "elapsed": 11212.578177, "delta": 8.460372}}
{"target": 4.3559268887095755, "params": {"Bgrad": 1.603912745163422, "d1": -0.9541474847694871, "d2": 1.0, "d3": -1.8709589189324891, "d4": -1.386446839611217, "p1": 40.21715262218395, "p2": 19.78608909761769, "p3": 15.202989350444117, "p4": 13.994200374192532, "pol1": 1.0, "pol2": 0.557704413329601, "pol3": -0.8607408885055717, "pol4": -0.8941366811677351, "v0s": 4.3559268887095755}, "datetime": {"datetime": "2022-05-16 22:50:09", "elapsed": 11224.512258, "delta": 11.934081}}
{"target": 3.7289338160962378, "params": {"Bgrad": 0.9248124205042848, "d1": -2.7958614039273972, "d2": 1.0, "d3": -3.0, "d4": -1.1637471831466983, "p1": 26.94357470775173, "p2": 26.05504127594941, "p3": 3.3525114394754603, "p4": 43.37833865334298, "pol1": 1.0, "pol2": -0.10598382183022473, "pol3": -0.3378471716663068, "pol4": -0.0627721268799436, "v0s": 3.7289338160962378}, "datetime": {"datetime": "2022-05-16 22:50:18", "elapsed": 11234.164441, "delta": 9.652183}}
{"target": -1.0, "params": {"Bgrad": 1.7805787804764723, "d1": -2.6211872361834088, "d2": 0.8350858366998017, "d3": 0.5128091690041372, "d4": -1.3664855145698458, "p1": 30.608685644310167, "p2": 12.718185305466406, "p3": 39.43665267842511, "p4": 24.045140436379377, "pol1": -0.48606322088577625, "pol2": -0.7872140435248924, "pol3": -0.32226796342666386, "pol4": 0.48871181095821425, "v0s": 3.9966005477775637}, "datetime": {"datetime": "2022-05-16 22:50:34", "elapsed": 11249.631074, "delta": 15.466633}}
{"target": 4.181750473386043, "params": {"Bgrad": 0.5, "d1": -1.9574241033798274, "d2": 1.0, "d3": -1.831662777623829, "d4": -1.3906459813499743, "p1": 40.123656309041486, "p2": 19.801514101607875, "p3": 15.598455108921355, "p4": 13.551591888357995, "pol1": 1.0, "pol2": 0.2626521819247146, "pol3": 0.29958233953832203, "pol4": -1.0, "v0s": 4.181750473386043}, "datetime": {"datetime": "2022-05-16 22:50:42", "elapsed": 11257.523964, "delta": 7.89289}}
{"target": 3.8753273073923227, "params": {"Bgrad": 0.9173897404861578, "d1": -2.7864307087177838, "d2": -0.2849423386557546, "d3": -1.205356086351212, "d4": 0.1844265380153809, "p1": 42.15003560180751, "p2": 22.55400651094528, "p3": 16.034450091810225, "p4": 11.070270828170964, "pol1": -0.6339267284525376, "pol2": -0.006109840364593611, "pol3": -0.9936587101311205, "pol4": -0.2721059149054479, "v0s": 3.8753273073923227}, "datetime": {"datetime": "2022-05-16 22:50:50", "elapsed": 11265.473701, "delta": 7.949737}}
{"target": 4.591704851314632, "params": {"Bgrad": 1.0154929254422709, "d1": -2.832821564446858, "d2": 0.543167245533835, "d3": -1.91726414386039, "d4": -2.8149974412765584, "p1": 29.161346520024523, "p2": 11.147833722417026, "p3": 36.62688480034779, "p4": 29.702393589568995, "pol1": 1.0, "pol2": -0.6898476567044663, "pol3": -0.7039178778913295, "pol4": 0.6205544769607793, "v0s": 4.591704851314632}, "datetime": {"datetime": "2022-05-16 22:51:00", "elapsed": 11276.112247, "delta": 10.638546}}
{"target": 4.08027913599875, "params": {"Bgrad": 2.0, "d1": -0.7008777699287075, "d2": 0.47187133929279584, "d3": -1.4944749173944238, "d4": -2.6172588051051284, "p1": 27.253849600708975, "p2": 9.963787514182492, "p3": 38.36852056310868, "p4": 29.424419533513614, "pol1": 0.44782395581038276, "pol2": -1.0, "pol3": -0.5096812043651769, "pol4": 0.08668471688979353, "v0s": 4.08027913599875}, "datetime": {"datetime": "2022-05-16 22:51:09", "elapsed": 11284.673349, "delta": 8.561102}}
{"target": -1.0, "params": {"Bgrad": 1.6653678272719883, "d1": -2.3099579608165475, "d2": -0.28283941305769555, "d3": -1.1943816865039885, "d4": -2.881406895581978, "p1": 4.3799604952683335, "p2": 34.3455554836906, "p3": 32.947702219242636, "p4": 38.5466905099436, "pol1": -0.557335023657717, "pol2": 0.4247251871462147, "pol3": 0.7506895191239165, "pol4": 0.03163613438569143, "v0s": 6.074612977844178}, "datetime": {"datetime": "2022-05-16 22:51:26", "elapsed": 11301.614039, "delta": 16.94069}}
{"target": 4.590203525832121, "params": {"Bgrad": 1.7375913794915068, "d1": -1.9603691852685563, "d2": 0.7860542198882974, "d3": -1.2252030987309652, "d4": -2.3651111468468233, "p1": 7.6451797928820655, "p2": 36.14078786586609, "p3": 39.47146144170428, "p4": 33.38912674985416, "pol1": -0.4242783499455522, "pol2": -0.9651046899579142, "pol3": -0.8207004359639686, "pol4": -0.4704416539525446, "v0s": 4.590203525832121}, "datetime": {"datetime": "2022-05-16 22:51:36", "elapsed": 11312.168809, "delta": 10.55477}}
{"target": 4.860838156459056, "params": {"Bgrad": 0.6820293341237859, "d1": -1.5800531879931194, "d2": 0.5118718618901827, "d3": -1.5208227812082304, "d4": -2.64438315766955, "p1": 3.655104045351086, "p2": 33.35803288816742, "p3": 32.273049425430315, "p4": 38.02645877086613, "pol1": -0.5761172364847216, "pol2": -0.4774663030895991, "pol3": 0.26458746977025316, "pol4": -0.37639675517545274, "v0s": 4.860838156459056}, "datetime": {"datetime": "2022-05-16 22:51:46", "elapsed": 11321.262487, "delta": 9.093678}}
{"target": 5.52433136411503, "params": {"Bgrad": 1.7347701629873498, "d1": -2.6717395823051926, "d2": 0.14513794010945522, "d3": -0.5795716493591159, "d4": -1.947776918291941, "p1": 5.1075934661442215, "p2": 35.56940403811087, "p3": 34.569828270364795, "p4": 39.01626020529363, "pol1": -0.2012579929257927, "pol2": 0.5458099802896427, "pol3": 0.12237242399575973, "pol4": 0.8641864528864235, "v0s": 5.52433136411503}, "datetime": {"datetime": "2022-05-16 22:51:55", "elapsed": 11331.002437, "delta": 9.73995}}
{"target": 5.258005329331981, "params": {"Bgrad": 0.7207917683727225, "d1": -2.7115048397159542, "d2": 0.919377839194115, "d3": -1.0329759119504793, "d4": -1.48913250795617, "p1": 6.7506537388502394, "p2": 35.449784869982544, "p3": 35.74685398443123, "p4": 36.51195137238836, "pol1": 0.4437774424825982, "pol2": -0.08762516274452606, "pol3": 0.009180042018233355, "pol4": -0.1679242790474991, "v0s": 5.258005329331981}, "datetime": {"datetime": "2022-05-16 22:52:05", "elapsed": 11340.573836, "delta": 9.571399}}
{"target": 3.89222869055084, "params": {"Bgrad": 0.6698735094628152, "d1": -0.6755047310643452, "d2": 0.4718017108749457, "d3": -0.1414976061097879, "d4": -0.7987673667248374, "p1": 28.25922217880288, "p2": 12.133804990560598, "p3": 12.534224389515275, "p4": 23.74376190413455, "pol1": -0.579553789913102, "pol2": 0.2991087960414047, "pol3": 0.34137433593839006, "pol4": -0.9706094311078091, "v0s": 3.89222869055084}, "datetime": {"datetime": "2022-05-16 22:52:13", "elapsed": 11348.862667, "delta": 8.288831}}
{"target": 3.7316347842433633, "params": {"Bgrad": 0.6163122033473913, "d1": -0.6461900892123458, "d2": -0.056229690660527076, "d3": -2.028059938160318, "d4": -0.3214847633558553, "p1": 26.93551566534022, "p2": 8.87878813501522, "p3": 39.03266594749872, "p4": 30.88093503954299, "pol1": -0.15612643655074687, "pol2": 0.7340518344612292, "pol3": 0.6131971634482067, "pol4": 0.4359094226855176, "v0s": 3.7316347842433633}, "datetime": {"datetime": "2022-05-16 22:52:22", "elapsed": 11358.090985, "delta": 9.228318}}
{"target": 5.117918297117462, "params": {"Bgrad": 1.7983229835872452, "d1": -1.0541594152186584, "d2": 0.14550055854215982, "d3": -2.1756664708379367, "d4": -2.3123351411812396, "p1": 4.739591816544025, "p2": 38.290466186020325, "p3": 33.18079116151561, "p4": 41.71403282820984, "pol1": 0.11094012233767003, "pol2": 0.46758339663286885, "pol3": 0.5750972648108081, "pol4": -0.42586697240228233, "v0s": 5.117918297117462}, "datetime": {"datetime": "2022-05-16 22:52:32", "elapsed": 11367.946624, "delta": 9.855639}}
{"target": 4.046603081281259, "params": {"Bgrad": 0.9051662275498986, "d1": -1.1268595239581927, "d2": 0.026908242529694988, "d3": -1.9324865666955584, "d4": -3.0, "p1": 27.944893607733587, "p2": 10.09050238631995, "p3": 36.999709930883846, "p4": 27.522456926281567, "pol1": -0.024889667732807437, "pol2": 0.6118775176680841, "pol3": -0.35258920456127696, "pol4": -1.0, "v0s": 4.046603081281259}, "datetime": {"datetime": "2022-05-16 22:52:43", "elapsed": 11378.413629, "delta": 10.467005}}
{"target": 4.789391858180972, "params": {"Bgrad": 1.4148181079758098, "d1": -0.4565136735026086, "d2": 0.6735428884839523, "d3": -0.7874719510773505, "d4": -3.0, "p1": 6.104503887305198, "p2": 24.298155925297614, "p3": 1.8179555404565186, "p4": 31.86661483351685, "pol1": 0.23950515969014471, "pol2": -0.3974761057986267, "pol3": -1.0, "pol4": -0.2618054500875511, "v0s": 4.789391858180972}, "datetime": {"datetime": "2022-05-16 22:52:55", "elapsed": 11390.979021, "delta": 12.565392}}
{"target": 4.244305600360997, "params": {"Bgrad": 1.0306146388188808, "d1": -2.7748984374811796, "d2": 0.7909064884488171, "d3": -2.2579903218142694, "d4": -2.4857246043260313, "p1": 9.024344559648178, "p2": 37.10285554353111, "p3": 37.337061703197335, "p4": 36.28812566215471, "pol1": -0.34698730256530097, "pol2": -0.2454965840670369, "pol3": -0.8434385359727237, "pol4": 0.5051357641616163, "v0s": 4.244305600360997}, "datetime": {"datetime": "2022-05-16 22:53:05", "elapsed": 11400.679078, "delta": 9.700057}}
{"target": -1.0, "params": {"Bgrad": 0.963950470622571, "d1": -2.279973166020471, "d2": -0.10164543641428203, "d3": 0.4795877666177848, "d4": -1.6123579673037614, "p1": 30.155014380694873, "p2": 11.567652658562494, "p3": 10.893006589260207, "p4": 23.007135569854224, "pol1": 0.3874991667623835, "pol2": 0.2893634604478392, "pol3": 0.4426250895858197, "pol4": 0.38452270108163966, "v0s": 5.363898299430514}, "datetime": {"datetime": "2022-05-16 22:53:24", "elapsed": 11420.028325, "delta": 19.349247}}
{"target": -1.0, "params": {"Bgrad": 1.479045791402381, "d1": -0.5318674162347357, "d2": 0.26449026802123976, "d3": 0.03424243122499249, "d4": -2.2821829442758568, "p1": 4.558046329838134, "p2": 36.82397990561592, "p3": 34.26366311948586, "p4": 41.17986721187246, "pol1": 0.45896658826420866, "pol2": 0.17063189789045596, "pol3": 0.9734453693859901, "pol4": 0.9512551210345104, "v0s": 6.798174964314846}, "datetime": {"datetime": "2022-05-16 22:53:36", "elapsed": 11432.216726, "delta": 12.188401}}
{"target": -1.0, "params": {"Bgrad": 1.9098623614477268, "d1": -0.9409706789581067, "d2": 0.0740093955535408, "d3": -1.5389880693431235, "d4": -2.062113311581178, "p1": 27.492769264753917, "p2": 8.791927864909471, "p3": 11.442399564842054, "p4": 21.944083342031558, "pol1": 0.9273863957694102, "pol2": 0.5029059391895976, "pol3": -0.34203915475743885, "pol4": -0.6342775551639186, "v0s": 4.845839705219982}, "datetime": {"datetime": "2022-05-16 22:53:51", "elapsed": 11447.027114, "delta": 14.810388}}
{"target": 3.755982773038091, "params": {"Bgrad": 1.2736863300745647, "d1": -1.0097739212355892, "d2": 0.24305400641017094, "d3": -0.542965572016791, "d4": -1.9035266590846023, "p1": 2.855497472702978, "p2": 36.47892425811891, "p3": 31.339029530594164, "p4": 40.460753132257096, "pol1": 0.9427739888769289, "pol2": -0.7308448523809339, "pol3": 0.6655511783217245, "pol4": -0.7563490101523196, "v0s": 3.755982773038091}, "datetime": {"datetime": "2022-05-16 22:54:02", "elapsed": 11457.300636, "delta": 10.273522}}
{"target": 6.039525739108198, "params": {"Bgrad": 1.8527838006079653, "d1": -2.2503062518550987, "d2": 0.2655087127114058, "d3": 0.12487042660532953, "d4": -1.0520181706778853, "p1": 11.311284277543248, "p2": 26.331231067066607, "p3": 42.443333308009855, "p4": 27.583776769757677, "pol1": 0.694341849057994, "pol2": 0.45875164355343767, "pol3": 0.9769170377896476, "pol4": -0.07929794379031593, "v0s": 6.039525739108198}, "datetime": {"datetime": "2022-05-16 22:54:15", "elapsed": 11470.754653, "delta": 13.454017}}
{"target": -1.0, "params": {"Bgrad": 0.895225005366606, "d1": 0.7718251301395354, "d2": -1.0277249557946946, "d3": 0.744155000990951, "d4": -0.946754626427992, "p1": 27.63649536173852, "p2": 12.019406192855776, "p3": 11.992736103346468, "p4": 25.53753471969129, "pol1": -0.9663419906499788, "pol2": 0.32655919992937643, "pol3": 0.7967269652779354, "pol4": 0.3209258726232618, "v0s": 4.053726548593832}, "datetime": {"datetime": "2022-05-16 22:54:31", "elapsed": 11486.561374, "delta": 15.806721}}
{"target": 3.837044728568679, "params": {"Bgrad": 0.5356790230704044, "d1": -1.8402109951800352, "d2": -0.08848572643696517, "d3": -0.7275676607978658, "d4": -0.5130606856165825, "p1": 37.73188866027849, "p2": 11.399293235750696, "p3": 11.027407667412897, "p4": 28.95245609525124, "pol1": 0.3805444613555298, "pol2": -0.31620065168400013, "pol3": -0.6385268679299483, "pol4": -0.2919098743429296, "v0s": 3.837044728568679}, "datetime": {"datetime": "2022-05-16 22:54:37", "elapsed": 11493.075951, "delta": 6.514577}}
{"target": 3.96623180053063, "params": {"Bgrad": 1.4065014482603224, "d1": -3.0, "d2": 0.11852875475045443, "d3": -1.5122976930947651, "d4": 0.1372068053354795, "p1": 36.329364611192226, "p2": 8.662688466931264, "p3": 9.332035725892469, "p4": 30.772606751758715, "pol1": 0.1372206785102925, "pol2": 0.4478777380134815, "pol3": -1.0, "pol4": 0.2452450481511931, "v0s": 3.96623180053063}, "datetime": {"datetime": "2022-05-16 22:54:46", "elapsed": 11502.111783, "delta": 9.035832}}
{"target": -1.0, "params": {"Bgrad": 0.6486698221552885, "d1": -1.7395014765018306, "d2": -2.0381493165523805, "d3": -1.7942228619306881, "d4": -0.11149417916603133, "p1": 5.422393862547792, "p2": 1.6592865539918011, "p3": 39.96986828013149, "p4": 19.50468095825037, "pol1": -0.5587310078414347, "pol2": 0.8119632119263489, "pol3": -0.4756647990094045, "pol4": -0.5681287602175935, "v0s": 4.337872280862639}, "datetime": {"datetime": "2022-05-16 22:55:01", "elapsed": 11517.11665, "delta": 15.004867}}
{"target": -1.0, "params": {"Bgrad": 0.7184441742761085, "d1": -2.33624557273678, "d2": 0.4122886311527547, "d3": 0.7690382034666854, "d4": -1.5503438139799854, "p1": 31.464731481954374, "p2": 6.6683013799328, "p3": 39.09446896266739, "p4": 31.523389016182445, "pol1": -0.007767126373504851, "pol2": 0.29110221919292867, "pol3": 0.7073890847803452, "pol4": -0.2444131905748408, "v0s": 2.8140253724525977}, "datetime": {"datetime": "2022-05-16 22:55:17", "elapsed": 11532.646115, "delta": 15.529465}}
{"target": -1.0, "params": {"Bgrad": 1.8659374626231562, "d1": -2.7913026986388325, "d2": 0.1735673361575416, "d3": -2.837442967550853, "d4": -1.6475216472411907, "p1": 8.499159393547629, "p2": 37.03040807189068, "p3": 39.1393637816021, "p4": 34.72995894269452, "pol1": 0.4885703690562708, "pol2": -0.5224696542418112, "pol3": -0.3438523864855172, "pol4": 0.10279075246298786, "v0s": 5.8696369822337005}, "datetime": {"datetime": "2022-05-16 22:55:31", "elapsed": 11546.703517, "delta": 14.057402}}
{"target": -1.0, "params": {"Bgrad": 1.53585515068149, "d1": -0.7931169402790519, "d2": -0.5972058122638142, "d3": -2.529397887055687, "d4": -2.09930774864458, "p1": 2.0280669037328893, "p2": 37.63546751291985, "p3": 30.97625525248876, "p4": 39.21104230077556, "pol1": -0.04845385128189905, "pol2": -0.9414183701459562, "pol3": -0.18392282397731297, "pol4": -0.7394051692911847, "v0s": 4.982170347018929}, "datetime": {"datetime": "2022-05-16 22:55:48", "elapsed": 11563.741945, "delta": 17.038428}}
{"target": 5.36319462687405, "params": {"Bgrad": 1.1463147075542008, "d1": -2.664440958633845, "d2": 0.20597181207231863, "d3": -1.1433791438556393, "d4": -2.979129010516235, "p1": 31.427015332855095, "p2": 13.816805938970006, "p3": 37.45324710833197, "p4": 25.747033139769915, "pol1": 0.5187770830175886, "pol2": 0.8529453613204756, "pol3": -0.6023667929372762, "pol4": 0.6903448087620796, "v0s": 5.36319462687405}, "datetime": {"datetime": "2022-05-16 22:55:57", "elapsed": 11573.154772, "delta": 9.412827}}
{"target": 4.84950066619038, "params": {"Bgrad": 0.9215697807243839, "d1": -2.337216429574115, "d2": 0.9959574195323297, "d3": -1.3971736468204734, "d4": -1.9610436431922058, "p1": 4.8208780763585395, "p2": 34.910209811799334, "p3": 34.89364969006414, "p4": 37.78785898945723, "pol1": -0.11907944175306544, "pol2": 0.20446286344242154, "pol3": 0.008567579610010834, "pol4": 0.42127242826703076, "v0s": 4.84950066619038}, "datetime": {"datetime": "2022-05-16 22:56:08", "elapsed": 11584.149364, "delta": 10.994592}}
{"target": -1.0, "params": {"Bgrad": 1.9926060871773166, "d1": -2.2798450854542347, "d2": 0.4020547179459649, "d3": -0.2596620331628634, "d4": -3.0, "p1": 9.782552819625327, "p2": 36.7490059456771, "p3": 43.46362627399382, "p4": 33.02086246456575, "pol1": -0.5469200843121966, "pol2": -0.8525525878922656, "pol3": -0.30491388139925635, "pol4": -0.38120809933068, "v0s": 6.280840370894738}, "datetime": {"datetime": "2022-05-16 22:56:24", "elapsed": 11599.530225, "delta": 15.380861}}
{"target": 5.432219167560852, "params": {"Bgrad": 1.6526330909538627, "d1": -2.7152058567803903, "d2": 0.6429106439426175, "d3": -1.4331713997683013, "d4": -2.955273847822406, "p1": 2.035181581558848, "p2": 41.524717391743096, "p3": 33.35883748167597, "p4": 38.748950922426054, "pol1": -0.876788187221057, "pol2": 0.6863360563859979, "pol3": -0.931249497593996, "pol4": 0.30112899765387113, "v0s": 5.432219167560852}, "datetime": {"datetime": "2022-05-16 22:56:34", "elapsed": 11609.29411, "delta": 9.763885}}
{"target": 4.800670086411788, "params": {"Bgrad": 0.5, "d1": -3.0, "d2": 0.21913111291012158, "d3": -1.6693662707534171, "d4": -0.7152078514364238, "p1": 32.2115968200259, "p2": 6.888730780352521, "p3": 6.565217615879372, "p4": 24.69974391571558, "pol1": 0.13251554372871105, "pol2": -1.0, "pol3": 0.6752199934481998, "pol4": -0.8440552335016538, "v0s": 4.800670086411788}, "datetime": {"datetime": "2022-05-16 22:56:42", "elapsed": 11617.36652, "delta": 8.07241}}
{"target": 2.187550484243685, "params": {"Bgrad": 0.7361699570896942, "d1": -2.8474026509213526, "d2": 0.28358469121345875, "d3": -2.3784908444855684, "d4": -2.197095952834075, "p1": 38.62055313338894, "p2": 8.44146339282818, "p3": 9.229732825231075, "p4": 31.91425111248184, "pol1": 0.5291053574209295, "pol2": 0.32712722062960253, "pol3": 0.1563903891738867, "pol4": 0.3470469575149102, "v0s": 2.187550484243685}, "datetime": {"datetime": "2022-05-16 22:56:48", "elapsed": 11624.065602, "delta": 6.699082}}
{"target": 4.048614881955111, "params": {"Bgrad": 1.871912048040929, "d1": -1.8493955043342392, "d2": 0.26370762622336574, "d3": -1.5286396416867074, "d4": -1.1117682420687172, "p1": 2.191697465611353, "p2": 29.87720091369387, "p3": 19.01804757277585, "p4": 11.391716606473585, "pol1": -0.9072380320965934, "pol2": 0.5852779276137403, "pol3": 0.4787131974577288, "pol4": 0.671517681354564, "v0s": 4.048614881955111}, "datetime": {"datetime": "2022-05-16 22:57:01", "elapsed": 11636.29988, "delta": 12.234278}}
{"target": 4.169200417949446, "params": {"Bgrad": 1.549806774424926, "d1": -1.7901194810293677, "d2": -3.0, "d3": -2.843920280860515, "d4": -3.0, "p1": 23.954895787525206, "p2": 32.460589433974285, "p3": 44.7857374926263, "p4": 45.98327818453102, "pol1": -0.5416221522815391, "pol2": 0.6269172854227902, "pol3": -0.5762310863346696, "pol4": 0.2949912934163072, "v0s": 4.169200417949446}, "datetime": {"datetime": "2022-05-16 22:57:11", "elapsed": 11646.418816, "delta": 10.118936}}
{"target": 4.686017565285452, "params": {"Bgrad": 1.9249999394184418, "d1": -2.44582942326578, "d2": 0.7529301263591647, "d3": -0.848547254060561, "d4": -2.9234190906600364, "p1": 44.112470072616034, "p2": 21.9123004426666, "p3": 25.167373560258124, "p4": 11.246222159821306, "pol1": -0.9048006235965202, "pol2": 0.04386383912424479, "pol3": 0.8908859620226094, "pol4": -0.5039760038685541, "v0s": 4.686017565285452}, "datetime": {"datetime": "2022-05-16 22:57:21", "elapsed": 11656.638482, "delta": 10.219666}}
{"target": 4.537379667998895, "params": {"Bgrad": 1.3015644984206147, "d1": -1.1780555851196244, "d2": 0.7857710178502866, "d3": -1.52440236658158, "d4": -2.8387163233161097, "p1": 4.865610844162904, "p2": 35.36680206485918, "p3": 32.928876537419804, "p4": 41.33570469193674, "pol1": -0.8584437921028394, "pol2": -0.020240960104995986, "pol3": -0.8146302697771881, "pol4": 0.6186224029098952, "v0s": 4.537379667998895}, "datetime": {"datetime": "2022-05-16 22:57:30", "elapsed": 11665.757093, "delta": 9.118611}}
{"target": -1.0, "params": {"Bgrad": 0.9737635835929239, "d1": -2.1438737138817885, "d2": -1.6665162073914361, "d3": 0.9828065109828308, "d4": -2.4987426672116837, "p1": 35.99877195660258, "p2": 10.002550105911922, "p3": 8.658227144389619, "p4": 31.446348555744624, "pol1": 0.03801075234135065, "pol2": 0.7758564642119095, "pol3": 0.15743844410391117, "pol4": -0.8258698753177931, "v0s": 4.503963749688628}, "datetime": {"datetime": "2022-05-16 22:57:49", "elapsed": 11685.077419, "delta": 19.320326}}
{"target": -1.0, "params": {"Bgrad": 0.8327131198634328, "d1": 0.44059912617129804, "d2": -0.2844987781533388, "d3": -1.022089959325736, "d4": -1.0669752649201483, "p1": 4.755790125270631, "p2": 30.59628053700249, "p3": 16.38290144756262, "p4": 9.977923517809478, "pol1": -0.5778787460988033, "pol2": -0.22916065460736612, "pol3": -0.24929706749033764, "pol4": -0.8824571103143555, "v0s": 6.052686257609922}, "datetime": {"datetime": "2022-05-16 22:58:00", "elapsed": 11695.898476, "delta": 10.821057}}
