{"target": 3.049379053891533, "params": {"Bgrad": 1.1431927405231965, "d1": -1.4715974298034418, "d2": -2.493146464612309, "d3": -2.0229333471640967, "d4": -2.682633668166724, "p1": 15.14291523587893, "p2": 37.08524001157777, "p3": 30.75078624855244, "p4": 33.62055494669629, "pol1": -0.9832338409499368, "pol2": 0.35675394450263975, "pol3": 0.006361381085774109, "pol4": -0.5381830990316416, "v0s": 3.049379053891533}, "datetime": {"datetime": "2022-04-14 17:29:41", "elapsed": 6601.318811, "delta": 6.920596}}
{"target": -1.0, "params": {"Bgrad": 0.7774744483262448, "d1": 0.37704002030039385, "d2": 0.9303591572203413, "d3": 0.6549584993665265, "d4": -1.6105223185087487, "p1": 39.011228984568184, "p2": 27.32272953507153, "p3": 40.82211987779689, "p4": 24.18634755944529, "pol1": 0.17990259659880747, "pol2": 0.574526895048523, "pol3": -0.7995307137937353, "pol4": 0.0740142336810814, "v0s": 4.195900080017926}, "datetime": {"datetime": "2022-04-14 17:29:54", "elapsed": 6613.988935, "delta": 12.670124}}
{"target": -1.0, "params": {"Bgrad": 1.4064602655033083, "d1": 0.8352100625480019, "d2": -1.4287082200121501, "d3": -1.4281080082335342, "d4": 0.1625479743583953, "p1": 32.25391995427132, "p2": 19.694200392768824, "p3": 34.447752411512575, "p4": 20.20008045271895, "pol1": -0.7277736915037558, "pol2": -0.09871346265573111, "pol3": -0.3311612146054548, "pol4": -0.5640621398776642, "v0s": 7.554648809818639}, "datetime": {"datetime": "2022-04-14 17:30:08", "elapsed": 6628.505123, "delta": 14.516188}}
{"target": 2.537784193564772, "params": {"Bgrad": 1.5344590986193367, "d1": -0.6047164375063123, "d2": -0.013370111507979843, "d3": -0.832115752914234, "d4": -0.19786770952198962, "p1": 46.527990962492254, "p2": 43.130834725261096, "p3": 8.372092875326064, "p4": 13.156951196193711, "pol1": -0.8567794411163909, "pol2": 0.957345610316694, "pol3": -0.5272318026792489, "pol4": 0.32119671185719745, "v0s": 2.537784193564772}, "datetime": {"datetime": "2022-04-14 17:30:15", "elapsed": 6635.562255, "delta": 7.057132}}
{"target": -1.0, "params": {"Bgrad": 0.8161564131305281, "d1": -0.9887024659263819, "d2": -2.580185326680288, "d3": -1.4445063892211025, "d4": -0.8480491194412765, "p1": 16.960209244254997, "p2": 27.795010556328776, "p3": 26.8384160971232, "p4": 19.53052493684529, "pol1": 0.3925401662022059, "pol2": 0.3569649079958481, "pol3": 0.3746062987487797, "pol4": 0.12298251759874845, "v0s": 4.148479484077615}, "datetime": {"datetime": "2022-04-14 17:30:23", "elapsed": 6643.457146, "delta": 7.894891}}
{"target": -1.0, "params": {"Bgrad": 1.4196685030505183, "d1": 0.742945066432799, "d2": -0.6124459002161076, "d3": 0.9183606974377008, "d4": -1.2359735183645153, "p1": 36.980598125377334, "p2": 1.8801939324800065, "p3": 38.23633195002431, "p4": 25.91407901634062, "pol1": -0.9893669340777935, "pol2": -0.445599790434803, "pol3": 0.06966446503962298, "pol4": 0.5359257565626232, "v0s": 2.318555572715151}, "datetime": {"datetime": "2022-04-14 17:30:44", "elapsed": 6664.491907, "delta": 21.034761}}
{"target": -1.0, "params": {"Bgrad": 1.3235801657757795, "d1": 0.20397822319342396, "d2": -0.4016677804860844, "d3": 0.7257880599716429, "d4": -2.7010742199409554, "p1": 13.840323130029331, "p2": 45.96187521280862, "p3": 38.250257414907146, "p4": 29.987017223604933, "pol1": 0.6659362876741408, "pol2": 0.7920869831500039, "pol3": 0.9454407057056498, "pol4": 0.9970410141796118, "v0s": 2.837896002104621}, "datetime": {"datetime": "2022-04-14 17:30:57", "elapsed": 6677.328585, "delta": 12.836678}}
{"target": -1.0, "params": {"Bgrad": 0.6058130671155488, "d1": -2.7061333825595066, "d2": -2.9410248364002123, "d3": 0.8872802919117042, "d4": -2.6209323341710835, "p1": 42.08684130929248, "p2": 34.25864984538498, "p3": 24.377858374145905, "p4": 17.33474406792891, "pol1": -0.2927044258659899, "pol2": -0.4923222353056256, "pol3": 0.8220359473972529, "pol4": 0.4512850909897379, "v0s": 2.1555547567056195}, "datetime": {"datetime": "2022-04-14 17:31:07", "elapsed": 6687.44753, "delta": 10.118945}}
{"target": -1.0, "params": {"Bgrad": 1.1922818798706718, "d1": -1.8747949098527545, "d2": -2.884135255288406, "d3": 0.5387275772371778, "d4": 0.08402143181872912, "p1": 16.486753962213047, "p2": 39.827929376835556, "p3": 16.23191611014983, "p4": 15.394122190882337, "pol1": 0.8562181570014524, "pol2": 0.9538323238917004, "pol3": 0.047110609433785644, "pol4": 0.9038703351358499, "v0s": 7.327978963558788}, "datetime": {"datetime": "2022-04-14 17:31:20", "elapsed": 6700.494647, "delta": 13.047117}}
{"target": -1.0, "params": {"Bgrad": 1.277048842391613, "d1": -1.5090047916100575, "d2": -0.1585816867215626, "d3": -1.177426301431784, "d4": -0.5791484195071486, "p1": 49.52030984449733, "p2": 38.695812497823425, "p3": 16.713820249691313, "p4": 4.449911041118898, "pol1": -0.6301888194431833, "pol2": 0.05370375178366871, "pol3": -0.165795163786284, "pol4": 0.6013193162584793, "v0s": 7.59921402912009}, "datetime": {"datetime": "2022-04-14 17:31:37", "elapsed": 6717.325646, "delta": 16.830999}}
{"target": -1.0, "params": {"Bgrad": 0.7667971219270229, "d1": 0.44026708350486476, "d2": 0.8295797053066751, "d3": 0.8378824273991285, "d4": -2.848549649118278, "p1": 2.8791752804086856, "p2": 0.28986964588444963, "p3": 15.634057807773821, "p4": 2.784920635605231, "pol1": -0.41227502905891167, "pol2": -0.28796702793762696, "pol3": 0.9073540369478437, "pol4": -0.0460981550264441, "v0s": 3.6694306545279822}, "datetime": {"datetime": "2022-04-14 17:31:48", "elapsed": 6728.131754, "delta": 10.806108}}
{"target": -1.0, "params": {"Bgrad": 1.254507792576432, "d1": -0.4265683014034578, "d2": -2.55501730973026, "d3": 0.032246632532434205, "d4": 0.40778308514918216, "p1": 42.21249297847142, "p2": 44.52534162060447, "p3": 19.092119837788058, "p4": 22.19025991832593, "pol1": -0.7968370481076676, "pol2": -0.5483861551375298, "pol3": 0.9426409385464221, "pol4": -0.43075206206252914, "v0s": 7.444376853445984}, "datetime": {"datetime": "2022-04-14 17:32:02", "elapsed": 6741.893958, "delta": 13.762204}}
{"target": -1.0, "params": {"Bgrad": 1.8358284295674667, "d1": 0.6900179890415736, "d2": -2.375401742236821, "d3": 0.5188885740055236, "d4": -0.47202019814745144, "p1": 10.531408920940121, "p2": 17.25579573900406, "p3": 7.99593942946416, "p4": 22.21740787230636, "pol1": -0.832450092309079, "pol2": -0.6693630190395203, "pol3": -0.6056073070666614, "pol4": 0.3820546831134084, "v0s": 5.442817214992118}, "datetime": {"datetime": "2022-04-14 17:32:17", "elapsed": 6757.109278, "delta": 15.21532}}
{"target": -1.0, "params": {"Bgrad": 1.8099847010550982, "d1": -2.0214637371231676, "d2": -0.4815681731243475, "d3": -2.8622749387716175, "d4": -0.9352061556917239, "p1": 43.16132408569248, "p2": 49.206327194245844, "p3": 0.4936487679459256, "p4": 12.642074103840756, "pol1": -0.5523006593449493, "pol2": -0.904924811544479, "pol3": -0.9796550874764487, "pol4": -0.01960937551153652, "v0s": 2.2728928740217644}, "datetime": {"datetime": "2022-04-14 17:32:22", "elapsed": 6762.474932, "delta": 5.365654}}
{"target": -1.0, "params": {"Bgrad": 0.917492196270353, "d1": -0.44010172356435096, "d2": -1.821231833756383, "d3": -1.9213811953637943, "d4": -0.6378139110257317, "p1": 19.026703860482, "p2": 35.126151698070046, "p3": 24.806197562493054, "p4": 31.660463290323875, "pol1": -0.29321130599674117, "pol2": -0.4259121076889827, "pol3": -0.7335857724977961, "pol4": 0.8741607695979285, "v0s": 6.829015076094768}, "datetime": {"datetime": "2022-04-14 17:32:32", "elapsed": 6771.923669, "delta": 9.448737}}
{"target": -1.0, "params": {"Bgrad": 1.9070428147345286, "d1": -2.258477901408791, "d2": 0.7326230512929022, "d3": 0.7430128307685324, "d4": -1.865821945585382, "p1": 13.731712421193148, "p2": 27.571578683668623, "p3": 9.264461968427618, "p4": 22.10505553133829, "pol1": -0.6293647081246312, "pol2": 0.8947518359079185, "pol3": -0.012350685017828766, "pol4": 0.9278355348479956, "v0s": 5.8696500350732705}, "datetime": {"datetime": "2022-04-14 17:32:52", "elapsed": 6791.85438, "delta": 19.930711}}
{"target": -1.0, "params": {"Bgrad": 1.2264736595485783, "d1": 0.87078098384479, "d2": -2.4272408731649486, "d3": -0.4706805013340136, "d4": -0.35244652865280957, "p1": 21.691991357636297, "p2": 2.9678612669478746, "p3": 24.636130058301664, "p4": 23.256697175903874, "pol1": 0.6134936215497271, "pol2": -0.4866780200940475, "pol3": -0.21713927403146283, "pol4": -0.5196555855572456, "v0s": 6.118660491034184}, "datetime": {"datetime": "2022-04-14 17:33:05", "elapsed": 6804.86659, "delta": 13.01221}}
{"target": -1.0, "params": {"Bgrad": 1.9848251800056733, "d1": -2.2902818525269524, "d2": 0.28578696090518907, "d3": -2.0760457628734668, "d4": -2.768096746508932, "p1": 6.940825902283682, "p2": 46.75765577711943, "p3": 44.427105167811405, "p4": 14.4630247741455, "pol1": 0.8955281322032138, "pol2": 0.6998610704628379, "pol3": -0.13069041185665298, "pol4": -0.06390089026705437, "v0s": 5.779118129500536}, "datetime": {"datetime": "2022-04-14 17:33:31", "elapsed": 6830.712487, "delta": 25.845897}}
{"target": -1.0, "params": {"Bgrad": 0.7370477524457191, "d1": -2.9408716530316283, "d2": -1.9379519301104566, "d3": -2.9382254722289565, "d4": -0.3020046233509701, "p1": 27.573441790638825, "p2": 16.082407280138884, "p3": 39.01011685598793, "p4": 7.289271560738852, "pol1": -0.5102387224762328, "pol2": -0.41537247592143256, "pol3": -0.6081361070020157, "pol4": -0.8241226324587934, "v0s": 7.219857081629645}, "datetime": {"datetime": "2022-04-14 17:33:40", "elapsed": 6840.138285, "delta": 9.425798}}
{"target": -1.0, "params": {"Bgrad": 0.632282968357265, "d1": -0.2651586567134485, "d2": -2.5183964925691065, "d3": -2.9572039874233034, "d4": -0.7709270797003449, "p1": 45.35545276101853, "p2": 43.02283336684426, "p3": 16.922569205912502, "p4": 1.357941466293111, "pol1": 0.6017187102600663, "pol2": 0.6119698645793319, "pol3": 0.7369762326055442, "pol4": 0.3392931997510662, "v0s": 6.8466731738904585}, "datetime": {"datetime": "2022-04-14 17:33:47", "elapsed": 6847.114633, "delta": 6.976348}}
{"target": -1.0, "params": {"Bgrad": 1.8462474234542303, "d1": -1.1846801980399508, "d2": -0.7686987851403582, "d3": -0.975475484687061, "d4": -0.23206438190312495, "p1": 34.145343381493745, "p2": 26.015681793165825, "p3": 41.42340740427357, "p4": 25.288969339493324, "pol1": 0.6497171247704638, "pol2": -0.4363098237135141, "pol3": -0.6430103340450235, "pol4": 0.939741140689428, "v0s": 6.451637152736461}, "datetime": {"datetime": "2022-04-14 17:34:06", "elapsed": 6865.731856, "delta": 18.617223}}
{"target": -1.0, "params": {"Bgrad": 0.8896875399566218, "d1": -0.6750586308353133, "d2": 0.8210490141527473, "d3": -2.6769843687516848, "d4": -2.6658631717530357, "p1": 30.956741570995362, "p2": 11.224673941797885, "p3": 38.259197836675405, "p4": 28.407627147455255, "pol1": 0.33237618044699047, "pol2": -0.7843721984108152, "pol3": -0.8314338971268864, "pol4": 0.25024213661097927, "v0s": 4.458387566804123}, "datetime": {"datetime": "2022-04-14 17:34:14", "elapsed": 6874.520359, "delta": 8.788503}}
{"target": -1.0, "params": {"Bgrad": 0.6308787858079727, "d1": -1.5157442199352436, "d2": -0.3114223613726055, "d3": -2.241650399233657, "d4": 0.5829164341148165, "p1": 47.492319444004366, "p2": 48.07862712172669, "p3": 36.50412788701301, "p4": 20.314421384415756, "pol1": 0.4874983927024392, "pol2": -0.42402624145049694, "pol3": -0.3711655552185076, "pol4": 0.2117927224357159, "v0s": 5.5690828004475055}, "datetime": {"datetime": "2022-04-14 17:34:23", "elapsed": 6883.261986, "delta": 8.741627}}
{"target": -1.0, "params": {"Bgrad": 1.8179914644737165, "d1": -1.9815969773576922, "d2": 0.06475346081128697, "d3": 0.7640530672756052, "d4": -2.9958682693690615, "p1": 23.804455900105243, "p2": 32.852016451236466, "p3": 42.166160695976124, "p4": 9.186970593800087, "pol1": 0.7123184759747436, "pol2": -0.2712690402859441, "pol3": 0.7845478585523449, "pol4": -0.94457651975527, "v0s": 2.5123408347390237}, "datetime": {"datetime": "2022-04-14 17:34:40", "elapsed": 6900.589658, "delta": 17.327672}}
{"target": -1.0, "params": {"Bgrad": 1.9721156986311688, "d1": -0.5619922969060136, "d2": -1.329470612743267, "d3": -2.323143261225238, "d4": -0.40039538764124005, "p1": 1.848753417967891, "p2": 15.580695673035233, "p3": 16.173959849453766, "p4": 30.37209467572768, "pol1": 0.30166251335139416, "pol2": 0.6921091984729386, "pol3": 0.8551618851950868, "pol4": 0.32091545522219933, "v0s": 5.469043510451229}, "datetime": {"datetime": "2022-04-14 17:34:55", "elapsed": 6914.89142, "delta": 14.301762}}
{"target": -1.0, "params": {"Bgrad": 0.5490271586357763, "d1": 0.4761431472576527, "d2": 0.5879997853941924, "d3": -1.7848973541030695, "d4": -0.3245610899111158, "p1": 10.510831080574393, "p2": 1.5517288346061957, "p3": 43.98429022329512, "p4": 48.399359834178846, "pol1": -1.0, "pol2": 0.4431457019082959, "pol3": 0.9658698104690321, "pol4": -1.0, "v0s": 4.411212706938539}, "datetime": {"datetime": "2022-04-14 17:35:06", "elapsed": 6926.238082, "delta": 11.346662}}
{"target": 3.7513329074120145, "params": {"Bgrad": 1.1257663557303519, "d1": -1.1323483290487029, "d2": 0.3656257714467772, "d3": -0.16559387300418482, "d4": -2.4935982418975775, "p1": 4.128520265750163, "p2": 0.2373485809290865, "p3": 42.66183696449527, "p4": 46.03694655393574, "pol1": -0.19734221580361844, "pol2": 0.4568198782874604, "pol3": 0.8856956090414703, "pol4": -0.6484274759490611, "v0s": 3.7513329074120145}, "datetime": {"datetime": "2022-04-14 17:35:15", "elapsed": 6935.501315, "delta": 9.263233}}
{"target": 3.472493939878153, "params": {"Bgrad": 1.0923891351810764, "d1": 0.09081847142954924, "d2": -0.33022807315841307, "d3": -0.4736944244756769, "d4": -0.12670324497915475, "p1": 10.084455714620038, "p2": 1.1726940111899675, "p3": 44.56752276253977, "p4": 47.03714073742557, "pol1": -0.9519150337093689, "pol2": 0.12297300599087202, "pol3": 0.2497571999722783, "pol4": -0.43777267402903797, "v0s": 3.472493939878153}, "datetime": {"datetime": "2022-04-14 17:35:24", "elapsed": 6944.465348, "delta": 8.964033}}
{"target": -1.0, "params": {"Bgrad": 1.5024362450533544, "d1": -2.6232300318590305, "d2": 0.07319354339567186, "d3": -1.6330857020171115, "d4": 0.6933956252376481, "p1": 16.714198693387868, "p2": 21.012472751344504, "p3": 22.0107515921003, "p4": 23.642331628095064, "pol1": 0.1293590150927919, "pol2": 0.6749186488527066, "pol3": 0.33279548471660636, "pol4": -0.5984155317151598, "v0s": 6.520655131337272}, "datetime": {"datetime": "2022-04-14 17:35:47", "elapsed": 6967.398034, "delta": 22.932686}}
{"target": -1.0, "params": {"Bgrad": 0.6118366975424769, "d1": -2.6129638462360516, "d2": 0.045053602152777206, "d3": 0.021921481230684048, "d4": -1.2342230714164044, "p1": 32.622557800678486, "p2": 7.258478986923306, "p3": 5.10601675945907, "p4": 24.767531734192044, "pol1": 0.24308606600383964, "pol2": -0.28474560757028633, "pol3": 0.3954149210038769, "pol4": 0.0197650489234642, "v0s": 2.987419408509064}, "datetime": {"datetime": "2022-04-14 17:35:56", "elapsed": 6975.909278, "delta": 8.511244}}
{"target": 3.8281261297936053, "params": {"Bgrad": 0.7207564833606128, "d1": -2.285725530772484, "d2": 0.05767310928617847, "d3": -1.836747043719669, "d4": 0.037066829690312574, "p1": 10.310174526003463, "p2": 28.076344777046977, "p3": 48.7264498258645, "p4": 21.06818195446406, "pol1": -0.47967397616899976, "pol2": 0.2158478933118853, "pol3": -0.8815994024587438, "pol4": -0.32531445002191217, "v0s": 3.8281261297936053}, "datetime": {"datetime": "2022-04-14 17:36:00", "elapsed": 6980.384313, "delta": 4.475035}}
{"target": -1.0, "params": {"Bgrad": 1.1818791609314432, "d1": -0.988268970425914, "d2": -0.7427806062906321, "d3": 0.5225002120489939, "d4": -2.4573092871252324, "p1": 34.05051942740167, "p2": 7.302047162987268, "p3": 7.565086809556648, "p4": 27.242863167538893, "pol1": 0.3378799138978954, "pol2": 0.15390608840646158, "pol3": -0.9399458663661342, "pol4": 0.2664830511352354, "v0s": 5.333119060201047}, "datetime": {"datetime": "2022-04-14 17:36:17", "elapsed": 6996.833336, "delta": 16.449023}}
{"target": -1.0, "params": {"Bgrad": 1.5211051208888473, "d1": -2.0037918300600883, "d2": 0.2230479012048865, "d3": -0.12343623421278016, "d4": 0.36051927655499894, "p1": 36.0086824660127, "p2": 10.134560757227579, "p3": 8.571357840354915, "p4": 26.463464490701156, "pol1": 0.2353064311193398, "pol2": -0.9021896403777905, "pol3": -0.8388928177267159, "pol4": 0.06759390385053887, "v0s": 4.230853725269054}, "datetime": {"datetime": "2022-04-14 17:36:36", "elapsed": 7016.514712, "delta": 19.681376}}
{"target": 3.490324213790749, "params": {"Bgrad": 0.9829560673280372, "d1": -2.1171474009607603, "d2": -1.3876075376541752, "d3": -0.15874899624129693, "d4": -0.7929302815562571, "p1": 4.557534243246476, "p2": 0.7852305040965057, "p3": 42.16129025182167, "p4": 48.52279271147688, "pol1": -0.24408675834368274, "pol2": 0.3532589367466609, "pol3": 0.5307096900117583, "pol4": -0.170953419896209, "v0s": 3.490324213790749}, "datetime": {"datetime": "2022-04-14 17:36:42", "elapsed": 7021.794595, "delta": 5.279883}}
{"target": -1.0, "params": {"Bgrad": 0.7199326189190532, "d1": -1.4367333565089346, "d2": -0.7955390698353644, "d3": -0.17146753434106055, "d4": 0.012991305302206602, "p1": 7.980097928738744, "p2": 31.50784668441135, "p3": 49.1564516236558, "p4": 19.364586014046665, "pol1": -0.2620983273699713, "pol2": -0.8298609230159559, "pol3": 0.33457571492857463, "pol4": 0.17746374369475704, "v0s": 5.130253895546559}, "datetime": {"datetime": "2022-04-14 17:36:51", "elapsed": 7030.854373, "delta": 9.059778}}
{"target": -1.0, "params": {"Bgrad": 1.8325869124184349, "d1": -1.0240131408181639, "d2": -3.0, "d3": -1.2000509044992103, "d4": -0.9814957270907493, "p1": 20.321397059440898, "p2": 43.080223918496124, "p3": 19.28707769592541, "p4": 47.65583555613967, "pol1": -0.46297132440196115, "pol2": -1.0, "pol3": 0.8595748203818249, "pol4": -0.008861220313378125, "v0s": 2.0124874223153433}, "datetime": {"datetime": "2022-04-14 17:36:58", "elapsed": 7038.331381, "delta": 7.477008}}
{"target": 3.753066219205389, "params": {"Bgrad": 2.0, "d1": -1.5310331230157164, "d2": 0.2817779909015973, "d3": -2.4204959833625987, "d4": -2.1144413988601634, "p1": 7.37277230345859, "p2": 36.09315751073111, "p3": 35.48893907052251, "p4": 34.15646347502978, "pol1": -0.5566001373398701, "pol2": 0.31658101648948356, "pol3": -0.5121873459956379, "pol4": -0.5460778286935399, "v0s": 3.753066219205389}, "datetime": {"datetime": "2022-04-14 17:37:11", "elapsed": 7051.084284, "delta": 12.752903}}
{"target": 4.368300404555505, "params": {"Bgrad": 1.0982532052531455, "d1": -2.3177122596454387, "d2": 0.1358538172733974, "d3": -1.187907610793177, "d4": -1.062255723809245, "p1": 2.7479589856261866, "p2": 33.97028753563455, "p3": 18.477904766953262, "p4": 10.74326823185882, "pol1": 0.025823828954400385, "pol2": 0.6759988537459978, "pol3": 0.5837984175472792, "pol4": -0.3213624494714826, "v0s": 4.368300404555505}, "datetime": {"datetime": "2022-04-14 17:37:18", "elapsed": 7058.234168, "delta": 7.149884}}
{"target": 3.0159610383411275, "params": {"Bgrad": 1.6079091856469216, "d1": -1.5190302870251473, "d2": 0.13769465673644707, "d3": -2.779107414233304, "d4": -0.07055791102214437, "p1": 12.429598500529417, "p2": 28.454170423389684, "p3": 17.070489148119844, "p4": 3.4098457920956875, "pol1": -1.0, "pol2": 0.8421849736777807, "pol3": 0.03644138394225822, "pol4": 0.5413519984841232, "v0s": 3.0159610383411275}, "datetime": {"datetime": "2022-04-14 17:37:26", "elapsed": 7066.32354, "delta": 8.089372}}
{"target": 4.063675120532735, "params": {"Bgrad": 1.372345938916975, "d1": -1.21871070494149, "d2": 0.5557806631773395, "d3": -0.15439634168124478, "d4": -0.14674685617704517, "p1": 16.453646329907045, "p2": 16.537062766172305, "p3": 26.321368556854257, "p4": 23.71262244774362, "pol1": -0.4842816246991293, "pol2": 0.21825565140879755, "pol3": -0.09516703448882893, "pol4": 0.7681090347257157, "v0s": 4.063675120532735}, "datetime": {"datetime": "2022-04-14 17:37:33", "elapsed": 7072.882004, "delta": 6.558464}}
{"target": 4.0965152986690505, "params": {"Bgrad": 1.8240487831901229, "d1": -2.6319992333218245, "d2": 0.1986893851971412, "d3": -2.657145061086929, "d4": -1.4325163233233806, "p1": 15.150647708229869, "p2": 19.89853789668198, "p3": 23.61232109426259, "p4": 19.599306563671576, "pol1": -0.8592068245366178, "pol2": 0.3972379440694094, "pol3": 0.29168424447503893, "pol4": 0.4925525773982775, "v0s": 4.0965152986690505}, "datetime": {"datetime": "2022-04-14 17:37:41", "elapsed": 7081.412197, "delta": 8.530193}}
{"target": -1.0, "params": {"Bgrad": 1.624724240443454, "d1": -0.23549180519004098, "d2": -0.684989575274277, "d3": -0.5762018423689317, "d4": -0.2899732686375103, "p1": 14.254025217112115, "p2": 15.80113791287957, "p3": 24.86738185749802, "p4": 23.56491548212073, "pol1": 0.9188732327660909, "pol2": -0.9380417685597409, "pol3": -0.26806075925721307, "pol4": 0.6036148058981934, "v0s": 3.8229268730630412}, "datetime": {"datetime": "2022-04-14 17:38:00", "elapsed": 7100.428354, "delta": 19.016157}}
{"target": 3.9188555139840098, "params": {"Bgrad": 2.0, "d1": -1.5085964645463625, "d2": 0.05375048737290698, "d3": -1.8239013190094386, "d4": -1.4188936062062587, "p1": 7.165326439082209, "p2": 35.65781549735024, "p3": 35.57387028117043, "p4": 33.830501232679445, "pol1": -0.3514422544768103, "pol2": 0.21638093119176544, "pol3": -0.366650416285289, "pol4": -0.11569985059837301, "v0s": 3.9188555139840098}, "datetime": {"datetime": "2022-04-14 17:38:12", "elapsed": 7112.151012, "delta": 11.722658}}
