{"target": -1.0, "params": {"Bgrad": 1.0482748586784238, "d1": -1.0610757287600632, "d2": 0.42071850460515847, "d3": 0.4961606791417976, "d4": -1.0620550445824914, "p1": 8.386586234916676, "p2": 26.49001043632887, "p3": 49.6953075785055, "p4": 20.781135858983905, "pol1": 0.38699247816887916, "pol2": -0.029836428577499463, "pol3": -0.10416113799633853, "pol4": -0.8650845337791286, "v0s": 4.969421979361349}, "datetime": {"datetime": "2022-04-14 16:15:10", "elapsed": 2130.454602, "delta": 16.099955}}
{"target": 2.948436709089555, "params": {"Bgrad": 1.939869339672595, "d1": -0.49311392842587365, "d2": -0.49330812177442684, "d3": 0.4353682250473305, "d4": -0.22277667313443317, "p1": 4.87241342276068, "p2": 2.466188864593372, "p3": 39.049475234625945, "p4": 45.901577630214426, "pol1": 0.942094468618881, "pol2": -0.5231368757095307, "pol3": -0.028435880483908882, "pol4": 0.9678694693049912, "v0s": 2.948436709089555}, "datetime": {"datetime": "2022-04-14 16:15:20", "elapsed": 2140.666299, "delta": 10.211697}}
{"target": -1.0, "params": {"Bgrad": 1.3956230822228453, "d1": -1.335964581184781, "d2": -0.6604699866713086, "d3": 0.06113051240526657, "d4": -0.20802684355951362, "p1": 7.113015204679041, "p2": 2.7573620080509564, "p3": 38.39114268995459, "p4": 44.54325834394729, "pol1": -0.8001847348500215, "pol2": -0.4944653758278936, "pol3": -0.8205992088335796, "pol4": -0.04241038438337963, "v0s": 5.0583631734790435}, "datetime": {"datetime": "2022-04-14 16:15:35", "elapsed": 2155.224375, "delta": 14.558076}}
{"target": 2.068822861180669, "params": {"Bgrad": 1.8261969624136614, "d1": -0.0242768560383855, "d2": 1.0, "d3": -1.5796242032790313, "d4": -1.6760593082571884, "p1": 45.133853330397606, "p2": 26.563106387697818, "p3": 26.123952430274517, "p4": 46.84781396826714, "pol1": -1.0, "pol2": 0.8519269173364824, "pol3": -1.0, "pol4": -0.7988366085589202, "v0s": 2.068822861180669}, "datetime": {"datetime": "2022-04-14 16:15:46", "elapsed": 2166.526158, "delta": 11.301783}}
{"target": -1.0, "params": {"Bgrad": 0.9572858390131114, "d1": -0.7957982013223308, "d2": 0.5150772278873665, "d3": 0.4790870964215319, "d4": 0.4501551482620636, "p1": 2.464946549035718, "p2": 1.7737062048649, "p3": 40.42635051303506, "p4": 43.83937428936143, "pol1": 0.7708236318027306, "pol2": 0.06980459240241754, "pol3": 0.48892909205461366, "pol4": 0.39379490032778075, "v0s": 3.4485299942833816}, "datetime": {"datetime": "2022-04-14 16:15:59", "elapsed": 2178.716565, "delta": 12.190407}}
{"target": 4.437100258766026, "params": {"Bgrad": 1.5066548855877082, "d1": -0.920645357232024, "d2": 0.380902361510043, "d3": 0.7091815910266761, "d4": -0.773916021772291, "p1": 4.4900086397706716, "p2": 1.3649887822233382, "p3": 40.81731543512095, "p4": 46.22101194470417, "pol1": -0.4320353039972179, "pol2": -0.13164881544581244, "pol3": -0.11901539235483347, "pol4": 0.31094150292023215, "v0s": 4.437100258766026}, "datetime": {"datetime": "2022-04-14 16:16:09", "elapsed": 2188.843489, "delta": 10.126924}}
{"target": -1.0, "params": {"Bgrad": 2.0, "d1": 0.17647345273718207, "d2": -2.300957547376199, "d3": -0.02224681534874862, "d4": -1.5539676987434599, "p1": 20.611549946716817, "p2": 42.50322299673461, "p3": 19.176068974079556, "p4": 47.94151316404192, "pol1": -0.6475812559353616, "pol2": -1.0, "pol3": 1.0, "pol4": -0.01299181596763578, "v0s": 3.1990532647372745}, "datetime": {"datetime": "2022-04-14 16:16:27", "elapsed": 2206.84835, "delta": 18.004861}}
{"target": 3.8477962789044797, "params": {"Bgrad": 1.3513155003232247, "d1": -0.5539456812528307, "d2": 0.4192402020553265, "d3": -1.16689242626187, "d4": 0.23270502094675516, "p1": 8.701241457982373, "p2": 28.586685757671226, "p3": 49.63224553886438, "p4": 20.167010022415973, "pol1": -0.20212483067160236, "pol2": 0.3637786897276054, "pol3": -0.2030229351499273, "pol4": 0.4043964021020787, "v0s": 3.8477962789044797}, "datetime": {"datetime": "2022-04-14 16:16:33", "elapsed": 2212.699705, "delta": 5.851355}}
{"target": -1.0, "params": {"Bgrad": 1.230566986242604, "d1": -1.6292375086767246, "d2": -1.6769611854209576, "d3": -0.7627958036097144, "d4": 0.7442058292281839, "p1": 18.288305281742318, "p2": 17.219029599664914, "p3": 22.603885975865218, "p4": 21.95706694815176, "pol1": -0.9173625068853515, "pol2": 0.800443859290803, "pol3": -0.48916931564563737, "pol4": 0.3186973908939914, "v0s": 3.3377135595920997}, "datetime": {"datetime": "2022-04-14 16:16:47", "elapsed": 2227.623803, "delta": 14.924098}}
{"target": -1.0, "params": {"Bgrad": 0.5326012501132183, "d1": -2.1418614675156133, "d2": -0.702899988340985, "d3": -1.0849286971932264, "d4": 0.9189851760320251, "p1": 17.939003013244996, "p2": 19.20752458369199, "p3": 19.0798873252442, "p4": 22.670633451962598, "pol1": -0.14485090560225733, "pol2": -0.9023224537704242, "pol3": -0.15914468926447212, "pol4": 0.3934773862435694, "v0s": 5.125433816493523}, "datetime": {"datetime": "2022-04-14 16:16:54", "elapsed": 2234.661985, "delta": 7.038182}}
{"target": -1.0, "params": {"Bgrad": 1.0545390020439402, "d1": -2.4374407283030077, "d2": 0.10433739474685311, "d3": -1.0257136408363676, "d4": -2.047959130145433, "p1": 9.806238927688726, "p2": 25.28965820195018, "p3": 47.33180783864758, "p4": 18.87899683643024, "pol1": -0.7774038292576091, "pol2": 0.2922826352510217, "pol3": -0.9900107913216323, "pol4": -0.24824378112160783, "v0s": 5.511192230931977}, "datetime": {"datetime": "2022-04-14 16:17:08", "elapsed": 2247.815816, "delta": 13.153831}}
{"target": -1.0, "params": {"Bgrad": 1.4759260167658814, "d1": -0.7309928323093502, "d2": -0.2859187314237472, "d3": 0.4025636449294821, "d4": -0.7340546800523727, "p1": 4.964075229457303, "p2": 1.2841494307418995, "p3": 39.81022084444089, "p4": 46.20773136059393, "pol1": -0.24441563627280669, "pol2": -0.22078692883938209, "pol3": 0.09708266397061267, "pol4": 0.4753912548958915, "v0s": 3.6856832146154375}, "datetime": {"datetime": "2022-04-14 16:17:18", "elapsed": 2258.434425, "delta": 10.618609}}
{"target": 2.67148910051981, "params": {"Bgrad": 1.575052450077107, "d1": -2.8331502698867728, "d2": -2.894637224119356, "d3": -2.9381838949875894, "d4": -1.7776979709498193, "p1": 1.5281879846789383, "p2": 4.075741327219135, "p3": 44.403902723459204, "p4": 19.72679452337905, "pol1": -0.18837681315340474, "pol2": 0.2998561401026001, "pol3": 0.33946563764034215, "pol4": 0.3786619705332246, "v0s": 2.67148910051981}, "datetime": {"datetime": "2022-04-14 16:17:26", "elapsed": 2266.096938, "delta": 7.662513}}
{"target": -1.0, "params": {"Bgrad": 1.9341218288697193, "d1": -2.230419677976065, "d2": -0.9522753411768545, "d3": -1.1605341875875745, "d4": 0.8786706893236915, "p1": 37.27568682624867, "p2": 8.958817308902633, "p3": 24.025161010013008, "p4": 49.46675843225409, "pol1": 0.15343193252712917, "pol2": -0.6142649572889165, "pol3": -0.782161998690184, "pol4": -0.5133347999277607, "v0s": 6.703206662030615}, "datetime": {"datetime": "2022-04-14 16:17:48", "elapsed": 2287.687213, "delta": 21.590275}}
{"target": -1.0, "params": {"Bgrad": 1.0820607461375256, "d1": -2.0969475103338255, "d2": -2.6849219296060536, "d3": -1.4332847643306654, "d4": 0.5964706666265469, "p1": 15.044703985695119, "p2": 19.001929446015364, "p3": 22.38571197642301, "p4": 21.887834522914858, "pol1": 0.5326476561012807, "pol2": 0.8236406674599863, "pol3": -0.6887520263777296, "pol4": -0.3529490427803825, "v0s": 2.6003291348447224}, "datetime": {"datetime": "2022-04-14 16:18:00", "elapsed": 2300.438121, "delta": 12.750908}}
{"target": -1.0, "params": {"Bgrad": 1.4624974225963923, "d1": -0.3469463423579242, "d2": -2.5449314411816872, "d3": 0.15925018843828997, "d4": -1.309497816000805, "p1": 6.088999521492077, "p2": 0.05874735441374623, "p3": 38.30270927002139, "p4": 44.96606311102111, "pol1": 0.6301900480972493, "pol2": -0.47783844104613205, "pol3": -0.6796145999216427, "pol4": -0.5558386750086302, "v0s": 4.086984414381651}, "datetime": {"datetime": "2022-04-14 16:18:16", "elapsed": 2315.990539, "delta": 15.552418}}
{"target": -1.0, "params": {"Bgrad": 1.034005462605023, "d1": -2.125023235483384, "d2": -2.591197741918904, "d3": -1.6163339857375556, "d4": -1.3404875459745358, "p1": 18.02780417511795, "p2": 16.03996817525899, "p3": 24.688071516602804, "p4": 24.15165723970334, "pol1": -0.8808304463351946, "pol2": -0.1768216280419257, "pol3": 0.9579046897705663, "pol4": -0.4260639352782958, "v0s": 4.638754662558782}, "datetime": {"datetime": "2022-04-14 16:18:26", "elapsed": 2326.260081, "delta": 10.269542}}
{"target": -1.0, "params": {"Bgrad": 0.9036535732928319, "d1": -2.233589117962114, "d2": -0.48915521185567545, "d3": -2.6781964583558637, "d4": -2.4353110185792577, "p1": 37.64847684293219, "p2": 9.771633734274737, "p3": 22.739321244935578, "p4": 48.53187733427337, "pol1": -0.08367093574782625, "pol2": -0.33216644655836847, "pol3": -0.4840025869530207, "pol4": 0.5235466416985262, "v0s": 2.694479192630653}, "datetime": {"datetime": "2022-04-14 16:18:30", "elapsed": 2330.398018, "delta": 4.137937}}
{"target": -1.0, "params": {"Bgrad": 1.71062565827516, "d1": -1.1101661923105457, "d2": -0.7190464124383968, "d3": -1.9010679588738002, "d4": -0.26698247990316837, "p1": 34.737215517756994, "p2": 9.960317306755734, "p3": 22.218537863753497, "p4": 49.66443235147427, "pol1": 0.01632285785963572, "pol2": -0.07865048675521247, "pol3": 0.4083652540459646, "pol4": -0.10436128085623242, "v0s": 5.30883577858304}, "datetime": {"datetime": "2022-04-14 16:18:48", "elapsed": 2348.423825, "delta": 18.025807}}
{"target": -1.0, "params": {"Bgrad": 1.6652469588912893, "d1": 0.9606373879969521, "d2": 0.19734291102341572, "d3": -2.3575656060709136, "d4": -0.9041795166762094, "p1": 18.65394010548999, "p2": 17.914173024481634, "p3": 20.710449604071947, "p4": 22.284850926256517, "pol1": 0.32617716817597553, "pol2": -0.10359536453341556, "pol3": -0.05201754741975462, "pol4": -0.2566701846766033, "v0s": 6.656655439668312}, "datetime": {"datetime": "2022-04-14 16:19:03", "elapsed": 2362.68669, "delta": 14.262865}}
{"target": -1.0, "params": {"Bgrad": 0.8735722050258121, "d1": -0.998863961417003, "d2": -2.5632658170247997, "d3": 0.8275172944161024, "d4": -1.7892488087395786, "p1": 6.436748798658959, "p2": 0.349864654587384, "p3": 42.58679338397584, "p4": 46.44390460584433, "pol1": 0.6047228731450092, "pol2": 0.9004291512423379, "pol3": -0.26190404417114577, "pol4": 0.2660534169901947, "v0s": 6.4867394485405345}, "datetime": {"datetime": "2022-04-14 16:19:11", "elapsed": 2371.087228, "delta": 8.400538}}
{"target": -1.0, "params": {"Bgrad": 1.504357333403058, "d1": -2.5106223501376266, "d2": -2.3308984019356647, "d3": -0.5478667322466744, "d4": -0.6107564736463265, "p1": 16.715128889229508, "p2": 18.045394629594995, "p3": 24.240124037539175, "p4": 23.624391249985887, "pol1": 0.22507514143921803, "pol2": -0.3126828369044983, "pol3": 0.47452542391755403, "pol4": -0.28238646931613354, "v0s": 2.6063222708224894}, "datetime": {"datetime": "2022-04-14 16:19:20", "elapsed": 2379.796941, "delta": 8.709713}}
{"target": -1.0, "params": {"Bgrad": 0.6104192630525926, "d1": -1.6504956528565518, "d2": -0.2184990843523016, "d3": -1.4229892408581328, "d4": -2.1935116391028657, "p1": 17.347057078907074, "p2": 20.40387838127586, "p3": 25.74484039463715, "p4": 22.93505418824666, "pol1": -0.5756337675033074, "pol2": 0.33606401308031075, "pol3": 0.3225952701503285, "pol4": -0.6135230856273632, "v0s": 2.5965869553094567}, "datetime": {"datetime": "2022-04-14 16:19:24", "elapsed": 2384.198174, "delta": 4.401233}}
{"target": -1.0, "params": {"Bgrad": 1.1836310943433266, "d1": 0.548457093024032, "d2": -0.445535064922995, "d3": -0.3246352930633627, "d4": -1.1777454065790947, "p1": 4.3209708650353456, "p2": 0.8783185379795777, "p3": 40.96548999250009, "p4": 46.95514048707003, "pol1": 0.7885403833805846, "pol2": 0.7567741620854089, "pol3": -0.85031652948936, "pol4": 0.42390336695412945, "v0s": 5.51200935398542}, "datetime": {"datetime": "2022-04-14 16:19:36", "elapsed": 2396.223025, "delta": 12.024851}}
{"target": -1.0, "params": {"Bgrad": 0.5899091709168803, "d1": -2.927592261070465, "d2": 0.8907335668939198, "d3": -2.7851620228292573, "d4": -0.7964159937371833, "p1": 16.57668647236697, "p2": 18.84108682798697, "p3": 20.246653024361468, "p4": 23.25717203112046, "pol1": 0.6469314991010442, "pol2": 0.544094733612589, "pol3": -0.29388641829496165, "pol4": 0.38096726350879817, "v0s": 2.9297836391053385}, "datetime": {"datetime": "2022-04-14 16:19:40", "elapsed": 2400.221333, "delta": 3.998308}}
{"target": -1.0, "params": {"Bgrad": 1.7383690555710727, "d1": -1.424036630225464, "d2": -1.8245497774045107, "d3": -2.8173854786864636, "d4": -0.3121974730657855, "p1": 16.379430196881838, "p2": 17.666005546273126, "p3": 22.551661963447195, "p4": 24.376533727053072, "pol1": 0.002657037844899568, "pol2": 0.1290198251514849, "pol3": 0.8185031714732278, "pol4": 0.7113629309649288, "v0s": 5.305462932970427}, "datetime": {"datetime": "2022-04-14 16:19:53", "elapsed": 2413.404087, "delta": 13.182754}}
{"target": -1.0, "params": {"Bgrad": 1.085521985405233, "d1": -2.4127299775693327, "d2": -1.1102050331737248, "d3": -2.1328982790167816, "d4": -0.8437281967197645, "p1": 11.469625700051239, "p2": 30.869012399697887, "p3": 48.218120708857306, "p4": 22.118940444628898, "pol1": 0.5235678872886609, "pol2": -0.4142431022332309, "pol3": 0.9234934627409628, "pol4": 0.652555245935091, "v0s": 5.968270543045563}, "datetime": {"datetime": "2022-04-14 16:20:08", "elapsed": 2427.81755, "delta": 14.413463}}
{"target": -1.0, "params": {"Bgrad": 1.932700410361191, "d1": -2.4171159074774184, "d2": -1.854740363536178, "d3": -1.1285238799518975, "d4": -1.8865632863808552, "p1": 44.60645743772441, "p2": 47.04363076047568, "p3": 42.51090361167253, "p4": 46.172980946709146, "pol1": 0.6303544519366939, "pol2": -0.6448158272323503, "pol3": -0.4809981673089563, "pol4": 0.08857085661063491, "v0s": 3.9786751329854217}, "datetime": {"datetime": "2022-04-14 16:20:32", "elapsed": 2452.372897, "delta": 24.555347}}
{"target": 3.5268605182658344, "params": {"Bgrad": 0.8623536796666282, "d1": 0.7636471159123124, "d2": -0.659964730063995, "d3": -2.4783982309698156, "d4": -0.044463428938264826, "p1": 10.141660377004925, "p2": 28.84389696927122, "p3": 48.79932413200328, "p4": 19.91729893913489, "pol1": 0.8505079552286832, "pol2": 0.19726416422034165, "pol3": -0.9344549202472894, "pol4": -0.4110096073425584, "v0s": 3.5268605182658344}, "datetime": {"datetime": "2022-04-14 16:20:40", "elapsed": 2460.311671, "delta": 7.938774}}
{"target": -1.0, "params": {"Bgrad": 1.5065999068545355, "d1": 0.01847023995296082, "d2": -0.5440086404887121, "d3": 0.7728891606907693, "d4": 0.6766094571366139, "p1": 4.314643282928726, "p2": 0.7192371048367896, "p3": 37.39009014652403, "p4": 48.474933567698436, "pol1": -0.7200688689027948, "pol2": -0.10814712905576274, "pol3": -0.0007309962802584113, "pol4": -0.29210112499516816, "v0s": 4.806298603289773}, "datetime": {"datetime": "2022-04-14 16:20:57", "elapsed": 2476.683897, "delta": 16.372226}}
{"target": -1.0, "params": {"Bgrad": 1.1495555857758597, "d1": -0.65994655104923, "d2": -1.0276285437962822, "d3": -1.3693512823809404, "d4": -2.1710788001100854, "p1": 4.552233146878592, "p2": 2.1325714998509437, "p3": 37.05716432952664, "p4": 44.64380684419058, "pol1": -0.2569711002730497, "pol2": -0.6643083034912178, "pol3": 0.05095465371675911, "pol4": -0.2444989950830767, "v0s": 3.9775192628982188}, "datetime": {"datetime": "2022-04-14 16:21:10", "elapsed": 2490.590715, "delta": 13.906818}}
{"target": 3.8306686050394174, "params": {"Bgrad": 1.043840380808297, "d1": -1.386181525493666, "d2": 0.40857705554636486, "d3": -1.7063648250499186, "d4": -0.22057246846586212, "p1": 9.622853980239318, "p2": 28.183092815246734, "p3": 48.97881008854182, "p4": 20.84678288921194, "pol1": -0.29293650179704456, "pol2": 0.5573897065447955, "pol3": -0.6488909705471849, "pol4": -0.014948121462089929, "v0s": 3.8306686050394174}, "datetime": {"datetime": "2022-04-14 16:21:17", "elapsed": 2496.74127, "delta": 6.150555}}
{"target": -1.0, "params": {"Bgrad": 1.1336715231609529, "d1": 0.11038075627662725, "d2": -0.025545493223115834, "d3": 0.017168092500435606, "d4": -1.2892755891516638, "p1": 18.048172774919667, "p2": 18.866467035508744, "p3": 21.48682109166447, "p4": 22.495692302493588, "pol1": 0.028415639715257512, "pol2": 0.7780900036603604, "pol3": 0.14272039027025873, "pol4": -0.14393017072436232, "v0s": 3.862343871681996}, "datetime": {"datetime": "2022-04-14 16:22:05", "elapsed": 2545.66646, "delta": 48.92519}}
{"target": -1.0, "params": {"Bgrad": 0.8607215096113483, "d1": -2.73051549803457, "d2": -0.4663734793979817, "d3": 0.4652852800079508, "d4": -1.524721622460695, "p1": 18.454797165207452, "p2": 20.442362744335796, "p3": 21.91951438901203, "p4": 24.682989674304867, "pol1": 0.044339803533448574, "pol2": -0.9710688687821192, "pol3": 0.9758955695153417, "pol4": -0.5287975283290074, "v0s": 3.972340961991028}, "datetime": {"datetime": "2022-04-14 16:22:22", "elapsed": 2561.837225, "delta": 16.170765}}
{"target": -1.0, "params": {"Bgrad": 0.8368854247637872, "d1": -2.9168677837280144, "d2": -1.7581193630333463, "d3": -2.4393687057951623, "d4": 0.528154030163837, "p1": 36.51743471052284, "p2": 5.32833969518669, "p3": 19.76052443995852, "p4": 48.926018719497314, "pol1": 0.4916045628332635, "pol2": 0.15196127931663073, "pol3": -0.7317780109346024, "pol4": -0.4080056454510741, "v0s": 2.5139545837693147}, "datetime": {"datetime": "2022-04-14 16:22:37", "elapsed": 2577.0316, "delta": 15.194375}}
{"target": -1.0, "params": {"Bgrad": 0.7304216804568919, "d1": -2.513898949510268, "d2": -1.931089403319072, "d3": -1.3957149390158654, "d4": -0.15349251350433413, "p1": 11.627830757560448, "p2": 27.6069625134956, "p3": 46.12444573581232, "p4": 22.381669662743427, "pol1": 0.11882076368897843, "pol2": 0.3405964465788467, "pol3": 0.0797519559489197, "pol4": 0.4555923931382293, "v0s": 4.0612878355182875}, "datetime": {"datetime": "2022-04-14 16:22:47", "elapsed": 2587.007926, "delta": 9.976326}}
{"target": -1.0, "params": {"Bgrad": 0.6272956302939555, "d1": -0.06786131370791698, "d2": -0.7730539834176343, "d3": -1.7984520050832544, "d4": 0.35654278244962784, "p1": 29.090585498763925, "p2": 8.379440681266274, "p3": 22.19898127290452, "p4": 27.762673083546762, "pol1": 0.452866978006425, "pol2": 0.5440310274128083, "pol3": -0.6889270927622473, "pol4": 0.6501521664899783, "v0s": 2.677968217175902}, "datetime": {"datetime": "2022-04-14 16:22:51", "elapsed": 2591.063084, "delta": 4.055158}}
{"target": -1.0, "params": {"Bgrad": 0.7501909435371181, "d1": -0.14781569374636172, "d2": -2.122039995521698, "d3": -1.9656003408061484, "d4": -1.9212742956955942, "p1": 20.220336485869105, "p2": 44.75646458972481, "p3": 19.219195834555308, "p4": 47.247595097840545, "pol1": 0.8353837579352155, "pol2": 0.7862278132128393, "pol3": -0.21896941971967165, "pol4": -0.5880103936216119, "v0s": 3.2800047002980595}, "datetime": {"datetime": "2022-04-14 16:23:00", "elapsed": 2600.190681, "delta": 9.127597}}
{"target": -1.0, "params": {"Bgrad": 1.6052906316929691, "d1": -1.5483050378597438, "d2": 0.5193276524322701, "d3": -1.5519061466380477, "d4": -0.1408232089742505, "p1": 8.57848808847631, "p2": 30.351338349891698, "p3": 47.3236326873688, "p4": 21.658391159516903, "pol1": 0.07773033028659926, "pol2": 0.9864717249564796, "pol3": 0.9630089629758616, "pol4": -0.01149332350154264, "v0s": 3.3851361702972858}, "datetime": {"datetime": "2022-04-14 16:23:19", "elapsed": 2619.080175, "delta": 18.889494}}
{"target": -1.0, "params": {"Bgrad": 1.1207691999520288, "d1": 1.0, "d2": -1.5798736666042847, "d3": -2.2779724107519472, "d4": -2.146074064250096, "p1": 46.942218175173586, "p2": 46.76159564324543, "p3": 41.55547747073478, "p4": 45.88893266488251, "pol1": -0.6240018611427139, "pol2": -1.0, "pol3": -0.6882171786168745, "pol4": -0.6708095406610938, "v0s": 2.6432121181910073}, "datetime": {"datetime": "2022-04-14 16:23:34", "elapsed": 2633.698092, "delta": 14.617917}}
{"target": -1.0, "params": {"Bgrad": 1.7792179175464264, "d1": -1.0512588951841968, "d2": 0.6153113181304004, "d3": -0.22949899535637686, "d4": 0.6625282733236038, "p1": 4.462842799353417, "p2": 2.8995989970214353, "p3": 41.09546609637902, "p4": 46.44372230080099, "pol1": 0.91339341756481, "pol2": -0.2593923387192403, "pol3": 0.13553693225540164, "pol4": 0.5216395246602401, "v0s": 2.7876807174606766}, "datetime": {"datetime": "2022-04-14 16:23:56", "elapsed": 2656.238826, "delta": 22.540734}}
{"target": -1.0, "params": {"Bgrad": 1.1365052380744567, "d1": -1.5657294620475217, "d2": -1.7435742496440425, "d3": -0.3780616256141376, "d4": -0.41764447528370763, "p1": 26.593790451387868, "p2": 9.747934222117728, "p3": 23.25966079271371, "p4": 26.78643034818998, "pol1": -0.09765401650099648, "pol2": 0.7943452201225456, "pol3": -0.09413321724259283, "pol4": 0.8847976122082732, "v0s": 2.9823724997763974}, "datetime": {"datetime": "2022-04-14 16:24:11", "elapsed": 2671.40727, "delta": 15.168444}}
{"target": -1.0, "params": {"Bgrad": 1.3973904583624104, "d1": -2.21351165074579, "d2": -2.7648611101738854, "d3": -0.18056185119775803, "d4": -1.215164961623719, "p1": 16.64074566000441, "p2": 20.001774031026155, "p3": 23.062017113120937, "p4": 20.811324203357586, "pol1": -0.4557219838718034, "pol2": 0.43897959520375607, "pol3": -0.09376164106442753, "pol4": 0.26792083454139326, "v0s": 3.3187807413305057}, "datetime": {"datetime": "2022-04-14 16:24:20", "elapsed": 2680.265586, "delta": 8.858316}}
{"target": 3.150728384229984, "params": {"Bgrad": 1.3688952241452534, "d1": -1.9112621499146292, "d2": -3.0, "d3": -2.9495012182327125, "d4": -3.0, "p1": 5.992028261268008, "p2": 11.451619394367778, "p3": 35.18190207728705, "p4": 27.88924307257377, "pol1": -0.7276954728871475, "pol2": -0.7914317179649518, "pol3": 1.0, "pol4": 0.1904466301580645, "v0s": 3.150728384229984}, "datetime": {"datetime": "2022-04-14 16:24:28", "elapsed": 2688.001902, "delta": 7.736316}}
