{"target": -1.0, "params": {"Bgrad": 1.7340627315524504, "d1": -1.2115733345852226, "d2": -0.0698034612439078, "d3": -1.6244940561456191, "d4": -0.9019921598983593, "p1": 6.939359854635025, "p2": 14.275408830792186, "p3": 34.7645191008969, "p4": 2.0272389681827265, "pol1": 0.6560263611077044, "pol2": 0.4910116508051332, "pol3": -0.17052038740985243, "pol4": 0.10590745324913198, "v0s": 4.606736256550953}, "datetime": {"datetime": "2022-04-28 19:10:57", "elapsed": 13169.82603, "delta": 19.851919}}
{"target": -1.0, "params": {"Bgrad": 1.1962348152053897, "d1": -2.7908132042633094, "d2": -1.079972380166791, "d3": 0.31451099352840783, "d4": 0.005827624593194081, "p1": 7.483297250299775, "p2": 14.982433790469402, "p3": 45.71449565775735, "p4": 3.415538120040523, "pol1": 0.11824038777364398, "pol2": -0.747315512400532, "pol3": -0.7636609266809773, "pol4": -0.02148960291355273, "v0s": 5.103478233598113}, "datetime": {"datetime": "2022-04-28 19:11:14", "elapsed": 13186.85051, "delta": 17.02448}}
{"target": 5.820952685037989, "params": {"Bgrad": 1.8819801315037057, "d1": -2.7352853497300003, "d2": 0.1489852314184903, "d3": -0.45007649468946687, "d4": -0.9364611783086643, "p1": 15.561397244954378, "p2": 14.403113506331621, "p3": 29.543776080556167, "p4": 34.13627503934231, "pol1": 0.29081453420735404, "pol2": 0.4067311018556492, "pol3": -0.11425516673531178, "pol4": 0.32749923895134225, "v0s": 5.820952685037989}, "datetime": {"datetime": "2022-04-28 19:11:27", "elapsed": 13200.17588, "delta": 13.32537}}
{"target": -1.0, "params": {"Bgrad": 0.8214653182390401, "d1": -2.1317808373248814, "d2": 0.30558315951778914, "d3": -1.6600046930314547, "d4": -1.9073205421095683, "p1": 20.109020975975263, "p2": 24.04468135334139, "p3": 10.465065551707903, "p4": 36.336387370710874, "pol1": 0.45915616573397533, "pol2": 0.6173450734770229, "pol3": 0.16807050438403626, "pol4": 0.21659628770477912, "v0s": 2.3282087411537633}, "datetime": {"datetime": "2022-04-28 19:11:35", "elapsed": 13207.729683, "delta": 7.553803}}
{"target": 4.687796330077388, "params": {"Bgrad": 0.9992606876054912, "d1": -2.869424138806762, "d2": -0.4678015434794351, "d3": -0.35597018867715147, "d4": -0.6378442916416655, "p1": 32.53275763452688, "p2": 8.33337000290057, "p3": 7.388862760327048, "p4": 25.665283309535713, "pol1": 0.7266572965680219, "pol2": -0.6285626487665212, "pol3": -0.018505501979739138, "pol4": -0.16923247321393442, "v0s": 4.687796330077388}, "datetime": {"datetime": "2022-04-28 19:11:41", "elapsed": 13214.041805, "delta": 6.312122}}
{"target": -1.0, "params": {"Bgrad": 1.9384601404515347, "d1": -2.6583824236398264, "d2": -2.2951843787605615, "d3": -2.6649589655301136, "d4": -0.5260704473155077, "p1": 42.02513490541419, "p2": 24.890025918318642, "p3": 12.886071024790468, "p4": 39.27670268285986, "pol1": -0.16563194311444296, "pol2": 0.027078883920121852, "pol3": 0.8053121981292117, "pol4": -0.06104583839502457, "v0s": 3.731043508973097}, "datetime": {"datetime": "2022-04-28 19:11:56", "elapsed": 13229.423677, "delta": 15.381872}}
{"target": -1.0, "params": {"Bgrad": 0.7209472197998925, "d1": -0.9147744728844023, "d2": -2.1922417552635234, "d3": -0.8166532295100253, "d4": -0.04397688077178685, "p1": 33.02888982065949, "p2": 11.250613266723391, "p3": 22.288820253407494, "p4": 46.02756694828967, "pol1": -0.3779503248706608, "pol2": 0.08536688084850863, "pol3": -0.08605604154544833, "pol4": -0.6479039980001773, "v0s": 3.0051240800584935}, "datetime": {"datetime": "2022-04-28 19:12:05", "elapsed": 13238.494423, "delta": 9.070746}}
{"target": -1.0, "params": {"Bgrad": 0.5223890675929743, "d1": -0.3249130200622643, "d2": 0.5496810408343356, "d3": 0.8054515804048825, "d4": -2.1212588846153557, "p1": 29.893314958203693, "p2": 29.951118351271866, "p3": 8.136896227904323, "p4": 8.349645610155287, "pol1": 0.7166605310458993, "pol2": 0.7625432518923398, "pol3": 0.37332415068354363, "pol4": -0.08636335467140444, "v0s": 7.75477919631893}, "datetime": {"datetime": "2022-04-28 19:12:13", "elapsed": 13245.763986, "delta": 7.269563}}
{"target": -1.0, "params": {"Bgrad": 1.2908827473602575, "d1": -0.8198632168657598, "d2": 0.18204200371401358, "d3": -1.5452577334467121, "d4": 0.6022449044554441, "p1": 15.6658145913038, "p2": 38.272980247919094, "p3": 1.6251204690567844, "p4": 32.26395669767258, "pol1": 0.21742498213975692, "pol2": -0.5591994701310758, "pol3": -0.3200215109580644, "pol4": 0.4535249478680614, "v0s": 5.166720842403825}, "datetime": {"datetime": "2022-04-28 19:12:28", "elapsed": 13261.460018, "delta": 15.696032}}
{"target": -1.0, "params": {"Bgrad": 1.2785075657263918, "d1": -1.9703910820544221, "d2": -1.4679244317692168, "d3": -0.6612977348519786, "d4": -0.5720580714936876, "p1": 3.4472187695559375, "p2": 6.872594376727969, "p3": 23.13748662940272, "p4": 17.898005293039166, "pol1": 0.14419949615926986, "pol2": 0.5466116007310884, "pol3": -0.10070782207818851, "pol4": 0.9320354364792278, "v0s": 6.397556260731624}, "datetime": {"datetime": "2022-04-28 19:12:42", "elapsed": 13274.897089, "delta": 13.437071}}
{"target": -1.0, "params": {"Bgrad": 0.7147286237582876, "d1": -2.1902319774623558, "d2": 0.0271804229694097, "d3": -0.7198295816868261, "d4": -0.907464992683416, "p1": 12.560667275723942, "p2": 15.569730579780943, "p3": 29.90125523847246, "p4": 35.51179302692609, "pol1": -0.6674534735726936, "pol2": -0.1856976986590333, "pol3": -0.37087606914978055, "pol4": -0.882657962264277, "v0s": 7.014540984635535}, "datetime": {"datetime": "2022-04-28 19:12:53", "elapsed": 13285.965494, "delta": 11.068405}}
{"target": -1.0, "params": {"Bgrad": 0.8674128495431745, "d1": -1.7237170751832425, "d2": -1.8734752135869095, "d3": 0.8671686958728548, "d4": 0.5612953187503256, "p1": 44.269145268741376, "p2": 31.290804603545787, "p3": 46.053318527599146, "p4": 16.742883227264443, "pol1": -0.8602517461255077, "pol2": 0.6033272364534132, "pol3": -0.8991194262741486, "pol4": -0.5761712086772361, "v0s": 5.798835899095181}, "datetime": {"datetime": "2022-04-28 19:13:02", "elapsed": 13295.509974, "delta": 9.54448}}
{"target": 4.798960496042741, "params": {"Bgrad": 1.4433731274667345, "d1": -0.6051233470058683, "d2": 0.9311744191793379, "d3": -2.61534439146711, "d4": -0.5015357597798293, "p1": 11.866347844255753, "p2": 22.710139114279375, "p3": 35.27367046872924, "p4": 34.81399246565521, "pol1": 0.2931130979116874, "pol2": 0.5002467694455166, "pol3": 0.9400156610870496, "pol4": 0.1708621423067893, "v0s": 4.798960496042741}, "datetime": {"datetime": "2022-04-28 19:13:11", "elapsed": 13303.760913, "delta": 8.250939}}
{"target": 5.032023251613335, "params": {"Bgrad": 1.0405821183703077, "d1": -2.822137822598107, "d2": -0.6508659927634175, "d3": -0.29864521583201487, "d4": -0.6412547903453675, "p1": 32.3200500873332, "p2": 8.179912443962747, "p3": 7.396573405353638, "p4": 25.68068597046402, "pol1": 0.7607653613691197, "pol2": -0.5933345807927016, "pol3": -0.05926604048599853, "pol4": -0.20535494348428096, "v0s": 5.032023251613335}, "datetime": {"datetime": "2022-04-28 19:13:19", "elapsed": 13312.430731, "delta": 8.669818}}
{"target": -1.0, "params": {"Bgrad": 1.7064536580020075, "d1": 0.6226055183801589, "d2": -0.3067753574975701, "d3": -2.6757817061567972, "d4": -2.304381597076941, "p1": 29.307530846312073, "p2": 18.67050390066553, "p3": 1.7164878430171029, "p4": 11.942474246330821, "pol1": 0.16946445766713594, "pol2": 0.49870763148684577, "pol3": -0.5099126583829182, "pol4": 0.14257743448192672, "v0s": 2.9549722439305355}, "datetime": {"datetime": "2022-04-28 19:13:31", "elapsed": 13323.791355, "delta": 11.360624}}
{"target": -1.0, "params": {"Bgrad": 1.0121403182526958, "d1": -0.9967826137127473, "d2": 0.38054790476123257, "d3": 0.06693647739417186, "d4": -0.6265098898559067, "p1": 11.342006348094785, "p2": 40.8333284058087, "p3": 6.987893070277796, "p4": 22.046376959928427, "pol1": 0.20027846215273204, "pol2": -0.04808228866441211, "pol3": 0.6618719961574413, "pol4": -0.6448130656944717, "v0s": 2.7411118320646843}, "datetime": {"datetime": "2022-04-28 19:13:45", "elapsed": 13338.505014, "delta": 14.713659}}
{"target": -1.0, "params": {"Bgrad": 1.151600099429666, "d1": -2.040902511147511, "d2": 0.48972904887158375, "d3": -1.8828253941990658, "d4": -2.5843061873754207, "p1": 26.871217294703754, "p2": 39.39085134191564, "p3": 23.831964254067046, "p4": 6.21587392922463, "pol1": 0.10574014513225927, "pol2": 0.6286238725003344, "pol3": -0.5081191735644963, "pol4": 0.4754486610719084, "v0s": 2.072564212917693}, "datetime": {"datetime": "2022-04-28 19:13:56", "elapsed": 13349.463712, "delta": 10.958698}}
{"target": -1.0, "params": {"Bgrad": 1.8997382694665466, "d1": -2.380389860514184, "d2": -2.153649011756856, "d3": -1.3342626628565597, "d4": -1.4240880698299008, "p1": 32.714618681258905, "p2": 37.6028524707575, "p3": 18.82052305467215, "p4": 9.924150284080024, "pol1": 0.16080396595443758, "pol2": 0.24344264600516352, "pol3": 0.3626242721973505, "pol4": 0.8340852843071378, "v0s": 2.8730187513414713}, "datetime": {"datetime": "2022-04-28 19:14:08", "elapsed": 13361.323002, "delta": 11.85929}}
{"target": -1.0, "params": {"Bgrad": 1.3799264452849063, "d1": 0.625584484417463, "d2": -0.13600585703579293, "d3": -1.4541324150770887, "d4": 0.40602679382344586, "p1": 38.1006223586393, "p2": 27.159537823357955, "p3": 22.577360891631393, "p4": 31.825064376074195, "pol1": 0.34772068461266015, "pol2": 0.24929081970732936, "pol3": 0.3568820946107536, "pol4": 0.48028471865284805, "v0s": 5.49583708082714}, "datetime": {"datetime": "2022-04-28 19:14:22", "elapsed": 13375.309605, "delta": 13.986603}}
{"target": -1.0, "params": {"Bgrad": 1.6463950185321934, "d1": -1.7187011702728903, "d2": -1.6538256542778846, "d3": -0.312947792201148, "d4": -2.771043362480371, "p1": 2.0895454311142925, "p2": 13.434748882882065, "p3": 37.46447474661034, "p4": 44.31800697131771, "pol1": -0.3865249052108041, "pol2": -0.5141382612272265, "pol3": -0.09000903191050859, "pol4": 0.7219582573785435, "v0s": 4.387046348395979}, "datetime": {"datetime": "2022-04-28 19:14:42", "elapsed": 13394.9461, "delta": 19.636495}}
{"target": 4.530277233671215, "params": {"Bgrad": 1.4252782022386632, "d1": -2.2896741464224375, "d2": 0.015231953794981212, "d3": -0.9105812004600131, "d4": -0.3570795880351447, "p1": 0.6322778207737856, "p2": 33.6537158210163, "p3": 17.046332068447313, "p4": 11.01555495289263, "pol1": 0.8752898349516927, "pol2": 0.7035836126144301, "pol3": 0.9235697577045978, "pol4": -0.4518758372871936, "v0s": 4.530277233671215}, "datetime": {"datetime": "2022-04-28 19:14:52", "elapsed": 13404.696031, "delta": 9.749931}}
{"target": -1.0, "params": {"Bgrad": 0.5936419112304768, "d1": -2.172069459480261, "d2": -1.2932530845150105, "d3": -1.8117657278636807, "d4": -2.2560542884272516, "p1": 14.530604531218666, "p2": 45.12289443157519, "p3": 16.63627611458558, "p4": 13.701968949709325, "pol1": -0.4161834415145842, "pol2": 0.8349446830772418, "pol3": -0.8183874725127989, "pol4": 0.03146020532395011, "v0s": 3.4237339644573996}, "datetime": {"datetime": "2022-04-28 19:14:59", "elapsed": 13411.874836, "delta": 7.178805}}
{"target": -1.0, "params": {"Bgrad": 1.3328379777970167, "d1": -2.620175720790034, "d2": -0.676063709299922, "d3": -1.9880795491192464, "d4": -0.40213276818101473, "p1": 35.791347642909, "p2": 26.20928072843306, "p3": 32.8760703851555, "p4": 40.664692266252786, "pol1": 0.6150245432860642, "pol2": 0.23936398410772552, "pol3": -0.09779507575845026, "pol4": -0.1841000219052651, "v0s": 7.2484857194261805}, "datetime": {"datetime": "2022-04-29 12:34:01", "elapsed": 75754.219881, "delta": 62342.345045}}
{"target": -1.0, "params": {"Bgrad": 1.554397598171557, "d1": -2.2602599105063934, "d2": -0.7370714134829468, "d3": 0.6352321292002276, "d4": -2.3972400310069153, "p1": 42.27588377653532, "p2": 41.010123315767494, "p3": 24.967055064891724, "p4": 1.87919257428516, "pol1": -0.7049949892061291, "pol2": 0.8452773893773424, "pol3": -0.9116904079362751, "pol4": -0.255002467189281, "v0s": 5.714237808352825}, "datetime": {"datetime": "2022-04-29 12:34:16", "elapsed": 75769.089123, "delta": 14.869242}}
{"target": -1.0, "params": {"Bgrad": 0.795422058371025, "d1": 0.9243190289611891, "d2": -2.3760990678263103, "d3": -0.8412832193549025, "d4": -0.5279547026134215, "p1": 11.549497433485195, "p2": 23.315449460467068, "p3": 24.550426456646463, "p4": 38.3431188163271, "pol1": 0.2685615055477468, "pol2": -0.06489989386932082, "pol3": 0.33388508638795034, "pol4": -0.09324514695560326, "v0s": 5.1542695480484575}, "datetime": {"datetime": "2022-04-29 12:34:22", "elapsed": 75775.202777, "delta": 6.113654}}
{"target": 3.2011163944359327, "params": {"Bgrad": 1.4878520623375429, "d1": -2.2752184721845534, "d2": 0.1521982046892285, "d3": -0.5885386498464107, "d4": 0.921331540549311, "p1": 11.119159676558787, "p2": 23.313323708328674, "p3": 44.78209012997233, "p4": 30.071670484939407, "pol1": 0.45191769169762996, "pol2": -0.17265967159727946, "pol3": 0.36861924366263965, "pol4": 0.8921100596951264, "v0s": 3.2011163944359327}, "datetime": {"datetime": "2022-04-29 12:34:27", "elapsed": 75780.261252, "delta": 5.058475}}
{"target": -1.0, "params": {"Bgrad": 1.7110478958159807, "d1": 0.8781520483995857, "d2": -2.941725072946673, "d3": -2.1391616536222897, "d4": -2.530492318747481, "p1": 38.37117588707266, "p2": 4.060829297136665, "p3": 49.92067792954538, "p4": 19.48060079396526, "pol1": 0.8104055318660808, "pol2": -0.6228447930010643, "pol3": -0.11825560035541827, "pol4": 0.689623638012407, "v0s": 5.571618684039537}, "datetime": {"datetime": "2022-04-29 12:34:36", "elapsed": 75788.722627, "delta": 8.461375}}
{"target": -1.0, "params": {"Bgrad": 1.1932371450370356, "d1": -0.9494010129715296, "d2": -0.7044578924306104, "d3": -1.2387231696576273, "d4": -2.225764169104758, "p1": 5.6982880729593175, "p2": 7.561396368507401, "p3": 2.624548192656695, "p4": 27.933820553181576, "pol1": 0.6954420280720213, "pol2": -0.2817613221517785, "pol3": -0.8493782547283644, "pol4": -0.14855117602976753, "v0s": 5.612047030832008}, "datetime": {"datetime": "2022-04-29 12:34:45", "elapsed": 75797.779411, "delta": 9.056784}}
{"target": -1.0, "params": {"Bgrad": 1.1381051983634562, "d1": 0.24288493442948011, "d2": 0.767544984746821, "d3": 0.4796430930734177, "d4": -0.184002006880446, "p1": 23.514946239108763, "p2": 34.13490214516256, "p3": 0.6709155278264767, "p4": 49.12390592510219, "pol1": -0.6558453363422081, "pol2": 0.8125207919233637, "pol3": 0.6142198033322122, "pol4": 0.6002793687739754, "v0s": 3.6136163467103897}, "datetime": {"datetime": "2022-04-29 12:34:55", "elapsed": 75807.974152, "delta": 10.194741}}
{"target": -1.0, "params": {"Bgrad": 0.828730708635887, "d1": -1.284797228343645, "d2": 0.39748440292261966, "d3": -1.198481430113119, "d4": 0.7416804560282473, "p1": 17.6339663625869, "p2": 30.969608284837985, "p3": 49.03495181778901, "p4": 32.173126112040244, "pol1": -0.9090035679187924, "pol2": -0.07288581809657635, "pol3": -0.33049731257267245, "pol4": 0.0643630970433493, "v0s": 3.7084772516787883}, "datetime": {"datetime": "2022-04-29 12:35:07", "elapsed": 75819.691821, "delta": 11.717669}}
{"target": -1.0, "params": {"Bgrad": 0.6833918453450042, "d1": -0.32684404499679287, "d2": -0.27456098043477484, "d3": 0.4685571999963538, "d4": -2.4704740257490503, "p1": 39.93101541390155, "p2": 41.33843692025645, "p3": 32.3274967875576, "p4": 10.246107289031691, "pol1": -0.47715857118832417, "pol2": -0.16300636492164866, "pol3": 0.08359814556546263, "pol4": -0.045124088815565955, "v0s": 4.8047593522722165}, "datetime": {"datetime": "2022-04-29 12:35:13", "elapsed": 75826.094701, "delta": 6.40288}}
{"target": -1.0, "params": {"Bgrad": 1.759761065296501, "d1": 0.48040946123027073, "d2": 0.2670158575070669, "d3": 0.5112056745387985, "d4": -0.7159649522517078, "p1": 48.20180666695409, "p2": 30.32721741252338, "p3": 30.19738705398407, "p4": 15.964886853730942, "pol1": 0.362408368234038, "pol2": -0.896068622989278, "pol3": -0.7309071579761155, "pol4": -0.7395156648544698, "v0s": 5.931207723348415}, "datetime": {"datetime": "2022-04-29 12:35:25", "elapsed": 75838.035772, "delta": 11.941071}}
{"target": -1.0, "params": {"Bgrad": 0.7629988876570075, "d1": -1.6354127069938111, "d2": -2.8227533766675816, "d3": -2.0650625595339576, "d4": 0.8568972993971764, "p1": 25.456970125818383, "p2": 7.553725923571597, "p3": 26.150426586723214, "p4": 47.17546919555404, "pol1": 0.7313720280126681, "pol2": -0.21586826213922627, "pol3": -0.4322649680531947, "pol4": 0.5234597253854836, "v0s": 3.4429059488185265}, "datetime": {"datetime": "2022-04-29 12:35:30", "elapsed": 75843.091255, "delta": 5.055483}}
{"target": -1.0, "params": {"Bgrad": 0.8813485319860286, "d1": -2.663654583280282, "d2": 0.4565763790561075, "d3": -1.2084043375188807, "d4": -0.7528549575601056, "p1": 36.835547884676, "p2": 39.82444335655978, "p3": 22.375406949515693, "p4": 9.206377808789917, "pol1": 0.6574657030566036, "pol2": -0.9380040803434884, "pol3": 0.8934565392159048, "pol4": 0.15395569295500322, "v0s": 7.252332430704122}, "datetime": {"datetime": "2022-04-29 12:35:37", "elapsed": 75850.394727, "delta": 7.303472}}
{"target": -1.0, "params": {"Bgrad": 1.412848155460338, "d1": -1.9933616633907052, "d2": -1.8154803060163824, "d3": -0.8683097638733872, "d4": 0.848312851388374, "p1": 9.224780224508883, "p2": 25.49491890715545, "p3": 17.18940517184222, "p4": 38.48626724785929, "pol1": 0.605732972864848, "pol2": -0.15088017939556675, "pol3": -0.5917550000113283, "pol4": -0.8658210793422894, "v0s": 3.191889586523369}, "datetime": {"datetime": "2022-04-29 12:35:50", "elapsed": 75863.518636, "delta": 13.123909}}
{"target": -1.0, "params": {"Bgrad": 0.9086012751940733, "d1": -0.6048443283631584, "d2": 0.4923339890977423, "d3": -2.4870762446180548, "d4": 0.832754966859584, "p1": 34.15854219270732, "p2": 37.09821178391901, "p3": 49.14403929604953, "p4": 20.805038630907102, "pol1": 0.06316693179180355, "pol2": 0.3584259003914372, "pol3": 0.02575028517998268, "pol4": -0.40177531067832883, "v0s": 2.632308036380236}, "datetime": {"datetime": "2022-04-29 12:35:59", "elapsed": 75872.438785, "delta": 8.920149}}
{"target": -1.0, "params": {"Bgrad": 0.9273982185832171, "d1": 0.07541139315103162, "d2": -0.4368691821926154, "d3": 0.2053228128127702, "d4": -0.9315178721182935, "p1": 11.605001092316753, "p2": 31.398096349095134, "p3": 15.200274501115157, "p4": 1.4764372471010478, "pol1": 0.8066623536337512, "pol2": -0.15926086239442983, "pol3": -0.1477384391505756, "pol4": 0.4825034706637181, "v0s": 7.690750425834762}, "datetime": {"datetime": "2022-04-29 12:36:05", "elapsed": 75878.296124, "delta": 5.857339}}
{"target": -1.0, "params": {"Bgrad": 0.608773292068195, "d1": -2.3091956474709003, "d2": -1.7105700434691573, "d3": -2.006303014679204, "d4": -1.0180200745552281, "p1": 41.222980539884176, "p2": 42.6986207471088, "p3": 29.79149710293508, "p4": 12.008686691553333, "pol1": -0.6270146234546294, "pol2": 0.48678102480407803, "pol3": -0.5255718847129047, "pol4": 0.07898178185309934, "v0s": 6.495684722763151}, "datetime": {"datetime": "2022-04-29 12:36:11", "elapsed": 75883.718625, "delta": 5.422501}}
{"target": -1.0, "params": {"Bgrad": 0.8423736569230789, "d1": -2.301995249709024, "d2": -2.841057253696595, "d3": -2.40972464920021, "d4": 0.40575562778796304, "p1": 5.2317955872479285, "p2": 11.18225227636589, "p3": 1.6378599872988564, "p4": 33.81783177256393, "pol1": -0.5365937170705608, "pol2": -0.17281656439647142, "pol3": -0.7213976573525465, "pol4": -0.24556542477698695, "v0s": 4.546624797437692}, "datetime": {"datetime": "2022-04-29 12:36:18", "elapsed": 75890.928348, "delta": 7.209723}}
{"target": -1.0, "params": {"Bgrad": 1.2094474277900196, "d1": -1.3086327478455475, "d2": -2.5889737445033427, "d3": 0.090321066526176, "d4": -2.4511759860403544, "p1": 21.2146187162906, "p2": 13.597805622638976, "p3": 15.050397153995315, "p4": 33.621038629321625, "pol1": 0.03557344762682901, "pol2": -0.6198258990401189, "pol3": -0.06173112033324579, "pol4": -0.32091826240739296, "v0s": 6.226983189488756}, "datetime": {"datetime": "2022-04-29 12:36:29", "elapsed": 75902.010715, "delta": 11.082367}}
{"target": -1.0, "params": {"Bgrad": 0.8391428036488235, "d1": 0.37995254943338086, "d2": -0.8950813404334785, "d3": -0.9975217083076435, "d4": -1.9852567724492793, "p1": 9.307783486833198, "p2": 23.59095313687984, "p3": 49.091220891262864, "p4": 6.645311883091354, "pol1": -0.43307513514388574, "pol2": 0.6012823485669121, "pol3": 0.3295537970215099, "pol4": -0.4424831826131259, "v0s": 3.887885640650671}, "datetime": {"datetime": "2022-04-29 12:36:37", "elapsed": 75910.019302, "delta": 8.008587}}
{"target": -1.0, "params": {"Bgrad": 1.1299223816028936, "d1": -0.5888529510308156, "d2": -0.12264493111569807, "d3": 0.42920133380492276, "d4": -0.2755541181663612, "p1": 11.849103223584917, "p2": 46.286026766813, "p3": 39.059770033788304, "p4": 15.369074021392215, "pol1": -0.3900687167158736, "pol2": 0.7623366368578093, "pol3": -0.747843039205603, "pol4": 0.26692166847145127, "v0s": 3.666276394840545}, "datetime": {"datetime": "2022-04-29 12:36:47", "elapsed": 75920.108326, "delta": 10.089024}}
{"target": -1.0, "params": {"Bgrad": 1.7408004877089593, "d1": -1.5419062097764469, "d2": -0.0665356221246638, "d3": -2.230328438345045, "d4": -1.0742164098370424, "p1": 40.17973132155136, "p2": 19.8494105836187, "p3": 8.078701992804493, "p4": 32.44911113243237, "pol1": 0.5066516117887847, "pol2": -0.4396147292538126, "pol3": -0.09727627753519674, "pol4": 0.8008978247721306, "v0s": 7.23191378714551}, "datetime": {"datetime": "2022-04-29 12:37:00", "elapsed": 75933.447659, "delta": 13.339333}}
