{"target": -1.0, "params": {"Bgrad": 1.0328140840094657, "d1": 0.8968505115803653, "d2": -2.50891148220232, "d3": -2.249720429531042, "d4": 0.5577699018579154, "p1": 29.170315730411396, "p2": 15.462319232938981, "p3": 0.038219273909401164, "p4": 11.379886916112653, "pol1": -0.7091927316575286, "pol2": -0.5931323512598188, "pol3": 0.7926451136080093, "pol4": 0.7461887565392811, "v0s": 6.201736625800699}, "datetime": {"datetime": "2022-05-16 19:55:20", "elapsed": 735.509205, "delta": 9.384899}}
{"target": 3.1452196590338444, "params": {"Bgrad": 1.2057465142283137, "d1": 0.3085440093291534, "d2": -1.0166944116591505, "d3": -1.546045266860379, "d4": -1.897587588956565, "p1": 46.23704067691858, "p2": 19.34946171281461, "p3": 24.644043671566013, "p4": 12.721905115721105, "pol1": 0.7699330376761266, "pol2": -0.23347308638942654, "pol3": -0.4048505693722495, "pol4": 0.43518992438950876, "v0s": 3.1452196590338444}, "datetime": {"datetime": "2022-05-16 19:55:25", "elapsed": 741.209957, "delta": 5.700752}}
{"target": -1.0, "params": {"Bgrad": 0.6772889440205576, "d1": 0.3479911288540487, "d2": -0.023456314521859145, "d3": -0.6379178094115314, "d4": -2.0284337001405173, "p1": 31.162357259379203, "p2": 31.917766037058648, "p3": 16.378472205616255, "p4": 3.3744671533771142, "pol1": 0.7610771951286535, "pol2": -0.08008653785148323, "pol3": 0.5277454361328597, "pol4": -0.49222275811452065, "v0s": 5.548323093605101}, "datetime": {"datetime": "2022-05-16 19:55:32", "elapsed": 747.44528, "delta": 6.235323}}
{"target": -1.0, "params": {"Bgrad": 1.1431927405231965, "d1": -1.4715974298034418, "d2": -2.493146464612309, "d3": -2.0229333471640967, "d4": -2.682633668166724, "p1": 15.14291523587893, "p2": 37.08524001157777, "p3": 30.75078624855244, "p4": 33.62055494669629, "pol1": -0.9832338409499368, "pol2": 0.35675394450263975, "pol3": 0.006361381085774109, "pol4": -0.5381830990316416, "v0s": 3.049379053891533}, "datetime": {"datetime": "2022-05-16 19:55:39", "elapsed": 755.069887, "delta": 7.624607}}
{"target": -1.0, "params": {"Bgrad": 0.7774744483262448, "d1": 0.37704002030039385, "d2": 0.9303591572203413, "d3": 0.6549584993665265, "d4": -1.6105223185087487, "p1": 39.011228984568184, "p2": 27.32272953507153, "p3": 40.82211987779689, "p4": 24.18634755944529, "pol1": 0.17990259659880747, "pol2": 0.574526895048523, "pol3": -0.7995307137937353, "pol4": 0.0740142336810814, "v0s": 4.195900080017926}, "datetime": {"datetime": "2022-05-16 19:55:48", "elapsed": 763.328798, "delta": 8.258911}}
{"target": -1.0, "params": {"Bgrad": 1.4064602655033083, "d1": 0.8352100625480019, "d2": -1.4287082200121501, "d3": -1.4281080082335342, "d4": 0.1625479743583953, "p1": 32.25391995427132, "p2": 19.694200392768824, "p3": 34.447752411512575, "p4": 20.20008045271895, "pol1": -0.7277736915037558, "pol2": -0.09871346265573111, "pol3": -0.3311612146054548, "pol4": -0.5640621398776642, "v0s": 7.554648809818639}, "datetime": {"datetime": "2022-05-16 19:55:57", "elapsed": 772.758577, "delta": 9.429779}}
{"target": 2.537784193564772, "params": {"Bgrad": 1.5344590986193367, "d1": -0.6047164375063123, "d2": -0.013370111507979843, "d3": -0.832115752914234, "d4": -0.19786770952198962, "p1": 46.527990962492254, "p2": 43.130834725261096, "p3": 8.372092875326064, "p4": 13.156951196193711, "pol1": -0.8567794411163909, "pol2": 0.957345610316694, "pol3": -0.5272318026792489, "pol4": 0.32119671185719745, "v0s": 2.537784193564772}, "datetime": {"datetime": "2022-05-16 19:56:01", "elapsed": 776.370915, "delta": 3.612338}}
{"target": -1.0, "params": {"Bgrad": 0.8161564131305281, "d1": -0.9887024659263819, "d2": -2.580185326680288, "d3": -1.4445063892211025, "d4": -0.8480491194412765, "p1": 16.960209244254997, "p2": 27.795010556328776, "p3": 26.8384160971232, "p4": 19.53052493684529, "pol1": 0.3925401662022059, "pol2": 0.3569649079958481, "pol3": 0.3746062987487797, "pol4": 0.12298251759874845, "v0s": 4.148479484077615}, "datetime": {"datetime": "2022-05-16 19:56:07", "elapsed": 783.148787, "delta": 6.777872}}
{"target": -1.0, "params": {"Bgrad": 1.4196685030505183, "d1": 0.742945066432799, "d2": -0.6124459002161076, "d3": 0.9183606974377008, "d4": -1.2359735183645153, "p1": 36.980598125377334, "p2": 1.8801939324800065, "p3": 38.23633195002431, "p4": 25.91407901634062, "pol1": -0.9893669340777935, "pol2": -0.445599790434803, "pol3": 0.06966446503962298, "pol4": 0.5359257565626232, "v0s": 2.318555572715151}, "datetime": {"datetime": "2022-05-16 19:56:19", "elapsed": 795.008068, "delta": 11.859281}}
{"target": -1.0, "params": {"Bgrad": 1.3235801657757795, "d1": 0.20397822319342396, "d2": -0.4016677804860844, "d3": 0.7257880599716429, "d4": -2.7010742199409554, "p1": 13.840323130029331, "p2": 45.96187521280862, "p3": 38.250257414907146, "p4": 29.987017223604933, "pol1": 0.6659362876741408, "pol2": 0.7920869831500039, "pol3": 0.9454407057056498, "pol4": 0.9970410141796118, "v0s": 2.837896002104621}, "datetime": {"datetime": "2022-05-16 19:56:30", "elapsed": 805.264635, "delta": 10.256567}}
{"target": -1.0, "params": {"Bgrad": 0.6058130671155488, "d1": -2.7061333825595066, "d2": -2.9410248364002123, "d3": 0.8872802919117042, "d4": -2.6209323341710835, "p1": 42.08684130929248, "p2": 34.25864984538498, "p3": 24.377858374145905, "p4": 17.33474406792891, "pol1": -0.2927044258659899, "pol2": -0.4923222353056256, "pol3": 0.8220359473972529, "pol4": 0.4512850909897379, "v0s": 2.1555547567056195}, "datetime": {"datetime": "2022-05-16 19:56:37", "elapsed": 812.495296, "delta": 7.230661}}
{"target": -1.0, "params": {"Bgrad": 1.1922818798706718, "d1": -1.8747949098527545, "d2": -2.884135255288406, "d3": 0.5387275772371778, "d4": 0.08402143181872912, "p1": 16.486753962213047, "p2": 39.827929376835556, "p3": 16.23191611014983, "p4": 15.394122190882337, "pol1": 0.8562181570014524, "pol2": 0.9538323238917004, "pol3": 0.047110609433785644, "pol4": 0.9038703351358499, "v0s": 7.327978963558788}, "datetime": {"datetime": "2022-05-16 19:56:48", "elapsed": 823.716284, "delta": 11.220988}}
{"target": -1.0, "params": {"Bgrad": 1.277048842391613, "d1": -1.5090047916100575, "d2": -0.1585816867215626, "d3": -1.177426301431784, "d4": -0.5791484195071486, "p1": 49.52030984449733, "p2": 38.695812497823425, "p3": 16.713820249691313, "p4": 4.449911041118898, "pol1": -0.6301888194431833, "pol2": 0.05370375178366871, "pol3": -0.165795163786284, "pol4": 0.6013193162584793, "v0s": 7.59921402912009}, "datetime": {"datetime": "2022-05-16 19:56:58", "elapsed": 834.012746, "delta": 10.296462}}
{"target": 3.113215338933632, "params": {"Bgrad": 1.1269009919208537, "d1": -2.3637924280947735, "d2": -2.4242546779920384, "d3": -2.527162587905231, "d4": -2.4509954550640933, "p1": 4.930167630979237, "p2": 11.268365478151166, "p3": 36.293699972796574, "p4": 27.62564769092371, "pol1": -0.7332602743144464, "pol2": -0.5805852011597596, "pol3": 0.5201573549961952, "pol4": 0.34814941175512615, "v0s": 3.113215338933632}, "datetime": {"datetime": "2022-05-16 19:57:03", "elapsed": 839.060244, "delta": 5.047498}}
{"target": 5.4576858623248, "params": {"Bgrad": 1.0092388737131148, "d1": -2.8001440206116737, "d2": 1.0, "d3": -0.6809986758661337, "d4": -1.9078793060785266, "p1": 45.80943878541645, "p2": 24.850460053672847, "p3": 21.954921269005204, "p4": 27.638779193893896, "pol1": -0.3742452239951965, "pol2": -0.3968352758777656, "pol3": -0.15910236653665422, "pol4": -0.487744490806589, "v0s": 5.4576858623248}, "datetime": {"datetime": "2022-05-16 19:57:11", "elapsed": 846.435518, "delta": 7.375274}}
{"target": 4.594240351345993, "params": {"Bgrad": 1.1885647420059828, "d1": -1.1080866079074596, "d2": 0.9825171120622513, "d3": -0.4974654977098143, "d4": -2.4197800473219653, "p1": 42.064070371381035, "p2": 20.58651932511271, "p3": 18.3683285927055, "p4": 18.835326799622443, "pol1": 0.19375850103662687, "pol2": -0.25271849786141287, "pol3": 0.31425799345600874, "pol4": -0.21742897360977484, "v0s": 4.594240351345993}, "datetime": {"datetime": "2022-05-16 19:57:17", "elapsed": 852.714724, "delta": 6.279206}}
{"target": 4.812009074296142, "params": {"Bgrad": 1.333845144275194, "d1": -1.24148397946029, "d2": 1.0, "d3": -0.16744109024325346, "d4": -2.4948476474447854, "p1": 38.813989201550996, "p2": 19.213387326251887, "p3": 15.765135779824735, "p4": 17.475845506152982, "pol1": 0.36382405371153875, "pol2": -0.3503671892991408, "pol3": 0.7417358265793392, "pol4": -0.41891592505750713, "v0s": 4.812009074296142}, "datetime": {"datetime": "2022-05-16 19:57:25", "elapsed": 860.56772, "delta": 7.852996}}
{"target": -1.0, "params": {"Bgrad": 1.4659601141913465, "d1": -2.411093171186087, "d2": 1.0, "d3": -0.06509838482432377, "d4": -2.264868107103932, "p1": 39.876219914315534, "p2": 22.829075819252683, "p3": 15.726241244134714, "p4": 19.334986318671437, "pol1": -0.04370129100737404, "pol2": -0.5394994954567612, "pol3": 0.9325499368132485, "pol4": -0.8694577198207107, "v0s": 5.95321994382597}, "datetime": {"datetime": "2022-05-16 19:57:37", "elapsed": 872.895747, "delta": 12.328027}}
{"target": 4.317242583781061, "params": {"Bgrad": 1.262576958448769, "d1": -0.60868551207731, "d2": 0.6467487777268266, "d3": -0.5951379851756344, "d4": -2.306339014452184, "p1": 40.28122298116403, "p2": 19.289543158983186, "p3": 18.290913867749385, "p4": 16.25207561586447, "pol1": 0.5309654243781344, "pol2": -0.2514429944138104, "pol3": 0.35953717690542214, "pol4": -0.048768710365146246, "v0s": 4.317242583781061}, "datetime": {"datetime": "2022-05-16 19:57:44", "elapsed": 879.682595, "delta": 6.786848}}
{"target": 4.818025749267926, "params": {"Bgrad": 1.3564384327842895, "d1": -1.448436190959926, "d2": 0.5059404209712635, "d3": -0.6821551068664484, "d4": -1.823469915017667, "p1": 38.95993338869549, "p2": 20.007696326380866, "p3": 18.4479039860986, "p4": 18.159962765625465, "pol1": 0.6469640977324458, "pol2": -0.46930753458155705, "pol3": 0.36284150984754654, "pol4": -0.20731036207831663, "v0s": 4.818025749267926}, "datetime": {"datetime": "2022-05-16 19:57:52", "elapsed": 887.823413, "delta": 8.140818}}
{"target": -1.0, "params": {"Bgrad": 0.7897943307386048, "d1": -2.2541344584169196, "d2": -0.830285107521199, "d3": -0.015974643256760235, "d4": -2.678606411947421, "p1": 45.877124525273814, "p2": 25.186149083490463, "p3": 21.41335109159293, "p4": 27.63793163292671, "pol1": 0.6021977550063013, "pol2": 0.44805456284444545, "pol3": 0.5034495479423058, "pol4": -0.1037702312536879, "v0s": 5.288897855953259}, "datetime": {"datetime": "2022-05-16 19:58:01", "elapsed": 896.899197, "delta": 9.075784}}
{"target": 5.038218648933558, "params": {"Bgrad": 1.4659070793189064, "d1": -1.731211807137906, "d2": 0.34066735420432936, "d3": -0.3334497121519579, "d4": -2.2754737811486923, "p1": 40.53740329214809, "p2": 19.913543867200797, "p3": 17.330215276880008, "p4": 17.3057838028388, "pol1": 0.21331871131239066, "pol2": -0.5865820082616591, "pol3": 0.7070377637930719, "pol4": -0.7251783245917098, "v0s": 5.038218648933558}, "datetime": {"datetime": "2022-05-16 19:58:08", "elapsed": 903.25021, "delta": 6.351013}}
{"target": 4.574819083562165, "params": {"Bgrad": 0.7971769090794427, "d1": -2.6491813318418496, "d2": -2.879056906926213, "d3": -2.705577403896944, "d4": -1.4029415372582321, "p1": 5.588522563190767, "p2": 2.9329298220518365, "p3": 37.470514913309685, "p4": 21.0328117204917, "pol1": 0.2805879980165892, "pol2": -0.1956057561813934, "pol3": 0.03378623319595727, "pol4": -0.0014050743846647075, "v0s": 4.574819083562165}, "datetime": {"datetime": "2022-05-16 19:58:12", "elapsed": 907.442996, "delta": 4.192786}}
{"target": 4.458868073274639, "params": {"Bgrad": 1.159384264353229, "d1": -0.3853967931636494, "d2": 1.0, "d3": -0.9540279718426412, "d4": -2.1151867054609172, "p1": 39.91163021386995, "p2": 20.77371876708967, "p3": 17.08219942786699, "p4": 17.409803653010503, "pol1": -0.06217001809955188, "pol2": -0.26869490125948203, "pol3": -0.10882140496545235, "pol4": 0.22294844059728264, "v0s": 4.458868073274639}, "datetime": {"datetime": "2022-05-16 19:58:21", "elapsed": 916.288338, "delta": 8.845342}}
{"target": 4.604043699885958, "params": {"Bgrad": 1.0416973318371832, "d1": -2.490535997646185, "d2": -0.48588009836960017, "d3": 0.032137747290913614, "d4": -0.6619013033813457, "p1": 31.532265187879048, "p2": 6.943656756186697, "p3": 8.543414154120665, "p4": 24.968484373258672, "pol1": 0.7361041399491656, "pol2": -0.7099292989923033, "pol3": -0.10430034678532525, "pol4": -0.32361624184939364, "v0s": 4.604043699885958}, "datetime": {"datetime": "2022-05-16 19:58:27", "elapsed": 923.128044, "delta": 6.839706}}
{"target": -1.0, "params": {"Bgrad": 1.2930802806637565, "d1": -3.0, "d2": 1.0, "d3": -1.5994290276313303, "d4": -0.822890675164579, "p1": 45.93274981409116, "p2": 24.532990551938727, "p3": 22.953145888989454, "p4": 28.180502255854158, "pol1": -1.0, "pol2": -1.0, "pol3": -1.0, "pol4": -1.0, "v0s": 5.697136410862293}, "datetime": {"datetime": "2022-05-16 19:58:38", "elapsed": 933.778558, "delta": 10.650514}}
{"target": -1.0, "params": {"Bgrad": 1.5708530957504634, "d1": -1.206974873818122, "d2": -1.1800980840759148, "d3": 0.582905753177771, "d4": -1.03036789111417, "p1": 32.63738881456016, "p2": 9.528597396192694, "p3": 10.131152509826075, "p4": 25.814982763904382, "pol1": -0.5790216162271351, "pol2": 0.7575433728657921, "pol3": -0.7830729815449633, "pol4": -0.7555773209804655, "v0s": 5.522799403644427}, "datetime": {"datetime": "2022-05-16 19:58:51", "elapsed": 946.658111, "delta": 12.879553}}
{"target": 4.598221473910919, "params": {"Bgrad": 1.5961357670897085, "d1": -1.8583698353126572, "d2": 0.16125825581165118, "d3": -1.3443138673905926, "d4": -0.7461561442368848, "p1": 0.45304830550134956, "p2": 31.425100579394993, "p3": 16.745335500993857, "p4": 12.432609933915323, "pol1": -0.1879926364030587, "pol2": -0.10060516150130729, "pol3": 0.036995132547789626, "pol4": 0.9922973104138451, "v0s": 4.598221473910919}, "datetime": {"datetime": "2022-05-16 19:59:00", "elapsed": 955.246689, "delta": 8.588578}}
{"target": 4.595354317450886, "params": {"Bgrad": 0.6250912563267307, "d1": -2.926615659241868, "d2": -2.7121075416696807, "d3": -2.9360048522872084, "d4": -1.2785186748244783, "p1": 6.221691544127632, "p2": 2.5047321198332373, "p3": 38.94385071731517, "p4": 20.13122976025866, "pol1": 0.4546660702220701, "pol2": 0.03484789633893266, "pol3": -0.07800737961213784, "pol4": -0.2162713199842173, "v0s": 4.595354317450886}, "datetime": {"datetime": "2022-05-16 19:59:04", "elapsed": 959.556245, "delta": 4.309556}}
{"target": -1.0, "params": {"Bgrad": 1.2080463882175376, "d1": -1.0187692469287772, "d2": 1.0, "d3": 0.13441517270148143, "d4": -2.7070296901730377, "p1": 39.78642926967042, "p2": 20.5213696656681, "p3": 17.744159654843124, "p4": 17.390138218013604, "pol1": 1.0, "pol2": 0.09476420749825776, "pol3": 1.0, "pol4": -0.14119821612461786, "v0s": 4.7946492009934385}, "datetime": {"datetime": "2022-05-16 19:59:17", "elapsed": 973.006, "delta": 13.449755}}
{"target": 4.616582050792035, "params": {"Bgrad": 0.8739702613945365, "d1": -3.0, "d2": -0.2651119273075029, "d3": -0.2909641376025825, "d4": -0.46065022969384795, "p1": 31.87497941242273, "p2": 7.351393150287495, "p3": 7.238025152050784, "p4": 25.27998852964069, "pol1": 1.0, "pol2": -1.0, "pol3": 0.1249949652474284, "pol4": -0.052888569712877385, "v0s": 4.616582050792035}, "datetime": {"datetime": "2022-05-16 19:59:22", "elapsed": 977.297622, "delta": 4.291622}}
{"target": 4.86538946572449, "params": {"Bgrad": 1.0512988594082016, "d1": -3.0, "d2": -0.4402329761384922, "d3": -0.25153009136660354, "d4": -0.652991124563395, "p1": 32.18126318931035, "p2": 8.24968644054572, "p3": 8.22614307663537, "p4": 24.467867774662672, "pol1": 1.0, "pol2": -1.0, "pol3": -0.045127915698338024, "pol4": -0.3183928048594506, "v0s": 4.86538946572449}, "datetime": {"datetime": "2022-05-16 19:59:28", "elapsed": 983.83373, "delta": 6.536108}}
{"target": -1.0, "params": {"Bgrad": 1.508460683569007, "d1": -1.4573505803615772, "d2": 0.2615844870654167, "d3": -1.2170083236005893, "d4": -1.5308276602749507, "p1": 39.69674946996735, "p2": 20.2217189280859, "p3": 17.76705827479345, "p4": 16.90344393594785, "pol1": -0.17746782720200088, "pol2": -0.9082029970928539, "pol3": -0.03943872544878279, "pol4": -0.43278393260840425, "v0s": 4.916332617169665}, "datetime": {"datetime": "2022-05-16 19:59:38", "elapsed": 993.624714, "delta": 9.790984}}
{"target": -1.0, "params": {"Bgrad": 1.2751742712719965, "d1": -0.22194174202741435, "d2": 0.6915122021673512, "d3": 0.25312074391340955, "d4": -0.8432610432114442, "p1": 38.7683559710051, "p2": 17.67951707633087, "p3": 14.501486335808139, "p4": 18.7564223062574, "pol1": -0.9832282578316796, "pol2": 0.5336859180255, "pol3": -0.8890337323877264, "pol4": 0.8343338204680577, "v0s": 4.973292109804711}, "datetime": {"datetime": "2022-05-16 19:59:48", "elapsed": 1004.087425, "delta": 10.462711}}
{"target": 2.662570004476014, "params": {"Bgrad": 1.1343145248667343, "d1": -2.4650162877387047, "d2": -2.7644905705113327, "d3": -3.0, "d4": -3.0, "p1": 4.262331541175211, "p2": 11.180592444770715, "p3": 35.31074354213214, "p4": 28.0314623647074, "pol1": -1.0, "pol2": -0.5158504861226335, "pol3": 0.543228693517656, "pol4": 0.5446737679878052, "v0s": 2.662570004476014}, "datetime": {"datetime": "2022-05-16 19:59:55", "elapsed": 1010.236487, "delta": 6.149062}}
{"target": 5.413545484007055, "params": {"Bgrad": 0.8814270353061406, "d1": -3.0, "d2": 1.0, "d3": -0.36998612286055127, "d4": -2.213316874775701, "p1": 46.17023448577889, "p2": 25.28328776994245, "p3": 22.12060149893053, "p4": 28.584575482274087, "pol1": -0.5091047971469627, "pol2": -0.4008373258618851, "pol3": 0.018071204554358056, "pol4": -0.34244566997798503, "v0s": 5.413545484007055}, "datetime": {"datetime": "2022-05-16 20:00:01", "elapsed": 1016.387037, "delta": 6.15055}}
{"target": 3.1128807723784497, "params": {"Bgrad": 1.39591274192142, "d1": -2.9004771995985466, "d2": -3.0, "d3": -2.7638319951569033, "d4": -3.0, "p1": 4.631909455800135, "p2": 10.246389716418994, "p3": 36.46289464067879, "p4": 27.93229560571616, "pol1": -1.0, "pol2": -0.9996551412563784, "pol3": 0.9999494794341468, "pol4": 0.12358626113380541, "v0s": 3.1128807723784497}, "datetime": {"datetime": "2022-05-16 20:00:07", "elapsed": 1023.043233, "delta": 6.656196}}
{"target": 3.7493055244442792, "params": {"Bgrad": 0.5319352291734694, "d1": -2.5987945987998655, "d2": -0.7664806955375463, "d3": 0.29110924677355987, "d4": -0.6183520555324824, "p1": 38.89571028837156, "p2": 22.399225474100653, "p3": 17.543165252498554, "p4": 14.740332368354819, "pol1": 0.735834872815635, "pol2": -0.776343086425852, "pol3": 0.8511435694319334, "pol4": -0.034855209349556215, "v0s": 3.7493055244442792}, "datetime": {"datetime": "2022-05-16 20:00:11", "elapsed": 1026.42818, "delta": 3.384947}}
{"target": 4.263933582557961, "params": {"Bgrad": 1.752104980938877, "d1": -2.632011287143675, "d2": 0.4969827981447166, "d3": -1.5401727751806016, "d4": -1.2427341118128803, "p1": 31.240676310056603, "p2": 8.245842818856348, "p3": 7.978459608968724, "p4": 23.344272630302605, "pol1": 0.5663507530167102, "pol2": -0.5390108078819835, "pol3": 0.38105813778180164, "pol4": 0.2354273120866226, "v0s": 4.263933582557961}, "datetime": {"datetime": "2022-05-16 20:00:16", "elapsed": 1032.119956, "delta": 5.691776}}
{"target": -1.0, "params": {"Bgrad": 1.4402608772933807, "d1": -1.5702279973599427, "d2": -2.5145859211264705, "d3": -0.6277726531405916, "d4": -1.5507443205609643, "p1": 41.96224378646644, "p2": 22.597845560127457, "p3": 18.474549944859074, "p4": 15.832970595380619, "pol1": 0.3117651952427909, "pol2": 0.23592102773549817, "pol3": 0.05422401554396239, "pol4": 0.0008565386612198189, "v0s": 5.632250312334833}, "datetime": {"datetime": "2022-05-16 20:00:27", "elapsed": 1042.976918, "delta": 10.856962}}
{"target": -1.0, "params": {"Bgrad": 0.6742559792823013, "d1": 0.8905464592803267, "d2": 0.17423046848863155, "d3": -0.7445028055790424, "d4": -0.7845423991207765, "p1": 38.86873868477527, "p2": 18.278160892718066, "p3": 19.967954318094357, "p4": 17.303050490832067, "pol1": 0.6695737206039212, "pol2": -0.4488628858735475, "pol3": 0.7508950334433535, "pol4": 0.7751035248883456, "v0s": 4.226642217228886}, "datetime": {"datetime": "2022-05-16 20:00:33", "elapsed": 1048.233858, "delta": 5.25694}}
{"target": -1.0, "params": {"Bgrad": 1.293889375430294, "d1": -0.07754272233100186, "d2": -1.4498478340241174, "d3": -1.852931058670654, "d4": -1.1377361209280978, "p1": 45.59774179802111, "p2": 46.80746118306917, "p3": 42.63429625874062, "p4": 46.19158254282136, "pol1": -0.4227799883196376, "pol2": -0.8049160450697791, "pol3": -0.2503329690928502, "pol4": -0.05340260545069889, "v0s": 3.9776010078617046}, "datetime": {"datetime": "2022-05-16 20:00:44", "elapsed": 1060.035294, "delta": 11.801436}}
{"target": 5.489755140186259, "params": {"Bgrad": 0.995078855769022, "d1": -2.5139076242871115, "d2": 1.0, "d3": -0.7309559997671222, "d4": -1.8074162150341588, "p1": 46.16477648126597, "p2": 25.087566873892865, "p3": 22.425506682218813, "p4": 28.582868443052963, "pol1": 0.15186943117446, "pol2": 0.029357317824642053, "pol3": -0.17301011287699117, "pol4": -0.5087319941387406, "v0s": 5.489755140186259}, "datetime": {"datetime": "2022-05-16 20:00:51", "elapsed": 1067.008642, "delta": 6.973348}}
{"target": -1.0, "params": {"Bgrad": 1.1752656065873088, "d1": -0.30117765669231966, "d2": 0.5486007583571655, "d3": -1.1880803832658198, "d4": -0.0988994059914905, "p1": 40.651066443408254, "p2": 21.542280126998055, "p3": 17.692404387759257, "p4": 17.038088595062774, "pol1": -0.09730769934058814, "pol2": -0.22307098826209582, "pol3": -0.31475705112943797, "pol4": -0.529675890294238, "v0s": 4.3837960164978504}, "datetime": {"datetime": "2022-05-16 20:01:01", "elapsed": 1076.582037, "delta": 9.573395}}
