{"target": -1.0, "params": {"Bgrad": 1.548888089024415, "d1": -1.4660025499612925, "d2": -0.5834664696535059, "d3": -0.4672080142040813, "d4": -1.7459068875031356, "p1": 26.997227702541544, "p2": 13.23149913965101, "p3": 38.02021887430691, "p4": 34.27948648436581, "pol1": -0.191783258137183, "pol2": -0.535477691185591, "pol3": 0.06351793871953726, "pol4": 0.35711762798449387, "v0s": 4.398284427658076}, "datetime": {"datetime": "2022-04-28 17:45:44", "elapsed": 8056.927988, "delta": 18.426731}}
{"target": -1.0, "params": {"Bgrad": 1.1546884630370766, "d1": -0.6397333659729352, "d2": 0.606845319184834, "d3": -1.3982469253008865, "d4": -2.778535803119219, "p1": 0.7968900187810213, "p2": 24.32757942880554, "p3": 30.986213433189107, "p4": 3.679852919464249, "pol1": 0.8114000170642623, "pol2": -0.0349862578910769, "pol3": -0.4001554597004042, "pol4": 0.3958208065605564, "v0s": 3.5468874346161954}, "datetime": {"datetime": "2022-04-28 17:45:56", "elapsed": 8069.150308, "delta": 12.22232}}
{"target": -1.0, "params": {"Bgrad": 1.6205401317457124, "d1": -1.2470544411419846, "d2": -2.9158659071632904, "d3": -2.6768597717990223, "d4": -1.0354900144740764, "p1": 1.2269511009497247, "p2": 46.616343720958184, "p3": 11.819597585343939, "p4": 28.094461312175195, "pol1": 0.18164771384932332, "pol2": -0.5085482887797816, "pol3": 0.15825508884113892, "pol4": -0.14782295968574322, "v0s": 5.503644469318765}, "datetime": {"datetime": "2022-04-28 17:46:09", "elapsed": 8081.738648, "delta": 12.58834}}
{"target": -1.0, "params": {"Bgrad": 1.158801938955549, "d1": -2.7264703151993213, "d2": -0.6264463699142766, "d3": -1.3679719604650118, "d4": -1.7987478252968447, "p1": 30.504247956805813, "p2": 0.7620183614889253, "p3": 9.649135805545017, "p4": 39.04600766732961, "pol1": -0.5088662962710855, "pol2": -0.1969279226400078, "pol3": -0.21612852877679511, "pol4": 0.047645902817399444, "v0s": 6.465793441321534}, "datetime": {"datetime": "2022-04-28 17:46:23", "elapsed": 8095.672392, "delta": 13.933744}}
{"target": -1.0, "params": {"Bgrad": 1.3776880100039803, "d1": -1.5635761672812132, "d2": -2.7009187349153545, "d3": -1.6324206257444671, "d4": 0.7884322438039661, "p1": 5.796270973418122, "p2": 20.960309267621597, "p3": 5.616109493553373, "p4": 32.13226382655863, "pol1": 0.4636622318551207, "pol2": 0.45771305196360856, "pol3": 0.6955619899197116, "pol4": 0.976721468969435, "v0s": 4.964962489928606}, "datetime": {"datetime": "2022-04-28 17:46:34", "elapsed": 8106.712872, "delta": 11.04048}}
{"target": -1.0, "params": {"Bgrad": 1.78549317325359, "d1": 0.0686600018416601, "d2": -0.9541678530646065, "d3": -1.045982737761137, "d4": -1.4874282558084793, "p1": 4.742883343538562, "p2": 37.59529625567492, "p3": 40.60016451684971, "p4": 19.8234780557265, "pol1": 0.24983398260210854, "pol2": -0.07453396512234955, "pol3": 0.5464345489626488, "pol4": 0.3123208909604558, "v0s": 5.8411525153753034}, "datetime": {"datetime": "2022-04-28 17:46:50", "elapsed": 8123.16189, "delta": 16.449018}}
{"target": -1.0, "params": {"Bgrad": 1.6539745595909743, "d1": 0.13597066363627075, "d2": -0.6137332779133113, "d3": 0.3745484048474914, "d4": -2.5493161901428074, "p1": 11.943096639519302, "p2": 33.94093657573241, "p3": 45.95975666975508, "p4": 26.896049819018998, "pol1": 0.9183518330868274, "pol2": 0.1541491668054069, "pol3": 0.7142048421111984, "pol4": -0.015499326905330957, "v0s": 6.057812250285256}, "datetime": {"datetime": "2022-04-28 17:47:05", "elapsed": 8137.561388, "delta": 14.399498}}
{"target": -1.0, "params": {"Bgrad": 1.461957080917117, "d1": -0.1735970769103221, "d2": 0.9882383649995639, "d3": -1.9350450814701792, "d4": 0.45283257198021687, "p1": 4.1303588105688345, "p2": 7.73240442339434, "p3": 11.290489198307846, "p4": 38.50792805959902, "pol1": -0.45666945965316286, "pol2": 0.33247374423795373, "pol3": 0.134415510876029, "pol4": -0.5798164499263738, "v0s": 7.295403153256842}, "datetime": {"datetime": "2022-04-28 17:47:17", "elapsed": 8149.716887, "delta": 12.155499}}
{"target": -1.0, "params": {"Bgrad": 1.4313252467184632, "d1": -2.68754623283076, "d2": 0.35321441538751186, "d3": -1.5689306758105142, "d4": -2.2772265899893664, "p1": 13.435903607621164, "p2": 46.01283152390576, "p3": 17.554763678021324, "p4": 11.931243351694881, "pol1": -0.6690690411154725, "pol2": -0.40016006990422115, "pol3": 0.8802811354343443, "pol4": -0.42527822812568616, "v0s": 5.516532203305772}, "datetime": {"datetime": "2022-04-28 17:47:35", "elapsed": 8167.751665, "delta": 18.034778}}
{"target": -1.0, "params": {"Bgrad": 1.7422618493526056, "d1": -2.8082073549332645, "d2": -1.3647325078781107, "d3": -1.2719704869779203, "d4": 0.7637069687623228, "p1": 13.240080174543994, "p2": 46.619458242346845, "p3": 7.8237725390640005, "p4": 32.49593808185861, "pol1": 0.19227568063145872, "pol2": 0.6993263453621319, "pol3": 0.45568131510793886, "pol4": -0.45885986123964084, "v0s": 2.8157396520873363}, "datetime": {"datetime": "2022-04-28 17:47:47", "elapsed": 8180.042801, "delta": 12.291136}}
{"target": -1.0, "params": {"Bgrad": 0.5583761958058511, "d1": 0.36671171239211375, "d2": -1.5065729309567288, "d3": 0.602071458501896, "d4": 0.23197970151053138, "p1": 23.295071947018357, "p2": 37.389772275130476, "p3": 10.507940950976824, "p4": 7.723222946290109, "pol1": 0.9075611984513483, "pol2": 0.7133886450797882, "pol3": 0.48111856593709224, "pol4": 0.07837409505968229, "v0s": 2.319295273397512}, "datetime": {"datetime": "2022-04-28 17:47:54", "elapsed": 8187.367217, "delta": 7.324416}}
{"target": 3.6096227921525497, "params": {"Bgrad": 0.5655595675166125, "d1": -0.05014078202638572, "d2": -0.1088010629077254, "d3": -1.9725055464396366, "d4": -1.6624415271728767, "p1": 9.243499788235788, "p2": 35.69873385779018, "p3": 32.87844697391962, "p4": 8.806327658263374, "pol1": -0.7944471220069949, "pol2": -0.2414251692845515, "pol3": -0.4732326819348567, "pol4": -0.2887332372147575, "v0s": 3.6096227921525497}, "datetime": {"datetime": "2022-04-28 17:47:58", "elapsed": 8190.800038, "delta": 3.432821}}
{"target": -1.0, "params": {"Bgrad": 0.7349494629928994, "d1": 0.16324412339755323, "d2": -2.0301572650028734, "d3": -1.0356441174097455, "d4": -0.9198286837442393, "p1": 44.96970150745751, "p2": 48.79059892822639, "p3": 3.688245483231045, "p4": 21.72415663394125, "pol1": -0.4466153889994373, "pol2": -0.8907496690720151, "pol3": 0.31237694200160826, "pol4": 0.6138193179863585, "v0s": 4.161888028171837}, "datetime": {"datetime": "2022-04-28 17:48:06", "elapsed": 8198.536353, "delta": 7.736315}}
{"target": -1.0, "params": {"Bgrad": 1.2747911880112675, "d1": -0.9722737684401785, "d2": -0.8732960999976691, "d3": -0.49830976242728964, "d4": -2.2378286679048602, "p1": 28.194972831782568, "p2": 32.92589722815826, "p3": 15.34541754507585, "p4": 31.475704675241477, "pol1": 0.3009866203448688, "pol2": 0.05094691538599361, "pol3": -0.8743484444265124, "pol4": 0.6323491027577779, "v0s": 3.896152790938669}, "datetime": {"datetime": "2022-04-28 17:48:19", "elapsed": 8211.973424, "delta": 13.437071}}
{"target": -1.0, "params": {"Bgrad": 1.9407034842207376, "d1": -2.3323012669094325, "d2": -0.9693313008550462, "d3": -1.863886090709165, "d4": -2.5309867414966125, "p1": 45.90180340183608, "p2": 11.72543828689377, "p3": 17.735861635707632, "p4": 43.89703404484283, "pol1": -0.911026634574807, "pol2": 0.744930284657858, "pol3": -0.798090745530659, "pol4": -0.7539821071843482, "v0s": 4.484603297713954}, "datetime": {"datetime": "2022-04-28 17:48:39", "elapsed": 8231.567034, "delta": 19.59361}}
{"target": -1.0, "params": {"Bgrad": 0.6974696532986348, "d1": 0.9850314493703922, "d2": -0.8749420674853114, "d3": -2.1655810892934606, "d4": -2.6460801708016546, "p1": 24.241917978772783, "p2": 24.106919028056666, "p3": 18.70855923152041, "p4": 19.985596684545847, "pol1": -0.8301600092675561, "pol2": -0.33222715129914415, "pol3": 0.915844825766498, "pol4": 0.9618013357671855, "v0s": 7.016153120006935}, "datetime": {"datetime": "2022-04-28 17:48:46", "elapsed": 8238.945306, "delta": 7.378272}}
{"target": -1.0, "params": {"Bgrad": 1.1925260673793938, "d1": -2.191561146532501, "d2": -1.4976207177658596, "d3": 0.48738722136305146, "d4": -2.4964926241835856, "p1": 19.770618728600486, "p2": 22.533715292550376, "p3": 48.61042420478719, "p4": 34.41757647878717, "pol1": 0.8188052228196803, "pol2": -0.6874987772321697, "pol3": -0.6432763853782819, "pol4": 0.6744780829647883, "v0s": 4.925538588696143}, "datetime": {"datetime": "2022-04-28 17:48:59", "elapsed": 8251.686239, "delta": 12.740933}}
{"target": 3.484035042065468, "params": {"Bgrad": 1.2834615390219524, "d1": -1.9998298099939378, "d2": -0.6852137748017864, "d3": -2.7768943385628084, "d4": -2.7083935980899283, "p1": 15.475341712422086, "p2": 41.77875894109259, "p3": 2.070443846394643, "p4": 10.339679392502099, "pol1": -0.20745603145800717, "pol2": 0.46212192382404504, "pol3": -0.34919661508466726, "pol4": -0.4016758061283361, "v0s": 3.484035042065468}, "datetime": {"datetime": "2022-04-28 17:49:06", "elapsed": 8259.42056, "delta": 7.734321}}
{"target": -1.0, "params": {"Bgrad": 0.9213997880829427, "d1": -2.5278220731179415, "d2": -0.7782716156385772, "d3": -1.3297639444822469, "d4": -1.2847666808699851, "p1": 43.80729619416799, "p2": 23.43955276903339, "p3": 28.322680593223044, "p4": 43.53997288980223, "pol1": -0.5100789014951457, "pol2": 0.5394219046685287, "pol3": -0.21236198370686132, "pol4": -0.6045338225765426, "v0s": 2.9325699736026545}, "datetime": {"datetime": "2022-04-28 17:49:13", "elapsed": 8265.837402, "delta": 6.416842}}
{"target": -1.0, "params": {"Bgrad": 1.860143079844779, "d1": 0.9580248567957805, "d2": 0.037252804620936164, "d3": -0.0858825826277636, "d4": -2.061542049030829, "p1": 32.640230387543994, "p2": 18.76329423561402, "p3": 17.297276226254983, "p4": 42.00856346188473, "pol1": 0.14095254102560317, "pol2": 0.41543844118441986, "pol3": 0.11526158369294759, "pol4": 0.9933379555690596, "v0s": 4.120897485797543}, "datetime": {"datetime": "2022-04-28 17:49:30", "elapsed": 8283.329631, "delta": 17.492229}}
{"target": -1.0, "params": {"Bgrad": 1.8783295704475442, "d1": -0.31225831066396514, "d2": 0.2165629761963599, "d3": 0.1679203251671333, "d4": -2.264381382516963, "p1": 35.378567132132154, "p2": 37.80147690814887, "p3": 12.727317822474953, "p4": 4.282037032828606, "pol1": -0.5411792112433305, "pol2": 0.605708679080244, "pol3": 0.7753289036398776, "pol4": -0.703906379306942, "v0s": 7.351850816184941}, "datetime": {"datetime": "2022-04-28 17:49:43", "elapsed": 8296.505402, "delta": 13.175771}}
{"target": -1.0, "params": {"Bgrad": 0.6046651680304247, "d1": 0.47067255789077844, "d2": 0.7236201504432866, "d3": -1.7521483633567154, "d4": -1.3913985832353597, "p1": 15.739244873901209, "p2": 29.941221749918373, "p3": 10.61845218263564, "p4": 22.926263036600115, "pol1": -0.9483313391164818, "pol2": -0.9190199839093551, "pol3": -0.4808134771707273, "pol4": 0.9031693687141651, "v0s": 3.7324101158619585}, "datetime": {"datetime": "2022-04-28 17:49:52", "elapsed": 8305.269966, "delta": 8.764564}}
{"target": -1.0, "params": {"Bgrad": 1.9365050590323558, "d1": -1.8051061365673462, "d2": -1.5814580398925275, "d3": -2.7599579352681123, "d4": 0.4531680029996559, "p1": 11.409306054325885, "p2": 38.43275428211349, "p3": 28.021108549352387, "p4": 46.673165578897155, "pol1": 0.7796507960407955, "pol2": 0.44520215740795255, "pol3": 0.7615300017104467, "pol4": -0.29519493693353716, "v0s": 2.849926458752609}, "datetime": {"datetime": "2022-04-28 17:50:04", "elapsed": 8316.85499, "delta": 11.585024}}
{"target": -1.0, "params": {"Bgrad": 1.907732008188627, "d1": -1.260412593315965, "d2": -0.8856634525592408, "d3": 0.3207326969663078, "d4": -2.8034199559872195, "p1": 42.919660614490454, "p2": 24.163804861026623, "p3": 40.35942117789569, "p4": 45.33291549640371, "pol1": -0.24920536125174886, "pol2": -0.1491219873720313, "pol3": 0.14529832063559178, "pol4": 0.5750056099107643, "v0s": 6.615414312207174}, "datetime": {"datetime": "2022-04-28 17:50:21", "elapsed": 8334.112846, "delta": 17.257856}}
{"target": -1.0, "params": {"Bgrad": 1.5865558635984407, "d1": -0.44644119896979895, "d2": -2.267736791747673, "d3": -0.3612616466888321, "d4": -1.7519095308895678, "p1": 3.7725575100660933, "p2": 29.00274615961923, "p3": 40.99132123086599, "p4": 25.971652315452655, "pol1": -0.2130668275521499, "pol2": -0.34401433407948123, "pol3": 0.2826539422824277, "pol4": 0.09696266330413494, "v0s": 6.492034303586202}, "datetime": {"datetime": "2022-04-28 17:50:35", "elapsed": 8348.52132, "delta": 14.408474}}
{"target": -1.0, "params": {"Bgrad": 1.9602086957542693, "d1": -1.5494151450789921, "d2": -0.768997126186636, "d3": -1.464276342508207, "d4": -0.8461521284257971, "p1": 29.250361152310255, "p2": 23.665904431200847, "p3": 10.586773301280205, "p4": 21.58072379239706, "pol1": 0.9556815809901014, "pol2": -0.17121731490758596, "pol3": 0.40053936597914874, "pol4": -0.5437651934817578, "v0s": 2.4039358341911385}, "datetime": {"datetime": "2022-04-28 17:50:45", "elapsed": 8357.760616, "delta": 9.239296}}
{"target": -1.0, "params": {"Bgrad": 0.9218371864327362, "d1": -1.6515915530803853, "d2": -1.7735987430244298, "d3": -1.346391104348906, "d4": -2.13902448852059, "p1": 33.55867927847726, "p2": 33.80042425838427, "p3": 42.426189769802086, "p4": 3.7856849990362984, "pol1": 0.4171503458722965, "pol2": 0.9785550977407191, "pol3": -0.8818287129388682, "pol4": -0.3941334967801784, "v0s": 5.560131856620198}, "datetime": {"datetime": "2022-04-28 17:50:56", "elapsed": 8368.891853, "delta": 11.131237}}
{"target": -1.0, "params": {"Bgrad": 1.9819486697490212, "d1": -0.46854939661332606, "d2": -0.29506103084026636, "d3": -2.695957341937309, "d4": -0.7097371193128099, "p1": 9.46867177627121, "p2": 12.755631069737689, "p3": 10.013937116350109, "p4": 19.974560898083983, "pol1": -0.5957388211593786, "pol2": -0.9536357130657609, "pol3": -0.6904902422727373, "pol4": 0.3720915023824105, "v0s": 5.084566115645523}, "datetime": {"datetime": "2022-04-28 17:51:15", "elapsed": 8387.765389, "delta": 18.873536}}
{"target": -1.0, "params": {"Bgrad": 1.6577159728408146, "d1": -0.4828629504943813, "d2": -0.8961506518363884, "d3": -2.191915061381643, "d4": -2.32360049209037, "p1": 23.78015285814465, "p2": 31.363724355613442, "p3": 33.20165128972342, "p4": 16.385564867054324, "pol1": -0.22527373518987925, "pol2": 0.9705140105550554, "pol3": 0.5507759986284335, "pol4": -0.5646927786656848, "v0s": 7.818695782362429}, "datetime": {"datetime": "2022-04-28 17:51:28", "elapsed": 8401.00798, "delta": 13.242591}}
{"target": -1.0, "params": {"Bgrad": 0.9190132714651404, "d1": -1.792383380439988, "d2": -2.7790496376903553, "d3": 0.3008772591017119, "d4": 0.5013576871364975, "p1": 7.843941655880194, "p2": 30.915317720172535, "p3": 46.05957157821654, "p4": 22.54513410208869, "pol1": 0.21649449051847824, "pol2": 0.2912259838845104, "pol3": -0.4545571836587148, "pol4": -0.8459578618724715, "v0s": 6.954127929880066}, "datetime": {"datetime": "2022-04-28 17:51:37", "elapsed": 8410.41782, "delta": 9.40984}}
{"target": -1.0, "params": {"Bgrad": 0.5294068190826633, "d1": 0.028365437770432322, "d2": -1.3712425396658272, "d3": -1.1134684825676473, "d4": 0.14231167171118164, "p1": 4.374342263304082, "p2": 1.1152575324706926, "p3": 2.8269646895750844, "p4": 0.5212358017244345, "pol1": 0.4800930884343433, "pol2": -0.5526916630192964, "pol3": 0.9787505440198236, "pol4": -0.1856370080807559, "v0s": 4.466764906090324}, "datetime": {"datetime": "2022-04-28 17:51:44", "elapsed": 8417.009196, "delta": 6.591376}}
{"target": -1.0, "params": {"Bgrad": 0.6767576599282772, "d1": -1.7144214869716428, "d2": -1.3228563128310062, "d3": -0.7604226719874072, "d4": -1.8419078093343186, "p1": 14.992436642286977, "p2": 25.183215159188098, "p3": 13.563575940893646, "p4": 20.88581867371347, "pol1": -0.6270536340768122, "pol2": -0.7091860839252297, "pol3": -0.6179383605732445, "pol4": -0.9816642349569931, "v0s": 3.2182581462762037}, "datetime": {"datetime": "2022-04-28 17:51:57", "elapsed": 8430.423329, "delta": 13.414133}}
{"target": -1.0, "params": {"Bgrad": 0.6686315681532782, "d1": -2.9722618585856106, "d2": -2.3512172924492, "d3": 0.284070040185743, "d4": -1.7097061691305955, "p1": 7.291517982639317, "p2": 25.021628867893874, "p3": 2.417236106470333, "p4": 21.616463219694243, "pol1": -0.7498684745947284, "pol2": 0.13256545685382526, "pol3": 0.6516086859923274, "pol4": -0.13483089533711579, "v0s": 2.3666436999998233}, "datetime": {"datetime": "2022-04-28 17:52:07", "elapsed": 8440.45351, "delta": 10.030181}}
{"target": -1.0, "params": {"Bgrad": 1.0263507750535343, "d1": -2.921508450438858, "d2": -2.8504645495105208, "d3": 0.7419251475699777, "d4": 0.743078775783351, "p1": 16.046215730857625, "p2": 45.54454973294355, "p3": 10.721552472223788, "p4": 10.077575125434063, "pol1": 0.9541204264951293, "pol2": -0.11439700415951326, "pol3": 0.7403027156455548, "pol4": 0.017245913636589894, "v0s": 4.233899402844555}, "datetime": {"datetime": "2022-04-28 17:52:20", "elapsed": 8453.506609, "delta": 13.053099}}
{"target": -1.0, "params": {"Bgrad": 1.7790294624543823, "d1": -2.294191518470739, "d2": -2.3705062587104244, "d3": -1.5468279685950042, "d4": -2.3297838560826936, "p1": 36.76977244374204, "p2": 23.844124877921598, "p3": 3.2250332930709282, "p4": 35.68366846600009, "pol1": -0.9938932962379512, "pol2": -0.7925141766200561, "pol3": -0.16998446842304205, "pol4": 0.39026403261893683, "v0s": 4.6704908046575975}, "datetime": {"datetime": "2022-04-28 17:52:38", "elapsed": 8471.047706, "delta": 17.541097}}
{"target": -1.0, "params": {"Bgrad": 1.5538695502967634, "d1": -1.4502477320635614, "d2": 0.6991937278153038, "d3": 0.468352802775688, "d4": -1.33743743662089, "p1": 29.60914268254731, "p2": 44.77113278804142, "p3": 24.364320239062632, "p4": 35.96890288069075, "pol1": -0.1409782423902477, "pol2": -0.29030934806509223, "pol3": -0.6133655759125574, "pol4": -0.016910840457642573, "v0s": 6.7904440503915495}, "datetime": {"datetime": "2022-04-28 17:52:52", "elapsed": 8485.215824, "delta": 14.168118}}
{"target": -1.0, "params": {"Bgrad": 0.5544167547768826, "d1": -0.10306420644234704, "d2": -1.2946299766859681, "d3": -0.2700809336689778, "d4": -1.8831840514827642, "p1": 17.007949084012907, "p2": 18.57008294875747, "p3": 22.36597538698144, "p4": 42.90721043567875, "pol1": -0.16480541309309182, "pol2": 0.8550154550121352, "pol3": -0.6402266266528611, "pol4": 0.3209895319868361, "v0s": 2.2748955810319664}, "datetime": {"datetime": "2022-04-28 17:52:57", "elapsed": 8489.883344, "delta": 4.66752}}
{"target": -1.0, "params": {"Bgrad": 1.972624464059041, "d1": -1.532172182377105, "d2": -1.4276600343549992, "d3": -0.8091281291265178, "d4": 0.5056958175870068, "p1": 9.947296902996271, "p2": 8.18139220169624, "p3": 11.540738066475386, "p4": 32.57638861738844, "pol1": 0.8961864095120202, "pol2": 0.15518851094977282, "pol3": -0.3739862740407116, "pol4": -0.29886244397085004, "v0s": 6.9631307730817165}, "datetime": {"datetime": "2022-04-28 17:53:13", "elapsed": 8506.264544, "delta": 16.3812}}
{"target": -1.0, "params": {"Bgrad": 1.621660028741946, "d1": 0.9835640199333002, "d2": -0.7307028941413733, "d3": -1.5771595658893087, "d4": 0.2471504572843659, "p1": 6.580662847376583, "p2": 32.19482465578573, "p3": 38.532535557096956, "p4": 1.7180498715079762, "pol1": -0.6835077190306065, "pol2": -0.4598225021385163, "pol3": -0.9829103543303468, "pol4": -0.03464188104086263, "v0s": 3.248874033340866}, "datetime": {"datetime": "2022-04-28 17:53:29", "elapsed": 8521.759114, "delta": 15.49457}}
{"target": -1.0, "params": {"Bgrad": 1.21281305644807, "d1": -1.343790732003432, "d2": -0.20483369120654427, "d3": -1.8300831330468914, "d4": -1.9632931456852218, "p1": 41.69445486201589, "p2": 0.6834216233079726, "p3": 21.204338326230626, "p4": 30.71731969674228, "pol1": -0.945762047091345, "pol2": 0.4455000535185407, "pol3": 0.4297238089122708, "pol4": -0.06070429941062083, "v0s": 4.607574783285614}, "datetime": {"datetime": "2022-04-28 17:53:42", "elapsed": 8534.788276, "delta": 13.029162}}
{"target": -1.0, "params": {"Bgrad": 1.0857060435534225, "d1": -1.6674315947199654, "d2": 0.8513169691765605, "d3": 0.11219895637932309, "d4": -0.7265897522950673, "p1": 11.144578916397375, "p2": 3.2597749273818364, "p3": 38.9676088099325, "p4": 21.777707980316652, "pol1": -0.07894244304945675, "pol2": -0.09006163641849518, "pol3": 0.1360850785701131, "pol4": 0.9690919825910811, "v0s": 5.0864633290745305}, "datetime": {"datetime": "2022-04-28 17:53:59", "elapsed": 8552.405172, "delta": 17.616896}}
{"target": -1.0, "params": {"Bgrad": 1.8540477645241604, "d1": -1.1517039610027466, "d2": 0.44689016768363476, "d3": -1.0068991940028829, "d4": -1.5492218174745287, "p1": 39.78609064826928, "p2": 36.36501969899857, "p3": 6.3731660847878455, "p4": 16.298883483727096, "pol1": -0.20469643032200135, "pol2": -0.8672385583581939, "pol3": -0.08859980574957116, "pol4": 0.29921260887273493, "v0s": 2.293769610350817}, "datetime": {"datetime": "2022-04-28 17:54:11", "elapsed": 8563.96626, "delta": 11.561088}}
{"target": -1.0, "params": {"Bgrad": 1.1780700638156283, "d1": 0.3608250152225905, "d2": -0.7275790202202592, "d3": -1.5236307743587925, "d4": -1.7860243820465622, "p1": 19.391129477673942, "p2": 32.65780319857678, "p3": 34.76209102425077, "p4": 23.249234952261737, "pol1": 0.8386086099495429, "pol2": -0.0038297951574748357, "pol3": -0.5009240380904414, "pol4": -0.9530029051461506, "v0s": 7.829279197600144}, "datetime": {"datetime": "2022-04-28 17:54:21", "elapsed": 8573.613465, "delta": 9.647205}}
