{"target": -1.0, "params": {"Bgrad": 0.555109272189142, "d1": -2.170954575105273, "d2": -1.798024640766978, "d3": -1.8500020706675424, "d4": 0.7596451903664683, "p1": 7.1560036292010745, "p2": 16.708806454429237, "p3": 35.79648419864088, "p4": 2.3335463629926667, "pol1": -0.8590193225206526, "pol2": -0.6439432772499247, "pol3": -0.6823020849556576, "pol4": -0.34069131389007756, "v0s": 4.820887915871642}, "datetime": {"datetime": "2022-04-29 17:31:00", "elapsed": 93573.068037, "delta": 13.960672}}
{"target": -1.0, "params": {"Bgrad": 1.7061705548572386, "d1": 0.01975078420441534, "d2": -0.9352256228907354, "d3": -0.17128359831402706, "d4": -2.475290141839009, "p1": 7.5321038956708, "p2": 2.1508462264794748, "p3": 37.25637212693187, "p4": 45.82035824533897, "pol1": -0.9796017867131637, "pol2": -0.1300464913012831, "pol3": -0.47212912005316765, "pol4": -0.21426652714534855, "v0s": 3.401342010269753}, "datetime": {"datetime": "2022-04-29 17:31:26", "elapsed": 93598.669583, "delta": 25.601546}}
{"target": -1.0, "params": {"Bgrad": 0.8541884238362443, "d1": -0.3269185014084979, "d2": 0.48572292715903, "d3": -1.9934380099812539, "d4": -1.6183390800314537, "p1": 42.63794154964249, "p2": 24.72841519567796, "p3": 22.707820200539718, "p4": 3.8612627424785604, "pol1": -0.9646155580048013, "pol2": 0.3853030290076278, "pol3": -0.2306703432434154, "pol4": -0.8259703995764549, "v0s": 4.8018904673549265}, "datetime": {"datetime": "2022-04-29 17:31:41", "elapsed": 93614.203049, "delta": 15.533466}}
{"target": -1.0, "params": {"Bgrad": 1.445901889317651, "d1": 0.37831764365506526, "d2": -0.1625181913882381, "d3": -0.9487549897856851, "d4": -1.7772314360702532, "p1": 36.729627014236435, "p2": 26.166062758485424, "p3": 24.331602063178444, "p4": 32.795459996695314, "pol1": -0.8250708103115139, "pol2": 0.041811110287296005, "pol3": 0.5901415367460106, "pol4": -0.5360189576002503, "v0s": 5.616232731497437}, "datetime": {"datetime": "2022-04-29 17:32:21", "elapsed": 93654.404558, "delta": 40.201509}}
{"target": -1.0, "params": {"Bgrad": 1.3474625225548718, "d1": -2.2943385094997297, "d2": -2.053799035638639, "d3": -1.8264668023012725, "d4": -1.785397944694318, "p1": 8.483492276182858, "p2": 4.230998465361596, "p3": 26.596303026199198, "p4": 11.528779421763941, "pol1": -0.7308095318279062, "pol2": 0.3250230479165581, "pol3": -0.8520049202533035, "pol4": 0.13980020748885624, "v0s": 4.289338435089446}, "datetime": {"datetime": "2022-04-29 17:32:48", "elapsed": 93681.14805, "delta": 26.743492}}
{"target": -1.0, "params": {"Bgrad": 1.6490577143963492, "d1": -1.6221789895276064, "d2": -0.2190336502116046, "d3": -2.108381931914833, "d4": -1.4410804756521505, "p1": 5.88877892878542, "p2": 12.8723382757998, "p3": 33.71307866217849, "p4": 3.183721464256517, "pol1": -0.017274619197944707, "pol2": 0.46798347966072806, "pol3": -0.2587714341995182, "pol4": -0.27373849907009173, "v0s": 7.170397880340075}, "datetime": {"datetime": "2022-04-29 17:33:08", "elapsed": 93700.692791, "delta": 19.544741}}
{"target": 3.4020369687381025, "params": {"Bgrad": 1.4755879048109255, "d1": -1.4903004261579968, "d2": 0.4552243586971478, "d3": -0.9429216893729242, "d4": -1.7991445454317825, "p1": 44.15497542586042, "p2": 36.8095051054558, "p3": 18.54165631509728, "p4": 26.553622496057184, "pol1": -0.06334376903788606, "pol2": 0.5118129803737653, "pol3": -0.28232893494867123, "pol4": -0.08287754818291272, "v0s": 3.4020369687381025}, "datetime": {"datetime": "2022-04-29 17:33:25", "elapsed": 93718.468263, "delta": 17.775472}}
{"target": -1.0, "params": {"Bgrad": 1.5124453341517738, "d1": -0.770475874970904, "d2": 0.6117521760694622, "d3": -1.6931284240659323, "d4": -0.13991741644006117, "p1": 43.45661813044212, "p2": 7.036495201673343, "p3": 49.44135028917708, "p4": 30.607990717140055, "pol1": -0.958564262704602, "pol2": -0.43137946616255607, "pol3": 0.6080289542124953, "pol4": 0.24180662204062342, "v0s": 3.958483307639143}, "datetime": {"datetime": "2022-04-29 17:33:43", "elapsed": 93735.92359, "delta": 17.455327}}
{"target": 4.679028566334315, "params": {"Bgrad": 1.2810902907880117, "d1": -1.9576028746346634, "d2": 0.5243678407662409, "d3": -2.5533258984496228, "d4": -0.028157977209681828, "p1": 1.191045764033205, "p2": 31.680003895911096, "p3": 16.23211071735727, "p4": 12.795845924891957, "pol1": -0.7299150161728907, "pol2": 0.3114954289312777, "pol3": 0.5490031708831118, "pol4": -0.8373974002323172, "v0s": 4.679028566334315}, "datetime": {"datetime": "2022-04-29 17:33:56", "elapsed": 93748.695441, "delta": 12.771851}}
{"target": 4.755105004739626, "params": {"Bgrad": 1.4527612330004886, "d1": -2.210582226242438, "d2": -0.1401514961336547, "d3": -2.327073401783522, "d4": -0.9024940884246117, "p1": 23.283473417685613, "p2": 26.353989371505392, "p3": 11.860973943822062, "p4": 37.74273029306802, "pol1": -0.09502270295770592, "pol2": -0.9374405511636325, "pol3": 0.16547802127410524, "pol4": -0.15875676410808773, "v0s": 4.755105004739626}, "datetime": {"datetime": "2022-04-29 17:34:17", "elapsed": 93770.524075, "delta": 21.828634}}
{"target": -1.0, "params": {"Bgrad": 1.6418082107895466, "d1": -2.4997278102709037, "d2": -0.7630406995601255, "d3": -2.0221811963285106, "d4": -2.0679125754493155, "p1": 13.923078903741798, "p2": 30.120806507429844, "p3": 28.782168048489716, "p4": 28.249733099517304, "pol1": -0.8472479009959679, "pol2": -0.7584225734152392, "pol3": -0.07024464762906413, "pol4": 0.062451297969269515, "v0s": 3.1822493477369638}, "datetime": {"datetime": "2022-04-29 17:34:39", "elapsed": 93792.148256, "delta": 21.624181}}
{"target": -1.0, "params": {"Bgrad": 1.267023315669047, "d1": -2.7042807467147205, "d2": -1.3061339404427756, "d3": -2.4587611986580744, "d4": -1.9547057729002253, "p1": 8.749556409810577, "p2": 3.9531838851767978, "p3": 26.38882514524375, "p4": 8.94030327422043, "pol1": 0.651943140329305, "pol2": -0.2783461152637299, "pol3": 0.6801936489927838, "pol4": -0.24775256742790686, "v0s": 4.933462578485955}, "datetime": {"datetime": "2022-04-29 17:35:06", "elapsed": 93818.638426, "delta": 26.49017}}
{"target": -1.0, "params": {"Bgrad": 1.735238031611867, "d1": -2.237056214901066, "d2": -2.399426684161326, "d3": -2.797942498054073, "d4": 0.886961270743384, "p1": 7.219264192970681, "p2": 15.246199095860252, "p3": 35.09727640333366, "p4": 4.08245335472105, "pol1": 0.1561530546068639, "pol2": -0.04070198937299718, "pol3": -0.6147372876369965, "pol4": -0.268962411414845, "v0s": 5.457150849513992}, "datetime": {"datetime": "2022-04-29 17:35:34", "elapsed": 93846.635567, "delta": 27.997141}}
{"target": -1.0, "params": {"Bgrad": 0.6922142682144757, "d1": -0.4536220644499602, "d2": -0.01921977329393698, "d3": -1.506693049852891, "d4": 0.31465597263591283, "p1": 10.722893475165169, "p2": 23.122537588733927, "p3": 35.10437113222667, "p4": 35.721796515668856, "pol1": 0.2762701649804091, "pol2": -0.7942363699616122, "pol3": 0.42898131352521385, "pol4": 0.22868936263160355, "v0s": 4.267057068365839}, "datetime": {"datetime": "2022-04-29 17:35:55", "elapsed": 93868.128099, "delta": 21.492532}}
{"target": -1.0, "params": {"Bgrad": 1.0272882791193467, "d1": -2.007370204448688, "d2": -0.5812473961034925, "d3": -1.7712024808677427, "d4": -1.0660870933470359, "p1": 15.717871569040776, "p2": 30.253353151384015, "p3": 31.48213037392365, "p4": 26.93729861805046, "pol1": -0.6640212578623748, "pol2": 0.41441811711957355, "pol3": -0.2150515784528444, "pol4": 0.27128357607760334, "v0s": 4.462545197594206}, "datetime": {"datetime": "2022-04-29 17:36:17", "elapsed": 93889.809129, "delta": 21.68103}}
{"target": 4.988533581413012, "params": {"Bgrad": 1.0246729354441224, "d1": -2.5483958162040907, "d2": 0.06605416104072859, "d3": -0.19089166065278684, "d4": -1.2128925276733917, "p1": 16.345769723400178, "p2": 16.198678579812732, "p3": 30.58551555422852, "p4": 35.87397542480396, "pol1": -0.22812100263617263, "pol2": -0.7972076970981561, "pol3": -0.049675880534167716, "pol4": 0.6105356961465818, "v0s": 4.988533581413012}, "datetime": {"datetime": "2022-04-29 17:36:39", "elapsed": 93911.577923, "delta": 21.768794}}
{"target": 4.5550581237263685, "params": {"Bgrad": 0.8540140062000421, "d1": -2.06619927886237, "d2": -0.01906601625329829, "d3": -1.0726366173931416, "d4": -2.9517020953371294, "p1": 3.766687045687367, "p2": 47.09677212079113, "p3": 11.899943590521378, "p4": 19.936200745291195, "pol1": -0.07491797956088497, "pol2": -0.31709669931058415, "pol3": 0.8335847055145833, "pol4": 0.3066164983506676, "v0s": 4.5550581237263685}, "datetime": {"datetime": "2022-04-29 17:36:53", "elapsed": 93925.613395, "delta": 14.035472}}
{"target": 4.1986437667653265, "params": {"Bgrad": 1.4049914615991164, "d1": -2.2076529882600764, "d2": 0.5539428420932055, "d3": -2.4202540965231334, "d4": -1.7630466916143916, "p1": 39.31695037411668, "p2": 7.8042373514087435, "p3": 9.995706357385567, "p4": 24.568070398540595, "pol1": -0.6284972158780263, "pol2": -0.10394307448424368, "pol3": 0.07214358297775933, "pol4": 0.5581969962785522, "v0s": 4.1986437667653265}, "datetime": {"datetime": "2022-04-29 17:37:09", "elapsed": 93941.550781, "delta": 15.937386}}
{"target": 3.811181305445695, "params": {"Bgrad": 1.7690727095943024, "d1": 0.5830406955439644, "d2": -2.2378946344529127, "d3": -1.127504743052875, "d4": -3.0, "p1": 4.452987496757387, "p2": 23.00301633828143, "p3": 2.2650630920538273, "p4": 35.136532560095326, "pol1": -1.0, "pol2": 0.6518303043946541, "pol3": -1.0, "pol4": -0.8230420486942864, "v0s": 3.811181305445695}, "datetime": {"datetime": "2022-04-29 17:37:36", "elapsed": 93969.401314, "delta": 27.850533}}
{"target": 3.533177045890638, "params": {"Bgrad": 1.689737712744233, "d1": -2.090950113845833, "d2": 0.5011636863348778, "d3": -2.6632684947153984, "d4": -0.9923885263713452, "p1": 28.077287876124267, "p2": 46.1805648102987, "p3": 25.661960566745414, "p4": 26.73136028927974, "pol1": -0.33033936928156704, "pol2": 0.07403850123957767, "pol3": -0.13372199649336802, "pol4": 0.6066868499566627, "v0s": 3.533177045890638}, "datetime": {"datetime": "2022-04-29 17:38:02", "elapsed": 93995.312033, "delta": 25.910719}}
{"target": -1.0, "params": {"Bgrad": 1.154333759395595, "d1": -0.48562468885302446, "d2": -0.16240972550678512, "d3": -1.7301765049326616, "d4": -0.11970798114729453, "p1": 22.7880596653567, "p2": 24.28890386314298, "p3": 12.492406995592875, "p4": 35.005741389534066, "pol1": -0.11165807840148556, "pol2": 0.3459580575665637, "pol3": -0.388152134383265, "pol4": 0.7401625264847629, "v0s": 4.836245511875771}, "datetime": {"datetime": "2022-04-29 17:38:27", "elapsed": 94020.46079, "delta": 25.148757}}
{"target": -1.0, "params": {"Bgrad": 1.6075772563419914, "d1": -0.8200691625615364, "d2": -1.4205543952247393, "d3": -0.8766089590816959, "d4": -1.4072076060964105, "p1": 6.0508316963032, "p2": 12.078917443479813, "p3": 34.843460014223346, "p4": 5.250183196881703, "pol1": 0.3447857408921813, "pol2": 0.666430400090873, "pol3": -0.4407870755064984, "pol4": -0.22548522806033722, "v0s": 4.5552995806659435}, "datetime": {"datetime": "2022-04-29 17:38:54", "elapsed": 94047.325957, "delta": 26.865167}}
{"target": -1.0, "params": {"Bgrad": 1.5027348937406866, "d1": -1.6859161806562297, "d2": 0.38441632661661584, "d3": -0.18488381058911596, "d4": -2.502748731139434, "p1": 2.8653194547153484, "p2": 48.658824965891434, "p3": 11.630471430042366, "p4": 20.81744477975584, "pol1": 0.399703972855028, "pol2": -0.7190271474858996, "pol3": -0.5360232266716187, "pol4": 0.2724715179267976, "v0s": 3.6776607658238634}, "datetime": {"datetime": "2022-04-29 17:39:23", "elapsed": 94075.952415, "delta": 28.626458}}
{"target": -1.0, "params": {"Bgrad": 0.9430272727676288, "d1": 0.4156102692269483, "d2": -0.9430163544482864, "d3": -1.4178193265275962, "d4": 0.16250755121693405, "p1": 8.24836110133133, "p2": 1.4709968987831945, "p3": 43.72434096469279, "p4": 47.58229771601324, "pol1": 0.8494696509965796, "pol2": 0.5051636231200602, "pol3": 0.5093460398245488, "pol4": 0.3731367983021745, "v0s": 3.1937290076117644}, "datetime": {"datetime": "2022-04-29 17:39:49", "elapsed": 94102.470511, "delta": 26.518096}}
{"target": -1.0, "params": {"Bgrad": 1.765046258543148, "d1": -2.545535217664068, "d2": 0.8288190261169639, "d3": -0.17517327061421195, "d4": -2.7874794247809183, "p1": 32.175404811422325, "p2": 12.947815061066482, "p3": 6.133643869960253, "p4": 17.14745557660554, "pol1": -0.2518053354033516, "pol2": -0.10973041149099161, "pol3": 0.3626691413468657, "pol4": -0.5292525872968474, "v0s": 5.00317194537629}, "datetime": {"datetime": "2022-04-29 17:40:49", "elapsed": 94162.026269, "delta": 59.555758}}
{"target": 5.0882168863291195, "params": {"Bgrad": 1.4772610533590091, "d1": -2.4912578201838067, "d2": -0.14799410768579824, "d3": -0.4757843448578827, "d4": 0.46522945517829184, "p1": 3.6691542702544266, "p2": 4.676917927125896, "p3": 23.012352124783664, "p4": 17.713588344833536, "pol1": -0.7516641391769836, "pol2": 0.6873146718941756, "pol3": -0.4545671741018462, "pol4": 0.5757593598813233, "v0s": 5.0882168863291195}, "datetime": {"datetime": "2022-04-29 17:41:05", "elapsed": 94178.398494, "delta": 16.372225}}
{"target": -1.0, "params": {"Bgrad": 1.7913640658353347, "d1": -1.9688663015841583, "d2": 0.33296909714248146, "d3": -0.5051262944744153, "d4": -2.0300853009834494, "p1": 42.15515061752489, "p2": 13.45938599751525, "p3": 2.7656510147215316, "p4": 34.393352234956005, "pol1": 0.8877973694476156, "pol2": -0.9097868524976054, "pol3": 0.056552809477402155, "pol4": -0.5403361613565927, "v0s": 2.8099065316377554}, "datetime": {"datetime": "2022-04-29 17:41:37", "elapsed": 94209.780583, "delta": 31.382089}}
{"target": 3.936568986936222, "params": {"Bgrad": 1.975094907626032, "d1": -2.353699613028936, "d2": -0.3268766786015891, "d3": -1.358008522230187, "d4": 0.9709276281543091, "p1": 23.764970353847275, "p2": 30.213425310704395, "p3": 25.55203380934795, "p4": 2.6633461049452967, "pol1": -0.9883066022479736, "pol2": -0.9831122935500751, "pol3": 0.28760685169927247, "pol4": -0.43701642853785283, "v0s": 3.936568986936222}, "datetime": {"datetime": "2022-04-29 17:42:07", "elapsed": 94239.604839, "delta": 29.824256}}
{"target": -1.0, "params": {"Bgrad": 0.7280486374719697, "d1": -1.4362020745881012, "d2": -2.372347430666706, "d3": -0.974857374973888, "d4": -1.5187100124523232, "p1": 2.247956835586329, "p2": 26.45512513494152, "p3": 15.46569713123931, "p4": 42.48562923468331, "pol1": 0.026105872612640413, "pol2": -0.021865246583675058, "pol3": -0.08068272455696901, "pol4": -0.7363188425363167, "v0s": 4.829233486803656}, "datetime": {"datetime": "2022-04-29 17:42:22", "elapsed": 94255.002668, "delta": 15.397829}}
{"target": -1.0, "params": {"Bgrad": 0.6753839957519698, "d1": -0.2689772045488443, "d2": -1.0970230983438154, "d3": -0.10677349442930138, "d4": -1.3293120991907597, "p1": 46.817758105146176, "p2": 42.88317551993548, "p3": 7.0311638739445605, "p4": 12.401816843979391, "pol1": -0.21259884041875185, "pol2": 0.2228592283446218, "pol3": 0.04839718067899185, "pol4": 0.45863878399730956, "v0s": 2.599096521121425}, "datetime": {"datetime": "2022-04-29 17:42:36", "elapsed": 94269.43807, "delta": 14.435402}}
{"target": -1.0, "params": {"Bgrad": 0.589226525567916, "d1": -2.3040844800732168, "d2": 0.9583817701212327, "d3": -0.1572508450659056, "d4": -2.180721858326976, "p1": 40.81739545282851, "p2": 40.920745510895614, "p3": 32.111131319383446, "p4": 37.62607751008616, "pol1": 0.39434360764100007, "pol2": -0.02399516603464802, "pol3": -0.21515564578815338, "pol4": 0.7531161590801649, "v0s": 6.181518153804649}, "datetime": {"datetime": "2022-04-29 17:43:10", "elapsed": 94302.612368, "delta": 33.174298}}
{"target": 4.578706209938511, "params": {"Bgrad": 1.5668885042683796, "d1": -2.4238882308513334, "d2": -0.15034968558436068, "d3": -1.9988719086668962, "d4": -1.8919434874227248, "p1": 0.2803580642589676, "p2": 15.360334475150738, "p3": 13.817444743980984, "p4": 4.817679197253372, "pol1": 0.5026624709223129, "pol2": 0.7403979089717021, "pol3": 0.665709534627319, "pol4": -0.721417852532581, "v0s": 4.578706209938511}, "datetime": {"datetime": "2022-04-29 17:43:32", "elapsed": 94324.594591, "delta": 21.982223}}
{"target": -1.0, "params": {"Bgrad": 1.1365120699229951, "d1": -1.7637071484532907, "d2": -0.019150257380985636, "d3": -2.9499290513807286, "d4": -1.0993714147969813, "p1": 5.38641955899275, "p2": 36.976493761290705, "p3": 33.418336369789806, "p4": 33.60083599453333, "pol1": 0.9742441768529666, "pol2": 0.24544663509225262, "pol3": -0.19411099801699327, "pol4": -0.42754942885923874, "v0s": 5.341812860668822}, "datetime": {"datetime": "2022-04-29 17:43:59", "elapsed": 94351.887615, "delta": 27.293024}}
{"target": -1.0, "params": {"Bgrad": 1.5196179628316742, "d1": -1.304127208744542, "d2": -0.8126833621605907, "d3": -1.8023493185709034, "d4": -1.3702667171453125, "p1": 23.259413010732565, "p2": 26.3210737898747, "p3": 10.570779042748264, "p4": 38.528834735880366, "pol1": -0.6489695101192332, "pol2": -0.38307570100570176, "pol3": 0.5500839328884257, "pol4": 0.5179420394344847, "v0s": 6.464525123834059}, "datetime": {"datetime": "2022-04-29 17:44:24", "elapsed": 94377.235838, "delta": 25.348223}}
{"target": 3.2247690506324505, "params": {"Bgrad": 0.8305404939944151, "d1": -1.4742949578302076, "d2": 0.38978276264183154, "d3": -1.5432427831591065, "d4": -0.2454415826828774, "p1": 47.106069773322155, "p2": 44.00506066124273, "p3": 6.859728513515043, "p4": 22.262692639387062, "pol1": -0.12923250636491884, "pol2": 0.31757176006684745, "pol3": 0.625291144002461, "pol4": 0.8202501905210718, "v0s": 3.2247690506324505}, "datetime": {"datetime": "2022-04-29 17:44:38", "elapsed": 94390.896313, "delta": 13.660475}}
{"target": -1.0, "params": {"Bgrad": 0.6759575557961692, "d1": -2.7230685931282355, "d2": -0.6596734381263385, "d3": -1.6508009974755185, "d4": -2.7568798105714096, "p1": 9.14086901992337, "p2": 5.965319540180669, "p3": 26.97086913617105, "p4": 9.949666580168653, "pol1": 0.17163087393739151, "pol2": -0.541029956623345, "pol3": -0.45176490220327725, "pol4": -0.5259148915714109, "v0s": 3.156608550145099}, "datetime": {"datetime": "2022-04-29 17:44:51", "elapsed": 94403.78884, "delta": 12.892527}}
{"target": -1.0, "params": {"Bgrad": 1.4228069630229376, "d1": -2.5666432502173917, "d2": -2.689168462573938, "d3": -1.0758328279496494, "d4": 0.5360506939864194, "p1": 33.067354091371385, "p2": 12.29466577877516, "p3": 21.888789567335614, "p4": 47.628515827657864, "pol1": 0.5927711397873356, "pol2": 0.44073089132832033, "pol3": 0.2637895945874742, "pol4": 0.7244746958221038, "v0s": 3.9095305925528745}, "datetime": {"datetime": "2022-04-29 17:45:12", "elapsed": 94424.567282, "delta": 20.778442}}
{"target": -1.0, "params": {"Bgrad": 1.7245576897255543, "d1": -2.6029388373447446, "d2": -1.8812518399665055, "d3": -0.5860301997200295, "d4": -1.733500796400683, "p1": 37.61228096505777, "p2": 4.0639009259565375, "p3": 7.669976800581963, "p4": 38.39918561257337, "pol1": 0.39155631157615645, "pol2": 0.4677849577140438, "pol3": 0.8788540693025211, "pol4": -0.6800087622983313, "v0s": 3.497175058314746}, "datetime": {"datetime": "2022-04-29 17:45:29", "elapsed": 94441.872013, "delta": 17.304731}}
{"target": -1.0, "params": {"Bgrad": 1.4994321203788046, "d1": 0.6234552511512006, "d2": -0.31698994006671644, "d3": -1.961622405702188, "d4": -1.719386059894008, "p1": 7.109832432735308, "p2": 0.31168065517145904, "p3": 38.80341360110749, "p4": 45.5119356863431, "pol1": -0.5325465127579405, "pol2": -0.5106772515152069, "pol3": 0.4826493722448708, "pol4": -0.5891973796534362, "v0s": 4.529659665244212}, "datetime": {"datetime": "2022-04-29 17:45:47", "elapsed": 94460.210978, "delta": 18.338965}}
{"target": 3.260303728294805, "params": {"Bgrad": 1.847713915075605, "d1": -0.5745728165006498, "d2": -0.8484282476315773, "d3": -1.4035626144308124, "d4": -0.11104871414922995, "p1": 25.8093578872275, "p2": 7.018268120244902, "p3": 31.442576837204744, "p4": 29.676194233427516, "pol1": -0.375727207741218, "pol2": 0.5454463031063735, "pol3": 0.5668229117966355, "pol4": -0.37314971990244916, "v0s": 3.260303728294805}, "datetime": {"datetime": "2022-04-29 17:46:06", "elapsed": 94478.773346, "delta": 18.562368}}
{"target": -1.0, "params": {"Bgrad": 1.663626083802913, "d1": 0.6156092005175191, "d2": -0.6402949256569768, "d3": -2.0232550420525266, "d4": -1.5407187205235506, "p1": 26.673879769334686, "p2": 6.508630765703726, "p3": 41.63762511331799, "p4": 24.277595793616108, "pol1": 0.2810843541654027, "pol2": -0.419922130714365, "pol3": -0.6539895621219634, "pol4": -0.6512148517667062, "v0s": 3.198633052359179}, "datetime": {"datetime": "2022-04-29 17:46:36", "elapsed": 94509.25983, "delta": 30.486484}}
{"target": -1.0, "params": {"Bgrad": 1.7791314232699027, "d1": -0.17726898197450014, "d2": -1.1399769662541845, "d3": 0.5160055798196117, "d4": -0.6954142876404679, "p1": 13.463209801565368, "p2": 18.393921885580134, "p3": 8.59983356852455, "p4": 13.114020425653328, "pol1": 0.42641118883112994, "pol2": -0.32317729526324657, "pol3": -0.37177655847711044, "pol4": 0.4448760907669562, "v0s": 2.636733807299591}, "datetime": {"datetime": "2022-04-29 17:47:01", "elapsed": 94533.927872, "delta": 24.668042}}
{"target": -1.0, "params": {"Bgrad": 0.5343489990031448, "d1": -2.306743553949523, "d2": -0.01823193030394954, "d3": 0.05720541358462006, "d4": -1.778965287277154, "p1": 43.545373788255986, "p2": 36.96423262121855, "p3": 17.79928110382703, "p4": 27.143124887931297, "pol1": -0.5680109869080863, "pol2": 0.22794433736073594, "pol3": 0.5263569978233371, "pol4": -0.37742548405573095, "v0s": 2.1570395973906864}, "datetime": {"datetime": "2022-04-29 17:47:34", "elapsed": 94566.728171, "delta": 32.800299}}
