[{"target": 24.0, "params": {"det_1": 104.55607270430477, "det_2": 14.919186855766748, "laseroff": 461645.4813842731, "laseron": 206048.90464987696, "main_det": 16.852195003967594, "pr_1": 2.4422963724494156, "pr_2": 8.842115645713982}}, {"target": 10.0, "params": {"det_1": 72.73875931979262, "det_2": 21.761687754460056, "laseroff": 425192.0234053357, "laseron": 228613.66664938477, "main_det": 11.403869385952337, "pr_1": 2.3819641463063483, "pr_2": 8.107073402417598}}, {"target": 21.0, "params": {"det_1": 166.82615757193975, "det_2": 12.835604453981071, "laseroff": 507697.09237817855, "laseron": 280004.70927540713, "main_det": 18.946066635038473, "pr_1": 1.30792000801289, "pr_2": 0.8710204407123825}}, {"target": 22.0, "params": {"det_1": 86.98304195645689, "det_2": 26.953562585735327, "laseroff": 329504.9518030812, "laseron": 206358.36942081724, "main_det": 19.57889530150502, "pr_1": 5.565070207243663, "pr_2": 7.072832582529497}}, {"target": 9.0, "params": {"det_1": 101.5515631006063, "det_2": 22.162523192039593, "laseroff": 550387.8669435399, "laseron": 141198.31174319648, "main_det": 17.501443149449674, "pr_1": 9.8941803446117, "pr_2": 7.607573716608474}}, {"target": 19.0, "params": {"det_1": 146.5186263119211, "det_2": 7.737938117598828, "laseroff": 456594.6004312142, "laseron": 262510.53924338834, "main_det": 16.87139173260462, "pr_1": 1.7633246370763251, "pr_2": 2.4182838996703504}}, {"target": 10.0, "params": {"det_1": 166.49405050630827, "det_2": 6.6574914553185796, "laseroff": 315670.8431576838, "laseron": 237162.68026410803, "main_det": 15.790623075468524, "pr_1": 8.677154820297211, "pr_2": 4.325059097771048}}, {"target": 7.0, "params": {"det_1": 121.64457414979762, "det_2": 21.835815871865567, "laseroff": 467008.7415930798, "laseron": 218267.54310706595, "main_det": 13.998902132760314, "pr_1": 5.936889946090949, "pr_2": 5.26140479412744}}, {"target": 6.0, "params": {"det_1": 110.3890125919745, "det_2": 25.697439535258226, "laseroff": 456882.1501416901, "laseron": 201360.93483584656, "main_det": 12.35611374398485, "pr_1": 4.528460805068348, "pr_2": 8.352982782620945}}, {"target": 6.0, "params": {"det_1": 163.8792372027851, "det_2": 15.040560711996473, "laseroff": 461086.4435244836, "laseron": 206795.1213328141, "main_det": 18.015035223036243, "pr_1": 1.236640101372363, "pr_2": 4.759510774180764}}, {"target": 0.0, "params": {"det_1": 162.509884677212, "det_2": 25.954813328379032, "laseroff": 302276.4227178997, "laseron": 282889.2260129475, "main_det": 10.053662707439653, "pr_1": 5.333063133786502, "pr_2": 4.722731585278923}}, {"target": 3.0, "params": {"det_1": 168.19296810910865, "det_2": 9.951464003179218, "laseroff": 578764.4778416427, "laseron": 205423.31987755324, "main_det": 14.044550181657595, "pr_1": 0.6530267268271608, "pr_2": 7.916095951831473}}, {"target": 3.0, "params": {"det_1": 132.88733772297846, "det_2": 25.715751274921203, "laseroff": 486901.18663518503, "laseron": 191619.90921239124, "main_det": 12.94086150637661, "pr_1": 1.3644983176453593, "pr_2": 0.6300079348689491}}, {"target": 28.0, "params": {"det_1": 116.53158654819931, "det_2": 10.890775087558234, "laseroff": 357603.7848831526, "laseron": 153897.56725748244, "main_det": 19.277063430110857, "pr_1": 4.57606239373632, "pr_2": 6.165593763468909}}, {"target": 11.0, "params": {"det_1": 152.60301439197605, "det_2": 24.436809981102154, "laseroff": 515202.794962093, "laseron": 259769.56165719207, "main_det": 18.587303246801568, "pr_1": 0.5641631101726555, "pr_2": 7.217552464640853}}, {"target": 24.0, "params": {"det_1": 98.04439920644052, "det_2": 24.73198321128721, "laseroff": 330968.69874728605, "laseron": 210691.25679421442, "main_det": 19.085955030930954, "pr_1": 3.289334409549955, "pr_2": 3.233865716570313}}, {"target": 6.0, "params": {"det_1": 83.00285721182777, "det_2": 5.484173946757426, "laseroff": 503650.9810464344, "laseron": 172472.96404416955, "main_det": 12.655466593722263, "pr_1": 5.169945013163214, "pr_2": 1.0069441786122637}}, {"target": 5.0, "params": {"det_1": 127.4117605492013, "det_2": 8.668214372645254, "laseroff": 476792.0717654484, "laseron": 251432.91231698584, "main_det": 11.023344288278258, "pr_1": 4.433531884285899, "pr_2": 7.096801498413578}}, {"target": 20.0, "params": {"det_1": 111.41792695269027, "det_2": 6.2488364736521795, "laseroff": 460769.38587824756, "laseron": 245615.42181075303, "main_det": 15.148891120583086, "pr_1": 9.473650181912726, "pr_2": 6.072272884768933}}, {"target": 7.0, "params": {"det_1": 160.34019152878835, "det_2": 8.436867603655937, "laseroff": 341783.7648988803, "laseron": 268843.6148616526, "main_det": 13.976768369855336, "pr_1": 2.070864872610861, "pr_2": 9.311331513762322}}, {"target": 15.0, "params": {"det_1": 104.77658597455066, "det_2": 23.77030257840389, "laseroff": 517799.6696071501, "laseron": 281123.5933134518, "main_det": 16.23672207055609, "pr_1": 7.633953123259703, "pr_2": 3.814534248789504}}, {"target": 19.0, "params": {"det_1": 96.99278917650261, "det_2": 27.39715545490167, "laseroff": 428427.9288701986, "laseron": 294312.52602672286, "main_det": 16.63441497818448, "pr_1": 6.406109341986657, "pr_2": 1.5900867430570642}}, {"target": 3.0, "params": {"det_1": 164.94892587070711, "det_2": 16.247803336998516, "laseroff": 473517.30592652515, "laseron": 204260.20921466482, "main_det": 12.370269802430277, "pr_1": 9.08210544534141, "pr_2": 5.949955123386715}}, {"target": 25.0, "params": {"det_1": 70.2870327031159, "det_2": 20.428622840518095, "laseroff": 397994.14388672705, "laseron": 223496.91862119088, "main_det": 18.859420993107747, "pr_1": 3.8940627200237476, "pr_2": 9.131083933738092}}, {"target": 20.0, "params": {"det_1": 132.33601157918028, "det_2": 5.395531071163907, "laseroff": 578831.2406858946, "laseron": 249999.4853775376, "main_det": 19.973228504514807, "pr_1": 2.1372348292806214, "pr_2": 1.8027896214743386}}, {"target": 7.0, "params": {"det_1": 152.78248995952413, "det_2": 19.785306266938143, "laseroff": 484106.7336055301, "laseron": 227082.247855154, "main_det": 15.980183315428572, "pr_1": 6.564950977356865, "pr_2": 3.7807821088501234}}, {"target": 9.0, "params": {"det_1": 83.70069521429068, "det_2": 29.827447155388104, "laseroff": 390214.49496208, "laseron": 247725.4215134339, "main_det": 11.266670639225413, "pr_1": 7.354857393808941, "pr_2": 1.2476268560283685}}, {"target": 7.0, "params": {"det_1": 129.9956507062524, "det_2": 11.458051688144096, "laseroff": 555153.7459719644, "laseron": 224289.85470924963, "main_det": 13.370434869393675, "pr_1": 8.774677886321673, "pr_2": 6.269464074618332}}, {"target": 25.0, "params": {"det_1": 71.89856351743836, "det_2": 26.567608843050724, "laseroff": 428181.3079892165, "laseron": 169879.6344517428, "main_det": 16.811884268301434, "pr_1": 4.432359832494052, "pr_2": 4.1115528553019445}}, {"target": 15.0, "params": {"det_1": 93.71726539285198, "det_2": 16.90236737732824, "laseroff": 384670.2353127656, "laseron": 291559.2705258674, "main_det": 19.015692725238644, "pr_1": 8.730689746542465, "pr_2": 8.235044736610906}}, {"target": 7.0, "params": {"det_1": 115.3937579982429, "det_2": 26.77741338619096, "laseroff": 434137.7932968026, "laseron": 152016.35215783978, "main_det": 10.685131927413167, "pr_1": 7.419806677619781, "pr_2": 7.233649178487154}}, {"target": 30.0, "params": {"det_1": 96.22434561859045, "det_2": 15.482231288112553, "laseroff": 398845.9685114464, "laseron": 162426.83781029694, "main_det": 19.434382715500604, "pr_1": 1.2983134215897505, "pr_2": 5.531458066690437}}, {"target": 22.0, "params": {"det_1": 92.39637662950776, "det_2": 29.173565798115998, "laseroff": 460323.4785963767, "laseron": 259302.37347050547, "main_det": 18.32086068744723, "pr_1": 3.423016784614778, "pr_2": 5.7674291731136496}}, {"target": 4.0, "params": {"det_1": 111.7022004702574, "det_2": 23.00811233605395, "laseroff": 300035.31233082863, "laseron": 187145.3169489264, "main_det": 11.46755890817113, "pr_1": 1.3772166503035792, "pr_2": 2.269472008087874}}, {"target": 20.0, "params": {"det_1": 97.60700081327128, "det_2": 30.0, "laseroff": 460328.6832621596, "laseron": 259307.57813628833, "main_det": 20.0, "pr_1": 10.0, "pr_2": 10.0}}, {"target": 7.0, "params": {"det_1": 133.6475170816478, "det_2": 5.0, "laseroff": 456607.56155312737, "laseron": 262611.286778785, "main_det": 10.0, "pr_1": 0.5, "pr_2": 0.5}}, {"target": 10.0, "params": {"det_1": 95.36288015558321, "det_2": 8.632052147911, "laseroff": 384452.94011019607, "laseron": 291402.24326252704, "main_det": 14.62373848843962, "pr_1": 8.753391003712613, "pr_2": 9.840407465355522}}, {"target": 26.0, "params": {"det_1": 78.44730029442488, "det_2": 19.752755230700664, "laseroff": 357522.8342113167, "laseron": 153865.0244974842, "main_det": 18.12791914406491, "pr_1": 0.5280488004555219, "pr_2": 4.119960832000986}}, {"target": 17.0, "params": {"det_1": 94.71057712216816, "det_2": 17.001873108160623, "laseroff": 397773.1866281122, "laseron": 223524.8192358847, "main_det": 13.271616659209414, "pr_1": 2.714378651334475, "pr_2": 8.078562675912487}}, {"target": 24.0, "params": {"det_1": 96.44373142533884, "det_2": 13.712084682116158, "laseroff": 428168.55033113214, "laseron": 170092.3887283676, "main_det": 18.568693842073536, "pr_1": 5.955031219449479, "pr_2": 5.641935913431679}}, {"target": 15.0, "params": {"det_1": 92.62139555760324, "det_2": 6.233810308238143, "laseroff": 428414.89737495495, "laseron": 293683.8883732805, "main_det": 19.626220230960975, "pr_1": 8.638625455573276, "pr_2": 3.877491388854376}}, {"target": 24.0, "params": {"det_1": 121.77320552314907, "det_2": 19.262704343008345, "laseroff": 397917.27322959737, "laseron": 223016.07525666914, "main_det": 15.247742377729402, "pr_1": 5.744256773189467, "pr_2": 1.1504392936443641}}, {"target": 5.0, "params": {"det_1": 101.4044388071006, "det_2": 25.21907401726419, "laseroff": 507835.83221211995, "laseron": 279787.34417253267, "main_det": 12.999018168228847, "pr_1": 7.392210025835639, "pr_2": 6.716015778727148}}, {"target": 28.0, "params": {"det_1": 129.0532690442217, "det_2": 30.0, "laseroff": 357537.2437762961, "laseron": 153944.21085066965, "main_det": 20.0, "pr_1": 10.0, "pr_2": 10.0}}, {"target": 6.0, "params": {"det_1": 127.20320345674548, "det_2": 6.465517566956382, "laseroff": 445436.30057219986, "laseron": 210972.8595888236, "main_det": 11.124393036203099, "pr_1": 7.811166432522984, "pr_2": 5.787828189588048}}, {"target": 20.0, "params": {"det_1": 129.9405176527846, "det_2": 17.897165112292356, "laseroff": 357108.31454553036, "laseron": 153912.6790291082, "main_det": 13.269241908831184, "pr_1": 5.0578212327328345, "pr_2": 0.8803112214251763}}, {"target": 6.0, "params": {"det_1": 123.94132029369763, "det_2": 12.676500695513376, "laseroff": 450040.5237515149, "laseron": 205565.63877620175, "main_det": 11.241911817145128, "pr_1": 7.426422428112932, "pr_2": 8.404452690696726}}, {"target": 25.0, "params": {"det_1": 71.09315491809625, "det_2": 21.21552756465861, "laseroff": 500576.8227757416, "laseron": 147531.51688088753, "main_det": 17.744060329553122, "pr_1": 8.05585696414406, "pr_2": 8.996380152863562}}, {"target": 24.0, "params": {"det_1": 70.03700558875092, "det_2": 5.0, "laseroff": 428110.13899796666, "laseron": 169977.855488605, "main_det": 20.0, "pr_1": 10.0, "pr_2": 10.0}}, {"target": 21.0, "params": {"det_1": 97.46565041072621, "det_2": 21.848351019050288, "laseroff": 357780.5665395971, "laseron": 153940.65160863945, "main_det": 15.45944905889621, "pr_1": 6.784986552785488, "pr_2": 4.098839474543521}}, {"target": 19.0, "params": {"det_1": 141.38161397438978, "det_2": 21.072665978606313, "laseroff": 428311.69343905675, "laseron": 294666.75710860756, "main_det": 15.29738041353955, "pr_1": 6.275536069009154, "pr_2": 4.171559676778886}}, {"target": 30.0, "params": {"det_1": 96.2250089106507, "det_2": 15.482894579701505, "laseroff": 398853.87979081424, "laseron": 162434.77182242164, "main_det": 19.435046007089554, "pr_1": 1.2989767132376138, "pr_2": 5.5321213583383}}, {"target": 14.0, "params": {"det_1": 143.77603704060436, "det_2": 27.636850885413196, "laseroff": 398406.15209353087, "laseron": 223029.9774593201, "main_det": 15.411701398844542, "pr_1": 1.396778473131637, "pr_2": 7.242801066760473}}, {"target": 8.0, "params": {"det_1": 127.15928407837539, "det_2": 12.94741369849654, "laseroff": 399031.90349503246, "laseron": 162144.9737853383, "main_det": 12.154956955941788, "pr_1": 5.2032071711093835, "pr_2": 1.734207540485769}}, {"target": 7.0, "params": {"det_1": 153.8024137135377, "det_2": 8.809965249832592, "laseroff": 461014.67246228585, "laseron": 245907.98852936708, "main_det": 13.80021376648266, "pr_1": 7.8780661971718535, "pr_2": 6.103237663057911}}, {"target": 3.0, "params": {"det_1": 122.10687029257261, "det_2": 25.336029363226604, "laseroff": 461800.12075570587, "laseron": 205862.69464046694, "main_det": 12.935850765373464, "pr_1": 5.133307897164352, "pr_2": 1.3150281624238602}}, {"target": 13.0, "params": {"det_1": 98.38883724264869, "det_2": 16.033001157136955, "laseroff": 371883.764386328, "laseron": 257451.10711345403, "main_det": 14.918893888700515, "pr_1": 7.495391998132167, "pr_2": 4.470616204382726}}, {"target": 26.0, "params": {"det_1": 159.12488929348763, "det_2": 26.55822272202652, "laseroff": 331030.41127421154, "laseron": 210801.50766875208, "main_det": 18.665697765980767, "pr_1": 9.906993476377364, "pr_2": 3.04481608250855}}, {"target": 21.0, "params": {"det_1": 82.32561036832536, "det_2": 14.01767768378071, "laseroff": 456491.6500203692, "laseron": 262261.41982540576, "main_det": 15.911577194216113, "pr_1": 1.3722980015015822, "pr_2": 3.29552171433156}}, {"target": 28.0, "params": {"det_1": 78.90355557870399, "det_2": 7.095756424652406, "laseroff": 398716.4261868191, "laseron": 162490.03959829806, "main_det": 19.475781113485162, "pr_1": 7.064295309185983, "pr_2": 7.349220553279351}}, {"target": 28.0, "params": {"det_1": 97.99935521210038, "det_2": 16.48044787647919, "laseroff": 428369.223476223, "laseron": 170433.18031212426, "main_det": 16.848284584847836, "pr_1": 0.6453857168935087, "pr_2": 7.803677848030835}}, {"target": 12.0, "params": {"det_1": 103.88003962277267, "det_2": 8.705744002306147, "laseroff": 364121.55265831214, "laseron": 140146.172655201, "main_det": 11.35939541497114, "pr_1": 8.214787595000672, "pr_2": 5.085732668649426}}, {"target": 20.0, "params": {"det_1": 146.10199174705915, "det_2": 21.56093262686576, "laseroff": 352795.99432545726, "laseron": 271080.3943738425, "main_det": 16.39706032230615, "pr_1": 1.913037044432396, "pr_2": 9.4970348348904}}, {"target": 21.0, "params": {"det_1": 72.42197636421177, "det_2": 13.636347673992814, "laseroff": 428516.0757836328, "laseron": 170806.31206237696, "main_det": 16.229963289487955, "pr_1": 9.512332580149884, "pr_2": 1.1681752414466802}}, {"target": 17.0, "params": {"det_1": 74.10173432248764, "det_2": 6.962044413941904, "laseroff": 543661.3878059179, "laseron": 220364.62665687682, "main_det": 17.377794842738915, "pr_1": 2.0020712746683706, "pr_2": 3.212354478219998}}, {"target": 7.0, "params": {"det_1": 84.32214656047506, "det_2": 29.008556410057217, "laseroff": 357771.06112537876, "laseron": 154176.7439189726, "main_det": 10.338511981499808, "pr_1": 8.697167493143226, "pr_2": 8.946242284548052}}, {"target": 28.0, "params": {"det_1": 155.53163914230083, "det_2": 27.69496722379086, "laseroff": 398130.82968269533, "laseron": 223701.19246233866, "main_det": 18.597144145438357, "pr_1": 9.09001125335427, "pr_2": 9.3080770466361}}, {"target": 6.0, "params": {"det_1": 90.19904317491682, "det_2": 25.3498606375338, "laseroff": 348599.4586412668, "laseron": 221625.50314843608, "main_det": 11.54272606634131, "pr_1": 5.4769372042391025, "pr_2": 2.991467887155866}}, {"target": 7.0, "params": {"det_1": 137.52213717933466, "det_2": 15.959317206308693, "laseroff": 507466.9432566939, "laseron": 280224.04011205095, "main_det": 12.08273136206661, "pr_1": 3.4075005684791346, "pr_2": 9.175820789006444}}, {"target": 7.0, "params": {"det_1": 135.08362108143933, "det_2": 6.0693007710000755, "laseroff": 456183.0044541082, "laseron": 261811.12072652375, "main_det": 13.25092465879703, "pr_1": 5.397769515350884, "pr_2": 3.1274394127336165}}, {"target": 27.0, "params": {"det_1": 141.5287182091597, "det_2": 5.039126297767211, "laseroff": 415875.10693491786, "laseron": 197016.08653968188, "main_det": 16.047253580726704, "pr_1": 4.466961969249561, "pr_2": 2.1863974755351303}}, {"target": 6.0, "params": {"det_1": 92.55667318577437, "det_2": 28.98560644045809, "laseroff": 327492.0080358538, "laseron": 205158.19690321118, "main_det": 11.843896334836066, "pr_1": 5.566627446032398, "pr_2": 4.027915503847241}}, {"target": 15.0, "params": {"det_1": 157.2180408136096, "det_2": 7.923469069132667, "laseroff": 401175.2654405711, "laseron": 240126.2129890526, "main_det": 12.219259004440957, "pr_1": 6.3103048139830005, "pr_2": 0.8202802869762829}}, {"target": 9.0, "params": {"det_1": 118.53238501119628, "det_2": 10.795075556680873, "laseroff": 398467.75913558475, "laseron": 162385.84680757398, "main_det": 11.646842121536064, "pr_1": 2.9969942976609896, "pr_2": 6.492355365372168}}, {"target": 3.0, "params": {"det_1": 158.8971409080948, "det_2": 6.247094303229012, "laseroff": 330799.38782100205, "laseron": 211473.8705767328, "main_det": 10.058831450087949, "pr_1": 8.936627480915488, "pr_2": 7.722309371836697}}]
