{"target": 4.20353799532417, "params": {"Bgrad": 1.4766117429462609, "d1": -2.8213063239973715, "d2": -0.267649815141834, "d3": -1.9521275313291637, "d4": -0.8223701079173835, "p1": 10.144101155302527, "p2": 16.999436296198716, "p3": 7.561348055805001, "p4": 33.699535739180504, "pol1": -0.21610843501528845, "pol2": -0.4784537558499433, "pol3": -0.33763907167039103, "pol4": -0.2255080910655761, "v0s": 4.20353799532417}, "datetime": {"datetime": "2022-06-25 13:35:59", "elapsed": 50030.854244, "delta": 0.002992}}
{"target": 4.20353799532417, "params": {"Bgrad": 1.4766117429462609, "d1": -2.8213063239973715, "d2": -0.267649815141834, "d3": -1.9521275313291637, "d4": -0.8223701079173835, "p1": 10.144101155302527, "p2": 16.999436296198716, "p3": 7.561348055805001, "p4": 33.699535739180504, "pol1": -0.21610843501528845, "pol2": -0.4784537558499433, "pol3": -0.33763907167039103, "pol4": -0.2255080910655761, "v0s": 4.20353799532417}, "datetime": {"datetime": "2022-06-25 13:35:59", "elapsed": 50030.857236, "delta": 0.002992}}
{"target": 4.20353799532417, "params": {"Bgrad": 1.4766117429462609, "d1": -2.8213063239973715, "d2": -0.267649815141834, "d3": -1.9521275313291637, "d4": -0.8223701079173835, "p1": 10.144101155302527, "p2": 16.999436296198716, "p3": 7.561348055805001, "p4": 33.699535739180504, "pol1": -0.21610843501528845, "pol2": -0.4784537558499433, "pol3": -0.33763907167039103, "pol4": -0.2255080910655761, "v0s": 4.20353799532417}, "datetime": {"datetime": "2022-06-25 13:35:59", "elapsed": 50030.860228, "delta": 0.002992}}
