{"target": -1.0, "params": {"Bgrad": 1.3328860390316788, "d1": 0.21976088067221378, "d2": -1.640362194951046, "d3": 0.18371858666745933, "d4": 0.37716530131749826, "p1": 18.383188138044076, "p2": 47.21927444242847, "p3": 44.37597979609323, "p4": 19.8986883763965, "pol1": -0.6357727878516701, "pol2": 0.8900176197724483, "pol3": 0.22106606884629665, "pol4": -0.9011904734074507, "v0s": 7.162920046260869}, "datetime": {"datetime": "2022-04-28 18:44:49", "elapsed": 11601.73881, "delta": 12.677104}}
{"target": -1.0, "params": {"Bgrad": 0.9334648767387297, "d1": 0.5565662584733277, "d2": -0.9938785577485536, "d3": -2.7682804957057683, "d4": -0.37270831000868787, "p1": 35.719009261570946, "p2": 49.77640136172424, "p3": 46.06959622232473, "p4": 35.60040414893656, "pol1": -0.37216132744271735, "pol2": -0.44738645660453136, "pol3": 0.19979437633138697, "pol4": 0.7717075592417078, "v0s": 5.588789615879585}, "datetime": {"datetime": "2022-04-28 18:45:00", "elapsed": 11612.712468, "delta": 10.973658}}
{"target": -1.0, "params": {"Bgrad": 0.7704711267036457, "d1": -0.6910668053855322, "d2": 0.14823987872070754, "d3": 0.025040076392342847, "d4": -2.2013344932815513, "p1": 17.962459493256922, "p2": 27.820366164205133, "p3": 33.254903814972266, "p4": 47.2508174599857, "pol1": 0.41759436488409385, "pol2": -0.8340837394806788, "pol3": 0.9473658098205178, "pol4": 0.687427406787738, "v0s": 6.754322793862622}, "datetime": {"datetime": "2022-04-28 18:45:09", "elapsed": 11621.613668, "delta": 8.9012}}
{"target": -1.0, "params": {"Bgrad": 1.6361998144368268, "d1": 0.5385442685385136, "d2": -0.654242690336651, "d3": 0.10846139461924276, "d4": -0.5737009664491115, "p1": 47.777438519408, "p2": 35.771592687839146, "p3": 45.03544965918756, "p4": 10.957714009540826, "pol1": -0.14735948141283362, "pol2": 0.28324749931753224, "pol3": 0.9192218150709999, "pol4": -0.8577051652812833, "v0s": 2.3229034849155763}, "datetime": {"datetime": "2022-04-28 18:45:24", "elapsed": 11637.393476, "delta": 15.779808}}
{"target": -1.0, "params": {"Bgrad": 1.2680916016498796, "d1": -1.3153953334316215, "d2": -0.03271844044671779, "d3": -1.796703616091258, "d4": -2.741821245880157, "p1": 16.726419880995525, "p2": 44.38256257127413, "p3": 27.040733319271666, "p4": 43.32038248011419, "pol1": 0.8228394777804051, "pol2": 0.3961513578364375, "pol3": 0.21145609025516543, "pol4": 0.3193790235889118, "v0s": 7.934135134970555}, "datetime": {"datetime": "2022-04-28 18:45:38", "elapsed": 11650.820574, "delta": 13.427098}}
{"target": -1.0, "params": {"Bgrad": 1.3491732302352355, "d1": -2.827844275387403, "d2": 0.2796559383971644, "d3": -0.3479062776329447, "d4": 0.03877382681928587, "p1": 21.90443194480337, "p2": 47.439792310620035, "p3": 41.61667076267593, "p4": 5.114412659268686, "pol1": 0.4256822389850703, "pol2": 0.38004124021633134, "pol3": 0.6689098700594682, "pol4": -0.360344062353269, "v0s": 6.844990466345641}, "datetime": {"datetime": "2022-04-28 18:45:54", "elapsed": 11666.792867, "delta": 15.972293}}
{"target": -1.0, "params": {"Bgrad": 1.8482303694089421, "d1": -1.7589224929066218, "d2": 0.0628109994309658, "d3": 0.17308135774681688, "d4": -0.20515348117816812, "p1": 26.57024285690423, "p2": 35.42292588316376, "p3": 33.50149469654044, "p4": 20.48044922252067, "pol1": 0.22925799394206448, "pol2": 0.17879916640882043, "pol3": 0.0007712531733463646, "pol4": -0.4705909131025896, "v0s": 2.338568670389056}, "datetime": {"datetime": "2022-04-28 18:46:08", "elapsed": 11681.455661, "delta": 14.662794}}
{"target": -1.0, "params": {"Bgrad": 0.9821645450733429, "d1": -0.18093369562375639, "d2": -2.6057825190204085, "d3": -0.5858907216563578, "d4": 0.821186720292483, "p1": 26.209311135222706, "p2": 4.120037518101377, "p3": 39.99496462731128, "p4": 44.12385974745294, "pol1": -0.4705729373752561, "pol2": 0.6041241795563435, "pol3": 0.6785914504129402, "pol4": 0.034785978548808716, "v0s": 4.642673079276161}, "datetime": {"datetime": "2022-04-28 18:46:18", "elapsed": 11690.891432, "delta": 9.435771}}
{"target": -1.0, "params": {"Bgrad": 0.6345909095255743, "d1": 0.515098278523034, "d2": -1.8275831322554317, "d3": 0.38786065363207456, "d4": -0.2813218851850876, "p1": 18.566522687385074, "p2": 4.764302837575723, "p3": 13.928495891268522, "p4": 39.024812786722464, "pol1": -0.043460447533345326, "pol2": -0.07874225948978486, "pol3": 0.1100542418802859, "pol4": 0.4327162567524434, "v0s": 6.116286165660627}, "datetime": {"datetime": "2022-04-28 18:46:25", "elapsed": 11698.50707, "delta": 7.615638}}
{"target": -1.0, "params": {"Bgrad": 1.7142414063607656, "d1": -2.847782127338865, "d2": -2.5309053279666993, "d3": 0.28407890251548684, "d4": -2.334648232781339, "p1": 44.5235804025328, "p2": 25.601344230063717, "p3": 2.0766137352312364, "p4": 18.902480926885662, "pol1": -0.781813013553118, "pol2": 0.3946675184613284, "pol3": -0.22253449582880713, "pol4": 0.26209578881789186, "v0s": 3.870831016671425}, "datetime": {"datetime": "2022-04-28 18:46:43", "elapsed": 11716.216717, "delta": 17.709647}}
{"target": -1.0, "params": {"Bgrad": 1.562526958849647, "d1": -2.0873571445841277, "d2": -2.4111681988716223, "d3": 0.6838782492118587, "d4": -2.111194400858786, "p1": 32.12419664170173, "p2": 7.2344364917854005, "p3": 37.63107096736985, "p4": 37.28838887603076, "pol1": 0.3539849021246706, "pol2": 0.5120467629185872, "pol3": -0.42430338311528315, "pol4": 0.7652502444056932, "v0s": 7.869628401889851}, "datetime": {"datetime": "2022-04-28 18:46:56", "elapsed": 11729.347607, "delta": 13.13089}}
{"target": -1.0, "params": {"Bgrad": 1.122530626707825, "d1": -1.2400485661030256, "d2": -0.6476828023759187, "d3": 0.8260451460020839, "d4": -2.279857497811255, "p1": 42.24127349720064, "p2": 24.012123948546893, "p3": 6.650135259643209, "p4": 44.097804997478356, "pol1": 0.9131632422860283, "pol2": -0.2113895346802246, "pol3": 0.34477705975717154, "pol4": 0.8502712294776087, "v0s": 4.980539808593079}, "datetime": {"datetime": "2022-04-28 18:47:10", "elapsed": 11742.688935, "delta": 13.341328}}
{"target": 5.518523338776713, "params": {"Bgrad": 0.7199410038655041, "d1": -1.7922991671235375, "d2": 0.7907794289835879, "d3": -0.32633627026861056, "d4": -2.1357081911656195, "p1": 29.503220927705907, "p2": 29.639517637905833, "p3": 8.08181602599114, "p4": 8.629349907184041, "pol1": -0.5099210191898882, "pol2": 0.6425441549828026, "pol3": 0.5435000845748212, "pol4": -0.2727515869267896, "v0s": 5.518523338776713}, "datetime": {"datetime": "2022-04-28 18:47:18", "elapsed": 11751.216135, "delta": 8.5272}}
{"target": -1.0, "params": {"Bgrad": 1.6823236004801174, "d1": -0.2561658763843253, "d2": -1.062393888510206, "d3": -2.633344515347213, "d4": -0.5191391798622607, "p1": 40.420829919736185, "p2": 34.52754450252568, "p3": 26.16149688444362, "p4": 22.018902337751804, "pol1": -0.7382675610851579, "pol2": 0.9865130269313809, "pol3": -0.6719385115346739, "pol4": 0.4074049143661689, "v0s": 5.9817148006962055}, "datetime": {"datetime": "2022-04-28 18:47:32", "elapsed": 11764.727009, "delta": 13.510874}}
{"target": -1.0, "params": {"Bgrad": 1.9108281112120244, "d1": -0.9149811087103665, "d2": -0.800277429990564, "d3": 0.4290311116143273, "d4": 0.8786620133123173, "p1": 46.432663278535976, "p2": 4.984080601777502, "p3": 42.56951248553641, "p4": 49.72464724551198, "pol1": -0.9342866599799571, "pol2": 0.5382868669016505, "pol3": -0.5345154047808693, "pol4": -0.1993248460116237, "v0s": 6.342353537559436}, "datetime": {"datetime": "2022-04-28 18:47:49", "elapsed": 11781.574961, "delta": 16.847952}}
{"target": -1.0, "params": {"Bgrad": 0.9073664572132731, "d1": -0.3003904021792416, "d2": 0.08317217342214134, "d3": 0.21346041586773223, "d4": -1.3348838072210447, "p1": 39.668351537499326, "p2": 17.702492249829483, "p3": 39.16232583514099, "p4": 43.68974540513151, "pol1": 0.7547151774614553, "pol2": 0.36064385773663954, "pol3": 0.8907735522024807, "pol4": 0.7140132604657781, "v0s": 5.877464577819841}, "datetime": {"datetime": "2022-04-28 18:47:59", "elapsed": 11791.666977, "delta": 10.092016}}
{"target": -1.0, "params": {"Bgrad": 1.9481882448825614, "d1": -1.8937971129155353, "d2": -0.4414603053520243, "d3": -2.986028500250204, "d4": 0.8417326427208165, "p1": 31.37528839760536, "p2": 2.4395957067776584, "p3": 35.831862466068195, "p4": 2.480631020027463, "pol1": 0.8399263719456656, "pol2": 0.9050647337072477, "pol3": -0.2860170414349026, "pol4": -0.4904496687122659, "v0s": 4.796942838265721}, "datetime": {"datetime": "2022-04-28 18:48:18", "elapsed": 11810.61232, "delta": 18.945343}}
{"target": -1.0, "params": {"Bgrad": 1.5377356735217917, "d1": -2.9547089909853232, "d2": -2.243311549206434, "d3": 0.30821992347747473, "d4": 0.312873488824585, "p1": 23.581079193169813, "p2": 39.41038918301765, "p3": 45.442953266010555, "p4": 37.16265843750537, "pol1": 0.867398386735702, "pol2": 0.7805789969803638, "pol3": -0.4016785645340808, "pol4": 0.5588687384289812, "v0s": 5.806370575922346}, "datetime": {"datetime": "2022-04-28 18:48:35", "elapsed": 11827.634805, "delta": 17.022485}}
{"target": -1.0, "params": {"Bgrad": 0.5759222650259921, "d1": -0.7559501713180685, "d2": 0.8254428549861181, "d3": -2.304384843842281, "d4": -2.749623393686949, "p1": 0.8325517194296972, "p2": 20.51190125659195, "p3": 30.24980143007192, "p4": 15.0657706940577, "pol1": -0.6319586630391409, "pol2": -0.30533242391909776, "pol3": -0.5748662608443909, "pol4": -0.13651109106800452, "v0s": 3.5425153177656132}, "datetime": {"datetime": "2022-04-28 18:48:45", "elapsed": 11837.539322, "delta": 9.904517}}
{"target": -1.0, "params": {"Bgrad": 0.7312811026299061, "d1": 0.19114907166636286, "d2": -0.24429791069554208, "d3": 0.04922514235065245, "d4": 0.9476002669272989, "p1": 2.8043385886853898, "p2": 23.846950317049735, "p3": 14.092968076640933, "p4": 5.578966044372602, "pol1": -0.7228797156970346, "pol2": -0.3848497945831093, "pol3": 0.8955573158489645, "pol4": 0.5891293809653364, "v0s": 7.392181437252322}, "datetime": {"datetime": "2022-04-28 18:48:52", "elapsed": 11845.262671, "delta": 7.723349}}
{"target": -1.0, "params": {"Bgrad": 0.6302376624009012, "d1": 0.1579660784479029, "d2": -1.4421972329989572, "d3": -1.1463237116239569, "d4": -0.97453869473906, "p1": 18.57500831492081, "p2": 2.4582058528534234, "p3": 22.631815395988042, "p4": 32.081283076050255, "pol1": 0.7186780291395232, "pol2": -0.772733659638994, "pol3": -0.9062700840515785, "pol4": 0.5539855579557278, "v0s": 3.761076574069486}, "datetime": {"datetime": "2022-04-28 18:48:59", "elapsed": 11851.620672, "delta": 6.358001}}
{"target": -1.0, "params": {"Bgrad": 1.5390467805324084, "d1": -0.30040673620840996, "d2": -1.7473219177399644, "d3": -0.5929933020856262, "d4": 0.8210317438411994, "p1": 28.656304037022252, "p2": 15.343713652012287, "p3": 17.104192540514806, "p4": 6.822340667513877, "pol1": -0.11442502634535034, "pol2": -0.6718035489651426, "pol3": -0.5720307953220793, "pol4": -0.373753177974786, "v0s": 3.7927807484508955}, "datetime": {"datetime": "2022-04-28 18:49:11", "elapsed": 11863.997578, "delta": 12.376906}}
{"target": -1.0, "params": {"Bgrad": 1.2421776889445992, "d1": -0.7886003367870544, "d2": -2.461489742732725, "d3": -2.6374094611782226, "d4": -1.1166212076884436, "p1": 14.90020603678523, "p2": 33.30649591623317, "p3": 24.17314078728645, "p4": 6.549417198283986, "pol1": 0.8261416311751935, "pol2": 0.3840285056416193, "pol3": -0.3625964247825135, "pol4": -0.00013295799716206425, "v0s": 6.306452787104995}, "datetime": {"datetime": "2022-04-28 18:49:23", "elapsed": 11876.281732, "delta": 12.284154}}
{"target": 3.2750694889262615, "params": {"Bgrad": 1.8752387613421138, "d1": -1.8669630995016955, "d2": 0.8700434646599757, "d3": -2.5886792680753383, "d4": 0.11197637700908425, "p1": 48.834499310427425, "p2": 44.93616900675049, "p3": 6.956113329401948, "p4": 20.668284493604812, "pol1": -0.10673840414822333, "pol2": 0.8873594298230763, "pol3": -0.8019870441656609, "pol4": -0.355371490015846, "v0s": 3.2750694889262615}, "datetime": {"datetime": "2022-04-28 18:49:33", "elapsed": 11885.718499, "delta": 9.436767}}
{"target": 4.548365960428313, "params": {"Bgrad": 0.6194826262021188, "d1": -2.0441172606922926, "d2": -2.4007653394581805, "d3": -2.4732358330051216, "d4": -2.8003051732204476, "p1": 16.77964166580523, "p2": 17.744064418253515, "p3": 39.52173678339034, "p4": 30.899266270704317, "pol1": 0.9384925086263247, "pol2": -0.7247241360845114, "pol3": 0.6201621199854752, "pol4": -0.5390151178182931, "v0s": 4.548365960428313}, "datetime": {"datetime": "2022-04-28 18:49:38", "elapsed": 11891.422249, "delta": 5.70375}}
{"target": -1.0, "params": {"Bgrad": 1.6895371446505059, "d1": -0.3808084761544732, "d2": -0.8237795720137959, "d3": -0.08561588656457353, "d4": -0.12752884593309277, "p1": 22.428861523574422, "p2": 27.324924343014363, "p3": 2.124672773470482, "p4": 7.034413565770775, "pol1": -0.7515512549536243, "pol2": -0.8565171506248597, "pol3": -0.4877463178868162, "pol4": -0.4947894772428878, "v0s": 5.915801486050048}, "datetime": {"datetime": "2022-04-28 18:49:52", "elapsed": 11905.061779, "delta": 13.63953}}
{"target": -1.0, "params": {"Bgrad": 0.9083143868133453, "d1": -2.317465985662867, "d2": -2.1090256446915023, "d3": -1.8565236098969402, "d4": -2.3589203816975104, "p1": 39.80920064779793, "p2": 24.726614098790556, "p3": 24.676732761994963, "p4": 31.08636696167575, "pol1": -0.7259729335154577, "pol2": -0.9680963928362123, "pol3": 0.1224130306146487, "pol4": -0.8170747205461497, "v0s": 6.018833725287505}, "datetime": {"datetime": "2022-04-28 18:49:59", "elapsed": 11912.470969, "delta": 7.40919}}
{"target": -1.0, "params": {"Bgrad": 1.1315503914556746, "d1": -0.6242352867183891, "d2": -1.3544788168512847, "d3": -0.9861177636956189, "d4": -2.8505337710579752, "p1": 39.57340165313668, "p2": 23.16124338298473, "p3": 27.589702844617186, "p4": 28.582026157440854, "pol1": -0.25089820333881474, "pol2": -0.48934901923589225, "pol3": -0.5852827744828031, "pol4": 0.4297133907265793, "v0s": 3.929575123926755}, "datetime": {"datetime": "2022-04-28 18:50:14", "elapsed": 11927.235491, "delta": 14.764522}}
{"target": 5.3964102079728455, "params": {"Bgrad": 0.9899681862518475, "d1": -1.7180325543821966, "d2": 0.5497964270387294, "d3": -1.241003124292976, "d4": 0.12905036203515463, "p1": 13.706571012110347, "p2": 15.517086313408345, "p3": 30.482277166866805, "p4": 34.64152869432816, "pol1": -0.2725592719459131, "pol2": 0.7792424400989602, "pol3": 0.6494364007724331, "pol4": -0.2680756460476923, "v0s": 5.3964102079728455}, "datetime": {"datetime": "2022-04-28 18:50:21", "elapsed": 11933.962505, "delta": 6.727014}}
{"target": -1.0, "params": {"Bgrad": 1.7756127601574747, "d1": -1.0209347447064823, "d2": 0.988284966508997, "d3": -2.975266630075561, "d4": -1.367454945836717, "p1": 48.017123231036265, "p2": 31.37797369280042, "p3": 42.95691122020184, "p4": 2.228205733723759, "pol1": 0.8854270841847047, "pol2": -0.768325144157249, "pol3": -0.737943234732207, "pol4": 0.3732125962733146, "v0s": 2.185529859547904}, "datetime": {"datetime": "2022-04-28 18:50:31", "elapsed": 11944.513293, "delta": 10.550788}}
{"target": -1.0, "params": {"Bgrad": 1.3544014794072379, "d1": -2.919521563391018, "d2": -1.8580679481604276, "d3": -0.42838451464593064, "d4": -2.7666998715392768, "p1": 48.65642365840118, "p2": 27.456453580722272, "p3": 38.21206234741485, "p4": 13.982392566234253, "pol1": 0.5603046876852948, "pol2": -0.3624694734468834, "pol3": -0.4682691861878996, "pol4": -0.9133071043925511, "v0s": 7.169907087333929}, "datetime": {"datetime": "2022-04-28 18:50:48", "elapsed": 11960.957325, "delta": 16.444032}}
{"target": -1.0, "params": {"Bgrad": 0.9345519960748958, "d1": -0.6366602473751133, "d2": -0.041611720169921096, "d3": 0.7786976056439894, "d4": -1.031115207706356, "p1": 37.3352147697527, "p2": 7.165588051623684, "p3": 11.134198521997613, "p4": 23.544007776548604, "pol1": -0.04450498078507259, "pol2": 0.005140233462229693, "pol3": -0.8412013135867877, "pol4": 0.06866874589998906, "v0s": 5.574739461802472}, "datetime": {"datetime": "2022-04-28 18:50:56", "elapsed": 11968.990845, "delta": 8.03352}}
{"target": -1.0, "params": {"Bgrad": 1.3148500831625989, "d1": -1.6279293805753339, "d2": -0.7444779683554934, "d3": -0.9049901036859964, "d4": -2.305014579707586, "p1": 25.83849811574188, "p2": 12.911806185012686, "p3": 27.435448084277436, "p4": 26.171903140068952, "pol1": 0.23216936161846768, "pol2": 0.39820418376402156, "pol3": -0.617295329847295, "pol4": 0.8331917355086276, "v0s": 5.939205876132164}, "datetime": {"datetime": "2022-04-28 18:51:10", "elapsed": 11982.783965, "delta": 13.79312}}
{"target": -1.0, "params": {"Bgrad": 1.6422846714708654, "d1": 0.9071667021992544, "d2": -1.104399869389244, "d3": -0.6589455149294801, "d4": -1.0587265725558601, "p1": 7.7713194399377965, "p2": 10.619981631873888, "p3": 40.42105816641886, "p4": 2.3564033114685023, "pol1": -0.9870877187660021, "pol2": -0.8871085219418684, "pol3": -0.1344553103322701, "pol4": 0.9558434048438418, "v0s": 6.441060668961191}, "datetime": {"datetime": "2022-04-28 18:51:24", "elapsed": 11996.736658, "delta": 13.952693}}
{"target": 3.3911968919855218, "params": {"Bgrad": 1.9214495847029314, "d1": 0.9629700112040189, "d2": -1.2220361907415236, "d3": -0.9082811192586959, "d4": -1.4291414663154005, "p1": 16.883743873628497, "p2": 41.634770769152574, "p3": 47.303725568368044, "p4": 45.22439194050033, "pol1": 0.5956829482827024, "pol2": -0.6999439497103217, "pol3": 0.795781075869316, "pol4": -0.7889990992427494, "v0s": 3.3911968919855218}, "datetime": {"datetime": "2022-04-28 18:51:36", "elapsed": 12008.665761, "delta": 11.929103}}
{"target": -1.0, "params": {"Bgrad": 1.7468378419343558, "d1": -1.923334183272528, "d2": 0.26180576604697947, "d3": -0.37946350319193023, "d4": -1.5678965871409276, "p1": 6.14544633737279, "p2": 0.07348573280939186, "p3": 34.12846657686132, "p4": 9.62434092727812, "pol1": 0.9203664245698819, "pol2": -0.02233196509001556, "pol3": -0.16558077573674868, "pol4": 0.10824542271403192, "v0s": 6.149730130222875}, "datetime": {"datetime": "2022-04-28 18:51:54", "elapsed": 12027.420614, "delta": 18.754853}}
{"target": -1.0, "params": {"Bgrad": 1.7676166435467737, "d1": -1.6914551356066156, "d2": -2.867690448028339, "d3": 0.5537948800735313, "d4": 0.09871360890074099, "p1": 16.163597229765507, "p2": 39.876427511174256, "p3": 34.555808098786144, "p4": 16.912119781330347, "pol1": 0.23573619469616247, "pol2": 0.28371382040259374, "pol3": 0.719312566612567, "pol4": -0.8060461849746807, "v0s": 4.424373044342867}, "datetime": {"datetime": "2022-04-28 18:52:09", "elapsed": 12042.398567, "delta": 14.977953}}
{"target": 3.5358413163701634, "params": {"Bgrad": 1.6496586017311252, "d1": -2.6298771098788105, "d2": -1.129129327020968, "d3": 0.5473095553232126, "d4": -0.3535850608007598, "p1": 45.17607456606374, "p2": 31.141784381687295, "p3": 46.05240485444057, "p4": 17.1335026582956, "pol1": -0.6893177552618863, "pol2": -0.1824604247986421, "pol3": -0.25563332923200455, "pol4": -0.016698884300947903, "v0s": 3.5358413163701634}, "datetime": {"datetime": "2022-04-28 18:52:19", "elapsed": 12052.445702, "delta": 10.047135}}
{"target": 4.622733090022178, "params": {"Bgrad": 1.1211574233535053, "d1": -1.0062437668037147, "d2": 0.7522141918005234, "d3": -0.25073776841934814, "d4": -2.810200019230976, "p1": 39.40365816709799, "p2": 40.795472386475964, "p3": 31.975446914686746, "p4": 37.09426357743482, "pol1": 0.10747393697412844, "pol2": 0.5992560467631542, "pol3": 0.3688887406869694, "pol4": 0.17255286279308013, "v0s": 4.622733090022178}, "datetime": {"datetime": "2022-04-28 18:52:26", "elapsed": 12058.790737, "delta": 6.345035}}
{"target": -1.0, "params": {"Bgrad": 0.9446268629058647, "d1": -0.09015991610877894, "d2": -1.4548786001120413, "d3": -1.9617753964339908, "d4": 0.35948767926099645, "p1": 45.194370783541586, "p2": 31.99714226520821, "p3": 8.376529512731096, "p4": 41.75715877267874, "pol1": 0.0340708626652626, "pol2": 0.9606163524203681, "pol3": 0.45080871873096795, "pol4": -0.8234310966226073, "v0s": 6.120961705330749}, "datetime": {"datetime": "2022-04-28 18:52:36", "elapsed": 12068.850837, "delta": 10.0601}}
{"target": -1.0, "params": {"Bgrad": 0.6528706621004641, "d1": -2.7049235489619967, "d2": 0.4007276892098335, "d3": -0.40822798036773467, "d4": 0.026472235796746624, "p1": 23.363557686867644, "p2": 12.577101360539967, "p3": 16.504827709502614, "p4": 6.4527074604593615, "pol1": 0.3515326729242776, "pol2": 0.8046241270497476, "pol3": 0.3336337520504564, "pol4": -0.8330196425884218, "v0s": 7.432645120780055}, "datetime": {"datetime": "2022-04-28 18:52:45", "elapsed": 12077.673249, "delta": 8.822412}}
{"target": -1.0, "params": {"Bgrad": 1.1706843332100274, "d1": 0.5770504013748345, "d2": 0.10927145066345689, "d3": -2.585121078486335, "d4": 0.48767221010558215, "p1": 3.4244878046447216, "p2": 8.474269431349619, "p3": 3.7871027690584427, "p4": 13.272471087375365, "pol1": -0.19975652914152553, "pol2": -0.14431432346784856, "pol3": 0.8570180682452628, "pol4": -0.41466563933484757, "v0s": 6.816246663522387}, "datetime": {"datetime": "2022-04-28 18:52:57", "elapsed": 12089.637258, "delta": 11.964009}}
{"target": -1.0, "params": {"Bgrad": 0.7006200036455336, "d1": -0.0870475675183604, "d2": -0.9472396016621412, "d3": -2.2400210153594293, "d4": -0.37013957621875004, "p1": 41.89497284057837, "p2": 0.9905338612898718, "p3": 33.234980079208846, "p4": 23.53282986738539, "pol1": -0.3075194701675541, "pol2": 0.19245694590136164, "pol3": -0.22263761593778186, "pol4": -0.9534491311914495, "v0s": 7.860499463390249}, "datetime": {"datetime": "2022-04-28 18:53:05", "elapsed": 12097.818383, "delta": 8.181125}}
