{"target": -1.0, "params": {"Bgrad": 1.0091372263554739, "d1": -2.451662104531721, "d2": -0.6062936559120695, "d3": -0.3355401339095754, "d4": -1.7113242836177904, "p1": 3.7336715785384444, "p2": 30.99580728144175, "p3": 14.784065551868691, "p4": 9.062323200010415, "pol1": -0.8819725168848225, "pol2": -0.1307293268115457, "pol3": -0.024729368290635323, "pol4": -0.6126479078351634, "v0s": 4.616642943598709}, "datetime": {"datetime": "2022-06-15 22:38:20", "elapsed": 246947.323724, "delta": 18.109596}}
{"target": -1.0, "params": {"Bgrad": 0.5076549755477089, "d1": 0.1912212990797464, "d2": -1.4392356921013936, "d3": -1.171375711768062, "d4": -2.678381072055467, "p1": 11.473926914986437, "p2": 34.94974662029029, "p3": 47.168096455355304, "p4": 27.972870658658582, "pol1": -0.8791539411398499, "pol2": 0.8108170753713753, "pol3": 0.9914051528342191, "pol4": 0.754056378596976, "v0s": 7.19417886451015}, "datetime": {"datetime": "2022-06-15 22:38:32", "elapsed": 246959.315672, "delta": 11.991948}}
{"target": -1.0, "params": {"Bgrad": 0.8853751561436378, "d1": -0.6315849998780987, "d2": 0.5523413513554685, "d3": -2.0846552663473346, "d4": 0.47245734791476934, "p1": 3.6477130987713657, "p2": 48.74864069114629, "p3": 18.026753800375918, "p4": 22.77841122601552, "pol1": 0.3484090257108503, "pol2": -0.6365994924367107, "pol3": 0.8432206104070894, "pol4": -0.6374326862241502, "v0s": 2.1564290511018838}, "datetime": {"datetime": "2022-06-15 22:38:51", "elapsed": 246978.29993, "delta": 18.984258}}
{"target": -1.0, "params": {"Bgrad": 1.4021419460511506, "d1": -0.17855981871915683, "d2": -1.5404397185927956, "d3": -1.7684745242336368, "d4": -2.2559402869577694, "p1": 12.454375681269742, "p2": 22.379209837953134, "p3": 36.869176896986964, "p4": 17.78552814452502, "pol1": -0.6878269435335749, "pol2": -0.19150689799431064, "pol3": 0.4404953663755875, "pol4": 0.9393312037260513, "v0s": 3.591829641459012}, "datetime": {"datetime": "2022-06-15 22:39:10", "elapsed": 246997.221356, "delta": 18.921426}}
{"target": -1.0, "params": {"Bgrad": 1.4943091261616912, "d1": 0.24159389240769613, "d2": -1.7007987578922, "d3": 0.2695444331578303, "d4": -1.0937159569788752, "p1": 21.212387442216873, "p2": 41.40757340460932, "p3": 5.763643155529535, "p4": 15.35099762823785, "pol1": -0.5059385406333439, "pol2": -0.17897708990794925, "pol3": -0.8816894473416081, "pol4": 0.27155353089437706, "v0s": 4.931733626396343}, "datetime": {"datetime": "2022-06-15 22:39:27", "elapsed": 247014.132157, "delta": 16.910801}}
{"target": -1.0, "params": {"Bgrad": 0.5797997985713641, "d1": -1.3745044873039456, "d2": -0.9896024428348884, "d3": -1.5863683929627403, "d4": -0.817256071553643, "p1": 10.7999347471757, "p2": 12.508060205879373, "p3": 4.774206599674541, "p4": 12.77486401369028, "pol1": -0.252402779646016, "pol2": 0.667471938713923, "pol3": 0.8173837622073687, "pol4": -0.02105697964956965, "v0s": 7.5855460560040875}, "datetime": {"datetime": "2022-06-15 22:39:37", "elapsed": 247024.893394, "delta": 10.761237}}
{"target": -1.0, "params": {"Bgrad": 1.5592374752924016, "d1": -0.44871990578912957, "d2": -0.8013924868877891, "d3": 0.9855877292349442, "d4": -0.5866104913026069, "p1": 13.713743276095581, "p2": 16.411224875023166, "p3": 20.017849221325463, "p4": 0.8298378593016964, "pol1": 0.8376740246810959, "pol2": -0.0734364977088462, "pol3": 0.9529938248235335, "pol4": -0.6739316184965785, "v0s": 7.634323616907281}, "datetime": {"datetime": "2022-06-15 22:39:50", "elapsed": 247037.126696, "delta": 12.233302}}
{"target": 3.009746111942878, "params": {"Bgrad": 0.7438339682023265, "d1": -1.7801375673448736, "d2": 0.8847944992094612, "d3": -2.675560817400401, "d4": 0.10507691593369106, "p1": 18.41591808133064, "p2": 42.708233475088, "p3": 32.61629015479291, "p4": 30.055779478515827, "pol1": 0.07356453291413256, "pol2": 0.7101612158987753, "pol3": 0.4387926294030664, "pol4": -0.5034625555301413, "v0s": 3.009746111942878}, "datetime": {"datetime": "2022-06-15 22:39:56", "elapsed": 247043.883636, "delta": 6.75694}}
{"target": -1.0, "params": {"Bgrad": 1.6031408200803232, "d1": -0.8229244049276021, "d2": 0.9314834338328786, "d3": 0.2082923561591481, "d4": -2.2112995729290037, "p1": 36.93228722460221, "p2": 17.24486592249898, "p3": 9.312871334090234, "p4": 37.2820275354323, "pol1": 0.7179230656561968, "pol2": 0.029356054751014327, "pol3": -0.49727187348946233, "pol4": 0.5891484146328294, "v0s": 6.970265135423755}, "datetime": {"datetime": "2022-06-15 22:40:14", "elapsed": 247061.398821, "delta": 17.515185}}
{"target": -1.0, "params": {"Bgrad": 1.3271412694999494, "d1": -1.1872850946726476, "d2": -2.2433898597937336, "d3": -2.117143128388148, "d4": 0.522160584977374, "p1": 15.56767932375821, "p2": 41.79693321269325, "p3": 8.765238082538563, "p4": 23.482194731577945, "pol1": -0.7470155550975148, "pol2": -0.3773027269131741, "pol3": 0.931303635768232, "pol4": -0.13265386231588172, "v0s": 6.459804959628245}, "datetime": {"datetime": "2022-06-15 22:40:32", "elapsed": 247079.53335, "delta": 18.134529}}
{"target": -1.0, "params": {"Bgrad": 1.2492400765677, "d1": -0.23251202632139334, "d2": -1.7232845136361066, "d3": 0.4574161987992773, "d4": -0.32961257680853384, "p1": 12.411151612630334, "p2": 18.643631543592026, "p3": 9.270414918533332, "p4": 11.679475973751119, "pol1": -0.36125078696741, "pol2": 0.4111922676201405, "pol3": -0.6052307850888292, "pol4": 0.23258576798927, "v0s": 2.252785535752225}, "datetime": {"datetime": "2022-06-15 22:40:53", "elapsed": 247100.135285, "delta": 20.601935}}
{"target": -1.0, "params": {"Bgrad": 1.12361081078018, "d1": -0.4756368616674389, "d2": -0.5403383449530246, "d3": -2.0659294344161987, "d4": -1.2206429418819553, "p1": 27.45424160197632, "p2": 23.275313742325416, "p3": 10.474490939838327, "p4": 19.904234198454517, "pol1": 0.9913248919848145, "pol2": 0.9209037415812713, "pol3": 0.519156758437249, "pol4": -0.2440664202866898, "v0s": 6.803273596706594}, "datetime": {"datetime": "2022-06-15 22:41:11", "elapsed": 247118.292753, "delta": 18.157468}}
{"target": 3.8676479248520663, "params": {"Bgrad": 1.1197782934699827, "d1": -2.3744747596853415, "d2": 0.1470643301032375, "d3": -1.4320060485558521, "d4": -2.5201098372881106, "p1": 43.681979541369365, "p2": 26.678085803778767, "p3": 6.172456017371908, "p4": 37.545607573043355, "pol1": -0.9605176040543042, "pol2": -0.8085187434977068, "pol3": 0.2705919025786878, "pol4": -0.41006325955016254, "v0s": 3.8676479248520663}, "datetime": {"datetime": "2022-06-15 22:41:22", "elapsed": 247129.198604, "delta": 10.905851}}
{"target": 3.6011386038890194, "params": {"Bgrad": 1.2734328324080901, "d1": -2.2666286357692758, "d2": 0.3370966186913802, "d3": -0.27220095535245026, "d4": -2.6467898302935295, "p1": 39.039089704420704, "p2": 15.018995960356996, "p3": 44.33069569165819, "p4": 20.063721528590595, "pol1": -0.7920944850103424, "pol2": -0.5772323005532758, "pol3": 0.8987229811776143, "pol4": 0.9816948162039159, "v0s": 3.6011386038890194}, "datetime": {"datetime": "2022-06-15 22:41:38", "elapsed": 247145.651627, "delta": 16.453023}}
{"target": -1.0, "params": {"Bgrad": 1.9825864416293006, "d1": -1.6706075376770357, "d2": -0.3979650577233409, "d3": -2.482430269673414, "d4": -1.9248330977043735, "p1": 11.61819346764818, "p2": 39.91829424850858, "p3": 37.50819004573414, "p4": 9.657499684292953, "pol1": -0.3372245300640153, "pol2": 0.6053168510311682, "pol3": -0.04927366059785565, "pol4": -0.9593983480940769, "v0s": 7.319258311354554}, "datetime": {"datetime": "2022-06-15 22:41:54", "elapsed": 247161.923136, "delta": 16.271509}}
{"target": -1.0, "params": {"Bgrad": 1.5045200074960032, "d1": -1.9359009618897973, "d2": -1.6155820904219018, "d3": -0.3239703198444137, "d4": -0.7661110650803651, "p1": 7.737427411459913, "p2": 14.32322349169159, "p3": 39.344633294274075, "p4": 26.593084609799206, "pol1": 0.4690087275327923, "pol2": -0.18583952318406616, "pol3": -0.10649576996473442, "pol4": 0.27511958222749766, "v0s": 6.373901007319512}, "datetime": {"datetime": "2022-06-15 22:42:12", "elapsed": 247179.77941, "delta": 17.856274}}
{"target": -1.0, "params": {"Bgrad": 1.8897994340790774, "d1": -2.172068042910627, "d2": 0.9017857219404037, "d3": -2.004080179363594, "d4": 0.832726382709251, "p1": 5.737991728982461, "p2": 7.647805851844347, "p3": 47.9290713945793, "p4": 27.802438628421278, "pol1": -0.6384858310738211, "pol2": 0.3499661185231677, "pol3": -0.9418878424917612, "pol4": -0.8805385091283187, "v0s": 5.051340500272466}, "datetime": {"datetime": "2022-06-15 22:42:30", "elapsed": 247197.441202, "delta": 17.661792}}
{"target": -1.0, "params": {"Bgrad": 1.212724529236433, "d1": -2.124605126172728, "d2": 0.38240004022296503, "d3": -1.7978433497631805, "d4": -2.180707017293172, "p1": 22.133766696162688, "p2": 26.242558968020756, "p3": 22.322410833048252, "p4": 40.641205951074575, "pol1": 0.09256556071200106, "pol2": -0.08274420368953028, "pol3": 0.519024746249074, "pol4": -0.5874010437671588, "v0s": 2.1439935253949174}, "datetime": {"datetime": "2022-06-15 22:42:43", "elapsed": 247210.237003, "delta": 12.795801}}
{"target": -1.0, "params": {"Bgrad": 1.3418378311875654, "d1": -0.6869300864102108, "d2": -1.9683519574017376, "d3": -1.6924093505921864, "d4": 0.9268773981099119, "p1": 28.85182293825424, "p2": 27.401616837613744, "p3": 25.359943013607868, "p4": 7.480498804211061, "pol1": -0.22623698159743477, "pol2": -0.08273352526634259, "pol3": -0.7554664824500439, "pol4": 0.280009197509304, "v0s": 3.340296039429835}, "datetime": {"datetime": "2022-06-15 22:43:02", "elapsed": 247229.882492, "delta": 19.645489}}
{"target": -1.0, "params": {"Bgrad": 1.6104253854043993, "d1": 0.6405524583251498, "d2": -1.3816615509160015, "d3": -1.583313798710626, "d4": 0.6242589812623582, "p1": 33.56271576107893, "p2": 41.652934860527374, "p3": 40.388906101346436, "p4": 35.90311319218654, "pol1": -0.7530940615727559, "pol2": -0.015716419609811183, "pol3": 0.6720589885707267, "pol4": 0.6655008106670994, "v0s": 6.159912435056342}, "datetime": {"datetime": "2022-06-15 22:43:20", "elapsed": 247247.160312, "delta": 17.27782}}
{"target": -1.0, "params": {"Bgrad": 0.7406447840596546, "d1": -0.7066719152326728, "d2": 0.3683715803569161, "d3": -0.6791546679150273, "d4": -1.1513060156705568, "p1": 37.394266005512264, "p2": 23.730343654203708, "p3": 19.928081970249828, "p4": 2.687856266652849, "pol1": -0.7320928842634813, "pol2": 0.5605957101121459, "pol3": -0.41387687700356723, "pol4": -0.5975558593075947, "v0s": 6.632814296711607}, "datetime": {"datetime": "2022-06-15 22:43:30", "elapsed": 247257.970422, "delta": 10.81011}}
{"target": -1.0, "params": {"Bgrad": 1.458416960082965, "d1": 0.06435409827300731, "d2": -1.3513403031687328, "d3": -2.1583571281523644, "d4": -0.6356522236744437, "p1": 48.68508976461564, "p2": 7.449402153113044, "p3": 7.9583644754744, "p4": 2.625454149453282, "pol1": 0.1403782934468667, "pol2": 0.9339281169095837, "pol3": 0.21647609840176263, "pol4": 0.8930760639055333, "v0s": 3.129383003660184}, "datetime": {"datetime": "2022-06-15 22:43:45", "elapsed": 247272.993265, "delta": 15.022843}}
{"target": -1.0, "params": {"Bgrad": 1.0912203147135933, "d1": -2.5139550507722395, "d2": 0.0696419630823808, "d3": -1.2861721177193988, "d4": 0.2874320302865323, "p1": 34.66978919175519, "p2": 9.978727973699103, "p3": 36.52714138884934, "p4": 24.027465128165996, "pol1": -0.9604479592188004, "pol2": 0.6315406640633174, "pol3": 0.2028948317788224, "pol4": 0.7829972567573518, "v0s": 2.3860429708827384}, "datetime": {"datetime": "2022-06-15 22:43:59", "elapsed": 247286.865187, "delta": 13.871922}}
{"target": -1.0, "params": {"Bgrad": 1.5490840795625278, "d1": -0.7630199570170704, "d2": -1.9141760225650475, "d3": -2.23694870738699, "d4": -2.2347681115239006, "p1": 17.709553261857625, "p2": 37.51181810915361, "p3": 40.93407119836263, "p4": 32.84638992956652, "pol1": 0.4818331047695965, "pol2": 0.9024165376825759, "pol3": 0.5517468926172739, "pol4": -0.8355403678503639, "v0s": 6.895093630275902}, "datetime": {"datetime": "2022-06-15 22:44:16", "elapsed": 247303.158638, "delta": 16.293451}}
{"target": -1.0, "params": {"Bgrad": 1.602279101748056, "d1": 0.8338968973953302, "d2": -0.8330478426770571, "d3": -0.9236686898860436, "d4": -1.9785612014690637, "p1": 37.04820520757022, "p2": 24.69628039774021, "p3": 43.58241011087518, "p4": 30.641057379952542, "pol1": 0.2335014891628382, "pol2": -0.17950571080022293, "pol3": 0.674202116032449, "pol4": -0.23863783124050397, "v0s": 2.5918804053628017}, "datetime": {"datetime": "2022-06-15 22:44:30", "elapsed": 247317.546182, "delta": 14.387544}}
{"target": -1.0, "params": {"Bgrad": 1.7654553239226107, "d1": -0.9363105429600211, "d2": -2.350494697511924, "d3": -1.1230591447150702, "d4": 0.7093214464292514, "p1": 19.57816682367415, "p2": 34.96701545511831, "p3": 37.61972005295973, "p4": 20.171590290048304, "pol1": -0.7525795185504682, "pol2": 0.6626894815045896, "pol3": 0.4883754272169907, "pol4": -0.897402252355223, "v0s": 2.410717752390245}, "datetime": {"datetime": "2022-06-15 22:44:36", "elapsed": 247323.717687, "delta": 6.171505}}
{"target": -1.0, "params": {"Bgrad": 1.757072192379748, "d1": -1.4878509494909933, "d2": -1.9437909827082573, "d3": -1.1627851547108943, "d4": 0.5828367515202735, "p1": 19.02083000996921, "p2": 21.09284860126051, "p3": 3.1607389984013636, "p4": 2.8332429685375637, "pol1": 0.6396245262232125, "pol2": 0.27059001441462094, "pol3": 0.32280705223303396, "pol4": 0.8489475552105585, "v0s": 7.589250230690306}, "datetime": {"datetime": "2022-06-15 22:44:54", "elapsed": 247341.10621, "delta": 17.388523}}
{"target": -1.0, "params": {"Bgrad": 0.7365669897848326, "d1": -2.5336882544636192, "d2": 0.5834594145491003, "d3": -1.8142843930627923, "d4": 0.28620275669305295, "p1": 2.1931449468071404, "p2": 18.530756927025603, "p3": 31.1787928407637, "p4": 15.305234468519252, "pol1": -0.6039666395050047, "pol2": 0.4569203301844196, "pol3": -0.9432076078185092, "pol4": -0.9197156898207759, "v0s": 4.962710120435612}, "datetime": {"datetime": "2022-06-15 22:45:05", "elapsed": 247353.021363, "delta": 11.915153}}
{"target": -1.0, "params": {"Bgrad": 0.6314913917731935, "d1": 0.7148629117415672, "d2": -1.507938849959717, "d3": -2.428147215579541, "d4": -2.844543915071365, "p1": 17.45261604930638, "p2": 18.91373685512624, "p3": 31.634398058247854, "p4": 10.017659741370977, "pol1": -0.27139574015338086, "pol2": 0.06410746485060681, "pol3": 0.4790619229173694, "pol4": -0.2860408895925868, "v0s": 6.35638370650709}, "datetime": {"datetime": "2022-06-15 22:45:15", "elapsed": 247362.694509, "delta": 9.673146}}
{"target": -1.0, "params": {"Bgrad": 1.1861696576570662, "d1": -1.2458709611321837, "d2": -0.6695001762928885, "d3": -2.2687250015940044, "d4": -0.8595976115720787, "p1": 14.455585187661491, "p2": 46.68428665185068, "p3": 27.052020476950567, "p4": 26.21250145916721, "pol1": 0.7995419040810774, "pol2": 0.15615190825928216, "pol3": -0.8495645156456373, "pol4": -0.017996240338605807, "v0s": 7.810659582594258}, "datetime": {"datetime": "2022-06-15 22:45:36", "elapsed": 247383.580683, "delta": 20.886174}}
{"target": -1.0, "params": {"Bgrad": 0.7414199618625523, "d1": -0.5480384036990325, "d2": -2.4393291321718746, "d3": 0.7629103879818184, "d4": 0.3858397450983877, "p1": 18.54116251271394, "p2": 44.06646978149293, "p3": 21.435794598609903, "p4": 3.0680223350155025, "pol1": -0.8392663997377778, "pol2": 0.2748560763494732, "pol3": -0.1713646980161665, "pol4": 0.9278371317683487, "v0s": 2.50276621770555}, "datetime": {"datetime": "2022-06-15 22:45:47", "elapsed": 247394.249168, "delta": 10.668485}}
{"target": -1.0, "params": {"Bgrad": 1.5406950756128721, "d1": 0.038911830769882805, "d2": -1.3153174486823924, "d3": -1.4214918635781628, "d4": -0.7012448839587826, "p1": 2.9921009900895745, "p2": 30.130433071827785, "p3": 34.62308488395287, "p4": 5.886497408474945, "pol1": 0.22946496620592027, "pol2": -0.529553288334295, "pol3": 0.6869331150690008, "pol4": 0.832607822262224, "v0s": 5.742131939841114}, "datetime": {"datetime": "2022-06-15 22:46:02", "elapsed": 247409.397679, "delta": 15.148511}}
{"target": -1.0, "params": {"Bgrad": 1.0290401802218614, "d1": -2.147625561080357, "d2": -1.79348742311748, "d3": -0.5749687196465296, "d4": -1.4019687459122974, "p1": 32.32012981987165, "p2": 48.223595827299306, "p3": 21.732589754475185, "p4": 30.283403448735786, "pol1": -0.3296522621118192, "pol2": 0.5042174630912772, "pol3": -0.5927538553495202, "pol4": 0.48060368378589824, "v0s": 5.254172509942735}, "datetime": {"datetime": "2022-06-15 22:46:18", "elapsed": 247425.692126, "delta": 16.294447}}
{"target": -1.0, "params": {"Bgrad": 0.7396250737182151, "d1": -2.57220159356896, "d2": -2.9584543057089916, "d3": -1.0648715425214186, "d4": 0.8954924385002636, "p1": 40.40928215718613, "p2": 5.5108610010157655, "p3": 9.639052711267727, "p4": 46.6819235878219, "pol1": -0.6986161061043066, "pol2": 0.7144175925097507, "pol3": -0.4157627595518485, "pol4": 0.11758928628992571, "v0s": 5.17089643437736}, "datetime": {"datetime": "2022-06-15 22:46:30", "elapsed": 247437.185407, "delta": 11.493281}}
{"target": -1.0, "params": {"Bgrad": 0.9208937321594071, "d1": -1.2736157212269505, "d2": -0.2792273592591803, "d3": -1.7577084743509452, "d4": -1.0316280504516797, "p1": 37.64361685473531, "p2": 45.98161748518356, "p3": 36.541420385066864, "p4": 40.95501217796158, "pol1": -0.6887852212765229, "pol2": -0.42088521207427565, "pol3": -0.17547990524122814, "pol4": 0.8196573507011011, "v0s": 4.371346315318371}, "datetime": {"datetime": "2022-06-15 22:46:46", "elapsed": 247453.694281, "delta": 16.508874}}
{"target": 2.7936151906981914, "params": {"Bgrad": 0.8453656181331374, "d1": 0.010544718513793683, "d2": -1.131571828601265, "d3": -1.0477317994601738, "d4": 0.2461353047100414, "p1": 17.80356415074783, "p2": 20.006072395787506, "p3": 17.186540155910308, "p4": 13.71197975987743, "pol1": -0.5461952937243431, "pol2": 0.08548766198238056, "pol3": -0.4824055848497375, "pol4": 0.426635750399619, "v0s": 2.7936151906981914}, "datetime": {"datetime": "2022-06-15 22:46:53", "elapsed": 247460.254747, "delta": 6.560466}}
{"target": 3.4871828575350006, "params": {"Bgrad": 0.8142280546205649, "d1": -0.9165333438446797, "d2": -2.734200331791146, "d3": -2.474397690347813, "d4": -2.1460718036904094, "p1": 33.48638547555984, "p2": 15.816937308238726, "p3": 32.1345760408628, "p4": 47.43085553908137, "pol1": 0.9578806378977043, "pol2": -0.2966325824472982, "pol3": -0.5745733662826695, "pol4": 0.08728976905247521, "v0s": 3.4871828575350006}, "datetime": {"datetime": "2022-06-15 22:46:59", "elapsed": 247466.47911, "delta": 6.224363}}
{"target": -1.0, "params": {"Bgrad": 0.5093917795749932, "d1": -1.06093433850622, "d2": -0.32724917503945283, "d3": -1.4855968872575245, "d4": -1.8607557750732466, "p1": 40.64140322520888, "p2": 47.6558825249911, "p3": 39.2364690267565, "p4": 7.641504570834313, "pol1": 0.8072395774317183, "pol2": 0.5260703906109909, "pol3": -0.9172699643114324, "pol4": -0.7294490495650205, "v0s": 6.737295960464577}, "datetime": {"datetime": "2022-06-15 22:47:09", "elapsed": 247476.668874, "delta": 10.189764}}
{"target": -1.0, "params": {"Bgrad": 1.7627644707140362, "d1": -0.5213722523660982, "d2": -1.823422609528734, "d3": -1.195373560680343, "d4": 0.5094557146087064, "p1": 9.527493643229956, "p2": 49.85852959570901, "p3": 36.27668205360464, "p4": 35.15095559681839, "pol1": 0.052479744546152673, "pol2": 0.3115198470270897, "pol3": -0.20855038101700352, "pol4": 0.1760723101947661, "v0s": 5.920493298415291}, "datetime": {"datetime": "2022-06-15 22:47:24", "elapsed": 247491.271843, "delta": 14.602969}}
{"target": -1.0, "params": {"Bgrad": 0.8105629592595073, "d1": -2.7643778499362464, "d2": -2.3237610484974813, "d3": 0.24373334072492758, "d4": -2.3319778943577183, "p1": 24.428844158470188, "p2": 10.13209797155145, "p3": 0.8153797591604006, "p4": 38.18239459366677, "pol1": 0.668203557390642, "pol2": -0.03369984083777755, "pol3": 0.9526199842831129, "pol4": -0.07043829090020037, "v0s": 6.634765688637506}, "datetime": {"datetime": "2022-06-15 22:47:35", "elapsed": 247502.85987, "delta": 11.588027}}
{"target": 3.9243030587372867, "params": {"Bgrad": 1.0573762954920305, "d1": -1.759941395729395, "d2": 0.08343888067058902, "d3": -2.4679669245467877, "d4": -0.6808393040869571, "p1": 21.56728636824971, "p2": 24.71141412742276, "p3": 10.73073248451022, "p4": 36.71668852002278, "pol1": -0.9790473531692923, "pol2": -0.6032405352549888, "pol3": 0.29346027814055, "pol4": 0.18215742487492048, "v0s": 3.9243030587372867}, "datetime": {"datetime": "2022-06-15 22:47:45", "elapsed": 247512.188935, "delta": 9.329065}}
{"target": -1.0, "params": {"Bgrad": 0.8856931988006658, "d1": -0.06496643997076568, "d2": -0.45699544030216943, "d3": 0.6211266680113581, "d4": -0.6706067664230555, "p1": 48.2773485480145, "p2": 0.32791533475913237, "p3": 30.485508920854688, "p4": 7.443114473148082, "pol1": -0.44238652859774885, "pol2": 0.141315814890143, "pol3": 0.9065238423736202, "pol4": -0.3142117143174241, "v0s": 3.5291528954423796}, "datetime": {"datetime": "2022-06-15 22:47:59", "elapsed": 247526.257332, "delta": 14.068397}}
{"target": -1.0, "params": {"Bgrad": 1.170085176316467, "d1": -2.2614535230774786, "d2": -1.4880019834174676, "d3": -1.9964821240484558, "d4": -1.8418325345372408, "p1": 45.38860289818736, "p2": 48.867856782686644, "p3": 9.714188195288159, "p4": 12.320625833718834, "pol1": -0.9524969931560081, "pol2": -0.7528243597616282, "pol3": 0.5873185471821631, "pol4": 0.01980700360573273, "v0s": 5.062984592500782}, "datetime": {"datetime": "2022-06-15 22:48:17", "elapsed": 247544.771846, "delta": 18.514514}}
