{"target": -1.0, "params": {"Bgrad": 0.73975047551614, "d1": -2.1895914991213496, "d2": -1.2752729793585162, "d3": -1.383192376899411, "d4": -2.4129940769428235, "p1": 36.46594596805617, "p2": 9.437253343859297, "p3": 32.19478221558314, "p4": 37.715297528814936, "pol1": -0.5785352158333585, "pol2": 0.20190849621527995, "pol3": 0.4978567504916729, "pol4": 0.27643742124066684, "v0s": 5.582763817679894}, "datetime": {"datetime": "2022-06-21 16:47:39", "elapsed": 367.765329, "delta": 6.178478}}
{"target": -1.0, "params": {"Bgrad": 0.9432234284832456, "d1": -0.07357411503396483, "d2": 0.7812337599997989, "d3": -1.2977544389538123, "d4": 0.12872726732562123, "p1": 2.807051983095765, "p2": 41.7635801244983, "p3": 9.612500841107385, "p4": 19.75484344449866, "pol1": -0.3998379081492871, "pol2": -0.8397927123879014, "pol3": 0.8092620058724858, "pol4": -0.2596916448925235, "v0s": 5.184184630856837}, "datetime": {"datetime": "2022-06-21 16:47:49", "elapsed": 377.516255, "delta": 9.751923}}
{"target": -1.0, "params": {"Bgrad": 0.9432234284832456, "d1": -0.07357411503396483, "d2": 0.7812337599997989, "d3": -1.2977544389538123, "d4": 0.12872726732562123, "p1": 2.807051983095765, "p2": 41.7635801244983, "p3": 9.612500841107385, "p4": 19.75484344449866, "pol1": -0.3998379081492871, "pol2": -0.8397927123879014, "pol3": 0.8092620058724858, "pol4": -0.2596916448925235, "v0s": 5.184184630856837}, "datetime": {"datetime": "2022-06-21 16:47:49", "elapsed": 377.517252, "delta": 9.751923}}
{"target": -1.0, "params": {"Bgrad": 1.2411743988444877, "d1": -2.4713554322282474, "d2": -2.174183764442268, "d3": -2.6952447638707153, "d4": -0.9683132002188501, "p1": 13.077477591649355, "p2": 17.853080444139596, "p3": 5.403266434861842, "p4": 39.37759198262536, "pol1": -0.7868322464223978, "pol2": 0.9714176474263756, "pol3": -0.6456776711231653, "pol4": 0.14481022486929862, "v0s": 2.269072007534529}, "datetime": {"datetime": "2022-06-21 16:47:57", "elapsed": 385.3154, "delta": 7.799145}}
{"target": -1.0, "params": {"Bgrad": 1.2411743988444877, "d1": -2.4713554322282474, "d2": -2.174183764442268, "d3": -2.6952447638707153, "d4": -0.9683132002188501, "p1": 13.077477591649355, "p2": 17.853080444139596, "p3": 5.403266434861842, "p4": 39.37759198262536, "pol1": -0.7868322464223978, "pol2": 0.9714176474263756, "pol3": -0.6456776711231653, "pol4": 0.14481022486929862, "v0s": 2.269072007534529}, "datetime": {"datetime": "2022-06-21 16:47:57", "elapsed": 385.3154, "delta": 7.798148}}
{"target": -1.0, "params": {"Bgrad": 1.6806744344837512, "d1": -2.241576208726814, "d2": -0.8883840863674934, "d3": -0.039689827363713626, "d4": -2.4002740603309762, "p1": 27.554358709348588, "p2": 10.83086041643897, "p3": 37.95980246585724, "p4": 36.14575967781069, "pol1": -0.646901931445834, "pol2": 0.7239331153341468, "pol3": -0.9604498009673115, "pol4": 0.7204739948462304, "v0s": 5.35342286696563}, "datetime": {"datetime": "2022-06-21 16:48:08", "elapsed": 396.738853, "delta": 11.423453}}
{"target": -1.0, "params": {"Bgrad": 1.6806744344837512, "d1": -2.241576208726814, "d2": -0.8883840863674934, "d3": -0.039689827363713626, "d4": -2.4002740603309762, "p1": 27.554358709348588, "p2": 10.83086041643897, "p3": 37.95980246585724, "p4": 36.14575967781069, "pol1": -0.646901931445834, "pol2": 0.7239331153341468, "pol3": -0.9604498009673115, "pol4": 0.7204739948462304, "v0s": 5.35342286696563}, "datetime": {"datetime": "2022-06-21 16:48:08", "elapsed": 396.739851, "delta": 11.424451}}
{"target": -1.0, "params": {"Bgrad": 1.1048307081587738, "d1": 0.03498772408934636, "d2": -0.13228399323012052, "d3": 0.9493046992337062, "d4": -1.887659805548069, "p1": 0.18968362046712928, "p2": 46.69513041574439, "p3": 42.89485522689469, "p4": 36.4425438759628, "pol1": 0.03337756584307683, "pol2": 0.413912490497522, "pol3": 0.5610591137534855, "pol4": -0.25024811292628124, "v0s": 6.621935151979746}, "datetime": {"datetime": "2022-06-21 16:48:18", "elapsed": 406.982462, "delta": 10.243609}}
{"target": -1.0, "params": {"Bgrad": 1.1048307081587738, "d1": 0.03498772408934636, "d2": -0.13228399323012052, "d3": 0.9493046992337062, "d4": -1.887659805548069, "p1": 0.18968362046712928, "p2": 46.69513041574439, "p3": 42.89485522689469, "p4": 36.4425438759628, "pol1": 0.03337756584307683, "pol2": 0.413912490497522, "pol3": 0.5610591137534855, "pol4": -0.25024811292628124, "v0s": 6.621935151979746}, "datetime": {"datetime": "2022-06-21 16:48:18", "elapsed": 406.98346, "delta": 10.243609}}
{"target": -1.0, "params": {"Bgrad": 1.625936478762763, "d1": -0.5471551538229611, "d2": -1.3925363041286505, "d3": -0.21076792294263624, "d4": -2.9875485686992316, "p1": 38.74483233622989, "p2": 44.820830122842345, "p3": 11.965785371875231, "p4": 6.038359215461487, "pol1": -0.5594320244125448, "pol2": -0.39580653741980343, "pol3": 0.7660570171276684, "pol4": 0.08633286047618904, "v0s": 3.7202698976385835}, "datetime": {"datetime": "2022-06-21 16:48:30", "elapsed": 418.950459, "delta": 11.967997}}
{"target": -1.0, "params": {"Bgrad": 1.625936478762763, "d1": -0.5471551538229611, "d2": -1.3925363041286505, "d3": -0.21076792294263624, "d4": -2.9875485686992316, "p1": 38.74483233622989, "p2": 44.820830122842345, "p3": 11.965785371875231, "p4": 6.038359215461487, "pol1": -0.5594320244125448, "pol2": -0.39580653741980343, "pol3": 0.7660570171276684, "pol4": 0.08633286047618904, "v0s": 3.7202698976385835}, "datetime": {"datetime": "2022-06-21 16:48:30", "elapsed": 418.951458, "delta": 11.967998}}
{"target": -1.0, "params": {"Bgrad": 0.7075320346894198, "d1": -1.8394221475818333, "d2": -0.5445156410349896, "d3": -1.7034458804102135, "d4": -1.1705592732360062, "p1": 22.20585535083072, "p2": 41.406768036575606, "p3": 21.31740771181153, "p4": 17.284941058775118, "pol1": 0.34994320961821046, "pol2": -0.5570358885329425, "pol3": -0.06550835214689243, "pol4": -0.3704686253519671, "v0s": 5.761133612977008}, "datetime": {"datetime": "2022-06-21 16:48:37", "elapsed": 425.616634, "delta": 6.666175}}
{"target": -1.0, "params": {"Bgrad": 0.7075320346894198, "d1": -1.8394221475818333, "d2": -0.5445156410349896, "d3": -1.7034458804102135, "d4": -1.1705592732360062, "p1": 22.20585535083072, "p2": 41.406768036575606, "p3": 21.31740771181153, "p4": 17.284941058775118, "pol1": 0.34994320961821046, "pol2": -0.5570358885329425, "pol3": -0.06550835214689243, "pol4": -0.3704686253519671, "v0s": 5.761133612977008}, "datetime": {"datetime": "2022-06-21 16:48:37", "elapsed": 425.617632, "delta": 6.666174}}
{"target": 2.0, "params": {"Bgrad": 1.4130080346125402, "d1": -3.0, "d2": -3.0, "d3": -3.0, "d4": -2.547831918668553, "p1": 2.369089553515655, "p2": 3.892471287759364, "p3": 42.5344867904717, "p4": 21.176259839615142, "pol1": -0.9073390861064693, "pol2": -1.0, "pol3": 0.9738654754006841, "pol4": 0.4115319106883781, "v0s": 2.0}, "datetime": {"datetime": "2022-06-21 16:48:44", "elapsed": 432.275827, "delta": 6.659193}}
{"target": 2.0, "params": {"Bgrad": 1.4130080346125402, "d1": -3.0, "d2": -3.0, "d3": -3.0, "d4": -2.547831918668553, "p1": 2.369089553515655, "p2": 3.892471287759364, "p3": 42.5344867904717, "p4": 21.176259839615142, "pol1": -0.9073390861064693, "pol2": -1.0, "pol3": 0.9738654754006841, "pol4": 0.4115319106883781, "v0s": 2.0}, "datetime": {"datetime": "2022-06-21 16:48:44", "elapsed": 432.275827, "delta": 6.658195}}
{"target": 4.5624913214470375, "params": {"Bgrad": 0.5, "d1": -2.833012423622848, "d2": -3.0, "d3": -3.0, "d4": -0.49444117806970994, "p1": 9.971958766507829, "p2": 2.3254389905575836, "p3": 34.431195968079095, "p4": 21.809899133900252, "pol1": 1.0, "pol2": 0.27993287436729836, "pol3": -0.6278764296576189, "pol4": -0.3744273809196759, "v0s": 4.5624913214470375}, "datetime": {"datetime": "2022-06-21 16:48:47", "elapsed": 435.694685, "delta": 3.418858}}
{"target": 4.5624913214470375, "params": {"Bgrad": 0.5, "d1": -2.833012423622848, "d2": -3.0, "d3": -3.0, "d4": -0.49444117806970994, "p1": 9.971958766507829, "p2": 2.3254389905575836, "p3": 34.431195968079095, "p4": 21.809899133900252, "pol1": 1.0, "pol2": 0.27993287436729836, "pol3": -0.6278764296576189, "pol4": -0.3744273809196759, "v0s": 4.5624913214470375}, "datetime": {"datetime": "2022-06-21 16:48:47", "elapsed": 435.694685, "delta": 3.418858}}
{"target": -1.0, "params": {"Bgrad": 0.5, "d1": 1.0, "d2": -3.0, "d3": -3.0, "d4": 1.0, "p1": 6.638101316980298, "p2": 0.0, "p3": 35.598145584203266, "p4": 18.529134779090732, "pol1": 1.0, "pol2": 1.0, "pol3": -1.0, "pol4": 1.0, "v0s": 8.0}, "datetime": {"datetime": "2022-06-21 16:48:52", "elapsed": 440.687335, "delta": 4.99265}}
{"target": -1.0, "params": {"Bgrad": 0.5, "d1": 1.0, "d2": -3.0, "d3": -3.0, "d4": 1.0, "p1": 6.638101316980298, "p2": 0.0, "p3": 35.598145584203266, "p4": 18.529134779090732, "pol1": 1.0, "pol2": 1.0, "pol3": -1.0, "pol4": 1.0, "v0s": 8.0}, "datetime": {"datetime": "2022-06-21 16:48:52", "elapsed": 440.688333, "delta": 4.993648}}
{"target": -1.0, "params": {"Bgrad": 0.7770386424118187, "d1": -3.0, "d2": -2.881801123200104, "d3": -2.6327997399067695, "d4": -2.0716689314988783, "p1": 7.003384017400428, "p2": 3.969223669687261, "p3": 36.62226164757809, "p4": 22.407978249746733, "pol1": 0.3160073445759704, "pol2": -0.5009110658073729, "pol3": 0.20173367881073906, "pol4": -0.6391974616621162, "v0s": 3.364599971601402}, "datetime": {"datetime": "2022-06-21 16:48:58", "elapsed": 446.549659, "delta": 5.862324}}
{"target": -1.0, "params": {"Bgrad": 0.7770386424118187, "d1": -3.0, "d2": -2.881801123200104, "d3": -2.6327997399067695, "d4": -2.0716689314988783, "p1": 7.003384017400428, "p2": 3.969223669687261, "p3": 36.62226164757809, "p4": 22.407978249746733, "pol1": 0.3160073445759704, "pol2": -0.5009110658073729, "pol3": 0.20173367881073906, "pol4": -0.6391974616621162, "v0s": 3.364599971601402}, "datetime": {"datetime": "2022-06-21 16:48:58", "elapsed": 446.549659, "delta": 5.861326}}
{"target": 4.481280037282845, "params": {"Bgrad": 0.9183151572214514, "d1": -1.4350746063513369, "d2": 0.01672064285922925, "d3": -2.266538798449307, "d4": -2.320036829157699, "p1": 0.8420957437714816, "p2": 15.259612142177447, "p3": 14.007337824033872, "p4": 4.808210428352205, "pol1": 0.9756898103036358, "pol2": -0.24683379185781718, "pol3": 0.7211574459360446, "pol4": -0.6481269767312055, "v0s": 4.481280037282845}, "datetime": {"datetime": "2022-06-21 16:49:03", "elapsed": 451.726815, "delta": 5.177156}}
{"target": 4.481280037282845, "params": {"Bgrad": 0.9183151572214514, "d1": -1.4350746063513369, "d2": 0.01672064285922925, "d3": -2.266538798449307, "d4": -2.320036829157699, "p1": 0.8420957437714816, "p2": 15.259612142177447, "p3": 14.007337824033872, "p4": 4.808210428352205, "pol1": 0.9756898103036358, "pol2": -0.24683379185781718, "pol3": 0.7211574459360446, "pol4": -0.6481269767312055, "v0s": 4.481280037282845}, "datetime": {"datetime": "2022-06-21 16:49:03", "elapsed": 451.726815, "delta": 5.177156}}
{"target": -1.0, "params": {"Bgrad": 0.5922773758566475, "d1": -0.8464397520245561, "d2": -1.03958965137662, "d3": -2.899003866168854, "d4": -2.3996737022777355, "p1": 40.0842241502584, "p2": 6.334156421932679, "p3": 48.58509626737149, "p4": 6.8327805467294835, "pol1": 0.6556727872645669, "pol2": 0.8372224496551093, "pol3": 0.3789439334721887, "pol4": -0.6369212904723613, "v0s": 7.261193095887267}, "datetime": {"datetime": "2022-06-21 16:49:09", "elapsed": 457.127374, "delta": 5.400559}}
{"target": -1.0, "params": {"Bgrad": 0.5922773758566475, "d1": -0.8464397520245561, "d2": -1.03958965137662, "d3": -2.899003866168854, "d4": -2.3996737022777355, "p1": 40.0842241502584, "p2": 6.334156421932679, "p3": 48.58509626737149, "p4": 6.8327805467294835, "pol1": 0.6556727872645669, "pol2": 0.8372224496551093, "pol3": 0.3789439334721887, "pol4": -0.6369212904723613, "v0s": 7.261193095887267}, "datetime": {"datetime": "2022-06-21 16:49:09", "elapsed": 457.127374, "delta": 5.400559}}
{"target": 3.4641505922287736, "params": {"Bgrad": 1.4011074373330499, "d1": -2.7175411236415834, "d2": -1.9385874463494122, "d3": -1.8132846919220915, "d4": -2.1396331392500887, "p1": 25.335296651532126, "p2": 14.742411933419259, "p3": 6.7571566428658745, "p4": 29.47546680595494, "pol1": -0.285494349463862, "pol2": 0.47658308259212423, "pol3": -0.7807857500457591, "pol4": 0.40747541617209815, "v0s": 3.4641505922287736}, "datetime": {"datetime": "2022-06-21 16:49:13", "elapsed": 461.233395, "delta": 4.106021}}
{"target": 3.4641505922287736, "params": {"Bgrad": 1.4011074373330499, "d1": -2.7175411236415834, "d2": -1.9385874463494122, "d3": -1.8132846919220915, "d4": -2.1396331392500887, "p1": 25.335296651532126, "p2": 14.742411933419259, "p3": 6.7571566428658745, "p4": 29.47546680595494, "pol1": -0.285494349463862, "pol2": 0.47658308259212423, "pol3": -0.7807857500457591, "pol4": 0.40747541617209815, "v0s": 3.4641505922287736}, "datetime": {"datetime": "2022-06-21 16:49:13", "elapsed": 461.233395, "delta": 4.106021}}
{"target": -1.0, "params": {"Bgrad": 0.9280076092804914, "d1": 0.7699584309472507, "d2": -2.547895675053168, "d3": -1.2033946870716452, "d4": -2.640013932994597, "p1": 29.08975069955309, "p2": 6.47145652364487, "p3": 17.909031971045746, "p4": 15.051443158422828, "pol1": 0.15153139919946912, "pol2": -0.15757443103554825, "pol3": -0.6646041105498204, "pol4": 0.24929374691364692, "v0s": 6.001459587845922}, "datetime": {"datetime": "2022-06-21 16:49:22", "elapsed": 470.907526, "delta": 9.674131}}
{"target": -1.0, "params": {"Bgrad": 0.9280076092804914, "d1": 0.7699584309472507, "d2": -2.547895675053168, "d3": -1.2033946870716452, "d4": -2.640013932994597, "p1": 29.08975069955309, "p2": 6.47145652364487, "p3": 17.909031971045746, "p4": 15.051443158422828, "pol1": 0.15153139919946912, "pol2": -0.15757443103554825, "pol3": -0.6646041105498204, "pol4": 0.24929374691364692, "v0s": 6.001459587845922}, "datetime": {"datetime": "2022-06-21 16:49:22", "elapsed": 470.907526, "delta": 9.674131}}
{"target": -1.0, "params": {"Bgrad": 1.8078338029818204, "d1": -0.05412539088415391, "d2": -1.7434391602991286, "d3": -2.991357900528514, "d4": -1.452631699731946, "p1": 7.878970461695845, "p2": 32.710680146756424, "p3": 8.949114342468361, "p4": 47.0782502120043, "pol1": 0.20428021075529723, "pol2": 0.3498461264922752, "pol3": 0.7882304190803853, "pol4": 0.3454957076725109, "v0s": 4.552555848505207}, "datetime": {"datetime": "2022-06-21 16:49:33", "elapsed": 481.230922, "delta": 10.323396}}
{"target": -1.0, "params": {"Bgrad": 1.8078338029818204, "d1": -0.05412539088415391, "d2": -1.7434391602991286, "d3": -2.991357900528514, "d4": -1.452631699731946, "p1": 7.878970461695845, "p2": 32.710680146756424, "p3": 8.949114342468361, "p4": 47.0782502120043, "pol1": 0.20428021075529723, "pol2": 0.3498461264922752, "pol3": 0.7882304190803853, "pol4": 0.3454957076725109, "v0s": 4.552555848505207}, "datetime": {"datetime": "2022-06-21 16:49:33", "elapsed": 481.230922, "delta": 10.323396}}
{"target": -1.0, "params": {"Bgrad": 1.5593854079868565, "d1": 0.9162861295112465, "d2": 0.29321398894766837, "d3": -1.2845736052201624, "d4": -1.7056816459702286, "p1": 41.91693110431418, "p2": 12.233710726353653, "p3": 15.274268075757014, "p4": 43.058739707075624, "pol1": -0.1711171192492731, "pol2": -0.46381321945957255, "pol3": 0.20664219149177732, "pol4": -0.2552514271422255, "v0s": 2.509886966263222}, "datetime": {"datetime": "2022-06-21 16:49:42", "elapsed": 490.253794, "delta": 9.022872}}
{"target": -1.0, "params": {"Bgrad": 1.5593854079868565, "d1": 0.9162861295112465, "d2": 0.29321398894766837, "d3": -1.2845736052201624, "d4": -1.7056816459702286, "p1": 41.91693110431418, "p2": 12.233710726353653, "p3": 15.274268075757014, "p4": 43.058739707075624, "pol1": -0.1711171192492731, "pol2": -0.46381321945957255, "pol3": 0.20664219149177732, "pol4": -0.2552514271422255, "v0s": 2.509886966263222}, "datetime": {"datetime": "2022-06-21 16:49:42", "elapsed": 490.253794, "delta": 9.022872}}
{"target": -1.0, "params": {"Bgrad": 0.8498186350961641, "d1": -2.1248197623229728, "d2": 0.985526064698389, "d3": -0.30988092118742605, "d4": -2.011939265802353, "p1": 44.53682620257131, "p2": 1.6016896422870075, "p3": 41.01752188471847, "p4": 4.3393806215289485, "pol1": -0.7645986153787587, "pol2": -0.6627069101117924, "pol3": -0.1530292464744536, "pol4": 0.8951832467154177, "v0s": 6.53087713561192}, "datetime": {"datetime": "2022-06-21 16:49:50", "elapsed": 498.629398, "delta": 8.375604}}
{"target": -1.0, "params": {"Bgrad": 0.8498186350961641, "d1": -2.1248197623229728, "d2": 0.985526064698389, "d3": -0.30988092118742605, "d4": -2.011939265802353, "p1": 44.53682620257131, "p2": 1.6016896422870075, "p3": 41.01752188471847, "p4": 4.3393806215289485, "pol1": -0.7645986153787587, "pol2": -0.6627069101117924, "pol3": -0.1530292464744536, "pol4": 0.8951832467154177, "v0s": 6.53087713561192}, "datetime": {"datetime": "2022-06-21 16:49:50", "elapsed": 498.630396, "delta": 8.376602}}
{"target": 3.5132959085966657, "params": {"Bgrad": 1.3945481512250755, "d1": -2.3835077721219564, "d2": 0.8823571974831141, "d3": -0.3256581840485806, "d4": -0.5139255632238817, "p1": 9.60068023496397, "p2": 25.980303197946924, "p3": 47.46796866279525, "p4": 21.83702232441005, "pol1": -0.3232060141489477, "pol2": 0.8837534972567025, "pol3": -0.7101752274694701, "pol4": -0.9038821384459426, "v0s": 3.5132959085966657}, "datetime": {"datetime": "2022-06-21 16:49:56", "elapsed": 504.11473, "delta": 5.485332}}
{"target": 3.5132959085966657, "params": {"Bgrad": 1.3945481512250755, "d1": -2.3835077721219564, "d2": 0.8823571974831141, "d3": -0.3256581840485806, "d4": -0.5139255632238817, "p1": 9.60068023496397, "p2": 25.980303197946924, "p3": 47.46796866279525, "p4": 21.83702232441005, "pol1": -0.3232060141489477, "pol2": 0.8837534972567025, "pol3": -0.7101752274694701, "pol4": -0.9038821384459426, "v0s": 3.5132959085966657}, "datetime": {"datetime": "2022-06-21 16:49:56", "elapsed": 504.11473, "delta": 5.484334}}
{"target": 4.419999126419177, "params": {"Bgrad": 1.725840028892505, "d1": -0.46372529281641794, "d2": 0.46000528406525953, "d3": -1.5995052091676558, "d4": -2.7678763552596912, "p1": 4.826035543462631, "p2": 2.017550900725623, "p3": 17.968667140686982, "p4": 4.016822220725724, "pol1": 0.37908356453083014, "pol2": 0.5264656730945283, "pol3": 0.066299256182478, "pol4": -0.7239007114419898, "v0s": 4.419999126419177}, "datetime": {"datetime": "2022-06-21 16:50:02", "elapsed": 510.094739, "delta": 5.980009}}
{"target": 4.419999126419177, "params": {"Bgrad": 1.725840028892505, "d1": -0.46372529281641794, "d2": 0.46000528406525953, "d3": -1.5995052091676558, "d4": -2.7678763552596912, "p1": 4.826035543462631, "p2": 2.017550900725623, "p3": 17.968667140686982, "p4": 4.016822220725724, "pol1": 0.37908356453083014, "pol2": 0.5264656730945283, "pol3": 0.066299256182478, "pol4": -0.7239007114419898, "v0s": 4.419999126419177}, "datetime": {"datetime": "2022-06-21 16:50:02", "elapsed": 510.094739, "delta": 5.980009}}
{"target": -1.0, "params": {"Bgrad": 1.4944865922969028, "d1": -1.0266263663184607, "d2": 0.3877442319609723, "d3": -1.9288137475743445, "d4": -0.11362431571625153, "p1": 31.939023240628174, "p2": 38.85019332202718, "p3": 11.996284031953003, "p4": 46.42982042188266, "pol1": 0.306620274202023, "pol2": 0.1476748815291269, "pol3": -0.09761322052405874, "pol4": 0.7534063022922783, "v0s": 5.71524645296113}, "datetime": {"datetime": "2022-06-21 16:50:14", "elapsed": 522.777824, "delta": 12.683085}}
{"target": -1.0, "params": {"Bgrad": 1.4944865922969028, "d1": -1.0266263663184607, "d2": 0.3877442319609723, "d3": -1.9288137475743445, "d4": -0.11362431571625153, "p1": 31.939023240628174, "p2": 38.85019332202718, "p3": 11.996284031953003, "p4": 46.42982042188266, "pol1": 0.306620274202023, "pol2": 0.1476748815291269, "pol3": -0.09761322052405874, "pol4": 0.7534063022922783, "v0s": 5.71524645296113}, "datetime": {"datetime": "2022-06-21 16:50:14", "elapsed": 522.778823, "delta": 12.684084}}
{"target": -1.0, "params": {"Bgrad": 0.7207622319814235, "d1": -0.04446295127501365, "d2": -0.8659600251779724, "d3": -1.7071599895320042, "d4": 0.4159572245650214, "p1": 28.188930902908467, "p2": 7.6439090346516085, "p3": 22.76172667635954, "p4": 28.12961415192401, "pol1": 0.773655099985392, "pol2": 0.3446789880538468, "pol3": -0.9855736988885815, "pol4": 0.9813190405290875, "v0s": 2.6355632933563733}, "datetime": {"datetime": "2022-06-21 16:50:45", "elapsed": 553.821813, "delta": 31.043989}}
{"target": -1.0, "params": {"Bgrad": 0.7207622319814235, "d1": -0.04446295127501365, "d2": -0.8659600251779724, "d3": -1.7071599895320042, "d4": 0.4159572245650214, "p1": 28.188930902908467, "p2": 7.6439090346516085, "p3": 22.76172667635954, "p4": 28.12961415192401, "pol1": 0.773655099985392, "pol2": 0.3446789880538468, "pol3": -0.9855736988885815, "pol4": 0.9813190405290875, "v0s": 2.6355632933563733}, "datetime": {"datetime": "2022-06-21 16:50:45", "elapsed": 553.82281, "delta": 31.043987}}
{"target": 3.1340792255736707, "params": {"Bgrad": 0.8233690718947135, "d1": -0.29709241428083066, "d2": -2.6156236779305546, "d3": -0.4973787702670376, "d4": -2.786815330944977, "p1": 19.508248959379515, "p2": 31.918823141019548, "p3": 15.287245586112991, "p4": 44.89031751054842, "pol1": -0.7412292619109, "pol2": -0.6724489298369698, "pol3": 0.45847886358091516, "pol4": 0.746916428933522, "v0s": 3.1340792255736707}, "datetime": {"datetime": "2022-06-21 16:50:49", "elapsed": 557.612677, "delta": 3.790864}}
{"target": 3.1340792255736707, "params": {"Bgrad": 0.8233690718947135, "d1": -0.29709241428083066, "d2": -2.6156236779305546, "d3": -0.4973787702670376, "d4": -2.786815330944977, "p1": 19.508248959379515, "p2": 31.918823141019548, "p3": 15.287245586112991, "p4": 44.89031751054842, "pol1": -0.7412292619109, "pol2": -0.6724489298369698, "pol3": 0.45847886358091516, "pol4": 0.746916428933522, "v0s": 3.1340792255736707}, "datetime": {"datetime": "2022-06-21 16:50:49", "elapsed": 557.612677, "delta": 3.789867}}
