{"target": 5.763707195211747, "params": {"Bgrad": 1.1175598915144205, "d1": -2.92150083943379, "d2": -1.0887509860342974, "d3": -0.21004220067920176, "d4": -0.7028214793208454, "p1": 14.632847793669319, "p2": 14.670955235220706, "p3": 29.101512988832333, "p4": 33.00681541359902, "pol1": -0.21676375536211956, "pol2": -0.6659928377080764, "pol3": 0.3829121495386465, "pol4": -0.5509429522296014, "v0s": 5.763707195211747}, "datetime": {"datetime": "2022-04-29 13:59:27", "elapsed": 80880.122153, "delta": 16.918762}}
{"target": -1.0, "params": {"Bgrad": 1.6190656041027793, "d1": -2.3498568853842228, "d2": -0.26747362348696857, "d3": -2.983803665681349, "d4": -0.5910644791795883, "p1": 4.931645581311239, "p2": 36.41906734064636, "p3": 33.94735753493291, "p4": 35.28267951775478, "pol1": -0.6374442580900275, "pol2": -0.024800415633296602, "pol3": -0.3251706563769403, "pol4": -0.13493212032763235, "v0s": 3.7632923085701337}, "datetime": {"datetime": "2022-04-29 13:59:45", "elapsed": 80897.67123, "delta": 17.549077}}
{"target": -1.0, "params": {"Bgrad": 0.8059853049123872, "d1": -0.059604625493205, "d2": -0.7095151686391858, "d3": -0.8203201320782583, "d4": -1.7742567951732755, "p1": 43.92280655474296, "p2": 37.45358444760332, "p3": 16.74416265529586, "p4": 26.730354917332516, "pol1": -0.5654787970518835, "pol2": -0.014054455765791785, "pol3": 0.08870212014544832, "pol4": 0.23264137392846762, "v0s": 4.560289902935548}, "datetime": {"datetime": "2022-04-29 14:00:00", "elapsed": 80913.458019, "delta": 15.786789}}
{"target": 3.8589120841910787, "params": {"Bgrad": 0.9940140657606789, "d1": -1.4763424505219203, "d2": 0.991723107597767, "d3": -2.7671003328452084, "d4": -1.8339000681217166, "p1": 12.034508830250799, "p2": 19.488277266865715, "p3": 39.30234826340146, "p4": 49.60754742084708, "pol1": -0.03410801179170378, "pol2": 0.21692624059420337, "pol3": -0.7401444606120834, "pol4": -0.5191880874130761, "v0s": 3.8589120841910787}, "datetime": {"datetime": "2022-04-29 14:00:11", "elapsed": 80923.993848, "delta": 10.535829}}
{"target": -1.0, "params": {"Bgrad": 1.9184727754633863, "d1": -2.6404972308392924, "d2": -0.4025228162282497, "d3": -0.9244748619838381, "d4": -0.4841669304205811, "p1": 31.12739921500742, "p2": 7.740528294143322, "p3": 6.925991939632109, "p4": 25.75476100396824, "pol1": 0.5962362496379681, "pol2": 0.3714503827522757, "pol3": -0.10849013477937253, "pol4": 0.26979791305010536, "v0s": 2.620224573074485}, "datetime": {"datetime": "2022-04-29 14:00:22", "elapsed": 80935.209859, "delta": 11.216011}}
{"target": -1.0, "params": {"Bgrad": 1.6691418141076886, "d1": -1.6744117058895345, "d2": -1.433174418722312, "d3": -0.6698262794266001, "d4": -0.3435020085649656, "p1": 14.286860110447746, "p2": 37.74798698447889, "p3": 20.267992082034258, "p4": 5.034844564169438, "pol1": 0.21003006216530107, "pol2": 0.551556492052699, "pol3": 0.8108438980064594, "pol4": 0.6429280441418441, "v0s": 5.1687953343702}, "datetime": {"datetime": "2022-04-29 14:00:41", "elapsed": 80954.124285, "delta": 18.914426}}
{"target": -1.0, "params": {"Bgrad": 0.9201035992253298, "d1": -1.2492253464166687, "d2": 0.9803930505768212, "d3": 0.8534114487515012, "d4": 0.7946865422585296, "p1": 39.76422015995226, "p2": 24.36742894248708, "p3": 42.50509067580461, "p4": 49.14198418545786, "pol1": -0.9566436678499619, "pol2": -0.07844132191871744, "pol3": -0.10097460071603526, "pol4": -0.034391139727956155, "v0s": 3.9515078941899833}, "datetime": {"datetime": "2022-04-29 14:00:54", "elapsed": 80967.472594, "delta": 13.348309}}
{"target": 3.4805569443480895, "params": {"Bgrad": 1.0668662902310015, "d1": -2.4496602512085586, "d2": -2.658706032143695, "d3": -1.3403272588268953, "d4": -1.9360541050968942, "p1": 17.877343792141954, "p2": 43.72546224106569, "p3": 17.048315081528532, "p4": 11.98170137216999, "pol1": -0.2363066765655566, "pol2": 0.3921595938048641, "pol3": 0.43881082919499503, "pol4": 0.8669089643425663, "v0s": 3.4805569443480895}, "datetime": {"datetime": "2022-04-29 14:01:05", "elapsed": 80977.737149, "delta": 10.264555}}
{"target": -1.0, "params": {"Bgrad": 1.7285611594559387, "d1": -2.7482982234169806, "d2": -1.6393122211099653, "d3": 0.6229076632484443, "d4": -0.9877723564541516, "p1": 0.3567142714804128, "p2": 34.48445208948448, "p3": 16.548889206131463, "p4": 11.143270566156488, "pol1": 0.7560019078857683, "pol2": 0.4498691376794923, "pol3": 0.7821302265012617, "pol4": 0.36163322776270923, "v0s": 5.454034144965267}, "datetime": {"datetime": "2022-04-29 14:01:26", "elapsed": 80998.546508, "delta": 20.809359}}
{"target": -1.0, "params": {"Bgrad": 0.9661264479857645, "d1": -1.4467766903705837, "d2": 0.0961980135352749, "d3": 0.1280330704599586, "d4": 0.7802778472452165, "p1": 14.589320188764587, "p2": 14.619414754750965, "p3": 30.5806307900998, "p4": 36.242727728088354, "pol1": 0.143593429779991, "pol2": 0.7414180397909422, "pol3": -0.05961092464084938, "pol4": -0.4962340233825846, "v0s": 4.876195097015544}, "datetime": {"datetime": "2022-04-29 14:01:51", "elapsed": 81024.147056, "delta": 25.600548}}
{"target": 3.7873093786054097, "params": {"Bgrad": 1.727820658766632, "d1": -0.4019233706207279, "d2": 0.24341034504124837, "d3": -2.115160157266651, "d4": -0.3016291671482221, "p1": 44.788865916109266, "p2": 26.67418591488283, "p3": 22.03553598223375, "p4": 4.996868030533596, "pol1": -0.8688800633771445, "pol2": -0.4338942447888319, "pol3": -0.22313776494181092, "pol4": 0.9705975200628789, "v0s": 3.7873093786054097}, "datetime": {"datetime": "2022-04-29 14:02:04", "elapsed": 81036.72343, "delta": 12.576374}}
{"target": -1.0, "params": {"Bgrad": 1.9138393959428384, "d1": 0.8318061651839423, "d2": -0.49442521445066223, "d3": 0.9853657212317661, "d4": -2.1884006978372494, "p1": 40.328891706146024, "p2": 4.674253178044735, "p3": 46.39917399401189, "p4": 10.12018042793455, "pol1": -0.45643478232165924, "pol2": -0.05526148986917412, "pol3": 0.04574609087972514, "pol4": 0.1527063013711627, "v0s": 4.326039595783975}, "datetime": {"datetime": "2022-04-29 14:02:27", "elapsed": 81059.605248, "delta": 22.881818}}
{"target": -1.0, "params": {"Bgrad": 1.7932661790716553, "d1": -0.8462782927907964, "d2": -0.048119816361316126, "d3": -0.8758995457930872, "d4": -1.9555075216659383, "p1": 14.655452419413207, "p2": 13.888877014646766, "p3": 28.941765631742616, "p4": 33.57430716067556, "pol1": 0.4181111304021987, "pol2": 0.6167127033608131, "pol3": 0.2527379538121488, "pol4": 0.5163714351260267, "v0s": 6.0883461136616095}, "datetime": {"datetime": "2022-04-29 14:02:45", "elapsed": 81078.200528, "delta": 18.59528}}
{"target": 2.7758274199813995, "params": {"Bgrad": 1.8296441260989005, "d1": -1.3489810739273773, "d2": -0.39550798800437903, "d3": -1.4619720768767217, "d4": -1.966703090898989, "p1": 26.784869761951903, "p2": 7.232379335418987, "p3": 42.59038008005852, "p4": 25.681089051337324, "pol1": -0.07315969492388574, "pol2": 0.2431733512590697, "pol3": -0.2560712048766931, "pol4": -0.5693815501286597, "v0s": 2.7758274199813995}, "datetime": {"datetime": "2022-04-29 14:03:01", "elapsed": 81093.731002, "delta": 15.530474}}
{"target": -1.0, "params": {"Bgrad": 1.7556728749285129, "d1": -1.415686761639972, "d2": 0.36437650233243657, "d3": -2.7969507993383873, "d4": 0.8078668861379885, "p1": 11.259709128547035, "p2": 28.609275754188378, "p3": 18.38713994027848, "p4": 4.611193497555538, "pol1": -0.8367865465828501, "pol2": 0.7759857157693617, "pol3": 0.6296241577889787, "pol4": 0.9963009584201326, "v0s": 2.260716640559222}, "datetime": {"datetime": "2022-04-29 14:04:10", "elapsed": 81162.74547, "delta": 69.014468}}
{"target": -1.0, "params": {"Bgrad": 1.0588115165888428, "d1": -1.013401109538846, "d2": -0.10573995418467153, "d3": -1.2552989545088091, "d4": 0.9795647764093105, "p1": 18.128411879791535, "p2": 19.089533543868647, "p3": 18.290094369601697, "p4": 14.264460587190742, "pol1": -0.8517749509101662, "pol2": -0.39818977317883175, "pol3": 0.5458679471003498, "pol4": 0.8240359171921943, "v0s": 4.093726232492683}, "datetime": {"datetime": "2022-04-29 14:04:31", "elapsed": 81184.098376, "delta": 21.352906}}
{"target": -1.0, "params": {"Bgrad": 0.7659457054855201, "d1": -1.9612493114797478, "d2": -1.4422367770467885, "d3": -2.1301942764214905, "d4": -1.2754321812727691, "p1": 8.834181276948167, "p2": 3.6262880018363477, "p3": 27.190843699377325, "p4": 10.14788744249363, "pol1": -0.008793929350959795, "pol2": 0.7122780232631267, "pol3": -0.6479454246150149, "pol4": -0.3389571943166174, "v0s": 4.947986169309363}, "datetime": {"datetime": "2022-04-29 14:04:43", "elapsed": 81195.909795, "delta": 11.811419}}
{"target": 2.95377377035243, "params": {"Bgrad": 1.5013000189658618, "d1": -2.478013110563614, "d2": 0.21472131381955073, "d3": -0.1928594205310219, "d4": -2.4765778928305973, "p1": 46.05883246211434, "p2": 36.072031736754454, "p3": 17.746389967603037, "p4": 27.140287367227977, "pol1": -0.1350019801558351, "pol2": 0.5603077099395486, "pol3": 0.5988151114969509, "pol4": -0.313012304311894, "v0s": 2.95377377035243}, "datetime": {"datetime": "2022-04-29 14:04:54", "elapsed": 81207.323277, "delta": 11.413482}}
{"target": 3.1889361462195422, "params": {"Bgrad": 1.8156720707939238, "d1": -0.4550760871759212, "d2": -2.1253177459066146, "d3": -2.026314347729813, "d4": -1.566118693468968, "p1": 28.69968110072132, "p2": 10.451292626021147, "p3": 8.078356866273651, "p4": 46.53261054832014, "pol1": -0.7073477935030592, "pol2": 0.9662335224787595, "pol3": 0.8620397513365856, "pol4": 0.6457531475547436, "v0s": 3.1889361462195422}, "datetime": {"datetime": "2022-04-29 14:05:08", "elapsed": 81221.054562, "delta": 13.731285}}
{"target": 3.6826771217889456, "params": {"Bgrad": 1.1848718586094336, "d1": -0.8977983415698092, "d2": 0.9488106051303427, "d3": -2.055288827419081, "d4": -1.2087560423612191, "p1": 42.55162748010995, "p2": 44.38205988856301, "p3": 32.71592147761148, "p4": 14.506044456857259, "pol1": 0.0042737605673268675, "pol2": -0.8054820242966765, "pol3": -0.693469336567649, "pol4": -0.752286998152943, "v0s": 3.6826771217889456}, "datetime": {"datetime": "2022-04-29 14:05:18", "elapsed": 81231.417853, "delta": 10.363291}}
{"target": -1.0, "params": {"Bgrad": 0.9083896438836154, "d1": -0.3446192852237129, "d2": -0.18089746239088011, "d3": -2.335706335425973, "d4": -0.4769689131434771, "p1": 45.81393018578813, "p2": 25.380503641675922, "p3": 20.19367467551642, "p4": 6.925509237866883, "pol1": -0.9826797351264356, "pol2": -0.07795869689842583, "pol3": 0.6758594571908567, "pol4": 0.674973110394123, "v0s": 5.494612553123411}, "datetime": {"datetime": "2022-04-29 14:05:34", "elapsed": 81247.394135, "delta": 15.976282}}
{"target": -1.0, "params": {"Bgrad": 1.0767360279838423, "d1": -1.9542274838735074, "d2": -0.48426863063758097, "d3": -2.506316277613742, "d4": -1.2190702029365794, "p1": 41.13977910512162, "p2": 44.82405910544036, "p3": 32.80489748874021, "p4": 14.509284967435576, "pol1": 0.08766177447752255, "pol2": -0.9470212735864867, "pol3": -0.8647421650959222, "pol4": -0.8223807506555649, "v0s": 4.917450380062516}, "datetime": {"datetime": "2022-04-29 14:05:49", "elapsed": 81262.478801, "delta": 15.084666}}
{"target": -1.0, "params": {"Bgrad": 1.1171203326600128, "d1": 0.865337418346483, "d2": 0.792515954656857, "d3": -2.4727178899652618, "d4": -0.2769897725428714, "p1": 2.518645398296587, "p2": 20.051514443060775, "p3": 22.997317670229922, "p4": 43.03227268836063, "pol1": -0.2915576092461103, "pol2": 0.2781964417840217, "pol3": -0.4922200470474949, "pol4": -0.005101018234802579, "v0s": 2.094143045614781}, "datetime": {"datetime": "2022-04-29 14:06:09", "elapsed": 81281.588704, "delta": 19.109903}}
{"target": 4.294252465562353, "params": {"Bgrad": 0.9267620224434576, "d1": -1.1199809220360892, "d2": 0.660910266571205, "d3": -1.6582048637753632, "d4": -0.2707998667108851, "p1": 23.26576532334882, "p2": 24.769522723902597, "p3": 13.809887667125336, "p4": 36.82980148566465, "pol1": -0.023811830613794882, "pol2": 0.8629182608438215, "pol3": 0.7765701670433933, "pol4": 0.5936065373861221, "v0s": 4.294252465562353}, "datetime": {"datetime": "2022-04-29 14:06:20", "elapsed": 81293.258502, "delta": 11.669798}}
{"target": -1.0, "params": {"Bgrad": 1.4182067747803497, "d1": -1.0877643406128685, "d2": -2.246087992914183, "d3": -2.2639123643017873, "d4": -1.4071621760312536, "p1": 10.0887545539946, "p2": 1.6043004541301031, "p3": 44.599841982809814, "p4": 47.71953434225184, "pol1": -0.7991877866378223, "pol2": -0.8594532784485507, "pol3": -0.1082793199504819, "pol4": -0.19402516564238992, "v0s": 3.347730713324359}, "datetime": {"datetime": "2022-04-29 14:06:36", "elapsed": 81308.628405, "delta": 15.369903}}
{"target": 3.9769561687826807, "params": {"Bgrad": 1.0585885546259735, "d1": -1.5607113956714262, "d2": 0.7184689197078442, "d3": -2.492575142301403, "d4": 0.17028979288504864, "p1": 46.897547761216245, "p2": 24.891192374911657, "p3": 20.51005067187155, "p4": 3.453400387350686, "pol1": -0.9960901160016926, "pol2": 0.49133412131751353, "pol3": 0.8740508054710705, "pol4": 0.045340697518095, "v0s": 3.9769561687826807}, "datetime": {"datetime": "2022-04-29 14:06:44", "elapsed": 81317.309194, "delta": 8.680789}}
{"target": -1.0, "params": {"Bgrad": 0.6921815907477082, "d1": -2.94759689918691, "d2": 0.44989037749859717, "d3": -1.121154913114185, "d4": 0.801094680588402, "p1": 17.638862057904547, "p2": 38.161870648039304, "p3": 2.1712239472293837, "p4": 31.48881560273257, "pol1": -0.8722139006630458, "pol2": -0.6646910078206261, "pol3": 0.19974321815094953, "pol4": -0.2152553439708269, "v0s": 4.305639601646126}, "datetime": {"datetime": "2022-04-29 14:06:57", "elapsed": 81330.48297, "delta": 13.173776}}
{"target": 4.751177001311377, "params": {"Bgrad": 1.7059414075742951, "d1": -1.7571225149699208, "d2": -0.28870529283308066, "d3": -2.944522016754203, "d4": 0.2397740079792845, "p1": 28.853920446204988, "p2": 40.99066594097463, "p3": 29.794130133644714, "p4": 20.361646639411735, "pol1": -0.3616310926552757, "pol2": -0.7161514332211256, "pol3": 0.29544418242595727, "pol4": 0.042821362364128035, "v0s": 4.751177001311377}, "datetime": {"datetime": "2022-04-29 14:07:11", "elapsed": 81343.73753, "delta": 13.25456}}
{"target": 3.643191418579462, "params": {"Bgrad": 1.2950988870051796, "d1": -0.10613449092194127, "d2": 0.035546724711647215, "d3": -0.6148535118912579, "d4": -1.6673761268156375, "p1": 5.678886662408244, "p2": 2.3638037851897495, "p3": 41.00320676928842, "p4": 47.03152024232937, "pol1": -0.9184804201572307, "pol2": 0.9913933370624977, "pol3": 0.35779899433313633, "pol4": 0.08307182830090865, "v0s": 3.643191418579462}, "datetime": {"datetime": "2022-04-29 14:07:26", "elapsed": 81359.392671, "delta": 15.655141}}
{"target": -1.0, "params": {"Bgrad": 1.4626287530281676, "d1": -1.4191808989799752, "d2": -1.624146501293867, "d3": 0.9534356221746187, "d4": -0.9574206212256366, "p1": 44.61831996816702, "p2": 32.56955338956353, "p3": 46.63529314762001, "p4": 17.887691848465742, "pol1": -0.5043512730227353, "pol2": 0.5213399222740651, "pol3": -0.1282412953820622, "pol4": -0.44535328388527384, "v0s": 3.9755862548903282}, "datetime": {"datetime": "2022-04-29 14:07:44", "elapsed": 81376.569743, "delta": 17.177072}}
{"target": -1.0, "params": {"Bgrad": 1.1584065660494383, "d1": -0.7515013818986076, "d2": -1.154552992263774, "d3": -1.1650769803991818, "d4": -1.2551921120367644, "p1": 4.575285762642073, "p2": 22.138309339019298, "p3": 2.788380691902159, "p4": 34.77213262899467, "pol1": -0.575708344714444, "pol2": 0.7136211692586178, "pol3": -0.8999448102718943, "pol4": -0.016342082729321028, "v0s": 4.237409334624012}, "datetime": {"datetime": "2022-04-29 14:08:00", "elapsed": 81393.078601, "delta": 16.508858}}
{"target": -1.0, "params": {"Bgrad": 1.7971234805963017, "d1": -1.0966361048274842, "d2": -1.6573098757599425, "d3": 0.1175800447243236, "d4": -2.0086333914777668, "p1": 28.515302263996823, "p2": 11.713952076481188, "p3": 38.57542256262887, "p4": 34.78648157788991, "pol1": 0.35032126052735224, "pol2": -0.7993085605361558, "pol3": -0.7952594100038626, "pol4": -0.6873596340150085, "v0s": 5.001922280356901}, "datetime": {"datetime": "2022-04-29 14:08:20", "elapsed": 81413.20379, "delta": 20.125189}}
{"target": 3.998330899415473, "params": {"Bgrad": 1.6505784720339611, "d1": -2.534240262998387, "d2": -2.409249890724971, "d3": -2.239285616334027, "d4": -1.3794099746287491, "p1": 2.548527108937726, "p2": 30.0831785150648, "p3": 23.625545105159457, "p4": 22.307230727547967, "pol1": -0.6046613900567948, "pol2": 0.6853177367364163, "pol3": 0.5458227501615005, "pol4": 0.7227820135091452, "v0s": 3.998330899415473}, "datetime": {"datetime": "2022-04-29 14:08:31", "elapsed": 81424.045801, "delta": 10.842011}}
{"target": -1.0, "params": {"Bgrad": 1.820571668694837, "d1": -0.30393637581545585, "d2": -1.2155698401146293, "d3": -0.9560884981661557, "d4": -1.730851289686199, "p1": 4.736900505241904, "p2": 40.86297589192637, "p3": 5.796465714526139, "p4": 29.238843641030325, "pol1": -0.924943967185089, "pol2": 0.2833851771485125, "pol3": -0.938009335089693, "pol4": -0.1827014534923881, "v0s": 2.0104257714714504}, "datetime": {"datetime": "2022-04-29 14:08:44", "elapsed": 81436.876494, "delta": 12.830693}}
{"target": -1.0, "params": {"Bgrad": 1.2542508159290358, "d1": -2.9532243020085445, "d2": -0.7253636677335549, "d3": -1.718509961340029, "d4": -0.8361820436791274, "p1": 16.237246592737094, "p2": 16.570402612727936, "p3": 30.558284542209595, "p4": 34.793346155370706, "pol1": 0.1824726907627663, "pol2": -0.6733282145577575, "pol3": -0.6998898817416208, "pol4": 0.2575520456107325, "v0s": 5.115388462027495}, "datetime": {"datetime": "2022-04-29 14:09:01", "elapsed": 81454.276968, "delta": 17.400474}}
{"target": -1.0, "params": {"Bgrad": 1.8842697458356588, "d1": -0.24216755816487634, "d2": 0.2625047736693329, "d3": 0.15630170308499425, "d4": 0.28798284399034113, "p1": 2.594592102708332, "p2": 29.90806956045456, "p3": 27.589425895265485, "p4": 28.698224280301883, "pol1": 0.10648989369762663, "pol2": -0.8513237028138996, "pol3": 0.5087807337181978, "pol4": 0.029380592771069747, "v0s": 2.4050287936556707}, "datetime": {"datetime": "2022-04-29 14:09:21", "elapsed": 81474.069051, "delta": 19.792083}}
{"target": -1.0, "params": {"Bgrad": 0.924423162059999, "d1": 0.2884465500499087, "d2": -1.2298465657960853, "d3": -0.9305898468431963, "d4": -2.0846759929921954, "p1": 17.886859221429646, "p2": 38.54403973902235, "p3": 39.43275984478854, "p4": 35.60494051661621, "pol1": -0.9097688307217386, "pol2": -0.84322560482801, "pol3": -0.2857798837711589, "pol4": -0.6413993296832399, "v0s": 2.188409989718577}, "datetime": {"datetime": "2022-04-29 14:09:32", "elapsed": 81485.36285, "delta": 11.293799}}
{"target": -1.0, "params": {"Bgrad": 1.1921075286690592, "d1": -2.6793809101007007, "d2": 0.7004224431213824, "d3": -2.739152523606715, "d4": -1.0990633068731226, "p1": 2.9461439116097443, "p2": 47.919101914441406, "p3": 46.948191187535066, "p4": 37.11666400869761, "pol1": -0.7974800311571626, "pol2": -0.023847937716668488, "pol3": -0.877562215317601, "pol4": 0.6488550908423714, "v0s": 3.4578460049122723}, "datetime": {"datetime": "2022-04-29 14:09:50", "elapsed": 81503.454476, "delta": 18.091626}}
{"target": -1.0, "params": {"Bgrad": 1.950784456319105, "d1": -0.5028733533508674, "d2": -1.3894243541668998, "d3": -1.0765321570598867, "d4": -1.6656382432250671, "p1": 2.061451964668298, "p2": 30.92351772555284, "p3": 28.31730353370566, "p4": 31.900417991484797, "pol1": -0.3551636984282738, "pol2": -0.08276079289396199, "pol3": -0.32072797412632004, "pol4": 0.23303819870102815, "v0s": 2.010202882392795}, "datetime": {"datetime": "2022-04-29 14:10:03", "elapsed": 81516.270209, "delta": 12.815733}}
{"target": -1.0, "params": {"Bgrad": 1.7504212357348545, "d1": -2.189281419168208, "d2": -0.7404651241669251, "d3": -1.3361690484605027, "d4": -1.1500172669508104, "p1": 26.931305778804486, "p2": 10.917533289759579, "p3": 36.195151527382194, "p4": 36.265846506578704, "pol1": 0.20504947746893798, "pol2": 0.7590690516451462, "pol3": -0.4960618248111224, "pol4": 0.23845292462292034, "v0s": 5.368964339603654}, "datetime": {"datetime": "2022-04-29 14:10:23", "elapsed": 81536.275719, "delta": 20.00551}}
{"target": -1.0, "params": {"Bgrad": 1.4794895952772347, "d1": 0.10370290331773324, "d2": 0.1504620175666993, "d3": -2.58732964328783, "d4": -2.8742706438482113, "p1": 1.3210105113378778, "p2": 14.310445826799894, "p3": 14.331149185043158, "p4": 5.81193634327683, "pol1": 0.023477611273795107, "pol2": -0.2112568185883279, "pol3": 0.7794569509663714, "pol4": -0.07941738386855435, "v0s": 5.490443836401167}, "datetime": {"datetime": "2022-04-29 14:10:39", "elapsed": 81551.74336, "delta": 15.467641}}
{"target": 2.1622931696548884, "params": {"Bgrad": 1.5845355557285128, "d1": -0.7813809445511009, "d2": 0.9910929867949658, "d3": -1.0572129928151592, "d4": -0.5677057096617069, "p1": 6.906970127281764, "p2": 19.638182516495217, "p3": 23.936612258256023, "p4": 47.07516418710435, "pol1": -0.7338466546159967, "pol2": 0.2866827448463283, "pol3": 0.14859260630197557, "pol4": -0.2570779510847925, "v0s": 2.1622931696548884}, "datetime": {"datetime": "2022-04-29 14:10:53", "elapsed": 81566.066064, "delta": 14.322704}}
{"target": -1.0, "params": {"Bgrad": 0.8052579273822456, "d1": -2.112076062220858, "d2": -0.6335065979025223, "d3": -0.9250603810177318, "d4": -1.027052069497696, "p1": 18.512389586303946, "p2": 37.416629381413806, "p3": 19.94135406560123, "p4": 28.7922290003742, "pol1": 0.7284307513611135, "pol2": -0.0775384215128112, "pol3": -0.8045341567392252, "pol4": 0.11393683310174274, "v0s": 3.080597726409064}, "datetime": {"datetime": "2022-04-29 14:11:03", "elapsed": 81576.320645, "delta": 10.254581}}
