{"target": -1.0, "params": {"Bgrad": 0.7919099030106089, "d1": 0.2788692255202414, "d2": -1.00405217815717, "d3": -2.359175098490475, "d4": -0.8443470900374184, "p1": 30.626037021519142, "p2": 41.92981450747133, "p3": 6.7031115482902965, "p4": 10.72384216232063, "pol1": 0.7943533614052165, "pol2": -0.18807528947561325, "pol3": -0.2264548478145707, "pol4": 0.32010172247451396, "v0s": 5.335627887154585}, "datetime": {"datetime": "2022-04-28 16:35:58", "elapsed": 3870.948676, "delta": 7.20035}}
{"target": -1.0, "params": {"Bgrad": 0.5587993886264461, "d1": -1.7869559859499557, "d2": 0.5905349424198003, "d3": -2.8882966957984033, "d4": -0.42825077048815485, "p1": 29.39804294300728, "p2": 26.02818817286041, "p3": 34.51393133234817, "p4": 45.470017276012946, "pol1": 0.35263206554413684, "pol2": 0.09192152770174422, "pol3": -0.25400041333889334, "pol4": -0.4869061016655698, "v0s": 3.5349895245970533}, "datetime": {"datetime": "2022-04-28 16:36:02", "elapsed": 3875.030351, "delta": 4.081675}}
{"target": -1.0, "params": {"Bgrad": 1.3938212454458558, "d1": 0.8035680653001775, "d2": -2.167997124698775, "d3": -0.585283758002511, "d4": -0.3998487403546154, "p1": 14.055392541019069, "p2": 27.85547973576425, "p3": 33.68200574435102, "p4": 8.214840561328202, "pol1": -0.39070353581198636, "pol2": -0.3468344357818667, "pol3": 0.673121381283349, "pol4": -0.91815089445009, "v0s": 5.192612536080319}, "datetime": {"datetime": "2022-04-28 16:36:12", "elapsed": 3885.442157, "delta": 10.411806}}
{"target": -1.0, "params": {"Bgrad": 1.1220860276283942, "d1": -0.3886078473988883, "d2": -2.3280575317689047, "d3": 0.8463980285740988, "d4": 0.6326307511308515, "p1": 13.949669892356697, "p2": 49.90924882460676, "p3": 21.413356295938748, "p4": 32.599480489359344, "pol1": -0.32243983314268476, "pol2": -0.4470198855702687, "pol3": -0.15490964615173985, "pol4": 0.872683157205353, "v0s": 4.326313109143835}, "datetime": {"datetime": "2022-04-28 16:36:23", "elapsed": 3895.675973, "delta": 10.233816}}
{"target": -1.0, "params": {"Bgrad": 1.2205439133159808, "d1": -1.9693355268137411, "d2": -1.183495845377473, "d3": -0.6345162984190993, "d4": -0.8809807197716606, "p1": 29.755994614627024, "p2": 10.996556429791571, "p3": 42.22138193221992, "p4": 23.238788912304077, "pol1": -0.4597025880103134, "pol2": -0.2189202520338691, "pol3": -0.7115691781536797, "pol4": 0.37904850457640027, "v0s": 7.506161613774776}, "datetime": {"datetime": "2022-04-28 16:36:35", "elapsed": 3907.568867, "delta": 11.892894}}
{"target": -1.0, "params": {"Bgrad": 0.5680750811721509, "d1": -0.5358575339065741, "d2": -0.9405664666525051, "d3": -2.87027930266645, "d4": -0.7459354416774415, "p1": 38.185188200588065, "p2": 27.341316184346514, "p3": 19.89592626617755, "p4": 33.99573853363244, "pol1": 0.7057104617466767, "pol2": 0.42077792093501465, "pol3": -0.42072253902889356, "pol4": 0.12967501996492503, "v0s": 4.640114432840326}, "datetime": {"datetime": "2022-04-28 16:36:41", "elapsed": 3914.256089, "delta": 6.687222}}
{"target": 4.3540266172033055, "params": {"Bgrad": 1.978464264255102, "d1": -2.490113699169926, "d2": -2.839726840621147, "d3": -0.4967811266237119, "d4": -1.0901495371043297, "p1": 8.424388315888425, "p2": 33.96500969710556, "p3": 1.1431212135847468, "p4": 26.491665589351136, "pol1": -0.8671586126959219, "pol2": -0.7542754117681791, "pol3": 0.20276911586095325, "pol4": -0.7165534885492959, "v0s": 4.3540266172033055}, "datetime": {"datetime": "2022-04-28 16:36:50", "elapsed": 3922.911592, "delta": 8.655503}}
{"target": -1.0, "params": {"Bgrad": 1.916800085369427, "d1": -2.9105695435099093, "d2": -0.4408442383482116, "d3": -0.5870101024514258, "d4": -2.9861510790511088, "p1": 18.40660046428782, "p2": 19.421397719067112, "p3": 20.6643693940127, "p4": 46.26203151167386, "pol1": 0.3484771416257555, "pol2": -0.9033743202015887, "pol3": 0.35557973293386325, "pol4": 0.38396806624557067, "v0s": 4.1259780886711575}, "datetime": {"datetime": "2022-04-28 16:37:08", "elapsed": 3941.476243, "delta": 18.564651}}
{"target": -1.0, "params": {"Bgrad": 0.715687862242721, "d1": 0.4110962673039298, "d2": -0.8223156098255084, "d3": -2.1034608110243713, "d4": -0.7645162615435255, "p1": 36.84944334138279, "p2": 20.392245916001073, "p3": 45.57757145792819, "p4": 36.28750619629264, "pol1": -0.7871446832413003, "pol2": -0.14105835301837666, "pol3": 0.4334076260504387, "pol4": 0.2729736070446056, "v0s": 3.6678835496288107}, "datetime": {"datetime": "2022-04-28 16:37:15", "elapsed": 3948.471157, "delta": 6.994914}}
{"target": -1.0, "params": {"Bgrad": 0.5767449494467023, "d1": -1.6207736231606993, "d2": -0.17242686012534447, "d3": 0.3531352262119509, "d4": -1.7119145691924769, "p1": 49.360914218694845, "p2": 32.99942079142811, "p3": 17.760927641477565, "p4": 38.80828783333959, "pol1": 0.19525914373169684, "pol2": 0.28262231878705313, "pol3": -0.532706664888619, "pol4": -0.8138053106195442, "v0s": 3.426423447620609}, "datetime": {"datetime": "2022-04-28 16:37:26", "elapsed": 3959.150759, "delta": 10.679602}}
{"target": -1.0, "params": {"Bgrad": 1.1769873069656858, "d1": 0.2715236649789783, "d2": 0.8250714126703431, "d3": -0.593265890063345, "d4": -1.620026967303688, "p1": 2.949527051376216, "p2": 16.373450191007144, "p3": 5.273736640777404, "p4": 12.098251954317474, "pol1": 0.4116478095852565, "pol2": 0.5155852851534306, "pol3": -0.9929602098395529, "pol4": -0.42196268167616235, "v0s": 6.302581787852919}, "datetime": {"datetime": "2022-04-28 16:37:38", "elapsed": 3970.637216, "delta": 11.486457}}
{"target": -1.0, "params": {"Bgrad": 1.271897852115763, "d1": -1.3655171093855332, "d2": -2.730163637378868, "d3": -1.487502363379726, "d4": -1.024578754543279, "p1": 48.125521674990104, "p2": 39.46677432123128, "p3": 22.224601631160667, "p4": 23.830354961818106, "pol1": 0.5040554756433244, "pol2": 0.36927019545429673, "pol3": -0.24030434213623253, "pol4": -0.7983945341218017, "v0s": 5.467595912481711}, "datetime": {"datetime": "2022-04-28 16:37:48", "elapsed": 3981.079955, "delta": 10.442739}}
{"target": -1.0, "params": {"Bgrad": 0.6492183679788412, "d1": -2.0630783279251665, "d2": -2.945284801477757, "d3": -2.9627692609800182, "d4": -1.2544526934179694, "p1": 2.961011187346813, "p2": 33.31610396999734, "p3": 6.047188205003129, "p4": 17.36360545195317, "pol1": -0.7631955050474977, "pol2": 0.25042982520036516, "pol3": -0.8948762008566009, "pol4": 0.2744746672498273, "v0s": 3.3722203623972513}, "datetime": {"datetime": "2022-04-28 16:37:52", "elapsed": 3984.681377, "delta": 3.601422}}
{"target": -1.0, "params": {"Bgrad": 1.8284536395553266, "d1": -0.41916923920356286, "d2": -0.9408223942055436, "d3": -2.2859945703426097, "d4": -2.587214477233727, "p1": 30.284651319738753, "p2": 27.721051344478205, "p3": 0.049138414125571295, "p4": 33.658685815327175, "pol1": 0.6565773772952386, "pol2": 0.023219183114300934, "pol3": 0.46924222230832346, "pol4": -0.8000633611104944, "v0s": 6.802577313099203}, "datetime": {"datetime": "2022-04-28 16:38:05", "elapsed": 3997.775048, "delta": 13.093671}}
{"target": -1.0, "params": {"Bgrad": 1.4271488714724838, "d1": -1.7211054332985158, "d2": -0.8847677967690175, "d3": -1.5589569526841562, "d4": -1.8714225336620043, "p1": 26.019121648537464, "p2": 41.8165987579313, "p3": 21.293741827571726, "p4": 32.099072098973785, "pol1": -0.6473004764764334, "pol2": 0.3412974496365433, "pol3": -0.20150771528807931, "pol4": -0.7398780339946056, "v0s": 7.196696131137226}, "datetime": {"datetime": "2022-04-28 16:38:16", "elapsed": 4009.040613, "delta": 11.265565}}
{"target": -1.0, "params": {"Bgrad": 1.9419440759057378, "d1": -0.9966093160900318, "d2": -2.4318450173149198, "d3": -2.191992228901094, "d4": -0.04001938533236382, "p1": 3.893411710947614, "p2": 36.07502939137698, "p3": 28.827582876844648, "p4": 45.004103804669384, "pol1": -0.8133739425794104, "pol2": 0.653711659815372, "pol3": -0.7049356348169489, "pol4": -0.6016621027518163, "v0s": 3.3599809747816822}, "datetime": {"datetime": "2022-04-28 16:38:32", "elapsed": 4025.362226, "delta": 16.321613}}
{"target": -1.0, "params": {"Bgrad": 1.0727466469598652, "d1": -0.04670586821219702, "d2": -0.10147136260287493, "d3": -2.351060897969327, "d4": -0.13545923016942485, "p1": 5.203107765650506, "p2": 16.56878306916588, "p3": 21.361052457803538, "p4": 28.664362000868714, "pol1": -0.3624759192726077, "pol2": 0.44222850536924896, "pol3": 0.8904682278856437, "pol4": 0.3968497327516396, "v0s": 6.636665825800343}, "datetime": {"datetime": "2022-04-28 16:38:39", "elapsed": 4032.473296, "delta": 7.11107}}
{"target": -1.0, "params": {"Bgrad": 1.7630861622926841, "d1": -0.7090481885197657, "d2": -0.6592963994511258, "d3": -2.340075368451521, "d4": -2.091953992664034, "p1": 3.259591691692493, "p2": 21.07547626207287, "p3": 48.64176050648014, "p4": 26.37604362636528, "pol1": 0.622923859385909, "pol2": 0.17425253951517328, "pol3": -0.6705319057536077, "pol4": -0.14629083135967158, "v0s": 4.0519098621416765}, "datetime": {"datetime": "2022-04-28 16:38:57", "elapsed": 4050.48593, "delta": 18.012634}}
{"target": 4.455448099432696, "params": {"Bgrad": 0.5050258476536362, "d1": -2.838727295165981, "d2": 0.7498499207952074, "d3": -2.1466886375190484, "d4": -0.33986461860453776, "p1": 15.834236430809213, "p2": 38.44855615248177, "p3": 2.0593343444044123, "p4": 31.384190400825123, "pol1": -0.33634280526812366, "pol2": -0.897363798294345, "pol3": 0.43742216540787116, "pol4": 0.27794606859805926, "v0s": 4.455448099432696}, "datetime": {"datetime": "2022-04-28 16:39:00", "elapsed": 4053.326391, "delta": 2.840461}}
{"target": -1.0, "params": {"Bgrad": 1.8252806845274894, "d1": -1.107595427450407, "d2": -2.7187340538153344, "d3": -1.4437602543080499, "d4": -2.5465226811955803, "p1": 47.10120440652542, "p2": 3.6482745983727636, "p3": 2.1214081687722097, "p4": 26.888253649534395, "pol1": 0.9089005640858079, "pol2": -0.7122080435739588, "pol3": -0.4902903797705014, "pol4": -0.3282312720455214, "v0s": 3.671730577752878}, "datetime": {"datetime": "2022-04-28 16:39:18", "elapsed": 4070.870284, "delta": 17.543893}}
{"target": -1.0, "params": {"Bgrad": 1.9803125901105858, "d1": -1.6071826959413213, "d2": -0.8570224107513105, "d3": 0.7444694418666145, "d4": 0.8828780392170534, "p1": 27.874081637222126, "p2": 25.350925205916695, "p3": 10.385595062331177, "p4": 21.172522586979436, "pol1": -0.21022425984708182, "pol2": 0.939413335271887, "pol3": -0.9492778822032286, "pol4": -0.8173364216188619, "v0s": 7.404164782231489}, "datetime": {"datetime": "2022-04-28 16:39:32", "elapsed": 4085.114427, "delta": 14.244143}}
{"target": -1.0, "params": {"Bgrad": 0.8557942331661195, "d1": 0.6967454808673912, "d2": -0.6727536022574903, "d3": -2.24220728801837, "d4": -0.5275231719008939, "p1": 16.210796135797928, "p2": 29.432954245252457, "p3": 19.426409072167278, "p4": 16.83179828351957, "pol1": 0.2105901597883415, "pol2": 0.19718954802072686, "pol3": -0.32713962391891793, "pol4": 0.9773409416569907, "v0s": 5.072436235585886}, "datetime": {"datetime": "2022-04-28 16:39:41", "elapsed": 4094.531902, "delta": 9.417475}}
{"target": -1.0, "params": {"Bgrad": 1.1592683186467547, "d1": -1.107475851850383, "d2": -1.227173858284861, "d3": -0.632008045338095, "d4": -0.16138025998243322, "p1": 9.969801152994984, "p2": 43.97545619972574, "p3": 36.90697894139067, "p4": 46.60910849789495, "pol1": -0.08711225443655568, "pol2": 0.08254494840763282, "pol3": 0.9190126077504579, "pol4": 0.5366855170820446, "v0s": 6.919867278481543}, "datetime": {"datetime": "2022-04-28 16:39:53", "elapsed": 4106.165493, "delta": 11.633591}}
{"target": 3.6038440961941753, "params": {"Bgrad": 1.6988691892932255, "d1": -2.1521127961007136, "d2": -2.9179364529553196, "d3": -0.9953307437584988, "d4": -1.7582527028882509, "p1": 41.06108696049709, "p2": 12.361351445147506, "p3": 16.550736147734963, "p4": 18.792035926997436, "pol1": -0.3207349032872353, "pol2": 0.6030001196558508, "pol3": 0.4503725982266569, "pol4": 0.04990847896814676, "v0s": 3.6038440961941753}, "datetime": {"datetime": "2022-04-28 16:40:01", "elapsed": 4113.768793, "delta": 7.6033}}
{"target": -1.0, "params": {"Bgrad": 0.8661185499548822, "d1": -1.2690177068697852, "d2": -2.3638758321448123, "d3": -0.6243892814099103, "d4": 0.0031857940297861376, "p1": 15.58344258585117, "p2": 8.974363817221576, "p3": 42.228001132431, "p4": 4.853403224215564, "pol1": 0.2631194263015679, "pol2": 0.9354780186550227, "pol3": -0.8345911389901153, "pol4": -0.8590790891884483, "v0s": 6.878808960542843}, "datetime": {"datetime": "2022-04-28 16:40:09", "elapsed": 4121.747586, "delta": 7.978793}}
{"target": -1.0, "params": {"Bgrad": 0.9597672507428349, "d1": 0.6137121688140583, "d2": -2.4573039283277773, "d3": -2.5956407353044644, "d4": -1.0360051137912931, "p1": 8.343952135218425, "p2": 36.05024224734276, "p3": 15.008822490165773, "p4": 41.62283538081304, "pol1": -0.07842536148876933, "pol2": -0.6483723470008231, "pol3": 0.32008475731847263, "pol4": 0.7963856689351583, "v0s": 2.999902718504001}, "datetime": {"datetime": "2022-04-28 16:40:25", "elapsed": 4138.120096, "delta": 16.37251}}
{"target": -1.0, "params": {"Bgrad": 0.9424830548471157, "d1": -0.8667710549403114, "d2": -0.31661694587457223, "d3": -2.4145891573103855, "d4": -1.0035252832669057, "p1": 15.358997312675504, "p2": 8.290443759712806, "p3": 39.89430708109344, "p4": 14.45225612935716, "pol1": -0.1532048736374656, "pol2": -0.2508520476270779, "pol3": 0.9620744612163541, "pol4": 0.289548009492403, "v0s": 7.314843999020288}, "datetime": {"datetime": "2022-04-28 16:40:34", "elapsed": 4146.585108, "delta": 8.465012}}
{"target": -1.0, "params": {"Bgrad": 1.633734325650472, "d1": 0.5382610302684934, "d2": -0.1239044703107961, "d3": -1.2649352060645849, "d4": -0.46024410342710764, "p1": 8.54277027775261, "p2": 46.91768597641431, "p3": 25.806038566209967, "p4": 7.905140319738601, "pol1": 0.35437611561591864, "pol2": 0.7572422070969176, "pol3": 0.12451902321460362, "pol4": 0.28591460197953844, "v0s": 5.849933648120652}, "datetime": {"datetime": "2022-04-28 16:40:48", "elapsed": 4161.026222, "delta": 14.441114}}
{"target": -1.0, "params": {"Bgrad": 0.7744535620366879, "d1": -2.431967520771469, "d2": -2.3026773016479734, "d3": -1.7163746227649659, "d4": -1.849937536325505, "p1": 15.697298762318512, "p2": 28.52200914896243, "p3": 7.936439315252642, "p4": 41.94149656038943, "pol1": -0.14605790016883669, "pol2": -0.9067674403525094, "pol3": -0.012855567638506926, "pol4": 0.3388605056304559, "v0s": 6.795901881987172}, "datetime": {"datetime": "2022-04-28 16:40:55", "elapsed": 4168.473887, "delta": 7.447665}}
{"target": -1.0, "params": {"Bgrad": 0.5465124066691072, "d1": -1.30364801472453, "d2": -1.9363442515955698, "d3": 0.7837066302610292, "d4": -1.98028294474855, "p1": 40.899162025335855, "p2": 24.789878426784647, "p3": 21.22689484053364, "p4": 12.990231185221097, "pol1": 0.031411418433423766, "pol2": -0.5093838068852532, "pol3": 0.7660689314838574, "pol4": -0.440479817114956, "v0s": 6.207296785217579}, "datetime": {"datetime": "2022-04-28 16:41:00", "elapsed": 4172.82834, "delta": 4.354453}}
{"target": -1.0, "params": {"Bgrad": 1.7269352648326544, "d1": -2.4788316067921814, "d2": -2.763407726680881, "d3": -0.35990813264070276, "d4": 0.850919486317991, "p1": 38.79408419274852, "p2": 31.775784878048835, "p3": 9.7263669775584, "p4": 13.596563028366631, "pol1": 0.5698646310873308, "pol2": 0.26830830575871234, "pol3": -0.06504859375107341, "pol4": 0.6894038859734237, "v0s": 6.113108810668883}, "datetime": {"datetime": "2022-04-28 16:41:12", "elapsed": 4185.429836, "delta": 12.601496}}
{"target": 4.6688201871993185, "params": {"Bgrad": 0.5184752719812193, "d1": -1.2631735789461898, "d2": 0.11691235679103906, "d3": -1.9759880207323688, "d4": -0.047173565500755466, "p1": 7.03226157890896, "p2": 15.547659316494133, "p3": 34.2674756502646, "p4": 1.568966102939523, "pol1": -0.24528737902189746, "pol2": -0.6562715390375313, "pol3": 0.6031076881920949, "pol4": -0.2549850620819716, "v0s": 4.6688201871993185}, "datetime": {"datetime": "2022-04-28 16:41:17", "elapsed": 4190.047046, "delta": 4.61721}}
{"target": -1.0, "params": {"Bgrad": 1.641982615714309, "d1": -1.394975445259968, "d2": 0.5179529362204631, "d3": -0.5158749063714789, "d4": -2.5675474745802154, "p1": 16.77406358649164, "p2": 41.17773909050989, "p3": 35.265041499657976, "p4": 13.122728444799947, "pol1": -0.7015064310320638, "pol2": -0.09095448360109404, "pol3": 0.9088444059490537, "pol4": 0.9531834562980392, "v0s": 7.884335982537975}, "datetime": {"datetime": "2022-04-28 16:41:31", "elapsed": 4204.140581, "delta": 14.093535}}
{"target": -1.0, "params": {"Bgrad": 1.7670469570287726, "d1": -0.846370565459841, "d2": 0.42268189811903945, "d3": -1.5959997970306246, "d4": 0.03567226529181333, "p1": 26.446176306508818, "p2": 47.036199813708066, "p3": 38.29673717711957, "p4": 0.6696659359530621, "pol1": -0.5051235554010529, "pol2": -0.8674560438169301, "pol3": 0.7446045190120045, "pol4": -0.4330161912386712, "v0s": 3.2806306605950013}, "datetime": {"datetime": "2022-04-28 16:41:43", "elapsed": 4216.4673, "delta": 12.326719}}
{"target": -1.0, "params": {"Bgrad": 1.8250446423091744, "d1": -0.7980002667752033, "d2": 0.2983911994362485, "d3": -0.16435116169687713, "d4": 0.17493483836581447, "p1": 46.94876983083867, "p2": 28.165194124813492, "p3": 7.479921213859731, "p4": 30.36990833738483, "pol1": 0.44035635688030395, "pol2": -0.6976525404950531, "pol3": 0.4739255715837183, "pol4": 0.22688161233065096, "v0s": 4.253225897896972}, "datetime": {"datetime": "2022-04-28 16:41:57", "elapsed": 4230.308999, "delta": 13.841699}}
{"target": -1.0, "params": {"Bgrad": 1.4984767072486431, "d1": -0.4354800995319734, "d2": -2.9508363805801463, "d3": 0.48392928794442724, "d4": -1.5686025556167005, "p1": 44.836820896970906, "p2": 12.312142986614749, "p3": 14.922126003828357, "p4": 5.236874758376114, "pol1": -0.31903481327353767, "pol2": -0.8264200490651825, "pol3": 0.4621144937910018, "pol4": -0.8526256639760152, "v0s": 2.417823661403472}, "datetime": {"datetime": "2022-04-28 16:42:33", "elapsed": 4266.154724, "delta": 35.845725}}
{"target": -1.0, "params": {"Bgrad": 1.8422389601781521, "d1": -1.7881944779569325, "d2": -2.740022648139571, "d3": -0.8305474655630478, "d4": -2.2941514038066217, "p1": 28.807208368946764, "p2": 22.466913104562835, "p3": 10.780600131563062, "p4": 34.30060991515113, "pol1": 0.2958662935197196, "pol2": 0.32062598359737526, "pol3": -0.9332628861377239, "pol4": -0.32356314396352115, "v0s": 2.1981434607262846}, "datetime": {"datetime": "2022-04-28 16:42:41", "elapsed": 4274.093623, "delta": 7.938899}}
{"target": -1.0, "params": {"Bgrad": 1.6717945670240093, "d1": -2.6442665723134553, "d2": -1.3076472259917251, "d3": -1.6524744797066595, "d4": -2.609603533560784, "p1": 18.832934656803197, "p2": 9.675667060622395, "p3": 23.94904380983248, "p4": 18.871953409262154, "pol1": 0.7980062135576413, "pol2": 0.45825449142379204, "pol3": 0.40314629131020774, "pol4": -0.36712435128619036, "v0s": 7.880274510535402}, "datetime": {"datetime": "2022-04-28 16:42:58", "elapsed": 4291.081458, "delta": 16.987835}}
{"target": -1.0, "params": {"Bgrad": 0.8996711511434625, "d1": -2.381749388541608, "d2": 0.19920672043545018, "d3": -1.4219157269769287, "d4": 0.8958940107802418, "p1": 37.26535202603546, "p2": 45.09212101250187, "p3": 31.973571429783643, "p4": 38.72866537274104, "pol1": -0.08569226991901613, "pol2": 0.9364338804094781, "pol3": 0.7476990623463751, "pol4": -0.8787246052818221, "v0s": 5.501641457423934}, "datetime": {"datetime": "2022-04-28 16:43:10", "elapsed": 4303.428691, "delta": 12.347233}}
{"target": -1.0, "params": {"Bgrad": 0.7842985443470711, "d1": -1.0440132399938569, "d2": -0.6432007704567817, "d3": 0.25700945044129986, "d4": 0.2919374211030865, "p1": 37.59020939169673, "p2": 23.49705618914697, "p3": 27.3684836523269, "p4": 37.21104868284842, "pol1": -0.6992820101874242, "pol2": 0.24813915351255678, "pol3": -0.47040008795897226, "pol4": 0.6235894479384032, "v0s": 3.6610471783052048}, "datetime": {"datetime": "2022-04-28 16:43:19", "elapsed": 4312.255144, "delta": 8.826453}}
{"target": -1.0, "params": {"Bgrad": 1.1363884256968007, "d1": -1.8494621024465459, "d2": -1.9093547033270966, "d3": 0.24351110363591877, "d4": -0.07275452629090173, "p1": 40.54943998567449, "p2": 31.9406001928283, "p3": 43.474634527783564, "p4": 24.424751065390698, "pol1": 0.13324583914661714, "pol2": 0.2698820608885215, "pol3": 0.8554185991568104, "pol4": 0.6252594970148677, "v0s": 6.274391939406594}, "datetime": {"datetime": "2022-04-28 16:43:29", "elapsed": 4321.770701, "delta": 9.515557}}
{"target": -1.0, "params": {"Bgrad": 0.5473573129563266, "d1": -0.16646344532707547, "d2": -1.7369688603801303, "d3": -0.9926876051532032, "d4": -2.407149767124042, "p1": 49.421397317437446, "p2": 14.401566706411446, "p3": 33.46907422385911, "p4": 21.702963473377103, "pol1": 0.4595702616702009, "pol2": -0.41722564915972216, "pol3": -0.48388670878964146, "pol4": 0.556406317629204, "v0s": 3.752868369266379}, "datetime": {"datetime": "2022-04-28 16:43:34", "elapsed": 4326.649656, "delta": 4.878955}}
{"target": 2.9299307126421223, "params": {"Bgrad": 1.6660696230913437, "d1": 0.7840333799635073, "d2": -0.3535786767842066, "d3": -2.8612971171445376, "d4": -2.547209864759409, "p1": 29.198697113882076, "p2": 18.573493921452773, "p3": 1.6144080815651995, "p4": 12.390415687302875, "pol1": 0.2896438693782877, "pol2": 0.4716114835045757, "pol3": -0.45441387163585767, "pol4": 0.1388062822155216, "v0s": 2.9299307126421223}, "datetime": {"datetime": "2022-04-28 16:43:38", "elapsed": 4331.530605, "delta": 4.880949}}
