{"target": -1.0, "params": {"Bgrad": 1.5377356735217917, "d1": -2.9547089909853232, "d2": -2.243311549206434, "d3": 0.30821992347747473, "d4": 0.312873488824585, "p1": 23.581079193169813, "p2": 39.41038918301765, "p3": 45.442953266010555, "p4": 37.16265843750537, "pol1": 0.867398386735702, "pol2": 0.7805789969803638, "pol3": -0.4016785645340808, "pol4": 0.5588687384289812, "v0s": 5.806370575922346}, "datetime": {"datetime": "2022-06-16 01:02:32", "elapsed": 255599.106962, "delta": 19.531795}}
{"target": -1.0, "params": {"Bgrad": 0.5759222650259921, "d1": -0.7559501713180685, "d2": 0.8254428549861181, "d3": -2.304384843842281, "d4": -2.749623393686949, "p1": 0.8325517194296972, "p2": 20.51190125659195, "p3": 30.24980143007192, "p4": 15.0657706940577, "pol1": -0.6319586630391409, "pol2": -0.30533242391909776, "pol3": -0.5748662608443909, "pol4": -0.13651109106800452, "v0s": 3.5425153177656132}, "datetime": {"datetime": "2022-06-16 01:02:43", "elapsed": 255610.948312, "delta": 11.84135}}
{"target": -1.0, "params": {"Bgrad": 0.7312811026299061, "d1": 0.19114907166636286, "d2": -0.24429791069554208, "d3": 0.04922514235065245, "d4": 0.9476002669272989, "p1": 2.8043385886853898, "p2": 23.846950317049735, "p3": 14.092968076640933, "p4": 5.578966044372602, "pol1": -0.7228797156970346, "pol2": -0.3848497945831093, "pol3": 0.8955573158489645, "pol4": 0.5891293809653364, "v0s": 7.392181437252322}, "datetime": {"datetime": "2022-06-16 01:02:55", "elapsed": 255622.636072, "delta": 11.68776}}
{"target": -1.0, "params": {"Bgrad": 0.6302376624009012, "d1": 0.1579660784479029, "d2": -1.4421972329989572, "d3": -1.1463237116239569, "d4": -0.97453869473906, "p1": 18.57500831492081, "p2": 2.4582058528534234, "p3": 22.631815395988042, "p4": 32.081283076050255, "pol1": 0.7186780291395232, "pol2": -0.772733659638994, "pol3": -0.9062700840515785, "pol4": 0.5539855579557278, "v0s": 3.761076574069486}, "datetime": {"datetime": "2022-06-16 01:03:09", "elapsed": 255636.122027, "delta": 13.485955}}
{"target": -1.0, "params": {"Bgrad": 1.5390467805324084, "d1": -0.30040673620840996, "d2": -1.7473219177399644, "d3": -0.5929933020856262, "d4": 0.8210317438411994, "p1": 28.656304037022252, "p2": 15.343713652012287, "p3": 17.104192540514806, "p4": 6.822340667513877, "pol1": -0.11442502634535034, "pol2": -0.6718035489651426, "pol3": -0.5720307953220793, "pol4": -0.373753177974786, "v0s": 3.7927807484508955}, "datetime": {"datetime": "2022-06-16 01:03:27", "elapsed": 255654.88388, "delta": 18.761853}}
{"target": -1.0, "params": {"Bgrad": 1.2421776889445992, "d1": -0.7886003367870544, "d2": -2.461489742732725, "d3": -2.6374094611782226, "d4": -1.1166212076884436, "p1": 14.90020603678523, "p2": 33.30649591623317, "p3": 24.17314078728645, "p4": 6.549417198283986, "pol1": 0.8261416311751935, "pol2": 0.3840285056416193, "pol3": -0.3625964247825135, "pol4": -0.00013295799716206425, "v0s": 6.306452787104995}, "datetime": {"datetime": "2022-06-16 01:03:47", "elapsed": 255674.795659, "delta": 19.911779}}
{"target": 3.2750694889262615, "params": {"Bgrad": 1.8752387613421138, "d1": -1.8669630995016955, "d2": 0.8700434646599757, "d3": -2.5886792680753383, "d4": 0.11197637700908425, "p1": 48.834499310427425, "p2": 44.93616900675049, "p3": 6.956113329401948, "p4": 20.668284493604812, "pol1": -0.10673840414822333, "pol2": 0.8873594298230763, "pol3": -0.8019870441656609, "pol4": -0.355371490015846, "v0s": 3.2750694889262615}, "datetime": {"datetime": "2022-06-16 01:04:01", "elapsed": 255688.259671, "delta": 13.464012}}
{"target": -1.0, "params": {"Bgrad": 0.6194826262021188, "d1": -2.0441172606922926, "d2": -2.4007653394581805, "d3": -2.4732358330051216, "d4": -2.8003051732204476, "p1": 16.77964166580523, "p2": 17.744064418253515, "p3": 39.52173678339034, "p4": 30.899266270704317, "pol1": 0.9384925086263247, "pol2": -0.7247241360845114, "pol3": 0.6201621199854752, "pol4": -0.5390151178182931, "v0s": 4.548365960428313}, "datetime": {"datetime": "2022-06-16 01:04:11", "elapsed": 255698.999965, "delta": 10.740294}}
{"target": -1.0, "params": {"Bgrad": 1.6895371446505059, "d1": -0.3808084761544732, "d2": -0.8237795720137959, "d3": -0.08561588656457353, "d4": -0.12752884593309277, "p1": 22.428861523574422, "p2": 27.324924343014363, "p3": 2.124672773470482, "p4": 7.034413565770775, "pol1": -0.7515512549536243, "pol2": -0.8565171506248597, "pol3": -0.4877463178868162, "pol4": -0.4947894772428878, "v0s": 5.915801486050048}, "datetime": {"datetime": "2022-06-16 01:04:34", "elapsed": 255721.963587, "delta": 22.963622}}
{"target": -1.0, "params": {"Bgrad": 0.9083143868133453, "d1": -2.317465985662867, "d2": -2.1090256446915023, "d3": -1.8565236098969402, "d4": -2.3589203816975104, "p1": 39.80920064779793, "p2": 24.726614098790556, "p3": 24.676732761994963, "p4": 31.08636696167575, "pol1": -0.7259729335154577, "pol2": -0.9680963928362123, "pol3": 0.1224130306146487, "pol4": -0.8170747205461497, "v0s": 6.018833725287505}, "datetime": {"datetime": "2022-06-16 01:04:49", "elapsed": 255736.984438, "delta": 15.020851}}
{"target": -1.0, "params": {"Bgrad": 1.1315503914556746, "d1": -0.6242352867183891, "d2": -1.3544788168512847, "d3": -0.9861177636956189, "d4": -2.8505337710579752, "p1": 39.57340165313668, "p2": 23.16124338298473, "p3": 27.589702844617186, "p4": 28.582026157440854, "pol1": -0.25089820333881474, "pol2": -0.48934901923589225, "pol3": -0.5852827744828031, "pol4": 0.4297133907265793, "v0s": 3.929575123926755}, "datetime": {"datetime": "2022-06-16 01:05:16", "elapsed": 255763.702029, "delta": 26.717591}}
{"target": -1.0, "params": {"Bgrad": 0.9899681862518475, "d1": -1.7180325543821966, "d2": 0.5497964270387294, "d3": -1.241003124292976, "d4": 0.12905036203515463, "p1": 13.706571012110347, "p2": 15.517086313408345, "p3": 30.482277166866805, "p4": 34.64152869432816, "pol1": -0.2725592719459131, "pol2": 0.7792424400989602, "pol3": 0.6494364007724331, "pol4": -0.2680756460476923, "v0s": 5.3964102079728455}, "datetime": {"datetime": "2022-06-16 01:05:35", "elapsed": 255782.289346, "delta": 18.587317}}
{"target": -1.0, "params": {"Bgrad": 1.7756127601574747, "d1": -1.0209347447064823, "d2": 0.988284966508997, "d3": -2.975266630075561, "d4": -1.367454945836717, "p1": 48.017123231036265, "p2": 31.37797369280042, "p3": 42.95691122020184, "p4": 2.228205733723759, "pol1": 0.8854270841847047, "pol2": -0.768325144157249, "pol3": -0.737943234732207, "pol4": 0.3732125962733146, "v0s": 2.185529859547904}, "datetime": {"datetime": "2022-06-16 01:05:42", "elapsed": 255789.353465, "delta": 7.064119}}
{"target": -1.0, "params": {"Bgrad": 1.3544014794072379, "d1": -2.919521563391018, "d2": -1.8580679481604276, "d3": -0.42838451464593064, "d4": -2.7666998715392768, "p1": 48.65642365840118, "p2": 27.456453580722272, "p3": 38.21206234741485, "p4": 13.982392566234253, "pol1": 0.5603046876852948, "pol2": -0.3624694734468834, "pol3": -0.4682691861878996, "pol4": -0.9133071043925511, "v0s": 7.169907087333929}, "datetime": {"datetime": "2022-06-16 01:06:09", "elapsed": 255816.451038, "delta": 27.097573}}
{"target": -1.0, "params": {"Bgrad": 0.9345519960748958, "d1": -0.6366602473751133, "d2": -0.041611720169921096, "d3": 0.7786976056439894, "d4": -1.031115207706356, "p1": 37.3352147697527, "p2": 7.165588051623684, "p3": 11.134198521997613, "p4": 23.544007776548604, "pol1": -0.04450498078507259, "pol2": 0.005140233462229693, "pol3": -0.8412013135867877, "pol4": 0.06866874589998906, "v0s": 5.574739461802472}, "datetime": {"datetime": "2022-06-16 01:06:31", "elapsed": 255838.907017, "delta": 22.455979}}
{"target": -1.0, "params": {"Bgrad": 1.3148500831625989, "d1": -1.6279293805753339, "d2": -0.7444779683554934, "d3": -0.9049901036859964, "d4": -2.305014579707586, "p1": 25.83849811574188, "p2": 12.911806185012686, "p3": 27.435448084277436, "p4": 26.171903140068952, "pol1": 0.23216936161846768, "pol2": 0.39820418376402156, "pol3": -0.617295329847295, "pol4": 0.8331917355086276, "v0s": 5.939205876132164}, "datetime": {"datetime": "2022-06-16 01:06:50", "elapsed": 255857.732699, "delta": 18.825682}}
{"target": -1.0, "params": {"Bgrad": 1.6422846714708654, "d1": 0.9071667021992544, "d2": -1.104399869389244, "d3": -0.6589455149294801, "d4": -1.0587265725558601, "p1": 7.7713194399377965, "p2": 10.619981631873888, "p3": 40.42105816641886, "p4": 2.3564033114685023, "pol1": -0.9870877187660021, "pol2": -0.8871085219418684, "pol3": -0.1344553103322701, "pol4": 0.9558434048438418, "v0s": 6.441060668961191}, "datetime": {"datetime": "2022-06-16 01:07:12", "elapsed": 255879.818667, "delta": 22.085968}}
{"target": 3.3911968919855218, "params": {"Bgrad": 1.9214495847029314, "d1": 0.9629700112040189, "d2": -1.2220361907415236, "d3": -0.9082811192586959, "d4": -1.4291414663154005, "p1": 16.883743873628497, "p2": 41.634770769152574, "p3": 47.303725568368044, "p4": 45.22439194050033, "pol1": 0.5956829482827024, "pol2": -0.6999439497103217, "pol3": 0.795781075869316, "pol4": -0.7889990992427494, "v0s": 3.3911968919855218}, "datetime": {"datetime": "2022-06-16 01:07:24", "elapsed": 255891.345857, "delta": 11.52719}}
{"target": 6.149730130222875, "params": {"Bgrad": 1.7468378419343558, "d1": -1.923334183272528, "d2": 0.26180576604697947, "d3": -0.37946350319193023, "d4": -1.5678965871409276, "p1": 6.14544633737279, "p2": 0.07348573280939186, "p3": 34.12846657686132, "p4": 9.62434092727812, "pol1": 0.9203664245698819, "pol2": -0.02233196509001556, "pol3": -0.16558077573674868, "pol4": 0.10824542271403192, "v0s": 6.149730130222875}, "datetime": {"datetime": "2022-06-16 01:07:43", "elapsed": 255910.916548, "delta": 19.570691}}
{"target": -1.0, "params": {"Bgrad": 1.7676166435467737, "d1": -1.6914551356066156, "d2": -2.867690448028339, "d3": 0.5537948800735313, "d4": 0.09871360890074099, "p1": 16.163597229765507, "p2": 39.876427511174256, "p3": 34.555808098786144, "p4": 16.912119781330347, "pol1": 0.23573619469616247, "pol2": 0.28371382040259374, "pol3": 0.719312566612567, "pol4": -0.8060461849746807, "v0s": 4.424373044342867}, "datetime": {"datetime": "2022-06-16 01:08:03", "elapsed": 255930.896146, "delta": 19.979598}}
{"target": -1.0, "params": {"Bgrad": 1.6496586017311252, "d1": -2.6298771098788105, "d2": -1.129129327020968, "d3": 0.5473095553232126, "d4": -0.3535850608007598, "p1": 45.17607456606374, "p2": 31.141784381687295, "p3": 46.05240485444057, "p4": 17.1335026582956, "pol1": -0.6893177552618863, "pol2": -0.1824604247986421, "pol3": -0.25563332923200455, "pol4": -0.016698884300947903, "v0s": 3.5358413163701634}, "datetime": {"datetime": "2022-06-16 01:08:30", "elapsed": 255957.54791, "delta": 26.651764}}
{"target": 4.622733090022178, "params": {"Bgrad": 1.1211574233535053, "d1": -1.0062437668037147, "d2": 0.7522141918005234, "d3": -0.25073776841934814, "d4": -2.810200019230976, "p1": 39.40365816709799, "p2": 40.795472386475964, "p3": 31.975446914686746, "p4": 37.09426357743482, "pol1": 0.10747393697412844, "pol2": 0.5992560467631542, "pol3": 0.3688887406869694, "pol4": 0.17255286279308013, "v0s": 4.622733090022178}, "datetime": {"datetime": "2022-06-16 01:08:42", "elapsed": 255970.043511, "delta": 12.495601}}
{"target": -1.0, "params": {"Bgrad": 0.9446268629058647, "d1": -0.09015991610877894, "d2": -1.4548786001120413, "d3": -1.9617753964339908, "d4": 0.35948767926099645, "p1": 45.194370783541586, "p2": 31.99714226520821, "p3": 8.376529512731096, "p4": 41.75715877267874, "pol1": 0.0340708626652626, "pol2": 0.9606163524203681, "pol3": 0.45080871873096795, "pol4": -0.8234310966226073, "v0s": 6.120961705330749}, "datetime": {"datetime": "2022-06-16 01:09:01", "elapsed": 255988.879167, "delta": 18.835656}}
{"target": -1.0, "params": {"Bgrad": 0.6528706621004641, "d1": -2.7049235489619967, "d2": 0.4007276892098335, "d3": -0.40822798036773467, "d4": 0.026472235796746624, "p1": 23.363557686867644, "p2": 12.577101360539967, "p3": 16.504827709502614, "p4": 6.4527074604593615, "pol1": 0.3515326729242776, "pol2": 0.8046241270497476, "pol3": 0.3336337520504564, "pol4": -0.8330196425884218, "v0s": 7.432645120780055}, "datetime": {"datetime": "2022-06-16 01:09:15", "elapsed": 256002.6723, "delta": 13.793133}}
{"target": -1.0, "params": {"Bgrad": 1.1706843332100274, "d1": 0.5770504013748345, "d2": 0.10927145066345689, "d3": -2.585121078486335, "d4": 0.48767221010558215, "p1": 3.4244878046447216, "p2": 8.474269431349619, "p3": 3.7871027690584427, "p4": 13.272471087375365, "pol1": -0.19975652914152553, "pol2": -0.14431432346784856, "pol3": 0.8570180682452628, "pol4": -0.41466563933484757, "v0s": 6.816246663522387}, "datetime": {"datetime": "2022-06-16 01:09:33", "elapsed": 256020.206434, "delta": 17.534134}}
{"target": -1.0, "params": {"Bgrad": 0.7006200036455336, "d1": -0.0870475675183604, "d2": -0.9472396016621412, "d3": -2.2400210153594293, "d4": -0.37013957621875004, "p1": 41.89497284057837, "p2": 0.9905338612898718, "p3": 33.234980079208846, "p4": 23.53282986738539, "pol1": -0.3075194701675541, "pol2": 0.19245694590136164, "pol3": -0.22263761593778186, "pol4": -0.9534491311914495, "v0s": 7.860499463390249}, "datetime": {"datetime": "2022-06-16 01:09:45", "elapsed": 256032.207358, "delta": 12.000924}}
{"target": -1.0, "params": {"Bgrad": 1.432090373266956, "d1": -2.19552646964548, "d2": -1.8412548699461349, "d3": -0.32389585320627967, "d4": -0.358644988419464, "p1": 26.147497392125807, "p2": 16.423221497133177, "p3": 31.570096932784185, "p4": 20.408899872521204, "pol1": 0.5501145438413118, "pol2": 0.27852521414468034, "pol3": -0.41133813782962725, "pol4": 0.8044910766743307, "v0s": 4.847431700966126}, "datetime": {"datetime": "2022-06-16 01:10:06", "elapsed": 256053.420658, "delta": 21.2133}}
{"target": -1.0, "params": {"Bgrad": 1.4560559535391338, "d1": -1.348628705204331, "d2": -2.364210327433188, "d3": 0.62608171210473, "d4": -0.9090985070949023, "p1": 41.07606925325689, "p2": 28.89260818238144, "p3": 13.048818709043019, "p4": 6.794814318528569, "pol1": -0.0060486259824577004, "pol2": -0.8137991671382889, "pol3": -0.9889690079122031, "pol4": 0.4465868175319514, "v0s": 6.324327103425739}, "datetime": {"datetime": "2022-06-16 01:10:22", "elapsed": 256069.104737, "delta": 15.684079}}
{"target": -1.0, "params": {"Bgrad": 1.2577703393803232, "d1": 0.22358853327365003, "d2": -2.1794668920827136, "d3": 0.24550842300408826, "d4": -2.892249566355105, "p1": 12.874766515073798, "p2": 39.200538875769844, "p3": 29.847185997203646, "p4": 17.82127137893455, "pol1": 0.08149446984274422, "pol2": -0.7124266516275892, "pol3": -0.9456246099446501, "pol4": 0.46774725548055174, "v0s": 2.2982535447033907}, "datetime": {"datetime": "2022-06-16 01:10:38", "elapsed": 256086.032492, "delta": 16.927755}}
{"target": -1.0, "params": {"Bgrad": 1.8374747200800412, "d1": -2.050217224444351, "d2": -2.148091157657158, "d3": -1.1966689398412633, "d4": 0.8632323418027745, "p1": 27.296102108314273, "p2": 9.577079595291005, "p3": 37.02083950427551, "p4": 5.386394364081953, "pol1": -0.9422471968255797, "pol2": -0.8577585985741882, "pol3": 0.416979180851645, "pol4": -0.26229358317425655, "v0s": 2.0594093887687857}, "datetime": {"datetime": "2022-06-16 01:10:50", "elapsed": 256097.724242, "delta": 11.69175}}
{"target": -1.0, "params": {"Bgrad": 0.9905124945932193, "d1": -2.2310024613174964, "d2": -0.12193935912242448, "d3": -0.0650303817743847, "d4": -1.1676276925908646, "p1": 12.944691152525396, "p2": 39.880895733322944, "p3": 7.09078736457876, "p4": 21.74859919904002, "pol1": -0.35067880844185395, "pol2": 0.45766338851042554, "pol3": 0.8615712085449858, "pol4": 0.28479173684847514, "v0s": 2.1280140030027233}, "datetime": {"datetime": "2022-06-16 01:11:05", "elapsed": 256112.668299, "delta": 14.944057}}
{"target": -1.0, "params": {"Bgrad": 0.5239839466927019, "d1": -2.0833786633648455, "d2": -1.3748507298407664, "d3": 0.12623520965742152, "d4": -1.0767508917979285, "p1": 32.24202888141905, "p2": 41.74036280148676, "p3": 35.01644919433076, "p4": 8.059190620260848, "pol1": -0.7441702093613713, "pol2": -0.7092970579154767, "pol3": 0.09089943302738823, "pol4": 0.9817685096011171, "v0s": 7.650559132112464}, "datetime": {"datetime": "2022-06-16 01:11:21", "elapsed": 256128.648587, "delta": 15.980288}}
{"target": -1.0, "params": {"Bgrad": 0.6565222430037583, "d1": 0.37577306822661427, "d2": 0.9520949029623025, "d3": -1.0067611989803398, "d4": 0.9103082756509528, "p1": 29.056121684365895, "p2": 36.75802980423947, "p3": 35.440888151351345, "p4": 4.349927948954868, "pol1": -0.835443030639216, "pol2": -0.3478380624085915, "pol3": -0.13687573402634, "pol4": -0.6378898254772274, "v0s": 4.311053537820888}, "datetime": {"datetime": "2022-06-16 01:11:32", "elapsed": 256139.83768, "delta": 11.189093}}
{"target": -1.0, "params": {"Bgrad": 1.9784783615324515, "d1": -1.0037893734504033, "d2": -2.8271864009786634, "d3": -0.43968446078567336, "d4": -1.199508949712813, "p1": 0.8451160334893515, "p2": 7.03443812493213, "p3": 2.1669770992563455, "p4": 39.742220656656244, "pol1": -0.5829752754444508, "pol2": -0.82629966719149, "pol3": -0.6372054679538939, "pol4": -0.27856545016917234, "v0s": 2.5754805123309694}, "datetime": {"datetime": "2022-06-16 01:11:41", "elapsed": 256148.108573, "delta": 8.270893}}
{"target": -1.0, "params": {"Bgrad": 1.0296520999085865, "d1": -2.0461108309959055, "d2": -2.288838246517179, "d3": 0.2694259270032675, "d4": -0.8569189937761337, "p1": 31.064437963223845, "p2": 29.57901562487466, "p3": 42.18673898570317, "p4": 42.58310841633254, "pol1": -0.781346817003435, "pol2": -0.6943428175032647, "pol3": -0.3861929118190459, "pol4": -0.6066604513517875, "v0s": 5.108372160825203}, "datetime": {"datetime": "2022-06-16 01:11:58", "elapsed": 256165.179944, "delta": 17.071371}}
{"target": -1.0, "params": {"Bgrad": 1.7367748219826544, "d1": -1.7143671020079196, "d2": 0.45057058270845785, "d3": -2.2111960033451985, "d4": -2.867004025978622, "p1": 40.490766674360145, "p2": 32.59286754478372, "p3": 10.024781812352213, "p4": 21.78888827139367, "pol1": -0.6239144320794576, "pol2": 0.9641725484851669, "pol3": -0.3695201324656763, "pol4": -0.17337698804485346, "v0s": 5.299424719784331}, "datetime": {"datetime": "2022-06-16 01:12:18", "elapsed": 256185.210406, "delta": 20.030462}}
{"target": -1.0, "params": {"Bgrad": 1.4079581785531576, "d1": -0.1250281693465367, "d2": 0.5585144815054539, "d3": 0.40435502866385953, "d4": -0.41265875500093996, "p1": 43.88673007658094, "p2": 29.895867556203516, "p3": 43.43136339936724, "p4": 18.371807290260744, "pol1": -0.7269244795363738, "pol2": 0.3095346741242908, "pol3": 0.49427432010303907, "pol4": -0.7979545790966576, "v0s": 6.65264677858607}, "datetime": {"datetime": "2022-06-16 01:12:39", "elapsed": 256206.474571, "delta": 21.264165}}
{"target": 5.524472082669567, "params": {"Bgrad": 0.7066329576721344, "d1": -2.8922320604343, "d2": -0.04805108508839062, "d3": -0.6448889943944525, "d4": -0.2848063541823045, "p1": 31.58017758270915, "p2": 42.66972650702343, "p3": 7.017495968907999, "p4": 15.76710640767065, "pol1": 0.8562278732745832, "pol2": -0.49610616776301875, "pol3": 0.9545343324869366, "pol4": 0.6246880318862262, "v0s": 5.524472082669567}, "datetime": {"datetime": "2022-06-16 01:12:50", "elapsed": 256217.558944, "delta": 11.084373}}
{"target": -1.0, "params": {"Bgrad": 1.7157224046804882, "d1": -2.2528627888987787, "d2": -2.210114431686399, "d3": -1.5152044228429618, "d4": 0.3572224777723738, "p1": 41.91861189207082, "p2": 10.406774886725062, "p3": 24.839871594346608, "p4": 30.87643644764429, "pol1": -0.8896639828897457, "pol2": -0.3523403447077409, "pol3": 0.31543539802111087, "pol4": -0.8421154330789267, "v0s": 5.477547741241975}, "datetime": {"datetime": "2022-06-16 01:13:08", "elapsed": 256235.692476, "delta": 18.133532}}
{"target": -1.0, "params": {"Bgrad": 0.9960002084021639, "d1": -0.9521661836053505, "d2": -1.3466366519976067, "d3": -0.9653369585114326, "d4": -0.2569898183692536, "p1": 28.107933842952153, "p2": 37.98004688954351, "p3": 39.88620832682341, "p4": 29.05983960373722, "pol1": 0.011855863953446288, "pol2": -0.6354551064484333, "pol3": -0.5760024558037471, "pol4": 0.7829386218846235, "v0s": 3.5550423423883375}, "datetime": {"datetime": "2022-06-16 01:13:25", "elapsed": 256252.709991, "delta": 17.017515}}
{"target": -1.0, "params": {"Bgrad": 1.089912596114374, "d1": 0.0007850038956447314, "d2": -2.9442912262076737, "d3": -1.7774794090497315, "d4": -0.2230509156508984, "p1": 30.753872281038884, "p2": 11.536121148762868, "p3": 25.479246789484343, "p4": 35.93029889026057, "pol1": 0.6128923750033941, "pol2": -0.8992560433232033, "pol3": 0.27105598310719303, "pol4": 0.09493677848328241, "v0s": 6.520356700833987}, "datetime": {"datetime": "2022-06-16 01:13:46", "elapsed": 256273.43759, "delta": 20.727599}}
{"target": -1.0, "params": {"Bgrad": 0.9356818077211253, "d1": -0.5026083147732621, "d2": -1.021017354650826, "d3": 0.666386166249263, "d4": 0.11620981156496768, "p1": 13.022236894944033, "p2": 16.102009907089858, "p3": 30.654845465843678, "p4": 8.333668238108555, "pol1": 0.7272806185168832, "pol2": 0.529198383881037, "pol3": 0.7647744965684447, "pol4": 0.22067511833185405, "v0s": 3.0981295728287455}, "datetime": {"datetime": "2022-06-16 01:14:03", "elapsed": 256290.157899, "delta": 16.720309}}
{"target": 2.4934204349111306, "params": {"Bgrad": 1.6413011328387341, "d1": -0.14890732172227228, "d2": -2.7428195900080055, "d3": -0.8864467829539673, "d4": -2.9238891294687, "p1": 21.054758502422168, "p2": 24.65848356759912, "p3": 15.032804291280582, "p4": 38.818460481799654, "pol1": 0.6350588163172455, "pol2": -0.1978758526103599, "pol3": -0.4818404795024933, "pol4": 0.384729575789182, "v0s": 2.4934204349111306}, "datetime": {"datetime": "2022-06-16 01:14:18", "elapsed": 256305.390186, "delta": 15.232287}}
