{"target": -1.0, "params": {"Bgrad": 1.8814345746138066, "d1": -1.70075938719273, "d2": -0.5210713969869052, "d3": -1.5013598697335153, "d4": -1.8336080369290428, "p1": 28.063362128212226, "p2": 32.287072783678965, "p3": 6.478984932944059, "p4": 46.82668835029829, "pol1": 0.8246245711045226, "pol2": -0.5644222981054186, "pol3": -0.5095550007064702, "pol4": -0.4674414036577117, "v0s": 4.415881045277326}, "datetime": {"datetime": "2022-05-16 23:40:51", "elapsed": 14267.073546, "delta": 15.996215}}
{"target": 4.437344432533543, "params": {"Bgrad": 1.011152135006826, "d1": -2.46983644133967, "d2": -0.5621555181154949, "d3": -1.397294228106962, "d4": -3.0, "p1": 3.0542429413795085, "p2": 33.008718609912115, "p3": 31.180170743498355, "p4": 38.318164728009194, "pol1": 0.1625001688929177, "pol2": -0.13577325379521923, "pol3": 0.5539666323196237, "pol4": -1.0, "v0s": 4.437344432533543}, "datetime": {"datetime": "2022-05-16 23:41:03", "elapsed": 14279.058491, "delta": 11.984945}}
{"target": 3.52664885533643, "params": {"Bgrad": 0.8582588964235207, "d1": -1.5075173984329706, "d2": -0.5166068387841594, "d3": -2.3468785842468507, "d4": -0.6479529078754855, "p1": 32.621827099814446, "p2": 4.966328232129985, "p3": 5.834387900258786, "p4": 24.48185927490917, "pol1": 0.08688059839226847, "pol2": -0.005489551697556161, "pol3": -0.30683749664253956, "pol4": -0.7940466833668296, "v0s": 3.52664885533643}, "datetime": {"datetime": "2022-05-16 23:41:16", "elapsed": 14291.817366, "delta": 12.758875}}
{"target": -1.0, "params": {"Bgrad": 1.3003762647081558, "d1": -2.2605805865495863, "d2": -0.36330707099140325, "d3": -1.2709249660874247, "d4": -1.4599304934590362, "p1": 1.5790362683413328, "p2": 28.895806170705075, "p3": 31.47729655853164, "p4": 37.24989148761356, "pol1": 0.23662807080125314, "pol2": 0.9157638046498295, "pol3": 0.8579330553886242, "pol4": -0.5298638227248746, "v0s": 2.521046604055336}, "datetime": {"datetime": "2022-05-16 23:41:26", "elapsed": 14301.417689, "delta": 9.600323}}
{"target": -1.0, "params": {"Bgrad": 1.732243769247647, "d1": -2.749681064714614, "d2": 0.5814113125695073, "d3": 0.3165293721406077, "d4": -2.095943030173317, "p1": 7.593698174742858, "p2": 37.691764301999, "p3": 38.339618034800885, "p4": 35.73830316242587, "pol1": 0.00036636696572167615, "pol2": -0.21607179053105585, "pol3": 0.778919678432709, "pol4": 0.049601491760911776, "v0s": 3.1140265824801414}, "datetime": {"datetime": "2022-05-16 23:41:39", "elapsed": 14314.840787, "delta": 13.423098}}
{"target": -1.0, "params": {"Bgrad": 1.3592253196607853, "d1": -0.9056540016300065, "d2": -0.5316683176162251, "d3": -1.155319210612066, "d4": -2.0999582108703256, "p1": 10.53404950066788, "p2": 38.859809238110074, "p3": 44.35491664214288, "p4": 32.88733477558054, "pol1": -0.26458686432519185, "pol2": -0.8555924730428717, "pol3": 0.15283690514366932, "pol4": -0.630502034063388, "v0s": 4.79705504694758}, "datetime": {"datetime": "2022-05-16 23:41:56", "elapsed": 14331.959002, "delta": 17.118215}}
{"target": 5.560476391377687, "params": {"Bgrad": 1.3666743556403829, "d1": -2.0748287523869027, "d2": 0.7209103528033527, "d3": -2.6539542468174058, "d4": -0.1957306938922443, "p1": 5.796896021513382, "p2": 35.37820532475307, "p3": 31.14423046831782, "p4": 39.94581465311867, "pol1": 0.593833084493748, "pol2": -0.5570834563477471, "pol3": -0.7801011271987426, "pol4": -0.9638077100153954, "v0s": 5.560476391377687}, "datetime": {"datetime": "2022-05-16 23:42:08", "elapsed": 14343.754454, "delta": 11.795452}}
{"target": 4.177050704189544, "params": {"Bgrad": 1.5548859337620984, "d1": -0.016154869264286546, "d2": -0.3748986394744561, "d3": -1.6942602407646206, "d4": -1.9540578506359656, "p1": 26.977157046214817, "p2": 8.640583357890415, "p3": 39.08886717982868, "p4": 30.207314486128773, "pol1": 0.12341168978962389, "pol2": -0.4047007149513799, "pol3": -0.1642162859933291, "pol4": 0.36670131569312675, "v0s": 4.177050704189544}, "datetime": {"datetime": "2022-05-16 23:42:21", "elapsed": 14356.335803, "delta": 12.581349}}
{"target": 3.0151503469069807, "params": {"Bgrad": 1.0471766806352958, "d1": -2.8781984082155563, "d2": 0.7426549780157061, "d3": -2.911130468066516, "d4": -1.896349762927152, "p1": 25.919583749829204, "p2": 26.85166619489607, "p3": 5.551588318985562, "p4": 45.09521931145139, "pol1": 0.04844097349423193, "pol2": 0.7376638114138512, "pol3": 0.144684092469074, "pol4": -0.5324355358387571, "v0s": 3.0151503469069807}, "datetime": {"datetime": "2022-05-16 23:42:35", "elapsed": 14370.353312, "delta": 14.017509}}
{"target": 4.094806656372853, "params": {"Bgrad": 0.5480977833767462, "d1": -2.5773616471929213, "d2": -0.3186997584420648, "d3": -1.4301001849938029, "d4": -0.3658866622785135, "p1": 27.38200423943097, "p2": 12.931782288432824, "p3": 35.1614396484547, "p4": 24.711427367605417, "pol1": -0.5589560690393824, "pol2": 0.9751117060200645, "pol3": 0.8762451832263431, "pol4": -0.41078816898707493, "v0s": 4.094806656372853}, "datetime": {"datetime": "2022-05-16 23:42:42", "elapsed": 14377.395477, "delta": 7.042165}}
{"target": -1.0, "params": {"Bgrad": 1.5547569351815858, "d1": -1.3660734425605283, "d2": -1.0157711852457654, "d3": -2.391507154182419, "d4": -2.991819393877416, "p1": 10.39456385017911, "p2": 36.55468771875032, "p3": 45.59269488743564, "p4": 34.11644392074226, "pol1": -0.5745110312574533, "pol2": 0.7867877321054697, "pol3": 0.6112020011978023, "pol4": 0.6720317362484156, "v0s": 7.708588007961329}, "datetime": {"datetime": "2022-05-16 23:42:58", "elapsed": 14393.444551, "delta": 16.049074}}
{"target": -1.0, "params": {"Bgrad": 0.6885540136766752, "d1": -1.4127227409049388, "d2": -0.19803289867177565, "d3": -2.174796359828963, "d4": -1.9696128616167092, "p1": 26.89399663439524, "p2": 11.470480241945019, "p3": 11.936267645749881, "p4": 23.8182171485466, "pol1": 0.9365529729741497, "pol2": 0.08959985773939305, "pol3": -0.9177197555533814, "pol4": -0.5450144046375656, "v0s": 4.607393922383074}, "datetime": {"datetime": "2022-05-16 23:43:11", "elapsed": 14406.678157, "delta": 13.233606}}
{"target": 3.247634883818327, "params": {"Bgrad": 1.5289185585570186, "d1": -0.7759332064158606, "d2": -1.367520150604499, "d3": -1.589086538101105, "d4": -2.264313075055836, "p1": 28.873402697583668, "p2": 10.835755815248932, "p3": 31.712608032493378, "p4": 26.99084932335163, "pol1": -0.1733077683194566, "pol2": 0.6932773794156148, "pol3": 0.18696095347933506, "pol4": 0.6328840566820442, "v0s": 3.247634883818327}, "datetime": {"datetime": "2022-05-16 23:43:21", "elapsed": 14416.737252, "delta": 10.059095}}
{"target": -1.0, "params": {"Bgrad": 0.5836172057597774, "d1": -0.22665702136963306, "d2": -0.8172085372284159, "d3": 0.15388650061778542, "d4": -0.8072536482776109, "p1": 26.04148347326668, "p2": 7.276221574511455, "p3": 39.73919661646265, "p4": 29.67716921018632, "pol1": 0.37599040657262184, "pol2": -0.4192566063239265, "pol3": 0.13577577587448197, "pol4": 0.6008006659659928, "v0s": 3.9623904990761254}, "datetime": {"datetime": "2022-05-16 23:43:34", "elapsed": 14429.490143, "delta": 12.752891}}
{"target": -1.0, "params": {"Bgrad": 0.7806291800983397, "d1": -2.7929216674268873, "d2": -0.6832698734734692, "d3": -0.9108462663875181, "d4": -2.2997891801061003, "p1": 40.71795139819349, "p2": 23.09391702650265, "p3": 16.168143171797894, "p4": 10.488493330477466, "pol1": -0.5413209485201229, "pol2": -0.21751622177380114, "pol3": -0.44670995469021424, "pol4": 0.7033948321187526, "v0s": 5.167638644531509}, "datetime": {"datetime": "2022-05-16 23:43:45", "elapsed": 14440.656278, "delta": 11.166135}}
{"target": 4.788944082202629, "params": {"Bgrad": 1.3725630365622505, "d1": -2.152880509321, "d2": 0.7532148904591518, "d3": -2.3134742494159273, "d4": -0.8910520529647253, "p1": 4.395405355549063, "p2": 34.71216597895119, "p3": 32.158165956240445, "p4": 39.289789673471226, "pol1": 0.3632078888594092, "pol2": -0.16491263315631283, "pol3": -0.2707310591038976, "pol4": -0.3695147126940168, "v0s": 4.788944082202629}, "datetime": {"datetime": "2022-05-16 23:43:55", "elapsed": 14450.857992, "delta": 10.201714}}
{"target": 5.550602838511499, "params": {"Bgrad": 1.3240793917176386, "d1": -2.552195920450241, "d2": 0.5950879938177183, "d3": -0.5023669260018523, "d4": -0.9102088454422566, "p1": 10.97370034097141, "p2": 26.42246157048752, "p3": 42.482460501107894, "p4": 27.255228365419935, "pol1": 0.6734659277003692, "pol2": -0.1681390818142239, "pol3": 0.407749763975999, "pol4": -0.1789887038804575, "v0s": 5.550602838511499}, "datetime": {"datetime": "2022-05-16 23:44:07", "elapsed": 14463.030435, "delta": 12.172443}}
{"target": -1.0, "params": {"Bgrad": 0.5, "d1": -2.032974957601221, "d2": -0.054531566181998316, "d3": -2.541735336488292, "d4": -0.8257269339580675, "p1": 34.72876878257274, "p2": 7.897411622116484, "p3": 10.500377795455758, "p4": 31.218727089699907, "pol1": -0.8933739117238455, "pol2": -1.0, "pol3": 0.48592906348267, "pol4": -0.8918056896468755, "v0s": 2.8552175148450534}, "datetime": {"datetime": "2022-05-16 23:44:17", "elapsed": 14472.64871, "delta": 9.618275}}
{"target": 3.4046011692035787, "params": {"Bgrad": 1.724397234946165, "d1": -0.9192612649792578, "d2": 0.016386156909803162, "d3": -1.8588336553749754, "d4": -2.057314578367685, "p1": 29.089807375744307, "p2": 10.412481070346846, "p3": 33.03877738232929, "p4": 27.09788266077676, "pol1": 0.7144103530571002, "pol2": -0.23611657350524706, "pol3": -0.9129166442681955, "pol4": 0.14378538267448704, "v0s": 3.4046011692035787}, "datetime": {"datetime": "2022-05-16 23:44:25", "elapsed": 14480.274314, "delta": 7.625604}}
{"target": 4.902399642883864, "params": {"Bgrad": 1.5547050483099643, "d1": -0.9761431647450189, "d2": 0.3308147481604262, "d3": -0.13664403573651418, "d4": -0.9941104514410815, "p1": 2.795583677647423, "p2": 32.7929253503653, "p3": 29.581422842332692, "p4": 37.50092054087094, "pol1": -0.2351169895085805, "pol2": 0.2373719630329354, "pol3": 0.19936656699961675, "pol4": -0.11489043417740752, "v0s": 4.902399642883864}, "datetime": {"datetime": "2022-05-16 23:44:36", "elapsed": 14492.174486, "delta": 11.900172}}
{"target": 4.389357789700431, "params": {"Bgrad": 1.2516886342965206, "d1": -3.0, "d2": 0.5810591787607204, "d3": -0.8362008020026738, "d4": -0.08095909373657943, "p1": 35.74100494700973, "p2": 8.924802659525408, "p3": 9.75093912599212, "p4": 30.0572437364244, "pol1": 0.8018122420629843, "pol2": -0.6149480759956621, "pol3": -0.7983537567760426, "pol4": 0.35652377489624887, "v0s": 4.389357789700431}, "datetime": {"datetime": "2022-05-16 23:44:46", "elapsed": 14501.87155, "delta": 9.697064}}
{"target": 5.276257850129398, "params": {"Bgrad": 0.8721402926646542, "d1": -1.922798126657875, "d2": -0.40553906957211616, "d3": -0.6275755832878174, "d4": -2.5963815955162044, "p1": 5.69321739749803, "p2": 36.419531540048986, "p3": 46.65874986754363, "p4": 31.941781606356102, "pol1": 0.20565555504062205, "pol2": -0.7676213605729951, "pol3": 0.36504229785135256, "pol4": -0.34051600214371636, "v0s": 5.276257850129398}, "datetime": {"datetime": "2022-05-16 23:45:05", "elapsed": 14520.321204, "delta": 18.449654}}
{"target": 4.839178303796701, "params": {"Bgrad": 0.7772528108878545, "d1": -2.9939085216670684, "d2": 0.22602795581170332, "d3": -0.42383945280875635, "d4": -0.8329137814135965, "p1": 1.0503480761806294, "p2": 32.042685416120406, "p3": 31.471952166935846, "p4": 36.573235163323865, "pol1": -0.2822995636594001, "pol2": -0.3082513480735851, "pol3": -0.7334695727939347, "pol4": -0.6205011501819051, "v0s": 4.839178303796701}, "datetime": {"datetime": "2022-05-16 23:45:13", "elapsed": 14528.480381, "delta": 8.159177}}
{"target": -1.0, "params": {"Bgrad": 1.5646960638069798, "d1": 0.508435731635994, "d2": -2.0418892721622366, "d3": 0.5352813120840039, "d4": -2.084536534166124, "p1": 30.258399545464375, "p2": 12.304217625373104, "p3": 33.7084034309139, "p4": 27.841465350502716, "pol1": -0.9958723764275188, "pol2": -0.19180973941437052, "pol3": -0.46138627448840674, "pol4": -0.08000915144450493, "v0s": 2.8480876977737752}, "datetime": {"datetime": "2022-05-16 23:45:28", "elapsed": 14543.468298, "delta": 14.987917}}
{"target": 4.680391793720236, "params": {"Bgrad": 1.5746308895953922, "d1": -2.541316980191442, "d2": 0.4828213098427332, "d3": -1.950162208694445, "d4": -2.8631491958962085, "p1": 5.787717185534646, "p2": 33.26137580691135, "p3": 31.1035284661493, "p4": 36.019660064128914, "pol1": -0.801833287705076, "pol2": -0.6327351811455091, "pol3": 0.25438897011482475, "pol4": 0.4974548560057217, "v0s": 4.680391793720236}, "datetime": {"datetime": "2022-05-16 23:45:41", "elapsed": 14556.74279, "delta": 13.274492}}
{"target": -1.0, "params": {"Bgrad": 1.1374800420638818, "d1": 0.7859639052032285, "d2": 0.6695477545107592, "d3": -0.2077586901340109, "d4": -0.8175277448186079, "p1": 16.922670714528316, "p2": 7.0024820846940905, "p3": 7.611128753195797, "p4": 34.436150982715674, "pol1": 1.0, "pol2": -1.0, "pol3": -0.8060380156331751, "pol4": 1.0, "v0s": 4.062164554935122}, "datetime": {"datetime": "2022-05-16 23:45:57", "elapsed": 14572.56946, "delta": 15.82667}}
{"target": 5.125309594167723, "params": {"Bgrad": 1.2143984624198345, "d1": -2.0755015406202375, "d2": 0.8638497994645604, "d3": -1.5750542956832638, "d4": -0.8653560796560287, "p1": 3.646990132434247, "p2": 30.34180122229271, "p3": 16.486389691598664, "p4": 11.725573489818036, "pol1": -0.8286835926331055, "pol2": -0.885204296721789, "pol3": -0.6938998214887993, "pol4": 0.32062374867438725, "v0s": 5.125309594167723}, "datetime": {"datetime": "2022-05-16 23:46:10", "elapsed": 14586.181054, "delta": 13.611594}}
{"target": 3.5452844252107427, "params": {"Bgrad": 1.4724959218605078, "d1": -0.6354425024975119, "d2": 0.38704508322562203, "d3": -1.0153832105884186, "d4": -2.2547473792425454, "p1": 25.27722794768243, "p2": 8.40799786872899, "p3": 37.83325244580807, "p4": 29.563332370150587, "pol1": 0.26606190991901624, "pol2": -0.3390341033698663, "pol3": -0.5288500153348863, "pol4": 0.37854758374835473, "v0s": 3.5452844252107427}, "datetime": {"datetime": "2022-05-16 23:46:20", "elapsed": 14595.745472, "delta": 9.564418}}
{"target": 3.0119572227494786, "params": {"Bgrad": 1.6726071648864103, "d1": -1.2759046189669445, "d2": -0.9959584555831569, "d3": -0.25949789226565345, "d4": -1.5243190154268556, "p1": 2.03878760469674, "p2": 33.6001315725137, "p3": 31.446764338268878, "p4": 36.50044633881379, "pol1": -0.5676033262376787, "pol2": 0.1537570069052423, "pol3": -0.2717216610253823, "pol4": -0.17760651266181915, "v0s": 3.0119572227494786}, "datetime": {"datetime": "2022-05-16 23:46:29", "elapsed": 14604.310564, "delta": 8.565092}}
{"target": 4.13754407662452, "params": {"Bgrad": 0.5, "d1": -1.95824433010915, "d2": 1.0, "d3": -2.5640948358588664, "d4": -2.1658378339147046, "p1": 10.916765046801753, "p2": 16.772746583089646, "p3": 7.444632511491715, "p4": 28.74342016600042, "pol1": -0.20632494551436242, "pol2": -0.7214044102597296, "pol3": -0.06108481851034969, "pol4": 0.26843240677896024, "v0s": 4.13754407662452}, "datetime": {"datetime": "2022-05-16 23:46:37", "elapsed": 14613.023261, "delta": 8.712697}}
{"target": -1.0, "params": {"Bgrad": 1.36966521885574, "d1": -3.0, "d2": 1.0, "d3": -1.4645375411961845, "d4": -1.8903823527602903, "p1": 30.426875983195607, "p2": 12.404536902256158, "p3": 37.350872333320474, "p4": 26.43262349491814, "pol1": -0.16050816597448284, "pol2": -0.3440087511007137, "pol3": -0.5222854132261749, "pol4": -0.0862615380577509, "v0s": 5.60402933699057}, "datetime": {"datetime": "2022-05-16 23:46:56", "elapsed": 14631.469923, "delta": 18.446662}}
{"target": -1.0, "params": {"Bgrad": 0.5578174261407733, "d1": -1.0959299328653311, "d2": 0.5350256069179351, "d3": -2.887030206325182, "d4": -0.8730414469854448, "p1": 0.5342246028804398, "p2": 32.71524100963894, "p3": 17.211338906770923, "p4": 11.943331103999771, "pol1": 0.2859615432670979, "pol2": -0.0625506457627778, "pol3": -0.8475640149958252, "pol4": 0.48941600164348786, "v0s": 2.974325220914001}, "datetime": {"datetime": "2022-05-16 23:47:07", "elapsed": 14642.60913, "delta": 11.139207}}
{"target": 3.9302196671617695, "params": {"Bgrad": 1.7734304221847244, "d1": -1.375026060312504, "d2": 0.7467346960380192, "d3": -1.566811438148584, "d4": -1.225451098178473, "p1": 1.9032270301385656, "p2": 33.701656644090924, "p3": 30.079526640323493, "p4": 36.42789460896215, "pol1": -0.18961348185935334, "pol2": 0.9478830252949475, "pol3": -0.11602235972350194, "pol4": -0.31825163314000804, "v0s": 3.9302196671617695}, "datetime": {"datetime": "2022-05-16 23:47:17", "elapsed": 14652.987372, "delta": 10.378242}}
{"target": 2.4144470609566793, "params": {"Bgrad": 1.5948270561797389, "d1": -0.5014418305726092, "d2": 0.04771013899607324, "d3": -2.8410968572874182, "d4": -2.3042200460708497, "p1": 3.1488706988726687, "p2": 39.25116243407665, "p3": 39.64269395185173, "p4": 31.936593304134387, "pol1": 0.014083441845963218, "pol2": -0.09966005144643386, "pol3": 0.13543571708045676, "pol4": -0.5038695397763056, "v0s": 2.4144470609566793}, "datetime": {"datetime": "2022-05-16 23:47:27", "elapsed": 14663.079379, "delta": 10.092007}}
{"target": 4.695679052530465, "params": {"Bgrad": 2.0, "d1": -2.145977015629188, "d2": 0.9564475010588831, "d3": -0.7124466717328947, "d4": -2.557759827960106, "p1": 30.18375784328744, "p2": 12.94290800281555, "p3": 38.220255329582, "p4": 26.704553351442264, "pol1": 1.0, "pol2": 0.361038409038464, "pol3": -1.0, "pol4": -0.4904536248844513, "v0s": 4.695679052530465}, "datetime": {"datetime": "2022-05-16 23:47:39", "elapsed": 14674.32929, "delta": 11.249911}}
{"target": -1.0, "params": {"Bgrad": 1.5962179617178793, "d1": -1.6653608280720515, "d2": -0.22904160402625484, "d3": -2.783918605552275, "d4": -2.280409251634507, "p1": 28.47781126436532, "p2": 13.185075953315788, "p3": 33.30740815130523, "p4": 24.120025230778374, "pol1": -0.981397199144951, "pol2": 0.42028507024809314, "pol3": 0.09463522895271015, "pol4": 0.179343750526753, "v0s": 5.024540204213067}, "datetime": {"datetime": "2022-05-16 23:47:55", "elapsed": 14690.407287, "delta": 16.077997}}
{"target": 4.666561403203951, "params": {"Bgrad": 0.9827981418354501, "d1": -2.22242433048438, "d2": 0.6091961515855507, "d3": -0.978347499541443, "d4": -1.3116788834666555, "p1": 2.2418621477988054, "p2": 33.0874114323202, "p3": 30.602853094508355, "p4": 36.96827754628667, "pol1": -0.08262030667723032, "pol2": -0.4947205008348851, "pol3": -0.06901661550051771, "pol4": -0.26265222513600356, "v0s": 4.666561403203951}, "datetime": {"datetime": "2022-05-16 23:48:06", "elapsed": 14702.171823, "delta": 11.764536}}
{"target": 3.642906043523247, "params": {"Bgrad": 1.7966471062221696, "d1": -1.5055186146999424, "d2": -0.42054194401014566, "d3": -1.379602068635287, "d4": -0.8203327685659731, "p1": 3.79531595306028, "p2": 37.03903692752728, "p3": 31.584652030989268, "p4": 39.23556904691733, "pol1": -0.405808635202886, "pol2": 0.5146537487805272, "pol3": 0.012734084135747947, "pol4": 0.45707726417547656, "v0s": 3.642906043523247}, "datetime": {"datetime": "2022-05-16 23:48:23", "elapsed": 14719.213243, "delta": 17.04142}}
{"target": 3.732450930495826, "params": {"Bgrad": 1.145348773600552, "d1": -2.975284460133108, "d2": -0.538793273060926, "d3": -1.7160439402556196, "d4": -2.770005335992975, "p1": 30.247145150844485, "p2": 7.982817104931922, "p3": 5.704182279485148, "p4": 22.443875678042456, "pol1": -0.06298163898492759, "pol2": -0.5439036220277882, "pol3": 0.6301130537775803, "pol4": 0.8686111806507324, "v0s": 3.732450930495826}, "datetime": {"datetime": "2022-05-16 23:48:35", "elapsed": 14730.781303, "delta": 11.56806}}
{"target": -1.0, "params": {"Bgrad": 0.8066966279315114, "d1": -2.0944867357871875, "d2": 0.44173170424637975, "d3": -0.8943401799617154, "d4": -2.752869650160754, "p1": 11.149051368091268, "p2": 35.387348358333206, "p3": 44.35404412670195, "p4": 34.141652880016935, "pol1": -0.9099957022062077, "pol2": -0.9393474123030987, "pol3": 0.18950986409224835, "pol4": 0.6114541561013673, "v0s": 5.94629655341553}, "datetime": {"datetime": "2022-05-16 23:48:50", "elapsed": 14745.241626, "delta": 14.460323}}
{"target": -1.0, "params": {"Bgrad": 1.2713396271340422, "d1": -2.2016403626947154, "d2": -0.08085985572445775, "d3": -2.3602815347786414, "d4": -1.7644336606151323, "p1": 3.7108306431635096, "p2": 35.72866416212173, "p3": 46.628379330790324, "p4": 31.439925624164626, "pol1": 0.26277659669997866, "pol2": -0.5481814786455184, "pol3": -0.20681488038253693, "pol4": -0.3017659062961182, "v0s": 5.518698559141297}, "datetime": {"datetime": "2022-05-16 23:49:06", "elapsed": 14761.380461, "delta": 16.138835}}
{"target": 3.4144318950721915, "params": {"Bgrad": 0.8779574955427609, "d1": -2.9774154910687227, "d2": 0.9594653897145826, "d3": -1.476030837180725, "d4": -1.2359211886282355, "p1": 7.85189716920457, "p2": 36.08556111897922, "p3": 39.133182995642116, "p4": 30.25581156996886, "pol1": -0.46954364830006123, "pol2": 0.43121460030167946, "pol3": 0.11991343643926977, "pol4": 0.8111178106999004, "v0s": 3.4144318950721915}, "datetime": {"datetime": "2022-05-16 23:49:15", "elapsed": 14770.878058, "delta": 9.497597}}
{"target": -1.0, "params": {"Bgrad": 0.5716781978920982, "d1": -2.7287669341786667, "d2": 0.7555785869336784, "d3": -0.442915533884809, "d4": -0.9232897124198862, "p1": 29.10835876468117, "p2": 6.373423722687338, "p3": 10.563230563746956, "p4": 25.818547859051222, "pol1": -0.6270797287591126, "pol2": 0.38143779078136086, "pol3": 0.32995133367841034, "pol4": -0.27744665678547875, "v0s": 2.1495629374600944}, "datetime": {"datetime": "2022-05-16 23:49:24", "elapsed": 14779.797203, "delta": 8.919145}}
