{"target": -1.0, "params": {"Bgrad": 1.0749809390734253, "d1": -2.352711174344778, "d2": -2.096405899134205, "d3": -0.5147315644339661, "d4": -2.375289735162378, "p1": 3.9544387303765194, "p2": 41.414989203072, "p3": 8.229535045031044, "p4": 24.955058055641356, "pol1": -0.6997261618051258, "pol2": -0.03389898761419796, "pol3": 0.8599526101920694, "pol4": -0.5399385252527851, "v0s": 5.221183285565388}, "datetime": {"datetime": "2022-04-29 13:15:18", "elapsed": 78230.841845, "delta": 13.253562}}
{"target": -1.0, "params": {"Bgrad": 0.8418029833137814, "d1": -1.9313927831505846, "d2": 0.3851836449442545, "d3": 0.10475790625138348, "d4": -1.5954436860918073, "p1": 27.360693475500348, "p2": 9.13205320095964, "p3": 38.32374001124595, "p4": 36.4322862260042, "pol1": -0.820188641389235, "pol2": -0.3523729983441952, "pol3": 0.25189979877007995, "pol4": 0.13920421648520787, "v0s": 5.400040376808715}, "datetime": {"datetime": "2022-04-29 13:15:36", "elapsed": 78249.194773, "delta": 18.352928}}
{"target": -1.0, "params": {"Bgrad": 1.1197777564311309, "d1": 0.5391253674110148, "d2": -0.37703087101797284, "d3": -1.6433552515580256, "d4": -0.7521344976197879, "p1": 13.621442400330935, "p2": 46.543511167399274, "p3": 30.42231415289192, "p4": 14.949408501697103, "pol1": -0.16220595459641207, "pol2": -0.6897080287968727, "pol3": -0.0606358799779847, "pol4": -0.8031776345502744, "v0s": 4.37481076287958}, "datetime": {"datetime": "2022-04-29 13:15:52", "elapsed": 78264.583627, "delta": 15.388854}}
{"target": -1.0, "params": {"Bgrad": 1.7284292071256535, "d1": -2.572267696335153, "d2": -2.212274541836674, "d3": -1.50028921702113, "d4": -2.413324959282633, "p1": 20.17460455516238, "p2": 39.66463463403041, "p3": 18.682825288862297, "p4": 28.65553344146765, "pol1": 0.4092061546692993, "pol2": -0.0016814283392623253, "pol3": -0.47086472504784327, "pol4": -0.11048101515579134, "v0s": 3.8539330318791616}, "datetime": {"datetime": "2022-04-29 13:16:10", "elapsed": 78283.419263, "delta": 18.835636}}
{"target": 4.94413583256947, "params": {"Bgrad": 1.4550163204999853, "d1": -0.7192845913496648, "d2": 0.6925043705211036, "d3": -1.218734535370741, "d4": 0.8209182424107562, "p1": 6.280604440399534, "p2": 14.770827856782509, "p3": 34.456448844789854, "p4": 1.6347739117675841, "pol1": -0.8329763954651463, "pol2": 0.8830894827118478, "pol3": 0.16032620357071248, "pol4": -0.03688304474763693, "v0s": 4.94413583256947}, "datetime": {"datetime": "2022-04-29 13:16:25", "elapsed": 78298.007258, "delta": 14.587995}}
{"target": -1.0, "params": {"Bgrad": 1.2290209736475666, "d1": -2.452083038859705, "d2": -0.6433752306517118, "d3": 0.5689783047450954, "d4": 0.6942588083409844, "p1": 33.02532369909555, "p2": 8.006603723283428, "p3": 8.877789768669707, "p4": 27.73243374942238, "pol1": -0.2649818232512027, "pol2": -0.22450193797501994, "pol3": -0.9644874645188022, "pol4": 0.05140446448293301, "v0s": 5.613989778688987}, "datetime": {"datetime": "2022-04-29 13:16:39", "elapsed": 78312.175374, "delta": 14.168116}}
{"target": -1.0, "params": {"Bgrad": 1.101806130191422, "d1": -1.0272216040266193, "d2": 0.01907601368077394, "d3": -1.8026697527995923, "d4": -2.1192529394933315, "p1": 39.98083234115754, "p2": 15.445152643114291, "p3": 42.96877671828941, "p4": 20.058506698392513, "pol1": 0.09478939832755073, "pol2": 0.47983362807672747, "pol3": 0.5159555346611231, "pol4": 0.025154260251384564, "v0s": 4.59572876172488}, "datetime": {"datetime": "2022-04-29 13:16:54", "elapsed": 78327.506382, "delta": 15.331008}}
{"target": 2.3810626999124125, "params": {"Bgrad": 0.8171722241547862, "d1": -2.473753382091118, "d2": 0.791343744534541, "d3": -2.5606513279068137, "d4": -0.3036236141470199, "p1": 49.59586345669307, "p2": 44.76736214255766, "p3": 6.659837150792175, "p4": 21.31196972774471, "pol1": -0.09469258076565734, "pol2": 0.9562627430603277, "pol3": -0.03979655713031649, "pol4": 0.6063540787599115, "v0s": 2.3810626999124125}, "datetime": {"datetime": "2022-04-29 13:17:03", "elapsed": 78335.658585, "delta": 8.152203}}
{"target": -1.0, "params": {"Bgrad": 1.469578041275762, "d1": -2.10219330770571, "d2": -1.548660986284784, "d3": -2.3539391363999456, "d4": 0.49483405499400446, "p1": 20.25573050796714, "p2": 14.253262129495987, "p3": 31.649393139565984, "p4": 48.831673720541566, "pol1": -0.6849217403212684, "pol2": 0.3725374743220564, "pol3": 0.3357069622061013, "pol4": -0.36413107173421677, "v0s": 5.413078058054887}, "datetime": {"datetime": "2022-04-29 13:17:19", "elapsed": 78352.428744, "delta": 16.770159}}
{"target": -1.0, "params": {"Bgrad": 0.962265362468238, "d1": -1.1678002900263498, "d2": -0.10953492487304217, "d3": -1.5629833571547453, "d4": 0.0646520928805705, "p1": 33.23393985846613, "p2": 8.628521281937251, "p3": 4.859961150579434, "p4": 25.62875970103199, "pol1": -0.46717434323097917, "pol2": -0.6183486888780543, "pol3": 0.4475681987552158, "pol4": 0.02488817247379549, "v0s": 4.391334912949384}, "datetime": {"datetime": "2022-04-29 13:17:36", "elapsed": 78369.154024, "delta": 16.72528}}
{"target": 2.885280069805519, "params": {"Bgrad": 1.8571775539153395, "d1": -2.1167007421459565, "d2": -2.0710010429417487, "d3": -1.74863344238842, "d4": -1.7693845690218954, "p1": 36.68092397274369, "p2": 3.424334007885826, "p3": 7.6766462114181255, "p4": 38.81797063047889, "pol1": -0.3116903068740966, "pol2": 0.41155444181705425, "pol3": 0.6804805254122177, "pol4": 0.34692649118477625, "v0s": 2.885280069805519}, "datetime": {"datetime": "2022-04-29 13:17:47", "elapsed": 78380.359064, "delta": 11.20504}}
{"target": 3.46941927723251, "params": {"Bgrad": 1.4695455829931945, "d1": 0.08269792381178753, "d2": -0.8264176229490907, "d3": -2.310616431716375, "d4": -2.3101525139330117, "p1": 43.75148295216325, "p2": 27.421170545349355, "p3": 27.526252798794186, "p4": 47.4189626305853, "pol1": -0.9443480126289878, "pol2": 0.22778547285332174, "pol3": -0.3258941172231753, "pol4": -0.39599335361792565, "v0s": 3.46941927723251}, "datetime": {"datetime": "2022-04-29 13:18:01", "elapsed": 78393.692413, "delta": 13.333349}}
{"target": -1.0, "params": {"Bgrad": 1.5073733679374741, "d1": -0.4391578985446438, "d2": -0.8378765348668846, "d3": -0.5833774764350124, "d4": -2.71089643474861, "p1": 38.79598291426278, "p2": 46.12598439736503, "p3": 16.191222891157548, "p4": 12.630741896483705, "pol1": -0.1913267334779707, "pol2": -0.8501947120783306, "pol3": 0.7717142501927265, "pol4": 0.9528127289871109, "v0s": 4.537369933116894}, "datetime": {"datetime": "2022-04-29 13:18:19", "elapsed": 78411.976524, "delta": 18.284111}}
{"target": -1.0, "params": {"Bgrad": 1.812706342333774, "d1": -2.3165273573069607, "d2": 0.9383529280192473, "d3": -1.7073007425965252, "d4": 0.4404873681316417, "p1": 13.986573856695406, "p2": 14.384552980917492, "p3": 28.082127507798386, "p4": 34.846852067994874, "pol1": 0.3592370594242633, "pol2": -0.7344506340159753, "pol3": 0.2734585567557659, "pol4": 0.5224760323733135, "v0s": 5.704585305178343}, "datetime": {"datetime": "2022-04-29 13:18:40", "elapsed": 78433.404231, "delta": 21.427707}}
{"target": -1.0, "params": {"Bgrad": 1.7476060474053177, "d1": -2.1006300265350535, "d2": 0.5722840312734032, "d3": -2.618762861682015, "d4": -1.100614948885549, "p1": 5.344829816517582, "p2": 19.921406318622175, "p3": 14.605262370257933, "p4": 26.141646904841537, "pol1": 0.9196945521267581, "pol2": -0.14071964241408108, "pol3": 0.5428059990741689, "pol4": -0.6450243266782494, "v0s": 3.959816901928397}, "datetime": {"datetime": "2022-04-29 13:18:56", "elapsed": 78449.498199, "delta": 16.093968}}
{"target": 4.447240937527084, "params": {"Bgrad": 1.6338643798337458, "d1": 0.08690216926946803, "d2": 0.4017207659707003, "d3": -0.5828029312883203, "d4": -1.139744877666716, "p1": 4.894259383758326, "p2": 2.0477927228209736, "p3": 40.6491307919221, "p4": 46.79352597980923, "pol1": -0.10494808108728071, "pol2": 0.33592195877641884, "pol3": 0.052718903534084705, "pol4": -0.8908755169238098, "v0s": 4.447240937527084}, "datetime": {"datetime": "2022-04-29 13:19:08", "elapsed": 78461.141067, "delta": 11.642868}}
{"target": -1.0, "params": {"Bgrad": 1.0703294562801478, "d1": -0.5592093125694193, "d2": -0.8762964085580687, "d3": -0.2829859039041489, "d4": -0.9159887269522007, "p1": 13.200007397511031, "p2": 14.932960218050079, "p3": 30.212352804311582, "p4": 34.555555917519264, "pol1": 0.5138413264185544, "pol2": 0.5682472821003042, "pol3": 0.4203202730179503, "pol4": -0.18689161731037696, "v0s": 5.447000307938569}, "datetime": {"datetime": "2022-04-29 13:19:27", "elapsed": 78480.527232, "delta": 19.386165}}
{"target": 3.827548535809049, "params": {"Bgrad": 1.4809504045284312, "d1": -2.012892832139509, "d2": 0.06348225145329911, "d3": -0.7336576752553219, "d4": -0.15266832451617462, "p1": 35.27337558262818, "p2": 39.033372868272174, "p3": 23.285990765599752, "p4": 20.335560516177203, "pol1": 0.7351944996689097, "pol2": 0.27183235572255415, "pol3": -0.448062561130655, "pol4": -0.09893138755804798, "v0s": 3.827548535809049}, "datetime": {"datetime": "2022-04-29 13:19:37", "elapsed": 78490.422773, "delta": 9.895541}}
{"target": -1.0, "params": {"Bgrad": 0.5507857423531035, "d1": -2.3922757612288175, "d2": -2.1674600028097553, "d3": -2.966073072193314, "d4": -1.2459291283930374, "p1": 12.685587274996447, "p2": 28.718881965686194, "p3": 30.00808106060342, "p4": 26.6629149411242, "pol1": 0.769016133250312, "pol2": 0.876741457993613, "pol3": -0.025459625381094364, "pol4": 0.36719250981127094, "v0s": 3.2633997210645114}, "datetime": {"datetime": "2022-04-29 13:19:48", "elapsed": 78500.761131, "delta": 10.338358}}
{"target": -1.0, "params": {"Bgrad": 1.6621264498397028, "d1": 0.6271700803522249, "d2": -0.6667280412303715, "d3": -1.2346149809092246, "d4": -2.826423941027838, "p1": 48.274397825563256, "p2": 16.16952361556899, "p3": 26.00370202121262, "p4": 14.673960081755222, "pol1": -0.1267309711322755, "pol2": 0.9094807730522165, "pol3": -0.6879839704862822, "pol4": -0.8173797499638591, "v0s": 5.197414596350406}, "datetime": {"datetime": "2022-04-29 13:20:08", "elapsed": 78520.915242, "delta": 20.154111}}
{"target": -1.0, "params": {"Bgrad": 0.5273629068384149, "d1": -0.02127346872049074, "d2": -0.6035761606918539, "d3": -2.5000318728195126, "d4": -1.2600661299120897, "p1": 3.7529972398198885, "p2": 31.947640332509447, "p3": 10.355196815543689, "p4": 21.84197320346429, "pol1": 0.20961590373348438, "pol2": -0.6910809556684097, "pol3": 0.8827196946261198, "pol4": -0.2188814931425147, "v0s": 4.691695382599576}, "datetime": {"datetime": "2022-04-29 13:20:19", "elapsed": 78531.66849, "delta": 10.753248}}
{"target": 2.5530982668075533, "params": {"Bgrad": 1.0023622803112122, "d1": -2.4046002374069757, "d2": -0.20376148762740343, "d3": 0.1512795359869421, "d4": -0.525017766132799, "p1": 29.786000754297813, "p2": 44.54894967352161, "p3": 24.760880818735792, "p4": 27.454449564659228, "pol1": -0.1022543789709991, "pol2": 0.9200569778870693, "pol3": -0.14906224419332315, "pol4": -0.2528698848587816, "v0s": 2.5530982668075533}, "datetime": {"datetime": "2022-04-29 13:20:29", "elapsed": 78542.218282, "delta": 10.549792}}
{"target": -1.0, "params": {"Bgrad": 1.083879864497621, "d1": -2.130130158498636, "d2": 0.19147391273112868, "d3": -2.0945545994518113, "d4": -0.23861641178688098, "p1": 13.004776017710467, "p2": 20.320346840466176, "p3": 38.07996219694753, "p4": 49.62186963179438, "pol1": 0.1901447156592564, "pol2": 0.5904360533492603, "pol3": 0.12294402796681858, "pol4": -0.27405551802992134, "v0s": 2.675654326060143}, "datetime": {"datetime": "2022-04-29 13:20:46", "elapsed": 78559.290633, "delta": 17.072351}}
{"target": -1.0, "params": {"Bgrad": 1.0446634751347676, "d1": -1.2071668842366683, "d2": -1.1956849198093478, "d3": 0.23219718872324568, "d4": 0.12244427572276839, "p1": 35.66092659055121, "p2": 38.711393943452805, "p3": 23.803354713053082, "p4": 22.059577913613392, "pol1": 0.9669947646064618, "pol2": 0.01064364492508263, "pol3": -0.3733163297540272, "pol4": 0.45250656347252916, "v0s": 3.363062049005533}, "datetime": {"datetime": "2022-04-29 13:21:00", "elapsed": 78573.266265, "delta": 13.975632}}
{"target": 4.7420648629913895, "params": {"Bgrad": 1.0823923776601534, "d1": -1.6760798112676998, "d2": -0.10618950261490268, "d3": -1.424993445172884, "d4": -1.410097351183114, "p1": 6.108835362669379, "p2": 0.48250644211593197, "p3": 39.68383461106423, "p4": 46.57157447429856, "pol1": 0.23469486202521828, "pol2": -0.49270603417270387, "pol3": 0.0032619678076453162, "pol4": -0.6685684537187917, "v0s": 4.7420648629913895}, "datetime": {"datetime": "2022-04-29 13:21:10", "elapsed": 78583.525833, "delta": 10.259568}}
{"target": -1.0, "params": {"Bgrad": 1.309348778176338, "d1": -0.1684151292703504, "d2": -0.1404405537807496, "d3": 0.7397158154000651, "d4": -0.23334780430851954, "p1": 5.549593481206378, "p2": 1.1727384475776204, "p3": 41.449008751448005, "p4": 45.752355259101435, "pol1": 0.07676215432799083, "pol2": -0.37477007287537467, "pol3": -0.4593166017342085, "pol4": -0.3355680936164289, "v0s": 5.333700304831326}, "datetime": {"datetime": "2022-04-29 13:21:26", "elapsed": 78598.677321, "delta": 15.151488}}
{"target": -1.0, "params": {"Bgrad": 1.8909538365433618, "d1": -2.532644557294278, "d2": -0.19818463329360103, "d3": -1.5733701699470117, "d4": -0.6141027319596999, "p1": 33.2202644835637, "p2": 6.761764949437577, "p3": 6.942478425704934, "p4": 25.62141235676007, "pol1": -0.9336038806490057, "pol2": -0.625502302924599, "pol3": -0.05727458916253614, "pol4": -0.855308897391287, "v0s": 2.7095266814585575}, "datetime": {"datetime": "2022-04-29 13:21:37", "elapsed": 78609.742734, "delta": 11.065413}}
{"target": -1.0, "params": {"Bgrad": 1.0036065421558507, "d1": -1.0811996224022127, "d2": -1.4548204732580494, "d3": 0.6281298810832392, "d4": 0.7795885486994449, "p1": 29.091173594626234, "p2": 35.713642827758584, "p3": 20.300239214075717, "p4": 20.554620666338437, "pol1": -0.09679219110055981, "pol2": 0.6495856627426031, "pol3": 0.4560192875986451, "pol4": 0.24713311514379233, "v0s": 3.137051202390533}, "datetime": {"datetime": "2022-04-29 13:21:50", "elapsed": 78623.297491, "delta": 13.554757}}
{"target": -1.0, "params": {"Bgrad": 1.1740430428208937, "d1": -1.255653790838913, "d2": -2.214699827469525, "d3": -1.95762736902274, "d4": -2.42771757776025, "p1": 15.110256571578608, "p2": 36.94247671228415, "p3": 30.64801658731734, "p4": 33.46592863715147, "pol1": -0.9706902710675357, "pol2": 0.2952377339781415, "pol3": 0.009203907665542561, "pol4": -0.5796668115063296, "v0s": 3.044436516694211}, "datetime": {"datetime": "2022-04-29 13:22:00", "elapsed": 78633.427406, "delta": 10.129915}}
{"target": -1.0, "params": {"Bgrad": 1.7317880415231413, "d1": -1.993351380585811, "d2": -2.0201278122662036, "d3": -1.8738352715957696, "d4": -0.31432958660839283, "p1": 6.843954572721856, "p2": 15.29749198102009, "p3": 46.60663204190837, "p4": 3.9303389294858104, "pol1": -0.7098276398404921, "pol2": 0.024441418087540967, "pol3": 0.0971847125515597, "pol4": -0.23615693699256868, "v0s": 4.435290573027837}, "datetime": {"datetime": "2022-04-29 13:22:17", "elapsed": 78650.385063, "delta": 16.957657}}
{"target": -1.0, "params": {"Bgrad": 0.6403927664394817, "d1": 0.33724430330115585, "d2": -0.3475480895401426, "d3": -1.2358666373626614, "d4": 0.41600213839586253, "p1": 14.621703562452371, "p2": 7.042140105634987, "p3": 46.77572616139998, "p4": 22.809972666293998, "pol1": 0.773279555071869, "pol2": 0.652965163663912, "pol3": -0.7757884103847923, "pol4": -0.13219249958424517, "v0s": 2.5750765572175434}, "datetime": {"datetime": "2022-04-29 13:22:39", "elapsed": 78672.044151, "delta": 21.659088}}
{"target": -1.0, "params": {"Bgrad": 1.859685869041067, "d1": 0.6404914142829421, "d2": -1.7071934036389207, "d3": -0.5258754221165116, "d4": -2.943509046858791, "p1": 44.12441238943936, "p2": 37.05007799814593, "p3": 17.290547186164375, "p4": 25.809666493965146, "pol1": -0.023131845218311353, "pol2": -0.3023905626940131, "pol3": -0.7086203249906313, "pol4": -0.4834486614239275, "v0s": 4.210118352483043}, "datetime": {"datetime": "2022-04-29 13:22:54", "elapsed": 78687.113857, "delta": 15.069706}}
{"target": -1.0, "params": {"Bgrad": 1.4041461513883113, "d1": -1.746243798805458, "d2": -2.046302312312339, "d3": -1.0959353819617892, "d4": -1.4363500850798951, "p1": 21.21019688050821, "p2": 36.98106578582318, "p3": 20.31172703866046, "p4": 29.151399778620103, "pol1": 0.4294516909331514, "pol2": 0.49683381161468954, "pol3": 0.5332083043586262, "pol4": -0.5460316274810113, "v0s": 4.585429417934806}, "datetime": {"datetime": "2022-04-29 13:23:09", "elapsed": 78702.097793, "delta": 14.983936}}
{"target": -1.0, "params": {"Bgrad": 1.2142913215803086, "d1": -1.0482510710046937, "d2": 0.04561844649527824, "d3": 0.3256688822134417, "d4": -0.6092821064305736, "p1": 26.87988540855143, "p2": 27.345716378687136, "p3": 47.73368196017895, "p4": 15.5690175264813, "pol1": 0.19902119639494664, "pol2": 0.3652567149340358, "pol3": -0.6821198905413002, "pol4": -0.06129748254079126, "v0s": 2.2657655702996093}, "datetime": {"datetime": "2022-04-29 13:23:30", "elapsed": 78723.292123, "delta": 21.19433}}
{"target": 4.4456713676821575, "params": {"Bgrad": 1.452195338960838, "d1": -1.711563404352221, "d2": 0.03388223905694554, "d3": -2.4529639734752684, "d4": -1.9673757558477907, "p1": 3.1227503852042204, "p2": 46.17675725366991, "p3": 47.232612039816615, "p4": 37.140100411197125, "pol1": -0.4820261905419061, "pol2": -0.2010355604804246, "pol3": -0.4343660924198065, "pol4": 0.4344591733851153, "v0s": 4.4456713676821575}, "datetime": {"datetime": "2022-04-29 13:23:41", "elapsed": 78733.966582, "delta": 10.674459}}
{"target": 3.1871501666048374, "params": {"Bgrad": 1.1292027887095824, "d1": -0.8130320396315072, "d2": 0.25268155427807937, "d3": -2.6726104232091057, "d4": -0.5063333742746399, "p1": 9.305629666062632, "p2": 36.77867172680571, "p3": 32.28006239374745, "p4": 7.197485234219974, "pol1": -0.6961810147423673, "pol2": 0.3561097794001846, "pol3": -0.2503165738021367, "pol4": 0.8914497993119574, "v0s": 3.1871501666048374}, "datetime": {"datetime": "2022-04-29 13:23:51", "elapsed": 78744.354805, "delta": 10.388223}}
{"target": -1.0, "params": {"Bgrad": 1.6356615192650574, "d1": -2.9129585123329202, "d2": -1.082116008354383, "d3": -2.337634214020216, "d4": -2.5652978169286684, "p1": 34.11551753438455, "p2": 37.76612181039288, "p3": 20.803928935396076, "p4": 10.156428370178988, "pol1": 0.3333707142043856, "pol2": 0.3556754510090474, "pol3": -0.27666516593876267, "pol4": 0.0721477943784492, "v0s": 2.0055692305923976}, "datetime": {"datetime": "2022-04-29 13:24:02", "elapsed": 78755.525936, "delta": 11.171131}}
{"target": -1.0, "params": {"Bgrad": 1.2963307434741835, "d1": -0.5153906045832128, "d2": 0.7809830174000782, "d3": -1.6232181553995346, "d4": -1.6274167650423768, "p1": 8.635882495041747, "p2": 15.2933779095354, "p3": 34.57536955550239, "p4": 1.2871786299092802, "pol1": -0.14852668542190028, "pol2": 0.1891040169410041, "pol3": 0.9865333031074655, "pol4": -0.2373712697950996, "v0s": 5.036623990613194}, "datetime": {"datetime": "2022-04-29 13:24:18", "elapsed": 78770.63753, "delta": 15.111594}}
{"target": -1.0, "params": {"Bgrad": 0.813560827235864, "d1": -0.3145497202477876, "d2": 0.7202062832699361, "d3": 0.2309023044310794, "d4": -2.85356390899411, "p1": 40.13055036008126, "p2": 38.895538383575015, "p3": 32.95544370300653, "p4": 38.24533302727909, "pol1": -0.025303977650949383, "pol2": 0.07764688124160002, "pol3": 0.7456361075967026, "pol4": -0.06292236717402333, "v0s": 3.904811727817399}, "datetime": {"datetime": "2022-04-29 13:24:30", "elapsed": 78782.965567, "delta": 12.328037}}
{"target": -1.0, "params": {"Bgrad": 1.3164195425653542, "d1": 0.5767940255672062, "d2": -0.6719229837389227, "d3": -1.6997263827159586, "d4": 0.5624582221993881, "p1": 18.71827458811034, "p2": 20.798756432004538, "p3": 17.82524636041917, "p4": 14.406555873429877, "pol1": -0.003461110084880703, "pol2": -0.8970045662391108, "pol3": -0.3753071155413479, "pol4": -0.01593903316717249, "v0s": 2.509583087727145}, "datetime": {"datetime": "2022-04-29 13:24:53", "elapsed": 78806.011946, "delta": 23.046379}}
{"target": -1.0, "params": {"Bgrad": 0.5531010804804639, "d1": -0.22264982756300267, "d2": -0.721850349460119, "d3": 0.5038792574037347, "d4": -1.8581614825270054, "p1": 4.5769477935448, "p2": 45.3210554934645, "p3": 10.042866263264516, "p4": 20.035791025531097, "pol1": -0.3847763496022889, "pol2": -0.37037795819097075, "pol3": 0.40024007086099456, "pol4": -0.36401171127431997, "v0s": 4.436146760457633}, "datetime": {"datetime": "2022-04-29 13:25:06", "elapsed": 78819.136852, "delta": 13.124906}}
{"target": -1.0, "params": {"Bgrad": 1.9944092999396525, "d1": -1.728286029599726, "d2": -2.180028120717444, "d3": -2.915784287169602, "d4": -0.8890545780641315, "p1": 40.2450228733985, "p2": 25.326738839751666, "p3": 13.08457657475428, "p4": 39.32744456087733, "pol1": -0.49887453396969517, "pol2": -0.5575352500683857, "pol3": 0.6177688603445726, "pol4": -0.8446113594123867, "v0s": 2.4353818319110347}, "datetime": {"datetime": "2022-04-29 13:25:18", "elapsed": 78831.477854, "delta": 12.341002}}
{"target": 4.354585223259454, "params": {"Bgrad": 1.0056809550402068, "d1": -1.565408034335512, "d2": 0.9502832868142428, "d3": -1.3100533566924248, "d4": -1.153060316015301, "p1": 22.833763857535683, "p2": 25.120638900663295, "p3": 11.390608576705247, "p4": 35.29421854702959, "pol1": 0.3059864755566939, "pol2": 0.48603414280518376, "pol3": 0.17440371357254714, "pol4": -0.02958168595799182, "v0s": 4.354585223259454}, "datetime": {"datetime": "2022-04-29 13:25:27", "elapsed": 78840.062899, "delta": 8.585045}}
