{"target": 4.014290646533619, "params": {"Bgrad": 1.9276636673856404, "d1": -0.7488778012423003, "d2": -0.2457792009674078, "d3": -2.894608484520069, "d4": 0.9563027420317876, "p1": 15.922855990684127, "p2": 1.1951889683109673, "p3": 40.42820752371942, "p4": 48.66262758835341, "pol1": 0.47517701983336225, "pol2": -0.9945283879091993, "pol3": -0.8732789772519294, "pol4": 0.1685388104551615, "v0s": 4.014290646533619}, "datetime": {"datetime": "2022-06-13 03:35:42", "elapsed": 5589.396489, "delta": 11.284838}}
{"target": -1.0, "params": {"Bgrad": 1.822750221127695, "d1": 0.4946774774277536, "d2": 0.9500756348177664, "d3": -0.13667212370962512, "d4": 0.5075347992346062, "p1": 15.98250559310263, "p2": 5.558847595990302, "p3": 43.26820528911899, "p4": 15.173629898076252, "pol1": -0.16133540366622756, "pol2": 0.2920605141431454, "pol3": 0.21019826831102528, "pol4": -0.15815383097024016, "v0s": 4.316903071223561}, "datetime": {"datetime": "2022-06-13 03:35:52", "elapsed": 5599.689976, "delta": 10.293487}}
{"target": -1.0, "params": {"Bgrad": 0.6840215627885095, "d1": -0.8645524627863335, "d2": -2.068583611024016, "d3": 0.019231404401845342, "d4": -0.3005176633419997, "p1": 3.5963482404607228, "p2": 49.463234236790015, "p3": 39.02284677871706, "p4": 11.391294344529879, "pol1": -0.9385143633006059, "pol2": -0.04325633785660288, "pol3": -0.29451512499785193, "pol4": 0.09302299872845587, "v0s": 5.957983732549526}, "datetime": {"datetime": "2022-06-13 03:35:58", "elapsed": 5605.80563, "delta": 6.115654}}
{"target": -1.0, "params": {"Bgrad": 1.6958297110381075, "d1": -2.9458226126434894, "d2": -0.14281794448448615, "d3": -1.8187441355924032, "d4": 0.9456103025496678, "p1": 42.312086529389084, "p2": 28.020059054239095, "p3": 29.888284268841964, "p4": 9.603783650227864, "pol1": -0.547496822825869, "pol2": -0.6919736433240977, "pol3": -0.24437290507111653, "pol4": -0.7760891113168378, "v0s": 5.067637361805572}, "datetime": {"datetime": "2022-06-13 03:36:11", "elapsed": 5618.258346, "delta": 12.452716}}
{"target": 2.4281388496676968, "params": {"Bgrad": 1.4577169331023212, "d1": -2.511150487052067, "d2": -1.6232145642789275, "d3": -2.7186084812591687, "d4": -0.8969552509117231, "p1": 32.51448846015027, "p2": 30.773607068755137, "p3": 40.693478140474255, "p4": 11.778311825121019, "pol1": 0.2363636836808911, "pol2": -0.3943429615347187, "pol3": -0.8224645878417154, "pol4": -0.38947705686837364, "v0s": 2.4281388496676968}, "datetime": {"datetime": "2022-06-13 03:36:15", "elapsed": 5622.85107, "delta": 4.592724}}
{"target": -1.0, "params": {"Bgrad": 1.9378613165295062, "d1": -0.09133826029228276, "d2": -2.594156568703984, "d3": 0.14507728939437436, "d4": -1.5913785596138728, "p1": 45.571757016189615, "p2": 24.77487173735567, "p3": 43.634636149243605, "p4": 11.026489737186186, "pol1": -0.2656153481934689, "pol2": -0.2663261156832346, "pol3": -0.8057346367934295, "pol4": -0.33797113186841043, "v0s": 5.958258823032797}, "datetime": {"datetime": "2022-06-13 03:36:26", "elapsed": 5633.514569, "delta": 10.663499}}
{"target": 2.57815131116746, "params": {"Bgrad": 1.199815237060611, "d1": 0.5169262789777247, "d2": -1.9213189344386068, "d3": -1.580722605113405, "d4": -1.718582839397551, "p1": 27.58689853108538, "p2": 9.410970780314393, "p3": 8.662213575408645, "p4": 46.97409621042272, "pol1": -0.24670457250734001, "pol2": 0.1741962697660997, "pol3": -0.8896958299623523, "pol4": -0.7182840062012663, "v0s": 2.57815131116746}, "datetime": {"datetime": "2022-06-13 03:36:31", "elapsed": 5638.959016, "delta": 5.444447}}
{"target": -1.0, "params": {"Bgrad": 1.7181733519372193, "d1": -2.587412869666143, "d2": -0.9347358172818034, "d3": -2.3776884080317036, "d4": -1.8847329782846058, "p1": 44.130100125153504, "p2": 31.57968825654553, "p3": 48.1831355106535, "p4": 29.98571828079965, "pol1": -0.980960567566884, "pol2": -0.1687179889591568, "pol3": -0.9551164912826404, "pol4": -0.37203134390610715, "v0s": 4.88974958432445}, "datetime": {"datetime": "2022-06-13 03:36:44", "elapsed": 5652.013125, "delta": 13.054109}}
{"target": -1.0, "params": {"Bgrad": 1.3631890116857122, "d1": -2.0453991882842804, "d2": -0.7668536862093926, "d3": -1.4203194635710643, "d4": -0.9736712499722922, "p1": 9.798350727126076, "p2": 7.837580500171565, "p3": 37.72585038011932, "p4": 16.49866144027597, "pol1": 0.2883913850764328, "pol2": 0.1309111931810838, "pol3": 0.7990618317721421, "pol4": 0.76136723581403, "v0s": 4.658668401960701}, "datetime": {"datetime": "2022-06-13 03:36:55", "elapsed": 5662.828218, "delta": 10.815093}}
{"target": -1.0, "params": {"Bgrad": 0.8071026297383855, "d1": -0.47123049883269674, "d2": -0.4526560986137995, "d3": -0.230329986485589, "d4": 0.6298928109392001, "p1": 39.129048902229925, "p2": 31.26454679279234, "p3": 30.04827976990449, "p4": 10.637951803407104, "pol1": 0.302730723995736, "pol2": 0.629000341553209, "pol3": 0.844644961705793, "pol4": 0.8333002241618652, "v0s": 5.36659283523582}, "datetime": {"datetime": "2022-06-13 03:37:03", "elapsed": 5670.918594, "delta": 8.090376}}
{"target": -1.0, "params": {"Bgrad": 0.8897509636107316, "d1": -1.6648101727051334, "d2": 0.9910494622752815, "d3": -0.8976088471287227, "d4": 0.26362669135128947, "p1": 29.850809389228605, "p2": 25.34651936641633, "p3": 17.42698076528489, "p4": 26.888526411565124, "pol1": -0.9865305860115934, "pol2": 0.7533716131931478, "pol3": 0.12297296306535865, "pol4": -0.9514371493506428, "v0s": 6.909048471986992}, "datetime": {"datetime": "2022-06-13 03:37:14", "elapsed": 5681.064477, "delta": 10.145883}}
{"target": -1.0, "params": {"Bgrad": 0.7030315862931098, "d1": -2.877445207636521, "d2": -1.150658383459537, "d3": 0.8426267811479855, "d4": -2.625543006144039, "p1": 3.2799258067521597, "p2": 43.996778811096185, "p3": 41.06860207716442, "p4": 40.998471112254194, "pol1": -0.06436390436925654, "pol2": -0.145015810878939, "pol3": -0.19786338913100776, "pol4": 0.16443008427861416, "v0s": 6.373824016256667}, "datetime": {"datetime": "2022-06-13 03:37:20", "elapsed": 5687.971016, "delta": 6.906539}}
{"target": -1.0, "params": {"Bgrad": 1.676438003524439, "d1": -0.38080324975832847, "d2": -0.7501353412959473, "d3": -1.350429567118812, "d4": -1.7203397518245818, "p1": 14.31238964130926, "p2": 14.808835920153761, "p3": 34.13764330822216, "p4": 38.12205910797897, "pol1": 0.1952395739799524, "pol2": -0.5542722154928783, "pol3": -0.6112099589905542, "pol4": 0.5313722375415078, "v0s": 7.872162913850272}, "datetime": {"datetime": "2022-06-13 03:37:29", "elapsed": 5696.305738, "delta": 8.334722}}
{"target": -1.0, "params": {"Bgrad": 0.5238649423888437, "d1": -2.004407432069681, "d2": 0.16925148708299131, "d3": -0.12333880898658078, "d4": -2.0160801690422607, "p1": 27.744619053792263, "p2": 29.279289704951033, "p3": 36.06921383236148, "p4": 23.183685560635052, "pol1": -0.19030305695455452, "pol2": -0.38398105835822083, "pol3": -0.5233821831863545, "pol4": -0.8149932836987921, "v0s": 5.8753003245058535}, "datetime": {"datetime": "2022-06-13 03:37:36", "elapsed": 5703.373847, "delta": 7.068109}}
{"target": -1.0, "params": {"Bgrad": 1.5043556728103542, "d1": -0.25062610433261145, "d2": -2.98741711814251, "d3": -1.2469878699160555, "d4": -2.5097865403545474, "p1": 26.33046678531537, "p2": 48.986981045093714, "p3": 24.963850548166906, "p4": 18.732498963676036, "pol1": 0.627679984789191, "pol2": 0.936402876489399, "pol3": -0.4257532449424093, "pol4": 0.6060000794930018, "v0s": 7.976848624179619}, "datetime": {"datetime": "2022-06-13 03:37:45", "elapsed": 5712.723855, "delta": 9.350008}}
{"target": -1.0, "params": {"Bgrad": 0.6677363596274117, "d1": -0.8758105816511117, "d2": 0.25410631794000116, "d3": -1.4948232653724074, "d4": -1.216901894901099, "p1": 37.54512798322833, "p2": 4.917318947421013, "p3": 18.026315249823043, "p4": 28.185312764322788, "pol1": -0.5228288081148325, "pol2": 0.6799075434440658, "pol3": 0.5317019845798787, "pol4": 0.9310851591846774, "v0s": 5.137928450082372}, "datetime": {"datetime": "2022-06-13 03:37:51", "elapsed": 5718.885387, "delta": 6.161532}}
{"target": -1.0, "params": {"Bgrad": 0.6597869869858897, "d1": 0.7464680922459479, "d2": 0.33694395798539656, "d3": -0.8223273559870496, "d4": 0.3452091095416163, "p1": 44.08454596769712, "p2": 38.80405686834488, "p3": 28.56269885212087, "p4": 30.764936073304117, "pol1": 0.6887813652867174, "pol2": 0.24443327262786751, "pol3": -0.5870400816247368, "pol4": 0.38297684710793956, "v0s": 5.19208250046429}, "datetime": {"datetime": "2022-06-13 03:37:58", "elapsed": 5725.34911, "delta": 6.463723}}
{"target": -1.0, "params": {"Bgrad": 0.8948705883502843, "d1": -2.9968538338814543, "d2": -2.0580089548003455, "d3": -0.3057332080958721, "d4": 0.5132807987237791, "p1": 41.53512846202839, "p2": 5.40536927942552, "p3": 3.5562489761419123, "p4": 38.07961559395026, "pol1": -0.43033325576338655, "pol2": -0.4563938950067574, "pol3": -0.9959993987831366, "pol4": -0.8029219787188939, "v0s": 2.8135822843541187}, "datetime": {"datetime": "2022-06-13 03:38:09", "elapsed": 5736.10935, "delta": 10.76024}}
{"target": -1.0, "params": {"Bgrad": 0.7390403093437948, "d1": -1.218745589538539, "d2": 0.25654325889528096, "d3": 0.24919246147379015, "d4": 0.6399584867297925, "p1": 22.179601931016684, "p2": 35.435525397250665, "p3": 24.416705906022436, "p4": 2.4921279067260493, "pol1": -0.8391371320609058, "pol2": -0.5081153295677219, "pol3": 0.9632434572460333, "pol4": 0.38383445855356957, "v0s": 3.6080454911439226}, "datetime": {"datetime": "2022-06-13 03:38:17", "elapsed": 5744.77818, "delta": 8.66883}}
{"target": 2.5746561757988773, "params": {"Bgrad": 1.5593948668269744, "d1": -0.35461546247372144, "d2": -2.82683935650437, "d3": -1.5540496614330483, "d4": 0.09491193360917505, "p1": 3.926145741705178, "p2": 44.21920583879358, "p3": 46.54341481272791, "p4": 42.65427561949449, "pol1": -0.765244791798104, "pol2": 0.13034696340382368, "pol3": 0.4151198956644464, "pol4": 0.7759601798803517, "v0s": 2.5746561757988773}, "datetime": {"datetime": "2022-06-13 03:38:23", "elapsed": 5750.456004, "delta": 5.677824}}
{"target": -1.0, "params": {"Bgrad": 1.7236558768239925, "d1": -1.8879346733248719, "d2": -0.6308504569363449, "d3": -0.12081716250432128, "d4": 0.10807659744167042, "p1": 14.733242449943473, "p2": 30.368826947443743, "p3": 14.373643710116523, "p4": 49.91583751422348, "pol1": 0.6290112158847014, "pol2": -0.17204416746126516, "pol3": 0.7582843713284717, "pol4": 0.46500223021690745, "v0s": 7.572481584366536}, "datetime": {"datetime": "2022-06-13 03:38:33", "elapsed": 5760.895102, "delta": 10.439098}}
{"target": -1.0, "params": {"Bgrad": 0.7574160413703863, "d1": -1.8206599803165036, "d2": -2.625053295701431, "d3": -1.7280758732851491, "d4": -1.475245545013848, "p1": 31.635626980937676, "p2": 23.575996917429137, "p3": 35.88344903885235, "p4": 13.461176675085722, "pol1": -0.6538865616356311, "pol2": -0.2417547944492695, "pol3": -0.1238371251442909, "pol4": -0.15574686436833285, "v0s": 7.481418119969151}, "datetime": {"datetime": "2022-06-13 03:38:40", "elapsed": 5767.114479, "delta": 6.219377}}
{"target": -1.0, "params": {"Bgrad": 0.9043505275204314, "d1": -1.5918263892193725, "d2": -2.139161359346692, "d3": -1.5123079543829085, "d4": -1.440578436675564, "p1": 28.771352855593722, "p2": 13.918248931122152, "p3": 12.974615425392406, "p4": 35.953069752826195, "pol1": 0.820357415145089, "pol2": -0.7558063608731169, "pol3": -0.6354220585000303, "pol4": -0.7337807102481937, "v0s": 6.101646096826983}, "datetime": {"datetime": "2022-06-13 03:38:49", "elapsed": 5776.248066, "delta": 9.133587}}
{"target": -1.0, "params": {"Bgrad": 0.8210146590614904, "d1": -0.5817135867745051, "d2": -2.193285060788068, "d3": 0.271028774772498, "d4": -1.7355714709672077, "p1": 33.480838234293806, "p2": 7.436678140128045, "p3": 15.297272354308022, "p4": 14.86207226508382, "pol1": 0.2701598650900978, "pol2": 0.3617610542466734, "pol3": 0.6904972930076474, "pol4": -0.6333061864621534, "v0s": 6.562578585838631}, "datetime": {"datetime": "2022-06-13 03:38:56", "elapsed": 5783.648287, "delta": 7.400221}}
{"target": -1.0, "params": {"Bgrad": 1.5679091034190393, "d1": -0.76982434369011, "d2": -0.3993480547372621, "d3": -2.640019587869211, "d4": -2.4124967371097146, "p1": 20.778586035831793, "p2": 35.568534415051246, "p3": 8.391058181179718, "p4": 19.44895696121542, "pol1": -0.004108092225147741, "pol2": 0.8700914538264173, "pol3": -0.8896075026909889, "pol4": 0.658014981897193, "v0s": 7.904959075392707}, "datetime": {"datetime": "2022-06-13 03:39:06", "elapsed": 5793.48699, "delta": 9.838703}}
{"target": -1.0, "params": {"Bgrad": 0.9009089202798333, "d1": 0.5602292150963653, "d2": -1.8387994448983633, "d3": 0.196029992786527, "d4": -1.160570528003055, "p1": 29.880432443843503, "p2": 11.83336883825512, "p3": 34.38074810804075, "p4": 7.43424330566152, "pol1": 0.11937299800354584, "pol2": -0.011342138911973887, "pol3": 0.6744119918988394, "pol4": -0.03706296925253394, "v0s": 6.708385759920375}, "datetime": {"datetime": "2022-06-13 03:39:17", "elapsed": 5804.236259, "delta": 10.749269}}
{"target": -1.0, "params": {"Bgrad": 1.1004414601036636, "d1": -1.7683762662763791, "d2": 0.14890854551042843, "d3": -1.3261429443543005, "d4": -1.01293575514666, "p1": 28.866126566216447, "p2": 40.983286894466424, "p3": 29.065998731335966, "p4": 20.307145134040493, "pol1": -0.6788263429815145, "pol2": 0.4042226098282178, "pol3": 0.7664656433036694, "pol4": -0.7832422241916956, "v0s": 4.797283854878489}, "datetime": {"datetime": "2022-06-13 03:39:24", "elapsed": 5811.263476, "delta": 7.027217}}
{"target": -1.0, "params": {"Bgrad": 1.9018032577685524, "d1": -0.7459633300993169, "d2": -0.8189859435718789, "d3": -2.7460978004874286, "d4": -0.8587992814846501, "p1": 32.7270651909969, "p2": 7.329592281657227, "p3": 47.81823638234233, "p4": 9.807539597167136, "pol1": 0.34785198711588405, "pol2": -0.45131769318360093, "pol3": -0.7831383323362509, "pol4": -0.4781983926102351, "v0s": 4.004911001108448}, "datetime": {"datetime": "2022-06-13 03:39:34", "elapsed": 5821.600846, "delta": 10.33737}}
{"target": -1.0, "params": {"Bgrad": 0.5397537621209856, "d1": 0.80535430597573, "d2": -0.21433602889367043, "d3": -2.7836964276593714, "d4": -2.8109320345334607, "p1": 10.237828044883535, "p2": 28.533609356505522, "p3": 47.730509424871215, "p4": 35.44061902950572, "pol1": -0.7687319884749446, "pol2": -0.030860754696929282, "pol3": 0.03480989051100858, "pol4": 0.0972774813844175, "v0s": 5.4874857348975805}, "datetime": {"datetime": "2022-06-13 03:39:43", "elapsed": 5830.111099, "delta": 8.510253}}
{"target": -1.0, "params": {"Bgrad": 0.7457186850238047, "d1": 0.41231820840144895, "d2": 0.2028265713624826, "d3": -2.8508620239039812, "d4": -1.206707909012895, "p1": 7.079386100698865, "p2": 31.749885452562015, "p3": 19.23266082894503, "p4": 23.449239626617626, "pol1": -0.273193221326687, "pol2": 0.664954135807508, "pol3": -0.24837598892677848, "pol4": -0.5855688775840366, "v0s": 2.6036486565705634}, "datetime": {"datetime": "2022-06-13 03:39:53", "elapsed": 5840.174202, "delta": 10.063103}}
{"target": -1.0, "params": {"Bgrad": 1.7805258963167034, "d1": -1.401235846913639, "d2": 0.7039468689299717, "d3": -1.016196999839467, "d4": -2.965045917763293, "p1": 41.634478336555446, "p2": 47.67114147753216, "p3": 1.9432270136188923, "p4": 17.519615879536648, "pol1": -0.40413655446964913, "pol2": -0.29442725772535194, "pol3": -0.363600483401854, "pol4": 0.5340598094236138, "v0s": 6.625962806636985}, "datetime": {"datetime": "2022-06-13 03:40:05", "elapsed": 5852.424459, "delta": 12.250257}}
{"target": 4.282742542737729, "params": {"Bgrad": 1.3422609257506126, "d1": -2.924319275715302, "d2": -1.4778691260247143, "d3": -2.1082478941737652, "d4": -1.6412581157004573, "p1": 8.745860307428815, "p2": 5.194833658077103, "p3": 27.113243883650505, "p4": 10.85824455365954, "pol1": 0.06303715601963411, "pol2": -0.09936856607118516, "pol3": -0.64601258448549, "pol4": 0.5421672816096761, "v0s": 4.282742542737729}, "datetime": {"datetime": "2022-06-13 03:40:15", "elapsed": 5862.781776, "delta": 10.357317}}
{"target": -1.0, "params": {"Bgrad": 0.962404095997123, "d1": -1.895270167280021, "d2": -0.15120980809943818, "d3": -0.12002426249607367, "d4": -0.7306027521402343, "p1": 7.701735470573401, "p2": 1.2488828760804482, "p3": 20.650550645537734, "p4": 12.525817515415127, "pol1": -0.4873646670410998, "pol2": -0.8668809487233846, "pol3": 0.7990706937595486, "pol4": -0.3947303323598297, "v0s": 7.869078793343104}, "datetime": {"datetime": "2022-06-13 03:40:26", "elapsed": 5873.264757, "delta": 10.482981}}
{"target": 3.442020334674592, "params": {"Bgrad": 1.9867853200894985, "d1": -2.0467161407826207, "d2": -0.16755606719729643, "d3": -2.31087599497441, "d4": -1.6199543550416649, "p1": 33.382855962289796, "p2": 14.868127865695651, "p3": 30.60789383223501, "p4": 5.082182260450713, "pol1": -0.43073378662604345, "pol2": -0.24648835687809534, "pol3": -0.8508152918393126, "pol4": -0.04340554701416344, "v0s": 3.442020334674592}, "datetime": {"datetime": "2022-06-13 03:40:31", "elapsed": 5878.331215, "delta": 5.066458}}
{"target": 3.4885455200465914, "params": {"Bgrad": 1.5597252677903695, "d1": -0.6755756387885334, "d2": -0.8290657262984817, "d3": -1.372999042778424, "d4": -2.2031337018832127, "p1": 2.090910778714977, "p2": 29.5852622343012, "p3": 19.051398721231095, "p4": 24.474492865937574, "pol1": 0.5234066837371139, "pol2": 0.9204163612928549, "pol3": -0.2697119927680076, "pol4": -0.5377899763633827, "v0s": 3.4885455200465914}, "datetime": {"datetime": "2022-06-13 03:40:37", "elapsed": 5884.66728, "delta": 6.336065}}
{"target": -1.0, "params": {"Bgrad": 1.9509665729844288, "d1": 0.41119190738798617, "d2": -0.8847818816374393, "d3": -2.2079754443205197, "d4": -1.0783429744536028, "p1": 23.96241343313391, "p2": 22.149092767730487, "p3": 13.867958286005866, "p4": 29.84129420650238, "pol1": 0.36132230983562885, "pol2": 0.34001364406222523, "pol3": 0.609136737505247, "pol4": 0.18594942445345541, "v0s": 4.707135703247755}, "datetime": {"datetime": "2022-06-13 03:40:48", "elapsed": 5895.56216, "delta": 10.89488}}
{"target": -1.0, "params": {"Bgrad": 1.1995020106232277, "d1": -2.891480715797585, "d2": -0.8483152388144704, "d3": -1.4051710441574654, "d4": 0.6015799621333446, "p1": 10.613658770088035, "p2": 32.7704336277527, "p3": 30.00458710976635, "p4": 13.103280654374833, "pol1": 0.6611464876754563, "pol2": 0.3097694656013934, "pol3": -0.4069128909332187, "pol4": 0.9993081224776019, "v0s": 5.8935744014841465}, "datetime": {"datetime": "2022-06-13 03:41:00", "elapsed": 5907.610955, "delta": 12.048795}}
{"target": -1.0, "params": {"Bgrad": 0.8412785684920663, "d1": -1.6844625201521497, "d2": -0.07540162995146815, "d3": 0.7826850704099928, "d4": 0.5259775767287014, "p1": 49.000168585599184, "p2": 30.30897559122402, "p3": 13.953478586516809, "p4": 0.6430750803870622, "pol1": 0.21614667073437088, "pol2": -0.6747387603848949, "pol3": -0.7331207501373067, "pol4": 0.21618843785481667, "v0s": 7.703676177344561}, "datetime": {"datetime": "2022-06-13 03:41:09", "elapsed": 5916.127193, "delta": 8.516238}}
{"target": -1.0, "params": {"Bgrad": 0.5930603228379436, "d1": -2.1062445683911273, "d2": -2.825901149136725, "d3": -0.9135039098422646, "d4": -2.805557272586395, "p1": 15.772190568389032, "p2": 45.0341547501659, "p3": 44.076401193841086, "p4": 16.981580041570794, "pol1": -0.8602434922568818, "pol2": -0.48604216696290936, "pol3": 0.14029975076610324, "pol4": 0.6950607687492913, "v0s": 2.678978198242331}, "datetime": {"datetime": "2022-06-13 03:41:16", "elapsed": 5923.140448, "delta": 7.013255}}
{"target": 2.685583933225022, "params": {"Bgrad": 0.5084658568183394, "d1": -0.43715572591638985, "d2": -0.34986890863437337, "d3": -0.2805086659598035, "d4": -2.5692023114906246, "p1": 39.18907316231553, "p2": 16.38564558524954, "p3": 13.502118257066142, "p4": 16.475408178785923, "pol1": 0.859633974811431, "pol2": -0.6242850454346012, "pol3": 0.2611385955828607, "pol4": -0.08035147442883006, "v0s": 2.685583933225022}, "datetime": {"datetime": "2022-06-13 03:41:20", "elapsed": 5927.214559, "delta": 4.074111}}
{"target": -1.0, "params": {"Bgrad": 1.9990941805165, "d1": 0.5718247540827313, "d2": 0.976797058337548, "d3": -1.2318290977211541, "d4": -2.3410129848424543, "p1": 6.873842559591231, "p2": 18.1966603221703, "p3": 12.646778350650845, "p4": 42.92205051587125, "pol1": 0.16045196882494928, "pol2": -0.5967297807481113, "pol3": 0.6309861187679251, "pol4": 0.1743571966658779, "v0s": 3.111138202965444}, "datetime": {"datetime": "2022-06-13 03:41:34", "elapsed": 5941.349777, "delta": 14.135218}}
{"target": -1.0, "params": {"Bgrad": 1.4985372122218708, "d1": 0.9420588024411027, "d2": -2.051261170438287, "d3": -1.8038253576477996, "d4": 0.261240619725577, "p1": 18.00067394466407, "p2": 26.0816813668032, "p3": 17.645852612122003, "p4": 34.75954319922561, "pol1": 0.7841288041394476, "pol2": -0.7981733521789287, "pol3": -0.7305040415212265, "pol4": 0.06619140128041501, "v0s": 5.69488364467397}, "datetime": {"datetime": "2022-06-13 03:41:45", "elapsed": 5952.164871, "delta": 10.815094}}
{"target": -1.0, "params": {"Bgrad": 0.6650066424179651, "d1": 0.18896338216222874, "d2": 0.9131092542643318, "d3": 0.18463062058728497, "d4": -1.1938017265763157, "p1": 2.6830503684758367, "p2": 19.578158471528806, "p3": 24.158828736657167, "p4": 49.98322575990063, "pol1": 0.9407556719058723, "pol2": -0.023512098915564827, "pol3": -0.7324821642579142, "pol4": -0.03784780451592362, "v0s": 6.9207642140657315}, "datetime": {"datetime": "2022-06-13 03:41:52", "elapsed": 5959.402525, "delta": 7.237654}}
