{"target": -1.0, "params": {"Bgrad": 0.5357400820488423, "d1": 0.33096010088536776, "d2": -1.5816958486041681, "d3": -1.2988684399747545, "d4": -0.3797687441166997, "p1": 9.374935134839134, "p2": 32.2477974919525, "p3": 8.137308605994914, "p4": 33.25729955004912, "pol1": 0.6107979798031549, "pol2": 0.4874484780277313, "pol3": 0.7158668753687987, "pol4": 0.534477637675798, "v0s": 6.200811369504066}, "datetime": {"datetime": "2022-04-28 18:02:32", "elapsed": 9065.196063, "delta": 6.605339}}
{"target": -1.0, "params": {"Bgrad": 0.7769323463407437, "d1": 0.6007335032191796, "d2": -0.9900181124297194, "d3": -2.862744151483468, "d4": -2.895938284269073, "p1": 27.691907305760033, "p2": 0.03339408340750638, "p3": 13.971878437413771, "p4": 33.574883329184374, "pol1": -0.20195327168771016, "pol2": -0.6040121855620215, "pol3": 0.7593016911107218, "pol4": 0.9931880684103993, "v0s": 7.83362296718167}, "datetime": {"datetime": "2022-04-28 18:02:40", "elapsed": 9073.045076, "delta": 7.849013}}
{"target": -1.0, "params": {"Bgrad": 1.3334436053001304, "d1": -1.8362129721788767, "d2": -2.574520363762477, "d3": -1.5293009218834928, "d4": 0.17979907310465437, "p1": 27.269153184125205, "p2": 8.325306823279266, "p3": 0.41957244683000217, "p4": 19.59701306717172, "pol1": 0.4713566489236658, "pol2": -0.8360340635380041, "pol3": 0.1773454997670596, "pol4": -0.8774083046719483, "v0s": 3.67042871066563}, "datetime": {"datetime": "2022-04-28 18:02:52", "elapsed": 9084.791668, "delta": 11.746592}}
{"target": -1.0, "params": {"Bgrad": 1.6218782214015608, "d1": -1.9379863336555045, "d2": -1.5775071583676024, "d3": -2.4382218625587493, "d4": -2.6686944650797324, "p1": 13.14223745544676, "p2": 40.44646306481988, "p3": 27.379978936756387, "p4": 21.351069560283143, "pol1": 0.7732620994497303, "pol2": 0.6445434381076103, "pol3": -0.015434638664824973, "pol4": -0.27857249317772204, "v0s": 3.564690490551109}, "datetime": {"datetime": "2022-04-28 18:03:02", "elapsed": 9095.405289, "delta": 10.613621}}
{"target": -1.0, "params": {"Bgrad": 0.821693587315047, "d1": -2.5907227258243157, "d2": -2.4661736909055385, "d3": -0.6387140088949064, "d4": 0.03279493955002222, "p1": 44.60898913487321, "p2": 29.580622708153285, "p3": 40.605593356771216, "p4": 35.32412305543613, "pol1": -0.3692543767626797, "pol2": -0.5316410962665572, "pol3": -0.43806866921818166, "pol4": 0.9376748468648977, "v0s": 5.240386678851451}, "datetime": {"datetime": "2022-04-28 18:03:11", "elapsed": 9104.318456, "delta": 8.913167}}
{"target": -1.0, "params": {"Bgrad": 0.7174167522850845, "d1": -1.2970756367351508, "d2": -1.8628897100457809, "d3": 0.7934860473748553, "d4": -1.4622676122677678, "p1": 4.640897503585418, "p2": 14.90229869923098, "p3": 23.377546693193445, "p4": 45.49712525367151, "pol1": 0.12337328699308192, "pol2": -0.2845829118603105, "pol3": -0.5575927220553449, "pol4": -0.8504462512975943, "v0s": 4.056294881069662}, "datetime": {"datetime": "2022-04-28 18:03:19", "elapsed": 9111.615945, "delta": 7.297489}}
{"target": -1.0, "params": {"Bgrad": 1.2538302306645521, "d1": -0.6089273607316881, "d2": -0.9008219908138475, "d3": -2.570581504174127, "d4": 0.8599060617751126, "p1": 40.09764657611579, "p2": 26.103326689979262, "p3": 13.260418535100554, "p4": 20.636885033939684, "pol1": 0.8415577575806303, "pol2": 0.0481690475787111, "pol3": -0.6651133336154298, "pol4": -0.5987188032166477, "v0s": 4.421955931517047}, "datetime": {"datetime": "2022-04-28 18:03:33", "elapsed": 9126.497155, "delta": 14.88121}}
{"target": -1.0, "params": {"Bgrad": 0.5208807554943784, "d1": 0.4500625775599181, "d2": -2.3924570863147023, "d3": 0.21845639636918746, "d4": -2.980962971774649, "p1": 7.682637030753126, "p2": 16.981317647929078, "p3": 35.07526500628081, "p4": 39.55498907377001, "pol1": 0.6799453597032443, "pol2": 0.7258008815838712, "pol3": -0.23853871667097892, "pol4": -0.2353455452070614, "v0s": 3.362942887979653}, "datetime": {"datetime": "2022-04-28 18:03:41", "elapsed": 9134.265384, "delta": 7.768229}}
{"target": -1.0, "params": {"Bgrad": 0.5723513132757688, "d1": 0.06945484636741428, "d2": -0.748837039999215, "d3": 0.4240106888946209, "d4": -1.1740531122927753, "p1": 37.929911709791256, "p2": 18.134446028458363, "p3": 28.17168502522759, "p4": 44.25108346746417, "pol1": -0.7061453032200873, "pol2": -0.26301935220603645, "pol3": 0.38342881475981616, "pol4": -0.7059504447234739, "v0s": 6.78989076555163}, "datetime": {"datetime": "2022-04-28 18:03:48", "elapsed": 9141.105095, "delta": 6.839711}}
{"target": -1.0, "params": {"Bgrad": 1.9313047298453427, "d1": -0.9449378886690161, "d2": -0.2259233395931699, "d3": 0.783161053512289, "d4": 0.4344227653640167, "p1": 12.139646875324617, "p2": 44.61017757797971, "p3": 49.49848790108898, "p4": 16.861697124927367, "pol1": -0.4476873395033705, "pol2": -0.6097393820302321, "pol3": -0.8786402000772755, "pol4": 0.14556069890625634, "v0s": 3.5880898281554927}, "datetime": {"datetime": "2022-04-28 18:04:03", "elapsed": 9155.910509, "delta": 14.805414}}
{"target": -1.0, "params": {"Bgrad": 0.8350515395335874, "d1": -1.1280096957711785, "d2": 0.9338065044388508, "d3": -0.31928300468438797, "d4": -2.332175937783361, "p1": 48.855020879957216, "p2": 12.980414261315893, "p3": 32.64596501168433, "p4": 24.517469365366228, "pol1": 0.8352865099689712, "pol2": -0.28818529676879456, "pol3": -0.39337390695665353, "pol4": -0.36245284780953324, "v0s": 2.5040678433111787}, "datetime": {"datetime": "2022-04-28 18:04:14", "elapsed": 9167.010828, "delta": 11.100319}}
{"target": -1.0, "params": {"Bgrad": 0.7319301350378298, "d1": 0.8407688468381975, "d2": -0.07301881787821829, "d3": -0.2453372376264249, "d4": -2.46779158082111, "p1": 19.834881897357924, "p2": 29.572684582655473, "p3": 39.45401094340355, "p4": 30.020870088971957, "pol1": -0.631569079009646, "pol2": 0.9018850268964935, "pol3": 0.5883471716815549, "pol4": -0.7880529325318257, "v0s": 4.784977809152713}, "datetime": {"datetime": "2022-04-28 18:04:22", "elapsed": 9175.520077, "delta": 8.509249}}
{"target": 4.982651541135311, "params": {"Bgrad": 0.7542120204062244, "d1": -0.6744222845284353, "d2": 0.04083178029111112, "d3": 0.05462634596157123, "d4": -2.561427315531105, "p1": 41.389911162346934, "p2": 43.066787701139454, "p3": 31.64316439535733, "p4": 35.07429222733582, "pol1": -0.4161823760055625, "pol2": 0.05662627716315227, "pol3": 0.42094205608237023, "pol4": -0.707563785834983, "v0s": 4.982651541135311}, "datetime": {"datetime": "2022-04-28 18:04:30", "elapsed": 9182.769692, "delta": 7.249615}}
{"target": -1.0, "params": {"Bgrad": 1.7988771928232155, "d1": -2.4900434843488393, "d2": 0.9493276904286692, "d3": -0.28538503607921184, "d4": -0.5623519480765351, "p1": 44.17362669206021, "p2": 44.50329640839147, "p3": 43.538833963372106, "p4": 14.352786474301665, "pol1": 0.7080337686805365, "pol2": -0.06645978837264943, "pol3": -0.07164768092091145, "pol4": 0.6887335216618284, "v0s": 7.829156588104389}, "datetime": {"datetime": "2022-04-28 18:04:46", "elapsed": 9198.885602, "delta": 16.11591}}
{"target": -1.0, "params": {"Bgrad": 1.837046568372051, "d1": 0.20136578886961276, "d2": 0.4385594843238194, "d3": -2.3496037724341026, "d4": -1.4664649391878433, "p1": 46.373240325740305, "p2": 15.582246429402991, "p3": 27.09630301425135, "p4": 36.20257523885679, "pol1": 0.07394588078056774, "pol2": 0.19153211784362223, "pol3": 0.14921964618375005, "pol4": 0.3793052261832872, "v0s": 2.8186445777624023}, "datetime": {"datetime": "2022-04-28 18:05:04", "elapsed": 9216.765793, "delta": 17.880191}}
{"target": -1.0, "params": {"Bgrad": 1.7634811610281491, "d1": -1.0628335533605155, "d2": -2.9973583027595523, "d3": -2.9496024909052045, "d4": 0.9648819416042542, "p1": 28.385804276810816, "p2": 27.782428529719116, "p3": 8.091727291640833, "p4": 43.29670086188667, "pol1": -0.9016906528666491, "pol2": -0.7099655325401324, "pol3": 0.24416494716155968, "pol4": 0.5897102701672357, "v0s": 6.640233221132161}, "datetime": {"datetime": "2022-04-28 18:05:19", "elapsed": 9231.535302, "delta": 14.769509}}
{"target": -1.0, "params": {"Bgrad": 0.7664551497635261, "d1": -0.6840697239313367, "d2": 0.8657809428248813, "d3": -0.26642704540105466, "d4": -1.0586100720422165, "p1": 43.99277271131838, "p2": 12.87446062360209, "p3": 7.861899183076187, "p4": 36.380194344409524, "pol1": 0.8366385349619903, "pol2": -0.5493994583250337, "pol3": -0.7845397548789903, "pol4": 0.20514752128300318, "v0s": 7.107941393533114}, "datetime": {"datetime": "2022-04-28 18:05:26", "elapsed": 9239.370352, "delta": 7.83505}}
{"target": -1.0, "params": {"Bgrad": 0.7683016265342304, "d1": -1.723252964335321, "d2": -0.8014017744630229, "d3": -1.55187932001644, "d4": -1.7438789862767186, "p1": 41.50767556381798, "p2": 10.02994395306302, "p3": 4.7454215038299825, "p4": 23.56444979789926, "pol1": 0.7733806130194008, "pol2": -0.05957057181066139, "pol3": 0.9645775739188942, "pol4": -0.5339652052211652, "v0s": 7.462976826023903}, "datetime": {"datetime": "2022-04-28 18:05:36", "elapsed": 9248.674475, "delta": 9.304123}}
{"target": -1.0, "params": {"Bgrad": 0.846476556553873, "d1": -0.7466372649709787, "d2": -2.495280680332832, "d3": 0.7918748776402, "d4": 0.3452934557855154, "p1": 2.9301253370943914, "p2": 42.621653400697376, "p3": 22.51205055430291, "p4": 7.398781158405521, "pol1": 0.43314937867473335, "pol2": -0.61920576318212, "pol3": -0.5224460990707342, "pol4": -0.26776375038221256, "v0s": 7.168092813251958}, "datetime": {"datetime": "2022-04-28 18:05:45", "elapsed": 9257.9776, "delta": 9.303125}}
{"target": -1.0, "params": {"Bgrad": 0.9974345637851889, "d1": -0.06780619617946426, "d2": 0.5356602531846284, "d3": -1.8037917093146052, "d4": -1.963402483521071, "p1": 10.91446092160372, "p2": 35.380503817472324, "p3": 0.21069326957391943, "p4": 5.135099148980071, "pol1": 0.9232090501659753, "pol2": -0.8266618704613544, "pol3": 0.3113153717159234, "pol4": 0.26126835413681193, "v0s": 4.769098833682209}, "datetime": {"datetime": "2022-04-28 18:05:56", "elapsed": 9268.656048, "delta": 10.678448}}
{"target": -1.0, "params": {"Bgrad": 1.523584226881784, "d1": -1.4632557679085072, "d2": -1.7952265915342438, "d3": -1.0142554558640766, "d4": -0.7088433087968959, "p1": 3.1924505018079308, "p2": 39.48730539303606, "p3": 20.447826565715204, "p4": 14.849401369908943, "pol1": 0.5557204781653984, "pol2": 0.16293637937557448, "pol3": 0.9118091020359094, "pol4": -0.3106063891235662, "v0s": 3.3116596654175625}, "datetime": {"datetime": "2022-04-28 18:06:12", "elapsed": 9284.664245, "delta": 16.008197}}
{"target": -1.0, "params": {"Bgrad": 1.406920063848794, "d1": -0.9288014571106284, "d2": -0.07801108415819868, "d3": -0.8337178953958988, "d4": -1.359384587543901, "p1": 37.4534809901864, "p2": 42.53965357220563, "p3": 37.73204308542258, "p4": 49.84249991256165, "pol1": -0.4065779944098613, "pol2": 0.2610857016285273, "pol3": -0.4151485092068732, "pol4": -0.8178216480259377, "v0s": 2.375679473219976}, "datetime": {"datetime": "2022-04-28 18:06:20", "elapsed": 9293.199423, "delta": 8.535178}}
{"target": 4.132857501786674, "params": {"Bgrad": 1.980165098006421, "d1": 0.10571830967156393, "d2": 0.18304125074740663, "d3": -2.282423377252569, "d4": -0.808740517982018, "p1": 38.11588682528985, "p2": 27.406415395527834, "p3": 23.72915251982215, "p4": 32.06393910340422, "pol1": -0.03640290152344172, "pol2": 0.5484793424825123, "pol3": 0.8483343615487982, "pol4": 0.29008750370690994, "v0s": 4.132857501786674}, "datetime": {"datetime": "2022-04-28 18:06:30", "elapsed": 9302.654143, "delta": 9.45472}}
{"target": -1.0, "params": {"Bgrad": 1.2288304984110314, "d1": -1.831029986381501, "d2": -0.5317282168207593, "d3": -1.7174118842612014, "d4": -1.9064123826137513, "p1": 49.79812626412164, "p2": 44.6638385557396, "p3": 36.75708158444789, "p4": 8.133122343321569, "pol1": 0.6709699982360906, "pol2": 0.06823330417077167, "pol3": -0.10002637949056181, "pol4": 0.9284527130364508, "v0s": 5.078664391953486}, "datetime": {"datetime": "2022-04-28 18:06:44", "elapsed": 9317.377775, "delta": 14.723632}}
{"target": -1.0, "params": {"Bgrad": 1.3612188839686623, "d1": -2.9725338372102974, "d2": -1.3839592828317056, "d3": -2.9965513815488585, "d4": -2.306336480534039, "p1": 46.870685762907605, "p2": 30.87168030010433, "p3": 36.384338741969216, "p4": 11.586524029075424, "pol1": -0.7412916210384195, "pol2": 0.4534723471740336, "pol3": 0.46216147793142603, "pol4": -0.2072650672012024, "v0s": 5.757487465511353}, "datetime": {"datetime": "2022-04-28 18:06:56", "elapsed": 9329.335801, "delta": 11.958026}}
{"target": -1.0, "params": {"Bgrad": 1.7880390002025466, "d1": 0.8927856626838073, "d2": 0.5051856167867119, "d3": -1.1893429806042746, "d4": -2.7343169785887618, "p1": 38.35654921510144, "p2": 19.92756845538094, "p3": 20.95268923898348, "p4": 46.948300254914585, "pol1": 0.8405688459455012, "pol2": 0.059991894023027736, "pol3": -0.46552002537210213, "pol4": 0.4454302288060965, "v0s": 4.386560970099246}, "datetime": {"datetime": "2022-04-28 18:07:16", "elapsed": 9349.074025, "delta": 19.738224}}
{"target": -1.0, "params": {"Bgrad": 1.914022416458974, "d1": -1.5753808530926858, "d2": 0.5951445404671722, "d3": -1.1417084024919157, "d4": -1.8830810816470933, "p1": 21.209928489329645, "p2": 16.259632347972435, "p3": 12.897080677814182, "p4": 8.977859396180088, "pol1": -0.21049504167758393, "pol2": -0.1402753754208519, "pol3": -0.9811154183065354, "pol4": -0.9336805798368899, "v0s": 7.537348871927264}, "datetime": {"datetime": "2022-04-28 18:07:33", "elapsed": 9366.505416, "delta": 17.431391}}
{"target": -1.0, "params": {"Bgrad": 1.3069694243284529, "d1": -0.12929599380592904, "d2": -0.7361062241173202, "d3": 0.8442316873418423, "d4": -0.01027008943267571, "p1": 14.309232355490003, "p2": 21.741909436789175, "p3": 14.380114617089019, "p4": 38.964291261333244, "pol1": 0.2601672033143545, "pol2": -0.8288386527255676, "pol3": -0.6439808951847359, "pol4": 0.2670936327357598, "v0s": 3.760218739540413}, "datetime": {"datetime": "2022-04-28 18:07:48", "elapsed": 9380.936829, "delta": 14.431413}}
{"target": -1.0, "params": {"Bgrad": 0.8979309467280787, "d1": -0.18353318730899693, "d2": -2.616124927640793, "d3": 0.17999780412979183, "d4": -0.5373763305749848, "p1": 26.24024509467347, "p2": 16.697896998388284, "p3": 28.199368471139458, "p4": 21.83196018297005, "pol1": -0.7871299119455557, "pol2": 0.8343232255156587, "pol3": 0.6131522802873708, "pol4": -0.44303721197940393, "v0s": 4.950018248282431}, "datetime": {"datetime": "2022-04-28 18:07:57", "elapsed": 9390.031511, "delta": 9.094682}}
{"target": -1.0, "params": {"Bgrad": 0.743863834266276, "d1": -2.7579514180129, "d2": -2.270538604907338, "d3": 0.47242486475312884, "d4": 0.35115426383822923, "p1": 32.216418154533635, "p2": 44.951057417254994, "p3": 10.99659988904747, "p4": 46.838697508848206, "pol1": -0.022345475407284487, "pol2": 0.3262969561492992, "pol3": 0.6027714720381709, "pol4": -0.9425423033858504, "v0s": 3.369666694732895}, "datetime": {"datetime": "2022-04-28 18:08:08", "elapsed": 9401.520792, "delta": 11.489281}}
{"target": -1.0, "params": {"Bgrad": 1.678932872246077, "d1": -1.395658336708459, "d2": -1.29887222097538, "d3": 0.8049526698336016, "d4": -2.4965118767415766, "p1": 1.0889380406204074, "p2": 20.291075097995016, "p3": 29.185834576086883, "p4": 2.016401197985074, "pol1": 0.22778647390223616, "pol2": 0.9902654564728346, "pol3": 0.5341345588945969, "pol4": 0.9165472270672854, "v0s": 5.197966129016025}, "datetime": {"datetime": "2022-04-28 18:08:25", "elapsed": 9417.615757, "delta": 16.094965}}
{"target": -1.0, "params": {"Bgrad": 1.2797551615500515, "d1": -1.301362669096358, "d2": -2.2700116172794496, "d3": -1.5834563062118137, "d4": 0.827496367187921, "p1": 30.624588646780687, "p2": 19.76279353218689, "p3": 48.70051201234907, "p4": 37.382910524598174, "pol1": 0.5886971488967256, "pol2": -0.076906589235608, "pol3": 0.540242035477192, "pol4": -0.06565080036969029, "v0s": 2.3711254579494394}, "datetime": {"datetime": "2022-04-28 18:08:35", "elapsed": 9428.511623, "delta": 10.895866}}
{"target": -1.0, "params": {"Bgrad": 1.89270688096836, "d1": -1.9400520713769684, "d2": -0.031162950455772, "d3": 0.29868666319382564, "d4": -2.5113714160070555, "p1": 9.156662857360276, "p2": 32.37848504866903, "p3": 41.22291088277232, "p4": 36.98061583336276, "pol1": 0.12137469368964715, "pol2": -0.4679021071764724, "pol3": 0.15828006421587104, "pol4": 0.48368801248125304, "v0s": 3.5928066456824728}, "datetime": {"datetime": "2022-04-28 18:08:57", "elapsed": 9450.393116, "delta": 21.881493}}
{"target": 2.8122148971191407, "params": {"Bgrad": 0.9440268871528465, "d1": -2.968950920267654, "d2": -2.0288648522134, "d3": -2.032016561572813, "d4": -2.105462557408474, "p1": 14.678425127776062, "p2": 29.61305109581282, "p3": 30.611477189805637, "p4": 27.910051563031296, "pol1": -0.2777170908044664, "pol2": 0.3532141138336904, "pol3": 0.2758618269564166, "pol4": 0.02330109419461146, "v0s": 2.8122148971191407}, "datetime": {"datetime": "2022-04-28 18:09:04", "elapsed": 9457.257761, "delta": 6.864645}}
{"target": 2.096416916979866, "params": {"Bgrad": 1.806519615589618, "d1": -0.9849252213288087, "d2": -0.9881209540280178, "d3": 0.7352557263798052, "d4": -1.0503145395736562, "p1": 27.7653587285031, "p2": 26.447111759900288, "p3": 48.40728819133766, "p4": 13.6221153337526, "pol1": -0.04475711834156337, "pol2": 0.06275704359881207, "pol3": -0.7293284387419625, "pol4": -0.3784203627535898, "v0s": 2.096416916979866}, "datetime": {"datetime": "2022-04-28 18:09:14", "elapsed": 9466.715473, "delta": 9.457712}}
{"target": -1.0, "params": {"Bgrad": 1.3405966058182452, "d1": -1.4131219594749425, "d2": -2.9526489254473245, "d3": 0.342966304468296, "d4": -1.837212752202495, "p1": 22.52681275135368, "p2": 28.932730012653487, "p3": 5.816399364360541, "p4": 41.891074805085346, "pol1": 0.4544148923889222, "pol2": 0.7695982312233927, "pol3": 0.88454505057708, "pol4": 0.6878821841672786, "v0s": 4.645811368630096}, "datetime": {"datetime": "2022-04-28 18:09:26", "elapsed": 9478.54983, "delta": 11.834357}}
{"target": -1.0, "params": {"Bgrad": 1.1005326397965671, "d1": -2.2051706035713656, "d2": 0.8918846462197436, "d3": -1.216102230456817, "d4": 0.7770405614474596, "p1": 47.90049502278733, "p2": 20.26497618291372, "p3": 9.51578174268185, "p4": 2.771410610996167, "pol1": -0.27025054804296267, "pol2": 0.8822900032257301, "pol3": 0.15474268536875435, "pol4": 0.43065847085544107, "v0s": 4.817086627261672}, "datetime": {"datetime": "2022-04-28 18:09:45", "elapsed": 9497.736528, "delta": 19.186698}}
{"target": -1.0, "params": {"Bgrad": 0.9341441478756424, "d1": -2.1170551436928484, "d2": 0.8302432272864011, "d3": -1.514554432325022, "d4": -2.256806177214532, "p1": 17.769618213519657, "p2": 7.002793453311179, "p3": 38.13392439299067, "p4": 14.929682587411818, "pol1": -0.40177463012722936, "pol2": -0.04756603294068973, "pol3": -0.3743588145779071, "pol4": -0.410984472981889, "v0s": 4.099133389480787}, "datetime": {"datetime": "2022-04-28 18:10:03", "elapsed": 9516.169242, "delta": 18.432714}}
{"target": -1.0, "params": {"Bgrad": 0.5042033869457271, "d1": -0.7173238154664348, "d2": -2.9642242244592323, "d3": 0.7971805895683834, "d4": 0.5676689605253795, "p1": 40.23589393304602, "p2": 37.389679274083505, "p3": 18.127137366322177, "p4": 26.338347573742016, "pol1": 0.7540338462444525, "pol2": 0.26148728080203076, "pol3": -0.9711500252363434, "pol4": 0.7030109878120754, "v0s": 3.5356407522296722}, "datetime": {"datetime": "2022-04-28 18:10:10", "elapsed": 9522.695791, "delta": 6.526549}}
{"target": -1.0, "params": {"Bgrad": 1.5085672105868662, "d1": 0.6773700117047445, "d2": -0.7762627187346305, "d3": 0.6000003488997412, "d4": -1.877907017978353, "p1": 39.27436379377843, "p2": 7.199321049605912, "p3": 20.286460742800884, "p4": 19.240075787955686, "pol1": -0.8460761693535905, "pol2": -0.48262701983419, "pol3": -0.7687718394770471, "pol4": 0.4697013706089255, "v0s": 4.202480378409569}, "datetime": {"datetime": "2022-04-28 18:10:25", "elapsed": 9537.725604, "delta": 15.029813}}
{"target": -1.0, "params": {"Bgrad": 0.8361951158565646, "d1": -2.2873833900646123, "d2": 0.0912596910706922, "d3": 0.2810585528777616, "d4": -0.2691390010078494, "p1": 44.043599312934425, "p2": 14.893047290290346, "p3": 1.2568432464614698, "p4": 34.75734013488192, "pol1": 0.8433977892545139, "pol2": 0.9217991605954712, "pol3": 0.6896649668200137, "pol4": 0.9465531552967446, "v0s": 2.7753307862782672}, "datetime": {"datetime": "2022-04-28 18:10:31", "elapsed": 9543.969909, "delta": 6.244305}}
{"target": -1.0, "params": {"Bgrad": 0.855102511453486, "d1": -2.323314300066454, "d2": 0.09610148794984141, "d3": 0.5785319896464833, "d4": -2.9098786656142086, "p1": 10.738244654167673, "p2": 8.31133257726228, "p3": 38.08913099772093, "p4": 11.72495564799113, "pol1": 0.1386535347952067, "pol2": 0.9732360610405031, "pol3": 0.6125678494585138, "pol4": -0.36155926497494306, "v0s": 2.632722560160495}, "datetime": {"datetime": "2022-04-28 18:10:41", "elapsed": 9554.123759, "delta": 10.15385}}
{"target": -1.0, "params": {"Bgrad": 1.88279069928027, "d1": -1.764835965743409, "d2": -1.1289406972220162, "d3": -1.463790154430689, "d4": -0.220522562611563, "p1": 6.298444226222916, "p2": 29.35529825674334, "p3": 15.712469055136552, "p4": 31.91415810377835, "pol1": -0.34066121387611226, "pol2": -0.27617799810212973, "pol3": -0.4249372493757335, "pol4": 0.011177741606248182, "v0s": 5.907314369603207}, "datetime": {"datetime": "2022-04-28 18:10:58", "elapsed": 9571.046511, "delta": 16.922752}}
