{"target": 3.5781624812915522, "params": {"Bgrad": 1.0778816915650573, "d1": -1.760587946410904, "d2": -0.7834975943003242, "d3": -2.746673123312455, "d4": -0.9009060885011384, "p1": 10.405158238303457, "p2": 9.943665189977875, "p3": 35.91639438547366, "p4": 29.67695844631995, "pol1": 0.3642034549610478, "pol2": -0.13763101473397854, "pol3": 0.7964575795854059, "pol4": 0.5641243584622213, "v0s": 3.5781624812915522}, "datetime": {"datetime": "2022-06-25 00:13:01", "elapsed": 1853.608825, "delta": 12.973308}}
{"target": 3.5352572552577954, "params": {"Bgrad": 0.5, "d1": -2.7331427761873823, "d2": -1.166905555335821, "d3": -0.9648609383225916, "d4": -2.1945002508795075, "p1": 14.312025765716575, "p2": 3.8983734518372635, "p3": 33.63445056850944, "p4": 21.612695301484024, "pol1": -1.0, "pol2": 0.9123098324452251, "pol3": 0.5648633323563902, "pol4": 1.0, "v0s": 3.5352572552577954}, "datetime": {"datetime": "2022-06-25 00:13:08", "elapsed": 1859.719485, "delta": 6.11066}}
{"target": 2.948369686114246, "params": {"Bgrad": 1.7673886949074082, "d1": -0.15048262752458408, "d2": -0.894006913335502, "d3": -2.133664965512951, "d4": -1.6239044848814324, "p1": 47.03236606436876, "p2": 45.35352759917242, "p3": 7.627461571749783, "p4": 15.60729007087689, "pol1": 0.5116992744726723, "pol2": 0.10213991301547765, "pol3": -0.5766289482859035, "pol4": 0.04026368757075649, "v0s": 2.948369686114246}, "datetime": {"datetime": "2022-06-25 00:13:14", "elapsed": 1866.152285, "delta": 6.4328}}
{"target": -1.0, "params": {"Bgrad": 1.4629222497070733, "d1": -0.3057762603302483, "d2": -0.2528089009931427, "d3": -1.3352886906734218, "d4": -0.38255913623741566, "p1": 41.00847499837064, "p2": 20.962647957646418, "p3": 29.65355476082634, "p4": 15.191892685863117, "pol1": 0.38603810719524545, "pol2": 0.3318379331545067, "pol3": -0.05922648786032503, "pol4": -0.9180991339835021, "v0s": 3.6441335044427374}, "datetime": {"datetime": "2022-06-25 00:13:30", "elapsed": 1881.97597, "delta": 15.823685}}
{"target": -1.0, "params": {"Bgrad": 0.9193470590961965, "d1": -0.6187543818126549, "d2": -0.5912569910840619, "d3": -1.860186027843303, "d4": -2.141891247120351, "p1": 9.84745500697315, "p2": 14.998383738901572, "p3": 5.574973401917443, "p4": 31.452943591921372, "pol1": 0.8576734838436544, "pol2": -0.048716766391562194, "pol3": 0.8907184760707791, "pol4": -0.5753934298766454, "v0s": 4.3834173511870125}, "datetime": {"datetime": "2022-06-25 00:13:42", "elapsed": 1894.337915, "delta": 12.361945}}
{"target": -1.0, "params": {"Bgrad": 0.9948219647613488, "d1": -0.957814100961552, "d2": 0.44184501459765, "d3": -1.9150641592207434, "d4": -1.5415328687544867, "p1": 30.658136304405204, "p2": 28.05667505394015, "p3": 6.088477853363605, "p4": 44.21248638719737, "pol1": -0.49887078138743246, "pol2": -0.2473092282823599, "pol3": 0.33169809806349604, "pol4": -0.9948062009275322, "v0s": 3.1642369179861105}, "datetime": {"datetime": "2022-06-25 00:13:50", "elapsed": 1901.911662, "delta": 7.573747}}
{"target": 5.070676236025789, "params": {"Bgrad": 2.0, "d1": -2.3440363143887044, "d2": -1.2729142110428047, "d3": -2.3067837153213753, "d4": 0.2608342886818978, "p1": 2.4741292766367713, "p2": 12.25128160008611, "p3": 36.837144584648456, "p4": 31.813828381659928, "pol1": 0.833246672403507, "pol2": -0.6868569021738703, "pol3": -0.7421836565155304, "pol4": 0.8589697278616708, "v0s": 5.070676236025789}, "datetime": {"datetime": "2022-06-25 00:14:04", "elapsed": 1916.197462, "delta": 14.2858}}
{"target": 4.6122597391552045, "params": {"Bgrad": 1.0389016626006629, "d1": -2.9995884470167202, "d2": -1.7173854583694728, "d3": -1.4470379987944857, "d4": 0.28139224078039593, "p1": 5.06061317138577, "p2": 12.783526357367492, "p3": 33.316395408131825, "p4": 31.130011836249338, "pol1": -0.954632738372122, "pol2": -0.6751094963413087, "pol3": 0.14645193529915201, "pol4": 0.9074565824907463, "v0s": 4.6122597391552045}, "datetime": {"datetime": "2022-06-25 00:14:16", "elapsed": 1927.948041, "delta": 11.750579}}
{"target": -1.0, "params": {"Bgrad": 0.6987896897973935, "d1": -2.209976202905002, "d2": -2.7756924548781434, "d3": -2.487425263894852, "d4": -1.0999446113253382, "p1": 10.779301926830914, "p2": 7.193172708014062, "p3": 35.45552595078541, "p4": 29.26149359605897, "pol1": 0.6970913645238848, "pol2": 0.8496471119785536, "pol3": 0.45266785722356806, "pol4": 0.8729735927779241, "v0s": 2.698583111655724}, "datetime": {"datetime": "2022-06-25 00:14:25", "elapsed": 1936.844252, "delta": 8.896211}}
{"target": -1.0, "params": {"Bgrad": 0.8053048403893277, "d1": -2.2434750520301403, "d2": -0.15357185072597446, "d3": 0.17227755616542995, "d4": -1.561532388242914, "p1": 2.5120227424012596, "p2": 13.705376809755803, "p3": 31.639918091666626, "p4": 33.63209128079694, "pol1": -0.5991715186914635, "pol2": -0.7532670841629492, "pol3": 0.9843671562274592, "pol4": 0.13437965924181317, "v0s": 6.1602876161602085}, "datetime": {"datetime": "2022-06-25 00:14:58", "elapsed": 1970.152189, "delta": 33.307937}}
{"target": -1.0, "params": {"Bgrad": 1.9221990763976768, "d1": -1.8262501576531847, "d2": -0.3951139319104957, "d3": -1.3721760655849256, "d4": -0.36929270081072474, "p1": 48.490242858781436, "p2": 46.44255479114003, "p3": 5.559548544544257, "p4": 13.487712959223263, "pol1": 0.2167994916339233, "pol2": -0.7461693797770432, "pol3": -0.10765753047283133, "pol4": 0.3792415141889427, "v0s": 3.8990828430813718}, "datetime": {"datetime": "2022-06-25 00:15:10", "elapsed": 1982.650766, "delta": 12.498577}}
{"target": 3.5647757600442036, "params": {"Bgrad": 1.352925899675462, "d1": -2.6227647920664183, "d2": -1.0566508499772571, "d3": -0.9098762871111754, "d4": 0.4392342736775663, "p1": 9.823318247156633, "p2": 25.795524247640003, "p3": 17.070051512602024, "p4": 38.31705799085397, "pol1": 0.45190086879813435, "pol2": -0.13326889877328185, "pol3": -0.619648169897726, "pol4": -0.8789702174945041, "v0s": 3.5647757600442036}, "datetime": {"datetime": "2022-06-25 00:15:19", "elapsed": 1990.690268, "delta": 8.039502}}
{"target": -1.0, "params": {"Bgrad": 1.3805887424259808, "d1": -1.5734781843130212, "d2": -1.1201616460657904, "d3": -0.8388648210225936, "d4": 0.4310508705252236, "p1": 9.942308159577301, "p2": 25.71674331460873, "p3": 17.239260275885286, "p4": 38.058447743272225, "pol1": 0.1509397502596312, "pol2": 0.026759469640747442, "pol3": -0.589944205646983, "pol4": -0.7547345380322174, "v0s": 3.1136754264094373}, "datetime": {"datetime": "2022-06-25 00:15:32", "elapsed": 2004.594089, "delta": 13.903821}}
{"target": -1.0, "params": {"Bgrad": 0.8529876720481424, "d1": -1.6823457522981, "d2": -0.5805084537614658, "d3": -2.4269248442893305, "d4": -1.211440579969599, "p1": 9.027410480782393, "p2": 13.50171156317453, "p3": 7.754765706669992, "p4": 28.755233212084256, "pol1": -0.006554349573298923, "pol2": 0.33691698074641985, "pol3": -0.3690332527755189, "pol4": 0.20800345319619895, "v0s": 5.07759552334129}, "datetime": {"datetime": "2022-06-25 00:15:45", "elapsed": 2017.077709, "delta": 12.48362}}
{"target": -1.0, "params": {"Bgrad": 0.8529876720481424, "d1": -1.6823457522981, "d2": -0.5805084537614658, "d3": -2.4269248442893305, "d4": -1.211440579969599, "p1": 9.027410480782393, "p2": 13.50171156317453, "p3": 7.754765706669992, "p4": 28.755233212084256, "pol1": -0.006554349573298923, "pol2": 0.33691698074641985, "pol3": -0.3690332527755189, "pol4": 0.20800345319619895, "v0s": 5.07759552334129}, "datetime": {"datetime": "2022-06-25 00:15:45", "elapsed": 2017.138546, "delta": 0.060837}}
{"target": -1.0, "params": {"Bgrad": 0.8529876720481424, "d1": -1.6823457522981, "d2": -0.5805084537614658, "d3": -2.4269248442893305, "d4": -1.211440579969599, "p1": 9.027410480782393, "p2": 13.50171156317453, "p3": 7.754765706669992, "p4": 28.755233212084256, "pol1": -0.006554349573298923, "pol2": 0.33691698074641985, "pol3": -0.3690332527755189, "pol4": 0.20800345319619895, "v0s": 5.07759552334129}, "datetime": {"datetime": "2022-06-25 00:15:45", "elapsed": 2017.141538, "delta": 0.002992}}
{"target": -1.0, "params": {"Bgrad": 0.8529876720481424, "d1": -1.6823457522981, "d2": -0.5805084537614658, "d3": -2.4269248442893305, "d4": -1.211440579969599, "p1": 9.027410480782393, "p2": 13.50171156317453, "p3": 7.754765706669992, "p4": 28.755233212084256, "pol1": -0.006554349573298923, "pol2": 0.33691698074641985, "pol3": -0.3690332527755189, "pol4": 0.20800345319619895, "v0s": 5.07759552334129}, "datetime": {"datetime": "2022-06-25 00:15:45", "elapsed": 2017.143532, "delta": 0.001994}}
{"target": -1.0, "params": {"Bgrad": 0.8529876720481424, "d1": -1.6823457522981, "d2": -0.5805084537614658, "d3": -2.4269248442893305, "d4": -1.211440579969599, "p1": 9.027410480782393, "p2": 13.50171156317453, "p3": 7.754765706669992, "p4": 28.755233212084256, "pol1": -0.006554349573298923, "pol2": 0.33691698074641985, "pol3": -0.3690332527755189, "pol4": 0.20800345319619895, "v0s": 5.07759552334129}, "datetime": {"datetime": "2022-06-25 00:15:45", "elapsed": 2017.145527, "delta": 0.001995}}
{"target": -1.0, "params": {"Bgrad": 0.8529876720481424, "d1": -1.6823457522981, "d2": -0.5805084537614658, "d3": -2.4269248442893305, "d4": -1.211440579969599, "p1": 9.027410480782393, "p2": 13.50171156317453, "p3": 7.754765706669992, "p4": 28.755233212084256, "pol1": -0.006554349573298923, "pol2": 0.33691698074641985, "pol3": -0.3690332527755189, "pol4": 0.20800345319619895, "v0s": 5.07759552334129}, "datetime": {"datetime": "2022-06-25 00:15:45", "elapsed": 2017.148518, "delta": 0.002991}}
{"target": -1.0, "params": {"Bgrad": 0.8529876720481424, "d1": -1.6823457522981, "d2": -0.5805084537614658, "d3": -2.4269248442893305, "d4": -1.211440579969599, "p1": 9.027410480782393, "p2": 13.50171156317453, "p3": 7.754765706669992, "p4": 28.755233212084256, "pol1": -0.006554349573298923, "pol2": 0.33691698074641985, "pol3": -0.3690332527755189, "pol4": 0.20800345319619895, "v0s": 5.07759552334129}, "datetime": {"datetime": "2022-06-25 00:15:45", "elapsed": 2017.151515, "delta": 0.002997}}
{"target": -1.0, "params": {"Bgrad": 0.8529876720481424, "d1": -1.6823457522981, "d2": -0.5805084537614658, "d3": -2.4269248442893305, "d4": -1.211440579969599, "p1": 9.027410480782393, "p2": 13.50171156317453, "p3": 7.754765706669992, "p4": 28.755233212084256, "pol1": -0.006554349573298923, "pol2": 0.33691698074641985, "pol3": -0.3690332527755189, "pol4": 0.20800345319619895, "v0s": 5.07759552334129}, "datetime": {"datetime": "2022-06-25 00:15:45", "elapsed": 2017.154505, "delta": 0.00299}}
{"target": -1.0, "params": {"Bgrad": 0.8529876720481424, "d1": -1.6823457522981, "d2": -0.5805084537614658, "d3": -2.4269248442893305, "d4": -1.211440579969599, "p1": 9.027410480782393, "p2": 13.50171156317453, "p3": 7.754765706669992, "p4": 28.755233212084256, "pol1": -0.006554349573298923, "pol2": 0.33691698074641985, "pol3": -0.3690332527755189, "pol4": 0.20800345319619895, "v0s": 5.07759552334129}, "datetime": {"datetime": "2022-06-25 00:15:45", "elapsed": 2017.156498, "delta": 0.001993}}
{"target": -1.0, "params": {"Bgrad": 0.8529876720481424, "d1": -1.6823457522981, "d2": -0.5805084537614658, "d3": -2.4269248442893305, "d4": -1.211440579969599, "p1": 9.027410480782393, "p2": 13.50171156317453, "p3": 7.754765706669992, "p4": 28.755233212084256, "pol1": -0.006554349573298923, "pol2": 0.33691698074641985, "pol3": -0.3690332527755189, "pol4": 0.20800345319619895, "v0s": 5.07759552334129}, "datetime": {"datetime": "2022-06-25 00:15:45", "elapsed": 2017.15949, "delta": 0.002992}}
{"target": -1.0, "params": {"Bgrad": 0.8529876720481424, "d1": -1.6823457522981, "d2": -0.5805084537614658, "d3": -2.4269248442893305, "d4": -1.211440579969599, "p1": 9.027410480782393, "p2": 13.50171156317453, "p3": 7.754765706669992, "p4": 28.755233212084256, "pol1": -0.006554349573298923, "pol2": 0.33691698074641985, "pol3": -0.3690332527755189, "pol4": 0.20800345319619895, "v0s": 5.07759552334129}, "datetime": {"datetime": "2022-06-25 00:15:45", "elapsed": 2017.161485, "delta": 0.001995}}
{"target": -1.0, "params": {"Bgrad": 0.8529876720481424, "d1": -1.6823457522981, "d2": -0.5805084537614658, "d3": -2.4269248442893305, "d4": -1.211440579969599, "p1": 9.027410480782393, "p2": 13.50171156317453, "p3": 7.754765706669992, "p4": 28.755233212084256, "pol1": -0.006554349573298923, "pol2": 0.33691698074641985, "pol3": -0.3690332527755189, "pol4": 0.20800345319619895, "v0s": 5.07759552334129}, "datetime": {"datetime": "2022-06-25 00:15:45", "elapsed": 2017.16348, "delta": 0.001995}}
{"target": -1.0, "params": {"Bgrad": 0.8529876720481424, "d1": -1.6823457522981, "d2": -0.5805084537614658, "d3": -2.4269248442893305, "d4": -1.211440579969599, "p1": 9.027410480782393, "p2": 13.50171156317453, "p3": 7.754765706669992, "p4": 28.755233212084256, "pol1": -0.006554349573298923, "pol2": 0.33691698074641985, "pol3": -0.3690332527755189, "pol4": 0.20800345319619895, "v0s": 5.07759552334129}, "datetime": {"datetime": "2022-06-25 00:15:45", "elapsed": 2017.166471, "delta": 0.002991}}
{"target": -1.0, "params": {"Bgrad": 0.8529876720481424, "d1": -1.6823457522981, "d2": -0.5805084537614658, "d3": -2.4269248442893305, "d4": -1.211440579969599, "p1": 9.027410480782393, "p2": 13.50171156317453, "p3": 7.754765706669992, "p4": 28.755233212084256, "pol1": -0.006554349573298923, "pol2": 0.33691698074641985, "pol3": -0.3690332527755189, "pol4": 0.20800345319619895, "v0s": 5.07759552334129}, "datetime": {"datetime": "2022-06-25 00:15:45", "elapsed": 2017.169464, "delta": 0.002993}}
{"target": -1.0, "params": {"Bgrad": 0.8529876720481424, "d1": -1.6823457522981, "d2": -0.5805084537614658, "d3": -2.4269248442893305, "d4": -1.211440579969599, "p1": 9.027410480782393, "p2": 13.50171156317453, "p3": 7.754765706669992, "p4": 28.755233212084256, "pol1": -0.006554349573298923, "pol2": 0.33691698074641985, "pol3": -0.3690332527755189, "pol4": 0.20800345319619895, "v0s": 5.07759552334129}, "datetime": {"datetime": "2022-06-25 00:15:45", "elapsed": 2017.173454, "delta": 0.00399}}
{"target": -1.0, "params": {"Bgrad": 0.8529876720481424, "d1": -1.6823457522981, "d2": -0.5805084537614658, "d3": -2.4269248442893305, "d4": -1.211440579969599, "p1": 9.027410480782393, "p2": 13.50171156317453, "p3": 7.754765706669992, "p4": 28.755233212084256, "pol1": -0.006554349573298923, "pol2": 0.33691698074641985, "pol3": -0.3690332527755189, "pol4": 0.20800345319619895, "v0s": 5.07759552334129}, "datetime": {"datetime": "2022-06-25 00:15:45", "elapsed": 2017.176444, "delta": 0.00299}}
{"target": -1.0, "params": {"Bgrad": 0.8529876720481424, "d1": -1.6823457522981, "d2": -0.5805084537614658, "d3": -2.4269248442893305, "d4": -1.211440579969599, "p1": 9.027410480782393, "p2": 13.50171156317453, "p3": 7.754765706669992, "p4": 28.755233212084256, "pol1": -0.006554349573298923, "pol2": 0.33691698074641985, "pol3": -0.3690332527755189, "pol4": 0.20800345319619895, "v0s": 5.07759552334129}, "datetime": {"datetime": "2022-06-25 00:15:45", "elapsed": 2017.178439, "delta": 0.001995}}
{"target": -1.0, "params": {"Bgrad": 0.8529876720481424, "d1": -1.6823457522981, "d2": -0.5805084537614658, "d3": -2.4269248442893305, "d4": -1.211440579969599, "p1": 9.027410480782393, "p2": 13.50171156317453, "p3": 7.754765706669992, "p4": 28.755233212084256, "pol1": -0.006554349573298923, "pol2": 0.33691698074641985, "pol3": -0.3690332527755189, "pol4": 0.20800345319619895, "v0s": 5.07759552334129}, "datetime": {"datetime": "2022-06-25 00:15:45", "elapsed": 2017.181431, "delta": 0.002992}}
{"target": -1.0, "params": {"Bgrad": 0.8529876720481424, "d1": -1.6823457522981, "d2": -0.5805084537614658, "d3": -2.4269248442893305, "d4": -1.211440579969599, "p1": 9.027410480782393, "p2": 13.50171156317453, "p3": 7.754765706669992, "p4": 28.755233212084256, "pol1": -0.006554349573298923, "pol2": 0.33691698074641985, "pol3": -0.3690332527755189, "pol4": 0.20800345319619895, "v0s": 5.07759552334129}, "datetime": {"datetime": "2022-06-25 00:15:45", "elapsed": 2017.183425, "delta": 0.001994}}
{"target": -1.0, "params": {"Bgrad": 0.8529876720481424, "d1": -1.6823457522981, "d2": -0.5805084537614658, "d3": -2.4269248442893305, "d4": -1.211440579969599, "p1": 9.027410480782393, "p2": 13.50171156317453, "p3": 7.754765706669992, "p4": 28.755233212084256, "pol1": -0.006554349573298923, "pol2": 0.33691698074641985, "pol3": -0.3690332527755189, "pol4": 0.20800345319619895, "v0s": 5.07759552334129}, "datetime": {"datetime": "2022-06-25 00:15:45", "elapsed": 2017.186419, "delta": 0.002994}}
{"target": -1.0, "params": {"Bgrad": 0.8529876720481424, "d1": -1.6823457522981, "d2": -0.5805084537614658, "d3": -2.4269248442893305, "d4": -1.211440579969599, "p1": 9.027410480782393, "p2": 13.50171156317453, "p3": 7.754765706669992, "p4": 28.755233212084256, "pol1": -0.006554349573298923, "pol2": 0.33691698074641985, "pol3": -0.3690332527755189, "pol4": 0.20800345319619895, "v0s": 5.07759552334129}, "datetime": {"datetime": "2022-06-25 00:15:45", "elapsed": 2017.18941, "delta": 0.002991}}
{"target": -1.0, "params": {"Bgrad": 0.8529876720481424, "d1": -1.6823457522981, "d2": -0.5805084537614658, "d3": -2.4269248442893305, "d4": -1.211440579969599, "p1": 9.027410480782393, "p2": 13.50171156317453, "p3": 7.754765706669992, "p4": 28.755233212084256, "pol1": -0.006554349573298923, "pol2": 0.33691698074641985, "pol3": -0.3690332527755189, "pol4": 0.20800345319619895, "v0s": 5.07759552334129}, "datetime": {"datetime": "2022-06-25 00:15:45", "elapsed": 2017.191404, "delta": 0.001994}}
{"target": -1.0, "params": {"Bgrad": 0.8529876720481424, "d1": -1.6823457522981, "d2": -0.5805084537614658, "d3": -2.4269248442893305, "d4": -1.211440579969599, "p1": 9.027410480782393, "p2": 13.50171156317453, "p3": 7.754765706669992, "p4": 28.755233212084256, "pol1": -0.006554349573298923, "pol2": 0.33691698074641985, "pol3": -0.3690332527755189, "pol4": 0.20800345319619895, "v0s": 5.07759552334129}, "datetime": {"datetime": "2022-06-25 00:15:45", "elapsed": 2017.193399, "delta": 0.001995}}
{"target": -1.0, "params": {"Bgrad": 0.8529876720481424, "d1": -1.6823457522981, "d2": -0.5805084537614658, "d3": -2.4269248442893305, "d4": -1.211440579969599, "p1": 9.027410480782393, "p2": 13.50171156317453, "p3": 7.754765706669992, "p4": 28.755233212084256, "pol1": -0.006554349573298923, "pol2": 0.33691698074641985, "pol3": -0.3690332527755189, "pol4": 0.20800345319619895, "v0s": 5.07759552334129}, "datetime": {"datetime": "2022-06-25 00:15:45", "elapsed": 2017.195394, "delta": 0.001995}}
{"target": -1.0, "params": {"Bgrad": 0.8529876720481424, "d1": -1.6823457522981, "d2": -0.5805084537614658, "d3": -2.4269248442893305, "d4": -1.211440579969599, "p1": 9.027410480782393, "p2": 13.50171156317453, "p3": 7.754765706669992, "p4": 28.755233212084256, "pol1": -0.006554349573298923, "pol2": 0.33691698074641985, "pol3": -0.3690332527755189, "pol4": 0.20800345319619895, "v0s": 5.07759552334129}, "datetime": {"datetime": "2022-06-25 00:15:45", "elapsed": 2017.197388, "delta": 0.001994}}
{"target": -1.0, "params": {"Bgrad": 0.8529876720481424, "d1": -1.6823457522981, "d2": -0.5805084537614658, "d3": -2.4269248442893305, "d4": -1.211440579969599, "p1": 9.027410480782393, "p2": 13.50171156317453, "p3": 7.754765706669992, "p4": 28.755233212084256, "pol1": -0.006554349573298923, "pol2": 0.33691698074641985, "pol3": -0.3690332527755189, "pol4": 0.20800345319619895, "v0s": 5.07759552334129}, "datetime": {"datetime": "2022-06-25 00:15:45", "elapsed": 2017.199383, "delta": 0.001995}}
{"target": -1.0, "params": {"Bgrad": 0.8529876720481424, "d1": -1.6823457522981, "d2": -0.5805084537614658, "d3": -2.4269248442893305, "d4": -1.211440579969599, "p1": 9.027410480782393, "p2": 13.50171156317453, "p3": 7.754765706669992, "p4": 28.755233212084256, "pol1": -0.006554349573298923, "pol2": 0.33691698074641985, "pol3": -0.3690332527755189, "pol4": 0.20800345319619895, "v0s": 5.07759552334129}, "datetime": {"datetime": "2022-06-25 00:15:45", "elapsed": 2017.201378, "delta": 0.001995}}
{"target": -1.0, "params": {"Bgrad": 0.8529876720481424, "d1": -1.6823457522981, "d2": -0.5805084537614658, "d3": -2.4269248442893305, "d4": -1.211440579969599, "p1": 9.027410480782393, "p2": 13.50171156317453, "p3": 7.754765706669992, "p4": 28.755233212084256, "pol1": -0.006554349573298923, "pol2": 0.33691698074641985, "pol3": -0.3690332527755189, "pol4": 0.20800345319619895, "v0s": 5.07759552334129}, "datetime": {"datetime": "2022-06-25 00:15:45", "elapsed": 2017.20437, "delta": 0.002992}}
{"target": -1.0, "params": {"Bgrad": 0.8529876720481424, "d1": -1.6823457522981, "d2": -0.5805084537614658, "d3": -2.4269248442893305, "d4": -1.211440579969599, "p1": 9.027410480782393, "p2": 13.50171156317453, "p3": 7.754765706669992, "p4": 28.755233212084256, "pol1": -0.006554349573298923, "pol2": 0.33691698074641985, "pol3": -0.3690332527755189, "pol4": 0.20800345319619895, "v0s": 5.07759552334129}, "datetime": {"datetime": "2022-06-25 00:15:45", "elapsed": 2017.206365, "delta": 0.001995}}
{"target": -1.0, "params": {"Bgrad": 0.8529876720481424, "d1": -1.6823457522981, "d2": -0.5805084537614658, "d3": -2.4269248442893305, "d4": -1.211440579969599, "p1": 9.027410480782393, "p2": 13.50171156317453, "p3": 7.754765706669992, "p4": 28.755233212084256, "pol1": -0.006554349573298923, "pol2": 0.33691698074641985, "pol3": -0.3690332527755189, "pol4": 0.20800345319619895, "v0s": 5.07759552334129}, "datetime": {"datetime": "2022-06-25 00:15:45", "elapsed": 2017.208359, "delta": 0.001994}}
{"target": -1.0, "params": {"Bgrad": 0.8529876720481424, "d1": -1.6823457522981, "d2": -0.5805084537614658, "d3": -2.4269248442893305, "d4": -1.211440579969599, "p1": 9.027410480782393, "p2": 13.50171156317453, "p3": 7.754765706669992, "p4": 28.755233212084256, "pol1": -0.006554349573298923, "pol2": 0.33691698074641985, "pol3": -0.3690332527755189, "pol4": 0.20800345319619895, "v0s": 5.07759552334129}, "datetime": {"datetime": "2022-06-25 00:15:45", "elapsed": 2017.210353, "delta": 0.001994}}
