{"target": -1.0, "params": {"Bgrad": 1.4356504018648042, "d1": 0.5110401072576805, "d2": -0.47092777204953995, "d3": -0.4934585768337456, "d4": -0.6086182771826665, "p1": 3.836377317418649, "p2": 13.139229556927978, "p3": 41.75141984535121, "p4": 17.001914634519654, "pol1": -0.39156764344529105, "pol2": -0.35223185307908134, "pol3": 0.5547421945792663, "pol4": 0.8306136772705817, "v0s": 6.048226662920697}, "datetime": {"datetime": "2022-04-28 16:58:39", "elapsed": 5231.941336, "delta": 14.589136}}
{"target": -1.0, "params": {"Bgrad": 0.8359707117361643, "d1": -0.2630652207492439, "d2": 0.07049696929914795, "d3": 0.12488083614424594, "d4": 0.5769758466381045, "p1": 37.86102372431625, "p2": 6.977837744285348, "p3": 17.27509665980201, "p4": 9.135543143151354, "pol1": 0.8879912873326148, "pol2": -0.718038311043067, "pol3": -0.22043923487904715, "pol4": -0.7587438184514781, "v0s": 5.4252000173370245}, "datetime": {"datetime": "2022-04-28 16:58:49", "elapsed": 5241.729165, "delta": 9.787829}}
{"target": -1.0, "params": {"Bgrad": 1.6037416101672721, "d1": -1.073214760618232, "d2": -0.09388951590762451, "d3": -2.7963976039382086, "d4": -2.3330831085428456, "p1": 18.138788706763382, "p2": 30.507177046881225, "p3": 20.833332334903588, "p4": 17.7771217635536, "pol1": -0.8216719132015813, "pol2": -0.02867197804477639, "pol3": 0.6584439341099579, "pol4": 0.08258893536180056, "v0s": 3.563616520987122}, "datetime": {"datetime": "2022-04-28 16:58:57", "elapsed": 5249.688882, "delta": 7.959717}}
{"target": -1.0, "params": {"Bgrad": 1.8482707826976477, "d1": -0.44837425120416796, "d2": -2.3093443305863963, "d3": -0.6623423858066801, "d4": -0.7574595044827603, "p1": 38.74781740894744, "p2": 5.844440179070337, "p3": 38.45529702803608, "p4": 19.89873006625073, "pol1": 0.029980981385312244, "pol2": 0.9032302399549019, "pol3": -0.6065237765630427, "pol4": -0.46981536986350103, "v0s": 7.111333097806284}, "datetime": {"datetime": "2022-04-28 16:59:10", "elapsed": 5262.642248, "delta": 12.953366}}
{"target": -1.0, "params": {"Bgrad": 1.8355180100016584, "d1": -1.221364569291179, "d2": -1.4948868935307158, "d3": -2.9475271093720914, "d4": -0.10922351790732954, "p1": 44.657288721452346, "p2": 35.328932893954516, "p3": 21.646779153213693, "p4": 48.81292574558064, "pol1": 0.9603146943990759, "pol2": 0.08955693023171851, "pol3": 0.04124862323615863, "pol4": 0.9020017178013564, "v0s": 2.8338828905016635}, "datetime": {"datetime": "2022-04-28 16:59:15", "elapsed": 5268.229308, "delta": 5.58706}}
{"target": -1.0, "params": {"Bgrad": 1.9587559776156516, "d1": -0.5442793183632317, "d2": -1.5847114906579662, "d3": -0.5862892233615229, "d4": -1.1707636740104181, "p1": 16.269816887005522, "p2": 37.30763331303769, "p3": 7.640486067454816, "p4": 40.03729891839285, "pol1": -0.22742175679199117, "pol2": 0.8038744174605366, "pol3": 0.0822421859425011, "pol4": 0.48831857429702663, "v0s": 7.744508654168546}, "datetime": {"datetime": "2022-04-28 16:59:27", "elapsed": 5279.900103, "delta": 11.670795}}
{"target": -1.0, "params": {"Bgrad": 0.5029374863334117, "d1": -2.4662120721395504, "d2": 0.22942971275016166, "d3": 0.1395833188497928, "d4": 0.8973585840208376, "p1": 1.8002303444341838, "p2": 20.14049997956707, "p3": 27.15382172916929, "p4": 2.1037709977842987, "pol1": -0.5503770120455156, "pol2": 0.6140952272034697, "pol3": -0.9615409123648067, "pol4": 0.969847198828379, "v0s": 4.342959850643142}, "datetime": {"datetime": "2022-04-28 16:59:33", "elapsed": 5286.263089, "delta": 6.362986}}
{"target": -1.0, "params": {"Bgrad": 0.5403839805412497, "d1": -0.16905391286877647, "d2": -0.7829438381418692, "d3": -2.4895114852999076, "d4": 0.9823617733280301, "p1": 16.544513922204366, "p2": 47.19685981621855, "p3": 2.719667329236719, "p4": 4.6275324087929945, "pol1": 0.13694758711588073, "pol2": -0.34044285614173786, "pol3": 0.9988023256215963, "pol4": -0.2837315733082484, "v0s": 2.942140231561103}, "datetime": {"datetime": "2022-04-28 16:59:40", "elapsed": 5293.47034, "delta": 7.207251}}
{"target": -1.0, "params": {"Bgrad": 0.7655293341591491, "d1": -1.939948454178733, "d2": -0.06060322198942014, "d3": -1.2402987609769847, "d4": -1.60551370093938, "p1": 27.369290939864193, "p2": 24.83092869663512, "p3": 29.357067741441877, "p4": 44.85268489513187, "pol1": 0.6677212886450834, "pol2": -0.9506277756550423, "pol3": -0.5251029313104951, "pol4": 0.08789591226013771, "v0s": 7.115923535729377}, "datetime": {"datetime": "2022-04-28 16:59:47", "elapsed": 5299.598561, "delta": 6.128221}}
{"target": -1.0, "params": {"Bgrad": 1.2267097884220153, "d1": -0.4537202722091913, "d2": -1.7129544032614459, "d3": 0.6952687140637002, "d4": 0.6809756976267467, "p1": 6.454067432465205, "p2": 15.30956896836636, "p3": 28.22101888004006, "p4": 20.897098503386285, "pol1": 0.5468705844551087, "pol2": 0.8424681480391183, "pol3": -0.4169484477452903, "pol4": 0.26252550512135775, "v0s": 7.498791945895963}, "datetime": {"datetime": "2022-04-28 16:59:57", "elapsed": 5310.131421, "delta": 10.53286}}
{"target": -1.0, "params": {"Bgrad": 0.8475988846872535, "d1": 0.07597251836424146, "d2": -2.834615783346326, "d3": 0.09395161345391889, "d4": -1.66566937445653, "p1": 27.215652114018113, "p2": 43.855648064808285, "p3": 37.92517182675662, "p4": 41.513164066235596, "pol1": -0.9039642915565675, "pol2": 0.2479595764226208, "pol3": 0.9181260422024489, "pol4": -0.030821387207352835, "v0s": 3.49923429182833}, "datetime": {"datetime": "2022-04-28 17:00:07", "elapsed": 5320.196509, "delta": 10.065088}}
{"target": -1.0, "params": {"Bgrad": 0.7942330679457469, "d1": -1.4610980869258805, "d2": -0.9599585461391729, "d3": -0.8434151351953441, "d4": -2.512292294166514, "p1": 40.793812882528734, "p2": 14.224860208690144, "p3": 28.001239045410024, "p4": 35.07641832132459, "pol1": 0.5740668515361766, "pol2": 0.1184315041209596, "pol3": 0.7169388394146596, "pol4": -0.6198669274043149, "v0s": 6.59718201700196}, "datetime": {"datetime": "2022-04-28 17:00:16", "elapsed": 5328.914199, "delta": 8.71769}}
{"target": -1.0, "params": {"Bgrad": 1.206845372686804, "d1": -1.804082978521627, "d2": -0.670009068434291, "d3": -0.7403285941126025, "d4": 0.06710435642668555, "p1": 10.333883733764694, "p2": 26.457526398449666, "p3": 15.646749452373204, "p4": 25.11352304333728, "pol1": 0.3129145505815727, "pol2": -0.6847319608654605, "pol3": -0.1776416608712834, "pol4": 0.8468968784858639, "v0s": 6.047702453265623}, "datetime": {"datetime": "2022-04-28 17:00:26", "elapsed": 5339.440055, "delta": 10.525856}}
{"target": -1.0, "params": {"Bgrad": 0.718986700393484, "d1": 0.7951244129922448, "d2": -2.230807134055274, "d3": 0.46748987741017567, "d4": -1.6257248568129068, "p1": 9.243313918750108, "p2": 1.8973761732103744, "p3": 13.598719064122754, "p4": 38.01214161680688, "pol1": 0.5078498075232694, "pol2": 0.5987371936213703, "pol3": -0.11675668271087503, "pol4": 0.6620759903563143, "v0s": 4.507150901622969}, "datetime": {"datetime": "2022-04-28 17:00:33", "elapsed": 5345.815009, "delta": 6.374954}}
{"target": -1.0, "params": {"Bgrad": 1.427913131913467, "d1": -2.6682781540901503, "d2": -1.573005049494395, "d3": -0.8287480021947888, "d4": -1.2179556505807265, "p1": 38.89590871952661, "p2": 44.515128699283885, "p3": 32.99672331411166, "p4": 49.880364959304366, "pol1": 0.48794261050192866, "pol2": 0.10362455826186912, "pol3": -0.446370154710483, "pol4": 0.1580495930670116, "v0s": 6.308133103636641}, "datetime": {"datetime": "2022-04-28 17:00:45", "elapsed": 5358.235798, "delta": 12.420789}}
{"target": -1.0, "params": {"Bgrad": 1.8908206629990696, "d1": 0.9757152104197635, "d2": -2.3550285482074633, "d3": -0.47622985453396716, "d4": 0.5460523497900462, "p1": 37.618912700545145, "p2": 3.873738272616273, "p3": 26.58823166777854, "p4": 44.16304976185278, "pol1": -0.23864687755304081, "pol2": 0.2777875734215882, "pol3": 0.4233301716950346, "pol4": 0.9505496462376932, "v0s": 6.956797527164731}, "datetime": {"datetime": "2022-04-28 17:00:59", "elapsed": 5372.51063, "delta": 14.274832}}
{"target": -1.0, "params": {"Bgrad": 1.2084183699539488, "d1": -1.8768473130940508, "d2": 0.7411132108536056, "d3": 0.024995876582518672, "d4": -0.9647754263861068, "p1": 42.48063849954211, "p2": 19.427608298190613, "p3": 36.8113417641623, "p4": 15.470226878842263, "pol1": -0.4513816851678576, "pol2": -0.6728079665536058, "pol3": -0.7943815939554533, "pol4": 0.013063295563116917, "v0s": 6.268825864850854}, "datetime": {"datetime": "2022-04-28 17:01:11", "elapsed": 5383.92112, "delta": 11.41049}}
{"target": -1.0, "params": {"Bgrad": 1.7647407628983984, "d1": -2.8662800801256125, "d2": -2.1542058197817187, "d3": 0.31626071057344873, "d4": -1.3394643353456952, "p1": 31.796982124934985, "p2": 34.07197965567369, "p3": 31.70610463226746, "p4": 1.364908209307597, "pol1": -0.3353991756074528, "pol2": 0.21707005791129097, "pol3": -0.7911972659555742, "pol4": 0.42527522401357865, "v0s": 5.638424436368671}, "datetime": {"datetime": "2022-04-28 17:01:26", "elapsed": 5399.067622, "delta": 15.146502}}
{"target": -1.0, "params": {"Bgrad": 1.603646294415487, "d1": -0.34273289920262107, "d2": -1.5477853034146585, "d3": 0.5025713376183742, "d4": -1.128069033010021, "p1": 0.020116517973922665, "p2": 16.640246692495523, "p3": 10.365892361801905, "p4": 16.765299264267732, "pol1": -0.31555173698997185, "pol2": -0.202977440824208, "pol3": -0.9490238122258177, "pol4": 0.04485046993347108, "v0s": 6.540073488951327}, "datetime": {"datetime": "2022-04-28 17:01:39", "elapsed": 5412.431888, "delta": 13.364266}}
{"target": -1.0, "params": {"Bgrad": 0.6946414259196458, "d1": -2.531964970089549, "d2": -1.417057082726688, "d3": -0.5653064747184486, "d4": -1.530509594477703, "p1": 8.341537194651794, "p2": 38.533430173138086, "p3": 0.361052693361974, "p4": 13.991543402533008, "pol1": -0.5188729793486824, "pol2": -0.7482261564192512, "pol3": 0.7398307300790592, "pol4": 0.514323078628774, "v0s": 5.027297118636281}, "datetime": {"datetime": "2022-04-28 17:01:48", "elapsed": 5420.845392, "delta": 8.413504}}
{"target": -1.0, "params": {"Bgrad": 1.5664395908011448, "d1": 0.7329940038598264, "d2": -0.6868157462514493, "d3": -0.9519047891732657, "d4": -1.2307027428973387, "p1": 25.36781013568587, "p2": 37.02837784434796, "p3": 48.53920517150468, "p4": 28.885535335180535, "pol1": 0.026866954643645302, "pol2": 0.6477140838116779, "pol3": 0.6041276321787845, "pol4": 0.23779694009228658, "v0s": 2.3274015934566537}, "datetime": {"datetime": "2022-04-28 17:01:57", "elapsed": 5430.190405, "delta": 9.345013}}
{"target": -1.0, "params": {"Bgrad": 0.9184296046483778, "d1": -1.190401524954165, "d2": -1.9274376307505343, "d3": -2.3091500526798523, "d4": -2.1830752622144205, "p1": 47.76752978441147, "p2": 41.17042341943707, "p3": 36.03451914508443, "p4": 40.02085845014397, "pol1": -0.9304420509205669, "pol2": -0.8395674013705592, "pol3": 0.07358333688177865, "pol4": 0.4109009999460098, "v0s": 6.659430473379894}, "datetime": {"datetime": "2022-04-28 17:02:06", "elapsed": 5439.050714, "delta": 8.860309}}
{"target": -1.0, "params": {"Bgrad": 1.6484055763939582, "d1": -1.3067934715791187, "d2": 0.46648491073082177, "d3": -1.6731165505219394, "d4": -2.955961200022373, "p1": 38.03143782141095, "p2": 9.19295398040456, "p3": 16.61811937115059, "p4": 30.47621678147527, "pol1": 0.8884116447930004, "pol2": -0.02661040615532606, "pol3": -0.9412815905295895, "pol4": -0.7331774922560721, "v0s": 2.2050583567339013}, "datetime": {"datetime": "2022-04-28 17:02:14", "elapsed": 5447.259765, "delta": 8.209051}}
{"target": 4.014087464811307, "params": {"Bgrad": 1.2623500240127243, "d1": -0.041214497412847884, "d2": -0.0738052327769223, "d3": -2.121816940740839, "d4": 0.3589248317806897, "p1": 42.876786974297794, "p2": 5.653465162688532, "p3": 47.94810242564388, "p4": 30.763073986116556, "pol1": -0.7720359800120571, "pol2": 0.2929389134800231, "pol3": 0.5466733286607401, "pol4": -0.9416860359918462, "v0s": 4.014087464811307}, "datetime": {"datetime": "2022-04-28 17:02:22", "elapsed": 5455.293284, "delta": 8.033519}}
{"target": -1.0, "params": {"Bgrad": 0.7266300777454338, "d1": -1.3254486675987787, "d2": 0.9416551071303751, "d3": -0.872712708402799, "d4": -0.26795507414712727, "p1": 42.72288528182312, "p2": 35.121574543489544, "p3": 38.532407857112325, "p4": 18.665349682678173, "pol1": -0.4244352744624802, "pol2": 0.30919146171604783, "pol3": 0.9366905747989622, "pol4": -0.9947524429364711, "v0s": 2.7652133383735014}, "datetime": {"datetime": "2022-04-28 17:02:26", "elapsed": 5458.977433, "delta": 3.684149}}
{"target": 2.6823890888486703, "params": {"Bgrad": 1.9357424709651208, "d1": 0.6548608925617674, "d2": -0.5312112864021654, "d3": -0.9732916705537558, "d4": -0.182242546670766, "p1": 25.897456512634072, "p2": 21.55052598378786, "p3": 35.312322121694976, "p4": 8.260632818581598, "pol1": -0.3579928326115398, "pol2": -0.4093359375829393, "pol3": 0.40950036896807473, "pol4": 0.3442420844418592, "v0s": 2.6823890888486703}, "datetime": {"datetime": "2022-04-28 17:02:38", "elapsed": 5471.153876, "delta": 12.176443}}
{"target": -1.0, "params": {"Bgrad": 1.5932857589000349, "d1": 0.5633524781388939, "d2": 0.9884868217774687, "d3": -2.2185530783334912, "d4": 0.2531281266279777, "p1": 12.71898683941246, "p2": 33.6690830909954, "p3": 38.970201829661484, "p4": 17.800952268502762, "pol1": 0.1212855095688723, "pol2": 0.9677819350989241, "pol3": 0.07181309819090753, "pol4": -0.16333885233026213, "v0s": 3.230926859827502}, "datetime": {"datetime": "2022-04-28 17:02:57", "elapsed": 5490.006468, "delta": 18.852592}}
{"target": -1.0, "params": {"Bgrad": 1.3538071901031596, "d1": 0.42226554106104697, "d2": -1.570778929296218, "d3": -2.6511771276825487, "d4": 0.22790387744132, "p1": 28.81119986860555, "p2": 24.166146069348976, "p3": 3.648403625662233, "p4": 23.065870557291706, "pol1": -0.9583539727483852, "pol2": 0.28751123510250487, "pol3": -0.4636319447549926, "pol4": -0.7752395679980204, "v0s": 4.163707914949757}, "datetime": {"datetime": "2022-04-28 17:03:09", "elapsed": 5501.767022, "delta": 11.760554}}
{"target": -1.0, "params": {"Bgrad": 1.8276313171263887, "d1": -2.41036982648266, "d2": -0.44385586638007135, "d3": -1.3577415654804348, "d4": -1.9307277915676657, "p1": 42.81394950152514, "p2": 11.561277994886154, "p3": 3.5541055354252893, "p4": 28.312086056478364, "pol1": 0.01916971533024836, "pol2": 0.8090174026693766, "pol3": 0.8852032254932491, "pol4": -0.9803916736959386, "v0s": 6.48065856509997}, "datetime": {"datetime": "2022-04-28 17:03:24", "elapsed": 5517.467043, "delta": 15.700021}}
{"target": -1.0, "params": {"Bgrad": 1.3140845315507201, "d1": -2.954543512616561, "d2": 0.18849401515938258, "d3": -0.804599928051112, "d4": -0.8346451185171277, "p1": 27.50079924209901, "p2": 25.35181957664254, "p3": 13.706724372486716, "p4": 11.299665562473832, "pol1": 0.36899476352146077, "pol2": 0.015621037155133077, "pol3": -0.958692973101358, "pol4": 0.9889730032973492, "v0s": 6.129158003312174}, "datetime": {"datetime": "2022-04-28 17:03:39", "elapsed": 5532.080968, "delta": 14.613925}}
{"target": -1.0, "params": {"Bgrad": 1.5903024778238897, "d1": 0.8690238825674195, "d2": -2.044922236891006, "d3": -2.7760424603902685, "d4": -0.0013266465237795622, "p1": 18.845504727883416, "p2": 0.8159466652606528, "p3": 10.57373867287445, "p4": 3.3489920841739518, "pol1": 0.4341812204347981, "pol2": 0.9831999257416604, "pol3": -0.09327236468431854, "pol4": 0.9445555804115251, "v0s": 4.910898712600652}, "datetime": {"datetime": "2022-04-28 17:03:52", "elapsed": 5544.90468, "delta": 12.823712}}
{"target": 2.3347722706684855, "params": {"Bgrad": 0.9949438369068924, "d1": 0.5286445754899933, "d2": -0.6645391591725858, "d3": -0.946586625480923, "d4": -2.5068099765840146, "p1": 30.061609969769176, "p2": 21.238406852918818, "p3": 39.05300595130784, "p4": 49.88201147600241, "pol1": -0.10985262580644917, "pol2": 0.651785914993579, "pol3": 0.23044667299826593, "pol4": -0.7043542739225828, "v0s": 2.3347722706684855}, "datetime": {"datetime": "2022-04-28 17:03:57", "elapsed": 5549.60611, "delta": 4.70143}}
{"target": 3.6144826510929584, "params": {"Bgrad": 0.8557842320970057, "d1": -2.6268162898997978, "d2": -1.6061224225033155, "d3": -2.0924483772448683, "d4": -0.06674401151413711, "p1": 40.55657817216519, "p2": 42.49885193208132, "p3": 12.116219584402282, "p4": 19.4993169442993, "pol1": -0.8600235687481552, "pol2": -0.27490784393113166, "pol3": -0.8273442281118901, "pol4": 0.04752642589307121, "v0s": 3.6144826510929584}, "datetime": {"datetime": "2022-04-28 17:04:01", "elapsed": 5554.059202, "delta": 4.453092}}
{"target": -1.0, "params": {"Bgrad": 1.6924579382690486, "d1": -0.475568810659432, "d2": -1.649148862788588, "d3": -2.6444783749578766, "d4": -0.5507761955463248, "p1": 46.551738652034516, "p2": 39.67261823313077, "p3": 46.584256696115105, "p4": 12.213931273100926, "pol1": -0.5181121475411727, "pol2": 0.28180946970863263, "pol3": -0.8891110347075208, "pol4": -0.9843498475074146, "v0s": 6.07073632836674}, "datetime": {"datetime": "2022-04-28 17:04:13", "elapsed": 5566.373277, "delta": 12.314075}}
{"target": -1.0, "params": {"Bgrad": 1.862608487236805, "d1": -2.4869185518130443, "d2": -1.6293213341271588, "d3": -2.1605033701212344, "d4": 0.9867020351140825, "p1": 0.38164203279219544, "p2": 37.62395329040194, "p3": 40.13840355132156, "p4": 45.087365847851316, "pol1": 0.5941010789632495, "pol2": -0.5928912117255201, "pol3": 0.49942419309343866, "pol4": -0.3867661302386336, "v0s": 4.034483701241567}, "datetime": {"datetime": "2022-04-28 17:04:31", "elapsed": 5583.547356, "delta": 17.174079}}
{"target": 5.32238968375693, "params": {"Bgrad": 1.6199217060607976, "d1": -2.21443733687044, "d2": -0.5175483838404675, "d3": 0.04831288747360407, "d4": -0.12276777046796816, "p1": 3.2950234038229165, "p2": 7.774827282517865, "p3": 22.156806482446218, "p4": 17.995044925617336, "pol1": -0.3607200256729792, "pol2": 0.14327964247682878, "pol3": 0.6674212536808006, "pol4": -0.6836901374048261, "v0s": 5.32238968375693}, "datetime": {"datetime": "2022-04-28 17:04:39", "elapsed": 5592.351815, "delta": 8.804459}}
{"target": -1.0, "params": {"Bgrad": 1.0821263525081004, "d1": -1.974683823190487, "d2": -2.3763977905799845, "d3": -0.995789848070042, "d4": -1.9584363369664888, "p1": 12.935116512428191, "p2": 16.854654378316603, "p3": 25.441190487351882, "p4": 0.7295036790718801, "pol1": 0.31781582985480905, "pol2": -0.6742498136139516, "pol3": 0.35408747808560115, "pol4": -0.36421218031781377, "v0s": 7.981603052817444}, "datetime": {"datetime": "2022-04-28 17:04:48", "elapsed": 5601.258999, "delta": 8.907184}}
{"target": -1.0, "params": {"Bgrad": 1.573516002195097, "d1": -0.6539330601713593, "d2": -1.1612595138776234, "d3": 0.7448728818149024, "d4": 0.9808131565750831, "p1": 49.94826858141279, "p2": 43.924727671986986, "p3": 34.489732017831045, "p4": 11.486760648179938, "pol1": 0.034265086161885394, "pol2": 0.14943097349382195, "pol3": -0.9816196627629861, "pol4": -0.7188331376027632, "v0s": 6.338765105318396}, "datetime": {"datetime": "2022-04-28 17:05:00", "elapsed": 5612.883916, "delta": 11.624917}}
{"target": -1.0, "params": {"Bgrad": 0.8210981549685905, "d1": 0.951344731722009, "d2": 0.38114453948024263, "d3": -1.0824125338324846, "d4": 0.2991337455160692, "p1": 0.4677696092632522, "p2": 21.49279230381005, "p3": 43.05671622388154, "p4": 25.507162421112184, "pol1": 0.8605926953818519, "pol2": 0.10667530294702998, "pol3": -0.18723049804801795, "pol4": -0.9987747757851022, "v0s": 7.714417495581019}, "datetime": {"datetime": "2022-04-28 17:05:09", "elapsed": 5621.832987, "delta": 8.949071}}
{"target": -1.0, "params": {"Bgrad": 1.9111607469537697, "d1": -2.6084809567867193, "d2": -2.2457233843531386, "d3": -0.6520284498279567, "d4": -1.819634918616615, "p1": 49.36005589866222, "p2": 1.20332029771395, "p3": 37.6554720053534, "p4": 24.500424250118495, "pol1": 0.8988303662104948, "pol2": -0.16203100282261795, "pol3": 0.5917380518724722, "pol4": -0.7911303472341265, "v0s": 3.231498120750434}, "datetime": {"datetime": "2022-04-28 17:05:16", "elapsed": 5629.46159, "delta": 7.628603}}
{"target": -1.0, "params": {"Bgrad": 1.958592487529614, "d1": -0.8085397902582399, "d2": 0.6983941212521754, "d3": -1.9449253010304899, "d4": -2.796110610709084, "p1": 36.55193762028846, "p2": 30.848332605734395, "p3": 22.55842428803715, "p4": 1.1616908046723662, "pol1": -0.6747028349387925, "pol2": -0.6202669781216896, "pol3": -0.3342641459034441, "pol4": 0.5569780974285046, "v0s": 2.908711621179312}, "datetime": {"datetime": "2022-04-28 17:05:24", "elapsed": 5637.063265, "delta": 7.601675}}
{"target": 3.6085977525161836, "params": {"Bgrad": 1.4580161821658142, "d1": -2.302675173957557, "d2": -2.6442096138790983, "d3": -1.9132658252726835, "d4": -0.1739879428581368, "p1": 33.893247253212124, "p2": 11.097228119311996, "p3": 22.033072492087857, "p4": 47.592626374345244, "pol1": -0.47303471528546726, "pol2": -0.7481446909504554, "pol3": 0.12842013691825538, "pol4": 0.25247990081062666, "v0s": 3.6085977525161836}, "datetime": {"datetime": "2022-04-28 17:05:31", "elapsed": 5643.650651, "delta": 6.587386}}
{"target": -1.0, "params": {"Bgrad": 1.4417611418258776, "d1": 0.9776882681414589, "d2": -1.7453106420166424, "d3": -0.04629822913893733, "d4": -1.5431662874083965, "p1": 15.486266363984763, "p2": 23.084873522477917, "p3": 11.72034115148482, "p4": 12.994601569207791, "pol1": -0.6891103389852493, "pol2": -0.5584920481205495, "pol3": -0.6264473446617809, "pol4": 0.12912723965578055, "v0s": 2.591204386016491}, "datetime": {"datetime": "2022-04-28 17:05:46", "elapsed": 5659.500272, "delta": 15.849621}}
