{"target": -1.0, "params": {"Bgrad": 4.986771771279775, "d1": -0.19965624870627163, "d2": -0.7796971440924056, "d3": -2.4688099060528614, "d4": -2.0727585862048894, "p1": 11.412767467772467, "p2": 5.4952775087772245, "p3": 36.726936587298184, "p4": 25.38079897634168, "pol1": -0.8064690752132451, "pol2": -0.10869979340501956, "pol3": 0.6788392080675096, "pol4": -0.6132789961236851, "v0s": 5.314605000086797}, "datetime": {"datetime": "2022-04-08 22:05:09", "elapsed": 18237.814367, "delta": 9.358977}}
{"target": -1.0, "params": {"Bgrad": 9.623607307637673, "d1": -0.2648668499180915, "d2": -0.9799809179354937, "d3": -0.6265679131977535, "d4": -2.0642742282770143, "p1": 3.93415468569821, "p2": 11.914291368400127, "p3": 36.177623169906596, "p4": 22.094700493594882, "pol1": 0.35463716212598273, "pol2": 0.6443801280664463, "pol3": -0.3698546859248413, "pol4": -0.7839284776511701, "v0s": 3.147405558326329}, "datetime": {"datetime": "2022-04-08 22:05:21", "elapsed": 18249.640747, "delta": 11.82638}}
{"target": 4.54885234173185, "params": {"Bgrad": 8.14779194140329, "d1": -2.50549742191707, "d2": 0.13354593478629145, "d3": -1.8383835348396846, "d4": -2.5820457165014528, "p1": 11.03071680900595, "p2": 6.215860011948752, "p3": 37.980477902164985, "p4": 28.438408943095762, "pol1": -0.2095161538707531, "pol2": 1.0, "pol3": 0.6482525180530427, "pol4": 1.0, "v0s": 4.54885234173185}, "datetime": {"datetime": "2022-04-08 22:05:35", "elapsed": 18263.230413, "delta": 13.589666}}
{"target": -1.0, "params": {"Bgrad": 3.2636669755976513, "d1": 0.4234043264152274, "d2": -0.2514189623033585, "d3": -0.44895919907689263, "d4": -1.6051380792580376, "p1": 3.271129387367183, "p2": 7.048970625902079, "p3": 40.272188806967534, "p4": 21.18226389327183, "pol1": 0.8282700916258958, "pol2": -0.7510857838868703, "pol3": -0.4554854915299218, "pol4": 0.7479344604799507, "v0s": 2.444129430971818}, "datetime": {"datetime": "2022-04-08 22:05:44", "elapsed": 18272.645241, "delta": 9.414828}}
{"target": 5.375193942874654, "params": {"Bgrad": 16.57868903299016, "d1": -2.3881602302683325, "d2": -0.33693370077860213, "d3": -0.09503411495182124, "d4": -2.80143690902744, "p1": 27.568241539517857, "p2": 11.268734062821398, "p3": 37.66254335368882, "p4": 35.525939961788374, "pol1": -0.7428038111298154, "pol2": 0.8269751835758217, "pol3": -0.7629608346004425, "pol4": 0.9973791794417625, "v0s": 5.375193942874654}, "datetime": {"datetime": "2022-04-08 22:06:07", "elapsed": 18295.569947, "delta": 22.924706}}
{"target": 3.9307301929466876, "params": {"Bgrad": 6.627996128990138, "d1": -1.6418763514359747, "d2": -1.129346547770095, "d3": -2.717413452576392, "d4": -0.6368698170364596, "p1": 11.858427172940507, "p2": 6.507786350467444, "p3": 40.17245154106294, "p4": 29.42339493826971, "pol1": -1.0, "pol2": -0.0034973570211669167, "pol3": -0.024516028923488014, "pol4": 0.2778612342788605, "v0s": 3.9307301929466876}, "datetime": {"datetime": "2022-04-08 22:06:19", "elapsed": 18307.614744, "delta": 12.044797}}
{"target": -1.0, "params": {"Bgrad": 5.10659086317789, "d1": -2.1917739217970817, "d2": -2.9512978672645658, "d3": -2.4070815070371747, "d4": -2.4410324105408057, "p1": 6.460588524770728, "p2": 9.228481455827115, "p3": 35.5565577237702, "p4": 29.775463633664433, "pol1": 0.9338770552036502, "pol2": 0.4105309014566292, "pol3": -0.7002795469851972, "pol4": 0.6956738324681375, "v0s": 2.3899399473506264}, "datetime": {"datetime": "2022-04-08 22:06:26", "elapsed": 18315.111699, "delta": 7.496955}}
{"target": -1.0, "params": {"Bgrad": 2.2698284907760304, "d1": -1.0610553032911048, "d2": 0.8745540320100598, "d3": -0.09952034736082371, "d4": -2.0911257303497477, "p1": 7.064753339508146, "p2": 0.49661361107358193, "p3": 33.529593896361426, "p4": 25.258797056677068, "pol1": 0.027253097742643506, "pol2": -0.8642700121551554, "pol3": -0.007959769948063355, "pol4": -0.11866600329765697, "v0s": 5.70981807951421}, "datetime": {"datetime": "2022-04-08 22:06:36", "elapsed": 18325.172799, "delta": 10.0611}}
{"target": 3.4262408265663, "params": {"Bgrad": 4.914298853342408, "d1": -0.5477213233297783, "d2": -0.23385605547387114, "d3": -2.387611399619518, "d4": -2.6154098839498996, "p1": 25.203280827850158, "p2": 32.864494820207405, "p3": 4.026791583157023, "p4": 35.97678586911135, "pol1": -0.6580506917199676, "pol2": 0.19006275174352685, "pol3": -0.2582747562803601, "pol4": -0.07198790063878187, "v0s": 3.4262408265663}, "datetime": {"datetime": "2022-04-08 22:06:48", "elapsed": 18336.772784, "delta": 11.599985}}
{"target": 4.288656303491313, "params": {"Bgrad": 7.133583130693682, "d1": -2.713495751733618, "d2": 0.16043982946803287, "d3": -0.712252608242347, "d4": -1.0218912760538768, "p1": 8.39578728943068, "p2": 0.43134092371494126, "p3": 33.149713074993954, "p4": 25.04744916188384, "pol1": -0.8591179258744848, "pol2": -0.6682005064940303, "pol3": -0.4956356341695138, "pol4": -0.1862683324562169, "v0s": 4.288656303491313}, "datetime": {"datetime": "2022-04-08 22:07:01", "elapsed": 18349.504743, "delta": 12.731959}}
{"target": -1.0, "params": {"Bgrad": 10.793117823103724, "d1": -0.8889574656209529, "d2": -0.06030794438947318, "d3": -2.353755072650215, "d4": -1.8747841659866107, "p1": 14.091000935592573, "p2": 1.6901730241503043, "p3": 34.65589446674547, "p4": 29.4117969473858, "pol1": -0.8497175505109429, "pol2": -0.3388006123548106, "pol3": -0.09834923558572206, "pol4": -0.26373545756294337, "v0s": 4.220065066955831}, "datetime": {"datetime": "2022-04-08 22:07:14", "elapsed": 18363.085433, "delta": 13.58069}}
{"target": -1.0, "params": {"Bgrad": 16.270911540661608, "d1": 0.10472978604268501, "d2": 0.4090767804401625, "d3": -1.1246629339214245, "d4": -0.9756626485363551, "p1": 27.779725689688423, "p2": 37.78268328928563, "p3": 22.774071262793573, "p4": 7.7969398168829365, "pol1": -0.1617837777167388, "pol2": -0.3173402097560627, "pol3": 0.4737328712777842, "pol4": 0.7956547606384365, "v0s": 2.2417175670605394}, "datetime": {"datetime": "2022-04-08 22:07:32", "elapsed": 18380.41111, "delta": 17.325677}}
{"target": 2.40398277463742, "params": {"Bgrad": 4.1515025770900085, "d1": -2.8619132335095694, "d2": -0.7781806173322159, "d3": -2.3435588807994563, "d4": -0.9500188281306294, "p1": 5.186414642534326, "p2": 3.330762063592929, "p3": 40.2443333204864, "p4": 19.790731335835154, "pol1": -0.6361300956868421, "pol2": 0.31365963569411437, "pol3": -0.8465860768028941, "pol4": 0.27658823379338227, "v0s": 2.40398277463742}, "datetime": {"datetime": "2022-04-08 22:07:39", "elapsed": 18387.573959, "delta": 7.162849}}
{"target": -1.0, "params": {"Bgrad": 7.192976426358902, "d1": -1.6358961915848145, "d2": -2.5788524471627583, "d3": -2.930967663860286, "d4": 0.647715273424768, "p1": 8.286029309961245, "p2": 7.6288574436172265, "p3": 45.47726122546848, "p4": 22.453220935421136, "pol1": 0.6005567366059485, "pol2": 0.700516220633908, "pol3": 0.21513788213816132, "pol4": -0.5827054217793588, "v0s": 5.705890861873907}, "datetime": {"datetime": "2022-04-08 22:08:00", "elapsed": 18408.30154, "delta": 20.727581}}
{"target": 3.5470831391119386, "params": {"Bgrad": 9.00048218078687, "d1": -1.4096040910411296, "d2": -0.9237658019116486, "d3": -1.6389028077570034, "d4": -2.4820785531898486, "p1": 22.813721579859607, "p2": 25.689555707428035, "p3": 0.37128326087794705, "p4": 31.229066137715535, "pol1": -0.3479220890403343, "pol2": -0.8995919493882532, "pol3": 0.8703312964587526, "pol4": -0.5926678302835438, "v0s": 3.5470831391119386}, "datetime": {"datetime": "2022-04-08 22:08:09", "elapsed": 18417.742298, "delta": 9.440758}}
{"target": 3.8267736536075905, "params": {"Bgrad": 9.8967252449997, "d1": -2.915484548011264, "d2": -1.4148328596062112, "d3": -2.9512138030239248, "d4": -1.2071197531930529, "p1": 2.3255737263280563, "p2": 5.576467678007024, "p3": 34.139354039861445, "p4": 24.084630200030947, "pol1": -0.7027955128872474, "pol2": -0.4526054904468335, "pol3": 0.18389513367367116, "pol4": 0.2569700284956782, "v0s": 3.8267736536075905}, "datetime": {"datetime": "2022-04-08 22:08:26", "elapsed": 18434.54238, "delta": 16.800082}}
{"target": 4.2084136289088825, "params": {"Bgrad": 15.483093539468724, "d1": -1.5529241299165664, "d2": -1.2019772179107258, "d3": -2.183206584145303, "d4": -2.164517423074738, "p1": 25.608809745284027, "p2": 11.634219520766592, "p3": 37.41532620678813, "p4": 33.44959284325514, "pol1": -0.5712736305584745, "pol2": 0.05511417084791881, "pol3": -0.23410526559087486, "pol4": 0.30184052046705423, "v0s": 4.2084136289088825}, "datetime": {"datetime": "2022-04-08 22:08:38", "elapsed": 18446.556259, "delta": 12.013879}}
{"target": -1.0, "params": {"Bgrad": 8.723536627283387, "d1": 0.27538222352421426, "d2": 0.6815670364733801, "d3": -0.9631937274272375, "d4": -2.8714358914177307, "p1": 22.455622240834323, "p2": 33.276191328107004, "p3": 5.4852643955401295, "p4": 32.92074878317066, "pol1": 0.11359800306523704, "pol2": 0.07877653749881364, "pol3": 0.2888250125841476, "pol4": -0.4335228503645443, "v0s": 2.41295093642941}, "datetime": {"datetime": "2022-04-08 22:08:53", "elapsed": 18462.164528, "delta": 15.608269}}
{"target": 3.4919942881916866, "params": {"Bgrad": 3.7350076339589218, "d1": -2.091608641891423, "d2": 0.7674245811278277, "d3": -2.8647574599235206, "d4": -1.3485392950019452, "p1": 8.487545152133237, "p2": 8.594879971652809, "p3": 41.24922725893847, "p4": 24.12279296517469, "pol1": -0.7200780531667517, "pol2": -0.6493683450996173, "pol3": 0.6456269850352032, "pol4": -0.5130922179638344, "v0s": 3.4919942881916866}, "datetime": {"datetime": "2022-04-08 22:09:01", "elapsed": 18470.105297, "delta": 7.940769}}
{"target": 4.374092014758823, "params": {"Bgrad": 4.401523316991467, "d1": -1.734991748715581, "d2": -0.06374122248008707, "d3": -0.6677022885343238, "d4": -2.305047536353563, "p1": 5.024370278785012, "p2": 5.376262427705897, "p3": 35.41857937695417, "p4": 29.660969247198366, "pol1": 0.04900375236571275, "pol2": 0.11156639906725441, "pol3": 0.4893699120593875, "pol4": -0.19842445534347242, "v0s": 4.374092014758823}, "datetime": {"datetime": "2022-04-08 22:09:13", "elapsed": 18481.681349, "delta": 11.576052}}
{"target": 3.8817017240419784, "params": {"Bgrad": 3.770909994174426, "d1": -2.285343987076884, "d2": -1.467773513893031, "d3": -0.9064265000830125, "d4": 0.05405583968880334, "p1": 8.773601867995428, "p2": 9.021244507318032, "p3": 41.13844754249019, "p4": 23.713442437123504, "pol1": -0.9223394351978149, "pol2": -0.6360774824968531, "pol3": 0.20273637952890544, "pol4": 0.4857665575148076, "v0s": 3.8817017240419784}, "datetime": {"datetime": "2022-04-08 22:09:27", "elapsed": 18495.861433, "delta": 14.180084}}
{"target": 4.965851926755941, "params": {"Bgrad": 15.900784699128467, "d1": -2.0409320911753874, "d2": -0.8618955808063317, "d3": -0.7885971693201197, "d4": -2.416919854934275, "p1": 26.89023530528437, "p2": 11.21295582732425, "p3": 37.70073601204318, "p4": 35.070019260314446, "pol1": -0.6442533145792695, "pol2": 0.5195080719131842, "pol3": -0.6632197218089582, "pol4": 0.6441713435066944, "v0s": 4.965851926755941}, "datetime": {"datetime": "2022-04-08 22:09:43", "elapsed": 18511.394902, "delta": 15.533469}}
{"target": -1.0, "params": {"Bgrad": 8.186372873503492, "d1": -0.17802787525089947, "d2": 0.7519343323324041, "d3": -1.4331651309426094, "d4": 0.780013139336007, "p1": 12.184823303948017, "p2": 6.619285034574868, "p3": 44.3315616900871, "p4": 22.658952769051727, "pol1": 0.7072174090765295, "pol2": -0.2623884031678221, "pol3": -0.8307061243787881, "pol4": -0.029804461456552245, "v0s": 3.256725510416034}, "datetime": {"datetime": "2022-04-08 22:09:54", "elapsed": 18523.001871, "delta": 11.606969}}
{"target": 5.4510683656795305, "params": {"Bgrad": 16.04906151941466, "d1": -2.1051864784526577, "d2": -0.42623095863192045, "d3": -0.33988433834754805, "d4": -2.2064498416638236, "p1": 27.779067226254284, "p2": 11.804937778334075, "p3": 38.03508469582419, "p4": 35.79183395202479, "pol1": -0.6698866626723508, "pol2": 0.253372574075475, "pol3": -0.3636589036759568, "pol4": 0.3978704236887059, "v0s": 5.4510683656795305}, "datetime": {"datetime": "2022-04-08 22:10:10", "elapsed": 18538.375764, "delta": 15.373893}}
{"target": 2.8399141564348787, "params": {"Bgrad": 6.513869286270794, "d1": -1.7391277720351996, "d2": -0.8408128991246997, "d3": -2.3645510570608255, "d4": -1.1252146481304495, "p1": 1.5438203652312632, "p2": 6.217408266845697, "p3": 38.089504866222704, "p4": 21.8320642646324, "pol1": -0.25211407841515054, "pol2": -0.29649495857504893, "pol3": -0.09625119680489602, "pol4": 0.5685633783802464, "v0s": 2.8399141564348787}, "datetime": {"datetime": "2022-04-08 22:10:17", "elapsed": 18545.926577, "delta": 7.550813}}
{"target": -1.0, "params": {"Bgrad": 4.323300836250182, "d1": -1.2731385281475074, "d2": -0.9075685682779682, "d3": -2.8044957679693576, "d4": -2.4568925833447555, "p1": 5.747579458721763, "p2": 6.437040830861912, "p3": 35.834978869290715, "p4": 29.890257339456618, "pol1": -0.7187902741889258, "pol2": 0.3088303784905473, "pol3": -0.2795405288596531, "pol4": -0.6012219766934053, "v0s": 6.080504986799346}, "datetime": {"datetime": "2022-04-08 22:10:28", "elapsed": 18556.93614, "delta": 11.009563}}
{"target": -1.0, "params": {"Bgrad": 5.544208595698379, "d1": 0.5669161618172107, "d2": 0.20747471167707499, "d3": -2.502072084265292, "d4": -2.57375330423029, "p1": 24.996517492184374, "p2": 33.87150446563898, "p3": 0.7303988984667553, "p4": 34.3711136258129, "pol1": 0.15039035561721925, "pol2": -0.11609326079270099, "pol3": 0.8986010750959785, "pol4": 0.8175701710342322, "v0s": 4.901215109616383}, "datetime": {"datetime": "2022-04-08 22:10:41", "elapsed": 18569.851608, "delta": 12.915468}}
{"target": 3.2091042311757345, "params": {"Bgrad": 8.584874672700904, "d1": -0.5703355043601936, "d2": -2.0775971651344167, "d3": -2.3948870341931845, "d4": 0.39729478309710187, "p1": 3.245924571707776, "p2": 9.19092016142351, "p3": 36.23153902198316, "p4": 24.06281576963558, "pol1": -0.6850931329901782, "pol2": 0.6253711632733474, "pol3": -0.7784009730039243, "pol4": -0.42430134220710536, "v0s": 3.2091042311757345}, "datetime": {"datetime": "2022-04-08 22:10:57", "elapsed": 18585.794981, "delta": 15.943373}}
{"target": 3.066466257369398, "params": {"Bgrad": 4.365443259819665, "d1": -1.588047975993053, "d2": 0.5657570701027841, "d3": -2.04572167018893, "d4": -1.2784375235287664, "p1": 4.6993449620776895, "p2": 8.503098013636562, "p3": 42.06284621004868, "p4": 24.529490126401992, "pol1": -0.20038338807841227, "pol2": 0.5579517835464209, "pol3": -0.9151744123456267, "pol4": 0.42061856673875053, "v0s": 3.066466257369398}, "datetime": {"datetime": "2022-04-08 22:11:06", "elapsed": 18594.500705, "delta": 8.705724}}
{"target": -1.0, "params": {"Bgrad": 4.54599277523794, "d1": -2.019487819713833, "d2": -2.7331625827484145, "d3": -1.997731153363297, "d4": -1.6309729856569577, "p1": 7.917062675645065, "p2": 9.929571666853976, "p3": 39.307879284251754, "p4": 25.67492363838122, "pol1": 0.48124213306323704, "pol2": -0.05276434790894058, "pol3": 0.3709095797443558, "pol4": -0.5670891163462735, "v0s": 2.7329870479709815}, "datetime": {"datetime": "2022-04-08 22:11:15", "elapsed": 18603.207425, "delta": 8.70672}}
{"target": -1.0, "params": {"Bgrad": 6.105204134065679, "d1": -1.39542010284547, "d2": 0.30017529741263926, "d3": -1.5310711798292211, "d4": -0.8096871316853265, "p1": 10.725987326023578, "p2": 5.964812051314306, "p3": 46.235353062201895, "p4": 21.601211548901144, "pol1": -0.20295384221985047, "pol2": 0.43835235219872803, "pol3": 0.9517112117952442, "pol4": 0.33903988868440127, "v0s": 5.475156466660385}, "datetime": {"datetime": "2022-04-08 22:11:36", "elapsed": 18625.017113, "delta": 21.809688}}
{"target": -1.0, "params": {"Bgrad": 3.960272587727319, "d1": 0.309141893468897, "d2": -2.451190628856721, "d3": -2.346524445009932, "d4": -0.3261571468743889, "p1": 1.8440583236660646, "p2": 6.410365369061205, "p3": 32.85031658224693, "p4": 25.09268779717807, "pol1": 0.42906007181609773, "pol2": -0.2932902956191543, "pol3": 0.3821352087100467, "pol4": -0.03511824665404362, "v0s": 5.054668714287966}, "datetime": {"datetime": "2022-04-08 22:11:54", "elapsed": 18642.362736, "delta": 17.345623}}
{"target": -1.0, "params": {"Bgrad": 10.029081809228769, "d1": -2.878084805126622, "d2": -1.3771167352446363, "d3": -2.9479025120411735, "d4": -1.9290545262907322, "p1": 1.8964977435688035, "p2": 9.105117901056692, "p3": 33.53923592611131, "p4": 25.36533583449626, "pol1": 0.026395784978630488, "pol2": -0.3897661412214901, "pol3": 0.8837627176107126, "pol4": -0.12042914270513227, "v0s": 3.6543099907791716}, "datetime": {"datetime": "2022-04-08 22:12:10", "elapsed": 18659.141875, "delta": 16.779139}}
{"target": 5.003265719526831, "params": {"Bgrad": 16.311175375677614, "d1": -2.5359388424403155, "d2": -0.35069388213876773, "d3": -1.0055721994945885, "d4": -2.245030781396953, "p1": 27.877138825151246, "p2": 10.932736289080456, "p3": 37.53856466706624, "p4": 35.98703836757362, "pol1": -0.4335731610568067, "pol2": 0.5636094176060887, "pol3": -0.5207826661587429, "pol4": 0.5320505212691383, "v0s": 5.003265719526831}, "datetime": {"datetime": "2022-04-08 22:12:25", "elapsed": 18673.968234, "delta": 14.826359}}
{"target": 3.6398053343729333, "params": {"Bgrad": 5.924077677535608, "d1": -1.5803630287762782, "d2": -0.33317412891242615, "d3": -2.723206155503071, "d4": -2.792892665441416, "p1": 24.567762327517013, "p2": 32.867157206913824, "p3": 5.089657472695016, "p4": 34.318692779635036, "pol1": -0.6459001102115876, "pol2": 0.7091572555559743, "pol3": -0.16940761765344015, "pol4": -0.38426355526744405, "v0s": 3.6398053343729333}, "datetime": {"datetime": "2022-04-08 22:12:40", "elapsed": 18688.381697, "delta": 14.413463}}
{"target": -1.0, "params": {"Bgrad": 8.940036229671625, "d1": -1.197495998810778, "d2": 0.7866786500054532, "d3": -2.861470188154195, "d4": -2.574806415530916, "p1": 20.896431129090665, "p2": 34.384178825023206, "p3": 6.736195805120026, "p4": 35.889083545056124, "pol1": 0.16598194032789237, "pol2": -0.039794516277715575, "pol3": -0.308652452648851, "pol4": 0.22854883190988673, "v0s": 3.682861039539913}, "datetime": {"datetime": "2022-04-08 22:13:00", "elapsed": 18708.393193, "delta": 20.011496}}
{"target": 2.5301022709196626, "params": {"Bgrad": 6.458002302178075, "d1": -2.4489233592159256, "d2": -1.197700526621564, "d3": -1.102753696432495, "d4": -1.4280576007763761, "p1": 12.447463706450579, "p2": 4.929621551445712, "p3": 44.355740149261244, "p4": 28.164488272482746, "pol1": -0.507833173726197, "pol2": 0.814847811601588, "pol3": 0.2130608846663593, "pol4": -0.05772595203760411, "v0s": 2.5301022709196626}, "datetime": {"datetime": "2022-04-08 22:13:10", "elapsed": 18719.124501, "delta": 10.731308}}
{"target": 3.1909038880295473, "params": {"Bgrad": 5.14778709157271, "d1": -2.2095273374791833, "d2": -0.1619812287268978, "d3": -2.5885557695597883, "d4": -0.630752121167093, "p1": 14.074950617114224, "p2": 9.544958234025758, "p3": 35.55926096231245, "p4": 26.348261083997404, "pol1": 0.01789633837564386, "pol2": 0.11478222092585155, "pol3": 0.9353380175636545, "pol4": 0.6067515757080388, "v0s": 3.1909038880295473}, "datetime": {"datetime": "2022-04-08 22:13:19", "elapsed": 18727.48415, "delta": 8.359649}}
{"target": 2.5456545926584253, "params": {"Bgrad": 2.570940052680504, "d1": -1.4542437548357317, "d2": -0.38777946619565107, "d3": -1.0386369838618354, "d4": 0.27668448090119035, "p1": 9.042221288244235, "p2": 6.0954793152805555, "p3": 43.87456973423392, "p4": 22.882773540691254, "pol1": -0.4501238008914823, "pol2": -0.24459411506348405, "pol3": -0.7117798635472989, "pol4": 0.5434552516975222, "v0s": 2.5456545926584253}, "datetime": {"datetime": "2022-04-08 22:13:27", "elapsed": 18735.875716, "delta": 8.391566}}
{"target": 4.644369707863874, "params": {"Bgrad": 8.441383493745931, "d1": -1.9657198948556553, "d2": 0.11776354897923413, "d3": -2.6986114811722177, "d4": -0.44480827307171245, "p1": 8.07831044618959, "p2": 10.289614593067558, "p3": 33.82879710137583, "p4": 25.663682088709415, "pol1": -0.8993836327080831, "pol2": 0.550735762524212, "pol3": 0.9955161928922445, "pol4": 0.7861196813088236, "v0s": 4.644369707863874}, "datetime": {"datetime": "2022-04-08 22:13:45", "elapsed": 18753.305113, "delta": 17.429397}}
{"target": 2.730728831332746, "params": {"Bgrad": 12.960283803734594, "d1": -2.750356022569887, "d2": -1.3020187256051945, "d3": -1.6263464684989528, "d4": -1.5673365195824136, "p1": 11.98110586718455, "p2": 6.7194505224415, "p3": 35.364025807078086, "p4": 29.054417973330093, "pol1": -0.1495650353523177, "pol2": 0.2556108036064959, "pol3": 0.6989343729826529, "pol4": 0.05097654115991501, "v0s": 2.730728831332746}, "datetime": {"datetime": "2022-04-08 22:14:01", "elapsed": 18769.622486, "delta": 16.317373}}
{"target": -1.0, "params": {"Bgrad": 3.270361391290714, "d1": -2.8917458979099995, "d2": -1.7737400619133274, "d3": -2.4264456230781266, "d4": 0.3778416445281225, "p1": 6.888738441742598, "p2": 6.79440273778037, "p3": 42.299491159085676, "p4": 23.91226030285739, "pol1": -0.13040623661467166, "pol2": -0.2480761243572165, "pol3": -0.9706993256269025, "pol4": 0.684121268997949, "v0s": 4.449818659154235}, "datetime": {"datetime": "2022-04-08 22:14:12", "elapsed": 18780.929255, "delta": 11.306769}}
{"target": 4.496020195182198, "params": {"Bgrad": 6.660662665292634, "d1": -2.9832958000264926, "d2": -0.19725923412276844, "d3": -2.8448978953242166, "d4": -2.5914943152931595, "p1": 10.98302002239545, "p2": 5.57668409488221, "p3": 37.508293593186195, "p4": 26.283324759374977, "pol1": -0.5514383957209297, "pol2": 0.2769727112063932, "pol3": -0.09898905256598033, "pol4": 0.5327251101489956, "v0s": 4.496020195182198}, "datetime": {"datetime": "2022-04-08 22:14:24", "elapsed": 18792.945128, "delta": 12.015873}}
