{"target": 4.564974918184637, "params": {"Bgrad": 1.2937705533247965, "d1": -2.216051973576774, "d2": 0.6635935562606181, "d3": -2.9391748780562303, "d4": -2.954626819072591, "p1": 47.3696525098552, "p2": 16.14028282600491, "p3": 24.909659606428747, "p4": 9.411564817711703, "pol1": 0.8142884779607291, "pol2": -0.02167838438163061, "pol3": 0.9315001732927308, "pol4": 0.4693373219156811, "v0s": 4.564974918184637}, "datetime": {"datetime": "2022-05-17 13:27:01", "elapsed": 63837.052271, "delta": 37.61639}}
{"target": 3.80475480126551, "params": {"Bgrad": 1.9986088280962804, "d1": -2.0876626087480092, "d2": -0.4487943238249126, "d3": -2.425756235086587, "d4": -0.26064865131554527, "p1": 5.3642025555525885, "p2": 39.86145777077443, "p3": 33.845379680223644, "p4": 43.78258362765195, "pol1": 0.7779421479987556, "pol2": 0.6022858570180611, "pol3": 0.40860569651790346, "pol4": 0.6039902334802014, "v0s": 3.80475480126551}, "datetime": {"datetime": "2022-05-17 13:27:24", "elapsed": 63859.862263, "delta": 22.809992}}
{"target": 4.509151915797404, "params": {"Bgrad": 0.5755948838293246, "d1": -3.0, "d2": 0.10889335952735364, "d3": -1.8248823343123612, "d4": -1.604043939591328, "p1": 29.1422013529147, "p2": 30.04535745445813, "p3": 8.799450183352494, "p4": 43.072941360031244, "pol1": 1.0, "pol2": -0.7405091764131713, "pol3": 0.5248990897317218, "pol4": 0.156262925351817, "v0s": 4.509151915797404}, "datetime": {"datetime": "2022-05-17 13:27:54", "elapsed": 63889.855043, "delta": 29.99278}}
{"target": 3.6377198802098283, "params": {"Bgrad": 1.8957964468091837, "d1": -2.596599717108244, "d2": -1.1141615634084086, "d3": -2.027379401738241, "d4": -2.6090456102695145, "p1": 36.831633997404225, "p2": 5.930052911047973, "p3": 41.18295665467705, "p4": 31.242889922107196, "pol1": -0.0002404745954109888, "pol2": -0.886656444689887, "pol3": -0.7674923448629625, "pol4": 0.5628103321698912, "v0s": 3.6377198802098283}, "datetime": {"datetime": "2022-05-17 13:28:14", "elapsed": 63909.323971, "delta": 19.468928}}
{"target": -1.0, "params": {"Bgrad": 0.9867939288217125, "d1": 0.33848267994252534, "d2": -0.1497339336480259, "d3": 0.17186863322841228, "d4": -1.5572433438115985, "p1": 6.157898946236595, "p2": 39.391152309662864, "p3": 33.071526585121475, "p4": 47.962111780591606, "pol1": 0.8924519113444067, "pol2": 0.5941227488816339, "pol3": 0.6114919112900088, "pol4": -0.6612197802788702, "v0s": 6.16869144626391}, "datetime": {"datetime": "2022-05-17 13:28:56", "elapsed": 63952.181344, "delta": 42.857373}}
{"target": 6.0498349235441955, "params": {"Bgrad": 1.9169995662926067, "d1": -2.4416612097144035, "d2": -0.13579646305232843, "d3": -0.8651615213959702, "d4": -1.3238621018819017, "p1": 10.328752104731262, "p2": 27.208876088568566, "p3": 41.35850389935798, "p4": 28.036275582755078, "pol1": -0.6551571151160087, "pol2": 1.0, "pol3": 0.7521901133031201, "pol4": -0.18413667254428176, "v0s": 6.0498349235441955}, "datetime": {"datetime": "2022-05-17 13:29:25", "elapsed": 63980.550467, "delta": 28.369123}}
{"target": 4.880033856106372, "params": {"Bgrad": 0.9859358487111397, "d1": -3.0, "d2": 0.8371427527579505, "d3": -1.3041147168413365, "d4": -1.93389280522464, "p1": 3.372473275105607, "p2": 33.61385715931047, "p3": 29.766338309500117, "p4": 38.641108840783836, "pol1": 0.6222456575528451, "pol2": 0.5604583681104854, "pol3": -0.2033182049389268, "pol4": -0.015338709085312369, "v0s": 4.880033856106372}, "datetime": {"datetime": "2022-05-17 13:30:03", "elapsed": 64019.150227, "delta": 38.59976}}
{"target": 5.506760275617998, "params": {"Bgrad": 0.6115237952890475, "d1": -3.0, "d2": 1.0, "d3": -2.290960192045335, "d4": -0.4849256515292138, "p1": 31.97506712799914, "p2": 6.479093700421226, "p3": 8.235736115259604, "p4": 24.33522342015594, "pol1": 1.0, "pol2": -1.0, "pol3": 0.4087083409120562, "pol4": -1.0, "v0s": 5.506760275617998}, "datetime": {"datetime": "2022-05-17 13:30:35", "elapsed": 64050.638009, "delta": 31.487782}}
{"target": -1.0, "params": {"Bgrad": 1.5536902513439075, "d1": -2.075931994448167, "d2": -0.40297860507115457, "d3": -2.229551010922038, "d4": -1.548413509428701, "p1": 33.09559003962895, "p2": 9.401217609178008, "p3": 38.15893812296473, "p4": 29.228419896372205, "pol1": -0.2535969535454474, "pol2": -0.4239242751812149, "pol3": 0.48895444946263544, "pol4": -0.4981136376373081, "v0s": 3.19043032641941}, "datetime": {"datetime": "2022-05-17 13:30:55", "elapsed": 64070.364249, "delta": 19.72624}}
{"target": 3.2111238615703708, "params": {"Bgrad": 1.4525398941227992, "d1": -1.7584276197733462, "d2": 0.7615661777934082, "d3": -1.5956395634764173, "d4": -2.8313530732034318, "p1": 8.557255348311188, "p2": 38.68471943919724, "p3": 35.3737610041416, "p4": 40.916112709362004, "pol1": 0.8400256615472317, "pol2": 0.022793145448001928, "pol3": -0.13456524957623572, "pol4": -0.44744667098780266, "v0s": 3.2111238615703708}, "datetime": {"datetime": "2022-05-17 13:31:26", "elapsed": 64101.282554, "delta": 30.918305}}
{"target": -1.0, "params": {"Bgrad": 0.8602852146892006, "d1": -2.184903616546272, "d2": -1.6154760432336484, "d3": -0.28735302509915694, "d4": -2.63997505043527, "p1": 22.910120156207796, "p2": 11.266088107641403, "p3": 10.404003970258636, "p4": 25.70095541851011, "pol1": 0.7710007544446194, "pol2": -0.372746486938907, "pol3": 0.3455390673871641, "pol4": 0.3085259767874342, "v0s": 4.83832021356565}, "datetime": {"datetime": "2022-05-17 13:31:55", "elapsed": 64131.181585, "delta": 29.899031}}
{"target": -1.0, "params": {"Bgrad": 1.8725632923539575, "d1": -2.7678880733607967, "d2": 0.5512045491989963, "d3": -0.1349641589039221, "d4": -2.5667892075945553, "p1": 43.539039799030704, "p2": 22.550177000250883, "p3": 17.30670699493656, "p4": 12.53897043996321, "pol1": 0.4059432707633508, "pol2": -0.7036980488990525, "pol3": 0.8205041766068089, "pol4": 0.15004444724793609, "v0s": 5.327296340036491}, "datetime": {"datetime": "2022-05-17 13:32:25", "elapsed": 64161.174366, "delta": 29.992781}}
{"target": 5.05029423416053, "params": {"Bgrad": 0.5015825748798027, "d1": -3.0, "d2": 0.183214728978814, "d3": -2.1629715328220556, "d4": -1.3049317858158784, "p1": 32.995720524817116, "p2": 5.580208353614262, "p3": 37.992501734770585, "p4": 30.41685002792056, "pol1": 0.3525107170165554, "pol2": 0.18634968690938425, "pol3": 0.17885277716970044, "pol4": 0.5315329331462285, "v0s": 5.05029423416053}, "datetime": {"datetime": "2022-05-17 13:32:49", "elapsed": 64184.590736, "delta": 23.41637}}
{"target": 3.926540101454793, "params": {"Bgrad": 1.2766130047637032, "d1": -0.22899355141314404, "d2": -0.49713162669619493, "d3": -2.0619559378669, "d4": -2.5198646136335645, "p1": 3.9985314095007443, "p2": 8.486287827110917, "p3": 40.30146892384895, "p4": 28.86970438989736, "pol1": -0.9320964021614151, "pol2": -0.6206291542776066, "pol3": -0.05039358797080995, "pol4": -0.7450200318809723, "v0s": 3.926540101454793}, "datetime": {"datetime": "2022-05-17 13:33:19", "elapsed": 64215.150001, "delta": 30.559265}}
{"target": -1.0, "params": {"Bgrad": 1.4364442888747604, "d1": -0.9506978164921933, "d2": 0.6535925374894087, "d3": -2.920807285434671, "d4": -0.7918368101445665, "p1": 34.23041914632792, "p2": 7.360279156339572, "p3": 37.304213162351715, "p4": 30.37317426231077, "pol1": -0.7045978478727704, "pol2": -0.8468374672736356, "pol3": -0.6375682023144931, "pol4": -0.8004765167948118, "v0s": 6.317786551159994}, "datetime": {"datetime": "2022-05-17 13:33:47", "elapsed": 64242.90377, "delta": 27.753769}}
{"target": 3.647697109675711, "params": {"Bgrad": 1.6664376619942298, "d1": -2.927643255484304, "d2": -1.7761555657681254, "d3": -1.528619578352525, "d4": -0.9132613386509014, "p1": 2.4797818770256663, "p2": 31.973148660742318, "p3": 28.98797835862864, "p4": 42.89378622449558, "pol1": 0.08167786979910274, "pol2": -0.0813899263012503, "pol3": -0.7905463364593412, "pol4": 0.9222502873163771, "v0s": 3.647697109675711}, "datetime": {"datetime": "2022-05-17 13:34:21", "elapsed": 64276.272521, "delta": 33.368751}}
{"target": 4.630143083558574, "params": {"Bgrad": 0.5, "d1": -1.1545418807276586, "d2": 0.9268444446280738, "d3": -2.767284213206019, "d4": -2.3318338328730075, "p1": 4.608146321577171, "p2": 37.893202373062294, "p3": 33.542748470032286, "p4": 41.55540456673602, "pol1": -0.5373966199440816, "pol2": 1.0, "pol3": 0.8260754801398371, "pol4": -0.6536764000958287, "v0s": 4.630143083558574}, "datetime": {"datetime": "2022-05-17 13:34:53", "elapsed": 64308.451455, "delta": 32.178934}}
{"target": 4.749774374066439, "params": {"Bgrad": 1.0618036412455742, "d1": -3.0, "d2": 0.6686692295869167, "d3": -1.4834740880385515, "d4": -1.2729851050621004, "p1": 4.337207343879043, "p2": 34.65117269160594, "p3": 29.798991081164292, "p4": 37.21006936100006, "pol1": -0.2310069201053018, "pol2": 0.5240817487963919, "pol3": -0.2893514018128916, "pol4": -0.588506998626446, "v0s": 4.749774374066439}, "datetime": {"datetime": "2022-05-17 13:35:19", "elapsed": 64334.829903, "delta": 26.378448}}
{"target": -1.0, "params": {"Bgrad": 0.8924809082221684, "d1": 0.4387672955115183, "d2": -0.583341206794473, "d3": -1.5997255789202813, "d4": -0.6347463084792171, "p1": 4.470624135551188, "p2": 8.491991602509108, "p3": 41.873856979334654, "p4": 29.415407365836828, "pol1": 0.6280129723313221, "pol2": -0.6968060351764467, "pol3": -0.4177203156998217, "pol4": 0.8902154171169663, "v0s": 4.612195281650592}, "datetime": {"datetime": "2022-05-17 13:35:54", "elapsed": 64369.787404, "delta": 34.957501}}
{"target": -1.0, "params": {"Bgrad": 1.8539253042350068, "d1": -2.320343083359768, "d2": -2.2150726749672636, "d3": -0.002180964496915294, "d4": -1.4645039934510469, "p1": 8.284175476882094, "p2": 28.32304308751873, "p3": 40.35029207480166, "p4": 27.68751766397923, "pol1": -0.41891304083713354, "pol2": 0.7884342668906235, "pol3": 0.5300434839755508, "pol4": 0.5419316567969676, "v0s": 4.662989785945128}, "datetime": {"datetime": "2022-05-17 13:36:24", "elapsed": 64399.361307, "delta": 29.573903}}
{"target": 6.260285164266804, "params": {"Bgrad": 1.4474928968946288, "d1": -3.0, "d2": -0.17476326939353765, "d3": -0.8160969856116691, "d4": -0.9763823545658996, "p1": 10.535007691081725, "p2": 27.10258002258972, "p3": 42.37239401479503, "p4": 28.005087348969415, "pol1": -0.44178804198392907, "pol2": 0.6901456007535798, "pol3": 0.40458530326975456, "pol4": -0.702367478289688, "v0s": 6.260285164266804}, "datetime": {"datetime": "2022-05-17 13:36:56", "elapsed": 64431.585118, "delta": 32.223811}}
{"target": 4.659686436148002, "params": {"Bgrad": 1.4149420185540227, "d1": -2.571404657099467, "d2": 0.4336298640794629, "d3": -2.4745231920960413, "d4": -2.8039800532999615, "p1": 26.776884363115368, "p2": 8.94518683127936, "p3": 36.14530829183692, "p4": 29.648380335313952, "pol1": 0.8109478784453661, "pol2": 0.966714825852566, "pol3": 0.09409664760000797, "pol4": 0.9847382176162316, "v0s": 4.659686436148002}, "datetime": {"datetime": "2022-05-17 13:37:28", "elapsed": 64463.403017, "delta": 31.817899}}
{"target": -1.0, "params": {"Bgrad": 0.9582592366622775, "d1": -2.0180847627741674, "d2": -0.7471252759718956, "d3": -1.4388056268663014, "d4": -2.1470339846581648, "p1": 1.7768114483311614, "p2": 27.148270124882185, "p3": 29.293149778738425, "p4": 41.628531468707806, "pol1": -0.49850402817257566, "pol2": -0.9576716825450382, "pol3": 0.3047317505770464, "pol4": 0.08604257317600306, "v0s": 5.547202686440457}, "datetime": {"datetime": "2022-05-17 13:37:58", "elapsed": 64494.040075, "delta": 30.637058}}
{"target": 2.8757348934900806, "params": {"Bgrad": 1.0689108685706037, "d1": -2.5265349686187353, "d2": 0.9949041994159429, "d3": -1.043192237827622, "d4": -2.408271807609049, "p1": 34.74339706721107, "p2": 3.990922210964065, "p3": 40.502025960730904, "p4": 32.52018365134071, "pol1": 0.2552152264416043, "pol2": -0.04118122531590074, "pol3": 0.1344236476022136, "pol4": 0.943092626486348, "v0s": 2.8757348934900806}, "datetime": {"datetime": "2022-05-17 13:38:34", "elapsed": 64529.933074, "delta": 35.892999}}
{"target": 4.05242903500687, "params": {"Bgrad": 1.217380582805614, "d1": -2.0848716427457075, "d2": -0.4046144051242724, "d3": -0.25080096868328017, "d4": -0.17220464661201085, "p1": 27.35399339527727, "p2": 41.17202774801965, "p3": 30.080970688324253, "p4": 20.23209547534901, "pol1": 0.22045880181885624, "pol2": 0.18084782890399098, "pol3": -0.9485561990158413, "pol4": -0.5806717616180184, "v0s": 4.05242903500687}, "datetime": {"datetime": "2022-05-17 13:38:56", "elapsed": 64552.21149, "delta": 22.278416}}
{"target": 4.076734507730966, "params": {"Bgrad": 2.0, "d1": -1.3996310612434457, "d2": 0.5595948505933515, "d3": -0.47377477383658184, "d4": -1.6020399253080524, "p1": 1.7844980581973473, "p2": 34.14738934493943, "p3": 27.463373742856223, "p4": 37.16665264130457, "pol1": -0.20148435317125682, "pol2": -0.9703972562913844, "pol3": -0.3634401769897158, "pol4": -0.18530985772828446, "v0s": 4.076734507730966}, "datetime": {"datetime": "2022-05-17 13:39:32", "elapsed": 64587.368456, "delta": 35.156966}}
{"target": -1.0, "params": {"Bgrad": 0.5015396893826409, "d1": -0.2963155469763801, "d2": -0.6751047326381552, "d3": 0.40799763133786326, "d4": -0.2803947648108984, "p1": 27.93963596546129, "p2": 40.53924674734162, "p3": 29.820415845164224, "p4": 18.912850494157436, "pol1": -0.36610528545475707, "pol2": 0.14855769326238444, "pol3": -0.3985950627722026, "pol4": -0.1682133907547605, "v0s": 2.7473684251845074}, "datetime": {"datetime": "2022-05-17 13:40:09", "elapsed": 64624.953929, "delta": 37.585473}}
{"target": -1.0, "params": {"Bgrad": 0.7340129421923092, "d1": -1.732299474656561, "d2": 0.27226384975712126, "d3": -1.3818237550622579, "d4": -2.123351631610759, "p1": 31.45805191871896, "p2": 12.575036857627675, "p3": 30.257351561898034, "p4": 26.702476452899255, "pol1": 0.5727415983686255, "pol2": 0.24742461459272547, "pol3": 0.9519401267431802, "pol4": 0.8653808297065977, "v0s": 5.867880441358142}, "datetime": {"datetime": "2022-05-17 13:40:33", "elapsed": 64648.906865, "delta": 23.952936}}
{"target": 4.108540614434828, "params": {"Bgrad": 1.9608665396378657, "d1": -2.25329528931545, "d2": 0.6874300028970253, "d3": -0.8397203606075081, "d4": -0.6059026591834558, "p1": 7.7718820324210185, "p2": 23.48333393121357, "p3": 45.035662199320186, "p4": 21.036952255422815, "pol1": 0.39403450458392664, "pol2": -0.2510378577658161, "pol3": 0.9177414839921163, "pol4": 0.4179419615392097, "v0s": 4.108540614434828}, "datetime": {"datetime": "2022-05-17 13:40:57", "elapsed": 64672.819907, "delta": 23.913042}}
{"target": -1.0, "params": {"Bgrad": 1.1309609846340243, "d1": -3.0, "d2": 0.9973275061129336, "d3": -1.8367101671809078, "d4": -1.1817282466132009, "p1": 31.412634916668615, "p2": 5.90755730480641, "p3": 7.429407760140278, "p4": 24.748257970248844, "pol1": 1.0, "pol2": -1.0, "pol3": 0.5977248346935969, "pol4": -1.0, "v0s": 6.188905361588136}, "datetime": {"datetime": "2022-05-17 13:41:35", "elapsed": 64710.927983, "delta": 38.108076}}
{"target": 4.22051004574378, "params": {"Bgrad": 1.2206352286561502, "d1": -3.0, "d2": -0.05765550315902829, "d3": -2.9233445680166437, "d4": -2.092750496070367, "p1": 28.733405523261258, "p2": 30.753487744784362, "p3": 8.949934679673015, "p4": 43.74965791587513, "pol1": 0.9084372703332065, "pol2": 0.3092821466403483, "pol3": 0.8734603918870316, "pol4": 0.011448250077241139, "v0s": 4.22051004574378}, "datetime": {"datetime": "2022-05-17 13:42:03", "elapsed": 64738.878225, "delta": 27.950242}}
{"target": 3.016794400341456, "params": {"Bgrad": 1.939079408114836, "d1": -0.8940760000335048, "d2": 0.5454525843651834, "d3": -2.4543524344344383, "d4": -2.090574064188306, "p1": 10.351161193573017, "p2": 23.63781061826532, "p3": 43.78328092806654, "p4": 21.288754892603578, "pol1": -0.5464791000409999, "pol2": -0.2666194394888364, "pol3": -0.5064674477916351, "pol4": -0.8897502373795259, "v0s": 3.016794400341456}, "datetime": {"datetime": "2022-05-17 13:42:34", "elapsed": 64769.977049, "delta": 31.098824}}
{"target": 4.667473436496395, "params": {"Bgrad": 1.7957507446019199, "d1": -1.682095066595783, "d2": 0.09662884900506839, "d3": -2.8421452446663316, "d4": -1.460561651123942, "p1": 4.339182509256184, "p2": 38.26571061754044, "p3": 33.415012971895415, "p4": 41.91852570665024, "pol1": -1.0, "pol2": 1.0, "pol3": 0.9617665740074941, "pol4": 0.14986808142240976, "v0s": 4.667473436496395}, "datetime": {"datetime": "2022-05-17 13:43:03", "elapsed": 64798.39105, "delta": 28.414001}}
{"target": 4.716326823981787, "params": {"Bgrad": 1.1993133277694927, "d1": -3.0, "d2": 0.28330478090511757, "d3": -1.6396412147962574, "d4": -2.0544823837824944, "p1": 33.84066201813261, "p2": 5.485249452083332, "p3": 37.14593159369389, "p4": 30.073526964497624, "pol1": 0.572233866439038, "pol2": -0.30911493665140843, "pol3": -0.7761335275998825, "pol4": 0.8468503002106608, "v0s": 4.716326823981787}, "datetime": {"datetime": "2022-05-17 13:43:29", "elapsed": 64824.579007, "delta": 26.187957}}
{"target": -1.0, "params": {"Bgrad": 1.5616888065575425, "d1": -3.0, "d2": 0.9772592955799603, "d3": 0.04882839954860653, "d4": 0.0070019499179225855, "p1": 39.29403626282885, "p2": 8.021690993492157, "p3": 35.973866612905574, "p4": 3.3056996741978515, "pol1": 0.3617419729497589, "pol2": -0.99250335941543, "pol3": 0.7609294643211584, "pol4": 0.030736421744875328, "v0s": 2.4381940549920413}, "datetime": {"datetime": "2022-05-17 13:44:01", "elapsed": 64856.486666, "delta": 31.907659}}
{"target": 3.5212977947773525, "params": {"Bgrad": 1.2203096141989678, "d1": -2.965381453164474, "d2": -0.1447903260944159, "d3": -1.487263232838866, "d4": -1.5252802719398866, "p1": 30.83669696145651, "p2": 31.855407190605074, "p3": 6.337594473897646, "p4": 43.56373616908275, "pol1": 0.13306239858856972, "pol2": 0.4606172429955826, "pol3": 0.8941998646818561, "pol4": 0.3652926962549965, "v0s": 3.5212977947773525}, "datetime": {"datetime": "2022-05-17 13:44:35", "elapsed": 64890.465785, "delta": 33.979119}}
{"target": 3.65519082974847, "params": {"Bgrad": 1.9991359124351742, "d1": -1.418610200100685, "d2": 0.4102306243833307, "d3": -1.3085791924941956, "d4": -2.799715369573478, "p1": 26.990677878535372, "p2": 7.576827288799448, "p3": 15.906026879862994, "p4": 27.21396376275984, "pol1": 0.46079321192173817, "pol2": -0.5781494548345754, "pol3": -0.9682474321155345, "pol4": 0.8461712784990685, "v0s": 3.65519082974847}, "datetime": {"datetime": "2022-05-17 13:44:58", "elapsed": 64914.199306, "delta": 23.733521}}
{"target": 4.017378495502612, "params": {"Bgrad": 0.7613167246494102, "d1": -2.577536887889833, "d2": 0.6406577161698452, "d3": -1.7031446972900097, "d4": -1.558202620612914, "p1": 29.235457656550746, "p2": 10.578769515532427, "p3": 36.34521864528605, "p4": 28.098811097121406, "pol1": 0.49298457967199694, "pol2": -0.9639983573235205, "pol3": 0.5669574445239538, "pol4": -0.5119586478585889, "v0s": 4.017378495502612}, "datetime": {"datetime": "2022-05-17 13:45:21", "elapsed": 64936.834765, "delta": 22.635459}}
{"target": 3.9721303150207716, "params": {"Bgrad": 1.973647741098209, "d1": -2.304261118712325, "d2": 0.9500883812598917, "d3": -1.5726485945953157, "d4": 0.380202346954571, "p1": 32.08299612879814, "p2": 8.551153449934256, "p3": 41.667298403065075, "p4": 31.388498854916097, "pol1": 0.8409304014416887, "pol2": -0.6093540693063142, "pol3": -0.05336760912628846, "pol4": 0.9672016443891898, "v0s": 3.9721303150207716}, "datetime": {"datetime": "2022-05-17 13:45:52", "elapsed": 64967.791966, "delta": 30.957201}}
{"target": -1.0, "params": {"Bgrad": 0.9313147828551321, "d1": -2.6233956261878886, "d2": -1.8483380280614625, "d3": 0.5192472839955982, "d4": 0.03280890569791328, "p1": 27.195913974490228, "p2": 41.89284052028699, "p3": 32.88516834462208, "p4": 20.45450463954496, "pol1": -0.61783924547881, "pol2": -0.09369768384939658, "pol3": 0.22335476803706245, "pol4": -0.5408590666790929, "v0s": 3.9403683070190016}, "datetime": {"datetime": "2022-05-17 13:46:25", "elapsed": 65000.7558, "delta": 32.963834}}
{"target": -1.0, "params": {"Bgrad": 1.6787076007747035, "d1": -2.382895261383661, "d2": 0.5148283714280648, "d3": -1.1962686486275542, "d4": -2.3074218081855737, "p1": 9.00046292134647, "p2": 25.093452346242124, "p3": 46.0753794254137, "p4": 20.903036544513974, "pol1": -0.13952170032263767, "pol2": -0.04710501924588817, "pol3": 0.24557628773412254, "pol4": 0.20994556514354556, "v0s": 6.365813919881689}, "datetime": {"datetime": "2022-05-17 13:47:03", "elapsed": 65039.182024, "delta": 38.426224}}
{"target": 3.3348933479384595, "params": {"Bgrad": 1.3722930058287366, "d1": -1.9529177263398871, "d2": 0.36787302205456474, "d3": -0.25154334594533445, "d4": -1.9103132235658422, "p1": 1.8615326678583288, "p2": 35.63502960002708, "p3": 25.86984059580484, "p4": 35.87931696111865, "pol1": 0.5063111647539973, "pol2": -0.7458314306243312, "pol3": -0.8446828890300992, "pol4": 0.48213084622248314, "v0s": 3.3348933479384595}, "datetime": {"datetime": "2022-05-17 13:47:34", "elapsed": 65069.550799, "delta": 30.368775}}
{"target": 4.627466457403304, "params": {"Bgrad": 0.7529553823034255, "d1": -2.3023898320405842, "d2": 0.8644843332017301, "d3": -1.7440246559321997, "d4": -1.6574061934419817, "p1": 4.792865531318579, "p2": 34.20042129256624, "p3": 29.24800081828151, "p4": 38.212726776288235, "pol1": -0.052475318920384165, "pol2": -0.3595725830964292, "pol3": -0.7220414144112354, "pol4": 0.7403384348577811, "v0s": 4.627466457403304}, "datetime": {"datetime": "2022-05-17 13:48:05", "elapsed": 65100.54191, "delta": 30.991111}}
