{"target": -1.0, "params": {"Bgrad": 1.2196063505737325, "d1": 0.7867067169585904, "d2": -0.7862651750069372, "d3": -2.6607927133585885, "d4": -2.1901478573018576, "p1": 42.71189864581913, "p2": 35.29636833823596, "p3": 44.74697600764621, "p4": 16.457300089714987, "pol1": 0.05600279327525226, "pol2": 0.30079626496823963, "pol3": 0.1885817071733289, "pol4": -0.5370741289315044, "v0s": 4.5609280966894135}, "datetime": {"datetime": "2022-04-28 16:05:09", "elapsed": 2021.919048, "delta": 11.557318}}
{"target": -1.0, "params": {"Bgrad": 0.8721671960902622, "d1": 0.3824598489245816, "d2": 0.9467097798723305, "d3": -2.733716787470483, "d4": -0.14428787093215467, "p1": 16.505777609953714, "p2": 31.271768915571645, "p3": 12.90648246409355, "p4": 32.55038046542475, "pol1": -0.2577056310745409, "pol2": -0.41035824092607265, "pol3": 0.8235263473955976, "pol4": 0.884997748452415, "v0s": 5.681300159360813}, "datetime": {"datetime": "2022-04-28 16:05:17", "elapsed": 2030.432928, "delta": 8.51388}}
{"target": -1.0, "params": {"Bgrad": 0.821701671246039, "d1": 0.7576754836246375, "d2": 0.0018141868932963767, "d3": 0.004359229291224231, "d4": -2.153114660606055, "p1": 41.507826308114964, "p2": 12.004757708060504, "p3": 31.581037262508012, "p4": 35.536978494979316, "pol1": 0.4847668594142034, "pol2": -0.21947059080083808, "pol3": 0.5196507934321948, "pol4": 0.8058718042434199, "v0s": 5.524520115425462}, "datetime": {"datetime": "2022-04-28 16:05:24", "elapsed": 2037.041342, "delta": 6.608414}}
{"target": -1.0, "params": {"Bgrad": 0.6356145735421979, "d1": -2.4840960634308957, "d2": -2.5789498933488524, "d3": -2.30909014670848, "d4": -2.49427643884126, "p1": 38.91504450338138, "p2": 1.9705756092222138, "p3": 12.0779208670432, "p4": 43.95332006792327, "pol1": 0.9470377216725872, "pol2": 0.21084401545409626, "pol3": 0.9524765291207768, "pol4": -0.9130969165700464, "v0s": 7.691436610256045}, "datetime": {"datetime": "2022-04-28 16:05:30", "elapsed": 2042.928731, "delta": 5.887389}}
{"target": -1.0, "params": {"Bgrad": 0.9669441236842506, "d1": 0.19589136144637198, "d2": 0.24251641378760613, "d3": 0.43999436632137945, "d4": -1.1657967563899958, "p1": 46.53221960827242, "p2": 12.894649221351994, "p3": 46.72227462647923, "p4": 30.955981662583028, "pol1": 0.9708898298896611, "pol2": -0.9347122680748152, "pol3": 0.45033331766541673, "pol4": 0.13110847076076215, "v0s": 4.954544284389917}, "datetime": {"datetime": "2022-04-28 16:05:40", "elapsed": 2052.897712, "delta": 9.968981}}
{"target": -1.0, "params": {"Bgrad": 0.8888271884761054, "d1": -1.6926772605344995, "d2": -2.002151173194449, "d3": -2.122928358699757, "d4": 0.1986433500993554, "p1": 25.11975029491292, "p2": 4.159494434849886, "p3": 38.84920960136902, "p4": 26.682453804186544, "pol1": 0.478775574692764, "pol2": 0.03078738628624267, "pol3": -0.20010815202973653, "pol4": 0.9724935648725901, "v0s": 2.169455720977476}, "datetime": {"datetime": "2022-04-28 16:05:44", "elapsed": 2056.881638, "delta": 3.983926}}
{"target": -1.0, "params": {"Bgrad": 1.8991458619472874, "d1": 0.723419871039872, "d2": -1.4363251539941677, "d3": -2.142140515466721, "d4": -0.5231468082670441, "p1": 8.898616773508472, "p2": 40.160409716400416, "p3": 12.69669279388676, "p4": 14.540307751633897, "pol1": 0.8318315800199141, "pol2": 0.805833666948818, "pol3": 0.07076178346104345, "pol4": 0.7256779611572313, "v0s": 4.115195412830371}, "datetime": {"datetime": "2022-04-28 16:05:58", "elapsed": 2070.909342, "delta": 14.027704}}
{"target": -1.0, "params": {"Bgrad": 1.9968264173373536, "d1": -1.265241042380092, "d2": -1.8207519528060185, "d3": -2.833703064203331, "d4": 0.9588278151469671, "p1": 23.244381545591118, "p2": 36.729250702518534, "p3": 32.04038120229373, "p4": 36.15466998330049, "pol1": -0.8977781923477675, "pol2": 0.8400908108194274, "pol3": 0.853682435804483, "pol4": 0.10399005430839425, "v0s": 7.783495332107306}, "datetime": {"datetime": "2022-04-28 16:06:13", "elapsed": 2086.353277, "delta": 15.443935}}
{"target": -1.0, "params": {"Bgrad": 0.9214333054855512, "d1": -0.5914134914538192, "d2": -1.4141492397895044, "d3": -0.4879070729790871, "d4": -1.7974708459050075, "p1": 40.96791923280101, "p2": 3.4892989252104267, "p3": 2.093878514999814, "p4": 2.4698192316657153, "pol1": -0.6990899432646731, "pol2": -0.2092990524106193, "pol3": 0.9107799785143493, "pol4": -0.7784091206080876, "v0s": 5.885317914898563}, "datetime": {"datetime": "2022-04-28 16:06:21", "elapsed": 2093.656366, "delta": 7.303089}}
{"target": -1.0, "params": {"Bgrad": 1.2914322626845238, "d1": -1.587030376067764, "d2": -2.2072030827192326, "d3": -2.117623672610657, "d4": -2.8247139610914123, "p1": 35.658198657990724, "p2": 32.692009959812744, "p3": 22.18848963623612, "p4": 35.94697440449218, "pol1": -0.7800480551093592, "pol2": 0.8774383467378621, "pol3": 0.6952534184787751, "pol4": 0.3180713193317666, "v0s": 4.272987011970391}, "datetime": {"datetime": "2022-04-28 16:06:33", "elapsed": 2105.564743, "delta": 11.908377}}
{"target": -1.0, "params": {"Bgrad": 1.124850093522121, "d1": -1.0713843113701302, "d2": 0.7411350800272025, "d3": 0.45437181967241047, "d4": -1.0883046031337624, "p1": 27.72592491390835, "p2": 43.77019311396609, "p3": 47.4632216886145, "p4": 31.9592377934123, "pol1": 0.49704064017950733, "pol2": -0.29675018727911473, "pol3": 0.83605663817236, "pol4": 0.6735040997076625, "v0s": 5.312335287348577}, "datetime": {"datetime": "2022-04-28 16:06:45", "elapsed": 2118.064572, "delta": 12.499829}}
{"target": -1.0, "params": {"Bgrad": 1.8014408144227605, "d1": 0.3994875257613293, "d2": 0.23364542642456732, "d3": -2.477228702410448, "d4": -0.8559897007127515, "p1": 45.0391557353458, "p2": 38.541591527691516, "p3": 21.03565995125959, "p4": 48.89401966799829, "pol1": -0.4984536866539955, "pol2": -0.3327795423042046, "pol3": 0.9084010148591779, "pol4": 0.6174306963705793, "v0s": 7.402040027063971}, "datetime": {"datetime": "2022-04-28 16:06:58", "elapsed": 2130.909932, "delta": 12.84536}}
{"target": -1.0, "params": {"Bgrad": 0.5173843841148428, "d1": -1.480942267864021, "d2": -2.057912173560523, "d3": -1.8162597924503547, "d4": -0.04801801438463649, "p1": 36.2042422432037, "p2": 23.089970509953073, "p3": 18.263723060354685, "p4": 29.234580650226288, "pol1": 0.06741550926855266, "pol2": 0.10115911801572408, "pol3": 0.23095414222931554, "pol4": -0.20870345546490232, "v0s": 6.63031089449275}, "datetime": {"datetime": "2022-04-28 16:07:03", "elapsed": 2135.655838, "delta": 4.745906}}
{"target": -1.0, "params": {"Bgrad": 0.8768047750240799, "d1": -0.37695692838653594, "d2": 0.8415885928800724, "d3": -2.985780958142296, "d4": -0.10655582242277539, "p1": 5.449751696482186, "p2": 27.18937458319126, "p3": 31.34580083401673, "p4": 12.147356288540056, "pol1": 0.8276877504932163, "pol2": 0.2446250573832356, "pol3": -0.5366106172102802, "pol4": 0.540264375199615, "v0s": 2.6330424799840086}, "datetime": {"datetime": "2022-04-28 16:07:07", "elapsed": 2140.06515, "delta": 4.409312}}
{"target": 3.6639761366011023, "params": {"Bgrad": 1.5278890490712163, "d1": 0.8287149486502265, "d2": -0.3013418922623825, "d3": -1.9023552017203498, "d4": -2.280882146284574, "p1": 49.33954379113043, "p2": 17.58571391489253, "p3": 25.882494098869298, "p4": 14.239062658628631, "pol1": -0.22671712582629544, "pol2": 0.6458717420666218, "pol3": -0.6771569812937339, "pol4": 0.03692927760010889, "v0s": 3.6639761366011023}, "datetime": {"datetime": "2022-04-28 16:07:14", "elapsed": 2146.724442, "delta": 6.659292}}
{"target": -1.0, "params": {"Bgrad": 1.5967486369568875, "d1": -1.8201850345297315, "d2": -1.09115332103528, "d3": 0.6211657938582973, "d4": -2.654759501056432, "p1": 29.914705391944953, "p2": 1.448819433827525, "p3": 37.34951280729265, "p4": 4.567869185515372, "pol1": -0.6447796971693067, "pol2": 0.6548799519899704, "pol3": 0.34046443186434305, "pol4": -0.7940587975655737, "v0s": 3.3295532530450918}, "datetime": {"datetime": "2022-04-28 16:08:23", "elapsed": 2216.400977, "delta": 69.676535}}
{"target": -1.0, "params": {"Bgrad": 1.8305168221955783, "d1": -0.582651284004962, "d2": -2.479396141800643, "d3": -1.3200176185306627, "d4": -2.3062126861859693, "p1": 13.377930422344587, "p2": 23.746860754047074, "p3": 1.0565031920568735, "p4": 39.919093734772765, "pol1": 0.6478213139544347, "pol2": 0.20431996911799, "pol3": -0.8127253009148252, "pol4": 0.21178826445446908, "v0s": 2.9337650682681895}, "datetime": {"datetime": "2022-04-28 16:08:32", "elapsed": 2225.288861, "delta": 8.887884}}
{"target": -1.0, "params": {"Bgrad": 0.5690042859759339, "d1": -2.3936044845897824, "d2": -2.728087243975828, "d3": -0.17455241744271932, "d4": 0.3096752541051968, "p1": 10.08385249785248, "p2": 6.378492262787189, "p3": 26.964791173885178, "p4": 24.989312861330948, "pol1": 0.8696662207866923, "pol2": 0.7375574747818108, "pol3": -0.7351569199663799, "pol4": 0.7861939719039546, "v0s": 4.995603699497256}, "datetime": {"datetime": "2022-04-28 16:08:38", "elapsed": 2231.054028, "delta": 5.765167}}
{"target": -1.0, "params": {"Bgrad": 1.8417423207910364, "d1": 0.8323337614980124, "d2": -1.1731957149506402, "d3": 0.977596842706955, "d4": 0.3523329056617537, "p1": 19.494200779680742, "p2": 10.058416787797892, "p3": 10.145174866617618, "p4": 14.690939178502017, "pol1": 0.6636877968486452, "pol2": 0.38198329294554045, "pol3": -0.8224104029332902, "pol4": -0.6663442072053252, "v0s": 2.6904016232692296}, "datetime": {"datetime": "2022-04-28 16:08:55", "elapsed": 2248.026448, "delta": 16.97242}}
{"target": -1.0, "params": {"Bgrad": 1.71550174488177, "d1": 0.6974699246421712, "d2": -1.1285742489496662, "d3": 0.6673704969816305, "d4": 0.07933126621357411, "p1": 21.002390397508442, "p2": 8.771180461227685, "p3": 24.05490798851818, "p4": 21.17618034671182, "pol1": 0.7484909651638703, "pol2": 0.916528125766408, "pol3": -0.08639865303618088, "pol4": -0.42479393378812524, "v0s": 6.940781399586655}, "datetime": {"datetime": "2022-04-28 16:09:08", "elapsed": 2260.915749, "delta": 12.889301}}
{"target": -1.0, "params": {"Bgrad": 0.9013556404891975, "d1": -0.3123613788510098, "d2": -0.7831223588543548, "d3": -2.1668857092022393, "d4": -1.6211485800658476, "p1": 8.62046927733498, "p2": 32.91576884401615, "p3": 17.465131316039155, "p4": 36.28553134502231, "pol1": -0.046797821862413436, "pol2": 0.22409084400879742, "pol3": -0.7988000580156591, "pol4": 0.32939223538838336, "v0s": 3.951262701371343}, "datetime": {"datetime": "2022-04-28 16:09:16", "elapsed": 2269.273075, "delta": 8.357326}}
{"target": -1.0, "params": {"Bgrad": 1.8237271230370644, "d1": 0.9470413947287972, "d2": -2.676256395161258, "d3": -2.326993638251142, "d4": -2.9979940113017003, "p1": 22.01694319881544, "p2": 24.594671565776892, "p3": 25.635736006738103, "p4": 30.98921272158818, "pol1": 0.16082764477149958, "pol2": -0.08736987116522199, "pol3": 0.4331965542778664, "pol4": 0.3582102590232037, "v0s": 7.470628014149618}, "datetime": {"datetime": "2022-04-28 16:09:28", "elapsed": 2280.627374, "delta": 11.354299}}
{"target": -1.0, "params": {"Bgrad": 1.7684189250522384, "d1": -1.3222494620702525, "d2": 0.16571014188195754, "d3": -0.1471972141995077, "d4": -0.2409528814664177, "p1": 15.704019232555888, "p2": 7.971827485820521, "p3": 30.2809091187971, "p4": 20.9872639222299, "pol1": 0.6865793150495896, "pol2": 0.9596516799111876, "pol3": 0.965467775344071, "pol4": -0.5892839951003985, "v0s": 6.370199326022936}, "datetime": {"datetime": "2022-04-28 16:09:41", "elapsed": 2294.005356, "delta": 13.377982}}
{"target": -1.0, "params": {"Bgrad": 1.0453190649359203, "d1": 0.3064499102624567, "d2": 0.07197359834309935, "d3": -2.2247794849224167, "d4": 0.2136022992646951, "p1": 44.817078139292555, "p2": 29.57663557712418, "p3": 13.148038770829086, "p4": 20.944122018242307, "pol1": 0.7350521812190618, "pol2": -0.7851538951355863, "pol3": 0.004279304052009492, "pol4": -0.38532706573684794, "v0s": 6.736257129566155}, "datetime": {"datetime": "2022-04-28 16:09:47", "elapsed": 2299.945545, "delta": 5.940189}}
{"target": -1.0, "params": {"Bgrad": 1.3109289216667221, "d1": -2.1841687894157196, "d2": -1.780509301655862, "d3": -0.4498788606679147, "d4": -0.5813435835880516, "p1": 46.76277203293135, "p2": 29.702419537413792, "p3": 33.345745428208026, "p4": 44.575609248608586, "pol1": -0.11841514198098313, "pol2": -0.7348534902374015, "pol3": 0.2858039986334515, "pol4": 0.48858624331046463, "v0s": 2.591807851395737}, "datetime": {"datetime": "2022-04-28 16:09:53", "elapsed": 2306.286212, "delta": 6.340667}}
{"target": -1.0, "params": {"Bgrad": 0.8985427112989428, "d1": -0.10966951481086307, "d2": -0.8552329271447858, "d3": -0.31359436260308593, "d4": -2.7961927556889123, "p1": 22.29006939427395, "p2": 13.333061589400952, "p3": 13.112470917668716, "p4": 46.37786176082663, "pol1": -0.6541371020394442, "pol2": 0.7157542449309013, "pol3": 0.06546621504138761, "pol4": -0.09889865353182614, "v0s": 6.602531014312564}, "datetime": {"datetime": "2022-04-28 16:10:02", "elapsed": 2315.015516, "delta": 8.729304}}
{"target": -1.0, "params": {"Bgrad": 0.689331655970116, "d1": -0.24067213710020807, "d2": -2.806849290777382, "d3": -2.1991862074010733, "d4": -1.4818147113295161, "p1": 41.21316505619784, "p2": 7.009610268363165, "p3": 49.478095803671565, "p4": 22.914351714710847, "pol1": -0.5816355158189821, "pol2": -0.43860382264549025, "pol3": 0.6128581754977842, "pol4": -0.6330756148594161, "v0s": 4.003495090139257}, "datetime": {"datetime": "2022-04-28 16:10:07", "elapsed": 2320.380253, "delta": 5.364737}}
{"target": -1.0, "params": {"Bgrad": 0.8282603517303417, "d1": -0.24773954405621845, "d2": -1.3638860145705056, "d3": -2.928462222845613, "d4": -2.863192287919667, "p1": 45.015569380337034, "p2": 27.040697292065786, "p3": 48.64843473726489, "p4": 43.49613048163133, "pol1": -0.48217601094101914, "pol2": 0.8614922579051933, "pol3": -0.42076286192925605, "pol4": -0.020907310664823875, "v0s": 6.735379188755426}, "datetime": {"datetime": "2022-04-28 16:10:14", "elapsed": 2326.93085, "delta": 6.550597}}
{"target": -1.0, "params": {"Bgrad": 1.198816446247056, "d1": 0.43310945392632005, "d2": -0.6783211952571264, "d3": 0.9167200878326436, "d4": 0.5677711299286945, "p1": 48.372124149467346, "p2": 22.0435098141012, "p3": 12.943776152267983, "p4": 29.335730045993746, "pol1": 0.22868385531218283, "pol2": 0.37226727694112793, "pol3": 0.5400931616207281, "pol4": 0.42740534039914424, "v0s": 2.019656814963733}, "datetime": {"datetime": "2022-04-28 16:10:25", "elapsed": 2338.118106, "delta": 11.187256}}
{"target": -1.0, "params": {"Bgrad": 0.5506713543799324, "d1": -1.8116526812353748, "d2": -0.9888656093744972, "d3": -1.9097491723157236, "d4": -0.504997273679888, "p1": 25.726825289913364, "p2": 33.494206605127424, "p3": 46.20867968134635, "p4": 29.029683588168698, "pol1": 0.9331798834196263, "pol2": 0.3545707279724859, "pol3": 0.7044042096989411, "pol4": -0.962827104741395, "v0s": 4.260684039050577}, "datetime": {"datetime": "2022-04-28 16:10:31", "elapsed": 2343.93569, "delta": 5.817584}}
{"target": -1.0, "params": {"Bgrad": 1.3719959441641374, "d1": 0.7102911251075321, "d2": -1.0117730681633454, "d3": 0.834119079904601, "d4": 0.13684274653966844, "p1": 44.330650698847435, "p2": 47.60534738564429, "p3": 45.9725965627752, "p4": 47.360481754833145, "pol1": 0.806236985718527, "pol2": -0.20745904660607417, "pol3": 0.44754085122623644, "pol4": 0.5802182169170911, "v0s": 6.41781907616591}, "datetime": {"datetime": "2022-04-28 16:10:42", "elapsed": 2355.067622, "delta": 11.131932}}
{"target": -1.0, "params": {"Bgrad": 1.0038977099959698, "d1": 0.1179870909319245, "d2": -2.1415139582610925, "d3": -2.854664079712467, "d4": -0.7383637373060106, "p1": 13.534758197533609, "p2": 13.775948877193889, "p3": 8.010258566560879, "p4": 37.54102834970689, "pol1": 0.07826249381203487, "pol2": 0.9524425749212484, "pol3": 0.3281853567375146, "pol4": 0.033160985851445446, "v0s": 3.5072584143617993}, "datetime": {"datetime": "2022-04-28 16:10:49", "elapsed": 2362.041129, "delta": 6.973507}}
{"target": -1.0, "params": {"Bgrad": 1.5675949415323824, "d1": 0.6305371943408136, "d2": -2.925224969275592, "d3": -1.4038082074260605, "d4": 0.2637137041090334, "p1": 46.63363042268766, "p2": 33.11530655608891, "p3": 32.25733748388688, "p4": 23.098341515314587, "pol1": 0.6184765424605834, "pol2": 0.11288015119370542, "pol3": 0.9362978153623056, "pol4": 0.884085327272236, "v0s": 6.142452678263515}, "datetime": {"datetime": "2022-04-28 16:10:59", "elapsed": 2371.56731, "delta": 9.526181}}
{"target": -1.0, "params": {"Bgrad": 0.7510835380159367, "d1": 0.6372494606571739, "d2": -1.0644997421786435, "d3": -1.9041296845605014, "d4": 0.7554165709694547, "p1": 28.532000032711192, "p2": 23.82440576991094, "p3": 7.814249290420655, "p4": 11.37086224696201, "pol1": -0.530814863256341, "pol2": 0.033918833324629194, "pol3": 0.7201099459305411, "pol4": 0.8235851429581034, "v0s": 2.2466258743012344}, "datetime": {"datetime": "2022-04-28 16:11:06", "elapsed": 2379.285276, "delta": 7.717966}}
{"target": -1.0, "params": {"Bgrad": 0.8938800350372086, "d1": 0.12266634874465998, "d2": -1.7004873501047308, "d3": -2.8695019613883557, "d4": -2.7600466515383064, "p1": 26.032705401772333, "p2": 46.816837589355394, "p3": 33.85534002905358, "p4": 33.91562180880017, "pol1": 0.21708699209503846, "pol2": -0.09664865580304194, "pol3": 0.958893690202365, "pol4": 0.9325988731233128, "v0s": 2.621075414269699}, "datetime": {"datetime": "2022-04-28 16:11:14", "elapsed": 2386.712082, "delta": 7.426806}}
{"target": -1.0, "params": {"Bgrad": 1.3684265544892962, "d1": -2.4892432267753293, "d2": -2.881278705230312, "d3": 0.30641237239736796, "d4": -2.982858280981461, "p1": 16.21532947803262, "p2": 33.67678780734782, "p3": 23.504509465026725, "p4": 4.303641690132415, "pol1": 0.3915741440551861, "pol2": 0.24694174301551763, "pol3": 0.25471215792388135, "pol4": 0.9267118221238664, "v0s": 4.744542833277343}, "datetime": {"datetime": "2022-04-28 16:11:26", "elapsed": 2399.391895, "delta": 12.679813}}
{"target": -1.0, "params": {"Bgrad": 1.5396163822901763, "d1": -0.6865028100741242, "d2": 0.06767420087145082, "d3": 0.9021541082640709, "d4": -0.7482572319915901, "p1": 19.500924091185688, "p2": 16.21320376273988, "p3": 8.358518422019495, "p4": 39.608422294290044, "pol1": 0.25638533875775726, "pol2": -8.222486062381407e-05, "pol3": 0.2105044450832525, "pol4": 0.24429773538554045, "v0s": 7.052136664734547}, "datetime": {"datetime": "2022-04-28 16:11:37", "elapsed": 2409.979297, "delta": 10.587402}}
{"target": -1.0, "params": {"Bgrad": 1.0112545970713411, "d1": 0.46874213530034714, "d2": -1.307201285599176, "d3": -0.14986211097989122, "d4": -2.4814020448559684, "p1": 12.57192344136724, "p2": 38.11564644434476, "p3": 16.434851615765584, "p4": 1.9768426064113942, "pol1": -0.0900774455947313, "pol2": -0.4019152506658328, "pol3": 0.14537238376088002, "pol4": -0.09882469084528633, "v0s": 2.5733064665019754}, "datetime": {"datetime": "2022-04-28 16:11:47", "elapsed": 2420.407117, "delta": 10.42782}}
{"target": -1.0, "params": {"Bgrad": 1.4224048121569075, "d1": -0.9135618194895518, "d2": -1.4232384132367035, "d3": -0.7634868406439579, "d4": -2.979210590176924, "p1": 9.433588577586216, "p2": 39.80949354234784, "p3": 28.202895145839936, "p4": 21.228693986170633, "pol1": -0.4677779986561079, "pol2": 0.4668650117880342, "pol3": 0.011536438560368012, "pol4": -0.05071693268472921, "v0s": 4.997764439792176}, "datetime": {"datetime": "2022-04-28 16:12:01", "elapsed": 2434.091745, "delta": 13.684628}}
{"target": -1.0, "params": {"Bgrad": 1.758848950879972, "d1": -1.4302253704487549, "d2": -0.04533103978003572, "d3": 0.07554160250529796, "d4": -0.4187168772168679, "p1": 42.65268104547866, "p2": 26.472150011753843, "p3": 37.792440052360234, "p4": 15.609543877907095, "pol1": 0.09204150824350599, "pol2": -0.37037740230508676, "pol3": 0.4373724789739648, "pol4": 0.351109020301823, "v0s": 5.341639987106553}, "datetime": {"datetime": "2022-04-28 16:12:16", "elapsed": 2448.844569, "delta": 14.752824}}
{"target": -1.0, "params": {"Bgrad": 1.6727826895721, "d1": -0.6480878845801383, "d2": -1.8658239085931956, "d3": 0.30188248495873005, "d4": -2.7426880330594208, "p1": 11.869786539666949, "p2": 32.48737903727778, "p3": 40.96950300165274, "p4": 19.12502979421844, "pol1": 0.623940593269178, "pol2": 0.3975571756153602, "pol3": -0.013192099711233363, "pol4": -0.4434023270625027, "v0s": 3.135908995519322}, "datetime": {"datetime": "2022-04-28 16:12:28", "elapsed": 2461.251622, "delta": 12.407053}}
{"target": -1.0, "params": {"Bgrad": 1.5201690940326738, "d1": -1.4416779358515361, "d2": -1.4450104784253952, "d3": -1.4587679703122536, "d4": 0.4099636861490419, "p1": 28.373103895379437, "p2": 46.76582929894059, "p3": 39.737328759089436, "p4": 9.700354386610144, "pol1": 0.035717772630131206, "pol2": 0.014729953028659981, "pol3": -0.08236171238754553, "pol4": 0.33936719940221116, "v0s": 2.3960951534245805}, "datetime": {"datetime": "2022-04-28 16:12:35", "elapsed": 2467.915926, "delta": 6.664304}}
{"target": -1.0, "params": {"Bgrad": 0.8112955254558667, "d1": -0.5824526874344929, "d2": 0.010076895431973654, "d3": -1.761238674185436, "d4": -2.2386370220652596, "p1": 45.475139055293866, "p2": 37.28040929169385, "p3": 6.892855902345286, "p4": 44.88068924816689, "pol1": -0.23328277969448652, "pol2": 0.9997363439957965, "pol3": 0.4778338086522207, "pol4": -0.7442259684607255, "v0s": 2.38557574861289}, "datetime": {"datetime": "2022-04-28 16:12:39", "elapsed": 2471.792103, "delta": 3.876177}}
{"target": -1.0, "params": {"Bgrad": 1.1806825020551535, "d1": -0.8966449567131418, "d2": 0.16025670403854742, "d3": 0.8736777014698647, "d4": 0.2744752319606114, "p1": 35.85537224349862, "p2": 22.490798286920793, "p3": 20.10898081377796, "p4": 35.04417256549277, "pol1": -0.5971372745706638, "pol2": 0.06676621767470436, "pol3": 0.011100256061233438, "pol4": -0.3111124930333926, "v0s": 4.4758561949066165}, "datetime": {"datetime": "2022-04-28 16:12:50", "elapsed": 2483.129494, "delta": 11.337391}}
