{"target": 4.251471913828492, "params": {"Bgrad": 0.5579102233182345, "d1": -0.9419264629050157, "d2": -0.18239470096015875, "d3": -2.749070516694597, "d4": -2.9204383172091095, "p1": 7.913946166935842, "p2": 10.633494247599995, "p3": 34.27489278882974, "p4": 31.555015057908676, "pol1": 0.8820898669857171, "pol2": -0.07584591541421348, "pol3": 0.4728197665243632, "pol4": -0.8058523756141618, "v0s": 4.251471913828492}, "datetime": {"datetime": "2022-06-25 01:19:22", "elapsed": 5834.169806, "delta": 9.294148}}
{"target": 2.926750890867717, "params": {"Bgrad": 0.9098642272113799, "d1": -2.733646566654043, "d2": 0.5049341488074872, "d3": -0.40930286077261524, "d4": -1.464286621823803, "p1": 4.967834184802972, "p2": 11.33543505168152, "p3": 38.555567764299674, "p4": 29.99404520346902, "pol1": 0.05394413376589746, "pol2": 0.9041676062811128, "pol3": -0.2532060385380952, "pol4": 0.6907467398986706, "v0s": 2.926750890867717}, "datetime": {"datetime": "2022-06-25 01:19:31", "elapsed": 5843.653447, "delta": 9.483641}}
{"target": 3.820555135623799, "params": {"Bgrad": 0.7042023473919128, "d1": -2.0141801726338873, "d2": 0.7140029091303739, "d3": -2.699722710871038, "d4": -2.3561378313381565, "p1": 25.812272617945553, "p2": 27.53237212258218, "p3": 4.766515554639167, "p4": 44.41698677813852, "pol1": 0.4081957279426842, "pol2": 0.7415495810433281, "pol3": 0.08583758312781709, "pol4": -0.9253208154067412, "v0s": 3.820555135623799}, "datetime": {"datetime": "2022-06-25 01:19:40", "elapsed": 5851.806645, "delta": 8.153198}}
{"target": -1.0, "params": {"Bgrad": 1.5439029453915847, "d1": -2.8881067393957927, "d2": 0.6647287783091427, "d3": -0.12928730156848633, "d4": -1.5624466088676008, "p1": 4.1134571942532006, "p2": 9.188123286087158, "p3": 34.96816682159285, "p4": 27.26624110132005, "pol1": 0.3194938535872127, "pol2": 0.32510285625243784, "pol3": 0.970432447024576, "pol4": 0.6333451752542261, "v0s": 4.828037327086311}, "datetime": {"datetime": "2022-06-25 01:19:55", "elapsed": 5866.792572, "delta": 14.985927}}
{"target": 3.585182056183582, "params": {"Bgrad": 1.701651171844992, "d1": -2.307349170713523, "d2": -0.4199035204582797, "d3": 0.011401456656886744, "d4": -1.9187822775815082, "p1": 3.104897258766753, "p2": 13.431653905138512, "p3": 38.99197531415276, "p4": 30.668781799602602, "pol1": 0.14130701349221164, "pol2": 0.9464301372842574, "pol3": -0.8238163031831314, "pol4": 0.19986898066126568, "v0s": 3.585182056183582}, "datetime": {"datetime": "2022-06-25 01:20:08", "elapsed": 5880.028181, "delta": 13.235609}}
{"target": 4.95080218806178, "params": {"Bgrad": 0.6441577539708763, "d1": -1.8064549540708517, "d2": 0.9505432000617198, "d3": -0.5763374136646173, "d4": -0.3280260554883139, "p1": 3.5685959255457367, "p2": 10.5936050567829, "p3": 34.84441465988836, "p4": 34.1205837052834, "pol1": -0.08815673805713242, "pol2": -0.01285988252331327, "pol3": 0.5509998865376728, "pol4": 0.4110085345335892, "v0s": 4.95080218806178}, "datetime": {"datetime": "2022-06-25 01:20:18", "elapsed": 5890.44732, "delta": 10.419139}}
{"target": 3.9609637884210604, "params": {"Bgrad": 1.4175536351084141, "d1": -3.0, "d2": -1.0647692825298332, "d3": -0.9705781443550063, "d4": 0.7081088218370216, "p1": 9.384760725528702, "p2": 26.634100344325084, "p3": 17.021276509292885, "p4": 38.408689496686755, "pol1": 0.7342918444061559, "pol2": -0.309801649792465, "pol3": -0.6672622263768707, "pol4": -0.4751178282757765, "v0s": 3.9609637884210604}, "datetime": {"datetime": "2022-06-25 01:20:30", "elapsed": 5902.121103, "delta": 11.673783}}
{"target": -1.0, "params": {"Bgrad": 1.4547906608825203, "d1": 0.5022040648037742, "d2": -1.2586309524127626, "d3": -0.7858002520258758, "d4": 0.857263633923615, "p1": 10.74597152263771, "p2": 24.623229302602777, "p3": 45.52954464415043, "p4": 29.6180958298273, "pol1": 0.9327923689171778, "pol2": -0.5437480001156507, "pol3": 0.8385856580663349, "pol4": 0.6566127995997164, "v0s": 3.2365363959983515}, "datetime": {"datetime": "2022-06-25 01:20:51", "elapsed": 5923.453062, "delta": 21.331959}}
{"target": 3.8828413546803593, "params": {"Bgrad": 1.9295105224874796, "d1": -1.0364557488328727, "d2": 0.7645313629787509, "d3": -2.325246910254526, "d4": -0.6957518567159013, "p1": 7.44052740129606, "p2": 35.94179422188577, "p3": 33.91701405090558, "p4": 35.475177297293094, "pol1": 0.44542346707018554, "pol2": -0.44799526318130134, "pol3": 0.955950101038745, "pol4": -0.9582795088115712, "v0s": 3.8828413546803593}, "datetime": {"datetime": "2022-06-25 01:21:05", "elapsed": 5937.148441, "delta": 13.695379}}
{"target": -1.0, "params": {"Bgrad": 1.838261630556922, "d1": -1.713363722239778, "d2": -0.6011502475931105, "d3": -0.9388211326656704, "d4": -0.8551382278538546, "p1": 6.749383508786683, "p2": 15.3885367023947, "p3": 34.215888431677946, "p4": 31.480597443598167, "pol1": 0.6874814861443039, "pol2": 0.37924733331021754, "pol3": 0.5312479401405499, "pol4": 0.6731999463140401, "v0s": 3.69166640354839}, "datetime": {"datetime": "2022-06-25 01:21:23", "elapsed": 5955.130357, "delta": 17.981916}}
{"target": 3.9655143589937825, "params": {"Bgrad": 1.5826185884783261, "d1": -2.958536030005098, "d2": -0.2509195034199351, "d3": -1.4469718576371586, "d4": -0.44840835916569416, "p1": 9.917016963266613, "p2": 16.164364027541087, "p3": 7.297371013769286, "p4": 33.64785176622245, "pol1": -0.5432764615160801, "pol2": -0.2466164578222122, "pol3": -0.6234017329681655, "pol4": -0.3126091809880803, "v0s": 3.9655143589937825}, "datetime": {"datetime": "2022-06-25 01:21:36", "elapsed": 5967.959052, "delta": 12.828695}}
{"target": -1.0, "params": {"Bgrad": 1.3046445797218806, "d1": -2.2602402225194917, "d2": -2.3041613690374776, "d3": -2.9868727060452898, "d4": 0.6626064623377541, "p1": 4.606555413291136, "p2": 15.329794133055923, "p3": 37.86268435267297, "p4": 32.86921293188369, "pol1": -0.23283786540632234, "pol2": 0.7118964605403717, "pol3": 0.3438555084202204, "pol4": 0.38003235656910084, "v0s": 3.0749089335154163}, "datetime": {"datetime": "2022-06-25 01:21:56", "elapsed": 5988.568941, "delta": 20.609889}}
{"target": 4.481196717393539, "params": {"Bgrad": 0.8695074914012916, "d1": -0.6969495518146744, "d2": 0.31525414599642776, "d3": -1.4799273740817047, "d4": -2.3370216667699566, "p1": 1.3317218361437677, "p2": 30.517242143731444, "p3": 17.07254836899842, "p4": 12.046527423531566, "pol1": -0.5015508496791354, "pol2": 0.4052219238669892, "pol3": -0.5814316698169584, "pol4": 0.7698889080039295, "v0s": 4.481196717393539}, "datetime": {"datetime": "2022-06-25 01:22:09", "elapsed": 6000.882017, "delta": 12.313076}}
{"target": -1.0, "params": {"Bgrad": 1.7632611547285042, "d1": -0.2667618793395201, "d2": -0.7502328047201741, "d3": -2.1173830049554243, "d4": -1.1994295176401168, "p1": 7.424504740112297, "p2": 33.69281954428766, "p3": 36.87988052538308, "p4": 34.75875152679981, "pol1": -0.41757592366472984, "pol2": 0.7673440721197677, "pol3": 0.18008723548312577, "pol4": -0.851830667001541, "v0s": 2.245482330459386}, "datetime": {"datetime": "2022-06-25 01:22:15", "elapsed": 6007.642938, "delta": 6.760921}}
{"target": -1.0, "params": {"Bgrad": 0.971229965977042, "d1": 0.4747077150790626, "d2": -1.8972763992359187, "d3": -2.1790157409276296, "d4": -1.5485557251977302, "p1": 7.393687557306245, "p2": 10.160553095380449, "p3": 33.982009042609626, "p4": 33.56602041123871, "pol1": 0.42169837262404397, "pol2": -0.8779858928762969, "pol3": 0.465728325952272, "pol4": -0.6679619342876932, "v0s": 4.939548473676244}, "datetime": {"datetime": "2022-06-25 01:22:34", "elapsed": 6026.604235, "delta": 18.961297}}
{"target": 4.187802790685731, "params": {"Bgrad": 1.0601744311462553, "d1": -0.5843311473977728, "d2": 0.9145481048757187, "d3": -2.9993493460291742, "d4": -0.5326142701868788, "p1": 6.283243906291503, "p2": 16.222564271785465, "p3": 36.26114835918929, "p4": 32.68883194307873, "pol1": -0.20466022734725797, "pol2": -0.9548410702237002, "pol3": -0.311251788101067, "pol4": 0.9612102988754057, "v0s": 4.187802790685731}, "datetime": {"datetime": "2022-06-25 01:22:44", "elapsed": 6036.434948, "delta": 9.830713}}
{"target": 3.2719766894365403, "params": {"Bgrad": 1.5194345600319994, "d1": 0.7494896405517708, "d2": -1.3134921197559724, "d3": -2.3967602149956684, "d4": -1.7532999570169743, "p1": 4.017231315239522, "p2": 24.063451531684954, "p3": 1.800584430940605, "p4": 31.993794045869855, "pol1": 0.42248275778321864, "pol2": -0.13624124582890262, "pol3": 0.18913910396630307, "pol4": -0.68922843380733, "v0s": 3.2719766894365403}, "datetime": {"datetime": "2022-06-25 01:23:02", "elapsed": 6054.164538, "delta": 17.72959}}
{"target": 3.1503390891441665, "params": {"Bgrad": 1.3461150546114777, "d1": -1.5441643121342339, "d2": -0.009242402836634633, "d3": -0.12384547741872093, "d4": -1.6607141485679158, "p1": 28.556951751722114, "p2": 8.614675704303812, "p3": 10.245199678133202, "p4": 38.210325810592316, "pol1": -0.7701907334014174, "pol2": -0.4297222832655557, "pol3": 0.14275794782373202, "pol4": -0.5048956306627175, "v0s": 3.1503390891441665}, "datetime": {"datetime": "2022-06-25 01:23:13", "elapsed": 6065.377555, "delta": 11.213017}}
{"target": -1.0, "params": {"Bgrad": 1.5967816410761808, "d1": -1.6597221519033867, "d2": 0.5036121860619929, "d3": -0.8421088341753542, "d4": -0.761423344771587, "p1": 9.249862595245318, "p2": 11.967706881500966, "p3": 34.60446629789546, "p4": 25.08576834012401, "pol1": -0.7924505113270992, "pol2": 0.10191742190952802, "pol3": 0.2670395140160553, "pol4": -0.6402315238898328, "v0s": 5.629314623928606}, "datetime": {"datetime": "2022-06-25 01:23:35", "elapsed": 6087.064564, "delta": 21.687009}}
{"target": 3.9374397438730657, "params": {"Bgrad": 1.390884020463142, "d1": -1.7881745214436369, "d2": 0.7546607228666296, "d3": -1.6187301440991315, "d4": -2.5356598376328248, "p1": 4.627133460228761, "p2": 15.59916845756259, "p3": 35.63926951447943, "p4": 30.585232378031783, "pol1": 0.5772340456698817, "pol2": -0.868051656677846, "pol3": -0.9805907148680633, "pol4": 0.04387272593875857, "v0s": 3.9374397438730657}, "datetime": {"datetime": "2022-06-25 01:23:46", "elapsed": 6098.218737, "delta": 11.154173}}
{"target": -1.0, "params": {"Bgrad": 1.3067737677314, "d1": -2.4461130651592473, "d2": -1.4665393840862797, "d3": -0.796541447425787, "d4": -2.1390341251318152, "p1": 6.577556673138063, "p2": 13.078263079089636, "p3": 34.66404922757925, "p4": 30.80394974685764, "pol1": -0.9815227648965943, "pol2": 0.9777249921459723, "pol3": 0.5563128971422389, "pol4": -0.7728805702571049, "v0s": 5.8730475711975}, "datetime": {"datetime": "2022-06-25 01:24:05", "elapsed": 6117.151115, "delta": 18.932378}}
{"target": -1.0, "params": {"Bgrad": 0.9838470018252707, "d1": -2.7314383801701996, "d2": 0.9245697948844778, "d3": -2.420461033874051, "d4": -1.237025766650563, "p1": 7.865222678557293, "p2": 10.195863643116388, "p3": 30.526827692003504, "p4": 25.904948509441912, "pol1": -0.9177323788848648, "pol2": 0.8979201975606363, "pol3": -0.7299839675863931, "pol4": 0.8595453196502871, "v0s": 3.7214646813739845}, "datetime": {"datetime": "2022-06-25 01:24:22", "elapsed": 6134.619402, "delta": 17.468287}}
{"target": 4.211714045569827, "params": {"Bgrad": 1.0395271712076632, "d1": -0.39384664314943274, "d2": 0.6156822183736179, "d3": -1.7666697859677285, "d4": -0.23419368856020162, "p1": 7.1766748806660345, "p2": 15.308077233530954, "p3": 34.49967971963909, "p4": 33.132242982448574, "pol1": -0.519617782795105, "pol2": 0.49852258513477654, "pol3": -0.06871530975220086, "pol4": -0.5682739757778175, "v0s": 4.211714045569827}, "datetime": {"datetime": "2022-06-25 01:24:34", "elapsed": 6145.981021, "delta": 11.361619}}
{"target": -1.0, "params": {"Bgrad": 1.113066618314642, "d1": -0.9609746673283421, "d2": -2.344416289542545, "d3": -2.481727284769014, "d4": -0.029396730504344326, "p1": 4.814040663619918, "p2": 14.578804714786992, "p3": 38.79678805847214, "p4": 31.294970187689014, "pol1": -0.7656298520325646, "pol2": -0.6788579292271772, "pol3": 0.6345542230682089, "pol4": 0.6771535335775385, "v0s": 2.7880438587908563}, "datetime": {"datetime": "2022-06-25 01:24:46", "elapsed": 6158.280133, "delta": 12.299112}}
{"target": 4.7385102673560375, "params": {"Bgrad": 1.050954259050207, "d1": -2.2057194835342977, "d2": 0.9420389916945561, "d3": -0.446462323645573, "d4": -2.629167121337218, "p1": 9.703092044177003, "p2": 12.09145088539913, "p3": 11.147784828233952, "p4": 29.57451775062871, "pol1": 0.48612471556129716, "pol2": 0.29378903251839933, "pol3": 0.13028433194341715, "pol4": 0.6173577756899996, "v0s": 4.7385102673560375}, "datetime": {"datetime": "2022-06-25 01:24:58", "elapsed": 6169.824264, "delta": 11.544131}}
{"target": 2.3829821163500258, "params": {"Bgrad": 1.4297885294742412, "d1": -2.8697155565359598, "d2": 0.3914968036315636, "d3": -2.2710581821359104, "d4": -1.3254963169402387, "p1": 6.171824889763827, "p2": 14.511856909314519, "p3": 37.51875154202396, "p4": 34.04189531287082, "pol1": 0.22701791176999508, "pol2": -0.24414230230170486, "pol3": -0.06187260189859023, "pol4": -0.7428076009143034, "v0s": 2.3829821163500258}, "datetime": {"datetime": "2022-06-25 01:25:07", "elapsed": 6179.330843, "delta": 9.506579}}
{"target": 4.802043182355697, "params": {"Bgrad": 1.7608977811140807, "d1": -1.4474115464105655, "d2": -0.26725323711290017, "d3": -0.7985583224211856, "d4": -2.1111429957318246, "p1": 7.468207139045285, "p2": 9.876837906249325, "p3": 32.195635943300175, "p4": 26.354842810302546, "pol1": 0.3126911095269078, "pol2": -0.08601357463778236, "pol3": 0.5521752146687624, "pol4": 0.2956489582780315, "v0s": 4.802043182355697}, "datetime": {"datetime": "2022-06-25 01:25:20", "elapsed": 6192.446771, "delta": 13.115928}}
{"target": 4.128529456596676, "params": {"Bgrad": 1.6765207532456736, "d1": -2.519948439727243, "d2": -1.3188506517880478, "d3": -0.5010275351527054, "d4": -0.29656004645199996, "p1": 13.724085669031155, "p2": 2.647587170531429, "p3": 28.25789619435659, "p4": 22.515819176939587, "pol1": 0.17412672436781973, "pol2": -0.19068517664343476, "pol3": 0.2628761875573977, "pol4": -0.9929966657548879, "v0s": 4.128529456596676}, "datetime": {"datetime": "2022-06-25 01:25:31", "elapsed": 6202.953676, "delta": 10.506905}}
{"target": 2.4778735928184474, "params": {"Bgrad": 0.5580770844486631, "d1": -2.5324505195671154, "d2": -0.6350876489722128, "d3": -0.12282626788676776, "d4": -2.8596563901696985, "p1": 2.4356366172149144, "p2": 31.508087508473647, "p3": 18.58511583785877, "p4": 7.5197893332695, "pol1": 0.8590147231395642, "pol2": -0.2004022656690514, "pol3": -0.193995310059502, "pol4": 0.5734824498994402, "v0s": 2.4778735928184474}, "datetime": {"datetime": "2022-06-25 01:25:39", "elapsed": 6211.320303, "delta": 8.366627}}
{"target": -1.0, "params": {"Bgrad": 1.6245004482865395, "d1": -3.0, "d2": -0.34563783753111577, "d3": -1.4559546734967943, "d4": 0.16403258569635412, "p1": 9.967307836881414, "p2": 16.076005545958065, "p3": 7.087262228208156, "p4": 34.15830694753272, "pol1": -0.49803899126576584, "pol2": -0.36562307148918644, "pol3": -0.9131204724879525, "pol4": -0.7766424404065227, "v0s": 4.72497027476569}, "datetime": {"datetime": "2022-06-25 01:26:11", "elapsed": 6242.812094, "delta": 31.491791}}
{"target": -1.0, "params": {"Bgrad": 0.7261383995637914, "d1": -2.9151609439910597, "d2": -0.8065327543020704, "d3": -1.770245150778722, "d4": -0.3134312635262395, "p1": 4.829154028767069, "p2": 10.68960759947709, "p3": 30.703181560423133, "p4": 28.628838277320217, "pol1": -0.23376659725298654, "pol2": -0.3032852272924973, "pol3": 0.3817057046581569, "pol4": 0.03669402774319552, "v0s": 4.7098049894845095}, "datetime": {"datetime": "2022-06-25 01:26:24", "elapsed": 6255.699633, "delta": 12.887539}}
{"target": -1.0, "params": {"Bgrad": 0.7661855445903737, "d1": -0.9417251454423181, "d2": -0.42421224280942926, "d3": -0.7560945577598042, "d4": -0.36861782068445503, "p1": 6.070447445555127, "p2": 14.673004087759345, "p3": 36.44686205667098, "p4": 32.94517050749493, "pol1": -0.338741391668157, "pol2": 0.6487129866039623, "pol3": 0.476923691620494, "pol4": 0.972312605637857, "v0s": 5.972939610494637}, "datetime": {"datetime": "2022-06-25 01:26:37", "elapsed": 6269.542616, "delta": 13.842983}}
{"target": -1.0, "params": {"Bgrad": 1.4654023902150528, "d1": -2.2195826598656803, "d2": 0.07083409971934218, "d3": 0.2559831483995283, "d4": -1.608954520301623, "p1": 9.193995572256869, "p2": 10.627208758610445, "p3": 11.89684842399238, "p4": 30.364367938502667, "pol1": 0.5443964285547458, "pol2": -0.3581343967547612, "pol3": -0.8576517786681392, "pol4": -0.3144737301902394, "v0s": 3.958434195353723}, "datetime": {"datetime": "2022-06-25 01:27:03", "elapsed": 6294.889837, "delta": 25.347221}}
{"target": 3.329509527589305, "params": {"Bgrad": 0.5200156952367025, "d1": -2.7086129332184496, "d2": 0.7096170276006002, "d3": -1.0244098497440342, "d4": -2.9961152517376606, "p1": 7.75895345210893, "p2": 12.951576333222793, "p3": 37.499429429325595, "p4": 28.20624499276951, "pol1": 0.5528819311276185, "pol2": -0.7647172197888954, "pol3": -0.8361840600837582, "pol4": 0.8823230164588096, "v0s": 3.329509527589305}, "datetime": {"datetime": "2022-06-25 01:27:15", "elapsed": 6306.838885, "delta": 11.949048}}
{"target": -1.0, "params": {"Bgrad": 1.4063826840719564, "d1": -2.2041989223707774, "d2": -0.24680181560423753, "d3": -2.031593023725377, "d4": -2.7208437144126565, "p1": 6.419502993672427, "p2": 16.852828970898827, "p3": 34.11635832022937, "p4": 32.35897101502876, "pol1": -0.9356802888954554, "pol2": 0.08360627766959361, "pol3": -0.7198539317969477, "pol4": -0.016440490368101468, "v0s": 4.71413771474871}, "datetime": {"datetime": "2022-06-25 01:27:43", "elapsed": 6335.418464, "delta": 28.579579}}
{"target": 5.674896052974848, "params": {"Bgrad": 0.5207457859421212, "d1": -2.776046504241596, "d2": -2.956571081961176, "d3": -0.21112406457477828, "d4": -2.258681921770522, "p1": 5.293106643627615, "p2": 6.706179661387962, "p3": 39.33711095302621, "p4": 28.441953231150137, "pol1": 0.5518292599182395, "pol2": -0.01789623282114472, "pol3": 0.12939377964570675, "pol4": -0.21470406551282784, "v0s": 5.674896052974848}, "datetime": {"datetime": "2022-06-25 01:27:52", "elapsed": 6344.603902, "delta": 9.185438}}
{"target": -1.0, "params": {"Bgrad": 0.6578958064391911, "d1": -1.6896069063334216, "d2": 0.4446996702153365, "d3": -0.5154645423059194, "d4": -0.06960068009199505, "p1": 4.505173678050712, "p2": 8.603252448032045, "p3": 38.6157178738722, "p4": 29.227852396852544, "pol1": -0.014534772426328502, "pol2": -0.02561554918200204, "pol3": -0.95878233137575, "pol4": -0.5942386938698891, "v0s": 2.559627996313572}, "datetime": {"datetime": "2022-06-25 01:28:01", "elapsed": 6353.26574, "delta": 8.661838}}
{"target": 4.772504597102691, "params": {"Bgrad": 0.8423158815857152, "d1": -2.99854629985334, "d2": 0.7702374679511306, "d3": -1.9513558140712073, "d4": -2.2682546527846044, "p1": 2.9656686100278606, "p2": 13.641369924222257, "p3": 34.83147812670222, "p4": 32.8310345465577, "pol1": 0.1043582715147735, "pol2": 0.4661665286097323, "pol3": -0.30010525041623026, "pol4": 0.7259111302720944, "v0s": 4.772504597102691}, "datetime": {"datetime": "2022-06-25 01:28:11", "elapsed": 6363.543258, "delta": 10.277518}}
{"target": -1.0, "params": {"Bgrad": 1.45481941448369, "d1": -2.173825685160302, "d2": 0.9159197516887536, "d3": -1.9795855032416712, "d4": -1.6000402320470601, "p1": 7.2812977464643325, "p2": 15.619967577730282, "p3": 34.0633157709792, "p4": 34.21542373082668, "pol1": -0.8477888735575951, "pol2": 0.10651917510470632, "pol3": -0.3800111404942099, "pol4": -0.7951822372521686, "v0s": 4.010968950950181}, "datetime": {"datetime": "2022-06-25 01:28:26", "elapsed": 6378.502258, "delta": 14.959}}
{"target": -1.0, "params": {"Bgrad": 1.6008615325126296, "d1": -0.9571623265316775, "d2": -0.5550301731048921, "d3": -2.8237191439430163, "d4": -2.9452682922722095, "p1": 47.3754661653537, "p2": 46.783124960186754, "p3": 8.409212296743917, "p4": 17.34134025121492, "pol1": 0.031275016781864506, "pol2": 0.7417121408650249, "pol3": -0.18968081577150642, "pol4": 0.7154018615340059, "v0s": 4.379736807974532}, "datetime": {"datetime": "2022-06-25 01:28:44", "elapsed": 6395.910707, "delta": 17.408449}}
{"target": 2.294379480815822, "params": {"Bgrad": 1.927818734690702, "d1": -1.4160264955248474, "d2": 0.6377099309506375, "d3": -2.5092887171795746, "d4": -1.5317320917060364, "p1": 26.475130311739136, "p2": 27.45365001046628, "p3": 5.137527116414509, "p4": 44.28567482794652, "pol1": 0.2683825514491218, "pol2": -0.9173580210032133, "pol3": -0.654698715908135, "pol4": 0.9101671015222446, "v0s": 2.294379480815822}, "datetime": {"datetime": "2022-06-25 01:28:50", "elapsed": 6402.501085, "delta": 6.590378}}
{"target": -1.0, "params": {"Bgrad": 1.1438095171657348, "d1": -0.9088706435354998, "d2": -1.5993491350324285, "d3": -1.3111658068124705, "d4": -1.9219222014026527, "p1": 5.655250322851657, "p2": 10.839675274352246, "p3": 33.300609737894945, "p4": 29.79848787015879, "pol1": 0.3185356733426168, "pol2": -0.17930749951517377, "pol3": 0.3276100412052696, "pol4": -0.028099599645900808, "v0s": 2.294271287865543}, "datetime": {"datetime": "2022-06-25 01:29:00", "elapsed": 6411.908928, "delta": 9.407843}}
{"target": -1.0, "params": {"Bgrad": 0.9186779430780398, "d1": -2.6779471594019424, "d2": -0.5586697601231125, "d3": -0.9698957356119964, "d4": -1.9569117653199002, "p1": 5.4723561672263, "p2": 13.31161580087149, "p3": 35.26099543859105, "p4": 34.173443792231595, "pol1": -0.3635637867463739, "pol2": 0.5842433617934277, "pol3": -0.3241225899095599, "pol4": 0.7635532939587379, "v0s": 2.409106548430966}, "datetime": {"datetime": "2022-06-25 01:29:11", "elapsed": 6423.068092, "delta": 11.159164}}
