{"target": -1.0, "params": {"Bgrad": 3.3383855075887428, "d1": -2.369079720517867, "d2": -2.249473308390264, "d3": -0.5100163908003155, "d4": 0.6232379840332074, "p1": 49.49775891795368, "p2": 35.5561229382908, "p3": 36.59002045711476, "p4": 45.464660227212725, "pol1": -0.1982525352577582, "pol2": -0.5002986395499265, "pol3": -0.6531396584257543, "pol4": -0.761085899332542, "v0s": 6.875663528196972}, "datetime": {"datetime": "2022-04-08 17:31:51", "elapsed": 1839.367963, "delta": 8.340699}}
{"target": -1.0, "params": {"Bgrad": 3.3624512816362415, "d1": -1.9428100690923973, "d2": 0.27635671453412325, "d3": -1.75765099282316, "d4": 0.9296697971717713, "p1": 13.33193510758176, "p2": 26.68266724856057, "p3": 15.72335055929248, "p4": 45.53864155869187, "pol1": -0.26688671229753114, "pol2": -0.1328153454536709, "pol3": 0.024585384556722767, "pol4": 0.8777729547394266, "v0s": 2.185694037626904}, "datetime": {"datetime": "2022-04-08 17:32:07", "elapsed": 1856.075294, "delta": 16.707331}}
{"target": -1.0, "params": {"Bgrad": 14.479133940817938, "d1": 0.5640758171693556, "d2": -2.8908511059301247, "d3": -0.9117950109899571, "d4": -1.6960407529198989, "p1": 42.97446604327929, "p2": 27.92582754612589, "p3": 34.511393408137394, "p4": 22.642674997576872, "pol1": 0.2566180750427143, "pol2": -0.41980629662514835, "pol3": -0.9813028440669684, "pol4": 0.15351186997418154, "v0s": 3.868665284794777}, "datetime": {"datetime": "2022-04-08 17:32:30", "elapsed": 1878.771611, "delta": 22.696317}}
{"target": -1.0, "params": {"Bgrad": 10.58671817077203, "d1": 0.6656234122155911, "d2": -1.294100845994416, "d3": -2.0104158535904584, "d4": -1.5148249548837822, "p1": 46.59305583182703, "p2": 46.84341906545468, "p3": 42.21649742828566, "p4": 46.010325715283024, "pol1": -0.5441994200973661, "pol2": -0.8250355808928183, "pol3": -0.5453805274306225, "pol4": -0.37124676777189913, "v0s": 3.0485952581378695}, "datetime": {"datetime": "2022-04-08 17:32:52", "elapsed": 1900.516472, "delta": 21.744861}}
{"target": -1.0, "params": {"Bgrad": 15.682177249626234, "d1": -2.0605250020892094, "d2": -0.9248636924582998, "d3": -2.667580282077746, "d4": 0.039109485670874466, "p1": 6.8696521350478825, "p2": 43.523314935825965, "p3": 18.166515526927622, "p4": 38.01155460843358, "pol1": -0.43259100195351907, "pol2": 0.4386453441485685, "pol3": 0.10056540033165717, "pol4": 0.7913975158265469, "v0s": 4.35059500590767}, "datetime": {"datetime": "2022-04-08 17:33:03", "elapsed": 1911.85017, "delta": 11.333698}}
{"target": -1.0, "params": {"Bgrad": 6.759876906098646, "d1": -2.167782942678754, "d2": 0.22121649735801086, "d3": -2.8675301419842376, "d4": -2.0001191625009582, "p1": 9.36469677304862, "p2": 7.095090360038498, "p3": 36.416387241688575, "p4": 32.0271370354339, "pol1": 0.7167568457616529, "pol2": 0.30437919353480236, "pol3": 0.15462366735296995, "pol4": -0.764460034301687, "v0s": 4.0236527376348565}, "datetime": {"datetime": "2022-04-08 17:33:12", "elapsed": 1921.055558, "delta": 9.205388}}
{"target": -1.0, "params": {"Bgrad": 6.819037637526177, "d1": -2.597151489123743, "d2": -2.9629160898190396, "d3": 0.09338109202249134, "d4": -2.6202012533100976, "p1": 13.383997880443088, "p2": 5.293069517311183, "p3": 41.5301723616529, "p4": 31.725943245972125, "pol1": -0.556531101631496, "pol2": -0.39267297743904184, "pol3": -0.3242120960952266, "pol4": 0.1900010636707843, "v0s": 4.190531123198993}, "datetime": {"datetime": "2022-04-08 17:33:23", "elapsed": 1931.465724, "delta": 10.410166}}
{"target": 2.2071825607735818, "params": {"Bgrad": 5.769951009006361, "d1": -0.5139052742855212, "d2": -1.7285881672744279, "d3": -2.5779398989223132, "d4": -2.3993660767945024, "p1": 2.1409199047601413, "p2": 6.2111341071848125, "p3": 39.657024425630986, "p4": 17.264121690212896, "pol1": 0.5301587313625116, "pol2": 0.6255866484401404, "pol3": 0.4726043177469983, "pol4": 0.27726772058458327, "v0s": 2.2071825607735818}, "datetime": {"datetime": "2022-04-08 17:33:28", "elapsed": 1937.13357, "delta": 5.667846}}
{"target": -1.0, "params": {"Bgrad": 6.0435044850875235, "d1": -1.9544233607393786, "d2": -1.4493646152287183, "d3": -1.7765194053952613, "d4": -1.0151186372297007, "p1": 9.41805599107065, "p2": 6.065103720509862, "p3": 38.02778895009058, "p4": 33.55683334397755, "pol1": -0.02663708340843307, "pol2": -0.6079561357802372, "pol3": -0.706152585613089, "pol4": -0.8062646442279509, "v0s": 4.647471722143873}, "datetime": {"datetime": "2022-04-08 17:33:38", "elapsed": 1946.330979, "delta": 9.197409}}
{"target": -1.0, "params": {"Bgrad": 15.130982371007194, "d1": 0.42080263592540357, "d2": 0.7356917390874815, "d3": -2.3733752765129315, "d4": -2.786515381626383, "p1": 15.778107738444486, "p2": 6.631053481233606, "p3": 32.91804828591653, "p4": 27.69875211290534, "pol1": -0.6991133033992687, "pol2": -0.14747554922409867, "pol3": 0.24542011730638658, "pol4": 0.019687562343070786, "v0s": 3.293670870473959}, "datetime": {"datetime": "2022-04-08 17:33:51", "elapsed": 1959.493786, "delta": 13.162807}}
{"target": -1.0, "params": {"Bgrad": 4.770089065930342, "d1": 0.27344938693372844, "d2": -2.394777398653741, "d3": 0.08826908326855243, "d4": -0.3557447628097661, "p1": 3.568500221707299, "p2": 6.861436827525585, "p3": 44.207360751632294, "p4": 21.61196820835189, "pol1": 0.5117476985470186, "pol2": -0.8847515080523947, "pol3": -0.6337732897522159, "pol4": -0.2606823786516195, "v0s": 3.4168453771421463}, "datetime": {"datetime": "2022-04-08 17:34:09", "elapsed": 1978.075106, "delta": 18.58132}}
{"target": -1.0, "params": {"Bgrad": 5.994731552932845, "d1": -2.539165842212232, "d2": -1.6147067790753264, "d3": -0.2601069901864421, "d4": -1.474864139045787, "p1": 6.62992828535327, "p2": 5.307577270890235, "p3": 38.364725239039714, "p4": 31.14332999844765, "pol1": 0.5870525886742888, "pol2": -0.930952357180586, "pol3": -0.17755569806723348, "pol4": 0.6663353942586696, "v0s": 7.345520091782778}, "datetime": {"datetime": "2022-04-08 17:34:19", "elapsed": 1988.126233, "delta": 10.051127}}
{"target": -1.0, "params": {"Bgrad": 9.186169525009413, "d1": -1.8892375171847196, "d2": -2.424799893635545, "d3": -1.5236401959232273, "d4": -1.3790641161492854, "p1": 2.6327772997356167, "p2": 7.473448565683638, "p3": 41.9346814579116, "p4": 20.784017128116584, "pol1": 0.1841776065698919, "pol2": -0.802761951363719, "pol3": 0.5473208362454332, "pol4": 0.7413144721048162, "v0s": 2.891211516160283}, "datetime": {"datetime": "2022-04-08 17:34:32", "elapsed": 2000.214911, "delta": 12.088678}}
{"target": -1.0, "params": {"Bgrad": 6.939556359530902, "d1": -0.5026923684724136, "d2": 0.6523045382710997, "d3": -0.573889031219057, "d4": -2.1502251327370727, "p1": 2.533632895162402, "p2": 6.387372342598951, "p3": 38.40860946380389, "p4": 25.623770498517857, "pol1": 0.197834618294912, "pol2": -0.13924256609462748, "pol3": -0.8620174033022789, "pol4": -0.30287279698100056, "v0s": 3.4351618590012354}, "datetime": {"datetime": "2022-04-08 17:34:42", "elapsed": 2010.670955, "delta": 10.456044}}
{"target": -1.0, "params": {"Bgrad": 11.406002356206738, "d1": 0.35515153720808224, "d2": -2.4210508889057536, "d3": -1.8385663553413552, "d4": -2.4149505924258854, "p1": 10.660072304351658, "p2": 6.034638573726636, "p3": 38.85215868641966, "p4": 30.543104152771, "pol1": 0.14079797368269698, "pol2": 0.38038394404454157, "pol3": 0.2731780462756681, "pol4": 0.2428384251295843, "v0s": 5.1997566177206895}, "datetime": {"datetime": "2022-04-08 17:34:52", "elapsed": 2020.775937, "delta": 10.104982}}
{"target": -1.0, "params": {"Bgrad": 10.676133737968138, "d1": -1.3996384424324484, "d2": -0.2661050366093263, "d3": -0.9063644531230266, "d4": -2.6947811540151667, "p1": 13.49941051330273, "p2": 5.3295350144274, "p3": 32.265684926370255, "p4": 28.98101933125284, "pol1": -0.5186657612179464, "pol2": -0.5435695467094179, "pol3": 0.15324329494776667, "pol4": 0.004051637245600981, "v0s": 6.012785485827253}, "datetime": {"datetime": "2022-04-08 17:35:04", "elapsed": 2032.811758, "delta": 12.035821}}
{"target": -1.0, "params": {"Bgrad": 0.8102590656054025, "d1": -1.3868476923789395, "d2": -2.6250946892650484, "d3": -1.4647559350773172, "d4": 0.7951962915279398, "p1": 4.585645287513357, "p2": 7.113573428529935, "p3": 37.00756528690744, "p4": 29.14951743214172, "pol1": -0.41261647903905363, "pol2": -0.7862633880889447, "pol3": -0.42344070001410317, "pol4": 0.1712349764632457, "v0s": 4.610618291349105}, "datetime": {"datetime": "2022-04-08 17:35:08", "elapsed": 2037.182073, "delta": 4.370315}}
{"target": 4.512289434455776, "params": {"Bgrad": 9.76593076077792, "d1": 0.12841426983065807, "d2": -0.9248898535652126, "d3": -1.8905231678449015, "d4": -2.1699063511276933, "p1": 14.959223442938896, "p2": 3.6126365468400756, "p3": 32.97590734391073, "p4": 29.787458951039465, "pol1": -0.8112389033616851, "pol2": 0.7465366157684885, "pol3": 0.424798571433864, "pol4": -0.9605632603440479, "v0s": 4.512289434455776}, "datetime": {"datetime": "2022-04-08 17:35:20", "elapsed": 2049.008453, "delta": 11.82638}}
{"target": 2.508966983799581, "params": {"Bgrad": 11.243855249181001, "d1": -0.30513035562680724, "d2": -0.7552794764588802, "d3": -1.629212235976964, "d4": -2.6446488871660794, "p1": 6.209092033736202, "p2": 7.253908837552575, "p3": 36.58222218516314, "p4": 26.315358102232338, "pol1": 0.2968802799040664, "pol2": 0.553930061900914, "pol3": 0.28313698928575315, "pol4": -0.42923969226982583, "v0s": 2.508966983799581}, "datetime": {"datetime": "2022-04-08 17:35:27", "elapsed": 2056.037659, "delta": 7.029206}}
{"target": 3.3479809522013224, "params": {"Bgrad": 10.492078856895027, "d1": -2.9135160726170275, "d2": -1.4440587679855827, "d3": 0.4557381334737638, "d4": -1.7024747540930036, "p1": 9.46410927921401, "p2": 4.954758347636224, "p3": 39.67763184124804, "p4": 29.22628120398952, "pol1": 0.7491062333029608, "pol2": 0.770594028896564, "pol3": -0.20146676747178915, "pol4": 0.3245923295091928, "v0s": 3.3479809522013224}, "datetime": {"datetime": "2022-04-08 17:35:44", "elapsed": 2072.9654, "delta": 16.927741}}
{"target": 3.333067731645143, "params": {"Bgrad": 7.6436165838356995, "d1": -1.8844697423199568, "d2": -0.026388692303330075, "d3": -2.196992196684963, "d4": -1.5951218379633891, "p1": 23.11668685500246, "p2": 31.340275039312726, "p3": 0.07988504595228818, "p4": 30.093270852012576, "pol1": 0.11710489260666179, "pol2": 0.13413063033813177, "pol3": -0.14809957481164093, "pol4": 0.8614581215782753, "v0s": 3.333067731645143}, "datetime": {"datetime": "2022-04-08 17:35:51", "elapsed": 2079.209705, "delta": 6.244305}}
{"target": -1.0, "params": {"Bgrad": 9.582004073578696, "d1": -1.6782013610361366, "d2": -1.8711189818231388, "d3": -0.6585315952209863, "d4": -1.4364162445661566, "p1": 15.265331504779706, "p2": 2.0429623508832706, "p3": 32.476346859408665, "p4": 31.592320953326052, "pol1": -0.8661561564477498, "pol2": -0.14645502570889501, "pol3": -0.9891618638122344, "pol4": 0.059680457097079476, "v0s": 7.586797538715646}, "datetime": {"datetime": "2022-04-08 17:36:01", "elapsed": 2089.461295, "delta": 10.25159}}
{"target": -1.0, "params": {"Bgrad": 7.815258208556422, "d1": -0.6407962220936465, "d2": -1.1983903444932413, "d3": -0.840747202273763, "d4": 0.596094882125358, "p1": 27.630477565246238, "p2": 30.352862576538957, "p3": 2.598749399917921, "p4": 34.22621272895089, "pol1": -0.9368708722350902, "pol2": -0.29259239526056424, "pol3": -0.9712873826039337, "pol4": 0.3323942168622709, "v0s": 5.0640869965151545}, "datetime": {"datetime": "2022-04-08 17:36:10", "elapsed": 2098.971867, "delta": 9.510572}}
{"target": -1.0, "params": {"Bgrad": 3.3408761322914384, "d1": -2.7742000639113824, "d2": 0.1156301387804235, "d3": -2.510388600096194, "d4": -2.6799819073060407, "p1": 8.609026980102252, "p2": 5.168175981355788, "p3": 34.76946117633942, "p4": 28.855259072684582, "pol1": -0.9097361575776248, "pol2": 0.6350749348359701, "pol3": 0.3810861046344385, "pol4": -0.6827099516765032, "v0s": 6.629767543448879}, "datetime": {"datetime": "2022-04-08 17:36:19", "elapsed": 2108.097468, "delta": 9.125601}}
{"target": 4.298529915540764, "params": {"Bgrad": 5.600505867421117, "d1": -0.7811983778630154, "d2": 0.26908024393211827, "d3": -2.6163507177138894, "d4": -2.176619039118558, "p1": 24.513388599351366, "p2": 32.69170567716532, "p3": 4.969031390986989, "p4": 33.69779449449828, "pol1": -0.07676807279233477, "pol2": 0.10711537608611854, "pol3": 0.21654421595080264, "pol4": -0.05122042944888605, "v0s": 4.298529915540764}, "datetime": {"datetime": "2022-04-08 17:36:32", "elapsed": 2120.814467, "delta": 12.716999}}
{"target": 3.34086831061792, "params": {"Bgrad": 4.4677210691150275, "d1": -1.7808040518797301, "d2": 0.43205462486832813, "d3": -2.9463027006644347, "d4": -0.5997845931737875, "p1": 5.403735839835338, "p2": 7.114069383282029, "p3": 44.248964307209, "p4": 24.056104243373778, "pol1": -0.21998272136443187, "pol2": -0.21267232090398958, "pol3": -0.2459861697089909, "pol4": -0.5701603489151494, "v0s": 3.34086831061792}, "datetime": {"datetime": "2022-04-08 17:36:41", "elapsed": 2129.905162, "delta": 9.090695}}
{"target": -1.0, "params": {"Bgrad": 9.709920577148969, "d1": 0.12973879445370073, "d2": -1.6791984933856394, "d3": 0.44291179025370564, "d4": -1.4033900369856553, "p1": 14.062671147356214, "p2": 3.693970157552057, "p3": 33.65260910494497, "p4": 28.472918629069184, "pol1": 0.1373636665544562, "pol2": -0.26147445889967247, "pol3": -0.5341502708054904, "pol4": 0.8737129376692612, "v0s": 5.622754230253149}, "datetime": {"datetime": "2022-04-08 17:36:59", "elapsed": 2147.52206, "delta": 17.616898}}
{"target": 4.122488692518097, "params": {"Bgrad": 6.059046455016224, "d1": -2.439349284814464, "d2": -0.8173585910369408, "d3": -1.89951577049428, "d4": -1.5458753817808166, "p1": 8.95529625771213, "p2": 5.521228699925633, "p3": 38.891938054696645, "p4": 29.908500096685678, "pol1": -0.44820465693964745, "pol2": 0.07344442242435018, "pol3": 0.0431926998089456, "pol4": 0.8886125764719898, "v0s": 4.122488692518097}, "datetime": {"datetime": "2022-04-08 17:37:11", "elapsed": 2160.161267, "delta": 12.639207}}
{"target": 3.4879202834632816, "params": {"Bgrad": 3.384306914745698, "d1": -0.7135550310046046, "d2": -2.84604048568472, "d3": -1.1055801262664091, "d4": -1.3860018555545248, "p1": 3.320481931559738, "p2": 6.7857584606120955, "p3": 42.59345939684754, "p4": 19.49271861700477, "pol1": -0.030657930729258043, "pol2": 0.7250782113056069, "pol3": -0.4356313873439901, "pol4": 0.3815058186343414, "v0s": 3.4879202834632816}, "datetime": {"datetime": "2022-04-08 17:37:20", "elapsed": 2168.620649, "delta": 8.459382}}
{"target": -1.0, "params": {"Bgrad": 10.091597286886946, "d1": -1.6157822063082992, "d2": -0.008901223786486945, "d3": -1.8893897935385806, "d4": 0.38861045894139057, "p1": 24.112007922848182, "p2": 30.26215076444568, "p3": 1.2114767550316208, "p4": 33.57683134622522, "pol1": 0.4490529700790735, "pol2": 0.20385299512442967, "pol3": -0.06070047039105142, "pol4": 0.7669195874488477, "v0s": 4.267091340807913}, "datetime": {"datetime": "2022-04-08 17:37:32", "elapsed": 2180.72728, "delta": 12.106631}}
{"target": -1.0, "params": {"Bgrad": 6.853878702390455, "d1": 0.43413584231212177, "d2": -2.87706484320036, "d3": -1.4314895557981195, "d4": -1.7079493092902305, "p1": 22.561040990105585, "p2": 29.440841368336862, "p3": 1.492920084807553, "p4": 29.28352871796388, "pol1": 0.39249350390399607, "pol2": -0.1037396281896148, "pol3": -0.829093160869137, "pol4": 0.38060006144855607, "v0s": 3.569700638078783}, "datetime": {"datetime": "2022-04-08 17:37:47", "elapsed": 2196.036348, "delta": 15.309068}}
{"target": -1.0, "params": {"Bgrad": 8.674898000361386, "d1": 0.02677422987745981, "d2": -0.44937673116845867, "d3": -2.8250315232034877, "d4": 0.6703268811223313, "p1": 24.20843709853857, "p2": 29.456210125523402, "p3": 3.6631556447838163, "p4": 33.93349215464029, "pol1": 0.31946096446130356, "pol2": -0.9740893140995608, "pol3": -0.7355511699561086, "pol4": 0.5679037342047293, "v0s": 2.1227471634938757}, "datetime": {"datetime": "2022-04-08 17:37:55", "elapsed": 2203.769672, "delta": 7.733324}}
{"target": -1.0, "params": {"Bgrad": 7.770400682321934, "d1": 0.49516050785361987, "d2": 0.3981965797260276, "d3": -1.1190159817363128, "d4": -2.540723970857216, "p1": 23.928601336054683, "p2": 33.19711269467271, "p3": 2.8587199626570694, "p4": 29.742475234373188, "pol1": -0.26863775296770864, "pol2": -0.15397172126350633, "pol3": 0.7003848241838151, "pol4": -0.2971333191145984, "v0s": 2.2844173079530914}, "datetime": {"datetime": "2022-04-08 17:38:07", "elapsed": 2215.921183, "delta": 12.151511}}
{"target": -1.0, "params": {"Bgrad": 6.023197508027888, "d1": -1.2734136441638793, "d2": -2.141537646242068, "d3": -1.0086340091439765, "d4": -1.1166286446541571, "p1": 0.35163412341860933, "p2": 2.7056469325100307, "p3": 41.14379081254856, "p4": 17.00594927550435, "pol1": -0.1619012261702475, "pol2": -0.6935664124473329, "pol3": 0.1957952354222896, "pol4": -0.7188546432627443, "v0s": 3.9865407645654036}, "datetime": {"datetime": "2022-04-08 17:38:25", "elapsed": 2233.939009, "delta": 18.017826}}
{"target": -1.0, "params": {"Bgrad": 5.35504566802894, "d1": -0.3342480585624852, "d2": -1.4196140067405314, "d3": -1.7911358411755685, "d4": 0.5066234716012232, "p1": 28.495166982199027, "p2": 30.106354045562533, "p3": 0.2464580326404564, "p4": 32.699256299150306, "pol1": 0.9605147086045904, "pol2": 0.19754605720647933, "pol3": -0.24044159336156778, "pol4": 0.18917153546816534, "v0s": 5.236206763143192}, "datetime": {"datetime": "2022-04-08 17:38:41", "elapsed": 2249.331854, "delta": 15.392845}}
{"target": 3.8532437920432594, "params": {"Bgrad": 6.521555303517154, "d1": 0.1658082897144033, "d2": -0.274207147914419, "d3": -2.9113802011575602, "d4": -1.209552761192474, "p1": 27.16234747906654, "p2": 31.297578945010358, "p3": 5.4444179970797535, "p4": 36.754734100474955, "pol1": -0.09251972085342519, "pol2": -0.5675119519162015, "pol3": 0.3679484501946173, "pol4": -0.2262574830633184, "v0s": 3.8532437920432594}, "datetime": {"datetime": "2022-04-08 17:38:50", "elapsed": 2258.386644, "delta": 9.05479}}
{"target": 3.6881289404389808, "params": {"Bgrad": 4.495545312464955, "d1": -2.2564115819138086, "d2": 0.1450929235243006, "d3": -0.11451652615099706, "d4": 0.24722450590082135, "p1": 2.4765433603972156, "p2": 7.779105299733913, "p3": 42.80300274432602, "p4": 22.800163971492225, "pol1": -0.0999911394359998, "pol2": 0.39781371437174684, "pol3": 0.33768668240570876, "pol4": 0.8647652215680495, "v0s": 3.6881289404389808}, "datetime": {"datetime": "2022-04-08 17:39:06", "elapsed": 2274.616251, "delta": 16.229607}}
{"target": -1.0, "params": {"Bgrad": 7.958508272599456, "d1": -1.5733285978450446, "d2": -0.3572974599736036, "d3": 0.5519649015494976, "d4": -0.8088133051936461, "p1": 12.809669769063614, "p2": 4.293667289301356, "p3": 40.412706792301584, "p4": 30.381719376626442, "pol1": -0.4319100164501284, "pol2": 0.9901234158127554, "pol3": -0.030550982065322252, "pol4": -0.3222468791819926, "v0s": 6.4715201137540035}, "datetime": {"datetime": "2022-04-08 17:39:16", "elapsed": 2284.492845, "delta": 9.876594}}
{"target": -1.0, "params": {"Bgrad": 4.4951201134392615, "d1": -1.5519022123444617, "d2": -2.9322446323785654, "d3": -2.4822710434488857, "d4": -0.17011279979283644, "p1": 5.598583911118338, "p2": 4.611707777474261, "p3": 39.00397644839738, "p4": 19.57249565285376, "pol1": 0.21828254607973396, "pol2": -0.6817017875708771, "pol3": 0.4959182395923125, "pol4": 0.3349250151242056, "v0s": 6.120174530857875}, "datetime": {"datetime": "2022-04-08 17:39:32", "elapsed": 2300.784803, "delta": 16.291958}}
{"target": 2.7713004956933966, "params": {"Bgrad": 2.8293280722685075, "d1": -2.439270374242693, "d2": -0.7620201263033968, "d3": -1.5389106726531607, "d4": -1.0892496164473568, "p1": 8.857036221379932, "p2": 6.187984568947441, "p3": 33.27143436715847, "p4": 32.05910271086812, "pol1": -0.09872349035562933, "pol2": -0.6131509702546252, "pol3": 0.5106296058066015, "pol4": -0.036586367388298235, "v0s": 2.7713004956933966}, "datetime": {"datetime": "2022-04-08 17:39:37", "elapsed": 2305.869209, "delta": 5.084406}}
{"target": -1.0, "params": {"Bgrad": 5.955789911450502, "d1": -2.2791365480361887, "d2": -1.705344398635976, "d3": -1.8768663133857437, "d4": -1.1467159690781883, "p1": 24.290900978937902, "p2": 31.967134614196485, "p3": 3.148703736468339, "p4": 31.76804187719693, "pol1": 0.5542866219871716, "pol2": -0.027472711531984606, "pol3": -0.9694941769996939, "pol4": -0.3499095696922063, "v0s": 6.186820730033468}, "datetime": {"datetime": "2022-04-08 17:39:54", "elapsed": 2322.968492, "delta": 17.099283}}
{"target": 3.449073836779944, "params": {"Bgrad": 7.56986050895381, "d1": -2.7980361441488455, "d2": -1.632666816349952, "d3": -2.774613581038783, "d4": -0.22202151416196303, "p1": 23.139362495288037, "p2": 28.61008593474662, "p3": 1.6514934688981076, "p4": 31.96816243510623, "pol1": -0.46267295085627813, "pol2": 0.040584646112537426, "pol3": -0.10374078040467438, "pol4": -0.4929233430810702, "v0s": 3.449073836779944}, "datetime": {"datetime": "2022-04-08 17:40:11", "elapsed": 2339.553149, "delta": 16.584657}}
{"target": -1.0, "params": {"Bgrad": 3.9637560874515585, "d1": -1.534620660314121, "d2": -2.0823458930298537, "d3": -1.1704637617600602, "d4": 0.40947642017557406, "p1": 9.383359576398199, "p2": 7.521685563608383, "p3": 36.368137592833975, "p4": 28.653330443615666, "pol1": -0.11015499505649529, "pol2": -0.09316674641434042, "pol3": -0.2907229601459438, "pol4": 0.592302118679622, "v0s": 4.960854590889407}, "datetime": {"datetime": "2022-04-08 17:40:19", "elapsed": 2347.856948, "delta": 8.303799}}
