{"target": -1.0, "params": {"Bgrad": 1.3005304895452579, "d1": -0.20586991934558663, "d2": -1.4636288873126801, "d3": -0.7249920593017558, "d4": 0.6216950941911445, "p1": 27.877356982631067, "p2": 15.678893459420879, "p3": 36.687062815345236, "p4": 15.918753815982079, "pol1": 0.5734655571261014, "pol2": -0.3713579344596878, "pol3": 0.27687872001965386, "pol4": 0.49183550180195623, "v0s": 2.6256329390704973}, "datetime": {"datetime": "2022-04-28 19:01:44", "elapsed": 12616.608234, "delta": 15.895498}}
{"target": -1.0, "params": {"Bgrad": 1.6757829982723271, "d1": 0.8678292006986874, "d2": 0.24314144548751582, "d3": -2.953941842196765, "d4": -1.162311222975542, "p1": 37.193156633536475, "p2": 26.144833412678185, "p3": 23.72524793067608, "p4": 32.6720033426949, "pol1": -0.5349016092827308, "pol2": 0.3639624484127211, "pol3": 0.7879869367416295, "pol4": 0.3222735390717655, "v0s": 5.748950435865274}, "datetime": {"datetime": "2022-04-28 19:01:59", "elapsed": 12631.545296, "delta": 14.937062}}
{"target": -1.0, "params": {"Bgrad": 1.9229378431783875, "d1": -0.596140115057568, "d2": -1.2297377789313355, "d3": 0.03661567477231609, "d4": 0.10038852548611166, "p1": 29.746244575413343, "p2": 26.66694525660051, "p3": 20.68800874778184, "p4": 15.01025322538878, "pol1": -0.04381338487969244, "pol2": 0.6647993859947214, "pol3": 0.36151690015457794, "pol4": 0.7741091217818667, "v0s": 3.477389225709532}, "datetime": {"datetime": "2022-04-28 19:02:15", "elapsed": 12647.769914, "delta": 16.224618}}
{"target": -1.0, "params": {"Bgrad": 1.2279137519797585, "d1": -1.2962907653408329, "d2": -1.939469944021806, "d3": 0.7654019526563824, "d4": -2.1754969834051305, "p1": 43.615161261255636, "p2": 0.03096322552184616, "p3": 48.150557319764346, "p4": 20.792498192400828, "pol1": 0.08879541045677808, "pol2": 0.655453191875248, "pol3": -0.7950243415316429, "pol4": 0.27396158321141906, "v0s": 4.692547557829609}, "datetime": {"datetime": "2022-04-28 19:02:27", "elapsed": 12659.73891, "delta": 11.968996}}
{"target": -1.0, "params": {"Bgrad": 1.5918203911374256, "d1": -0.6272743505135727, "d2": -0.0893722238151029, "d3": 0.30088124294397955, "d4": -2.3652586199850365, "p1": 35.053526903615165, "p2": 48.66556160027457, "p3": 3.0645493339583387, "p4": 46.092370129596084, "pol1": 0.18249028695742853, "pol2": -0.48256862136610024, "pol3": -0.6046506779585876, "pol4": -0.6870627278737589, "v0s": 6.711736222098584}, "datetime": {"datetime": "2022-04-28 19:02:39", "elapsed": 12672.307305, "delta": 12.568395}}
{"target": -1.0, "params": {"Bgrad": 1.9564894049364185, "d1": -1.8074412110364393, "d2": -0.19750380035402326, "d3": -2.8277483495145597, "d4": -1.3189125249698241, "p1": 17.37001089744054, "p2": 38.1518398948118, "p3": 22.902121922113984, "p4": 27.354061167272114, "pol1": 0.9660585507876842, "pol2": 0.9708053731095947, "pol3": -0.6478785977937349, "pol4": -0.5734294802823436, "v0s": 3.829587898139339}, "datetime": {"datetime": "2022-04-28 19:02:56", "elapsed": 12689.095417, "delta": 16.788112}}
{"target": -1.0, "params": {"Bgrad": 1.0263900688191117, "d1": -2.9066458462129714, "d2": -0.6216889380687367, "d3": 0.09558677583740405, "d4": -1.9562470790623099, "p1": 14.745885252037905, "p2": 8.768702339231826, "p3": 2.2663550653216067, "p4": 4.627809029317731, "pol1": -0.5987377644946252, "pol2": 0.1675399309771688, "pol3": 0.5018145583879536, "pol4": 0.3580251649553936, "v0s": 2.877932885898133}, "datetime": {"datetime": "2022-04-28 19:03:11", "elapsed": 12704.459336, "delta": 15.363919}}
{"target": -1.0, "params": {"Bgrad": 1.0257818969380184, "d1": -2.4103714618817906, "d2": 0.6780852661021091, "d3": -0.614123967478176, "d4": 0.7907135353229617, "p1": 5.288283514325909, "p2": 17.788839995153864, "p3": 1.6523426689851073, "p4": 31.941232267965947, "pol1": 0.45050753794190146, "pol2": -0.06289973463457521, "pol3": 0.2106181135526881, "pol4": -0.17951983361304946, "v0s": 6.3965083016784}, "datetime": {"datetime": "2022-04-28 19:03:26", "elapsed": 12719.232834, "delta": 14.773498}}
{"target": -1.0, "params": {"Bgrad": 1.268431970478072, "d1": 0.7008846004637612, "d2": -0.7069315402085743, "d3": -2.0814595381768166, "d4": 0.1026631547388881, "p1": 26.729252483848683, "p2": 21.484086686778305, "p3": 34.12164134039421, "p4": 10.008785993935659, "pol1": -0.7119626074917917, "pol2": 0.0012556721820753403, "pol3": 0.0006654996844623895, "pol4": 0.2635791628917079, "v0s": 2.935196848773445}, "datetime": {"datetime": "2022-04-28 19:04:27", "elapsed": 12779.604412, "delta": 60.371578}}
{"target": -1.0, "params": {"Bgrad": 1.318165457188627, "d1": -2.9145478750172438, "d2": -1.2314628974107946, "d3": 0.28725284672846385, "d4": -0.512093885908731, "p1": 19.702979699824123, "p2": 29.30165306734123, "p3": 6.211535962393894, "p4": 26.65320481677146, "pol1": 0.15522725920127622, "pol2": -0.3195235663260523, "pol3": -0.0706202621840819, "pol4": 0.4531429961663087, "v0s": 2.2733389918832647}, "datetime": {"datetime": "2022-04-28 19:04:36", "elapsed": 12788.827751, "delta": 9.223339}}
{"target": 3.4859443648090895, "params": {"Bgrad": 1.0879791495620836, "d1": -0.22538761503101457, "d2": -0.178753526796398, "d3": -0.7107399406279207, "d4": -2.926567272160845, "p1": 44.53528881676059, "p2": 36.494757026085075, "p3": 17.69275197426999, "p4": 25.576486063200793, "pol1": -0.11602542288623274, "pol2": 0.3279408642242887, "pol3": -0.25360184769197414, "pol4": -0.547078248176831, "v0s": 3.4859443648090895}, "datetime": {"datetime": "2022-04-28 19:04:46", "elapsed": 12798.648492, "delta": 9.820741}}
{"target": 3.3443849835295287, "params": {"Bgrad": 0.9963594965322217, "d1": -2.986838217305163, "d2": -1.8294892433849268, "d3": -2.039532681079721, "d4": -1.922865718868844, "p1": 15.053936280789635, "p2": 29.380397870485467, "p3": 30.590581495904097, "p4": 27.88158900513117, "pol1": -0.16142124863467344, "pol2": 0.36933006906580496, "pol3": 0.21485085612967658, "pol4": 0.06964742420337468, "v0s": 3.3443849835295287}, "datetime": {"datetime": "2022-04-28 19:04:52", "elapsed": 12804.883819, "delta": 6.235327}}
{"target": 5.373813901593029, "params": {"Bgrad": 0.7122238704995103, "d1": -1.9274934090068656, "d2": 0.9999908263964494, "d3": -0.24836645739779664, "d4": -2.3872956202004314, "p1": 29.708125297219816, "p2": 29.624143226302724, "p3": 7.765850462920848, "p4": 8.479685749422693, "pol1": -0.536741909740541, "pol2": 0.7033241294088942, "pol3": 0.5896108439088781, "pol4": -0.34231581937076716, "v0s": 5.373813901593029}, "datetime": {"datetime": "2022-04-28 19:05:03", "elapsed": 12816.238459, "delta": 11.35464}}
{"target": 4.11471073136459, "params": {"Bgrad": 1.718503250180892, "d1": -0.3590666173031807, "d2": 0.09133212125862977, "d3": -2.3764973449027713, "d4": -2.0293213140592297, "p1": 3.3470125733509737, "p2": 30.500719530629556, "p3": 11.139225091310303, "p4": 21.054016657876097, "pol1": 0.5473520970272714, "pol2": 0.530625698249916, "pol3": 0.7163008291850043, "pol4": 0.34309798457065044, "v0s": 4.11471073136459}, "datetime": {"datetime": "2022-04-28 19:05:14", "elapsed": 12826.743372, "delta": 10.504913}}
{"target": 5.078450135655302, "params": {"Bgrad": 2.0, "d1": -2.727847195269706, "d2": -3.0, "d3": -1.7292071018311777, "d4": 0.31245969823873104, "p1": 19.744171392268214, "p2": 17.016521262861907, "p3": 32.11480012607426, "p4": 49.107810851032696, "pol1": -0.4684407766618535, "pol2": 0.5404821071034647, "pol3": -0.8509385632062, "pol4": -0.3654614182576411, "v0s": 5.078450135655302}, "datetime": {"datetime": "2022-04-28 19:05:28", "elapsed": 12841.342336, "delta": 14.598964}}
{"target": 5.699854090649755, "params": {"Bgrad": 2.0, "d1": -2.6483244287944037, "d2": -0.13886205262051238, "d3": -0.3337716250876992, "d4": 1.0, "p1": 13.526053130074349, "p2": 37.49052838478959, "p3": 19.12472808365497, "p4": 5.566730771396487, "pol1": -1.0, "pol2": 0.20970946441282537, "pol3": 0.7240564127071987, "pol4": -0.591648068374576, "v0s": 5.699854090649755}, "datetime": {"datetime": "2022-04-28 19:05:46", "elapsed": 12858.685962, "delta": 17.343626}}
{"target": -1.0, "params": {"Bgrad": 0.969182573160187, "d1": -1.8152960233422202, "d2": 0.7540822730630792, "d3": -1.47688322855099, "d4": 0.3436818413928611, "p1": 13.63747757801246, "p2": 16.156208286795344, "p3": 30.738259324619513, "p4": 34.681096798710875, "pol1": -0.2924054993515056, "pol2": 0.696424384270389, "pol3": 0.5696051464844892, "pol4": -0.20792134211713206, "v0s": 5.370074271056079}, "datetime": {"datetime": "2022-04-28 19:06:11", "elapsed": 12884.026207, "delta": 25.340245}}
{"target": -1.0, "params": {"Bgrad": 0.8200237286017212, "d1": 0.3547972501421688, "d2": -0.10755035575234695, "d3": 0.34244892893204737, "d4": -2.534622076049333, "p1": 46.24551564036558, "p2": 34.65764068671184, "p3": 38.766091754163, "p4": 3.7207520983660647, "pol1": -0.2088161153963939, "pol2": 0.16977668091746922, "pol3": -0.47263231038219256, "pol4": 0.9240879924736227, "v0s": 3.3808254271740967}, "datetime": {"datetime": "2022-04-28 19:06:21", "elapsed": 12894.186042, "delta": 10.159835}}
{"target": -1.0, "params": {"Bgrad": 0.9516122866412162, "d1": -0.5669742138637099, "d2": -0.5336537503969723, "d3": -2.38437797161626, "d4": -1.3315868157752937, "p1": 26.578398798671554, "p2": 37.84457999541744, "p3": 23.601116929073413, "p4": 7.549749000215888, "pol1": -0.45660168583987537, "pol2": 0.27471922568413576, "pol3": 0.9610888425239394, "pol4": 0.5487511041421234, "v0s": 2.2100730981959433}, "datetime": {"datetime": "2022-04-28 19:06:29", "elapsed": 12901.989177, "delta": 7.803135}}
{"target": -1.0, "params": {"Bgrad": 1.1961752954287204, "d1": -1.7866066053899483, "d2": -0.8308283049718748, "d3": -1.2848447538543826, "d4": -1.125622631131769, "p1": 13.123594696227038, "p2": 47.30661183900522, "p3": 31.016290266153586, "p4": 12.18077759196518, "pol1": -0.7481674826567213, "pol2": -0.9043179821382208, "pol3": -0.7219818446912643, "pol4": 0.3966231002375864, "v0s": 3.5482488005042248}, "datetime": {"datetime": "2022-04-28 19:06:42", "elapsed": 12915.196862, "delta": 13.207685}}
{"target": 4.139491329633299, "params": {"Bgrad": 1.9971673934790546, "d1": -1.4888099988400827, "d2": 0.31634978950654097, "d3": -2.5987856126198157, "d4": -1.6264020959921976, "p1": 7.428551236481721, "p2": 35.937346527851844, "p3": 34.91865995206431, "p4": 34.40662887045301, "pol1": -0.6184347914054993, "pol2": 0.509923418032032, "pol3": -0.6093713255253578, "pol4": -0.2713604009510849, "v0s": 4.139491329633299}, "datetime": {"datetime": "2022-04-28 19:06:55", "elapsed": 12927.895907, "delta": 12.699045}}
{"target": -1.0, "params": {"Bgrad": 1.6490194974601398, "d1": -0.031413952006519086, "d2": -2.1605267642556374, "d3": 0.987809730504535, "d4": -0.588987299854502, "p1": 4.063450104490074, "p2": 7.337994995119907, "p3": 22.022313349173572, "p4": 18.18735882737072, "pol1": -0.6539761748508564, "pol2": -0.2904214321690717, "pol3": 0.30729365327013713, "pol4": -0.9641563414884478, "v0s": 4.936168449845405}, "datetime": {"datetime": "2022-04-28 19:07:07", "elapsed": 12940.335646, "delta": 12.439739}}
{"target": 3.9608744664781876, "params": {"Bgrad": 1.8435551194012043, "d1": -2.161469625922436, "d2": -2.9875953235019854, "d3": -1.1664298578497112, "d4": -3.0, "p1": 16.273610961611755, "p2": 44.66328092123746, "p3": 16.369477912696475, "p4": 12.10418118517559, "pol1": 0.5843491050960795, "pol2": 1.0, "pol3": -0.28966621291057687, "pol4": -0.5629914302524459, "v0s": 3.9608744664781876}, "datetime": {"datetime": "2022-04-28 19:07:18", "elapsed": 12950.981181, "delta": 10.645535}}
{"target": -1.0, "params": {"Bgrad": 1.8376996436812538, "d1": -2.478511943630511, "d2": 0.8894078122344022, "d3": -1.5247478155442855, "d4": -0.9337454052417344, "p1": 14.71489953237874, "p2": 47.59598567927266, "p3": 31.364499052096523, "p4": 15.4798284659028, "pol1": -0.7278029077361905, "pol2": -0.44791355386219944, "pol3": -0.9262915710743496, "pol4": 0.5368346224990235, "v0s": 3.8594970374112267}, "datetime": {"datetime": "2022-04-28 19:07:26", "elapsed": 12958.819224, "delta": 7.838043}}
{"target": 5.413360703397101, "params": {"Bgrad": 1.0033413198157843, "d1": -1.6554607568118886, "d2": 0.41835964339943577, "d3": -1.0892308132038193, "d4": -0.00904258823131843, "p1": 13.751030265991329, "p2": 15.105842795169863, "p3": 30.317543383456144, "p4": 34.61607354250343, "pol1": -0.2597962018679893, "pol2": 0.8325375826400472, "pol3": 0.7008057969513359, "pol4": -0.30677880260090895, "v0s": 5.413360703397101}, "datetime": {"datetime": "2022-04-28 19:07:33", "elapsed": 12966.242376, "delta": 7.423152}}
{"target": -1.0, "params": {"Bgrad": 1.8728051730090942, "d1": -1.1514386406624548, "d2": -0.6208325588974857, "d3": -1.6227319823648871, "d4": 0.6535665485872215, "p1": 13.582136001127342, "p2": 15.374841068946077, "p3": 31.53408326181032, "p4": 35.95853469895543, "pol1": 0.8247574491187266, "pol2": 0.7888128620868196, "pol3": 0.7034748898199756, "pol4": -0.23985354293838457, "v0s": 6.021778090780521}, "datetime": {"datetime": "2022-04-28 19:07:49", "elapsed": 12982.425106, "delta": 16.18273}}
{"target": 3.9360654652953206, "params": {"Bgrad": 0.7982010228449066, "d1": -0.9196767107329162, "d2": -0.08140940191379395, "d3": -1.112065489764015, "d4": -3.0, "p1": 3.9083809959220828, "p2": 45.095148547477834, "p3": 9.85615575457822, "p4": 21.10130574801103, "pol1": -0.6391063684333281, "pol2": 0.7346369910652109, "pol3": -0.020893484064452673, "pol4": -0.9384042860135028, "v0s": 3.9360654652953206}, "datetime": {"datetime": "2022-04-28 19:07:57", "elapsed": 12990.142471, "delta": 7.717365}}
{"target": 4.487387006352699, "params": {"Bgrad": 0.5021931620290521, "d1": -1.261833486562006, "d2": 0.2653850342045563, "d3": -2.184765212867476, "d4": -0.06088560628332405, "p1": 6.76963497986713, "p2": 15.799914012928083, "p3": 34.40757520221459, "p4": 1.6982947228031502, "pol1": -0.28580111519476326, "pol2": -0.7259747112207309, "pol3": 0.6939602403427443, "pol4": -0.23570571297735535, "v0s": 4.487387006352699}, "datetime": {"datetime": "2022-04-28 19:08:03", "elapsed": 12995.661714, "delta": 5.519243}}
{"target": -1.0, "params": {"Bgrad": 0.9707919821110331, "d1": -0.649535015055621, "d2": -1.2399126901723578, "d3": 0.4193566926888077, "d4": -0.07014524286307244, "p1": 44.50407614814021, "p2": 29.8772541962219, "p3": 46.21623626339786, "p4": 17.94724637404802, "pol1": 0.287950450911834, "pol2": -0.8934535911328545, "pol3": -0.08508009877212697, "pol4": 0.27729445366708183, "v0s": 4.832265241429075}, "datetime": {"datetime": "2022-04-28 19:08:14", "elapsed": 13006.997405, "delta": 11.335691}}
{"target": -1.0, "params": {"Bgrad": 0.9144252502528774, "d1": -2.000127229650372, "d2": 0.14260442659489403, "d3": -2.781668521305701, "d4": -1.0974598784229719, "p1": 27.066994242008423, "p2": 38.388906539822464, "p3": 21.342824716975546, "p4": 6.83082611102982, "pol1": 0.8484133005684953, "pol2": 0.9755760761597894, "pol3": 0.971536211157773, "pol4": 0.26574741135386915, "v0s": 2.547361776656604}, "datetime": {"datetime": "2022-04-28 19:08:22", "elapsed": 13014.992028, "delta": 7.994623}}
{"target": -1.0, "params": {"Bgrad": 1.2328234220155185, "d1": -0.8390951127785082, "d2": 0.1001813364653854, "d3": -2.0084954926104395, "d4": 0.4757188989454959, "p1": 36.74775377543666, "p2": 26.97450473348893, "p3": 23.227421614829062, "p4": 33.16252257735602, "pol1": -0.43675166461695003, "pol2": 0.8651413941684889, "pol3": -0.330499147876391, "pol4": 0.4442577840563813, "v0s": 4.757875520322953}, "datetime": {"datetime": "2022-04-28 19:08:36", "elapsed": 13029.052433, "delta": 14.060405}}
{"target": 4.117756532808824, "params": {"Bgrad": 1.3070650607911254, "d1": -2.9372159468555847, "d2": -1.5513633829695461, "d3": -1.9026291688453605, "d4": -1.5634048065687332, "p1": 8.966923041685705, "p2": 5.147104499715893, "p3": 27.02853193070843, "p4": 10.426822059731368, "pol1": -0.03596333356274967, "pol2": -0.11155553800580872, "pol3": -0.6191846972629131, "pol4": 0.5476751616573937, "v0s": 4.117756532808824}, "datetime": {"datetime": "2022-04-28 19:08:47", "elapsed": 13040.435995, "delta": 11.383562}}
{"target": -1.0, "params": {"Bgrad": 0.5717676643843428, "d1": 0.5977817533738188, "d2": -0.10934695098046987, "d3": -1.983045354916551, "d4": -0.8952074094703901, "p1": 47.99859626568672, "p2": 46.148150262448965, "p3": 42.22886957129645, "p4": 45.47606645957906, "pol1": -0.9919175723051425, "pol2": -0.8260217342931147, "pol3": 0.10080517607492023, "pol4": -0.05120335001698928, "v0s": 2.862544444830608}, "datetime": {"datetime": "2022-04-28 19:08:53", "elapsed": 13046.090876, "delta": 5.654881}}
{"target": 3.280660464552617, "params": {"Bgrad": 1.4766565259628792, "d1": -1.8365839066538518, "d2": 0.9592325350874024, "d3": 0.633295538972154, "d4": -0.3620092515719557, "p1": 25.00573180020815, "p2": 23.57935050768424, "p3": 39.71570738587293, "p4": 43.84349088606656, "pol1": 0.8277533699559626, "pol2": -0.9904008871450183, "pol3": -0.8397152174074245, "pol4": -0.4445194346968211, "v0s": 3.280660464552617}, "datetime": {"datetime": "2022-04-28 19:09:02", "elapsed": 13054.795601, "delta": 8.704725}}
{"target": -1.0, "params": {"Bgrad": 1.8385868706417705, "d1": -1.8942335962579744, "d2": 0.8172466940681998, "d3": 0.3075091018710656, "d4": -0.575744049423946, "p1": 24.851906295477306, "p2": 23.686905065908498, "p3": 39.96924846340033, "p4": 44.15175146604853, "pol1": 0.7418661334881204, "pol2": -0.8218703222530829, "pol3": -0.6984546810144626, "pol4": -0.43469722979013053, "v0s": 3.536738333522114}, "datetime": {"datetime": "2022-04-28 19:09:20", "elapsed": 13073.15551, "delta": 18.359909}}
{"target": 4.515288457225502, "params": {"Bgrad": 1.0284702958004595, "d1": -1.1495282352426561, "d2": -0.014940276411812236, "d3": -2.2792861933020467, "d4": -2.1404939351358063, "p1": 1.1790818206359266, "p2": 15.367625270032011, "p3": 14.072567823559865, "p4": 4.876667913746514, "pol1": 0.9914259059117048, "pol2": -0.3105042949430303, "pol3": 0.6490160038859532, "pol4": -0.6295276918417919, "v0s": 4.515288457225502}, "datetime": {"datetime": "2022-04-28 19:09:29", "elapsed": 13082.155446, "delta": 8.999936}}
{"target": 3.3285672486827873, "params": {"Bgrad": 1.0731920981443503, "d1": -2.863014675463257, "d2": -1.8592215876774685, "d3": -1.7964286987578153, "d4": -1.9442228331246034, "p1": 14.731541911811341, "p2": 29.564314615661804, "p3": 30.93876769238043, "p4": 27.5291466444863, "pol1": -0.13718956522243686, "pol2": 0.35395499024530275, "pol3": 0.17298459669416794, "pol4": 0.029874099287036934, "v0s": 3.3285672486827873}, "datetime": {"datetime": "2022-04-28 19:09:37", "elapsed": 13089.604528, "delta": 7.449082}}
{"target": -1.0, "params": {"Bgrad": 1.267395572840928, "d1": -2.9992890994815484, "d2": -1.4535626742712362, "d3": -1.9678262296727007, "d4": -1.4666430638419428, "p1": 8.526578781995452, "p2": 5.46903640557134, "p3": 27.157505792576085, "p4": 10.483768160168058, "pol1": -0.07797205905357388, "pol2": -0.056545358344201824, "pol3": -0.6840886806001973, "pol4": 0.5691952885634729, "v0s": 4.339215783884481}, "datetime": {"datetime": "2022-04-28 19:09:50", "elapsed": 13102.994725, "delta": 13.390197}}
{"target": 3.7714937468620877, "params": {"Bgrad": 1.0485061808008438, "d1": -1.5362439815621982, "d2": 0.7831462815005118, "d3": -2.6943968944396217, "d4": -1.5774906624000549, "p1": 12.162887036671693, "p2": 19.615487094740807, "p3": 39.03575853960561, "p4": 49.60556152630265, "pol1": -0.061654045707975835, "pol2": 0.22285517241700417, "pol3": -0.6635931696836188, "pol4": -0.42285728380154397, "v0s": 3.7714937468620877}, "datetime": {"datetime": "2022-04-28 19:09:58", "elapsed": 13111.212752, "delta": 8.218027}}
{"target": -1.0, "params": {"Bgrad": 0.9651900538607197, "d1": -0.6648861048981098, "d2": -0.8003599953276699, "d3": -0.44692957314858806, "d4": -2.562266538226314, "p1": 47.792739901446, "p2": 17.25195087511226, "p3": 25.850774184309138, "p4": 14.299121746832627, "pol1": 0.08408363875156133, "pol2": -0.6695708525387196, "pol3": -0.8974729743080521, "pol4": 0.12225084362222227, "v0s": 4.405832886963339}, "datetime": {"datetime": "2022-04-28 19:10:12", "elapsed": 13124.614916, "delta": 13.402164}}
{"target": 3.555349347408452, "params": {"Bgrad": 1.725371702572243, "d1": -1.6805974237690267, "d2": -2.650055300623626, "d3": -2.4468269471986526, "d4": -1.9630473712770349, "p1": 34.185603659506995, "p2": 11.712602434909808, "p3": 23.376354512472652, "p4": 47.66407705689497, "pol1": -0.9074956626004143, "pol2": 0.942111296803815, "pol3": 0.24144150149542964, "pol4": -0.3488816076856487, "v0s": 3.555349347408452}, "datetime": {"datetime": "2022-04-28 19:10:22", "elapsed": 13134.966239, "delta": 10.351323}}
{"target": 2.109074093662939, "params": {"Bgrad": 1.1372930861374924, "d1": -2.461968785095563, "d2": 0.11651293276903929, "d3": -1.2248312565104564, "d4": 0.37585754048775033, "p1": 35.20023833654296, "p2": 10.216452103712202, "p3": 36.771889035201035, "p4": 24.106338258223836, "pol1": -0.9998950430450201, "pol2": 0.7058224695441152, "pol3": 0.12834689790191484, "pol4": 0.8069969267666136, "v0s": 2.109074093662939}, "datetime": {"datetime": "2022-04-28 19:10:31", "elapsed": 13144.055935, "delta": 9.089696}}
{"target": 3.9798235161977527, "params": {"Bgrad": 1.0449144145383615, "d1": -1.7880519091014746, "d2": 0.12113038379092698, "d3": -2.3340009014030025, "d4": -0.7588420131821972, "p1": 21.84125925848371, "p2": 24.69607545462697, "p3": 10.61185989583387, "p4": 36.34487094355789, "pol1": -0.9769639005232602, "pol2": -0.5556070018627557, "pol3": 0.36079104304923365, "pol4": 0.1165371063271359, "v0s": 3.9798235161977527}, "datetime": {"datetime": "2022-04-28 19:10:37", "elapsed": 13149.974111, "delta": 5.918176}}
