{"target": 2.2343286993972944, "params": {"I": 1.520364270760597, "d1": -0.3181299592863911, "d2": -1.3307807905314921, "d3": -0.7652406862169934, "d4": -2.438452245619065, "p1": 9.90507445424394, "p2": 40.03722843377683, "p3": 48.41307878596987, "p4": 15.671208907962143, "pol1": 0.38464523133862816, "pol2": 0.7527783045920766, "pol3": 0.7892133270076946, "pol4": -0.8299115772604442, "v0s": 2.2343286993972944}, "datetime": {"datetime": "2022-02-03 18:56:41", "elapsed": 0.0, "delta": 0.0}}
{"target": -1.0, "params": {"I": 4.2267779717268095, "d1": 0.5125700137176525, "d2": -2.6066126646677996, "d3": -1.3155694999797913, "d4": 0.8315581206020077, "p1": 26.658264248650852, "p2": 34.593855697523665, "p3": 15.775781550303147, "p4": 34.32504638407919, "pol1": 0.6692513437947458, "pol2": -0.9634234453116164, "pol3": 0.5002886298899349, "pol4": 0.9777221778129894, "v0s": 6.488993926279036}, "datetime": {"datetime": "2022-02-03 19:00:21", "elapsed": 220.423223, "delta": 220.423223}}
{"target": -1.0, "params": {"I": 6.328435849223698, "d1": 0.15711731380595406, "d2": -2.587095973689432, "d3": -1.2084258952963793, "d4": 0.6343820123723822, "p1": 14.680707418683975, "p2": 14.388766929317438, "p3": 6.501428605913883, "p4": 0.9683478935148537, "pol1": 0.3576710658797819, "pol2": -0.5767437679998819, "pol3": -0.4689066812555476, "pol4": -0.01685368143932342, "v0s": 2.3201752707024825}, "datetime": {"datetime": "2022-02-03 19:06:10", "elapsed": 568.605416, "delta": 348.182193}}
{"target": -1.0, "params": {"I": 11.908234504348249, "d1": -2.4130857003767594, "d2": -0.642777852386863, "d3": -0.20096655991627532, "d4": -2.5906622846886966, "p1": 20.702799390978416, "p2": 34.72000788638726, "p3": 20.708963476345133, "p4": 2.497672947304358, "pol1": 0.07179281183102315, "pol2": 0.32758929043957763, "pol3": 0.029778224116617125, "pol4": 0.8891895119816267, "v0s": 5.519330243011957}, "datetime": {"datetime": "2022-02-03 19:10:31", "elapsed": 829.488818, "delta": 260.883402}}
{"target": 4.093390051867055, "params": {"I": 18.164636390469788, "d1": -2.45010118341505, "d2": -2.442894610996966, "d3": 0.22956515483809525, "d4": -1.4092926520578657, "p1": 8.26770985584664, "p2": 46.37542901980169, "p3": 17.388292987275328, "p4": 37.54060515680778, "pol1": 0.4519959707009029, "pol2": 0.7666121824116197, "pol3": 0.24734441411121777, "pol4": 0.5018848680546744, "v0s": 4.093390051867055}, "datetime": {"datetime": "2022-02-03 19:27:46", "elapsed": 1864.593044, "delta": 1035.104226}}
{"target": -1.0, "params": {"I": 6.128629943535495, "d1": 0.5835448727842674, "d2": -1.2876352405148204, "d3": 0.8593601885935422, "d4": -0.3462340087262077, "p1": 31.08478601045609, "p2": 5.7372986476687595, "p3": 47.474462935353564, "p4": 22.495606673997028, "pol1": 0.15677922877426353, "pol2": -0.18372639447743766, "pol3": -0.5259460395139446, "pol4": 0.8067590411245076, "v0s": 5.442076920033715}, "datetime": {"datetime": "2022-02-03 19:33:04", "elapsed": 2182.888686, "delta": 318.295642}}
{"target": -1.0, "params": {"I": 1.0545362135920204, "d1": -0.5314203455171045, "d2": -1.6934203929116154, "d3": -0.8917675909695628, "d4": 0.543768397243098, "p1": 17.86348800012499, "p2": 45.42675754598996, "p3": 31.168005789590136, "p4": 0.7910621423278141, "pol1": 0.8588744674875226, "pol2": 0.3817938350338479, "pol3": 0.994645700902961, "pol4": -0.6553189833093429, "v0s": 2.8228144977732663}, "datetime": {"datetime": "2022-02-03 19:35:18", "elapsed": 2317.359401, "delta": 134.470715}}
{"target": -1.0, "params": {"I": 18.719313797706107, "d1": -0.21272735404039933, "d2": -2.73599930911175, "d3": 0.021852210409865513, "d4": 0.015504753844985508, "p1": 46.15122677732417, "p2": 35.576237931423584, "p3": 6.213548098608235, "p4": 0.9940066919897794, "pol1": -0.9475780262445614, "pol2": -0.9433870239584108, "pol3": -0.5075778647939082, "pol4": 0.720055897365776, "v0s": 5.232986386049917}, "datetime": {"datetime": "2022-02-03 19:41:07", "elapsed": 2666.075362, "delta": 348.715961}}
{"target": -1.0, "params": {"I": 11.503617595029551, "d1": 0.36812356943842284, "d2": -2.5033067395203554, "d3": -1.883265283955442, "d4": -0.6569629141668485, "p1": 48.47978741598373, "p2": 28.051510962785496, "p3": 0.9323644686471511, "p4": 40.03163363403082, "pol1": -0.5340514523179591, "pol2": 0.6142103912375583, "pol3": -0.2242787118716565, "pol4": 0.7270837091188573, "v0s": 6.4827298564231075}, "datetime": {"datetime": "2022-02-03 19:46:02", "elapsed": 2961.454867, "delta": 295.379505}}
{"target": 3.2197594079659426, "params": {"I": 11.568564445817959, "d1": -2.45417909735726, "d2": -2.7603292419511534, "d3": -2.5146261770370506, "d4": -2.821792485820953, "p1": 5.374706455304645, "p2": 11.285466930392735, "p3": 35.64944901913383, "p4": 27.98584910270712, "pol1": -0.9748880396817683, "pol2": -0.8560514406210264, "pol3": 0.934552660000544, "pol4": 0.13620092383988425, "v0s": 3.2197594079659426}, "datetime": {"datetime": "2022-02-03 19:57:51", "elapsed": 3669.82259, "delta": 708.367723}}
{"target": -1.0, "params": {"I": 5.794189146836145, "d1": -0.02469658369962824, "d2": -2.218282075562725, "d3": -0.6745642909069689, "d4": 0.8800799563532493, "p1": 42.34144007450176, "p2": 11.992387957379307, "p3": 24.6884857134365, "p4": 30.99778591906899, "pol1": 0.6579617991003575, "pol2": -0.6864172107078315, "pol3": -0.962847595645181, "pol4": -0.8599557125615553, "v0s": 4.91807066562219}, "datetime": {"datetime": "2022-02-03 20:03:28", "elapsed": 4007.134569, "delta": 337.311979}}
{"target": -1.0, "params": {"I": 12.520259771413276, "d1": -0.7245942516540747, "d2": -1.730550362711357, "d3": 0.9544646176497955, "d4": -0.6810191230168123, "p1": 19.00705863117752, "p2": 27.54741095589484, "p3": 37.266721545325105, "p4": 33.46164467265923, "pol1": -0.4701608846743812, "pol2": -0.8673303311431169, "pol3": -0.2598316041717874, "pol4": 0.25943501404312896, "v0s": 3.2610440594890377}, "datetime": {"datetime": "2022-02-03 20:09:14", "elapsed": 4352.663857, "delta": 345.529288}}
{"target": -1.0, "params": {"I": 15.302355521037464, "d1": -2.7338540745835402, "d2": -1.9587396056858362, "d3": 0.21901825497338168, "d4": -2.226262869506689, "p1": 31.973044043997007, "p2": 26.233515456186684, "p3": 46.240398519967535, "p4": 13.164838524355549, "pol1": -0.8680778186319524, "pol2": 0.47013192657733893, "pol3": 0.5443560590864935, "pol4": 0.8156317050070481, "v0s": 7.591832415181024}, "datetime": {"datetime": "2022-02-03 20:15:39", "elapsed": 4738.295677, "delta": 385.63182}}
{"target": -1.0, "params": {"I": 1.2650798865363433, "d1": -2.062551655514318, "d2": -0.5328865719933695, "d3": 0.7960652827504657, "d4": 0.8007044769883187, "p1": 27.83265940975782, "p2": 45.78031748831373, "p3": 32.07831044731687, "p4": 19.50038570706231, "pol1": -0.02801866580618051, "pol2": 0.2086209658399465, "pol3": 0.09909584301712515, "pol4": 0.8523628534129073, "v0s": 7.512400613801637}, "datetime": {"datetime": "2022-02-03 20:18:19", "elapsed": 4898.344831, "delta": 160.049154}}
{"target": -1.0, "params": {"I": 8.502636645547543, "d1": 0.8530501137628472, "d2": -2.3041773332781426, "d3": -2.4946819222414507, "d4": -2.4596833678130747, "p1": 25.283108283844836, "p2": 1.076240263709899, "p3": 47.39851056088405, "p4": 41.355773558536626, "pol1": -0.9699620385157552, "pol2": -0.6476074888498895, "pol3": -0.33587285126632604, "pol4": -0.7380063103781662, "v0s": 6.8569441527594925}, "datetime": {"datetime": "2022-02-03 20:29:01", "elapsed": 5540.344579, "delta": 641.999748}}
{"target": -1.0, "params": {"I": 7.549996400982575, "d1": 0.7604299293334686, "d2": -0.6719432802116798, "d3": 0.5153279376473763, "d4": 0.37893778156888747, "p1": 45.26961593543246, "p2": 22.99401329084035, "p3": 27.317340801018663, "p4": 39.93017955760197, "pol1": -0.42856229653170486, "pol2": -0.019492954760144565, "pol3": 0.19822061529175672, "pol4": -0.9689334488983286, "v0s": 5.560888449179823}, "datetime": {"datetime": "2022-02-03 20:33:45", "elapsed": 5823.664962, "delta": 283.320383}}
{"target": -1.0, "params": {"I": 9.239850630799708, "d1": 0.22944211553936578, "d2": -1.7390207876185082, "d3": 0.5715548341006054, "d4": -0.6885711388618581, "p1": 9.200510081373253, "p2": 39.39646169127521, "p3": 30.601558852246697, "p4": 2.6954636036876476, "pol1": -0.15961263999773556, "pol2": 0.3581376731308592, "pol3": 0.8372035559550517, "pol4": -0.9991959502172851, "v0s": 7.8605548941863574}, "datetime": {"datetime": "2022-02-03 20:39:08", "elapsed": 6146.895596, "delta": 323.230634}}
{"target": -1.0, "params": {"I": 8.155025980169714, "d1": 0.8951341534332902, "d2": -0.5811355961037878, "d3": 0.31538323192277185, "d4": -0.7011539811675909, "p1": 31.40380991536752, "p2": 14.278814084784697, "p3": 29.341667032804146, "p4": 37.501088185133, "pol1": 0.7166276728580847, "pol2": 0.5101643769353603, "pol3": 0.396114496894606, "pol4": 0.7289588601091996, "v0s": 3.9360859810204785}, "datetime": {"datetime": "2022-02-03 20:44:19", "elapsed": 6457.484498, "delta": 310.588902}}
{"target": -1.0, "params": {"I": 13.744987024964157, "d1": -1.1965042543466033, "d2": -1.471588991873931, "d3": -1.3567546003112576, "d4": -1.3940816661218376, "p1": 15.869197297913844, "p2": 31.095968396015074, "p3": 21.512363541063216, "p4": 48.690103896362615, "pol1": 0.3556017828686222, "pol2": -0.6028602231457783, "pol3": -0.14659798130393442, "pol4": -0.31330752045115395, "v0s": 6.7858328237514}, "datetime": {"datetime": "2022-02-03 20:50:14", "elapsed": 6813.088064, "delta": 355.603566}}
{"target": -1.0, "params": {"I": 17.719967482705204, "d1": 0.6153678233054878, "d2": -0.3491207504989511, "d3": -1.9191669518809689, "d4": -1.990533193981641, "p1": 42.74489713487012, "p2": 26.385732315437334, "p3": 40.1080542002299, "p4": 28.624425859580317, "pol1": 0.46628505057502223, "pol2": 0.03802325492811165, "pol3": 0.541767821003776, "pol4": 0.1377159814094311, "v0s": 4.794259271551885}, "datetime": {"datetime": "2022-02-03 20:56:15", "elapsed": 7174.112778, "delta": 361.024714}}
{"target": -1.0, "params": {"I": 7.511089251112354, "d1": -2.7271626063331835, "d2": -1.4883032826876006, "d3": -2.6814956892069906, "d4": 0.93126845492178, "p1": 9.080642566538188, "p2": 40.59293488602699, "p3": 43.748082247794905, "p4": 34.42066261929717, "pol1": 0.13898882549075142, "pol2": -0.6780571263687825, "pol3": -0.06623995447338737, "pol4": -0.30965589768957, "v0s": 3.3502397468845073}, "datetime": {"datetime": "2022-02-03 21:01:51", "elapsed": 7509.764474, "delta": 335.651696}}
{"target": -1.0, "params": {"I": 12.257725506550138, "d1": -1.7509206491923321, "d2": 0.665222213873403, "d3": 0.6385420998062283, "d4": -1.9715268248712152, "p1": 5.54456503720146, "p2": 9.648136600955642, "p3": 24.979208533944302, "p4": 36.42928339872981, "pol1": -0.583611123182417, "pol2": -0.5039328832455385, "pol3": 0.703343749872734, "pol4": -0.16830256346494532, "v0s": 5.700110402931417}, "datetime": {"datetime": "2022-02-03 21:07:12", "elapsed": 7831.004646, "delta": 321.240172}}
{"target": 2.133982567950837, "params": {"I": 5.439656645545751, "d1": -2.5921309622968103, "d2": -0.9365719321258807, "d3": -1.0914360518008706, "d4": -2.389313423627347, "p1": 31.090311587020775, "p2": 27.200505940696907, "p3": 32.706867348537216, "p4": 7.22727700623299, "pol1": 0.5030556342704877, "pol2": -0.5559017204001546, "pol3": 0.038703648732066, "pol4": 0.5705920564432378, "v0s": 2.133982567950837}, "datetime": {"datetime": "2022-02-03 21:11:00", "elapsed": 8058.948313, "delta": 227.943667}}
{"target": -1.0, "params": {"I": 7.162886734797543, "d1": 0.4916895056004442, "d2": 0.37883843040827836, "d3": -0.8462376296218252, "d4": 0.4664330966660519, "p1": 47.490299567681326, "p2": 41.32034988146707, "p3": 42.70577219182694, "p4": 4.937170091017418, "pol1": 0.3026086646819821, "pol2": 0.4070339763053059, "pol3": 0.22048162529325932, "pol4": 0.5992305234720561, "v0s": 2.2074273192298053}, "datetime": {"datetime": "2022-02-03 21:15:55", "elapsed": 8353.572742, "delta": 294.624429}}
{"target": -1.0, "params": {"I": 15.63453595654462, "d1": -0.07308559704189221, "d2": -1.9612064268065876, "d3": -1.9717228047114133, "d4": -0.4707867302794888, "p1": 17.26487307955408, "p2": 39.82943390036438, "p3": 22.307311600172863, "p4": 39.137470739208595, "pol1": 0.9809435672476814, "pol2": -0.39950332093219987, "pol3": -0.7139883434838012, "pol4": 0.8026168726985476, "v0s": 5.249356273324239}, "datetime": {"datetime": "2022-02-03 21:22:24", "elapsed": 8742.74312, "delta": 389.170378}}
{"target": -1.0, "params": {"I": 19.520067046246563, "d1": -0.4535823999924111, "d2": 0.9756520984419157, "d3": -0.8157167834281935, "d4": -0.8942962643779149, "p1": 6.771395153608495, "p2": 17.785258549194054, "p3": 1.3109283648186643, "p4": 8.019758975982455, "pol1": 0.49127438541499213, "pol2": -0.9392006201424223, "pol3": -0.2669138055125113, "pol4": 0.7246925056760882, "v0s": 6.156066305044126}, "datetime": {"datetime": "2022-02-03 21:28:49", "elapsed": 9127.565358, "delta": 384.822238}}
{"target": -1.0, "params": {"I": 14.127900699257202, "d1": -2.2454527961787565, "d2": -1.2323828770063066, "d3": -0.6736903706228352, "d4": 0.959006830654821, "p1": 10.195311261656093, "p2": 12.386645088117742, "p3": 13.108654188645597, "p4": 37.50862066489964, "pol1": -0.0860493451286144, "pol2": -0.88614112317781, "pol3": 0.01703248122047918, "pol4": -0.5760796707126481, "v0s": 6.791625468561261}, "datetime": {"datetime": "2022-02-03 21:33:56", "elapsed": 9434.876862, "delta": 307.311504}}
{"target": -1.0, "params": {"I": 6.649296248638173, "d1": -2.8895759521819855, "d2": -0.6262702021415159, "d3": 0.3753617157247553, "d4": -1.4759355037511432, "p1": 37.49291553630717, "p2": 25.55707391485641, "p3": 27.047590248109433, "p4": 47.97171605308762, "pol1": 0.6079217829972936, "pol2": -0.935353866752852, "pol3": 0.4187745024625902, "pol4": -0.06999703687298786, "v0s": 7.685293648370599}, "datetime": {"datetime": "2022-02-03 21:38:35", "elapsed": 9713.692964, "delta": 278.816102}}
{"target": -1.0, "params": {"I": 5.207221952146278, "d1": -1.9317119212625369, "d2": -2.674104140490952, "d3": -1.2855246853448539, "d4": -2.563924943923727, "p1": 31.68933803059589, "p2": 40.14816186868689, "p3": 34.84002480600893, "p4": 38.31056905378853, "pol1": -0.3150917603129604, "pol2": 0.6917029660553553, "pol3": -0.1424624500011149, "pol4": 0.6480197408246375, "v0s": 5.758976951745763}, "datetime": {"datetime": "2022-02-03 21:46:01", "elapsed": 10159.636163, "delta": 445.943199}}
{"target": -1.0, "params": {"I": 3.7250379247346532, "d1": -2.686452400580208, "d2": -2.926669428347971, "d3": -2.733100009442574, "d4": -1.1656647451662727, "p1": 5.667096138379524, "p2": 1.3891674424334977, "p3": 37.74307406952337, "p4": 19.742524023031972, "pol1": 0.49387699121505024, "pol2": -0.0951903465070969, "pol3": -0.09982650599847775, "pol4": -0.04385498656433806, "v0s": 4.844023559373165}, "datetime": {"datetime": "2022-02-03 21:54:41", "elapsed": 10680.063299, "delta": 520.427136}}
{"target": -1.0, "params": {"I": 4.532052881586346, "d1": -1.1462710498943123, "d2": 0.3249484315280977, "d3": -1.0023416181641984, "d4": 0.7516718352333953, "p1": 41.438883225368514, "p2": 15.828285713501945, "p3": 16.181738887127423, "p4": 35.063395593430336, "pol1": -0.9295478438313143, "pol2": 0.9085741708839397, "pol3": -0.8652370298845877, "pol4": -0.11326039293939116, "v0s": 3.5635201204414373}, "datetime": {"datetime": "2022-02-03 21:58:54", "elapsed": 10932.851573, "delta": 252.788274}}
{"target": -1.0, "params": {"I": 9.897112730250864, "d1": -2.8932535578044485, "d2": -2.7961802256128223, "d3": -2.835122553393059, "d4": -2.833118875593379, "p1": 6.404898513060569, "p2": 8.324238481889147, "p3": 36.959216049333406, "p4": 26.62244058221297, "pol1": 0.9418477626566191, "pol2": -0.9864202339564205, "pol3": 0.3514721951715136, "pol4": -0.8531672455747747, "v0s": 3.157387146789235}, "datetime": {"datetime": "2022-02-03 22:05:09", "elapsed": 11308.044496, "delta": 375.192923}}
{"target": -1.0, "params": {"I": 8.166575796652278, "d1": -0.051689698010956686, "d2": -2.3595233163187697, "d3": -2.7547446642429834, "d4": -1.4633805906141282, "p1": 24.502894181279782, "p2": 49.77889511046413, "p3": 17.528519004222904, "p4": 12.928979965875815, "pol1": -0.025931574669139756, "pol2": -0.6856908295033335, "pol3": -0.5136740578744519, "pol4": 0.7634903983695729, "v0s": 4.536443704059472}, "datetime": {"datetime": "2022-02-03 22:11:14", "elapsed": 11672.477393, "delta": 364.432897}}
{"target": -1.0, "params": {"I": 13.931566499909144, "d1": -0.24725237468915973, "d2": 0.455155911608184, "d3": -1.571070831165442, "d4": -1.1297049712226097, "p1": 44.6272705181715, "p2": 26.854312152488692, "p3": 26.303761308939976, "p4": 47.62786233174079, "pol1": -0.9075082524170108, "pol2": 0.7824925623458088, "pol3": -0.9193828133091844, "pol4": -0.8608974756925103, "v0s": 2.76991111266224}, "datetime": {"datetime": "2022-02-03 22:17:51", "elapsed": 12070.300257, "delta": 397.822864}}
{"target": -1.0, "params": {"I": 6.298658658138383, "d1": -1.4350746063513369, "d2": 0.01672064285922925, "d3": -2.266538798449307, "d4": -2.320036829157699, "p1": 0.8420957437714816, "p2": 15.259612142177447, "p3": 14.007337824033872, "p4": 4.808210428352205, "pol1": 0.9756898103036358, "pol2": -0.24683379185781718, "pol3": 0.7211574459360446, "pol4": -0.6481269767312055, "v0s": 4.481280037282845}, "datetime": {"datetime": "2022-02-03 22:23:59", "elapsed": 12438.111582, "delta": 367.811325}}
{"target": -1.0, "params": {"I": 2.1688467608508692, "d1": -0.8464397520245561, "d2": -1.03958965137662, "d3": -2.899003866168854, "d4": -2.3996737022777355, "p1": 40.0842241502584, "p2": 6.334156421932679, "p3": 48.58509626737149, "p4": 6.8327805467294835, "pol1": 0.6556727872645669, "pol2": 0.8372224496551093, "pol3": 0.3789439334721887, "pol4": -0.6369212904723613, "v0s": 7.261193095887267}, "datetime": {"datetime": "2022-02-03 22:26:56", "elapsed": 12615.121117, "delta": 177.009535}}
{"target": -1.0, "params": {"I": 12.414027539551967, "d1": -2.7175411236415834, "d2": -1.9385874463494122, "d3": -1.8132846919220915, "d4": -2.1396331392500887, "p1": 25.335296651532126, "p2": 14.742411933419259, "p3": 6.7571566428658745, "p4": 29.47546680595494, "pol1": -0.285494349463862, "pol2": 0.47658308259212423, "pol3": -0.7807857500457591, "pol4": 0.40747541617209815, "v0s": 3.4641505922287736}, "datetime": {"datetime": "2022-02-03 22:48:54", "elapsed": 13932.880207, "delta": 1317.75909}}
{"target": -1.0, "params": {"I": 6.421429717552891, "d1": 0.7699584309472507, "d2": -2.547895675053168, "d3": -1.2033946870716452, "d4": -2.640013932994597, "p1": 29.08975069955309, "p2": 6.47145652364487, "p3": 17.909031971045746, "p4": 15.051443158422828, "pol1": 0.15153139919946912, "pol2": -0.15757443103554825, "pol3": -0.6646041105498204, "pol4": 0.24929374691364692, "v0s": 6.001459587845922}, "datetime": {"datetime": "2022-02-03 22:54:40", "elapsed": 14278.849072, "delta": 345.968865}}
{"target": -1.0, "params": {"I": 17.565894837769726, "d1": -0.05412539088415391, "d2": -1.7434391602991286, "d3": -2.991357900528514, "d4": -1.452631699731946, "p1": 7.878970461695845, "p2": 32.710680146756424, "p3": 8.949114342468361, "p4": 47.0782502120043, "pol1": 0.20428021075529723, "pol2": 0.3498461264922752, "pol3": 0.7882304190803853, "pol4": 0.3454957076725109, "v0s": 4.552555848505207}, "datetime": {"datetime": "2022-02-03 23:00:24", "elapsed": 14622.848789, "delta": 343.999717}}
{"target": -1.0, "params": {"I": 14.418881834500183, "d1": 0.9162861295112465, "d2": 0.29321398894766837, "d3": -1.2845736052201624, "d4": -1.7056816459702286, "p1": 41.91693110431418, "p2": 12.233710726353653, "p3": 15.274268075757014, "p4": 43.058739707075624, "pol1": -0.1711171192492731, "pol2": -0.46381321945957255, "pol3": 0.20664219149177732, "pol4": -0.2552514271422255, "v0s": 2.509886966263222}, "datetime": {"datetime": "2022-02-03 23:06:13", "elapsed": 14971.693844, "delta": 348.845055}}
{"target": -1.0, "params": {"I": 5.431036044551412, "d1": -2.1248197623229728, "d2": 0.985526064698389, "d3": -0.30988092118742605, "d4": -2.011939265802353, "p1": 44.53682620257131, "p2": 1.6016896422870075, "p3": 41.01752188471847, "p4": 4.3393806215289485, "pol1": -0.7645986153787587, "pol2": -0.6627069101117924, "pol3": -0.1530292464744536, "pol4": 0.8951832467154177, "v0s": 6.53087713561192}, "datetime": {"datetime": "2022-02-03 23:10:53", "elapsed": 15251.479824, "delta": 279.78598}}
{"target": -1.0, "params": {"I": 12.330943248850957, "d1": -2.3835077721219564, "d2": 0.8823571974831141, "d3": -0.3256581840485806, "d4": -0.5139255632238817, "p1": 9.60068023496397, "p2": 25.980303197946924, "p3": 47.46796866279525, "p4": 21.83702232441005, "pol1": -0.3232060141489477, "pol2": 0.8837534972567025, "pol3": -0.7101752274694701, "pol4": -0.9038821384459426, "v0s": 3.5132959085966657}, "datetime": {"datetime": "2022-02-03 23:17:40", "elapsed": 15658.609523, "delta": 407.129699}}
{"target": -1.0, "params": {"I": 16.527307032638397, "d1": -0.46372529281641794, "d2": 0.46000528406525953, "d3": -1.5995052091676558, "d4": -2.7678763552596912, "p1": 4.826035543462631, "p2": 2.017550900725623, "p3": 17.968667140686982, "p4": 4.016822220725724, "pol1": 0.37908356453083014, "pol2": 0.5264656730945283, "pol3": 0.066299256182478, "pol4": -0.7239007114419898, "v0s": 4.419999126419177}, "datetime": {"datetime": "2022-02-03 23:24:51", "elapsed": 16090.237487, "delta": 431.627964}}
{"target": -1.0, "params": {"I": 13.596830169094101, "d1": -1.0266263663184607, "d2": 0.3877442319609723, "d3": -1.9288137475743445, "d4": -0.11362431571625153, "p1": 31.939023240628174, "p2": 38.85019332202718, "p3": 11.996284031953003, "p4": 46.42982042188266, "pol1": 0.306620274202023, "pol2": 0.1476748815291269, "pol3": -0.09761322052405874, "pol4": 0.7534063022922783, "v0s": 5.71524645296113}, "datetime": {"datetime": "2022-02-03 23:30:08", "elapsed": 16406.685101, "delta": 316.447614}}
