{"target": -1.0, "params": {"Bgrad": 1.1299223816028936, "d1": -0.5888529510308156, "d2": -0.12264493111569807, "d3": 0.42920133380492276, "d4": -0.2755541181663612, "p1": 11.849103223584917, "p2": 46.286026766813, "p3": 39.059770033788304, "p4": 15.369074021392215, "pol1": -0.3900687167158736, "pol2": 0.7623366368578093, "pol3": -0.747843039205603, "pol4": 0.26692166847145127, "v0s": 3.666276394840545}, "datetime": {"datetime": "2022-06-13 02:53:07", "elapsed": 3034.641916, "delta": 9.689103}}
{"target": -1.0, "params": {"Bgrad": 1.7490519888068699, "d1": -1.3262288525891233, "d2": -2.862553457446704, "d3": -0.1896392023912452, "d4": -1.9821071934806214, "p1": 33.76571034455908, "p2": 45.911130815148965, "p3": 15.660262426448273, "p4": 6.552465839556554, "pol1": -0.3274060941231389, "pol2": -0.663582238451512, "pol3": -0.30943830774370196, "pol4": 0.7194282323835548, "v0s": 3.7282849795794233}, "datetime": {"datetime": "2022-06-13 02:53:18", "elapsed": 3045.971633, "delta": 11.329717}}
{"target": 2.2429703323728236, "params": {"Bgrad": 1.5860687678774676, "d1": -1.244025283853666, "d2": -1.8369444914558457, "d3": 0.24085220888266567, "d4": 0.18011907518192372, "p1": 10.040024677270342, "p2": 24.188728646502017, "p3": 13.295098268743178, "p4": 12.889986431316169, "pol1": 0.07606993074345159, "pol2": -0.7313556169405715, "pol3": 0.11245578597641614, "pol4": 0.4028253131008097, "v0s": 2.2429703323728236}, "datetime": {"datetime": "2022-06-13 02:53:25", "elapsed": 3052.455303, "delta": 6.48367}}
{"target": 3.2347577757534944, "params": {"Bgrad": 0.7638240189814323, "d1": 0.06966052968365899, "d2": -1.2356677533267795, "d3": -0.8825217624768267, "d4": -1.5233482223299069, "p1": 28.15849601764065, "p2": 11.65980632109585, "p3": 14.4459536426295, "p4": 4.894705876028111, "pol1": -0.39845658616605073, "pol2": -0.5708387991876669, "pol3": 0.3902875248330475, "pol4": -0.28679024136180686, "v0s": 3.2347577757534944}, "datetime": {"datetime": "2022-06-13 02:53:29", "elapsed": 3056.200293, "delta": 3.74499}}
{"target": -1.0, "params": {"Bgrad": 0.9572625315922636, "d1": -0.04379838476462927, "d2": -0.003052280629145976, "d3": -2.442453088258794, "d4": 0.5138923779122244, "p1": 10.083419877526833, "p2": 37.90961476360807, "p3": 24.252798760400285, "p4": 23.14191712595904, "pol1": 0.4453889257185619, "pol2": -0.38724479322200933, "pol3": -0.0003429246411457143, "pol4": -0.2825913881091697, "v0s": 3.189187505733466}, "datetime": {"datetime": "2022-06-13 02:53:39", "elapsed": 3066.732144, "delta": 10.531851}}
{"target": -1.0, "params": {"Bgrad": 0.5708038709501142, "d1": -1.467079882503251, "d2": -0.5696527887356555, "d3": -2.9440008027726114, "d4": -0.8991953531905472, "p1": 1.2140833275405882, "p2": 42.10008346572175, "p3": 18.29839772133688, "p4": 44.24768369103979, "pol1": 0.8898294306847003, "pol2": 0.6844863895912701, "pol3": 0.814260001745462, "pol4": -0.9674040820676109, "v0s": 6.094479485340403}, "datetime": {"datetime": "2022-06-13 02:53:47", "elapsed": 3074.467469, "delta": 7.735325}}
{"target": -1.0, "params": {"Bgrad": 0.7269459279428072, "d1": 0.9696061298334393, "d2": -0.47453529492052615, "d3": -0.32768245971082743, "d4": -0.18535598436295553, "p1": 22.26773129466006, "p2": 31.376385075593866, "p3": 4.953364862905668, "p4": 14.859571408947614, "pol1": 0.9275158782463215, "pol2": -0.514956560759041, "pol3": -0.1071489668849217, "pol4": 0.1932535322929505, "v0s": 6.437465124949919}, "datetime": {"datetime": "2022-06-13 02:53:54", "elapsed": 3081.225406, "delta": 6.757937}}
{"target": -1.0, "params": {"Bgrad": 1.3591633351379602, "d1": -0.7334240330091277, "d2": 0.7438633347139447, "d3": -0.18981242479730476, "d4": -1.3022338331810794, "p1": 39.38065915075692, "p2": 27.98335485470753, "p3": 18.125930727997343, "p4": 37.94535776857271, "pol1": -0.6429233520369035, "pol2": -0.8174587578805654, "pol3": 0.3022164744017435, "pol4": 0.4393174693656945, "v0s": 7.336039304889914}, "datetime": {"datetime": "2022-06-13 02:54:07", "elapsed": 3094.124927, "delta": 12.899521}}
{"target": -1.0, "params": {"Bgrad": 1.2544046817206365, "d1": -1.738077551660811, "d2": -1.5439006503771848, "d3": 0.896109208667144, "d4": 0.5543222721877927, "p1": 14.708028371879534, "p2": 12.41789519201973, "p3": 12.760512875637946, "p4": 45.316378196048234, "pol1": 0.9592154450176855, "pol2": 0.5423934362833243, "pol3": 0.10545402707240048, "pol4": -0.4040580198067827, "v0s": 7.785849162135945}, "datetime": {"datetime": "2022-06-13 02:54:18", "elapsed": 3105.525456, "delta": 11.400529}}
{"target": -1.0, "params": {"Bgrad": 1.5944807635569744, "d1": 0.5232317167147165, "d2": 0.7695895696211474, "d3": -0.8429448485368796, "d4": -1.2191263302347384, "p1": 0.6516268573761197, "p2": 34.29783752473347, "p3": 40.289230078250235, "p4": 34.07257929084297, "pol1": -0.9858091366280042, "pol2": 0.19532904033366338, "pol3": 0.44200783686359646, "pol4": -0.4050538027357309, "v0s": 6.08112421652973}, "datetime": {"datetime": "2022-06-13 02:54:31", "elapsed": 3118.325244, "delta": 12.799788}}
{"target": -1.0, "params": {"Bgrad": 0.9436284988454808, "d1": -0.7395862338146997, "d2": 0.9282917864812403, "d3": -0.5255610848593806, "d4": 0.9510641624761269, "p1": 45.43282039036475, "p2": 39.53634728459187, "p3": 45.341274538339874, "p4": 15.605116495580956, "pol1": -0.3301752104604909, "pol2": -0.5241901697238287, "pol3": -0.38861882357476696, "pol4": 0.7455077687409446, "v0s": 7.514539796424802}, "datetime": {"datetime": "2022-06-13 02:54:40", "elapsed": 3128.017339, "delta": 9.692095}}
{"target": 2.1997297228332293, "params": {"Bgrad": 1.4838554282390546, "d1": -2.804656531455894, "d2": 0.9582942212486749, "d3": -0.20897116630822543, "d4": -1.2556707160955969, "p1": 42.95703318903757, "p2": 14.084904271343458, "p3": 3.463183703919243, "p4": 34.65776190145136, "pol1": 0.07567197589611796, "pol2": -0.9643451925359849, "pol3": 0.820937238353175, "pol4": -0.4964079491437039, "v0s": 2.1997297228332293}, "datetime": {"datetime": "2022-06-13 02:54:49", "elapsed": 3137.004318, "delta": 8.986979}}
{"target": 2.027602018022499, "params": {"Bgrad": 1.9330404632366005, "d1": -2.2905840483268456, "d2": -1.7171134777700408, "d3": -1.7055871843432637, "d4": -2.530807271182503, "p1": 31.682728944295263, "p2": 37.830958641540654, "p3": 21.204386241013097, "p4": 9.738439612895766, "pol1": -0.5153230140450573, "pol2": 0.21285133195326256, "pol3": -0.3122384912026279, "pol4": 0.27141236832620774, "v0s": 2.027602018022499}, "datetime": {"datetime": "2022-06-13 02:54:54", "elapsed": 3141.591059, "delta": 4.586741}}
{"target": 4.115602478948887, "params": {"Bgrad": 0.6933382785554647, "d1": -1.4754763070245733, "d2": 0.349119006163189, "d3": -1.171600883907817, "d4": -2.446862087618565, "p1": 45.97494347230955, "p2": 34.485450526598996, "p3": 39.33916084120095, "p4": 4.165483157694888, "pol1": 0.8583868615084937, "pol2": 0.0786613291791034, "pol3": -0.903693075696089, "pol4": 0.4284322956215669, "v0s": 4.115602478948887}, "datetime": {"datetime": "2022-06-13 02:54:57", "elapsed": 3144.704736, "delta": 3.113677}}
{"target": 2.235957552715151, "params": {"Bgrad": 1.8639695219085002, "d1": 0.18784725979514993, "d2": -1.8095887389913359, "d3": -1.794059138515384, "d4": -2.350323638630124, "p1": 2.529176082329304, "p2": 31.269458356051544, "p3": 25.36083442598585, "p4": 21.508285120133653, "pol1": -0.5135029727963714, "pol2": 0.8583863997271037, "pol3": -0.3917682897199797, "pol4": 0.27979927086238865, "v0s": 2.235957552715151}, "datetime": {"datetime": "2022-06-13 02:55:04", "elapsed": 3151.339005, "delta": 6.634269}}
{"target": -1.0, "params": {"Bgrad": 0.7767977627227124, "d1": -1.0651093381365548, "d2": -2.10950221079892, "d3": -0.35916981734691733, "d4": -1.9663830024223632, "p1": 41.66076665947016, "p2": 40.933382862759686, "p3": 9.966609021836293, "p4": 16.55137368680002, "pol1": 0.6010224917603721, "pol2": 0.30591407170228546, "pol3": 0.020857639531167482, "pol4": -0.8358905935985959, "v0s": 6.223750075801257}, "datetime": {"datetime": "2022-06-13 02:55:10", "elapsed": 3157.997207, "delta": 6.658202}}
{"target": -1.0, "params": {"Bgrad": 0.9496071165344893, "d1": -1.557111250843556, "d2": 0.9545044389449107, "d3": -2.1257824281333844, "d4": 0.2801063090587337, "p1": 44.33190993993023, "p2": 14.882570542730928, "p3": 39.38650259841003, "p4": 33.33470169169242, "pol1": -0.12603221464788228, "pol2": -0.9051261778471873, "pol3": 0.06882102057709938, "pol4": -0.32177129796453463, "v0s": 2.7123626030589563}, "datetime": {"datetime": "2022-06-13 02:55:20", "elapsed": 3167.672347, "delta": 9.67514}}
{"target": -1.0, "params": {"Bgrad": 1.4254586937227258, "d1": 0.48865900487178315, "d2": -0.03283712101107161, "d3": -1.3512517264453403, "d4": -1.099585474847875, "p1": 15.853157791439443, "p2": 5.671060686126711, "p3": 12.049808141582524, "p4": 22.608551819293766, "pol1": -0.6376006967794416, "pol2": -0.1010052492334883, "pol3": 0.15165724247265988, "pol4": 0.47055174989748516, "v0s": 3.667774413960843}, "datetime": {"datetime": "2022-06-13 02:55:35", "elapsed": 3182.150649, "delta": 14.478302}}
{"target": -1.0, "params": {"Bgrad": 1.8230469169835206, "d1": 0.7296240622693584, "d2": -1.0637711917546513, "d3": 0.2119043482830616, "d4": 0.5380389268981638, "p1": 25.403616148724655, "p2": 10.157161744612548, "p3": 21.356160357576336, "p4": 28.960252966419837, "pol1": 0.4357750068280817, "pol2": -0.11669138366925336, "pol3": 0.8025862877385013, "pol4": -0.4396262157099031, "v0s": 6.249825357651023}, "datetime": {"datetime": "2022-06-13 02:55:46", "elapsed": 3193.418533, "delta": 11.267884}}
{"target": -1.0, "params": {"Bgrad": 0.656092705543808, "d1": -2.342005526929945, "d2": -0.6475705326556596, "d3": -2.1289507330733537, "d4": -0.16476307816457147, "p1": 16.478373418476938, "p2": 4.970983929588368, "p3": 40.023817831203324, "p4": 33.08779896059957, "pol1": -0.04335662246115479, "pol2": 0.3366592462685245, "pol3": 0.8740834907465769, "pol4": 0.19361922677925247, "v0s": 5.761614983061673}, "datetime": {"datetime": "2022-06-13 02:55:53", "elapsed": 3200.510577, "delta": 7.092044}}
{"target": 2.124655966875121, "params": {"Bgrad": 1.1840632330203835, "d1": -1.8166744670327502, "d2": -2.3590008486488165, "d3": -0.8136166147430397, "d4": -1.9889649230123378, "p1": 25.406291229537015, "p2": 47.03887498244236, "p3": 26.045310884606632, "p4": 42.27837386314008, "pol1": -0.37022787598071005, "pol2": -0.1903062164299827, "pol3": -0.4454122461360852, "pol4": 0.49904841107668774, "v0s": 2.124655966875121}, "datetime": {"datetime": "2022-06-13 02:55:59", "elapsed": 3206.626231, "delta": 6.115654}}
{"target": -1.0, "params": {"Bgrad": 0.6588965096677849, "d1": 0.39803928350196305, "d2": -0.6601646258128882, "d3": -1.2658250450134445, "d4": 0.42717745129145657, "p1": 26.197339531693654, "p2": 16.811013039337368, "p3": 0.27547231406957473, "p4": 11.062109214654292, "pol1": 0.4021300446916205, "pol2": -0.12081987484293011, "pol3": 0.8763034457771928, "pol4": 0.30133536119521454, "v0s": 4.062552169921608}, "datetime": {"datetime": "2022-06-13 02:56:06", "elapsed": 3213.76914, "delta": 7.142909}}
{"target": -1.0, "params": {"Bgrad": 1.5215747144264302, "d1": -0.7702934249034485, "d2": -1.658393929914462, "d3": -1.5230709708885866, "d4": -1.3340565110621578, "p1": 40.781309173803926, "p2": 19.07333623491287, "p3": 10.543868169032361, "p4": 28.184252788682457, "pol1": 0.4341064347259336, "pol2": 0.01754721330702269, "pol3": -0.5057964536171002, "pol4": 0.8745176324353192, "v0s": 7.619443749176579}, "datetime": {"datetime": "2022-06-13 02:56:16", "elapsed": 3224.024727, "delta": 10.255587}}
{"target": -1.0, "params": {"Bgrad": 1.5212422468113598, "d1": -1.1630375073552481, "d2": 0.6765108997418809, "d3": -0.1076818528410004, "d4": -0.8627122322124485, "p1": 2.212618943922723, "p2": 46.36603213968245, "p3": 48.03999481995213, "p4": 41.866763051036955, "pol1": 0.41357087055399244, "pol2": -0.09392081746454095, "pol3": -0.4415289453048441, "pol4": 0.09815528851873312, "v0s": 6.115301282963116}, "datetime": {"datetime": "2022-06-13 02:56:31", "elapsed": 3238.281621, "delta": 14.256894}}
{"target": -1.0, "params": {"Bgrad": 0.5441781901601015, "d1": -1.5276617082708142, "d2": -1.9693066807184194, "d3": -2.580326287095949, "d4": 0.02607330489779036, "p1": 17.70386000962516, "p2": 30.62056869547593, "p3": 30.81395990300251, "p4": 47.185471720391796, "pol1": -0.5586136724108244, "pol2": -0.44475000548893884, "pol3": -0.3680511287295909, "pol4": -0.5554898773728632, "v0s": 6.353346311874418}, "datetime": {"datetime": "2022-06-13 02:56:37", "elapsed": 3244.820145, "delta": 6.538524}}
{"target": 2.130798713685588, "params": {"Bgrad": 0.8953134567411258, "d1": -2.8461005916852256, "d2": -1.7163998486188174, "d3": -1.0580256931096694, "d4": -2.8147091724621345, "p1": 2.0768461802418092, "p2": 18.29752757252827, "p3": 41.0832804672395, "p4": 41.97301402483837, "pol1": 0.647982584590812, "pol2": -0.4947469168222005, "pol3": -0.9261384094683935, "pol4": 0.7992038948078597, "v0s": 2.130798713685588}, "datetime": {"datetime": "2022-06-13 02:56:43", "elapsed": 3250.998631, "delta": 6.178486}}
{"target": -1.0, "params": {"Bgrad": 1.8121197539651939, "d1": 0.902757248447493, "d2": -1.555572908059537, "d3": 0.8942789336324237, "d4": 0.3724583698901105, "p1": 19.466918481619295, "p2": 36.58766042509335, "p3": 26.65610028204463, "p4": 16.833303198818978, "pol1": 0.2004476017346284, "pol2": 0.06823685711738059, "pol3": -0.5686980981459895, "pol4": -0.4104394668712903, "v0s": 6.563598385993743}, "datetime": {"datetime": "2022-06-13 02:56:55", "elapsed": 3262.46997, "delta": 11.471339}}
{"target": -1.0, "params": {"Bgrad": 0.6509527148673193, "d1": -1.8612295921602082, "d2": -0.9272857420006697, "d3": -0.18988650986941202, "d4": 0.8177181044100639, "p1": 10.813479436756374, "p2": 47.30664689426231, "p3": 4.90703607931256, "p4": 30.346369968776187, "pol1": 0.4508950940291272, "pol2": 0.7460498084077183, "pol3": -0.4931574954393405, "pol4": -0.13833713579020457, "v0s": 2.6334515614684118}, "datetime": {"datetime": "2022-06-13 02:57:03", "elapsed": 3270.617193, "delta": 8.147223}}
{"target": 2.2209003482399137, "params": {"Bgrad": 1.6557642792141887, "d1": -0.5203242195951137, "d2": -2.3741333451244744, "d3": -1.718174894384433, "d4": 0.8001161455993966, "p1": 2.9779200657415017, "p2": 30.914296886568792, "p3": 0.03799854813977266, "p4": 23.8927382160667, "pol1": 0.8436576976136005, "pol2": 0.6948401920647542, "pol3": -0.7486719886717175, "pol4": 0.5784186879531072, "v0s": 2.2209003482399137}, "datetime": {"datetime": "2022-06-13 02:57:10", "elapsed": 3277.822935, "delta": 7.205742}}
{"target": -1.0, "params": {"Bgrad": 0.6043751316925116, "d1": -1.5046376533907408, "d2": -0.3367180660899467, "d3": -2.462455167744612, "d4": -0.4246482381084924, "p1": 1.1706528529365934, "p2": 31.386758183085462, "p3": 43.29391174721852, "p4": 2.161631706924333, "pol1": 0.7381651319967248, "pol2": -0.4261067135984087, "pol3": 0.20201326835630895, "pol4": 0.9878709975789146, "v0s": 2.135329676251831}, "datetime": {"datetime": "2022-06-13 02:57:16", "elapsed": 3283.326225, "delta": 5.50329}}
{"target": -1.0, "params": {"Bgrad": 1.9233464256508155, "d1": -2.363665133780239, "d2": 0.11116617839509946, "d3": 0.6832117642927602, "d4": -1.683262053063006, "p1": 30.70981412617826, "p2": 48.812022330612834, "p3": 26.41635644110269, "p4": 39.11759554824588, "pol1": 0.18922255621822837, "pol2": 0.8238076372170069, "pol3": -0.05369066372034026, "pol4": -0.5260402397009667, "v0s": 6.905181497566875}, "datetime": {"datetime": "2022-06-13 02:57:29", "elapsed": 3296.448152, "delta": 13.121927}}
{"target": 4.321012572732742, "params": {"Bgrad": 1.9358809614167407, "d1": -1.124089471666152, "d2": 0.20818397853119652, "d3": -2.0549226042667494, "d4": -2.921477428734866, "p1": 0.7998015442758244, "p2": 27.53926884737735, "p3": 10.91961937153152, "p4": 14.927552403610072, "pol1": -0.6265261260742767, "pol2": 0.8182002759999578, "pol3": 0.5429470873555415, "pol4": 0.0974394288556415, "v0s": 4.321012572732742}, "datetime": {"datetime": "2022-06-13 02:57:37", "elapsed": 3304.452757, "delta": 8.004605}}
{"target": 3.6639761366011023, "params": {"Bgrad": 1.5278890490712163, "d1": 0.8287149486502265, "d2": -0.3013418922623825, "d3": -1.9023552017203498, "d4": -2.280882146284574, "p1": 49.33954379113043, "p2": 17.58571391489253, "p3": 25.882494098869298, "p4": 14.239062658628631, "pol1": -0.22671712582629544, "pol2": 0.6458717420666218, "pol3": -0.6771569812937339, "pol4": 0.03692927760010889, "v0s": 3.6639761366011023}, "datetime": {"datetime": "2022-06-13 02:57:43", "elapsed": 3310.762891, "delta": 6.310134}}
{"target": -1.0, "params": {"Bgrad": 1.5967486369568875, "d1": -1.8201850345297315, "d2": -1.09115332103528, "d3": 0.6211657938582973, "d4": -2.654759501056432, "p1": 29.914705391944953, "p2": 1.448819433827525, "p3": 37.34951280729265, "p4": 4.567869185515372, "pol1": -0.6447796971693067, "pol2": 0.6548799519899704, "pol3": 0.34046443186434305, "pol4": -0.7940587975655737, "v0s": 3.3295532530450918}, "datetime": {"datetime": "2022-06-13 02:59:05", "elapsed": 3392.497428, "delta": 81.734537}}
{"target": 2.9337650682681895, "params": {"Bgrad": 1.8305168221955783, "d1": -0.582651284004962, "d2": -2.479396141800643, "d3": -1.3200176185306627, "d4": -2.3062126861859693, "p1": 13.377930422344587, "p2": 23.746860754047074, "p3": 1.0565031920568735, "p4": 39.919093734772765, "pol1": 0.6478213139544347, "pol2": 0.20431996911799, "pol3": -0.8127253009148252, "pol4": 0.21178826445446908, "v0s": 2.9337650682681895}, "datetime": {"datetime": "2022-06-13 02:59:10", "elapsed": 3397.826185, "delta": 5.328757}}
{"target": -1.0, "params": {"Bgrad": 0.5690042859759339, "d1": -2.3936044845897824, "d2": -2.728087243975828, "d3": -0.17455241744271932, "d4": 0.3096752541051968, "p1": 10.08385249785248, "p2": 6.378492262787189, "p3": 26.964791173885178, "p4": 24.989312861330948, "pol1": 0.8696662207866923, "pol2": 0.7375574747818108, "pol3": -0.7351569199663799, "pol4": 0.7861939719039546, "v0s": 4.995603699497256}, "datetime": {"datetime": "2022-06-13 02:59:17", "elapsed": 3404.8544, "delta": 7.028215}}
{"target": -1.0, "params": {"Bgrad": 1.8417423207910364, "d1": 0.8323337614980124, "d2": -1.1731957149506402, "d3": 0.977596842706955, "d4": 0.3523329056617537, "p1": 19.494200779680742, "p2": 10.058416787797892, "p3": 10.145174866617618, "p4": 14.690939178502017, "pol1": 0.6636877968486452, "pol2": 0.38198329294554045, "pol3": -0.8224104029332902, "pol4": -0.6663442072053252, "v0s": 2.6904016232692296}, "datetime": {"datetime": "2022-06-13 02:59:29", "elapsed": 3416.566097, "delta": 11.711697}}
{"target": -1.0, "params": {"Bgrad": 1.71550174488177, "d1": 0.6974699246421712, "d2": -1.1285742489496662, "d3": 0.6673704969816305, "d4": 0.07933126621357411, "p1": 21.002390397508442, "p2": 8.771180461227685, "p3": 24.05490798851818, "p4": 21.17618034671182, "pol1": 0.7484909651638703, "pol2": 0.916528125766408, "pol3": -0.08639865303618088, "pol4": -0.42479393378812524, "v0s": 6.940781399586655}, "datetime": {"datetime": "2022-06-13 02:59:41", "elapsed": 3428.273804, "delta": 11.707707}}
{"target": -1.0, "params": {"Bgrad": 0.9013556404891975, "d1": -0.3123613788510098, "d2": -0.7831223588543548, "d3": -2.1668857092022393, "d4": -1.6211485800658476, "p1": 8.62046927733498, "p2": 32.91576884401615, "p3": 17.465131316039155, "p4": 36.28553134502231, "pol1": -0.046797821862413436, "pol2": 0.22409084400879742, "pol3": -0.7988000580156591, "pol4": 0.32939223538838336, "v0s": 3.951262701371343}, "datetime": {"datetime": "2022-06-13 02:59:52", "elapsed": 3439.568616, "delta": 11.294812}}
{"target": -1.0, "params": {"Bgrad": 1.8237271230370644, "d1": 0.9470413947287972, "d2": -2.676256395161258, "d3": -2.326993638251142, "d4": -2.9979940113017003, "p1": 22.01694319881544, "p2": 24.594671565776892, "p3": 25.635736006738103, "p4": 30.98921272158818, "pol1": 0.16082764477149958, "pol2": -0.08736987116522199, "pol3": 0.4331965542778664, "pol4": 0.3582102590232037, "v0s": 7.470628014149618}, "datetime": {"datetime": "2022-06-13 03:00:01", "elapsed": 3448.413973, "delta": 8.845357}}
{"target": -1.0, "params": {"Bgrad": 1.7684189250522384, "d1": -1.3222494620702525, "d2": 0.16571014188195754, "d3": -0.1471972141995077, "d4": -0.2409528814664177, "p1": 15.704019232555888, "p2": 7.971827485820521, "p3": 30.2809091187971, "p4": 20.9872639222299, "pol1": 0.6865793150495896, "pol2": 0.9596516799111876, "pol3": 0.965467775344071, "pol4": -0.5892839951003985, "v0s": 6.370199326022936}, "datetime": {"datetime": "2022-06-13 03:00:12", "elapsed": 3459.359716, "delta": 10.945743}}
{"target": -1.0, "params": {"Bgrad": 1.0453190649359203, "d1": 0.3064499102624567, "d2": 0.07197359834309935, "d3": -2.2247794849224167, "d4": 0.2136022992646951, "p1": 44.817078139292555, "p2": 29.57663557712418, "p3": 13.148038770829086, "p4": 20.944122018242307, "pol1": 0.7350521812190618, "pol2": -0.7851538951355863, "pol3": 0.004279304052009492, "pol4": -0.38532706573684794, "v0s": 6.736257129566155}, "datetime": {"datetime": "2022-06-13 03:00:22", "elapsed": 3469.62827, "delta": 10.268554}}
{"target": -1.0, "params": {"Bgrad": 1.3109289216667221, "d1": -2.1841687894157196, "d2": -1.780509301655862, "d3": -0.4498788606679147, "d4": -0.5813435835880516, "p1": 46.76277203293135, "p2": 29.702419537413792, "p3": 33.345745428208026, "p4": 44.575609248608586, "pol1": -0.11841514198098313, "pol2": -0.7348534902374015, "pol3": 0.2858039986334515, "pol4": 0.48858624331046463, "v0s": 2.591807851395737}, "datetime": {"datetime": "2022-06-13 03:00:31", "elapsed": 3478.350957, "delta": 8.722687}}
