{"target": 2.9507129534735776, "params": {"Bgrad": 1.1566306726069686, "d1": -1.5414440183065228, "d2": -1.8331273727533661, "d3": 0.37981969681562955, "d4": -0.8917619998098054, "p1": 16.04937245642364, "p2": 27.143369214190315, "p3": 34.37918992303452, "p4": 30.78526381011542, "pol1": -0.9548268437042098, "pol2": 0.5379036972078828, "pol3": 0.3599719914295336, "pol4": -0.8212101367994702, "v0s": 2.9507129534735776}, "datetime": {"datetime": "2022-06-15 22:59:12", "elapsed": 248200.024467, "delta": 10.050138}}
{"target": 4.481076929316166, "params": {"Bgrad": 0.9332446940065849, "d1": -2.040193489656453, "d2": 0.45986590645826775, "d3": -1.1273903335474387, "d4": -1.4591218028343538, "p1": 24.30759740600822, "p2": 24.557910784758285, "p3": 9.541503625489883, "p4": 32.99844720890326, "pol1": -0.9571439302002396, "pol2": -0.12622697145090545, "pol3": 0.9674665470886907, "pol4": -0.47401479764321564, "v0s": 4.481076929316166}, "datetime": {"datetime": "2022-06-15 22:59:21", "elapsed": 248208.35919, "delta": 8.334723}}
{"target": -1.0, "params": {"Bgrad": 0.9621428180669238, "d1": -2.2491218386117993, "d2": -1.427422988589793, "d3": -0.6238422485370947, "d4": -2.334465615796111, "p1": 27.821009297900424, "p2": 3.300403615773695, "p3": 20.199691148578513, "p4": 41.73231693171804, "pol1": 0.22187995182991616, "pol2": 0.38793355016840536, "pol3": 0.9663601006614524, "pol4": -0.34013939308075036, "v0s": 2.631205603713539}, "datetime": {"datetime": "2022-06-15 22:59:33", "elapsed": 248220.845815, "delta": 12.486625}}
{"target": -1.0, "params": {"Bgrad": 0.6517073537950224, "d1": 0.5274007925161963, "d2": -1.1059760969985897, "d3": -1.7106569301491614, "d4": -1.4610888639591648, "p1": 2.1588703541293883, "p2": 45.28438638925889, "p3": 46.82380095473516, "p4": 29.878256871558612, "pol1": -0.15680927270203338, "pol2": 0.9638181927363159, "pol3": 0.6954936004400083, "pol4": -0.7147522151482884, "v0s": 4.136617811434653}, "datetime": {"datetime": "2022-06-15 22:59:44", "elapsed": 248231.447479, "delta": 10.601664}}
{"target": -1.0, "params": {"Bgrad": 0.7317870288614499, "d1": -1.7704580646197217, "d2": -0.6081906290980936, "d3": -1.296995058028965, "d4": -0.2024619448066396, "p1": 33.9778471354074, "p2": 17.940378415841824, "p3": 13.588387624118642, "p4": 18.696987386758014, "pol1": 0.35828632075151057, "pol2": 0.9031229692099025, "pol3": -0.02804398590378887, "pol4": -0.5242563527942878, "v0s": 3.5877198163522976}, "datetime": {"datetime": "2022-06-15 22:59:57", "elapsed": 248244.111629, "delta": 12.66415}}
{"target": -1.0, "params": {"Bgrad": 1.6002875453235252, "d1": -1.97626760888248, "d2": -2.2780324295397816, "d3": -2.9869672793196735, "d4": -0.22294759201026926, "p1": 19.736066194477974, "p2": 13.458590743024912, "p3": 9.14796325803392, "p4": 43.899878865628374, "pol1": -0.08288286945714463, "pol2": 0.3670092860138323, "pol3": 0.6657965327257944, "pol4": 0.292209995395702, "v0s": 5.463346314441247}, "datetime": {"datetime": "2022-06-15 23:00:12", "elapsed": 248259.846573, "delta": 15.734944}}
{"target": 4.9658815803602225, "params": {"Bgrad": 1.0732069734812648, "d1": -2.2842520994545614, "d2": -0.5915989633235403, "d3": -2.026901219791451, "d4": -2.67770804140094, "p1": 3.0695804430913687, "p2": 27.379641914243535, "p3": 42.2437831446098, "p4": 27.841715477274626, "pol1": 0.5114014736684447, "pol2": 0.8651971322798708, "pol3": -0.8327566235191948, "pol4": 0.5836001721786592, "v0s": 4.9658815803602225}, "datetime": {"datetime": "2022-06-15 23:00:27", "elapsed": 248274.740763, "delta": 14.89419}}
{"target": -1.0, "params": {"Bgrad": 1.4671065603215732, "d1": 0.5080540909963158, "d2": -1.9350094145469843, "d3": -1.0193593518602904, "d4": -0.19238247295705113, "p1": 25.099695634991626, "p2": 15.413915643751587, "p3": 29.24081045887268, "p4": 3.118308858521396, "pol1": -0.14344710081179368, "pol2": 0.914396357415016, "pol3": 0.7022626679434403, "pol4": 0.551684296815971, "v0s": 4.2047926727985026}, "datetime": {"datetime": "2022-06-15 23:00:43", "elapsed": 248290.931488, "delta": 16.190725}}
{"target": -1.0, "params": {"Bgrad": 0.7446905437660322, "d1": 0.04881214323753502, "d2": 0.6826683158647913, "d3": 0.27089894578656315, "d4": -2.3358125648890016, "p1": 49.18831637927732, "p2": 43.87447816926958, "p3": 18.944503407618896, "p4": 6.888761205303428, "pol1": 0.28082212269040463, "pol2": -0.3439930120933068, "pol3": 0.10059482905826567, "pol4": -0.6786091428459018, "v0s": 2.980840532282982}, "datetime": {"datetime": "2022-06-15 23:00:58", "elapsed": 248305.158462, "delta": 14.226974}}
{"target": -1.0, "params": {"Bgrad": 1.376139794612956, "d1": 0.7717422535006957, "d2": -1.1842777619445441, "d3": 0.10486887941183598, "d4": -2.856388346450575, "p1": 1.5539076424005982, "p2": 24.706514300873128, "p3": 20.860315235318343, "p4": 11.711118539379134, "pol1": -0.1074854867448587, "pol2": 0.8644479899459685, "pol3": -0.5845066500506348, "pol4": -0.7908241773505438, "v0s": 3.5183481472472975}, "datetime": {"datetime": "2022-06-15 23:01:14", "elapsed": 248321.92066, "delta": 16.762198}}
{"target": -1.0, "params": {"Bgrad": 1.5071420049653201, "d1": -0.5367617835550109, "d2": 0.5359889992407569, "d3": -0.8813375074333716, "d4": 0.9311347728955295, "p1": 38.1283112655494, "p2": 18.290643205112378, "p3": 12.053922928520228, "p4": 12.521962118960356, "pol1": 0.11626544300786934, "pol2": -0.6976876585303822, "pol3": -0.88057019165105, "pol4": -0.03845098424251936, "v0s": 3.7028526377400777}, "datetime": {"datetime": "2022-06-15 23:01:31", "elapsed": 248338.67787, "delta": 16.75721}}
{"target": -1.0, "params": {"Bgrad": 0.698843410391427, "d1": -1.2189019436836475, "d2": 0.886991297736651, "d3": -1.3173815480019915, "d4": -2.5220086083450592, "p1": 22.706239653172457, "p2": 23.91672654685888, "p3": 17.537154760098762, "p4": 43.31130731083487, "pol1": 0.10672142144840668, "pol2": -0.6527033085359739, "pol3": 0.5177904738374355, "pol4": 0.07485232613097303, "v0s": 6.283261637393639}, "datetime": {"datetime": "2022-06-15 23:01:43", "elapsed": 248350.87826, "delta": 12.20039}}
{"target": -1.0, "params": {"Bgrad": 1.0941803485283303, "d1": 0.9121023392237397, "d2": -1.5444035726271834, "d3": -2.8926651280530473, "d4": -0.08512328778143807, "p1": 8.360879130847387, "p2": 23.352887608889716, "p3": 40.02442033854736, "p4": 16.297767442351763, "pol1": -0.6300311277048718, "pol2": 0.7171390761158176, "pol3": -0.5832722338949596, "pol4": -0.6530403459151293, "v0s": 3.589351821526603}, "datetime": {"datetime": "2022-06-15 23:02:00", "elapsed": 248367.095914, "delta": 16.217654}}
{"target": -1.0, "params": {"Bgrad": 1.8296593708339493, "d1": -1.7718821068415291, "d2": 0.9065790945794872, "d3": -2.1342868985867325, "d4": -0.6084050620034054, "p1": 41.533703357961016, "p2": 31.58201873562911, "p3": 30.664797259744258, "p4": 3.640656376319973, "pol1": 0.12258986946383632, "pol2": -0.21817852058219778, "pol3": -0.9577531431405513, "pol4": -0.8740074985349566, "v0s": 7.190948290246485}, "datetime": {"datetime": "2022-06-15 23:02:18", "elapsed": 248385.996396, "delta": 18.900482}}
{"target": -1.0, "params": {"Bgrad": 0.7937603112330857, "d1": -2.1703901819449856, "d2": -1.7434890238276592, "d3": -1.1297260906454403, "d4": -2.764609017916028, "p1": 45.28778428451474, "p2": 20.298904147051378, "p3": 38.539297994034115, "p4": 15.465146173654842, "pol1": 0.09918083942418487, "pol2": -0.1278385238713411, "pol3": -0.4608773459125597, "pol4": -0.7214130650626438, "v0s": 6.86564516371066}, "datetime": {"datetime": "2022-06-15 23:02:29", "elapsed": 248396.789547, "delta": 10.793151}}
{"target": -1.0, "params": {"Bgrad": 1.2216431976639797, "d1": -1.5510623462435964, "d2": -1.5160724168387825, "d3": -1.7810883715621122, "d4": -1.4370647728220667, "p1": 38.13099900839565, "p2": 5.56924437023652, "p3": 21.191480095200905, "p4": 38.939621321616805, "pol1": -0.6000161551900369, "pol2": 0.31868104291807575, "pol3": -0.9355661590161277, "pol4": -0.14644890200063632, "v0s": 5.586518138729482}, "datetime": {"datetime": "2022-06-15 23:02:44", "elapsed": 248411.541119, "delta": 14.751572}}
{"target": -1.0, "params": {"Bgrad": 1.5390474093366777, "d1": -1.0096598540517063, "d2": -2.9221361229030136, "d3": 0.034426707571182824, "d4": 0.04191077666686294, "p1": 25.17862590534393, "p2": 26.18340664481172, "p3": 6.688962524631592, "p4": 36.10659429950257, "pol1": -0.682426653297306, "pol2": 0.06452656732381978, "pol3": 0.6758543885987123, "pol4": -0.7103183285271433, "v0s": 5.985321808432692}, "datetime": {"datetime": "2022-06-15 23:03:00", "elapsed": 248427.133443, "delta": 15.592324}}
{"target": -1.0, "params": {"Bgrad": 1.050080834389178, "d1": -2.477509801689698, "d2": -0.20345983451706884, "d3": 0.8385919250434095, "d4": -2.2674806047715843, "p1": 40.689023229597574, "p2": 43.538334901239075, "p3": 24.233125893759944, "p4": 25.996424524457716, "pol1": 0.9920081981972224, "pol2": -0.007629588736822512, "pol3": -0.5791647295024915, "pol4": 0.08233223728929517, "v0s": 4.351109390674026}, "datetime": {"datetime": "2022-06-15 23:03:18", "elapsed": 248446.002011, "delta": 18.868568}}
{"target": -1.0, "params": {"Bgrad": 1.644057580150979, "d1": 0.005318781373354398, "d2": 0.6600206575367769, "d3": -0.8964860845379228, "d4": 0.6639828592631773, "p1": 27.54965721197457, "p2": 40.42062410640764, "p3": 11.340417934922591, "p4": 40.847056938129356, "pol1": -0.029789668076522613, "pol2": 0.4487118925824578, "pol3": -0.30345538566013963, "pol4": -0.1746390907681179, "v0s": 2.1456728470698856}, "datetime": {"datetime": "2022-06-15 23:03:34", "elapsed": 248461.943402, "delta": 15.941391}}
{"target": -1.0, "params": {"Bgrad": 0.7075633581154969, "d1": 0.850289057634753, "d2": -1.624080173130952, "d3": -0.6363310892057465, "d4": 0.4816790008145384, "p1": 36.35379918288308, "p2": 41.869962135913, "p3": 20.37008884296485, "p4": 28.25194529218411, "pol1": -0.08376450057869733, "pol2": -0.8929338399184965, "pol3": -0.6197511119590269, "pol4": 0.3645464746215712, "v0s": 4.064278677619765}, "datetime": {"datetime": "2022-06-15 23:03:48", "elapsed": 248475.125169, "delta": 13.181767}}
{"target": -1.0, "params": {"Bgrad": 1.410376883623263, "d1": 0.5165604586461678, "d2": 0.6573178369376662, "d3": 0.9429846927756671, "d4": -1.8524745586919638, "p1": 45.83006134747373, "p2": 22.301031227102115, "p3": 44.86449424053187, "p4": 8.397738363811946, "pol1": -0.2831738208882828, "pol2": -0.8086038297422884, "pol3": 0.5945186497556172, "pol4": -0.48086794001402966, "v0s": 4.667804491724954}, "datetime": {"datetime": "2022-06-15 23:04:04", "elapsed": 248491.375735, "delta": 16.250566}}
{"target": -1.0, "params": {"Bgrad": 1.8087174150883518, "d1": -2.760066226451317, "d2": -1.2628783058914927, "d3": -2.5471502925964273, "d4": 0.33731957142964397, "p1": 35.80066469602065, "p2": 29.303198743416687, "p3": 2.7644076409750475, "p4": 7.7611628692342505, "pol1": 0.1774660787886586, "pol2": -0.8796797637654223, "pol3": -0.7242561054804888, "pol4": -0.38912534743706195, "v0s": 5.931988086553503}, "datetime": {"datetime": "2022-06-15 23:04:21", "elapsed": 248508.559804, "delta": 17.184069}}
{"target": -1.0, "params": {"Bgrad": 1.822965803679055, "d1": -0.4357357008592575, "d2": -0.16575915059588864, "d3": -0.28407293810413714, "d4": -2.096400810956492, "p1": 0.9399406997393445, "p2": 40.10790750457406, "p3": 44.42507411195585, "p4": 41.93703977662558, "pol1": 0.1509158944373703, "pol2": -0.43390433828485286, "pol3": -0.5322984317778119, "pol4": -0.6440808479502433, "v0s": 6.524939614484339}, "datetime": {"datetime": "2022-06-15 23:04:37", "elapsed": 248524.254856, "delta": 15.695052}}
{"target": -1.0, "params": {"Bgrad": 1.1581993420383672, "d1": -0.007233393208876837, "d2": -1.61607835590191, "d3": -1.2485796971521093, "d4": 0.12432728656343972, "p1": 23.684878110762863, "p2": 6.274656183719135, "p3": 30.063918827451964, "p4": 7.875550145455468, "pol1": -0.7579998708683053, "pol2": 0.9060773878777788, "pol3": 0.2996047679403986, "pol4": -0.970824066201758, "v0s": 3.9448720872955647}, "datetime": {"datetime": "2022-06-15 23:04:55", "elapsed": 248542.152018, "delta": 17.897162}}
{"target": -1.0, "params": {"Bgrad": 1.8370518767804098, "d1": -1.8668029261003887, "d2": -0.09800922932877487, "d3": 0.7070269074550644, "d4": 0.46814475727086213, "p1": 43.98691297925609, "p2": 25.5548372514504, "p3": 46.986491517550505, "p4": 11.158384242271685, "pol1": 0.2122206412100962, "pol2": -0.9073805843359319, "pol3": 0.1007843370221495, "pol4": 0.9578442895186181, "v0s": 4.2212229152581635}, "datetime": {"datetime": "2022-06-15 23:05:13", "elapsed": 248560.527902, "delta": 18.375884}}
{"target": -1.0, "params": {"Bgrad": 1.1265910564749801, "d1": -0.40057264550914384, "d2": -1.6882883109322013, "d3": -2.3280244644648063, "d4": 0.40963426254535573, "p1": 15.389416945119494, "p2": 41.14404629457672, "p3": 18.676204080446823, "p4": 13.133147336290213, "pol1": -0.7529061961724364, "pol2": -0.20564238541513813, "pol3": 0.991337236545415, "pol4": -0.7668170351785704, "v0s": 6.33722886985502}, "datetime": {"datetime": "2022-06-15 23:05:30", "elapsed": 248577.662106, "delta": 17.134204}}
{"target": 2.863283102952435, "params": {"Bgrad": 1.3932281894136258, "d1": -2.0467910843533654, "d2": -0.38849327704635694, "d3": -2.0375779182979095, "d4": -0.3271029210215399, "p1": 18.269787432194306, "p2": 26.33861849126052, "p3": 22.727019971599205, "p4": 29.586441862911805, "pol1": 0.7951345017593103, "pol2": 0.5013625682391865, "pol3": 0.6438974629832972, "pol4": -0.7002668093425355, "v0s": 2.863283102952435}, "datetime": {"datetime": "2022-06-15 23:05:40", "elapsed": 248587.683321, "delta": 10.021215}}
{"target": -1.0, "params": {"Bgrad": 1.4765356688183364, "d1": -0.9209987208427184, "d2": -2.4518532637567625, "d3": -1.3472430793670727, "d4": -0.10667363175246303, "p1": 27.815809131364215, "p2": 29.80604675969373, "p3": 10.65354315833602, "p4": 32.41626344513611, "pol1": -0.7211691564259317, "pol2": -0.27211470507606483, "pol3": -0.8891172411077133, "pol4": -0.18277636532996455, "v0s": 6.431003266596302}, "datetime": {"datetime": "2022-06-15 23:05:59", "elapsed": 248606.14697, "delta": 18.463649}}
{"target": -1.0, "params": {"Bgrad": 0.9232081157453487, "d1": -0.5622490766095987, "d2": -2.100348705797204, "d3": -1.218985902906104, "d4": -0.21205898574215798, "p1": 32.09715424112457, "p2": 34.529152815505256, "p3": 26.855203052582056, "p4": 1.9938068580964474, "pol1": 0.6783731184428252, "pol2": 0.902196348061667, "pol3": -0.343444002929858, "pol4": 0.8853021557331855, "v0s": 2.1449691066273475}, "datetime": {"datetime": "2022-06-15 23:06:08", "elapsed": 248615.454096, "delta": 9.307126}}
{"target": -1.0, "params": {"Bgrad": 1.4674749491881987, "d1": -1.0447973174613234, "d2": -1.1722224975186042, "d3": -0.4734885439676928, "d4": 0.7318511409766719, "p1": 29.24245011930247, "p2": 33.60335820807778, "p3": 19.29074063981218, "p4": 20.793426899928118, "pol1": 0.4088965611046682, "pol2": 0.8094150301112364, "pol3": 0.8785237598472613, "pol4": -0.8154001772463053, "v0s": 2.3060846064106615}, "datetime": {"datetime": "2022-06-15 23:06:23", "elapsed": 248630.438046, "delta": 14.98395}}
{"target": -1.0, "params": {"Bgrad": 1.49082041427889, "d1": 0.04969721884913181, "d2": 0.1542102549441129, "d3": 0.24306784740940346, "d4": -0.2625681031278426, "p1": 14.4007551032101, "p2": 42.12691041919434, "p3": 26.75647589885603, "p4": 49.64335275789, "pol1": 0.12100604688809824, "pol2": -0.025336617965336483, "pol3": 0.0013515838406519265, "pol4": 0.6233817148558429, "v0s": 7.127937783551453}, "datetime": {"datetime": "2022-06-15 23:06:40", "elapsed": 248647.436611, "delta": 16.998565}}
{"target": -1.0, "params": {"Bgrad": 1.9379129124686807, "d1": -2.417741562220623, "d2": -0.8656049307002536, "d3": -2.043884023265152, "d4": 0.4021554555830211, "p1": 25.514325637208852, "p2": 35.52484827754957, "p3": 11.478778456196764, "p4": 0.34633525566857837, "pol1": 0.6091753600954786, "pol2": -0.16916585715250365, "pol3": -0.25245372331454763, "pol4": -0.470761046728841, "v0s": 5.540072251625444}, "datetime": {"datetime": "2022-06-15 23:06:57", "elapsed": 248664.940824, "delta": 17.504213}}
{"target": 2.336676745484108, "params": {"Bgrad": 1.4558870242167499, "d1": -2.5913830758748015, "d2": -2.259192328211032, "d3": -1.3008334807026252, "d4": -0.0842003395407609, "p1": 32.965292279003364, "p2": 40.79406390159846, "p3": 40.50695978757021, "p4": 31.369008208399897, "pol1": -0.08400475488545256, "pol2": 0.07781314194549416, "pol3": -0.34449697823418646, "pol4": -0.355468146907415, "v0s": 2.336676745484108}, "datetime": {"datetime": "2022-06-15 23:07:07", "elapsed": 248674.427469, "delta": 9.486645}}
{"target": -1.0, "params": {"Bgrad": 0.7264238451009453, "d1": -1.9118038169900906, "d2": -2.9744565214754113, "d3": -0.9409601009649293, "d4": -1.0025330590419332, "p1": 29.562179845701607, "p2": 19.480306085125754, "p3": 4.740238374486866, "p4": 23.9360156015151, "pol1": 0.3270841474684729, "pol2": -0.09166957682363241, "pol3": 0.8239358118710256, "pol4": -0.4134665186778317, "v0s": 4.447062474525903}, "datetime": {"datetime": "2022-06-15 23:07:16", "elapsed": 248684.009856, "delta": 9.582387}}
{"target": -1.0, "params": {"Bgrad": 1.2246680150119018, "d1": 0.08694001647567173, "d2": -0.9635269507267483, "d3": -2.6321468833939083, "d4": -2.857365499162751, "p1": 2.3048460356731137, "p2": 37.45277594524502, "p3": 44.994813971054434, "p4": 8.98552059586356, "pol1": 0.5121582255872037, "pol2": 0.5946079491787353, "pol3": -0.8019275983620195, "pol4": -0.8853168042948154, "v0s": 6.080551144317037}, "datetime": {"datetime": "2022-06-15 23:07:39", "elapsed": 248707.046284, "delta": 23.036428}}
{"target": -1.0, "params": {"Bgrad": 1.5743604909469482, "d1": -2.8829577584498254, "d2": -1.797687367546259, "d3": -0.6661428413960611, "d4": -2.9481344703046437, "p1": 48.25346213638552, "p2": 24.12564066322384, "p3": 1.0269689803654503, "p4": 8.018969319945379, "pol1": -0.21018934518206, "pol2": -0.5369418413181839, "pol3": 0.9680816247793016, "pol4": 0.42470575141526345, "v0s": 5.738148043115684}, "datetime": {"datetime": "2022-06-15 23:07:57", "elapsed": 248724.540525, "delta": 17.494241}}
{"target": -1.0, "params": {"Bgrad": 0.6588668757624166, "d1": -2.3590470900573757, "d2": 0.12779019327086028, "d3": -0.6786757097644243, "d4": -2.9835310306862284, "p1": 30.146246406548507, "p2": 18.810022683162465, "p3": 25.47596647847405, "p4": 36.82574634758754, "pol1": -0.29283690877223867, "pol2": -0.9549140059907981, "pol3": 0.1615758968128027, "pol4": 0.30137466838275273, "v0s": 2.027555129499162}, "datetime": {"datetime": "2022-06-15 23:08:04", "elapsed": 248731.698393, "delta": 7.157868}}
{"target": -1.0, "params": {"Bgrad": 0.5253803786516309, "d1": -2.3823116818048504, "d2": 0.12658270413900707, "d3": 0.739700270549092, "d4": -1.6624238794810005, "p1": 24.54008924775594, "p2": 37.71499330625857, "p3": 29.775920512596628, "p4": 36.93414788346988, "pol1": -0.6104071715918917, "pol2": 0.010599271351081185, "pol3": 0.48678943698164234, "pol4": -0.17175112259216463, "v0s": 7.043884752553698}, "datetime": {"datetime": "2022-06-15 23:08:13", "elapsed": 248740.782114, "delta": 9.083721}}
{"target": -1.0, "params": {"Bgrad": 0.8156636426964217, "d1": -1.5158748320440587, "d2": 0.9341853998295515, "d3": -2.9827204855043488, "d4": 0.37128918943290357, "p1": 47.032269696221874, "p2": 16.23372704772614, "p3": 23.8394296282761, "p4": 29.20880038430178, "pol1": 0.22344410108829948, "pol2": 0.7175546579168359, "pol3": 0.3534148551894276, "pol4": 0.9723143667522831, "v0s": 4.699019332447939}, "datetime": {"datetime": "2022-06-15 23:08:29", "elapsed": 248756.658678, "delta": 15.876564}}
{"target": 2.169336508338329, "params": {"Bgrad": 0.9089275251716465, "d1": 0.3522525443016238, "d2": -2.84593358401374, "d3": -0.5749101840158031, "d4": -2.634357258567222, "p1": 11.738831200924027, "p2": 8.434575837587216, "p3": 43.02091776289144, "p4": 45.84901592575531, "pol1": 0.1317652108743821, "pol2": -0.11222002362598738, "pol3": 0.2335550899220975, "pol4": 0.3956270079851443, "v0s": 2.169336508338329}, "datetime": {"datetime": "2022-06-15 23:08:39", "elapsed": 248766.766661, "delta": 10.107983}}
{"target": -1.0, "params": {"Bgrad": 1.3776639651825042, "d1": -1.496944350559299, "d2": -2.326177375723518, "d3": -0.19996709053791673, "d4": 0.6062152236043614, "p1": 13.195311613013821, "p2": 42.76925157910859, "p3": 9.73326193259727, "p4": 5.68831292301486, "pol1": 0.39092107791016995, "pol2": -0.8914429730752755, "pol3": 0.04246572612964772, "pol4": -0.5015633889405848, "v0s": 4.862483746315625}, "datetime": {"datetime": "2022-06-15 23:08:56", "elapsed": 248783.552795, "delta": 16.786134}}
{"target": -1.0, "params": {"Bgrad": 0.817720669924896, "d1": -1.5271835126128197, "d2": -1.3269679041750595, "d3": 0.23049137525087815, "d4": -2.0330512997450043, "p1": 20.07136478171539, "p2": 33.638648668165466, "p3": 36.80320409608782, "p4": 42.29979781848618, "pol1": 0.32238193649910585, "pol2": 0.09800867051468964, "pol3": 0.6807322341357076, "pol4": 0.006169541730788319, "v0s": 6.803095547131226}, "datetime": {"datetime": "2022-06-15 23:09:12", "elapsed": 248799.306688, "delta": 15.753893}}
{"target": -1.0, "params": {"Bgrad": 0.550889303775073, "d1": -2.4792306411912053, "d2": -2.010569880052583, "d3": -0.7678991037771876, "d4": -2.8330228686283863, "p1": 10.459991291037706, "p2": 44.99991776804258, "p3": 22.113339147510953, "p4": 3.4445390535727762, "pol1": -0.09009709500255281, "pol2": 0.4736742298372376, "pol3": 0.49102761024600006, "pol4": 0.396650308608538, "v0s": 2.9115449962384514}, "datetime": {"datetime": "2022-06-15 23:09:19", "elapsed": 248806.961228, "delta": 7.65454}}
