{"target": 0.0, "params": {"beta_1": 2.4130961281743737, "beta_2": 11.197425083157171, "det_1": 80.35109737612396, "det_2": 17.99118680094601, "laseroff": 466381.9180405033, "laseron": 220548.50839587548, "main_det": 13.999390629232668}, "datetime": {"datetime": "2022-05-11 16:07:03", "elapsed": 6967.699839, "delta": 85.574322}}
{"target": 0.0, "params": {"beta_1": 2.4130961281743737, "beta_2": 11.197425083157171, "det_1": 80.35109737612396, "det_2": 17.99118680094601, "laseroff": 466381.9180405033, "laseron": 220548.50839587548, "main_det": 13.999390629232668}, "datetime": {"datetime": "2022-05-11 16:07:03", "elapsed": 6967.699839, "delta": 85.573324}}
{"target": 0.0065899946900375575, "params": {"beta_1": 2.3598717438482684, "beta_2": 7.63903690907947, "det_1": 135.10748067820424, "det_2": 20.99511143316132, "laseroff": 342663.4371642694, "laseron": 170932.43964637024, "main_det": 14.761297376440494}, "datetime": {"datetime": "2022-05-11 16:08:50", "elapsed": 7074.388957, "delta": 106.689118}}
{"target": 0.0065899946900375575, "params": {"beta_1": 2.3598717438482684, "beta_2": 7.63903690907947, "det_1": 135.10748067820424, "det_2": 20.99511143316132, "laseroff": 342663.4371642694, "laseron": 170932.43964637024, "main_det": 14.761297376440494}, "datetime": {"datetime": "2022-05-11 16:08:50", "elapsed": 7074.389954, "delta": 106.690115}}
{"target": 0.0, "params": {"beta_1": 2.807795568703775, "beta_2": 13.01627513197124, "det_1": 135.03757213447437, "det_2": 23.8192967679931, "laseroff": 491520.3398526432, "laseron": 163323.1086595158, "main_det": 12.162869813148358}, "datetime": {"datetime": "2022-05-11 16:10:07", "elapsed": 7151.739202, "delta": 77.350245}}
{"target": 0.0, "params": {"beta_1": 2.807795568703775, "beta_2": 13.01627513197124, "det_1": 135.03757213447437, "det_2": 23.8192967679931, "laseroff": 491520.3398526432, "laseron": 163323.1086595158, "main_det": 12.162869813148358}, "datetime": {"datetime": "2022-05-11 16:10:07", "elapsed": 7151.740199, "delta": 77.350245}}
{"target": 0.0, "params": {"beta_1": 1.0150861808652696, "beta_2": 1.3430697099300453, "det_1": 92.83449260851383, "det_2": 20.570777816578058, "laseroff": 302051.45134194737, "laseron": 299817.0774300492, "main_det": 18.68020977025308}, "datetime": {"datetime": "2022-05-11 16:10:40", "elapsed": 7183.960077, "delta": 32.220875}}
{"target": 0.0, "params": {"beta_1": 1.0150861808652696, "beta_2": 1.3430697099300453, "det_1": 92.83449260851383, "det_2": 20.570777816578058, "laseroff": 302051.45134194737, "laseron": 299817.0774300492, "main_det": 18.68020977025308}, "datetime": {"datetime": "2022-05-11 16:10:40", "elapsed": 7183.960077, "delta": 32.219878}}
{"target": 0.0, "params": {"beta_1": 3.5764359104579846, "beta_2": 0.023475778660326796, "det_1": 108.62483106107615, "det_2": 14.083841267878629, "laseroff": 481418.002696443, "laseron": 205786.92296271672, "main_det": 11.7751552374054}, "datetime": {"datetime": "2022-05-11 16:11:46", "elapsed": 7250.272825, "delta": 66.312748}}
{"target": 0.0, "params": {"beta_1": 3.5764359104579846, "beta_2": 0.023475778660326796, "det_1": 108.62483106107615, "det_2": 14.083841267878629, "laseroff": 481418.002696443, "laseron": 205786.92296271672, "main_det": 11.7751552374054}, "datetime": {"datetime": "2022-05-11 16:11:46", "elapsed": 7250.273822, "delta": 66.313745}}
{"target": 0.0, "params": {"beta_1": 1.1278336592887184, "beta_2": 14.391363864274853, "det_1": 79.16369989095091, "det_2": 15.342204021886001, "laseroff": 355317.7056554485, "laseron": 224511.3321758106, "main_det": 13.713595267207623}, "datetime": {"datetime": "2022-05-11 16:13:11", "elapsed": 7335.663578, "delta": 85.390753}}
{"target": 0.0, "params": {"beta_1": 1.1278336592887184, "beta_2": 14.391363864274853, "det_1": 79.16369989095091, "det_2": 15.342204021886001, "laseroff": 355317.7056554485, "laseron": 224511.3321758106, "main_det": 13.713595267207623}, "datetime": {"datetime": "2022-05-11 16:13:11", "elapsed": 7335.663578, "delta": 85.389756}}
{"target": 0.0, "params": {"beta_1": 4.36090204068048, "beta_2": 1.7540814414796002, "det_1": 103.72486756308226, "det_2": 20.746509178575145, "laseroff": 366578.5482073283, "laseron": 237174.20070630423, "main_det": 10.337137144185562}, "datetime": {"datetime": "2022-05-11 16:17:49", "elapsed": 7613.282275, "delta": 277.618697}}
{"target": 0.0, "params": {"beta_1": 4.36090204068048, "beta_2": 1.7540814414796002, "det_1": 103.72486756308226, "det_2": 20.746509178575145, "laseroff": 366578.5482073283, "laseron": 237174.20070630423, "main_det": 10.337137144185562}, "datetime": {"datetime": "2022-05-11 16:17:49", "elapsed": 7613.282275, "delta": 277.618697}}
{"target": 0.0, "params": {"beta_1": 2.0368765693646855, "beta_2": 0.1263447120527017, "det_1": 120.22376331518436, "det_2": 27.78695854217299, "laseroff": 537994.6491899797, "laseron": 254983.6242953112, "main_det": 10.661826940114196}, "datetime": {"datetime": "2022-05-11 16:18:49", "elapsed": 7673.706762, "delta": 60.424487}}
{"target": 0.0, "params": {"beta_1": 2.0368765693646855, "beta_2": 0.1263447120527017, "det_1": 120.22376331518436, "det_2": 27.78695854217299, "laseroff": 537994.6491899797, "laseron": 254983.6242953112, "main_det": 10.661826940114196}, "datetime": {"datetime": "2022-05-11 16:18:49", "elapsed": 7673.70776, "delta": 60.425485}}
{"target": 0.0056888020503641, "params": {"beta_1": 2.1491610409018036, "beta_2": 0.39163780069798426, "det_1": 103.67688950911871, "det_2": 19.78588443498989, "laseroff": 488008.60207718424, "laseron": 236905.12475304957, "main_det": 19.611857307237354}, "datetime": {"datetime": "2022-05-11 16:20:13", "elapsed": 7756.921332, "delta": 83.21457}}
{"target": 0.0056888020503641, "params": {"beta_1": 2.1491610409018036, "beta_2": 0.39163780069798426, "det_1": 103.67688950911871, "det_2": 19.78588443498989, "laseroff": 488008.60207718424, "laseron": 236905.12475304957, "main_det": 19.611857307237354}, "datetime": {"datetime": "2022-05-11 16:20:13", "elapsed": 7756.92233, "delta": 83.21457}}
{"target": 0.00028895743972474127, "params": {"beta_1": 4.384687935867664, "beta_2": 0.3260295984651962, "det_1": 116.59599715313693, "det_2": 15.660833155990106, "laseroff": 428482.23936244793, "laseron": 212465.3080665361, "main_det": 18.616518370866512}, "datetime": {"datetime": "2022-05-11 16:21:28", "elapsed": 7831.911884, "delta": 74.990552}}
{"target": 0.00028895743972474127, "params": {"beta_1": 4.384687935867664, "beta_2": 0.3260295984651962, "det_1": 116.59599715313693, "det_2": 15.660833155990106, "laseroff": 428482.23936244793, "laseron": 212465.3080665361, "main_det": 18.616518370866512}, "datetime": {"datetime": "2022-05-11 16:21:28", "elapsed": 7831.911884, "delta": 74.989554}}
{"target": 0.0, "params": {"beta_1": 2.2136112088018587, "beta_2": 8.94312464049667, "det_1": 134.48899838051443, "det_2": 28.464739924656868, "laseroff": 316554.78949274716, "laseron": 191917.85923360082, "main_det": 14.25345501484454}, "datetime": {"datetime": "2022-05-11 16:22:48", "elapsed": 7912.273081, "delta": 80.361197}}
{"target": 0.0, "params": {"beta_1": 2.2136112088018587, "beta_2": 8.94312464049667, "det_1": 134.48899838051443, "det_2": 28.464739924656868, "laseroff": 316554.78949274716, "laseron": 191917.85923360082, "main_det": 14.25345501484454}, "datetime": {"datetime": "2022-05-11 16:22:48", "elapsed": 7912.273081, "delta": 80.361197}}
{"target": 0.0, "params": {"beta_1": 3.8241771948482888, "beta_2": 13.36661406893908, "det_1": 72.61288042212018, "det_2": 24.918985579152817, "laseroff": 589178.0612980393, "laseron": 244812.4321355949, "main_det": 14.412071996817513}, "datetime": {"datetime": "2022-05-11 16:24:16", "elapsed": 8000.101319, "delta": 87.828238}}
{"target": 0.0, "params": {"beta_1": 3.8241771948482888, "beta_2": 13.36661406893908, "det_1": 72.61288042212018, "det_2": 24.918985579152817, "laseroff": 589178.0612980393, "laseron": 244812.4321355949, "main_det": 14.412071996817513}, "datetime": {"datetime": "2022-05-11 16:24:16", "elapsed": 8000.102317, "delta": 87.829236}}
{"target": 0.0, "params": {"beta_1": 3.6165348800129826, "beta_2": 10.18632861742435, "det_1": 135.25016482990617, "det_2": 20.776880331289185, "laseroff": 492458.2180730166, "laseron": 161793.2205818058, "main_det": 11.027346750158495}, "datetime": {"datetime": "2022-05-11 16:26:13", "elapsed": 8117.564363, "delta": 117.463044}}
{"target": 0.0, "params": {"beta_1": 3.6165348800129826, "beta_2": 10.18632861742435, "det_1": 135.25016482990617, "det_2": 20.776880331289185, "laseroff": 492458.2180730166, "laseron": 161793.2205818058, "main_det": 11.027346750158495}, "datetime": {"datetime": "2022-05-11 16:26:13", "elapsed": 8117.564363, "delta": 117.462046}}
{"target": 0.0, "params": {"beta_1": 1.402219960322026, "beta_2": 11.839189926772328, "det_1": 80.3226006577642, "det_2": 16.197338154397627, "laseroff": 572578.7423324256, "laseron": 185735.0246409264, "main_det": 12.877753385863487}, "datetime": {"datetime": "2022-05-11 16:43:09", "elapsed": 9133.255556, "delta": 1015.691193}}
{"target": 0.0, "params": {"beta_1": 1.402219960322026, "beta_2": 11.839189926772328, "det_1": 80.3226006577642, "det_2": 16.197338154397627, "laseroff": 572578.7423324256, "laseron": 185735.0246409264, "main_det": 12.877753385863487}, "datetime": {"datetime": "2022-05-11 16:43:09", "elapsed": 9133.256554, "delta": 1015.692191}}
{"target": 9.268055161415535e-05, "params": {"beta_1": 0.6501428605913884, "beta_2": 0.2905043680544561, "det_1": 137.8835532939891, "det_2": 10.290702900001476, "laseroff": 379664.7322650085, "laseron": 217756.8742451875, "main_det": 10.533625451170805}, "datetime": {"datetime": "2022-05-11 16:44:20", "elapsed": 9204.54201, "delta": 71.286454}}
{"target": 9.268055161415535e-05, "params": {"beta_1": 0.6501428605913884, "beta_2": 0.2905043680544561, "det_1": 137.8835532939891, "det_2": 10.290702900001476, "laseroff": 379664.7322650085, "laseron": 217756.8742451875, "main_det": 10.533625451170805}, "datetime": {"datetime": "2022-05-11 16:44:20", "elapsed": 9204.543008, "delta": 71.286454}}
{"target": 0.0008396578413454893, "params": {"beta_1": 2.8705880274600655, "beta_2": 2.2009286235871524, "det_1": 128.93055369032842, "det_2": 22.49395900052328, "laseroff": 330701.22631391895, "laseron": 205217.69658969337, "main_det": 16.94400157727745}, "datetime": {"datetime": "2022-05-11 16:45:38", "elapsed": 9282.720043, "delta": 78.178033}}
{"target": 0.0008396578413454893, "params": {"beta_1": 2.8705880274600655, "beta_2": 2.2009286235871524, "det_1": 128.93055369032842, "det_2": 22.49395900052328, "laseroff": 330701.22631391895, "laseron": 205217.69658969337, "main_det": 16.94400157727745}, "datetime": {"datetime": "2022-05-11 16:45:38", "elapsed": 9282.720043, "delta": 78.177035}}
{"target": 0.0011677480963517358, "params": {"beta_1": 2.0708963476345135, "beta_2": 0.7493018841913074, "det_1": 123.58964059155116, "det_2": 21.59486613049472, "laseroff": 454467.2187283805, "laseron": 291037.647729074, "main_det": 15.86555040501993}, "datetime": {"datetime": "2022-05-11 16:47:04", "elapsed": 9368.677801, "delta": 85.957758}}
{"target": 0.0011677480963517358, "params": {"beta_1": 2.0708963476345135, "beta_2": 0.7493018841913074, "det_1": 123.58964059155116, "det_2": 21.59486613049472, "laseroff": 454467.2187283805, "laseron": 291037.647729074, "main_det": 15.86555040501993}, "datetime": {"datetime": "2022-05-11 16:47:04", "elapsed": 9368.677801, "delta": 85.957758}}
{"target": 0.0007916409787797614, "params": {"beta_1": 4.517009576439418, "beta_2": 2.062120562193563, "det_1": 83.92763472507585, "det_2": 25.184782217738096, "laseroff": 419303.6534188231, "laseron": 164987.69492563503, "main_det": 19.275085803960337}, "datetime": {"datetime": "2022-05-11 16:48:22", "elapsed": 9446.095402, "delta": 77.417601}}
{"target": 0.0007916409787797614, "params": {"beta_1": 4.517009576439418, "beta_2": 2.062120562193563, "det_1": 83.92763472507585, "det_2": 25.184782217738096, "laseroff": 419303.6534188231, "laseron": 164987.69492563503, "main_det": 19.275085803960337}, "datetime": {"datetime": "2022-05-11 16:48:22", "elapsed": 9446.095402, "delta": 77.417601}}
{"target": 0.0, "params": {"beta_1": 1.738829298727533, "beta_2": 11.262181547042333, "det_1": 142.59979853504515, "det_2": 27.082652280145247, "laseroff": 487102.0384444756, "laseron": 259712.44812826207, "main_det": 13.488983419778425}, "datetime": {"datetime": "2022-05-11 16:49:34", "elapsed": 9517.938367, "delta": 71.842965}}
{"target": 0.0, "params": {"beta_1": 1.738829298727533, "beta_2": 11.262181547042333, "det_1": 142.59979853504515, "det_2": 27.082652280145247, "laseroff": 487102.0384444756, "laseron": 259712.44812826207, "main_det": 13.488983419778425}, "datetime": {"datetime": "2022-05-11 16:49:34", "elapsed": 9517.938367, "delta": 71.842965}}
{"target": 0.0, "params": {"beta_1": 1.3496394588251304, "beta_2": 13.438293272941003, "det_1": 112.8091189871295, "det_2": 29.12100117870964, "laseroff": 499032.7859040366, "laseron": 238805.49970102753, "main_det": 11.147459729533752}, "datetime": {"datetime": "2022-05-11 16:50:52", "elapsed": 9596.163275, "delta": 78.224908}}
{"target": 0.0, "params": {"beta_1": 1.3496394588251304, "beta_2": 13.438293272941003, "det_1": 112.8091189871295, "det_2": 29.12100117870964, "laseroff": 499032.7859040366, "laseron": 238805.49970102753, "main_det": 11.147459729533752}, "datetime": {"datetime": "2022-05-11 16:50:52", "elapsed": 9596.163275, "delta": 78.224908}}
{"target": 0.0003595229405538049, "params": {"beta_1": 4.747446293535356, "beta_2": 6.748682002199108, "det_1": 127.83896143871317, "det_2": 15.20342006903203, "laseroff": 371108.8570459281, "laseron": 284370.67124615016, "main_det": 15.736794866722859}, "datetime": {"datetime": "2022-05-11 16:52:07", "elapsed": 9671.346313, "delta": 75.183038}}
{"target": 0.0003595229405538049, "params": {"beta_1": 4.747446293535356, "beta_2": 6.748682002199108, "det_1": 127.83896143871317, "det_2": 15.20342006903203, "laseroff": 371108.8570459281, "laseron": 284370.67124615016, "main_det": 15.736794866722859}, "datetime": {"datetime": "2022-05-11 16:52:07", "elapsed": 9671.34731, "delta": 75.184035}}
{"target": 0.0, "params": {"beta_1": 0.01435163515579485, "beta_2": 9.257173704310858, "det_1": 102.66449017720961, "det_2": 18.176452556440232, "laseroff": 565782.743851133, "laseron": 196031.95637800437, "main_det": 19.08535150919799}, "datetime": {"datetime": "2022-05-11 16:53:37", "elapsed": 9760.970749, "delta": 89.624436}}
{"target": 0.0, "params": {"beta_1": 0.01435163515579485, "beta_2": 9.257173704310858, "det_1": 102.66449017720961, "det_2": 18.176452556440232, "laseroff": 565782.743851133, "laseron": 196031.95637800437, "main_det": 19.08535150919799}, "datetime": {"datetime": "2022-05-11 16:53:37", "elapsed": 9760.970749, "delta": 89.623439}}
{"target": 0.0, "params": {"beta_1": 3.1168005789590136, "beta_2": 0.23731864269834424, "det_1": 162.94372337437613, "det_2": 22.2724229379231, "laseroff": 599196.8578125937, "laseron": 166117.80062994035, "main_det": 11.371357496288777}, "datetime": {"datetime": "2022-05-11 16:54:55", "elapsed": 9839.098915, "delta": 78.128166}}
{"target": 0.0, "params": {"beta_1": 3.1168005789590136, "beta_2": 0.23731864269834424, "det_1": 162.94372337437613, "det_2": 22.2724229379231, "laseroff": 599196.8578125937, "laseron": 166117.80062994035, "main_det": 11.371357496288777}, "datetime": {"datetime": "2022-05-11 16:54:55", "elapsed": 9839.099912, "delta": 78.129163}}
{"target": 0.003016460706736538, "params": {"beta_1": 4.662977315185818, "beta_2": 10.452272422348502, "det_1": 76.60001727220624, "det_2": 23.88657631506166, "laseroff": 526163.1026621854, "laseron": 287548.44886999915, "main_det": 17.115247586284717}, "datetime": {"datetime": "2022-05-11 16:56:36", "elapsed": 9940.12687, "delta": 101.027955}}
{"target": 0.003016460706736538, "params": {"beta_1": 4.662977315185818, "beta_2": 10.452272422348502, "det_1": 76.60001727220624, "det_2": 23.88657631506166, "laseroff": 526163.1026621854, "laseron": 287548.44886999915, "main_det": 17.115247586284717}, "datetime": {"datetime": "2022-05-11 16:56:36", "elapsed": 9940.12687, "delta": 101.026958}}
{"target": 0.000409013760682247, "params": {"beta_1": 0.6213548098608235, "beta_2": 0.2982020075969338, "det_1": 72.62109868777193, "det_2": 5.707662200519865, "laseroff": 373864.0740698462, "laseron": 277358.120978944, "main_det": 15.388310643416528}, "datetime": {"datetime": "2022-05-11 16:57:42", "elapsed": 10006.304978, "delta": 66.178108}}
{"target": 0.000409013760682247, "params": {"beta_1": 0.6213548098608235, "beta_2": 0.2982020075969338, "det_1": 72.62109868777193, "det_2": 5.707662200519865, "laseroff": 373864.0740698462, "laseron": 277358.120978944, "main_det": 15.388310643416528}, "datetime": {"datetime": "2022-05-11 16:57:42", "elapsed": 10006.305976, "delta": 66.179106}}
{"target": 0.0011976252604001675, "params": {"beta_1": 2.7641098934288295, "beta_2": 12.630463385394085, "det_1": 82.41733151199111, "det_2": 11.979591975278488, "laseroff": 475728.1956782149, "laseron": 295081.80824819056, "main_det": 15.6103021925571}, "datetime": {"datetime": "2022-05-11 16:59:19", "elapsed": 10103.299714, "delta": 96.994736}}
{"target": 0.0011976252604001675, "params": {"beta_1": 2.7641098934288295, "beta_2": 12.630463385394085, "det_1": 82.41733151199111, "det_2": 11.979591975278488, "laseroff": 475728.1956782149, "laseron": 295081.80824819056, "main_det": 15.6103021925571}, "datetime": {"datetime": "2022-05-11 16:59:19", "elapsed": 10103.300711, "delta": 96.994735}}
{"target": 0.0, "params": {"beta_1": 0.0932364468647151, "beta_2": 12.009490090209244, "det_1": 93.29742738410204, "det_2": 25.17762989046948, "laseroff": 416358.80535860744, "laseron": 277926.5303935332, "main_det": 17.471216427371846}, "datetime": {"datetime": "2022-05-11 17:00:48", "elapsed": 10192.240976, "delta": 88.941262}}
{"target": 0.0, "params": {"beta_1": 0.0932364468647151, "beta_2": 12.009490090209244, "det_1": 93.29742738410204, "det_2": 25.17762989046948, "laseroff": 416358.80535860744, "laseron": 277926.5303935332, "main_det": 17.471216427371846}, "datetime": {"datetime": "2022-05-11 17:00:48", "elapsed": 10192.240976, "delta": 88.940265}}
{"target": 0.0, "params": {"beta_1": 2.7812011699520944, "beta_2": 2.0468283849102753, "det_1": 75.99176895122116, "det_2": 8.033586393518434, "laseroff": 313366.51901155, "laseron": 155628.2503242016, "main_det": 12.257093386078548}, "datetime": {"datetime": "2022-05-11 17:05:59", "elapsed": 10503.116016, "delta": 310.87504}}
{"target": 0.0, "params": {"beta_1": 2.7812011699520944, "beta_2": 2.0468283849102753, "det_1": 75.99176895122116, "det_2": 8.033586393518434, "laseroff": 313366.51901155, "laseron": 155628.2503242016, "main_det": 12.257093386078548}, "datetime": {"datetime": "2022-05-11 17:05:59", "elapsed": 10503.117014, "delta": 310.876038}}
{"target": 0.0, "params": {"beta_1": 3.564944901913383, "beta_2": 8.395754730812136, "det_1": 71.25559801591159, "det_2": 6.799356992237169, "laseroff": 590182.9317237516, "laseron": 230135.93072016985, "main_det": 12.032932346609904}, "datetime": {"datetime": "2022-05-11 17:07:17", "elapsed": 10580.742562, "delta": 77.626546}}
{"target": 0.0, "params": {"beta_1": 3.564944901913383, "beta_2": 8.395754730812136, "det_1": 71.25559801591159, "det_2": 6.799356992237169, "laseroff": 590182.9317237516, "laseron": 230135.93072016985, "main_det": 12.032932346609904}, "datetime": {"datetime": "2022-05-11 17:07:17", "elapsed": 10580.74356, "delta": 77.626546}}
{"target": 0.0, "params": {"beta_1": 1.2616287228516172, "beta_2": 11.157387811126394, "det_1": 89.54294811093187, "det_2": 19.533973181831442, "laseroff": 591006.0267065046, "laseron": 275223.0269290281, "main_det": 12.398477591475862}, "datetime": {"datetime": "2022-05-11 17:08:42", "elapsed": 10665.919928, "delta": 85.177366}}
{"target": 0.0, "params": {"beta_1": 1.2616287228516172, "beta_2": 11.157387811126394, "det_1": 89.54294811093187, "det_2": 19.533973181831442, "laseroff": 591006.0267065046, "laseron": 275223.0269290281, "main_det": 12.398477591475862}, "datetime": {"datetime": "2022-05-11 17:08:42", "elapsed": 10665.919928, "delta": 85.176368}}
{"target": 0.0015312678912055757, "params": {"beta_1": 2.4688485713436497, "beta_2": 9.299335775720696, "det_1": 152.89808995501787, "det_2": 8.919784866152106, "laseroff": 305573.8420770207, "laseron": 149566.78196802142, "main_det": 14.863451109370319}, "datetime": {"datetime": "2022-05-11 17:10:47", "elapsed": 10791.181108, "delta": 125.26118}}
{"target": 0.0015312678912055757, "params": {"beta_1": 2.4688485713436497, "beta_2": 9.299335775720696, "det_1": 152.89808995501787, "det_2": 8.919784866152106, "laseroff": 305573.8420770207, "laseron": 149566.78196802142, "main_det": 14.863451109370319}, "datetime": {"datetime": "2022-05-11 17:10:47", "elapsed": 10791.181108, "delta": 125.26118}}
{"target": 0.0, "params": {"beta_1": 3.0316473082666517, "beta_2": 8.53277155629722, "det_1": 101.73624093221608, "det_2": 29.715403860311223, "laseroff": 473923.9860285198, "laseron": 199731.6360835855, "main_det": 15.509482191178968}, "datetime": {"datetime": "2022-05-11 17:12:11", "elapsed": 10875.527205, "delta": 84.346097}}
{"target": 0.0, "params": {"beta_1": 3.0316473082666517, "beta_2": 8.53277155629722, "det_1": 101.73624093221608, "det_2": 29.715403860311223, "laseroff": 473923.9860285198, "laseron": 199731.6360835855, "main_det": 15.509482191178968}, "datetime": {"datetime": "2022-05-11 17:12:11", "elapsed": 10875.527205, "delta": 84.346097}}
{"target": 0.0, "params": {"beta_1": 3.7266721545325106, "beta_2": 10.03849340179777, "det_1": 96.49195576628094, "det_2": 6.658370860711039, "laseroff": 411025.88929003396, "laseron": 240103.10393580826, "main_det": 12.101740099148396}, "datetime": {"datetime": "2022-05-11 17:13:24", "elapsed": 10947.926683, "delta": 72.399478}}
