{"target": -1.0, "params": {"Bgrad": 1.392228194441357, "d1": -1.8719071323234666, "d2": -0.7184229087734493, "d3": -1.4499012663084216, "d4": -1.8268633280181685, "p1": 26.294819286259656, "p2": 10.168962702440549, "p3": 19.75430981840875, "p4": 41.43427096743409, "pol1": -0.4542455421241631, "pol2": -0.054826060361940376, "pol3": 0.1771189346180937, "pol4": -0.3844723856860648, "v0s": 3.255084716873343}, "datetime": {"datetime": "2022-06-16 00:22:53", "elapsed": 253220.934425, "delta": 15.195385}}
{"target": -1.0, "params": {"Bgrad": 1.6712248225247395, "d1": 0.06150499960783273, "d2": 0.032552768801233256, "d3": -1.388667083357157, "d4": 0.16429663505025882, "p1": 34.78068919170404, "p2": 24.228982822269536, "p3": 41.90563719527079, "p4": 3.142303499907262, "pol1": -0.7945306285295426, "pol2": -0.20632635303692282, "pol3": -0.5492418481972405, "pol4": 0.21220551060483217, "v0s": 4.593891160516312}, "datetime": {"datetime": "2022-06-16 00:23:15", "elapsed": 253242.263416, "delta": 21.328991}}
{"target": -1.0, "params": {"Bgrad": 1.7110711116285944, "d1": -0.8396183419655467, "d2": 0.41389694435481017, "d3": -2.51227630795002, "d4": 0.010511173964680154, "p1": 18.961647892678222, "p2": 29.533423102935004, "p3": 21.02076627466065, "p4": 33.33083582062271, "pol1": 0.6042157087592364, "pol2": 0.5912862022662906, "pol3": -0.8328865985095764, "pol4": 0.4080225323844049, "v0s": 6.1450744060858495}, "datetime": {"datetime": "2022-06-16 00:23:38", "elapsed": 253265.735679, "delta": 23.472263}}
{"target": 3.1940265195756927, "params": {"Bgrad": 0.7560531787987512, "d1": -1.941543267514179, "d2": 0.32671331521640257, "d3": -0.39657325396337306, "d4": -0.32023427854061914, "p1": 19.828770905939592, "p2": 41.53594866676461, "p3": 13.281034809177012, "p4": 1.8552868043269, "pol1": 0.7307673609357157, "pol2": -0.488844325935071, "pol3": -0.44864205588973904, "pol4": -0.4502108230626769, "v0s": 3.1940265195756927}, "datetime": {"datetime": "2022-06-16 00:23:48", "elapsed": 253275.562413, "delta": 9.826734}}
{"target": -1.0, "params": {"Bgrad": 0.9620755682498492, "d1": -0.27687563989902175, "d2": -0.47396807537795826, "d3": -2.400226718877808, "d4": -2.6105089205325394, "p1": 26.803893948982726, "p2": 34.802241070535786, "p3": 19.768931301915195, "p4": 46.87502728723639, "pol1": 0.6137527110847845, "pol2": -0.46744253229869837, "pol3": -0.7617480705365121, "pol4": 0.41643609732972475, "v0s": 5.28653479774401}, "datetime": {"datetime": "2022-06-16 00:24:06", "elapsed": 253293.934308, "delta": 18.371895}}
{"target": -1.0, "params": {"Bgrad": 1.747197940071267, "d1": 0.9419057141961638, "d2": -2.235989517228286, "d3": -0.581271308478339, "d4": 0.35005340694878706, "p1": 40.023292376028294, "p2": 45.82366657637209, "p3": 3.41205419387981, "p4": 18.706106742535404, "pol1": 0.19071574693617466, "pol2": 0.11043142001638184, "pol3": 0.6809658849583309, "pol4": -0.0944398511381519, "v0s": 3.539310736354098}, "datetime": {"datetime": "2022-06-16 00:24:30", "elapsed": 253317.497328, "delta": 23.56302}}
{"target": -1.0, "params": {"Bgrad": 1.0333758274807088, "d1": 0.4769713272396312, "d2": 0.6701607729091124, "d3": -1.50831666795353, "d4": 0.9848843209950267, "p1": 14.027889349551936, "p2": 3.448887758739078, "p3": 40.569822566491624, "p4": 31.03420619143982, "pol1": -0.1070800185456724, "pol2": 0.7358274377335925, "pol3": 0.5927814710080082, "pol4": -0.7061531185701069, "v0s": 5.583936076699304}, "datetime": {"datetime": "2022-06-16 00:24:48", "elapsed": 253335.345623, "delta": 17.848295}}
{"target": -1.0, "params": {"Bgrad": 1.7535988273339136, "d1": 0.5746375942924322, "d2": -1.4893112761893805, "d3": -0.5116719868112805, "d4": -0.6547618346601958, "p1": 36.805567939942094, "p2": 46.59974691517671, "p3": 21.36400052519003, "p4": 26.743000834186436, "pol1": 0.03026656443709763, "pol2": 0.04982673178458019, "pol3": -0.25169258913446435, "pol4": -0.2689002957187323, "v0s": 7.936547875274339}, "datetime": {"datetime": "2022-06-16 00:25:06", "elapsed": 253353.439262, "delta": 18.093639}}
{"target": -1.0, "params": {"Bgrad": 1.2476566257118895, "d1": -2.4125755354457814, "d2": -2.3353127913881373, "d3": -2.4885484419977884, "d4": -1.9403023663896164, "p1": 25.268609334983992, "p2": 10.16810281138456, "p3": 42.25635104909512, "p4": 12.913242780072503, "pol1": -0.9730869064657364, "pol2": 0.4713300021912432, "pol3": 0.9909791075950551, "pol4": 0.03252564700577443, "v0s": 7.923087236964426}, "datetime": {"datetime": "2022-06-16 00:25:32", "elapsed": 253379.930455, "delta": 26.491193}}
{"target": -1.0, "params": {"Bgrad": 1.0061691423904298, "d1": -2.080967480498128, "d2": -2.6134079508462325, "d3": -1.464493922140472, "d4": -0.3749887379375645, "p1": 25.350962623595063, "p2": 31.186148910190354, "p3": 12.210758630957013, "p4": 7.9033384253593075, "pol1": -0.6905033067994024, "pol2": 0.04504388839980722, "pol3": 0.4458989807179963, "pol4": 0.7878677694341447, "v0s": 6.987627807973839}, "datetime": {"datetime": "2022-06-16 00:25:51", "elapsed": 253398.236526, "delta": 18.306071}}
{"target": 2.830474049958026, "params": {"Bgrad": 1.2702195225274135, "d1": -1.8925534796807324, "d2": -0.6283692561449685, "d3": -1.4830644980948762, "d4": -2.4315259185632354, "p1": 38.77437707658249, "p2": 36.09841731930538, "p3": 43.64219960095231, "p4": 2.9587483003511994, "pol1": 0.7972297435723308, "pol2": 0.7009773096107879, "pol3": -0.8549466971183355, "pol4": -0.7493702627156738, "v0s": 2.830474049958026}, "datetime": {"datetime": "2022-06-16 00:26:04", "elapsed": 253411.162976, "delta": 12.92645}}
{"target": -1.0, "params": {"Bgrad": 1.11415669491396, "d1": -2.24118095968998, "d2": -2.7971526480615396, "d3": -1.5834495080616238, "d4": -2.094970802192899, "p1": 24.38305436435375, "p2": 43.92978394564059, "p3": 18.42007933346144, "p4": 5.355073300651508, "pol1": -0.24122989843073905, "pol2": -0.276622858859253, "pol3": 0.8876945831155525, "pol4": -0.5063569836034847, "v0s": 7.60679206028912}, "datetime": {"datetime": "2022-06-16 00:26:21", "elapsed": 253428.912534, "delta": 17.749558}}
{"target": -1.0, "params": {"Bgrad": 0.8848078956048515, "d1": -2.1347306248465854, "d2": -0.4753843410520022, "d3": -2.027411141618783, "d4": 0.788132199821824, "p1": 21.740096560773026, "p2": 32.691088835960954, "p3": 42.892148981606404, "p4": 45.53081456295182, "pol1": -0.9804954927481471, "pol2": 0.5159325787600102, "pol3": -0.15743693330547504, "pol4": -0.8549620669871896, "v0s": 6.238360723050522}, "datetime": {"datetime": "2022-06-16 00:26:39", "elapsed": 253446.868541, "delta": 17.956007}}
{"target": -1.0, "params": {"Bgrad": 1.4223021230067212, "d1": -1.1944997671363828, "d2": -0.44096107922116623, "d3": -1.8338778915963028, "d4": 0.954847690138267, "p1": 1.6738204755042951, "p2": 34.86972988275509, "p3": 0.39215920903502566, "p4": 33.48485095928219, "pol1": 0.6362276689505546, "pol2": -0.6809157012708185, "pol3": 0.7189763314691038, "pol4": -0.698796815618357, "v0s": 7.6775966196615615}, "datetime": {"datetime": "2022-06-16 00:26:54", "elapsed": 253461.549302, "delta": 14.680761}}
{"target": -1.0, "params": {"Bgrad": 0.8204126344504457, "d1": -1.280246337656433, "d2": -1.1577851272967674, "d3": -2.6756209223096272, "d4": -0.11688014515357859, "p1": 10.47869972743073, "p2": 45.14870484152879, "p3": 13.740318275330326, "p4": 21.850111829944254, "pol1": 0.19991948165471962, "pol2": -0.8452195263704338, "pol3": -0.6219370907611246, "pol4": -0.8814953961340111, "v0s": 4.372540562665499}, "datetime": {"datetime": "2022-06-16 00:27:09", "elapsed": 253476.587108, "delta": 15.037806}}
{"target": -1.0, "params": {"Bgrad": 0.9734448182115103, "d1": -0.19818249117702713, "d2": -0.8846029603517875, "d3": -2.6325401012822005, "d4": -1.5278674694209067, "p1": 16.4398799459638, "p2": 24.388528583878983, "p3": 36.62758948524471, "p4": 12.951725218536387, "pol1": -0.6120872116463518, "pol2": -0.7203544800122186, "pol3": 0.7647781488825616, "pol4": 0.6162436134514624, "v0s": 2.3744849944641704}, "datetime": {"datetime": "2022-06-16 00:27:26", "elapsed": 253493.299439, "delta": 16.712331}}
{"target": -1.0, "params": {"Bgrad": 1.9706260931248865, "d1": -0.010593488388697114, "d2": -2.144006071970106, "d3": -1.5688887394488389, "d4": 0.7223196598937989, "p1": 33.32195626196407, "p2": 26.682276581298183, "p3": 49.13722871730365, "p4": 21.464106376696336, "pol1": 0.18142376074151456, "pol2": 0.21446578746461342, "pol3": -0.14853912662734614, "pol4": -0.7453079361418224, "v0s": 6.7267369359578755}, "datetime": {"datetime": "2022-06-16 00:27:44", "elapsed": 253511.332241, "delta": 18.032802}}
{"target": 4.350794221342524, "params": {"Bgrad": 1.990020331821976, "d1": 0.09407406479587666, "d2": 0.8080352388947576, "d3": -1.9610573206822588, "d4": -2.1273380764989906, "p1": 21.47096796724361, "p2": 25.586055418376795, "p3": 3.529633826674777, "p4": 4.70016332596555, "pol1": 0.2931808347966196, "pol2": 0.0618776044291065, "pol3": -0.4497970435303291, "pol4": 0.16306308217556031, "v0s": 4.350794221342524}, "datetime": {"datetime": "2022-06-16 00:27:59", "elapsed": 253526.198505, "delta": 14.866264}}
{"target": -1.0, "params": {"Bgrad": 1.913684541408505, "d1": 0.12353343133747385, "d2": 0.19753091918955512, "d3": -2.614081737715944, "d4": -2.4254773813098995, "p1": 18.121343122616008, "p2": 14.970136235252458, "p3": 6.534753690034734, "p4": 30.211600250214403, "pol1": -0.8119324281592386, "pol2": 0.28238039548015625, "pol3": 0.4032851070332757, "pol4": 0.7329922720385063, "v0s": 4.925662105289436}, "datetime": {"datetime": "2022-06-16 00:28:16", "elapsed": 253543.474331, "delta": 17.275826}}
{"target": -1.0, "params": {"Bgrad": 0.6855325480852226, "d1": -1.7753983966883973, "d2": -1.623062153295478, "d3": 0.48009713788647135, "d4": 0.5002320435174505, "p1": 18.997463527199443, "p2": 23.954862951200283, "p3": 3.6638969132904933, "p4": 12.044251813908707, "pol1": -0.2212262537054308, "pol2": 0.8505995515489899, "pol3": 0.845204979924185, "pol4": 0.9046405653146221, "v0s": 6.340750901106819}, "datetime": {"datetime": "2022-06-16 00:28:29", "elapsed": 253556.547388, "delta": 13.073057}}
{"target": 4.228368626917227, "params": {"Bgrad": 1.4942661586972315, "d1": -2.1121890520822157, "d2": -2.99906125071065, "d3": -0.6331736848195391, "d4": -1.813512055421182, "p1": 2.02787147785401, "p2": 25.58552640915932, "p3": 15.841894250805044, "p4": 40.65034749990338, "pol1": -0.9080614021846574, "pol2": 0.5028644003089191, "pol3": -0.6072911626508133, "pol4": 0.09219041183021814, "v0s": 4.228368626917227}, "datetime": {"datetime": "2022-06-16 00:28:45", "elapsed": 253572.931596, "delta": 16.384208}}
{"target": -1.0, "params": {"Bgrad": 1.8485091604320472, "d1": -0.4207749145857105, "d2": -1.954940598209943, "d3": -2.893727449339742, "d4": -2.0080831421947227, "p1": 1.789530546023449, "p2": 0.6655372707377205, "p3": 39.98004223721471, "p4": 11.649251454945125, "pol1": 0.4678639540633094, "pol2": 0.021464002842737306, "pol3": 0.6041718804295213, "pol4": 0.899583493565471, "v0s": 3.8827387748214264}, "datetime": {"datetime": "2022-06-16 00:29:02", "elapsed": 253589.998978, "delta": 17.067382}}
{"target": -1.0, "params": {"Bgrad": 0.9219030358519456, "d1": -1.8388951497340775, "d2": -2.7163435305393104, "d3": -0.04217438547452579, "d4": -2.5768977683606584, "p1": 25.54151685179104, "p2": 4.701252769266101, "p3": 9.080048366818188, "p4": 9.431070364903093, "pol1": 0.2605788919290031, "pol2": 0.0483596324420148, "pol3": 0.3497891922020233, "pol4": 0.7191165219616111, "v0s": 6.8196034692146705}, "datetime": {"datetime": "2022-06-16 00:29:21", "elapsed": 253608.539423, "delta": 18.540445}}
{"target": -1.0, "params": {"Bgrad": 1.1534697778694336, "d1": -1.5096765825555818, "d2": -1.962015427412103, "d3": -2.5611159565656925, "d4": -0.9608201609224065, "p1": 26.793874171612043, "p2": 9.538803359697113, "p3": 13.956861299678069, "p4": 20.96931127166869, "pol1": 0.638300369518721, "pol2": 0.32706962499466896, "pol3": -0.5769593207490942, "pol4": 0.18206943731079517, "v0s": 5.68120787862129}, "datetime": {"datetime": "2022-06-16 00:29:38", "elapsed": 253625.218841, "delta": 16.679418}}
{"target": 3.887015763562349, "params": {"Bgrad": 1.110129167644718, "d1": -1.505900346841078, "d2": 0.6853604644458073, "d3": -2.65957054064902, "d4": -1.6354129920625398, "p1": 12.069521977272945, "p2": 19.502533362818188, "p3": 39.47063204040128, "p4": 49.56935258554003, "pol1": -0.030674870001970778, "pol2": 0.20615058713151968, "pol3": -0.6793074949324429, "pol4": -0.33434116708513817, "v0s": 3.887015763562349}, "datetime": {"datetime": "2022-06-16 00:29:52", "elapsed": 253639.210444, "delta": 13.991603}}
{"target": -1.0, "params": {"Bgrad": 0.5583538817588632, "d1": -2.6029557894907707, "d2": -2.124260189352721, "d3": -2.18886721800744, "d4": -2.866079739068644, "p1": 45.12775773484658, "p2": 18.82441001194494, "p3": 19.831656775377095, "p4": 41.680220788138634, "pol1": 0.11692988023764173, "pol2": 0.5617749902869325, "pol3": -0.6234343762681189, "pol4": -0.4316443254860294, "v0s": 6.80459008489189}, "datetime": {"datetime": "2022-06-16 00:30:04", "elapsed": 253651.201394, "delta": 11.99095}}
{"target": -1.0, "params": {"Bgrad": 1.5136875127278109, "d1": -0.753903396478969, "d2": -0.8675961691802647, "d3": -1.7453884832716335, "d4": -2.233232908100218, "p1": 48.12886751125277, "p2": 36.69531851814815, "p3": 10.235856893660406, "p4": 13.976332797817259, "pol1": 0.2657301817743465, "pol2": 0.1984751694180169, "pol3": -0.19433009406719948, "pol4": -0.03453512181144314, "v0s": 7.882155180665478}, "datetime": {"datetime": "2022-06-16 00:30:23", "elapsed": 253670.363178, "delta": 19.161784}}
{"target": -1.0, "params": {"Bgrad": 1.885976532858431, "d1": 0.6841019247509368, "d2": 0.9446042599455153, "d3": -1.2857302977679979, "d4": -2.604639372437481, "p1": 1.3470371023281802, "p2": 49.22447987136295, "p3": 32.474826150820604, "p4": 32.36003287494662, "pol1": 0.44488415271366377, "pol2": 0.502479226477367, "pol3": -0.5746984255874388, "pol4": 0.5091356353925676, "v0s": 6.176230615123495}, "datetime": {"datetime": "2022-06-16 00:30:43", "elapsed": 253690.596098, "delta": 20.23292}}
{"target": -1.0, "params": {"Bgrad": 1.7124184878066018, "d1": -1.537530070896572, "d2": -2.1336265537158328, "d3": -2.650772510606364, "d4": -2.6980454023636757, "p1": 46.48440571409897, "p2": 18.930556870157428, "p3": 6.4238845337573345, "p4": 20.49833622037211, "pol1": -0.18416323212387908, "pol2": -0.358262485935549, "pol3": -0.4288814921132116, "pol4": 0.3997765194434162, "v0s": 6.851152572626841}, "datetime": {"datetime": "2022-06-16 00:31:03", "elapsed": 253710.752224, "delta": 20.156126}}
{"target": -1.0, "params": {"Bgrad": 1.0158626024450623, "d1": 0.49121324655434995, "d2": 0.6426656283537189, "d3": 0.1437928554168284, "d4": -1.6217370626518766, "p1": 11.933574204287478, "p2": 40.793550649151264, "p3": 19.566925644114157, "p4": 41.12511998120223, "pol1": -0.4816357188081648, "pol2": -0.09402600462083543, "pol3": 0.9007791874713769, "pol4": 0.6616025067438411, "v0s": 2.9551808220469398}, "datetime": {"datetime": "2022-06-16 00:31:23", "elapsed": 253730.81859, "delta": 20.066366}}
{"target": -1.0, "params": {"Bgrad": 0.903446352751514, "d1": 0.6462682371282478, "d2": -2.6382349161406484, "d3": -0.6202087395649207, "d4": 0.8562826066777758, "p1": 30.969374920583743, "p2": 2.764151471961579, "p3": 26.06587226111633, "p4": 48.94138427755034, "pol1": -0.4856723154599554, "pol2": -0.5968541391607134, "pol3": -0.47206345208393174, "pol4": -0.8116419579889624, "v0s": 6.306608601407499}, "datetime": {"datetime": "2022-06-16 00:31:38", "elapsed": 253745.664909, "delta": 14.846319}}
{"target": -1.0, "params": {"Bgrad": 1.5559982056669157, "d1": 0.0034609968296290816, "d2": -2.9991074712482755, "d3": -0.660412261294951, "d4": 0.030525657514616, "p1": 27.517811181676844, "p2": 46.52266102582916, "p3": 41.00202199923342, "p4": 0.6386336164895645, "pol1": 0.44384739727313227, "pol2": 0.6663219802254117, "pol3": -0.3927528165223555, "pol4": -0.05810854688927902, "v0s": 4.276835742584315}, "datetime": {"datetime": "2022-06-16 00:31:58", "elapsed": 253765.309403, "delta": 19.644494}}
{"target": -1.0, "params": {"Bgrad": 1.3987143749583597, "d1": -0.69019227770025, "d2": -2.8058849017580956, "d3": -2.469933238487808, "d4": -0.5435012854476162, "p1": 36.25574037700205, "p2": 34.46412516003357, "p3": 47.8337532647546, "p4": 16.193800043989597, "pol1": 0.8458516223724144, "pol2": -0.26911917623959836, "pol3": 0.1848104682995464, "pol4": 0.2768293844029115, "v0s": 6.74823868807484}, "datetime": {"datetime": "2022-06-16 00:32:13", "elapsed": 253780.745146, "delta": 15.435743}}
{"target": -1.0, "params": {"Bgrad": 1.6913103124340303, "d1": -0.2757708909517076, "d2": 0.06939814873736827, "d3": -2.408632863485214, "d4": -1.927598779447374, "p1": 3.626957507185163, "p2": 30.823380436566968, "p3": 11.152891186223629, "p4": 21.734613451298294, "pol1": 0.6736785574065329, "pol2": 0.49636298264891354, "pol3": 0.7288956409967902, "pol4": 0.36953499997968553, "v0s": 4.086943519059922}, "datetime": {"datetime": "2022-06-16 00:32:52", "elapsed": 253819.771834, "delta": 39.026688}}
{"target": -1.0, "params": {"Bgrad": 1.151537837140549, "d1": -2.277982144931615, "d2": -1.6861483396795554, "d3": -0.1048017621941284, "d4": -0.8222703391875208, "p1": 18.838895900246577, "p2": 0.5595635611503391, "p3": 5.759638145510504, "p4": 2.625607578848832, "pol1": -0.3877685421284225, "pol2": 0.008849316843142718, "pol3": -0.9977134149424585, "pol4": 0.7044019058952475, "v0s": 4.576498479741908}, "datetime": {"datetime": "2022-06-16 00:33:15", "elapsed": 253842.186922, "delta": 22.415088}}
{"target": -1.0, "params": {"Bgrad": 1.6291332614498797, "d1": -1.514075226473695, "d2": -1.762929158296461, "d3": 0.5853105155109124, "d4": 0.8516193951609394, "p1": 30.485174120207432, "p2": 47.71232434265205, "p3": 29.036904562064464, "p4": 46.50299856803348, "pol1": -0.9944155453340648, "pol2": -0.1603107360563254, "pol3": 0.7395800078282311, "pol4": -0.20942904973824028, "v0s": 4.068596772718562}, "datetime": {"datetime": "2022-06-16 00:33:35", "elapsed": 253862.180482, "delta": 19.99356}}
{"target": -1.0, "params": {"Bgrad": 1.2733108502656219, "d1": -0.7396775847507722, "d2": 0.7048395210993208, "d3": 0.8420903198484808, "d4": -2.5792925401032067, "p1": 31.799540266494454, "p2": 35.76204631594942, "p3": 39.03599257760183, "p4": 46.98369403453055, "pol1": -0.11753493797450587, "pol2": 0.7912333310307917, "pol3": -0.7107702417268169, "pol4": 0.9359755760555797, "v0s": 5.938803147407588}, "datetime": {"datetime": "2022-06-16 00:33:56", "elapsed": 253883.258145, "delta": 21.077663}}
{"target": -1.0, "params": {"Bgrad": 1.0369518732740959, "d1": -1.488561786565, "d2": -2.645128337818314, "d3": -1.8225361799423272, "d4": -1.421074687507096, "p1": 44.3910412563399, "p2": 36.16288718750187, "p3": 18.253850300719144, "p4": 0.6086267706190474, "pol1": -0.2322471954044174, "pol2": 0.8351506348993669, "pol3": 0.3632881543977262, "pol4": 0.05321850042913878, "v0s": 5.636417197485257}, "datetime": {"datetime": "2022-06-16 00:34:12", "elapsed": 253899.289297, "delta": 16.031152}}
{"target": 2.8478553354017793, "params": {"Bgrad": 1.8879422718356165, "d1": -1.5281305096068003, "d2": -1.1776084691382867, "d3": -0.37558487783438066, "d4": 0.5946672344805277, "p1": 9.052896371145714, "p2": 49.580659466729735, "p3": 19.708387385444603, "p4": 18.647670146426528, "pol1": 0.18372212962547496, "pol2": 0.3525490115190886, "pol3": 0.2992102817329778, "pol4": 0.09329384076735558, "v0s": 2.8478553354017793}, "datetime": {"datetime": "2022-06-16 00:34:22", "elapsed": 253909.65958, "delta": 10.370283}}
{"target": -1.0, "params": {"Bgrad": 1.2768445358261666, "d1": -1.186841154971698, "d2": -0.08902182158535465, "d3": -0.9897043197755822, "d4": -2.5378711406791923, "p1": 22.447045253121416, "p2": 28.53241606668233, "p3": 36.861079909361855, "p4": 18.06257689690111, "pol1": 0.05373247836544448, "pol2": -0.9099589008271163, "pol3": 0.06281860224282765, "pol4": -0.05802873924436036, "v0s": 4.934819476051724}, "datetime": {"datetime": "2022-06-16 00:35:19", "elapsed": 253966.394935, "delta": 56.735355}}
{"target": -1.0, "params": {"Bgrad": 0.523151175502977, "d1": -0.784596889081703, "d2": 0.8291980022314789, "d3": -0.836755601391558, "d4": -2.519404889153678, "p1": 10.869076234861241, "p2": 0.9616784110715482, "p3": 48.2307795287864, "p4": 33.84648570036279, "pol1": -0.6216212317636642, "pol2": 0.8597522406286595, "pol3": -0.900549636127107, "pol4": 0.12768143698630952, "v0s": 4.955347490707532}, "datetime": {"datetime": "2022-06-16 00:36:38", "elapsed": 254045.408745, "delta": 79.01381}}
{"target": -1.0, "params": {"Bgrad": 1.7413342867681556, "d1": 0.6533565950308824, "d2": -0.20653263973042124, "d3": -1.0635753834377533, "d4": -1.3624664254479475, "p1": 25.921430498047954, "p2": 6.810646193020281, "p3": 32.376103389461036, "p4": 27.17411642999889, "pol1": 0.11741433322140571, "pol2": 0.3487510827385336, "pol3": 0.4237057103664539, "pol4": 0.4620061294794724, "v0s": 3.797740511365082}, "datetime": {"datetime": "2022-06-16 00:36:55", "elapsed": 254062.173934, "delta": 16.765189}}
{"target": -1.0, "params": {"Bgrad": 1.9497644978151167, "d1": -1.3233757539727464, "d2": -2.3753439545756554, "d3": -1.1755359523911673, "d4": -1.6860449669800746, "p1": 7.304042797354127, "p2": 45.672665403133536, "p3": 11.109959231898896, "p4": 45.30239419877613, "pol1": -0.08508473570428521, "pol2": -0.8123641523470466, "pol3": -0.02768719041908496, "pol4": -0.4051984568788922, "v0s": 6.4725053439259685}, "datetime": {"datetime": "2022-06-16 00:37:12", "elapsed": 254079.233337, "delta": 17.059403}}
