{"target": -1.0, "params": {"Bgrad": 1.5393383639178975, "d1": -0.744950653226951, "d2": -2.7428061231302, "d3": -2.3361587743558148, "d4": 0.4994056360818222, "p1": 33.94558153135658, "p2": 18.866392655587394, "p3": 49.01297812227354, "p4": 3.6568631252575035, "pol1": 0.7724478553884204, "pol2": -0.9888829292536949, "pol3": 0.6668071476781965, "pol4": -0.4661342092161962, "v0s": 6.004300687297524}, "datetime": {"datetime": "2022-06-16 00:50:02", "elapsed": 254849.395823, "delta": 19.670424}}
{"target": -1.0, "params": {"Bgrad": 1.710294250408709, "d1": -2.420454090582493, "d2": -1.7825133292882853, "d3": -2.4008998142702356, "d4": -2.734429012359028, "p1": 3.358997969968275, "p2": 41.914057552330156, "p3": 7.513569264088965, "p4": 24.59849709414942, "pol1": -0.8325742473662086, "pol2": -0.21307261934914234, "pol3": 0.9747766834845295, "pol4": -0.43801247798212284, "v0s": 3.838873670546146}, "datetime": {"datetime": "2022-06-16 00:50:21", "elapsed": 254868.568578, "delta": 19.172755}}
{"target": -1.0, "params": {"Bgrad": 0.5591583251986666, "d1": -0.49784357070976615, "d2": -2.5267511913990566, "d3": -1.5111238575023367, "d4": -2.4348473190436977, "p1": 31.89372793287726, "p2": 10.655046471509621, "p3": 24.081234319139, "p4": 34.42545049246327, "pol1": 0.23597581163634018, "pol2": -0.46677550560374415, "pol3": -0.810253890068116, "pol4": 0.18648786156958508, "v0s": 5.458828015625023}, "datetime": {"datetime": "2022-06-16 00:50:35", "elapsed": 254882.767626, "delta": 14.199048}}
{"target": -1.0, "params": {"Bgrad": 1.879527564246707, "d1": 0.9078702950396598, "d2": -0.6583765261143522, "d3": -2.2838220884667657, "d4": 0.8736732432162371, "p1": 40.0478314260703, "p2": 44.6978594874989, "p3": 41.724799662824616, "p4": 29.649959854237007, "pol1": 0.9992885190770535, "pol2": 0.17099138859622665, "pol3": 0.6259950460043702, "pol4": -0.8252034042652705, "v0s": 4.666756357938889}, "datetime": {"datetime": "2022-06-16 00:51:01", "elapsed": 254908.526776, "delta": 25.75915}}
{"target": -1.0, "params": {"Bgrad": 0.9138059195474821, "d1": -2.559229107649866, "d2": -0.8165128509535386, "d3": -0.9680499540002976, "d4": -0.8247389263748088, "p1": 29.062209028028786, "p2": 11.718280225455874, "p3": 29.48973028625059, "p4": 35.14634459825404, "pol1": 0.19052585754945284, "pol2": 0.31343096818975025, "pol3": 0.8021745328095757, "pol4": -0.13336807447271193, "v0s": 2.913461793789403}, "datetime": {"datetime": "2022-06-16 00:51:09", "elapsed": 254916.777723, "delta": 8.250947}}
{"target": -1.0, "params": {"Bgrad": 1.5183730314468213, "d1": -1.7681675297744364, "d2": 0.34874412194363247, "d3": -1.2918031072664973, "d4": -2.8084194487985994, "p1": 31.48804451730663, "p2": 30.076194455653965, "p3": 15.207161288520304, "p4": 23.633244442534846, "pol1": 0.6528097718350483, "pol2": -0.14003760287704958, "pol3": 0.07589658113949249, "pol4": -0.7001019822592951, "v0s": 7.443788300729349}, "datetime": {"datetime": "2022-06-16 00:51:28", "elapsed": 254935.837778, "delta": 19.060055}}
{"target": -1.0, "params": {"Bgrad": 1.65833538217384, "d1": -0.0658598524139582, "d2": 0.21172531286277163, "d3": -0.496772283134189, "d4": -2.4778389913184955, "p1": 48.53811818145786, "p2": 3.8455568909891547, "p3": 31.746706246959892, "p4": 49.62898215657874, "pol1": -0.6057529727732829, "pol2": -0.6827622499458981, "pol3": 0.5605773395777438, "pol4": -0.47504813676242796, "v0s": 6.270793713998081}, "datetime": {"datetime": "2022-06-16 00:51:52", "elapsed": 254959.650132, "delta": 23.812354}}
{"target": -1.0, "params": {"Bgrad": 0.5698070664788881, "d1": -2.0555223929426796, "d2": -1.8696910122537465, "d3": -1.821983174404624, "d4": 0.5698718404631973, "p1": 42.29014169138308, "p2": 31.897647659703175, "p3": 36.150142440167606, "p4": 7.889370477326796, "pol1": 0.8832624410496015, "pol2": 0.0679850816337817, "pol3": 0.5137663160214119, "pol4": 0.17494301081733354, "v0s": 7.944204964851671}, "datetime": {"datetime": "2022-06-16 00:52:07", "elapsed": 254974.575239, "delta": 14.925107}}
{"target": 3.8602506858849646, "params": {"Bgrad": 1.0741692135245036, "d1": -1.4289268415169127, "d2": 0.4126368428395897, "d3": -2.9740173426767447, "d4": -2.9067816319159507, "p1": 37.88583898881745, "p2": 9.118361213422476, "p3": 9.176038486228343, "p4": 25.097557841744482, "pol1": -0.7176682674204518, "pol2": -0.3422490702884313, "pol3": 0.5151525430255115, "pol4": 0.2799143721789854, "v0s": 3.8602506858849646}, "datetime": {"datetime": "2022-06-16 00:52:20", "elapsed": 254988.046234, "delta": 13.470995}}
{"target": -1.0, "params": {"Bgrad": 1.000017752862404, "d1": 0.6735745025451494, "d2": -2.029495933460297, "d3": -0.4314590266537217, "d4": 0.8571101849771523, "p1": 18.88368223160912, "p2": 42.042015003634205, "p3": 5.618924679119397, "p4": 41.726888627637976, "pol1": -0.8013188191154101, "pol2": -0.8218032342394905, "pol3": -0.2446958622813835, "pol4": 0.19975277472551833, "v0s": 3.74290233724203}, "datetime": {"datetime": "2022-06-16 00:52:42", "elapsed": 255009.971635, "delta": 21.925401}}
{"target": -1.0, "params": {"Bgrad": 1.1152836416556533, "d1": -2.731233342474911, "d2": -1.6279646457711907, "d3": 0.33543593482109424, "d4": -1.6519837339903671, "p1": 5.528729959752299, "p2": 34.971460533369445, "p3": 35.3581221536961, "p4": 34.52343859909294, "pol1": 0.5418615130526547, "pol2": -0.6702136318368386, "pol3": 0.12821689711181827, "pol4": 0.8413777065918062, "v0s": 4.939844167938555}, "datetime": {"datetime": "2022-06-16 00:53:07", "elapsed": 255034.374406, "delta": 24.402771}}
{"target": -1.0, "params": {"Bgrad": 1.93551475908891, "d1": 0.3543459163286027, "d2": 0.7513514753648378, "d3": -1.0190162411683437, "d4": -1.8429270132949767, "p1": 32.382458217529006, "p2": 35.37798633521153, "p3": 49.53885098871394, "p4": 8.713567569400748, "pol1": 0.496321828970792, "pol2": -0.3565659631762228, "pol3": 0.26561325554393056, "pol4": 0.6151791733065126, "v0s": 7.488692559829966}, "datetime": {"datetime": "2022-06-16 00:53:26", "elapsed": 255053.320766, "delta": 18.94636}}
{"target": 4.322684011666446, "params": {"Bgrad": 1.0585279438791932, "d1": -0.8791479659050743, "d2": 0.9700220968542497, "d3": -1.7178974114014176, "d4": -2.247624379391814, "p1": 14.344161796065864, "p2": 47.78932546172398, "p3": 25.90924052109861, "p4": 18.68936679525127, "pol1": 0.9509632703150845, "pol2": -0.4391138918461137, "pol3": -0.16589229067245403, "pol4": 0.3380187272149102, "v0s": 4.322684011666446}, "datetime": {"datetime": "2022-06-16 00:53:41", "elapsed": 255068.55405, "delta": 15.233284}}
{"target": -1.0, "params": {"Bgrad": 0.5646232976090998, "d1": 0.18125452367240147, "d2": -0.005271124778619463, "d3": -2.9121192791168067, "d4": 0.7283612181976311, "p1": 5.7993389198900065, "p2": 46.056384259457495, "p3": 11.192062807565934, "p4": 37.73746077917332, "pol1": 0.8745637744388517, "pol2": 0.10154314061669889, "pol3": -0.02932410883092329, "pol4": 0.3769484421999172, "v0s": 2.3584848925863438}, "datetime": {"datetime": "2022-06-16 00:54:01", "elapsed": 255089.031318, "delta": 20.477268}}
{"target": -1.0, "params": {"Bgrad": 0.5384980993743269, "d1": 0.745246374922242, "d2": -1.4249411968637187, "d3": -0.06178064271488859, "d4": -0.47193914882974886, "p1": 45.229097587577414, "p2": 38.565485670443124, "p3": 15.109350000480081, "p4": 31.450382062284383, "pol1": 0.44323458141439986, "pol2": -0.6162309421036738, "pol3": -0.17226270796699428, "pol4": -0.9615411828242952, "v0s": 7.776627761795353}, "datetime": {"datetime": "2022-06-16 00:54:17", "elapsed": 255104.264602, "delta": 15.233284}}
{"target": -1.0, "params": {"Bgrad": 1.7420039903211137, "d1": 0.5887998944716104, "d2": -2.167264874591168, "d3": 0.8000481695783317, "d4": 0.2641318434637814, "p1": 8.720192760303396, "p2": 11.552842955596004, "p3": 3.3182009609963368, "p4": 10.95924663045889, "pol1": 0.11496216969485906, "pol2": 0.11686050883353061, "pol3": 0.020987356927079315, "pol4": 0.8678497280843547, "v0s": 6.436763150193554}, "datetime": {"datetime": "2022-06-16 00:54:35", "elapsed": 255122.510834, "delta": 18.246232}}
{"target": -1.0, "params": {"Bgrad": 1.775419824337026, "d1": -1.521227510516495, "d2": 0.954294876577293, "d3": -1.8312199373401556, "d4": -1.3167499079250922, "p1": 28.200604484074134, "p2": 18.875326908131285, "p3": 20.87241820946012, "p4": 22.031905864077707, "pol1": -0.9915306069039085, "pol2": -0.6620152327007924, "pol3": 0.018040773696397228, "pol4": -0.48056726943967476, "v0s": 6.70680789892877}, "datetime": {"datetime": "2022-06-16 00:54:56", "elapsed": 255143.773003, "delta": 21.262169}}
{"target": 2.3378689700564967, "params": {"Bgrad": 0.6999910949178969, "d1": -0.9277523446351816, "d2": -0.23326068963132363, "d3": 0.7048755992998443, "d4": -0.5837231746320377, "p1": 44.24364830621543, "p2": 18.386850656847464, "p3": 20.065200635487756, "p4": 26.44346301094551, "pol1": -0.30134634163386576, "pol2": -0.6890556156493182, "pol3": -0.898945758155302, "pol4": -0.3202317683672893, "v0s": 2.3378689700564967}, "datetime": {"datetime": "2022-06-16 00:55:03", "elapsed": 255150.470102, "delta": 6.697099}}
{"target": 2.4409590667433125, "params": {"Bgrad": 0.5733917582714649, "d1": -0.9155640744603217, "d2": -2.9814213925496205, "d3": -1.8245441033532104, "d4": -2.20030922006689, "p1": 47.91429586006647, "p2": 38.517460305276714, "p3": 5.638760860756953, "p4": 37.419288135275785, "pol1": 0.3039244531863279, "pol2": -0.6293291558001055, "pol3": -0.16103791126518807, "pol4": -0.5998526666430588, "v0s": 2.4409590667433125}, "datetime": {"datetime": "2022-06-16 00:55:11", "elapsed": 255158.407886, "delta": 7.937784}}
{"target": -1.0, "params": {"Bgrad": 0.7862008378876622, "d1": -1.0103601040099313, "d2": -0.019180297184226536, "d3": -1.2897240167260233, "d4": 0.18376726667114163, "p1": 30.422865948323636, "p2": 45.32923424708288, "p3": 24.331635360239616, "p4": 28.240944399836266, "pol1": 0.4064625673726028, "pol2": 0.5723599553312033, "pol3": -0.5144823827972953, "pol4": -0.6443575537075741, "v0s": 3.517579554747657}, "datetime": {"datetime": "2022-06-16 00:55:26", "elapsed": 255173.97029, "delta": 15.562404}}
{"target": -1.0, "params": {"Bgrad": 1.8736104759049657, "d1": -0.43024882196807424, "d2": -1.0896242697557934, "d3": 0.8204638944776792, "d4": -2.1936655121380175, "p1": 8.899765504904305, "p2": 8.566080363021106, "p3": 24.56527427611499, "p4": 37.231558707530525, "pol1": -0.8626311211864113, "pol2": -0.46755248259078774, "pol3": 0.5149547486966424, "pol4": 0.6547507624524846, "v0s": 5.787806297193763}, "datetime": {"datetime": "2022-06-16 00:55:46", "elapsed": 255193.167968, "delta": 19.197678}}
{"target": -1.0, "params": {"Bgrad": 0.7214699597475203, "d1": -1.9967717795933195, "d2": -2.041613420387041, "d3": -1.9709242280730233, "d4": 0.9163306828193636, "p1": 47.5721383485664, "p2": 28.674578926882745, "p3": 8.041547692787232, "p4": 24.21472990903909, "pol1": -0.7088382810371863, "pol2": -0.8256492194591059, "pol3": 0.6677389430169705, "pol4": -0.07177041123343542, "v0s": 7.6592202878978215}, "datetime": {"datetime": "2022-06-16 00:55:56", "elapsed": 255203.717771, "delta": 10.549803}}
{"target": -1.0, "params": {"Bgrad": 1.360505786193298, "d1": 0.9308869288826127, "d2": -0.2157014332628413, "d3": 0.0432197248887749, "d4": -0.13592359691826994, "p1": 40.02396133101055, "p2": 3.2332032201548455, "p3": 47.54168772256261, "p4": 3.6893373860636514, "pol1": -0.012790622188307177, "pol2": 0.2160511469745181, "pol3": -0.04009000339359248, "pol4": 0.373243964736504, "v0s": 7.596502652030763}, "datetime": {"datetime": "2022-06-16 00:56:12", "elapsed": 255219.076719, "delta": 15.358948}}
{"target": 3.1754689692574187, "params": {"Bgrad": 1.439160094389923, "d1": -1.3233564697616513, "d2": -0.7879472400837186, "d3": -2.8622651295071044, "d4": -0.604219129458059, "p1": 48.81853608190361, "p2": 42.15181556253306, "p3": 37.26433477615802, "p4": 16.42989590676771, "pol1": -0.863493049476793, "pol2": -0.3271215852213465, "pol3": -0.18883168976759768, "pol4": -0.02707483664613375, "v0s": 3.1754689692574187}, "datetime": {"datetime": "2022-06-16 00:56:22", "elapsed": 255229.991545, "delta": 10.914826}}
{"target": -1.0, "params": {"Bgrad": 1.557455384047506, "d1": -2.976781323440704, "d2": -2.918220038729196, "d3": -2.5284587190422543, "d4": -1.5180412453353402, "p1": 38.30786938107087, "p2": 30.885363344625897, "p3": 15.012572857039835, "p4": 9.192026342041288, "pol1": 0.6172046286289699, "pol2": 0.48868374290054417, "pol3": -0.8455315353224273, "pol4": 0.6253220307329654, "v0s": 6.650447126983967}, "datetime": {"datetime": "2022-06-16 00:56:45", "elapsed": 255252.359758, "delta": 22.368213}}
{"target": -1.0, "params": {"Bgrad": 1.1252576840291886, "d1": -1.3364582973424257, "d2": -2.384095195539643, "d3": -1.4055659193567083, "d4": -2.0909970688732726, "p1": 24.337840554216108, "p2": 17.905281813878094, "p3": 22.294448176017433, "p4": 34.96046585229348, "pol1": 0.47214774727315834, "pol2": 0.9985196515777, "pol3": 0.9977086107373405, "pol4": 0.021934033154724197, "v0s": 4.613528623108857}, "datetime": {"datetime": "2022-06-16 00:57:00", "elapsed": 255267.412525, "delta": 15.052767}}
{"target": -1.0, "params": {"Bgrad": 1.3328860390316788, "d1": 0.21976088067221378, "d2": -1.640362194951046, "d3": 0.18371858666745933, "d4": 0.37716530131749826, "p1": 18.383188138044076, "p2": 47.21927444242847, "p3": 44.37597979609323, "p4": 19.8986883763965, "pol1": -0.6357727878516701, "pol2": 0.8900176197724483, "pol3": 0.22106606884629665, "pol4": -0.9011904734074507, "v0s": 7.162920046260869}, "datetime": {"datetime": "2022-06-16 00:57:21", "elapsed": 255288.77742, "delta": 21.364895}}
{"target": -1.0, "params": {"Bgrad": 0.9334648767387297, "d1": 0.5565662584733277, "d2": -0.9938785577485536, "d3": -2.7682804957057683, "d4": -0.37270831000868787, "p1": 35.719009261570946, "p2": 49.77640136172424, "p3": 46.06959622232473, "p4": 35.60040414893656, "pol1": -0.37216132744271735, "pol2": -0.44738645660453136, "pol3": 0.19979437633138697, "pol4": 0.7717075592417078, "v0s": 5.588789615879585}, "datetime": {"datetime": "2022-06-16 00:57:43", "elapsed": 255310.298897, "delta": 21.521477}}
{"target": -1.0, "params": {"Bgrad": 0.7704711267036457, "d1": -0.6910668053855322, "d2": 0.14823987872070754, "d3": 0.025040076392342847, "d4": -2.2013344932815513, "p1": 17.962459493256922, "p2": 27.820366164205133, "p3": 33.254903814972266, "p4": 47.2508174599857, "pol1": 0.41759436488409385, "pol2": -0.8340837394806788, "pol3": 0.9473658098205178, "pol4": 0.687427406787738, "v0s": 6.754322793862622}, "datetime": {"datetime": "2022-06-16 00:57:59", "elapsed": 255327.032171, "delta": 16.733274}}
{"target": -1.0, "params": {"Bgrad": 1.6361998144368268, "d1": 0.5385442685385136, "d2": -0.654242690336651, "d3": 0.10846139461924276, "d4": -0.5737009664491115, "p1": 47.777438519408, "p2": 35.771592687839146, "p3": 45.03544965918756, "p4": 10.957714009540826, "pol1": -0.14735948141283362, "pol2": 0.28324749931753224, "pol3": 0.9192218150709999, "pol4": -0.8577051652812833, "v0s": 2.3229034849155763}, "datetime": {"datetime": "2022-06-16 00:58:21", "elapsed": 255348.402053, "delta": 21.369882}}
{"target": -1.0, "params": {"Bgrad": 1.2680916016498796, "d1": -1.3153953334316215, "d2": -0.03271844044671779, "d3": -1.796703616091258, "d4": -2.741821245880157, "p1": 16.726419880995525, "p2": 44.38256257127413, "p3": 27.040733319271666, "p4": 43.32038248011419, "pol1": 0.8228394777804051, "pol2": 0.3961513578364375, "pol3": 0.21145609025516543, "pol4": 0.3193790235889118, "v0s": 7.934135134970555}, "datetime": {"datetime": "2022-06-16 00:58:37", "elapsed": 255364.399295, "delta": 15.997242}}
{"target": -1.0, "params": {"Bgrad": 1.3491732302352355, "d1": -2.827844275387403, "d2": 0.2796559383971644, "d3": -0.3479062776329447, "d4": 0.03877382681928587, "p1": 21.90443194480337, "p2": 47.439792310620035, "p3": 41.61667076267593, "p4": 5.114412659268686, "pol1": 0.4256822389850703, "pol2": 0.38004124021633134, "pol3": 0.6689098700594682, "pol4": -0.360344062353269, "v0s": 6.844990466345641}, "datetime": {"datetime": "2022-06-16 00:58:54", "elapsed": 255381.919467, "delta": 17.520172}}
{"target": 2.338568670389056, "params": {"Bgrad": 1.8482303694089421, "d1": -1.7589224929066218, "d2": 0.0628109994309658, "d3": 0.17308135774681688, "d4": -0.20515348117816812, "p1": 26.57024285690423, "p2": 35.42292588316376, "p3": 33.50149469654044, "p4": 20.48044922252067, "pol1": 0.22925799394206448, "pol2": 0.17879916640882043, "pol3": 0.0007712531733463646, "pol4": -0.4705909131025896, "v0s": 2.338568670389056}, "datetime": {"datetime": "2022-06-16 00:59:06", "elapsed": 255393.651111, "delta": 11.731644}}
{"target": -1.0, "params": {"Bgrad": 0.9821645450733429, "d1": -0.18093369562375639, "d2": -2.6057825190204085, "d3": -0.5858907216563578, "d4": 0.821186720292483, "p1": 26.209311135222706, "p2": 4.120037518101377, "p3": 39.99496462731128, "p4": 44.12385974745294, "pol1": -0.4705729373752561, "pol2": 0.6041241795563435, "pol3": 0.6785914504129402, "pol4": 0.034785978548808716, "v0s": 4.642673079276161}, "datetime": {"datetime": "2022-06-16 00:59:23", "elapsed": 255410.460183, "delta": 16.809072}}
{"target": -1.0, "params": {"Bgrad": 0.6345909095255743, "d1": 0.515098278523034, "d2": -1.8275831322554317, "d3": 0.38786065363207456, "d4": -0.2813218851850876, "p1": 18.566522687385074, "p2": 4.764302837575723, "p3": 13.928495891268522, "p4": 39.024812786722464, "pol1": -0.043460447533345326, "pol2": -0.07874225948978486, "pol3": 0.1100542418802859, "pol4": 0.4327162567524434, "v0s": 6.116286165660627}, "datetime": {"datetime": "2022-06-16 00:59:35", "elapsed": 255422.127999, "delta": 11.667816}}
{"target": -1.0, "params": {"Bgrad": 1.7142414063607656, "d1": -2.847782127338865, "d2": -2.5309053279666993, "d3": 0.28407890251548684, "d4": -2.334648232781339, "p1": 44.5235804025328, "p2": 25.601344230063717, "p3": 2.0766137352312364, "p4": 18.902480926885662, "pol1": -0.781813013553118, "pol2": 0.3946675184613284, "pol3": -0.22253449582880713, "pol4": 0.26209578881789186, "v0s": 3.870831016671425}, "datetime": {"datetime": "2022-06-16 00:59:55", "elapsed": 255442.684054, "delta": 20.556055}}
{"target": -1.0, "params": {"Bgrad": 1.562526958849647, "d1": -2.0873571445841277, "d2": -2.4111681988716223, "d3": 0.6838782492118587, "d4": -2.111194400858786, "p1": 32.12419664170173, "p2": 7.2344364917854005, "p3": 37.63107096736985, "p4": 37.28838887603076, "pol1": 0.3539849021246706, "pol2": 0.5120467629185872, "pol3": -0.42430338311528315, "pol4": 0.7652502444056932, "v0s": 7.869628401889851}, "datetime": {"datetime": "2022-06-16 01:00:11", "elapsed": 255458.722187, "delta": 16.038133}}
{"target": -1.0, "params": {"Bgrad": 1.122530626707825, "d1": -1.2400485661030256, "d2": -0.6476828023759187, "d3": 0.8260451460020839, "d4": -2.279857497811255, "p1": 42.24127349720064, "p2": 24.012123948546893, "p3": 6.650135259643209, "p4": 44.097804997478356, "pol1": 0.9131632422860283, "pol2": -0.2113895346802246, "pol3": 0.34477705975717154, "pol4": 0.8502712294776087, "v0s": 4.980539808593079}, "datetime": {"datetime": "2022-06-16 01:00:32", "elapsed": 255479.655236, "delta": 20.933049}}
{"target": -1.0, "params": {"Bgrad": 0.7199410038655041, "d1": -1.7922991671235375, "d2": 0.7907794289835879, "d3": -0.32633627026861056, "d4": -2.1357081911656195, "p1": 29.503220927705907, "p2": 29.639517637905833, "p3": 8.08181602599114, "p4": 8.629349907184041, "pol1": -0.5099210191898882, "pol2": 0.6425441549828026, "pol3": 0.5435000845748212, "pol4": -0.2727515869267896, "v0s": 5.518523338776713}, "datetime": {"datetime": "2022-06-16 01:00:47", "elapsed": 255494.462659, "delta": 14.807423}}
{"target": -1.0, "params": {"Bgrad": 1.6823236004801174, "d1": -0.2561658763843253, "d2": -1.062393888510206, "d3": -2.633344515347213, "d4": -0.5191391798622607, "p1": 40.420829919736185, "p2": 34.52754450252568, "p3": 26.16149688444362, "p4": 22.018902337751804, "pol1": -0.7382675610851579, "pol2": 0.9865130269313809, "pol3": -0.6719385115346739, "pol4": 0.4074049143661689, "v0s": 5.9817148006962055}, "datetime": {"datetime": "2022-06-16 01:01:06", "elapsed": 255513.39705, "delta": 18.934391}}
{"target": -1.0, "params": {"Bgrad": 1.9108281112120244, "d1": -0.9149811087103665, "d2": -0.800277429990564, "d3": 0.4290311116143273, "d4": 0.8786620133123173, "p1": 46.432663278535976, "p2": 4.984080601777502, "p3": 42.56951248553641, "p4": 49.72464724551198, "pol1": -0.9342866599799571, "pol2": 0.5382868669016505, "pol3": -0.5345154047808693, "pol4": -0.1993248460116237, "v0s": 6.342353537559436}, "datetime": {"datetime": "2022-06-16 01:01:30", "elapsed": 255537.729015, "delta": 24.331965}}
{"target": -1.0, "params": {"Bgrad": 0.9073664572132731, "d1": -0.3003904021792416, "d2": 0.08317217342214134, "d3": 0.21346041586773223, "d4": -1.3348838072210447, "p1": 39.668351537499326, "p2": 17.702492249829483, "p3": 39.16232583514099, "p4": 43.68974540513151, "pol1": 0.7547151774614553, "pol2": 0.36064385773663954, "pol3": 0.8907735522024807, "pol4": 0.7140132604657781, "v0s": 5.877464577819841}, "datetime": {"datetime": "2022-06-16 01:01:50", "elapsed": 255557.775434, "delta": 20.046419}}
{"target": -1.0, "params": {"Bgrad": 1.9481882448825614, "d1": -1.8937971129155353, "d2": -0.4414603053520243, "d3": -2.986028500250204, "d4": 0.8417326427208165, "p1": 31.37528839760536, "p2": 2.4395957067776584, "p3": 35.831862466068195, "p4": 2.480631020027463, "pol1": 0.8399263719456656, "pol2": 0.9050647337072477, "pol3": -0.2860170414349026, "pol4": -0.4904496687122659, "v0s": 4.796942838265721}, "datetime": {"datetime": "2022-06-16 01:02:12", "elapsed": 255579.575167, "delta": 21.799733}}
