{"target": -1.0, "params": {"I": 9.851674985796045, "d1": 0.43310945392632005, "d2": -0.6783211952571264, "d3": 0.9167200878326436, "d4": 0.5677711299286945, "p1": 48.372124149467346, "p2": 22.0435098141012, "p3": 12.943776152267983, "p4": 29.335730045993746, "pol1": 0.22868385531218283, "pol2": 0.37226727694112793, "pol3": 0.5400931616207281, "pol4": 0.42740534039914424, "v0s": 2.019656814963733}, "datetime": {"datetime": "2022-02-04 15:59:24", "elapsed": 75763.276774, "delta": 326.647513}}
{"target": -1.0, "params": {"I": 1.641837155479144, "d1": -1.8116526812353748, "d2": -0.9888656093744972, "d3": -1.9097491723157236, "d4": -0.504997273679888, "p1": 25.726825289913364, "p2": 33.494206605127424, "p3": 46.20867968134635, "p4": 29.029683588168698, "pol1": 0.9331798834196263, "pol2": 0.3545707279724859, "pol3": 0.7044042096989411, "pol4": -0.962827104741395, "v0s": 4.260684039050577}, "datetime": {"datetime": "2022-02-04 16:03:14", "elapsed": 75992.492926, "delta": 229.216152}}
{"target": -1.0, "params": {"I": 12.045281959412407, "d1": 0.7102911251075321, "d2": -1.0117730681633454, "d3": 0.834119079904601, "d4": 0.13684274653966844, "p1": 44.330650698847435, "p2": 47.60534738564429, "p3": 45.9725965627752, "p4": 47.360481754833145, "pol1": 0.806236985718527, "pol2": -0.20745904660607417, "pol3": 0.44754085122623644, "pol4": 0.5802182169170911, "v0s": 6.41781907616591}, "datetime": {"datetime": "2022-02-04 16:08:16", "elapsed": 76295.123765, "delta": 302.630839}}
{"target": 3.5072584143617993, "params": {"I": 7.382704326615617, "d1": 0.1179870909319245, "d2": -2.1415139582610925, "d3": -2.854664079712467, "d4": -0.7383637373060106, "p1": 13.534758197533609, "p2": 13.775948877193889, "p3": 8.010258566560879, "p4": 37.54102834970689, "pol1": 0.07826249381203487, "pol2": 0.9524425749212484, "pol3": 0.3281853567375146, "pol4": 0.033160985851445446, "v0s": 3.5072584143617993}, "datetime": {"datetime": "2022-02-04 16:13:59", "elapsed": 76638.064225, "delta": 342.94046}}
{"target": -1.0, "params": {"I": 14.522869259410177, "d1": 0.6305371943408136, "d2": -2.925224969275592, "d3": -1.4038082074260605, "d4": 0.2637137041090334, "p1": 46.63363042268766, "p2": 33.11530655608891, "p3": 32.25733748388688, "p4": 23.098341515314587, "pol1": 0.6184765424605834, "pol2": 0.11288015119370542, "pol3": 0.9362978153623056, "pol4": 0.884085327272236, "v0s": 6.142452678263515}, "datetime": {"datetime": "2022-02-04 16:18:17", "elapsed": 76896.281555, "delta": 258.21733}}
{"target": -1.0, "params": {"I": 4.180391481535199, "d1": 0.6372494606571739, "d2": -1.0644997421786435, "d3": -1.9041296845605014, "d4": 0.7554165709694547, "p1": 28.532000032711192, "p2": 23.82440576991094, "p3": 7.814249290420655, "p4": 11.37086224696201, "pol1": -0.530814863256341, "pol2": 0.033918833324629194, "pol3": 0.7201099459305411, "pol4": 0.8235851429581034, "v0s": 2.2466258743012344}, "datetime": {"datetime": "2022-02-04 16:21:58", "elapsed": 77116.673165, "delta": 220.39161}}
{"target": -1.0, "params": {"I": 5.9891471104713085, "d1": 0.12266634874465998, "d2": -1.7004873501047308, "d3": -2.8695019613883557, "d4": -2.7600466515383064, "p1": 26.032705401772333, "p2": 46.816837589355394, "p3": 33.85534002905358, "p4": 33.91562180880017, "pol1": 0.21708699209503846, "pol2": -0.09664865580304194, "pol3": 0.958893690202365, "pol4": 0.9325988731233128, "v0s": 2.621075414269699}, "datetime": {"datetime": "2022-02-04 16:29:53", "elapsed": 77592.381089, "delta": 475.707924}}
{"target": -1.0, "params": {"I": 12.00006969019775, "d1": -2.4892432267753293, "d2": -2.881278705230312, "d3": 0.30641237239736796, "d4": -2.982858280981461, "p1": 16.21532947803262, "p2": 33.67678780734782, "p3": 23.504509465026725, "p4": 4.303641690132415, "pol1": 0.3915741440551861, "pol2": 0.24694174301551763, "pol3": 0.25471215792388135, "pol4": 0.9267118221238664, "v0s": 4.744542833277343}, "datetime": {"datetime": "2022-02-04 16:34:59", "elapsed": 77897.910075, "delta": 305.528986}}
{"target": -1.0, "params": {"I": 14.168474175675566, "d1": -0.6865028100741242, "d2": 0.06767420087145082, "d3": 0.9021541082640709, "d4": -0.7482572319915901, "p1": 19.500924091185688, "p2": 16.21320376273988, "p3": 8.358518422019495, "p4": 39.608422294290044, "pol1": 0.25638533875775726, "pol2": -8.222486062381407e-05, "pol3": 0.2105044450832525, "pol4": 0.24429773538554045, "v0s": 7.052136664734547}, "datetime": {"datetime": "2022-02-04 16:40:28", "elapsed": 78226.659862, "delta": 328.749787}}
{"target": -1.0, "params": {"I": 7.475891562903653, "d1": 0.46874213530034714, "d2": -1.307201285599176, "d3": -0.14986211097989122, "d4": -2.4814020448559684, "p1": 12.57192344136724, "p2": 38.11564644434476, "p3": 16.434851615765584, "p4": 1.9768426064113942, "pol1": -0.0900774455947313, "pol2": -0.4019152506658328, "pol3": 0.14537238376088002, "pol4": -0.09882469084528633, "v0s": 2.5733064665019754}, "datetime": {"datetime": "2022-02-04 16:45:16", "elapsed": 78514.867339, "delta": 288.207477}}
{"target": -1.0, "params": {"I": 12.683794287320827, "d1": -0.9135618194895518, "d2": -1.4232384132367035, "d3": -0.7634868406439579, "d4": -2.979210590176924, "p1": 9.433588577586216, "p2": 39.80949354234784, "p3": 28.202895145839936, "p4": 21.228693986170633, "pol1": -0.4677779986561079, "pol2": 0.4668650117880342, "pol3": 0.011536438560368012, "pol4": -0.05071693268472921, "v0s": 4.997764439792176}, "datetime": {"datetime": "2022-02-04 16:51:03", "elapsed": 78862.413973, "delta": 347.546634}}
{"target": -1.0, "params": {"I": 16.945420044479647, "d1": -1.4302253704487549, "d2": -0.04533103978003572, "d3": 0.07554160250529796, "d4": -0.4187168772168679, "p1": 42.65268104547866, "p2": 26.472150011753843, "p3": 37.792440052360234, "p4": 15.609543877907095, "pol1": 0.09204150824350599, "pol2": -0.37037740230508676, "pol3": 0.4373724789739648, "pol4": 0.351109020301823, "v0s": 5.341639987106553}, "datetime": {"datetime": "2022-02-04 16:56:44", "elapsed": 79203.445431, "delta": 341.031458}}
{"target": 3.135908995519322, "params": {"I": 15.855247401246599, "d1": -0.6480878845801383, "d2": -1.8658239085931956, "d3": 0.30188248495873005, "d4": -2.7426880330594208, "p1": 11.869786539666949, "p2": 32.48737903727778, "p3": 40.96950300165274, "p4": 19.12502979421844, "pol1": 0.623940593269178, "pol2": 0.3975571756153602, "pol3": -0.013192099711233363, "pol4": -0.4434023270625027, "v0s": 3.135908995519322}, "datetime": {"datetime": "2022-02-04 17:02:33", "elapsed": 79551.492976, "delta": 348.047545}}
{"target": 2.3960951534245805, "params": {"I": 13.9221418577472, "d1": -1.4416779358515361, "d2": -1.4450104784253952, "d3": -1.4587679703122536, "d4": 0.4099636861490419, "p1": 28.373103895379437, "p2": 46.76582929894059, "p3": 39.737328759089436, "p4": 9.700354386610144, "pol1": 0.035717772630131206, "pol2": 0.014729953028659981, "pol3": -0.08236171238754553, "pol4": 0.33936719940221116, "v0s": 2.3960951534245805}, "datetime": {"datetime": "2022-02-04 17:08:16", "elapsed": 79895.45417, "delta": 343.961194}}
{"target": 2.38557574861289, "params": {"I": 4.943076655774311, "d1": -0.5824526874344929, "d2": 0.010076895431973654, "d3": -1.761238674185436, "d4": -2.2386370220652596, "p1": 45.475139055293866, "p2": 37.28040929169385, "p3": 6.892855902345286, "p4": 44.88068924816689, "pol1": -0.23328277969448652, "pol2": 0.9997363439957965, "pol3": 0.4778338086522207, "pol4": -0.7442259684607255, "v0s": 2.38557574861289}, "datetime": {"datetime": "2022-02-04 17:12:24", "elapsed": 80142.642142, "delta": 247.187972}}
{"target": -1.0, "params": {"I": 9.621978359365276, "d1": -0.8966449567131418, "d2": 0.16025670403854742, "d3": 0.8736777014698647, "d4": 0.2744752319606114, "p1": 35.85537224349862, "p2": 22.490798286920793, "p3": 20.10898081377796, "p4": 35.04417256549277, "pol1": -0.5971372745706638, "pol2": 0.06676621767470436, "pol3": 0.011100256061233438, "pol4": -0.3111124930333926, "v0s": 4.4758561949066165}, "datetime": {"datetime": "2022-02-04 17:17:33", "elapsed": 80451.809223, "delta": 309.167081}}
{"target": -1.0, "params": {"I": 10.469400433732552, "d1": -1.3494364745602838, "d2": -1.2819517771560234, "d3": -2.0554292640301024, "d4": -1.828065240242049, "p1": 14.783396499774708, "p2": 46.991645111132236, "p3": 19.643549206019408, "p4": 24.61598617519316, "pol1": 0.03388627398260491, "pol2": 0.7443202393531703, "pol3": 0.03837273608351399, "pol4": 0.8016727789194744, "v0s": 3.517284227641193}, "datetime": {"datetime": "2022-02-04 17:27:54", "elapsed": 81073.093484, "delta": 621.284261}}
{"target": -1.0, "params": {"I": 15.657767895336672, "d1": 0.6259267440390728, "d2": -2.8145633342750935, "d3": -0.38681711301166777, "d4": -2.1485933115299796, "p1": 23.92362161768177, "p2": 43.34179470906163, "p3": 19.45861790264667, "p4": 8.837339112954101, "pol1": 0.3323101994580211, "pol2": -0.902074312973911, "pol3": 0.581406745577139, "pol4": 0.9841052781603188, "v0s": 4.176088883965673}, "datetime": {"datetime": "2022-02-04 17:33:48", "elapsed": 81427.280891, "delta": 354.187407}}
{"target": -1.0, "params": {"I": 12.052168418964605, "d1": -0.17912929723036397, "d2": -1.769820906764743, "d3": -1.4511278231194802, "d4": -1.7618190268770104, "p1": 14.988391376542982, "p2": 1.4979823937056547, "p3": 13.832763914160374, "p4": 36.98710555959503, "pol1": -0.3914273927466354, "pol2": -0.9018363297785217, "pol3": -0.7976376331140791, "pol4": 0.6218847043898161, "v0s": 5.434918033889324}, "datetime": {"datetime": "2022-02-04 17:40:16", "elapsed": 81814.679728, "delta": 387.398837}}
{"target": -1.0, "params": {"I": 7.133380908406505, "d1": 0.8575146658618396, "d2": 0.7487582732284053, "d3": -2.9281200522468054, "d4": -2.593568434335138, "p1": 31.704982690802908, "p2": 2.197791740146593, "p3": 22.32508380621741, "p4": 0.11857496843240556, "pol1": 0.35614200770927784, "pol2": 0.6374001191040664, "pol3": -0.5604765692554372, "pol4": -0.38503351969421695, "v0s": 6.222773935194153}, "datetime": {"datetime": "2022-02-04 17:47:57", "elapsed": 82276.397961, "delta": 461.718233}}
{"target": -1.0, "params": {"I": 18.914159639691498, "d1": 0.2925669565538387, "d2": 0.9399835241447989, "d3": -1.8767054095392095, "d4": -0.9358403610482555, "p1": 16.20413438388319, "p2": 13.61016154417377, "p3": 47.80621807836641, "p4": 6.054292156504126, "pol1": 0.11191442670691787, "pol2": 0.9346533005217814, "pol3": 0.7723668274396855, "pol4": 0.5851979443644484, "v0s": 7.446975207044191}, "datetime": {"datetime": "2022-02-04 17:54:19", "elapsed": 82658.196932, "delta": 381.798971}}
{"target": -1.0, "params": {"I": 9.922337674952544, "d1": -2.5047529640179422, "d2": -1.2448938698244008, "d3": -0.6303247888858374, "d4": -0.3879726951955189, "p1": 32.42736505399268, "p2": 42.27754428758254, "p3": 28.127351404558738, "p4": 31.69493390090835, "pol1": 0.026721935596304647, "pol2": 0.04209677880162355, "pol3": 0.6867598574924152, "pol4": 0.22667766674794354, "v0s": 7.519594928893527}, "datetime": {"datetime": "2022-02-04 18:00:11", "elapsed": 83009.807597, "delta": 351.610665}}
{"target": -1.0, "params": {"I": 8.213232254373203, "d1": 0.07011274027255476, "d2": -2.8676769645506783, "d3": -0.5415627440925794, "d4": -0.8417104362764971, "p1": 40.22748418334005, "p2": 21.105651753172378, "p3": 1.553653010464523, "p4": 1.1351725995933815, "pol1": -0.5664751517073336, "pol2": 0.16151384577857542, "pol3": -0.20015977764201298, "pol4": 0.9398870435788695, "v0s": 4.180306510422245}, "datetime": {"datetime": "2022-02-04 18:05:17", "elapsed": 83316.292376, "delta": 306.484779}}
{"target": -1.0, "params": {"I": 12.432935930784518, "d1": -2.9671864690927228, "d2": -1.2001048898225148, "d3": -1.6234563905882595, "d4": 0.41265308503110854, "p1": 37.90020297000679, "p2": 1.6330422746002105, "p3": 12.572302101184702, "p4": 41.79293732804112, "pol1": 0.26950682827424743, "pol2": 0.735795403981861, "pol3": 0.8785988642937046, "pol4": 0.8359898815065432, "v0s": 4.207403516209281}, "datetime": {"datetime": "2022-02-04 18:10:06", "elapsed": 83604.839922, "delta": 288.547546}}
{"target": 4.145031389212283, "params": {"I": 14.268104681886424, "d1": -1.7445271252758987, "d2": -1.2798561786068952, "d3": -2.8544089271811126, "d4": -2.6249188781406656, "p1": 15.680688729827647, "p2": 44.04192549685315, "p3": 12.194003869303222, "p4": 0.7651292463631443, "pol1": -0.25611420272279095, "pol2": 0.0832578038896925, "pol3": -0.23337084112770423, "pol4": 0.06996456219943537, "v0s": 4.145031389212283}, "datetime": {"datetime": "2022-02-04 18:32:21", "elapsed": 84940.277035, "delta": 1335.437113}}
{"target": -1.0, "params": {"I": 2.799455354115004, "d1": -0.20469448428390358, "d2": -0.5260533167734653, "d3": 0.16072387438942037, "d4": -2.22605983024102, "p1": 38.05159897595421, "p2": 18.404186621672817, "p3": 8.051961868214203, "p4": 32.80565026755055, "pol1": -0.1132025393459013, "pol2": -0.9415876446539355, "pol3": 0.34160421197680635, "pol4": 0.886554300273767, "v0s": 4.26271373779382}, "datetime": {"datetime": "2022-02-04 18:37:41", "elapsed": 85260.403752, "delta": 320.126717}}
{"target": -1.0, "params": {"I": 8.224111020597949, "d1": 0.5588878820082845, "d2": -1.7634591411172953, "d3": -1.122205270623382, "d4": 0.8535910358513665, "p1": 16.791100910396338, "p2": 35.4122448005003, "p3": 46.08590597310584, "p4": 27.716601608750608, "pol1": 0.6118357724351478, "pol2": 0.9061591242423188, "pol3": 0.8712873989036616, "pol4": 0.8388000213808335, "v0s": 7.076256305101973}, "datetime": {"datetime": "2022-02-04 18:43:03", "elapsed": 85581.70401, "delta": 321.300258}}
{"target": -1.0, "params": {"I": 1.4651151770232667, "d1": 0.606018093633045, "d2": 0.5803254344513769, "d3": -1.5886094596566949, "d4": 0.08343066178684344, "p1": 16.668766152968107, "p2": 49.91019741779398, "p3": 7.954256615086392, "p4": 39.015298323254115, "pol1": 0.5367314144395718, "pol2": 0.7917060930463504, "pol3": 0.940704440857487, "pol4": -0.4723061174104548, "v0s": 4.447856363474555}, "datetime": {"datetime": "2022-02-04 18:44:45", "elapsed": 85683.592783, "delta": 101.888773}}
{"target": -1.0, "params": {"I": 11.515673386057777, "d1": -2.8573498880997543, "d2": -0.8418031167102922, "d3": -1.657841941781156, "d4": 0.6562205810492161, "p1": 42.82286853575218, "p2": 26.569262022344596, "p3": 26.333194366146373, "p4": 46.70942499522846, "pol1": 0.1313160180897217, "pol2": -0.8940147656226662, "pol3": -0.3821146086497269, "pol4": 0.5214864848302392, "v0s": 5.316205629624747}, "datetime": {"datetime": "2022-02-04 18:49:48", "elapsed": 85986.909732, "delta": 303.316949}}
{"target": -1.0, "params": {"I": 3.0412322593918, "d1": 0.1212468449873767, "d2": -2.4751377692611922, "d3": 0.9633909897785373, "d4": -2.266931090717782, "p1": 40.0291251703634, "p2": 43.819493924357566, "p3": 20.383973394269034, "p4": 35.05129482175587, "pol1": 0.7678473247112199, "pol2": 0.4176987226881941, "pol3": -0.7996863578654652, "pol4": 0.2051769304698534, "v0s": 6.709498188198599}, "datetime": {"datetime": "2022-02-04 18:55:09", "elapsed": 86308.31828, "delta": 321.408548}}
{"target": -1.0, "params": {"I": 2.0772976943162456, "d1": -2.3846124313021697, "d2": -0.2867316288536159, "d3": -2.277129812369112, "d4": -2.227115329358876, "p1": 28.653610994208385, "p2": 47.481237501517704, "p3": 22.649331392902543, "p4": 7.023416669175214, "pol1": -0.041568631426599945, "pol2": -0.09094488067160755, "pol3": -0.6746391711390489, "pol4": -0.7209785005917937, "v0s": 6.779995625349228}, "datetime": {"datetime": "2022-02-04 18:58:03", "elapsed": 86481.970748, "delta": 173.652468}}
{"target": -1.0, "params": {"I": 7.956644869282833, "d1": -2.178776984966282, "d2": 0.8363265717310906, "d3": -1.8002573055480737, "d4": -0.7375977590551273, "p1": 18.171355665025885, "p2": 20.202153166995686, "p3": 32.75735697462079, "p4": 42.67308113068682, "pol1": 0.45062406702904023, "pol2": 0.6759468312897428, "pol3": 0.03170375466673625, "pol4": 0.9524977969899022, "v0s": 5.545415819845714}, "datetime": {"datetime": "2022-02-04 19:03:36", "elapsed": 86815.229928, "delta": 333.25918}}
{"target": -1.0, "params": {"I": 12.575086516496798, "d1": -2.2661881721327375, "d2": -2.1683928981805556, "d3": -1.4934602522993319, "d4": -1.0669994981843263, "p1": 36.67692233226521, "p2": 33.24722781255186, "p3": 2.396517087441757, "p4": 22.50154003326468, "pol1": -0.9132806631719117, "pol2": 0.5336407461397916, "pol3": -0.402312154906717, "pol4": 0.7635882633045921, "v0s": 7.740279453048454}, "datetime": {"datetime": "2022-02-04 19:11:20", "elapsed": 87279.113083, "delta": 463.883155}}
{"target": -1.0, "params": {"I": 16.6606395062088, "d1": -0.666856977122964, "d2": -0.7550220401935177, "d3": 0.5545420734662545, "d4": -2.5427702235486667, "p1": 3.427119031463749, "p2": 28.591789015795793, "p3": 10.360869896561848, "p4": 7.40315134922997, "pol1": 0.8592041295668809, "pol2": 0.11112333254277962, "pol3": 0.7407932663167884, "pol4": 0.5425162141743523, "v0s": 7.627577419272352}, "datetime": {"datetime": "2022-02-04 19:17:02", "elapsed": 87620.954613, "delta": 341.84153}}
{"target": -1.0, "params": {"I": 14.265396223854433, "d1": -2.877977073705074, "d2": -1.4588297706656532, "d3": -1.9752270707749373, "d4": -2.328504570789288, "p1": 3.185446277416071, "p2": 11.813839011735816, "p3": 45.27094537476501, "p4": 12.149564459555895, "pol1": 0.09105660363001178, "pol2": -0.6469057976951127, "pol3": 0.45112116481073317, "pol4": -0.2394651373107326, "v0s": 6.749539662194883}, "datetime": {"datetime": "2022-02-04 19:22:21", "elapsed": 87939.763278, "delta": 318.808665}}
{"target": -1.0, "params": {"I": 13.727775864411477, "d1": -1.4123262941288677, "d2": -0.3513201797074754, "d3": -2.01339296332463, "d4": -2.175378272473473, "p1": 49.775064381540915, "p2": 16.69766055386792, "p3": 34.74450794873373, "p4": 15.269782205181881, "pol1": -0.09717716782984298, "pol2": 0.6944145520113341, "pol3": 0.20070331376570083, "pol4": 0.9313282470971258, "v0s": 4.767799636405608}, "datetime": {"datetime": "2022-02-04 19:28:53", "elapsed": 88331.688634, "delta": 391.925356}}
{"target": -1.0, "params": {"I": 3.0798943435904635, "d1": -1.893693225354213, "d2": -1.5427275559000573, "d3": 0.8934283734265565, "d4": 0.5503927298995119, "p1": 21.826668025281705, "p2": 30.51471813756913, "p3": 49.44627604035048, "p4": 31.515912461082795, "pol1": -0.5817382369336839, "pol2": -0.21765636573928426, "pol3": -0.047412519812561005, "pol4": 0.030460131267930457, "v0s": 4.55290651342047}, "datetime": {"datetime": "2022-02-04 19:32:40", "elapsed": 88559.083699, "delta": 227.395065}}
{"target": -1.0, "params": {"I": 12.644057632050178, "d1": -2.1251629724310663, "d2": -0.15368173752487335, "d3": 0.9369256242215678, "d4": -2.695016952906668, "p1": 5.113668192390003, "p2": 40.68656665484796, "p3": 10.82313623651039, "p4": 39.603986133579156, "pol1": -0.5199119029335737, "pol2": 0.418229222193935, "pol3": 0.5842454763871618, "pol4": -0.913998042946915, "v0s": 3.9989854029730756}, "datetime": {"datetime": "2022-02-04 19:43:43", "elapsed": 89221.865675, "delta": 662.781976}}
{"target": -1.0, "params": {"I": 4.446905369193781, "d1": -2.5668232150667527, "d2": -2.3806287514463826, "d3": -0.6962565171745205, "d4": -1.3034932296217012, "p1": 25.7729847661789, "p2": 16.1682777226087, "p3": 47.95216254235485, "p4": 43.41229109169147, "pol1": -0.3962543547320303, "pol2": -0.3891811654526349, "pol3": 0.32421921279429444, "pol4": 0.2696702046174475, "v0s": 7.8727846225303075}, "datetime": {"datetime": "2022-02-04 19:49:51", "elapsed": 89590.266184, "delta": 368.400509}}
{"target": -1.0, "params": {"I": 3.6264591686131085, "d1": 0.36384980359652275, "d2": -1.4908611036644301, "d3": -1.3298604130841345, "d4": -1.5652798173749476, "p1": 46.30593468785124, "p2": 23.169965770631286, "p3": 37.706993548244064, "p4": 17.591322403621145, "pol1": 0.5222956385863256, "pol2": 0.5530267177188277, "pol3": 0.03289801350664279, "pol4": 0.08801001065541425, "v0s": 5.323399805451709}, "datetime": {"datetime": "2022-02-04 19:53:45", "elapsed": 89823.748111, "delta": 233.481927}}
{"target": 2.918045388775008, "params": {"I": 18.581216331134154, "d1": 0.39460800001565133, "d2": -2.0609373492086727, "d3": -2.9164257866702226, "d4": -2.7734259499358513, "p1": 45.52991788953251, "p2": 16.03323607843562, "p3": 19.56039394088918, "p4": 41.628394374017994, "pol1": 0.5296922138353279, "pol2": 0.23512180580581998, "pol3": 0.30996283686399173, "pol4": -0.820307321847008, "v0s": 2.918045388775008}, "datetime": {"datetime": "2022-02-04 19:56:22", "elapsed": 89981.021991, "delta": 157.27388}}
{"target": -1.0, "params": {"I": 8.753238212489876, "d1": -2.4280502371243657, "d2": -0.6741742113785558, "d3": -1.7572388510842214, "d4": -0.7546528144496913, "p1": 33.826025679663964, "p2": 21.54898356763485, "p3": 13.378328640439713, "p4": 21.91257316591278, "pol1": -0.2632218690412742, "pol2": 0.9867772462446773, "pol3": -0.5959728488514928, "pol4": 0.9485003120247144, "v0s": 2.778417426583479}, "datetime": {"datetime": "2022-02-04 20:05:59", "elapsed": 90557.892587, "delta": 576.870596}}
{"target": -1.0, "params": {"I": 4.675500594712106, "d1": -2.7358014178060364, "d2": -1.9295935265823712, "d3": -2.0031613270120383, "d4": -1.6351985345226967, "p1": 38.32256234489789, "p2": 25.168587914711697, "p3": 47.07106634346191, "p4": 25.806845295952467, "pol1": -0.9722382800056439, "pol2": -0.11669512195250453, "pol3": -0.1578293290012378, "pol4": 0.33582694520273404, "v0s": 5.858796867358389}, "datetime": {"datetime": "2022-02-04 20:10:27", "elapsed": 90826.401994, "delta": 268.509407}}
{"target": -1.0, "params": {"I": 10.961437013478399, "d1": -2.8939731125148325, "d2": -2.8762033808059018, "d3": -1.3554215275979882, "d4": -0.7887968803361352, "p1": 4.308757782034106, "p2": 3.163494500802072, "p3": 3.478346920403108, "p4": 47.742036530462826, "pol1": 0.7975328646621369, "pol2": 0.3508046359124595, "pol3": -0.3619187772793191, "pol4": -0.8547623387435879, "v0s": 6.455445379204329}, "datetime": {"datetime": "2022-02-04 20:17:33", "elapsed": 91251.564344, "delta": 425.16235}}
