{"target": 6.0, "params": {"det_1": 127.20320345674548, "det_2": 6.465517566956382, "laseroff": 445436.30057219986, "laseron": 210972.8595888236, "main_det": 11.124393036203099, "pr_1": 7.811166432522984, "pr_2": 5.787828189588048}, "datetime": {"datetime": "2021-12-29 03:21:27", "elapsed": 10050.510685, "delta": 0.0}}
{"target": 6.0, "params": {"det_1": 127.20320345674548, "det_2": 6.465517566956382, "laseroff": 445436.30057219986, "laseron": 210972.8595888236, "main_det": 11.124393036203099, "pr_1": 7.811166432522984, "pr_2": 5.787828189588048}, "datetime": {"datetime": "2021-12-29 03:21:27", "elapsed": 10050.511682, "delta": 0.000997}}
{"target": 6.0, "params": {"det_1": 127.20320345674548, "det_2": 6.465517566956382, "laseroff": 445436.30057219986, "laseron": 210972.8595888236, "main_det": 11.124393036203099, "pr_1": 7.811166432522984, "pr_2": 5.787828189588048}, "datetime": {"datetime": "2021-12-29 03:21:27", "elapsed": 10050.511682, "delta": 0.0}}
{"target": 6.0, "params": {"det_1": 127.20320345674548, "det_2": 6.465517566956382, "laseroff": 445436.30057219986, "laseron": 210972.8595888236, "main_det": 11.124393036203099, "pr_1": 7.811166432522984, "pr_2": 5.787828189588048}, "datetime": {"datetime": "2021-12-29 03:21:27", "elapsed": 10050.512681, "delta": 0.000999}}
{"target": 6.0, "params": {"det_1": 127.20320345674548, "det_2": 6.465517566956382, "laseroff": 445436.30057219986, "laseron": 210972.8595888236, "main_det": 11.124393036203099, "pr_1": 7.811166432522984, "pr_2": 5.787828189588048}, "datetime": {"datetime": "2021-12-29 03:21:27", "elapsed": 10050.512681, "delta": 0.0}}
{"target": 6.0, "params": {"det_1": 127.20320345674548, "det_2": 6.465517566956382, "laseroff": 445436.30057219986, "laseron": 210972.8595888236, "main_det": 11.124393036203099, "pr_1": 7.811166432522984, "pr_2": 5.787828189588048}, "datetime": {"datetime": "2021-12-29 03:21:27", "elapsed": 10050.513678, "delta": 0.000997}}
{"target": 6.0, "params": {"det_1": 127.20320345674548, "det_2": 6.465517566956382, "laseroff": 445436.30057219986, "laseron": 210972.8595888236, "main_det": 11.124393036203099, "pr_1": 7.811166432522984, "pr_2": 5.787828189588048}, "datetime": {"datetime": "2021-12-29 03:21:27", "elapsed": 10050.514676, "delta": 0.000998}}
{"target": 6.0, "params": {"det_1": 127.20320345674548, "det_2": 6.465517566956382, "laseroff": 445436.30057219986, "laseron": 210972.8595888236, "main_det": 11.124393036203099, "pr_1": 7.811166432522984, "pr_2": 5.787828189588048}, "datetime": {"datetime": "2021-12-29 03:21:27", "elapsed": 10050.514676, "delta": 0.0}}
{"target": 6.0, "params": {"det_1": 127.20320345674548, "det_2": 6.465517566956382, "laseroff": 445436.30057219986, "laseron": 210972.8595888236, "main_det": 11.124393036203099, "pr_1": 7.811166432522984, "pr_2": 5.787828189588048}, "datetime": {"datetime": "2021-12-29 03:21:27", "elapsed": 10050.515673, "delta": 0.000997}}
{"target": 20.0, "params": {"det_1": 129.9405176527846, "det_2": 17.897165112292356, "laseroff": 357108.31454553036, "laseron": 153912.6790291082, "main_det": 13.269241908831184, "pr_1": 5.0578212327328345, "pr_2": 0.8803112214251763}, "datetime": {"datetime": "2021-12-29 03:37:07", "elapsed": 10991.113225, "delta": 940.597552}}
{"target": 6.0, "params": {"det_1": 123.94132029369763, "det_2": 12.676500695513376, "laseroff": 450040.5237515149, "laseron": 205565.63877620175, "main_det": 11.241911817145128, "pr_1": 7.426422428112932, "pr_2": 8.404452690696726}, "datetime": {"datetime": "2021-12-29 03:49:37", "elapsed": 11740.755598, "delta": 749.642373}}
{"target": 25.0, "params": {"det_1": 71.09315491809625, "det_2": 21.21552756465861, "laseroff": 500576.8227757416, "laseron": 147531.51688088753, "main_det": 17.744060329553122, "pr_1": 8.05585696414406, "pr_2": 8.996380152863562}, "datetime": {"datetime": "2021-12-29 04:06:08", "elapsed": 12731.611482, "delta": 990.855884}}
{"target": 24.0, "params": {"det_1": 70.03700558875092, "det_2": 5.0, "laseroff": 428110.13899796666, "laseron": 169977.855488605, "main_det": 20.0, "pr_1": 10.0, "pr_2": 10.0}, "datetime": {"datetime": "2021-12-29 04:26:03", "elapsed": 13926.654471, "delta": 1195.042989}}
{"target": 21.0, "params": {"det_1": 97.46565041072621, "det_2": 21.848351019050288, "laseroff": 357780.5665395971, "laseron": 153940.65160863945, "main_det": 15.45944905889621, "pr_1": 6.784986552785488, "pr_2": 4.098839474543521}, "datetime": {"datetime": "2021-12-29 04:43:46", "elapsed": 14989.796512, "delta": 1063.142041}}
{"target": 19.0, "params": {"det_1": 141.38161397438978, "det_2": 21.072665978606313, "laseroff": 428311.69343905675, "laseron": 294666.75710860756, "main_det": 15.29738041353955, "pr_1": 6.275536069009154, "pr_2": 4.171559676778886}, "datetime": {"datetime": "2021-12-29 04:59:45", "elapsed": 15948.268256, "delta": 958.471744}}
{"target": 30.0, "params": {"det_1": 96.2250089106507, "det_2": 15.482894579701505, "laseroff": 398853.87979081424, "laseron": 162434.77182242164, "main_det": 19.435046007089554, "pr_1": 1.2989767132376138, "pr_2": 5.5321213583383}, "datetime": {"datetime": "2021-12-29 05:19:36", "elapsed": 17139.772047, "delta": 1191.503791}}
{"target": 14.0, "params": {"det_1": 143.77603704060436, "det_2": 27.636850885413196, "laseroff": 398406.15209353087, "laseron": 223029.9774593201, "main_det": 15.411701398844542, "pr_1": 1.396778473131637, "pr_2": 7.242801066760473}, "datetime": {"datetime": "2021-12-29 05:35:23", "elapsed": 18086.362526, "delta": 946.590479}}
{"target": 8.0, "params": {"det_1": 127.15928407837539, "det_2": 12.94741369849654, "laseroff": 399031.90349503246, "laseron": 162144.9737853383, "main_det": 12.154956955941788, "pr_1": 5.2032071711093835, "pr_2": 1.734207540485769}, "datetime": {"datetime": "2021-12-29 05:49:16", "elapsed": 18919.739628, "delta": 833.377102}}
{"target": 7.0, "params": {"det_1": 153.8024137135377, "det_2": 8.809965249832592, "laseroff": 461014.67246228585, "laseron": 245907.98852936708, "main_det": 13.80021376648266, "pr_1": 7.8780661971718535, "pr_2": 6.103237663057911}, "datetime": {"datetime": "2021-12-29 06:03:11", "elapsed": 19754.575072, "delta": 834.835444}}
{"target": 3.0, "params": {"det_1": 122.10687029257261, "det_2": 25.336029363226604, "laseroff": 461800.12075570587, "laseron": 205862.69464046694, "main_det": 12.935850765373464, "pr_1": 5.133307897164352, "pr_2": 1.3150281624238602}, "datetime": {"datetime": "2021-12-29 06:17:01", "elapsed": 20584.800896, "delta": 830.225824}}
{"target": 13.0, "params": {"det_1": 98.38883724264869, "det_2": 16.033001157136955, "laseroff": 371883.764386328, "laseron": 257451.10711345403, "main_det": 14.918893888700515, "pr_1": 7.495391998132167, "pr_2": 4.470616204382726}, "datetime": {"datetime": "2021-12-29 06:34:01", "elapsed": 21604.557233, "delta": 1019.756337}}
{"target": 26.0, "params": {"det_1": 159.12488929348763, "det_2": 26.55822272202652, "laseroff": 331030.41127421154, "laseron": 210801.50766875208, "main_det": 18.665697765980767, "pr_1": 9.906993476377364, "pr_2": 3.04481608250855}, "datetime": {"datetime": "2021-12-29 06:56:39", "elapsed": 22962.8279, "delta": 1358.270667}}
{"target": 21.0, "params": {"det_1": 82.32561036832536, "det_2": 14.01767768378071, "laseroff": 456491.6500203692, "laseron": 262261.41982540576, "main_det": 15.911577194216113, "pr_1": 1.3722980015015822, "pr_2": 3.29552171433156}, "datetime": {"datetime": "2021-12-29 07:12:25", "elapsed": 23908.620728, "delta": 945.792828}}
{"target": 28.0, "params": {"det_1": 78.90355557870399, "det_2": 7.095756424652406, "laseroff": 398716.4261868191, "laseron": 162490.03959829806, "main_det": 19.475781113485162, "pr_1": 7.064295309185983, "pr_2": 7.349220553279351}, "datetime": {"datetime": "2021-12-29 07:32:40", "elapsed": 25123.811836, "delta": 1215.191108}}
{"target": 28.0, "params": {"det_1": 97.99935521210038, "det_2": 16.48044787647919, "laseroff": 428369.223476223, "laseron": 170433.18031212426, "main_det": 16.848284584847836, "pr_1": 0.6453857168935087, "pr_2": 7.803677848030835}, "datetime": {"datetime": "2021-12-29 07:50:23", "elapsed": 26186.446361, "delta": 1062.634525}}
{"target": 12.0, "params": {"det_1": 103.88003962277267, "det_2": 8.705744002306147, "laseroff": 364121.55265831214, "laseron": 140146.172655201, "main_det": 11.35939541497114, "pr_1": 8.214787595000672, "pr_2": 5.085732668649426}, "datetime": {"datetime": "2021-12-29 08:05:20", "elapsed": 27083.572521, "delta": 897.12616}}
{"target": 20.0, "params": {"det_1": 146.10199174705915, "det_2": 21.56093262686576, "laseroff": 352795.99432545726, "laseron": 271080.3943738425, "main_det": 16.39706032230615, "pr_1": 1.913037044432396, "pr_2": 9.4970348348904}, "datetime": {"datetime": "2021-12-29 08:23:25", "elapsed": 28168.662, "delta": 1085.089479}}
{"target": 21.0, "params": {"det_1": 72.42197636421177, "det_2": 13.636347673992814, "laseroff": 428516.0757836328, "laseron": 170806.31206237696, "main_det": 16.229963289487955, "pr_1": 9.512332580149884, "pr_2": 1.1681752414466802}, "datetime": {"datetime": "2021-12-29 08:41:27", "elapsed": 29250.807924, "delta": 1082.145924}}
{"target": 17.0, "params": {"det_1": 74.10173432248764, "det_2": 6.962044413941904, "laseroff": 543661.3878059179, "laseron": 220364.62665687682, "main_det": 17.377794842738915, "pr_1": 2.0020712746683706, "pr_2": 3.212354478219998}, "datetime": {"datetime": "2021-12-29 08:56:44", "elapsed": 30167.423053, "delta": 916.615129}}
{"target": 7.0, "params": {"det_1": 84.32214656047506, "det_2": 29.008556410057217, "laseroff": 357771.06112537876, "laseron": 154176.7439189726, "main_det": 10.338511981499808, "pr_1": 8.697167493143226, "pr_2": 8.946242284548052}, "datetime": {"datetime": "2021-12-29 09:11:43", "elapsed": 31066.968107, "delta": 899.545054}}
{"target": 28.0, "params": {"det_1": 155.53163914230083, "det_2": 27.69496722379086, "laseroff": 398130.82968269533, "laseron": 223701.19246233866, "main_det": 18.597144145438357, "pr_1": 9.09001125335427, "pr_2": 9.3080770466361}, "datetime": {"datetime": "2021-12-29 09:31:26", "elapsed": 32249.995796, "delta": 1183.027689}}
{"target": 6.0, "params": {"det_1": 90.19904317491682, "det_2": 25.3498606375338, "laseroff": 348599.4586412668, "laseron": 221625.50314843608, "main_det": 11.54272606634131, "pr_1": 5.4769372042391025, "pr_2": 2.991467887155866}, "datetime": {"datetime": "2021-12-29 09:45:44", "elapsed": 33107.53636, "delta": 857.540564}}
{"target": 7.0, "params": {"det_1": 137.52213717933466, "det_2": 15.959317206308693, "laseroff": 507466.9432566939, "laseron": 280224.04011205095, "main_det": 12.08273136206661, "pr_1": 3.4075005684791346, "pr_2": 9.175820789006444}, "datetime": {"datetime": "2021-12-29 09:59:43", "elapsed": 33946.876442, "delta": 839.340082}}
{"target": 7.0, "params": {"det_1": 135.08362108143933, "det_2": 6.0693007710000755, "laseroff": 456183.0044541082, "laseron": 261811.12072652375, "main_det": 13.25092465879703, "pr_1": 5.397769515350884, "pr_2": 3.1274394127336165}, "datetime": {"datetime": "2021-12-29 10:13:08", "elapsed": 34751.77036, "delta": 804.893918}}
{"target": 27.0, "params": {"det_1": 141.5287182091597, "det_2": 5.039126297767211, "laseroff": 415875.10693491786, "laseron": 197016.08653968188, "main_det": 16.047253580726704, "pr_1": 4.466961969249561, "pr_2": 2.1863974755351303}, "datetime": {"datetime": "2021-12-29 10:29:52", "elapsed": 35756.072153, "delta": 1004.301793}}
{"target": 6.0, "params": {"det_1": 92.55667318577437, "det_2": 28.98560644045809, "laseroff": 327492.0080358538, "laseron": 205158.19690321118, "main_det": 11.843896334836066, "pr_1": 5.566627446032398, "pr_2": 4.027915503847241}, "datetime": {"datetime": "2021-12-29 10:45:06", "elapsed": 36670.161095, "delta": 914.088942}}
{"target": 15.0, "params": {"det_1": 157.2180408136096, "det_2": 7.923469069132667, "laseroff": 401175.2654405711, "laseron": 240126.2129890526, "main_det": 12.219259004440957, "pr_1": 6.3103048139830005, "pr_2": 0.8202802869762829}, "datetime": {"datetime": "2021-12-29 10:59:23", "elapsed": 37526.553982, "delta": 856.392887}}
{"target": 9.0, "params": {"det_1": 118.53238501119628, "det_2": 10.795075556680873, "laseroff": 398467.75913558475, "laseron": 162385.84680757398, "main_det": 11.646842121536064, "pr_1": 2.9969942976609896, "pr_2": 6.492355365372168}, "datetime": {"datetime": "2021-12-29 11:13:03", "elapsed": 38346.974594, "delta": 820.420612}}
{"target": 3.0, "params": {"det_1": 158.8971409080948, "det_2": 6.247094303229012, "laseroff": 330799.38782100205, "laseron": 211473.8705767328, "main_det": 10.058831450087949, "pr_1": 8.936627480915488, "pr_2": 7.722309371836697}, "datetime": {"datetime": "2021-12-29 11:27:15", "elapsed": 39198.666379, "delta": 851.691785}}
{"target": 8.0, "params": {"det_1": 163.25954630371638, "det_2": 22.420454037247506, "laseroff": 319800.985816446, "laseron": 260443.70338897494, "main_det": 17.538761884612462, "pr_1": 9.268733087691592, "pr_2": 7.259485206970481}, "datetime": {"datetime": "2021-12-29 11:55:51", "elapsed": 40914.442306, "delta": 1715.775927}}
{"target": 7.0, "params": {"det_1": 82.42709619721647, "det_2": 5.49700334599489, "laseroff": 307864.26985232893, "laseron": 142818.85750224374, "main_det": 12.46211067603046, "pr_1": 8.670265512487436, "pr_2": 5.618895111245702}, "datetime": {"datetime": "2021-12-29 12:12:10", "elapsed": 41894.096649, "delta": 979.654343}}
{"target": 19.0, "params": {"det_1": 125.28219786857659, "det_2": 26.050772308990144, "laseroff": 337252.8703626582, "laseron": 183400.75191684192, "main_det": 15.857592714582879, "pr_1": 9.711159609036908, "pr_2": 5.829787082929244}, "datetime": {"datetime": "2021-12-29 12:31:09", "elapsed": 43032.721327, "delta": 1138.624678}}
{"target": 9.0, "params": {"det_1": 71.8647289372943, "det_2": 25.01581681701541, "laseroff": 369893.0491780323, "laseron": 268797.3364432937, "main_det": 13.878606440641718, "pr_1": 8.703647618314573, "pr_2": 7.597655606003254}, "datetime": {"datetime": "2021-12-29 12:46:06", "elapsed": 43930.134236, "delta": 897.412909}}
{"target": 7.0, "params": {"det_1": 125.62402339904189, "det_2": 8.411380641517125, "laseroff": 317976.246935974, "laseron": 157868.51740062167, "main_det": 10.445518785447618, "pr_1": 1.5211942265078826, "pr_2": 2.6442387167746197}, "datetime": {"datetime": "2021-12-29 13:01:49", "elapsed": 44873.050712, "delta": 942.916476}}
{"target": 24.0, "params": {"det_1": 141.29889803826768, "det_2": 18.99292455135356, "laseroff": 303767.7814917546, "laseron": 149882.55948257138, "main_det": 19.67276330000272, "pr_1": 5.89695438823945, "pr_2": 2.4312857292794092}, "datetime": {"datetime": "2021-12-29 13:26:09", "elapsed": 46333.095934, "delta": 1460.045222}}
{"target": 21.0, "params": {"det_1": 95.23257445703234, "det_2": 23.595646351877324, "laseroff": 358629.64890331455, "laseron": 232280.62007572217, "main_det": 19.700199890883123, "pr_1": 8.544873614155335, "pr_2": 2.7785537119020685}, "datetime": {"datetime": "2021-12-29 13:47:42", "elapsed": 47625.722123, "delta": 1292.626189}}
{"target": 3.0, "params": {"det_1": 119.376971426873, "det_2": 20.498892959534494, "laseroff": 548694.440884154, "laseron": 163602.5759979506, "main_det": 10.185762021774096, "pr_1": 1.1652103653326122, "pr_2": 5.1202785539018025}, "datetime": {"datetime": "2021-12-29 14:02:27", "elapsed": 48510.934253, "delta": 885.21213}}
{"target": 19.0, "params": {"det_1": 130.63294616533304, "det_2": 19.221285927162036, "laseroff": 395209.4054342389, "laseron": 298158.54913775774, "main_det": 15.79745219245797, "pr_1": 4.111341139923729, "pr_2": 5.734008081620019}, "datetime": {"datetime": "2021-12-29 14:18:36", "elapsed": 49480.1023, "delta": 969.168047}}
{"target": 17.0, "params": {"det_1": 144.53344309065022, "det_2": 21.730822336329616, "laseroff": 379476.60237928515, "laseron": 148970.3228171447, "main_det": 13.700841979141064, "pr_1": 6.482316316704862, "pr_2": 2.496653094190976}, "datetime": {"datetime": "2021-12-29 14:34:40", "elapsed": 50443.357847, "delta": 963.255547}}
{"target": 7.0, "params": {"det_1": 157.69375871735326, "det_2": 5.543382664108661, "laseroff": 439788.5254994393, "laseron": 207219.8548525184, "main_det": 14.282722254489112, "pr_1": 4.859176722503047, "pr_2": 8.685692452323186}, "datetime": {"datetime": "2021-12-29 14:49:20", "elapsed": 51323.925986, "delta": 880.568139}}
{"target": 6.0, "params": {"det_1": 114.27222417603718, "det_2": 19.905207734161117, "laseroff": 493467.3502515595, "laseron": 290066.2532084998, "main_det": 10.551794822407647, "pr_1": 3.6524459861474265, "pr_2": 4.540782264102313}, "datetime": {"datetime": "2021-12-29 15:01:51", "elapsed": 52074.704646, "delta": 750.77866}}
{"target": 7.0, "params": {"det_1": 123.54462958208026, "det_2": 24.307910372197927, "laseroff": 428705.1482761286, "laseron": 170331.8614415478, "main_det": 12.074360540415066, "pr_1": 9.476015868264254, "pr_2": 4.57794384638139}, "datetime": {"datetime": "2021-12-29 15:15:25", "elapsed": 52888.619767, "delta": 813.915121}}
{"target": 7.0, "params": {"det_1": 158.36898051442734, "det_2": 25.060594139778125, "laseroff": 500832.03071546194, "laseron": 147592.95199777128, "main_det": 16.399490191894053, "pr_1": 8.570572795151204, "pr_2": 9.766770708887108}, "datetime": {"datetime": "2021-12-29 15:31:43", "elapsed": 53866.91789, "delta": 978.298123}}
{"target": 11.0, "params": {"det_1": 163.6087645695943, "det_2": 18.20415911878096, "laseroff": 460090.2327496255, "laseron": 258944.5742576333, "main_det": 15.154375480071057, "pr_1": 6.134228770091707, "pr_2": 4.591117939554518}, "datetime": {"datetime": "2021-12-29 15:47:15", "elapsed": 54798.819673, "delta": 931.901783}}
{"target": 28.0, "params": {"det_1": 146.72751914192264, "det_2": 15.695579780197972, "laseroff": 358917.42298694246, "laseron": 232469.92539175256, "main_det": 18.872507006644625, "pr_1": 3.8356580837053893, "pr_2": 1.5699924986741407}, "datetime": {"datetime": "2021-12-29 16:07:27", "elapsed": 56011.04598, "delta": 1212.226307}}
{"target": 4.0, "params": {"det_1": 158.06999691758, "det_2": 19.273760804470495, "laseroff": 428598.0123171612, "laseron": 170649.61769145634, "main_det": 10.936021185833999, "pr_1": 7.936053009364805, "pr_2": 4.38071056281437}, "datetime": {"datetime": "2021-12-29 16:20:35", "elapsed": 56799.165378, "delta": 788.119398}}
{"target": 10.0, "params": {"det_1": 76.06111016954834, "det_2": 28.814443367736786, "laseroff": 330815.25303607, "laseron": 210569.94792314793, "main_det": 13.999410372250829, "pr_1": 9.78124384099107, "pr_2": 3.774749807974736}, "datetime": {"datetime": "2021-12-29 16:37:56", "elapsed": 57839.710354, "delta": 1040.544976}}
{"target": 23.0, "params": {"det_1": 131.39132752220524, "det_2": 11.337887053300065, "laseroff": 353180.02758261916, "laseron": 164533.49791262715, "main_det": 15.67060088843974, "pr_1": 6.265904611582436, "pr_2": 5.010327785431923}, "datetime": {"datetime": "2021-12-29 16:56:29", "elapsed": 58952.719746, "delta": 1113.009392}}
{"target": 9.0, "params": {"det_1": 139.1747925841403, "det_2": 11.551499404057878, "laseroff": 398764.8370597135, "laseron": 162506.4045284958, "main_det": 11.41795920178482, "pr_1": 6.315685314219228, "pr_2": 7.359660641631071}, "datetime": {"datetime": "2021-12-29 17:10:02", "elapsed": 59766.003446, "delta": 813.2837}}
{"target": 13.0, "params": {"det_1": 91.29471243778536, "det_2": 15.549042463779756, "laseroff": 460468.79134931264, "laseron": 245838.06913474252, "main_det": 14.860444563601707, "pr_1": 1.5339206478630796, "pr_2": 4.992489989252494}, "datetime": {"datetime": "2021-12-29 17:25:22", "elapsed": 60685.77893, "delta": 919.775484}}
{"target": 28.0, "params": {"det_1": 149.05926674218466, "det_2": 10.012488307187994, "laseroff": 357275.3375915039, "laseron": 154002.36943360628, "main_det": 19.29937243518023, "pr_1": 8.315937492515069, "pr_2": 8.388017908151351}, "datetime": {"datetime": "2021-12-29 17:46:48", "elapsed": 61971.495304, "delta": 1285.716374}}
{"target": 8.0, "params": {"det_1": 118.06679007201629, "det_2": 29.4390167356659, "laseroff": 557685.0107585378, "laseron": 226831.8080451914, "main_det": 17.725174953228358, "pr_1": 2.9389884864952385, "pr_2": 2.846033845936872}, "datetime": {"datetime": "2021-12-29 18:02:34", "elapsed": 62917.77351, "delta": 946.278206}}
{"target": 18.0, "params": {"det_1": 112.38621231155238, "det_2": 27.113154572241754, "laseroff": 329494.49236091104, "laseron": 206581.05398329132, "main_det": 16.347050424348332, "pr_1": 8.387354965076897, "pr_2": 2.2150710945721706}, "datetime": {"datetime": "2021-12-29 18:22:01", "elapsed": 64084.656224, "delta": 1166.882714}}
{"target": 18.0, "params": {"det_1": 83.49245935448427, "det_2": 12.050531054768078, "laseroff": 359134.76792969933, "laseron": 232422.58874482315, "main_det": 17.10969324337029, "pr_1": 8.1677733867768, "pr_2": 6.885338714230148}, "datetime": {"datetime": "2021-12-29 18:42:07", "elapsed": 65291.112473, "delta": 1206.456249}}
{"target": 9.0, "params": {"det_1": 152.93102211691414, "det_2": 18.598259802430135, "laseroff": 397925.8896384293, "laseron": 223458.0005585646, "main_det": 14.01504347776525, "pr_1": 2.215630956188632, "pr_2": 1.3846939879807443}, "datetime": {"datetime": "2021-12-29 18:56:41", "elapsed": 66164.427948, "delta": 873.315475}}
{"target": 9.0, "params": {"det_1": 152.65724230686794, "det_2": 11.433023912271738, "laseroff": 397864.34797254903, "laseron": 223198.05951526086, "main_det": 12.94745424149589, "pr_1": 1.5389859696521526, "pr_2": 2.5877729277059247}, "datetime": {"datetime": "2021-12-29 19:11:28", "elapsed": 67051.587657, "delta": 887.159709}}
{"target": 12.0, "params": {"det_1": 77.06333379382849, "det_2": 26.91203255723169, "laseroff": 358520.26900786767, "laseron": 232268.34261729463, "main_det": 14.138155210409144, "pr_1": 5.61658437516154, "pr_2": 4.811542711569662}, "datetime": {"datetime": "2021-12-29 19:26:58", "elapsed": 67981.525008, "delta": 929.937351}}
