{"target": -1.0, "params": {"Bgrad": 0.787891511379635, "d1": -1.5850538193819186, "d2": -0.22849987243166092, "d3": -0.8362307077864157, "d4": -1.8887230142140767, "p1": 6.340369330752632, "p2": 1.868305112566182, "p3": 40.01890080740896, "p4": 47.10101125303287, "pol1": -0.2061723596246876, "pol2": -0.30581159614057096, "pol3": -0.7892586355528675, "pol4": -0.5628253845021911, "v0s": 5.61787922526738}, "datetime": {"datetime": "2022-04-30 01:13:08", "elapsed": 121301.254419, "delta": 26.88312}}
{"target": -1.0, "params": {"Bgrad": 0.7415793171155967, "d1": -2.520935423442276, "d2": -0.24955733398783853, "d3": -2.1017698405899385, "d4": -2.4649217475054837, "p1": 16.316080772017607, "p2": 37.23858042388026, "p3": 0.1609849268724317, "p4": 29.597668486467434, "pol1": 0.18645655886285906, "pol2": -0.644746736253891, "pol3": 0.8267589615199706, "pol4": 0.617210030215102, "v0s": 5.744927957677945}, "datetime": {"datetime": "2022-04-30 01:13:36", "elapsed": 121328.591324, "delta": 27.336905}}
{"target": 3.581910490578295, "params": {"Bgrad": 1.4691743720755814, "d1": -1.4591092089466293, "d2": 0.567846801813826, "d3": -2.075030718265502, "d4": -0.7141401327062415, "p1": 47.35663910157563, "p2": 45.44566589801273, "p3": 7.152654421655105, "p4": 22.375758773732436, "pol1": -0.05134182056932473, "pol2": 0.6971886567390577, "pol3": 0.0984383948466335, "pol4": 0.4122621348207138, "v0s": 3.581910490578295}, "datetime": {"datetime": "2022-04-30 01:14:29", "elapsed": 121381.609564, "delta": 53.01824}}
{"target": -1.0, "params": {"Bgrad": 1.9928108722706166, "d1": -1.3012338493949862, "d2": -0.4246895466379357, "d3": -2.5208129994212283, "d4": -1.153796453711868, "p1": 26.089796987611823, "p2": 9.573040847909537, "p3": 23.742415250347776, "p4": 26.99665306720023, "pol1": -0.9401930772254345, "pol2": 0.2049183151903744, "pol3": 0.5270038699248751, "pol4": -0.4523818937111648, "v0s": 2.3841126793640384}, "datetime": {"datetime": "2022-04-30 01:15:09", "elapsed": 121421.79312, "delta": 40.183556}}
{"target": -1.0, "params": {"Bgrad": 1.928033406835888, "d1": -2.0425436982900327, "d2": 0.472492088199576, "d3": -1.8694162666582703, "d4": -1.3090200336310516, "p1": 24.03724684005088, "p2": 23.71518367743403, "p3": 13.148612598411297, "p4": 36.1781683514945, "pol1": 0.353031556863346, "pol2": -0.25648559734235565, "pol3": 0.45036230090386087, "pol4": 0.28614203970016505, "v0s": 2.531792721745662}, "datetime": {"datetime": "2022-04-30 01:15:53", "elapsed": 121466.234292, "delta": 44.441172}}
{"target": 4.917650449046091, "params": {"Bgrad": 1.814440101307159, "d1": -1.942297694889982, "d2": 0.7370797428478804, "d3": -1.2713009602248053, "d4": -2.1877152412813374, "p1": 33.89904280234185, "p2": 12.636409274197955, "p3": 3.5956244362175065, "p4": 16.262074483511913, "pol1": -0.035261635737739654, "pol2": 0.3415391345820497, "pol3": 0.7704766972105108, "pol4": -0.3352751559101384, "v0s": 4.917650449046091}, "datetime": {"datetime": "2022-04-30 01:16:22", "elapsed": 121494.677241, "delta": 28.442949}}
{"target": -1.0, "params": {"Bgrad": 1.658931657615649, "d1": -2.5492446259198216, "d2": 0.27517760562041316, "d3": -1.746736306318636, "d4": -1.3427957440651341, "p1": 28.379485110912285, "p2": 41.67443893257835, "p3": 26.663652227945207, "p4": 20.11349084431361, "pol1": -0.10302878545975269, "pol2": 0.9998669570428875, "pol3": -0.950161790701292, "pol4": -0.9491909035552195, "v0s": 6.119218187062502}, "datetime": {"datetime": "2022-04-30 01:17:02", "elapsed": 121534.610467, "delta": 39.933226}}
{"target": 5.358345765184536, "params": {"Bgrad": 0.7936761335260776, "d1": -1.8307713728416846, "d2": 0.720018480366346, "d3": -0.48781436998689326, "d4": -1.257155191396645, "p1": 14.267249755140519, "p2": 47.116594917953456, "p3": 31.066535144019042, "p4": 13.389732159447579, "pol1": -0.5852198185710944, "pol2": 0.1813312555706318, "pol3": 0.16133154986305642, "pol4": 0.6416515535245805, "v0s": 5.358345765184536}, "datetime": {"datetime": "2022-04-30 01:17:28", "elapsed": 121560.928099, "delta": 26.317632}}
{"target": 3.9399765638245103, "params": {"Bgrad": 0.9071440304574084, "d1": -1.0177616958652995, "d2": 0.8165210864203762, "d3": -2.155963411638721, "d4": -1.1738665925752507, "p1": 7.319791355872511, "p2": 35.91987310873105, "p3": 33.11709711357607, "p4": 7.209977028020964, "pol1": -0.852489112206613, "pol2": 0.47886989074171943, "pol3": 0.2947535351559493, "pol4": 0.7629045942945736, "v0s": 3.9399765638245103}, "datetime": {"datetime": "2022-04-30 01:18:17", "elapsed": 121609.775489, "delta": 48.84739}}
{"target": -1.0, "params": {"Bgrad": 1.872825232952226, "d1": -2.2867473021963614, "d2": -0.044264039988591186, "d3": -1.4260405366026592, "d4": -0.304386950972829, "p1": 26.823738327245504, "p2": 6.777755524052337, "p3": 31.4923909152741, "p4": 31.07600514114909, "pol1": 0.49106813178604103, "pol2": 0.5459130506504919, "pol3": -0.5896735538723326, "pol4": -0.4849110770960341, "v0s": 2.957504636278352}, "datetime": {"datetime": "2022-04-30 01:18:55", "elapsed": 121648.221691, "delta": 38.446202}}
{"target": -1.0, "params": {"Bgrad": 1.527360917187975, "d1": -2.2260049855248356, "d2": -1.318643367604211, "d3": 0.574520893680964, "d4": -0.7144170457805529, "p1": 45.247375649729264, "p2": 31.10099947392606, "p3": 46.26916920371568, "p4": 17.264162704790646, "pol1": -0.6558936432396674, "pol2": 0.044389945497659636, "pol3": -0.26852831930251825, "pol4": -0.020554238634191292, "v0s": 3.7507495620573175}, "datetime": {"datetime": "2022-04-30 01:19:43", "elapsed": 121696.334048, "delta": 48.112357}}
{"target": -1.0, "params": {"Bgrad": 1.526772918823026, "d1": -2.0802880581299403, "d2": -0.8307459831712904, "d3": -1.1845794737094408, "d4": -1.3660669636479632, "p1": 20.780148990478775, "p2": 26.313163174423053, "p3": 9.242860866981683, "p4": 30.86245346629991, "pol1": 0.1861276062207975, "pol2": 0.8438731790355571, "pol3": 0.9256761325959857, "pol4": -0.13505331209037097, "v0s": 2.7380644258614284}, "datetime": {"datetime": "2022-04-30 01:20:17", "elapsed": 121730.460799, "delta": 34.126751}}
{"target": -1.0, "params": {"Bgrad": 1.7695100234007526, "d1": -2.2068758165889246, "d2": -2.0511673304424973, "d3": -0.5084896722878796, "d4": -2.3394506475334014, "p1": 36.39696021234495, "p2": 2.0471670378133355, "p3": 5.64250219427978, "p4": 38.24282223460159, "pol1": -0.3873602463062664, "pol2": 0.342182961585644, "pol3": 0.20627504819004128, "pol4": 0.9662372990924584, "v0s": 5.218589659028371}, "datetime": {"datetime": "2022-04-30 01:21:00", "elapsed": 121773.003049, "delta": 42.54225}}
{"target": -1.0, "params": {"Bgrad": 1.8388163044812165, "d1": 0.07168118686989144, "d2": 0.13322957267476188, "d3": -0.9444860840731217, "d4": -1.5914265953867672, "p1": 5.248253369246219, "p2": 13.095281278730402, "p3": 35.589864787698936, "p4": 4.538979526753101, "pol1": -0.4381500678648773, "pol2": -0.9069273353317999, "pol3": -0.30574899200133787, "pol4": 0.9651595203185337, "v0s": 5.087306343911705}, "datetime": {"datetime": "2022-04-30 01:22:00", "elapsed": 121832.772238, "delta": 59.769189}}
{"target": 3.3648669947943683, "params": {"Bgrad": 1.2436338458880107, "d1": -0.2500149454736236, "d2": 0.8698076184869579, "d3": -0.8615000455527828, "d4": -1.9689530066919998, "p1": 4.72437214676823, "p2": 30.879810762330735, "p3": 14.273095874945868, "p4": 22.2475610959313, "pol1": -0.38833817188454156, "pol2": 0.3807129685598407, "pol3": -0.12285567230903416, "pol4": -0.39501942664862355, "v0s": 3.3648669947943683}, "datetime": {"datetime": "2022-04-30 01:22:35", "elapsed": 121868.41294, "delta": 35.640702}}
{"target": 4.517266614487792, "params": {"Bgrad": 1.035713932562199, "d1": -2.6007078541291286, "d2": -0.3444007177938629, "d3": -0.7678324749582394, "d4": -1.9735459231127044, "p1": 31.696936573583756, "p2": 6.278659432308477, "p3": 7.06344789395385, "p4": 26.066341621026687, "pol1": -0.7577658823374598, "pol2": 0.388302165947947, "pol3": -0.5326293852628698, "pol4": 0.1699043139507851, "v0s": 4.517266614487792}, "datetime": {"datetime": "2022-04-30 01:23:02", "elapsed": 121894.551052, "delta": 26.138112}}
{"target": 4.784552572216739, "params": {"Bgrad": 1.4380135338956412, "d1": -2.7820642716632484, "d2": -0.09172146974910149, "d3": -0.45817111879019917, "d4": -1.0577770142962133, "p1": 18.096998951534676, "p2": 15.018310145054386, "p3": 29.41192238614672, "p4": 35.81525659011867, "pol1": -0.5735308848979003, "pol2": -0.6518951203592069, "pol3": 0.6025126825645898, "pol4": -0.3241681156407307, "v0s": 4.784552572216739}, "datetime": {"datetime": "2022-04-30 01:23:40", "elapsed": 121933.068066, "delta": 38.517014}}
{"target": -1.0, "params": {"Bgrad": 1.192535855416342, "d1": -2.639316268961543, "d2": 0.7620876619381303, "d3": 0.7265905144928371, "d4": -0.3562451298439262, "p1": 41.556381686268615, "p2": 43.05026972686864, "p3": 29.8725638274872, "p4": 17.235816182333117, "pol1": -0.5178658023613332, "pol2": -0.49462823303026826, "pol3": -0.1703435752979372, "pol4": 0.3723156208287075, "v0s": 4.949186109689031}, "datetime": {"datetime": "2022-04-30 01:24:12", "elapsed": 121965.460453, "delta": 32.392387}}
{"target": 4.38963719645716, "params": {"Bgrad": 1.1998931567717195, "d1": -0.5706389035770063, "d2": 0.1798102059683947, "d3": -2.7801715830615152, "d4": -0.7032098818706636, "p1": 5.179113738137076, "p2": 2.6989548665567558, "p3": 29.930210379563913, "p4": 13.664506619486904, "pol1": -0.11591140451677953, "pol2": 0.6225909984878164, "pol3": -0.6812387597656806, "pol4": 0.23834451337329046, "v0s": 4.38963719645716}, "datetime": {"datetime": "2022-04-30 01:24:43", "elapsed": 121996.002788, "delta": 30.542335}}
{"target": -1.0, "params": {"Bgrad": 0.6505431023258534, "d1": -1.9519397232657245, "d2": 0.5623890448892266, "d3": -1.3847676099912403, "d4": 0.9550075657583545, "p1": 12.130177019459959, "p2": 28.479199474162552, "p3": 17.8054624859608, "p4": 4.03469491529696, "pol1": -0.679364644559648, "pol2": 0.2155448725472302, "pol3": -0.9617774729403397, "pol4": -0.3401652214265538, "v0s": 3.916328707081669}, "datetime": {"datetime": "2022-04-30 01:25:32", "elapsed": 122045.451571, "delta": 49.448783}}
{"target": 4.4773812330685345, "params": {"Bgrad": 1.222044233020366, "d1": -1.9460563286406614, "d2": -0.3776155696390848, "d3": -2.4639702433175255, "d4": -1.7215438891488697, "p1": 8.873924900297691, "p2": 35.552703750616494, "p3": 35.62569180294709, "p4": 35.08174003638714, "pol1": -0.4460504219884216, "pol2": 0.8954291747400174, "pol3": 0.31272159867912475, "pol4": -0.037597078408589724, "v0s": 4.4773812330685345}, "datetime": {"datetime": "2022-04-30 01:25:56", "elapsed": 122068.59868, "delta": 23.147109}}
{"target": 4.153969503291337, "params": {"Bgrad": 1.6100721452419067, "d1": -1.762444183707574, "d2": 0.5300053384210712, "d3": -1.3877903306606254, "d4": -0.8412344749129811, "p1": 20.8364622262072, "p2": 25.176065283067487, "p3": 9.3384670544911, "p4": 32.3787625741491, "pol1": -0.3370725552291589, "pol2": 0.38024910832736314, "pol3": 0.5367199652728619, "pol4": -0.30518544460084857, "v0s": 4.153969503291337}, "datetime": {"datetime": "2022-04-30 01:26:24", "elapsed": 122097.10845, "delta": 28.50977}}
{"target": -1.0, "params": {"Bgrad": 1.1291837603067063, "d1": -1.9654957936582051, "d2": -0.416135744012224, "d3": -0.7312951647286874, "d4": -1.6337698729518837, "p1": 40.07463482408317, "p2": 47.65259287031932, "p3": 17.08692111269114, "p4": 11.156241578911196, "pol1": 0.2546573279304625, "pol2": 0.5973876932447002, "pol3": 0.5183141959517901, "pol4": 0.5400262314893034, "v0s": 4.289311047609592}, "datetime": {"datetime": "2022-04-30 01:27:27", "elapsed": 122159.653217, "delta": 62.544767}}
{"target": -1.0, "params": {"Bgrad": 1.5834127158599076, "d1": -1.3175468467105134, "d2": -1.8379917515513253, "d3": -2.6233497612995222, "d4": 0.6568761802192236, "p1": 25.106062190221706, "p2": 27.731913431500065, "p3": 22.37490078971155, "p4": 1.4632831240403266, "pol1": -0.6268619579591734, "pol2": 0.5991632127914859, "pol3": 0.6990210877848462, "pol4": 0.5928003805319133, "v0s": 3.6308433173130243}, "datetime": {"datetime": "2022-04-30 01:28:26", "elapsed": 122219.094282, "delta": 59.441065}}
{"target": -1.0, "params": {"Bgrad": 0.9906055926774273, "d1": -2.4313669395146693, "d2": -0.5995679608556377, "d3": -1.7937163616590155, "d4": -0.399004136645321, "p1": 0.6481538386687247, "p2": 6.291655783644451, "p3": 23.028599826006886, "p4": 21.336122083889574, "pol1": 0.04145421878888356, "pol2": 0.08153052869280608, "pol3": -0.5775832864249355, "pol4": 0.7696777165894155, "v0s": 4.977033290294721}, "datetime": {"datetime": "2022-04-30 01:28:56", "elapsed": 122248.96242, "delta": 29.868138}}
{"target": -1.0, "params": {"Bgrad": 1.8211448618218657, "d1": -2.1636376461587767, "d2": -0.5540090406913722, "d3": -1.3954466042794538, "d4": 0.7454647181692868, "p1": 11.444734511188997, "p2": 22.82232541494991, "p3": 46.27314963238498, "p4": 29.92102907207221, "pol1": 0.1713809688480492, "pol2": -0.823170315724089, "pol3": 0.5232695276470916, "pol4": -0.0644276891303679, "v0s": 2.928683584352164}, "datetime": {"datetime": "2022-04-30 01:29:32", "elapsed": 122285.185566, "delta": 36.223146}}
{"target": -1.0, "params": {"Bgrad": 1.2552963928410983, "d1": -0.9291491854731344, "d2": 0.1292969655250995, "d3": -1.1293772094683256, "d4": -1.6716981495591008, "p1": 9.07214264861636, "p2": 39.029975389413316, "p3": 33.35517417584561, "p4": 9.476591651600785, "pol1": -0.8380434134675445, "pol2": 0.9398207939134444, "pol3": -0.6548640325039408, "pol4": -0.3802831284185022, "v0s": 5.1413619763599}, "datetime": {"datetime": "2022-04-30 01:30:13", "elapsed": 122326.451229, "delta": 41.265663}}
{"target": 3.7213747300574904, "params": {"Bgrad": 0.7971120538348044, "d1": -1.240299821412582, "d2": 0.5231986084418443, "d3": -1.443276219637512, "d4": -2.205899230400781, "p1": 38.29214449343859, "p2": 46.680546124180125, "p3": 16.605830838572338, "p4": 11.672356570273248, "pol1": -0.376684538481455, "pol2": 0.8120038544754141, "pol3": 0.15227868260075902, "pol4": 0.6981084569478901, "v0s": 3.7213747300574904}, "datetime": {"datetime": "2022-04-30 01:30:39", "elapsed": 122352.055767, "delta": 25.604538}}
{"target": -1.0, "params": {"Bgrad": 0.7914205590458533, "d1": -1.424682341117557, "d2": 0.43072983936967546, "d3": 0.5457534806172544, "d4": 0.3518764276433899, "p1": 21.964290328082136, "p2": 25.048522230489027, "p3": 8.239595164698255, "p4": 32.24414603847497, "pol1": -0.6985185654319188, "pol2": -0.35382420596960396, "pol3": 0.8984078838571228, "pol4": -0.5124536752557127, "v0s": 4.090055747726943}, "datetime": {"datetime": "2022-04-30 01:31:09", "elapsed": 122382.241057, "delta": 30.18529}}
{"target": 4.350662252379422, "params": {"Bgrad": 1.0243285721582047, "d1": -1.3617702389521043, "d2": 0.0630655344092057, "d3": -1.3510784623347294, "d4": -1.9160668091794268, "p1": 8.001311366894608, "p2": 34.44487595160249, "p3": 33.13884120257542, "p4": 6.444370398468868, "pol1": -0.804487419934431, "pol2": 0.8679935679889303, "pol3": 0.42819777022790095, "pol4": 0.7362457022683273, "v0s": 4.350662252379422}, "datetime": {"datetime": "2022-04-30 01:31:52", "elapsed": 122425.052587, "delta": 42.81153}}
{"target": 2.497279280542574, "params": {"Bgrad": 1.1792396823789824, "d1": -2.9421618037079194, "d2": 0.12913698115236816, "d3": -0.9959967044265836, "d4": 0.21505763042467363, "p1": 5.959647571646659, "p2": 0.3779317379430769, "p3": 38.39245462772449, "p4": 44.13839330328004, "pol1": -0.030857806128946397, "pol2": 0.5450574649935029, "pol3": 0.1633845191012202, "pol4": 0.04782087179280792, "v0s": 2.497279280542574}, "datetime": {"datetime": "2022-04-30 01:32:24", "elapsed": 122457.287397, "delta": 32.23481}}
{"target": -1.0, "params": {"Bgrad": 1.3185578289178626, "d1": -1.668703225049235, "d2": -0.21445106632301458, "d3": -2.5021180465738047, "d4": -2.1451790308803687, "p1": 20.7925313853538, "p2": 26.545661726725605, "p3": 12.866524798298324, "p4": 37.42335216087488, "pol1": -0.31874969746808834, "pol2": 0.7810756231785072, "pol3": 0.014007333444892911, "pol4": 0.47372461800701293, "v0s": 5.301906618249975}, "datetime": {"datetime": "2022-04-30 01:32:54", "elapsed": 122486.74962, "delta": 29.462223}}
{"target": 3.3340463492004915, "params": {"Bgrad": 1.0326839877788347, "d1": -2.706093743069431, "d2": -1.2038488145270376, "d3": -2.981486291957997, "d4": 0.25965388072514006, "p1": 24.775073725595302, "p2": 23.323323922113552, "p3": 10.32105108760651, "p4": 32.44959629385827, "pol1": -0.8160699626858812, "pol2": 0.23904157979451512, "pol3": 0.15458305402118966, "pol4": -0.1932302313173031, "v0s": 3.3340463492004915}, "datetime": {"datetime": "2022-04-30 01:33:24", "elapsed": 122517.490425, "delta": 30.740805}}
{"target": 4.152298215464481, "params": {"Bgrad": 0.9670223861481395, "d1": -1.022985064890106, "d2": 0.44094113295527393, "d3": -1.6806224968428132, "d4": -1.5112714851325748, "p1": 7.605532341573107, "p2": 35.213069078248736, "p3": 33.149040300810675, "p4": 6.82705091128546, "pol1": -0.8445393448554034, "pol2": 0.6838626974789964, "pol3": 0.2795209387993295, "pol4": 0.7391915180854535, "v0s": 4.152298215464481}, "datetime": {"datetime": "2022-04-30 01:34:00", "elapsed": 122553.0294, "delta": 35.538975}}
{"target": 4.985691176166954, "params": {"Bgrad": 1.0711253756550627, "d1": -1.6148487487050804, "d2": 0.07157572004396939, "d3": -0.9792378994694323, "d4": -2.46550071227167, "p1": 23.447319343452108, "p2": 24.617660863458422, "p3": 8.401769417739796, "p4": 33.24596157975348, "pol1": -0.35936131856182657, "pol2": -0.54254056301695, "pol3": 0.5700464877936988, "pol4": -0.7012267556638395, "v0s": 4.985691176166954}, "datetime": {"datetime": "2022-04-30 01:34:38", "elapsed": 122591.378862, "delta": 38.349462}}
{"target": -1.0, "params": {"Bgrad": 1.3837337936072804, "d1": -0.8494241364333468, "d2": 0.5567548259294774, "d3": -1.7976686373689832, "d4": -1.4564618962031917, "p1": 4.695675609879063, "p2": 2.334450173694713, "p3": 29.090983698465813, "p4": 13.20738854519315, "pol1": -0.39583932110529596, "pol2": 0.1595694981056741, "pol3": 0.21053697714667563, "pol4": -0.5855791940465782, "v0s": 6.265533526497441}, "datetime": {"datetime": "2022-04-30 01:35:47", "elapsed": 122659.926577, "delta": 68.547715}}
{"target": 5.016614054049852, "params": {"Bgrad": 0.6578042583419657, "d1": -1.7144609248052372, "d2": 0.14989979990640956, "d3": -1.5437342750821426, "d4": -2.940581087762386, "p1": 21.446656822798023, "p2": 24.96968472580725, "p3": 40.471107752500856, "p4": 47.24143072272857, "pol1": 0.748598035210261, "pol2": 0.07360006659615248, "pol3": 0.7484104686637139, "pol4": 0.8399615779946943, "v0s": 5.016614054049852}, "datetime": {"datetime": "2022-04-30 01:36:40", "elapsed": 122713.432513, "delta": 53.505936}}
{"target": -1.0, "params": {"Bgrad": 1.3894981017261423, "d1": -0.43605615790262675, "d2": 0.48766056332624874, "d3": -2.9814064063900054, "d4": -2.0088797674946375, "p1": 37.64258029909074, "p2": 24.438750456631926, "p3": 23.72605278399863, "p4": 34.234788799912366, "pol1": 0.8089004769060801, "pol2": 0.12058014601368594, "pol3": -0.3071791280050864, "pol4": 0.27917978349423245, "v0s": 5.441559048087193}, "datetime": {"datetime": "2022-04-30 01:37:13", "elapsed": 122746.00841, "delta": 32.575897}}
{"target": -1.0, "params": {"Bgrad": 0.7848731211817419, "d1": -1.8878262289542218, "d2": 0.5564710741566872, "d3": -0.9187903196218157, "d4": -1.2148208213849339, "p1": 23.15325472216888, "p2": 24.4159725973906, "p3": 11.848485074378933, "p4": 35.794855697060434, "pol1": -0.0896968061208776, "pol2": 0.5208481046108333, "pol3": 0.546630067458451, "pol4": -0.6659096003290637, "v0s": 2.6487787996261893}, "datetime": {"datetime": "2022-04-30 01:37:49", "elapsed": 122782.12883, "delta": 36.12042}}
{"target": -1.0, "params": {"Bgrad": 1.5354039799324264, "d1": -1.6956363590859476, "d2": -0.060517168239756725, "d3": -1.8075938436134478, "d4": -1.540714745878398, "p1": 48.726622225658275, "p2": 45.449623653532, "p3": 7.024731438320253, "p4": 21.07548449837901, "pol1": 0.14134329718824, "pol2": 0.19521909257693792, "pol3": 0.6233184860991559, "pol4": -0.7693383174433539, "v0s": 5.115509333273841}, "datetime": {"datetime": "2022-04-30 01:38:27", "elapsed": 122819.796115, "delta": 37.667285}}
{"target": -1.0, "params": {"Bgrad": 0.8715657605541618, "d1": -1.7252640433324675, "d2": -0.5364396849130517, "d3": -2.9175717187769195, "d4": -0.7960640104435601, "p1": 47.33509824536423, "p2": 26.183159952473456, "p3": 22.230531803422526, "p4": 4.498845935243051, "pol1": 0.04830921820901879, "pol2": -0.8390311588277524, "pol3": -0.2814594070569314, "pol4": 0.4724933480704736, "v0s": 3.4095326157489096}, "datetime": {"datetime": "2022-04-30 01:38:54", "elapsed": 122847.324509, "delta": 27.528394}}
{"target": 3.6128704300006698, "params": {"Bgrad": 1.2839860599335988, "d1": -2.661243835702985, "d2": -1.69230260736575, "d3": -2.07184334919899, "d4": -1.2068042096339273, "p1": 3.4317552012257257, "p2": 48.648815177054274, "p3": 12.871239308507182, "p4": 20.08292422648083, "pol1": -0.9301564263413339, "pol2": 0.4746512117527617, "pol3": 0.6765106522042423, "pol4": 0.3647526808397866, "v0s": 3.6128704300006698}, "datetime": {"datetime": "2022-04-30 01:40:05", "elapsed": 122917.717292, "delta": 70.392783}}
{"target": 2.952197953453151, "params": {"Bgrad": 1.5718965855934037, "d1": -0.5668084568269078, "d2": -0.009421956839962053, "d3": -0.18120901048131666, "d4": -0.09027996032179475, "p1": 22.39905886168031, "p2": 23.69568378442591, "p3": 10.56013804237454, "p4": 33.644505907061145, "pol1": 0.9181979942891543, "pol2": 0.9359470000438448, "pol3": 0.8426786141093929, "pol4": 0.3814331471723471, "v0s": 2.952197953453151}, "datetime": {"datetime": "2022-04-30 01:40:39", "elapsed": 122952.285862, "delta": 34.56857}}
