{"target": -1.0, "params": {"Bgrad": 1.6855223821433265, "d1": -1.9673748338517623, "d2": -0.3393584731311816, "d3": -2.1847208524382817, "d4": -0.7010769034261455, "p1": 24.297587597887194, "p2": 21.708387248793247, "p3": 8.825490151075076, "p4": 31.94330339126536, "pol1": -0.7750830549309371, "pol2": 0.8921768165210693, "pol3": 0.33903828282141935, "pol4": 0.3098695178102906, "v0s": 4.740350111954884}, "datetime": {"datetime": "2022-04-29 23:49:59", "elapsed": 116312.451577, "delta": 38.213824}}
{"target": 3.3318915184457825, "params": {"Bgrad": 2.0, "d1": -0.023980629562874587, "d2": -1.266698032865573, "d3": -1.8875562344064423, "d4": -0.29276002731429346, "p1": 9.410507105322784, "p2": 1.9744661104939616, "p3": 43.60425316411147, "p4": 47.21519016318492, "pol1": -0.07993815233547037, "pol2": -0.30018009699439796, "pol3": 0.6857056176230646, "pol4": 0.31906668965249907, "v0s": 3.3318915184457825}, "datetime": {"datetime": "2022-04-29 23:50:37", "elapsed": 116349.704968, "delta": 37.253391}}
{"target": 4.427301083699621, "params": {"Bgrad": 0.9890978866903972, "d1": -1.52266882114416, "d2": 0.7463683663229269, "d3": -2.142755390681519, "d4": -0.43600819334428315, "p1": 40.06728662633501, "p2": 24.353852884452177, "p3": 43.18993444698644, "p4": 48.99151504581957, "pol1": -0.4082942656529201, "pol2": 0.3406737449328855, "pol3": -0.38837609612866447, "pol4": -0.17401640322048856, "v0s": 4.427301083699621}, "datetime": {"datetime": "2022-04-29 23:51:00", "elapsed": 116373.436514, "delta": 23.731546}}
{"target": -1.0, "params": {"Bgrad": 1.7108933946164158, "d1": -1.8182795580448121, "d2": -1.9088659330763447, "d3": -1.1459201872271505, "d4": -0.3456254823765197, "p1": 5.666863968031233, "p2": 14.075759202224408, "p3": 32.992137013331934, "p4": 2.8086286202890607, "pol1": -0.7262208528190657, "pol2": -0.023439212248608676, "pol3": 0.7843605008458847, "pol4": 0.5577401972009852, "v0s": 5.349181803664703}, "datetime": {"datetime": "2022-04-29 23:51:53", "elapsed": 116425.724705, "delta": 52.288191}}
{"target": -1.0, "params": {"Bgrad": 1.1285369774524203, "d1": -1.1746486023456097, "d2": -2.9789087193845885, "d3": -1.665226397176442, "d4": -1.1002200877775272, "p1": 28.467437223357177, "p2": 7.136460600755473, "p3": 8.640425479435349, "p4": 48.24101099999618, "pol1": -0.34820732962709733, "pol2": 0.5124140685833074, "pol3": 0.635217146229724, "pol4": -0.5455150771395645, "v0s": 2.928628558716378}, "datetime": {"datetime": "2022-04-29 23:52:39", "elapsed": 116471.786544, "delta": 46.061839}}
{"target": -1.0, "params": {"Bgrad": 0.849689457097129, "d1": -1.468187745100487, "d2": -0.8076294963055606, "d3": -1.437487319217377, "d4": -2.0098960424692414, "p1": 7.8479459254356065, "p2": 0.20632513138351127, "p3": 38.53600826833828, "p4": 45.667439544414826, "pol1": -0.035277812639197936, "pol2": -0.258158945345234, "pol3": -0.46026884116621214, "pol4": 0.4558128415743743, "v0s": 3.311186401352156}, "datetime": {"datetime": "2022-04-29 23:53:06", "elapsed": 116499.320922, "delta": 27.534378}}
{"target": -1.0, "params": {"Bgrad": 1.6291904913121704, "d1": -2.3191442739059616, "d2": -2.0589649742422775, "d3": 0.09466726072923441, "d4": -3.0, "p1": 2.419392026358256, "p2": 13.410649397742374, "p3": 37.494820662222196, "p4": 44.66715646792287, "pol1": -0.3071468625252393, "pol2": -0.4975108405499807, "pol3": -0.2960281816379141, "pol4": 1.0, "v0s": 4.390883766329414}, "datetime": {"datetime": "2022-04-29 23:53:40", "elapsed": 116532.773476, "delta": 33.452554}}
{"target": -1.0, "params": {"Bgrad": 0.9387086271219102, "d1": -0.4868954805779775, "d2": 0.8873865446838964, "d3": -1.689527705010346, "d4": -2.7649064046758367, "p1": 25.546216406410633, "p2": 5.658943289215129, "p3": 30.578186458990963, "p4": 29.88797674992865, "pol1": -0.42938504804090427, "pol2": -0.17380367117534168, "pol3": 0.10212177341053175, "pol4": -0.6008558171507021, "v0s": 4.315626899674859}, "datetime": {"datetime": "2022-04-29 23:54:01", "elapsed": 116554.460489, "delta": 21.687013}}
{"target": 5.610731685234268, "params": {"Bgrad": 0.6673178639419689, "d1": -1.8954797699486263, "d2": -0.1341018292867364, "d3": -0.1472746031883034, "d4": -1.6400520211427168, "p1": 16.137388962206973, "p2": 16.380662423292417, "p3": 31.187055788184463, "p4": 35.66389240665245, "pol1": -0.17738681216705834, "pol2": -0.18374459416858016, "pol3": 0.07943278034105364, "pol4": 0.7110007257433649, "v0s": 5.610731685234268}, "datetime": {"datetime": "2022-04-29 23:54:26", "elapsed": 116579.273145, "delta": 24.812656}}
{"target": 2.7751051938878266, "params": {"Bgrad": 0.6886402641718764, "d1": -2.091070511187652, "d2": 0.9612346647668649, "d3": -1.1351305856877216, "d4": -1.3288390756299906, "p1": 34.39434726514333, "p2": 37.33072767177228, "p3": 22.691800471555005, "p4": 22.215241588338614, "pol1": -1.0, "pol2": 0.175980433242356, "pol3": -0.4138701903967009, "pol4": -0.23781805303718173, "v0s": 2.7751051938878266}, "datetime": {"datetime": "2022-04-29 23:54:53", "elapsed": 116606.287912, "delta": 27.014767}}
{"target": 3.996653395054088, "params": {"Bgrad": 1.6530529671104992, "d1": -2.2654324876057546, "d2": -2.7400594754158902, "d3": -1.2263024085116285, "d4": -2.7990617151576833, "p1": 16.472859711568482, "p2": 44.59721696383143, "p3": 16.674915096368686, "p4": 12.05001114828958, "pol1": 0.3260978550122492, "pol2": 0.7865098260967143, "pol3": -0.00923755284653124, "pol4": -0.18841407780127623, "v0s": 3.996653395054088}, "datetime": {"datetime": "2022-04-29 23:55:19", "elapsed": 116632.075959, "delta": 25.788047}}
{"target": -1.0, "params": {"Bgrad": 0.9450970605759776, "d1": -2.9903488360797117, "d2": -0.2785988806659949, "d3": -0.3978054215181235, "d4": -1.3905925746660914, "p1": 2.908096488201001, "p2": 5.140075699324459, "p3": 23.51919837585695, "p4": 17.337637782011882, "pol1": -0.3968677132255365, "pol2": -0.838083535831214, "pol3": -0.6260926489136367, "pol4": 0.5643957999079499, "v0s": 3.9133728941684818}, "datetime": {"datetime": "2022-04-29 23:55:40", "elapsed": 116652.791569, "delta": 20.71561}}
{"target": -1.0, "params": {"Bgrad": 1.163147704274183, "d1": -1.8416895849392505, "d2": 0.47318373621150034, "d3": -1.488942034735396, "d4": -0.6792985688081772, "p1": 3.2697351802210726, "p2": 10.587147742028542, "p3": 24.974893883744848, "p4": 16.689642116587667, "pol1": -0.38349317957869555, "pol2": 0.7234062757724167, "pol3": 0.26536581818827965, "pol4": -0.10786441620179033, "v0s": 5.7811757257923}, "datetime": {"datetime": "2022-04-29 23:56:11", "elapsed": 116684.234497, "delta": 31.442928}}
{"target": 3.973397506388805, "params": {"Bgrad": 1.6279556788734113, "d1": -1.4471889799864077, "d2": 0.5268620792549866, "d3": -1.411341735822485, "d4": -2.132693502781164, "p1": 1.534300286274655, "p2": 46.10711628036572, "p3": 48.13746442808047, "p4": 35.21223314228863, "pol1": -0.06392930104897519, "pol2": 0.5891113597773229, "pol3": 0.566636550420202, "pol4": 0.3054680257860616, "v0s": 3.973397506388805}, "datetime": {"datetime": "2022-04-29 23:57:15", "elapsed": 116747.918219, "delta": 63.683722}}
{"target": -1.0, "params": {"Bgrad": 0.60588276175405, "d1": -2.758536129701519, "d2": -0.9954293870704065, "d3": -0.6563438383449172, "d4": -0.250307107363378, "p1": 4.886967728618552, "p2": 7.017793669979749, "p3": 23.523994397236, "p4": 17.01282491338271, "pol1": 0.36295172935821607, "pol2": 0.5365066838573926, "pol3": -0.3072297611953816, "pol4": 0.741165097245003, "v0s": 5.128368309445052}, "datetime": {"datetime": "2022-04-29 23:57:49", "elapsed": 116781.746767, "delta": 33.828548}}
{"target": -1.0, "params": {"Bgrad": 0.8348530519837203, "d1": -2.5604206486860623, "d2": -1.55102302954799, "d3": -2.1980356793010696, "d4": -0.08357464247646505, "p1": 40.51724366914173, "p2": 43.026645855996755, "p3": 12.041333127258417, "p4": 19.39351748186278, "pol1": -0.7762840278024207, "pol2": -0.494188304950424, "pol3": -0.9084568672309039, "pol4": -0.0347136057501324, "v0s": 3.8972875227898327}, "datetime": {"datetime": "2022-04-29 23:58:25", "elapsed": 116817.53707, "delta": 35.790303}}
{"target": -1.0, "params": {"Bgrad": 0.6624424184880704, "d1": -0.965437416185948, "d2": -0.41870441970401373, "d3": -1.297562458361857, "d4": 0.16098444755543984, "p1": 22.82078002787974, "p2": 24.745775950729886, "p3": 7.046585662597737, "p4": 33.556848611215024, "pol1": -0.5439757641354421, "pol2": -0.36130707543426355, "pol3": 0.39517556003537213, "pol4": 0.05587821844217156, "v0s": 4.16046842149586}, "datetime": {"datetime": "2022-04-29 23:58:50", "elapsed": 116843.275251, "delta": 25.738181}}
{"target": 4.678714953449046, "params": {"Bgrad": 0.7592094221843458, "d1": -2.898572388182415, "d2": 0.6957585851802986, "d3": -1.4852157510449255, "d4": -1.51625459047482, "p1": 29.802046084520693, "p2": 28.76171283742579, "p3": 9.668396629296707, "p4": 7.978419863805041, "pol1": -0.3878564834601676, "pol2": -0.22157483018576188, "pol3": 0.30200099793351354, "pol4": 0.05190653071702213, "v0s": 4.678714953449046}, "datetime": {"datetime": "2022-04-29 23:59:48", "elapsed": 116900.778498, "delta": 57.503247}}
{"target": -1.0, "params": {"Bgrad": 1.3481058476954209, "d1": -2.5447930855214054, "d2": 0.38998485278214445, "d3": -0.16895411791742343, "d4": -3.0, "p1": 39.24762757287897, "p2": 15.407997957242396, "p3": 44.376785535961915, "p4": 19.999458355830914, "pol1": -1.0, "pol2": -0.6638633604446801, "pol3": 1.0, "pol4": 1.0, "v0s": 3.2919873655660354}, "datetime": {"datetime": "2022-04-30 00:00:25", "elapsed": 116937.587078, "delta": 36.80858}}
{"target": 4.3150866251694975, "params": {"Bgrad": 1.1109473315070335, "d1": -0.5123112633587361, "d2": 0.4030762094640776, "d3": -2.2039919467996194, "d4": -1.5433982025464983, "p1": 37.99834222134264, "p2": 26.29329516758268, "p3": 23.978330387312685, "p4": 33.17430020288497, "pol1": 0.20183059539581316, "pol2": 0.7405605108667276, "pol3": 0.5356106855082595, "pol4": -0.495967614671679, "v0s": 4.3150866251694975}, "datetime": {"datetime": "2022-04-30 00:00:54", "elapsed": 116966.893718, "delta": 29.30664}}
{"target": -1.0, "params": {"Bgrad": 1.1957264219213246, "d1": -2.7985577912771102, "d2": -0.5256294806019728, "d3": 0.2891481546968251, "d4": -0.9597900617696786, "p1": 21.97242251654959, "p2": 23.832863472749555, "p3": 42.515642647242544, "p4": 46.45931586373371, "pol1": -0.8031913056405249, "pol2": -0.5564868029710937, "pol3": -0.5617258388086706, "pol4": 0.6357543892561888, "v0s": 5.171383151055238}, "datetime": {"datetime": "2022-04-30 00:01:20", "elapsed": 116993.459685, "delta": 26.565967}}
{"target": -1.0, "params": {"Bgrad": 1.3270031804126847, "d1": -2.975973853916554, "d2": -0.43654159497274714, "d3": -1.0247570650172984, "d4": 0.6843744986810187, "p1": 17.720523602879286, "p2": 14.765343095656796, "p3": 29.708492399309392, "p4": 34.835501484550534, "pol1": 0.1276286465480927, "pol2": -0.9197335201768893, "pol3": -0.5485707322143494, "pol4": -0.5996362384763143, "v0s": 3.2582041645947575}, "datetime": {"datetime": "2022-04-30 00:01:51", "elapsed": 117024.342111, "delta": 30.882426}}
{"target": -1.0, "params": {"Bgrad": 1.6944747566401097, "d1": -1.6160438078919364, "d2": 0.8101166451858144, "d3": -1.7301749553533248, "d4": -0.7459752680002696, "p1": 1.5526435729743548, "p2": 4.6471214337636795, "p3": 24.40542516057242, "p4": 15.4700153162889, "pol1": 0.30009355526280723, "pol2": -0.7169561026012428, "pol3": -0.2701472147979258, "pol4": -0.23901684191243033, "v0s": 4.860594184847082}, "datetime": {"datetime": "2022-04-30 00:03:00", "elapsed": 117093.529118, "delta": 69.187007}}
{"target": 5.764525988002138, "params": {"Bgrad": 1.993011789033456, "d1": -2.0188283598683174, "d2": 0.773698083020244, "d3": -0.45731243182752657, "d4": -0.8018510169186994, "p1": 13.585447556691898, "p2": 39.1815175499923, "p3": 19.351329223700997, "p4": 5.107577300100869, "pol1": -0.5061439866111463, "pol2": -0.5678814210008671, "pol3": 0.02443296779271842, "pol4": -0.45742511369431327, "v0s": 5.764525988002138}, "datetime": {"datetime": "2022-04-30 00:03:30", "elapsed": 117123.32844, "delta": 29.799322}}
{"target": 2.6791518007227983, "params": {"Bgrad": 1.5472520866799886, "d1": -0.5249660990742673, "d2": 0.5449319602694421, "d3": -1.3586721813453582, "d4": -2.1581742864341207, "p1": 45.10867975820703, "p2": 1.6608215093854377, "p3": 47.14042289595454, "p4": 27.70152753381571, "pol1": -0.3995310378310969, "pol2": 1.0, "pol3": -1.0, "pol4": 0.24226508617172574, "v0s": 2.6791518007227983}, "datetime": {"datetime": "2022-04-30 00:04:03", "elapsed": 117156.378071, "delta": 33.049631}}
{"target": 4.224130609681045, "params": {"Bgrad": 1.0316716316930004, "d1": -0.26260714033596655, "d2": 0.8708131938965135, "d3": -2.7121016205082094, "d4": -0.19005214173421445, "p1": 5.724328801028723, "p2": 3.6051078893836577, "p3": 30.549594123280922, "p4": 13.27017605717515, "pol1": -0.4674834578408277, "pol2": 0.6231490554806896, "pol3": -0.4706466830103102, "pol4": 0.3031444094921283, "v0s": 4.224130609681045}, "datetime": {"datetime": "2022-04-30 00:04:36", "elapsed": 117189.438673, "delta": 33.060602}}
{"target": -1.0, "params": {"Bgrad": 1.5422806954253125, "d1": -0.7853243017230787, "d2": -0.42532703061512533, "d3": 0.33090260731119914, "d4": -1.667996709228381, "p1": 3.8980053708599582, "p2": 12.390184060611432, "p3": 33.04613075435965, "p4": 2.5530868582929465, "pol1": -0.4393079037011549, "pol2": 0.8240943443040347, "pol3": -0.3961349243791874, "pol4": 0.23618727025903263, "v0s": 5.020439728719913}, "datetime": {"datetime": "2022-04-30 00:05:11", "elapsed": 117224.02719, "delta": 34.588517}}
{"target": -1.0, "params": {"Bgrad": 1.6603050365924021, "d1": -1.8072261774281655, "d2": -1.8090030025188972, "d3": -1.0429183727157612, "d4": -1.8774424730272634, "p1": 2.0726444239930917, "p2": 25.278365252693764, "p3": 17.29151430824289, "p4": 40.507320056474185, "pol1": 0.3550091168701057, "pol2": -0.2579458883522814, "pol3": 0.007755985302813961, "pol4": -0.44375057274228236, "v0s": 3.805852095133848}, "datetime": {"datetime": "2022-04-30 00:06:02", "elapsed": 117275.06273, "delta": 51.03554}}
{"target": -1.0, "params": {"Bgrad": 1.4559154702433128, "d1": -2.3051859670480654, "d2": -1.4165270137424155, "d3": -1.3713152418999877, "d4": 0.7842694036331515, "p1": 47.01384759821208, "p2": 25.772732474556243, "p3": 21.14031303699476, "p4": 3.86634215442605, "pol1": -0.7292541499316179, "pol2": 0.6447492163657735, "pol3": 0.4590855590685936, "pol4": 0.3712682226943249, "v0s": 5.202140224380864}, "datetime": {"datetime": "2022-04-30 00:06:40", "elapsed": 117312.666185, "delta": 37.603455}}
{"target": -1.0, "params": {"Bgrad": 0.9361678009328217, "d1": -1.1072956778130378, "d2": -0.550243601453857, "d3": -1.4250435361390394, "d4": 0.1958772810726841, "p1": 23.71037386847747, "p2": 29.308503031746575, "p3": 24.42919485241867, "p4": 7.064295206788601, "pol1": -0.5926882509921716, "pol2": 0.8706834896188236, "pol3": -0.9419781541758747, "pol4": -0.46724036355176435, "v0s": 2.184781060217201}, "datetime": {"datetime": "2022-04-30 00:07:35", "elapsed": 117367.565395, "delta": 54.89921}}
{"target": 3.438577956684208, "params": {"Bgrad": 1.344472243962758, "d1": -1.5632257467063266, "d2": 0.7628816877067344, "d3": -1.9609585300824004, "d4": -2.235160616969833, "p1": 15.08948434268021, "p2": 40.68474529333402, "p3": 0.36187314406286863, "p4": 31.78614954870209, "pol1": -0.1525484167061415, "pol2": 0.324831997726597, "pol3": -0.6048192194612414, "pol4": 0.9486162176250252, "v0s": 3.438577956684208}, "datetime": {"datetime": "2022-04-30 00:08:08", "elapsed": 117400.675863, "delta": 33.110468}}
{"target": -1.0, "params": {"Bgrad": 1.5685249634910239, "d1": -2.229764288473882, "d2": -0.5600741862683796, "d3": -0.9245506801035179, "d4": -0.14357768830055395, "p1": 28.14838028134806, "p2": 47.75971729855604, "p3": 25.11390209571166, "p4": 27.696982331419782, "pol1": -0.6368821700721303, "pol2": 0.8294206046687791, "pol3": -0.48345647468128394, "pol4": 0.784992688957219, "v0s": 5.118674898867496}, "datetime": {"datetime": "2022-04-30 00:08:40", "elapsed": 117433.28966, "delta": 32.613797}}
{"target": 4.434800829758079, "params": {"Bgrad": 0.9595143945458503, "d1": -2.2797854439586813, "d2": -2.7682844171696597, "d3": -0.2828683394140984, "d4": -2.3191896717102867, "p1": 1.7148836018733302, "p2": 24.668891843577754, "p3": 16.363216249027303, "p4": 40.840528231670234, "pol1": -0.15055597273915475, "pol2": -0.3920397943415755, "pol3": -0.13011279771052311, "pol4": 0.19961706400364299, "v0s": 4.434800829758079}, "datetime": {"datetime": "2022-04-30 00:09:07", "elapsed": 117460.230625, "delta": 26.940965}}
{"target": 4.021837215434582, "params": {"Bgrad": 1.1214623456347361, "d1": -1.2590691639839833, "d2": 0.8246995740087485, "d3": -2.116982909830479, "d4": -0.8290869909123951, "p1": 40.5499708996575, "p2": 24.432333764204706, "p3": 43.33943180223312, "p4": 48.47234694397982, "pol1": -0.7267892921710497, "pol2": 0.3091535284547232, "pol3": 0.21178187686047714, "pol4": -0.019547258648738772, "v0s": 4.021837215434582}, "datetime": {"datetime": "2022-04-30 00:09:33", "elapsed": 117485.818208, "delta": 25.587583}}
{"target": -1.0, "params": {"Bgrad": 1.0731423901726895, "d1": -0.010740483416213031, "d2": -1.6311166683861962, "d3": -2.1448665009645156, "d4": 0.8695638966227408, "p1": 9.73204324184756, "p2": 2.379615844327537, "p3": 43.547838165246105, "p4": 46.355348091242185, "pol1": 0.7410343466600067, "pol2": 0.14621421562386128, "pol3": 0.7446782119775062, "pol4": -0.35944870868214873, "v0s": 3.5427801528436236}, "datetime": {"datetime": "2022-04-30 00:10:09", "elapsed": 117521.638432, "delta": 35.820224}}
{"target": 3.688250017201284, "params": {"Bgrad": 1.6025125636916697, "d1": -1.3062618209464194, "d2": -2.6793189425802972, "d3": -2.9152380925942984, "d4": -2.3543749171216755, "p1": 35.353268651304354, "p2": 3.8559511196612215, "p3": 7.519483871072158, "p4": 38.8377683316212, "pol1": -0.8107347583056639, "pol2": 0.7305734332083118, "pol3": 0.1114289843974221, "pol4": -0.7342792812849821, "v0s": 3.688250017201284}, "datetime": {"datetime": "2022-04-30 00:11:16", "elapsed": 117589.051182, "delta": 67.41275}}
{"target": -1.0, "params": {"Bgrad": 0.5665724809181184, "d1": -1.8407717551985803, "d2": 0.23545593452294966, "d3": 0.29488988757753676, "d4": -0.5953684133897288, "p1": 0.6949206109698514, "p2": 8.055882252802688, "p3": 23.242307007407746, "p4": 22.07168769981582, "pol1": 0.4108738192076806, "pol2": -0.1650199337883389, "pol3": -0.8858205629694589, "pol4": 0.9629441022746839, "v0s": 5.116647951713772}, "datetime": {"datetime": "2022-04-30 00:11:44", "elapsed": 117616.78004, "delta": 27.728858}}
{"target": 3.1334120435737542, "params": {"Bgrad": 1.741743501655521, "d1": -1.1885625058650664, "d2": 0.09188502946493982, "d3": -1.6942530963284117, "d4": -1.6994312559762075, "p1": 48.24951049794192, "p2": 24.78444936572789, "p3": 20.534824229232214, "p4": 4.156685354831757, "pol1": -0.8432808671397323, "pol2": 0.7997960242802273, "pol3": 0.37622294786904, "pol4": 0.563347008165819, "v0s": 3.1334120435737542}, "datetime": {"datetime": "2022-04-30 00:12:09", "elapsed": 117642.400535, "delta": 25.620495}}
{"target": 4.4193842523696105, "params": {"Bgrad": 1.4771539793696453, "d1": -2.3215660280786263, "d2": 0.3431370254842741, "d3": -1.7563979295194057, "d4": -2.3624012676958155, "p1": 41.884598103000506, "p2": 42.34959173746759, "p3": 30.64555559635342, "p4": 15.026140462324296, "pol1": 0.24263404211967843, "pol2": -0.22399796293089314, "pol3": 0.5618946327863317, "pol4": 0.6522522723579525, "v0s": 4.4193842523696105}, "datetime": {"datetime": "2022-04-30 00:12:41", "elapsed": 117673.757693, "delta": 31.357158}}
{"target": 4.445811688441314, "params": {"Bgrad": 1.4282098289126897, "d1": -1.3123451638542667, "d2": 0.04698599862924935, "d3": -2.953685100795836, "d4": -2.3368545791927344, "p1": 14.90444170944228, "p2": 40.25673541845401, "p3": 0.9388953415826073, "p4": 31.15752281037974, "pol1": -0.6773902388888757, "pol2": 0.45041032259449687, "pol3": 0.9949918576977173, "pol4": 0.9439837146680996, "v0s": 4.445811688441314}, "datetime": {"datetime": "2022-04-30 00:13:04", "elapsed": 117697.308722, "delta": 23.551029}}
{"target": 3.795807796895896, "params": {"Bgrad": 0.7616258784846113, "d1": -2.6032719838799103, "d2": 0.22024688282783877, "d3": -2.771688950838895, "d4": -0.40068025657008643, "p1": 3.895949790908848, "p2": 0.7553601150912748, "p3": 36.845213986192284, "p4": 45.9960204389729, "pol1": -0.9098834383523406, "pol2": 0.0669656795836604, "pol3": 0.6022044097814794, "pol4": 0.365427060483841, "v0s": 3.795807796895896}, "datetime": {"datetime": "2022-04-30 00:13:39", "elapsed": 117732.440785, "delta": 35.132063}}
{"target": 3.089572443965976, "params": {"Bgrad": 1.5014695509851448, "d1": -0.8601897247399375, "d2": -1.068301885371199, "d3": -2.9116063015766196, "d4": -0.9621369992522828, "p1": 11.865489199161876, "p2": 29.87725285855152, "p3": 16.53162758259049, "p4": 3.16395549695776, "pol1": -0.43853121907016823, "pol2": 0.030152495352044673, "pol3": -0.8864905875377862, "pol4": 0.5383183236048639, "v0s": 3.089572443965976}, "datetime": {"datetime": "2022-04-30 00:14:40", "elapsed": 117793.40777, "delta": 60.966985}}
{"target": -1.0, "params": {"Bgrad": 1.6017960499221053, "d1": -2.621087649965269, "d2": 0.9789716515421714, "d3": -1.6131330208849195, "d4": 0.33620538443659065, "p1": 2.0626223036959046, "p2": 8.537029912658545, "p3": 22.10593035796708, "p4": 15.711606287645663, "pol1": 0.999438102395179, "pol2": -0.4290890726906389, "pol3": -0.8505787321763956, "pol4": 0.6453282892790058, "v0s": 4.280997168131927}, "datetime": {"datetime": "2022-04-30 00:15:35", "elapsed": 117847.680654, "delta": 54.272884}}
