{"target": -1.0, "params": {"Bgrad": 0.65752747066564, "d1": -0.5477706004458764, "d2": 0.10984836767865147, "d3": -2.770994175453918, "d4": 0.42127105214385363, "p1": 44.4768510930684, "p2": 13.315238984282102, "p3": 24.520123356157843, "p4": 11.25791363412318, "pol1": 0.7989697068631023, "pol2": 0.7145309184367443, "pol3": 0.07245077268721567, "pol4": 0.4528885304606107, "v0s": 5.367753710019845}, "datetime": {"datetime": "2022-05-18 01:19:30", "elapsed": 106585.69502, "delta": 42.164227}}
{"target": 3.887066377308033, "params": {"Bgrad": 1.787282865301767, "d1": -2.7429979197492065, "d2": 0.6979418116706015, "d3": -2.6279804778193436, "d4": -0.6797925763886792, "p1": 7.1710420260419685, "p2": 22.203986152760457, "p3": 44.00154397850719, "p4": 21.466507051155382, "pol1": 0.7759907131194937, "pol2": -0.2215956924597546, "pol3": 0.6394686021934745, "pol4": 0.19720061483492213, "v0s": 3.887066377308033}, "datetime": {"datetime": "2022-05-18 01:20:06", "elapsed": 106622.182429, "delta": 36.487409}}
{"target": 3.0572405846267867, "params": {"Bgrad": 1.8461015683004192, "d1": 0.5468759258358511, "d2": -0.17445812951606143, "d3": -2.9504476566936226, "d4": -0.8948563576329933, "p1": 6.133302466831769, "p2": 39.99063112008584, "p3": 32.512171979609406, "p4": 42.067657760682366, "pol1": -0.4624623127772467, "pol2": -0.47216106799329083, "pol3": -0.9672056731821757, "pol4": -0.0859213718020968, "v0s": 3.0572405846267867}, "datetime": {"datetime": "2022-05-18 01:20:38", "elapsed": 106654.030249, "delta": 31.84782}}
{"target": 3.259933289557371, "params": {"Bgrad": 0.6690966416607316, "d1": -2.7215002904009076, "d2": -1.933566382160448, "d3": -0.3442230417433967, "d4": 0.4695004985740865, "p1": 6.147257138113033, "p2": 14.466224096644837, "p3": 39.03604729528421, "p4": 47.96727539543749, "pol1": -0.9159866184734979, "pol2": -0.6433514714754887, "pol3": -0.5081114091331129, "pol4": 0.23051196746133296, "v0s": 3.259933289557371}, "datetime": {"datetime": "2022-05-18 01:21:24", "elapsed": 106699.70708, "delta": 45.676831}}
{"target": 3.7835932152273637, "params": {"Bgrad": 1.0499515201800005, "d1": -2.420130971856226, "d2": 0.8065060041773435, "d3": -1.711282212502768, "d4": -1.6782928100338994, "p1": 2.5825935932192676, "p2": 33.56909050311336, "p3": 36.612629357343636, "p4": 29.566084149793664, "pol1": 0.4455847405533724, "pol2": 0.13350530184497034, "pol3": -0.6650830434506192, "pol4": 0.13501256271963036, "v0s": 3.7835932152273637}, "datetime": {"datetime": "2022-05-18 01:22:00", "elapsed": 106735.796555, "delta": 36.089475}}
{"target": 5.258696891036318, "params": {"Bgrad": 1.0728836687868049, "d1": -3.0, "d2": 0.3085762279863296, "d3": -1.646707663932911, "d4": -3.0, "p1": 31.478758620206712, "p2": 13.192892240724685, "p3": 39.03487732648648, "p4": 24.938277239386085, "pol1": 1.0, "pol2": 1.0, "pol3": -0.28801209792464866, "pol4": 1.0, "v0s": 5.258696891036318}, "datetime": {"datetime": "2022-05-18 01:22:46", "elapsed": 106781.395594, "delta": 45.599039}}
{"target": 4.296608543107205, "params": {"Bgrad": 1.2756834127243446, "d1": -2.0120908357859904, "d2": 0.9265517790341424, "d3": -3.0, "d4": -2.003162890669777, "p1": 4.2531575520936284, "p2": 38.895908169741666, "p3": 31.501883257083794, "p4": 46.157984602057596, "pol1": -0.797872446725242, "pol2": 0.6407737056182494, "pol3": -0.11112468891385333, "pol4": 0.9581848766709312, "v0s": 4.296608543107205}, "datetime": {"datetime": "2022-05-18 01:23:37", "elapsed": 106832.805093, "delta": 51.409499}}
{"target": 4.280383262863595, "params": {"Bgrad": 1.0763829923760568, "d1": -1.428432650872139, "d2": 1.0, "d3": -2.0988117186047184, "d4": -1.0278892591688116, "p1": 1.888507048274669, "p2": 36.0435552258961, "p3": 34.8780170178775, "p4": 37.42476433285029, "pol1": 0.41973848867955504, "pol2": -0.2443537876378833, "pol3": 0.4254583565999859, "pol4": -1.0, "v0s": 4.280383262863595}, "datetime": {"datetime": "2022-05-18 01:24:16", "elapsed": 106871.378922, "delta": 38.573829}}
{"target": 3.622624521329789, "params": {"Bgrad": 0.5, "d1": -0.7399486212449194, "d2": 0.32553030766747015, "d3": -2.9271746101008307, "d4": -0.1521921986586328, "p1": 22.840541735256508, "p2": 15.073176982667915, "p3": 33.15358675840229, "p4": 23.66274045422245, "pol1": -0.24702723106448818, "pol2": 0.3166269360982453, "pol3": -1.0, "pol4": 1.0, "v0s": 3.622624521329789}, "datetime": {"datetime": "2022-05-18 01:24:55", "elapsed": 106910.221034, "delta": 38.842112}}
{"target": 4.280973044357119, "params": {"Bgrad": 0.8554258823942653, "d1": -0.5259463797006646, "d2": -0.13969266736977973, "d3": -3.0, "d4": -0.6036093244424409, "p1": 21.567001122230856, "p2": 14.571019681079846, "p3": 32.77088876763246, "p4": 23.558165021895306, "pol1": 0.6210078047811755, "pol2": -1.0, "pol3": -1.0, "pol4": 1.0, "v0s": 4.280973044357119}, "datetime": {"datetime": "2022-05-18 01:25:46", "elapsed": 106961.230603, "delta": 51.009569}}
{"target": 4.251124907053695, "params": {"Bgrad": 1.8318523757874183, "d1": -1.6265472002588126, "d2": 0.3101674959554578, "d3": -2.611762439662782, "d4": -2.1023178127650737, "p1": 5.544317666024547, "p2": 39.16417275477596, "p3": 31.599390683028297, "p4": 42.54259744348907, "pol1": -0.029446244961658357, "pol2": -0.6792740478850784, "pol3": 0.7970978988791563, "pol4": -0.27602936267291167, "v0s": 4.251124907053695}, "datetime": {"datetime": "2022-05-18 01:26:39", "elapsed": 107015.139417, "delta": 53.908814}}
{"target": -1.0, "params": {"Bgrad": 1.275198471835546, "d1": -2.748953401461147, "d2": 0.291033994578199, "d3": -2.4161571075328014, "d4": -2.143269310317856, "p1": 5.987848859050637, "p2": 20.266214776306164, "p3": 44.66339389539506, "p4": 19.682591821827668, "pol1": 0.10031246089665302, "pol2": -0.953424137263351, "pol3": 0.5935355154548476, "pol4": 0.522190028131231, "v0s": 5.544035379545699}, "datetime": {"datetime": "2022-05-18 01:27:36", "elapsed": 107072.077129, "delta": 56.937712}}
{"target": 4.819178552705586, "params": {"Bgrad": 0.5, "d1": -2.8998799378215074, "d2": -0.18414251602274212, "d3": -0.9504246482500744, "d4": 0.29852302422086296, "p1": 33.86593589938958, "p2": 6.158913980841209, "p3": 37.150007215039615, "p4": 28.339835517064035, "pol1": 1.0, "pol2": -0.6020828794000089, "pol3": -0.505735537227701, "pol4": -0.37814774088737635, "v0s": 4.819178552705586}, "datetime": {"datetime": "2022-05-18 01:28:57", "elapsed": 107152.821169, "delta": 80.74404}}
{"target": 4.520308718075283, "params": {"Bgrad": 1.2647660302994663, "d1": -2.517659729253903, "d2": 0.34251846918962925, "d3": -1.6171384640477044, "d4": -1.157421501034973, "p1": 4.600739827141693, "p2": 35.76232209151784, "p3": 38.57454857261134, "p4": 29.20792168084677, "pol1": 0.6866019661639332, "pol2": -0.6399472369233488, "pol3": -0.16349238570578953, "pol4": -0.5125836767397962, "v0s": 4.520308718075283}, "datetime": {"datetime": "2022-05-18 01:29:39", "elapsed": 107194.35209, "delta": 41.530921}}
{"target": 5.045773567224632, "params": {"Bgrad": 1.3547384284949135, "d1": -2.774422976970917, "d2": 0.9298402919786444, "d3": -2.1305626124857096, "d4": -2.0861463135605542, "p1": 3.0822108850040815, "p2": 34.0061220917038, "p3": 31.136477539154157, "p4": 38.45186545630322, "pol1": -0.17285293465365134, "pol2": 0.7695270990033419, "pol3": 1.0, "pol4": -1.0, "v0s": 5.045773567224632}, "datetime": {"datetime": "2022-05-18 01:31:06", "elapsed": 107281.75133, "delta": 87.39924}}
{"target": -1.0, "params": {"Bgrad": 1.832886631298216, "d1": -2.671547500614295, "d2": 0.43370540333581253, "d3": -2.5208149716963475, "d4": -1.1272354658083197, "p1": 5.079082431231191, "p2": 37.500539958455775, "p3": 29.28161933330194, "p4": 41.014750515894555, "pol1": 0.649163635904412, "pol2": -0.8939603480261051, "pol3": 0.5483571987084279, "pol4": 0.32936526705007685, "v0s": 5.917147215744018}, "datetime": {"datetime": "2022-05-18 01:32:01", "elapsed": 107336.374234, "delta": 54.622904}}
{"target": 3.93697549570565, "params": {"Bgrad": 1.0068966308987588, "d1": -1.6440103697006214, "d2": 0.28792185284958016, "d3": -2.9290629311739034, "d4": -2.8437446662440076, "p1": 25.63235397967108, "p2": 32.139903892319666, "p3": 7.775837963249188, "p4": 42.545122849768035, "pol1": 0.3379753964051342, "pol2": 0.9692216225915677, "pol3": 0.8093853709174961, "pol4": -0.6752651608158908, "v0s": 3.93697549570565}, "datetime": {"datetime": "2022-05-18 01:32:36", "elapsed": 107372.018897, "delta": 35.644663}}
{"target": -1.0, "params": {"Bgrad": 1.5471731532791226, "d1": -2.8331753043872308, "d2": 0.7407233169272338, "d3": 0.8937420590236513, "d4": -0.023844772265202874, "p1": 4.077222863629842, "p2": 35.05662818028444, "p3": 37.89554241658063, "p4": 28.46028133518162, "pol1": 0.7160539223278872, "pol2": 0.6284445677270547, "pol3": 0.08198454007166744, "pol4": -0.8305319447688364, "v0s": 3.280915706016873}, "datetime": {"datetime": "2022-05-18 01:33:31", "elapsed": 107426.558026, "delta": 54.539129}}
{"target": 4.612386225319922, "params": {"Bgrad": 1.3749555779921816, "d1": -2.782967538828339, "d2": 0.7942086739666613, "d3": -2.6604318834645073, "d4": -1.9147179674978336, "p1": 2.13134261273662, "p2": 35.25493581950085, "p3": 31.12543229584973, "p4": 40.78092154680483, "pol1": 0.18117148912993877, "pol2": 0.7453510521503784, "pol3": -0.019920648015827824, "pol4": 0.3727582296548965, "v0s": 4.612386225319922}, "datetime": {"datetime": "2022-05-18 01:34:30", "elapsed": 107485.749711, "delta": 59.191685}}
{"target": 4.5262989381158345, "params": {"Bgrad": 0.6312995588363086, "d1": -2.9475281885835574, "d2": -0.1661095824479628, "d3": -0.5768849991268605, "d4": 0.06411990968299097, "p1": 24.83117707013972, "p2": 42.28158734713454, "p3": 26.74516258362869, "p4": 21.220295826258273, "pol1": -0.6321456351346773, "pol2": -0.34528648314327226, "pol3": -0.1699881463951023, "pol4": -0.4212053173517185, "v0s": 4.5262989381158345}, "datetime": {"datetime": "2022-05-18 01:35:38", "elapsed": 107553.957281, "delta": 68.20757}}
{"target": -1.0, "params": {"Bgrad": 1.9604937645951632, "d1": -1.8627366103605763, "d2": -0.5171304162655028, "d3": -1.8023324191964427, "d4": -1.2273996505587377, "p1": 32.32985194614142, "p2": 3.9182819278841152, "p3": 38.83548169685484, "p4": 23.615319219158838, "pol1": 0.9865894728500209, "pol2": 0.16335474515630488, "pol3": -0.5113800615780397, "pol4": 0.3455073084176501, "v0s": 4.435213313739371}, "datetime": {"datetime": "2022-05-18 01:36:23", "elapsed": 107599.199275, "delta": 45.241994}}
{"target": 2.993020686934326, "params": {"Bgrad": 1.1710614575411975, "d1": -2.954720761449005, "d2": -0.7189334468123185, "d3": -1.530829063015715, "d4": -2.774610910760783, "p1": 25.781506364962148, "p2": 7.764344357760761, "p3": 31.729577705136496, "p4": 29.556424528254716, "pol1": 0.2837537352912678, "pol2": -0.649496536029583, "pol3": -0.7259661949168963, "pol4": 0.9857821706062986, "v0s": 2.993020686934326}, "datetime": {"datetime": "2022-05-18 01:37:05", "elapsed": 107640.351209, "delta": 41.151934}}
{"target": 6.122956998140011, "params": {"Bgrad": 0.5309639244754639, "d1": -2.0094567265686925, "d2": -0.408892323545202, "d3": -0.16438750739653019, "d4": -0.3354509725417607, "p1": 3.105775612789463, "p2": 30.387967429499213, "p3": 36.09228920866655, "p4": 27.203457533185777, "pol1": -0.10681646786279764, "pol2": -0.38534375937947085, "pol3": 0.24546169863854517, "pol4": -0.312343259198675, "v0s": 6.122956998140011}, "datetime": {"datetime": "2022-05-18 01:37:52", "elapsed": 107687.384413, "delta": 47.033204}}
{"target": -1.0, "params": {"Bgrad": 1.3090150277303398, "d1": -2.072245069550411, "d2": 0.2906886726351896, "d3": -1.769831245498192, "d4": -1.9788739638083594, "p1": 7.68804652428306, "p2": 34.23957060933084, "p3": 39.762441489587516, "p4": 30.896274522662164, "pol1": 0.725867798986449, "pol2": -0.5483843885049839, "pol3": 0.4915276844551686, "pol4": 0.20884862736461773, "v0s": 5.322781563969256}, "datetime": {"datetime": "2022-05-18 01:38:33", "elapsed": 107728.715868, "delta": 41.331455}}
{"target": 4.674207918258557, "params": {"Bgrad": 1.6051881596070576, "d1": -2.261609234382352, "d2": -0.21996260972386275, "d3": -1.8300619578854094, "d4": -3.0, "p1": 26.520525617005926, "p2": 8.70070397694976, "p3": 35.76512517805167, "p4": 30.266216257948937, "pol1": -0.5233402501792906, "pol2": 0.7337229859087474, "pol3": 0.9255001499842083, "pol4": 1.0, "v0s": 4.674207918258557}, "datetime": {"datetime": "2022-05-18 01:39:17", "elapsed": 107772.247436, "delta": 43.531568}}
{"target": 4.013810387282312, "params": {"Bgrad": 1.502522741342761, "d1": -1.943024284566732, "d2": 1.0, "d3": -0.9972173452243484, "d4": -0.8866674028863789, "p1": 41.27954497211365, "p2": 19.69802016541087, "p3": 15.301260847706974, "p4": 12.461333956328858, "pol1": 0.06727575788566836, "pol2": 1.0, "pol3": 0.6690589717790751, "pol4": -0.5180892148329991, "v0s": 4.013810387282312}, "datetime": {"datetime": "2022-05-18 01:40:01", "elapsed": 107816.459187, "delta": 44.211751}}
{"target": 5.465682327028014, "params": {"Bgrad": 0.9924144564497159, "d1": -2.1406157118518694, "d2": -0.3430256610752447, "d3": -0.525802904342989, "d4": -2.7999586870437234, "p1": 3.5034277845484016, "p2": 15.99911007253731, "p3": 38.856257022287934, "p4": 48.96470416534734, "pol1": 0.5965352316023285, "pol2": -0.6606462774152555, "pol3": -0.7641033830798185, "pol4": 0.007226031758424067, "v0s": 5.465682327028014}, "datetime": {"datetime": "2022-05-18 01:40:42", "elapsed": 107857.286987, "delta": 40.8278}}
{"target": 4.235836724369954, "params": {"Bgrad": 1.6913768135405496, "d1": -2.1018643413054483, "d2": 0.7986180257133952, "d3": -2.9847261845309485, "d4": -2.5323013456181345, "p1": 2.3403093800139665, "p2": 36.42978411561542, "p3": 31.711840312804124, "p4": 38.87115822608989, "pol1": -0.15692828808881165, "pol2": 0.8853790385964315, "pol3": -0.6477333572811317, "pol4": -0.5173735673293705, "v0s": 4.235836724369954}, "datetime": {"datetime": "2022-05-18 01:41:46", "elapsed": 107922.018854, "delta": 64.731867}}
{"target": 4.585602520728196, "params": {"Bgrad": 1.3313492480327642, "d1": -2.2847133976562173, "d2": -0.06668632225690421, "d3": -0.0465263436041514, "d4": -0.11793562876590853, "p1": 25.696651865286356, "p2": 41.241505864979736, "p3": 28.084501895054565, "p4": 21.115454320460856, "pol1": -0.5515001364330857, "pol2": -0.5791112611307836, "pol3": -0.5586970330126978, "pol4": -1.0, "v0s": 4.585602520728196}, "datetime": {"datetime": "2022-05-18 01:42:33", "elapsed": 107968.550399, "delta": 46.531545}}
{"target": -1.0, "params": {"Bgrad": 1.1003153674808988, "d1": -2.6586977319925054, "d2": -1.3065776909135303, "d3": 0.18617004469739173, "d4": 0.26336426941109803, "p1": 4.572497130634378, "p2": 30.94283041853942, "p3": 35.23620538312711, "p4": 26.834553827127987, "pol1": 0.38830069323805505, "pol2": 0.16133333085416024, "pol3": 0.2543292125027301, "pol4": -0.11658701933346305, "v0s": 6.377733531501983}, "datetime": {"datetime": "2022-05-18 01:43:28", "elapsed": 108024.164652, "delta": 55.614253}}
{"target": 3.4742317866637626, "params": {"Bgrad": 2.0, "d1": -0.8596126073445801, "d2": 0.4426225448056054, "d3": -3.0, "d4": -1.0382348426322916, "p1": 22.22436897887514, "p2": 15.41713961446015, "p3": 32.87027439824509, "p4": 23.436705714790005, "pol1": -0.2992798245389537, "pol2": -1.0, "pol3": -1.0, "pol4": 1.0, "v0s": 3.4742317866637626}, "datetime": {"datetime": "2022-05-18 01:44:17", "elapsed": 108072.892324, "delta": 48.727672}}
{"target": 4.30731514214253, "params": {"Bgrad": 0.5, "d1": -2.258040921087549, "d2": 0.5482228396736921, "d3": -1.9430187508451482, "d4": -1.7679079509799673, "p1": 34.03104825488794, "p2": 5.65463783259891, "p3": 36.92329838773545, "p4": 28.68218676349445, "pol1": 0.8536421475723743, "pol2": -1.0, "pol3": -0.37952279710974274, "pol4": -0.48260666766357513, "v0s": 4.30731514214253}, "datetime": {"datetime": "2022-05-18 01:44:57", "elapsed": 108112.389684, "delta": 39.49736}}
{"target": 4.530994215254152, "params": {"Bgrad": 0.5, "d1": -3.0, "d2": 0.7245123301274019, "d3": -2.5284613481420553, "d4": -1.6018894370071948, "p1": 32.301002496234645, "p2": 6.753190594892962, "p3": 38.31065182777319, "p4": 31.076093107597842, "pol1": 1.0, "pol2": 0.14992350383690095, "pol3": -0.6089350167613371, "pol4": 0.4116990005045838, "v0s": 4.530994215254152}, "datetime": {"datetime": "2022-05-18 01:45:37", "elapsed": 108152.838499, "delta": 40.448815}}
{"target": -1.0, "params": {"Bgrad": 0.8920294017021616, "d1": -0.5439506037474142, "d2": -0.8202738218974097, "d3": -2.9770976674314804, "d4": -0.31386530177466304, "p1": 22.605468679959746, "p2": 15.05278244371576, "p3": 32.70592346961314, "p4": 24.478013886079133, "pol1": -0.6320921673165213, "pol2": -1.0, "pol3": -1.0, "pol4": 1.0, "v0s": 4.586744937149833}, "datetime": {"datetime": "2022-05-18 01:46:44", "elapsed": 108219.247878, "delta": 66.409379}}
{"target": -1.0, "params": {"Bgrad": 1.0877463650584267, "d1": -1.6855120796170602, "d2": 1.0, "d3": 0.0925580322487959, "d4": -1.079080063424427, "p1": 28.875502616204145, "p2": 41.693294394348044, "p3": 29.416392760189215, "p4": 20.21439846669697, "pol1": -0.6893412854836198, "pol2": -0.060069796827643525, "pol3": 0.6842898237008068, "pol4": -1.0, "v0s": 5.044681709240289}, "datetime": {"datetime": "2022-05-18 01:47:58", "elapsed": 108293.421491, "delta": 74.173613}}
{"target": 2.9830049800163163, "params": {"Bgrad": 1.7960926100756591, "d1": -2.7460813564244697, "d2": 0.801423130622894, "d3": -2.934128696831497, "d4": -2.388732244974866, "p1": 33.194720599033886, "p2": 7.905504314656476, "p3": 36.099485335373835, "p4": 30.414468135806473, "pol1": 0.4835241952459508, "pol2": -0.5164919289912056, "pol3": -0.8382493744311474, "pol4": -0.183618827991896, "v0s": 2.9830049800163163}, "datetime": {"datetime": "2022-05-18 01:48:55", "elapsed": 108350.902751, "delta": 57.48126}}
{"target": 3.7239212309417047, "params": {"Bgrad": 0.9383781112790133, "d1": -3.0, "d2": 0.018552305740526367, "d3": -2.859577578989017, "d4": -1.6573255749812932, "p1": 27.159833007351622, "p2": 31.745374001186008, "p3": 7.232817458051561, "p4": 42.78789789306926, "pol1": -0.18499890028537608, "pol2": 0.04396928914441615, "pol3": 0.6110667196326727, "pol4": 0.32505865755871977, "v0s": 3.7239212309417047}, "datetime": {"datetime": "2022-05-18 01:50:02", "elapsed": 108417.515586, "delta": 66.612835}}
{"target": 4.388319527936499, "params": {"Bgrad": 0.8711153277894068, "d1": -3.0, "d2": 0.7200871110588206, "d3": -2.819003585380235, "d4": -2.064182540505235, "p1": 28.89087617154142, "p2": 8.960409258366361, "p3": 15.337426495136636, "p4": 26.156850239528243, "pol1": 0.2955349221450299, "pol2": 0.6782194179623506, "pol3": -1.0, "pol4": -0.005478560110661491, "v0s": 4.388319527936499}, "datetime": {"datetime": "2022-05-18 01:50:41", "elapsed": 108457.138609, "delta": 39.623023}}
{"target": 5.6506991266895685, "params": {"Bgrad": 1.1371802931706319, "d1": -2.189383993483529, "d2": 0.007590858366952753, "d3": -0.33231577610590624, "d4": -3.0, "p1": 2.537741095068018, "p2": 14.688093427962723, "p3": 38.22089009714573, "p4": 48.581596046817175, "pol1": -0.2541811509192588, "pol2": -0.798627858788455, "pol3": -0.898008554372615, "pol4": -0.10704106292720736, "v0s": 5.6506991266895685}, "datetime": {"datetime": "2022-05-18 01:51:25", "elapsed": 108500.824765, "delta": 43.686156}}
{"target": -1.0, "params": {"Bgrad": 1.3804310096802996, "d1": -2.97455705682233, "d2": -1.8575166889754717, "d3": -0.029777034985616346, "d4": -1.197059436291413, "p1": 23.88734797556188, "p2": 41.846497809837906, "p3": 26.839093530017394, "p4": 20.926535676694474, "pol1": -0.051722365457536945, "pol2": -0.6278397710894168, "pol3": 0.4175774172587079, "pol4": 0.04275312731711978, "v0s": 5.235923397846692}, "datetime": {"datetime": "2022-05-18 01:52:06", "elapsed": 108541.962737, "delta": 41.137972}}
{"target": 4.853913732547789, "params": {"Bgrad": 2.0, "d1": -2.153753492702354, "d2": 1.0, "d3": -2.3979234183639613, "d4": -0.49153039253366027, "p1": 29.44370911455119, "p2": 29.609441050275848, "p3": 8.058413437164672, "p4": 44.385986255117366, "pol1": 1.0, "pol2": -0.3272007235294084, "pol3": 1.0, "pol4": -0.7082063241206747, "v0s": 4.853913732547789}, "datetime": {"datetime": "2022-05-18 01:53:05", "elapsed": 108601.082613, "delta": 59.119876}}
{"target": 3.371147850313289, "params": {"Bgrad": 1.7335792596500843, "d1": -2.116136142857156, "d2": 1.0, "d3": -1.3631475048713642, "d4": -3.0, "p1": 41.880961924957056, "p2": 23.221949930440385, "p3": 17.578027870683925, "p4": 11.657714176358052, "pol1": -0.7589382370028006, "pol2": -0.8527486461773297, "pol3": 0.5822155965109127, "pol4": -0.700521314381093, "v0s": 3.371147850313289}, "datetime": {"datetime": "2022-05-18 01:53:57", "elapsed": 108652.696565, "delta": 51.613952}}
{"target": 3.874287545939368, "params": {"Bgrad": 0.6816035691390343, "d1": -1.6479610608649424, "d2": 0.4271208365033812, "d3": -1.3274838725816593, "d4": 0.12466227584311618, "p1": 40.76563561568384, "p2": 19.2849976390448, "p3": 12.626568404988358, "p4": 13.611934574354184, "pol1": -0.0009250138456846635, "pol2": -0.7140539652503035, "pol3": 0.22039226095382047, "pol4": 0.3631377506077629, "v0s": 3.874287545939368}, "datetime": {"datetime": "2022-05-18 01:54:50", "elapsed": 108706.13763, "delta": 53.441065}}
{"target": 4.081606670112966, "params": {"Bgrad": 1.3936033041138212, "d1": -2.2366200529194122, "d2": 0.773246367580898, "d3": -1.965566389157626, "d4": -0.3893048725112731, "p1": 6.237084084481714, "p2": 27.930463380338306, "p3": 43.56942751025093, "p4": 21.119710543465807, "pol1": -0.6878019932858617, "pol2": -0.975235328449173, "pol3": -0.4257186914090625, "pol4": -0.5799255632544382, "v0s": 4.081606670112966}, "datetime": {"datetime": "2022-05-18 01:55:30", "elapsed": 108745.94516, "delta": 39.80753}}
