{"target": -1.0, "params": {"Bgrad": 1.3596830169094103, "d1": -1.0266263663184607, "d2": 0.3877442319609723, "d3": -1.9288137475743445, "d4": -0.11362431571625153, "p1": 31.939023240628174, "p2": 38.85019332202718, "p3": 11.996284031953003, "p4": 46.42982042188266, "pol1": 0.306620274202023, "pol2": 0.1476748815291269, "pol3": -0.09761322052405874, "pol4": 0.7534063022922783, "v0s": 5.71524645296113}, "datetime": {"datetime": "2021-11-26 15:19:29", "elapsed": 520.111526, "delta": 16.413846}}
{"target": -1.0, "params": {"Bgrad": 0.3796321605098032, "d1": -0.04446295127501365, "d2": -0.8659600251779724, "d3": -1.7071599895320042, "d4": 0.4159572245650214, "p1": 28.188930902908467, "p2": 7.6439090346516085, "p3": 22.76172667635954, "p4": 28.12961415192401, "pol1": 0.773655099985392, "pol2": 0.3446789880538468, "pol3": -0.9855736988885815, "pol4": 0.9813190405290875, "v0s": 2.6355632933563733}, "datetime": {"datetime": "2021-11-26 15:19:46", "elapsed": 537.844206, "delta": 17.73268}}
{"target": -1.0, "params": {"Bgrad": 0.5096008243999705, "d1": -0.29709241428083066, "d2": -2.6156236779305546, "d3": -0.4973787702670376, "d4": -2.786815330944977, "p1": 19.508248959379515, "p2": 31.918823141019548, "p3": 15.287245586112991, "p4": 44.89031751054842, "pol1": -0.7412292619109, "pol2": -0.6724489298369698, "pol3": 0.45847886358091516, "pol4": 0.746916428933522, "v0s": 3.1340792255736707}, "datetime": {"datetime": "2021-11-26 15:19:53", "elapsed": 544.083107, "delta": 6.238901}}
{"target": -1.0, "params": {"Bgrad": 0.22099378562942787, "d1": -0.9469888291209392, "d2": -2.764212632481237, "d3": -1.3250052505397236, "d4": 0.3155809766016162, "p1": 10.609237033944318, "p2": 14.881487500899048, "p3": 18.343012641414287, "p4": 6.061134484586129, "pol1": -0.2895404990904813, "pol2": -0.09068386415165275, "pol3": -0.9936786286941433, "pol4": -0.9249261804284439, "v0s": 5.1751000888569285}, "datetime": {"datetime": "2021-11-26 15:19:57", "elapsed": 548.371444, "delta": 4.288337}}
{"target": 3.6776867629828036, "params": {"Bgrad": 0.3543180148965305, "d1": -2.512011174036884, "d2": 0.9195012128033846, "d3": -2.8815897054515633, "d4": -1.4718212126507306, "p1": 44.2715924245687, "p2": 28.573390844041768, "p3": 44.44190355423082, "p4": 6.319065942465252, "pol1": -0.6537181790838242, "pol2": -0.37138043781580765, "pol3": -0.3907532483324405, "pol4": -0.9155075974930533, "v0s": 3.6776867629828036}, "datetime": {"datetime": "2021-11-26 15:20:02", "elapsed": 553.120255, "delta": 4.748811}}
{"target": -1.0, "params": {"Bgrad": 0.7368143516362029, "d1": -1.005950720369286, "d2": -1.6376150576145956, "d3": -1.2737318147598873, "d4": -2.5179357954649184, "p1": 12.439294322806106, "p2": 21.385566416331663, "p3": 38.217177083396386, "p4": 21.629682937952637, "pol1": 0.9757206634242876, "pol2": 0.9002630124974453, "pol3": -0.030558580659723278, "pol4": 0.37269391021237364, "v0s": 2.132967678836775}, "datetime": {"datetime": "2021-11-26 15:20:09", "elapsed": 560.017389, "delta": 6.897134}}
{"target": -1.0, "params": {"Bgrad": 1.8386027291619214, "d1": -0.21401470523357746, "d2": -2.9134319040742054, "d3": -0.8682001094054987, "d4": -1.5521994412723679, "p1": 20.6804194136058, "p2": 41.83226986030063, "p3": 18.82889088523888, "p4": 47.239927814395045, "pol1": -0.5764734947648815, "pol2": -0.8171922113798773, "pol3": 0.8244239254798602, "pol4": 0.07260683617959685, "v0s": 2.1169182541983442}, "datetime": {"datetime": "2021-11-26 15:20:12", "elapsed": 563.172293, "delta": 3.154904}}
{"target": 3.3811558096235204, "params": {"Bgrad": 1.9396537731135115, "d1": -0.20231268757591536, "d2": -1.5309754218683125, "d3": -2.0559390610092256, "d4": -0.4558288678236231, "p1": 9.667481211276607, "p2": 2.4117952515073924, "p3": 43.74985705866832, "p4": 46.91220908653464, "pol1": -0.2660091829721427, "pol2": -0.45391292785036885, "pol3": 0.6806668521541053, "pol4": 0.3014590938686439, "v0s": 3.3811558096235204}, "datetime": {"datetime": "2021-11-26 15:20:30", "elapsed": 581.748219, "delta": 18.575926}}
{"target": 2.212003967969065, "params": {"Bgrad": 0.6362752585012518, "d1": -2.4678277436983147, "d2": -0.8288768312590782, "d3": -1.3891731352190138, "d4": 0.42281917876321806, "p1": 26.316941292290423, "p2": 14.363921979494393, "p3": 7.271033791619469, "p4": 30.814145079615663, "pol1": 0.5856776615931338, "pol2": 0.4024402572405765, "pol3": -0.9261358052737632, "pol4": 0.0061143962052097045, "v0s": 2.212003967969065}, "datetime": {"datetime": "2021-11-26 15:20:44", "elapsed": 595.110174, "delta": 13.361955}}
{"target": -1.0, "params": {"Bgrad": 0.9696935368644767, "d1": -3.0, "d2": -1.9355431892149064, "d3": -2.036516066512223, "d4": -1.3897677042799674, "p1": 26.67500780914135, "p2": 14.86149661417388, "p3": 7.687601416216574, "p4": 29.91350806881152, "pol1": -0.2500131237212, "pol2": 0.7429708533322158, "pol3": -1.0, "pol4": 0.6329013662146837, "v0s": 3.4463619963403502}, "datetime": {"datetime": "2021-11-26 15:20:54", "elapsed": 605.139122, "delta": 10.028948}}
{"target": -1.0, "params": {"Bgrad": 0.7306678915095783, "d1": -2.5227708068689956, "d2": -2.336315562813181, "d3": -0.48430453330395506, "d4": -0.8066652561979892, "p1": 28.67129836119767, "p2": 42.59441915503311, "p3": 22.967188958660362, "p4": 21.802474564224738, "pol1": -0.8593923954904807, "pol2": -0.9698196157377348, "pol3": 0.7533519033323186, "pol4": -0.357671844592816, "v0s": 3.7137810186892795}, "datetime": {"datetime": "2021-11-26 15:21:06", "elapsed": 617.102924, "delta": 11.963802}}
{"target": 3.4445742684102125, "params": {"Bgrad": 1.1975682175673088, "d1": -2.75063740315083, "d2": 0.7181279347673177, "d3": -2.5657210706324114, "d4": -1.141538615614662, "p1": 48.411489104755546, "p2": 13.264812066743708, "p3": 48.2305225634198, "p4": 11.311425603954062, "pol1": 0.01337591844193775, "pol2": -0.07016197239098187, "pol3": 0.3806073683754849, "pol4": 0.5575721676772827, "v0s": 3.4445742684102125}, "datetime": {"datetime": "2021-11-26 15:21:13", "elapsed": 624.681996, "delta": 7.579072}}
{"target": -1.0, "params": {"Bgrad": 0.9387313896703455, "d1": -2.5937605740242735, "d2": -0.8732334735232667, "d3": -1.886312669079548, "d4": -0.39745242452797447, "p1": 34.11315702454776, "p2": 0.17044741182680734, "p3": 16.93078653696612, "p4": 4.964799691754196, "pol1": 0.15631441780702948, "pol2": -0.15346854722423164, "pol3": 0.9472400191781745, "pol4": -0.7114301738741424, "v0s": 6.593321002360895}, "datetime": {"datetime": "2021-11-26 15:21:23", "elapsed": 634.521321, "delta": 9.839325}}
{"target": -1.0, "params": {"Bgrad": 1.1125274146936894, "d1": -0.3217186625584847, "d2": -2.276118027355776, "d3": -0.5233182605513811, "d4": 0.9819102654307312, "p1": 9.08842833056282, "p2": 26.160327886884332, "p3": 7.934248428968699, "p4": 5.689226791736774, "pol1": -0.31753927997100195, "pol2": -0.35385602800125127, "pol3": -0.8336313656345726, "pol4": 0.4862809213011454, "v0s": 3.315639817649034}, "datetime": {"datetime": "2021-11-26 15:21:32", "elapsed": 643.39331, "delta": 8.871989}}
{"target": -1.0, "params": {"Bgrad": 0.21614001725835608, "d1": -0.4073771615073718, "d2": -1.2133870867811356, "d3": -1.8210541831689775, "d4": -1.0953382490299446, "p1": 25.98112053481854, "p2": 22.670385707361245, "p3": 43.12257916156111, "p4": 35.89282433660901, "pol1": -0.5515624129923729, "pol2": 0.8774195625613666, "pol3": 0.6947683575647379, "pol4": 0.36510519996289714, "v0s": 6.648644669126419}, "datetime": {"datetime": "2021-11-26 15:21:35", "elapsed": 646.752066, "delta": 3.358756}}
{"target": -1.0, "params": {"Bgrad": 1.1744999980794117, "d1": -2.3301929325298727, "d2": -1.9214698587257804, "d3": -1.3755467582937038, "d4": 0.0057036938042323015, "p1": 42.58072409975947, "p2": 46.698545301542296, "p3": 43.90105836682739, "p4": 46.741461247443574, "pol1": -0.054081454392097106, "pol2": -0.7438312436063645, "pol3": 0.6442725498269175, "pol4": 0.9102403531653971, "v0s": 6.794190878023771}, "datetime": {"datetime": "2021-11-26 15:21:43", "elapsed": 654.694694, "delta": 7.942628}}
{"target": -1.0, "params": {"Bgrad": 0.41901073793512944, "d1": -2.084105288065256, "d2": -1.9360752054983492, "d3": -0.6808136276759749, "d4": -2.6658010587361693, "p1": 18.401050256828043, "p2": 46.8593157842988, "p3": 30.725430720873437, "p4": 15.813251061285815, "pol1": -0.025665274476394773, "pol2": 0.02215437114167651, "pol3": 0.4217619455199493, "pol4": 0.4449624087826476, "v0s": 3.770592046322114}, "datetime": {"datetime": "2021-11-26 15:21:50", "elapsed": 661.295198, "delta": 6.600504}}
{"target": 5.810551547481607, "params": {"Bgrad": 1.2528168984164048, "d1": -2.5199775899908197, "d2": 0.22773582325913377, "d3": -0.6681841482979487, "d4": -0.4729265546420556, "p1": 15.499490198498794, "p2": 20.486544283932638, "p3": 23.168825254769747, "p4": 21.018278114257004, "pol1": -0.7070729036856251, "pol2": -0.22622612784360263, "pol3": 0.8451169581057016, "pol4": 0.9480729825079086, "v0s": 5.810551547481607}, "datetime": {"datetime": "2021-11-26 15:22:01", "elapsed": 671.92596, "delta": 10.630762}}
{"target": 4.190468849612754, "params": {"Bgrad": 1.0078309795548601, "d1": -2.4705188270284077, "d2": -0.5614340053145526, "d3": -1.9239405794731672, "d4": -0.04427996288075864, "p1": 8.10367592182158, "p2": 15.364375112657674, "p3": 45.60714388540501, "p4": 2.7128165801846515, "pol1": -0.3035172740401313, "pol2": -0.9563782991269696, "pol3": -0.5526952475063913, "pol4": -0.5597545883335244, "v0s": 4.190468849612754}, "datetime": {"datetime": "2021-11-26 15:22:16", "elapsed": 687.640759, "delta": 15.714799}}
{"target": -1.0, "params": {"Bgrad": 0.38084973409630807, "d1": -0.36847628073439154, "d2": -1.776102718372337, "d3": 0.8195971712133372, "d4": -1.976953665092442, "p1": 20.491097912331696, "p2": 49.67044193133097, "p3": 5.133044462898489, "p4": 36.478366095413975, "pol1": -0.4105473693100812, "pol2": 0.7162588394983069, "pol3": 0.8385173960560635, "pol4": 0.3831753230061776, "v0s": 7.639945506344097}, "datetime": {"datetime": "2021-11-26 15:22:27", "elapsed": 698.146029, "delta": 10.50527}}
{"target": -1.0, "params": {"Bgrad": 0.8005486039940762, "d1": -1.5285110489622231, "d2": -2.977783612209404, "d3": 0.9723348897549737, "d4": -2.5253040653530996, "p1": 15.171072239636384, "p2": 28.42556211366668, "p3": 1.5297169434193514, "p4": 17.140038177589016, "pol1": 0.21402671786760674, "pol2": 0.3138000419172484, "pol3": -0.7635250727763465, "pol4": -0.7653656887188622, "v0s": 3.8695474357326507}, "datetime": {"datetime": "2021-11-26 15:22:45", "elapsed": 716.777139, "delta": 18.63111}}
{"target": 2.5166188816629362, "params": {"Bgrad": 0.35880233226438174, "d1": 0.9316171769651902, "d2": -2.7142012446956962, "d3": -1.5803618456346964, "d4": -1.7765862156027827, "p1": 47.55228512922996, "p2": 5.631869811237056, "p3": 2.569106925557074, "p4": 7.251775366098467, "pol1": -0.07981987790893497, "pol2": 0.4989874982898421, "pol3": -0.011623026550679816, "pol4": -0.4845547060916786, "v0s": 2.5166188816629362}, "datetime": {"datetime": "2021-11-26 15:23:00", "elapsed": 731.095875, "delta": 14.318736}}
{"target": -1.0, "params": {"Bgrad": 0.15708853459360586, "d1": -1.6635913708990917, "d2": -1.0410494060310795, "d3": -0.22807107753340672, "d4": -1.3432746832191786, "p1": 40.841387562797834, "p2": 42.2809204362988, "p3": 0.3390445863946989, "p4": 34.96466896385516, "pol1": 0.8932187529604487, "pol2": -0.9868473794239785, "pol3": -0.8454242204841362, "pol4": -0.5604838142495605, "v0s": 4.392019019004739}, "datetime": {"datetime": "2021-11-26 15:23:04", "elapsed": 735.289015, "delta": 4.19314}}
{"target": -1.0, "params": {"Bgrad": 1.023340478960808, "d1": 0.9615101552655316, "d2": -1.3149460591034314, "d3": -2.9971927602726405, "d4": 0.03141707777602809, "p1": 12.673916409575876, "p2": 37.239677718423835, "p3": 41.53537411812741, "p4": 40.59680867159788, "pol1": -0.13584405451971882, "pol2": -0.2711097008142087, "pol3": 0.43542670757204927, "pol4": -0.9947482079827557, "v0s": 7.243937482767091}, "datetime": {"datetime": "2021-11-26 15:23:16", "elapsed": 747.00638, "delta": 11.717365}}
{"target": -1.0, "params": {"Bgrad": 0.7172649964340057, "d1": 0.9907700898857206, "d2": 0.11074525330339924, "d3": 0.19121752018712446, "d4": -2.8863467981632045, "p1": 49.46636112301666, "p2": 29.27080509243996, "p3": 31.618588985218203, "p4": 4.675617912587016, "pol1": 0.6631445704158596, "pol2": 0.8249167365902506, "pol3": 0.6230978713134006, "pol4": -0.8651816207953, "v0s": 2.4996048217713818}, "datetime": {"datetime": "2021-11-26 15:23:26", "elapsed": 757.04901, "delta": 10.04263}}
{"target": -1.0, "params": {"Bgrad": 1.3484389547908324, "d1": -1.8282059362976484, "d2": -1.221437332147067, "d3": -2.557743317778126, "d4": -1.486086022980123, "p1": 10.016326252398745, "p2": 26.5948988493909, "p3": 20.82641681975852, "p4": 9.825067346599953, "pol1": -0.9850163030096646, "pol2": -0.5334326075181968, "pol3": -0.9217208300426665, "pol4": -0.5520910507893038, "v0s": 5.399519191099169}, "datetime": {"datetime": "2021-11-26 15:23:38", "elapsed": 769.86096, "delta": 12.81195}}
{"target": -1.0, "params": {"Bgrad": 1.9758361858859097, "d1": -1.000348640895178, "d2": -2.358886088652845, "d3": -1.282531229561886, "d4": 0.45902678209434544, "p1": 28.70816748512915, "p2": 15.743425031247627, "p3": 17.549532868583245, "p4": 31.599854777303644, "pol1": -0.5914945607705937, "pol2": 0.17408978982715695, "pol3": -0.44464596568544246, "pol4": 0.7470513468802673, "v0s": 6.613748382228165}, "datetime": {"datetime": "2021-11-26 15:23:50", "elapsed": 781.668152, "delta": 11.807192}}
{"target": -1.0, "params": {"Bgrad": 1.085862039416362, "d1": -0.6429078001425075, "d2": -2.4702860704488865, "d3": -1.7030716992423236, "d4": -0.9074550909455819, "p1": 34.879549968428336, "p2": 39.893425890984695, "p3": 22.784018508241598, "p4": 13.48827915550176, "pol1": 0.5095049540256957, "pol2": -0.25729152584057857, "pol3": -0.7725748740353546, "pol4": 0.28045098834417326, "v0s": 4.2264256754433855}, "datetime": {"datetime": "2021-11-26 15:24:04", "elapsed": 795.118147, "delta": 13.449995}}
{"target": -1.0, "params": {"Bgrad": 1.7333131606159753, "d1": 0.07675386484086033, "d2": -1.7780241610181755, "d3": -1.057710434131308, "d4": -0.5742816518635934, "p1": 29.911581651229685, "p2": 19.136150569920886, "p3": 8.214512531576984, "p4": 1.6362877302938894, "pol1": 0.7576216579067718, "pol2": 0.15771971983904742, "pol3": -0.11514180475074665, "pol4": 0.49932727831717827, "v0s": 5.072182394792058}, "datetime": {"datetime": "2021-11-26 15:24:18", "elapsed": 809.067684, "delta": 13.949537}}
{"target": -1.0, "params": {"Bgrad": 1.9338890052919584, "d1": 0.14216509987276016, "d2": -1.2816501731579955, "d3": -2.0233270584714593, "d4": -0.936518527879298, "p1": 48.2762528643961, "p2": 12.134087658414828, "p3": 2.697538614555739, "p4": 45.64430314316175, "pol1": 0.07365647975427936, "pol2": 0.9764453845251948, "pol3": -0.15096242021624673, "pol4": 0.6319112927196562, "v0s": 7.67268488269046}, "datetime": {"datetime": "2021-11-26 15:24:29", "elapsed": 820.311559, "delta": 11.243875}}
{"target": -1.0, "params": {"Bgrad": 0.6290454219255311, "d1": -0.46134508606540603, "d2": 0.24399768025621826, "d3": -1.6542676001805807, "d4": -2.752821016888567, "p1": 21.438393823248692, "p2": 26.5840766651769, "p3": 4.92539887536092, "p4": 46.73044705216458, "pol1": 0.15852771915019948, "pol2": -0.38421345568081944, "pol3": -0.5084167233369521, "pol4": -0.4430945470813523, "v0s": 6.604779695809741}, "datetime": {"datetime": "2021-11-26 15:24:44", "elapsed": 835.660905, "delta": 15.349346}}
{"target": -1.0, "params": {"Bgrad": 0.32831992248705866, "d1": -2.2800059082537185, "d2": 0.8205300245075335, "d3": -0.2962172438703381, "d4": -0.10526145648016749, "p1": 35.55410404060608, "p2": 8.335070269574619, "p3": 23.155821395943743, "p4": 49.90943894345865, "pol1": -0.5581007159651028, "pol2": 0.14070531238549622, "pol3": -0.89041999581783, "pol4": -0.27311261916939533, "v0s": 5.563842299298988}, "datetime": {"datetime": "2021-11-26 15:25:01", "elapsed": 852.034111, "delta": 16.373206}}
{"target": -1.0, "params": {"Bgrad": 1.2870325015920745, "d1": 0.6910907557971284, "d2": -1.7158138622828791, "d3": 0.08816929316688116, "d4": -0.5635367921868166, "p1": 1.125525478407985, "p2": 16.745204562703332, "p3": 48.601854533903605, "p4": 33.60085462679405, "pol1": 0.3404670894819637, "pol2": 0.19003147483234883, "pol3": -0.04985572736131849, "pol4": 0.8101610775267698, "v0s": 2.5240755339841403}, "datetime": {"datetime": "2021-11-26 15:25:16", "elapsed": 867.196785, "delta": 15.162674}}
{"target": -1.0, "params": {"Bgrad": 1.8361887812235758, "d1": -0.660030286858194, "d2": -1.8014729114571093, "d3": -1.6902707122666176, "d4": 0.19961538323549544, "p1": 4.028439104460569, "p2": 20.046966748619, "p3": 29.528865858440696, "p4": 47.025188855230525, "pol1": 0.13971693081706915, "pol2": 0.9719464752822651, "pol3": -0.5034957290032618, "pol4": -0.2334549365298484, "v0s": 3.4143336194791214}, "datetime": {"datetime": "2021-11-26 15:25:41", "elapsed": 892.228824, "delta": 25.032039}}
{"target": -1.0, "params": {"Bgrad": 1.7686441438059461, "d1": 0.14878377371611995, "d2": -0.3925470917683036, "d3": 0.41992824473568646, "d4": -1.766099063895588, "p1": 39.72294294911613, "p2": 31.523873530535994, "p3": 35.600776806418146, "p4": 28.67849454580086, "pol1": -0.4201418568598003, "pol2": -0.5354484846252423, "pol3": -0.7298948220501447, "pol4": -0.3731298869834707, "v0s": 7.122905457367115}, "datetime": {"datetime": "2021-11-26 15:26:01", "elapsed": 912.742423, "delta": 20.513599}}
{"target": -1.0, "params": {"Bgrad": 1.5006535910060632, "d1": 0.1486692353333039, "d2": -0.9159844057587465, "d3": -2.6931653854867896, "d4": -1.0703614570294135, "p1": 30.716540061877378, "p2": 23.811278274908226, "p3": 5.3458887552835845, "p4": 31.328346762621212, "pol1": -0.09608349071793398, "pol2": 0.8761332333556375, "pol3": 0.9613291576814817, "pol4": -0.3801444779506833, "v0s": 5.8089062440908465}, "datetime": {"datetime": "2021-11-26 15:26:18", "elapsed": 929.676672, "delta": 16.934249}}
{"target": -1.0, "params": {"Bgrad": 0.9830753109195615, "d1": -2.65483873332614, "d2": -2.595790632388687, "d3": -1.8831484270978995, "d4": -1.0011310803080384, "p1": 29.22819059799956, "p2": 40.319521101278454, "p3": 0.8632886729459166, "p4": 23.367614053731828, "pol1": 0.4023220372509968, "pol2": -0.39327085101336, "pol3": 0.00014636484810925943, "pol4": -0.472104600775495, "v0s": 7.34795232606485}, "datetime": {"datetime": "2021-11-26 15:26:37", "elapsed": 948.056712, "delta": 18.38004}}
{"target": -1.0, "params": {"Bgrad": 0.9642873047391545, "d1": -2.0024608544996485, "d2": -2.989776669481298, "d3": -2.9847801557343114, "d4": 0.40481605206598115, "p1": 20.61967883150767, "p2": 31.712270275351962, "p3": 17.763060636210522, "p4": 10.211319854615258, "pol1": -0.9133715576619001, "pol2": 0.3011440371869072, "pol3": 0.1476950305789142, "pol4": -0.007565140764955736, "v0s": 7.084730682802282}, "datetime": {"datetime": "2021-11-26 15:26:54", "elapsed": 964.932506, "delta": 16.875794}}
{"target": -1.0, "params": {"Bgrad": 1.6705574650475514, "d1": 0.6243285115417634, "d2": -1.5943899452252008, "d3": -1.8520561867345169, "d4": -1.7370650711494569, "p1": 24.345989347978865, "p2": 34.95678087761771, "p3": 28.573659531122342, "p4": 7.252965126795042, "pol1": 0.7728198409631237, "pol2": 0.19917246889320728, "pol3": 0.9633457073123246, "pol4": -0.6446529771917537, "v0s": 5.701014724052547}, "datetime": {"datetime": "2021-11-26 15:27:14", "elapsed": 985.716639, "delta": 20.784133}}
{"target": -1.0, "params": {"Bgrad": 0.7374156561484461, "d1": -0.8109172321274256, "d2": -0.6226483041394029, "d3": -1.5657687589908527, "d4": -1.4607251554521254, "p1": 30.03561751632391, "p2": 16.137723616340704, "p3": 28.925729583151057, "p4": 30.52644727066397, "pol1": -0.06239606814520626, "pol2": 0.13955994009699202, "pol3": 0.5211638302448227, "pol4": 0.7564812403270262, "v0s": 7.24922443868785}, "datetime": {"datetime": "2021-11-26 15:27:35", "elapsed": 1006.763804, "delta": 21.047165}}
{"target": -1.0, "params": {"Bgrad": 1.1708600338932118, "d1": -0.7356355206112504, "d2": -0.2557135687562666, "d3": -0.9614433155946855, "d4": -1.6976951124482738, "p1": 31.566230809505768, "p2": 13.673338795760781, "p3": 20.123242385308348, "p4": 30.687252815664827, "pol1": -0.972028669477591, "pol2": 0.7346018370376783, "pol3": 0.17789302136680818, "pol4": -0.803189446458217, "v0s": 5.610852204177506}, "datetime": {"datetime": "2021-11-26 15:27:50", "elapsed": 1021.296001, "delta": 14.532197}}
{"target": -1.0, "params": {"Bgrad": 0.2987607187293103, "d1": -1.1659222343642308, "d2": -1.7002258953980842, "d3": -0.2125886120983993, "d4": -0.80207729413587, "p1": 8.773101667198564, "p2": 6.173590153373654, "p3": 32.693815961800546, "p4": 34.658177538043276, "pol1": 0.8107001420262803, "pol2": 0.21141742177842837, "pol3": -0.03964657474691613, "pol4": 0.7975953408529304, "v0s": 6.51794793592375}, "datetime": {"datetime": "2021-11-26 15:27:59", "elapsed": 1030.676985, "delta": 9.380984}}
{"target": -1.0, "params": {"Bgrad": 0.24706344956771834, "d1": -1.8412698147137232, "d2": -2.4809294010515743, "d3": 0.26507186325740184, "d4": -0.5458257807714051, "p1": 25.47934283619241, "p2": 0.8266289159804596, "p3": 28.419182477006377, "p4": 15.142472032411236, "pol1": -0.8145158430233661, "pol2": -0.04020591749587088, "pol3": 0.8156897819477227, "pol4": -0.1227303352393001, "v0s": 5.66337108103839}, "datetime": {"datetime": "2021-11-26 15:28:05", "elapsed": 1036.768421, "delta": 6.091436}}
