{"target": 4.030470062993928, "params": {"Bgrad": 0.6772662451245379, "d1": -3.0, "d2": 1.0, "d3": -2.3977125250806655, "d4": -1.225178668578441, "p1": 9.05494369690499, "p2": 24.953015584972448, "p3": 43.07952262066288, "p4": 22.626393043319375, "pol1": 0.7234846231145428, "pol2": 0.0279438154496014, "pol3": -0.2860797225055386, "pol4": 0.7927051572448894, "v0s": 4.030470062993928}, "datetime": {"datetime": "2022-05-18 04:31:38", "elapsed": 118113.293112, "delta": 44.740337}}
{"target": 2.530793755696126, "params": {"Bgrad": 0.7472116073252337, "d1": -1.6064442217444466, "d2": -1.1429888769164882, "d3": -0.9254943134427895, "d4": -1.5980214688314294, "p1": 7.306305075910019, "p2": 14.293885471524465, "p3": 38.22166848997458, "p4": 47.39543579218469, "pol1": -0.5124334432702498, "pol2": -0.9805847002179413, "pol3": -0.6537096608452573, "pol4": 0.44989548216473185, "v0s": 2.530793755696126}, "datetime": {"datetime": "2022-05-18 04:32:17", "elapsed": 118153.030828, "delta": 39.737716}}
{"target": 3.8499604046772644, "params": {"Bgrad": 0.559183180192522, "d1": -0.5587837745207782, "d2": 0.5026608899268323, "d3": -1.4158470292733853, "d4": -0.4563724198910175, "p1": 36.90275558110123, "p2": 44.476227563829866, "p3": 20.31292292267153, "p4": 13.148271816022138, "pol1": -0.5120405021949208, "pol2": -0.22663281179362005, "pol3": -0.3712742097788213, "pol4": -0.3876390856834351, "v0s": 3.8499604046772644}, "datetime": {"datetime": "2022-05-18 04:33:17", "elapsed": 118212.542656, "delta": 59.511828}}
{"target": 3.19960018904511, "params": {"Bgrad": 0.5348533441358501, "d1": -2.7020834433397667, "d2": -0.7274799011454274, "d3": -1.574340251346134, "d4": -2.318780676958363, "p1": 30.722438035900208, "p2": 10.630475067698232, "p3": 40.362391613075765, "p4": 38.02252605943829, "pol1": -0.10783978426523189, "pol2": -0.6701370512724214, "pol3": -0.6111576419944207, "pol4": -0.08968290141658009, "v0s": 3.19960018904511}, "datetime": {"datetime": "2022-05-18 04:33:57", "elapsed": 118252.829903, "delta": 40.287247}}
{"target": 4.228744985659784, "params": {"Bgrad": 1.8191643431109863, "d1": -2.422612503074047, "d2": 0.2906753972805486, "d3": -2.4464314354659633, "d4": -0.4208095994320369, "p1": 25.35673388876105, "p2": 9.765547898236852, "p3": 9.992763373060471, "p4": 25.393837916568774, "pol1": 0.6593248295135393, "pol2": 0.4928021953449918, "pol3": -0.3997802260316518, "pol4": 0.8218902241179981, "v0s": 4.228744985659784}, "datetime": {"datetime": "2022-05-18 04:34:39", "elapsed": 118294.313949, "delta": 41.484046}}
{"target": -1.0, "params": {"Bgrad": 0.8251823648900174, "d1": -2.3256631501825273, "d2": -1.7428492313838677, "d3": 0.8115618018029349, "d4": -2.9534383103344615, "p1": 2.283130499137415, "p2": 15.62841647605126, "p3": 40.627836024743665, "p4": 49.724838625577846, "pol1": -0.2784412414035251, "pol2": -0.6492481559595433, "pol3": -0.3757754071121977, "pol4": -0.43983896754446383, "v0s": 5.069480671437088}, "datetime": {"datetime": "2022-05-18 04:35:58", "elapsed": 118373.87615, "delta": 79.562201}}
{"target": 4.6158501337116515, "params": {"Bgrad": 1.3904026331348898, "d1": -1.9752870862459047, "d2": 1.0, "d3": -0.7943600994149062, "d4": -1.157569278945848, "p1": 37.542268164081435, "p2": 45.84581394034334, "p3": 18.548434042342624, "p4": 12.826414273603953, "pol1": 0.8550982330383501, "pol2": 0.27342697709428093, "pol3": 0.6328119112412963, "pol4": 0.2289399719743953, "v0s": 4.6158501337116515}, "datetime": {"datetime": "2022-05-18 04:36:40", "elapsed": 118415.85986, "delta": 41.98371}}
{"target": 4.589095736575585, "params": {"Bgrad": 1.169176133721752, "d1": -1.1047816915458024, "d2": -0.3531183195988161, "d3": -2.605351226631179, "d4": -2.450065726433348, "p1": 8.020594007445304, "p2": 38.527456007731814, "p3": 29.722791360214927, "p4": 48.854192843388056, "pol1": 0.7252365081627419, "pol2": -0.2908544742336465, "pol3": -0.3230911254322677, "pol4": 0.06864301086313729, "v0s": 4.589095736575585}, "datetime": {"datetime": "2022-05-18 04:37:28", "elapsed": 118463.358817, "delta": 47.498957}}
{"target": 3.862529667414324, "params": {"Bgrad": 1.9630584792764136, "d1": -1.63319585475521, "d2": 0.31571988117339833, "d3": -2.9318929527812516, "d4": -1.1392305387561552, "p1": 9.794905049189511, "p2": 40.417017641523955, "p3": 30.479875265972574, "p4": 42.82858571475432, "pol1": -0.19058924075784356, "pol2": -0.7426247375583084, "pol3": 0.9245981636853817, "pol4": 0.0191702180979616, "v0s": 3.862529667414324}, "datetime": {"datetime": "2022-05-18 04:38:24", "elapsed": 118519.70611, "delta": 56.347293}}
{"target": 4.309505079610876, "params": {"Bgrad": 0.5172132513694148, "d1": -2.43866192593417, "d2": -0.22611807137592432, "d3": 0.31384597093205624, "d4": -0.7175015607540778, "p1": 0.7296928675039505, "p2": 34.90763525974761, "p3": 28.24609315103607, "p4": 32.845874721759714, "pol1": -0.46841823770872115, "pol2": -0.8350528364275163, "pol3": 0.12416084033235841, "pol4": 0.37741385567244157, "v0s": 4.309505079610876}, "datetime": {"datetime": "2022-05-18 04:39:30", "elapsed": 118585.974866, "delta": 66.268756}}
{"target": -1.0, "params": {"Bgrad": 0.5, "d1": -2.0016406828841937, "d2": -1.0837334294583738, "d3": -1.596031318516569, "d4": 1.0, "p1": 34.669218021756095, "p2": 5.703003077628062, "p3": 37.53837807657831, "p4": 27.951288366953246, "pol1": 1.0, "pol2": -0.8730145643820606, "pol3": -0.13008415382584224, "pol4": 0.18936674059182756, "v0s": 4.861404667500521}, "datetime": {"datetime": "2022-05-18 04:40:31", "elapsed": 118646.688479, "delta": 60.713613}}
{"target": 5.102693024424555, "params": {"Bgrad": 2.0, "d1": -2.9392546193377838, "d2": 0.5196722155675926, "d3": -2.1089175214780633, "d4": -0.5007297416814883, "p1": 29.233262062564197, "p2": 29.555610810791904, "p3": 7.554716610911814, "p4": 43.52846218437556, "pol1": -0.23088193199908977, "pol2": 0.6141684680049557, "pol3": 1.0, "pol4": -1.0, "v0s": 5.102693024424555}, "datetime": {"datetime": "2022-05-18 04:41:17", "elapsed": 118693.197086, "delta": 46.508607}}
{"target": 5.774041092969238, "params": {"Bgrad": 2.0, "d1": -2.454478509025256, "d2": -3.0, "d3": -3.0, "d4": -3.0, "p1": 24.87545397465558, "p2": 32.82881955448829, "p3": 43.29070612711082, "p4": 46.161592823678944, "pol1": 1.0, "pol2": 0.17947311887991174, "pol3": -1.0, "pol4": 0.07870736808932433, "v0s": 5.774041092969238}, "datetime": {"datetime": "2022-05-18 04:42:36", "elapsed": 118771.472728, "delta": 78.275642}}
{"target": 4.211555131808552, "params": {"Bgrad": 0.9206431003527262, "d1": -2.296721995505743, "d2": -0.4691471290586344, "d3": -0.7765168622610337, "d4": -2.6838669231006036, "p1": 3.105857880430168, "p2": 36.80256248652927, "p3": 36.173899360769376, "p4": 27.52781491753828, "pol1": 0.7293884270548703, "pol2": 0.9855638857937257, "pol3": 0.09775275437442343, "pol4": -0.1609148575153243, "v0s": 4.211555131808552}, "datetime": {"datetime": "2022-05-18 04:43:45", "elapsed": 118840.535012, "delta": 69.062284}}
{"target": 4.127802481969428, "params": {"Bgrad": 0.5849967944076809, "d1": -3.0, "d2": -3.0, "d3": -2.051419276492816, "d4": -0.9442879281264882, "p1": 20.69803076849959, "p2": 18.30109771290401, "p3": 27.372705909465516, "p4": 48.64493358058071, "pol1": 1.0, "pol2": 0.4416539972186702, "pol3": 0.6859916272679487, "pol4": -1.0, "v0s": 4.127802481969428}, "datetime": {"datetime": "2022-05-18 04:44:37", "elapsed": 118892.5469, "delta": 52.011888}}
{"target": -1.0, "params": {"Bgrad": 1.9621225243517557, "d1": -2.23285420061769, "d2": 0.2570636598350151, "d3": -1.519212392796013, "d4": -2.1379647947879508, "p1": 6.7454668457966385, "p2": 35.97746826656431, "p3": 26.32876815345967, "p4": 49.178500399335746, "pol1": 0.19084434203501233, "pol2": -0.4177271352622145, "pol3": 0.00276517725352754, "pol4": -0.06581705141098282, "v0s": 3.265524377419936}, "datetime": {"datetime": "2022-05-18 04:45:21", "elapsed": 118936.39961, "delta": 43.85271}}
{"target": 4.809919010351587, "params": {"Bgrad": 1.3793113342280663, "d1": -2.2286729913866408, "d2": 0.8465247127904513, "d3": -0.7639545817202114, "d4": -0.8116010588563998, "p1": 1.5342854353343758, "p2": 34.66749700011401, "p3": 29.215645552217158, "p4": 33.116987900767676, "pol1": -0.3477953581359059, "pol2": -0.03633239123231595, "pol3": 0.12965602689012842, "pol4": -0.8827163300134081, "v0s": 4.809919010351587}, "datetime": {"datetime": "2022-05-18 04:46:03", "elapsed": 118978.852066, "delta": 42.452456}}
{"target": 3.6519775215707466, "params": {"Bgrad": 1.6147062156821037, "d1": -2.3430250230695138, "d2": -2.215786148920323, "d3": -1.648816533809577, "d4": -0.31655872514395345, "p1": 5.581973522528067, "p2": 36.16257227776544, "p3": 30.7571758253589, "p4": 48.65466679404451, "pol1": 0.6494952338322904, "pol2": -0.07965695580877008, "pol3": -0.9051930433309832, "pol4": -0.20453766684043884, "v0s": 3.6519775215707466}, "datetime": {"datetime": "2022-05-18 04:46:45", "elapsed": 119020.742026, "delta": 41.88996}}
{"target": 4.052050330414473, "params": {"Bgrad": 0.9786150623128836, "d1": -3.0, "d2": 0.16658326315367036, "d3": -2.7133947358919754, "d4": -2.7634761148286806, "p1": 33.86430285863328, "p2": 6.681041285629327, "p3": 40.24472403810219, "p4": 32.46432628000679, "pol1": 0.9542710625920852, "pol2": -0.42169448703898427, "pol3": -0.08687745567223942, "pol4": -0.4547828135305643, "v0s": 4.052050330414473}, "datetime": {"datetime": "2022-05-18 04:47:41", "elapsed": 119076.314391, "delta": 55.572365}}
{"target": 4.644152411567034, "params": {"Bgrad": 1.199493150968019, "d1": -3.0, "d2": -2.881929559687776, "d3": -2.9221792613222997, "d4": -1.455876309395662, "p1": 8.182870509051215, "p2": 7.007098063094273, "p3": 44.15944200124495, "p4": 18.555369878749307, "pol1": 0.42109467444451465, "pol2": 0.0017232411203348833, "pol3": -0.6500246191429447, "pol4": 0.4319173519191984, "v0s": 4.644152411567034}, "datetime": {"datetime": "2022-05-18 04:48:41", "elapsed": 119136.280005, "delta": 59.965614}}
{"target": 5.11590241824045, "params": {"Bgrad": 2.0, "d1": -3.0, "d2": 1.0, "d3": -2.878813495200812, "d4": -1.2989552956074246, "p1": 29.226783093303006, "p2": 29.97303473965439, "p3": 8.057423255513529, "p4": 44.17077551596591, "pol1": 1.0, "pol2": 0.9651627772166721, "pol3": 0.9072711144957744, "pol4": -0.3760151119931153, "v0s": 5.11590241824045}, "datetime": {"datetime": "2022-05-18 04:49:27", "elapsed": 119183.067865, "delta": 46.78786}}
{"target": -1.0, "params": {"Bgrad": 1.076479513463356, "d1": -3.0, "d2": -0.9089321830807525, "d3": 0.23524559300737963, "d4": -2.3801136864139307, "p1": 1.6479632940216622, "p2": 3.8827925243205814, "p3": 43.193350112661044, "p4": 24.365342343562542, "pol1": 1.0, "pol2": -0.4278049965418458, "pol3": -0.04951285883418579, "pol4": 1.0, "v0s": 4.576277794875566}, "datetime": {"datetime": "2022-05-18 04:50:34", "elapsed": 119249.342605, "delta": 66.27474}}
{"target": 3.554263688785419, "params": {"Bgrad": 0.6546744498433446, "d1": -1.8793431801058036, "d2": 0.23094549727714742, "d3": -2.736439470742257, "d4": -3.0, "p1": 36.28008466482733, "p2": 5.7150982777316885, "p3": 40.97965606575965, "p4": 32.25131501875744, "pol1": 0.8881784015568506, "pol2": -0.34327481558097983, "pol3": 0.17727056543595895, "pol4": -0.2897791895403035, "v0s": 3.554263688785419}, "datetime": {"datetime": "2022-05-18 04:51:56", "elapsed": 119331.335306, "delta": 81.992701}}
{"target": -1.0, "params": {"Bgrad": 0.9197359018521339, "d1": -1.429487488271429, "d2": -1.0864684718224193, "d3": -2.489365955984242, "d4": -2.3475540217819244, "p1": 4.539780232025814, "p2": 17.30827992935972, "p3": 37.82957089521483, "p4": 47.26956305499223, "pol1": -0.013968267118799726, "pol2": -0.16910938971656186, "pol3": 0.75823132023634, "pol4": -0.7072412071996337, "v0s": 6.9936512279842145}, "datetime": {"datetime": "2022-05-18 04:53:01", "elapsed": 119396.442169, "delta": 65.106863}}
{"target": 5.042885000216328, "params": {"Bgrad": 1.0949021520650732, "d1": -2.5051315034689914, "d2": 0.47962391570606416, "d3": -2.8984567734861115, "d4": -3.0, "p1": 26.52558187686137, "p2": 8.346946066027105, "p3": 35.20245023960863, "p4": 30.29562490308444, "pol1": -0.03765072524570209, "pol2": 0.5463120476373093, "pol3": 0.49606104580730503, "pol4": -0.24362672513721395, "v0s": 5.042885000216328}, "datetime": {"datetime": "2022-05-18 04:53:44", "elapsed": 119439.499008, "delta": 43.056839}}
{"target": 5.397025014856393, "params": {"Bgrad": 1.9319190433605054, "d1": -2.1983444566930896, "d2": 0.04709219196787684, "d3": -2.829714271322775, "d4": -2.1537898969591076, "p1": 5.921196733623829, "p2": 30.462547084690932, "p3": 30.709583495233687, "p4": 38.540019123997396, "pol1": -0.5518867802535103, "pol2": -0.6467367918265587, "pol3": -0.9711267469788887, "pol4": 0.8487736340689154, "v0s": 5.397025014856393}, "datetime": {"datetime": "2022-05-18 04:54:50", "elapsed": 119505.972217, "delta": 66.473209}}
{"target": -1.0, "params": {"Bgrad": 1.1845210614992574, "d1": -1.2784468966391342, "d2": 0.823746551794827, "d3": -1.6991196885915403, "d4": -0.8076911765646071, "p1": 1.751667147640723, "p2": 34.87058993696295, "p3": 33.86154867080588, "p4": 34.441303868512726, "pol1": -0.09548841213725456, "pol2": 0.13726047373413985, "pol3": 0.47064173820472366, "pol4": -0.12883057465766456, "v0s": 5.634988654729334}, "datetime": {"datetime": "2022-05-18 04:55:37", "elapsed": 119552.753096, "delta": 46.780879}}
{"target": -1.0, "params": {"Bgrad": 1.6796685964038622, "d1": -1.973988797417007, "d2": -0.4130723945977399, "d3": -2.240598362074159, "d4": -1.2503797855265053, "p1": 2.7217426449232027, "p2": 35.345252331012205, "p3": 38.60208860649649, "p4": 29.479095920562848, "pol1": 0.6120770136699121, "pol2": 0.4670208757278669, "pol3": -0.4908515368054387, "pol4": 0.08626285217985896, "v0s": 5.171294018116413}, "datetime": {"datetime": "2022-05-18 04:56:30", "elapsed": 119606.135318, "delta": 53.382222}}
{"target": 4.63274931660768, "params": {"Bgrad": 1.2319216716593777, "d1": -2.224748002276389, "d2": 0.74657394836059, "d3": -1.0556202710178313, "d4": -1.832905984383865, "p1": 1.8814003516809517, "p2": 35.29027352472412, "p3": 30.26092031428544, "p4": 34.49902917957214, "pol1": 0.382638698917356, "pol2": -0.7162068431647232, "pol3": 0.02122857490977338, "pol4": -0.6828739942716818, "v0s": 4.63274931660768}, "datetime": {"datetime": "2022-05-18 04:57:36", "elapsed": 119671.305014, "delta": 65.169696}}
{"target": -1.0, "params": {"Bgrad": 1.1039528861544845, "d1": 0.38795751925684013, "d2": 0.3679120068771658, "d3": -3.0, "d4": -0.20305781578032792, "p1": 22.347094224455116, "p2": 15.100905405115109, "p3": 32.608044852826914, "p4": 22.58239507284408, "pol1": 1.0, "pol2": -0.690273217522756, "pol3": -0.4541591905494159, "pol4": 1.0, "v0s": 3.336565220557438}, "datetime": {"datetime": "2022-05-18 04:59:19", "elapsed": 119774.472081, "delta": 103.167067}}
{"target": 5.007858085472778, "params": {"Bgrad": 0.9565758598297232, "d1": -1.62752148422284, "d2": 0.6090854011357978, "d3": -0.8199440846252499, "d4": -1.2193726685989277, "p1": 1.5025498049463617, "p2": 35.108604671296014, "p3": 30.48539274282363, "p4": 32.73420257524738, "pol1": 0.4839541930525662, "pol2": -0.7188062362221848, "pol3": 0.6284399345886429, "pol4": -1.0, "v0s": 5.007858085472778}, "datetime": {"datetime": "2022-05-18 05:00:02", "elapsed": 119817.762295, "delta": 43.290214}}
{"target": 4.689587641982089, "params": {"Bgrad": 2.0, "d1": -3.0, "d2": 0.04384477439626588, "d3": -2.0618555677131436, "d4": -2.963894447819602, "p1": 31.67743847890838, "p2": 13.697435331781497, "p3": 39.75186047324537, "p4": 25.94018438926691, "pol1": 0.6112432592071058, "pol2": 1.0, "pol3": 0.1400123997616225, "pol4": 1.0, "v0s": 4.689587641982089}, "datetime": {"datetime": "2022-05-18 05:01:09", "elapsed": 119884.58856, "delta": 66.826265}}
{"target": 4.088518574252075, "params": {"Bgrad": 1.0019858277573899, "d1": -3.0, "d2": -2.869578586520908, "d3": -2.346021844000217, "d4": -0.5584917032184812, "p1": 7.6627536691643945, "p2": 7.547286919022962, "p3": 43.64296413606157, "p4": 18.284184669961387, "pol1": 0.46171581043301274, "pol2": 1.0, "pol3": -0.4995560478588749, "pol4": -0.2350162587325324, "v0s": 4.088518574252075}, "datetime": {"datetime": "2022-05-18 05:01:53", "elapsed": 119928.275714, "delta": 43.687154}}
{"target": -1.0, "params": {"Bgrad": 1.958239063027737, "d1": -0.5807264349622532, "d2": -0.5834824696115493, "d3": -2.773332954769549, "d4": -2.977107774061651, "p1": 4.241163311584617, "p2": 41.16588921142403, "p3": 33.511985944513846, "p4": 44.72684829235082, "pol1": -0.4446979270015674, "pol2": 0.10355177621205058, "pol3": -0.5941432187965421, "pol4": 0.41234587177455095, "v0s": 2.9427919810983547}, "datetime": {"datetime": "2022-05-18 05:02:53", "elapsed": 119988.275237, "delta": 59.999523}}
{"target": 4.413278121998662, "params": {"Bgrad": 1.361028612079628, "d1": -2.451349325263622, "d2": -0.2734195216413329, "d3": -1.9973625562180746, "d4": -1.5502959048742406, "p1": 1.6650110258862871, "p2": 39.60475511230596, "p3": 42.88689648202632, "p4": 28.736017241348893, "pol1": 0.9585927619196921, "pol2": 0.8445396148925004, "pol3": -0.9532590089046991, "pol4": 0.7730386201164772, "v0s": 4.413278121998662}, "datetime": {"datetime": "2022-05-18 05:03:49", "elapsed": 120045.02246, "delta": 56.747223}}
{"target": -1.0, "params": {"Bgrad": 0.5523456963189035, "d1": -0.7916660717942703, "d2": 0.3257234865698626, "d3": -2.9265014580184925, "d4": -1.8296628380710258, "p1": 30.7389735310941, "p2": 11.586439580851538, "p3": 40.33173934958259, "p4": 37.48534999384873, "pol1": 0.8411376629616814, "pol2": 0.29411339165052897, "pol3": -0.09905529345999842, "pol4": 0.7649059542130519, "v0s": 6.267466741444769}, "datetime": {"datetime": "2022-05-18 05:05:21", "elapsed": 120136.922661, "delta": 91.900201}}
{"target": -1.0, "params": {"Bgrad": 1.2020361194360527, "d1": -2.4986466494219357, "d2": 0.11245472662379317, "d3": -2.5381403737246417, "d4": -3.0, "p1": 27.09202283888051, "p2": 8.755527555078533, "p3": 35.19678506972132, "p4": 30.408968227251506, "pol1": 0.45792440913889687, "pol2": -0.24260098560770474, "pol3": 0.4459941913580192, "pol4": 1.0, "v0s": 5.532255022700797}, "datetime": {"datetime": "2022-05-18 05:06:24", "elapsed": 120199.251954, "delta": 62.329293}}
{"target": 4.520140634374623, "params": {"Bgrad": 0.992596878683585, "d1": -2.743256928834249, "d2": 0.6006601851102946, "d3": -1.313569260158303, "d4": -2.0815467178113822, "p1": 4.626145262210951, "p2": 34.03525937518763, "p3": 32.88939300752466, "p4": 39.25736509763212, "pol1": 0.6673612749895155, "pol2": -0.14566515594081575, "pol3": -0.24869950234986482, "pol4": -0.34331661694467663, "v0s": 4.520140634374623}, "datetime": {"datetime": "2022-05-18 05:07:05", "elapsed": 120240.751957, "delta": 41.500003}}
{"target": 4.031284741274319, "params": {"Bgrad": 1.627887437417816, "d1": -2.281238956191146, "d2": 0.9055114037413978, "d3": -2.23511289308468, "d4": -2.5458419513530455, "p1": 3.521794842681969, "p2": 33.006285737714805, "p3": 28.714887728259818, "p4": 40.94617370779986, "pol1": 0.7050912075160978, "pol2": 0.04968015740460974, "pol3": -0.7032031016183498, "pol4": 0.7499877815401095, "v0s": 4.031284741274319}, "datetime": {"datetime": "2022-05-18 05:08:03", "elapsed": 120298.400768, "delta": 57.648811}}
{"target": 4.865580463973272, "params": {"Bgrad": 1.3786738267221885, "d1": -3.0, "d2": 1.0, "d3": -0.8607376286064913, "d4": -2.756396272410595, "p1": 37.74686184248493, "p2": 45.30261126358297, "p3": 18.4867889612172, "p4": 11.799603739582237, "pol1": 0.8903403522614479, "pol2": 0.6108080842808998, "pol3": 0.34328195290372426, "pol4": 0.04303056073552426, "v0s": 4.865580463973272}, "datetime": {"datetime": "2022-05-18 05:09:54", "elapsed": 120409.480671, "delta": 111.079903}}
{"target": 4.749939320342309, "params": {"Bgrad": 1.1428548271860235, "d1": -2.824896848462822, "d2": 1.0, "d3": -2.90697914581156, "d4": -1.0731666820928172, "p1": 5.635924188253784, "p2": 36.93158320533807, "p3": 31.17246890969933, "p4": 38.005531131254074, "pol1": 0.8100866990926868, "pol2": 0.08735234098703731, "pol3": 0.37235605168034036, "pol4": -0.3046055265813089, "v0s": 4.749939320342309}, "datetime": {"datetime": "2022-05-18 05:10:39", "elapsed": 120454.292815, "delta": 44.812144}}
{"target": -1.0, "params": {"Bgrad": 1.2903207766877882, "d1": -2.6786468432969057, "d2": 0.9606306255911337, "d3": -1.894047001813751, "d4": 0.5488213811354523, "p1": 8.300916248346073, "p2": 29.79270850006321, "p3": 40.8000380313085, "p4": 30.25584269032896, "pol1": -0.033738011291147396, "pol2": 0.6483714255899686, "pol3": -0.15536829850219136, "pol4": 0.39631956144030855, "v0s": 4.002659722176113}, "datetime": {"datetime": "2022-05-18 05:11:27", "elapsed": 120502.975607, "delta": 48.682792}}
{"target": 4.729148721569225, "params": {"Bgrad": 1.3709395220878842, "d1": -2.7695039777314485, "d2": 0.1632012594141865, "d3": -0.9221217442960126, "d4": -2.967647696101949, "p1": 32.25832100084673, "p2": 6.5279355527273815, "p3": 35.13371821707084, "p4": 28.951132533083467, "pol1": -0.39666530564789393, "pol2": 0.42313052691896624, "pol3": -0.10819002019135882, "pol4": -0.12510961348570526, "v0s": 4.729148721569225}, "datetime": {"datetime": "2022-05-18 05:12:21", "elapsed": 120557.021055, "delta": 54.045448}}
{"target": 3.784877924071108, "params": {"Bgrad": 2.0, "d1": -3.0, "d2": -2.0234371685088823, "d3": -3.0, "d4": -1.278625987020193, "p1": 27.420191108194256, "p2": 17.980244609723677, "p3": 49.68885508360218, "p4": 37.67206449235544, "pol1": 1.0, "pol2": 0.08896392180823307, "pol3": 1.0, "pol4": 1.0, "v0s": 3.784877924071108}, "datetime": {"datetime": "2022-05-18 05:13:20", "elapsed": 120615.848714, "delta": 58.827659}}
