{"target": 3.676905075657017, "params": {"Bgrad": 1.474551812820637, "d1": -0.6203236030559784, "d2": 0.28677617943275147, "d3": -1.3245703948856318, "d4": -2.4200017688479756, "p1": 7.665879127557634, "p2": 2.7098049752898534, "p3": 39.49853829257232, "p4": 47.83407295900444, "pol1": -0.8078160188722263, "pol2": 0.08324652204056138, "pol3": 0.9202185371887603, "pol4": -0.9291298890665021, "v0s": 3.676905075657017}, "datetime": {"datetime": "2022-04-30 15:46:47", "elapsed": 173719.735004, "delta": 74.423007}}
{"target": 4.506654853704529, "params": {"Bgrad": 1.7476050309918907, "d1": -2.156941594813855, "d2": 0.6158361615737107, "d3": -1.1806444380028447, "d4": -2.5683500763790934, "p1": 22.20024742114557, "p2": 24.710452458248778, "p3": 10.495132872705653, "p4": 33.44864202092533, "pol1": -0.7089634967475567, "pol2": 0.07760987747706061, "pol3": 0.4399200902342031, "pol4": -0.749599840222517, "v0s": 4.506654853704529}, "datetime": {"datetime": "2022-04-30 15:47:40", "elapsed": 173773.385552, "delta": 53.650548}}
{"target": -1.0, "params": {"Bgrad": 1.5196060377303977, "d1": -2.160423338627138, "d2": -3.0, "d3": -1.1932465524687095, "d4": -1.9637477026791068, "p1": 40.678945157748885, "p2": 12.617005013143512, "p3": 16.055615691009105, "p4": 18.601683046742046, "pol1": -0.4357997727607036, "pol2": 0.632113819233081, "pol3": 0.5319882064102831, "pol4": -0.2506739968789128, "v0s": 3.3284499376277075}, "datetime": {"datetime": "2022-04-30 15:48:25", "elapsed": 173817.889557, "delta": 44.504005}}
{"target": 2.4354915029036737, "params": {"Bgrad": 1.5140286774302503, "d1": 0.043778019529872, "d2": 0.29027086413573483, "d3": -1.013499719299357, "d4": -0.26325681862750544, "p1": 46.36174528380794, "p2": 43.17202489642037, "p3": 8.657510689307218, "p4": 12.88743922599354, "pol1": -0.6654485156218001, "pol2": 1.0, "pol3": -0.7875558371166649, "pol4": -0.38672379246886074, "v0s": 2.4354915029036737}, "datetime": {"datetime": "2022-04-30 15:49:02", "elapsed": 173855.258639, "delta": 37.369082}}
{"target": 3.4031500997442556, "params": {"Bgrad": 1.8367906267863294, "d1": -0.42667813026773116, "d2": 0.020168496064953134, "d3": -1.0928681167096628, "d4": -0.652099424369287, "p1": 26.5283126149343, "p2": 6.857642494754733, "p3": 33.08885058864805, "p4": 30.172179716925257, "pol1": -0.5582874275236527, "pol2": 0.011813602408298105, "pol3": -0.31001802674202533, "pol4": -0.8517206869441055, "v0s": 3.4031500997442556}, "datetime": {"datetime": "2022-04-30 15:49:53", "elapsed": 173906.271241, "delta": 51.012602}}
{"target": -1.0, "params": {"Bgrad": 0.8011611483830448, "d1": -2.306259318282908, "d2": -2.469591566756671, "d3": -0.5893677257440548, "d4": -2.948408373706724, "p1": 1.233387209640907, "p2": 24.55613211218253, "p3": 16.214463216150556, "p4": 42.680334144128665, "pol1": 0.5350363244634726, "pol2": 0.39655691989458774, "pol3": 0.7228141180104883, "pol4": 0.2627760069073326, "v0s": 6.377515827615291}, "datetime": {"datetime": "2022-04-30 15:51:09", "elapsed": 173982.088518, "delta": 75.817277}}
{"target": -1.0, "params": {"Bgrad": 1.466602694420046, "d1": -2.0294890358770115, "d2": -0.8181229013298377, "d3": -0.7595870057579477, "d4": -2.5324659079678526, "p1": 15.587248024180035, "p2": 18.057084096988994, "p3": 31.45543203245522, "p4": 37.070444777882635, "pol1": 0.16278757110887998, "pol2": 0.8861881114511494, "pol3": 0.6644738892380782, "pol4": -0.020743637341517962, "v0s": 3.7071712772693077}, "datetime": {"datetime": "2022-04-30 15:52:34", "elapsed": 174066.938645, "delta": 84.850127}}
{"target": -1.0, "params": {"Bgrad": 0.569929539757974, "d1": -1.7167010653049455, "d2": -2.6586701456856927, "d3": -2.809699620854365, "d4": -2.688228806548777, "p1": 36.72758595557802, "p2": 5.116840041462295, "p3": 9.181279689055167, "p4": 39.81901736350545, "pol1": -0.021242578714967264, "pol2": 0.3340045256818247, "pol3": 0.39049696843673964, "pol4": 0.7069358737966642, "v0s": 2.201729058531406}, "datetime": {"datetime": "2022-04-30 15:53:12", "elapsed": 174104.662777, "delta": 37.724132}}
{"target": -1.0, "params": {"Bgrad": 1.1811978753906363, "d1": -2.0513987895410657, "d2": 0.32484852095474537, "d3": -0.4388297269733519, "d4": -0.1282754804754478, "p1": 13.200894087061815, "p2": 13.928104228601018, "p3": 29.999827209794834, "p4": 34.2918428266613, "pol1": 0.11107213754191614, "pol2": 0.6169767404353452, "pol3": 0.47433856870829216, "pol4": -0.382709549586012, "v0s": 6.114327243641859}, "datetime": {"datetime": "2022-04-30 15:54:08", "elapsed": 174161.201603, "delta": 56.538826}}
{"target": -1.0, "params": {"Bgrad": 0.6370588580311648, "d1": -0.8759222547768788, "d2": -0.09526410400432894, "d3": -2.35730497930484, "d4": -0.42809228771876606, "p1": 11.033695922304288, "p2": 21.827420309772556, "p3": 35.14798152238395, "p4": 32.847227709107216, "pol1": 0.3017122072715357, "pol2": 0.5743625053528831, "pol3": 0.22615967200750742, "pol4": 0.8916171968042845, "v0s": 3.2097377700052965}, "datetime": {"datetime": "2022-04-30 15:54:57", "elapsed": 174209.933303, "delta": 48.7317}}
{"target": -1.0, "params": {"Bgrad": 1.8095770296468219, "d1": -2.685021147877398, "d2": -0.4265592067171138, "d3": -1.383156186027417, "d4": -1.4060901375752426, "p1": 8.387563908846419, "p2": 4.665870816670569, "p3": 29.162461656292255, "p4": 11.46136014393221, "pol1": -0.40176328068137, "pol2": -0.9593802343089652, "pol3": -0.5827072189759033, "pol4": 0.35735843860481453, "v0s": 5.009513889211933}, "datetime": {"datetime": "2022-04-30 15:55:38", "elapsed": 174250.940657, "delta": 41.007354}}
{"target": -1.0, "params": {"Bgrad": 1.4933609269397994, "d1": -0.2914291938365481, "d2": 0.03736991698530989, "d3": -2.561474225788415, "d4": -0.21138393042452153, "p1": 8.79231769233067, "p2": 36.87205471550378, "p3": 35.28199533498274, "p4": 34.76414563513337, "pol1": 0.21989917166019834, "pol2": -0.3090268564866765, "pol3": -0.16739792873581738, "pol4": 0.8657581512849437, "v0s": 3.853111373856965}, "datetime": {"datetime": "2022-04-30 15:56:25", "elapsed": 174297.751493, "delta": 46.810836}}
{"target": 5.180833914819965, "params": {"Bgrad": 1.606513004050312, "d1": -2.2903403656243935, "d2": -0.8128830502369003, "d3": -0.22631686558170602, "d4": -2.436505289087769, "p1": 27.59731787591028, "p2": 10.843971205383191, "p3": 38.11409297048619, "p4": 36.03963934853, "pol1": -0.6910719371103727, "pol2": 1.0, "pol3": -0.5200301092389966, "pol4": 0.7837000259149001, "v0s": 5.180833914819965}, "datetime": {"datetime": "2022-04-30 15:57:08", "elapsed": 174341.16242, "delta": 43.410927}}
{"target": -1.0, "params": {"Bgrad": 0.6202167190068114, "d1": -1.5788660569327697, "d2": -0.6155503319981763, "d3": -1.6821238601366861, "d4": -0.6805246339997892, "p1": 25.831585938349754, "p2": 23.64961435283041, "p3": 10.605696760738093, "p4": 38.91330097024074, "pol1": 0.2100523245584074, "pol2": 0.17433634700270395, "pol3": -0.20855696611356578, "pol4": 0.6193450677077781, "v0s": 4.591541351619398}, "datetime": {"datetime": "2022-04-30 15:58:29", "elapsed": 174422.23764, "delta": 81.07522}}
{"target": 2.8836432407036168, "params": {"Bgrad": 1.5892455093378652, "d1": -0.4034085524372361, "d2": -0.014091273243704164, "d3": -1.1422846451556983, "d4": -0.20774321219063738, "p1": 45.87474048282814, "p2": 43.21924025736747, "p3": 8.758990379586217, "p4": 13.34405693971318, "pol1": -1.0, "pol2": 1.0, "pol3": -0.3971958321915449, "pol4": -0.1161400608965126, "v0s": 2.8836432407036168}, "datetime": {"datetime": "2022-04-30 16:00:21", "elapsed": 174534.140432, "delta": 111.902792}}
{"target": -1.0, "params": {"Bgrad": 0.7356087933351756, "d1": -2.0946528182383664, "d2": -0.7115032005062814, "d3": -0.16032378773605416, "d4": 0.0965753332863808, "p1": 28.3667910265759, "p2": 45.81452910267005, "p3": 25.251704260785306, "p4": 24.47101547448744, "pol1": 0.23073270155719428, "pol2": -0.6928296832436629, "pol3": -0.14654581228169983, "pol4": 0.18792010778948187, "v0s": 5.643109741601252}, "datetime": {"datetime": "2022-04-30 16:01:01", "elapsed": 174573.703647, "delta": 39.563215}}
{"target": -1.0, "params": {"Bgrad": 0.6335281386280673, "d1": -0.5856401046765884, "d2": 0.5992246247900201, "d3": -1.1543308252187714, "d4": -0.04250764027461651, "p1": 5.441167832702315, "p2": 1.430596554159047, "p3": 41.242799681449334, "p4": 45.97911252750485, "pol1": 0.7048145244100184, "pol2": 0.6376384577380216, "pol3": -0.15945381152285432, "pol4": -0.7062382058387873, "v0s": 5.728888332725287}, "datetime": {"datetime": "2022-04-30 16:01:43", "elapsed": 174615.955673, "delta": 42.252026}}
{"target": -1.0, "params": {"Bgrad": 0.6271902120599875, "d1": -0.8292783593763251, "d2": -1.5014888374107098, "d3": -2.4824781367813555, "d4": 0.855670782911063, "p1": 45.03907949333424, "p2": 25.606692345948222, "p3": 21.56002753191157, "p4": 4.408161468979927, "pol1": -0.7545486721096621, "pol2": 0.8456191017569912, "pol3": 0.0012906607400753334, "pol4": 0.15148480051997093, "v0s": 4.647057104383187}, "datetime": {"datetime": "2022-04-30 16:03:24", "elapsed": 174717.440322, "delta": 101.484649}}
{"target": 2.543597376643043, "params": {"Bgrad": 1.9093626212996186, "d1": -2.520069011332344, "d2": -0.9279382112414081, "d3": -2.0117048328668465, "d4": 0.1698186952836087, "p1": 5.315945104097464, "p2": 13.564045123440916, "p3": 33.479273850130525, "p4": 4.182274530706898, "pol1": -0.4131084271595049, "pol2": 0.6539821068627512, "pol3": 0.12303939349070725, "pol4": 0.41197879182789454, "v0s": 2.543597376643043}, "datetime": {"datetime": "2022-04-30 16:04:31", "elapsed": 174783.962454, "delta": 66.522132}}
{"target": 4.386769629345219, "params": {"Bgrad": 1.1032538789907032, "d1": -0.8932773918128971, "d2": 0.4812277089722117, "d3": -1.681461485348418, "d4": -0.8206382997466091, "p1": 5.725567384999753, "p2": 30.654683566487726, "p3": 12.671833505268104, "p4": 20.254891737429144, "pol1": -0.9867245640762035, "pol2": 0.33367330290829766, "pol3": 0.5644127505967229, "pol4": 0.7106069346320005, "v0s": 4.386769629345219}, "datetime": {"datetime": "2022-04-30 16:05:11", "elapsed": 174823.648341, "delta": 39.685887}}
{"target": 4.119865625200819, "params": {"Bgrad": 0.8850891688711366, "d1": -0.5887971831526309, "d2": 0.2032841637097711, "d3": -2.1683515028083877, "d4": -0.14688638915689856, "p1": 5.720819422852841, "p2": 14.075685732642256, "p3": 35.32208595608407, "p4": 2.6644247992151926, "pol1": 0.31557448172153824, "pol2": -0.9193417562558293, "pol3": -0.5177773386417095, "pol4": 0.4940134563900176, "v0s": 4.119865625200819}, "datetime": {"datetime": "2022-04-30 16:05:43", "elapsed": 174856.478559, "delta": 32.830218}}
{"target": 4.172548264146998, "params": {"Bgrad": 1.7792149692368273, "d1": -2.175552392584253, "d2": 0.8311622855224008, "d3": -0.7781353813658134, "d4": 0.6667842562578143, "p1": 24.841816226624964, "p2": 29.739348837244584, "p3": 26.652523867069462, "p4": 1.5173258218482255, "pol1": -0.725199343881106, "pol2": 0.3026850722697654, "pol3": 0.6938399141984566, "pol4": 0.9757221213505176, "v0s": 4.172548264146998}, "datetime": {"datetime": "2022-04-30 16:06:25", "elapsed": 174898.142158, "delta": 41.663599}}
{"target": -1.0, "params": {"Bgrad": 1.8564715134756051, "d1": -2.9656620726281155, "d2": -0.5691184035109931, "d3": -2.2979872574915197, "d4": -1.0719749897482154, "p1": 7.850343815366339, "p2": 35.286887727462, "p3": 34.27038004239931, "p4": 35.157372744949846, "pol1": 0.6238206924710834, "pol2": 0.2593348038561223, "pol3": -0.07582671479827341, "pol4": 0.7136991158237989, "v0s": 5.3384069950547985}, "datetime": {"datetime": "2022-04-30 16:07:13", "elapsed": 174945.782775, "delta": 47.640617}}
{"target": 4.4902759079653976, "params": {"Bgrad": 1.3022409113382134, "d1": -1.1845140038639639, "d2": 0.3678896067652445, "d3": -0.32822232766152704, "d4": -2.823379340577034, "p1": 39.52072137751669, "p2": 40.66570150089225, "p3": 31.51594993404164, "p4": 37.449882451253565, "pol1": -0.07706245794793554, "pol2": 0.27552528573899177, "pol3": 0.3503652492237403, "pol4": 0.23980115798251309, "v0s": 4.4902759079653976}, "datetime": {"datetime": "2022-04-30 16:08:08", "elapsed": 175001.296342, "delta": 55.513567}}
{"target": 3.348614549920948, "params": {"Bgrad": 1.6957802647758848, "d1": -2.8326250434970586, "d2": -0.6079870804850765, "d3": -0.06165438207229381, "d4": -0.20585795784288202, "p1": 44.8255551980974, "p2": 42.65067315427178, "p3": 49.402842100002175, "p4": 32.048499587205455, "pol1": -0.7276626877894663, "pol2": 0.7260237506661135, "pol3": 0.10267300127750068, "pol4": 0.9774899470563276, "v0s": 3.348614549920948}, "datetime": {"datetime": "2022-04-30 16:09:08", "elapsed": 175061.130357, "delta": 59.834015}}
{"target": 4.296966296926399, "params": {"Bgrad": 1.056215188966002, "d1": 0.16423692553407765, "d2": 0.8154690757249128, "d3": -2.6133013864071835, "d4": -0.615735013446328, "p1": 11.749530370807104, "p2": 28.439036929031786, "p3": 16.559019561633686, "p4": 3.609629574201451, "pol1": -0.07582737738799605, "pol2": 0.049109064508772615, "pol3": 0.7250386810530993, "pol4": 0.07450398324336205, "v0s": 4.296966296926399}, "datetime": {"datetime": "2022-04-30 16:09:50", "elapsed": 175103.398341, "delta": 42.267984}}
{"target": -1.0, "params": {"Bgrad": 0.9185871662837886, "d1": -1.4491325916499878, "d2": -0.3933491315395372, "d3": -0.6674105979915397, "d4": 0.045160905616918434, "p1": 48.33277948879581, "p2": 42.56737555979263, "p3": 7.988506439636484, "p4": 22.425323801843838, "pol1": 0.33189301143649974, "pol2": 0.3457593974767723, "pol3": 0.7938605471945337, "pol4": -0.11527155643561549, "v0s": 3.614028929650064}, "datetime": {"datetime": "2022-04-30 16:10:43", "elapsed": 175156.249029, "delta": 52.850688}}
{"target": 3.304130559087206, "params": {"Bgrad": 1.6785101004691454, "d1": -1.1898789034613, "d2": -2.4519331319330413, "d3": -2.152000490948488, "d4": -1.7729328526034474, "p1": 28.256806796610494, "p2": 9.512420408895565, "p3": 8.40063353727889, "p4": 47.300053697945664, "pol1": -0.4619170440104182, "pol2": 0.9881675226769779, "pol3": 0.8994129263677878, "pol4": 0.5453392536013884, "v0s": 3.304130559087206}, "datetime": {"datetime": "2022-04-30 16:11:24", "elapsed": 175196.73677, "delta": 40.487741}}
{"target": -1.0, "params": {"Bgrad": 0.5626364015665152, "d1": -1.240241286127147, "d2": -0.7213693744768017, "d3": -1.9350973189015481, "d4": -0.5408569692214971, "p1": 8.205136217681176, "p2": 37.62128616171747, "p3": 33.93827923241071, "p4": 9.130158048322478, "pol1": -0.512771901837878, "pol2": -0.03576879602276861, "pol3": 0.03366221963084515, "pol4": 0.1526335457515493, "v0s": 5.218859111982704}, "datetime": {"datetime": "2022-04-30 16:12:57", "elapsed": 175289.608449, "delta": 92.871679}}
{"target": 4.062890113889192, "params": {"Bgrad": 1.5049542697541423, "d1": -2.864380005642037, "d2": -2.204223835749962, "d3": -2.5197773217370663, "d4": -2.1005887042663374, "p1": 0.025099916358173324, "p2": 32.23949765967733, "p3": 23.307593651537058, "p4": 22.236220605858275, "pol1": -0.970616516140838, "pol2": 0.6834734939230107, "pol3": 0.031660547578163944, "pol4": -0.7843584260478991, "v0s": 4.062890113889192}, "datetime": {"datetime": "2022-04-30 16:13:49", "elapsed": 175342.029285, "delta": 52.420836}}
{"target": 2.6860846917598384, "params": {"Bgrad": 1.4424472589021138, "d1": -0.13620558477852288, "d2": 0.29484519058936126, "d3": -2.0720259467281026, "d4": -1.8892098665437917, "p1": 4.807971645211013, "p2": 19.810122856528555, "p3": 14.092601879391966, "p4": 25.551087268151598, "pol1": -0.23509355235444987, "pol2": 0.6285174740538555, "pol3": 0.4308231426647731, "pol4": 0.647974664950208, "v0s": 2.6860846917598384}, "datetime": {"datetime": "2022-04-30 16:14:43", "elapsed": 175396.445785, "delta": 54.4165}}
{"target": -1.0, "params": {"Bgrad": 1.9030998254871603, "d1": -0.3032095654680318, "d2": -0.8378838299755467, "d3": -2.282608821720796, "d4": -1.4335227916042461, "p1": 21.729733836625737, "p2": 24.1516028921333, "p3": 40.539905049758865, "p4": 46.840305597662365, "pol1": 0.8148376292879853, "pol2": 0.4519613963592253, "pol3": -0.3896175730509881, "pol4": -0.638035874173555, "v0s": 4.6772819124174765}, "datetime": {"datetime": "2022-04-30 16:16:11", "elapsed": 175483.666573, "delta": 87.220788}}
{"target": -1.0, "params": {"Bgrad": 1.1068909931781186, "d1": -2.9556768881682305, "d2": -0.3257050925652343, "d3": -1.5210423995845987, "d4": -0.9533943898008235, "p1": 14.031033848624908, "p2": 40.0408647026906, "p3": 2.5012597303173347, "p4": 29.695531481724398, "pol1": 0.7963040047733962, "pol2": -0.931345757227271, "pol3": -0.5934384409202902, "pol4": 0.9808309196180574, "v0s": 4.667935826813111}, "datetime": {"datetime": "2022-04-30 16:17:13", "elapsed": 175546.47663, "delta": 62.810057}}
{"target": -1.0, "params": {"Bgrad": 0.9734733716954375, "d1": -1.0058165117129079, "d2": -1.6729421081710316, "d3": -1.4098999699109211, "d4": -0.34719465346902245, "p1": 10.148084040337114, "p2": 2.4941369054481575, "p3": 43.86898690959914, "p4": 47.76703830807658, "pol1": 0.03558319467398152, "pol2": 0.40944935049148534, "pol3": 0.20444730658684374, "pol4": 0.2509715000993522, "v0s": 3.8742128299109533}, "datetime": {"datetime": "2022-04-30 16:17:53", "elapsed": 175585.911189, "delta": 39.434559}}
{"target": -1.0, "params": {"Bgrad": 1.8668141893387833, "d1": -2.1744274139871838, "d2": 0.7018419382915693, "d3": -0.002099187140273351, "d4": -1.6775891084414254, "p1": 5.876028743927453, "p2": 14.841733127960326, "p3": 35.13003058324825, "p4": 4.4308377129804954, "pol1": -0.12808082694205858, "pol2": -0.9720536162908577, "pol3": 0.3896981131310977, "pol4": -0.07699495624312469, "v0s": 5.246159984856552}, "datetime": {"datetime": "2022-04-30 16:19:55", "elapsed": 175708.170291, "delta": 122.259102}}
{"target": -1.0, "params": {"Bgrad": 1.980345722341157, "d1": 0.9903931538161177, "d2": -0.043598368617530525, "d3": -1.590433361662945, "d4": -1.2364734540553477, "p1": 24.04567003833739, "p2": 6.8240947864841806, "p3": 31.4135155519792, "p4": 26.969944976858322, "pol1": 0.3334656065610069, "pol2": 0.14471776463201924, "pol3": 0.8452597660045602, "pol4": 0.011586389947392473, "v0s": 4.063736726289315}, "datetime": {"datetime": "2022-04-30 16:20:45", "elapsed": 175757.851452, "delta": 49.681161}}
{"target": 5.081655851433456, "params": {"Bgrad": 1.242078332559812, "d1": -2.028177366559627, "d2": 0.1153131683658879, "d3": -1.2248980782269943, "d4": -2.455864264143175, "p1": 7.607235509569127, "p2": 13.9037846846415, "p3": 35.314847171700976, "p4": 3.7377761451240223, "pol1": 0.09477243306234917, "pol2": -0.7029573816437367, "pol3": 0.2828944442646417, "pol4": -0.28572016799912525, "v0s": 5.081655851433456}, "datetime": {"datetime": "2022-04-30 16:21:38", "elapsed": 175811.495019, "delta": 53.643567}}
{"target": 3.9108024782765494, "params": {"Bgrad": 1.701514196281591, "d1": -2.2694674015874132, "d2": -2.960384073120892, "d3": -1.1262706781572838, "d4": -1.8802492222874592, "p1": 41.29059036538959, "p2": 12.171863679386746, "p3": 16.634980362708735, "p4": 18.81161324621927, "pol1": -0.6430402868843209, "pol2": 0.9185930519531539, "pol3": 0.16255538345362872, "pol4": 0.5265113303738062, "v0s": 3.9108024782765494}, "datetime": {"datetime": "2022-04-30 16:22:49", "elapsed": 175882.250831, "delta": 70.755812}}
{"target": 5.5207960577256046, "params": {"Bgrad": 0.8622586887885035, "d1": -2.655506925908165, "d2": 0.6611396905597817, "d3": -1.1195899871774753, "d4": 0.15719475511875247, "p1": 24.375175200874526, "p2": 29.298981515663836, "p3": 24.319319750244954, "p4": 3.8606151499133325, "pol1": -0.8042844060298127, "pol2": 0.06973418671666232, "pol3": 0.12209854639536455, "pol4": 0.3702115233822234, "v0s": 5.5207960577256046}, "datetime": {"datetime": "2022-04-30 16:24:10", "elapsed": 175962.722664, "delta": 80.471833}}
{"target": 3.535918446668595, "params": {"Bgrad": 1.412500535156889, "d1": -1.940161639992337, "d2": -0.5669231092881718, "d3": -1.8864027298862613, "d4": 0.15151991534605755, "p1": 14.90620466726986, "p2": 13.92995875751327, "p3": 28.513356522296192, "p4": 33.722707161611226, "pol1": -0.19986233444162552, "pol2": 0.40071869357557804, "pol3": -0.1927775291972939, "pol4": -0.03243509075576068, "v0s": 3.535918446668595}, "datetime": {"datetime": "2022-04-30 16:25:30", "elapsed": 176042.69583, "delta": 79.973166}}
{"target": -1.0, "params": {"Bgrad": 1.7047740496300667, "d1": -1.8657321920642578, "d2": -1.5660273678081165, "d3": -0.26955705496937465, "d4": -0.8716903139546703, "p1": 26.828005165129237, "p2": 5.783628171545946, "p3": 33.25787583199329, "p4": 30.41071851012221, "pol1": 0.26151646531044825, "pol2": -0.886621734131477, "pol3": -0.5079875481274865, "pol4": -0.011398846713586153, "v0s": 3.2065893180961105}, "datetime": {"datetime": "2022-04-30 16:27:33", "elapsed": 176166.270414, "delta": 123.574584}}
{"target": -1.0, "params": {"Bgrad": 1.5732038897622682, "d1": -2.4643380964803017, "d2": -0.2475020088144433, "d3": -1.0495102286399773, "d4": -0.018516553376747513, "p1": 9.013117889379357, "p2": 5.40165350484294, "p3": 26.84824101377753, "p4": 10.654306587193286, "pol1": -0.9037775870707694, "pol2": -0.21386324939865342, "pol3": -0.013661680905343143, "pol4": -0.191894825178488, "v0s": 5.586572879001372}, "datetime": {"datetime": "2022-04-30 16:28:26", "elapsed": 176218.88972, "delta": 52.619306}}
{"target": -1.0, "params": {"Bgrad": 0.5325113888113366, "d1": -1.5322489559715153, "d2": -0.6911233149751856, "d3": -1.5712852850295578, "d4": -0.24906025121531083, "p1": 24.043220153588656, "p2": 29.59414719681851, "p3": 27.50809917644984, "p4": 3.9586277278755686, "pol1": 0.7830627927992995, "pol2": -0.8021324679297439, "pol3": -0.9407319021044747, "pol4": -0.26022078350450784, "v0s": 3.067138278320515}, "datetime": {"datetime": "2022-04-30 16:29:06", "elapsed": 176259.072279, "delta": 40.182559}}
