{"target": 2.87755071994704, "params": {"Bgrad": 1.2503415069263544, "d1": -0.620485060520799, "d2": -0.40358595557131594, "d3": -0.5850545427040861, "d4": -0.6130899747046934, "p1": 35.087136988505016, "p2": 9.258279650518315, "p3": 7.158194265672408, "p4": 29.934529981098628, "pol1": -0.9320168480099622, "pol2": 0.48184495973161545, "pol3": -0.61563621675946, "pol4": -0.1261528349555201, "v0s": 2.87755071994704}, "datetime": {"datetime": "2022-05-16 21:46:54", "elapsed": 7429.669041, "delta": 7.162842}}
{"target": 4.373939101693908, "params": {"Bgrad": 1.1081192360092753, "d1": -2.4277902037200447, "d2": -2.4137013607282722, "d3": -2.019053181301026, "d4": -0.537835867868922, "p1": 21.144388296874588, "p2": 18.127487799370474, "p3": 28.697831022117008, "p4": 48.14229936152373, "pol1": 0.5884293478417937, "pol2": 0.5372957130620561, "pol3": 0.36529973888007955, "pol4": -0.3185759336917996, "v0s": 4.373939101693908}, "datetime": {"datetime": "2022-05-16 21:47:04", "elapsed": 7439.850808, "delta": 10.181767}}
{"target": 5.652925612799174, "params": {"Bgrad": 1.2697274823332632, "d1": -2.3498650527990703, "d2": -0.440636401598087, "d3": -0.2829832641786651, "d4": -0.7359428101807179, "p1": 11.731761604208279, "p2": 24.777777645723457, "p3": 41.847778014135336, "p4": 27.919429757747807, "pol1": 0.6055193939353247, "pol2": -0.19986672718959897, "pol3": 0.5334704264170941, "pol4": 0.18018619892161572, "v0s": 5.652925612799174}, "datetime": {"datetime": "2022-05-16 21:47:14", "elapsed": 7449.647606, "delta": 9.796798}}
{"target": 4.817219799037199, "params": {"Bgrad": 1.1048718787444858, "d1": -1.4290986284595841, "d2": 1.0, "d3": -2.6866046469699616, "d4": -3.0, "p1": 29.81232151299851, "p2": 11.239949575075315, "p3": 37.77880053540868, "p4": 28.593276424374178, "pol1": 0.04999181860891828, "pol2": -0.6311976498738407, "pol3": -0.4320810489099837, "pol4": -0.2147117201096844, "v0s": 4.817219799037199}, "datetime": {"datetime": "2022-05-16 21:47:24", "elapsed": 7459.393539, "delta": 9.745933}}
{"target": 3.2651583889776132, "params": {"Bgrad": 0.7632977737532187, "d1": -0.1004155862510907, "d2": -1.0189190457222832, "d3": -2.2361573891223463, "d4": -0.11243570641722078, "p1": 13.665262954746304, "p2": 5.630336832250032, "p3": 8.171231271926654, "p4": 37.30866308047711, "pol1": 0.5793520416632039, "pol2": 0.7073797381813096, "pol3": 0.6837782559251666, "pol4": 0.5441794993371318, "v0s": 3.2651583889776132}, "datetime": {"datetime": "2022-05-16 21:47:28", "elapsed": 7463.842639, "delta": 4.4491}}
{"target": 4.49581695576132, "params": {"Bgrad": 1.91108966192274, "d1": -2.479519216029342, "d2": 0.02671984167284469, "d3": -0.10059616018127215, "d4": -0.9067463693828692, "p1": 45.14885650851675, "p2": 23.227793877696396, "p3": 25.936655047609296, "p4": 12.60025696694435, "pol1": -0.014945181063945157, "pol2": 0.15907361830088584, "pol3": 0.18938692080867736, "pol4": 0.5187608601201135, "v0s": 4.49581695576132}, "datetime": {"datetime": "2022-05-16 21:47:36", "elapsed": 7471.419374, "delta": 7.576735}}
{"target": 3.7300238385806757, "params": {"Bgrad": 1.2194872583853624, "d1": -1.7055923609209525, "d2": 0.5133516136192067, "d3": -2.2890478116198407, "d4": -1.0426811758383512, "p1": 7.1889622649343625, "p2": 36.43154760570276, "p3": 35.18050329156609, "p4": 35.64290206858796, "pol1": -0.04854818117291499, "pol2": 0.4417013117109172, "pol3": 0.5194104357772809, "pol4": -0.1333978446957927, "v0s": 3.7300238385806757}, "datetime": {"datetime": "2022-05-16 21:47:44", "elapsed": 7479.804946, "delta": 8.385572}}
{"target": 5.040489934410619, "params": {"Bgrad": 1.1919657587576837, "d1": -2.305074315377409, "d2": -0.062377086449523424, "d3": -0.5467190641709386, "d4": 0.18871282012089732, "p1": 12.017489869274051, "p2": 24.032972368652093, "p3": 42.356124286882974, "p4": 28.189485586787498, "pol1": 0.46416717933435475, "pol2": -0.11265458015505557, "pol3": 0.06092901603787692, "pol4": 0.5303688908445865, "v0s": 5.040489934410619}, "datetime": {"datetime": "2022-05-16 21:47:51", "elapsed": 7487.153292, "delta": 7.348346}}
{"target": 3.0773495773431727, "params": {"Bgrad": 1.0305328071306634, "d1": -2.842566362284421, "d2": 0.6783742335151564, "d3": -0.09562959036174457, "d4": -1.1028958968127656, "p1": 30.132052989446034, "p2": 6.9767238543037955, "p3": 8.224613760960336, "p4": 24.090954633090924, "pol1": -0.04600081395851929, "pol2": -0.4520964321005847, "pol3": 0.008567352424525332, "pol4": -0.7207720946410436, "v0s": 3.0773495773431727}, "datetime": {"datetime": "2022-05-16 21:48:01", "elapsed": 7496.462394, "delta": 9.309102}}
{"target": 3.88053696419121, "params": {"Bgrad": 0.6714848468333015, "d1": -1.4507269902697364, "d2": 0.20924049248684112, "d3": -1.445734020199919, "d4": -2.4859249296657615, "p1": 10.969960342829744, "p2": 16.362526190036327, "p3": 6.718606479851433, "p4": 30.142584026687327, "pol1": 0.321188236197652, "pol2": 0.08432721576967551, "pol3": -0.676443673572976, "pol4": 0.19242936908714245, "v0s": 3.88053696419121}, "datetime": {"datetime": "2022-05-16 21:48:07", "elapsed": 7502.751573, "delta": 6.289179}}
{"target": 4.354168233029348, "params": {"Bgrad": 1.4649299911935787, "d1": -2.479048676371152, "d2": 0.4332824885535817, "d3": -0.723458528837878, "d4": -2.506304147866062, "p1": 41.94333200205296, "p2": 23.908613150782408, "p3": 16.977482849980657, "p4": 13.767661156842856, "pol1": -0.31075043386378565, "pol2": 0.43419491025715856, "pol3": 0.048221055555971545, "pol4": 0.20314867020713406, "v0s": 4.354168233029348}, "datetime": {"datetime": "2022-05-16 21:48:16", "elapsed": 7511.553032, "delta": 8.801459}}
{"target": 3.589664314217055, "params": {"Bgrad": 1.032362166525361, "d1": -1.2346021886031373, "d2": 0.9202823590855784, "d3": -1.3384892034838272, "d4": -0.9679431979001163, "p1": 44.23709756008033, "p2": 17.968489748868382, "p3": 27.07982366705592, "p4": 12.124277454847105, "pol1": 0.9456862572837332, "pol2": 0.8417946124877245, "pol3": -0.6967832516310828, "pol4": 0.6696425782646145, "v0s": 3.589664314217055}, "datetime": {"datetime": "2022-05-16 21:48:23", "elapsed": 7518.467538, "delta": 6.914506}}
{"target": 3.604300691367432, "params": {"Bgrad": 1.0101409129596646, "d1": -1.9537524141603697, "d2": -0.437416111774732, "d3": 0.9943542132998691, "d4": -0.6748160174117509, "p1": 34.6862868516208, "p2": 9.364658548181017, "p3": 7.499699290263482, "p4": 28.62625414149634, "pol1": -0.03626690525895361, "pol2": -0.08045117726028773, "pol3": -0.5175921458001684, "pol4": -0.23742028813031066, "v0s": 3.604300691367432}, "datetime": {"datetime": "2022-05-16 21:48:32", "elapsed": 7527.309889, "delta": 8.842351}}
{"target": -1.0, "params": {"Bgrad": 0.9411961467854991, "d1": -2.493636500618149, "d2": -1.0290790995102976, "d3": 1.0, "d4": -0.5390610652042118, "p1": 34.89781609927173, "p2": 8.834052116137551, "p3": 7.85782091773836, "p4": 28.64794534881303, "pol1": 1.0, "pol2": 0.23466782382841034, "pol3": -1.0, "pol4": 0.15759398366058652, "v0s": 4.66143758151745}, "datetime": {"datetime": "2022-05-16 21:48:46", "elapsed": 7541.632581, "delta": 14.322692}}
{"target": 4.195900334606142, "params": {"Bgrad": 1.094114945316294, "d1": -1.536713368224359, "d2": 0.3295316789078282, "d3": -1.287635978137526, "d4": -1.5481248663355174, "p1": 1.5564098372260782, "p2": 31.555450335007837, "p3": 16.137824238054016, "p4": 11.897176652328909, "pol1": -0.28347897833949826, "pol2": -0.22131223592839022, "pol3": -0.7415393006788568, "pol4": 1.0, "v0s": 4.195900334606142}, "datetime": {"datetime": "2022-05-16 21:48:53", "elapsed": 7548.700676, "delta": 7.068095}}
{"target": 4.217227744260024, "params": {"Bgrad": 1.5439292016844097, "d1": -1.4775161317423382, "d2": 0.5389792892281725, "d3": -0.7857713012506062, "d4": -2.429453576346105, "p1": 44.643352521820596, "p2": 20.61948422476643, "p3": 26.282728343670897, "p4": 12.431776499274594, "pol1": 0.08963646673735248, "pol2": -0.3119466275735313, "pol3": -0.0051702067722426606, "pol4": 0.3898352194880759, "v0s": 4.217227744260024}, "datetime": {"datetime": "2022-05-16 21:49:00", "elapsed": 7556.154739, "delta": 7.454063}}
{"target": 2.8163604966034512, "params": {"Bgrad": 1.5333472946046465, "d1": -0.231363309240197, "d2": 0.6692231712973338, "d3": -2.7357415457662735, "d4": -0.4057829919221847, "p1": 6.971427381003393, "p2": 35.681105381495534, "p3": 36.80168903059371, "p4": 31.165621726849764, "pol1": 0.22100037479951773, "pol2": 0.8257733980944781, "pol3": -0.49023110155172067, "pol4": 0.810752328539768, "v0s": 2.8163604966034512}, "datetime": {"datetime": "2022-05-16 21:49:06", "elapsed": 7561.69891, "delta": 5.544171}}
{"target": -1.0, "params": {"Bgrad": 1.3889551422344775, "d1": -2.942670778560971, "d2": -0.2636086890388291, "d3": 0.7667515406058495, "d4": -1.8572193357781128, "p1": 34.655550861778956, "p2": 9.811474895334035, "p3": 7.4553322948554985, "p4": 28.634960804194726, "pol1": 0.12840537899706267, "pol2": -0.24981634216331486, "pol3": -0.2783741837843481, "pol4": -0.702075060142029, "v0s": 3.9660840454722894}, "datetime": {"datetime": "2022-05-16 21:49:33", "elapsed": 7588.756542, "delta": 27.057632}}
{"target": 4.231741390824009, "params": {"Bgrad": 1.6813157766713887, "d1": -1.348608904039971, "d2": -0.3116941101128181, "d3": -0.7122029742093279, "d4": -2.8184304321636624, "p1": 41.78055794021732, "p2": 22.753187766512017, "p3": 17.204593816221664, "p4": 12.456227342356685, "pol1": -0.5333437373755219, "pol2": -0.19475890882066538, "pol3": -0.3202268391300378, "pol4": -0.033446865496079115, "v0s": 4.231741390824009}, "datetime": {"datetime": "2022-05-16 21:49:41", "elapsed": 7596.584605, "delta": 7.828063}}
{"target": 3.944045015290305, "params": {"Bgrad": 1.2430844679055557, "d1": -1.0675839447992441, "d2": 0.7609931074461658, "d3": -1.2176851390450478, "d4": -1.5362948453395684, "p1": 39.33682597568378, "p2": 19.894993481267974, "p3": 14.53929882864799, "p4": 14.861717937170422, "pol1": 0.6609405680152394, "pol2": 0.7682636413668871, "pol3": 0.04900691078725772, "pol4": 0.11992719955665976, "v0s": 3.944045015290305}, "datetime": {"datetime": "2022-05-16 21:49:50", "elapsed": 7605.530677, "delta": 8.946072}}
{"target": 5.077565157483157, "params": {"Bgrad": 1.6038304794872043, "d1": -2.814993651324712, "d2": -0.05351919600063404, "d3": -2.1844083597595296, "d4": -0.27125115330653093, "p1": 32.3505619129119, "p2": 6.472387021977272, "p3": 6.956526786301071, "p4": 23.999647768286387, "pol1": 0.3671924307614307, "pol2": -0.4545773677609384, "pol3": 0.4251996113013048, "pol4": -0.7246423732979299, "v0s": 5.077565157483157}, "datetime": {"datetime": "2022-05-16 21:49:58", "elapsed": 7613.575161, "delta": 8.044484}}
{"target": 4.204927281688143, "params": {"Bgrad": 1.1914462677988582, "d1": -1.300658011203331, "d2": 0.0020275676880689986, "d3": -2.1909593172962953, "d4": -2.2624514083580407, "p1": 30.90848688355074, "p2": 10.83399467616587, "p3": 36.011961231760935, "p4": 26.373004258598236, "pol1": 0.8079407589696372, "pol2": -0.3899578397721226, "pol3": 0.46709754760105304, "pol4": -0.06552847604174294, "v0s": 4.204927281688143}, "datetime": {"datetime": "2022-05-16 21:50:07", "elapsed": 7622.600024, "delta": 9.024863}}
{"target": 4.22733048495459, "params": {"Bgrad": 0.8434032215794176, "d1": -0.6409209577012598, "d2": 0.4131596915746133, "d3": -3.0, "d4": -2.8409440625021745, "p1": 28.92788864976468, "p2": 10.020531930757402, "p3": 37.315752189175896, "p4": 29.06934037383983, "pol1": 0.27403174341429903, "pol2": 0.30963852576654205, "pol3": -0.5566250142608294, "pol4": -0.35653976458539544, "v0s": 4.22733048495459}, "datetime": {"datetime": "2022-05-16 21:50:14", "elapsed": 7629.293122, "delta": 6.693098}}
{"target": 3.802258103368123, "params": {"Bgrad": 1.2297622600801235, "d1": -1.6522506930577383, "d2": 0.6168458612956769, "d3": -2.425297879260272, "d4": -2.2023584728506247, "p1": 31.111701625783006, "p2": 11.165265556850958, "p3": 37.28928108361525, "p4": 26.875650528319696, "pol1": 0.5700544039271865, "pol2": -0.10008732202557824, "pol3": -0.3385979144828151, "pol4": 0.12474335474867952, "v0s": 3.802258103368123}, "datetime": {"datetime": "2022-05-16 21:50:20", "elapsed": 7635.637153, "delta": 6.344031}}
{"target": -1.0, "params": {"Bgrad": 0.5, "d1": -0.975297342196277, "d2": -0.6943398022642452, "d3": -2.2094160226285537, "d4": 0.14251621100001058, "p1": 13.745527648270073, "p2": 5.323785909830284, "p3": 7.390838008967841, "p4": 37.10400492876222, "pol1": 0.049235221676772516, "pol2": -0.3774540647077889, "pol3": 0.8824951744980379, "pol4": -0.043129934940524986, "v0s": 2.4588886825217773}, "datetime": {"datetime": "2022-05-16 21:50:26", "elapsed": 7641.357853, "delta": 5.7207}}
{"target": 3.9050061169665167, "params": {"Bgrad": 1.3411673794573113, "d1": -2.613522924368643, "d2": 0.6529168515559891, "d3": -1.6107156751847855, "d4": -1.0171854065346126, "p1": 27.09180450678094, "p2": 26.762262400110185, "p3": 3.96586213448617, "p4": 44.197436300905736, "pol1": 0.5428925645826633, "pol2": 0.1667455709609856, "pol3": -0.06969634215371838, "pol4": -0.10054782001103853, "v0s": 3.9050061169665167}, "datetime": {"datetime": "2022-05-16 21:50:34", "elapsed": 7649.395355, "delta": 8.037502}}
{"target": 4.827171362899798, "params": {"Bgrad": 0.6204350540718482, "d1": -1.72573926564209, "d2": 0.16291270687008483, "d3": -0.7920628133980248, "d4": -0.7142870591051662, "p1": 0.7272038189096, "p2": 31.391697499250785, "p3": 16.94367191197494, "p4": 11.4456357065472, "pol1": -0.041459043556107626, "pol2": 0.09622335084513893, "pol3": -0.17490190936960295, "pol4": 1.0, "v0s": 4.827171362899798}, "datetime": {"datetime": "2022-05-16 21:50:39", "elapsed": 7655.105084, "delta": 5.709729}}
{"target": -1.0, "params": {"Bgrad": 0.9059055179175157, "d1": -2.553910540348881, "d2": 0.20434376043939384, "d3": 0.08876604458782955, "d4": -1.5447379661359646, "p1": 42.22330363255372, "p2": 23.803649853661724, "p3": 17.30781932640576, "p4": 13.070099495358622, "pol1": -0.9888249160915581, "pol2": 0.6837086033943562, "pol3": -0.7920675053171125, "pol4": -0.4240020622636289, "v0s": 6.610162354850653}, "datetime": {"datetime": "2022-05-16 21:50:50", "elapsed": 7665.449417, "delta": 10.344333}}
{"target": 4.110088913202805, "params": {"Bgrad": 0.9760779570618945, "d1": -1.7968108759848151, "d2": 0.8274368206111071, "d3": -1.811503996898396, "d4": -2.1326685190001307, "p1": 10.999815639579818, "p2": 15.252921907547929, "p3": 7.398991432029361, "p4": 29.846021107155423, "pol1": -0.4675397838843913, "pol2": -0.4064977836790018, "pol3": 0.06638878267125414, "pol4": 0.5840616232731031, "v0s": 4.110088913202805}, "datetime": {"datetime": "2022-05-16 21:50:59", "elapsed": 7674.889169, "delta": 9.439752}}
{"target": 4.323059954519603, "params": {"Bgrad": 1.9556899210833354, "d1": -1.3350119843945745, "d2": 0.7809383300270007, "d3": -2.0332989999682805, "d4": -1.085267527517527, "p1": 27.96693524840268, "p2": 10.200483811495747, "p3": 38.26475718103707, "p4": 32.5548606594338, "pol1": 0.8428727032577865, "pol2": -0.7758340891118958, "pol3": -0.6463415682165667, "pol4": -0.573874141285456, "v0s": 4.323059954519603}, "datetime": {"datetime": "2022-05-16 21:51:09", "elapsed": 7684.507444, "delta": 9.618275}}
{"target": -1.0, "params": {"Bgrad": 1.3746647525275209, "d1": -2.1799200630418203, "d2": 0.18454746823542179, "d3": -0.3697902015955874, "d4": -2.718850803467976, "p1": 10.31717305790703, "p2": 14.793453781433325, "p3": 9.13060104265706, "p4": 30.52066814973819, "pol1": -0.13989626137522904, "pol2": 0.10114310501663981, "pol3": 0.8238404795584655, "pol4": -0.750281533318311, "v0s": 2.7520516732259788}, "datetime": {"datetime": "2022-05-16 21:51:20", "elapsed": 7695.505029, "delta": 10.997585}}
{"target": 5.489678877593786, "params": {"Bgrad": 1.9759302871055777, "d1": -2.759649305202756, "d2": 0.7663823544908173, "d3": -0.23553188868473063, "d4": -2.1508017901463896, "p1": 30.36020582368565, "p2": 12.346252700099797, "p3": 38.18238723456494, "p4": 27.39024850258687, "pol1": 0.4539450068714601, "pol2": -0.6708073768895386, "pol3": -0.9826809504256588, "pol4": -0.5101158036160645, "v0s": 5.489678877593786}, "datetime": {"datetime": "2022-05-16 21:51:30", "elapsed": 7706.027885, "delta": 10.522856}}
{"target": 5.4222694895891825, "params": {"Bgrad": 1.3425912977687067, "d1": -1.544388943370052, "d2": -0.10699755727046951, "d3": -0.5171708460638936, "d4": -2.327864997742003, "p1": 7.956607188878104, "p2": 35.699581768229315, "p3": 41.844812337530264, "p4": 32.97550111669788, "pol1": -0.6251489923408136, "pol2": -0.6476281054859684, "pol3": -0.3047187532630542, "pol4": 0.6932792954834517, "v0s": 5.4222694895891825}, "datetime": {"datetime": "2022-05-16 21:51:40", "elapsed": 7715.482597, "delta": 9.454712}}
{"target": -1.0, "params": {"Bgrad": 1.1950929907825452, "d1": -1.3870532144050545, "d2": 0.43589696868646, "d3": -2.6838353287083163, "d4": -0.45715620159192394, "p1": 28.171304837773693, "p2": 25.824333650363307, "p3": 1.7961895310326437, "p4": 44.80465178046041, "pol1": -0.6913990938363737, "pol2": 0.6831641234634926, "pol3": 0.259120848099919, "pol4": 0.6965651117609102, "v0s": 5.504992555535177}, "datetime": {"datetime": "2022-05-16 21:51:55", "elapsed": 7730.32091, "delta": 14.838313}}
{"target": -1.0, "params": {"Bgrad": 0.7647186513042329, "d1": -0.6587957111656504, "d2": 0.3952007105868476, "d3": -0.8911840960822777, "d4": -2.7431537829014903, "p1": 43.43179456241203, "p2": 22.98202818944393, "p3": 27.171260254707946, "p4": 11.905812751571698, "pol1": -0.017373464658611892, "pol2": 0.36371133169480196, "pol3": 0.027736493215279934, "pol4": 0.5782118142636221, "v0s": 5.6023622911370206}, "datetime": {"datetime": "2022-05-16 21:52:03", "elapsed": 7738.327495, "delta": 8.006585}}
{"target": 5.428134632341982, "params": {"Bgrad": 1.7113848125663649, "d1": -1.5185881661638123, "d2": 0.6982919823273117, "d3": -0.7916086976669402, "d4": -1.047600725773138, "p1": 0.9127843477718717, "p2": 31.798632558267023, "p3": 16.715496098613425, "p4": 11.527443655408437, "pol1": -0.3819973993645295, "pol2": -0.20979433327126906, "pol3": -0.26435942909804827, "pol4": 1.0, "v0s": 5.428134632341982}, "datetime": {"datetime": "2022-05-16 21:52:12", "elapsed": 7747.531877, "delta": 9.204382}}
{"target": -1.0, "params": {"Bgrad": 1.1420858658365642, "d1": -2.3062369781603604, "d2": -2.3977148611191037, "d3": -0.9515390093353311, "d4": -0.9265202014058613, "p1": 21.880988554587308, "p2": 18.273991570565848, "p3": 28.703990707695805, "p4": 47.661325831290455, "pol1": 0.25126637256486667, "pol2": 0.5397443757642523, "pol3": -0.04577544677942361, "pol4": 0.0015306065006537401, "v0s": 3.81215064511633}, "datetime": {"datetime": "2022-05-16 21:52:24", "elapsed": 7759.846939, "delta": 12.315062}}
{"target": 4.810436776615296, "params": {"Bgrad": 1.7739015571485128, "d1": -2.1489091176432398, "d2": 0.6029889555286743, "d3": -2.5148780550557954, "d4": -3.0, "p1": 29.287975150126197, "p2": 10.625965411970176, "p3": 37.249379955279565, "p4": 29.24070728386042, "pol1": 0.35863018722591905, "pol2": -0.06668917397454546, "pol3": -1.0, "pol4": 0.6629995869392121, "v0s": 4.810436776615296}, "datetime": {"datetime": "2022-05-16 21:52:33", "elapsed": 7769.020404, "delta": 9.173465}}
{"target": 4.586114213074416, "params": {"Bgrad": 1.4025377221770041, "d1": -3.0, "d2": -2.628960936952015, "d3": -2.075215063430736, "d4": -3.0, "p1": 5.329592513330865, "p2": 10.965019104435118, "p3": 37.05753296590804, "p4": 28.503026425381176, "pol1": -1.0, "pol2": -0.9434127798526111, "pol3": 0.9641831468273959, "pol4": 0.05110395813909382, "v0s": 4.586114213074416}, "datetime": {"datetime": "2022-05-16 21:52:41", "elapsed": 7776.801592, "delta": 7.781188}}
{"target": -1.0, "params": {"Bgrad": 1.4567116784767093, "d1": -0.13784817483964984, "d2": -1.4943602252867367, "d3": -0.22888076144885572, "d4": -2.7608090757298394, "p1": 44.506137188172005, "p2": 19.68750718579022, "p3": 26.54948115354464, "p4": 13.955186237946293, "pol1": -0.3226946647259168, "pol2": 0.785957572578287, "pol3": -0.8678309983024635, "pol4": 0.7204807278965468, "v0s": 5.298418668827196}, "datetime": {"datetime": "2022-05-16 21:52:52", "elapsed": 7788.088404, "delta": 11.286812}}
{"target": 3.856912143564252, "params": {"Bgrad": 1.5939374880580823, "d1": -1.0135905138764993, "d2": 0.5697976542762467, "d3": -1.7632261068993098, "d4": -2.557176953520823, "p1": 10.846302195495296, "p2": 16.483136234448114, "p3": 7.129161854406087, "p4": 29.880793146699126, "pol1": -0.07709737612301425, "pol2": -0.33993609881809594, "pol3": 0.10675931122210773, "pol4": 0.8890352773983091, "v0s": 3.856912143564252}, "datetime": {"datetime": "2022-05-16 21:53:00", "elapsed": 7795.487613, "delta": 7.399209}}
{"target": 4.165513584164108, "params": {"Bgrad": 1.7972959051684874, "d1": -1.347982887028794, "d2": -0.14431086752008582, "d3": -1.6975811109731627, "d4": -3.0, "p1": 5.772236499112662, "p2": 23.81749205370573, "p3": 0.710560135512797, "p4": 32.10672498526513, "pol1": -0.22534307181128155, "pol2": -0.8433448568486848, "pol3": -0.7061843605801381, "pol4": -0.4352181623149465, "v0s": 4.165513584164108}, "datetime": {"datetime": "2022-05-16 21:53:08", "elapsed": 7803.855233, "delta": 8.36762}}
{"target": 3.904543760173651, "params": {"Bgrad": 1.465792572839977, "d1": -1.8112495198275405, "d2": 0.31819897215025855, "d3": -1.0201143669813328, "d4": -2.9207337435788645, "p1": 41.19273505061461, "p2": 23.404531811726258, "p3": 16.880163955631147, "p4": 13.467893394367678, "pol1": -0.3089923562271137, "pol2": -0.47228505663114034, "pol3": 0.31466975778806583, "pol4": 0.022930641893243345, "v0s": 3.904543760173651}, "datetime": {"datetime": "2022-05-16 21:53:17", "elapsed": 7812.286682, "delta": 8.431449}}
