{"target": 3.169858995087918, "params": {"Bgrad": 1.7987355243747587, "d1": -1.3151794766535712, "d2": -3.0, "d3": -2.595421265308867, "d4": -2.0668621163407526, "p1": 25.004444165497272, "p2": 32.046807106208675, "p3": 44.510207837180054, "p4": 44.73960721484029, "pol1": -0.5281810513567755, "pol2": 0.5320976435258357, "pol3": -0.8216311124488231, "pol4": -0.7179453803848885, "v0s": 3.169858995087918}, "datetime": {"datetime": "2022-06-24 23:42:08", "elapsed": 0.528094, "delta": 0.000997}}
{"target": 3.169858995087918, "params": {"Bgrad": 1.7987355243747587, "d1": -1.3151794766535712, "d2": -3.0, "d3": -2.595421265308867, "d4": -2.0668621163407526, "p1": 25.004444165497272, "p2": 32.046807106208675, "p3": 44.510207837180054, "p4": 44.73960721484029, "pol1": -0.5281810513567755, "pol2": 0.5320976435258357, "pol3": -0.8216311124488231, "pol4": -0.7179453803848885, "v0s": 3.169858995087918}, "datetime": {"datetime": "2022-06-24 23:42:08", "elapsed": 0.530089, "delta": 0.001995}}
{"target": 3.169858995087918, "params": {"Bgrad": 1.7987355243747587, "d1": -1.3151794766535712, "d2": -3.0, "d3": -2.595421265308867, "d4": -2.0668621163407526, "p1": 25.004444165497272, "p2": 32.046807106208675, "p3": 44.510207837180054, "p4": 44.73960721484029, "pol1": -0.5281810513567755, "pol2": 0.5320976435258357, "pol3": -0.8216311124488231, "pol4": -0.7179453803848885, "v0s": 3.169858995087918}, "datetime": {"datetime": "2022-06-24 23:42:08", "elapsed": 0.531086, "delta": 0.000997}}
{"target": 3.169858995087918, "params": {"Bgrad": 1.7987355243747587, "d1": -1.3151794766535712, "d2": -3.0, "d3": -2.595421265308867, "d4": -2.0668621163407526, "p1": 25.004444165497272, "p2": 32.046807106208675, "p3": 44.510207837180054, "p4": 44.73960721484029, "pol1": -0.5281810513567755, "pol2": 0.5320976435258357, "pol3": -0.8216311124488231, "pol4": -0.7179453803848885, "v0s": 3.169858995087918}, "datetime": {"datetime": "2022-06-24 23:42:08", "elapsed": 0.532083, "delta": 0.000997}}
{"target": 3.169858995087918, "params": {"Bgrad": 1.7987355243747587, "d1": -1.3151794766535712, "d2": -3.0, "d3": -2.595421265308867, "d4": -2.0668621163407526, "p1": 25.004444165497272, "p2": 32.046807106208675, "p3": 44.510207837180054, "p4": 44.73960721484029, "pol1": -0.5281810513567755, "pol2": 0.5320976435258357, "pol3": -0.8216311124488231, "pol4": -0.7179453803848885, "v0s": 3.169858995087918}, "datetime": {"datetime": "2022-06-24 23:42:08", "elapsed": 0.534078, "delta": 0.001995}}
{"target": 3.169858995087918, "params": {"Bgrad": 1.7987355243747587, "d1": -1.3151794766535712, "d2": -3.0, "d3": -2.595421265308867, "d4": -2.0668621163407526, "p1": 25.004444165497272, "p2": 32.046807106208675, "p3": 44.510207837180054, "p4": 44.73960721484029, "pol1": -0.5281810513567755, "pol2": 0.5320976435258357, "pol3": -0.8216311124488231, "pol4": -0.7179453803848885, "v0s": 3.169858995087918}, "datetime": {"datetime": "2022-06-24 23:42:08", "elapsed": 0.536074, "delta": 0.001996}}
{"target": 3.921276112369018, "params": {"Bgrad": 1.2063653843654263, "d1": -1.9565292300712682, "d2": 0.20752099178443026, "d3": -0.9360345682504244, "d4": -1.7584125901323484, "p1": 4.6517092338640325, "p2": 12.009755987093198, "p3": 35.17656337451855, "p4": 28.96349279829875, "pol1": 0.23922624693791741, "pol2": -0.42104253250272283, "pol3": -0.27832686334107176, "pol4": -0.030151472464072297, "v0s": 3.921276112369018}, "datetime": {"datetime": "2022-06-24 23:42:17", "elapsed": 9.242915, "delta": 8.706841}}
{"target": -1.0, "params": {"Bgrad": 0.6312424700434912, "d1": -1.660397913333493, "d2": -0.233420883402772, "d3": -0.394644104208703, "d4": -1.2802926222839286, "p1": 44.6161042657099, "p2": 23.56701989264139, "p3": 24.412204146217952, "p4": 13.127618095408478, "pol1": -0.30274072662034546, "pol2": 0.47218003249819973, "pol3": 0.5253579159997142, "pol4": 0.5971077723799612, "v0s": 5.9787969070964975}, "datetime": {"datetime": "2022-06-24 23:42:26", "elapsed": 17.818649, "delta": 8.575734}}
{"target": 3.346637180377665, "params": {"Bgrad": 1.11335551972895, "d1": -0.5774494055556261, "d2": -0.6895318301753228, "d3": -0.846538108182584, "d4": -2.0256431415839034, "p1": 2.645800626208233, "p2": 14.814603207868915, "p3": 34.77823131182245, "p4": 31.278744474867036, "pol1": -0.2859754367230687, "pol2": 0.15263073885768175, "pol3": 0.7596475985786213, "pol4": -0.8299444116011625, "v0s": 3.346637180377665}, "datetime": {"datetime": "2022-06-24 23:42:33", "elapsed": 25.583435, "delta": 7.764786}}
{"target": 2.6175000250542624, "params": {"Bgrad": 1.7748828728088617, "d1": -1.5218821991058977, "d2": -0.07739237035362878, "d3": -1.9679005059330303, "d4": -2.6941682179962956, "p1": 46.16282445014468, "p2": 23.3323610542364, "p3": 22.952514758251414, "p4": 17.518682661181668, "pol1": -0.026548805630362216, "pol2": -0.3865674288833234, "pol3": -0.11556380581384573, "pol4": 0.6819485161903649, "v0s": 2.6175000250542624}, "datetime": {"datetime": "2022-06-24 23:42:39", "elapsed": 31.17249, "delta": 5.589055}}
{"target": 2.6904530331157464, "params": {"Bgrad": 0.7465028294427493, "d1": -0.22551849747283237, "d2": -0.018634431551836084, "d3": -2.098576524332066, "d4": -1.3991284863934719, "p1": 44.12611399603937, "p2": 21.04812918312059, "p3": 24.624117592200097, "p4": 20.199074818076046, "pol1": 0.5080672777640161, "pol2": -0.1155818631518779, "pol3": 0.16596470826916732, "pol4": -0.3224110862219791, "v0s": 2.6904530331157464}, "datetime": {"datetime": "2022-06-24 23:42:46", "elapsed": 37.866132, "delta": 6.693642}}
{"target": -1.0, "params": {"Bgrad": 0.9667325025840001, "d1": 0.001550674067740676, "d2": -1.5915033687497933, "d3": -1.802821393667069, "d4": -2.0152631819737907, "p1": 5.348704673304194, "p2": 10.851477206388772, "p3": 35.36260842462568, "p4": 32.20442340417422, "pol1": -0.5986639643983889, "pol2": -0.8470420869619244, "pol3": 0.8618444008144652, "pol4": -0.24564033147829223, "v0s": 3.8075392288928303}, "datetime": {"datetime": "2022-06-24 23:42:57", "elapsed": 49.386327, "delta": 11.520195}}
{"target": 3.608734180327539, "params": {"Bgrad": 1.2209747008036214, "d1": -2.499616995947511, "d2": -0.025035726465753694, "d3": -2.6121514853764882, "d4": -1.9337198398218152, "p1": 10.062957299300784, "p2": 17.006983202907517, "p3": 7.903613603263576, "p4": 32.2453127615672, "pol1": 0.7963600065000158, "pol2": -0.005858530837783649, "pol3": -0.6057019784497497, "pol4": -0.38576202055443365, "v0s": 3.608734180327539}, "datetime": {"datetime": "2022-06-24 23:43:08", "elapsed": 60.309119, "delta": 10.922792}}
{"target": 2.3344225380035812, "params": {"Bgrad": 0.894565959986471, "d1": -1.3666651041870765, "d2": 0.16702844129063577, "d3": -2.635826063578898, "d4": -2.6177147178984446, "p1": 4.36941617009245, "p2": 11.109904605282228, "p3": 36.706607220033234, "p4": 28.12220315279656, "pol1": 0.6006392066987303, "pol2": -0.7358494359616474, "pol3": 0.6389475828861042, "pol4": 0.6120488212526074, "v0s": 2.3344225380035812}, "datetime": {"datetime": "2022-06-24 23:43:17", "elapsed": 68.754536, "delta": 8.445417}}
{"target": -1.0, "params": {"Bgrad": 1.0267543829015056, "d1": -2.1182357845534097, "d2": -1.320212239467892, "d3": -0.7034217330183301, "d4": -1.0458887595906736, "p1": 2.529126956454719, "p2": 14.116417983279444, "p3": 32.624083199923135, "p4": 31.395663444438455, "pol1": 0.0703066742698073, "pol2": 0.20969546451792453, "pol3": -0.9730689837516808, "pol4": -0.5433031353740607, "v0s": 2.018646120664475}, "datetime": {"datetime": "2022-06-24 23:43:24", "elapsed": 76.569639, "delta": 7.815103}}
{"target": 3.8490211958039424, "params": {"Bgrad": 1.3043364369512016, "d1": -2.0119318588948483, "d2": -0.41727144875264566, "d3": -0.17252910175597558, "d4": -1.5611544387490923, "p1": 6.187733811500423, "p2": 13.091216531896976, "p3": 33.50637816750389, "p4": 31.449066958093063, "pol1": 0.5455625648714524, "pol2": 0.6245490068874056, "pol3": 0.4801560175848738, "pol4": 0.5312058814034095, "v0s": 3.8490211958039424}, "datetime": {"datetime": "2022-06-24 23:43:32", "elapsed": 84.394714, "delta": 7.825075}}
{"target": -1.0, "params": {"Bgrad": 1.7725639278312098, "d1": -0.6278579758202638, "d2": 0.9597332538326091, "d3": -2.314105357452465, "d4": -1.2472309289845236, "p1": 4.34244401794332, "p2": 14.352067577542993, "p3": 35.981193483258075, "p4": 31.83220250756076, "pol1": 0.30200982883861394, "pol2": -0.3835087578415419, "pol3": -0.9700913322774847, "pol4": 0.10958516344452285, "v0s": 5.940380065974031}, "datetime": {"datetime": "2022-06-24 23:43:46", "elapsed": 97.712103, "delta": 13.317389}}
{"target": 3.1240699301031323, "params": {"Bgrad": 1.2705965908118382, "d1": -2.1268243179962063, "d2": 0.20918085720358937, "d3": -0.7999783343896869, "d4": -2.622546080623029, "p1": 44.008186678881096, "p2": 21.49616802082928, "p3": 26.764959996232513, "p4": 12.242218332594245, "pol1": 0.4371886316077176, "pol2": -0.3030554725571726, "pol3": 0.8729170302832581, "pol4": 0.003571577188137498, "v0s": 3.1240699301031323}, "datetime": {"datetime": "2022-06-24 23:43:52", "elapsed": 103.941446, "delta": 6.229343}}
{"target": 3.9459363335892554, "params": {"Bgrad": 0.9037636201273299, "d1": -2.1215650042797467, "d2": 0.5026834603896541, "d3": -1.9136880705560764, "d4": -2.3462176084807767, "p1": 10.446024260545428, "p2": 15.443366009508901, "p3": 7.467828571690815, "p4": 30.493932721993115, "pol1": 0.09054202843866763, "pol2": -0.3195931166038229, "pol3": -0.37997241176142577, "pol4": 0.19310677333034196, "v0s": 3.9459363335892554}, "datetime": {"datetime": "2022-06-24 23:43:59", "elapsed": 110.871914, "delta": 6.930468}}
{"target": -1.0, "params": {"Bgrad": 1.6604420976295051, "d1": -2.2028658744006, "d2": -2.113692478236293, "d3": -2.4135779044743804, "d4": -2.6174612448463956, "p1": 43.80059305196045, "p2": 18.542926995094366, "p3": 25.604448587345587, "p4": 13.443748582888599, "pol1": -0.1998890643311262, "pol2": -0.46776641132486074, "pol3": 0.7265813149999132, "pol4": 0.40820902352002575, "v0s": 3.8847980692449333}, "datetime": {"datetime": "2022-06-24 23:44:14", "elapsed": 125.714225, "delta": 14.842311}}
{"target": 3.988152943880822, "params": {"Bgrad": 1.6985501819495985, "d1": -2.3862806697439933, "d2": -0.08185303873531558, "d3": 0.0009565711972956414, "d4": 0.10901869354289095, "p1": 2.492458446339713, "p2": 12.082038398554584, "p3": 34.02907064412461, "p4": 29.91557980946084, "pol1": 0.5946638377235034, "pol2": -0.9561060705846511, "pol3": -0.5621568635974872, "pol4": 0.026524978154087053, "v0s": 3.988152943880822}, "datetime": {"datetime": "2022-06-24 23:44:21", "elapsed": 133.075541, "delta": 7.361316}}
{"target": -1.0, "params": {"Bgrad": 1.9844168485274007, "d1": -2.938756102011252, "d2": 0.6944235976560611, "d3": 0.20515997770079197, "d4": -1.1453167605338157, "p1": 8.549778343186476, "p2": 36.42406974019318, "p3": 37.43264253890176, "p4": 35.69732816258442, "pol1": 0.4335781022694887, "pol2": -0.9841710580220981, "pol3": -0.5176485044497237, "pol4": -0.8623085259934047, "v0s": 6.384089464424496}, "datetime": {"datetime": "2022-06-24 23:44:34", "elapsed": 146.116669, "delta": 13.041128}}
{"target": 3.00913175713528, "params": {"Bgrad": 1.4985057163641426, "d1": -1.7063449951087235, "d2": -0.9237100712924935, "d3": -2.043295300724145, "d4": 0.3377725060069281, "p1": 3.6283396507600205, "p2": 12.261074943142042, "p3": 33.90382812282124, "p4": 28.39333061692477, "pol1": -0.6271609596465018, "pol2": -0.07108544504787728, "pol3": -0.9001786214815988, "pol4": 0.12548871577006704, "v0s": 3.00913175713528}, "datetime": {"datetime": "2022-06-24 23:44:43", "elapsed": 154.868267, "delta": 8.751598}}
{"target": -1.0, "params": {"Bgrad": 1.8203268328714453, "d1": -2.142329007103292, "d2": -0.6601825969414317, "d3": 0.07439750377478571, "d4": -0.6561414722413845, "p1": 2.8448469195348713, "p2": 14.044608940120751, "p3": 34.18424240567543, "p4": 30.735943551133893, "pol1": -0.8653741150021221, "pol2": 0.8135298533411348, "pol3": -0.7294751364477043, "pol4": -0.03450503372976743, "v0s": 4.536507140030354}, "datetime": {"datetime": "2022-06-24 23:44:58", "elapsed": 170.388766, "delta": 15.520499}}
{"target": 4.885623646173023, "params": {"Bgrad": 0.7412094163787646, "d1": -2.200298098787119, "d2": -0.3023687170853715, "d3": -1.3726458229537943, "d4": -1.51316387562186, "p1": 5.1062219702530225, "p2": 12.610713057322831, "p3": 33.21155211135361, "p4": 30.424625507125256, "pol1": 0.34609656820211665, "pol2": -0.2715391778317242, "pol3": 0.1796743176487361, "pol4": 0.4637496348051424, "v0s": 4.885623646173023}, "datetime": {"datetime": "2022-06-24 23:45:08", "elapsed": 180.108774, "delta": 9.720008}}
{"target": 5.424743031923911, "params": {"Bgrad": 1.4397409816838618, "d1": -2.8938821553256546, "d2": -1.3003570379670948, "d3": -0.15328540935077495, "d4": -1.63389909417159, "p1": 4.532408758927364, "p2": 13.034861799960652, "p3": 38.992861545185, "p4": 29.80670263186584, "pol1": 0.9045209263131204, "pol2": -0.4146565791331702, "pol3": 0.30700704348008334, "pol4": -0.2829527290401812, "v0s": 5.424743031923911}, "datetime": {"datetime": "2022-06-24 23:45:18", "elapsed": 190.461092, "delta": 10.352318}}
{"target": -1.0, "params": {"Bgrad": 1.4468330872527602, "d1": -1.8647636851495237, "d2": -1.136063275106221, "d3": -2.633278779969574, "d4": -1.9369322282355146, "p1": 6.766961756358386, "p2": 7.959768194479288, "p3": 35.33713857566008, "p4": 34.92895812831397, "pol1": -0.5137466796081513, "pol2": 0.4222823605699333, "pol3": 0.40136416684712795, "pol4": -0.5874334699529276, "v0s": 2.9790074180003248}, "datetime": {"datetime": "2022-06-24 23:45:24", "elapsed": 195.739976, "delta": 5.278884}}
{"target": -1.0, "params": {"Bgrad": 0.8635117672844963, "d1": -1.5981661189902798, "d2": -1.1994421337499248, "d3": -2.2075047186444454, "d4": -2.040801922324877, "p1": 3.815897216770142, "p2": 12.277756243320425, "p3": 33.334659927367795, "p4": 30.511358211362666, "pol1": 0.9956372379794183, "pol2": -0.7575431186799257, "pol3": 0.26618693856300935, "pol4": 0.700894602879526, "v0s": 5.011036725583448}, "datetime": {"datetime": "2022-06-24 23:45:36", "elapsed": 208.274459, "delta": 12.534483}}
{"target": 3.0658849473641587, "params": {"Bgrad": 0.5195529540748713, "d1": -1.1092641604499311, "d2": -1.932318178010708, "d3": -0.3604005117850009, "d4": 0.4308764271568921, "p1": 4.680923872609982, "p2": 13.12439244824189, "p3": 37.25924803732753, "p4": 29.215951662641, "pol1": 0.03994794375228383, "pol2": -0.3685332532362986, "pol3": -0.7278400948478516, "pol4": -0.3104893506200703, "v0s": 3.0658849473641587}, "datetime": {"datetime": "2022-06-24 23:45:41", "elapsed": 213.291044, "delta": 5.016585}}
{"target": 4.660600157704311, "params": {"Bgrad": 0.9243172087151051, "d1": -2.5668263027756257, "d2": -0.15245329352419454, "d3": -1.0207186637135717, "d4": -1.7958603027493032, "p1": 5.103376815250619, "p2": 12.939944331052997, "p3": 34.093206373399546, "p4": 29.97540940763041, "pol1": 0.28383123654085646, "pol2": 0.17538461025997124, "pol3": -0.06956195539678574, "pol4": 0.35802717516266397, "v0s": 4.660600157704311}, "datetime": {"datetime": "2022-06-24 23:45:49", "elapsed": 220.877757, "delta": 7.586713}}
{"target": -1.0, "params": {"Bgrad": 0.8466497665910809, "d1": -1.2109073812694362, "d2": -1.2727302810107592, "d3": -1.3195133445963543, "d4": -0.8657771606443108, "p1": 2.8422275306880964, "p2": 13.998415115068891, "p3": 34.82870924889412, "p4": 31.989340304580793, "pol1": -0.09509854232665815, "pol2": 0.567462253141388, "pol3": 0.9895633069183429, "pol4": -0.2178067166897253, "v0s": 2.871788181236985}, "datetime": {"datetime": "2022-06-24 23:45:56", "elapsed": 228.162279, "delta": 7.284522}}
{"target": 5.008963349652542, "params": {"Bgrad": 0.5812894328113498, "d1": -1.5253542779691918, "d2": 0.4768804909414146, "d3": -0.7214499953927649, "d4": -1.6737042373232476, "p1": 1.0954047098440167, "p2": 9.62871631411802, "p3": 36.86467144086771, "p4": 25.94945877203677, "pol1": 0.2670629517558638, "pol2": 0.4614021289563244, "pol3": 0.9435356342444043, "pol4": -0.12498913169777293, "v0s": 5.008963349652542}, "datetime": {"datetime": "2022-06-24 23:46:01", "elapsed": 233.155929, "delta": 4.99365}}
{"target": -1.0, "params": {"Bgrad": 1.6177647413609741, "d1": -1.3063509695692122, "d2": -1.7101042348043398, "d3": -2.4153888483356463, "d4": 0.0917743890280116, "p1": 5.280048174495961, "p2": 12.033799174793176, "p3": 38.72962930234511, "p4": 32.32941958200487, "pol1": 0.20423679850742404, "pol2": -0.8061488265447188, "pol3": -0.27889423781005207, "pol4": 0.5941765004881712, "v0s": 4.229770382198003}, "datetime": {"datetime": "2022-06-24 23:46:13", "elapsed": 245.219667, "delta": 12.063738}}
{"target": -1.0, "params": {"Bgrad": 1.7653081604927596, "d1": -2.7210068722271052, "d2": -0.7633156092714506, "d3": 0.005995980604792006, "d4": -1.8797038656818539, "p1": 7.568990807969106, "p2": 35.46457678396764, "p3": 36.61828394230702, "p4": 35.39557727952366, "pol1": -0.198418166018689, "pol2": 0.05606069562433125, "pol3": -0.8645037313260646, "pol4": 0.18233163418588272, "v0s": 2.6752740842266025}, "datetime": {"datetime": "2022-06-24 23:46:21", "elapsed": 252.687698, "delta": 7.468031}}
{"target": -1.0, "params": {"Bgrad": 0.8188128411768398, "d1": -1.667329160586914, "d2": -0.009650052886702287, "d3": -1.2910899899571149, "d4": -0.38016795500538825, "p1": 1.0763476571152453, "p2": 10.155918278013859, "p3": 35.99245431550749, "p4": 24.967416370954194, "pol1": 0.5348242240409582, "pol2": -0.2446951063149898, "pol3": -0.4059098535598158, "pol4": 0.31788610175298837, "v0s": 6.7218402039663925}, "datetime": {"datetime": "2022-06-24 23:46:30", "elapsed": 261.801328, "delta": 9.11363}}
{"target": 4.5327269255855525, "params": {"Bgrad": 0.5369164512458156, "d1": -2.486061853841713, "d2": 0.9879297267545954, "d3": -1.727570033491089, "d4": -1.8201344055859998, "p1": 28.318156437714748, "p2": 25.250287137436505, "p3": 4.220992532281221, "p4": 41.34808685445271, "pol1": 0.7777392751024907, "pol2": 0.7410327256798332, "pol3": -0.8311054225815315, "pol4": 0.6476451951457873, "v0s": 4.5327269255855525}, "datetime": {"datetime": "2022-06-24 23:46:35", "elapsed": 266.707209, "delta": 4.905881}}
{"target": 3.715193295620318, "params": {"Bgrad": 0.7756825565480364, "d1": -2.0583266499869866, "d2": -2.8215937984662345, "d3": -1.2775085154370371, "d4": 0.31745557648734213, "p1": 7.056825450272186, "p2": 14.102801494518886, "p3": 36.24040351843492, "p4": 28.795358970012764, "pol1": 0.13725223477030113, "pol2": 0.3642781865682341, "pol3": 0.044131662719139486, "pol4": 0.026655692414608634, "v0s": 3.715193295620318}, "datetime": {"datetime": "2022-06-24 23:46:42", "elapsed": 273.770323, "delta": 7.063114}}
{"target": 3.4642429806837627, "params": {"Bgrad": 1.2083647750819415, "d1": -0.7348831487744336, "d2": -0.5999036563839528, "d3": -1.1663322531190152, "d4": -2.7323231028334964, "p1": 1.8405425254441998, "p2": 31.69487880239884, "p3": 17.862401903158105, "p4": 9.27616483429966, "pol1": -0.14585535083466117, "pol2": 0.35995353825972964, "pol3": -0.6986537163225894, "pol4": -0.7784125985949408, "v0s": 3.4642429806837627}, "datetime": {"datetime": "2022-06-24 23:46:50", "elapsed": 282.527905, "delta": 8.757582}}
{"target": 2.7683300498236765, "params": {"Bgrad": 0.5307879122748895, "d1": -0.027107538022899568, "d2": -0.791881170705026, "d3": -0.12484107687671894, "d4": -2.361486223770195, "p1": 4.257640398899788, "p2": 19.750141324126222, "p3": 34.72745660294984, "p4": 5.721094587717146, "pol1": -0.6632504864226197, "pol2": -0.13366880900844316, "pol3": 0.17962616114072916, "pol4": 0.15484787089647598, "v0s": 2.7683300498236765}, "datetime": {"datetime": "2022-06-24 23:46:56", "elapsed": 288.568751, "delta": 6.040846}}
{"target": -1.0, "params": {"Bgrad": 1.8327081700631045, "d1": -1.855775061392726, "d2": -0.16847167080091507, "d3": -2.847297554139494, "d4": -1.6206233120604705, "p1": 5.570114655531578, "p2": 9.181816852727781, "p3": 34.00577545371589, "p4": 33.03567731229515, "pol1": -0.9904049818187612, "pol2": 0.41090119045739004, "pol3": -0.31572873984423677, "pol4": -0.08905023385094646, "v0s": 2.836825471587413}, "datetime": {"datetime": "2022-06-24 23:47:01", "elapsed": 293.611268, "delta": 5.042517}}
{"target": 3.2483512040789306, "params": {"Bgrad": 0.8524116405820021, "d1": -2.458305464407727, "d2": -2.536069819035575, "d3": -2.0939343843448337, "d4": -0.38147891915196297, "p1": 2.7210269104418208, "p2": 11.786113781908464, "p3": 34.59992467646673, "p4": 31.52890982032288, "pol1": 0.838118125728549, "pol2": -0.9515561866145488, "pol3": -0.39754438081946497, "pol4": -0.9927747727961427, "v0s": 3.2483512040789306}, "datetime": {"datetime": "2022-06-24 23:47:07", "elapsed": 299.299058, "delta": 5.68779}}
{"target": -1.0, "params": {"Bgrad": 1.2296116205858874, "d1": -1.8398991441282329, "d2": -0.654793605180437, "d3": -0.7120203740799327, "d4": -1.2948413078554668, "p1": 4.379655637772389, "p2": 12.587202274680266, "p3": 38.11098022146267, "p4": 29.229657949095184, "pol1": 0.7521713187852608, "pol2": -0.6322560342840329, "pol3": 0.37429045565865904, "pol4": 0.5049913825795158, "v0s": 5.128651284831392}, "datetime": {"datetime": "2022-06-24 23:47:20", "elapsed": 312.407008, "delta": 13.10795}}
{"target": 2.6649781013784795, "params": {"Bgrad": 1.3716513328309874, "d1": -1.3914432858384789, "d2": -0.23343167187548275, "d3": -0.06642207830751357, "d4": 0.3759282217395392, "p1": 4.878390989479541, "p2": 8.97038023647273, "p3": 37.17199984040675, "p4": 27.261528212004176, "pol1": -0.26334818158530804, "pol2": 0.42220426299355296, "pol3": -0.3132382012344499, "pol4": 0.6107033281639795, "v0s": 2.6649781013784795}, "datetime": {"datetime": "2022-06-24 23:47:27", "elapsed": 319.453167, "delta": 7.046159}}
