{"target": -1.0, "params": {"Bgrad": 0.515778844275735, "d1": -0.48691285373510773, "d2": -1.6260941718495103, "d3": 0.7390289145640567, "d4": -0.6610844824246911, "p1": 10.379729091857865, "p2": 29.286759949818148, "p3": 48.52982287766158, "p4": 21.23205052133207, "pol1": -0.15064009088176844, "pol2": 0.9242729930698985, "pol3": 0.29156523288816305, "pol4": 0.4327945036237082, "v0s": 3.576304634069282}, "datetime": {"datetime": "2022-04-14 16:53:52", "elapsed": 4451.997398, "delta": 8.275873}}
{"target": -1.0, "params": {"Bgrad": 0.7734654032296122, "d1": -2.915367950320248, "d2": -2.4043692114030235, "d3": -1.383670160892093, "d4": -2.544571397809736, "p1": 27.37445982210236, "p2": 9.772242466111914, "p3": 40.53496670419665, "p4": 35.05494518951042, "pol1": -0.8288279019977052, "pol2": 0.8383488951185127, "pol3": -0.538161090779609, "pol4": -0.9476706785238871, "v0s": 3.6518577002369925}, "datetime": {"datetime": "2022-04-14 16:53:59", "elapsed": 4458.771287, "delta": 6.773889}}
{"target": -1.0, "params": {"Bgrad": 0.7682582070074437, "d1": -1.940414973976949, "d2": -1.0347974188508293, "d3": -1.3666132242811613, "d4": -0.7018171445840626, "p1": 0.20549861781352652, "p2": 32.17333944322459, "p3": 19.431131614987844, "p4": 12.778076573473845, "pol1": 0.7096481222756565, "pol2": -0.44709937068550953, "pol3": -0.003680623960225393, "pol4": 0.13525523131513295, "v0s": 4.56893445365008}, "datetime": {"datetime": "2022-04-14 16:54:09", "elapsed": 4469.597341, "delta": 10.826054}}
{"target": -1.0, "params": {"Bgrad": 0.7842295963704866, "d1": -2.7737577615114404, "d2": -0.06653384596858425, "d3": -0.22355864486937937, "d4": 0.5428432606341773, "p1": 33.85547976160895, "p2": 6.98244452592075, "p3": 6.712387081114701, "p4": 23.62840102924544, "pol1": 0.7469418737258229, "pol2": 0.5549730284589738, "pol3": 0.18893561630470956, "pol4": 0.7794495374597863, "v0s": 3.319223772340105}, "datetime": {"datetime": "2022-04-14 16:54:18", "elapsed": 4477.981924, "delta": 8.384583}}
{"target": 5.19433226427125, "params": {"Bgrad": 1.7718553164447863, "d1": -2.5039291650470408, "d2": -0.8868133646111284, "d3": 0.039039334764455244, "d4": -2.4594779493795835, "p1": 27.638913214300413, "p2": 10.912744856834912, "p3": 38.65870146931487, "p4": 36.3370909723363, "pol1": -0.8407767216989178, "pol2": 0.5240819634712982, "pol3": -0.8922666530328736, "pol4": 0.6229073648552964, "v0s": 5.19433226427125}, "datetime": {"datetime": "2022-04-14 16:54:27", "elapsed": 4487.029733, "delta": 9.047809}}
{"target": -1.0, "params": {"Bgrad": 1.8996863372214894, "d1": 0.2908516008985056, "d2": 0.3663627831551777, "d3": 0.34368856468327635, "d4": -0.277012611225921, "p1": 3.934723556885383, "p2": 2.501242682551724, "p3": 42.47051101205662, "p4": 43.68761110449786, "pol1": -0.3056452698941381, "pol2": -0.2481076930336883, "pol3": -0.3072189365578908, "pol4": -0.08853110929562269, "v0s": 7.565926977577709}, "datetime": {"datetime": "2022-04-14 16:54:44", "elapsed": 4504.071169, "delta": 17.041436}}
{"target": 4.4009201825299975, "params": {"Bgrad": 1.984363607876408, "d1": -2.8594334078013968, "d2": 0.7290569367401285, "d3": -1.442954821695702, "d4": -1.2046850642755942, "p1": 16.230309146276007, "p2": 16.60322107946537, "p3": 24.614156841124807, "p4": 23.874161858610023, "pol1": 0.8978073864672749, "pol2": -0.32654595822675714, "pol3": -0.5974510794547874, "pol4": -0.23224457120670672, "v0s": 4.4009201825299975}, "datetime": {"datetime": "2022-04-14 16:54:53", "elapsed": 4512.962397, "delta": 8.891228}}
{"target": 3.876249359719031, "params": {"Bgrad": 0.9017798879605109, "d1": -2.1052670355923544, "d2": -0.06325146756811062, "d3": -1.1460665644742387, "d4": 0.6717254582343095, "p1": 10.026324097414363, "p2": 25.277179363149344, "p3": 48.84076342865033, "p4": 22.259129060129347, "pol1": 0.3046173485115671, "pol2": 0.2922535702994271, "pol3": -0.19088914411188185, "pol4": -0.6860731429263596, "v0s": 3.876249359719031}, "datetime": {"datetime": "2022-04-14 16:54:58", "elapsed": 4517.798467, "delta": 4.83607}}
{"target": -1.0, "params": {"Bgrad": 1.9858151589918809, "d1": -1.6301521251121547, "d2": -0.4684391255220359, "d3": -0.5240762341271483, "d4": -0.46513813261419346, "p1": 26.781316078245528, "p2": 11.328320176463519, "p3": 40.973714825755884, "p4": 37.675614510908225, "pol1": -0.5126911175866653, "pol2": 0.4909869201786956, "pol3": -0.08167538842134014, "pol4": -0.902534484773676, "v0s": 4.017073264968698}, "datetime": {"datetime": "2022-04-14 16:55:35", "elapsed": 4555.014962, "delta": 37.216495}}
{"target": 5.923452822180003, "params": {"Bgrad": 1.5126078783087986, "d1": -2.939365506211982, "d2": -0.12672830457196538, "d3": 0.5403925495387849, "d4": -0.339635868675924, "p1": 31.13598380651582, "p2": 8.994984151060848, "p3": 6.088382690760047, "p4": 24.97011250007699, "pol1": -0.01090308667764539, "pol2": -0.5211603452947864, "pol3": -0.9536434137309975, "pol4": 0.3499002401222202, "v0s": 5.923452822180003}, "datetime": {"datetime": "2022-04-14 16:55:48", "elapsed": 4567.987279, "delta": 12.972317}}
{"target": 5.516232024647649, "params": {"Bgrad": 1.2894550755592666, "d1": -2.9587952828187043, "d2": -0.26463934376904014, "d3": 0.3453488124620679, "d4": -0.441921875704528, "p1": 31.54601854607281, "p2": 8.64161888494446, "p3": 6.646459061240784, "p4": 25.287938508440075, "pol1": 0.3256193356914352, "pol2": -0.640189378985673, "pol3": -0.639048617222543, "pol4": 0.13731921209099565, "v0s": 5.516232024647649}, "datetime": {"datetime": "2022-04-14 16:55:57", "elapsed": 4576.826645, "delta": 8.839366}}
{"target": -1.0, "params": {"Bgrad": 0.5831133602764477, "d1": -2.025371236734539, "d2": 0.9133726970321474, "d3": 0.6838021352636225, "d4": -1.3975299336007811, "p1": 31.111002639042635, "p2": 7.007637694320351, "p3": 6.531944607178969, "p4": 26.562958087638727, "pol1": -0.41081220718015143, "pol2": -0.10652089826728428, "pol3": -0.9385819346932478, "pol4": -0.7233895502864993, "v0s": 7.913327400300775}, "datetime": {"datetime": "2022-04-14 16:56:07", "elapsed": 4587.195921, "delta": 10.369276}}
{"target": 3.536961076286808, "params": {"Bgrad": 1.3902278400172268, "d1": -1.9206363232574435, "d2": -0.26942878950730753, "d3": 0.7409623124058866, "d4": -1.3292101854531166, "p1": 6.854101230096216, "p2": 2.3972632045345277, "p3": 39.81211251521068, "p4": 44.97518609160163, "pol1": -0.36274061966042215, "pol2": -0.250613085975008, "pol3": -0.24554817316874256, "pol4": 0.29320578712028333, "v0s": 3.536961076286808}, "datetime": {"datetime": "2022-04-14 16:56:14", "elapsed": 4593.767351, "delta": 6.57143}}
{"target": -1.0, "params": {"Bgrad": 1.0930000733363825, "d1": -2.5110367701993255, "d2": 0.5399519294888764, "d3": -2.5672987625299433, "d4": 0.6690535432755609, "p1": 36.50474045862735, "p2": 8.102807381477984, "p3": 20.855226865811883, "p4": 48.02462305569705, "pol1": -0.9158242933878709, "pol2": 0.643012742016446, "pol3": 0.007709620181203247, "pol4": 0.8268204699153996, "v0s": 3.662217816967396}, "datetime": {"datetime": "2022-04-14 16:56:30", "elapsed": 4609.677812, "delta": 15.910461}}
{"target": -1.0, "params": {"Bgrad": 1.4919051348776722, "d1": -1.8722420701469855, "d2": 0.4712242190657996, "d3": 0.4620530968968559, "d4": -1.8572902899482973, "p1": 17.152154405863413, "p2": 14.190558131325675, "p3": 24.53627870243187, "p4": 22.582048728345942, "pol1": -0.6871313724666488, "pol2": 0.13299857480006794, "pol3": 0.47637652327611235, "pol4": -0.31385129041364457, "v0s": 3.4799349885067494}, "datetime": {"datetime": "2022-04-14 16:58:29", "elapsed": 4728.851345, "delta": 119.173533}}
{"target": -1.0, "params": {"Bgrad": 0.7919659087314808, "d1": -2.8149742048814215, "d2": 0.06722686357741559, "d3": 0.2936554228775141, "d4": -2.375977460706184, "p1": 6.1698007594953195, "p2": 3.02898957577471, "p3": 41.189878059797834, "p4": 46.55619734778872, "pol1": -0.5187274198021352, "pol2": 0.825606533586414, "pol3": 0.5671392381204461, "pol4": -0.6649406573212395, "v0s": 5.501392986823498}, "datetime": {"datetime": "2022-04-14 16:58:42", "elapsed": 4742.008168, "delta": 13.156823}}
{"target": -1.0, "params": {"Bgrad": 0.7309416777835167, "d1": -2.0584393165684354, "d2": 0.2510134244236606, "d3": -1.9995135516335787, "d4": -2.1435079898059426, "p1": 18.674475820545016, "p2": 19.502884220399892, "p3": 21.337883410872628, "p4": 20.555276553246486, "pol1": 0.6835400100794014, "pol2": 0.7258903656998239, "pol3": -0.21600668214204766, "pol4": 0.9006492989963657, "v0s": 3.073332585710579}, "datetime": {"datetime": "2022-04-14 16:58:46", "elapsed": 4746.325625, "delta": 4.317457}}
{"target": -1.0, "params": {"Bgrad": 0.673164578394486, "d1": -0.8579012153028054, "d2": 0.13337316193831317, "d3": -0.4449817271402212, "d4": -1.6483849731612885, "p1": 7.5791849319058695, "p2": 1.754305771565462, "p3": 41.258689553057025, "p4": 45.6546509874243, "pol1": -0.7253983508776807, "pol2": 0.41108014373166935, "pol3": 0.16814257132514165, "pol4": -0.35171035740674594, "v0s": 2.326188699858195}, "datetime": {"datetime": "2022-04-14 16:58:51", "elapsed": 4750.79667, "delta": 4.471045}}
{"target": 5.342182677180378, "params": {"Bgrad": 1.1111540186038555, "d1": -2.5350519127917877, "d2": 0.8597329929360231, "d3": -0.5461814890450177, "d4": -0.16655290052416652, "p1": 35.715269983305596, "p2": 8.352340814313193, "p3": 22.58375070417263, "p4": 50.0, "pol1": -0.1457695725416092, "pol2": 0.4184843497498174, "pol3": -0.8758182624975486, "pol4": -0.048585640403296104, "v0s": 5.342182677180378}, "datetime": {"datetime": "2022-04-14 16:59:00", "elapsed": 4760.181578, "delta": 9.384908}}
{"target": -1.0, "params": {"Bgrad": 1.4065925962438457, "d1": -2.0665944909936087, "d2": -1.607132642505828, "d3": -0.8162120620243041, "d4": -0.8457298070286265, "p1": 3.71026346785594, "p2": 3.5420752795477464, "p3": 41.05374963800849, "p4": 47.84790904000082, "pol1": 0.040078119167359816, "pol2": 0.5579089786050004, "pol3": 0.7823448600406264, "pol4": -0.9634723407559691, "v0s": 2.7788943851423324}, "datetime": {"datetime": "2022-04-14 16:59:08", "elapsed": 4768.055058, "delta": 7.87348}}
{"target": -1.0, "params": {"Bgrad": 0.6634709140362569, "d1": -2.8752098332742624, "d2": -0.14222998809005416, "d3": 0.9420421643452461, "d4": -2.494026625261266, "p1": 28.668163379410643, "p2": 13.280096443822087, "p3": 41.781816965891906, "p4": 37.122280441933874, "pol1": -0.4876887920684414, "pol2": -0.7340880879341096, "pol3": -0.3930933750740775, "pol4": 0.8617955228996033, "v0s": 3.733901135245872}, "datetime": {"datetime": "2022-04-14 16:59:19", "elapsed": 4778.712693, "delta": 10.657635}}
{"target": 4.197454723689419, "params": {"Bgrad": 1.819730110310455, "d1": -1.9589390651468777, "d2": 0.5602664961456298, "d3": -1.5425229363830315, "d4": -1.965409630730901, "p1": 19.218142747027496, "p2": 18.90364363096861, "p3": 23.63409195102781, "p4": 22.5408135521982, "pol1": -0.13112698254236843, "pol2": -0.7698437556599182, "pol3": 0.7364844911215234, "pol4": 0.5117184177181946, "v0s": 4.197454723689419}, "datetime": {"datetime": "2022-04-14 16:59:28", "elapsed": 4788.31103, "delta": 9.598337}}
{"target": 2.8241807339988427, "params": {"Bgrad": 1.0261315648337197, "d1": -2.9637230387213864, "d2": -0.19216643679941647, "d3": 0.5813148137036754, "d4": -0.7712234145991141, "p1": 2.427945064289899, "p2": 2.9456706732155666, "p3": 40.9447360474093, "p4": 47.674026063545405, "pol1": -0.31277562489462474, "pol2": -0.5912161982650721, "pol3": 0.4636642310960486, "pol4": 0.836329352684239, "v0s": 2.8241807339988427}, "datetime": {"datetime": "2022-04-14 16:59:32", "elapsed": 4792.368183, "delta": 4.057153}}
{"target": 4.355109728974514, "params": {"Bgrad": 2.0, "d1": -1.2836354248805253, "d2": 0.36928810719867017, "d3": -0.8612310646653449, "d4": -1.0917436725170018, "p1": 1.8905971222332862, "p2": 32.39161815198101, "p3": 17.47151700903583, "p4": 10.840107889506031, "pol1": -0.4058509185535775, "pol2": -0.25738824697448104, "pol3": 0.05701107863975668, "pol4": 1.0, "v0s": 4.355109728974514}, "datetime": {"datetime": "2022-04-14 16:59:46", "elapsed": 4805.700537, "delta": 13.332354}}
{"target": 4.611679999590622, "params": {"Bgrad": 0.9986193266142952, "d1": -2.723332573470538, "d2": -2.8503127351034925, "d3": -2.82334888538951, "d4": -1.5137770629790395, "p1": 5.515517785772341, "p2": 2.049159412937117, "p3": 38.05489659480201, "p4": 19.80494822665809, "pol1": 0.3759569149298604, "pol2": -0.11785074113504931, "pol3": -0.08310995024742313, "pol4": 0.011283648344412036, "v0s": 4.611679999590622}, "datetime": {"datetime": "2022-04-14 16:59:50", "elapsed": 4809.682889, "delta": 3.982352}}
{"target": -1.0, "params": {"Bgrad": 1.8775431900015678, "d1": -2.6482784559250305, "d2": 0.7647063681621362, "d3": -0.7931243302254773, "d4": -0.9036936873361574, "p1": 26.343111018455133, "p2": 10.961126734781507, "p3": 39.3286019362374, "p4": 34.52738840275715, "pol1": 0.7392515770623749, "pol2": 0.6669895466221438, "pol3": -0.031846269355798595, "pol4": 0.8233773544800858, "v0s": 6.30672996603942}, "datetime": {"datetime": "2022-04-14 17:00:10", "elapsed": 4830.202027, "delta": 20.519138}}
{"target": 2.246036459252298, "params": {"Bgrad": 1.4302615737248907, "d1": -1.134647032011621, "d2": -1.6006914984816754, "d3": 0.892510801192028, "d4": -0.9827212605930606, "p1": 4.186367762858456, "p2": 0.14397434484041405, "p3": 39.83502697571462, "p4": 48.095769492881416, "pol1": -0.9089881171823295, "pol2": -0.9951080136265624, "pol3": -0.17329228553910858, "pol4": 0.8113288445628914, "v0s": 2.246036459252298}, "datetime": {"datetime": "2022-04-14 17:00:19", "elapsed": 4839.06932, "delta": 8.867293}}
{"target": -1.0, "params": {"Bgrad": 0.6992291899283185, "d1": -1.0567617987689215, "d2": 0.2813804434358449, "d3": -1.8637276643007894, "d4": -2.8870025056536592, "p1": 20.794861579481044, "p2": 20.119521754778997, "p3": 22.472254359164168, "p4": 23.899178081790602, "pol1": 0.489854952290955, "pol2": -0.14344232078688024, "pol3": -0.2996354420073495, "pol4": -0.897655741140172, "v0s": 5.126282175560406}, "datetime": {"datetime": "2022-04-14 17:00:31", "elapsed": 4850.694238, "delta": 11.624918}}
{"target": 4.088300513987583, "params": {"Bgrad": 0.71366075178585, "d1": -1.4772868106004609, "d2": 0.3324769613396654, "d3": -0.45928460063203813, "d4": 0.28353538590063865, "p1": 16.62799544135869, "p2": 15.94702264573708, "p3": 26.657954294972065, "p4": 23.77480706442513, "pol1": -0.39112431210774345, "pol2": 0.20360775672059472, "pol3": 0.5706219709886409, "pol4": 0.8758517118173439, "v0s": 4.088300513987583}, "datetime": {"datetime": "2022-04-14 17:00:34", "elapsed": 4854.086169, "delta": 3.391931}}
{"target": -1.0, "params": {"Bgrad": 1.0545111894562174, "d1": -1.024688444944411, "d2": -1.851683516486509, "d3": -1.2154234388924912, "d4": -2.8253194261806858, "p1": 29.056964165620485, "p2": 10.237204023734787, "p3": 42.79780165171118, "p4": 36.67774641086794, "pol1": 0.08542440751819735, "pol2": 0.961336287390004, "pol3": 0.06627662811036017, "pol4": -0.5159670968703474, "v0s": 3.5337281402442797}, "datetime": {"datetime": "2022-04-14 17:00:58", "elapsed": 4878.502887, "delta": 24.416718}}
{"target": -1.0, "params": {"Bgrad": 0.7587239610968337, "d1": -2.12887469898609, "d2": -1.3262935750463685, "d3": 0.7507526406591198, "d4": 0.3946423317470562, "p1": 4.873880215706594, "p2": 1.8395643069623546, "p3": 42.427867076976256, "p4": 49.547734517601384, "pol1": -0.667302629178502, "pol2": -0.24985621886132336, "pol3": 0.536355984892821, "pol4": 0.7833238050274509, "v0s": 4.1577056713394756}, "datetime": {"datetime": "2022-04-14 17:01:22", "elapsed": 4901.730783, "delta": 23.227896}}
{"target": 5.276873072556515, "params": {"Bgrad": 1.0709922720252305, "d1": -3.0, "d2": -0.653136611519933, "d3": 0.2124512466059041, "d4": -0.5452296689600905, "p1": 31.920205693517087, "p2": 8.302815687139374, "p3": 6.954335326997091, "p4": 25.70906983343686, "pol1": 0.9970297184898416, "pol2": -1.0, "pol3": -0.45462342786834986, "pol4": -0.05784844001960807, "v0s": 5.276873072556515}, "datetime": {"datetime": "2022-04-14 17:01:30", "elapsed": 4910.359877, "delta": 8.629094}}
{"target": -1.0, "params": {"Bgrad": 1.0934002200809645, "d1": -1.1916887361190351, "d2": -0.7268222138613125, "d3": 0.019086272713854324, "d4": 0.6601309581875467, "p1": 15.588037507341463, "p2": 19.059933978780958, "p3": 23.42346218200106, "p4": 21.195556423371364, "pol1": -0.14925016054808116, "pol2": -0.05498657785563155, "pol3": 0.1479438942076916, "pol4": 0.601191894974912, "v0s": 6.071418138687349}, "datetime": {"datetime": "2022-04-14 17:01:46", "elapsed": 4925.884406, "delta": 15.524529}}
{"target": 5.82846540165947, "params": {"Bgrad": 1.4222455528253688, "d1": -3.0, "d2": -0.3772631759263532, "d3": 0.5471862988267576, "d4": -0.4022354045486098, "p1": 31.325109406238482, "p2": 8.93658614860194, "p3": 6.042233939365229, "p4": 25.303814281885348, "pol1": 0.6412990180762629, "pol2": -1.0, "pol3": -1.0, "pol4": 0.3421988840305204, "v0s": 5.82846540165947}, "datetime": {"datetime": "2022-04-14 17:01:56", "elapsed": 4936.443175, "delta": 10.558769}}
{"target": -1.0, "params": {"Bgrad": 1.1589858979647538, "d1": -2.8347630451090633, "d2": 0.12546196218622052, "d3": -1.9852462161440227, "d4": -1.8355646051800938, "p1": 25.96451301315475, "p2": 36.315964970985064, "p3": 23.323069313182852, "p4": 7.636371739295522, "pol1": 0.4763476568988909, "pol2": -0.9491320821808256, "pol3": 0.884052359084017, "pol4": 0.5545644409002277, "v0s": 3.3519588566148}, "datetime": {"datetime": "2022-04-14 17:02:12", "elapsed": 4952.473316, "delta": 16.030141}}
{"target": 4.131220079097888, "params": {"Bgrad": 1.746381206465915, "d1": -1.1424345836572143, "d2": 0.5824344897998244, "d3": -0.3848040226520537, "d4": -0.9314747347903041, "p1": 16.70901677439736, "p2": 17.264805275292716, "p3": 25.621560275561457, "p4": 23.69914548973654, "pol1": -0.453383702759053, "pol2": -0.12523926477676617, "pol3": -0.4217271831555902, "pol4": 0.3996481672861776, "v0s": 4.131220079097888}, "datetime": {"datetime": "2022-04-14 17:02:22", "elapsed": 4962.263141, "delta": 9.789825}}
{"target": 4.042246524554869, "params": {"Bgrad": 0.717301333801817, "d1": -2.8693419758372416, "d2": -0.7405691821492413, "d3": 0.8663412042040894, "d4": -1.1492141027701268, "p1": 34.480995094789144, "p2": 9.076941700359603, "p3": 8.040071154155942, "p4": 27.064671685946262, "pol1": 0.6922263887807845, "pol2": -0.6237284540329748, "pol3": -0.71954360190372, "pol4": -0.08822569847366268, "v0s": 4.042246524554869}, "datetime": {"datetime": "2022-04-14 17:02:25", "elapsed": 4965.480539, "delta": 3.217398}}
{"target": -1.0, "params": {"Bgrad": 1.6676008049854576, "d1": -2.4719603329400694, "d2": -0.36618903354405363, "d3": -2.2509487524084038, "d4": 0.4333872741451983, "p1": 7.892069811564428, "p2": 17.995576861264638, "p3": 45.17175278080753, "p4": 3.492370003494294, "pol1": -0.43171474922564856, "pol2": -0.07603646984052892, "pol3": -0.5784383382644154, "pol4": -0.2480290861173644, "v0s": 6.456085774608526}, "datetime": {"datetime": "2022-04-14 17:02:42", "elapsed": 4982.507214, "delta": 17.026675}}
{"target": -1.0, "params": {"Bgrad": 0.796749176971879, "d1": -1.2826771095340308, "d2": -1.6530160051953309, "d3": 0.9677800476291241, "d4": -1.479054015530941, "p1": 49.635043683240895, "p2": 25.94021253667071, "p3": 8.613985073856274, "p4": 3.728703562573993, "pol1": -0.25938861245222467, "pol2": -0.7531622803705402, "pol3": 0.2690374325836833, "pol4": -0.17216030854118225, "v0s": 7.945493795152701}, "datetime": {"datetime": "2022-04-14 17:28:45", "elapsed": 6545.056865, "delta": 1562.549651}}
{"target": -1.0, "params": {"Bgrad": 1.8949334354799767, "d1": -2.403055870761, "d2": -1.420470949852798, "d3": -1.1536811561504554, "d4": -0.7562049795122192, "p1": 39.018176164463426, "p2": 24.359695453671186, "p3": 20.99967760051204, "p4": 13.099985235966782, "pol1": 0.8216122781735169, "pol2": -0.9554569769343917, "pol3": 0.6422437964379293, "pol4": -0.623063200667163, "v0s": 6.114541395035284}, "datetime": {"datetime": "2022-04-14 17:29:03", "elapsed": 6562.734601, "delta": 17.677736}}
{"target": -1.0, "params": {"Bgrad": 1.0328140840094657, "d1": 0.8968505115803653, "d2": -2.50891148220232, "d3": -2.249720429531042, "d4": 0.5577699018579154, "p1": 29.170315730411396, "p2": 15.462319232938981, "p3": 0.038219273909401164, "p4": 11.379886916112653, "pol1": -0.7091927316575286, "pol2": -0.5931323512598188, "pol3": 0.7926451136080093, "pol4": 0.7461887565392811, "v0s": 6.201736625800699}, "datetime": {"datetime": "2022-04-14 17:29:13", "elapsed": 6573.03319, "delta": 10.298589}}
{"target": -1.0, "params": {"Bgrad": 1.2057465142283137, "d1": 0.3085440093291534, "d2": -1.0166944116591505, "d3": -1.546045266860379, "d4": -1.897587588956565, "p1": 46.23704067691858, "p2": 19.34946171281461, "p3": 24.644043671566013, "p4": 12.721905115721105, "pol1": 0.7699330376761266, "pol2": -0.23347308638942654, "pol3": -0.4048505693722495, "pol4": 0.43518992438950876, "v0s": 3.1452196590338444}, "datetime": {"datetime": "2022-04-14 17:29:29", "elapsed": 6588.715826, "delta": 15.682636}}
{"target": -1.0, "params": {"Bgrad": 0.6772889440205576, "d1": 0.3479911288540487, "d2": -0.023456314521859145, "d3": -0.6379178094115314, "d4": -2.0284337001405173, "p1": 31.162357259379203, "p2": 31.917766037058648, "p3": 16.378472205616255, "p4": 3.3744671533771142, "pol1": 0.7610771951286535, "pol2": -0.08008653785148323, "pol3": 0.5277454361328597, "pol4": -0.49222275811452065, "v0s": 5.548323093605101}, "datetime": {"datetime": "2022-04-14 17:29:34", "elapsed": 6594.398215, "delta": 5.682389}}
