{"target": 2.5895734234657124, "params": {"Bgrad": 1.0741532633038262, "d1": -1.8054028346516153, "d2": -0.9267532186549974, "d3": 0.3446929337514151, "d4": -1.1606558567647456, "p1": 33.15608052509171, "p2": 10.268149163942397, "p3": 8.150233451204397, "p4": 26.077812036234487, "pol1": 0.6733034499691497, "pol2": 0.7356835953125753, "pol3": 0.8580538963416731, "pol4": -0.2302084574320462, "v0s": 2.5895734234657124}, "datetime": {"datetime": "2022-06-24 23:57:18", "elapsed": 909.720787, "delta": 8.020553}}
{"target": 4.6711771964498, "params": {"Bgrad": 0.8673729354421386, "d1": -3.0, "d2": -3.0, "d3": -3.0, "d4": -0.835948578914175, "p1": 10.41872945810533, "p2": 2.3766463738094106, "p3": 35.36090893635939, "p4": 21.70374127316033, "pol1": 1.0, "pol2": 0.8605542552321678, "pol3": -0.4347622533533584, "pol4": -0.2986529167996416, "v0s": 4.6711771964498}, "datetime": {"datetime": "2022-06-24 23:57:24", "elapsed": 916.361031, "delta": 6.640244}}
{"target": -1.0, "params": {"Bgrad": 1.976943614083454, "d1": -0.89817511990289, "d2": 0.5949997043261805, "d3": -1.0523241105089838, "d4": -1.6560675042408883, "p1": 7.941649789554628, "p2": 11.949403453587298, "p3": 35.69762003472924, "p4": 31.42319584807104, "pol1": -0.21185012881928444, "pol2": -0.2636208037836185, "pol3": 0.014818195866528328, "pol4": 0.7363917972442835, "v0s": 2.7556048217938263}, "datetime": {"datetime": "2022-06-24 23:57:37", "elapsed": 929.222639, "delta": 12.861608}}
{"target": 4.655914953213485, "params": {"Bgrad": 1.3725786749357363, "d1": -2.0611592971706596, "d2": 0.3981221830335632, "d3": -2.3959938420297116, "d4": -1.3217685985664909, "p1": 29.687397570787493, "p2": 10.747909355982383, "p3": 37.29483563566847, "p4": 28.13600785050671, "pol1": 0.046400332594022174, "pol2": 0.42902800750585807, "pol3": 0.5534448165212363, "pol4": -0.09920703516433131, "v0s": 4.655914953213485}, "datetime": {"datetime": "2022-06-24 23:57:45", "elapsed": 937.177368, "delta": 7.954729}}
{"target": -1.0, "params": {"Bgrad": 0.6398129924065346, "d1": -0.08045456543514273, "d2": -1.406227865334198, "d3": -2.000885500919109, "d4": -1.4015036809796086, "p1": 43.578192740112534, "p2": 21.31317292651612, "p3": 29.707700135293912, "p4": 15.178113379658226, "pol1": -0.9189399628218242, "pol2": 0.5433504470602195, "pol3": -0.5662221143792383, "pol4": -0.8549379632044474, "v0s": 2.2564391100773626}, "datetime": {"datetime": "2022-06-24 23:57:52", "elapsed": 944.520732, "delta": 7.343364}}
{"target": -1.0, "params": {"Bgrad": 1.8374150422643765, "d1": -2.332663769595824, "d2": -2.2333688517814143, "d3": 0.7998061936959311, "d4": 0.6984189122078668, "p1": 32.53618174538505, "p2": 6.3231477436027195, "p3": 5.644271056088712, "p4": 28.448947501760586, "pol1": -0.18239252200182743, "pol2": -0.47686412979809023, "pol3": -0.7017611215088653, "pol4": 0.758885141359537, "v0s": 6.076543261884791}, "datetime": {"datetime": "2022-06-24 23:58:05", "elapsed": 956.99338, "delta": 12.472648}}
{"target": -1.0, "params": {"Bgrad": 1.5349879263884987, "d1": 0.007487776679737657, "d2": -0.16338258568378183, "d3": 0.34926772014297836, "d4": -2.0413141329975057, "p1": 43.791085705190966, "p2": 22.08517290327274, "p3": 24.13669606497712, "p4": 13.143408691217607, "pol1": -0.9245174771687028, "pol2": -0.5462714974843763, "pol3": 0.09007403090447186, "pol4": -0.5855232957170888, "v0s": 2.8579596453109692}, "datetime": {"datetime": "2022-06-24 23:58:20", "elapsed": 972.2815, "delta": 15.28812}}
{"target": -1.0, "params": {"Bgrad": 1.7049970219378814, "d1": -2.6666267174625267, "d2": 0.22268203813954912, "d3": -2.8395812624239576, "d4": -1.3488701871193944, "p1": 6.642227881563806, "p2": 6.3825025574577365, "p3": 33.2473513798117, "p4": 31.311047696856487, "pol1": -0.6171486366629615, "pol2": 0.9931668808186294, "pol3": -0.6364637357766225, "pol4": 0.3560702817911796, "v0s": 3.4684004761989335}, "datetime": {"datetime": "2022-06-24 23:58:29", "elapsed": 981.486884, "delta": 9.205384}}
{"target": -1.0, "params": {"Bgrad": 0.8241348187146218, "d1": -0.9304196161538285, "d2": 0.4504736465738879, "d3": -0.5042747686873139, "d4": -0.12698418851260262, "p1": 7.635238602448791, "p2": 37.072167726342755, "p3": 33.62185644403078, "p4": 36.71476199329089, "pol1": -0.7266296526028873, "pol2": 0.7268975728180478, "pol3": 0.07916657202336763, "pol4": 0.3091334776341983, "v0s": 4.505319482070394}, "datetime": {"datetime": "2022-06-24 23:58:39", "elapsed": 991.158023, "delta": 9.671139}}
{"target": -1.0, "params": {"Bgrad": 1.1850826796344953, "d1": -2.5030020583324815, "d2": 0.4833756544424954, "d3": -1.672743325093065, "d4": 0.08608457089750221, "p1": 3.8976330154727066, "p2": 36.2729186758404, "p3": 34.68232702799296, "p4": 34.848545147136164, "pol1": 0.1333971983286415, "pol2": 0.7795838251758058, "pol3": -0.24824799273311093, "pol4": -0.24028144514656002, "v0s": 2.69458085321827}, "datetime": {"datetime": "2022-06-24 23:58:54", "elapsed": 1006.044218, "delta": 14.886195}}
{"target": 3.721631018513939, "params": {"Bgrad": 0.9429901292503324, "d1": -1.9106621240448862, "d2": -0.14390593538661056, "d3": -1.1004710095720962, "d4": -2.9563560308085304, "p1": 1.3657237655781862, "p2": 13.842155801385752, "p3": 39.26167781102387, "p4": 30.908563826877838, "pol1": -0.12904883068869655, "pol2": 0.2789107076911366, "pol3": 0.23134871543652236, "pol4": -0.2834907213253419, "v0s": 3.721631018513939}, "datetime": {"datetime": "2022-06-24 23:59:01", "elapsed": 1013.33572, "delta": 7.291502}}
{"target": 3.853255566957575, "params": {"Bgrad": 0.8986011534619107, "d1": -1.8709106437700598, "d2": -1.1580630987459415, "d3": 0.9030099721252709, "d4": -0.18718392610668522, "p1": 5.893847189429557, "p2": 12.62477695129402, "p3": 33.36538291041687, "p4": 32.11083372445511, "pol1": 0.9514670550758135, "pol2": -0.49498256023685694, "pol3": 0.3997799044803605, "pol4": -0.35966859457035816, "v0s": 3.853255566957575}, "datetime": {"datetime": "2022-06-24 23:59:16", "elapsed": 1027.785083, "delta": 14.449363}}
{"target": 3.884397838033902, "params": {"Bgrad": 1.5596252971656634, "d1": -2.673435080243074, "d2": 0.8943972530635214, "d3": -0.9208167030650642, "d4": -2.694704263848389, "p1": 5.539186670370288, "p2": 8.520162426756468, "p3": 38.86761903399889, "p4": 29.727399262469064, "pol1": 0.43910045570939515, "pol2": -0.6527407179783666, "pol3": 0.3378045182421703, "pol4": 0.6087918009769544, "v0s": 3.884397838033902}, "datetime": {"datetime": "2022-06-24 23:59:25", "elapsed": 1036.977502, "delta": 9.192419}}
{"target": 2.8850532421952986, "params": {"Bgrad": 0.8136845830547967, "d1": -1.0512350179809007, "d2": 0.16031830211527195, "d3": -2.3301835487673648, "d4": -1.4063706168810937, "p1": 44.72001689858179, "p2": 21.709899655967522, "p3": 23.97290969162458, "p4": 18.716284349165875, "pol1": 0.11504469878030692, "pol2": -0.22661128262844688, "pol3": 0.23413459880613785, "pol4": -0.08205365787957533, "v0s": 2.8850532421952986}, "datetime": {"datetime": "2022-06-24 23:59:31", "elapsed": 1042.924599, "delta": 5.947097}}
{"target": 3.059055654524591, "params": {"Bgrad": 1.495655001672267, "d1": -0.38360836549745025, "d2": 0.008743675194947897, "d3": -1.5000909311941095, "d4": -1.3402361809925045, "p1": 30.583335430704572, "p2": 26.04857178227259, "p3": 7.008102444483616, "p4": 44.63057363840102, "pol1": -0.9857031015622035, "pol2": 0.8819046940185182, "pol3": 0.591565430100877, "pol4": -0.6181578930329203, "v0s": 3.059055654524591}, "datetime": {"datetime": "2022-06-24 23:59:37", "elapsed": 1049.612715, "delta": 6.688116}}
{"target": 2.293291915640226, "params": {"Bgrad": 1.0068260251574987, "d1": -0.788234839827864, "d2": -2.8168040615869967, "d3": -0.009039160541306629, "d4": -2.7820737410569456, "p1": 20.340135292899916, "p2": 23.420784303145204, "p3": 17.450427476548356, "p4": 18.828857410714818, "pol1": -0.683385106156556, "pol2": -1.0, "pol3": 0.28118305087245243, "pol4": 0.18896668850325565, "v0s": 2.293291915640226}, "datetime": {"datetime": "2022-06-24 23:59:44", "elapsed": 1056.033546, "delta": 6.420831}}
{"target": -1.0, "params": {"Bgrad": 1.147880100670426, "d1": -1.1231400604241886, "d2": -0.5504483145124714, "d3": -0.8275447601931805, "d4": -1.6781075293211045, "p1": 2.861354035020863, "p2": 14.379018128252124, "p3": 40.073085025007394, "p4": 27.919860468817458, "pol1": 0.4376115783826331, "pol2": 0.5692725599816186, "pol3": 0.5042527110462107, "pol4": 0.8244831140178537, "v0s": 2.4719526256617534}, "datetime": {"datetime": "2022-06-24 23:59:51", "elapsed": 1063.649181, "delta": 7.615635}}
{"target": 4.020255735926087, "params": {"Bgrad": 1.295836508917408, "d1": -2.675471051565489, "d2": -0.6351859855993099, "d3": -1.7381795685908257, "d4": -2.1300941661489725, "p1": 5.0533493321803915, "p2": 12.780004775753769, "p3": 35.18212218272327, "p4": 30.10638283027759, "pol1": -0.12286803073703943, "pol2": -0.10150215069973685, "pol3": -0.047986643981305574, "pol4": 0.22443118340262136, "v0s": 4.020255735926087}, "datetime": {"datetime": "2022-06-24 23:59:58", "elapsed": 1070.538759, "delta": 6.889578}}
{"target": 3.528021962633416, "params": {"Bgrad": 1.7728924011339122, "d1": -1.28160295914195, "d2": 1.0, "d3": -0.9671409336144172, "d4": -2.1566918113407616, "p1": 47.99762322044525, "p2": 44.9214086510117, "p3": 7.45297422083458, "p4": 13.6221734905697, "pol1": 0.8306255930406509, "pol2": 0.9899531535186487, "pol3": -0.49735997501290286, "pol4": 0.37316128127643583, "v0s": 3.528021962633416}, "datetime": {"datetime": "2022-06-25 00:00:06", "elapsed": 1077.794357, "delta": 7.255598}}
{"target": 3.7569180550457375, "params": {"Bgrad": 1.4724125745091352, "d1": -2.4793691816503856, "d2": -0.40278734712934233, "d3": -1.1639271666645374, "d4": -1.9040848442748353, "p1": 4.830063726451139, "p2": 11.804592695481954, "p3": 35.301917523484015, "p4": 26.52023854712663, "pol1": 0.48227553355871716, "pol2": -0.8483907901285045, "pol3": 0.03564026245977142, "pol4": 0.019015036203562725, "v0s": 3.7569180550457375}, "datetime": {"datetime": "2022-06-25 00:00:14", "elapsed": 1086.404334, "delta": 8.609977}}
{"target": -1.0, "params": {"Bgrad": 1.5474795008866042, "d1": -2.0796710578456565, "d2": -1.5077334689745319, "d3": -1.9249075983513269, "d4": -2.6503304831557717, "p1": 45.17743032655613, "p2": 16.217409861380027, "p3": 26.974585126454215, "p4": 12.594953589862184, "pol1": -0.43322710023485456, "pol2": -0.4046800674879998, "pol3": 0.37970837477807934, "pol4": -0.5439560240688853, "v0s": 3.418211702901104}, "datetime": {"datetime": "2022-06-25 00:00:27", "elapsed": 1098.936823, "delta": 12.532489}}
{"target": 4.0236527376348565, "params": {"Bgrad": 0.9815289927768189, "d1": -2.167782942678754, "d2": 0.22121649735801086, "d3": -2.8675301419842376, "d4": -2.0001191625009582, "p1": 9.36469677304862, "p2": 7.095090360038498, "p3": 36.416387241688575, "p4": 32.0271370354339, "pol1": 0.7167568457616529, "pol2": 0.30437919353480236, "pol3": 0.15462366735296995, "pol4": -0.764460034301687, "v0s": 4.0236527376348565}, "datetime": {"datetime": "2022-06-25 00:00:34", "elapsed": 1106.224335, "delta": 7.287512}}
{"target": 3.999100181540639, "params": {"Bgrad": 1.6273815875820958, "d1": 0.14634716002008963, "d2": 0.7027363968965781, "d3": -0.6161068990256346, "d4": -1.2162912743125727, "p1": 0.9395890286826691, "p2": 10.892348805515295, "p3": 34.75644283392985, "p4": 25.849556420065404, "pol1": -0.3375355224447045, "pol2": -0.43129061223251663, "pol3": -0.3809522518247328, "pol4": 0.5417633153210533, "v0s": 3.999100181540639}, "datetime": {"datetime": "2022-06-25 00:00:41", "elapsed": 1113.46697, "delta": 7.242635}}
{"target": 3.6661268070898916, "params": {"Bgrad": 1.8318859223844577, "d1": -1.4603729915465822, "d2": -1.3004548867921066, "d3": -2.0284778916123396, "d4": -2.9105483534353875, "p1": 7.168815214006469, "p2": 22.105841866610852, "p3": 0.4892620355432531, "p4": 31.19372160983689, "pol1": -0.967709490807944, "pol2": -0.42994299878295816, "pol3": -0.2331501114724306, "pol4": 0.694510209241427, "v0s": 3.6661268070898916}, "datetime": {"datetime": "2022-06-25 00:00:48", "elapsed": 1120.61286, "delta": 7.14589}}
{"target": -1.0, "params": {"Bgrad": 0.9192694048961527, "d1": -2.546533798849628, "d2": -0.3260881694557436, "d3": -1.2885442247730978, "d4": -1.2455541385900526, "p1": 12.380681904934182, "p2": 4.060164970977143, "p3": 28.501010183703464, "p4": 22.008913089297373, "pol1": -0.8419462537948177, "pol2": 0.8794691586136707, "pol3": 0.476774076911884, "pol4": -0.18568147309000516, "v0s": 2.3712456604795777}, "datetime": {"datetime": "2022-06-25 00:00:58", "elapsed": 1130.561258, "delta": 9.948398}}
{"target": 3.578880796728958, "params": {"Bgrad": 1.5761359556418433, "d1": -0.8131649805823549, "d2": -0.12982833658327975, "d3": -1.3741543476721882, "d4": -1.5640521882082905, "p1": 9.355127601880387, "p2": 37.8581008274116, "p3": 37.2554200974917, "p4": 36.067529203593836, "pol1": 0.7245375602579736, "pol2": -0.027136184501486138, "pol3": -0.057620024507109235, "pol4": 0.893496991196205, "v0s": 3.578880796728958}, "datetime": {"datetime": "2022-06-25 00:01:09", "elapsed": 1141.078137, "delta": 10.516879}}
{"target": -1.0, "params": {"Bgrad": 0.5, "d1": -1.4964795076451376, "d2": -2.662986189404146, "d3": -2.4919495693344382, "d4": -0.5458940925348805, "p1": 19.869931474593585, "p2": 16.447107767652867, "p3": 28.728474206017843, "p4": 49.18539718804757, "pol1": 1.0, "pol2": -0.521780627711593, "pol3": 0.23674756597781563, "pol4": -0.9118693589181145, "v0s": 2.8294447752204808}, "datetime": {"datetime": "2022-06-25 00:01:19", "elapsed": 1151.434444, "delta": 10.356307}}
{"target": -1.0, "params": {"Bgrad": 0.709173770656638, "d1": -0.1387815186773551, "d2": 0.8276934969779899, "d3": -0.9635379010765863, "d4": -1.6511318872628515, "p1": 6.956113647750339, "p2": 12.754601422270124, "p3": 33.8457097105115, "p4": 33.07603873800739, "pol1": 0.26284001466983886, "pol2": 0.7335538761504665, "pol3": 0.44174238330348414, "pol4": -0.546863612462327, "v0s": 5.04130149570723}, "datetime": {"datetime": "2022-06-25 00:01:28", "elapsed": 1159.910778, "delta": 8.476334}}
{"target": 2.213121302828954, "params": {"Bgrad": 1.7371023242814527, "d1": -2.8611789819369258, "d2": -0.09378875832079414, "d3": -1.7202300843436484, "d4": -2.0605916524344625, "p1": 6.5917752880792655, "p2": 23.16458493431434, "p3": 0.7829383539653123, "p4": 32.14151551071276, "pol1": 0.6488943482139118, "pol2": -0.12044235008436965, "pol3": -0.544127198390782, "pol4": -0.9997637199890985, "v0s": 2.213121302828954}, "datetime": {"datetime": "2022-06-25 00:01:34", "elapsed": 1166.411395, "delta": 6.500617}}
{"target": -1.0, "params": {"Bgrad": 1.0296723525316387, "d1": -1.0562113381181284, "d2": 0.9092211687858724, "d3": -0.00723544165334955, "d4": -1.3432807916503982, "p1": 6.18163452891074, "p2": 13.78172185889865, "p3": 36.18317575530853, "p4": 30.977025948068103, "pol1": -0.22358407896434107, "pol2": 0.5856296435227046, "pol3": -0.7671752448004119, "pol4": 0.29798954260502697, "v0s": 6.083749486476669}, "datetime": {"datetime": "2022-06-25 00:01:48", "elapsed": 1180.378048, "delta": 13.966653}}
{"target": 3.6054208353723864, "params": {"Bgrad": 1.489300578656652, "d1": -2.1525394013862447, "d2": -1.0235370289372576, "d3": -0.9282536301581392, "d4": -0.25535195978826586, "p1": 44.06933009857304, "p2": 21.307098840214252, "p3": 25.874143112081537, "p4": 11.197872248733159, "pol1": -0.18504104701423318, "pol2": -0.3484546406896203, "pol3": 0.06129945915797297, "pol4": -0.4650354483177115, "v0s": 3.6054208353723864}, "datetime": {"datetime": "2022-06-25 00:01:56", "elapsed": 1187.705454, "delta": 7.327406}}
{"target": 4.48813281385297, "params": {"Bgrad": 0.5408133784309943, "d1": -2.9144844335621447, "d2": -1.1695565239883332, "d3": -0.35314475001559886, "d4": -0.8500181337612176, "p1": 3.1734590827066755, "p2": 13.690207428356777, "p3": 33.22068816367697, "p4": 31.799172818975475, "pol1": -0.8699113376667824, "pol2": -0.8832382444540587, "pol3": 0.39712174731651473, "pol4": 0.6075805269367212, "v0s": 4.48813281385297}, "datetime": {"datetime": "2022-06-25 00:02:04", "elapsed": 1195.72102, "delta": 8.015566}}
{"target": 4.8320205870089215, "params": {"Bgrad": 0.9093974319613665, "d1": -0.9554524810467382, "d2": 0.4682352910914087, "d3": -1.3653329114740052, "d4": -2.9434524758529514, "p1": 10.450513474632539, "p2": 14.49624078705743, "p3": 8.475881154865538, "p4": 27.58207576094159, "pol1": 0.6614551045387365, "pol2": -0.6882857920410386, "pol3": 0.3730056216818256, "pol4": 0.7789612772212602, "v0s": 4.8320205870089215}, "datetime": {"datetime": "2022-06-25 00:02:12", "elapsed": 1204.115573, "delta": 8.394553}}
{"target": -1.0, "params": {"Bgrad": 1.416761266091398, "d1": -2.4681671742193045, "d2": 0.4629663736477956, "d3": -0.7798779377560807, "d4": -2.5027253352685874, "p1": 4.665510459074923, "p2": 8.964382194058484, "p3": 34.678410698225434, "p4": 33.425969439081186, "pol1": 0.7132524965782863, "pol2": 0.45995234921752526, "pol3": -0.32432712887356296, "pol4": -0.9933606119290312, "v0s": 2.2126358866407863}, "datetime": {"datetime": "2022-06-25 00:02:23", "elapsed": 1215.38843, "delta": 11.272857}}
{"target": -1.0, "params": {"Bgrad": 0.6922024381987348, "d1": 0.6028989236421065, "d2": 0.4713481096714558, "d3": 0.9326542048043263, "d4": -0.23438030351615247, "p1": 7.857975886210255, "p2": 35.955589965725004, "p3": 36.651670475529485, "p4": 34.68141789266751, "pol1": -0.28902167858181627, "pol2": 0.3301050183588863, "pol3": 0.824425853283747, "pol4": -0.9057030122870067, "v0s": 4.457200903556141}, "datetime": {"datetime": "2022-06-25 00:02:32", "elapsed": 1224.006385, "delta": 8.617955}}
{"target": -1.0, "params": {"Bgrad": 1.346349797078035, "d1": -2.225176074676789, "d2": -0.9027447375662252, "d3": -0.6352385001746912, "d4": -0.6734398970239992, "p1": 8.681901733174351, "p2": 8.637437907245083, "p3": 33.07691831882637, "p4": 33.39164497437995, "pol1": 0.8946862885353444, "pol2": 0.9605165106777398, "pol3": 0.6824831456045231, "pol4": -0.8241482219003531, "v0s": 4.213668778823328}, "datetime": {"datetime": "2022-06-25 00:02:58", "elapsed": 1250.306061, "delta": 26.299676}}
{"target": 3.6834653932777828, "params": {"Bgrad": 1.7941848251608787, "d1": -1.3573588919417456, "d2": 0.5575686219392902, "d3": -1.2620872986759737, "d4": -1.4261272490537893, "p1": 48.2820542972181, "p2": 44.41777631032933, "p3": 7.155233043204753, "p4": 14.203617011644019, "pol1": 0.6351219510404333, "pol2": 1.0, "pol3": -0.6239449292802411, "pol4": -0.12430743227840509, "v0s": 3.6834653932777828}, "datetime": {"datetime": "2022-06-25 00:03:08", "elapsed": 1260.087904, "delta": 9.781843}}
{"target": 4.506934576950478, "params": {"Bgrad": 1.5245660737889646, "d1": -1.975099973363042, "d2": 0.2380585089108069, "d3": -2.0251383009702084, "d4": -1.505303203708296, "p1": 29.182772729729866, "p2": 10.632197922395873, "p3": 36.67004625663067, "p4": 28.241735665623693, "pol1": 0.1213025625638974, "pol2": 0.9040690946565512, "pol3": 0.9349501212221395, "pol4": -0.13545320495237526, "v0s": 4.506934576950478}, "datetime": {"datetime": "2022-06-25 00:03:17", "elapsed": 1268.920286, "delta": 8.832382}}
{"target": -1.0, "params": {"Bgrad": 1.7409264836253417, "d1": -0.7594541468500089, "d2": -1.7602291160504149, "d3": -0.5071036575727388, "d4": -0.0059127699245919985, "p1": 7.303121791820866, "p2": 14.201206237343794, "p3": 37.16485088124061, "p4": 29.355032425864113, "pol1": 0.3942329143362149, "pol2": -0.7723930389385498, "pol3": -0.4608525994888679, "pol4": -0.6057685073846517, "v0s": 3.888684701853655}, "datetime": {"datetime": "2022-06-25 00:03:31", "elapsed": 1283.355685, "delta": 14.435399}}
{"target": -1.0, "params": {"Bgrad": 1.666843823212598, "d1": -1.6739833096064602, "d2": -2.082364272154804, "d3": -2.7889008298769458, "d4": -1.2774113791371349, "p1": 3.645127440525192, "p2": 14.555156856668738, "p3": 35.53246523449973, "p4": 32.42572902043916, "pol1": 0.5457567673659462, "pol2": 0.5915779050559278, "pol3": -0.9224954098161602, "pol4": 0.690432630285279, "v0s": 3.788153859690442}, "datetime": {"datetime": "2022-06-25 00:03:46", "elapsed": 1298.489218, "delta": 15.133533}}
{"target": 2.847642096987385, "params": {"Bgrad": 1.8055328444726682, "d1": -1.7548746796625188, "d2": 0.9197964143254862, "d3": -2.216687065750628, "d4": -1.7703828628890115, "p1": 47.9595019951428, "p2": 46.03851919683349, "p3": 5.8138840016359055, "p4": 11.718959238124693, "pol1": 0.5211404695313688, "pol2": 0.5119063085342936, "pol3": 0.7001766295991065, "pol4": -0.20896026641781384, "v0s": 2.847642096987385}, "datetime": {"datetime": "2022-06-25 00:03:51", "elapsed": 1302.952287, "delta": 4.463069}}
{"target": 3.960162681369252, "params": {"Bgrad": 1.9693547853845579, "d1": -1.5763854625788292, "d2": 0.6380658850713201, "d3": -1.199511922060272, "d4": -1.6265243996006555, "p1": 48.00319114204283, "p2": 44.90130722127222, "p3": 7.938949999031419, "p4": 13.70910001689215, "pol1": 0.05017208906017566, "pol2": 0.7341668054522774, "pol3": -0.7639113426600865, "pol4": 0.009372962270967818, "v0s": 3.960162681369252}, "datetime": {"datetime": "2022-06-25 00:04:02", "elapsed": 1314.218159, "delta": 11.265872}}
{"target": -1.0, "params": {"Bgrad": 0.5778630597809886, "d1": -2.4553382299709154, "d2": -0.9521401809237475, "d3": -1.654712921896203, "d4": -2.1452144233397834, "p1": 4.392368479787928, "p2": 12.76537799467063, "p3": 33.724573229436054, "p4": 30.789651262375457, "pol1": -0.9347975118362886, "pol2": -0.8168668331392859, "pol3": -0.41613993089613555, "pol4": 0.8743089860944637, "v0s": 5.919587644336386}, "datetime": {"datetime": "2022-06-25 00:04:11", "elapsed": 1323.396615, "delta": 9.178456}}
