{"target": 0.005220092768262782, "params": {"beta_1": 0.06074178654417284, "beta_2": 2.140212475813048, "det_1": 157.23323964732862, "det_2": 21.62659912281768, "laseroff": 457389.01135726745, "laseron": 157661.24472895078, "main_det": 10.928539907591134}, "datetime": {"datetime": "2022-01-07 23:17:34", "elapsed": 6900.735625, "delta": 175.187549}}
{"target": 0.0, "params": {"beta_1": 0.4060344723461078, "beta_2": 0.4476899033100151, "det_1": 92.83449260851383, "det_2": 20.570777816578058, "laseroff": 302051.45134194737, "laseron": 299817.0774300492, "main_det": 18.68020977025308}, "datetime": {"datetime": "2022-01-07 23:17:50", "elapsed": 6915.839973, "delta": 15.104348}}
{"target": 0.005684764776500269, "params": {"beta_1": 1.4305743641831938, "beta_2": 0.007825259553442265, "det_1": 108.62483106107615, "det_2": 14.083841267878629, "laseroff": 481418.002696443, "laseron": 205786.92296271672, "main_det": 11.7751552374054}, "datetime": {"datetime": "2022-01-07 23:20:52", "elapsed": 7098.161394, "delta": 182.321421}}
{"target": 0.0, "params": {"beta_1": 0.45113346371548735, "beta_2": 4.797121288091618, "det_1": 79.16369989095091, "det_2": 15.342204021886001, "laseroff": 355317.7056554485, "laseron": 224511.3321758106, "main_det": 13.713595267207623}, "datetime": {"datetime": "2022-01-07 23:22:27", "elapsed": 7193.441616, "delta": 95.280222}}
{"target": 0.0001371004025347124, "params": {"beta_1": 1.744360816272192, "beta_2": 0.5846938138265334, "det_1": 103.72486756308226, "det_2": 20.746509178575145, "laseroff": 366578.5482073283, "laseron": 237174.20070630423, "main_det": 10.337137144185562}, "datetime": {"datetime": "2022-01-07 23:24:21", "elapsed": 7306.825789, "delta": 113.384173}}
{"target": 0.004096980669400713, "params": {"beta_1": 0.8147506277458743, "beta_2": 0.042114904017567234, "det_1": 120.22376331518436, "det_2": 27.78695854217299, "laseroff": 537994.6491899797, "laseron": 254983.6242953112, "main_det": 10.661826940114196}, "datetime": {"datetime": "2022-01-07 23:27:31", "elapsed": 7497.388962, "delta": 190.563173}}
{"target": 0.061073718545973245, "params": {"beta_1": 0.8596644163607214, "beta_2": 0.13054593356599475, "det_1": 103.67688950911871, "det_2": 19.78588443498989, "laseroff": 488008.60207718424, "laseron": 236905.12475304957, "main_det": 19.611857307237354}, "datetime": {"datetime": "2022-01-07 23:30:05", "elapsed": 7651.044604, "delta": 153.655642}}
{"target": 0.05586334274217727, "params": {"beta_1": 1.7538751743470655, "beta_2": 0.10867653282173206, "det_1": 116.59599715313693, "det_2": 15.660833155990106, "laseroff": 428482.23936244793, "laseron": 212465.3080665361, "main_det": 18.616518370866512}, "datetime": {"datetime": "2022-01-07 23:32:26", "elapsed": 7792.797223, "delta": 141.752619}}
{"target": 0.003895428294589561, "params": {"beta_1": 0.8854444835207436, "beta_2": 2.9810415468322233, "det_1": 134.48899838051443, "det_2": 28.464739924656868, "laseroff": 316554.78949274716, "laseron": 191917.85923360082, "main_det": 14.25345501484454}, "datetime": {"datetime": "2022-01-07 23:34:03", "elapsed": 7889.252201, "delta": 96.454978}}
{"target": 0.0019819038317309442, "params": {"beta_1": 1.5296708779393156, "beta_2": 4.4555380229796935, "det_1": 72.61288042212018, "det_2": 24.918985579152817, "laseroff": 589178.0612980393, "laseron": 244812.4321355949, "main_det": 14.412071996817513}, "datetime": {"datetime": "2022-01-07 23:37:11", "elapsed": 8077.245946, "delta": 187.993745}}
{"target": 0.00034388907735243246, "params": {"beta_1": 0.3059275234518013, "beta_2": 4.476388015492438, "det_1": 169.22131205343783, "det_2": 28.990863697664647, "laseroff": 544030.7392709537, "laseron": 157281.55459694343, "main_det": 10.612343669575598}, "datetime": {"datetime": "2022-01-07 23:40:12", "elapsed": 8258.010537, "delta": 180.764591}}
{"target": 0.06338255888227484, "params": {"beta_1": 1.174049658265845, "beta_2": 3.437604728814321, "det_1": 115.49496654453418, "det_2": 15.388812962322799, "laseroff": 411581.2063215908, "laseron": 235170.32507489598, "main_det": 19.67630442684696}, "datetime": {"datetime": "2022-01-07 23:42:49", "elapsed": 8415.040028, "delta": 157.029491}}
{"target": 0.06141078897838347, "params": {"beta_1": 1.8415785624919123, "beta_2": 3.2709025489373023, "det_1": 118.16064187821355, "det_2": 29.719616900523025, "laseroff": 507522.14246356126, "laseron": 241754.77693455492, "main_det": 18.61801348429875}, "datetime": {"datetime": "2022-01-07 23:45:50", "elapsed": 8596.412991, "delta": 181.372963}}
{"target": 5.5541111084576625e-05, "params": {"beta_1": 0.9831117010528143, "beta_2": 3.733973322091693, "det_1": 99.97763698216102, "det_2": 23.329915493772493, "laseroff": 373816.3764037569, "laseron": 261001.34890862263, "main_det": 12.628259257820803}, "datetime": {"datetime": "2022-01-07 23:47:48", "elapsed": 8713.83121, "delta": 117.418219}}
{"target": 0.001188543091856113, "params": {"beta_1": 0.8434097416512834, "beta_2": 4.84768969368001, "det_1": 137.79717113972384, "det_2": 27.45624037856635, "laseroff": 586063.9624319358, "laseron": 265727.2052340872, "main_det": 12.667951471202096}, "datetime": {"datetime": "2022-01-07 23:50:54", "elapsed": 8899.935311, "delta": 186.104101}}
{"target": 0.032032618818714886, "params": {"beta_1": 1.2278265504441046, "beta_2": 1.2675774106600128, "det_1": 87.72640161554511, "det_2": 9.063658802025707, "laseroff": 470118.4595931034, "laseron": 236418.18210206053, "main_det": 14.747713458349393}, "datetime": {"datetime": "2022-01-07 23:53:57", "elapsed": 9083.468247, "delta": 183.532936}}
{"target": 0.0, "params": {"beta_1": 1.2743043042051039, "beta_2": 4.4999851084032825, "det_1": 159.89201550521165, "det_2": 8.503415160848256, "laseroff": 345029.249438773, "laseron": 180632.150269821, "main_det": 19.690706945544715}, "datetime": {"datetime": "2022-01-07 23:55:51", "elapsed": 9196.840695, "delta": 113.372448}}
{"target": 0.0007815403235406816, "params": {"beta_1": 0.6059594838482689, "beta_2": 1.9594030902267978, "det_1": 158.02738644300786, "det_2": 5.397622245587409, "laseroff": 432145.1314498447, "laseron": 268324.9109742845, "main_det": 10.014977664926171}, "datetime": {"datetime": "2022-01-07 23:58:39", "elapsed": 9365.366809, "delta": 168.526114}}
{"target": 0.0640037923549335, "params": {"beta_1": 0.99710618749609, "beta_2": 3.5702162439461453, "det_1": 81.49710443438588, "det_2": 13.579937516945794, "laseroff": 491474.7483480134, "laseron": 206773.58172387694, "main_det": 19.788363773906237}, "datetime": {"datetime": "2022-01-08 00:01:28", "elapsed": 9534.18104, "delta": 168.814231}}
{"target": 0.001908327801310598, "params": {"beta_1": 0.9613358014403257, "beta_2": 4.88780334713318, "det_1": 155.89495656936782, "det_2": 18.691859551989275, "laseroff": 531755.4760793553, "laseron": 179769.55553425997, "main_det": 12.469509311512496}, "datetime": {"datetime": "2022-01-08 00:04:31", "elapsed": 9716.928437, "delta": 182.747397}}
{"target": 0.0018262611074758865, "params": {"beta_1": 1.1299321558440438, "beta_2": 4.726220767735998, "det_1": 152.68036247961533, "det_2": 29.91563481442584, "laseroff": 474069.86880508106, "laseron": 186511.7102963485, "main_det": 12.198793651171762}, "datetime": {"datetime": "2022-01-08 00:07:15", "elapsed": 9881.297347, "delta": 164.36891}}
{"target": 0.0029281253927136573, "params": {"beta_1": 0.2927376358941156, "beta_2": 1.3357913663236898, "det_1": 102.8841408254591, "det_2": 19.977767439348135, "laseroff": 356939.63139964227, "laseron": 277918.42390355223, "main_det": 19.890784427126924}, "datetime": {"datetime": "2022-01-08 00:09:22", "elapsed": 10007.88262, "delta": 126.585273}}
{"target": 0.002305703691056906, "params": {"beta_1": 1.139865428970807, "beta_2": 3.7012738506428144, "det_1": 168.2733929832816, "det_2": 11.299603662014727, "laseroff": 443880.63991829834, "laseron": 214923.38282426284, "main_det": 11.122329190709006}, "datetime": {"datetime": "2022-01-08 00:12:14", "elapsed": 10180.207362, "delta": 172.324742}}
{"target": 0.007582178276880203, "params": {"beta_1": 1.4770445944755028, "beta_2": 4.223264511432247, "det_1": 124.15162790135957, "det_2": 10.458019028399308, "laseroff": 428470.862550894, "laseron": 211636.52885837486, "main_det": 15.147747816577517}, "datetime": {"datetime": "2022-01-08 00:15:00", "elapsed": 10346.466782, "delta": 166.25942}}
{"target": 0.020282418425554925, "params": {"beta_1": 0.6775041721468795, "beta_2": 3.2823049374827367, "det_1": 168.31180306325572, "det_2": 7.695571443718212, "laseroff": 314394.00869727647, "laseron": 151229.6437421826, "main_det": 17.249344005958864}, "datetime": {"datetime": "2022-01-08 00:17:02", "elapsed": 10468.489932, "delta": 122.02315}}
{"target": 0.0, "params": {"beta_1": 0.5726384736540218, "beta_2": 4.198674393872828, "det_1": 99.14032296479279, "det_2": 5.353725261474117, "laseroff": 552446.0658459221, "laseron": 298059.3208116836, "main_det": 10.296483882880947}, "datetime": {"datetime": "2022-01-08 00:20:09", "elapsed": 10655.119007, "delta": 186.629075}}
{"target": 0.036259286932079304, "params": {"beta_1": 0.22532030580665974, "beta_2": 3.5927616892825447, "det_1": 78.61554690070886, "det_2": 27.02265619247503, "laseroff": 563377.7206721627, "laseron": 295291.72878023784, "main_det": 18.749902162398087}, "datetime": {"datetime": "2022-01-08 00:23:41", "elapsed": 10867.249982, "delta": 212.130975}}
{"target": 0.0255192504588418, "params": {"beta_1": 1.8651909260743271, "beta_2": 3.4840908074495007, "det_1": 76.60001727220624, "det_2": 23.88657631506166, "laseroff": 526163.1026621854, "laseron": 287548.44886999915, "main_det": 17.115247586284717}, "datetime": {"datetime": "2022-01-08 01:05:46", "elapsed": 13392.25336, "delta": 2525.003378}}
{"target": 0.001042317972848923, "params": {"beta_1": 0.2485419239443294, "beta_2": 0.09940066919897794, "det_1": 72.62109868777193, "det_2": 5.707662200519865, "laseroff": 373864.0740698462, "laseron": 277358.120978944, "main_det": 15.388310643416528}, "datetime": {"datetime": "2022-01-08 01:07:54", "elapsed": 13520.362332, "delta": 128.108972}}
{"target": 0.001995276566054956, "params": {"beta_1": 1.1056439573715318, "beta_2": 4.210154461798028, "det_1": 82.41733151199111, "det_2": 11.979591975278488, "laseroff": 475728.1956782149, "laseron": 295081.80824819056, "main_det": 15.6103021925571}, "datetime": {"datetime": "2022-01-08 01:10:42", "elapsed": 13688.484002, "delta": 168.12167}}
{"target": 0.00112631844471844, "params": {"beta_1": 0.03729457874588604, "beta_2": 4.003163363403082, "det_1": 93.29742738410204, "det_2": 25.17762989046948, "laseroff": 416358.80535860744, "laseron": 277926.5303935332, "main_det": 17.471216427371846}, "datetime": {"datetime": "2022-01-08 01:13:21", "elapsed": 13847.317818, "delta": 158.833816}}
{"target": 0.00026409519559643526, "params": {"beta_1": 1.1124804679808378, "beta_2": 0.6822761283034251, "det_1": 75.99176895122116, "det_2": 8.033586393518434, "laseroff": 313366.51901155, "laseron": 155628.2503242016, "main_det": 12.257093386078548}, "datetime": {"datetime": "2022-01-08 01:14:49", "elapsed": 13935.764035, "delta": 88.446217}}
{"target": 0.004082107020766135, "params": {"beta_1": 1.4259779607653533, "beta_2": 2.798584910270712, "det_1": 71.25559801591159, "det_2": 6.799356992237169, "laseroff": 590182.9317237516, "laseron": 230135.93072016985, "main_det": 12.032932346609904}, "datetime": {"datetime": "2022-01-08 01:18:16", "elapsed": 14142.62504, "delta": 206.861005}}
{"target": 0.0031308819266870846, "params": {"beta_1": 0.5046514891406468, "beta_2": 3.719129270375465, "det_1": 89.54294811093187, "det_2": 19.533973181831442, "laseroff": 591006.0267065046, "laseron": 275223.0269290281, "main_det": 12.398477591475862}, "datetime": {"datetime": "2022-01-08 01:21:47", "elapsed": 14353.095247, "delta": 210.470207}}
{"target": 0.005907932783718291, "params": {"beta_1": 0.9875394285374599, "beta_2": 3.0997785919068988, "det_1": 152.89808995501787, "det_2": 8.919784866152106, "laseroff": 305573.8420770207, "laseron": 149566.78196802142, "main_det": 14.863451109370319}, "datetime": {"datetime": "2022-01-08 01:23:23", "elapsed": 14449.493745, "delta": 96.398498}}
{"target": 0.05434707714679214, "params": {"beta_1": 1.2126589233066607, "beta_2": 2.8442571854324066, "det_1": 101.73624093221608, "det_2": 29.715403860311223, "laseroff": 473923.9860285198, "laseron": 199731.6360835855, "main_det": 15.509482191178968}, "datetime": {"datetime": "2022-01-08 01:26:20", "elapsed": 14626.019798, "delta": 176.526053}}
{"target": 0.001037634986613129, "params": {"beta_1": 1.4906688618130042, "beta_2": 3.3461644672659228, "det_1": 96.49195576628094, "det_2": 6.658370860711039, "laseroff": 411025.88929003396, "laseron": 240103.10393580826, "main_det": 12.101740099148396}, "datetime": {"datetime": "2022-01-08 01:28:54", "elapsed": 14780.216512, "delta": 154.196714}}
{"target": 0.006376165300828596, "params": {"beta_1": 1.2840107279347726, "beta_2": 0.7692429701028181, "det_1": 117.94035890731075, "det_2": 13.78133190643772, "laseroff": 300006.7150467242, "laseron": 216294.87784382864, "main_det": 18.08247356091294}, "datetime": {"datetime": "2022-01-08 01:30:46", "elapsed": 14892.188679, "delta": 111.972167}}
{"target": 0.05722910505509475, "params": {"beta_1": 0.1576889958018206, "beta_2": 1.0753474370894445, "det_1": 89.92836187038179, "det_2": 21.99046519163024, "laseroff": 491915.7772435381, "laseron": 190321.78480748239, "main_det": 19.773424037751184}, "datetime": {"datetime": "2022-01-08 01:33:33", "elapsed": 15059.326574, "delta": 167.137895}}
{"target": 0.0, "params": {"beta_1": 0.6794986061108907, "beta_2": 1.1011793217262567, "det_1": 159.57060009292127, "det_2": 5.947454840634928, "laseroff": 589106.4575406979, "laseron": 241323.30715452682, "main_det": 15.704887166743747}, "datetime": {"datetime": "2022-01-08 01:36:39", "elapsed": 15245.013114, "delta": 185.68654}}
{"target": 0.0662607138261444, "params": {"beta_1": 1.1320467564480479, "beta_2": 2.9798366248118855, "det_1": 116.1412768465451, "det_2": 21.649083130172432, "laseroff": 547600.5158483365, "laseron": 297011.18564117566, "main_det": 17.45062046867877}, "datetime": {"datetime": "2022-01-08 01:39:44", "elapsed": 15429.977555, "delta": 184.964441}}
{"target": 0.012679826430726062, "params": {"beta_1": 1.1367351723014811, "beta_2": 0.5133157979054304, "det_1": 144.78111610404227, "det_2": 23.80748589572974, "laseroff": 497112.83930515894, "laseron": 148650.18152238324, "main_det": 19.521177206048268}, "datetime": {"datetime": "2022-01-08 01:42:29", "elapsed": 15595.759747, "delta": 165.782192}}
{"target": 0.0024933606279212, "params": {"beta_1": 0.42218724866472823, "beta_2": 2.2037596858786817, "det_1": 75.513589379655, "det_2": 28.595799903378783, "laseroff": 317161.5452433522, "laseron": 176339.5366115878, "main_det": 15.262268967396855}, "datetime": {"datetime": "2022-01-08 01:44:14", "elapsed": 15700.615753, "delta": 104.856006}}
{"target": 0.010521987571922483, "params": {"beta_1": 1.6856367417260054, "beta_2": 1.3891868600213508, "det_1": 151.89862755966757, "det_2": 10.335562138302713, "laseroff": 525099.0813780244, "laseron": 231065.93768228556, "main_det": 11.625078039297668}, "datetime": {"datetime": "2022-01-08 01:47:50", "elapsed": 15916.481109, "delta": 215.865356}}
{"target": 0.008726929320656381, "params": {"beta_1": 1.9520970656240004, "beta_2": 3.466308656271841, "det_1": 103.23168586758166, "det_2": 10.253226791105773, "laseroff": 555161.3871726757, "laseron": 168808.4808840498, "main_det": 12.817903706176839}, "datetime": {"datetime": "2022-01-08 01:51:14", "elapsed": 16120.285315, "delta": 203.804206}}
{"target": 0.04161630678485255, "params": {"beta_1": 0.8555184492803682, "beta_2": 0.7928252495884908, "det_1": 98.63444931847236, "det_2": 29.799005495469387, "laseroff": 566017.4394697417, "laseron": 239021.54982446367, "main_det": 17.61722155338788}, "datetime": {"datetime": "2022-01-08 01:54:15", "elapsed": 16301.460382, "delta": 181.175067}}
{"target": 0.0, "params": {"beta_1": 0.5978298192919382, "beta_2": 4.7737836759123855, "det_1": 94.03931248156175, "det_2": 14.49184077563689, "laseroff": 442292.69993385975, "laseron": 156584.42463851316, "main_det": 10.269104703511804}, "datetime": {"datetime": "2022-01-08 01:56:36", "elapsed": 16442.085632, "delta": 140.62525}}
{"target": 0.045218335900853904, "params": {"beta_1": 0.19103652661726356, "beta_2": 2.4892779636700135, "det_1": 104.55832291371996, "det_2": 8.326968446443143, "laseroff": 402273.0649613984, "laseron": 183888.6983825793, "main_det": 16.964066569870273}, "datetime": {"datetime": "2022-01-08 01:59:19", "elapsed": 16605.499434, "delta": 163.413802}}
{"target": 0.007253611473394892, "params": {"beta_1": 1.8347881651107951, "beta_2": 3.8690781278637116, "det_1": 126.88154321191254, "det_2": 15.180388463260634, "laseroff": 521898.6957580357, "laseron": 214123.10295590464, "main_det": 12.777129267407478}, "datetime": {"datetime": "2022-01-08 02:02:35", "elapsed": 16800.840158, "delta": 195.340724}}
{"target": 0.002806408878767882, "params": {"beta_1": 0.5472723194333318, "beta_2": 3.2699203619853567, "det_1": 155.09806952511155, "det_2": 24.925924568349053, "laseroff": 374046.15773023176, "laseron": 262925.58910076093, "main_det": 13.996643675736168}, "datetime": {"datetime": "2022-01-08 02:04:58", "elapsed": 16944.37031, "delta": 143.530152}}
{"target": 0.0005716289850775762, "params": {"beta_1": 0.06591275786684236, "beta_2": 0.5579560172040959, "det_1": 131.70851133058613, "det_2": 11.638424854075236, "laseroff": 451939.1260232456, "laseron": 267501.8900436474, "main_det": 10.286856588798665}, "datetime": {"datetime": "2022-01-08 02:07:37", "elapsed": 17102.993726, "delta": 158.623416}}
{"target": 0.0019238680192968276, "params": {"beta_1": 1.7640392983934596, "beta_2": 4.860252721408422, "det_1": 97.73584479477896, "det_2": 9.647182633501723, "laseroff": 474837.0883107126, "laseron": 198817.1861232874, "main_det": 15.550521633093297}, "datetime": {"datetime": "2022-01-08 02:10:20", "elapsed": 17266.159281, "delta": 163.165555}}
{"target": 0.0654181029811103, "params": {"beta_1": 1.198409891899134, "beta_2": 0.004085015559662231, "det_1": 96.69788681614202, "det_2": 16.12823215369906, "laseroff": 463340.3489764596, "laseron": 272503.24404077977, "main_det": 18.940396888400187}, "datetime": {"datetime": "2022-01-08 02:13:11", "elapsed": 17437.128536, "delta": 170.969255}}
{"target": 0.04456191975376517, "params": {"beta_1": 1.033112299330205, "beta_2": 2.1395394137970163, "det_1": 110.2899580996346, "det_2": 12.005837460143793, "laseroff": 388623.649126763, "laseron": 149281.41353352705, "main_det": 19.01732685798995}, "datetime": {"datetime": "2022-01-08 02:15:43", "elapsed": 17588.95746, "delta": 151.828924}}
{"target": 0.0, "params": {"beta_1": 0.7065126033921318, "beta_2": 4.462721237164935, "det_1": 108.87479971806329, "det_2": 23.939399018494015, "laseroff": 355745.23815004004, "laseron": 231442.22609914283, "main_det": 14.581416860007327}, "datetime": {"datetime": "2022-01-08 02:17:24", "elapsed": 17690.172881, "delta": 101.215421}}
{"target": 0.0, "params": {"beta_1": 0.1915947400016731, "beta_2": 0.25640754654773834, "det_1": 167.72819595735757, "det_2": 12.727807217279238, "laseroff": 577256.0686068567, "laseron": 148072.74264256033, "main_det": 17.571425872444127}, "datetime": {"datetime": "2022-01-08 02:20:07", "elapsed": 17853.320034, "delta": 163.147153}}
{"target": 0.05486135248665283, "params": {"beta_1": 0.16151671804279477, "beta_2": 0.15052082678990386, "det_1": 123.65465476856576, "det_2": 24.383620326220864, "laseroff": 403970.76691477257, "laseron": 169598.6785369289, "main_det": 19.86746137238117}, "datetime": {"datetime": "2022-01-08 02:22:13", "elapsed": 17979.450716, "delta": 126.130682}}
{"target": 0.0, "params": {"beta_1": 0.9744756472122107, "beta_2": 0.2300281296715173, "det_1": 157.25364820328662, "det_2": 8.561703875811773, "laseroff": 560904.1907425255, "laseron": 139221.90763189987, "main_det": 14.864786807055648}, "datetime": {"datetime": "2022-01-08 02:24:42", "elapsed": 18128.128793, "delta": 148.678077}}
{"target": 0.03990278972233631, "params": {"beta_1": 0.7803171090611223, "beta_2": 1.210743718646416, "det_1": 110.98490790670047, "det_2": 21.45450443098572, "laseroff": 323494.3052372709, "laseron": 177070.13153291473, "main_det": 18.259619752897898}, "datetime": {"datetime": "2022-01-08 02:26:47", "elapsed": 18253.296499, "delta": 125.167706}}
{"target": 0.0, "params": {"beta_1": 0.9407002585186719, "beta_2": 4.35975829931013, "det_1": 137.45490583898965, "det_2": 5.559768292707918, "laseroff": 369985.0882998704, "laseron": 257664.70924928796, "main_det": 11.276372552720149}, "datetime": {"datetime": "2022-01-08 02:28:30", "elapsed": 18356.653759, "delta": 103.35726}}
{"target": 0.06389894291690483, "params": {"beta_1": 0.35217534553138585, "beta_2": 2.6767098080424883, "det_1": 99.86116061397121, "det_2": 14.92358093311932, "laseroff": 533808.166223046, "laseron": 232912.57965532626, "main_det": 19.356208005466073}, "datetime": {"datetime": "2022-01-08 02:31:49", "elapsed": 18555.55107, "delta": 198.897311}}
{"target": 0.027676474123289607, "params": {"beta_1": 0.699266071227665, "beta_2": 1.6597137211816215, "det_1": 123.88049821350276, "det_2": 22.538518574276303, "laseroff": 441064.74824141065, "laseron": 202189.26055890397, "main_det": 13.307190271695395}, "datetime": {"datetime": "2022-01-08 02:34:59", "elapsed": 18745.492279, "delta": 189.941209}}
{"target": 0.0017699417062961435, "params": {"beta_1": 1.6552401532296241, "beta_2": 0.2699500610559291, "det_1": 79.03229025949169, "det_2": 13.092167067911749, "laseroff": 419018.080725685, "laseron": 278605.96652974223, "main_det": 12.686763117747148}, "datetime": {"datetime": "2022-01-08 02:37:38", "elapsed": 18904.009527, "delta": 158.517248}}
