{"target": 3.471261630212211, "params": {"Bgrad": 1.6373945793305142, "d1": -1.2103039142700547, "d2": -0.15859787925578733, "d3": -1.9371705871199325, "d4": -3.0, "p1": 20.827437266052037, "p2": 5.29174818302006, "p3": 46.07008922824785, "p4": 38.943072340164385, "pol1": 0.8482802738315871, "pol2": 1.0, "pol3": -1.0, "pol4": -1.0, "v0s": 3.471261630212211}, "datetime": {"datetime": "2022-05-17 01:55:37", "elapsed": 22352.570872, "delta": 15.702004}}
{"target": -1.0, "params": {"Bgrad": 1.6662890348088941, "d1": -1.93215621182229, "d2": -0.8108810032336953, "d3": -0.8451609681399033, "d4": -0.26496351726518785, "p1": 27.60325975450268, "p2": 10.33869778232423, "p3": 14.30153832735348, "p4": 25.679791866210117, "pol1": 0.006002203155239805, "pol2": 0.12848558554379053, "pol3": -0.5641758440713254, "pol4": -0.04453504871148506, "v0s": 4.063342846537356}, "datetime": {"datetime": "2022-05-17 01:55:57", "elapsed": 22372.785804, "delta": 20.214932}}
{"target": 4.315427965025787, "params": {"Bgrad": 1.823511795530699, "d1": -2.773224484406835, "d2": 0.784376686901599, "d3": -1.8500467429323093, "d4": -2.1241928622048167, "p1": 9.648223820124956, "p2": 25.777497603938222, "p3": 42.07594358492088, "p4": 24.559524436952326, "pol1": -0.2002775284381149, "pol2": -0.5526097181449136, "pol3": -0.9335572405311338, "pol4": -0.09390527191785471, "v0s": 4.315427965025787}, "datetime": {"datetime": "2022-05-17 01:56:15", "elapsed": 22391.108797, "delta": 18.322993}}
{"target": 3.6542753007513102, "params": {"Bgrad": 1.7447559729507174, "d1": -1.6438233493260785, "d2": -0.594397690342757, "d3": -1.3283955964298082, "d4": -2.6331390203987968, "p1": 4.846453340683193, "p2": 31.934708300938023, "p3": 31.85241646028817, "p4": 35.46702291355709, "pol1": -0.4771808804426063, "pol2": 0.47025631593314965, "pol3": 0.09571989878263132, "pol4": -0.23080517948832213, "v0s": 3.6542753007513102}, "datetime": {"datetime": "2022-05-17 01:56:31", "elapsed": 22406.619312, "delta": 15.510515}}
{"target": -1.0, "params": {"Bgrad": 1.852825361695919, "d1": -0.8601965793338255, "d2": -0.6433251443019046, "d3": -2.583677942269062, "d4": -1.6857803261307458, "p1": 4.125710362956453, "p2": 38.141470672436796, "p3": 39.383227275654626, "p4": 31.360821819478414, "pol1": -0.32024752826207137, "pol2": -0.08956055994254819, "pol3": -0.23803632150636078, "pol4": -0.891002781893008, "v0s": 5.307943607210211}, "datetime": {"datetime": "2022-05-17 01:56:55", "elapsed": 22430.785677, "delta": 24.166365}}
{"target": 3.0586340868774142, "params": {"Bgrad": 1.456908999337299, "d1": -2.088781265579827, "d2": 0.5167195748811273, "d3": -1.2284375236640819, "d4": -2.650730147790294, "p1": 29.245215622039055, "p2": 10.093314188377544, "p3": 36.414853174004676, "p4": 26.917713165105855, "pol1": -0.231790213014629, "pol2": -0.3401124520475516, "pol3": -0.03573782809077897, "pol4": 0.16254843670080388, "v0s": 3.0586340868774142}, "datetime": {"datetime": "2022-05-17 01:57:09", "elapsed": 22444.869009, "delta": 14.083332}}
{"target": 3.9997900629032817, "params": {"Bgrad": 1.918953330428574, "d1": -1.4197267417750812, "d2": 0.9205131733734779, "d3": -2.4960299804216652, "d4": -0.946661874645621, "p1": 28.944946492591455, "p2": 10.128680752602298, "p3": 8.400406740502453, "p4": 25.97237303706897, "pol1": 0.5993553669475713, "pol2": -0.21483282701016493, "pol3": 0.2705269349406012, "pol4": 0.5951260535420233, "v0s": 3.9997900629032817}, "datetime": {"datetime": "2022-05-17 01:57:22", "elapsed": 22457.758534, "delta": 12.889525}}
{"target": 3.8795580610795533, "params": {"Bgrad": 1.0742196430351991, "d1": -2.5132412661219545, "d2": 0.4772960475071006, "d3": -0.5439036240022963, "d4": -0.4700878312393261, "p1": 41.85008743397843, "p2": 21.215249317453797, "p3": 15.55088400814721, "p4": 12.662736628241923, "pol1": -0.29293657815159985, "pol2": 1.0, "pol3": -1.0, "pol4": -0.22283839919171577, "v0s": 3.8795580610795533}, "datetime": {"datetime": "2022-05-17 01:57:42", "elapsed": 22477.629387, "delta": 19.870853}}
{"target": -1.0, "params": {"Bgrad": 1.4134899317428926, "d1": -2.142734679115604, "d2": 0.945601944510698, "d3": -2.714270931949768, "d4": -2.4721927584118593, "p1": 8.073566016881955, "p2": 38.22093007143329, "p3": 40.498234796244894, "p4": 29.73164721951206, "pol1": 0.20596459575979864, "pol2": -0.5830693777717135, "pol3": 0.5402915908569432, "pol4": -0.34906639004569295, "v0s": 5.7440344879635905}, "datetime": {"datetime": "2022-05-17 01:58:04", "elapsed": 22499.662457, "delta": 22.03307}}
{"target": 4.791873788208991, "params": {"Bgrad": 0.8342024102159156, "d1": -2.86320185099631, "d2": -0.46536877561476686, "d3": -2.2976395718005977, "d4": -2.1642395986556067, "p1": 34.17852114791858, "p2": 4.588359242580236, "p3": 38.06963332429654, "p4": 30.81097289323651, "pol1": -0.555593052585613, "pol2": -0.6982940029286637, "pol3": -0.43920903100244657, "pol4": 0.868044889216457, "v0s": 4.791873788208991}, "datetime": {"datetime": "2022-05-17 01:58:18", "elapsed": 22513.980162, "delta": 14.317705}}
{"target": 4.34248662194125, "params": {"Bgrad": 0.6512708793027688, "d1": -3.0, "d2": -3.0, "d3": -2.6888409078158597, "d4": -0.7510800421085814, "p1": 21.234574416106117, "p2": 17.567487609847984, "p3": 27.759709200047592, "p4": 47.44723257878707, "pol1": 1.0, "pol2": -0.2362676687528063, "pol3": 0.7546468767850905, "pol4": -0.41699815041207156, "v0s": 4.34248662194125}, "datetime": {"datetime": "2022-05-17 01:58:37", "elapsed": 22532.45076, "delta": 18.470598}}
{"target": 3.86010751707956, "params": {"Bgrad": 1.0737990959345907, "d1": -2.9267231415500805, "d2": 0.9702672790646805, "d3": -1.8672347941202627, "d4": -2.696322414514397, "p1": 8.422105482694498, "p2": 25.241211563573856, "p3": 47.277809013732345, "p4": 21.997355715754864, "pol1": 0.8049354144094212, "pol2": -0.34147177644440485, "pol3": -0.4222080149652585, "pol4": -0.19966900941890864, "v0s": 3.86010751707956}, "datetime": {"datetime": "2022-05-17 01:58:51", "elapsed": 22547.043729, "delta": 14.592969}}
{"target": 3.985852610954402, "params": {"Bgrad": 1.8091999980496516, "d1": -1.274614038475705, "d2": 1.0, "d3": -2.4545062345967925, "d4": -2.4767535419549147, "p1": 28.84076974722555, "p2": 29.70258415522997, "p3": 7.357134333248002, "p4": 44.29969322693239, "pol1": 0.5791731734306846, "pol2": -0.8327027761691251, "pol3": -0.19398411458534312, "pol4": 0.42474343447575824, "v0s": 3.985852610954402}, "datetime": {"datetime": "2022-05-17 01:59:04", "elapsed": 22559.601143, "delta": 12.557414}}
{"target": 4.243094743317054, "params": {"Bgrad": 1.149673626667906, "d1": -2.4070808966260295, "d2": -0.05601483051798306, "d3": -2.689618880116003, "d4": -0.3309483698716882, "p1": 27.668405699881898, "p2": 9.985755344063218, "p3": 10.981310913246183, "p4": 23.78408997107293, "pol1": -0.8984293604115632, "pol2": -0.8152008731135789, "pol3": 0.9637095801432933, "pol4": -0.11265546990602204, "v0s": 4.243094743317054}, "datetime": {"datetime": "2022-05-17 01:59:17", "elapsed": 22573.176833, "delta": 13.57569}}
{"target": -1.0, "params": {"Bgrad": 1.7994098026132492, "d1": -2.6808343591530486, "d2": -0.27874007145031987, "d3": -1.2239618776458698, "d4": -0.5856365167147386, "p1": 5.485472779933115, "p2": 37.723827725284856, "p3": 44.76899232366982, "p4": 29.035045919275436, "pol1": -0.0076072895316317, "pol2": -0.8920906930106092, "pol3": -0.0296935602157562, "pol4": 0.008857964775849547, "v0s": 7.01587748342084}, "datetime": {"datetime": "2022-05-17 01:59:38", "elapsed": 22593.412711, "delta": 20.235878}}
{"target": 3.2395976570037437, "params": {"Bgrad": 0.5818479512464869, "d1": -2.243318819431341, "d2": 0.2123462946137198, "d3": -1.9838100292375351, "d4": -0.48744075337594994, "p1": 30.42780298954043, "p2": 6.320117827545668, "p3": 36.51199467348813, "p4": 27.831551134354527, "pol1": -0.25559193480806464, "pol2": -0.45678426765911184, "pol3": -0.7906536897924017, "pol4": -0.6499538337726034, "v0s": 3.2395976570037437}, "datetime": {"datetime": "2022-05-17 01:59:53", "elapsed": 22608.298895, "delta": 14.886184}}
{"target": -1.0, "params": {"Bgrad": 0.6481354077683319, "d1": -2.6022573672830096, "d2": -1.6494071877539502, "d3": -1.4572938878438246, "d4": -2.733601692789457, "p1": 4.631968378228857, "p2": 36.088429724634445, "p3": 34.82519111247498, "p4": 39.80375591503206, "pol1": -0.9181074807532943, "pol2": -0.725947044978769, "pol3": 0.6661317677686933, "pol4": 0.5562262500693982, "v0s": 2.7720731780380734}, "datetime": {"datetime": "2022-05-17 02:00:07", "elapsed": 22622.368265, "delta": 14.06937}}
{"target": 4.64861903496205, "params": {"Bgrad": 1.4832098301752914, "d1": -2.81430510726837, "d2": 0.17098369309041603, "d3": -1.9464394020376112, "d4": -2.7865811514097576, "p1": 27.82554632439883, "p2": 11.027494355470171, "p3": 36.7321116985012, "p4": 28.489471429987773, "pol1": 1.0, "pol2": 0.8984824110805754, "pol3": -0.06434034612546959, "pol4": 0.42821849575083054, "v0s": 4.64861903496205}, "datetime": {"datetime": "2022-05-17 02:00:22", "elapsed": 22637.339224, "delta": 14.970959}}
{"target": 5.058757157442037, "params": {"Bgrad": 0.9016668297268013, "d1": -1.930256373240439, "d2": 0.6702828945250809, "d3": -1.7477871357031005, "d4": -2.587374582901025, "p1": 5.094060275911327, "p2": 24.30089925942267, "p3": 45.691506262613885, "p4": 24.226899164306538, "pol1": 0.7114288101106867, "pol2": -0.8458503542449733, "pol3": -0.37977309532636405, "pol4": -0.7235215187486423, "v0s": 5.058757157442037}, "datetime": {"datetime": "2022-05-17 02:00:41", "elapsed": 22657.192124, "delta": 19.8529}}
{"target": 4.531578347252725, "params": {"Bgrad": 1.8922282433544448, "d1": -2.928621080722521, "d2": 0.24128787098892363, "d3": -1.2658175438477894, "d4": -1.9261615725393768, "p1": 32.30549879545202, "p2": 4.448413568400375, "p3": 35.865654134570946, "p4": 31.342807175664035, "pol1": 0.3022733104533213, "pol2": 0.9558048720881872, "pol3": 0.6370037896714669, "pol4": -0.011501471454206255, "v0s": 4.531578347252725}, "datetime": {"datetime": "2022-05-17 02:00:59", "elapsed": 22674.617517, "delta": 17.425393}}
{"target": 4.3618927571419395, "params": {"Bgrad": 0.8654107386060265, "d1": -1.829749125655121, "d2": 0.988868469285364, "d3": 0.012638758205230527, "d4": -0.564438971110024, "p1": 24.222012943755562, "p2": 8.879012617755455, "p3": 10.317263452980496, "p4": 26.935631480520815, "pol1": 0.643917140924134, "pol2": -0.9141933921818037, "pol3": 0.18710388328937788, "pol4": -0.7150351410120213, "v0s": 4.3618927571419395}, "datetime": {"datetime": "2022-05-17 02:01:16", "elapsed": 22691.479419, "delta": 16.861902}}
{"target": 4.280671176826941, "params": {"Bgrad": 1.4292464437996792, "d1": -2.73283286013825, "d2": -2.963118564877521, "d3": -3.0, "d4": -0.513493198711586, "p1": 20.86562391802275, "p2": 17.560017163270153, "p3": 27.888013038769248, "p4": 47.54276382494335, "pol1": -0.12062772157445142, "pol2": 1.0, "pol3": -0.2569741042563971, "pol4": -1.0, "v0s": 4.280671176826941}, "datetime": {"datetime": "2022-05-17 02:01:37", "elapsed": 22712.353588, "delta": 20.874169}}
{"target": -1.0, "params": {"Bgrad": 1.0913408418380581, "d1": -1.4405624430021509, "d2": 0.9365788114786286, "d3": -1.7887803826785968, "d4": -0.9775945947129632, "p1": 33.39125188167678, "p2": 5.191222045052562, "p3": 39.610533887538594, "p4": 27.707632355659246, "pol1": 0.15788484639861045, "pol2": 0.6729934606665109, "pol3": 0.22041424174884083, "pol4": -0.5476788094583502, "v0s": 5.218782997304873}, "datetime": {"datetime": "2022-05-17 02:01:59", "elapsed": 22734.868369, "delta": 22.514781}}
{"target": 4.292730721661916, "params": {"Bgrad": 0.6505611417756536, "d1": -2.4013286587930547, "d2": 0.5772354428510806, "d3": -2.832359701778011, "d4": -1.3682772052878112, "p1": 33.40531394458062, "p2": 6.934181532299194, "p3": 38.207685726472654, "p4": 31.214523113146175, "pol1": 0.35095720077305104, "pol2": -0.08325361988260505, "pol3": 0.3592958852401891, "pol4": -0.9847372854301613, "v0s": 4.292730721661916}, "datetime": {"datetime": "2022-05-17 02:02:15", "elapsed": 22750.426756, "delta": 15.558387}}
{"target": 2.363733335638562, "params": {"Bgrad": 1.048613772673149, "d1": -2.4769661953301467, "d2": 0.17543048657776072, "d3": -1.0934382406663739, "d4": -1.7998370208475216, "p1": 8.395942334578226, "p2": 23.611108560161025, "p3": 44.672206899443, "p4": 24.13493859384826, "pol1": 0.5021445913434, "pol2": -0.8273755978579447, "pol3": -0.4515794801128141, "pol4": 0.4615383024581685, "v0s": 2.363733335638562}, "datetime": {"datetime": "2022-05-17 02:02:31", "elapsed": 22766.388066, "delta": 15.96131}}
{"target": -1.0, "params": {"Bgrad": 1.1953947498020394, "d1": -0.6266852565001781, "d2": -0.955358297447729, "d3": -2.825815453403973, "d4": -2.979479319065606, "p1": 28.953868371764152, "p2": 8.579976390536126, "p3": 36.792921757740515, "p4": 28.449698399963253, "pol1": -0.1534433737210985, "pol2": -0.41224214613000965, "pol3": 0.09008052296817626, "pol4": -0.042640678133966325, "v0s": 4.777383085890976}, "datetime": {"datetime": "2022-05-17 02:02:51", "elapsed": 22786.603996, "delta": 20.21593}}
{"target": 3.880480987081061, "params": {"Bgrad": 0.5655819063228132, "d1": -1.9951441695292962, "d2": 0.9889111586346919, "d3": -0.9180178300607982, "d4": -0.5048777703861393, "p1": 3.684069954403607, "p2": 29.635005775610495, "p3": 16.88066238308353, "p4": 13.840977121858995, "pol1": -0.7514979091708183, "pol2": 0.5984470331415459, "pol3": 0.8219289991013861, "pol4": 0.6860532192986737, "v0s": 3.880480987081061}, "datetime": {"datetime": "2022-05-17 02:03:03", "elapsed": 22798.702636, "delta": 12.09864}}
{"target": 4.244101184120254, "params": {"Bgrad": 1.9699646009775404, "d1": -2.283403627024904, "d2": 0.4101355102483697, "d3": -2.709845743125453, "d4": -1.5157475270168401, "p1": 32.21459893258139, "p2": 8.282376848837131, "p3": 36.31938147192128, "p4": 29.51266455112973, "pol1": -0.6452146620151773, "pol2": 0.4051248020933642, "pol3": -0.06278099432533035, "pol4": -0.44622024578019026, "v0s": 4.244101184120254}, "datetime": {"datetime": "2022-05-17 02:03:21", "elapsed": 22816.633678, "delta": 17.931042}}
{"target": -1.0, "params": {"Bgrad": 1.1712663862097812, "d1": -0.8584095201014965, "d2": 0.7453958612465628, "d3": -2.116110438800159, "d4": -1.2891772751999748, "p1": 3.5740953071287995, "p2": 25.12664716447682, "p3": 46.35333539735883, "p4": 23.31615968006916, "pol1": 0.3275201242425625, "pol2": -0.0674524173819322, "pol3": 0.8065750758514387, "pol4": -0.26927305686985115, "v0s": 6.2370071859724625}, "datetime": {"datetime": "2022-05-17 02:03:43", "elapsed": 22838.465286, "delta": 21.831608}}
{"target": 5.610330387989251, "params": {"Bgrad": 2.0, "d1": -3.0, "d2": 0.7098077846619611, "d3": -0.7571648028438476, "d4": -3.0, "p1": 30.570623251650296, "p2": 13.780920386860585, "p3": 37.43661210632922, "p4": 25.745310453258515, "pol1": 1.0, "pol2": 0.4222786034326026, "pol3": -1.0, "pol4": -0.037796722366853656, "v0s": 5.610330387989251}, "datetime": {"datetime": "2022-05-17 02:04:10", "elapsed": 22866.06148, "delta": 27.596194}}
{"target": 3.9413930041858096, "params": {"Bgrad": 0.8753123460858063, "d1": -2.4947231828205325, "d2": 0.4450605694775267, "d3": -0.6586371789784464, "d4": -2.8310610230552946, "p1": 3.8622817657100517, "p2": 35.94131875941472, "p3": 29.856172937451024, "p4": 35.93480940363555, "pol1": -0.7780069212526621, "pol2": 0.5605020336376949, "pol3": -0.11384126943126649, "pol4": -0.6358535976686357, "v0s": 3.9413930041858096}, "datetime": {"datetime": "2022-05-17 02:04:29", "elapsed": 22885.141445, "delta": 19.079965}}
{"target": 4.4816367745280115, "params": {"Bgrad": 1.092666600109973, "d1": -2.3218557850764365, "d2": 0.45020638930413925, "d3": -1.5173256549560545, "d4": -2.7296465595133954, "p1": 6.685967185133775, "p2": 24.94365602928459, "p3": 45.1348530669148, "p4": 23.48221226790925, "pol1": 0.573588725097116, "pol2": -0.732413092747071, "pol3": -0.3315039360150474, "pol4": -0.46832638478275096, "v0s": 4.4816367745280115}, "datetime": {"datetime": "2022-05-17 02:04:49", "elapsed": 22904.822805, "delta": 19.68136}}
{"target": 2.992626884497205, "params": {"Bgrad": 0.8686823952172348, "d1": -2.4820067906565644, "d2": 0.9022538441885617, "d3": -2.0364778162598656, "d4": -1.7296131838400166, "p1": 2.642337341149731, "p2": 34.8107386675892, "p3": 28.41840079968764, "p4": 36.97178389866729, "pol1": 0.34496140675071096, "pol2": -0.2352950012374584, "pol3": -0.07672656292203373, "pol4": 0.9608307783903933, "v0s": 2.992626884497205}, "datetime": {"datetime": "2022-05-17 02:05:02", "elapsed": 22917.993578, "delta": 13.170773}}
{"target": 3.4633882424721896, "params": {"Bgrad": 1.298501502239726, "d1": -0.33930967162960857, "d2": -1.1702344888200262, "d3": -3.0, "d4": -3.0, "p1": 21.294429825396282, "p2": 5.5906192064274975, "p3": 44.59355942196757, "p4": 40.087387277543264, "pol1": 0.5601364432723227, "pol2": 1.0, "pol3": -1.0, "pol4": -0.7707592182990897, "v0s": 3.4633882424721896}, "datetime": {"datetime": "2022-05-17 02:05:25", "elapsed": 22940.748716, "delta": 22.755138}}
{"target": 4.2744620473008546, "params": {"Bgrad": 1.2516722242426757, "d1": -2.53842171680842, "d2": 0.6539200648794375, "d3": -1.6028271021077056, "d4": -2.4755099632364206, "p1": 7.830835762263037, "p2": 25.710987248686774, "p3": 44.305240890982624, "p4": 21.93149186846674, "pol1": 0.22711084697435738, "pol2": -0.7155069884687835, "pol3": -0.30839587879860425, "pol4": -0.34403015577862145, "v0s": 4.2744620473008546}, "datetime": {"datetime": "2022-05-17 02:05:40", "elapsed": 22956.064752, "delta": 15.316036}}
{"target": -1.0, "params": {"Bgrad": 0.6503812492484011, "d1": -1.8211270317594606, "d2": -0.6896445089145593, "d3": -2.9846958746945558, "d4": -0.4870514100405803, "p1": 32.87382844955993, "p2": 5.386271720069679, "p3": 36.90331109378449, "p4": 29.70258335766975, "pol1": -0.747923688930852, "pol2": 0.8020388417224456, "pol3": -0.19591022355547638, "pol4": 0.669133953769034, "v0s": 2.301637120978097}, "datetime": {"datetime": "2022-05-17 02:05:52", "elapsed": 22968.140454, "delta": 12.075702}}
{"target": 3.0931976745947605, "params": {"Bgrad": 1.9734491712056723, "d1": -2.9072379868872935, "d2": -0.9933811333996596, "d3": -2.021764981570061, "d4": -2.757544344235948, "p1": 28.48203759117311, "p2": 11.366013198029629, "p3": 12.98949594855206, "p4": 28.18522438514881, "pol1": -0.8511422296802136, "pol2": 0.6597294434849434, "pol3": 0.5738844251261419, "pol4": 0.7983358376010938, "v0s": 3.0931976745947605}, "datetime": {"datetime": "2022-05-17 02:06:07", "elapsed": 22982.448186, "delta": 14.307732}}
{"target": 5.034810051846039, "params": {"Bgrad": 1.5609030087478204, "d1": -1.592346384639082, "d2": -0.02717340817301883, "d3": -2.8264546492819065, "d4": 0.5090049162165888, "p1": 4.396970773698489, "p2": 29.687814579053157, "p3": 15.497376418593383, "p4": 12.237758514876218, "pol1": -0.09069679319621549, "pol2": -0.1702042212181898, "pol3": 0.12093661172784453, "pol4": 0.7839829175739019, "v0s": 5.034810051846039}, "datetime": {"datetime": "2022-05-17 02:06:30", "elapsed": 23005.422738, "delta": 22.974552}}
{"target": 2.982190981779743, "params": {"Bgrad": 1.923402383192445, "d1": -0.9046694180262356, "d2": -0.6902810419587322, "d3": -0.43305533233043425, "d4": -1.6948611294921672, "p1": 2.6337305490444276, "p2": 3.7383939038267755, "p3": 42.527451187172026, "p4": 24.09575783955105, "pol1": -0.16975763739017125, "pol2": -0.13329024100233822, "pol3": -0.5915961437157085, "pol4": 0.22919167389203188, "v0s": 2.982190981779743}, "datetime": {"datetime": "2022-05-17 02:06:47", "elapsed": 23022.987758, "delta": 17.56502}}
{"target": 5.274882391485367, "params": {"Bgrad": 1.4211907291808066, "d1": -1.6206927067589985, "d2": 0.17055649046156107, "d3": -2.544598744250477, "d4": -2.8273435675212224, "p1": 26.219811714792655, "p2": 7.514217280538871, "p3": 35.77169895145359, "p4": 30.464064727488072, "pol1": 0.6558877703319677, "pol2": 0.5614021504613396, "pol3": 0.4077976744047984, "pol4": 0.7099799445892652, "v0s": 5.274882391485367}, "datetime": {"datetime": "2022-05-17 02:07:05", "elapsed": 23040.691408, "delta": 17.70365}}
{"target": 4.0882385358131, "params": {"Bgrad": 0.8198532694878599, "d1": -2.0510838465472236, "d2": 0.6356902611349853, "d3": -1.8389044657162439, "d4": -2.842224068597957, "p1": 4.3778992887792105, "p2": 35.680590178728146, "p3": 29.96996472006915, "p4": 36.45343254599307, "pol1": 0.5207850295972903, "pol2": -0.9041517809406937, "pol3": -0.44034221119896777, "pol4": -0.6815461923844257, "v0s": 4.0882385358131}, "datetime": {"datetime": "2022-05-17 02:07:27", "elapsed": 23062.367432, "delta": 21.676024}}
{"target": 3.3024391390654304, "params": {"Bgrad": 0.9012203591414116, "d1": -2.9781551375960476, "d2": 0.2088845899784273, "d3": -1.1368212882275226, "d4": -1.513241340498431, "p1": 5.503709096511733, "p2": 36.76932400809458, "p3": 39.91363475082794, "p4": 29.269999414767888, "pol1": 0.033564679323069724, "pol2": -0.7971887598100071, "pol3": 0.9927929412627874, "pol4": -0.4248285115013637, "v0s": 3.3024391390654304}, "datetime": {"datetime": "2022-05-17 02:07:40", "elapsed": 23075.990994, "delta": 13.623562}}
{"target": 5.131814253407387, "params": {"Bgrad": 0.9954894332007628, "d1": -3.0, "d2": 0.9556210554941946, "d3": -1.726523480968966, "d4": -2.0847166824851593, "p1": 5.733095004404668, "p2": 35.375051779343536, "p3": 35.53933639968131, "p4": 37.030921964709755, "pol1": 0.4749368927209883, "pol2": 0.9303594870859038, "pol3": -0.12445810088412498, "pol4": -0.8075773214952242, "v0s": 5.131814253407387}, "datetime": {"datetime": "2022-05-17 02:07:56", "elapsed": 23092.052037, "delta": 16.061043}}
