{"target": -1.0, "params": {"Bgrad": 1.432090373266956, "d1": -2.19552646964548, "d2": -1.8412548699461349, "d3": -0.32389585320627967, "d4": -0.358644988419464, "p1": 26.147497392125807, "p2": 16.423221497133177, "p3": 31.570096932784185, "p4": 20.408899872521204, "pol1": 0.5501145438413118, "pol2": 0.27852521414468034, "pol3": -0.41133813782962725, "pol4": 0.8044910766743307, "v0s": 4.847431700966126}, "datetime": {"datetime": "2022-04-28 18:53:21", "elapsed": 12113.623125, "delta": 15.804742}}
{"target": -1.0, "params": {"Bgrad": 1.4560559535391338, "d1": -1.348628705204331, "d2": -2.364210327433188, "d3": 0.62608171210473, "d4": -0.9090985070949023, "p1": 41.07606925325689, "p2": 28.89260818238144, "p3": 13.048818709043019, "p4": 6.794814318528569, "pol1": -0.0060486259824577004, "pol2": -0.8137991671382889, "pol3": -0.9889690079122031, "pol4": 0.4465868175319514, "v0s": 6.324327103425739}, "datetime": {"datetime": "2022-04-28 18:53:33", "elapsed": 12126.367049, "delta": 12.743924}}
{"target": -1.0, "params": {"Bgrad": 1.2577703393803232, "d1": 0.22358853327365003, "d2": -2.1794668920827136, "d3": 0.24550842300408826, "d4": -2.892249566355105, "p1": 12.874766515073798, "p2": 39.200538875769844, "p3": 29.847185997203646, "p4": 17.82127137893455, "pol1": 0.08149446984274422, "pol2": -0.7124266516275892, "pol3": -0.9456246099446501, "pol4": 0.46774725548055174, "v0s": 2.2982535447033907}, "datetime": {"datetime": "2022-04-28 18:53:48", "elapsed": 12141.175455, "delta": 14.808406}}
{"target": 2.0594093887687857, "params": {"Bgrad": 1.8374747200800412, "d1": -2.050217224444351, "d2": -2.148091157657158, "d3": -1.1966689398412633, "d4": 0.8632323418027745, "p1": 27.296102108314273, "p2": 9.577079595291005, "p3": 37.02083950427551, "p4": 5.386394364081953, "pol1": -0.9422471968255797, "pol2": -0.8577585985741882, "pol3": 0.416979180851645, "pol4": -0.26229358317425655, "v0s": 2.0594093887687857}, "datetime": {"datetime": "2022-04-28 18:53:58", "elapsed": 12150.680041, "delta": 9.504586}}
{"target": 2.1280140030027233, "params": {"Bgrad": 0.9905124945932193, "d1": -2.2310024613174964, "d2": -0.12193935912242448, "d3": -0.0650303817743847, "d4": -1.1676276925908646, "p1": 12.944691152525396, "p2": 39.880895733322944, "p3": 7.09078736457876, "p4": 21.74859919904002, "pol1": -0.35067880844185395, "pol2": 0.45766338851042554, "pol3": 0.8615712085449858, "pol4": 0.28479173684847514, "v0s": 2.1280140030027233}, "datetime": {"datetime": "2022-04-28 18:54:05", "elapsed": 12157.604526, "delta": 6.924485}}
{"target": -1.0, "params": {"Bgrad": 0.5239839466927019, "d1": -2.0833786633648455, "d2": -1.3748507298407664, "d3": 0.12623520965742152, "d4": -1.0767508917979285, "p1": 32.24202888141905, "p2": 41.74036280148676, "p3": 35.01644919433076, "p4": 8.059190620260848, "pol1": -0.7441702093613713, "pol2": -0.7092970579154767, "pol3": 0.09089943302738823, "pol4": 0.9817685096011171, "v0s": 7.650559132112464}, "datetime": {"datetime": "2022-04-28 18:54:14", "elapsed": 12167.484109, "delta": 9.879583}}
{"target": -1.0, "params": {"Bgrad": 0.6565222430037583, "d1": 0.37577306822661427, "d2": 0.9520949029623025, "d3": -1.0067611989803398, "d4": 0.9103082756509528, "p1": 29.056121684365895, "p2": 36.75802980423947, "p3": 35.440888151351345, "p4": 4.349927948954868, "pol1": -0.835443030639216, "pol2": -0.3478380624085915, "pol3": -0.13687573402634, "pol4": -0.6378898254772274, "v0s": 4.311053537820888}, "datetime": {"datetime": "2022-04-28 18:54:24", "elapsed": 12177.186169, "delta": 9.70206}}
{"target": -1.0, "params": {"Bgrad": 1.9784783615324515, "d1": -1.0037893734504033, "d2": -2.8271864009786634, "d3": -0.43968446078567336, "d4": -1.199508949712813, "p1": 0.8451160334893515, "p2": 7.03443812493213, "p3": 2.1669770992563455, "p4": 39.742220656656244, "pol1": -0.5829752754444508, "pol2": -0.82629966719149, "pol3": -0.6372054679538939, "pol4": -0.27856545016917234, "v0s": 2.5754805123309694}, "datetime": {"datetime": "2022-04-28 18:54:35", "elapsed": 12188.119933, "delta": 10.933764}}
{"target": -1.0, "params": {"Bgrad": 1.0296520999085865, "d1": -2.0461108309959055, "d2": -2.288838246517179, "d3": 0.2694259270032675, "d4": -0.8569189937761337, "p1": 31.064437963223845, "p2": 29.57901562487466, "p3": 42.18673898570317, "p4": 42.58310841633254, "pol1": -0.781346817003435, "pol2": -0.6943428175032647, "pol3": -0.3861929118190459, "pol4": -0.6066604513517875, "v0s": 5.108372160825203}, "datetime": {"datetime": "2022-04-28 18:54:46", "elapsed": 12198.995853, "delta": 10.87592}}
{"target": -1.0, "params": {"Bgrad": 1.7367748219826544, "d1": -1.7143671020079196, "d2": 0.45057058270845785, "d3": -2.2111960033451985, "d4": -2.867004025978622, "p1": 40.490766674360145, "p2": 32.59286754478372, "p3": 10.024781812352213, "p4": 21.78888827139367, "pol1": -0.6239144320794576, "pol2": 0.9641725484851669, "pol3": -0.3695201324656763, "pol4": -0.17337698804485346, "v0s": 5.299424719784331}, "datetime": {"datetime": "2022-04-28 18:55:03", "elapsed": 12215.616413, "delta": 16.62056}}
{"target": -1.0, "params": {"Bgrad": 1.4079581785531576, "d1": -0.1250281693465367, "d2": 0.5585144815054539, "d3": 0.40435502866385953, "d4": -0.41265875500093996, "p1": 43.88673007658094, "p2": 29.895867556203516, "p3": 43.43136339936724, "p4": 18.371807290260744, "pol1": -0.7269244795363738, "pol2": 0.3095346741242908, "pol3": 0.49427432010303907, "pol4": -0.7979545790966576, "v0s": 6.65264677858607}, "datetime": {"datetime": "2022-04-28 18:55:13", "elapsed": 12226.408556, "delta": 10.792143}}
{"target": -1.0, "params": {"Bgrad": 0.7066329576721344, "d1": -2.8922320604343, "d2": -0.04805108508839062, "d3": -0.6448889943944525, "d4": -0.2848063541823045, "p1": 31.58017758270915, "p2": 42.66972650702343, "p3": 7.017495968907999, "p4": 15.76710640767065, "pol1": 0.8562278732745832, "pol2": -0.49610616776301875, "pol3": 0.9545343324869366, "pol4": 0.6246880318862262, "v0s": 5.524472082669567}, "datetime": {"datetime": "2022-04-28 18:55:22", "elapsed": 12235.186087, "delta": 8.777531}}
{"target": -1.0, "params": {"Bgrad": 1.7157224046804882, "d1": -2.2528627888987787, "d2": -2.210114431686399, "d3": -1.5152044228429618, "d4": 0.3572224777723738, "p1": 41.91861189207082, "p2": 10.406774886725062, "p3": 24.839871594346608, "p4": 30.87643644764429, "pol1": -0.8896639828897457, "pol2": -0.3523403447077409, "pol3": 0.31543539802111087, "pol4": -0.8421154330789267, "v0s": 5.477547741241975}, "datetime": {"datetime": "2022-04-28 18:55:38", "elapsed": 12251.444615, "delta": 16.258528}}
{"target": -1.0, "params": {"Bgrad": 0.9960002084021639, "d1": -0.9521661836053505, "d2": -1.3466366519976067, "d3": -0.9653369585114326, "d4": -0.2569898183692536, "p1": 28.107933842952153, "p2": 37.98004688954351, "p3": 39.88620832682341, "p4": 29.05983960373722, "pol1": 0.011855863953446288, "pol2": -0.6354551064484333, "pol3": -0.5760024558037471, "pol4": 0.7829386218846235, "v0s": 3.5550423423883375}, "datetime": {"datetime": "2022-04-28 18:55:50", "elapsed": 12263.504369, "delta": 12.059754}}
{"target": -1.0, "params": {"Bgrad": 1.089912596114374, "d1": 0.0007850038956447314, "d2": -2.9442912262076737, "d3": -1.7774794090497315, "d4": -0.2230509156508984, "p1": 30.753872281038884, "p2": 11.536121148762868, "p3": 25.479246789484343, "p4": 35.93029889026057, "pol1": 0.6128923750033941, "pol2": -0.8992560433232033, "pol3": 0.27105598310719303, "pol4": 0.09493677848328241, "v0s": 6.520356700833987}, "datetime": {"datetime": "2022-04-28 18:56:01", "elapsed": 12273.73302, "delta": 10.228651}}
{"target": -1.0, "params": {"Bgrad": 0.9356818077211253, "d1": -0.5026083147732621, "d2": -1.021017354650826, "d3": 0.666386166249263, "d4": 0.11620981156496768, "p1": 13.022236894944033, "p2": 16.102009907089858, "p3": 30.654845465843678, "p4": 8.333668238108555, "pol1": 0.7272806185168832, "pol2": 0.529198383881037, "pol3": 0.7647744965684447, "pol4": 0.22067511833185405, "v0s": 3.0981295728287455}, "datetime": {"datetime": "2022-04-28 18:56:13", "elapsed": 12285.794769, "delta": 12.061749}}
{"target": -1.0, "params": {"Bgrad": 1.3988616367669506, "d1": 0.712502201452931, "d2": -2.758470259308705, "d3": -0.4271166878343018, "d4": -2.045570358541822, "p1": 20.839547423576633, "p2": 41.64920380500997, "p3": 17.663720873134142, "p4": 47.711763764232806, "pol1": -0.2430777889731217, "pol2": 0.8332962314313455, "pol3": 0.4185360223335157, "pol4": 0.6106891206325273, "v0s": 2.5264551203995538}, "datetime": {"datetime": "2022-04-28 18:56:30", "elapsed": 12303.100497, "delta": 17.305728}}
{"target": 2.9606496520855163, "params": {"Bgrad": 1.1057730277581626, "d1": -0.87252954831941, "d2": -1.4303203085191303, "d3": -2.633272092978012, "d4": -2.323835023740068, "p1": 5.207906705285209, "p2": 39.699389641362224, "p3": 6.0312639511222175, "p4": 27.75989108425575, "pol1": -0.36675286842229404, "pol2": 0.8928708648172832, "pol3": 0.2762418450928048, "pol4": 0.9543922725002971, "v0s": 2.9606496520855163}, "datetime": {"datetime": "2022-04-28 18:56:39", "elapsed": 12311.755355, "delta": 8.654858}}
{"target": 4.7642540583314075, "params": {"Bgrad": 0.8477654458936603, "d1": -1.5294513809069863, "d2": 0.7835256918734719, "d3": -2.1383994508717796, "d4": 0.009245444813232861, "p1": 39.844968187658644, "p2": 24.50932312349029, "p3": 43.480746582136824, "p4": 49.17251323692347, "pol1": -0.09770976196506553, "pol2": 0.31048029489130635, "pol3": -0.673555480126047, "pol4": -0.10502780398346667, "v0s": 4.7642540583314075}, "datetime": {"datetime": "2022-04-28 18:56:44", "elapsed": 12317.225728, "delta": 5.470373}}
{"target": -1.0, "params": {"Bgrad": 1.0215520328744705, "d1": -1.1020738882382282, "d2": -0.46532363782846353, "d3": -0.35325358669751106, "d4": 0.2567237976224428, "p1": 22.542166018838895, "p2": 17.21423342459138, "p3": 11.810942585788004, "p4": 20.1720817586315, "pol1": 0.40912992541810933, "pol2": -0.9081816812288486, "pol3": -0.26698137088376805, "pol4": -0.865476684322039, "v0s": 5.4786912314911635}, "datetime": {"datetime": "2022-04-28 18:56:58", "elapsed": 12330.585008, "delta": 13.35928}}
{"target": -1.0, "params": {"Bgrad": 0.6052266457108797, "d1": -0.21141769528042698, "d2": -2.1291921383520713, "d3": -0.157761414447525, "d4": -0.7689711219747708, "p1": 40.649737687792246, "p2": 6.615531565415744, "p3": 38.043279204011235, "p4": 29.100931149871528, "pol1": -0.12196820030244715, "pol2": 0.3323788206689595, "pol3": 0.5413139092119119, "pol4": 0.006429269726127229, "v0s": 3.644002279770034}, "datetime": {"datetime": "2022-04-28 18:57:05", "elapsed": 12338.231562, "delta": 7.646554}}
{"target": -1.0, "params": {"Bgrad": 0.6129238688393163, "d1": -0.1133642407037847, "d2": -1.283681133237459, "d3": -2.1395472775364923, "d4": -0.6906441609903973, "p1": 44.29866754131616, "p2": 45.56262481800642, "p3": 26.588607643841456, "p4": 43.89222216950559, "pol1": 0.1872097994002313, "pol2": 0.7082970673727655, "pol3": -0.07862258893056473, "pol4": -0.4699970179034101, "v0s": 2.9167783400592215}, "datetime": {"datetime": "2022-04-28 18:57:12", "elapsed": 12345.088229, "delta": 6.856667}}
{"target": -1.0, "params": {"Bgrad": 0.9356833690103569, "d1": -0.11157710837273482, "d2": -0.9117292639274903, "d3": -1.8763851891218328, "d4": -1.9014460338297807, "p1": 7.281003493920135, "p2": 20.479278536556166, "p3": 25.32642910986336, "p4": 47.73500296711028, "pol1": -0.021078584764908648, "pol2": 0.5243596540158628, "pol3": 0.25445446339745414, "pol4": 0.03933656928405682, "v0s": 4.094895747013091}, "datetime": {"datetime": "2022-04-28 18:57:23", "elapsed": 12355.683898, "delta": 10.595669}}
{"target": -1.0, "params": {"Bgrad": 1.3423697721005832, "d1": 0.14136756802470352, "d2": -2.3485589593523657, "d3": 0.18810242144850697, "d4": 0.368355722622979, "p1": 38.42742480424172, "p2": 41.69709197322719, "p3": 35.945372198463126, "p4": 30.440996675686215, "pol1": 0.10983206429720771, "pol2": 0.005880915250645824, "pol3": -0.2663566836799873, "pol4": 0.4518724198141555, "v0s": 6.499536922197077}, "datetime": {"datetime": "2022-04-28 18:57:36", "elapsed": 12368.753951, "delta": 13.070053}}
{"target": -1.0, "params": {"Bgrad": 1.1546400302022404, "d1": -0.04381693681160792, "d2": 0.3008922266736689, "d3": 0.2600843140486564, "d4": -1.3815689797787378, "p1": 18.651029673732843, "p2": 35.55813458566154, "p3": 46.56355161705898, "p4": 18.79448958414509, "pol1": 0.9836593734785097, "pol2": 0.5407478259408729, "pol3": -0.8536108700734955, "pol4": 0.19857308268323037, "v0s": 6.513890967645992}, "datetime": {"datetime": "2022-04-28 18:57:49", "elapsed": 12381.77314, "delta": 13.019189}}
{"target": -1.0, "params": {"Bgrad": 1.4141717434252208, "d1": -0.9363613966213293, "d2": -2.6889348571856577, "d3": -0.20722769118284123, "d4": -2.4597581258277312, "p1": 35.60854547210832, "p2": 16.50118541241998, "p3": 48.272359351174444, "p4": 2.920102074082992, "pol1": 0.2660720522227893, "pol2": 0.8300004383075426, "pol3": -0.3501572627464917, "pol4": -0.06961673470439322, "v0s": 3.3810621751173127}, "datetime": {"datetime": "2022-04-28 18:58:05", "elapsed": 12398.217172, "delta": 16.444032}}
{"target": -1.0, "params": {"Bgrad": 1.4834406188747171, "d1": -0.8576956965792659, "d2": -0.16570112530939118, "d3": -0.47219724333919455, "d4": 0.9899218138120931, "p1": 25.041329800263, "p2": 13.462866726018852, "p3": 21.043686877848234, "p4": 21.08015527722348, "pol1": 0.7629768923750233, "pol2": 0.17682208905183883, "pol3": 0.3755845089363796, "pol4": 0.943187847282331, "v0s": 6.839174415195375}, "datetime": {"datetime": "2022-04-28 18:58:21", "elapsed": 12413.851369, "delta": 15.634197}}
{"target": -1.0, "params": {"Bgrad": 0.8393466157019269, "d1": -0.7232036412792113, "d2": -2.262169001274179, "d3": 0.6457423559318842, "d4": 0.6358789098842661, "p1": 43.022267634982555, "p2": 31.296505277750303, "p3": 8.642140293807499, "p4": 44.86683491358037, "pol1": 0.7321691596874396, "pol2": 0.3338849964897521, "pol3": -0.9732321756572286, "pol4": -0.7317461110318011, "v0s": 3.577289077378124}, "datetime": {"datetime": "2022-04-28 18:58:31", "elapsed": 12423.646179, "delta": 9.79481}}
{"target": -1.0, "params": {"Bgrad": 1.294813356163009, "d1": -0.18366530981731932, "d2": -2.496333701638671, "d3": -0.7397802813245216, "d4": -2.343555564835399, "p1": 25.549581338841787, "p2": 4.510146374422053, "p3": 47.41405986122137, "p4": 13.862139102913396, "pol1": -0.15099416928062603, "pol2": -0.9567548715483916, "pol3": -0.874324186602575, "pol4": -0.4677045356981351, "v0s": 5.438875994955367}, "datetime": {"datetime": "2022-04-28 18:58:42", "elapsed": 12434.656739, "delta": 11.01056}}
{"target": -1.0, "params": {"Bgrad": 1.2282480858315263, "d1": -1.4685159896575462, "d2": -2.3643078561473123, "d3": -1.1375629405180887, "d4": 0.016855110368303894, "p1": 4.017470567335291, "p2": 13.968886563432854, "p3": 39.44366977294169, "p4": 41.96477206075578, "pol1": 0.3728388184141782, "pol2": 0.16045904539442524, "pol3": -0.5999779734199915, "pol4": -0.32169811493523337, "v0s": 7.848500853625581}, "datetime": {"datetime": "2022-04-28 18:58:55", "elapsed": 12448.461827, "delta": 13.805088}}
{"target": -1.0, "params": {"Bgrad": 1.1978859599086018, "d1": 0.07774233743933534, "d2": -1.2639742950379818, "d3": 0.5267151177069871, "d4": -1.9824475540321096, "p1": 13.750830882966818, "p2": 34.45709917454457, "p3": 7.63987226030432, "p4": 49.81344545552541, "pol1": 0.9522031255775825, "pol2": 0.7746417493889837, "pol3": 0.4746559843608944, "pol4": 0.9429940626421749, "v0s": 7.351362084680053}, "datetime": {"datetime": "2022-04-28 18:59:06", "elapsed": 12458.538883, "delta": 10.077056}}
{"target": -1.0, "params": {"Bgrad": 0.8169261631962715, "d1": 0.42364152672593214, "d2": -0.4563951042680974, "d3": -1.6768898490119173, "d4": -0.06210411166043972, "p1": 18.202320301328655, "p2": 8.244260426930051, "p3": 39.74895453958143, "p4": 5.0073459823582525, "pol1": 0.3691064079796198, "pol2": 0.16321839524596493, "pol3": 0.7201909065450465, "pol4": -0.8236617646038353, "v0s": 2.477632128165037}, "datetime": {"datetime": "2022-04-28 18:59:18", "elapsed": 12471.275826, "delta": 12.736943}}
{"target": -1.0, "params": {"Bgrad": 1.73835440569659, "d1": -1.3760226045491617, "d2": 0.5609548345769819, "d3": 0.27269202128729386, "d4": -1.9693837994328285, "p1": 34.96394525093439, "p2": 23.580148816768638, "p3": 9.275070331623098, "p4": 29.21891946688806, "pol1": 0.2692930046761317, "pol2": -0.5290245327815408, "pol3": -0.09682381733471268, "pol4": 0.3567125339329309, "v0s": 2.7073800898623674}, "datetime": {"datetime": "2022-04-28 18:59:33", "elapsed": 12486.22685, "delta": 14.951024}}
{"target": -1.0, "params": {"Bgrad": 1.2081491090231273, "d1": -1.512723491145585, "d2": -0.43770019217109635, "d3": 0.06421473690075974, "d4": -1.2446092700791054, "p1": 12.436809048655928, "p2": 23.845425781217394, "p3": 49.23600431339611, "p4": 6.375093540971349, "pol1": 0.1789687593670446, "pol2": 0.6432676396960137, "pol3": 0.9409922603619834, "pol4": -0.7486593822775329, "v0s": 5.600216692751065}, "datetime": {"datetime": "2022-04-28 18:59:49", "elapsed": 12501.543895, "delta": 15.317045}}
{"target": -1.0, "params": {"Bgrad": 0.742538706805334, "d1": -2.924370968473642, "d2": -0.12760367677459516, "d3": -2.0469257770294256, "d4": -0.49828885313939075, "p1": 33.848611741813286, "p2": 42.24510705416225, "p3": 22.17357098317348, "p4": 35.4508939386165, "pol1": 0.7564373279118888, "pol2": -0.25654516931980087, "pol3": 0.9820284640883257, "pol4": 0.3634424907110305, "v0s": 5.414646420798629}, "datetime": {"datetime": "2022-04-28 18:59:56", "elapsed": 12509.181474, "delta": 7.637579}}
{"target": -1.0, "params": {"Bgrad": 1.9162443327855796, "d1": -0.3414544014071006, "d2": -2.94446876384531, "d3": -2.084909904583736, "d4": -0.049471416547208324, "p1": 30.644859037173806, "p2": 46.02660416423673, "p3": 0.347509658990125, "p4": 26.043933780470148, "pol1": -0.8184548696677867, "pol2": -0.4614630149301011, "pol3": 0.5855056457865302, "pol4": -0.9447819846356227, "v0s": 3.727724008614496}, "datetime": {"datetime": "2022-04-28 19:00:12", "elapsed": 12525.185681, "delta": 16.004207}}
{"target": -1.0, "params": {"Bgrad": 0.5305978202805803, "d1": 0.19071223778385216, "d2": -1.5454019288197323, "d3": -0.8970621952225541, "d4": -1.7135266465183046, "p1": 33.942410941370106, "p2": 22.22361398960922, "p3": 13.17628295536925, "p4": 12.072223014891481, "pol1": 0.5940171093812814, "pol2": -0.15327254043023242, "pol3": 0.9703398617201253, "pol4": 0.5530347790136898, "v0s": 5.071277960928114}, "datetime": {"datetime": "2022-04-28 19:00:20", "elapsed": 12532.589884, "delta": 7.404203}}
{"target": -1.0, "params": {"Bgrad": 0.7883058849432698, "d1": 0.6030272835944985, "d2": 0.9617527645266462, "d3": -0.7051330501198718, "d4": -1.2458031798420497, "p1": 34.7252685594305, "p2": 27.817812079585813, "p3": 18.691374125597303, "p4": 41.328391644687, "pol1": 0.8088168928312502, "pol2": 0.37163953593465937, "pol3": 0.10835318393125637, "pol4": 0.4810002902378776, "v0s": 5.4301448642916785}, "datetime": {"datetime": "2022-04-28 19:00:30", "elapsed": 12542.993068, "delta": 10.403184}}
{"target": -1.0, "params": {"Bgrad": 1.6263912858512568, "d1": -2.7969976517885646, "d2": -2.0395232795282534, "d3": 0.5172541537127677, "d4": -2.1827510177232288, "p1": 18.10990276805874, "p2": 0.4769128654724175, "p3": 36.19684090411709, "p4": 34.32190370112476, "pol1": -0.2718141020906657, "pol2": -0.8546495530066722, "pol3": 0.35033085394394625, "pol4": 0.2734414714675628, "v0s": 2.0760284142152665}, "datetime": {"datetime": "2022-04-28 19:00:49", "elapsed": 12561.713014, "delta": 18.719946}}
{"target": -1.0, "params": {"Bgrad": 0.6048439275176336, "d1": -0.35001192992420904, "d2": -1.8179188372299477, "d3": -0.02220310806072545, "d4": -1.156430882029218, "p1": 25.422094120861686, "p2": 13.13384261127296, "p3": 47.582716521685306, "p4": 2.559139683800998, "pol1": 0.5181080214097309, "pol2": 0.4793425677749119, "pol3": -0.07887818979403982, "pol4": -0.6148954270102709, "v0s": 3.306884933751647}, "datetime": {"datetime": "2022-04-28 19:00:58", "elapsed": 12571.000181, "delta": 9.287167}}
{"target": -1.0, "params": {"Bgrad": 0.8542183497365403, "d1": -2.493581544750031, "d2": -0.5512609820684169, "d3": -1.7808019129781116, "d4": -2.1296210225618584, "p1": 47.72776180156077, "p2": 26.699248410016246, "p3": 22.17689599950511, "p4": 28.117850756760742, "pol1": 0.6334728883480769, "pol2": 0.5018561145343061, "pol3": 0.8895320221398375, "pol4": -0.5266464158651145, "v0s": 7.291401967728233}, "datetime": {"datetime": "2022-04-28 19:01:11", "elapsed": 12583.811925, "delta": 12.811744}}
{"target": -1.0, "params": {"Bgrad": 0.5882930048043593, "d1": -0.7307450386438332, "d2": -1.8379687877692312, "d3": -2.4531186729292545, "d4": -0.36274698372200964, "p1": 24.793214315695185, "p2": 47.591889145174996, "p3": 9.348507595102685, "p4": 41.045899029255246, "pol1": 0.6859173644634022, "pol2": -0.14748424589898046, "pol3": -0.08167860990378806, "pol4": 0.3684571426114738, "v0s": 2.1901295952244677}, "datetime": {"datetime": "2022-04-28 19:01:18", "elapsed": 12590.63169, "delta": 6.819765}}
{"target": -1.0, "params": {"Bgrad": 0.950408081366191, "d1": -0.4495982427790488, "d2": -0.7432428539668954, "d3": -2.5909639902452506, "d4": 0.1464657553281814, "p1": 48.85126776677266, "p2": 3.4290594602391424, "p3": 38.18101384072873, "p4": 3.1033635431437725, "pol1": -0.43798304756136375, "pol2": 0.6768873130634354, "pol3": 0.4970056505028879, "pol4": -0.6934291934339081, "v0s": 4.362774939973288}, "datetime": {"datetime": "2022-04-28 19:01:28", "elapsed": 12600.712736, "delta": 10.081046}}
