{"target": 2.8053744763901225, "params": {"Bgrad": 1.2702791711836652, "d1": 0.0748645371570178, "d2": -0.4677550073474208, "d3": -2.6254453324145945, "d4": -1.4927502060930498, "p1": 48.539163508427244, "p2": 17.0062544643716, "p3": 24.962112070067256, "p4": 14.8599386199605, "pol1": -0.3524980073800583, "pol2": 0.9239142362980108, "pol3": 0.43493566919005877, "pol4": -0.7208611646645526, "v0s": 2.8053744763901225}, "datetime": {"datetime": "2022-04-29 20:21:04", "elapsed": 103777.394528, "delta": 23.974895}}
{"target": 4.962929897380451, "params": {"Bgrad": 1.7563709947980337, "d1": -1.9732542317866602, "d2": 0.2564550849663774, "d3": -0.7985656027906471, "d4": -0.2922769364049, "p1": 1.2534362547174391, "p2": 33.34533094235099, "p3": 16.299128911948728, "p4": 10.013584744522506, "pol1": 0.6969718615960068, "pol2": 0.5563499430799419, "pol3": -0.24635161735748828, "pol4": -0.028381723027014968, "v0s": 4.962929897380451}, "datetime": {"datetime": "2022-04-29 20:21:26", "elapsed": 103798.607807, "delta": 21.213279}}
{"target": 5.118869771152799, "params": {"Bgrad": 0.9595036873443046, "d1": -1.9320264104189064, "d2": 0.6661621192198175, "d3": -1.0537393998915219, "d4": -0.7643831598409694, "p1": 0.20736049216099617, "p2": 6.852834343676683, "p3": 22.209758857339768, "p4": 20.97530676518426, "pol1": 0.9926405793768909, "pol2": 0.5051127837105569, "pol3": -0.24354491863729755, "pol4": 0.892149275223536, "v0s": 5.118869771152799}, "datetime": {"datetime": "2022-04-29 20:21:51", "elapsed": 103824.316068, "delta": 25.708261}}
{"target": -1.0, "params": {"Bgrad": 1.8819259617799926, "d1": -1.8521912107145178, "d2": 0.37779092710137085, "d3": -1.2853429902283446, "d4": -1.0952088582157846, "p1": 35.68329821457591, "p2": 11.495607035857613, "p3": 10.59394394785349, "p4": 26.282939662590465, "pol1": -0.37137574660382433, "pol2": -0.6422149169319595, "pol3": 0.3358245208836561, "pol4": -0.7868520170666795, "v0s": 5.286969978539691}, "datetime": {"datetime": "2022-04-29 20:22:18", "elapsed": 103850.771331, "delta": 26.455263}}
{"target": -1.0, "params": {"Bgrad": 1.9317881593230524, "d1": -1.57561776429788, "d2": -0.257654580293873, "d3": -2.3758860231905228, "d4": -1.6183885566375507, "p1": 12.789271842828875, "p2": 27.53795262398617, "p3": 16.72587055856283, "p4": 3.723230843675168, "pol1": -0.9477202280922474, "pol2": 0.24140335852237427, "pol3": -0.16067082934724874, "pol4": 0.5806407349567706, "v0s": 5.3681196450803155}, "datetime": {"datetime": "2022-04-29 20:22:45", "elapsed": 103878.130179, "delta": 27.358848}}
{"target": 4.192920797316682, "params": {"Bgrad": 1.0362845259819942, "d1": -2.09241988883877, "d2": 0.8346565657000093, "d3": -0.45840837737302254, "d4": -1.1515782203940188, "p1": 2.817547969290146, "p2": 3.54398904249647, "p3": 23.928800525722764, "p4": 17.13904562467444, "pol1": 0.1827720323174007, "pol2": 0.24646236373189723, "pol3": -0.06752666415495767, "pol4": -0.20070173579813, "v0s": 4.192920797316682}, "datetime": {"datetime": "2022-04-29 20:23:08", "elapsed": 103901.102754, "delta": 22.972575}}
{"target": -1.0, "params": {"Bgrad": 1.5598371577056507, "d1": -0.594720378542481, "d2": 0.6858015707391947, "d3": -1.1522969915228956, "d4": -1.714162668882862, "p1": 9.451177950566219, "p2": 5.7922801268263155, "p3": 30.543555706426346, "p4": 9.61287821527273, "pol1": 0.7520565912724595, "pol2": 0.09427938214345888, "pol3": 0.543312865911511, "pol4": -0.7689656815501995, "v0s": 3.499776134289201}, "datetime": {"datetime": "2022-04-29 20:23:51", "elapsed": 103944.253378, "delta": 43.150624}}
{"target": 4.17114106508464, "params": {"Bgrad": 1.0996256886442093, "d1": -2.208367643919178, "d2": 0.3673498478501874, "d3": -1.5820451614235223, "d4": -0.351222639563771, "p1": 30.66472742879249, "p2": 28.41031818156235, "p3": 9.453589689281046, "p4": 8.686393086203601, "pol1": 0.16226069034636642, "pol2": 0.02528588459393546, "pol3": 0.5094983740099471, "pol4": 0.2132759385894067, "v0s": 4.17114106508464}, "datetime": {"datetime": "2022-04-29 20:24:11", "elapsed": 103963.62558, "delta": 19.372202}}
{"target": -1.0, "params": {"Bgrad": 0.8687083013925205, "d1": -0.6168586802831464, "d2": -0.04216331353485714, "d3": -0.761889119747396, "d4": -2.1011094546550657, "p1": 2.900584177952342, "p2": 0.798958059162419, "p3": 42.22820882341161, "p4": 46.917554657397986, "pol1": -0.01471451511239441, "pol2": 0.9518987053240298, "pol3": -0.4464054148473462, "pol4": -0.48155941556777315, "v0s": 3.3098215036840797}, "datetime": {"datetime": "2022-04-29 20:24:29", "elapsed": 103981.670332, "delta": 18.044752}}
{"target": -1.0, "params": {"Bgrad": 0.9756050486653245, "d1": 0.2337951664046365, "d2": -1.428125588507021, "d3": -0.3478320555680514, "d4": -1.6878554519644777, "p1": 25.747819223291707, "p2": 6.998123794882572, "p3": 32.46084755311786, "p4": 27.324392893401168, "pol1": -0.19982729809704258, "pol2": -0.020018029891057054, "pol3": -0.6534397525397506, "pol4": 0.2198902631974038, "v0s": 4.667004570597981}, "datetime": {"datetime": "2022-04-29 20:25:13", "elapsed": 104025.753461, "delta": 44.083129}}
{"target": 4.012911950554751, "params": {"Bgrad": 1.4182175126018628, "d1": -2.620971548448195, "d2": 0.9494578940072556, "d3": -2.167785793608645, "d4": -0.10533351395883361, "p1": 48.99150974328862, "p2": 43.0067692914893, "p3": 7.049191772870033, "p4": 19.55267542836833, "pol1": -0.45939098463427586, "pol2": 0.6428063115243132, "pol3": -0.0862501624134493, "pol4": -0.69956396894906, "v0s": 4.012911950554751}, "datetime": {"datetime": "2022-04-29 20:25:35", "elapsed": 104048.489669, "delta": 22.736208}}
{"target": -1.0, "params": {"Bgrad": 0.8049861235427138, "d1": -2.3017451687158417, "d2": 0.7058753664940824, "d3": -1.5049740489799532, "d4": -2.261397241160997, "p1": 22.496921032214594, "p2": 25.8922435349159, "p3": 40.44016390028363, "p4": 47.49578422479238, "pol1": 0.5578619905305973, "pol2": 0.05784639503184241, "pol3": 0.5481131504380643, "pol4": 0.2144536377445696, "v0s": 3.6184543313914306}, "datetime": {"datetime": "2022-04-29 20:25:55", "elapsed": 104068.479221, "delta": 19.989552}}
{"target": -1.0, "params": {"Bgrad": 1.7960983293576067, "d1": 0.6864116473971213, "d2": -1.7733917919273003, "d3": -0.8695922478789484, "d4": -0.7243488661980964, "p1": 40.076963038680546, "p2": 11.479933855668323, "p3": 21.771999013467653, "p4": 25.958535886019618, "pol1": -0.5167620660006937, "pol2": 0.1585652178112844, "pol3": 0.8650247310521775, "pol4": 0.6177591291981612, "v0s": 4.084471252512944}, "datetime": {"datetime": "2022-04-29 20:26:20", "elapsed": 104093.214084, "delta": 24.734863}}
{"target": -1.0, "params": {"Bgrad": 1.1966203867302667, "d1": 0.5133523208537696, "d2": 0.3672908219951059, "d3": -0.7721112735820657, "d4": -2.114989999101881, "p1": 38.80222683791546, "p2": 47.639885347679, "p3": 16.34117872245835, "p4": 9.345705641388612, "pol1": -0.12494876000251609, "pol2": -0.15097034088350925, "pol3": 0.055947146802518555, "pol4": 0.9129127497988563, "v0s": 3.959929190977177}, "datetime": {"datetime": "2022-04-29 20:26:56", "elapsed": 104128.922606, "delta": 35.708522}}
{"target": 3.1765321667588653, "params": {"Bgrad": 1.9988651435824323, "d1": -1.6782387709324302, "d2": -2.140138886026096, "d3": -1.3061745255285446, "d4": -1.8283221942764882, "p1": 36.17404092754837, "p2": 10.771948968432932, "p3": 23.987515169232005, "p4": 48.47271567080574, "pol1": -0.536459231960374, "pol2": 0.9953022357166894, "pol3": -0.9444787920500957, "pol4": -0.42360292917289843, "v0s": 3.1765321667588653}, "datetime": {"datetime": "2022-04-29 20:27:26", "elapsed": 104158.655106, "delta": 29.7325}}
{"target": 5.088668846521498, "params": {"Bgrad": 0.6169270771232184, "d1": -2.5855122885419695, "d2": 0.4738933565412049, "d3": -1.761920068466397, "d4": -0.7974410907941909, "p1": 2.3448540830006523, "p2": 4.993885447785967, "p3": 23.36262717949381, "p4": 16.588388761319155, "pol1": 0.6324899525141774, "pol2": -0.6520672378739285, "pol3": 0.4154634852823458, "pol4": -0.5148126871700736, "v0s": 5.088668846521498}, "datetime": {"datetime": "2022-04-29 20:27:48", "elapsed": 104180.60592, "delta": 21.950814}}
{"target": -1.0, "params": {"Bgrad": 0.9445282359515212, "d1": -1.643689456082555, "d2": -0.8477181354527428, "d3": -1.0858221941494008, "d4": -0.35869363788693276, "p1": 6.90048342369799, "p2": 0.6471578141836354, "p3": 41.3228370096398, "p4": 47.944418866974225, "pol1": -0.2942441717260962, "pol2": 0.3554955694077042, "pol3": -0.47173938525992476, "pol4": -0.378835233852852, "v0s": 4.693863312373334}, "datetime": {"datetime": "2022-04-29 20:28:17", "elapsed": 104210.481039, "delta": 29.875119}}
{"target": 4.062655439099522, "params": {"Bgrad": 0.9542231271815873, "d1": -1.4216155906321046, "d2": -0.20540864322691998, "d3": -2.3277981211512557, "d4": -2.673268136909411, "p1": 15.836064369465463, "p2": 38.6379893026438, "p3": 0.7509156075310608, "p4": 30.128397178804967, "pol1": 0.6333471177152743, "pol2": -0.42758274562520393, "pol3": 0.3038982645887853, "pol4": 0.6750486454579445, "v0s": 4.062655439099522}, "datetime": {"datetime": "2022-04-29 20:28:43", "elapsed": 104235.778399, "delta": 25.29736}}
{"target": 4.697494534639649, "params": {"Bgrad": 1.7015553147664255, "d1": -1.8770186695095592, "d2": 0.6829827010811174, "d3": -0.6909247903853445, "d4": -2.6172190877075856, "p1": 33.072584257017176, "p2": 13.824308724580042, "p3": 4.190793611025243, "p4": 17.017043164599492, "pol1": -0.07275023166970672, "pol2": 0.29277893551268047, "pol3": 0.8197142070967439, "pol4": -0.2705374601948087, "v0s": 4.697494534639649}, "datetime": {"datetime": "2022-04-29 20:29:11", "elapsed": 104264.120617, "delta": 28.342218}}
{"target": -1.0, "params": {"Bgrad": 1.1807826445207448, "d1": -1.4176468162763212, "d2": -0.3037513730869623, "d3": 0.12637966364682685, "d4": -1.0129295299836971, "p1": 23.128827142396347, "p2": 26.831233040654624, "p3": 2.07958230234731, "p4": 45.149770692502976, "pol1": 0.6826701436915472, "pol2": 0.851079316194719, "pol3": -0.10953658964052781, "pol4": 0.6107506595731824, "v0s": 3.1510259310669335}, "datetime": {"datetime": "2022-04-29 20:29:42", "elapsed": 104294.642009, "delta": 30.521392}}
{"target": -1.0, "params": {"Bgrad": 1.4885131033478962, "d1": -0.7774508244873486, "d2": 0.2366776434353972, "d3": -0.847903118671768, "d4": -0.7711630608677504, "p1": 7.91885921987951, "p2": 32.72974620131433, "p3": 24.578249288208543, "p4": 44.128857929126006, "pol1": -0.7321323451624882, "pol2": -0.6369823367955529, "pol3": -0.8256302850299255, "pol4": 0.9826400686483903, "v0s": 6.455344555664829}, "datetime": {"datetime": "2022-04-29 20:30:09", "elapsed": 104322.098594, "delta": 27.456585}}
{"target": 4.676691917645993, "params": {"Bgrad": 1.2303927891387412, "d1": -1.577924610109286, "d2": 0.8011283513057066, "d3": -0.7251843855182671, "d4": -1.7441933534015597, "p1": 22.755037924106635, "p2": 23.893108230619422, "p3": 42.358478712582986, "p4": 44.54574357649708, "pol1": -0.7296205962271409, "pol2": 0.16743199778643503, "pol3": 0.3721613541503492, "pol4": 0.7017034252803456, "v0s": 4.676691917645993}, "datetime": {"datetime": "2022-04-29 20:30:43", "elapsed": 104356.264242, "delta": 34.165648}}
{"target": -1.0, "params": {"Bgrad": 0.5405297889348553, "d1": -1.2319615569878914, "d2": -0.41960845600229524, "d3": -2.2251615546987096, "d4": -2.3662451231173054, "p1": 33.21207201496528, "p2": 14.206933680681106, "p3": 2.8574492472517035, "p4": 16.500469018472696, "pol1": -0.8824344748485009, "pol2": 0.2707478887049499, "pol3": -0.22772633714353008, "pol4": 0.26043282246869137, "v0s": 4.258431169998027}, "datetime": {"datetime": "2022-04-29 20:31:02", "elapsed": 104375.21158, "delta": 18.947338}}
{"target": -1.0, "params": {"Bgrad": 1.3236748722395637, "d1": -0.3682590528739631, "d2": 0.9636564995504133, "d3": -2.3058764966158622, "d4": -0.11426515280234195, "p1": 21.667905104405527, "p2": 25.073466921151127, "p3": 39.599422988601674, "p4": 45.15868065091069, "pol1": 0.27876123898563043, "pol2": -0.3025945024998915, "pol3": 0.31920314928194715, "pol4": -0.9139233129550213, "v0s": 5.581994199417458}, "datetime": {"datetime": "2022-04-29 20:31:41", "elapsed": 104414.171409, "delta": 38.959829}}
{"target": -1.0, "params": {"Bgrad": 1.3557845124554266, "d1": -0.3294005920903835, "d2": -1.05167101765851, "d3": -2.6565823343166515, "d4": -2.266739072278538, "p1": 22.10252829001537, "p2": 25.7251108208889, "p3": 10.893020379945412, "p4": 36.19627194992013, "pol1": 0.06518599813058712, "pol2": 0.665223540320647, "pol3": -0.20549109834326362, "pol4": 0.9698619684627869, "v0s": 4.068353615347553}, "datetime": {"datetime": "2022-04-29 20:32:07", "elapsed": 104439.783925, "delta": 25.612516}}
{"target": 4.277621063512656, "params": {"Bgrad": 1.4490627536021297, "d1": -1.3265863083472549, "d2": 0.9366726588481795, "d3": -2.250506899104159, "d4": -0.8241648913102789, "p1": 42.1315351132217, "p2": 44.672283549708375, "p3": 32.089840436579756, "p4": 14.624008513066576, "pol1": -0.15141627087012433, "pol2": 0.3442247843305194, "pol3": -0.15732769674682726, "pol4": -0.19426468865611068, "v0s": 4.277621063512656}, "datetime": {"datetime": "2022-04-29 20:32:49", "elapsed": 104481.636021, "delta": 41.852096}}
{"target": 3.6264673642308316, "params": {"Bgrad": 1.8619157858115787, "d1": -2.243237913785812, "d2": -3.0, "d3": -1.2109197987248494, "d4": -2.037572983578356, "p1": 40.92156841351796, "p2": 12.436727745558624, "p3": 16.404420038421886, "p4": 18.741621058975163, "pol1": -0.6425555895508499, "pol2": 0.955435853193281, "pol3": 0.6046822539582373, "pol4": 0.16780782008873832, "v0s": 3.6264673642308316}, "datetime": {"datetime": "2022-04-29 20:33:11", "elapsed": 104503.787791, "delta": 22.15177}}
{"target": 4.188705440770308, "params": {"Bgrad": 0.9198824130134522, "d1": -1.1315817049992303, "d2": 0.5782301807947201, "d3": -2.4702017045095603, "d4": -1.7193121716679323, "p1": 5.930453449603979, "p2": 16.554397694066548, "p3": 34.239484965159846, "p4": 2.6693111612152265, "pol1": 0.11134905791668026, "pol2": -0.7521267954199846, "pol3": 0.4221019687247929, "pol4": 0.6111457214181544, "v0s": 4.188705440770308}, "datetime": {"datetime": "2022-04-29 20:33:44", "elapsed": 104537.429838, "delta": 33.642047}}
{"target": -1.0, "params": {"Bgrad": 0.8743008301804849, "d1": 0.5200182659896146, "d2": 0.5643956827052494, "d3": -0.5058812630851994, "d4": -1.3860651416340115, "p1": 10.497280414803246, "p2": 1.3023622763092324, "p3": 47.51682944949592, "p4": 34.46514294794493, "pol1": -0.1995127683738247, "pol2": -0.27123778017846, "pol3": 0.5373322371106823, "pol4": -0.21366298269681194, "v0s": 4.652214781277703}, "datetime": {"datetime": "2022-04-29 20:34:18", "elapsed": 104570.831528, "delta": 33.40169}}
{"target": 3.2116690605928744, "params": {"Bgrad": 1.4716517135123914, "d1": -1.631795656481838, "d2": 0.2549411842021838, "d3": -1.7548257673580445, "d4": -2.716336184385858, "p1": 3.2898309226358724, "p2": 30.20126518353513, "p3": 13.205154692291604, "p4": 21.07766300358387, "pol1": -0.488545310406163, "pol2": 0.9722382525629145, "pol3": 0.3613670863861702, "pol4": 0.024819507814039188, "v0s": 3.2116690605928744}, "datetime": {"datetime": "2022-04-29 20:34:58", "elapsed": 104611.294337, "delta": 40.462809}}
{"target": 3.2906162195415862, "params": {"Bgrad": 0.74108863954675, "d1": -2.980665396430562, "d2": -2.4601395632154133, "d3": -2.199567173793992, "d4": -0.9058985631522214, "p1": 3.34336855647725, "p2": 48.420039793625556, "p3": 12.470743754060132, "p4": 20.38107152118832, "pol1": -0.9290277508596971, "pol2": 0.35860990190173725, "pol3": 0.4972492015512733, "pol4": 0.640589254499075, "v0s": 3.2906162195415862}, "datetime": {"datetime": "2022-04-29 20:35:15", "elapsed": 104628.394615, "delta": 17.100278}}
{"target": -1.0, "params": {"Bgrad": 1.2779692926862247, "d1": -1.8267920965614928, "d2": -0.925452284368752, "d3": 0.2669299656479329, "d4": -0.27460944289726985, "p1": 44.13751671291612, "p2": 26.58081265875468, "p3": 23.936902432828877, "p4": 5.378600445256815, "pol1": 0.5484764110159861, "pol2": -0.180856523039171, "pol3": 0.08920935307634559, "pol4": -0.15905592504996613, "v0s": 4.8807950686100465}, "datetime": {"datetime": "2022-04-29 20:35:53", "elapsed": 104665.606118, "delta": 37.211503}}
{"target": -1.0, "params": {"Bgrad": 1.2938601412667903, "d1": -0.82234686056188, "d2": 0.2208157556353676, "d3": -2.4688215689531385, "d4": 0.5737974068992546, "p1": 38.35885072526887, "p2": 48.59269231489769, "p3": 16.043613399640805, "p4": 10.340777144028573, "pol1": -0.6170713652513078, "pol2": -0.14478155203853915, "pol3": -0.2263208189594006, "pol4": 0.9446888290467188, "v0s": 3.181863548907872}, "datetime": {"datetime": "2022-04-29 20:36:29", "elapsed": 104701.591898, "delta": 35.98578}}
{"target": -1.0, "params": {"Bgrad": 0.9262731534518172, "d1": 0.12111613695676926, "d2": -0.5429325548141795, "d3": -1.567765757372539, "d4": 0.4501800091119952, "p1": 16.082768552603753, "p2": 13.023275660923966, "p3": 30.459065101605, "p4": 33.201270856862536, "pol1": 0.25285374686224116, "pol2": 0.1756946448412804, "pol3": -0.26143859234254063, "pol4": 0.6651489922434868, "v0s": 2.3647437883490054}, "datetime": {"datetime": "2022-04-29 20:37:10", "elapsed": 104743.373183, "delta": 41.781285}}
{"target": 3.8078825189035674, "params": {"Bgrad": 1.088935544960338, "d1": -1.9844972879394829, "d2": -0.38342510254521794, "d3": -2.5064491596171536, "d4": -2.6587854354550045, "p1": 15.638666441150788, "p2": 41.99687318062407, "p3": 2.3162647239270577, "p4": 10.35338038715682, "pol1": -0.0073981931428954515, "pol2": 0.39871184664922127, "pol3": -0.3383158226911036, "pol4": -0.04891672218614244, "v0s": 3.8078825189035674}, "datetime": {"datetime": "2022-04-29 20:37:45", "elapsed": 104778.101326, "delta": 34.728143}}
{"target": 4.028205278898511, "params": {"Bgrad": 1.3719152213552674, "d1": -2.0632554555960163, "d2": -0.12435586628808348, "d3": -1.6544770438609113, "d4": -0.5633216124253697, "p1": 12.044066842174228, "p2": 28.17318853033044, "p3": 16.958280540290765, "p4": 3.886126315199634, "pol1": -0.3671687686155727, "pol2": 0.8034610369675548, "pol3": 0.214481479479395, "pol4": 0.07823240319560476, "v0s": 4.028205278898511}, "datetime": {"datetime": "2022-04-29 20:38:10", "elapsed": 104803.397688, "delta": 25.296362}}
{"target": -1.0, "params": {"Bgrad": 0.917824617775908, "d1": -1.0752481740977933, "d2": -0.8802846299495743, "d3": -0.4470844920491177, "d4": -0.817938024475759, "p1": 25.05866247755133, "p2": 30.392894759751023, "p3": 23.25343126341074, "p4": 3.706133791827643, "pol1": -0.5984468422738656, "pol2": -0.6188801215849429, "pol3": 0.2878211823339081, "pol4": -0.777074370298565, "v0s": 4.308607953374665}, "datetime": {"datetime": "2022-04-29 20:38:51", "elapsed": 104843.795671, "delta": 40.397983}}
{"target": 4.605634273445833, "params": {"Bgrad": 1.4870824455923624, "d1": -2.226346853726164, "d2": 0.5923083054433869, "d3": -1.737489887450563, "d4": -0.5663774291331626, "p1": 26.001199295837324, "p2": 26.32929309031949, "p3": 11.045557916696108, "p4": 36.829239323473686, "pol1": 0.09586652003999437, "pol2": -0.1384807085218557, "pol3": -0.15316404821968926, "pol4": -0.7969878925509969, "v0s": 4.605634273445833}, "datetime": {"datetime": "2022-04-29 20:39:09", "elapsed": 104861.803522, "delta": 18.007851}}
{"target": -1.0, "params": {"Bgrad": 0.6850935822638256, "d1": -0.3402093726598867, "d2": -0.5507787003787996, "d3": -1.6487561159511932, "d4": -2.2708199488616065, "p1": 39.39267016064798, "p2": 26.49659906310265, "p3": 43.70331721325414, "p4": 48.66372948752169, "pol1": -0.7701978763814536, "pol2": 0.5680965723062366, "pol3": 0.17019163435446116, "pol4": -0.17456198246341215, "v0s": 2.373799428923458}, "datetime": {"datetime": "2022-04-29 20:39:31", "elapsed": 104884.009148, "delta": 22.205626}}
{"target": -1.0, "params": {"Bgrad": 1.1439025689834168, "d1": -0.3276765053492867, "d2": 0.2032812650530631, "d3": -1.6770563714705502, "d4": -0.06126674411284272, "p1": 0.2191781208080057, "p2": 15.862828612892871, "p3": 15.181768936408341, "p4": 4.675418874517023, "pol1": 0.04555931507161781, "pol2": -0.22691107543533495, "pol3": 0.6935277162212126, "pol4": -0.642433372024878, "v0s": 4.38463383836484}, "datetime": {"datetime": "2022-04-29 20:39:59", "elapsed": 104911.688139, "delta": 27.678991}}
{"target": -1.0, "params": {"Bgrad": 1.0221131165876103, "d1": -0.5404409319780639, "d2": -1.0799419901426743, "d3": -1.3572433498280012, "d4": -2.694362090614236, "p1": 3.353318954440515, "p2": 46.439060719962775, "p3": 12.037264554204102, "p4": 19.010793429120596, "pol1": 0.8715918931944926, "pol2": 0.1685505879771192, "pol3": -0.008864611386516064, "pol4": 0.29730326053554657, "v0s": 4.393308850543516}, "datetime": {"datetime": "2022-04-29 20:40:27", "elapsed": 104940.368454, "delta": 28.680315}}
{"target": 3.637222836061944, "params": {"Bgrad": 1.3763488130308352, "d1": -1.7572846010917111, "d2": -0.06560035360645863, "d3": -1.9085261812769463, "d4": -0.5200840886088202, "p1": 12.189850704976859, "p2": 28.158455482948877, "p3": 17.07732572621604, "p4": 3.3829114782031224, "pol1": -0.5233080000362809, "pol2": 0.38463315316583013, "pol3": 0.26943480513686124, "pol4": 0.1659852288613368, "v0s": 3.637222836061944}, "datetime": {"datetime": "2022-04-29 20:40:47", "elapsed": 104960.498629, "delta": 20.130175}}
{"target": -1.0, "params": {"Bgrad": 1.2126741472095706, "d1": -1.591448099679464, "d2": -1.27767626995348, "d3": -1.638409042929037, "d4": -1.2976948546947544, "p1": 25.100632776853605, "p2": 23.664809717874707, "p3": 12.518258860056747, "p4": 35.98239348486932, "pol1": 0.29526185818099626, "pol2": 0.8659851240487826, "pol3": 0.33009794991695274, "pol4": -0.6364027678765278, "v0s": 3.628368028025535}, "datetime": {"datetime": "2022-04-29 20:41:14", "elapsed": 104986.624772, "delta": 26.126143}}
