{"target": 4.413536029382304, "params": {"Bgrad": 1.703956180523037, "d1": -1.8073964375525433, "d2": 0.7003986699412886, "d3": -0.7634390682306958, "d4": -1.6619818406853457, "p1": 44.56700735648136, "p2": 21.877327058213616, "p3": 25.380174588279562, "p4": 11.616073599542911, "pol1": -0.28764208914089817, "pol2": -0.07938072672966819, "pol3": 0.0680340524824417, "pol4": -0.9101776475753357, "v0s": 4.413536029382304}, "datetime": {"datetime": "2022-05-16 22:19:58", "elapsed": 9413.534943, "delta": 8.323737}}
{"target": 3.431517340242573, "params": {"Bgrad": 1.8895905666608637, "d1": -2.3880531641475904, "d2": 0.007886646937045771, "d3": -0.5448413589450967, "d4": -1.6681563543354727, "p1": 47.25672315047523, "p2": 23.711846530036247, "p3": 24.519691713784432, "p4": 14.722701612405759, "pol1": 0.628161761138516, "pol2": 0.8921877632981976, "pol3": -0.8528756595721023, "pol4": 0.7721469538824668, "v0s": 3.431517340242573}, "datetime": {"datetime": "2022-05-16 22:20:06", "elapsed": 9421.797843, "delta": 8.2629}}
{"target": 4.093072978564094, "params": {"Bgrad": 1.7715082612186501, "d1": 0.09389385990783827, "d2": -0.3628271643726748, "d3": -1.9187851608177304, "d4": -0.032583743706898094, "p1": 27.691946028123482, "p2": 9.158851884441688, "p3": 39.05911982354577, "p4": 30.055002095226385, "pol1": -0.4860224933187456, "pol2": -0.11707409042294104, "pol3": -0.5146504766515894, "pol4": 0.3475688976724072, "v0s": 4.093072978564094}, "datetime": {"datetime": "2022-05-16 22:20:19", "elapsed": 9435.076329, "delta": 13.278486}}
{"target": 3.4410406601865495, "params": {"Bgrad": 1.463916463963121, "d1": 0.0027618488668346153, "d2": -2.6312516194832236, "d3": -2.5430420367853523, "d4": -2.6594536986813853, "p1": 29.097676734775423, "p2": 7.437575374261046, "p3": 37.13578664604883, "p4": 27.67142100810226, "pol1": 0.8791695368136341, "pol2": -0.23279565934220714, "pol3": 0.12950829584496315, "pol4": -0.4546596396811031, "v0s": 3.4410406601865495}, "datetime": {"datetime": "2022-05-16 22:20:27", "elapsed": 9442.408717, "delta": 7.332388}}
{"target": 3.1965094550917668, "params": {"Bgrad": 1.1988372909715697, "d1": -2.1449151558367867, "d2": 0.9912531680209558, "d3": -1.2459984947964093, "d4": -1.745837281137384, "p1": 4.273493970681325, "p2": 34.05508032295713, "p3": 33.5547496898014, "p4": 35.98704961928437, "pol1": -0.40217187549276323, "pol2": 0.16469910151114786, "pol3": 0.42335221423552416, "pol4": 0.7124007125623035, "v0s": 3.1965094550917668}, "datetime": {"datetime": "2022-05-16 22:20:34", "elapsed": 9450.081196, "delta": 7.672479}}
{"target": -1.0, "params": {"Bgrad": 1.9977873414087381, "d1": -1.2517862452916306, "d2": -0.06905627893693644, "d3": -1.8692424348999817, "d4": -0.06614033617030879, "p1": 10.436117243872056, "p2": 24.844622116891497, "p3": 40.570156339771984, "p4": 23.900411578560682, "pol1": 0.6777921698216904, "pol2": -0.513280634555513, "pol3": 0.6451697476815585, "pol4": -0.13920121520722084, "v0s": 6.62401291028597}, "datetime": {"datetime": "2022-05-16 22:20:48", "elapsed": 9463.828427, "delta": 13.747231}}
{"target": 3.012990178193383, "params": {"Bgrad": 1.0779658764195723, "d1": 0.31179093711210326, "d2": -0.9492037561993523, "d3": -2.7410108697005757, "d4": -2.820999654240121, "p1": 29.811924591013284, "p2": 9.997529696947389, "p3": 35.361359294962455, "p4": 27.32066334293245, "pol1": 0.18128445352831912, "pol2": 0.7061197946619713, "pol3": 0.032579076333472345, "pol4": -0.1844928227809588, "v0s": 3.012990178193383}, "datetime": {"datetime": "2022-05-16 22:20:58", "elapsed": 9473.235268, "delta": 9.406841}}
{"target": -1.0, "params": {"Bgrad": 0.9683663315423106, "d1": -2.741116049263796, "d2": 0.08403285848693232, "d3": -2.3269135590756442, "d4": -1.795527629707681, "p1": 8.821338646473837, "p2": 14.863500479513592, "p3": 4.89353597294071, "p4": 29.08140027716594, "pol1": -0.5632865860307983, "pol2": -0.4529505019018738, "pol3": -0.6272833876625201, "pol4": -0.00729838871387134, "v0s": 5.522979942005029}, "datetime": {"datetime": "2022-05-16 22:21:12", "elapsed": 9488.00277, "delta": 14.767502}}
{"target": -1.0, "params": {"Bgrad": 0.7316700287702047, "d1": 0.33537821741380824, "d2": -0.36921563949260694, "d3": -1.4182925043017902, "d4": 0.2303535061014652, "p1": 0.15924768584983928, "p2": 37.744891026674246, "p3": 34.86511175993883, "p4": 36.41507129918482, "pol1": 0.2826436730580193, "pol2": 0.16455685446579182, "pol3": -0.13481950440139157, "pol4": 0.7376885877973374, "v0s": 5.415530114300999}, "datetime": {"datetime": "2022-05-16 22:21:22", "elapsed": 9498.087796, "delta": 10.085026}}
{"target": -1.0, "params": {"Bgrad": 1.179270621264327, "d1": -2.969582626992963, "d2": -1.330588756086442, "d3": 0.3834152034058014, "d4": -1.4275390479374908, "p1": 3.865119588247623, "p2": 38.81500182299233, "p3": 33.82975761739731, "p4": 38.141017485979326, "pol1": 0.34535173820248843, "pol2": 0.8045071146939631, "pol3": 0.14168046523128197, "pol4": 0.7385856308728715, "v0s": 3.8381788812619773}, "datetime": {"datetime": "2022-05-16 22:21:38", "elapsed": 9513.616263, "delta": 15.528467}}
{"target": -1.0, "params": {"Bgrad": 1.5546634505844799, "d1": -0.7413095359406019, "d2": -0.24126392150842113, "d3": -2.077063557368602, "d4": -0.5198301874462268, "p1": 11.646988145999837, "p2": 27.650794876308822, "p3": 42.32065270944903, "p4": 26.125006523671086, "pol1": -0.5348689204812778, "pol2": 0.28401444032865664, "pol3": 0.17703979841481376, "pol4": -0.26344617831583483, "v0s": 6.115974600438917}, "datetime": {"datetime": "2022-05-16 22:21:51", "elapsed": 9526.960572, "delta": 13.344309}}
{"target": 5.227342208683772, "params": {"Bgrad": 0.5, "d1": -2.90677330729141, "d2": -3.0, "d3": -2.6413397465949764, "d4": -0.7612314348928698, "p1": 5.902496023432224, "p2": 2.020353814741231, "p3": 39.5540090330173, "p4": 21.0020212473571, "pol1": 0.2479182652260579, "pol2": 0.8202156079643217, "pol3": 0.08394883711538287, "pol4": -0.415323428648257, "v0s": 5.227342208683772}, "datetime": {"datetime": "2022-05-16 22:22:00", "elapsed": 9535.363098, "delta": 8.402526}}
{"target": 4.780243049824198, "params": {"Bgrad": 0.5, "d1": -3.0, "d2": -0.08705458311179592, "d3": -0.996367464028965, "d4": -1.1075831334794646, "p1": 31.211055658636013, "p2": 6.077444686429915, "p3": 8.898014019271933, "p4": 25.11183969511629, "pol1": 0.394273616143279, "pol2": -0.9598189782771259, "pol3": -0.6150445932300252, "pol4": -0.4896285066176166, "v0s": 4.780243049824198}, "datetime": {"datetime": "2022-05-16 22:22:07", "elapsed": 9542.502005, "delta": 7.138907}}
{"target": -1.0, "params": {"Bgrad": 1.6428503577343532, "d1": -2.511938731923357, "d2": 0.002312162802299067, "d3": -2.016769601792881, "d4": -2.817885160246788, "p1": 29.10575178748421, "p2": 8.80379727889129, "p3": 39.10756463074792, "p4": 28.511070545100107, "pol1": 0.05058387240034867, "pol2": -0.8455165230081729, "pol3": -0.8772999175142215, "pol4": 0.45128992301046256, "v0s": 6.08733830606808}, "datetime": {"datetime": "2022-05-16 22:22:19", "elapsed": 9554.510885, "delta": 12.00888}}
{"target": 3.7126401235389137, "params": {"Bgrad": 1.8093458743661635, "d1": -1.5606904824770278, "d2": -0.7629829276501012, "d3": -1.3501123996339146, "d4": -2.423990201914287, "p1": 6.063521617184081, "p2": 37.756943424847464, "p3": 39.384406099708826, "p4": 34.408330766479565, "pol1": 0.8811775801164057, "pol2": -0.9694290072392482, "pol3": -0.714536999820141, "pol4": 0.9639795888903255, "v0s": 3.7126401235389137}, "datetime": {"datetime": "2022-05-16 22:22:26", "elapsed": 9561.980906, "delta": 7.470021}}
{"target": -1.0, "params": {"Bgrad": 0.5259091647002914, "d1": -0.4500259652244045, "d2": 0.9681580232640496, "d3": -1.8978328703689122, "d4": -2.419794128326007, "p1": 8.283442097601585, "p2": 24.885099068151717, "p3": 44.15868973992713, "p4": 27.363551609876918, "pol1": 0.8913028882727987, "pol2": 0.6672787077425839, "pol3": -0.406058184436211, "pol4": -0.4416582341906148, "v0s": 5.7771518049615755}, "datetime": {"datetime": "2022-05-16 22:22:35", "elapsed": 9571.196258, "delta": 9.215352}}
{"target": 3.766912481700398, "params": {"Bgrad": 1.384613233959333, "d1": -2.755930253929836, "d2": 0.5743054616389269, "d3": -0.3371300186994657, "d4": -1.7348530265908373, "p1": 43.879863222988476, "p2": 17.712752113800214, "p3": 27.469400014789123, "p4": 11.26935916602339, "pol1": 0.2824267629090431, "pol2": -0.46352156158014957, "pol3": 0.2276579687780742, "pol4": 0.6567942823612871, "v0s": 3.766912481700398}, "datetime": {"datetime": "2022-05-16 22:22:45", "elapsed": 9580.562208, "delta": 9.36595}}
{"target": -1.0, "params": {"Bgrad": 1.9619853664858733, "d1": -1.9481242785621724, "d2": 1.0, "d3": 0.024206771672861886, "d4": -1.5553218638581219, "p1": 43.84484300767895, "p2": 20.74491962171879, "p3": 26.319803692724903, "p4": 11.848271341033382, "pol1": -0.57583314512651, "pol2": -0.11340360642465057, "pol3": -0.014093067728849296, "pol4": -0.17761851356721853, "v0s": 4.864140791424244}, "datetime": {"datetime": "2022-05-16 22:22:59", "elapsed": 9595.182105, "delta": 14.619897}}
{"target": 3.8337431651585367, "params": {"Bgrad": 1.1494549683783042, "d1": -1.0372495832981738, "d2": 0.7614581173906866, "d3": -1.2639071515780411, "d4": -2.0764697438814164, "p1": 39.66062845797238, "p2": 19.763915971224584, "p3": 15.28392886597699, "p4": 13.529675037426408, "pol1": 0.3110840678668292, "pol2": -0.2571261847481618, "pol3": -0.23521381559520335, "pol4": -0.18349454320971242, "v0s": 3.8337431651585367}, "datetime": {"datetime": "2022-05-16 22:23:09", "elapsed": 9604.735554, "delta": 9.553449}}
{"target": 4.787724594113307, "params": {"Bgrad": 0.6967171734820632, "d1": -3.0, "d2": 1.0, "d3": -0.7164760138310333, "d4": -1.8253086983237092, "p1": 46.33712174619721, "p2": 24.841316675421158, "p3": 22.486277359638056, "p4": 29.34352032955802, "pol1": 0.4123530027690855, "pol2": -0.19726198016476898, "pol3": 0.15163244432136366, "pol4": -0.5320501629907829, "v0s": 4.787724594113307}, "datetime": {"datetime": "2022-05-16 22:23:15", "elapsed": 9610.519084, "delta": 5.78353}}
{"target": -1.0, "params": {"Bgrad": 1.2787688769326488, "d1": -1.1652822592563523, "d2": -0.4003109804397562, "d3": 0.9167777928302661, "d4": -2.5844900022666524, "p1": 38.675748804922534, "p2": 19.85987299883399, "p3": 14.80709399395717, "p4": 13.23942481706894, "pol1": -0.9529940953435596, "pol2": -0.2709644712183641, "pol3": -0.054312912617021425, "pol4": 0.1538527552172455, "v0s": 3.6982636175347547}, "datetime": {"datetime": "2022-05-16 22:23:30", "elapsed": 9625.297558, "delta": 14.778474}}
{"target": 2.978195455900614, "params": {"Bgrad": 2.0, "d1": -3.0, "d2": -3.0, "d3": -2.2155468868851944, "d4": -3.0, "p1": 25.108735052298904, "p2": 31.01782019122143, "p3": 43.8511257846479, "p4": 45.580118029746416, "pol1": -1.0, "pol2": -0.007970885565304528, "pol3": -0.933381482142191, "pol4": 0.1546781662778483, "v0s": 2.978195455900614}, "datetime": {"datetime": "2022-05-16 22:23:36", "elapsed": 9631.994645, "delta": 6.697087}}
{"target": 4.155309032030082, "params": {"Bgrad": 0.7155024908321115, "d1": -3.0, "d2": -0.3481538121857425, "d3": -1.4195336628108637, "d4": -1.4819028913458163, "p1": 31.06576190520165, "p2": 6.212880102710185, "p3": 8.449116500544399, "p4": 24.556681451901962, "pol1": -0.27671144240361584, "pol2": -0.6060457213923109, "pol3": 0.08345286586588084, "pol4": 0.21818493680925719, "v0s": 4.155309032030082}, "datetime": {"datetime": "2022-05-16 22:23:42", "elapsed": 9638.149184, "delta": 6.154539}}
{"target": 4.234668432594697, "params": {"Bgrad": 1.4226389414679588, "d1": -2.305169548533982, "d2": 0.4366617793767981, "d3": -1.515156789272835, "d4": -1.4874640724814978, "p1": 29.948521268802757, "p2": 8.466761566256219, "p3": 37.49625304332711, "p4": 30.55234976530723, "pol1": 0.7893318347342485, "pol2": 0.09682959774387852, "pol3": -0.6943565604267734, "pol4": 0.062088627635860115, "v0s": 4.234668432594697}, "datetime": {"datetime": "2022-05-16 22:23:53", "elapsed": 9648.345912, "delta": 10.196728}}
{"target": -1.0, "params": {"Bgrad": 1.496089469503997, "d1": -2.4656053805630624, "d2": 0.8826082745183168, "d3": -2.9029208834631293, "d4": 0.36762394142627874, "p1": 8.035453824445982, "p2": 37.90873140725169, "p3": 31.405910283611593, "p4": 34.33304312020415, "pol1": 0.009586987791000867, "pol2": 0.007521114548495467, "pol3": 0.34726683521562185, "pol4": -0.36010930155705956, "v0s": 3.692838109143259}, "datetime": {"datetime": "2022-05-16 22:24:07", "elapsed": 9662.477116, "delta": 14.131204}}
{"target": 3.664658723418337, "params": {"Bgrad": 1.5050922955086925, "d1": -2.49096307941989, "d2": 0.7799230636436358, "d3": -1.1603771866894763, "d4": -0.4784538024380276, "p1": 30.110410021703753, "p2": 13.84211083334274, "p3": 40.170757736975304, "p4": 26.108916503352912, "pol1": 0.9262341207648264, "pol2": -0.36007070402126584, "pol3": -0.39943154126473956, "pol4": 0.025426826164485217, "v0s": 3.664658723418337}, "datetime": {"datetime": "2022-05-16 22:24:14", "elapsed": 9669.944145, "delta": 7.467029}}
{"target": -1.0, "params": {"Bgrad": 0.9557036387741238, "d1": -1.2719066187894135, "d2": -0.5222294538773324, "d3": -1.8386488637451044, "d4": -1.8219230273722702, "p1": 12.670789600135791, "p2": 26.835018776204787, "p3": 44.499789598483666, "p4": 23.980714083623006, "pol1": 0.18403223977411787, "pol2": 0.7897094447514461, "pol3": -0.7864658484979932, "pol4": -0.6823833371281578, "v0s": 4.295609132236022}, "datetime": {"datetime": "2022-05-16 22:24:29", "elapsed": 9684.891167, "delta": 14.947022}}
{"target": 3.48360680962972, "params": {"Bgrad": 0.8645167045872403, "d1": -1.2993238942843668, "d2": 0.8454228323827276, "d3": -2.246548649129894, "d4": -3.0, "p1": 11.762665693594078, "p2": 15.605078586792452, "p3": 6.841715430368431, "p4": 29.105382316603382, "pol1": -0.12234797338912651, "pol2": 0.12827414432120562, "pol3": -0.13939133609591994, "pol4": 0.48297628872739706, "v0s": 3.48360680962972}, "datetime": {"datetime": "2022-05-16 22:24:37", "elapsed": 9692.393102, "delta": 7.501935}}
{"target": -1.0, "params": {"Bgrad": 1.5791616593251492, "d1": -1.9790544703586095, "d2": 0.37573620307821054, "d3": -0.5245267484855747, "d4": -2.586449955944316, "p1": 40.263124278860964, "p2": 21.267014541262984, "p3": 15.587613772387494, "p4": 13.445697577775034, "pol1": -0.22320682835274286, "pol2": -0.5575845923280198, "pol3": 0.1886316833034749, "pol4": 0.19768999929864184, "v0s": 2.3309391399628288}, "datetime": {"datetime": "2022-05-16 22:24:42", "elapsed": 9697.935279, "delta": 5.542177}}
{"target": -1.0, "params": {"Bgrad": 1.6043535596350105, "d1": -1.6770728296531456, "d2": -0.6630128457552775, "d3": -2.8940876995965366, "d4": -1.4368370496707965, "p1": 26.936587086383128, "p2": 7.3779743278093, "p3": 36.948115870175506, "p4": 28.28812202887044, "pol1": -0.9334917202736257, "pol2": -0.8835120611417877, "pol3": -0.43991375549415657, "pol4": -0.9300361843980207, "v0s": 2.2396290646676076}, "datetime": {"datetime": "2022-05-16 22:24:49", "elapsed": 9704.284298, "delta": 6.349019}}
{"target": 5.143854435042412, "params": {"Bgrad": 0.5, "d1": -3.0, "d2": 0.43845022312245585, "d3": -1.1334658853197126, "d4": -0.8016174255468254, "p1": 31.553254494930624, "p2": 7.430683307949927, "p3": 7.903123126284219, "p4": 25.42023226175346, "pol1": 0.7387183559258312, "pol2": -1.0, "pol3": 0.24532271505827574, "pol4": -0.9452736122849452, "v0s": 5.143854435042412}, "datetime": {"datetime": "2022-05-16 22:24:56", "elapsed": 9711.262633, "delta": 6.978335}}
{"target": 4.181678941086515, "params": {"Bgrad": 1.8820045179703466, "d1": -0.8523149660129238, "d2": 0.15149703084401459, "d3": -1.823025951322269, "d4": -1.491314011846642, "p1": 28.043900099793564, "p2": 9.325495319003334, "p3": 38.003767905866354, "p4": 30.104264065797903, "pol1": 0.48948946639405994, "pol2": -0.2869500440268373, "pol3": -0.7942232296419628, "pol4": 0.4717533213774415, "v0s": 4.181678941086515}, "datetime": {"datetime": "2022-05-16 22:25:04", "elapsed": 9719.63524, "delta": 8.372607}}
{"target": 4.222359541801329, "params": {"Bgrad": 0.5, "d1": -2.0506993831959215, "d2": -0.05148376680565763, "d3": -1.654471411950504, "d4": -3.0, "p1": 11.146731248266047, "p2": 16.446414442181634, "p3": 7.395120658251556, "p4": 29.388433417237326, "pol1": -0.7265384172342763, "pol2": -0.4081044641245534, "pol3": -0.14612671279821415, "pol4": 1.0, "v0s": 4.222359541801329}, "datetime": {"datetime": "2022-05-16 22:25:10", "elapsed": 9726.165773, "delta": 6.530533}}
{"target": -1.0, "params": {"Bgrad": 1.3621422526277935, "d1": -1.7915035775541206, "d2": 0.1093672362473539, "d3": -1.0792485515111445, "d4": -0.8617585854273639, "p1": 2.881121175742607, "p2": 33.53777819069308, "p3": 15.246893468118067, "p4": 13.918942062933477, "pol1": -0.7912845758724272, "pol2": 0.38338611130533184, "pol3": -0.13795997771571877, "pol4": 0.7405131177189836, "v0s": 5.948006164376077}, "datetime": {"datetime": "2022-05-16 22:25:26", "elapsed": 9741.794971, "delta": 15.629198}}
{"target": -1.0, "params": {"Bgrad": 1.3267568122730504, "d1": -1.7708136680519244, "d2": -1.1582963661211667, "d3": -0.6512460308326751, "d4": -2.569876996571615, "p1": 11.959183825888969, "p2": 16.949520911915766, "p3": 7.773459278669498, "p4": 29.635388459592598, "pol1": -0.15357218069278233, "pol2": -0.22320030001506241, "pol3": 0.8496612616192891, "pol4": 0.16930815361717477, "v0s": 5.34210981009767}, "datetime": {"datetime": "2022-05-16 22:25:42", "elapsed": 9757.349369, "delta": 15.554398}}
{"target": 4.942870474323673, "params": {"Bgrad": 1.8324423696640881, "d1": -2.134932134861161, "d2": 0.3493066126633776, "d3": -0.8519751220101999, "d4": -2.843784069524094, "p1": 44.71931172432324, "p2": 21.343953297849826, "p3": 25.01285083039938, "p4": 12.458727106567913, "pol1": -0.26597555083208047, "pol2": -0.5119867166953823, "pol3": 0.6733663676063649, "pol4": 0.0013933597472821015, "v0s": 4.942870474323673}, "datetime": {"datetime": "2022-05-16 22:25:51", "elapsed": 9766.707339, "delta": 9.35797}}
{"target": 4.047314057689042, "params": {"Bgrad": 2.0, "d1": -2.431534282863481, "d2": 0.8983805352282224, "d3": -2.0205158709313165, "d4": -2.977979119328274, "p1": 29.723058821228886, "p2": 10.61041488647133, "p3": 37.007008056537025, "p4": 28.36434628820698, "pol1": 1.0, "pol2": 0.43724827746851436, "pol3": -0.6723138835224095, "pol4": 0.7239975866408359, "v0s": 4.047314057689042}, "datetime": {"datetime": "2022-05-16 22:26:00", "elapsed": 9775.286393, "delta": 8.579054}}
{"target": 4.2330614810104095, "params": {"Bgrad": 1.6436859106482276, "d1": -2.895459474252965, "d2": -2.339451654857933, "d3": -1.8117543071609754, "d4": -2.188264471265657, "p1": 5.364222610324109, "p2": 10.635475856095223, "p3": 37.782053362137646, "p4": 28.12466546620046, "pol1": -0.6315644897094821, "pol2": -0.7551805375763483, "pol3": -0.74485499295037, "pol4": -0.816998555734346, "v0s": 4.2330614810104095}, "datetime": {"datetime": "2022-05-16 22:26:08", "elapsed": 9783.844504, "delta": 8.558111}}
{"target": 4.230420539158889, "params": {"Bgrad": 1.2414395314905269, "d1": -2.6558767426473504, "d2": 0.3679016084479607, "d3": -0.054258547741212984, "d4": -0.28877103270026094, "p1": 34.79823190411119, "p2": 9.658739467281045, "p3": 8.42469482553838, "p4": 30.078282710975547, "pol1": 0.6813315397338966, "pol2": -0.6470605723744103, "pol3": -0.6113401561239351, "pol4": 0.08638305737531762, "v0s": 4.230420539158889}, "datetime": {"datetime": "2022-05-16 22:26:17", "elapsed": 9792.254011, "delta": 8.409507}}
{"target": -1.0, "params": {"Bgrad": 1.3734787762358884, "d1": -2.1154807365281476, "d2": -1.2916255728056512, "d3": -1.5814989624291327, "d4": -0.9313559239654552, "p1": 43.319373842362374, "p2": 24.335848818000805, "p3": 24.656104385185113, "p4": 12.039260108533444, "pol1": 0.7305334321329575, "pol2": 0.6426428181769488, "pol3": -0.729195634230561, "pol4": -0.9680801393620269, "v0s": 5.196934379209292}, "datetime": {"datetime": "2022-05-16 22:26:31", "elapsed": 9806.808085, "delta": 14.554074}}
{"target": 2.3980810505821184, "params": {"Bgrad": 0.839038834025666, "d1": 0.2533587557973993, "d2": -1.2670130558870554, "d3": -0.09176637265899279, "d4": -0.8485169177192904, "p1": 45.26549514112061, "p2": 24.586187493193506, "p3": 18.29603514122838, "p4": 9.006793051197775, "pol1": -0.6407366921441249, "pol2": 0.4167229789394502, "pol3": -0.6429124137404505, "pol4": 0.36185512593850744, "v0s": 2.3980810505821184}, "datetime": {"datetime": "2022-05-16 22:26:37", "elapsed": 9812.906773, "delta": 6.098688}}
{"target": 4.868540046630437, "params": {"Bgrad": 0.7621092318160065, "d1": -2.75998850357886, "d2": 0.1909928231128211, "d3": -1.8850277293725874, "d4": 0.2681474587052764, "p1": 35.71514089072152, "p2": 9.13803044143782, "p3": 9.162828670861646, "p4": 30.722453298783943, "pol1": 0.9977945765937885, "pol2": 0.14447720487965263, "pol3": -0.8920819291521442, "pol4": 0.5687976442647091, "v0s": 4.868540046630437}, "datetime": {"datetime": "2022-05-16 22:26:48", "elapsed": 9823.639069, "delta": 10.732296}}
{"target": 5.302477554116553, "params": {"Bgrad": 2.0, "d1": -2.4253464827325475, "d2": 1.0, "d3": -1.0316953857075852, "d4": -2.0391349479679626, "p1": 29.52056110872636, "p2": 12.248778036013546, "p3": 37.57803004791488, "p4": 27.06503553366355, "pol1": 0.5966421611844644, "pol2": 0.005060847763129481, "pol3": -1.0, "pol4": -0.07991344862105458, "v0s": 5.302477554116553}, "datetime": {"datetime": "2022-05-16 22:26:58", "elapsed": 9833.959465, "delta": 10.320396}}
