{"target": -1.0, "params": {"Bgrad": 0.8791913138761904, "d1": -0.9413928198352521, "d2": -0.6466565552592125, "d3": -0.35425012387584376, "d4": -0.7654081540465327, "p1": 10.059266749874352, "p2": 25.243181951724424, "p3": 43.878812005819036, "p4": 25.24457637654447, "pol1": -0.6494594546359196, "pol2": 0.9686594095871588, "pol3": -0.8658382961723388, "pol4": -0.3608868222631463, "v0s": 5.897196564613126}, "datetime": {"datetime": "2022-05-16 22:27:12", "elapsed": 9847.341673, "delta": 13.382208}}
{"target": 4.084035992787431, "params": {"Bgrad": 1.8864291948024339, "d1": -2.37892096957715, "d2": 0.13570278318134496, "d3": -0.6422105367598865, "d4": -2.249806304199024, "p1": 45.47319367071631, "p2": 22.22803213652437, "p3": 25.651863808460227, "p4": 12.070521395144283, "pol1": -0.35687169053338214, "pol2": -0.5629756115829678, "pol3": 0.14910946863247523, "pol4": 0.42029790936954603, "v0s": 4.084035992787431}, "datetime": {"datetime": "2022-05-16 22:27:21", "elapsed": 9856.827302, "delta": 9.485629}}
{"target": -1.0, "params": {"Bgrad": 1.7841583594989174, "d1": -0.5957167285476119, "d2": 0.551462295068287, "d3": -1.1124544074441305, "d4": -1.8298284261208124, "p1": 46.84706821784875, "p2": 22.517108213833183, "p3": 26.547399239907698, "p4": 12.451921717760111, "pol1": -0.806629249421589, "pol2": 0.3917869696906615, "pol3": -0.049424107087165714, "pol4": 0.9419551703618931, "v0s": 4.131003200539129}, "datetime": {"datetime": "2022-05-16 22:27:36", "elapsed": 9871.882036, "delta": 15.054734}}
{"target": 4.006714247218049, "params": {"Bgrad": 0.6457108077176394, "d1": -0.9261719560399454, "d2": 0.909241928756368, "d3": -2.241662709647017, "d4": -1.598799402788888, "p1": 39.47129007252339, "p2": 19.14135516959899, "p3": 15.400479776560875, "p4": 13.3063994802147, "pol1": 0.38682900500801387, "pol2": 0.9441725642026261, "pol3": -0.25457947187028135, "pol4": 0.0351072565387334, "v0s": 4.006714247218049}, "datetime": {"datetime": "2022-05-16 22:27:47", "elapsed": 9882.417857, "delta": 10.535821}}
{"target": 3.3820256299875386, "params": {"Bgrad": 0.6309554786353999, "d1": -1.892875673382549, "d2": 0.689762890368133, "d3": -1.2925393910731482, "d4": -1.3879187487318476, "p1": 37.548096470854006, "p2": 11.727372454659301, "p3": 5.793034276804915, "p4": 29.25699918317876, "pol1": 0.7550521771100327, "pol2": 0.7005402803609808, "pol3": -0.923262793769815, "pol4": -0.6575390346828611, "v0s": 3.3820256299875386}, "datetime": {"datetime": "2022-05-16 22:27:54", "elapsed": 9889.849979, "delta": 7.432122}}
{"target": 5.165102234849234, "params": {"Bgrad": 1.166144366813962, "d1": -2.492943752355542, "d2": -0.022229699622801875, "d3": -1.6145234054278972, "d4": -0.29505537544378957, "p1": 36.71797749722822, "p2": 8.931951174925533, "p3": 8.825880353845486, "p4": 30.81226948468177, "pol1": 0.6427565005066374, "pol2": 0.8790450762161832, "pol3": -1.0, "pol4": 0.5359358575239883, "v0s": 5.165102234849234}, "datetime": {"datetime": "2022-05-16 22:28:04", "elapsed": 9900.054685, "delta": 10.204706}}
{"target": -1.0, "params": {"Bgrad": 0.5131783911331229, "d1": -0.7779253705127167, "d2": -1.4678795534005902, "d3": -1.120395361712943, "d4": 0.004862107879968214, "p1": 10.606586213050246, "p2": 23.461467650424417, "p3": 44.812479943016065, "p4": 26.635483948900387, "pol1": 0.4663306395577449, "pol2": -0.3593844373400479, "pol3": -0.7621029175003333, "pol4": -0.10750160068563974, "v0s": 4.092340290798896}, "datetime": {"datetime": "2022-05-16 22:28:14", "elapsed": 9910.032997, "delta": 9.978312}}
{"target": 4.683897436217946, "params": {"Bgrad": 0.5228109952634278, "d1": -1.5601650947242323, "d2": 1.0, "d3": -2.1271525807126177, "d4": -1.6754211572716105, "p1": 4.036595536201719, "p2": 34.22978439835364, "p3": 36.40379079630715, "p4": 36.275263634376884, "pol1": 0.2797142648212014, "pol2": -0.011346402242935549, "pol3": -0.09608579923023808, "pol4": -0.5915994415821905, "v0s": 4.683897436217946}, "datetime": {"datetime": "2022-05-16 22:28:23", "elapsed": 9918.453476, "delta": 8.420479}}
{"target": 4.80223007061311, "params": {"Bgrad": 1.7754182514139545, "d1": -1.5952253302029025, "d2": 1.0, "d3": -2.0436139294594655, "d4": -2.679459942295747, "p1": 29.220352488953427, "p2": 12.24633820809043, "p3": 37.68533588148858, "p4": 27.739265247446813, "pol1": 1.0, "pol2": -0.34078517918773726, "pol3": -1.0, "pol4": -0.13002190976895323, "v0s": 4.80223007061311}, "datetime": {"datetime": "2022-05-16 22:28:33", "elapsed": 9928.283185, "delta": 9.829709}}
{"target": -1.0, "params": {"Bgrad": 0.5066366971393349, "d1": -1.8766294284794953, "d2": -0.4746270962671333, "d3": -2.364791141238232, "d4": 0.10043499392361399, "p1": 31.754151578861922, "p2": 7.923605597675065, "p3": 8.944932856518795, "p4": 24.069345467494795, "pol1": -0.0732714435836459, "pol2": -0.5584266530192721, "pol3": 0.6383431499787289, "pol4": 0.732273417144637, "v0s": 2.9746652805525597}, "datetime": {"datetime": "2022-05-16 22:28:42", "elapsed": 9937.860569, "delta": 9.577384}}
{"target": 4.049023532846506, "params": {"Bgrad": 1.7205502577408789, "d1": -0.22545219594677515, "d2": -0.3850933492908359, "d3": -2.75308648695317, "d4": -2.65494246378903, "p1": 28.765069291199925, "p2": 9.276680784267, "p3": 37.129629857285735, "p4": 28.030354666465655, "pol1": 0.3996692452345624, "pol2": 0.8649065786082022, "pol3": -0.8855046725083187, "pol4": -0.396858451036094, "v0s": 4.049023532846506}, "datetime": {"datetime": "2022-05-16 22:28:54", "elapsed": 9949.515396, "delta": 11.654827}}
{"target": 3.22621953072502, "params": {"Bgrad": 1.4827462943878122, "d1": -2.3288625292502587, "d2": -0.28132118972730336, "d3": -1.9236229718038382, "d4": 0.19970020553102374, "p1": 20.989004275887346, "p2": 15.99697862029093, "p3": 27.283245404612227, "p4": 48.06147666997436, "pol1": 0.5331940715987604, "pol2": -0.8942810684820361, "pol3": 0.27138414637838815, "pol4": -0.12790575015119798, "v0s": 3.22621953072502}, "datetime": {"datetime": "2022-05-16 22:29:02", "elapsed": 9957.965795, "delta": 8.450399}}
{"target": 4.387751528033121, "params": {"Bgrad": 0.7499765132279297, "d1": -2.1979543061465145, "d2": -0.6776548950466861, "d3": -2.7711727890395235, "d4": -2.9148773778686894, "p1": 3.1449383530778805, "p2": 39.12267609079289, "p3": 33.04433818506969, "p4": 38.50057020389711, "pol1": 0.9463438244040061, "pol2": -0.16735411460251415, "pol3": -0.5248829259411587, "pol4": 0.17091899995400306, "v0s": 4.387751528033121}, "datetime": {"datetime": "2022-05-16 22:29:10", "elapsed": 9965.323118, "delta": 7.357323}}
{"target": 3.952863044078216, "params": {"Bgrad": 1.3023510598285024, "d1": -2.977480032149247, "d2": 0.5034055238557786, "d3": -1.3123698623677669, "d4": -1.901102023931677, "p1": 29.660488674169972, "p2": 12.968475176452039, "p3": 38.78298678927276, "p4": 26.781988809080055, "pol1": -0.7145379298904937, "pol2": 0.7421758426957179, "pol3": -0.9594932255492752, "pol4": 0.5286709260803728, "v0s": 3.952863044078216}, "datetime": {"datetime": "2022-05-16 22:29:17", "elapsed": 9972.67246, "delta": 7.349342}}
{"target": -1.0, "params": {"Bgrad": 1.8542277239519032, "d1": -1.0536477413038146, "d2": -0.2221891468919459, "d3": -2.7955174685281077, "d4": -0.2782841743650195, "p1": 6.779583738372436, "p2": 38.4380687695997, "p3": 35.7891801540583, "p4": 34.65076321988393, "pol1": -0.16591572196521964, "pol2": 0.1812218897581357, "pol3": -0.8625386290280406, "pol4": -0.3389594261959201, "v0s": 2.427660801808986}, "datetime": {"datetime": "2022-05-16 22:29:23", "elapsed": 9978.881852, "delta": 6.209392}}
{"target": -1.0, "params": {"Bgrad": 0.5681588434709867, "d1": 0.2195829709488084, "d2": 0.7160527949262807, "d3": 0.019367388112311534, "d4": -1.3369075408557047, "p1": 7.681369344389727, "p2": 35.310651870077756, "p3": 39.482041281939125, "p4": 32.69677195496127, "pol1": -0.16891842489866415, "pol2": 0.5915155012894204, "pol3": -0.3689265424193551, "pol4": 0.08755096135449136, "v0s": 2.8412203750875156}, "datetime": {"datetime": "2022-05-16 22:29:35", "elapsed": 9990.487811, "delta": 11.605959}}
{"target": 4.427934736505544, "params": {"Bgrad": 1.3390622230010072, "d1": -1.071462847333716, "d2": 0.7117701615856853, "d3": -1.7428466116311325, "d4": -0.11016159480970344, "p1": 4.115390446621431, "p2": 35.89219670412666, "p3": 33.50778241356922, "p4": 38.91389239497681, "pol1": 0.4158657258321614, "pol2": -0.7912358046046304, "pol3": 0.7083642097057667, "pol4": -0.029434381341964855, "v0s": 4.427934736505544}, "datetime": {"datetime": "2022-05-16 22:29:44", "elapsed": 9999.570518, "delta": 9.082707}}
{"target": -1.0, "params": {"Bgrad": 0.886814356450998, "d1": -2.737798137800247, "d2": -2.2318786242779076, "d3": -0.17918455510115816, "d4": -2.7296055933021757, "p1": 6.836423124483093, "p2": 12.388304216230384, "p3": 38.38927648470884, "p4": 27.779142475934428, "pol1": -0.5815469647474218, "pol2": 0.07982007316124018, "pol3": -0.30441256533825767, "pol4": -0.4496039437406687, "v0s": 5.879990607301682}, "datetime": {"datetime": "2022-05-16 22:29:59", "elapsed": 10014.34201, "delta": 14.771492}}
{"target": -1.0, "params": {"Bgrad": 1.8589709463601292, "d1": -1.0619846695269288, "d2": -0.647661538320726, "d3": -1.3349106602258645, "d4": -0.9002935057070913, "p1": 28.427438048770725, "p2": 9.68461420515977, "p3": 37.12229407292235, "p4": 31.316001749372692, "pol1": -0.17111260256298366, "pol2": 0.7480963180016709, "pol3": -0.9042366137707696, "pol4": -0.14175054087071226, "v0s": 3.463417497495408}, "datetime": {"datetime": "2022-05-16 22:30:13", "elapsed": 10028.625806, "delta": 14.283796}}
{"target": -1.0, "params": {"Bgrad": 0.8285241723788194, "d1": -1.3715704233000614, "d2": -0.683791524084858, "d3": 0.21067459456040583, "d4": -2.346547872481308, "p1": 5.281886519861717, "p2": 38.32026236353179, "p3": 40.972519177348296, "p4": 32.571111974226966, "pol1": -0.986919358983047, "pol2": 0.8574356893519983, "pol3": -0.09252117703596108, "pol4": 0.4765816774493006, "v0s": 5.019117665758083}, "datetime": {"datetime": "2022-05-16 22:30:27", "elapsed": 10043.103085, "delta": 14.477279}}
{"target": -1.0, "params": {"Bgrad": 1.434073683094686, "d1": -0.28320570867752853, "d2": 0.21702752206227735, "d3": -0.7733985551955933, "d4": 1.0, "p1": 46.59890235155169, "p2": 42.737792914648615, "p3": 8.567557286846526, "p4": 15.201772358622101, "pol1": -1.0, "pol2": 1.0, "pol3": -0.8410515500231587, "pol4": 0.5803094951204985, "v0s": 2.0}, "datetime": {"datetime": "2022-05-16 22:30:41", "elapsed": 10056.294801, "delta": 13.191716}}
{"target": -1.0, "params": {"Bgrad": 1.8191238621759813, "d1": -1.9061653361166, "d2": 0.11897514965654876, "d3": -2.0368472173920784, "d4": -2.0450081296454443, "p1": 29.932469092676683, "p2": 14.266216057700648, "p3": 39.61350261892566, "p4": 28.57112690306451, "pol1": -0.1129794114670748, "pol2": -0.8279278718269514, "pol3": -0.7935173339389434, "pol4": 0.6897452854873547, "v0s": 5.6114904859885915}, "datetime": {"datetime": "2022-05-16 22:30:55", "elapsed": 10071.077264, "delta": 14.782463}}
{"target": 3.0607400078814595, "params": {"Bgrad": 1.9304367852186286, "d1": -0.7131832233484836, "d2": -0.5149705434811915, "d3": -0.228952764761158, "d4": -1.8186312534367803, "p1": 29.007125744049205, "p2": 9.514216590158275, "p3": 35.18904587762504, "p4": 26.671997268023382, "pol1": -0.35197212205199957, "pol2": 0.8876881888936945, "pol3": -0.5833239065753093, "pol4": -0.23285093633183118, "v0s": 3.0607400078814595}, "datetime": {"datetime": "2022-05-16 22:31:02", "elapsed": 10078.114442, "delta": 7.037178}}
{"target": 5.036305776380592, "params": {"Bgrad": 1.3704445236774778, "d1": -1.5660936663870992, "d2": 0.15715617983638364, "d3": -0.14083861493592398, "d4": -2.204777435728641, "p1": 7.376991547922768, "p2": 35.90845961382095, "p3": 39.01953250386231, "p4": 32.97242485394376, "pol1": -0.9687970624189326, "pol2": -0.779929889503491, "pol3": -0.510822773581612, "pol4": -0.6844026659813505, "v0s": 5.036305776380592}, "datetime": {"datetime": "2022-05-16 22:31:15", "elapsed": 10090.235024, "delta": 12.120582}}
{"target": -1.0, "params": {"Bgrad": 1.1718905218654965, "d1": -2.023685899370312, "d2": -2.7695583162405324, "d3": -2.2053009689029412, "d4": 0.5915287150916506, "p1": 21.284201369881423, "p2": 16.432866897376297, "p3": 31.864555004987132, "p4": 48.95688442348042, "pol1": 0.9731102637849662, "pol2": 0.6092787134494484, "pol3": 0.7914439461025804, "pol4": -0.40756965982199156, "v0s": 5.2210482560456235}, "datetime": {"datetime": "2022-05-16 22:31:29", "elapsed": 10104.805055, "delta": 14.570031}}
{"target": -1.0, "params": {"Bgrad": 1.6627477470304635, "d1": 0.18704494631528235, "d2": 0.38458844776073153, "d3": 0.6113200431249646, "d4": -0.16991646081342804, "p1": 36.39069175395277, "p2": 11.555650658488343, "p3": 5.742650362026497, "p4": 29.648272972487828, "pol1": 0.705685041709025, "pol2": 0.16200366447794323, "pol3": 0.205208822951924, "pol4": -0.4325647480045456, "v0s": 4.382299778353175}, "datetime": {"datetime": "2022-05-16 22:31:44", "elapsed": 10119.703208, "delta": 14.898153}}
{"target": 3.778419441522276, "params": {"Bgrad": 0.5406578214582403, "d1": -0.9238737498412144, "d2": -0.6929333160368447, "d3": -2.6666987675507783, "d4": -1.3468489227954188, "p1": 34.70090009541069, "p2": 7.859069834011362, "p3": 9.987721575094493, "p4": 31.599855615100402, "pol1": -0.027076259958807025, "pol2": -0.08173015946040563, "pol3": 0.3485042324769405, "pol4": -0.8099368669367393, "v0s": 3.778419441522276}, "datetime": {"datetime": "2022-05-16 22:31:51", "elapsed": 10126.505016, "delta": 6.801808}}
{"target": -1.0, "params": {"Bgrad": 1.6383352298345306, "d1": -0.525527360039729, "d2": 0.9498781061710004, "d3": -1.4127175706614783, "d4": -2.07107326128555, "p1": 34.6718854403422, "p2": 7.244170539190808, "p3": 9.262355849707548, "p4": 31.944350204007204, "pol1": 0.9484821280986304, "pol2": 0.17317538881294636, "pol3": 0.7274816743336943, "pol4": -0.7870308411370752, "v0s": 5.125752259991703}, "datetime": {"datetime": "2022-05-16 22:32:05", "elapsed": 10141.213675, "delta": 14.708659}}
{"target": 5.325157860749071, "params": {"Bgrad": 0.5966618775118446, "d1": -3.0, "d2": 1.0, "d3": -0.31232372784935547, "d4": -1.4758457014959143, "p1": 46.01101236244261, "p2": 24.47932211941578, "p3": 22.04896550581337, "p4": 28.19011912241034, "pol1": -0.2860081711968873, "pol2": -0.16598859594219195, "pol3": 0.39049625834445306, "pol4": -0.0631390695717446, "v0s": 5.325157860749071}, "datetime": {"datetime": "2022-05-16 22:32:14", "elapsed": 10149.987209, "delta": 8.773534}}
{"target": 4.697732746854448, "params": {"Bgrad": 2.0, "d1": -2.740933575216176, "d2": 1.0, "d3": -0.698328713686175, "d4": -1.0651297310284962, "p1": 29.933013724954787, "p2": 12.362734245414384, "p3": 38.64167236929013, "p4": 26.82650260309651, "pol1": 0.19983989107637418, "pol2": -0.07340327660170796, "pol3": -1.0, "pol4": -0.07856561249696596, "v0s": 4.697732746854448}, "datetime": {"datetime": "2022-05-16 22:32:23", "elapsed": 10158.259086, "delta": 8.271877}}
{"target": 4.269474940802138, "params": {"Bgrad": 1.1419561334062969, "d1": -3.0, "d2": -2.066693988197596, "d3": -1.9476998169385962, "d4": -3.0, "p1": 4.42624332068601, "p2": 10.578944304010948, "p3": 37.396733414367354, "p4": 28.841996211818465, "pol1": -1.0, "pol2": -0.7303496899358398, "pol3": 0.2091824055761638, "pol4": -0.6503057060997955, "v0s": 4.269474940802138}, "datetime": {"datetime": "2022-05-16 22:32:31", "elapsed": 10166.649644, "delta": 8.390558}}
{"target": 4.0023241413967385, "params": {"Bgrad": 0.9907391487546976, "d1": -2.8213880368564537, "d2": 0.1695662975593586, "d3": -2.495280696049274, "d4": -1.6650569967338793, "p1": 7.593414117712227, "p2": 32.620881222406034, "p3": 39.10811712101052, "p4": 31.78838950316741, "pol1": 0.6362407491390105, "pol2": -0.1699569297419714, "pol3": -0.11174998406991232, "pol4": -0.7243959061031497, "v0s": 4.0023241413967385}, "datetime": {"datetime": "2022-05-16 22:32:40", "elapsed": 10176.073439, "delta": 9.423795}}
{"target": 2.910305742280894, "params": {"Bgrad": 0.8812760665786417, "d1": -0.3774336861962331, "d2": -2.1542700278727915, "d3": -2.8528616562140114, "d4": -2.443474351519497, "p1": 30.268022476239704, "p2": 11.074864636328263, "p3": 33.60831638735874, "p4": 25.695263059605793, "pol1": 0.6410736644772443, "pol2": -0.16336059976111805, "pol3": 0.9922076303284735, "pol4": 0.05898045000445529, "v0s": 2.910305742280894}, "datetime": {"datetime": "2022-05-16 22:32:49", "elapsed": 10184.386205, "delta": 8.312766}}
{"target": 4.542830963726253, "params": {"Bgrad": 0.5, "d1": -2.888073808413237, "d2": -3.0, "d3": -2.8899096917847342, "d4": -0.5620860259321248, "p1": 5.3002986151070655, "p2": 2.801072128090118, "p3": 39.52178207384046, "p4": 20.120919373006068, "pol1": 0.4796028349938657, "pol2": 0.6511628864891589, "pol3": 0.45728297288705144, "pol4": -0.8110725250062816, "v0s": 4.542830963726253}, "datetime": {"datetime": "2022-05-16 22:32:56", "elapsed": 10191.986876, "delta": 7.600671}}
{"target": 4.37268386993923, "params": {"Bgrad": 1.1470652848175837, "d1": 0.08043958574104738, "d2": -0.10030683338341592, "d3": -1.1556040759089643, "d4": -3.0, "p1": 20.729984257210376, "p2": 6.144509724877398, "p3": 46.51365856632955, "p4": 39.61207397813967, "pol1": 0.49564562066771245, "pol2": 1.0, "pol3": -0.9234861052159452, "pol4": -0.7590438103586705, "v0s": 4.37268386993923}, "datetime": {"datetime": "2022-05-16 22:33:07", "elapsed": 10202.371103, "delta": 10.384227}}
{"target": 4.248071008906203, "params": {"Bgrad": 1.6742719722698356, "d1": -2.495351329349147, "d2": -0.05800309440930418, "d3": -0.3909923734156404, "d4": -2.631710845026693, "p1": 8.148330177322027, "p2": 26.144738457287787, "p3": 43.75943339513845, "p4": 25.25560146210177, "pol1": 0.9910126801390686, "pol2": -0.5934765245318709, "pol3": -0.21135453025882134, "pol4": 0.37811423664387633, "v0s": 4.248071008906203}, "datetime": {"datetime": "2022-05-16 22:33:16", "elapsed": 10212.061185, "delta": 9.690082}}
{"target": -1.0, "params": {"Bgrad": 1.151918311641226, "d1": -2.515307354866779, "d2": -0.7175184514293282, "d3": 0.5536441990614818, "d4": -2.6581337349453573, "p1": 1.7617699364898876, "p2": 35.743144241236244, "p3": 35.32477401236156, "p4": 39.38997565307608, "pol1": 0.6391267293279481, "pol2": 0.5788589419433787, "pol3": 0.7658033690153825, "pol4": -0.1524512142831136, "v0s": 3.19424045497425}, "datetime": {"datetime": "2022-05-16 22:33:33", "elapsed": 10228.235923, "delta": 16.174738}}
{"target": 5.693487658607991, "params": {"Bgrad": 0.6941898509070236, "d1": -2.7963507250532467, "d2": 0.7588777128993263, "d3": -1.2633141805205272, "d4": -2.785837557117909, "p1": 7.182866355844491, "p2": 35.54857509011933, "p3": 36.24801288543183, "p4": 37.06871587283754, "pol1": 0.027319391597347975, "pol2": 0.9753114729780845, "pol3": -0.5598450876654126, "pol4": -0.4562573611074108, "v0s": 5.693487658607991}, "datetime": {"datetime": "2022-05-16 22:33:43", "elapsed": 10238.608181, "delta": 10.372258}}
{"target": 4.463043547189841, "params": {"Bgrad": 0.9713996172486798, "d1": -2.411469180198147, "d2": 0.68792428010453, "d3": -1.9134516542243079, "d4": -1.5074348338674013, "p1": 3.5183560680009953, "p2": 36.079963077511835, "p3": 34.066655193616505, "p4": 39.133431561142395, "pol1": -0.05560520108982262, "pol2": -0.28160789887264354, "pol3": 0.2570594260520461, "pol4": 0.17489778928688113, "v0s": 4.463043547189841}, "datetime": {"datetime": "2022-05-16 22:33:54", "elapsed": 10249.458162, "delta": 10.849981}}
{"target": 3.4802976863111383, "params": {"Bgrad": 0.6820543963461797, "d1": -2.56483179445963, "d2": -0.6561803457591933, "d3": -0.7730616984549936, "d4": -2.712126145674141, "p1": 28.99121980722655, "p2": 12.713036094489027, "p3": 32.90173301381973, "p4": 25.18760418076782, "pol1": -0.5596875911907695, "pol2": 0.687358759937867, "pol3": -0.04555734640209663, "pol4": -0.5726841558116378, "v0s": 3.4802976863111383}, "datetime": {"datetime": "2022-05-16 22:34:00", "elapsed": 10255.655587, "delta": 6.197425}}
{"target": -1.0, "params": {"Bgrad": 1.2557742667033338, "d1": -1.3953611667891375, "d2": -1.2787074337429738, "d3": -0.5658317611569772, "d4": -2.4717993471186324, "p1": 43.74017759686262, "p2": 25.4304697068571, "p3": 16.76500892878344, "p4": 14.022322216751803, "pol1": -0.906463493934782, "pol2": -0.8659957631784378, "pol3": 0.4102753882215209, "pol4": -0.4714023260029452, "v0s": 4.0860853425985475}, "datetime": {"datetime": "2022-05-16 22:34:14", "elapsed": 10270.057067, "delta": 14.40148}}
{"target": -1.0, "params": {"Bgrad": 1.8117162928106585, "d1": -1.6357173459289003, "d2": 0.6769139105063999, "d3": -1.4195945437776483, "d4": -0.8210146844993309, "p1": 29.949740300303084, "p2": 7.767289795308646, "p3": 37.99657283002135, "p4": 29.908903618733575, "pol1": 0.5543805064365703, "pol2": -0.26472346176117934, "pol3": -0.5099129585634146, "pol4": 0.814426934986878, "v0s": 5.877122541355923}, "datetime": {"datetime": "2022-05-16 22:34:27", "elapsed": 10283.174982, "delta": 13.117915}}
{"target": 2.586942327097063, "params": {"Bgrad": 0.7858981473387308, "d1": -1.303776718309721, "d2": 0.23968885998443445, "d3": 0.08781594416424898, "d4": -0.42331341322675886, "p1": 44.80919601618957, "p2": 22.543811843793787, "p3": 25.916724863838127, "p4": 11.293303934580079, "pol1": -0.027918200985749708, "pol2": -0.22945211758861928, "pol3": -0.1667605460710515, "pol4": -0.7689120729282122, "v0s": 2.586942327097063}, "datetime": {"datetime": "2022-05-16 22:34:37", "elapsed": 10292.382356, "delta": 9.207374}}
