{"target": -1.0, "params": {"Bgrad": 0.5410813897968892, "d1": -0.3181299592863911, "d2": -1.3307807905314921, "d3": -0.7652406862169934, "d4": -2.438452245619065, "p1": 9.90507445424394, "p2": 40.03722843377683, "p3": 48.41307878596987, "p4": 15.671208907962143, "pol1": 0.38464523133862816, "pol2": 0.7527783045920766, "pol3": 0.7892133270076946, "pol4": -0.8299115772604442, "v0s": 2.2343286993972944}, "datetime": {"datetime": "2022-06-24 04:14:40", "elapsed": 0.0, "delta": 0.0}}
{"target": -1.0, "params": {"Bgrad": 0.7547456293468533, "d1": 0.5125700137176525, "d2": -2.6066126646677996, "d3": -1.3155694999797913, "d4": 0.8315581206020077, "p1": 26.658264248650852, "p2": 34.593855697523665, "p3": 15.775781550303147, "p4": 34.32504638407919, "pol1": 0.6692513437947458, "pol2": -0.9634234453116164, "pol3": 0.5002886298899349, "pol4": 0.9777221778129894, "v0s": 6.488993926279036}, "datetime": {"datetime": "2022-06-24 04:14:46", "elapsed": 5.657972, "delta": 5.657972}}
{"target": -1.0, "params": {"Bgrad": 0.9206659880966077, "d1": 0.15711731380595406, "d2": -2.587095973689432, "d3": -1.2084258952963793, "d4": 0.6343820123723822, "p1": 14.680707418683975, "p2": 14.388766929317438, "p3": 6.501428605913883, "p4": 0.9683478935148537, "pol1": 0.3576710658797819, "pol2": -0.5767437679998819, "pol3": -0.4689066812555476, "pol4": -0.01685368143932342, "v0s": 2.3201752707024825}, "datetime": {"datetime": "2022-06-24 04:14:57", "elapsed": 16.307685, "delta": 10.649713}}
{"target": -1.0, "params": {"Bgrad": 1.3611764082380196, "d1": -2.4130857003767594, "d2": -0.642777852386863, "d3": -0.20096655991627532, "d4": -2.5906622846886966, "p1": 20.702799390978416, "p2": 34.72000788638726, "p3": 20.708963476345133, "p4": 2.497672947304358, "pol1": 0.07179281183102315, "pol2": 0.32758929043957763, "pol3": 0.029778224116617125, "pol4": 0.8891895119816267, "v0s": 5.519330243011957}, "datetime": {"datetime": "2022-06-24 04:15:07", "elapsed": 26.320162, "delta": 10.012477}}
{"target": -1.0, "params": {"Bgrad": 1.8551028729318253, "d1": -2.45010118341505, "d2": -2.442894610996966, "d3": 0.22956515483809525, "d4": -1.4092926520578657, "p1": 8.26770985584664, "p2": 46.37542901980169, "p3": 17.388292987275328, "p4": 37.54060515680778, "pol1": 0.4519959707009029, "pol2": 0.7666121824116197, "pol3": 0.24734441411121777, "pol4": 0.5018848680546744, "v0s": 4.093390051867055}, "datetime": {"datetime": "2022-06-24 04:15:17", "elapsed": 36.799331, "delta": 10.479169}}
{"target": -1.0, "params": {"Bgrad": 0.9048918376475391, "d1": 0.5835448727842674, "d2": -1.2876352405148204, "d3": 0.8593601885935422, "d4": -0.3462340087262077, "p1": 31.08478601045609, "p2": 5.7372986476687595, "p3": 47.474462935353564, "p4": 22.495606673997028, "pol1": 0.15677922877426353, "pol2": -0.18372639447743766, "pol3": -0.5259460395139446, "pol4": 0.8067590411245076, "v0s": 5.442076920033715}, "datetime": {"datetime": "2022-06-24 04:15:27", "elapsed": 46.694033, "delta": 9.894702}}
{"target": -1.0, "params": {"Bgrad": 0.5043054905467385, "d1": -0.5314203455171045, "d2": -1.6934203929116154, "d3": -0.8917675909695628, "d4": 0.543768397243098, "p1": 17.86348800012499, "p2": 45.42675754598996, "p3": 31.168005789590136, "p4": 0.7910621423278141, "pol1": 0.8588744674875226, "pol2": 0.3817938350338479, "pol3": 0.994645700902961, "pol4": -0.6553189833093429, "v0s": 2.8228144977732663}, "datetime": {"datetime": "2022-06-24 04:15:33", "elapsed": 52.72653, "delta": 6.032497}}
{"target": -1.0, "params": {"Bgrad": 1.8988931945557455, "d1": -0.21272735404039933, "d2": -2.73599930911175, "d3": 0.021852210409865513, "d4": 0.015504753844985508, "p1": 46.15122677732417, "p2": 35.576237931423584, "p3": 6.213548098608235, "p4": 0.9940066919897794, "pol1": -0.9475780262445614, "pol2": -0.9433870239584108, "pol3": -0.5075778647939082, "pol4": 0.720055897365776, "v0s": 5.232986386049917}, "datetime": {"datetime": "2022-06-24 04:15:43", "elapsed": 62.475683, "delta": 9.749153}}
{"target": -1.0, "params": {"Bgrad": 1.3292329680286488, "d1": 0.36812356943842284, "d2": -2.5033067395203554, "d3": -1.883265283955442, "d4": -0.6569629141668485, "p1": 48.47978741598373, "p2": 28.051510962785496, "p3": 0.9323644686471511, "p4": 40.03163363403082, "pol1": -0.5340514523179591, "pol2": 0.6142103912375583, "pol3": -0.2242787118716565, "pol4": 0.7270837091188573, "v0s": 6.4827298564231075}, "datetime": {"datetime": "2022-06-24 04:15:54", "elapsed": 73.680456, "delta": 11.204773}}
{"target": 3.2197594079659426, "params": {"Bgrad": 1.3343603509856283, "d1": -2.45417909735726, "d2": -2.7603292419511534, "d3": -2.5146261770370506, "d4": -2.821792485820953, "p1": 5.374706455304645, "p2": 11.285466930392735, "p3": 35.64944901913383, "p4": 27.98584910270712, "pol1": -0.9748880396817683, "pol2": -0.8560514406210264, "pol3": 0.934552660000544, "pol4": 0.13620092383988425, "v0s": 3.2197594079659426}, "datetime": {"datetime": "2022-06-24 04:15:59", "elapsed": 78.157548, "delta": 4.477092}}
{"target": -1.0, "params": {"Bgrad": 0.8784886168554851, "d1": -0.02469658369962824, "d2": -2.218282075562725, "d3": -0.6745642909069689, "d4": 0.8800799563532493, "p1": 42.34144007450176, "p2": 11.992387957379307, "p3": 24.6884857134365, "p4": 30.99778591906899, "pol1": 0.6579617991003575, "pol2": -0.6864172107078315, "pol3": -0.962847595645181, "pol4": -0.8599557125615553, "v0s": 4.91807066562219}, "datetime": {"datetime": "2022-06-24 04:16:07", "elapsed": 86.295923, "delta": 8.138375}}
{"target": -1.0, "params": {"Bgrad": 1.4094941924799955, "d1": -0.7245942516540747, "d2": -1.730550362711357, "d3": 0.9544646176497955, "d4": -0.6810191230168123, "p1": 19.00705863117752, "p2": 27.54741095589484, "p3": 37.266721545325105, "p4": 33.46164467265923, "pol1": -0.4701608846743812, "pol2": -0.8673303311431169, "pol3": -0.2598316041717874, "pol4": 0.25943501404312896, "v0s": 3.2610440594890377}, "datetime": {"datetime": "2022-06-24 04:16:18", "elapsed": 97.734555, "delta": 11.438632}}
{"target": -1.0, "params": {"Bgrad": 1.6291333306082207, "d1": -2.7338540745835402, "d2": -1.9587396056858362, "d3": 0.21901825497338168, "d4": -2.226262869506689, "p1": 31.973044043997007, "p2": 26.233515456186684, "p3": 46.240398519967535, "p4": 13.164838524355549, "pol1": -0.8680778186319524, "pol2": 0.47013192657733893, "pol3": 0.5443560590864935, "pol4": 0.8156317050070481, "v0s": 7.591832415181024}, "datetime": {"datetime": "2022-06-24 04:16:30", "elapsed": 109.784029, "delta": 12.049474}}
{"target": -1.0, "params": {"Bgrad": 0.5209273594633955, "d1": -2.062551655514318, "d2": -0.5328865719933695, "d3": 0.7960652827504657, "d4": 0.8007044769883187, "p1": 27.83265940975782, "p2": 45.78031748831373, "p3": 32.07831044731687, "p4": 19.50038570706231, "pol1": -0.02801866580618051, "pol2": 0.2086209658399465, "pol3": 0.09909584301712515, "pol4": 0.8523628534129073, "v0s": 7.512400613801637}, "datetime": {"datetime": "2022-06-24 04:16:36", "elapsed": 115.191183, "delta": 5.407154}}
{"target": -1.0, "params": {"Bgrad": 1.0923134193853323, "d1": 0.8530501137628472, "d2": -2.3041773332781426, "d3": -2.4946819222414507, "d4": -2.4596833678130747, "p1": 25.283108283844836, "p2": 1.076240263709899, "p3": 47.39851056088405, "p4": 41.355773558536626, "pol1": -0.9699620385157552, "pol2": -0.6476074888498895, "pol3": -0.33587285126632604, "pol4": -0.7380063103781662, "v0s": 6.8569441527594925}, "datetime": {"datetime": "2022-06-24 04:16:45", "elapsed": 124.297538, "delta": 9.106355}}
{"target": -1.0, "params": {"Bgrad": 1.0171049790249402, "d1": 0.7604299293334686, "d2": -0.6719432802116798, "d3": 0.5153279376473763, "d4": 0.37893778156888747, "p1": 45.26961593543246, "p2": 22.99401329084035, "p3": 27.317340801018663, "p4": 39.93017955760197, "pol1": -0.42856229653170486, "pol2": -0.019492954760144565, "pol3": 0.19822061529175672, "pol4": -0.9689334488983286, "v0s": 5.560888449179823}, "datetime": {"datetime": "2022-06-24 04:16:57", "elapsed": 136.163622, "delta": 11.866084}}
{"target": -1.0, "params": {"Bgrad": 1.1505145234841874, "d1": 0.22944211553936578, "d2": -1.7390207876185082, "d3": 0.5715548341006054, "d4": -0.6885711388618581, "p1": 9.200510081373253, "p2": 39.39646169127521, "p3": 30.601558852246697, "p4": 2.6954636036876476, "pol1": -0.15961263999773556, "pol2": 0.3581376731308592, "pol3": 0.8372035559550517, "pol4": -0.9991959502172851, "v0s": 7.8605548941863574}, "datetime": {"datetime": "2022-06-24 04:17:06", "elapsed": 145.696302, "delta": 9.53268}}
{"target": -1.0, "params": {"Bgrad": 1.0648704721186617, "d1": 0.8951341534332902, "d2": -0.5811355961037878, "d3": 0.31538323192277185, "d4": -0.7011539811675909, "p1": 31.40380991536752, "p2": 14.278814084784697, "p3": 29.341667032804146, "p4": 37.501088185133, "pol1": 0.7166276728580847, "pol2": 0.5101643769353603, "pol3": 0.396114496894606, "pol4": 0.7289588601091996, "v0s": 3.9360859810204785}, "datetime": {"datetime": "2022-06-24 04:17:15", "elapsed": 154.802143, "delta": 9.105841}}
{"target": -1.0, "params": {"Bgrad": 1.5061831861813808, "d1": -1.1965042543466033, "d2": -1.471588991873931, "d3": -1.3567546003112576, "d4": -1.3940816661218376, "p1": 15.869197297913844, "p2": 31.095968396015074, "p3": 21.512363541063216, "p4": 48.690103896362615, "pol1": 0.3556017828686222, "pol2": -0.6028602231457783, "pol3": -0.14659798130393442, "pol4": -0.31330752045115395, "v0s": 6.7858328237514}, "datetime": {"datetime": "2022-06-24 04:17:27", "elapsed": 166.292137, "delta": 11.489994}}
{"target": -1.0, "params": {"Bgrad": 1.8199974328451476, "d1": 0.6153678233054878, "d2": -0.3491207504989511, "d3": -1.9191669518809689, "d4": -1.990533193981641, "p1": 42.74489713487012, "p2": 26.385732315437334, "p3": 40.1080542002299, "p4": 28.624425859580317, "pol1": 0.46628505057502223, "pol2": 0.03802325492811165, "pol3": 0.541767821003776, "pol4": 0.1377159814094311, "v0s": 4.794259271551885}, "datetime": {"datetime": "2022-06-24 04:17:39", "elapsed": 178.478354, "delta": 12.186217}}
{"target": -1.0, "params": {"Bgrad": 1.0140333619299227, "d1": -2.7271626063331835, "d2": -1.4883032826876006, "d3": -2.6814956892069906, "d4": 0.93126845492178, "p1": 9.080642566538188, "p2": 40.59293488602699, "p3": 43.748082247794905, "p4": 34.42066261929717, "pol1": 0.13898882549075142, "pol2": -0.6780571263687825, "pol3": -0.06623995447338737, "pol4": -0.30965589768957, "v0s": 3.3502397468845073}, "datetime": {"datetime": "2022-06-24 04:17:52", "elapsed": 191.44898, "delta": 12.970626}}
{"target": -1.0, "params": {"Bgrad": 1.3887678031486952, "d1": -1.7509206491923321, "d2": 0.665222213873403, "d3": 0.6385420998062283, "d4": -1.9715268248712152, "p1": 5.54456503720146, "p2": 9.648136600955642, "p3": 24.979208533944302, "p4": 36.42928339872981, "pol1": -0.583611123182417, "pol2": -0.5039328832455385, "pol3": 0.703343749872734, "pol4": -0.16830256346494532, "v0s": 5.700110402931417}, "datetime": {"datetime": "2022-06-24 04:18:06", "elapsed": 205.251881, "delta": 13.802901}}
{"target": -1.0, "params": {"Bgrad": 0.8504992088588751, "d1": -2.5921309622968103, "d2": -0.9365719321258807, "d3": -1.0914360518008706, "d4": -2.389313423627347, "p1": 31.090311587020775, "p2": 27.200505940696907, "p3": 32.706867348537216, "p4": 7.22727700623299, "pol1": 0.5030556342704877, "pol2": -0.5559017204001546, "pol3": 0.038703648732066, "pol4": 0.5705920564432378, "v0s": 2.133982567950837}, "datetime": {"datetime": "2022-06-24 04:18:09", "elapsed": 208.718641, "delta": 3.46676}}
{"target": -1.0, "params": {"Bgrad": 0.9865436895892797, "d1": 0.4916895056004442, "d2": 0.37883843040827836, "d3": -0.8462376296218252, "d4": 0.4664330966660519, "p1": 47.490299567681326, "p2": 41.32034988146707, "p3": 42.70577219182694, "p4": 4.937170091017418, "pol1": 0.3026086646819821, "pol2": 0.4070339763053059, "pol3": 0.22048162529325932, "pol4": 0.5992305234720561, "v0s": 2.2074273192298053}, "datetime": {"datetime": "2022-06-24 04:18:18", "elapsed": 217.966136, "delta": 9.247495}}
{"target": -1.0, "params": {"Bgrad": 1.65535810183247, "d1": -0.07308559704189221, "d2": -1.9612064268065876, "d3": -1.9717228047114133, "d4": -0.4707867302794888, "p1": 17.26487307955408, "p2": 39.82943390036438, "p3": 22.307311600172863, "p4": 39.137470739208595, "pol1": 0.9809435672476814, "pol2": -0.39950332093219987, "pol3": -0.7139883434838012, "pol4": 0.8026168726985476, "v0s": 5.249356273324239}, "datetime": {"datetime": "2022-06-24 04:18:28", "elapsed": 227.262996, "delta": 9.29686}}
{"target": -1.0, "params": {"Bgrad": 1.9621105562826233, "d1": -0.4535823999924111, "d2": 0.9756520984419157, "d3": -0.8157167834281935, "d4": -0.8942962643779149, "p1": 6.771395153608495, "p2": 17.785258549194054, "p3": 1.3109283648186643, "p4": 8.019758975982455, "pol1": 0.49127438541499213, "pol2": -0.9392006201424223, "pol3": -0.2669138055125113, "pol4": 0.7246925056760882, "v0s": 6.156066305044126}, "datetime": {"datetime": "2022-06-24 04:18:39", "elapsed": 238.928039, "delta": 11.665043}}
{"target": -1.0, "params": {"Bgrad": 1.536413213099253, "d1": -2.2454527961787565, "d2": -1.2323828770063066, "d3": -0.6736903706228352, "d4": 0.959006830654821, "p1": 10.195311261656093, "p2": 12.386645088117742, "p3": 13.108654188645597, "p4": 37.50862066489964, "pol1": -0.0860493451286144, "pol2": -0.88614112317781, "pol3": 0.01703248122047918, "pol4": -0.5760796707126481, "v0s": 6.791625468561261}, "datetime": {"datetime": "2022-06-24 04:18:50", "elapsed": 249.784719, "delta": 10.85668}}
{"target": -1.0, "params": {"Bgrad": 0.9459970722609083, "d1": -2.8895759521819855, "d2": -0.6262702021415159, "d3": 0.3753617157247553, "d4": -1.4759355037511432, "p1": 37.49291553630717, "p2": 25.55707391485641, "p3": 27.047590248109433, "p4": 47.97171605308762, "pol1": 0.6079217829972936, "pol2": -0.935353866752852, "pol3": 0.4187745024625902, "pol4": -0.06999703687298786, "v0s": 7.685293648370599}, "datetime": {"datetime": "2022-06-24 04:19:02", "elapsed": 261.799903, "delta": 12.015184}}
{"target": -1.0, "params": {"Bgrad": 0.8321491014852325, "d1": -1.9317119212625369, "d2": -2.674104140490952, "d3": -1.2855246853448539, "d4": -2.563924943923727, "p1": 31.68933803059589, "p2": 40.14816186868689, "p3": 34.84002480600893, "p4": 38.31056905378853, "pol1": -0.3150917603129604, "pol2": 0.6917029660553553, "pol3": -0.1424624500011149, "pol4": 0.6480197408246375, "v0s": 5.758976951745763}, "datetime": {"datetime": "2022-06-24 04:19:07", "elapsed": 266.574682, "delta": 4.774779}}
{"target": 4.844023559373165, "params": {"Bgrad": 0.7151345730053673, "d1": -2.686452400580208, "d2": -2.926669428347971, "d3": -2.733100009442574, "d4": -1.1656647451662727, "p1": 5.667096138379524, "p2": 1.3891674424334977, "p3": 37.74307406952337, "p4": 19.742524023031972, "pol1": 0.49387699121505024, "pol2": -0.0951903465070969, "pol3": -0.09982650599847775, "pol4": -0.04385498656433806, "v0s": 4.844023559373165}, "datetime": {"datetime": "2022-06-24 04:19:12", "elapsed": 271.912021, "delta": 5.337339}}
{"target": -1.0, "params": {"Bgrad": 1.7047450131712545, "d1": -1.3904299205690567, "d2": 0.6187446413744921, "d3": -2.8517558081838565, "d4": 0.09549737088167465, "p1": 6.282069056886941, "p2": 30.925678345604275, "p3": 0.518213066761597, "p4": 26.931364128817346, "pol1": -0.9939640867608073, "pol2": 0.902387570980409, "pol3": 0.8108040674055561, "pol4": 0.5919338838845387, "v0s": 7.491645919488725}, "datetime": {"datetime": "2022-06-24 04:19:22", "elapsed": 281.283655, "delta": 9.371634}}
{"target": -1.0, "params": {"Bgrad": 0.7183373467375955, "d1": -2.369079720517867, "d2": -2.249473308390264, "d3": -0.5100163908003155, "d4": 0.6232379840332074, "p1": 49.49775891795368, "p2": 35.5561229382908, "p3": 36.59002045711476, "p4": 45.464660227212725, "pol1": -0.1982525352577582, "pol2": -0.5002986395499265, "pol3": -0.6531396584257543, "pol4": -0.761085899332542, "v0s": 6.875663528196972}, "datetime": {"datetime": "2022-06-24 04:19:28", "elapsed": 287.406439, "delta": 6.122784}}
{"target": -1.0, "params": {"Bgrad": 0.7201885601258647, "d1": -1.9428100690923973, "d2": 0.27635671453412325, "d3": -1.75765099282316, "d4": 0.9296697971717713, "p1": 13.33193510758176, "p2": 26.68266724856057, "p3": 15.72335055929248, "p4": 45.53864155869187, "pol1": -0.26688671229753114, "pol2": -0.1328153454536709, "pol3": 0.024585384556722767, "pol4": 0.8777729547394266, "v0s": 2.185694037626904}, "datetime": {"datetime": "2022-06-24 04:19:38", "elapsed": 297.30515, "delta": 9.898711}}
{"target": -1.0, "params": {"Bgrad": 1.5753179954475338, "d1": 0.5640758171693556, "d2": -2.8908511059301247, "d3": -0.9117950109899571, "d4": -1.6960407529198989, "p1": 42.97446604327929, "p2": 27.92582754612589, "p3": 34.511393408137394, "p4": 22.642674997576872, "pol1": 0.2566180750427143, "pol2": -0.41980629662514835, "pol3": -0.9813028440669684, "pol4": 0.15351186997418154, "v0s": 3.868665284794777}, "datetime": {"datetime": "2022-06-24 04:19:48", "elapsed": 307.201843, "delta": 9.896693}}
{"target": 3.0485952581378695, "params": {"Bgrad": 1.2759013977516946, "d1": 0.6656234122155911, "d2": -1.294100845994416, "d3": -2.0104158535904584, "d4": -1.5148249548837822, "p1": 46.59305583182703, "p2": 46.84341906545468, "p3": 42.21649742828566, "p4": 46.010325715283024, "pol1": -0.5441994200973661, "pol2": -0.8250355808928183, "pol3": -0.5453805274306225, "pol4": -0.37124676777189913, "v0s": 3.0485952581378695}, "datetime": {"datetime": "2022-06-24 04:19:55", "elapsed": 314.197792, "delta": 6.995949}}
{"target": -1.0, "params": {"Bgrad": 1.4106412429586908, "d1": -1.3456543399953547, "d2": 0.2654060473088564, "d3": -2.2594784069238774, "d4": -0.19249388097475828, "p1": 12.017781242456943, "p2": 28.710954442042986, "p3": 17.449379861039443, "p4": 2.848219974141636, "pol1": -0.5423726580792483, "pol2": 0.3282051107095869, "pol3": -0.005499813278937449, "pol4": 0.03803196814735754, "v0s": 3.0483209006535352}, "datetime": {"datetime": "2022-06-24 04:20:03", "elapsed": 322.908129, "delta": 8.710337}}
{"target": -1.0, "params": {"Bgrad": 1.3560737773193845, "d1": 0.9870137008328399, "d2": 0.26734043516648764, "d3": -0.6225095046760889, "d4": 0.9039562733236197, "p1": 45.078129233466065, "p2": 29.780396680132277, "p3": 1.6213162657228553, "p4": 4.678854790874038, "pol1": -0.8692565699155472, "pol2": -0.09653370261704941, "pol3": -0.2491303336642845, "pol4": 0.9507000685405731, "v0s": 3.0078997591976897}, "datetime": {"datetime": "2022-06-24 04:20:13", "elapsed": 332.755479, "delta": 9.84735}}
{"target": 2.065332402820874, "params": {"Bgrad": 1.9591813878989828, "d1": 0.06989947545205233, "d2": 0.29695135849799126, "d3": -0.4695367328880109, "d4": -0.3250689191730718, "p1": 23.844116676059667, "p2": 0.6568178461536123, "p3": 17.650304277091237, "p4": 24.60359007467792, "pol1": 0.46018242218020866, "pol2": -0.06274331450778159, "pol3": -0.08519016782113664, "pol4": -0.7246745181087937, "v0s": 2.065332402820874}, "datetime": {"datetime": "2022-06-24 04:20:20", "elapsed": 339.320081, "delta": 6.564602}}
{"target": -1.0, "params": {"Bgrad": 1.6374173907154943, "d1": -1.7201886476892865, "d2": 0.9375338007740428, "d3": -2.119063095363376, "d4": -1.6451678980732813, "p1": 26.194806783306586, "p2": 37.74457285302664, "p3": 23.192889195014782, "p4": 6.241127155583815, "pol1": -0.374997243015901, "pol2": 0.009038339401989282, "pol3": 0.3476980160337353, "pol4": 0.5402999126241843, "v0s": 2.782014685726126}, "datetime": {"datetime": "2022-06-24 04:20:26", "elapsed": 345.329659, "delta": 6.009578}}
{"target": -1.0, "params": {"Bgrad": 0.5343726969835727, "d1": -0.9236707111520421, "d2": 0.23995484264966516, "d3": -2.9495849318804948, "d4": -0.31012062138506424, "p1": 34.34041133284959, "p2": 22.462337679331878, "p3": 45.73943433709671, "p4": 32.21805423784965, "pol1": -0.9895203246970683, "pol2": -0.031143108971248834, "pol3": 0.7186356121952, "pol4": 0.6607991400746789, "v0s": 5.894925182674868}, "datetime": {"datetime": "2022-06-24 04:20:32", "elapsed": 352.027341, "delta": 6.697682}}
{"target": -1.0, "params": {"Bgrad": 1.5105476358479475, "d1": -0.6860016808431979, "d2": -1.9035208993325914, "d3": -0.7578800378557649, "d4": -0.3130808607303188, "p1": 17.62148151082044, "p2": 42.79141836269639, "p3": 9.751874300435365, "p4": 37.36604051659616, "pol1": -0.42079450762624515, "pol2": 0.547598574488364, "pol3": -0.14452534132784756, "pol4": 0.6153968182244189, "v0s": 4.121209176007943}, "datetime": {"datetime": "2022-06-24 04:20:43", "elapsed": 362.207316, "delta": 10.179975}}
{"target": -1.0, "params": {"Bgrad": 0.8205398564443718, "d1": 0.06913803368706617, "d2": -1.7654322094773955, "d3": -0.06701972909428999, "d4": -0.02210738768907161, "p1": 11.069835045410054, "p2": 10.705606841032422, "p3": 9.947396171353335, "p4": 7.125916888292233, "pol1": -0.24583480158533177, "pol2": -0.946744230616757, "pol3": -0.7781592619315187, "pol4": 0.34912804752682103, "v0s": 6.798659221384318}, "datetime": {"datetime": "2022-06-24 04:20:48", "elapsed": 367.631897, "delta": 5.424581}}
{"target": -1.0, "params": {"Bgrad": 0.6207942906925789, "d1": -2.073190758056832, "d2": -2.1694973527847425, "d3": 0.6693342523265224, "d4": -0.15474192745405313, "p1": 27.694230552570716, "p2": 15.225899396031013, "p3": 41.74270238158992, "p4": 21.765297881476, "pol1": 0.8469124302375504, "pol2": 0.41210360867186635, "pol3": -0.04393738406943326, "pol4": -0.7475797925012826, "v0s": 7.856261302806486}, "datetime": {"datetime": "2022-06-24 04:20:54", "elapsed": 374.091763, "delta": 6.459866}}
{"target": -1.0, "params": {"Bgrad": 0.73975047551614, "d1": -2.1895914991213496, "d2": -1.2752729793585162, "d3": -1.383192376899411, "d4": -2.4129940769428235, "p1": 36.46594596805617, "p2": 9.437253343859297, "p3": 32.19478221558314, "p4": 37.715297528814936, "pol1": -0.5785352158333585, "pol2": 0.20190849621527995, "pol3": 0.4978567504916729, "pol4": 0.27643742124066684, "v0s": 5.582763817679894}, "datetime": {"datetime": "2022-06-24 04:21:01", "elapsed": 380.649846, "delta": 6.558083}}
