{"target": -1.0, "params": {"Bgrad": 0.9432234284832456, "d1": -0.07357411503396483, "d2": 0.7812337599997989, "d3": -1.2977544389538123, "d4": 0.12872726732562123, "p1": 2.807051983095765, "p2": 41.7635801244983, "p3": 9.612500841107385, "p4": 19.75484344449866, "pol1": -0.3998379081492871, "pol2": -0.8397927123879014, "pol3": 0.8092620058724858, "pol4": -0.2596916448925235, "v0s": 5.184184630856837}, "datetime": {"datetime": "2022-06-24 04:21:12", "elapsed": 391.281621, "delta": 10.631775}}
{"target": -1.0, "params": {"Bgrad": 1.2411743988444877, "d1": -2.4713554322282474, "d2": -2.174183764442268, "d3": -2.6952447638707153, "d4": -0.9683132002188501, "p1": 13.077477591649355, "p2": 17.853080444139596, "p3": 5.403266434861842, "p4": 39.37759198262536, "pol1": -0.7868322464223978, "pol2": 0.9714176474263756, "pol3": -0.6456776711231653, "pol4": 0.14481022486929862, "v0s": 2.269072007534529}, "datetime": {"datetime": "2022-06-24 04:21:20", "elapsed": 399.81697, "delta": 8.535349}}
{"target": -1.0, "params": {"Bgrad": 1.6806744344837512, "d1": -2.241576208726814, "d2": -0.8883840863674934, "d3": -0.039689827363713626, "d4": -2.4002740603309762, "p1": 27.554358709348588, "p2": 10.83086041643897, "p3": 37.95980246585724, "p4": 36.14575967781069, "pol1": -0.646901931445834, "pol2": 0.7239331153341468, "pol3": -0.9604498009673115, "pol4": 0.7204739948462304, "v0s": 5.35342286696563}, "datetime": {"datetime": "2022-06-24 04:21:32", "elapsed": 411.597674, "delta": 11.780704}}
{"target": -1.0, "params": {"Bgrad": 1.1048307081587738, "d1": 0.03498772408934636, "d2": -0.13228399323012052, "d3": 0.9493046992337062, "d4": -1.887659805548069, "p1": 0.18968362046712928, "p2": 46.69513041574439, "p3": 42.89485522689469, "p4": 36.4425438759628, "pol1": 0.03337756584307683, "pol2": 0.413912490497522, "pol3": 0.5610591137534855, "pol4": -0.25024811292628124, "v0s": 6.621935151979746}, "datetime": {"datetime": "2022-06-24 04:21:43", "elapsed": 422.937079, "delta": 11.339405}}
{"target": -1.0, "params": {"Bgrad": 1.625936478762763, "d1": -0.5471551538229611, "d2": -1.3925363041286505, "d3": -0.21076792294263624, "d4": -2.9875485686992316, "p1": 38.74483233622989, "p2": 44.820830122842345, "p3": 11.965785371875231, "p4": 6.038359215461487, "pol1": -0.5594320244125448, "pol2": -0.39580653741980343, "pol3": 0.7660570171276684, "pol4": 0.08633286047618904, "v0s": 3.7202698976385835}, "datetime": {"datetime": "2022-06-24 04:21:56", "elapsed": 435.3995, "delta": 12.462421}}
{"target": -1.0, "params": {"Bgrad": 0.7075320346894198, "d1": -1.8394221475818333, "d2": -0.5445156410349896, "d3": -1.7034458804102135, "d4": -1.1705592732360062, "p1": 22.20585535083072, "p2": 41.406768036575606, "p3": 21.31740771181153, "p4": 17.284941058775118, "pol1": 0.34994320961821046, "pol2": -0.5570358885329425, "pol3": -0.06550835214689243, "pol4": -0.3704686253519671, "v0s": 5.761133612977008}, "datetime": {"datetime": "2022-06-24 04:22:03", "elapsed": 442.556044, "delta": 7.156544}}
{"target": 2.0, "params": {"Bgrad": 1.4130080346125402, "d1": -3.0, "d2": -3.0, "d3": -3.0, "d4": -2.547831918668553, "p1": 2.369089553515655, "p2": 3.892471287759364, "p3": 42.5344867904717, "p4": 21.176259839615142, "pol1": -0.9073390861064693, "pol2": -1.0, "pol3": 0.9738654754006841, "pol4": 0.4115319106883781, "v0s": 2.0}, "datetime": {"datetime": "2022-06-24 04:22:10", "elapsed": 449.446198, "delta": 6.890154}}
{"target": 4.5624913214470375, "params": {"Bgrad": 0.5, "d1": -2.833012423622848, "d2": -3.0, "d3": -3.0, "d4": -0.49444117806970994, "p1": 9.971958766507829, "p2": 2.3254389905575836, "p3": 34.431195968079095, "p4": 21.809899133900252, "pol1": 1.0, "pol2": 0.27993287436729836, "pol3": -0.6278764296576189, "pol4": -0.3744273809196759, "v0s": 4.5624913214470375}, "datetime": {"datetime": "2022-06-24 04:22:13", "elapsed": 452.941913, "delta": 3.495715}}
{"target": -1.0, "params": {"Bgrad": 0.5, "d1": 1.0, "d2": -3.0, "d3": -3.0, "d4": 1.0, "p1": 6.638101316980298, "p2": 0.0, "p3": 35.598145584203266, "p4": 18.529134779090732, "pol1": 1.0, "pol2": 1.0, "pol3": -1.0, "pol4": 1.0, "v0s": 8.0}, "datetime": {"datetime": "2022-06-24 04:22:18", "elapsed": 458.056831, "delta": 5.114918}}
{"target": 3.364599971601402, "params": {"Bgrad": 0.7770386424118187, "d1": -3.0, "d2": -2.881801123200104, "d3": -2.6327997399067695, "d4": -2.0716689314988783, "p1": 7.003384017400428, "p2": 3.969223669687261, "p3": 36.62226164757809, "p4": 22.407978249746733, "pol1": 0.3160073445759704, "pol2": -0.5009110658073729, "pol3": 0.20173367881073906, "pol4": -0.6391974616621162, "v0s": 3.364599971601402}, "datetime": {"datetime": "2022-06-24 04:22:22", "elapsed": 461.660261, "delta": 3.60343}}
{"target": 3.4378770605475073, "params": {"Bgrad": 0.6391714327630528, "d1": -3.0, "d2": -3.0, "d3": -3.0, "d4": -0.9026119322801299, "p1": 8.546230810041498, "p2": 0.7601528677782222, "p3": 37.23100794801002, "p4": 20.2662896355265, "pol1": 0.7725602336219299, "pol2": -0.030301168738088687, "pol3": -0.353053298272502, "pol4": -0.39232765107773115, "v0s": 3.4378770605475073}, "datetime": {"datetime": "2022-06-24 04:22:26", "elapsed": 465.436747, "delta": 3.776486}}
{"target": -1.0, "params": {"Bgrad": 0.5, "d1": -3.0, "d2": -3.0, "d3": -3.0, "d4": -1.4177820627269908, "p1": 6.701580963294083, "p2": 2.3756582841630007, "p3": 35.06913031671468, "p4": 20.711157603543487, "pol1": 0.9035853677974269, "pol2": -0.0423182935095215, "pol3": -0.2320963756323671, "pol4": -0.6027186468887449, "v0s": 5.755369987112705}, "datetime": {"datetime": "2022-06-24 04:22:33", "elapsed": 472.798162, "delta": 7.361415}}
{"target": -1.0, "params": {"Bgrad": 0.8099634584022306, "d1": -1.0329225329986893, "d2": -0.7697326329298959, "d3": -2.8200842889986553, "d4": -1.547058410579932, "p1": 7.429587839082108, "p2": 0.36649438706807813, "p3": 41.106170459994104, "p4": 21.03679165475767, "pol1": -0.14919246200994607, "pol2": 0.7820784159722141, "pol3": 0.7736251564620102, "pol4": 0.02512023863030599, "v0s": 3.0896289706762374}, "datetime": {"datetime": "2022-06-24 04:22:40", "elapsed": 479.422086, "delta": 6.623924}}
{"target": 3.642959113202725, "params": {"Bgrad": 0.6387450700284854, "d1": -2.829000025721685, "d2": -2.9674323794603916, "d3": -2.84381558534373, "d4": -0.7634606882877153, "p1": 9.42019467149617, "p2": 2.4114508040395504, "p3": 35.77933460839897, "p4": 21.82992301697974, "pol1": 0.719383134810712, "pol2": 0.06274605482666847, "pol3": -0.4153025274715454, "pol4": -0.30411166205439805, "v0s": 3.642959113202725}, "datetime": {"datetime": "2022-06-24 04:22:43", "elapsed": 482.7662, "delta": 3.344114}}
{"target": -1.0, "params": {"Bgrad": 1.661929138290156, "d1": -1.4954266385019812, "d2": -2.6544121893098933, "d3": -0.43624824613228785, "d4": -2.629871480064886, "p1": 6.036559461795033, "p2": 0.028282681499530726, "p3": 38.50207430870308, "p4": 20.308908882929856, "pol1": 0.622179078072316, "pol2": 0.5531611184932355, "pol3": -0.04285795611958676, "pol4": 0.1748485862059781, "v0s": 4.705759389319347}, "datetime": {"datetime": "2022-06-24 04:22:53", "elapsed": 492.951649, "delta": 10.185449}}
{"target": 2.4775612374917273, "params": {"Bgrad": 1.2623835043130276, "d1": 0.9020395451081572, "d2": -1.0779963232491259, "d3": -2.151436891360102, "d4": -1.592176118719606, "p1": 46.48926233136055, "p2": 46.966552371520415, "p3": 41.80724501488257, "p4": 47.428746907720054, "pol1": -0.6662569531949791, "pol2": -0.9881864547985312, "pol3": -0.5145506317150793, "pol4": -0.4288380275944029, "v0s": 2.4775612374917273}, "datetime": {"datetime": "2022-06-24 04:23:00", "elapsed": 499.483827, "delta": 6.532178}}
{"target": 3.304928312720591, "params": {"Bgrad": 0.8387977603152632, "d1": -1.4773686558392942, "d2": -1.453205749653367, "d3": -2.6152424555517326, "d4": 0.47054368207232544, "p1": 10.689441216429978, "p2": 4.197031144501118, "p3": 32.01820595947013, "p4": 22.129746999751674, "pol1": -0.5076833309139359, "pol2": -0.14607902689816377, "pol3": 0.7151674896225935, "pol4": -0.018369626167183517, "v0s": 3.304928312720591}, "datetime": {"datetime": "2022-06-24 04:23:04", "elapsed": 503.888642, "delta": 4.404815}}
{"target": 3.7470161218581226, "params": {"Bgrad": 0.6513280068003318, "d1": -2.3308607078654524, "d2": -2.391267821094222, "d3": -2.8503607387427334, "d4": -0.13252344263631682, "p1": 10.370500263705823, "p2": 3.051735487382745, "p3": 33.749454818221835, "p4": 21.99549830695903, "pol1": 0.3630905811258711, "pol2": 0.06967632007566212, "pol3": -0.07670702851021363, "pol4": -0.23811478032194364, "v0s": 3.7470161218581226}, "datetime": {"datetime": "2022-06-24 04:23:08", "elapsed": 507.917966, "delta": 4.029324}}
{"target": 3.958648691843315, "params": {"Bgrad": 0.5, "d1": -2.771264608631299, "d2": -2.8155365837859616, "d3": -3.0, "d4": 0.12345468912328506, "p1": 10.614861708376356, "p2": 1.457137700585666, "p3": 34.719652171912585, "p4": 21.021296480646008, "pol1": 0.8365002835431853, "pol2": 0.2699322609001051, "pol3": -0.5687685213320534, "pol4": -0.22508250242959715, "v0s": 3.958648691843315}, "datetime": {"datetime": "2022-06-24 04:23:12", "elapsed": 511.635558, "delta": 3.717592}}
{"target": -1.0, "params": {"Bgrad": 1.2011586540983106, "d1": -1.8968522370756093, "d2": -2.0463314233170773, "d3": -2.017973149118513, "d4": 0.8058108294556003, "p1": 6.602369377208578, "p2": 1.7599995642340105, "p3": 40.066936115828724, "p4": 17.505314077920147, "pol1": 0.7767516522309983, "pol2": 0.19528910410746447, "pol3": -0.18557544940909554, "pol4": -0.04749960690908783, "v0s": 6.791758128222159}, "datetime": {"datetime": "2022-06-24 04:23:23", "elapsed": 522.945528, "delta": 11.30997}}
{"target": 3.786771708487516, "params": {"Bgrad": 0.5, "d1": -3.0, "d2": -3.0, "d3": -3.0, "d4": -1.1053211480940228, "p1": 10.916403693973452, "p2": 1.865188307142612, "p3": 34.3001233624429, "p4": 22.24412188046041, "pol1": 1.0, "pol2": 0.15231248101604528, "pol3": -0.8490905517024434, "pol4": -0.9809158122450725, "v0s": 3.786771708487516}, "datetime": {"datetime": "2022-06-24 04:23:27", "elapsed": 526.221836, "delta": 3.276308}}
{"target": 3.448466923937342, "params": {"Bgrad": 0.5964253257406325, "d1": -3.0, "d2": -3.0, "d3": -3.0, "d4": -0.9882469141177491, "p1": 6.053689452999835, "p2": 2.133542477382128, "p3": 38.036445289620325, "p4": 20.312849696618244, "pol1": 0.23511102902932765, "pol2": -0.506423616025555, "pol3": -0.0659322143882931, "pol4": -0.04100479176376494, "v0s": 3.448466923937342}, "datetime": {"datetime": "2022-06-24 04:23:30", "elapsed": 529.828274, "delta": 3.606438}}
{"target": -1.0, "params": {"Bgrad": 1.6316629168604218, "d1": -1.4727522517340046, "d2": -1.0643091792339399, "d3": -2.851313566193088, "d4": 0.2057972549488305, "p1": 8.680136564752623, "p2": 3.51243886612268, "p3": 31.292360241267446, "p4": 22.592547015928666, "pol1": -0.34245982328610336, "pol2": -0.6403532090099215, "pol3": -0.850327628715619, "pol4": 0.785970221853677, "v0s": 4.249421526811232}, "datetime": {"datetime": "2022-06-24 04:23:40", "elapsed": 539.408809, "delta": 9.580535}}
{"target": -1.0, "params": {"Bgrad": 1.704023385071143, "d1": -1.741704540774888, "d2": -1.2964755462839643, "d3": -2.432832362641102, "d4": -0.09528265777648581, "p1": 4.227423820826065, "p2": 1.144412429964653, "p3": 37.813240291230734, "p4": 19.105488561258042, "pol1": 0.28077006092933887, "pol2": -0.008617626085196672, "pol3": -0.19254629546567514, "pol4": -0.7730866581730658, "v0s": 6.615272418807837}, "datetime": {"datetime": "2022-06-24 04:23:51", "elapsed": 550.864369, "delta": 11.45556}}
{"target": 3.2061172014914936, "params": {"Bgrad": 1.2023810913477981, "d1": -2.5642104286681424, "d2": -2.788915904941524, "d3": -2.54117298660752, "d4": -2.6241627153239033, "p1": 5.809103415187177, "p2": 9.687145467108495, "p3": 35.87885906887052, "p4": 26.75836349534759, "pol1": -0.7057543896964233, "pol2": -0.7664275062326327, "pol3": 0.7990660388243416, "pol4": -0.030618140670271923, "v0s": 3.2061172014914936}, "datetime": {"datetime": "2022-06-24 04:23:56", "elapsed": 555.210802, "delta": 4.346433}}
{"target": 3.2812475696875882, "params": {"Bgrad": 1.3570714352386029, "d1": -1.749878889560268, "d2": -1.5209031815719412, "d3": -1.5796974667224806, "d4": -0.3157927004190104, "p1": 47.70262220493511, "p2": 45.82222469057003, "p3": 43.353689291222295, "p4": 48.678785263594996, "pol1": 0.7073076435875743, "pol2": -0.6683742811369386, "pol3": -0.5061977397393842, "pol4": -0.19557512176942815, "v0s": 3.2812475696875882}, "datetime": {"datetime": "2022-06-24 04:24:01", "elapsed": 560.469357, "delta": 5.258555}}
{"target": 4.689185647019371, "params": {"Bgrad": 0.5, "d1": -3.0, "d2": -3.0, "d3": -3.0, "d4": -0.2767380722407729, "p1": 11.198362838249315, "p2": 2.893139863704621, "p3": 35.04456192295929, "p4": 21.75559260094136, "pol1": 1.0, "pol2": 0.9079070166460584, "pol3": 0.1332475596600529, "pol4": -0.5752005744155472, "v0s": 4.689185647019371}, "datetime": {"datetime": "2022-06-24 04:24:04", "elapsed": 563.675406, "delta": 3.206049}}
{"target": -1.0, "params": {"Bgrad": 0.5, "d1": -3.0, "d2": -3.0, "d3": -3.0, "d4": 0.8008799185855836, "p1": 10.874279635819299, "p2": 2.8648804260093725, "p3": 35.06397706966134, "p4": 22.342632047482116, "pol1": 1.0, "pol2": 0.06450950022018305, "pol3": -1.0, "pol4": -1.0, "v0s": 4.666118484717647}, "datetime": {"datetime": "2022-06-24 04:24:12", "elapsed": 571.631756, "delta": 7.95635}}
{"target": -1.0, "params": {"Bgrad": 0.6005681885417816, "d1": -2.534591116596575, "d2": -0.3970305338192115, "d3": -2.8309449946276564, "d4": -1.6266743463030084, "p1": 11.426056301857823, "p2": 1.2011004271708592, "p3": 36.678603194395635, "p4": 19.47757981938362, "pol1": 0.8881653149265802, "pol2": 0.7331201799218232, "pol3": 0.7572986169131237, "pol4": -0.18311506154803125, "v0s": 5.372224558841811}, "datetime": {"datetime": "2022-06-24 04:24:19", "elapsed": 578.597781, "delta": 6.966025}}
{"target": 3.3196243993709906, "params": {"Bgrad": 1.4314941472426017, "d1": -2.5943016854832526, "d2": -2.8401713720390656, "d3": -2.586653670185903, "d4": -3.0, "p1": 4.266443086495044, "p2": 10.359861196038848, "p3": 36.614352113480756, "p4": 27.117208224129836, "pol1": -0.956465897193452, "pol2": -0.9284838052184005, "pol3": 0.890503670892604, "pol4": 0.26559166752162894, "v0s": 3.3196243993709906}, "datetime": {"datetime": "2022-06-24 04:24:24", "elapsed": 583.831873, "delta": 5.234092}}
{"target": 3.1040148810768304, "params": {"Bgrad": 1.3867820180118473, "d1": -1.7556749406518297, "d2": 0.38106436757640916, "d3": -2.7758527985532226, "d4": -2.898709273776824, "p1": 5.885947868784064, "p2": 9.43170790045585, "p3": 35.04461166763498, "p4": 28.293513823820454, "pol1": 0.32368717382563883, "pol2": 0.26291866069183945, "pol3": -0.573300532693436, "pol4": 0.07497171888928822, "v0s": 3.1040148810768304}, "datetime": {"datetime": "2022-06-24 04:24:29", "elapsed": 588.443642, "delta": 4.611769}}
{"target": -1.0, "params": {"Bgrad": 1.271803992553634, "d1": -1.7543334874788585, "d2": -2.5697575699625754, "d3": -0.38394374752533134, "d4": 0.7499372381259239, "p1": 10.824053801434397, "p2": 1.8294972024330391, "p3": 32.846952426545954, "p4": 22.72695523261406, "pol1": 0.5694545365033974, "pol2": 0.5551554738122482, "pol3": -0.7733598163346198, "pol4": -0.32542561293565764, "v0s": 3.7284914973080596}, "datetime": {"datetime": "2022-06-24 04:24:40", "elapsed": 599.750107, "delta": 11.306465}}
{"target": 2.3458468854253036, "params": {"Bgrad": 0.9618969206367164, "d1": -1.7452373531066412, "d2": 0.1537100654526955, "d3": -2.7440963960589126, "d4": -2.1419299305551815, "p1": 8.650758436174522, "p2": 10.481324336128605, "p3": 34.75318887114873, "p4": 28.086728908467023, "pol1": 0.3173154152478581, "pol2": -0.36372732844298583, "pol3": 0.6365672927800121, "pol4": 0.2068406103646785, "v0s": 2.3458468854253036}, "datetime": {"datetime": "2022-06-24 04:24:49", "elapsed": 608.199222, "delta": 8.449115}}
{"target": -1.0, "params": {"Bgrad": 1.321924159267455, "d1": -0.6730549737401977, "d2": -1.457922310312476, "d3": -1.7522379401437724, "d4": -0.8577865196716634, "p1": 47.2070010468895, "p2": 46.27368786343183, "p3": 42.905481541808186, "p4": 47.16152023605386, "pol1": 0.1491121511698383, "pol2": -0.7094597630421533, "pol3": -0.5306893109517455, "pol4": -0.26600364176015645, "v0s": 3.2845096095604953}, "datetime": {"datetime": "2022-06-24 04:24:59", "elapsed": 618.696888, "delta": 10.497666}}
{"target": 3.227459536842723, "params": {"Bgrad": 1.3811545780909418, "d1": -2.5032847370205547, "d2": -1.546666559756553, "d3": -1.4683195217827756, "d4": 0.06708963426943144, "p1": 48.049789781402524, "p2": 45.50837352484395, "p3": 43.63913449792653, "p4": 49.89789188970492, "pol1": 1.0, "pol2": -0.6534990448903181, "pol3": -0.48572097786957075, "pol4": -0.1500828300642708, "v0s": 3.227459536842723}, "datetime": {"datetime": "2022-06-24 04:25:03", "elapsed": 622.773103, "delta": 4.076215}}
{"target": 3.713076354624233, "params": {"Bgrad": 1.3839977633071199, "d1": -2.7956200440596883, "d2": -2.991712848881291, "d3": -1.580641651424516, "d4": -2.3707799884108076, "p1": 6.648462508851099, "p2": 8.985188751250945, "p3": 36.103840499799205, "p4": 28.712726039350944, "pol1": -0.2995783458013044, "pol2": -0.906660331262666, "pol3": -0.854834390327549, "pol4": -0.6774666116370576, "v0s": 3.713076354624233}, "datetime": {"datetime": "2022-06-24 04:25:10", "elapsed": 629.466311, "delta": 6.693208}}
{"target": 5.47567073056053, "params": {"Bgrad": 1.2420522438684554, "d1": -2.1460196318610647, "d2": -0.2165214575871981, "d3": -1.3967025428136761, "d4": 0.6155537623248715, "p1": 11.971384021586045, "p2": 5.0723836138206355, "p3": 30.899192537065765, "p4": 20.693478627346135, "pol1": -0.7054446392995586, "pol2": 0.4118337282605913, "pol3": -0.42528018430622194, "pol4": 0.5163360278771374, "v0s": 5.47567073056053}, "datetime": {"datetime": "2022-06-24 04:25:18", "elapsed": 637.100056, "delta": 7.633745}}
{"target": 3.0427771595347, "params": {"Bgrad": 1.8985147999792082, "d1": -2.5017345032115994, "d2": -1.0657394398196982, "d3": -1.4810685755553692, "d4": -1.401570924407292, "p1": 13.616887895802504, "p2": 3.25735603435528, "p3": 32.923121812094905, "p4": 22.368835050392256, "pol1": -0.928445350030713, "pol2": -0.2881634992192892, "pol3": 0.4591060046011741, "pol4": 0.06183359250197107, "v0s": 3.0427771595347}, "datetime": {"datetime": "2022-06-24 04:25:19", "elapsed": 638.887818, "delta": 1.787762}}
{"target": -1.0, "params": {"Bgrad": 1.415508372751135, "d1": -2.3303753197761976, "d2": -2.174847973410936, "d3": -2.575833743784969, "d4": -1.2806295740233855, "p1": 7.842163725435541, "p2": 7.020437005301577, "p3": 34.052298070686284, "p4": 26.924996212051738, "pol1": -0.616591580094709, "pol2": 0.5652234585456375, "pol3": -0.04846404320175757, "pol4": -0.31895791667429263, "v0s": 4.32040086582067}, "datetime": {"datetime": "2022-06-24 04:25:32", "elapsed": 651.704769, "delta": 12.816951}}
{"target": -1.0, "params": {"Bgrad": 1.9958984043245922, "d1": -1.6443058033237818, "d2": -1.1120097072212065, "d3": -0.2800483290100564, "d4": -0.9202172348694093, "p1": 12.211209846237297, "p2": 1.1080663707380534, "p3": 33.166696217534856, "p4": 20.965577461933492, "pol1": -0.3039642410027492, "pol2": 0.7235724390200635, "pol3": 0.40977869986680715, "pol4": 0.45802911996881224, "v0s": 4.53054648211792}, "datetime": {"datetime": "2022-06-24 04:25:43", "elapsed": 662.59283, "delta": 10.888061}}
{"target": -1.0, "params": {"Bgrad": 1.076497267782509, "d1": -2.2232233282197726, "d2": -0.7132539053234688, "d3": -1.8945006107330087, "d4": 0.19127771297808935, "p1": 12.116143831283402, "p2": 4.841690971853732, "p3": 31.611217163771713, "p4": 21.121304059819604, "pol1": -0.6520134138844288, "pol2": 0.2613111554322736, "pol3": 0.09037956708424395, "pol4": 0.25515630582586674, "v0s": 4.622368539045557}, "datetime": {"datetime": "2022-06-24 04:25:52", "elapsed": 671.238375, "delta": 8.645545}}
{"target": -1.0, "params": {"Bgrad": 1.026858846430029, "d1": -1.8203233403664707, "d2": -0.17007493823940978, "d3": -2.292224021535518, "d4": -1.4295388653026508, "p1": 8.29641080214803, "p2": 4.251088133952652, "p3": 36.92609481501632, "p4": 21.692772894200935, "pol1": 0.9496346358983301, "pol2": 0.4088653242593754, "pol3": -0.5711947111359221, "pol4": -0.23490830738286084, "v0s": 2.689393304647212}, "datetime": {"datetime": "2022-06-24 04:25:57", "elapsed": 677.048912, "delta": 5.810537}}
{"target": -1.0, "params": {"Bgrad": 1.0400962014644972, "d1": -0.9558599420943343, "d2": -0.7479391951178989, "d3": -2.325036191925529, "d4": -0.3450139186436587, "p1": 10.687136813539338, "p2": 2.266671719716445, "p3": 32.32963038374536, "p4": 22.165247685422262, "pol1": -0.2848409601922426, "pol2": 0.9510866530289799, "pol3": -0.17187328196899565, "pol4": -0.9342007696485592, "v0s": 6.128560703821352}, "datetime": {"datetime": "2022-06-24 04:26:09", "elapsed": 688.265126, "delta": 11.216214}}
{"target": -1.0, "params": {"Bgrad": 0.8285304753621573, "d1": -0.6170470854034957, "d2": 0.09093454200418005, "d3": 0.23955235976727396, "d4": -0.351644396653886, "p1": 13.067135051666545, "p2": 3.497952545023275, "p3": 30.635335547563653, "p4": 22.317949669365237, "pol1": -0.7581426322859157, "pol2": 0.5007542986399955, "pol3": -0.37957573661277366, "pol4": 0.811176115889739, "v0s": 6.173617949209696}, "datetime": {"datetime": "2022-06-24 04:26:15", "elapsed": 694.603802, "delta": 6.338676}}
{"target": -1.0, "params": {"Bgrad": 1.4545787244934603, "d1": -2.6770921682123467, "d2": -2.345903350388092, "d3": -0.45671941576105546, "d4": -2.6270277180455186, "p1": 6.917922618716821, "p2": 10.06498931956611, "p3": 36.28273093799775, "p4": 28.796481675547998, "pol1": -0.078553150604177, "pol2": -0.6525912309386821, "pol3": 0.6058569868122827, "pol4": -0.7133999333773149, "v0s": 5.346319243220168}, "datetime": {"datetime": "2022-06-24 04:26:25", "elapsed": 704.220752, "delta": 9.61695}}
