{"target": 0.0, "params": {"beta_1": 0.99710618749609, "beta_2": 21.421297463676872, "det_1": 81.49710443438588, "det_2": 13.579937516945794, "laseroff": 491474.7483480134, "laseron": 206773.58172387694, "main_det": 19.788363773906237}, "datetime": {"datetime": "2022-04-28 10:44:08", "elapsed": 28927.310944, "delta": 384.890053}}
{"target": 0.0, "params": {"beta_1": 0.9613358014403257, "beta_2": 29.32682008279908, "det_1": 155.89495656936782, "det_2": 18.691859551989275, "laseroff": 531755.4760793553, "laseron": 179769.55553425997, "main_det": 12.469509311512496}, "datetime": {"datetime": "2022-04-28 10:53:36", "elapsed": 29494.647778, "delta": 567.336834}}
{"target": 0.0, "params": {"beta_1": 1.1299321558440438, "beta_2": 28.357324606415986, "det_1": 152.68036247961533, "det_2": 29.91563481442584, "laseroff": 474069.86880508106, "laseron": 186511.7102963485, "main_det": 12.198793651171762}, "datetime": {"datetime": "2022-04-28 11:02:26", "elapsed": 30025.092335, "delta": 530.444557}}
{"target": 7.0, "params": {"beta_1": 0.2927376358941156, "beta_2": 8.014748197942138, "det_1": 102.8841408254591, "det_2": 19.977767439348135, "laseroff": 356939.63139964227, "laseron": 277918.42390355223, "main_det": 19.890784427126924}, "datetime": {"datetime": "2022-04-28 11:10:44", "elapsed": 30523.302149, "delta": 498.209814}}
{"target": 0.0, "params": {"beta_1": 1.139865428970807, "beta_2": 22.20764310385689, "det_1": 168.2733929832816, "det_2": 11.299603662014727, "laseroff": 443880.63991829834, "laseron": 214923.38282426284, "main_det": 11.122329190709006}, "datetime": {"datetime": "2022-04-28 11:18:48", "elapsed": 31006.677658, "delta": 483.375509}}
{"target": 0.0, "params": {"beta_1": 1.4770445944755028, "beta_2": 25.33958706859348, "det_1": 124.15162790135957, "det_2": 10.458019028399308, "laseroff": 428470.862550894, "laseron": 211636.52885837486, "main_det": 15.147747816577517}, "datetime": {"datetime": "2022-04-28 11:26:04", "elapsed": 31442.962183, "delta": 436.284525}}
{"target": 0.0, "params": {"beta_1": 0.6775041721468795, "beta_2": 19.69382962489642, "det_1": 168.31180306325572, "det_2": 7.695571443718212, "laseroff": 314394.00869727647, "laseron": 151229.6437421826, "main_det": 17.249344005958864}, "datetime": {"datetime": "2022-04-28 11:35:33", "elapsed": 32011.911701, "delta": 568.949518}}
{"target": 1.0, "params": {"beta_1": 0.5726384736540218, "beta_2": 25.192046363236965, "det_1": 99.14032296479279, "det_2": 5.353725261474117, "laseroff": 552446.0658459221, "laseron": 298059.3208116836, "main_det": 10.296483882880947}, "datetime": {"datetime": "2022-04-28 11:45:08", "elapsed": 32586.658705, "delta": 574.747004}}
{"target": 0.0, "params": {"beta_1": 0.22532030580665974, "beta_2": 21.556570135695267, "det_1": 78.61554690070886, "det_2": 27.02265619247503, "laseroff": 563377.7206721627, "laseron": 295291.72878023784, "main_det": 18.749902162398087}, "datetime": {"datetime": "2022-04-28 11:53:56", "elapsed": 33115.218305, "delta": 528.5596}}
