{"target": 3.623089562446383, "params": {"Bgrad": 1.008629469509182, "d1": -2.4438575994729876, "d2": -1.2354828203415469, "d3": -2.2822430244297713, "d4": -1.0896960517213645, "p1": 9.299409624398592, "p2": 7.823792404730262, "p3": 36.51444543760752, "p4": 30.450189792763922, "pol1": 0.9806402410151354, "pol2": 0.6662208304458903, "pol3": 0.5771772682473053, "pol4": 0.5848819938629404, "v0s": 3.623089562446383}, "datetime": {"datetime": "2022-06-24 06:55:45", "elapsed": 9664.44511, "delta": 7.23877}}
{"target": 3.3420396274853292, "params": {"Bgrad": 0.8087258816821428, "d1": -0.9392495118790785, "d2": -0.6358496522712963, "d3": -0.9741260581159805, "d4": -2.569145485289611, "p1": 9.510426594947546, "p2": 15.231240640242149, "p3": 6.736625675378101, "p4": 30.128121933071377, "pol1": 0.1630524394197163, "pol2": 0.06271019072904475, "pol3": -0.5141616974056934, "pol4": 0.1839156439814281, "v0s": 3.3420396274853292}, "datetime": {"datetime": "2022-06-24 06:55:50", "elapsed": 9669.160585, "delta": 4.715475}}
{"target": 2.6676091745058237, "params": {"Bgrad": 1.0576078018103525, "d1": -1.545946304348258, "d2": -2.0460633863352937, "d3": 0.32100662959182724, "d4": -0.2947544124962609, "p1": 7.440866588463751, "p2": 14.640645860102753, "p3": 35.80650790109047, "p4": 29.480949992936367, "pol1": 0.4647632776395696, "pol2": 0.2231087074149336, "pol3": 0.21124185315259458, "pol4": -0.25833065313857606, "v0s": 2.6676091745058237}, "datetime": {"datetime": "2022-06-24 06:55:58", "elapsed": 9677.276035, "delta": 8.11545}}
{"target": -1.0, "params": {"Bgrad": 0.89659338576948, "d1": 0.7573113337453257, "d2": 0.23103147345820263, "d3": -2.990648303333179, "d4": -1.5750657187131578, "p1": 7.82266664044442, "p2": 9.77772931783994, "p3": 32.9657278965302, "p4": 32.30234828664429, "pol1": 0.9578826498339787, "pol2": 0.09306731834892279, "pol3": -0.6052504973493875, "pol4": -0.7661046034777219, "v0s": 3.493741214685654}, "datetime": {"datetime": "2022-06-24 06:56:15", "elapsed": 9694.570096, "delta": 17.294061}}
{"target": -1.0, "params": {"Bgrad": 1.590258650579163, "d1": -2.773338947208155, "d2": 0.5514577208210336, "d3": 0.9232234019060113, "d4": 0.7626870410885913, "p1": 8.915795082700996, "p2": 35.296142605004235, "p3": 35.82295446963779, "p4": 36.17549644185861, "pol1": -0.8805306313235304, "pol2": 0.3666384482038765, "pol3": 0.26919046881011965, "pol4": 0.1773950067952259, "v0s": 4.91682349128801}, "datetime": {"datetime": "2022-06-24 06:56:30", "elapsed": 9709.580723, "delta": 15.010627}}
{"target": -1.0, "params": {"Bgrad": 1.692650591217116, "d1": -2.3446206800246507, "d2": -0.09155302121989894, "d3": -1.937265811816205, "d4": -1.1340023315221428, "p1": 45.88541341504552, "p2": 24.46766867363705, "p3": 26.59195326229156, "p4": 15.099985336573152, "pol1": -0.20943322755417593, "pol2": -0.09893183978107101, "pol3": -0.8717216746929297, "pol4": -0.7561286428754164, "v0s": 5.293842190611891}, "datetime": {"datetime": "2022-06-24 06:56:42", "elapsed": 9721.187882, "delta": 11.607159}}
{"target": 4.072796975214819, "params": {"Bgrad": 1.4167261862358784, "d1": -1.909999164136555, "d2": -0.23183857523096574, "d3": -2.535044101805399, "d4": -2.3550231767384493, "p1": 3.2999402611949504, "p2": 11.314045506998355, "p3": 36.416821424295065, "p4": 30.947070805044458, "pol1": -0.9171866311194057, "pol2": 0.7542216898328622, "pol3": 0.7763673885283242, "pol4": -0.6273843481310455, "v0s": 4.072796975214819}, "datetime": {"datetime": "2022-06-24 06:56:47", "elapsed": 9726.887722, "delta": 5.69984}}
{"target": 3.3790916508444817, "params": {"Bgrad": 1.3048052099495548, "d1": -1.6594634362723064, "d2": -1.0115963978444196, "d3": -2.070200378930906, "d4": -2.0657875100567407, "p1": 45.785649492319976, "p2": 15.834560169461975, "p3": 26.59445266143709, "p4": 12.59325059695327, "pol1": 0.45379750405611174, "pol2": -0.5050162071425743, "pol3": 0.16422044301832828, "pol4": -0.974730644081135, "v0s": 3.3790916508444817}, "datetime": {"datetime": "2022-06-24 06:56:53", "elapsed": 9732.613507, "delta": 5.725785}}
{"target": 3.33679541512701, "params": {"Bgrad": 1.6526351350940927, "d1": 0.043607572778257886, "d2": 0.24069018200893755, "d3": -2.3190271234378237, "d4": -1.8243723696289917, "p1": 3.6989031020004504, "p2": 12.708941551213076, "p3": 33.506022959689965, "p4": 27.4001994553804, "pol1": -0.8599688719273557, "pol2": -0.06187826822118825, "pol3": -0.38712589779554474, "pol4": -0.3688987944874027, "v0s": 3.33679541512701}, "datetime": {"datetime": "2022-06-24 06:57:02", "elapsed": 9741.95523, "delta": 9.341723}}
{"target": -1.0, "params": {"Bgrad": 1.4419094063400046, "d1": -1.4106313190488056, "d2": -1.1458819242710976, "d3": -1.8901243026747836, "d4": -1.8128780346184805, "p1": 9.603440260351237, "p2": 8.299604272996541, "p3": 37.0858737955107, "p4": 30.725918008102564, "pol1": -0.19702735066055488, "pol2": 0.6349149768086471, "pol3": 0.3204568726399746, "pol4": 0.7931742471162395, "v0s": 2.7435936231751734}, "datetime": {"datetime": "2022-06-24 06:57:06", "elapsed": 9745.906249, "delta": 3.951019}}
{"target": -1.0, "params": {"Bgrad": 1.62559848674521, "d1": -2.018617621865597, "d2": -2.0172254212668657, "d3": -2.034164760144636, "d4": -0.5288584280828985, "p1": 6.351452913681044, "p2": 1.6619519594864518, "p3": 37.685546015109054, "p4": 19.818654956235836, "pol1": 0.408571398057763, "pol2": -0.6023810657196476, "pol3": -0.9139734558895185, "pol4": -0.471387755630597, "v0s": 4.729684788719021}, "datetime": {"datetime": "2022-06-24 06:57:17", "elapsed": 9757.07857, "delta": 11.172321}}
{"target": 4.235661130287098, "params": {"Bgrad": 1.1825251676545772, "d1": -2.473388408865706, "d2": 0.8920991580222561, "d3": -1.5463019373567888, "d4": -1.501323690393134, "p1": 4.147985398231896, "p2": 13.999953597473953, "p3": 34.61593672836154, "p4": 31.349023213246706, "pol1": -0.32539101180187324, "pol2": 0.40468034499654215, "pol3": 0.29434848286267457, "pol4": -0.9525040035750152, "v0s": 4.235661130287098}, "datetime": {"datetime": "2022-06-24 06:57:24", "elapsed": 9763.9319, "delta": 6.85333}}
{"target": 4.313720941551133, "params": {"Bgrad": 0.9848020894654668, "d1": -1.5386098799693255, "d2": 0.5842033339719235, "d3": -2.0860860380115143, "d4": -0.22195297483005527, "p1": 3.5345146306181627, "p2": 12.595370310430987, "p3": 33.9157893861859, "p4": 26.842169010454892, "pol1": 0.47925453141324037, "pol2": -0.263733018817496, "pol3": 0.9232441813439003, "pol4": -0.489273701191292, "v0s": 4.313720941551133}, "datetime": {"datetime": "2022-06-24 06:57:32", "elapsed": 9771.496777, "delta": 7.564877}}
{"target": -1.0, "params": {"Bgrad": 1.9512173837863291, "d1": -0.9157625459437115, "d2": 0.8098662994204502, "d3": -1.3696521599529201, "d4": -1.886595854790432, "p1": 33.15836038258564, "p2": 8.908729616757121, "p3": 38.06919601122394, "p4": 28.91126714471483, "pol1": -0.21443280552304467, "pol2": 0.49242794321540284, "pol3": 0.619831196418837, "pol4": -0.07298509023163002, "v0s": 4.975039714013249}, "datetime": {"datetime": "2022-06-24 06:57:44", "elapsed": 9783.164578, "delta": 11.667801}}
{"target": 4.918017524406, "params": {"Bgrad": 1.8096732023176962, "d1": -2.462625368756035, "d2": -1.1238095351516648, "d3": -2.098855559701944, "d4": 0.34613967159848713, "p1": 2.611552946568457, "p2": 12.782203879179434, "p3": 37.188481270953105, "p4": 31.881370545920156, "pol1": 0.37281750910060446, "pol2": -0.49004729688015936, "pol3": -0.5138710313470626, "pol4": 0.487330187631215, "v0s": 4.918017524406}, "datetime": {"datetime": "2022-06-24 06:57:52", "elapsed": 9791.837386, "delta": 8.672808}}
{"target": 3.396559596083226, "params": {"Bgrad": 1.540254759741912, "d1": -2.321856836401428, "d2": -1.8062447748881423, "d3": -0.6529359716240849, "d4": 0.6106132059945161, "p1": 9.754787313881565, "p2": 25.97347643053831, "p3": 17.715562710043372, "p4": 37.869026776611776, "pol1": 0.31528715587828493, "pol2": -0.10291319920774407, "pol3": -0.5697861342864677, "pol4": -0.46262441372355007, "v0s": 3.396559596083226}, "datetime": {"datetime": "2022-06-24 06:58:00", "elapsed": 9799.387198, "delta": 7.549812}}
{"target": 3.235360071980727, "params": {"Bgrad": 0.8770012171221833, "d1": -2.8894508027770684, "d2": -1.0677341756559429, "d3": -2.015392216694072, "d4": -2.303009315932277, "p1": 7.0169549816384125, "p2": 6.998507368888168, "p3": 38.714547194347894, "p4": 30.22689090201177, "pol1": -0.2777738688583933, "pol2": -0.9928388930058307, "pol3": 0.42899672597303495, "pol4": 0.8173090930810829, "v0s": 3.235360071980727}, "datetime": {"datetime": "2022-06-24 06:58:05", "elapsed": 9804.637159, "delta": 5.249961}}
{"target": -1.0, "params": {"Bgrad": 0.8594910468233516, "d1": -1.218887804056727, "d2": -0.16658096425181101, "d3": 0.25802067239900417, "d4": -1.856540072818877, "p1": 38.372987548829315, "p2": 22.011535135403864, "p3": 19.731938558250217, "p4": 17.183676093357697, "pol1": -0.16791799230527293, "pol2": -0.8446757468671258, "pol3": 0.2797990383648641, "pol4": -0.7957973511797394, "v0s": 5.886990078279183}, "datetime": {"datetime": "2022-06-24 06:58:15", "elapsed": 9814.849947, "delta": 10.212788}}
{"target": 2.9154048374858377, "params": {"Bgrad": 1.081685809240883, "d1": -1.414145798452553, "d2": -0.004894687715925272, "d3": -0.4962498983876933, "d4": -0.9811940181615983, "p1": 44.076901590358965, "p2": 21.392846012289812, "p3": 25.19731780282925, "p4": 15.223480690164292, "pol1": -0.9527096250807554, "pol2": -0.9864362901162516, "pol3": 0.7790394409018324, "pol4": 0.8902602628495717, "v0s": 2.9154048374858377}, "datetime": {"datetime": "2022-06-24 06:58:22", "elapsed": 9821.297319, "delta": 6.447372}}
{"target": 3.015829945124005, "params": {"Bgrad": 1.9638500196485609, "d1": -1.8590308984540322, "d2": 0.19804576796658013, "d3": -1.4561354268354174, "d4": -1.8858573104208447, "p1": 7.201007538552573, "p2": 9.382602372371467, "p3": 34.34733230790454, "p4": 33.18606584620682, "pol1": 0.09421650358512257, "pol2": 0.3485029201964962, "pol3": -0.3448219887752346, "pol4": -0.0136605966183867, "v0s": 3.015829945124005}, "datetime": {"datetime": "2022-06-24 06:58:27", "elapsed": 9826.262138, "delta": 4.964819}}
{"target": 3.5283853506147045, "params": {"Bgrad": 0.6907746289307819, "d1": -0.2990916340751113, "d2": 0.5841773722609815, "d3": -1.941170106752721, "d4": -0.6101153898809746, "p1": 6.503941156934751, "p2": 9.059423332915733, "p3": 36.39727449439306, "p4": 31.6615951437347, "pol1": 0.5326913531131205, "pol2": -0.27197411985586895, "pol3": 0.9350753390622197, "pol4": 0.07202397795216586, "v0s": 3.5283853506147045}, "datetime": {"datetime": "2022-06-24 06:58:32", "elapsed": 9831.182585, "delta": 4.920447}}
{"target": -1.0, "params": {"Bgrad": 1.488081213248703, "d1": 0.6149326211296602, "d2": -0.06559050309912529, "d3": -1.97270537780912, "d4": -0.2860290623084176, "p1": 4.51915799857786, "p2": 11.373218212984593, "p3": 37.21984432087977, "p4": 26.7045118529338, "pol1": -0.8494026363326752, "pol2": 0.024241575554506234, "pol3": -0.4604419319888511, "pol4": -0.7000769038274237, "v0s": 4.327494573386527}, "datetime": {"datetime": "2022-06-24 06:58:45", "elapsed": 9844.363126, "delta": 13.180541}}
{"target": 3.3454459244339323, "params": {"Bgrad": 0.8883006181774923, "d1": -1.322084408193888, "d2": -0.7231358480311545, "d3": -2.3864246794318045, "d4": -2.9999995274866094, "p1": 6.079067271279787, "p2": 23.511438830660815, "p3": 0.6311396589402368, "p4": 32.03403390936542, "pol1": -0.8803958545622922, "pol2": -0.6510009866439909, "pol3": -0.3360768657389542, "pol4": -0.7922609750855115, "v0s": 3.3454459244339323}, "datetime": {"datetime": "2022-06-24 06:58:51", "elapsed": 9850.87282, "delta": 6.509694}}
{"target": 5.254987077818655, "params": {"Bgrad": 1.0774376862486574, "d1": -2.367055689746378, "d2": 0.6955491834619711, "d3": -0.9947056160574563, "d4": -1.9244856797935874, "p1": 5.899443041143648, "p2": 10.106372543056452, "p3": 36.47196845075526, "p4": 30.83157800311154, "pol1": -0.04771258892593955, "pol2": 0.3029842263390552, "pol3": -0.3574139937353966, "pol4": 0.3875509089476159, "v0s": 5.254987077818655}, "datetime": {"datetime": "2022-06-24 06:58:58", "elapsed": 9857.756534, "delta": 6.883714}}
{"target": -1.0, "params": {"Bgrad": 1.7359349110604767, "d1": -2.950195064512447, "d2": -0.7590878170135276, "d3": -1.318776247541524, "d4": -0.7601953653636278, "p1": 7.327788656797169, "p2": 8.611961344288567, "p3": 38.100467107482416, "p4": 30.471368945100398, "pol1": 0.3591815446476416, "pol2": 0.8575766812714236, "pol3": 0.06899489437209838, "pol4": 0.9877999535465429, "v0s": 4.088151290881216}, "datetime": {"datetime": "2022-06-24 06:59:12", "elapsed": 9871.168404, "delta": 13.41187}}
{"target": -1.0, "params": {"Bgrad": 1.0579011376996714, "d1": -2.8837812617279486, "d2": -0.8263191179506761, "d3": 0.5286353566803865, "d4": -2.479979249559933, "p1": 5.523311554719218, "p2": 7.520857694281502, "p3": 36.11984923216088, "p4": 29.850200810907534, "pol1": -0.4772233151140386, "pol2": -0.6662422532448913, "pol3": 0.49659735831820706, "pol4": 0.11282693960366297, "v0s": 3.1893335751524523}, "datetime": {"datetime": "2022-06-24 06:59:28", "elapsed": 9887.301085, "delta": 16.132681}}
{"target": -1.0, "params": {"Bgrad": 1.108328314978544, "d1": -0.6552291127149934, "d2": -0.8412249182241006, "d3": -1.3200308928301232, "d4": -2.11429211329357, "p1": 9.656337012265354, "p2": 15.510761361722187, "p3": 6.958972653716286, "p4": 29.81697607032374, "pol1": -0.17358247174875607, "pol2": 0.2841714324265897, "pol3": -0.1919993549897999, "pol4": 0.17027832274701024, "v0s": 2.526461596032448}, "datetime": {"datetime": "2022-06-24 06:59:34", "elapsed": 9893.793347, "delta": 6.492262}}
{"target": 4.751297001296201, "params": {"Bgrad": 1.804376425849331, "d1": -2.2172972099925246, "d2": 0.7497683931207288, "d3": -2.2320151730993865, "d4": -0.2765720623485999, "p1": 8.150427904586, "p2": 9.128206349454054, "p3": 33.18826288246199, "p4": 32.72862415407248, "pol1": 0.10612767081307717, "pol2": -0.007314689286165743, "pol3": -0.7655904794050115, "pol4": 0.9618840081144524, "v0s": 4.751297001296201}, "datetime": {"datetime": "2022-06-24 06:59:43", "elapsed": 9902.17355, "delta": 8.380203}}
{"target": 3.89939785821923, "params": {"Bgrad": 1.400271675385416, "d1": -1.791809546419918, "d2": 0.14683214692920343, "d3": -1.6208727659977835, "d4": -1.0987455319826958, "p1": 7.45446784022128, "p2": 36.25745167503562, "p3": 35.54772773656141, "p4": 35.29947524165405, "pol1": -0.13869527445138816, "pol2": 0.44455330412165817, "pol3": -0.17633398126915562, "pol4": -0.3972901143682905, "v0s": 3.89939785821923}, "datetime": {"datetime": "2022-06-24 06:59:49", "elapsed": 9908.705207, "delta": 6.531657}}
{"target": -1.0, "params": {"Bgrad": 0.7044877137317583, "d1": -2.4454328421444163, "d2": 0.645670010954849, "d3": -1.834978485891186, "d4": 0.6595372952515421, "p1": 6.6189717841651285, "p2": 8.484807167949327, "p3": 36.70885868529585, "p4": 30.09377768782841, "pol1": -0.2945856933647548, "pol2": -0.27427574388920695, "pol3": 0.3517202395002237, "pol4": 0.7210372356900017, "v0s": 4.386222211286714}, "datetime": {"datetime": "2022-06-24 07:00:00", "elapsed": 9919.258178, "delta": 10.552971}}
{"target": 3.9918707425286963, "params": {"Bgrad": 0.9513059483407843, "d1": -0.7209100610116734, "d2": -0.5771138238378147, "d3": -0.9054050864267418, "d4": -2.9043699232086584, "p1": 9.654346833834632, "p2": 15.975250359968424, "p3": 6.8940024711039065, "p4": 30.603913372809913, "pol1": 0.41255469971812864, "pol2": -0.06985988356826288, "pol3": -0.4902947897881322, "pol4": 0.3313957726233081, "v0s": 3.9918707425286963}, "datetime": {"datetime": "2022-06-24 07:00:08", "elapsed": 9927.611476, "delta": 8.353298}}
{"target": 3.061015960925441, "params": {"Bgrad": 1.5816884409325067, "d1": -0.9579734363843988, "d2": 0.31402729877536917, "d3": -0.5957313840643814, "d4": -1.0455234716765838, "p1": 4.102032390104143, "p2": 12.80902796583332, "p3": 37.6855976155111, "p4": 29.708949895278508, "pol1": -0.34032447203264327, "pol2": -0.48347450827050586, "pol3": 0.12419360240478516, "pol4": 0.2350587622143343, "v0s": 3.061015960925441}, "datetime": {"datetime": "2022-06-24 07:00:15", "elapsed": 9934.630334, "delta": 7.018858}}
{"target": -1.0, "params": {"Bgrad": 1.7270099949602382, "d1": -1.3494073776501483, "d2": -2.7730400048686263, "d3": -0.11975485790891627, "d4": -0.2829739274566676, "p1": 31.847238689068625, "p2": 5.719163079104106, "p3": 7.272630601087526, "p4": 26.72967124292432, "pol1": 0.32446067099704656, "pol2": 0.47289637581774224, "pol3": -0.2891868168928844, "pol4": -0.9946956876939523, "v0s": 5.464727037937486}, "datetime": {"datetime": "2022-06-24 07:00:28", "elapsed": 9947.301184, "delta": 12.67085}}
{"target": -1.0, "params": {"Bgrad": 0.7693115687075559, "d1": -1.039941918116417, "d2": -0.6619558349698789, "d3": -1.1413002526523868, "d4": -1.6103478608722295, "p1": 2.799860619943584, "p2": 11.681200033455308, "p3": 39.75837784022587, "p4": 32.27149791131364, "pol1": -0.08651212321382107, "pol2": 0.2891053390189646, "pol3": -0.5983029921304222, "pol4": 0.6355683210807539, "v0s": 4.302244511066099}, "datetime": {"datetime": "2022-06-24 07:00:35", "elapsed": 9954.967394, "delta": 7.66621}}
{"target": 4.531240344506898, "params": {"Bgrad": 1.594764422204705, "d1": -2.0695175860220436, "d2": -0.05329614298733265, "d3": -0.2879391899612078, "d4": -0.9284146674407849, "p1": 3.569688999814391, "p2": 9.686277283397626, "p3": 35.65935276229351, "p4": 25.26141023482371, "pol1": -0.34662950982934726, "pol2": 0.274677350269549, "pol3": 0.2887009500789235, "pol4": -0.11920186277331979, "v0s": 4.531240344506898}, "datetime": {"datetime": "2022-06-24 07:00:42", "elapsed": 9961.336974, "delta": 6.36958}}
{"target": 3.1424974800999417, "params": {"Bgrad": 1.3351497042095273, "d1": -1.186399555575919, "d2": -0.540020890474015, "d3": -1.8815815875873787, "d4": -2.044543912717832, "p1": 45.65135233980778, "p2": 17.002946500160363, "p3": 26.620361821619447, "p4": 12.565476249431207, "pol1": 0.5103989861045675, "pol2": -0.44685299494079755, "pol3": -0.005338796966373398, "pol4": -0.6583170894912942, "v0s": 3.1424974800999417}, "datetime": {"datetime": "2022-06-24 07:00:49", "elapsed": 9968.118504, "delta": 6.78153}}
{"target": 3.8067902633726076, "params": {"Bgrad": 1.2511283087431588, "d1": -1.6018600241931749, "d2": -0.1528373243920811, "d3": -1.7711796492733565, "d4": -1.4274764130921174, "p1": 5.460859528402756, "p2": 6.587273150798939, "p3": 35.86599536521586, "p4": 31.674988370077905, "pol1": 0.947890274135635, "pol2": 0.9289199706129989, "pol3": -0.20883374149093803, "pol4": 0.6690893071659478, "v0s": 3.8067902633726076}, "datetime": {"datetime": "2022-06-24 07:00:54", "elapsed": 9973.921115, "delta": 5.802611}}
{"target": -1.0, "params": {"Bgrad": 1.029628651827171, "d1": 0.40106194834556685, "d2": 0.6847227286109621, "d3": -0.7162986178347954, "d4": -1.7172104996114594, "p1": 42.94755737217168, "p2": 22.06221788610042, "p3": 26.42421296288307, "p4": 13.005033866495774, "pol1": 0.26495131093630975, "pol2": -0.23228323770953985, "pol3": -0.03723677894218658, "pol4": -0.1656448954071572, "v0s": 4.703187225639978}, "datetime": {"datetime": "2022-06-24 07:01:09", "elapsed": 9988.906384, "delta": 14.985269}}
{"target": -1.0, "params": {"Bgrad": 0.5431282535856132, "d1": -1.353911490291412, "d2": 0.09551825702543448, "d3": 0.6757110967453874, "d4": -1.9517889997971896, "p1": 6.47287806695514, "p2": 9.088448626136557, "p3": 38.74402941031959, "p4": 30.63376458927855, "pol1": 0.030616427420582903, "pol2": -0.1471662227227053, "pol3": 0.7222092209900044, "pol4": -0.6920581352276647, "v0s": 5.21139879592852}, "datetime": {"datetime": "2022-06-24 07:01:19", "elapsed": 9998.113445, "delta": 9.207061}}
{"target": 5.146186021118745, "params": {"Bgrad": 1.3099706558345177, "d1": -1.6635063709033995, "d2": 0.1042943836338397, "d3": -2.455223066674828, "d4": -1.2489261451451616, "p1": 29.300261523641684, "p2": 10.562729289410244, "p3": 36.75507379582356, "p4": 27.805379293629912, "pol1": 0.09476325463377577, "pol2": 0.8380156123042786, "pol3": 0.7450914032866636, "pol4": -0.10452698250583747, "v0s": 5.146186021118745}, "datetime": {"datetime": "2022-06-24 07:01:28", "elapsed": 10007.316034, "delta": 9.202589}}
{"target": -1.0, "params": {"Bgrad": 1.7226488275408012, "d1": -1.7534741719511313, "d2": -0.333397691002427, "d3": -2.415268542034296, "d4": -0.08075270196286466, "p1": 6.401958917735751, "p2": 8.860997272050387, "p3": 34.31427574771828, "p4": 33.646411851048995, "pol1": 0.24875578465199832, "pol2": 0.8223495872099622, "pol3": 0.49279399774656674, "pol4": -0.03668652145228046, "v0s": 2.798183009392994}, "datetime": {"datetime": "2022-06-24 07:01:33", "elapsed": 10012.9745, "delta": 5.658466}}
{"target": 4.081853590106986, "params": {"Bgrad": 1.1727454473123025, "d1": -0.8414929139318186, "d2": 0.6281204546362718, "d3": -2.2567521594072226, "d4": -1.9347049804090493, "p1": 7.38366859078469, "p2": 9.018962645351888, "p3": 36.103421518474576, "p4": 31.595272188767638, "pol1": 0.23426147688826562, "pol2": -0.1987855156564914, "pol3": 0.273299021871759, "pol4": 0.09549442354765118, "v0s": 4.081853590106986}, "datetime": {"datetime": "2022-06-24 07:01:40", "elapsed": 10019.835301, "delta": 6.860801}}
{"target": 2.8327153115652317, "params": {"Bgrad": 1.0072013471694186, "d1": -2.33837548195118, "d2": -2.7533431023131354, "d3": -0.07839096666425638, "d4": 0.22611871142081696, "p1": 4.712574382499057, "p2": 12.94987692531812, "p3": 36.991819163104886, "p4": 27.63824843584164, "pol1": 0.15439519640908017, "pol2": -0.5238974643034804, "pol3": -0.5197063119248817, "pol4": -0.1656375125634586, "v0s": 2.8327153115652317}, "datetime": {"datetime": "2022-06-24 07:01:49", "elapsed": 10028.112791, "delta": 8.27749}}
