{"target": -1.0, "params": {"Bgrad": 3.4261545022722815, "d1": -0.05021269846108911, "d2": 0.8271473146295025, "d3": -0.8795252077712643, "d4": 0.060299382457186024, "p1": 7.937028192879014, "p2": 3.4689751638823263, "p3": 36.114297328275356, "p4": 30.83917792509166, "pol1": 0.9789886404467691, "pol2": 0.6989619616860943, "pol3": -0.3944634954876667, "pol4": -0.21537739554819968, "v0s": 3.6768746971941635}, "datetime": {"datetime": "2022-04-08 17:22:10", "elapsed": 1258.846662, "delta": 8.903395}}
{"target": -1.0, "params": {"Bgrad": 4.16898619900183, "d1": -0.9586611213057341, "d2": 0.8309426983175769, "d3": 0.1535049008734939, "d4": -2.7896747171618825, "p1": 7.940185006060857, "p2": 7.680171756807125, "p3": 40.251947737475135, "p4": 30.554518642698785, "pol1": 0.27333114439272865, "pol2": -0.0340433972412304, "pol3": 0.006453831625554907, "pol4": -0.6965046157063945, "v0s": 5.140728228779838}, "datetime": {"datetime": "2022-04-08 17:22:19", "elapsed": 1267.964452, "delta": 9.11779}}
{"target": 2.500047478689341, "params": {"Bgrad": 19.46391421798872, "d1": -0.29168081044719196, "d2": 0.8584371849017711, "d3": -0.21583875563142874, "d4": -2.778709818615179, "p1": 6.048200906490536, "p2": 42.949594867604596, "p3": 17.811591813295852, "p4": 35.23530899012481, "pol1": 0.40166933748543143, "pol2": 0.6665495299470952, "pol3": -0.3197187726891193, "pol4": 0.9634656113580164, "v0s": 2.500047478689341}, "datetime": {"datetime": "2022-04-08 17:22:29", "elapsed": 1278.020718, "delta": 10.056266}}
{"target": 3.246954232924028, "params": {"Bgrad": 7.622368620053651, "d1": -1.333725433826968, "d2": -0.7048563722523249, "d3": -2.5966997327711585, "d4": 0.056988811378898774, "p1": 24.60948221008531, "p2": 29.97564726708205, "p3": 1.8056186312549571, "p4": 33.681600151203014, "pol1": -0.7178499711033026, "pol2": -0.9210850687920609, "pol3": 0.2520078976345961, "pol4": 0.14198073772148523, "v0s": 3.246954232924028}, "datetime": {"datetime": "2022-04-08 17:22:43", "elapsed": 1291.915177, "delta": 13.894459}}
{"target": 4.639868585017122, "params": {"Bgrad": 6.057274877059979, "d1": -2.2138559341688824, "d2": -0.7923577188721955, "d3": -1.9342023995581923, "d4": -1.0764726100596347, "p1": 9.30175490963568, "p2": 5.026884775726609, "p3": 38.84282634558435, "p4": 30.310616947615532, "pol1": 0.21335352252215967, "pol2": 0.11103524841834123, "pol3": 0.123208395332435, "pol4": 0.7373498794995137, "v0s": 4.639868585017122}, "datetime": {"datetime": "2022-04-08 17:22:53", "elapsed": 1301.587465, "delta": 9.672288}}
{"target": -1.0, "params": {"Bgrad": 6.083965644777455, "d1": -1.3541157308836214, "d2": -1.267732023484808, "d3": -0.9203123820497687, "d4": -2.108116470679445, "p1": 3.6184661009525163, "p2": 5.6995700710296635, "p3": 43.55431290336621, "p4": 24.057001257079285, "pol1": 0.25886576502015335, "pol2": -0.11501036711679502, "pol3": 0.03243697661926159, "pol4": 0.013740150036801957, "v0s": 4.762578806729087}, "datetime": {"datetime": "2022-04-08 17:23:04", "elapsed": 1312.838053, "delta": 11.250588}}
{"target": -1.0, "params": {"Bgrad": 5.550919816479041, "d1": -2.138906688841998, "d2": -1.3153097774293805, "d3": -1.5419078720381232, "d4": -1.0237995737601997, "p1": 3.6052735431805036, "p2": 3.371432515959211, "p3": 38.63832304977547, "p4": 19.20877387553289, "pol1": 0.5396554344700935, "pol2": -0.13561409141801373, "pol3": 0.6851298388182994, "pol4": -0.6741146228211181, "v0s": 6.385695004947018}, "datetime": {"datetime": "2022-04-08 17:23:12", "elapsed": 1320.915073, "delta": 8.07702}}
{"target": -1.0, "params": {"Bgrad": 2.7419924058899947, "d1": -0.1278678011653036, "d2": 0.25311107502743146, "d3": 0.5843951564236773, "d4": -2.4158263786133554, "p1": 5.482082420787348, "p2": 3.2658844534707967, "p3": 37.28319459324698, "p4": 25.065203724725553, "pol1": 0.14607043911502715, "pol2": -0.6253170025122261, "pol3": 0.5392480173272487, "pol4": 0.7827021409046668, "v0s": 3.72698832870825}, "datetime": {"datetime": "2022-04-08 17:23:30", "elapsed": 1339.04339, "delta": 18.128317}}
{"target": -1.0, "params": {"Bgrad": 2.6974726352621623, "d1": -1.0384766481654406, "d2": -0.04556892944978763, "d3": -1.0673441015275018, "d4": -0.7896513807429342, "p1": 7.618462830749218, "p2": 6.348083887271288, "p3": 33.13526475336514, "p4": 30.217357238973115, "pol1": 0.5272967926845524, "pol2": -0.5562267320226586, "pol3": -0.8554971768569108, "pol4": -0.9430050097527924, "v0s": 6.148876029056286}, "datetime": {"datetime": "2022-04-08 17:23:39", "elapsed": 1347.603188, "delta": 8.559798}}
{"target": 2.912128093900938, "params": {"Bgrad": 7.066366884038874, "d1": -1.3478995591078085, "d2": -0.9238073752115895, "d3": -1.0368721341810834, "d4": -1.489033664101723, "p1": 4.55989451500681, "p2": 7.483901718939685, "p3": 41.707502858029066, "p4": 21.833811970679832, "pol1": -0.7848995718390523, "pol2": -0.43691101064708243, "pol3": 0.796321434382819, "pol4": -0.6030761219779855, "v0s": 2.912128093900938}, "datetime": {"datetime": "2022-04-08 17:23:47", "elapsed": 1356.083637, "delta": 8.480449}}
{"target": -1.0, "params": {"Bgrad": 7.532335865646813, "d1": -0.931944482639766, "d2": 0.25537059140134355, "d3": -2.5517515378657514, "d4": -1.2547400362690113, "p1": 24.146750986810062, "p2": 29.671090989979334, "p3": 3.1693437734754584, "p4": 28.43716424970488, "pol1": 0.9277572669876488, "pol2": -0.3678494643005381, "pol3": -0.8032211536071563, "pol4": 0.1665392839490183, "v0s": 4.536749614847648}, "datetime": {"datetime": "2022-04-08 17:23:59", "elapsed": 1367.537682, "delta": 11.454045}}
{"target": -1.0, "params": {"Bgrad": 4.351914136912292, "d1": -0.8291274630059187, "d2": -2.4331644377998063, "d3": -1.562340479148261, "d4": -1.0569688060750897, "p1": 3.320837991929654, "p2": 7.178452692362253, "p3": 38.92713251550388, "p4": 20.186594827620493, "pol1": 0.8372402212197849, "pol2": -0.9073465761685746, "pol3": 0.26768931993015843, "pol4": -0.4834198822801865, "v0s": 6.954921310393191}, "datetime": {"datetime": "2022-04-08 17:24:07", "elapsed": 1375.285067, "delta": 7.747385}}
{"target": 3.2594874786557266, "params": {"Bgrad": 7.597612127532648, "d1": -1.1388877312415766, "d2": 0.9567054844623142, "d3": -2.8297209391148805, "d4": -2.4382345658962525, "p1": 25.40124119977604, "p2": 33.59449312622328, "p3": 2.3247170170991205, "p4": 32.88820249605745, "pol1": -0.8270070243691205, "pol2": 0.429571129286225, "pol3": 0.4525494256172118, "pol4": -0.34315959827178366, "v0s": 3.2594874786557266}, "datetime": {"datetime": "2022-04-08 17:24:19", "elapsed": 1387.844687, "delta": 12.55962}}
{"target": -1.0, "params": {"Bgrad": 6.543111644595612, "d1": -0.5435004718073215, "d2": -2.1875259848330115, "d3": -1.6099066866958327, "d4": -1.6505405242049807, "p1": 27.042362979429512, "p2": 31.970180504425027, "p3": 0.47096274165494, "p4": 30.23106528631574, "pol1": -0.6576076706854379, "pol2": 0.43798272265289984, "pol3": -0.3735983234398783, "pol4": 0.32282188779142906, "v0s": 5.967826014961343}, "datetime": {"datetime": "2022-04-08 17:24:27", "elapsed": 1395.958114, "delta": 8.113427}}
{"target": 4.750659580061737, "params": {"Bgrad": 5.635286527447268, "d1": -2.540253232753516, "d2": -0.06167649454737667, "d3": -2.5770443284089493, "d4": -1.7136700722179183, "p1": 5.448670955121493, "p2": 6.793652657506372, "p3": 36.4212162216896, "p4": 27.86828598824188, "pol1": -0.7809027045042551, "pol2": -0.9177908736794889, "pol3": -0.8494544209067341, "pol4": 0.6281896999238377, "v0s": 4.750659580061737}, "datetime": {"datetime": "2022-04-08 17:24:37", "elapsed": 1405.302295, "delta": 9.344181}}
{"target": -1.0, "params": {"Bgrad": 4.627975678865422, "d1": -0.9229456037042274, "d2": -1.9496915447122203, "d3": -2.9631836416607302, "d4": -1.2676660392788173, "p1": 1.7810142791656935, "p2": 6.132875485949107, "p3": 38.23431649224988, "p4": 15.676061056167612, "pol1": 0.34483785955002255, "pol2": 0.2505767853879195, "pol3": -0.7029188447717147, "pol4": 0.4268261618658562, "v0s": 5.20721017846757}, "datetime": {"datetime": "2022-04-08 17:24:47", "elapsed": 1415.799435, "delta": 10.49714}}
{"target": -1.0, "params": {"Bgrad": 7.529952085630099, "d1": -1.142855008658148, "d2": -0.7044085963307434, "d3": -1.423280435914967, "d4": -0.28088035153228885, "p1": 10.772667838853438, "p2": 7.415589308323267, "p3": 35.19671240785657, "p4": 30.714115212474113, "pol1": 0.4433471511187592, "pol2": -0.865702327589418, "pol3": -0.6542929476705353, "pol4": 0.012806232728396205, "v0s": 4.118375849893006}, "datetime": {"datetime": "2022-04-08 17:25:10", "elapsed": 1438.273347, "delta": 22.473912}}
{"target": 3.725558512951096, "params": {"Bgrad": 9.378882544613584, "d1": -2.7752234073369966, "d2": -2.1038164350479716, "d3": -2.253250265052994, "d4": -1.7286476918755853, "p1": 9.802429994722889, "p2": 5.17725044971643, "p3": 38.23692656934841, "p4": 29.715630588473118, "pol1": -0.6775301161694929, "pol2": -0.7238724871669786, "pol3": -0.17756390205161532, "pol4": 0.6772495449743925, "v0s": 3.725558512951096}, "datetime": {"datetime": "2022-04-08 17:25:17", "elapsed": 1445.589798, "delta": 7.316451}}
{"target": -1.0, "params": {"Bgrad": 8.083886544150662, "d1": -1.4669198365989642, "d2": -2.0298233367991054, "d3": -2.269872796500375, "d4": -0.015551957113740578, "p1": 9.261112649209213, "p2": 4.900483824597296, "p3": 40.945129834398074, "p4": 29.615026641620346, "pol1": 0.5629473869157602, "pol2": -0.39134750295722975, "pol3": 0.8203649071630332, "pol4": -0.22653760038800352, "v0s": 4.236088034769097}, "datetime": {"datetime": "2022-04-08 17:25:27", "elapsed": 1455.885272, "delta": 10.295474}}
{"target": 3.421990046105866, "params": {"Bgrad": 4.698487552502964, "d1": -1.3277228840812776, "d2": -0.688035580787163, "d3": -2.513346472651243, "d4": -2.640973451642213, "p1": 7.154633268888233, "p2": 9.425676048133225, "p3": 38.14270675551757, "p4": 28.097381628772833, "pol1": 0.5896729339795541, "pol2": 0.11594229870919759, "pol3": -0.516523701794634, "pol4": 0.14341373682606062, "v0s": 3.421990046105866}, "datetime": {"datetime": "2022-04-08 17:25:35", "elapsed": 1463.922782, "delta": 8.03751}}
{"target": 4.6554501512211335, "params": {"Bgrad": 10.932277945650286, "d1": -0.9223062969087295, "d2": -0.5995830925476673, "d3": -2.3017369787910646, "d4": -1.7843934600475766, "p1": 11.58014763244028, "p2": 4.207539517845399, "p3": 36.97747206400582, "p4": 29.05424020002188, "pol1": -0.3978404957336985, "pol2": 0.563671464059986, "pol3": -0.34472131366204706, "pol4": -0.14503595646027234, "v0s": 4.6554501512211335}, "datetime": {"datetime": "2022-04-08 17:25:49", "elapsed": 1478.133786, "delta": 14.211004}}
{"target": -1.0, "params": {"Bgrad": 10.036745813192395, "d1": -1.874621565385898, "d2": -0.49526579213911015, "d3": -1.442137149526054, "d4": 0.5029536761265101, "p1": 9.782470195507614, "p2": 5.173466658529785, "p3": 36.69892117269302, "p4": 30.19323182250967, "pol1": -0.1903843835935186, "pol2": -0.8380954462304251, "pol3": -0.08325132517407363, "pol4": 0.7612269799072722, "v0s": 7.502249866444689}, "datetime": {"datetime": "2022-04-08 17:26:00", "elapsed": 1488.292625, "delta": 10.158839}}
{"target": -1.0, "params": {"Bgrad": 17.06667638224125, "d1": -1.877471452212009, "d2": 0.05082625228319371, "d3": 0.607885046234832, "d4": -1.9345364225236161, "p1": 4.604200328481673, "p2": 41.003125409348215, "p3": 15.501809932851701, "p4": 34.20397138818941, "pol1": -0.7281039423322342, "pol2": -0.3191035126079176, "pol3": -0.2022452655845477, "pol4": 0.519367973720249, "v0s": 3.01282881287015}, "datetime": {"datetime": "2022-04-08 17:26:11", "elapsed": 1499.399927, "delta": 11.107302}}
{"target": 4.594432615070055, "params": {"Bgrad": 3.0043259309970702, "d1": -2.6838062335087933, "d2": -2.9834658075767027, "d3": -2.770721483952827, "d4": -1.2525802472568381, "p1": 4.944949191387363, "p2": 2.259281716976002, "p3": 38.25916438792962, "p4": 19.54577432754178, "pol1": 0.3177487573008027, "pol2": -0.0023428843657957187, "pol3": 0.011580204493313644, "pol4": 0.09710114646273366, "v0s": 4.594432615070055}, "datetime": {"datetime": "2022-04-08 17:26:23", "elapsed": 1511.214339, "delta": 11.814412}}
{"target": -1.0, "params": {"Bgrad": 18.24779007931122, "d1": -2.7422290755274923, "d2": -2.559259451154117, "d3": 0.1211787369844547, "d4": -1.4342529963779074, "p1": 8.224121546772551, "p2": 45.80387710299319, "p3": 16.376130901868045, "p4": 37.636778415312115, "pol1": 0.3792435506915404, "pol2": 0.8000734837214069, "pol3": 0.21132722156382935, "pol4": 0.6461216163419643, "v0s": 3.5225288083288215}, "datetime": {"datetime": "2022-04-08 17:26:45", "elapsed": 1533.377083, "delta": 22.162744}}
{"target": -1.0, "params": {"Bgrad": 7.367572182331156, "d1": -2.2525165921200143, "d2": -1.0750833247227884, "d3": -1.18109088027733, "d4": -2.0615541098297396, "p1": 5.826198798656657, "p2": 7.819829504987663, "p3": 37.16141876019686, "p4": 27.484731732843, "pol1": 0.9761938239239243, "pol2": -0.2770179340213621, "pol3": -0.6390108524019709, "pol4": -0.6567094420488262, "v0s": 7.999186986868706}, "datetime": {"datetime": "2022-04-08 17:26:57", "elapsed": 1545.236376, "delta": 11.859293}}
{"target": 4.165302893010612, "params": {"Bgrad": 3.385671798445653, "d1": -1.114970098057634, "d2": -0.2903126522780415, "d3": -2.8698157914934566, "d4": -0.35736427979191854, "p1": 3.795917340548244, "p2": 5.014701910002733, "p3": 41.817576739702, "p4": 21.93909510859205, "pol1": -0.5896872935985378, "pol2": 0.13427164120681367, "pol3": -0.1456949506086742, "pol4": 0.1211533978035153, "v0s": 4.165302893010612}, "datetime": {"datetime": "2022-04-08 17:27:07", "elapsed": 1555.329391, "delta": 10.093015}}
{"target": -1.0, "params": {"Bgrad": 12.438229556807434, "d1": -1.4174905028606362, "d2": 0.5632049883235601, "d3": -0.4766273032716404, "d4": -2.3860344867905128, "p1": 8.700835545194108, "p2": 4.646951827443379, "p3": 36.45653839820906, "p4": 30.41979031269476, "pol1": -0.22630281111486372, "pol2": 0.2518762550976048, "pol3": 0.9749449275999766, "pol4": 0.09454337164879933, "v0s": 6.090272530427514}, "datetime": {"datetime": "2022-04-08 17:27:29", "elapsed": 1577.852171, "delta": 22.52278}}
{"target": -1.0, "params": {"Bgrad": 3.1332729253722587, "d1": -1.2510902361311347, "d2": 0.6993852245704639, "d3": -2.7899370812238304, "d4": -2.2796636520746074, "p1": 9.169355419504166, "p2": 6.26533097572578, "p3": 42.2843090553235, "p4": 28.48089783711089, "pol1": -0.29921735734699806, "pol2": 0.23936051111056345, "pol3": 0.021183941932775063, "pol4": 0.36302548672000934, "v0s": 5.691562359908614}, "datetime": {"datetime": "2022-04-08 17:27:38", "elapsed": 1586.483095, "delta": 8.630924}}
{"target": 4.5295612056626515, "params": {"Bgrad": 5.995353789246936, "d1": -2.385155478206457, "d2": -0.9301367319365922, "d3": -1.773080453290236, "d4": -1.776914753166653, "p1": 9.51640608829329, "p2": 5.6705146950305165, "p3": 39.55163147481528, "p4": 30.238557863014, "pol1": -0.19009254310043802, "pol2": -0.19106842426185117, "pol3": -0.39980319884117343, "pol4": 0.3821897706341016, "v0s": 4.5295612056626515}, "datetime": {"datetime": "2022-04-08 17:27:47", "elapsed": 1595.963747, "delta": 9.480652}}
{"target": 2.631146566775647, "params": {"Bgrad": 6.213932589208301, "d1": -1.8015730676085155, "d2": 0.14480303401912265, "d3": -1.4703379581462053, "d4": -1.7407450623039145, "p1": 6.087975377684423, "p2": 7.253877907580264, "p3": 38.26643407657044, "p4": 30.884873066826042, "pol1": -0.7300050314610647, "pol2": 0.48173019168913456, "pol3": 0.9782232417632231, "pol4": 0.7621742142497376, "v0s": 2.631146566775647}, "datetime": {"datetime": "2022-04-08 17:27:58", "elapsed": 1607.137871, "delta": 11.174124}}
{"target": -1.0, "params": {"Bgrad": 5.582079346027766, "d1": 0.8040572966262731, "d2": -1.4781481055936365, "d3": -2.099299337527493, "d4": -0.2635244171077584, "p1": 7.801534717759878, "p2": 5.381833316806583, "p3": 35.7387767812392, "p4": 28.012701499333748, "pol1": 0.9212086198567788, "pol2": -0.04652220425132092, "pol3": -0.2645932196296612, "pol4": 0.3611518052559981, "v0s": 2.5068850821556197}, "datetime": {"datetime": "2022-04-08 17:28:10", "elapsed": 1618.724891, "delta": 11.58702}}
{"target": -1.0, "params": {"Bgrad": 5.558932306641808, "d1": -1.6120527254745372, "d2": -0.056251765786965, "d3": -1.2151139367659165, "d4": -0.4271428975775531, "p1": 8.041134108513647, "p2": 7.309985979645312, "p3": 38.47257455125499, "p4": 27.364521308341466, "pol1": 0.41381270075746523, "pol2": -0.607508015686721, "pol3": 0.6828418114642403, "pol4": -0.12693421804700744, "v0s": 5.399805255275638}, "datetime": {"datetime": "2022-04-08 17:28:18", "elapsed": 1626.943916, "delta": 8.219025}}
{"target": -1.0, "params": {"Bgrad": 3.460592130616442, "d1": 0.8614888613511269, "d2": 0.19796736235825074, "d3": -1.1925811129219692, "d4": -1.4029525700056356, "p1": 23.36641462635119, "p2": 31.59342014827427, "p3": 0.19565316611205308, "p4": 31.421736332439558, "pol1": -0.21737812324776873, "pol2": -0.6571036799872991, "pol3": -0.21910606333485227, "pol4": 0.2791258425718106, "v0s": 3.1783981342866525}, "datetime": {"datetime": "2022-04-08 17:28:35", "elapsed": 1643.250318, "delta": 16.306402}}
{"target": 4.511207141409378, "params": {"Bgrad": 11.877095188508962, "d1": -0.4716012557004343, "d2": -0.9537634520626934, "d3": -2.8235829662690057, "d4": -2.7610374451072146, "p1": 14.175757766291097, "p2": 4.769568173751781, "p3": 34.537189334256894, "p4": 29.098905008524707, "pol1": -0.12329627210886729, "pol2": 0.3522430517871349, "pol3": 0.1913439647017956, "pol4": 0.5602387132615088, "v0s": 4.511207141409378}, "datetime": {"datetime": "2022-04-08 17:28:55", "elapsed": 1663.950971, "delta": 20.700653}}
{"target": 4.6305664364752, "params": {"Bgrad": 1.743611938755984, "d1": -2.6701927121895555, "d2": -0.3026691865366171, "d3": -1.054133469254194, "d4": 0.5343111528381943, "p1": 5.755528084414924, "p2": 7.704483641823484, "p3": 37.49959250762846, "p4": 28.72054112844481, "pol1": -0.2305515336248436, "pol2": -0.386607293207083, "pol3": 0.5529980095886993, "pol4": 0.8407568515027402, "v0s": 4.6305664364752}, "datetime": {"datetime": "2022-04-08 17:29:09", "elapsed": 1677.900674, "delta": 13.949703}}
{"target": -1.0, "params": {"Bgrad": 7.480237866996131, "d1": -2.957981392383042, "d2": -0.27029672952377304, "d3": 0.07529539093027848, "d4": -1.991595318815702, "p1": 5.691329116477112, "p2": 4.9686575177292855, "p3": 38.301442561272836, "p4": 28.720416363247587, "pol1": 0.7266684649357713, "pol2": -0.9290858544059895, "pol3": -0.3137210060013793, "pol4": 0.39649536760922843, "v0s": 3.3501787271294927}, "datetime": {"datetime": "2022-04-08 17:29:19", "elapsed": 1688.140297, "delta": 10.239623}}
{"target": 3.4973389221472555, "params": {"Bgrad": 14.89561762749108, "d1": -0.6879389838841163, "d2": -0.7605745027241069, "d3": -0.7825258797252581, "d4": -2.706079426474582, "p1": 13.686106314339058, "p2": 5.486275653431866, "p3": 33.826005031020514, "p4": 27.7408485482528, "pol1": -0.6248654700260496, "pol2": 0.1118585944608903, "pol3": -0.6559928855132975, "pol4": 0.4198864903683157, "v0s": 3.4973389221472555}, "datetime": {"datetime": "2022-04-08 17:29:35", "elapsed": 1703.38055, "delta": 15.240253}}
{"target": -1.0, "params": {"Bgrad": 2.5118376464293397, "d1": -0.3829474391329213, "d2": -2.477027357273782, "d3": -1.4200328914829337, "d4": -2.2604594795831328, "p1": 2.3577999092885324, "p2": 6.0967102924217365, "p3": 36.64543641526287, "p4": 29.38285027905642, "pol1": 0.11893212632826478, "pol2": -0.7879396828894691, "pol3": -0.07149538906291086, "pol4": 0.46815842804312036, "v0s": 6.468361661670097}, "datetime": {"datetime": "2022-04-08 17:29:41", "elapsed": 1710.102577, "delta": 6.722027}}
{"target": 4.323660486475946, "params": {"Bgrad": 6.9990874194958, "d1": -2.503353182968735, "d2": -1.1698161202620727, "d3": -1.9985263609660935, "d4": -1.5997317328376013, "p1": 9.529739263314264, "p2": 5.270413563953551, "p3": 38.71045995615908, "p4": 30.165913088494076, "pol1": -0.2789480473872637, "pol2": -0.18924454837068228, "pol3": -0.1603284894383603, "pol4": 0.6876580813795584, "v0s": 4.323660486475946}, "datetime": {"datetime": "2022-04-08 17:29:50", "elapsed": 1718.96189, "delta": 8.859313}}
{"target": 3.9344628567869533, "params": {"Bgrad": 4.7327154965227685, "d1": -2.3357214833170556, "d2": -0.4444890588037951, "d3": -2.7005552199872507, "d4": 0.14356722452187798, "p1": 0.7976173333514358, "p2": 2.3864118980898463, "p3": 41.39988326287715, "p4": 19.583070959720523, "pol1": 0.6732447272847149, "pol2": 0.47185982672702353, "pol3": -0.841248642304107, "pol4": 0.6687410095126278, "v0s": 3.9344628567869533}, "datetime": {"datetime": "2022-04-08 17:30:00", "elapsed": 1729.163614, "delta": 10.201724}}
{"target": -1.0, "params": {"Bgrad": 10.363714379615601, "d1": -2.9062059174925885, "d2": -3.0, "d3": -2.907338969136765, "d4": -2.5912309978139336, "p1": 5.848784237550464, "p2": 11.040874653455944, "p3": 36.658351555966874, "p4": 27.24316322484447, "pol1": -0.9217940899357878, "pol2": -0.677451931811131, "pol3": 1.0, "pol4": 0.16526213568954204, "v0s": 2.9748475773213974}, "datetime": {"datetime": "2022-04-08 17:30:15", "elapsed": 1743.530203, "delta": 14.366589}}
{"target": -1.0, "params": {"Bgrad": 16.16168517122631, "d1": -1.3904299205690567, "d2": 0.6187446413744921, "d3": -2.8517558081838565, "d4": 0.09549737088167465, "p1": 6.282069056886941, "p2": 30.925678345604275, "p3": 0.518213066761597, "p4": 26.931364128817346, "pol1": -0.9939640867608073, "pol2": 0.902387570980409, "pol3": 0.8108040674055561, "pol4": 0.5919338838845387, "v0s": 7.491645919488725}, "datetime": {"datetime": "2022-04-08 17:31:42", "elapsed": 1831.027264, "delta": 87.497061}}
