{"target": 4.606949255667219, "params": {"Bgrad": 1.2172734143604802, "d1": -0.8035988155216378, "d2": 0.26189703507312245, "d3": -2.6015086450279745, "d4": -2.650504239519777, "p1": 42.04569625752961, "p2": 25.087444733092024, "p3": 22.05949441822425, "p4": 4.768050810945468, "pol1": -0.2773218551186376, "pol2": 0.8840158987542426, "pol3": -0.9393030568368197, "pol4": 0.09698557991948564, "v0s": 4.606949255667219}, "datetime": {"datetime": "2022-04-29 16:11:43", "elapsed": 88815.632046, "delta": 12.460682}}
{"target": 4.899887123046325, "params": {"Bgrad": 0.727814121669076, "d1": -2.78346067556272, "d2": 0.7192635439302961, "d3": -1.1387951776710818, "d4": -1.4689169969478746, "p1": 30.094523250496387, "p2": 28.934355392829776, "p3": 9.591279823089874, "p4": 8.126902732476845, "pol1": -0.26455047148087196, "pol2": -0.37736440391788617, "pol3": 0.4007588102643237, "pol4": -0.0427456574085675, "v0s": 4.899887123046325}, "datetime": {"datetime": "2022-04-29 16:12:00", "elapsed": 88832.872948, "delta": 17.240902}}
{"target": -1.0, "params": {"Bgrad": 1.5761298625703954, "d1": -0.7138467487110876, "d2": -1.0245730478490827, "d3": -1.4320630864279305, "d4": -2.805900370556807, "p1": 26.90921147998052, "p2": 6.54556690242642, "p3": 42.497092433019674, "p4": 26.64354981207745, "pol1": 0.3605435526834895, "pol2": -0.9957546724133437, "pol3": 0.9100905090645033, "pol4": -0.26647854965525686, "v0s": 2.4128646142452554}, "datetime": {"datetime": "2022-04-29 16:12:19", "elapsed": 88851.572947, "delta": 18.699999}}
{"target": 3.3453517503812007, "params": {"Bgrad": 0.8539874176872402, "d1": -1.3228282082599758, "d2": -0.46830146328094013, "d3": -1.0661147358604195, "d4": 0.3981039462326552, "p1": 12.496296536012109, "p2": 26.941389066409087, "p3": 17.180962050247107, "p4": 2.7064654543763886, "pol1": -0.25930568578327096, "pol2": -0.91817757658492, "pol3": 0.8233444510600416, "pol4": 0.5413416312129427, "v0s": 3.3453517503812007}, "datetime": {"datetime": "2022-04-29 16:12:31", "elapsed": 88864.4934, "delta": 12.920453}}
{"target": 4.482102593578936, "params": {"Bgrad": 0.5321990930741547, "d1": -1.6448241800785461, "d2": 0.41793214356492614, "d3": -0.5295679962174948, "d4": -0.0347032886968357, "p1": 26.09815520546841, "p2": 22.700406430817715, "p3": 9.185715379511644, "p4": 31.717080627683526, "pol1": 0.25000730795095927, "pol2": 0.022773975918124245, "pol3": 0.22675909975275865, "pol4": 0.817387079348129, "v0s": 4.482102593578936}, "datetime": {"datetime": "2022-04-29 16:12:54", "elapsed": 88887.035127, "delta": 22.541727}}
{"target": -1.0, "params": {"Bgrad": 1.3277365008418034, "d1": -1.3319306427538065, "d2": -0.4685821582725569, "d3": 0.8802939066581295, "d4": -0.19781356993802657, "p1": 7.137651767960518, "p2": 32.68254509740543, "p3": 24.02754031881936, "p4": 43.3529398475699, "pol1": 0.037566628845890904, "pol2": -0.2353926666610826, "pol3": -0.5987414432724238, "pol4": 0.0028888885554736454, "v0s": 5.590649232999984}, "datetime": {"datetime": "2022-04-29 16:13:14", "elapsed": 88906.650679, "delta": 19.615552}}
{"target": -1.0, "params": {"Bgrad": 0.8038101438353709, "d1": -0.7215852153034596, "d2": 0.22694459875816309, "d3": 0.8372005702373762, "d4": -2.8947348402088737, "p1": 45.8290060700916, "p2": 35.221330756362846, "p3": 18.198016029606457, "p4": 28.798004981053165, "pol1": -0.705050314596011, "pol2": 0.14419324204666428, "pol3": 0.9314764219045393, "pol4": 0.3245133244967864, "v0s": 4.367764956353404}, "datetime": {"datetime": "2022-04-29 16:13:45", "elapsed": 88937.795404, "delta": 31.144725}}
{"target": -1.0, "params": {"Bgrad": 1.3731327791402317, "d1": 0.5073748892787404, "d2": -0.436001287692386, "d3": -1.4286071406133432, "d4": 0.3125880073630629, "p1": 10.004492444606349, "p2": 28.127285622176252, "p3": 14.843140581090186, "p4": 3.3667553865734834, "pol1": 0.1965508996936649, "pol2": 0.5573070039619554, "pol3": -0.7591266959087972, "pol4": 0.5106519121976476, "v0s": 2.9147240056067916}, "datetime": {"datetime": "2022-04-29 16:14:35", "elapsed": 88987.884475, "delta": 50.089071}}
{"target": -1.0, "params": {"Bgrad": 1.1259525542304587, "d1": -1.7574669917367203, "d2": 0.871255204568151, "d3": -1.0293122072363095, "d4": -2.5643552098412723, "p1": 3.243752752372914, "p2": 4.949843112905955, "p3": 24.388278800560432, "p4": 17.664826825358464, "pol1": -0.11606841109249477, "pol2": 0.18586875309746098, "pol3": 0.6201045826347926, "pol4": 0.6893173818839866, "v0s": 5.783290407171093}, "datetime": {"datetime": "2022-04-29 16:15:13", "elapsed": 89025.771173, "delta": 37.886698}}
{"target": 3.3617773657366317, "params": {"Bgrad": 1.564153703346537, "d1": -1.7205721348872367, "d2": -0.34992448111239316, "d3": -0.09756010507583035, "d4": 0.16918751303816126, "p1": 26.82309842034082, "p2": 7.812335395328401, "p3": 31.2155828185948, "p4": 29.914058203443677, "pol1": -0.7610117217229586, "pol2": 0.7674705501761057, "pol3": -0.2285469780791638, "pol4": -0.8708768192527543, "v0s": 3.3617773657366317}, "datetime": {"datetime": "2022-04-29 16:15:26", "elapsed": 89039.334906, "delta": 13.563733}}
{"target": -1.0, "params": {"Bgrad": 1.5965380196619214, "d1": -2.4699555623616942, "d2": -1.4683747043217843, "d3": 0.5682165737115628, "d4": 0.8044467549895904, "p1": 42.24498445587423, "p2": 7.667037668140847, "p3": 15.293613064196986, "p4": 4.4695374726537285, "pol1": -0.4691730294286385, "pol2": 0.20516456942539985, "pol3": -0.29240862146705715, "pol4": 0.6617437222435152, "v0s": 5.194560710855142}, "datetime": {"datetime": "2022-04-29 16:15:49", "elapsed": 89062.34538, "delta": 23.010474}}
{"target": -1.0, "params": {"Bgrad": 1.8959627313607474, "d1": -2.809945594078634, "d2": -0.9214383863679685, "d3": 0.059861362489149084, "d4": -0.19725606876445578, "p1": 13.060153259451873, "p2": 40.926174152897055, "p3": 7.29789055062478, "p4": 21.977512585359772, "pol1": 0.03149589086069904, "pol2": -0.3082348861840871, "pol3": -0.11780718596058071, "pol4": -0.563134487009558, "v0s": 2.064366973181045}, "datetime": {"datetime": "2022-04-29 16:16:12", "elapsed": 89084.63179, "delta": 22.28641}}
{"target": -1.0, "params": {"Bgrad": 0.6537788977000213, "d1": -2.336929754125766, "d2": 0.002068709530982371, "d3": -1.693702429091556, "d4": -2.9255921023594045, "p1": 15.770382836272546, "p2": 37.048254444796655, "p3": 3.007097680941823, "p4": 31.46025083163807, "pol1": -0.8453047941373448, "pol2": -0.5208120722088767, "pol3": -0.8542635727081893, "pol4": 0.8055903933881543, "v0s": 6.1301614710558265}, "datetime": {"datetime": "2022-04-29 16:16:27", "elapsed": 89100.233076, "delta": 15.601286}}
{"target": -1.0, "params": {"Bgrad": 1.4757148558276751, "d1": -1.4627455751580625, "d2": 0.8361208448744426, "d3": -1.6117964329778824, "d4": -1.3100970131041971, "p1": 39.43382757866686, "p2": 22.102612447258586, "p3": 42.58182391453294, "p4": 48.76692322694785, "pol1": 0.5930728169817949, "pol2": 0.42895647627984324, "pol3": -0.2117549419947915, "pol4": -0.326657795804824, "v0s": 4.6269760936020035}, "datetime": {"datetime": "2022-04-29 16:16:47", "elapsed": 89120.100954, "delta": 19.867878}}
{"target": -1.0, "params": {"Bgrad": 1.270187133378987, "d1": -1.3525391071411375, "d2": 0.810963445283571, "d3": -2.0248391150156495, "d4": 0.7749569657117314, "p1": 23.972899708570893, "p2": 24.983226585003898, "p3": 13.594907325441502, "p4": 36.40114444028082, "pol1": 0.49307143247185237, "pol2": 0.9403518198465544, "pol3": -0.04470433821466746, "pol4": 0.8341969946428711, "v0s": 2.534493948581699}, "datetime": {"datetime": "2022-04-29 16:17:27", "elapsed": 89159.844685, "delta": 39.743731}}
{"target": -1.0, "params": {"Bgrad": 0.6451009148068854, "d1": -1.4016883856946754, "d2": 0.7129051522552214, "d3": -1.4027058687536393, "d4": -2.4193137163400236, "p1": 32.69229182277682, "p2": 14.555746810045145, "p3": 4.302308726179859, "p4": 18.541264080337992, "pol1": 0.020061033231645098, "pol2": 0.41007937615755186, "pol3": -0.6534778836697501, "pol4": 0.7476886547776063, "v0s": 5.9976946692321835}, "datetime": {"datetime": "2022-04-29 16:17:52", "elapsed": 89185.034332, "delta": 25.189647}}
{"target": 3.71004850419705, "params": {"Bgrad": 1.823507702111248, "d1": -0.8286441694343667, "d2": 0.28195806320082495, "d3": -0.8422102242719829, "d4": -1.2513947456728545, "p1": 23.87155864037479, "p2": 26.76171817459413, "p3": 13.458312133744549, "p4": 35.433586477437785, "pol1": -0.061515267549321795, "pol2": -0.18378715154057068, "pol3": 0.3689960275976458, "pol4": 0.12714369579914342, "v0s": 3.71004850419705}, "datetime": {"datetime": "2022-04-29 16:18:17", "elapsed": 89210.137212, "delta": 25.10288}}
{"target": -1.0, "params": {"Bgrad": 0.9064851027180734, "d1": -2.7378204464399603, "d2": -0.27706233570681116, "d3": -1.3395993841792624, "d4": -2.050405441174712, "p1": 36.88579796503726, "p2": 40.57608828333533, "p3": 23.42656917776954, "p4": 21.930641433414316, "pol1": -0.8836657612255518, "pol2": -0.2603324796913489, "pol3": -0.5321837733603221, "pol4": 0.28694289753011026, "v0s": 4.915908078992558}, "datetime": {"datetime": "2022-04-29 16:18:45", "elapsed": 89237.827173, "delta": 27.689961}}
{"target": 4.780169515969054, "params": {"Bgrad": 1.5546662192154226, "d1": -2.2056146359302655, "d2": -0.3818406685389797, "d3": -2.4912821323581107, "d4": -0.7398468748856679, "p1": 23.4198147640037, "p2": 26.271411266992413, "p3": 11.896674937304125, "p4": 38.047047485797094, "pol1": -0.186329119679419, "pol2": -0.9986533778180162, "pol3": 0.13509862200224032, "pol4": -0.2582964717838936, "v0s": 4.780169515969054}, "datetime": {"datetime": "2022-04-29 16:19:02", "elapsed": 89255.002251, "delta": 17.175078}}
{"target": -1.0, "params": {"Bgrad": 1.3632472490614433, "d1": -1.2675364534448943, "d2": 0.8475245500643336, "d3": -1.34856647575422, "d4": -2.0816615432181, "p1": 42.73829226715101, "p2": 25.247293038875473, "p3": 22.45898694317374, "p4": 5.123563433438704, "pol1": 0.08878882766802176, "pol2": 0.4513448702202809, "pol3": 0.7410405240662141, "pol4": -0.2948801708632145, "v0s": 4.672979670566614}, "datetime": {"datetime": "2022-04-29 16:19:30", "elapsed": 89282.925589, "delta": 27.923338}}
{"target": -1.0, "params": {"Bgrad": 1.0450067585352667, "d1": -1.7945850126034792, "d2": 0.1619211729136203, "d3": 0.7198051798772784, "d4": -1.5812233425462696, "p1": 13.891638125253102, "p2": 45.6903659058881, "p3": 32.724300375166564, "p4": 13.70419124034804, "pol1": -0.0174008165027022, "pol2": -0.6497055212628053, "pol3": 0.04764818520017022, "pol4": -0.1279317940848288, "v0s": 5.088139371830794}, "datetime": {"datetime": "2022-04-29 16:19:51", "elapsed": 89303.699044, "delta": 20.773455}}
{"target": 5.578445544318054, "params": {"Bgrad": 1.3026679277718225, "d1": -2.526436990162052, "d2": -0.1730854432211557, "d3": -0.20267226393336601, "d4": -0.2701730859172371, "p1": 14.601840892515572, "p2": 37.27407991833302, "p3": 0.8371327026795106, "p4": 30.37104630782419, "pol1": 0.36237429557463985, "pol2": -0.41946278357934563, "pol3": 0.18733518702824514, "pol4": 0.7372739506628356, "v0s": 5.578445544318054}, "datetime": {"datetime": "2022-04-29 16:20:12", "elapsed": 89324.621103, "delta": 20.922059}}
{"target": 4.489177276543904, "params": {"Bgrad": 1.1881430936449329, "d1": -0.9097823259391951, "d2": 0.8844068217162615, "d3": -2.5446349453235575, "d4": -1.384915875230253, "p1": 12.690572283191381, "p2": 21.525060842156346, "p3": 34.8459397987743, "p4": 34.31649768875331, "pol1": -0.4242574511000117, "pol2": 0.9824250282059661, "pol3": -0.5089691578852364, "pol4": 0.7158014279008167, "v0s": 4.489177276543904}, "datetime": {"datetime": "2022-04-29 16:20:25", "elapsed": 89337.83876, "delta": 13.217657}}
{"target": -1.0, "params": {"Bgrad": 1.6508030022258648, "d1": -2.199488136525306, "d2": -1.385584273718643, "d3": -0.5791099038194694, "d4": -0.8655940301108243, "p1": 1.8187829484022089, "p2": 6.722725004942365, "p3": 21.675478639461804, "p4": 16.628066769590838, "pol1": 0.04646519677520122, "pol2": 0.3084401570895594, "pol3": 0.3339377333363185, "pol4": 0.1577098932254244, "v0s": 4.9846219844374495}, "datetime": {"datetime": "2022-04-29 16:20:47", "elapsed": 89359.637475, "delta": 21.798715}}
{"target": -1.0, "params": {"Bgrad": 1.4685796835062548, "d1": -2.3462073718215515, "d2": -1.4979094813595601, "d3": -1.1035614657469108, "d4": -0.4708923859200058, "p1": 14.761535570991125, "p2": 48.20556814907595, "p3": 31.50954124571872, "p4": 14.146669827181713, "pol1": -0.5785541334259949, "pol2": 0.8196195093625049, "pol3": 0.195582387472778, "pol4": -0.30822139474386057, "v0s": 2.073910523348003}, "datetime": {"datetime": "2022-04-29 16:21:04", "elapsed": 89377.185555, "delta": 17.54808}}
{"target": -1.0, "params": {"Bgrad": 1.8748747860865016, "d1": -0.23334239547351343, "d2": -0.2119688101315238, "d3": -1.9601527923343207, "d4": -0.497134928788308, "p1": 9.184723837194175, "p2": 35.66003482263787, "p3": 31.674389104503685, "p4": 8.362104460437786, "pol1": -0.38348711028522686, "pol2": -0.09671810948691895, "pol3": 0.8897355547460795, "pol4": 0.9026484022699384, "v0s": 3.3797051917789718}, "datetime": {"datetime": "2022-04-29 16:21:29", "elapsed": 89401.855592, "delta": 24.670037}}
{"target": -1.0, "params": {"Bgrad": 0.9353523951192663, "d1": -2.65802171915251, "d2": -1.9442977691341734, "d3": -1.879036785887171, "d4": -0.8664328960510077, "p1": 22.471702733650268, "p2": 24.650234985646314, "p3": 11.321314497680103, "p4": 36.912325179428215, "pol1": 0.6944377794460554, "pol2": -0.42235625701350554, "pol3": -0.34646943221515336, "pol4": 0.02262340085327974, "v0s": 5.073738127482942}, "datetime": {"datetime": "2022-04-29 16:21:51", "elapsed": 89424.457159, "delta": 22.601567}}
{"target": 4.386188744565172, "params": {"Bgrad": 1.3602114680368587, "d1": -0.4253003997156126, "d2": 0.5356360967448306, "d3": -2.532887381428705, "d4": -1.909732491708536, "p1": 23.495834609258555, "p2": 26.05091434752158, "p3": 11.319285894225356, "p4": 38.573906542127126, "pol1": 0.02725796463324759, "pol2": -0.8061159996293985, "pol3": -0.5770077893065704, "pol4": 0.5040187164491128, "v0s": 4.386188744565172}, "datetime": {"datetime": "2022-04-29 16:22:05", "elapsed": 89438.180465, "delta": 13.723306}}
{"target": -1.0, "params": {"Bgrad": 1.4012825705685228, "d1": -2.347909505497672, "d2": -0.2948516048496139, "d3": -1.910438435258004, "d4": -1.1367692156641973, "p1": 41.21106220698482, "p2": 44.29366749651326, "p3": 33.44518016401927, "p4": 14.68463160736906, "pol1": -0.9674759157693824, "pol2": -0.5778301932103183, "pol3": 0.9972729414169275, "pol4": -0.5913802647748738, "v0s": 2.7132470216236007}, "datetime": {"datetime": "2022-04-29 16:22:18", "elapsed": 89451.353244, "delta": 13.172779}}
{"target": -1.0, "params": {"Bgrad": 1.6469761859530143, "d1": -1.574908650142885, "d2": 0.8423376857521276, "d3": -1.3166933955532754, "d4": -0.8088557623541135, "p1": 42.276241269704876, "p2": 42.62425825317288, "p3": 32.47075108550297, "p4": 17.521290541594535, "pol1": 0.05680975601409499, "pol2": -0.6164899207410315, "pol3": -0.49124341383491865, "pol4": -0.1821008475773056, "v0s": 6.047453950520363}, "datetime": {"datetime": "2022-04-29 16:22:43", "elapsed": 89475.569494, "delta": 24.21625}}
{"target": 4.131293989104151, "params": {"Bgrad": 0.7052607015921378, "d1": -1.1241057877654321, "d2": -0.627880387498116, "d3": -0.49408064466518997, "d4": -2.393983477646826, "p1": 6.08816039318682, "p2": 1.1204423128298446, "p3": 38.51372356168841, "p4": 46.8241767727277, "pol1": 0.8365723705503458, "pol2": 0.25464361700341875, "pol3": -0.43901814461807254, "pol4": 0.06523717851946165, "v0s": 4.131293989104151}, "datetime": {"datetime": "2022-04-29 16:22:54", "elapsed": 89487.397867, "delta": 11.828373}}
{"target": 4.780070751109489, "params": {"Bgrad": 1.18659685590083, "d1": -1.6938305570967203, "d2": 0.0905425336610017, "d3": -1.7913653424480993, "d4": 0.1325272546262797, "p1": 45.506153035269165, "p2": 25.744886538014118, "p3": 21.496731850391733, "p4": 4.542357719574452, "pol1": -0.56442629222349, "pol2": 0.6120914014840624, "pol3": -0.4119583899603997, "pol4": 0.34291340242504453, "v0s": 4.780070751109489}, "datetime": {"datetime": "2022-04-29 16:23:15", "elapsed": 89507.987814, "delta": 20.589947}}
{"target": 3.663420897981494, "params": {"Bgrad": 1.8446652251820026, "d1": -1.0606307823146328, "d2": -0.7463639055823954, "d3": -0.6536309968420069, "d4": -2.5911310692087066, "p1": 6.890260058746856, "p2": 1.2126654715841956, "p3": 38.52321854011457, "p4": 45.98911972473596, "pol1": -0.1353017808472614, "pol2": 0.6205349662278228, "pol3": 0.7819788741054718, "pol4": -0.24599078071770553, "v0s": 3.663420897981494}, "datetime": {"datetime": "2022-04-29 16:23:32", "elapsed": 89524.580448, "delta": 16.592634}}
{"target": -1.0, "params": {"Bgrad": 1.1505053104838847, "d1": -2.8557002251255463, "d2": -0.8151877379588139, "d3": -1.477063824834858, "d4": 0.13273682672121456, "p1": 1.7191843587866573, "p2": 4.219523686914811, "p3": 15.680679632988126, "p4": 18.22965590986019, "pol1": 0.4339503068076844, "pol2": 0.10055103597580595, "pol3": -0.27262538917800727, "pol4": 0.7222537966024827, "v0s": 2.269156746698126}, "datetime": {"datetime": "2022-04-29 16:23:45", "elapsed": 89537.759211, "delta": 13.178763}}
{"target": 4.154483006858339, "params": {"Bgrad": 0.8104669801170326, "d1": -2.626830547493052, "d2": 0.3531975504014144, "d3": -1.6126117081192062, "d4": -0.9390545583747341, "p1": 41.866941873044574, "p2": 42.964059628016045, "p3": 31.54338101810654, "p4": 15.488863220242017, "pol1": -0.27510963417492384, "pol2": -0.39783793134606166, "pol3": 0.9136482799612778, "pol4": 0.0861217148924588, "v0s": 4.154483006858339}, "datetime": {"datetime": "2022-04-29 16:23:57", "elapsed": 89550.02641, "delta": 12.267199}}
{"target": -1.0, "params": {"Bgrad": 1.3990386859586403, "d1": 0.2597048852585577, "d2": 0.4309831192361986, "d3": -1.3625417142126053, "d4": -1.9735830917373156, "p1": 0.6608530091005094, "p2": 30.133271113161996, "p3": 28.85715510916666, "p4": 29.728685899671444, "pol1": -0.31668945283514405, "pol2": -0.28827069665550265, "pol3": -0.6065637440995175, "pol4": -0.17699045762447163, "v0s": 2.097924306215857}, "datetime": {"datetime": "2022-04-29 16:24:21", "elapsed": 89574.436143, "delta": 24.409733}}
{"target": -1.0, "params": {"Bgrad": 1.550696087929664, "d1": -0.9659865984782612, "d2": -0.869751432644231, "d3": -2.025554241305393, "d4": -0.8247964251995867, "p1": 1.4092637114189455, "p2": 33.790758284556425, "p3": 17.917848160834666, "p4": 11.806094669586376, "pol1": 0.4579045608684287, "pol2": 0.5364786670128663, "pol3": -0.24263077370093078, "pol4": 0.4721069152938875, "v0s": 3.368033750705181}, "datetime": {"datetime": "2022-04-29 16:24:46", "elapsed": 89598.901726, "delta": 24.465583}}
{"target": 4.4173053710489505, "params": {"Bgrad": 0.605361349163328, "d1": -1.6070188412924293, "d2": 0.4450021441467835, "d3": -0.3583315840253169, "d4": -0.12484314792785353, "p1": 25.862777229182054, "p2": 22.842647341545018, "p3": 9.246924218746003, "p4": 31.921217879161166, "pol1": 0.07681914254642597, "pol2": -0.012726507583147322, "pol3": 0.29315032820145914, "pol4": 0.7258701887601502, "v0s": 4.4173053710489505}, "datetime": {"datetime": "2022-04-29 16:25:06", "elapsed": 89619.276248, "delta": 20.374522}}
{"target": -1.0, "params": {"Bgrad": 1.3772618755590167, "d1": -0.716383711819728, "d2": -0.8822482731665446, "d3": -2.5024810702305147, "d4": -2.5689245098844142, "p1": 12.63680303461997, "p2": 21.286247842723053, "p3": 34.265101023934314, "p4": 34.672292041858555, "pol1": 0.40415299515015124, "pol2": 0.6606797061362453, "pol3": 0.19885075971141974, "pol4": 0.5044341278305897, "v0s": 3.1932292389858383}, "datetime": {"datetime": "2022-04-29 16:25:34", "elapsed": 89646.601187, "delta": 27.324939}}
{"target": -1.0, "params": {"Bgrad": 0.7008780593927495, "d1": -2.7832832354372905, "d2": 0.9006990169574759, "d3": -1.101275146608717, "d4": -1.4119911660776054, "p1": 30.013118622086363, "p2": 28.998739869918325, "p3": 9.755337351246542, "p4": 8.287867064696831, "pol1": -0.13790547055144667, "pol2": -0.41111778192361886, "pol3": 0.4720177861297036, "pol4": 0.07278373090064594, "v0s": 5.168020862720482}, "datetime": {"datetime": "2022-04-29 16:25:55", "elapsed": 89667.787538, "delta": 21.186351}}
{"target": -1.0, "params": {"Bgrad": 1.7400438699726162, "d1": -1.2130836437989547, "d2": -1.0126022217425001, "d3": -1.353455262881175, "d4": -1.5734723096265815, "p1": 30.389423886423543, "p2": 17.861197607683167, "p3": 2.4062868825711514, "p4": 12.315487969697458, "pol1": 0.8558257756093355, "pol2": -0.5516542480190922, "pol3": -0.05956580522951116, "pol4": 0.6707022845293429, "v0s": 4.237160330897371}, "datetime": {"datetime": "2022-04-29 16:26:17", "elapsed": 89690.221553, "delta": 22.434015}}
{"target": -1.0, "params": {"Bgrad": 1.9150872439815, "d1": -2.170010617239325, "d2": 0.39797557201416645, "d3": 0.8867424293179313, "d4": -1.5392102702393573, "p1": 13.245584912177078, "p2": 39.79350645876092, "p3": 5.335280207667087, "p4": 21.64923508040426, "pol1": -0.15877445919388267, "pol2": 0.32046790975737216, "pol3": 0.6848642500821513, "pol4": 0.8784662170880522, "v0s": 2.914544743892904}, "datetime": {"datetime": "2022-04-29 16:27:45", "elapsed": 89777.541077, "delta": 87.319524}}
{"target": -1.0, "params": {"Bgrad": 0.7359161856337417, "d1": -2.1229675426254953, "d2": -2.6785651449201664, "d3": -1.1415753004270353, "d4": 0.7539506820499882, "p1": 33.852174782737656, "p2": 10.55988382643685, "p3": 21.89283449435723, "p4": 49.978142366435016, "pol1": -0.8947814413952191, "pol2": 0.3382958866123713, "pol3": 0.2939777501151559, "pol4": -0.6677308540645661, "v0s": 2.4718049649903895}, "datetime": {"datetime": "2022-04-29 16:28:06", "elapsed": 89798.594783, "delta": 21.053706}}
