{"target": 5.23495822175833, "params": {"Bgrad": 1.5079678541289283, "d1": -2.0407620762910375, "d2": 0.7983869333972994, "d3": -1.5117219945196156, "d4": -2.458994326138023, "p1": 5.769179868384846, "p2": 12.880980445840903, "p3": 35.21969692490448, "p4": 2.7605027745375117, "pol1": -0.501741659713601, "pol2": -0.27945685205927856, "pol3": -0.6159132449317085, "pol4": 0.9522262302680431, "v0s": 5.23495822175833}, "datetime": {"datetime": "2022-04-29 22:32:33", "elapsed": 111665.741033, "delta": 25.599551}}
{"target": -1.0, "params": {"Bgrad": 1.4209536696347196, "d1": -2.0193898752552992, "d2": 0.6414052445884821, "d3": -1.8604578913497436, "d4": -0.9788731331355511, "p1": 21.673438881467106, "p2": 23.64802577099899, "p3": 8.35800357696987, "p4": 35.29922402007951, "pol1": 0.03516199812577869, "pol2": -0.3532324638147979, "pol3": 0.9886154146451371, "pol4": -0.7607364953121247, "v0s": 5.864883101162457}, "datetime": {"datetime": "2022-04-29 22:33:08", "elapsed": 111701.04763, "delta": 35.306597}}
{"target": 5.156904853136569, "params": {"Bgrad": 0.9337372258509882, "d1": -1.8952972772368906, "d2": 0.17035181614217265, "d3": -0.4648745356156234, "d4": -1.806180079298953, "p1": 3.9504061476163366, "p2": 14.886246803663544, "p3": 34.54593960552014, "p4": 3.4665891639524773, "pol1": 0.7532519679474745, "pol2": 0.947117831549956, "pol3": -0.9830243386497104, "pol4": 0.6061604526029487, "v0s": 5.156904853136569}, "datetime": {"datetime": "2022-04-29 22:33:28", "elapsed": 111720.712051, "delta": 19.664421}}
{"target": 4.727424636860487, "params": {"Bgrad": 1.5922542454208652, "d1": -0.14847485592342258, "d2": 0.7046139158729847, "d3": -2.232953921037215, "d4": -0.7452185398976985, "p1": 8.457972225686017, "p2": 6.514389369311951, "p3": 28.137706538096552, "p4": 11.8551971470446, "pol1": -0.22131057288593858, "pol2": 0.7369498484116213, "pol3": -0.3453914617921985, "pol4": 0.9460084123272721, "v0s": 4.727424636860487}, "datetime": {"datetime": "2022-04-29 22:34:00", "elapsed": 111752.843138, "delta": 32.131087}}
{"target": 4.824905694310775, "params": {"Bgrad": 1.490874875637717, "d1": -2.715404269555249, "d2": 0.713658953383117, "d3": -1.977780954981851, "d4": -0.38899911369754525, "p1": 14.91894391102122, "p2": 15.352000753556982, "p3": 29.441546390475022, "p4": 35.83763126497307, "pol1": -0.9464374421577577, "pol2": 0.17079371930055176, "pol3": 0.4438056808287165, "pol4": -0.7513772203686766, "v0s": 4.824905694310775}, "datetime": {"datetime": "2022-04-29 22:34:21", "elapsed": 111774.123239, "delta": 21.280101}}
{"target": 5.827334646213882, "params": {"Bgrad": 2.0, "d1": -2.4276602124195525, "d2": -0.2609808185786228, "d3": -0.2130453770097527, "d4": 0.8260997500113723, "p1": 13.184351160507513, "p2": 37.57279961862804, "p3": 19.41950031554022, "p4": 5.4780762830130385, "pol1": -1.0, "pol2": 0.12336481015962839, "pol3": 0.6635848213306322, "pol4": -0.6163279368855256, "v0s": 5.827334646213882}, "datetime": {"datetime": "2022-04-29 22:34:54", "elapsed": 111806.906582, "delta": 32.783343}}
{"target": -1.0, "params": {"Bgrad": 1.1444768817608701, "d1": -1.9585418847312512, "d2": 0.6887143828806508, "d3": 0.0020966095476535607, "d4": -2.2688094946141213, "p1": 3.4079506383541402, "p2": 12.629633030557658, "p3": 35.602063059420544, "p4": 2.102850032416592, "pol1": 0.5769520306426563, "pol2": 0.23868479064976134, "pol3": -0.3546225437334203, "pol4": -0.24033130611635545, "v0s": 4.7949301597704475}, "datetime": {"datetime": "2022-04-29 22:35:27", "elapsed": 111839.56127, "delta": 32.654688}}
{"target": -1.0, "params": {"Bgrad": 1.360321340999102, "d1": -1.957860146497068, "d2": 0.340432272095359, "d3": 0.987200427236361, "d4": -1.6648678819669582, "p1": 2.603415023496586, "p2": 6.761293723761846, "p3": 22.13689650050963, "p4": 17.976753189981338, "pol1": 0.025870335346432016, "pol2": 0.8727204377200948, "pol3": 0.6324183541056891, "pol4": -0.6764164702245528, "v0s": 4.893132703411066}, "datetime": {"datetime": "2022-04-29 22:35:57", "elapsed": 111869.624885, "delta": 30.063615}}
{"target": 3.4743759628302286, "params": {"Bgrad": 1.522387654981857, "d1": -1.3591788145469754, "d2": -2.9121536978015317, "d3": -2.6317762908180558, "d4": -2.5172400615384913, "p1": 24.97455983874578, "p2": 31.76095728058452, "p3": 44.165820640888796, "p4": 45.24486443037498, "pol1": -0.5738927281337051, "pol2": 0.5395060447242638, "pol3": -0.6609935194486039, "pol4": -0.4508842011742844, "v0s": 3.4743759628302286}, "datetime": {"datetime": "2022-04-29 22:36:31", "elapsed": 111904.010943, "delta": 34.386058}}
{"target": 4.660983768246639, "params": {"Bgrad": 1.613979637536427, "d1": -2.1595504411940722, "d2": 0.6628801795190196, "d3": -0.928223297410248, "d4": -2.121975669493837, "p1": 33.23427952152695, "p2": 13.728789662772071, "p3": 4.3894648373683784, "p4": 17.168262740611894, "pol1": -0.14376041812379411, "pol2": 0.3966067809363222, "pol3": 0.8897761302904605, "pol4": -0.1346543204006563, "v0s": 4.660983768246639}, "datetime": {"datetime": "2022-04-29 22:36:57", "elapsed": 111929.85883, "delta": 25.847887}}
{"target": 3.1670483975630543, "params": {"Bgrad": 1.519206643522325, "d1": -2.88598183706017, "d2": -0.738716114316405, "d3": -0.0821690029119945, "d4": -0.22793656390120007, "p1": 45.61583753841743, "p2": 42.69639800510694, "p3": 49.49355298531322, "p4": 31.640498622856537, "pol1": -0.6937958175738076, "pol2": 0.5619693867837524, "pol3": 0.013558872624607648, "pol4": 0.6405537377516903, "v0s": 3.1670483975630543}, "datetime": {"datetime": "2022-04-29 22:37:21", "elapsed": 111954.009257, "delta": 24.150427}}
{"target": -1.0, "params": {"Bgrad": 1.071017285247916, "d1": -2.0524447835847726, "d2": 0.04022008441936819, "d3": -0.6848958558718662, "d4": -1.1172127668602894, "p1": 15.978474350076121, "p2": 15.884700110720303, "p3": 30.925821317964918, "p4": 35.44583833949866, "pol1": -0.11595793355003359, "pol2": -0.03886339530860998, "pol3": 0.4374078638164021, "pol4": 0.5641019917256802, "v0s": 5.687687699788163}, "datetime": {"datetime": "2022-04-29 22:37:47", "elapsed": 111979.769379, "delta": 25.760122}}
{"target": -1.0, "params": {"Bgrad": 1.03468906418403, "d1": -1.564569255552581, "d2": -1.3230866246549904, "d3": -2.605745430394305, "d4": -0.6684496983477484, "p1": 6.713528866636132, "p2": 34.82453049978189, "p3": 34.06195960631537, "p4": 6.35843301081186, "pol1": -0.3388192255727025, "pol2": -0.6173319178672412, "pol3": 0.1615612990292914, "pol4": -0.6402499432732696, "v0s": 4.573821357284833}, "datetime": {"datetime": "2022-04-29 22:38:12", "elapsed": 112005.493597, "delta": 25.724218}}
{"target": 4.770681615585182, "params": {"Bgrad": 0.9058393622527743, "d1": -1.5188544312815355, "d2": -0.15491744136662228, "d3": -1.2256133654434982, "d4": -1.8965043972371218, "p1": 6.511106369190567, "p2": 0.49778387514824507, "p3": 38.85196756702269, "p4": 46.41684062192428, "pol1": 0.34836574809005155, "pol2": -0.6123213156120753, "pol3": -0.16159172108165626, "pol4": 0.07940986956520667, "v0s": 4.770681615585182}, "datetime": {"datetime": "2022-04-29 22:38:56", "elapsed": 112049.135906, "delta": 43.642309}}
{"target": -1.0, "params": {"Bgrad": 1.311790782762746, "d1": -2.8664502505919325, "d2": 0.9114870212369679, "d3": -1.4522680141255822, "d4": -2.185798992604051, "p1": 8.489251506003365, "p2": 12.373256097825253, "p3": 33.76277676574153, "p4": 3.4435373141033008, "pol1": 0.05650753920223339, "pol2": 0.7816160459645125, "pol3": -0.27187634678717587, "pol4": 0.1338439688791111, "v0s": 4.624292798241079}, "datetime": {"datetime": "2022-04-29 22:39:30", "elapsed": 112082.604417, "delta": 33.468511}}
{"target": 5.972731355157692, "params": {"Bgrad": 0.5140779885801653, "d1": -2.4665303950398068, "d2": -0.5866841537744705, "d3": 0.20937057916007928, "d4": 0.3287442960758953, "p1": 3.6883397125053783, "p2": 8.997649058855545, "p3": 21.755858958921586, "p4": 17.940130378831835, "pol1": -0.820275629734857, "pol2": 0.7493259733336448, "pol3": -0.24115730133761226, "pol4": -0.07423225767240615, "v0s": 5.972731355157692}, "datetime": {"datetime": "2022-04-29 22:39:51", "elapsed": 112104.444021, "delta": 21.839604}}
{"target": -1.0, "params": {"Bgrad": 0.7570659162734192, "d1": -0.4414416731832036, "d2": -1.4392735292013588, "d3": -0.5888679093527247, "d4": 0.5870928683607581, "p1": 25.211308612028326, "p2": 29.015412700823507, "p3": 23.889307278276632, "p4": 3.856443229851514, "pol1": -0.4639868733353092, "pol2": -0.5544172123030009, "pol3": -0.6345327322402043, "pol4": 0.1082522321271775, "v0s": 3.781910945384816}, "datetime": {"datetime": "2022-04-29 22:40:33", "elapsed": 112146.409813, "delta": 41.965792}}
{"target": 2.6701015973118327, "params": {"Bgrad": 1.8959630794734377, "d1": -0.8457443442341099, "d2": -1.4076889017552547, "d3": -2.745130040615327, "d4": 0.4338946930666161, "p1": 26.92190042013086, "p2": 9.256760614832766, "p3": 9.33620782933287, "p4": 45.73049372752303, "pol1": -0.4195001927803832, "pol2": 0.9180025114169232, "pol3": -0.36490497529133337, "pol4": 0.3803620199678577, "v0s": 2.6701015973118327}, "datetime": {"datetime": "2022-04-29 22:40:57", "elapsed": 112170.300932, "delta": 23.891119}}
{"target": 2.057320798617446, "params": {"Bgrad": 1.6345588121304386, "d1": -2.2080805540973496, "d2": -2.6121171032013875, "d3": -1.4156722740830552, "d4": 0.844664302502128, "p1": 27.202185099282875, "p2": 9.090058840957495, "p3": 37.63862381868563, "p4": 5.06932670140667, "pol1": -0.9187330813645783, "pol2": -0.5500813409191351, "pol3": 0.38754144335988716, "pol4": -0.5841574660410545, "v0s": 2.057320798617446}, "datetime": {"datetime": "2022-04-29 22:41:42", "elapsed": 112215.213843, "delta": 44.912911}}
{"target": -1.0, "params": {"Bgrad": 0.7517010755206253, "d1": -0.3551475968909479, "d2": -0.43035563532115884, "d3": -1.5643838027544597, "d4": -1.9858648727583446, "p1": 6.749411552574724, "p2": 3.0470775347355206, "p3": 40.2484640069723, "p4": 46.660741324204054, "pol1": 0.7145414448603713, "pol2": -0.9238251504417636, "pol3": -0.08688220586407214, "pol4": 0.35729468730840286, "v0s": 5.0369750565558595}, "datetime": {"datetime": "2022-04-29 22:42:11", "elapsed": 112243.696685, "delta": 28.482842}}
{"target": -1.0, "params": {"Bgrad": 1.0731734841734026, "d1": 0.5810157903272755, "d2": 0.13274620267485648, "d3": -1.919693235064758, "d4": -0.40303788402480034, "p1": 26.932725994453204, "p2": 5.5295901587654015, "p3": 33.13096716436921, "p4": 28.208584839736584, "pol1": -0.9745989596917024, "pol2": -0.7737524804061067, "pol3": 0.09101631016493328, "pol4": -0.9520457008094436, "v0s": 4.806729383765637}, "datetime": {"datetime": "2022-04-29 22:43:15", "elapsed": 112307.738449, "delta": 64.041764}}
{"target": -1.0, "params": {"Bgrad": 1.1120145748788655, "d1": -0.4899977832620803, "d2": 0.5381697730964659, "d3": -1.379077467434608, "d4": -1.7181094932733836, "p1": 15.770173478192206, "p2": 40.804012637549974, "p3": 2.8325397452574563, "p4": 31.1521141340654, "pol1": 0.37750797374885403, "pol2": 0.7279763880900278, "pol3": -0.27960770715826966, "pol4": 0.5829451618844841, "v0s": 4.982889084306547}, "datetime": {"datetime": "2022-04-29 22:43:52", "elapsed": 112344.973889, "delta": 37.23544}}
{"target": -1.0, "params": {"Bgrad": 0.7908472718090753, "d1": -0.04955954125693918, "d2": -0.10746482282634906, "d3": -2.0036452057441254, "d4": -1.1237584829548317, "p1": 28.044159051057203, "p2": 8.855551673370055, "p3": 23.362185009919866, "p4": 27.398459764461077, "pol1": 0.7954172253788798, "pol2": -0.6205677790531168, "pol3": 0.02066373826853596, "pol4": 0.37843501799582535, "v0s": 2.745203406046801}, "datetime": {"datetime": "2022-04-29 22:44:36", "elapsed": 112389.004159, "delta": 44.03027}}
{"target": 2.6291811609885283, "params": {"Bgrad": 1.9228201183581723, "d1": -0.4064937333348535, "d2": -1.5411297206647223, "d3": -2.191193032181523, "d4": -0.41559995323909016, "p1": 23.794640453256083, "p2": 28.60390049792742, "p3": 24.904364574378107, "p4": 5.347678264446793, "pol1": -0.5301954551112036, "pol2": 0.6559275460839544, "pol3": -0.5328114897180347, "pol4": -0.6993849931188496, "v0s": 2.6291811609885283}, "datetime": {"datetime": "2022-04-29 22:45:13", "elapsed": 112425.772847, "delta": 36.768688}}
{"target": -1.0, "params": {"Bgrad": 1.8333648148131616, "d1": -0.8650236245890226, "d2": 0.8547705563776136, "d3": -1.4386552081797528, "d4": -0.4686645995535459, "p1": 1.3642594318249657, "p2": 34.418710980417096, "p3": 17.777237743321106, "p4": 12.53384609244253, "pol1": -0.2599980799184345, "pol2": 0.43793241167921426, "pol3": 0.13865437970120165, "pol4": -0.5788848857062159, "v0s": 5.6033443467669715}, "datetime": {"datetime": "2022-04-29 22:45:44", "elapsed": 112457.332463, "delta": 31.559616}}
{"target": -1.0, "params": {"Bgrad": 0.7070089882966959, "d1": -0.1172625815591739, "d2": 0.7281182154180912, "d3": -0.19190920064285688, "d4": -1.11985326604495, "p1": 27.54365766190487, "p2": 41.42065404341549, "p3": 26.983151592435973, "p4": 21.43163770599482, "pol1": -0.933910497988987, "pol2": -0.35562438730391577, "pol3": 0.4838913312599147, "pol4": -0.8298600877483746, "v0s": 5.69523144604071}, "datetime": {"datetime": "2022-04-29 22:46:13", "elapsed": 112486.522414, "delta": 29.189951}}
{"target": -1.0, "params": {"Bgrad": 0.8806057789859469, "d1": -2.541804283039249, "d2": -1.4737651799899338, "d3": -1.5763442323849532, "d4": -0.6125326711302392, "p1": 47.556038555322786, "p2": 44.54606208283471, "p3": 6.347672632847118, "p4": 21.98425218828938, "pol1": 0.3902541248873208, "pol2": 0.21794193598640943, "pol3": 0.5679409475092776, "pol4": 0.4318490032829967, "v0s": 3.414523884095047}, "datetime": {"datetime": "2022-04-29 22:46:49", "elapsed": 112522.116242, "delta": 35.593828}}
{"target": 4.147525515122306, "params": {"Bgrad": 1.088800019780205, "d1": -1.74963588780984, "d2": -0.06478081176384887, "d3": -2.4066731491659725, "d4": -0.2707744162133072, "p1": 8.399454984278881, "p2": 37.03226399733461, "p3": 33.10040957419167, "p4": 8.967729595436591, "pol1": -0.9097663715489057, "pol2": 0.19699084299299696, "pol3": 0.32806410041401346, "pol4": 0.3077384663146472, "v0s": 4.147525515122306}, "datetime": {"datetime": "2022-04-29 22:47:31", "elapsed": 112564.186754, "delta": 42.070512}}
{"target": 4.524863798989043, "params": {"Bgrad": 1.4658664338191598, "d1": -2.354175068156498, "d2": -0.03599129184742105, "d3": -1.101462229396674, "d4": -0.9030711460508201, "p1": 0.6469936211380998, "p2": 33.88651584879931, "p3": 16.909645574386925, "p4": 10.847921826848271, "pol1": 0.8279865156276738, "pol2": 0.6449487288548814, "pol3": 0.4995408274661922, "pol4": -0.25436121561309766, "v0s": 4.524863798989043}, "datetime": {"datetime": "2022-04-29 22:48:16", "elapsed": 112608.631916, "delta": 44.445162}}
{"target": -1.0, "params": {"Bgrad": 0.8763833674497428, "d1": -0.45864135367208503, "d2": 0.23515023638128252, "d3": 0.21612735126763738, "d4": -1.8022995857247932, "p1": 5.115085057284851, "p2": 14.68813049143094, "p3": 32.173681502264195, "p4": 2.7307407727989172, "pol1": -0.47748874652918527, "pol2": 0.8309352489431339, "pol3": -0.776776328772913, "pol4": -0.7266657469948503, "v0s": 3.245698201927928}, "datetime": {"datetime": "2022-04-29 22:49:12", "elapsed": 112665.346272, "delta": 56.714356}}
{"target": -1.0, "params": {"Bgrad": 0.9986293652064409, "d1": -0.5777954879569451, "d2": -1.7159397871370472, "d3": -0.5520631799007241, "d4": 0.43979326364479077, "p1": 27.387355684022758, "p2": 9.36384568015009, "p3": 9.51806371794604, "p4": 45.672231780387506, "pol1": -0.8663785306736635, "pol2": 0.6831763608778765, "pol3": -0.3968767504192121, "pol4": -0.5174363191976057, "v0s": 2.0010218717827115}, "datetime": {"datetime": "2022-04-29 22:49:35", "elapsed": 112688.184207, "delta": 22.837935}}
{"target": 4.0746021036679485, "params": {"Bgrad": 1.3920008343542516, "d1": -2.9721356462565884, "d2": 0.5896527661852558, "d3": -1.5270313896993017, "d4": -1.24783497937187, "p1": 0.28574819736196244, "p2": 32.23527164470261, "p3": 17.29659762811061, "p4": 11.22152445805577, "pol1": 0.9432715227545108, "pol2": 0.9250689456453294, "pol3": -0.3869579764779574, "pol4": -0.8789426218038014, "v0s": 4.0746021036679485}, "datetime": {"datetime": "2022-04-29 22:50:18", "elapsed": 112731.293939, "delta": 43.109732}}
{"target": 4.72826294935006, "params": {"Bgrad": 1.5067096871861583, "d1": -0.869157895609017, "d2": 0.5987665412886375, "d3": -2.005766459188861, "d4": -2.2361344202816484, "p1": 21.144634946351392, "p2": 24.67787556541674, "p3": 40.953002538531166, "p4": 46.35423281871276, "pol1": -0.6017249794986503, "pol2": 0.6470647998574884, "pol3": 0.8735305794818365, "pol4": 0.8529256493583005, "v0s": 4.72826294935006}, "datetime": {"datetime": "2022-04-29 22:50:51", "elapsed": 112763.938654, "delta": 32.644715}}
{"target": 4.4389949439338965, "params": {"Bgrad": 1.3687619860376952, "d1": -2.7770408655493606, "d2": -1.4903360741506213, "d3": -0.638646536423713, "d4": -0.8306666010732142, "p1": 19.70248514062073, "p2": 14.903530615089899, "p3": 28.276975074333976, "p4": 35.16628157102004, "pol1": -0.9998413473893126, "pol2": -0.3915626840849564, "pol3": 0.4920245636066669, "pol4": -0.9479739635867022, "v0s": 4.4389949439338965}, "datetime": {"datetime": "2022-04-29 22:51:23", "elapsed": 112796.191415, "delta": 32.252761}}
{"target": 4.453645575129661, "params": {"Bgrad": 1.2086097094148232, "d1": -0.9989107473195107, "d2": 0.7144284225630861, "d3": -2.5055391979963684, "d4": -0.06336891541192724, "p1": 21.829238327311955, "p2": 22.696154379933237, "p3": 7.276540839196516, "p4": 32.76963331790344, "pol1": -0.6799240402581106, "pol2": 0.7858324109511665, "pol3": 0.4541585402785451, "pol4": -0.7367072125373759, "v0s": 4.453645575129661}, "datetime": {"datetime": "2022-04-29 22:51:42", "elapsed": 112815.395069, "delta": 19.203654}}
{"target": -1.0, "params": {"Bgrad": 1.8512347316383795, "d1": -1.9116660406031296, "d2": -0.2852439950653536, "d3": -2.6280901518288826, "d4": 0.1695601480517097, "p1": 41.32613807861934, "p2": 44.639818944674346, "p3": 32.73043164101528, "p4": 16.066291672264278, "pol1": 0.6372522936817331, "pol2": 0.8592629460188863, "pol3": 0.5101828141137756, "pol4": -0.03277594325198385, "v0s": 4.52932271531368}, "datetime": {"datetime": "2022-04-29 22:52:12", "elapsed": 112845.424774, "delta": 30.029705}}
{"target": -1.0, "params": {"Bgrad": 1.3238792095086094, "d1": -2.0335536301326793, "d2": -0.1971623624874752, "d3": -2.466042722168816, "d4": -1.4964795102106132, "p1": 40.37923795972757, "p2": 24.958923211316485, "p3": 20.968924296853213, "p4": 6.004843056849108, "pol1": 0.41573186998330125, "pol2": -0.3135028240055133, "pol3": -0.9327328987393309, "pol4": 0.08600335551995708, "v0s": 4.005584650240957}, "datetime": {"datetime": "2022-04-29 22:53:00", "elapsed": 112892.866923, "delta": 47.442149}}
{"target": 4.5386428816274424, "params": {"Bgrad": 1.6208342040190757, "d1": -2.5893670022427453, "d2": -0.1076463453041967, "d3": -0.07425457988590889, "d4": -0.7426879847883998, "p1": 32.35031593014211, "p2": 7.318337693825738, "p3": 6.908577780559916, "p4": 25.700721192724004, "pol1": 0.5898603133808757, "pol2": 0.23993871615079176, "pol3": -0.5417719534424827, "pol4": 0.60564251298583, "v0s": 4.5386428816274424}, "datetime": {"datetime": "2022-04-29 22:53:59", "elapsed": 112952.13545, "delta": 59.268527}}
{"target": 3.252519166974219, "params": {"Bgrad": 1.9565541227870722, "d1": -0.8860296019763433, "d2": -0.3009511949701958, "d3": 0.7104620465442384, "d4": -0.8788055096770414, "p1": 26.988262721362144, "p2": 7.4200119817422285, "p3": 44.35652348797472, "p4": 18.415663630822337, "pol1": -0.2514691131639923, "pol2": 1.0, "pol3": 1.0, "pol4": -1.0, "v0s": 3.252519166974219}, "datetime": {"datetime": "2022-04-29 22:54:25", "elapsed": 112978.017246, "delta": 25.881796}}
{"target": -1.0, "params": {"Bgrad": 1.031067478209913, "d1": -0.19697758670581722, "d2": 0.1199924227049185, "d3": -2.0339311872950394, "d4": 0.73658282985817, "p1": 46.11340836036772, "p2": 24.000018565120868, "p3": 22.072509955840207, "p4": 3.7382708653287855, "pol1": -0.08838585010648581, "pol2": 0.8638590748645292, "pol3": 0.9749287028429863, "pol4": 0.041075051186188594, "v0s": 2.8680002832823286}, "datetime": {"datetime": "2022-04-29 22:55:29", "elapsed": 113041.594253, "delta": 63.577007}}
{"target": -1.0, "params": {"Bgrad": 0.6380394552907817, "d1": -2.068356370637286, "d2": -0.6471480409648271, "d3": -2.1855418930603023, "d4": -1.659852002873178, "p1": 8.76878082357601, "p2": 33.191556826917086, "p3": 22.765946680709188, "p4": 44.166182809740675, "pol1": -0.3334925040464649, "pol2": 0.7193793167683438, "pol3": -0.14067598368038325, "pol4": -0.8571778345868888, "v0s": 4.799324069273123}, "datetime": {"datetime": "2022-04-29 22:55:52", "elapsed": 113064.796215, "delta": 23.201962}}
{"target": 4.31957591370356, "params": {"Bgrad": 1.374288459031021, "d1": -2.601338625167014, "d2": -0.12197970609159915, "d3": -1.4132033684879775, "d4": -1.573928084581589, "p1": 0.33055483236658945, "p2": 34.21245590299724, "p3": 17.074813933702494, "p4": 11.044477524923822, "pol1": 0.900367885305368, "pol2": 0.688479297624513, "pol3": 0.4344557397242042, "pol4": -0.301685377766551, "v0s": 4.31957591370356}, "datetime": {"datetime": "2022-04-29 22:56:22", "elapsed": 113094.59055, "delta": 29.794335}}
{"target": 3.595047013895064, "params": {"Bgrad": 1.9787257514397, "d1": -0.16885519280033456, "d2": -1.5355507810438351, "d3": -1.903787888852634, "d4": -2.584915505965423, "p1": 42.828373992155974, "p2": 27.430996499418992, "p3": 28.98596246759012, "p4": 47.744320002302466, "pol1": -0.14478672063746867, "pol2": -0.2988395719880381, "pol3": 0.32853434298554673, "pol4": 0.555154217822458, "v0s": 3.595047013895064}, "datetime": {"datetime": "2022-04-29 22:56:49", "elapsed": 113121.59335, "delta": 27.0028}}
