{"target": -1.0, "params": {"Bgrad": 1.903045297463886, "d1": -0.39628771775839366, "d2": 0.7850562424716436, "d3": 0.20859267797380765, "d4": -0.4483854240158909, "p1": 4.920978982020097, "p2": 38.00809329099697, "p3": 29.898148125810575, "p4": 45.99538674672652, "pol1": 0.658094195831086, "pol2": 0.3295979916972236, "pol3": 0.4936421663987207, "pol4": -0.45641093897002816, "v0s": 5.5730893229466165}, "datetime": {"datetime": "2022-05-18 03:12:50", "elapsed": 113385.334532, "delta": 43.09374}}
{"target": 5.037340057690709, "params": {"Bgrad": 1.1131724964402392, "d1": -2.0434387243976118, "d2": 0.9729005707476968, "d3": -1.1006694661630982, "d4": -2.6185411183343748, "p1": 1.1537830961539985, "p2": 35.061148336135204, "p3": 30.351960046997306, "p4": 35.85712122755708, "pol1": 0.7011263454295933, "pol2": -0.6531997627767296, "pol3": 0.4385324822196204, "pol4": 0.5101821656924259, "v0s": 5.037340057690709}, "datetime": {"datetime": "2022-05-18 03:13:36", "elapsed": 113431.961823, "delta": 46.627291}}
{"target": 4.7990865495664705, "params": {"Bgrad": 1.3669891039842812, "d1": -3.0, "d2": 0.13160544276709968, "d3": -1.8486237704721395, "d4": 0.12160910220922175, "p1": 26.62594408647058, "p2": 10.227614906401604, "p3": 10.37427236550935, "p4": 25.677491182628223, "pol1": 1.0, "pol2": 0.562108770566982, "pol3": 0.6776124157918142, "pol4": 0.5324645273031581, "v0s": 4.7990865495664705}, "datetime": {"datetime": "2022-05-18 03:14:23", "elapsed": 113478.743698, "delta": 46.781875}}
{"target": 3.0967751243558586, "params": {"Bgrad": 0.5753024887012708, "d1": -2.115114148424917, "d2": -1.3778469935677604, "d3": -2.6702921823513606, "d4": -0.7108571706004492, "p1": 3.67222223452931, "p2": 13.2915086495838, "p3": 39.09154931568527, "p4": 48.84415719586839, "pol1": 0.4379471811313205, "pol2": -0.48427654147888255, "pol3": 0.13676879973195022, "pol4": 0.14075110180581762, "v0s": 3.0967751243558586}, "datetime": {"datetime": "2022-05-18 03:15:12", "elapsed": 113527.429481, "delta": 48.685783}}
{"target": -1.0, "params": {"Bgrad": 0.6116582317243326, "d1": -2.4992203729724216, "d2": -0.0865087875135071, "d3": 0.4265502761755582, "d4": -1.8092154650718277, "p1": 2.0780286801128254, "p2": 30.12088580336472, "p3": 37.36213177786654, "p4": 28.099326847556583, "pol1": -0.37821782838615214, "pol2": -0.35834806195548063, "pol3": -0.19410301356772908, "pol4": -0.5008965005651655, "v0s": 6.060574002400496}, "datetime": {"datetime": "2022-05-18 03:15:57", "elapsed": 113573.09634, "delta": 45.666859}}
{"target": 4.203430707391426, "params": {"Bgrad": 0.5, "d1": -3.0, "d2": -1.1686407918853, "d3": 1.0, "d4": -0.44664054069757175, "p1": 33.25388740098243, "p2": 10.060868254411881, "p3": 7.1860472171650684, "p4": 27.48176594927565, "pol1": 0.07449052081334098, "pol2": -0.5156436929107617, "pol3": 0.009406778101003738, "pol4": 0.06674775706824122, "v0s": 4.203430707391426}, "datetime": {"datetime": "2022-05-18 03:16:39", "elapsed": 113614.789826, "delta": 41.693486}}
{"target": 5.202783654415969, "params": {"Bgrad": 1.1253747044845503, "d1": -2.6581915296219245, "d2": -0.9624909135889367, "d3": -0.41441954729511654, "d4": -2.293031710326994, "p1": 4.368114048528193, "p2": 15.746658600677582, "p3": 38.29583505862708, "p4": 48.275876960708025, "pol1": -0.03438825907509663, "pol2": -1.0, "pol3": -0.2567974695447274, "pol4": -0.5161745504811731, "v0s": 5.202783654415969}, "datetime": {"datetime": "2022-05-18 03:17:33", "elapsed": 113668.816325, "delta": 54.026499}}
{"target": 4.572181852136277, "params": {"Bgrad": 0.7805605152138911, "d1": -3.0, "d2": -0.13164127143316381, "d3": -0.6758879617782654, "d4": -0.30272491045413824, "p1": 33.13239420734496, "p2": 7.384019220437722, "p3": 36.60055664594925, "p4": 28.973186890639266, "pol1": 1.0, "pol2": 0.4149153729638989, "pol3": -0.3706498530013014, "pol4": 0.6692168021239598, "v0s": 4.572181852136277}, "datetime": {"datetime": "2022-05-18 03:18:12", "elapsed": 113707.392148, "delta": 38.575823}}
{"target": 5.093334513965973, "params": {"Bgrad": 1.341003989902393, "d1": -3.0, "d2": 0.2998528380436416, "d3": -1.533736934587824, "d4": -2.8081225994848786, "p1": 33.158413471284995, "p2": 8.709481759843776, "p3": 40.259852879592295, "p4": 35.14587298064606, "pol1": 0.045147880665789765, "pol2": 0.18094332164946295, "pol3": -1.0, "pol4": 0.13362314569918896, "v0s": 5.093334513965973}, "datetime": {"datetime": "2022-05-18 03:19:21", "elapsed": 113777.175505, "delta": 69.783357}}
{"target": 3.8739715714303005, "params": {"Bgrad": 1.7074726427010765, "d1": -2.0546594037323325, "d2": 0.2449851702178858, "d3": -1.1880917634902923, "d4": -1.5591395167597066, "p1": 5.960039761825242, "p2": 41.92203991297776, "p3": 32.791319877382314, "p4": 42.54853896745012, "pol1": 0.5440248899418145, "pol2": -0.40340320510287664, "pol3": 0.3038698566701341, "pol4": 0.062295545763778604, "v0s": 3.8739715714303005}, "datetime": {"datetime": "2022-05-18 03:20:03", "elapsed": 113818.451108, "delta": 41.275603}}
{"target": 4.344005433734283, "params": {"Bgrad": 0.7777350818806162, "d1": -1.350995317292503, "d2": 0.8591846979803281, "d3": -2.809471960828502, "d4": -1.3597071801315002, "p1": 6.384142249661612, "p2": 39.33695515869064, "p3": 29.018801709887303, "p4": 37.00735041885925, "pol1": -0.8104041286881611, "pol2": 0.9055483060555005, "pol3": -0.5725014892546696, "pol4": 0.14020603676965693, "v0s": 4.344005433734283}, "datetime": {"datetime": "2022-05-18 03:21:01", "elapsed": 113876.357231, "delta": 57.906123}}
{"target": 4.459681769769516, "params": {"Bgrad": 1.6784248438187874, "d1": -1.5301702410605285, "d2": 0.07893700204193799, "d3": -2.2641317118809505, "d4": -0.6302618569606695, "p1": 6.888085635543856, "p2": 29.4529489357404, "p3": 38.46828211596732, "p4": 29.707490361429567, "pol1": -0.628401775701207, "pol2": 0.1906473296077713, "pol3": -0.48151530146796073, "pol4": -0.1439101680332202, "v0s": 4.459681769769516}, "datetime": {"datetime": "2022-05-18 03:21:42", "elapsed": 113917.829308, "delta": 41.472077}}
{"target": -1.0, "params": {"Bgrad": 0.6909242608422955, "d1": -1.6766214595727318, "d2": -2.97943301405649, "d3": 0.024058361743735154, "d4": -0.1691181608475347, "p1": 39.9748789781628, "p2": 41.94758807350168, "p3": 9.33375094642936, "p4": 45.32601283473314, "pol1": 0.14576120166658108, "pol2": 0.46025333708545335, "pol3": 0.11145543685617144, "pol4": 0.747366258614981, "v0s": 3.747521985439438}, "datetime": {"datetime": "2022-05-18 03:22:26", "elapsed": 113962.060007, "delta": 44.230699}}
{"target": -1.0, "params": {"Bgrad": 1.0160933187459642, "d1": -2.090808390541351, "d2": 1.0, "d3": -1.6714007662488992, "d4": 0.4795167926723244, "p1": 29.433980151224752, "p2": 30.662252261087936, "p3": 8.287629332786262, "p4": 45.19110989337769, "pol1": 0.5178915039088218, "pol2": 0.18707457662792573, "pol3": 1.0, "pol4": -0.4647348123324771, "v0s": 4.820717794371347}, "datetime": {"datetime": "2022-05-18 03:23:16", "elapsed": 114012.167988, "delta": 50.107981}}
{"target": 4.844911295690554, "params": {"Bgrad": 1.7857270191275865, "d1": -1.8565724981822458, "d2": 0.9903792724073582, "d3": -2.760496700042173, "d4": -2.1658472687754284, "p1": 32.18715601122181, "p2": 10.044901511473142, "p3": 40.6354441238879, "p4": 36.64592651032547, "pol1": -0.19516065654183112, "pol2": -0.5968330272707847, "pol3": -0.3462023318003517, "pol4": 0.034949649136508464, "v0s": 4.844911295690554}, "datetime": {"datetime": "2022-05-18 03:23:54", "elapsed": 114049.555989, "delta": 37.388001}}
{"target": -1.0, "params": {"Bgrad": 0.8179637422393911, "d1": -1.2965719425616462, "d2": -1.7530974855912151, "d3": -0.9448725816947197, "d4": -1.7308776675474418, "p1": 2.3632361603890817, "p2": 7.045452589222368, "p3": 40.11938616414612, "p4": 27.562723716645678, "pol1": -0.6876443042261624, "pol2": -0.31262732984903163, "pol3": -0.5592697764475933, "pol4": -0.9825326282093885, "v0s": 4.526330844798556}, "datetime": {"datetime": "2022-05-18 03:24:59", "elapsed": 114114.998953, "delta": 65.442964}}
{"target": 5.0326388862702345, "params": {"Bgrad": 0.80075759559315, "d1": -2.3741965838655856, "d2": -0.7068108180954069, "d3": -1.1129557842158493, "d4": -2.4144213987647603, "p1": 4.671502293326202, "p2": 16.565291919407393, "p3": 38.10008084441978, "p4": 48.366928814420866, "pol1": 0.7323259857420198, "pol2": -0.07109754104737573, "pol3": -0.4751127330715242, "pol4": 0.23062847056799815, "v0s": 5.0326388862702345}, "datetime": {"datetime": "2022-05-18 03:25:59", "elapsed": 114174.30932, "delta": 59.310367}}
{"target": 3.6989329148558814, "params": {"Bgrad": 1.8499522627769502, "d1": -2.2814265402344214, "d2": 0.6871796171028628, "d3": -2.898446945864254, "d4": -1.51272855519477, "p1": 8.972133493699369, "p2": 26.18059151068257, "p3": 42.46332206762858, "p4": 21.483038884908396, "pol1": 0.6008545232137972, "pol2": 0.12475316379934731, "pol3": -0.11051151866814339, "pol4": 0.10981449425612445, "v0s": 3.6989329148558814}, "datetime": {"datetime": "2022-05-18 03:26:38", "elapsed": 114214.026093, "delta": 39.716773}}
{"target": 4.341565557798501, "params": {"Bgrad": 0.5553007908502888, "d1": -3.0, "d2": 0.5082616661939419, "d3": -2.345498528392916, "d4": -3.0, "p1": 25.66231865302151, "p2": 29.180184111857752, "p3": 6.9862018602032645, "p4": 45.710948671703406, "pol1": 0.2864744215627055, "pol2": -1.0, "pol3": -0.30945192993862747, "pol4": 0.7989252401035745, "v0s": 4.341565557798501}, "datetime": {"datetime": "2022-05-18 03:27:40", "elapsed": 114275.471749, "delta": 61.445656}}
{"target": -1.0, "params": {"Bgrad": 1.5190112674795455, "d1": -0.8645183329806265, "d2": 0.8374471900561296, "d3": -2.2225275189698794, "d4": -0.17084747513451948, "p1": 5.508317986611944, "p2": 30.59954787230027, "p3": 38.322391123017994, "p4": 30.33027752574696, "pol1": -0.9134916730449312, "pol2": 0.9579509927349266, "pol3": 0.876745465422931, "pol4": 0.4555395687453685, "v0s": 2.458020661030136}, "datetime": {"datetime": "2022-05-18 03:28:17", "elapsed": 114312.834816, "delta": 37.363067}}
{"target": 5.053071762464926, "params": {"Bgrad": 1.1428101460766746, "d1": -2.7223060886978168, "d2": 0.433661605986313, "d3": -2.0810991173745057, "d4": -0.3944557256791159, "p1": 2.3415089154174122, "p2": 37.63456883749173, "p3": 41.060888937363906, "p4": 29.610514227143508, "pol1": 0.6351092630436899, "pol2": 0.3141856671875295, "pol3": -0.18170505642033183, "pol4": 0.4818390308850897, "v0s": 5.053071762464926}, "datetime": {"datetime": "2022-05-18 03:29:07", "elapsed": 114363.040535, "delta": 50.205719}}
{"target": 5.237127267396217, "params": {"Bgrad": 2.0, "d1": -3.0, "d2": 0.03427661340040546, "d3": -1.792313725937356, "d4": -3.0, "p1": 31.07541620945207, "p2": 12.919254106653796, "p3": 39.27985205473949, "p4": 25.379437277192867, "pol1": 0.051217978449273754, "pol2": 1.0, "pol3": -1.0, "pol4": 1.0, "v0s": 5.237127267396217}, "datetime": {"datetime": "2022-05-18 03:30:01", "elapsed": 114416.463648, "delta": 53.423113}}
{"target": 4.566234349599131, "params": {"Bgrad": 1.938693671053343, "d1": -0.16896242768102604, "d2": 0.3271025268116744, "d3": -3.0, "d4": -0.13532551978089255, "p1": 22.32917480245034, "p2": 14.441725542392243, "p3": 33.285476606840675, "p4": 22.616982828890066, "pol1": 0.2419213386971248, "pol2": 0.02473060991300467, "pol3": -0.9381397945765224, "pol4": 1.0, "v0s": 4.566234349599131}, "datetime": {"datetime": "2022-05-18 03:30:38", "elapsed": 114453.42878, "delta": 36.965132}}
{"target": 4.872257243975991, "params": {"Bgrad": 2.0, "d1": -3.0, "d2": 0.0015893742206937915, "d3": -1.9482203480784395, "d4": -1.0711225055880655, "p1": 3.9976442689655585, "p2": 38.11049029859351, "p3": 40.207815783943914, "p4": 30.124759189178025, "pol1": 1.0, "pol2": 0.4672806238988493, "pol3": 0.09668492879758456, "pol4": 0.3540929132312981, "v0s": 4.872257243975991}, "datetime": {"datetime": "2022-05-18 03:31:29", "elapsed": 114504.597922, "delta": 51.169142}}
{"target": 3.4251552631139868, "params": {"Bgrad": 1.3187981689121493, "d1": -2.8595681899731553, "d2": 0.9368919798326552, "d3": -0.982748517516121, "d4": -0.8272451753179926, "p1": 10.725470247894714, "p2": 24.713133625237322, "p3": 41.73576080661261, "p4": 21.820525853394674, "pol1": 0.8885406710378436, "pol2": -0.9869010543607968, "pol3": 0.05137426328934325, "pol4": 0.2739513171761747, "v0s": 3.4251552631139868}, "datetime": {"datetime": "2022-05-18 03:32:05", "elapsed": 114540.52393, "delta": 35.926008}}
{"target": 3.657646883059024, "params": {"Bgrad": 1.3335652542648402, "d1": -1.8934865188512107, "d2": -1.7877027367353993, "d3": -0.9593930751459294, "d4": -2.0887190842008136, "p1": 2.934747405108562, "p2": 16.447884615248316, "p3": 40.46008389313135, "p4": 49.74533378141583, "pol1": 0.7016188862081041, "pol2": -0.049498308835941085, "pol3": 0.9889245736735877, "pol4": -0.7812533363828487, "v0s": 3.657646883059024}, "datetime": {"datetime": "2022-05-18 03:33:01", "elapsed": 114596.291772, "delta": 55.767842}}
{"target": 3.5078038539732286, "params": {"Bgrad": 0.9844837943644809, "d1": -2.482207301022319, "d2": 0.0696748678310628, "d3": -0.9323121479317678, "d4": -0.8899437749387217, "p1": 26.290400838644334, "p2": 41.2600375996794, "p3": 28.715547824757365, "p4": 21.00764327139103, "pol1": 0.3066699598474569, "pol2": -1.0, "pol3": -0.5913956666667199, "pol4": -1.0, "v0s": 3.5078038539732286}, "datetime": {"datetime": "2022-05-18 03:33:50", "elapsed": 114645.76844, "delta": 49.476668}}
{"target": 4.064445818949601, "params": {"Bgrad": 1.8187192172774038, "d1": -2.6488020320452565, "d2": -1.0388613410693806, "d3": -2.013586192857761, "d4": -2.567127899491018, "p1": 32.82818864090553, "p2": 8.736178310047649, "p3": 41.80996915989093, "p4": 38.621380990743816, "pol1": 0.9715060687732606, "pol2": -0.9353503592382053, "pol3": 0.4413433520094987, "pol4": -0.6990660131743531, "v0s": 4.064445818949601}, "datetime": {"datetime": "2022-05-18 03:34:27", "elapsed": 114683.015818, "delta": 37.247378}}
{"target": 4.41487126700844, "params": {"Bgrad": 2.0, "d1": -3.0, "d2": 0.4796264249541656, "d3": -2.5594489005623995, "d4": -0.8013963820987771, "p1": 30.394444758547678, "p2": 29.65645455614001, "p3": 8.639331944312552, "p4": 44.25720576915852, "pol1": 0.005607099586135811, "pol2": 0.2578339456657167, "pol3": 1.0, "pol4": -0.5513562407369947, "v0s": 4.41487126700844}, "datetime": {"datetime": "2022-05-18 03:35:27", "elapsed": 114742.664282, "delta": 59.648464}}
{"target": 2.7356177858121775, "params": {"Bgrad": 1.848526810350728, "d1": -2.7281763545401296, "d2": 0.9944303912047965, "d3": -2.880779505673893, "d4": -0.7686194728392852, "p1": 9.903014681611705, "p2": 27.265394433883277, "p3": 40.61171253976627, "p4": 26.4967519111499, "pol1": 0.2889202163512534, "pol2": 0.18151720291471785, "pol3": -0.11489339618067107, "pol4": -0.9011346600465555, "v0s": 2.7356177858121775}, "datetime": {"datetime": "2022-05-18 03:36:18", "elapsed": 114793.249983, "delta": 50.585701}}
{"target": 4.997791327519653, "params": {"Bgrad": 0.7742665023288153, "d1": -2.1235342545602793, "d2": -0.12668341142658068, "d3": -2.2211102449114954, "d4": -2.6721246674570867, "p1": 22.981629514277728, "p2": 31.27529796573132, "p3": 7.380021221308719, "p4": 45.28174308974014, "pol1": -0.8898841655986116, "pol2": 0.37263518768922, "pol3": -0.7275828141813032, "pol4": 0.7613147823245547, "v0s": 4.997791327519653}, "datetime": {"datetime": "2022-05-18 03:37:22", "elapsed": 114857.987834, "delta": 64.737851}}
{"target": -1.0, "params": {"Bgrad": 0.9378247455230375, "d1": -1.1940282509387221, "d2": -0.1771536933347564, "d3": -0.6692508015023817, "d4": -0.190445218505765, "p1": 23.422853300195495, "p2": 38.078818905259716, "p3": 26.517084837596517, "p4": 22.376319011397825, "pol1": -0.4401242534202501, "pol2": -0.8781071791209909, "pol3": -0.9557222388826478, "pol4": 0.5523027889961913, "v0s": 4.345826149111129}, "datetime": {"datetime": "2022-05-18 03:38:25", "elapsed": 114920.780886, "delta": 62.793052}}
{"target": 4.366615436628972, "params": {"Bgrad": 1.8765202444695244, "d1": -1.647542498088201, "d2": -0.7539952855043612, "d3": -1.4053420815807116, "d4": -2.5682334708517502, "p1": 7.882263803901745, "p2": 36.78202746394356, "p3": 44.41023368027345, "p4": 32.18946589104888, "pol1": 0.23361268395947232, "pol2": -0.6935790904216899, "pol3": 0.7100060016451748, "pol4": -0.8665359031881694, "v0s": 4.366615436628972}, "datetime": {"datetime": "2022-05-18 03:39:26", "elapsed": 114981.249155, "delta": 60.468269}}
{"target": 5.0717406751002585, "params": {"Bgrad": 1.4333283111351016, "d1": -2.1921017952967325, "d2": -0.7171716831437087, "d3": -0.41631672294537153, "d4": -2.4749375534948834, "p1": 4.828115829557739, "p2": 16.190412165965565, "p3": 39.5587434009428, "p4": 48.77546132351885, "pol1": 0.773474576012326, "pol2": -0.595398160464711, "pol3": -0.08328729093315367, "pol4": -0.45440858577825727, "v0s": 5.0717406751002585}, "datetime": {"datetime": "2022-05-18 03:40:53", "elapsed": 115068.750123, "delta": 87.500968}}
{"target": 4.4178523601859965, "params": {"Bgrad": 1.3076379450215552, "d1": -2.3394788766157415, "d2": 1.0, "d3": -1.0476826742146261, "d4": -0.29752258144609933, "p1": 40.909270011674465, "p2": 19.947514097235654, "p3": 14.3137965562739, "p4": 12.885204058745863, "pol1": -0.4083294796686098, "pol2": -0.007671844759928995, "pol3": -0.47755427008836393, "pol4": 0.5398292397608486, "v0s": 4.4178523601859965}, "datetime": {"datetime": "2022-05-18 03:41:43", "elapsed": 115118.316551, "delta": 49.566428}}
{"target": -1.0, "params": {"Bgrad": 1.5922284472623878, "d1": -0.7081256105873228, "d2": -0.12381068006568485, "d3": -2.0288901787732008, "d4": -1.3997216120223026, "p1": 5.109451825468502, "p2": 16.17010437109038, "p3": 41.66265357167461, "p4": 49.086931314883074, "pol1": 0.05244806259680934, "pol2": -0.2365282303950429, "pol3": 0.9482185752138739, "pol4": -0.7377375909925128, "v0s": 5.914664981576918}, "datetime": {"datetime": "2022-05-18 03:42:26", "elapsed": 115161.371397, "delta": 43.054846}}
{"target": 4.616817565536942, "params": {"Bgrad": 2.0, "d1": -2.5845735720185035, "d2": -0.7085128807680857, "d3": -3.0, "d4": -0.928262423030968, "p1": 26.914092136073496, "p2": 17.969588189122828, "p3": 50.0, "p4": 37.8691667638458, "pol1": 1.0, "pol2": 1.0, "pol3": 0.9122089828974042, "pol4": 0.6859531647824213, "v0s": 4.616817565536942}, "datetime": {"datetime": "2022-05-18 03:43:43", "elapsed": 115239.131417, "delta": 77.76002}}
{"target": 5.834111669478318, "params": {"Bgrad": 1.7743002676003938, "d1": -1.426441090722844, "d2": 0.9212074696096422, "d3": -2.0239171912022362, "d4": 0.17495031687198592, "p1": 0.03733280303319653, "p2": 34.90831069686562, "p3": 32.40926953917114, "p4": 34.123241812293976, "pol1": 0.18220431391894154, "pol2": 0.9177971076002234, "pol3": -0.015861774618574742, "pol4": -0.5376060690913258, "v0s": 5.834111669478318}, "datetime": {"datetime": "2022-05-18 03:44:23", "elapsed": 115278.56395, "delta": 39.432533}}
{"target": 3.5427308677357248, "params": {"Bgrad": 1.1254225495187002, "d1": -1.4309344020374777, "d2": -1.105372813021416, "d3": -2.272750001215957, "d4": -2.265651833495382, "p1": 8.015910989225306, "p2": 38.95227094223854, "p3": 29.31272588739036, "p4": 40.471306492640736, "pol1": -0.16376590748504327, "pol2": -0.13773069398909477, "pol3": -0.2781834116504329, "pol4": -0.9246442754300559, "v0s": 3.5427308677357248}, "datetime": {"datetime": "2022-05-18 03:45:04", "elapsed": 115319.253121, "delta": 40.689171}}
{"target": -1.0, "params": {"Bgrad": 1.6095761476204498, "d1": -1.8107622842889128, "d2": -0.3512049016919838, "d3": -1.9650674330247413, "d4": -1.3343682090975744, "p1": 33.70427667331551, "p2": 4.718436476226034, "p3": 40.48404734163739, "p4": 32.299288066624854, "pol1": 0.055926091006001544, "pol2": -0.30794701125204527, "pol3": -0.15426144997251412, "pol4": 0.5269859863200212, "v0s": 4.912033236417192}, "datetime": {"datetime": "2022-05-18 03:45:47", "elapsed": 115362.615144, "delta": 43.362023}}
{"target": 4.102213318445149, "params": {"Bgrad": 1.9952755346523368, "d1": -3.0, "d2": 0.7350102722459779, "d3": -2.7263346507048265, "d4": -1.7914912776470382, "p1": 9.844408646943155, "p2": 26.811903330808686, "p3": 43.86322474128118, "p4": 24.1102539376848, "pol1": 0.42034953059312363, "pol2": -0.7237501171684293, "pol3": -0.21794314067273046, "pol4": 0.3150290219762026, "v0s": 4.102213318445149}, "datetime": {"datetime": "2022-05-18 03:47:28", "elapsed": 115463.713743, "delta": 101.098599}}
{"target": -1.0, "params": {"Bgrad": 1.1716842859719685, "d1": -2.6205616708197668, "d2": -0.1501069576552454, "d3": 0.2829044987254643, "d4": 0.6863254691682164, "p1": 6.684839171291657, "p2": 13.780795890323388, "p3": 40.555214092303224, "p4": 48.68281391913141, "pol1": -0.5965693169046735, "pol2": -0.5829448217503139, "pol3": 0.812075006614672, "pol4": -0.017277199873448, "v0s": 5.112303757208245}, "datetime": {"datetime": "2022-05-18 03:48:12", "elapsed": 115508.166848, "delta": 44.453105}}
{"target": 5.2357448463320635, "params": {"Bgrad": 1.318194753008856, "d1": -1.4838617889267556, "d2": 0.7385409618994129, "d3": -2.5065802123767362, "d4": -0.6186253439645266, "p1": 3.8344992268682643, "p2": 38.42841854615446, "p3": 30.28490215732778, "p4": 45.83447452639207, "pol1": -0.519030998389729, "pol2": -0.3950287869740798, "pol3": -0.6415722268421539, "pol4": 0.7675669254328499, "v0s": 5.2357448463320635}, "datetime": {"datetime": "2022-05-18 03:49:10", "elapsed": 115565.646113, "delta": 57.479265}}
{"target": -1.0, "params": {"Bgrad": 1.8184365031856684, "d1": -0.9762451374824272, "d2": -0.05260836658913126, "d3": -1.2601253915865547, "d4": -1.691766632698665, "p1": 23.907316930380624, "p2": 35.077916218308864, "p3": 9.532788724486746, "p4": 47.39668000414523, "pol1": -0.5978533775443988, "pol2": -0.19504766771688264, "pol3": 0.7948395066228475, "pol4": 0.004415667748845609, "v0s": 4.885450772886442}, "datetime": {"datetime": "2022-05-18 03:49:57", "elapsed": 115612.473866, "delta": 46.827753}}
