{"target": -1.0, "params": {"Bgrad": 0.8985427112989428, "d1": -0.10966951481086307, "d2": -0.8552329271447858, "d3": -0.31359436260308593, "d4": -2.7961927556889123, "p1": 22.29006939427395, "p2": 13.333061589400952, "p3": 13.112470917668716, "p4": 46.37786176082663, "pol1": -0.6541371020394442, "pol2": 0.7157542449309013, "pol3": 0.06546621504138761, "pol4": -0.09889865353182614, "v0s": 6.602531014312564}, "datetime": {"datetime": "2022-06-13 03:00:39", "elapsed": 3486.877167, "delta": 8.52621}}
{"target": -1.0, "params": {"Bgrad": 0.689331655970116, "d1": -0.24067213710020807, "d2": -2.806849290777382, "d3": -2.1991862074010733, "d4": -1.4818147113295161, "p1": 41.21316505619784, "p2": 7.009610268363165, "p3": 49.478095803671565, "p4": 22.914351714710847, "pol1": -0.5816355158189821, "pol2": -0.43860382264549025, "pol3": 0.6128581754977842, "pol4": -0.6330756148594161, "v0s": 4.003495090139257}, "datetime": {"datetime": "2022-06-13 03:00:47", "elapsed": 3494.891745, "delta": 8.014578}}
{"target": -1.0, "params": {"Bgrad": 0.8282603517303417, "d1": -0.24773954405621845, "d2": -1.3638860145705056, "d3": -2.928462222845613, "d4": -2.863192287919667, "p1": 45.015569380337034, "p2": 27.040697292065786, "p3": 48.64843473726489, "p4": 43.49613048163133, "pol1": -0.48217601094101914, "pol2": 0.8614922579051933, "pol3": -0.42076286192925605, "pol4": -0.020907310664823875, "v0s": 6.735379188755426}, "datetime": {"datetime": "2022-06-13 03:00:55", "elapsed": 3502.695886, "delta": 7.804141}}
{"target": -1.0, "params": {"Bgrad": 1.198816446247056, "d1": 0.43310945392632005, "d2": -0.6783211952571264, "d3": 0.9167200878326436, "d4": 0.5677711299286945, "p1": 48.372124149467346, "p2": 22.0435098141012, "p3": 12.943776152267983, "p4": 29.335730045993746, "pol1": 0.22868385531218283, "pol2": 0.37226727694112793, "pol3": 0.5400931616207281, "pol4": 0.42740534039914424, "v0s": 2.019656814963733}, "datetime": {"datetime": "2022-06-13 03:01:05", "elapsed": 3512.853736, "delta": 10.15785}}
{"target": -1.0, "params": {"Bgrad": 0.5506713543799324, "d1": -1.8116526812353748, "d2": -0.9888656093744972, "d3": -1.9097491723157236, "d4": -0.504997273679888, "p1": 25.726825289913364, "p2": 33.494206605127424, "p3": 46.20867968134635, "p4": 29.029683588168698, "pol1": 0.9331798834196263, "pol2": 0.3545707279724859, "pol3": 0.7044042096989411, "pol4": -0.962827104741395, "v0s": 4.260684039050577}, "datetime": {"datetime": "2022-06-13 03:01:12", "elapsed": 3519.927828, "delta": 7.074092}}
{"target": -1.0, "params": {"Bgrad": 1.3719959441641374, "d1": 0.7102911251075321, "d2": -1.0117730681633454, "d3": 0.834119079904601, "d4": 0.13684274653966844, "p1": 44.330650698847435, "p2": 47.60534738564429, "p3": 45.9725965627752, "p4": 47.360481754833145, "pol1": 0.806236985718527, "pol2": -0.20745904660607417, "pol3": 0.44754085122623644, "pol4": 0.5802182169170911, "v0s": 6.41781907616591}, "datetime": {"datetime": "2022-06-13 03:01:23", "elapsed": 3530.561406, "delta": 10.633578}}
{"target": -1.0, "params": {"Bgrad": 1.0038977099959698, "d1": 0.1179870909319245, "d2": -2.1415139582610925, "d3": -2.854664079712467, "d4": -0.7383637373060106, "p1": 13.534758197533609, "p2": 13.775948877193889, "p3": 8.010258566560879, "p4": 37.54102834970689, "pol1": 0.07826249381203487, "pol2": 0.9524425749212484, "pol3": 0.3281853567375146, "pol4": 0.033160985851445446, "v0s": 3.5072584143617993}, "datetime": {"datetime": "2022-06-13 03:01:33", "elapsed": 3540.651438, "delta": 10.090032}}
{"target": -1.0, "params": {"Bgrad": 1.5675949415323824, "d1": 0.6305371943408136, "d2": -2.925224969275592, "d3": -1.4038082074260605, "d4": 0.2637137041090334, "p1": 46.63363042268766, "p2": 33.11530655608891, "p3": 32.25733748388688, "p4": 23.098341515314587, "pol1": 0.6184765424605834, "pol2": 0.11288015119370542, "pol3": 0.9362978153623056, "pol4": 0.884085327272236, "v0s": 6.142452678263515}, "datetime": {"datetime": "2022-06-13 03:01:43", "elapsed": 3550.97285, "delta": 10.321412}}
{"target": -1.0, "params": {"Bgrad": 1.7408004877089593, "d1": -1.5419062097764469, "d2": -0.0665356221246638, "d3": -2.230328438345045, "d4": -1.0742164098370424, "p1": 40.17973132155136, "p2": 19.8494105836187, "p3": 8.078701992804493, "p4": 32.44911113243237, "pol1": 0.5066516117887847, "pol2": -0.4396147292538126, "pol3": -0.09727627753519674, "pol4": 0.8008978247721306, "v0s": 7.23191378714551}, "datetime": {"datetime": "2022-06-13 03:05:58", "elapsed": 3805.916429, "delta": 254.943579}}
{"target": -1.0, "params": {"Bgrad": 1.5607814146762733, "d1": -0.636397602038373, "d2": 0.26952908158850253, "d3": 0.6305785843993559, "d4": -2.9899697613283074, "p1": 19.86138831168809, "p2": 28.070484185924077, "p3": 36.69615681424383, "p4": 4.373638109252176, "pol1": -0.20049002463827104, "pol2": -0.44075764110030224, "pol3": -0.15297989378963406, "pol4": -0.004042734653423308, "v0s": 5.960091341156306}, "datetime": {"datetime": "2022-06-13 03:06:09", "elapsed": 3816.917026, "delta": 11.000597}}
{"target": 3.141700896074262, "params": {"Bgrad": 1.2443542084554187, "d1": -0.5181271975792381, "d2": -0.6702405524431096, "d3": -1.2866704078445745, "d4": -2.9800945411549384, "p1": 9.725820692980092, "p2": 16.01033271431444, "p3": 7.348906292746565, "p4": 29.933194080321783, "pol1": 0.22299895331920472, "pol2": 0.00018651919385903604, "pol3": -0.3583021967982709, "pol4": 0.30651610404890883, "v0s": 3.141700896074262}, "datetime": {"datetime": "2022-06-13 03:06:14", "elapsed": 3821.901704, "delta": 4.984678}}
{"target": 2.65841012771394, "params": {"Bgrad": 0.5088214721669424, "d1": -0.06023192526415411, "d2": -1.2259846323842596, "d3": -0.20863337580060648, "d4": -2.259826601452096, "p1": 3.130990099195774, "p2": 18.905429339151063, "p3": 34.7998255222747, "p4": 5.140918372715792, "pol1": -0.6083315326500152, "pol2": -0.09209469918696023, "pol3": 0.24229837938729215, "pol4": 0.5002484961379701, "v0s": 2.65841012771394}, "datetime": {"datetime": "2022-06-13 03:06:19", "elapsed": 3826.719825, "delta": 4.818121}}
{"target": -1.0, "params": {"Bgrad": 1.4369354107334618, "d1": -1.4505579114220768, "d2": -0.3196385250087719, "d3": -2.1857584893523936, "d4": -0.8883248098770755, "p1": 8.608127747796635, "p2": 0.9340502998187672, "p3": 24.347512321197858, "p4": 9.208888828044653, "pol1": 0.276686660006775, "pol2": 0.07314963868086588, "pol3": 0.5498907599954914, "pol4": -0.21408019473159356, "v0s": 7.936712785017518}, "datetime": {"datetime": "2022-06-13 03:06:29", "elapsed": 3836.42289, "delta": 9.703065}}
{"target": -1.0, "params": {"Bgrad": 1.2728220442431106, "d1": -1.084706395258113, "d2": -0.0022301169913214736, "d3": -0.7092468268303382, "d4": -1.5501387307998984, "p1": 24.462239273007107, "p2": 9.456918746942488, "p3": 19.679170714843096, "p4": 1.4980876262024267, "pol1": -0.07494187931559426, "pol2": -0.4510517743928584, "pol3": 0.05343172071723146, "pol4": -0.941455757193775, "v0s": 5.330520599133047}, "datetime": {"datetime": "2022-06-13 03:06:38", "elapsed": 3846.030212, "delta": 9.607322}}
{"target": -1.0, "params": {"Bgrad": 0.9394968254425358, "d1": -0.6900372759458104, "d2": -0.06892058695453329, "d3": -1.238648692814249, "d4": -0.34737270847213786, "p1": 11.945497743510602, "p2": 49.929954429324, "p3": 12.143926080988376, "p4": 47.041420719076235, "pol1": -0.5655604992179641, "pol2": -0.004871230789865066, "pol3": 0.6423539297854717, "pol4": 0.4331760935894684, "v0s": 6.233482472724014}, "datetime": {"datetime": "2022-06-13 03:06:51", "elapsed": 3858.827008, "delta": 12.796796}}
{"target": -1.0, "params": {"Bgrad": 1.160660839963577, "d1": 0.016700101820637414, "d2": 0.6798143080594352, "d3": -1.2345930187366485, "d4": -0.8881380633811968, "p1": 3.301779200831867, "p2": 19.538653683534633, "p3": 23.361928316662294, "p4": 44.756885540178665, "pol1": -0.7788851194891175, "pol2": 0.4622752063979332, "pol3": 0.09094233709743893, "pol4": 0.21307086103308692, "v0s": 2.1786976647773617}, "datetime": {"datetime": "2022-06-13 03:07:00", "elapsed": 3867.934666, "delta": 9.107658}}
{"target": -1.0, "params": {"Bgrad": 0.7201210696411693, "d1": -1.8640670981352594, "d2": -2.9805118081855757, "d3": -0.3233688088114528, "d4": 0.4810317956903929, "p1": 27.34841546356204, "p2": 27.15820237596019, "p3": 30.786296430651866, "p4": 15.109075020790208, "pol1": -0.26653603667811665, "pol2": 0.1498794545555331, "pol3": 0.618433167434689, "pol4": -0.5968067311836578, "v0s": 3.965144335089735}, "datetime": {"datetime": "2022-06-13 03:07:08", "elapsed": 3875.461547, "delta": 7.526881}}
{"target": 3.756359372558781, "params": {"Bgrad": 1.6143818755845456, "d1": -1.6363190034706316, "d2": -2.80955628517378, "d3": -2.3745722852949935, "d4": -2.2245405613618128, "p1": 24.75561812805891, "p2": 31.75624805456691, "p3": 44.01099886092915, "p4": 45.12682782111225, "pol1": -0.38567846302981, "pol2": 0.5067601462511715, "pol3": -0.4351439388820548, "pol4": -0.26284626046944815, "v0s": 3.756359372558781}, "datetime": {"datetime": "2022-06-13 03:07:17", "elapsed": 3884.651985, "delta": 9.190438}}
{"target": -1.0, "params": {"Bgrad": 1.120536104298652, "d1": -2.1411372173264778, "d2": -1.7240559741192438, "d3": -2.5123207444396494, "d4": 0.8520729583821383, "p1": 25.19915046993914, "p2": 46.15503412943319, "p3": 37.30800703867105, "p4": 22.88526438402096, "pol1": 0.5092444506162634, "pol2": 0.2560461572138517, "pol3": -0.3924831316962627, "pol4": 0.04331862682654375, "v0s": 6.273873173884575}, "datetime": {"datetime": "2022-06-13 03:07:28", "elapsed": 3895.971726, "delta": 11.319741}}
{"target": -1.0, "params": {"Bgrad": 0.9579702971724602, "d1": -2.949908652454107, "d2": -1.9269486834562546, "d3": 0.18698190236033652, "d4": 0.7199723558540052, "p1": 31.266557745162753, "p2": 6.640374229020551, "p3": 37.87851796237106, "p4": 26.345267302367198, "pol1": 0.5077381432424259, "pol2": 0.7172234061400251, "pol3": 0.8950831022036485, "pol4": 0.30907506924566297, "v0s": 7.125549259055879}, "datetime": {"datetime": "2022-06-13 03:07:38", "elapsed": 3905.621933, "delta": 9.650207}}
{"target": -1.0, "params": {"Bgrad": 1.6138820865448202, "d1": -0.09159524638529248, "d2": 0.4351630250678591, "d3": 0.6920121630146614, "d4": 0.6083040060993783, "p1": 19.787513078259032, "p2": 4.2010639899362605, "p3": 41.47868592290745, "p4": 26.946577665381717, "pol1": 0.08415230947824592, "pol2": 0.6503506611328391, "pol3": -0.9360316312484522, "pol4": 0.7559208374503135, "v0s": 2.207804008026322}, "datetime": {"datetime": "2022-06-13 03:07:48", "elapsed": 3915.708972, "delta": 10.087039}}
{"target": -1.0, "params": {"Bgrad": 1.539791837567582, "d1": -0.6500620825983634, "d2": -0.43300327666561333, "d3": -1.5036792490469755, "d4": -1.8981518933995836, "p1": 25.470429071938117, "p2": 44.291155857486075, "p3": 28.264483518278418, "p4": 33.15744457321584, "pol1": -0.11724153809299831, "pol2": 0.9442781742429043, "pol3": 0.48504490470341954, "pol4": -0.2901949782984532, "v0s": 5.9211861959819565}, "datetime": {"datetime": "2022-06-13 03:07:58", "elapsed": 3925.453926, "delta": 9.744954}}
{"target": -1.0, "params": {"Bgrad": 1.3139246178075805, "d1": 0.5362248495147441, "d2": -1.8997837957383532, "d3": -2.5677300593106507, "d4": -2.2349117930353195, "p1": 19.35231163025429, "p2": 42.70298974671572, "p3": 13.542245691795829, "p4": 31.317940160434183, "pol1": 0.2471036020911166, "pol2": -0.18390572930414262, "pol3": -0.8993297406810965, "pol4": 0.4896677460649854, "v0s": 3.774353206543287}, "datetime": {"datetime": "2022-06-13 03:08:09", "elapsed": 3936.453526, "delta": 10.9996}}
{"target": -1.0, "params": {"Bgrad": 1.0976872948235603, "d1": -1.4910417298779621, "d2": -0.34558947331562573, "d3": -2.6546668527393438, "d4": -0.8004403181120754, "p1": 0.7710911171627921, "p2": 49.15194917697084, "p3": 29.921361119400743, "p4": 19.20571139981133, "pol1": -0.7065041385450346, "pol2": 0.3937566528736103, "pol3": 0.8116168334131046, "pol4": -0.36378249531076645, "v0s": 6.598952867937379}, "datetime": {"datetime": "2022-06-13 03:08:21", "elapsed": 3948.310833, "delta": 11.857307}}
{"target": -1.0, "params": {"Bgrad": 0.9312471530617814, "d1": 0.8289013694975735, "d2": -0.19073698082077017, "d3": -0.49993762722671553, "d4": 0.722938932600591, "p1": 13.452119362595926, "p2": 46.18078731703804, "p3": 33.90414670619912, "p4": 38.5681253600731, "pol1": 0.1432706728699027, "pol2": 0.6678093549984665, "pol3": 0.39656359858372525, "pol4": -0.706782596446182, "v0s": 5.674766771768449}, "datetime": {"datetime": "2022-06-13 03:08:30", "elapsed": 3957.271882, "delta": 8.961049}}
{"target": -1.0, "params": {"Bgrad": 0.9189805034244978, "d1": 0.6635148922692005, "d2": -2.207070839159385, "d3": -1.8571340185147887, "d4": -2.8093811801212842, "p1": 22.378957202531907, "p2": 27.879390758555587, "p3": 28.678054128854765, "p4": 45.26886899798365, "pol1": -0.3051721343987899, "pol2": -0.10494324081748951, "pol3": 0.7024753250029949, "pol4": 0.15365860646404972, "v0s": 5.923957609266402}, "datetime": {"datetime": "2022-06-13 03:08:40", "elapsed": 3967.83066, "delta": 10.558778}}
{"target": 3.6233119627847987, "params": {"Bgrad": 0.9175389955914741, "d1": -1.0501147934966037, "d2": -0.5161904496781111, "d3": -2.46642387941904, "d4": -2.868365133629862, "p1": 5.670550056541307, "p2": 23.873053816982654, "p3": 1.2013367315404255, "p4": 31.310446456861087, "pol1": -0.804834764047831, "pol2": -0.4980769245675085, "pol3": -0.14701410828756312, "pol4": -0.7683465065875019, "v0s": 3.6233119627847987}, "datetime": {"datetime": "2022-06-13 03:08:46", "elapsed": 3973.769786, "delta": 5.939126}}
{"target": -1.0, "params": {"Bgrad": 0.531619509253267, "d1": 0.9401822144418777, "d2": -0.5537055675143576, "d3": -1.4865846446590036, "d4": -2.8938865955582034, "p1": 19.49193741874921, "p2": 22.627931319321714, "p3": 46.55015968822514, "p4": 13.925208591902832, "pol1": 0.22956378216659812, "pol2": 0.33033670916438673, "pol3": -0.6280780604073222, "pol4": 0.011526697972863653, "v0s": 6.719004577159609}, "datetime": {"datetime": "2022-06-13 03:08:52", "elapsed": 3979.601199, "delta": 5.831413}}
{"target": -1.0, "params": {"Bgrad": 0.6448685516426202, "d1": -0.5758588073241513, "d2": -2.895760269246427, "d3": -2.9718131047596974, "d4": -2.7618855714397146, "p1": 24.07002295745182, "p2": 46.285205434511546, "p3": 20.27786920695121, "p4": 3.7516319668270404, "pol1": 0.7227049489660575, "pol2": 0.0385951709408805, "pol3": -0.3621282621651518, "pol4": 0.9260646775693513, "v0s": 7.62957061101427}, "datetime": {"datetime": "2022-06-13 03:08:58", "elapsed": 3985.67297, "delta": 6.071771}}
{"target": 2.193166423211423, "params": {"Bgrad": 0.8900284579350385, "d1": -2.194432585145119, "d2": -0.644365186775691, "d3": 0.3700728393662356, "d4": -1.6531156410197805, "p1": 29.32147107321308, "p2": 8.112249973940388, "p3": 9.729686761907091, "p4": 38.06676079960478, "pol1": -0.6998030772959001, "pol2": -0.46818591790434505, "pol3": 0.3789897263553388, "pol4": -0.9698213847340418, "v0s": 2.193166423211423}, "datetime": {"datetime": "2022-06-13 03:09:07", "elapsed": 3994.387678, "delta": 8.714708}}
{"target": -1.0, "params": {"Bgrad": 0.931288910036043, "d1": -1.6535072779508035, "d2": -1.5511355778799554, "d3": 0.22876230205407833, "d4": -2.8560761293654324, "p1": 17.919762231266255, "p2": 31.913906663341212, "p3": 7.150205475916133, "p4": 42.88693072557203, "pol1": 0.2911288165468655, "pol2": -0.7694131490399458, "pol3": -0.5838051800021056, "pol4": 0.49099666149632926, "v0s": 4.4204397700050375}, "datetime": {"datetime": "2022-06-13 03:09:19", "elapsed": 4006.931151, "delta": 12.543473}}
{"target": -1.0, "params": {"Bgrad": 1.2267050914227602, "d1": 0.54982031229091, "d2": -2.4502258015030765, "d3": 0.8574911895444703, "d4": -2.8294812728136804, "p1": 4.972012862744241, "p2": 11.161921547022175, "p3": 40.329254113025705, "p4": 22.79364036847512, "pol1": 0.30650228452263883, "pol2": -0.6513577249603255, "pol3": -0.6665561341469435, "pol4": 0.04169668110757829, "v0s": 6.44176181168133}, "datetime": {"datetime": "2022-06-13 03:09:30", "elapsed": 4017.247577, "delta": 10.316426}}
{"target": -1.0, "params": {"Bgrad": 1.1937116978225426, "d1": 0.4784563404844513, "d2": -0.3583522613174388, "d3": -2.0036396461922688, "d4": -2.0603911167915805, "p1": 18.70233584335348, "p2": 37.83080281481086, "p3": 46.89688321548911, "p4": 43.09529996594165, "pol1": -0.4767784146341565, "pol2": -0.1754421440428604, "pol3": 0.22308819890064302, "pol4": 0.09366891163161672, "v0s": 4.335649672453794}, "datetime": {"datetime": "2022-06-13 03:09:42", "elapsed": 4030.00448, "delta": 12.756903}}
{"target": -1.0, "params": {"Bgrad": 0.6521311653219151, "d1": -0.15102078241097772, "d2": -2.6474593442982646, "d3": 0.46430971749487826, "d4": 0.4537937613305383, "p1": 35.42253957576864, "p2": 24.321228690384306, "p3": 34.957328270645824, "p4": 19.749353005088256, "pol1": 0.5949919685866973, "pol2": 0.5728341645596955, "pol3": -0.6889428322527567, "pol4": -0.36436489929880445, "v0s": 4.063899060715942}, "datetime": {"datetime": "2022-06-13 03:09:49", "elapsed": 4036.530038, "delta": 6.525558}}
{"target": 2.8729987353302526, "params": {"Bgrad": 1.0462554479802888, "d1": -0.7334177732484051, "d2": -2.833250229918849, "d3": -0.36012112414440356, "d4": -2.1934729637734627, "p1": 20.823127808655407, "p2": 22.544632825035, "p3": 17.436338477382296, "p4": 19.164015506400627, "pol1": -0.6393878783044813, "pol2": -0.8637398852118512, "pol3": 0.10251329787170316, "pol4": 0.1917338912333022, "v0s": 2.8729987353302526}, "datetime": {"datetime": "2022-06-13 03:09:55", "elapsed": 4042.321558, "delta": 5.79152}}
{"target": -1.0, "params": {"Bgrad": 0.8464125624831862, "d1": -1.8544914738504703, "d2": 0.323005467617703, "d3": -2.3863162353503506, "d4": -0.7914447697860743, "p1": 28.40698588460962, "p2": 17.171004655433613, "p3": 17.53085946534768, "p4": 47.955600875960116, "pol1": 0.1066878989190414, "pol2": 0.3054624018019094, "pol3": -0.018519767111173424, "pol4": 0.2932999633435811, "v0s": 5.631504713042372}, "datetime": {"datetime": "2022-06-13 03:10:06", "elapsed": 4053.475745, "delta": 11.154187}}
{"target": -1.0, "params": {"Bgrad": 0.7177599393801435, "d1": -1.6612778684616272, "d2": -1.1582640261642663, "d3": -2.4887133535744606, "d4": -1.5477067055820073, "p1": 11.407081714646111, "p2": 42.3751301135201, "p3": 17.073704001064932, "p4": 11.339466033313245, "pol1": -0.18363719429543557, "pol2": 0.36612809524449386, "pol3": -0.8687560020771503, "pol4": -0.6385415727940205, "v0s": 6.165841633542372}, "datetime": {"datetime": "2022-06-13 03:10:13", "elapsed": 4060.603693, "delta": 7.127948}}
{"target": -1.0, "params": {"Bgrad": 1.6283849072061398, "d1": -0.5289828815597284, "d2": 0.516794242146382, "d3": -2.3247992396896255, "d4": -0.1858090711942859, "p1": 45.86300795400043, "p2": 7.53698295515291, "p3": 12.188198869809058, "p4": 27.33422860454021, "pol1": -0.311761326048005, "pol2": 0.3812781615647882, "pol3": -0.884864763149785, "pol4": -0.6784717153530804, "v0s": 6.297429838877729}, "datetime": {"datetime": "2022-06-13 03:10:23", "elapsed": 4070.909148, "delta": 10.305455}}
{"target": -1.0, "params": {"Bgrad": 1.9559280476509158, "d1": 0.7182015060493625, "d2": 0.6042679736912548, "d3": -2.489026744385627, "d4": -2.416284327713586, "p1": 3.6132378407436327, "p2": 27.127011657239546, "p3": 44.124308645118575, "p4": 26.589595003344424, "pol1": 0.5634305707918799, "pol2": -0.6230924261774768, "pol3": 0.72622252033267, "pol4": -0.6251504585492971, "v0s": 2.3285847563991395}, "datetime": {"datetime": "2022-06-13 03:10:35", "elapsed": 4082.250834, "delta": 11.341686}}
{"target": -1.0, "params": {"Bgrad": 1.1322365156421472, "d1": -0.7795822799662462, "d2": 0.8829680380855782, "d3": -2.632984666235234, "d4": -1.9043276270817802, "p1": 5.255353454102474, "p2": 19.52198183688082, "p3": 14.450554159388485, "p4": 25.66501747339533, "pol1": -0.30348663649850605, "pol2": 0.8564560365002021, "pol3": 0.5798955927660807, "pol4": 0.7220227372279511, "v0s": 2.7770056756573753}, "datetime": {"datetime": "2022-06-13 03:10:44", "elapsed": 4091.547985, "delta": 9.297151}}
{"target": -1.0, "params": {"Bgrad": 1.362605250483071, "d1": -2.140869856460565, "d2": 0.472954285763556, "d3": -2.9399223129863037, "d4": -2.5770231394797913, "p1": 18.80285377736578, "p2": 20.104695304659675, "p3": 13.86100414893413, "p4": 4.803149937996959, "pol1": -0.7625391897748128, "pol2": -0.3641104923053322, "pol3": 0.9015856681554411, "pol4": -0.5851868703613521, "v0s": 6.4836819263553345}, "datetime": {"datetime": "2022-06-13 03:10:56", "elapsed": 4103.950834, "delta": 12.402849}}
{"target": 2.281585059357396, "params": {"Bgrad": 0.887282996011226, "d1": -2.8510389775568608, "d2": -2.9357911633317517, "d3": -2.389176275275294, "d4": -1.1516632280090313, "p1": 37.795054876890255, "p2": 36.44074659725769, "p3": 17.619472124151837, "p4": 23.95696393814568, "pol1": 0.6281475067513305, "pol2": 0.6768058127579581, "pol3": -0.36016659916402904, "pol4": -0.9914699631857857, "v0s": 2.281585059357396}, "datetime": {"datetime": "2022-06-13 03:11:02", "elapsed": 4109.814162, "delta": 5.863328}}
{"target": -1.0, "params": {"Bgrad": 1.606711066405976, "d1": -1.9094708757099679, "d2": -1.0740567512533912, "d3": -2.231874935875423, "d4": 0.38845166432877765, "p1": 25.168880481827653, "p2": 26.358008786113068, "p3": 14.403979404287742, "p4": 25.599961533196147, "pol1": -0.9960727092349599, "pol2": -0.44540991931357987, "pol3": -0.30247403292312813, "pol4": -0.43209822742192805, "v0s": 2.515713365464507}, "datetime": {"datetime": "2022-06-13 03:11:08", "elapsed": 4116.059469, "delta": 6.245307}}
