{"target": 4.149616126069237, "params": {"Bgrad": 1.6891090733574154, "d1": -2.0369872842579206, "d2": 0.5387684370342152, "d3": -1.9128776899839828, "d4": -2.6187307139893528, "p1": 5.508001923109656, "p2": 31.34839033887935, "p3": 33.12017178871463, "p4": 39.840165974457776, "pol1": 0.2582314487618287, "pol2": -0.1921118797148147, "pol3": -0.8421628244438977, "pol4": -0.9466050623372002, "v0s": 4.149616126069237}, "datetime": {"datetime": "2022-05-17 00:11:14", "elapsed": 16089.460345, "delta": 13.895834}}
{"target": 4.9184712210231245, "params": {"Bgrad": 0.8922419148467946, "d1": -0.9161675913254871, "d2": 1.0, "d3": -1.1120272054911944, "d4": -3.0, "p1": 6.066853875699964, "p2": 24.30474488120636, "p3": 1.5534239726219894, "p4": 31.566524543594287, "pol1": -1.0, "pol2": -0.7427369165673446, "pol3": -1.0, "pol4": -1.0, "v0s": 4.9184712210231245}, "datetime": {"datetime": "2022-05-17 00:11:28", "elapsed": 16103.971533, "delta": 14.511188}}
{"target": 4.8055711587903875, "params": {"Bgrad": 0.8389924612767794, "d1": -2.1429519211291477, "d2": 0.6009600500333933, "d3": -1.4681586016906534, "d4": -2.2748267377064995, "p1": 4.201375027363058, "p2": 33.915590097784104, "p3": 30.446562803525204, "p4": 37.092800522397276, "pol1": 0.19746775824742246, "pol2": -0.7287992804697868, "pol3": -0.3243165686141402, "pol4": -0.6531147741249697, "v0s": 4.8055711587903875}, "datetime": {"datetime": "2022-05-17 00:11:38", "elapsed": 16113.669595, "delta": 9.698062}}
{"target": 5.1263690968706435, "params": {"Bgrad": 1.7793333996545604, "d1": -3.0, "d2": -2.8192895536924394, "d3": -2.623897056991666, "d4": -0.5995952710869277, "p1": 20.242263912037306, "p2": 17.605473160797597, "p3": 28.235379314966426, "p4": 47.77001791481331, "pol1": -0.0722476741556957, "pol2": 0.7192224436790945, "pol3": -0.11051645987690642, "pol4": -0.08123864764942258, "v0s": 5.1263690968706435}, "datetime": {"datetime": "2022-05-17 00:11:55", "elapsed": 16130.842663, "delta": 17.173068}}
{"target": 3.372535753121695, "params": {"Bgrad": 1.6296578031506823, "d1": -2.847511372878622, "d2": -1.669973816103071, "d3": -1.9229593871470034, "d4": -1.0494585827186316, "p1": 9.255237864492273, "p2": 27.353979382768877, "p3": 43.47555662224751, "p4": 25.513671095695976, "pol1": 0.003395291146983448, "pol2": -0.2263327082881521, "pol3": 0.4800542836109014, "pol4": 0.5429869802114646, "v0s": 3.372535753121695}, "datetime": {"datetime": "2022-05-17 00:12:07", "elapsed": 16143.067965, "delta": 12.225302}}
{"target": 4.629837232210187, "params": {"Bgrad": 1.3387701101431617, "d1": -2.129336231002391, "d2": 0.6845104562992057, "d3": -1.452483504010501, "d4": -2.072692141190674, "p1": 3.897754050748838, "p2": 34.12127997415289, "p3": 31.33541773719818, "p4": 38.36434677593544, "pol1": 0.04128783683097861, "pol2": -0.985630359948115, "pol3": 0.8447678945719053, "pol4": -1.0, "v0s": 4.629837232210187}, "datetime": {"datetime": "2022-05-17 00:12:21", "elapsed": 16156.292594, "delta": 13.224629}}
{"target": 3.4825200861018315, "params": {"Bgrad": 1.6624984091711066, "d1": -2.7891205897776286, "d2": -0.028637384910469965, "d3": -0.07631492307936716, "d4": -2.353378771308506, "p1": 7.102996669885398, "p2": 27.57215955207231, "p3": 42.391319913913726, "p4": 23.939261106751896, "pol1": 0.5707198782260261, "pol2": -0.43768006746436816, "pol3": -0.5238576711533076, "pol4": -0.8996402060382893, "v0s": 3.4825200861018315}, "datetime": {"datetime": "2022-05-17 00:12:33", "elapsed": 16169.076402, "delta": 12.783808}}
{"target": 3.3394276630543214, "params": {"Bgrad": 1.6541176806503346, "d1": -2.8652357449662356, "d2": -0.345816414615848, "d3": -2.2092498105695184, "d4": 0.5100939569565726, "p1": 6.865205438077682, "p2": 35.41593347510283, "p3": 35.29845807586482, "p4": 34.82584354389224, "pol1": -0.6429312855249927, "pol2": -0.10531153453633602, "pol3": -0.976016505043692, "pol4": -0.810341106246625, "v0s": 3.3394276630543214}, "datetime": {"datetime": "2022-05-17 00:12:49", "elapsed": 16184.38745, "delta": 15.311048}}
{"target": -1.0, "params": {"Bgrad": 1.9266956556016588, "d1": 0.18846259904439266, "d2": 0.614245029462412, "d3": -0.02275994376577639, "d4": -1.4435486788296887, "p1": 1.385069402564093, "p2": 39.28173491318582, "p3": 40.03208303872937, "p4": 34.02327053573265, "pol1": -0.6576252102339766, "pol2": 0.6001192886038229, "pol3": 0.9845926156180882, "pol4": 0.058465223104513075, "v0s": 5.291918747527656}, "datetime": {"datetime": "2022-05-17 00:13:06", "elapsed": 16201.532593, "delta": 17.145143}}
{"target": 2.924101081272293, "params": {"Bgrad": 1.9610871120855338, "d1": -1.083698704876288, "d2": 0.3378086037009984, "d3": -2.213071476963373, "d4": 0.1586588837589029, "p1": 1.4674552441050537, "p2": 35.468177486789706, "p3": 32.28268586891114, "p4": 40.704444419058966, "pol1": 0.0696147365979849, "pol2": -0.15770774962124712, "pol3": 0.5478595988441723, "pol4": -0.24864053953411336, "v0s": 2.924101081272293}, "datetime": {"datetime": "2022-05-17 00:13:16", "elapsed": 16211.479988, "delta": 9.947395}}
{"target": 3.4518554733763764, "params": {"Bgrad": 1.785221773981518, "d1": -2.468910061405921, "d2": 0.21700603893328374, "d3": -2.497162760319532, "d4": -2.5681259096536695, "p1": 7.20300626342929, "p2": 35.139809970614714, "p3": 37.85247699577039, "p4": 30.10956877102827, "pol1": 0.9213218043578693, "pol2": -0.3660538025540092, "pol3": 0.34846696219443696, "pol4": -0.26957854700792994, "v0s": 3.4518554733763764}, "datetime": {"datetime": "2022-05-17 00:13:35", "elapsed": 16230.324586, "delta": 18.844598}}
{"target": 4.637649250469533, "params": {"Bgrad": 0.5, "d1": -0.453116834946551, "d2": 0.5933916279452176, "d3": -1.2378618039456457, "d4": -3.0, "p1": 6.104584680149977, "p2": 24.492752709661787, "p3": 2.0683747345590437, "p4": 31.133927277696003, "pol1": -0.08734626821842478, "pol2": 0.3156614768719166, "pol3": -1.0, "pol4": -1.0, "v0s": 4.637649250469533}, "datetime": {"datetime": "2022-05-17 00:13:46", "elapsed": 16241.357078, "delta": 11.032492}}
{"target": 4.794940929897119, "params": {"Bgrad": 2.0, "d1": -3.0, "d2": 0.08601311182519517, "d3": -1.6478677069134529, "d4": -2.8537239281153424, "p1": 28.329276342574246, "p2": 10.025350064392414, "p3": 36.38288470799736, "p4": 29.803015272464368, "pol1": 1.0, "pol2": 0.2861275280331293, "pol3": -0.36085892968012834, "pol4": 1.0, "v0s": 4.794940929897119}, "datetime": {"datetime": "2022-05-17 00:14:00", "elapsed": 16255.340677, "delta": 13.983599}}
{"target": 5.0120117348821935, "params": {"Bgrad": 1.3023215542272553, "d1": -3.0, "d2": 1.0, "d3": -2.389363308045482, "d4": -0.3673316264593174, "p1": 32.27222113542652, "p2": 5.808447405067062, "p3": 7.277355277363948, "p4": 25.075123113455405, "pol1": 0.2644063679490917, "pol2": -1.0, "pol3": 0.42348911406508744, "pol4": -1.0, "v0s": 5.0120117348821935}, "datetime": {"datetime": "2022-05-17 00:14:14", "elapsed": 16269.611508, "delta": 14.270831}}
{"target": 5.3380078963002475, "params": {"Bgrad": 2.0, "d1": -2.4510735971810567, "d2": 0.6745518617878499, "d3": -0.8712398541120153, "d4": -1.8367058981524078, "p1": 44.327240760902605, "p2": 22.513330350445937, "p3": 24.728806563471643, "p4": 11.374943708730184, "pol1": -0.8928627405030858, "pol2": -0.46939171928629747, "pol3": 0.4333826372147066, "pol4": 0.08778787289283203, "v0s": 5.3380078963002475}, "datetime": {"datetime": "2022-05-17 00:14:32", "elapsed": 16287.994341, "delta": 18.382833}}
{"target": 4.443072287000883, "params": {"Bgrad": 1.6838550282886509, "d1": -1.6159587216068334, "d2": 0.9194560417390827, "d3": -0.7516211888731292, "d4": -2.6978910214299594, "p1": 27.510129524664812, "p2": 29.561732970372468, "p3": 7.043873590648442, "p4": 44.10632003014573, "pol1": 0.05582602358357569, "pol2": 0.09402300252555618, "pol3": 0.6906225812430427, "pol4": -0.3249595632619191, "v0s": 4.443072287000883}, "datetime": {"datetime": "2022-05-17 00:14:45", "elapsed": 16300.409136, "delta": 12.414795}}
{"target": -1.0, "params": {"Bgrad": 1.766753340770987, "d1": -1.1123361519732318, "d2": 0.4023971716256707, "d3": 0.08053873011287704, "d4": -0.32008577325909426, "p1": 4.149799723948433, "p2": 36.148721061298566, "p3": 29.171391140773235, "p4": 39.05526760789501, "pol1": -0.7606829865930873, "pol2": 0.11491124588511292, "pol3": -0.1665929289821304, "pol4": -0.26096818159875523, "v0s": 4.016268224389142}, "datetime": {"datetime": "2022-05-17 00:15:04", "elapsed": 16319.910976, "delta": 19.50184}}
{"target": -1.0, "params": {"Bgrad": 0.7023211047794864, "d1": -0.8410921811718817, "d2": 0.8742474072793152, "d3": -2.7456839329715534, "d4": -2.0789221375703986, "p1": 25.389340400677508, "p2": 8.727231871506724, "p3": 39.53055348614273, "p4": 31.50542262908339, "pol1": 0.11817691948713605, "pol2": -0.2893071508311389, "pol3": -0.8044507697644263, "pol4": -0.396891417197057, "v0s": 5.279949682920272}, "datetime": {"datetime": "2022-05-17 00:15:18", "elapsed": 16333.33208, "delta": 13.421104}}
{"target": -1.0, "params": {"Bgrad": 2.0, "d1": -0.2875513819624128, "d2": -0.7130499740980416, "d3": -1.20751726539484, "d4": -2.2594829432702817, "p1": 27.16302459262295, "p2": 9.02012168294516, "p3": 38.138811657346245, "p4": 29.443219322456738, "pol1": -0.38616380252676175, "pol2": -0.6136996597502137, "pol3": -0.9076857939313978, "pol4": 1.0, "v0s": 4.1752490227092585}, "datetime": {"datetime": "2022-05-17 00:15:39", "elapsed": 16354.490489, "delta": 21.158409}}
{"target": -1.0, "params": {"Bgrad": 1.4932987631951604, "d1": -1.0563368989406667, "d2": -1.0074399262534732, "d3": -1.3097851253362065, "d4": -1.1699449610283414, "p1": 1.0712688771628842, "p2": 37.23585595217996, "p3": 25.96439637063437, "p4": 38.950727292988496, "pol1": -0.5581476283222035, "pol2": 0.12767093998512036, "pol3": -0.9415397856715819, "pol4": 0.9424661771565215, "v0s": 3.3956235806555295}, "datetime": {"datetime": "2022-05-17 00:15:55", "elapsed": 16370.672209, "delta": 16.18172}}
{"target": 3.938964626561976, "params": {"Bgrad": 0.5266909393808583, "d1": -1.4593897110551224, "d2": 1.0, "d3": -1.567877193326147, "d4": -2.633613827144901, "p1": 45.65297820233336, "p2": 18.18116162866701, "p3": 26.257636157637442, "p4": 11.741088342870139, "pol1": 0.3079323855151213, "pol2": -1.0, "pol3": 0.5943717866215888, "pol4": 1.0, "v0s": 3.938964626561976}, "datetime": {"datetime": "2022-05-17 00:16:08", "elapsed": 16384.160133, "delta": 13.487924}}
{"target": -1.0, "params": {"Bgrad": 1.624728078930197, "d1": 0.040214378134132645, "d2": 0.9007642528299145, "d3": 0.5510391620936552, "d4": -2.563401953248271, "p1": 6.327628944521846, "p2": 25.911062006393387, "p3": 3.7178898559955376, "p4": 32.720096692571104, "pol1": 0.5863933568510173, "pol2": 0.5004688369882859, "pol3": -0.9020593970837503, "pol4": -0.400908805041563, "v0s": 3.7382434033685668}, "datetime": {"datetime": "2022-05-17 00:16:26", "elapsed": 16402.168966, "delta": 18.008833}}
{"target": 4.782332922289249, "params": {"Bgrad": 2.0, "d1": -1.8650630400198733, "d2": 0.6338621191015671, "d3": -0.866361136768413, "d4": -2.762668214543534, "p1": 44.61108604216118, "p2": 20.318065639994398, "p3": 25.363183743308454, "p4": 13.322360768023023, "pol1": -0.7831868558432196, "pol2": -0.7143267827403602, "pol3": -0.4007254657029272, "pol4": 0.13670224138422643, "v0s": 4.782332922289249}, "datetime": {"datetime": "2022-05-17 00:16:38", "elapsed": 16414.140946, "delta": 11.97198}}
{"target": 4.318280224872463, "params": {"Bgrad": 1.4182799771058532, "d1": -1.412638936312787, "d2": 1.0, "d3": -1.7632079115255754, "d4": -2.7125870745396483, "p1": 30.193967191820175, "p2": 12.223966109085508, "p3": 35.795257712930265, "p4": 25.493207320243062, "pol1": 0.6860928939099886, "pol2": 0.014112126406523259, "pol3": 0.21332488039568587, "pol4": -0.7569336019146642, "v0s": 4.318280224872463}, "datetime": {"datetime": "2022-05-17 00:16:51", "elapsed": 16426.606605, "delta": 12.465659}}
{"target": -1.0, "params": {"Bgrad": 0.9384410287217417, "d1": -2.9654688572091747, "d2": 0.45727885768490806, "d3": 0.30352404028741686, "d4": 0.4268289751649412, "p1": 1.3645254334836376, "p2": 32.98921235173064, "p3": 29.58243311977945, "p4": 36.095196215441476, "pol1": 0.749162376505655, "pol2": 0.6175545406301923, "pol3": -0.45702883516476, "pol4": 0.13092760069101161, "v0s": 6.484517651856896}, "datetime": {"datetime": "2022-05-17 00:17:07", "elapsed": 16443.193242, "delta": 16.586637}}
{"target": 3.2659330059750378, "params": {"Bgrad": 0.5374217310835125, "d1": -1.9505301097847125, "d2": 0.8822492773230892, "d3": -2.779863451075611, "d4": -1.9494857777069563, "p1": 4.162014013633852, "p2": 37.29220180952731, "p3": 36.23377246625895, "p4": 37.12965349297046, "pol1": 0.9028894441082818, "pol2": -0.7904991420138496, "pol3": 0.343550974532036, "pol4": -0.4253918001377899, "v0s": 3.2659330059750378}, "datetime": {"datetime": "2022-05-17 00:17:17", "elapsed": 16452.435522, "delta": 9.24228}}
{"target": 4.635022628526963, "params": {"Bgrad": 1.4688460852670626, "d1": -2.3201312518373847, "d2": 0.4035613365608836, "d3": -0.5785964020842443, "d4": -2.3398300759243056, "p1": 3.48987562782549, "p2": 32.111456549371695, "p3": 30.73549693166875, "p4": 37.61803284793276, "pol1": 0.23613364142718213, "pol2": -0.14579864064472411, "pol3": -0.3732554131022453, "pol4": -0.5650839559983809, "v0s": 4.635022628526963}, "datetime": {"datetime": "2022-05-17 00:17:31", "elapsed": 16466.943719, "delta": 14.508197}}
{"target": -1.0, "params": {"Bgrad": 0.7496624261138858, "d1": -0.3534121763272493, "d2": -0.8059030781033962, "d3": -1.9362789607693827, "d4": -2.686183700244547, "p1": 28.745028381957386, "p2": 6.471383822650745, "p3": 39.75445216437671, "p4": 31.844286047689774, "pol1": -0.62103121057648, "pol2": -0.7654569828309291, "pol3": -0.11911944105657911, "pol4": 0.9959360955286962, "v0s": 4.247992602478848}, "datetime": {"datetime": "2022-05-17 00:17:48", "elapsed": 16483.234148, "delta": 16.290429}}
{"target": 4.723878755481438, "params": {"Bgrad": 1.0431372874747038, "d1": -2.885893147203187, "d2": -0.06125513527831483, "d3": -1.7718999777585687, "d4": -0.36549440695101376, "p1": 3.728427433852116, "p2": 36.199363696751846, "p3": 32.16120681243409, "p4": 38.1247424614184, "pol1": 0.7410849347830304, "pol2": 0.07139886465365985, "pol3": -0.4753444380201206, "pol4": -0.15546580146509692, "v0s": 4.723878755481438}, "datetime": {"datetime": "2022-05-17 00:18:08", "elapsed": 16503.319427, "delta": 20.085279}}
{"target": 4.790043586540678, "params": {"Bgrad": 1.7157593482540052, "d1": -3.0, "d2": -3.0, "d3": -2.326624094542698, "d4": -3.0, "p1": 5.685550931739563, "p2": 10.446120624177457, "p3": 37.34196261008461, "p4": 29.65013280427603, "pol1": -0.9326171722197666, "pol2": -1.0, "pol3": -0.14947533828178394, "pol4": -0.29671425132283347, "v0s": 4.790043586540678}, "datetime": {"datetime": "2022-05-17 00:18:28", "elapsed": 16524.097852, "delta": 20.778425}}
{"target": -1.0, "params": {"Bgrad": 1.0898323369974086, "d1": -2.9263999050043172, "d2": 0.7538356984269767, "d3": -2.4751819746352477, "d4": -2.902566092425177, "p1": 3.5092058151131758, "p2": 36.570595633904595, "p3": 33.153209752149984, "p4": 36.63319651746828, "pol1": -0.9446636413213059, "pol2": 0.6532954102667015, "pol3": -0.8161541582650607, "pol4": -0.6474949021838341, "v0s": 5.490966107587928}, "datetime": {"datetime": "2022-05-17 00:18:50", "elapsed": 16545.864634, "delta": 21.766782}}
{"target": 4.3743299898271575, "params": {"Bgrad": 0.8395274211300021, "d1": -2.3283131435973448, "d2": 0.06581053500290443, "d3": -1.6732263810330794, "d4": -2.1581320535232225, "p1": 0.777355452419158, "p2": 30.494171585215668, "p3": 17.212401004212413, "p4": 12.08683353160028, "pol1": -1.0, "pol2": 0.3693945478505367, "pol3": 0.05541174649229396, "pol4": 1.0, "v0s": 4.3743299898271575}, "datetime": {"datetime": "2022-05-17 00:19:00", "elapsed": 16555.847933, "delta": 9.983299}}
{"target": -1.0, "params": {"Bgrad": 1.505200229372111, "d1": 0.17886644277547603, "d2": 0.8279412208638086, "d3": -0.9360408102380195, "d4": -1.831089185362504, "p1": 2.0402560668909886, "p2": 40.74178643854594, "p3": 41.2085766354728, "p4": 30.48157477269094, "pol1": 0.5469457616693219, "pol2": -0.44589994037520353, "pol3": -0.9592191315856746, "pol4": -0.5832236470792069, "v0s": 3.835266590701288}, "datetime": {"datetime": "2022-05-17 00:19:57", "elapsed": 16612.38771, "delta": 56.539777}}
{"target": -1.0, "params": {"Bgrad": 0.8990612440566688, "d1": -0.4297224320927402, "d2": 0.976918438101662, "d3": -2.3119139619952516, "d4": -1.3262290216501302, "p1": 29.63502116385207, "p2": 11.657313798593567, "p3": 35.588509362880636, "p4": 25.287674378938814, "pol1": 0.4952423163140365, "pol2": -0.8795833344401112, "pol3": 0.018082273420329864, "pol4": -0.9730409421334878, "v0s": 5.083216955115789}, "datetime": {"datetime": "2022-05-17 00:20:12", "elapsed": 16628.016911, "delta": 15.629201}}
{"target": 4.607102559940395, "params": {"Bgrad": 0.9186875503011481, "d1": -1.8584622332382024, "d2": 1.0, "d3": -1.099380248941612, "d4": -1.1970521550806887, "p1": 2.6161478347936464, "p2": 31.367593028362528, "p3": 16.300785054283505, "p4": 11.713159021737313, "pol1": -1.0, "pol2": -1.0, "pol3": 0.21253972817707562, "pol4": 1.0, "v0s": 4.607102559940395}, "datetime": {"datetime": "2022-05-17 00:20:34", "elapsed": 16649.818597, "delta": 21.801686}}
{"target": 4.26293717796545, "params": {"Bgrad": 1.490452220410323, "d1": -2.449188914465029, "d2": 0.2791927961806485, "d3": -1.5988867482046039, "d4": -1.753415281923886, "p1": 9.930775876625495, "p2": 26.15211386314011, "p3": 43.31450005916394, "p4": 25.56617049976768, "pol1": 0.2229464126581977, "pol2": -0.08982657410299129, "pol3": 0.12884227933409587, "pol4": 0.29020887159992825, "v0s": 4.26293717796545}, "datetime": {"datetime": "2022-05-17 00:20:49", "elapsed": 16664.307844, "delta": 14.489247}}
{"target": 3.0140408985752227, "params": {"Bgrad": 1.7063705973455967, "d1": -0.6616981714514574, "d2": 0.5522043832203067, "d3": -2.422915317498664, "d4": -0.2176128149651797, "p1": 4.0581543640446025, "p2": 30.884734156827896, "p3": 30.038958744520972, "p4": 37.413483607388386, "pol1": 0.371591908349608, "pol2": -0.7255579369618503, "pol3": 0.009269823642924058, "pol4": -0.4460044259070417, "v0s": 3.0140408985752227}, "datetime": {"datetime": "2022-05-17 00:20:59", "elapsed": 16674.877573, "delta": 10.569729}}
{"target": 4.078857016210497, "params": {"Bgrad": 0.5, "d1": -2.475820123869498, "d2": -0.42517683235599246, "d3": -1.1123246541964387, "d4": 0.24250248952238695, "p1": 36.47807054691007, "p2": 10.150742392127599, "p3": 10.52993590569073, "p4": 30.17131135730981, "pol1": -0.024932222061553534, "pol2": -0.2819006713690224, "pol3": -0.5108394934906946, "pol4": 0.5325021985372588, "v0s": 4.078857016210497}, "datetime": {"datetime": "2022-05-17 00:21:09", "elapsed": 16684.658413, "delta": 9.78084}}
{"target": 5.323337525155503, "params": {"Bgrad": 0.5195271400308209, "d1": -0.8389897353353066, "d2": 0.631513711973875, "d3": -2.757701236420955, "d4": -2.3794453987653736, "p1": 7.131441653951792, "p2": 30.793644193484592, "p3": 31.851947982154154, "p4": 39.94367099671149, "pol1": 0.029228654006350663, "pol2": -0.6655690120044506, "pol3": -0.5041690386532167, "pol4": 0.11974286968890113, "v0s": 5.323337525155503}, "datetime": {"datetime": "2022-05-17 00:21:21", "elapsed": 16696.434916, "delta": 11.776503}}
{"target": 3.835485864594043, "params": {"Bgrad": 0.7996923293893183, "d1": -1.4504504942396932, "d2": 0.047920767840177625, "d3": 0.3114510184515997, "d4": -0.010668020460923522, "p1": 5.313409473959685, "p2": 33.87945277157653, "p3": 27.449044266939577, "p4": 36.12474814142904, "pol1": 0.621370098979807, "pol2": 0.9779507391898636, "pol3": 0.0480882171118433, "pol4": -0.8334301130967898, "v0s": 3.835485864594043}, "datetime": {"datetime": "2022-05-17 00:21:35", "elapsed": 16710.221042, "delta": 13.786126}}
{"target": 4.701145401009117, "params": {"Bgrad": 1.1279853052060729, "d1": -1.8693824296545796, "d2": 0.5673426841885927, "d3": -2.2923139860961257, "d4": -2.074767558509903, "p1": 5.105019287216072, "p2": 32.56572663754378, "p3": 31.130550196925917, "p4": 38.53471974921998, "pol1": -0.0027428715942442, "pol2": -0.4389859725592983, "pol3": -0.4462815923982238, "pol4": -0.3901535525623355, "v0s": 4.701145401009117}, "datetime": {"datetime": "2022-05-17 00:21:54", "elapsed": 16729.312979, "delta": 19.091937}}
{"target": 4.228941226984499, "params": {"Bgrad": 1.9599398996126787, "d1": -3.0, "d2": 1.0, "d3": -1.5461952528800837, "d4": -3.0, "p1": 42.21845493240685, "p2": 23.723487143457703, "p3": 17.64778916672386, "p4": 13.1360502200972, "pol1": -0.1911264688796761, "pol2": -0.7306395409690271, "pol3": -0.08766484785107315, "pol4": -0.06014168144742386, "v0s": 4.228941226984499}, "datetime": {"datetime": "2022-05-17 00:22:10", "elapsed": 16745.827808, "delta": 16.514829}}
{"target": 3.1295509920614175, "params": {"Bgrad": 1.0220593621724643, "d1": -0.913928171766313, "d2": 0.07205871382190754, "d3": -1.241946082663234, "d4": -1.2871141153485857, "p1": 4.164687957085123, "p2": 38.752443331103244, "p3": 39.19217679527907, "p4": 31.474625427690857, "pol1": -0.47343562512532267, "pol2": 0.2174669644926952, "pol3": -0.21003438025296095, "pol4": -0.90894788337802, "v0s": 3.1295509920614175}, "datetime": {"datetime": "2022-05-17 00:22:23", "elapsed": 16759.044458, "delta": 13.21665}}
{"target": 5.277114834833801, "params": {"Bgrad": 2.0, "d1": -3.0, "d2": 0.1491185824028414, "d3": -0.97982267261679, "d4": -0.3310708763396081, "p1": 36.26268139730027, "p2": 9.023761617798518, "p3": 8.582981423869407, "p4": 30.602888694876846, "pol1": 0.0023037619409136826, "pol2": 1.0, "pol3": -0.037142201471266935, "pol4": 0.8168790677039608, "v0s": 5.277114834833801}, "datetime": {"datetime": "2022-05-17 00:22:39", "elapsed": 16774.797325, "delta": 15.752867}}
