{"target": -1.0, "params": {"Bgrad": 1.96492441185202, "d1": -2.2265043057836413, "d2": 0.8256308252861184, "d3": -2.0666178109073794, "d4": 0.27759128983698256, "p1": 7.470934209566482, "p2": 25.705236906858133, "p3": 18.200734156713473, "p4": 33.534376347482265, "pol1": -0.6417658193965834, "pol2": 0.15949668170461329, "pol3": -0.9951526246923326, "pol4": -0.14869152953539078, "v0s": 5.0947592540093005}, "datetime": {"datetime": "2022-06-15 21:59:58", "elapsed": 244645.244645, "delta": 18.462996}}
{"target": -1.0, "params": {"Bgrad": 1.7566948997258138, "d1": 0.030550655115581193, "d2": -2.6324334435783165, "d3": -0.49986533050237325, "d4": -0.3599884551914414, "p1": 36.70143680165128, "p2": 27.743001734767375, "p3": 5.367775495031246, "p4": 32.01738903236036, "pol1": 0.34106170598013086, "pol2": -0.499786016896028, "pol3": 0.896550520230641, "pol4": -0.09470176985815493, "v0s": 7.200293833297465}, "datetime": {"datetime": "2022-06-15 22:00:11", "elapsed": 244658.772742, "delta": 13.528097}}
{"target": -1.0, "params": {"Bgrad": 1.4796216389311718, "d1": -0.533859562683404, "d2": -0.8023964808114585, "d3": -0.40973015913143085, "d4": 0.37734100033246243, "p1": 38.84394117184788, "p2": 33.631373322217975, "p3": 1.5922666835990695, "p4": 0.434738616525876, "pol1": -0.2829247100123915, "pol2": -0.9387323576043871, "pol3": 0.03569490647764839, "pol4": -0.9928921983929591, "v0s": 4.884382396655379}, "datetime": {"datetime": "2022-06-15 22:00:28", "elapsed": 244675.61153, "delta": 16.838788}}
{"target": -1.0, "params": {"Bgrad": 1.0664129186639946, "d1": 0.8298561518087446, "d2": -2.776585800029703, "d3": -2.7392361069855795, "d4": 0.3970661889776812, "p1": 39.762893911695265, "p2": 46.79230760858351, "p3": 3.911832429810269, "p4": 31.00498872406266, "pol1": 0.028809747556934218, "pol2": -0.35685191027014174, "pol3": 0.22162290118657713, "pol4": 0.8361555769703164, "v0s": 2.3753930388944666}, "datetime": {"datetime": "2022-06-15 22:00:44", "elapsed": 244691.075294, "delta": 15.463764}}
{"target": -1.0, "params": {"Bgrad": 1.4895892102757489, "d1": -1.8593139742854965, "d2": -1.3782092340896375, "d3": 0.3987781378399955, "d4": -2.5130819784881067, "p1": 42.148553680069014, "p2": 20.21213721816586, "p3": 49.19437393660502, "p4": 45.90078307526444, "pol1": -0.18465123452318477, "pol2": -0.4041593838168662, "pol3": -0.5581072336713353, "pol4": -0.5645281207610053, "v0s": 6.612428385479613}, "datetime": {"datetime": "2022-06-15 22:00:59", "elapsed": 244706.115095, "delta": 15.039801}}
{"target": -1.0, "params": {"Bgrad": 1.633163722794457, "d1": 0.9130129254844221, "d2": -2.6667609124510903, "d3": -2.119266478579982, "d4": 0.9348437437290924, "p1": 27.318718942559105, "p2": 27.683520778327924, "p3": 17.43854976488897, "p4": 35.18932179726889, "pol1": -0.0004724373234747947, "pol2": -0.06101347774086885, "pol3": 0.09954568916060835, "pol4": -0.9496395970548095, "v0s": 5.187563836230527}, "datetime": {"datetime": "2022-06-15 22:01:13", "elapsed": 244720.359024, "delta": 14.243929}}
{"target": -1.0, "params": {"Bgrad": 0.699446841250603, "d1": -1.1642836231129507, "d2": -2.670915190405224, "d3": 0.5558465964835362, "d4": -1.4862975809910015, "p1": 21.517735521088067, "p2": 37.10305908127222, "p3": 7.788725969170374, "p4": 28.751184596071333, "pol1": 0.022095501465105638, "pol2": -0.2633928446504543, "pol3": 0.36667103281200975, "pol4": 0.5889724055824657, "v0s": 4.806106959163374}, "datetime": {"datetime": "2022-06-15 22:01:21", "elapsed": 244728.264893, "delta": 7.905869}}
{"target": -1.0, "params": {"Bgrad": 1.441026658695944, "d1": 0.6501564672760094, "d2": -1.1721125506424213, "d3": -2.4599202113820855, "d4": -0.8270676225219424, "p1": 21.501402779651784, "p2": 38.41565399970352, "p3": 39.88373054171521, "p4": 8.592298593576448, "pol1": -0.12412212735879624, "pol2": -0.4663580103320921, "pol3": 0.9093784492078507, "pol4": 0.8737442677474441, "v0s": 4.606092511888979}, "datetime": {"datetime": "2022-06-15 22:01:38", "elapsed": 244745.696302, "delta": 17.431409}}
{"target": -1.0, "params": {"Bgrad": 1.1465160317243261, "d1": -0.014091398013446277, "d2": -0.6160962016977591, "d3": -1.9637160536227105, "d4": -1.0673197390739895, "p1": 44.505418834004715, "p2": 34.07770459097652, "p3": 28.156326414444177, "p4": 43.837696221298664, "pol1": -0.4474472346709555, "pol2": 0.9936949507995092, "pol3": -0.6003203333538283, "pol4": 0.6795870558340424, "v0s": 6.45405176475001}, "datetime": {"datetime": "2022-06-15 22:01:51", "elapsed": 244758.477141, "delta": 12.780839}}
{"target": -1.0, "params": {"Bgrad": 1.7960808761077283, "d1": -0.660329702073323, "d2": -2.070474944492234, "d3": -1.0659202747411531, "d4": 0.4495008543302301, "p1": 39.89022523390844, "p2": 8.675526842613662, "p3": 49.61049644418275, "p4": 1.5206120593683314, "pol1": -0.21470307344068362, "pol2": 0.5088026306555877, "pol3": 0.9474793657958498, "pol4": -0.7157467157319211, "v0s": 7.544243291919379}, "datetime": {"datetime": "2022-06-15 22:02:05", "elapsed": 244773.057171, "delta": 14.58003}}
{"target": -1.0, "params": {"Bgrad": 0.8285359318296511, "d1": -0.7894458127430815, "d2": -1.268770120982547, "d3": 0.23222041804569704, "d4": -2.445721676351755, "p1": 9.54349605829179, "p2": 28.375625228119894, "p3": 10.497584169107343, "p4": 43.99963242772353, "pol1": 0.1567060090292265, "pol2": 0.8235102099497109, "pol3": 0.5286831647212966, "pol4": -0.05011372177282114, "v0s": 6.154449790609949}, "datetime": {"datetime": "2022-06-15 22:02:17", "elapsed": 244784.123592, "delta": 11.066421}}
{"target": -1.0, "params": {"Bgrad": 0.5897033018869755, "d1": -0.47496587497457954, "d2": 0.9361890575341607, "d3": -2.5224620790805434, "d4": -1.1937333041916998, "p1": 0.9266972350189417, "p2": 34.40639292117991, "p3": 0.9711315722339797, "p4": 22.763611011426566, "pol1": -0.561699179668635, "pol2": 0.6144309921938769, "pol3": 0.29127481351701356, "pol4": 0.33253765778812405, "v0s": 5.299346637548292}, "datetime": {"datetime": "2022-06-15 22:02:24", "elapsed": 244791.937706, "delta": 7.814114}}
{"target": 4.481692602243038, "params": {"Bgrad": 0.8756696046120583, "d1": 0.2627640970006926, "d2": 0.520479821796509, "d3": -1.2467316040142569, "d4": -0.6546807397773651, "p1": 31.21502121526832, "p2": 36.38027798688547, "p3": 29.545187459429645, "p4": 40.329878828742594, "pol1": 0.6481761579255088, "pol2": 0.1131007309042662, "pol3": 0.7659076083800689, "pol4": -0.5941227159050677, "v0s": 4.481692602243038}, "datetime": {"datetime": "2022-06-15 22:02:31", "elapsed": 244799.011798, "delta": 7.074092}}
{"target": -1.0, "params": {"Bgrad": 1.445164774022215, "d1": -2.589709211311521, "d2": -0.12542551685930148, "d3": -1.0812666489037688, "d4": -1.4840246515684967, "p1": 22.592335366696553, "p2": 18.379307765476987, "p3": 11.976902194555949, "p4": 45.79362128693556, "pol1": 0.5987245898214149, "pol2": -0.33211995722507903, "pol3": -0.6618966568211475, "pol4": -0.7667475477195731, "v0s": 6.771997088460926}, "datetime": {"datetime": "2022-06-15 22:02:45", "elapsed": 244812.662313, "delta": 13.650515}}
{"target": -1.0, "params": {"Bgrad": 1.5530423427252873, "d1": -2.699069379435245, "d2": -2.5336240413349835, "d3": 0.6552161347889465, "d4": 0.4790855756552346, "p1": 14.597622221875167, "p2": 5.099998472927219, "p3": 40.44456907692576, "p4": 1.3086832100114576, "pol1": 0.2726953918442516, "pol2": -0.6798259704172804, "pol3": 0.3832488574010544, "pol4": -0.663960607688175, "v0s": 4.09429236378436}, "datetime": {"datetime": "2022-06-15 22:03:02", "elapsed": 244829.187145, "delta": 16.524832}}
{"target": -1.0, "params": {"Bgrad": 0.6831303744779224, "d1": -1.851651875938364, "d2": -2.483610549409666, "d3": -1.1464553152353343, "d4": -0.4023690786695924, "p1": 19.72552843311907, "p2": 47.64792507296127, "p3": 37.743269537087656, "p4": 27.21876653694216, "pol1": 0.1270457838772283, "pol2": -0.35879209338371343, "pol3": 0.025039533899591904, "pol4": 0.5156233943829458, "v0s": 2.0108577528547222}, "datetime": {"datetime": "2022-06-15 22:03:05", "elapsed": 244832.279879, "delta": 3.092734}}
{"target": -1.0, "params": {"Bgrad": 1.220887846063426, "d1": 0.6166261641374433, "d2": 0.39800085602994306, "d3": -2.116018261793435, "d4": -0.05505423168942203, "p1": 29.243681832686452, "p2": 26.27680571617467, "p3": 33.072225642514255, "p4": 31.603380625900947, "pol1": -0.8571652043752329, "pol2": -0.1663155286004736, "pol3": -0.6014055583703335, "pol4": 0.4011668815934635, "v0s": 3.6398619930168543}, "datetime": {"datetime": "2022-06-15 22:03:22", "elapsed": 244849.489879, "delta": 17.21}}
{"target": -1.0, "params": {"Bgrad": 1.1546291516112914, "d1": 0.28650258884510205, "d2": 0.13225194960606146, "d3": 0.4166405993130162, "d4": -1.083784619287366, "p1": 46.32473699998649, "p2": 1.5777344028732765, "p3": 46.91416231720273, "p4": 17.431439629093155, "pol1": 0.6256461533850739, "pol2": 0.8966421938435627, "pol3": 0.7836281433641674, "pol4": 0.3960382347469409, "v0s": 6.021098836761735}, "datetime": {"datetime": "2022-06-15 22:03:36", "elapsed": 244863.915322, "delta": 14.425443}}
{"target": -1.0, "params": {"Bgrad": 1.960366959159519, "d1": -1.1395650598052947, "d2": -2.5839317532495394, "d3": -2.9034103321025078, "d4": 0.5252008170986162, "p1": 1.3095509788146609, "p2": 47.541399464899506, "p3": 28.495882119659306, "p4": 32.87839658531435, "pol1": 0.8183408420868445, "pol2": 0.8039045650121215, "pol3": -0.2182899372443048, "pol4": 0.22507894348266366, "v0s": 5.131012110418883}, "datetime": {"datetime": "2022-06-15 22:03:51", "elapsed": 244878.890297, "delta": 14.974975}}
{"target": 3.1420237328598244, "params": {"Bgrad": 1.72556183201039, "d1": -2.7752687483259226, "d2": -0.4920982094758086, "d3": -1.281046499925588, "d4": 0.4437231875266079, "p1": 34.39332640136862, "p2": 13.051230274159554, "p3": 6.711937546519198, "p4": 27.06708397386005, "pol1": 0.9637988040317298, "pol2": -0.3001854892694358, "pol3": 0.9908234977982675, "pol4": 0.03615044789014754, "v0s": 3.1420237328598244}, "datetime": {"datetime": "2022-06-15 22:04:00", "elapsed": 244887.498289, "delta": 8.607992}}
{"target": -1.0, "params": {"Bgrad": 0.5459234783779803, "d1": -1.7879077301166375, "d2": -2.859687341400974, "d3": -0.6397955000616942, "d4": -0.19351785603927985, "p1": 33.499393097152506, "p2": 17.810492108882592, "p3": 5.582236424538917, "p4": 32.066009543082274, "pol1": -0.8736053674318673, "pol2": 0.2887264022798981, "pol3": 0.6705777642437147, "pol4": -0.8856819172372516, "v0s": 4.135218163148362}, "datetime": {"datetime": "2022-06-15 22:04:08", "elapsed": 244895.082019, "delta": 7.58373}}
{"target": -1.0, "params": {"Bgrad": 1.4280791364403995, "d1": -0.4455968481963479, "d2": -2.208245028753441, "d3": -0.5065485916071957, "d4": -0.769837449381007, "p1": 44.28588818670842, "p2": 34.85127235090019, "p3": 18.213155021816036, "p4": 11.26737815319878, "pol1": 0.2218182734486649, "pol2": -0.4888692525873253, "pol3": -0.8483733874723063, "pol4": 0.6454042085572931, "v0s": 3.3677137923950085}, "datetime": {"datetime": "2022-06-15 22:04:22", "elapsed": 244909.461585, "delta": 14.379566}}
{"target": -1.0, "params": {"Bgrad": 1.0693292312698461, "d1": 0.38594952377139435, "d2": -2.5873973965060935, "d3": 0.8775591325551892, "d4": -0.908705044041012, "p1": 33.6668251157138, "p2": 36.576521533465986, "p3": 49.048940250490055, "p4": 27.637848870252885, "pol1": 0.3994486888306028, "pol2": 0.3653726426052677, "pol3": 0.26046628236672653, "pol4": 0.5986899234461729, "v0s": 4.073926996985508}, "datetime": {"datetime": "2022-06-15 22:04:36", "elapsed": 244924.048596, "delta": 14.587011}}
{"target": 3.6232772546162653, "params": {"Bgrad": 1.2228377483647321, "d1": -2.687509843635874, "d2": 0.6404233533178538, "d3": -0.7630970367608865, "d4": -0.9000553317177795, "p1": 13.347594491265657, "p2": 44.999644278933516, "p3": 0.6956784088914036, "p4": 4.850056805016795, "pol1": -0.8798501500525768, "pol2": -0.5181553148720142, "pol3": -0.006301581076207707, "pol4": -0.07295190517752381, "v0s": 3.6232772546162653}, "datetime": {"datetime": "2022-06-15 22:04:44", "elapsed": 244931.768962, "delta": 7.720366}}
{"target": -1.0, "params": {"Bgrad": 1.3326637802502026, "d1": -2.090659413794693, "d2": -1.5372148128725347, "d3": -2.320147529372334, "d4": -0.3429096833188283, "p1": 4.083359075002252, "p2": 17.164434474392166, "p3": 26.551265887181362, "p4": 27.47650411086873, "pol1": -0.264691282522316, "pol2": 0.2875040794226784, "pol3": -0.6711038400546934, "pol4": 0.4485943300468984, "v0s": 7.551497935384079}, "datetime": {"datetime": "2022-06-15 22:05:01", "elapsed": 244948.974972, "delta": 17.20601}}
{"target": -1.0, "params": {"Bgrad": 1.9847389064072172, "d1": 0.5139302303570981, "d2": -1.9563245534036873, "d3": -2.847626669384319, "d4": 0.8961030601765478, "p1": 27.85599460618408, "p2": 26.98549895968799, "p3": 7.3230566515575415, "p4": 45.624608876966604, "pol1": 0.9152191766746687, "pol2": 0.7192597901451621, "pol3": 0.3855209301221929, "pol4": -0.22819730271264782, "v0s": 7.560367291950074}, "datetime": {"datetime": "2022-06-15 22:05:15", "elapsed": 244962.935658, "delta": 13.960686}}
{"target": -1.0, "params": {"Bgrad": 1.7816995973604661, "d1": 0.3515449612230723, "d2": -0.6637724277538841, "d3": -2.720090129403411, "d4": -2.8973808971430715, "p1": 11.280105984949046, "p2": 4.615116390775747, "p3": 37.255269638883185, "p4": 42.55277226863862, "pol1": 0.08093999932877205, "pol2": 0.22254232742633562, "pol3": -0.053724830935229395, "pol4": 0.8703773550755765, "v0s": 5.676876214273718}, "datetime": {"datetime": "2022-06-15 22:05:30", "elapsed": 244977.773997, "delta": 14.838339}}
{"target": -1.0, "params": {"Bgrad": 1.4305416834427027, "d1": 0.4320264133380367, "d2": -1.4650497877502549, "d3": -2.743561947781346, "d4": -0.039411211200644836, "p1": 42.209464024150975, "p2": 26.011673873340207, "p3": 23.38222666143887, "p4": 4.9312058059576005, "pol1": -0.3734837096536976, "pol2": -0.6252276564217616, "pol3": 0.494849880712134, "pol4": -0.6792671635304042, "v0s": 6.107784921445342}, "datetime": {"datetime": "2022-06-15 22:05:43", "elapsed": 244991.04353, "delta": 13.269533}}
{"target": -1.0, "params": {"Bgrad": 1.1610065372517608, "d1": -2.9829948064582488, "d2": -0.1906483096851299, "d3": 0.17156992974544405, "d4": -1.6460426038487617, "p1": 23.86680080564062, "p2": 2.4358375354414594, "p3": 11.328533950910636, "p4": 34.812846378442316, "pol1": -0.7177253490340492, "pol2": -0.5388180487552003, "pol3": 0.38957531350537633, "pol4": -0.8632690017462337, "v0s": 6.3759947769304075}, "datetime": {"datetime": "2022-06-15 22:05:59", "elapsed": 245006.715641, "delta": 15.672111}}
{"target": 2.1202937972547238, "params": {"Bgrad": 1.4411869038145078, "d1": -0.39173570885618014, "d2": -1.714132415721667, "d3": -0.8462280276318741, "d4": -2.684869547321902, "p1": 14.225810284471125, "p2": 10.143300971834151, "p3": 25.567403496306795, "p4": 32.6104625023412, "pol1": 0.2301735400819367, "pol2": -0.7327258748028485, "pol3": -0.639689307964211, "pol4": -0.00548657076140735, "v0s": 2.1202937972547238}, "datetime": {"datetime": "2022-06-15 22:06:06", "elapsed": 245013.954293, "delta": 7.238652}}
{"target": -1.0, "params": {"Bgrad": 1.60420695056031, "d1": -0.6303024324531714, "d2": -2.364666891810646, "d3": 0.6692470880868249, "d4": -0.8250961554764382, "p1": 49.88813362384973, "p2": 2.1162169332815672, "p3": 40.64732387645806, "p4": 3.869034334886595, "pol1": 0.8804939180713447, "pol2": -0.27712797554521384, "pol3": 0.333224537050139, "pol4": 0.4292136482607394, "v0s": 6.278593024098438}, "datetime": {"datetime": "2022-06-15 22:06:20", "elapsed": 245027.32356, "delta": 13.369267}}
{"target": -1.0, "params": {"Bgrad": 1.540927291958028, "d1": -2.953401271545264, "d2": -2.1180975028133746, "d3": 0.18908748898174288, "d4": 0.1478810875708283, "p1": 40.083102905930076, "p2": 0.39142970618922246, "p3": 2.067306325844104, "p4": 3.6913053108783735, "pol1": 0.7474952966918595, "pol2": -0.045121940124585924, "pol3": 0.4634464160353402, "pol4": -0.5633664940329983, "v0s": 6.018980008553247}, "datetime": {"datetime": "2022-06-15 22:06:34", "elapsed": 245041.844747, "delta": 14.521187}}
{"target": -1.0, "params": {"Bgrad": 1.1660407453101624, "d1": 0.9545607755887251, "d2": -1.8550069631693904, "d3": -2.5660263182988134, "d4": -0.8123955456740206, "p1": 34.05857498990696, "p2": 6.736013374161637, "p3": 26.962202182153522, "p4": 37.219553668277776, "pol1": -0.7763131305427127, "pol2": 0.571342526261893, "pol3": 0.08831722084170934, "pol4": -0.9789509288155318, "v0s": 5.534587367226679}, "datetime": {"datetime": "2022-06-15 22:06:48", "elapsed": 245055.824382, "delta": 13.979635}}
{"target": -1.0, "params": {"Bgrad": 1.70700534401417, "d1": 0.9637722650893674, "d2": 0.9652384761818769, "d3": -1.3441983935406756, "d4": -2.850659980830963, "p1": 48.52060658381661, "p2": 11.026984185915168, "p3": 47.75057865463096, "p4": 48.268640212928524, "pol1": -0.3433266019592438, "pol2": 0.5255139443668886, "pol3": 0.26384361798328326, "pol4": 0.6928615034092254, "v0s": 7.726393720423516}, "datetime": {"datetime": "2022-06-15 22:07:01", "elapsed": 245068.503493, "delta": 12.679111}}
{"target": -1.0, "params": {"Bgrad": 0.8087062136945453, "d1": -1.3626221025214278, "d2": -0.08577177311262396, "d3": -0.6403240350351558, "d4": 0.764783873337227, "p1": 22.344369178502266, "p2": 30.87918910584771, "p3": 4.124411695402608, "p4": 11.520649958260588, "pol1": -0.7560266168178627, "pol2": 0.5333787468243034, "pol3": -0.9614630879800878, "pol4": 0.8819965082073693, "v0s": 7.015337253376979}, "datetime": {"datetime": "2022-06-15 22:07:11", "elapsed": 245078.180627, "delta": 9.677134}}
{"target": -1.0, "params": {"Bgrad": 1.5185141372703195, "d1": -2.885399437135856, "d2": -1.9684090070712625, "d3": -2.4548722625288137, "d4": -0.15720504135667124, "p1": 3.4732957092328154, "p2": 44.49440594996443, "p3": 27.71849925162284, "p4": 5.169453605612801, "pol1": -0.07894890411421596, "pol2": -0.7160298289680862, "pol3": -0.15371251633232053, "pol4": 0.4277463177087302, "v0s": 6.177761644741222}, "datetime": {"datetime": "2022-06-15 22:07:24", "elapsed": 245091.81319, "delta": 13.632563}}
{"target": -1.0, "params": {"Bgrad": 1.0222238388488694, "d1": -1.6049628586050466, "d2": -2.6955017209988554, "d3": -2.649949294139714, "d4": -2.8004757309267463, "p1": 3.7238078983695075, "p2": 19.254470769654734, "p3": 40.81856911172798, "p4": 17.058854993106554, "pol1": 0.01223641011389609, "pol2": 0.24697434738561874, "pol3": 0.17057683289061276, "pol4": -0.7322497433866575, "v0s": 5.716484993728817}, "datetime": {"datetime": "2022-06-15 22:07:36", "elapsed": 245103.107003, "delta": 11.293813}}
{"target": -1.0, "params": {"Bgrad": 1.2835345978408699, "d1": 0.0059125254550522754, "d2": -0.29728765871131113, "d3": -1.0841685491967565, "d4": 0.824536250998535, "p1": 13.045825431354906, "p2": 35.53236327660525, "p3": 10.082095898912218, "p4": 33.180902650549, "pol1": -0.500968548625969, "pol2": -0.5875051413642232, "pol3": -0.2596569131515567, "pol4": 0.017713365490710897, "v0s": 6.085553915375509}, "datetime": {"datetime": "2022-06-15 22:07:51", "elapsed": 245118.082975, "delta": 14.975972}}
{"target": 4.546910195125227, "params": {"Bgrad": 0.9643928930517326, "d1": -1.4706531844823871, "d2": 0.04371373992203065, "d3": -1.679876974305715, "d4": -2.744802381142349, "p1": 2.305222873224211, "p2": 6.746268333392819, "p3": 23.475787486562965, "p4": 19.205205043337877, "pol1": 0.35039689452862377, "pol2": -0.8092108221840744, "pol3": -0.6763902499034327, "pol4": 0.9382878411822158, "v0s": 4.546910195125227}, "datetime": {"datetime": "2022-06-15 22:07:59", "elapsed": 245126.13246, "delta": 8.049485}}
{"target": 3.3943289418703726, "params": {"Bgrad": 1.8740795675403008, "d1": -2.0626171314461814, "d2": 0.930189777006837, "d3": -2.494046968202048, "d4": 0.11969151446190329, "p1": 49.03158360143271, "p2": 24.351313373835737, "p3": 24.494280396327156, "p4": 8.757297516630208, "pol1": 0.2178822763810555, "pol2": -0.5142359186803758, "pol3": 0.4335943161827924, "pol4": -0.05186728552387532, "v0s": 3.3943289418703726}, "datetime": {"datetime": "2022-06-15 22:08:05", "elapsed": 245132.288007, "delta": 6.155547}}
{"target": 4.128945772900648, "params": {"Bgrad": 1.191019853538974, "d1": -2.9015707178647117, "d2": -2.6114748546391136, "d3": -2.594180618564248, "d4": -1.4431150849425372, "p1": 35.79829369405205, "p2": 2.644103639600326, "p3": 0.6243973187949725, "p4": 7.3734981639558494, "pol1": 0.8733505672835511, "pol2": 0.7314700944160497, "pol3": -0.19496055030262838, "pol4": -0.677411940242262, "v0s": 4.128945772900648}, "datetime": {"datetime": "2022-06-15 22:08:12", "elapsed": 245139.912628, "delta": 7.624621}}
{"target": -1.0, "params": {"Bgrad": 1.90224888913911, "d1": -0.4258062533224778, "d2": -1.1157263420875365, "d3": -1.390528940663954, "d4": 0.5862157477051038, "p1": 48.67363864741773, "p2": 38.93377013072117, "p3": 41.66716596303286, "p4": 15.35446706827278, "pol1": 0.8790351574343283, "pol2": -0.09460260658500919, "pol3": -0.6413886138538141, "pol4": 0.19260451919185773, "v0s": 6.10462031731068}, "datetime": {"datetime": "2022-06-15 22:08:27", "elapsed": 245154.111677, "delta": 14.199049}}
{"target": -1.0, "params": {"Bgrad": 1.1560153632010148, "d1": -1.506620954518906, "d2": -0.18274070851235935, "d3": -1.961035628791576, "d4": -0.2546102675963158, "p1": 28.746033371215862, "p2": 16.750355097440895, "p3": 33.834519374749775, "p4": 2.144790488800524, "pol1": 0.09765061924652718, "pol2": 0.1911988490109846, "pol3": -0.42556064829224205, "pol4": -0.2874366059067197, "v0s": 7.178110994345973}, "datetime": {"datetime": "2022-06-15 22:08:43", "elapsed": 245170.227601, "delta": 16.115924}}
