{"target": 4.553742178221873, "params": {"Bgrad": 1.4279554059758555, "d1": -2.247037385706493, "d2": 0.052930039026978466, "d3": -0.8941666571979301, "d4": -2.225907978308681, "p1": 5.176303094945439, "p2": 12.298738258808374, "p3": 35.78811588686801, "p4": 29.800427113649828, "pol1": -0.17607149462889693, "pol2": -0.2068160933347707, "pol3": -0.27429139782631207, "pol4": 0.09482345329240399, "v0s": 4.553742178221873}, "datetime": {"datetime": "2022-06-24 07:15:23", "elapsed": 10842.487635, "delta": 7.604759}}
{"target": -1.0, "params": {"Bgrad": 1.8892647742768771, "d1": -0.43866432421276835, "d2": 0.4165047232572041, "d3": -0.9683383569159458, "d4": -2.8778103067445415, "p1": 4.367425963531235, "p2": 12.53554878429599, "p3": 37.68574254348367, "p4": 30.473671250367506, "pol1": 0.00735829282785927, "pol2": 0.993067196937123, "pol3": 0.8398313757819138, "pol4": -0.8129336832934555, "v0s": 5.491089637601098}, "datetime": {"datetime": "2022-06-24 07:15:34", "elapsed": 10853.424579, "delta": 10.936944}}
{"target": -1.0, "params": {"Bgrad": 1.544528767650791, "d1": -1.2335453192636798, "d2": 0.6074852548925724, "d3": -0.012661332058475416, "d4": -1.9117426571736202, "p1": 4.826687069557228, "p2": 10.76953828435988, "p3": 36.28803362557081, "p4": 24.688932724732165, "pol1": 0.9186010028898524, "pol2": 0.9038719075398898, "pol3": -0.49899510094234123, "pol4": -0.2645284180597798, "v0s": 3.1093316741551087}, "datetime": {"datetime": "2022-06-24 07:15:47", "elapsed": 10866.437559, "delta": 13.01298}}
{"target": 3.7224407525714156, "params": {"Bgrad": 1.7159574347693871, "d1": -2.106384989239702, "d2": 0.3856864691830375, "d3": -0.3530879667497251, "d4": -0.8482752764638377, "p1": 43.223393332342106, "p2": 20.87520525906024, "p3": 26.53332989323218, "p4": 12.394523049888578, "pol1": 0.44653085522800295, "pol2": -0.18438658690775722, "pol3": -0.07721394482638466, "pol4": 0.041063416781071505, "v0s": 3.7224407525714156}, "datetime": {"datetime": "2022-06-24 07:15:54", "elapsed": 10873.710222, "delta": 7.272663}}
{"target": 3.830654899271017, "params": {"Bgrad": 0.8324635680235192, "d1": -1.3179464593052053, "d2": 0.1203723651895, "d3": -1.228500439462166, "d4": -0.9496237864848024, "p1": 3.369307464535464, "p2": 11.0051868499602, "p3": 35.26629206079919, "p4": 28.04440129693396, "pol1": 0.5847509014675177, "pol2": -0.5944936486861644, "pol3": -0.05686874356597814, "pol4": 0.07889799615173529, "v0s": 3.830654899271017}, "datetime": {"datetime": "2022-06-24 07:16:00", "elapsed": 10879.718259, "delta": 6.008037}}
{"target": 2.8683325814356913, "params": {"Bgrad": 1.4492797211090138, "d1": -0.9458134219081974, "d2": -0.8608043464798738, "d3": -1.6380943861420652, "d4": 0.08788437523863935, "p1": 42.523550778117, "p2": 21.671763349398667, "p3": 28.1408282191559, "p4": 15.36231518682631, "pol1": 0.12009952391077518, "pol2": -0.4496898556764866, "pol3": -0.31513286332563856, "pol4": -0.1954992966272862, "v0s": 2.8683325814356913}, "datetime": {"datetime": "2022-06-24 07:16:08", "elapsed": 10887.926977, "delta": 8.208718}}
{"target": 2.925878464069224, "params": {"Bgrad": 1.9985675415273672, "d1": -0.25312626821494577, "d2": 0.16884749362205964, "d3": -1.2503216204389687, "d4": 0.2475894772510041, "p1": 9.988743144239775, "p2": 10.082084772985528, "p3": 34.48138940625185, "p4": 29.942626145753287, "pol1": -0.4295831867070954, "pol2": -0.24517632626167885, "pol3": -0.28819656591016707, "pol4": 0.05542500223630542, "v0s": 2.925878464069224}, "datetime": {"datetime": "2022-06-24 07:16:17", "elapsed": 10896.224404, "delta": 8.297427}}
{"target": 3.0602991308045255, "params": {"Bgrad": 0.8649375666027961, "d1": -0.6807971093179241, "d2": -0.5395489273316536, "d3": -0.13903570725129644, "d4": -1.1999039207705229, "p1": 45.288098617316756, "p2": 22.83068520714055, "p3": 24.938262983085757, "p4": 13.426818590079314, "pol1": -0.7935312938490269, "pol2": -0.17122442532756899, "pol3": 0.28881367290554905, "pol4": 0.6430542457171571, "v0s": 3.0602991308045255}, "datetime": {"datetime": "2022-06-24 07:16:23", "elapsed": 10902.63388, "delta": 6.409476}}
{"target": 2.8865860936289174, "params": {"Bgrad": 0.5059054791661864, "d1": -1.7478030558914894, "d2": -2.4275191898055395, "d3": 0.5833848118518201, "d4": -1.0737152808908128, "p1": 8.434364025900981, "p2": 15.166874538515895, "p3": 35.753625266891554, "p4": 29.89830985050017, "pol1": -0.4299399626430931, "pol2": 0.9540875161943154, "pol3": 0.9726238722819232, "pol4": -0.3074465545500604, "v0s": 2.8865860936289174}, "datetime": {"datetime": "2022-06-24 07:16:29", "elapsed": 10908.926667, "delta": 6.292787}}
{"target": 3.723908017574545, "params": {"Bgrad": 1.2235072073699722, "d1": 0.014863586269122209, "d2": -0.11415368435607842, "d3": -2.6893359798411103, "d4": -0.5844519732337425, "p1": 4.927916221501433, "p2": 12.458478617496716, "p3": 35.91387094139718, "p4": 34.00566006741723, "pol1": -0.25996616960786323, "pol2": -0.49444872380718885, "pol3": -0.5932555214990227, "pol4": -0.5304155175510024, "v0s": 3.723908017574545}, "datetime": {"datetime": "2022-06-24 07:16:37", "elapsed": 10916.392387, "delta": 7.46572}}
{"target": 3.959346200593094, "params": {"Bgrad": 1.4915945862391917, "d1": -2.6897428679197195, "d2": -1.4065239834793881, "d3": -0.6153172179911426, "d4": -0.24960333070652307, "p1": 2.889765954736773, "p2": 12.632084617226097, "p3": 34.38862348469868, "p4": 31.809152578339166, "pol1": -0.04265243907645022, "pol2": 0.551930971366454, "pol3": 0.8537653997197272, "pol4": -0.9239120214163437, "v0s": 3.959346200593094}, "datetime": {"datetime": "2022-06-24 07:16:44", "elapsed": 10923.792205, "delta": 7.399818}}
{"target": 3.7385183775154216, "params": {"Bgrad": 0.6599574306213287, "d1": -2.9752913126173555, "d2": -0.21958329959980372, "d3": -2.361595672883998, "d4": -0.060781180847756744, "p1": 2.6102618345935524, "p2": 12.467252523801786, "p3": 35.082605181383, "p4": 32.91219830345249, "pol1": 0.4486530551783452, "pol2": 0.4476990682258881, "pol3": 0.583917992751837, "pol4": -0.5175087216624714, "v0s": 3.7385183775154216}, "datetime": {"datetime": "2022-06-24 07:16:49", "elapsed": 10928.804414, "delta": 5.012209}}
{"target": -1.0, "params": {"Bgrad": 1.7780746706777693, "d1": -2.5763848999526293, "d2": 0.523521488096379, "d3": -1.2659794887366909, "d4": -1.555918753158601, "p1": 28.698200014282442, "p2": 25.40864178441231, "p3": 7.450018315325623, "p4": 44.01513499015312, "pol1": 0.06551800425923471, "pol2": 0.8124128917741125, "pol3": 0.22484734049749466, "pol4": -0.22790978450954946, "v0s": 2.131488800794064}, "datetime": {"datetime": "2022-06-24 07:16:55", "elapsed": 10934.183662, "delta": 5.379248}}
{"target": -1.0, "params": {"Bgrad": 1.5374936383849065, "d1": 0.5698363940097475, "d2": 0.6261428275744998, "d3": 0.06778818124534558, "d4": -1.9748410230154252, "p1": 48.2642199892475, "p2": 44.50513955783687, "p3": 6.988073643362408, "p4": 12.188610116702437, "pol1": 0.19596349438178495, "pol2": -0.8338104466995475, "pol3": 0.32238436276919424, "pol4": 0.09010165907415058, "v0s": 6.139631983143433}, "datetime": {"datetime": "2022-06-24 07:17:08", "elapsed": 10947.712243, "delta": 13.528581}}
{"target": 5.211717613332834, "params": {"Bgrad": 1.457848336524829, "d1": -2.9483050544920135, "d2": -0.15018024082246306, "d3": -0.49443101478887286, "d4": -2.8490389803364584, "p1": 5.640732377431523, "p2": 12.510698486854643, "p3": 32.574640282726506, "p4": 31.46186362691253, "pol1": -0.961568162558813, "pol2": -0.278234586825322, "pol3": -0.7288900692714053, "pol4": -0.4273592478245114, "v0s": 5.211717613332834}, "datetime": {"datetime": "2022-06-24 07:17:16", "elapsed": 10955.386865, "delta": 7.674622}}
{"target": 4.130293890814711, "params": {"Bgrad": 1.8607193996769338, "d1": -0.71994103585366, "d2": -0.42607361895537554, "d3": -2.0341086310514966, "d4": -2.7479682387665143, "p1": 4.894961313384483, "p2": 10.058777679956716, "p3": 34.85263254552098, "p4": 32.621624604662074, "pol1": -0.3460240981020688, "pol2": 0.9215485818884277, "pol3": 0.07275554584251176, "pol4": -0.33549162979533786, "v0s": 4.130293890814711}, "datetime": {"datetime": "2022-06-24 07:17:23", "elapsed": 10962.430673, "delta": 7.043808}}
{"target": 4.246534999986965, "params": {"Bgrad": 1.9597487010060357, "d1": -2.9748265226795048, "d2": -0.533508323379154, "d3": -0.440632000993614, "d4": -2.2357407588248375, "p1": 5.2292538489700116, "p2": 12.43287681741529, "p3": 35.1153039095223, "p4": 26.415509805262964, "pol1": 0.5392058440675176, "pol2": -0.8709380171054859, "pol3": -0.23206506682698125, "pol4": 0.2811598908458255, "v0s": 4.246534999986965}, "datetime": {"datetime": "2022-06-24 07:17:31", "elapsed": 10970.580991, "delta": 8.150318}}
{"target": 3.4305303918911894, "params": {"Bgrad": 0.6952943020356088, "d1": -1.153090634970213, "d2": -0.546992546755281, "d3": -1.5754077329515548, "d4": -0.49571304900611146, "p1": 5.468504504585842, "p2": 12.997947397807192, "p3": 35.3932512382945, "p4": 35.11243298320344, "pol1": -0.058391006361256936, "pol2": -0.3292799514897973, "pol3": -0.44369524149495176, "pol4": 0.6220658971763109, "v0s": 3.4305303918911894}, "datetime": {"datetime": "2022-06-24 07:17:38", "elapsed": 10977.656201, "delta": 7.07521}}
{"target": 4.36952342207924, "params": {"Bgrad": 1.0502945072970389, "d1": -1.4146196889395908, "d2": 0.843214925193789, "d3": -2.775018627314069, "d4": -1.574518804084947, "p1": 31.90888318917736, "p2": 10.965100203275233, "p3": 38.39931428598782, "p4": 28.732779428067737, "pol1": 0.1178608591886453, "pol2": -0.6730233305834982, "pol3": -0.4709633367259113, "pol4": 0.07846208868019681, "v0s": 4.36952342207924}, "datetime": {"datetime": "2022-06-24 07:17:46", "elapsed": 10985.478448, "delta": 7.822247}}
{"target": -1.0, "params": {"Bgrad": 0.9499686825156817, "d1": -1.932642125283833, "d2": -0.06482643948591527, "d3": -0.6849855845724289, "d4": -1.9726006017052464, "p1": 46.16345469975176, "p2": 21.80702947063957, "p3": 24.005734319529626, "p4": 13.251727004365183, "pol1": -0.23200519876453196, "pol2": -0.5136674282259852, "pol3": -0.6234221354249838, "pol4": 0.4193679835181321, "v0s": 2.146230784429749}, "datetime": {"datetime": "2022-06-24 07:17:53", "elapsed": 10992.532762, "delta": 7.054314}}
{"target": -1.0, "params": {"Bgrad": 0.5315108956721888, "d1": -2.679353771828825, "d2": 0.6178715478822885, "d3": 0.5668005939318275, "d4": -2.2922467073247104, "p1": 5.904270579066545, "p2": 11.534576911506534, "p3": 33.081651455749814, "p4": 31.828781885607928, "pol1": 0.6822321714594104, "pol2": -0.4248290146518965, "pol3": 0.37554137213285843, "pol4": -0.5006054340148325, "v0s": 3.140341158021088}, "datetime": {"datetime": "2022-06-24 07:18:04", "elapsed": 11003.296155, "delta": 10.763393}}
{"target": -1.0, "params": {"Bgrad": 1.771453981201541, "d1": -0.6491480689206308, "d2": -0.39918330016951087, "d3": -2.3604324492071584, "d4": -0.02857280310585386, "p1": 2.1052014259042853, "p2": 33.205000659476866, "p3": 16.22229284148945, "p4": 9.859800330186157, "pol1": 0.804433400596579, "pol2": -0.444374174174055, "pol3": 0.6960165093636681, "pol4": -0.09790188412200274, "v0s": 5.79519258178994}, "datetime": {"datetime": "2022-06-24 07:18:16", "elapsed": 11015.517191, "delta": 12.221036}}
{"target": 3.3323757187582363, "params": {"Bgrad": 1.4449457359721816, "d1": -2.196490761980805, "d2": -0.13348555317021124, "d3": -1.726756188910972, "d4": -2.854754040145517, "p1": 27.386209476173153, "p2": 25.5029807353146, "p3": 4.972654614252943, "p4": 42.99627350041329, "pol1": -0.383393952843449, "pol2": -0.23901014737619244, "pol3": -0.2088787647450076, "pol4": 0.5546351313500001, "v0s": 3.3323757187582363}, "datetime": {"datetime": "2022-06-24 07:18:22", "elapsed": 11021.760611, "delta": 6.24342}}
{"target": 3.615165694990031, "params": {"Bgrad": 1.0143868444426194, "d1": -1.6730623783400569, "d2": -0.513596868455227, "d3": -1.9115587601435435, "d4": -1.2472046304287097, "p1": 5.7037784828680325, "p2": 13.489182875732409, "p3": 36.14064821689206, "p4": 30.772180336488347, "pol1": -0.9527543022215654, "pol2": -0.016403838248165492, "pol3": 0.6802857141277991, "pol4": 0.9289842296561752, "v0s": 3.615165694990031}, "datetime": {"datetime": "2022-06-24 07:18:31", "elapsed": 11030.219615, "delta": 8.459004}}
{"target": 3.3105401856177883, "params": {"Bgrad": 1.402946000339122, "d1": -1.8822195508046256, "d2": -2.957436254794423, "d3": -2.0743109162328697, "d4": -2.9218849190937677, "p1": 7.12869306477989, "p2": 0.853664654074382, "p3": 38.019024507204215, "p4": 17.84111580807598, "pol1": -0.11250763527554786, "pol2": 0.24124657301219488, "pol3": -0.5316349097700512, "pol4": 0.49543726328354465, "v0s": 3.3105401856177883}, "datetime": {"datetime": "2022-06-24 07:18:39", "elapsed": 11038.146085, "delta": 7.92647}}
{"target": -1.0, "params": {"Bgrad": 1.1837593705818121, "d1": -1.195662713597403, "d2": -0.09674365618905023, "d3": -2.5306797386576076, "d4": -0.36432269927588434, "p1": 2.516213202687384, "p2": 12.937398632888497, "p3": 33.814185412232625, "p4": 24.750995302645368, "pol1": 0.03899622200170705, "pol2": -0.2550842730969052, "pol3": -0.03408631103083937, "pol4": 0.5588287523731126, "v0s": 2.910411843823098}, "datetime": {"datetime": "2022-06-24 07:18:46", "elapsed": 11045.2537, "delta": 7.107615}}
{"target": 3.2805140765342014, "params": {"Bgrad": 0.7263693473645414, "d1": -1.8928078212970365, "d2": -0.5078732461418651, "d3": -0.6702061580471228, "d4": 0.35941447773843516, "p1": 7.399947890747588, "p2": 35.43547553325515, "p3": 35.65644975877597, "p4": 36.843026542801546, "pol1": 0.08270925216536895, "pol2": 0.7808258341691985, "pol3": -0.8670291945868742, "pol4": 0.7570262669527523, "v0s": 3.2805140765342014}, "datetime": {"datetime": "2022-06-24 07:18:51", "elapsed": 11050.179641, "delta": 4.925941}}
{"target": 3.5022419384849925, "params": {"Bgrad": 0.5702758333825311, "d1": -2.1773401406983206, "d2": -1.6536478043793394, "d3": -0.24921468596798402, "d4": -2.252060339913282, "p1": 5.6475259041241515, "p2": 8.885029009626216, "p3": 36.101619404351425, "p4": 34.849503456982056, "pol1": 0.5025938919960957, "pol2": 0.1789998514087101, "pol3": 0.5578372854503582, "pol4": -0.7225495248467622, "v0s": 3.5022419384849925}, "datetime": {"datetime": "2022-06-24 07:18:56", "elapsed": 11055.633204, "delta": 5.453563}}
{"target": -1.0, "params": {"Bgrad": 0.8136630212637956, "d1": -1.8174242418919189, "d2": -2.687141249900707, "d3": -1.0073993063736624, "d4": -2.0032460457030625, "p1": 6.840123295734113, "p2": 9.490160962513539, "p3": 36.28052368867818, "p4": 34.09826744043893, "pol1": 0.4640683841645423, "pol2": -0.5237750521378923, "pol3": 0.05021030190177789, "pol4": -0.46934035876159097, "v0s": 2.8755120592046755}, "datetime": {"datetime": "2022-06-24 07:19:04", "elapsed": 11063.404028, "delta": 7.770824}}
{"target": 4.244416959610773, "params": {"Bgrad": 1.637494666059572, "d1": -2.1980275291498836, "d2": -0.05220921307023525, "d3": -0.683486525333094, "d4": -0.8030491123967972, "p1": 8.776360718980872, "p2": 35.98369350690477, "p3": 35.998068902062066, "p4": 34.89419794004307, "pol1": -0.2982854727895887, "pol2": 0.14636522633556248, "pol3": -0.14589432147124987, "pol4": -0.7489428735439765, "v0s": 4.244416959610773}, "datetime": {"datetime": "2022-06-24 07:19:11", "elapsed": 11070.095763, "delta": 6.691735}}
{"target": 3.9792594579112737, "params": {"Bgrad": 0.6844877022730502, "d1": -1.03177865558837, "d2": 0.9908068216151396, "d3": -0.282394798520071, "d4": -2.0814707163660295, "p1": 9.183703131505233, "p2": 34.904574714823326, "p3": 35.396617738191274, "p4": 34.369539243940665, "pol1": -0.5356373004251367, "pol2": 0.362569522717314, "pol3": -0.018360230111377662, "pol4": 0.7297011390449504, "v0s": 3.9792594579112737}, "datetime": {"datetime": "2022-06-24 07:19:16", "elapsed": 11075.307428, "delta": 5.211665}}
{"target": 4.397932282861343, "params": {"Bgrad": 0.6702092800616849, "d1": -1.9601507211069062, "d2": 0.6360101287427757, "d3": -1.6997514957508149, "d4": -0.7318538678678028, "p1": 1.7173870171916188, "p2": 11.540967620718924, "p3": 34.680498493295914, "p4": 26.142402157198426, "pol1": 0.09886570361151194, "pol2": -0.2309154524124547, "pol3": 0.12149694985900414, "pol4": -0.23882386735836222, "v0s": 4.397932282861343}, "datetime": {"datetime": "2022-06-24 07:19:21", "elapsed": 11080.374933, "delta": 5.067505}}
{"target": -1.0, "params": {"Bgrad": 1.460668956142409, "d1": -1.8084251641178137, "d2": -0.7963488335746995, "d3": -0.7064446469565895, "d4": -0.5950646540766629, "p1": 7.105901448989521, "p2": 10.238351525134165, "p3": 35.15552338471283, "p4": 28.054698658602923, "pol1": 0.9932506175716769, "pol2": -0.5551373799829209, "pol3": 0.18598457759778908, "pol4": 0.13709383543137155, "v0s": 4.755929666833322}, "datetime": {"datetime": "2022-06-24 07:19:34", "elapsed": 11093.339505, "delta": 12.964572}}
{"target": 5.1261648205731145, "params": {"Bgrad": 1.8003466583801613, "d1": -1.8287225172904789, "d2": 0.9650272108703004, "d3": -0.26750753840476804, "d4": -1.8064790254523846, "p1": 43.672426365078785, "p2": 21.40709362971481, "p3": 24.704834438470364, "p4": 11.50350460604595, "pol1": -0.7005401978478634, "pol2": -0.30419819942834025, "pol3": 0.8728112512068396, "pol4": -0.771969265296693, "v0s": 5.1261648205731145}, "datetime": {"datetime": "2022-06-24 07:19:43", "elapsed": 11102.889149, "delta": 9.549644}}
{"target": -1.0, "params": {"Bgrad": 0.5055556184723468, "d1": -0.5238542945582654, "d2": -0.4863689845473176, "d3": 0.170289027179936, "d4": -0.9770441261413034, "p1": 44.48920950496194, "p2": 21.094825287185365, "p3": 26.329633463631076, "p4": 13.283105842017129, "pol1": 0.40651856607215353, "pol2": -0.6307839392403876, "pol3": 0.3636616384140281, "pol4": 0.16172720041519661, "v0s": 3.563937260341226}, "datetime": {"datetime": "2022-06-24 07:19:52", "elapsed": 11111.196092, "delta": 8.306943}}
{"target": -1.0, "params": {"Bgrad": 1.810172685065143, "d1": -0.2750908686291802, "d2": -0.6364702845339618, "d3": -2.8825445954293256, "d4": -1.6232193073806447, "p1": 7.74408669422828, "p2": 8.510985463425474, "p3": 36.61654302844755, "p4": 27.395037204657207, "pol1": -0.6777860484873386, "pol2": 0.7365024586731732, "pol3": -0.8225263347081277, "pol4": -0.03742846445512349, "v0s": 2.7223117456587618}, "datetime": {"datetime": "2022-06-24 07:19:56", "elapsed": 11115.83927, "delta": 4.643178}}
{"target": -1.0, "params": {"Bgrad": 1.483403616191466, "d1": -0.8250346938414785, "d2": -1.28361936426874, "d3": -1.062461141938098, "d4": -0.670051779052415, "p1": 44.795244383975806, "p2": 24.230847212431467, "p3": 25.757352849684835, "p4": 14.91937350676672, "pol1": -0.4361275793323798, "pol2": 0.18416432385381953, "pol3": -0.33089912961458423, "pol4": 0.4786071758577992, "v0s": 2.2805703403675763}, "datetime": {"datetime": "2022-06-24 07:20:01", "elapsed": 11120.252565, "delta": 4.413295}}
{"target": 4.021048078655264, "params": {"Bgrad": 1.7848380123321472, "d1": -2.0506375164273813, "d2": -0.9972733319856837, "d3": -0.8293089156838676, "d4": 0.01859704805768514, "p1": 4.042099284217415, "p2": 12.799720345900589, "p3": 34.95404032664359, "p4": 25.26126145030111, "pol1": -0.7499383801436745, "pol2": -0.06495049857479707, "pol3": 0.012203434348255104, "pol4": 0.8087079266630639, "v0s": 4.021048078655264}, "datetime": {"datetime": "2022-06-24 07:20:10", "elapsed": 11129.670552, "delta": 9.417987}}
{"target": -1.0, "params": {"Bgrad": 1.4345806547102335, "d1": -2.2133903330253735, "d2": -1.7044851924431974, "d3": -0.2734804416726542, "d4": -2.822450980141948, "p1": 2.896265965483158, "p2": 11.504161611612924, "p3": 32.09870154712943, "p4": 32.55510299780916, "pol1": -0.7774291959712283, "pol2": -0.982483613545559, "pol3": 0.9122115025411055, "pol4": -0.014460082105633765, "v0s": 5.55257360081554}, "datetime": {"datetime": "2022-06-24 07:20:23", "elapsed": 11142.696429, "delta": 13.025877}}
{"target": -1.0, "params": {"Bgrad": 1.9760616524042511, "d1": -2.157807633520705, "d2": -2.296966483793509, "d3": -0.28146215485646797, "d4": -1.4310534616109063, "p1": 12.088674405614574, "p2": 4.791482961370774, "p3": 30.19523947165871, "p4": 21.998492671421648, "pol1": 0.7940678984733556, "pol2": -0.07014280832232345, "pol3": -0.5511742565440252, "pol4": 0.7122203309596888, "v0s": 4.185722188497808}, "datetime": {"datetime": "2022-06-24 07:20:36", "elapsed": 11155.40368, "delta": 12.707251}}
{"target": -1.0, "params": {"Bgrad": 0.8977685857495419, "d1": -2.8865805719816597, "d2": 0.7162632099580741, "d3": -1.8880838511722455, "d4": -0.9825499730372309, "p1": 30.752001024686983, "p2": 26.051605015916156, "p3": 4.03899737913166, "p4": 43.70293254511695, "pol1": -0.6751187955749669, "pol2": 0.5887261615168173, "pol3": -0.6168666179563684, "pol4": 0.3256806212803145, "v0s": 4.834804980456903}, "datetime": {"datetime": "2022-06-24 07:20:55", "elapsed": 11174.935838, "delta": 19.532158}}
{"target": -1.0, "params": {"Bgrad": 0.6803171725160722, "d1": -1.3703542486937317, "d2": -2.271280474588484, "d3": -0.718764631438285, "d4": -0.1242634743708666, "p1": 3.1578506550350163, "p2": 12.577282480961632, "p3": 34.78900670865913, "p4": 29.375441165577577, "pol1": 0.3173058846396768, "pol2": -0.4504204051243077, "pol3": 0.3560811678989628, "pol4": 0.22613472392266343, "v0s": 3.552730829426873}, "datetime": {"datetime": "2022-06-24 07:21:04", "elapsed": 11184.014793, "delta": 9.078955}}
{"target": -1.0, "params": {"Bgrad": 0.7815725769594624, "d1": 0.28105077326215167, "d2": 0.24413716272279107, "d3": 0.1663950334702622, "d4": -2.4376666201681587, "p1": 1.695882493405404, "p2": 32.94809408423052, "p3": 17.06167919416202, "p4": 10.489487171024352, "pol1": -0.46840059398685785, "pol2": 0.6785896121088921, "pol3": -0.021663639689655234, "pol4": 0.7752238504491547, "v0s": 5.255577443376657}, "datetime": {"datetime": "2022-06-24 07:21:17", "elapsed": 11196.482775, "delta": 12.467982}}
