{"target": 4.675740051507697, "params": {"Bgrad": 0.5, "d1": -2.8541942254694246, "d2": 0.6739173399274537, "d3": -1.4599127405972294, "d4": -2.0852694940167003, "p1": 29.0924428256204, "p2": 9.987593731653888, "p3": 15.046948715060486, "p4": 26.900298831794803, "pol1": 0.4849248220431262, "pol2": -0.20567605350080503, "pol3": -1.0, "pol4": -0.16693124321738695, "v0s": 4.675740051507697}, "datetime": {"datetime": "2022-05-17 17:04:23", "elapsed": 76878.525845, "delta": 27.156427}}
{"target": 3.9081285197990314, "params": {"Bgrad": 0.6429444258420994, "d1": -1.8312647405332594, "d2": 1.0, "d3": -2.4632666759650843, "d4": -3.0, "p1": 46.823328801317764, "p2": 17.298009043824116, "p3": 24.98804106206086, "p4": 10.497264344018165, "pol1": 0.8636363714704479, "pol2": -0.9580595225499349, "pol3": 0.8148541398816453, "pol4": 0.7769645128827506, "v0s": 3.9081285197990314}, "datetime": {"datetime": "2022-05-17 17:04:49", "elapsed": 76904.233647, "delta": 25.707802}}
{"target": 5.073570778895819, "params": {"Bgrad": 1.7423244010000158, "d1": -2.137894110748972, "d2": 0.5285077761958696, "d3": -1.7739722582075985, "d4": 0.008153469616607012, "p1": 29.95816942366169, "p2": 29.87855475235473, "p3": 8.364763408185894, "p4": 44.39495375716498, "pol1": -0.3593012664886437, "pol2": 0.6209014748364479, "pol3": 0.9390311307206345, "pol4": -0.8228336505744367, "v0s": 5.073570778895819}, "datetime": {"datetime": "2022-05-17 17:05:19", "elapsed": 76934.31076, "delta": 30.077113}}
{"target": 4.304227297908025, "params": {"Bgrad": 0.8103266360864814, "d1": -1.7278461709315698, "d2": 0.7442815701031584, "d3": -2.065861659730595, "d4": -0.2814771372068212, "p1": 43.29093249337943, "p2": 14.161061014566956, "p3": 26.5884668500144, "p4": 10.839357678885369, "pol1": 0.5509700872798897, "pol2": 0.4679177580578002, "pol3": -0.6663851498061113, "pol4": -0.735945639588687, "v0s": 4.304227297908025}, "datetime": {"datetime": "2022-05-17 17:05:44", "elapsed": 76959.458725, "delta": 25.147965}}
{"target": 4.454983581017509, "params": {"Bgrad": 1.8128858095364482, "d1": -2.8121473975804534, "d2": 0.7171707542248362, "d3": -2.0082342177006636, "d4": -2.712247922390697, "p1": 25.842636387188893, "p2": 10.437382006518824, "p3": 36.65066054464978, "p4": 29.683348526002057, "pol1": 0.006507025927393606, "pol2": 0.13498522928107604, "pol3": 0.43013673700563726, "pol4": 0.47595652721284476, "v0s": 4.454983581017509}, "datetime": {"datetime": "2022-05-17 17:06:23", "elapsed": 76998.914997, "delta": 39.456272}}
{"target": -1.0, "params": {"Bgrad": 0.7142426427490318, "d1": -2.259734569024227, "d2": 0.33927223117970184, "d3": -2.263706454752582, "d4": -1.3638096560640496, "p1": 7.290023174693072, "p2": 27.282105327257412, "p3": 40.98199786622265, "p4": 21.885405458849007, "pol1": -0.8347833537277594, "pol2": 0.3924398069638415, "pol3": -0.47903926941690167, "pol4": 0.816588346903921, "v0s": 6.066852364929498}, "datetime": {"datetime": "2022-05-17 17:06:51", "elapsed": 77026.240039, "delta": 27.325042}}
{"target": 4.101510948702698, "params": {"Bgrad": 1.7096113123697572, "d1": -2.815791919008348, "d2": -1.2862876748445262, "d3": -1.6101578608657587, "d4": -0.462156634973641, "p1": 6.03220878032042, "p2": 33.412405199915206, "p3": 40.47693173391371, "p4": 31.257777236148048, "pol1": 0.8569685696777429, "pol2": 0.26587550691304296, "pol3": -0.7565985348770976, "pol4": 0.07470270851061755, "v0s": 4.101510948702698}, "datetime": {"datetime": "2022-05-17 17:07:19", "elapsed": 77054.872613, "delta": 28.632574}}
{"target": 4.860049045570035, "params": {"Bgrad": 0.5, "d1": -1.7626994601499073, "d2": 1.0, "d3": -0.8904358149081189, "d4": -2.7250281537701158, "p1": 38.55435673461023, "p2": 46.75567108604687, "p3": 16.035975147889527, "p4": 12.478930426842615, "pol1": 0.35013813056569254, "pol2": 0.4613298814249415, "pol3": -0.22811104705210644, "pol4": -0.024290031833969595, "v0s": 4.860049045570035}, "datetime": {"datetime": "2022-05-17 17:07:46", "elapsed": 77081.255577, "delta": 26.382964}}
{"target": 3.7055860773505884, "params": {"Bgrad": 1.1390543472270458, "d1": -2.406061078932366, "d2": -2.2042476977864562, "d3": -1.581983553037631, "d4": -2.941220217637604, "p1": 34.398409982638384, "p2": 7.813046851243871, "p3": 36.71595326978991, "p4": 32.093345811377894, "pol1": -0.8196904486346639, "pol2": 0.27962615725054163, "pol3": 0.6394010847992428, "pol4": -0.8143398591767192, "v0s": 3.7055860773505884}, "datetime": {"datetime": "2022-05-17 17:08:11", "elapsed": 77106.933463, "delta": 25.677886}}
{"target": 2.1696039313365083, "params": {"Bgrad": 1.7994605732973623, "d1": -2.8768039145684914, "d2": 0.7818400675713093, "d3": -2.059147172843247, "d4": -2.4638428898063416, "p1": 24.39702137231977, "p2": 32.47742539584642, "p3": 6.448498312752227, "p4": 46.44009864970057, "pol1": -0.5177019593188401, "pol2": -0.316524781775545, "pol3": -0.7284885747171772, "pol4": -0.8597593857905836, "v0s": 2.1696039313365083}, "datetime": {"datetime": "2022-05-17 17:08:36", "elapsed": 77131.32423, "delta": 24.390767}}
{"target": 4.927510411308073, "params": {"Bgrad": 0.5, "d1": -1.2638290413182307, "d2": 0.9374905910933243, "d3": -1.3732461049364209, "d4": -0.7612256538492602, "p1": 2.1854232994685305, "p2": 34.6854906035221, "p3": 31.671797714048203, "p4": 35.238506807848154, "pol1": 0.26002657336507523, "pol2": -0.5924501757311768, "pol3": 0.28083056866151335, "pol4": -1.0, "v0s": 4.927510411308073}, "datetime": {"datetime": "2022-05-17 17:09:19", "elapsed": 77174.227914, "delta": 42.903684}}
{"target": 4.499005960624431, "params": {"Bgrad": 1.1763590133004567, "d1": -2.182344102934938, "d2": 1.0, "d3": -2.6475243272807836, "d4": -2.769682920930576, "p1": 4.38273023455941, "p2": 32.945019606394965, "p3": 32.193505431953305, "p4": 39.72475987865233, "pol1": -0.4728199528443811, "pol2": -0.16227265593458254, "pol3": -0.2600320593714849, "pol4": 0.2279782062437067, "v0s": 4.499005960624431}, "datetime": {"datetime": "2022-05-17 17:09:57", "elapsed": 77213.100326, "delta": 38.872412}}
{"target": 5.221810978615891, "params": {"Bgrad": 2.0, "d1": -3.0, "d2": -0.377450353184469, "d3": -1.5490514092419851, "d4": -0.44841720560946347, "p1": 35.634790792753265, "p2": 7.096176389206024, "p3": 35.69832085270898, "p4": 7.20072970553316, "pol1": 1.0, "pol2": -1.0, "pol3": -0.3951300870397652, "pol4": -0.36118994128597254, "v0s": 5.221810978615891}, "datetime": {"datetime": "2022-05-17 17:10:28", "elapsed": 77243.666684, "delta": 30.566358}}
{"target": 4.486371097140788, "params": {"Bgrad": 1.612972920015395, "d1": -2.49918404304832, "d2": 0.7753067436743443, "d3": -2.851906120738436, "d4": -1.8170483602875336, "p1": 5.005897240616758, "p2": 37.38858408399294, "p3": 30.897234882489393, "p4": 40.017923910644775, "pol1": 0.14719211595527668, "pol2": -0.06349315315095366, "pol3": 0.61226304822542, "pol4": -0.3687285461541421, "v0s": 4.486371097140788}, "datetime": {"datetime": "2022-05-17 17:10:55", "elapsed": 77270.530927, "delta": 26.864243}}
{"target": 4.93946836991246, "params": {"Bgrad": 0.6906468518161408, "d1": -3.0, "d2": 0.7398459965668566, "d3": -1.6577304460782716, "d4": -1.5479847242887572, "p1": 32.73002266111659, "p2": 6.969495161663019, "p3": 37.865584384474374, "p4": 31.49335138872892, "pol1": -0.35102374060410313, "pol2": 0.4268435907945026, "pol3": 0.5762960103362805, "pol4": -0.029415249561430133, "v0s": 4.93946836991246}, "datetime": {"datetime": "2022-05-17 17:11:28", "elapsed": 77303.899952, "delta": 33.369025}}
{"target": 4.346355108814503, "params": {"Bgrad": 0.5, "d1": -1.9817350567936785, "d2": -3.0, "d3": -2.630576227233678, "d4": -1.3707181146936067, "p1": 6.017692040877261, "p2": 3.2352316240651615, "p3": 38.84536600677333, "p4": 21.480108888303473, "pol1": 0.21903277160756418, "pol2": 1.0, "pol3": -0.13535327701438532, "pol4": -0.7375126750951297, "v0s": 4.346355108814503}, "datetime": {"datetime": "2022-05-17 17:11:56", "elapsed": 77331.819374, "delta": 27.919422}}
{"target": 5.440936574320041, "params": {"Bgrad": 1.3388982149569142, "d1": -1.9869056037498136, "d2": 0.2441082185719791, "d3": -0.8375717810272401, "d4": -3.0, "p1": 2.0049129674359216, "p2": 13.6579530426078, "p3": 37.808096264790045, "p4": 47.97375948644475, "pol1": 0.46282116158148623, "pol2": 0.3166854951343387, "pol3": 0.19481224917380627, "pol4": -0.30210927244030744, "v0s": 5.440936574320041}, "datetime": {"datetime": "2022-05-17 17:12:32", "elapsed": 77368.120523, "delta": 36.301149}}
{"target": 3.858215284929353, "params": {"Bgrad": 1.1936193790142633, "d1": -2.114227286741733, "d2": 0.690797878864117, "d3": -1.9323250992807888, "d4": -1.727561353868941, "p1": 7.942595991447005, "p2": 23.363051416962684, "p3": 45.26473040539229, "p4": 21.75645388741212, "pol1": 0.8244118278655369, "pol2": -0.5643606001620892, "pol3": -0.23655529506588358, "pol4": -0.5179022417156017, "v0s": 3.858215284929353}, "datetime": {"datetime": "2022-05-17 17:13:00", "elapsed": 77395.758645, "delta": 27.638122}}
{"target": -1.0, "params": {"Bgrad": 0.7749138524413939, "d1": -2.361694247217063, "d2": -1.3577948474341968, "d3": -0.5480614191614568, "d4": -0.2012648155651009, "p1": 5.441193299390202, "p2": 33.33469341247582, "p3": 39.1769328806087, "p4": 30.602576015720008, "pol1": -0.05436640578626606, "pol2": 0.7032044356396798, "pol3": 0.0752553303299286, "pol4": -0.02964841471648616, "v0s": 4.9372360390179395}, "datetime": {"datetime": "2022-05-17 17:13:34", "elapsed": 77430.177257, "delta": 34.418612}}
{"target": 5.109607000258357, "params": {"Bgrad": 1.0914356302173571, "d1": -3.0, "d2": 1.0, "d3": -0.8403321070872465, "d4": -0.47762404953733817, "p1": 28.48385962435582, "p2": 10.023928520131575, "p3": 10.035652194418738, "p4": 25.597659053779093, "pol1": 0.8691654441286953, "pol2": -0.08024249650544181, "pol3": 0.3818674413636138, "pol4": 0.18099854565288653, "v0s": 5.109607000258357}, "datetime": {"datetime": "2022-05-17 17:14:46", "elapsed": 77501.305507, "delta": 71.12825}}
{"target": 2.0935654487992634, "params": {"Bgrad": 1.5242577682724092, "d1": -0.9223832563887684, "d2": -0.7233014116333267, "d3": -1.731792859854877, "d4": -0.20069873056625287, "p1": 34.39011308502858, "p2": 6.395295614761204, "p3": 36.665202974834024, "p4": 6.804640424648739, "pol1": 0.6618061881180639, "pol2": -0.03600545852674619, "pol3": -0.8065805823694454, "pol4": -0.5099181325077544, "v0s": 2.0935654487992634}, "datetime": {"datetime": "2022-05-17 17:15:38", "elapsed": 77553.992542, "delta": 52.687035}}
{"target": -1.0, "params": {"Bgrad": 1.7791205787702438, "d1": -1.6111707297869808, "d2": -0.42362001470117017, "d3": -1.9233169149568758, "d4": -0.9146265842899719, "p1": 42.27353878234443, "p2": 14.58835777910504, "p3": 27.824608112286057, "p4": 10.580140848952967, "pol1": -0.3195169310537238, "pol2": 0.5562719237460431, "pol3": -0.5732022292790449, "pol4": -0.5214594079840748, "v0s": 5.213708830948968}, "datetime": {"datetime": "2022-05-17 17:16:27", "elapsed": 77603.101316, "delta": 49.108774}}
{"target": 4.423690886834929, "params": {"Bgrad": 1.781183222211808, "d1": -1.4895911791824479, "d2": 0.12728787296348587, "d3": -0.828762188697175, "d4": -2.0727473735802513, "p1": 6.241542938763278, "p2": 39.444546188982734, "p3": 31.653847974874903, "p4": 44.527115509407096, "pol1": 0.3649141250213861, "pol2": -0.6052594212529387, "pol3": 0.7758724026594641, "pol4": 0.06695063214868657, "v0s": 4.423690886834929}, "datetime": {"datetime": "2022-05-17 17:17:00", "elapsed": 77635.623037, "delta": 32.521721}}
{"target": 4.81819306725999, "params": {"Bgrad": 0.9382517451278934, "d1": -0.731094732728898, "d2": 1.0, "d3": -2.462097371808843, "d4": 0.2844691849630613, "p1": 30.53567286681005, "p2": 13.257496397880624, "p3": 31.19550906739272, "p4": 26.674380796471517, "pol1": 0.24361273592841967, "pol2": -1.0, "pol3": -1.0, "pol4": 0.6503193984619402, "v0s": 4.81819306725999}, "datetime": {"datetime": "2022-05-17 17:17:32", "elapsed": 77667.558654, "delta": 31.935617}}
{"target": 5.388150351894203, "params": {"Bgrad": 0.9569956279501045, "d1": -2.151370583993163, "d2": -0.5357003095382318, "d3": -2.1871894603271915, "d4": 0.06706082934151958, "p1": 1.7890967599089702, "p2": 38.98880345812164, "p3": 40.304411573491954, "p4": 28.943571289614578, "pol1": -0.09565022751281926, "pol2": -0.2901060028984428, "pol3": -0.15924324898680542, "pol4": 0.7087031948581937, "v0s": 5.388150351894203}, "datetime": {"datetime": "2022-05-17 17:18:01", "elapsed": 77696.825461, "delta": 29.266807}}
{"target": 2.5172492346706052, "params": {"Bgrad": 0.8090168973219423, "d1": -2.828659951105545, "d2": -1.595531703117731, "d3": -1.9344491129494426, "d4": -2.9179360952671765, "p1": 6.033875119063464, "p2": 34.35270105898563, "p3": 40.17375720597021, "p4": 28.249298062456475, "pol1": -0.5338795950446338, "pol2": -0.44253035647884187, "pol3": -0.3217184512625504, "pol4": -0.3194505423762828, "v0s": 2.5172492346706052}, "datetime": {"datetime": "2022-05-17 17:18:46", "elapsed": 77742.011448, "delta": 45.185987}}
{"target": 4.712833874162331, "params": {"Bgrad": 1.184997078664158, "d1": -1.8279845910990418, "d2": 0.5027770175742469, "d3": -2.8479110937256693, "d4": -1.408454992266658, "p1": 31.32487728385094, "p2": 10.210365274146353, "p3": 41.205880059505574, "p4": 35.82157712307018, "pol1": 0.4522683642704423, "pol2": -0.34829540223609773, "pol3": -0.6189689286488496, "pol4": 1.0, "v0s": 4.712833874162331}, "datetime": {"datetime": "2022-05-17 17:19:17", "elapsed": 77772.371373, "delta": 30.359925}}
{"target": -1.0, "params": {"Bgrad": 0.970471952157155, "d1": -2.0695778765736157, "d2": -0.3425718981431123, "d3": -1.8772318492857019, "d4": -2.018114744416959, "p1": 21.449964265218256, "p2": 16.478517556134385, "p3": 34.52887769703713, "p4": 23.06213865389715, "pol1": -0.31408295018878096, "pol2": 0.9397976847755589, "pol3": 0.7757546408907383, "pol4": -0.552927591270528, "v0s": 5.549267161896712}, "datetime": {"datetime": "2022-05-17 17:19:51", "elapsed": 77806.366784, "delta": 33.995411}}
{"target": 4.323003666521646, "params": {"Bgrad": 1.923205358970945, "d1": -2.449377447188181, "d2": 0.402693362715135, "d3": -0.669021601779709, "d4": -0.26159144535134926, "p1": 8.202728049433194, "p2": 36.1558428790052, "p3": 34.51038739875639, "p4": 34.6194821508647, "pol1": 0.8253225551545689, "pol2": -0.44371381182619096, "pol3": -0.5512201233686453, "pol4": -0.4241835953544797, "v0s": 4.323003666521646}, "datetime": {"datetime": "2022-05-17 17:20:18", "elapsed": 77833.373084, "delta": 27.0063}}
{"target": -1.0, "params": {"Bgrad": 0.7000702633024493, "d1": -2.8810759728727144, "d2": -0.9696596246775071, "d3": -0.6731006517587472, "d4": -1.4018570534115113, "p1": 0.8816935532918901, "p2": 32.096443930254026, "p3": 28.820864822510327, "p4": 41.02512438421598, "pol1": 0.33944804048861, "pol2": -0.544193576350855, "pol3": -0.5013434659349618, "pol4": -0.42038658756419656, "v0s": 5.7145313931737185}, "datetime": {"datetime": "2022-05-17 17:20:58", "elapsed": 77873.46363, "delta": 40.090546}}
{"target": -1.0, "params": {"Bgrad": 1.5714888016469175, "d1": -1.66692720906822, "d2": 0.4886569080685228, "d3": -1.2890772613852737, "d4": -2.198478746183673, "p1": 36.98179655198104, "p2": 6.771231242822006, "p3": 40.245243725878716, "p4": 29.604457238099602, "pol1": -0.18767527663401196, "pol2": -0.6451660760981452, "pol3": -0.48745757206719653, "pol4": -0.5772230892242665, "v0s": 5.706728785904286}, "datetime": {"datetime": "2022-05-17 17:21:39", "elapsed": 77914.668218, "delta": 41.204588}}
{"target": -1.0, "params": {"Bgrad": 1.779887951410374, "d1": -1.8160278525516782, "d2": -0.2166078175462154, "d3": -1.9306323709018671, "d4": -2.596432074169156, "p1": 28.758823185249817, "p2": 11.109243976188294, "p3": 35.02425685470491, "p4": 27.763645147664533, "pol1": 0.5122875733641012, "pol2": 0.06233647072467874, "pol3": 0.19327427713459655, "pol4": -0.27333404202516465, "v0s": 3.087372047118725}, "datetime": {"datetime": "2022-05-17 17:22:14", "elapsed": 77949.676845, "delta": 35.008627}}
{"target": 3.944239701912339, "params": {"Bgrad": 1.6620477092391717, "d1": -2.2318398596480864, "d2": 1.0, "d3": -1.9164468553397038, "d4": -1.9990725283825976, "p1": 27.14162659017962, "p2": 10.254609151290115, "p3": 9.63075020639232, "p4": 23.69410208926332, "pol1": -0.24406399103090962, "pol2": -0.3394920963671819, "pol3": 1.0, "pol4": -0.22341539263848284, "v0s": 3.944239701912339}, "datetime": {"datetime": "2022-05-17 17:22:42", "elapsed": 77977.579912, "delta": 27.903067}}
{"target": 5.011328328844751, "params": {"Bgrad": 1.9758260640993766, "d1": -1.1128642041010344, "d2": 0.1796925808834291, "d3": -2.8231208648242507, "d4": -1.1327215067212992, "p1": 7.394536387991185, "p2": 39.50070716760687, "p3": 31.90603401748659, "p4": 44.273678729200135, "pol1": 0.19502508407433838, "pol2": -0.8985243837234174, "pol3": 0.14640898408992542, "pol4": 0.45468228767754515, "v0s": 5.011328328844751}, "datetime": {"datetime": "2022-05-17 17:23:25", "elapsed": 78020.321589, "delta": 42.741677}}
{"target": -1.0, "params": {"Bgrad": 1.946259324729521, "d1": -1.2331991673120692, "d2": -0.5171690550645602, "d3": 0.7117766098695771, "d4": 1.0, "p1": 34.20146291701695, "p2": 8.291488070887631, "p3": 35.05106518492189, "p4": 7.873572555158449, "pol1": 0.1966527899214949, "pol2": -0.41295757395697735, "pol3": -0.2406952045566414, "pol4": 0.46433017976631097, "v0s": 3.0949344600696858}, "datetime": {"datetime": "2022-05-17 17:23:57", "elapsed": 78052.482285, "delta": 32.160696}}
{"target": -1.0, "params": {"Bgrad": 1.3588753947666896, "d1": -2.7698207474903405, "d2": -0.010108646423140577, "d3": -2.767279636972022, "d4": -2.0916684225110282, "p1": 30.193172228869496, "p2": 30.827804904527255, "p3": 8.134400986681728, "p4": 44.07020174635862, "pol1": 0.6468449996847694, "pol2": -0.9261628541263001, "pol3": -0.8925755003888307, "pol4": 0.5945811437101307, "v0s": 5.768400575675955}, "datetime": {"datetime": "2022-05-17 17:24:37", "elapsed": 78093.216212, "delta": 40.733927}}
{"target": 4.200685022643453, "params": {"Bgrad": 1.6883380611388792, "d1": -2.058500053390007, "d2": 0.6629539164099887, "d3": -2.4545392350084847, "d4": -1.9166188362032281, "p1": 33.98890649936296, "p2": 6.026696965536993, "p3": 39.699685391837896, "p4": 25.400236152772425, "pol1": -0.0815645605083708, "pol2": -0.9605267694761335, "pol3": -0.49409464160649086, "pol4": 0.10930579795318218, "v0s": 4.200685022643453}, "datetime": {"datetime": "2022-05-17 17:25:12", "elapsed": 78128.033004, "delta": 34.816792}}
{"target": 3.937016509376437, "params": {"Bgrad": 2.0, "d1": -2.454527323955683, "d2": 1.0, "d3": -1.8670914332663258, "d4": -0.8399991174595184, "p1": 30.60736500170685, "p2": 11.911098083230549, "p3": 39.34549316778582, "p4": 27.33911870179885, "pol1": 1.0, "pol2": -0.28022308113151295, "pol3": -1.0, "pol4": 0.012844500934443222, "v0s": 3.937016509376437}, "datetime": {"datetime": "2022-05-17 17:25:53", "elapsed": 78168.552125, "delta": 40.519121}}
{"target": 4.942977419506214, "params": {"Bgrad": 0.5121268318024434, "d1": -2.283684646489748, "d2": 0.20005509434031232, "d3": -1.8310654524211292, "d4": -2.0037433410864303, "p1": 29.471176283696245, "p2": 15.13341801642728, "p3": 30.784753762131974, "p4": 28.41544884110635, "pol1": -0.804477881186344, "pol2": -0.2925955210983502, "pol3": -0.8799692521938727, "pol4": -0.7573901231884563, "v0s": 4.942977419506214}, "datetime": {"datetime": "2022-05-17 17:26:28", "elapsed": 78204.120869, "delta": 35.568744}}
{"target": 5.0070286357416025, "params": {"Bgrad": 0.9336022603764864, "d1": -2.844131449113227, "d2": -2.380150343796365, "d3": -0.36092710918623805, "d4": -1.5337911123647467, "p1": 2.235315883718508, "p2": 14.436308913576717, "p3": 36.95332766852033, "p4": 47.4785881085259, "pol1": -0.3891360165644271, "pol2": -0.5984640295547126, "pol3": 0.5959354742041527, "pol4": -0.6329147011727216, "v0s": 5.0070286357416025}, "datetime": {"datetime": "2022-05-17 17:27:08", "elapsed": 78243.482854, "delta": 39.361985}}
{"target": 5.039358638545255, "params": {"Bgrad": 2.0, "d1": -2.6451446703479298, "d2": 0.798953792143399, "d3": -0.8396857606115471, "d4": -3.0, "p1": 30.546628184099855, "p2": 12.222576875967919, "p3": 36.695565222738956, "p4": 26.14223099834966, "pol1": 1.0, "pol2": 0.928214585521628, "pol3": -0.9485180303186003, "pol4": 0.15456100215262136, "v0s": 5.039358638545255}, "datetime": {"datetime": "2022-05-17 17:27:46", "elapsed": 78282.123814, "delta": 38.64096}}
{"target": 3.903334029116767, "params": {"Bgrad": 1.0658884745645993, "d1": -0.5321342022470485, "d2": 0.5536943529969833, "d3": -2.9041439881777333, "d4": -1.5921986861703483, "p1": 7.6383972389693024, "p2": 39.6552298289355, "p3": 31.623060671355436, "p4": 47.82674672735446, "pol1": 0.02354308671543537, "pol2": 0.18965508451269342, "pol3": -0.506262240310801, "pol4": 0.31914366792212734, "v0s": 3.903334029116767}, "datetime": {"datetime": "2022-05-17 17:28:26", "elapsed": 78321.938774, "delta": 39.81496}}
{"target": 5.259690704827328, "params": {"Bgrad": 1.7419753264570474, "d1": -3.0, "d2": 0.25080179533023705, "d3": -1.355233288912056, "d4": -1.0586389918887713, "p1": 32.929003803168776, "p2": 6.239593745558255, "p3": 7.697600522604753, "p4": 24.805759871621365, "pol1": 0.05344644938828643, "pol2": -1.0, "pol3": 0.6550421131210135, "pol4": -0.5754520663593468, "v0s": 5.259690704827328}, "datetime": {"datetime": "2022-05-17 17:28:55", "elapsed": 78350.288655, "delta": 28.349881}}
{"target": -1.0, "params": {"Bgrad": 0.852974875830031, "d1": -2.7788072723215835, "d2": -0.21247090747741293, "d3": 0.2004494360380269, "d4": 0.5298432244782108, "p1": 30.295359779686137, "p2": 10.812662094599673, "p3": 13.559709311671298, "p4": 27.97414794950947, "pol1": 0.8719611079318372, "pol2": -0.0037382201703100026, "pol3": -0.5153137199281705, "pol4": 0.6943236609814831, "v0s": 4.02318526027182}, "datetime": {"datetime": "2022-05-17 17:29:41", "elapsed": 78396.7927, "delta": 46.504045}}
