{"target": -1.0, "params": {"Bgrad": 0.6326250178724713, "d1": 0.6778042627523124, "d2": 0.7689556374419069, "d3": -0.011236348902176285, "d4": -1.108392214477763, "p1": 40.47018306154697, "p2": 41.4317116251773, "p3": 31.825086846153315, "p4": 37.54661666989241, "pol1": 0.062039404977997314, "pol2": -0.0957458960510309, "pol3": 0.17397535905610217, "pol4": 0.5473531391183746, "v0s": 3.446940928419167}, "datetime": {"datetime": "2022-04-29 16:42:42", "elapsed": 90675.299635, "delta": 18.00087}}
{"target": -1.0, "params": {"Bgrad": 1.7885195516397734, "d1": -2.2448390730137633, "d2": -0.3691092071837301, "d3": -1.5502862182808577, "d4": -1.2666113245525712, "p1": 44.870669577506526, "p2": 25.86578987244868, "p3": 22.395198719852267, "p4": 6.193714613389478, "pol1": -0.05199988016465129, "pol2": 0.9251662534921818, "pol3": -0.2284436835883874, "pol4": 0.581581783402239, "v0s": 5.5284709295293535}, "datetime": {"datetime": "2022-04-29 16:43:16", "elapsed": 90709.136162, "delta": 33.836527}}
{"target": -1.0, "params": {"Bgrad": 1.315642379749297, "d1": -0.8268296569949292, "d2": 0.08972994945480028, "d3": -0.047922681728493455, "d4": -2.1875750809644647, "p1": 39.786468938576455, "p2": 43.248844559880474, "p3": 32.20500798534698, "p4": 35.511253109322475, "pol1": -0.4299149192800751, "pol2": -0.27831997548348064, "pol3": -0.14866969854471113, "pol4": -0.46892434997172683, "v0s": 2.5261645716964187}, "datetime": {"datetime": "2022-04-29 16:43:32", "elapsed": 90724.813244, "delta": 15.677082}}
{"target": 5.149161043301613, "params": {"Bgrad": 0.5416894529087308, "d1": -2.352819000575996, "d2": 0.576274825763242, "d3": -1.4875486291095918, "d4": -0.6002076478665068, "p1": 5.6178077896539556, "p2": 12.408548980460187, "p3": 34.78663889331492, "p4": 3.440209910376418, "pol1": 0.7223751440367037, "pol2": 0.9126731464861662, "pol3": -0.21696501893715636, "pol4": 0.5990195974117565, "v0s": 5.149161043301613}, "datetime": {"datetime": "2022-04-29 16:43:45", "elapsed": 90737.660892, "delta": 12.847648}}
{"target": 3.162273914688826, "params": {"Bgrad": 0.8316136311236673, "d1": -1.2245967287580917, "d2": 0.5398283274727573, "d3": -1.7030337466616046, "d4": -0.37167604850015, "p1": 46.74534231296303, "p2": 43.72055651648605, "p3": 6.677059503528166, "p4": 22.383061241729173, "pol1": -0.045307163172149556, "pol2": 0.14355290854020253, "pol3": 0.8350125452080943, "pol4": 0.8226092703766967, "v0s": 3.162273914688826}, "datetime": {"datetime": "2022-04-29 16:43:59", "elapsed": 90751.582667, "delta": 13.921775}}
{"target": -1.0, "params": {"Bgrad": 0.8348404557732512, "d1": -2.483358877460599, "d2": -0.5209419320912438, "d3": -1.1756692845418373, "d4": -2.213481640032109, "p1": 14.333885205792901, "p2": 47.72447044235664, "p3": 30.92562115001844, "p4": 13.863200153200383, "pol1": -0.11976270285184931, "pol2": -0.7258671633858138, "pol3": -0.29571423061063773, "pol4": -0.23656191919650826, "v0s": 3.507730233050715}, "datetime": {"datetime": "2022-04-29 16:44:22", "elapsed": 90775.358096, "delta": 23.775429}}
{"target": 4.608162204613574, "params": {"Bgrad": 0.8198443607760243, "d1": -2.280828024358809, "d2": -0.336288127029853, "d3": -0.7483744938707142, "d4": -0.782547851573741, "p1": 4.2767324282224966, "p2": 7.024498040020571, "p3": 20.692558098009293, "p4": 18.19647584025962, "pol1": -0.0478175316826992, "pol2": -0.2470107531734944, "pol3": -0.3538717012219057, "pol4": -0.6765578137747967, "v0s": 4.608162204613574}, "datetime": {"datetime": "2022-04-29 16:44:36", "elapsed": 90788.744304, "delta": 13.386208}}
{"target": -1.0, "params": {"Bgrad": 0.8261456099345754, "d1": -0.9903921106436799, "d2": -0.13601945291081918, "d3": -0.16766201655958657, "d4": -1.026430726093003, "p1": 23.692305063718756, "p2": 26.43956208633973, "p3": 13.943165446301597, "p4": 35.13774098585534, "pol1": 0.9682142904975504, "pol2": -0.19602523550540507, "pol3": -0.0876613662953869, "pol4": -0.02340677908703981, "v0s": 4.343623267132083}, "datetime": {"datetime": "2022-04-29 16:44:58", "elapsed": 90811.310965, "delta": 22.566661}}
{"target": 4.099529141061639, "params": {"Bgrad": 0.7423658512055387, "d1": -0.5505041697177733, "d2": 0.9723290864974574, "d3": -1.659715644385808, "d4": -1.1310635274021092, "p1": 7.407709612102037, "p2": 35.69758653710797, "p3": 33.26801523912577, "p4": 7.154803728602211, "pol1": -0.9951145088350566, "pol2": 0.6629548195539792, "pol3": 0.11890406754206007, "pol4": 0.722720177930188, "v0s": 4.099529141061639}, "datetime": {"datetime": "2022-04-29 16:45:11", "elapsed": 90824.510671, "delta": 13.199706}}
{"target": -1.0, "params": {"Bgrad": 1.237057194573354, "d1": -2.844441371413526, "d2": 0.3132553284803774, "d3": -2.186407485625021, "d4": -0.6919392964064861, "p1": 6.815971312149682, "p2": 0.44621420373257004, "p3": 37.5120098335681, "p4": 46.1756660950276, "pol1": 0.066802767155135, "pol2": -0.34532053821700837, "pol3": -0.1650001796606162, "pol4": 0.6002788149431206, "v0s": 3.551967116020382}, "datetime": {"datetime": "2022-04-29 16:45:32", "elapsed": 90844.991908, "delta": 20.481237}}
{"target": -1.0, "params": {"Bgrad": 1.295447193980831, "d1": 0.6598390108085863, "d2": 0.5770157436731083, "d3": 0.2851720533037425, "d4": -2.287490394653285, "p1": 3.4445698340576203, "p2": 19.810383265029515, "p3": 23.84824208115859, "p4": 43.5269233056102, "pol1": 0.5126581683589782, "pol2": 0.4908075952392976, "pol3": -0.476417742192321, "pol4": -0.40583196168628843, "v0s": 2.652885604057508}, "datetime": {"datetime": "2022-04-29 16:45:59", "elapsed": 90872.514319, "delta": 27.522411}}
{"target": 5.74675407844055, "params": {"Bgrad": 1.6679698420133051, "d1": -1.8973832348845474, "d2": 0.4598370089531363, "d3": -1.9256382747261895, "d4": -0.26280935852899967, "p1": 3.280796070096492, "p2": 6.1545855264811875, "p3": 23.367580488914225, "p4": 16.38503517049613, "pol1": -0.7186485989666407, "pol2": 0.09841989151755204, "pol3": 0.9438621829131535, "pol4": 0.3321697775414152, "v0s": 5.74675407844055}, "datetime": {"datetime": "2022-04-29 16:46:25", "elapsed": 90898.05004, "delta": 25.535721}}
{"target": -1.0, "params": {"Bgrad": 1.8503255415270896, "d1": -2.0215740925043377, "d2": -0.6340210799632024, "d3": 0.7705688762756084, "d4": -2.747767843059027, "p1": 22.063685000298573, "p2": 26.090356566043443, "p3": 0.6066718766609025, "p4": 44.920217747885374, "pol1": -0.5136243366299549, "pol2": -0.6104906437520223, "pol3": 0.443368341083066, "pol4": -0.5569845273846643, "v0s": 4.042194970200563}, "datetime": {"datetime": "2022-04-29 16:46:56", "elapsed": 90928.841709, "delta": 30.791669}}
{"target": 2.8763597874786835, "params": {"Bgrad": 1.5127506092567313, "d1": -2.439573652094575, "d2": -0.010059058562207998, "d3": -0.4027124627643358, "d4": 1.0, "p1": 11.210256120364367, "p2": 23.445709354461787, "p3": 44.78395139640564, "p4": 30.241754234998776, "pol1": 0.4290791410856726, "pol2": 0.009352547077826283, "pol3": 0.289887048085955, "pol4": 0.9908577659086952, "v0s": 2.8763597874786835}, "datetime": {"datetime": "2022-04-29 16:47:14", "elapsed": 90947.005144, "delta": 18.163435}}
{"target": -1.0, "params": {"Bgrad": 1.7883899676953303, "d1": -0.02965686626493058, "d2": -0.847379117035965, "d3": 0.6865383627750283, "d4": -0.20687752121364023, "p1": 12.048325264001763, "p2": 18.85708965671295, "p3": 9.910260790026914, "p4": 12.736226607651874, "pol1": -0.6137998378878744, "pol2": 0.6542150021594431, "pol3": -0.1146237152670373, "pol4": 0.5737277427652834, "v0s": 3.0597981346244025}, "datetime": {"datetime": "2022-04-29 16:47:39", "elapsed": 90971.815804, "delta": 24.81066}}
{"target": 3.8835737900201677, "params": {"Bgrad": 0.8787035065169122, "d1": -0.8570100442510471, "d2": 0.38567076556220403, "d3": -0.3947305815208968, "d4": -1.3386463339343946, "p1": 23.703314303097798, "p2": 26.68387771829695, "p3": 14.537943474725578, "p4": 36.67680102233479, "pol1": -0.31799105604877, "pol2": 0.8289353932395187, "pol3": 0.2846408084317773, "pol4": 0.8865129234561671, "v0s": 3.8835737900201677}, "datetime": {"datetime": "2022-04-29 16:48:01", "elapsed": 90993.72622, "delta": 21.910416}}
{"target": -1.0, "params": {"Bgrad": 1.5949851467315692, "d1": -1.5439935569769965, "d2": 0.2602299460975641, "d3": -0.19337335009636103, "d4": -0.4739140128240402, "p1": 23.20512458590165, "p2": 30.270168388791408, "p3": 25.776282728483807, "p4": 4.957075562936286, "pol1": 0.017348940408971947, "pol2": -0.25634893888311905, "pol3": -0.5386517840866507, "pol4": 0.1667424235652064, "v0s": 2.8708978498112154}, "datetime": {"datetime": "2022-04-29 16:48:29", "elapsed": 91022.422492, "delta": 28.696272}}
{"target": 4.507676831039793, "params": {"Bgrad": 1.5480511100541774, "d1": -1.3799948444573737, "d2": 0.9510010520713243, "d3": -2.3662756460995182, "d4": -0.7492740547532799, "p1": 42.013635017901095, "p2": 44.906078045951155, "p3": 31.88259662051982, "p4": 14.660122544532323, "pol1": -0.2601173022798442, "pol2": 0.7988894785515726, "pol3": -0.07725887630202655, "pol4": -0.02136208486933211, "v0s": 4.507676831039793}, "datetime": {"datetime": "2022-04-29 16:48:54", "elapsed": 91047.024709, "delta": 24.602217}}
{"target": -1.0, "params": {"Bgrad": 0.6772887973026986, "d1": -1.9469225889477157, "d2": -1.6493324894943449, "d3": -2.715145475660619, "d4": -0.22879334554834907, "p1": 2.2455565857273987, "p2": 29.73418712233723, "p3": 23.050931395833263, "p4": 22.099501264133025, "pol1": 0.34851805274922265, "pol2": 0.19417646974375202, "pol3": -0.9944497988156669, "pol4": 0.7066645987444942, "v0s": 3.4188033636828408}, "datetime": {"datetime": "2022-04-29 16:49:07", "elapsed": 91060.102741, "delta": 13.078032}}
{"target": -1.0, "params": {"Bgrad": 1.6772802900322645, "d1": 0.6991548293814596, "d2": -1.8408372469461072, "d3": 0.10459379145287961, "d4": -2.3613226266463405, "p1": 7.120975145894354, "p2": 0.858062844524432, "p3": 38.136331787045535, "p4": 47.21144524917308, "pol1": 0.8446769727765393, "pol2": 0.5145814139487641, "pol3": 0.9397969651509053, "pol4": -0.4500066794624684, "v0s": 3.4220698745421867}, "datetime": {"datetime": "2022-04-29 16:49:33", "elapsed": 91085.730218, "delta": 25.627477}}
{"target": 4.025268765244735, "params": {"Bgrad": 0.9744661874920313, "d1": 0.05787234299564892, "d2": -0.5666740652531423, "d3": -1.906544959400435, "d4": -2.73884210469795, "p1": 24.923214723780436, "p2": 5.502039629146438, "p3": 31.700096762850738, "p4": 27.749226449636733, "pol1": -0.8617700623573563, "pol2": 0.11353069259900472, "pol3": -0.8938366516873497, "pol4": 0.10338903300224733, "v0s": 4.025268765244735}, "datetime": {"datetime": "2022-04-29 16:49:51", "elapsed": 91103.814863, "delta": 18.084645}}
{"target": -1.0, "params": {"Bgrad": 1.2082478520719035, "d1": 0.5298141993135039, "d2": 0.03447125017207009, "d3": 0.9291957797164736, "d4": -1.9410190426815648, "p1": 27.59699447023983, "p2": 6.918059302319773, "p3": 44.094942725345184, "p4": 18.600765846722467, "pol1": -0.8327839421403709, "pol2": 0.5269978738903047, "pol3": 0.8006893767924921, "pol4": 0.34174766107723165, "v0s": 3.053991592790578}, "datetime": {"datetime": "2022-04-29 16:50:16", "elapsed": 91129.480238, "delta": 25.665375}}
{"target": 4.608708745086713, "params": {"Bgrad": 1.7135660791969296, "d1": -2.414837760757589, "d2": 0.3695772682894227, "d3": -1.886208817169711, "d4": -2.810453374110345, "p1": 41.8453177354893, "p2": 42.2195000629814, "p3": 30.216851717749364, "p4": 14.745359096970162, "pol1": 0.23331929515431082, "pol2": -0.06312912913492341, "pol3": 0.43004230385532805, "pol4": 0.7511603725243678, "v0s": 4.608708745086713}, "datetime": {"datetime": "2022-04-29 16:50:35", "elapsed": 91147.831171, "delta": 18.350933}}
{"target": -1.0, "params": {"Bgrad": 0.5435714038628465, "d1": -2.008762725838875, "d2": -0.7757721631657049, "d3": -0.9513635901929076, "d4": -0.25884028754771204, "p1": 3.4220721195460104, "p2": 6.4677276067712395, "p3": 22.163964448713124, "p4": 19.10363605084722, "pol1": -0.9696963178690245, "pol2": -0.1300692376414856, "pol3": 0.83602665289389, "pol4": -0.5272500101920305, "v0s": 6.191761254552129}, "datetime": {"datetime": "2022-04-29 16:50:54", "elapsed": 91167.10763, "delta": 19.276459}}
{"target": 4.174413575553893, "params": {"Bgrad": 1.9043174005294465, "d1": -1.5032211385656713, "d2": 0.563659721852571, "d3": -1.144012487917442, "d4": -2.2283200398332994, "p1": 1.1477583450840045, "p2": 45.73209571076542, "p3": 48.12277497281654, "p4": 35.467197627805504, "pol1": 0.18546317015623948, "pol2": 0.6278377181448827, "pol3": 0.652129631205242, "pol4": 0.27076271299593957, "v0s": 4.174413575553893}, "datetime": {"datetime": "2022-04-29 16:51:19", "elapsed": 91192.532648, "delta": 25.425018}}
{"target": -1.0, "params": {"Bgrad": 1.960276599287578, "d1": -1.6189137885766756, "d2": 0.029732541300314885, "d3": 0.47828856578847345, "d4": -1.3742329421185433, "p1": 4.6790504761174745, "p2": 1.658155947665474, "p3": 41.99736129265504, "p4": 45.43573558567194, "pol1": -0.5645974319016422, "pol2": -0.8510211012925908, "pol3": 0.07844123122123925, "pol4": 0.9656499919055936, "v0s": 3.877407159411798}, "datetime": {"datetime": "2022-04-29 16:52:01", "elapsed": 91234.108481, "delta": 41.575833}}
{"target": -1.0, "params": {"Bgrad": 1.39691976252815, "d1": 0.9121909996779451, "d2": -0.016791768392431017, "d3": -0.6176568662996256, "d4": -0.3574192646554417, "p1": 24.56515523916995, "p2": 4.908562561425178, "p3": 31.00237679057745, "p4": 29.681511485171036, "pol1": -0.44968462221429495, "pol2": -0.07841084537005427, "pol3": -0.5212158340653918, "pol4": 0.18142760253757517, "v0s": 4.127702305885641}, "datetime": {"datetime": "2022-04-29 16:52:21", "elapsed": 91254.314454, "delta": 20.205973}}
{"target": -1.0, "params": {"Bgrad": 1.687271753621701, "d1": -0.10399386279376932, "d2": 0.28900177101552327, "d3": -0.39038173351837635, "d4": -0.44171648751813386, "p1": 45.10531389276243, "p2": 37.626329391600386, "p3": 19.799623409230215, "p4": 26.299053238504616, "pol1": -0.666394245056704, "pol2": -0.686613820476403, "pol3": 0.5800352026629281, "pol4": -0.2313130514741284, "v0s": 3.913168954475128}, "datetime": {"datetime": "2022-04-29 16:52:43", "elapsed": 91276.352528, "delta": 22.038074}}
{"target": -1.0, "params": {"Bgrad": 1.2256203436623516, "d1": -2.463106990122247, "d2": -0.20759769195994116, "d3": -1.902914684133457, "d4": -1.3840531730099888, "p1": 1.0983917231612073, "p2": 31.84512985546677, "p3": 16.461814304110316, "p4": 13.11765055512692, "pol1": -0.7087603002325282, "pol2": 0.4855571473163365, "pol3": -0.2623853969271739, "pol4": 0.5396559246460588, "v0s": 3.2913250309029864}, "datetime": {"datetime": "2022-04-29 16:53:04", "elapsed": 91296.831771, "delta": 20.479243}}
{"target": -1.0, "params": {"Bgrad": 1.390932806257194, "d1": -2.9151454504263263, "d2": -2.4535449748386267, "d3": -2.2468841627329654, "d4": -1.011847782000284, "p1": 33.6362789990203, "p2": 10.651849839414474, "p3": 23.918628639002687, "p4": 47.63356176539462, "pol1": -0.2405276754526453, "pol2": 0.05239286895519912, "pol3": -0.40999293169218265, "pol4": -0.45766734586314506, "v0s": 4.8127979146984226}, "datetime": {"datetime": "2022-04-29 16:53:21", "elapsed": 91313.54608, "delta": 16.714309}}
{"target": -1.0, "params": {"Bgrad": 1.2240853736320676, "d1": 0.06135574358177154, "d2": -1.1670787371852516, "d3": -2.460127728018678, "d4": -2.1409877887584234, "p1": 1.9609375447709188, "p2": 30.121298456511614, "p3": 11.182655661546725, "p4": 21.59700433634228, "pol1": -0.6434392454781139, "pol2": -0.11781629729606391, "pol3": -0.283002280848452, "pol4": 0.09024325636490049, "v0s": 4.239979752808623}, "datetime": {"datetime": "2022-04-29 16:53:47", "elapsed": 91340.180864, "delta": 26.634784}}
{"target": -1.0, "params": {"Bgrad": 0.7567687652346715, "d1": 0.6067182472025108, "d2": 0.8874156303176584, "d3": -0.7497817145541852, "d4": -2.3836881934114964, "p1": 49.71712979789192, "p2": 18.094628166611287, "p3": 25.8883959375525, "p4": 13.222494165885234, "pol1": 0.19583047622086291, "pol2": 0.5609116632058386, "pol3": -0.849246009286863, "pol4": 0.29111468583201217, "v0s": 2.461778379301477}, "datetime": {"datetime": "2022-04-29 16:54:07", "elapsed": 91360.039764, "delta": 19.8589}}
{"target": -1.0, "params": {"Bgrad": 0.5457047526331882, "d1": -0.7390994698645525, "d2": -0.948211453327481, "d3": -0.5277612166852506, "d4": -0.35366366842612385, "p1": 22.300751031678807, "p2": 26.86707324140542, "p3": 12.28351954151975, "p4": 37.525255762500684, "pol1": -0.7271548092896774, "pol2": 0.3379659225299858, "pol3": -0.1712071691594168, "pol4": 0.04045892722056199, "v0s": 5.153961031645877}, "datetime": {"datetime": "2022-04-29 16:54:26", "elapsed": 91379.07387, "delta": 19.034106}}
{"target": 4.034525721010039, "params": {"Bgrad": 0.9348338124856608, "d1": -2.54122171848119, "d2": -0.19822165982632667, "d3": -0.7310122823342606, "d4": -0.503241583408522, "p1": 30.701658899820494, "p2": 26.86972745520565, "p3": 10.105868089293873, "p4": 7.037840014419899, "pol1": -0.1000861326860294, "pol2": -0.8712810332883083, "pol3": 0.15487906194732592, "pol4": 0.7786573981348746, "v0s": 4.034525721010039}, "datetime": {"datetime": "2022-04-29 16:54:46", "elapsed": 91398.852985, "delta": 19.779115}}
{"target": 3.8305052475838584, "params": {"Bgrad": 1.0220666174159703, "d1": -0.11565871946453177, "d2": 0.6395232234424126, "d3": -0.6257903683494757, "d4": -2.2954605175267924, "p1": 22.185005907349613, "p2": 25.454531885039216, "p3": 13.585561618375724, "p4": 35.54934054512435, "pol1": 0.020636017078213387, "pol2": -0.8956048233408005, "pol3": 0.943524788429466, "pol4": 0.8968235941886473, "v0s": 3.8305052475838584}, "datetime": {"datetime": "2022-04-29 16:55:01", "elapsed": 91413.622493, "delta": 14.769508}}
{"target": -1.0, "params": {"Bgrad": 1.027425491131437, "d1": -0.6319960422787476, "d2": -0.883458828612071, "d3": -0.5727453103634481, "d4": -0.026885548590063202, "p1": 30.091348465232308, "p2": 45.94022504777171, "p3": 25.49075305490302, "p4": 26.628502472164424, "pol1": 0.2606562297398547, "pol2": 0.6905343747667441, "pol3": -0.2890668991211427, "pol4": -0.280909978922369, "v0s": 2.146136555037271}, "datetime": {"datetime": "2022-04-29 16:55:22", "elapsed": 91434.684178, "delta": 21.061685}}
{"target": 4.201031272074937, "params": {"Bgrad": 1.8822801169780465, "d1": -0.1101697401351398, "d2": -0.3724239213196219, "d3": -0.1635986089620638, "d4": -2.8318603866666914, "p1": 6.273471477431114, "p2": 1.0559950286493147, "p3": 37.991417329040154, "p4": 48.017046146412596, "pol1": -0.5477967244674071, "pol2": 0.14430745120632538, "pol3": -0.5962478381495597, "pol4": 0.9190037383249843, "v0s": 4.201031272074937}, "datetime": {"datetime": "2022-04-29 16:55:41", "elapsed": 91454.055384, "delta": 19.371206}}
{"target": -1.0, "params": {"Bgrad": 1.4377714298302853, "d1": -1.8227594647636751, "d2": 0.8371705390707267, "d3": -0.985226707421226, "d4": -0.6171261377285995, "p1": 42.41205508364102, "p2": 42.35648004152344, "p3": 31.17500377991996, "p4": 15.488885309832506, "pol1": 0.14225743345878872, "pol2": 0.9320415940990501, "pol3": -0.10022433119407803, "pol4": -0.9324610380227838, "v0s": 4.735280667136534}, "datetime": {"datetime": "2022-04-29 16:56:08", "elapsed": 91481.439164, "delta": 27.38378}}
{"target": -1.0, "params": {"Bgrad": 0.7061105796135575, "d1": -0.38280115420120353, "d2": 0.6117569327443295, "d3": -1.1948896252128671, "d4": -2.5256547633385806, "p1": 6.5192768713209945, "p2": 1.2085716825936677, "p3": 39.56329800122059, "p4": 47.75926870918606, "pol1": -0.60973964115171, "pol2": -0.7826429752826738, "pol3": -0.6174799470167258, "pol4": -0.3247981075975437, "v0s": 4.068846757407407}, "datetime": {"datetime": "2022-04-29 16:56:53", "elapsed": 91526.385985, "delta": 44.946821}}
{"target": -1.0, "params": {"Bgrad": 0.5384123069979836, "d1": -1.7958001882803427, "d2": 0.8976309895016201, "d3": -1.0494619033746364, "d4": -0.9512577418772064, "p1": 35.34728011995043, "p2": 35.58826634137292, "p3": 21.63178705403283, "p4": 22.3750521053987, "pol1": -0.8847150487418987, "pol2": 0.5401185012727343, "pol3": -0.38846111156530516, "pol4": 0.6318837111323319, "v0s": 2.1915476989001466}, "datetime": {"datetime": "2022-04-29 16:57:06", "elapsed": 91538.775856, "delta": 12.389871}}
{"target": -1.0, "params": {"Bgrad": 0.6425988822791775, "d1": -2.739782889964396, "d2": 0.6704720145977481, "d3": 0.33672205916841236, "d4": -1.0057826680522113, "p1": 30.65189535341061, "p2": 29.263771772797554, "p3": 7.978370967544812, "p4": 6.407976761931189, "pol1": -0.8981259099679542, "pol2": 0.46846783695817895, "pol3": 0.6209955294985787, "pol4": -0.07126324456389121, "v0s": 4.477344904127469}, "datetime": {"datetime": "2022-04-29 16:57:25", "elapsed": 91558.105173, "delta": 19.329317}}
{"target": 4.356784960609825, "params": {"Bgrad": 1.0254514224660425, "d1": -0.7206846603766409, "d2": 0.32907934364525904, "d3": -2.4971469317451747, "d4": -0.25037850790250343, "p1": 11.985377669401238, "p2": 21.277770452390993, "p3": 35.563503781374706, "p4": 34.46458820113442, "pol1": 0.5547855255731864, "pol2": -0.4060709098071532, "pol3": 0.0072160993116549554, "pol4": -0.10932524849760321, "v0s": 4.356784960609825}, "datetime": {"datetime": "2022-04-29 16:57:38", "elapsed": 91570.684538, "delta": 12.579365}}
{"target": -1.0, "params": {"Bgrad": 1.279993171313596, "d1": -0.871702844450577, "d2": -2.100017115740545, "d3": -1.7954580106616147, "d4": -1.2524433701059827, "p1": 3.4181099630304637, "p2": 29.198413342139467, "p3": 25.162671519060474, "p4": 22.943004956473224, "pol1": 0.4302728890614995, "pol2": 0.11785445510477466, "pol3": 0.7133184792644089, "pol4": -0.7748814003196118, "v0s": 5.072556560054673}, "datetime": {"datetime": "2022-04-29 16:58:03", "elapsed": 91596.427706, "delta": 25.743168}}
