{"target": -1.0, "params": {"Bgrad": 1.9555576682793125, "d1": 0.2951287895523165, "d2": -2.9822414986760224, "d3": -2.6335219625857857, "d4": -2.897697243383036, "p1": 15.421350950193036, "p2": 49.032148496903474, "p3": 23.020188086232, "p4": 20.48726386261418, "pol1": -0.18356214722777664, "pol2": 0.649628700842078, "pol3": 0.16341001126879728, "pol4": -0.761296343064592, "v0s": 4.668400122937594}, "datetime": {"datetime": "2022-04-30 11:16:34", "elapsed": 157506.884211, "delta": 61.586329}}
{"target": -1.0, "params": {"Bgrad": 0.7196067689938056, "d1": -0.33570904124312584, "d2": -2.5105227764965745, "d3": -2.6532439697453345, "d4": -0.18655671325867074, "p1": 20.562919512859718, "p2": 49.805539403236075, "p3": 26.70245775520459, "p4": 38.95072860735749, "pol1": 0.737258381391656, "pol2": 0.5974947850187395, "pol3": -0.5718262693799563, "pol4": 0.36073510709578627, "v0s": 2.0277466905668997}, "datetime": {"datetime": "2022-04-30 11:16:37", "elapsed": 157510.077673, "delta": 3.193462}}
{"target": -1.0, "params": {"Bgrad": 1.6936980172253437, "d1": -2.1366695565528304, "d2": 0.9468914017522492, "d3": 0.776584263716654, "d4": -0.6595350715356552, "p1": 8.023384310601717, "p2": 35.17008579862737, "p3": 20.872687776522238, "p4": 23.3384464859731, "pol1": -0.3900633344635611, "pol2": 0.7383308297624436, "pol3": -0.06115994775655009, "pol4": 0.6123148804245344, "v0s": 6.84079594468539}, "datetime": {"datetime": "2022-04-30 11:16:49", "elapsed": 157522.248132, "delta": 12.170459}}
{"target": -1.0, "params": {"Bgrad": 1.3355396138233795, "d1": -1.4554897890189396, "d2": -0.2517344415980358, "d3": -0.2763864997322649, "d4": -2.2722289798810786, "p1": 38.20755325718104, "p2": 8.25882740945379, "p3": 16.205367832995975, "p4": 43.51054370651817, "pol1": 0.14333612052221256, "pol2": -0.4868016125806518, "pol3": 0.847848803191557, "pol4": 0.3211548611540904, "v0s": 5.327063200754665}, "datetime": {"datetime": "2022-04-30 11:17:04", "elapsed": 157537.230072, "delta": 14.98194}}
{"target": -1.0, "params": {"Bgrad": 1.9899805905474772, "d1": 0.3822133227644411, "d2": -0.29122878226572313, "d3": -2.6730778883647335, "d4": -1.5422169235225978, "p1": 25.108418845052395, "p2": 30.88277559440671, "p3": 31.99390465000264, "p4": 36.255742301359184, "pol1": 0.820477742426005, "pol2": 0.13655417461245722, "pol3": 0.9605378640715776, "pol4": -0.7736039306738376, "v0s": 4.7940736919094835}, "datetime": {"datetime": "2022-04-30 11:17:20", "elapsed": 157552.657821, "delta": 15.427749}}
{"target": -1.0, "params": {"Bgrad": 0.6525089329199286, "d1": -0.030200103861671046, "d2": 0.2273024743564016, "d3": -0.907372423758297, "d4": -1.269875148439251, "p1": 3.3497469639050093, "p2": 28.230641346049396, "p3": 12.741387113858066, "p4": 4.116593479445962, "pol1": 0.4674186639710336, "pol2": 0.4868858844157835, "pol3": -0.257839821847619, "pol4": -0.6310509323103206, "v0s": 5.0773367382392705}, "datetime": {"datetime": "2022-04-30 11:17:26", "elapsed": 157558.711634, "delta": 6.053813}}
{"target": -1.0, "params": {"Bgrad": 0.6401845590004789, "d1": 0.11376744109273762, "d2": -1.096182799030986, "d3": 0.8438522954909873, "d4": -2.5639182476514226, "p1": 34.897979741934684, "p2": 40.17807960950513, "p3": 36.34368105057534, "p4": 23.07271811315636, "pol1": 0.09222004277779283, "pol2": 0.23037735546935356, "pol3": -0.8817891270488871, "pol4": 0.991346118118585, "v0s": 3.5294457059505833}, "datetime": {"datetime": "2022-04-30 11:17:34", "elapsed": 157566.715234, "delta": 8.0036}}
{"target": -1.0, "params": {"Bgrad": 1.465111081917443, "d1": -2.4942675864498063, "d2": -2.328547048050474, "d3": -1.0355805297663183, "d4": -1.8459970681243258, "p1": 25.21200792206932, "p2": 5.10906890886424, "p3": 20.96474809160797, "p4": 13.430078334201106, "pol1": 0.16380447796352526, "pol2": -0.6565889723070373, "pol3": 0.9246434648597401, "pol4": 0.0884230379981128, "v0s": 6.21171364437982}, "datetime": {"datetime": "2022-04-30 11:17:46", "elapsed": 157578.958498, "delta": 12.243264}}
{"target": -1.0, "params": {"Bgrad": 1.8985493469918053, "d1": -1.6185289293681349, "d2": -0.9371330214433793, "d3": 0.14636542465846292, "d4": -2.7223596764395825, "p1": 37.6610684917244, "p2": 5.873971036300718, "p3": 19.456502730262397, "p4": 34.84964344416001, "pol1": -0.8802563480324275, "pol2": 0.3299657179434188, "pol3": 0.9438287111999855, "pol4": -0.5011595384249197, "v0s": 3.554824583598977}, "datetime": {"datetime": "2022-04-30 11:18:11", "elapsed": 157604.294753, "delta": 25.336255}}
{"target": -1.0, "params": {"Bgrad": 0.6308464582894714, "d1": -2.627900943157015, "d2": -1.7423786446307514, "d3": 0.330124341478339, "d4": -0.9503209813643405, "p1": 19.282019658325815, "p2": 9.125214902720408, "p3": 48.800882791029714, "p4": 37.071895746408856, "pol1": -0.31967265042846815, "pol2": 0.8446685609559379, "pol3": 0.17266175756127522, "pol4": -0.4696049362354766, "v0s": 4.8893984066361345}, "datetime": {"datetime": "2022-04-30 11:18:22", "elapsed": 157615.511761, "delta": 11.217008}}
{"target": -1.0, "params": {"Bgrad": 1.151578913954834, "d1": -1.7899968704032823, "d2": -0.372951733383311, "d3": 0.16877583495572512, "d4": -1.586943936121938, "p1": 21.893699196664958, "p2": 48.15180291477908, "p3": 12.975648160273407, "p4": 35.96302141907618, "pol1": 0.7022758387676651, "pol2": 0.4836656085803568, "pol3": -0.5668938175752456, "pol4": -0.12938498535708542, "v0s": 5.6525587843684635}, "datetime": {"datetime": "2022-04-30 11:18:35", "elapsed": 157628.248705, "delta": 12.736944}}
{"target": -1.0, "params": {"Bgrad": 1.3873348899775668, "d1": 0.8075424230601809, "d2": -1.5663866857974873, "d3": -0.8728267272385657, "d4": -1.4064903155890227, "p1": 30.736465362027715, "p2": 23.242305997751032, "p3": 47.77432493103039, "p4": 35.4243516900657, "pol1": -0.0023030786635565015, "pol2": -0.014183144463439046, "pol3": -0.5030067169553591, "pol4": -0.5692273446124789, "v0s": 4.303158323123286}, "datetime": {"datetime": "2022-04-30 11:18:45", "elapsed": 157637.636603, "delta": 9.387898}}
{"target": -1.0, "params": {"Bgrad": 0.9041251349468113, "d1": -1.806779272108178, "d2": -2.1401005702665508, "d3": -1.2771383846209972, "d4": -2.0506042861528444, "p1": 21.452411705979745, "p2": 36.91142914382313, "p3": 9.515615274541755, "p4": 49.0239641491828, "pol1": -0.49811995750139193, "pol2": -0.816144606572833, "pol3": 0.3244078849571852, "pol4": -0.7517286466580713, "v0s": 4.751266457890244}, "datetime": {"datetime": "2022-04-30 11:18:51", "elapsed": 157644.410491, "delta": 6.773888}}
{"target": -1.0, "params": {"Bgrad": 1.332366054798502, "d1": 0.6488718058601992, "d2": 0.3631236424735311, "d3": -1.0941046578599924, "d4": 0.5223993085002951, "p1": 40.676554772944975, "p2": 9.731931712054736, "p3": 33.622451809567366, "p4": 35.96136326561568, "pol1": 0.30514531066291717, "pol2": -0.1886854084840579, "pol3": -0.9127791662236899, "pol4": -0.24201362776284951, "v0s": 2.198967264829042}, "datetime": {"datetime": "2022-04-30 11:19:06", "elapsed": 157658.855866, "delta": 14.445375}}
{"target": -1.0, "params": {"Bgrad": 1.3155414393537062, "d1": 0.968266168899004, "d2": -0.0026103835207957893, "d3": -1.865640942424673, "d4": -0.22451330764577992, "p1": 5.155912784577876, "p2": 0.9299319777559156, "p3": 41.22741709862055, "p4": 46.94151432243673, "pol1": -0.748027796826048, "pol2": 0.5350627926698532, "pol3": 0.19512213221118002, "pol4": 0.3169236074132247, "v0s": 2.6747074686505403}, "datetime": {"datetime": "2022-04-30 11:19:53", "elapsed": 157706.305993, "delta": 47.450127}}
{"target": -1.0, "params": {"Bgrad": 1.5590830876298305, "d1": -2.767666679940704, "d2": -0.5439414816944086, "d3": -1.7682121890473526, "d4": 0.7988398401552921, "p1": 7.85790363941658, "p2": 16.48705434292272, "p3": 46.248384735605555, "p4": 3.0725943279568346, "pol1": 0.02414204913077822, "pol2": -0.866073447068161, "pol3": 0.1946605287965999, "pol4": -0.819340805975344, "v0s": 3.871178541577578}, "datetime": {"datetime": "2022-04-30 11:21:02", "elapsed": 157774.601384, "delta": 68.295391}}
{"target": 3.6184450574520155, "params": {"Bgrad": 1.648598527820209, "d1": -1.9059107215808426, "d2": -0.18949636502190037, "d3": -1.6152907280425304, "d4": 0.18238100182258019, "p1": 14.848640163034771, "p2": 14.056031350292436, "p3": 29.06873335202301, "p4": 34.28746404691336, "pol1": -0.2777098580137512, "pol2": 0.5167482736197535, "pol3": -0.17140947478324842, "pol4": -0.13621506689690968, "v0s": 3.6184450574520155}, "datetime": {"datetime": "2022-04-30 11:21:38", "elapsed": 157811.246402, "delta": 36.645018}}
{"target": 3.6839624293616287, "params": {"Bgrad": 1.2462700694925735, "d1": -2.2305601534837707, "d2": 0.8458088121991989, "d3": -0.8766553559527761, "d4": -0.5787350540108456, "p1": 43.357278786185155, "p2": 44.457990772139404, "p3": 30.93325377270367, "p4": 15.208726792326354, "pol1": 0.9884573921964315, "pol2": 0.36010890601257795, "pol3": -0.44790306046617046, "pol4": -0.9932789662132375, "v0s": 3.6839624293616287}, "datetime": {"datetime": "2022-04-30 11:22:25", "elapsed": 157858.446199, "delta": 47.199797}}
{"target": -1.0, "params": {"Bgrad": 1.9269132634087325, "d1": -0.6595500212873442, "d2": 0.721295434607566, "d3": -2.681572589497519, "d4": -2.9781669057362574, "p1": 20.578421630127046, "p2": 23.23389927270923, "p3": 40.18588413352999, "p4": 47.86118468123496, "pol1": 0.4294004879978852, "pol2": -0.7826123720150959, "pol3": 0.6659749555599539, "pol4": 0.9635132889237856, "v0s": 5.658841842711643}, "datetime": {"datetime": "2022-04-30 11:23:12", "elapsed": 157905.439547, "delta": 46.993348}}
{"target": -1.0, "params": {"Bgrad": 0.982651555952117, "d1": -0.7062540453674031, "d2": -0.7021832566160824, "d3": -1.4751640805279873, "d4": -2.7571862260936353, "p1": 5.849902467819606, "p2": 20.07693467459853, "p3": 13.731087197047593, "p4": 24.91118055942263, "pol1": -0.19823649906453955, "pol2": -0.9030799715615041, "pol3": 0.052330508570923806, "pol4": 0.16659517405716895, "v0s": 3.5095064819326813}, "datetime": {"datetime": "2022-04-30 11:23:55", "elapsed": 157948.03266, "delta": 42.593113}}
{"target": -1.0, "params": {"Bgrad": 1.0684071904816859, "d1": -1.2931055312952817, "d2": 0.42055548477308946, "d3": -2.9411836506164883, "d4": -2.2110469873448264, "p1": 44.318159982471904, "p2": 28.340161735688863, "p3": 29.376270014240458, "p4": 47.370913255140735, "pol1": -0.018749924180439415, "pol2": -0.7647544457070612, "pol3": 0.6208656745449121, "pol4": -0.40192101608105335, "v0s": 6.052327708360409}, "datetime": {"datetime": "2022-04-30 11:24:33", "elapsed": 157986.028068, "delta": 37.995408}}
{"target": 4.499166332722858, "params": {"Bgrad": 1.8478978770094552, "d1": -2.480155864297617, "d2": -0.12662911568750923, "d3": -2.142081170244707, "d4": 0.23200787231539177, "p1": 24.89976944561731, "p2": 27.994878392242878, "p3": 23.6077367900638, "p4": 4.1839941853581415, "pol1": 0.6905396698727198, "pol2": -0.777315883000369, "pol3": -0.20219505028238705, "pol4": -0.9904734605249177, "v0s": 4.499166332722858}, "datetime": {"datetime": "2022-04-30 11:25:01", "elapsed": 158014.516895, "delta": 28.488827}}
{"target": -1.0, "params": {"Bgrad": 1.7511175869493232, "d1": -2.6495602251508763, "d2": -0.6145748970567411, "d3": -1.0133332056466728, "d4": -1.7865289375416196, "p1": 14.729384025942348, "p2": 14.809832053063365, "p3": 28.72009746253388, "p4": 37.36730071896473, "pol1": -0.07875050902051361, "pol2": -0.0808339500080828, "pol3": 0.03158801708603143, "pol4": -0.8405699570442913, "v0s": 5.420828080592627}, "datetime": {"datetime": "2022-04-30 11:25:38", "elapsed": 158051.249677, "delta": 36.732782}}
{"target": -1.0, "params": {"Bgrad": 0.6763381345084818, "d1": -1.7444397535582872, "d2": 0.35055856338179314, "d3": -0.5571013725313763, "d4": -2.3556772823047365, "p1": 22.226672034568963, "p2": 24.367137932470754, "p3": 39.65843562374734, "p4": 46.689401844916304, "pol1": 0.456839391485077, "pol2": 0.9294724174640083, "pol3": 0.6254486515366371, "pol4": -0.8915757920859517, "v0s": 4.3374997622079166}, "datetime": {"datetime": "2022-04-30 11:26:20", "elapsed": 158092.885351, "delta": 41.635674}}
{"target": -1.0, "params": {"Bgrad": 1.1828505681635968, "d1": -1.3875368315633594, "d2": 0.22018666236932782, "d3": -2.185324617830564, "d4": -2.809917198463954, "p1": 3.225410379962229, "p2": 32.27961146025422, "p3": 12.879878447854281, "p4": 22.123672653372438, "pol1": -0.1087146370701606, "pol2": -0.10602573619709754, "pol3": 0.7967938404957646, "pol4": -0.7182483437674108, "v0s": 4.025786406013539}, "datetime": {"datetime": "2022-04-30 11:26:52", "elapsed": 158124.813979, "delta": 31.928628}}
{"target": 5.020310319637747, "params": {"Bgrad": 1.3677873068000856, "d1": -2.186966699908928, "d2": -0.2559365809164156, "d3": -1.9560060106875166, "d4": -0.760953168910969, "p1": 4.92239625759257, "p2": 1.0854985361837655, "p3": 35.73386775078093, "p4": 46.21360154848634, "pol1": 0.379249410506902, "pol2": -0.7350947244626629, "pol3": 0.22210158025257365, "pol4": -0.4841221351597176, "v0s": 5.020310319637747}, "datetime": {"datetime": "2022-04-30 11:27:26", "elapsed": 158159.135211, "delta": 34.321232}}
{"target": -1.0, "params": {"Bgrad": 1.0853164117412146, "d1": -2.099948061947034, "d2": 0.23404323494280632, "d3": -1.4343873250864685, "d4": -2.2172587834083743, "p1": 43.86034564988721, "p2": 27.95030509813106, "p3": 27.17831499031458, "p4": 46.49575499800266, "pol1": -0.03161957014152028, "pol2": 0.3350471534947339, "pol3": -0.6581781229735866, "pol4": 0.8336351008135041, "v0s": 5.41618459676383}, "datetime": {"datetime": "2022-04-30 11:28:47", "elapsed": 158239.968079, "delta": 80.832868}}
{"target": 5.210026346582116, "params": {"Bgrad": 0.9720928018280106, "d1": -2.468720873587791, "d2": 0.8376436052316478, "d3": -1.822576035575468, "d4": -2.6151269947201516, "p1": 17.277062769894176, "p2": 38.165411019146624, "p3": 2.2226880355935172, "p4": 31.855458814134362, "pol1": -0.5822604005510419, "pol2": 0.7870315515499575, "pol3": 0.26666591568626985, "pol4": -0.8651831494016045, "v0s": 5.210026346582116}, "datetime": {"datetime": "2022-04-30 11:29:21", "elapsed": 158274.514707, "delta": 34.546628}}
{"target": -1.0, "params": {"Bgrad": 1.1902204808558337, "d1": 0.012049334990996918, "d2": -2.1695674259015267, "d3": -1.2463120207235465, "d4": -2.6080578469933, "p1": 0.8502163981532307, "p2": 32.585471535749996, "p3": 24.10589973605102, "p4": 22.78986570199098, "pol1": 0.542189479391437, "pol2": 0.5348063773678426, "pol3": 0.9972091371513323, "pol4": 0.27950508128907936, "v0s": 3.6687130738849167}, "datetime": {"datetime": "2022-04-30 11:29:59", "elapsed": 158311.570626, "delta": 37.055919}}
{"target": 2.5870599525663214, "params": {"Bgrad": 0.6524136424177548, "d1": -1.8438353311539166, "d2": 0.5866011182594719, "d3": -0.7752251541401071, "d4": 0.49105409355312163, "p1": 13.67170399278433, "p2": 7.346380844646667, "p3": 47.01396188332109, "p4": 23.864425963895698, "pol1": -0.08338591153681926, "pol2": 0.99695411778749, "pol3": 1.0, "pol4": 0.6819523077492857, "v0s": 2.5870599525663214}, "datetime": {"datetime": "2022-04-30 11:30:47", "elapsed": 158360.221543, "delta": 48.650917}}
{"target": 2.4853530652654925, "params": {"Bgrad": 1.7986405674048391, "d1": 0.10172229986203837, "d2": -2.486822857774815, "d3": -1.660842752722254, "d4": -0.33552106718564456, "p1": 4.051765293231405, "p2": 43.2292976157119, "p3": 46.714138277931056, "p4": 42.43022049865207, "pol1": -0.8013759209926721, "pol2": 0.2935109451713949, "pol3": 0.250811907415087, "pol4": 0.822354341535742, "v0s": 2.4853530652654925}, "datetime": {"datetime": "2022-04-30 11:31:35", "elapsed": 158407.596869, "delta": 47.375326}}
{"target": -1.0, "params": {"Bgrad": 1.9411017269574458, "d1": -0.37192276043994527, "d2": -0.1275693992338024, "d3": 0.9999411334271382, "d4": -0.7701506024095367, "p1": 27.125821156236654, "p2": 7.31019991856984, "p3": 44.356602615951395, "p4": 18.261805378914236, "pol1": -0.43588285829460366, "pol2": 1.0, "pol3": 1.0, "pol4": -1.0, "v0s": 3.789297160564398}, "datetime": {"datetime": "2022-04-30 11:32:17", "elapsed": 158449.918709, "delta": 42.32184}}
{"target": -1.0, "params": {"Bgrad": 0.7863052132083088, "d1": -1.4993524185575593, "d2": 0.3077777331431233, "d3": 0.8752240587183766, "d4": -2.627950083457835, "p1": 28.658834152542727, "p2": 29.458149829446896, "p3": 8.085192414145897, "p4": 7.822007431758515, "pol1": 0.059243035242138475, "pol2": 0.3811617150982629, "pol3": 0.1490625773953309, "pol4": 0.2516550677082783, "v0s": 3.6798926838290003}, "datetime": {"datetime": "2022-04-30 11:32:53", "elapsed": 158486.130885, "delta": 36.212176}}
{"target": -1.0, "params": {"Bgrad": 1.3691876876911722, "d1": -1.882680408858556, "d2": -2.910739396223281, "d3": -0.7518979870574043, "d4": -0.6757015220106277, "p1": 18.994414370262614, "p2": 14.70008574415994, "p3": 28.92060530226088, "p4": 35.22586401681114, "pol1": 0.5243273372258754, "pol2": -0.5529367399766025, "pol3": 0.3325080099198139, "pol4": -0.15934379379209473, "v0s": 4.2679741741270085}, "datetime": {"datetime": "2022-04-30 11:33:29", "elapsed": 158521.773582, "delta": 35.642697}}
{"target": -1.0, "params": {"Bgrad": 1.8243887042581253, "d1": -2.936565943755855, "d2": 0.683353152791526, "d3": -1.7537490448718245, "d4": -0.8236177398191602, "p1": 0.14903004635134498, "p2": 30.716590148730166, "p3": 17.655305716853665, "p4": 11.90559876962906, "pol1": 0.342854762742796, "pol2": -0.22682839615935957, "pol3": -0.4729017165702585, "pol4": -0.9600713664454428, "v0s": 3.606562006883951}, "datetime": {"datetime": "2022-04-30 11:34:46", "elapsed": 158599.425953, "delta": 77.652371}}
{"target": 4.1258256976299785, "params": {"Bgrad": 0.5548685388742864, "d1": -2.793638968236087, "d2": -1.2415189991998448, "d3": -0.8996378854657059, "d4": -2.4689246265370426, "p1": 15.329202169119021, "p2": 31.18890752549555, "p3": 30.733649668337616, "p4": 27.336610585158976, "pol1": -0.41010189210700876, "pol2": 0.8016581276480117, "pol3": 0.08749211929716161, "pol4": 0.2563247317763573, "v0s": 4.1258256976299785}, "datetime": {"datetime": "2022-04-30 11:35:31", "elapsed": 158644.085542, "delta": 44.659589}}
{"target": 3.2907843790949247, "params": {"Bgrad": 0.7440167012887904, "d1": -1.4660770948835888, "d2": -0.13358463700940781, "d3": -0.2411552527428933, "d4": -0.1353384328147098, "p1": 3.725960087727709, "p2": 2.899236562405405, "p3": 42.0668328800289, "p4": 46.9442394789974, "pol1": -0.1896735769687441, "pol2": 0.741238018854099, "pol3": -0.2967063567805732, "pol4": -0.7377098695957933, "v0s": 3.2907843790949247}, "datetime": {"datetime": "2022-04-30 11:36:40", "elapsed": 158713.527866, "delta": 69.442324}}
{"target": -1.0, "params": {"Bgrad": 1.9291487288123648, "d1": -2.6953030152170974, "d2": -0.32222670551527655, "d3": -1.86941994702907, "d4": -1.4015872222886117, "p1": 39.37469761053447, "p2": 25.658133775600607, "p3": 45.19254348860567, "p4": 48.625455862477054, "pol1": 0.9010843255991412, "pol2": 0.8167664814965299, "pol3": -0.37023221575331355, "pol4": -0.9901547958824402, "v0s": 3.1453810031254883}, "datetime": {"datetime": "2022-04-30 11:37:19", "elapsed": 158752.267284, "delta": 38.739418}}
{"target": -1.0, "params": {"Bgrad": 1.0319303175422356, "d1": -0.5312838691501032, "d2": 0.03264808447940171, "d3": -1.9583982348966513, "d4": -0.5388608564953614, "p1": 2.839521177019405, "p2": 6.549980651990755, "p3": 22.159025038537006, "p4": 17.19313965957634, "pol1": 0.18453682891346435, "pol2": 0.021694820373354906, "pol3": 0.3990979740770326, "pol4": 0.2509188963369513, "v0s": 5.884744169032496}, "datetime": {"datetime": "2022-04-30 11:37:57", "elapsed": 158789.808904, "delta": 37.54162}}
{"target": -1.0, "params": {"Bgrad": 1.0201321733313848, "d1": -1.9879918846553695, "d2": -1.5320689523483368, "d3": -2.332860659705401, "d4": -1.706920974669019, "p1": 0.5598279098721293, "p2": 17.2303658352648, "p3": 13.534515877950593, "p4": 4.407539658505971, "pol1": 0.6103841155559628, "pol2": 0.5439716205166472, "pol3": -0.8535651735048633, "pol4": -0.310994337960409, "v0s": 5.5444709079462555}, "datetime": {"datetime": "2022-04-30 11:39:09", "elapsed": 158861.665772, "delta": 71.856868}}
{"target": 4.836106800231495, "params": {"Bgrad": 0.9994202784613324, "d1": -2.3538545980358934, "d2": -0.06013027737871853, "d3": -1.2826804029376813, "d4": -0.6309365367434228, "p1": 4.622091555718592, "p2": 1.5829489362741795, "p3": 37.09144904367908, "p4": 46.151899995909474, "pol1": 0.5314773935170071, "pol2": -0.36542696848379697, "pol3": -0.2077319788549286, "pol4": -0.03974917234986838, "v0s": 4.836106800231495}, "datetime": {"datetime": "2022-04-30 11:39:41", "elapsed": 158893.8567, "delta": 32.190928}}
{"target": 4.75186682607994, "params": {"Bgrad": 1.7051023507673335, "d1": -1.8971955121840698, "d2": 0.7884366206789438, "d3": -1.346273160095791, "d4": -1.776426364017865, "p1": 33.87810876087155, "p2": 12.753095262543654, "p3": 3.5450048954733173, "p4": 16.536220644686747, "pol1": 0.016911016288193945, "pol2": 0.7612872877431683, "pol3": 0.685587973817087, "pol4": -0.4032616666572842, "v0s": 4.75186682607994}, "datetime": {"datetime": "2022-04-30 11:40:27", "elapsed": 158939.918539, "delta": 46.061839}}
{"target": -1.0, "params": {"Bgrad": 0.9590030190963792, "d1": -2.694111574269773, "d2": -0.043488553957571785, "d3": 0.2486799195399465, "d4": -0.8486622358870299, "p1": 3.208141615761706, "p2": 30.919124843101397, "p3": 11.686888468640932, "p4": 21.181136691429064, "pol1": -0.19927289944558813, "pol2": -0.14132471563099247, "pol3": 0.47649036308191084, "pol4": -0.8452319627078078, "v0s": 3.915032322341924}, "datetime": {"datetime": "2022-04-30 11:41:16", "elapsed": 158989.115993, "delta": 49.197454}}
