{"target": -1.0, "params": {"Bgrad": 1.8939097732105954, "d1": -1.3916873047977538, "d2": -2.6926708609012766, "d3": -2.018795423520029, "d4": -1.5989579771711888, "p1": 37.53641461776125, "p2": 9.237407617464182, "p3": 21.54868268629372, "p4": 43.66227099079843, "pol1": 0.06752218274556632, "pol2": -0.7936905605018867, "pol3": -0.9509550258907356, "pol4": 0.41161960232209727, "v0s": 7.874764945749302}, "datetime": {"datetime": "2022-04-29 12:44:01", "elapsed": 76354.173714, "delta": 13.697376}}
{"target": -1.0, "params": {"Bgrad": 1.6777478944284603, "d1": 0.058904787381670154, "d2": -0.29820993728792056, "d3": 0.1820108411946606, "d4": -2.8399288573094252, "p1": 13.2340815858427, "p2": 34.76987679857762, "p3": 43.34941648038719, "p4": 33.73034359084121, "pol1": -0.6474477440331368, "pol2": 0.8726169198913862, "pol3": 0.8067574002217057, "pol4": -0.8266424677197872, "v0s": 3.1580002254455177}, "datetime": {"datetime": "2022-04-29 12:44:16", "elapsed": 76368.821548, "delta": 14.647834}}
{"target": -1.0, "params": {"Bgrad": 0.91278954591579, "d1": -0.04635251758157288, "d2": 0.437493313203428, "d3": -0.6867104501937953, "d4": -2.201417717393351, "p1": 20.754494381068124, "p2": 6.892960013205357, "p3": 45.86980934292122, "p4": 38.226547020523675, "pol1": 0.020427667612155087, "pol2": -0.09284991365832407, "pol3": -0.8043158433088602, "pol4": -0.36264928739934543, "v0s": 2.7237967721443788}, "datetime": {"datetime": "2022-04-29 12:44:28", "elapsed": 76381.28622, "delta": 12.464672}}
{"target": -1.0, "params": {"Bgrad": 1.6735070950433901, "d1": -0.8204651732952217, "d2": -2.0908904743393646, "d3": -2.1031886429762547, "d4": -1.958407209936858, "p1": 15.4436376158128, "p2": 19.385256589070494, "p3": 14.877446618861862, "p4": 33.97779472665752, "pol1": -0.9298527613898422, "pol2": -0.3437793701372638, "pol3": 0.4905837457160309, "pol4": 0.8856159701505695, "v0s": 6.816395300945307}, "datetime": {"datetime": "2022-04-29 12:44:41", "elapsed": 76394.099959, "delta": 12.813739}}
{"target": -1.0, "params": {"Bgrad": 0.8612393143573309, "d1": -2.068338126464673, "d2": -2.2386528211312435, "d3": 0.5299901394344371, "d4": -2.0485772510351206, "p1": 37.90903117065637, "p2": 13.05248657023433, "p3": 1.6540921703757816, "p4": 36.67238500343829, "pol1": 0.45240361959040176, "pol2": -0.8220817780778931, "pol3": -0.34659748414079683, "pol4": 0.8967305803780452, "v0s": 2.9776939914931067}, "datetime": {"datetime": "2022-04-29 12:44:52", "elapsed": 76405.221222, "delta": 11.121263}}
{"target": -1.0, "params": {"Bgrad": 0.6300087089793651, "d1": -0.6215844475534964, "d2": 0.7239594613838878, "d3": -2.4648867690276344, "d4": -0.9479508253599289, "p1": 34.19996070584788, "p2": 8.591487980341356, "p3": 0.5629946746094738, "p4": 44.38415652398624, "pol1": -0.929537458693281, "pol2": -0.4850834323846509, "pol3": 0.30336806348133694, "pol4": -0.42843413328847557, "v0s": 2.0582455794488994}, "datetime": {"datetime": "2022-04-29 12:44:55", "elapsed": 76407.971868, "delta": 2.750646}}
{"target": -1.0, "params": {"Bgrad": 1.3631777516974735, "d1": -1.7688308866611577, "d2": -2.3939437525915075, "d3": 0.8851332469303204, "d4": -2.34011092840419, "p1": 36.361772057163854, "p2": 44.53620957467565, "p3": 42.935755786347265, "p4": 9.21285335792234, "pol1": -0.5263829326115215, "pol2": -0.9632747269948552, "pol3": 0.8628109345297086, "pol4": 0.7742423533146128, "v0s": 5.572797013817257}, "datetime": {"datetime": "2022-04-29 12:45:06", "elapsed": 76419.253702, "delta": 11.281834}}
{"target": -1.0, "params": {"Bgrad": 0.6640514832602805, "d1": -2.305829412629994, "d2": -0.6921585162695663, "d3": -1.9933721059994203, "d4": -1.7993126670558062, "p1": 8.54936744715092, "p2": 9.479585953638242, "p3": 23.17105771952257, "p4": 25.493698631421797, "pol1": 0.023159779329465113, "pol2": 0.9942775987338417, "pol3": -0.7408083654597204, "pol4": 0.5123397767754707, "v0s": 6.762540483349355}, "datetime": {"datetime": "2022-04-29 12:45:13", "elapsed": 76425.578789, "delta": 6.325087}}
{"target": -1.0, "params": {"Bgrad": 1.377323898155781, "d1": -1.149047278922699, "d2": 0.5737065494011175, "d3": 0.3127208762924987, "d4": -2.798836255885185, "p1": 48.1491876543927, "p2": 0.36699458768219007, "p3": 28.656610234197093, "p4": 28.621540846353632, "pol1": 0.6687593295810337, "pol2": -0.2305678641492488, "pol3": -0.8179182619080356, "pol4": 0.16337453873784957, "v0s": 2.1490751621823874}, "datetime": {"datetime": "2022-04-29 12:45:24", "elapsed": 76437.094998, "delta": 11.516209}}
{"target": -1.0, "params": {"Bgrad": 1.0426936413607422, "d1": 0.9412672083412916, "d2": 0.47511547822008016, "d3": -2.3900130329551783, "d4": 0.19530435622432885, "p1": 40.54984597107634, "p2": 46.4103609563588, "p3": 11.219213302199227, "p4": 24.948373724998003, "pol1": 0.6548881828221518, "pol2": 0.334667569996395, "pol3": 0.1878722867675391, "pol4": 0.3039516415414838, "v0s": 3.431096076794078}, "datetime": {"datetime": "2022-04-29 12:45:37", "elapsed": 76449.838922, "delta": 12.743924}}
{"target": -1.0, "params": {"Bgrad": 0.5383101273136861, "d1": -0.05497097021386388, "d2": -1.6928326986764897, "d3": -1.4929724523194143, "d4": -0.5495357834017836, "p1": 32.85825211817585, "p2": 10.144945031142122, "p3": 41.301576892270944, "p4": 19.01033026227397, "pol1": 0.2634888170027829, "pol2": 0.932822831304621, "pol3": 0.12957247053327237, "pol4": -0.2821777164222863, "v0s": 5.7138206524408535}, "datetime": {"datetime": "2022-04-29 12:45:41", "elapsed": 76454.470539, "delta": 4.631617}}
{"target": -1.0, "params": {"Bgrad": 1.2526896770947542, "d1": -1.1904950088885937, "d2": -0.07091706097492567, "d3": 0.6980405999364105, "d4": -1.082914338865642, "p1": 4.41150755000479, "p2": 28.482677834203695, "p3": 12.24754275574172, "p4": 1.9788955737684577, "pol1": 0.5762804132873662, "pol2": -0.4544635266704238, "pol3": 0.5541409858847677, "pol4": -0.023582113823590323, "v0s": 3.907615346450692}, "datetime": {"datetime": "2022-04-29 12:45:52", "elapsed": 76465.228773, "delta": 10.758234}}
{"target": -1.0, "params": {"Bgrad": 0.9710381750763452, "d1": -2.8319009596555422, "d2": -0.8624006523817971, "d3": 0.2942062239870413, "d4": -2.664418590002488, "p1": 5.4279352804358805, "p2": 26.462796343385847, "p3": 33.00709048117984, "p4": 34.737299616833084, "pol1": -0.37355660970622795, "pol2": -0.924444448387707, "pol3": -0.17087424061521017, "pol4": -0.5479116582494117, "v0s": 2.00668898151444}, "datetime": {"datetime": "2022-04-29 12:46:05", "elapsed": 76477.5608, "delta": 12.332027}}
{"target": -1.0, "params": {"Bgrad": 1.528574858338605, "d1": 0.8082501562181328, "d2": -1.4353929578598872, "d3": -1.7988062825141475, "d4": -0.7849927495588189, "p1": 42.598812903244074, "p2": 39.748371234646164, "p3": 34.237835248928825, "p4": 21.605354564985323, "pol1": 0.3808680397086275, "pol2": -0.5679492974967859, "pol3": -0.4321131243075065, "pol4": 0.5556412218007687, "v0s": 7.57988081807814}, "datetime": {"datetime": "2022-04-29 12:46:14", "elapsed": 76487.486261, "delta": 9.925461}}
{"target": -1.0, "params": {"Bgrad": 0.7850742554250347, "d1": -1.8157468423270697, "d2": -2.9751589312379356, "d3": -1.2737510188783934, "d4": -2.158819712989596, "p1": 32.071239127681075, "p2": 35.47946078390542, "p3": 5.938885719924253, "p4": 4.107200101596581, "pol1": 0.8126701391606717, "pol2": -0.22152249051807216, "pol3": 0.06680699453202865, "pol4": 0.926483129827341, "v0s": 6.5543240732980115}, "datetime": {"datetime": "2022-04-29 12:46:20", "elapsed": 76492.585626, "delta": 5.099365}}
{"target": -1.0, "params": {"Bgrad": 0.9883104463984842, "d1": -2.656602795518826, "d2": -0.8559039332463558, "d3": -1.6554982282506754, "d4": -2.9132583818955924, "p1": 38.557616662688936, "p2": 19.24545649269914, "p3": 28.566057502936776, "p4": 37.78714278981152, "pol1": 0.8816948398020914, "pol2": 0.2246446773692452, "pol3": -0.3692076424397137, "pol4": -0.7798469843059641, "v0s": 2.4435133274676333}, "datetime": {"datetime": "2022-04-29 12:46:26", "elapsed": 76499.362506, "delta": 6.77688}}
{"target": -1.0, "params": {"Bgrad": 0.9795361608090942, "d1": -0.35664344417598004, "d2": -0.21939174108923876, "d3": -2.1691278397480493, "d4": -2.6688162456466102, "p1": 15.275533064301555, "p2": 27.378727992728635, "p3": 37.733483723743234, "p4": 26.482866028502126, "pol1": -0.4260324945058509, "pol2": 0.24835944652782183, "pol3": -0.4703266896476084, "pol4": 0.30538582866904607, "v0s": 7.051388046960427}, "datetime": {"datetime": "2022-04-29 12:46:32", "elapsed": 76505.312596, "delta": 5.95009}}
{"target": -1.0, "params": {"Bgrad": 1.4584217305526475, "d1": -0.7374741240930645, "d2": -1.771431562916555, "d3": 0.5071081597518448, "d4": 0.9552875388691984, "p1": 38.87397156049705, "p2": 28.682192878520958, "p3": 7.063966632050084, "p4": 15.746451119630178, "pol1": -0.2662813628176326, "pol2": -0.4162095579450684, "pol3": -0.10809437050214443, "pol4": 0.2212650337352915, "v0s": 3.277487543090982}, "datetime": {"datetime": "2022-04-29 12:46:46", "elapsed": 76518.716756, "delta": 13.40416}}
{"target": -1.0, "params": {"Bgrad": 0.8746396314300557, "d1": -2.551398067115613, "d2": -1.76964564330079, "d3": -1.010206885661427, "d4": -1.040768861159647, "p1": 49.77886059231981, "p2": 49.055428153181346, "p3": 21.82813858405716, "p4": 48.601031089515864, "pol1": -0.5712041916483719, "pol2": 0.08224177221790674, "pol3": -0.09312937106053676, "pol4": 0.9352177950250924, "v0s": 7.017057338812151}, "datetime": {"datetime": "2022-04-29 12:46:53", "elapsed": 76526.329401, "delta": 7.612645}}
{"target": -1.0, "params": {"Bgrad": 0.8212203871711119, "d1": -1.2418435913784354, "d2": -2.3260921134142114, "d3": -0.8836511581789983, "d4": 0.17393869666813355, "p1": 1.793957448300837, "p2": 9.567943876786, "p3": 48.87277821965081, "p4": 48.039865301032236, "pol1": 0.11318331820420369, "pol2": 0.2921814429918783, "pol3": -0.45581397141345126, "pol4": 0.9041821714256797, "v0s": 6.01864883796344}, "datetime": {"datetime": "2022-04-29 12:47:01", "elapsed": 76533.915118, "delta": 7.585717}}
{"target": -1.0, "params": {"Bgrad": 1.5002119927081425, "d1": -2.9555866665203085, "d2": 0.4118793993987713, "d3": 0.11330487472080764, "d4": -0.26030401238077294, "p1": 37.03909065097925, "p2": 7.828621229918858, "p3": 35.9387526424325, "p4": 4.840920534660503, "pol1": 0.41389889607726826, "pol2": -0.9947364077489935, "pol3": 0.5524115749207619, "pol4": -0.01688563043692115, "v0s": 3.226321197787189}, "datetime": {"datetime": "2022-04-29 12:47:15", "elapsed": 76548.177982, "delta": 14.262864}}
{"target": -1.0, "params": {"Bgrad": 1.5938699216680927, "d1": -1.7373834728673567, "d2": 0.5352703599900472, "d3": -2.279065899071112, "d4": 0.754202617144101, "p1": 48.53750740265808, "p2": 15.22426220261654, "p3": 43.124319985215045, "p4": 42.108955943350495, "pol1": -0.15077457981079445, "pol2": -0.27263118429443045, "pol3": -0.43512505352991004, "pol4": 0.9864735689310913, "v0s": 3.534506161711398}, "datetime": {"datetime": "2022-04-29 12:48:21", "elapsed": 76614.466738, "delta": 66.288756}}
{"target": -1.0, "params": {"Bgrad": 1.8810133966386833, "d1": -1.28665914496111, "d2": 0.7417080493656347, "d3": 0.35537933679273115, "d4": -2.3768906975379487, "p1": 28.714167717544157, "p2": 33.6751507342843, "p3": 20.291020299952255, "p4": 0.24385222411132945, "pol1": -0.3493373404620792, "pol2": 0.6778898959464974, "pol3": -0.8743520395654611, "pol4": -0.7891605071213657, "v0s": 6.210724079071495}, "datetime": {"datetime": "2022-04-29 12:48:35", "elapsed": 76627.85893, "delta": 13.392192}}
{"target": -1.0, "params": {"Bgrad": 1.2712374016342816, "d1": -1.007332700021951, "d2": -1.5055611242943758, "d3": -0.5859455333147241, "d4": 0.4058750675081537, "p1": 13.846152823449637, "p2": 42.23806814218175, "p3": 20.830957428605917, "p4": 25.049200619697025, "pol1": 0.45924675713636054, "pol2": -0.48255658498678544, "pol3": 0.8432738373122801, "pol4": 0.4041389284576966, "v0s": 5.713582538584934}, "datetime": {"datetime": "2022-04-29 12:48:45", "elapsed": 76637.969895, "delta": 10.110965}}
{"target": -1.0, "params": {"Bgrad": 0.9095132559678766, "d1": -0.2166061745622163, "d2": -1.9711410061861785, "d3": 0.2658106813099099, "d4": -2.9541101799083758, "p1": 8.326882180577005, "p2": 27.89144943810295, "p3": 35.61404998012511, "p4": 24.62403269565552, "pol1": 0.7556190029599001, "pol2": 0.9517398751258273, "pol3": -0.0714458649115135, "pol4": 0.5359739589656116, "v0s": 4.968632803001164}, "datetime": {"datetime": "2022-04-29 12:48:53", "elapsed": 76645.880743, "delta": 7.910848}}
{"target": -1.0, "params": {"Bgrad": 1.497648167503731, "d1": -2.100500080130537, "d2": -2.561833131134926, "d3": 0.9160357502967607, "d4": 0.25997863882393935, "p1": 14.269176622476548, "p2": 29.291419221396055, "p3": 19.003560263939562, "p4": 8.816902038493286, "pol1": -0.16232971389501438, "pol2": -0.40562441160654483, "pol3": -0.9667517869341882, "pol4": -0.22526338600238094, "v0s": 7.525478022828513}, "datetime": {"datetime": "2022-04-29 12:49:03", "elapsed": 76655.962785, "delta": 10.082042}}
{"target": -1.0, "params": {"Bgrad": 1.7423003880611732, "d1": -0.7037009792137963, "d2": -1.72541254087847, "d3": -2.07494282045825, "d4": 0.8240783345237355, "p1": 28.230504953435588, "p2": 10.880265177956156, "p3": 12.474102554931143, "p4": 47.97981012654596, "pol1": -0.522371733407216, "pol2": -0.7865718232889243, "pol3": -0.6320761204946617, "pol4": 0.5324496138358381, "v0s": 6.252585535587568}, "datetime": {"datetime": "2022-04-29 12:49:14", "elapsed": 76666.554465, "delta": 10.59168}}
{"target": -1.0, "params": {"Bgrad": 1.1569128871656857, "d1": 0.17521802846570056, "d2": -0.9299492314295223, "d3": -1.3456073554835721, "d4": -2.5302322550896417, "p1": 44.195553296817465, "p2": 13.77966072051584, "p3": 30.813036166493017, "p4": 49.2289889480353, "pol1": -0.6211639559124924, "pol2": 0.9303759835860856, "pol3": 0.30543073685139066, "pol4": -0.7425367908069047, "v0s": 6.63156287643829}, "datetime": {"datetime": "2022-04-29 12:49:22", "elapsed": 76674.692705, "delta": 8.13824}}
{"target": -1.0, "params": {"Bgrad": 1.9276636673856404, "d1": -0.7488778012423003, "d2": -0.2457792009674078, "d3": -2.894608484520069, "d4": 0.9563027420317876, "p1": 15.922855990684127, "p2": 1.1951889683109673, "p3": 40.42820752371942, "p4": 48.66262758835341, "pol1": 0.47517701983336225, "pol2": -0.9945283879091993, "pol3": -0.8732789772519294, "pol4": 0.1685388104551615, "v0s": 4.014290646533619}, "datetime": {"datetime": "2022-04-29 12:49:40", "elapsed": 76693.388715, "delta": 18.69601}}
{"target": -1.0, "params": {"Bgrad": 1.822750221127695, "d1": 0.4946774774277536, "d2": 0.9500756348177664, "d3": -0.13667212370962512, "d4": 0.5075347992346062, "p1": 15.98250559310263, "p2": 5.558847595990302, "p3": 43.26820528911899, "p4": 15.173629898076252, "pol1": -0.16133540366622756, "pol2": 0.2920605141431454, "pol3": 0.21019826831102528, "pol4": -0.15815383097024016, "v0s": 4.316903071223561}, "datetime": {"datetime": "2022-04-29 12:49:52", "elapsed": 76705.390624, "delta": 12.001909}}
{"target": -1.0, "params": {"Bgrad": 0.6840215627885095, "d1": -0.8645524627863335, "d2": -2.068583611024016, "d3": 0.019231404401845342, "d4": -0.3005176633419997, "p1": 3.5963482404607228, "p2": 49.463234236790015, "p3": 39.02284677871706, "p4": 11.391294344529879, "pol1": -0.9385143633006059, "pol2": -0.04325633785660288, "pol3": -0.29451512499785193, "pol4": 0.09302299872845587, "v0s": 5.957983732549526}, "datetime": {"datetime": "2022-04-29 12:49:58", "elapsed": 76711.134267, "delta": 5.743643}}
{"target": -1.0, "params": {"Bgrad": 1.6958297110381075, "d1": -2.9458226126434894, "d2": -0.14281794448448615, "d3": -1.8187441355924032, "d4": 0.9456103025496678, "p1": 42.312086529389084, "p2": 28.020059054239095, "p3": 29.888284268841964, "p4": 9.603783650227864, "pol1": -0.547496822825869, "pol2": -0.6919736433240977, "pol3": -0.24437290507111653, "pol4": -0.7760891113168378, "v0s": 5.067637361805572}, "datetime": {"datetime": "2022-04-29 12:50:11", "elapsed": 76724.527456, "delta": 13.393189}}
{"target": -1.0, "params": {"Bgrad": 1.4577169331023212, "d1": -2.511150487052067, "d2": -1.6232145642789275, "d3": -2.7186084812591687, "d4": -0.8969552509117231, "p1": 32.51448846015027, "p2": 30.773607068755137, "p3": 40.693478140474255, "p4": 11.778311825121019, "pol1": 0.2363636836808911, "pol2": -0.3943429615347187, "pol3": -0.8224645878417154, "pol4": -0.38947705686837364, "v0s": 2.4281388496676968}, "datetime": {"datetime": "2022-04-29 12:50:21", "elapsed": 76733.85352, "delta": 9.326064}}
{"target": -1.0, "params": {"Bgrad": 1.9378613165295062, "d1": -0.09133826029228276, "d2": -2.594156568703984, "d3": 0.14507728939437436, "d4": -1.5913785596138728, "p1": 45.571757016189615, "p2": 24.77487173735567, "p3": 43.634636149243605, "p4": 11.026489737186186, "pol1": -0.2656153481934689, "pol2": -0.2663261156832346, "pol3": -0.8057346367934295, "pol4": -0.33797113186841043, "v0s": 5.958258823032797}, "datetime": {"datetime": "2022-04-29 12:50:32", "elapsed": 76744.999716, "delta": 11.146196}}
{"target": 2.57815131116746, "params": {"Bgrad": 1.199815237060611, "d1": 0.5169262789777247, "d2": -1.9213189344386068, "d3": -1.580722605113405, "d4": -1.718582839397551, "p1": 27.58689853108538, "p2": 9.410970780314393, "p3": 8.662213575408645, "p4": 46.97409621042272, "pol1": -0.24670457250734001, "pol2": 0.1741962697660997, "pol3": -0.8896958299623523, "pol4": -0.7182840062012663, "v0s": 2.57815131116746}, "datetime": {"datetime": "2022-04-29 12:50:38", "elapsed": 76750.538906, "delta": 5.53919}}
{"target": -1.0, "params": {"Bgrad": 1.7181733519372193, "d1": -2.587412869666143, "d2": -0.9347358172818034, "d3": -2.3776884080317036, "d4": -1.8847329782846058, "p1": 44.130100125153504, "p2": 31.57968825654553, "p3": 48.1831355106535, "p4": 29.98571828079965, "pol1": -0.980960567566884, "pol2": -0.1687179889591568, "pol3": -0.9551164912826404, "pol4": -0.37203134390610715, "v0s": 4.88974958432445}, "datetime": {"datetime": "2022-04-29 12:50:49", "elapsed": 76762.479978, "delta": 11.941072}}
{"target": -1.0, "params": {"Bgrad": 1.3631890116857122, "d1": -2.0453991882842804, "d2": -0.7668536862093926, "d3": -1.4203194635710643, "d4": -0.9736712499722922, "p1": 9.798350727126076, "p2": 7.837580500171565, "p3": 37.72585038011932, "p4": 16.49866144027597, "pol1": 0.2883913850764328, "pol2": 0.1309111931810838, "pol3": 0.7990618317721421, "pol4": 0.76136723581403, "v0s": 4.658668401960701}, "datetime": {"datetime": "2022-04-29 12:51:02", "elapsed": 76775.49019, "delta": 13.010212}}
{"target": -1.0, "params": {"Bgrad": 0.8071026297383855, "d1": -0.47123049883269674, "d2": -0.4526560986137995, "d3": -0.230329986485589, "d4": 0.6298928109392001, "p1": 39.129048902229925, "p2": 31.26454679279234, "p3": 30.04827976990449, "p4": 10.637951803407104, "pol1": 0.302730723995736, "pol2": 0.629000341553209, "pol3": 0.844644961705793, "pol4": 0.8333002241618652, "v0s": 5.36659283523582}, "datetime": {"datetime": "2022-04-29 12:51:11", "elapsed": 76784.326563, "delta": 8.836373}}
{"target": -1.0, "params": {"Bgrad": 0.8897509636107316, "d1": -1.6648101727051334, "d2": 0.9910494622752815, "d3": -0.8976088471287227, "d4": 0.26362669135128947, "p1": 29.850809389228605, "p2": 25.34651936641633, "p3": 17.42698076528489, "p4": 26.888526411565124, "pol1": -0.9865305860115934, "pol2": 0.7533716131931478, "pol3": 0.12297296306535865, "pol4": -0.9514371493506428, "v0s": 6.909048471986992}, "datetime": {"datetime": "2022-04-29 12:51:19", "elapsed": 76791.929235, "delta": 7.602672}}
{"target": -1.0, "params": {"Bgrad": 0.7030315862931098, "d1": -2.877445207636521, "d2": -1.150658383459537, "d3": 0.8426267811479855, "d4": -2.625543006144039, "p1": 3.2799258067521597, "p2": 43.996778811096185, "p3": 41.06860207716442, "p4": 40.998471112254194, "pol1": -0.06436390436925654, "pol2": -0.145015810878939, "pol3": -0.19786338913100776, "pol4": 0.16443008427861416, "v0s": 6.373824016256667}, "datetime": {"datetime": "2022-04-29 12:51:27", "elapsed": 76800.396595, "delta": 8.46736}}
{"target": -1.0, "params": {"Bgrad": 1.676438003524439, "d1": -0.38080324975832847, "d2": -0.7501353412959473, "d3": -1.350429567118812, "d4": -1.7203397518245818, "p1": 14.31238964130926, "p2": 14.808835920153761, "p3": 34.13764330822216, "p4": 38.12205910797897, "pol1": 0.1952395739799524, "pol2": -0.5542722154928783, "pol3": -0.6112099589905542, "pol4": 0.5313722375415078, "v0s": 7.872162913850272}, "datetime": {"datetime": "2022-04-29 12:51:36", "elapsed": 76808.811097, "delta": 8.414502}}
{"target": -1.0, "params": {"Bgrad": 0.5238649423888437, "d1": -2.004407432069681, "d2": 0.16925148708299131, "d3": -0.12333880898658078, "d4": -2.0160801690422607, "p1": 27.744619053792263, "p2": 29.279289704951033, "p3": 36.06921383236148, "p4": 23.183685560635052, "pol1": -0.19030305695455452, "pol2": -0.38398105835822083, "pol3": -0.5233821831863545, "pol4": -0.8149932836987921, "v0s": 5.8753003245058535}, "datetime": {"datetime": "2022-04-29 12:51:42", "elapsed": 76814.627544, "delta": 5.816447}}
{"target": -1.0, "params": {"Bgrad": 1.5043556728103542, "d1": -0.25062610433261145, "d2": -2.98741711814251, "d3": -1.2469878699160555, "d4": -2.5097865403545474, "p1": 26.33046678531537, "p2": 48.986981045093714, "p3": 24.963850548166906, "p4": 18.732498963676036, "pol1": 0.627679984789191, "pol2": 0.936402876489399, "pol3": -0.4257532449424093, "pol4": 0.6060000794930018, "v0s": 7.976848624179619}, "datetime": {"datetime": "2022-04-29 12:51:50", "elapsed": 76823.202616, "delta": 8.575072}}
