{"target": 4.331497808436872, "params": {"Bgrad": 1.0896954850288463, "d1": -2.680400135036979, "d2": 0.5806706000013429, "d3": -1.0730425050557235, "d4": -1.3012764834506299, "p1": 7.730255805700523, "p2": 36.00532942820146, "p3": 36.37680915351152, "p4": 35.88610085660417, "pol1": -0.1311772566974093, "pol2": -0.7319826690419097, "pol3": -0.14305512526674635, "pol4": -0.2713558428631531, "v0s": 4.331497808436872}, "datetime": {"datetime": "2022-05-16 22:58:11", "elapsed": 11706.239817, "delta": 10.341341}}
{"target": 5.461780773592157, "params": {"Bgrad": 1.3394419652584693, "d1": -2.830365438337991, "d2": 1.0, "d3": -0.9591313230025206, "d4": -2.4390847505101614, "p1": 30.734221479450735, "p2": 13.051232491096378, "p3": 38.019841623713326, "p4": 26.54409120195711, "pol1": 0.7892600856315148, "pol2": 0.3640564448507024, "pol3": -0.8444476457413511, "pol4": 0.14993455672694, "v0s": 5.461780773592157}, "datetime": {"datetime": "2022-05-16 22:58:25", "elapsed": 11720.302205, "delta": 14.062388}}
{"target": -1.0, "params": {"Bgrad": 1.8787663542880804, "d1": -1.5347900469823648, "d2": 0.6475322378511041, "d3": -1.4838950836346751, "d4": 0.051325217856987404, "p1": 2.9137743216759215, "p2": 41.29913583420719, "p3": 32.488375770458795, "p4": 40.512349719400845, "pol1": -0.11804331085791486, "pol2": 0.920279168661795, "pol3": 0.11646657413050554, "pol4": 0.9464967919295435, "v0s": 6.662745457736782}, "datetime": {"datetime": "2022-05-16 22:58:39", "elapsed": 11734.524167, "delta": 14.221962}}
{"target": 4.077377523233715, "params": {"Bgrad": 0.5, "d1": -3.0, "d2": -0.15803297876597916, "d3": 0.4883140255231893, "d4": -0.06839228480277505, "p1": 33.74542606476453, "p2": 10.408700985182346, "p3": 8.371951990086476, "p4": 27.564969570442607, "pol1": 0.7896635428043322, "pol2": -0.893711851794364, "pol3": -0.33715178718220845, "pol4": -0.10149225160397034, "v0s": 4.077377523233715}, "datetime": {"datetime": "2022-05-16 22:58:45", "elapsed": 11740.474253, "delta": 5.950086}}
{"target": -1.0, "params": {"Bgrad": 0.7390237712455525, "d1": -1.1905178481324024, "d2": 0.5535833572203428, "d3": 0.5350923098607772, "d4": -2.3834568924046793, "p1": 7.563906034130596, "p2": 35.37647917550693, "p3": 36.37030900814004, "p4": 38.08953230418821, "pol1": 0.3118349494855239, "pol2": 0.28877214806769835, "pol3": -0.5967206220061976, "pol4": -0.8121325753145394, "v0s": 5.175444249330853}, "datetime": {"datetime": "2022-05-16 22:58:58", "elapsed": 11753.323885, "delta": 12.849632}}
{"target": 5.017096699655114, "params": {"Bgrad": 1.352199392882955, "d1": -2.3921413922701076, "d2": 0.5956131525939127, "d3": -1.7214194470461164, "d4": -2.7392115907252097, "p1": 30.714571792016002, "p2": 12.877080692570615, "p3": 36.80808933314555, "p4": 26.00192422691563, "pol1": 0.8897482161388685, "pol2": -0.08225931072872236, "pol3": -0.4804903236293904, "pol4": 0.222092388648251, "v0s": 5.017096699655114}, "datetime": {"datetime": "2022-05-16 22:59:08", "elapsed": 11763.23338, "delta": 9.909495}}
{"target": 4.786531998113738, "params": {"Bgrad": 2.0, "d1": -3.0, "d2": 1.0, "d3": -0.6727816335680534, "d4": -2.2230473364918635, "p1": 43.41411565516799, "p2": 25.727240766901172, "p3": 18.101925094328603, "p4": 13.724832604166696, "pol1": 0.346393754942198, "pol2": 1.0, "pol3": 0.2339293568837233, "pol4": 1.0, "v0s": 4.786531998113738}, "datetime": {"datetime": "2022-05-16 22:59:20", "elapsed": 11775.993253, "delta": 12.759873}}
{"target": -1.0, "params": {"Bgrad": 1.166835158200521, "d1": -2.2124629890934293, "d2": 0.5260250684089067, "d3": -2.77452867168438, "d4": 0.453978763768768, "p1": 40.98479740977305, "p2": 22.7411175511206, "p3": 18.121277176778822, "p4": 12.915851187917454, "pol1": -0.00021715168137026453, "pol2": -0.4885115508951847, "pol3": 0.3853908019811261, "pol4": -0.2815111673384949, "v0s": 3.465202140294256}, "datetime": {"datetime": "2022-05-16 22:59:36", "elapsed": 11791.959549, "delta": 15.966296}}
{"target": 3.046177353987534, "params": {"Bgrad": 1.8337331019067578, "d1": -2.519398273629034, "d2": 0.49995972176317993, "d3": -1.457329065330967, "d4": -2.0903203863713267, "p1": 42.8447256648086, "p2": 23.11777014639653, "p3": 27.082465169768156, "p4": 10.617521387455975, "pol1": -0.04517217775183413, "pol2": 0.829803877117874, "pol3": -0.466427729658359, "pol4": -0.3152852620093196, "v0s": 3.046177353987534}, "datetime": {"datetime": "2022-05-16 22:59:43", "elapsed": 11798.466146, "delta": 6.506597}}
{"target": -1.0, "params": {"Bgrad": 1.1479076633420096, "d1": -1.7891195451217268, "d2": 0.086451679975728, "d3": -1.1782025528963223, "d4": -2.1309381184306075, "p1": 2.3723919021975126, "p2": 40.972407876838396, "p3": 33.89881390900894, "p4": 37.908962384983866, "pol1": -0.3955013507867702, "pol2": 0.501238987837612, "pol3": 0.42230376312844187, "pol4": 0.2600754666396776, "v0s": 2.658415869207887}, "datetime": {"datetime": "2022-05-16 22:59:54", "elapsed": 11809.536537, "delta": 11.070391}}
{"target": 4.719521754185518, "params": {"Bgrad": 1.1059515085375358, "d1": -0.756163384516542, "d2": 0.3960719032118719, "d3": -1.2955913208864571, "d4": -3.0, "p1": 7.171191012159995, "p2": 23.825072092789167, "p3": 0.9886251629890461, "p4": 31.527678294569153, "pol1": -0.18977154747742558, "pol2": -0.1062806196525998, "pol3": -1.0, "pol4": -0.9663991839653432, "v0s": 4.719521754185518}, "datetime": {"datetime": "2022-05-16 23:00:07", "elapsed": 11822.92074, "delta": 13.384203}}
{"target": -1.0, "params": {"Bgrad": 0.5749519052535883, "d1": -1.7644315746884254, "d2": 0.15726272721887957, "d3": 0.6845490337171505, "d4": -1.174221189530385, "p1": 10.719295003103113, "p2": 25.462367809514845, "p3": 40.58126255431649, "p4": 30.200062936093136, "pol1": 0.8701627374567573, "pol2": 0.7933806733983224, "pol3": 0.9790486702472934, "pol4": -0.4723351820106174, "v0s": 6.412677828677722}, "datetime": {"datetime": "2022-05-16 23:00:17", "elapsed": 11832.670662, "delta": 9.749922}}
{"target": 4.110485792280544, "params": {"Bgrad": 0.9931755831940934, "d1": -1.9870562005924837, "d2": 0.8345498935129886, "d3": -1.8378756208857692, "d4": -1.768764714784823, "p1": 27.831196781188634, "p2": 11.377472553191652, "p3": 10.353929668498118, "p4": 23.656436046296324, "pol1": -0.24170377277561622, "pol2": -0.00020332566751565817, "pol3": -0.08378545903732368, "pol4": -0.7663660819353458, "v0s": 4.110485792280544}, "datetime": {"datetime": "2022-05-16 23:00:28", "elapsed": 11843.447837, "delta": 10.777175}}
{"target": 5.111403707199452, "params": {"Bgrad": 1.3495641335542732, "d1": -2.405257672546653, "d2": -0.8618611171399797, "d3": -0.3076416136479656, "d4": -1.7582434947279548, "p1": 2.8035651735330624, "p2": 31.658553758234913, "p3": 31.128623470316608, "p4": 38.08424771473866, "pol1": 0.9658601952297858, "pol2": 0.6657646074998216, "pol3": -0.20087246226541589, "pol4": -0.8285257820832297, "v0s": 5.111403707199452}, "datetime": {"datetime": "2022-05-16 23:00:40", "elapsed": 11856.12493, "delta": 12.677093}}
{"target": -1.0, "params": {"Bgrad": 1.0651117139785196, "d1": -1.9824558958014156, "d2": -0.3674038900530028, "d3": -1.2832465644302862, "d4": -2.4731584329121636, "p1": 0.40550948125501196, "p2": 43.21703750656173, "p3": 32.94975765834948, "p4": 39.26791797468078, "pol1": -0.0531903209082234, "pol2": -0.252491727910805, "pol3": 0.04354038705394747, "pol4": 0.4401476025711377, "v0s": 6.129722408770656}, "datetime": {"datetime": "2022-05-16 23:00:55", "elapsed": 11870.500481, "delta": 14.375551}}
{"target": -1.0, "params": {"Bgrad": 1.4268105426820168, "d1": -2.85402774603309, "d2": -0.2315674870690474, "d3": 0.09774436238237172, "d4": -2.527234927252668, "p1": 11.079914103882249, "p2": 29.326246497631754, "p3": 43.02550625872622, "p4": 28.259496878653657, "pol1": 0.9220598367523714, "pol2": 0.19439682832041671, "pol3": 0.7947622942785317, "pol4": 0.04134691554041425, "v0s": 5.139308019262478}, "datetime": {"datetime": "2022-05-16 23:01:10", "elapsed": 11885.416587, "delta": 14.916106}}
{"target": 3.385384966523968, "params": {"Bgrad": 0.5340980526719409, "d1": -3.0, "d2": 0.27004356538663166, "d3": -2.645074721054697, "d4": -0.3443124505786365, "p1": 27.209576172102174, "p2": 27.585798794042173, "p3": 4.6203916358858335, "p4": 43.124681950308734, "pol1": 0.10444136674317381, "pol2": -0.017432627825498963, "pol3": 0.5074013335466416, "pol4": 0.15328915381354974, "v0s": 3.385384966523968}, "datetime": {"datetime": "2022-05-16 23:01:17", "elapsed": 11893.048175, "delta": 7.631588}}
{"target": -1.0, "params": {"Bgrad": 1.7375828983006785, "d1": -1.11358352916593, "d2": 0.7430741323583767, "d3": 0.6854794447688044, "d4": -2.3524982025268297, "p1": 27.198498689955443, "p2": 13.311361514969533, "p3": 37.845791145466855, "p4": 26.718801460817872, "pol1": -0.3232348438765986, "pol2": -0.14566517800016077, "pol3": -0.050732589245008564, "pol4": -0.7677516227601828, "v0s": 6.430075185182485}, "datetime": {"datetime": "2022-05-16 23:01:33", "elapsed": 11908.413079, "delta": 15.364904}}
{"target": 5.063008536672714, "params": {"Bgrad": 1.3427404584279485, "d1": -3.0, "d2": 0.38231524492291535, "d3": -1.8346121698402318, "d4": -2.633376583398163, "p1": 2.039509325362116, "p2": 39.95299550602018, "p3": 33.42198765069115, "p4": 39.30828057377832, "pol1": -0.3944406004191275, "pol2": 0.38705736657121803, "pol3": -0.7653259065280499, "pol4": 0.38391207258348486, "v0s": 5.063008536672714}, "datetime": {"datetime": "2022-05-16 23:01:43", "elapsed": 11918.439263, "delta": 10.026184}}
{"target": -1.0, "params": {"Bgrad": 0.7840748170273171, "d1": -2.958104731613511, "d2": -0.4722988416528988, "d3": -2.2544652254885125, "d4": 0.5376715610152107, "p1": 33.68819539345451, "p2": 11.218894974017518, "p3": 9.233817134303102, "p4": 27.88412414854144, "pol1": 0.39557992105757256, "pol2": -0.39648050197449836, "pol3": 0.09595180884310661, "pol4": -0.7471723401924169, "v0s": 4.2238641963735875}, "datetime": {"datetime": "2022-05-16 23:01:57", "elapsed": 11932.561491, "delta": 14.122228}}
{"target": -1.0, "params": {"Bgrad": 0.9733576227104457, "d1": -1.783388780504068, "d2": 0.38428077935981175, "d3": -1.4504433232257106, "d4": 0.6980269080345307, "p1": 1.1037813734226076, "p2": 40.24410175580679, "p3": 32.61384340617866, "p4": 41.070280823929664, "pol1": 0.1378851281995881, "pol2": 0.6414914830269203, "pol3": 0.24731832678093935, "pol4": -0.33898899944636773, "v0s": 2.476349110539884}, "datetime": {"datetime": "2022-05-16 23:02:12", "elapsed": 11947.692023, "delta": 15.130532}}
{"target": 2.685685580926685, "params": {"Bgrad": 0.9557500063341363, "d1": -2.6465250520950927, "d2": -1.4859250997796685, "d3": -1.2404856042022745, "d4": -2.232294007777559, "p1": 31.314524171893005, "p2": 10.209380988109235, "p3": 34.56149307910143, "p4": 25.901841944472565, "pol1": 0.7038899108790231, "pol2": 0.07097933634456544, "pol3": -0.6226625535828896, "pol4": -0.758075350092708, "v0s": 2.685685580926685}, "datetime": {"datetime": "2022-05-16 23:02:22", "elapsed": 11957.505775, "delta": 9.813752}}
{"target": -1.0, "params": {"Bgrad": 2.0, "d1": 0.2688691207132835, "d2": 0.609313777541783, "d3": -3.0, "d4": -3.0, "p1": 28.632401399747604, "p2": 10.488253410022605, "p3": 36.88928401758911, "p4": 28.48038659762479, "pol1": 0.9435392916018919, "pol2": -0.06201056783666107, "pol3": -1.0, "pol4": 0.3857626581088053, "v0s": 4.612002382297966}, "datetime": {"datetime": "2022-05-16 23:02:37", "elapsed": 11972.828791, "delta": 15.323016}}
{"target": -1.0, "params": {"Bgrad": 2.0, "d1": -1.2385985475415413, "d2": 1.0, "d3": -1.3458566371124427, "d4": -1.448057397948996, "p1": 1.8727059243190793, "p2": 31.142332281824, "p3": 17.29036003918234, "p4": 11.23603598426752, "pol1": -0.16627888653072798, "pol2": 0.7689373303544726, "pol3": 0.09304028523412786, "pol4": 1.0, "v0s": 4.761803133607665}, "datetime": {"datetime": "2022-05-16 23:02:52", "elapsed": 11987.765841, "delta": 14.93705}}
{"target": 5.454121901026551, "params": {"Bgrad": 0.7678439277490954, "d1": -1.5431968134156149, "d2": 0.9609448006452088, "d3": -1.657711331836739, "d4": -1.783614087775164, "p1": 2.3062890311502993, "p2": 34.491581246657624, "p3": 31.86881647615025, "p4": 36.836774031650684, "pol1": -0.31087784572135324, "pol2": -0.6601077686965708, "pol3": 0.4168571861422572, "pol4": -0.7606117925534635, "v0s": 5.454121901026551}, "datetime": {"datetime": "2022-05-16 23:03:02", "elapsed": 11998.104191, "delta": 10.33835}}
{"target": -1.0, "params": {"Bgrad": 1.921440126739757, "d1": -2.710483936465586, "d2": 0.2669827516036074, "d3": 0.9023552115494407, "d4": -0.8646530934733017, "p1": 1.5073930175886208, "p2": 39.02967892050571, "p3": 34.06568544426209, "p4": 41.25606376784491, "pol1": -0.35373903715861665, "pol2": -0.6593259378459218, "pol3": -0.6836481424032683, "pol4": -0.5748394110247272, "v0s": 4.451991200715171}, "datetime": {"datetime": "2022-05-16 23:03:17", "elapsed": 12013.131996, "delta": 15.027805}}
{"target": 4.79149741539652, "params": {"Bgrad": 1.1522391702077242, "d1": -3.0, "d2": -2.1831118108807748, "d3": -2.6985728077771047, "d4": -2.7920575163238612, "p1": 5.516936179753289, "p2": 10.879647944469534, "p3": 36.41141549995761, "p4": 28.807463613949576, "pol1": -1.0, "pol2": -1.0, "pol3": -0.01611886577845676, "pol4": -1.0, "v0s": 4.79149741539652}, "datetime": {"datetime": "2022-05-16 23:03:29", "elapsed": 12024.912487, "delta": 11.780491}}
{"target": 5.320771029137399, "params": {"Bgrad": 1.120068011543479, "d1": -2.01188709435052, "d2": -0.012574050030127872, "d3": -1.1543103586939587, "d4": -2.1097973489184336, "p1": 2.8059478008662126, "p2": 33.314836400637354, "p3": 31.37639837222949, "p4": 37.65821567895552, "pol1": -0.09309474203923562, "pol2": -0.12974022582540948, "pol3": 0.40844246129777406, "pol4": -0.9408808614811083, "v0s": 5.320771029137399}, "datetime": {"datetime": "2022-05-16 23:03:43", "elapsed": 12038.416369, "delta": 13.503882}}
{"target": -1.0, "params": {"Bgrad": 1.6392131139840098, "d1": -2.557019672357849, "d2": -0.7449067899643622, "d3": -2.1571479144910066, "d4": -0.892684033454548, "p1": 1.6922848640400279, "p2": 39.35509396713464, "p3": 33.267888265204675, "p4": 37.86214532719823, "pol1": 0.9027173317453374, "pol2": 0.09745652109059733, "pol3": 0.8380884474953239, "pol4": 0.9213827991723622, "v0s": 4.926357485973973}, "datetime": {"datetime": "2022-05-16 23:03:58", "elapsed": 12054.006671, "delta": 15.590302}}
{"target": 4.1150674540267165, "params": {"Bgrad": 1.2561004788144254, "d1": -2.4920633667617067, "d2": 0.12353108773594791, "d3": -1.8474767905226706, "d4": -2.7553706190546325, "p1": 30.17441959515641, "p2": 11.871033729597134, "p3": 35.51626789078547, "p4": 26.449836389719973, "pol1": 0.4923848204675904, "pol2": -0.3227131847223768, "pol3": -0.35944428702262865, "pol4": 0.10844241654069928, "v0s": 4.1150674540267165}, "datetime": {"datetime": "2022-05-16 23:04:09", "elapsed": 12065.161835, "delta": 11.155164}}
{"target": 4.913554743814401, "params": {"Bgrad": 0.5, "d1": -3.0, "d2": 0.6243842812511263, "d3": -1.413346417287727, "d4": -0.9862566887776275, "p1": 31.812064466907792, "p2": 6.178521656477013, "p3": 7.830318487315229, "p4": 25.234396438842925, "pol1": 0.9704688248112652, "pol2": -0.9659337829196182, "pol3": 0.8998963978111029, "pol4": -0.02716067699990605, "v0s": 4.913554743814401}, "datetime": {"datetime": "2022-05-16 23:04:18", "elapsed": 12073.299071, "delta": 8.137236}}
{"target": -1.0, "params": {"Bgrad": 1.0278598728547432, "d1": -1.9552283793062677, "d2": -0.23694408082056562, "d3": -0.18162615450956254, "d4": -0.9115202288825839, "p1": 1.9918579427044059, "p2": 31.372745022642352, "p3": 32.506301203813784, "p4": 38.59584393300796, "pol1": -0.16817868597214658, "pol2": 0.2332173876985486, "pol3": -0.41551812959730827, "pol4": -0.6360798350930992, "v0s": 6.732714988348713}, "datetime": {"datetime": "2022-05-16 23:04:34", "elapsed": 12089.449874, "delta": 16.150803}}
{"target": 3.293602180843114, "params": {"Bgrad": 1.5923046366942795, "d1": -1.8966992790581525, "d2": -1.4450551799758653, "d3": -0.4867473015731627, "d4": -2.3361780282985474, "p1": 9.150133873354733, "p2": 25.30034224615456, "p3": 43.05749583458219, "p4": 24.933559377363302, "pol1": -0.32457052728339186, "pol2": -0.9285961270320919, "pol3": -0.7408012687841634, "pol4": 0.32813924460740007, "v0s": 3.293602180843114}, "datetime": {"datetime": "2022-05-16 23:04:41", "elapsed": 12097.135318, "delta": 7.685444}}
{"target": -1.0, "params": {"Bgrad": 1.0403019306570398, "d1": 0.40816808712239405, "d2": 0.21654292224926852, "d3": -0.06016521613896009, "d4": -2.7261037978602287, "p1": 7.823265922841433, "p2": 25.438286942398065, "p3": 41.972600182461065, "p4": 24.47052122866368, "pol1": 0.16881164211249655, "pol2": 0.6520062787881333, "pol3": -0.7402266394503765, "pol4": -0.08932626148251055, "v0s": 4.247599555291942}, "datetime": {"datetime": "2022-05-16 23:04:55", "elapsed": 12110.723974, "delta": 13.588656}}
{"target": 3.446410788695098, "params": {"Bgrad": 1.3037285928365678, "d1": -1.3453808437670336, "d2": -1.828738523719808, "d3": -0.5830030392581711, "d4": -2.5158439814714524, "p1": 3.266949872080266, "p2": 11.413372039262626, "p3": 36.86729414513371, "p4": 28.130837672686315, "pol1": 0.17754874188598335, "pol2": -0.10215488257195915, "pol3": 0.5776719209608623, "pol4": 0.9128199951444842, "v0s": 3.446410788695098}, "datetime": {"datetime": "2022-05-16 23:05:05", "elapsed": 12120.774095, "delta": 10.050121}}
{"target": -1.0, "params": {"Bgrad": 0.8226537492528747, "d1": 0.24221924538423822, "d2": -1.6566341920800682, "d3": -2.3555005635357507, "d4": -2.4832519150075054, "p1": 3.6418049798915275, "p2": 37.08255773025905, "p3": 31.386215075326067, "p4": 43.11948722596078, "pol1": -0.7835707730719452, "pol2": 0.6221251786390154, "pol3": 0.11411245418145488, "pol4": 0.19117083264229606, "v0s": 4.776545412654716}, "datetime": {"datetime": "2022-05-16 23:05:17", "elapsed": 12132.513694, "delta": 11.739599}}
{"target": 4.619671714671799, "params": {"Bgrad": 0.5, "d1": -3.0, "d2": -2.7670324923821465, "d3": -2.642481905764088, "d4": -0.2099958278191108, "p1": 20.469989603606532, "p2": 17.896621849893346, "p3": 28.247233769679806, "p4": 48.10574899537956, "pol1": 1.0, "pol2": 1.0, "pol3": -0.19402933504932696, "pol4": 0.371391394069023, "v0s": 4.619671714671799}, "datetime": {"datetime": "2022-05-16 23:05:24", "elapsed": 12139.648611, "delta": 7.134917}}
{"target": 5.166205687895215, "params": {"Bgrad": 0.8801010103936685, "d1": -2.9254565632230896, "d2": 0.5869509333407876, "d3": -1.5733723608694654, "d4": -2.251516012705356, "p1": 9.517915391152803, "p2": 37.82041126058174, "p3": 35.13976653665401, "p4": 37.25619682793937, "pol1": 0.19528169395424122, "pol2": 0.3558185192347927, "pol3": -0.7359846776447381, "pol4": 0.7475972224123664, "v0s": 5.166205687895215}, "datetime": {"datetime": "2022-05-16 23:05:33", "elapsed": 12149.173136, "delta": 9.524525}}
{"target": 4.559582153292659, "params": {"Bgrad": 1.6912766836533752, "d1": -2.8664801086001725, "d2": -0.1537821628463143, "d3": -1.6960965625240152, "d4": -1.4162792740715822, "p1": 27.728562552866137, "p2": 30.515114448463486, "p3": 7.128294826719977, "p4": 44.592770706562526, "pol1": 0.47135015947058867, "pol2": -0.9729308433543449, "pol3": -0.20143347994412153, "pol4": 0.9936667022572532, "v0s": 4.559582153292659}, "datetime": {"datetime": "2022-05-16 23:05:45", "elapsed": 12160.963601, "delta": 11.790465}}
{"target": 4.861558998444503, "params": {"Bgrad": 0.7724814397080729, "d1": -3.0, "d2": -3.0, "d3": -1.552033412138042, "d4": -3.0, "p1": 5.177474758507651, "p2": 10.284894951598083, "p3": 36.40611015775884, "p4": 28.701889178551866, "pol1": -1.0, "pol2": -1.0, "pol3": -0.2253534589173473, "pol4": -0.40805344065293686, "v0s": 4.861558998444503}, "datetime": {"datetime": "2022-05-16 23:05:56", "elapsed": 12171.432601, "delta": 10.469}}
{"target": 2.4695287870778704, "params": {"Bgrad": 1.197390421334101, "d1": -1.5385140452056643, "d2": -0.5028283850530744, "d3": -0.3932158021363734, "d4": 0.2884642458695441, "p1": 42.22919006607542, "p2": 20.559375138495657, "p3": 15.782867104814585, "p4": 11.192495497227911, "pol1": 0.6226985216953442, "pol2": -0.6847321963001369, "pol3": -0.10181202197905503, "pol4": -0.82723909932529, "v0s": 2.4695287870778704}, "datetime": {"datetime": "2022-05-16 23:06:05", "elapsed": 12180.479404, "delta": 9.046803}}
{"target": 5.653998270714521, "params": {"Bgrad": 1.0339627776149498, "d1": -1.6390299424541872, "d2": 0.35407871524568457, "d3": -0.8736932369215354, "d4": -3.0, "p1": 10.507683531593015, "p2": 36.92244793216076, "p3": 44.20879725246766, "p4": 33.5908179762361, "pol1": -0.551397069428275, "pol2": 0.1441332401821872, "pol3": 0.8872207490414199, "pol4": -0.1847101371320882, "v0s": 5.653998270714521}, "datetime": {"datetime": "2022-05-16 23:06:17", "elapsed": 12192.843337, "delta": 12.363933}}
{"target": -1.0, "params": {"Bgrad": 1.6534445696322628, "d1": -2.939968656919613, "d2": 0.7579395340763644, "d3": -1.435456612841051, "d4": 0.21703005187566005, "p1": 21.80339038916798, "p2": 15.05225621063963, "p3": 28.65547606943803, "p4": 46.8980504827925, "pol1": -0.09941170098038965, "pol2": -0.9986092440743626, "pol3": 0.3022838990456316, "pol4": 0.01635282625765666, "v0s": 3.190692675234658}, "datetime": {"datetime": "2022-05-16 23:06:33", "elapsed": 12208.577253, "delta": 15.733916}}
{"target": 4.9078647188640785, "params": {"Bgrad": 0.5, "d1": -2.9063450392291137, "d2": -3.0, "d3": -1.7469122508128645, "d4": -0.9481175665079657, "p1": 5.744346668827846, "p2": 2.874040170706414, "p3": 39.17146531410541, "p4": 21.128148212894708, "pol1": 0.770993215815057, "pol2": 0.2039790977697294, "pol3": 0.2927563409885826, "pol4": -0.8983039548609946, "v0s": 4.9078647188640785}, "datetime": {"datetime": "2022-05-16 23:06:42", "elapsed": 12217.913282, "delta": 9.336029}}
