{"target": 4.111021628523403, "params": {"Bgrad": 1.1576080322263944, "d1": -1.982167777575997, "d2": 0.5575498746367923, "d3": -1.2450335064401927, "d4": -0.8691817601706245, "p1": 28.227245119415777, "p2": 40.52966407624245, "p3": 29.530165214202658, "p4": 20.64460059863018, "pol1": 0.5597327498031492, "pol2": -0.3126268884373037, "pol3": 1.0, "pol4": -1.0, "v0s": 4.111021628523403}, "datetime": {"datetime": "2022-05-17 18:52:11", "elapsed": 83346.93246, "delta": 29.78334}}
{"target": -1.0, "params": {"Bgrad": 0.8289737866941951, "d1": -2.3280742869174422, "d2": 0.8715310972593451, "d3": -2.113003159811104, "d4": 0.43250938181180487, "p1": 36.45705341058176, "p2": 4.193520073471579, "p3": 37.098608707277755, "p4": 28.893620758430433, "pol1": 0.6144532621152996, "pol2": -0.3065699914095281, "pol3": 0.9624058483738165, "pol4": 0.052465626706379886, "v0s": 5.559760668893963}, "datetime": {"datetime": "2022-05-17 18:52:52", "elapsed": 83387.997626, "delta": 41.065166}}
{"target": -1.0, "params": {"Bgrad": 0.9515670281434209, "d1": -2.3488215366191634, "d2": -0.1752736186467998, "d3": -1.0281702167380535, "d4": -1.4416081322820142, "p1": 4.47544726739158, "p2": 36.96509712578201, "p3": 30.510595099647077, "p4": 45.24399770598698, "pol1": 0.4685328174627319, "pol2": 0.07296884780606927, "pol3": 0.9587890275936561, "pol4": -0.7206813070284686, "v0s": 2.900769919014321}, "datetime": {"datetime": "2022-05-17 18:53:44", "elapsed": 83439.314374, "delta": 51.316748}}
{"target": 4.567657515643684, "params": {"Bgrad": 1.7654742884296482, "d1": -2.1724211555853365, "d2": 0.6039927942212571, "d3": -2.958370906591071, "d4": -1.669194867498327, "p1": 29.97281038013739, "p2": 11.464713306592555, "p3": 40.43918143064525, "p4": 33.03487888904035, "pol1": 0.1940643797363668, "pol2": -0.501884588229752, "pol3": -0.12349536646791437, "pol4": -0.026293530356887418, "v0s": 4.567657515643684}, "datetime": {"datetime": "2022-05-17 18:54:19", "elapsed": 83474.530184, "delta": 35.21581}}
{"target": 4.727290180375634, "params": {"Bgrad": 1.700843646686409, "d1": -2.4579910078500844, "d2": 0.00024927652731212684, "d3": -0.9004327217184009, "d4": -3.0, "p1": 2.244362779913225, "p2": 32.306345243128156, "p3": 30.702610161944634, "p4": 38.57828483450159, "pol1": 0.9434233242812077, "pol2": 0.2268165764742041, "pol3": -0.3794839182010481, "pol4": 0.08747600136513255, "v0s": 4.727290180375634}, "datetime": {"datetime": "2022-05-17 18:55:21", "elapsed": 83536.879423, "delta": 62.349239}}
{"target": 4.81254511654371, "params": {"Bgrad": 1.5629846102707676, "d1": -2.3125253886610073, "d2": -0.04688328286544863, "d3": -1.1253991181026115, "d4": -2.1748471570452814, "p1": 5.290901787359553, "p2": 32.982179437701674, "p3": 32.22911199525005, "p4": 36.43400082298782, "pol1": -0.4259077363971644, "pol2": -0.2356504691045349, "pol3": 0.30035003118634407, "pol4": 0.6070686828823701, "v0s": 4.81254511654371}, "datetime": {"datetime": "2022-05-17 18:55:59", "elapsed": 83575.212895, "delta": 38.333472}}
{"target": 3.8208053050168638, "params": {"Bgrad": 1.6178994135705134, "d1": -3.0, "d2": -3.0, "d3": -2.2682041608967936, "d4": -3.0, "p1": 5.4737097357968585, "p2": 10.125337104159996, "p3": 38.58288911575677, "p4": 28.85834910212029, "pol1": -1.0, "pol2": -1.0, "pol3": 0.9639046592614187, "pol4": -1.0, "v0s": 3.8208053050168638}, "datetime": {"datetime": "2022-05-17 18:56:54", "elapsed": 83629.525629, "delta": 54.312734}}
{"target": 5.034724626748307, "params": {"Bgrad": 1.4581300462322, "d1": -3.0, "d2": 1.0, "d3": -0.8853996125882587, "d4": -1.1962651262712796, "p1": 31.34685097758614, "p2": 5.562380862119569, "p3": 8.34859698483962, "p4": 25.192654189992734, "pol1": -0.33744454828161075, "pol2": -1.0, "pol3": 0.12310989630602875, "pol4": 0.31669303588739617, "v0s": 5.034724626748307}, "datetime": {"datetime": "2022-05-17 18:57:39", "elapsed": 83674.341763, "delta": 44.816134}}
{"target": 4.788421594661178, "params": {"Bgrad": 0.5, "d1": -3.0, "d2": 0.9441421544690957, "d3": -2.571572925743812, "d4": -2.7480180482772063, "p1": 33.26368300704811, "p2": 6.2309224267955745, "p3": 38.40101642180709, "p4": 31.141296517074966, "pol1": 0.4362224905457411, "pol2": 0.914047752362393, "pol3": 0.5626821482677485, "pol4": 0.2754784726957737, "v0s": 4.788421594661178}, "datetime": {"datetime": "2022-05-17 18:58:20", "elapsed": 83715.973414, "delta": 41.631651}}
{"target": 3.9284416303815064, "params": {"Bgrad": 2.0, "d1": -3.0, "d2": 1.0, "d3": -1.4320892188465828, "d4": -1.3723149093519726, "p1": 41.79736696306364, "p2": 21.029066013173647, "p3": 16.24682148825219, "p4": 12.42075794183612, "pol1": -0.9939579191855685, "pol2": 1.0, "pol3": -0.20684006520699455, "pol4": 0.28472824624083276, "v0s": 3.9284416303815064}, "datetime": {"datetime": "2022-05-17 18:58:49", "elapsed": 83744.970856, "delta": 28.997442}}
{"target": -1.0, "params": {"Bgrad": 1.9875931286603792, "d1": -1.7300273377818587, "d2": 0.8215993926161516, "d3": -0.5104456360785541, "d4": -0.6025439644030137, "p1": 1.8081581386220735, "p2": 34.889110534922956, "p3": 28.438119228737424, "p4": 36.63803804295104, "pol1": -0.4231137300977026, "pol2": 0.08932872553787541, "pol3": -0.2128536192803192, "pol4": -0.6918952889655157, "v0s": 2.1083711038814354}, "datetime": {"datetime": "2022-05-17 18:59:28", "elapsed": 83783.928659, "delta": 38.957803}}
{"target": 4.2991308855568935, "params": {"Bgrad": 0.9462286038012788, "d1": -0.7602590788074401, "d2": 0.5419727276985036, "d3": -1.5011262053478207, "d4": -2.2208939372877854, "p1": 26.262339784979826, "p2": 7.237690292363625, "p3": 34.18552571227207, "p4": 29.0343511648649, "pol1": 0.4691521280243378, "pol2": -0.5347377477726802, "pol3": 0.3249943661998722, "pol4": 0.7997046231588114, "v0s": 4.2991308855568935}, "datetime": {"datetime": "2022-05-17 19:00:09", "elapsed": 83824.451276, "delta": 40.522617}}
{"target": -1.0, "params": {"Bgrad": 1.2521208197942748, "d1": -1.787937034122618, "d2": 0.5842047923723417, "d3": -3.0, "d4": 0.743867829283082, "p1": 30.584606919297478, "p2": 12.781032126035583, "p3": 31.190874925918145, "p4": 27.854843024853604, "pol1": 0.2040892105972814, "pol2": -1.0, "pol3": -1.0, "pol4": 0.1544270711518589, "v0s": 5.366120402617598}, "datetime": {"datetime": "2022-05-17 19:00:46", "elapsed": 83861.647789, "delta": 37.196513}}
{"target": 4.340919811084049, "params": {"Bgrad": 1.2912771985181237, "d1": -3.0, "d2": -0.5176113337399749, "d3": -2.70077403732639, "d4": -1.9021182243033385, "p1": 8.43869299780588, "p2": 26.288415968318485, "p3": 43.121687888522374, "p4": 20.93861358046798, "pol1": 0.8242593611932703, "pol2": -0.7929303160082746, "pol3": -0.1006688262578878, "pol4": 0.2830674937614275, "v0s": 4.340919811084049}, "datetime": {"datetime": "2022-05-17 19:01:28", "elapsed": 83903.541739, "delta": 41.89395}}
{"target": -1.0, "params": {"Bgrad": 1.351891778684309, "d1": -1.3355252727540194, "d2": -1.674802537488648, "d3": -2.424145493222755, "d4": -0.6030618491944524, "p1": 6.889203049579357, "p2": 39.92830774347161, "p3": 31.53362467067684, "p4": 46.12372898190765, "pol1": 0.20810325641226224, "pol2": 0.1678749395859802, "pol3": -0.32877640876339664, "pol4": 0.8853661002780624, "v0s": 5.709038131432197}, "datetime": {"datetime": "2022-05-17 19:02:01", "elapsed": 83936.80178, "delta": 33.260041}}
{"target": 5.252904601754195, "params": {"Bgrad": 1.0329633335274766, "d1": -2.818079144526965, "d2": 0.9509197423344204, "d3": -2.344821115914468, "d4": -0.11309178738834991, "p1": 4.027388544193111, "p2": 34.77189191252268, "p3": 31.96033540057176, "p4": 39.1823280136252, "pol1": 0.18574719221915736, "pol2": -0.001942889982779361, "pol3": 0.9408823706732341, "pol4": 0.7844201684402274, "v0s": 5.252904601754195}, "datetime": {"datetime": "2022-05-17 19:02:45", "elapsed": 83980.815062, "delta": 44.013282}}
{"target": 4.315140876802406, "params": {"Bgrad": 0.5, "d1": -2.753144001755245, "d2": 1.0, "d3": -1.8133350362983383, "d4": -2.320942454257921, "p1": 2.2677696766641726, "p2": 32.903925475226714, "p3": 30.654819824493085, "p4": 38.11421640628596, "pol1": -0.024541583456703882, "pol2": -0.4661421570255898, "pol3": -0.7061823819642106, "pol4": -1.0, "v0s": 4.315140876802406}, "datetime": {"datetime": "2022-05-17 19:03:38", "elapsed": 84034.081594, "delta": 53.266532}}
{"target": 3.224580524259598, "params": {"Bgrad": 0.6490378701974032, "d1": -2.73493216743641, "d2": 0.07339776698194234, "d3": -2.4546413910323555, "d4": -2.7718852225735304, "p1": 31.328581575171306, "p2": 10.989867854691898, "p3": 42.46757633735892, "p4": 37.231598513113795, "pol1": 0.2793733917212, "pol2": -0.6917074951349189, "pol3": 0.537557181262796, "pol4": -0.055543380497921735, "v0s": 3.224580524259598}, "datetime": {"datetime": "2022-05-17 19:04:07", "elapsed": 84062.282167, "delta": 28.200573}}
{"target": 4.822244235729281, "params": {"Bgrad": 1.3220206486545198, "d1": -2.753788017735121, "d2": 0.770840995999095, "d3": -2.237623741642963, "d4": -1.777033746107958, "p1": 1.9329697786529154, "p2": 37.38445935583744, "p3": 42.84177511210669, "p4": 29.680074286346645, "pol1": 0.5278348796542287, "pol2": 0.27351129310580724, "pol3": -0.6095738580166472, "pol4": 0.1698295552667899, "v0s": 4.822244235729281}, "datetime": {"datetime": "2022-05-17 19:04:35", "elapsed": 84090.947499, "delta": 28.665332}}
{"target": 4.837134702509835, "params": {"Bgrad": 1.7294828856310676, "d1": -1.7391392091504982, "d2": 0.167917520096251, "d3": -2.311884053666414, "d4": -3.0, "p1": 25.879676361098614, "p2": 8.651938205378663, "p3": 35.249227704493684, "p4": 29.45065279815692, "pol1": 0.23957250305990185, "pol2": -0.18343177626998067, "pol3": 0.5320238501836456, "pol4": 0.5360997568066229, "v0s": 4.837134702509835}, "datetime": {"datetime": "2022-05-17 19:05:28", "elapsed": 84144.110308, "delta": 53.162809}}
{"target": 4.300451107918461, "params": {"Bgrad": 1.2008999168123473, "d1": -1.8163468367779454, "d2": 0.5130332196061308, "d3": -2.397218678774366, "d4": -3.0, "p1": 26.240859841413826, "p2": 7.4172261888728235, "p3": 34.84382566381272, "p4": 29.810578229634274, "pol1": -0.09557167157039588, "pol2": 0.7748233524991776, "pol3": 0.05212968443341829, "pol4": 1.0, "v0s": 4.300451107918461}, "datetime": {"datetime": "2022-05-17 19:06:05", "elapsed": 84180.295526, "delta": 36.185218}}
{"target": 3.176222393265939, "params": {"Bgrad": 1.6591317919472632, "d1": -2.33988950806146, "d2": 0.22631517067979612, "d3": -0.834789656394312, "d4": -2.886648291434164, "p1": 10.10695556037215, "p2": 27.201428749844066, "p3": 40.85465509045952, "p4": 24.471103381400823, "pol1": 0.8474600513236892, "pol2": 0.7170725105910851, "pol3": -0.5819459056258249, "pol4": -0.3081944011375839, "v0s": 3.176222393265939}, "datetime": {"datetime": "2022-05-17 19:06:31", "elapsed": 84207.122773, "delta": 26.827247}}
{"target": 4.665120570799896, "params": {"Bgrad": 0.7378724087934025, "d1": -1.5839424311714212, "d2": 0.71336100191587, "d3": -0.8076491796999847, "d4": -1.3097015450347977, "p1": 6.258720111385579, "p2": 39.19385152183893, "p3": 29.179919944886436, "p4": 39.84728504541947, "pol1": -0.375432610702255, "pol2": -0.08895916830579664, "pol3": 0.8412132728659325, "pol4": -0.06668544115539832, "v0s": 4.665120570799896}, "datetime": {"datetime": "2022-05-17 19:07:18", "elapsed": 84253.700196, "delta": 46.577423}}
{"target": 5.455410095772475, "params": {"Bgrad": 0.5, "d1": -1.6982379842523925, "d2": -0.049692169870761235, "d3": -0.970330150195471, "d4": -3.0, "p1": 2.649702699460074, "p2": 13.535370772659668, "p3": 38.44502339633594, "p4": 48.06166701737438, "pol1": -0.5902310120313073, "pol2": 0.1412431113539339, "pol3": -0.8198301470693664, "pol4": -0.22614531318742254, "v0s": 5.455410095772475}, "datetime": {"datetime": "2022-05-17 19:08:05", "elapsed": 84300.327486, "delta": 46.62729}}
{"target": 4.805531905560221, "params": {"Bgrad": 2.0, "d1": -2.441155557612068, "d2": 0.11215755806408546, "d3": -2.1200360277932293, "d4": -2.6375906119715506, "p1": 29.19450475300358, "p2": 10.772034127319706, "p3": 13.792803354894541, "p4": 26.682089563085448, "pol1": 0.547060594022234, "pol2": 0.8360082695545791, "pol3": -1.0, "pol4": 0.03368003025381279, "v0s": 4.805531905560221}, "datetime": {"datetime": "2022-05-17 19:08:46", "elapsed": 84341.734737, "delta": 41.407251}}
{"target": -1.0, "params": {"Bgrad": 1.4714054542375845, "d1": -0.1603442213175721, "d2": -1.6127194032264787, "d3": -1.0036144605813093, "d4": -0.9696346447414372, "p1": 40.148073454150705, "p2": 46.69833166835562, "p3": 18.447363403705, "p4": 11.303362605796785, "pol1": 0.7583083670247297, "pol2": -0.9640618855994241, "pol3": -0.3147437035555043, "pol4": -0.27995411950551574, "v0s": 4.800605422194098}, "datetime": {"datetime": "2022-05-17 19:09:19", "elapsed": 84374.777362, "delta": 33.042625}}
{"target": 3.762691932874705, "params": {"Bgrad": 2.0, "d1": -3.0, "d2": -1.272867099372597, "d3": -3.0, "d4": -1.1094744244258152, "p1": 27.588728894828716, "p2": 18.149957665207324, "p3": 49.34069139869192, "p4": 37.20718851325315, "pol1": -0.7344043790780829, "pol2": 1.0, "pol3": 0.047122502961376746, "pol4": 0.1468808330138255, "v0s": 3.762691932874705}, "datetime": {"datetime": "2022-05-17 19:09:50", "elapsed": 84405.630838, "delta": 30.853476}}
{"target": 5.02397112520038, "params": {"Bgrad": 1.6299727699695117, "d1": -2.8348220491962883, "d2": 0.732218430259629, "d3": -2.2719761904158235, "d4": -1.9170321844301472, "p1": 31.410296450054283, "p2": 9.717508515279166, "p3": 40.18630577108825, "p4": 34.91235277938665, "pol1": -0.002765646538598218, "pol2": -0.9554470380556475, "pol3": -0.3775241818507331, "pol4": 0.08189669243929665, "v0s": 5.02397112520038}, "datetime": {"datetime": "2022-05-17 19:10:32", "elapsed": 84447.973587, "delta": 42.342749}}
{"target": 5.188344003248877, "params": {"Bgrad": 0.881556233493063, "d1": -3.0, "d2": 1.0, "d3": -1.7436234695816726, "d4": -0.14761401072103988, "p1": 5.120571624543227, "p2": 35.4541996827774, "p3": 31.465539936201548, "p4": 39.33353997858161, "pol1": 0.7986750734122187, "pol2": -0.04347990932081942, "pol3": -0.09905535649627914, "pol4": 0.20846161430800556, "v0s": 5.188344003248877}, "datetime": {"datetime": "2022-05-17 19:11:08", "elapsed": 84483.541457, "delta": 35.56787}}
{"target": -1.0, "params": {"Bgrad": 1.3633042266665019, "d1": -1.092989520133962, "d2": 0.9190789314464363, "d3": -2.717051463934634, "d4": 0.46966252840303646, "p1": 28.925989107006917, "p2": 43.823777285628566, "p3": 2.785680517656747, "p4": 4.957676071080186, "pol1": 0.7261894354939085, "pol2": 0.1407680528947628, "pol3": 0.11698760217971094, "pol4": -0.9739746641167497, "v0s": 5.853516824698636}, "datetime": {"datetime": "2022-05-17 22:02:56", "elapsed": 94792.052595, "delta": 10308.511138}}
{"target": -1.0, "params": {"Bgrad": 1.7714967221563762, "d1": 0.9845047643961355, "d2": -1.2681808371305534, "d3": -1.7543638157665278, "d4": -1.3809187000710237, "p1": 11.401254815550349, "p2": 11.304929236677374, "p3": 21.682180433259944, "p4": 34.226975410842954, "pol1": 0.32147457718500094, "pol2": 0.5449803365240689, "pol3": -0.5663706238589523, "pol4": 0.45741275746564347, "v0s": 6.771522964514541}, "datetime": {"datetime": "2022-05-17 22:03:06", "elapsed": 94801.596067, "delta": 9.543472}}
{"target": -1.0, "params": {"Bgrad": 1.3427192961258556, "d1": -1.1373172401919, "d2": -2.367200512614738, "d3": -2.814188595825048, "d4": -1.144671408908358, "p1": 32.71510401126092, "p2": 10.627315827407745, "p3": 19.997480243785056, "p4": 24.88189422549067, "pol1": 0.9098079133043919, "pol2": 0.7548902571620637, "pol3": 0.748099296257029, "pol4": 0.9932010776798188, "v0s": 6.640719698842729}, "datetime": {"datetime": "2022-05-17 22:03:14", "elapsed": 94810.101319, "delta": 8.505252}}
{"target": -1.0, "params": {"Bgrad": 0.8045898170898145, "d1": 0.35954936266052906, "d2": -2.335007005855902, "d3": 0.5563483187592411, "d4": -1.6456808162614536, "p1": 14.397233195337888, "p2": 30.311149995593254, "p3": 3.030577323700956, "p4": 45.35440873017323, "pol1": -0.23785860326926866, "pol2": 0.5799663418042125, "pol3": 0.42109487030591986, "pol4": 0.40829626001463715, "v0s": 5.195757001341857}, "datetime": {"datetime": "2022-05-17 22:03:22", "elapsed": 94817.634171, "delta": 7.532852}}
{"target": -1.0, "params": {"Bgrad": 1.2000132656677254, "d1": -0.4184082714596431, "d2": -0.23369117141540618, "d3": -2.0567272188868713, "d4": 0.015232833180387928, "p1": 46.830858409287615, "p2": 40.754882381927835, "p3": 36.530483441756466, "p4": 41.08554694161335, "pol1": -0.9860901649210738, "pol2": -0.6503519067904717, "pol3": -0.3160415969672594, "pol4": 0.46703626781071916, "v0s": 7.870239735113847}, "datetime": {"datetime": "2022-05-17 22:03:30", "elapsed": 94826.08457, "delta": 8.450399}}
{"target": 5.1282207457721345, "params": {"Bgrad": 1.5993167700153936, "d1": -1.0840282686872742, "d2": 0.6842072476995646, "d3": -1.489203439742178, "d4": -0.4332374700441397, "p1": 0.07522350927156585, "p2": 8.96797722189685, "p3": 14.741938444644331, "p4": 19.349489921226258, "pol1": -0.08035898605365621, "pol2": 0.5934375179082336, "pol3": -0.4403088320537949, "pol4": -0.834676829691182, "v0s": 5.1282207457721345}, "datetime": {"datetime": "2022-05-17 22:03:39", "elapsed": 94834.318547, "delta": 8.233977}}
{"target": 2.7312921630564526, "params": {"Bgrad": 1.9717279822191478, "d1": -1.3969661140451208, "d2": -1.971235672632599, "d3": 0.10536599513760603, "d4": -0.5376658529089853, "p1": 0.3774168113232723, "p2": 49.31025524865599, "p3": 24.445926621055747, "p4": 15.201093543405687, "pol1": 0.3301541019633891, "pol2": -0.4288784375709376, "pol3": -0.07291213742761338, "pol4": 0.3036421426525173, "v0s": 2.7312921630564526}, "datetime": {"datetime": "2022-05-17 22:03:40", "elapsed": 94836.16062, "delta": 1.842073}}
{"target": -1.0, "params": {"Bgrad": 1.200834689646655, "d1": -0.0591770262698712, "d2": 0.8420721614901248, "d3": -2.9144420319361393, "d4": 0.3299168420448271, "p1": 46.95730099683343, "p2": 49.290891018135916, "p3": 46.89158175094521, "p4": 6.4625704038744844, "pol1": 0.7720403878888102, "pol2": -0.6942757412083422, "pol3": -0.27896728601358456, "pol4": -0.2776761230371094, "v0s": 3.6787123536236255}, "datetime": {"datetime": "2022-05-17 22:03:52", "elapsed": 94847.366648, "delta": 11.206028}}
{"target": -1.0, "params": {"Bgrad": 1.032206365781195, "d1": -0.82799374068476, "d2": -2.6859319333690244, "d3": -1.5085213155552237, "d4": -0.6671244759994432, "p1": 6.7124704989862725, "p2": 12.149397264598205, "p3": 15.638954127882704, "p4": 3.72669255917521, "pol1": 0.6153815906039912, "pol2": -0.4732050543477595, "pol3": -0.17879798160894023, "pol4": -0.18917426812127935, "v0s": 3.8284138177289195}, "datetime": {"datetime": "2022-05-17 22:04:01", "elapsed": 94856.64184, "delta": 9.275192}}
{"target": -1.0, "params": {"Bgrad": 0.6916070704691171, "d1": 0.574237496287394, "d2": -0.2744206084946015, "d3": -1.9324341522983755, "d4": -2.6302762925065237, "p1": 6.174750804276452, "p2": 13.82182006826896, "p3": 2.4521739432754597, "p4": 7.2573431978509735, "pol1": -0.049940904859316015, "pol2": 0.8719588050298761, "pol3": -0.13186202863737773, "pol4": 0.41828090897027925, "v0s": 5.421830444717823}, "datetime": {"datetime": "2022-05-17 22:04:07", "elapsed": 94862.473244, "delta": 5.831404}}
{"target": 2.443706503756286, "params": {"Bgrad": 1.9643662783817368, "d1": -2.2871551715031933, "d2": -0.04357966668622293, "d3": -1.5983732205711072, "d4": 0.9648484143222773, "p1": 17.640586755330013, "p2": 48.93915912627863, "p3": 43.018572349507096, "p4": 29.886832998855734, "pol1": -0.9451040865968352, "pol2": -0.6289359011017857, "pol3": -0.886976449024512, "pol4": 0.5849235231681413, "v0s": 2.443706503756286}, "datetime": {"datetime": "2022-05-17 22:04:16", "elapsed": 94871.239797, "delta": 8.766553}}
{"target": -1.0, "params": {"Bgrad": 1.679689153505286, "d1": -2.88819260384082, "d2": -1.9791749877743312, "d3": -1.8096664534378588, "d4": -0.7415740385265854, "p1": 28.103062199329038, "p2": 44.37004823011977, "p3": 31.868872002166516, "p4": 8.073101518090976, "pol1": -0.9460104141512271, "pol2": 0.5239649959086445, "pol3": 0.07113759563366395, "pol4": 0.15725829910014233, "v0s": 4.4846302871981605}, "datetime": {"datetime": "2022-05-17 22:04:27", "elapsed": 94882.641302, "delta": 11.401505}}
{"target": -1.0, "params": {"Bgrad": 1.3847226321467034, "d1": -1.3774744877732958, "d2": -1.2172303780992464, "d3": -0.629041455964833, "d4": -1.030621957858695, "p1": 2.9551695477436466, "p2": 48.839485395778084, "p3": 42.75688200060232, "p4": 18.954281391406436, "pol1": 0.09304968543897019, "pol2": 0.8657486532791934, "pol3": -0.20406931659845018, "pol4": 0.8895453987353252, "v0s": 2.1829176571135798}, "datetime": {"datetime": "2022-05-17 22:04:30", "elapsed": 94885.50963, "delta": 2.868328}}
{"target": -1.0, "params": {"Bgrad": 1.61869928335275, "d1": 0.18802644425321668, "d2": -2.2246595494850605, "d3": -2.348532898830157, "d4": -0.6356868573945023, "p1": 23.984585592891865, "p2": 29.32713012119905, "p3": 6.613554844061542, "p4": 13.886853488501044, "pol1": -0.8606552785407513, "pol2": -0.784006554681445, "pol3": 0.43275535512219765, "pol4": -0.9471960889513007, "v0s": 5.237901932596975}, "datetime": {"datetime": "2022-05-17 22:04:40", "elapsed": 94895.443062, "delta": 9.933432}}
{"target": -1.0, "params": {"Bgrad": 0.9479944844550572, "d1": 0.47398920066693506, "d2": -0.8198444900567456, "d3": 0.9901909381795808, "d4": -0.7556964375229369, "p1": 28.104890648009167, "p2": 16.755334900774894, "p3": 12.616246700122963, "p4": 21.368483878366686, "pol1": -0.5456492910078561, "pol2": -0.8582479848245235, "pol3": -0.14989753343184553, "pol4": -0.7871658136969477, "v0s": 6.338724887605274}, "datetime": {"datetime": "2022-05-17 22:04:49", "elapsed": 94904.520782, "delta": 9.07772}}
