{"target": -1.0, "params": {"Bgrad": 1.7160934986686884, "d1": -1.5816920877516298, "d2": 0.9048898667154495, "d3": -1.2677724552859777, "d4": -0.3596794947731836, "p1": 22.2176047316817, "p2": 0.6697455036910105, "p3": 26.18036626636251, "p4": 29.461807966052483, "pol1": 0.7133705328381956, "pol2": 0.403503338271584, "pol3": -0.09257401405262211, "pol4": -0.17378964216073123, "v0s": 7.670041224083046}, "datetime": {"datetime": "2022-04-28 17:06:01", "elapsed": 5674.479221, "delta": 14.978949}}
{"target": -1.0, "params": {"Bgrad": 0.7442881782964434, "d1": -2.2078133626456826, "d2": -1.7178544241326943, "d3": -2.5150837112064712, "d4": 0.9553836625877357, "p1": 12.793644145863613, "p2": 10.812638353971293, "p3": 45.15062525204959, "p4": 49.43290281090366, "pol1": 0.690615870849433, "pol2": -0.47372524894023216, "pol3": -0.8763410809926007, "pol4": 0.03289681544891532, "v0s": 7.477757370374389}, "datetime": {"datetime": "2022-04-28 17:06:07", "elapsed": 5680.519072, "delta": 6.039851}}
{"target": -1.0, "params": {"Bgrad": 1.1397935257583809, "d1": -1.4423710097052838, "d2": -2.694810601994541, "d3": -2.989426350863547, "d4": -2.286194113221427, "p1": 18.53720478363739, "p2": 46.694353859134864, "p3": 34.04132437606532, "p4": 47.48996904985566, "pol1": -0.52986477151503, "pol2": -0.2830905492779716, "pol3": 0.7729927641365488, "pol4": -0.06174599760137589, "v0s": 5.160991897865252}, "datetime": {"datetime": "2022-04-28 17:06:16", "elapsed": 5689.407307, "delta": 8.888235}}
{"target": -1.0, "params": {"Bgrad": 1.5521648233930565, "d1": -1.4621639620982, "d2": -2.424663777560156, "d3": -1.9832762861896276, "d4": 0.12854343794745704, "p1": 43.53614559782707, "p2": 43.04186976248412, "p3": 26.948472506317607, "p4": 45.33660167200313, "pol1": -0.45244392545739776, "pol2": -0.47300609195070265, "pol3": -0.7665283298748251, "pol4": 0.8373107184242203, "v0s": 4.522656726513913}, "datetime": {"datetime": "2022-04-28 17:06:27", "elapsed": 5700.219396, "delta": 10.812089}}
{"target": -1.0, "params": {"Bgrad": 1.234087861491751, "d1": 0.14611488200031086, "d2": 0.6075115912876865, "d3": -2.771540070610164, "d4": -0.11569446829747099, "p1": 11.275054507010196, "p2": 38.881418188123604, "p3": 40.62140701421047, "p4": 9.800236673879503, "pol1": -0.49250433826404305, "pol2": -0.5092082949221401, "pol3": 0.366144063954736, "pol4": 0.6365855190745988, "v0s": 4.7174790369891255}, "datetime": {"datetime": "2022-04-28 17:06:43", "elapsed": 5716.080986, "delta": 15.86159}}
{"target": -1.0, "params": {"Bgrad": 1.4818264655815958, "d1": -0.6005963284458429, "d2": -1.3686009818014218, "d3": -1.2183770805198542, "d4": -1.7835829225434265, "p1": 36.372868919897364, "p2": 39.58767730952279, "p3": 49.96224534685033, "p4": 18.67945432514315, "pol1": 0.9409427175140792, "pol2": -0.8296122703068773, "pol3": 0.7148705878956536, "pol4": 0.0792125085636104, "v0s": 6.584487770336697}, "datetime": {"datetime": "2022-04-28 17:06:54", "elapsed": 5726.677652, "delta": 10.596666}}
{"target": -1.0, "params": {"Bgrad": 0.5979501747644518, "d1": -0.3583480589378194, "d2": 0.08361663092208094, "d3": -2.3836887340324426, "d4": -2.0601925498878013, "p1": 40.89790822262963, "p2": 9.756212612101711, "p3": 19.83014636248111, "p4": 47.860991013877616, "pol1": -0.5102666983568986, "pol2": 0.7551790260585596, "pol3": -0.6057380241020043, "pol4": -0.5594768878171721, "v0s": 7.184074344021234}, "datetime": {"datetime": "2022-04-28 17:06:59", "elapsed": 5731.97449, "delta": 5.296838}}
{"target": -1.0, "params": {"Bgrad": 1.7497306988684131, "d1": -1.9523661049336085, "d2": -2.255094291731621, "d3": -2.636628829107159, "d4": -1.1770645612078292, "p1": 4.230201084528201, "p2": 38.693319599588534, "p3": 25.423333829844086, "p4": 7.316081771168842, "pol1": -0.2384128143587938, "pol2": 0.9251027707077171, "pol3": -0.3997764567485973, "pol4": -0.2512662143871027, "v0s": 5.793482410025186}, "datetime": {"datetime": "2022-04-28 17:07:12", "elapsed": 5745.083438, "delta": 13.108948}}
{"target": -1.0, "params": {"Bgrad": 0.7584051504849837, "d1": 0.6742610834828948, "d2": -2.4834634228372447, "d3": -1.1782760372949275, "d4": 0.33759135412856, "p1": 3.591881332545488, "p2": 44.619069229748604, "p3": 49.267142178526825, "p4": 40.65565791653383, "pol1": -0.18956422617356328, "pol2": 0.26174112600369615, "pol3": -0.37122992777692754, "pol4": 0.11441323861901531, "v0s": 7.595380762111695}, "datetime": {"datetime": "2022-04-28 17:07:19", "elapsed": 5752.396883, "delta": 7.313445}}
{"target": -1.0, "params": {"Bgrad": 1.5079364925734078, "d1": -2.775395139797067, "d2": -2.772061284827982, "d3": -1.2924841517174803, "d4": 0.4894150607200922, "p1": 12.096389911387723, "p2": 37.81078778731062, "p3": 32.033079637741245, "p4": 32.04565120485011, "pol1": -0.9263752295154737, "pol2": -0.4675284672728186, "pol3": 0.607578911561933, "pol4": -0.17820806382860677, "v0s": 2.0148123614075484}, "datetime": {"datetime": "2022-04-28 17:07:31", "elapsed": 5763.559038, "delta": 11.162155}}
{"target": -1.0, "params": {"Bgrad": 0.9664698639634022, "d1": 0.26737403414777017, "d2": -2.7473292437103978, "d3": -0.8633926753723049, "d4": 0.6385139889762468, "p1": 4.585731556785655, "p2": 46.88796629867434, "p3": 20.782134600697834, "p4": 45.10941146677408, "pol1": -0.8548897270570832, "pol2": 0.6837107967374725, "pol3": -0.4263543374759602, "pol4": -0.5770861399691067, "v0s": 2.3014359999637075}, "datetime": {"datetime": "2022-04-28 17:07:42", "elapsed": 5775.216867, "delta": 11.657829}}
{"target": -1.0, "params": {"Bgrad": 1.0938268621255474, "d1": -0.03783303443518404, "d2": -2.153835011863271, "d3": 0.982454775679872, "d4": -2.753293162705795, "p1": 36.16000875311024, "p2": 41.16091103159524, "p3": 34.954707793858645, "p4": 40.44459514632134, "pol1": -0.23570384551075407, "pol2": -0.049006315139109136, "pol3": -0.40085954835106175, "pol4": 0.43124007464692604, "v0s": 5.09363756205579}, "datetime": {"datetime": "2022-04-28 17:07:53", "elapsed": 5785.5642, "delta": 10.347333}}
{"target": -1.0, "params": {"Bgrad": 0.6007457637887785, "d1": -1.3256057300913193, "d2": -1.137933534596038, "d3": 0.7578923407657254, "d4": -2.9479159623242763, "p1": 24.47075118864764, "p2": 25.081054469803842, "p3": 37.97785230679939, "p4": 16.465352218249336, "pol1": -0.20228481874211623, "pol2": 0.11892620635122975, "pol3": 0.41784965746247926, "pol4": 0.2410722172242017, "v0s": 7.470099513677328}, "datetime": {"datetime": "2022-04-28 17:07:57", "elapsed": 5789.930525, "delta": 4.366325}}
{"target": -1.0, "params": {"Bgrad": 0.5039980353035065, "d1": -2.0613208213793413, "d2": 0.7158803962380875, "d3": 0.19281457659513235, "d4": -0.5983649477960902, "p1": 49.141216795388445, "p2": 13.550819864325847, "p3": 46.307999483207546, "p4": 16.48798950118574, "pol1": 0.04428908904466633, "pol2": -0.28848706652330347, "pol3": -0.847629159437427, "pol4": -0.7681422326674618, "v0s": 2.980664471828767}, "datetime": {"datetime": "2022-04-28 17:08:04", "elapsed": 5796.583736, "delta": 6.653211}}
{"target": -1.0, "params": {"Bgrad": 0.6878270222071587, "d1": 0.955752354802498, "d2": 0.3103089214969015, "d3": 0.6525788475516716, "d4": 0.5487501925765326, "p1": 47.600476055714566, "p2": 20.10627747940554, "p3": 13.641432572494516, "p4": 14.632889705068425, "pol1": -0.17949355089894525, "pol2": -0.08048187735372259, "pol3": -0.1715137351210363, "pol4": -0.45335326163930434, "v0s": 3.7608625261426463}, "datetime": {"datetime": "2022-04-28 17:08:10", "elapsed": 5803.054434, "delta": 6.470698}}
{"target": -1.0, "params": {"Bgrad": 0.6090995652473344, "d1": -2.011433180054886, "d2": -0.5787070771786058, "d3": -0.11780865916731642, "d4": 0.3159474817958121, "p1": 22.236827189689656, "p2": 13.188689389710518, "p3": 26.4719689837495, "p4": 28.308081396832023, "pol1": -0.19005251539078816, "pol2": -0.7703672594875028, "pol3": -0.3593677930136192, "pol4": 0.10506337120224396, "v0s": 3.011468504354407}, "datetime": {"datetime": "2022-04-28 17:08:15", "elapsed": 5807.763843, "delta": 4.709409}}
{"target": -1.0, "params": {"Bgrad": 1.8415145483545334, "d1": -1.0922528768445203, "d2": -2.271424024221797, "d3": -2.2811694638209334, "d4": -0.4686605473769454, "p1": 13.747257257512452, "p2": 18.936796269987493, "p3": 44.69888093292965, "p4": 49.436349397502276, "pol1": -0.07004481788341788, "pol2": -0.1378628433495832, "pol3": -0.9448793401759195, "pol4": 0.5377102496478701, "v0s": 6.638744876026419}, "datetime": {"datetime": "2022-04-28 17:08:26", "elapsed": 5819.298999, "delta": 11.535156}}
{"target": -1.0, "params": {"Bgrad": 1.0091372263554739, "d1": -2.451662104531721, "d2": -0.6062936559120695, "d3": -0.3355401339095754, "d4": -1.7113242836177904, "p1": 3.7336715785384444, "p2": 30.99580728144175, "p3": 14.784065551868691, "p4": 9.062323200010415, "pol1": -0.8819725168848225, "pol2": -0.1307293268115457, "pol3": -0.024729368290635323, "pol4": -0.6126479078351634, "v0s": 4.616642943598709}, "datetime": {"datetime": "2022-04-28 17:08:47", "elapsed": 5840.138279, "delta": 20.83928}}
{"target": -1.0, "params": {"Bgrad": 0.5076549755477089, "d1": 0.1912212990797464, "d2": -1.4392356921013936, "d3": -1.171375711768062, "d4": -2.678381072055467, "p1": 11.473926914986437, "p2": 34.94974662029029, "p3": 47.168096455355304, "p4": 27.972870658658582, "pol1": -0.8791539411398499, "pol2": 0.8108170753713753, "pol3": 0.9914051528342191, "pol4": 0.754056378596976, "v0s": 7.19417886451015}, "datetime": {"datetime": "2022-04-28 17:08:53", "elapsed": 5846.269884, "delta": 6.131605}}
{"target": -1.0, "params": {"Bgrad": 0.8853751561436378, "d1": -0.6315849998780987, "d2": 0.5523413513554685, "d3": -2.0846552663473346, "d4": 0.47245734791476934, "p1": 3.6477130987713657, "p2": 48.74864069114629, "p3": 18.026753800375918, "p4": 22.77841122601552, "pol1": 0.3484090257108503, "pol2": -0.6365994924367107, "pol3": 0.8432206104070894, "pol4": -0.6374326862241502, "v0s": 2.1564290511018838}, "datetime": {"datetime": "2022-04-28 17:09:03", "elapsed": 5855.792423, "delta": 9.522539}}
{"target": -1.0, "params": {"Bgrad": 1.4021419460511506, "d1": -0.17855981871915683, "d2": -1.5404397185927956, "d3": -1.7684745242336368, "d4": -2.2559402869577694, "p1": 12.454375681269742, "p2": 22.379209837953134, "p3": 36.869176896986964, "p4": 17.78552814452502, "pol1": -0.6878269435335749, "pol2": -0.19150689799431064, "pol3": 0.4404953663755875, "pol4": 0.9393312037260513, "v0s": 3.591829641459012}, "datetime": {"datetime": "2022-04-28 17:09:16", "elapsed": 5869.145718, "delta": 13.353295}}
{"target": -1.0, "params": {"Bgrad": 1.4943091261616912, "d1": 0.24159389240769613, "d2": -1.7007987578922, "d3": 0.2695444331578303, "d4": -1.0937159569788752, "p1": 21.212387442216873, "p2": 41.40757340460932, "p3": 5.763643155529535, "p4": 15.35099762823785, "pol1": -0.5059385406333439, "pol2": -0.17897708990794925, "pol3": -0.8816894473416081, "pol4": 0.27155353089437706, "v0s": 4.931733626396343}, "datetime": {"datetime": "2022-04-28 17:09:28", "elapsed": 5881.387985, "delta": 12.242267}}
{"target": -1.0, "params": {"Bgrad": 0.5797997985713641, "d1": -1.3745044873039456, "d2": -0.9896024428348884, "d3": -1.5863683929627403, "d4": -0.817256071553643, "p1": 10.7999347471757, "p2": 12.508060205879373, "p3": 4.774206599674541, "p4": 12.77486401369028, "pol1": -0.252402779646016, "pol2": 0.667471938713923, "pol3": 0.8173837622073687, "pol4": -0.02105697964956965, "v0s": 7.5855460560040875}, "datetime": {"datetime": "2022-04-28 17:09:35", "elapsed": 5887.871649, "delta": 6.483664}}
{"target": -1.0, "params": {"Bgrad": 1.5592374752924016, "d1": -0.44871990578912957, "d2": -0.8013924868877891, "d3": 0.9855877292349442, "d4": -0.5866104913026069, "p1": 13.713743276095581, "p2": 16.411224875023166, "p3": 20.017849221325463, "p4": 0.8298378593016964, "pol1": 0.8376740246810959, "pol2": -0.0734364977088462, "pol3": 0.9529938248235335, "pol4": -0.6739316184965785, "v0s": 7.634323616907281}, "datetime": {"datetime": "2022-04-28 17:09:45", "elapsed": 5898.335669, "delta": 10.46402}}
{"target": -1.0, "params": {"Bgrad": 0.7438339682023265, "d1": -1.7801375673448736, "d2": 0.8847944992094612, "d3": -2.675560817400401, "d4": 0.10507691593369106, "p1": 18.41591808133064, "p2": 42.708233475088, "p3": 32.61629015479291, "p4": 30.055779478515827, "pol1": 0.07356453291413256, "pol2": 0.7101612158987753, "pol3": 0.4387926294030664, "pol4": -0.5034625555301413, "v0s": 3.009746111942878}, "datetime": {"datetime": "2022-04-28 17:09:54", "elapsed": 5907.126166, "delta": 8.790497}}
{"target": -1.0, "params": {"Bgrad": 1.6031408200803232, "d1": -0.8229244049276021, "d2": 0.9314834338328786, "d3": 0.2082923561591481, "d4": -2.2112995729290037, "p1": 36.93228722460221, "p2": 17.24486592249898, "p3": 9.312871334090234, "p4": 37.2820275354323, "pol1": 0.7179230656561968, "pol2": 0.029356054751014327, "pol3": -0.49727187348946233, "pol4": 0.5891484146328294, "v0s": 6.970265135423755}, "datetime": {"datetime": "2022-04-28 17:10:07", "elapsed": 5920.313904, "delta": 13.187738}}
{"target": -1.0, "params": {"Bgrad": 1.3271412694999494, "d1": -1.1872850946726476, "d2": -2.2433898597937336, "d3": -2.117143128388148, "d4": 0.522160584977374, "p1": 15.56767932375821, "p2": 41.79693321269325, "p3": 8.765238082538563, "p4": 23.482194731577945, "pol1": -0.7470155550975148, "pol2": -0.3773027269131741, "pol3": 0.931303635768232, "pol4": -0.13265386231588172, "v0s": 6.459804959628245}, "datetime": {"datetime": "2022-04-28 17:10:18", "elapsed": 5931.518944, "delta": 11.20504}}
{"target": 2.252785535752225, "params": {"Bgrad": 1.2492400765677, "d1": -0.23251202632139334, "d2": -1.7232845136361066, "d3": 0.4574161987992773, "d4": -0.32961257680853384, "p1": 12.411151612630334, "p2": 18.643631543592026, "p3": 9.270414918533332, "p4": 11.679475973751119, "pol1": -0.36125078696741, "pol2": 0.4111922676201405, "pol3": -0.6052307850888292, "pol4": 0.23258576798927, "v0s": 2.252785535752225}, "datetime": {"datetime": "2022-04-28 17:10:24", "elapsed": 5936.760928, "delta": 5.241984}}
{"target": -1.0, "params": {"Bgrad": 1.12361081078018, "d1": -0.4756368616674389, "d2": -0.5403383449530246, "d3": -2.0659294344161987, "d4": -1.2206429418819553, "p1": 27.45424160197632, "p2": 23.275313742325416, "p3": 10.474490939838327, "p4": 19.904234198454517, "pol1": 0.9913248919848145, "pol2": 0.9209037415812713, "pol3": 0.519156758437249, "pol4": -0.2440664202866898, "v0s": 6.803273596706594}, "datetime": {"datetime": "2022-04-28 17:10:34", "elapsed": 5947.258858, "delta": 10.49793}}
{"target": -1.0, "params": {"Bgrad": 1.1197782934699827, "d1": -2.3744747596853415, "d2": 0.1470643301032375, "d3": -1.4320060485558521, "d4": -2.5201098372881106, "p1": 43.681979541369365, "p2": 26.678085803778767, "p3": 6.172456017371908, "p4": 37.545607573043355, "pol1": -0.9605176040543042, "pol2": -0.8085187434977068, "pol3": 0.2705919025786878, "pol4": -0.41006325955016254, "v0s": 3.8676479248520663}, "datetime": {"datetime": "2022-04-28 17:10:41", "elapsed": 5954.343914, "delta": 7.085056}}
{"target": 3.6011386038890194, "params": {"Bgrad": 1.2734328324080901, "d1": -2.2666286357692758, "d2": 0.3370966186913802, "d3": -0.27220095535245026, "d4": -2.6467898302935295, "p1": 39.039089704420704, "p2": 15.018995960356996, "p3": 44.33069569165819, "p4": 20.063721528590595, "pol1": -0.7920944850103424, "pol2": -0.5772323005532758, "pol3": 0.8987229811776143, "pol4": 0.9816948162039159, "v0s": 3.6011386038890194}, "datetime": {"datetime": "2022-04-28 17:10:48", "elapsed": 5960.566276, "delta": 6.222362}}
{"target": -1.0, "params": {"Bgrad": 1.9825864416293006, "d1": -1.6706075376770357, "d2": -0.3979650577233409, "d3": -2.482430269673414, "d4": -1.9248330977043735, "p1": 11.61819346764818, "p2": 39.91829424850858, "p3": 37.50819004573414, "p4": 9.657499684292953, "pol1": -0.3372245300640153, "pol2": 0.6053168510311682, "pol3": -0.04927366059785565, "pol4": -0.9593983480940769, "v0s": 7.319258311354554}, "datetime": {"datetime": "2022-04-28 17:11:00", "elapsed": 5973.491717, "delta": 12.925441}}
{"target": -1.0, "params": {"Bgrad": 1.5045200074960032, "d1": -1.9359009618897973, "d2": -1.6155820904219018, "d3": -0.3239703198444137, "d4": -0.7661110650803651, "p1": 7.737427411459913, "p2": 14.32322349169159, "p3": 39.344633294274075, "p4": 26.593084609799206, "pol1": 0.4690087275327923, "pol2": -0.18583952318406616, "pol3": -0.10649576996473442, "pol4": 0.27511958222749766, "v0s": 6.373901007319512}, "datetime": {"datetime": "2022-04-28 17:11:14", "elapsed": 5986.710372, "delta": 13.218655}}
{"target": -1.0, "params": {"Bgrad": 1.8897994340790774, "d1": -2.172068042910627, "d2": 0.9017857219404037, "d3": -2.004080179363594, "d4": 0.832726382709251, "p1": 5.737991728982461, "p2": 7.647805851844347, "p3": 47.9290713945793, "p4": 27.802438628421278, "pol1": -0.6384858310738211, "pol2": 0.3499661185231677, "pol3": -0.9418878424917612, "pol4": -0.8805385091283187, "v0s": 5.051340500272466}, "datetime": {"datetime": "2022-04-28 17:12:21", "elapsed": 6054.309624, "delta": 67.599252}}
{"target": -1.0, "params": {"Bgrad": 1.212724529236433, "d1": -2.124605126172728, "d2": 0.38240004022296503, "d3": -1.7978433497631805, "d4": -2.180707017293172, "p1": 22.133766696162688, "p2": 26.242558968020756, "p3": 22.322410833048252, "p4": 40.641205951074575, "pol1": 0.09256556071200106, "pol2": -0.08274420368953028, "pol3": 0.519024746249074, "pol4": -0.5874010437671588, "v0s": 2.1439935253949174}, "datetime": {"datetime": "2022-04-28 17:12:30", "elapsed": 6063.289613, "delta": 8.979989}}
{"target": -1.0, "params": {"Bgrad": 1.3418378311875654, "d1": -0.6869300864102108, "d2": -1.9683519574017376, "d3": -1.6924093505921864, "d4": 0.9268773981099119, "p1": 28.85182293825424, "p2": 27.401616837613744, "p3": 25.359943013607868, "p4": 7.480498804211061, "pol1": -0.22623698159743477, "pol2": -0.08273352526634259, "pol3": -0.7554664824500439, "pol4": 0.280009197509304, "v0s": 3.340296039429835}, "datetime": {"datetime": "2022-04-28 17:12:43", "elapsed": 6075.712396, "delta": 12.422783}}
{"target": -1.0, "params": {"Bgrad": 1.6104253854043993, "d1": 0.6405524583251498, "d2": -1.3816615509160015, "d3": -1.583313798710626, "d4": 0.6242589812623582, "p1": 33.56271576107893, "p2": 41.652934860527374, "p3": 40.388906101346436, "p4": 35.90311319218654, "pol1": -0.7530940615727559, "pol2": -0.015716419609811183, "pol3": 0.6720589885707267, "pol4": 0.6655008106670994, "v0s": 6.159912435056342}, "datetime": {"datetime": "2022-04-28 17:12:56", "elapsed": 6089.103591, "delta": 13.391195}}
{"target": -1.0, "params": {"Bgrad": 0.7406447840596546, "d1": -0.7066719152326728, "d2": 0.3683715803569161, "d3": -0.6791546679150273, "d4": -1.1513060156705568, "p1": 37.394266005512264, "p2": 23.730343654203708, "p3": 19.928081970249828, "p4": 2.687856266652849, "pol1": -0.7320928842634813, "pol2": 0.5605957101121459, "pol3": -0.41387687700356723, "pol4": -0.5975558593075947, "v0s": 6.632814296711607}, "datetime": {"datetime": "2022-04-28 17:13:02", "elapsed": 6095.435661, "delta": 6.33207}}
{"target": -1.0, "params": {"Bgrad": 1.458416960082965, "d1": 0.06435409827300731, "d2": -1.3513403031687328, "d3": -2.1583571281523644, "d4": -0.6356522236744437, "p1": 48.68508976461564, "p2": 7.449402153113044, "p3": 7.9583644754744, "p4": 2.625454149453282, "pol1": 0.1403782934468667, "pol2": 0.9339281169095837, "pol3": 0.21647609840176263, "pol4": 0.8930760639055333, "v0s": 3.129383003660184}, "datetime": {"datetime": "2022-04-28 17:13:13", "elapsed": 6106.211847, "delta": 10.776186}}
{"target": 2.3860429708827384, "params": {"Bgrad": 1.0912203147135933, "d1": -2.5139550507722395, "d2": 0.0696419630823808, "d3": -1.2861721177193988, "d4": 0.2874320302865323, "p1": 34.66978919175519, "p2": 9.978727973699103, "p3": 36.52714138884934, "p4": 24.027465128165996, "pol1": -0.9604479592188004, "pol2": 0.6315406640633174, "pol3": 0.2028948317788224, "pol4": 0.7829972567573518, "v0s": 2.3860429708827384}, "datetime": {"datetime": "2022-04-28 17:13:19", "elapsed": 6111.719121, "delta": 5.507274}}
{"target": -1.0, "params": {"Bgrad": 1.5490840795625278, "d1": -0.7630199570170704, "d2": -1.9141760225650475, "d3": -2.23694870738699, "d4": -2.2347681115239006, "p1": 17.709553261857625, "p2": 37.51181810915361, "p3": 40.93407119836263, "p4": 32.84638992956652, "pol1": 0.4818331047695965, "pol2": 0.9024165376825759, "pol3": 0.5517468926172739, "pol4": -0.8355403678503639, "v0s": 6.895093630275902}, "datetime": {"datetime": "2022-04-28 17:13:30", "elapsed": 6122.794508, "delta": 11.075387}}
{"target": -1.0, "params": {"Bgrad": 1.602279101748056, "d1": 0.8338968973953302, "d2": -0.8330478426770571, "d3": -0.9236686898860436, "d4": -1.9785612014690637, "p1": 37.04820520757022, "p2": 24.69628039774021, "p3": 43.58241011087518, "p4": 30.641057379952542, "pol1": 0.2335014891628382, "pol2": -0.17950571080022293, "pol3": 0.674202116032449, "pol4": -0.23863783124050397, "v0s": 2.5918804053628017}, "datetime": {"datetime": "2022-04-28 17:13:41", "elapsed": 6134.513174, "delta": 11.718666}}
{"target": 2.410717752390245, "params": {"Bgrad": 1.7654553239226107, "d1": -0.9363105429600211, "d2": -2.350494697511924, "d3": -1.1230591447150702, "d4": 0.7093214464292514, "p1": 19.57816682367415, "p2": 34.96701545511831, "p3": 37.61972005295973, "p4": 20.171590290048304, "pol1": -0.7525795185504682, "pol2": 0.6626894815045896, "pol3": 0.4883754272169907, "pol4": -0.897402252355223, "v0s": 2.410717752390245}, "datetime": {"datetime": "2022-04-28 17:13:48", "elapsed": 6141.335931, "delta": 6.822757}}
