{"target": -1.0, "params": {"Bgrad": 1.6591069671731766, "d1": -0.6951121405780087, "d2": -0.23897178448684242, "d3": 0.4741091374364701, "d4": -1.0403246669525332, "p1": 5.7120335473367145, "p2": 0.8261863391972102, "p3": 40.60447743203456, "p4": 46.00836346359543, "pol1": -0.5114548840544701, "pol2": 0.20078318277867968, "pol3": 0.7277968844327336, "pol4": 0.5531523931826616, "v0s": 3.8821386671718026}, "datetime": {"datetime": "2022-06-21 16:57:16", "elapsed": 944.154884, "delta": 11.265102}}
{"target": -1.0, "params": {"Bgrad": 1.1578246464885957, "d1": -1.7370945941894536, "d2": -2.041104044127689, "d3": -1.1860913569260294, "d4": -1.8571688904514487, "p1": 2.695204711976773, "p2": 38.92864922111695, "p3": 33.0511591724328, "p4": 42.36990961976746, "pol1": 0.7240564577943385, "pol2": -0.48562606830718447, "pol3": -0.6943211735598458, "pol4": -0.13234102717613072, "v0s": 6.632929476119266}, "datetime": {"datetime": "2022-06-21 16:57:26", "elapsed": 954.435579, "delta": 10.280695}}
{"target": -1.0, "params": {"Bgrad": 1.1578246464885957, "d1": -1.7370945941894536, "d2": -2.041104044127689, "d3": -1.1860913569260294, "d4": -1.8571688904514487, "p1": 2.695204711976773, "p2": 38.92864922111695, "p3": 33.0511591724328, "p4": 42.36990961976746, "pol1": 0.7240564577943385, "pol2": -0.48562606830718447, "pol3": -0.6943211735598458, "pol4": -0.13234102717613072, "v0s": 6.632929476119266}, "datetime": {"datetime": "2022-06-21 16:57:26", "elapsed": 954.436576, "delta": 10.281692}}
{"target": -1.0, "params": {"Bgrad": 1.9259588170004784, "d1": -0.9766405737195125, "d2": -2.350646629153816, "d3": 0.9922114495222614, "d4": 0.7866899413114918, "p1": 1.9715036400630048, "p2": 1.555717632854614, "p3": 9.231095035063364, "p4": 7.62262416011858, "pol1": -0.22618960993794723, "pol2": 0.6103607650819121, "pol3": -0.31912836187697313, "pol4": 0.31489294039932814, "v0s": 3.1100052399917884}, "datetime": {"datetime": "2022-06-21 16:57:37", "elapsed": 965.776458, "delta": 11.340879}}
{"target": -1.0, "params": {"Bgrad": 1.9259588170004784, "d1": -0.9766405737195125, "d2": -2.350646629153816, "d3": 0.9922114495222614, "d4": 0.7866899413114918, "p1": 1.9715036400630048, "p2": 1.555717632854614, "p3": 9.231095035063364, "p4": 7.62262416011858, "pol1": -0.22618960993794723, "pol2": 0.6103607650819121, "pol3": -0.31912836187697313, "pol4": 0.31489294039932814, "v0s": 3.1100052399917884}, "datetime": {"datetime": "2022-06-21 16:57:37", "elapsed": 965.776458, "delta": 11.339882}}
{"target": -1.0, "params": {"Bgrad": 0.8753923953610678, "d1": -1.7758482481733147, "d2": -2.441316127767461, "d3": -1.8302836594317564, "d4": -0.5460013429344155, "p1": 49.001776194673795, "p2": 38.91234527999476, "p3": 37.41608276428304, "p4": 42.344336454382635, "pol1": 0.03574887628558754, "pol2": 0.014125823593434506, "pol3": 0.6668499505625742, "pol4": 0.14403130975715706, "v0s": 4.220729609629437}, "datetime": {"datetime": "2022-06-21 16:57:45", "elapsed": 973.685427, "delta": 7.908969}}
{"target": -1.0, "params": {"Bgrad": 0.8753923953610678, "d1": -1.7758482481733147, "d2": -2.441316127767461, "d3": -1.8302836594317564, "d4": -0.5460013429344155, "p1": 49.001776194673795, "p2": 38.91234527999476, "p3": 37.41608276428304, "p4": 42.344336454382635, "pol1": 0.03574887628558754, "pol2": 0.014125823593434506, "pol3": 0.6668499505625742, "pol4": 0.14403130975715706, "v0s": 4.220729609629437}, "datetime": {"datetime": "2022-06-21 16:57:45", "elapsed": 973.686425, "delta": 7.909967}}
{"target": -1.0, "params": {"Bgrad": 0.7663628810552912, "d1": -0.4465284971597385, "d2": -1.6548101078522337, "d3": -0.9879533902883337, "d4": -1.2272576730503078, "p1": 5.375334751639288, "p2": 46.65477546837151, "p3": 25.671489977955307, "p4": 44.32918775040105, "pol1": -0.8281095556915476, "pol2": 0.9657613625778945, "pol3": 0.03125819047011302, "pol4": 0.8414555797503018, "v0s": 5.191430144289825}, "datetime": {"datetime": "2022-06-21 16:57:50", "elapsed": 978.437838, "delta": 4.752411}}
{"target": -1.0, "params": {"Bgrad": 0.7663628810552912, "d1": -0.4465284971597385, "d2": -1.6548101078522337, "d3": -0.9879533902883337, "d4": -1.2272576730503078, "p1": 5.375334751639288, "p2": 46.65477546837151, "p3": 25.671489977955307, "p4": 44.32918775040105, "pol1": -0.8281095556915476, "pol2": 0.9657613625778945, "pol3": 0.03125819047011302, "pol4": 0.8414555797503018, "v0s": 5.191430144289825}, "datetime": {"datetime": "2022-06-21 16:57:50", "elapsed": 978.437838, "delta": 4.751413}}
{"target": -1.0, "params": {"Bgrad": 1.8356720816102623, "d1": 0.9285968429982905, "d2": -0.8834272369912259, "d3": -1.9723744649986692, "d4": 0.9936175048565925, "p1": 28.467959030224094, "p2": 16.494438532223306, "p3": 40.9596619261236, "p4": 39.953384141764346, "pol1": -0.2974025841885213, "pol2": 0.043499026158403176, "pol3": 0.031211889957948324, "pol4": -0.05448401023546001, "v0s": 4.378209058853102}, "datetime": {"datetime": "2022-06-21 16:58:02", "elapsed": 990.526239, "delta": 12.088401}}
{"target": -1.0, "params": {"Bgrad": 1.8356720816102623, "d1": 0.9285968429982905, "d2": -0.8834272369912259, "d3": -1.9723744649986692, "d4": 0.9936175048565925, "p1": 28.467959030224094, "p2": 16.494438532223306, "p3": 40.9596619261236, "p4": 39.953384141764346, "pol1": -0.2974025841885213, "pol2": 0.043499026158403176, "pol3": 0.031211889957948324, "pol4": -0.05448401023546001, "v0s": 4.378209058853102}, "datetime": {"datetime": "2022-06-21 16:58:02", "elapsed": 990.527236, "delta": 12.089398}}
{"target": -1.0, "params": {"Bgrad": 0.9251860170447737, "d1": -2.3650117075005026, "d2": -1.1385397300466802, "d3": -2.874012490145427, "d4": 0.5484125125983756, "p1": 27.61539364620103, "p2": 43.63407710258114, "p3": 44.77251438541905, "p4": 16.193820079724237, "pol1": 0.333467344315294, "pol2": 0.5682218985585723, "pol3": 0.460389683629818, "pol4": 0.18230736823585403, "v0s": 2.22393213701263}, "datetime": {"datetime": "2022-06-21 16:58:15", "elapsed": 1003.829414, "delta": 13.303175}}
{"target": -1.0, "params": {"Bgrad": 0.9251860170447737, "d1": -2.3650117075005026, "d2": -1.1385397300466802, "d3": -2.874012490145427, "d4": 0.5484125125983756, "p1": 27.61539364620103, "p2": 43.63407710258114, "p3": 44.77251438541905, "p4": 16.193820079724237, "pol1": 0.333467344315294, "pol2": 0.5682218985585723, "pol3": 0.460389683629818, "pol4": 0.18230736823585403, "v0s": 2.22393213701263}, "datetime": {"datetime": "2022-06-21 16:58:15", "elapsed": 1003.829414, "delta": 13.302178}}
{"target": -1.0, "params": {"Bgrad": 1.1693220540405296, "d1": -1.7302899974505501, "d2": -2.0379302382905644, "d3": -2.765261295938879, "d4": -0.28889417181517807, "p1": 29.373845911249713, "p2": 47.68208208688533, "p3": 1.861892113413277, "p4": 49.71183521151728, "pol1": -0.4443626511616232, "pol2": 0.8114435104281723, "pol3": -0.27923577820229406, "pol4": 0.7698078089063298, "v0s": 3.7949423549494776}, "datetime": {"datetime": "2022-06-21 16:58:26", "elapsed": 1014.06071, "delta": 10.231296}}
{"target": -1.0, "params": {"Bgrad": 1.1693220540405296, "d1": -1.7302899974505501, "d2": -2.0379302382905644, "d3": -2.765261295938879, "d4": -0.28889417181517807, "p1": 29.373845911249713, "p2": 47.68208208688533, "p3": 1.861892113413277, "p4": 49.71183521151728, "pol1": -0.4443626511616232, "pol2": 0.8114435104281723, "pol3": -0.27923577820229406, "pol4": 0.7698078089063298, "v0s": 3.7949423549494776}, "datetime": {"datetime": "2022-06-21 16:58:26", "elapsed": 1014.061707, "delta": 10.232293}}
{"target": -1.0, "params": {"Bgrad": 1.4585892572235135, "d1": 0.29351714887171676, "d2": 0.8475015172791571, "d3": 0.33544436766177066, "d4": 0.04115525000065734, "p1": 5.502612470114893, "p2": 9.83902269946645, "p3": 40.93079775985179, "p4": 23.964673666292963, "pol1": -0.8735970743200496, "pol2": 0.7208973359634441, "pol3": -0.7959640067767908, "pol4": 0.5193101215412055, "v0s": 6.564312466665459}, "datetime": {"datetime": "2022-06-21 16:58:36", "elapsed": 1024.629132, "delta": 10.568422}}
{"target": -1.0, "params": {"Bgrad": 1.4585892572235135, "d1": 0.29351714887171676, "d2": 0.8475015172791571, "d3": 0.33544436766177066, "d4": 0.04115525000065734, "p1": 5.502612470114893, "p2": 9.83902269946645, "p3": 40.93079775985179, "p4": 23.964673666292963, "pol1": -0.8735970743200496, "pol2": 0.7208973359634441, "pol3": -0.7959640067767908, "pol4": 0.5193101215412055, "v0s": 6.564312466665459}, "datetime": {"datetime": "2022-06-21 16:58:36", "elapsed": 1024.629132, "delta": 10.567425}}
{"target": -1.0, "params": {"Bgrad": 0.8657099688008228, "d1": 0.5606083169460634, "d2": -1.601514670063286, "d3": 0.1734473791169755, "d4": 0.0810173627192432, "p1": 9.625302686594106, "p2": 38.259915847002155, "p3": 15.957658001587422, "p4": 39.236039286596814, "pol1": 0.6863748054214827, "pol2": -0.07664364850730565, "pol3": 0.9158768470604015, "pol4": 0.6754147125922065, "v0s": 3.1848928724543244}, "datetime": {"datetime": "2022-06-21 16:58:46", "elapsed": 1034.320377, "delta": 9.691245}}
{"target": -1.0, "params": {"Bgrad": 0.8657099688008228, "d1": 0.5606083169460634, "d2": -1.601514670063286, "d3": 0.1734473791169755, "d4": 0.0810173627192432, "p1": 9.625302686594106, "p2": 38.259915847002155, "p3": 15.957658001587422, "p4": 39.236039286596814, "pol1": 0.6863748054214827, "pol2": -0.07664364850730565, "pol3": 0.9158768470604015, "pol4": 0.6754147125922065, "v0s": 3.1848928724543244}, "datetime": {"datetime": "2022-06-21 16:58:46", "elapsed": 1034.321374, "delta": 9.692242}}
{"target": -1.0, "params": {"Bgrad": 1.7490519888068699, "d1": -1.3262288525891233, "d2": -2.862553457446704, "d3": -0.1896392023912452, "d4": -1.9821071934806214, "p1": 33.76571034455908, "p2": 45.911130815148965, "p3": 15.660262426448273, "p4": 6.552465839556554, "pol1": -0.3274060941231389, "pol2": -0.663582238451512, "pol3": -0.30943830774370196, "pol4": 0.7194282323835548, "v0s": 3.7282849795794233}, "datetime": {"datetime": "2022-06-21 16:58:56", "elapsed": 1044.759142, "delta": 10.438765}}
{"target": -1.0, "params": {"Bgrad": 1.7490519888068699, "d1": -1.3262288525891233, "d2": -2.862553457446704, "d3": -0.1896392023912452, "d4": -1.9821071934806214, "p1": 33.76571034455908, "p2": 45.911130815148965, "p3": 15.660262426448273, "p4": 6.552465839556554, "pol1": -0.3274060941231389, "pol2": -0.663582238451512, "pol3": -0.30943830774370196, "pol4": 0.7194282323835548, "v0s": 3.7282849795794233}, "datetime": {"datetime": "2022-06-21 16:58:56", "elapsed": 1044.760139, "delta": 10.438765}}
{"target": 2.2429703323728236, "params": {"Bgrad": 1.5860687678774676, "d1": -1.244025283853666, "d2": -1.8369444914558457, "d3": 0.24085220888266567, "d4": 0.18011907518192372, "p1": 10.040024677270342, "p2": 24.188728646502017, "p3": 13.295098268743178, "p4": 12.889986431316169, "pol1": 0.07606993074345159, "pol2": -0.7313556169405715, "pol3": 0.11245578597641614, "pol4": 0.4028253131008097, "v0s": 2.2429703323728236}, "datetime": {"datetime": "2022-06-21 16:59:02", "elapsed": 1050.822547, "delta": 6.063405}}
{"target": 2.2429703323728236, "params": {"Bgrad": 1.5860687678774676, "d1": -1.244025283853666, "d2": -1.8369444914558457, "d3": 0.24085220888266567, "d4": 0.18011907518192372, "p1": 10.040024677270342, "p2": 24.188728646502017, "p3": 13.295098268743178, "p4": 12.889986431316169, "pol1": 0.07606993074345159, "pol2": -0.7313556169405715, "pol3": 0.11245578597641614, "pol4": 0.4028253131008097, "v0s": 2.2429703323728236}, "datetime": {"datetime": "2022-06-21 16:59:02", "elapsed": 1050.823544, "delta": 6.063405}}
{"target": 3.2347577757534944, "params": {"Bgrad": 0.7638240189814323, "d1": 0.06966052968365899, "d2": -1.2356677533267795, "d3": -0.8825217624768267, "d4": -1.5233482223299069, "p1": 28.15849601764065, "p2": 11.65980632109585, "p3": 14.4459536426295, "p4": 4.894705876028111, "pol1": -0.39845658616605073, "pol2": -0.5708387991876669, "pol3": 0.3902875248330475, "pol4": -0.28679024136180686, "v0s": 3.2347577757534944}, "datetime": {"datetime": "2022-06-21 16:59:06", "elapsed": 1054.45591, "delta": 3.633363}}
{"target": 3.2347577757534944, "params": {"Bgrad": 0.7638240189814323, "d1": 0.06966052968365899, "d2": -1.2356677533267795, "d3": -0.8825217624768267, "d4": -1.5233482223299069, "p1": 28.15849601764065, "p2": 11.65980632109585, "p3": 14.4459536426295, "p4": 4.894705876028111, "pol1": -0.39845658616605073, "pol2": -0.5708387991876669, "pol3": 0.3902875248330475, "pol4": -0.28679024136180686, "v0s": 3.2347577757534944}, "datetime": {"datetime": "2022-06-21 16:59:06", "elapsed": 1054.456908, "delta": 3.633364}}
{"target": -1.0, "params": {"Bgrad": 0.9572625315922636, "d1": -0.04379838476462927, "d2": -0.003052280629145976, "d3": -2.442453088258794, "d4": 0.5138923779122244, "p1": 10.083419877526833, "p2": 37.90961476360807, "p3": 24.252798760400285, "p4": 23.14191712595904, "pol1": 0.4453889257185619, "pol2": -0.38724479322200933, "pol3": -0.0003429246411457143, "pol4": -0.2825913881091697, "v0s": 3.189187505733466}, "datetime": {"datetime": "2022-06-21 16:59:15", "elapsed": 1063.939206, "delta": 9.483296}}
{"target": -1.0, "params": {"Bgrad": 0.9572625315922636, "d1": -0.04379838476462927, "d2": -0.003052280629145976, "d3": -2.442453088258794, "d4": 0.5138923779122244, "p1": 10.083419877526833, "p2": 37.90961476360807, "p3": 24.252798760400285, "p4": 23.14191712595904, "pol1": 0.4453889257185619, "pol2": -0.38724479322200933, "pol3": -0.0003429246411457143, "pol4": -0.2825913881091697, "v0s": 3.189187505733466}, "datetime": {"datetime": "2022-06-21 16:59:15", "elapsed": 1063.940203, "delta": 9.483295}}
{"target": -1.0, "params": {"Bgrad": 0.5708038709501142, "d1": -1.467079882503251, "d2": -0.5696527887356555, "d3": -2.9440008027726114, "d4": -0.8991953531905472, "p1": 1.2140833275405882, "p2": 42.10008346572175, "p3": 18.29839772133688, "p4": 44.24768369103979, "pol1": 0.8898294306847003, "pol2": 0.6844863895912701, "pol3": 0.814260001745462, "pol4": -0.9674040820676109, "v0s": 6.094479485340403}, "datetime": {"datetime": "2022-06-21 16:59:23", "elapsed": 1071.233373, "delta": 7.294167}}
{"target": -1.0, "params": {"Bgrad": 0.5708038709501142, "d1": -1.467079882503251, "d2": -0.5696527887356555, "d3": -2.9440008027726114, "d4": -0.8991953531905472, "p1": 1.2140833275405882, "p2": 42.10008346572175, "p3": 18.29839772133688, "p4": 44.24768369103979, "pol1": 0.8898294306847003, "pol2": 0.6844863895912701, "pol3": 0.814260001745462, "pol4": -0.9674040820676109, "v0s": 6.094479485340403}, "datetime": {"datetime": "2022-06-21 16:59:23", "elapsed": 1071.234371, "delta": 7.294168}}
{"target": -1.0, "params": {"Bgrad": 0.7269459279428072, "d1": 0.9696061298334393, "d2": -0.47453529492052615, "d3": -0.32768245971082743, "d4": -0.18535598436295553, "p1": 22.26773129466006, "p2": 31.376385075593866, "p3": 4.953364862905668, "p4": 14.859571408947614, "pol1": 0.9275158782463215, "pol2": -0.514956560759041, "pol3": -0.1071489668849217, "pol4": 0.1932535322929505, "v0s": 6.437465124949919}, "datetime": {"datetime": "2022-06-21 16:59:29", "elapsed": 1077.602472, "delta": 6.369099}}
{"target": -1.0, "params": {"Bgrad": 0.7269459279428072, "d1": 0.9696061298334393, "d2": -0.47453529492052615, "d3": -0.32768245971082743, "d4": -0.18535598436295553, "p1": 22.26773129466006, "p2": 31.376385075593866, "p3": 4.953364862905668, "p4": 14.859571408947614, "pol1": 0.9275158782463215, "pol2": -0.514956560759041, "pol3": -0.1071489668849217, "pol4": 0.1932535322929505, "v0s": 6.437465124949919}, "datetime": {"datetime": "2022-06-21 16:59:29", "elapsed": 1077.603469, "delta": 6.369098}}
{"target": -1.0, "params": {"Bgrad": 1.3591633351379602, "d1": -0.7334240330091277, "d2": 0.7438633347139447, "d3": -0.18981242479730476, "d4": -1.3022338331810794, "p1": 39.38065915075692, "p2": 27.98335485470753, "p3": 18.125930727997343, "p4": 37.94535776857271, "pol1": -0.6429233520369035, "pol2": -0.8174587578805654, "pol3": 0.3022164744017435, "pol4": 0.4393174693656945, "v0s": 7.336039304889914}, "datetime": {"datetime": "2022-06-21 16:59:41", "elapsed": 1089.655949, "delta": 12.053477}}
{"target": -1.0, "params": {"Bgrad": 1.3591633351379602, "d1": -0.7334240330091277, "d2": 0.7438633347139447, "d3": -0.18981242479730476, "d4": -1.3022338331810794, "p1": 39.38065915075692, "p2": 27.98335485470753, "p3": 18.125930727997343, "p4": 37.94535776857271, "pol1": -0.6429233520369035, "pol2": -0.8174587578805654, "pol3": 0.3022164744017435, "pol4": 0.4393174693656945, "v0s": 7.336039304889914}, "datetime": {"datetime": "2022-06-21 16:59:41", "elapsed": 1089.656947, "delta": 12.053478}}
{"target": -1.0, "params": {"Bgrad": 1.2544046817206365, "d1": -1.738077551660811, "d2": -1.5439006503771848, "d3": 0.896109208667144, "d4": 0.5543222721877927, "p1": 14.708028371879534, "p2": 12.41789519201973, "p3": 12.760512875637946, "p4": 45.316378196048234, "pol1": 0.9592154450176855, "pol2": 0.5423934362833243, "pol3": 0.10545402707240048, "pol4": -0.4040580198067827, "v0s": 7.785849162135945}, "datetime": {"datetime": "2022-06-21 16:59:52", "elapsed": 1100.084718, "delta": 10.428769}}
{"target": -1.0, "params": {"Bgrad": 1.2544046817206365, "d1": -1.738077551660811, "d2": -1.5439006503771848, "d3": 0.896109208667144, "d4": 0.5543222721877927, "p1": 14.708028371879534, "p2": 12.41789519201973, "p3": 12.760512875637946, "p4": 45.316378196048234, "pol1": 0.9592154450176855, "pol2": 0.5423934362833243, "pol3": 0.10545402707240048, "pol4": -0.4040580198067827, "v0s": 7.785849162135945}, "datetime": {"datetime": "2022-06-21 16:59:52", "elapsed": 1100.084718, "delta": 10.427771}}
{"target": -1.0, "params": {"Bgrad": 1.5944807635569744, "d1": 0.5232317167147165, "d2": 0.7695895696211474, "d3": -0.8429448485368796, "d4": -1.2191263302347384, "p1": 0.6516268573761197, "p2": 34.29783752473347, "p3": 40.289230078250235, "p4": 34.07257929084297, "pol1": -0.9858091366280042, "pol2": 0.19532904033366338, "pol3": 0.44200783686359646, "pol4": -0.4050538027357309, "v0s": 6.08112421652973}, "datetime": {"datetime": "2022-06-21 17:00:03", "elapsed": 1111.679434, "delta": 11.594716}}
{"target": -1.0, "params": {"Bgrad": 1.5944807635569744, "d1": 0.5232317167147165, "d2": 0.7695895696211474, "d3": -0.8429448485368796, "d4": -1.2191263302347384, "p1": 0.6516268573761197, "p2": 34.29783752473347, "p3": 40.289230078250235, "p4": 34.07257929084297, "pol1": -0.9858091366280042, "pol2": 0.19532904033366338, "pol3": 0.44200783686359646, "pol4": -0.4050538027357309, "v0s": 6.08112421652973}, "datetime": {"datetime": "2022-06-21 17:00:03", "elapsed": 1111.679434, "delta": 11.594716}}
{"target": -1.0, "params": {"Bgrad": 0.9436284988454808, "d1": -0.7395862338146997, "d2": 0.9282917864812403, "d3": -0.5255610848593806, "d4": 0.9510641624761269, "p1": 45.43282039036475, "p2": 39.53634728459187, "p3": 45.341274538339874, "p4": 15.605116495580956, "pol1": -0.3301752104604909, "pol2": -0.5241901697238287, "pol3": -0.38861882357476696, "pol4": 0.7455077687409446, "v0s": 7.514539796424802}, "datetime": {"datetime": "2022-06-21 17:00:12", "elapsed": 1120.653605, "delta": 8.974171}}
{"target": -1.0, "params": {"Bgrad": 0.9436284988454808, "d1": -0.7395862338146997, "d2": 0.9282917864812403, "d3": -0.5255610848593806, "d4": 0.9510641624761269, "p1": 45.43282039036475, "p2": 39.53634728459187, "p3": 45.341274538339874, "p4": 15.605116495580956, "pol1": -0.3301752104604909, "pol2": -0.5241901697238287, "pol3": -0.38861882357476696, "pol4": 0.7455077687409446, "v0s": 7.514539796424802}, "datetime": {"datetime": "2022-06-21 17:00:12", "elapsed": 1120.653605, "delta": 8.974171}}
{"target": 2.1997297228332293, "params": {"Bgrad": 1.4838554282390546, "d1": -2.804656531455894, "d2": 0.9582942212486749, "d3": -0.20897116630822543, "d4": -1.2556707160955969, "p1": 42.95703318903757, "p2": 14.084904271343458, "p3": 3.463183703919243, "p4": 34.65776190145136, "pol1": 0.07567197589611796, "pol2": -0.9643451925359849, "pol3": 0.820937238353175, "pol4": -0.4964079491437039, "v0s": 2.1997297228332293}, "datetime": {"datetime": "2022-06-21 17:00:20", "elapsed": 1128.897208, "delta": 8.243603}}
{"target": 2.1997297228332293, "params": {"Bgrad": 1.4838554282390546, "d1": -2.804656531455894, "d2": 0.9582942212486749, "d3": -0.20897116630822543, "d4": -1.2556707160955969, "p1": 42.95703318903757, "p2": 14.084904271343458, "p3": 3.463183703919243, "p4": 34.65776190145136, "pol1": 0.07567197589611796, "pol2": -0.9643451925359849, "pol3": 0.820937238353175, "pol4": -0.4964079491437039, "v0s": 2.1997297228332293}, "datetime": {"datetime": "2022-06-21 17:00:20", "elapsed": 1128.898206, "delta": 8.244601}}
{"target": 2.027602018022499, "params": {"Bgrad": 1.9330404632366005, "d1": -2.2905840483268456, "d2": -1.7171134777700408, "d3": -1.7055871843432637, "d4": -2.530807271182503, "p1": 31.682728944295263, "p2": 37.830958641540654, "p3": 21.204386241013097, "p4": 9.738439612895766, "pol1": -0.5153230140450573, "pol2": 0.21285133195326256, "pol3": -0.3122384912026279, "pol4": 0.27141236832620774, "v0s": 2.027602018022499}, "datetime": {"datetime": "2022-06-21 17:00:25", "elapsed": 1133.106522, "delta": 4.209314}}
{"target": 2.027602018022499, "params": {"Bgrad": 1.9330404632366005, "d1": -2.2905840483268456, "d2": -1.7171134777700408, "d3": -1.7055871843432637, "d4": -2.530807271182503, "p1": 31.682728944295263, "p2": 37.830958641540654, "p3": 21.204386241013097, "p4": 9.738439612895766, "pol1": -0.5153230140450573, "pol2": 0.21285133195326256, "pol3": -0.3122384912026279, "pol4": 0.27141236832620774, "v0s": 2.027602018022499}, "datetime": {"datetime": "2022-06-21 17:00:25", "elapsed": 1133.106522, "delta": 4.208316}}
