{"target": 3.780356437368339, "params": {"Bgrad": 0.9272128798855653, "d1": -1.5117232095820485, "d2": -0.0621113256894148, "d3": -0.5139930056521185, "d4": -1.443640637818591, "p1": 37.4914907532398, "p2": 46.24255680699697, "p3": 18.14209491818251, "p4": 14.022714942216801, "pol1": 0.24597581586006667, "pol2": -0.6437917600908853, "pol3": -0.15636121852305718, "pol4": 0.3926234451051427, "v0s": 3.780356437368339}, "datetime": {"datetime": "2022-05-17 12:25:02", "elapsed": 60117.331855, "delta": 25.168683}}
{"target": -1.0, "params": {"Bgrad": 1.3812837824071411, "d1": -2.048951314373728, "d2": 0.9266114208549046, "d3": -2.8292893060432074, "d4": 0.08215531368765916, "p1": 29.002054736215925, "p2": 15.041459823863113, "p3": 28.86468191042308, "p4": 27.576674456807766, "pol1": 0.3056779008822399, "pol2": 0.1406076598223538, "pol3": 0.46892657588688524, "pol4": 0.6579295272044079, "v0s": 6.0327427127298625}, "datetime": {"datetime": "2022-05-17 12:25:36", "elapsed": 60151.969213, "delta": 34.637358}}
{"target": -1.0, "params": {"Bgrad": 1.6306347153428629, "d1": -2.9735516620430436, "d2": 0.42869632643971256, "d3": -0.5104596208022087, "d4": -2.0547807723844977, "p1": 6.820387849180765, "p2": 27.055938209743292, "p3": 43.88476779055777, "p4": 19.288472886640413, "pol1": 0.4273248329118067, "pol2": -0.6683449365095588, "pol3": -0.20718010755833638, "pol4": -0.7028297977802807, "v0s": 7.433436449789532}, "datetime": {"datetime": "2022-05-17 12:26:02", "elapsed": 60177.411165, "delta": 25.441952}}
{"target": 4.0341239827138295, "params": {"Bgrad": 1.5158463392419894, "d1": -2.177490586633334, "d2": -3.0, "d3": -0.7471014159889816, "d4": -3.0, "p1": 4.313714741440511, "p2": 10.56399084054629, "p3": 38.27663953444759, "p4": 29.09131880555388, "pol1": -0.3156343813671208, "pol2": -1.0, "pol3": 0.9467825760614287, "pol4": -0.40937545940558107, "v0s": 4.0341239827138295}, "datetime": {"datetime": "2022-05-17 12:26:23", "elapsed": 60198.331214, "delta": 20.920049}}
{"target": 5.2502953283453095, "params": {"Bgrad": 2.0, "d1": -2.3443825482438387, "d2": 0.7084341978037877, "d3": -1.5490738004510012, "d4": -2.106135188127174, "p1": 33.16904546166738, "p2": 9.93884070058617, "p3": 41.776492193368185, "p4": 34.20264500426154, "pol1": -0.025059911692278575, "pol2": -0.7670496792672599, "pol3": -0.7275187232784269, "pol4": 0.4379387703302371, "v0s": 5.2502953283453095}, "datetime": {"datetime": "2022-05-17 12:26:55", "elapsed": 60231.061671, "delta": 32.730457}}
{"target": 4.951917889914114, "params": {"Bgrad": 1.5937806708895805, "d1": -1.8702099051280803, "d2": 1.0, "d3": -2.5594543601138806, "d4": 0.01178560573862557, "p1": 31.255043827566848, "p2": 12.684299889302544, "p3": 32.01608149140162, "p4": 26.091840572377436, "pol1": 0.3327045047579161, "pol2": -0.23261779126669901, "pol3": -0.4565002695396014, "pol4": 0.6076571190177001, "v0s": 4.951917889914114}, "datetime": {"datetime": "2022-05-17 12:27:19", "elapsed": 60254.819128, "delta": 23.757457}}
{"target": 4.676563338215457, "params": {"Bgrad": 1.9281364174008773, "d1": -2.516544786915916, "d2": 1.0, "d3": -1.242485957957983, "d4": -0.3779598116656658, "p1": 28.467145351400557, "p2": 10.80506561208306, "p3": 10.260369120967027, "p4": 24.876346723407774, "pol1": 0.3502434576149806, "pol2": 0.24172744420820758, "pol3": -0.27200818564596774, "pol4": -0.2766965621391507, "v0s": 4.676563338215457}, "datetime": {"datetime": "2022-05-17 12:27:41", "elapsed": 60276.796348, "delta": 21.97722}}
{"target": 3.996447668850892, "params": {"Bgrad": 1.465813840507877, "d1": -1.59688085242286, "d2": 0.07759606789885565, "d3": -1.3014604697628438, "d4": -1.901122616690472, "p1": 40.40011856743206, "p2": 19.179608813147315, "p3": 14.17317444266809, "p4": 12.63802570212253, "pol1": 0.9232431720566481, "pol2": 0.7215087253305688, "pol3": 0.06414534027855612, "pol4": -0.019248296060207393, "v0s": 3.996447668850892}, "datetime": {"datetime": "2022-05-17 12:28:02", "elapsed": 60297.432154, "delta": 20.635806}}
{"target": 4.94233394307674, "params": {"Bgrad": 1.2950624431790738, "d1": -3.0, "d2": 1.0, "d3": -2.46579743989229, "d4": 0.11796458063782299, "p1": 29.542004974141292, "p2": 30.6273170310467, "p3": 9.37841741224924, "p4": 45.35852384883952, "pol1": 0.5125891109216306, "pol2": -0.6458400883889959, "pol3": 1.0, "pol4": -0.10183276548002988, "v0s": 4.94233394307674}, "datetime": {"datetime": "2022-05-17 12:28:25", "elapsed": 60320.415682, "delta": 22.983528}}
{"target": 2.6211091989934645, "params": {"Bgrad": 1.0675108035102268, "d1": -2.196492193463581, "d2": 0.11517274826031487, "d3": -2.537753031599344, "d4": -0.949212847496903, "p1": 41.675763232232335, "p2": 18.23650577267257, "p3": 12.61774606767822, "p4": 12.681109267656797, "pol1": 0.16004011212969615, "pol2": 0.5303120282175138, "pol3": 0.4638121060842719, "pol4": -0.02762955438409609, "v0s": 2.6211091989934645}, "datetime": {"datetime": "2022-05-17 12:28:45", "elapsed": 60341.07742, "delta": 20.661738}}
{"target": 5.731241966109617, "params": {"Bgrad": 2.0, "d1": -2.2793802011898467, "d2": 0.8282735827816385, "d3": -1.0930741093331786, "d4": -3.0, "p1": 30.74165168042699, "p2": 12.671987016640161, "p3": 37.75303007573953, "p4": 25.5884771127839, "pol1": 1.0, "pol2": 1.0, "pol3": -1.0, "pol4": 0.6441098479240315, "v0s": 5.731241966109617}, "datetime": {"datetime": "2022-05-17 12:29:18", "elapsed": 60373.533612, "delta": 32.456192}}
{"target": 4.399818931443996, "params": {"Bgrad": 0.9248242872431696, "d1": -3.0, "d2": 0.715795839436975, "d3": -1.5885407145330046, "d4": -2.3049776031670595, "p1": 32.13791624368566, "p2": 7.542747536686396, "p3": 37.041891389881556, "p4": 29.72961743981463, "pol1": -0.014746610295436696, "pol2": 0.8760802622695166, "pol3": 0.2374658385560541, "pol4": 0.7617583552588579, "v0s": 4.399818931443996}, "datetime": {"datetime": "2022-05-17 12:29:40", "elapsed": 60395.808036, "delta": 22.274424}}
{"target": 3.5505589011981398, "params": {"Bgrad": 2.0, "d1": -3.0, "d2": -0.2691935031367743, "d3": -0.7866192480831561, "d4": -1.4354699655204137, "p1": 44.93913098592209, "p2": 23.36218044506998, "p3": 26.276154979915255, "p4": 12.700417639632246, "pol1": -0.2579788699377234, "pol2": 0.097020850383582, "pol3": -1.0, "pol4": -0.27574721910171207, "v0s": 3.5505589011981398}, "datetime": {"datetime": "2022-05-17 12:30:01", "elapsed": 60416.529613, "delta": 20.721577}}
{"target": 3.5410865176979343, "params": {"Bgrad": 1.4040168251620204, "d1": -2.743461383910034, "d2": 0.4051510729021883, "d3": -0.6221142021179342, "d4": -0.6649480042929641, "p1": 5.629861244146794, "p2": 24.23232219958192, "p3": 43.15377293447108, "p4": 20.600075800516045, "pol1": 0.5798250809248753, "pol2": 0.15217521735956008, "pol3": -0.036852575521171715, "pol4": 0.767877135524224, "v0s": 3.5410865176979343}, "datetime": {"datetime": "2022-05-17 12:30:22", "elapsed": 60437.323996, "delta": 20.794383}}
{"target": 4.416727757284468, "params": {"Bgrad": 1.5841978234268157, "d1": -3.0, "d2": -1.40671053646373, "d3": -2.3439288551431665, "d4": -0.2083477169838987, "p1": 7.559449628352191, "p2": 5.641876838189913, "p3": 46.32344711444182, "p4": 17.411990163276634, "pol1": -1.0, "pol2": 0.25352385024270424, "pol3": -0.3757187069966193, "pol4": 1.0, "v0s": 4.416727757284468}, "datetime": {"datetime": "2022-05-17 12:30:45", "elapsed": 60461.155256, "delta": 23.83126}}
{"target": 4.5869004041867045, "params": {"Bgrad": 1.205343184095342, "d1": -2.74781704036037, "d2": 1.0, "d3": -2.574681545850053, "d4": -1.3515671948647965, "p1": 3.9114744193734277, "p2": 33.41296601118136, "p3": 30.04493328499822, "p4": 40.6979441365132, "pol1": 0.4108387130518147, "pol2": -0.06821323639110971, "pol3": -0.2797354130978929, "pol4": -0.004547839756208346, "v0s": 4.5869004041867045}, "datetime": {"datetime": "2022-05-17 12:31:09", "elapsed": 60484.643434, "delta": 23.488178}}
{"target": 4.503406313450004, "params": {"Bgrad": 0.5752448933116395, "d1": -2.226079450691772, "d2": 0.2781279828293548, "d3": -0.6069951220385335, "d4": -1.5484385401955847, "p1": 2.2085711246049247, "p2": 11.50278618701453, "p3": 37.3676313520666, "p4": 48.998934725047405, "pol1": 0.21008553153647913, "pol2": 0.718128572677863, "pol3": 0.4271264081773758, "pol4": 0.5305778069292746, "v0s": 4.503406313450004}, "datetime": {"datetime": "2022-05-17 12:31:36", "elapsed": 60511.302132, "delta": 26.658698}}
{"target": -1.0, "params": {"Bgrad": 1.960663452732075, "d1": -2.3441709730466918, "d2": -1.3187780218484706, "d3": -1.532813435049377, "d4": -2.467509780722494, "p1": 37.29705331205426, "p2": 8.33076642620057, "p3": 41.73157104504947, "p4": 38.19251515132436, "pol1": 0.7920121651401668, "pol2": -0.29786903050129543, "pol3": 0.1832199745754559, "pol4": -0.8158649714450068, "v0s": 5.208402890604682}, "datetime": {"datetime": "2022-05-17 12:32:16", "elapsed": 60551.471694, "delta": 40.169562}}
{"target": -1.0, "params": {"Bgrad": 0.517425317019319, "d1": -2.509151953988546, "d2": -0.81204969110984, "d3": -1.0548267394512063, "d4": 0.6994214410415749, "p1": 24.750243542723332, "p2": 10.8124908621469, "p3": 10.465746458498055, "p4": 25.811399798665402, "pol1": -0.8333347707200562, "pol2": 0.8226634976265801, "pol3": 0.5200590686902438, "pol4": -0.7139632999998182, "v0s": 4.302137356900662}, "datetime": {"datetime": "2022-05-17 12:32:39", "elapsed": 60575.141386, "delta": 23.669692}}
{"target": 4.604239335096602, "params": {"Bgrad": 0.5, "d1": -2.1610558993732054, "d2": -3.0, "d3": -2.7888759713548548, "d4": -1.028694321333576, "p1": 5.877963938462492, "p2": 3.1938104166122803, "p3": 38.932349329731544, "p4": 21.175116810554382, "pol1": 0.2856672552996073, "pol2": -0.7664522465324546, "pol3": 1.0, "pol4": -1.0, "v0s": 4.604239335096602}, "datetime": {"datetime": "2022-05-17 12:33:00", "elapsed": 60595.32241, "delta": 20.181024}}
{"target": 4.495151186252055, "params": {"Bgrad": 0.5, "d1": -1.273400537629676, "d2": 0.39671401814110635, "d3": -1.4657335965722682, "d4": -2.051201260814233, "p1": 38.859447616191005, "p2": 46.59987015535545, "p3": 17.118951223839282, "p4": 13.158780730078995, "pol1": 0.26209464827116874, "pol2": 0.09642001473725567, "pol3": -0.006069663923393771, "pol4": 1.0, "v0s": 4.495151186252055}, "datetime": {"datetime": "2022-05-17 12:33:20", "elapsed": 60616.213534, "delta": 20.891124}}
{"target": -1.0, "params": {"Bgrad": 1.694574129687519, "d1": -1.5469188422739042, "d2": 0.7029597635698921, "d3": -0.07939551894917729, "d4": -2.7857703193730323, "p1": 38.8687335439415, "p2": 49.48648958140806, "p3": 15.65273472384468, "p4": 14.508893165493253, "pol1": 0.8866911155209682, "pol2": 0.1287848569758827, "pol3": 0.9604074413002199, "pol4": -0.15997545903125832, "v0s": 2.929728306521545}, "datetime": {"datetime": "2022-05-17 12:33:53", "elapsed": 60648.402441, "delta": 32.188907}}
{"target": 4.796786598174217, "params": {"Bgrad": 1.4456237658695994, "d1": -2.1426609769006157, "d2": 0.01780864353469136, "d3": -2.3424624033076347, "d4": -0.6071913109384584, "p1": 25.987495074271, "p2": 9.018322397341667, "p3": 36.28119522935759, "p4": 24.313793243477477, "pol1": -0.45146588936999343, "pol2": 0.25713565632008106, "pol3": -0.22507234311108504, "pol4": -0.9846045626119742, "v0s": 4.796786598174217}, "datetime": {"datetime": "2022-05-17 12:34:25", "elapsed": 60681.200717, "delta": 32.798276}}
{"target": -1.0, "params": {"Bgrad": 0.90017314216381, "d1": 0.1083281495842594, "d2": -0.011668620981385214, "d3": -2.2470590302787774, "d4": -0.21864154768401756, "p1": 4.3626953007138365, "p2": 34.781472518816805, "p3": 31.64598464442041, "p4": 36.572450084156756, "pol1": 0.45243922337846065, "pol2": -0.0069532570532278015, "pol3": 0.6024429667180748, "pol4": -0.24531808798953358, "v0s": 5.735654891043535}, "datetime": {"datetime": "2022-05-17 12:34:52", "elapsed": 60707.784615, "delta": 26.583898}}
{"target": -1.0, "params": {"Bgrad": 1.6441366520032583, "d1": -2.616336169174516, "d2": 0.9443882610179166, "d3": -0.8255291746395241, "d4": -2.533736635696453, "p1": 34.681978525136806, "p2": 11.946603314145914, "p3": 41.65227118390173, "p4": 35.32013103474865, "pol1": -0.39013164259997923, "pol2": -0.3919442529763044, "pol3": -0.1972565582300454, "pol4": 0.20651832147073246, "v0s": 6.212333921173284}, "datetime": {"datetime": "2022-05-17 12:35:19", "elapsed": 60735.002817, "delta": 27.218202}}
{"target": 4.006210009322019, "params": {"Bgrad": 1.0623557750711652, "d1": -2.598209181523476, "d2": -0.7969704445969783, "d3": -2.389703697354265, "d4": -1.848804868206166, "p1": 30.36254086477106, "p2": 30.280158479071652, "p3": 8.591151114546063, "p4": 43.765142644191286, "pol1": 0.6076893115793125, "pol2": -0.3417040409810317, "pol3": -0.3480783369611866, "pol4": -0.8398616687288538, "v0s": 4.006210009322019}, "datetime": {"datetime": "2022-05-17 12:35:50", "elapsed": 60765.806428, "delta": 30.803611}}
{"target": 4.717869821475248, "params": {"Bgrad": 1.8156635168351185, "d1": -1.9301677317823107, "d2": -3.0, "d3": -3.0, "d4": -3.0, "p1": 25.25649242987341, "p2": 32.64881121683315, "p3": 44.34710156403688, "p4": 47.170915643659086, "pol1": 0.3238613384759791, "pol2": -0.008282023897648108, "pol3": -1.0, "pol4": 0.36992071614045685, "v0s": 4.717869821475248}, "datetime": {"datetime": "2022-05-17 12:36:27", "elapsed": 60802.92515, "delta": 37.118722}}
{"target": -1.0, "params": {"Bgrad": 1.7988173755317192, "d1": -2.670246404210851, "d2": -0.22291711771571565, "d3": 0.377416974977804, "d4": 0.06352915584848517, "p1": 31.898635397908485, "p2": 11.946627827219952, "p3": 41.354615381725154, "p4": 34.46353217773767, "pol1": 0.45193025255539854, "pol2": -0.8758779380228934, "pol3": -0.7919357930381876, "pol4": 0.9693920138816632, "v0s": 4.406134657649112}, "datetime": {"datetime": "2022-05-17 12:36:56", "elapsed": 60831.866742, "delta": 28.941592}}
{"target": 4.795544151021209, "params": {"Bgrad": 1.9552299282029968, "d1": -1.6513679227511848, "d2": 0.36614039459514336, "d3": -2.5595474913381766, "d4": -1.2467831270950223, "p1": 1.7350483495783553, "p2": 35.637101333981306, "p3": 34.638520570101065, "p4": 37.049198039601755, "pol1": -0.6330750667881009, "pol2": -0.6749747022993615, "pol3": 0.33653492628450543, "pol4": -0.534863815281793, "v0s": 4.795544151021209}, "datetime": {"datetime": "2022-05-17 12:37:24", "elapsed": 60859.487866, "delta": 27.621124}}
{"target": 4.323169823667755, "params": {"Bgrad": 0.8895985675434857, "d1": -2.479652156572966, "d2": -0.7845475651387215, "d3": -2.9509189128344278, "d4": -2.2413227737462145, "p1": 2.098760635688879, "p2": 30.842768863309818, "p3": 29.227256625304364, "p4": 42.339734776893515, "pol1": 0.8474981473877488, "pol2": -0.7506001321456928, "pol3": -0.47586346854414296, "pol4": 0.8744222845633618, "v0s": 4.323169823667755}, "datetime": {"datetime": "2022-05-17 12:37:51", "elapsed": 60887.173817, "delta": 27.685951}}
{"target": -1.0, "params": {"Bgrad": 0.9081138400710176, "d1": -2.4500830827159987, "d2": -0.731170274053603, "d3": -2.103763111080758, "d4": -1.9221101512050058, "p1": 31.745937663773333, "p2": 9.369283960016183, "p3": 15.936550641439467, "p4": 23.474140027877223, "pol1": 0.6659072538932456, "pol2": 0.5521228728231942, "pol3": -0.26658509223724014, "pol4": -0.7284176777492333, "v0s": 5.609353234010559}, "datetime": {"datetime": "2022-05-17 12:38:30", "elapsed": 60925.385614, "delta": 38.211797}}
{"target": 4.624526778756074, "params": {"Bgrad": 0.7056441867517612, "d1": -0.490818678883048, "d2": 0.9760507220597163, "d3": -2.597927182285786, "d4": -2.8353117575993725, "p1": 4.84188493244676, "p2": 36.687716029900955, "p3": 35.03282864340761, "p4": 41.018754010021524, "pol1": -0.7562052103794838, "pol2": 0.6600832377343613, "pol3": -0.4015581169956093, "pol4": 0.13941281774500158, "v0s": 4.624526778756074}, "datetime": {"datetime": "2022-05-17 12:38:59", "elapsed": 60954.523681, "delta": 29.138067}}
{"target": 6.027424884342902, "params": {"Bgrad": 0.5, "d1": -3.0, "d2": 1.0, "d3": -2.4056194885187443, "d4": 0.07807930313077761, "p1": 25.06063908505381, "p2": 13.41240974890989, "p3": 35.33796635021278, "p4": 23.357753236473492, "pol1": 0.30810744052917177, "pol2": -1.0, "pol3": -1.0, "pol4": 0.4288407922295533, "v0s": 6.027424884342902}, "datetime": {"datetime": "2022-05-17 12:39:29", "elapsed": 60984.568323, "delta": 30.044642}}
{"target": 4.61214914423902, "params": {"Bgrad": 1.5088944565414493, "d1": -1.107177262441272, "d2": 0.6298968435341735, "d3": -2.698879386003302, "d4": -2.2457429787122427, "p1": 4.719541868455843, "p2": 37.99887306273077, "p3": 33.98065588347925, "p4": 41.78768881690197, "pol1": -0.7474292348225013, "pol2": 1.0, "pol3": -0.6317885609066893, "pol4": 0.5397649984116426, "v0s": 4.61214914423902}, "datetime": {"datetime": "2022-05-17 12:39:51", "elapsed": 61006.881643, "delta": 22.31332}}
{"target": 4.092830731290929, "params": {"Bgrad": 1.3827855292090692, "d1": -2.7560586465929093, "d2": 0.6893444149567045, "d3": -2.044140530513019, "d4": -2.5943498370030684, "p1": 6.163280233607907, "p2": 24.98247813055026, "p3": 44.41768741630993, "p4": 21.18654874120699, "pol1": 1.0, "pol2": -0.3923426825108756, "pol3": -0.08993289875326939, "pol4": -0.05504862859133351, "v0s": 4.092830731290929}, "datetime": {"datetime": "2022-05-17 12:40:15", "elapsed": 61031.033047, "delta": 24.151404}}
{"target": -1.0, "params": {"Bgrad": 1.8238907122632055, "d1": -2.336165866694897, "d2": 0.8689638927637189, "d3": -0.31427655882170136, "d4": -2.6000877908864575, "p1": 8.236312998579137, "p2": 36.65067324100503, "p3": 46.42831386734333, "p4": 30.70877751967991, "pol1": -0.5915738452411272, "pol2": 0.369426905836699, "pol3": -0.34817264409301596, "pol4": -0.7004208200783759, "v0s": 6.85557366809225}, "datetime": {"datetime": "2022-05-17 12:40:44", "elapsed": 61059.784149, "delta": 28.751102}}
{"target": -1.0, "params": {"Bgrad": 0.8416129705271249, "d1": -0.018951440249856066, "d2": -1.0903967207418868, "d3": -1.9651600847603756, "d4": -0.8443134289371588, "p1": 33.09129452459596, "p2": 10.407065861394765, "p3": 42.46236224759118, "p4": 35.09802857364998, "pol1": 0.6210972597196134, "pol2": 0.5755630983526472, "pol3": 0.1682525111171842, "pol4": 0.6426946962287039, "v0s": 6.035409039266683}, "datetime": {"datetime": "2022-05-17 12:41:06", "elapsed": 61081.867085, "delta": 22.082936}}
{"target": -1.0, "params": {"Bgrad": 0.852218762273525, "d1": -0.2572564561378976, "d2": 0.30187956142223715, "d3": -0.11861245646970042, "d4": 0.19080203013899144, "p1": 0.021385303391413535, "p2": 12.365745644652076, "p3": 37.207670734963486, "p4": 48.025713005300766, "pol1": -0.9941928526996131, "pol2": 0.02461252471516806, "pol3": 0.4024510631221381, "pol4": 0.20633320125104193, "v0s": 3.06614578924536}, "datetime": {"datetime": "2022-05-17 12:41:38", "elapsed": 61113.722883, "delta": 31.855798}}
{"target": 4.916313080435295, "params": {"Bgrad": 0.5, "d1": -1.3504855953392516, "d2": 1.0, "d3": -2.0487323264505037, "d4": -3.0, "p1": 11.530120520710772, "p2": 16.52211554800778, "p3": 7.166947053956299, "p4": 28.14179712769172, "pol1": -1.0, "pol2": -1.0, "pol3": -1.0, "pol4": 1.0, "v0s": 4.916313080435295}, "datetime": {"datetime": "2022-05-17 12:42:07", "elapsed": 61142.434091, "delta": 28.711208}}
{"target": 4.833950482616093, "params": {"Bgrad": 1.8236353701539016, "d1": -1.7970303085225978, "d2": 1.0, "d3": -3.0, "d4": -3.0, "p1": 2.62160618828773, "p2": 29.32311961598954, "p3": 19.169280573176504, "p4": 11.240213852654927, "pol1": -0.1931509809801406, "pol2": -0.7261923998981803, "pol3": 1.0, "pol4": -1.0, "v0s": 4.833950482616093}, "datetime": {"datetime": "2022-05-17 12:42:28", "elapsed": 61163.599481, "delta": 21.16539}}
{"target": -1.0, "params": {"Bgrad": 0.707533128530792, "d1": -0.7528340874373227, "d2": 0.8491113345729318, "d3": 0.7359047324677648, "d4": -2.83627018399508, "p1": 2.968318002664577, "p2": 34.661130369456565, "p3": 30.802423366445446, "p4": 34.521397082208374, "pol1": -0.979938301693525, "pol2": 0.7171718279235177, "pol3": 0.9916741396636959, "pol4": -0.5893530108601519, "v0s": 4.393176659114452}, "datetime": {"datetime": "2022-05-17 12:43:09", "elapsed": 61204.39437, "delta": 40.794889}}
{"target": 2.179960263449746, "params": {"Bgrad": 1.2883472708491839, "d1": -1.9621680155345977, "d2": 0.20066525679128944, "d3": -2.1763910678008367, "d4": -1.344607181329196, "p1": 24.579279214900613, "p2": 8.388301892022598, "p3": 11.502664192459754, "p4": 28.455751404153816, "pol1": 0.9799925092844142, "pol2": 0.4081911950455721, "pol3": -0.7172606949172773, "pol4": -0.28358736428328113, "v0s": 2.179960263449746}, "datetime": {"datetime": "2022-05-17 12:43:29", "elapsed": 61224.754914, "delta": 20.360544}}
{"target": 5.572511012852443, "params": {"Bgrad": 0.7036653080762335, "d1": -1.1421860435075084, "d2": 0.22315352748240258, "d3": -2.6813764010962147, "d4": 0.1687594331057105, "p1": 29.64519797103166, "p2": 13.114686068652547, "p3": 31.48522432783437, "p4": 27.577153914145047, "pol1": 0.5600057353908836, "pol2": -0.7029067278582137, "pol3": -0.7328789699409446, "pol4": 0.7173434262215383, "v0s": 5.572511012852443}, "datetime": {"datetime": "2022-05-17 12:43:50", "elapsed": 61245.720838, "delta": 20.965924}}
{"target": 3.429647575539814, "params": {"Bgrad": 0.5, "d1": -3.0, "d2": -1.816237784153396, "d3": -2.404094450362298, "d4": -1.4358006432729669, "p1": 6.786068872825405, "p2": 5.649488266787475, "p3": 46.74419076606994, "p4": 16.645215066446642, "pol1": -1.0, "pol2": -0.09025197806294516, "pol3": -0.0769642185273903, "pol4": 0.6583034408994504, "v0s": 3.429647575539814}, "datetime": {"datetime": "2022-05-17 12:44:16", "elapsed": 61271.875883, "delta": 26.155045}}
