{"target": -1.0, "params": {"Bgrad": 0.8526212977101357, "d1": -2.9182409946780004, "d2": -1.6888868305641567, "d3": -1.1277756884974397, "d4": 0.13827645235822272, "p1": 26.613647791424803, "p2": 23.871325033949624, "p3": 34.89748603392809, "p4": 0.8708592651107072, "pol1": 0.3899815298680609, "pol2": -0.3760808264094111, "pol3": 0.11958191893288728, "pol4": 0.21361329081906755, "v0s": 3.09285594290022}, "datetime": {"datetime": "2022-04-30 10:53:25", "elapsed": 156118.377824, "delta": 5.160202}}
{"target": -1.0, "params": {"Bgrad": 0.8754088853887471, "d1": -0.6847277657847535, "d2": -1.9495093130156111, "d3": -2.0423318025331376, "d4": -1.56387459897207, "p1": 45.22054991258976, "p2": 43.460515275777105, "p3": 25.701788926879267, "p4": 2.5873840553513605, "pol1": 0.6006758138206048, "pol2": -0.6376216241611692, "pol3": 0.33748250881702035, "pol4": 0.6707434295323338, "v0s": 7.788779340623814}, "datetime": {"datetime": "2022-04-30 10:53:32", "elapsed": 156124.637088, "delta": 6.259264}}
{"target": -1.0, "params": {"Bgrad": 0.6902688630323026, "d1": -0.9067547131876839, "d2": 0.4024441786491759, "d3": -0.849562983854204, "d4": -0.07981409565466624, "p1": 39.2729823111646, "p2": 41.829777238480055, "p3": 33.326621357493394, "p4": 44.88695948646239, "pol1": 0.2955824680200472, "pol2": 0.8892747807094175, "pol3": 0.25859676380715224, "pol4": 0.7448572477805029, "v0s": 5.573932162568988}, "datetime": {"datetime": "2022-04-30 10:53:38", "elapsed": 156131.124741, "delta": 6.487653}}
{"target": -1.0, "params": {"Bgrad": 1.0165234764359465, "d1": 0.2538299452415398, "d2": -1.2704758880489515, "d3": -2.493817358248165, "d4": 0.8742749306621489, "p1": 42.628176194910786, "p2": 28.06297117940304, "p3": 33.53061487813396, "p4": 49.88621109545823, "pol1": -0.6773825594283454, "pol2": 0.06907992020867582, "pol3": -0.21804258435677282, "pol4": 0.08229513999614868, "v0s": 2.6202671196507636}, "datetime": {"datetime": "2022-04-30 10:53:48", "elapsed": 156140.748011, "delta": 9.62327}}
{"target": -1.0, "params": {"Bgrad": 1.161113387164121, "d1": -1.1541434502097503, "d2": -0.6164334232360167, "d3": -0.3504992756605607, "d4": -0.63940250587597, "p1": 36.46913800480739, "p2": 29.045131193143845, "p3": 22.1551554306607, "p4": 24.83942222699454, "pol1": -0.13982236594018826, "pol2": -0.5798522937902901, "pol3": -0.5463977676891203, "pol4": -0.08522264781926148, "v0s": 4.601316275796871}, "datetime": {"datetime": "2022-04-30 10:54:00", "elapsed": 156152.548458, "delta": 11.800447}}
{"target": -1.0, "params": {"Bgrad": 1.6689256386028315, "d1": -1.3165664948496856, "d2": -0.306526669862595, "d3": -2.3358452642883947, "d4": 0.29623593757194566, "p1": 34.270338807009914, "p2": 39.45261992967027, "p3": 17.974224381218256, "p4": 33.127450021972244, "pol1": -0.5658190722561989, "pol2": -0.557988424864098, "pol3": -0.5150864551646623, "pol4": -0.47082336595192853, "v0s": 4.450471733590689}, "datetime": {"datetime": "2022-04-30 10:54:13", "elapsed": 156166.262788, "delta": 13.71433}}
{"target": -1.0, "params": {"Bgrad": 1.743043172326852, "d1": 0.7896782167708074, "d2": -0.4701680130698356, "d3": -2.46104345407911, "d4": -1.320026189266498, "p1": 46.80926944549223, "p2": 16.027213766419486, "p3": 30.96404930238933, "p4": 46.75668236380905, "pol1": -0.07863532790830319, "pol2": 0.0007981082336885326, "pol3": 0.8373874195073356, "pol4": 0.8596471420193506, "v0s": 7.426921240337432}, "datetime": {"datetime": "2022-04-30 10:54:25", "elapsed": 156177.705193, "delta": 11.442405}}
{"target": -1.0, "params": {"Bgrad": 1.270451796016766, "d1": -0.4407549976191856, "d2": -0.6439752964873935, "d3": -2.3660207202887147, "d4": -0.5062039824741236, "p1": 15.957216143911523, "p2": 6.536775030007486, "p3": 10.75015022845221, "p4": 15.683014859126022, "pol1": 0.9029036015534417, "pol2": 0.9815343233968112, "pol3": 0.7337727275830945, "pol4": -0.0762780419850988, "v0s": 4.793703515469308}, "datetime": {"datetime": "2022-04-30 10:54:37", "elapsed": 156189.557502, "delta": 11.852309}}
{"target": -1.0, "params": {"Bgrad": 1.647092760472497, "d1": -2.606367691534968, "d2": 0.9761494786152065, "d3": -0.23114046712763914, "d4": -1.8028572358449324, "p1": 45.44240962652593, "p2": 27.628942338087313, "p3": 4.259498872985789, "p4": 5.412287160442708, "pol1": -0.9366702894711807, "pol2": -0.5676105275539134, "pol3": -0.8971721100563677, "pol4": 0.020544930523599403, "v0s": 2.497642332930992}, "datetime": {"datetime": "2022-04-30 10:54:50", "elapsed": 156203.099294, "delta": 13.541792}}
{"target": -1.0, "params": {"Bgrad": 1.164683424532482, "d1": -2.055197037031385, "d2": -0.761117209483599, "d3": -1.244128834232384, "d4": 0.350161851040105, "p1": 16.82723772649515, "p2": 11.511582346058786, "p3": 47.005791667279674, "p4": 23.31818482005389, "pol1": -0.9436844815350842, "pol2": -0.8411272323507004, "pol3": 0.11114353513060249, "pol4": -0.5784571952464317, "v0s": 2.889413691521982}, "datetime": {"datetime": "2022-04-30 10:54:58", "elapsed": 156210.550371, "delta": 7.451077}}
{"target": -1.0, "params": {"Bgrad": 0.7932985627049667, "d1": -0.02100420176393447, "d2": 0.79605584348452, "d3": -2.482488128189225, "d4": 0.5191209896393927, "p1": 35.595991140636784, "p2": 27.842165874300374, "p3": 3.3509319258876014, "p4": 39.387055847483055, "pol1": 0.6245603085868248, "pol2": 0.5091637333584971, "pol3": 0.10097912323492775, "pol4": 0.2632095864736057, "v0s": 4.619977364497886}, "datetime": {"datetime": "2022-04-30 10:55:07", "elapsed": 156220.12876, "delta": 9.578389}}
{"target": -1.0, "params": {"Bgrad": 0.9617705133640478, "d1": -2.1691549229518943, "d2": 0.08304355766279015, "d3": 0.739103270725733, "d4": -0.5139371442491933, "p1": 26.712371432347798, "p2": 44.16352335026726, "p3": 2.2401486480908286, "p4": 15.133777046830538, "pol1": -0.23505777787449444, "pol2": -0.9378010186273167, "pol3": 0.039865909237037256, "pol4": 0.8811528298715412, "v0s": 6.783470116323734}, "datetime": {"datetime": "2022-04-30 10:55:17", "elapsed": 156229.806883, "delta": 9.678123}}
{"target": -1.0, "params": {"Bgrad": 1.3026415425328381, "d1": -0.29383584035273946, "d2": 0.14093927671651452, "d3": -1.955626791892644, "d4": -1.897345594355778, "p1": 30.26118933572312, "p2": 33.70905578926137, "p3": 0.18067367338567286, "p4": 42.785048949163794, "pol1": -0.7101759070523033, "pol2": 0.02470434681566913, "pol3": 0.12436077741615637, "pol4": -0.985617701215824, "v0s": 4.573103227542323}, "datetime": {"datetime": "2022-04-30 10:55:27", "elapsed": 156240.038525, "delta": 10.231642}}
{"target": 4.788182520609197, "params": {"Bgrad": 1.3006141497041876, "d1": -0.23717319849127572, "d2": 0.6126955378676358, "d3": -2.7257554940027435, "d4": -1.8676051415979695, "p1": 26.39661564757525, "p2": 14.511748234344063, "p3": 21.006564327846455, "p4": 49.102647662896146, "pol1": -0.886133278410048, "pol2": 0.8578264244095981, "pol3": 0.335956427917006, "pol4": -0.0028389074665347014, "v0s": 4.788182520609197}, "datetime": {"datetime": "2022-04-30 10:55:32", "elapsed": 156245.286494, "delta": 5.247969}}
{"target": -1.0, "params": {"Bgrad": 1.3384017062598779, "d1": -1.8336513710627491, "d2": -2.3127980771042127, "d3": -0.521037377005066, "d4": 0.9539091832201358, "p1": 25.811033226238955, "p2": 33.55041750122065, "p3": 25.976628983828626, "p4": 10.001543044560412, "pol1": 0.157391735057393, "pol2": 0.9157591199513202, "pol3": 0.38484830783043544, "pol4": -0.9453261218620006, "v0s": 4.178712843963005}, "datetime": {"datetime": "2022-04-30 10:55:42", "elapsed": 156255.003512, "delta": 9.717018}}
{"target": -1.0, "params": {"Bgrad": 1.450828028922523, "d1": -0.7317075682861969, "d2": -2.5146651559534283, "d3": 0.7458931328784604, "d4": -1.4246434670293078, "p1": 36.46313610067099, "p2": 39.284362768718324, "p3": 10.649636093054438, "p4": 33.131217131128466, "pol1": 0.04673419931790823, "pol2": -0.6434055396155818, "pol3": 0.43688171632824635, "pol4": 0.0811530209346969, "v0s": 3.2845627393665824}, "datetime": {"datetime": "2022-04-30 10:55:55", "elapsed": 156267.585869, "delta": 12.582357}}
{"target": -1.0, "params": {"Bgrad": 1.1270927172458447, "d1": -0.2769539252434461, "d2": 0.9750460948072521, "d3": -0.8062486766776793, "d4": 0.1756801479106449, "p1": 16.52890861769495, "p2": 25.578051936450713, "p3": 41.751250018322104, "p4": 48.52289951298851, "pol1": -0.6430559878892113, "pol2": 0.7026151768064983, "pol3": 0.9767939420053005, "pol4": -0.09907596815719444, "v0s": 3.847760863641824}, "datetime": {"datetime": "2022-04-30 10:56:01", "elapsed": 156274.217138, "delta": 6.631269}}
{"target": -1.0, "params": {"Bgrad": 1.8686894068974094, "d1": -2.120571079203982, "d2": 0.9530548306323716, "d3": -1.3938335587719672, "d4": -2.631065489191713, "p1": 6.8387438422132965, "p2": 23.853616397423327, "p3": 3.0473886929447747, "p4": 12.594271745417752, "pol1": 0.5900045195081982, "pol2": 0.5706638517127169, "pol3": 0.6216396673997726, "pol4": -0.9074743768836264, "v0s": 6.598693999848159}, "datetime": {"datetime": "2022-04-30 10:56:18", "elapsed": 156291.085037, "delta": 16.867899}}
{"target": -1.0, "params": {"Bgrad": 1.7102698202574556, "d1": -2.9358012907837443, "d2": -1.4346882625690678, "d3": 0.46230828691771864, "d4": 0.8338985397991117, "p1": 45.97959706585888, "p2": 27.349396714644374, "p3": 15.496063644150404, "p4": 29.46324980539573, "pol1": 0.19198097575302397, "pol2": 0.3291037027800561, "pol3": 0.181630049317014, "pol4": 0.7361108974148791, "v0s": 4.243866994578642}, "datetime": {"datetime": "2022-04-30 10:56:32", "elapsed": 156305.089591, "delta": 14.004554}}
{"target": -1.0, "params": {"Bgrad": 0.8660248029882409, "d1": -2.918053710242642, "d2": -2.0692455632726285, "d3": -2.3535934034210895, "d4": -2.0473584157535174, "p1": 44.04815831926174, "p2": 36.57997161915804, "p3": 12.169454076156129, "p4": 39.65271360035073, "pol1": 0.08824170636916517, "pol2": -0.18702751105005633, "pol3": -0.5883954741317463, "pol4": -0.37853623944832604, "v0s": 2.4754791081780096}, "datetime": {"datetime": "2022-04-30 10:56:39", "elapsed": 156311.752775, "delta": 6.663184}}
{"target": -1.0, "params": {"Bgrad": 0.850435263928953, "d1": -0.33699441483301085, "d2": -1.595919383976915, "d3": 0.27888078180411124, "d4": -0.3553803967690725, "p1": 31.217555137207835, "p2": 21.01389198932505, "p3": 32.250114143225986, "p4": 43.74153273698547, "pol1": -0.37745469292332423, "pol2": -0.3144959455379195, "pol3": 0.6973583130366661, "pol4": 0.05978822569099229, "v0s": 7.542128523243624}, "datetime": {"datetime": "2022-04-30 10:56:46", "elapsed": 156319.212828, "delta": 7.460053}}
{"target": -1.0, "params": {"Bgrad": 0.7813294216015851, "d1": -2.140506954704817, "d2": 0.4498349829282198, "d3": -2.602038476183323, "d4": -1.113350498837923, "p1": 41.970177963756036, "p2": 34.68683017886296, "p3": 23.11207422509675, "p4": 8.259924707515548, "pol1": 0.10163178367461878, "pol2": 0.9759573377554824, "pol3": 0.6103150893312661, "pol4": -0.8901423318854831, "v0s": 6.265570257168111}, "datetime": {"datetime": "2022-04-30 10:56:54", "elapsed": 156327.483713, "delta": 8.270885}}
{"target": -1.0, "params": {"Bgrad": 1.96492441185202, "d1": -2.2265043057836413, "d2": 0.8256308252861184, "d3": -2.0666178109073794, "d4": 0.27759128983698256, "p1": 7.470934209566482, "p2": 25.705236906858133, "p3": 18.200734156713473, "p4": 33.534376347482265, "pol1": -0.6417658193965834, "pol2": 0.15949668170461329, "pol3": -0.9951526246923326, "pol4": -0.14869152953539078, "v0s": 5.0947592540093005}, "datetime": {"datetime": "2022-04-30 10:57:54", "elapsed": 156386.641536, "delta": 59.157823}}
{"target": -1.0, "params": {"Bgrad": 1.7566948997258138, "d1": 0.030550655115581193, "d2": -2.6324334435783165, "d3": -0.49986533050237325, "d4": -0.3599884551914414, "p1": 36.70143680165128, "p2": 27.743001734767375, "p3": 5.367775495031246, "p4": 32.01738903236036, "pol1": 0.34106170598013086, "pol2": -0.499786016896028, "pol3": 0.896550520230641, "pol4": -0.09470176985815493, "v0s": 7.200293833297465}, "datetime": {"datetime": "2022-04-30 10:58:04", "elapsed": 156396.952965, "delta": 10.311429}}
{"target": -1.0, "params": {"Bgrad": 1.4796216389311718, "d1": -0.533859562683404, "d2": -0.8023964808114585, "d3": -0.40973015913143085, "d4": 0.37734100033246243, "p1": 38.84394117184788, "p2": 33.631373322217975, "p3": 1.5922666835990695, "p4": 0.434738616525876, "pol1": -0.2829247100123915, "pol2": -0.9387323576043871, "pol3": 0.03569490647764839, "pol4": -0.9928921983929591, "v0s": 4.884382396655379}, "datetime": {"datetime": "2022-04-30 10:58:17", "elapsed": 156409.639045, "delta": 12.68608}}
{"target": -1.0, "params": {"Bgrad": 1.0664129186639946, "d1": 0.8298561518087446, "d2": -2.776585800029703, "d3": -2.7392361069855795, "d4": 0.3970661889776812, "p1": 39.762893911695265, "p2": 46.79230760858351, "p3": 3.911832429810269, "p4": 31.00498872406266, "pol1": 0.028809747556934218, "pol2": -0.35685191027014174, "pol3": 0.22162290118657713, "pol4": 0.8361555769703164, "v0s": 2.3753930388944666}, "datetime": {"datetime": "2022-04-30 10:58:28", "elapsed": 156421.322805, "delta": 11.68376}}
{"target": -1.0, "params": {"Bgrad": 1.4895892102757489, "d1": -1.8593139742854965, "d2": -1.3782092340896375, "d3": 0.3987781378399955, "d4": -2.5130819784881067, "p1": 42.148553680069014, "p2": 20.21213721816586, "p3": 49.19437393660502, "p4": 45.90078307526444, "pol1": -0.18465123452318477, "pol2": -0.4041593838168662, "pol3": -0.5581072336713353, "pol4": -0.5645281207610053, "v0s": 6.612428385479613}, "datetime": {"datetime": "2022-04-30 10:58:40", "elapsed": 156433.456361, "delta": 12.133556}}
{"target": -1.0, "params": {"Bgrad": 1.633163722794457, "d1": 0.9130129254844221, "d2": -2.6667609124510903, "d3": -2.119266478579982, "d4": 0.9348437437290924, "p1": 27.318718942559105, "p2": 27.683520778327924, "p3": 17.43854976488897, "p4": 35.18932179726889, "pol1": -0.0004724373234747947, "pol2": -0.06101347774086885, "pol3": 0.09954568916060835, "pol4": -0.9496395970548095, "v0s": 5.187563836230527}, "datetime": {"datetime": "2022-04-30 10:58:53", "elapsed": 156445.767443, "delta": 12.311082}}
{"target": -1.0, "params": {"Bgrad": 0.699446841250603, "d1": -1.1642836231129507, "d2": -2.670915190405224, "d3": 0.5558465964835362, "d4": -1.4862975809910015, "p1": 21.517735521088067, "p2": 37.10305908127222, "p3": 7.788725969170374, "p4": 28.751184596071333, "pol1": 0.022095501465105638, "pol2": -0.2633928446504543, "pol3": 0.36667103281200975, "pol4": 0.5889724055824657, "v0s": 4.806106959163374}, "datetime": {"datetime": "2022-04-30 10:58:58", "elapsed": 156451.130105, "delta": 5.362662}}
{"target": -1.0, "params": {"Bgrad": 1.441026658695944, "d1": 0.6501564672760094, "d2": -1.1721125506424213, "d3": -2.4599202113820855, "d4": -0.8270676225219424, "p1": 21.501402779651784, "p2": 38.41565399970352, "p3": 39.88373054171521, "p4": 8.592298593576448, "pol1": -0.12412212735879624, "pol2": -0.4663580103320921, "pol3": 0.9093784492078507, "pol4": 0.8737442677474441, "v0s": 4.606092511888979}, "datetime": {"datetime": "2022-04-30 10:59:12", "elapsed": 156464.56219, "delta": 13.432085}}
{"target": -1.0, "params": {"Bgrad": 1.1465160317243261, "d1": -0.014091398013446277, "d2": -0.6160962016977591, "d3": -1.9637160536227105, "d4": -1.0673197390739895, "p1": 44.505418834004715, "p2": 34.07770459097652, "p3": 28.156326414444177, "p4": 43.837696221298664, "pol1": -0.4474472346709555, "pol2": 0.9936949507995092, "pol3": -0.6003203333538283, "pol4": 0.6795870558340424, "v0s": 6.45405176475001}, "datetime": {"datetime": "2022-04-30 10:59:18", "elapsed": 156471.113672, "delta": 6.551482}}
{"target": -1.0, "params": {"Bgrad": 1.7960808761077283, "d1": -0.660329702073323, "d2": -2.070474944492234, "d3": -1.0659202747411531, "d4": 0.4495008543302301, "p1": 39.89022523390844, "p2": 8.675526842613662, "p3": 49.61049644418275, "p4": 1.5206120593683314, "pol1": -0.21470307344068362, "pol2": 0.5088026306555877, "pol3": 0.9474793657958498, "pol4": -0.7157467157319211, "v0s": 7.544243291919379}, "datetime": {"datetime": "2022-04-30 10:59:30", "elapsed": 156482.598963, "delta": 11.485291}}
{"target": -1.0, "params": {"Bgrad": 0.8285359318296511, "d1": -0.7894458127430815, "d2": -1.268770120982547, "d3": 0.23222041804569704, "d4": -2.445721676351755, "p1": 9.54349605829179, "p2": 28.375625228119894, "p3": 10.497584169107343, "p4": 43.99963242772353, "pol1": 0.1567060090292265, "pol2": 0.8235102099497109, "pol3": 0.5286831647212966, "pol4": -0.05011372177282114, "v0s": 6.154449790609949}, "datetime": {"datetime": "2022-04-30 10:59:38", "elapsed": 156491.379485, "delta": 8.780522}}
{"target": -1.0, "params": {"Bgrad": 0.5897033018869755, "d1": -0.47496587497457954, "d2": 0.9361890575341607, "d3": -2.5224620790805434, "d4": -1.1937333041916998, "p1": 0.9266972350189417, "p2": 34.40639292117991, "p3": 0.9711315722339797, "p4": 22.763611011426566, "pol1": -0.561699179668635, "pol2": 0.6144309921938769, "pol3": 0.29127481351701356, "pol4": 0.33253765778812405, "v0s": 5.299346637548292}, "datetime": {"datetime": "2022-04-30 10:59:44", "elapsed": 156497.243805, "delta": 5.86432}}
{"target": -1.0, "params": {"Bgrad": 0.8756696046120583, "d1": 0.2627640970006926, "d2": 0.520479821796509, "d3": -1.2467316040142569, "d4": -0.6546807397773651, "p1": 31.21502121526832, "p2": 36.38027798688547, "p3": 29.545187459429645, "p4": 40.329878828742594, "pol1": 0.6481761579255088, "pol2": 0.1131007309042662, "pol3": 0.7659076083800689, "pol4": -0.5941227159050677, "v0s": 4.481692602243038}, "datetime": {"datetime": "2022-04-30 10:59:52", "elapsed": 156505.510701, "delta": 8.266896}}
{"target": -1.0, "params": {"Bgrad": 1.445164774022215, "d1": -2.589709211311521, "d2": -0.12542551685930148, "d3": -1.0812666489037688, "d4": -1.4840246515684967, "p1": 22.592335366696553, "p2": 18.379307765476987, "p3": 11.976902194555949, "p4": 45.79362128693556, "pol1": 0.5987245898214149, "pol2": -0.33211995722507903, "pol3": -0.6618966568211475, "pol4": -0.7667475477195731, "v0s": 6.771997088460926}, "datetime": {"datetime": "2022-04-30 11:00:05", "elapsed": 156518.128962, "delta": 12.618261}}
{"target": -1.0, "params": {"Bgrad": 1.5530423427252873, "d1": -2.699069379435245, "d2": -2.5336240413349835, "d3": 0.6552161347889465, "d4": 0.4790855756552346, "p1": 14.597622221875167, "p2": 5.099998472927219, "p3": 40.44456907692576, "p4": 1.3086832100114576, "pol1": 0.2726953918442516, "pol2": -0.6798259704172804, "pol3": 0.3832488574010544, "pol4": -0.663960607688175, "v0s": 4.09429236378436}, "datetime": {"datetime": "2022-04-30 11:00:19", "elapsed": 156531.727602, "delta": 13.59864}}
{"target": -1.0, "params": {"Bgrad": 0.6831303744779224, "d1": -1.851651875938364, "d2": -2.483610549409666, "d3": -1.1464553152353343, "d4": -0.4023690786695924, "p1": 19.72552843311907, "p2": 47.64792507296127, "p3": 37.743269537087656, "p4": 27.21876653694216, "pol1": 0.1270457838772283, "pol2": -0.35879209338371343, "pol3": 0.025039533899591904, "pol4": 0.5156233943829458, "v0s": 2.0108577528547222}, "datetime": {"datetime": "2022-04-30 11:00:22", "elapsed": 156534.566013, "delta": 2.838411}}
{"target": -1.0, "params": {"Bgrad": 1.220887846063426, "d1": 0.6166261641374433, "d2": 0.39800085602994306, "d3": -2.116018261793435, "d4": -0.05505423168942203, "p1": 29.243681832686452, "p2": 26.27680571617467, "p3": 33.072225642514255, "p4": 31.603380625900947, "pol1": -0.8571652043752329, "pol2": -0.1663155286004736, "pol3": -0.6014055583703335, "pol4": 0.4011668815934635, "v0s": 3.6398619930168543}, "datetime": {"datetime": "2022-04-30 11:00:37", "elapsed": 156549.760386, "delta": 15.194373}}
{"target": -1.0, "params": {"Bgrad": 1.1546291516112914, "d1": 0.28650258884510205, "d2": 0.13225194960606146, "d3": 0.4166405993130162, "d4": -1.083784619287366, "p1": 46.32473699998649, "p2": 1.5777344028732765, "p3": 46.91416231720273, "p4": 17.431439629093155, "pol1": 0.6256461533850739, "pol2": 0.8966421938435627, "pol3": 0.7836281433641674, "pol4": 0.3960382347469409, "v0s": 6.021098836761735}, "datetime": {"datetime": "2022-04-30 11:00:47", "elapsed": 156559.727735, "delta": 9.967349}}
{"target": -1.0, "params": {"Bgrad": 1.960366959159519, "d1": -1.1395650598052947, "d2": -2.5839317532495394, "d3": -2.9034103321025078, "d4": 0.5252008170986162, "p1": 1.3095509788146609, "p2": 47.541399464899506, "p3": 28.495882119659306, "p4": 32.87839658531435, "pol1": 0.8183408420868445, "pol2": 0.8039045650121215, "pol3": -0.2182899372443048, "pol4": 0.22507894348266366, "v0s": 5.131012110418883}, "datetime": {"datetime": "2022-04-30 11:01:02", "elapsed": 156575.204353, "delta": 15.476618}}
{"target": -1.0, "params": {"Bgrad": 1.72556183201039, "d1": -2.7752687483259226, "d2": -0.4920982094758086, "d3": -1.281046499925588, "d4": 0.4437231875266079, "p1": 34.39332640136862, "p2": 13.051230274159554, "p3": 6.711937546519198, "p4": 27.06708397386005, "pol1": 0.9637988040317298, "pol2": -0.3001854892694358, "pol3": 0.9908234977982675, "pol4": 0.03615044789014754, "v0s": 3.1420237328598244}, "datetime": {"datetime": "2022-04-30 11:01:15", "elapsed": 156587.702934, "delta": 12.498581}}
{"target": -1.0, "params": {"Bgrad": 0.5459234783779803, "d1": -1.7879077301166375, "d2": -2.859687341400974, "d3": -0.6397955000616942, "d4": -0.19351785603927985, "p1": 33.499393097152506, "p2": 17.810492108882592, "p3": 5.582236424538917, "p4": 32.066009543082274, "pol1": -0.8736053674318673, "pol2": 0.2887264022798981, "pol3": 0.6705777642437147, "pol4": -0.8856819172372516, "v0s": 4.135218163148362}, "datetime": {"datetime": "2022-04-30 11:01:20", "elapsed": 156593.104491, "delta": 5.401557}}
