{"target": 3.68944281383621, "params": {"Bgrad": 0.9786864301316647, "d1": -1.9489376009785715, "d2": 0.7851160527219356, "d3": -1.0955245091017094, "d4": -1.299824182452159, "p1": 28.38210007033295, "p2": 25.954612720977316, "p3": 5.073377168929896, "p4": 44.551643222067916, "pol1": 0.23735308728653112, "pol2": -0.3325554483126503, "pol3": -0.36502020011118574, "pol4": 0.40849430607765225, "v0s": 3.68944281383621}, "datetime": {"datetime": "2022-06-25 02:05:23", "elapsed": 8595.523928, "delta": 11.489275}}
{"target": -1.0, "params": {"Bgrad": 1.9593389561246486, "d1": -2.455520952770609, "d2": -2.807721514932323, "d3": 0.7509673093072915, "d4": -2.984361233878616, "p1": 27.999858090954838, "p2": 8.145812747681031, "p3": 12.182716939793014, "p4": 39.01758347348146, "pol1": 0.12036441311237933, "pol2": -0.792714891048033, "pol3": 0.629211376412868, "pol4": -0.5869211839822484, "v0s": 3.368928527172743}, "datetime": {"datetime": "2022-06-25 02:05:42", "elapsed": 8613.891812, "delta": 18.367884}}
{"target": -1.0, "params": {"Bgrad": 1.3084434256596364, "d1": -1.063612301996725, "d2": 0.7416309016097764, "d3": -1.968391973109466, "d4": -1.4085300951435933, "p1": 6.707939777599503, "p2": 7.614769474679256, "p3": 36.419169569770204, "p4": 26.210184039875088, "pol1": -0.3337253381987808, "pol2": -0.05346819067662123, "pol3": 0.7441605357129468, "pol4": 0.2895939023909031, "v0s": 2.1946521177701523}, "datetime": {"datetime": "2022-06-25 02:05:52", "elapsed": 8624.65204, "delta": 10.760228}}
{"target": 3.9392699618540683, "params": {"Bgrad": 1.1528674569783337, "d1": -2.2303511435260686, "d2": -0.11884122175432266, "d3": -1.974429433607705, "d4": -0.4685563555470318, "p1": 30.165034961418165, "p2": 8.19496179378656, "p3": 10.993438597231863, "p4": 39.36050008190952, "pol1": -0.7598457979447324, "pol2": 0.37578168081147667, "pol3": 0.7860303586691737, "pol4": -0.9444920501609888, "v0s": 3.9392699618540683}, "datetime": {"datetime": "2022-06-25 02:06:07", "elapsed": 8638.670554, "delta": 14.018514}}
{"target": -1.0, "params": {"Bgrad": 1.2124698955992237, "d1": -1.5921689116286335, "d2": -0.3642149244452879, "d3": 0.7224778833896268, "d4": -1.0438964514576976, "p1": 8.456719418931524, "p2": 7.169974251340178, "p3": 32.13761389719049, "p4": 32.393193922879206, "pol1": -0.08856853258103348, "pol2": -0.3741767295692091, "pol3": -0.9080525908528372, "pol4": 0.03044683786379121, "v0s": 4.180471505160468}, "datetime": {"datetime": "2022-06-25 02:06:24", "elapsed": 8655.827675, "delta": 17.157121}}
{"target": 4.126656803533269, "params": {"Bgrad": 1.4792108057086286, "d1": -2.102525392583972, "d2": -0.12447475651634354, "d3": -1.359918722797381, "d4": -0.6462015742264167, "p1": 8.601197411861, "p2": 7.624564930247979, "p3": 37.18992449166553, "p4": 33.6833779064605, "pol1": 0.7998670321821195, "pol2": -0.5551288077323777, "pol3": -0.8767489714634258, "pol4": 0.6095661915798705, "v0s": 4.126656803533269}, "datetime": {"datetime": "2022-06-25 02:06:37", "elapsed": 8669.277709, "delta": 13.450034}}
{"target": -1.0, "params": {"Bgrad": 1.0324882713730112, "d1": -2.3597063878849815, "d2": -0.028896368909788084, "d3": -0.5731504151016309, "d4": -2.636916683901502, "p1": 5.839054301517716, "p2": 11.227005667567852, "p3": 34.58156588793928, "p4": 23.493569430746785, "pol1": -0.45359938498782637, "pol2": 0.7760031227870028, "pol3": -0.17406691617664238, "pol4": 0.6935221438693506, "v0s": 6.290587575289131}, "datetime": {"datetime": "2022-06-25 02:06:53", "elapsed": 8685.282912, "delta": 16.005203}}
{"target": -1.0, "params": {"Bgrad": 0.6523918910287627, "d1": -2.2149248763474154, "d2": 0.8183659677253385, "d3": 0.01736593645201223, "d4": -0.9712538007946963, "p1": 3.5404692956036268, "p2": 30.824645823635798, "p3": 18.090961993871417, "p4": 9.197783669786668, "pol1": 0.18210401567609624, "pol2": -0.3313735203762358, "pol3": -0.8723806173420172, "pol4": 0.46040279266017703, "v0s": 3.682376457329693}, "datetime": {"datetime": "2022-06-25 02:07:12", "elapsed": 8704.186364, "delta": 18.903452}}
{"target": -1.0, "params": {"Bgrad": 0.6391817737648882, "d1": -0.6869878680484081, "d2": 0.8351388125888581, "d3": 0.297354661057478, "d4": -1.0194587930328143, "p1": 1.511219945264547, "p2": 34.6289952916288, "p3": 16.80645303000949, "p4": 12.491625608603584, "pol1": -0.7392356516740997, "pol2": -0.36899183936288793, "pol3": -0.5890371204306113, "pol4": -0.8373502134207358, "v0s": 3.2970423239623017}, "datetime": {"datetime": "2022-06-25 02:07:27", "elapsed": 8719.623086, "delta": 15.436722}}
{"target": 3.7116754212843253, "params": {"Bgrad": 1.2526506240611732, "d1": -1.3934231112958297, "d2": 0.4878098570847369, "d3": -0.993138416716524, "d4": -0.7412023017002123, "p1": 11.24148521787705, "p2": 17.153728992207167, "p3": 8.904933325682768, "p4": 31.419767935899483, "pol1": 0.379237873858848, "pol2": -0.5416544215122412, "pol3": 0.5683446321799466, "pol4": -0.41690191631146956, "v0s": 3.7116754212843253}, "datetime": {"datetime": "2022-06-25 02:07:45", "elapsed": 8737.22801, "delta": 17.604924}}
{"target": -1.0, "params": {"Bgrad": 0.9642765726959608, "d1": -0.8580427846401588, "d2": -0.2003765086994731, "d3": -1.1086038512063698, "d4": -1.9459021475005298, "p1": 28.85208604800779, "p2": 10.025986353854533, "p3": 35.766805129408205, "p4": 29.639577567788844, "pol1": 0.04230934788204599, "pol2": 0.5876836080594467, "pol3": 0.4831637227003056, "pol4": 0.5281403714878998, "v0s": 4.324220851544051}, "datetime": {"datetime": "2022-06-25 02:08:02", "elapsed": 8754.454945, "delta": 17.226935}}
{"target": 3.187444114337265, "params": {"Bgrad": 1.6415803771946795, "d1": -1.4154315866175755, "d2": -1.1641248143016372, "d3": -1.7138441982132913, "d4": -0.4104062999545163, "p1": 24.769670815698642, "p2": 4.160215945592977, "p3": 37.01957909096217, "p4": 26.696859758762287, "pol1": -0.05094013292367431, "pol2": -0.12840456911797202, "pol3": -0.01905566651310199, "pol4": 0.6327498205510304, "v0s": 3.187444114337265}, "datetime": {"datetime": "2022-06-25 02:08:13", "elapsed": 8765.599146, "delta": 11.144201}}
{"target": -1.0, "params": {"Bgrad": 1.7533358019475629, "d1": -2.6065165846947282, "d2": -1.285821357600816, "d3": 0.9441967416385282, "d4": -2.5643122298425896, "p1": 5.626216184551403, "p2": 15.17483524563107, "p3": 40.20071247738009, "p4": 29.432918699827653, "pol1": 0.9044431680336702, "pol2": -0.5649962298442466, "pol3": 0.4467541874028855, "pol4": 0.30672701580600115, "v0s": 5.776694411909117}, "datetime": {"datetime": "2022-06-25 02:08:31", "elapsed": 8783.402541, "delta": 17.803395}}
{"target": 3.7297845748477085, "params": {"Bgrad": 1.6870511374142418, "d1": -2.226323504618937, "d2": 0.48250153469282486, "d3": -0.85865740567491, "d4": -1.6612669898670216, "p1": 44.08222930656318, "p2": 21.519250078309746, "p3": 25.75478613938292, "p4": 12.985682712210288, "pol1": 0.13553138927918496, "pol2": -0.28098414125486365, "pol3": -0.03185535665466456, "pol4": -0.06929484285753479, "v0s": 3.7297845748477085}, "datetime": {"datetime": "2022-06-25 02:08:42", "elapsed": 8793.8137, "delta": 10.411159}}
{"target": 4.059845728706063, "params": {"Bgrad": 0.6597484774339673, "d1": -2.3591976217171755, "d2": -0.24505574783276174, "d3": -2.802825754884535, "d4": -0.5708633127852369, "p1": 8.809316228354547, "p2": 8.077425677105532, "p3": 36.81431044441244, "p4": 33.30653775410937, "pol1": 0.002498786589130164, "pol2": 0.7322893642916823, "pol3": -0.15332035725662485, "pol4": 0.48749439780174564, "v0s": 4.059845728706063}, "datetime": {"datetime": "2022-06-25 02:08:51", "elapsed": 8802.671015, "delta": 8.857315}}
{"target": 3.559555703133713, "params": {"Bgrad": 0.8788317610103004, "d1": -1.3830244782280459, "d2": -1.288254415560818, "d3": -1.170841661112953, "d4": -2.6145452521964425, "p1": 7.614047110961641, "p2": 36.75091340798428, "p3": 32.52483168746563, "p4": 36.629658610151935, "pol1": -0.17840056872129972, "pol2": -0.2313609666194063, "pol3": 0.6408683457219699, "pol4": 0.3301115452013945, "v0s": 3.559555703133713}, "datetime": {"datetime": "2022-06-25 02:09:08", "elapsed": 8819.988708, "delta": 17.317693}}
{"target": -1.0, "params": {"Bgrad": 1.5237836197953087, "d1": -2.756804301642279, "d2": -0.6139071106867573, "d3": -2.3740197085937305, "d4": -0.535838560597079, "p1": 9.830996522127744, "p2": 15.477296368592409, "p3": 7.58026924808462, "p4": 35.661883666472185, "pol1": -0.0514991191125187, "pol2": 0.3096243264961034, "pol3": -0.38231174669772505, "pol4": 0.42559275890653225, "v0s": 2.134810751152812}, "datetime": {"datetime": "2022-06-25 02:09:20", "elapsed": 8831.671469, "delta": 11.682761}}
{"target": 2.2684503384281482, "params": {"Bgrad": 1.5318810303709587, "d1": 0.1996729598562248, "d2": 0.1259439381902583, "d3": -2.655049883481967, "d4": -1.344788526327923, "p1": 4.118305663006089, "p2": 11.993578927487603, "p3": 34.62028901592733, "p4": 31.581641817348338, "pol1": 0.6888474064845909, "pol2": -0.4680619304258422, "pol3": 0.4163491031728104, "pol4": -0.33915932546012795, "v0s": 2.2684503384281482}, "datetime": {"datetime": "2022-06-25 02:09:39", "elapsed": 8850.694599, "delta": 19.02313}}
{"target": -1.0, "params": {"Bgrad": 1.3910569906491879, "d1": -2.260520432536516, "d2": -0.9312507947635829, "d3": -0.5874624129121799, "d4": -1.19911686782166, "p1": 6.983538359772706, "p2": 12.590996320368115, "p3": 8.879022946523147, "p4": 29.508148091521058, "pol1": 0.3466771122180017, "pol2": -0.7956085294250135, "pol3": 0.9828701463242628, "pol4": -0.8223959150981421, "v0s": 4.379742707540638}, "datetime": {"datetime": "2022-06-25 02:09:56", "elapsed": 8868.287556, "delta": 17.592957}}
{"target": 6.102514683742239, "params": {"Bgrad": 0.885838400705537, "d1": -2.662287593826514, "d2": -1.6008475552329975, "d3": 0.10253434836887136, "d4": -0.39886228332768514, "p1": 6.317287922409141, "p2": 7.174531944532815, "p3": 38.67158792815367, "p4": 29.1603963730971, "pol1": 0.9170752003297609, "pol2": -0.41707100937259556, "pol3": 0.057357150316524684, "pol4": -0.3113838787295146, "v0s": 6.102514683742239}, "datetime": {"datetime": "2022-06-25 02:10:15", "elapsed": 8887.613877, "delta": 19.326321}}
{"target": 4.444640138159152, "params": {"Bgrad": 1.0179824536780577, "d1": 0.20190617900576058, "d2": -0.09311073214221599, "d3": -2.628292834942469, "d4": -0.16092966862529723, "p1": 6.519758191315256, "p2": 9.917671875677042, "p3": 33.33165695044088, "p4": 25.69251921412353, "pol1": 0.14618593913799716, "pol2": -0.8848524628029268, "pol3": -0.2316545492212816, "pol4": -0.4037829200243228, "v0s": 4.444640138159152}, "datetime": {"datetime": "2022-06-25 02:10:30", "elapsed": 8902.278664, "delta": 14.664787}}
{"target": -1.0, "params": {"Bgrad": 1.6345165211598567, "d1": -2.1188576976074702, "d2": 0.5115485690847342, "d3": -2.218164766094562, "d4": -1.7584233104331222, "p1": 29.621062065643162, "p2": 10.649843472603234, "p3": 36.627832975301104, "p4": 27.899267649550623, "pol1": -0.03281224829220711, "pol2": 0.7212732594578618, "pol3": 0.4817799629359515, "pol4": -0.36540650287409626, "v0s": 5.096496411278884}, "datetime": {"datetime": "2022-06-25 02:10:50", "elapsed": 8922.309102, "delta": 20.030438}}
{"target": 3.212480850990568, "params": {"Bgrad": 1.6359825514757813, "d1": -2.3740869434755636, "d2": 0.22166634778571526, "d3": 0.8768623997765475, "d4": -0.563847180681742, "p1": 2.4159475794452767, "p2": 14.519139746507415, "p3": 33.53244224249929, "p4": 29.26188297970096, "pol1": 0.55162900099418, "pol2": -0.9763754072580682, "pol3": -0.29148149331735396, "pol4": -0.24391394168467806, "v0s": 3.212480850990568}, "datetime": {"datetime": "2022-06-25 02:11:00", "elapsed": 8932.556701, "delta": 10.247599}}
{"target": 4.19118085437326, "params": {"Bgrad": 0.7945089336128638, "d1": -2.4089512075403596, "d2": 0.6265825118853172, "d3": -2.02402121691257, "d4": -1.850813169856639, "p1": 27.407651133226917, "p2": 25.95296830976958, "p3": 3.9068324934092074, "p4": 43.97543447303656, "pol1": 0.608429598952586, "pol2": -0.010582425542756409, "pol3": -0.32583094369357946, "pol4": -0.01501011781754923, "v0s": 4.19118085437326}, "datetime": {"datetime": "2022-06-25 02:11:18", "elapsed": 8950.197528, "delta": 17.640827}}
{"target": 2.0622264756589725, "params": {"Bgrad": 1.4217661493783982, "d1": -1.5503322805393882, "d2": -0.7761320266334777, "d3": -0.9691516944549492, "d4": -1.3022818550393138, "p1": 45.808614214011826, "p2": 21.143472235101108, "p3": 25.82303712456284, "p4": 11.804155195488786, "pol1": 0.3528372993243378, "pol2": -0.30631916546350557, "pol3": -0.1398599602063566, "pol4": -0.39944846299319003, "v0s": 2.0622264756589725}, "datetime": {"datetime": "2022-06-25 02:11:28", "elapsed": 8960.601707, "delta": 10.404179}}
{"target": -1.0, "params": {"Bgrad": 1.7263152579847048, "d1": -1.4921682760519452, "d2": -0.4992255638815273, "d3": 0.4387966214500034, "d4": 0.6413310134330574, "p1": 6.660877879189425, "p2": 13.35375539275882, "p3": 34.1073367389307, "p4": 27.355446744814415, "pol1": -0.7835910379124738, "pol2": -0.6289817040968007, "pol3": -0.519549290115001, "pol4": -0.013316739702114777, "v0s": 4.2936928213167285}, "datetime": {"datetime": "2022-06-25 02:11:43", "elapsed": 8975.368222, "delta": 14.766515}}
{"target": -1.0, "params": {"Bgrad": 1.8223489821034704, "d1": 0.18022211057499193, "d2": 0.19250745595313123, "d3": -0.485378124007517, "d4": 0.06635584403908323, "p1": 23.06641948279397, "p2": 1.0697318660358612, "p3": 16.09719947585471, "p4": 23.31922905546811, "pol1": -0.4239680343053671, "pol2": 0.7784886530567043, "pol3": -0.898618814637814, "pol4": -0.15330613470816457, "v0s": 3.057010674635379}, "datetime": {"datetime": "2022-06-25 02:12:04", "elapsed": 8995.767673, "delta": 20.399451}}
{"target": -1.0, "params": {"Bgrad": 1.7557632304966222, "d1": -1.824499577510879, "d2": 0.4072758817260551, "d3": -2.5381103496060105, "d4": -2.3820688071713594, "p1": 7.628375199453302, "p2": 13.917497965018805, "p3": 36.248778899509425, "p4": 31.643900810347326, "pol1": -0.5140953620289455, "pol2": 0.539659659168052, "pol3": 0.5112108725537876, "pol4": -0.8091877758839756, "v0s": 5.301818689574354}, "datetime": {"datetime": "2022-06-25 02:12:26", "elapsed": 9018.368229, "delta": 22.600556}}
{"target": -1.0, "params": {"Bgrad": 0.9773749549854482, "d1": -1.6690430724857417, "d2": -0.9817357706600109, "d3": -2.772669738636928, "d4": -0.1678763491049362, "p1": 4.82236158465329, "p2": 19.758942111458776, "p3": 0.2652456921607149, "p4": 30.237143908456577, "pol1": -0.9138095222609275, "pol2": -0.37208992547395137, "pol3": 0.13815590145293588, "pol4": 0.593622576275751, "v0s": 4.34644546794746}, "datetime": {"datetime": "2022-06-25 02:12:44", "elapsed": 9036.072886, "delta": 17.704657}}
{"target": -1.0, "params": {"Bgrad": 1.8967348764972325, "d1": -2.99701261573675, "d2": -0.14271526734565, "d3": -1.3013001527897434, "d4": -2.4701078119550397, "p1": 49.59192775390252, "p2": 43.77544003569545, "p3": 7.486051048657238, "p4": 13.03597632062986, "pol1": 0.30686790442724887, "pol2": 0.03170997865674652, "pol3": 0.2772955350087669, "pol4": -0.7083969278338285, "v0s": 2.5040629238594634}, "datetime": {"datetime": "2022-06-25 02:12:57", "elapsed": 9049.545859, "delta": 13.472973}}
{"target": 3.1371057642126705, "params": {"Bgrad": 0.6313247156441988, "d1": -2.0003727715788377, "d2": 0.8057918376635036, "d3": -2.4888746972090576, "d4": -0.5758242276746608, "p1": 3.8850169502555487, "p2": 13.340333535659566, "p3": 35.65236764686874, "p4": 25.525638568553166, "pol1": 0.1065694185536139, "pol2": -0.21487218744671543, "pol3": -0.43608225941005885, "pol4": -0.3157206799713508, "v0s": 3.1371057642126705}, "datetime": {"datetime": "2022-06-25 02:13:07", "elapsed": 9058.967666, "delta": 9.421807}}
{"target": -1.0, "params": {"Bgrad": 0.8829820962980951, "d1": -2.288921678236668, "d2": -2.1408656486388615, "d3": -2.3826563542746197, "d4": -1.5332675383557741, "p1": 10.78930335405428, "p2": 13.04686450511553, "p3": 10.558582961533519, "p4": 28.377619951161066, "pol1": 0.07386375462333827, "pol2": -0.3871946914261244, "pol3": -0.48906984616476024, "pol4": 0.1132093201263602, "v0s": 4.065062945699566}, "datetime": {"datetime": "2022-06-25 02:13:26", "elapsed": 9077.956888, "delta": 18.989222}}
{"target": -1.0, "params": {"Bgrad": 1.1508769452494252, "d1": -2.0743019213050444, "d2": -0.24231947745853621, "d3": -1.1825360445691173, "d4": -0.9825171599502491, "p1": 29.51619095293792, "p2": 8.249542703251834, "p3": 10.7286896723097, "p4": 38.979786036645386, "pol1": -0.6685355440687839, "pol2": 0.06598465388977391, "pol3": 0.541623412611136, "pol4": -0.8655902089748094, "v0s": 3.564317715533105}, "datetime": {"datetime": "2022-06-25 02:13:42", "elapsed": 9094.382965, "delta": 16.426077}}
{"target": 5.009357747168475, "params": {"Bgrad": 1.2234477747793933, "d1": -2.427301879736629, "d2": 0.5367495078184228, "d3": -1.2247485875673962, "d4": -0.8155675060068701, "p1": 8.030465263351108, "p2": 8.682431164899151, "p3": 32.836200457059945, "p4": 33.6531318195243, "pol1": -0.06682230254410877, "pol2": -0.4430930387469644, "pol3": -0.7353727899839726, "pol4": 0.8089109641489779, "v0s": 5.009357747168475}, "datetime": {"datetime": "2022-06-25 02:13:53", "elapsed": 9105.317727, "delta": 10.934762}}
{"target": -1.0, "params": {"Bgrad": 0.7409403771767, "d1": -2.708069022403445, "d2": -1.5002296482390125, "d3": -0.8822746217875097, "d4": -1.2119822148451178, "p1": 22.493453770529367, "p2": 18.219569085222453, "p3": 27.163679676640815, "p4": 46.241151229535504, "pol1": 0.6185142441429271, "pol2": -0.40067895717575763, "pol3": 0.8456689831507855, "pol4": 0.2406354374496899, "v0s": 4.206150508174987}, "datetime": {"datetime": "2022-06-25 02:14:09", "elapsed": 9121.628111, "delta": 16.310384}}
{"target": 4.165003167976161, "params": {"Bgrad": 1.728283908130936, "d1": -2.594377916305614, "d2": 0.5172216895515657, "d3": -2.221933046543579, "d4": -1.882291392371162, "p1": 29.63270223422319, "p2": 10.783100421382155, "p3": 37.13375214828616, "p4": 29.12904410784199, "pol1": 0.4324680407287807, "pol2": 0.22022550087436316, "pol3": 0.16485331772000178, "pol4": -0.03241954295588574, "v0s": 4.165003167976161}, "datetime": {"datetime": "2022-06-25 02:14:23", "elapsed": 9134.803879, "delta": 13.175768}}
{"target": -1.0, "params": {"Bgrad": 1.5748030029107574, "d1": -2.4759400632334585, "d2": -1.4184025598978511, "d3": -0.15866960374590322, "d4": 0.8242432150777921, "p1": 5.66215050919533, "p2": 7.934597132526944, "p3": 38.12055384346926, "p4": 28.866316717043283, "pol1": 0.8410348558662837, "pol2": -0.36461785950502423, "pol3": 0.7903892966651016, "pol4": 0.23145378525063576, "v0s": 5.51102988878247}, "datetime": {"datetime": "2022-06-25 02:15:32", "elapsed": 9203.78642, "delta": 68.982541}}
{"target": -1.0, "params": {"Bgrad": 1.726903739560677, "d1": -1.901024464779625, "d2": -0.9698518401894538, "d3": -0.577405905305377, "d4": -1.1622740092843422, "p1": 6.170605880508706, "p2": 10.141909202314059, "p3": 31.42129530103161, "p4": 32.74847027361169, "pol1": -0.05839460782873496, "pol2": 0.8067017095039009, "pol3": -0.5057610075229264, "pol4": 0.6742944117630714, "v0s": 3.4397927216711923}, "datetime": {"datetime": "2022-06-25 02:15:49", "elapsed": 9221.197861, "delta": 17.411441}}
{"target": -1.0, "params": {"Bgrad": 1.58053638051549, "d1": -1.0098688861197878, "d2": 0.9392671921610152, "d3": -2.4042262221449784, "d4": 0.48355367814229, "p1": 1.8819450992855036, "p2": 11.322429057602633, "p3": 33.66360127645072, "p4": 26.446135026502095, "pol1": -0.43861529817046074, "pol2": -0.8740574424122989, "pol3": 0.42850807612450237, "pol4": -0.3109061819470784, "v0s": 2.1036490008479545}, "datetime": {"datetime": "2022-06-25 02:15:58", "elapsed": 9230.269603, "delta": 9.071742}}
{"target": 3.224284403641618, "params": {"Bgrad": 0.6867031648660742, "d1": -1.1960559627555365, "d2": 0.41191172192114545, "d3": -2.172479706195185, "d4": -2.075674022434209, "p1": 44.267288868082794, "p2": 22.528434222008446, "p3": 25.02315188303766, "p4": 17.88003902692453, "pol1": 0.11947771936754825, "pol2": -0.2582400835311476, "pol3": -0.92394891588951, "pol4": 0.8378388537638317, "v0s": 3.224284403641618}, "datetime": {"datetime": "2022-06-25 02:16:07", "elapsed": 9239.000261, "delta": 8.730658}}
{"target": 4.757349421876831, "params": {"Bgrad": 1.8093317119861998, "d1": -1.5921071451084066, "d2": 0.2734007395786396, "d3": -0.8630568886690931, "d4": -2.242651223841945, "p1": 7.413724543826997, "p2": 9.487469303134345, "p3": 32.5565591539385, "p4": 27.235892921790555, "pol1": 0.07181861984172992, "pol2": -0.035127713886528605, "pol3": 0.5928493294976112, "pol4": -0.03443507097638567, "v0s": 4.757349421876831}, "datetime": {"datetime": "2022-06-25 02:16:19", "elapsed": 9251.316325, "delta": 12.316064}}
{"target": 4.618525308368495, "params": {"Bgrad": 1.6203855897631436, "d1": -1.804530597007998, "d2": 0.5783316126401715, "d3": -0.6270666870814411, "d4": -2.757146873861197, "p1": 44.404797762031414, "p2": 20.5954627584941, "p3": 26.18261014091784, "p4": 12.860047802860544, "pol1": -0.08827188394178727, "pol2": -0.08758230684374829, "pol3": -0.10600503765557494, "pol4": 0.031431859202355646, "v0s": 4.618525308368495}, "datetime": {"datetime": "2022-06-25 02:16:42", "elapsed": 9274.406581, "delta": 23.090256}}
{"target": 3.2838687438884993, "params": {"Bgrad": 0.5580320565358354, "d1": -2.444758903819708, "d2": 0.9259055283042694, "d3": -2.9678961313908925, "d4": -1.0948338366088715, "p1": 27.67044526759164, "p2": 26.585603308288185, "p3": 4.947618144311217, "p4": 46.896288516281295, "pol1": -0.6950452417573425, "pol2": -0.5219325106964436, "pol3": 0.10993837103478166, "pol4": 0.7154861949076163, "v0s": 3.2838687438884993}, "datetime": {"datetime": "2022-06-25 02:16:54", "elapsed": 9286.144194, "delta": 11.737613}}
