{"target": -1.0, "params": {"Bgrad": 0.595521409707443, "d1": -0.9469888291209392, "d2": -2.764212632481237, "d3": -1.3250052505397236, "d4": 0.3155809766016162, "p1": 10.609237033944318, "p2": 14.881487500899048, "p3": 18.343012641414287, "p4": 6.061134484586129, "pol1": -0.2895404990904813, "pol2": -0.09068386415165275, "pol3": -0.9936786286941433, "pol4": -0.9249261804284439, "v0s": 5.1751000888569285}, "datetime": {"datetime": "2022-06-21 16:50:54", "elapsed": 562.743955, "delta": 5.131278}}
{"target": -1.0, "params": {"Bgrad": 0.595521409707443, "d1": -0.9469888291209392, "d2": -2.764212632481237, "d3": -1.3250052505397236, "d4": 0.3155809766016162, "p1": 10.609237033944318, "p2": 14.881487500899048, "p3": 18.343012641414287, "p4": 6.061134484586129, "pol1": -0.2895404990904813, "pol2": -0.09068386415165275, "pol3": -0.9936786286941433, "pol4": -0.9249261804284439, "v0s": 5.1751000888569285}, "datetime": {"datetime": "2022-06-21 16:50:54", "elapsed": 562.743955, "delta": 5.131278}}
{"target": 3.6776867629828036, "params": {"Bgrad": 0.7007773801814714, "d1": -2.512011174036884, "d2": 0.9195012128033846, "d3": -2.8815897054515633, "d4": -1.4718212126507306, "p1": 44.2715924245687, "p2": 28.573390844041768, "p3": 44.44190355423082, "p4": 6.319065942465252, "pol1": -0.6537181790838242, "pol2": -0.37138043781580765, "pol3": -0.3907532483324405, "pol4": -0.9155075974930533, "v0s": 3.6776867629828036}, "datetime": {"datetime": "2022-06-21 16:50:58", "elapsed": 566.685932, "delta": 3.941977}}
{"target": 3.6776867629828036, "params": {"Bgrad": 0.7007773801814714, "d1": -2.512011174036884, "d2": 0.9195012128033846, "d3": -2.8815897054515633, "d4": -1.4718212126507306, "p1": 44.2715924245687, "p2": 28.573390844041768, "p3": 44.44190355423082, "p4": 6.319065942465252, "pol1": -0.6537181790838242, "pol2": -0.37138043781580765, "pol3": -0.3907532483324405, "pol4": -0.9155075974930533, "v0s": 3.6776867629828036}, "datetime": {"datetime": "2022-06-21 16:50:58", "elapsed": 566.685932, "delta": 3.941977}}
{"target": 2.132967678836775, "params": {"Bgrad": 1.0027481723443707, "d1": -1.005950720369286, "d2": -1.6376150576145956, "d3": -1.2737318147598873, "d4": -2.5179357954649184, "p1": 12.439294322806106, "p2": 21.385566416331663, "p3": 38.217177083396386, "p4": 21.629682937952637, "pol1": 0.9757206634242876, "pol2": 0.9002630124974453, "pol3": -0.030558580659723278, "pol4": 0.37269391021237364, "v0s": 2.132967678836775}, "datetime": {"datetime": "2022-06-21 16:51:03", "elapsed": 571.528982, "delta": 4.84305}}
{"target": 2.132967678836775, "params": {"Bgrad": 1.0027481723443707, "d1": -1.005950720369286, "d2": -1.6376150576145956, "d3": -1.2737318147598873, "d4": -2.5179357954649184, "p1": 12.439294322806106, "p2": 21.385566416331663, "p3": 38.217177083396386, "p4": 21.629682937952637, "pol1": 0.9757206634242876, "pol2": 0.9002630124974453, "pol3": -0.030558580659723278, "pol4": 0.37269391021237364, "v0s": 2.132967678836775}, "datetime": {"datetime": "2022-06-21 16:51:03", "elapsed": 571.528982, "delta": 4.84305}}
{"target": -1.0, "params": {"Bgrad": 1.8725811019699379, "d1": -0.21401470523357746, "d2": -2.9134319040742054, "d3": -0.8682001094054987, "d4": -1.5521994412723679, "p1": 20.6804194136058, "p2": 41.83226986030063, "p3": 18.82889088523888, "p4": 47.239927814395045, "pol1": -0.5764734947648815, "pol2": -0.8171922113798773, "pol3": 0.8244239254798602, "pol4": 0.07260683617959685, "v0s": 2.1169182541983442}, "datetime": {"datetime": "2022-06-21 16:51:07", "elapsed": 575.709802, "delta": 4.18082}}
{"target": -1.0, "params": {"Bgrad": 1.8725811019699379, "d1": -0.21401470523357746, "d2": -2.9134319040742054, "d3": -0.8682001094054987, "d4": -1.5521994412723679, "p1": 20.6804194136058, "p2": 41.83226986030063, "p3": 18.82889088523888, "p4": 47.239927814395045, "pol1": -0.5764734947648815, "pol2": -0.8171922113798773, "pol3": 0.8244239254798602, "pol4": 0.07260683617959685, "v0s": 2.1169182541983442}, "datetime": {"datetime": "2022-06-21 16:51:07", "elapsed": 575.709802, "delta": 4.18082}}
{"target": -1.0, "params": {"Bgrad": 1.9523582419317196, "d1": -0.20231268757591536, "d2": -1.5309754218683125, "d3": -2.0559390610092256, "d4": -0.4558288678236231, "p1": 9.667481211276607, "p2": 2.4117952515073924, "p3": 43.74985705866832, "p4": 46.91220908653464, "pol1": -0.2660091829721427, "pol2": -0.45391292785036885, "pol3": 0.6806668521541053, "pol4": 0.3014590938686439, "v0s": 3.3811558096235204}, "datetime": {"datetime": "2022-06-21 16:51:20", "elapsed": 588.107662, "delta": 12.39786}}
{"target": -1.0, "params": {"Bgrad": 1.9523582419317196, "d1": -0.20231268757591536, "d2": -1.5309754218683125, "d3": -2.0559390610092256, "d4": -0.4558288678236231, "p1": 9.667481211276607, "p2": 2.4117952515073924, "p3": 43.74985705866832, "p4": 46.91220908653464, "pol1": -0.2660091829721427, "pol2": -0.45391292785036885, "pol3": 0.6806668521541053, "pol4": 0.3014590938686439, "v0s": 3.3811558096235204}, "datetime": {"datetime": "2022-06-21 16:51:20", "elapsed": 588.107662, "delta": 12.39786}}
{"target": 2.212003967969065, "params": {"Bgrad": 0.9233752040799357, "d1": -2.4678277436983147, "d2": -0.8288768312590782, "d3": -1.3891731352190138, "d4": 0.42281917876321806, "p1": 26.316941292290423, "p2": 14.363921979494393, "p3": 7.271033791619469, "p4": 30.814145079615663, "pol1": 0.5856776615931338, "pol2": 0.4024402572405765, "pol3": -0.9261358052737632, "pol4": 0.0061143962052097045, "v0s": 2.212003967969065}, "datetime": {"datetime": "2022-06-21 16:51:25", "elapsed": 593.852301, "delta": 5.744639}}
{"target": 2.212003967969065, "params": {"Bgrad": 0.9233752040799357, "d1": -2.4678277436983147, "d2": -0.8288768312590782, "d3": -1.3891731352190138, "d4": 0.42281917876321806, "p1": 26.316941292290423, "p2": 14.363921979494393, "p3": 7.271033791619469, "p4": 30.814145079615663, "pol1": 0.5856776615931338, "pol2": 0.4024402572405765, "pol3": -0.9261358052737632, "pol4": 0.0061143962052097045, "v0s": 2.212003967969065}, "datetime": {"datetime": "2022-06-21 16:51:25", "elapsed": 593.853298, "delta": 5.745636}}
{"target": -1.0, "params": {"Bgrad": 1.6415015260032861, "d1": -0.5838087466757519, "d2": 0.4430621487165192, "d3": -1.6931862963881177, "d4": -2.759935321603271, "p1": 4.263176869482174, "p2": 3.383605511081455, "p3": 17.579472942695077, "p4": 4.056444026439653, "pol1": 0.4626407259635911, "pol2": 0.44695479948621775, "pol3": 0.16150646974708693, "pol4": -0.7237872638465841, "v0s": 4.397636214036961}, "datetime": {"datetime": "2022-06-21 16:51:37", "elapsed": 605.325621, "delta": 11.47332}}
{"target": -1.0, "params": {"Bgrad": 1.6415015260032861, "d1": -0.5838087466757519, "d2": 0.4430621487165192, "d3": -1.6931862963881177, "d4": -2.759935321603271, "p1": 4.263176869482174, "p2": 3.383605511081455, "p3": 17.579472942695077, "p4": 4.056444026439653, "pol1": 0.4626407259635911, "pol2": 0.44695479948621775, "pol3": 0.16150646974708693, "pol4": -0.7237872638465841, "v0s": 4.397636214036961}, "datetime": {"datetime": "2022-06-21 16:51:37", "elapsed": 605.326619, "delta": 11.473321}}
{"target": -1.0, "params": {"Bgrad": 0.9978957038233514, "d1": -2.5227708068689956, "d2": -2.336315562813181, "d3": -0.48430453330395506, "d4": -0.8066652561979892, "p1": 28.67129836119767, "p2": 42.59441915503311, "p3": 22.967188958660362, "p4": 21.802474564224738, "pol1": -0.8593923954904807, "pol2": -0.9698196157377348, "pol3": 0.7533519033323186, "pol4": -0.357671844592816, "v0s": 3.7137810186892795}, "datetime": {"datetime": "2022-06-21 16:51:48", "elapsed": 616.602469, "delta": 11.276848}}
{"target": -1.0, "params": {"Bgrad": 0.9978957038233514, "d1": -2.5227708068689956, "d2": -2.336315562813181, "d3": -0.48430453330395506, "d4": -0.8066652561979892, "p1": 28.67129836119767, "p2": 42.59441915503311, "p3": 22.967188958660362, "p4": 21.802474564224738, "pol1": -0.8593923954904807, "pol2": -0.9698196157377348, "pol3": 0.7533519033323186, "pol4": -0.357671844592816, "v0s": 3.7137810186892795}, "datetime": {"datetime": "2022-06-21 16:51:48", "elapsed": 616.604464, "delta": 11.277845}}
{"target": 3.4445742684102125, "params": {"Bgrad": 1.3665012243952437, "d1": -2.75063740315083, "d2": 0.7181279347673177, "d3": -2.5657210706324114, "d4": -1.141538615614662, "p1": 48.411489104755546, "p2": 13.264812066743708, "p3": 48.2305225634198, "p4": 11.311425603954062, "pol1": 0.01337591844193775, "pol2": -0.07016197239098187, "pol3": 0.3806073683754849, "pol4": 0.5575721676772827, "v0s": 3.4445742684102125}, "datetime": {"datetime": "2022-06-21 16:51:56", "elapsed": 624.541238, "delta": 7.938769}}
{"target": 3.4445742684102125, "params": {"Bgrad": 1.3665012243952437, "d1": -2.75063740315083, "d2": 0.7181279347673177, "d3": -2.5657210706324114, "d4": -1.141538615614662, "p1": 48.411489104755546, "p2": 13.264812066743708, "p3": 48.2305225634198, "p4": 11.311425603954062, "pol1": 0.01337591844193775, "pol2": -0.07016197239098187, "pol3": 0.3806073683754849, "pol4": 0.5575721676772827, "v0s": 3.4445742684102125}, "datetime": {"datetime": "2022-06-21 16:51:56", "elapsed": 624.542236, "delta": 7.937772}}
{"target": -1.0, "params": {"Bgrad": 1.1621563602660623, "d1": -2.5937605740242735, "d2": -0.8732334735232667, "d3": -1.886312669079548, "d4": -0.39745242452797447, "p1": 34.11315702454776, "p2": 0.17044741182680734, "p3": 16.93078653696612, "p4": 4.964799691754196, "pol1": 0.15631441780702948, "pol2": -0.15346854722423164, "pol3": 0.9472400191781745, "pol4": -0.7114301738741424, "v0s": 6.593321002360895}, "datetime": {"datetime": "2022-06-21 16:52:07", "elapsed": 635.946741, "delta": 11.405503}}
{"target": -1.0, "params": {"Bgrad": 1.1621563602660623, "d1": -2.5937605740242735, "d2": -0.8732334735232667, "d3": -1.886312669079548, "d4": -0.39745242452797447, "p1": 34.11315702454776, "p2": 0.17044741182680734, "p3": 16.93078653696612, "p4": 4.964799691754196, "pol1": 0.15631441780702948, "pol2": -0.15346854722423164, "pol3": 0.9472400191781745, "pol4": -0.7114301738741424, "v0s": 6.593321002360895}, "datetime": {"datetime": "2022-06-21 16:52:07", "elapsed": 635.947737, "delta": 11.405501}}
{"target": -1.0, "params": {"Bgrad": 1.2993637484423863, "d1": -0.3217186625584847, "d2": -2.276118027355776, "d3": -0.5233182605513811, "d4": 0.9819102654307312, "p1": 9.08842833056282, "p2": 26.160327886884332, "p3": 7.934248428968699, "p4": 5.689226791736774, "pol1": -0.31753927997100195, "pol2": -0.35385602800125127, "pol3": -0.8336313656345726, "pol4": 0.4862809213011454, "v0s": 3.315639817649034}, "datetime": {"datetime": "2022-06-21 16:52:19", "elapsed": 647.044065, "delta": 11.097324}}
{"target": -1.0, "params": {"Bgrad": 1.2993637484423863, "d1": -0.3217186625584847, "d2": -2.276118027355776, "d3": -0.5233182605513811, "d4": 0.9819102654307312, "p1": 9.08842833056282, "p2": 26.160327886884332, "p3": 7.934248428968699, "p4": 5.689226791736774, "pol1": -0.31753927997100195, "pol2": -0.35385602800125127, "pol3": -0.8336313656345726, "pol4": 0.4862809213011454, "v0s": 3.315639817649034}, "datetime": {"datetime": "2022-06-21 16:52:19", "elapsed": 647.044065, "delta": 11.096328}}
{"target": -1.0, "params": {"Bgrad": 0.5916894873092284, "d1": -0.4073771615073718, "d2": -1.2133870867811356, "d3": -1.8210541831689775, "d4": -1.0953382490299446, "p1": 25.98112053481854, "p2": 22.670385707361245, "p3": 43.12257916156111, "p4": 35.89282433660901, "pol1": -0.5515624129923729, "pol2": 0.8774195625613666, "pol3": 0.6947683575647379, "pol4": 0.36510519996289714, "v0s": 6.648644669126419}, "datetime": {"datetime": "2022-06-21 16:52:25", "elapsed": 653.2016, "delta": 6.157535}}
{"target": -1.0, "params": {"Bgrad": 0.5916894873092284, "d1": -0.4073771615073718, "d2": -1.2133870867811356, "d3": -1.8210541831689775, "d4": -1.0953382490299446, "p1": 25.98112053481854, "p2": 22.670385707361245, "p3": 43.12257916156111, "p4": 35.89282433660901, "pol1": -0.5515624129923729, "pol2": 0.8774195625613666, "pol3": 0.6947683575647379, "pol4": 0.36510519996289714, "v0s": 6.648644669126419}, "datetime": {"datetime": "2022-06-21 16:52:25", "elapsed": 653.202599, "delta": 6.158534}}
{"target": -1.0, "params": {"Bgrad": 1.3482894721679566, "d1": -2.3301929325298727, "d2": -1.9214698587257804, "d3": -1.3755467582937038, "d4": 0.0057036938042323015, "p1": 42.58072409975947, "p2": 46.698545301542296, "p3": 43.90105836682739, "p4": 46.741461247443574, "pol1": -0.054081454392097106, "pol2": -0.7438312436063645, "pol3": 0.6442725498269175, "pol4": 0.9102403531653971, "v0s": 6.794190878023771}, "datetime": {"datetime": "2022-06-21 16:52:35", "elapsed": 663.932904, "delta": 10.731304}}
{"target": -1.0, "params": {"Bgrad": 1.3482894721679566, "d1": -2.3301929325298727, "d2": -1.9214698587257804, "d3": -1.3755467582937038, "d4": 0.0057036938042323015, "p1": 42.58072409975947, "p2": 46.698545301542296, "p3": 43.90105836682739, "p4": 46.741461247443574, "pol1": -0.054081454392097106, "pol2": -0.7438312436063645, "pol3": 0.6442725498269175, "pol4": 0.9102403531653971, "v0s": 6.794190878023771}, "datetime": {"datetime": "2022-06-21 16:52:35", "elapsed": 663.932904, "delta": 10.730305}}
{"target": -1.0, "params": {"Bgrad": 0.7518505825803654, "d1": -2.084105288065256, "d2": -1.9360752054983492, "d3": -0.6808136276759749, "d4": -2.6658010587361693, "p1": 18.401050256828043, "p2": 46.8593157842988, "p3": 30.725430720873437, "p4": 15.813251061285815, "pol1": -0.025665274476394773, "pol2": 0.02215437114167651, "pol3": 0.4217619455199493, "pol4": 0.4449624087826476, "v0s": 3.770592046322114}, "datetime": {"datetime": "2022-06-21 16:52:42", "elapsed": 670.761644, "delta": 6.82874}}
{"target": -1.0, "params": {"Bgrad": 0.7518505825803654, "d1": -2.084105288065256, "d2": -1.9360752054983492, "d3": -0.6808136276759749, "d4": -2.6658010587361693, "p1": 18.401050256828043, "p2": 46.8593157842988, "p3": 30.725430720873437, "p4": 15.813251061285815, "pol1": -0.025665274476394773, "pol2": 0.02215437114167651, "pol3": 0.4217619455199493, "pol4": 0.4449624087826476, "v0s": 3.770592046322114}, "datetime": {"datetime": "2022-06-21 16:52:42", "elapsed": 670.762642, "delta": 6.829738}}
{"target": 5.810551547481607, "params": {"Bgrad": 1.410118604012951, "d1": -2.5199775899908197, "d2": 0.22773582325913377, "d3": -0.6681841482979487, "d4": -0.4729265546420556, "p1": 15.499490198498794, "p2": 20.486544283932638, "p3": 23.168825254769747, "p4": 21.018278114257004, "pol1": -0.7070729036856251, "pol2": -0.22622612784360263, "pol3": 0.8451169581057016, "pol4": 0.9480729825079086, "v0s": 5.810551547481607}, "datetime": {"datetime": "2022-06-21 16:52:51", "elapsed": 679.074417, "delta": 8.312773}}
{"target": 5.810551547481607, "params": {"Bgrad": 1.410118604012951, "d1": -2.5199775899908197, "d2": 0.22773582325913377, "d3": -0.6681841482979487, "d4": -0.4729265546420556, "p1": 15.499490198498794, "p2": 20.486544283932638, "p3": 23.168825254769747, "p4": 21.018278114257004, "pol1": -0.7070729036856251, "pol2": -0.22622612784360263, "pol3": 0.8451169581057016, "pol4": 0.9480729825079086, "v0s": 5.810551547481607}, "datetime": {"datetime": "2022-06-21 16:52:51", "elapsed": 679.075415, "delta": 8.312773}}
{"target": 4.190468849612754, "params": {"Bgrad": 1.2167086680696264, "d1": -2.4705188270284077, "d2": -0.5614340053145526, "d3": -1.9239405794731672, "d4": -0.04427996288075864, "p1": 8.10367592182158, "p2": 15.364375112657674, "p3": 45.60714388540501, "p4": 2.7128165801846515, "pol1": -0.3035172740401313, "pol2": -0.9563782991269696, "pol3": -0.5526952475063913, "pol4": -0.5597545883335244, "v0s": 4.190468849612754}, "datetime": {"datetime": "2022-06-21 16:52:56", "elapsed": 684.498911, "delta": 5.424494}}
{"target": 4.190468849612754, "params": {"Bgrad": 1.2167086680696264, "d1": -2.4705188270284077, "d2": -0.5614340053145526, "d3": -1.9239405794731672, "d4": -0.04427996288075864, "p1": 8.10367592182158, "p2": 15.364375112657674, "p3": 45.60714388540501, "p4": 2.7128165801846515, "pol1": -0.3035172740401313, "pol2": -0.9563782991269696, "pol3": -0.5526952475063913, "pol4": -0.5597545883335244, "v0s": 4.190468849612754}, "datetime": {"datetime": "2022-06-21 16:52:56", "elapsed": 684.499909, "delta": 5.424494}}
{"target": -1.0, "params": {"Bgrad": 0.721723474286559, "d1": -0.36847628073439154, "d2": -1.776102718372337, "d3": 0.8195971712133372, "d4": -1.976953665092442, "p1": 20.491097912331696, "p2": 49.67044193133097, "p3": 5.133044462898489, "p4": 36.478366095413975, "pol1": -0.4105473693100812, "pol2": 0.7162588394983069, "pol3": 0.8385173960560635, "pol4": 0.3831753230061776, "v0s": 7.639945506344097}, "datetime": {"datetime": "2022-06-21 16:53:02", "elapsed": 690.603587, "delta": 6.104676}}
{"target": -1.0, "params": {"Bgrad": 0.721723474286559, "d1": -0.36847628073439154, "d2": -1.776102718372337, "d3": 0.8195971712133372, "d4": -1.976953665092442, "p1": 20.491097912331696, "p2": 49.67044193133097, "p3": 5.133044462898489, "p4": 36.478366095413975, "pol1": -0.4105473693100812, "pol2": 0.7162588394983069, "pol3": 0.8385173960560635, "pol4": 0.3831753230061776, "v0s": 7.639945506344097}, "datetime": {"datetime": "2022-06-21 16:53:02", "elapsed": 690.604585, "delta": 6.104676}}
{"target": -1.0, "params": {"Bgrad": 1.0530646873637444, "d1": -1.5285110489622231, "d2": -2.977783612209404, "d3": 0.9723348897549737, "d4": -2.5253040653530996, "p1": 15.171072239636384, "p2": 28.42556211366668, "p3": 1.5297169434193514, "p4": 17.140038177589016, "pol1": 0.21402671786760674, "pol2": 0.3138000419172484, "pol3": -0.7635250727763465, "pol4": -0.7653656887188622, "v0s": 3.8695474357326507}, "datetime": {"datetime": "2022-06-21 16:53:16", "elapsed": 704.48447, "delta": 13.880883}}
{"target": -1.0, "params": {"Bgrad": 1.0530646873637444, "d1": -1.5285110489622231, "d2": -2.977783612209404, "d3": 0.9723348897549737, "d4": -2.5253040653530996, "p1": 15.171072239636384, "p2": 28.42556211366668, "p3": 1.5297169434193514, "p4": 17.140038177589016, "pol1": 0.21402671786760674, "pol2": 0.3138000419172484, "pol3": -0.7635250727763465, "pol4": -0.7653656887188622, "v0s": 3.8695474357326507}, "datetime": {"datetime": "2022-06-21 16:53:16", "elapsed": 704.48447, "delta": 13.879885}}
{"target": 2.5166188816629362, "params": {"Bgrad": 0.7043176307350383, "d1": 0.9316171769651902, "d2": -2.7142012446956962, "d3": -1.5803618456346964, "d4": -1.7765862156027827, "p1": 47.55228512922996, "p2": 5.631869811237056, "p3": 2.569106925557074, "p4": 7.251775366098467, "pol1": -0.07981987790893497, "pol2": 0.4989874982898421, "pol3": -0.011623026550679816, "pol4": -0.4845547060916786, "v0s": 2.5166188816629362}, "datetime": {"datetime": "2022-06-21 16:53:23", "elapsed": 711.086815, "delta": 6.602345}}
{"target": 2.5166188816629362, "params": {"Bgrad": 0.7043176307350383, "d1": 0.9316171769651902, "d2": -2.7142012446956962, "d3": -1.5803618456346964, "d4": -1.7765862156027827, "p1": 47.55228512922996, "p2": 5.631869811237056, "p3": 2.569106925557074, "p4": 7.251775366098467, "pol1": -0.07981987790893497, "pol2": 0.4989874982898421, "pol3": -0.011623026550679816, "pol4": -0.4845547060916786, "v0s": 2.5166188816629362}, "datetime": {"datetime": "2022-06-21 16:53:23", "elapsed": 711.086815, "delta": 6.602345}}
{"target": -1.0, "params": {"Bgrad": 0.5450698957317941, "d1": -1.6635913708990917, "d2": -1.0410494060310795, "d3": -0.22807107753340672, "d4": -1.3432746832191786, "p1": 40.841387562797834, "p2": 42.2809204362988, "p3": 0.3390445863946989, "p4": 34.96466896385516, "pol1": 0.8932187529604487, "pol2": -0.9868473794239785, "pol3": -0.8454242204841362, "pol4": -0.5604838142495605, "v0s": 4.392019019004739}, "datetime": {"datetime": "2022-06-21 16:53:30", "elapsed": 718.333437, "delta": 7.246622}}
{"target": -1.0, "params": {"Bgrad": 0.5450698957317941, "d1": -1.6635913708990917, "d2": -1.0410494060310795, "d3": -0.22807107753340672, "d4": -1.3432746832191786, "p1": 40.841387562797834, "p2": 42.2809204362988, "p3": 0.3390445863946989, "p4": 34.96466896385516, "pol1": 0.8932187529604487, "pol2": -0.9868473794239785, "pol3": -0.8454242204841362, "pol4": -0.5604838142495605, "v0s": 4.392019019004739}, "datetime": {"datetime": "2022-06-21 16:53:30", "elapsed": 718.334436, "delta": 7.247621}}
{"target": -1.0, "params": {"Bgrad": 1.2289530097059012, "d1": 0.9615101552655316, "d2": -1.3149460591034314, "d3": -2.9971927602726405, "d4": 0.03141707777602809, "p1": 12.673916409575876, "p2": 37.239677718423835, "p3": 41.53537411812741, "p4": 40.59680867159788, "pol1": -0.13584405451971882, "pol2": -0.2711097008142087, "pol3": 0.43542670757204927, "pol4": -0.9947482079827557, "v0s": 7.243937482767091}, "datetime": {"datetime": "2022-06-21 16:53:40", "elapsed": 728.662828, "delta": 10.329391}}
{"target": -1.0, "params": {"Bgrad": 1.2289530097059012, "d1": 0.9615101552655316, "d2": -1.3149460591034314, "d3": -2.9971927602726405, "d4": 0.03141707777602809, "p1": 12.673916409575876, "p2": 37.239677718423835, "p3": 41.53537411812741, "p4": 40.59680867159788, "pol1": -0.13584405451971882, "pol2": -0.2711097008142087, "pol3": 0.43542670757204927, "pol4": -0.9947482079827557, "v0s": 7.243937482767091}, "datetime": {"datetime": "2022-06-21 16:53:40", "elapsed": 728.662828, "delta": 10.328392}}
{"target": -1.0, "params": {"Bgrad": 0.9873144708689519, "d1": 0.9907700898857206, "d2": 0.11074525330339924, "d3": 0.19121752018712446, "d4": -2.8863467981632045, "p1": 49.46636112301666, "p2": 29.27080509243996, "p3": 31.618588985218203, "p4": 4.675617912587016, "pol1": 0.6631445704158596, "pol2": 0.8249167365902506, "pol3": 0.6230978713134006, "pol4": -0.8651816207953, "v0s": 2.4996048217713818}, "datetime": {"datetime": "2022-06-21 16:53:51", "elapsed": 739.350778, "delta": 10.68795}}
