{"target": 2.7516916771168924, "params": {"Bgrad": 1.2826718138510877, "d1": 0.15391653349406065, "d2": 0.7703937424326872, "d3": -1.0108408315333461, "d4": -0.6249845665782261, "p1": 14.54299689052353, "p2": 7.45797544600944, "p3": 6.593584536422053, "p4": 36.618038793477886, "pol1": 0.4689388706998687, "pol2": -0.6412999667267296, "pol3": -0.1728792404484163, "pol4": 0.18828865578307896, "v0s": 2.7516916771168924}, "datetime": {"datetime": "2022-05-16 20:14:21", "elapsed": 1876.623743, "delta": 4.970705}}
{"target": -1.0, "params": {"Bgrad": 1.6780534248032988, "d1": -0.5200311867190441, "d2": -0.5391132339661819, "d3": -0.19516763232547074, "d4": 0.9487323282654976, "p1": 28.11972279785891, "p2": 43.220813084917395, "p3": 20.935433752858295, "p4": 32.72346756137171, "pol1": 0.8505223757175324, "pol2": 0.3283016312881506, "pol3": -0.3938386481138676, "pol4": 0.2398913877232598, "v0s": 4.1079099221491555}, "datetime": {"datetime": "2022-05-16 20:14:32", "elapsed": 1887.892603, "delta": 11.26886}}
{"target": -1.0, "params": {"Bgrad": 0.9835500127016292, "d1": -0.5591797650145192, "d2": -2.358707072046452, "d3": -1.0530442569689868, "d4": 0.7825371399455654, "p1": 19.195712098926897, "p2": 9.448129662290572, "p3": 23.44194748210905, "p4": 42.04539157267662, "pol1": 0.6853354451900653, "pol2": 0.6556064789184444, "pol3": -0.9770489747883733, "pol4": -0.4659193801434096, "v0s": 7.999254725445574}, "datetime": {"datetime": "2022-05-16 20:14:42", "elapsed": 1898.088333, "delta": 10.19573}}
{"target": -1.0, "params": {"Bgrad": 0.6795249157887298, "d1": -1.0396420156494668, "d2": 0.16010460241074131, "d3": -2.5111443596245753, "d4": -0.3503632772350085, "p1": 24.404022276066208, "p2": 9.714499104309338, "p3": 43.93150132913602, "p4": 9.074369877886518, "pol1": 0.2781057185895506, "pol2": 0.4816537563958583, "pol3": 0.12534577318645646, "pol4": 0.2576831371943822, "v0s": 2.713792379732027}, "datetime": {"datetime": "2022-05-16 20:14:48", "elapsed": 1903.590617, "delta": 5.502284}}
{"target": -1.0, "params": {"Bgrad": 0.9620554805817969, "d1": -0.6521511710812833, "d2": -1.4181451347699543, "d3": -0.3442156742687974, "d4": 0.4078185792171931, "p1": 9.511104465609177, "p2": 45.16363504351675, "p3": 19.158792521554663, "p4": 47.15621653641273, "pol1": 0.23476462604993031, "pol2": 0.5801910422918, "pol3": 0.02955085674645197, "pol4": 0.062289388786617605, "v0s": 3.9655633925958313}, "datetime": {"datetime": "2022-05-16 20:14:58", "elapsed": 1913.427307, "delta": 9.83669}}
{"target": -1.0, "params": {"Bgrad": 0.6940470608410332, "d1": -1.4647123525583052, "d2": -2.1400940768332894, "d3": -2.8685389764723337, "d4": -1.9004526806989621, "p1": 9.028802633342847, "p2": 43.77651575190614, "p3": 4.061828121570249, "p4": 9.194779954094162, "pol1": 0.4080613910726685, "pol2": 0.8384517820405468, "pol3": -0.49708309553613184, "pol4": -0.9573977370772369, "v0s": 7.7630268365305986}, "datetime": {"datetime": "2022-05-16 20:15:05", "elapsed": 1920.411627, "delta": 6.98432}}
{"target": -1.0, "params": {"Bgrad": 1.523330960710926, "d1": -1.7573492157445765, "d2": -1.1105062311390408, "d3": -0.6029765044849462, "d4": -1.5045257117386313, "p1": 43.72438983105885, "p2": 36.30862941538137, "p3": 47.71703523121056, "p4": 17.553276142410585, "pol1": 0.8743481774435622, "pol2": -0.04179885154851193, "pol3": 0.2846452772969428, "pol4": 0.47329440950977486, "v0s": 6.85602781403408}, "datetime": {"datetime": "2022-05-16 20:15:14", "elapsed": 1930.136616, "delta": 9.724989}}
{"target": -1.0, "params": {"Bgrad": 1.0943890509240408, "d1": -1.2082160859409155, "d2": 0.26910810445100264, "d3": -0.12977118763618023, "d4": 0.7633968374985756, "p1": 48.97989357089206, "p2": 8.945666818292331, "p3": 11.395970590637761, "p4": 35.79932236395234, "pol1": 0.49476546930848686, "pol2": 0.2063591084650509, "pol3": 0.7545995284430227, "pol4": -0.496019075778523, "v0s": 4.036924365780754}, "datetime": {"datetime": "2022-05-16 20:15:24", "elapsed": 1939.948373, "delta": 9.811757}}
{"target": -1.0, "params": {"Bgrad": 1.2419702721603634, "d1": -1.7398916441257297, "d2": -0.8182436426327824, "d3": -0.2700876828082226, "d4": -2.1185323953852206, "p1": 24.26687269841903, "p2": 49.64906788187392, "p3": 16.208065159061746, "p4": 1.7680959745656977, "pol1": 0.6347034585680265, "pol2": 0.006613567199324599, "pol3": -0.894432287762859, "pol4": 0.7806100544484824, "v0s": 4.427086279882147}, "datetime": {"datetime": "2022-05-16 20:15:36", "elapsed": 1951.623148, "delta": 11.674775}}
{"target": -1.0, "params": {"Bgrad": 1.8939097732105954, "d1": -1.3916873047977538, "d2": -2.6926708609012766, "d3": -2.018795423520029, "d4": -1.5989579771711888, "p1": 37.53641461776125, "p2": 9.237407617464182, "p3": 21.54868268629372, "p4": 43.66227099079843, "pol1": 0.06752218274556632, "pol2": -0.7936905605018867, "pol3": -0.9509550258907356, "pol4": 0.41161960232209727, "v0s": 7.874764945749302}, "datetime": {"datetime": "2022-05-16 20:15:46", "elapsed": 1962.089155, "delta": 10.466007}}
{"target": -1.0, "params": {"Bgrad": 1.6777478944284603, "d1": 0.058904787381670154, "d2": -0.29820993728792056, "d3": 0.1820108411946606, "d4": -2.8399288573094252, "p1": 13.2340815858427, "p2": 34.76987679857762, "p3": 43.34941648038719, "p4": 33.73034359084121, "pol1": -0.6474477440331368, "pol2": 0.8726169198913862, "pol3": 0.8067574002217057, "pol4": -0.8266424677197872, "v0s": 3.1580002254455177}, "datetime": {"datetime": "2022-05-16 20:15:57", "elapsed": 1972.572117, "delta": 10.482962}}
{"target": 2.7237967721443788, "params": {"Bgrad": 0.91278954591579, "d1": -0.04635251758157288, "d2": 0.437493313203428, "d3": -0.6867104501937953, "d4": -2.201417717393351, "p1": 20.754494381068124, "p2": 6.892960013205357, "p3": 45.86980934292122, "p4": 38.226547020523675, "pol1": 0.020427667612155087, "pol2": -0.09284991365832407, "pol3": -0.8043158433088602, "pol4": -0.36264928739934543, "v0s": 2.7237967721443788}, "datetime": {"datetime": "2022-05-16 20:16:03", "elapsed": 1978.258907, "delta": 5.68679}}
{"target": -1.0, "params": {"Bgrad": 1.6735070950433901, "d1": -0.8204651732952217, "d2": -2.0908904743393646, "d3": -2.1031886429762547, "d4": -1.958407209936858, "p1": 15.4436376158128, "p2": 19.385256589070494, "p3": 14.877446618861862, "p4": 33.97779472665752, "pol1": -0.9298527613898422, "pol2": -0.3437793701372638, "pol3": 0.4905837457160309, "pol4": 0.8856159701505695, "v0s": 6.816395300945307}, "datetime": {"datetime": "2022-05-16 20:16:12", "elapsed": 1987.967939, "delta": 9.709032}}
{"target": -1.0, "params": {"Bgrad": 0.8612393143573309, "d1": -2.068338126464673, "d2": -2.2386528211312435, "d3": 0.5299901394344371, "d4": -2.0485772510351206, "p1": 37.90903117065637, "p2": 13.05248657023433, "p3": 1.6540921703757816, "p4": 36.67238500343829, "pol1": 0.45240361959040176, "pol2": -0.8220817780778931, "pol3": -0.34659748414079683, "pol4": 0.8967305803780452, "v0s": 2.9776939914931067}, "datetime": {"datetime": "2022-05-16 20:16:24", "elapsed": 1999.471173, "delta": 11.503234}}
{"target": -1.0, "params": {"Bgrad": 0.6300087089793651, "d1": -0.6215844475534964, "d2": 0.7239594613838878, "d3": -2.4648867690276344, "d4": -0.9479508253599289, "p1": 34.19996070584788, "p2": 8.591487980341356, "p3": 0.5629946746094738, "p4": 44.38415652398624, "pol1": -0.929537458693281, "pol2": -0.4850834323846509, "pol3": 0.30336806348133694, "pol4": -0.42843413328847557, "v0s": 2.0582455794488994}, "datetime": {"datetime": "2022-05-16 20:16:28", "elapsed": 2003.686897, "delta": 4.215724}}
{"target": 3.950182676617715, "params": {"Bgrad": 0.7547747222085828, "d1": -2.619131970237432, "d2": 0.012658245362719546, "d3": -1.9736661780210942, "d4": -0.5942219021403095, "p1": 28.523818248079852, "p2": 26.1182618694631, "p3": 4.115915513013432, "p4": 43.52511223365803, "pol1": 0.9019832372688753, "pol2": 0.5980278527168232, "pol3": -0.4021170759529091, "pol4": 0.7461862821457645, "v0s": 3.950182676617715}, "datetime": {"datetime": "2022-05-16 20:16:31", "elapsed": 2006.981086, "delta": 3.294189}}
{"target": -1.0, "params": {"Bgrad": 0.5817875918387635, "d1": -2.6278178969023425, "d2": 0.8613180901497781, "d3": 0.11821704489678586, "d4": -2.2985513174954915, "p1": 38.0689578566581, "p2": 21.120182675742623, "p3": 15.346543750032183, "p4": 16.544977866853877, "pol1": -0.20684316411915793, "pol2": 0.20519403749875975, "pol3": -0.6634228034088263, "pol4": -0.7131568737707725, "v0s": 6.268367754334505}, "datetime": {"datetime": "2022-05-16 20:16:37", "elapsed": 2013.189481, "delta": 6.208395}}
{"target": 4.3278411056066775, "params": {"Bgrad": 1.6330520436550686, "d1": -1.7019692249747593, "d2": 0.29740415443285506, "d3": -1.4302439006528707, "d4": -0.6502159338373941, "p1": 0.16793320911939033, "p2": 32.00883094226293, "p3": 17.28508963252511, "p4": 11.58413978869251, "pol1": -0.07874663358599886, "pol2": -0.20938386461476988, "pol3": 0.08347436748639736, "pol4": 0.9040667060356398, "v0s": 4.3278411056066775}, "datetime": {"datetime": "2022-05-16 20:16:44", "elapsed": 2020.087032, "delta": 6.897551}}
{"target": 3.8529832019883608, "params": {"Bgrad": 0.820694344177652, "d1": -0.1690371161374779, "d2": 1.0, "d3": -3.0, "d4": -3.0, "p1": 31.084214683749213, "p2": 11.916631409220058, "p3": 38.32928235537002, "p4": 28.243607628211794, "pol1": 0.37391931612474144, "pol2": -1.0, "pol3": -1.0, "pol4": 0.22420307790130367, "v0s": 3.8529832019883608}, "datetime": {"datetime": "2022-05-16 20:16:48", "elapsed": 2023.394188, "delta": 3.307156}}
{"target": -1.0, "params": {"Bgrad": 1.6694706431427353, "d1": -2.59110067101717, "d2": 0.019375655340442055, "d3": -1.2702889606193946, "d4": 0.6457152623420392, "p1": 32.30652666634867, "p2": 8.183543024780054, "p3": 9.507424216311527, "p4": 25.266174121239338, "pol1": -0.8189340511793899, "pol2": 0.8350607019523815, "pol3": 0.3032691819425799, "pol4": 0.5935329607173183, "v0s": 6.014933419640752}, "datetime": {"datetime": "2022-05-16 20:16:59", "elapsed": 2034.89742, "delta": 11.503232}}
{"target": 4.262575262444446, "params": {"Bgrad": 1.6737315102767216, "d1": -1.539352003731034, "d2": 0.3566770366329644, "d3": -1.1781029010833253, "d4": -0.5150750896065522, "p1": 1.0824622392112024, "p2": 31.908252732687814, "p3": 16.438216766026848, "p4": 11.78226296690139, "pol1": -0.11759474004727907, "pol2": 0.1516054925343157, "pol3": 0.37866251525713673, "pol4": 0.8241537461273992, "v0s": 4.262575262444446}, "datetime": {"datetime": "2022-05-16 20:17:06", "elapsed": 2041.95255, "delta": 7.05513}}
{"target": 4.49339944095962, "params": {"Bgrad": 1.3695837637945871, "d1": -2.4606885881926823, "d2": -0.0872055658917876, "d3": -0.6220721204788342, "d4": -1.0160555414969545, "p1": 31.650838468489845, "p2": 8.043260521610739, "p3": 7.767681745017055, "p4": 24.82778416597215, "pol1": 0.6407835826599405, "pol2": -0.5236934666936901, "pol3": 0.05873914760375617, "pol4": -0.037718719180037406, "v0s": 4.49339944095962}, "datetime": {"datetime": "2022-05-16 20:17:11", "elapsed": 2046.542275, "delta": 4.589725}}
{"target": -1.0, "params": {"Bgrad": 0.8049318721776857, "d1": 0.019610589034125412, "d2": 0.9999973645422777, "d3": -0.5873956584274403, "d4": -2.381979228266718, "p1": 19.479754657766485, "p2": 7.4084057298892745, "p3": 45.4911476843282, "p4": 37.88533243659887, "pol1": 0.22801836649931956, "pol2": 0.044771954788931534, "pol3": -0.978999031678977, "pol4": -0.30300768780343823, "v0s": 2.0}, "datetime": {"datetime": "2022-05-16 20:17:20", "elapsed": 2055.797521, "delta": 9.255246}}
{"target": 3.6462851943942916, "params": {"Bgrad": 1.991932507953177, "d1": -1.9040248242226712, "d2": 0.5439420131074874, "d3": -2.5694573099422935, "d4": -1.7966563378305505, "p1": 7.0643244064165565, "p2": 36.054516257924234, "p3": 34.21942674268968, "p4": 35.105565667782976, "pol1": -0.593058907626097, "pol2": 0.3994202159424263, "pol3": -0.5900351431448156, "pol4": -0.24146573419725184, "v0s": 3.6462851943942916}, "datetime": {"datetime": "2022-05-16 20:17:25", "elapsed": 2061.107319, "delta": 5.309798}}
{"target": 3.779656438005445, "params": {"Bgrad": 1.4323284079451974, "d1": -1.565675018915651, "d2": -0.7742394209409982, "d3": -2.667021822709924, "d4": -2.95911191423546, "p1": 6.368172061436534, "p2": 35.690509500760434, "p3": 33.81667724679562, "p4": 34.48701398229174, "pol1": 0.35934598445491717, "pol2": -0.47350933407190965, "pol3": 0.15305613230526482, "pol4": -0.8065653059691242, "v0s": 3.779656438005445}, "datetime": {"datetime": "2022-05-16 20:17:30", "elapsed": 2065.988264, "delta": 4.880945}}
{"target": 3.907004501571049, "params": {"Bgrad": 1.6285284364927723, "d1": -1.63943924806762, "d2": -0.2380091145041156, "d3": -2.2961762220774733, "d4": -2.2208532575229207, "p1": 6.213904090062252, "p2": 35.680489172014596, "p3": 34.73481001111357, "p4": 34.69555924056419, "pol1": -0.06344743437445731, "pol2": 0.06085768535116775, "pol3": -0.29683141797901286, "pol4": -0.402292329102495, "v0s": 3.907004501571049}, "datetime": {"datetime": "2022-05-16 20:17:37", "elapsed": 2072.960615, "delta": 6.972351}}
{"target": 4.46924718585437, "params": {"Bgrad": 1.2660643762246162, "d1": -1.0739276309424075, "d2": 0.7209621774363197, "d3": -0.6466815768961297, "d4": -2.4801255832108082, "p1": 40.80253267910156, "p2": 19.48492940649184, "p3": 17.461277602385135, "p4": 18.2113779318062, "pol1": 0.07497976896328908, "pol2": -0.4505572142648466, "pol3": 0.23452714631882052, "pol4": -0.19690565414567984, "v0s": 4.46924718585437}, "datetime": {"datetime": "2022-05-16 20:17:44", "elapsed": 2079.503117, "delta": 6.542502}}
{"target": 4.101586152230487, "params": {"Bgrad": 1.8696586157335335, "d1": -1.9651778451431314, "d2": 0.14518695678182542, "d3": -3.0, "d4": -2.3515428272166834, "p1": 7.009787671080766, "p2": 35.766765424735524, "p3": 34.27577164228364, "p4": 33.90926913238027, "pol1": -0.08129729498160418, "pol2": -0.2194430411052861, "pol3": -0.4735161055496074, "pol4": -0.366337275819206, "v0s": 4.101586152230487}, "datetime": {"datetime": "2022-05-16 20:17:51", "elapsed": 2086.851463, "delta": 7.348346}}
{"target": 3.51443574726366, "params": {"Bgrad": 0.9544437195486406, "d1": -0.9733805633250491, "d2": -0.5478588669024496, "d3": -2.3013264564993863, "d4": -2.9210466227655005, "p1": 6.231057342398034, "p2": 22.73335355038313, "p3": 2.050168222169962, "p4": 31.17269814582504, "pol1": -0.6623078291348928, "pol2": -0.4443090710250441, "pol3": -0.18530839923527534, "pol4": -0.6351603714522649, "v0s": 3.51443574726366}, "datetime": {"datetime": "2022-05-16 20:17:58", "elapsed": 2093.691169, "delta": 6.839706}}
{"target": 3.271714078418835, "params": {"Bgrad": 1.2100581495867493, "d1": 0.09435268024858026, "d2": -0.5091975515358345, "d3": -1.325977565499316, "d4": -2.156574109855163, "p1": 45.37914416422623, "p2": 19.249443948031345, "p3": 23.531183074303865, "p4": 13.491834749425896, "pol1": 0.7352409040075006, "pol2": -0.25253632278904503, "pol3": -0.2397262927433259, "pol4": 0.3240101595993455, "v0s": 3.271714078418835}, "datetime": {"datetime": "2022-05-16 20:18:03", "elapsed": 2098.845384, "delta": 5.154215}}
{"target": -1.0, "params": {"Bgrad": 1.5284212843323353, "d1": -1.1062334402297864, "d2": -1.3901455507073037, "d3": 0.3558871154027514, "d4": -1.5263272536087285, "p1": 3.606739165356437, "p2": 18.958015443763585, "p3": 35.19069346073144, "p4": 4.7484745095768, "pol1": -0.9259736692541012, "pol2": -0.9921065350567102, "pol3": 0.7392527468637926, "pol4": 0.9341791829969173, "v0s": 4.202464078696508}, "datetime": {"datetime": "2022-05-16 20:18:16", "elapsed": 2111.980253, "delta": 13.134869}}
{"target": 3.032753618348297, "params": {"Bgrad": 1.1103573491681606, "d1": 0.3376699754612725, "d2": 0.04092783763361202, "d3": -1.0298372686589086, "d4": -0.7898129807674125, "p1": 15.38358955625321, "p2": 6.236421177588967, "p3": 5.911086980497099, "p4": 37.119586816966745, "pol1": 0.445824690137889, "pol2": -0.7069816739969752, "pol3": -0.06237136814849256, "pol4": 0.28848089777545843, "v0s": 3.032753618348297}, "datetime": {"datetime": "2022-05-16 20:18:21", "elapsed": 2116.312666, "delta": 4.332413}}
{"target": 3.635342528013944, "params": {"Bgrad": 0.9013692310003163, "d1": -0.9747322822759001, "d2": -0.6255882364305323, "d3": -2.1893240138737418, "d4": -3.0, "p1": 5.0884136512339015, "p2": 23.184371516415883, "p3": 2.0775720651788214, "p4": 32.324248281201214, "pol1": -0.648014952430062, "pol2": -0.5667989391487754, "pol3": -0.13616180563309388, "pol4": -0.7438591871721152, "v0s": 3.635342528013944}, "datetime": {"datetime": "2022-05-16 20:18:27", "elapsed": 2122.751444, "delta": 6.438778}}
{"target": 4.200175465682412, "params": {"Bgrad": 0.6917937009643287, "d1": -2.7920293918879397, "d2": -2.5104734383783396, "d3": -3.0, "d4": -1.264815638174029, "p1": 5.044713644556151, "p2": 2.257783800812899, "p3": 38.1088606727575, "p4": 20.1484287147642, "pol1": 0.5208808780584098, "pol2": -0.1567867890123797, "pol3": 0.04436674516382106, "pol4": -0.18180403811041512, "v0s": 4.200175465682412}, "datetime": {"datetime": "2022-05-16 20:18:32", "elapsed": 2127.397019, "delta": 4.645575}}
{"target": 5.150838255797101, "params": {"Bgrad": 0.7100174806964027, "d1": -2.684215504748965, "d2": -3.0, "d3": -2.5978998103020436, "d4": -1.3325746019559024, "p1": 5.771319932451307, "p2": 1.8089568383905978, "p3": 38.32359737664801, "p4": 20.959827431108405, "pol1": 0.34354482040063483, "pol2": -0.08165442583073303, "pol3": -0.2205772995376378, "pol4": 0.0806363220069107, "v0s": 5.150838255797101}, "datetime": {"datetime": "2022-05-16 20:18:37", "elapsed": 2132.545249, "delta": 5.14823}}
{"target": 4.947655268176387, "params": {"Bgrad": 1.4285443865031193, "d1": -1.9424512833375556, "d2": 0.24919007532882062, "d3": -0.47757064200569865, "d4": -2.2992034026880215, "p1": 40.797710494423, "p2": 20.188046608194597, "p3": 18.5348957908989, "p4": 18.518460432897253, "pol1": 0.3456073475535301, "pol2": -0.640459006457254, "pol3": 0.5619695853480571, "pol4": -0.5282585843297031, "v0s": 4.947655268176387}, "datetime": {"datetime": "2022-05-16 20:18:43", "elapsed": 2138.565148, "delta": 6.019899}}
{"target": 4.5741410332594095, "params": {"Bgrad": 0.8844130877587485, "d1": -2.9326220046800664, "d2": -3.0, "d3": -2.945145087532851, "d4": -0.8748330472201024, "p1": 6.220468565544465, "p2": 2.009120164145317, "p3": 37.79086008445688, "p4": 20.530124268193095, "pol1": -0.2889408388170164, "pol2": 0.140400711537582, "pol3": -0.30361789714182036, "pol4": -0.31548620966049395, "v0s": 4.5741410332594095}, "datetime": {"datetime": "2022-05-16 20:18:48", "elapsed": 2144.170157, "delta": 5.605009}}
{"target": 3.704022490820256, "params": {"Bgrad": 1.639577158938731, "d1": -1.9419146557847824, "d2": -3.0, "d3": -2.3096128834767535, "d4": -2.2561229003747276, "p1": 25.99219085494848, "p2": 30.785765490561815, "p3": 43.60945925612245, "p4": 45.366426474124026, "pol1": -0.3522507404384987, "pol2": 0.6317546268727758, "pol3": -0.5627086375343752, "pol4": -0.33064685696810636, "v0s": 3.704022490820256}, "datetime": {"datetime": "2022-05-16 20:18:55", "elapsed": 2151.196364, "delta": 7.026207}}
{"target": 3.2576019043719513, "params": {"Bgrad": 1.2238308610358741, "d1": -0.18208415551154586, "d2": -0.5048831118833638, "d3": -1.440254438795144, "d4": -2.2164555335835217, "p1": 46.63476537539518, "p2": 19.311808502369992, "p3": 24.55138869367453, "p4": 14.470615081006827, "pol1": 0.6647845512022375, "pol2": -0.41629003305045237, "pol3": -0.2648751214511146, "pol4": 0.21874992513929398, "v0s": 3.2576019043719513}, "datetime": {"datetime": "2022-05-16 20:19:01", "elapsed": 2156.326643, "delta": 5.130279}}
{"target": 4.730874591026257, "params": {"Bgrad": 1.2253368912059242, "d1": -2.2102778889139656, "d2": -0.015727681197145356, "d3": -0.06434425503588243, "d4": -1.9545328204002925, "p1": 39.579524846205004, "p2": 22.184229403500414, "p3": 17.861633535126064, "p4": 15.902160793536234, "pol1": 0.5341350070306525, "pol2": -0.8242296371669156, "pol3": 1.0, "pol4": -0.3305753092332503, "v0s": 4.730874591026257}, "datetime": {"datetime": "2022-05-16 20:19:08", "elapsed": 2163.973191, "delta": 7.646548}}
{"target": 5.451461622747506, "params": {"Bgrad": 0.9290110543717314, "d1": -1.7424748865989708, "d2": 1.0, "d3": -0.5189073916754259, "d4": -2.0254681167292725, "p1": 46.20854763249853, "p2": 25.24149397400762, "p3": 22.29514105722209, "p4": 28.71483771432222, "pol1": -0.6914439747291021, "pol2": -0.5561357336099875, "pol3": -0.12880838404519143, "pol4": -0.4230089039436335, "v0s": 5.451461622747506}, "datetime": {"datetime": "2022-05-16 20:19:15", "elapsed": 2170.538631, "delta": 6.56544}}
{"target": 4.32652993164537, "params": {"Bgrad": 1.6002132555872945, "d1": -1.7085574811893032, "d2": -0.04749987513868409, "d3": -1.625239439398973, "d4": -0.5424719838491526, "p1": 1.132015818378098, "p2": 30.6932134698382, "p3": 17.27139614927445, "p4": 11.519701948228118, "pol1": -0.09936209811363945, "pol2": -0.3072147768425033, "pol3": 0.004963328434978539, "pol4": 0.5381988795055382, "v0s": 4.32652993164537}, "datetime": {"datetime": "2022-05-16 20:19:23", "elapsed": 2178.397611, "delta": 7.85898}}
{"target": 4.466744924704472, "params": {"Bgrad": 1.6866998611969655, "d1": -2.2678204264156343, "d2": -0.11742046657826857, "d3": -0.605747945403394, "d4": 0.13744662040140623, "p1": 0.8560457628938754, "p2": 31.42879196402101, "p3": 17.294393372523718, "p4": 11.852613219837579, "pol1": 0.03253151135705885, "pol2": 0.2037521037557921, "pol3": -0.4129367918844547, "pol4": 0.8577044824730763, "v0s": 4.466744924704472}, "datetime": {"datetime": "2022-05-16 20:19:29", "elapsed": 2184.867307, "delta": 6.469696}}
