{"target": -1.0, "params": {"Bgrad": 16.487368556981668, "d1": -1.704570825158305, "d2": -0.43583708251649395, "d3": -0.9275689878420845, "d4": -2.4283898676721685, "p1": 27.35147129172355, "p2": 11.040328908864199, "p3": 37.932862078604174, "p4": 35.94033467239541, "pol1": -1.0, "pol2": 0.10322640750598704, "pol3": -1.0, "pol4": 0.8708748880099474, "v0s": 6.02261461567503}, "datetime": {"datetime": "2022-04-11 10:08:18", "elapsed": 234426.872187, "delta": 12.185421}}
{"target": 2.5852409453590255, "params": {"Bgrad": 10.517298606304939, "d1": -1.0090650027612915, "d2": 0.004166176153215325, "d3": -2.17807672582344, "d4": -0.04573647470282927, "p1": 11.51195545717127, "p2": 28.515770869426994, "p3": 16.854169446120192, "p4": 2.10828184661791, "pol1": -0.581111239081827, "pol2": 0.09341385252541157, "pol3": -0.016261319225710735, "pol4": -0.35078050114167936, "v0s": 2.5852409453590255}, "datetime": {"datetime": "2022-04-11 10:08:32", "elapsed": 234440.959521, "delta": 14.087334}}
{"target": -1.0, "params": {"Bgrad": 5.2815436686959725, "d1": -1.0705341931093924, "d2": -0.7771690350780136, "d3": -0.1488622796914405, "d4": -0.1788822457275394, "p1": 9.341849308689381, "p2": 2.2170596500561635, "p3": 33.90125546546739, "p4": 23.52911070145482, "pol1": -0.16071645008781932, "pol2": -0.8318598466016307, "pol3": -0.3410907592078516, "pol4": -0.02187510673495452, "v0s": 3.24366616963968}, "datetime": {"datetime": "2022-04-11 10:08:42", "elapsed": 234450.763309, "delta": 9.803788}}
{"target": -1.0, "params": {"Bgrad": 13.590043967425098, "d1": -1.8299514438157818, "d2": -0.006776149429964155, "d3": -1.606461498958707, "d4": -1.5528208475032736, "p1": 26.258489068291652, "p2": 38.23517264549709, "p3": 22.732979785627574, "p4": 7.310614717792812, "pol1": -0.22791141810433002, "pol2": -0.1018013563029413, "pol3": 0.013085537748163801, "pol4": 0.6163334888916786, "v0s": 3.808862129760167}, "datetime": {"datetime": "2022-04-11 10:08:57", "elapsed": 234465.709381, "delta": 14.946072}}
{"target": 2.769816333388903, "params": {"Bgrad": 7.475321129108525, "d1": -0.8590424707445492, "d2": -0.8373874742292218, "d3": -0.5280728107716612, "d4": -2.2657528323684653, "p1": 8.288626032544977, "p2": 2.0896827373192206, "p3": 33.44258216314449, "p4": 25.266434529370667, "pol1": -0.6929651923216922, "pol2": 0.6039307315414961, "pol3": 0.48442369864219414, "pol4": 0.5563942793707488, "v0s": 2.769816333388903}, "datetime": {"datetime": "2022-04-11 10:09:10", "elapsed": 234478.24686, "delta": 12.537479}}
{"target": 2.629533300430451, "params": {"Bgrad": 5.392171961552626, "d1": -0.8372535695246048, "d2": -2.39744953199413, "d3": -2.5941559071515963, "d4": -1.431451374124161, "p1": 4.960222815439136, "p2": 6.374884024440725, "p3": 41.81677948764783, "p4": 15.215123473622777, "pol1": -0.488086552773221, "pol2": 0.11148425057617728, "pol3": -0.33551347600346193, "pol4": 0.15712331525361178, "v0s": 2.629533300430451}, "datetime": {"datetime": "2022-04-11 10:09:18", "elapsed": 234486.419527, "delta": 8.172667}}
{"target": 2.4922825708652505, "params": {"Bgrad": 13.90037299973373, "d1": -2.6382617424420234, "d2": -0.5778382300645082, "d3": -1.3554343585790085, "d4": -1.5406187566529654, "p1": 13.152451978877739, "p2": 5.963420027792471, "p3": 33.928051757210646, "p4": 28.84065361238713, "pol1": -0.9014838815714503, "pol2": 0.7224129766570548, "pol3": 0.7153979253361029, "pol4": 0.3170980068859237, "v0s": 2.4922825708652505}, "datetime": {"datetime": "2022-04-11 10:09:34", "elapsed": 234502.340958, "delta": 15.921431}}
{"target": 2.9282631014815963, "params": {"Bgrad": 6.706875328016071, "d1": -0.1979795379845899, "d2": 0.3819855472622242, "d3": -1.4899608275594676, "d4": 0.9659970832356701, "p1": 10.671627725907607, "p2": 7.986767310241877, "p3": 47.644490013882425, "p4": 21.254449463717474, "pol1": 0.672727834182874, "pol2": 0.19822130126523207, "pol3": 0.8652662562959641, "pol4": 0.10209450823305888, "v0s": 2.9282631014815963}, "datetime": {"datetime": "2022-04-11 10:09:52", "elapsed": 234520.225141, "delta": 17.884183}}
{"target": -1.0, "params": {"Bgrad": 5.349815212446156, "d1": -2.7096738758900174, "d2": -0.703503977424349, "d3": -1.4592043644523818, "d4": -1.3918555555080645, "p1": 5.788282067770812, "p2": 2.3507644089358903, "p3": 33.8853550122163, "p4": 22.29316253411966, "pol1": 0.4576280596322535, "pol2": -0.9883055589604315, "pol3": -0.6877656358578845, "pol4": -0.9714934466978076, "v0s": 3.301967181387746}, "datetime": {"datetime": "2022-04-11 10:10:05", "elapsed": 234533.746988, "delta": 13.521847}}
{"target": 2.7141218839719903, "params": {"Bgrad": 8.93188392064451, "d1": -1.3171091439672709, "d2": 0.5756984257258, "d3": -2.9262089824148863, "d4": -1.9064631274398947, "p1": 12.055095472379513, "p2": 5.271057048347433, "p3": 34.63381707128059, "p4": 27.81618349669567, "pol1": 0.905202079711571, "pol2": 0.9395203585114775, "pol3": 0.040347717607812195, "pol4": 0.4379632620739973, "v0s": 2.7141218839719903}, "datetime": {"datetime": "2022-04-11 10:10:15", "elapsed": 234543.879896, "delta": 10.132908}}
{"target": -1.0, "params": {"Bgrad": 5.455271387961069, "d1": 0.7337726827104718, "d2": -0.803065650198183, "d3": -1.582690104475935, "d4": -2.7630327572585105, "p1": 24.018023218677655, "p2": 29.950579365104378, "p3": 2.33555543169347, "p4": 38.853323984972796, "pol1": 0.5075848342375808, "pol2": -0.3997224720227559, "pol3": 0.14687177034334087, "pol4": 0.3199426478704779, "v0s": 3.4690716394576135}, "datetime": {"datetime": "2022-04-11 10:10:38", "elapsed": 234566.984123, "delta": 23.104227}}
{"target": 3.0253559483153554, "params": {"Bgrad": 6.012939147727147, "d1": -1.1140215631645671, "d2": -1.4866797262004647, "d3": -3.0, "d4": -1.4541143156125513, "p1": 25.371517158456133, "p2": 31.22333599580507, "p3": 1.0200154147504363, "p4": 32.74515690523669, "pol1": -0.7086568828865378, "pol2": 0.019590407436858838, "pol3": -0.20045348842247682, "pol4": -0.013544570592616453, "v0s": 3.0253559483153554}, "datetime": {"datetime": "2022-04-11 10:10:50", "elapsed": 234578.478391, "delta": 11.494268}}
{"target": 2.05958717330065, "params": {"Bgrad": 13.806513980608369, "d1": -2.5304577041680503, "d2": -0.6138449852882535, "d3": 0.12866305547483226, "d4": -2.6280283906687476, "p1": 10.784691805738511, "p2": 6.398444589875524, "p3": 33.66861884705416, "p4": 28.281067188947688, "pol1": -0.514789518615085, "pol2": -0.3730932818679398, "pol3": -0.4504742356867202, "pol4": 0.9372134607275617, "v0s": 2.05958717330065}, "datetime": {"datetime": "2022-04-11 10:11:01", "elapsed": 234589.736291, "delta": 11.2579}}
{"target": -1.0, "params": {"Bgrad": 7.355339863390759, "d1": -2.24392416955376, "d2": 0.20385353178571375, "d3": -1.594683668077411, "d4": -1.9094557768010874, "p1": 0.44498708106308626, "p2": 4.911691717350291, "p3": 42.92760141562169, "p4": 20.330266498695405, "pol1": 0.3805678069952081, "pol2": 0.6035524446330003, "pol3": -0.7324015710288381, "pol4": -0.6635961949780915, "v0s": 3.8273920030464996}, "datetime": {"datetime": "2022-04-11 10:11:16", "elapsed": 234604.199621, "delta": 14.46333}}
{"target": -1.0, "params": {"Bgrad": 16.519352551635574, "d1": -0.1588144744216753, "d2": -1.353828513355675, "d3": -1.3205751058883184, "d4": -1.4288318633181971, "p1": 26.938199229276126, "p2": 14.467558687873872, "p3": 38.06312150504918, "p4": 36.35339148689046, "pol1": -0.9218261752871109, "pol2": 0.5408586359726268, "pol3": 0.7755985179367557, "pol4": 0.8189650972772724, "v0s": 6.685321475344674}, "datetime": {"datetime": "2022-04-11 10:11:37", "elapsed": 234626.060173, "delta": 21.860552}}
{"target": 3.2760745734569903, "params": {"Bgrad": 8.28477999405124, "d1": -0.9766916876848142, "d2": -1.044214480015964, "d3": -1.7618356371095576, "d4": -1.5223917593632308, "p1": 22.05053378052339, "p2": 30.443488787314553, "p3": 3.180242586912968, "p4": 32.43083992215251, "pol1": -0.13038985443308482, "pol2": -0.475535750868989, "pol3": 0.6978193818044953, "pol4": -0.37432435148628085, "v0s": 3.2760745734569903}, "datetime": {"datetime": "2022-04-11 10:11:45", "elapsed": 234633.401545, "delta": 7.341372}}
{"target": -1.0, "params": {"Bgrad": 3.8400264128767825, "d1": -1.6167590825172433, "d2": 0.846526231799217, "d3": -0.289593386276251, "d4": -1.8058761364433975, "p1": 12.16597186787779, "p2": 1.7953093717103408, "p3": 32.46894734335483, "p4": 23.789850060166767, "pol1": 0.16967825130865077, "pol2": -0.46364843946036904, "pol3": -0.5120000495744697, "pol4": -0.12881594696910703, "v0s": 5.646800472001851}, "datetime": {"datetime": "2022-04-11 10:12:05", "elapsed": 234653.290368, "delta": 19.888823}}
{"target": 2.22739548995625, "params": {"Bgrad": 5.423847025773476, "d1": -1.9593092980111675, "d2": -0.8117136813917596, "d3": -0.8653146615161642, "d4": -0.718858962331836, "p1": 4.047168800071422, "p2": 3.2687589769448024, "p3": 40.3674237673217, "p4": 22.481966051107065, "pol1": -0.6316180804123819, "pol2": -0.5182645570438245, "pol3": -0.837404091906012, "pol4": 0.33619625615173954, "v0s": 2.22739548995625}, "datetime": {"datetime": "2022-04-11 10:12:12", "elapsed": 234660.237794, "delta": 6.947426}}
{"target": 3.291958040885998, "params": {"Bgrad": 8.00394954343367, "d1": -1.6961411784622196, "d2": 0.5125437610872323, "d3": -2.2692681000813577, "d4": -0.07520430929973765, "p1": 11.305112674442409, "p2": 8.598669669697273, "p3": 46.43020056579477, "p4": 23.064962676413852, "pol1": 0.17478604658486163, "pol2": 0.3400167255533184, "pol3": 0.16711198874041777, "pol4": 0.5089803289804296, "v0s": 3.291958040885998}, "datetime": {"datetime": "2022-04-11 10:12:25", "elapsed": 234673.278926, "delta": 13.041132}}
{"target": -1.0, "params": {"Bgrad": 5.017766398433451, "d1": 0.12852234880786062, "d2": -1.6966036468399222, "d3": 0.33151998988572595, "d4": -1.9449529935921883, "p1": 7.852987547203977, "p2": 5.4164055685125, "p3": 45.87809234941378, "p4": 23.34478391707504, "pol1": -0.8833284066759892, "pol2": 0.12615951741954734, "pol3": -0.04556727635903712, "pol4": 0.04797803272309453, "v0s": 3.691181025286455}, "datetime": {"datetime": "2022-04-11 10:14:04", "elapsed": 234772.565979, "delta": 99.287053}}
{"target": 2.104025200622953, "params": {"Bgrad": 6.676738142972406, "d1": -1.341560033799443, "d2": -0.2290613481293522, "d3": -2.466083175727527, "d4": -2.1646652428658135, "p1": 27.970183872951676, "p2": 30.12740977659111, "p3": 1.2000712164159155, "p4": 31.529793205370805, "pol1": 0.5465583908460527, "pol2": 0.8815746464165177, "pol3": -0.7608974108703039, "pol4": 0.6325926652128724, "v0s": 2.104025200622953}, "datetime": {"datetime": "2022-04-11 10:14:10", "elapsed": 234778.284689, "delta": 5.71871}}
{"target": 3.920974709714827, "params": {"Bgrad": 6.231230296905681, "d1": -0.6885949411752986, "d2": -1.1112362996373493, "d3": -2.6476927036674107, "d4": -2.515910591286149, "p1": 25.536653961447517, "p2": 31.848938331609176, "p3": 3.2390517967874395, "p4": 35.387043018222364, "pol1": -0.6686059584373816, "pol2": 0.7455959622088718, "pol3": 0.33906054656324913, "pol4": -1.0, "v0s": 3.920974709714827}, "datetime": {"datetime": "2022-04-11 10:14:21", "elapsed": 234789.311208, "delta": 11.026519}}
{"target": 4.652614158598336, "params": {"Bgrad": 8.119885219859496, "d1": -1.8438254760045591, "d2": -1.0128963687597152, "d3": -1.104402503913303, "d4": -1.6049489024788737, "p1": 12.693590067648175, "p2": 8.456791144416066, "p3": 46.38415958905572, "p4": 23.698392535648605, "pol1": 0.302031083520518, "pol2": 0.9376972870158311, "pol3": 0.1163000093386064, "pol4": 0.10049117507903449, "v0s": 4.652614158598336}, "datetime": {"datetime": "2022-04-11 10:14:37", "elapsed": 234805.908831, "delta": 16.597623}}
{"target": 4.583325247077729, "params": {"Bgrad": 7.2803652550599836, "d1": -2.0713939653938085, "d2": 0.034693246534908816, "d3": -0.5687151896093049, "d4": -1.4371509049693645, "p1": 9.095468022435474, "p2": 1.1466976919237057, "p3": 33.37314698440531, "p4": 25.638858488060688, "pol1": -0.10458417894528393, "pol2": 0.3568035209359041, "pol3": -0.45895144757835465, "pol4": 0.3869019299130728, "v0s": 4.583325247077729}, "datetime": {"datetime": "2022-04-11 10:14:52", "elapsed": 234821.051346, "delta": 15.142515}}
{"target": 3.7014932401135834, "params": {"Bgrad": 4.748305323300394, "d1": -0.5800335687053413, "d2": -1.869852950120218, "d3": -2.559592067567301, "d4": -1.5129071902299067, "p1": 6.022070700824756, "p2": 3.0150144705188566, "p3": 41.72271086128184, "p4": 16.76327607020165, "pol1": -0.27861628819076945, "pol2": 0.8973156386882966, "pol3": -0.5083188946329975, "pol4": -0.8544374065039357, "v0s": 3.7014932401135834}, "datetime": {"datetime": "2022-04-11 10:15:05", "elapsed": 234833.836163, "delta": 12.784817}}
{"target": 2.1689169163094553, "params": {"Bgrad": 4.507957488137893, "d1": -2.163477160715284, "d2": 0.05784959625705044, "d3": -2.180527472589673, "d4": -0.26772484550377706, "p1": 1.7361728910306184, "p2": 4.390494381954335, "p3": 46.48211639315954, "p4": 22.48003952089144, "pol1": -0.6872091136988772, "pol2": 0.8647609688804332, "pol3": -0.8152056763296203, "pol4": 0.6017317646658047, "v0s": 2.1689169163094553}, "datetime": {"datetime": "2022-04-11 10:15:17", "elapsed": 234845.208756, "delta": 11.372593}}
{"target": -1.0, "params": {"Bgrad": 6.8203698529135375, "d1": -2.4615221908081524, "d2": -0.8406910756757635, "d3": 0.8062813380647404, "d4": -1.4228062610616004, "p1": 4.888184561790304, "p2": 1.3220150236739003, "p3": 31.87187286555503, "p4": 24.645206530586535, "pol1": -0.08203507582187708, "pol2": 0.6990852803505232, "pol3": 0.6607718953081685, "pol4": 0.6799516882914469, "v0s": 6.060639069459704}, "datetime": {"datetime": "2022-04-11 10:15:39", "elapsed": 234867.705607, "delta": 22.496851}}
{"target": 2.9855587203665483, "params": {"Bgrad": 15.000073580291737, "d1": -2.082009970093374, "d2": 1.0, "d3": -2.3706689600027753, "d4": -0.5716655368767163, "p1": 27.151408099149954, "p2": 38.72388441007334, "p3": 23.582145603361596, "p4": 8.637386503002489, "pol1": -0.5991889030792347, "pol2": 0.6377848415550981, "pol3": 0.10852034976546536, "pol4": 0.4553760040144366, "v0s": 2.9855587203665483}, "datetime": {"datetime": "2022-04-11 10:15:54", "elapsed": 234882.413284, "delta": 14.707677}}
{"target": 5.336466021006787, "params": {"Bgrad": 8.041411279793579, "d1": -2.406522525904364, "d2": 0.4051159834153779, "d3": -2.725734604348949, "d4": -2.2668108511048644, "p1": 10.856644254826925, "p2": 6.117966017472942, "p3": 37.92825081976615, "p4": 28.447388791317096, "pol1": -0.09210973309810956, "pol2": 1.0, "pol3": -0.16410656701139487, "pol4": 0.04141823519062516, "v0s": 5.336466021006787}, "datetime": {"datetime": "2022-04-11 10:16:06", "elapsed": 234894.370314, "delta": 11.95703}}
{"target": -1.0, "params": {"Bgrad": 14.328173370842658, "d1": -1.23250271988658, "d2": -0.09982614507109222, "d3": -2.5538913738116245, "d4": -1.3647442547195996, "p1": 27.057626179596884, "p2": 9.393117822977992, "p3": 37.18419155362509, "p4": 36.80405845019488, "pol1": 0.32669091333142886, "pol2": 0.9472677675055008, "pol3": 0.6654992154352182, "pol4": -0.5738448591924519, "v0s": 3.804520367971163}, "datetime": {"datetime": "2022-04-11 10:16:17", "elapsed": 234905.540449, "delta": 11.170135}}
{"target": 2.3377390654255286, "params": {"Bgrad": 5.873066025627657, "d1": -2.407430221199175, "d2": -2.3717889506227716, "d3": 0.7697783060944334, "d4": -0.775811322549425, "p1": 9.22597114178637, "p2": 10.00330206904289, "p3": 44.870054347619565, "p4": 22.812371431801896, "pol1": -0.43450029977209703, "pol2": 0.8280717069178138, "pol3": -0.1781849884643294, "pol4": 0.0400733970929239, "v0s": 2.3377390654255286}, "datetime": {"datetime": "2022-04-11 10:16:32", "elapsed": 234920.380771, "delta": 14.840322}}
{"target": -1.0, "params": {"Bgrad": 4.268071588747632, "d1": -2.373315414238323, "d2": -2.8852454310406714, "d3": -0.7845586732695047, "d4": -1.8340286062324433, "p1": 1.5052813165037149, "p2": 3.947503303204397, "p3": 40.85812432329599, "p4": 20.0506064915807, "pol1": -0.5237543710255048, "pol2": 0.4925082169746078, "pol3": -0.36404491635475567, "pol4": -0.3807790205079773, "v0s": 5.402360821508035}, "datetime": {"datetime": "2022-04-11 10:16:41", "elapsed": 234930.178574, "delta": 9.797803}}
{"target": 3.6496046547089467, "params": {"Bgrad": 3.5846737617663016, "d1": -2.406965745371078, "d2": -2.8326850296065356, "d3": -2.4397516934445607, "d4": -2.5977218332732317, "p1": 11.222001677029287, "p2": 4.872148749165028, "p3": 42.03496637594861, "p4": 30.258312667509674, "pol1": 0.18567234424145274, "pol2": 0.09098396371937478, "pol3": 0.6832231275258565, "pol4": -0.7271607824287114, "v0s": 3.6496046547089467}, "datetime": {"datetime": "2022-04-11 10:16:51", "elapsed": 234939.623322, "delta": 9.444748}}
{"target": -1.0, "params": {"Bgrad": 3.359600650847661, "d1": -2.821128723512797, "d2": 0.05441221967819532, "d3": -1.785075420597424, "d4": -1.1236644571000318, "p1": 9.299118084162261, "p2": 6.456194907373336, "p3": 45.46529895076717, "p4": 24.194895945565893, "pol1": -0.8536500073220452, "pol2": 0.6371979684206481, "pol3": 0.5426012094065193, "pol4": -0.7052525117971653, "v0s": 2.369799605722402}, "datetime": {"datetime": "2022-04-11 10:16:59", "elapsed": 234947.99494, "delta": 8.371618}}
{"target": -1.0, "params": {"Bgrad": 9.35267220620073, "d1": -2.1329244614864966, "d2": -1.4546816157132838, "d3": -2.477756187790091, "d4": -1.6852599138271422, "p1": 4.642063955412123, "p2": 8.627813370416604, "p3": 35.638062271985824, "p4": 21.647914569248634, "pol1": 0.2668401666517062, "pol2": 0.8079065868654987, "pol3": 0.9927398069860844, "pol4": -0.8836657333657476, "v0s": 3.794450369684295}, "datetime": {"datetime": "2022-04-11 10:17:11", "elapsed": 234959.204967, "delta": 11.210027}}
{"target": 5.165284429107801, "params": {"Bgrad": 15.422581354716193, "d1": -2.8340721437622536, "d2": -0.5535238666622948, "d3": -0.3914896887097902, "d4": -2.6608420208258865, "p1": 27.560415477519115, "p2": 11.869004881562766, "p3": 37.37904761742042, "p4": 35.84722577232097, "pol1": -0.7945773526337986, "pol2": 1.0, "pol3": -0.6988976265576236, "pol4": 0.5604080043597115, "v0s": 5.165284429107801}, "datetime": {"datetime": "2022-04-11 10:17:29", "elapsed": 234977.633695, "delta": 18.428728}}
{"target": -1.0, "params": {"Bgrad": 10.66763179378471, "d1": -1.4203225344113215, "d2": -1.609804701127711, "d3": -0.9017274731506641, "d4": -0.8440103028374617, "p1": 8.31907776495872, "p2": 1.828305677356007, "p3": 33.314505221018244, "p4": 23.65811265386877, "pol1": 0.7024393088666807, "pol2": -0.7609041200524675, "pol3": -0.2810207979813315, "pol4": -0.1887054578746743, "v0s": 2.5173742297096653}, "datetime": {"datetime": "2022-04-11 10:17:43", "elapsed": 234991.297163, "delta": 13.663468}}
{"target": -1.0, "params": {"Bgrad": 5.811634397059198, "d1": -0.15975133835187805, "d2": -0.8800980618152825, "d3": -2.130341559504132, "d4": -0.01428265020448194, "p1": 15.349239835683438, "p2": 6.686291106083647, "p3": 43.86854644983169, "p4": 29.74377411859211, "pol1": -0.7571296036985613, "pol2": 0.3794670095507806, "pol3": -0.9898162015132019, "pol4": -0.825317392418895, "v0s": 4.449388846258201}, "datetime": {"datetime": "2022-04-11 10:18:07", "elapsed": 235016.02106, "delta": 24.723897}}
{"target": 3.052564687495022, "params": {"Bgrad": 7.770612447984562, "d1": -1.722393690970691, "d2": -1.187163472370429, "d3": -2.4753841858486645, "d4": -1.373575842449337, "p1": 23.317033300335833, "p2": 29.964324115783242, "p3": 1.4826168695103938, "p4": 31.912339085927567, "pol1": -0.8238927725075464, "pol2": -0.22686681025259742, "pol3": 0.44588156455265926, "pol4": 0.13864426921789738, "v0s": 3.052564687495022}, "datetime": {"datetime": "2022-04-11 10:18:19", "elapsed": 235028.080816, "delta": 12.059756}}
{"target": 3.434571185857969, "params": {"Bgrad": 5.289295434686685, "d1": -2.4285511248021927, "d2": -0.07434857943534535, "d3": -2.482530729532272, "d4": -1.1393465757511179, "p1": 7.2035426752641065, "p2": 6.629915095467436, "p3": 43.78629131821045, "p4": 22.841392271928274, "pol1": -0.19992355679837118, "pol2": 0.011343406378726772, "pol3": 0.23734219458521977, "pol4": -0.2206891803762312, "v0s": 3.434571185857969}, "datetime": {"datetime": "2022-04-11 10:18:29", "elapsed": 235037.933473, "delta": 9.852657}}
{"target": 2.4605684224889535, "params": {"Bgrad": 8.694486641915402, "d1": -2.66673087223375, "d2": -1.5835784844078664, "d3": -2.2624135596502213, "d4": -2.929987882174252, "p1": 1.5351016569164488, "p2": 6.474512153815043, "p3": 32.94674844621811, "p4": 27.605967534798175, "pol1": -0.9478405173536644, "pol2": 0.2591484606214476, "pol3": 0.6023910364733192, "pol4": -0.4805678957010444, "v0s": 2.4605684224889535}, "datetime": {"datetime": "2022-04-11 10:18:40", "elapsed": 235048.990909, "delta": 11.057436}}
{"target": 2.827978101971709, "params": {"Bgrad": 3.828648609099757, "d1": -1.488304332315031, "d2": -2.1994325419236236, "d3": -2.4692082810099127, "d4": -0.11208688031772773, "p1": 8.926583763598316, "p2": 5.785636618085643, "p3": 44.34197686674402, "p4": 31.01241890834493, "pol1": -0.2323651329502474, "pol2": 0.3152377335728884, "pol3": -0.1505578271318797, "pol4": 0.8696253556534608, "v0s": 2.827978101971709}, "datetime": {"datetime": "2022-04-11 10:18:51", "elapsed": 235060.167028, "delta": 11.176119}}
{"target": -1.0, "params": {"Bgrad": 4.37741415672652, "d1": -0.1844311476845215, "d2": -0.7191827934138093, "d3": -1.9520670840497876, "d4": -2.5756125971888792, "p1": 12.37632989653873, "p2": 11.100243460396337, "p3": 36.72454359659169, "p4": 24.7419048600321, "pol1": 0.4746279607400983, "pol2": -0.21887956613909876, "pol3": 0.23941675620913583, "pol4": 0.08158457204152447, "v0s": 3.537554261602149}, "datetime": {"datetime": "2022-04-11 10:19:10", "elapsed": 235078.545889, "delta": 18.378861}}
