{"target": 3.1975362542758208, "params": {"Bgrad": 1.780017081542202, "d1": -2.0816214856886637, "d2": -2.7834911803309144, "d3": -2.2129881318606497, "d4": -2.026702485991319, "p1": 7.542694041420112, "p2": 7.3571243228624965, "p3": 34.78872682561395, "p4": 30.154369320487532, "pol1": -0.10195218604334144, "pol2": -0.06165292626873242, "pol3": 0.53055110542569, "pol4": 0.7903034305382997, "v0s": 3.1975362542758208}, "datetime": {"datetime": "2022-06-24 05:14:57", "elapsed": 3616.400787, "delta": 5.235605}}
{"target": 2.7205878266995125, "params": {"Bgrad": 1.6460007207461733, "d1": 0.37366698515578767, "d2": -1.263300005766316, "d3": -2.767562372658631, "d4": -2.7367158232337814, "p1": 6.883861079935061, "p2": 8.098960481563328, "p3": 34.76796840405697, "p4": 30.62135506977529, "pol1": 0.48908524919684915, "pol2": 0.945195325151724, "pol3": -0.34234105538895165, "pol4": 0.9347628668280872, "v0s": 2.7205878266995125}, "datetime": {"datetime": "2022-06-24 05:15:04", "elapsed": 3623.244597, "delta": 6.84381}}
{"target": -1.0, "params": {"Bgrad": 0.7518545626968819, "d1": 0.8476668317116962, "d2": 0.39478425950580087, "d3": -1.495435127719051, "d4": -2.3268198539211697, "p1": 3.0169641234321087, "p2": 9.848613865559376, "p3": 36.78387944729486, "p4": 24.59112611024879, "pol1": 0.4175880949158721, "pol2": -0.1660861261798634, "pol3": -0.0826917628345134, "pol4": -0.0534246224660222, "v0s": 2.9028392271874113}, "datetime": {"datetime": "2022-06-24 05:15:18", "elapsed": 3637.187575, "delta": 13.942978}}
{"target": 4.245243228820308, "params": {"Bgrad": 0.6707202691848083, "d1": -2.8634463730872977, "d2": -2.9664479690798653, "d3": -2.890222840283475, "d4": -1.106221199476169, "p1": 6.433463671094196, "p2": 1.345280317233847, "p3": 37.68016977456225, "p4": 19.97802856778068, "pol1": 0.5483042794331182, "pol2": -0.1310850821342817, "pol3": -0.13917988163323147, "pol4": -0.12171819866837501, "v0s": 4.245243228820308}, "datetime": {"datetime": "2022-06-24 05:15:22", "elapsed": 3641.154551, "delta": 3.966976}}
{"target": -1.0, "params": {"Bgrad": 0.8226792385437425, "d1": -1.892140913186946, "d2": -2.291890948473178, "d3": 0.0344421692769874, "d4": 0.829997138148082, "p1": 1.208255354501564, "p2": 11.775529746597885, "p3": 33.953630504781046, "p4": 28.148847491280797, "pol1": 0.9386919535737579, "pol2": 0.21055715032251343, "pol3": 0.7917891039742488, "pol4": -0.25706776374512796, "v0s": 2.876036447842249}, "datetime": {"datetime": "2022-06-24 05:15:33", "elapsed": 3652.468485, "delta": 11.313934}}
{"target": -1.0, "params": {"Bgrad": 1.1303972787332142, "d1": -1.4798443440508464, "d2": -0.5232955928887266, "d3": -0.16045715066352706, "d4": 0.23668395153688637, "p1": 5.610510562807286, "p2": 6.682032357950273, "p3": 36.11536900462417, "p4": 27.057989186263782, "pol1": 0.36682030719933656, "pol2": -0.352519175424185, "pol3": 0.6868859325517642, "pol4": 0.8178988685870272, "v0s": 4.8027541520646615}, "datetime": {"datetime": "2022-06-24 05:15:43", "elapsed": 3662.817513, "delta": 10.349028}}
{"target": -1.0, "params": {"Bgrad": 1.6504536415332933, "d1": -1.9029247224146606, "d2": -1.595290923911223, "d3": -1.6880689074706408, "d4": -0.7939258808595215, "p1": 29.18065166702978, "p2": 27.604032817850506, "p3": 3.1756190702365625, "p4": 44.44473434076499, "pol1": 0.37701448400495896, "pol2": 0.98854546659495, "pol3": -0.6204088945976931, "pol4": 0.32818213544440256, "v0s": 3.435913596076184}, "datetime": {"datetime": "2022-06-24 05:15:57", "elapsed": 3676.514258, "delta": 13.696745}}
{"target": 3.337982215695955, "params": {"Bgrad": 1.5982756399632718, "d1": -1.4632792610506877, "d2": 0.1893530324322324, "d3": -1.250283829836798, "d4": -1.3956204140432904, "p1": 43.87510401213523, "p2": 21.378781880132106, "p3": 25.388075999461662, "p4": 14.134179568613867, "pol1": 0.0016198808820648955, "pol2": -0.2199253910354434, "pol3": -0.29833878797792124, "pol4": -0.1606475144130884, "v0s": 3.337982215695955}, "datetime": {"datetime": "2022-06-24 05:16:02", "elapsed": 3681.966317, "delta": 5.452059}}
{"target": -1.0, "params": {"Bgrad": 1.3789019019985003, "d1": 0.09845079128165102, "d2": -1.459615514414629, "d3": -1.1550865008212128, "d4": -2.1082601226631823, "p1": 8.128981069499218, "p2": 6.182486356560396, "p3": 34.96898010870931, "p4": 29.02903268303841, "pol1": 0.9101808742811983, "pol2": 0.7038173869767959, "pol3": 0.9566158364908415, "pol4": -0.15820669144349542, "v0s": 3.066329828947225}, "datetime": {"datetime": "2022-06-24 05:16:11", "elapsed": 3690.848767, "delta": 8.88245}}
{"target": -1.0, "params": {"Bgrad": 1.5202174149031498, "d1": -1.0506416204108002, "d2": -1.54552493397961, "d3": -1.9799311371031587, "d4": -1.2625226759977046, "p1": 30.427400734619464, "p2": 11.797811925678575, "p3": 36.5190426212742, "p4": 27.838186084913442, "pol1": 0.0994866978225013, "pol2": 0.012330602627745213, "pol3": -0.4514115058153425, "pol4": -0.34029760709378265, "v0s": 3.7284671555081053}, "datetime": {"datetime": "2022-06-24 05:16:26", "elapsed": 3705.318852, "delta": 14.470085}}
{"target": 4.657782035935647, "params": {"Bgrad": 1.1208695207889354, "d1": -2.483275705706005, "d2": -0.5353945117692873, "d3": -0.4039141667327409, "d4": -0.3971525464984657, "p1": 32.80950899737289, "p2": 8.580080189626052, "p3": 7.705932451172031, "p4": 25.86119387313482, "pol1": 0.4849339592402362, "pol2": -0.2861660545490668, "pol3": 0.23868855625110819, "pol4": -0.39272293677655384, "v0s": 4.657782035935647}, "datetime": {"datetime": "2022-06-24 05:16:32", "elapsed": 3711.603174, "delta": 6.284322}}
{"target": 3.5887955220708774, "params": {"Bgrad": 1.6659289769919061, "d1": -1.7439747002451318, "d2": -2.8325081728102193, "d3": -2.53002658497627, "d4": -2.994098826572285, "p1": 11.025897842720244, "p2": 3.3938708142637886, "p3": 35.40690932203934, "p4": 22.913422962989564, "pol1": 0.319387272869889, "pol2": 0.12340748778027866, "pol3": -0.4317801580886509, "pol4": 0.08392103273668106, "v0s": 3.5887955220708774}, "datetime": {"datetime": "2022-06-24 05:16:38", "elapsed": 3717.44916, "delta": 5.845986}}
{"target": -1.0, "params": {"Bgrad": 0.6758351586494792, "d1": -1.7900258831337068, "d2": -1.3692705559677056, "d3": -0.9701664373603741, "d4": -0.2113754314847043, "p1": 25.229739314155882, "p2": 4.428414923788354, "p3": 38.423838319710995, "p4": 26.094437151099143, "pol1": 0.676426234007003, "pol2": 0.021543360102520913, "pol3": -0.1784531105179739, "pol4": 1.0, "v0s": 2.7782976012108445}, "datetime": {"datetime": "2022-06-24 05:16:43", "elapsed": 3722.949562, "delta": 5.500402}}
{"target": 3.2778789702169817, "params": {"Bgrad": 0.7922856530782155, "d1": -0.049138188248132764, "d2": 0.8700927762465698, "d3": -1.7938254309998625, "d4": -2.8325855580948875, "p1": 4.794839711921616, "p2": 10.828665588106368, "p3": 40.14919527930335, "p4": 28.73896429588447, "pol1": 0.6922975573061185, "pol2": -0.3251959460606857, "pol3": -0.3831780407104264, "pol4": -0.6715064230473642, "v0s": 3.2778789702169817}, "datetime": {"datetime": "2022-06-24 05:16:48", "elapsed": 3727.460612, "delta": 4.51105}}
{"target": 2.4724743845993222, "params": {"Bgrad": 1.3059736216710454, "d1": -0.9054685182173658, "d2": -0.8727402267824762, "d3": -0.9077729683947098, "d4": 0.04214349860667932, "p1": 43.54709976533858, "p2": 23.117449103673643, "p3": 28.01425298086826, "p4": 15.485251686955987, "pol1": -0.773661068101287, "pol2": -0.6942361091416656, "pol3": -0.20553776340600804, "pol4": 0.13106324443592876, "v0s": 2.4724743845993222}, "datetime": {"datetime": "2022-06-24 05:16:53", "elapsed": 3732.707188, "delta": 5.246576}}
{"target": 4.042246524554869, "params": {"Bgrad": 0.717301333801817, "d1": -2.8693419758372416, "d2": -0.7405691821492413, "d3": 0.8663412042040894, "d4": -1.1492141027701268, "p1": 34.480995094789144, "p2": 9.076941700359603, "p3": 8.040071154155942, "p4": 27.064671685946262, "pol1": 0.6922263887807845, "pol2": -0.6237284540329748, "pol3": -0.71954360190372, "pol4": -0.08822569847366268, "v0s": 4.042246524554869}, "datetime": {"datetime": "2022-06-24 05:16:57", "elapsed": 3736.735475, "delta": 4.028287}}
{"target": 4.683782446989715, "params": {"Bgrad": 1.250899381391824, "d1": -0.8310289770411661, "d2": 0.553403605339938, "d3": -2.735472974819112, "d4": -1.7910870297756563, "p1": 7.797576196725863, "p2": 8.083280828125295, "p3": 37.81202108742446, "p4": 29.959246785921973, "pol1": 0.6306670630196343, "pol2": -0.6242250679252836, "pol3": 0.41896697697995644, "pol4": -0.6261628297788355, "v0s": 4.683782446989715}, "datetime": {"datetime": "2022-06-24 05:17:03", "elapsed": 3742.60091, "delta": 5.865435}}
{"target": -1.0, "params": {"Bgrad": 0.7214046641378679, "d1": 0.5154561074887662, "d2": -0.6710429255223898, "d3": 0.06578583120585879, "d4": 0.010357566028777576, "p1": 3.4938272652863587, "p2": 11.877983076126519, "p3": 34.36472053826689, "p4": 30.293524266596112, "pol1": 0.7897506873542197, "pol2": -0.4507463068019919, "pol3": -0.2836763570013776, "pol4": -0.7173238982535728, "v0s": 4.783513239385487}, "datetime": {"datetime": "2022-06-24 05:17:09", "elapsed": 3749.076705, "delta": 6.475795}}
{"target": 4.7111189540835205, "params": {"Bgrad": 0.7572065402688828, "d1": -0.8535332912493776, "d2": 1.0, "d3": -2.650281586573066, "d4": -2.3515852247413207, "p1": 31.64037098401006, "p2": 11.082679125496213, "p3": 38.46510526635957, "p4": 28.963773484598857, "pol1": 0.10416961303756805, "pol2": -0.9309691467955301, "pol3": -0.7922398252315119, "pol4": 0.3451848804773059, "v0s": 4.7111189540835205}, "datetime": {"datetime": "2022-06-24 05:17:15", "elapsed": 3754.123303, "delta": 5.046598}}
{"target": -1.0, "params": {"Bgrad": 0.6652991797069283, "d1": 0.42219211880578955, "d2": -1.1391414844032988, "d3": -2.685963841270605, "d4": -0.7090953938893758, "p1": 10.580679066998227, "p2": 5.214530490332159, "p3": 31.545871479329346, "p4": 17.736327820974623, "pol1": 0.01074846669880336, "pol2": -0.32562392795628226, "pol3": -0.7689445849024523, "pol4": -0.5493217048385348, "v0s": 4.549693239892512}, "datetime": {"datetime": "2022-06-24 05:17:22", "elapsed": 3761.549572, "delta": 7.426269}}
{"target": 3.934499971311467, "params": {"Bgrad": 1.0038632471343252, "d1": -1.732358271802471, "d2": 0.7730996860357993, "d3": -1.1385185462830039, "d4": -1.1825442385818201, "p1": 3.875678580308323, "p2": 10.795279504265492, "p3": 35.364471751555634, "p4": 28.67560509348944, "pol1": 0.7320032989764574, "pol2": -0.5559354536744164, "pol3": -0.5136353007647755, "pol4": 0.2759612332000411, "v0s": 3.934499971311467}, "datetime": {"datetime": "2022-06-24 05:17:28", "elapsed": 3767.918166, "delta": 6.368594}}
{"target": -1.0, "params": {"Bgrad": 0.7507293543683548, "d1": -2.4129384971463614, "d2": 0.4708120575421715, "d3": -2.7283184155248947, "d4": -1.5121823066783469, "p1": 2.071193851297876, "p2": 14.010875334054196, "p3": 33.271534281488016, "p4": 28.78615639792007, "pol1": 0.13489515554124853, "pol2": -0.18946153881594507, "pol3": -0.3540497859486147, "pol4": 0.006929892259624371, "v0s": 2.6883065552881757}, "datetime": {"datetime": "2022-06-24 05:17:35", "elapsed": 3774.86672, "delta": 6.948554}}
{"target": 2.8278343654075577, "params": {"Bgrad": 1.78313033054472, "d1": -2.9617068564173956, "d2": -2.167064230558233, "d3": -1.7784927304414682, "d4": -1.6809614394766048, "p1": 9.259590597854988, "p2": 7.3596482574956825, "p3": 35.569112903352575, "p4": 29.438554203005086, "pol1": -0.24352813567040665, "pol2": -0.40767704670373606, "pol3": 0.6330857455472416, "pol4": 0.11103747496589467, "v0s": 2.8278343654075577}, "datetime": {"datetime": "2022-06-24 05:17:40", "elapsed": 3779.750258, "delta": 4.883538}}
{"target": -1.0, "params": {"Bgrad": 1.0416600590052716, "d1": -0.12682192021511307, "d2": 0.5203697384901034, "d3": -0.6473870069470142, "d4": -2.433033354523919, "p1": 4.740690471917142, "p2": 12.195609168716887, "p3": 41.13423876596375, "p4": 28.00642420662966, "pol1": -0.2262669457158648, "pol2": 0.4750401769451671, "pol3": 0.266511938826951, "pol4": -0.437662783021022, "v0s": 5.331141785902535}, "datetime": {"datetime": "2022-06-24 05:17:49", "elapsed": 3788.906945, "delta": 9.156687}}
{"target": -1.0, "params": {"Bgrad": 1.5211051208888473, "d1": -2.0037918300600883, "d2": 0.2230479012048865, "d3": -0.12343623421278016, "d4": 0.36051927655499894, "p1": 36.0086824660127, "p2": 10.134560757227579, "p3": 8.571357840354915, "p4": 26.463464490701156, "pol1": 0.2353064311193398, "pol2": -0.9021896403777905, "pol3": -0.8388928177267159, "pol4": 0.06759390385053887, "v0s": 4.230853725269054}, "datetime": {"datetime": "2022-06-24 05:18:02", "elapsed": 3801.227211, "delta": 12.320266}}
{"target": -1.0, "params": {"Bgrad": 0.6197606467558407, "d1": -1.9751382456980697, "d2": 0.48057188342557033, "d3": -0.8037592245244571, "d4": -2.0739935169951007, "p1": 27.12180950394096, "p2": 25.82351278500759, "p3": 2.8550363471117333, "p4": 45.15043696314187, "pol1": 0.6889036983336743, "pol2": 0.18944917074196388, "pol3": -0.3231146064945476, "pol4": -0.35654946258859743, "v0s": 2.2642322781158795}, "datetime": {"datetime": "2022-06-24 05:18:06", "elapsed": 3805.634988, "delta": 4.407777}}
{"target": 3.6018822618615474, "params": {"Bgrad": 1.0041187077641418, "d1": -1.9998428981213596, "d2": -0.3291176263268714, "d3": -1.2122546013132005, "d4": -1.0824100326594355, "p1": 3.6084170003447427, "p2": 11.610939287359358, "p3": 34.88236817870639, "p4": 29.525557455709173, "pol1": 0.2583597937563554, "pol2": -0.12269948767013325, "pol3": -0.28490915503894654, "pol4": 0.15030947309540182, "v0s": 3.6018822618615474}, "datetime": {"datetime": "2022-06-24 05:18:11", "elapsed": 3810.919456, "delta": 5.284468}}
{"target": -1.0, "params": {"Bgrad": 1.318581652079869, "d1": -0.14118363934191303, "d2": 0.3881696185905703, "d3": 0.7342080136540683, "d4": 0.31527750603221794, "p1": 4.2663560555449065, "p2": 11.775480059031413, "p3": 37.111251270151676, "p4": 25.241968959219584, "pol1": 0.740573134965238, "pol2": -0.7751630448789539, "pol3": -0.7492719570817952, "pol4": 0.29743713140113237, "v0s": 4.06687162210972}, "datetime": {"datetime": "2022-06-24 05:18:21", "elapsed": 3821.016143, "delta": 10.096687}}
{"target": -1.0, "params": {"Bgrad": 0.5208390332484668, "d1": -1.9854499690707383, "d2": 0.6252108725568157, "d3": -2.600042013506623, "d4": 0.660078051917091, "p1": 2.818327717313757, "p2": 10.113651808824537, "p3": 34.15662525999005, "p4": 28.43855768110623, "pol1": 0.267914978773073, "pol2": 0.9480407330856737, "pol3": -0.2609584854703797, "pol4": 0.8513331085597289, "v0s": 4.266965694577908}, "datetime": {"datetime": "2022-06-24 05:18:31", "elapsed": 3830.766269, "delta": 9.750126}}
{"target": 2.6575272015640925, "params": {"Bgrad": 1.289419436933637, "d1": -1.0392153102256811, "d2": -2.5956433420640295, "d3": -0.31950138429092423, "d4": -1.423901103975056, "p1": 4.35670959986843, "p2": 13.504821826030506, "p3": 36.44189962101419, "p4": 30.354208346044224, "pol1": -0.6397104271268617, "pol2": 0.4707328992134385, "pol3": 0.8050994671508191, "pol4": -0.004416152288883479, "v0s": 2.6575272015640925}, "datetime": {"datetime": "2022-06-24 05:18:37", "elapsed": 3836.755831, "delta": 5.989562}}
{"target": 3.215185675367033, "params": {"Bgrad": 1.627005243963501, "d1": -1.6632767565806823, "d2": -0.06636516027406847, "d3": -0.9856312156436311, "d4": -2.023871798958308, "p1": 6.470938026570733, "p2": 7.9902773339935065, "p3": 33.521796284348945, "p4": 29.103090836992745, "pol1": -0.7182138325756662, "pol2": 0.4918824499772412, "pol3": 0.6543428368195849, "pol4": 0.2416870467794301, "v0s": 3.215185675367033}, "datetime": {"datetime": "2022-06-24 05:18:42", "elapsed": 3841.942563, "delta": 5.186732}}
{"target": 2.548328221903576, "params": {"Bgrad": 1.7338874052463316, "d1": -2.11506276009643, "d2": -0.15962379855156206, "d3": -1.7671332535325344, "d4": 0.6718884606074185, "p1": 45.29763541251149, "p2": 20.835527962570477, "p3": 25.084766985165697, "p4": 17.250320970700315, "pol1": 0.3279679124747854, "pol2": 0.9652932536435397, "pol3": 0.23994744696146553, "pol4": 0.06349947674248924, "v0s": 2.548328221903576}, "datetime": {"datetime": "2022-06-24 05:18:47", "elapsed": 3846.826586, "delta": 4.884023}}
{"target": -1.0, "params": {"Bgrad": 1.988458261081374, "d1": -1.8445545349734984, "d2": -0.9455269176306622, "d3": -0.6072520276502704, "d4": -1.6868399998930879, "p1": 13.56465928513294, "p2": 4.290896089644919, "p3": 33.13725909961398, "p4": 22.016364749744895, "pol1": -0.48745353864346663, "pol2": -0.2500646549646215, "pol3": 0.96778537329233, "pol4": -0.7443845247592831, "v0s": 2.8222925399813956}, "datetime": {"datetime": "2022-06-24 05:18:51", "elapsed": 3850.45295, "delta": 3.626364}}
{"target": 2.7016696314908706, "params": {"Bgrad": 0.844152690789105, "d1": -2.495976625630731, "d2": -0.25172433363629354, "d3": -0.16251728438759017, "d4": -1.778156749637084, "p1": 4.768264348623463, "p2": 12.877605814096087, "p3": 33.6897934594691, "p4": 31.386417079123106, "pol1": 0.222418722304365, "pol2": -0.927948242011301, "pol3": -0.3667159363249137, "pol4": -0.6844507443975656, "v0s": 2.7016696314908706}, "datetime": {"datetime": "2022-06-24 05:18:54", "elapsed": 3853.276959, "delta": 2.824009}}
{"target": 3.8539163498642095, "params": {"Bgrad": 1.1998651376881633, "d1": -1.2922353738955974, "d2": 0.5594142560701205, "d3": -0.6877298832763721, "d4": -1.827858068192362, "p1": 29.491199991498334, "p2": 25.435144486019688, "p3": 5.854843522409658, "p4": 44.04470361636193, "pol1": -0.16760989125711556, "pol2": -0.6270187934769837, "pol3": -0.2200921203285826, "pol4": 0.011784251959982006, "v0s": 3.8539163498642095}, "datetime": {"datetime": "2022-06-24 05:19:01", "elapsed": 3860.427954, "delta": 7.150995}}
{"target": 3.9203765223245837, "params": {"Bgrad": 1.2324324580330197, "d1": -2.9254072688109316, "d2": 0.044586335708159286, "d3": -2.731255910073636, "d4": 0.2153285646334755, "p1": 11.089169203094833, "p2": 1.8159746016994105, "p3": 35.59865664108574, "p4": 21.18649012698891, "pol1": 0.4743572172257773, "pol2": 0.7664074220632666, "pol3": -0.14122127162982934, "pol4": -0.9382520001858154, "v0s": 3.9203765223245837}, "datetime": {"datetime": "2022-06-24 05:19:07", "elapsed": 3866.655933, "delta": 6.227979}}
{"target": -1.0, "params": {"Bgrad": 1.6382884128755588, "d1": -1.030507928752546, "d2": -0.1643647141638631, "d3": -2.0565268897672175, "d4": -1.7378567461248209, "p1": 4.781009504559552, "p2": 8.893491418502691, "p3": 38.71084440780101, "p4": 29.719416307353658, "pol1": 0.8963499038847635, "pol2": 0.14238587335115516, "pol3": -0.8650964842151669, "pol4": 0.4322687568893535, "v0s": 2.2950435440328523}, "datetime": {"datetime": "2022-06-24 05:19:10", "elapsed": 3870.091813, "delta": 3.43588}}
{"target": -1.0, "params": {"Bgrad": 0.5135138647939517, "d1": -2.535841945528574, "d2": -0.5230079980138767, "d3": -2.236082200470329, "d4": -1.1117267567622875, "p1": 4.459990678150794, "p2": 7.924286988352796, "p3": 34.17500054807169, "p4": 30.593128493268157, "pol1": -0.9556356530509333, "pol2": 0.7824356831895363, "pol3": -0.07306107966484521, "pol4": 0.2467121630265905, "v0s": 6.05436849484134}, "datetime": {"datetime": "2022-06-24 05:19:17", "elapsed": 3876.896727, "delta": 6.804914}}
{"target": -1.0, "params": {"Bgrad": 0.756023516483103, "d1": -1.434647859134845, "d2": -0.829937356746755, "d3": 0.23808566152317612, "d4": -1.0275575939825856, "p1": 32.463676719767506, "p2": 10.245649518821182, "p3": 8.02821936525141, "p4": 26.23045214330057, "pol1": -0.9955424269162583, "pol2": 0.5129982476023718, "pol3": 0.39839048189997084, "pol4": -0.8626013664314318, "v0s": 4.990024941680918}, "datetime": {"datetime": "2022-06-24 05:19:26", "elapsed": 3885.377198, "delta": 8.480471}}
{"target": 3.044151591564374, "params": {"Bgrad": 1.5444535997562743, "d1": -0.16443051902354844, "d2": -1.2868858028425723, "d3": -2.1343849837988333, "d4": -0.47606934436363346, "p1": 41.98194688806961, "p2": 20.97326042504406, "p3": 28.82926845775905, "p4": 15.136864049875165, "pol1": 0.17045295110416947, "pol2": -0.47159780593759715, "pol3": -0.6273961809407147, "pol4": -0.13358240933119747, "v0s": 3.044151591564374}, "datetime": {"datetime": "2022-06-24 05:19:31", "elapsed": 3890.345002, "delta": 4.967804}}
{"target": 3.354903136951727, "params": {"Bgrad": 1.287849807943118, "d1": -1.8405372751316618, "d2": -0.057337973245043194, "d3": 0.6952348262525012, "d4": -0.22534310699047566, "p1": 1.4889898556368575, "p2": 32.4095557085867, "p3": 16.50991541485706, "p4": 11.342500253782067, "pol1": -0.3265905058208769, "pol2": -0.02818134062386357, "pol3": 0.6893750369213467, "pol4": 0.925609574634316, "v0s": 3.354903136951727}, "datetime": {"datetime": "2022-06-24 05:19:37", "elapsed": 3896.344058, "delta": 5.999056}}
{"target": 4.4869355210714685, "params": {"Bgrad": 1.069463980750209, "d1": -2.6552461404220966, "d2": -0.3934709041252002, "d3": 0.23515414077883026, "d4": -0.556123246164699, "p1": 32.84789215657282, "p2": 8.377243329595599, "p3": 7.336159106553285, "p4": 26.218846827528445, "pol1": 0.7155037300065152, "pol2": -0.4264212649228433, "pol3": -0.08238234196336358, "pol4": -0.19554746472663276, "v0s": 4.4869355210714685}, "datetime": {"datetime": "2022-06-24 05:19:43", "elapsed": 3902.11625, "delta": 5.772192}}
{"target": -1.0, "params": {"Bgrad": 1.1131320394627087, "d1": -0.01064148390435804, "d2": -2.3654916635286507, "d3": -1.820409395343217, "d4": -1.025428360169224, "p1": 43.96308766811215, "p2": 19.468219451434308, "p3": 23.634494089033925, "p4": 14.173258728400844, "pol1": 0.314271937739377, "pol2": 0.34697819828438514, "pol3": -0.26124233312170464, "pol4": -0.7416782647120594, "v0s": 2.892573922422696}, "datetime": {"datetime": "2022-06-24 05:19:56", "elapsed": 3915.812362, "delta": 13.696112}}
