{"target": -1.0, "params": {"Bgrad": 1.6284110356209542, "d1": -2.094349321693287, "d2": -0.14545986337094607, "d3": -2.3675918606166766, "d4": -2.60534516978844, "p1": 1.8956880557278788, "p2": 32.034583337684325, "p3": 25.554784548334652, "p4": 21.31139034280205, "pol1": 0.9489821853416436, "pol2": -0.44491977125845605, "pol3": 0.7270976351715905, "pol4": -0.779452109248238, "v0s": 2.1339052229166704}, "datetime": {"datetime": "2022-04-29 16:28:26", "elapsed": 89818.733935, "delta": 20.139152}}
{"target": -1.0, "params": {"Bgrad": 0.7889716277221366, "d1": -0.8010376761857119, "d2": 0.9629871608109708, "d3": -2.003059212699334, "d4": -2.4402852587642947, "p1": 3.885355717915301, "p2": 43.40667483469179, "p3": 10.625755135623743, "p4": 21.817006578891245, "pol1": -0.7313680932467823, "pol2": -0.06279682653490815, "pol3": -0.9344858701838874, "pol4": -0.9757907424551697, "v0s": 3.4692451098808563}, "datetime": {"datetime": "2022-04-29 16:28:43", "elapsed": 89835.905022, "delta": 17.171087}}
{"target": -1.0, "params": {"Bgrad": 0.9470917415290019, "d1": -1.73799508578103, "d2": 0.40023882114725273, "d3": -2.7044264029693754, "d4": 0.22280938400585582, "p1": 21.119477804591348, "p2": 24.381657645916537, "p3": 11.509943521488841, "p4": 34.65740892579628, "pol1": -0.551936137716379, "pol2": -0.35511595718856026, "pol3": -0.729276267687446, "pol4": -0.14354628135732028, "v0s": 2.900551406078817}, "datetime": {"datetime": "2022-04-29 16:29:02", "elapsed": 89855.162531, "delta": 19.257509}}
{"target": -1.0, "params": {"Bgrad": 1.73883061099844, "d1": -0.7896932274258068, "d2": -1.0875128567748318, "d3": 0.5314356391948101, "d4": -1.7076357581803951, "p1": 21.953428673620966, "p2": 26.073466338121083, "p3": 0.09311798585516784, "p4": 46.26276677141525, "pol1": -0.21782167142499942, "pol2": -0.24743068568421522, "pol3": -0.9469493393093031, "pol4": -0.024588413331790848, "v0s": 4.095176432129352}, "datetime": {"datetime": "2022-04-29 16:29:29", "elapsed": 89881.626771, "delta": 26.46424}}
{"target": -1.0, "params": {"Bgrad": 1.3045463336431609, "d1": -1.9100484264541313, "d2": -2.5034358688435767, "d3": -2.315417569258886, "d4": -1.5403990228154445, "p1": 2.278795851215454, "p2": 29.497704990780754, "p3": 24.52136101290162, "p4": 20.887582443558657, "pol1": 0.6643568910122226, "pol2": 0.9258264489213539, "pol3": 0.3324261027033346, "pol4": -0.9702734473065378, "v0s": 2.864647693503886}, "datetime": {"datetime": "2022-04-29 16:29:45", "elapsed": 89897.956109, "delta": 16.329338}}
{"target": -1.0, "params": {"Bgrad": 1.802181990405698, "d1": -0.48797491715362273, "d2": -1.1203222280170833, "d3": 0.4207125820462019, "d4": -2.3272661887581703, "p1": 44.747109420889856, "p2": 33.87024005981634, "p3": 16.469162154614025, "p4": 25.096375637478037, "pol1": -0.5587393045242259, "pol2": -0.2099244007168808, "pol3": 0.6099578660846134, "pol4": -0.4965970292463906, "v0s": 4.180745936561187}, "datetime": {"datetime": "2022-04-29 16:30:04", "elapsed": 89917.443005, "delta": 19.486896}}
{"target": -1.0, "params": {"Bgrad": 1.6271283493053417, "d1": -1.4178966035571596, "d2": -2.013137239944626, "d3": -2.4508513167061197, "d4": -0.6192101010089694, "p1": 1.830229942577316, "p2": 3.382789792247076, "p3": 15.292686287483464, "p4": 19.48911456038714, "pol1": 0.48011454096329564, "pol2": 0.6745210878782075, "pol3": -0.5663105412366507, "pol4": 0.25119074935104146, "v0s": 2.675074123920095}, "datetime": {"datetime": "2022-04-29 16:30:18", "elapsed": 89931.005741, "delta": 13.562736}}
{"target": 4.598013688686667, "params": {"Bgrad": 0.86078121349407, "d1": -0.6086227483150268, "d2": 0.7744361938082518, "d3": 0.036272466140415904, "d4": -1.2515572732017919, "p1": 24.007802104488874, "p2": 26.895383758489555, "p3": 12.983294409037022, "p4": 35.8088681947625, "pol1": -0.598755398289768, "pol2": 0.5916920584888383, "pol3": 0.8120508520299032, "pol4": -0.6375357904853298, "v0s": 4.598013688686667}, "datetime": {"datetime": "2022-04-29 16:30:40", "elapsed": 89953.307111, "delta": 22.30137}}
{"target": -1.0, "params": {"Bgrad": 1.1702314002320862, "d1": -1.51847187734622, "d2": -1.7925936891659382, "d3": -0.869723640920673, "d4": -0.757913411134759, "p1": 25.182902420053054, "p2": 29.515232938687223, "p3": 26.094703512367712, "p4": 3.449208524162267, "pol1": 0.3849723420251201, "pol2": 0.9395622204094447, "pol3": 0.9189630865237419, "pol4": -0.5238977170041601, "v0s": 4.228304946363318}, "datetime": {"datetime": "2022-04-29 16:31:03", "elapsed": 89976.395377, "delta": 23.088266}}
{"target": 3.302961136264079, "params": {"Bgrad": 0.8843173326679337, "d1": -1.7254787456027691, "d2": 0.8395470476520166, "d3": -1.7710891311318901, "d4": -1.317264446568653, "p1": 39.15818960739415, "p2": 23.7964041501952, "p3": 42.540393613822665, "p4": 48.66197893047205, "pol1": -0.7887227823760938, "pol2": 0.8210725294017269, "pol3": 0.03877712821998358, "pol4": -0.2564185737616793, "v0s": 3.302961136264079}, "datetime": {"datetime": "2022-04-29 16:31:24", "elapsed": 89997.374283, "delta": 20.978906}}
{"target": -1.0, "params": {"Bgrad": 1.7034271310969302, "d1": 0.5121919667885257, "d2": -0.1511459384262288, "d3": 0.40620363085334743, "d4": -1.770083919637087, "p1": 43.68648793402382, "p2": 35.347518584516635, "p3": 15.912388266215677, "p4": 22.73121761743189, "pol1": -0.7177273315388537, "pol2": 0.9737617241768357, "pol3": 0.6138564213573547, "pol4": 0.05142131200610334, "v0s": 2.161103069826166}, "datetime": {"datetime": "2022-04-29 16:31:46", "elapsed": 90018.908704, "delta": 21.534421}}
{"target": -1.0, "params": {"Bgrad": 1.5736232103157384, "d1": -2.578488837581284, "d2": -1.236757910217483, "d3": -0.8147248700203713, "d4": -1.1210180084457186, "p1": 14.49948272927003, "p2": 29.76672019310219, "p3": 32.06887404426134, "p4": 27.266365265722026, "pol1": 0.9335645424767276, "pol2": -0.2815631712950406, "pol3": -0.8859598191380547, "pol4": 0.6492919459799908, "v0s": 3.3559255113101534}, "datetime": {"datetime": "2022-04-29 16:32:10", "elapsed": 90043.272559, "delta": 24.363855}}
{"target": -1.0, "params": {"Bgrad": 1.470964797537054, "d1": -1.9514706417262522, "d2": 0.4478635342506183, "d3": -0.878653354787359, "d4": -1.842881762099477, "p1": 20.58241485585465, "p2": 37.956026993227795, "p3": 19.30412294486578, "p4": 29.5212476895793, "pol1": -0.3958337088436523, "pol2": -0.43565979359474527, "pol3": -0.0802081238845136, "pol4": 0.06675071096453444, "v0s": 3.0964311986804276}, "datetime": {"datetime": "2022-04-29 16:32:27", "elapsed": 90060.530415, "delta": 17.257856}}
{"target": -1.0, "params": {"Bgrad": 1.2853284356542978, "d1": 0.6864516235572182, "d2": -2.8530346046142263, "d3": -0.8261311692192841, "d4": -0.3768370728964481, "p1": 27.906894924180015, "p2": 9.531846559478419, "p3": 8.636196752414865, "p4": 47.470041225239626, "pol1": -0.1013562954995122, "pol2": 0.7786734428787667, "pol3": 0.7740550637509738, "pol4": -0.5259588905713517, "v0s": 2.285289252312039}, "datetime": {"datetime": "2022-04-29 16:32:49", "elapsed": 90082.102735, "delta": 21.57232}}
{"target": -1.0, "params": {"Bgrad": 1.5145776877559713, "d1": -1.2250756486318863, "d2": 0.022940472191326666, "d3": 0.7442154037729618, "d4": -2.3458180635779478, "p1": 24.701925840041287, "p2": 25.37706431399255, "p3": 1.8037178497794626, "p4": 46.88114317401306, "pol1": -0.6737001749364644, "pol2": 0.08615967329524965, "pol3": -0.050376815680247766, "pol4": -0.780118996339616, "v0s": 4.057442983032952}, "datetime": {"datetime": "2022-04-29 16:33:42", "elapsed": 90134.895576, "delta": 52.792841}}
{"target": -1.0, "params": {"Bgrad": 1.8157892185284368, "d1": -1.5570781821062423, "d2": -0.20132169433281089, "d3": -1.0909731082594023, "d4": -1.8981376124407103, "p1": 6.952655005107678, "p2": 35.91453048754518, "p3": 34.251541400597226, "p4": 34.49066529921196, "pol1": 0.7718111689216243, "pol2": 0.05737366659464804, "pol3": -0.7363342852660479, "pol4": -0.05773119186018216, "v0s": 5.878247699925552}, "datetime": {"datetime": "2022-04-29 16:34:07", "elapsed": 90160.094199, "delta": 25.198623}}
{"target": -1.0, "params": {"Bgrad": 1.5476398728537097, "d1": -1.4799153989759644, "d2": 0.3178477273721496, "d3": -0.026122918411083162, "d4": 0.9644359691491662, "p1": 36.742552433468056, "p2": 40.0283101417503, "p3": 22.343534910420587, "p4": 21.263292281458124, "pol1": -0.31692288546586456, "pol2": -0.6006598133072254, "pol3": -0.6918914381052912, "pol4": 0.9264808147395813, "v0s": 3.8300773453851136}, "datetime": {"datetime": "2022-04-29 16:34:32", "elapsed": 90184.747282, "delta": 24.653083}}
{"target": 2.5649458941098624, "params": {"Bgrad": 0.8084311447660072, "d1": -0.9674716805952235, "d2": -0.8976588155711762, "d3": -1.3183669544028276, "d4": 0.5559372949902248, "p1": 16.09628029221792, "p2": 14.511134017680904, "p3": 29.66509328995385, "p4": 33.691268908924556, "pol1": -0.21762456782027995, "pol2": -0.017937996382770827, "pol3": -0.7928591799929661, "pol4": 0.19206700907332408, "v0s": 2.5649458941098624}, "datetime": {"datetime": "2022-04-29 16:34:45", "elapsed": 90197.653772, "delta": 12.90649}}
{"target": 3.4771996610335325, "params": {"Bgrad": 1.751435217986729, "d1": -1.7436198062442263, "d2": -1.0498968560515451, "d3": -2.411621661325984, "d4": 0.06657339309730226, "p1": 24.693076430420962, "p2": 27.133224621589484, "p3": 25.216018424890123, "p4": 3.0292883309893326, "pol1": -0.1286204524539345, "pol2": 0.7148858907176747, "pol3": 0.429165656401463, "pol4": 0.7032477420420484, "v0s": 3.4771996610335325}, "datetime": {"datetime": "2022-04-29 16:35:00", "elapsed": 90212.710513, "delta": 15.056741}}
{"target": 3.7988722622906996, "params": {"Bgrad": 1.018005647352324, "d1": -1.1758647369318007, "d2": 0.6093363169708739, "d3": -0.040679816871002306, "d4": -0.5804006426448884, "p1": 40.32896855264804, "p2": 40.64967889992014, "p3": 31.44809209744332, "p4": 36.65501373272129, "pol1": -0.07799642311255028, "pol2": 0.4350494711810453, "pol3": -0.014416869990517833, "pol4": -0.08453267410723697, "v0s": 3.7988722622906996}, "datetime": {"datetime": "2022-04-29 16:35:18", "elapsed": 90231.103334, "delta": 18.392821}}
{"target": -1.0, "params": {"Bgrad": 1.2782929830682666, "d1": 0.33604196040101275, "d2": -1.0181242865452425, "d3": -2.7797481349362836, "d4": -0.8742885493112698, "p1": 11.575845669879437, "p2": 21.09247397853479, "p3": 36.7792579773947, "p4": 33.85412186882677, "pol1": 0.32154501249522394, "pol2": -0.6022014480869429, "pol3": -0.6100838377258397, "pol4": 0.9463629504898368, "v0s": 5.382773202960832}, "datetime": {"datetime": "2022-04-29 16:35:35", "elapsed": 90248.356203, "delta": 17.252869}}
{"target": 2.891425672907073, "params": {"Bgrad": 1.632511275991104, "d1": -0.2651775660982376, "d2": 0.4417509562238937, "d3": -1.3424904028905758, "d4": -1.6593604961275767, "p1": 30.187120031571606, "p2": 19.34015737929488, "p3": 1.433268364845286, "p4": 13.139655831213187, "pol1": -0.5507459496117488, "pol2": 0.20164563534424484, "pol3": -0.7175105040199676, "pol4": -0.3777767955885738, "v0s": 2.891425672907073}, "datetime": {"datetime": "2022-04-29 16:35:58", "elapsed": 90271.490346, "delta": 23.134143}}
{"target": -1.0, "params": {"Bgrad": 0.8161302920904575, "d1": -2.018958126863348, "d2": 0.13871398886281838, "d3": -1.9166234418953438, "d4": -0.05530768246911766, "p1": 49.277593871071055, "p2": 44.320326359944254, "p3": 6.340959865360368, "p4": 20.794963781744396, "pol1": -0.04106490489967185, "pol2": 0.8114131078383722, "pol3": 0.8303328486495414, "pol4": -0.028315486620570818, "v0s": 2.1973705981350644}, "datetime": {"datetime": "2022-04-29 16:36:11", "elapsed": 90284.223301, "delta": 12.732955}}
{"target": -1.0, "params": {"Bgrad": 1.6229668475195056, "d1": -2.778440825208242, "d2": -0.2576363138830149, "d3": -2.0424240104254285, "d4": -0.37897969945387944, "p1": 24.82126988664583, "p2": 25.48144144890452, "p3": 12.723814210777046, "p4": 37.29314788872265, "pol1": -0.4683294971208385, "pol2": -0.929339667767235, "pol3": -0.9018096483104694, "pol4": 0.6921364522622342, "v0s": 3.2998967723306007}, "datetime": {"datetime": "2022-04-29 16:36:28", "elapsed": 90301.3156, "delta": 17.092299}}
{"target": -1.0, "params": {"Bgrad": 1.965206085644314, "d1": -1.4959833380361394, "d2": -1.5962457671096444, "d3": 0.706544561749789, "d4": -0.3413708741643493, "p1": 31.936807007038382, "p2": 7.260901828092125, "p3": 7.824852396293858, "p4": 27.363175793021423, "pol1": -0.4708305985067709, "pol2": 0.4006707115146628, "pol3": 0.7069660657201768, "pol4": 0.6184028258884025, "v0s": 3.695440420430016}, "datetime": {"datetime": "2022-04-29 16:36:51", "elapsed": 90323.896223, "delta": 22.580623}}
{"target": -1.0, "params": {"Bgrad": 0.8694924489222364, "d1": -1.1358515910876479, "d2": -0.5556546799816857, "d3": -1.3699836723819563, "d4": -2.104445139611768, "p1": 31.301000273398248, "p2": 20.088292587584057, "p3": 2.27815300182887, "p4": 13.230902206191686, "pol1": -0.7681332091150517, "pol2": 0.7069593205572107, "pol3": -0.16588736650472313, "pol4": -0.023978667529600983, "v0s": 3.1028182668776845}, "datetime": {"datetime": "2022-04-29 16:37:05", "elapsed": 90337.546724, "delta": 13.650501}}
{"target": -1.0, "params": {"Bgrad": 0.8496639138981257, "d1": -1.9417773822605242, "d2": -0.8648000102696529, "d3": -2.4134360035106273, "d4": -2.348783990375522, "p1": 1.5325869912428236, "p2": 13.857147876483978, "p3": 12.970019342741157, "p4": 3.617162801109081, "pol1": -0.8401030419340747, "pol2": -0.07461038013915777, "pol3": -0.31131618053836574, "pol4": -0.28923573777407063, "v0s": 4.707536585786242}, "datetime": {"datetime": "2022-04-29 16:37:22", "elapsed": 90355.004047, "delta": 17.457323}}
{"target": -1.0, "params": {"Bgrad": 0.9551088520930888, "d1": 0.23838111333182743, "d2": -0.02802372732494751, "d3": -0.3548700666172939, "d4": 0.5453916545483217, "p1": 5.9395033168311855, "p2": 1.4200928322802397, "p3": 39.35537950784418, "p4": 46.65414869679898, "pol1": -0.17240085943771266, "pol2": -0.0038194422917225967, "pol3": -0.400787713937204, "pol4": -0.4124166598296668, "v0s": 3.456691414822725}, "datetime": {"datetime": "2022-04-29 16:37:49", "elapsed": 90381.831315, "delta": 26.827268}}
{"target": -1.0, "params": {"Bgrad": 1.8252453529822166, "d1": -0.3595061961689576, "d2": 0.49701162555131706, "d3": -2.755328465606712, "d4": -0.8798774386812118, "p1": 41.69830599391494, "p2": 24.039127674696275, "p3": 42.53869122242133, "p4": 47.551570473602325, "pol1": 0.8069763802484056, "pol2": -0.43305329519917435, "pol3": 0.5824573831248372, "pol4": -0.874568421907626, "v0s": 2.327569489838278}, "datetime": {"datetime": "2022-04-29 16:38:06", "elapsed": 90399.226803, "delta": 17.395488}}
{"target": -1.0, "params": {"Bgrad": 1.3093833337353613, "d1": -2.985583867822813, "d2": 0.5511152964665631, "d3": -2.112121994357228, "d4": -2.762214386014972, "p1": 38.01924611548308, "p2": 8.555181796308458, "p3": 9.770750745855644, "p4": 26.8531878831154, "pol1": 0.4458625175723836, "pol2": 0.06643262390493465, "pol3": 0.9168695813320547, "pol4": 0.4203696029559476, "v0s": 5.15712370861975}, "datetime": {"datetime": "2022-04-29 16:38:22", "elapsed": 90415.181144, "delta": 15.954341}}
{"target": -1.0, "params": {"Bgrad": 0.8849283462162145, "d1": -1.9498799237599571, "d2": -0.4328813583055324, "d3": -1.67599851047814, "d4": -2.4287662098626996, "p1": 31.768321189893705, "p2": 28.36877300647088, "p3": 6.864440705515018, "p4": 9.166153470496225, "pol1": -0.08770425752364996, "pol2": -0.02983875988709417, "pol3": -0.21124173475976415, "pol4": -0.2794942891617298, "v0s": 4.5070551977459}, "datetime": {"datetime": "2022-04-29 16:38:42", "elapsed": 90434.761789, "delta": 19.580645}}
{"target": -1.0, "params": {"Bgrad": 0.9851109490640855, "d1": -1.8758293651633364, "d2": -1.0764996908309996, "d3": -1.992869499382118, "d4": -1.3800041781811503, "p1": 36.07436229741585, "p2": 46.19216420415932, "p3": 16.598630297237243, "p4": 11.861248956849618, "pol1": -0.6364497376811056, "pol2": 0.37523449786696594, "pol3": 0.49412905521204586, "pol4": 0.688880418719841, "v0s": 4.003494068927914}, "datetime": {"datetime": "2022-04-29 16:38:58", "elapsed": 90450.984412, "delta": 16.222623}}
{"target": -1.0, "params": {"Bgrad": 1.2147397499783823, "d1": -2.7018103152786903, "d2": -2.6662678967742472, "d3": -1.30449907745857, "d4": -1.5533309631529435, "p1": 41.16064095118596, "p2": 12.799434838121682, "p3": 17.82900375290266, "p4": 19.78388412127252, "pol1": 0.3562531401021034, "pol2": -0.12078854841741582, "pol3": -0.3457757014702445, "pol4": -0.5468513793661738, "v0s": 3.1909848255106077}, "datetime": {"datetime": "2022-04-29 16:39:17", "elapsed": 90469.768188, "delta": 18.783776}}
{"target": -1.0, "params": {"Bgrad": 0.6930970239411653, "d1": -0.6183826498477427, "d2": -1.6243699016967637, "d3": -0.661439335096198, "d4": 0.8092079557194971, "p1": 30.68588185354223, "p2": 45.73221519068444, "p3": 23.338934999005268, "p4": 29.353900758191713, "pol1": -0.14170515869013234, "pol2": 0.8988842969315043, "pol3": 0.3776660541348267, "pol4": -0.44062735705389366, "v0s": 3.2060899989348375}, "datetime": {"datetime": "2022-04-29 16:39:35", "elapsed": 90487.957553, "delta": 18.189365}}
{"target": -1.0, "params": {"Bgrad": 1.0127288781373587, "d1": -2.7183267098467363, "d2": 0.307537509899376, "d3": -0.9797915875429415, "d4": -0.6993091600518508, "p1": 11.34389462307796, "p2": 46.30582306104672, "p3": 30.411170857427898, "p4": 11.63162348219579, "pol1": 0.08154725053989487, "pol2": 0.7022763197521724, "pol3": -0.3431333043839484, "pol4": -0.6616901845779946, "v0s": 3.732391823007602}, "datetime": {"datetime": "2022-04-29 16:39:56", "elapsed": 90508.89856, "delta": 20.941007}}
{"target": 3.8942169598183147, "params": {"Bgrad": 1.7078871634015829, "d1": -1.1152819063365733, "d2": 0.40439523280836553, "d3": -0.19475709717672807, "d4": -2.914710597610886, "p1": 7.460761072661826, "p2": 0.5486673948217502, "p3": 38.544651326262915, "p4": 46.740314178690554, "pol1": -0.2913012116115892, "pol2": -0.4686904213836023, "pol3": -0.8937534086209187, "pol4": -0.7299505611915769, "v0s": 3.8942169598183147}, "datetime": {"datetime": "2022-04-29 16:40:17", "elapsed": 90529.7528, "delta": 20.85424}}
{"target": -1.0, "params": {"Bgrad": 1.0189636282291903, "d1": -1.780837187053669, "d2": -1.6176046744946384, "d3": -1.902164124627884, "d4": 0.3896632499006589, "p1": 35.22852363142967, "p2": 11.872769826959756, "p3": 23.316523313708963, "p4": 49.34880605815069, "pol1": -0.1639739938118263, "pol2": -0.80294581136349, "pol3": -0.7660832861117273, "pol4": 0.22744971594339658, "v0s": 4.278230284139241}, "datetime": {"datetime": "2022-04-29 16:40:33", "elapsed": 90546.511989, "delta": 16.759189}}
{"target": -1.0, "params": {"Bgrad": 0.819900926593153, "d1": -2.027066557871491, "d2": -2.147873659912989, "d3": 0.4023290798394519, "d4": -0.38395909874338896, "p1": 32.34547707931353, "p2": 9.683980802459368, "p3": 6.5624489741414385, "p4": 25.421830716565026, "pol1": 0.3834576899201514, "pol2": -0.07015016739438895, "pol3": 0.3597858136663745, "pol4": 0.19366328783811748, "v0s": 5.525444022603107}, "datetime": {"datetime": "2022-04-29 16:40:50", "elapsed": 90562.633883, "delta": 16.121894}}
{"target": -1.0, "params": {"Bgrad": 1.6531515003093813, "d1": -0.9684122121877325, "d2": 0.19286998427870827, "d3": -2.506149719516227, "d4": -1.6357216892449178, "p1": 11.202898434110503, "p2": 22.641285053592895, "p3": 35.61740054688079, "p4": 33.17037386978987, "pol1": 0.07974897807291148, "pol2": 0.4461567852342654, "pol3": 0.7553922038316472, "pol4": -0.9074367251066942, "v0s": 4.375671332898216}, "datetime": {"datetime": "2022-04-29 16:41:18", "elapsed": 90590.74073, "delta": 28.106847}}
{"target": 2.9446073903931467, "params": {"Bgrad": 1.7837754140657993, "d1": -0.996187320052055, "d2": -0.005259283793451086, "d3": -0.7597564503707557, "d4": 0.550623109647872, "p1": 25.089518462521337, "p2": 29.099885831563157, "p3": 24.64667136628787, "p4": 6.3017850907507835, "pol1": -0.1276121882047676, "pol2": 0.21026439225944227, "pol3": -0.8850088195815402, "pol4": -0.5222484271214913, "v0s": 2.9446073903931467}, "datetime": {"datetime": "2022-04-29 16:41:36", "elapsed": 90609.221316, "delta": 18.480586}}
{"target": 3.467829278941763, "params": {"Bgrad": 1.549219637627608, "d1": -2.568457297271614, "d2": -0.4311146430464523, "d3": -1.728166062583184, "d4": -2.2795365775091234, "p1": 8.718191343045888, "p2": 5.170646792670993, "p3": 27.647689051023182, "p4": 10.538317985382212, "pol1": -0.05957281455259951, "pol2": 0.22163001395923437, "pol3": 0.31993404765723465, "pol4": 0.40274856959461103, "v0s": 3.467829278941763}, "datetime": {"datetime": "2022-04-29 16:41:57", "elapsed": 90629.813256, "delta": 20.59194}}
{"target": 3.0173542325570324, "params": {"Bgrad": 1.6232047184523433, "d1": -1.0957840633716582, "d2": 0.5233377380312532, "d3": -2.773105046433573, "d4": -0.3516887284641004, "p1": 22.72466014141148, "p2": 27.16699489348442, "p3": 24.707228621417958, "p4": 3.16596747460442, "pol1": -0.08152046280302683, "pol2": 0.8857705591591529, "pol3": 0.9751196309147832, "pol4": -0.43321146007950184, "v0s": 3.0173542325570324}, "datetime": {"datetime": "2022-04-29 16:42:12", "elapsed": 90645.137283, "delta": 15.324027}}
{"target": 3.442439041763385, "params": {"Bgrad": 0.7945474937746823, "d1": -2.3186384123606096, "d2": -0.17561406231869103, "d3": -0.9215909171840426, "d4": 0.19383964719833813, "p1": 48.310147091160545, "p2": 44.952833605883285, "p3": 7.489464943906121, "p4": 21.885321235501497, "pol1": -0.4225787939888537, "pol2": 0.9068312655634057, "pol3": -0.03455494442671214, "pol4": 0.8327138121518638, "v0s": 3.442439041763385}, "datetime": {"datetime": "2022-04-29 16:42:24", "elapsed": 90657.298765, "delta": 12.161482}}
