{"target": 4.927012369898677, "params": {"Bgrad": 0.6566440262030442, "d1": -2.925740727599217, "d2": -0.38543352587921165, "d3": -1.9286211612959008, "d4": -0.5262682739165663, "p1": 3.8450760358137934, "p2": 31.33404217960346, "p3": 29.372361609081604, "p4": 39.79873703921366, "pol1": -0.7986798858732349, "pol2": -0.6675542870660924, "pol3": -0.9404181722336729, "pol4": -0.9028553541418338, "v0s": 4.927012369898677}, "datetime": {"datetime": "2022-05-16 23:23:13", "elapsed": 13209.216916, "delta": 8.854318}}
{"target": -1.0, "params": {"Bgrad": 0.9632605367580749, "d1": -2.9346344879190855, "d2": -1.567895334828001, "d3": -0.4806535448121396, "d4": 0.9168449033815484, "p1": 29.433239517171817, "p2": 8.691333290703756, "p3": 11.798013360998471, "p4": 26.778057876324258, "pol1": -0.2574584632968222, "pol2": -0.9669395709822339, "pol3": 0.7503288421894103, "pol4": -0.9906116743443745, "v0s": 5.927127326059671}, "datetime": {"datetime": "2022-05-16 23:23:27", "elapsed": 13222.347796, "delta": 13.13088}}
{"target": 3.298062507541008, "params": {"Bgrad": 1.455346048568642, "d1": -0.2675413213258748, "d2": -1.7502743782506478, "d3": 0.04101062321849547, "d4": -2.333381642804765, "p1": 2.934150408448555, "p2": 11.83364070860865, "p3": 37.83305965469984, "p4": 28.274428537799214, "pol1": -0.9332728198445923, "pol2": -0.8514477679954884, "pol3": -0.3657402372361285, "pol4": 0.39189501621967904, "v0s": 3.298062507541008}, "datetime": {"datetime": "2022-05-16 23:23:36", "elapsed": 13231.520264, "delta": 9.172468}}
{"target": -1.0, "params": {"Bgrad": 1.0050710843607313, "d1": -0.496447726877832, "d2": -0.5938100481020396, "d3": -2.59756071229212, "d4": -2.8816566483053974, "p1": 6.762057083379503, "p2": 24.265520209885416, "p3": 1.485485450117291, "p4": 32.639577954332225, "pol1": 0.10319612575769166, "pol2": -0.493354583707035, "pol3": -0.8255126046721033, "pol4": 0.822939454587579, "v0s": 5.273367502242522}, "datetime": {"datetime": "2022-05-16 23:23:52", "elapsed": 13247.541413, "delta": 16.021149}}
{"target": 5.371414084804162, "params": {"Bgrad": 1.3348594594595884, "d1": -2.2982909555990294, "d2": 1.0, "d3": -0.9906467044255176, "d4": -0.5728373747321418, "p1": 0.8316304680400549, "p2": 31.804740072156413, "p3": 17.31638028785549, "p4": 11.550794335910824, "pol1": -0.8344297043387159, "pol2": 0.36286849498567686, "pol3": -0.6565883383392109, "pol4": 1.0, "v0s": 5.371414084804162}, "datetime": {"datetime": "2022-05-16 23:24:04", "elapsed": 13259.942245, "delta": 12.400832}}
{"target": 5.02000048317277, "params": {"Bgrad": 0.6090425222340692, "d1": -2.0795942638858196, "d2": -0.41430341634832946, "d3": -1.8624632451036, "d4": -2.8123203891670565, "p1": 1.349022144377704, "p2": 33.364713944000115, "p3": 30.467626647251507, "p4": 37.31670650295165, "pol1": -0.06710244544148902, "pol2": -0.9052760361730317, "pol3": 0.3641597109526442, "pol4": -0.8080415164996015, "v0s": 5.02000048317277}, "datetime": {"datetime": "2022-05-16 23:24:15", "elapsed": 13270.226738, "delta": 10.284493}}
{"target": -1.0, "params": {"Bgrad": 1.1221350427424817, "d1": -0.022530236845543783, "d2": -2.0203366899877633, "d3": -1.4000701375488114, "d4": -1.9874884996868412, "p1": 1.7236825916730925, "p2": 32.79336178173713, "p3": 32.05891903254629, "p4": 36.16623577377036, "pol1": 0.07727893207443026, "pol2": -0.7055795784960497, "pol3": -0.3867576938757784, "pol4": -0.2320871475400328, "v0s": 4.089774428637072}, "datetime": {"datetime": "2022-05-16 23:24:30", "elapsed": 13285.614581, "delta": 15.387843}}
{"target": -1.0, "params": {"Bgrad": 1.6973051031678337, "d1": -2.3707085490199584, "d2": -1.3149966174957357, "d3": -0.5622996173164125, "d4": -0.3707679931006296, "p1": 4.503288372549891, "p2": 30.519783991062248, "p3": 30.375893346542494, "p4": 38.813045675519646, "pol1": -0.7451787165260582, "pol2": -0.5988594275334436, "pol3": 0.13920434146972438, "pol4": 0.9665252873556391, "v0s": 4.559619831004949}, "datetime": {"datetime": "2022-05-16 23:24:46", "elapsed": 13301.34451, "delta": 15.729929}}
{"target": -1.0, "params": {"Bgrad": 0.6441630710728301, "d1": -2.9152066688434712, "d2": -0.4644848085419735, "d3": -2.6425550630143997, "d4": -2.707556545694849, "p1": 4.152841408909646, "p2": 39.8622859600118, "p3": 34.232811830033775, "p4": 37.78835489888554, "pol1": 0.8513641174904831, "pol2": 0.1442582736678042, "pol3": 0.7233657948275434, "pol4": -0.31237723669574313, "v0s": 6.199825287767925}, "datetime": {"datetime": "2022-05-16 23:24:56", "elapsed": 13311.544229, "delta": 10.199719}}
{"target": -1.0, "params": {"Bgrad": 1.3782328798925496, "d1": 0.4595399036326384, "d2": -1.9067871471078783, "d3": -0.1479638066471698, "d4": -2.1117210406988924, "p1": 1.490975854975235, "p2": 10.038643763841604, "p3": 36.85954605983672, "p4": 26.58212864052801, "pol1": 0.23359851485562189, "pol2": 0.18299384036278643, "pol3": 0.966700855518537, "pol4": 0.4610107364773821, "v0s": 2.4630547134014735}, "datetime": {"datetime": "2022-05-16 23:25:12", "elapsed": 13327.496563, "delta": 15.952334}}
{"target": 3.495448289508989, "params": {"Bgrad": 1.9700287245005916, "d1": -1.1168220996871465, "d2": -1.1002723818231224, "d3": -0.651417374758517, "d4": -2.780321415943294, "p1": 2.7267219863634895, "p2": 35.52695542337882, "p3": 30.215029778084435, "p4": 38.67864729251237, "pol1": 0.37955294558665353, "pol2": 0.3059849660588909, "pol3": 0.6716914245798964, "pol4": -0.7637759474541637, "v0s": 3.495448289508989}, "datetime": {"datetime": "2022-05-16 23:25:19", "elapsed": 13335.148098, "delta": 7.651535}}
{"target": 2.810021495530145, "params": {"Bgrad": 1.336905596189478, "d1": -2.578187986914517, "d2": -0.07806833893310605, "d3": -0.18773668933680954, "d4": -2.200789968230816, "p1": 3.746141002892356, "p2": 32.52361871676012, "p3": 33.87455455454688, "p4": 36.60104833557408, "pol1": 0.5659254902907267, "pol2": 0.299852530716874, "pol3": 0.08007685803621079, "pol4": 0.7310719584305028, "v0s": 2.810021495530145}, "datetime": {"datetime": "2022-05-16 23:25:29", "elapsed": 13344.952874, "delta": 9.804776}}
{"target": -1.0, "params": {"Bgrad": 1.0232721264506301, "d1": 0.24662764062526454, "d2": 0.5631435482066962, "d3": -2.262120190350417, "d4": -0.36414894323977354, "p1": 4.562882850932349, "p2": 29.472393737453494, "p3": 15.903467831275004, "p4": 9.791912496242588, "pol1": 0.9553150565020327, "pol2": -0.8300317772301515, "pol3": -0.3704233361242686, "pol4": 0.32087933418808645, "v0s": 4.549028076316262}, "datetime": {"datetime": "2022-05-16 23:25:48", "elapsed": 13363.252928, "delta": 18.300054}}
{"target": 5.017703373602032, "params": {"Bgrad": 1.3806811418164742, "d1": -2.2393319937292766, "d2": 0.6340751101637614, "d3": -1.537917787848063, "d4": -2.179001583840515, "p1": 5.252092323079666, "p2": 36.222415579632155, "p3": 33.948699636288474, "p4": 39.72206731481769, "pol1": -0.2456790777801695, "pol2": 0.5262814861510867, "pol3": 0.0017662968248169932, "pol4": 0.3813932788758921, "v0s": 5.017703373602032}, "datetime": {"datetime": "2022-05-16 23:26:01", "elapsed": 13376.776756, "delta": 13.523828}}
{"target": 4.845718672418142, "params": {"Bgrad": 1.4671527824962074, "d1": -1.3446742164059229, "d2": 0.7437849487266357, "d3": -0.9852843347012916, "d4": -2.2674857848044643, "p1": 31.24945997083952, "p2": 12.20132682910593, "p3": 34.62765666042987, "p4": 24.98686619463415, "pol1": -0.24009723775729053, "pol2": -0.7283194497230212, "pol3": 0.16533388598197374, "pol4": -0.6023249813941822, "v0s": 4.845718672418142}, "datetime": {"datetime": "2022-05-16 23:26:11", "elapsed": 13386.836852, "delta": 10.060096}}
{"target": -1.0, "params": {"Bgrad": 0.6541787759522686, "d1": 0.06658151036302273, "d2": -0.17158498014961543, "d3": -2.650665760499058, "d4": -2.4791150555639963, "p1": 12.293436252195306, "p2": 25.021627657574996, "p3": 45.75520957557302, "p4": 26.951224577816852, "pol1": 0.2388486104847225, "pol2": -0.36059991084097276, "pol3": -0.4874729912080751, "pol4": 0.03874388318882205, "v0s": 6.164621632569466}, "datetime": {"datetime": "2022-05-16 23:26:23", "elapsed": 13398.427848, "delta": 11.590996}}
{"target": -1.0, "params": {"Bgrad": 0.694043803375842, "d1": 0.07429115437437606, "d2": 0.24466215118186874, "d3": -2.8294385027317674, "d4": -1.8281041226415944, "p1": 28.3171903897752, "p2": 10.721957007530664, "p3": 38.624408677977314, "p4": 28.237115738608153, "pol1": -0.8689767643945396, "pol2": 0.6088801565538668, "pol3": -0.8624276690579282, "pol4": 0.8869067338048953, "v0s": 4.981842590362733}, "datetime": {"datetime": "2022-05-16 23:26:34", "elapsed": 13409.466324, "delta": 11.038476}}
{"target": 3.777838726522141, "params": {"Bgrad": 1.2982182919667848, "d1": -2.987564830100428, "d2": 0.3817056531625709, "d3": -1.3957668120624898, "d4": -0.8598439762425301, "p1": 30.361913460835687, "p2": 4.972499355820559, "p3": 7.3354095818483405, "p4": 25.78344590344102, "pol1": 0.04887404912436755, "pol2": 0.1427012425585954, "pol3": -0.9236339254410786, "pol4": 0.30871539007511783, "v0s": 3.777838726522141}, "datetime": {"datetime": "2022-05-16 23:26:45", "elapsed": 13421.044357, "delta": 11.578033}}
{"target": -1.0, "params": {"Bgrad": 1.3943344921146565, "d1": -2.5041999216759288, "d2": 0.221877816714517, "d3": -2.322051769565718, "d4": -0.5730466447085103, "p1": 7.012540545098162, "p2": 37.91839063300976, "p3": 34.7147356967025, "p4": 39.626470224782715, "pol1": 0.6579613553895176, "pol2": 0.35848012318324307, "pol3": 0.6184118777458294, "pol4": 0.6908403060331896, "v0s": 5.971066360078824}, "datetime": {"datetime": "2022-05-16 23:27:01", "elapsed": 13436.907929, "delta": 15.863572}}
{"target": 5.4594342742868145, "params": {"Bgrad": 1.789040918419533, "d1": -2.131474732229538, "d2": -0.2140824325421836, "d3": -0.25359751744902687, "d4": -0.9061883471372167, "p1": 10.73816981878899, "p2": 26.64132896348229, "p3": 42.484997514322785, "p4": 27.61534107077842, "pol1": -0.026839304295733456, "pol2": 0.384395197160647, "pol3": 0.3118826297343077, "pol4": 0.038383992117652824, "v0s": 5.4594342742868145}, "datetime": {"datetime": "2022-05-16 23:27:13", "elapsed": 13449.150186, "delta": 12.242257}}
{"target": 4.860880044277886, "params": {"Bgrad": 0.7567020331669817, "d1": -3.0, "d2": 0.5309427725866009, "d3": -1.1612315908395832, "d4": -0.9619439199896178, "p1": 32.45084308410639, "p2": 6.146327434723251, "p3": 7.386243376608184, "p4": 24.86601337387962, "pol1": 1.0, "pol2": -0.5549711482907178, "pol3": -0.1943100279865123, "pol4": -1.0, "v0s": 4.860880044277886}, "datetime": {"datetime": "2022-05-16 23:27:23", "elapsed": 13459.192326, "delta": 10.04214}}
{"target": 5.875363474459584, "params": {"Bgrad": 1.6292782077164882, "d1": -1.968795437597937, "d2": 0.45139010644199035, "d3": -0.4233615228080972, "d4": -1.3100284042261245, "p1": 11.629219994370557, "p2": 27.01276782973856, "p3": 43.35723787886537, "p4": 27.303906453382748, "pol1": -0.045490808764063834, "pol2": 0.8573416215457949, "pol3": 0.6890311398690778, "pol4": 0.22921897203436348, "v0s": 5.875363474459584}, "datetime": {"datetime": "2022-05-16 23:27:35", "elapsed": 13471.060583, "delta": 11.868257}}
{"target": 4.212822453442696, "params": {"Bgrad": 0.639946393646079, "d1": -1.1474754473728639, "d2": 0.8309588711946386, "d3": -0.6467561905625071, "d4": -1.655917614294436, "p1": 44.76840886119484, "p2": 26.871777189116898, "p3": 21.459016952527563, "p4": 31.350962018610304, "pol1": -0.10403161660556469, "pol2": 1.0, "pol3": 1.0, "pol4": -0.5892578396720954, "v0s": 4.212822453442696}, "datetime": {"datetime": "2022-05-16 23:27:44", "elapsed": 13479.893957, "delta": 8.833374}}
{"target": 2.3029904255814686, "params": {"Bgrad": 1.3143588060350038, "d1": -2.5453022162131025, "d2": 0.4477519507245509, "d3": -2.7655410845886257, "d4": -2.700962480743257, "p1": 44.678483395796555, "p2": 20.953358441322695, "p3": 24.24076881943438, "p4": 13.242231048852082, "pol1": -0.22081629162197913, "pol2": -0.4321009723673459, "pol3": 0.47368098928311686, "pol4": -0.9881153749551159, "v0s": 2.3029904255814686}, "datetime": {"datetime": "2022-05-16 23:27:52", "elapsed": 13487.471689, "delta": 7.577732}}
{"target": 4.812304071727546, "params": {"Bgrad": 1.1866000562565702, "d1": -2.5746377350412675, "d2": -0.2949595630612145, "d3": -2.4753356881120605, "d4": -1.363177544629576, "p1": 10.748258419546552, "p2": 25.95374432479085, "p3": 44.267462606192986, "p4": 24.511352232037332, "pol1": 0.6981204770634744, "pol2": -0.4947716011281975, "pol3": -0.3442043450510395, "pol4": 0.9183432032817882, "v0s": 4.812304071727546}, "datetime": {"datetime": "2022-05-16 23:28:02", "elapsed": 13498.166086, "delta": 10.694397}}
{"target": -1.0, "params": {"Bgrad": 1.8338934882545448, "d1": -2.2857729650648984, "d2": 0.7100911994866821, "d3": 0.2175813224046914, "d4": -2.148580649199291, "p1": 45.389638501784276, "p2": 24.675123129957143, "p3": 25.83189711475956, "p4": 11.22603727632831, "pol1": 0.7193407831003269, "pol2": -0.16640205927052976, "pol3": 0.8910546971264592, "pol4": 0.8321736072957853, "v0s": 3.2000692071126777}, "datetime": {"datetime": "2022-05-16 23:28:18", "elapsed": 13513.719487, "delta": 15.553401}}
{"target": 4.477372818195704, "params": {"Bgrad": 0.5289393473480598, "d1": -2.5857065979915688, "d2": -0.3882096541454214, "d3": -1.693051062441389, "d4": -0.7890699791925901, "p1": 29.957345303298922, "p2": 7.313248488712538, "p3": 36.767623250243176, "p4": 28.729630996696358, "pol1": 0.9654895113424833, "pol2": 1.0, "pol3": -1.0, "pol4": 0.803036264492442, "v0s": 4.477372818195704}, "datetime": {"datetime": "2022-05-16 23:28:27", "elapsed": 13523.017618, "delta": 9.298131}}
{"target": 4.807265820238344, "params": {"Bgrad": 1.212464511081942, "d1": -2.0314407762408537, "d2": -0.13163652249382807, "d3": -0.866907926407591, "d4": -1.9759676423451702, "p1": 9.438058925795263, "p2": 26.97525862010898, "p3": 41.509832407465055, "p4": 26.1851985331101, "pol1": -0.5023216806363824, "pol2": 0.3646194825536866, "pol3": -0.29182878837440773, "pol4": -0.4880939807155493, "v0s": 4.807265820238344}, "datetime": {"datetime": "2022-05-16 23:28:39", "elapsed": 13534.408152, "delta": 11.390534}}
{"target": 2.943026515326988, "params": {"Bgrad": 1.6190353014460999, "d1": -2.501230309941555, "d2": 0.9955485325756799, "d3": -1.4089286944206436, "d4": -1.5390280235002152, "p1": 32.678852961679276, "p2": 5.267036521926921, "p3": 7.630023624701277, "p4": 23.881487893274805, "pol1": 0.3869192645727262, "pol2": -0.845995061927439, "pol3": -0.2685563966963511, "pol4": -0.8972001848534055, "v0s": 2.943026515326988}, "datetime": {"datetime": "2022-05-16 23:28:51", "elapsed": 13546.458921, "delta": 12.050769}}
{"target": 4.821051166375811, "params": {"Bgrad": 1.1996635901284531, "d1": -2.3637436730940116, "d2": 0.00919289649870832, "d3": -2.2097127731568156, "d4": -1.9914452350170353, "p1": 2.9069251261201323, "p2": 33.55218973968011, "p3": 30.442352542112936, "p4": 38.06022958464998, "pol1": -0.3665626186013424, "pol2": -0.4473876328666119, "pol3": 0.3457746711440664, "pol4": -0.5222728238529937, "v0s": 4.821051166375811}, "datetime": {"datetime": "2022-05-16 23:29:00", "elapsed": 13555.820882, "delta": 9.361961}}
{"target": -1.0, "params": {"Bgrad": 1.5868481441585036, "d1": -0.012857836431614533, "d2": 0.5130386017369628, "d3": -0.9911466700418532, "d4": -1.9787778991751312, "p1": 6.016189080982009, "p2": 36.81301014305433, "p3": 31.34469865248896, "p4": 41.43262137815579, "pol1": -0.16664068870960258, "pol2": 0.5262200165145139, "pol3": 0.06328066468701499, "pol4": 0.7205164506512591, "v0s": 5.174249037673302}, "datetime": {"datetime": "2022-05-16 23:29:15", "elapsed": 13570.831732, "delta": 15.01085}}
{"target": 3.989418556092979, "params": {"Bgrad": 1.504665313231214, "d1": -1.9232886945680145, "d2": 0.7450779398162634, "d3": -2.1409130712829274, "d4": -2.5670980176882305, "p1": 28.736300238420817, "p2": 28.507206409446546, "p3": 5.999398503780226, "p4": 44.54632150111677, "pol1": 0.8165371458839334, "pol2": -0.9148490877460308, "pol3": 0.28275470319717777, "pol4": 0.8065176210821711, "v0s": 3.989418556092979}, "datetime": {"datetime": "2022-05-16 23:29:28", "elapsed": 13583.575647, "delta": 12.743915}}
{"target": 2.9880197377709257, "params": {"Bgrad": 1.3208265879180725, "d1": -1.244073575243752, "d2": 0.8084146297571149, "d3": -1.7428356006358592, "d4": -2.70347107105612, "p1": 28.847868566367644, "p2": 9.230252958347391, "p3": 38.29390471204854, "p4": 31.197518191544038, "pol1": 0.5038369769390594, "pol2": -0.813449006034682, "pol3": 0.09017077084188596, "pol4": 0.12450549706068115, "v0s": 2.9880197377709257}, "datetime": {"datetime": "2022-05-16 23:29:37", "elapsed": 13593.138071, "delta": 9.562424}}
{"target": -1.0, "params": {"Bgrad": 1.8963071049558928, "d1": -2.0171047706786287, "d2": 0.45712637813113455, "d3": -2.726738184468924, "d4": -1.708660146376518, "p1": 45.71571174622699, "p2": 20.816277874208293, "p3": 23.426794104083452, "p4": 12.11381734623656, "pol1": 0.5707184920672912, "pol2": -0.7414423356452111, "pol3": -0.36769850549984473, "pol4": -0.8690505464495881, "v0s": 5.3395268252923085}, "datetime": {"datetime": "2022-05-16 23:29:51", "elapsed": 13607.06582, "delta": 13.927749}}
{"target": 3.5591986402094227, "params": {"Bgrad": 1.6905139534598739, "d1": -2.2251628995035637, "d2": 0.5543303516095635, "d3": -1.937299888594723, "d4": -0.18796793070354356, "p1": 13.243777710561893, "p2": 24.679562485424366, "p3": 45.57317741223913, "p4": 25.22064768584265, "pol1": 0.685431464586242, "pol2": 0.8886156631422677, "pol3": 0.28945874895116686, "pol4": 0.503562359551573, "v0s": 3.5591986402094227}, "datetime": {"datetime": "2022-05-16 23:30:04", "elapsed": 13619.703021, "delta": 12.637201}}
{"target": 4.9631289820504065, "params": {"Bgrad": 1.5757137776498324, "d1": -1.2677432012307874, "d2": 0.4774022923803929, "d3": -2.366406898377252, "d4": -2.4260750157342614, "p1": 28.602345076569502, "p2": 29.90614821327583, "p3": 6.74871651621963, "p4": 45.29622005279548, "pol1": 1.0, "pol2": -1.0, "pol3": 0.011436962476093656, "pol4": 1.0, "v0s": 4.9631289820504065}, "datetime": {"datetime": "2022-05-16 23:30:19", "elapsed": 13634.72185, "delta": 15.018829}}
{"target": 4.846460171332602, "params": {"Bgrad": 1.326037300380696, "d1": -2.5676438441941225, "d2": -0.262717771785068, "d3": -1.607781939517615, "d4": -1.569281887295705, "p1": 2.3846035396183254, "p2": 32.382677817628476, "p3": 30.03793752763265, "p4": 38.0104530088502, "pol1": 0.6081149366271615, "pol2": 0.22745693049971322, "pol3": 0.03299689006617772, "pol4": -0.8921726445712013, "v0s": 4.846460171332602}, "datetime": {"datetime": "2022-05-16 23:30:30", "elapsed": 13645.943836, "delta": 11.221986}}
{"target": 5.387519147792814, "params": {"Bgrad": 0.7530265343406658, "d1": -1.839488903659732, "d2": 0.13513754480966944, "d3": -1.6798425589991899, "d4": -2.975763176760086, "p1": 2.5927174581706596, "p2": 34.04887216887903, "p3": 31.25624093859576, "p4": 37.83072116922254, "pol1": -0.3641214385155889, "pol2": -0.8785079815981204, "pol3": 1.0, "pol4": -0.9565043509865788, "v0s": 5.387519147792814}, "datetime": {"datetime": "2022-05-16 23:30:41", "elapsed": 13656.53052, "delta": 10.586684}}
{"target": 3.9331940993007244, "params": {"Bgrad": 0.7197999718487376, "d1": -2.6737250766545126, "d2": -1.1690853058744919, "d3": -1.382356217926258, "d4": -1.919438920487996, "p1": 6.8746565895356495, "p2": 37.84487380460184, "p3": 36.21328363834716, "p4": 35.70498422885516, "pol1": -0.6321433402551473, "pol2": -0.7850944105669571, "pol3": -0.23688848008354868, "pol4": 0.7633605896511639, "v0s": 3.9331940993007244}, "datetime": {"datetime": "2022-05-16 23:30:51", "elapsed": 13666.922725, "delta": 10.392205}}
{"target": 5.027417624053662, "params": {"Bgrad": 1.454676875835978, "d1": -2.87037935422547, "d2": 0.34620303613663994, "d3": -1.372950155978025, "d4": -2.0448003368338292, "p1": 4.047847504716299, "p2": 35.319960164574624, "p3": 34.369539279354484, "p4": 38.83466119649227, "pol1": 0.026523954828498005, "pol2": 0.7131047468569585, "pol3": -0.7336589602729067, "pol4": 0.000792968346946435, "v0s": 5.027417624053662}, "datetime": {"datetime": "2022-05-16 23:31:02", "elapsed": 13678.03301, "delta": 11.110285}}
{"target": 6.124594841770841, "params": {"Bgrad": 0.9188523042284817, "d1": -2.241661506314782, "d2": -0.0758421565750047, "d3": -0.138847739327574, "d4": -2.9638948556505245, "p1": 6.771392803558846, "p2": 37.53714277810845, "p3": 45.24696762219966, "p4": 32.53736207597911, "pol1": 0.34378171638353705, "pol2": 0.14632912760491168, "pol3": 0.30588749368988566, "pol4": 0.39157463038378926, "v0s": 6.124594841770841}, "datetime": {"datetime": "2022-05-16 23:31:14", "elapsed": 13690.018951, "delta": 11.985941}}
{"target": -1.0, "params": {"Bgrad": 1.9584712256492793, "d1": -1.4624287939004454, "d2": -2.783540031242384, "d3": -2.7920275300751056, "d4": -1.3903012703819928, "p1": 2.379989456078607, "p2": 34.46363126821959, "p3": 29.001811015354047, "p4": 38.46613625375019, "pol1": -0.15237674962572978, "pol2": 0.020611908476477758, "pol3": -0.5492394813591281, "pol4": -0.3839501868168864, "v0s": 5.12562021402829}, "datetime": {"datetime": "2022-05-16 23:31:31", "elapsed": 13706.586639, "delta": 16.567688}}
{"target": 5.087333064862821, "params": {"Bgrad": 1.558024488843605, "d1": -2.9290850784021325, "d2": 0.9119887874718721, "d3": -1.3978504298612728, "d4": -0.42145481640892085, "p1": 36.21150634976634, "p2": 8.654354770283689, "p3": 8.91056964852123, "p4": 30.003348701435012, "pol1": 0.411012331911275, "pol2": 0.2713018074281158, "pol3": -0.6394465887963721, "pol4": 0.40899740272740054, "v0s": 5.087333064862821}, "datetime": {"datetime": "2022-05-16 23:31:45", "elapsed": 13720.925288, "delta": 14.338649}}
