{"target": -1.0, "params": {"Bgrad": 1.5605827680122206, "d1": -1.6679660923360342, "d2": -0.3236071506919602, "d3": 0.11820435258720474, "d4": -2.6536955252155514, "p1": 25.532823128537313, "p2": 5.183718103195284, "p3": 32.4730752875091, "p4": 15.774894125369016, "pol1": 0.28700238084906604, "pol2": -0.9028924358631638, "pol3": 0.7339927940400579, "pol4": -0.04368148997586774, "v0s": 6.761319131765314}, "datetime": {"datetime": "2022-04-30 10:46:24", "elapsed": 155696.94067, "delta": 12.9404}}
{"target": -1.0, "params": {"Bgrad": 0.8399554672517751, "d1": -1.660105030988269, "d2": 0.05509969284572147, "d3": 0.4136916662167689, "d4": -1.2515045406170553, "p1": 46.51661650031817, "p2": 28.980714942017933, "p3": 2.4548740715452597, "p4": 22.64306689775033, "pol1": -0.679199907344638, "pol2": 0.4656488938428971, "pol3": -0.30529466413866313, "pol4": -0.5976447205876947, "v0s": 7.056728204385938}, "datetime": {"datetime": "2022-04-30 10:46:31", "elapsed": 155703.709571, "delta": 6.768901}}
{"target": -1.0, "params": {"Bgrad": 1.726694497703424, "d1": -1.6254132365776832, "d2": -1.385508835034583, "d3": -2.75760075928372, "d4": -2.2844611304930753, "p1": 36.79594219234381, "p2": 28.3065174245432, "p3": 41.161848505065336, "p4": 25.057504906239174, "pol1": 0.5357248313509415, "pol2": 0.019836000954134958, "pol3": 0.13613806115588845, "pol4": -0.6307640714056286, "v0s": 5.266406147100721}, "datetime": {"datetime": "2022-04-30 10:46:42", "elapsed": 155715.456163, "delta": 11.746592}}
{"target": -1.0, "params": {"Bgrad": 0.8015497230675073, "d1": -0.775123311612083, "d2": -2.4342350493669684, "d3": -2.255960042834435, "d4": 0.059135840772315706, "p1": 3.5443132855715485, "p2": 18.465682279580452, "p3": 43.89390094592739, "p4": 5.216869990733536, "pol1": -0.281693569478499, "pol2": -0.7720792648035932, "pol3": 0.7530815151409229, "pol4": -0.7475257742393238, "v0s": 3.5273330470563398}, "datetime": {"datetime": "2022-04-30 10:46:50", "elapsed": 155723.096735, "delta": 7.640572}}
{"target": -1.0, "params": {"Bgrad": 1.132859528778463, "d1": -0.33897592879922867, "d2": -1.6211787618071893, "d3": -2.145993338813117, "d4": -1.5064595769341587, "p1": 28.551231308234836, "p2": 49.53756746965174, "p3": 16.35825879056847, "p4": 18.110166819049155, "pol1": 0.4124705073440349, "pol2": -0.4021286171794538, "pol3": -0.300598557902261, "pol4": 0.9894154709586567, "v0s": 5.625604272696653}, "datetime": {"datetime": "2022-04-30 10:46:58", "elapsed": 155731.443416, "delta": 8.346681}}
{"target": 2.0485395398304984, "params": {"Bgrad": 1.7432161925572038, "d1": -2.8733372380535225, "d2": -2.4180391210951644, "d3": -0.08908682313218819, "d4": -0.8410242176359404, "p1": 49.76322532299901, "p2": 24.78148297254046, "p3": 19.2051934253949, "p4": 9.71870006168809, "pol1": 0.18033288913217094, "pol2": 0.5332503730903142, "pol3": 0.8488783744420556, "pol4": -0.7247483474791931, "v0s": 2.0485395398304984}, "datetime": {"datetime": "2022-04-30 10:47:04", "elapsed": 155737.334665, "delta": 5.891249}}
{"target": -1.0, "params": {"Bgrad": 1.216940733832304, "d1": -2.2682096549723108, "d2": -0.5586455539742867, "d3": -0.518922781694255, "d4": -1.3614792597144647, "p1": 33.8602631943766, "p2": 9.983528455529072, "p3": 40.429099024239164, "p4": 2.516984210281892, "pol1": -0.6562762826931854, "pol2": 0.9612046381391344, "pol3": 0.8007543588136328, "pol4": 0.8794580422474132, "v0s": 7.450665760072688}, "datetime": {"datetime": "2022-04-30 10:47:17", "elapsed": 155749.838232, "delta": 12.503567}}
{"target": -1.0, "params": {"Bgrad": 1.1621257999300345, "d1": 0.7552164145359215, "d2": -2.0503461477252465, "d3": -2.801942752244831, "d4": -0.7709437021082843, "p1": 15.666011756225462, "p2": 26.603865819860275, "p3": 23.580428472678705, "p4": 24.156620475789286, "pol1": 0.14015505870993183, "pol2": 0.8468845553101947, "pol3": -0.5276150128814951, "pol4": 0.7521602981985498, "v0s": 6.403012599551857}, "datetime": {"datetime": "2022-04-30 10:47:27", "elapsed": 155759.760701, "delta": 9.922469}}
{"target": -1.0, "params": {"Bgrad": 0.6188161445046512, "d1": 0.34154994401223737, "d2": -1.4094239258190684, "d3": -1.6570475607153416, "d4": -2.99842798723135, "p1": 12.290259299309502, "p2": 34.39731749337717, "p3": 42.5586317556842, "p4": 12.052473468475977, "pol1": -0.25812045897998104, "pol2": -0.6991533244695274, "pol3": 0.6070003282145191, "pol4": 0.43404744680899165, "v0s": 6.2028691242771465}, "datetime": {"datetime": "2022-04-30 10:47:33", "elapsed": 155765.681869, "delta": 5.921168}}
{"target": -1.0, "params": {"Bgrad": 1.5182817861591626, "d1": 0.5681800163428719, "d2": 0.5321239695940352, "d3": -0.4985286060828651, "d4": -1.8448864918404193, "p1": 20.155139266077683, "p2": 1.44786252276089, "p3": 45.824200700106985, "p4": 34.37238669360159, "pol1": 0.8163416470589979, "pol2": -0.39582572576279773, "pol3": 0.8896529079217619, "pol4": 0.7280623434810656, "v0s": 7.316076554528907}, "datetime": {"datetime": "2022-04-30 10:47:44", "elapsed": 155776.749277, "delta": 11.067408}}
{"target": -1.0, "params": {"Bgrad": 0.5002119953126403, "d1": -1.4910391242987626, "d2": -2.5106988308689795, "d3": 0.7312316258761853, "d4": -0.945170989939669, "p1": 24.466820671345253, "p2": 24.34605834170831, "p3": 28.51459505116075, "p4": 27.225375492774656, "pol1": 0.8342217217266596, "pol2": 0.7687690930543798, "pol3": 0.5674385185901689, "pol4": -0.3545453284508582, "v0s": 6.706624529428049}, "datetime": {"datetime": "2022-04-30 10:47:49", "elapsed": 155781.853628, "delta": 5.104351}}
{"target": -1.0, "params": {"Bgrad": 0.7177782126676877, "d1": 0.4409048006814502, "d2": 0.09199896648498607, "d3": 0.10386854227499276, "d4": -0.8852052225544633, "p1": 22.509268334538397, "p2": 11.331574634625207, "p3": 40.43390885347759, "p4": 48.29645482809379, "pol1": 0.0870639444007113, "pol2": 0.8044149140947805, "pol3": -0.43529911605076044, "pol4": 0.03551050269905209, "v0s": 3.96897553655098}, "datetime": {"datetime": "2022-04-30 10:47:57", "elapsed": 155789.946988, "delta": 8.09336}}
{"target": -1.0, "params": {"Bgrad": 1.9877017388101792, "d1": -1.99873339270889, "d2": -0.2849780499540362, "d3": 0.05680831599882197, "d4": -2.8710934451102728, "p1": 49.11356141751639, "p2": 4.566136990185893, "p3": 30.70374159695059, "p4": 7.467540541282524, "pol1": 0.041592993410164425, "pol2": -0.813309812799385, "pol3": 0.5624008799795126, "pol4": 0.545862034569101, "v0s": 5.588892589574558}, "datetime": {"datetime": "2022-04-30 10:48:14", "elapsed": 155807.519004, "delta": 17.572016}}
{"target": -1.0, "params": {"Bgrad": 0.5218149793633444, "d1": -2.8319031178214353, "d2": -2.2761173703563293, "d3": 0.8881226839282932, "d4": -1.9815992442776107, "p1": 37.55044129316143, "p2": 14.061760478293166, "p3": 12.775930876818176, "p4": 12.89318679893131, "pol1": -0.4058940089797498, "pol2": -0.9821107901257256, "pol3": 0.9743523641358498, "pol4": 0.1329212716446262, "v0s": 5.611054467720753}, "datetime": {"datetime": "2022-04-30 10:48:21", "elapsed": 155813.783254, "delta": 6.26425}}
{"target": -1.0, "params": {"Bgrad": 1.3073901062891689, "d1": -2.8246498078455606, "d2": -1.1139180444049708, "d3": -0.8412939951656444, "d4": -0.30817683699256504, "p1": 26.70840013583829, "p2": 2.7536154493314315, "p3": 31.004949496818828, "p4": 29.058760138834845, "pol1": 0.09119265164826795, "pol2": 0.6865625604265051, "pol3": -0.10522648059223672, "pol4": 0.20713089261646722, "v0s": 2.741677318393047}, "datetime": {"datetime": "2022-04-30 10:48:27", "elapsed": 155819.650567, "delta": 5.867313}}
{"target": -1.0, "params": {"Bgrad": 0.8785688794894967, "d1": 0.4014173030172028, "d2": -2.9351025500541326, "d3": -2.374996087588393, "d4": 0.29353989903864974, "p1": 11.466884073967492, "p2": 12.959747766905888, "p3": 35.03953033363368, "p4": 48.32626395644684, "pol1": -0.6034403600710396, "pol2": 0.49499457578769257, "pol3": -0.7189875100364957, "pol4": -0.2350048574413841, "v0s": 3.939735508420299}, "datetime": {"datetime": "2022-04-30 10:48:38", "elapsed": 155831.510854, "delta": 11.860287}}
{"target": -1.0, "params": {"Bgrad": 1.8256782784760555, "d1": -0.37847441503736734, "d2": -1.6656985599950787, "d3": -2.913568163408306, "d4": -1.5239653634872843, "p1": 48.60903359219623, "p2": 26.454954339104585, "p3": 37.107241160280374, "p4": 17.26944184470095, "pol1": -0.07882026934954167, "pol2": -0.5767286035640404, "pol3": 0.6739194602745708, "pol4": -0.28038228119975894, "v0s": 2.222528797704108}, "datetime": {"datetime": "2022-04-30 10:48:44", "elapsed": 155837.092929, "delta": 5.582075}}
{"target": 3.4678417320026145, "params": {"Bgrad": 1.5334837849860907, "d1": -2.3768444635641175, "d2": 0.19500467724192783, "d3": -2.938950189498672, "d4": -0.6575074107470722, "p1": 24.77581385128072, "p2": 49.87308668792458, "p3": 6.718536821313325, "p4": 33.62768411122061, "pol1": -0.8101090494005603, "pol2": -0.6764631713619556, "pol3": 0.9766625832559892, "pol4": 0.6133301349227791, "v0s": 3.4678417320026145}, "datetime": {"datetime": "2022-04-30 10:48:52", "elapsed": 155844.731505, "delta": 7.638576}}
{"target": -1.0, "params": {"Bgrad": 1.769450668551188, "d1": -2.857598963860294, "d2": -0.8575717952726727, "d3": -2.6341009775671975, "d4": 0.8836226665683511, "p1": 29.155046836234288, "p2": 27.787063731877993, "p3": 15.89865365120332, "p4": 42.49522710746423, "pol1": 0.060309026931435916, "pol2": -0.9658035516965464, "pol3": -0.6302102189053453, "pol4": -0.13306338033545906, "v0s": 2.4798584666306893}, "datetime": {"datetime": "2022-04-30 10:49:08", "elapsed": 155861.186506, "delta": 16.455001}}
{"target": -1.0, "params": {"Bgrad": 0.9209863300781894, "d1": -1.9984188545676327, "d2": -2.9975654307632036, "d3": -0.22845872308255855, "d4": 0.09555854592462643, "p1": 41.017464901067044, "p2": 42.58148071933006, "p3": 7.5762440490421685, "p4": 44.50183192264956, "pol1": 0.3164257796290644, "pol2": 0.39226732562837885, "pol3": 0.1281433284177731, "pol4": 0.8793639966942146, "v0s": 3.5110822610067247}, "datetime": {"datetime": "2022-04-30 10:49:20", "elapsed": 155873.030837, "delta": 11.844331}}
{"target": -1.0, "params": {"Bgrad": 1.6803264255841066, "d1": -1.0189661345247636, "d2": 0.5636008269848043, "d3": -1.8952052408232345, "d4": -2.939012363236589, "p1": 3.244550231721494, "p2": 44.981754311068244, "p3": 32.057511162274984, "p4": 36.513436085343336, "pol1": 0.008723409076006439, "pol2": 0.11514920082503499, "pol3": -0.2722110346891129, "pol4": 0.5652712965455009, "v0s": 6.541191507245145}, "datetime": {"datetime": "2022-04-30 10:49:35", "elapsed": 155887.888111, "delta": 14.857274}}
{"target": -1.0, "params": {"Bgrad": 1.5500092054216967, "d1": 0.8475696597674154, "d2": 0.07535348433090627, "d3": 0.9116903645754162, "d4": -0.6388942012253538, "p1": 30.962954534326435, "p2": 31.952660854349528, "p3": 16.318569347560086, "p4": 1.6514509030768898, "pol1": 0.5763527572274312, "pol2": 0.42037570117046097, "pol3": -0.8419366166662452, "pol4": -0.7028363271260596, "v0s": 6.118041465177469}, "datetime": {"datetime": "2022-04-30 10:49:47", "elapsed": 155900.062559, "delta": 12.174448}}
{"target": -1.0, "params": {"Bgrad": 1.3025560659706061, "d1": -2.2351422289640106, "d2": -2.7761865964601595, "d3": -0.5543507987705549, "d4": -2.7855534924848198, "p1": 10.678765597613637, "p2": 25.13313351560144, "p3": 4.7015554810201365, "p4": 20.445305535751086, "pol1": -0.959768403833865, "pol2": -0.7610725083883179, "pol3": 0.8801250276343355, "pol4": 0.11772217799609597, "v0s": 6.118768255928211}, "datetime": {"datetime": "2022-04-30 10:50:01", "elapsed": 155913.870639, "delta": 13.80808}}
{"target": -1.0, "params": {"Bgrad": 1.0666553047111065, "d1": 0.05248564274151413, "d2": 0.5855561393611395, "d3": 0.6407686517356348, "d4": -1.0140554074733639, "p1": 38.13051159805924, "p2": 35.44810166057558, "p3": 47.56484269096246, "p4": 12.07772450735931, "pol1": 0.1226794155660369, "pol2": -0.9124534648643805, "pol3": 0.8463559180350717, "pol4": 0.8905131575172105, "v0s": 5.005438069337199}, "datetime": {"datetime": "2022-04-30 10:50:11", "elapsed": 155923.739252, "delta": 9.868613}}
{"target": -1.0, "params": {"Bgrad": 1.3791761722787956, "d1": 0.0877673802275174, "d2": -2.0026752628901754, "d3": -1.4840380958152313, "d4": -1.8455776152040189, "p1": 26.940198260745714, "p2": 47.44784119070069, "p3": 19.270034977492756, "p4": 2.2504882906869526, "pol1": 0.3650372654189724, "pol2": -0.009938679640243864, "pol3": -0.40697599820255626, "pol4": -0.16822278658157774, "v0s": 7.175061781290626}, "datetime": {"datetime": "2022-04-30 10:50:19", "elapsed": 155932.480879, "delta": 8.741627}}
{"target": -1.0, "params": {"Bgrad": 1.7315265703247826, "d1": -2.3166146395980123, "d2": -0.25946688701574994, "d3": 0.9906534450903415, "d4": 0.13743719216335837, "p1": 36.25231777176846, "p2": 15.500998960516698, "p3": 7.973539529220575, "p4": 43.21610770117108, "pol1": 0.22069243683325346, "pol2": -0.21981920293244728, "pol3": 0.5111814696417591, "pol4": 0.43725577144260996, "v0s": 5.883998752864428}, "datetime": {"datetime": "2022-04-30 10:50:32", "elapsed": 155945.45419, "delta": 12.973311}}
{"target": -1.0, "params": {"Bgrad": 0.8108950423450095, "d1": 0.5421112711787979, "d2": -0.12397615028601106, "d3": -1.7894777463415137, "d4": -2.745606004493189, "p1": 45.63982077479351, "p2": 39.692502922581426, "p3": 24.92918214857977, "p4": 20.696259710408345, "pol1": 0.2311249479781814, "pol2": -0.20296964779383675, "pol3": -0.9221639199490164, "pol4": -0.39606333578928354, "v0s": 3.477671348741219}, "datetime": {"datetime": "2022-04-30 10:50:42", "elapsed": 155954.92387, "delta": 9.46968}}
{"target": -1.0, "params": {"Bgrad": 1.9584538815081896, "d1": 0.06999219639741883, "d2": -1.38521354465761, "d3": -0.053491165170993504, "d4": -1.7893799394376333, "p1": 26.364791371608604, "p2": 10.35716199143285, "p3": 12.71301417928618, "p4": 21.701153440968678, "pol1": -0.8351482820711014, "pol2": 0.7065759134579044, "pol3": 0.8326584325839512, "pol4": -0.5737842748969049, "v0s": 4.842332070564277}, "datetime": {"datetime": "2022-04-30 10:50:55", "elapsed": 155967.707689, "delta": 12.783819}}
{"target": -1.0, "params": {"Bgrad": 1.7621895525137403, "d1": -1.8468841061645764, "d2": -0.5571647117973733, "d3": -1.2318079521774306, "d4": -1.4100340865121366, "p1": 39.46871106544533, "p2": 23.225630700308287, "p3": 23.240125920763738, "p4": 49.601425216272325, "pol1": 0.9244595908933728, "pol2": -0.5298382240355455, "pol3": -0.5460924657572204, "pol4": 0.3254760350875656, "v0s": 4.471678611219316}, "datetime": {"datetime": "2022-04-30 10:51:12", "elapsed": 155985.007432, "delta": 17.299743}}
{"target": -1.0, "params": {"Bgrad": 1.5781310608271257, "d1": -0.06618657376356474, "d2": 0.13317944479488464, "d3": -1.9467420488046554, "d4": 0.9934328612202639, "p1": 24.685021838522086, "p2": 4.1963257178854185, "p3": 5.600784162228045, "p4": 28.074986207322343, "pol1": 0.02021788485232756, "pol2": 0.8696710131024277, "pol3": 0.8016521216707995, "pol4": -0.06919270429251823, "v0s": 3.2388627993686927}, "datetime": {"datetime": "2022-04-30 10:51:26", "elapsed": 155999.004008, "delta": 13.996576}}
{"target": 4.430176162327209, "params": {"Bgrad": 1.3466264088744944, "d1": -1.76506647289031, "d2": -0.3976574641762207, "d3": -0.9395839724769535, "d4": 0.3727203657630609, "p1": 6.5870207466601105, "p2": 12.550338862638549, "p3": 29.87657171227511, "p4": 31.260739063348765, "pol1": -0.17481182924195648, "pol2": 0.8011843487374717, "pol3": 0.6205500500848964, "pol4": 0.08169976563077341, "v0s": 4.430176162327209}, "datetime": {"datetime": "2022-04-30 10:51:33", "elapsed": 156006.142919, "delta": 7.138911}}
{"target": -1.0, "params": {"Bgrad": 1.0957672163491057, "d1": -2.5440446104275356, "d2": 0.7489797875478188, "d3": -2.0618579452925347, "d4": -2.3887326893353826, "p1": 25.50079032277609, "p2": 22.75222677302619, "p3": 3.7013485246386035, "p4": 28.778643623954835, "pol1": 0.397070562752317, "pol2": -0.018902530636631276, "pol3": -0.854212695425514, "pol4": -0.6406720229222991, "v0s": 2.695612756112512}, "datetime": {"datetime": "2022-04-30 10:51:43", "elapsed": 156016.174098, "delta": 10.031179}}
{"target": -1.0, "params": {"Bgrad": 1.375193861206537, "d1": -2.6596487881044393, "d2": -1.4637805037344385, "d3": -2.4113744182355705, "d4": -1.354055056577625, "p1": 31.26374794300923, "p2": 17.976983085122804, "p3": 44.799217387414956, "p4": 20.87401738124531, "pol1": 0.867310472618668, "pol2": 0.6409136657867285, "pol3": -0.7667150248839718, "pol4": -0.7920687568044504, "v0s": 2.7968608303075433}, "datetime": {"datetime": "2022-04-30 10:51:52", "elapsed": 156024.777095, "delta": 8.602997}}
{"target": -1.0, "params": {"Bgrad": 1.457702551286828, "d1": -0.26163145924689557, "d2": 0.16004033525905204, "d3": -0.8306965442516914, "d4": -0.2985685231989539, "p1": 34.33758356297664, "p2": 16.91149340697422, "p3": 32.52581563633943, "p4": 20.204800926502468, "pol1": 0.28032899431008906, "pol2": 0.8692404366697237, "pol3": -0.1400586154571517, "pol4": 0.012335090431276452, "v0s": 3.9923888120778837}, "datetime": {"datetime": "2022-04-30 10:52:03", "elapsed": 156035.653015, "delta": 10.87592}}
{"target": -1.0, "params": {"Bgrad": 1.3680808054710711, "d1": 0.4536812129216967, "d2": -1.8654025759577704, "d3": 0.3375612887981201, "d4": -0.922091181108379, "p1": 11.303813002839814, "p2": 20.972361423451385, "p3": 8.349733692430656, "p4": 45.61972623649704, "pol1": -0.8841057050675678, "pol2": 0.20800686575602656, "pol3": -0.7920966641151115, "pol4": -0.37304385813103447, "v0s": 2.8576499594685973}, "datetime": {"datetime": "2022-04-30 10:52:14", "elapsed": 156047.292892, "delta": 11.639877}}
{"target": -1.0, "params": {"Bgrad": 1.2492657313158884, "d1": -0.455608901670431, "d2": 0.3170218840793666, "d3": -1.199948260475495, "d4": 0.07779646866673673, "p1": 29.766890683942552, "p2": 48.613216652300274, "p3": 5.985789765871841, "p4": 40.815884129891245, "pol1": 0.6703124098254505, "pol2": 0.5831435654549022, "pol3": -0.09035025467440083, "pol4": 0.054418812238100855, "v0s": 7.91230770452768}, "datetime": {"datetime": "2022-04-30 10:52:23", "elapsed": 156056.074412, "delta": 8.78152}}
{"target": -1.0, "params": {"Bgrad": 1.916953720150616, "d1": 0.05200701466319879, "d2": -1.1589546637644514, "d3": -0.8390577588667427, "d4": 0.21824132498401294, "p1": 13.843479477744381, "p2": 12.82665589018962, "p3": 10.69306726979375, "p4": 27.560308038804106, "pol1": 0.902791205677582, "pol2": -0.524526611020669, "pol3": 0.6031987095194771, "pol4": -0.9391799634359459, "v0s": 5.037320068326055}, "datetime": {"datetime": "2022-04-30 10:52:36", "elapsed": 156069.291073, "delta": 13.216661}}
{"target": -1.0, "params": {"Bgrad": 0.9260380380579087, "d1": -1.8691130805093579, "d2": -1.432104437098014, "d3": -0.8581705559453185, "d4": 0.09154145370210909, "p1": 48.082912724862666, "p2": 7.519281890541435, "p3": 19.739507072199526, "p4": 8.137013008760752, "pol1": 0.6732843096230516, "pol2": -0.8303951667169993, "pol3": 0.7125714433087331, "pol4": 0.48169031425093256, "v0s": 7.150019050434777}, "datetime": {"datetime": "2022-04-30 10:52:45", "elapsed": 156077.670668, "delta": 8.379595}}
{"target": -1.0, "params": {"Bgrad": 1.8348803147331796, "d1": -2.3968934158607356, "d2": -0.7732558228322599, "d3": -1.7899295600140546, "d4": -1.915107215507509, "p1": 0.8217187796387415, "p2": 25.759038558909953, "p3": 0.9524699808784176, "p4": 44.91142889048097, "pol1": -0.46603661713146427, "pol2": -0.013253188900725243, "pol3": 0.2728350479421455, "pol4": -0.9970004863160675, "v0s": 2.67943367628925}, "datetime": {"datetime": "2022-04-30 10:52:50", "elapsed": 156082.987451, "delta": 5.316783}}
{"target": 2.529014437716463, "params": {"Bgrad": 1.1998121448438248, "d1": -0.5068887938336002, "d2": 0.2786842493912558, "d3": -1.3407775423385764, "d4": 0.7074165392588974, "p1": 29.869162285371896, "p2": 0.09153985596984104, "p3": 34.00189628012581, "p4": 10.638682251899635, "pol1": -0.9694883355366781, "pol2": 0.4714964632709877, "pol3": 0.1038207646269782, "pol4": 0.5672421785409245, "v0s": 2.529014437716463}, "datetime": {"datetime": "2022-04-30 10:52:56", "elapsed": 156089.055227, "delta": 6.067776}}
{"target": -1.0, "params": {"Bgrad": 1.0335495251036269, "d1": -1.801193444953543, "d2": -0.7239880091280915, "d3": -0.9593871790495299, "d4": 0.12850500008647847, "p1": 9.35289541540354, "p2": 28.824775328061914, "p3": 32.21887041733784, "p4": 22.993399364314072, "pol1": 0.11595445993989317, "pol2": 0.9486521266772594, "pol3": 0.5033448351044236, "pol4": -0.2380272779983441, "v0s": 4.6040977128107485}, "datetime": {"datetime": "2022-04-30 10:53:06", "elapsed": 156098.775238, "delta": 9.720011}}
{"target": 3.208797918081929, "params": {"Bgrad": 1.5692472261447517, "d1": -2.6251516250361315, "d2": -0.4487671094415848, "d3": -2.542566016491436, "d4": -2.5926080484039447, "p1": 33.33343895835112, "p2": 8.354993876848432, "p3": 38.2359234499631, "p4": 37.52952055387141, "pol1": -0.3759594566425839, "pol2": 0.14172919924408434, "pol3": 0.2902812900131231, "pol4": 0.6229292187350295, "v0s": 3.208797918081929}, "datetime": {"datetime": "2022-04-30 10:53:13", "elapsed": 156105.866278, "delta": 7.09104}}
{"target": 2.2498282827008618, "params": {"Bgrad": 1.5143640745838531, "d1": 0.2915623339291544, "d2": -1.3424572844590794, "d3": -1.0252127799266968, "d4": -0.9430024156442913, "p1": 46.96643138588357, "p2": 2.582538068096479, "p3": 28.577641204705102, "p4": 24.488004617345883, "pol1": -0.31234379962055403, "pol2": 0.33983343970286994, "pol3": 0.5388800213235552, "pol4": 0.08011915391763624, "v0s": 2.2498282827008618}, "datetime": {"datetime": "2022-04-30 10:53:20", "elapsed": 156113.217622, "delta": 7.351344}}
