{"target": 4.0355284566035525, "params": {"Bgrad": 1.0905780331993506, "d1": -2.643014353502918, "d2": -0.9938691998114004, "d3": -2.71395240420461, "d4": -2.5305860986513027, "p1": 29.013893846478368, "p2": 11.105544743611206, "p3": 39.51100452458873, "p4": 27.33408558832236, "pol1": -0.3651497240789945, "pol2": -0.43376490864810036, "pol3": 0.762385156875546, "pol4": -0.11823089873864778, "v0s": 4.0355284566035525}, "datetime": {"datetime": "2022-06-25 01:42:51", "elapsed": 7243.585021, "delta": 12.004899}}
{"target": -1.0, "params": {"Bgrad": 1.0220194812145325, "d1": -2.0425640312135798, "d2": 0.6411939468955858, "d3": 0.19239445815061806, "d4": -1.4069774127772705, "p1": 49.484733739726515, "p2": 42.448863617565365, "p3": 7.350316269486424, "p4": 11.038170505272415, "pol1": 0.5115529901434916, "pol2": -0.08551380041565348, "pol3": -0.6627296305495118, "pol4": 0.9658118136935079, "v0s": 5.3875472509468905}, "datetime": {"datetime": "2022-06-25 01:43:12", "elapsed": 7263.702227, "delta": 20.117206}}
{"target": -1.0, "params": {"Bgrad": 1.1555604832839035, "d1": -2.748038859836374, "d2": -0.3563127948429181, "d3": -1.226842481370035, "d4": -1.9602030204864023, "p1": 6.9413696053158835, "p2": 9.082058767146622, "p3": 35.61668072478881, "p4": 29.965556445106934, "pol1": -0.958285140115045, "pol2": -0.06061076434012547, "pol3": 0.8299918996208284, "pol4": -0.7564371778147965, "v0s": 3.0384241190689387}, "datetime": {"datetime": "2022-06-25 01:43:26", "elapsed": 7277.746672, "delta": 14.044445}}
{"target": -1.0, "params": {"Bgrad": 1.1852737340036392, "d1": -1.6482734993006738, "d2": -2.886912014839764, "d3": -0.47319810859063116, "d4": -0.4836976610539656, "p1": 4.704058617741591, "p2": 13.023232931618923, "p3": 35.41133715653657, "p4": 27.72201800384091, "pol1": -0.4897084818005677, "pol2": -0.9678884691845466, "pol3": -0.6745760786106434, "pol4": -0.7669026208950103, "v0s": 2.484829625964334}, "datetime": {"datetime": "2022-06-25 01:43:36", "elapsed": 7288.66348, "delta": 10.916808}}
{"target": 3.5093274168434823, "params": {"Bgrad": 1.8225422666218554, "d1": -2.0615710986711964, "d2": -1.6222430520871933, "d3": -1.579398119170067, "d4": -2.3033675202690613, "p1": 8.538768736264995, "p2": 15.816400362473676, "p3": 7.685963796245504, "p4": 27.809217726659963, "pol1": 0.4660940292894218, "pol2": -0.7334202073527445, "pol3": 0.6128326620631293, "pol4": 0.8635361616022847, "v0s": 3.5093274168434823}, "datetime": {"datetime": "2022-06-25 01:43:49", "elapsed": 7301.093243, "delta": 12.429763}}
{"target": -1.0, "params": {"Bgrad": 0.6675254211596512, "d1": -1.3880715852211516, "d2": -2.0312589784464694, "d3": -1.2185737241582895, "d4": -2.900473845545399, "p1": 1.7805040912646453, "p2": 30.41031362728811, "p3": 19.211876707665482, "p4": 9.848517221530779, "pol1": -0.8769925402728633, "pol2": -0.9101812433006007, "pol3": 0.49853260195506177, "pol4": -0.010473799222200597, "v0s": 3.4674034375063165}, "datetime": {"datetime": "2022-06-25 01:44:04", "elapsed": 7316.623715, "delta": 15.530472}}
{"target": -1.0, "params": {"Bgrad": 0.8710706512065489, "d1": -1.6123121971961207, "d2": 0.5254445728092785, "d3": -1.6846549098241128, "d4": -1.980658061124428, "p1": 4.364153589157002, "p2": 13.901634447018887, "p3": 34.27365126377836, "p4": 31.00481217740127, "pol1": -0.17213523807939898, "pol2": 0.34080034354628985, "pol3": -0.11343974577476224, "pol4": -0.28487207114214647, "v0s": 4.223478425528416}, "datetime": {"datetime": "2022-06-25 01:44:20", "elapsed": 7332.093349, "delta": 15.469634}}
{"target": 4.464370487084852, "params": {"Bgrad": 1.1687502958024376, "d1": -2.582986514815898, "d2": 0.17544528940472373, "d3": -1.4057243003985298, "d4": -1.6786485065430634, "p1": 5.476078187700607, "p2": 13.30897967518355, "p3": 35.798794132815, "p4": 29.887982594779814, "pol1": -0.4215459446999771, "pol2": 0.11055539507024767, "pol3": 0.08539856130618513, "pol4": 0.2794775542821551, "v0s": 4.464370487084852}, "datetime": {"datetime": "2022-06-25 01:44:32", "elapsed": 7344.485215, "delta": 12.391866}}
{"target": 3.309356403826431, "params": {"Bgrad": 1.3400253519697265, "d1": -3.0, "d2": -1.3257368099332947, "d3": -0.888767870653606, "d4": 1.0, "p1": 9.21675926981332, "p2": 25.91703585206177, "p3": 17.175783068919824, "p4": 38.32683635374761, "pol1": 0.17142388595712954, "pol2": -0.27884179050380925, "pol3": -0.6606796105576204, "pol4": -0.1585185001510623, "v0s": 3.309356403826431}, "datetime": {"datetime": "2022-06-25 01:44:49", "elapsed": 7360.779642, "delta": 16.294427}}
{"target": 3.3643215778822695, "params": {"Bgrad": 0.7764097549699984, "d1": -1.9933080155130192, "d2": -0.19999688528803317, "d3": -0.37115812192049935, "d4": 0.872065469618962, "p1": 6.094376042266047, "p2": 12.693657129140433, "p3": 33.590566958370026, "p4": 32.810432790083354, "pol1": 0.8380839603161181, "pol2": 0.14351995648709814, "pol3": -0.8546541053495402, "pol4": -0.050514382727967266, "v0s": 3.3643215778822695}, "datetime": {"datetime": "2022-06-25 01:44:57", "elapsed": 7368.859037, "delta": 8.079395}}
{"target": -1.0, "params": {"Bgrad": 1.3101345547608554, "d1": -1.4185706892956285, "d2": -1.6729641679096954, "d3": -1.552144416828599, "d4": -2.7532320076494057, "p1": 4.954378878319704, "p2": 36.15558579469548, "p3": 35.73615695568677, "p4": 36.1643870599841, "pol1": 0.3177541192238349, "pol2": -0.6592463904456742, "pol3": 0.3525075502064181, "pol4": -0.06006161381018149, "v0s": 3.5498111907965173}, "datetime": {"datetime": "2022-06-25 01:45:14", "elapsed": 7385.987236, "delta": 17.128199}}
{"target": 4.432008141898098, "params": {"Bgrad": 0.7375077180935724, "d1": -2.4330116582060475, "d2": 0.5104022059916291, "d3": -2.1677792242590592, "d4": -1.6316144336482559, "p1": 26.3845423471524, "p2": 26.06008481013725, "p3": 3.343222433481424, "p4": 44.42736172598712, "pol1": 0.6807856925806746, "pol2": -0.3755290568374272, "pol3": -0.23419266908288527, "pol4": -0.0024929738798999956, "v0s": 4.432008141898098}, "datetime": {"datetime": "2022-06-25 01:45:26", "elapsed": 7397.697923, "delta": 11.710687}}
{"target": -1.0, "params": {"Bgrad": 0.5626943647189442, "d1": -0.7563728967247321, "d2": 0.8552610321104268, "d3": 0.2526447561914278, "d4": 0.3141370496055771, "p1": 5.0249723445174865, "p2": 13.63943335998235, "p3": 36.095013977681134, "p4": 29.106899151408854, "pol1": -0.8298729401411675, "pol2": -0.39664152700428046, "pol3": -0.33825840639981464, "pol4": -0.08373009935456932, "v0s": 2.502328377416213}, "datetime": {"datetime": "2022-06-25 01:45:39", "elapsed": 7411.629668, "delta": 13.931745}}
{"target": -1.0, "params": {"Bgrad": 1.4023729713285082, "d1": -2.7759827272537425, "d2": -1.0712382319849247, "d3": 0.8801260447093298, "d4": -2.8808506859445933, "p1": 1.6924492609331543, "p2": 29.910011431696145, "p3": 17.89334992542128, "p4": 6.580092894497397, "pol1": -0.9978707294282194, "pol2": 0.39195070776674346, "pol3": -0.6119560652143008, "pol4": 0.23285669882745297, "v0s": 4.244157268584055}, "datetime": {"datetime": "2022-06-25 01:45:58", "elapsed": 7430.155132, "delta": 18.525464}}
{"target": -1.0, "params": {"Bgrad": 1.934763266498782, "d1": -2.8610486371423343, "d2": -0.6663113162971412, "d3": -2.407529972101655, "d4": -2.1467889382909826, "p1": 27.11383818586755, "p2": 9.604455251465083, "p3": 39.198575268445, "p4": 25.663219838821266, "pol1": -0.969757310963397, "pol2": -0.04454413642550681, "pol3": 0.8562754925210623, "pol4": -0.020020310532143926, "v0s": 3.2986849602084733}, "datetime": {"datetime": "2022-06-25 01:46:06", "elapsed": 7437.988185, "delta": 7.833053}}
{"target": -1.0, "params": {"Bgrad": 1.3977905998631774, "d1": -0.6357610662473464, "d2": 0.13560203140284718, "d3": -1.975349388251679, "d4": -2.445446937140498, "p1": 5.156800000731776, "p2": 23.461328342127775, "p3": 1.150150477729883, "p4": 31.71427520539417, "pol1": 0.25234259412609206, "pol2": -0.4518804176019046, "pol3": 0.07693318529795122, "pol4": -1.0, "v0s": 3.559566089614159}, "datetime": {"datetime": "2022-06-25 01:46:18", "elapsed": 7450.096807, "delta": 12.108622}}
{"target": 4.2491998754985145, "params": {"Bgrad": 0.5, "d1": -3.0, "d2": -3.0, "d3": -3.0, "d4": -1.1090533533096305, "p1": 5.636449804524495, "p2": 1.484485155803462, "p3": 37.75765333274395, "p4": 19.52462617680008, "pol1": 0.6001844108632434, "pol2": -0.6310128176533077, "pol3": -0.2071769497759277, "pol4": 0.28656822430863854, "v0s": 4.2491998754985145}, "datetime": {"datetime": "2022-06-25 01:46:29", "elapsed": 7460.958762, "delta": 10.861955}}
{"target": -1.0, "params": {"Bgrad": 1.3007376213810766, "d1": -2.7124936954379937, "d2": -1.6322036032864595, "d3": -2.54713989156886, "d4": 0.4054857977154622, "p1": 2.9765492649758696, "p2": 13.483347721932676, "p3": 31.638235422578877, "p4": 28.46050358624039, "pol1": 0.4344925807658071, "pol2": -0.9196348267790695, "pol3": -0.5390375369122729, "pol4": -0.9753169610389341, "v0s": 4.424225346099314}, "datetime": {"datetime": "2022-06-25 01:46:59", "elapsed": 7491.370441, "delta": 30.411679}}
{"target": 3.102724132348757, "params": {"Bgrad": 0.7614021724669718, "d1": -2.851106417825394, "d2": 0.6115181311081046, "d3": -0.9550866591195599, "d4": -1.8049293421186143, "p1": 43.004169839181266, "p2": 20.476224319121073, "p3": 23.391330967433426, "p4": 12.57877367442034, "pol1": 0.5017207093123264, "pol2": -0.07339352944115896, "pol3": 0.976144587392985, "pol4": 0.9352049438046588, "v0s": 3.102724132348757}, "datetime": {"datetime": "2022-06-25 01:47:09", "elapsed": 7500.877021, "delta": 9.50658}}
{"target": 5.4470711679640464, "params": {"Bgrad": 1.923250429312787, "d1": -2.805969514362647, "d2": -0.35990219999853723, "d3": -1.6551262404610094, "d4": -0.03149219914117207, "p1": 7.5142091346065865, "p2": 9.271404235617625, "p3": 32.94260616207843, "p4": 31.84119776559366, "pol1": 0.6301263605258387, "pol2": -0.22126365131345183, "pol3": 0.7544553766344704, "pol4": -0.6509583865480961, "v0s": 5.4470711679640464}, "datetime": {"datetime": "2022-06-25 01:47:22", "elapsed": 7513.679786, "delta": 12.802765}}
{"target": -1.0, "params": {"Bgrad": 1.6823682484434814, "d1": -2.0448272665260747, "d2": 0.7379375843711662, "d3": -2.840543648773352, "d4": 0.7580876184529206, "p1": 3.245937843411145, "p2": 9.558997277702835, "p3": 35.88431073783871, "p4": 31.628554150418786, "pol1": -0.47846945678063224, "pol2": -0.303744538921654, "pol3": -0.5820566873491047, "pol4": -0.8923907428653712, "v0s": 3.3430491782235774}, "datetime": {"datetime": "2022-06-25 01:47:38", "elapsed": 7529.831595, "delta": 16.151809}}
{"target": -1.0, "params": {"Bgrad": 1.6083722157285834, "d1": -1.0016065431970578, "d2": 0.8929684046579274, "d3": -1.2325402353599442, "d4": -2.0157010126410513, "p1": 9.693664823996434, "p2": 18.98407313238642, "p3": 10.244265694720317, "p4": 31.492980991847997, "pol1": -0.43188615686939924, "pol2": 0.044120140019239695, "pol3": 0.13318541081048862, "pol4": -0.528562130612303, "v0s": 3.99781162575068}, "datetime": {"datetime": "2022-06-25 01:47:51", "elapsed": 7543.550913, "delta": 13.719318}}
{"target": 3.143295264429407, "params": {"Bgrad": 0.8104585341925712, "d1": -1.9125475322864163, "d2": -0.05548482295085355, "d3": -0.4751807642918786, "d4": 0.18905762294142114, "p1": 3.8049433324561344, "p2": 14.348546195991396, "p3": 37.723067612836566, "p4": 30.492859434768498, "pol1": -0.5548777378222076, "pol2": -0.2125813073574876, "pol3": -0.8469458431561654, "pol4": -0.29428310031343163, "v0s": 3.143295264429407}, "datetime": {"datetime": "2022-06-25 01:48:00", "elapsed": 7551.816807, "delta": 8.265894}}
{"target": 4.503461670940023, "params": {"Bgrad": 0.9813660865048639, "d1": -2.4602740528769256, "d2": 0.4157229301515702, "d3": -2.0628193211161965, "d4": -2.47044557632151, "p1": 8.227064810343755, "p2": 14.960168062293334, "p3": 5.8941687760876365, "p4": 29.35584842578649, "pol1": -0.13407929200941865, "pol2": -0.5080585804548922, "pol3": -0.3415853648813467, "pol4": -0.08862508096072849, "v0s": 4.503461670940023}, "datetime": {"datetime": "2022-06-25 01:48:14", "elapsed": 7566.166436, "delta": 14.349629}}
{"target": -1.0, "params": {"Bgrad": 0.5162385439033349, "d1": -2.600699004745578, "d2": -0.17682819883299805, "d3": -1.7989980291944172, "d4": -2.9283640033374714, "p1": 26.812878061783262, "p2": 11.998997309407343, "p3": 37.508753853883384, "p4": 28.57960278509553, "pol1": 0.4483212390816731, "pol2": 0.355077342482534, "pol3": 0.8892266277789722, "pol4": 0.7984249803781911, "v0s": 5.499133869623286}, "datetime": {"datetime": "2022-06-25 01:48:26", "elapsed": 7578.396732, "delta": 12.230296}}
{"target": -1.0, "params": {"Bgrad": 1.2492399330225412, "d1": -2.6442905643386556, "d2": -0.45616445265942396, "d3": -2.734645903088203, "d4": 0.6059442917093634, "p1": 9.045109597123863, "p2": 7.637756214411063, "p3": 33.57750974498295, "p4": 31.08231441080641, "pol1": 0.10497440162643379, "pol2": 0.18720452489499162, "pol3": 0.22759745151104704, "pol4": 0.9058071104869496, "v0s": 6.185075600037772}, "datetime": {"datetime": "2022-06-25 01:48:42", "elapsed": 7593.953135, "delta": 15.556403}}
{"target": -1.0, "params": {"Bgrad": 1.7422725741222473, "d1": -2.92399331793637, "d2": 0.7315962573773964, "d3": -0.8943236779066037, "d4": -1.2647946303450168, "p1": 6.377834249758113, "p2": 11.99757212275156, "p3": 34.239261261555086, "p4": 26.626301712024734, "pol1": 0.10840621071165879, "pol2": -0.044410768295152, "pol3": 0.3190944380571399, "pol4": 0.651888156814515, "v0s": 7.089224932378893}, "datetime": {"datetime": "2022-06-25 01:48:58", "elapsed": 7610.394171, "delta": 16.441036}}
{"target": 3.9609014764505166, "params": {"Bgrad": 0.6457976927663868, "d1": -2.5047036876866238, "d2": -1.3121235241456224, "d3": -0.9222136508931631, "d4": -0.5207881660892055, "p1": 21.87238372548048, "p2": 18.139367534928667, "p3": 27.596268335291192, "p4": 46.41908082331928, "pol1": 0.6915495162306552, "pol2": -0.1372105706625879, "pol3": 0.6309586587544681, "pol4": -0.0703334559714139, "v0s": 3.9609014764505166}, "datetime": {"datetime": "2022-06-25 01:49:07", "elapsed": 7619.578611, "delta": 9.18444}}
{"target": -1.0, "params": {"Bgrad": 0.8637221393246958, "d1": -1.8183215986002481, "d2": -1.4465781859103006, "d3": -0.021406848054997596, "d4": -0.027987953839299973, "p1": 14.662147838302191, "p2": 2.097720072925302, "p3": 28.99112389155111, "p4": 22.934138567696145, "pol1": -0.3430673278630312, "pol2": -0.660213329053059, "pol3": -0.4110046685432731, "pol4": -0.11651804166234969, "v0s": 2.5611098800065384}, "datetime": {"datetime": "2022-06-25 01:49:19", "elapsed": 7631.564561, "delta": 11.98595}}
{"target": -1.0, "params": {"Bgrad": 1.195430947432633, "d1": -0.6015873063769708, "d2": 0.538509161228204, "d3": -0.09283875883364301, "d4": -2.217576315294384, "p1": 43.22960657054846, "p2": 18.89865554072173, "p3": 26.376930516512825, "p4": 12.791645257720113, "pol1": 0.12305519640388796, "pol2": -0.5758500890335403, "pol3": 0.041955140496520826, "pol4": 0.871734827188335, "v0s": 3.653522051836462}, "datetime": {"datetime": "2022-06-25 01:50:33", "elapsed": 7705.393144, "delta": 73.828583}}
{"target": -1.0, "params": {"Bgrad": 1.69961929985862, "d1": -0.94346189487917, "d2": 0.2373022790824577, "d3": 0.0701197885004099, "d4": -2.224368164516501, "p1": 0.9746416752859532, "p2": 11.303767072932741, "p3": 35.746276506383495, "p4": 29.294506573081247, "pol1": -0.005749956909059106, "pol2": -0.3354268318890352, "pol3": 0.5012917066894358, "pol4": 0.17855772383678525, "v0s": 3.7849472105495003}, "datetime": {"datetime": "2022-06-25 01:51:43", "elapsed": 7774.902276, "delta": 69.509132}}
{"target": -1.0, "params": {"Bgrad": 1.0328934235674991, "d1": -1.0788182879863522, "d2": -0.8560397301678981, "d3": -2.561501821630629, "d4": -2.4735700240756566, "p1": 7.1147339168691595, "p2": 37.44984843349538, "p3": 32.82160023162604, "p4": 33.387165966379115, "pol1": 0.8751510445813646, "pol2": -0.9763036986397504, "pol3": 0.08392548205116257, "pol4": 0.8103221173563835, "v0s": 4.375805763257523}, "datetime": {"datetime": "2022-06-25 01:52:00", "elapsed": 7792.197029, "delta": 17.294753}}
{"target": -1.0, "params": {"Bgrad": 1.0436802632674422, "d1": -1.9056537036244192, "d2": 0.5348870505404868, "d3": -2.371621521523394, "d4": -2.078657322760471, "p1": 5.419554856724051, "p2": 8.9042864801545, "p3": 34.483019105936876, "p4": 31.29016713544576, "pol1": 0.0026661652309169473, "pol2": 0.6364542378247317, "pol3": 0.19566690793888933, "pol4": 0.23686248830537243, "v0s": 4.1638932213993884}, "datetime": {"datetime": "2022-06-25 01:52:14", "elapsed": 7806.65437, "delta": 14.457341}}
{"target": -1.0, "params": {"Bgrad": 1.963369269596797, "d1": -2.553172165361528, "d2": -0.09702187955382557, "d3": -0.3743285706827666, "d4": -1.6130100515996624, "p1": 6.103935606729005, "p2": 16.50155146547565, "p3": 36.91066390084985, "p4": 30.508891066088946, "pol1": 0.27945695770698076, "pol2": 0.8131500320961267, "pol3": -0.22459960446361515, "pol4": 0.8757536784321762, "v0s": 6.52725588398038}, "datetime": {"datetime": "2022-06-25 01:52:40", "elapsed": 7832.443409, "delta": 25.789039}}
{"target": 3.0681442364780516, "params": {"Bgrad": 1.0268405695851206, "d1": -1.2898859115231986, "d2": 0.8380054514728053, "d3": -2.174909656307299, "d4": -1.6628172909718835, "p1": 6.133476982691888, "p2": 6.976074687073558, "p3": 34.52210723804784, "p4": 26.12620285846093, "pol1": 0.25531794883110703, "pol2": -0.07057573318929622, "pol3": -0.5867743782963815, "pol4": -0.9029407617670011, "v0s": 3.0681442364780516}, "datetime": {"datetime": "2022-06-25 01:52:51", "elapsed": 7843.211616, "delta": 10.768207}}
{"target": 2.457545150413269, "params": {"Bgrad": 1.9730533174721372, "d1": -2.5380493005402114, "d2": 0.036488711951466524, "d3": -0.19637105360216234, "d4": 0.10193057209136125, "p1": 1.3876088464131575, "p2": 12.583847685007871, "p3": 38.60986199649796, "p4": 31.797454717597805, "pol1": -0.09430021239637609, "pol2": -0.9162967430393048, "pol3": 0.6121539588971181, "pol4": -0.5363386673871535, "v0s": 2.457545150413269}, "datetime": {"datetime": "2022-06-25 01:53:05", "elapsed": 7857.552269, "delta": 14.340653}}
{"target": 3.987129734258301, "params": {"Bgrad": 1.1050427682258857, "d1": -2.284647037913657, "d2": 0.3485178348822999, "d3": -1.010396336158279, "d4": -2.11699714795752, "p1": 7.002415387495392, "p2": 32.81283310740599, "p3": 35.152750216048354, "p4": 35.788305582885656, "pol1": 0.45742671662829304, "pol2": -0.19018619430388584, "pol3": 0.7795060416829278, "pol4": 0.8154123782974527, "v0s": 3.987129734258301}, "datetime": {"datetime": "2022-06-25 01:53:17", "elapsed": 7868.680511, "delta": 11.128242}}
{"target": 3.4601369372210256, "params": {"Bgrad": 1.1067740281067784, "d1": -1.9233786220339755, "d2": 0.33356648800219224, "d3": -1.1022259535126504, "d4": -0.12118818259094999, "p1": 4.100617647747828, "p2": 14.222460890889199, "p3": 38.798264759711046, "p4": 31.988480113594917, "pol1": 0.27393101654025465, "pol2": 0.6063391827859754, "pol3": -0.9573597662725508, "pol4": -0.7263282086653662, "v0s": 3.4601369372210256}, "datetime": {"datetime": "2022-06-25 01:53:29", "elapsed": 7881.268851, "delta": 12.58834}}
{"target": 4.014529355008305, "params": {"Bgrad": 1.8060225186819245, "d1": -1.628756652211477, "d2": 0.5547034631033556, "d3": -1.594967536157533, "d4": -0.33803787852297074, "p1": 7.300952772032765, "p2": 9.021811814662955, "p3": 31.323971082947423, "p4": 31.005503715668105, "pol1": -0.32984230147769167, "pol2": -0.4985504479344087, "pol3": 0.48227740753312087, "pol4": -0.42909646647708755, "v0s": 4.014529355008305}, "datetime": {"datetime": "2022-06-25 01:53:40", "elapsed": 7891.76977, "delta": 10.500919}}
{"target": -1.0, "params": {"Bgrad": 0.8503492043984575, "d1": -0.558458304179763, "d2": 0.27671683639771283, "d3": 0.22536999545177405, "d4": -2.287056302847446, "p1": 10.187646395180106, "p2": 13.61891440677, "p3": 8.248855390199644, "p4": 28.729875711776014, "pol1": -0.07866607860983188, "pol2": 0.015427666728118572, "pol3": -0.32283014205468774, "pol4": 0.7353931565508036, "v0s": 3.4333092107086385}, "datetime": {"datetime": "2022-06-25 01:54:01", "elapsed": 7913.285238, "delta": 21.515468}}
{"target": 2.334462026378851, "params": {"Bgrad": 0.7334190258937641, "d1": -1.0849990615868594, "d2": 0.5523745772317792, "d3": -1.6755552803925444, "d4": -2.4653340482360497, "p1": 5.182356851065329, "p2": 11.639523623939773, "p3": 33.250168745068294, "p4": 26.525601694506335, "pol1": 0.03652046664521014, "pol2": -0.6969398085598197, "pol3": -0.7793986844915923, "pol4": 0.8563731898962221, "v0s": 2.334462026378851}, "datetime": {"datetime": "2022-06-25 01:54:10", "elapsed": 7922.046809, "delta": 8.761571}}
{"target": -1.0, "params": {"Bgrad": 1.6233344722002732, "d1": -1.4625397884895874, "d2": -0.6428238163599316, "d3": -2.6238422556215544, "d4": -2.0806180350884236, "p1": 5.144799631331576, "p2": 37.1398286294594, "p3": 34.331996079889386, "p4": 34.451671389078484, "pol1": 0.07271281694899612, "pol2": 0.9065453741677858, "pol3": -0.7489467601570925, "pol4": -0.9036983856543996, "v0s": 4.545056445355922}, "datetime": {"datetime": "2022-06-25 01:54:29", "elapsed": 7940.976192, "delta": 18.929383}}
{"target": -1.0, "params": {"Bgrad": 0.8676486471870258, "d1": -2.0274807591775317, "d2": -1.2958165609406653, "d3": -0.9989464065351239, "d4": -2.697448998945721, "p1": 4.671044726268519, "p2": 11.481890053136778, "p3": 34.23598574792182, "p4": 24.91617546205565, "pol1": -0.2685176889388674, "pol2": -0.35567470255622236, "pol3": -0.8112690510726648, "pol4": 0.5842731321122168, "v0s": 4.478165767275415}, "datetime": {"datetime": "2022-06-25 01:54:45", "elapsed": 7957.621682, "delta": 16.64549}}
