{"target": -1.0, "params": {"Bgrad": 1.5136875127278109, "d1": -0.753903396478969, "d2": -0.8675961691802647, "d3": -1.7453884832716335, "d4": -2.233232908100218, "p1": 48.12886751125277, "p2": 36.69531851814815, "p3": 10.235856893660406, "p4": 13.976332797817259, "pol1": 0.2657301817743465, "pol2": 0.1984751694180169, "pol3": -0.19433009406719948, "pol4": -0.03453512181144314, "v0s": 7.882155180665478}, "datetime": {"datetime": "2022-04-28 18:27:37", "elapsed": 10569.691316, "delta": 16.938709}}
{"target": -1.0, "params": {"Bgrad": 1.885976532858431, "d1": 0.6841019247509368, "d2": 0.9446042599455153, "d3": -1.2857302977679979, "d4": -2.604639372437481, "p1": 1.3470371023281802, "p2": 49.22447987136295, "p3": 32.474826150820604, "p4": 32.36003287494662, "pol1": 0.44488415271366377, "pol2": 0.502479226477367, "pol3": -0.5746984255874388, "pol4": 0.5091356353925676, "v0s": 6.176230615123495}, "datetime": {"datetime": "2022-04-28 18:27:55", "elapsed": 10587.651295, "delta": 17.959979}}
{"target": -1.0, "params": {"Bgrad": 1.7124184878066018, "d1": -1.537530070896572, "d2": -2.1336265537158328, "d3": -2.650772510606364, "d4": -2.6980454023636757, "p1": 46.48440571409897, "p2": 18.930556870157428, "p3": 6.4238845337573345, "p4": 20.49833622037211, "pol1": -0.18416323212387908, "pol2": -0.358262485935549, "pol3": -0.4288814921132116, "pol4": 0.3997765194434162, "v0s": 6.851152572626841}, "datetime": {"datetime": "2022-04-28 18:28:09", "elapsed": 10602.271204, "delta": 14.619909}}
{"target": -1.0, "params": {"Bgrad": 1.0158626024450623, "d1": 0.49121324655434995, "d2": 0.6426656283537189, "d3": 0.1437928554168284, "d4": -1.6217370626518766, "p1": 11.933574204287478, "p2": 40.793550649151264, "p3": 19.566925644114157, "p4": 41.12511998120223, "pol1": -0.4816357188081648, "pol2": -0.09402600462083543, "pol3": 0.9007791874713769, "pol4": 0.6616025067438411, "v0s": 2.9551808220469398}, "datetime": {"datetime": "2022-04-28 18:28:24", "elapsed": 10617.202281, "delta": 14.931077}}
{"target": -1.0, "params": {"Bgrad": 0.903446352751514, "d1": 0.6462682371282478, "d2": -2.6382349161406484, "d3": -0.6202087395649207, "d4": 0.8562826066777758, "p1": 30.969374920583743, "p2": 2.764151471961579, "p3": 26.06587226111633, "p4": 48.94138427755034, "pol1": -0.4856723154599554, "pol2": -0.5968541391607134, "pol3": -0.47206345208393174, "pol4": -0.8116419579889624, "v0s": 6.306608601407499}, "datetime": {"datetime": "2022-04-28 18:28:32", "elapsed": 10625.064259, "delta": 7.861978}}
{"target": -1.0, "params": {"Bgrad": 1.5559982056669157, "d1": 0.0034609968296290816, "d2": -2.9991074712482755, "d3": -0.660412261294951, "d4": 0.030525657514616, "p1": 27.517811181676844, "p2": 46.52266102582916, "p3": 41.00202199923342, "p4": 0.6386336164895645, "pol1": 0.44384739727313227, "pol2": 0.6663219802254117, "pol3": -0.3927528165223555, "pol4": -0.05810854688927902, "v0s": 4.276835742584315}, "datetime": {"datetime": "2022-04-28 18:28:46", "elapsed": 10638.852392, "delta": 13.788133}}
{"target": -1.0, "params": {"Bgrad": 1.3987143749583597, "d1": -0.69019227770025, "d2": -2.8058849017580956, "d3": -2.469933238487808, "d4": -0.5435012854476162, "p1": 36.25574037700205, "p2": 34.46412516003357, "p3": 47.8337532647546, "p4": 16.193800043989597, "pol1": 0.8458516223724144, "pol2": -0.26911917623959836, "pol3": 0.1848104682995464, "pol4": 0.2768293844029115, "v0s": 6.74823868807484}, "datetime": {"datetime": "2022-04-28 18:28:56", "elapsed": 10648.904515, "delta": 10.052123}}
{"target": 4.086943519059922, "params": {"Bgrad": 1.6913103124340303, "d1": -0.2757708909517076, "d2": 0.06939814873736827, "d3": -2.408632863485214, "d4": -1.927598779447374, "p1": 3.626957507185163, "p2": 30.823380436566968, "p3": 11.152891186223629, "p4": 21.734613451298294, "pol1": 0.6736785574065329, "pol2": 0.49636298264891354, "pol3": 0.7288956409967902, "pol4": 0.36953499997968553, "v0s": 4.086943519059922}, "datetime": {"datetime": "2022-04-28 18:29:03", "elapsed": 10655.868893, "delta": 6.964378}}
{"target": -1.0, "params": {"Bgrad": 1.151537837140549, "d1": -2.277982144931615, "d2": -1.6861483396795554, "d3": -0.1048017621941284, "d4": -0.8222703391875208, "p1": 18.838895900246577, "p2": 0.5595635611503391, "p3": 5.759638145510504, "p4": 2.625607578848832, "pol1": -0.3877685421284225, "pol2": 0.008849316843142718, "pol3": -0.9977134149424585, "pol4": 0.7044019058952475, "v0s": 4.576498479741908}, "datetime": {"datetime": "2022-04-28 18:29:15", "elapsed": 10668.506104, "delta": 12.637211}}
{"target": -1.0, "params": {"Bgrad": 1.6291332614498797, "d1": -1.514075226473695, "d2": -1.762929158296461, "d3": 0.5853105155109124, "d4": 0.8516193951609394, "p1": 30.485174120207432, "p2": 47.71232434265205, "p3": 29.036904562064464, "p4": 46.50299856803348, "pol1": -0.9944155453340648, "pol2": -0.1603107360563254, "pol3": 0.7395800078282311, "pol4": -0.20942904973824028, "v0s": 4.068596772718562}, "datetime": {"datetime": "2022-04-28 18:29:30", "elapsed": 10683.433191, "delta": 14.927087}}
{"target": -1.0, "params": {"Bgrad": 1.2733108502656219, "d1": -0.7396775847507722, "d2": 0.7048395210993208, "d3": 0.8420903198484808, "d4": -2.5792925401032067, "p1": 31.799540266494454, "p2": 35.76204631594942, "p3": 39.03599257760183, "p4": 46.98369403453055, "pol1": -0.11753493797450587, "pol2": 0.7912333310307917, "pol3": -0.7107702417268169, "pol4": 0.9359755760555797, "v0s": 5.938803147407588}, "datetime": {"datetime": "2022-04-28 18:29:44", "elapsed": 10696.701714, "delta": 13.268523}}
{"target": -1.0, "params": {"Bgrad": 1.0369518732740959, "d1": -1.488561786565, "d2": -2.645128337818314, "d3": -1.8225361799423272, "d4": -1.421074687507096, "p1": 44.3910412563399, "p2": 36.16288718750187, "p3": 18.253850300719144, "p4": 0.6086267706190474, "pol1": -0.2322471954044174, "pol2": 0.8351506348993669, "pol3": 0.3632881543977262, "pol4": 0.05321850042913878, "v0s": 5.636417197485257}, "datetime": {"datetime": "2022-04-28 18:29:53", "elapsed": 10706.207298, "delta": 9.505584}}
{"target": -1.0, "params": {"Bgrad": 1.8879422718356165, "d1": -1.5281305096068003, "d2": -1.1776084691382867, "d3": -0.37558487783438066, "d4": 0.5946672344805277, "p1": 9.052896371145714, "p2": 49.580659466729735, "p3": 19.708387385444603, "p4": 18.647670146426528, "pol1": 0.18372212962547496, "pol2": 0.3525490115190886, "pol3": 0.2992102817329778, "pol4": 0.09329384076735558, "v0s": 2.8478553354017793}, "datetime": {"datetime": "2022-04-28 18:30:04", "elapsed": 10717.247778, "delta": 11.04048}}
{"target": -1.0, "params": {"Bgrad": 1.2768445358261666, "d1": -1.186841154971698, "d2": -0.08902182158535465, "d3": -0.9897043197755822, "d4": -2.5378711406791923, "p1": 22.447045253121416, "p2": 28.53241606668233, "p3": 36.861079909361855, "p4": 18.06257689690111, "pol1": 0.05373247836544448, "pol2": -0.9099589008271163, "pol3": 0.06281860224282765, "pol4": -0.05802873924436036, "v0s": 4.934819476051724}, "datetime": {"datetime": "2022-04-28 18:30:16", "elapsed": 10729.015313, "delta": 11.767535}}
{"target": 4.955347490707532, "params": {"Bgrad": 0.523151175502977, "d1": -0.784596889081703, "d2": 0.8291980022314789, "d3": -0.836755601391558, "d4": -2.519404889153678, "p1": 10.869076234861241, "p2": 0.9616784110715482, "p3": 48.2307795287864, "p4": 33.84648570036279, "pol1": -0.6216212317636642, "pol2": 0.8597522406286595, "pol3": -0.900549636127107, "pol4": 0.12768143698630952, "v0s": 4.955347490707532}, "datetime": {"datetime": "2022-04-28 18:30:20", "elapsed": 10733.244006, "delta": 4.228693}}
{"target": 3.797740511365082, "params": {"Bgrad": 1.7413342867681556, "d1": 0.6533565950308824, "d2": -0.20653263973042124, "d3": -1.0635753834377533, "d4": -1.3624664254479475, "p1": 25.921430498047954, "p2": 6.810646193020281, "p3": 32.376103389461036, "p4": 27.17411642999889, "pol1": 0.11741433322140571, "pol2": 0.3487510827385336, "pol3": 0.4237057103664539, "pol4": 0.4620061294794724, "v0s": 3.797740511365082}, "datetime": {"datetime": "2022-04-28 18:30:29", "elapsed": 10741.779185, "delta": 8.535179}}
{"target": -1.0, "params": {"Bgrad": 1.9497644978151167, "d1": -1.3233757539727464, "d2": -2.3753439545756554, "d3": -1.1755359523911673, "d4": -1.6860449669800746, "p1": 7.304042797354127, "p2": 45.672665403133536, "p3": 11.109959231898896, "p4": 45.30239419877613, "pol1": -0.08508473570428521, "pol2": -0.8123641523470466, "pol3": -0.02768719041908496, "pol4": -0.4051984568788922, "v0s": 6.4725053439259685}, "datetime": {"datetime": "2022-04-28 18:30:42", "elapsed": 10754.975899, "delta": 13.196714}}
{"target": -1.0, "params": {"Bgrad": 1.145988824167297, "d1": 0.875724703683193, "d2": 0.9586769441787211, "d3": -0.9592967620403368, "d4": 0.2159120447278844, "p1": 36.30458455912927, "p2": 14.107108027665099, "p3": 2.6450008160466663, "p4": 30.300171713576113, "pol1": -0.8516570278187601, "pol2": 0.1228045923290979, "pol3": -0.03605290370641434, "pol4": 0.9130967690644618, "v0s": 6.504358666995579}, "datetime": {"datetime": "2022-04-28 18:30:54", "elapsed": 10767.210187, "delta": 12.234288}}
{"target": -1.0, "params": {"Bgrad": 1.243418311832849, "d1": 0.8495759950521684, "d2": -1.7058442759826553, "d3": 0.09816284242217987, "d4": -2.987919460316757, "p1": 39.728702413955844, "p2": 3.7919998472308647, "p3": 14.031981955952627, "p4": 30.915761103472896, "pol1": -0.9454980370381687, "pol2": 0.7815132751379688, "pol3": 0.7757711430942431, "pol4": 0.5366437866921063, "v0s": 6.114906377543397}, "datetime": {"datetime": "2022-04-28 18:31:06", "elapsed": 10779.270939, "delta": 12.060752}}
{"target": -1.0, "params": {"Bgrad": 1.9692187056675503, "d1": -0.21390178923673808, "d2": -1.502026630761995, "d3": 0.5976952655705801, "d4": -0.5754544313773686, "p1": 10.134510645715839, "p2": 0.9910611199860531, "p3": 25.055286654626634, "p4": 41.29646453508315, "pol1": 0.9636755716750409, "pol2": -0.02449465057345135, "pol3": -0.6034960918115624, "pol4": 0.8215891695866135, "v0s": 5.8146166018661525}, "datetime": {"datetime": "2022-04-28 18:31:21", "elapsed": 10793.726288, "delta": 14.455349}}
{"target": -1.0, "params": {"Bgrad": 1.854499999074421, "d1": -2.0130888414914403, "d2": 0.39649345986245343, "d3": -1.3593654959432087, "d4": 0.23801506953637563, "p1": 27.50567628221927, "p2": 24.396205395448163, "p3": 41.634112975113425, "p4": 0.2793664340668467, "pol1": -0.16888607904900743, "pol2": -0.7376667034588429, "pol3": 0.2543829798194932, "pol4": -0.39806524200393034, "v0s": 3.736361089487667}, "datetime": {"datetime": "2022-04-28 18:31:32", "elapsed": 10805.514768, "delta": 11.78848}}
{"target": -1.0, "params": {"Bgrad": 1.7614038101164473, "d1": -2.8012615298960912, "d2": -0.9954156969084753, "d3": -1.608782324151727, "d4": 0.7082434172119725, "p1": 10.548529355859282, "p2": 34.34860310362228, "p3": 31.480359327232353, "p4": 6.402577835503598, "pol1": 0.056551178491540455, "pol2": -0.37999852042779136, "pol3": 0.638172538123881, "pol4": 0.023915866857445067, "v0s": 7.924782959391153}, "datetime": {"datetime": "2022-04-28 18:31:46", "elapsed": 10819.069525, "delta": 13.554757}}
{"target": -1.0, "params": {"Bgrad": 1.150420115541114, "d1": 0.6897086467411708, "d2": -1.2073498354180106, "d3": -1.9142238354432686, "d4": -1.1724462818318488, "p1": 6.408779635004374, "p2": 13.372817191270137, "p3": 10.277318283036902, "p4": 43.840212933187345, "pol1": 0.2234870161679221, "pol2": -0.6378677454976913, "pol3": 0.5937733117780206, "pol4": -0.37905281691840753, "v0s": 2.707945132413188}, "datetime": {"datetime": "2022-04-28 18:31:58", "elapsed": 10830.770239, "delta": 11.700714}}
{"target": -1.0, "params": {"Bgrad": 1.3266197328825298, "d1": -0.10200507843234252, "d2": -1.3506409989166208, "d3": 0.36741867407429174, "d4": -2.698727545233947, "p1": 42.703030772246905, "p2": 0.5311764650264006, "p3": 23.91945000635974, "p4": 43.66565352392771, "pol1": -0.36826565999848837, "pol2": 0.4665158958750242, "pol3": -0.4438237744224096, "pol4": -0.28356761810850784, "v0s": 3.0295125974920487}, "datetime": {"datetime": "2022-04-28 18:33:08", "elapsed": 10900.612494, "delta": 69.842255}}
{"target": -1.0, "params": {"Bgrad": 1.9988994696155973, "d1": 0.782824996692121, "d2": 0.9442608719888868, "d3": 0.2557138857089827, "d4": -1.6085809450425295, "p1": 32.76786086002696, "p2": 23.930132280166866, "p3": 39.681585738395725, "p4": 43.13076683090252, "pol1": 0.5031036121185688, "pol2": 0.2506977103131769, "pol3": -0.7061110095830163, "pol4": 0.8198368292909051, "v0s": 7.032834557446871}, "datetime": {"datetime": "2022-04-28 18:33:23", "elapsed": 10915.53659, "delta": 14.924096}}
{"target": -1.0, "params": {"Bgrad": 1.1081428538591882, "d1": -0.7642618174142521, "d2": 0.7017238195242617, "d3": 0.22757534448973304, "d4": -2.7538438917702046, "p1": 14.47696566542867, "p2": 18.24632077437556, "p3": 30.36654214730694, "p4": 23.418011823313016, "pol1": -0.5962769400766812, "pol2": 0.8880749088472357, "pol3": -0.5034890622528561, "pol4": -0.9451435082034934, "v0s": 4.626273067300868}, "datetime": {"datetime": "2022-04-28 18:33:39", "elapsed": 10931.829026, "delta": 16.292436}}
{"target": 2.5557233486442223, "params": {"Bgrad": 0.7557127916899558, "d1": 0.0619446961501291, "d2": -2.3823637183077864, "d3": -2.6344835052567652, "d4": -1.3491151040748504, "p1": 39.533167021273115, "p2": 11.636059786536018, "p3": 22.291918196769856, "p4": 26.213590391539366, "pol1": -0.6838685545832253, "pol2": 0.10109466505788878, "pol3": 0.3490441790269585, "pol4": 0.7235832470584336, "v0s": 2.5557233486442223}, "datetime": {"datetime": "2022-04-28 18:33:44", "elapsed": 10937.240557, "delta": 5.411531}}
{"target": -1.0, "params": {"Bgrad": 1.4704416414787338, "d1": -1.769347609361481, "d2": -2.6999495889451826, "d3": -1.7859602703776472, "d4": -1.5007518445594, "p1": 36.81378710074569, "p2": 12.23629056113132, "p3": 22.923669266718562, "p4": 7.20267923852006, "pol1": 0.7917090293021998, "pol2": -0.49410853395116394, "pol3": -0.5508602137314309, "pol4": 0.9048015836514336, "v0s": 6.43459333714489}, "datetime": {"datetime": "2022-04-28 18:33:55", "elapsed": 10948.432632, "delta": 11.192075}}
{"target": -1.0, "params": {"Bgrad": 1.6262421726985057, "d1": -0.25993268923660473, "d2": -0.890221166870746, "d3": 0.7944690812572159, "d4": -0.3007937008806083, "p1": 14.354953364627255, "p2": 43.175268498018845, "p3": 29.175597539638176, "p4": 23.30566143893984, "pol1": -0.41990876253331266, "pol2": 0.7455361532680265, "pol3": -0.1602225390720029, "pol4": 0.7969757150328864, "v0s": 4.005342511971351}, "datetime": {"datetime": "2022-04-28 18:34:10", "elapsed": 10963.42654, "delta": 14.993908}}
{"target": -1.0, "params": {"Bgrad": 1.6775830820554123, "d1": 0.9441644300228687, "d2": -0.7380650587851232, "d3": -1.6288038451421927, "d4": -0.5667814670143274, "p1": 28.103415790728448, "p2": 46.589876401741535, "p3": 41.85497669506339, "p4": 5.874941874315565, "pol1": -0.569675214953443, "pol2": -0.8340547927676325, "pol3": -0.8841258858577321, "pol4": 0.7889434603342083, "v0s": 4.864960999851144}, "datetime": {"datetime": "2022-04-28 18:34:26", "elapsed": 10979.500561, "delta": 16.074021}}
{"target": -1.0, "params": {"Bgrad": 1.084718807793121, "d1": -2.916783870834131, "d2": 0.966883676426237, "d3": -2.903533671670655, "d4": -1.5962771686670165, "p1": 3.151186148509477, "p2": 42.02810154811382, "p3": 31.62252766700975, "p4": 20.504807631582256, "pol1": -0.14043883072295915, "pol2": -0.5025148294517927, "pol3": -0.9071235812472189, "pol4": 0.7299984042699339, "v0s": 5.903872354370692}, "datetime": {"datetime": "2022-04-28 18:34:41", "elapsed": 10993.9599, "delta": 14.459339}}
{"target": -1.0, "params": {"Bgrad": 0.5767761529784212, "d1": -1.586102637069906, "d2": 0.9216449630882453, "d3": -2.133834360305032, "d4": -0.21096482259321103, "p1": 18.26854821860585, "p2": 44.063419667072104, "p3": 7.342620609250872, "p4": 23.624957896678634, "pol1": 0.6644848742317178, "pol2": -0.9662717180628806, "pol3": -0.4960446826632192, "pol4": -0.972566142951554, "v0s": 3.119318688466647}, "datetime": {"datetime": "2022-04-28 18:34:48", "elapsed": 11001.203532, "delta": 7.243632}}
{"target": -1.0, "params": {"Bgrad": 1.1633830968613381, "d1": -1.9690587826647068, "d2": -1.1038003921694552, "d3": -0.23350039001991263, "d4": 0.9610145915886945, "p1": 25.78186328234916, "p2": 18.62879785212798, "p3": 11.267897804723914, "p4": 37.89459967273857, "pol1": 0.8015065488191175, "pol2": -0.17738612317381497, "pol3": -0.6215202546370884, "pol4": 0.9368823066847649, "v0s": 6.366541808159552}, "datetime": {"datetime": "2022-04-28 18:35:02", "elapsed": 11015.219057, "delta": 14.015525}}
{"target": -1.0, "params": {"Bgrad": 0.7835327863198828, "d1": -0.29200398130426697, "d2": -1.5868010682004128, "d3": -2.162033939237124, "d4": -0.665408756400601, "p1": 18.102215931759208, "p2": 14.493456949851419, "p3": 15.886982337698042, "p4": 32.243203593068586, "pol1": -0.7121447180097198, "pol2": -0.19132083624235863, "pol3": -0.7581402437047453, "pol4": 0.4643190057878943, "v0s": 2.653919494096455}, "datetime": {"datetime": "2022-04-28 18:35:08", "elapsed": 11020.561771, "delta": 5.342714}}
{"target": -1.0, "params": {"Bgrad": 1.060486432593481, "d1": -0.7589070174702628, "d2": -1.926655734319541, "d3": 0.6897347693096099, "d4": -0.6877605053176272, "p1": 5.850336981110909, "p2": 41.896475547849334, "p3": 36.61674599813116, "p4": 22.111758717035894, "pol1": -0.7779419972125772, "pol2": -0.0984207317932726, "pol3": 0.6085959613496992, "pol4": 0.6071346121950745, "v0s": 4.600159146279535}, "datetime": {"datetime": "2022-04-28 18:35:18", "elapsed": 11031.136496, "delta": 10.574725}}
{"target": -1.0, "params": {"Bgrad": 1.161072966100896, "d1": -1.147849312011246, "d2": 0.43536523615292655, "d3": 0.1437013710534174, "d4": -0.03182401321867134, "p1": 40.31256670085223, "p2": 39.88466465887767, "p3": 14.935257139852338, "p4": 46.03376561578957, "pol1": -0.4740401971945962, "pol2": 0.6827242919228145, "pol3": 0.5771901061723508, "pol4": -0.5261105349092248, "v0s": 6.949410238662345}, "datetime": {"datetime": "2022-04-28 18:35:29", "elapsed": 11042.055302, "delta": 10.918806}}
{"target": -1.0, "params": {"Bgrad": 0.803540453374711, "d1": -2.5012738495242393, "d2": -0.2029906424876078, "d3": -2.6514176816976716, "d4": -2.8394268058453136, "p1": 33.36331766624654, "p2": 31.583235933095793, "p3": 33.070546844232865, "p4": 22.08136947708016, "pol1": -0.9003728495863945, "pol2": 0.58878190493286, "pol3": 0.24610452216458123, "pol4": 0.12831346314431213, "v0s": 7.7291724549964735}, "datetime": {"datetime": "2022-04-28 18:35:38", "elapsed": 11051.309557, "delta": 9.254255}}
{"target": -1.0, "params": {"Bgrad": 0.9469943852119418, "d1": -0.862098488168709, "d2": -2.289625408472298, "d3": -2.2939197363659876, "d4": -0.08371626518557918, "p1": 47.31269913035122, "p2": 37.13781415856822, "p3": 16.702598491253724, "p4": 1.2225098130459355, "pol1": -0.27275264430132173, "pol2": 0.32535175324947496, "pol3": -0.7935286202458114, "pol4": -0.42615851524078985, "v0s": 6.381308313080256}, "datetime": {"datetime": "2022-04-28 18:35:46", "elapsed": 11058.66888, "delta": 7.359323}}
{"target": -1.0, "params": {"Bgrad": 1.502379158954545, "d1": -2.539261608268849, "d2": 0.5480223451563262, "d3": -0.018937078227592163, "d4": -0.4243477266922744, "p1": 2.5826970248350287, "p2": 34.73539757845591, "p3": 3.850275093993533, "p4": 4.837841511110897, "pol1": -0.8703017723073623, "pol2": -0.5094833328522872, "pol3": 0.23478045171742967, "pol4": 0.6170778070298657, "v0s": 3.926723862211139}, "datetime": {"datetime": "2022-04-28 18:36:09", "elapsed": 11081.645444, "delta": 22.976564}}
{"target": -1.0, "params": {"Bgrad": 1.909770036319639, "d1": -0.4324276661191888, "d2": -2.126446881739875, "d3": -1.7238543036751008, "d4": -0.27770803026930224, "p1": 27.36479286706442, "p2": 2.3810327521683714, "p3": 28.031644493976692, "p4": 41.94711339581067, "pol1": 0.9998125689284789, "pol2": -0.6715762184907452, "pol3": 0.8331877988345928, "pol4": 0.9220582258076626, "v0s": 5.380860893991084}, "datetime": {"datetime": "2022-04-28 18:36:23", "elapsed": 11095.662964, "delta": 14.01752}}
{"target": -1.0, "params": {"Bgrad": 0.6865705586219063, "d1": -1.298504772503012, "d2": -2.905053600263556, "d3": -0.3866782016638344, "d4": 0.8142861072669807, "p1": 33.59035708972089, "p2": 16.880205343130616, "p3": 6.665962936275238, "p4": 35.21990310012676, "pol1": -0.6518927607741907, "pol2": -0.7775799004889508, "pol3": -0.3897007320977932, "pol4": -0.8222651265615675, "v0s": 3.4914376141618986}, "datetime": {"datetime": "2022-04-28 18:36:29", "elapsed": 11102.510655, "delta": 6.847691}}
{"target": -1.0, "params": {"Bgrad": 0.9022939668190099, "d1": -2.6330092362433457, "d2": -0.9008545271515409, "d3": 0.5111089611398967, "d4": -2.8200923406817875, "p1": 20.104256525878945, "p2": 14.774527925733627, "p3": 24.780090181705127, "p4": 8.844098763469605, "pol1": 0.02536306439560576, "pol2": -0.9414236864163297, "pol3": 0.9070378604210287, "pol4": -0.8553810842757965, "v0s": 5.821629335869296}, "datetime": {"datetime": "2022-04-28 18:36:42", "elapsed": 11114.988292, "delta": 12.477637}}
{"target": -1.0, "params": {"Bgrad": 1.4492391183339328, "d1": 0.9350410382102075, "d2": -1.909591624726843, "d3": 0.5887413505347752, "d4": -0.017311848840629196, "p1": 10.235087716566477, "p2": 32.440875970450556, "p3": 4.809231622509596, "p4": 10.93041640490296, "pol1": -0.9165930527592339, "pol2": 0.7266105060928691, "pol3": -0.6438124304085675, "pol4": 0.5839447996321672, "v0s": 7.213116980268789}, "datetime": {"datetime": "2022-04-28 18:36:55", "elapsed": 11127.569651, "delta": 12.581359}}
