{"target": 4.166471645033759, "params": {"Bgrad": 1.5136955925081115, "d1": -2.0384552732316155, "d2": -2.918273037345606, "d3": -2.3966534891505726, "d4": -2.637443809562543, "p1": 0.4411046911739491, "p2": 32.237560441961136, "p3": 23.439472248445508, "p4": 21.616359291789372, "pol1": 0.1782028475355324, "pol2": 0.16095700229444176, "pol3": -0.027727234754176378, "pol4": -0.2877888380928797, "v0s": 4.166471645033759}, "datetime": {"datetime": "2022-04-29 15:03:29", "elapsed": 84721.772281, "delta": 14.736597}}
{"target": -1.0, "params": {"Bgrad": 1.1361736908785454, "d1": -2.035193666789102, "d2": -1.1258638483061487, "d3": -2.2606230903775706, "d4": 0.05005021062821191, "p1": 45.871116501561424, "p2": 25.865290853824348, "p3": 19.011429841019055, "p4": 5.244780568578372, "pol1": -0.31926308715873986, "pol2": 0.9381197206616922, "pol3": 0.1365875780934671, "pol4": -0.7248676289203144, "v0s": 5.080635435717765}, "datetime": {"datetime": "2022-04-29 15:03:45", "elapsed": 84737.561064, "delta": 15.788783}}
{"target": -1.0, "params": {"Bgrad": 1.0697073304249827, "d1": -1.8774325933333054, "d2": -2.4659824903058505, "d3": -1.984371609705327, "d4": -1.2963994307750424, "p1": 42.769461510492725, "p2": 23.09265309479483, "p3": 44.3366989539137, "p4": 49.000750337336136, "pol1": -0.6189006029309749, "pol2": 0.12817565730968283, "pol3": 0.5991838753681868, "pol4": -0.3592149148021464, "v0s": 4.422765347363718}, "datetime": {"datetime": "2022-04-29 15:03:57", "elapsed": 84750.472542, "delta": 12.911478}}
{"target": -1.0, "params": {"Bgrad": 1.9250873705812697, "d1": -2.123215287553136, "d2": -1.1675713791878088, "d3": -1.797088084576055, "d4": -0.0035643135561329586, "p1": 13.47759379322137, "p2": 27.094492605630816, "p3": 15.185037514180177, "p4": 2.083289038545394, "pol1": -0.4903039688673736, "pol2": -0.594974089507178, "pol3": 0.7199975705326584, "pol4": 0.5987926039800218, "v0s": 4.148113270849961}, "datetime": {"datetime": "2022-04-29 15:04:22", "elapsed": 84775.117646, "delta": 24.645104}}
{"target": -1.0, "params": {"Bgrad": 1.5913082604549393, "d1": 0.4142042508763799, "d2": 0.9705347828066806, "d3": -2.3673276793198657, "d4": -1.36335820773667, "p1": 9.488128539409841, "p2": 35.72303847003616, "p3": 32.68353755348538, "p4": 7.972648736201443, "pol1": -0.5978345199599282, "pol2": 0.24414060470720167, "pol3": 0.32670953587006224, "pol4": 0.8502736304930674, "v0s": 3.5871947607279857}, "datetime": {"datetime": "2022-04-29 15:04:47", "elapsed": 84799.792668, "delta": 24.675022}}
{"target": -1.0, "params": {"Bgrad": 1.3095333540561542, "d1": -0.5377058385063829, "d2": -0.5080002904956178, "d3": -2.852629659587251, "d4": -0.005158813305495169, "p1": 11.166535701768188, "p2": 35.90246525445465, "p3": 32.22005969936888, "p4": 7.182073194958477, "pol1": -0.8342846324187436, "pol2": -0.7192453045618139, "pol3": -0.22290730706428197, "pol4": 0.28812113467307565, "v0s": 2.507836897853005}, "datetime": {"datetime": "2022-04-29 15:04:59", "elapsed": 84811.705815, "delta": 11.913147}}
{"target": -1.0, "params": {"Bgrad": 1.8777489626359762, "d1": -1.5302187659163247, "d2": 0.20924868998610213, "d3": -1.438955613063463, "d4": 0.05569630576816875, "p1": 35.45011680542468, "p2": 37.960629767723006, "p3": 24.86758964600653, "p4": 21.015712699830242, "pol1": 0.9794589600399104, "pol2": -0.7815085479943364, "pol3": -0.053277894713888996, "pol4": -0.5952959000212159, "v0s": 4.687178637644372}, "datetime": {"datetime": "2022-04-29 15:05:23", "elapsed": 84836.528444, "delta": 24.822629}}
{"target": -1.0, "params": {"Bgrad": 1.0845903842463605, "d1": -0.5039520986470061, "d2": 0.18253507960199888, "d3": 0.33453270983429473, "d4": -0.5374758648460327, "p1": 36.97585201196523, "p2": 38.72706517591052, "p3": 21.72301071544075, "p4": 19.846776369103114, "pol1": -0.5967506427320362, "pol2": 0.5978443902631754, "pol3": 0.19256244311241288, "pol4": 0.7737954276942394, "v0s": 3.5368637361181854}, "datetime": {"datetime": "2022-04-29 15:05:39", "elapsed": 84852.441894, "delta": 15.91345}}
{"target": 2.788847752070314, "params": {"Bgrad": 1.3974209046551846, "d1": -2.858174306018483, "d2": 0.657931354991653, "d3": -0.48342824784614047, "d4": -0.8387335782672589, "p1": 13.945928107343859, "p2": 46.11953001871881, "p3": 30.957451466548587, "p4": 13.867133980882345, "pol1": -0.8641534109320947, "pol2": 0.2951795013942684, "pol3": 0.9485300684772904, "pol4": 0.14534497792343104, "v0s": 2.788847752070314}, "datetime": {"datetime": "2022-04-29 15:05:52", "elapsed": 84864.810823, "delta": 12.368929}}
{"target": 4.717814686661707, "params": {"Bgrad": 1.2865536930674166, "d1": -1.9609096484116746, "d2": 0.7644560205326525, "d3": -1.6027452990783577, "d4": -0.945285048480895, "p1": 25.943788654765456, "p2": 26.310966117020357, "p3": 11.258537180248258, "p4": 36.56875129049128, "pol1": 0.036959802609524584, "pol2": 0.022060261225574695, "pol3": -0.3985557163744198, "pol4": -0.9216141984599071, "v0s": 4.717814686661707}, "datetime": {"datetime": "2022-04-29 15:06:09", "elapsed": 84881.876192, "delta": 17.065369}}
{"target": 2.747912714141141, "params": {"Bgrad": 1.9213683490954323, "d1": -0.4028708113573152, "d2": -0.13862504760394145, "d3": -0.7286076496827358, "d4": -0.33109506423072466, "p1": 26.15933690397067, "p2": 6.598704953141016, "p3": 32.730202793752696, "p4": 28.662044732368674, "pol1": -0.9892339797840188, "pol2": 0.021765378838547678, "pol3": 0.5868503030695256, "pol4": -0.3698230193929999, "v0s": 2.747912714141141}, "datetime": {"datetime": "2022-04-29 15:06:22", "elapsed": 84895.195579, "delta": 13.319387}}
{"target": -1.0, "params": {"Bgrad": 1.6853577854590656, "d1": -2.6745810443585256, "d2": 0.7157515293508316, "d3": -0.21615492971594819, "d4": -1.5900852485396921, "p1": 35.3670404834723, "p2": 38.76564904327867, "p3": 23.003026725390995, "p4": 20.470935114218804, "pol1": -0.22241247990444357, "pol2": 0.36049709828496, "pol3": -0.5421803850550795, "pol4": -0.2506063727090313, "v0s": 2.1068126450281186}, "datetime": {"datetime": "2022-04-29 15:06:58", "elapsed": 84931.346917, "delta": 36.151338}}
{"target": 3.647249528788813, "params": {"Bgrad": 1.3788934952553615, "d1": -1.3263309292654935, "d2": -0.14309117105023894, "d3": -0.2986007761838132, "d4": -1.699612238868402, "p1": 38.6692575108886, "p2": 47.428584167690246, "p3": 17.418838278110115, "p4": 11.818666132822136, "pol1": 0.2585995631031188, "pol2": 0.5582039425882179, "pol3": 0.1756532112917506, "pol4": 0.6578407051276296, "v0s": 3.647249528788813}, "datetime": {"datetime": "2022-04-29 15:07:09", "elapsed": 84942.110138, "delta": 10.763221}}
{"target": 3.2315428246651043, "params": {"Bgrad": 1.6620999976225104, "d1": -1.9352092072395337, "d2": 0.8766351308692131, "d3": 0.8518277926998178, "d4": -0.22388561441608654, "p1": 25.390976107813195, "p2": 23.438215699429907, "p3": 39.730003276725974, "p4": 43.69735683809635, "pol1": 0.945152475320657, "pol2": -1.0, "pol3": -0.9296289911253972, "pol4": -0.6274864570875809, "v0s": 3.2315428246651043}, "datetime": {"datetime": "2022-04-29 15:07:21", "elapsed": 84953.996356, "delta": 11.886218}}
{"target": -1.0, "params": {"Bgrad": 1.737540453325501, "d1": 0.9699192314774199, "d2": -1.6745641097277937, "d3": -2.712240549274571, "d4": -2.227959790835087, "p1": 7.41753777506085, "p2": 38.021658904221646, "p3": 31.929566559305, "p4": 6.823914224735206, "pol1": 0.9453857631655971, "pol2": -0.4547879319781001, "pol3": -0.8494383936123369, "pol4": -0.42389663015167733, "v0s": 2.8844984764140023}, "datetime": {"datetime": "2022-04-29 15:07:47", "elapsed": 84979.619843, "delta": 25.623487}}
{"target": 5.732230619016812, "params": {"Bgrad": 0.9820399524168061, "d1": -2.1017300712345564, "d2": 0.369720019492525, "d3": -0.17772328661200554, "d4": -0.17753779650279178, "p1": 1.7192891326867688, "p2": 6.788818498362331, "p3": 22.55960328697917, "p4": 20.04644713297682, "pol1": 0.4126455695106608, "pol2": 0.8371162398490315, "pol3": 0.281450140759117, "pol4": -0.02456939825979121, "v0s": 5.732230619016812}, "datetime": {"datetime": "2022-04-29 15:08:01", "elapsed": 84993.711166, "delta": 14.091323}}
{"target": -1.0, "params": {"Bgrad": 1.3817679127993927, "d1": -1.4462283015802972, "d2": -0.7669010602164992, "d3": -0.20410494199444695, "d4": -0.9850078845108801, "p1": 26.05442483279664, "p2": 25.577409822690505, "p3": 12.386494199196918, "p4": 35.81975892539419, "pol1": 0.7321185279351707, "pol2": -0.17434447326870584, "pol3": -0.3755100971224128, "pol4": -0.6860505840274562, "v0s": 4.495872986289912}, "datetime": {"datetime": "2022-04-29 15:08:23", "elapsed": 85015.54379, "delta": 21.832624}}
{"target": -1.0, "params": {"Bgrad": 0.9184810872335466, "d1": -1.1697374955365056, "d2": -0.43949183135909253, "d3": -1.8972687078377963, "d4": -2.1768215031553386, "p1": 7.305177732687823, "p2": 36.92953620421893, "p3": 35.37104852890302, "p4": 33.91396828586311, "pol1": -0.9043483393584248, "pol2": -0.8066125349941118, "pol3": 0.36724951521969995, "pol4": -0.5020707998041134, "v0s": 5.646554681556336}, "datetime": {"datetime": "2022-04-29 15:08:43", "elapsed": 85036.17363, "delta": 20.62984}}
{"target": -1.0, "params": {"Bgrad": 1.8361300814518557, "d1": 0.18738716938227773, "d2": 0.17797775063848675, "d3": -0.6240313615629889, "d4": 0.6413189917162954, "p1": 10.147524559773075, "p2": 28.67879942632848, "p3": 17.015242170400153, "p4": 4.250882406245681, "pol1": 0.0004848371904397908, "pol2": 0.772622145598703, "pol3": 0.18623471617205678, "pol4": -0.9198064577099845, "v0s": 2.382957912258319}, "datetime": {"datetime": "2022-04-29 15:09:05", "elapsed": 85058.252594, "delta": 22.078964}}
{"target": -1.0, "params": {"Bgrad": 0.7066529603800036, "d1": -0.350579150063727, "d2": -0.10745179768306201, "d3": -0.5567502605545083, "d4": -1.2458879085008396, "p1": 44.148323340102195, "p2": 36.03233236246336, "p3": 17.28354219945442, "p4": 24.509427154221765, "pol1": -0.36485298836093794, "pol2": 0.6916849528041418, "pol3": 0.8981775370737501, "pol4": 0.03919642469871909, "v0s": 2.7532511121650405}, "datetime": {"datetime": "2022-04-29 15:09:25", "elapsed": 85078.347863, "delta": 20.095269}}
{"target": -1.0, "params": {"Bgrad": 1.2145916513703896, "d1": -2.855402268960606, "d2": -0.13612637144427797, "d3": 0.2478615365437209, "d4": 0.22077635168140297, "p1": 2.7961919198333685, "p2": 3.3141931761758006, "p3": 23.221452966978713, "p4": 19.783905706348598, "pol1": -0.5152036029614053, "pol2": 0.7831890230056362, "pol3": 0.4380621477665263, "pol4": -0.16025185285866916, "v0s": 4.240644135185618}, "datetime": {"datetime": "2022-04-29 15:09:51", "elapsed": 85104.39023, "delta": 26.042367}}
{"target": -1.0, "params": {"Bgrad": 1.9293017598264262, "d1": -2.025243474253534, "d2": 0.6904268645022027, "d3": 0.606861031687691, "d4": 0.03896356393438172, "p1": 6.322648551960897, "p2": 34.496618057834034, "p3": 23.604280510976167, "p4": 42.50602286039275, "pol1": -0.3940889530570004, "pol2": -0.13005781234202818, "pol3": 0.07421388142476171, "pol4": 0.8152365915960185, "v0s": 4.966413376370341}, "datetime": {"datetime": "2022-04-29 15:10:19", "elapsed": 85131.55759, "delta": 27.16736}}
{"target": -1.0, "params": {"Bgrad": 1.6079487913243822, "d1": 0.9159472408590781, "d2": -1.0775639616941532, "d3": -0.6046586777162375, "d4": 0.31807853959118937, "p1": 24.736102463231468, "p2": 7.11955344602106, "p3": 32.322404596443874, "p4": 25.82355086789616, "pol1": 0.21321212389414246, "pol2": 0.5938944059362186, "pol3": -0.12721301921416872, "pol4": 0.36788351562314414, "v0s": 3.5516186128190155}, "datetime": {"datetime": "2022-04-29 15:10:45", "elapsed": 85158.256203, "delta": 26.698613}}
{"target": -1.0, "params": {"Bgrad": 1.5895227602590762, "d1": -2.6433370902065727, "d2": -0.2603348405081194, "d3": -1.2499305017214382, "d4": -1.8931600110295332, "p1": 26.253519334017668, "p2": 25.03247088032167, "p3": 12.343114719693283, "p4": 35.58575299014442, "pol1": 0.3279324689978236, "pol2": -0.9398591413787161, "pol3": -0.16543135378665208, "pol4": 0.6148466654399933, "v0s": 6.626215442013243}, "datetime": {"datetime": "2022-04-29 15:11:08", "elapsed": 85181.075189, "delta": 22.818986}}
{"target": -1.0, "params": {"Bgrad": 1.8479792849530978, "d1": -1.279962504250498, "d2": -0.3723377522043001, "d3": -0.20036773318221623, "d4": -1.6095209335325174, "p1": 12.91145194835705, "p2": 37.353821150863084, "p3": 19.304013374849028, "p4": 4.5794389997554585, "pol1": 0.22430672837300514, "pol2": -0.23586358412159814, "pol3": -0.2901898178008404, "pol4": -0.22241419417533148, "v0s": 6.327246142768078}, "datetime": {"datetime": "2022-04-29 15:11:31", "elapsed": 85204.009865, "delta": 22.934676}}
{"target": -1.0, "params": {"Bgrad": 1.6829100531992411, "d1": -2.734322318553263, "d2": -0.4368158636429862, "d3": -1.6884537573849507, "d4": -1.212851549475205, "p1": 13.27857081850199, "p2": 14.282572425069723, "p3": 28.479938836070435, "p4": 33.582245585849776, "pol1": 0.10917989748958257, "pol2": 0.7773388411109048, "pol3": -0.44621114760400915, "pol4": -0.39898338046825943, "v0s": 5.249474809074696}, "datetime": {"datetime": "2022-04-29 15:11:56", "elapsed": 85229.108756, "delta": 25.098891}}
{"target": -1.0, "params": {"Bgrad": 1.151918017159246, "d1": 0.20717476722948058, "d2": -1.9070687749048107, "d3": -1.7340550463542423, "d4": -2.738547670475168, "p1": 2.499834119259259, "p2": 29.793862967576214, "p3": 23.514066593618733, "p4": 22.136814963106477, "pol1": -0.36567970563888963, "pol2": -0.24621927273907884, "pol3": -0.6012871714924428, "pol4": -0.891650221753171, "v0s": 3.399132932789426}, "datetime": {"datetime": "2022-04-29 15:12:13", "elapsed": 85246.52818, "delta": 17.419424}}
{"target": -1.0, "params": {"Bgrad": 1.1735952637367426, "d1": -2.1573023800359503, "d2": -0.3675083894566922, "d3": -0.8621791125978833, "d4": -0.2509291523107451, "p1": 2.996760345720512, "p2": 31.302612973697396, "p3": 16.976232694911207, "p4": 11.957713667042757, "pol1": -0.04086188665775703, "pol2": -0.8201824037091434, "pol3": -0.44819322259873196, "pol4": 0.5454345926790083, "v0s": 3.2566516946331476}, "datetime": {"datetime": "2022-04-29 15:12:25", "elapsed": 85258.380489, "delta": 11.852309}}
{"target": -1.0, "params": {"Bgrad": 1.2288668808619998, "d1": 0.049163769893028064, "d2": -1.0266656709089976, "d3": -1.1446924021924905, "d4": -1.878997625755071, "p1": 7.082793721402103, "p2": 2.415433992451721, "p3": 40.58988266419001, "p4": 45.176243388041485, "pol1": 0.01668011279238013, "pol2": 0.7962300502517448, "pol3": 0.4887977647741215, "pol4": -0.1453561706678126, "v0s": 3.7739952224393196}, "datetime": {"datetime": "2022-04-29 15:12:43", "elapsed": 85275.661283, "delta": 17.280794}}
{"target": -1.0, "params": {"Bgrad": 1.3765102035417514, "d1": -2.155523376985138, "d2": -1.5340477944039437, "d3": -1.831789553222099, "d4": -0.970531132877348, "p1": 41.80914645237455, "p2": 26.207104852443187, "p3": 11.300651648798759, "p4": 39.579540756706095, "pol1": 0.193793209760714, "pol2": 0.7339830492682275, "pol3": -0.17397935785227236, "pol4": -0.5341580219495503, "v0s": 3.780709443619906}, "datetime": {"datetime": "2022-04-29 15:13:03", "elapsed": 85296.429752, "delta": 20.768469}}
{"target": -1.0, "params": {"Bgrad": 0.9871141866605083, "d1": -0.4764660266374596, "d2": 0.47128685247672353, "d3": -0.331286640161109, "d4": 0.6672082109310957, "p1": 1.697802384967756, "p2": 30.878510512855605, "p3": 17.027149511709165, "p4": 11.507893668357049, "pol1": 0.3071613003612872, "pol2": -0.4503807358950185, "pol3": 0.5160635964860352, "pol4": 0.9956679017682648, "v0s": 4.49952001724575}, "datetime": {"datetime": "2022-04-29 15:13:19", "elapsed": 85312.279373, "delta": 15.849621}}
{"target": -1.0, "params": {"Bgrad": 1.5376800528176355, "d1": -0.23371776558237745, "d2": -0.6965164303396407, "d3": 0.29291187156686593, "d4": -1.0977080812078999, "p1": 0.9195072041876473, "p2": 29.31902813294971, "p3": 27.05422538661273, "p4": 29.88694414900031, "pol1": 0.6414861660199085, "pol2": 0.8813399606804924, "pol3": 0.8024763508152835, "pol4": 0.9112126241028276, "v0s": 2.548161379584279}, "datetime": {"datetime": "2022-04-29 15:13:37", "elapsed": 85329.905245, "delta": 17.625872}}
{"target": 3.449739360327282, "params": {"Bgrad": 1.0519219243805304, "d1": -0.5868786580131826, "d2": 0.8001155921390022, "d3": 0.05096527275226492, "d4": -1.2432264900396168, "p1": 22.576363711246184, "p2": 27.208073184903753, "p3": 0.44775588742753114, "p4": 45.68545467047519, "pol1": -0.09480594651595742, "pol2": -0.4506015215174717, "pol3": 0.5622364754123896, "pol4": -0.12304680205012009, "v0s": 3.449739360327282}, "datetime": {"datetime": "2022-04-29 15:13:47", "elapsed": 85340.433095, "delta": 10.52785}}
{"target": 2.753513441769666, "params": {"Bgrad": 1.4498404738083512, "d1": -2.1395406949242184, "d2": 0.7257029427854893, "d3": -1.4838635099815534, "d4": 0.03859320256500398, "p1": 9.879515986512644, "p2": 38.27072977454171, "p3": 32.15790941368891, "p4": 6.939283821385056, "pol1": -0.29475211523350486, "pol2": 0.38567023061278727, "pol3": 0.6573872000893646, "pol4": 0.11010874933746773, "v0s": 2.753513441769666}, "datetime": {"datetime": "2022-04-29 15:14:02", "elapsed": 85354.62814, "delta": 14.195045}}
{"target": -1.0, "params": {"Bgrad": 1.769814857820287, "d1": 0.27404703684647824, "d2": -1.592266017151907, "d3": 0.29724279690607824, "d4": -2.9395040079947186, "p1": 42.2894492731979, "p2": 4.608628986264252, "p3": 46.82613023856988, "p4": 11.018098121852487, "pol1": -0.42126336145876375, "pol2": -0.7736899953951994, "pol3": 0.6263666386627635, "pol4": 0.5588513828733421, "v0s": 2.6494598467187975}, "datetime": {"datetime": "2022-04-29 15:14:23", "elapsed": 85375.68783, "delta": 21.05969}}
{"target": -1.0, "params": {"Bgrad": 1.7570920413171458, "d1": -1.7219240599803345, "d2": -1.2489588311446425, "d3": -2.9497462513016455, "d4": -0.9105900769741808, "p1": 2.424974375751926, "p2": 29.833147659824288, "p3": 26.44045096563698, "p4": 21.756766634076335, "pol1": -0.07336157010382283, "pol2": -0.8213725609070088, "pol3": 0.6561406560508825, "pol4": 0.40553216663855873, "v0s": 4.49132692276518}, "datetime": {"datetime": "2022-04-29 15:14:50", "elapsed": 85402.927995, "delta": 27.240165}}
{"target": 3.0012190028343753, "params": {"Bgrad": 0.7612671898560617, "d1": -2.1085355890630004, "d2": 0.8325595309554439, "d3": -1.0999254904908402, "d4": -1.03799312456378, "p1": 34.848710664292646, "p2": 37.57216805753597, "p3": 22.79362693710647, "p4": 21.7728407904139, "pol1": -0.8778462833128811, "pol2": 0.17930005547230166, "pol3": -0.40727419351273575, "pol4": -0.08600239318859049, "v0s": 3.0012190028343753}, "datetime": {"datetime": "2022-04-29 15:15:01", "elapsed": 85413.879712, "delta": 10.951717}}
{"target": -1.0, "params": {"Bgrad": 1.6420181730068806, "d1": -2.392683674539077, "d2": -1.6184232692907323, "d3": -0.5074487221730375, "d4": -0.5514832248466863, "p1": 32.86701984203575, "p2": 21.45625322113269, "p3": 13.130417372411202, "p4": 1.1439186402684542, "pol1": -0.19419406695966912, "pol2": -0.03249464093053889, "pol3": 0.04062824720514535, "pol4": -0.011588715939016225, "v0s": 3.733090802625537}, "datetime": {"datetime": "2022-04-29 15:15:25", "elapsed": 85437.813717, "delta": 23.934005}}
{"target": -1.0, "params": {"Bgrad": 1.2655627523359598, "d1": -1.9199511413003125, "d2": 0.7181558901194816, "d3": 0.18963891369068442, "d4": -2.129895755318344, "p1": 15.816516817490406, "p2": 14.327165223316385, "p3": 30.888560858815477, "p4": 36.620575216914844, "pol1": 0.04989088900819705, "pol2": 0.5879388542278516, "pol3": -0.2710551171919966, "pol4": 0.10656151893019494, "v0s": 5.970038767766871}, "datetime": {"datetime": "2022-04-29 15:15:53", "elapsed": 85466.239711, "delta": 28.425994}}
{"target": -1.0, "params": {"Bgrad": 1.4719414918371458, "d1": -2.260389551098114, "d2": 0.505262998239004, "d3": -1.1495186529220005, "d4": -0.36836156785121066, "p1": 30.175377544363098, "p2": 46.299558630216524, "p3": 25.233640749704893, "p4": 28.32621044643364, "pol1": 0.6201780741001006, "pol2": 0.9093091011593557, "pol3": 0.9181115361315253, "pol4": -0.8894439801966634, "v0s": 2.4153355868789332}, "datetime": {"datetime": "2022-04-29 15:16:15", "elapsed": 85487.839955, "delta": 21.600244}}
{"target": 3.262527223112454, "params": {"Bgrad": 1.4469250911078313, "d1": -2.0969438208786975, "d2": 0.9753665129167794, "d3": -2.5698904345863007, "d4": -2.0908203812407646, "p1": 23.145025031371098, "p2": 24.224855642120723, "p3": 11.42865279565362, "p4": 34.266837892545844, "pol1": -0.26103477485024884, "pol2": -0.5663708170755928, "pol3": 0.6779681614519861, "pol4": 0.08722658578830522, "v0s": 3.262527223112454}, "datetime": {"datetime": "2022-04-29 15:16:34", "elapsed": 85507.15531, "delta": 19.315355}}
{"target": -1.0, "params": {"Bgrad": 1.9343004930403842, "d1": -0.7315213258467246, "d2": -0.4382072599289706, "d3": -1.9525843158700114, "d4": -1.6958929335413715, "p1": 43.116818041277725, "p2": 28.02403299636994, "p3": 25.521927992046695, "p4": 47.277423024943275, "pol1": -0.366951358995512, "pol2": 0.3155078323343872, "pol3": 0.8505717884587032, "pol4": -0.33781525206406204, "v0s": 4.312275704428879}, "datetime": {"datetime": "2022-04-29 15:16:57", "elapsed": 85530.421102, "delta": 23.265792}}
{"target": -1.0, "params": {"Bgrad": 0.8434604980717699, "d1": -2.155219923848123, "d2": -1.1154861401211495, "d3": -2.054341955572273, "d4": 0.41205441370607376, "p1": 9.050522761114266, "p2": 14.822521884124424, "p3": 44.90930568860749, "p4": 4.208662551853598, "pol1": -0.46472826400305234, "pol2": -0.068774913214811, "pol3": -0.39632639503326317, "pol4": 0.3894636992342808, "v0s": 4.478926431874491}, "datetime": {"datetime": "2022-04-29 15:17:15", "elapsed": 85548.047971, "delta": 17.626869}}
