{"target": -1.0, "params": {"Bgrad": 1.4280791364403995, "d1": -0.4455968481963479, "d2": -2.208245028753441, "d3": -0.5065485916071957, "d4": -0.769837449381007, "p1": 44.28588818670842, "p2": 34.85127235090019, "p3": 18.213155021816036, "p4": 11.26737815319878, "pol1": 0.2218182734486649, "pol2": -0.4888692525873253, "pol3": -0.8483733874723063, "pol4": 0.6454042085572931, "v0s": 3.3677137923950085}, "datetime": {"datetime": "2022-04-30 11:01:29", "elapsed": 156601.912939, "delta": 8.808448}}
{"target": -1.0, "params": {"Bgrad": 1.0693292312698461, "d1": 0.38594952377139435, "d2": -2.5873973965060935, "d3": 0.8775591325551892, "d4": -0.908705044041012, "p1": 33.6668251157138, "p2": 36.576521533465986, "p3": 49.048940250490055, "p4": 27.637848870252885, "pol1": 0.3994486888306028, "pol2": 0.3653726426052677, "pol3": 0.26046628236672653, "pol4": 0.5986899234461729, "v0s": 4.073926996985508}, "datetime": {"datetime": "2022-04-30 11:01:37", "elapsed": 156610.290539, "delta": 8.3776}}
{"target": -1.0, "params": {"Bgrad": 1.2228377483647321, "d1": -2.687509843635874, "d2": 0.6404233533178538, "d3": -0.7630970367608865, "d4": -0.9000553317177795, "p1": 13.347594491265657, "p2": 44.999644278933516, "p3": 0.6956784088914036, "p4": 4.850056805016795, "pol1": -0.8798501500525768, "pol2": -0.5181553148720142, "pol3": -0.006301581076207707, "pol4": -0.07295190517752381, "v0s": 3.6232772546162653}, "datetime": {"datetime": "2022-04-30 11:01:42", "elapsed": 156615.326075, "delta": 5.035536}}
{"target": -1.0, "params": {"Bgrad": 1.3326637802502026, "d1": -2.090659413794693, "d2": -1.5372148128725347, "d3": -2.320147529372334, "d4": -0.3429096833188283, "p1": 4.083359075002252, "p2": 17.164434474392166, "p3": 26.551265887181362, "p4": 27.47650411086873, "pol1": -0.264691282522316, "pol2": 0.2875040794226784, "pol3": -0.6711038400546934, "pol4": 0.4485943300468984, "v0s": 7.551497935384079}, "datetime": {"datetime": "2022-04-30 11:01:54", "elapsed": 156627.532437, "delta": 12.206362}}
{"target": -1.0, "params": {"Bgrad": 1.9847389064072172, "d1": 0.5139302303570981, "d2": -1.9563245534036873, "d3": -2.847626669384319, "d4": 0.8961030601765478, "p1": 27.85599460618408, "p2": 26.98549895968799, "p3": 7.3230566515575415, "p4": 45.624608876966604, "pol1": 0.9152191766746687, "pol2": 0.7192597901451621, "pol3": 0.3855209301221929, "pol4": -0.22819730271264782, "v0s": 7.560367291950074}, "datetime": {"datetime": "2022-04-30 11:02:06", "elapsed": 156639.360811, "delta": 11.828374}}
{"target": -1.0, "params": {"Bgrad": 1.7816995973604661, "d1": 0.3515449612230723, "d2": -0.6637724277538841, "d3": -2.720090129403411, "d4": -2.8973808971430715, "p1": 11.280105984949046, "p2": 4.615116390775747, "p3": 37.255269638883185, "p4": 42.55277226863862, "pol1": 0.08093999932877205, "pol2": 0.22254232742633562, "pol3": -0.053724830935229395, "pol4": 0.8703773550755765, "v0s": 5.676876214273718}, "datetime": {"datetime": "2022-04-30 11:02:18", "elapsed": 156650.658602, "delta": 11.297791}}
{"target": -1.0, "params": {"Bgrad": 1.4305416834427027, "d1": 0.4320264133380367, "d2": -1.4650497877502549, "d3": -2.743561947781346, "d4": -0.039411211200644836, "p1": 42.209464024150975, "p2": 26.011673873340207, "p3": 23.38222666143887, "p4": 4.9312058059576005, "pol1": -0.3734837096536976, "pol2": -0.6252276564217616, "pol3": 0.494849880712134, "pol4": -0.6792671635304042, "v0s": 6.107784921445342}, "datetime": {"datetime": "2022-04-30 11:02:28", "elapsed": 156660.863317, "delta": 10.204715}}
{"target": -1.0, "params": {"Bgrad": 1.1610065372517608, "d1": -2.9829948064582488, "d2": -0.1906483096851299, "d3": 0.17156992974544405, "d4": -1.6460426038487617, "p1": 23.86680080564062, "p2": 2.4358375354414594, "p3": 11.328533950910636, "p4": 34.812846378442316, "pol1": -0.7177253490340492, "pol2": -0.5388180487552003, "pol3": 0.38957531350537633, "pol4": -0.8632690017462337, "v0s": 6.3759947769304075}, "datetime": {"datetime": "2022-04-30 11:02:40", "elapsed": 156673.135503, "delta": 12.272186}}
{"target": -1.0, "params": {"Bgrad": 1.4411869038145078, "d1": -0.39173570885618014, "d2": -1.714132415721667, "d3": -0.8462280276318741, "d4": -2.684869547321902, "p1": 14.225810284471125, "p2": 10.143300971834151, "p3": 25.567403496306795, "p4": 32.6104625023412, "pol1": 0.2301735400819367, "pol2": -0.7327258748028485, "pol3": -0.639689307964211, "pol4": -0.00548657076140735, "v0s": 2.1202937972547238}, "datetime": {"datetime": "2022-04-30 11:02:50", "elapsed": 156683.417012, "delta": 10.281509}}
{"target": -1.0, "params": {"Bgrad": 1.60420695056031, "d1": -0.6303024324531714, "d2": -2.364666891810646, "d3": 0.6692470880868249, "d4": -0.8250961554764382, "p1": 49.88813362384973, "p2": 2.1162169332815672, "p3": 40.64732387645806, "p4": 3.869034334886595, "pol1": 0.8804939180713447, "pol2": -0.27712797554521384, "pol3": 0.333224537050139, "pol4": 0.4292136482607394, "v0s": 6.278593024098438}, "datetime": {"datetime": "2022-04-30 11:03:00", "elapsed": 156692.757038, "delta": 9.340026}}
{"target": -1.0, "params": {"Bgrad": 1.540927291958028, "d1": -2.953401271545264, "d2": -2.1180975028133746, "d3": 0.18908748898174288, "d4": 0.1478810875708283, "p1": 40.083102905930076, "p2": 0.39142970618922246, "p3": 2.067306325844104, "p4": 3.6913053108783735, "pol1": 0.7474952966918595, "pol2": -0.045121940124585924, "pol3": 0.4634464160353402, "pol4": -0.5633664940329983, "v0s": 6.018980008553247}, "datetime": {"datetime": "2022-04-30 11:03:14", "elapsed": 156707.171497, "delta": 14.414459}}
{"target": -1.0, "params": {"Bgrad": 1.1660407453101624, "d1": 0.9545607755887251, "d2": -1.8550069631693904, "d3": -2.5660263182988134, "d4": -0.8123955456740206, "p1": 34.05857498990696, "p2": 6.736013374161637, "p3": 26.962202182153522, "p4": 37.219553668277776, "pol1": -0.7763131305427127, "pol2": 0.571342526261893, "pol3": 0.08831722084170934, "pol4": -0.9789509288155318, "v0s": 5.534587367226679}, "datetime": {"datetime": "2022-04-30 11:03:22", "elapsed": 156714.93075, "delta": 7.759253}}
{"target": -1.0, "params": {"Bgrad": 1.70700534401417, "d1": 0.9637722650893674, "d2": 0.9652384761818769, "d3": -1.3441983935406756, "d4": -2.850659980830963, "p1": 48.52060658381661, "p2": 11.026984185915168, "p3": 47.75057865463096, "p4": 48.268640212928524, "pol1": -0.3433266019592438, "pol2": 0.5255139443668886, "pol3": 0.26384361798328326, "pol4": 0.6928615034092254, "v0s": 7.726393720423516}, "datetime": {"datetime": "2022-04-30 11:03:32", "elapsed": 156725.162393, "delta": 10.231643}}
{"target": -1.0, "params": {"Bgrad": 0.8087062136945453, "d1": -1.3626221025214278, "d2": -0.08577177311262396, "d3": -0.6403240350351558, "d4": 0.764783873337227, "p1": 22.344369178502266, "p2": 30.87918910584771, "p3": 4.124411695402608, "p4": 11.520649958260588, "pol1": -0.7560266168178627, "pol2": 0.5333787468243034, "pol3": -0.9614630879800878, "pol4": 0.8819965082073693, "v0s": 7.015337253376979}, "datetime": {"datetime": "2022-04-30 11:03:39", "elapsed": 156731.903368, "delta": 6.740975}}
{"target": -1.0, "params": {"Bgrad": 1.5185141372703195, "d1": -2.885399437135856, "d2": -1.9684090070712625, "d3": -2.4548722625288137, "d4": -0.15720504135667124, "p1": 3.4732957092328154, "p2": 44.49440594996443, "p3": 27.71849925162284, "p4": 5.169453605612801, "pol1": -0.07894890411421596, "pol2": -0.7160298289680862, "pol3": -0.15371251633232053, "pol4": 0.4277463177087302, "v0s": 6.177761644741222}, "datetime": {"datetime": "2022-04-30 11:03:51", "elapsed": 156743.655944, "delta": 11.752576}}
{"target": -1.0, "params": {"Bgrad": 1.0222238388488694, "d1": -1.6049628586050466, "d2": -2.6955017209988554, "d3": -2.649949294139714, "d4": -2.8004757309267463, "p1": 3.7238078983695075, "p2": 19.254470769654734, "p3": 40.81856911172798, "p4": 17.058854993106554, "pol1": 0.01223641011389609, "pol2": 0.24697434738561874, "pol3": 0.17057683289061276, "pol4": -0.7322497433866575, "v0s": 5.716484993728817}, "datetime": {"datetime": "2022-04-30 11:03:58", "elapsed": 156751.045186, "delta": 7.389242}}
{"target": -1.0, "params": {"Bgrad": 1.2835345978408699, "d1": 0.0059125254550522754, "d2": -0.29728765871131113, "d3": -1.0841685491967565, "d4": 0.824536250998535, "p1": 13.045825431354906, "p2": 35.53236327660525, "p3": 10.082095898912218, "p4": 33.180902650549, "pol1": -0.500968548625969, "pol2": -0.5875051413642232, "pol3": -0.2596569131515567, "pol4": 0.017713365490710897, "v0s": 6.085553915375509}, "datetime": {"datetime": "2022-04-30 11:04:08", "elapsed": 156760.654494, "delta": 9.609308}}
{"target": -1.0, "params": {"Bgrad": 0.9643928930517326, "d1": -1.4706531844823871, "d2": 0.04371373992203065, "d3": -1.679876974305715, "d4": -2.744802381142349, "p1": 2.305222873224211, "p2": 6.746268333392819, "p3": 23.475787486562965, "p4": 19.205205043337877, "pol1": 0.35039689452862377, "pol2": -0.8092108221840744, "pol3": -0.6763902499034327, "pol4": 0.9382878411822158, "v0s": 4.546910195125227}, "datetime": {"datetime": "2022-04-30 11:04:15", "elapsed": 156767.614882, "delta": 6.960388}}
{"target": -1.0, "params": {"Bgrad": 1.8740795675403008, "d1": -2.0626171314461814, "d2": 0.930189777006837, "d3": -2.494046968202048, "d4": 0.11969151446190329, "p1": 49.03158360143271, "p2": 24.351313373835737, "p3": 24.494280396327156, "p4": 8.757297516630208, "pol1": 0.2178822763810555, "pol2": -0.5142359186803758, "pol3": 0.4335943161827924, "pol4": -0.05186728552387532, "v0s": 3.3943289418703726}, "datetime": {"datetime": "2022-04-30 11:04:29", "elapsed": 156781.65534, "delta": 14.040458}}
{"target": 4.128945772900648, "params": {"Bgrad": 1.191019853538974, "d1": -2.9015707178647117, "d2": -2.6114748546391136, "d3": -2.594180618564248, "d4": -1.4431150849425372, "p1": 35.79829369405205, "p2": 2.644103639600326, "p3": 0.6243973187949725, "p4": 7.3734981639558494, "pol1": 0.8733505672835511, "pol2": 0.7314700944160497, "pol3": -0.19496055030262838, "pol4": -0.677411940242262, "v0s": 4.128945772900648}, "datetime": {"datetime": "2022-04-30 11:04:34", "elapsed": 156786.751714, "delta": 5.096374}}
{"target": -1.0, "params": {"Bgrad": 1.90224888913911, "d1": -0.4258062533224778, "d2": -1.1157263420875365, "d3": -1.390528940663954, "d4": 0.5862157477051038, "p1": 48.67363864741773, "p2": 38.93377013072117, "p3": 41.66716596303286, "p4": 15.35446706827278, "pol1": 0.8790351574343283, "pol2": -0.09460260658500919, "pol3": -0.6413886138538141, "pol4": 0.19260451919185773, "v0s": 6.10462031731068}, "datetime": {"datetime": "2022-04-30 11:04:46", "elapsed": 156799.212396, "delta": 12.460682}}
{"target": -1.0, "params": {"Bgrad": 1.1560153632010148, "d1": -1.506620954518906, "d2": -0.18274070851235935, "d3": -1.961035628791576, "d4": -0.2546102675963158, "p1": 28.746033371215862, "p2": 16.750355097440895, "p3": 33.834519374749775, "p4": 2.144790488800524, "pol1": 0.09765061924652718, "pol2": 0.1911988490109846, "pol3": -0.42556064829224205, "pol4": -0.2874366059067197, "v0s": 7.178110994345973}, "datetime": {"datetime": "2022-04-30 11:04:57", "elapsed": 156810.112252, "delta": 10.899856}}
{"target": -1.0, "params": {"Bgrad": 1.4290563651565573, "d1": -0.4402325289071838, "d2": -2.581556015993269, "d3": -2.048328960597982, "d4": -0.12287755210101858, "p1": 34.973489637632575, "p2": 22.331093706822852, "p3": 1.962613854617784, "p4": 2.519817001058211, "pol1": -0.8229928810182445, "pol2": 0.7286529334955292, "pol3": -0.7278100658784752, "pol4": 0.3165234694990353, "v0s": 5.461796917265943}, "datetime": {"datetime": "2022-04-30 11:05:05", "elapsed": 156817.939325, "delta": 7.827073}}
{"target": -1.0, "params": {"Bgrad": 1.5898933174275534, "d1": -0.669724570550827, "d2": -2.2823284151522083, "d3": -0.0636656193121139, "d4": -0.6182239462795938, "p1": 27.309246593978838, "p2": 36.35616303411317, "p3": 15.697346295557619, "p4": 3.5303750697694647, "pol1": -0.8235720328238285, "pol2": -0.34454526544416253, "pol3": -0.5366351565245533, "pol4": 0.4964343479769018, "v0s": 5.645833211378425}, "datetime": {"datetime": "2022-04-30 11:05:15", "elapsed": 156828.416311, "delta": 10.476986}}
{"target": -1.0, "params": {"Bgrad": 0.6431470062403415, "d1": -0.12058663297776917, "d2": 0.6643912588134544, "d3": 0.297520783075818, "d4": -0.30676378283127237, "p1": 38.83203289566059, "p2": 7.506205993473691, "p3": 3.2756288720362905, "p4": 37.398999010092105, "pol1": 0.9695640495108246, "pol2": -0.5195137997906529, "pol3": 0.12387191041254897, "pol4": -0.8383484473947085, "v0s": 5.367119868950114}, "datetime": {"datetime": "2022-04-30 11:05:22", "elapsed": 156834.66959, "delta": 6.253279}}
{"target": -1.0, "params": {"Bgrad": 1.1756545777605076, "d1": -2.0377909577207816, "d2": -0.7384837942714428, "d3": -0.38402606847532095, "d4": 0.6466847573289258, "p1": 39.132193381591094, "p2": 48.84141654321591, "p3": 22.135915107625976, "p4": 7.051071881449989, "pol1": -0.18006355272362007, "pol2": 0.5845945114281423, "pol3": -0.5779269476717086, "pol4": -0.6452373730805632, "v0s": 5.870612968185738}, "datetime": {"datetime": "2022-04-30 11:05:35", "elapsed": 156847.963046, "delta": 13.293456}}
{"target": -1.0, "params": {"Bgrad": 1.920555219549482, "d1": -1.3629467375139388, "d2": -0.2125124829141245, "d3": -1.3841078190532103, "d4": -1.6007351371887344, "p1": 6.648445086272503, "p2": 0.9956296485913452, "p3": 5.9835314515223175, "p4": 22.212029718394668, "pol1": 0.45956949980216977, "pol2": -0.892619485613495, "pol3": -0.5566644258381066, "pol4": -0.9378710005188429, "v0s": 6.999946414767679}, "datetime": {"datetime": "2022-04-30 11:05:49", "elapsed": 156861.908758, "delta": 13.945712}}
{"target": -1.0, "params": {"Bgrad": 1.0728135768568625, "d1": -1.861683132286637, "d2": 0.1346864206699685, "d3": -1.88438569493846, "d4": -1.876730199251278, "p1": 46.75006756367133, "p2": 8.210744798958613, "p3": 1.8955032880336065, "p4": 47.802127588570954, "pol1": -0.3877303101343703, "pol2": -0.1718481671010026, "pol3": 0.5935844728010464, "pol4": -0.2876309511978261, "v0s": 2.6291474748536094}, "datetime": {"datetime": "2022-04-30 11:05:54", "elapsed": 156866.767766, "delta": 4.859008}}
{"target": -1.0, "params": {"Bgrad": 1.683351152792637, "d1": -2.4815375896127034, "d2": -2.2078402743408527, "d3": -2.4411709850225156, "d4": -2.113361121196973, "p1": 11.767346975787286, "p2": 36.3201981989765, "p3": 4.762200477729806, "p4": 33.41219058472243, "pol1": 0.8218643814621784, "pol2": 0.25999590165699593, "pol3": -0.32623103371914275, "pol4": 0.6789005097629006, "v0s": 7.391381777546849}, "datetime": {"datetime": "2022-04-30 11:06:07", "elapsed": 156880.193867, "delta": 13.426101}}
{"target": -1.0, "params": {"Bgrad": 1.2401877296945418, "d1": -0.7460699791756062, "d2": -0.6773471216832241, "d3": -2.4689710234292885, "d4": -1.5077573007829748, "p1": 40.58070824204368, "p2": 25.98023049894505, "p3": 46.979234323664684, "p4": 30.79093206468812, "pol1": 0.5589095487649931, "pol2": -0.5039422606969077, "pol3": 0.11861528274540523, "pol4": 0.6212787604829175, "v0s": 2.9162660600647974}, "datetime": {"datetime": "2022-04-30 11:06:18", "elapsed": 156890.552171, "delta": 10.358304}}
{"target": 2.963882327065983, "params": {"Bgrad": 1.3102385668575693, "d1": -0.558794828367414, "d2": -2.2517727592429955, "d3": -0.45243775643264295, "d4": -2.7297007883820528, "p1": 38.976982168182886, "p2": 16.298684836123563, "p3": 24.139211891423518, "p4": 19.115532665166306, "pol1": -0.3460446780525528, "pol2": 0.975359366028101, "pol3": 0.757995754876897, "pol4": -0.3954126832516265, "v0s": 2.963882327065983}, "datetime": {"datetime": "2022-04-30 11:06:23", "elapsed": 156895.719355, "delta": 5.167184}}
{"target": -1.0, "params": {"Bgrad": 1.2939709985016183, "d1": -2.4477619814251406, "d2": -0.4008380956975661, "d3": -2.0681845991000696, "d4": -2.613773591593732, "p1": 1.099627503410433, "p2": 42.9531581184162, "p3": 7.135496820056419, "p4": 20.146449597283254, "pol1": -0.8128711270943263, "pol2": -0.7642126983892634, "pol3": -0.2503662607399195, "pol4": -0.669227566931714, "v0s": 6.313713555830446}, "datetime": {"datetime": "2022-04-30 11:06:34", "elapsed": 156907.30737, "delta": 11.588015}}
{"target": -1.0, "params": {"Bgrad": 0.6887770434433239, "d1": -0.044665227212164815, "d2": 0.36553713578256897, "d3": -2.6692773269268724, "d4": -2.839687628055093, "p1": 24.67664377714375, "p2": 30.037922500710003, "p3": 34.199968055635125, "p4": 23.913736982323293, "pol1": 0.08631793281530342, "pol2": 0.09922040248930619, "pol3": 0.4275640839038437, "pol4": -0.6876782751051138, "v0s": 2.1304545291573924}, "datetime": {"datetime": "2022-04-30 11:06:38", "elapsed": 156911.193978, "delta": 3.886608}}
{"target": -1.0, "params": {"Bgrad": 1.262079182199165, "d1": 0.8147513738280874, "d2": -2.8993863349255102, "d3": -0.5487934493416087, "d4": -1.0244741742132484, "p1": 45.0098020171738, "p2": 1.1803568500726613, "p3": 32.97529280169434, "p4": 32.81104115646632, "pol1": 0.767505570303683, "pol2": 0.07284382972303582, "pol3": 0.3812943911189266, "pol4": -0.17466669728210027, "v0s": 6.95954501302271}, "datetime": {"datetime": "2022-04-30 11:06:47", "elapsed": 156920.415322, "delta": 9.221344}}
{"target": -1.0, "params": {"Bgrad": 1.527518035057081, "d1": -2.5679478982996997, "d2": -2.4404205422426863, "d3": -2.367712250019006, "d4": -2.517842713210439, "p1": 11.513879057511028, "p2": 21.168119247643247, "p3": 33.538075364704035, "p4": 16.831065664278004, "pol1": 0.03950879825587306, "pol2": 0.6422406829965552, "pol3": 0.7691838806598124, "pol4": 0.4089874526107258, "v0s": 7.006943117584178}, "datetime": {"datetime": "2022-04-30 11:06:58", "elapsed": 156931.383994, "delta": 10.968672}}
{"target": -1.0, "params": {"Bgrad": 0.9636126920151544, "d1": 0.16246835160234685, "d2": 0.6666508316082509, "d3": -2.8463779657787085, "d4": -1.21748508894165, "p1": 11.996458439134939, "p2": 24.70077200866735, "p3": 30.873790393007127, "p4": 10.452409371908711, "pol1": 0.7488546715377606, "pol2": -0.48821671785746457, "pol3": 0.42721828158872444, "pol4": 0.7044599966572982, "v0s": 7.594468774140429}, "datetime": {"datetime": "2022-04-30 11:07:05", "elapsed": 156937.715065, "delta": 6.331071}}
{"target": 2.765687806985061, "params": {"Bgrad": 1.933593901264464, "d1": -0.27919677203282056, "d2": -0.4859212339593877, "d3": -0.6161374275104161, "d4": -1.0595153728431397, "p1": 18.021599464189286, "p2": 1.038265905858321, "p3": 37.433622789523625, "p4": 19.68376231834216, "pol1": -0.44132310083812176, "pol2": 0.5550621234256565, "pol3": 0.3205318187568247, "pol4": 0.8195932880587233, "v0s": 2.765687806985061}, "datetime": {"datetime": "2022-04-30 11:07:15", "elapsed": 156947.933743, "delta": 10.218678}}
{"target": -1.0, "params": {"Bgrad": 1.073537822914852, "d1": -0.6904602772260287, "d2": -1.5820094976190644, "d3": -1.607806771431787, "d4": -1.063645221475702, "p1": 3.5719219376257327, "p2": 1.9342845529393138, "p3": 42.03048222331341, "p4": 0.3684444820909516, "pol1": 0.40751560770444906, "pol2": -0.10887379404225062, "pol3": 0.9390191418686984, "pol4": 0.6198437863837596, "v0s": 4.397670827921238}, "datetime": {"datetime": "2022-04-30 11:07:25", "elapsed": 156958.488521, "delta": 10.554778}}
{"target": -1.0, "params": {"Bgrad": 1.090744518421352, "d1": -2.4856233572911495, "d2": -1.541634130440507, "d3": -2.1832753711518507, "d4": -1.7357135686156573, "p1": 28.11578630635136, "p2": 43.09558952764376, "p3": 4.910085663080505, "p4": 41.50284103586848, "pol1": 0.8413334675233368, "pol2": -0.5527439752976364, "pol3": -0.5983048307083756, "pol4": 0.5368703621825202, "v0s": 2.12316919927682}, "datetime": {"datetime": "2022-04-30 11:07:32", "elapsed": 156965.068926, "delta": 6.580405}}
{"target": 2.0570227160793113, "params": {"Bgrad": 1.2349153165664466, "d1": -2.910498175902286, "d2": 0.22919174865764802, "d3": -2.902554852973494, "d4": -2.3577843586763136, "p1": 12.306571161763113, "p2": 49.8558899049107, "p3": 21.037462356270897, "p4": 3.6131391719697814, "pol1": -0.49945728504865583, "pol2": -0.1768619265413891, "pol3": -0.15948017259974123, "pol4": -0.755656311378377, "v0s": 2.0570227160793113}, "datetime": {"datetime": "2022-04-30 11:07:37", "elapsed": 156970.22514, "delta": 5.156214}}
{"target": -1.0, "params": {"Bgrad": 1.7231831201866779, "d1": -2.032179448842158, "d2": -2.6663022174099154, "d3": -1.439106736345054, "d4": -1.2698429131325941, "p1": 26.2047905493343, "p2": 38.01568564805508, "p3": 39.406916825949956, "p4": 23.469033787600157, "pol1": 0.769534302390289, "pol2": -0.8417137648744999, "pol3": -0.28863822940333606, "pol4": -0.28024524252006966, "v0s": 6.2654493828359055}, "datetime": {"datetime": "2022-04-30 11:07:49", "elapsed": 156982.463417, "delta": 12.238277}}
{"target": -1.0, "params": {"Bgrad": 1.7681659653924249, "d1": -0.10710798354957385, "d2": -2.556635484698286, "d3": -0.6025908738827561, "d4": -0.9615109641101225, "p1": 30.269167923392526, "p2": 0.6084222634574588, "p3": 14.42010150718816, "p4": 2.5928167922859293, "pol1": -0.22825731310007513, "pol2": 0.5181728679245718, "pol3": -0.4479964272260848, "pol4": 0.228228702478952, "v0s": 5.764600758612813}, "datetime": {"datetime": "2022-04-30 11:08:00", "elapsed": 156992.987278, "delta": 10.523861}}
{"target": -1.0, "params": {"Bgrad": 0.8774465053389084, "d1": -1.099833062998433, "d2": -2.4260181074320113, "d3": -2.7199273397449835, "d4": 0.17186152284436185, "p1": 8.97371129229726, "p2": 6.310363455906332, "p3": 48.35575683072303, "p4": 2.7821441045782325, "pol1": 0.3638944377263895, "pol2": -0.2501005403623464, "pol3": -0.6530252416075275, "pol4": -0.4542767935065757, "v0s": 6.3901753542957795}, "datetime": {"datetime": "2022-04-30 11:08:09", "elapsed": 157001.561352, "delta": 8.574074}}
