{"target": -1.0, "params": {"Bgrad": 0.7061998620682016, "d1": -1.8983460607167175, "d2": -1.0432294806948805, "d3": -0.12503667744572722, "d4": -0.12420959769180406, "p1": 11.645447654804109, "p2": 27.96110018052912, "p3": 15.940908276612276, "p4": 3.3725396930529508, "pol1": -0.6968211798824073, "pol2": -0.2537082506528252, "pol3": 0.8775522627029915, "pol4": -0.40453232307223197, "v0s": 4.8420576594820455}, "datetime": {"datetime": "2022-04-30 13:38:27", "elapsed": 166019.580813, "delta": 37.610437}}
{"target": -1.0, "params": {"Bgrad": 1.9403405250391839, "d1": -2.9792807836053954, "d2": -0.1719915642363552, "d3": -2.3151336834588374, "d4": -2.5520510236330476, "p1": 33.410148778112855, "p2": 8.39830867220165, "p3": 39.49817709127561, "p4": 38.18626386229847, "pol1": 0.5126382322881746, "pol2": 0.5765085709786637, "pol3": -0.002714577913091709, "pol4": 0.3941551941943553, "v0s": 2.0649787133416924}, "datetime": {"datetime": "2022-04-30 13:39:48", "elapsed": 166101.047984, "delta": 81.467171}}
{"target": 3.8459421214082345, "params": {"Bgrad": 1.4982407322620954, "d1": -1.214646809229654, "d2": 0.6921434255492, "d3": -2.5361619125615618, "d4": -1.631464666376913, "p1": 16.813045609588734, "p2": 40.168288807140804, "p3": 1.7073991021408164, "p4": 30.96304926691895, "pol1": -0.4162084458110056, "pol2": 0.7828160767913901, "pol3": -0.8852738971637957, "pol4": -0.1430129981686572, "v0s": 3.8459421214082345}, "datetime": {"datetime": "2022-04-30 13:40:29", "elapsed": 166142.062319, "delta": 41.014335}}
{"target": -1.0, "params": {"Bgrad": 1.7995359886613196, "d1": -1.115492072901509, "d2": -0.39186824116761576, "d3": -0.18645103085461523, "d4": -1.0172932278817677, "p1": 31.22129527310632, "p2": 7.7492664188606675, "p3": 6.212115723168276, "p4": 27.336318715409668, "pol1": -0.17717782320297393, "pol2": 0.6433023689715516, "pol3": -0.26377512423442306, "pol4": 0.20266686866148165, "v0s": 3.0583884390785094}, "datetime": {"datetime": "2022-04-30 13:41:08", "elapsed": 166181.169753, "delta": 39.107434}}
{"target": -1.0, "params": {"Bgrad": 1.111190641033223, "d1": -1.3777540975798575, "d2": -0.6985904596228156, "d3": -1.9223238081081933, "d4": -1.8158447003515819, "p1": 43.35991583455693, "p2": 25.097772564710112, "p3": 21.839219367223357, "p4": 2.95900610546202, "pol1": 0.9854680221343228, "pol2": 0.25232405480706643, "pol3": -0.0754181086826633, "pol4": -0.6710098271988005, "v0s": 3.08955702909111}, "datetime": {"datetime": "2022-04-30 13:41:47", "elapsed": 166219.729651, "delta": 38.559898}}
{"target": 5.50024060027097, "params": {"Bgrad": 1.4316952792584718, "d1": -2.2643276803082966, "d2": 0.2974777848261789, "d3": -0.5093359838674522, "d4": -0.5309504116189216, "p1": 15.370111817440563, "p2": 20.169040711891526, "p3": 23.27071043201418, "p4": 20.897651831439045, "pol1": -0.7058116681276169, "pol2": -0.016260562718752772, "pol3": 0.7129074035610452, "pol4": 0.9767500766865674, "v0s": 5.50024060027097}, "datetime": {"datetime": "2022-04-30 13:42:42", "elapsed": 166275.274135, "delta": 55.544484}}
{"target": 3.109087514263134, "params": {"Bgrad": 0.9521138525563886, "d1": -1.817054601977401, "d2": 0.4403739891004341, "d3": -2.3951883134450003, "d4": -0.9537642265896422, "p1": 49.29337157302448, "p2": 24.23085752634284, "p3": 20.03690279843118, "p4": 4.236213021110857, "pol1": -0.7444376162802642, "pol2": 0.9224336865854206, "pol3": -0.2687249170798567, "pol4": 0.7111026040876562, "v0s": 3.109087514263134}, "datetime": {"datetime": "2022-04-30 13:43:54", "elapsed": 166347.159926, "delta": 71.885791}}
{"target": -1.0, "params": {"Bgrad": 1.7204078655934454, "d1": -1.8096592505999745, "d2": 0.6950990043816416, "d3": -0.2614245369046766, "d4": 0.2042174014092626, "p1": 14.035145924794335, "p2": 15.68622236105811, "p3": 32.05772650837231, "p4": 34.156536302342204, "pol1": -0.5330999125765017, "pol2": -0.0597959422094525, "pol3": 0.6893834234741303, "pol4": 0.2370716527873311, "v0s": 7.152533319238855}, "datetime": {"datetime": "2022-04-30 13:45:14", "elapsed": 166427.256761, "delta": 80.096835}}
{"target": 4.216431717956996, "params": {"Bgrad": 2.0, "d1": -2.656312544401869, "d2": -3.0, "d3": -0.5944076896112481, "d4": -1.1302627989038827, "p1": 8.689134907982957, "p2": 33.86375036261913, "p3": 1.224695648764639, "p4": 27.019437519544255, "pol1": -1.0, "pol2": -1.0, "pol3": 0.08427425295667285, "pol4": -0.6947132979733774, "v0s": 4.216431717956996}, "datetime": {"datetime": "2022-04-30 13:46:17", "elapsed": 166489.805517, "delta": 62.548756}}
{"target": 4.312337712560048, "params": {"Bgrad": 1.0184666988312412, "d1": -2.0993886819764924, "d2": 0.27276381473760997, "d3": -1.5332111973039053, "d4": -0.0635754665397544, "p1": 7.798847464302872, "p2": 6.497715386494509, "p3": 27.33349355496866, "p4": 11.638341603815057, "pol1": 0.1945466264227304, "pol2": 0.5634268497418999, "pol3": -0.20396754425195765, "pol4": -0.6741792091030971, "v0s": 4.312337712560048}, "datetime": {"datetime": "2022-04-30 13:47:54", "elapsed": 166586.708417, "delta": 96.9029}}
{"target": 3.696927931924878, "params": {"Bgrad": 1.640130388830102, "d1": -2.5361553178726495, "d2": -1.1289171798707134, "d3": -1.7199611836788282, "d4": -1.3628581069940056, "p1": 3.724926257691208, "p2": 48.805186644969076, "p3": 12.743534080034285, "p4": 20.105556361200723, "pol1": -0.689723793544485, "pol2": 0.6187974825110883, "pol3": 0.3710718858042989, "pol4": 0.016662823459470767, "v0s": 3.696927931924878}, "datetime": {"datetime": "2022-04-30 13:48:57", "elapsed": 166650.176714, "delta": 63.468297}}
{"target": -1.0, "params": {"Bgrad": 1.5513655057967028, "d1": -2.82883131323994, "d2": -0.33732037719242314, "d3": -0.7453669853681424, "d4": -1.580980825701833, "p1": 2.132265807618705, "p2": 33.36850972140307, "p3": 16.117011627737764, "p4": 10.495848051621653, "pol1": -0.16351014618215842, "pol2": 0.9104035090324178, "pol3": -0.9857874587415583, "pol4": 0.3639012322334898, "v0s": 3.9345508152394624}, "datetime": {"datetime": "2022-04-30 13:49:35", "elapsed": 166688.123252, "delta": 37.946538}}
{"target": 5.391844760141549, "params": {"Bgrad": 1.9238980743465968, "d1": -2.949105515599975, "d2": 0.8376691615506529, "d3": -0.9658310334807716, "d4": -0.14241487694344546, "p1": 5.351061281349034, "p2": 14.26753986220532, "p3": 34.560486821103254, "p4": 4.16804137500818, "pol1": -0.7451514392153156, "pol2": -0.751238361169692, "pol3": -0.6087907543324413, "pol4": 0.6625194158184209, "v0s": 5.391844760141549}, "datetime": {"datetime": "2022-04-30 13:50:16", "elapsed": 166728.991976, "delta": 40.868724}}
{"target": 3.6245191032436983, "params": {"Bgrad": 0.5716017073894322, "d1": -1.4070664981068681, "d2": -0.026270026119412204, "d3": -1.4782055087210844, "d4": 0.45035336113264224, "p1": 23.48998498637238, "p2": 26.069050232464452, "p3": 12.778229806815588, "p4": 35.96432582846158, "pol1": -0.03976606601765975, "pol2": 0.4477472275634693, "pol3": 0.6548300681797921, "pol4": 0.8120420836649034, "v0s": 3.6245191032436983}, "datetime": {"datetime": "2022-04-30 13:51:18", "elapsed": 166791.007159, "delta": 62.015183}}
{"target": -1.0, "params": {"Bgrad": 1.6386922986837356, "d1": 0.4402298449406499, "d2": 0.37015581649252605, "d3": -1.9434780757594057, "d4": -1.4113348977508289, "p1": 21.871506063992125, "p2": 26.76457833732368, "p3": 40.53420202145473, "p4": 46.267387907823725, "pol1": 0.5977232609696812, "pol2": 0.8617973006171171, "pol3": -0.8065685380097065, "pol4": -0.3159110524394224, "v0s": 4.078884627836992}, "datetime": {"datetime": "2022-04-30 13:52:46", "elapsed": 166878.572026, "delta": 87.564867}}
{"target": -1.0, "params": {"Bgrad": 1.7839235402849636, "d1": -1.228086555262398, "d2": -0.34402877242904406, "d3": -2.3255250792682247, "d4": -1.3085609123466515, "p1": 6.335271664867337, "p2": 13.18869102736276, "p3": 34.952500420123535, "p4": 4.342896390276152, "pol1": 0.6474347035733148, "pol2": 0.33364841872742357, "pol3": -0.3740264632279997, "pol4": 0.9722405430797616, "v0s": 3.447131990281262}, "datetime": {"datetime": "2022-04-30 13:53:22", "elapsed": 166914.791183, "delta": 36.219157}}
{"target": 4.698085138213176, "params": {"Bgrad": 0.7381768992477573, "d1": -1.8468494443119485, "d2": -0.12124176532267879, "d3": -1.7542604038032945, "d4": -0.1565603165812646, "p1": 27.988655199663523, "p2": 43.05937602953564, "p3": 28.825912828866553, "p4": 44.17027392311026, "pol1": -0.33640930240898675, "pol2": 0.42567140024805306, "pol3": -0.830082467399004, "pol4": -0.8296367228429743, "v0s": 4.698085138213176}, "datetime": {"datetime": "2022-04-30 13:53:59", "elapsed": 166952.02762, "delta": 37.236437}}
{"target": -1.0, "params": {"Bgrad": 1.3434343393090968, "d1": -2.9025767154726823, "d2": 0.2279038946428651, "d3": -0.5347517245642632, "d4": -0.5793181862491328, "p1": 29.774981029087023, "p2": 43.89664387112082, "p3": 24.803792216830978, "p4": 28.45767102095013, "pol1": 0.7668703086772215, "pol2": -0.3444205042991022, "pol3": -0.07095038470933579, "pol4": -0.2688853974293488, "v0s": 3.416652012236784}, "datetime": {"datetime": "2022-04-30 13:55:22", "elapsed": 167034.766391, "delta": 82.738771}}
{"target": 4.721402353485517, "params": {"Bgrad": 0.614763360859227, "d1": -1.1991803393097404, "d2": -0.07491899465264051, "d3": -2.830831440344486, "d4": -1.8763104948123632, "p1": 4.740870748178111, "p2": 0.8722614094827497, "p3": 36.44693774680165, "p4": 46.47661640066364, "pol1": 0.620434504581157, "pol2": 0.9515510765017725, "pol3": -0.7580966713777701, "pol4": -0.3375855579401428, "v0s": 4.721402353485517}, "datetime": {"datetime": "2022-04-30 13:55:55", "elapsed": 167067.96263, "delta": 33.196239}}
{"target": 4.122791579094426, "params": {"Bgrad": 1.4257891342578666, "d1": -1.984354338107746, "d2": 0.22691945198730282, "d3": -1.7453871894266932, "d4": -0.3768098917831918, "p1": 29.000897124617783, "p2": 45.839866085983935, "p3": 24.564698529914526, "p4": 27.651474118493983, "pol1": -0.1404570247073573, "pol2": 0.35231898640397036, "pol3": -0.4278665419819221, "pol4": 0.08498119114999794, "v0s": 4.122791579094426}, "datetime": {"datetime": "2022-04-30 13:56:49", "elapsed": 167122.296352, "delta": 54.333722}}
{"target": -1.0, "params": {"Bgrad": 1.7459740703071276, "d1": -2.5831108263513376, "d2": 0.7810431078115587, "d3": 0.47676270270712484, "d4": 0.7862900808622761, "p1": 15.754997593543745, "p2": 14.54435001327914, "p3": 29.368402477192916, "p4": 34.78783129399703, "pol1": -0.5854289297678124, "pol2": 0.8200494976530504, "pol3": 0.6691401435316127, "pol4": -0.720416416292907, "v0s": 5.020245580141989}, "datetime": {"datetime": "2022-04-30 13:57:32", "elapsed": 167164.732884, "delta": 42.436532}}
{"target": -1.0, "params": {"Bgrad": 1.536075640738363, "d1": -2.1265511047267625, "d2": -0.08474577803626548, "d3": -0.6970316161297041, "d4": -1.08413837666953, "p1": 4.563906146233798, "p2": 1.9519266242390088, "p3": 35.668173003211685, "p4": 46.71365758079584, "pol1": -0.27787196798842584, "pol2": -0.18490174440017548, "pol3": -0.8116878516847716, "pol4": -0.4525356054992602, "v0s": 5.581413763366452}, "datetime": {"datetime": "2022-04-30 13:58:47", "elapsed": 167239.679491, "delta": 74.946607}}
{"target": 2.5476032241533875, "params": {"Bgrad": 1.389363986842455, "d1": 0.3887667227795681, "d2": -2.358580565879741, "d3": -2.0995420928387496, "d4": -0.738889121865333, "p1": 39.84244920316156, "p2": 11.534812186915595, "p3": 21.30398536183816, "p4": 25.094704561263363, "pol1": -0.967252673167912, "pol2": 0.6119269408028472, "pol3": 0.5303707724367722, "pol4": 0.5508059019305199, "v0s": 2.5476032241533875}, "datetime": {"datetime": "2022-04-30 13:59:45", "elapsed": 167298.387516, "delta": 58.708025}}
{"target": -1.0, "params": {"Bgrad": 1.0784310846424985, "d1": -1.7328446109012652, "d2": -0.25719372078788005, "d3": -2.4907998467760173, "d4": -1.453624191069066, "p1": 42.104803361109575, "p2": 25.385993561839822, "p3": 22.067987520532196, "p4": 2.4585947350366455, "pol1": -0.29703391045143945, "pol2": -0.8105170315852224, "pol3": -0.8607038750715883, "pol4": -0.7020081491057824, "v0s": 3.041423405878813}, "datetime": {"datetime": "2022-04-30 14:00:40", "elapsed": 167353.515115, "delta": 55.127599}}
{"target": 5.09384807251641, "params": {"Bgrad": 1.3211489551071647, "d1": -1.8470061855615891, "d2": 0.35955638105904514, "d3": -2.3428579281255946, "d4": -0.7077634673616778, "p1": 12.51308022758893, "p2": 20.64450457873577, "p3": 35.90769407638989, "p4": 34.192581102771584, "pol1": 0.00960064321345316, "pol2": -0.3736100232927985, "pol3": -0.36342614511924864, "pol4": 0.49486203159190384, "v0s": 5.09384807251641}, "datetime": {"datetime": "2022-04-30 14:01:37", "elapsed": 167410.41697, "delta": 56.901855}}
{"target": 4.153404471448889, "params": {"Bgrad": 1.1839829088397313, "d1": -2.2871434841947633, "d2": -0.43013305081654357, "d3": -0.9547575155284774, "d4": -1.6299730439505242, "p1": 2.9782577497018443, "p2": 29.775509310753524, "p3": 24.9282859097785, "p4": 23.38606261569003, "pol1": -0.2119935713893736, "pol2": -0.5674418915078581, "pol3": 0.5463431635462365, "pol4": -0.2114920187193922, "v0s": 4.153404471448889}, "datetime": {"datetime": "2022-04-30 14:02:36", "elapsed": 167468.909571, "delta": 58.492601}}
{"target": -1.0, "params": {"Bgrad": 0.6484083335639641, "d1": -0.3421444759900254, "d2": -0.10925935169225198, "d3": -1.4135103587437023, "d4": 0.06371822063044519, "p1": 15.50337556069023, "p2": 14.53690158135285, "p3": 29.580994640372936, "p4": 33.220437661126645, "pol1": 0.9353913307520032, "pol2": -0.5987552102961455, "pol3": -0.8000525480752623, "pol4": -0.17692073936758268, "v0s": 2.506542877487227}, "datetime": {"datetime": "2022-04-30 14:03:10", "elapsed": 167503.482131, "delta": 34.57256}}
{"target": -1.0, "params": {"Bgrad": 1.0404641702381314, "d1": -0.8382407811074915, "d2": 0.19448738093515416, "d3": -1.1921394983035705, "d4": -0.585461778543066, "p1": 0.48739301925704304, "p2": 34.217379950058636, "p3": 16.15280346998062, "p4": 9.983118847628008, "pol1": -0.2213396127939926, "pol2": -0.1505053740869271, "pol3": 0.17707796268791287, "pol4": -0.4021616260841627, "v0s": 4.896222416849934}, "datetime": {"datetime": "2022-04-30 14:03:51", "elapsed": 167544.312956, "delta": 40.830825}}
{"target": 2.455626710615203, "params": {"Bgrad": 1.7890644910067655, "d1": -0.6010701304180267, "d2": 0.4053108756602948, "d3": -1.1263237831071495, "d4": 0.16275114272626567, "p1": 46.38174453667872, "p2": 43.25330763103442, "p3": 8.880891938009954, "p4": 13.262550858212803, "pol1": -1.0, "pol2": 1.0, "pol3": -0.7656232925519758, "pol4": 0.13146298341118398, "v0s": 2.455626710615203}, "datetime": {"datetime": "2022-04-30 14:05:21", "elapsed": 167633.808661, "delta": 89.495705}}
{"target": 4.640118311221101, "params": {"Bgrad": 1.490881633105013, "d1": -2.6098207242023275, "d2": 0.17989321819051973, "d3": -2.6820609063489314, "d4": -1.178124932598922, "p1": 16.37019971464479, "p2": 36.888088295471604, "p3": 3.274315467959438, "p4": 31.884513665274866, "pol1": -0.880084840072215, "pol2": 0.9205016884791748, "pol3": 0.10474322629978206, "pol4": -0.2704257169871209, "v0s": 4.640118311221101}, "datetime": {"datetime": "2022-04-30 14:05:57", "elapsed": 167669.602954, "delta": 35.794293}}
{"target": 4.881065175607087, "params": {"Bgrad": 1.9956238101767956, "d1": -2.469329165840064, "d2": 0.3257746952896108, "d3": -1.7440732266582586, "d4": -1.8499890627005304, "p1": 2.3742472656782807, "p2": 45.47591925097018, "p3": 48.09627422067706, "p4": 35.12324964044086, "pol1": -0.35215295795097723, "pol2": -0.735148519311293, "pol3": -0.8444335613199088, "pol4": -0.7810193603510329, "v0s": 4.881065175607087}, "datetime": {"datetime": "2022-04-30 14:07:43", "elapsed": 167775.682319, "delta": 106.079365}}
{"target": -1.0, "params": {"Bgrad": 1.3857683452823908, "d1": -0.8671027000416385, "d2": 0.37442847808962076, "d3": 0.48830486564533615, "d4": 0.5268373525995775, "p1": 25.361718521318576, "p2": 22.961344755514627, "p3": 7.43989276978062, "p4": 33.205944249459456, "pol1": -0.9199487825867638, "pol2": 0.4819385630850148, "pol3": 0.5129073425794228, "pol4": 0.5433947992084862, "v0s": 3.5886449824204587}, "datetime": {"datetime": "2022-04-30 14:08:48", "elapsed": 167841.260972, "delta": 65.578653}}
{"target": -1.0, "params": {"Bgrad": 0.9131481285739411, "d1": -1.9462903484582779, "d2": 0.22360652931361977, "d3": -1.3292126661231745, "d4": -2.628329178789753, "p1": 16.27425087717776, "p2": 42.2882541801391, "p3": 3.1098471980032296, "p4": 10.349390460538942, "pol1": 0.2023962433153984, "pol2": 0.4540449548591162, "pol3": -0.4931556096450762, "pol4": 0.8619014777064732, "v0s": 4.378983520193302}, "datetime": {"datetime": "2022-04-30 14:09:24", "elapsed": 167876.856795, "delta": 35.595823}}
{"target": -1.0, "params": {"Bgrad": 0.8021331399904472, "d1": -1.5583186130918514, "d2": 0.752389420574517, "d3": -1.5259115942128108, "d4": 0.6809314667402138, "p1": 24.733719256258162, "p2": 25.49029329005335, "p3": 10.838642489042694, "p4": 34.7342313200873, "pol1": 0.0873109958235847, "pol2": 0.7924771812985043, "pol3": 0.12354481339429357, "pol4": -0.20064137252084557, "v0s": 5.5751378271293826}, "datetime": {"datetime": "2022-04-30 14:10:07", "elapsed": 167919.803962, "delta": 42.947167}}
{"target": -1.0, "params": {"Bgrad": 1.2192474059192808, "d1": -1.8955260333514246, "d2": 0.9488299543061776, "d3": -1.211030890218233, "d4": -2.3026311449583927, "p1": 13.934225821949047, "p2": 21.56416029209533, "p3": 36.09850866540276, "p4": 34.631682447655436, "pol1": -0.8595103735370189, "pol2": 0.9020785023672129, "pol3": -0.9891752584142548, "pol4": -0.3098997866410136, "v0s": 5.9279171474657915}, "datetime": {"datetime": "2022-04-30 14:10:46", "elapsed": 167958.605215, "delta": 38.801253}}
{"target": -1.0, "params": {"Bgrad": 1.3037432913002387, "d1": -2.6310882044839516, "d2": 0.960836713357625, "d3": 0.3717371293069638, "d4": -2.2671867214889105, "p1": 15.116266931257199, "p2": 37.89243836751329, "p3": 1.5180183080811538, "p4": 31.092187458529285, "pol1": -0.09967873264509097, "pol2": 0.19836149753840426, "pol3": 0.22855532886555951, "pol4": 0.28804364469368693, "v0s": 4.05540171625068}, "datetime": {"datetime": "2022-04-30 14:11:45", "elapsed": 168018.441224, "delta": 59.836009}}
{"target": 4.600459749253292, "params": {"Bgrad": 1.9547729234341784, "d1": -2.213225494261899, "d2": 0.41931299395087157, "d3": -1.6173918206201796, "d4": -1.9189962700950458, "p1": 2.3622512797890787, "p2": 45.71539377624633, "p3": 48.104713940024276, "p4": 35.47269348588762, "pol1": -0.41264460964623845, "pol2": -0.3803340839317464, "pol3": -0.37445255992736637, "pol4": -0.5304411241203149, "v0s": 4.600459749253292}, "datetime": {"datetime": "2022-04-30 14:12:40", "elapsed": 168073.328465, "delta": 54.887241}}
{"target": -1.0, "params": {"Bgrad": 1.8624072277417454, "d1": -1.9295556039216772, "d2": -1.8804605231935434, "d3": -2.352152438242437, "d4": -2.098997690687529, "p1": 16.07411200412902, "p2": 43.32230259055017, "p3": 2.0663288608613772, "p4": 10.894960513808027, "pol1": -0.3561950233484583, "pol2": 0.11740739567502034, "pol3": 0.22562893707374343, "pol4": 0.03359436025291429, "v0s": 3.799395233449543}, "datetime": {"datetime": "2022-04-30 14:14:05", "elapsed": 168158.323205, "delta": 84.99474}}
{"target": -1.0, "params": {"Bgrad": 1.220168828384165, "d1": -1.9726387799016358, "d2": 0.22225172376749006, "d3": 0.46708917888229273, "d4": -0.532149684166011, "p1": 29.662824526812038, "p2": 44.432072406872074, "p3": 23.029823299086264, "p4": 28.357368984708433, "pol1": -0.37282666587208163, "pol2": -0.3084857431016301, "pol3": -0.681179955657745, "pol4": 0.37715398404072326, "v0s": 3.425401762704394}, "datetime": {"datetime": "2022-04-30 14:14:56", "elapsed": 168208.826169, "delta": 50.502964}}
{"target": 3.7735838249967815, "params": {"Bgrad": 0.9656219536218644, "d1": -2.2849215288359264, "d2": 0.6968890729483999, "d3": -2.196324882962258, "d4": -0.1927086980543149, "p1": 24.232924690033425, "p2": 30.046632991451013, "p3": 24.88761575165413, "p4": 3.0107570692911203, "pol1": -0.17656712270282693, "pol2": 0.7014987039938108, "pol3": -0.9438072322839375, "pol4": 0.5922261991732176, "v0s": 3.7735838249967815}, "datetime": {"datetime": "2022-04-30 14:15:51", "elapsed": 168264.297848, "delta": 55.471679}}
{"target": 4.686634664343744, "params": {"Bgrad": 0.8701038329770547, "d1": -2.3641001510495387, "d2": 0.9799432434690929, "d3": -0.8147192174057167, "d4": -1.3124443374782517, "p1": 3.5562950511827838, "p2": 6.16015902078394, "p3": 24.0439898943085, "p4": 16.971381819764918, "pol1": 0.357699511002713, "pol2": -0.15131836171917623, "pol3": 0.1533664793376288, "pol4": 0.38065372011407983, "v0s": 4.686634664343744}, "datetime": {"datetime": "2022-04-30 14:16:25", "elapsed": 168297.765363, "delta": 33.467515}}
{"target": -1.0, "params": {"Bgrad": 1.1834326932373747, "d1": -1.9684749152686973, "d2": -0.8093498641795218, "d3": -2.6813950874666483, "d4": -0.7108437766645088, "p1": 5.06629065844188, "p2": 13.50502496822168, "p3": 34.76337021491231, "p4": 4.173611099302931, "pol1": 0.7513880299944906, "pol2": -0.8908224746729743, "pol3": -0.06527014566659672, "pol4": -0.038401175361140405, "v0s": 6.022437720252895}, "datetime": {"datetime": "2022-04-30 14:17:07", "elapsed": 168340.075233, "delta": 42.30987}}
{"target": 5.895228319330707, "params": {"Bgrad": 1.5698975902529304, "d1": -1.2674508961214566, "d2": 0.6881989988202849, "d3": -0.3394580029957918, "d4": -2.462179022513493, "p1": 14.770471601522159, "p2": 17.491393980251168, "p3": 31.872177795026435, "p4": 36.549762449152375, "pol1": -0.6816506607889007, "pol2": 0.704847231160333, "pol3": 0.7512911758938646, "pol4": 0.8871544409202408, "v0s": 5.895228319330707}, "datetime": {"datetime": "2022-04-30 14:18:39", "elapsed": 168431.686282, "delta": 91.611049}}
