{"target": 4.599979209112008, "params": {"Bgrad": 1.9746679323893404, "d1": -2.235969070140603, "d2": 0.05423516589771671, "d3": -2.814883004362476, "d4": -2.0188922384067216, "p1": 10.002510649614177, "p2": 27.520741053712655, "p3": 40.720435118795535, "p4": 26.892334938883593, "pol1": 0.6677325582215621, "pol2": 0.8273948601747858, "pol3": 0.7520213207619098, "pol4": 0.39846422392164915, "v0s": 4.599979209112008}, "datetime": {"datetime": "2022-05-17 12:44:40", "elapsed": 61295.938524, "delta": 24.062641}}
{"target": 4.80099311040132, "params": {"Bgrad": 0.5200181125099039, "d1": -2.6633922627849866, "d2": 0.16381952963076873, "d3": -2.0438184153384924, "d4": -2.7109044025828544, "p1": 24.440362756698597, "p2": 30.463302335928034, "p3": 7.284937008743664, "p4": 47.853805448266904, "pol1": -0.8602144831685492, "pol2": 0.10500913600733663, "pol3": 0.19253967259092142, "pol4": 0.06962754018377981, "v0s": 4.80099311040132}, "datetime": {"datetime": "2022-05-17 12:45:01", "elapsed": 61316.681046, "delta": 20.742522}}
{"target": 3.294500391068995, "params": {"Bgrad": 1.843908576422148, "d1": -2.766987855005834, "d2": -1.5661463376698386, "d3": -2.5483646640941946, "d4": -0.9331558151789405, "p1": 8.567325168885414, "p2": 30.452012559284775, "p3": 40.53944168446198, "p4": 28.361435567735484, "pol1": 0.4351706076300472, "pol2": 0.9547417205054114, "pol3": -0.8898888823172864, "pol4": -0.650084498141736, "v0s": 3.294500391068995}, "datetime": {"datetime": "2022-05-17 12:45:21", "elapsed": 61337.085472, "delta": 20.404426}}
{"target": -1.0, "params": {"Bgrad": 0.5, "d1": -1.1275950892765405, "d2": 1.0, "d3": -0.7800193670338649, "d4": -3.0, "p1": 6.015410313200504, "p2": 24.34384906062757, "p3": 0.8023342656198792, "p4": 31.620198591681593, "pol1": 0.3643470054459809, "pol2": -0.23061395056596742, "pol3": -1.0, "pol4": -1.0, "v0s": 5.733040554456764}, "datetime": {"datetime": "2022-05-17 12:45:54", "elapsed": 61369.86081, "delta": 32.775338}}
{"target": 3.2526733762727176, "params": {"Bgrad": 1.5372529707179554, "d1": -0.9332515668985764, "d2": -0.31497244907898736, "d3": 0.15847214615579075, "d4": -0.5725730481742239, "p1": 26.233551638737186, "p2": 39.972634163328586, "p3": 30.923214951336085, "p4": 21.312203531849246, "pol1": -0.8034671840790657, "pol2": 0.5142006090065141, "pol3": 0.2384924203657406, "pol4": -0.8770149426214429, "v0s": 3.2526733762727176}, "datetime": {"datetime": "2022-05-17 12:46:29", "elapsed": 61404.31765, "delta": 34.45684}}
{"target": 4.895843840315681, "params": {"Bgrad": 1.2207460642416925, "d1": -2.6277749704620534, "d2": -0.2300219567488182, "d3": -2.4813737838867325, "d4": -2.27207294051555, "p1": 33.33946635660036, "p2": 5.955396566614529, "p3": 40.44952946387943, "p4": 31.918005716347025, "pol1": 0.2868365469866818, "pol2": 0.35313570013685336, "pol3": 0.38786523080585433, "pol4": -0.7842531169808378, "v0s": 4.895843840315681}, "datetime": {"datetime": "2022-05-17 12:46:59", "elapsed": 61434.890879, "delta": 30.573229}}
{"target": 4.554411804571487, "params": {"Bgrad": 1.193972363986926, "d1": -3.0, "d2": 0.24944758043285925, "d3": -2.4670004621467214, "d4": -1.5687472563072142, "p1": 29.64133067118418, "p2": 30.1366036286384, "p3": 9.720050488197842, "p4": 44.52190081960072, "pol1": 0.4850320155549245, "pol2": -0.8229719898598972, "pol3": 1.0, "pol4": -0.2888447576481307, "v0s": 4.554411804571487}, "datetime": {"datetime": "2022-05-17 12:47:24", "elapsed": 61459.393344, "delta": 24.502465}}
{"target": 4.726811762400558, "params": {"Bgrad": 2.0, "d1": -3.0, "d2": 0.07501824516532479, "d3": -2.5853256394424906, "d4": -1.6871148387594113, "p1": 28.914302328070473, "p2": 29.60303278519729, "p3": 8.452918735146222, "p4": 43.85406665764313, "pol1": 0.7256802632023605, "pol2": -0.242210823861551, "pol3": -0.2975363488523897, "pol4": 0.3611304196047511, "v0s": 4.726811762400558}, "datetime": {"datetime": "2022-05-17 12:47:57", "elapsed": 61493.198927, "delta": 33.805583}}
{"target": 4.731653936940963, "params": {"Bgrad": 1.5421238639422694, "d1": -2.4416304828573514, "d2": 1.0, "d3": -1.2707512315806173, "d4": -0.37136796367095987, "p1": 28.432087506171293, "p2": 10.265696186935411, "p3": 10.367758224011821, "p4": 26.53064011885904, "pol1": 0.8485081695016782, "pol2": 0.045562037515226195, "pol3": 0.3468917025613453, "pol4": -0.9783264038143386, "v0s": 4.731653936940963}, "datetime": {"datetime": "2022-05-17 12:48:29", "elapsed": 61525.060709, "delta": 31.861782}}
{"target": 4.326613383731728, "params": {"Bgrad": 1.0288149783074023, "d1": -2.9940290234389004, "d2": 1.0, "d3": -1.9078626900583513, "d4": -2.3934238414829254, "p1": 41.461031602401555, "p2": 20.852511885369548, "p3": 15.370534638419791, "p4": 12.965204840998288, "pol1": -0.14018656423776157, "pol2": 1.0, "pol3": -0.8776533615099715, "pol4": -1.0, "v0s": 4.326613383731728}, "datetime": {"datetime": "2022-05-17 12:48:59", "elapsed": 61554.358348, "delta": 29.297639}}
{"target": 5.509270014320965, "params": {"Bgrad": 0.5, "d1": -2.9273297738153867, "d2": 1.0, "d3": -2.5822907664152335, "d4": 0.1405836693767899, "p1": 25.327844317807543, "p2": 12.092387505909636, "p3": 35.532124180773145, "p4": 23.612016594299938, "pol1": 0.1376739503089505, "pol2": -1.0, "pol3": -1.0, "pol4": 0.1232760513333502, "v0s": 5.509270014320965}, "datetime": {"datetime": "2022-05-17 12:49:30", "elapsed": 61585.485096, "delta": 31.126748}}
{"target": 4.133659186851709, "params": {"Bgrad": 1.7465469329006824, "d1": -2.0041502483455202, "d2": -0.44702259688189505, "d3": 0.20992146249419275, "d4": -0.07532167568619164, "p1": 8.862336748012456, "p2": 28.399070978953645, "p3": 39.90484959456668, "p4": 27.66716752092171, "pol1": -0.32157248891726753, "pol2": 0.2094672237736499, "pol3": 0.7374230628991081, "pol4": 0.3719895212047335, "v0s": 4.133659186851709}, "datetime": {"datetime": "2022-05-17 12:49:54", "elapsed": 61609.55771, "delta": 24.072614}}
{"target": 4.666817331891839, "params": {"Bgrad": 1.9798056086455913, "d1": -3.0, "d2": 1.0, "d3": -2.184449785095049, "d4": -0.8001020586026126, "p1": 27.52299208698109, "p2": 10.699372727248397, "p3": 10.00289147013323, "p4": 23.443144760203417, "pol1": -0.35191475683749984, "pol2": 0.39588446627028656, "pol3": 0.5963390883762124, "pol4": -0.26143168149014967, "v0s": 4.666817331891839}, "datetime": {"datetime": "2022-05-17 12:50:32", "elapsed": 61647.904148, "delta": 38.346438}}
{"target": 6.106914289409243, "params": {"Bgrad": 0.5, "d1": -3.0, "d2": 1.0, "d3": -2.1812831106772257, "d4": 0.011561040187646147, "p1": 25.724452762478673, "p2": 12.772947271159408, "p3": 36.027754646111646, "p4": 23.431062245999836, "pol1": 1.0, "pol2": -1.0, "pol3": -1.0, "pol4": 1.0, "v0s": 6.106914289409243}, "datetime": {"datetime": "2022-05-17 12:51:17", "elapsed": 61692.584644, "delta": 44.680496}}
{"target": 3.8040775612721216, "params": {"Bgrad": 1.1219761247064803, "d1": -1.5211742076362804, "d2": 0.8743311448442457, "d3": -2.8158532657992272, "d4": -1.194607369303995, "p1": 9.393574192347076, "p2": 24.33235191124773, "p3": 43.249283747405556, "p4": 24.52394507928511, "pol1": 0.36504300230927234, "pol2": -0.9844683902777203, "pol3": -0.457952577344243, "pol4": 0.0689128654884732, "v0s": 3.8040775612721216}, "datetime": {"datetime": "2022-05-17 12:51:40", "elapsed": 61716.042903, "delta": 23.458259}}
{"target": 4.7465045402501795, "params": {"Bgrad": 0.866745951624389, "d1": -2.873391100772009, "d2": 0.19448249183462712, "d3": -0.5761730260764826, "d4": -2.7552561800347783, "p1": 1.4906511523671937, "p2": 13.190456087957207, "p3": 36.829721930272825, "p4": 48.42600004039333, "pol1": 0.7254459085850665, "pol2": 0.6914870888437317, "pol3": -0.07744937668951817, "pol4": 0.6283428394920029, "v0s": 4.7465045402501795}, "datetime": {"datetime": "2022-05-17 12:52:08", "elapsed": 61743.307979, "delta": 27.265076}}
{"target": 4.865891521370239, "params": {"Bgrad": 1.138270830718902, "d1": -2.262866899155688, "d2": 0.5350779576552358, "d3": -2.9888398236495335, "d4": -1.5754004095534113, "p1": 32.41899676146449, "p2": 7.815742418814519, "p3": 38.40130045221652, "p4": 30.569800701642546, "pol1": -0.7150410006269623, "pol2": 0.8839119158052933, "pol3": 0.972434516072912, "pol4": -0.9452765464588322, "v0s": 4.865891521370239}, "datetime": {"datetime": "2022-05-17 12:52:29", "elapsed": 61765.072766, "delta": 21.764787}}
{"target": -1.0, "params": {"Bgrad": 1.2588758883641882, "d1": -2.906420454431189, "d2": 0.9573064313371531, "d3": -1.074781721086668, "d4": -1.6798429793858691, "p1": 1.8270896063492692, "p2": 10.998773896227053, "p3": 36.48614433109596, "p4": 49.6822695666464, "pol1": -0.6338615108393815, "pol2": 0.09961226913858057, "pol3": -0.8444527230285983, "pol4": -0.8900954214950625, "v0s": 6.242869937594654}, "datetime": {"datetime": "2022-05-17 12:52:57", "elapsed": 61792.26005, "delta": 27.187284}}
{"target": 2.827517714444054, "params": {"Bgrad": 2.0, "d1": -3.0, "d2": -0.6534810034133308, "d3": -3.0, "d4": -0.2743316920782506, "p1": 27.521419040622902, "p2": 17.106630363247792, "p3": 49.46477433591146, "p4": 37.303708211326544, "pol1": 1.0, "pol2": 1.0, "pol3": 0.19839950096346834, "pol4": 0.030758676220948408, "v0s": 2.827517714444054}, "datetime": {"datetime": "2022-05-17 12:53:19", "elapsed": 61814.665125, "delta": 22.405075}}
{"target": 4.387034001542327, "params": {"Bgrad": 1.3561741447973024, "d1": -3.0, "d2": 1.0, "d3": -2.3003740224398506, "d4": -1.8141041032617564, "p1": 8.930455993644147, "p2": 37.0388440201438, "p3": 35.483613638100046, "p4": 36.85519694240391, "pol1": 1.0, "pol2": 0.1249777010767924, "pol3": -0.7260061917518036, "pol4": 0.04652384244317344, "v0s": 4.387034001542327}, "datetime": {"datetime": "2022-05-17 12:53:56", "elapsed": 61851.56942, "delta": 36.904295}}
{"target": 4.554154384919453, "params": {"Bgrad": 0.631069185612435, "d1": -2.04708885566639, "d2": 0.878466340494643, "d3": -2.8476065262541503, "d4": -3.0, "p1": 5.392986333206866, "p2": 36.14387930410311, "p3": 33.82571145299844, "p4": 40.50622466986329, "pol1": -0.08495959955938492, "pol2": -0.13321398191579734, "pol3": -0.9997376058774905, "pol4": 0.6061106469731482, "v0s": 4.554154384919453}, "datetime": {"datetime": "2022-05-17 12:54:19", "elapsed": 61874.462191, "delta": 22.892771}}
{"target": -1.0, "params": {"Bgrad": 0.9172464912069858, "d1": -2.0154650280859907, "d2": 0.8615034558109875, "d3": 0.07934340456610967, "d4": -1.5871994755341046, "p1": 8.925201181959524, "p2": 27.423305133716745, "p3": 39.258057684345935, "p4": 28.71746357955441, "pol1": 0.045016653405008045, "pol2": -0.7404628855146316, "pol3": -0.17023189721583498, "pol4": -0.5123983873564784, "v0s": 3.4640500610758247}, "datetime": {"datetime": "2022-05-17 12:55:19", "elapsed": 61934.447751, "delta": 59.98556}}
{"target": 2.5837127817530323, "params": {"Bgrad": 1.5337098873200847, "d1": -1.7419357408910905, "d2": -2.4952163261564624, "d3": -1.857475323749917, "d4": -0.7597153073005214, "p1": 7.1211809130318215, "p2": 3.5113976858967333, "p3": 47.303734345596524, "p4": 15.741385886351045, "pol1": 0.29960164562906777, "pol2": -0.48563730381607617, "pol3": -0.17411190132368648, "pol4": -0.0819101291169324, "v0s": 2.5837127817530323}, "datetime": {"datetime": "2022-05-17 12:55:44", "elapsed": 61959.676274, "delta": 25.228523}}
{"target": 3.9336256292607636, "params": {"Bgrad": 1.7734715519925992, "d1": -0.9966415271665494, "d2": 0.9757222162351034, "d3": -2.938932775515282, "d4": 0.10952108695816243, "p1": 32.78442757658347, "p2": 9.863778779309396, "p3": 36.8057528737504, "p4": 28.529021212979256, "pol1": -0.5852815639137643, "pol2": -0.9473988691115256, "pol3": -0.7011191432587833, "pol4": 0.08186576353725572, "v0s": 3.9336256292607636}, "datetime": {"datetime": "2022-05-17 12:56:06", "elapsed": 61981.794118, "delta": 22.117844}}
{"target": -1.0, "params": {"Bgrad": 1.9454217088126298, "d1": -1.6381911156973579, "d2": -1.415274684256969, "d3": -2.293149176351855, "d4": -1.2080833503963926, "p1": 6.977454689882013, "p2": 31.471741243340258, "p3": 41.315119005330295, "p4": 28.880448891897487, "pol1": -0.8528506458857925, "pol2": -0.09071032890948838, "pol3": -0.010975427036863161, "pol4": 0.1767290194109803, "v0s": 5.811765701233784}, "datetime": {"datetime": "2022-05-17 12:56:31", "elapsed": 62006.734412, "delta": 24.940294}}
{"target": -1.0, "params": {"Bgrad": 1.1454016585570077, "d1": -0.7190169826453463, "d2": 0.3617421570757835, "d3": -2.322709193043945, "d4": -0.43017826285988825, "p1": 28.247807566747813, "p2": 12.526062754182082, "p3": 32.349096827664816, "p4": 28.218354191793665, "pol1": -0.5621905481785456, "pol2": 0.6245509383474936, "pol3": 0.595231466721563, "pol4": 0.3771754593930412, "v0s": 4.218863616347904}, "datetime": {"datetime": "2022-05-17 12:57:00", "elapsed": 62036.001134, "delta": 29.266722}}
{"target": -1.0, "params": {"Bgrad": 1.3856497407917006, "d1": -2.9513606753242274, "d2": 0.13689140738841132, "d3": -2.202266142479821, "d4": -0.537886445921878, "p1": 29.960044933767517, "p2": 29.62048508680766, "p3": 8.961002356241021, "p4": 46.63228348864592, "pol1": -0.46201400337653187, "pol2": -0.4998531102371553, "pol3": 0.6905029654719361, "pol4": 0.593765166645591, "v0s": 6.634654960786782}, "datetime": {"datetime": "2022-05-17 12:57:26", "elapsed": 62062.203054, "delta": 26.20192}}
{"target": -1.0, "params": {"Bgrad": 0.5, "d1": -2.110883212737756, "d2": -0.40674147257808074, "d3": -1.7302294347476648, "d4": -2.0079342935339177, "p1": 38.43579421754857, "p2": 46.52441850610785, "p3": 16.827775085757626, "p4": 13.140399627747874, "pol1": -1.0, "pol2": 1.0, "pol3": -0.46803566262063606, "pol4": 1.0, "v0s": 4.813134635436863}, "datetime": {"datetime": "2022-05-17 12:57:57", "elapsed": 62092.625684, "delta": 30.42263}}
{"target": 3.6080015500780664, "params": {"Bgrad": 1.9537840263666209, "d1": -1.3860963685857146, "d2": 0.8550202034301218, "d3": -2.547913839876902, "d4": 0.22515962945605184, "p1": 25.84448558077658, "p2": 8.639660253867065, "p3": 35.77598298098181, "p4": 24.74062958846359, "pol1": 0.7777004782701733, "pol2": -0.5249916551560676, "pol3": -0.41574362835808953, "pol4": -0.6044014348819322, "v0s": 3.6080015500780664}, "datetime": {"datetime": "2022-05-17 12:58:21", "elapsed": 62117.200955, "delta": 24.575271}}
{"target": -1.0, "params": {"Bgrad": 1.826309011813976, "d1": -1.7235684663981918, "d2": 0.678420106676668, "d3": -1.6114282796909962, "d4": 0.4305252944483815, "p1": 4.305136996864711, "p2": 32.838825372755835, "p3": 31.36886575553739, "p4": 35.66350089013171, "pol1": -0.32317907514689015, "pol2": 0.1333054015293169, "pol3": -0.37980866660342105, "pol4": -0.6433981212500479, "v0s": 3.403344302416711}, "datetime": {"datetime": "2022-05-17 12:58:50", "elapsed": 62146.148531, "delta": 28.947576}}
{"target": 4.710630525900607, "params": {"Bgrad": 0.6696180547701664, "d1": -3.0, "d2": 1.0, "d3": -1.311166975174099, "d4": -0.10430542330326238, "p1": 27.398185154223352, "p2": 11.041061365619775, "p3": 10.478461716878368, "p4": 25.619102755168676, "pol1": 0.8732935727959483, "pol2": 0.47850801063997733, "pol3": -0.28769080635541666, "pol4": -0.12132649748318892, "v0s": 4.710630525900607}, "datetime": {"datetime": "2022-05-17 12:59:19", "elapsed": 62174.252364, "delta": 28.103833}}
{"target": 3.9524993443644276, "params": {"Bgrad": 1.2691536729151165, "d1": -3.0, "d2": 0.9636316654633326, "d3": -2.1227989176051225, "d4": -0.26875103009537127, "p1": 30.33870227593102, "p2": 30.983461845703363, "p3": 8.923946576888975, "p4": 44.87365817179854, "pol1": 1.0, "pol2": -0.08204026660496903, "pol3": 0.7435211569083953, "pol4": -0.5630273121103898, "v0s": 3.9524993443644276}, "datetime": {"datetime": "2022-05-17 12:59:38", "elapsed": 62193.832993, "delta": 19.580629}}
{"target": -1.0, "params": {"Bgrad": 1.7123697161182339, "d1": 0.4954795366112701, "d2": 0.3437741659477762, "d3": -2.7509025506677203, "d4": -2.812932044568832, "p1": 29.048664959588884, "p2": 28.62841027640279, "p3": 8.536750181109326, "p4": 44.400528453900364, "pol1": 0.04731012346982366, "pol2": 0.032393011582468656, "pol3": 0.48595989289517605, "pol4": 0.8610298524139073, "v0s": 4.707919276927408}, "datetime": {"datetime": "2022-05-17 13:00:13", "elapsed": 62228.690761, "delta": 34.857768}}
{"target": 4.337365942334012, "params": {"Bgrad": 0.8609008091104773, "d1": -2.705132221529889, "d2": 1.0, "d3": -1.3256744600850896, "d4": -1.223645048374692, "p1": 41.49250156672435, "p2": 19.54331502240441, "p3": 15.08839555850087, "p4": 12.812701435094704, "pol1": 0.9252166629909685, "pol2": 0.27675920357741435, "pol3": -1.0, "pol4": -0.31069048251392983, "v0s": 4.337365942334012}, "datetime": {"datetime": "2022-05-17 13:00:34", "elapsed": 62250.16732, "delta": 21.476559}}
{"target": 4.4640783047032535, "params": {"Bgrad": 1.834011059442905, "d1": -2.9435928683181274, "d2": 1.0, "d3": -1.38426485572859, "d4": -1.0323463583763344, "p1": 26.689019422513123, "p2": 10.427204107825702, "p3": 9.507951429763237, "p4": 24.984195247389906, "pol1": 1.0, "pol2": -0.01620793591889993, "pol3": 0.35147369861504785, "pol4": -0.23903517095007085, "v0s": 4.4640783047032535}, "datetime": {"datetime": "2022-05-17 13:01:03", "elapsed": 62279.174736, "delta": 29.007416}}
{"target": 4.633084676613409, "params": {"Bgrad": 1.8499212547701032, "d1": -1.9859531240439718, "d2": -0.5611560965094058, "d3": -2.541746521013346, "d4": -2.7477240151731013, "p1": 28.062815722906155, "p2": 9.537301017915844, "p3": 12.920300957505514, "p4": 27.251440743195175, "pol1": -0.04888569514937591, "pol2": 0.8223174061803762, "pol3": 0.12747109233156095, "pol4": -0.9840290091907713, "v0s": 4.633084676613409}, "datetime": {"datetime": "2022-05-17 13:01:29", "elapsed": 62304.581781, "delta": 25.407045}}
{"target": 5.460361258325974, "params": {"Bgrad": 0.5, "d1": -3.0, "d2": 1.0, "d3": -2.0279018530148787, "d4": -0.6163282369202615, "p1": 24.984382282845164, "p2": 12.972444224406452, "p3": 35.61345359859269, "p4": 24.16917167320517, "pol1": 0.520262184264811, "pol2": -1.0, "pol3": -1.0, "pol4": 1.0, "v0s": 5.460361258325974}, "datetime": {"datetime": "2022-05-17 13:01:51", "elapsed": 62326.940979, "delta": 22.359198}}
{"target": 3.995853776932892, "params": {"Bgrad": 0.5, "d1": -1.421545872380935, "d2": 1.0, "d3": -1.9397063759180782, "d4": -2.5891087060902436, "p1": 38.44857550161548, "p2": 46.01326203703105, "p3": 15.898490830442194, "p4": 12.973772185924952, "pol1": 0.9733511708457192, "pol2": 0.2207678597057066, "pol3": 0.22153083336631169, "pol4": 0.6426011039319615, "v0s": 3.995853776932892}, "datetime": {"datetime": "2022-05-17 13:02:12", "elapsed": 62347.396269, "delta": 20.45529}}
{"target": 4.367312616712363, "params": {"Bgrad": 1.6362261835534326, "d1": -2.9826586214927846, "d2": -0.34161412642114986, "d3": -0.23197202001544248, "d4": -2.3165457037684183, "p1": 0.7782032731910915, "p2": 11.925312605030708, "p3": 37.44184882434068, "p4": 47.59564753013399, "pol1": 0.367719163448911, "pol2": -0.634897612858055, "pol3": 0.32792338572270974, "pol4": 0.30569609170529466, "v0s": 4.367312616712363}, "datetime": {"datetime": "2022-05-17 13:02:48", "elapsed": 62383.355092, "delta": 35.958823}}
{"target": 5.067233408577551, "params": {"Bgrad": 0.8519391762559203, "d1": -0.5247507825495705, "d2": 0.2992444006234849, "d3": -1.1242510468468043, "d4": -2.968920763009821, "p1": 31.615887538622907, "p2": 10.689920428136796, "p3": 41.185872643347025, "p4": 34.24266819714393, "pol1": 0.7115850541357025, "pol2": -0.811710220332629, "pol3": -0.9098533434080445, "pol4": 0.05800298862379405, "v0s": 5.067233408577551}, "datetime": {"datetime": "2022-05-17 13:03:10", "elapsed": 62406.107239, "delta": 22.752147}}
{"target": -1.0, "params": {"Bgrad": 1.6071562024071064, "d1": -2.6781861792767208, "d2": 0.728425632731438, "d3": -1.8900117779432781, "d4": -1.2951380939388235, "p1": 23.64794283022478, "p2": 30.447476803650815, "p3": 8.630201067502712, "p4": 49.883465494968476, "pol1": -0.8157000804685848, "pol2": -0.8640750335929466, "pol3": -0.47923060321841415, "pol4": 0.6126573153533375, "v0s": 6.161052062843505}, "datetime": {"datetime": "2022-05-17 13:03:48", "elapsed": 62443.389523, "delta": 37.282284}}
{"target": -1.0, "params": {"Bgrad": 1.0094516996950802, "d1": -1.409858912828137, "d2": -0.03157645125469699, "d3": -0.8490676488006339, "d4": -1.5929564396652025, "p1": 7.183135960073478, "p2": 3.5925584806046187, "p3": 44.20309565824764, "p4": 15.34152946907501, "pol1": -0.6915967234204932, "pol2": 0.6921177229759712, "pol3": -0.23081470104783053, "pol4": -0.6361113510595751, "v0s": 2.635763820036922}, "datetime": {"datetime": "2022-05-17 13:04:12", "elapsed": 62468.061534, "delta": 24.672011}}
{"target": 4.72153299601465, "params": {"Bgrad": 1.0064422111002393, "d1": -2.816594662464385, "d2": 0.9705597068411178, "d3": -2.499926657701932, "d4": 0.16000278988394667, "p1": 8.89391697534274, "p2": 25.599755518950545, "p3": 42.986502670336144, "p4": 21.261636400142642, "pol1": 0.23813255339937434, "pol2": -0.09797101868672975, "pol3": -0.0903499941972774, "pol4": 0.4260796434524381, "v0s": 4.72153299601465}, "datetime": {"datetime": "2022-05-17 13:04:36", "elapsed": 62492.175053, "delta": 24.113519}}
{"target": 4.7442104492936465, "params": {"Bgrad": 0.9701963538543512, "d1": -2.541092249429443, "d2": -0.08519006030107423, "d3": -1.8335549979391401, "d4": -2.402715255523471, "p1": 9.337852418749037, "p2": 27.076278416418663, "p3": 43.30886186191877, "p4": 21.025839212553166, "pol1": 0.49025513856020475, "pol2": 0.19694609199054747, "pol3": -0.05071866814836867, "pol4": -0.04545553508334432, "v0s": 4.7442104492936465}, "datetime": {"datetime": "2022-05-17 13:05:09", "elapsed": 62524.414086, "delta": 32.239033}}
