{"target": -1.0, "params": {"Bgrad": 1.7483819217870122, "d1": 0.3337997735735576, "d2": 0.25082306666802845, "d3": -2.700321927565102, "d4": -2.579856972134401, "p1": 11.092396470243898, "p2": 12.031677406819307, "p3": 45.21749982961904, "p4": 38.22298440637047, "pol1": -0.6022860528661811, "pol2": -0.7114533987756437, "pol3": 0.4445958434468593, "pol4": 0.7640484918059451, "v0s": 5.925218453622974}, "datetime": {"datetime": "2022-04-28 16:51:04", "elapsed": 4777.184738, "delta": 15.058973}}
{"target": -1.0, "params": {"Bgrad": 1.8123597662183606, "d1": 0.39098561254893216, "d2": -2.5443766238774197, "d3": -2.131272284683384, "d4": -2.7811390367562714, "p1": 11.222947436784853, "p2": 46.03659898114712, "p3": 20.97833276676199, "p4": 23.64356626073564, "pol1": -0.14398299573227513, "pol2": -0.03156929852639845, "pol3": -0.16820435777695208, "pol4": 0.49039851146523405, "v0s": 6.4197671612887}, "datetime": {"datetime": "2022-04-28 16:51:16", "elapsed": 4788.594899, "delta": 11.410161}}
{"target": 3.7881923003017386, "params": {"Bgrad": 0.7861739977422991, "d1": -2.371867206802387, "d2": 0.621468649233134, "d3": -0.9660327857437658, "d4": -0.04991725974805172, "p1": 36.65367111043347, "p2": 38.51729198838207, "p3": 23.470470706314977, "p4": 20.249332166402095, "pol1": -0.744756613307276, "pol2": -0.06917221108187999, "pol3": -0.3142045616661586, "pol4": 0.22228236874633955, "v0s": 3.7881923003017386}, "datetime": {"datetime": "2022-04-28 16:51:20", "elapsed": 4792.768777, "delta": 4.173878}}
{"target": 2.484452634209428, "params": {"Bgrad": 0.7190799231987888, "d1": -1.5180667992629764, "d2": 0.27781954589102886, "d3": -0.9188076201561688, "d4": 0.6613014847324541, "p1": 14.336713161747488, "p2": 7.703299505867811, "p3": 46.797270630708034, "p4": 23.653536679309262, "pol1": 0.19843434450027075, "pol2": 0.8669391113886475, "pol3": 0.8385852114005228, "pol4": 0.5518271511094106, "v0s": 2.484452634209428}, "datetime": {"datetime": "2022-04-28 16:51:24", "elapsed": 4796.864392, "delta": 4.095615}}
{"target": -1.0, "params": {"Bgrad": 1.9945358914685356, "d1": -1.3603160929622535, "d2": -1.776882957073108, "d3": -2.570475391919834, "d4": 0.7219412287978582, "p1": 29.40931284182287, "p2": 7.635161975755844, "p3": 45.41022326273106, "p4": 2.754735228490457, "pol1": 0.05057386750213966, "pol2": -0.31389256214202654, "pol3": -0.47359807079100125, "pol4": -0.18419375565779172, "v0s": 6.522905949579887}, "datetime": {"datetime": "2022-04-28 16:51:40", "elapsed": 4813.15558, "delta": 16.291188}}
{"target": -1.0, "params": {"Bgrad": 0.8706337475137802, "d1": -0.7421439875031512, "d2": 0.8053406153569993, "d3": 0.5772276350742196, "d4": -1.282195823641648, "p1": 29.23563774858014, "p2": 36.91833719923785, "p3": 11.394358254962873, "p4": 34.31179338291299, "pol1": -0.3540048800848734, "pol2": 0.09869020112263849, "pol3": 0.38108122462217464, "pol4": -0.19886107423215438, "v0s": 2.6291658307269925}, "datetime": {"datetime": "2022-04-28 16:52:10", "elapsed": 4843.060558, "delta": 29.904978}}
{"target": -1.0, "params": {"Bgrad": 1.003548311438108, "d1": -0.41826686732623397, "d2": -2.0297768866701658, "d3": 0.4089026548164103, "d4": -2.9576739425540173, "p1": 43.18506856459246, "p2": 12.868706572480942, "p3": 26.96881937314209, "p4": 16.244533154666545, "pol1": 0.8664951335354087, "pol2": -0.965339440736237, "pol3": 0.3478598118386924, "pol4": -0.19904326177314102, "v0s": 5.68931385451205}, "datetime": {"datetime": "2022-04-28 16:52:19", "elapsed": 4851.963881, "delta": 8.903323}}
{"target": -1.0, "params": {"Bgrad": 1.8082319892720031, "d1": -2.195735095107619, "d2": -0.4028685762391331, "d3": -0.146466510665626, "d4": -1.2553648422601786, "p1": 6.64673820246397, "p2": 9.82727834533234, "p3": 39.53799479613158, "p4": 39.3393159370467, "pol1": 0.5992759050324596, "pol2": 0.5771716452627842, "pol3": -0.30438786085820757, "pol4": 0.3747831626966067, "v0s": 5.6558721254102995}, "datetime": {"datetime": "2022-04-28 16:52:33", "elapsed": 4865.912303, "delta": 13.948422}}
{"target": -1.0, "params": {"Bgrad": 1.8546210414216335, "d1": -0.2540847764436447, "d2": -0.05449054238529172, "d3": -1.7149805293543934, "d4": -2.6254023161197724, "p1": 15.16347157157738, "p2": 49.46194107072921, "p3": 16.120875273229224, "p4": 43.053958861554676, "pol1": 0.5423729173158649, "pol2": -0.6747432397796209, "pol3": -0.690133383280265, "pol4": -0.6921745439698663, "v0s": 6.362215031210965}, "datetime": {"datetime": "2022-04-28 16:52:44", "elapsed": 4877.299422, "delta": 11.387119}}
{"target": -1.0, "params": {"Bgrad": 0.8267726712904802, "d1": 0.509104734262904, "d2": 0.3481877891018801, "d3": -2.700852645896831, "d4": -1.6471240807894811, "p1": 22.05165637211424, "p2": 26.579025909602716, "p3": 7.792397297183351, "p4": 13.482845002758005, "pol1": 0.9711255633341223, "pol2": -0.7461833022671582, "pol3": -0.06225266206336766, "pol4": -0.09964243310813159, "v0s": 5.861227380202309}, "datetime": {"datetime": "2022-04-28 16:52:51", "elapsed": 4884.249837, "delta": 6.950415}}
{"target": -1.0, "params": {"Bgrad": 1.706020665743103, "d1": -1.507228358140348, "d2": -1.9476601542049394, "d3": -0.6891015336084498, "d4": 0.3784874613248923, "p1": 41.424494267648925, "p2": 16.087992572870057, "p3": 28.87191153932983, "p4": 46.33698534594562, "pol1": 0.6231573712575411, "pol2": 0.15941124792623684, "pol3": -0.10789286638341089, "pol4": -0.24735548260399076, "v0s": 7.907255319271572}, "datetime": {"datetime": "2022-04-28 16:53:05", "elapsed": 4898.44588, "delta": 14.196043}}
{"target": -1.0, "params": {"Bgrad": 1.6997712105268428, "d1": -0.059160177138767533, "d2": 0.8342651475641207, "d3": -0.29955492319468036, "d4": -1.647424799762895, "p1": 20.144830608495152, "p2": 26.490004903904385, "p3": 42.47182158119532, "p4": 10.977970359344857, "pol1": 0.2960214355162081, "pol2": -0.6341826139867675, "pol3": 0.2049820383307288, "pol4": -0.19247001833082367, "v0s": 7.28921832638987}, "datetime": {"datetime": "2022-04-28 16:53:17", "elapsed": 4909.720733, "delta": 11.274853}}
{"target": -1.0, "params": {"Bgrad": 1.0314824039538193, "d1": -1.4347702130738211, "d2": 0.30566198347512064, "d3": -1.897129422448128, "d4": -0.615510587899359, "p1": 38.3307051799678, "p2": 24.526805165967836, "p3": 38.77890326367484, "p4": 7.189160439362291, "pol1": 0.42907332797194586, "pol2": -0.4346475385459483, "pol3": -0.9965972627236808, "pol4": 0.4048308961340641, "v0s": 3.4045344188386393}, "datetime": {"datetime": "2022-04-28 16:53:26", "elapsed": 4918.991943, "delta": 9.27121}}
{"target": -1.0, "params": {"Bgrad": 0.8010494053772451, "d1": -2.9336893978520893, "d2": -1.406461182273976, "d3": -0.5124678012920469, "d4": -0.26467266298802894, "p1": 45.39878680211861, "p2": 33.16117423347817, "p3": 0.26406672632509065, "p4": 41.81383701432699, "pol1": -0.7667313878960176, "pol2": 0.7827545983845037, "pol3": 0.17993233344483928, "pol4": -0.26840402408663566, "v0s": 2.663889086368876}, "datetime": {"datetime": "2022-04-28 16:53:31", "elapsed": 4923.945698, "delta": 4.953755}}
{"target": -1.0, "params": {"Bgrad": 1.5004081580704571, "d1": -0.3722442412553475, "d2": -1.3699417349587524, "d3": -0.6641541323712481, "d4": 0.4739884837677071, "p1": 36.663313452024454, "p2": 19.905925277920893, "p3": 4.032936231384005, "p4": 47.843903749835995, "pol1": 0.7900175956873274, "pol2": 0.06047603008845104, "pol3": -0.661828047925137, "pol4": -0.40369184671615943, "v0s": 5.49238852833901}, "datetime": {"datetime": "2022-04-28 16:53:43", "elapsed": 4936.443282, "delta": 12.497584}}
{"target": -1.0, "params": {"Bgrad": 1.3151181857906102, "d1": 0.8519990554710972, "d2": -0.8657703473726461, "d3": 0.9601700084572409, "d4": -1.6272185096136922, "p1": 37.36886309375219, "p2": 15.527837361108615, "p3": 12.224201339184953, "p4": 17.70154419620572, "pol1": -0.9944022840617779, "pol2": 0.43095414581534564, "pol3": 0.041949840415177686, "pol4": -0.19977034789585946, "v0s": 6.543615494377523}, "datetime": {"datetime": "2022-04-28 16:53:52", "elapsed": 4944.620418, "delta": 8.177136}}
{"target": 3.5825205537818183, "params": {"Bgrad": 1.2251711566833385, "d1": -1.673721222449338, "d2": 0.3022009684072531, "d3": -0.9204064569364148, "d4": -1.5608285630170875, "p1": 44.345424485517945, "p2": 37.249144824212266, "p3": 18.517863125669336, "p4": 26.614872147102336, "pol1": -0.026305610398237977, "pol2": 0.5312593490796416, "pol3": -0.11858482530347692, "pol4": 0.0754206286460739, "v0s": 3.5825205537818183}, "datetime": {"datetime": "2022-04-28 16:53:57", "elapsed": 4950.511665, "delta": 5.891247}}
{"target": -1.0, "params": {"Bgrad": 0.5140661064218384, "d1": 0.9158240102167485, "d2": -0.9389363598797815, "d3": -2.4793042320588903, "d4": 0.9088398297035405, "p1": 1.1629003052322229, "p2": 11.904476658416884, "p3": 42.61313307267311, "p4": 18.23327741187558, "pol1": 0.19372374215111776, "pol2": -0.26314232012330496, "pol3": -0.047850149515874074, "pol4": -0.20608941423926375, "v0s": 4.273048443019643}, "datetime": {"datetime": "2022-04-28 16:54:04", "elapsed": 4956.649254, "delta": 6.137589}}
{"target": -1.0, "params": {"Bgrad": 1.7684742590057017, "d1": -0.9670385578584271, "d2": -2.7108634077217535, "d3": 0.14050711927365178, "d4": -2.589201735926198, "p1": 41.86870430213455, "p2": 17.635721055837074, "p3": 9.034146015128536, "p4": 25.94358086142048, "pol1": -0.23199880499766623, "pol2": -0.774631727434216, "pol3": 0.6284026909903373, "pol4": -0.0017083732216160996, "v0s": 5.980695727926816}, "datetime": {"datetime": "2022-04-28 16:54:16", "elapsed": 4969.075031, "delta": 12.425777}}
{"target": -1.0, "params": {"Bgrad": 1.456319969149822, "d1": -0.7937921326788513, "d2": -2.888616250570853, "d3": -2.26311094253052, "d4": -2.1160612140337074, "p1": 17.14204168170783, "p2": 24.55202435908877, "p3": 12.980799928034198, "p4": 5.498228063000454, "pol1": 0.6006482424826893, "pol2": 0.7254365141317569, "pol3": -0.1682048682623598, "pol4": 0.9709869677970873, "v0s": 4.844580355508933}, "datetime": {"datetime": "2022-04-28 16:54:27", "elapsed": 4980.521425, "delta": 11.446394}}
{"target": -1.0, "params": {"Bgrad": 1.281612930649303, "d1": -0.9127938772468345, "d2": -0.043879761588142774, "d3": -2.4856628826001943, "d4": -1.2554680128610083, "p1": 47.72120078617756, "p2": 20.90789700560625, "p3": 5.5673490782992445, "p4": 13.95449388131525, "pol1": 0.4378266520419414, "pol2": -0.37622283483207464, "pol3": 0.09622039613208266, "pol4": -0.1537029792660185, "v0s": 6.5754407620184825}, "datetime": {"datetime": "2022-04-28 16:54:38", "elapsed": 4990.919622, "delta": 10.398197}}
{"target": -1.0, "params": {"Bgrad": 0.6780118735852358, "d1": -1.370687137037677, "d2": -0.19101712039101582, "d3": -2.071675206821019, "d4": -1.5141993428024052, "p1": 41.63207385040078, "p2": 34.601121228540855, "p3": 3.292702168988615, "p4": 10.21482985111234, "pol1": 0.7035184645644412, "pol2": -0.4255982036698094, "pol3": 0.4866772863733577, "pol4": 0.6783211257222284, "v0s": 5.224528546817126}, "datetime": {"datetime": "2022-04-28 16:54:44", "elapsed": 4996.999366, "delta": 6.079744}}
{"target": -1.0, "params": {"Bgrad": 1.9137542610788838, "d1": -1.7397436238970698, "d2": 0.09280010810529316, "d3": -2.879954878074737, "d4": -0.44419915836465496, "p1": 3.5986149976021786, "p2": 34.47729585761781, "p3": 39.324608733256085, "p4": 47.34969976935024, "pol1": -0.4315331860094689, "pol2": 0.4233209525552435, "pol3": -0.27066713402508613, "pol4": 0.02734340798142121, "v0s": 7.4348679762029}, "datetime": {"datetime": "2022-04-28 16:54:55", "elapsed": 5008.491637, "delta": 11.492271}}
{"target": -1.0, "params": {"Bgrad": 0.6073941863902239, "d1": -2.124045136260328, "d2": -2.1364480628455342, "d3": -2.353423167275605, "d4": -0.9532478094234778, "p1": 38.325559400478035, "p2": 27.084050832383166, "p3": 2.839684846437629, "p4": 29.070895941982332, "pol1": -0.60894898429882, "pol2": -0.3191670773302073, "pol3": 0.8498551711870133, "pol4": 0.6586586865019544, "v0s": 7.323649656098562}, "datetime": {"datetime": "2022-04-28 16:55:01", "elapsed": 5014.525504, "delta": 6.033867}}
{"target": -1.0, "params": {"Bgrad": 1.4537891047349398, "d1": 0.9283571125342447, "d2": 0.5982195631852032, "d3": -0.788979042778506, "d4": -1.0122888197393851, "p1": 37.57532735318059, "p2": 39.413936563936865, "p3": 47.960618811576836, "p4": 28.198613099216953, "pol1": 0.33956738039363277, "pol2": 0.8852970314221587, "pol3": 0.8123785465493922, "pol4": -0.8149062264386358, "v0s": 7.776556288609476}, "datetime": {"datetime": "2022-04-28 16:55:13", "elapsed": 5025.716582, "delta": 11.191078}}
{"target": -1.0, "params": {"Bgrad": 0.9806299075387184, "d1": -0.08296306793423902, "d2": 0.46801745171371856, "d3": 0.11304631807326526, "d4": -0.5716437861974053, "p1": 1.8887438196474482, "p2": 27.46088832245594, "p3": 39.61996597918696, "p4": 13.060509532028409, "pol1": 0.07801891144843709, "pol2": 0.5369221088565148, "pol3": -0.6877949961500345, "pol4": -0.18266477483162413, "v0s": 2.880073432779774}, "datetime": {"datetime": "2022-04-28 16:55:25", "elapsed": 5037.937903, "delta": 12.221321}}
{"target": -1.0, "params": {"Bgrad": 1.1135630198148898, "d1": -0.4074676471144554, "d2": -2.00761781729972, "d3": -0.7430516157639331, "d4": -1.7163517574046065, "p1": 7.7247588964878595, "p2": 13.8694005217342, "p3": 34.5727588919207, "p4": 26.533948968311204, "pol1": 0.36049331687920594, "pol2": -0.9876879446587015, "pol3": 0.8729319902504327, "pol4": 0.3437901014364284, "v0s": 2.3522414041946207}, "datetime": {"datetime": "2022-04-28 16:55:37", "elapsed": 5050.172191, "delta": 12.234288}}
{"target": -1.0, "params": {"Bgrad": 1.8733819205878561, "d1": -2.4835050279945485, "d2": -0.5947312755159477, "d3": -1.791307622291873, "d4": -1.998088891504255, "p1": 34.29295801903564, "p2": 33.671348973950536, "p3": 12.355139044887858, "p4": 41.68061242547426, "pol1": 0.6714336738783417, "pol2": -0.08547865514443953, "pol3": -0.8928838566507153, "pol4": -0.7971864482527931, "v0s": 2.5622404288751115}, "datetime": {"datetime": "2022-04-28 16:55:45", "elapsed": 5058.471999, "delta": 8.299808}}
{"target": -1.0, "params": {"Bgrad": 0.9737578539110061, "d1": -1.3057178496427566, "d2": -1.0999994798878938, "d3": -1.1322223826186804, "d4": -1.5212793891772787, "p1": 45.832069924055936, "p2": 7.273219885659632, "p3": 24.940653757169024, "p4": 33.369548389884955, "pol1": 0.8979383223320478, "pol2": 0.7527462824431883, "pol3": -0.648829285094985, "pol4": 0.008949043872659157, "v0s": 5.40812106426935}, "datetime": {"datetime": "2022-04-28 16:55:54", "elapsed": 5067.507473, "delta": 9.035474}}
{"target": -1.0, "params": {"Bgrad": 1.847886724467473, "d1": 0.5261151753457467, "d2": -2.6466673178957123, "d3": -0.7647290053438027, "d4": -1.3349658360133625, "p1": 32.30614180581572, "p2": 29.82552070540062, "p3": 21.873255234502782, "p4": 28.33262059473333, "pol1": 0.6379835494492541, "pol2": 0.5822723118993078, "pol3": 0.610226299579369, "pol4": -0.9126743603770349, "v0s": 2.4318636065408024}, "datetime": {"datetime": "2022-04-28 16:56:04", "elapsed": 5076.569774, "delta": 9.062301}}
{"target": -1.0, "params": {"Bgrad": 1.2470053995792134, "d1": 0.11127695126743253, "d2": -2.296614006589277, "d3": 0.10552638746290688, "d4": -0.3710848737442012, "p1": 14.084152862043997, "p2": 7.343034566225132, "p3": 45.09085278505236, "p4": 16.449391195245816, "pol1": -0.9161682388187684, "pol2": 0.20642569122757193, "pol3": 0.3586121332200358, "pol4": -0.872775027670943, "v0s": 2.082922476526077}, "datetime": {"datetime": "2022-04-28 16:56:22", "elapsed": 5094.650429, "delta": 18.080655}}
{"target": -1.0, "params": {"Bgrad": 1.6252103838666614, "d1": -1.2209052695944882, "d2": 0.8079150823404753, "d3": -2.7111676430432246, "d4": 0.9648039433653679, "p1": 16.78512058929305, "p2": 14.100013921807692, "p3": 9.528581319848172, "p4": 10.497296085464008, "pol1": -0.1416693243296041, "pol2": 0.04389218616263757, "pol3": 0.49569910332693956, "pol4": 0.7106277984818143, "v0s": 6.147605043047295}, "datetime": {"datetime": "2022-04-28 16:56:35", "elapsed": 5108.245081, "delta": 13.594652}}
{"target": 3.127367701265277, "params": {"Bgrad": 1.8915964933908251, "d1": -2.316895896744712, "d2": 0.758710178997243, "d3": -2.963730936662664, "d4": -2.563604692385749, "p1": 40.56256810014531, "p2": 3.97516051547665, "p3": 21.63251452497697, "p4": 32.83967993796422, "pol1": -0.3187019148061008, "pol2": 0.8532024370442008, "pol3": 0.13255441800381695, "pol4": 0.9634043662327783, "v0s": 3.127367701265277}, "datetime": {"datetime": "2022-04-28 16:56:43", "elapsed": 5116.34941, "delta": 8.104329}}
{"target": 2.6251270567870972, "params": {"Bgrad": 1.1628652095915264, "d1": -0.7395942698495759, "d2": 0.8448508962552594, "d3": -2.5825726528244966, "d4": 0.1582257297669094, "p1": 6.588221363755303, "p2": 4.738922515925187, "p3": 32.716794984265555, "p4": 13.037881604858576, "pol1": -0.5898565215347127, "pol2": 0.4270459868198082, "pol3": -0.20144278646378377, "pol4": 0.40635666994117536, "v0s": 2.6251270567870972}, "datetime": {"datetime": "2022-04-28 16:56:49", "elapsed": 5122.212733, "delta": 5.863323}}
{"target": -1.0, "params": {"Bgrad": 0.7491820060569063, "d1": -1.1317301233090071, "d2": 0.9797092142476642, "d3": 0.5338359323364248, "d4": 0.4872709377690132, "p1": 35.92148579338519, "p2": 4.453120088239987, "p3": 46.52080415222608, "p4": 42.49134573098563, "pol1": 0.5659456890360284, "pol2": 0.3634121921635425, "pol3": 0.6453529849883191, "pol4": 0.04987371080573477, "v0s": 7.300679711126056}, "datetime": {"datetime": "2022-04-28 16:56:56", "elapsed": 5128.696397, "delta": 6.483664}}
{"target": -1.0, "params": {"Bgrad": 0.644340268845829, "d1": -2.4242678308700256, "d2": -1.7567256204508603, "d3": -2.5907814255308343, "d4": -1.080077336265218, "p1": 44.85606796543451, "p2": 18.108524361485497, "p3": 20.002631878858075, "p4": 9.0017754974421, "pol1": 0.7266646919920254, "pol2": 0.6987985990620644, "pol3": 0.8110965151950489, "pol4": -0.21328471044004949, "v0s": 5.160180974685046}, "datetime": {"datetime": "2022-04-28 16:57:02", "elapsed": 5135.224941, "delta": 6.528544}}
{"target": -1.0, "params": {"Bgrad": 1.7122454286401436, "d1": -0.33609821570933596, "d2": -1.6595824346452552, "d3": 0.5125979526950881, "d4": 0.540260126780328, "p1": 15.709245637473934, "p2": 11.734926354641411, "p3": 14.884725841906532, "p4": 32.169500519623654, "pol1": -0.807458283953401, "pol2": -0.04108348415045526, "pol3": 0.8109804761306647, "pol4": 0.08759780290990493, "v0s": 6.670229573373424}, "datetime": {"datetime": "2022-04-28 16:57:15", "elapsed": 5148.0307, "delta": 12.805759}}
{"target": -1.0, "params": {"Bgrad": 0.8694245048752998, "d1": -0.30227746044670933, "d2": -2.8008814515151985, "d3": -2.0186699565828334, "d4": -1.551051828582788, "p1": 23.839515346488465, "p2": 49.88109037482195, "p3": 13.29872915786338, "p4": 30.29063745874765, "pol1": -0.26664007077777696, "pol2": 0.4070062569687929, "pol3": 0.034721177572657025, "pol4": 0.7166515261151873, "v0s": 5.0266087802127135}, "datetime": {"datetime": "2022-04-28 16:57:22", "elapsed": 5155.108775, "delta": 7.078075}}
{"target": -1.0, "params": {"Bgrad": 1.934067588385033, "d1": 0.7249103430342401, "d2": -2.3126151503338344, "d3": 0.9679625871619493, "d4": -0.11855902653008688, "p1": 29.541586093416722, "p2": 38.64327959396945, "p3": 5.579014728060294, "p4": 16.854867705833172, "pol1": -0.3474681959756629, "pol2": 0.6085806613364562, "pol3": -0.8423575225723479, "pol4": -0.7941536267826597, "v0s": 6.18728278311985}, "datetime": {"datetime": "2022-04-28 16:57:33", "elapsed": 5165.845068, "delta": 10.736293}}
{"target": -1.0, "params": {"Bgrad": 1.7662001576827764, "d1": -0.18638679123151736, "d2": -1.3568993729548344, "d3": -0.7748276782581658, "d4": 0.2618525235806901, "p1": 32.69032793812174, "p2": 14.283824831650415, "p3": 23.52443510392729, "p4": 17.663219590570616, "pol1": 0.26545399840812145, "pol2": -0.41896683267504153, "pol3": -0.5181383846595093, "pol4": -0.24356336203093898, "v0s": 5.536105857084056}, "datetime": {"datetime": "2022-04-28 16:57:44", "elapsed": 5176.914471, "delta": 11.069403}}
{"target": -1.0, "params": {"Bgrad": 1.8676005430967137, "d1": -1.1317020603321737, "d2": 0.9645260187206635, "d3": -1.2856952301972755, "d4": 0.9745172700799327, "p1": 49.41850399504848, "p2": 22.0066691380582, "p3": 45.2561214593526, "p4": 22.205098656589218, "pol1": -0.5346686729083625, "pol2": -0.07851315245874146, "pol3": 0.2324195781627354, "pol4": 0.32045719177898246, "v0s": 5.369072618243178}, "datetime": {"datetime": "2022-04-28 16:57:59", "elapsed": 5192.033047, "delta": 15.118576}}
{"target": -1.0, "params": {"Bgrad": 0.8154431421687447, "d1": -0.4808021392395645, "d2": 0.4224788536507451, "d3": -0.16631466216891821, "d4": 0.3903875584115273, "p1": 27.941384437034817, "p2": 13.597037474450024, "p3": 1.156863737212771, "p4": 23.294782250335327, "pol1": 0.9708323786499349, "pol2": 0.7507986139655574, "pol3": -0.7455943911505636, "pol4": -0.686012849240478, "v0s": 7.829606865778475}, "datetime": {"datetime": "2022-04-28 16:58:06", "elapsed": 5198.636391, "delta": 6.603344}}
{"target": -1.0, "params": {"Bgrad": 1.0585483161075637, "d1": 0.4951566270319705, "d2": -1.3822718060466626, "d3": -1.4691224349811782, "d4": 0.8451384402954671, "p1": 12.7116264396264, "p2": 6.975740161386751, "p3": 20.715371710750556, "p4": 8.740927080238093, "pol1": 0.21375337196949862, "pol2": -0.5232920484935326, "pol3": 0.0763333929922918, "pol4": 0.9051404461876189, "v0s": 2.404023151916173}, "datetime": {"datetime": "2022-04-28 16:58:24", "elapsed": 5217.3522, "delta": 18.715809}}
