{"target": 4.4327982808506885, "params": {"Bgrad": 1.8962236705010718, "d1": -2.216827720376346, "d2": 0.4595623211691514, "d3": -2.2238855902186496, "d4": -1.9285965088706116, "p1": 9.853720722322693, "p2": 26.597863708955053, "p3": 43.755866518030714, "p4": 22.40484124287014, "pol1": 0.4020012503443795, "pol2": -0.5418931035737026, "pol3": -0.399532178899548, "pol4": 0.9923560019280929, "v0s": 4.4327982808506885}, "datetime": {"datetime": "2022-05-17 17:30:09", "elapsed": 78424.507645, "delta": 27.714945}}
{"target": 4.842264196597841, "params": {"Bgrad": 1.1638592257355425, "d1": -3.0, "d2": -3.0, "d3": -1.712762236855044, "d4": -1.7895820337019714, "p1": 4.604876065799874, "p2": 10.739793037946887, "p3": 37.26160357116394, "p4": 28.95098282666059, "pol1": -0.9139952480684258, "pol2": -1.0, "pol3": 0.18111409679768012, "pol4": -1.0, "v0s": 4.842264196597841}, "datetime": {"datetime": "2022-05-17 17:30:38", "elapsed": 78453.906169, "delta": 29.398524}}
{"target": 4.695830855091578, "params": {"Bgrad": 1.8936234446385798, "d1": -2.2648933166606127, "d2": -0.00644635730045362, "d3": -1.402558784607375, "d4": -2.08969093339136, "p1": 37.48709651369516, "p2": 45.84630655154488, "p3": 19.153334093094003, "p4": 12.099695373985703, "pol1": 0.9017994858439933, "pol2": 0.7600800788093749, "pol3": 0.2698068803339533, "pol4": -0.4445638948351305, "v0s": 4.695830855091578}, "datetime": {"datetime": "2022-05-17 17:31:26", "elapsed": 78501.808037, "delta": 47.901868}}
{"target": 4.815921816496037, "params": {"Bgrad": 2.0, "d1": -3.0, "d2": 0.5144968115753037, "d3": -1.037275833959303, "d4": -3.0, "p1": 30.81815441939402, "p2": 13.071856379753381, "p3": 37.44206115127777, "p4": 26.109031519666644, "pol1": 1.0, "pol2": 0.553677798112963, "pol3": 0.2994195387867415, "pol4": 0.01096994423967204, "v0s": 4.815921816496037}, "datetime": {"datetime": "2022-05-17 17:31:54", "elapsed": 78529.654171, "delta": 27.846134}}
{"target": 4.707593129138539, "params": {"Bgrad": 1.3945667682717025, "d1": -2.8119539853058866, "d2": 0.9731595650166139, "d3": -2.2262591517706616, "d4": -2.27499255906732, "p1": 2.9838866208924455, "p2": 32.3516965177288, "p3": 30.165898518607538, "p4": 39.59369956103232, "pol1": -0.6834098328365573, "pol2": 0.44617539341906676, "pol3": -0.8589324782397422, "pol4": -0.4634087982194883, "v0s": 4.707593129138539}, "datetime": {"datetime": "2022-05-17 17:32:26", "elapsed": 78561.931544, "delta": 32.277373}}
{"target": 4.506712632308252, "params": {"Bgrad": 1.6848195893697042, "d1": -2.6204190577665853, "d2": 0.9874400290675451, "d3": -1.5334074656964525, "d4": -2.2868440696950887, "p1": 5.341584595303228, "p2": 39.390184556009295, "p3": 41.55486613981675, "p4": 30.066811832499198, "pol1": 0.22651506145234945, "pol2": 0.745033779699033, "pol3": 0.43536620489007816, "pol4": 0.43933172223760386, "v0s": 4.506712632308252}, "datetime": {"datetime": "2022-05-17 17:33:13", "elapsed": 78608.45164, "delta": 46.520096}}
{"target": -1.0, "params": {"Bgrad": 1.6944109491272106, "d1": -3.0, "d2": 0.8275790965317755, "d3": -2.5379023701099777, "d4": -2.7637083503142525, "p1": 32.13439280949173, "p2": 6.304582608305617, "p3": 36.91136966104096, "p4": 28.949038140929233, "pol1": -0.09360293196887753, "pol2": 0.7253446762574753, "pol3": -0.24203827551875368, "pol4": -0.1847471576877601, "v0s": 4.401914661361679}, "datetime": {"datetime": "2022-05-17 17:33:56", "elapsed": 78651.526464, "delta": 43.074824}}
{"target": 4.885773767960251, "params": {"Bgrad": 0.8929629992224288, "d1": -2.2836951886008663, "d2": -0.09024041165880486, "d3": -1.2308968239384281, "d4": -2.9050992060020433, "p1": 28.85201428648887, "p2": 10.221804736468716, "p3": 13.385289159744763, "p4": 26.405641567882263, "pol1": 0.2108792574301468, "pol2": 0.2092201919180531, "pol3": -0.5267112692734038, "pol4": -0.5156316067774284, "v0s": 4.885773767960251}, "datetime": {"datetime": "2022-05-17 17:34:28", "elapsed": 78683.411882, "delta": 31.885418}}
{"target": 4.751950141193815, "params": {"Bgrad": 0.8134090980294533, "d1": -2.628052868605648, "d2": 0.4087541402261307, "d3": -1.5290966996049287, "d4": -2.4672254436784153, "p1": 5.126753800325853, "p2": 38.84447837319599, "p3": 40.175973451530446, "p4": 30.10060603110301, "pol1": 0.9791790096879832, "pol2": 0.16894641984343914, "pol3": -0.5226697853167895, "pol4": 0.5215754424037895, "v0s": 4.751950141193815}, "datetime": {"datetime": "2022-05-17 17:35:15", "elapsed": 78730.778683, "delta": 47.366801}}
{"target": 4.559658502350208, "params": {"Bgrad": 2.0, "d1": -1.33992804821665, "d2": 0.014394557822970522, "d3": -0.7475089414860803, "d4": -1.366012609165172, "p1": 28.326744618625053, "p2": 41.365572094149556, "p3": 28.814201870918218, "p4": 20.791653243919473, "pol1": -0.24166510952624276, "pol2": -0.4795970849227778, "pol3": 1.0, "pol4": -1.0, "v0s": 4.559658502350208}, "datetime": {"datetime": "2022-05-17 17:35:54", "elapsed": 78769.699502, "delta": 38.920819}}
{"target": 4.82820446550224, "params": {"Bgrad": 0.5, "d1": -1.283958436552466, "d2": 1.0, "d3": -2.179258125740833, "d4": -2.617622322827377, "p1": 39.59066012906448, "p2": 46.31637253626126, "p3": 15.895059563331415, "p4": 12.689972682119244, "pol1": 0.14465967674991587, "pol2": 1.0, "pol3": -0.12478034813447904, "pol4": -0.0866179636390319, "v0s": 4.82820446550224}, "datetime": {"datetime": "2022-05-17 17:36:22", "elapsed": 78797.780453, "delta": 28.080951}}
{"target": 4.926158994050732, "params": {"Bgrad": 0.8464407420951048, "d1": -2.7377759190397635, "d2": 0.9948166613106382, "d3": -1.5673778964604368, "d4": -2.3239737018423927, "p1": 32.705602220470766, "p2": 8.360859129804455, "p3": 39.70473534833415, "p4": 34.447058806392, "pol1": 0.3213598001885523, "pol2": -1.0, "pol3": -0.09388765862072478, "pol4": -0.46391767458764505, "v0s": 4.926158994050732}, "datetime": {"datetime": "2022-05-17 17:36:53", "elapsed": 78829.17245, "delta": 31.391997}}
{"target": 4.326875073405122, "params": {"Bgrad": 0.9227264260332809, "d1": -2.181603956733294, "d2": -0.07936910163389543, "d3": -0.9233020543797197, "d4": -1.1789696885959335, "p1": 28.16054913062446, "p2": 40.95531767152537, "p3": 29.231111867617873, "p4": 20.94897025440117, "pol1": -1.0, "pol2": -0.8257361489074614, "pol3": 0.1348643454943196, "pol4": -1.0, "v0s": 4.326875073405122}, "datetime": {"datetime": "2022-05-17 17:37:24", "elapsed": 78859.720867, "delta": 30.548417}}
{"target": 4.188219772930145, "params": {"Bgrad": 0.5, "d1": -2.3393259531430504, "d2": 0.6759071954983004, "d3": -1.1898326306095848, "d4": -3.0, "p1": 30.894801928095188, "p2": 11.813597891154968, "p3": 36.71496298638345, "p4": 25.824246562888884, "pol1": 1.0, "pol2": 0.24629125309547048, "pol3": -0.03933524130164947, "pol4": -0.30979270672268866, "v0s": 4.188219772930145}, "datetime": {"datetime": "2022-05-17 17:38:06", "elapsed": 78901.697194, "delta": 41.976327}}
{"target": 3.3802765134290804, "params": {"Bgrad": 1.2513725114492522, "d1": -0.9574124681240899, "d2": -0.3040381923883184, "d3": -2.827472243765028, "d4": -1.817583741380996, "p1": 34.76039461211469, "p2": 5.749292078106532, "p3": 38.64095056523972, "p4": 23.081930259609162, "pol1": 0.4861366299898, "pol2": -0.8041938309931902, "pol3": -0.8285044958443422, "pol4": -0.584239592844155, "v0s": 3.3802765134290804}, "datetime": {"datetime": "2022-05-17 17:38:33", "elapsed": 78928.641695, "delta": 26.944501}}
{"target": -1.0, "params": {"Bgrad": 1.8517569843066815, "d1": -2.1161419525286904, "d2": 0.8350746855051945, "d3": -0.1985671878305446, "d4": -2.383163029035362, "p1": 5.369508137646073, "p2": 37.75624176028708, "p3": 34.960830503526694, "p4": 37.856300237700864, "pol1": -0.4687173519631116, "pol2": -0.10352405442137047, "pol3": 0.8947587334482932, "pol4": 0.13924599951886152, "v0s": 4.761775039722838}, "datetime": {"datetime": "2022-05-17 17:39:15", "elapsed": 78970.521559, "delta": 41.879864}}
{"target": 5.042505630260007, "params": {"Bgrad": 0.8434040133933829, "d1": -2.4672157821948617, "d2": -0.027046465694672582, "d3": -1.3597340253777401, "d4": -0.6648853386270512, "p1": 3.2689058402974527, "p2": 38.78894237878538, "p3": 40.53628765588257, "p4": 29.19517466822636, "pol1": 0.5106369369698478, "pol2": 0.4884091918480062, "pol3": -0.18092554640411593, "pol4": 0.504581244324649, "v0s": 5.042505630260007}, "datetime": {"datetime": "2022-05-17 17:39:49", "elapsed": 79005.080368, "delta": 34.558809}}
{"target": -1.0, "params": {"Bgrad": 2.0, "d1": -1.0286483183161519, "d2": -1.3227518563463043, "d3": -1.4846641830397287, "d4": -3.0, "p1": 20.03483024541033, "p2": 6.2609270340801135, "p3": 45.18755130637056, "p4": 40.10220886972598, "pol1": 0.9993725928811966, "pol2": 1.0, "pol3": -1.0, "pol4": -1.0, "v0s": 4.274314362410409}, "datetime": {"datetime": "2022-05-17 17:40:30", "elapsed": 79045.804286, "delta": 40.723918}}
{"target": 4.7534060199662, "params": {"Bgrad": 0.5, "d1": -1.985372012338724, "d2": 0.9792284448688188, "d3": -1.808263890666872, "d4": -2.2587533699351288, "p1": 32.09186147876714, "p2": 7.274135481366633, "p3": 37.507006798676755, "p4": 30.585610480682064, "pol1": 0.6070608673859309, "pol2": 0.1958519133729896, "pol3": 0.3829502139060982, "pol4": -0.3036944444389631, "v0s": 4.7534060199662}, "datetime": {"datetime": "2022-05-17 17:41:20", "elapsed": 79096.189523, "delta": 50.385237}}
{"target": 2.628005103691593, "params": {"Bgrad": 1.4735797747084416, "d1": -2.210207761490121, "d2": 0.3956719098526329, "d3": -0.5184629115403663, "d4": -2.0998120748234044, "p1": 26.67229398620502, "p2": 11.083958118641618, "p3": 8.880664551146017, "p4": 25.62425382791162, "pol1": 0.34894526701323936, "pol2": -0.2381588247608315, "pol3": 0.09760460702837515, "pol4": -0.8717540136192659, "v0s": 2.628005103691593}, "datetime": {"datetime": "2022-05-17 17:41:48", "elapsed": 79123.273159, "delta": 27.083636}}
{"target": 4.990802668096247, "params": {"Bgrad": 0.8839943073498848, "d1": -3.0, "d2": 0.3053372851267606, "d3": -0.9161477308752827, "d4": -0.05084842434557493, "p1": 36.27592826979854, "p2": 8.80701481246701, "p3": 9.80539657125555, "p4": 30.37906930139937, "pol1": -0.011761705892460242, "pol2": 1.0, "pol3": -0.5164902338823272, "pol4": 0.48648379304528233, "v0s": 4.990802668096247}, "datetime": {"datetime": "2022-05-17 17:42:17", "elapsed": 79152.574867, "delta": 29.301708}}
{"target": 2.543741709941994, "params": {"Bgrad": 1.3645071265714008, "d1": -2.4827537349168036, "d2": -0.38028437086189815, "d3": -1.2975423050609516, "d4": 0.8357890596821527, "p1": 6.355098942927906, "p2": 26.846401164385103, "p3": 44.03288561060247, "p4": 19.789480838270624, "pol1": -0.02849879618208817, "pol2": -0.36732086276383025, "pol3": -0.09836471945124492, "pol4": -0.09037036737121107, "v0s": 2.543741709941994}, "datetime": {"datetime": "2022-05-17 17:42:53", "elapsed": 79188.239765, "delta": 35.664898}}
{"target": 3.7747343067861783, "params": {"Bgrad": 1.499313033344456, "d1": -3.0, "d2": 1.0, "d3": -2.1943856328187716, "d4": -2.435288819461401, "p1": 29.988698718895595, "p2": 29.78144193443722, "p3": 7.063072137536585, "p4": 43.88692974644094, "pol1": 1.0, "pol2": -0.5219231240330731, "pol3": 0.9627837282345922, "pol4": 1.0, "v0s": 3.7747343067861783}, "datetime": {"datetime": "2022-05-17 17:43:25", "elapsed": 79221.164918, "delta": 32.925153}}
{"target": 4.163943039673349, "params": {"Bgrad": 1.1707114357657524, "d1": -3.0, "d2": -2.2925519054199284, "d3": -2.7008558107497027, "d4": -0.5974247661830866, "p1": 7.050706404451984, "p2": 6.1292467690004875, "p3": 44.813708120715226, "p4": 17.31332818457942, "pol1": -0.1574633281477324, "pol2": -0.6433985070861671, "pol3": -0.46843949225629766, "pol4": 0.4237929905804855, "v0s": 4.163943039673349}, "datetime": {"datetime": "2022-05-17 17:43:55", "elapsed": 79251.153346, "delta": 29.988428}}
{"target": -1.0, "params": {"Bgrad": 1.5844899060181676, "d1": -2.2123685720035384, "d2": 0.8437167680245641, "d3": -2.2141329331622672, "d4": -1.9798964745077017, "p1": 1.4490061392658904, "p2": 15.088884046257572, "p3": 39.88944823618345, "p4": 46.53453883080799, "pol1": -0.2677420587449504, "pol2": 0.26929329681229475, "pol3": -0.3041304915837928, "pol4": -0.06621460934118995, "v0s": 7.797251457617759}, "datetime": {"datetime": "2022-05-17 17:44:46", "elapsed": 79301.251385, "delta": 50.098039}}
{"target": 4.423546585289815, "params": {"Bgrad": 0.8891430180620619, "d1": -0.039258522384730994, "d2": -0.03955725361671373, "d3": -3.0, "d4": -0.5049989353525812, "p1": 22.92615311056617, "p2": 15.482714857280833, "p3": 33.11621232413648, "p4": 22.841208942480197, "pol1": -0.1619226077063716, "pol2": -0.886031510105884, "pol3": -1.0, "pol4": 1.0, "v0s": 4.423546585289815}, "datetime": {"datetime": "2022-05-17 17:45:30", "elapsed": 79345.328733, "delta": 44.077348}}
{"target": 3.242079771290909, "params": {"Bgrad": 1.9131228623494743, "d1": -1.6630562964891062, "d2": 0.762028865782971, "d3": -2.839962751521752, "d4": -2.5407955548346255, "p1": 43.53108499375705, "p2": 23.119937424234188, "p3": 28.444357228494262, "p4": 9.400243313946072, "pol1": 0.5446735555081212, "pol2": -0.6100780816996434, "pol3": 0.6115044564034988, "pol4": 0.23061230018709278, "v0s": 3.242079771290909}, "datetime": {"datetime": "2022-05-17 17:45:57", "elapsed": 79372.422268, "delta": 27.093535}}
{"target": -1.0, "params": {"Bgrad": 1.4586942390608992, "d1": -2.766806435447892, "d2": 0.5239167409114782, "d3": -1.882413756835069, "d4": -0.9406381263958514, "p1": 38.14022113941132, "p2": 46.5114998755891, "p3": 13.090780417962511, "p4": 13.661381675683781, "pol1": 0.2422777632309432, "pol2": 0.7585498621290288, "pol3": 0.25868878024965913, "pol4": 0.26089675417785796, "v0s": 5.766858343570648}, "datetime": {"datetime": "2022-05-17 17:46:31", "elapsed": 79406.259766, "delta": 33.837498}}
{"target": 3.425780252508675, "params": {"Bgrad": 0.6588869349126265, "d1": -2.5355358567939006, "d2": -0.3354605867708549, "d3": -0.3923770934781512, "d4": -0.1468709671038111, "p1": 6.654354670327783, "p2": 35.818394394565736, "p3": 35.29904471578479, "p4": 34.481549940395894, "pol1": 0.028543322938846316, "pol2": -0.6271912404094353, "pol3": -0.07081770910204743, "pol4": 0.1187797752015527, "v0s": 3.425780252508675}, "datetime": {"datetime": "2022-05-17 17:47:02", "elapsed": 79437.224945, "delta": 30.965179}}
{"target": 4.627185595215396, "params": {"Bgrad": 2.0, "d1": -2.3266439076786054, "d2": 0.8654958976608639, "d3": -1.0830343394110589, "d4": -1.570457576855379, "p1": 43.82903851944339, "p2": 26.032961461038074, "p3": 18.836489402543965, "p4": 13.946451810649503, "pol1": -0.49163362341589667, "pol2": 0.7480127770042405, "pol3": -0.9960148011253545, "pol4": 1.0, "v0s": 4.627185595215396}, "datetime": {"datetime": "2022-05-17 17:47:32", "elapsed": 79467.938797, "delta": 30.713852}}
{"target": 4.030465180312892, "params": {"Bgrad": 1.4255614639261014, "d1": -1.9529201070659745, "d2": -1.0054991178481756, "d3": -0.24751716531016799, "d4": -0.8043532778799842, "p1": 2.58851071303825, "p2": 37.55462787027649, "p3": 37.57794546451371, "p4": 26.328013203202232, "pol1": -0.8782227043885247, "pol2": -0.09492221346603502, "pol3": 0.2804827234660192, "pol4": 0.2670664875538855, "v0s": 4.030465180312892}, "datetime": {"datetime": "2022-05-17 17:48:13", "elapsed": 79508.527238, "delta": 40.588441}}
{"target": 4.660613493285917, "params": {"Bgrad": 0.8564270812631073, "d1": -3.0, "d2": -3.0, "d3": -1.6237653877199747, "d4": -3.0, "p1": 3.595102453869486, "p2": 11.401885343509699, "p3": 36.641873717388094, "p4": 28.460423106110365, "pol1": -0.7311860855608645, "pol2": -1.0, "pol3": -0.6549907510624753, "pol4": -1.0, "v0s": 4.660613493285917}, "datetime": {"datetime": "2022-05-17 17:48:39", "elapsed": 79534.746113, "delta": 26.218875}}
{"target": 2.9284494008187005, "params": {"Bgrad": 1.6395700135411215, "d1": -1.929474855674961, "d2": 0.6475810089539076, "d3": -2.611015774545119, "d4": -1.310221388211803, "p1": 6.5504638105521265, "p2": 38.44152153752924, "p3": 45.49982499546399, "p4": 31.5171233211897, "pol1": 0.8798667882885953, "pol2": 0.16696132512467576, "pol3": 0.26037341721372464, "pol4": 0.7112526603320153, "v0s": 2.9284494008187005}, "datetime": {"datetime": "2022-05-17 17:49:29", "elapsed": 79584.323512, "delta": 49.577399}}
{"target": 3.48523116196745, "params": {"Bgrad": 1.323550530893396, "d1": -1.5797340769899244, "d2": -0.3120875721615454, "d3": -2.9738696203365933, "d4": -3.0, "p1": 22.714319908900237, "p2": 5.727557753598978, "p3": 45.3605090939792, "p4": 40.97520321908056, "pol1": 1.0, "pol2": 1.0, "pol3": -0.7899511166001303, "pol4": 0.04693130853568361, "v0s": 3.48523116196745}, "datetime": {"datetime": "2022-05-17 17:50:07", "elapsed": 79623.033976, "delta": 38.710464}}
{"target": -1.0, "params": {"Bgrad": 1.6618044441737945, "d1": 0.15511283614343752, "d2": 0.7565369785934659, "d3": -1.3189559254639724, "d4": -0.8289901771627335, "p1": 3.9394129033614336, "p2": 37.8996694701375, "p3": 38.98884983985284, "p4": 28.423486839452895, "pol1": 0.5380710326300682, "pol2": 0.572474663882766, "pol3": 0.5879652226612302, "pol4": 0.34438473156271177, "v0s": 2.558996650073121}, "datetime": {"datetime": "2022-05-17 17:50:52", "elapsed": 79667.460152, "delta": 44.426176}}
{"target": 5.32200673726733, "params": {"Bgrad": 1.9234605619270377, "d1": -3.0, "d2": 0.4830339080051637, "d3": -2.143437472200928, "d4": -0.40043515925473333, "p1": 35.91933574961259, "p2": 5.875748951094626, "p3": 35.561072852736125, "p4": 6.530847755066628, "pol1": 0.7814782491248379, "pol2": -1.0, "pol3": -0.4148028490445763, "pol4": -0.44231673701963364, "v0s": 5.32200673726733}, "datetime": {"datetime": "2022-05-17 17:51:24", "elapsed": 79699.27107, "delta": 31.810918}}
{"target": -1.0, "params": {"Bgrad": 0.8494974715132565, "d1": -2.1691732845109413, "d2": 0.1417990226082848, "d3": 0.10467895344855149, "d4": -2.951236643555609, "p1": 3.704946583913876, "p2": 38.366702684787626, "p3": 40.718552808671845, "p4": 27.25464315051056, "pol1": -0.9623995086305241, "pol2": -0.5835646258465841, "pol3": -0.9748798809624142, "pol4": -0.5098406191753393, "v0s": 3.906297314946354}, "datetime": {"datetime": "2022-05-17 17:51:54", "elapsed": 79730.079669, "delta": 30.808599}}
{"target": 5.084486399074429, "params": {"Bgrad": 1.5754476958593755, "d1": -2.6224494957317925, "d2": 0.7599379149117756, "d3": -1.0881159083312713, "d4": -2.164586969736863, "p1": 6.2056855954261465, "p2": 34.24082517742782, "p3": 39.933933029822605, "p4": 29.47044718892907, "pol1": 0.4671061412695707, "pol2": 0.18417931225047735, "pol3": -0.5519470168702152, "pol4": -0.3597532173167905, "v0s": 5.084486399074429}, "datetime": {"datetime": "2022-05-17 17:52:55", "elapsed": 79790.370414, "delta": 60.290745}}
{"target": 4.539742336437373, "params": {"Bgrad": 0.8079424037045794, "d1": -0.6533884996433579, "d2": 1.0, "d3": -1.5994598952955263, "d4": -0.09240872995621591, "p1": 2.589896710100463, "p2": 31.183713742534295, "p3": 15.859095313952158, "p4": 10.937439989499925, "pol1": -0.5088946251773477, "pol2": -1.0, "pol3": 0.8614033413453153, "pol4": 1.0, "v0s": 4.539742336437373}, "datetime": {"datetime": "2022-05-17 17:53:23", "elapsed": 79818.703633, "delta": 28.333219}}
{"target": 3.260093583180928, "params": {"Bgrad": 1.0859165219973552, "d1": -2.548619546530601, "d2": -0.8839503720152773, "d3": -2.8244778955419356, "d4": -2.001250601988833, "p1": 37.4602897029078, "p2": 7.261781588830157, "p3": 40.28789337952277, "p4": 31.785359171348702, "pol1": 0.7142684182974546, "pol2": -0.5940724776950441, "pol3": 0.6983230570130767, "pol4": -0.6295023626840457, "v0s": 3.260093583180928}, "datetime": {"datetime": "2022-05-17 17:53:48", "elapsed": 79843.718727, "delta": 25.015094}}
{"target": 3.585132628865119, "params": {"Bgrad": 1.205144348656134, "d1": -2.144551275564285, "d2": -0.3693478127542549, "d3": -1.8795823989474645, "d4": -2.656661818990142, "p1": 35.34362354252651, "p2": 4.082388375542783, "p3": 36.92108709794893, "p4": 29.0728984305754, "pol1": 0.5447179205451711, "pol2": 0.20921538300802633, "pol3": -0.13919758536042837, "pol4": -0.3329182501451142, "v0s": 3.585132628865119}, "datetime": {"datetime": "2022-05-17 17:54:14", "elapsed": 79869.716193, "delta": 25.997466}}
{"target": -1.0, "params": {"Bgrad": 0.9897910454277435, "d1": -2.6382054135273223, "d2": -1.282745775551521, "d3": -0.6285203086134661, "d4": -1.9821409901216267, "p1": 1.7939713031862599, "p2": 13.5805713630901, "p3": 36.93846745547941, "p4": 48.23288373738261, "pol1": 0.3158502351475492, "pol2": 0.6544005197301992, "pol3": 0.4108401430094409, "pol4": -0.27937833469634477, "v0s": 5.145954944930519}, "datetime": {"datetime": "2022-05-17 17:54:48", "elapsed": 79903.858875, "delta": 34.142682}}
{"target": 5.044088435697446, "params": {"Bgrad": 0.5, "d1": -1.3721504051081979, "d2": 0.3532091279731905, "d3": -3.0, "d4": -0.8925506970570715, "p1": 23.632527117622114, "p2": 15.694053719610913, "p3": 33.76972708199569, "p4": 23.361645521412942, "pol1": 0.6953319486954311, "pol2": -1.0, "pol3": -1.0, "pol4": 1.0, "v0s": 5.044088435697446}, "datetime": {"datetime": "2022-05-17 17:55:19", "elapsed": 79934.51887, "delta": 30.659995}}
{"target": 4.370466571626865, "params": {"Bgrad": 2.0, "d1": -3.0, "d2": 0.35217536065321675, "d3": -2.322114657212587, "d4": -1.6926798926676088, "p1": 7.107045897837644, "p2": 32.29623171872018, "p3": 40.27517786962679, "p4": 30.646640449312777, "pol1": 0.7107558465905832, "pol2": 0.5906168462248043, "pol3": -0.8505193300294066, "pol4": -0.6539127977640327, "v0s": 4.370466571626865}, "datetime": {"datetime": "2022-05-17 17:55:47", "elapsed": 79962.798234, "delta": 28.279364}}
