{"target": -1.0, "params": {"Bgrad": 1.3932281894136258, "d1": -2.0467910843533654, "d2": -0.38849327704635694, "d3": -2.0375779182979095, "d4": -0.3271029210215399, "p1": 18.269787432194306, "p2": 26.33861849126052, "p3": 22.727019971599205, "p4": 29.586441862911805, "pol1": 0.7951345017593103, "pol2": 0.5013625682391865, "pol3": 0.6438974629832972, "pol4": -0.7002668093425355, "v0s": 2.863283102952435}, "datetime": {"datetime": "2022-04-28 17:29:20", "elapsed": 7073.504483, "delta": 9.159509}}
{"target": -1.0, "params": {"Bgrad": 1.4765356688183364, "d1": -0.9209987208427184, "d2": -2.4518532637567625, "d3": -1.3472430793670727, "d4": -0.10667363175246303, "p1": 27.815809131364215, "p2": 29.80604675969373, "p3": 10.65354315833602, "p4": 32.41626344513611, "pol1": -0.7211691564259317, "pol2": -0.27211470507606483, "pol3": -0.8891172411077133, "pol4": -0.18277636532996455, "v0s": 6.431003266596302}, "datetime": {"datetime": "2022-04-28 17:29:31", "elapsed": 7083.795965, "delta": 10.291482}}
{"target": -1.0, "params": {"Bgrad": 0.9232081157453487, "d1": -0.5622490766095987, "d2": -2.100348705797204, "d3": -1.218985902906104, "d4": -0.21205898574215798, "p1": 32.09715424112457, "p2": 34.529152815505256, "p3": 26.855203052582056, "p4": 1.9938068580964474, "pol1": 0.6783731184428252, "pol2": 0.902196348061667, "pol3": -0.343444002929858, "pol4": 0.8853021557331855, "v0s": 2.1449691066273475}, "datetime": {"datetime": "2022-04-28 17:29:35", "elapsed": 7088.295934, "delta": 4.499969}}
{"target": 2.3060846064106615, "params": {"Bgrad": 1.4674749491881987, "d1": -1.0447973174613234, "d2": -1.1722224975186042, "d3": -0.4734885439676928, "d4": 0.7318511409766719, "p1": 29.24245011930247, "p2": 33.60335820807778, "p3": 19.29074063981218, "p4": 20.793426899928118, "pol1": 0.4088965611046682, "pol2": 0.8094150301112364, "pol3": 0.8785237598472613, "pol4": -0.8154001772463053, "v0s": 2.3060846064106615}, "datetime": {"datetime": "2022-04-28 17:29:41", "elapsed": 7094.347751, "delta": 6.051817}}
{"target": -1.0, "params": {"Bgrad": 1.49082041427889, "d1": 0.04969721884913181, "d2": 0.1542102549441129, "d3": 0.24306784740940346, "d4": -0.2625681031278426, "p1": 14.4007551032101, "p2": 42.12691041919434, "p3": 26.75647589885603, "p4": 49.64335275789, "pol1": 0.12100604688809824, "pol2": -0.025336617965336483, "pol3": 0.0013515838406519265, "pol4": 0.6233817148558429, "v0s": 7.127937783551453}, "datetime": {"datetime": "2022-04-28 17:29:53", "elapsed": 7106.140221, "delta": 11.79247}}
{"target": -1.0, "params": {"Bgrad": 1.9379129124686807, "d1": -2.417741562220623, "d2": -0.8656049307002536, "d3": -2.043884023265152, "d4": 0.4021554555830211, "p1": 25.514325637208852, "p2": 35.52484827754957, "p3": 11.478778456196764, "p4": 0.34633525566857837, "pol1": 0.6091753600954786, "pol2": -0.16916585715250365, "pol3": -0.25245372331454763, "pol4": -0.470761046728841, "v0s": 5.540072251625444}, "datetime": {"datetime": "2022-04-28 17:30:08", "elapsed": 7120.986524, "delta": 14.846303}}
{"target": -1.0, "params": {"Bgrad": 1.4558870242167499, "d1": -2.5913830758748015, "d2": -2.259192328211032, "d3": -1.3008334807026252, "d4": -0.0842003395407609, "p1": 32.965292279003364, "p2": 40.79406390159846, "p3": 40.50695978757021, "p4": 31.369008208399897, "pol1": -0.08400475488545256, "pol2": 0.07781314194549416, "pol3": -0.34449697823418646, "pol4": -0.355468146907415, "v0s": 2.336676745484108}, "datetime": {"datetime": "2022-04-28 17:30:16", "elapsed": 7128.876428, "delta": 7.889904}}
{"target": -1.0, "params": {"Bgrad": 0.7264238451009453, "d1": -1.9118038169900906, "d2": -2.9744565214754113, "d3": -0.9409601009649293, "d4": -1.0025330590419332, "p1": 29.562179845701607, "p2": 19.480306085125754, "p3": 4.740238374486866, "p4": 23.9360156015151, "pol1": 0.3270841474684729, "pol2": -0.09166957682363241, "pol3": 0.8239358118710256, "pol4": -0.4134665186778317, "v0s": 4.447062474525903}, "datetime": {"datetime": "2022-04-28 17:30:21", "elapsed": 7134.525324, "delta": 5.648896}}
{"target": -1.0, "params": {"Bgrad": 1.2246680150119018, "d1": 0.08694001647567173, "d2": -0.9635269507267483, "d3": -2.6321468833939083, "d4": -2.857365499162751, "p1": 2.3048460356731137, "p2": 37.45277594524502, "p3": 44.994813971054434, "p4": 8.98552059586356, "pol1": 0.5121582255872037, "pol2": 0.5946079491787353, "pol3": -0.8019275983620195, "pol4": -0.8853168042948154, "v0s": 6.080551144317037}, "datetime": {"datetime": "2022-04-28 17:30:35", "elapsed": 7148.185799, "delta": 13.660475}}
{"target": -1.0, "params": {"Bgrad": 1.5743604909469482, "d1": -2.8829577584498254, "d2": -1.797687367546259, "d3": -0.6661428413960611, "d4": -2.9481344703046437, "p1": 48.25346213638552, "p2": 24.12564066322384, "p3": 1.0269689803654503, "p4": 8.018969319945379, "pol1": -0.21018934518206, "pol2": -0.5369418413181839, "pol3": 0.9680816247793016, "pol4": 0.42470575141526345, "v0s": 5.738148043115684}, "datetime": {"datetime": "2022-04-28 17:30:52", "elapsed": 7164.982886, "delta": 16.797087}}
{"target": -1.0, "params": {"Bgrad": 0.6588668757624166, "d1": -2.3590470900573757, "d2": 0.12779019327086028, "d3": -0.6786757097644243, "d4": -2.9835310306862284, "p1": 30.146246406548507, "p2": 18.810022683162465, "p3": 25.47596647847405, "p4": 36.82574634758754, "pol1": -0.29283690877223867, "pol2": -0.9549140059907981, "pol3": 0.1615758968128027, "pol4": 0.30137466838275273, "v0s": 2.027555129499162}, "datetime": {"datetime": "2022-04-28 17:30:56", "elapsed": 7169.175676, "delta": 4.19279}}
{"target": -1.0, "params": {"Bgrad": 0.5253803786516309, "d1": -2.3823116818048504, "d2": 0.12658270413900707, "d3": 0.739700270549092, "d4": -1.6624238794810005, "p1": 24.54008924775594, "p2": 37.71499330625857, "p3": 29.775920512596628, "p4": 36.93414788346988, "pol1": -0.6104071715918917, "pol2": 0.010599271351081185, "pol3": 0.48678943698164234, "pol4": -0.17175112259216463, "v0s": 7.043884752553698}, "datetime": {"datetime": "2022-04-28 17:31:02", "elapsed": 7174.755755, "delta": 5.580079}}
{"target": -1.0, "params": {"Bgrad": 0.8156636426964217, "d1": -1.5158748320440587, "d2": 0.9341853998295515, "d3": -2.9827204855043488, "d4": 0.37128918943290357, "p1": 47.032269696221874, "p2": 16.23372704772614, "p3": 23.8394296282761, "p4": 29.20880038430178, "pol1": 0.22344410108829948, "pol2": 0.7175546579168359, "pol3": 0.3534148551894276, "pol4": 0.9723143667522831, "v0s": 4.699019332447939}, "datetime": {"datetime": "2022-04-28 17:31:11", "elapsed": 7184.010011, "delta": 9.254256}}
{"target": -1.0, "params": {"Bgrad": 0.9089275251716465, "d1": 0.3522525443016238, "d2": -2.84593358401374, "d3": -0.5749101840158031, "d4": -2.634357258567222, "p1": 11.738831200924027, "p2": 8.434575837587216, "p3": 43.02091776289144, "p4": 45.84901592575531, "pol1": 0.1317652108743821, "pol2": -0.11222002362598738, "pol3": 0.2335550899220975, "pol4": 0.3956270079851443, "v0s": 2.169336508338329}, "datetime": {"datetime": "2022-04-28 17:31:23", "elapsed": 7196.187451, "delta": 12.17744}}
{"target": -1.0, "params": {"Bgrad": 1.3776639651825042, "d1": -1.496944350559299, "d2": -2.326177375723518, "d3": -0.19996709053791673, "d4": 0.6062152236043614, "p1": 13.195311613013821, "p2": 42.76925157910859, "p3": 9.73326193259727, "p4": 5.68831292301486, "pol1": 0.39092107791016995, "pol2": -0.8914429730752755, "pol3": 0.04246572612964772, "pol4": -0.5015633889405848, "v0s": 4.862483746315625}, "datetime": {"datetime": "2022-04-28 17:31:35", "elapsed": 7207.832314, "delta": 11.644863}}
{"target": -1.0, "params": {"Bgrad": 0.817720669924896, "d1": -1.5271835126128197, "d2": -1.3269679041750595, "d3": 0.23049137525087815, "d4": -2.0330512997450043, "p1": 20.07136478171539, "p2": 33.638648668165466, "p3": 36.80320409608782, "p4": 42.29979781848618, "pol1": 0.32238193649910585, "pol2": 0.09800867051468964, "pol3": 0.6807322341357076, "pol4": 0.006169541730788319, "v0s": 6.803095547131226}, "datetime": {"datetime": "2022-04-28 17:31:44", "elapsed": 7216.609845, "delta": 8.777531}}
{"target": -1.0, "params": {"Bgrad": 0.550889303775073, "d1": -2.4792306411912053, "d2": -2.010569880052583, "d3": -0.7678991037771876, "d4": -2.8330228686283863, "p1": 10.459991291037706, "p2": 44.99991776804258, "p3": 22.113339147510953, "p4": 3.4445390535727762, "pol1": -0.09009709500255281, "pol2": 0.4736742298372376, "pol3": 0.49102761024600006, "pol4": 0.396650308608538, "v0s": 2.9115449962384514}, "datetime": {"datetime": "2022-04-28 17:31:48", "elapsed": 7221.179626, "delta": 4.569781}}
{"target": -1.0, "params": {"Bgrad": 1.3555411508986908, "d1": -1.3192855968475614, "d2": -1.8887618896167013, "d3": 0.19017947220630438, "d4": 0.633202567984827, "p1": 10.799931804689805, "p2": 8.268572392769757, "p3": 25.44559986371922, "p4": 49.98340594285549, "pol1": 0.22603451644725325, "pol2": 0.2178831175334366, "pol3": 0.09949577331795378, "pol4": -0.8909386693687846, "v0s": 5.219882187447615}, "datetime": {"datetime": "2022-04-28 17:32:00", "elapsed": 7232.610063, "delta": 11.430437}}
{"target": -1.0, "params": {"Bgrad": 1.7339973997032385, "d1": 0.02042065861335507, "d2": -1.251073744343497, "d3": -2.2875474798385587, "d4": -1.6513545825127331, "p1": 6.458271398708826, "p2": 20.13797792972149, "p3": 25.80899065258225, "p4": 48.106871411181665, "pol1": 0.8136524861622054, "pol2": 0.8554872431100538, "pol3": -0.4162560483590383, "pol4": -0.9378167109157285, "v0s": 4.521650781457655}, "datetime": {"datetime": "2022-04-28 17:32:16", "elapsed": 7249.16081, "delta": 16.550747}}
{"target": -1.0, "params": {"Bgrad": 1.1363321806978546, "d1": 0.7492002511532463, "d2": -1.756144252456191, "d3": 0.5191544261715619, "d4": -0.49094142453798106, "p1": 29.784648815078413, "p2": 11.963009413571907, "p3": 18.48146432127705, "p4": 32.38428982688843, "pol1": -0.4761315128770589, "pol2": 0.07284368705644395, "pol3": -0.15289521285703556, "pol4": -0.22578053458526326, "v0s": 7.3751494841632255}, "datetime": {"datetime": "2022-04-28 17:32:25", "elapsed": 7258.217594, "delta": 9.056784}}
{"target": -1.0, "params": {"Bgrad": 0.7301540810757388, "d1": 0.038372150895711776, "d2": -1.9474722324338094, "d3": -2.97523093177127, "d4": -1.6763209842178006, "p1": 29.73223357368698, "p2": 42.99472330344923, "p3": 45.73833571769719, "p4": 7.289765413312094, "pol1": 0.4619495687050379, "pol2": -0.8830877822364345, "pol3": 0.6637733623205422, "pol4": -0.3158394042916641, "v0s": 5.12988611354374}, "datetime": {"datetime": "2022-04-28 17:32:32", "elapsed": 7264.731177, "delta": 6.513583}}
{"target": -1.0, "params": {"Bgrad": 1.1312497532857078, "d1": -1.6364367715203123, "d2": -0.2200583935214997, "d3": -0.9447293538488122, "d4": -0.946258519968727, "p1": 16.785514796283003, "p2": 8.204034647910346, "p3": 35.20086734072972, "p4": 26.066589799418526, "pol1": -0.9961071878620746, "pol2": -0.2689232096226821, "pol3": -0.002119802142947158, "pol4": 0.5625053312418968, "v0s": 4.309878144072579}, "datetime": {"datetime": "2022-04-28 17:32:41", "elapsed": 7274.115086, "delta": 9.383909}}
{"target": -1.0, "params": {"Bgrad": 1.2132553967006303, "d1": -1.166490941382865, "d2": 0.49477469206913005, "d3": -1.8639167335747464, "d4": 0.8290192197926074, "p1": 40.85477074998094, "p2": 17.054019430972872, "p3": 22.127994229564287, "p4": 4.199585822482311, "pol1": -0.8137249709957657, "pol2": -0.266229898946714, "pol3": 0.796738733079601, "pol4": 0.3939793256150228, "v0s": 5.724299166969961}, "datetime": {"datetime": "2022-04-28 17:32:54", "elapsed": 7287.199103, "delta": 13.084017}}
{"target": -1.0, "params": {"Bgrad": 1.658915165467713, "d1": -0.7568224141022961, "d2": 0.5706530814595783, "d3": -1.4397441206699382, "d4": -2.8562250133298606, "p1": 4.530724432401595, "p2": 38.734843815570095, "p3": 25.77326454375116, "p4": 28.481948242772148, "pol1": 0.7358938990489081, "pol2": 0.5727218299612447, "pol3": -0.8418465856422714, "pol4": -0.9133554176611824, "v0s": 4.356535866350972}, "datetime": {"datetime": "2022-04-28 17:33:05", "elapsed": 7298.380206, "delta": 11.181103}}
{"target": -1.0, "params": {"Bgrad": 1.2256912316626996, "d1": -0.6152473837514649, "d2": -0.6311248353550911, "d3": 0.7904336819077042, "d4": -0.6405335105460876, "p1": 35.44237294681409, "p2": 47.387883096276184, "p3": 26.950824788624306, "p4": 32.80543934318016, "pol1": -0.022806246290697496, "pol2": 0.7674681923073563, "pol3": 0.3280842593216218, "pol4": -0.2194700665945435, "v0s": 7.848998636776781}, "datetime": {"datetime": "2022-04-28 17:33:15", "elapsed": 7308.46923, "delta": 10.089024}}
{"target": -1.0, "params": {"Bgrad": 0.6912498463443135, "d1": -1.2243493375426708, "d2": -2.876735617999156, "d3": -1.1255080115861, "d4": -0.361004556850292, "p1": 15.04512085060316, "p2": 22.75036444730975, "p3": 26.00053179564733, "p4": 44.40120871686491, "pol1": -0.44687232042009906, "pol2": -0.21711229208927563, "pol3": 0.4441461377708069, "pol4": -0.6267832949686303, "v0s": 6.8056416431778395}, "datetime": {"datetime": "2022-04-28 17:33:23", "elapsed": 7315.738792, "delta": 7.269562}}
{"target": 4.303921124315652, "params": {"Bgrad": 0.874198840593476, "d1": -1.9549922468095557, "d2": -2.365889694733377, "d3": -2.8502973217903738, "d4": 0.2089403733951194, "p1": 9.191191842550406, "p2": 21.93544519088672, "p3": 41.80562429509395, "p4": 17.647300139577165, "pol1": -0.8517743389134138, "pol2": 0.7386635705574618, "pol3": -0.20218592894787557, "pol4": 0.5509221952245291, "v0s": 4.303921124315652}, "datetime": {"datetime": "2022-04-28 17:33:32", "elapsed": 7325.031944, "delta": 9.293152}}
{"target": -1.0, "params": {"Bgrad": 1.8136390222310894, "d1": 0.34455246538829964, "d2": -2.912827182103847, "d3": -0.2888075731524524, "d4": -2.80422020302053, "p1": 39.05549348756651, "p2": 25.091471408621015, "p3": 47.109435280778406, "p4": 29.217565138625908, "pol1": 0.29281814562061337, "pol2": -0.5529848706362563, "pol3": -0.44661060085020887, "pol4": 0.7590380486645698, "v0s": 6.305386009104091}, "datetime": {"datetime": "2022-04-28 17:33:46", "elapsed": 7338.935768, "delta": 13.903824}}
{"target": -1.0, "params": {"Bgrad": 0.8715435428298931, "d1": -0.8753862472631311, "d2": -1.2389836317999068, "d3": -0.6701440670290464, "d4": -0.008100365351718875, "p1": 4.3051052791211575, "p2": 18.135583102326407, "p3": 42.076993188067995, "p4": 26.558626633243986, "pol1": -0.09275621555754254, "pol2": -0.08136468604788116, "pol3": -0.6911090753523075, "pol4": -0.007243923383190243, "v0s": 2.034438023356465}, "datetime": {"datetime": "2022-04-28 17:33:51", "elapsed": 7344.247565, "delta": 5.311797}}
{"target": 2.022103806036794, "params": {"Bgrad": 0.8545221370654059, "d1": -0.6337518422569555, "d2": 0.00330364307930342, "d3": -1.9899008774024263, "d4": 0.3164667494139004, "p1": 4.90170580564519, "p2": 7.087520366570632, "p3": 40.31333859297973, "p4": 4.449955074493389, "pol1": -0.7927313405887555, "pol2": 0.75996750797269, "pol3": 0.47725631737108065, "pol4": 0.7227018638582934, "v0s": 2.022103806036794}, "datetime": {"datetime": "2022-04-28 17:33:59", "elapsed": 7352.226232, "delta": 7.978667}}
{"target": 2.9157109531422085, "params": {"Bgrad": 1.4875554031031708, "d1": -2.773323757034782, "d2": -1.5669484242024336, "d3": -0.18357975666002035, "d4": -0.06760275917025771, "p1": 46.05864461375149, "p2": 42.96743642052257, "p3": 49.56147522655234, "p4": 31.029033227413127, "pol1": -0.7928994458324519, "pol2": 0.7458006022812016, "pol3": -0.5455427496361167, "pol4": 0.7709194516199132, "v0s": 2.9157109531422085}, "datetime": {"datetime": "2022-04-28 17:34:07", "elapsed": 7360.008423, "delta": 7.782191}}
{"target": -1.0, "params": {"Bgrad": 1.3065629137745862, "d1": -2.354941599674431, "d2": -2.969378020483022, "d3": 0.7397209740057069, "d4": 0.8126250998253197, "p1": 27.554886316115628, "p2": 5.076833933252706, "p3": 43.95513408407579, "p4": 20.275531036756067, "pol1": -0.20221421652978377, "pol2": -0.43281258576322257, "pol3": 0.48852539818296004, "pol4": 0.6822455597679182, "v0s": 6.0084278036714505}, "datetime": {"datetime": "2022-04-28 17:34:19", "elapsed": 7371.662263, "delta": 11.65384}}
{"target": -1.0, "params": {"Bgrad": 1.8145471029392142, "d1": 0.517964024817859, "d2": -0.11165177618253752, "d3": -0.28005869230152136, "d4": -2.4263335620480957, "p1": 26.73398159937111, "p2": 40.98657081991846, "p3": 30.38339236515235, "p4": 49.680670734545494, "pol1": 0.7177715163353449, "pol2": -0.9692076687402609, "pol3": 0.7592802914955317, "pol4": 0.5296733747255156, "v0s": 7.660438375166206}, "datetime": {"datetime": "2022-04-28 17:34:31", "elapsed": 7383.728999, "delta": 12.066736}}
{"target": -1.0, "params": {"Bgrad": 0.505871888172293, "d1": -0.8216928788626743, "d2": -1.3921676834647654, "d3": 0.44630104806769566, "d4": -1.482847688888747, "p1": 41.881851599666994, "p2": 36.248129855340615, "p3": 11.511626599065295, "p4": 14.511868787177923, "pol1": -0.616962241028076, "pol2": -0.49929202697302877, "pol3": -0.617467577142351, "pol4": 0.21818982721651947, "v0s": 7.338265542939449}, "datetime": {"datetime": "2022-04-28 17:34:37", "elapsed": 7389.765857, "delta": 6.036858}}
{"target": -1.0, "params": {"Bgrad": 1.4551320959210532, "d1": 0.22295920497852872, "d2": -2.9549942507233875, "d3": 0.5752499978451975, "d4": -0.2935068173422919, "p1": 42.099548446781434, "p2": 25.546791471576636, "p3": 9.979376281863878, "p4": 0.1753037990726014, "pol1": -0.9089089378056958, "pol2": 0.8865068364307283, "pol3": 0.9100389189946438, "pol4": -0.1698543404474926, "v0s": 7.704190073686542}, "datetime": {"datetime": "2022-04-28 17:34:47", "elapsed": 7400.470236, "delta": 10.704379}}
{"target": -1.0, "params": {"Bgrad": 0.818989005127279, "d1": -1.4405457715503203, "d2": -0.62479806999449, "d3": -1.1583597362757074, "d4": 0.13518922945545508, "p1": 8.849435372588548, "p2": 16.892769330050132, "p3": 14.30923502871686, "p4": 23.85503488335473, "pol1": 0.17358800403173946, "pol2": -0.5040241696301009, "pol3": 0.4305106982569129, "pol4": 0.16173918477865734, "v0s": 6.9131450710219955}, "datetime": {"datetime": "2022-04-28 17:34:58", "elapsed": 7410.55926, "delta": 10.089024}}
{"target": -1.0, "params": {"Bgrad": 1.071079291534414, "d1": -0.7584085730304082, "d2": -1.6447482169216285, "d3": -0.020274249940393396, "d4": -2.9734654792757684, "p1": 2.1943059017972444, "p2": 6.78087542820624, "p3": 41.606796495805206, "p4": 1.3358081695472923, "pol1": 0.5518167265185678, "pol2": -0.48753997689573314, "pol3": -0.6890965261583428, "pol4": 0.004717396467495805, "v0s": 7.83157707472684}, "datetime": {"datetime": "2022-04-28 17:35:09", "elapsed": 7422.203126, "delta": 11.643866}}
{"target": -1.0, "params": {"Bgrad": 1.0617966072235008, "d1": -0.40517565114521314, "d2": -1.2836306823633987, "d3": -2.485113989836221, "d4": -0.5246850803893222, "p1": 33.700163727066865, "p2": 31.05975116182263, "p3": 8.649613199361955, "p4": 41.27152770510666, "pol1": -0.8927127425701229, "pol2": -0.37959030022047435, "pol3": 0.9003752685036699, "pol4": 0.2847736630163902, "v0s": 2.1669745957081927}, "datetime": {"datetime": "2022-04-28 17:35:16", "elapsed": 7428.831403, "delta": 6.628277}}
{"target": -1.0, "params": {"Bgrad": 1.6164849156145256, "d1": 0.7778917805002097, "d2": -0.9524165475867314, "d3": -2.245700220061902, "d4": -2.8209523542909856, "p1": 37.06728056882479, "p2": 40.70530470741129, "p3": 5.025569430723342, "p4": 7.434254837290738, "pol1": -0.47555891698965036, "pol2": 0.7258384327949852, "pol3": 0.2138449180867379, "pol4": 0.45322670216414296, "v0s": 2.806138974089138}, "datetime": {"datetime": "2022-04-28 17:36:07", "elapsed": 7479.719339, "delta": 50.887936}}
{"target": -1.0, "params": {"Bgrad": 0.5251062985371862, "d1": -1.22857116310103, "d2": 0.6040380848422866, "d3": -2.0764793411231692, "d4": 0.46474911603289115, "p1": 39.00990012701367, "p2": 2.1597695748380663, "p3": 18.839385400140625, "p4": 3.268368116989473, "pol1": -0.2017928041317314, "pol2": -0.3890399421723547, "pol3": 0.46215741715559355, "pol4": -0.6094676952760452, "v0s": 4.0801883048360885}, "datetime": {"datetime": "2022-04-28 17:36:17", "elapsed": 7489.618869, "delta": 9.89953}}
{"target": -1.0, "params": {"Bgrad": 0.9087063330310434, "d1": -1.4679862372822674, "d2": 0.5179421993588691, "d3": -0.7015995595918589, "d4": -0.15656205136666923, "p1": 21.570795467860226, "p2": 24.54226082377568, "p3": 0.6725929201574832, "p4": 4.571488169455207, "pol1": -0.7203928717816988, "pol2": 0.9394105397393864, "pol3": 0.7249511966491498, "pol4": -0.568097257257286, "v0s": 6.2469871410511}, "datetime": {"datetime": "2022-04-28 17:36:27", "elapsed": 7499.946255, "delta": 10.327386}}
{"target": 5.035596253403844, "params": {"Bgrad": 1.9072457282244923, "d1": -1.4075625853587606, "d2": 0.85308663551523, "d3": -2.805080830828506, "d4": -2.5291278114853237, "p1": 21.00722128788795, "p2": 25.23233194399609, "p3": 40.901491610442555, "p4": 46.759954362684184, "pol1": -0.9811478581451143, "pol2": 0.6642354257760024, "pol3": 0.9067077291516463, "pol4": 0.9816853990881194, "v0s": 5.035596253403844}, "datetime": {"datetime": "2022-04-28 17:36:37", "elapsed": 7510.067194, "delta": 10.120939}}
{"target": -1.0, "params": {"Bgrad": 0.9659357808290274, "d1": -1.5400425995705582, "d2": -2.654086190276607, "d3": -0.9084007854007567, "d4": 0.38070621123007164, "p1": 20.692355823539305, "p2": 22.57890285490584, "p3": 9.93053366475493, "p4": 24.597130803829465, "pol1": -0.5631932370148747, "pol2": 0.7984808665502028, "pol3": -0.1235805347775969, "pol4": -0.9414728437621365, "v0s": 4.154453399595182}, "datetime": {"datetime": "2022-04-28 17:36:46", "elapsed": 7518.622319, "delta": 8.555125}}
