{"target": -1.0, "params": {"Bgrad": 0.6398682314682169, "d1": -0.2702774090593256, "d2": -0.6492970468009904, "d3": 0.1556370546407253, "d4": -0.13615766216247316, "p1": 6.851777379958168, "p2": 33.91520082359702, "p3": 22.52905668942048, "p4": 44.529733722129876, "pol1": -0.40472913569482905, "pol2": -0.9766895741205406, "pol3": -0.16155332553617985, "pol4": 0.05301750465281785, "v0s": 5.463907475606395}, "datetime": {"datetime": "2022-04-29 19:18:46", "elapsed": 100039.170856, "delta": 19.011167}}
{"target": -1.0, "params": {"Bgrad": 0.916937664707871, "d1": -2.5351964634439335, "d2": -0.8578048966636009, "d3": -0.748313881841677, "d4": -2.4693118336396314, "p1": 15.23555776466653, "p2": 46.7321885681232, "p3": 32.262017404216316, "p4": 14.685538368089034, "pol1": 0.024400600728016864, "pol2": 0.996581025692399, "pol3": 0.8308178354837075, "pol4": 0.42277787689412705, "v0s": 4.999686876716031}, "datetime": {"datetime": "2022-04-29 19:19:26", "elapsed": 100078.743047, "delta": 39.572191}}
{"target": -1.0, "params": {"Bgrad": 1.559348810626997, "d1": -2.8622290485161326, "d2": 0.6238968824442304, "d3": -1.6507808466793574, "d4": -0.9369037511247522, "p1": 41.664397942459466, "p2": 23.268394322630463, "p3": 42.23398819444403, "p4": 48.47004315072585, "pol1": 0.08051921495365999, "pol2": -0.8014374598989817, "pol3": -0.3150535848321929, "pol4": 0.2395592646500484, "v0s": 6.012731742270718}, "datetime": {"datetime": "2022-04-29 19:19:57", "elapsed": 100110.287703, "delta": 31.544656}}
{"target": -1.0, "params": {"Bgrad": 1.6467994513233886, "d1": -2.393380525009357, "d2": 0.03959111922038261, "d3": -2.2083280588388834, "d4": -2.0121881169397273, "p1": 3.6583424514619045, "p2": 49.48586323920077, "p3": 11.984932378704343, "p4": 21.393062893628915, "pol1": 0.1908793998864542, "pol2": -0.04915444655723045, "pol3": -0.26653674259335847, "pol4": -0.7160683863977944, "v0s": 2.6585151907229703}, "datetime": {"datetime": "2022-04-29 19:20:22", "elapsed": 100135.236993, "delta": 24.94929}}
{"target": 4.780394179154262, "params": {"Bgrad": 1.222470463964373, "d1": -1.7466622144464474, "d2": 0.8382944616528767, "d3": -0.6625001174520753, "d4": -1.7827316159266742, "p1": 22.86280551288425, "p2": 23.70259577449162, "p3": 42.59269728765702, "p4": 44.18336582574724, "pol1": -0.8296208269433627, "pol2": 0.028341207653387546, "pol3": 0.3005358321699201, "pol4": 0.7967380126453913, "v0s": 4.780394179154262}, "datetime": {"datetime": "2022-04-29 19:20:59", "elapsed": 100171.554886, "delta": 36.317893}}
{"target": 2.7090310117294396, "params": {"Bgrad": 0.9503970519675577, "d1": -0.06171806569758284, "d2": -2.243203262744282, "d3": -2.5009027301395697, "d4": -1.000611668769694, "p1": 39.7366985484317, "p2": 11.470346890860835, "p3": 22.06871564735965, "p4": 25.67430331685269, "pol1": -0.669012304957448, "pol2": 0.25143820466933275, "pol3": 0.4278527447568744, "pol4": 0.6596650941186656, "v0s": 2.7090310117294396}, "datetime": {"datetime": "2022-04-29 19:21:21", "elapsed": 100194.04575, "delta": 22.490864}}
{"target": 4.863304154926524, "params": {"Bgrad": 1.0203395789827285, "d1": -1.6245809351477123, "d2": 0.3919209929547066, "d3": -1.4358329701623218, "d4": -1.059691216265788, "p1": 27.818176763211394, "p2": 41.7813388999998, "p3": 27.359443367772894, "p4": 20.306285189999677, "pol1": -0.4708821890671893, "pol2": 0.19248239777105491, "pol3": 0.5890087398094401, "pol4": -0.9171011381128231, "v0s": 4.863304154926524}, "datetime": {"datetime": "2022-04-29 19:21:57", "elapsed": 100230.323748, "delta": 36.277998}}
{"target": 4.05723319230788, "params": {"Bgrad": 1.2089921835939572, "d1": -1.8793846757082977, "d2": 0.3405888152243328, "d3": -1.7526103026548872, "d4": 0.03455349781874428, "p1": 30.8246307399418, "p2": 28.404399305184118, "p3": 9.299613173785964, "p4": 9.00650122498423, "pol1": 0.3760062338189003, "pol2": 0.15560157689333076, "pol3": 0.572022162633574, "pol4": 0.3527248450475591, "v0s": 4.05723319230788}, "datetime": {"datetime": "2022-04-29 19:22:13", "elapsed": 100246.331946, "delta": 16.008198}}
{"target": 2.3849962492272345, "params": {"Bgrad": 1.8420899439219784, "d1": -2.2326863621869806, "d2": 0.9861116674296717, "d3": -2.715710371842271, "d4": -0.3971456948656824, "p1": 47.18597907907162, "p2": 42.94292274348902, "p3": 6.25403224727874, "p4": 20.91701986873658, "pol1": -0.5844257285916232, "pol2": -0.18185043701589865, "pol3": 0.6890033389513177, "pol4": 0.27453627477883735, "v0s": 2.3849962492272345}, "datetime": {"datetime": "2022-04-29 19:22:40", "elapsed": 100273.262937, "delta": 26.930991}}
{"target": -1.0, "params": {"Bgrad": 1.2543375483459465, "d1": -1.2198626909277168, "d2": 0.1613511187003307, "d3": -0.9859926619291053, "d4": -0.9562789057970371, "p1": 3.5270350861275057, "p2": 49.86537074105502, "p3": 11.85280278449546, "p4": 19.143071967968066, "pol1": 0.8646421319613207, "pol2": 0.5198551901860233, "pol3": -0.5014416492820841, "pol4": -0.7219407848880202, "v0s": 4.844847855442773}, "datetime": {"datetime": "2022-04-29 19:23:13", "elapsed": 100306.141027, "delta": 32.87809}}
{"target": 4.672912363672924, "params": {"Bgrad": 0.9056211542942902, "d1": -2.244200473330875, "d2": 0.8213049946972933, "d3": -1.934365840687161, "d4": -0.9743277965082692, "p1": 24.596630366787423, "p2": 25.751332126075255, "p3": 11.741359738252726, "p4": 34.88545653282039, "pol1": -0.4572132937159209, "pol2": 0.36463683465417274, "pol3": 0.5761381062198944, "pol4": -0.221595219116182, "v0s": 4.672912363672924}, "datetime": {"datetime": "2022-04-29 19:23:37", "elapsed": 100329.58933, "delta": 23.448303}}
{"target": -1.0, "params": {"Bgrad": 1.533136818815949, "d1": -1.3498244848186043, "d2": 0.24746508363831587, "d3": -1.5492129019964347, "d4": 0.4186108616976809, "p1": 42.81045956730978, "p2": 25.455219165168003, "p3": 23.477238407279792, "p4": 5.257955643177059, "pol1": 0.16825328340448986, "pol2": 0.6517560139700571, "pol3": -0.7045233891397367, "pol4": 0.9281642097350216, "v0s": 5.206024917078958}, "datetime": {"datetime": "2022-04-29 19:24:03", "elapsed": 100355.557895, "delta": 25.968565}}
{"target": -1.0, "params": {"Bgrad": 1.1807330146955017, "d1": -1.4676448017947745, "d2": 0.9979172489064911, "d3": -1.3262624665272158, "d4": 0.40445415593174827, "p1": 13.674168610266369, "p2": 20.852241030343688, "p3": 24.17948073977764, "p4": 20.654273093627495, "pol1": -0.7006132348075771, "pol2": -0.26032805781097057, "pol3": 0.9819157263936489, "pol4": 0.6647941871027028, "v0s": 6.193390117962521}, "datetime": {"datetime": "2022-04-29 19:24:30", "elapsed": 100382.584631, "delta": 27.026736}}
{"target": -1.0, "params": {"Bgrad": 0.874040661670803, "d1": -2.485938260977477, "d2": 0.9982560341573539, "d3": 0.49350773912731993, "d4": -2.6689788630926987, "p1": 7.310668004552456, "p2": 0.24111122458387313, "p3": 39.57648306369334, "p4": 47.93379758523134, "pol1": -0.28807772298427614, "pol2": 0.5074390188972437, "pol3": 0.3106076441110206, "pol4": -0.5616579501843071, "v0s": 4.485488099020378}, "datetime": {"datetime": "2022-04-29 19:25:05", "elapsed": 100418.463696, "delta": 35.879065}}
{"target": -1.0, "params": {"Bgrad": 1.3578388058073614, "d1": -1.4089935240973248, "d2": 0.4093629604709519, "d3": -2.71901283208467, "d4": -2.676644322281148, "p1": 2.9667117438702038, "p2": 20.322888253047754, "p3": 11.373553208095716, "p4": 25.846384841576363, "pol1": 0.523832246215929, "pol2": -0.7820099156644489, "pol3": -0.7116280330536628, "pol4": 0.7402029882045236, "v0s": 2.4710765221471647}, "datetime": {"datetime": "2022-04-29 19:25:25", "elapsed": 100437.861829, "delta": 19.398133}}
{"target": -1.0, "params": {"Bgrad": 1.2996560976477929, "d1": -1.2831825931233989, "d2": 0.8158758723549204, "d3": -2.383814426773271, "d4": -2.6584735118313234, "p1": 23.41558269734996, "p2": 23.538691531326627, "p3": 15.130912753664616, "p4": 35.9343176994579, "pol1": -0.31493178271579736, "pol2": -0.547592648578566, "pol3": -0.9662006835330279, "pol4": 0.9497100822191178, "v0s": 5.457286619163039}, "datetime": {"datetime": "2022-04-29 19:26:07", "elapsed": 100480.514783, "delta": 42.652954}}
{"target": -1.0, "params": {"Bgrad": 1.7549089476876198, "d1": -1.9616635437597973, "d2": -0.5684787636917727, "d3": -1.5410915885934378, "d4": -0.21974985719187545, "p1": 2.7342847882101395, "p2": 5.460923879650564, "p3": 23.034655088177473, "p4": 17.88313790715478, "pol1": 0.17674345588100593, "pol2": -0.43789934875191205, "pol3": -0.6043200484470097, "pol4": 0.40239173326496824, "v0s": 6.12012668560824}, "datetime": {"datetime": "2022-04-29 19:26:40", "elapsed": 100512.716682, "delta": 32.201899}}
{"target": 2.255856433211185, "params": {"Bgrad": 1.5596112144666274, "d1": -2.4738586591754514, "d2": -0.2552699948047805, "d3": -2.368884543182003, "d4": -1.4860091593668314, "p1": 8.77401388628773, "p2": 38.75447340975373, "p3": 32.877983982308365, "p4": 6.1981187598999785, "pol1": -0.4890979808044249, "pol2": 0.2651232749224739, "pol3": -0.023163379898270886, "pol4": -0.9574134626476594, "v0s": 2.255856433211185}, "datetime": {"datetime": "2022-04-29 19:27:22", "elapsed": 100555.054477, "delta": 42.337795}}
{"target": 3.8494354573239264, "params": {"Bgrad": 1.9003722275653139, "d1": -1.7786080321650717, "d2": 0.20845903574531796, "d3": -1.5956451169244479, "d4": -1.9976959162266272, "p1": 8.70560735423269, "p2": 5.609946005761757, "p3": 28.750435375687108, "p4": 11.604222759436102, "pol1": -0.06597182259357481, "pol2": 0.23834924206861732, "pol3": 0.39489296900001436, "pol4": 0.018696889831475293, "v0s": 3.8494354573239264}, "datetime": {"datetime": "2022-04-29 19:27:43", "elapsed": 100575.658386, "delta": 20.603909}}
{"target": -1.0, "params": {"Bgrad": 1.1247055234131804, "d1": -0.9486568753043918, "d2": -0.4618332692890199, "d3": -1.5592586753293212, "d4": -2.3281203153839045, "p1": 7.270524378619636, "p2": 36.243536646677185, "p3": 35.64819727123641, "p4": 33.00334791119909, "pol1": -0.5548534990718443, "pol2": -0.35979369903233827, "pol3": 0.30097909890658725, "pol4": -0.7878670114745785, "v0s": 3.724367332273899}, "datetime": {"datetime": "2022-04-29 19:28:00", "elapsed": 100592.607069, "delta": 16.948683}}
{"target": -1.0, "params": {"Bgrad": 0.8082168218329331, "d1": -1.2280107628540917, "d2": -0.3738924128898473, "d3": -1.2821141634366837, "d4": -2.8450126231062676, "p1": 7.37725886548427, "p2": 0.059519413642822316, "p3": 38.70167298572908, "p4": 47.601880061749824, "pol1": 0.3121583899773417, "pol2": -0.10846102315702955, "pol3": -0.42277302281196727, "pol4": -0.8201179494077391, "v0s": 5.082871246174867}, "datetime": {"datetime": "2022-04-29 19:28:20", "elapsed": 100613.524141, "delta": 20.917072}}
{"target": -1.0, "params": {"Bgrad": 0.7753063112389824, "d1": 0.28048488094134205, "d2": -1.6700477026137164, "d3": -1.4095233718236626, "d4": -2.062061263440329, "p1": 5.549840999670752, "p2": 39.31670284771306, "p3": 5.07972203556108, "p4": 28.293572023396035, "pol1": -0.9651018893688958, "pol2": 0.1882495942978908, "pol3": 0.02810371063327355, "pol4": 0.27569950615834493, "v0s": 3.483372647460259}, "datetime": {"datetime": "2022-04-29 19:28:39", "elapsed": 100632.01071, "delta": 18.486569}}
{"target": -1.0, "params": {"Bgrad": 1.1096619197927824, "d1": -2.282944246484766, "d2": 0.919330596545942, "d3": -1.671901483256777, "d4": 0.8140272690477373, "p1": 33.85126483516845, "p2": 15.100868259945855, "p3": 6.101985356609379, "p4": 17.309152094166, "pol1": 0.14207271062331817, "pol2": 0.1607996442989128, "pol3": -0.6150413272211446, "pol4": 0.357570366300455, "v0s": 5.3549145010226145}, "datetime": {"datetime": "2022-04-29 19:29:04", "elapsed": 100657.489585, "delta": 25.478875}}
{"target": 4.564557138336359, "params": {"Bgrad": 0.7607002319550041, "d1": -2.922088274430022, "d2": 0.5336951285964506, "d3": -1.310906295979206, "d4": -1.3907434812576083, "p1": 30.23943341686797, "p2": 28.746980521191528, "p3": 9.693445239017228, "p4": 7.915865547773181, "pol1": -0.3315723489315479, "pol2": -0.49551306382537214, "pol3": 0.3113121995653004, "pol4": -0.09199365900761669, "v0s": 4.564557138336359}, "datetime": {"datetime": "2022-04-29 19:29:20", "elapsed": 100673.091867, "delta": 15.602282}}
{"target": -1.0, "params": {"Bgrad": 1.0574905644643133, "d1": -0.42552458759460654, "d2": 0.40046957384669657, "d3": -1.4789574593505788, "d4": -1.1816860417162949, "p1": 40.965218216287205, "p2": 23.40588570285535, "p3": 45.472857798735156, "p4": 48.057362100196826, "pol1": -0.5580159848903032, "pol2": 0.6996586631381467, "pol3": 0.48032653038203543, "pol4": -0.5594866837901489, "v0s": 5.519150127909247}, "datetime": {"datetime": "2022-04-29 19:29:46", "elapsed": 100699.011563, "delta": 25.919696}}
{"target": 4.6416080671194955, "params": {"Bgrad": 0.782769885043476, "d1": -1.5583436344059591, "d2": 0.982474146109483, "d3": -1.868686962585206, "d4": -2.6248901477599667, "p1": 0.09482830278818577, "p2": 33.66878889386295, "p3": 16.067838214723036, "p4": 11.108588661732737, "pol1": -0.17952106734769702, "pol2": 0.7309603979686241, "pol3": 0.6742824048659568, "pol4": -0.86401229502243, "v0s": 4.6416080671194955}, "datetime": {"datetime": "2022-04-29 19:30:02", "elapsed": 100714.945957, "delta": 15.934394}}
{"target": 4.216874560186957, "params": {"Bgrad": 0.5, "d1": -3.0, "d2": -2.5601296884872453, "d3": -0.7413063476011332, "d4": 0.40930552479768556, "p1": 32.72428030997566, "p2": 20.16736280961592, "p3": 14.471380284241814, "p4": 0.9670412356324224, "pol1": -0.9386873195143298, "pol2": -0.26125996309174326, "pol3": 1.0, "pol4": -0.6289470532245107, "v0s": 4.216874560186957}, "datetime": {"datetime": "2022-04-29 19:30:18", "elapsed": 100731.074831, "delta": 16.128874}}
{"target": -1.0, "params": {"Bgrad": 0.9208154142265366, "d1": -0.6711523438988984, "d2": 0.33398351117506486, "d3": 0.2519218887227699, "d4": -2.355878642864783, "p1": 43.06388493760085, "p2": 36.80731341978795, "p3": 18.190742628736707, "p4": 25.011371468930953, "pol1": 0.3838379313665443, "pol2": -0.6401318558109734, "pol3": 0.4641629751162262, "pol4": 0.703456802631836, "v0s": 3.831255604269543}, "datetime": {"datetime": "2022-04-29 19:30:47", "elapsed": 100760.006473, "delta": 28.931642}}
{"target": 3.60981140492985, "params": {"Bgrad": 1.1410250918324687, "d1": -1.163162019449365, "d2": -0.022814533234104317, "d3": -1.427194140654318, "d4": -1.6691581280665742, "p1": 3.477362706879472, "p2": 30.21062786331091, "p3": 25.477673013144535, "p4": 23.025342853097396, "pol1": -0.6044488292036572, "pol2": 0.19697766593550048, "pol3": 0.33438649888994654, "pol4": -0.24654291910477055, "v0s": 3.60981140492985}, "datetime": {"datetime": "2022-04-29 19:31:05", "elapsed": 100777.849764, "delta": 17.843291}}
{"target": -1.0, "params": {"Bgrad": 1.5491636271532196, "d1": -0.9000974413801117, "d2": 0.8844369087290791, "d3": -2.4036322135529598, "d4": -2.9044614465603984, "p1": 6.184111156143795, "p2": 11.666276996038432, "p3": 35.531786694946426, "p4": 2.2210525375912504, "pol1": -0.1329153613271885, "pol2": 0.7658111657842228, "pol3": -0.5847476185099196, "pol4": -0.23422920624134314, "v0s": 6.165576224250501}, "datetime": {"datetime": "2022-04-29 19:31:35", "elapsed": 100808.523747, "delta": 30.673983}}
{"target": -1.0, "params": {"Bgrad": 0.7153911504156762, "d1": -0.724772463110976, "d2": 0.9012312327162011, "d3": 0.3291977133915429, "d4": -1.7849518618857863, "p1": 31.41375191923598, "p2": 13.338027703970262, "p3": 3.8156689840331435, "p4": 16.9782280013067, "pol1": -0.017692298726011302, "pol2": -0.028669495918409282, "pol3": 0.5587883966416347, "pol4": 0.13446702374934238, "v0s": 5.040949621850048}, "datetime": {"datetime": "2022-04-29 19:32:09", "elapsed": 100841.642195, "delta": 33.118448}}
{"target": 4.007591974870924, "params": {"Bgrad": 1.9626519526899715, "d1": -1.3978342327688453, "d2": 0.2567260094584665, "d3": -2.0532065867504583, "d4": -2.7919463603981547, "p1": 0.5720931452116553, "p2": 27.68362683537754, "p3": 11.130951426262518, "p4": 14.983849776442508, "pol1": -0.6740648204990439, "pol2": 0.8568729529925401, "pol3": 0.7046954702394189, "pol4": 0.09301118951548888, "v0s": 4.007591974870924}, "datetime": {"datetime": "2022-04-29 19:32:39", "elapsed": 100872.050889, "delta": 30.408694}}
{"target": -1.0, "params": {"Bgrad": 1.2618571820255178, "d1": -1.4739893560799318, "d2": 0.7249510487845985, "d3": -1.0126339818204468, "d4": -0.7566348884481955, "p1": 25.777465356153172, "p2": 26.759427745411102, "p3": 12.620710342768277, "p4": 34.842340554425036, "pol1": 0.46781381391081966, "pol2": 0.11415205631123748, "pol3": -0.901953092289489, "pol4": -0.3262233275859252, "v0s": 5.777016876989866}, "datetime": {"datetime": "2022-04-29 19:33:25", "elapsed": 100918.467777, "delta": 46.416888}}
{"target": -1.0, "params": {"Bgrad": 1.7271018248407435, "d1": -1.0985593182580375, "d2": 0.8590339907979763, "d3": 0.11059562050700134, "d4": -2.8438691651271872, "p1": 44.7733712307937, "p2": 36.312719321404984, "p3": 19.631754505837236, "p4": 28.489057724283672, "pol1": 0.741733275370982, "pol2": -0.09771030466244879, "pol3": 0.464698216696372, "pol4": -0.7619217798605227, "v0s": 2.5584164982371522}, "datetime": {"datetime": "2022-04-29 19:34:14", "elapsed": 100966.632992, "delta": 48.165215}}
{"target": 3.42889994190378, "params": {"Bgrad": 1.8166564004542085, "d1": -2.4087942654851564, "d2": -1.7990630871271065, "d3": -0.6997751883321492, "d4": 1.0, "p1": 1.1792928028719742, "p2": 3.625073960062036, "p3": 15.015735495615873, "p4": 19.060052274457433, "pol1": -1.0, "pol2": 0.9392647348278952, "pol3": -0.4000108107989201, "pol4": 1.0, "v0s": 3.42889994190378}, "datetime": {"datetime": "2022-04-29 19:34:35", "elapsed": 100988.371866, "delta": 21.738874}}
{"target": 3.5727030732486007, "params": {"Bgrad": 1.2711269302267565, "d1": -1.5207616887862927, "d2": 0.3528153328597593, "d3": 0.0939758829808826, "d4": -0.24235035152342682, "p1": 23.370574920962238, "p2": 24.21868897102422, "p3": 9.708662059373797, "p4": 32.838035431500664, "pol1": -0.5177364302555265, "pol2": 0.3892559629467319, "pol3": 0.20249411525867364, "pol4": 0.5700113240990403, "v0s": 3.5727030732486007}, "datetime": {"datetime": "2022-04-29 19:34:59", "elapsed": 101012.310857, "delta": 23.938991}}
{"target": -1.0, "params": {"Bgrad": 1.132170968586291, "d1": -1.294553980755424, "d2": -0.10018459704888283, "d3": -1.0274354149385654, "d4": -1.8576021279339465, "p1": 0.698392734558323, "p2": 33.2654036341561, "p3": 16.7888670138871, "p4": 10.793653095583872, "pol1": -0.9319290676135921, "pol2": 0.17844318307710538, "pol3": -0.5992835066368594, "pol4": 0.24189495811409767, "v0s": 6.095376401673288}, "datetime": {"datetime": "2022-04-29 19:35:23", "elapsed": 101035.64746, "delta": 23.336603}}
{"target": 3.771590133813333, "params": {"Bgrad": 0.6051891597892218, "d1": -1.2212270923552908, "d2": -0.240452099993254, "d3": -2.9061341781108845, "d4": 0.0005874748154823806, "p1": 25.098263009294964, "p2": 24.59503903196015, "p3": 12.471980470812765, "p4": 35.60283164674298, "pol1": -0.10177135501833745, "pol2": 0.21907416415352565, "pol3": 0.23209702743362892, "pol4": 0.21950649043842918, "v0s": 3.771590133813333}, "datetime": {"datetime": "2022-04-29 19:35:40", "elapsed": 101052.990089, "delta": 17.342629}}
{"target": 3.3734347176023425, "params": {"Bgrad": 1.154807952175654, "d1": -0.9541775990094583, "d2": -0.2780643507832123, "d3": -1.8673775859041655, "d4": 0.6140718466370333, "p1": 43.66798433487786, "p2": 25.008705508994097, "p3": 23.247992219943082, "p4": 3.88738239295854, "pol1": -0.20252932291037462, "pol2": -0.16814125858559256, "pol3": -0.09732001386702928, "pol4": 0.19780578707036972, "v0s": 3.3734347176023425}, "datetime": {"datetime": "2022-04-29 19:35:58", "elapsed": 101071.383907, "delta": 18.393818}}
{"target": 5.007874241679484, "params": {"Bgrad": 1.6913420136025445, "d1": -1.2135857342836003, "d2": 0.40765637972633284, "d3": -0.8316053938075108, "d4": -1.7967454725303509, "p1": 3.0973575789610406, "p2": 32.088137352232415, "p3": 12.264210597103103, "p4": 21.15227698217496, "pol1": 0.6166205040812254, "pol2": 0.399966258772501, "pol3": -0.7266272147220296, "pol4": 0.7562460738440979, "v0s": 5.007874241679484}, "datetime": {"datetime": "2022-04-29 19:36:37", "elapsed": 101109.622664, "delta": 38.238757}}
{"target": 3.7516352917123728, "params": {"Bgrad": 1.4804476433722504, "d1": -0.7116201737595882, "d2": -0.378108704848093, "d3": -2.2040619981507126, "d4": -2.337147267160532, "p1": 8.623485240464298, "p2": 37.43051250606284, "p3": 32.28724145292654, "p4": 6.960547254460289, "pol1": -0.8271728484262436, "pol2": 0.7368467115910311, "pol3": -0.5417543007458001, "pol4": 0.6968915555724648, "v0s": 3.7516352917123728}, "datetime": {"datetime": "2022-04-29 19:37:02", "elapsed": 101135.217228, "delta": 25.594564}}
{"target": 3.937151263301249, "params": {"Bgrad": 0.8535798176162193, "d1": -1.1517652347065026, "d2": 0.14961415789315968, "d3": -1.1465471458388627, "d4": -3.0, "p1": 4.0245812051462115, "p2": 45.586157490705155, "p3": 10.036151935575566, "p4": 20.93047024241594, "pol1": -0.5466909602927681, "pol2": 0.6781599772365263, "pol3": 0.09587584145148474, "pol4": -1.0, "v0s": 3.937151263301249}, "datetime": {"datetime": "2022-04-29 19:37:37", "elapsed": 101170.458998, "delta": 35.24177}}
{"target": -1.0, "params": {"Bgrad": 1.7300675619257047, "d1": -0.33704472472301505, "d2": -1.2971040573982382, "d3": -2.4524453949742893, "d4": -0.506904669355984, "p1": 9.28160996843444, "p2": 35.87685545006598, "p3": 32.3138059025965, "p4": 5.697020663071189, "pol1": 0.3658506094338947, "pol2": 0.039928688332476536, "pol3": -0.250284391836906, "pol4": 0.9677012270559486, "v0s": 3.5153456834900734}, "datetime": {"datetime": "2022-04-29 19:38:06", "elapsed": 101199.307861, "delta": 28.848863}}
