{"target": -1.0, "params": {"Bgrad": 1.9867853200894985, "d1": -2.0467161407826207, "d2": -0.16755606719729643, "d3": -2.31087599497441, "d4": -1.6199543550416649, "p1": 33.382855962289796, "p2": 14.868127865695651, "p3": 30.60789383223501, "p4": 5.082182260450713, "pol1": -0.43073378662604345, "pol2": -0.24648835687809534, "pol3": -0.8508152918393126, "pol4": -0.04340554701416344, "v0s": 3.442020334674592}, "datetime": {"datetime": "2022-04-28 16:20:49", "elapsed": 2961.826514, "delta": 10.00191}}
{"target": -1.0, "params": {"Bgrad": 1.5597252677903695, "d1": -0.6755756387885334, "d2": -0.8290657262984817, "d3": -1.372999042778424, "d4": -2.2031337018832127, "p1": 2.090910778714977, "p2": 29.5852622343012, "p3": 19.051398721231095, "p4": 24.474492865937574, "pol1": 0.5234066837371139, "pol2": 0.9204163612928549, "pol3": -0.2697119927680076, "pol4": -0.5377899763633827, "v0s": 3.4885455200465914}, "datetime": {"datetime": "2022-04-28 16:20:58", "elapsed": 2970.663515, "delta": 8.837001}}
{"target": -1.0, "params": {"Bgrad": 1.9509665729844288, "d1": 0.41119190738798617, "d2": -0.8847818816374393, "d3": -2.2079754443205197, "d4": -1.0783429744536028, "p1": 23.96241343313391, "p2": 22.149092767730487, "p3": 13.867958286005866, "p4": 29.84129420650238, "pol1": 0.36132230983562885, "pol2": 0.34001364406222523, "pol3": 0.609136737505247, "pol4": 0.18594942445345541, "v0s": 4.707135703247755}, "datetime": {"datetime": "2022-04-28 16:21:12", "elapsed": 2985.402892, "delta": 14.739377}}
{"target": -1.0, "params": {"Bgrad": 1.1995020106232277, "d1": -2.891480715797585, "d2": -0.8483152388144704, "d3": -1.4051710441574654, "d4": 0.6015799621333446, "p1": 10.613658770088035, "p2": 32.7704336277527, "p3": 30.00458710976635, "p4": 13.103280654374833, "pol1": 0.6611464876754563, "pol2": 0.3097694656013934, "pol3": -0.4069128909332187, "pol4": 0.9993081224776019, "v0s": 5.8935744014841465}, "datetime": {"datetime": "2022-04-28 16:21:24", "elapsed": 2997.319695, "delta": 11.916803}}
{"target": -1.0, "params": {"Bgrad": 0.8412785684920663, "d1": -1.6844625201521497, "d2": -0.07540162995146815, "d3": 0.7826850704099928, "d4": 0.5259775767287014, "p1": 49.000168585599184, "p2": 30.30897559122402, "p3": 13.953478586516809, "p4": 0.6430750803870622, "pol1": 0.21614667073437088, "pol2": -0.6747387603848949, "pol3": -0.7331207501373067, "pol4": 0.21618843785481667, "v0s": 7.703676177344561}, "datetime": {"datetime": "2022-04-28 16:21:34", "elapsed": 3006.988545, "delta": 9.66885}}
{"target": -1.0, "params": {"Bgrad": 0.5930603228379436, "d1": -2.1062445683911273, "d2": -2.825901149136725, "d3": -0.9135039098422646, "d4": -2.805557272586395, "p1": 15.772190568389032, "p2": 45.0341547501659, "p3": 44.076401193841086, "p4": 16.981580041570794, "pol1": -0.8602434922568818, "pol2": -0.48604216696290936, "pol3": 0.14029975076610324, "pol4": 0.6950607687492913, "v0s": 2.678978198242331}, "datetime": {"datetime": "2022-04-28 16:21:38", "elapsed": 3010.850812, "delta": 3.862267}}
{"target": -1.0, "params": {"Bgrad": 0.5084658568183394, "d1": -0.43715572591638985, "d2": -0.34986890863437337, "d3": -0.2805086659598035, "d4": -2.5692023114906246, "p1": 39.18907316231553, "p2": 16.38564558524954, "p3": 13.502118257066142, "p4": 16.475408178785923, "pol1": 0.859633974811431, "pol2": -0.6242850454346012, "pol3": 0.2611385955828607, "pol4": -0.08035147442883006, "v0s": 2.685583933225022}, "datetime": {"datetime": "2022-04-28 16:21:43", "elapsed": 3015.895419, "delta": 5.044607}}
{"target": -1.0, "params": {"Bgrad": 1.9990941805165, "d1": 0.5718247540827313, "d2": 0.976797058337548, "d3": -1.2318290977211541, "d4": -2.3410129848424543, "p1": 6.873842559591231, "p2": 18.1966603221703, "p3": 12.646778350650845, "p4": 42.92205051587125, "pol1": 0.16045196882494928, "pol2": -0.5967297807481113, "pol3": 0.6309861187679251, "pol4": 0.1743571966658779, "v0s": 3.111138202965444}, "datetime": {"datetime": "2022-04-28 16:22:03", "elapsed": 3035.690335, "delta": 19.794916}}
{"target": -1.0, "params": {"Bgrad": 1.4985372122218708, "d1": 0.9420588024411027, "d2": -2.051261170438287, "d3": -1.8038253576477996, "d4": 0.261240619725577, "p1": 18.00067394466407, "p2": 26.0816813668032, "p3": 17.645852612122003, "p4": 34.75954319922561, "pol1": 0.7841288041394476, "pol2": -0.7981733521789287, "pol3": -0.7305040415212265, "pol4": 0.06619140128041501, "v0s": 5.69488364467397}, "datetime": {"datetime": "2022-04-28 16:22:13", "elapsed": 3046.277165, "delta": 10.58683}}
{"target": -1.0, "params": {"Bgrad": 0.6650066424179651, "d1": 0.18896338216222874, "d2": 0.9131092542643318, "d3": 0.18463062058728497, "d4": -1.1938017265763157, "p1": 2.6830503684758367, "p2": 19.578158471528806, "p3": 24.158828736657167, "p4": 49.98322575990063, "pol1": 0.9407556719058723, "pol2": -0.023512098915564827, "pol3": -0.7324821642579142, "pol4": -0.03784780451592362, "v0s": 6.9207642140657315}, "datetime": {"datetime": "2022-04-28 16:22:20", "elapsed": 3053.066638, "delta": 6.789473}}
{"target": -1.0, "params": {"Bgrad": 1.1096272893476855, "d1": -2.7217102635305155, "d2": -0.08606957002850502, "d3": 0.5959091533121526, "d4": -0.3158803417697378, "p1": 15.874252922146177, "p2": 21.3986480493188, "p3": 22.570344528876852, "p4": 21.251756136026607, "pol1": -0.31745115796681667, "pol2": 0.4050580834588773, "pol3": 0.3799059806928162, "pol4": 0.021478735191610587, "v0s": 7.252755858609154}, "datetime": {"datetime": "2022-04-28 16:22:31", "elapsed": 3063.662478, "delta": 10.59584}}
{"target": 2.034948579941206, "params": {"Bgrad": 1.176527476431623, "d1": -1.4019669748127224, "d2": -0.12839668368640966, "d3": 0.7739014835766858, "d4": -0.14206254895847747, "p1": 49.09162556603828, "p2": 2.959007304343242, "p3": 21.09014394053292, "p4": 17.37530095932253, "pol1": -0.2851581690586835, "pol2": 0.6796305908766094, "pol3": 0.6756136402866864, "pol4": 0.3298369720079759, "v0s": 2.034948579941206}, "datetime": {"datetime": "2022-04-28 16:22:35", "elapsed": 3068.329611, "delta": 4.667133}}
{"target": -1.0, "params": {"Bgrad": 0.5531410743428807, "d1": 0.22455175674290206, "d2": 0.7036047856436873, "d3": -1.3579779072618638, "d4": 0.6677825084954172, "p1": 33.60133634929566, "p2": 27.76443759758878, "p3": 3.558013859755571, "p4": 12.743733412754615, "pol1": 0.9889916576439779, "pol2": 0.8256922680241892, "pol3": 0.599870920489618, "pol4": -0.4192881903955741, "v0s": 4.417448971758308}, "datetime": {"datetime": "2022-04-28 16:22:41", "elapsed": 3074.411908, "delta": 6.082297}}
{"target": -1.0, "params": {"Bgrad": 1.6775976981168896, "d1": 0.7278228010399284, "d2": 0.2085559194300335, "d3": -1.4219841308040602, "d4": -1.4952398904835178, "p1": 15.33902197507499, "p2": 17.98685745112147, "p3": 12.237755167832315, "p4": 24.621321053635587, "pol1": -0.07045710758281576, "pol2": -0.5639912907373599, "pol3": -0.5149491817997156, "pol4": -0.2532072517519084, "v0s": 5.139397039664921}, "datetime": {"datetime": "2022-04-28 16:22:55", "elapsed": 3088.387324, "delta": 13.975416}}
{"target": -1.0, "params": {"Bgrad": 1.133178409702843, "d1": -0.611046014107214, "d2": -2.124763243541747, "d3": 0.7281570307385272, "d4": -1.8479536611855223, "p1": 1.94887080744513, "p2": 7.740790609356607, "p3": 23.756752408456585, "p4": 13.1836319495512, "pol1": -0.5017645002990154, "pol2": -0.7705103555129147, "pol3": 0.3916209675076976, "pol4": -0.8525295742529533, "v0s": 4.263316656620342}, "datetime": {"datetime": "2022-04-28 16:23:04", "elapsed": 3096.550121, "delta": 8.162797}}
{"target": -1.0, "params": {"Bgrad": 1.1111040910928782, "d1": -1.320921391838994, "d2": -0.6371951925175674, "d3": -2.086030697022636, "d4": -2.41641696693051, "p1": 14.23548849821028, "p2": 32.10767512881581, "p3": 43.536814906533536, "p4": 3.473952513233752, "pol1": -0.8536140725891952, "pol2": 0.5348022598880546, "pol3": 0.412039269113716, "pol4": -0.458844118461321, "v0s": 5.031253003853109}, "datetime": {"datetime": "2022-04-28 16:23:16", "elapsed": 3108.648493, "delta": 12.098372}}
{"target": -1.0, "params": {"Bgrad": 0.5793208712861537, "d1": -0.5270705583552688, "d2": -2.456603790414515, "d3": -0.955739181305157, "d4": -2.4882687245760926, "p1": 32.28902541196002, "p2": 10.081514555452149, "p3": 1.1511852678825096, "p4": 46.67889633487759, "pol1": 0.19552032716721124, "pol2": -0.8397838411368728, "pol3": 0.20969889590648116, "pol4": 0.37767036061493164, "v0s": 5.257612824811852}, "datetime": {"datetime": "2022-04-28 16:23:21", "elapsed": 3113.664195, "delta": 5.015702}}
{"target": -1.0, "params": {"Bgrad": 1.9574262401557125, "d1": -2.112726312069435, "d2": -2.283959672573951, "d3": 0.17716398440717684, "d4": 0.9722380421453951, "p1": 30.468373506724216, "p2": 37.52680290662208, "p3": 19.86349137525026, "p4": 9.402679850510687, "pol1": -0.37660123080307795, "pol2": 0.8112878958119292, "pol3": -0.3774362312670976, "pol4": 0.20424359168462347, "v0s": 5.604705189225896}, "datetime": {"datetime": "2022-04-28 16:23:35", "elapsed": 3128.117812, "delta": 14.453617}}
{"target": -1.0, "params": {"Bgrad": 1.3598381134222084, "d1": -1.0592323684955622, "d2": 0.6622096331865017, "d3": -1.1109336545201636, "d4": -2.5316517769538742, "p1": 7.719721163379995, "p2": 22.261203210097314, "p3": 8.234224238097898, "p4": 26.76256347955559, "pol1": -0.8140670689864378, "pol2": -0.8626066279195643, "pol3": -0.8602112859056295, "pol4": 0.248624626615485, "v0s": 2.218847283586081}, "datetime": {"datetime": "2022-04-28 16:23:42", "elapsed": 3135.387004, "delta": 7.269192}}
{"target": -1.0, "params": {"Bgrad": 1.0889916940793414, "d1": -2.3430236487200538, "d2": -2.1227452857975666, "d3": -0.5769146989355805, "d4": 0.5610276105652279, "p1": 20.40079421375888, "p2": 11.930176759904466, "p3": 43.040633623705155, "p4": 8.881815836334923, "pol1": -0.29393561612449326, "pol2": -0.7506077129782249, "pol3": 0.8013709424781996, "pol4": 0.8041488432834829, "v0s": 5.715587230394087}, "datetime": {"datetime": "2022-04-28 16:23:54", "elapsed": 3147.280424, "delta": 11.89342}}
{"target": -1.0, "params": {"Bgrad": 1.3292675114164145, "d1": -2.3647995826540282, "d2": -0.07491078412512531, "d3": 0.21629679134434365, "d4": -0.8906626278453826, "p1": 4.570028933248049, "p2": 14.855758545967618, "p3": 35.02879449321764, "p4": 37.73714866429697, "pol1": -0.5257643333456017, "pol2": 0.48276759089384114, "pol3": 0.7959051018035357, "pol4": 0.9127248707950344, "v0s": 2.354147123999936}, "datetime": {"datetime": "2022-04-28 16:24:09", "elapsed": 3161.708097, "delta": 14.427673}}
{"target": -1.0, "params": {"Bgrad": 1.0385714286049759, "d1": -0.306681126987872, "d2": -2.5841060055438745, "d3": 0.9707866670019061, "d4": -0.09151690735726703, "p1": 10.121928041745148, "p2": 10.392613192862882, "p3": 27.802853170353842, "p4": 49.539482564124015, "pol1": -0.285132882918258, "pol2": 0.9402268882866291, "pol3": 0.8971160296452336, "pol4": -0.06372635193891174, "v0s": 6.7396566902789505}, "datetime": {"datetime": "2022-04-28 16:24:16", "elapsed": 3168.967822, "delta": 7.259725}}
{"target": -1.0, "params": {"Bgrad": 0.5467187327834606, "d1": -2.2131295512744114, "d2": -2.797223795552613, "d3": -2.689800286091567, "d4": 0.7960695140506413, "p1": 36.335395412444896, "p2": 22.485410677998953, "p3": 3.16802737993323, "p4": 33.66313112533851, "pol1": 0.3521278163754642, "pol2": 0.9411406339026944, "pol3": 0.29367371671171116, "pol4": 0.11754863564559859, "v0s": 4.505737380596323}, "datetime": {"datetime": "2022-04-28 16:24:23", "elapsed": 3176.290416, "delta": 7.322594}}
{"target": -1.0, "params": {"Bgrad": 1.5432630203946809, "d1": 0.1361906637160719, "d2": -0.7981411437644983, "d3": 0.6870197789181689, "d4": -2.064147557373525, "p1": 27.489087596267904, "p2": 35.307518299344856, "p3": 27.80691510867244, "p4": 7.491133601870464, "pol1": -0.40665427476837257, "pol2": -0.477471790930301, "pol3": -0.23410187401280935, "pol4": 0.9738444429539752, "v0s": 2.1386704978080866}, "datetime": {"datetime": "2022-04-28 16:24:38", "elapsed": 3191.046749, "delta": 14.756333}}
{"target": -1.0, "params": {"Bgrad": 1.3174144687516658, "d1": -0.6938545943908205, "d2": -1.3032428087031995, "d3": -2.5897981805065413, "d4": -1.9256354080983207, "p1": 34.21459902995809, "p2": 39.47590792082754, "p3": 29.709631603703357, "p4": 14.28164089274569, "pol1": -0.8396229605758403, "pol2": -0.32520311232319954, "pol3": -0.3372685649992746, "pol4": -0.4708372243164991, "v0s": 3.610741629373678}, "datetime": {"datetime": "2022-04-28 16:24:49", "elapsed": 3201.608738, "delta": 10.561989}}
{"target": -1.0, "params": {"Bgrad": 1.0732890886769464, "d1": -2.616023749582707, "d2": -0.2994530780085132, "d3": -1.4410685292046281, "d4": -1.9191881705564815, "p1": 18.544860374359356, "p2": 41.98349296811364, "p3": 29.324620170660747, "p4": 22.44355221460606, "pol1": 0.07322522716726176, "pol2": 0.743506431685125, "pol3": -0.26129198885536753, "pol4": 0.6047794821224213, "v0s": 5.989219095980076}, "datetime": {"datetime": "2022-04-28 16:25:00", "elapsed": 3212.986017, "delta": 11.377279}}
{"target": -1.0, "params": {"Bgrad": 1.4630568872278082, "d1": 0.9502061756877773, "d2": -0.700825457284469, "d3": -0.4868737083654513, "d4": -2.2422140893200284, "p1": 0.42762674940778345, "p2": 14.22245207891989, "p3": 30.86165122374381, "p4": 48.67756500204701, "pol1": 0.2924810452216864, "pol2": -0.9030905363080559, "pol3": -0.3877503171801999, "pol4": -0.6233842635851872, "v0s": 3.146087774886965}, "datetime": {"datetime": "2022-04-28 16:25:18", "elapsed": 3230.565276, "delta": 17.579259}}
{"target": -1.0, "params": {"Bgrad": 0.5378455518108991, "d1": -1.2985166528127778, "d2": -2.6256079070960667, "d3": 0.5992717732445598, "d4": -0.9526725522484143, "p1": 44.47271554684476, "p2": 24.371906513951963, "p3": 43.657879821186235, "p4": 22.393283649349367, "pol1": 0.8587173765777942, "pol2": -0.8012944970639764, "pol3": 0.4208158333294656, "pol4": -0.24500972251800546, "v0s": 5.047434845137687}, "datetime": {"datetime": "2022-04-28 16:25:22", "elapsed": 3234.681834, "delta": 4.116558}}
{"target": -1.0, "params": {"Bgrad": 0.7996331375946211, "d1": -1.6894686411040283, "d2": 0.6314569728637718, "d3": 0.5893789128883373, "d4": -1.8115886803379673, "p1": 3.442955288714905, "p2": 18.100040161720194, "p3": 8.161748124278084, "p4": 14.294304916241652, "pol1": 0.9003963033746198, "pol2": 0.7639815240527681, "pol3": -0.5602537805095227, "pol4": -0.100947662878208, "v0s": 6.010501442195478}, "datetime": {"datetime": "2022-04-28 16:25:30", "elapsed": 3243.010721, "delta": 8.328887}}
{"target": -1.0, "params": {"Bgrad": 0.769738853712816, "d1": -1.4639011544253977, "d2": -0.3203483447388935, "d3": -1.980940385639066, "d4": 0.4821331241204816, "p1": 24.76317169669187, "p2": 2.826769337980867, "p3": 1.3601676186337897, "p4": 47.84959563189054, "pol1": 0.279180855936757, "pol2": -0.02624408571223813, "pol3": -0.6791815070714107, "pol4": -0.7695683316325506, "v0s": 6.453871309761804}, "datetime": {"datetime": "2022-04-28 16:25:37", "elapsed": 3250.235536, "delta": 7.224815}}
{"target": -1.0, "params": {"Bgrad": 1.1940271053224363, "d1": 0.8548475500702586, "d2": 0.16952959059965522, "d3": -2.121105381214739, "d4": -2.2074172041999534, "p1": 47.229606616652205, "p2": 9.51472029018161, "p3": 1.1506104232029413, "p4": 18.14756413244166, "pol1": 0.5417296722987914, "pol2": -0.05464257420207774, "pol3": -0.862173731417877, "pol4": 0.15674771043343028, "v0s": 3.11389899693438}, "datetime": {"datetime": "2022-04-28 16:25:49", "elapsed": 3261.684683, "delta": 11.449147}}
{"target": -1.0, "params": {"Bgrad": 1.7105037209293885, "d1": 0.8049366382280914, "d2": 0.5781694539575382, "d3": 0.15506443261969816, "d4": -1.6251263063650665, "p1": 18.09477970431915, "p2": 22.98431767542062, "p3": 15.956272064167464, "p4": 38.796670314663956, "pol1": 0.6543248744721197, "pol2": 0.42770355546700745, "pol3": 0.7121795083914719, "pol4": -0.8379792757222897, "v0s": 7.642151642017758}, "datetime": {"datetime": "2022-04-28 16:26:02", "elapsed": 3274.988808, "delta": 13.304125}}
{"target": -1.0, "params": {"Bgrad": 1.9551485872899201, "d1": 0.7591281560187992, "d2": -1.98981970457503, "d3": -2.255125753951232, "d4": -2.2334073201287814, "p1": 43.31714380756931, "p2": 46.20801610603525, "p3": 6.379774767486889, "p4": 9.551297700937633, "pol1": 0.7685322149454645, "pol2": -0.6099451468789583, "pol3": 0.677506095840972, "pol4": -0.5471568324328744, "v0s": 2.781552468246354}, "datetime": {"datetime": "2022-04-28 16:26:18", "elapsed": 3290.993297, "delta": 16.004489}}
{"target": -1.0, "params": {"Bgrad": 1.981669586216015, "d1": -1.406474365940774, "d2": -1.6117460786654312, "d3": -0.5295799149363001, "d4": -2.062219114019424, "p1": 9.22460835216103, "p2": 28.236464192632667, "p3": 44.00411927933393, "p4": 35.91026162957888, "pol1": -0.7618203899462479, "pol2": 0.20042157608841715, "pol3": -0.172121400863539, "pol4": 0.3072339794346708, "v0s": 6.647724985056647}, "datetime": {"datetime": "2022-04-28 16:26:30", "elapsed": 3303.098491, "delta": 12.105194}}
{"target": -1.0, "params": {"Bgrad": 1.2271699705737147, "d1": -1.7755297682738993, "d2": 0.38796394135217227, "d3": -1.2705458310351538, "d4": -2.0440534707526004, "p1": 10.44952306855852, "p2": 44.066589845193874, "p3": 8.699836186616766, "p4": 34.53311869757322, "pol1": 0.35547883280841863, "pol2": -0.5235830037916744, "pol3": -0.33772317602743174, "pol4": 0.6125595795304175, "v0s": 6.572042651117306}, "datetime": {"datetime": "2022-04-28 16:26:40", "elapsed": 3312.899841, "delta": 9.80135}}
{"target": -1.0, "params": {"Bgrad": 1.8927848877060507, "d1": 0.4155772974589458, "d2": -2.707797478765866, "d3": -1.6052936066292633, "d4": -0.2711825202933422, "p1": 48.247011453376516, "p2": 8.972215152044589, "p3": 0.6587333090186498, "p4": 0.10363686679171757, "pol1": -0.23098089731091553, "pol2": -0.3339652246086373, "pol3": -0.7211101910277908, "pol4": -0.7633785422009873, "v0s": 7.685572081522418}, "datetime": {"datetime": "2022-04-28 16:26:51", "elapsed": 3324.458609, "delta": 11.558768}}
{"target": 2.907485402965289, "params": {"Bgrad": 1.7699984970650757, "d1": -0.6819536915938453, "d2": -2.03485715426865, "d3": 0.716882530587402, "d4": -1.5451100272552192, "p1": 17.7170164129532, "p2": 38.33146520592993, "p3": 40.19265622135645, "p4": 35.98747754804193, "pol1": -0.627746827664299, "pol2": -0.11522874597398625, "pol3": 0.5406065542598226, "pol4": -0.23827939041373836, "v0s": 2.907485402965289}, "datetime": {"datetime": "2022-04-28 16:26:57", "elapsed": 3330.409326, "delta": 5.950717}}
{"target": -1.0, "params": {"Bgrad": 1.198136765149975, "d1": -1.6866305980998262, "d2": -2.5192623309659123, "d3": -1.4289877564545077, "d4": -1.038894430007872, "p1": 33.93597645258616, "p2": 2.661947289169869, "p3": 17.228458882871816, "p4": 7.309054585417524, "pol1": -0.5975785302178505, "pol2": -0.285610001336672, "pol3": 0.22271330791088895, "pol4": -0.47521186948375593, "v0s": 5.511388721785108}, "datetime": {"datetime": "2022-04-28 16:27:08", "elapsed": 3340.835117, "delta": 10.425791}}
{"target": -1.0, "params": {"Bgrad": 1.9174528869237517, "d1": -0.8865084550824891, "d2": -2.857239460308191, "d3": -0.3595778515522152, "d4": -1.9801158708851387, "p1": 5.388811299116125, "p2": 6.345019511062527, "p3": 5.961156100444331, "p4": 8.011394084633144, "pol1": 0.030392095631430083, "pol2": -0.6995468131397424, "pol3": 0.33528094015401444, "pol4": -0.5312619895367579, "v0s": 6.08323219992033}, "datetime": {"datetime": "2022-04-28 16:27:20", "elapsed": 3352.660165, "delta": 11.825048}}
{"target": -1.0, "params": {"Bgrad": 1.7787826111413902, "d1": 0.87358322066639, "d2": -0.18894453081796714, "d3": -0.6106133729025491, "d4": -1.1565698862034814, "p1": 20.29069517516227, "p2": 3.8785371676223868, "p3": 43.671955483857474, "p4": 19.585836259178347, "pol1": -0.8397352540656617, "pol2": -0.2516488851267418, "pol3": 0.8974262749747104, "pol4": 0.4501131302920187, "v0s": 5.74642435909873}, "datetime": {"datetime": "2022-04-28 16:27:35", "elapsed": 3367.558554, "delta": 14.898389}}
{"target": -1.0, "params": {"Bgrad": 1.295280958919164, "d1": -0.5410067442068547, "d2": -1.2274865294997395, "d3": 0.6280187623999778, "d4": 0.42998475152316784, "p1": 4.800892209589419, "p2": 12.24627296989479, "p3": 14.501981856862923, "p4": 17.850823867747927, "pol1": 0.2677769910793637, "pol2": -0.5746917188213572, "pol3": -0.9504443145749368, "pol4": -0.701420583982147, "v0s": 3.1206437754071823}, "datetime": {"datetime": "2022-04-28 16:27:46", "elapsed": 3378.610664, "delta": 11.05211}}
{"target": -1.0, "params": {"Bgrad": 0.7276412553345151, "d1": -2.5293650614064562, "d2": -1.5611549712689494, "d3": -2.447404316894327, "d4": -1.6195114025090303, "p1": 38.66890980890534, "p2": 2.226953655474262, "p3": 31.597846012235088, "p4": 42.79643239460989, "pol1": 0.3675667258600499, "pol2": -0.7985295348355512, "pol3": 0.6179859883128254, "pol4": 0.05049492837630343, "v0s": 2.8557062528781314}, "datetime": {"datetime": "2022-04-28 16:27:49", "elapsed": 3382.079455, "delta": 3.468791}}
{"target": -1.0, "params": {"Bgrad": 0.9389747286997192, "d1": -2.5312359261484576, "d2": -2.7426746901097228, "d3": -1.3343202303635482, "d4": -0.36064841225500777, "p1": 17.128246592812012, "p2": 9.548328008382894, "p3": 26.522712282125998, "p4": 38.22301226591573, "pol1": 0.8646080915656631, "pol2": 0.2949979099260871, "pol3": 0.9006530487539239, "pol4": -0.34169535431772324, "v0s": 2.6916658302179672}, "datetime": {"datetime": "2022-04-28 16:27:55", "elapsed": 3387.97522, "delta": 5.895765}}
{"target": -1.0, "params": {"Bgrad": 1.430486083607574, "d1": -0.6341806786762447, "d2": -1.2423191792013442, "d3": -2.656647331195078, "d4": -2.702498122907672, "p1": 49.28852105421561, "p2": 9.939332838725557, "p3": 42.26525962904939, "p4": 0.529409545462517, "pol1": -0.8673805007578848, "pol2": -0.31022170907726077, "pol3": 0.8676408553033659, "pol4": 0.3917245031112888, "v0s": 6.096795018280275}, "datetime": {"datetime": "2022-04-28 16:28:08", "elapsed": 3401.024459, "delta": 13.049239}}
