{"target": -1.0, "params": {"Bgrad": 1.185641131504141, "d1": -2.257381889440941, "d2": -0.09203999950426356, "d3": -2.506413122151715, "d4": 0.6802294796432871, "p1": 0.2022196207572935, "p2": 10.315051909005973, "p3": 34.496917282047384, "p4": 27.629427694840608, "pol1": -0.9696861801939791, "pol2": 0.6136354867343934, "pol3": -0.06946987380621694, "pol4": -0.179580925652294, "v0s": 4.247321947726145}, "datetime": {"datetime": "2022-06-25 00:34:33", "elapsed": 3145.554155, "delta": 18.30605}}
{"target": -1.0, "params": {"Bgrad": 0.9731793910617875, "d1": -2.5475239434044097, "d2": -1.7819442462257622, "d3": -2.263730409808526, "d4": -1.7047772926768165, "p1": 1.380848743395846, "p2": 14.183032275180846, "p3": 39.233953933043445, "p4": 29.165212205847247, "pol1": -0.6406629596747275, "pol2": -0.3674796690906408, "pol3": 0.6076781866733623, "pol4": 0.27836058443093403, "v0s": 4.516344908475526}, "datetime": {"datetime": "2022-06-25 00:34:51", "elapsed": 3162.96061, "delta": 17.406455}}
{"target": 4.184030310542326, "params": {"Bgrad": 1.013542292503955, "d1": -1.560255325954129, "d2": 0.20288305135602197, "d3": -1.027608351808351, "d4": -1.6395302217586023, "p1": 1.9428566771178195, "p2": 32.10997362623727, "p3": 16.784025217986304, "p4": 11.251858310636509, "pol1": -0.3967138644142518, "pol2": -0.17635945777014284, "pol3": -0.5700590470755769, "pol4": -0.6978338491806055, "v0s": 4.184030310542326}, "datetime": {"datetime": "2022-06-25 00:35:00", "elapsed": 3172.096181, "delta": 9.135571}}
{"target": -1.0, "params": {"Bgrad": 1.7033746240044536, "d1": -1.8194050500935854, "d2": 0.9345581045907503, "d3": -1.6168157108049566, "d4": -1.4626696044853587, "p1": 5.978504597110951, "p2": 11.589430855734067, "p3": 33.348881113315834, "p4": 31.588779019799436, "pol1": 0.7715847505125502, "pol2": -0.3564346242553116, "pol3": 0.6813745155839626, "pol4": 0.7387438059534774, "v0s": 6.2977738983780425}, "datetime": {"datetime": "2022-06-25 00:35:18", "elapsed": 3190.237671, "delta": 18.14149}}
{"target": 4.949298971366725, "params": {"Bgrad": 0.9937189765102394, "d1": -2.4202846342255, "d2": 0.5899774982809358, "d3": -0.7204521362560425, "d4": -2.3516113963670646, "p1": 10.256303903320962, "p2": 12.293012852103258, "p3": 11.354307559530163, "p4": 30.02878545544127, "pol1": 0.28644183677049917, "pol2": 0.3725898293934132, "pol3": -0.17175129429289696, "pol4": 0.5242783178718453, "v0s": 4.949298971366725}, "datetime": {"datetime": "2022-06-25 00:35:28", "elapsed": 3200.061403, "delta": 9.823732}}
{"target": 3.8723552645471186, "params": {"Bgrad": 1.884076801453898, "d1": -1.3671477091504571, "d2": 0.48290486305813385, "d3": -1.1492127464058932, "d4": -2.2041898200742147, "p1": 47.40975566875308, "p2": 44.73713402781723, "p3": 7.151475331631673, "p4": 14.484607229921618, "pol1": 0.33979986966209663, "pol2": 0.6415028447070823, "pol3": -0.4953257748312981, "pol4": 0.002613224678544723, "v0s": 3.8723552645471186}, "datetime": {"datetime": "2022-06-25 00:35:40", "elapsed": 3212.63578, "delta": 12.574377}}
{"target": -1.0, "params": {"Bgrad": 0.5, "d1": 0.12387789577880774, "d2": -0.9166094510113798, "d3": -0.24130169737317658, "d4": -2.4401665190613717, "p1": 3.794097399543781, "p2": 19.44968724136586, "p3": 34.69211828889367, "p4": 5.5813896965133, "pol1": -0.5949985061625028, "pol2": 0.020447179571216983, "pol3": 0.12426369974325412, "pol4": 0.20696456458212056, "v0s": 4.001467456829564}, "datetime": {"datetime": "2022-06-25 00:35:50", "elapsed": 3221.937904, "delta": 9.302124}}
{"target": -1.0, "params": {"Bgrad": 1.1355825129012698, "d1": -1.1154290327429996, "d2": -0.1235554624539903, "d3": -2.5923156879848372, "d4": -2.990838559974371, "p1": 10.190520536263675, "p2": 15.730564080478942, "p3": 7.342068554464282, "p4": 31.10650786805381, "pol1": 0.8566122513293071, "pol2": -0.042808177917623924, "pol3": -0.6755374984296556, "pol4": 0.13986697469791864, "v0s": 5.2617562027316565}, "datetime": {"datetime": "2022-06-25 00:36:04", "elapsed": 3236.495976, "delta": 14.558072}}
{"target": -1.0, "params": {"Bgrad": 0.7336080101431735, "d1": -2.5289326739819242, "d2": -1.570193997050596, "d3": -0.4761419394832447, "d4": -2.8644183423142318, "p1": 4.922050041790415, "p2": 35.71732426636983, "p3": 36.46236445010597, "p4": 33.39604635594155, "pol1": 0.5037346302829417, "pol2": 0.2189642419336113, "pol3": 0.46213226762404513, "pol4": -0.9796732167278543, "v0s": 3.864153068473848}, "datetime": {"datetime": "2022-06-25 00:36:13", "elapsed": 3245.484939, "delta": 8.988963}}
{"target": 4.546196880438524, "params": {"Bgrad": 1.5957977481510701, "d1": -1.8917112083474352, "d2": -2.848739262260397, "d3": -1.4726270420345289, "d4": -2.599862120545041, "p1": 6.946607249855846, "p2": 10.161077056784007, "p3": 33.63913734264801, "p4": 31.121303697397856, "pol1": 0.004590223990853293, "pol2": 0.40146792079592686, "pol3": -0.061629174758835115, "pol4": -0.6954082975354563, "v0s": 4.546196880438524}, "datetime": {"datetime": "2022-06-25 00:36:25", "elapsed": 3257.532723, "delta": 12.047784}}
{"target": 5.051594878832371, "params": {"Bgrad": 1.12910170330673, "d1": -2.7733255182099077, "d2": -1.0467830155105031, "d3": -0.04954972718317201, "d4": -0.3035709141699755, "p1": 32.52310414130597, "p2": 8.054090126558407, "p3": 7.23613157339567, "p4": 26.148853276462486, "pol1": 0.494369641702908, "pol2": -0.570309606874489, "pol3": 0.2543195872919447, "pol4": -0.4965630640170435, "v0s": 5.051594878832371}, "datetime": {"datetime": "2022-06-25 00:36:38", "elapsed": 3269.698193, "delta": 12.16547}}
{"target": 3.106537940064225, "params": {"Bgrad": 1.3257992626761477, "d1": -2.169431212602729, "d2": -1.6347236815771788, "d3": -0.22863560776136582, "d4": -2.243463130121583, "p1": 6.9122634005382375, "p2": 14.868862606219452, "p3": 35.27164287687079, "p4": 31.886095699374334, "pol1": -0.41844471685333984, "pol2": -0.9864038709367913, "pol3": -0.02848734376691442, "pol4": -0.567667531295976, "v0s": 3.106537940064225}, "datetime": {"datetime": "2022-06-25 00:36:47", "elapsed": 3278.905572, "delta": 9.207379}}
{"target": 2.411051325916958, "params": {"Bgrad": 1.1779219780364505, "d1": -1.6709747281089147, "d2": -1.7355757316578244, "d3": -1.82034578641383, "d4": 0.3981069611323038, "p1": 24.856243632268583, "p2": 3.9865038739659373, "p3": 37.3289526198469, "p4": 26.94539573156769, "pol1": 0.35721058742014333, "pol2": -0.38954050678743257, "pol3": -0.4306484554545976, "pol4": 0.452476332945703, "v0s": 2.411051325916958}, "datetime": {"datetime": "2022-06-25 00:36:57", "elapsed": 3289.221986, "delta": 10.316414}}
{"target": 4.089281887362931, "params": {"Bgrad": 0.955414246565327, "d1": -2.388510248794416, "d2": 0.25914187021339163, "d3": -2.972886274061444, "d4": -1.90854274478906, "p1": 2.297373913466, "p2": 15.07252939755831, "p3": 34.188972888146715, "p4": 32.37255301759963, "pol1": -0.9269817581470736, "pol2": -0.0826035365357769, "pol3": -0.854719837192633, "pol4": -0.33887782955816603, "v0s": 4.089281887362931}, "datetime": {"datetime": "2022-06-25 00:37:09", "elapsed": 3301.470234, "delta": 12.248248}}
{"target": 2.442341276103903, "params": {"Bgrad": 1.6632125179000843, "d1": -2.8836945321719023, "d2": -1.8470249074716638, "d3": -0.6188355316611127, "d4": -0.18164433494357413, "p1": 2.4097538641691396, "p2": 13.167418136284265, "p3": 36.78874110295015, "p4": 27.152780866024763, "pol1": -0.5696431013083831, "pol2": 0.616391903621269, "pol3": -0.06632492274748669, "pol4": -0.3236031056716355, "v0s": 2.442341276103903}, "datetime": {"datetime": "2022-06-25 00:37:17", "elapsed": 3309.288329, "delta": 7.818095}}
{"target": -1.0, "params": {"Bgrad": 0.5463074887172539, "d1": 0.02518513912410736, "d2": 0.5184765133614757, "d3": -0.7933711938399601, "d4": 0.8235568718730142, "p1": 4.932074708534112, "p2": 13.066556354532977, "p3": 34.05040826001765, "p4": 32.53747575331693, "pol1": -0.2520757797165618, "pol2": 0.5310732373800608, "pol3": -0.38342764187931255, "pol4": -0.7986079514002558, "v0s": 3.557353909568317}, "datetime": {"datetime": "2022-06-25 00:37:26", "elapsed": 3318.396972, "delta": 9.108643}}
{"target": 3.400298241866283, "params": {"Bgrad": 1.6308941092363174, "d1": -1.3166403340814394, "d2": -0.7975400060647244, "d3": -2.406359384566991, "d4": -2.3804826779500763, "p1": 0.6552798523994097, "p2": 9.731381138785117, "p3": 34.53292784767793, "p4": 25.341528693758825, "pol1": 0.04720040225715305, "pol2": -0.23574906368087145, "pol3": -0.8158939648885633, "pol4": 0.7131335423482326, "v0s": 3.400298241866283}, "datetime": {"datetime": "2022-06-25 00:37:34", "elapsed": 3326.517259, "delta": 8.120287}}
{"target": -1.0, "params": {"Bgrad": 0.9906931026265424, "d1": -1.1027623902981993, "d2": -0.6376836933659678, "d3": 0.23943146601625198, "d4": -0.9155164419909103, "p1": 6.851431497268795, "p2": 37.43560275948893, "p3": 36.0173195545327, "p4": 36.1866190958384, "pol1": -0.9654360659883849, "pol2": 0.3976966479775603, "pol3": 0.5372356110396359, "pol4": -0.5342329684387319, "v0s": 4.7097863699032505}, "datetime": {"datetime": "2022-06-25 00:37:48", "elapsed": 3339.707987, "delta": 13.190728}}
{"target": 5.568789868580934, "params": {"Bgrad": 1.8393935518791429, "d1": -1.7152531350553764, "d2": 0.5245514832618268, "d3": -0.26150229611901343, "d4": -2.103810283488462, "p1": 7.515597268656843, "p2": 11.297401714651912, "p3": 34.75578313632562, "p4": 24.97545672208299, "pol1": -0.1487541793164333, "pol2": -0.7208233352085649, "pol3": 0.07229200524137802, "pol4": -0.47994829992182453, "v0s": 5.568789868580934}, "datetime": {"datetime": "2022-06-25 00:38:02", "elapsed": 3354.443583, "delta": 14.735596}}
{"target": 3.332781206670199, "params": {"Bgrad": 1.3519325984075259, "d1": -2.4685962766398672, "d2": -1.3684583908314574, "d3": -0.2492581546149224, "d4": -1.1460609639830532, "p1": 2.780576717582861, "p2": 12.610954084946908, "p3": 34.59228950816379, "p4": 34.193186819864536, "pol1": -0.9614846790715981, "pol2": -0.7205319296700317, "pol3": -0.3746490168969956, "pol4": -0.49810734022460545, "v0s": 3.332781206670199}, "datetime": {"datetime": "2022-06-25 00:38:13", "elapsed": 3365.576813, "delta": 11.13323}}
{"target": -1.0, "params": {"Bgrad": 1.6781820739073452, "d1": -2.7972303770141544, "d2": -1.3109698004735832, "d3": 0.14438955045582283, "d4": -1.5649924993303361, "p1": 3.881313939718343, "p2": 12.849705784137294, "p3": 38.87614560586715, "p4": 30.742692929167966, "pol1": 0.7555889617718445, "pol2": -0.6437617494377696, "pol3": 0.4747483565400351, "pol4": -0.5335363747402019, "v0s": 5.215548911488035}, "datetime": {"datetime": "2022-06-25 00:39:35", "elapsed": 3446.870433, "delta": 81.29362}}
{"target": 3.7477430379150007, "params": {"Bgrad": 0.7547020261353637, "d1": -1.7775552029644257, "d2": 0.9768997826960559, "d3": -0.32380749583759094, "d4": -2.6387486568387777, "p1": 9.552280501837012, "p2": 12.82413247279241, "p3": 11.02189994540268, "p4": 28.31049991901236, "pol1": 0.551300206839973, "pol2": -0.7893730940917281, "pol3": 0.35814369026378157, "pol4": 0.6498675062354744, "v0s": 3.7477430379150007}, "datetime": {"datetime": "2022-06-25 00:39:41", "elapsed": 3453.6144, "delta": 6.743967}}
{"target": -1.0, "params": {"Bgrad": 1.0230183547724703, "d1": -0.4473520764691177, "d2": 0.3914294728083765, "d3": -1.6370298559435161, "d4": 0.5783310091701908, "p1": 2.281423979126557, "p2": 10.777869004028624, "p3": 33.2381390680627, "p4": 31.635950816566304, "pol1": -0.27969999180233995, "pol2": -0.6159157312303785, "pol3": -0.3279775592669676, "pol4": 0.4966816869111379, "v0s": 3.990561502804016}, "datetime": {"datetime": "2022-06-25 00:40:29", "elapsed": 3501.629009, "delta": 48.014609}}
{"target": -1.0, "params": {"Bgrad": 0.9883556662144832, "d1": -1.4541684263339993, "d2": -0.9747619766822795, "d3": 0.6734537472444515, "d4": -1.6875339360478843, "p1": 5.5932023931281165, "p2": 9.524651633201975, "p3": 34.85799367342281, "p4": 31.613063113286294, "pol1": -0.7459436673764244, "pol2": 0.09294017492131434, "pol3": -0.2823068268450535, "pol4": -0.42156641933730965, "v0s": 5.518753991183329}, "datetime": {"datetime": "2022-06-25 00:40:45", "elapsed": 3517.640194, "delta": 16.011185}}
{"target": -1.0, "params": {"Bgrad": 0.6953164552760824, "d1": -0.07746171635080756, "d2": 0.4911860892586981, "d3": -2.2318754340420766, "d4": -2.3297900898489137, "p1": 4.862316079851886, "p2": 15.964115969606052, "p3": 38.118442483898754, "p4": 32.0349795096734, "pol1": 0.7082401391438957, "pol2": -0.8669848335637069, "pol3": -0.4313405195170845, "pol4": -0.6315854174851794, "v0s": 5.437344978739675}, "datetime": {"datetime": "2022-06-25 00:40:55", "elapsed": 3526.851563, "delta": 9.211369}}
{"target": 2.1905532214631003, "params": {"Bgrad": 0.5445327095341338, "d1": -1.7460584345212475, "d2": -0.6016690215862591, "d3": 0.22293375785890923, "d4": -1.3196356530205184, "p1": 28.455118506427294, "p2": 8.408357885934238, "p3": 10.320300349669461, "p4": 38.98374392158932, "pol1": -0.49758751993911365, "pol2": 0.3132151904267184, "pol3": 0.4495485007357263, "pol4": -0.6883319214991405, "v0s": 2.1905532214631003}, "datetime": {"datetime": "2022-06-25 00:41:04", "elapsed": 3535.887402, "delta": 9.035839}}
{"target": -1.0, "params": {"Bgrad": 0.989113695152644, "d1": -0.32198496093107076, "d2": -0.07205610309541655, "d3": -2.4969127544471297, "d4": -1.9140414896078424, "p1": 3.6845534518563703, "p2": 13.311227497389744, "p3": 37.886210513077586, "p4": 30.08335781321555, "pol1": -0.10330270990225121, "pol2": -0.5191049992962871, "pol3": 0.6461656797428756, "pol4": -0.34095673930659265, "v0s": 2.3411582729427063}, "datetime": {"datetime": "2022-06-25 00:41:12", "elapsed": 3544.359746, "delta": 8.472344}}
{"target": -1.0, "params": {"Bgrad": 1.6386739603092546, "d1": -1.0617344328738811, "d2": 0.8295812300815886, "d3": 0.34822608575589076, "d4": -2.9841851442215903, "p1": 5.9184416383394005, "p2": 9.360013179339216, "p3": 32.286519892965245, "p4": 28.99134948670469, "pol1": -0.08777539847998495, "pol2": -0.370798229853992, "pol3": 0.3883658195926005, "pol4": -0.8149474276637965, "v0s": 5.549338927178939}, "datetime": {"datetime": "2022-06-25 00:41:28", "elapsed": 3560.62226, "delta": 16.262514}}
{"target": 4.589916391098125, "params": {"Bgrad": 1.0532324260633232, "d1": -1.3590846555600242, "d2": 0.9353629988949299, "d3": -2.2808488694078024, "d4": -1.0960487748335987, "p1": 45.95909373935813, "p2": 17.13215808966286, "p3": 26.919406330022117, "p4": 12.01235405856244, "pol1": 0.6766881101885192, "pol2": -0.7854487040274931, "pol3": 0.004455357903217827, "pol4": -0.014932720731526183, "v0s": 4.589916391098125}, "datetime": {"datetime": "2022-06-25 00:41:39", "elapsed": 3571.24685, "delta": 10.62459}}
{"target": -1.0, "params": {"Bgrad": 1.1445582362383813, "d1": -2.442751047993326, "d2": 0.5713431487474092, "d3": -1.8534249632361663, "d4": -1.8065115840667816, "p1": 8.75359885620815, "p2": 36.84318749203185, "p3": 35.862044517492954, "p4": 33.51616429795218, "pol1": 0.05802312131426701, "pol2": 0.23801756606407798, "pol3": 0.5762440102400606, "pol4": -0.6343693304906117, "v0s": 5.7411408316345796}, "datetime": {"datetime": "2022-06-25 00:41:53", "elapsed": 3585.233449, "delta": 13.986599}}
{"target": 3.10739744122721, "params": {"Bgrad": 1.505863885572814, "d1": -2.4785132961282383, "d2": -1.5736726366612848, "d3": -0.8577964650005065, "d4": 0.5648933940669245, "p1": 5.457016928367659, "p2": 12.732226061855911, "p3": 36.45988203035589, "p4": 27.71068750852834, "pol1": -0.5668638320021462, "pol2": -0.4585714203290445, "pol3": 0.17204774171766113, "pol4": 0.31779009407961545, "v0s": 3.10739744122721}, "datetime": {"datetime": "2022-06-25 00:42:01", "elapsed": 3593.319826, "delta": 8.086377}}
{"target": -1.0, "params": {"Bgrad": 1.8273527071120097, "d1": 0.9286562733414061, "d2": -1.0182184948756587, "d3": -2.339299529400798, "d4": 0.9882936206865671, "p1": 31.25141869481134, "p2": 25.60942822808076, "p3": 7.993170646040126, "p4": 45.021148322105546, "pol1": -0.4100049498577545, "pol2": 0.9498445866100902, "pol3": 0.3117220744589553, "pol4": -0.7200131600609216, "v0s": 3.3076995155850675}, "datetime": {"datetime": "2022-06-25 00:42:17", "elapsed": 3608.814394, "delta": 15.494568}}
{"target": 2.024846969944714, "params": {"Bgrad": 1.1479109116101138, "d1": -1.484985240225706, "d2": 0.7257464908758924, "d3": -2.9548428200583237, "d4": -2.7407676133995693, "p1": 4.172592781049012, "p2": 12.126335478684519, "p3": 32.93343272291258, "p4": 27.243061752299212, "pol1": 0.050318533433505674, "pol2": -0.11473080074023345, "pol3": 0.5434233917496314, "pol4": 0.0632720041545296, "v0s": 2.024846969944714}, "datetime": {"datetime": "2022-06-25 00:42:27", "elapsed": 3619.025091, "delta": 10.210697}}
{"target": -1.0, "params": {"Bgrad": 0.6538372501950735, "d1": -0.7312058930924996, "d2": 0.4949855287331766, "d3": -0.05665376724878213, "d4": -1.0708816318794545, "p1": 7.248406145398468, "p2": 12.130509666052152, "p3": 36.197391880634065, "p4": 25.479075253133836, "pol1": -0.9528323440890403, "pol2": -0.9868889604631534, "pol3": -0.3669289574377488, "pol4": 0.8628933461765969, "v0s": 4.883620206980268}, "datetime": {"datetime": "2022-06-25 00:42:37", "elapsed": 3629.554934, "delta": 10.529843}}
{"target": -1.0, "params": {"Bgrad": 1.6372387165174682, "d1": -2.314291152097543, "d2": -0.09903192071540119, "d3": -1.8633169713141846, "d4": -0.8064637903945973, "p1": 7.305366730137349, "p2": 36.04025698385414, "p3": 34.816066028502625, "p4": 34.93061520554576, "pol1": -0.3862440142585192, "pol2": 0.5632061378516651, "pol3": -0.08809050901149096, "pol4": 0.24409945561080962, "v0s": 3.764227946419072}, "datetime": {"datetime": "2022-06-25 00:42:50", "elapsed": 3642.174189, "delta": 12.619255}}
{"target": 2.8557147270859247, "params": {"Bgrad": 1.091634698535699, "d1": -0.4877320071760818, "d2": 0.45225475400179915, "d3": -1.9662763313136566, "d4": -0.06900929958006152, "p1": 10.534332731592455, "p2": 6.82989893046988, "p3": 34.59080474725852, "p4": 27.002803377784286, "pol1": 0.3443550101930415, "pol2": -0.47254174166422014, "pol3": 0.23446250222442178, "pol4": -0.5535875467334741, "v0s": 2.8557147270859247}, "datetime": {"datetime": "2022-06-25 00:42:58", "elapsed": 3650.230646, "delta": 8.056457}}
{"target": 4.49255250532212, "params": {"Bgrad": 0.8674083209311576, "d1": -2.2914529948646707, "d2": 0.4486640198352434, "d3": -0.9289213102143524, "d4": -2.1709624251764383, "p1": 10.34221000924946, "p2": 12.972281214287879, "p3": 11.079256341270787, "p4": 29.429633084333396, "pol1": 0.23624250504956976, "pol2": -0.3482806978437218, "pol3": -0.132694462169166, "pol4": 0.5002463115936582, "v0s": 4.49255250532212}, "datetime": {"datetime": "2022-06-25 00:43:06", "elapsed": 3658.215296, "delta": 7.98465}}
{"target": 3.2954052052299496, "params": {"Bgrad": 0.7187743692691881, "d1": -0.5069247784270114, "d2": 0.5858218897412719, "d3": -2.9808754161140385, "d4": -1.467576876497942, "p1": 46.46615870234974, "p2": 17.81744809922404, "p3": 25.416463984090935, "p4": 12.180312351371708, "pol1": 0.2703351828317695, "pol2": 0.6641856260554997, "pol3": 0.9510409925959729, "pol4": 0.048326370620003, "v0s": 3.2954052052299496}, "datetime": {"datetime": "2022-06-25 00:43:17", "elapsed": 3668.972531, "delta": 10.757235}}
{"target": 3.1070149741783966, "params": {"Bgrad": 1.0849155464263223, "d1": -2.138734787853583, "d2": -0.5897440328292587, "d3": -0.059810484299731397, "d4": -1.7069226695060327, "p1": 28.838403602335525, "p2": 8.021557564138613, "p3": 10.919234673190298, "p4": 38.29994241912373, "pol1": -0.2909787029595856, "pol2": -0.20890823070886724, "pol3": -0.018929957238240102, "pol4": -0.8339580383121296, "v0s": 3.1070149741783966}, "datetime": {"datetime": "2022-06-25 00:43:26", "elapsed": 3678.597792, "delta": 9.625261}}
{"target": -1.0, "params": {"Bgrad": 0.9195177820028078, "d1": -1.0123118985090267, "d2": -1.7179734295701703, "d3": -1.7910005350126128, "d4": 0.08144608859580504, "p1": 12.727556243804933, "p2": 3.62921619500613, "p3": 29.56157501917137, "p4": 22.599872975584145, "pol1": -0.1968850217251641, "pol2": 0.6939923369591028, "pol3": 0.2321081252862196, "pol4": 0.16635898704963248, "v0s": 4.977348638123782}, "datetime": {"datetime": "2022-06-25 00:43:42", "elapsed": 3694.264899, "delta": 15.667107}}
{"target": 2.7038828072815515, "params": {"Bgrad": 1.2011665747869278, "d1": -2.778809533184644, "d2": -0.06408985979749637, "d3": -0.5173718960683531, "d4": -2.8722725666052775, "p1": 1.5922770390022989, "p2": 33.45132268039219, "p3": 16.711364631973623, "p4": 12.805604143511134, "pol1": 0.47813068757578625, "pol2": -0.4167081870018521, "pol3": 0.22656540264173408, "pol4": 0.9231953413427809, "v0s": 2.7038828072815515}, "datetime": {"datetime": "2022-06-25 00:43:52", "elapsed": 3703.705654, "delta": 9.440755}}
{"target": -1.0, "params": {"Bgrad": 1.1692822485267214, "d1": -2.6815135288693477, "d2": -0.8583248331636439, "d3": -1.7190386257713777, "d4": -2.888590577915832, "p1": 3.7891701762790664, "p2": 11.919531969983844, "p3": 35.200885317952434, "p4": 27.18765352623095, "pol1": -0.7972793217479552, "pol2": -0.4856285204834443, "pol3": -0.2968495255331116, "pol4": -0.5227104489244161, "v0s": 4.897748897307803}, "datetime": {"datetime": "2022-06-25 00:44:11", "elapsed": 3723.326189, "delta": 19.620535}}
{"target": -1.0, "params": {"Bgrad": 1.0790677281550454, "d1": -2.0858736781845058, "d2": -0.9470243444264574, "d3": -2.767074091618939, "d4": -1.1752606621219166, "p1": 10.537719826280046, "p2": 15.81521303444346, "p3": 7.836178419048878, "p4": 31.809336077000793, "pol1": -0.6013579774674871, "pol2": -0.7561800714576745, "pol3": 0.32567116414423514, "pol4": 0.27285448913946975, "v0s": 2.9405874158399588}, "datetime": {"datetime": "2022-06-25 00:44:26", "elapsed": 3737.829407, "delta": 14.503218}}
