{"target": -1.0, "params": {"Bgrad": 0.9043241776554002, "d1": -1.1713452135112314, "d2": 0.8524519677057598, "d3": -1.9790609016459488, "d4": -0.5421531194278064, "p1": 29.947867182465405, "p2": 13.784827665944572, "p3": 31.867013123100744, "p4": 26.73960742397763, "pol1": 0.7677919969240686, "pol2": -0.23344767142495906, "pol3": -1.0, "pol4": 0.9888186399859575, "v0s": 5.309015487493214}, "datetime": {"datetime": "2022-05-18 00:07:38", "elapsed": 102273.40079, "delta": 73.425614}}
{"target": 3.7820901041862935, "params": {"Bgrad": 0.6333620297951283, "d1": -2.569443494576007, "d2": -0.4167134341948917, "d3": -1.7737319877976705, "d4": -1.7926698045436766, "p1": 8.65475595784777, "p2": 38.21774159664838, "p3": 33.81877815640933, "p4": 38.33414249574682, "pol1": -0.7503607246617368, "pol2": -0.9857016197925699, "pol3": -0.36185035654473574, "pol4": -0.45171357157132963, "v0s": 3.7820901041862935}, "datetime": {"datetime": "2022-05-18 00:08:13", "elapsed": 102308.837011, "delta": 35.436221}}
{"target": 5.303915127378921, "params": {"Bgrad": 0.6510864457485307, "d1": -2.3683005704372326, "d2": 0.44549645332389554, "d3": -0.620164355838086, "d4": -2.3593127618760357, "p1": 6.123783597924029, "p2": 35.038212192548215, "p3": 39.10239441513099, "p4": 29.924479811223495, "pol1": 0.4088536905489726, "pol2": -0.3674630624058903, "pol3": -0.18924357861806032, "pol4": -0.5453274996536417, "v0s": 5.303915127378921}, "datetime": {"datetime": "2022-05-18 00:09:16", "elapsed": 102371.771686, "delta": 62.934675}}
{"target": 5.306158048335699, "params": {"Bgrad": 1.9682848832516855, "d1": -2.9088453471123517, "d2": 0.7474047878951806, "d3": -2.917357893045276, "d4": -1.0574555725570693, "p1": 30.30362354089668, "p2": 3.9819865176778824, "p3": 39.36504788773599, "p4": 26.325828513231386, "pol1": 0.6268654333372976, "pol2": -0.5616174082169298, "pol3": 0.013979783175007254, "pol4": 0.4757435191142616, "v0s": 5.306158048335699}, "datetime": {"datetime": "2022-05-18 00:10:39", "elapsed": 102454.642038, "delta": 82.870352}}
{"target": 3.7967640344686004, "params": {"Bgrad": 1.4672050808407104, "d1": -2.900571448083692, "d2": -0.6905114834614812, "d3": -0.32893186423347953, "d4": -2.7419542739587857, "p1": 1.1397228847240173, "p2": 3.7299376495765983, "p3": 41.66348892195032, "p4": 24.13745466190378, "pol1": 1.0, "pol2": -0.42276844880085057, "pol3": -0.8881960973707212, "pol4": -0.014589887698396198, "v0s": 3.7967640344686004}, "datetime": {"datetime": "2022-05-18 00:11:24", "elapsed": 102499.903979, "delta": 45.261941}}
{"target": 5.145221287044199, "params": {"Bgrad": 1.7655504500188446, "d1": -0.8925910500292664, "d2": 0.25921224478036153, "d3": -2.926511018890071, "d4": -1.798102420335404, "p1": 5.781449873006999, "p2": 29.08825845906613, "p3": 39.848828540453454, "p4": 31.145919000519072, "pol1": -0.6027379052410335, "pol2": -0.20346156196407117, "pol3": -0.48639725678263046, "pol4": -0.7961361823983768, "v0s": 5.145221287044199}, "datetime": {"datetime": "2022-05-18 00:11:59", "elapsed": 102534.944259, "delta": 35.04028}}
{"target": 3.151535876283771, "params": {"Bgrad": 1.423571365518873, "d1": -2.7115293441581514, "d2": -0.18532748600730953, "d3": -0.2957181699301512, "d4": -2.6914759720135297, "p1": 26.194032932445616, "p2": 7.60372515228121, "p3": 33.75722076464893, "p4": 27.574330078016494, "pol1": 0.18105254112285918, "pol2": 0.628476922073216, "pol3": 0.04548629599645859, "pol4": 0.46409102641687006, "v0s": 3.151535876283771}, "datetime": {"datetime": "2022-05-18 00:12:53", "elapsed": 102588.354407, "delta": 53.410148}}
{"target": 3.7365251580124292, "params": {"Bgrad": 1.8813064558870995, "d1": -2.2821684379872798, "d2": -0.7143107072129817, "d3": -2.4271257466673677, "d4": 0.02390671781731557, "p1": 6.213566143288796, "p2": 28.349842609017273, "p3": 40.08828897374844, "p4": 30.335024978141007, "pol1": -0.8990969089372738, "pol2": 0.10092267852192283, "pol3": 0.2275454712326681, "pol4": -0.28250018516545605, "v0s": 3.7365251580124292}, "datetime": {"datetime": "2022-05-18 00:13:46", "elapsed": 102641.566086, "delta": 53.211679}}
{"target": 3.9897742649879273, "params": {"Bgrad": 2.0, "d1": -1.3637770591511094, "d2": 0.6878842244604987, "d3": -1.395148784596668, "d4": -1.5025063689131073, "p1": 9.573744183849186, "p2": 24.509133172606177, "p3": 44.9270308028625, "p4": 22.31288288517268, "pol1": 0.8945705249641167, "pol2": -0.30371021639307166, "pol3": -0.7032178163650141, "pol4": 0.14566343313624766, "v0s": 3.9897742649879273}, "datetime": {"datetime": "2022-05-18 00:14:23", "elapsed": 102678.957079, "delta": 37.390993}}
{"target": 5.5437461567835244, "params": {"Bgrad": 0.5, "d1": -2.683928533630505, "d2": -0.010118698813756028, "d3": -0.8234729167051313, "d4": -3.0, "p1": 2.1138296301802626, "p2": 14.12698452173433, "p3": 37.5909750645368, "p4": 47.79240198588648, "pol1": 0.9924368221823755, "pol2": -0.7887903544514075, "pol3": -0.4347783169473148, "pol4": -0.22082840781392532, "v0s": 5.5437461567835244}, "datetime": {"datetime": "2022-05-18 00:15:03", "elapsed": 102719.001974, "delta": 40.044895}}
{"target": 2.591496586465616, "params": {"Bgrad": 1.914164733778983, "d1": -2.8570348128775254, "d2": 0.44978469752834416, "d3": -1.711008723598805, "d4": -1.0314460265733318, "p1": 8.369938155340318, "p2": 34.151271039199976, "p3": 39.10032215153094, "p4": 29.665355611375382, "pol1": -0.9018598193689342, "pol2": -0.37470013192464435, "pol3": 0.38671737643726756, "pol4": 0.02913188064512373, "v0s": 2.591496586465616}, "datetime": {"datetime": "2022-05-18 00:16:31", "elapsed": 102806.972685, "delta": 87.970711}}
{"target": 4.469726196752556, "params": {"Bgrad": 0.8924653491371185, "d1": -2.5312734949824023, "d2": -0.035356647667336795, "d3": -2.854801826045719, "d4": -2.5207827659135957, "p1": 34.49937497603138, "p2": 5.563937543884204, "p3": 39.314372122369676, "p4": 31.81956427547302, "pol1": 0.3241094648656112, "pol2": -0.2993148422388714, "pol3": 0.1784978054274851, "pol4": 0.41365336943475933, "v0s": 4.469726196752556}, "datetime": {"datetime": "2022-05-18 00:17:06", "elapsed": 102841.890294, "delta": 34.917609}}
{"target": 3.9189333410720915, "params": {"Bgrad": 1.1191148981080379, "d1": -1.674804371247835, "d2": -0.1093775460074955, "d3": -2.810215196038557, "d4": -2.394204472606462, "p1": 7.729775033231245, "p2": 33.833229000197974, "p3": 38.89861008791855, "p4": 31.24157262377503, "pol1": -0.23386487994141625, "pol2": -0.8075436579280764, "pol3": -0.263275898467471, "pol4": -0.5098688690363125, "v0s": 3.9189333410720915}, "datetime": {"datetime": "2022-05-18 00:17:54", "elapsed": 102889.284532, "delta": 47.394238}}
{"target": 5.515208526932113, "params": {"Bgrad": 0.5353790920788768, "d1": -2.8816830780500418, "d2": 0.37684776255104335, "d3": -1.1316286282260148, "d4": -1.7401087407124263, "p1": 9.702890290131256, "p2": 34.5590366481022, "p3": 36.495108460728304, "p4": 36.662979607564765, "pol1": -0.03128388351212008, "pol2": 0.0811551277695235, "pol3": 0.6835028395834957, "pol4": -0.534332728371939, "v0s": 5.515208526932113}, "datetime": {"datetime": "2022-05-18 00:18:51", "elapsed": 102946.725898, "delta": 57.441366}}
{"target": 4.1457374514560215, "params": {"Bgrad": 1.5358175223267794, "d1": -0.5619203427219333, "d2": 0.8920489348213914, "d3": -2.8675585385305826, "d4": -1.1431297058578296, "p1": 44.10571589463331, "p2": 15.590522624208308, "p3": 25.22051907355151, "p4": 10.121851962815198, "pol1": -0.7330051658644716, "pol2": -0.454003474903794, "pol3": -0.9247011143293542, "pol4": -0.6269518001830012, "v0s": 4.1457374514560215}, "datetime": {"datetime": "2022-05-18 00:19:29", "elapsed": 102984.36024, "delta": 37.634342}}
{"target": 3.8735908179222998, "params": {"Bgrad": 0.7984887556819967, "d1": -2.0259813507776414, "d2": -2.2445343352104272, "d3": -2.804112414374268, "d4": 0.07646507758868237, "p1": 1.230144223905072, "p2": 36.28329644479767, "p3": 39.09778821595673, "p4": 27.461887223120645, "pol1": 0.7060024822724056, "pol2": 0.05099591085129984, "pol3": -0.850791332451539, "pol4": 0.19571751487529454, "v0s": 3.8735908179222998}, "datetime": {"datetime": "2022-05-18 00:20:07", "elapsed": 103022.640854, "delta": 38.280614}}
{"target": -1.0, "params": {"Bgrad": 2.0, "d1": -1.7007807270668542, "d2": 0.057977966839002464, "d3": -1.225859912575818, "d4": -0.585906672599967, "p1": 28.464843331979555, "p2": 40.3429844467072, "p3": 29.65738659547975, "p4": 20.919057740892747, "pol1": -0.48556184624128573, "pol2": -0.5593904367338687, "pol3": 0.40190307991154156, "pol4": -1.0, "v0s": 5.578032722821426}, "datetime": {"datetime": "2022-05-18 00:21:10", "elapsed": 103086.065218, "delta": 63.424364}}
{"target": 4.724531439657061, "params": {"Bgrad": 0.5, "d1": -2.033976238329084, "d2": 1.0, "d3": -1.4965876658116004, "d4": -2.7943005847148235, "p1": 43.77866900152736, "p2": 20.275793792308907, "p3": 25.383699511695202, "p4": 12.41992794206715, "pol1": 1.0, "pol2": -0.4772460040352007, "pol3": -0.40439304102003104, "pol4": -0.46557927185007686, "v0s": 4.724531439657061}, "datetime": {"datetime": "2022-05-18 00:22:07", "elapsed": 103142.42348, "delta": 56.358262}}
{"target": 4.5323096170510295, "params": {"Bgrad": 1.324284775215817, "d1": -2.770185816806324, "d2": 0.7265095588365752, "d3": -1.7006743484461422, "d4": -3.0, "p1": 27.164143887429443, "p2": 9.209002516553541, "p3": 35.9000697956741, "p4": 29.250434164109066, "pol1": -0.3195451861604647, "pol2": -0.3233701159980172, "pol3": 0.20026256880208113, "pol4": 0.3133190301700629, "v0s": 4.5323096170510295}, "datetime": {"datetime": "2022-05-18 00:22:43", "elapsed": 103178.915877, "delta": 36.492397}}
{"target": 3.1702578626269475, "params": {"Bgrad": 1.2074543855124027, "d1": -1.2501747500149163, "d2": 0.6842642066036295, "d3": -1.9214577799257615, "d4": -2.1165692379557446, "p1": 32.7279380595915, "p2": 6.367374914976093, "p3": 39.01666621383736, "p4": 21.8392145983795, "pol1": 0.6596115305757002, "pol2": -0.2157777341863032, "pol3": -0.5868947261992772, "pol4": 0.05014421925702872, "v0s": 3.1702578626269475}, "datetime": {"datetime": "2022-05-18 00:23:18", "elapsed": 103213.663939, "delta": 34.748062}}
{"target": -1.0, "params": {"Bgrad": 0.6078761049200276, "d1": -2.678536309557687, "d2": -1.0565620864495493, "d3": -2.3446981554660473, "d4": -1.214642107095984, "p1": 1.2514637546901575, "p2": 30.49916479750602, "p3": 29.72934789274052, "p4": 42.78903725990438, "pol1": 0.7262257990797742, "pol2": -0.025152639505221286, "pol3": -0.863446340050164, "pol4": -0.9823539418786975, "v0s": 4.495405789615866}, "datetime": {"datetime": "2022-05-18 00:24:08", "elapsed": 103264.103033, "delta": 50.439094}}
{"target": 4.572761382099424, "params": {"Bgrad": 1.0077172965887355, "d1": -2.9130998092673863, "d2": 0.30301072204709456, "d3": -2.9346117942324486, "d4": -0.7302402475759653, "p1": 4.724605842848178, "p2": 38.29004678574979, "p3": 30.22188647736035, "p4": 46.99886896588711, "pol1": -0.5764828705239997, "pol2": -0.11222253013395478, "pol3": -0.25482747628950264, "pol4": 0.9050763534898649, "v0s": 4.572761382099424}, "datetime": {"datetime": "2022-05-18 00:24:44", "elapsed": 103299.367713, "delta": 35.26468}}
{"target": 4.999402505117446, "params": {"Bgrad": 1.319745780729243, "d1": -2.3183886644274065, "d2": 0.3273583117404537, "d3": -2.2529869075223674, "d4": -0.7309025698158629, "p1": 5.048988880994027, "p2": 34.15560639758652, "p3": 38.47756298696807, "p4": 29.469743241753786, "pol1": -0.2076675306320559, "pol2": -0.9548487439191717, "pol3": -0.9362735208862951, "pol4": -0.9369598214602781, "v0s": 4.999402505117446}, "datetime": {"datetime": "2022-05-18 00:25:21", "elapsed": 103336.951192, "delta": 37.583479}}
{"target": 5.093374614366051, "params": {"Bgrad": 2.0, "d1": -3.0, "d2": 0.4516863618787688, "d3": -1.7865995071804792, "d4": -2.78500027570337, "p1": 30.590535330487107, "p2": 13.923318700499165, "p3": 40.258255587655505, "p4": 25.012503811109745, "pol1": 1.0, "pol2": 1.0, "pol3": -0.6878147360086957, "pol4": 1.0, "v0s": 5.093374614366051}, "datetime": {"datetime": "2022-05-18 00:26:01", "elapsed": 103376.654999, "delta": 39.703807}}
{"target": 3.863729890154464, "params": {"Bgrad": 1.5292988519285395, "d1": -1.15801855295613, "d2": 0.8981947811298183, "d3": -0.3833460292333162, "d4": -1.543476380845771, "p1": 3.9249048450450963, "p2": 31.06499694466419, "p3": 35.761188588769386, "p4": 27.699668749589616, "pol1": -0.21685591705379692, "pol2": 0.4215848006302019, "pol3": -0.8168569158626582, "pol4": -0.7542393168991344, "v0s": 3.863729890154464}, "datetime": {"datetime": "2022-05-18 00:26:53", "elapsed": 103428.684839, "delta": 52.02984}}
{"target": 3.8760480170332934, "params": {"Bgrad": 1.3923879703173712, "d1": -1.6981883534876094, "d2": 0.666186025649992, "d3": -0.31218760887078845, "d4": -0.19802294265930426, "p1": 27.648211155689495, "p2": 41.546031670550576, "p3": 29.00647267753297, "p4": 20.376715021684184, "pol1": -0.6454543707795732, "pol2": -0.16726769430990238, "pol3": 0.6674191549386128, "pol4": -1.0, "v0s": 3.8760480170332934}, "datetime": {"datetime": "2022-05-18 00:27:50", "elapsed": 103485.770156, "delta": 57.085317}}
{"target": 4.748214320120379, "params": {"Bgrad": 2.0, "d1": -1.5531903191353813, "d2": 1.0, "d3": -2.7330474137803873, "d4": -1.4356680089336995, "p1": 29.707568423624505, "p2": 29.31047764614562, "p3": 6.451888001520821, "p4": 45.00465598240416, "pol1": 1.0, "pol2": -1.0, "pol3": 0.2289137989973887, "pol4": 0.5447270527134223, "v0s": 4.748214320120379}, "datetime": {"datetime": "2022-05-18 00:28:27", "elapsed": 103522.804105, "delta": 37.033949}}
{"target": -1.0, "params": {"Bgrad": 0.7631301432602213, "d1": 0.15708651883638458, "d2": 0.26470007723815314, "d3": -0.858068897370944, "d4": -1.585012456916242, "p1": 24.762912501858093, "p2": 6.650709285057105, "p3": 32.58737077686506, "p4": 28.67951747454212, "pol1": 0.3117662712559979, "pol2": -0.9308039787728473, "pol3": 0.7708503573684438, "pol4": 0.769226578360485, "v0s": 3.0979244818402627}, "datetime": {"datetime": "2022-05-18 00:29:20", "elapsed": 103575.40741, "delta": 52.603305}}
{"target": -1.0, "params": {"Bgrad": 1.4906167388494047, "d1": -2.9859855931413257, "d2": 0.1349294632949687, "d3": 0.0990490271265787, "d4": -2.7725432739600655, "p1": 30.435814895830195, "p2": 7.050679855421854, "p3": 13.692782932906422, "p4": 28.259945953929183, "pol1": 0.24122348450044506, "pol2": -0.25315123232816483, "pol3": -0.9558958533958923, "pol4": -0.29927116124124, "v0s": 4.467527379953551}, "datetime": {"datetime": "2022-05-18 00:30:05", "elapsed": 103620.945616, "delta": 45.538206}}
{"target": 4.869007692809037, "params": {"Bgrad": 0.9108362865755645, "d1": -1.8357686614082325, "d2": 0.5008993684169487, "d3": -0.7583167252870079, "d4": -2.319333280163028, "p1": 0.0, "p2": 32.008374662818845, "p3": 17.24118404341441, "p4": 11.945471415243778, "pol1": -1.0, "pol2": 0.3591254521193595, "pol3": -0.5454275228847822, "pol4": 1.0, "v0s": 4.869007692809037}, "datetime": {"datetime": "2022-05-18 00:30:43", "elapsed": 103658.25283, "delta": 37.307214}}
{"target": 4.016404431607478, "params": {"Bgrad": 0.5383673906914855, "d1": -2.130554323857419, "d2": 0.1940305010161154, "d3": -2.379152631284389, "d4": -2.7054407310785993, "p1": 28.76986686117933, "p2": 10.438298477624093, "p3": 14.088444338624468, "p4": 26.603740341545514, "pol1": 0.30848708070879766, "pol2": 0.15551576260067948, "pol3": -1.0, "pol4": 0.4293504023239468, "v0s": 4.016404431607478}, "datetime": {"datetime": "2022-05-18 00:31:19", "elapsed": 103694.937712, "delta": 36.684882}}
{"target": 3.0074034786837247, "params": {"Bgrad": 0.6613946084112416, "d1": -2.5698376384544366, "d2": -0.19184757384095574, "d3": -1.5517534463676208, "d4": -2.8587661245910634, "p1": 4.677801070108045, "p2": 38.70537051680777, "p3": 28.563475360593337, "p4": 41.31765726364378, "pol1": 0.17764653599098001, "pol2": -0.5303018613247945, "pol3": -0.16969683714026962, "pol4": -0.7864187014238879, "v0s": 3.0074034786837247}, "datetime": {"datetime": "2022-05-18 00:32:00", "elapsed": 103736.070696, "delta": 41.132984}}
{"target": 3.563682265396958, "params": {"Bgrad": 1.4785035576648538, "d1": -2.9002905409821134, "d2": 0.01711414720657123, "d3": -2.3347500598599567, "d4": -2.4536904073175023, "p1": 4.004308731855866, "p2": 42.10933780382993, "p3": 40.46625730269255, "p4": 30.35219688460133, "pol1": 0.5999956187904327, "pol2": 0.5312895379769376, "pol3": 0.031596013182974, "pol4": 0.5096996382441297, "v0s": 3.563682265396958}, "datetime": {"datetime": "2022-05-18 00:32:54", "elapsed": 103789.871799, "delta": 53.801103}}
{"target": 4.9908873692242235, "params": {"Bgrad": 1.517976272779667, "d1": -2.0670051154519293, "d2": -0.21861121566670105, "d3": 0.0700201057301979, "d4": -2.9658481268491235, "p1": 33.173181192581474, "p2": 8.504424026338302, "p3": 40.07698927597092, "p4": 35.00311976652773, "pol1": 0.26624929599093616, "pol2": 0.23113877103047575, "pol3": -0.6149862237226722, "pol4": -0.5529416748369802, "v0s": 4.9908873692242235}, "datetime": {"datetime": "2022-05-18 00:33:29", "elapsed": 103825.171385, "delta": 35.299586}}
{"target": -1.0, "params": {"Bgrad": 2.0, "d1": -2.6620323817094635, "d2": -0.46567204830004677, "d3": 0.6475810713258355, "d4": -3.0, "p1": 49.49100067152626, "p2": 4.592515183608193, "p3": 29.878863373214493, "p4": 6.806344299105458, "pol1": 0.37058330122130523, "pol2": -1.0, "pol3": 0.22728273935560847, "pol4": 0.29703878647211424, "v0s": 5.538316471490589}, "datetime": {"datetime": "2022-05-18 00:34:26", "elapsed": 103881.406976, "delta": 56.235591}}
{"target": -1.0, "params": {"Bgrad": 1.221519271004089, "d1": -2.771095104580885, "d2": -0.07117202891904117, "d3": 0.6890030649666028, "d4": 0.12036222419309484, "p1": 24.984000345001245, "p2": 11.755805787349194, "p3": 10.308765542725462, "p4": 25.987249667294577, "pol1": 0.6010369335518531, "pol2": 0.062494224760373474, "pol3": -0.891030836616798, "pol4": 0.7583655334338919, "v0s": 3.470542184388628}, "datetime": {"datetime": "2022-05-18 00:35:10", "elapsed": 103926.069521, "delta": 44.662545}}
{"target": 5.0219161795546405, "params": {"Bgrad": 0.8722305605464852, "d1": -2.257542573690639, "d2": 1.0, "d3": -2.46522327792442, "d4": -0.7070618262838964, "p1": 31.582699318396923, "p2": 8.382785484164637, "p3": 39.99049129879888, "p4": 33.01481817358942, "pol1": 0.6454728993358364, "pol2": -0.3505597452556957, "pol3": -0.12771146561995142, "pol4": 0.09376128033807203, "v0s": 5.0219161795546405}, "datetime": {"datetime": "2022-05-18 00:35:46", "elapsed": 103962.033331, "delta": 35.96381}}
{"target": -1.0, "params": {"Bgrad": 1.1541082207241538, "d1": -2.9522645116153376, "d2": 0.008395047136915856, "d3": -2.818072773234964, "d4": -1.5529454141731747, "p1": 26.83939600864646, "p2": 28.842598561814942, "p3": 6.7045342931975895, "p4": 48.849795475105815, "pol1": -0.45316474530610273, "pol2": -0.275484585494584, "pol3": -0.7184007786995148, "pol4": 0.32563916789324066, "v0s": 3.0098880994751154}, "datetime": {"datetime": "2022-05-18 00:36:24", "elapsed": 103999.604841, "delta": 37.57151}}
{"target": 4.457532025924641, "params": {"Bgrad": 1.8999958534721735, "d1": -2.831740351597758, "d2": 0.9259336002809939, "d3": -2.9549740781020275, "d4": -0.07243558817676332, "p1": 7.238422723742849, "p2": 33.55253121669534, "p3": 39.953177962997884, "p4": 31.301193296679745, "pol1": 0.6449292543034248, "pol2": 0.1054513902422749, "pol3": 0.5352141881800809, "pol4": -0.5838461266223267, "v0s": 4.457532025924641}, "datetime": {"datetime": "2022-05-18 00:37:32", "elapsed": 104067.963009, "delta": 68.358168}}
{"target": 2.9461206929053567, "params": {"Bgrad": 1.596298049171274, "d1": -2.261487503461558, "d2": -1.6738919452957677, "d3": -1.4417351509623906, "d4": -0.9204898947965767, "p1": 3.7046100975025533, "p2": 32.51247294612206, "p3": 36.70117436777349, "p4": 30.173189692482783, "pol1": 0.7133738058582726, "pol2": -0.5254057141982351, "pol3": -0.8032038440049398, "pol4": -0.21208019488074226, "v0s": 2.9461206929053567}, "datetime": {"datetime": "2022-05-18 00:38:07", "elapsed": 104102.805818, "delta": 34.842809}}
{"target": -1.0, "params": {"Bgrad": 0.9956292861045555, "d1": -3.0, "d2": -2.852545133789621, "d3": 1.0, "d4": -1.5277628660949896, "p1": 4.798281724144412, "p2": 18.806805976896317, "p3": 2.108425076669603, "p4": 14.052997604451862, "pol1": 0.2814608928101385, "pol2": -0.17097906196560733, "pol3": 1.0, "pol4": -1.0, "v0s": 5.014779284354077}, "datetime": {"datetime": "2022-05-18 00:39:09", "elapsed": 104164.457921, "delta": 61.652103}}
{"target": 5.090011612112406, "params": {"Bgrad": 1.739217286277137, "d1": -3.0, "d2": 0.1232381006594823, "d3": -2.868890714843135, "d4": -2.053655361431107, "p1": 31.394413182278807, "p2": 4.816991830423391, "p3": 39.08390818645308, "p4": 26.83786736681509, "pol1": 0.48224704250060163, "pol2": -0.8929512417765465, "pol3": 0.15198424462066473, "pol4": 0.727218847569897, "v0s": 5.090011612112406}, "datetime": {"datetime": "2022-05-18 00:39:59", "elapsed": 104215.163303, "delta": 50.705382}}
{"target": 4.3763016693696, "params": {"Bgrad": 1.3418341988812865, "d1": -0.2728827797467783, "d2": 0.34304240324595314, "d3": -2.51480551554279, "d4": -2.3262327548496446, "p1": 5.764079569070196, "p2": 39.13571355431959, "p3": 32.9096905469857, "p4": 40.99827291658399, "pol1": -0.15755749602122937, "pol2": -0.18544083791466814, "pol3": 0.6220081708933376, "pol4": -0.9666153541334439, "v0s": 4.3763016693696}, "datetime": {"datetime": "2022-05-18 00:40:37", "elapsed": 104252.649044, "delta": 37.485741}}
