{"target": 4.0830017739523345, "params": {"Bgrad": 0.5, "d1": -3.0, "d2": 0.5583460774782366, "d3": -2.2285992663213228, "d4": -0.32519790202230486, "p1": 29.015165886098675, "p2": 31.45885507039228, "p3": 9.24417924954604, "p4": 44.833573506086815, "pol1": -0.22070631679838482, "pol2": -0.48656973336038734, "pol3": 1.0, "pol4": 0.25350203613407607, "v0s": 4.0830017739523345}, "datetime": {"datetime": "2022-05-17 15:24:00", "elapsed": 70855.873744, "delta": 33.217157}}
{"target": 4.722599472416655, "params": {"Bgrad": 0.7810722171521571, "d1": -3.0, "d2": 0.8501637810486881, "d3": -1.5039694871346936, "d4": -1.782875800481279, "p1": 4.834369550255076, "p2": 34.914466788157924, "p3": 29.750603299606915, "p4": 36.16116712882488, "pol1": -0.3262358686081649, "pol2": -1.0, "pol3": -1.0, "pol4": -0.10590728753892725, "v0s": 4.722599472416655}, "datetime": {"datetime": "2022-05-17 15:24:37", "elapsed": 70893.059286, "delta": 37.185542}}
{"target": 5.238667025957944, "params": {"Bgrad": 1.1066170958592463, "d1": -2.0663956947087945, "d2": 0.7181675426536951, "d3": -1.2536971375794579, "d4": -1.9279966983482053, "p1": 4.96223649238951, "p2": 36.27751485188328, "p3": 35.02114409834858, "p4": 38.51145238425106, "pol1": -0.9580407586665205, "pol2": 0.9279039462053376, "pol3": 0.39560370281014623, "pol4": -0.5421774804425319, "v0s": 5.238667025957944}, "datetime": {"datetime": "2022-05-17 15:25:02", "elapsed": 70917.556765, "delta": 24.497479}}
{"target": -1.0, "params": {"Bgrad": 0.8854129349916411, "d1": -2.9318751379467196, "d2": 0.5425561746668848, "d3": 0.04543221009246645, "d4": -0.8816644717090361, "p1": 38.67773514466153, "p2": 42.98021682163789, "p3": 17.566321232359623, "p4": 13.776066742565018, "pol1": 0.001567562331418193, "pol2": -0.6497721237881078, "pol3": -0.7355878057630152, "pol4": 0.9268762829995905, "v0s": 2.9550921161003876}, "datetime": {"datetime": "2022-05-17 15:25:44", "elapsed": 70959.739941, "delta": 42.183176}}
{"target": 3.4444868323299564, "params": {"Bgrad": 1.3962971598937177, "d1": -2.694544127374029, "d2": 0.5343111597031682, "d3": -0.3697809522337616, "d4": -1.2991117811258635, "p1": 5.004143946259276, "p2": 30.629322022014527, "p3": 29.599532287951174, "p4": 44.250670384684305, "pol1": 0.5373972388417025, "pol2": 0.4034216784356799, "pol3": -0.7809045739957088, "pol4": 0.290756829735499, "v0s": 3.4444868323299564}, "datetime": {"datetime": "2022-05-17 15:26:07", "elapsed": 70982.727457, "delta": 22.987516}}
{"target": -1.0, "params": {"Bgrad": 0.7501927119742059, "d1": -2.740116161981548, "d2": -0.8743513982686131, "d3": -2.97146730636575, "d4": -2.479097496279936, "p1": 5.475434206078777, "p2": 24.98577583218058, "p3": 41.48027368805558, "p4": 17.409492968983702, "pol1": 0.722938825446215, "pol2": 0.6564177883994993, "pol3": -0.11301959566491915, "pol4": -0.5728042907128783, "v0s": 5.419738802714832}, "datetime": {"datetime": "2022-05-17 15:26:34", "elapsed": 71009.265478, "delta": 26.538021}}
{"target": -1.0, "params": {"Bgrad": 1.3113028711496661, "d1": -2.460950845537899, "d2": -2.340938020268388, "d3": -0.45820089349521087, "d4": -2.4140757530013612, "p1": 29.779609325350513, "p2": 7.830762715352013, "p3": 17.487795188899696, "p4": 25.916112341455083, "pol1": -0.1616752665725174, "pol2": 0.006422076691160905, "pol3": 0.3060442593465107, "pol4": 0.42110526330744547, "v0s": 2.7593300874401505}, "datetime": {"datetime": "2022-05-17 15:27:15", "elapsed": 71050.768474, "delta": 41.502996}}
{"target": 4.809098124049186, "params": {"Bgrad": 1.4921564171425432, "d1": -1.856478861419416, "d2": 0.1421181522431506, "d3": -2.388681237365689, "d4": -2.855447340376983, "p1": 8.705271509766419, "p2": 25.470026690105367, "p3": 43.04376579387413, "p4": 22.01298000964167, "pol1": 0.729007241247367, "pol2": -0.08813883729682889, "pol3": -0.7578718450103925, "pol4": -0.12258257182191916, "v0s": 4.809098124049186}, "datetime": {"datetime": "2022-05-17 15:27:53", "elapsed": 71088.792773, "delta": 38.024299}}
{"target": 3.7719972243980497, "params": {"Bgrad": 1.9123074419111477, "d1": -1.6882413820322766, "d2": 0.9358223397550107, "d3": -0.5461887008373387, "d4": -0.10758030048432188, "p1": 31.942865594848296, "p2": 12.508777215366267, "p3": 33.03098546422068, "p4": 25.511881837335114, "pol1": -0.3418677600510913, "pol2": -0.3582682875465111, "pol3": -0.6897190826524882, "pol4": -0.5036986321216492, "v0s": 3.7719972243980497}, "datetime": {"datetime": "2022-05-17 15:28:28", "elapsed": 71123.266568, "delta": 34.473795}}
{"target": -1.0, "params": {"Bgrad": 1.1285126151992304, "d1": -1.9988428877414424, "d2": -2.49608928158804, "d3": -1.145048963504471, "d4": -2.937032275161527, "p1": 30.081176445181462, "p2": 12.996086021902443, "p3": 35.11270365505933, "p4": 20.46626514168368, "pol1": -0.3474100235711597, "pol2": 0.2025926573483514, "pol3": -0.8725941450904482, "pol4": -0.08310828064919806, "v0s": 5.142118601947054}, "datetime": {"datetime": "2022-05-17 15:29:00", "elapsed": 71155.791576, "delta": 32.525008}}
{"target": -1.0, "params": {"Bgrad": 1.605877708352199, "d1": -2.406862138860494, "d2": 0.7982712677461876, "d3": 0.14314507815990218, "d4": -1.4117357557561827, "p1": 6.388576086631176, "p2": 24.87465100879748, "p3": 44.08569899982553, "p4": 20.66803275677677, "pol1": 0.8423808740653949, "pol2": -0.4319624313182644, "pol3": 0.27017631632809636, "pol4": -0.0097369651382897, "v0s": 5.4784982080352265}, "datetime": {"datetime": "2022-05-17 15:30:34", "elapsed": 71249.379815, "delta": 93.588239}}
{"target": 5.0655898010052205, "params": {"Bgrad": 2.0, "d1": -1.9508382113087108, "d2": 1.0, "d3": -2.6784401180944024, "d4": -3.0, "p1": 29.87251719838821, "p2": 29.877216413381948, "p3": 6.627351452772252, "p4": 44.44974164566803, "pol1": 1.0, "pol2": -0.765996294142952, "pol3": 0.24003224327812697, "pol4": 0.6524962468648565, "v0s": 5.0655898010052205}, "datetime": {"datetime": "2022-05-17 15:31:11", "elapsed": 71286.653122, "delta": 37.273307}}
{"target": 3.80862984878252, "params": {"Bgrad": 1.6886355258972652, "d1": -3.0, "d2": 0.26250657139378675, "d3": -1.7019656656870976, "d4": -1.7470751081645663, "p1": 31.87574382289382, "p2": 7.503295541715736, "p3": 6.276101910585044, "p4": 23.281897391656692, "pol1": 0.3888690514620133, "pol2": -1.0, "pol3": 0.1505265127948592, "pol4": -0.5421783108976609, "v0s": 3.80862984878252}, "datetime": {"datetime": "2022-05-17 15:31:52", "elapsed": 71327.259516, "delta": 40.606394}}
{"target": 3.4800414430395663, "params": {"Bgrad": 0.7889742043173731, "d1": -2.080906000612131, "d2": 0.0705318272019162, "d3": -0.9452332206271401, "d4": -0.5016034619286582, "p1": 0.7818685895838229, "p2": 32.53919417434744, "p3": 30.80508843390517, "p4": 35.30536839728144, "pol1": -0.1836274271784144, "pol2": 0.45693518571759517, "pol3": 0.9402466363349464, "pol4": 0.1415420289978373, "v0s": 3.4800414430395663}, "datetime": {"datetime": "2022-05-17 15:32:15", "elapsed": 71350.49836, "delta": 23.238844}}
{"target": 4.429217115464544, "params": {"Bgrad": 1.0815917310182601, "d1": -3.0, "d2": 1.0, "d3": -2.680763456937353, "d4": -2.6241824175191524, "p1": 29.876599703241727, "p2": 29.496704461700237, "p3": 7.7488789476271265, "p4": 44.6343437641402, "pol1": 1.0, "pol2": -0.4936461928666376, "pol3": -0.1391937308538329, "pol4": -0.13638071637407292, "v0s": 4.429217115464544}, "datetime": {"datetime": "2022-05-17 15:32:45", "elapsed": 71380.636751, "delta": 30.138391}}
{"target": -1.0, "params": {"Bgrad": 0.7474854407731536, "d1": -0.5065101353068568, "d2": -1.5559496278177294, "d3": -0.3140007641409732, "d4": -1.742228142413583, "p1": 35.501517596984, "p2": 10.443828196978282, "p3": 37.825410346358424, "p4": 5.6243104465591, "pol1": -0.284051262529909, "pol2": -0.13511523802083403, "pol3": -0.47326385498942525, "pol4": 0.9360242653986024, "v0s": 4.337547083334531}, "datetime": {"datetime": "2022-05-17 15:33:09", "elapsed": 71405.079377, "delta": 24.442626}}
{"target": 4.621140300811158, "params": {"Bgrad": 1.730970036092521, "d1": -2.937022291854869, "d2": 0.023616127972784895, "d3": -1.136106788129216, "d4": -0.3676903210568381, "p1": 35.76201096772304, "p2": 5.725437101297532, "p3": 36.3888784688302, "p4": 7.559604371267231, "pol1": -0.07579650456224885, "pol2": -0.8319239871464332, "pol3": -0.5733256630344303, "pol4": -0.5522465752465529, "v0s": 4.621140300811158}, "datetime": {"datetime": "2022-05-17 15:33:33", "elapsed": 71428.568552, "delta": 23.489175}}
{"target": -1.0, "params": {"Bgrad": 0.7560401789831694, "d1": -2.5567755648088317, "d2": 0.29708825718361265, "d3": -0.02403497216892081, "d4": -1.2183362899300691, "p1": 5.982794634389165, "p2": 37.645863962326835, "p3": 46.578868275612464, "p4": 32.026146119012786, "pol1": -0.6727959860885449, "pol2": 0.21313611891822837, "pol3": 0.8327864050855922, "pol4": -0.7280028992143579, "v0s": 4.708362278824247}, "datetime": {"datetime": "2022-05-17 15:34:12", "elapsed": 71467.880408, "delta": 39.311856}}
{"target": 5.6454554117739075, "params": {"Bgrad": 1.4799361441571186, "d1": -2.6098756686549978, "d2": 0.8263559367974742, "d3": -1.4778164800910276, "d4": -0.34281597414683507, "p1": 31.774158897884547, "p2": 15.811570393880942, "p3": 31.536518038445543, "p4": 27.39758627866886, "pol1": -0.4139809159871759, "pol2": -0.3770819243788883, "pol3": -0.9447658958262586, "pol4": -0.33305261521201435, "v0s": 5.6454554117739075}, "datetime": {"datetime": "2022-05-17 15:34:39", "elapsed": 71494.476273, "delta": 26.595865}}
{"target": 5.1675922907013625, "params": {"Bgrad": 1.9251278676142858, "d1": -1.9459970565714255, "d2": 0.049251222464813615, "d3": -1.6569300160863398, "d4": -2.562492872656189, "p1": 1.1768593428963692, "p2": 12.492936456567548, "p3": 40.25789703481427, "p4": 45.95625498255107, "pol1": 0.6643509291139833, "pol2": -0.32514754369791055, "pol3": 0.6231344471532148, "pol4": 0.9281909997438125, "v0s": 5.1675922907013625}, "datetime": {"datetime": "2022-05-17 15:35:12", "elapsed": 71528.218027, "delta": 33.741754}}
{"target": 4.081411534520041, "params": {"Bgrad": 1.6832162637926895, "d1": -1.1168642339686006, "d2": 0.9034681828415083, "d3": -2.7177404082251306, "d4": -2.470247263214814, "p1": 4.741213288303375, "p2": 38.46738869800698, "p3": 29.70088004428612, "p4": 39.840150960615325, "pol1": -0.9744253923731583, "pol2": -0.09704919086825625, "pol3": -0.8518407475409719, "pol4": -0.028501421246786673, "v0s": 4.081411534520041}, "datetime": {"datetime": "2022-05-17 15:35:47", "elapsed": 71562.519295, "delta": 34.301268}}
{"target": 4.446503143376468, "params": {"Bgrad": 1.1084975307379357, "d1": -0.9890762574938239, "d2": 1.0, "d3": -1.8647272036603606, "d4": -0.7888293210771331, "p1": 3.958981481105085, "p2": 30.35916906973539, "p3": 16.287991590856635, "p4": 11.744877128252593, "pol1": -1.0, "pol2": -1.0, "pol3": 0.08451298501361795, "pol4": 1.0, "v0s": 4.446503143376468}, "datetime": {"datetime": "2022-05-17 15:36:26", "elapsed": 71601.312537, "delta": 38.793242}}
{"target": 5.183492011698717, "params": {"Bgrad": 1.2753002428814006, "d1": -1.9444114698967785, "d2": 0.8686473935582456, "d3": -1.9184706381443721, "d4": -0.05752781968207828, "p1": 30.944410656774973, "p2": 14.057644123165135, "p3": 31.74021092315907, "p4": 27.17042980347574, "pol1": 0.0855492734505169, "pol2": -0.7545676843231551, "pol3": -1.0, "pol4": 0.06328800338991636, "v0s": 5.183492011698717}, "datetime": {"datetime": "2022-05-17 15:36:52", "elapsed": 71628.115849, "delta": 26.803312}}
{"target": 4.576237112332848, "params": {"Bgrad": 1.4830244490941675, "d1": -1.9175514165220986, "d2": 0.15979955180212757, "d3": -2.542769448928652, "d4": -1.928509171834, "p1": 4.125476414331263, "p2": 32.79760662180781, "p3": 30.269881628887536, "p4": 40.54422239165604, "pol1": -0.6771431903892251, "pol2": 0.03380585205221731, "pol3": 0.25885371079013475, "pol4": -0.5804563275286745, "v0s": 4.576237112332848}, "datetime": {"datetime": "2022-05-17 15:37:19", "elapsed": 71654.750611, "delta": 26.634762}}
{"target": -1.0, "params": {"Bgrad": 2.0, "d1": -2.653799257689206, "d2": -2.1284893203771533, "d3": -1.1413707197543637, "d4": -0.3734891475151731, "p1": 2.651444341764038, "p2": 2.4918516415333496, "p3": 42.708009932766785, "p4": 24.59826808061688, "pol1": -1.0, "pol2": -0.02040928669851778, "pol3": -0.5227334180048591, "pol4": 1.0, "v0s": 2.5050476304658553}, "datetime": {"datetime": "2022-05-17 15:37:40", "elapsed": 71676.188273, "delta": 21.437662}}
{"target": 4.273415912632938, "params": {"Bgrad": 0.5, "d1": -2.2166255031139785, "d2": 1.0, "d3": -1.6885447104535916, "d4": -3.0, "p1": 38.430599495140626, "p2": 45.774707207117174, "p3": 14.686358187169088, "p4": 12.39363703772476, "pol1": -0.3054123099842202, "pol2": 0.7223275515377032, "pol3": -0.19902960974914655, "pol4": 0.43877960080062683, "v0s": 4.273415912632938}, "datetime": {"datetime": "2022-05-17 15:38:20", "elapsed": 71715.5555, "delta": 39.367227}}
{"target": -1.0, "params": {"Bgrad": 2.0, "d1": -2.3581878365663496, "d2": 1.0, "d3": -3.0, "d4": -3.0, "p1": 3.714078336021272, "p2": 30.168944795854575, "p3": 18.81417662681937, "p4": 10.2655518403413, "pol1": 0.0174222927799078, "pol2": -1.0, "pol3": 1.0, "pol4": -1.0, "v0s": 5.612606692357508}, "datetime": {"datetime": "2022-05-17 15:39:04", "elapsed": 71759.506453, "delta": 43.950953}}
{"target": 3.177920477838626, "params": {"Bgrad": 2.0, "d1": -3.0, "d2": 0.06592745448058503, "d3": -0.7056424673011173, "d4": -2.3457646589524286, "p1": 31.199749060750264, "p2": 8.566458054509717, "p3": 7.4430273901909585, "p4": 23.138785909394187, "pol1": -0.26492390073589156, "pol2": -0.4818685321035663, "pol3": 0.42663602384191657, "pol4": 0.8702588771009406, "v0s": 3.177920477838626}, "datetime": {"datetime": "2022-05-17 15:39:30", "elapsed": 71785.36529, "delta": 25.858837}}
{"target": -1.0, "params": {"Bgrad": 1.8071926985581912, "d1": -1.0010696393118192, "d2": -0.9971310673180671, "d3": -2.688159880822786, "d4": -1.7931139889012786, "p1": 3.747012331868599, "p2": 33.35765122971146, "p3": 30.421566694556805, "p4": 42.73432972801209, "pol1": 0.1258048591527654, "pol2": -0.44821442011976886, "pol3": 0.02364656881937921, "pol4": 0.4179989740628127, "v0s": 5.342403600236512}, "datetime": {"datetime": "2022-05-17 15:40:20", "elapsed": 71835.870208, "delta": 50.504918}}
{"target": 4.302058332393275, "params": {"Bgrad": 1.2908579711384103, "d1": -2.806722714245044, "d2": -0.703249120428008, "d3": -2.8953219739179348, "d4": -2.498402196599273, "p1": 27.907748226768675, "p2": 31.733187974403187, "p3": 6.657309372584197, "p4": 41.277241612856585, "pol1": -0.6222241857844202, "pol2": 0.48279995844372836, "pol3": 0.19691790017783184, "pol4": 0.8170768138084923, "v0s": 4.302058332393275}, "datetime": {"datetime": "2022-05-17 15:40:47", "elapsed": 71862.522922, "delta": 26.652714}}
{"target": 2.272028212443634, "params": {"Bgrad": 0.7390779876259077, "d1": -2.06487576631571, "d2": 0.9602697119223604, "d3": -2.8194507137924307, "d4": -0.03014090963204641, "p1": 32.66103473862236, "p2": 12.204909418074728, "p3": 41.531811201124064, "p4": 28.7362406551463, "pol1": 0.16733471927078147, "pol2": -0.1075491965197426, "pol3": 0.7778858208967396, "pol4": -0.11528193676007348, "v0s": 2.272028212443634}, "datetime": {"datetime": "2022-05-17 15:41:19", "elapsed": 71894.308906, "delta": 31.785984}}
{"target": -1.0, "params": {"Bgrad": 0.9404341157328026, "d1": 0.43037559944168624, "d2": 0.2549224083078143, "d3": -2.3036117431742165, "d4": -2.737431690522327, "p1": 26.69603956984239, "p2": 9.721538708980049, "p3": 39.96187198102935, "p4": 29.21024748890801, "pol1": 0.6274189391777303, "pol2": 0.3053940488975435, "pol3": 0.43164631523787267, "pol4": 0.6825985902203879, "v0s": 4.003663649167787}, "datetime": {"datetime": "2022-05-17 15:42:00", "elapsed": 71935.298275, "delta": 40.989369}}
{"target": 4.526544480961872, "params": {"Bgrad": 0.5, "d1": -2.5378539538673985, "d2": 0.10602548428886328, "d3": -1.4818219146455833, "d4": -3.0, "p1": 1.903994659377446, "p2": 14.067175790706324, "p3": 37.716286848496665, "p4": 47.3664220409552, "pol1": 1.0, "pol2": 1.0, "pol3": -0.34294271123571524, "pol4": 0.30348047201196815, "v0s": 4.526544480961872}, "datetime": {"datetime": "2022-05-17 15:42:25", "elapsed": 71960.66842, "delta": 25.370145}}
{"target": 4.501771078045139, "params": {"Bgrad": 1.624706123966984, "d1": -2.813137341678333, "d2": -0.8258044627962566, "d3": -2.3689911392244483, "d4": -2.633294796006853, "p1": 6.43340050220772, "p2": 37.88363573006079, "p3": 30.225270560446504, "p4": 41.85805393435061, "pol1": -0.6571851699069049, "pol2": -0.1753269381044058, "pol3": 0.6880303258809617, "pol4": -0.026455555384808926, "v0s": 4.501771078045139}, "datetime": {"datetime": "2022-05-17 15:42:51", "elapsed": 71986.689823, "delta": 26.021403}}
{"target": 4.921722475740291, "params": {"Bgrad": 1.0913747251730108, "d1": -3.0, "d2": 0.7755461507087146, "d3": -2.1484874965100316, "d4": -1.2667317258086548, "p1": 5.181656301290711, "p2": 36.668102067368956, "p3": 30.506530459192106, "p4": 38.9068879378352, "pol1": -0.1998426501393945, "pol2": -0.23099088267117182, "pol3": -0.4206232938925661, "pol4": 0.06936747475485103, "v0s": 4.921722475740291}, "datetime": {"datetime": "2022-05-17 15:43:18", "elapsed": 72013.958888, "delta": 27.269065}}
{"target": 4.436820421861475, "params": {"Bgrad": 1.3295388678794497, "d1": -2.4847889652870974, "d2": 0.6774696414366042, "d3": -2.3682365891547317, "d4": -0.6933098858060567, "p1": 2.0662156800163176, "p2": 31.577555264644797, "p3": 28.813356523885453, "p4": 42.54869159890393, "pol1": 0.6436225755346703, "pol2": 0.09307974245242413, "pol3": -0.50297838882229, "pol4": 0.25695545872907183, "v0s": 4.436820421861475}, "datetime": {"datetime": "2022-05-17 15:44:03", "elapsed": 72058.770036, "delta": 44.811148}}
{"target": 5.012367869308996, "params": {"Bgrad": 0.7810017832112452, "d1": -1.8888708649805577, "d2": -0.5003741500005461, "d3": -0.5751867096721659, "d4": 0.5014446115335995, "p1": 34.314177418694456, "p2": 5.695733909337242, "p3": 38.157791574054976, "p4": 26.820874118043925, "pol1": 0.20448037692399135, "pol2": -0.7409977722432752, "pol3": -0.8367448584205983, "pol4": 0.19257759007390884, "v0s": 5.012367869308996}, "datetime": {"datetime": "2022-05-17 15:45:06", "elapsed": 72121.611956, "delta": 62.84192}}
{"target": -1.0, "params": {"Bgrad": 0.5, "d1": -3.0, "d2": 1.0, "d3": -2.0526706506043024, "d4": -1.1843689104354287, "p1": 31.35913449305667, "p2": 6.84140599216883, "p3": 9.445423906294815, "p4": 24.882518382888396, "pol1": 1.0, "pol2": -1.0, "pol3": -0.24502449518639624, "pol4": -0.2366813743296664, "v0s": 5.5603099992396565}, "datetime": {"datetime": "2022-05-17 15:45:32", "elapsed": 72147.226447, "delta": 25.614491}}
{"target": 5.2433833512164165, "params": {"Bgrad": 0.5, "d1": -3.0, "d2": 1.0, "d3": -2.026245561608936, "d4": -2.194693042545141, "p1": 32.43743986113386, "p2": 7.342907334443882, "p3": 38.87995477944019, "p4": 30.984461946637758, "pol1": 0.5631838522577344, "pol2": 0.378723732094068, "pol3": 0.10696335896559549, "pol4": -0.61416000929109, "v0s": 5.2433833512164165}, "datetime": {"datetime": "2022-05-17 15:45:57", "elapsed": 72172.841935, "delta": 25.615488}}
{"target": -1.0, "params": {"Bgrad": 1.5853045646109312, "d1": -1.9960592025393527, "d2": 0.8917109648286052, "d3": -2.4202761980934904, "d4": -1.0656148372651084, "p1": 1.1545245623199363, "p2": 11.868402853123033, "p3": 39.80159703505391, "p4": 47.84972917003216, "pol1": 0.8335043564975613, "pol2": 0.661854318336055, "pol3": 0.9859452379403553, "pol4": 0.15325202049385345, "v0s": 6.573016119753898}, "datetime": {"datetime": "2022-05-17 15:46:28", "elapsed": 72203.656518, "delta": 30.814583}}
{"target": 4.193014257102648, "params": {"Bgrad": 1.663701218859013, "d1": -3.0, "d2": -0.12166907570285317, "d3": -2.400556677142348, "d4": -2.780688291275373, "p1": 29.414856474696347, "p2": 30.269342874518205, "p3": 6.879941304883151, "p4": 43.27892672339771, "pol1": 0.40038148481198893, "pol2": 0.08088054123236534, "pol3": 0.11005160878427193, "pol4": 0.7559280335953386, "v0s": 4.193014257102648}, "datetime": {"datetime": "2022-05-17 15:47:05", "elapsed": 72240.368327, "delta": 36.711809}}
{"target": -1.0, "params": {"Bgrad": 1.6672986631418594, "d1": -1.7296097594574964, "d2": -0.09266432000742775, "d3": -2.16011092731503, "d4": -0.06295007565720745, "p1": 31.86186233225848, "p2": 12.608907419300397, "p3": 33.50395582982092, "p4": 26.39538092443952, "pol1": 0.12191172129034422, "pol2": -0.020769107299228207, "pol3": 0.8506349397211417, "pol4": 0.3681292747173155, "v0s": 6.136137843653158}, "datetime": {"datetime": "2022-05-17 15:47:41", "elapsed": 72276.372031, "delta": 36.003704}}
{"target": 4.789839466735242, "params": {"Bgrad": 1.668664918434261, "d1": -3.0, "d2": 0.7065826533919344, "d3": -0.7480981500622003, "d4": -1.7993884209820847, "p1": 31.04484644264089, "p2": 6.144618456090878, "p3": 8.435436515603152, "p4": 25.38503629641274, "pol1": -0.2804112124033227, "pol2": -1.0, "pol3": -0.6104620354944181, "pol4": -0.9631504067254704, "v0s": 4.789839466735242}, "datetime": {"datetime": "2022-05-17 15:48:16", "elapsed": 72312.117425, "delta": 35.745394}}
{"target": 3.552898577284516, "params": {"Bgrad": 0.633731243335462, "d1": -1.9900195104624703, "d2": 0.8893046054547105, "d3": -0.7914981517155875, "d4": -2.4514183424552, "p1": 42.100214193063266, "p2": 18.615170904224144, "p3": 15.071351112343978, "p4": 13.29590178365213, "pol1": 0.8804391832004004, "pol2": -0.7928187058013463, "pol3": -0.7637604443809627, "pol4": 0.04805178267094323, "v0s": 3.552898577284516}, "datetime": {"datetime": "2022-05-17 15:48:46", "elapsed": 72341.377167, "delta": 29.259742}}
