{"target": 4.922077928392274, "params": {"Bgrad": 2.0, "d1": -2.105170071162158, "d2": 0.6058844859496854, "d3": -0.40861460488332385, "d4": -1.9858018314410328, "p1": 44.43446234486688, "p2": 21.414195789952686, "p3": 25.656253355867094, "p4": 11.677893039554368, "pol1": -0.8414012481526095, "pol2": -0.7192350796776107, "pol3": 0.6957703704689254, "pol4": 0.15224391783984711, "v0s": 4.922077928392274}, "datetime": {"datetime": "2022-05-16 22:13:06", "elapsed": 9001.932824, "delta": 10.799116}}
{"target": -1.0, "params": {"Bgrad": 1.388440962314801, "d1": -1.5926510479869593, "d2": 0.9665939434229687, "d3": -1.1227409741268306, "d4": 0.638148513427435, "p1": 37.05513042695968, "p2": 10.247563941355791, "p3": 11.592756078741534, "p4": 30.64196633263016, "pol1": -0.08532070184857732, "pol2": -0.675570053852349, "pol3": -0.9844241244198764, "pol4": 0.9592278980127937, "v0s": 6.874372492615089}, "datetime": {"datetime": "2022-05-16 22:13:18", "elapsed": 9014.196025, "delta": 12.263201}}
{"target": 4.022527671040562, "params": {"Bgrad": 0.5636549496365436, "d1": -0.2541610363438358, "d2": 0.04274186317453843, "d3": -1.7938731964150323, "d4": -2.6432079182500923, "p1": 9.647540543152273, "p2": 25.369284553284977, "p3": 44.47243482457836, "p4": 26.319089009809005, "pol1": 0.3129392656976573, "pol2": -0.35295723056483586, "pol3": -0.6587472845022262, "pol4": -0.4368945338153065, "v0s": 4.022527671040562}, "datetime": {"datetime": "2022-05-16 22:13:24", "elapsed": 9020.198969, "delta": 6.002944}}
{"target": 3.6369034789833363, "params": {"Bgrad": 1.0694115401022393, "d1": -1.23879007444964, "d2": 0.7884710502057968, "d3": -1.0025215988951368, "d4": -0.7018139926833369, "p1": 39.973227414948056, "p2": 19.982427756268727, "p3": 15.845468620707226, "p4": 13.551978542395771, "pol1": 0.8668574303057406, "pol2": 0.7782874854235675, "pol3": -0.10518387983703748, "pol4": 0.6109217810626308, "v0s": 3.6369034789833363}, "datetime": {"datetime": "2022-05-16 22:13:31", "elapsed": 9027.083556, "delta": 6.884587}}
{"target": -1.0, "params": {"Bgrad": 0.8000331497381777, "d1": -2.269482903841087, "d2": -0.7646929795456834, "d3": 0.11446378916667133, "d4": 0.9063977387151438, "p1": 36.177958673374256, "p2": 8.95686796816123, "p3": 9.775464313658205, "p4": 32.604473470646084, "pol1": -0.1023343149143856, "pol2": -0.014461443414466313, "pol3": -0.8496070355876009, "pol4": -0.010981432313817763, "v0s": 5.77417619408873}, "datetime": {"datetime": "2022-05-16 22:13:42", "elapsed": 9037.762992, "delta": 10.679436}}
{"target": 3.49012558497191, "params": {"Bgrad": 1.623558238525856, "d1": -0.5646911240652037, "d2": 0.7110648334773426, "d3": -2.938616112720101, "d4": -2.3150745422539343, "p1": 44.09128357488103, "p2": 20.15541720978511, "p3": 25.66517763905159, "p4": 13.222399471852297, "pol1": 0.9401932088280613, "pol2": 0.8757231944751247, "pol3": -0.6665498552023936, "pol4": 0.6427711048208213, "v0s": 3.49012558497191}, "datetime": {"datetime": "2022-05-16 22:13:48", "elapsed": 9044.046187, "delta": 6.283195}}
{"target": 4.049433704303632, "params": {"Bgrad": 0.8300099653645441, "d1": -2.821552248193371, "d2": -0.11034613138078768, "d3": -1.5439897174932626, "d4": -2.776495757365968, "p1": 4.159373872171098, "p2": 37.08117909054904, "p3": 34.71004440278498, "p4": 38.95673307278535, "pol1": 0.49476954263799144, "pol2": -0.1593349106527489, "pol3": -0.17507594341818855, "pol4": -0.01898663798326448, "v0s": 4.049433704303632}, "datetime": {"datetime": "2022-05-16 22:13:55", "elapsed": 9050.528848, "delta": 6.482661}}
{"target": 5.375691152540394, "params": {"Bgrad": 1.4413919760185652, "d1": -1.5511253109290573, "d2": 0.9044697921242476, "d3": -0.4274679727150077, "d4": -2.391334734297796, "p1": 40.55181425213742, "p2": 21.40003495720179, "p3": 17.434587453843566, "p4": 16.158410364607786, "pol1": 0.13572595672279475, "pol2": -0.9003424809440802, "pol3": 1.0, "pol4": -0.6482914315667963, "v0s": 5.375691152540394}, "datetime": {"datetime": "2022-05-16 22:14:06", "elapsed": 9061.249176, "delta": 10.720328}}
{"target": 2.8073381441719327, "params": {"Bgrad": 0.7168051234455213, "d1": -1.0055468815347077, "d2": -1.7004392328416418, "d3": -0.35457793242080093, "d4": -0.7447096174230419, "p1": 45.76839987138655, "p2": 26.097766001342748, "p3": 18.472500398972493, "p4": 11.236278233408203, "pol1": 0.23325099342540745, "pol2": 0.5406741762065448, "pol3": 0.6113492215468106, "pol4": -0.2224686866926, "v0s": 2.8073381441719327}, "datetime": {"datetime": "2022-05-16 22:14:12", "elapsed": 9068.127778, "delta": 6.878602}}
{"target": 5.077174307550761, "params": {"Bgrad": 0.5, "d1": -2.7372213803214174, "d2": -3.0, "d3": -2.584126013404814, "d4": -1.3963356059461904, "p1": 4.944404418313866, "p2": 2.038786383152894, "p3": 39.31147248751196, "p4": 20.609972080768863, "pol1": 1.0, "pol2": 0.19623577871111963, "pol3": 0.2474865296122668, "pol4": -0.09643616279821904, "v0s": 5.077174307550761}, "datetime": {"datetime": "2022-05-16 22:14:20", "elapsed": 9075.7095, "delta": 7.581722}}
{"target": 4.628990926617427, "params": {"Bgrad": 1.1294790419887992, "d1": -0.9652575814005364, "d2": 1.0, "d3": -1.8997821816147926, "d4": -0.24277348880557292, "p1": 3.126420178330879, "p2": 31.528761122421933, "p3": 15.509262549156977, "p4": 11.617066789465175, "pol1": -0.3359860497726317, "pol2": -0.9413715220004072, "pol3": -0.5178909585669265, "pol4": 0.9859342619156911, "v0s": 4.628990926617427}, "datetime": {"datetime": "2022-05-16 22:14:27", "elapsed": 9082.885307, "delta": 7.175807}}
{"target": 4.111381215120403, "params": {"Bgrad": 0.625045365692124, "d1": -1.2705668456690398, "d2": 0.6500631218691106, "d3": -1.5830350819889802, "d4": -1.456006656842487, "p1": 11.07839559460836, "p2": 26.521854679195258, "p3": 44.587063191641064, "p4": 26.747215327717118, "pol1": -0.9317179781402776, "pol2": 0.967250467012192, "pol3": -0.22161179945043785, "pol4": 0.05328464933084143, "v0s": 4.111381215120403}, "datetime": {"datetime": "2022-05-16 22:14:34", "elapsed": 9089.233328, "delta": 6.348021}}
{"target": 4.216180615924043, "params": {"Bgrad": 1.3610850235634064, "d1": -2.3318665847313462, "d2": 0.3006571053660214, "d3": -1.1092197885210058, "d4": -1.4908754192989937, "p1": 30.429209727361737, "p2": 6.748323416486696, "p3": 36.81984437004228, "p4": 30.570789612525708, "pol1": 0.5436205471417559, "pol2": 0.7920632766096136, "pol3": -0.840693697267872, "pol4": 0.747998859899061, "v0s": 4.216180615924043}, "datetime": {"datetime": "2022-05-16 22:14:42", "elapsed": 9097.979935, "delta": 8.746607}}
{"target": 3.8946562684564117, "params": {"Bgrad": 0.9001463345800822, "d1": -1.3672374264674374, "d2": 0.47207859863679247, "d3": -2.0463754507794754, "d4": -3.0, "p1": 10.724520403211308, "p2": 15.954741975531899, "p3": 6.649861618289223, "p4": 29.517253483615196, "pol1": -0.941033983124161, "pol2": -0.8080547190303949, "pol3": -0.32133024360754103, "pol4": -0.16835096000030472, "v0s": 3.8946562684564117}, "datetime": {"datetime": "2022-05-16 22:14:52", "elapsed": 9107.385778, "delta": 9.405843}}
{"target": 4.787316416245659, "params": {"Bgrad": 1.1260224722106162, "d1": -3.0, "d2": -2.3592144112253632, "d3": -1.643689967123387, "d4": -3.0, "p1": 4.987736497725605, "p2": 11.399941962811651, "p3": 36.499579688668476, "p4": 29.417725035492293, "pol1": -1.0, "pol2": -0.47824989936155715, "pol3": 0.4459623074961214, "pol4": -0.39592972829667034, "v0s": 4.787316416245659}, "datetime": {"datetime": "2022-05-16 22:14:59", "elapsed": 9115.097152, "delta": 7.711374}}
{"target": 4.149187556333049, "params": {"Bgrad": 2.0, "d1": -2.4481310623040273, "d2": 0.6415579786128758, "d3": -0.6728462636120427, "d4": -1.9171519797087635, "p1": 43.45742565247792, "p2": 25.532641925765777, "p3": 17.48317319912379, "p4": 12.785170663611193, "pol1": -0.06705146979086166, "pol2": 0.14522452651579001, "pol3": -0.39466162894375384, "pol4": 1.0, "v0s": 4.149187556333049}, "datetime": {"datetime": "2022-05-16 22:15:09", "elapsed": 9124.646611, "delta": 9.549459}}
{"target": -1.0, "params": {"Bgrad": 1.6830048580437373, "d1": -0.07389892019227462, "d2": 0.3706682951868503, "d3": 0.5951156268675528, "d4": -1.9706060784247814, "p1": 10.680997293921147, "p2": 26.638352874946285, "p3": 44.317947030309135, "p4": 27.707326589317415, "pol1": 0.4191775609618942, "pol2": -0.01985013220566545, "pol3": -0.7268323867378232, "pol4": 0.6532153778012086, "v0s": 3.8989867296546827}, "datetime": {"datetime": "2022-05-16 22:15:23", "elapsed": 9138.860594, "delta": 14.213983}}
{"target": 3.6197798479933265, "params": {"Bgrad": 1.297957085240232, "d1": -2.6543953927721056, "d2": -0.8269219405092709, "d3": -0.7772280268412222, "d4": -1.5307887536141482, "p1": 30.668327671024176, "p2": 9.48529139511367, "p3": 8.72170602676643, "p4": 24.329242895329667, "pol1": -0.7512617338143235, "pol2": 0.8167563461124143, "pol3": 0.653888581538119, "pol4": 0.3867398106237183, "v0s": 3.6197798479933265}, "datetime": {"datetime": "2022-05-16 22:15:32", "elapsed": 9147.860523, "delta": 8.999929}}
{"target": -1.0, "params": {"Bgrad": 1.4344276278506614, "d1": -1.1197549173866612, "d2": 0.3090241198022914, "d3": -1.2933001515886955, "d4": -1.0235136946817314, "p1": 1.2402834212736165, "p2": 30.765471516152697, "p3": 16.836773792277693, "p4": 11.702491956272155, "pol1": -0.26333868438531166, "pol2": -0.7955100489450464, "pol3": -0.9461538097053911, "pol4": 1.0, "v0s": 5.407648350510099}, "datetime": {"datetime": "2022-05-16 22:15:49", "elapsed": 9164.550882, "delta": 16.690359}}
{"target": -1.0, "params": {"Bgrad": 0.8692448444757365, "d1": -1.722338199037837, "d2": -1.7708386024125997, "d3": -0.27155653979829264, "d4": -2.0794185770345512, "p1": 3.210739046073013, "p2": 38.9508402939964, "p3": 34.43359659220662, "p4": 40.38514746464282, "pol1": -0.9307527514103433, "pol2": -0.611620003612938, "pol3": 0.09243185802713483, "pol4": -0.04068094310977122, "v0s": 4.7786613385291234}, "datetime": {"datetime": "2022-05-16 22:16:01", "elapsed": 9177.195064, "delta": 12.644182}}
{"target": 3.3254107058254685, "params": {"Bgrad": 1.7089423035665081, "d1": -2.571248094250937, "d2": 0.28076650647137674, "d3": -1.3497324849954793, "d4": -1.157210957432896, "p1": 30.614128239831363, "p2": 8.623999612524383, "p3": 8.391033537061135, "p4": 24.445302481815006, "pol1": 0.22662077529361463, "pol2": -0.15867776402161077, "pol3": 0.18251943944870275, "pol4": -0.055813633109747435, "v0s": 3.3254107058254685}, "datetime": {"datetime": "2022-05-16 22:16:09", "elapsed": 9184.564354, "delta": 7.36929}}
{"target": 4.496189251789081, "params": {"Bgrad": 0.9882919552603004, "d1": -2.763830246785403, "d2": -0.13936888056593633, "d3": -1.6033483828993442, "d4": -2.6397211182618516, "p1": 4.575697470720641, "p2": 36.48118060497178, "p3": 33.638256135198695, "p4": 38.64340603339531, "pol1": -0.7767683354279096, "pol2": 0.0004644775130466794, "pol3": -0.46530576695374304, "pol4": 0.9173048240617601, "v0s": 4.496189251789081}, "datetime": {"datetime": "2022-05-16 22:16:17", "elapsed": 9192.704582, "delta": 8.140228}}
{"target": 3.429910458197045, "params": {"Bgrad": 1.6713289795871187, "d1": -2.1913154357449818, "d2": -0.3415013128017619, "d3": 0.8468745453615689, "d4": -1.2280014886653223, "p1": 40.20304785798956, "p2": 21.132990065280833, "p3": 16.41891365415026, "p4": 12.94508007057374, "pol1": 0.7740510915628813, "pol2": 0.5506343732978085, "pol3": -0.4783256206426001, "pol4": -0.2164883041928496, "v0s": 3.429910458197045}, "datetime": {"datetime": "2022-05-16 22:16:27", "elapsed": 9202.512349, "delta": 9.807767}}
{"target": -1.0, "params": {"Bgrad": 1.8888773740443894, "d1": -1.0716034832428698, "d2": -1.0296846094832013, "d3": -1.7648356954570872, "d4": -1.361970471787064, "p1": 44.03085953123295, "p2": 25.92773855033298, "p3": 16.741879690987925, "p4": 11.297192280894919, "pol1": -0.6636637762422539, "pol2": -0.8683335671986556, "pol3": 0.49702877068548035, "pol4": -0.004665837351796043, "v0s": 3.9981600951519924}, "datetime": {"datetime": "2022-05-16 22:16:42", "elapsed": 9218.090684, "delta": 15.578335}}
{"target": 4.919020285279895, "params": {"Bgrad": 2.0, "d1": -1.78394450571743, "d2": 0.5268558598558793, "d3": -2.6044833598637713, "d4": -3.0, "p1": 30.14502086337447, "p2": 11.304064805806938, "p3": 37.117122917453194, "p4": 27.778954092303813, "pol1": 0.661661583112165, "pol2": -0.5204866811632399, "pol3": -1.0, "pol4": 0.42515711982192583, "v0s": 4.919020285279895}, "datetime": {"datetime": "2022-05-16 22:16:51", "elapsed": 9226.907103, "delta": 8.816419}}
{"target": 3.9255479244916165, "params": {"Bgrad": 0.5010187732550189, "d1": -1.3761084349913526, "d2": 0.8454355355584617, "d3": -1.5293565513480423, "d4": -2.6674326326769333, "p1": 39.39761053475285, "p2": 19.06656305311226, "p3": 16.70634559829208, "p4": 12.426640962413755, "pol1": 0.21448491441327988, "pol2": 0.10087607973507895, "pol3": 0.08830309093860134, "pol4": -0.5251346356180626, "v0s": 3.9255479244916165}, "datetime": {"datetime": "2022-05-16 22:16:57", "elapsed": 9232.742495, "delta": 5.835392}}
{"target": 4.616739964066322, "params": {"Bgrad": 1.5484649235666779, "d1": -1.7930453402732667, "d2": 0.9215738910770677, "d3": -1.8809847247956228, "d4": -2.92743438461528, "p1": 29.91418149113243, "p2": 11.283863822076196, "p3": 36.987686539779276, "p4": 27.21932453437419, "pol1": 0.8168447597163764, "pol2": -0.4900653101464094, "pol3": -0.17708857901424685, "pol4": -0.6779692027469407, "v0s": 4.616739964066322}, "datetime": {"datetime": "2022-05-16 22:17:07", "elapsed": 9242.691885, "delta": 9.94939}}
{"target": 4.230253757611103, "params": {"Bgrad": 0.7309102732307853, "d1": -0.14542520790869995, "d2": -0.2943062582918774, "d3": -2.0877071434860652, "d4": -2.728341843994832, "p1": 28.553320867418535, "p2": 8.345780171775907, "p3": 37.402593396983, "p4": 27.260318800288726, "pol1": -0.848693585243494, "pol2": 0.5073054444562386, "pol3": -0.9150011460179033, "pol4": -0.9752451281737453, "v0s": 4.230253757611103}, "datetime": {"datetime": "2022-05-16 22:17:15", "elapsed": 9251.063494, "delta": 8.371609}}
{"target": 3.5371234735660533, "params": {"Bgrad": 0.6789777233930672, "d1": -1.2029939809052363, "d2": 0.27404024520857817, "d3": -1.1972787197038195, "d4": -1.4129333226030836, "p1": 39.952375803853556, "p2": 20.47974112320307, "p3": 16.16761660897329, "p4": 12.431969360668965, "pol1": -0.828867282280237, "pol2": 0.999594527877105, "pol3": -0.14403699492931388, "pol4": 0.664726523388526, "v0s": 3.5371234735660533}, "datetime": {"datetime": "2022-05-16 22:17:24", "elapsed": 9259.669477, "delta": 8.605983}}
{"target": 5.990808550795584, "params": {"Bgrad": 1.447079672378416, "d1": -1.3348891292064091, "d2": -0.1639779845264644, "d3": -0.37846961439435756, "d4": -2.144347903763467, "p1": 12.454152317948864, "p2": 27.354251142141926, "p3": 43.68019966173276, "p4": 27.092716387214903, "pol1": -0.4020824277524171, "pol2": 0.9804674398811621, "pol3": 0.3388169335816176, "pol4": -0.016352616888859917, "v0s": 5.990808550795584}, "datetime": {"datetime": "2022-05-16 22:17:35", "elapsed": 9270.7648, "delta": 11.095323}}
{"target": 4.972880779976706, "params": {"Bgrad": 0.5, "d1": -2.7534776804033956, "d2": -3.0, "d3": -3.0, "d4": -0.9796147080354323, "p1": 5.428532115273193, "p2": 3.0640131434378945, "p3": 38.79845393576329, "p4": 21.388081293682273, "pol1": 0.6870219205603143, "pol2": 0.44018834243108906, "pol3": 0.5517874183168143, "pol4": -0.049979913334273096, "v0s": 4.972880779976706}, "datetime": {"datetime": "2022-05-16 22:17:44", "elapsed": 9279.302964, "delta": 8.538164}}
{"target": 4.045118312130126, "params": {"Bgrad": 0.9099549028928902, "d1": -3.0, "d2": -0.06290688994542341, "d3": -0.8494131191640676, "d4": -2.6544466205608037, "p1": 3.4092515131301138, "p2": 37.200114827588486, "p3": 33.35985495403776, "p4": 39.547360386115315, "pol1": -0.2557863109503252, "pol2": -0.09854353474740488, "pol3": 0.0842675933500579, "pol4": 0.6465685739422949, "v0s": 4.045118312130126}, "datetime": {"datetime": "2022-05-16 22:17:53", "elapsed": 9289.008006, "delta": 9.705042}}
{"target": -1.0, "params": {"Bgrad": 1.6839576673111836, "d1": -1.916046299684265, "d2": 0.6689636906574421, "d3": -1.626569770044315, "d4": -2.8488993160352907, "p1": 33.05669555302292, "p2": 9.858397187048574, "p3": 37.07036470775916, "p4": 28.382919318632204, "pol1": 0.4668208000376992, "pol2": -0.7961289905190081, "pol3": 0.16766448368543863, "pol4": -0.7122872063179828, "v0s": 5.658154135226815}, "datetime": {"datetime": "2022-05-16 22:18:09", "elapsed": 9304.877562, "delta": 15.869556}}
{"target": -1.0, "params": {"Bgrad": 0.7607043948881783, "d1": -1.0257870754856322, "d2": 0.12942818549436508, "d3": 0.03993946320755848, "d4": -1.7090140555750946, "p1": 4.540582439932983, "p2": 35.25515968331425, "p3": 39.94525240851124, "p4": 31.519259495795588, "pol1": -0.9873424767719843, "pol2": 0.7816548197976427, "pol3": -0.2301064773644339, "pol4": -0.42440401076870504, "v0s": 3.1721287351699803}, "datetime": {"datetime": "2022-05-16 22:18:22", "elapsed": 9317.41802, "delta": 12.540458}}
{"target": 6.170275238920082, "params": {"Bgrad": 1.7390097030789509, "d1": -2.135477278981606, "d2": 0.17061280173886645, "d3": -0.2969463122888518, "d4": -1.5791101992424643, "p1": 11.084948284719346, "p2": 26.906907890804447, "p3": 42.465202118866664, "p4": 27.02415605864882, "pol1": -0.3812400894775498, "pol2": 0.6369799380685914, "pol3": 0.40077270582658003, "pol4": -0.3764577957623132, "v0s": 6.170275238920082}, "datetime": {"datetime": "2022-05-16 22:18:33", "elapsed": 9328.831494, "delta": 11.413474}}
{"target": 3.7761630313611887, "params": {"Bgrad": 1.6791955132232395, "d1": -2.761898884057029, "d2": -0.770349314829792, "d3": -0.9361966511217994, "d4": -2.474250079266415, "p1": 46.13043741518146, "p2": 23.401076024871436, "p3": 26.584170973743387, "p4": 11.443004911867405, "pol1": 0.5550704421302495, "pol2": 0.14084800958915977, "pol3": -0.8565078657577505, "pol4": 0.7217464404001268, "v0s": 3.7761630313611887}, "datetime": {"datetime": "2022-05-16 22:18:41", "elapsed": 9336.491007, "delta": 7.659513}}
{"target": 4.705656964323622, "params": {"Bgrad": 1.3640001023206298, "d1": -1.48408049055863, "d2": 0.9752153459508478, "d3": -1.7507021800546583, "d4": -3.0, "p1": 29.23642321095685, "p2": 10.687048825043599, "p3": 37.52976974508276, "p4": 27.728715424815558, "pol1": 0.27464513162730636, "pol2": 0.008663228519620501, "pol3": -1.0, "pol4": 0.4093956065154265, "v0s": 4.705656964323622}, "datetime": {"datetime": "2022-05-16 22:18:50", "elapsed": 9346.109282, "delta": 9.618275}}
{"target": 3.315515486928866, "params": {"Bgrad": 0.5, "d1": -1.1054595015384983, "d2": -0.06266849141679942, "d3": -2.981926145559288, "d4": -0.11240285557046033, "p1": 14.094433236491229, "p2": 5.937593069135124, "p3": 5.5583527243678015, "p4": 37.28759676988523, "pol1": 0.005706196116987494, "pol2": -1.0, "pol3": -0.5113795306763532, "pol4": -1.0, "v0s": 3.315515486928866}, "datetime": {"datetime": "2022-05-16 22:19:00", "elapsed": 9355.531082, "delta": 9.4218}}
{"target": 4.561592201304124, "params": {"Bgrad": 1.2872207517756054, "d1": -0.6082171649070435, "d2": 0.8442645316111892, "d3": -2.705272311876305, "d4": -3.0, "p1": 29.592828920329193, "p2": 10.239646572482643, "p3": 37.01472389700282, "p4": 27.656501846806105, "pol1": 0.687458774466437, "pol2": -0.05976798221220109, "pol3": -1.0, "pol4": -0.7757094183588861, "v0s": 4.561592201304124}, "datetime": {"datetime": "2022-05-16 22:19:12", "elapsed": 9367.400336, "delta": 11.869254}}
{"target": 4.122550859212643, "params": {"Bgrad": 0.524801544673107, "d1": -1.6805594536710022, "d2": 0.3292574378247051, "d3": -2.364591811457186, "d4": -3.0, "p1": 10.353032957157422, "p2": 15.944287894056584, "p3": 6.8579674927530405, "p4": 29.286766282003388, "pol1": -0.007753431854398686, "pol2": 0.28708721949195, "pol3": 0.4061325330466348, "pol4": 0.5773380913412496, "v0s": 4.122550859212643}, "datetime": {"datetime": "2022-05-16 22:19:18", "elapsed": 9373.794235, "delta": 6.393899}}
{"target": 4.286542219257456, "params": {"Bgrad": 0.9677836467936997, "d1": -2.4021682394945185, "d2": -0.267187927384035, "d3": -0.9676294076498865, "d4": -0.4701418149465316, "p1": 36.091115174141926, "p2": 9.770418278828144, "p3": 8.832391876857905, "p4": 30.415567610886622, "pol1": 0.5525850187927992, "pol2": 0.11943555450605951, "pol3": -0.6733216181230088, "pol4": 0.2826416668892706, "v0s": 4.286542219257456}, "datetime": {"datetime": "2022-05-16 22:19:28", "elapsed": 9384.169485, "delta": 10.37525}}
{"target": -1.0, "params": {"Bgrad": 1.3371579101635098, "d1": -2.4728942677721957, "d2": -0.5479327488578285, "d3": 0.4245458954930159, "d4": -2.335345786833901, "p1": 9.95775109001893, "p2": 28.589770196941167, "p3": 43.67633077107494, "p4": 26.75507059613548, "pol1": -0.43512658457240505, "pol2": -0.03585827542409592, "pol3": -0.4060555936446273, "pol4": 0.5727356945724051, "v0s": 7.236829510673245}, "datetime": {"datetime": "2022-05-16 22:19:41", "elapsed": 9396.608216, "delta": 12.438731}}
{"target": 4.522449769527156, "params": {"Bgrad": 1.3788807304852664, "d1": -2.677289238348528, "d2": 0.11964976357615598, "d3": -1.4889961836150607, "d4": -0.30374687720352345, "p1": 3.354150325976568, "p2": 35.06264474415677, "p3": 33.863990071937614, "p4": 39.227251866201236, "pol1": -0.0677472448661065, "pol2": -0.21658858428603756, "pol3": -0.5858694792480155, "pol4": 0.3667764264712603, "v0s": 4.522449769527156}, "datetime": {"datetime": "2022-05-16 22:19:49", "elapsed": 9405.211206, "delta": 8.60299}}
