{"target": -1.0, "params": {"Bgrad": 1.986407603154038, "d1": -2.2071962644480045, "d2": 0.34305026625949375, "d3": 0.13561866157011984, "d4": 1.0, "p1": 11.203122617212262, "p2": 23.070816398770827, "p3": 45.116268567882905, "p4": 29.502224646031728, "pol1": 0.398448483345837, "pol2": -0.363675570974274, "pol3": 0.48388544983242426, "pol4": 1.0, "v0s": 2.8631426888365747}, "datetime": {"datetime": "2022-04-14 18:27:19", "elapsed": 10059.616982, "delta": 21.126516}}
{"target": -1.0, "params": {"Bgrad": 1.6150722379689149, "d1": 0.3804331312711513, "d2": 0.6789347680634399, "d3": -2.5858915327565364, "d4": -2.32778343262189, "p1": 45.55205482730218, "p2": 43.68785432022765, "p3": 10.667067123474904, "p4": 11.712880310695917, "pol1": -0.1707884424516286, "pol2": -0.19569351546556946, "pol3": 0.2580160222638648, "pol4": 0.6429339536601519, "v0s": 4.060801448605554}, "datetime": {"datetime": "2022-04-14 18:27:44", "elapsed": 10084.394733, "delta": 24.777751}}
{"target": 4.047705308057693, "params": {"Bgrad": 1.7633739068090324, "d1": -2.8923969601286283, "d2": -1.2474947168776527, "d3": -2.4463995983994926, "d4": -1.4916779814711172, "p1": 17.501969941509977, "p2": 22.153819062046257, "p3": 23.04245870362703, "p4": 23.333951873267136, "pol1": -0.6120222631262588, "pol2": -0.27476934661112123, "pol3": 0.5687141380821447, "pol4": 0.06273816074567164, "v0s": 4.047705308057693}, "datetime": {"datetime": "2022-04-14 18:27:57", "elapsed": 10097.335135, "delta": 12.940402}}
{"target": 3.2488961580518705, "params": {"Bgrad": 1.799225201918488, "d1": -0.6558785543137016, "d2": 0.899839641430487, "d3": -1.1329845842087947, "d4": -2.6439509435838042, "p1": 3.0032120610474555, "p2": 32.8478289675992, "p3": 17.942153725149996, "p4": 10.195066089779143, "pol1": -0.29588701504606085, "pol2": 0.06627537304406439, "pol3": 0.299377462182451, "pol4": -0.1889148699279124, "v0s": 3.2488961580518705}, "datetime": {"datetime": "2022-04-14 18:28:07", "elapsed": 10107.542843, "delta": 10.207708}}
{"target": 3.757225322108101, "params": {"Bgrad": 1.1200267071745222, "d1": -2.992195911667765, "d2": -0.06269256420584979, "d3": -1.0009479388284368, "d4": 0.1588751678770559, "p1": 12.130339270710449, "p2": 29.595191511273384, "p3": 47.71150771482513, "p4": 19.214113201489763, "pol1": 0.3422625365533185, "pol2": -0.2529828898692108, "pol3": -0.4903759361280513, "pol4": 0.9721265780607435, "v0s": 3.757225322108101}, "datetime": {"datetime": "2022-04-14 18:28:15", "elapsed": 10115.224305, "delta": 7.681462}}
{"target": -1.0, "params": {"Bgrad": 1.9345193238036251, "d1": -0.6472449270691376, "d2": 0.6756363685899696, "d3": -2.165660756921436, "d4": -0.38198300072602986, "p1": 17.97424973673325, "p2": 20.580592659053764, "p3": 23.02228154758038, "p4": 22.725806923204445, "pol1": -0.37376421507325386, "pol2": -0.4633392616237768, "pol3": 0.2555638570422005, "pol4": -0.19047746464467985, "v0s": 6.67734208979648}, "datetime": {"datetime": "2022-04-14 18:28:37", "elapsed": 10137.471822, "delta": 22.247517}}
{"target": -1.0, "params": {"Bgrad": 0.6971250761760049, "d1": -1.7179738299845662, "d2": 0.11685701081660849, "d3": -0.9893722845567821, "d4": -1.2097072934435626, "p1": 2.077807744307991, "p2": 32.230242621425305, "p3": 16.6791610918012, "p4": 11.59678996956835, "pol1": -0.4853200330169902, "pol2": -0.037223441568917215, "pol3": -0.5120717639987855, "pol4": -0.7998840089153951, "v0s": 4.926214305569829}, "datetime": {"datetime": "2022-04-14 18:29:11", "elapsed": 10170.944328, "delta": 33.472506}}
{"target": -1.0, "params": {"Bgrad": 0.7620173262587262, "d1": -1.1532111654834156, "d2": -0.21968988359952224, "d3": -2.950335404697495, "d4": -0.7415936839036608, "p1": 15.060587292169114, "p2": 15.108923633740462, "p3": 23.14730507571013, "p4": 24.145221292802223, "pol1": 0.9905212966429671, "pol2": 0.9914455952300514, "pol3": -0.539241084310297, "pol4": -0.7124525377552198, "v0s": 4.537335108388243}, "datetime": {"datetime": "2022-04-14 18:29:21", "elapsed": 10180.938606, "delta": 9.994278}}
{"target": 3.859174453350093, "params": {"Bgrad": 1.4575034125711608, "d1": -2.7846737573856686, "d2": -1.5500763579319492, "d3": 0.4613681515329806, "d4": 0.019320585970214577, "p1": 4.279175223567227, "p2": 33.97764640884172, "p3": 17.436784519214594, "p4": 12.867416958581918, "pol1": -0.46995627143617424, "pol2": 0.577803326284517, "pol3": 0.8210339407299005, "pol4": 0.20654528425618723, "v0s": 3.859174453350093}, "datetime": {"datetime": "2022-04-14 18:29:33", "elapsed": 10193.332469, "delta": 12.393863}}
{"target": 2.512630124543281, "params": {"Bgrad": 1.565977210514921, "d1": -0.7936027171466634, "d2": 0.22192969456120307, "d3": -1.4382219674697194, "d4": -0.7851899744067649, "p1": 46.522034917225646, "p2": 43.46411567595592, "p3": 8.897590632365553, "p4": 12.375242853162135, "pol1": -0.7092464538904257, "pol2": 0.5651570390185771, "pol3": 0.008567836322407915, "pol4": -0.16179019036440656, "v0s": 2.512630124543281}, "datetime": {"datetime": "2022-04-14 18:29:41", "elapsed": 10201.500631, "delta": 8.168162}}
{"target": 3.925486157858687, "params": {"Bgrad": 1.5849325081204022, "d1": -1.6257215246598609, "d2": -3.0, "d3": -2.0455384292888352, "d4": -2.175514779011695, "p1": 25.427964747363855, "p2": 31.100067418452316, "p3": 44.08649777810476, "p4": 44.76005469273363, "pol1": -0.38808793542538667, "pol2": 0.23283077365726554, "pol3": -0.38300727922052036, "pol4": -0.24488178211222308, "v0s": 3.925486157858687}, "datetime": {"datetime": "2022-04-14 18:29:54", "elapsed": 10214.142829, "delta": 12.642198}}
{"target": 3.1514383626140665, "params": {"Bgrad": 1.7949790588602206, "d1": -1.838716750272468, "d2": -1.4985264426536453, "d3": -2.189143505402251, "d4": -2.429572040617051, "p1": 18.917628832001988, "p2": 19.857873264360393, "p3": 21.196126337631004, "p4": 23.955349455707182, "pol1": -0.05786656651368549, "pol2": 0.242222251195634, "pol3": -0.6642919706125798, "pol4": -0.662905799256287, "v0s": 3.1514383626140665}, "datetime": {"datetime": "2022-04-14 18:30:04", "elapsed": 10224.239833, "delta": 10.097004}}
{"target": -1.0, "params": {"Bgrad": 1.896581336017595, "d1": 0.49936394973577425, "d2": 0.569193048643863, "d3": -0.18083173550375742, "d4": -1.245819903651605, "p1": 47.71980861365449, "p2": 42.45223863836723, "p3": 7.793703081879166, "p4": 13.315019350901169, "pol1": -0.400907774002369, "pol2": -0.9048293380079697, "pol3": -0.07723266617985547, "pol4": 0.9191419339020959, "v0s": 4.847687546261023}, "datetime": {"datetime": "2022-04-14 18:30:29", "elapsed": 10248.945777, "delta": 24.705944}}
{"target": 4.690367837498201, "params": {"Bgrad": 0.9163611116016057, "d1": -2.6883173766878796, "d2": -2.2346246630972098, "d3": -2.7048293139992956, "d4": -1.113671551766185, "p1": 5.376666015632142, "p2": 1.5337516673005591, "p3": 37.98470858423328, "p4": 19.975623261802987, "pol1": 0.4419529695530087, "pol2": -0.1631330932778866, "pol3": -0.015123023657761192, "pol4": -0.04122991664438543, "v0s": 4.690367837498201}, "datetime": {"datetime": "2022-04-14 18:30:37", "elapsed": 10257.040138, "delta": 8.094361}}
{"target": -1.0, "params": {"Bgrad": 0.8892570978902494, "d1": -0.3743984217346328, "d2": 0.2151411652672235, "d3": -2.271428301532323, "d4": -1.0593527511375065, "p1": 0.7077377800043028, "p2": 33.74159545823524, "p3": 17.29472248728305, "p4": 11.444239831439168, "pol1": 0.05942244434482036, "pol2": 0.8691187591799758, "pol3": 0.3396994860082463, "pol4": -0.18874809678881976, "v0s": 2.629396709793909}, "datetime": {"datetime": "2022-04-14 18:30:43", "elapsed": 10263.397139, "delta": 6.357001}}
{"target": -1.0, "params": {"Bgrad": 0.7157148493215351, "d1": -2.346077207532892, "d2": -0.6552580023574004, "d3": -1.2799427613040435, "d4": -1.722113168401462, "p1": 33.51958884957028, "p2": 8.379967158394935, "p3": 6.930086351497334, "p4": 27.639215502735965, "pol1": 0.8893713653526567, "pol2": -0.05965387696809721, "pol3": 0.3329955957811157, "pol4": -0.6751275879007357, "v0s": 4.716078040945138}, "datetime": {"datetime": "2022-04-14 18:30:53", "elapsed": 10273.589887, "delta": 10.192748}}
{"target": -1.0, "params": {"Bgrad": 1.7010153352628121, "d1": -1.5916776720968837, "d2": 0.2481235943212856, "d3": -2.0976240656816407, "d4": -2.9962561287902676, "p1": 17.033030955567714, "p2": 17.233843110656146, "p3": 23.363079310527997, "p4": 22.313571843166102, "pol1": -0.23071053884809722, "pol2": 0.5778406160275507, "pol3": 0.5839896746895494, "pol4": -0.8944745458085943, "v0s": 6.1154640515450875}, "datetime": {"datetime": "2022-04-14 18:31:12", "elapsed": 10292.208108, "delta": 18.618221}}
