{"target": 4.375261714597514, "params": {"Bgrad": 1.0221907854163603, "d1": -3.0, "d2": 0.8634371599991543, "d3": -1.6626482695036717, "d4": -0.9762934590579244, "p1": 28.528323178849355, "p2": 30.61213734717762, "p3": 7.228104809529159, "p4": 43.469160218218974, "pol1": 0.2906954368881135, "pol2": 0.09831938376824843, "pol3": 0.6752807331415107, "pol4": 0.257863589599515, "v0s": 4.375261714597514}, "datetime": {"datetime": "2022-05-17 14:58:57", "elapsed": 69352.753388, "delta": 26.226853}}
{"target": 4.608494470185219, "params": {"Bgrad": 1.1008917920180834, "d1": -1.8866309497361917, "d2": -0.07506770050245759, "d3": -2.4192266788911234, "d4": -2.416695978136358, "p1": 31.502930232706056, "p2": 10.993011207267323, "p3": 41.26015788045928, "p4": 36.66601854621752, "pol1": 0.8476795320277946, "pol2": -0.8652622395367799, "pol3": -0.08341210687378031, "pol4": 0.14171167266264084, "v0s": 4.608494470185219}, "datetime": {"datetime": "2022-05-17 14:59:19", "elapsed": 69374.685335, "delta": 21.931947}}
{"target": 5.207889638931157, "params": {"Bgrad": 0.8050787357509401, "d1": -2.9647503590807376, "d2": 0.6128280425954857, "d3": -1.3632872690867122, "d4": -0.5629460652764195, "p1": 4.549715939717435, "p2": 36.45446353405412, "p3": 32.08754180747039, "p4": 39.537012396798374, "pol1": -0.592823429505154, "pol2": 0.0867713929960483, "pol3": -0.8896302343520943, "pol4": 0.26343306217044127, "v0s": 5.207889638931157}, "datetime": {"datetime": "2022-05-17 15:00:05", "elapsed": 69421.016995, "delta": 46.33166}}
{"target": -1.0, "params": {"Bgrad": 1.2665307247173139, "d1": -2.4552454140313333, "d2": 0.0703750045447693, "d3": -0.9964602299962513, "d4": -1.3992068772171442, "p1": 10.216099545666403, "p2": 26.743671802453946, "p3": 40.79246125844825, "p4": 27.75113825637396, "pol1": -0.5690555052412101, "pol2": 0.7263015770727532, "pol3": 0.6631523600865668, "pol4": 0.6131779693723782, "v0s": 5.765663879625826}, "datetime": {"datetime": "2022-05-17 15:00:49", "elapsed": 69464.954915, "delta": 43.93792}}
{"target": 4.813531183481342, "params": {"Bgrad": 1.2033672685458017, "d1": -3.0, "d2": 0.7168996340219901, "d3": -0.7026165962189405, "d4": -0.7945032380248623, "p1": 36.08899860265661, "p2": 8.53316934686585, "p3": 7.724155428728677, "p4": 31.07954499198586, "pol1": -0.45928369385745293, "pol2": 0.6043731486467442, "pol3": -0.2671846962464759, "pol4": 0.34047235066645404, "v0s": 4.813531183481342}, "datetime": {"datetime": "2022-05-17 15:01:15", "elapsed": 69490.46274, "delta": 25.507825}}
{"target": -1.0, "params": {"Bgrad": 1.7621827418225546, "d1": -2.012757364207877, "d2": -1.2588376117229432, "d3": 0.05237262332634174, "d4": -2.271988350816518, "p1": 3.929015974123018, "p2": 36.10009997796198, "p3": 27.92894265306989, "p4": 35.243148395743, "pol1": 0.027055583152703955, "pol2": -0.5366829353651053, "pol3": -0.47123876147828425, "pol4": 0.5397124220761345, "v0s": 4.3474581437752375}, "datetime": {"datetime": "2022-05-17 15:01:52", "elapsed": 69528.101256, "delta": 37.638516}}
{"target": 4.389855532502196, "params": {"Bgrad": 1.8490694757849861, "d1": -1.6071328005283239, "d2": 1.0, "d3": -1.6459499192862947, "d4": -3.0, "p1": 38.95708310279946, "p2": 46.25881979709288, "p3": 16.010795277443847, "p4": 12.812347804732328, "pol1": 0.04936336898305093, "pol2": 0.6570335781878057, "pol3": -0.25836899443709077, "pol4": 0.6492842588929362, "v0s": 4.389855532502196}, "datetime": {"datetime": "2022-05-17 15:02:20", "elapsed": 69555.2877, "delta": 27.186444}}
{"target": 5.139253274740329, "params": {"Bgrad": 0.5, "d1": -2.88731375680582, "d2": 0.6578388311610691, "d3": -2.4105475144981545, "d4": -3.0, "p1": 32.46809535543054, "p2": 6.396657721954464, "p3": 37.25659093568174, "p4": 29.53162008589509, "pol1": 0.8350285444348375, "pol2": 0.668814228128665, "pol3": -0.16397464762969713, "pol4": -0.16746808550567555, "v0s": 5.139253274740329}, "datetime": {"datetime": "2022-05-17 15:03:04", "elapsed": 69599.730456, "delta": 44.442756}}
{"target": 4.683707401738342, "params": {"Bgrad": 1.1648102034277585, "d1": -3.0, "d2": 1.0, "d3": -1.6501836405989574, "d4": -2.605670998240974, "p1": 7.9175159713136125, "p2": 38.01066521082108, "p3": 34.96966180884983, "p4": 37.96792499867351, "pol1": -0.1520362981455085, "pol2": 0.7336516480410956, "pol3": -0.3348836297066643, "pol4": 0.3000924307114936, "v0s": 4.683707401738342}, "datetime": {"datetime": "2022-05-17 15:03:36", "elapsed": 69631.276083, "delta": 31.545627}}
{"target": -1.0, "params": {"Bgrad": 0.5445079669219036, "d1": -2.100324046038897, "d2": 0.39252130391859597, "d3": -1.704418851254967, "d4": -1.4357257092323525, "p1": 4.408263503595222, "p2": 26.93051113858715, "p3": 42.62336826078236, "p4": 21.966707179119478, "pol1": -0.571589521546179, "pol2": -0.3456971235857971, "pol3": 0.516862372789404, "pol4": -0.2705505898505125, "v0s": 6.008920131743538}, "datetime": {"datetime": "2022-05-17 15:04:27", "elapsed": 69682.512046, "delta": 51.235963}}
{"target": 4.610215167378875, "params": {"Bgrad": 1.3886060089887264, "d1": -2.317150235464271, "d2": 1.0, "d3": -2.297645854315779, "d4": -1.3767040991080415, "p1": 2.534855996550464, "p2": 32.35104988461813, "p3": 28.99451253378852, "p4": 39.48758576922895, "pol1": 0.8952375812427065, "pol2": -0.17189313474865037, "pol3": -0.31259223242062734, "pol4": -0.8711769197038909, "v0s": 4.610215167378875}, "datetime": {"datetime": "2022-05-17 15:05:04", "elapsed": 69719.510091, "delta": 36.998045}}
{"target": 3.438221222422613, "params": {"Bgrad": 1.1489758228713471, "d1": -2.9046160387048916, "d2": 0.8555987869589528, "d3": -1.8552588930748204, "d4": -2.592222782517534, "p1": 5.780872583862617, "p2": 35.873536373263946, "p3": 39.70612220568878, "p4": 30.599793960194415, "pol1": 0.46909545326297253, "pol2": -0.6575027666062008, "pol3": 0.45349785561464606, "pol4": 0.9321107022112898, "v0s": 3.438221222422613}, "datetime": {"datetime": "2022-05-17 15:05:41", "elapsed": 69756.806337, "delta": 37.296246}}
{"target": 4.861001238502935, "params": {"Bgrad": 0.8226680061472357, "d1": -2.6812411269979695, "d2": 0.9542319865168546, "d3": -1.9237916219674358, "d4": -0.4860629757856171, "p1": 26.03834127268783, "p2": 9.828348130893982, "p3": 36.37295265150495, "p4": 24.45662405663021, "pol1": -0.0743572980566604, "pol2": 0.844532403752337, "pol3": 0.6223566314761825, "pol4": -0.12331534353393153, "v0s": 4.861001238502935}, "datetime": {"datetime": "2022-05-17 15:06:20", "elapsed": 69796.177035, "delta": 39.370698}}
{"target": 4.881963793765726, "params": {"Bgrad": 0.5, "d1": -3.0, "d2": 0.05487725414532114, "d3": -2.1025438511163976, "d4": -2.729499555761531, "p1": 33.63095176020384, "p2": 6.748180686130166, "p3": 38.96448612195801, "p4": 32.43079644818903, "pol1": 0.0796208314480119, "pol2": -0.03744331127263417, "pol3": -0.04828109002094164, "pol4": -0.49588182257204305, "v0s": 4.881963793765726}, "datetime": {"datetime": "2022-05-17 15:06:45", "elapsed": 69821.099377, "delta": 24.922342}}
{"target": -1.0, "params": {"Bgrad": 0.7542803573453661, "d1": 0.7193303858045113, "d2": -1.194460699957204, "d3": -0.7551291685355803, "d4": -2.0972850523035946, "p1": 3.905073195940778, "p2": 12.229717770985193, "p3": 37.791545480923176, "p4": 49.488449157427404, "pol1": -0.5038159558180264, "pol2": -0.38083420249675637, "pol3": -0.2997918186451236, "pol4": 0.3889801372889725, "v0s": 5.067189332824022}, "datetime": {"datetime": "2022-05-17 15:07:28", "elapsed": 69863.821112, "delta": 42.721735}}
{"target": 3.774337273658084, "params": {"Bgrad": 1.1053843665122658, "d1": -2.925262814820691, "d2": -0.07688879161146644, "d3": -2.8634863805785473, "d4": -1.3996121564432493, "p1": 25.910752746158643, "p2": 30.345573628204953, "p3": 5.887087671107155, "p4": 46.802158129193494, "pol1": -0.2635869477294772, "pol2": -0.7231078641121771, "pol3": 0.9324025011440418, "pol4": -0.6418798057758783, "v0s": 3.774337273658084}, "datetime": {"datetime": "2022-05-17 15:07:59", "elapsed": 69894.512026, "delta": 30.690914}}
{"target": 2.9297157384709624, "params": {"Bgrad": 1.8266457705505044, "d1": -2.3235472559428763, "d2": -2.505301912418207, "d3": 0.15197654662152082, "d4": -0.5027683603939073, "p1": 2.9978975093510387, "p2": 14.079399051538354, "p3": 37.30474249379734, "p4": 48.57567883116365, "pol1": 0.696420948273957, "pol2": -0.018441018757274552, "pol3": -0.9131271998464829, "pol4": -0.7616101309107324, "v0s": 2.9297157384709624}, "datetime": {"datetime": "2022-05-17 15:08:30", "elapsed": 69925.573947, "delta": 31.061921}}
{"target": 4.953863271795856, "params": {"Bgrad": 1.3767163224587162, "d1": -2.938730818756593, "d2": 0.11549994900975236, "d3": -2.5218276571437004, "d4": -1.1825279046742452, "p1": 6.359568695989321, "p2": 37.590350619036926, "p3": 30.342754265019273, "p4": 39.28106133882079, "pol1": 0.06028950890538676, "pol2": -0.4215127263841272, "pol3": 0.9675236453694172, "pol4": -0.2126147603747255, "v0s": 4.953863271795856}, "datetime": {"datetime": "2022-05-17 15:09:04", "elapsed": 69959.842292, "delta": 34.268345}}
{"target": 4.368546898709286, "params": {"Bgrad": 1.1502726131606895, "d1": -2.682547929639081, "d2": 0.6683114551338414, "d3": -0.917448904717515, "d4": -2.9636274107982614, "p1": 2.053691404767266, "p2": 14.848605790642921, "p3": 36.79329667191497, "p4": 47.940703540410894, "pol1": 0.45857416051357247, "pol2": 0.04021292509144181, "pol3": 0.17733086399777442, "pol4": 0.7501709328908452, "v0s": 4.368546898709286}, "datetime": {"datetime": "2022-05-17 15:09:27", "elapsed": 69982.56751, "delta": 22.725218}}
{"target": -1.0, "params": {"Bgrad": 1.8247700468079193, "d1": -2.606896764299658, "d2": 0.36587479387460764, "d3": -1.5989507098179723, "d4": 0.45056983003421625, "p1": 5.267894675309331, "p2": 34.13716451099174, "p3": 27.871816789095945, "p4": 42.744749951982705, "pol1": 0.20201566236817503, "pol2": -0.3877903627099397, "pol3": -0.10504925115078345, "pol4": -0.2068052697973426, "v0s": 3.5156746432249184}, "datetime": {"datetime": "2022-05-17 15:10:11", "elapsed": 70026.715431, "delta": 44.147921}}
{"target": 5.033706385962513, "params": {"Bgrad": 0.5, "d1": -3.0, "d2": 0.9132291116673475, "d3": -1.3111646892564417, "d4": -2.0563638124709334, "p1": 5.309223775808346, "p2": 35.725686348411074, "p3": 35.538625661974585, "p4": 36.921495787113564, "pol1": -0.6315739411912397, "pol2": -0.28755270015304896, "pol3": 0.5451458872620354, "pol4": -1.0, "v0s": 5.033706385962513}, "datetime": {"datetime": "2022-05-17 15:10:44", "elapsed": 70060.018358, "delta": 33.302927}}
{"target": 4.579707757448778, "params": {"Bgrad": 1.7083680195797248, "d1": -1.921080456614451, "d2": 1.0, "d3": -1.1026924997922476, "d4": -0.8995586959579353, "p1": 28.269336986834016, "p2": 40.69714224872242, "p3": 29.324573821538195, "p4": 20.067663016760083, "pol1": -1.0, "pol2": -0.8099433978086407, "pol3": 1.0, "pol4": -1.0, "v0s": 4.579707757448778}, "datetime": {"datetime": "2022-05-17 15:11:21", "elapsed": 70096.432963, "delta": 36.414605}}
{"target": 3.7214362818198685, "params": {"Bgrad": 1.8909653936159265, "d1": -2.5794423783065574, "d2": 0.5039192445812546, "d3": -1.3816570933154364, "d4": -2.920058594877805, "p1": 27.45688271582593, "p2": 11.319316296187825, "p3": 16.026250244340567, "p4": 28.074549288340613, "pol1": 0.30139454476413996, "pol2": 0.08356579090450622, "pol3": -0.3745568144244604, "pol4": -0.4699934352616155, "v0s": 3.7214362818198685}, "datetime": {"datetime": "2022-05-17 15:11:52", "elapsed": 70127.504857, "delta": 31.071894}}
{"target": 5.301327807576592, "params": {"Bgrad": 0.5940743073497341, "d1": -2.331707018829311, "d2": 0.6585335054537165, "d3": -0.6292823466458395, "d4": -0.18730862876914722, "p1": 3.300215974986298, "p2": 36.93615517871145, "p3": 41.74066245876627, "p4": 29.1466423000295, "pol1": 0.3459805295377807, "pol2": 0.8331336382122401, "pol3": 0.18768734931810127, "pol4": 0.499642884688446, "v0s": 5.301327807576592}, "datetime": {"datetime": "2022-05-17 15:12:15", "elapsed": 70150.769633, "delta": 23.264776}}
{"target": 4.7228161190962625, "params": {"Bgrad": 1.1279149693248252, "d1": -2.3270809793854896, "d2": 1.0, "d3": -1.5640193351692413, "d4": -1.3262856008822903, "p1": 4.048570308227427, "p2": 37.61630515453365, "p3": 40.932238521133925, "p4": 30.484655586997196, "pol1": 0.6882860598865685, "pol2": 0.14628845667421153, "pol3": 0.1660966852896154, "pol4": 0.5499529542475484, "v0s": 4.7228161190962625}, "datetime": {"datetime": "2022-05-17 15:12:43", "elapsed": 70179.091881, "delta": 28.322248}}
{"target": 4.951887786806176, "params": {"Bgrad": 0.5, "d1": -1.976337459740449, "d2": 1.0, "d3": -1.1137607527576836, "d4": -0.90137784165129, "p1": 3.7130296004169443, "p2": 35.14909228895925, "p3": 30.749875581510825, "p4": 35.62052641249539, "pol1": 0.5246548626956142, "pol2": -0.3386802992383262, "pol3": -0.015178027478266128, "pol4": -1.0, "v0s": 4.951887786806176}, "datetime": {"datetime": "2022-05-17 15:13:21", "elapsed": 70217.051354, "delta": 37.959473}}
{"target": 4.107173496904767, "params": {"Bgrad": 0.783846098337495, "d1": -2.851131776858596, "d2": -0.3448149629444486, "d3": -2.177942017600101, "d4": -2.5518396054375914, "p1": 8.535373425825805, "p2": 28.01702603373883, "p3": 40.70851946493111, "p4": 19.53605680332555, "pol1": 0.9941547919370506, "pol2": 0.02966683316397889, "pol3": 0.02774493695127811, "pol4": 0.8812416208285234, "v0s": 4.107173496904767}, "datetime": {"datetime": "2022-05-17 15:13:54", "elapsed": 70249.286138, "delta": 32.234784}}
{"target": 4.859159677945082, "params": {"Bgrad": 1.7989098649614141, "d1": -2.223374001859498, "d2": 0.7711303775437579, "d3": -1.403963278403991, "d4": -2.1915273717439137, "p1": 4.59105654985969, "p2": 34.60005255075592, "p3": 41.60676880810835, "p4": 30.20896825331273, "pol1": -0.25275464931682423, "pol2": 0.22723153838267995, "pol3": 0.3618603475786226, "pol4": -0.4524073669153761, "v0s": 4.859159677945082}, "datetime": {"datetime": "2022-05-17 15:14:21", "elapsed": 70277.152606, "delta": 27.866468}}
{"target": 4.885151776360277, "params": {"Bgrad": 1.2516141036335489, "d1": -2.3124137859401195, "d2": 1.0, "d3": -1.167108253564755, "d4": -2.4052654654433714, "p1": 40.90264350880246, "p2": 19.46872918190742, "p3": 15.244474028093792, "p4": 12.552981067608032, "pol1": 0.40429271398846306, "pol2": 1.0, "pol3": 0.28457281009163554, "pol4": -1.0, "v0s": 4.885151776360277}, "datetime": {"datetime": "2022-05-17 15:15:05", "elapsed": 70321.179849, "delta": 44.027243}}
{"target": -1.0, "params": {"Bgrad": 2.0, "d1": -3.0, "d2": -0.060918330589832766, "d3": -3.0, "d4": 1.0, "p1": 29.268715752317085, "p2": 17.190424085003713, "p3": 50.0, "p4": 36.63020546602427, "pol1": 1.0, "pol2": 1.0, "pol3": 0.22839611378274782, "pol4": 0.8014649992608878, "v0s": 3.852518688349583}, "datetime": {"datetime": "2022-05-17 15:15:35", "elapsed": 70350.782673, "delta": 29.602824}}
{"target": 4.249589345429328, "params": {"Bgrad": 0.8054053590722935, "d1": -2.2848665080869925, "d2": 0.3074964779558238, "d3": -0.42992322627722473, "d4": -0.7767240404636728, "p1": 34.93510488512406, "p2": 8.140638674201723, "p3": 35.91963329262577, "p4": 4.513346801416508, "pol1": -0.3134617690619381, "pol2": -1.0, "pol3": 0.2466750327019892, "pol4": 0.09907755031229855, "v0s": 4.249589345429328}, "datetime": {"datetime": "2022-05-17 15:16:06", "elapsed": 70381.487549, "delta": 30.704876}}
{"target": 4.773516838959089, "params": {"Bgrad": 1.5856201117462057, "d1": -2.260199987887753, "d2": 0.34096638752721287, "d3": -2.4359778416500437, "d4": -1.8420653662845337, "p1": 4.758127603720435, "p2": 35.70220503612062, "p3": 39.14908774855836, "p4": 29.09455739748228, "pol1": 0.2759901025029421, "pol2": 0.7696003442637804, "pol3": -0.5385623336926226, "pol4": -0.914909343615212, "v0s": 4.773516838959089}, "datetime": {"datetime": "2022-05-17 15:16:33", "elapsed": 70408.251964, "delta": 26.764415}}
{"target": 3.5450300220774094, "params": {"Bgrad": 1.343027025777591, "d1": -2.306300605008362, "d2": -0.21498722827838834, "d3": 0.11441373253024108, "d4": -0.9599648904720042, "p1": 35.16653541270101, "p2": 9.003398121919268, "p3": 37.1351362696268, "p4": 5.164996824479309, "pol1": 0.5057907211982925, "pol2": -1.0, "pol3": 0.6804073883298163, "pol4": 0.168949176934714, "v0s": 3.5450300220774094}, "datetime": {"datetime": "2022-05-17 15:16:59", "elapsed": 70435.014385, "delta": 26.762421}}
{"target": -1.0, "params": {"Bgrad": 1.8752589278372096, "d1": -2.932162571760019, "d2": 0.5909984257022316, "d3": -2.9003709983279844, "d4": -2.482034198945432, "p1": 43.03378306054482, "p2": 17.503046830518375, "p3": 24.489383519892232, "p4": 12.301479847702513, "pol1": -0.6302270710003981, "pol2": -0.43432694941479855, "pol3": 0.1520141855142345, "pol4": 0.04249186359320922, "v0s": 5.344771610171444}, "datetime": {"datetime": "2022-05-17 15:17:38", "elapsed": 70473.520396, "delta": 38.506011}}
{"target": 5.196375765221324, "params": {"Bgrad": 0.5, "d1": -3.0, "d2": 0.21180227681925792, "d3": -1.9212211756424449, "d4": -2.669693264042053, "p1": 33.12716489486473, "p2": 6.626737147042791, "p3": 37.259935583608694, "p4": 31.199453427431614, "pol1": 0.6141772789001837, "pol2": -0.1667547693376214, "pol3": 0.5611655236235482, "pol4": 0.011306156276477046, "v0s": 5.196375765221324}, "datetime": {"datetime": "2022-05-17 15:18:06", "elapsed": 70501.358938, "delta": 27.838542}}
{"target": -1.0, "params": {"Bgrad": 0.5986457522918691, "d1": -1.818256567789351, "d2": -0.01507832904144557, "d3": 0.04307190740394029, "d4": -2.485935263129636, "p1": 4.064602312195342, "p2": 37.23426508963366, "p3": 41.092680470477205, "p4": 31.441434891106145, "pol1": 0.7933118287892515, "pol2": -0.6262217044362797, "pol3": 0.43746184409225064, "pol4": -0.6823838633713888, "v0s": 3.776163004735994}, "datetime": {"datetime": "2022-05-17 15:18:51", "elapsed": 70546.696677, "delta": 45.337739}}
{"target": 4.518457375715048, "params": {"Bgrad": 1.2955610001731248, "d1": -2.50629113233198, "d2": 0.2659563986726283, "d3": -1.9157414936972854, "d4": -0.8488976751050048, "p1": 26.846473373103347, "p2": 10.778211564079243, "p3": 36.520042793440375, "p4": 25.23263220587294, "pol1": -0.23553252471594144, "pol2": -0.6199974611093526, "pol3": 0.40704672834660083, "pol4": -0.9790922225757337, "v0s": 4.518457375715048}, "datetime": {"datetime": "2022-05-17 15:19:15", "elapsed": 70570.823148, "delta": 24.126471}}
{"target": 4.512790041320433, "params": {"Bgrad": 0.5292740852475902, "d1": -2.7399920881241986, "d2": -0.41877221694777755, "d3": -0.4164728090827808, "d4": -2.6967672792640025, "p1": 2.8487245815146323, "p2": 13.38488890707778, "p3": 37.11288265287526, "p4": 47.88989104545214, "pol1": 0.3158076441107633, "pol2": 0.15162930583626377, "pol3": -0.09674802474640656, "pol4": 0.012267567014041629, "v0s": 4.512790041320433}, "datetime": {"datetime": "2022-05-17 15:20:14", "elapsed": 70629.857253, "delta": 59.034105}}
{"target": -1.0, "params": {"Bgrad": 2.0, "d1": -1.0252444482247047, "d2": -1.751141880761627, "d3": -1.4021091254127405, "d4": -3.0, "p1": 4.2740983094692915, "p2": 10.030700001674475, "p3": 38.195585206928634, "p4": 28.525664261295166, "pol1": -0.5295109622486435, "pol2": -1.0, "pol3": -0.0771000986764387, "pol4": -1.0, "v0s": 4.656720754928382}, "datetime": {"datetime": "2022-05-17 15:20:43", "elapsed": 70658.643261, "delta": 28.786008}}
{"target": -1.0, "params": {"Bgrad": 1.010412288922044, "d1": -2.303893674055499, "d2": 0.3681216954127984, "d3": -0.9033233938859655, "d4": 0.8922313374490818, "p1": 31.12470690958898, "p2": 32.84413639903958, "p3": 4.35289168357399, "p4": 43.74882458303739, "pol1": -0.43245304010195107, "pol2": 0.7847642939716963, "pol3": -0.037970637195499535, "pol4": 0.0701424086667175, "v0s": 2.737328176885247}, "datetime": {"datetime": "2022-05-17 15:21:34", "elapsed": 70709.805422, "delta": 51.162161}}
{"target": 3.1189340163932116, "params": {"Bgrad": 1.7425516752643841, "d1": -0.9962657732546072, "d2": -0.45775687837012136, "d3": -1.8675536550928613, "d4": 0.4061234147360375, "p1": 44.73618327688329, "p2": 25.901035947733032, "p3": 26.49588928034352, "p4": 13.154219891447733, "pol1": -0.7041258056640121, "pol2": -0.2606062447919095, "pol3": 0.022269766145120107, "pol4": -0.6531297690296907, "v0s": 3.1189340163932116}, "datetime": {"datetime": "2022-05-17 15:22:09", "elapsed": 70744.512593, "delta": 34.707171}}
{"target": -1.0, "params": {"Bgrad": 0.6872621529190828, "d1": -2.6404569954743744, "d2": 0.23023661819920616, "d3": -0.04171051563201589, "d4": -2.249245550879243, "p1": 35.12762874087731, "p2": 8.386038197100081, "p3": 33.47468292680708, "p4": 6.1554339123089665, "pol1": -0.2916044855109128, "pol2": 0.0016526287499922798, "pol3": 0.04537597909172497, "pol4": -0.6691556760453272, "v0s": 4.493315202763358}, "datetime": {"datetime": "2022-05-17 15:22:37", "elapsed": 70772.36809, "delta": 27.855497}}
{"target": 2.9963699917390203, "params": {"Bgrad": 0.626617505735718, "d1": -1.3517783116622302, "d2": 0.730389140442484, "d3": -0.6619400616201023, "d4": 0.6966019649754607, "p1": 33.49882680557966, "p2": 6.311296369191416, "p3": 34.74915483126075, "p4": 7.22736174760879, "pol1": 0.47663330171540164, "pol2": -0.4157806032847444, "pol3": 0.08314060574164372, "pol4": -0.09773139480717274, "v0s": 2.9963699917390203}, "datetime": {"datetime": "2022-05-17 15:22:59", "elapsed": 70795.069372, "delta": 22.701282}}
{"target": 4.665024362730424, "params": {"Bgrad": 1.8133049119092277, "d1": -0.7952147078768417, "d2": -0.06479459796217046, "d3": -1.51344338662639, "d4": -2.747968871433921, "p1": 9.75685539469655, "p2": 24.180283829764164, "p3": 43.82876135178621, "p4": 22.456936774467945, "pol1": -0.0020376603791179004, "pol2": 0.38677735443294603, "pol3": -0.28054020801603663, "pol4": 0.22244897646825867, "v0s": 4.665024362730424}, "datetime": {"datetime": "2022-05-17 15:23:27", "elapsed": 70822.656587, "delta": 27.587215}}
