{"target": -1.0, "params": {"Bgrad": 1.1998656669604775, "d1": 0.8625850621003166, "d2": -1.996224709869923, "d3": -1.001498552461289, "d4": -0.5003643072221333, "p1": 8.02118699174461, "p2": 10.333458073835445, "p3": 45.07312085010881, "p4": 16.764034070578877, "pol1": -0.7972585497314932, "pol2": 0.9495303098268735, "pol3": -0.7860844089501844, "pol4": 0.5232405284340149, "v0s": 7.6009052237723225}, "datetime": {"datetime": "2022-04-28 16:43:47", "elapsed": 4340.148563, "delta": 8.617958}}
{"target": -1.0, "params": {"Bgrad": 0.7436349562395019, "d1": -2.780060396805555, "d2": -2.328988220040024, "d3": -2.058795234388265, "d4": -0.3177945785853571, "p1": 33.450527232345564, "p2": 19.251258139415267, "p3": 10.782645091489783, "p4": 5.586677786001054, "pol1": 0.49086732792784127, "pol2": 0.03385299294043187, "pol3": 0.5704878084912848, "pol4": -0.6535575667043609, "v0s": 4.46790737452241}, "datetime": {"datetime": "2022-04-28 16:43:53", "elapsed": 4345.595997, "delta": 5.447434}}
{"target": -1.0, "params": {"Bgrad": 1.444406579285527, "d1": -0.2287875910375381, "d2": -1.5252582585189445, "d3": -1.1406659323631927, "d4": -1.118721941812976, "p1": 14.161280291741985, "p2": 18.24662683130028, "p3": 34.61905400123699, "p4": 12.116463617550394, "pol1": -0.3391547639688315, "pol2": -0.4025610254098513, "pol3": -0.3690917551613191, "pol4": 0.23530919653046412, "v0s": 5.615764371821475}, "datetime": {"datetime": "2022-04-28 16:44:03", "elapsed": 4356.060018, "delta": 10.464021}}
{"target": -1.0, "params": {"Bgrad": 0.6589855368058692, "d1": 0.9940605042518609, "d2": -2.062069205046238, "d3": -0.7435951835898074, "d4": -0.30180628573956403, "p1": 20.50821016102904, "p2": 2.6042663882673955, "p3": 44.44212262395629, "p4": 29.861378113471027, "pol1": -0.9731906338951739, "pol2": 0.17198874902236327, "pol3": 0.6351914607752234, "pol4": 0.9099146230674828, "v0s": 2.1078666743632706}, "datetime": {"datetime": "2022-04-28 16:44:11", "elapsed": 4363.615815, "delta": 7.555797}}
{"target": -1.0, "params": {"Bgrad": 1.45847050557557, "d1": -0.7752524919784647, "d2": -2.0304784614595865, "d3": -1.304948373714212, "d4": 0.6365112045293171, "p1": 10.234663568913676, "p2": 10.060059024094103, "p3": 20.092624780225993, "p4": 45.91578303528448, "pol1": 0.855638181525253, "pol2": 0.9934979886029158, "pol3": -0.5590934375929786, "pol4": -0.2418086143402649, "v0s": 7.40281753347147}, "datetime": {"datetime": "2022-04-28 16:44:22", "elapsed": 4374.753036, "delta": 11.137221}}
{"target": -1.0, "params": {"Bgrad": 0.647864473355126, "d1": -0.3967413129365327, "d2": -0.7946959964552698, "d3": 0.8763448909109361, "d4": -1.006658593856554, "p1": 44.30016757397546, "p2": 8.359567431881704, "p3": 0.015207500784930605, "p4": 43.24720534464135, "pol1": 0.08283741891939411, "pol2": -0.8757132682365183, "pol3": -0.8449864060412622, "pol4": -0.5825301292530551, "v0s": 5.483035915197757}, "datetime": {"datetime": "2022-04-28 16:44:27", "elapsed": 4379.646951, "delta": 4.893915}}
{"target": -1.0, "params": {"Bgrad": 1.1338421812155937, "d1": 0.294950884852593, "d2": -2.9296742829788633, "d3": 0.11086278229809654, "d4": -2.8897196535175462, "p1": 21.90026650094572, "p2": 43.778447382148684, "p3": 13.945110769396718, "p4": 49.51320763391554, "pol1": -0.1675595747096159, "pol2": 0.6526640857927022, "pol3": -0.3427351085698709, "pol4": -0.2921783832419562, "v0s": 3.0210766946336998}, "datetime": {"datetime": "2022-04-28 16:44:41", "elapsed": 4394.435409, "delta": 14.788458}}
{"target": -1.0, "params": {"Bgrad": 1.844516123795128, "d1": -1.672158981721552, "d2": -1.5170574443484912, "d3": -2.9432237377435277, "d4": 0.3521819586428312, "p1": 17.287724275986204, "p2": 33.364290543462275, "p3": 14.119582728694297, "p4": 42.660304505822, "pol1": 0.5646757223819978, "pol2": -0.07842794029886835, "pol3": -0.26098895435122826, "pol4": -0.4009814629174566, "v0s": 2.664157522967596}, "datetime": {"datetime": "2022-04-28 16:44:50", "elapsed": 4403.419387, "delta": 8.983978}}
{"target": -1.0, "params": {"Bgrad": 1.2981212162289355, "d1": -1.350580255451694, "d2": -1.6261686424637665, "d3": -1.0200768971903638, "d4": -0.564873289199662, "p1": 36.35451811825613, "p2": 5.017837070646242, "p3": 48.74929219510803, "p4": 45.17230231195828, "pol1": 0.5152064929959226, "pol2": 0.7726790006323208, "pol3": 0.41332706989844836, "pol4": -0.26553760096135703, "v0s": 2.7496297345631557}, "datetime": {"datetime": "2022-04-28 16:44:55", "elapsed": 4407.716911, "delta": 4.297524}}
{"target": -1.0, "params": {"Bgrad": 1.7308832990655407, "d1": -2.3922096722432094, "d2": -2.7251244903565466, "d3": -0.09245914395010635, "d4": -0.10690373396622199, "p1": 18.23553864601477, "p2": 23.1567656444034, "p3": 3.9137980795325156, "p4": 17.076753006453664, "pol1": 0.36323456983388236, "pol2": 0.3823389380641151, "pol3": 0.06676391852174346, "pol4": -0.8505415099820612, "v0s": 5.115769425702809}, "datetime": {"datetime": "2022-04-28 16:45:10", "elapsed": 4422.860683, "delta": 15.143772}}
{"target": -1.0, "params": {"Bgrad": 1.16434823823909, "d1": -2.9623726350748236, "d2": -1.2918109749728148, "d3": -0.32939286687570757, "d4": -1.0464402647452076, "p1": 35.41948499568187, "p2": 35.68884901100024, "p3": 3.3858008887527546, "p4": 42.51039425938781, "pol1": 0.8826692387597221, "pol2": 0.6864299837337389, "pol3": -0.730809631529266, "pol4": -0.7741054895981723, "v0s": 2.2317441021712385}, "datetime": {"datetime": "2022-04-28 16:45:19", "elapsed": 4431.58848, "delta": 8.727797}}
{"target": -1.0, "params": {"Bgrad": 0.7789398827180627, "d1": 0.6856472961944013, "d2": 0.3300284685455459, "d3": 0.5301453456037777, "d4": -1.8783935027724694, "p1": 34.42640796918897, "p2": 13.231915777304781, "p3": 10.165675684658959, "p4": 22.07172076595359, "pol1": -0.14489504861981972, "pol2": -0.2423079858109829, "pol3": -0.40104001983681536, "pol4": 0.5080211047329832, "v0s": 7.5910995230171325}, "datetime": {"datetime": "2022-04-28 16:45:25", "elapsed": 4438.100699, "delta": 6.512219}}
{"target": -1.0, "params": {"Bgrad": 0.6042104077001265, "d1": -2.47151115683526, "d2": 0.018829907576358718, "d3": -0.4329359460061233, "d4": 0.30797670679019795, "p1": 22.526087575735964, "p2": 36.74843877093017, "p3": 35.25228374094953, "p4": 28.84105893205125, "pol1": -0.08076987046720818, "pol2": -0.5117407151502265, "pol3": 0.02022969149337195, "pol4": -0.7972332225707788, "v0s": 2.6626751145062473}, "datetime": {"datetime": "2022-04-28 16:45:28", "elapsed": 4441.470725, "delta": 3.370026}}
{"target": -1.0, "params": {"Bgrad": 1.411588809604078, "d1": -0.0463420609677887, "d2": -2.909334811918518, "d3": -2.053062528326547, "d4": -1.571970213056971, "p1": 19.038988313973448, "p2": 8.375941375629099, "p3": 49.70093590238006, "p4": 6.365869436608423, "pol1": -0.7087381360632037, "pol2": -0.6852795699924519, "pol3": 0.7986985506257895, "pol4": -0.308103667031014, "v0s": 6.202750263645673}, "datetime": {"datetime": "2022-04-28 16:45:39", "elapsed": 4451.809755, "delta": 10.33903}}
{"target": -1.0, "params": {"Bgrad": 1.055622149222125, "d1": -2.457203392452463, "d2": -2.651327608209664, "d3": -2.1927031860266593, "d4": -0.041692219472084346, "p1": 10.861715419909135, "p2": 24.369687315642448, "p3": 16.2879730394852, "p4": 24.763361696497398, "pol1": -0.6829413304764023, "pol2": 0.3377018166859356, "pol3": 0.625551510506912, "pol4": -0.03445594941721741, "v0s": 7.417022606297735}, "datetime": {"datetime": "2022-04-28 16:45:47", "elapsed": 4459.94999, "delta": 8.140235}}
{"target": -1.0, "params": {"Bgrad": 0.7404703009921882, "d1": -0.9007791946009429, "d2": -1.0316611695534883, "d3": -2.3772755945496407, "d4": 0.9354258009776872, "p1": 20.559853318054707, "p2": 6.14021522009181, "p3": 7.715060998938183, "p4": 31.97461142518779, "pol1": 0.44812377107234336, "pol2": -0.5354823213958133, "pol3": -0.7161736642774092, "pol4": -0.47563359374503467, "v0s": 6.7305513565146375}, "datetime": {"datetime": "2022-04-28 16:45:54", "elapsed": 4466.883451, "delta": 6.933461}}
{"target": -1.0, "params": {"Bgrad": 1.6181100032610258, "d1": 0.634642042193927, "d2": -1.0848345634325258, "d3": -2.2922501595396554, "d4": -1.8804361370516762, "p1": 27.91065394714694, "p2": 30.44726688286095, "p3": 30.47842922683896, "p4": 38.08784517810111, "pol1": 0.7594575603198013, "pol2": -0.17565124493269724, "pol3": -0.7695576348116655, "pol4": -0.958654181568035, "v0s": 4.147618060381315}, "datetime": {"datetime": "2022-04-28 16:46:07", "elapsed": 4479.545594, "delta": 12.662143}}
{"target": -1.0, "params": {"Bgrad": 1.1545922057165305, "d1": -1.1896790675645308, "d2": 0.9666846791201271, "d3": 0.19225718178558626, "d4": 0.7983384849422275, "p1": 16.757224621963125, "p2": 40.50625261698267, "p3": 14.496541781445288, "p4": 30.16545146510404, "pol1": 0.9078027304834424, "pol2": -0.12348342636471998, "pol3": -0.44927574706427653, "pol4": -0.7049965936653559, "v0s": 2.1376974844431693}, "datetime": {"datetime": "2022-04-28 16:46:16", "elapsed": 4488.751979, "delta": 9.206385}}
{"target": -1.0, "params": {"Bgrad": 1.9482434026927753, "d1": -1.5410633397893099, "d2": -0.2534794835136487, "d3": -1.6834816033888718, "d4": 0.44431364609183, "p1": 28.931388595945474, "p2": 39.77570049201472, "p3": 0.8713495861346177, "p4": 39.77101026641689, "pol1": -0.0994615439743447, "pol2": -0.6990702948202352, "pol3": 0.2673091167013497, "pol4": 0.8618208134841332, "v0s": 4.026817870395199}, "datetime": {"datetime": "2022-04-28 16:46:31", "elapsed": 4503.898479, "delta": 15.1465}}
{"target": -1.0, "params": {"Bgrad": 0.538067613841001, "d1": -0.39582334332606317, "d2": 0.1758376248216158, "d3": -2.891935208239652, "d4": 0.16034124040302622, "p1": 17.33464866456476, "p2": 17.74743128634627, "p3": 4.806140043575119, "p4": 29.156112365028253, "pol1": -0.9853287369208541, "pol2": 0.07367630124880264, "pol3": 0.30768014974371827, "pol4": 0.198697632334923, "v0s": 2.3000660598505505}, "datetime": {"datetime": "2022-04-28 16:46:36", "elapsed": 4508.704629, "delta": 4.80615}}
{"target": -1.0, "params": {"Bgrad": 1.9330635570637207, "d1": -1.6890527142287652, "d2": -0.38787273705953274, "d3": 0.7409125218830281, "d4": -1.2974905711442921, "p1": 32.524870732820474, "p2": 11.070760876348018, "p3": 8.91297815554697, "p4": 32.6230713845117, "pol1": 0.8252181580406526, "pol2": -0.15234568659963177, "pol3": 0.038642908192119796, "pol4": -0.6303390298296747, "v0s": 5.635871440943448}, "datetime": {"datetime": "2022-04-28 16:46:52", "elapsed": 4525.01402, "delta": 16.309391}}
{"target": -1.0, "params": {"Bgrad": 1.9405637015951436, "d1": -0.16222360025762983, "d2": -0.13966536434399712, "d3": -1.166393180592602, "d4": 0.43047643702844596, "p1": 1.053245189766605, "p2": 16.642225077872812, "p3": 31.96814573747725, "p4": 11.6187636209787, "pol1": 0.48650717685275446, "pol2": 0.9326563850496383, "pol3": -0.6645100891777889, "pol4": -0.7583798993327575, "v0s": 6.500590598728321}, "datetime": {"datetime": "2022-04-28 16:47:09", "elapsed": 4541.766228, "delta": 16.752208}}
{"target": -1.0, "params": {"Bgrad": 0.5802478427872564, "d1": 0.8981386034645231, "d2": -2.0527117887911848, "d3": -2.6257439412555237, "d4": -2.7555937125860934, "p1": 9.596670622977527, "p2": 0.33804846473846073, "p3": 8.328150203810337, "p4": 38.60537905059731, "pol1": -0.28085845982026014, "pol2": -0.48065263507154965, "pol3": -0.8282491022010634, "pol4": -0.22711026371040122, "v0s": 6.678538226550478}, "datetime": {"datetime": "2022-04-28 16:47:15", "elapsed": 4547.724297, "delta": 5.958069}}
{"target": 5.645030100876823, "params": {"Bgrad": 1.9403900353174743, "d1": -2.3867717765700287, "d2": -0.401549368016036, "d3": -0.44581093533333904, "d4": 0.6434140779653763, "p1": 13.364290326567719, "p2": 37.42983752100343, "p3": 19.249630260662176, "p4": 5.158510579319831, "pol1": -0.8507462323051771, "pol2": 0.15576485559819342, "pol3": 0.6328523938615382, "pol4": -0.5134777054087813, "v0s": 5.645030100876823}, "datetime": {"datetime": "2022-04-28 16:47:25", "elapsed": 4557.555012, "delta": 9.830715}}
{"target": -1.0, "params": {"Bgrad": 1.5829586011438823, "d1": -2.1625378802985824, "d2": -1.701716092853336, "d3": -2.215846652419788, "d4": -1.0539700111076051, "p1": 43.0660911406824, "p2": 32.2307767304308, "p3": 24.992745339364287, "p4": 13.28362101120883, "pol1": 0.11175673571675837, "pol2": -0.7693131711300938, "pol3": 0.34318501737604645, "pol4": -0.29448292994119485, "v0s": 6.344712831357759}, "datetime": {"datetime": "2022-04-28 16:47:36", "elapsed": 4569.35147, "delta": 11.796458}}
{"target": -1.0, "params": {"Bgrad": 1.822196706976822, "d1": -0.06556983490497181, "d2": -2.502105925169836, "d3": -1.2159533468893198, "d4": 0.5201179364308199, "p1": 8.051164119342625, "p2": 9.740893334121619, "p3": 35.71502424095654, "p4": 47.983436642985886, "pol1": 0.9399849618453564, "pol2": -0.7846406834600248, "pol3": -0.8187495561689524, "pol4": 0.07543243817272716, "v0s": 2.168102786678906}, "datetime": {"datetime": "2022-04-28 16:47:51", "elapsed": 4584.297507, "delta": 14.946037}}
{"target": -1.0, "params": {"Bgrad": 1.199324376921983, "d1": 0.9604511732056582, "d2": -0.459404256615469, "d3": -2.7452863082470853, "d4": 0.8938535740650249, "p1": 29.518386631529054, "p2": 29.08829526158241, "p3": 6.000497902878088, "p4": 49.23397887548764, "pol1": -0.9366312153860041, "pol2": 0.4692067559502593, "pol3": -0.31159100105625126, "pol4": 0.5707967092434596, "v0s": 4.224842125798837}, "datetime": {"datetime": "2022-04-28 16:48:05", "elapsed": 4598.210307, "delta": 13.9128}}
{"target": -1.0, "params": {"Bgrad": 1.2758051082710944, "d1": -1.1283909527029174, "d2": 0.9873147690824577, "d3": -1.592680169491905, "d4": 0.0022842439047123797, "p1": 12.313787567330047, "p2": 31.99595734266534, "p3": 22.100985239013678, "p4": 48.268087566233255, "pol1": 0.4393254263537476, "pol2": -0.0270934137069061, "pol3": -0.6376525318700836, "pol4": -0.24195850031387, "v0s": 2.5133484975662634}, "datetime": {"datetime": "2022-04-28 16:48:16", "elapsed": 4608.740152, "delta": 10.529845}}
{"target": -1.0, "params": {"Bgrad": 1.429874420194093, "d1": -0.2470312597561115, "d2": -1.6573629970715409, "d3": 0.11527428067994716, "d4": -1.1854992182728639, "p1": 20.933706149705046, "p2": 32.401349455730724, "p3": 0.4781877297699799, "p4": 26.516524269789382, "pol1": 0.9845122168805285, "pol2": -0.3947327044722295, "pol3": 0.4256302940961951, "pol4": -0.16168866592713949, "v0s": 6.419713298170533}, "datetime": {"datetime": "2022-04-28 16:48:26", "elapsed": 4618.566877, "delta": 9.826725}}
{"target": -1.0, "params": {"Bgrad": 1.3915535768039207, "d1": -0.7008039382273963, "d2": -1.6491089741586444, "d3": -0.8066218122245221, "d4": -2.1794636956143365, "p1": 44.781973384496894, "p2": 5.801321342275667, "p3": 9.537103650879232, "p4": 27.60549185683751, "pol1": 0.05973787373499406, "pol2": -0.7465570230283616, "pol3": -0.40081655395748705, "pol4": -0.37481446913195415, "v0s": 4.756831563025245}, "datetime": {"datetime": "2022-04-28 16:48:37", "elapsed": 4629.732023, "delta": 11.165146}}
{"target": -1.0, "params": {"Bgrad": 1.9201783353768753, "d1": -1.709796675306952, "d2": -0.5459242699608975, "d3": -2.042692197716013, "d4": 0.9992289259367126, "p1": 15.23950615950566, "p2": 8.858182960433025, "p3": 40.63982005545496, "p4": 15.643757347739218, "pol1": 0.7924975141997899, "pol2": -0.6832021593105622, "pol3": -0.22201362641813271, "pol4": 0.01975840912313087, "v0s": 4.233446726076011}, "datetime": {"datetime": "2022-04-28 16:48:53", "elapsed": 4646.530394, "delta": 16.798371}}
{"target": -1.0, "params": {"Bgrad": 0.7920707348785974, "d1": 0.5252653923303012, "d2": -1.046391405040946, "d3": -1.8006121978528906, "d4": -1.0631348935659668, "p1": 6.6267964504195085, "p2": 32.02000051954895, "p3": 38.722805238842305, "p4": 40.99878688273411, "pol1": 0.10202937987270277, "pol2": -0.3423822900074449, "pol3": -0.9329451624940759, "pol4": -0.8169619870613283, "v0s": 6.830183208227837}, "datetime": {"datetime": "2022-04-28 16:49:00", "elapsed": 4652.855099, "delta": 6.324705}}
{"target": -1.0, "params": {"Bgrad": 0.7181176929721389, "d1": 0.37666047007741277, "d2": -0.7163386087587966, "d3": -0.15487181643229553, "d4": -1.8532034203142174, "p1": 11.871557796253768, "p2": 21.256302481805545, "p3": 6.459817567487852, "p4": 0.09549102971970758, "pol1": -0.8641656616013427, "pol2": -0.8116061839261584, "pol3": 0.07982317837425845, "pol4": 0.35218315066180006, "v0s": 5.121245242774571}, "datetime": {"datetime": "2022-04-28 16:49:06", "elapsed": 4659.254594, "delta": 6.399495}}
{"target": -1.0, "params": {"Bgrad": 1.5501875414877402, "d1": 0.6175503919319394, "d2": -1.6745094290910596, "d3": -0.8757892792629383, "d4": -0.41344475848257956, "p1": 44.195388455168406, "p2": 38.164359949543716, "p3": 18.44487647234145, "p4": 15.731308241744191, "pol1": -0.3065118897600072, "pol2": 0.29116904594371595, "pol3": -0.5977395810555357, "pol4": -0.7709989287317474, "v0s": 4.660422893568895}, "datetime": {"datetime": "2022-04-28 16:49:18", "elapsed": 4670.709666, "delta": 11.455072}}
{"target": -1.0, "params": {"Bgrad": 0.7935053892724908, "d1": -2.626558091391366, "d2": 0.3697830304940557, "d3": -1.4208635721678378, "d4": -2.7670075779677505, "p1": 2.5321667022102865, "p2": 36.40317740628717, "p3": 2.821425594370103, "p4": 13.80529198050327, "pol1": 0.5313679993887905, "pol2": -0.963010804759866, "pol3": -0.24940075558620145, "pol4": 0.42826625788189854, "v0s": 2.306549956806665}, "datetime": {"datetime": "2022-04-28 16:49:26", "elapsed": 4679.090387, "delta": 8.380721}}
{"target": -1.0, "params": {"Bgrad": 1.3123349391299568, "d1": 0.34997371504546226, "d2": 0.6240790639106537, "d3": 0.866309811531333, "d4": -2.7460918729643558, "p1": 25.347747880919226, "p2": 12.417782154325236, "p3": 25.477430921897202, "p4": 19.15662984078389, "pol1": -0.9112016558990053, "pol2": -0.5488864714038433, "pol3": -0.29664449487475975, "pol4": -0.44897896971798623, "v0s": 2.8102963260910583}, "datetime": {"datetime": "2022-04-28 16:49:37", "elapsed": 4690.170453, "delta": 11.080066}}
{"target": 4.595853008926266, "params": {"Bgrad": 1.3395210105746351, "d1": -2.8173220724896733, "d2": -0.374333791914903, "d3": -0.8529671222727071, "d4": -2.796110880736128, "p1": 47.89767533383367, "p2": 49.212981807383144, "p3": 13.919291612483342, "p4": 0.37780309543514745, "pol1": 0.8968806777423921, "pol2": -0.9107843884655602, "pol3": -0.26469169113587476, "pol4": -0.23779510059768771, "v0s": 4.595853008926266}, "datetime": {"datetime": "2022-04-28 16:49:44", "elapsed": 4697.109022, "delta": 6.938569}}
{"target": 4.913550180147625, "params": {"Bgrad": 1.747879173182385, "d1": -1.8456875897130378, "d2": 0.6399617905978738, "d3": -0.7829379395800253, "d4": -2.5414762100514836, "p1": 33.16830682602635, "p2": 13.637956215025431, "p3": 4.624850806790038, "p4": 17.167508461429616, "pol1": -0.14993331648179575, "pol2": 0.27894979772329, "pol3": 0.8074281507605647, "pol4": -0.10564937266809471, "v0s": 4.913550180147625}, "datetime": {"datetime": "2022-04-28 16:49:51", "elapsed": 4703.796754, "delta": 6.687732}}
{"target": -1.0, "params": {"Bgrad": 1.60497174603797, "d1": 0.7078165283674918, "d2": -0.2629832426248231, "d3": 0.0381298129962957, "d4": -2.244098503321913, "p1": 1.4866295955327125, "p2": 22.860030013333464, "p3": 9.690739187235481, "p4": 20.951162188343986, "pol1": -0.3689849256022961, "pol2": -0.5662929926624298, "pol3": -0.3095844941017398, "pol4": 0.4282397311128985, "v0s": 3.1096306472626924}, "datetime": {"datetime": "2022-04-28 16:50:07", "elapsed": 4720.054536, "delta": 16.257782}}
{"target": 3.9091164606443654, "params": {"Bgrad": 1.9177939025902773, "d1": -2.477901165608538, "d2": -2.09635780235491, "d3": -2.492349315337132, "d4": -0.5779070946439564, "p1": 42.04613637450335, "p2": 25.14590050468471, "p3": 12.672547240312976, "p4": 39.148385344438424, "pol1": -0.16933348155160322, "pol2": -0.06726089090131726, "pol3": 0.693789027094482, "pol4": -0.16681172371349207, "v0s": 3.9091164606443654}, "datetime": {"datetime": "2022-04-28 16:50:16", "elapsed": 4729.067605, "delta": 9.013069}}
{"target": -1.0, "params": {"Bgrad": 1.815634120638545, "d1": -2.5284060723091155, "d2": -0.6719298396008759, "d3": -2.2300599882486485, "d4": -1.9023124706027783, "p1": 0.24852049019266076, "p2": 4.603961896941594, "p3": 2.999576769916751, "p4": 21.877932757157943, "pol1": 0.18328012379574377, "pol2": -0.04734858865604252, "pol3": 0.4976589950028578, "pol4": 0.3553711006580387, "v0s": 3.369273509452288}, "datetime": {"datetime": "2022-04-28 16:50:32", "elapsed": 4744.839229, "delta": 15.771624}}
{"target": 4.177928014062227, "params": {"Bgrad": 0.5428036731016355, "d1": -2.8313592962248846, "d2": -2.4315072882119586, "d3": -0.7452612271596903, "d4": 0.14185078046534683, "p1": 32.80248420832274, "p2": 20.41267988323108, "p3": 14.204500132306135, "p4": 1.0291877076424871, "pol1": -0.7331681096701206, "pol2": -0.24912177481590003, "pol3": 0.8764138798587133, "pol4": -0.4649884277136742, "v0s": 4.177928014062227}, "datetime": {"datetime": "2022-04-28 16:50:36", "elapsed": 4749.29039, "delta": 4.451161}}
{"target": -1.0, "params": {"Bgrad": 1.2896924686840392, "d1": -1.2287902622143188, "d2": 0.547021645830962, "d3": -2.8168410890774696, "d4": -1.571177500633655, "p1": 28.89263380290645, "p2": 1.2363901198031102, "p3": 16.07231459337456, "p4": 24.855719944477965, "pol1": -0.22910741283567027, "pol2": -0.21870605640374663, "pol3": -0.145963907004808, "pol4": 0.9920851246902487, "v0s": 5.249540470763799}, "datetime": {"datetime": "2022-04-28 16:50:49", "elapsed": 4762.125765, "delta": 12.835375}}
