{"target": 2.884884282823461, "params": {"Bgrad": 1.8055969390148499, "d1": -1.7814545231684944, "d2": -0.7211204015021182, "d3": -0.6211604104359552, "d4": -0.9713541266114594, "p1": 46.644925482765444, "p2": 30.555736801381457, "p3": 47.13207793591223, "p4": 16.911312170354698, "pol1": -0.5021365184658104, "pol2": 0.5573010839822774, "pol3": 0.052741389271161454, "pol4": 0.1369591508556509, "v0s": 2.884884282823461}, "datetime": {"datetime": "2022-04-29 21:02:45", "elapsed": 106278.253194, "delta": 21.631163}}
{"target": -1.0, "params": {"Bgrad": 0.5761514393696537, "d1": -1.7961917656593627, "d2": -1.9989795450257726, "d3": 0.59342368809186, "d4": 0.3898547150653817, "p1": 21.21313422502175, "p2": 30.483642551207108, "p3": 6.764514853783479, "p4": 25.42629521906101, "pol1": -0.4844848334385273, "pol2": 1.0, "pol3": 0.4039038055724972, "pol4": 0.1865156100562263, "v0s": 2.30732344169613}, "datetime": {"datetime": "2022-04-29 21:03:14", "elapsed": 106307.328452, "delta": 29.075258}}
{"target": -1.0, "params": {"Bgrad": 1.2327424744539162, "d1": -2.3238988369175497, "d2": -0.16938994831424425, "d3": -0.5449349701255413, "d4": -0.9731987251093237, "p1": 43.862600857677684, "p2": 36.81016927309431, "p3": 17.508171410549707, "p4": 25.32619982476708, "pol1": 0.01211190496536707, "pol2": -0.5469513980653204, "pol3": -0.18508170392990642, "pol4": 0.21423737022156564, "v0s": 2.677992418870887}, "datetime": {"datetime": "2022-04-29 21:03:39", "elapsed": 106332.406398, "delta": 25.077946}}
{"target": -1.0, "params": {"Bgrad": 1.1198988668460903, "d1": -2.6091639223624203, "d2": 0.17095057366706576, "d3": -1.2921674768552822, "d4": 1.0, "p1": 34.92204056130776, "p2": 10.15980347803926, "p3": 36.40440955232744, "p4": 24.39743008037744, "pol1": -1.0, "pol2": 0.6435632370437266, "pol3": 0.47421015832132746, "pol4": 0.5981135523352239, "v0s": 2.5231034840914894}, "datetime": {"datetime": "2022-04-29 21:04:31", "elapsed": 106383.587548, "delta": 51.18115}}
{"target": 4.186404844350795, "params": {"Bgrad": 0.7310500520840912, "d1": -2.118985521864026, "d2": 0.1519627532663823, "d3": -2.5179551335830923, "d4": -0.23095489485619103, "p1": 46.90888387424364, "p2": 27.236413909058616, "p3": 22.614056277773802, "p4": 4.204680629686363, "pol1": -0.3215879350797082, "pol2": 0.5961962896403505, "pol3": -0.1543573279387287, "pol4": 0.35517935101923204, "v0s": 4.186404844350795}, "datetime": {"datetime": "2022-04-29 21:04:49", "elapsed": 106402.243665, "delta": 18.656117}}
{"target": -1.0, "params": {"Bgrad": 1.8977231276670192, "d1": -1.6704594341342385, "d2": -0.6503639034870745, "d3": -1.6004962235388671, "d4": -0.8151361072821803, "p1": 7.660771844036623, "p2": 6.899332218856896, "p3": 28.410677189434573, "p4": 10.768775888274723, "pol1": -0.0901566025612266, "pol2": 0.8833466899603364, "pol3": 0.8626048772216361, "pol4": -0.7628850773109834, "v0s": 2.3701596724359177}, "datetime": {"datetime": "2022-04-29 21:05:12", "elapsed": 106425.428673, "delta": 23.185008}}
{"target": -1.0, "params": {"Bgrad": 1.035053739240487, "d1": -0.984445768486077, "d2": -0.030831610352074268, "d3": -1.1511432417028074, "d4": -1.5091563383415902, "p1": 6.638007057968509, "p2": 41.72879310607739, "p3": 4.740820705305854, "p4": 26.841014784232776, "pol1": -0.7365887778868432, "pol2": 0.4256576043404481, "pol3": -0.2847301378954752, "pol4": -0.8135667360899006, "v0s": 2.5261903834526223}, "datetime": {"datetime": "2022-04-29 21:05:41", "elapsed": 106454.233654, "delta": 28.804981}}
{"target": -1.0, "params": {"Bgrad": 1.8479765118357563, "d1": -0.8897658904481172, "d2": -0.039379600330487374, "d3": -1.1095541286981603, "d4": -0.42036981110390137, "p1": 23.462656326792754, "p2": 24.662533627846738, "p3": 10.028164509268244, "p4": 35.96255541615252, "pol1": 0.3342274363883164, "pol2": -0.18212535389772078, "pol3": 0.6354753033222373, "pol4": 0.8544702997819167, "v0s": 5.131988646106722}, "datetime": {"datetime": "2022-04-29 21:06:12", "elapsed": 106484.658304, "delta": 30.42465}}
{"target": 3.1920074377443424, "params": {"Bgrad": 0.5032667987365806, "d1": -0.5217321129692567, "d2": 0.5305645193735784, "d3": -2.780336862206913, "d4": -2.2238949642212336, "p1": 7.773990548649756, "p2": 37.401564178568705, "p3": 32.546964235832846, "p4": 6.576102918627513, "pol1": -0.9923655231057762, "pol2": 0.8465922786677555, "pol3": 0.4654169005754336, "pol4": 0.6699092585355613, "v0s": 3.1920074377443424}, "datetime": {"datetime": "2022-04-29 21:06:29", "elapsed": 106501.929125, "delta": 17.270821}}
{"target": 3.9288789207500465, "params": {"Bgrad": 1.1449392462603327, "d1": 0.0803393258881404, "d2": -0.4087142643321493, "d3": -1.644489082085541, "d4": -2.4608106268888075, "p1": 25.012108880420964, "p2": 5.795897951602293, "p3": 31.858926306075315, "p4": 28.005983725842036, "pol1": -0.8832187486704569, "pol2": 0.09766109218235838, "pol3": -0.649170116531774, "pol4": -0.036047507690367554, "v0s": 3.9288789207500465}, "datetime": {"datetime": "2022-04-29 21:06:51", "elapsed": 106524.163674, "delta": 22.234549}}
{"target": 5.378955641691205, "params": {"Bgrad": 1.3142633090511595, "d1": -2.2652907896420396, "d2": 0.8041596197972538, "d3": -0.9347937271193425, "d4": -1.0736970361945248, "p1": 22.100386716216015, "p2": 24.2818563224204, "p3": 8.822340829337676, "p4": 33.40041852547652, "pol1": -0.5024754429411868, "pol2": 0.3073080857191619, "pol3": 0.3259914650751161, "pol4": -0.23989283854768484, "v0s": 5.378955641691205}, "datetime": {"datetime": "2022-04-29 21:07:21", "elapsed": 106554.194377, "delta": 30.030703}}
{"target": -1.0, "params": {"Bgrad": 1.1416850336064077, "d1": -1.4796991003676698, "d2": 0.14376746940130136, "d3": -2.9755828071528896, "d4": -1.8722008767332499, "p1": 7.580269223691927, "p2": 17.566362981995105, "p3": 34.06089859296708, "p4": 1.6909482565332645, "pol1": 0.12184275377304377, "pol2": -0.5331389795087362, "pol3": -0.3539680619787653, "pol4": 0.07105184975124401, "v0s": 3.596286675501443}, "datetime": {"datetime": "2022-04-29 21:07:47", "elapsed": 106580.126041, "delta": 25.931664}}
{"target": -1.0, "params": {"Bgrad": 1.2971220632255411, "d1": -2.3270690349205907, "d2": -2.546435282213378, "d3": -2.0069442737267336, "d4": -1.9848647046595103, "p1": 8.227587485081866, "p2": 34.491700733239036, "p3": 35.96175994877866, "p4": 35.79443422111483, "pol1": 0.34296840352796654, "pol2": 0.08339573933269473, "pol3": -0.8390682510116936, "pol4": 0.37475998462302496, "v0s": 3.320567217768401}, "datetime": {"datetime": "2022-04-29 21:08:21", "elapsed": 106613.894749, "delta": 33.768708}}
{"target": 3.5726370242653034, "params": {"Bgrad": 1.6043486393277793, "d1": -2.3846832405062925, "d2": 1.0, "d3": -0.4905170138368099, "d4": -0.21132643685209823, "p1": 9.702978694243388, "p2": 25.959901665419142, "p3": 47.86309275797943, "p4": 22.03768448356175, "pol1": -0.5353664879575859, "pol2": 1.0, "pol3": -0.9972774322191463, "pol4": -1.0, "v0s": 3.5726370242653034}, "datetime": {"datetime": "2022-04-29 21:08:41", "elapsed": 106634.205442, "delta": 20.310693}}
{"target": -1.0, "params": {"Bgrad": 0.6060676154509843, "d1": 0.19881696510015168, "d2": -0.5317197492818884, "d3": -0.5814261893423769, "d4": 0.7721221164457841, "p1": 25.422203686326956, "p2": 28.323479172622722, "p3": 26.027162483700078, "p4": 5.967172559668349, "pol1": 0.7182757281445866, "pol2": -0.20583279071977523, "pol3": 0.1636530651198882, "pol4": 0.13645752638214947, "v0s": 2.500237831921707}, "datetime": {"datetime": "2022-04-29 21:09:11", "elapsed": 106664.443591, "delta": 30.238149}}
{"target": 5.731931860001863, "params": {"Bgrad": 2.0, "d1": -2.631532153717302, "d2": -0.19409258569410887, "d3": -0.382612797695678, "d4": 0.9560763900019142, "p1": 13.226234633583575, "p2": 37.228120406159924, "p3": 19.23364576394233, "p4": 5.194918861685041, "pol1": -1.0, "pol2": 0.20833159448135383, "pol3": 0.7043806584760463, "pol4": -0.6746363683519891, "v0s": 5.731931860001863}, "datetime": {"datetime": "2022-04-29 21:09:45", "elapsed": 106698.397804, "delta": 33.954213}}
{"target": 4.304472576946684, "params": {"Bgrad": 1.411642230840374, "d1": -0.039585222213541986, "d2": 0.4810327791700487, "d3": -2.27527105685535, "d4": -1.592926650287538, "p1": 38.249751019007256, "p2": 26.450500958525726, "p3": 23.94961583739196, "p4": 32.9280580597457, "pol1": 0.1783225589897434, "pol2": 0.8160247336723245, "pol3": 0.7680746637649581, "pol4": -0.40440425672383734, "v0s": 4.304472576946684}, "datetime": {"datetime": "2022-04-29 21:10:05", "elapsed": 106717.608438, "delta": 19.210634}}
{"target": -1.0, "params": {"Bgrad": 0.8425927671202471, "d1": -2.553810491562635, "d2": -0.2756081311868579, "d3": -1.915460531005937, "d4": -1.51175140604037, "p1": 14.080417046913224, "p2": 41.23944588693977, "p3": 2.204563056826342, "p4": 11.182641569216468, "pol1": 0.08582833892629971, "pol2": 0.35857131412575494, "pol3": 0.3276031420301566, "pol4": 0.35930877187753896, "v0s": 2.7451103657961085}, "datetime": {"datetime": "2022-04-29 21:10:42", "elapsed": 106754.854848, "delta": 37.24641}}
{"target": -1.0, "params": {"Bgrad": 1.6573935790073502, "d1": -0.9896177187926845, "d2": -1.122280189617132, "d3": -1.8336128206791726, "d4": -2.609827024617234, "p1": 3.57046355969057, "p2": 29.61177505472814, "p3": 25.307969548099216, "p4": 22.45044603824685, "pol1": 0.161409189396734, "pol2": -0.08841844388385342, "pol3": -0.24545260876668495, "pol4": 0.30124060559189253, "v0s": 3.5347840771790517}, "datetime": {"datetime": "2022-04-29 21:11:13", "elapsed": 106785.839999, "delta": 30.985151}}
{"target": -1.0, "params": {"Bgrad": 1.4278994779521719, "d1": -2.595197488739747, "d2": -0.3612414294578379, "d3": -0.9303687747055518, "d4": -2.0574236178500365, "p1": 23.365738048809494, "p2": 22.60952014421049, "p3": 7.5419209377151795, "p4": 34.12668209586573, "pol1": -0.8972708723721279, "pol2": -0.15313795378531214, "pol3": -0.1831916785521721, "pol4": -0.36861894442810006, "v0s": 5.570055480646428}, "datetime": {"datetime": "2022-04-29 21:11:42", "elapsed": 106815.100761, "delta": 29.260762}}
{"target": -1.0, "params": {"Bgrad": 1.5504619362753014, "d1": -2.180111409980274, "d2": -0.5727888830692698, "d3": -2.671328591549217, "d4": -2.0066390190167573, "p1": 30.812130705469436, "p2": 29.46827961205457, "p3": 7.464981531209197, "p4": 6.802941431613002, "pol1": -0.9182516072440605, "pol2": 0.4032181130288002, "pol3": 0.2982872183897627, "pol4": 0.1650551936603406, "v0s": 5.491354301688447}, "datetime": {"datetime": "2022-04-29 21:12:07", "elapsed": 106840.006168, "delta": 24.905407}}
{"target": -1.0, "params": {"Bgrad": 1.2278580236092589, "d1": -2.1237992464139634, "d2": -1.4576826107954481, "d3": -0.40430037751908054, "d4": -0.17882991615457478, "p1": 12.229676740036805, "p2": 26.54644736374467, "p3": 17.770940858154248, "p4": 3.4460375677394737, "pol1": -0.8710184350772232, "pol2": -0.6551218245127925, "pol3": -0.5224533108600415, "pol4": -0.016089701059730066, "v0s": 2.2732885432204686}, "datetime": {"datetime": "2022-04-29 21:12:48", "elapsed": 106881.128216, "delta": 41.122048}}
{"target": -1.0, "params": {"Bgrad": 0.8036688414995408, "d1": -2.4541265241218495, "d2": -0.45509468938464703, "d3": -0.7986015021494866, "d4": -2.309619163879804, "p1": 4.740053388968191, "p2": 0.17941111091436257, "p3": 38.88069079717727, "p4": 45.104712712055154, "pol1": 0.4006703789153241, "pol2": 0.8195149302496714, "pol3": -0.14982009485078795, "pol4": 0.7382298970599528, "v0s": 4.110445398635619}, "datetime": {"datetime": "2022-04-29 21:13:06", "elapsed": 106898.942583, "delta": 17.814367}}
{"target": -1.0, "params": {"Bgrad": 0.8649485940143599, "d1": -2.3743334225584887, "d2": -0.8390126810040108, "d3": -1.1774901071776616, "d4": 0.820799544331408, "p1": 46.78629462026927, "p2": 45.87555672813321, "p3": 6.232553264511237, "p4": 22.49955077282218, "pol1": -0.49312401023612407, "pol2": -0.3010046981131922, "pol3": 0.04787316854961232, "pol4": 0.8874034254765772, "v0s": 2.5905591953302864}, "datetime": {"datetime": "2022-04-29 21:13:47", "elapsed": 106939.705591, "delta": 40.763008}}
{"target": -1.0, "params": {"Bgrad": 1.0969781965188174, "d1": -2.389030808874997, "d2": -0.08363206098144627, "d3": -2.4455646882665953, "d4": 0.6057003782706007, "p1": 27.71396007475635, "p2": 45.28798670394285, "p3": 25.787579673364476, "p4": 28.457579217845364, "pol1": 0.005474550158420355, "pol2": 0.48702183612379146, "pol3": -0.2812598969422888, "pol4": -0.42305720857418616, "v0s": 4.178271698144925}, "datetime": {"datetime": "2022-04-29 21:14:21", "elapsed": 106973.747568, "delta": 34.041977}}
{"target": 4.775468975694648, "params": {"Bgrad": 1.875870804890322, "d1": -2.0795340386274197, "d2": 0.45831950292515256, "d3": -1.584115600886646, "d4": -1.9682128424490952, "p1": 33.895025967921654, "p2": 12.600236758536331, "p3": 3.22890237988665, "p4": 16.02383019149809, "pol1": 0.13064349676838916, "pol2": 0.6647293441140609, "pol3": 0.7124182607537932, "pol4": -0.2664126868215446, "v0s": 4.775468975694648}, "datetime": {"datetime": "2022-04-29 21:14:44", "elapsed": 106997.018347, "delta": 23.270779}}
{"target": -1.0, "params": {"Bgrad": 0.5190599580259557, "d1": -2.011438304459692, "d2": 0.59822053236541, "d3": -1.6255234136490015, "d4": -1.9187163086370762, "p1": 22.114194316100576, "p2": 24.499825707687638, "p3": 7.782086829211271, "p4": 34.39430251315301, "pol1": 0.01616606725138703, "pol2": -0.2778296822023767, "pol3": -0.5573727484362205, "pol4": -0.1617068526440708, "v0s": 3.3696158384077677}, "datetime": {"datetime": "2022-04-29 21:15:23", "elapsed": 107035.77073, "delta": 38.752383}}
{"target": -1.0, "params": {"Bgrad": 0.7449653804187188, "d1": -2.79830553185232, "d2": -1.6454379463644337, "d3": -0.6522986002154894, "d4": 0.09729884526005872, "p1": 13.797501574330035, "p2": 15.249231874816582, "p3": 29.880391446502884, "p4": 33.77477982853124, "pol1": 0.5389851010486415, "pol2": -0.38698142477120157, "pol3": 0.5421423927696836, "pol4": 0.3289438566400278, "v0s": 6.375982576560962}, "datetime": {"datetime": "2022-04-29 21:15:42", "elapsed": 107055.315471, "delta": 19.544741}}
{"target": -1.0, "params": {"Bgrad": 0.7304650721042338, "d1": -0.08237247901039568, "d2": 0.98429594590585, "d3": -1.191854512561862, "d4": -0.9191073366002729, "p1": 0.420726311677172, "p2": 15.191056853128954, "p3": 11.791156942036707, "p4": 4.835556354726334, "pol1": -0.5095419473633813, "pol2": -0.7330002153615829, "pol3": 0.716704886278168, "pol4": -0.9147355304532578, "v0s": 4.883976958439853}, "datetime": {"datetime": "2022-04-29 21:16:05", "elapsed": 107077.557999, "delta": 22.242528}}
{"target": 3.6345956081830972, "params": {"Bgrad": 1.333248056830307, "d1": -0.07648187323304224, "d2": -0.4561389626899114, "d3": -0.3734349929950652, "d4": -1.6354278934159314, "p1": 25.324442904188057, "p2": 6.629013769445537, "p3": 31.941530902511495, "p4": 29.142079441755865, "pol1": -0.7986346315217285, "pol2": -0.22565075698233086, "pol3": 0.11222767242322622, "pol4": -0.7633753544320836, "v0s": 3.6345956081830972}, "datetime": {"datetime": "2022-04-29 21:16:32", "elapsed": 107104.738323, "delta": 27.180324}}
{"target": -1.0, "params": {"Bgrad": 1.202327488097084, "d1": -1.272187080132063, "d2": -0.64071009129295, "d3": -0.3236540991477499, "d4": -1.3060736573962641, "p1": 3.144708849759631, "p2": 46.54456814471226, "p3": 10.548527687548109, "p4": 21.14559617051518, "pol1": -0.062087180443699985, "pol2": 0.9780247494451153, "pol3": 0.9746658944310487, "pol4": -0.7262827059531036, "v0s": 5.003169620562216}, "datetime": {"datetime": "2022-04-29 21:17:00", "elapsed": 107133.207203, "delta": 28.46888}}
{"target": -1.0, "params": {"Bgrad": 1.265739138386329, "d1": -2.7420382518660524, "d2": -2.772358844706385, "d3": -1.798669851088314, "d4": -0.18573561438981834, "p1": 8.583185620696266, "p2": 22.37003756791836, "p3": 42.17764915032548, "p4": 17.211431197163662, "pol1": -0.7247160778703914, "pol2": -0.4809051313156185, "pol3": 0.4260193810848958, "pol4": 0.12240872716797946, "v0s": 5.890444470626023}, "datetime": {"datetime": "2022-04-29 21:17:50", "elapsed": 107183.27134, "delta": 50.064137}}
{"target": 3.71450917395499, "params": {"Bgrad": 1.3123679451574246, "d1": -1.2056552748217122, "d2": 0.7058431361664481, "d3": -0.21321661179173734, "d4": -1.1576229303131695, "p1": 4.970770491661103, "p2": 13.9217451926462, "p3": 34.70085827733333, "p4": 3.522550226468102, "pol1": 0.1675511823839002, "pol2": 0.44314197163180946, "pol3": -0.15619667620023026, "pol4": 0.5234018924721138, "v0s": 3.71450917395499}, "datetime": {"datetime": "2022-04-29 21:18:08", "elapsed": 107200.600007, "delta": 17.328667}}
{"target": -1.0, "params": {"Bgrad": 1.075861437554288, "d1": -0.4596316951880808, "d2": -0.8317749419181175, "d3": -2.252924553721719, "d4": -2.253883017988319, "p1": 3.925463013331454, "p2": 48.62127076886583, "p3": 11.009981955166326, "p4": 19.815891348001585, "pol1": -0.5467814547044938, "pol2": -0.06230685851615725, "pol3": 0.8173405561300615, "pol4": -0.39412412495892, "v0s": 4.791440793438212}, "datetime": {"datetime": "2022-04-29 21:18:41", "elapsed": 107234.258011, "delta": 33.658004}}
{"target": -1.0, "params": {"Bgrad": 0.6318435944011328, "d1": -2.1051088535989173, "d2": -0.18941231947944237, "d3": -0.9792714381518697, "d4": -0.8522315879724931, "p1": 1.5993400060030694, "p2": 6.086083704233869, "p3": 23.782270465667622, "p4": 20.00799543097068, "pol1": 0.7551483387030729, "pol2": -0.3538937356512286, "pol3": 0.31556352040875746, "pol4": -0.6131318040043552, "v0s": 3.532796934850758}, "datetime": {"datetime": "2022-04-29 21:19:09", "elapsed": 107262.036736, "delta": 27.778725}}
{"target": -1.0, "params": {"Bgrad": 0.6716476493854884, "d1": 0.17195421792312926, "d2": -0.36380478923931436, "d3": -1.2230839686207178, "d4": -2.1590416848298437, "p1": 43.016385121037864, "p2": 23.668665969585906, "p3": 21.299283148741427, "p4": 3.7670335688169967, "pol1": 0.9628328819635765, "pol2": 0.783709550542335, "pol3": -0.9374138083685333, "pol4": -0.3966428131873354, "v0s": 4.119528825271357}, "datetime": {"datetime": "2022-04-29 21:19:31", "elapsed": 107284.25832, "delta": 22.221584}}
{"target": -1.0, "params": {"Bgrad": 1.1625257458034273, "d1": -2.422433621958748, "d2": 0.6626138602238281, "d3": -0.43446971748920804, "d4": -0.5325772914309064, "p1": 24.656081083294023, "p2": 23.12018815545333, "p3": 11.678052718663595, "p4": 31.176545175447995, "pol1": 0.2841572058972677, "pol2": 0.10305666820719805, "pol3": 0.8961119310437846, "pol4": 0.5153110691512943, "v0s": 3.8506443237546626}, "datetime": {"datetime": "2022-04-29 21:19:53", "elapsed": 107306.21561, "delta": 21.95729}}
{"target": -1.0, "params": {"Bgrad": 0.8922986598559368, "d1": -1.5148844808668014, "d2": -0.32638378198006546, "d3": -1.5719216389388069, "d4": -1.880037529857367, "p1": 38.48240531470352, "p2": 22.21337438503379, "p3": 43.605471410549846, "p4": 47.81331879294519, "pol1": 0.0290318995288692, "pol2": 0.7313508672050884, "pol3": 0.009189949720435964, "pol4": -0.3733574901857526, "v0s": 2.9911857075252257}, "datetime": {"datetime": "2022-04-29 21:20:19", "elapsed": 107331.740361, "delta": 25.524751}}
{"target": -1.0, "params": {"Bgrad": 0.7889347937962606, "d1": -1.8463238828899962, "d2": -1.5642045815916936, "d3": -0.01860519268252947, "d4": -1.6484312979870541, "p1": 1.3707605978267368, "p2": 25.825437010937698, "p3": 15.271491187295993, "p4": 40.07446102226106, "pol1": -0.942050404591497, "pol2": 0.1000448416366373, "pol3": -0.5040269776922122, "pol4": -0.002840084166456869, "v0s": 4.317591402657699}, "datetime": {"datetime": "2022-04-29 21:20:43", "elapsed": 107356.053352, "delta": 24.312991}}
{"target": -1.0, "params": {"Bgrad": 0.6609445894741655, "d1": -1.239034451819916, "d2": -0.03695386629514896, "d3": -1.6274343202452877, "d4": -1.8196665086103163, "p1": 2.7873885677298205, "p2": 33.47481691260003, "p3": 12.127434194727321, "p4": 20.036899621805148, "pol1": 0.6432679137704602, "pol2": 0.6257699627972744, "pol3": -0.25641792832982535, "pol4": 0.9867020421269521, "v0s": 5.809612399955748}, "datetime": {"datetime": "2022-04-29 21:21:14", "elapsed": 107386.587709, "delta": 30.534357}}
{"target": -1.0, "params": {"Bgrad": 1.5682068086662788, "d1": 0.18924032017179737, "d2": -1.1397689152852655, "d3": 0.344115276287722, "d4": -1.3009863988975359, "p1": 7.6449107839852815, "p2": 2.297357953793383, "p3": 38.01894119473391, "p4": 48.29779753767046, "pol1": -0.48020914230413214, "pol2": 0.3277173013043426, "pol3": -0.3714989890281255, "pol4": 0.4064379473757127, "v0s": 5.22487193973582}, "datetime": {"datetime": "2022-04-29 21:21:41", "elapsed": 107414.194893, "delta": 27.607184}}
{"target": 3.9972629407793256, "params": {"Bgrad": 1.7418189490167002, "d1": -1.4915969828078217, "d2": 0.16018788304218312, "d3": -1.270982607017724, "d4": -2.0862685991962437, "p1": 8.427063849151205, "p2": 5.826647021259955, "p3": 28.64106236172378, "p4": 11.239333684844222, "pol1": 0.08558928011847175, "pol2": 0.3317085259954972, "pol3": 0.2971957640313773, "pol4": 0.14427867066159117, "v0s": 3.9972629407793256}, "datetime": {"datetime": "2022-04-29 21:22:05", "elapsed": 107438.283484, "delta": 24.088591}}
{"target": -1.0, "params": {"Bgrad": 0.7522113580915859, "d1": -0.6366731273818784, "d2": -0.24033950696724915, "d3": -0.5820629490029758, "d4": -1.7635242954938595, "p1": 3.8083786592517765, "p2": 13.362107257017708, "p3": 36.55240216447281, "p4": 3.2639377945633594, "pol1": -0.48267969124832777, "pol2": 0.21655461907878082, "pol3": -0.5379805156719839, "pol4": -0.07549449144302534, "v0s": 5.333994789313543}, "datetime": {"datetime": "2022-04-29 21:22:29", "elapsed": 107461.780657, "delta": 23.497173}}
