{"target": 6.550055114248364, "params": {"Bgrad": 1.1585066302679845, "d1": -2.6269540247652725, "d2": -0.5709224934115298, "d3": 0.4983451938209269, "d4": -0.7025681056910735, "p1": 3.983849507067061, "p2": 5.7944692111185025, "p3": 23.576228864245675, "p4": 16.882244021447608, "pol1": -0.29549644512943485, "pol2": 0.17817240679079394, "pol3": 0.8583560340764937, "pol4": -0.40509963698490536, "v0s": 6.550055114248364}, "datetime": {"datetime": "2022-04-29 22:57:15", "elapsed": 113147.779333, "delta": 26.185983}}
{"target": 4.577680605850614, "params": {"Bgrad": 1.8289919939002421, "d1": -2.080114834815808, "d2": 0.727925953307151, "d3": -2.0295635794300195, "d4": 0.010249363356333857, "p1": 41.51229113340007, "p2": 44.183029614526724, "p3": 32.256127940945994, "p4": 13.830193053516677, "pol1": 0.6568745766502435, "pol2": 0.2275173822742087, "pol3": 0.6076029728056472, "pol4": -0.1107989813321201, "v0s": 4.577680605850614}, "datetime": {"datetime": "2022-04-29 22:57:47", "elapsed": 113179.988213, "delta": 32.20888}}
{"target": -1.0, "params": {"Bgrad": 1.4317584945855084, "d1": 0.023380077429796753, "d2": 0.15353659219511684, "d3": -1.219424534838316, "d4": -0.41109698052153076, "p1": 22.269412714694436, "p2": 24.247056029306073, "p3": 38.88872640274327, "p4": 46.85324238658703, "pol1": -0.05735454860130851, "pol2": 0.749374288226659, "pol3": 0.4621561402068284, "pol4": 0.9514980795203238, "v0s": 5.174871599030343}, "datetime": {"datetime": "2022-04-29 22:58:16", "elapsed": 113209.47138, "delta": 29.483167}}
{"target": 4.169225982352842, "params": {"Bgrad": 1.6593774592156845, "d1": -0.7358826616841254, "d2": -0.16542254482491758, "d3": -2.871435774236283, "d4": -0.5237129627013748, "p1": 26.31014791034108, "p2": 24.40115978550353, "p3": 9.326493681616116, "p4": 36.745869121025564, "pol1": 0.32296412034518984, "pol2": 0.12248657771272953, "pol3": 0.5961095020313338, "pol4": -0.4347136845063402, "v0s": 4.169225982352842}, "datetime": {"datetime": "2022-04-29 22:58:48", "elapsed": 113240.597155, "delta": 31.125775}}
{"target": -1.0, "params": {"Bgrad": 0.9045878511596153, "d1": -1.4422438402331919, "d2": -0.24289317915523245, "d3": -0.8104850288715348, "d4": -0.6812548487574648, "p1": 31.979377890915494, "p2": 5.1984131700875125, "p3": 6.111934245108425, "p4": 27.11363235004339, "pol1": 0.44790549199948715, "pol2": -0.12445553041739532, "pol3": -0.5464099202883701, "pol4": 0.3921227985933986, "v0s": 3.1275343541815577}, "datetime": {"datetime": "2022-04-29 22:59:10", "elapsed": 113262.674125, "delta": 22.07697}}
{"target": 3.5061411624081944, "params": {"Bgrad": 1.508269320297226, "d1": -0.9934419673321586, "d2": -0.036668526372458335, "d3": -1.9135958523858774, "d4": -0.1474985415259845, "p1": 43.43377037014999, "p2": 25.12788299116243, "p3": 22.77764294762983, "p4": 3.6131645041359426, "pol1": 0.03236786073881956, "pol2": -0.17748192109483696, "pol3": -0.2621866778996896, "pol4": 0.021259185546424864, "v0s": 3.5061411624081944}, "datetime": {"datetime": "2022-04-29 22:59:51", "elapsed": 113304.287858, "delta": 41.613733}}
{"target": -1.0, "params": {"Bgrad": 1.64983817231471, "d1": -2.3307397309926805, "d2": -0.44389043760717417, "d3": 0.2570582510283579, "d4": 0.61494732971933, "p1": 23.572396797633772, "p2": 23.25096253117756, "p3": 7.539948491703691, "p4": 33.47820210552895, "pol1": -0.9870162649468581, "pol2": 0.44629885765751376, "pol3": 0.9574208501323112, "pol4": -0.009313970230632185, "v0s": 2.66327785820234}, "datetime": {"datetime": "2022-04-29 23:01:02", "elapsed": 113374.959894, "delta": 70.672036}}
{"target": -1.0, "params": {"Bgrad": 0.9261644711979686, "d1": -2.4549957575754635, "d2": -1.2608342211602017, "d3": -2.578102228611982, "d4": -0.7485257829906553, "p1": 16.458166838057036, "p2": 38.46690486222404, "p3": 2.0218211306146094, "p4": 32.59786159961719, "pol1": -0.5724424225213236, "pol2": -0.027892496848232584, "pol3": -0.10773823060148557, "pol4": -0.46093487767524777, "v0s": 3.862750870770927}, "datetime": {"datetime": "2022-04-29 23:02:03", "elapsed": 113436.123354, "delta": 61.16346}}
{"target": -1.0, "params": {"Bgrad": 1.221469401332045, "d1": -1.0009628769956955, "d2": -0.5648272765812594, "d3": -1.7885159096212289, "d4": -2.757232949637848, "p1": 16.12881533717843, "p2": 39.122839603985376, "p3": 0.289181388576798, "p4": 30.860497157370986, "pol1": 0.9340347973401355, "pol2": 0.4069671909593078, "pol3": -0.1025173470858547, "pol4": 0.6364109660078705, "v0s": 3.83651704974006}, "datetime": {"datetime": "2022-04-29 23:02:50", "elapsed": 113482.980068, "delta": 46.856714}}
{"target": -1.0, "params": {"Bgrad": 1.5888427653017834, "d1": -1.5606815237647154, "d2": 0.44773573442799375, "d3": -0.14041314514981051, "d4": 0.30944452755184804, "p1": 5.331670023931345, "p2": 3.1994943594195413, "p3": 38.63769177106888, "p4": 46.03799721975598, "pol1": -0.40935054338432475, "pol2": -0.6850780369474108, "pol3": 0.17211580557067663, "pol4": -0.5865998029927177, "v0s": 5.920803078938821}, "datetime": {"datetime": "2022-04-29 23:03:33", "elapsed": 113525.846451, "delta": 42.866383}}
{"target": 2.4204393612088198, "params": {"Bgrad": 2.0, "d1": -1.2521385487042593, "d2": -2.779829208272641, "d3": -1.062522398824295, "d4": 0.8361953809913357, "p1": 19.095447795816874, "p2": 35.32192740512624, "p3": 37.550280547582226, "p4": 20.484006200542733, "pol1": -0.712382324227967, "pol2": 0.9860862908382108, "pol3": 0.6449856410823414, "pol4": -1.0, "v0s": 2.4204393612088198}, "datetime": {"datetime": "2022-04-29 23:03:58", "elapsed": 113551.342279, "delta": 25.495828}}
{"target": -1.0, "params": {"Bgrad": 0.7345415896621954, "d1": -2.5430578569858895, "d2": -1.0814256595312894, "d3": 0.16768148902085045, "d4": -2.401483817205109, "p1": 30.768922405170002, "p2": 29.88062474114469, "p3": 7.612343204382882, "p4": 8.511308117504546, "pol1": 0.43058435796959293, "pol2": 0.8171355635585216, "pol3": 0.33530501235199317, "pol4": -0.6492890143589529, "v0s": 4.4419690716979625}, "datetime": {"datetime": "2022-04-29 23:04:35", "elapsed": 113588.430114, "delta": 37.087835}}
{"target": 4.1866495888205595, "params": {"Bgrad": 0.8218491142478506, "d1": -2.6196350029595536, "d2": 0.9112706859730006, "d3": -1.8912923518446796, "d4": -1.751450238945961, "p1": 2.7158848332854535, "p2": 4.5407202816919625, "p3": 24.820798832153574, "p4": 15.867653613219934, "pol1": 0.3746740049757473, "pol2": 0.512437832362145, "pol3": -0.19610219637461168, "pol4": -0.861019036590555, "v0s": 4.1866495888205595}, "datetime": {"datetime": "2022-04-29 23:05:03", "elapsed": 113615.928587, "delta": 27.498473}}
{"target": 5.799653228096771, "params": {"Bgrad": 1.7316839565312308, "d1": -2.341083935927555, "d2": 0.5197085500455657, "d3": -0.39810986011395116, "d4": -0.815376320469539, "p1": 8.085863865782594, "p2": 33.574733221906534, "p3": 23.012155312129938, "p4": 44.6135947167479, "pol1": -0.3369298337169982, "pol2": 0.0949528769976673, "pol3": -0.34331362718704667, "pol4": 0.8424279692618417, "v0s": 5.799653228096771}, "datetime": {"datetime": "2022-04-29 23:05:40", "elapsed": 113653.416353, "delta": 37.487766}}
{"target": -1.0, "params": {"Bgrad": 0.7828239994487538, "d1": -2.14716059589368, "d2": 0.9736139975923157, "d3": 0.33734473351971284, "d4": -2.808296614544811, "p1": 0.8437915547514052, "p2": 32.51092842013642, "p3": 16.734267377577638, "p4": 11.254362614665242, "pol1": -0.49519556718401025, "pol2": 0.27214184164305943, "pol3": 0.2763323650040246, "pol4": 0.08919987525755646, "v0s": 3.6016373362710734}, "datetime": {"datetime": "2022-04-29 23:06:18", "elapsed": 113691.122533, "delta": 37.70618}}
{"target": -1.0, "params": {"Bgrad": 1.6631783528007875, "d1": -2.3588090401038073, "d2": 0.22851430287663366, "d3": 0.7041815498006283, "d4": -2.356052704648288, "p1": 24.10439866695461, "p2": 23.065288189506077, "p3": 11.075357427978783, "p4": 33.41891214910026, "pol1": -0.07284355778656004, "pol2": 0.08441974388994633, "pol3": 0.8061901659599977, "pol4": 0.451646909561622, "v0s": 3.24228718249062}, "datetime": {"datetime": "2022-04-29 23:07:47", "elapsed": 113780.274157, "delta": 89.151624}}
{"target": -1.0, "params": {"Bgrad": 0.6686813796871954, "d1": -0.6847654323113752, "d2": -0.310628077347479, "d3": 0.6532092890720804, "d4": -1.001656988296571, "p1": 6.0162710337261895, "p2": 14.992907601022315, "p3": 33.99987854147375, "p4": 1.7214203252024496, "pol1": 0.4054697004695116, "pol2": 0.5785801376312414, "pol3": -0.0030566064024852846, "pol4": 0.1976568932754481, "v0s": 4.0798140419677535}, "datetime": {"datetime": "2022-04-29 23:08:10", "elapsed": 113802.611432, "delta": 22.337275}}
{"target": 4.06028116203039, "params": {"Bgrad": 1.3662069623736985, "d1": -2.0397826497923206, "d2": 0.09984185150887726, "d3": -0.6355756013649949, "d4": -2.832155633761075, "p1": 16.514600544198675, "p2": 41.945481862167576, "p3": 3.4894113386811365, "p4": 10.247213233745251, "pol1": -0.22307834051854747, "pol2": 0.8014450571433149, "pol3": -0.8232621190848799, "pol4": 0.9296188993144301, "v0s": 4.06028116203039}, "datetime": {"datetime": "2022-04-29 23:08:33", "elapsed": 113825.643847, "delta": 23.032415}}
{"target": 3.866755506755579, "params": {"Bgrad": 1.8247393398603162, "d1": -2.6069701780061463, "d2": -0.33080731697933086, "d3": -1.8198025100183313, "d4": -0.7127774408014886, "p1": 42.33461237941919, "p2": 41.654848927991466, "p3": 30.048071776086445, "p4": 16.48731110875337, "pol1": -0.9596169965012356, "pol2": 0.6440089567848335, "pol3": 0.10317914143648621, "pol4": 0.27401284460581277, "v0s": 3.866755506755579}, "datetime": {"datetime": "2022-04-29 23:09:27", "elapsed": 113880.021451, "delta": 54.377604}}
{"target": -1.0, "params": {"Bgrad": 0.5523414134929978, "d1": 0.20879567706225055, "d2": 0.24148364018562818, "d3": -2.168192283977718, "d4": -0.5604999696842934, "p1": 7.147986799098543, "p2": 35.360998125712854, "p3": 31.285299529701792, "p4": 6.497014667126716, "pol1": -0.6694051343043039, "pol2": 0.11657279266927012, "pol3": 0.9465400271302951, "pol4": 0.6078524931418989, "v0s": 2.72062206349628}, "datetime": {"datetime": "2022-04-29 23:10:01", "elapsed": 113913.906848, "delta": 33.885397}}
{"target": -1.0, "params": {"Bgrad": 1.5028270365339733, "d1": -0.7407049389623692, "d2": 0.9822008284934389, "d3": -0.8055061616530876, "d4": -2.8827794190127656, "p1": 38.43672417396734, "p2": 23.435844783706404, "p3": 41.92733212721575, "p4": 48.15252671808356, "pol1": 0.08190327730260671, "pol2": 0.24433278104432476, "pol3": 0.6898444397604746, "pol4": -0.05643033578471379, "v0s": 3.955416250738955}, "datetime": {"datetime": "2022-04-29 23:10:40", "elapsed": 113952.958431, "delta": 39.051583}}
{"target": -1.0, "params": {"Bgrad": 1.3548498260411257, "d1": -2.0861692697738214, "d2": 0.1420197537699881, "d3": -0.9534832225650973, "d4": -0.4690717179465813, "p1": 8.755151357763669, "p2": 33.74714444060961, "p3": 21.311554125433464, "p4": 44.81008368042135, "pol1": -0.8595458029733964, "pol2": 0.8331728528716806, "pol3": 0.2550380174450577, "pol4": 0.9345175983379594, "v0s": 7.176535426589789}, "datetime": {"datetime": "2022-04-29 23:11:09", "elapsed": 113982.484484, "delta": 29.526053}}
{"target": 4.4156285527177115, "params": {"Bgrad": 0.8539831884642086, "d1": -2.7377636543675483, "d2": 0.5851869866854418, "d3": -1.7126568469422794, "d4": -1.8319251118778344, "p1": 29.09618157481746, "p2": 28.47323093550186, "p3": 9.197962679951663, "p4": 7.705833469709134, "pol1": -0.6567159786396495, "pol2": 0.3666754807462858, "pol3": 0.08653225950211835, "pol4": 0.18935844517216796, "v0s": 4.4156285527177115}, "datetime": {"datetime": "2022-04-29 23:11:32", "elapsed": 114005.047155, "delta": 22.562671}}
{"target": -1.0, "params": {"Bgrad": 1.610661678937522, "d1": -2.8189768946295337, "d2": -0.6504824215110174, "d3": -1.969303261111393, "d4": -1.1189985571995402, "p1": 25.362542820488223, "p2": 23.99422072765019, "p3": 9.852152863564456, "p4": 31.398680557866747, "pol1": 0.30593970503696744, "pol2": 0.09433536625911887, "pol3": 0.09194458018964902, "pol4": 0.9571867149466609, "v0s": 2.540857869184417}, "datetime": {"datetime": "2022-04-29 23:12:05", "elapsed": 114038.243395, "delta": 33.19624}}
{"target": -1.0, "params": {"Bgrad": 1.862874107042249, "d1": -2.0293042854469454, "d2": 0.808580243684389, "d3": 0.5723918176813343, "d4": 0.13400403152282067, "p1": 25.049983588245556, "p2": 23.21464175210583, "p3": 40.010917783208754, "p4": 43.62688504124047, "pol1": 0.6770958049138206, "pol2": -1.0, "pol3": -1.0, "pol4": -0.5622784636005509, "v0s": 3.1705752507681173}, "datetime": {"datetime": "2022-04-29 23:12:56", "elapsed": 114089.367698, "delta": 51.124303}}
{"target": 5.179622681800514, "params": {"Bgrad": 0.6978093422780324, "d1": -1.1826703201655686, "d2": 0.10198133920584995, "d3": -0.6543754515447668, "d4": -2.8107929699165535, "p1": 23.40488012058426, "p2": 24.92690718533804, "p3": 8.14316362527614, "p4": 32.85865882425775, "pol1": -0.3370345179529126, "pol2": -0.5956824771455131, "pol3": 0.3409749297882314, "pol4": -0.7351466964904367, "v0s": 5.179622681800514}, "datetime": {"datetime": "2022-04-29 23:13:18", "elapsed": 114110.922066, "delta": 21.554368}}
{"target": 5.588025958060402, "params": {"Bgrad": 1.9068929960990735, "d1": -2.313621218639193, "d2": -0.43483321479721804, "d3": 0.5382521736366903, "d4": -0.4010888386481124, "p1": 2.5802552263016865, "p2": 1.9008084666220226, "p3": 39.310468120942815, "p4": 48.28026486609499, "pol1": -0.44484948293789905, "pol2": -0.11860491324155542, "pol3": 0.5280044622634019, "pol4": 0.27104668480999017, "v0s": 5.588025958060402}, "datetime": {"datetime": "2022-04-29 23:13:44", "elapsed": 114136.586444, "delta": 25.664378}}
{"target": 3.6265096328325437, "params": {"Bgrad": 1.6192207508035312, "d1": -0.4859421175067835, "d2": -2.576518202467512, "d3": -2.56762562815355, "d4": -2.1629399434789773, "p1": 0.6798090449786465, "p2": 32.18206050626623, "p3": 24.719719135417055, "p4": 21.985913689117993, "pol1": -0.36034667336617243, "pol2": -0.24247396604212312, "pol3": 0.9916688344034776, "pol4": 0.12181221790894003, "v0s": 3.6265096328325437}, "datetime": {"datetime": "2022-04-29 23:14:08", "elapsed": 114160.574304, "delta": 23.98786}}
{"target": 3.099201799580642, "params": {"Bgrad": 1.202020551119804, "d1": -1.9154282718620694, "d2": -0.031090974222294582, "d3": -1.4029350743935272, "d4": 0.38303335452772896, "p1": 10.33130104303924, "p2": 38.79289296365088, "p3": 31.800064841388604, "p4": 7.014400305688077, "pol1": -0.6014653804715107, "pol2": 0.5482735446674154, "pol3": 0.38367569217345243, "pol4": 0.5891212221836124, "v0s": 3.099201799580642}, "datetime": {"datetime": "2022-04-29 23:14:30", "elapsed": 114183.406256, "delta": 22.831952}}
{"target": -1.0, "params": {"Bgrad": 1.9002088882176955, "d1": -2.0424905418391406, "d2": -1.2311135815230565, "d3": -0.786475670999812, "d4": -1.1019933901191603, "p1": 14.726662055460698, "p2": 14.390841063461812, "p3": 27.891266300957202, "p4": 32.124574865954855, "pol1": -0.7825772784543141, "pol2": 0.5990263338576287, "pol3": -0.3815159649473745, "pol4": -0.8006565919962729, "v0s": 4.927073525401216}, "datetime": {"datetime": "2022-04-29 23:15:11", "elapsed": 114224.134357, "delta": 40.728101}}
{"target": -1.0, "params": {"Bgrad": 0.6861852483210021, "d1": 0.040172587930522585, "d2": -2.0929673926108032, "d3": -1.9042625530631612, "d4": -2.508821705037499, "p1": 29.40970313080981, "p2": 22.13141950970794, "p3": 37.61910846402806, "p4": 49.534682244829554, "pol1": -0.9294604114680622, "pol2": 0.835174321646609, "pol3": -0.38353450586923477, "pol4": -0.8633445671375211, "v0s": 2.4083834494878635}, "datetime": {"datetime": "2022-04-29 23:15:32", "elapsed": 114244.77018, "delta": 20.635823}}
{"target": 3.695842322581739, "params": {"Bgrad": 1.6030823366656899, "d1": -1.420009112449585, "d2": 0.4096072752689648, "d3": -0.2618974366099951, "d4": -2.135039948396072, "p1": 20.53560673168853, "p2": 24.4133026994161, "p3": 42.675608110490174, "p4": 44.82487496264372, "pol1": -0.6436331296241184, "pol2": -0.02252020091956486, "pol3": 0.2800376806060989, "pol4": 0.9477849781164851, "v0s": 3.695842322581739}, "datetime": {"datetime": "2022-04-29 23:16:00", "elapsed": 114272.637667, "delta": 27.867487}}
{"target": 2.355881169123498, "params": {"Bgrad": 2.0, "d1": 0.9334206732463614, "d2": -0.7056197365647796, "d3": -1.0528926727339454, "d4": -0.2666805708477629, "p1": 26.36340245824134, "p2": 21.29115739210835, "p3": 35.77729059112527, "p4": 8.238469217925807, "pol1": -0.39307411331516734, "pol2": -0.4168169793802494, "pol3": 0.8208411755836855, "pol4": 0.48052434956176465, "v0s": 2.355881169123498}, "datetime": {"datetime": "2022-04-29 23:17:03", "elapsed": 114335.946391, "delta": 63.308724}}
{"target": -1.0, "params": {"Bgrad": 0.7828211464772743, "d1": -2.056973751869116, "d2": 0.6470496005881032, "d3": -2.1506563185970236, "d4": 0.6098055792036363, "p1": 22.764877604367058, "p2": 23.894871393091773, "p3": 13.326210761240997, "p4": 35.565438739340664, "pol1": 0.5421664068314567, "pol2": 0.16599381100801658, "pol3": 0.5486871610693556, "pol4": -0.5242299138383895, "v0s": 3.60176761593911}, "datetime": {"datetime": "2022-04-29 23:17:36", "elapsed": 114368.977073, "delta": 33.030682}}
{"target": -1.0, "params": {"Bgrad": 0.9311306343917034, "d1": -1.9447415756724018, "d2": 0.7958625944888671, "d3": -1.0475633161424827, "d4": -0.8077979884318531, "p1": 2.5468820605340725, "p2": 7.801280284796386, "p3": 24.4202366214482, "p4": 19.338901325589475, "pol1": -0.3572844320266644, "pol2": -0.3420931495709556, "pol3": -0.8365534253282034, "pol4": 0.7706960738161701, "v0s": 3.5771036640144773}, "datetime": {"datetime": "2022-04-29 23:17:56", "elapsed": 114389.258843, "delta": 20.28177}}
{"target": 2.3491486615849055, "params": {"Bgrad": 1.5166081788468335, "d1": -1.6480951167208282, "d2": -1.1153810928116146, "d3": -2.644167287031137, "d4": 0.5058886253483141, "p1": 47.427719429782464, "p2": 45.26940070520874, "p3": 5.947533979975905, "p4": 20.78148207633929, "pol1": -0.5758538206026234, "pol2": 0.6618781192813605, "pol3": 0.5155228495231337, "pol4": 0.0733166164023007, "v0s": 2.3491486615849055}, "datetime": {"datetime": "2022-04-29 23:18:20", "elapsed": 114412.773968, "delta": 23.515125}}
{"target": -1.0, "params": {"Bgrad": 0.6967067534196228, "d1": -2.6430849153163494, "d2": -0.7748756898139573, "d3": -0.3229750025850362, "d4": 0.1121997780980637, "p1": 6.147407601932786, "p2": 0.8922259010210543, "p3": 39.09114371946229, "p4": 46.954549865855064, "pol1": 0.19897301247376142, "pol2": -0.5137017538619106, "pol3": -0.6286218412587878, "pol4": 0.6197003937121077, "v0s": 6.453547524703454}, "datetime": {"datetime": "2022-04-29 23:18:42", "elapsed": 114434.596619, "delta": 21.822651}}
{"target": -1.0, "params": {"Bgrad": 0.9165993087015485, "d1": -1.7902998116002173, "d2": 0.2390257977801511, "d3": 0.1758435354344563, "d4": -0.5237427725512962, "p1": 32.428584345675844, "p2": 7.3234832765686155, "p3": 5.5858815117766465, "p4": 24.283518332973504, "pol1": 0.6813810900982933, "pol2": -0.7468827049633358, "pol3": -0.6373233521977755, "pol4": -0.3969937017138918, "v0s": 4.85185126431711}, "datetime": {"datetime": "2022-04-29 23:19:34", "elapsed": 114486.729226, "delta": 52.132607}}
{"target": -1.0, "params": {"Bgrad": 1.576876039896188, "d1": -1.2863371167173503, "d2": 0.878785370466742, "d3": -2.402783206137434, "d4": -1.479907922508806, "p1": 4.298941433716944, "p2": 20.11105044753413, "p3": 11.000531623597405, "p4": 27.15668055499981, "pol1": 0.009993155332112326, "pol2": 0.804479873918258, "pol3": -0.834336432451233, "pol4": 0.46702183994648677, "v0s": 2.6238088913496056}, "datetime": {"datetime": "2022-04-29 23:20:23", "elapsed": 114535.757133, "delta": 49.027907}}
{"target": 5.2251301404029435, "params": {"Bgrad": 1.1928884846966827, "d1": -2.491076151566536, "d2": -0.7039134333547477, "d3": -0.3083470929698837, "d4": 0.8154035733391218, "p1": 2.0032607430610136, "p2": 4.4707387089151895, "p3": 23.238594621127707, "p4": 17.562306361491686, "pol1": 0.5466597344167599, "pol2": -0.8136301920258562, "pol3": 0.9755056967818083, "pol4": -0.9363049430084658, "v0s": 5.2251301404029435}, "datetime": {"datetime": "2022-04-29 23:20:48", "elapsed": 114560.706424, "delta": 24.949291}}
{"target": -1.0, "params": {"Bgrad": 1.8584506560670708, "d1": -1.3640695292902243, "d2": 0.06637452543997346, "d3": -1.5988664801665475, "d4": -0.8722253971528198, "p1": 20.76495783011258, "p2": 23.78938420428617, "p3": 8.879198974067364, "p4": 32.750919046151004, "pol1": 0.569142112686122, "pol2": 0.30913969113371187, "pol3": -0.8603502207834639, "pol4": -0.7443758450875235, "v0s": 3.1822589175837055}, "datetime": {"datetime": "2022-04-29 23:21:43", "elapsed": 114616.356626, "delta": 55.650202}}
{"target": -1.0, "params": {"Bgrad": 0.7671093378762684, "d1": -1.069399572875568, "d2": 0.5088796154367765, "d3": 0.374066659197112, "d4": -2.1679590469138854, "p1": 38.61428236949858, "p2": 47.89448002260709, "p3": 17.355918391099134, "p4": 11.160500507035826, "pol1": 0.5440214325838251, "pol2": -0.09979374529298624, "pol3": 0.3808235988887687, "pol4": 0.6578915716359188, "v0s": 3.759813336351244}, "datetime": {"datetime": "2022-04-29 23:22:13", "elapsed": 114645.581483, "delta": 29.224857}}
{"target": 4.1773276496154335, "params": {"Bgrad": 1.3732147457546542, "d1": -2.5790114354725704, "d2": 0.7899060611256825, "d3": -1.7359291236919536, "d4": -0.1752208089979237, "p1": 28.559980104236267, "p2": 47.40775690169384, "p3": 24.785699955071756, "p4": 28.929190993354236, "pol1": 0.21734948926034114, "pol2": 0.7191365841512347, "pol3": -0.6154573268024519, "pol4": 0.15130681019422076, "v0s": 4.1773276496154335}, "datetime": {"datetime": "2022-04-29 23:22:47", "elapsed": 114679.590549, "delta": 34.009066}}
