{"target": -1.0, "params": {"Bgrad": 0.5804557959415562, "d1": -2.0487530130430724, "d2": 0.29538132271499595, "d3": 0.7100830046802282, "d4": -1.120796851855947, "p1": 27.945085206011566, "p2": 9.631654053447985, "p3": 11.214013275055446, "p4": 25.01344127926416, "pol1": -0.3239459577466224, "pol2": 0.8829432784126043, "pol3": 0.9322901121916596, "pol4": -0.958789255154584, "v0s": 4.249152494045137}, "datetime": {"datetime": "2022-05-17 12:04:21", "elapsed": 58877.003269, "delta": 21.351892}}
{"target": 5.481374013718777, "params": {"Bgrad": 2.0, "d1": -3.0, "d2": 1.0, "d3": -0.6194212893821126, "d4": -3.0, "p1": 29.825801021969085, "p2": 12.146162957487999, "p3": 38.52681999770895, "p4": 26.588864424666042, "pol1": 1.0, "pol2": -0.3314676303650193, "pol3": -1.0, "pol4": -0.3723810269104656, "v0s": 5.481374013718777}, "datetime": {"datetime": "2022-05-17 12:04:53", "elapsed": 58909.174224, "delta": 32.170955}}
{"target": 3.322557248279396, "params": {"Bgrad": 1.9389653499559012, "d1": -2.917976194642063, "d2": 0.5677453185344898, "d3": -0.7471565494439889, "d4": -1.0846288519955687, "p1": 33.328811283049845, "p2": 9.608219876811635, "p3": 36.63456668600315, "p4": 31.967403952618668, "pol1": -0.7898522704227491, "pol2": -0.05756510764108791, "pol3": -0.5776613695722701, "pol4": 0.36500355938838847, "v0s": 3.322557248279396}, "datetime": {"datetime": "2022-05-17 12:05:15", "elapsed": 58930.810355, "delta": 21.636131}}
{"target": 4.831740211648112, "params": {"Bgrad": 0.892337633247797, "d1": -2.5389372482524633, "d2": 0.9862079409945306, "d3": -1.2261980649935529, "d4": -2.642956582545085, "p1": 3.02867470230142, "p2": 38.63032659755339, "p3": 39.76638288345425, "p4": 30.763150063690965, "pol1": 0.749605272204523, "pol2": 0.5993214187854461, "pol3": -0.66512877536385, "pol4": 0.614746172112371, "v0s": 4.831740211648112}, "datetime": {"datetime": "2022-05-17 12:05:36", "elapsed": 58951.649619, "delta": 20.839264}}
{"target": 3.2966424045520597, "params": {"Bgrad": 1.1864252053017683, "d1": -1.2504910915941374, "d2": 0.7195014656153238, "d3": -2.0894860459809173, "d4": -2.967730213433901, "p1": 4.550855099223922, "p2": 39.947689519928794, "p3": 32.41477941756637, "p4": 46.702366783660445, "pol1": 0.7091497558051683, "pol2": -0.4993308797078726, "pol3": 0.9933719339444229, "pol4": -0.6919819250654016, "v0s": 3.2966424045520597}, "datetime": {"datetime": "2022-05-17 12:05:55", "elapsed": 58970.629853, "delta": 18.980234}}
{"target": -1.0, "params": {"Bgrad": 1.669205090228608, "d1": -1.181252380619727, "d2": -0.8688052077603148, "d3": -1.4677976227322374, "d4": -2.2568351998245415, "p1": 2.1642298286804253, "p2": 13.254422920581938, "p3": 35.69418860848087, "p4": 45.95108149831339, "pol1": 0.41430561680067224, "pol2": 0.10508644313936011, "pol3": -0.6892594808210677, "pol4": -0.9485606916434091, "v0s": 4.036349604466378}, "datetime": {"datetime": "2022-05-17 12:06:29", "elapsed": 59004.805446, "delta": 34.175593}}
{"target": -1.0, "params": {"Bgrad": 1.7119837144901013, "d1": -2.1370198152877227, "d2": 0.6109662933456095, "d3": -0.0750148645576676, "d4": -1.5875786865271047, "p1": 29.468717586398668, "p2": 31.362720286197177, "p3": 9.83779212424487, "p4": 44.78844355308287, "pol1": 0.21614029350756359, "pol2": 0.8478438155927932, "pol3": 0.8929296804045499, "pol4": 0.2708467296008239, "v0s": 4.764786581839003}, "datetime": {"datetime": "2022-05-17 12:07:03", "elapsed": 59039.068805, "delta": 34.263359}}
{"target": 3.862575763049578, "params": {"Bgrad": 2.0, "d1": -3.0, "d2": 0.6697714637775067, "d3": -2.1257827397029576, "d4": -0.08133600707137789, "p1": 27.268493650399876, "p2": 29.049388981783913, "p3": 5.219996345276517, "p4": 42.29988456310583, "pol1": 0.8287648417239795, "pol2": -0.4716290088183851, "pol3": 0.7909145467931926, "pol4": 0.5796101654158456, "v0s": 3.862575763049578}, "datetime": {"datetime": "2022-05-17 12:07:35", "elapsed": 59070.9256, "delta": 31.856795}}
{"target": 4.726207890241877, "params": {"Bgrad": 1.8158313278783353, "d1": -1.7465011591847464, "d2": 0.7008852063993182, "d3": -1.4398322791536275, "d4": -3.0, "p1": 26.573963460179204, "p2": 7.997376154111003, "p3": 36.1810706016981, "p4": 29.578522905955165, "pol1": 0.21246530255080448, "pol2": 0.5638499091908381, "pol3": 0.3932827945556077, "pol4": -0.05651550364857845, "v0s": 4.726207890241877}, "datetime": {"datetime": "2022-05-17 12:07:56", "elapsed": 59091.80675, "delta": 20.88115}}
{"target": 3.8247505927210357, "params": {"Bgrad": 1.6622037002543293, "d1": -2.2862096295276806, "d2": -0.013147004673419893, "d3": -0.927502771672629, "d4": -1.6443582503260097, "p1": 31.878458786369855, "p2": 11.861295570807274, "p3": 40.8010856520014, "p4": 26.886299824677838, "pol1": 0.030986590055807728, "pol2": 0.08412377697786644, "pol3": -0.04635572489981876, "pol4": -0.25922850966273514, "v0s": 3.8247505927210357}, "datetime": {"datetime": "2022-05-17 12:08:15", "elapsed": 59110.399024, "delta": 18.592274}}
{"target": 4.93515558087427, "params": {"Bgrad": 1.8676289546504037, "d1": -1.0808486992506308, "d2": 0.6944279608415291, "d3": -2.911240489376342, "d4": -0.006692485205169962, "p1": 30.766884243224364, "p2": 12.694212429699265, "p3": 30.699796675207757, "p4": 26.998658007484632, "pol1": -0.39205487519144433, "pol2": -0.22424266438534368, "pol3": -0.5260117994302573, "pol4": -0.20885058493478836, "v0s": 4.93515558087427}, "datetime": {"datetime": "2022-05-17 12:08:36", "elapsed": 59132.020195, "delta": 21.621171}}
{"target": 3.281123787989211, "params": {"Bgrad": 0.9125062915782179, "d1": -1.6697486063784526, "d2": 0.011414801120481322, "d3": -1.9271019349337934, "d4": -2.1566840429594114, "p1": 29.943340086236255, "p2": 8.838929241022203, "p3": 35.773317363171934, "p4": 28.4605410659929, "pol1": 0.8832250529574281, "pol2": 0.9825109258421054, "pol3": -0.3380149409363822, "pol4": -0.1859364363194782, "v0s": 3.281123787989211}, "datetime": {"datetime": "2022-05-17 12:09:10", "elapsed": 59165.388946, "delta": 33.368751}}
{"target": 4.87943150603945, "params": {"Bgrad": 1.3991614240963741, "d1": -2.9586962531072767, "d2": 0.7049658139293778, "d3": -1.1806204993701015, "d4": -1.0775360792909425, "p1": 36.99054700794983, "p2": 10.606121910151105, "p3": 40.982358937104905, "p4": 38.474495515342355, "pol1": 1.0, "pol2": 0.3428245236413286, "pol3": -0.6643214124816011, "pol4": -1.0, "v0s": 4.87943150603945}, "datetime": {"datetime": "2022-05-17 12:09:33", "elapsed": 59188.603855, "delta": 23.214909}}
{"target": 4.589547676068477, "params": {"Bgrad": 1.2475577597766823, "d1": -3.0, "d2": -2.4442516105843124, "d3": -2.2211848668876675, "d4": -0.35491192835242646, "p1": 7.022865550526089, "p2": 5.349046820873338, "p3": 46.518470750889655, "p4": 17.059071053253998, "pol1": -1.0, "pol2": 0.048540981290154876, "pol3": -0.4069077498323906, "pol4": -0.1948420640540212, "v0s": 4.589547676068477}, "datetime": {"datetime": "2022-05-17 12:10:08", "elapsed": 59223.248195, "delta": 34.64434}}
{"target": 3.1337343463181426, "params": {"Bgrad": 1.2827295357885324, "d1": -1.6610169052245571, "d2": 0.493841639951063, "d3": -1.2468619439172541, "d4": -0.1709339623585837, "p1": 9.887424410788231, "p2": 26.934086438392445, "p3": 40.68058880567859, "p4": 25.06263222698356, "pol1": -0.9896261527967993, "pol2": 0.7139650730864544, "pol3": 0.12632924579264393, "pol4": 0.3791392338492008, "v0s": 3.1337343463181426}, "datetime": {"datetime": "2022-05-17 12:10:39", "elapsed": 59254.916493, "delta": 31.668298}}
{"target": 4.5354154360009495, "params": {"Bgrad": 0.7577514390359534, "d1": -1.6604378238560686, "d2": 0.8022217818541111, "d3": -1.4723736379913106, "d4": -0.9005061183668341, "p1": 2.987173339104665, "p2": 34.18796918914192, "p3": 29.901929654435026, "p4": 40.95849655329489, "pol1": 0.8314423987637798, "pol2": 0.47384380883354016, "pol3": -0.15122696352245746, "pol4": 0.961274514662366, "v0s": 4.5354154360009495}, "datetime": {"datetime": "2022-05-17 12:11:27", "elapsed": 59302.350624, "delta": 47.434131}}
{"target": -1.0, "params": {"Bgrad": 1.774046836736688, "d1": -2.6513915746878083, "d2": -1.2406108650424583, "d3": -2.3240997816308853, "d4": -2.4549918051740414, "p1": 27.216331441675223, "p2": 10.485377165350595, "p3": 16.449490127852854, "p4": 26.205561269458457, "pol1": -0.11457789735897927, "pol2": 0.6158839029249803, "pol3": -0.8446818683986506, "pol4": 0.1932163978560677, "v0s": 6.306357573105024}, "datetime": {"datetime": "2022-05-17 12:12:13", "elapsed": 59348.913087, "delta": 46.562463}}
{"target": -1.0, "params": {"Bgrad": 1.0605616257051416, "d1": -2.0010821781336934, "d2": -1.4816775811257301, "d3": -0.8869912830986557, "d4": -2.3761535290525675, "p1": 4.330096280757589, "p2": 31.02248882026685, "p3": 45.072009979182376, "p4": 18.763904636066687, "pol1": 0.055895944337013725, "pol2": 0.21032457675161043, "pol3": 0.5870355390096142, "pol4": 0.6587755560468544, "v0s": 4.56398944465326}, "datetime": {"datetime": "2022-05-17 12:12:39", "elapsed": 59374.377978, "delta": 25.464891}}
{"target": 2.4285603646968514, "params": {"Bgrad": 0.9402758682249635, "d1": -0.11046863912331384, "d2": 0.5734323382071138, "d3": -1.201976579378754, "d4": -0.8540247399807162, "p1": 0.32434825649694243, "p2": 29.595850851830736, "p3": 16.75027062173659, "p4": 13.00423967608908, "pol1": -0.7630337940586509, "pol2": 0.6405809901500974, "pol3": 0.43199930653954066, "pol4": 0.21203732121635666, "v0s": 2.4285603646968514}, "datetime": {"datetime": "2022-05-17 12:12:59", "elapsed": 59394.654745, "delta": 20.276767}}
{"target": 2.6315465052854004, "params": {"Bgrad": 1.6344341499354458, "d1": -2.93533706071952, "d2": 0.9984648176791433, "d3": -2.8009627582864605, "d4": -1.9354109646182174, "p1": 4.781684368413614, "p2": 38.88203601508013, "p3": 42.871610153986786, "p4": 32.467381693880206, "pol1": -0.2435591873236682, "pol2": 0.39620961607430893, "pol3": 0.9081973225430782, "pol4": -0.044432022836971896, "v0s": 2.6315465052854004}, "datetime": {"datetime": "2022-05-17 12:13:19", "elapsed": 59415.044211, "delta": 20.389466}}
{"target": 4.605010622705643, "params": {"Bgrad": 2.0, "d1": -3.0, "d2": 0.5729709627080076, "d3": -0.8108263203815923, "d4": -1.4585602652047278, "p1": 44.97329480663222, "p2": 23.342494381769924, "p3": 25.480951267619144, "p4": 11.390432755999658, "pol1": -1.0, "pol2": 0.5298460637667738, "pol3": -0.18513531786726622, "pol4": 0.008636773809577546, "v0s": 4.605010622705643}, "datetime": {"datetime": "2022-05-17 12:13:45", "elapsed": 59441.097529, "delta": 26.053318}}
{"target": -1.0, "params": {"Bgrad": 0.9215380009005394, "d1": -2.496196936057252, "d2": -2.7954418136306067, "d3": -1.7044982227875614, "d4": 0.673009365198665, "p1": 31.88331127390482, "p2": 8.435548884509087, "p3": 37.77796956849629, "p4": 32.366047262088195, "pol1": 0.6520536788413103, "pol2": -0.8439046097595229, "pol3": -0.7498919651265472, "pol4": -0.6026106565778278, "v0s": 4.222792096679502}, "datetime": {"datetime": "2022-05-17 12:14:14", "elapsed": 59469.809734, "delta": 28.712205}}
{"target": 4.4328834897654055, "params": {"Bgrad": 0.5, "d1": -2.7895512132540414, "d2": 1.0, "d3": -1.557314212560874, "d4": -1.7029589757059505, "p1": 41.16402945198595, "p2": 20.016814213419362, "p3": 16.20147566667135, "p4": 12.84670449855704, "pol1": -0.21571331130546756, "pol2": 1.0, "pol3": 0.14709488096771278, "pol4": 0.25115463730590176, "v0s": 4.4328834897654055}, "datetime": {"datetime": "2022-05-17 12:14:36", "elapsed": 59492.1061, "delta": 22.296366}}
{"target": 4.160559513136867, "params": {"Bgrad": 0.9953936917439041, "d1": 0.4599539467005864, "d2": -0.18585301908039975, "d3": -0.44379762722400473, "d4": -1.2527641453755942, "p1": 6.254695816767275, "p2": 39.96041981114294, "p3": 34.51777490552818, "p4": 45.10018947280891, "pol1": 0.2294878145432393, "pol2": -0.4975586766168276, "pol3": 0.009640568493981982, "pol4": -0.7043911530401317, "v0s": 4.160559513136867}, "datetime": {"datetime": "2022-05-17 12:14:58", "elapsed": 59514.12022, "delta": 22.01412}}
{"target": 5.067842619824232, "params": {"Bgrad": 1.7363639409751586, "d1": -1.2742924314403172, "d2": 0.088537556793582, "d3": -1.4260291371794245, "d4": -1.6754378770221132, "p1": 33.58516339753506, "p2": 11.053225389892852, "p3": 41.669712100314285, "p4": 33.506965283364046, "pol1": -0.569052077337006, "pol2": -0.44365175348642194, "pol3": -0.7687528185358086, "pol4": 0.44895309131999594, "v0s": 5.067842619824232}, "datetime": {"datetime": "2022-05-17 12:15:32", "elapsed": 59547.308454, "delta": 33.188234}}
{"target": 5.217665982476141, "params": {"Bgrad": 1.0297737539538683, "d1": -2.7804473639481935, "d2": 0.1304827191548008, "d3": -0.4148228068002503, "d4": -3.0, "p1": 1.4261613200891143, "p2": 14.022797626688579, "p3": 37.54422312871578, "p4": 47.050631695861355, "pol1": 0.7802591643057804, "pol2": 0.2796041858615442, "pol3": -0.46738050226859884, "pol4": 0.49850906491882047, "v0s": 5.217665982476141}, "datetime": {"datetime": "2022-05-17 12:15:52", "elapsed": 59567.309958, "delta": 20.001504}}
{"target": 4.941733111768745, "params": {"Bgrad": 0.9215470294023129, "d1": -2.926830337695226, "d2": 1.0, "d3": -1.8780931789470274, "d4": -0.8233672314961027, "p1": 35.610212168509776, "p2": 10.599105365102451, "p3": 41.11865492625756, "p4": 37.337666493030795, "pol1": 1.0, "pol2": -0.04433617170707448, "pol3": -0.9916071957286303, "pol4": -1.0, "v0s": 4.941733111768745}, "datetime": {"datetime": "2022-05-17 12:16:27", "elapsed": 59602.690328, "delta": 35.38037}}
{"target": -1.0, "params": {"Bgrad": 0.640668443664675, "d1": -2.4020491215061206, "d2": 0.10263102000073587, "d3": -2.161805722045308, "d4": -1.6825368021025362, "p1": 5.943635296145827, "p2": 38.88162791282046, "p3": 34.41811167482806, "p4": 44.11660884216057, "pol1": -0.6591276108266337, "pol2": 0.6200834837702223, "pol3": -0.31436076356384945, "pol4": -0.09445917477318999, "v0s": 5.9750666532738705}, "datetime": {"datetime": "2022-05-17 12:16:55", "elapsed": 59630.825079, "delta": 28.134751}}
{"target": -1.0, "params": {"Bgrad": 0.831654703409308, "d1": -1.9928029098383298, "d2": -1.2925533199486243, "d3": -1.22160518926697, "d4": -2.4654060465616023, "p1": 4.285372231177698, "p2": 35.919269295804064, "p3": 30.403212574887355, "p4": 37.49216684294009, "pol1": 0.20267007008042093, "pol2": -0.1449861483978323, "pol3": -0.7543034237054773, "pol4": -0.6065306239023627, "v0s": 6.011057929118809}, "datetime": {"datetime": "2022-05-17 12:17:26", "elapsed": 59662.16725, "delta": 31.342171}}
{"target": 5.2912612232675285, "params": {"Bgrad": 1.6625259108249526, "d1": -3.0, "d2": -0.11094537471472354, "d3": -1.2077691649536233, "d4": -0.9420976174979003, "p1": 35.817434530912514, "p2": 11.530564335504353, "p3": 41.36852915036389, "p4": 38.060506514776556, "pol1": 1.0, "pol2": 0.0173661940271593, "pol3": -1.0, "pol4": -1.0, "v0s": 5.2912612232675285}, "datetime": {"datetime": "2022-05-17 12:17:55", "elapsed": 59690.951263, "delta": 28.784013}}
{"target": 4.81869243803548, "params": {"Bgrad": 1.3844259641391146, "d1": -1.8693471292366288, "d2": 0.8450004778676874, "d3": -1.689018418085816, "d4": -2.7423349528898537, "p1": 31.15724845938927, "p2": 6.770177497229363, "p3": 37.5138011526046, "p4": 29.668559344223826, "pol1": 0.04986060200665987, "pol2": 0.8163164474822617, "pol3": 0.31176325390605464, "pol4": -0.2707933007341692, "v0s": 4.81869243803548}, "datetime": {"datetime": "2022-05-17 12:18:23", "elapsed": 59718.850643, "delta": 27.89938}}
{"target": -1.0, "params": {"Bgrad": 0.6982590486178737, "d1": 0.3751910855755667, "d2": -0.7504005101942384, "d3": 0.23111100581666522, "d4": -0.5717033398171147, "p1": 4.666525999766613, "p2": 39.54077343285255, "p3": 33.80085630741302, "p4": 44.028338038454415, "pol1": -0.7658355366791014, "pol2": -0.7969673492818112, "pol3": -0.2967113162503241, "pol4": -0.0685863902368169, "v0s": 4.740663244521526}, "datetime": {"datetime": "2022-05-17 12:18:59", "elapsed": 59755.061792, "delta": 36.211149}}
{"target": -1.0, "params": {"Bgrad": 0.5, "d1": -2.9109932037723576, "d2": 1.0, "d3": -2.4158029958060045, "d4": -1.0199919225052478, "p1": 27.97200804511511, "p2": 9.857124907555162, "p3": 10.709010725060946, "p4": 25.061044574821263, "pol1": -0.08753603831316274, "pol2": -1.0, "pol3": -0.1639362369217866, "pol4": -0.46352798333182094, "v0s": 5.37830295168571}, "datetime": {"datetime": "2022-05-17 12:19:24", "elapsed": 59779.411665, "delta": 24.349873}}
{"target": -1.0, "params": {"Bgrad": 1.512984908911118, "d1": -2.885122298830967, "d2": -1.3120672344953057, "d3": -2.305431643536667, "d4": -2.3518232334717277, "p1": 21.657753021868825, "p2": 6.946068192483034, "p3": 10.248817670154981, "p4": 26.043909634163644, "pol1": 0.34220640769200394, "pol2": 0.307175100212564, "pol3": 0.8862166222323058, "pol4": -0.8935492903283557, "v0s": 5.990926891599593}, "datetime": {"datetime": "2022-05-17 12:19:57", "elapsed": 59812.89112, "delta": 33.479455}}
{"target": -1.0, "params": {"Bgrad": 0.9247186571892929, "d1": -0.5762168039736255, "d2": 0.06249011118908365, "d3": -1.8109696401803763, "d4": -1.05676256447518, "p1": 6.341898187425765, "p2": 28.664887407414685, "p3": 45.23562326599013, "p4": 21.35539154362475, "pol1": 0.5258287782893647, "pol2": 0.3344356699443114, "pol3": 0.629526484371602, "pol4": 0.0725056676660425, "v0s": 5.230740187885694}, "datetime": {"datetime": "2022-05-17 12:20:22", "elapsed": 59838.069777, "delta": 25.178657}}
{"target": 3.716625275102663, "params": {"Bgrad": 0.7354399758541952, "d1": -2.0213713194379546, "d2": -0.40315381539213035, "d3": -0.1353848469667751, "d4": -1.7100678172550539, "p1": 4.495378012967638, "p2": 36.08692887411525, "p3": 29.26820254218515, "p4": 33.3903152651151, "pol1": 0.7214285788048411, "pol2": -0.4714670438495556, "pol3": -0.36687805702953824, "pol4": -0.7180975965339371, "v0s": 3.716625275102663}, "datetime": {"datetime": "2022-05-17 12:20:53", "elapsed": 59869.126711, "delta": 31.056934}}
{"target": 4.791811763391173, "params": {"Bgrad": 0.751561564183224, "d1": -3.0, "d2": 0.175043513260621, "d3": -2.057480823656233, "d4": -0.8966667366799662, "p1": 34.49052980640981, "p2": 5.5881202834113415, "p3": 36.49903883394935, "p4": 28.864887060257594, "pol1": 0.7987612192938993, "pol2": -0.686859924479295, "pol3": 0.6106559430687182, "pol4": 0.19210217028020282, "v0s": 4.791811763391173}, "datetime": {"datetime": "2022-05-17 12:21:16", "elapsed": 59891.491892, "delta": 22.365181}}
{"target": 4.0995471951261395, "params": {"Bgrad": 2.0, "d1": -3.0, "d2": 0.024429319522755524, "d3": -1.8545848396589486, "d4": -3.0, "p1": 9.30118401664673, "p2": 25.29040956573488, "p3": 43.321301056063575, "p4": 24.5586433309758, "pol1": 1.0, "pol2": 0.3517771882964442, "pol3": -0.5059731616000962, "pol4": 0.31651485974467714, "v0s": 4.0995471951261395}, "datetime": {"datetime": "2022-05-17 12:21:44", "elapsed": 59919.790205, "delta": 28.298313}}
{"target": -1.0, "params": {"Bgrad": 0.705489754132777, "d1": -1.1826983869992143, "d2": -0.8938274866742537, "d3": -1.1887901522289543, "d4": -2.3042569945289295, "p1": 34.579418373789046, "p2": 10.392675778391624, "p3": 40.249597405040525, "p4": 34.21678969094179, "pol1": -0.6636251064376151, "pol2": -0.535424965757979, "pol3": -0.8150072616844779, "pol4": 0.6758305799088142, "v0s": 4.054709547681356}, "datetime": {"datetime": "2022-05-17 12:22:15", "elapsed": 59950.838163, "delta": 31.047958}}
{"target": 5.123421931755384, "params": {"Bgrad": 1.2004646807830421, "d1": -3.0, "d2": 0.06069093054352004, "d3": -2.324368878314728, "d4": -2.5435755285015604, "p1": 32.63057345214365, "p2": 6.0299125483663385, "p3": 36.474686357689336, "p4": 30.42991431268467, "pol1": -0.09708981538122485, "pol2": 1.0, "pol3": 0.3373803968916574, "pol4": 0.5786262723154267, "v0s": 5.123421931755384}, "datetime": {"datetime": "2022-05-17 12:22:40", "elapsed": 59975.677727, "delta": 24.839564}}
{"target": 5.4155810051464925, "params": {"Bgrad": 0.5022808069399327, "d1": -2.7346622913278584, "d2": 0.6399230499974387, "d3": -0.6804626921975956, "d4": -2.8552945300726216, "p1": 3.8806344405418134, "p2": 35.623211506210644, "p3": 35.191242260016395, "p4": 36.537940949035544, "pol1": -0.8635369136315414, "pol2": 0.008064977049035083, "pol3": 0.1213821882478272, "pol4": -0.6828252002300303, "v0s": 5.4155810051464925}, "datetime": {"datetime": "2022-05-17 12:22:59", "elapsed": 59994.270997, "delta": 18.59327}}
{"target": 3.900276360124531, "params": {"Bgrad": 0.5, "d1": -1.4048131261171855, "d2": 0.1837629444726282, "d3": -1.5753916631494589, "d4": -2.572811469875523, "p1": 38.81213503132333, "p2": 46.91634868032335, "p3": 15.236969384173985, "p4": 13.421566573268446, "pol1": -0.445759169132265, "pol2": 1.0, "pol3": 0.4146822681520715, "pol4": 0.6166463428374611, "v0s": 3.900276360124531}, "datetime": {"datetime": "2022-05-17 12:23:23", "elapsed": 60019.056704, "delta": 24.785707}}
{"target": -1.0, "params": {"Bgrad": 1.2615488168821978, "d1": -2.7527351877076573, "d2": 0.4920461610087159, "d3": -2.7044987178469957, "d4": 0.25197700681577073, "p1": 2.276222319546589, "p2": 34.267881617803475, "p3": 31.897102086967017, "p4": 38.1827885443814, "pol1": 0.8589822898661592, "pol2": -0.41206875466849935, "pol3": -0.6660776914779534, "pol4": -0.34571307474458735, "v0s": 5.509908564949601}, "datetime": {"datetime": "2022-05-17 12:23:57", "elapsed": 60052.602981, "delta": 33.546277}}
{"target": 4.308582964717617, "params": {"Bgrad": 1.1457637317332345, "d1": -3.0, "d2": 1.0, "d3": -2.2575322976823533, "d4": -1.3214668131638114, "p1": 28.134924356333528, "p2": 30.429677087582718, "p3": 8.6961671919189, "p4": 44.29301538068366, "pol1": 0.5763253593047586, "pol2": -0.6174597407707237, "pol3": 0.2526953063610886, "pol4": -0.6286614925940662, "v0s": 4.308582964717617}, "datetime": {"datetime": "2022-05-17 12:24:36", "elapsed": 60092.163172, "delta": 39.560191}}
