{"target": -1.0, "params": {"Bgrad": 1.019439073963831, "d1": -2.7793926604852266, "d2": 0.21693280989904506, "d3": -2.272254489440774, "d4": -1.1325044287979402, "p1": 12.518014542133798, "p2": 12.910376330684725, "p3": 12.3843669981537, "p4": 29.8075919753866, "pol1": 0.2743742152111692, "pol2": 0.1622060487038559, "pol3": 0.7237725698900646, "pol4": 0.5735870852775025, "v0s": 4.971349168329729}, "datetime": {"datetime": "2022-06-25 00:52:48", "elapsed": 4239.905851, "delta": 13.691388}}
{"target": -1.0, "params": {"Bgrad": 0.9952206347502816, "d1": -0.7880109970516913, "d2": -1.8120646210349771, "d3": -2.3464871050026246, "d4": -1.993953203483485, "p1": 6.420285215243404, "p2": 11.423198953956303, "p3": 36.586578369241295, "p4": 32.33795357747895, "pol1": 0.30685388289594595, "pol2": 0.791762011113494, "pol3": -0.15804519088718583, "pol4": -0.8703991373081916, "v0s": 3.763339347512761}, "datetime": {"datetime": "2022-06-25 00:53:06", "elapsed": 4257.676333, "delta": 17.770482}}
{"target": -1.0, "params": {"Bgrad": 0.8409632342383229, "d1": -1.7076484639955893, "d2": 0.7414408336743321, "d3": -2.4772981407094052, "d4": -2.0580055103708785, "p1": 6.8769872986157115, "p2": 12.292772889237263, "p3": 33.592245731505685, "p4": 32.848307874225554, "pol1": -0.4341006271052439, "pol2": 0.3018259983151066, "pol3": 0.5772809072844796, "pol4": 0.710935534214149, "v0s": 2.470488805918395}, "datetime": {"datetime": "2022-06-25 00:53:17", "elapsed": 4268.887354, "delta": 11.211021}}
{"target": 2.0639304880640035, "params": {"Bgrad": 0.6049897789296227, "d1": -1.3228821874806798, "d2": -1.0931450568074683, "d3": 0.8009496844759934, "d4": 0.4344364259842117, "p1": 5.159663241474355, "p2": 12.336460814836093, "p3": 34.417116198879285, "p4": 27.54641446257257, "pol1": -0.49371884978467895, "pol2": -0.9646386932348365, "pol3": -0.3391776062482974, "pol4": -0.37488188490732055, "v0s": 2.0639304880640035}, "datetime": {"datetime": "2022-06-25 00:53:25", "elapsed": 4277.045539, "delta": 8.158185}}
{"target": -1.0, "params": {"Bgrad": 0.8431630819430928, "d1": -1.786214543771509, "d2": -2.683783962569992, "d3": -0.9371472612604766, "d4": -0.27586214451130275, "p1": 7.249608848196443, "p2": 14.583894982437037, "p3": 35.88513816057011, "p4": 29.37335797387266, "pol1": 0.06329893736233537, "pol2": 0.7038743251943989, "pol3": 0.4752645203463184, "pol4": -0.13160392259000006, "v0s": 3.275791670789258}, "datetime": {"datetime": "2022-06-25 00:53:37", "elapsed": 4289.290796, "delta": 12.245257}}
{"target": -1.0, "params": {"Bgrad": 0.6018529291568329, "d1": -0.9013015385235672, "d2": -1.2521280655534412, "d3": -1.8140485747498678, "d4": -2.6702817998333335, "p1": 8.428934939581712, "p2": 16.24729371073734, "p3": 35.44575652163661, "p4": 30.109287411422038, "pol1": 0.9476889823941808, "pol2": 0.3169741084408708, "pol3": -0.1818350743951811, "pol4": 0.34288255344819474, "v0s": 3.782098309567531}, "datetime": {"datetime": "2022-06-25 00:53:47", "elapsed": 4299.489524, "delta": 10.198728}}
{"target": 3.2716322147560915, "params": {"Bgrad": 1.2644150707362953, "d1": -1.6524335238838814, "d2": 0.6719519683229453, "d3": -1.4373193790666052, "d4": -2.2962330180098474, "p1": 7.889353866234022, "p2": 8.822520047786025, "p3": 32.54147921591399, "p4": 26.748757573127346, "pol1": 0.5953913920666969, "pol2": 0.6601343525195489, "pol3": 0.5232471268775254, "pol4": 0.041741376769922844, "v0s": 3.2716322147560915}, "datetime": {"datetime": "2022-06-25 00:53:57", "elapsed": 4309.540647, "delta": 10.051123}}
{"target": -1.0, "params": {"Bgrad": 0.9711904086042373, "d1": -2.2420189442152707, "d2": -0.3659849675552742, "d3": -2.774869546350566, "d4": -1.7945962051537014, "p1": 4.153674735090352, "p2": 23.374830945993686, "p3": 0.096165860372327, "p4": 32.48688421885796, "pol1": 0.18435554980151858, "pol2": -0.1152000257071959, "pol3": 0.9779871170818284, "pol4": -0.7530510113842099, "v0s": 5.189053030643551}, "datetime": {"datetime": "2022-06-25 00:54:14", "elapsed": 4326.468384, "delta": 16.927737}}
{"target": 2.2044339805082034, "params": {"Bgrad": 1.2203588866412614, "d1": -1.4773389142653026, "d2": -0.5315831168345939, "d3": 0.2722916978959047, "d4": -0.9111626503115331, "p1": 45.42745313031443, "p2": 15.268225836687105, "p3": 27.689413842057746, "p4": 12.938089242871698, "pol1": 0.07998734325480639, "pol2": -0.06360060061309003, "pol3": 0.5229137214660791, "pol4": -0.7652590334778846, "v0s": 2.2044339805082034}, "datetime": {"datetime": "2022-06-25 00:54:25", "elapsed": 4337.215645, "delta": 10.747261}}
{"target": -1.0, "params": {"Bgrad": 0.8149102580622474, "d1": -2.57728695934193, "d2": -1.664814716921192, "d3": -2.8395923998290358, "d4": -1.6492816168686635, "p1": 11.003925672520737, "p2": 9.28906447423477, "p3": 35.542039849377424, "p4": 28.84122946266803, "pol1": 0.223771392197754, "pol2": 0.4447496759989116, "pol3": 0.43419725592736214, "pol4": 0.037300890380854046, "v0s": 3.9985218581055673}, "datetime": {"datetime": "2022-06-25 00:54:36", "elapsed": 4347.80433, "delta": 10.588685}}
{"target": 5.538384360705875, "params": {"Bgrad": 1.5090554208704103, "d1": -2.548323959824535, "d2": -2.609820673428288, "d3": 0.44284009182334305, "d4": -0.6542684498454907, "p1": 5.740870757165179, "p2": 7.5388628549432015, "p3": 38.65242413984772, "p4": 28.760745881156087, "pol1": 0.9130778863542706, "pol2": -0.6006050439735982, "pol3": 0.29765156994200126, "pol4": -0.9605969893359554, "v0s": 5.538384360705875}, "datetime": {"datetime": "2022-06-25 00:55:05", "elapsed": 4377.439087, "delta": 29.634757}}
{"target": -1.0, "params": {"Bgrad": 1.7672566885596857, "d1": -1.1791020617769732, "d2": -1.844909823506978, "d3": -1.9223003603267097, "d4": -2.106076204504153, "p1": 44.029222303563515, "p2": 21.29050400369338, "p3": 24.834988102614062, "p4": 18.823537834948358, "pol1": 0.3635889262753904, "pol2": -0.5845791832672804, "pol3": 0.293529992458087, "pol4": -0.28928132568265075, "v0s": 4.038206654239566}, "datetime": {"datetime": "2022-06-25 00:55:18", "elapsed": 4390.40342, "delta": 12.964333}}
{"target": -1.0, "params": {"Bgrad": 0.9465334331830915, "d1": -1.7164939679617088, "d2": -0.1990852207226088, "d3": -0.7371558939105367, "d4": -0.18061966205214874, "p1": 4.181048588126046, "p2": 13.499322344813958, "p3": 33.97842597318224, "p4": 32.59472570899046, "pol1": 0.4007365461021488, "pol2": 0.639710935412366, "pol3": 0.8786350017987321, "pol4": -0.4733425796545505, "v0s": 3.126025407974455}, "datetime": {"datetime": "2022-06-25 00:55:29", "elapsed": 4400.925285, "delta": 10.521865}}
{"target": -1.0, "params": {"Bgrad": 0.5015224426520236, "d1": -1.4650057721175092, "d2": -0.004210568226766576, "d3": -2.668540775107883, "d4": -1.3586807765515032, "p1": 30.10198575441429, "p2": 9.62833410468329, "p3": 37.29104472271378, "p4": 29.65691904080281, "pol1": -0.3544341605332286, "pol2": -0.2590342887757968, "pol3": -0.7078708018913247, "pol4": 0.14098425302047968, "v0s": 6.323950031327742}, "datetime": {"datetime": "2022-06-25 00:55:38", "elapsed": 4410.537581, "delta": 9.612296}}
{"target": 4.771125824259308, "params": {"Bgrad": 1.652784358791448, "d1": -2.3545225200321984, "d2": 0.3074499022265879, "d3": -2.5057172195952653, "d4": -1.7061216323454385, "p1": 29.40324252352043, "p2": 10.635683230096056, "p3": 36.71293597934171, "p4": 28.81552825139774, "pol1": 0.4718404683243441, "pol2": 0.535056554340677, "pol3": 0.24074478834158083, "pol4": -0.04567686222014154, "v0s": 4.771125824259308}, "datetime": {"datetime": "2022-06-25 00:55:52", "elapsed": 4423.943733, "delta": 13.406152}}
{"target": -1.0, "params": {"Bgrad": 1.2914126405269108, "d1": -1.1786634634253232, "d2": 0.14607746475621708, "d3": -2.4154338303658105, "d4": -1.2797925981623037, "p1": 7.090939413711705, "p2": 12.292332069576284, "p3": 35.478863389611845, "p4": 31.963968227241345, "pol1": -0.6128838854089449, "pol2": 0.5591897512645965, "pol3": 0.06039915154607045, "pol4": -0.4592336603327629, "v0s": 3.3055181015101445}, "datetime": {"datetime": "2022-06-25 00:56:01", "elapsed": 4433.582957, "delta": 9.639224}}
{"target": -1.0, "params": {"Bgrad": 0.8556806273925815, "d1": -1.9086723462164432, "d2": -0.08612651599900589, "d3": -1.4521358778095999, "d4": -2.0762726847574733, "p1": 9.539256181700463, "p2": 7.213347441657469, "p3": 35.324168947434146, "p4": 32.29238993895806, "pol1": 0.20820673039677828, "pol2": -0.435283066547, "pol3": 0.22149461219574906, "pol4": -0.7397020204189568, "v0s": 3.3636026845025846}, "datetime": {"datetime": "2022-06-25 00:56:13", "elapsed": 4445.038326, "delta": 11.455369}}
{"target": -1.0, "params": {"Bgrad": 0.8968595922589093, "d1": -0.6490279811963804, "d2": -2.3420433901233753, "d3": -1.1171765484151805, "d4": -0.48470606471887967, "p1": 5.217829034374405, "p2": 15.165441313832734, "p3": 37.29942587530507, "p4": 29.818365784382333, "pol1": 0.34098434871289207, "pol2": -0.27300848342246775, "pol3": 0.9757294221363448, "pol4": 0.7500293616470124, "v0s": 2.0692240580643606}, "datetime": {"datetime": "2022-06-25 00:56:22", "elapsed": 4454.50202, "delta": 9.463694}}
{"target": -1.0, "params": {"Bgrad": 1.2525743261209765, "d1": -1.2694528344942233, "d2": -0.6301835070371702, "d3": -1.4005185605830408, "d4": -2.8396995135981737, "p1": 5.311941654364993, "p2": 32.4149047515133, "p3": 38.14833608438551, "p4": 35.06349512709302, "pol1": 0.705378952966059, "pol2": 0.4568213295738148, "pol3": -0.28299059425326756, "pol4": 0.33102633459871567, "v0s": 4.6760372000401045}, "datetime": {"datetime": "2022-06-25 00:56:38", "elapsed": 4470.113275, "delta": 15.611255}}
{"target": 5.697974019560208, "params": {"Bgrad": 1.4489654393457874, "d1": -1.3039622305605634, "d2": 0.8480970468987863, "d3": -2.104484190424158, "d4": -0.5155785604753769, "p1": 5.388660951006702, "p2": 15.963656277918641, "p3": 37.38239739916058, "p4": 33.473046489275355, "pol1": 0.834868183564645, "pol2": 0.12315381401923475, "pol3": 0.4328251949653057, "pol4": -0.2479887522522939, "v0s": 5.697974019560208}, "datetime": {"datetime": "2022-06-25 00:56:52", "elapsed": 4484.234515, "delta": 14.12124}}
{"target": -1.0, "params": {"Bgrad": 1.8913269243138129, "d1": -1.5563465366801275, "d2": 0.9369084048269318, "d3": -1.7350459047911788, "d4": -2.730612972978527, "p1": 9.891757948450842, "p2": 5.706198449471084, "p3": 36.47604752906264, "p4": 30.022240534329132, "pol1": -0.7013661183444055, "pol2": -0.34924915281206914, "pol3": 0.4930372054699159, "pol4": -0.028741515484757674, "v0s": 4.067447976672564}, "datetime": {"datetime": "2022-06-25 00:57:04", "elapsed": 4496.073857, "delta": 11.839342}}
{"target": 4.551832712755002, "params": {"Bgrad": 1.8006268819657705, "d1": -1.851467021812705, "d2": 0.8914223248182899, "d3": -2.5795182707616666, "d4": 0.16108816287606556, "p1": 29.86023814039268, "p2": 12.494771491652902, "p3": 41.007494466560175, "p4": 25.349988073042834, "pol1": 0.7114931604843485, "pol2": 0.7492027915072906, "pol3": -0.5751068608855612, "pol4": -0.25345092975524997, "v0s": 4.551832712755002}, "datetime": {"datetime": "2022-06-25 00:57:15", "elapsed": 4507.306819, "delta": 11.232962}}
{"target": -1.0, "params": {"Bgrad": 1.4881792835041008, "d1": -0.6323333391042705, "d2": -1.0433119560991915, "d3": -2.8105588461165003, "d4": 0.749678243405214, "p1": 3.0967764610963675, "p2": 13.362077134425848, "p3": 35.49490952728874, "p4": 31.652080278662677, "pol1": 0.19294367789767675, "pol2": -0.6114847215842236, "pol3": -0.789190259463733, "pol4": -0.8146615720759718, "v0s": 4.509880743166442}, "datetime": {"datetime": "2022-06-25 00:57:29", "elapsed": 4521.021147, "delta": 13.714328}}
{"target": -1.0, "params": {"Bgrad": 1.925679319579373, "d1": 0.20546528109643525, "d2": -2.6487912315399895, "d3": -0.8130338934472063, "d4": -1.5468188362787632, "p1": 6.026778004136463, "p2": 11.066511266377061, "p3": 33.616835877762185, "p4": 30.779173885227557, "pol1": -4.674431096640674e-06, "pol2": 0.7726653173800491, "pol3": 0.7536051491989189, "pol4": 0.32219577374007025, "v0s": 3.3929044457454056}, "datetime": {"datetime": "2022-06-25 00:57:43", "elapsed": 4535.54132, "delta": 14.520173}}
{"target": 3.73566589785518, "params": {"Bgrad": 0.531277468896464, "d1": -1.0423706570092257, "d2": 0.47106711276002633, "d3": -1.1143383164139764, "d4": -2.5271464603325526, "p1": 6.518048727717418, "p2": 36.29410722341562, "p3": 35.08129654460884, "p4": 36.21442248953502, "pol1": -0.9291871050184142, "pol2": 0.44720704192025895, "pol3": 0.8977046678677634, "pol4": -0.14521929405536915, "v0s": 3.73566589785518}, "datetime": {"datetime": "2022-06-25 00:57:50", "elapsed": 4542.154636, "delta": 6.613316}}
{"target": -1.0, "params": {"Bgrad": 0.7745566336935004, "d1": -0.7333826136029904, "d2": 0.027627243102812393, "d3": -1.1903141702077389, "d4": -0.856897426008, "p1": 8.802382571481571, "p2": 8.189888981739484, "p3": 36.82124859966139, "p4": 30.730434922371902, "pol1": -0.6720152650832771, "pol2": 0.17939211479802908, "pol3": 0.639856313500875, "pol4": 0.718012634972921, "v0s": 4.544716144963877}, "datetime": {"datetime": "2022-06-25 00:57:59", "elapsed": 4551.662213, "delta": 9.507577}}
{"target": -1.0, "params": {"Bgrad": 1.9700368837579172, "d1": 0.0916800642446689, "d2": -1.877956991517018, "d3": 0.3349363604150537, "d4": -1.8994072949290257, "p1": 5.873957163871241, "p2": 14.788288146365918, "p3": 35.69334580239642, "p4": 33.88826014492305, "pol1": -0.792114941765182, "pol2": -0.9754726796107047, "pol3": -0.503574804707412, "pol4": -0.38741977413057427, "v0s": 2.4812975940753743}, "datetime": {"datetime": "2022-06-25 00:58:13", "elapsed": 4564.966637, "delta": 13.304424}}
{"target": 4.008462146087687, "params": {"Bgrad": 1.752843222054894, "d1": -1.0400993394190339, "d2": 0.5696483306179201, "d3": -1.0234289384570774, "d4": -0.8398220810019965, "p1": 6.947896284711397, "p2": 14.760135565699173, "p3": 35.48972882228863, "p4": 34.494185953935336, "pol1": -0.6286356594604112, "pol2": -0.23415103469556997, "pol3": 0.6745370352456292, "pol4": -0.26307986226656666, "v0s": 4.008462146087687}, "datetime": {"datetime": "2022-06-25 00:58:21", "elapsed": 4573.542704, "delta": 8.576067}}
{"target": -1.0, "params": {"Bgrad": 1.4288982236247976, "d1": -2.4940240097754365, "d2": -1.2664177554869056, "d3": -1.7876483806408983, "d4": -0.42007749701414454, "p1": 5.877221525239573, "p2": 7.802954961770037, "p3": 36.49233217912337, "p4": 32.0990636680973, "pol1": 0.7253329820336036, "pol2": 0.5131149674452653, "pol3": 0.8192935045801633, "pol4": -0.6635448150578505, "v0s": 4.494600379390044}, "datetime": {"datetime": "2022-06-25 00:58:36", "elapsed": 4587.893331, "delta": 14.350627}}
{"target": -1.0, "params": {"Bgrad": 1.9296141650161154, "d1": -1.8542909906839316, "d2": 0.6728658108285765, "d3": 0.1765411496507956, "d4": 0.1325293793571709, "p1": 44.724181074499185, "p2": 18.599226477876723, "p3": 26.74969084751383, "p4": 13.549693991220025, "pol1": 0.7071574397510956, "pol2": -0.8633809772634105, "pol3": 0.2980060446025421, "pol4": -0.33903661891974113, "v0s": 3.312704801719297}, "datetime": {"datetime": "2022-06-25 00:58:50", "elapsed": 4601.767232, "delta": 13.873901}}
{"target": 3.8858428156350246, "params": {"Bgrad": 0.6582300191656423, "d1": -0.04920498667333284, "d2": -0.18661513157356335, "d3": -2.6573307286803294, "d4": -1.775879806185118, "p1": 44.038034167816235, "p2": 23.070610940900373, "p3": 23.913799106570487, "p4": 21.006207513550212, "pol1": 0.6823639426414008, "pol2": -0.1784074626174157, "pol3": 0.6005101994095579, "pol4": 0.5354693089893863, "v0s": 3.8858428156350246}, "datetime": {"datetime": "2022-06-25 00:58:59", "elapsed": 4611.047417, "delta": 9.280185}}
{"target": -1.0, "params": {"Bgrad": 1.0451210869736203, "d1": -0.7760391095109314, "d2": 0.7812083829361156, "d3": -2.792838506789429, "d4": -0.075998799255514, "p1": 29.35335506605109, "p2": 24.658466843945178, "p3": 7.307956257093778, "p4": 45.406683323288114, "pol1": 0.2595632515004218, "pol2": 0.4536056751353905, "pol3": 0.7698696531483622, "pol4": 0.12030807927130582, "v0s": 4.188089803086498}, "datetime": {"datetime": "2022-06-25 00:59:31", "elapsed": 4643.071783, "delta": 32.024366}}
{"target": 5.12309012986964, "params": {"Bgrad": 0.7870187678209247, "d1": -2.920033859323972, "d2": 0.6970832542870147, "d3": -2.3409180448100217, "d4": -1.6110923059114772, "p1": 26.41182494136547, "p2": 25.117690599565236, "p3": 2.7388333807732534, "p4": 41.716554319613195, "pol1": 0.8867023282616397, "pol2": -0.5470685988838229, "pol3": -0.1953464283459645, "pol4": 0.6345438557843057, "v0s": 5.12309012986964}, "datetime": {"datetime": "2022-06-25 00:59:40", "elapsed": 4652.651169, "delta": 9.579386}}
{"target": 3.533454327813083, "params": {"Bgrad": 1.7427051816228225, "d1": -2.306290616962751, "d2": 0.41684640750220137, "d3": -1.9393523032027211, "d4": -0.7367200545469346, "p1": 46.22536509048792, "p2": 17.377742566775822, "p3": 27.699141949117482, "p4": 12.189948928799865, "pol1": -0.014042245081019367, "pol2": -0.16726805579667858, "pol3": 0.17394424357740546, "pol4": -0.7044944029934679, "v0s": 3.533454327813083}, "datetime": {"datetime": "2022-06-25 00:59:50", "elapsed": 4662.089928, "delta": 9.438759}}
{"target": -1.0, "params": {"Bgrad": 1.2890014358632285, "d1": -2.8876323346827153, "d2": -2.5021875003957574, "d3": -0.31829351715924226, "d4": 0.7039294144612058, "p1": 32.875229346302625, "p2": 8.246340880098046, "p3": 7.8511363112419295, "p4": 25.23133304452082, "pol1": -0.32212920268689493, "pol2": 0.6097006079683092, "pol3": 0.5803821040240291, "pol4": 0.07034610407863862, "v0s": 6.828849616967056}, "datetime": {"datetime": "2022-06-25 01:00:08", "elapsed": 4679.961141, "delta": 17.871213}}
{"target": 4.029533104457714, "params": {"Bgrad": 1.1477584081881338, "d1": -1.7968167039032465, "d2": 0.9757316733319303, "d3": -2.182459622279249, "d4": -2.535067987722179, "p1": 10.471830571512298, "p2": 17.889861335545927, "p3": 8.64684984745897, "p4": 30.669972684671613, "pol1": -0.8283527429615432, "pol2": -0.9989826934896111, "pol3": -0.5659766581010808, "pol4": 0.4302111779395261, "v0s": 4.029533104457714}, "datetime": {"datetime": "2022-06-25 01:00:17", "elapsed": 4689.128627, "delta": 9.167486}}
{"target": 4.445671819862393, "params": {"Bgrad": 1.372779019201575, "d1": -2.6162028802694253, "d2": 0.31780459606577294, "d3": -1.7691804483261726, "d4": -1.0732380545432734, "p1": 7.252149976957856, "p2": 8.382921460323956, "p3": 30.505833789782923, "p4": 26.283120793581617, "pol1": -0.06851285406808483, "pol2": 0.6019459222327299, "pol3": 0.5463849481576479, "pol4": 0.6351404712483961, "v0s": 4.445671819862393}, "datetime": {"datetime": "2022-06-25 01:00:28", "elapsed": 4699.910795, "delta": 10.782168}}
{"target": -1.0, "params": {"Bgrad": 0.8323384043031348, "d1": -1.0688034080128563, "d2": -2.898428365436895, "d3": -1.8433780110902975, "d4": -2.4015542569281987, "p1": 3.086065959003287, "p2": 9.596148192871535, "p3": 40.15450221762944, "p4": 29.2503775085083, "pol1": -0.5784928240272633, "pol2": 0.4958966335306254, "pol3": 0.6464170744611049, "pol4": -0.024640065224677432, "v0s": 4.723717061583351}, "datetime": {"datetime": "2022-06-25 01:00:39", "elapsed": 4711.646414, "delta": 11.735619}}
{"target": -1.0, "params": {"Bgrad": 1.9999888201925247, "d1": -1.1186626384996696, "d2": -1.2324654552217167, "d3": -2.012933474995927, "d4": -1.6382423601104508, "p1": 1.3879104060596448, "p2": 10.36996318696522, "p3": 33.71210241286222, "p4": 24.939968771412545, "pol1": 0.7655728531370694, "pol2": 0.287759616065407, "pol3": -0.2844126915503429, "pol4": 0.39770035773416756, "v0s": 2.078698675198793}, "datetime": {"datetime": "2022-06-25 01:00:46", "elapsed": 4718.270701, "delta": 6.624287}}
{"target": 3.950418492674456, "params": {"Bgrad": 1.2233947633270845, "d1": -1.7095938578912597, "d2": 0.7375116853272811, "d3": -1.8060438971877175, "d4": -2.2695997087900777, "p1": 9.874380896348413, "p2": 15.37855619160227, "p3": 7.221150128866756, "p4": 29.706432454254262, "pol1": -0.20281230795344388, "pol2": -0.7025819417732329, "pol3": -0.144831329246639, "pol4": 0.3866223336946807, "v0s": 3.950418492674456}, "datetime": {"datetime": "2022-06-25 01:00:57", "elapsed": 4728.772618, "delta": 10.501917}}
{"target": 4.400708553243161, "params": {"Bgrad": 0.8166642047076871, "d1": -2.786085596123869, "d2": -0.5548243248850344, "d3": -2.5303302213030467, "d4": -1.1443281098475353, "p1": 28.094277779026815, "p2": 11.231393278919988, "p3": 39.08688984511758, "p4": 28.81137465375499, "pol1": -0.36503189325088226, "pol2": -0.5532977918423385, "pol3": 0.9634649858119193, "pol4": 0.6706967317421251, "v0s": 4.400708553243161}, "datetime": {"datetime": "2022-06-25 01:01:05", "elapsed": 4736.98865, "delta": 8.216032}}
{"target": -1.0, "params": {"Bgrad": 1.974364031287588, "d1": 0.4670355755072375, "d2": -2.068729176741824, "d3": -0.6762141281601726, "d4": -2.2247436617747853, "p1": 7.1591672299329225, "p2": 15.206841334616634, "p3": 35.819947489848076, "p4": 31.381294129415675, "pol1": -0.8018282048228247, "pol2": 0.8022307252971259, "pol3": -0.4312718549239867, "pol4": 0.19370763342101704, "v0s": 4.01613758346818}, "datetime": {"datetime": "2022-06-25 01:01:19", "elapsed": 4751.53575, "delta": 14.5471}}
{"target": -1.0, "params": {"Bgrad": 1.1304865545838725, "d1": 0.4334985919689278, "d2": 0.9251125458418192, "d3": -0.3583075393432176, "d4": -1.4833535559967128, "p1": 1.0658792296630637, "p2": 9.26067482690261, "p3": 37.12288116719933, "p4": 25.908352314584743, "pol1": 0.44536603915189676, "pol2": 0.6999836456790796, "pol3": 0.579315345868362, "pol4": 0.3032371862172849, "v0s": 6.269224711802871}, "datetime": {"datetime": "2022-06-25 01:01:34", "elapsed": 4766.381053, "delta": 14.845303}}
