{"target": -1.0, "params": {"Bgrad": 1.133178409702843, "d1": -0.611046014107214, "d2": -2.124763243541747, "d3": 0.7281570307385272, "d4": -1.8479536611855223, "p1": 1.94887080744513, "p2": 7.740790609356607, "p3": 23.756752408456585, "p4": 13.1836319495512, "pol1": -0.5017645002990154, "pol2": -0.7705103555129147, "pol3": 0.3916209675076976, "pol4": -0.8525295742529533, "v0s": 4.263316656620342}, "datetime": {"datetime": "2022-06-21 17:19:21", "elapsed": 2270.010404, "delta": 11.727641}}
{"target": -1.0, "params": {"Bgrad": 1.1111040910928782, "d1": -1.320921391838994, "d2": -0.6371951925175674, "d3": -2.086030697022636, "d4": -2.41641696693051, "p1": 14.23548849821028, "p2": 32.10767512881581, "p3": 43.536814906533536, "p4": 3.473952513233752, "pol1": -0.8536140725891952, "pol2": 0.5348022598880546, "pol3": 0.412039269113716, "pol4": -0.458844118461321, "v0s": 5.031253003853109}, "datetime": {"datetime": "2022-06-21 17:19:33", "elapsed": 2281.825809, "delta": 11.816403}}
{"target": -1.0, "params": {"Bgrad": 1.1111040910928782, "d1": -1.320921391838994, "d2": -0.6371951925175674, "d3": -2.086030697022636, "d4": -2.41641696693051, "p1": 14.23548849821028, "p2": 32.10767512881581, "p3": 43.536814906533536, "p4": 3.473952513233752, "pol1": -0.8536140725891952, "pol2": 0.5348022598880546, "pol3": 0.412039269113716, "pol4": -0.458844118461321, "v0s": 5.031253003853109}, "datetime": {"datetime": "2022-06-21 17:19:33", "elapsed": 2281.826806, "delta": 11.816402}}
{"target": -1.0, "params": {"Bgrad": 0.5793208712861537, "d1": -0.5270705583552688, "d2": -2.456603790414515, "d3": -0.955739181305157, "d4": -2.4882687245760926, "p1": 32.28902541196002, "p2": 10.081514555452149, "p3": 1.1511852678825096, "p4": 46.67889633487759, "pol1": 0.19552032716721124, "pol2": -0.8397838411368728, "pol3": 0.20969889590648116, "pol4": 0.37767036061493164, "v0s": 5.257612824811852}, "datetime": {"datetime": "2022-06-21 17:19:39", "elapsed": 2287.192483, "delta": 5.366674}}
{"target": -1.0, "params": {"Bgrad": 0.5793208712861537, "d1": -0.5270705583552688, "d2": -2.456603790414515, "d3": -0.955739181305157, "d4": -2.4882687245760926, "p1": 32.28902541196002, "p2": 10.081514555452149, "p3": 1.1511852678825096, "p4": 46.67889633487759, "pol1": 0.19552032716721124, "pol2": -0.8397838411368728, "pol3": 0.20969889590648116, "pol4": 0.37767036061493164, "v0s": 5.257612824811852}, "datetime": {"datetime": "2022-06-21 17:19:39", "elapsed": 2287.193481, "delta": 5.366675}}
{"target": -1.0, "params": {"Bgrad": 1.9574262401557125, "d1": -2.112726312069435, "d2": -2.283959672573951, "d3": 0.17716398440717684, "d4": 0.9722380421453951, "p1": 30.468373506724216, "p2": 37.52680290662208, "p3": 19.86349137525026, "p4": 9.402679850510687, "pol1": -0.37660123080307795, "pol2": 0.8112878958119292, "pol3": -0.3774362312670976, "pol4": 0.20424359168462347, "v0s": 5.604705189225896}, "datetime": {"datetime": "2022-06-21 17:19:50", "elapsed": 2298.666801, "delta": 11.474318}}
{"target": -1.0, "params": {"Bgrad": 1.9574262401557125, "d1": -2.112726312069435, "d2": -2.283959672573951, "d3": 0.17716398440717684, "d4": 0.9722380421453951, "p1": 30.468373506724216, "p2": 37.52680290662208, "p3": 19.86349137525026, "p4": 9.402679850510687, "pol1": -0.37660123080307795, "pol2": 0.8112878958119292, "pol3": -0.3774362312670976, "pol4": 0.20424359168462347, "v0s": 5.604705189225896}, "datetime": {"datetime": "2022-06-21 17:19:50", "elapsed": 2298.667798, "delta": 11.474317}}
{"target": 2.218847283586081, "params": {"Bgrad": 1.3598381134222084, "d1": -1.0592323684955622, "d2": 0.6622096331865017, "d3": -1.1109336545201636, "d4": -2.5316517769538742, "p1": 7.719721163379995, "p2": 22.261203210097314, "p3": 8.234224238097898, "p4": 26.76256347955559, "pol1": -0.8140670689864378, "pol2": -0.8626066279195643, "pol3": -0.8602112859056295, "pol4": 0.248624626615485, "v0s": 2.218847283586081}, "datetime": {"datetime": "2022-06-21 17:19:54", "elapsed": 2302.709509, "delta": 4.042708}}
{"target": 2.218847283586081, "params": {"Bgrad": 1.3598381134222084, "d1": -1.0592323684955622, "d2": 0.6622096331865017, "d3": -1.1109336545201636, "d4": -2.5316517769538742, "p1": 7.719721163379995, "p2": 22.261203210097314, "p3": 8.234224238097898, "p4": 26.76256347955559, "pol1": -0.8140670689864378, "pol2": -0.8626066279195643, "pol3": -0.8602112859056295, "pol4": 0.248624626615485, "v0s": 2.218847283586081}, "datetime": {"datetime": "2022-06-21 17:19:54", "elapsed": 2302.709509, "delta": 4.041711}}
{"target": -1.0, "params": {"Bgrad": 1.0889916940793414, "d1": -2.3430236487200538, "d2": -2.1227452857975666, "d3": -0.5769146989355805, "d4": 0.5610276105652279, "p1": 20.40079421375888, "p2": 11.930176759904466, "p3": 43.040633623705155, "p4": 8.881815836334923, "pol1": -0.29393561612449326, "pol2": -0.7506077129782249, "pol3": 0.8013709424781996, "pol4": 0.8041488432834829, "v0s": 5.715587230394087}, "datetime": {"datetime": "2022-06-21 17:20:05", "elapsed": 2313.146119, "delta": 10.43661}}
{"target": -1.0, "params": {"Bgrad": 1.0889916940793414, "d1": -2.3430236487200538, "d2": -2.1227452857975666, "d3": -0.5769146989355805, "d4": 0.5610276105652279, "p1": 20.40079421375888, "p2": 11.930176759904466, "p3": 43.040633623705155, "p4": 8.881815836334923, "pol1": -0.29393561612449326, "pol2": -0.7506077129782249, "pol3": 0.8013709424781996, "pol4": 0.8041488432834829, "v0s": 5.715587230394087}, "datetime": {"datetime": "2022-06-21 17:20:05", "elapsed": 2313.147118, "delta": 10.437609}}
{"target": 2.354147123999936, "params": {"Bgrad": 1.3292675114164145, "d1": -2.3647995826540282, "d2": -0.07491078412512531, "d3": 0.21629679134434365, "d4": -0.8906626278453826, "p1": 4.570028933248049, "p2": 14.855758545967618, "p3": 35.02879449321764, "p4": 37.73714866429697, "pol1": -0.5257643333456017, "pol2": 0.48276759089384114, "pol3": 0.7959051018035357, "pol4": 0.9127248707950344, "v0s": 2.354147123999936}, "datetime": {"datetime": "2022-06-21 17:20:09", "elapsed": 2317.324946, "delta": 4.178827}}
{"target": 2.354147123999936, "params": {"Bgrad": 1.3292675114164145, "d1": -2.3647995826540282, "d2": -0.07491078412512531, "d3": 0.21629679134434365, "d4": -0.8906626278453826, "p1": 4.570028933248049, "p2": 14.855758545967618, "p3": 35.02879449321764, "p4": 37.73714866429697, "pol1": -0.5257643333456017, "pol2": 0.48276759089384114, "pol3": 0.7959051018035357, "pol4": 0.9127248707950344, "v0s": 2.354147123999936}, "datetime": {"datetime": "2022-06-21 17:20:09", "elapsed": 2317.324946, "delta": 4.177828}}
{"target": -1.0, "params": {"Bgrad": 1.0385714286049759, "d1": -0.306681126987872, "d2": -2.5841060055438745, "d3": 0.9707866670019061, "d4": -0.09151690735726703, "p1": 10.121928041745148, "p2": 10.392613192862882, "p3": 27.802853170353842, "p4": 49.539482564124015, "pol1": -0.285132882918258, "pol2": 0.9402268882866291, "pol3": 0.8971160296452336, "pol4": -0.06372635193891174, "v0s": 6.7396566902789505}, "datetime": {"datetime": "2022-06-21 17:20:18", "elapsed": 2326.424613, "delta": 9.099667}}
{"target": -1.0, "params": {"Bgrad": 1.0385714286049759, "d1": -0.306681126987872, "d2": -2.5841060055438745, "d3": 0.9707866670019061, "d4": -0.09151690735726703, "p1": 10.121928041745148, "p2": 10.392613192862882, "p3": 27.802853170353842, "p4": 49.539482564124015, "pol1": -0.285132882918258, "pol2": 0.9402268882866291, "pol3": 0.8971160296452336, "pol4": -0.06372635193891174, "v0s": 6.7396566902789505}, "datetime": {"datetime": "2022-06-21 17:20:18", "elapsed": 2326.42561, "delta": 9.100664}}
{"target": -1.0, "params": {"Bgrad": 0.5467187327834606, "d1": -2.2131295512744114, "d2": -2.797223795552613, "d3": -2.689800286091567, "d4": 0.7960695140506413, "p1": 36.335395412444896, "p2": 22.485410677998953, "p3": 3.16802737993323, "p4": 33.66313112533851, "pol1": 0.3521278163754642, "pol2": 0.9411406339026944, "pol3": 0.29367371671171116, "pol4": 0.11754863564559859, "v0s": 4.505737380596323}, "datetime": {"datetime": "2022-06-21 17:20:26", "elapsed": 2334.472094, "delta": 8.047481}}
{"target": -1.0, "params": {"Bgrad": 0.5467187327834606, "d1": -2.2131295512744114, "d2": -2.797223795552613, "d3": -2.689800286091567, "d4": 0.7960695140506413, "p1": 36.335395412444896, "p2": 22.485410677998953, "p3": 3.16802737993323, "p4": 33.66313112533851, "pol1": 0.3521278163754642, "pol2": 0.9411406339026944, "pol3": 0.29367371671171116, "pol4": 0.11754863564559859, "v0s": 4.505737380596323}, "datetime": {"datetime": "2022-06-21 17:20:26", "elapsed": 2334.473091, "delta": 8.047481}}
{"target": -1.0, "params": {"Bgrad": 1.5432630203946809, "d1": 0.1361906637160719, "d2": -0.7981411437644983, "d3": 0.6870197789181689, "d4": -2.064147557373525, "p1": 27.489087596267904, "p2": 35.307518299344856, "p3": 27.80691510867244, "p4": 7.491133601870464, "pol1": -0.40665427476837257, "pol2": -0.477471790930301, "pol3": -0.23410187401280935, "pol4": 0.9738444429539752, "v0s": 2.1386704978080866}, "datetime": {"datetime": "2022-06-21 17:20:37", "elapsed": 2345.930455, "delta": 11.458361}}
{"target": -1.0, "params": {"Bgrad": 1.5432630203946809, "d1": 0.1361906637160719, "d2": -0.7981411437644983, "d3": 0.6870197789181689, "d4": -2.064147557373525, "p1": 27.489087596267904, "p2": 35.307518299344856, "p3": 27.80691510867244, "p4": 7.491133601870464, "pol1": -0.40665427476837257, "pol2": -0.477471790930301, "pol3": -0.23410187401280935, "pol4": 0.9738444429539752, "v0s": 2.1386704978080866}, "datetime": {"datetime": "2022-06-21 17:20:37", "elapsed": 2345.931452, "delta": 11.458361}}
{"target": -1.0, "params": {"Bgrad": 1.3174144687516658, "d1": -0.6938545943908205, "d2": -1.3032428087031995, "d3": -2.5897981805065413, "d4": -1.9256354080983207, "p1": 34.21459902995809, "p2": 39.47590792082754, "p3": 29.709631603703357, "p4": 14.28164089274569, "pol1": -0.8396229605758403, "pol2": -0.32520311232319954, "pol3": -0.3372685649992746, "pol4": -0.4708372243164991, "v0s": 3.610741629373678}, "datetime": {"datetime": "2022-06-21 17:20:49", "elapsed": 2357.887481, "delta": 11.957026}}
{"target": -1.0, "params": {"Bgrad": 1.3174144687516658, "d1": -0.6938545943908205, "d2": -1.3032428087031995, "d3": -2.5897981805065413, "d4": -1.9256354080983207, "p1": 34.21459902995809, "p2": 39.47590792082754, "p3": 29.709631603703357, "p4": 14.28164089274569, "pol1": -0.8396229605758403, "pol2": -0.32520311232319954, "pol3": -0.3372685649992746, "pol4": -0.4708372243164991, "v0s": 3.610741629373678}, "datetime": {"datetime": "2022-06-21 17:20:49", "elapsed": 2357.888479, "delta": 11.957027}}
{"target": -1.0, "params": {"Bgrad": 1.0732890886769464, "d1": -2.616023749582707, "d2": -0.2994530780085132, "d3": -1.4410685292046281, "d4": -1.9191881705564815, "p1": 18.544860374359356, "p2": 41.98349296811364, "p3": 29.324620170660747, "p4": 22.44355221460606, "pol1": 0.07322522716726176, "pol2": 0.743506431685125, "pol3": -0.26129198885536753, "pol4": 0.6047794821224213, "v0s": 5.989219095980076}, "datetime": {"datetime": "2022-06-21 17:21:02", "elapsed": 2370.526684, "delta": 12.639203}}
{"target": -1.0, "params": {"Bgrad": 1.0732890886769464, "d1": -2.616023749582707, "d2": -0.2994530780085132, "d3": -1.4410685292046281, "d4": -1.9191881705564815, "p1": 18.544860374359356, "p2": 41.98349296811364, "p3": 29.324620170660747, "p4": 22.44355221460606, "pol1": 0.07322522716726176, "pol2": 0.743506431685125, "pol3": -0.26129198885536753, "pol4": 0.6047794821224213, "v0s": 5.989219095980076}, "datetime": {"datetime": "2022-06-21 17:21:02", "elapsed": 2370.527681, "delta": 12.639202}}
