{"target": 3.8804031278788824, "params": {"Bgrad": 1.0074670036343671, "d1": -0.9013137590367054, "d2": 0.5022416529087202, "d3": -2.6385584586979918, "d4": -2.0683337068370116, "p1": 7.185483370263997, "p2": 8.85628372053548, "p3": 36.59697160345688, "p4": 30.529116864459702, "pol1": 0.3753453990799542, "pol2": -0.3714049209346148, "pol3": 0.5727029907284898, "pol4": 0.32980443863502995, "v0s": 3.8804031278788824}, "datetime": {"datetime": "2022-06-25 00:04:21", "elapsed": 1333.369947, "delta": 9.973332}}
{"target": 5.0154255886102765, "params": {"Bgrad": 1.9173353808950533, "d1": -1.4854147163573246, "d2": 0.550653587322917, "d3": -0.6553851044985985, "d4": -2.242654651016474, "p1": 7.3007283750082586, "p2": 9.315290129458909, "p3": 32.70566850595091, "p4": 28.153622657280607, "pol1": -0.2377315137560556, "pol2": -0.11006940271069743, "pol3": 0.5480393584057219, "pol4": -0.4374507385237758, "v0s": 5.0154255886102765}, "datetime": {"datetime": "2022-06-25 00:04:30", "elapsed": 1342.424734, "delta": 9.054787}}
{"target": 4.574771296464007, "params": {"Bgrad": 1.798949269066313, "d1": -1.856502503640936, "d2": 0.9231819001971164, "d3": -2.4599177097292073, "d4": -0.06325156105846341, "p1": 29.87852378474039, "p2": 12.395840784675515, "p3": 40.444538071972815, "p4": 25.801950224154947, "pol1": 0.4268774154096535, "pol2": 0.4338388823328878, "pol3": -0.47192666358597735, "pol4": -0.09376416128745846, "v0s": 4.574771296464007}, "datetime": {"datetime": "2022-06-25 00:04:40", "elapsed": 1351.742817, "delta": 9.318083}}
{"target": -1.0, "params": {"Bgrad": 1.207605027093081, "d1": -2.664861141689761, "d2": 0.057937980280631685, "d3": -1.5533896526745687, "d4": -2.28899594303928, "p1": 4.555713219104041, "p2": 7.244630965764926, "p3": 36.777593207751, "p4": 28.207408568506136, "pol1": -0.03257338607996063, "pol2": -0.7687055476973998, "pol3": 0.9493814624154941, "pol4": 0.06131163198653611, "v0s": 4.829777127709738}, "datetime": {"datetime": "2022-06-25 00:05:00", "elapsed": 1371.758296, "delta": 20.015479}}
{"target": 2.3593329916981522, "params": {"Bgrad": 1.9440200583008447, "d1": -2.6338129815882114, "d2": -0.4866476147167198, "d3": -1.3860958481597234, "d4": -0.7120703283655851, "p1": 7.303554157940228, "p2": 36.19845155360967, "p3": 33.916491091769615, "p4": 32.70245702464265, "pol1": 0.2979529674955179, "pol2": -0.2018699485445754, "pol3": -0.9172107426173506, "pol4": -0.11362354348297021, "v0s": 2.3593329916981522}, "datetime": {"datetime": "2022-06-25 00:05:05", "elapsed": 1377.470023, "delta": 5.711727}}
{"target": -1.0, "params": {"Bgrad": 1.9820388046459267, "d1": -2.1791222209253185, "d2": -1.3227804778892054, "d3": -0.9552313369124716, "d4": -2.724137879778458, "p1": 8.541692194242856, "p2": 8.379760907641304, "p3": 35.88742683891187, "p4": 28.105069934940946, "pol1": 0.7228556616641166, "pol2": 0.4623969684606659, "pol3": 0.812187460480781, "pol4": 0.9465961966404213, "v0s": 2.3526266929391912}, "datetime": {"datetime": "2022-06-25 00:05:10", "elapsed": 1382.170454, "delta": 4.700431}}
{"target": 2.8463050398853365, "params": {"Bgrad": 0.9769435643418252, "d1": -2.433226019298309, "d2": 0.6601480856702606, "d3": -2.62876089798358, "d4": -0.48513981444576615, "p1": 1.3942009838245117, "p2": 9.64131416231483, "p3": 35.004976040481104, "p4": 26.372917542573056, "pol1": -0.6029969791374927, "pol2": -0.3387002814241036, "pol3": 0.9534681342599827, "pol4": -0.41879277905303103, "v0s": 2.8463050398853365}, "datetime": {"datetime": "2022-06-25 00:05:19", "elapsed": 1390.860217, "delta": 8.689763}}
{"target": -1.0, "params": {"Bgrad": 1.1577389639396625, "d1": -0.25685368593827906, "d2": -1.0244080678543948, "d3": -1.8995048923759774, "d4": 0.3351960112066692, "p1": 1.3633008544242597, "p2": 13.579208670899263, "p3": 38.446571842891416, "p4": 29.92909074700924, "pol1": 0.5404681484651535, "pol2": 0.5100214262632696, "pol3": -0.8240753890303301, "pol4": 0.10470863768631555, "v0s": 4.611726359670553}, "datetime": {"datetime": "2022-06-25 00:05:31", "elapsed": 1402.986791, "delta": 12.126574}}
{"target": -1.0, "params": {"Bgrad": 0.5, "d1": 0.5859685687024053, "d2": -0.8820000230234902, "d3": -0.4998672803070855, "d4": -2.7573302368201027, "p1": 3.482812024488552, "p2": 19.351641897601553, "p3": 34.524425130478846, "p4": 5.704484680963358, "pol1": -0.44884439764395223, "pol2": 0.42428874859015686, "pol3": -0.09124927276849532, "pol4": 0.04459379785971239, "v0s": 2.0}, "datetime": {"datetime": "2022-06-25 00:05:37", "elapsed": 1409.326837, "delta": 6.340046}}
{"target": -1.0, "params": {"Bgrad": 1.4866767861535213, "d1": -0.9137000591293472, "d2": 0.38804342241134515, "d3": -0.7281322829144896, "d4": 0.640426264514784, "p1": 6.258268544084233, "p2": 37.57951834221729, "p3": 37.06912924883042, "p4": 36.51831901447246, "pol1": -0.21326223905665698, "pol2": -0.18662301095490674, "pol3": 0.4772952177386054, "pol4": -0.9265865831624245, "v0s": 3.1089545511017294}, "datetime": {"datetime": "2022-06-25 00:05:51", "elapsed": 1423.548808, "delta": 14.221971}}
{"target": -1.0, "params": {"Bgrad": 1.6687554980759696, "d1": -0.9758020146004354, "d2": 0.43854822305472085, "d3": 0.7338080849617246, "d4": -0.13214581414739168, "p1": 5.399343685145086, "p2": 15.72380379417455, "p3": 37.43551262900009, "p4": 30.865186117738425, "pol1": 0.38481544899085307, "pol2": -0.8761609098364345, "pol3": -0.35686622614075025, "pol4": 0.1035648818732291, "v0s": 3.4648094888229726}, "datetime": {"datetime": "2022-06-25 00:06:06", "elapsed": 1438.539723, "delta": 14.990915}}
{"target": -1.0, "params": {"Bgrad": 1.853200368052024, "d1": -1.333321597774329, "d2": -2.3362933041724503, "d3": -2.5390742915341047, "d4": -1.08808910648745, "p1": 3.079269904623488, "p2": 11.216139842078816, "p3": 36.01458098468992, "p4": 30.897308345414743, "pol1": 0.19788726962063152, "pol2": 0.3478511329636722, "pol3": -0.8878424114597387, "pol4": -0.8262816536184654, "v0s": 4.15317910229206}, "datetime": {"datetime": "2022-06-25 00:06:22", "elapsed": 1453.732097, "delta": 15.192374}}
{"target": 3.74650272930643, "params": {"Bgrad": 1.3825194479248948, "d1": -2.094571484846263, "d2": -0.26229595069884226, "d3": -0.05373041035837689, "d4": -1.4916238480193185, "p1": 0.713467770172882, "p2": 10.797108161337942, "p3": 35.59276958573655, "p4": 26.493365981315748, "pol1": -0.6872944355519659, "pol2": 0.07298404762620292, "pol3": 0.6988653091167825, "pol4": -0.33233427109159686, "v0s": 3.74650272930643}, "datetime": {"datetime": "2022-06-25 00:06:31", "elapsed": 1462.827775, "delta": 9.095678}}
{"target": -1.0, "params": {"Bgrad": 1.629592762630248, "d1": -1.4394294143745552, "d2": -1.3378700746192893, "d3": -0.8519045468230964, "d4": -0.2609998721518702, "p1": 25.808328192782568, "p2": 2.546537134549167, "p3": 37.783539966275285, "p4": 26.597686816410416, "pol1": 0.6730445697481471, "pol2": 0.25330329303884497, "pol3": -0.05614720250897604, "pol4": 1.0, "v0s": 3.0965021661890617}, "datetime": {"datetime": "2022-06-25 00:06:48", "elapsed": 1480.032769, "delta": 17.204994}}
{"target": -1.0, "params": {"Bgrad": 1.2486951990680688, "d1": -2.5989097616588235, "d2": -0.04460453588790214, "d3": -0.8631887161696219, "d4": -2.3425600944943628, "p1": 30.412115090658993, "p2": 13.532989591551415, "p3": 37.98611324125138, "p4": 29.279913754926508, "pol1": -0.8404880281590597, "pol2": 0.043134074422237934, "pol3": 0.12948343715697264, "pol4": -0.5890652959753298, "v0s": 5.425567851683786}, "datetime": {"datetime": "2022-06-25 00:06:59", "elapsed": 1491.357487, "delta": 11.324718}}
{"target": -1.0, "params": {"Bgrad": 1.5459163241218803, "d1": -2.6897355953216997, "d2": 0.9451482346356137, "d3": -1.3831616847307675, "d4": -1.6865749260993166, "p1": 43.13010950497476, "p2": 21.526080156788186, "p3": 27.980163978543665, "p4": 14.400070635253675, "pol1": -0.35225786018289673, "pol2": 0.770821249770258, "pol3": 0.5937954378834265, "pol4": -0.3577725232648179, "v0s": 2.8162990501614624}, "datetime": {"datetime": "2022-06-25 00:07:05", "elapsed": 1497.26868, "delta": 5.911193}}
{"target": 4.764903107012188, "params": {"Bgrad": 1.1971354037315871, "d1": -2.5651897453415624, "d2": 0.5228258646569346, "d3": -1.6523804599899954, "d4": -0.9401426587737274, "p1": 5.912421135969792, "p2": 13.247688037927263, "p3": 36.410704579143435, "p4": 29.514724666682103, "pol1": -0.8807056061180141, "pol2": 0.04725507818366492, "pol3": 0.18802402362124848, "pol4": -0.2694493526011241, "v0s": 4.764903107012188}, "datetime": {"datetime": "2022-06-25 00:07:14", "elapsed": 1506.073137, "delta": 8.804457}}
{"target": 2.2903233201123996, "params": {"Bgrad": 1.6710004334909396, "d1": -0.257020167737128, "d2": 0.05997718562200882, "d3": -2.1499607602545283, "d4": -1.6934706728589397, "p1": 7.487745158774656, "p2": 34.37928667965547, "p3": 33.54990778858031, "p4": 36.909932469406534, "pol1": 0.6300697020428341, "pol2": -0.023952776828949585, "pol3": 0.10783419918818571, "pol4": -0.675677489665883, "v0s": 2.2903233201123996}, "datetime": {"datetime": "2022-06-25 00:07:22", "elapsed": 1514.282186, "delta": 8.209049}}
{"target": 2.4983779400118262, "params": {"Bgrad": 1.2337637922982496, "d1": -2.6672912334666954, "d2": 0.2540289185784297, "d3": -0.7692254776765797, "d4": -1.1759508532504275, "p1": 5.19715855951538, "p2": 10.652963553814649, "p3": 36.06063716453643, "p4": 29.987553727360776, "pol1": -0.14846239972152198, "pol2": -0.8099373676700443, "pol3": 0.16982317114460455, "pol4": 0.4851687468014303, "v0s": 2.4983779400118262}, "datetime": {"datetime": "2022-06-25 00:07:31", "elapsed": 1523.381854, "delta": 9.099668}}
{"target": 5.030579496439531, "params": {"Bgrad": 1.9657607010195013, "d1": -2.2959339047984106, "d2": -1.3739877711824875, "d3": -2.59899627038049, "d4": 0.39577506225189735, "p1": 3.0646112821958384, "p2": 12.622442260964418, "p3": 36.49021246743523, "p4": 32.27019731500988, "pol1": 0.49642674788025537, "pol2": -0.6515692768331786, "pol3": -0.5784412755901963, "pol4": 0.5861979796375392, "v0s": 5.030579496439531}, "datetime": {"datetime": "2022-06-25 00:07:43", "elapsed": 1535.445595, "delta": 12.063741}}
{"target": 4.76084648156737, "params": {"Bgrad": 1.4432260650346567, "d1": -1.0923243191635197, "d2": -0.5064242394822385, "d3": -0.7923106030838665, "d4": -2.628989408620791, "p1": 6.715307952633709, "p2": 13.132393929692993, "p3": 35.87821596184086, "p4": 31.26894871635912, "pol1": 0.03306365011050705, "pol2": -0.7630442209604769, "pol3": 0.7030772136261465, "pol4": -0.1454221428471345, "v0s": 4.76084648156737}, "datetime": {"datetime": "2022-06-25 00:07:53", "elapsed": 1545.203502, "delta": 9.757907}}
{"target": -1.0, "params": {"Bgrad": 1.0825996893180625, "d1": -1.6742429900568914, "d2": 0.002653200442811297, "d3": -0.617046871062924, "d4": -1.5431142484160674, "p1": 9.159190702895565, "p2": 35.86970033262919, "p3": 36.459475206642594, "p4": 34.864056116967646, "pol1": -0.6230142258385633, "pol2": -0.1634015019041959, "pol3": -0.2555150529901044, "pol4": -0.4178471765957885, "v0s": 4.770662422927446}, "datetime": {"datetime": "2022-06-25 00:08:08", "elapsed": 1560.656182, "delta": 15.45268}}
{"target": -1.0, "params": {"Bgrad": 1.9794778507940967, "d1": -0.6556342230304222, "d2": 0.4241304776693342, "d3": -2.482658562551787, "d4": -0.6309770139367799, "p1": 8.308908477950949, "p2": 5.546236771558716, "p3": 36.510028921950735, "p4": 31.81232470029338, "pol1": 0.21616888553473035, "pol2": 0.3472640971734331, "pol3": 0.06799886464595817, "pol4": 0.6376025987480813, "v0s": 2.2957750119119}, "datetime": {"datetime": "2022-06-25 00:08:15", "elapsed": 1566.978276, "delta": 6.322094}}
{"target": -1.0, "params": {"Bgrad": 0.6946460873035637, "d1": -2.924926614054777, "d2": 0.2813849349398141, "d3": -0.17235853556912994, "d4": -2.009435606047048, "p1": 2.000059057722564, "p2": 14.195468383039401, "p3": 40.68907734349739, "p4": 29.66252223140888, "pol1": 0.020222430728872753, "pol2": -0.07627097441163944, "pol3": 0.07613356183263598, "pol4": -0.5256838502967942, "v0s": 3.687845949896427}, "datetime": {"datetime": "2022-06-25 00:08:23", "elapsed": 1575.362856, "delta": 8.38458}}
{"target": -1.0, "params": {"Bgrad": 0.7741815249529467, "d1": -2.898832857096888, "d2": -0.5670000062568676, "d3": 0.07605525136630709, "d4": -2.2797607990663367, "p1": 0.8521651124683893, "p2": 13.324617167136788, "p3": 37.44255060992886, "p4": 30.939642172618377, "pol1": -0.07042563690527937, "pol2": -0.9594118516573216, "pol3": 0.011371057315883615, "pol4": -0.9843199797464257, "v0s": 3.24161228711771}, "datetime": {"datetime": "2022-06-25 00:08:56", "elapsed": 1607.830038, "delta": 32.467182}}
{"target": -1.0, "params": {"Bgrad": 1.5054559823219145, "d1": -0.6241549866208635, "d2": -2.6574587247295294, "d3": -2.3775076732638727, "d4": 0.4086540717304037, "p1": 3.8895293007791985, "p2": 14.168208235873319, "p3": 38.17319546174185, "p4": 31.166139940705612, "pol1": 0.9797317494949629, "pol2": -0.5741372761402277, "pol3": 0.1289933107974386, "pol4": -0.756999206259586, "v0s": 4.4296164144865955}, "datetime": {"datetime": "2022-06-25 00:09:09", "elapsed": 1621.089582, "delta": 13.259544}}
{"target": -1.0, "params": {"Bgrad": 1.5163131706647353, "d1": -2.0558947193626715, "d2": -0.9140107388535252, "d3": -2.2606528415073397, "d4": -1.8876358851656976, "p1": 45.56493761264777, "p2": 23.226717440289086, "p3": 23.54025626479518, "p4": 18.35123962287205, "pol1": 0.09006552131559631, "pol2": -0.5536692105422885, "pol3": 0.05546507964140068, "pol4": 0.8164986857730057, "v0s": 4.014460428136512}, "datetime": {"datetime": "2022-06-25 00:09:22", "elapsed": 1634.458833, "delta": 13.369251}}
{"target": -1.0, "params": {"Bgrad": 1.1493463055921491, "d1": -0.4587753206465708, "d2": -0.049694515165884745, "d3": -0.9991423388879714, "d4": 0.3215915850547426, "p1": 2.317699541366597, "p2": 9.028519532826229, "p3": 35.00636697557968, "p4": 27.15735141777505, "pol1": 0.9787764567912185, "pol2": 0.6655898878203423, "pol3": 0.008861803701030624, "pol4": -0.7419097381830444, "v0s": 4.772519577161641}, "datetime": {"datetime": "2022-06-25 00:09:35", "elapsed": 1647.365321, "delta": 12.906488}}
{"target": -1.0, "params": {"Bgrad": 0.9773237574791629, "d1": -2.971361770325672, "d2": 1.0, "d3": -0.612589793141487, "d4": -1.3452029611764569, "p1": 46.40248196369002, "p2": 25.116561018607115, "p3": 22.989275134785224, "p4": 29.0605402034365, "pol1": -0.7695352740832545, "pol2": -0.5241792597409098, "pol3": 0.12431844510984502, "pol4": -0.8465957088164721, "v0s": 5.680758478573752}, "datetime": {"datetime": "2022-06-25 00:09:46", "elapsed": 1658.432726, "delta": 11.067405}}
{"target": -1.0, "params": {"Bgrad": 1.6745936444714027, "d1": -2.529429565373995, "d2": 0.450106001971585, "d3": -0.706900463782163, "d4": 0.9620344266556367, "p1": 4.279093673711786, "p2": 12.719208438297786, "p3": 35.19984526894336, "p4": 25.31647641662663, "pol1": 0.4336102864519624, "pol2": 0.781071965146189, "pol3": -0.3220201097695483, "pol4": -0.308233392945769, "v0s": 4.077401522596768}, "datetime": {"datetime": "2022-06-25 00:10:04", "elapsed": 1676.307928, "delta": 17.875202}}
{"target": -1.0, "params": {"Bgrad": 1.8053996657099072, "d1": -2.1760338930503673, "d2": -0.819458176354452, "d3": -1.196691324358952, "d4": -2.183688767181723, "p1": 41.157991873947346, "p2": 21.16352529046629, "p3": 25.624481786255828, "p4": 12.423639022909144, "pol1": -0.5610815962647133, "pol2": 0.5843063965461177, "pol3": -0.7637454676330955, "pol4": -0.11622804217935889, "v0s": 3.9031753008451533}, "datetime": {"datetime": "2022-06-25 00:10:20", "elapsed": 1691.667856, "delta": 15.359928}}
{"target": -1.0, "params": {"Bgrad": 1.2370124513880483, "d1": -0.18149112523321165, "d2": -1.2510345855206921, "d3": -2.818126104260389, "d4": 0.010282675572422129, "p1": 4.4190266833913805, "p2": 12.884518959500014, "p3": 35.06634397550241, "p4": 34.89558449254423, "pol1": -0.36439553301549776, "pol2": -0.801360541207919, "pol3": 0.2679789281050662, "pol4": -0.14812037860273186, "v0s": 4.877348144613517}, "datetime": {"datetime": "2022-06-25 00:10:32", "elapsed": 1704.207325, "delta": 12.539469}}
{"target": -1.0, "params": {"Bgrad": 0.6177745141395667, "d1": -0.638650512755413, "d2": -1.201240923012858, "d3": -1.794344200949515, "d4": -0.3641046334899962, "p1": 29.89020419918001, "p2": 26.928207279990136, "p3": 6.450362473541577, "p4": 43.48228259159931, "pol1": -0.6845659901767467, "pol2": 0.03280065246244401, "pol3": 0.05792994336711699, "pol4": -0.2062074246681902, "v0s": 3.797842643062326}, "datetime": {"datetime": "2022-06-25 00:10:41", "elapsed": 1713.395755, "delta": 9.18843}}
{"target": -1.0, "params": {"Bgrad": 1.9810102117957222, "d1": 0.44691989322220405, "d2": -0.7592804064243595, "d3": -1.7538307104707234, "d4": -0.6986695986869425, "p1": 6.487513234828935, "p2": 12.26370089066377, "p3": 35.982286574079296, "p4": 33.763256423059964, "pol1": 0.11633720540648307, "pol2": 0.13971820358305975, "pol3": -0.3104745770991255, "pol4": 0.1205861679353204, "v0s": 4.036072196332889}, "datetime": {"datetime": "2022-06-25 00:10:55", "elapsed": 1727.490067, "delta": 14.094312}}
{"target": 4.71427650200289, "params": {"Bgrad": 0.5, "d1": -2.9271716489681676, "d2": -3.0, "d3": -3.0, "d4": -0.12848156065591215, "p1": 10.392993324809739, "p2": 2.4298503775329565, "p3": 34.927958583511995, "p4": 21.31740626811338, "pol1": 1.0, "pol2": 0.8008501347830088, "pol3": -0.07823317054381905, "pol4": 0.01907795827817572, "v0s": 4.71427650200289}, "datetime": {"datetime": "2022-06-25 00:11:02", "elapsed": 1733.813159, "delta": 6.323092}}
{"target": 4.556794447496377, "params": {"Bgrad": 0.9047257204927361, "d1": -1.2151811479488306, "d2": 0.4789089913312859, "d3": -1.4443904609484743, "d4": -2.7660223831242874, "p1": 10.488747963425938, "p2": 14.764301478236947, "p3": 8.048180322738732, "p4": 28.45152357717729, "pol1": 0.3697271860638681, "pol2": -0.5687906109275733, "pol3": 0.16543196988753728, "pol4": 0.6607117394970898, "v0s": 4.556794447496377}, "datetime": {"datetime": "2022-06-25 00:11:14", "elapsed": 1746.107284, "delta": 12.294125}}
{"target": 3.6727021720725066, "params": {"Bgrad": 1.3279000948237125, "d1": -1.3665539813367464, "d2": -0.7655558170459793, "d3": -2.2562649950092335, "d4": -2.833233893425067, "p1": 6.35192884709842, "p2": 22.985775135759244, "p3": 0.7568453346801868, "p4": 31.109847889840218, "pol1": -0.8527466385960891, "pol2": -0.5098257403432398, "pol3": -0.24485930752697405, "pol4": -0.13912498008206342, "v0s": 3.6727021720725066}, "datetime": {"datetime": "2022-06-25 00:11:23", "elapsed": 1755.15509, "delta": 9.047806}}
{"target": -1.0, "params": {"Bgrad": 1.582814209044325, "d1": -1.9772190142855544, "d2": -1.0743570150134905, "d3": -2.8202619139826495, "d4": 0.643400543776107, "p1": 4.709903652456932, "p2": 14.569789387602656, "p3": 35.148829340425365, "p4": 27.16487481012334, "pol1": 0.5184533881200073, "pol2": -0.5005752679663791, "pol3": -0.8578594329430942, "pol4": -0.5494720666161803, "v0s": 4.17678987945117}, "datetime": {"datetime": "2022-06-25 00:11:49", "elapsed": 1781.090739, "delta": 25.935649}}
{"target": -1.0, "params": {"Bgrad": 1.742975000631319, "d1": -1.9325864913304929, "d2": -2.9064783150172357, "d3": -2.263480523067873, "d4": -2.1519550357558597, "p1": 11.327001857041697, "p2": 3.362726086809836, "p3": 36.63796747113076, "p4": 22.924596174544, "pol1": 0.6387422607984508, "pol2": -0.8555521348645321, "pol3": -0.09084476156661236, "pol4": -0.24984974032071383, "v0s": 4.803871731361916}, "datetime": {"datetime": "2022-06-25 00:12:04", "elapsed": 1795.861242, "delta": 14.770503}}
{"target": 2.5651744518841264, "params": {"Bgrad": 1.1322024182804042, "d1": -2.7972249392155715, "d2": 0.7946207223255275, "d3": -1.8472078210484528, "d4": -2.69495698882212, "p1": 8.330665588093328, "p2": 35.49175140739316, "p3": 35.440784985361994, "p4": 33.055659479609965, "pol1": 0.6732582375450757, "pol2": -0.2545927202058096, "pol3": -0.586600090841672, "pol4": 0.41382034477120033, "v0s": 2.5651744518841264}, "datetime": {"datetime": "2022-06-25 00:12:13", "elapsed": 1804.666696, "delta": 8.805454}}
{"target": 3.072172073163431, "params": {"Bgrad": 1.7524336995672605, "d1": -1.8468119891383918, "d2": -0.515945114328038, "d3": -1.9297031970957756, "d4": -0.5012465903857866, "p1": 9.924332045546318, "p2": 16.156421573203833, "p3": 8.030095545244281, "p4": 32.22401116193568, "pol1": -0.625726982231305, "pol2": -0.8352573052890941, "pol3": 0.5515308071463394, "pol4": 0.38891920998573726, "v0s": 3.072172073163431}, "datetime": {"datetime": "2022-06-25 00:12:19", "elapsed": 1811.52037, "delta": 6.853674}}
{"target": -1.0, "params": {"Bgrad": 1.8694266091629508, "d1": -2.7667946165903743, "d2": -0.3388149171414536, "d3": 0.10947483595687979, "d4": -1.3426076828696343, "p1": 3.633116243359702, "p2": 14.537419261558703, "p3": 36.09967446864818, "p4": 31.828119242255543, "pol1": 0.5046335799937354, "pol2": 0.5395708256650831, "pol3": -0.6858060545053242, "pol4": -0.3921709337035033, "v0s": 4.5348928530731865}, "datetime": {"datetime": "2022-06-25 00:12:37", "elapsed": 1829.325758, "delta": 17.805388}}
{"target": 5.348936658117228, "params": {"Bgrad": 1.4599327447236028, "d1": -1.190645928266237, "d2": 0.41359251349300463, "d3": -0.3180376930785708, "d4": -2.1044799730544304, "p1": 40.166510587946895, "p2": 22.11872337267876, "p3": 18.273124654009244, "p4": 16.432773443473376, "pol1": 0.4354391595206039, "pol2": -0.5511489876944068, "pol3": 0.393366427996674, "pol4": -0.31434943940400034, "v0s": 5.348936658117228}, "datetime": {"datetime": "2022-06-25 00:12:48", "elapsed": 1840.635517, "delta": 11.309759}}
