{"target": -1.0, "params": {"Bgrad": 0.9432234284832456, "d1": -0.07357411503396483, "d2": 0.7812337599997989, "d3": -1.2977544389538123, "d4": 0.12872726732562123, "p1": 2.807051983095765, "p2": 41.7635801244983, "p3": 9.612500841107385, "p4": 19.75484344449866, "pol1": -0.3998379081492871, "pol2": -0.8397927123879014, "pol3": 0.8092620058724858, "pol4": -0.2596916448925235, "v0s": 5.184184630856837}, "datetime": {"datetime": "2022-06-13 02:09:23", "elapsed": 410.204592, "delta": 10.7373}}
{"target": -1.0, "params": {"Bgrad": 1.2411743988444877, "d1": -2.4713554322282474, "d2": -2.174183764442268, "d3": -2.6952447638707153, "d4": -0.9683132002188501, "p1": 13.077477591649355, "p2": 17.853080444139596, "p3": 5.403266434861842, "p4": 39.37759198262536, "pol1": -0.7868322464223978, "pol2": 0.9714176474263756, "pol3": -0.6456776711231653, "pol4": 0.14481022486929862, "v0s": 2.269072007534529}, "datetime": {"datetime": "2022-06-13 02:09:31", "elapsed": 418.88539, "delta": 8.680798}}
{"target": -1.0, "params": {"Bgrad": 1.6806744344837512, "d1": -2.241576208726814, "d2": -0.8883840863674934, "d3": -0.039689827363713626, "d4": -2.4002740603309762, "p1": 27.554358709348588, "p2": 10.83086041643897, "p3": 37.95980246585724, "p4": 36.14575967781069, "pol1": -0.646901931445834, "pol2": 0.7239331153341468, "pol3": -0.9604498009673115, "pol4": 0.7204739948462304, "v0s": 5.35342286696563}, "datetime": {"datetime": "2022-06-13 02:09:44", "elapsed": 431.426869, "delta": 12.541479}}
{"target": -1.0, "params": {"Bgrad": 1.1048307081587738, "d1": 0.03498772408934636, "d2": -0.13228399323012052, "d3": 0.9493046992337062, "d4": -1.887659805548069, "p1": 0.18968362046712928, "p2": 46.69513041574439, "p3": 42.89485522689469, "p4": 36.4425438759628, "pol1": 0.03337756584307683, "pol2": 0.413912490497522, "pol3": 0.5610591137534855, "pol4": -0.25024811292628124, "v0s": 6.621935151979746}, "datetime": {"datetime": "2022-06-13 02:09:55", "elapsed": 442.726666, "delta": 11.299797}}
{"target": -1.0, "params": {"Bgrad": 1.625936478762763, "d1": -0.5471551538229611, "d2": -1.3925363041286505, "d3": -0.21076792294263624, "d4": -2.9875485686992316, "p1": 38.74483233622989, "p2": 44.820830122842345, "p3": 11.965785371875231, "p4": 6.038359215461487, "pol1": -0.5594320244125448, "pol2": -0.39580653741980343, "pol3": 0.7660570171276684, "pol4": 0.08633286047618904, "v0s": 3.7202698976385835}, "datetime": {"datetime": "2022-06-13 02:10:08", "elapsed": 455.908433, "delta": 13.181767}}
{"target": -1.0, "params": {"Bgrad": 0.7075320346894198, "d1": -1.8394221475818333, "d2": -0.5445156410349896, "d3": -1.7034458804102135, "d4": -1.1705592732360062, "p1": 22.20585535083072, "p2": 41.406768036575606, "p3": 21.31740771181153, "p4": 17.284941058775118, "pol1": 0.34994320961821046, "pol2": -0.5570358885329425, "pol3": -0.06550835214689243, "pol4": -0.3704686253519671, "v0s": 5.761133612977008}, "datetime": {"datetime": "2022-06-13 02:10:16", "elapsed": 463.258787, "delta": 7.350354}}
{"target": 2.0, "params": {"Bgrad": 1.4130080346125402, "d1": -3.0, "d2": -3.0, "d3": -3.0, "d4": -2.547831918668553, "p1": 2.369089553515655, "p2": 3.892471287759364, "p3": 42.5344867904717, "p4": 21.176259839615142, "pol1": -0.9073390861064693, "pol2": -1.0, "pol3": 0.9738654754006841, "pol4": 0.4115319106883781, "v0s": 2.0}, "datetime": {"datetime": "2022-06-13 02:10:23", "elapsed": 470.526362, "delta": 7.267575}}
{"target": 4.5624913214470375, "params": {"Bgrad": 0.5, "d1": -2.833012423622848, "d2": -3.0, "d3": -3.0, "d4": -0.49444117806970994, "p1": 9.971958766507829, "p2": 2.3254389905575836, "p3": 34.431195968079095, "p4": 21.809899133900252, "pol1": 1.0, "pol2": 0.27993287436729836, "pol3": -0.6278764296576189, "pol4": -0.3744273809196759, "v0s": 4.5624913214470375}, "datetime": {"datetime": "2022-06-13 02:10:27", "elapsed": 474.252403, "delta": 3.726041}}
{"target": -1.0, "params": {"Bgrad": 0.5, "d1": 1.0, "d2": -3.0, "d3": -3.0, "d4": 1.0, "p1": 6.638101316980298, "p2": 0.0, "p3": 35.598145584203266, "p4": 18.529134779090732, "pol1": 1.0, "pol2": 1.0, "pol3": -1.0, "pol4": 1.0, "v0s": 8.0}, "datetime": {"datetime": "2022-06-13 02:10:32", "elapsed": 479.950175, "delta": 5.697772}}
{"target": -1.0, "params": {"Bgrad": 0.7770386424118187, "d1": -3.0, "d2": -2.881801123200104, "d3": -2.6327997399067695, "d4": -2.0716689314988783, "p1": 7.003384017400428, "p2": 3.969223669687261, "p3": 36.62226164757809, "p4": 22.407978249746733, "pol1": 0.3160073445759704, "pol2": -0.5009110658073729, "pol3": 0.20173367881073906, "pol4": -0.6391974616621162, "v0s": 3.364599971601402}, "datetime": {"datetime": "2022-06-13 02:10:39", "elapsed": 486.719082, "delta": 6.768907}}
{"target": 4.481280037282845, "params": {"Bgrad": 0.9183151572214514, "d1": -1.4350746063513369, "d2": 0.01672064285922925, "d3": -2.266538798449307, "d4": -2.320036829157699, "p1": 0.8420957437714816, "p2": 15.259612142177447, "p3": 14.007337824033872, "p4": 4.808210428352205, "pol1": 0.9756898103036358, "pol2": -0.24683379185781718, "pol3": 0.7211574459360446, "pol4": -0.6481269767312055, "v0s": 4.481280037282845}, "datetime": {"datetime": "2022-06-13 02:10:45", "elapsed": 492.553487, "delta": 5.834405}}
{"target": -1.0, "params": {"Bgrad": 0.5922773758566475, "d1": -0.8464397520245561, "d2": -1.03958965137662, "d3": -2.899003866168854, "d4": -2.3996737022777355, "p1": 40.0842241502584, "p2": 6.334156421932679, "p3": 48.58509626737149, "p4": 6.8327805467294835, "pol1": 0.6556727872645669, "pol2": 0.8372224496551093, "pol3": 0.3789439334721887, "pol4": -0.6369212904723613, "v0s": 7.261193095887267}, "datetime": {"datetime": "2022-06-13 02:10:51", "elapsed": 498.520538, "delta": 5.967051}}
{"target": 3.4641505922287736, "params": {"Bgrad": 1.4011074373330499, "d1": -2.7175411236415834, "d2": -1.9385874463494122, "d3": -1.8132846919220915, "d4": -2.1396331392500887, "p1": 25.335296651532126, "p2": 14.742411933419259, "p3": 6.7571566428658745, "p4": 29.47546680595494, "pol1": -0.285494349463862, "pol2": 0.47658308259212423, "pol3": -0.7807857500457591, "pol4": 0.40747541617209815, "v0s": 3.4641505922287736}, "datetime": {"datetime": "2022-06-13 02:10:55", "elapsed": 503.027493, "delta": 4.506955}}
{"target": -1.0, "params": {"Bgrad": 0.9280076092804914, "d1": 0.7699584309472507, "d2": -2.547895675053168, "d3": -1.2033946870716452, "d4": -2.640013932994597, "p1": 29.08975069955309, "p2": 6.47145652364487, "p3": 17.909031971045746, "p4": 15.051443158422828, "pol1": 0.15153139919946912, "pol2": -0.15757443103554825, "pol3": -0.6646041105498204, "pol4": 0.24929374691364692, "v0s": 6.001459587845922}, "datetime": {"datetime": "2022-06-13 02:11:06", "elapsed": 513.653092, "delta": 10.625599}}
{"target": -1.0, "params": {"Bgrad": 1.8078338029818204, "d1": -0.05412539088415391, "d2": -1.7434391602991286, "d3": -2.991357900528514, "d4": -1.452631699731946, "p1": 7.878970461695845, "p2": 32.710680146756424, "p3": 8.949114342468361, "p4": 47.0782502120043, "pol1": 0.20428021075529723, "pol2": 0.3498461264922752, "pol3": 0.7882304190803853, "pol4": 0.3454957076725109, "v0s": 4.552555848505207}, "datetime": {"datetime": "2022-06-13 02:11:17", "elapsed": 524.902025, "delta": 11.248933}}
{"target": -1.0, "params": {"Bgrad": 1.5593854079868565, "d1": 0.9162861295112465, "d2": 0.29321398894766837, "d3": -1.2845736052201624, "d4": -1.7056816459702286, "p1": 41.91693110431418, "p2": 12.233710726353653, "p3": 15.274268075757014, "p4": 43.058739707075624, "pol1": -0.1711171192492731, "pol2": -0.46381321945957255, "pol3": 0.20664219149177732, "pol4": -0.2552514271422255, "v0s": 2.509886966263222}, "datetime": {"datetime": "2022-06-13 02:11:27", "elapsed": 534.575171, "delta": 9.673146}}
{"target": -1.0, "params": {"Bgrad": 0.8498186350961641, "d1": -2.1248197623229728, "d2": 0.985526064698389, "d3": -0.30988092118742605, "d4": -2.011939265802353, "p1": 44.53682620257131, "p2": 1.6016896422870075, "p3": 41.01752188471847, "p4": 4.3393806215289485, "pol1": -0.7645986153787587, "pol2": -0.6627069101117924, "pol3": -0.1530292464744536, "pol4": 0.8951832467154177, "v0s": 6.53087713561192}, "datetime": {"datetime": "2022-06-13 02:11:37", "elapsed": 544.99133, "delta": 10.416159}}
{"target": 3.5132959085966657, "params": {"Bgrad": 1.3945481512250755, "d1": -2.3835077721219564, "d2": 0.8823571974831141, "d3": -0.3256581840485806, "d4": -0.5139255632238817, "p1": 9.60068023496397, "p2": 25.980303197946924, "p3": 47.46796866279525, "p4": 21.83702232441005, "pol1": -0.3232060141489477, "pol2": 0.8837534972567025, "pol3": -0.7101752274694701, "pol4": -0.9038821384459426, "v0s": 3.5132959085966657}, "datetime": {"datetime": "2022-06-13 02:11:43", "elapsed": 551.003261, "delta": 6.011931}}
{"target": 4.419999126419177, "params": {"Bgrad": 1.725840028892505, "d1": -0.46372529281641794, "d2": 0.46000528406525953, "d3": -1.5995052091676558, "d4": -2.7678763552596912, "p1": 4.826035543462631, "p2": 2.017550900725623, "p3": 17.968667140686982, "p4": 4.016822220725724, "pol1": 0.37908356453083014, "pol2": 0.5264656730945283, "pol3": 0.066299256182478, "pol4": -0.7239007114419898, "v0s": 4.419999126419177}, "datetime": {"datetime": "2022-06-13 02:11:50", "elapsed": 557.506878, "delta": 6.503617}}
{"target": -1.0, "params": {"Bgrad": 1.4944865922969028, "d1": -1.0266263663184607, "d2": 0.3877442319609723, "d3": -1.9288137475743445, "d4": -0.11362431571625153, "p1": 31.939023240628174, "p2": 38.85019332202718, "p3": 11.996284031953003, "p4": 46.42982042188266, "pol1": 0.306620274202023, "pol2": 0.1476748815291269, "pol3": -0.09761322052405874, "pol4": 0.7534063022922783, "v0s": 5.71524645296113}, "datetime": {"datetime": "2022-06-13 02:12:03", "elapsed": 571.048689, "delta": 13.541811}}
{"target": -1.0, "params": {"Bgrad": 0.7207622319814235, "d1": -0.04446295127501365, "d2": -0.8659600251779724, "d3": -1.7071599895320042, "d4": 0.4159572245650214, "p1": 28.188930902908467, "p2": 7.6439090346516085, "p3": 22.76172667635954, "p4": 28.12961415192401, "pol1": 0.773655099985392, "pol2": 0.3446789880538468, "pol3": -0.9855736988885815, "pol4": 0.9813190405290875, "v0s": 2.6355632933563733}, "datetime": {"datetime": "2022-06-13 02:12:37", "elapsed": 604.814433, "delta": 33.765744}}
{"target": 3.1340792255736707, "params": {"Bgrad": 0.8233690718947135, "d1": -0.29709241428083066, "d2": -2.6156236779305546, "d3": -0.4973787702670376, "d4": -2.786815330944977, "p1": 19.508248959379515, "p2": 31.918823141019548, "p3": 15.287245586112991, "p4": 44.89031751054842, "pol1": -0.7412292619109, "pol2": -0.6724489298369698, "pol3": 0.45847886358091516, "pol4": 0.746916428933522, "v0s": 3.1340792255736707}, "datetime": {"datetime": "2022-06-13 02:12:41", "elapsed": 608.913477, "delta": 4.099044}}
{"target": -1.0, "params": {"Bgrad": 0.595521409707443, "d1": -0.9469888291209392, "d2": -2.764212632481237, "d3": -1.3250052505397236, "d4": 0.3155809766016162, "p1": 10.609237033944318, "p2": 14.881487500899048, "p3": 18.343012641414287, "p4": 6.061134484586129, "pol1": -0.2895404990904813, "pol2": -0.09068386415165275, "pol3": -0.9936786286941433, "pol4": -0.9249261804284439, "v0s": 5.1751000888569285}, "datetime": {"datetime": "2022-06-13 02:12:47", "elapsed": 614.470623, "delta": 5.557146}}
{"target": 3.6776867629828036, "params": {"Bgrad": 0.7007773801814714, "d1": -2.512011174036884, "d2": 0.9195012128033846, "d3": -2.8815897054515633, "d4": -1.4718212126507306, "p1": 44.2715924245687, "p2": 28.573390844041768, "p3": 44.44190355423082, "p4": 6.319065942465252, "pol1": -0.6537181790838242, "pol2": -0.37138043781580765, "pol3": -0.3907532483324405, "pol4": -0.9155075974930533, "v0s": 3.6776867629828036}, "datetime": {"datetime": "2022-06-13 02:12:51", "elapsed": 618.811022, "delta": 4.340399}}
{"target": -1.0, "params": {"Bgrad": 1.8160407120422188, "d1": -1.209243999417486, "d2": 0.1378296751676924, "d3": -1.1721371977537984, "d4": -0.3750826731314745, "p1": 6.592048751375107, "p2": 21.649075348382407, "p3": 45.465599432746835, "p4": 30.273950051546734, "pol1": 0.5335491744742042, "pol2": 0.009401216191788686, "pol3": -0.003888750343985059, "pol4": 0.6857996803856998, "v0s": 2.4068416060457225}, "datetime": {"datetime": "2022-06-13 02:25:40", "elapsed": 1387.663011, "delta": 768.851989}}
{"target": -1.0, "params": {"Bgrad": 1.359908407324527, "d1": 0.7710503017317971, "d2": -0.9285598073107124, "d3": -2.222136761888462, "d4": 0.39175756977390463, "p1": 12.58195711779264, "p2": 35.036301824126895, "p3": 27.013047019844993, "p4": 47.44181441401098, "pol1": 0.24867340480535183, "pol2": 0.6759559240954587, "pol3": -0.9841342476109538, "pol4": 0.978680112333276, "v0s": 2.466287421994319}, "datetime": {"datetime": "2022-06-13 02:25:56", "elapsed": 1403.101746, "delta": 15.438735}}
{"target": -1.0, "params": {"Bgrad": 0.9831942704221543, "d1": 0.7846095818270613, "d2": -2.9642435905150197, "d3": 0.2909200216877421, "d4": 0.4448465534671775, "p1": 21.991540710428627, "p2": 12.78725969029656, "p3": 40.13447598166493, "p4": 23.893100221611057, "pol1": -0.7313227826886077, "pol2": 0.8556979856500215, "pol3": 0.7919399340132969, "pol4": -0.016909699966129343, "v0s": 7.140214979106753}, "datetime": {"datetime": "2022-06-13 02:26:07", "elapsed": 1414.209059, "delta": 11.107313}}
{"target": -1.0, "params": {"Bgrad": 1.127867038646148, "d1": -0.2661403993347955, "d2": -1.4080374423683102, "d3": -0.9770319301967585, "d4": -2.241793188664291, "p1": 48.249446205545695, "p2": 14.710784412212735, "p3": 5.172977805820067, "p4": 7.215770011452404, "pol1": -0.9718154116151141, "pol2": 0.431891398924789, "pol3": 0.1289966404817482, "pol4": 0.5891567023695043, "v0s": 5.042479539704819}, "datetime": {"datetime": "2022-06-13 02:26:18", "elapsed": 1425.629533, "delta": 11.420474}}
{"target": -1.0, "params": {"Bgrad": 1.6877315592562308, "d1": -0.21694314291264227, "d2": 0.11139390743670141, "d3": -1.3740685240916548, "d4": -0.4089174672500753, "p1": 8.98971488464872, "p2": 16.0909981693952, "p3": 8.630231005989625, "p4": 20.43186125066312, "pol1": -0.5171625040688024, "pol2": -0.18615601174128416, "pol3": 0.9504446848746242, "pol4": -0.35936134835593747, "v0s": 7.894945669849372}, "datetime": {"datetime": "2022-06-13 02:26:27", "elapsed": 1434.76711, "delta": 9.137577}}
{"target": 5.264728301512143, "params": {"Bgrad": 1.4544591887839753, "d1": -1.499635926424356, "d2": 0.42993799633438634, "d3": -0.5216530425257049, "d4": -1.9918676794766426, "p1": 39.64278389884438, "p2": 21.646925436708152, "p3": 17.87555836652207, "p4": 16.513846826254046, "pol1": 0.39473775122627885, "pol2": -0.4626997521875469, "pol3": 0.6165560274107602, "pol4": -0.4094224112003044, "v0s": 5.264728301512143}, "datetime": {"datetime": "2022-06-13 02:26:35", "elapsed": 1442.168328, "delta": 7.401218}}
{"target": -1.0, "params": {"Bgrad": 1.2318822377078036, "d1": 0.42142565038147906, "d2": 0.5535457375815436, "d3": -2.262462230528933, "d4": -0.6586061642469958, "p1": 44.910252300856854, "p2": 22.305860951721485, "p3": 46.09341527419077, "p4": 13.949544522848544, "pol1": 0.21766234838759146, "pol2": 0.3649074195336308, "pol3": -0.5435885332990318, "pol4": -0.9724649748845664, "v0s": 4.500343774224176}, "datetime": {"datetime": "2022-06-13 02:26:50", "elapsed": 1457.168236, "delta": 14.999908}}
{"target": -1.0, "params": {"Bgrad": 1.907722837785101, "d1": -1.6278875606783738, "d2": 0.11897718193039974, "d3": -2.3010547486903703, "d4": -1.6321886547901903, "p1": 7.229886041904837, "p2": 35.8385407073188, "p3": 34.96538118484071, "p4": 34.42486589744594, "pol1": -0.4932079310274007, "pol2": 0.38472024324681775, "pol3": -0.5454049181681009, "pol4": -0.1507017681373206, "v0s": 4.231532730006124}, "datetime": {"datetime": "2022-06-13 02:26:59", "elapsed": 1466.903215, "delta": 9.734979}}
{"target": 4.9837351155170975, "params": {"Bgrad": 1.0329618674301833, "d1": -2.7693807710349745, "d2": -0.47341349253624143, "d3": -0.17073358927320204, "d4": -0.5456452219886576, "p1": 32.41563780815623, "p2": 8.497035710862889, "p3": 7.472339946943124, "p4": 25.70875217629414, "pol1": 0.7506654527090781, "pol2": -0.6320931169055559, "pol3": -0.07432176258348022, "pol4": -0.14213533194019412, "v0s": 4.9837351155170975}, "datetime": {"datetime": "2022-06-13 02:27:07", "elapsed": 1474.257559, "delta": 7.354344}}
{"target": 2.7485078004150756, "params": {"Bgrad": 0.7422661557290179, "d1": -1.6302374354607578, "d2": -1.9524783835859192, "d3": 0.37810777291791586, "d4": 0.20132898310560687, "p1": 21.33195791340718, "p2": 30.350773039451944, "p3": 7.273280513310998, "p4": 25.48066471087793, "pol1": -0.4061058284261909, "pol2": 0.7193019071384021, "pol3": 0.3431967618127798, "pol4": 0.26694802524484196, "v0s": 2.7485078004150756}, "datetime": {"datetime": "2022-06-13 02:27:10", "elapsed": 1477.404148, "delta": 3.146589}}
{"target": -1.0, "params": {"Bgrad": 1.2058818192483285, "d1": 0.946291118347526, "d2": 0.7931966962906603, "d3": -0.4196574389582257, "d4": -2.3931005158721055, "p1": 31.95634243599525, "p2": 28.283105627196374, "p3": 23.4332918830626, "p4": 21.401873473413506, "pol1": 0.19853951131606018, "pol2": 0.6999397770319309, "pol3": 0.5022420807438748, "pol4": 0.1587210805944661, "v0s": 7.548225089216168}, "datetime": {"datetime": "2022-06-13 02:27:18", "elapsed": 1485.784749, "delta": 8.380601}}
{"target": -1.0, "params": {"Bgrad": 0.5971099751623232, "d1": 0.9653860349272363, "d2": -2.788021829328042, "d3": -2.2020178154457546, "d4": -1.3089893534217563, "p1": 5.3754438092583845, "p2": 31.183520549885092, "p3": 2.399628202443366, "p4": 14.231194050347106, "pol1": -0.8779266377606578, "pol2": 0.40703866221016227, "pol3": 0.336912335178964, "pol4": -0.24283881349879555, "v0s": 3.129165560178927}, "datetime": {"datetime": "2022-06-13 02:27:25", "elapsed": 1492.625464, "delta": 6.840715}}
{"target": 4.186268422209382, "params": {"Bgrad": 1.6205072435449177, "d1": -1.638482836938131, "d2": 0.1812046696225713, "d3": -1.0483962432815188, "d4": -0.8973222225960824, "p1": 1.4245424745783608, "p2": 32.21160099395159, "p3": 17.53282512160837, "p4": 11.460251364603286, "pol1": -0.13223324757659882, "pol2": -0.23506508545816485, "pol3": -0.06042191982727951, "pol4": 0.9589667083596127, "v0s": 4.186268422209382}, "datetime": {"datetime": "2022-06-13 02:27:30", "elapsed": 1497.807613, "delta": 5.182149}}
{"target": -1.0, "params": {"Bgrad": 1.6616152000040592, "d1": -0.78892961380043, "d2": 0.5565243564299314, "d3": -1.580188595401712, "d4": -2.01792527925397, "p1": 45.55096198284841, "p2": 2.1767131878882684, "p3": 47.53767140305011, "p4": 27.820345783546262, "pol1": -0.247273566625825, "pol2": 0.9901046446782222, "pol3": -0.8832747077047367, "pol4": 0.03341271953522429, "v0s": 2.186582452733287}, "datetime": {"datetime": "2022-06-13 02:27:33", "elapsed": 1500.76072, "delta": 2.953107}}
{"target": -1.0, "params": {"Bgrad": 1.3567636087793502, "d1": -2.2781259640195377, "d2": -0.47616319864187817, "d3": 0.9236947030023259, "d4": 0.4996102048495237, "p1": 22.591812471043532, "p2": 35.42304350258586, "p3": 38.87343750015946, "p4": 24.74215420912818, "pol1": 0.05706698035513025, "pol2": -0.6984312032556148, "pol3": -0.26120014877618747, "pol4": -0.7155574938544267, "v0s": 6.361362520067376}, "datetime": {"datetime": "2022-06-13 02:27:44", "elapsed": 1511.740373, "delta": 10.979653}}
{"target": -1.0, "params": {"Bgrad": 1.215519491603395, "d1": -1.2044846531729378, "d2": 0.5439918846614051, "d3": -0.8895249107537544, "d4": -1.3636366723325604, "p1": 13.444601110632293, "p2": 3.6006017584884975, "p3": 20.90680668626579, "p4": 1.2876741203291686, "pol1": -0.4176921188951439, "pol2": 0.007019019696792972, "pol3": 0.9318661300394446, "pol4": -0.7812341716128308, "v0s": 6.038246325299732}, "datetime": {"datetime": "2022-06-13 02:27:56", "elapsed": 1523.191766, "delta": 11.451393}}
{"target": -1.0, "params": {"Bgrad": 1.2498985566488, "d1": 0.10839291710313192, "d2": -2.425572008503163, "d3": -2.667189454256498, "d4": -1.4031255785901848, "p1": 39.84811259899501, "p2": 9.583786945494504, "p3": 38.3888596073637, "p4": 14.51489985309341, "pol1": -0.5662170247764093, "pol2": -0.9665688218459871, "pol3": -0.20268188015524258, "pol4": -0.23783701741309526, "v0s": 5.956069617172188}, "datetime": {"datetime": "2022-06-13 02:28:05", "elapsed": 1532.223625, "delta": 9.031859}}
{"target": 2.4220006496931514, "params": {"Bgrad": 0.6063776007055808, "d1": -2.3895840518309126, "d2": -2.9336964683962634, "d3": -2.5448145742103727, "d4": -0.3928428959596384, "p1": 20.13284260874596, "p2": 16.05131570836579, "p3": 27.895599712188623, "p4": 49.6730231549925, "pol1": 0.6689730280360593, "pol2": 0.39924636479916775, "pol3": 0.8365171782641159, "pol4": -0.9205425866338304, "v0s": 2.4220006496931514}, "datetime": {"datetime": "2022-06-13 02:28:09", "elapsed": 1536.18404, "delta": 3.960415}}
{"target": -1.0, "params": {"Bgrad": 1.211009434982082, "d1": -1.6033303481716907, "d2": 0.7490082485137957, "d3": -1.0417401554193257, "d4": -0.8414035596265976, "p1": 44.76301828656104, "p2": 22.331752291184525, "p3": 43.8517194635176, "p4": 12.679087468581418, "pol1": -0.45238059168378286, "pol2": -0.34327721982481973, "pol3": 0.09512854096190693, "pol4": -0.5597426519460376, "v0s": 6.02857502648764}, "datetime": {"datetime": "2022-06-13 02:28:20", "elapsed": 1547.981507, "delta": 11.797467}}
{"target": -1.0, "params": {"Bgrad": 0.7141899242045007, "d1": -2.6235989020014423, "d2": 0.4807669848215106, "d3": -2.052525185772006, "d4": -1.455983955909618, "p1": 28.577104636266615, "p2": 26.2900984975735, "p3": 3.8011939721053434, "p4": 43.706296779901415, "pol1": 0.9022712368373842, "pol2": 0.6250146083493435, "pol3": -0.43239633010625145, "pol4": 0.055693592235918965, "v0s": 4.036500344105657}, "datetime": {"datetime": "2022-06-13 02:28:25", "elapsed": 1553.02004, "delta": 5.038533}}
