{"target": -1.0, "params": {"Bgrad": 1.2501747101252594, "d1": -2.825026865227455, "d2": -0.028884901526050832, "d3": -2.078509324050312, "d4": -1.0499674292726078, "p1": 15.813131004448449, "p2": 20.10623094985035, "p3": 20.784266004576995, "p4": 21.339449453307495, "pol1": -0.18050293278145113, "pol2": 0.5374239693190794, "pol3": 0.46607355017141416, "pol4": -0.16814563733199495, "v0s": 6.642380489532808}, "datetime": {"datetime": "2022-04-14 17:47:53", "elapsed": 7692.875923, "delta": 17.272818}}
{"target": 4.679119366121483, "params": {"Bgrad": 1.4741928588237008, "d1": -2.4136802445137167, "d2": 0.5347685233767199, "d3": -2.216466068883738, "d4": -0.8240474846498882, "p1": 18.402703756874583, "p2": 19.274999093759927, "p3": 23.092731820767735, "p4": 22.340006682497528, "pol1": -0.5742983072703802, "pol2": -0.4359661841482393, "pol3": 0.37159994512851346, "pol4": 0.29272367803618365, "v0s": 4.679119366121483}, "datetime": {"datetime": "2022-04-14 17:48:02", "elapsed": 7702.046404, "delta": 9.170481}}
{"target": -1.0, "params": {"Bgrad": 1.9913655363912914, "d1": -2.447139346143666, "d2": 0.4928127212808855, "d3": -1.2731122917924886, "d4": -1.285328434043429, "p1": 18.649835935381056, "p2": 18.995934481689265, "p3": 22.68229796025486, "p4": 26.137030152369327, "pol1": 0.5186276401391918, "pol2": 0.7177273078147797, "pol3": -0.5514509051343057, "pol4": -0.05671638421993719, "v0s": 2.5898004490851734}, "datetime": {"datetime": "2022-04-14 17:48:20", "elapsed": 7720.483111, "delta": 18.436707}}
{"target": 2.706156108146666, "params": {"Bgrad": 1.1443653207157918, "d1": -1.7273997372992835, "d2": 0.9129320613339558, "d3": -2.4737873547397036, "d4": -1.1696256506653828, "p1": 20.29599502901327, "p2": 19.693055393603693, "p3": 23.577874789048035, "p4": 21.094564441431235, "pol1": -0.5354127952946774, "pol2": 0.7156226506782417, "pol3": -0.7329330384132875, "pol4": 0.3660845427699557, "v0s": 2.706156108146666}, "datetime": {"datetime": "2022-04-14 17:48:28", "elapsed": 7727.844429, "delta": 7.361318}}
{"target": -1.0, "params": {"Bgrad": 1.4223521488589457, "d1": 0.612666324239957, "d2": -1.8770166207625714, "d3": -2.7069989572161903, "d4": -0.3485161907069543, "p1": 10.865645108836164, "p2": 27.763847356399413, "p3": 47.77101596555117, "p4": 19.149248302547132, "pol1": -0.34316473051040086, "pol2": -0.3163147208374715, "pol3": -0.694976966045151, "pol4": 0.3098373662806395, "v0s": 3.623819577981136}, "datetime": {"datetime": "2022-04-14 17:48:41", "elapsed": 7741.266542, "delta": 13.422113}}
{"target": -1.0, "params": {"Bgrad": 1.3312920100860868, "d1": -1.234712186312425, "d2": 0.3579546545104142, "d3": -2.0483866205642345, "d4": -1.8133854300366932, "p1": 6.524941618784336, "p2": 36.80414032765147, "p3": 34.275903157920325, "p4": 34.08054246029408, "pol1": 0.3392076724426669, "pol2": -0.36977539100600243, "pol3": 0.4441451041248001, "pol4": 0.17275522425915346, "v0s": 3.4185769937036046}, "datetime": {"datetime": "2022-04-14 17:48:58", "elapsed": 7758.34488, "delta": 17.078338}}
{"target": -1.0, "params": {"Bgrad": 1.261093704241419, "d1": -0.9721097105463405, "d2": -0.530806458823371, "d3": -1.1061673834497157, "d4": -1.4412830929881908, "p1": 32.92395800138637, "p2": 7.387589115816834, "p3": 7.911581090912367, "p4": 26.685574065882978, "pol1": 0.07994426781915309, "pol2": -0.5787558766463159, "pol3": -0.8746895871021221, "pol4": 0.990742484054735, "v0s": 3.9910533956741565}, "datetime": {"datetime": "2022-04-14 17:49:14", "elapsed": 7774.556535, "delta": 16.211655}}
{"target": -1.0, "params": {"Bgrad": 1.1951122767567597, "d1": -1.168423984604206, "d2": -0.973609818343927, "d3": 0.029712083404541012, "d4": -1.4796616024315812, "p1": 3.3496359621624725, "p2": 2.3722412221379994, "p3": 40.19062734726338, "p4": 48.428573451095744, "pol1": 0.6163543995642315, "pol2": -0.7842969072646704, "pol3": 0.12806818263192676, "pol4": 0.08816987585005887, "v0s": 2.0790242917982606}, "datetime": {"datetime": "2022-04-14 17:49:26", "elapsed": 7786.443753, "delta": 11.887218}}
{"target": 2.814272919304872, "params": {"Bgrad": 1.8713273621413498, "d1": -1.3486923128165795, "d2": -0.33641523926996086, "d3": -0.03871637647798343, "d4": 0.7116439630659972, "p1": 16.000097339270823, "p2": 16.969116527174844, "p3": 25.656210689221265, "p4": 22.79496802460966, "pol1": -0.5035704516393986, "pol2": -0.6996245694415697, "pol3": -0.40988435001676793, "pol4": -0.5403517918717324, "v0s": 2.814272919304872}, "datetime": {"datetime": "2022-04-14 17:49:34", "elapsed": 7793.717306, "delta": 7.273553}}
{"target": 3.2352960567136653, "params": {"Bgrad": 1.5816208210336276, "d1": -0.7553914154274198, "d2": -0.12552538412668457, "d3": -0.8576698117700945, "d4": -0.8620722439263752, "p1": 46.47280938686268, "p2": 43.31972114066149, "p3": 8.289381464893886, "p4": 12.178520434436246, "pol1": -0.6149261080945101, "pol2": 0.5792869884258396, "pol3": -0.3768470621868253, "pol4": 0.19890146135655104, "v0s": 3.2352960567136653}, "datetime": {"datetime": "2022-04-14 17:49:43", "elapsed": 7802.922693, "delta": 9.205387}}
{"target": -1.0, "params": {"Bgrad": 1.4978237246746724, "d1": -0.8563801624288341, "d2": 0.8349569133409012, "d3": -1.6567076412206396, "d4": -0.7575523056581344, "p1": 19.112870750122795, "p2": 19.483427052638337, "p3": 23.721999715823, "p4": 23.808497412032303, "pol1": 0.3252840441013316, "pol2": 0.4252108142492128, "pol3": 0.8976196240102141, "pol4": 0.921399489443756, "v0s": 2.7561938416006315}, "datetime": {"datetime": "2022-04-14 17:49:54", "elapsed": 7813.894359, "delta": 10.971666}}
{"target": -1.0, "params": {"Bgrad": 1.3500864971052824, "d1": -0.513765277658174, "d2": -1.8910892862368924, "d3": -1.1295076778900701, "d4": -1.454679331101099, "p1": 47.33289839978936, "p2": 47.029542294604326, "p3": 43.17123079664538, "p4": 47.11439703993261, "pol1": 0.17153971786203637, "pol2": -0.605450170701527, "pol3": -0.4232552318884302, "pol4": 0.03315754999310383, "v0s": 3.4974320354076642}, "datetime": {"datetime": "2022-04-14 17:50:09", "elapsed": 7829.033881, "delta": 15.139522}}
{"target": 3.1232544030330023, "params": {"Bgrad": 1.1800840461437263, "d1": -2.2782693909691543, "d2": -3.0, "d3": -3.0, "d4": -3.0, "p1": 5.45548108792159, "p2": 11.864948202105431, "p3": 35.95654362040113, "p4": 27.166582216462647, "pol1": -0.5827972468525703, "pol2": -0.9653514425663203, "pol3": 1.0, "pol4": 0.13888759831837522, "v0s": 3.1232544030330023}, "datetime": {"datetime": "2022-04-14 17:50:17", "elapsed": 7837.262879, "delta": 8.228998}}
{"target": -1.0, "params": {"Bgrad": 1.4347299773201434, "d1": -2.0452764271016286, "d2": -2.0944283451552788, "d3": -0.22466380420281284, "d4": 0.9206639633075682, "p1": 9.627044395835382, "p2": 31.51808127220155, "p3": 49.623763300556575, "p4": 19.716148242377905, "pol1": 0.626281644594735, "pol2": 0.8853340709821762, "pol3": -0.3010443948211112, "pol4": -0.7654733014223685, "v0s": 4.969219861370643}, "datetime": {"datetime": "2022-04-14 17:50:35", "elapsed": 7855.6567, "delta": 18.393821}}
{"target": -1.0, "params": {"Bgrad": 1.166750986075136, "d1": -2.6670235906329607, "d2": -2.468105865232381, "d3": -2.4178668292729575, "d4": 0.90897221059423, "p1": 18.373364928250258, "p2": 17.003961189342508, "p3": 23.603127455832883, "p4": 21.236125140927058, "pol1": 0.8410935447831138, "pol2": -0.48538138825819455, "pol3": 0.398528399466211, "pol4": -0.06608482611647859, "v0s": 4.933733759122678}, "datetime": {"datetime": "2022-04-14 17:50:53", "elapsed": 7873.084105, "delta": 17.427405}}
{"target": 2.1406011774305136, "params": {"Bgrad": 1.8467203402515193, "d1": -2.1350948595397434, "d2": -2.6325168201656832, "d3": -1.2686570091249907, "d4": 0.046929220543063366, "p1": 6.13125636511187, "p2": 1.8304580629742273, "p3": 39.288264082464686, "p4": 44.08900414232191, "pol1": -0.2698639524613424, "pol2": -0.9792646585099536, "pol3": -0.3399430596393287, "pol4": 0.20020962612029236, "v0s": 2.1406011774305136}, "datetime": {"datetime": "2022-04-14 17:51:02", "elapsed": 7881.834709, "delta": 8.750604}}
{"target": -1.0, "params": {"Bgrad": 1.3432235058961455, "d1": -0.1716074730518624, "d2": -0.9838115682555677, "d3": 0.704479541444218, "d4": 0.041892594013998696, "p1": 6.558593098977666, "p2": 2.8331190974108686, "p3": 41.028818964598045, "p4": 48.024527834636935, "pol1": -0.2531956365184349, "pol2": 0.12326754021691766, "pol3": -0.5421865531717094, "pol4": 0.5779843096107158, "v0s": 4.101618092562529}, "datetime": {"datetime": "2022-04-14 17:51:17", "elapsed": 7897.188657, "delta": 15.353948}}
{"target": -1.0, "params": {"Bgrad": 0.7976159343232143, "d1": -1.5779751328788185, "d2": -1.440102067974646, "d3": -0.7514548534884695, "d4": -0.8597135051579623, "p1": 9.971317408120983, "p2": 27.64361126390693, "p3": 48.54242712821072, "p4": 22.569414799118455, "pol1": -0.7559604888372464, "pol2": -0.17680067753837547, "pol3": -0.8722493648865546, "pol4": -0.1671832520952765, "v0s": 3.299223443206237}, "datetime": {"datetime": "2022-04-14 17:51:28", "elapsed": 7908.50294, "delta": 11.314283}}
{"target": 3.926907537833912, "params": {"Bgrad": 0.9868039341302949, "d1": -2.0981608459498973, "d2": -0.29158173103175233, "d3": -1.4250178211286921, "d4": -1.205151799305272, "p1": 2.19586330779995, "p2": 34.015874145012965, "p3": 17.38392347601495, "p4": 10.607838234130702, "pol1": -0.5061862939022417, "pol2": 0.8315233283304773, "pol3": -0.7779503459777071, "pol4": 0.13295950079087104, "v0s": 3.926907537833912}, "datetime": {"datetime": "2022-04-14 17:51:35", "elapsed": 7914.993204, "delta": 6.490264}}
{"target": -1.0, "params": {"Bgrad": 1.7457705911372876, "d1": -0.3581616773955143, "d2": 0.8796826710233003, "d3": -0.3737620821987808, "d4": -1.4431509737637112, "p1": 1.3734732153115436, "p2": 32.10426548156098, "p3": 17.62839160115512, "p4": 9.843504995639496, "pol1": 0.48628316658776405, "pol2": 0.02187722088435362, "pol3": -0.35117228990880944, "pol4": 0.9523886250781752, "v0s": 3.0149712915756064}, "datetime": {"datetime": "2022-04-14 17:51:55", "elapsed": 7934.933516, "delta": 19.940312}}
{"target": -1.0, "params": {"Bgrad": 0.6524345817765524, "d1": -1.5050657173565525, "d2": 0.6643056158951075, "d3": 0.695188499603542, "d4": -1.7930747370275615, "p1": 17.22478641721426, "p2": 16.610200921877226, "p3": 25.991364929234578, "p4": 24.5216513154294, "pol1": -0.20331396488288145, "pol2": -0.16051350823145705, "pol3": -0.6410108393100502, "pol4": 0.2801715153609019, "v0s": 2.7747039109729776}, "datetime": {"datetime": "2022-04-14 17:52:06", "elapsed": 7945.964024, "delta": 11.030508}}
{"target": -1.0, "params": {"Bgrad": 1.821217902427854, "d1": -1.9840491949692929, "d2": 0.6165378521444995, "d3": -2.182695593939686, "d4": 0.7213946032586875, "p1": 18.638051940869833, "p2": 16.171191450888756, "p3": 25.520113749759826, "p4": 23.077103155281737, "pol1": -0.5646897435121268, "pol2": -0.24976637017459247, "pol3": -0.8789729370113901, "pol4": -0.2758123268167827, "v0s": 2.466947208536183}, "datetime": {"datetime": "2022-04-14 17:52:21", "elapsed": 7961.303013, "delta": 15.338989}}
{"target": -1.0, "params": {"Bgrad": 1.1493995071814842, "d1": -0.7769317168059908, "d2": 0.06496594553457369, "d3": -0.14368264903958128, "d4": -2.6090595784250987, "p1": 4.897096196150335, "p2": 0.31810214112364954, "p3": 43.138290749713015, "p4": 46.979906047303, "pol1": 0.9018068591027468, "pol2": -0.4890204727144951, "pol3": 0.9683922336352824, "pol4": 0.2312527475176298, "v0s": 2.8657709960018933}, "datetime": {"datetime": "2022-04-14 17:52:39", "elapsed": 7978.960964, "delta": 17.657951}}
{"target": -1.0, "params": {"Bgrad": 1.5440318515171316, "d1": 0.1532320019086577, "d2": -0.6371079596741192, "d3": -0.4869997174377607, "d4": -1.7443579026292824, "p1": 4.034545201469925, "p2": 34.26558834626478, "p3": 15.87872173832468, "p4": 12.414753028038527, "pol1": 0.8469164011464541, "pol2": -0.7034786703380094, "pol3": -0.20912721968681014, "pol4": 0.6938128891171103, "v0s": 4.81147210234273}, "datetime": {"datetime": "2022-04-14 17:53:00", "elapsed": 7999.763359, "delta": 20.802395}}
{"target": -1.0, "params": {"Bgrad": 1.9822473494012314, "d1": -2.82562641800208, "d2": -1.107946248359657, "d3": 0.24009377899121764, "d4": -1.136349138020588, "p1": 33.21040460169679, "p2": 8.382082816169362, "p3": 5.487531778832877, "p4": 23.61929169440743, "pol1": 0.42138803388420953, "pol2": -0.999088121862715, "pol3": 0.37718473395255314, "pol4": 0.9189192225348817, "v0s": 4.891045149950619}, "datetime": {"datetime": "2022-04-14 17:53:27", "elapsed": 8027.149137, "delta": 27.385778}}
{"target": 5.214391534977532, "params": {"Bgrad": 0.903794515251329, "d1": -3.0, "d2": -0.3018904215445178, "d3": 0.02718921265053177, "d4": -0.489013190508203, "p1": 31.85757117212221, "p2": 8.452479992047026, "p3": 7.448619403548322, "p4": 25.507865871978492, "pol1": 0.6112474603422979, "pol2": -0.8352998589753639, "pol3": -0.8276954448739874, "pol4": -0.4466171853193847, "v0s": 5.214391534977532}, "datetime": {"datetime": "2022-04-14 17:53:35", "elapsed": 8034.713911, "delta": 7.564774}}
{"target": -1.0, "params": {"Bgrad": 0.8903628741653895, "d1": -0.1988907953049742, "d2": -0.6795315947038815, "d3": -1.5010831058199794, "d4": -0.1448997455420764, "p1": 29.02180233665953, "p2": 9.203313198632173, "p3": 21.999437886615432, "p4": 29.002147957818327, "pol1": 0.155300613466837, "pol2": 0.4129491357805629, "pol3": -0.4021809564517243, "pol4": 0.10468932355929711, "v0s": 3.554245727085084}, "datetime": {"datetime": "2022-04-14 17:53:47", "elapsed": 8047.468809, "delta": 12.754898}}
{"target": 4.242125634473935, "params": {"Bgrad": 1.1080209842015258, "d1": -3.0, "d2": -0.5520551869728002, "d3": -1.9217186937584692, "d4": 0.41779837875916354, "p1": 8.50565474987275, "p2": 15.051911687045699, "p3": 45.53610480604472, "p4": 2.677245380522007, "pol1": -0.5875087055301246, "pol2": -1.0, "pol3": -0.8547680691511051, "pol4": -0.9188344109927573, "v0s": 4.242125634473935}, "datetime": {"datetime": "2022-04-14 17:53:54", "elapsed": 8054.237711, "delta": 6.768902}}
{"target": 4.340957794237251, "params": {"Bgrad": 2.0, "d1": -1.606951113819581, "d2": -0.026446535150061085, "d3": -2.085093478950154, "d4": -1.5329248841300611, "p1": 7.564971086615539, "p2": 35.76711543328941, "p3": 35.584222432873446, "p4": 34.03658596747044, "pol1": -0.8212353612625796, "pol2": 0.7672108215784709, "pol3": -0.9045161849476889, "pol4": -0.4537777459075428, "v0s": 4.340957794237251}, "datetime": {"datetime": "2022-04-14 17:54:10", "elapsed": 8070.27982, "delta": 16.042109}}
{"target": -1.0, "params": {"Bgrad": 1.0622791661272282, "d1": -2.2396877534020168, "d2": 0.7576603788132292, "d3": -2.5117344703878004, "d4": 0.9982722309028391, "p1": 11.2462430265513, "p2": 23.94731329963084, "p3": 49.01955265803241, "p4": 21.256824674363013, "pol1": 0.9838291582263738, "pol2": 0.23703693514014246, "pol3": -0.7325368929283635, "pol4": 0.029211944971412107, "v0s": 3.511077851272309}, "datetime": {"datetime": "2022-04-14 17:54:27", "elapsed": 8087.416004, "delta": 17.136184}}
{"target": 2.1440226491670655, "params": {"Bgrad": 1.6110517748008513, "d1": -0.9788903091469763, "d2": 0.801877776940521, "d3": -2.736904487669365, "d4": -1.2604556773750746, "p1": 46.52973710242179, "p2": 43.83281181051293, "p3": 10.180664244580607, "p4": 11.773794330815985, "pol1": -0.4992032305878469, "pol2": 0.08737720365564439, "pol3": 0.9128350314161155, "pol4": -0.8725509496958068, "v0s": 2.1440226491670655}, "datetime": {"datetime": "2022-04-14 17:54:35", "elapsed": 8095.610095, "delta": 8.194091}}
{"target": -1.0, "params": {"Bgrad": 0.5798405172697888, "d1": -2.941331107965044, "d2": 0.17016856688214466, "d3": -1.0274704624074356, "d4": 0.6130553650621584, "p1": 17.295678039865013, "p2": 14.454433814392969, "p3": 27.00753992458554, "p4": 23.083525497241514, "pol1": -0.7165798988177989, "pol2": 0.9434127102373215, "pol3": 0.09926256959239965, "pol4": 0.15896340438298062, "v0s": 3.290824330457995}, "datetime": {"datetime": "2022-04-14 17:54:46", "elapsed": 8106.666534, "delta": 11.056439}}
{"target": -1.0, "params": {"Bgrad": 1.8686451623800893, "d1": -1.4700571685353436, "d2": -2.089440389959065, "d3": -1.9308547996905054, "d4": -0.5734209546310054, "p1": 10.989019196982586, "p2": 29.157115375450015, "p3": 16.62308880743047, "p4": 1.00341107937027, "pol1": -0.6897638330076095, "pol2": -0.003352825426075956, "pol3": 0.3011411015534813, "pol4": -0.23275011580660343, "v0s": 3.513372445080339}, "datetime": {"datetime": "2022-04-14 17:55:07", "elapsed": 8126.952296, "delta": 20.285762}}
{"target": 4.357252762736476, "params": {"Bgrad": 1.0931319699666184, "d1": -1.5611158221555999, "d2": -0.3897344850495099, "d3": -2.167744097268648, "d4": -2.0810304127813013, "p1": 1.1189060135816629, "p2": 15.368086198503699, "p3": 13.987475988439297, "p4": 4.753830604076316, "pol1": 1.0, "pol2": -0.12868973284618831, "pol3": 0.06446947058465342, "pol4": -0.5131190763321294, "v0s": 4.357252762736476}, "datetime": {"datetime": "2022-04-14 17:55:16", "elapsed": 8135.985145, "delta": 9.032849}}
{"target": -1.0, "params": {"Bgrad": 1.1502121242567531, "d1": -1.8997954179913679, "d2": 0.9391110676779268, "d3": -0.694665431082381, "d4": -2.4348560199899856, "p1": 36.1598201621294, "p2": 8.931227283512472, "p3": 20.94871899855265, "p4": 48.96115004388057, "pol1": -0.2952152350993744, "pol2": 0.41401429684860735, "pol3": -0.744821571351655, "pol4": 0.9181854380436545, "v0s": 6.340745615740583}, "datetime": {"datetime": "2022-04-14 17:55:31", "elapsed": 8151.185504, "delta": 15.200359}}
{"target": -1.0, "params": {"Bgrad": 1.3872562090635783, "d1": 0.5372287278395094, "d2": 0.21316597784732672, "d3": -1.3886388197614252, "d4": -1.3162001347260759, "p1": 8.226167922928497, "p2": 28.06477625094161, "p3": 48.622535955323414, "p4": 20.281022205851123, "pol1": 0.22128397461360372, "pol2": 0.2885582394606623, "pol3": -0.132578631553796, "pol4": 0.10824870999987568, "v0s": 2.542131631183725}, "datetime": {"datetime": "2022-04-14 17:55:47", "elapsed": 8167.024157, "delta": 15.838653}}
{"target": 4.188989412446429, "params": {"Bgrad": 1.431678542150321, "d1": -2.002776608282043, "d2": 0.1264116558895842, "d3": -1.1108811332726822, "d4": -1.0471221719418087, "p1": 2.2293900943100544, "p2": 33.24930538369216, "p3": 17.713637343451346, "p4": 10.828594604444973, "pol1": -0.26743888053233356, "pol2": 0.29973252377659015, "pol3": 0.06270172489115904, "pol4": 0.4478691924334828, "v0s": 4.188989412446429}, "datetime": {"datetime": "2022-04-14 17:55:53", "elapsed": 8173.429032, "delta": 6.404875}}
{"target": -1.0, "params": {"Bgrad": 0.5732066769130175, "d1": -1.2533017793469106, "d2": -2.3503050360663957, "d3": -0.10877656583821915, "d4": -0.5764835062770062, "p1": 5.999848207927156, "p2": 3.344991472112774, "p3": 38.47859699855319, "p4": 46.43805975026645, "pol1": -0.00864831055144033, "pol2": 0.5347913894211689, "pol3": -0.9233031186043659, "pol4": 0.6570206277835791, "v0s": 3.672343562097556}, "datetime": {"datetime": "2022-04-14 17:56:00", "elapsed": 8179.816953, "delta": 6.387921}}
{"target": -1.0, "params": {"Bgrad": 1.5985307594812608, "d1": -0.5642978089914834, "d2": -0.9934928698847352, "d3": -2.7846063748414576, "d4": -0.5070041288865861, "p1": 18.738951691844896, "p2": 20.703337462897725, "p3": 22.71934413282773, "p4": 22.737930730480223, "pol1": -0.15736560730496008, "pol2": 0.14690692159511687, "pol3": 0.12219659325979015, "pol4": -0.22511023244684814, "v0s": 2.967036871423131}, "datetime": {"datetime": "2022-04-14 17:56:08", "elapsed": 8188.494752, "delta": 8.677799}}
{"target": -1.0, "params": {"Bgrad": 1.0980733154435125, "d1": 0.866449970568568, "d2": -2.3836833126705703, "d3": 0.5803472345945937, "d4": -1.755947728460634, "p1": 27.4244544833052, "p2": 34.10331292164074, "p3": 11.823482566307769, "p4": 8.38683425251358, "pol1": 0.01696402685923193, "pol2": 0.5837277511693433, "pol3": 0.38482892433415117, "pol4": -0.7620533256539703, "v0s": 7.404453290430398}, "datetime": {"datetime": "2022-04-14 17:56:21", "elapsed": 8200.960423, "delta": 12.465671}}
{"target": -1.0, "params": {"Bgrad": 1.2196063505737325, "d1": 0.7867067169585904, "d2": -0.7862651750069372, "d3": -2.6607927133585885, "d4": -2.1901478573018576, "p1": 42.71189864581913, "p2": 35.29636833823596, "p3": 44.74697600764621, "p4": 16.457300089714987, "pol1": 0.05600279327525226, "pol2": 0.30079626496823963, "pol3": 0.1885817071733289, "pol4": -0.5370741289315044, "v0s": 4.5609280966894135}, "datetime": {"datetime": "2022-04-14 17:56:36", "elapsed": 8216.020158, "delta": 15.059735}}
{"target": -1.0, "params": {"Bgrad": 0.8721671960902622, "d1": 0.3824598489245816, "d2": 0.9467097798723305, "d3": -2.733716787470483, "d4": -0.14428787093215467, "p1": 16.505777609953714, "p2": 31.271768915571645, "p3": 12.90648246409355, "p4": 32.55038046542475, "pol1": -0.2577056310745409, "pol2": -0.41035824092607265, "pol3": 0.8235263473955976, "pol4": 0.884997748452415, "v0s": 5.681300159360813}, "datetime": {"datetime": "2022-04-14 17:56:49", "elapsed": 8229.635754, "delta": 13.615596}}
{"target": -1.0, "params": {"Bgrad": 0.821701671246039, "d1": 0.7576754836246375, "d2": 0.0018141868932963767, "d3": 0.004359229291224231, "d4": -2.153114660606055, "p1": 41.507826308114964, "p2": 12.004757708060504, "p3": 31.581037262508012, "p4": 35.536978494979316, "pol1": 0.4847668594142034, "pol2": -0.21947059080083808, "pol3": 0.5196507934321948, "pol4": 0.8058718042434199, "v0s": 5.524520115425462}, "datetime": {"datetime": "2022-04-14 17:56:59", "elapsed": 8238.922923, "delta": 9.287169}}
