{"target": -1.0, "params": {"Bgrad": 1.9732114638782443, "d1": -0.3425687223028109, "d2": 0.8260647859358703, "d3": -1.6758387262179975, "d4": -1.1845063310923352, "p1": 14.089946296995187, "p2": 6.931168646091191, "p3": 5.365673510279939, "p4": 36.52586590410433, "pol1": -0.56829882029268, "pol2": -0.3327031005221832, "pol3": -0.6432352323250057, "pol4": 0.1943555219937998, "v0s": 2.076853414643424}, "datetime": {"datetime": "2022-06-24 07:28:28", "elapsed": 11627.928902, "delta": 4.928438}}
{"target": -1.0, "params": {"Bgrad": 1.6249665782316887, "d1": -1.6962248452652369, "d2": -0.77567384237692, "d3": -0.5810451989476872, "d4": -1.9573735027560812, "p1": 27.459255909264655, "p2": 24.476897182577602, "p3": 6.655874991377781, "p4": 43.29795734033809, "pol1": -0.6296953349771126, "pol2": 0.6781335904534984, "pol3": 0.21745999075187572, "pol4": 0.258082154722731, "v0s": 4.32432382537152}, "datetime": {"datetime": "2022-06-24 07:28:40", "elapsed": 11640.03275, "delta": 12.103848}}
{"target": -1.0, "params": {"Bgrad": 0.6625093348896263, "d1": -1.1960176920832386, "d2": -2.059557441770485, "d3": -1.8168179596857392, "d4": 0.31616118423742456, "p1": 3.7615713842517717, "p2": 12.742456758685622, "p3": 35.125364069933674, "p4": 25.115908443308264, "pol1": 0.23510148295603406, "pol2": 0.262231604534666, "pol3": -0.4509378632556149, "pol4": -0.5994282316714479, "v0s": 2.6824575945634432}, "datetime": {"datetime": "2022-06-24 07:28:47", "elapsed": 11646.349538, "delta": 6.316788}}
{"target": 4.212983155861076, "params": {"Bgrad": 1.0580149205373433, "d1": -2.675496496883879, "d2": 0.3067395057328395, "d3": -1.5506642353791462, "d4": -0.4679196602679938, "p1": 7.595111862671311, "p2": 7.2995668707525, "p3": 35.8607908027363, "p4": 33.056515739566834, "pol1": 0.6966396439036937, "pol2": -0.35203031234090276, "pol3": -0.9134296709954983, "pol4": 0.8849784227169326, "v0s": 4.212983155861076}, "datetime": {"datetime": "2022-06-24 07:28:54", "elapsed": 11653.599306, "delta": 7.249768}}
{"target": 2.332740636327181, "params": {"Bgrad": 1.2559636845222253, "d1": -1.1216110811050173, "d2": -1.9972296291794713, "d3": -1.1334150867300652, "d4": 0.08913632972887778, "p1": 25.804390869955952, "p2": 3.0025317853285043, "p3": 38.46799384953439, "p4": 27.341926999333623, "pol1": 0.5771290010144269, "pol2": -0.27697111143053044, "pol3": -0.028004018575949145, "pol4": 0.9528903337343033, "v0s": 2.332740636327181}, "datetime": {"datetime": "2022-06-24 07:29:01", "elapsed": 11660.598268, "delta": 6.998962}}
{"target": -1.0, "params": {"Bgrad": 1.3154692457079984, "d1": -1.5168353374235903, "d2": -1.9110282263073435, "d3": -1.8035476577636258, "d4": -1.5888879169461205, "p1": 9.620838147198096, "p2": 4.445878328687841, "p3": 37.172160363996085, "p4": 22.711156083001683, "pol1": 0.4545141586303212, "pol2": 0.7527082186109197, "pol3": 0.0014380111671798979, "pol4": -0.7702873675580855, "v0s": 4.054505926786059}, "datetime": {"datetime": "2022-06-24 07:29:16", "elapsed": 11675.49668, "delta": 14.898412}}
{"target": 3.4703062509666522, "params": {"Bgrad": 1.0186511428257887, "d1": -0.1897634220266835, "d2": 0.09704667136520317, "d3": -2.774082291757085, "d4": -1.2983678400984928, "p1": 7.007492201822934, "p2": 9.952239200445295, "p3": 35.138562786957664, "p4": 30.36701092238256, "pol1": -0.5573903261732784, "pol2": -0.9214141802151739, "pol3": 0.6274642374737522, "pol4": 0.30569244507351034, "v0s": 3.4703062509666522}, "datetime": {"datetime": "2022-06-24 07:29:25", "elapsed": 11684.484803, "delta": 8.988123}}
{"target": 5.242217796115836, "params": {"Bgrad": 0.7163020469991188, "d1": -1.1482974891994964, "d2": -0.15915225405262978, "d3": -0.479521906326303, "d4": -1.8820024144421397, "p1": 8.875324843394312, "p2": 35.97631131096499, "p3": 36.96670804904099, "p4": 34.9952252215765, "pol1": -0.9048794103077507, "pol2": -0.50944207000585, "pol3": -0.24915609450229348, "pol4": -0.31115588590350085, "v0s": 5.242217796115836}, "datetime": {"datetime": "2022-06-24 07:29:32", "elapsed": 11691.374498, "delta": 6.889695}}
{"target": 2.8054721802754665, "params": {"Bgrad": 1.8255824437765076, "d1": 0.2106721319829085, "d2": -2.009500372622061, "d3": -2.376768073347111, "d4": -0.9004481921093063, "p1": 42.00819846800539, "p2": 20.863269790479077, "p3": 28.77783540915392, "p4": 15.174836416727718, "pol1": 0.25477491549726106, "pol2": 0.14435022701939032, "pol3": 0.4185161638810485, "pol4": -0.33443408682425974, "v0s": 2.8054721802754665}, "datetime": {"datetime": "2022-06-24 07:29:41", "elapsed": 11700.099808, "delta": 8.72531}}
{"target": -1.0, "params": {"Bgrad": 1.4043797618538476, "d1": -2.544366814094516, "d2": -1.9197919099931116, "d3": -2.0211044117308927, "d4": -1.9999221411637054, "p1": 7.087847744692405, "p2": 7.0383386072783996, "p3": 39.78998136820942, "p4": 28.02133370678403, "pol1": -0.3838168266309969, "pol2": 0.2290358556090586, "pol3": -0.18481773649085942, "pol4": -0.03876320210895856, "v0s": 4.404354030712312}, "datetime": {"datetime": "2022-06-24 07:29:56", "elapsed": 11715.472476, "delta": 15.372668}}
{"target": 3.5864599475783097, "params": {"Bgrad": 1.5422420252442084, "d1": -2.490483961384356, "d2": -1.5485347307741768, "d3": -1.7461974498620103, "d4": -0.876201118816692, "p1": 2.9861793674070602, "p2": 13.244584810693, "p3": 36.81197784372719, "p4": 25.892266873473783, "pol1": 0.014165203610087884, "pol2": -0.6252190001986497, "pol3": 0.7587338948495754, "pol4": -0.6891435220732214, "v0s": 3.5864599475783097}, "datetime": {"datetime": "2022-06-24 07:30:03", "elapsed": 11722.585566, "delta": 7.11309}}
{"target": 2.6626025399179754, "params": {"Bgrad": 1.1216841604972516, "d1": -1.9557617697348244, "d2": -0.9371626828425206, "d3": 0.10996670848076487, "d4": -1.8272573503920915, "p1": 28.458525350850277, "p2": 8.925267428101598, "p3": 10.544272624023234, "p4": 38.889855075089145, "pol1": -0.328892191006142, "pol2": -0.6646528180792038, "pol3": 0.5115387289133594, "pol4": -0.9666908383695834, "v0s": 2.6626025399179754}, "datetime": {"datetime": "2022-06-24 07:30:13", "elapsed": 11732.977473, "delta": 10.391907}}
{"target": -1.0, "params": {"Bgrad": 1.9613533425099996, "d1": -0.4531621913506525, "d2": -0.39615332851612806, "d3": -0.9746177785647645, "d4": -0.5245493027992945, "p1": 4.728316922910963, "p2": 13.947268912180222, "p3": 34.26727479628659, "p4": 28.928610209722045, "pol1": -0.9251088955875129, "pol2": 0.3661999525616766, "pol3": -0.1369727180862701, "pol4": -0.12429828180549252, "v0s": 2.665125505614948}, "datetime": {"datetime": "2022-06-24 07:30:19", "elapsed": 11739.042385, "delta": 6.064912}}
{"target": 4.563859589472729, "params": {"Bgrad": 0.6426028008802976, "d1": -1.2263094258768064, "d2": 0.2298715623965304, "d3": -1.4565164004244413, "d4": -2.5874325224940073, "p1": 6.739367480773462, "p2": 14.09443429025758, "p3": 37.13376361101064, "p4": 30.550287886324757, "pol1": -0.45109123129458917, "pol2": -0.37174526881278314, "pol3": 0.625068229681105, "pol4": 0.9439746795100228, "v0s": 4.563859589472729}, "datetime": {"datetime": "2022-06-24 07:30:26", "elapsed": 11745.129705, "delta": 6.08732}}
{"target": 2.375115800307385, "params": {"Bgrad": 0.5893501462473476, "d1": -2.5276709264900434, "d2": -0.5281617071960447, "d3": 0.8229769652917898, "d4": -0.5918005205925674, "p1": 2.6045562840202874, "p2": 14.064817803794693, "p3": 38.282850978413094, "p4": 28.877995901337734, "pol1": -0.3299633063024279, "pol2": 0.18948143699411157, "pol3": -0.45284899411043833, "pol4": 0.5092019389353699, "v0s": 2.375115800307385}, "datetime": {"datetime": "2022-06-24 07:30:32", "elapsed": 11751.869808, "delta": 6.740103}}
{"target": -1.0, "params": {"Bgrad": 1.6038528473308395, "d1": -0.6167714822954014, "d2": 0.02557294118798925, "d3": -2.5077226760247076, "d4": -0.8915600421402541, "p1": 5.232498918602957, "p2": 9.80593825624791, "p3": 36.663999060245885, "p4": 33.18867063154044, "pol1": -0.15007364442331173, "pol2": -0.21027132246298286, "pol3": 0.288329656204116, "pol4": 0.9398917269006934, "v0s": 2.393026090741071}, "datetime": {"datetime": "2022-06-24 07:30:37", "elapsed": 11757.020636, "delta": 5.150828}}
{"target": -1.0, "params": {"Bgrad": 1.7357737352024913, "d1": -1.528411257306518, "d2": -1.8838158342427653, "d3": -1.9970314837556802, "d4": -2.803031762274181, "p1": 5.835544412375321, "p2": 13.520763228857719, "p3": 35.237748694943974, "p4": 30.6345826568458, "pol1": -0.09213896916146402, "pol2": -0.698870986352832, "pol3": -0.3938378762647081, "pol4": 0.5834973173764084, "v0s": 6.184906700733436}, "datetime": {"datetime": "2022-06-24 07:30:48", "elapsed": 11768.027422, "delta": 11.006786}}
{"target": -1.0, "params": {"Bgrad": 1.46679532958588, "d1": -1.7440201010845096, "d2": 0.6060517936497516, "d3": 0.20412026657708005, "d4": 0.34821369338641484, "p1": 44.06105390401839, "p2": 21.796404852693037, "p3": 27.72019345028141, "p4": 15.795366532429533, "pol1": -0.3078006987538051, "pol2": 0.29675805429748614, "pol3": 0.3567533702407688, "pol4": -0.2659916305766703, "v0s": 4.678637383434221}, "datetime": {"datetime": "2022-06-24 07:31:05", "elapsed": 11784.351643, "delta": 16.324221}}
{"target": -1.0, "params": {"Bgrad": 0.8878454007594161, "d1": -2.1370846906948606, "d2": 0.9181414623068642, "d3": -1.8383092885820487, "d4": -1.2104235846360156, "p1": 3.1060635054160346, "p2": 33.04597251809731, "p3": 18.725974571455676, "p4": 10.839998785346777, "pol1": -0.5979783622184631, "pol2": 0.47651593660411895, "pol3": -0.058538367708226735, "pol4": 0.6726924483263714, "v0s": 5.201707723403442}, "datetime": {"datetime": "2022-06-24 07:31:15", "elapsed": 11794.721576, "delta": 10.369933}}
{"target": -1.0, "params": {"Bgrad": 1.4413425586122857, "d1": -0.3428471437949505, "d2": -0.7612005709837018, "d3": -1.8344738189503098, "d4": -0.7935600545513526, "p1": 45.75798036687686, "p2": 22.434414226433898, "p3": 24.86071244752778, "p4": 12.585151684266787, "pol1": -0.9773227198318644, "pol2": 0.294781421727502, "pol3": 0.7938686886589448, "pol4": -0.23895902677561098, "v0s": 2.656852324555556}, "datetime": {"datetime": "2022-06-24 07:31:24", "elapsed": 11803.940099, "delta": 9.218523}}
{"target": -1.0, "params": {"Bgrad": 1.087939901622079, "d1": -0.6754795444357198, "d2": -2.8506143853879395, "d3": -0.731229600365431, "d4": -1.5712820605429612, "p1": 21.33367166288406, "p2": 21.6184926947333, "p3": 17.421427048118467, "p4": 19.518308682878413, "pol1": -0.5928819193195768, "pol2": -0.5626468267397647, "pol3": -0.08635316686500688, "pol4": 0.19465357120064739, "v0s": 3.4857872087781754}, "datetime": {"datetime": "2022-06-24 07:31:37", "elapsed": 11816.220024, "delta": 12.279925}}
{"target": -1.0, "params": {"Bgrad": 0.5742067605957248, "d1": -1.5320128051977218, "d2": -0.09345179349850197, "d3": -0.4009000891122012, "d4": -0.8044234167076474, "p1": 5.384308768025548, "p2": 13.519365031420028, "p3": 34.288461525451886, "p4": 26.941618426604876, "pol1": 0.17869032725990097, "pol2": -0.4291941019122183, "pol3": -0.19871497153712392, "pol4": 0.98540199209463, "v0s": 5.101041157275031}, "datetime": {"datetime": "2022-06-24 07:31:48", "elapsed": 11827.49409, "delta": 11.274066}}
{"target": -1.0, "params": {"Bgrad": 1.6118017454825249, "d1": -1.7780320196391148, "d2": -0.785738997110812, "d3": -2.4480865346763507, "d4": -2.6025262515558527, "p1": 6.392035121160861, "p2": 9.426839451989583, "p3": 34.789720395972004, "p4": 34.35168785930227, "pol1": 0.07282387876576157, "pol2": 0.012673298712732706, "pol3": 0.6262668021429081, "pol4": 0.5276838114368012, "v0s": 6.035562708015566}, "datetime": {"datetime": "2022-06-24 07:32:00", "elapsed": 11839.245882, "delta": 11.751792}}
{"target": 2.201995441320023, "params": {"Bgrad": 1.103955126613338, "d1": -1.6317182423248129, "d2": 0.7203977410781071, "d3": -1.5097738213066116, "d4": -1.588518571986758, "p1": 5.608735327683173, "p2": 8.392432867859029, "p3": 34.46009004488207, "p4": 27.94105922507256, "pol1": -0.8246752666645447, "pol2": -0.932076311582156, "pol3": -0.4458681969233833, "pol4": 0.4692791342648628, "v0s": 2.201995441320023}, "datetime": {"datetime": "2022-06-24 07:32:07", "elapsed": 11846.304642, "delta": 7.05876}}
{"target": 3.437747888556273, "params": {"Bgrad": 1.5319778585869515, "d1": 0.12196557399175578, "d2": -0.836523702383082, "d3": -1.517365907860293, "d4": -2.1887056778200806, "p1": 6.764008566827195, "p2": 9.91866065345538, "p3": 33.559311850033026, "p4": 32.95286302030515, "pol1": -0.24788218657314487, "pol2": -0.780516141592275, "pol3": 0.5691973351384108, "pol4": -0.12268384664494913, "v0s": 3.437747888556273}, "datetime": {"datetime": "2022-06-24 07:32:13", "elapsed": 11853.020352, "delta": 6.71571}}
{"target": -1.0, "params": {"Bgrad": 0.92252529234083, "d1": -2.747880066973902, "d2": -1.317443678907546, "d3": -1.494858718492126, "d4": -1.9576796310926063, "p1": 7.381998317463428, "p2": 6.2280308081696765, "p3": 36.01209963735313, "p4": 28.022895274618147, "pol1": 0.7000193455598716, "pol2": -0.8525252341044063, "pol3": 0.6248695386203169, "pol4": -0.7877623100322466, "v0s": 3.1613091686885326}, "datetime": {"datetime": "2022-06-24 07:32:19", "elapsed": 11858.937145, "delta": 5.916793}}
{"target": -1.0, "params": {"Bgrad": 1.9268898596436297, "d1": -2.799240256023813, "d2": 0.7633204464918308, "d3": 0.5398502387569364, "d4": -1.7793295692151485, "p1": 43.94243064330769, "p2": 23.503382064567663, "p3": 27.783163119459665, "p4": 15.498135592888307, "pol1": -0.9949164139143911, "pol2": 0.05443210355595118, "pol3": -0.14182486993081067, "pol4": 0.2591096287685781, "v0s": 2.5277863750146814}, "datetime": {"datetime": "2022-06-24 07:32:34", "elapsed": 11873.198735, "delta": 14.26159}}
{"target": 4.588453098788281, "params": {"Bgrad": 1.2218028149400415, "d1": -2.516979004125744, "d2": -2.4863886603360554, "d3": -2.6684750287340884, "d4": -0.930664813717327, "p1": 4.971707748576071, "p2": 12.348473743444227, "p3": 38.331959283747445, "p4": 32.47393744409519, "pol1": 0.6875350004219021, "pol2": -0.8628561613414394, "pol3": -0.11040241431711384, "pol4": -0.2790444215923624, "v0s": 4.588453098788281}, "datetime": {"datetime": "2022-06-24 07:32:43", "elapsed": 11883.080041, "delta": 9.881306}}
{"target": -1.0, "params": {"Bgrad": 0.6359417356518815, "d1": -1.61127305266182, "d2": -2.368900208849909, "d3": -0.3198839623702727, "d4": -1.241184804187394, "p1": 45.554459957005676, "p2": 16.62432227124711, "p3": 25.80034722955838, "p4": 12.38465601482352, "pol1": -0.05564372618006019, "pol2": -0.768068227703951, "pol3": -0.9026085270906765, "pol4": -0.06954917147592399, "v0s": 2.019271240365308}, "datetime": {"datetime": "2022-06-24 07:32:50", "elapsed": 11889.374308, "delta": 6.294267}}
{"target": -1.0, "params": {"Bgrad": 1.3826858126883117, "d1": 0.35195033237886353, "d2": -0.18415523745878204, "d3": -1.5456291835162923, "d4": 0.48989533980095334, "p1": 6.905096895203011, "p2": 36.193926189715306, "p3": 36.46534869088895, "p4": 36.72445348633514, "pol1": -0.6823913389028204, "pol2": 0.004000607887163721, "pol3": -0.6657473646732512, "pol4": -0.3515656196781194, "v0s": 3.681098288426615}, "datetime": {"datetime": "2022-06-24 07:33:01", "elapsed": 11901.065763, "delta": 11.691455}}
{"target": -1.0, "params": {"Bgrad": 1.790379654132927, "d1": -1.967184002715439, "d2": 0.9560345964308907, "d3": -2.1184940657941658, "d4": -0.9479723985471207, "p1": 42.90101267154405, "p2": 22.109383664718617, "p3": 24.02211117771963, "p4": 14.359233328952026, "pol1": -0.9648750246674445, "pol2": 0.15206642122292702, "pol3": -0.6897424867171886, "pol4": 0.8430701734779398, "v0s": 2.424724982981372}, "datetime": {"datetime": "2022-06-24 07:33:07", "elapsed": 11907.018937, "delta": 5.953174}}
{"target": -1.0, "params": {"Bgrad": 1.376558697482698, "d1": -1.392848823324952, "d2": -1.160206520836542, "d3": -2.2526288227901445, "d4": -2.149487703020943, "p1": 4.691838638426971, "p2": 15.458798339511015, "p3": 36.42754348771026, "p4": 30.231597649855335, "pol1": -0.02339798703515661, "pol2": -0.7418464352283256, "pol3": 0.7211526828708894, "pol4": 0.32025025690882836, "v0s": 4.301698579390173}, "datetime": {"datetime": "2022-06-24 07:33:23", "elapsed": 11923.090213, "delta": 16.071276}}
{"target": -1.0, "params": {"Bgrad": 0.8729588696498547, "d1": -1.8685734103448088, "d2": 0.825946101389746, "d3": -2.4010514581624633, "d4": 0.4807383584391438, "p1": 1.791049967353875, "p2": 11.013835623512863, "p3": 36.137210147157965, "p4": 24.140171940793493, "pol1": -0.9026450793347356, "pol2": -0.7818679818699492, "pol3": 0.06418585963704837, "pol4": 0.025285458459491483, "v0s": 3.9433197475672497}, "datetime": {"datetime": "2022-06-24 07:33:35", "elapsed": 11934.262026, "delta": 11.171813}}
{"target": 2.6985288147725397, "params": {"Bgrad": 0.8242785916219475, "d1": -0.15588755621186312, "d2": -0.627557798565824, "d3": -0.9758508762086038, "d4": -1.4856092310822797, "p1": 7.255388194816864, "p2": 37.438354947993204, "p3": 34.017979249441375, "p4": 36.90790410556197, "pol1": 0.1833619193961542, "pol2": 0.8441897500535331, "pol3": 0.012311375174730355, "pol4": 0.5782855816968784, "v0s": 2.6985288147725397}, "datetime": {"datetime": "2022-06-24 07:33:41", "elapsed": 11940.211265, "delta": 5.949239}}
{"target": 3.4448952905021546, "params": {"Bgrad": 1.4931471191624992, "d1": -0.4632467445563284, "d2": -0.056705734006331276, "d3": -1.6994748756582463, "d4": -1.0305647848113848, "p1": 6.705556892671238, "p2": 14.467929091156439, "p3": 32.33033431509794, "p4": 32.373991228612205, "pol1": -0.6920126251341985, "pol2": 0.5121857658435967, "pol3": -0.41147851968140414, "pol4": -0.2395341032405116, "v0s": 3.4448952905021546}, "datetime": {"datetime": "2022-06-24 07:33:48", "elapsed": 11947.808056, "delta": 7.596791}}
{"target": -1.0, "params": {"Bgrad": 1.0947968130293952, "d1": -2.144425729002016, "d2": -0.22105925618611355, "d3": -2.154022806600721, "d4": -1.657313931768598, "p1": 8.740282688511325, "p2": 8.493678989173208, "p3": 38.91757151446032, "p4": 29.46736926195156, "pol1": 0.2452222653650853, "pol2": -0.29107767959475095, "pol3": -0.13288144519278822, "pol4": -0.4402747149329642, "v0s": 5.405885880425792}, "datetime": {"datetime": "2022-06-24 07:34:01", "elapsed": 11960.374165, "delta": 12.566109}}
{"target": 4.498664905202418, "params": {"Bgrad": 0.5, "d1": -3.0, "d2": -3.0, "d3": -3.0, "d4": -0.990520234587155, "p1": 5.63859244164363, "p2": 1.5744037243045705, "p3": 38.016237218358754, "p4": 20.25436858003402, "pol1": 0.7238139842890723, "pol2": -0.20405937208146735, "pol3": 0.33610261592880636, "pol4": 0.17090896934057437, "v0s": 4.498664905202418}, "datetime": {"datetime": "2022-06-24 07:34:07", "elapsed": 11966.326352, "delta": 5.952187}}
{"target": 3.3500598978426592, "params": {"Bgrad": 1.4863151653133144, "d1": -2.279882461262889, "d2": -1.1907725801259346, "d3": -1.8056837363225084, "d4": -0.7565263150786772, "p1": 12.210931784793143, "p2": 4.260011640480954, "p3": 29.104390772684447, "p4": 22.672322413866926, "pol1": -0.06686670540492988, "pol2": -0.3630946591280748, "pol3": 0.06363402845475373, "pol4": -0.7597137653865019, "v0s": 3.3500598978426592}, "datetime": {"datetime": "2022-06-24 07:34:13", "elapsed": 11972.290496, "delta": 5.964144}}
{"target": -1.0, "params": {"Bgrad": 0.5918000755400037, "d1": -0.7595060550716486, "d2": 0.17312420520022398, "d3": -1.1185465118317102, "d4": -0.5550878776739587, "p1": 7.02277711588467, "p2": 7.371340444224011, "p3": 33.3838186107277, "p4": 31.522602936764148, "pol1": -0.08849626625889351, "pol2": -0.8422475688527369, "pol3": 0.5202893716215573, "pol4": 0.5013174529717825, "v0s": 4.8392381081932765}, "datetime": {"datetime": "2022-06-24 07:34:21", "elapsed": 11980.683707, "delta": 8.393211}}
{"target": -1.0, "params": {"Bgrad": 0.5715439915026661, "d1": -2.7484738319053146, "d2": -2.575389357648967, "d3": -1.233743268287761, "d4": -0.14875129031916767, "p1": 2.8421555974265935, "p2": 11.7753638745909, "p3": 35.48137401348752, "p4": 33.13765129419934, "pol1": 0.23197303401393943, "pol2": 0.3192803403460449, "pol3": 0.4909878594528969, "pol4": 0.7072740889469704, "v0s": 4.070605391120276}, "datetime": {"datetime": "2022-06-24 07:34:34", "elapsed": 11993.723608, "delta": 13.039901}}
{"target": 4.355681427305942, "params": {"Bgrad": 0.9644458083901073, "d1": -2.3248188164520114, "d2": 0.12793214949405876, "d3": -1.3160801863159042, "d4": -1.9828228879299739, "p1": 4.6620936999548706, "p2": 13.702488276802638, "p3": 34.807916899671454, "p4": 30.198955704782858, "pol1": -0.18368098929236104, "pol2": 0.511623497819763, "pol3": -0.10281983150858874, "pol4": 0.141405553001487, "v0s": 4.355681427305942}, "datetime": {"datetime": "2022-06-24 07:34:42", "elapsed": 12001.50641, "delta": 7.782802}}
{"target": 3.213949531823547, "params": {"Bgrad": 0.954638948899689, "d1": -1.9037820615099932, "d2": -2.7256668992114874, "d3": -2.9686919390379516, "d4": -1.6128790042008934, "p1": 9.942817380008373, "p2": 0.627545485840536, "p3": 32.570785319059844, "p4": 20.703486788583646, "pol1": -0.44221082477611007, "pol2": 0.8409624622030356, "pol3": -0.21320773883140087, "pol4": -0.4537704599633683, "v0s": 3.213949531823547}, "datetime": {"datetime": "2022-06-24 07:34:52", "elapsed": 12011.798117, "delta": 10.291707}}
{"target": 2.9263158110106806, "params": {"Bgrad": 1.6222742545636248, "d1": -0.4583865155839968, "d2": -2.4375043889286117, "d3": -1.8434800065453603, "d4": -0.7131625239944874, "p1": 6.960758028059372, "p2": 15.030571528322756, "p3": 35.82896870666122, "p4": 30.278772919008752, "pol1": 0.6370369146804733, "pol2": 0.9689678965465935, "pol3": 0.8371853304322889, "pol4": -0.18221994725818158, "v0s": 2.9263158110106806}, "datetime": {"datetime": "2022-06-24 07:34:58", "elapsed": 12017.648578, "delta": 5.850461}}
