{"target": 2.5177453197473714, "params": {"Bgrad": 1.0763041529797652, "d1": -2.940855935521074, "d2": 0.6053734870826868, "d3": -0.49452657726000027, "d4": -0.7381893926409009, "p1": 3.361577539113858, "p2": 32.04348884378116, "p3": 29.654897667833414, "p4": 44.287343681386254, "pol1": 0.08135800559838358, "pol2": 0.8727142704955446, "pol3": 0.3261030153692057, "pol4": 0.5878252970219726, "v0s": 2.5177453197473714}, "datetime": {"datetime": "2022-05-17 18:22:38", "elapsed": 81573.895669, "delta": 38.960795}}
{"target": 4.60235939821353, "params": {"Bgrad": 1.4379109342753251, "d1": -2.2539608676025087, "d2": 1.0, "d3": -1.1204244458351453, "d4": -1.8689998826299374, "p1": 38.104704046500785, "p2": 46.11223773154773, "p3": 16.87359649926355, "p4": 12.009688775038407, "pol1": 0.6608353069366576, "pol2": -0.29138818687964024, "pol3": -0.22016964214743218, "pol4": 0.2798625973585661, "v0s": 4.60235939821353}, "datetime": {"datetime": "2022-05-17 18:23:06", "elapsed": 81601.950632, "delta": 28.054963}}
{"target": 4.599736484784316, "params": {"Bgrad": 1.198566514762228, "d1": -2.9085278510049153, "d2": 0.3469121028384041, "d3": -2.967280695842433, "d4": -0.08282811656992806, "p1": 3.508860633608968, "p2": 33.18735381692577, "p3": 30.35392136568949, "p4": 36.718701857907234, "pol1": -0.8345512500762136, "pol2": 0.32384945313971447, "pol3": 0.2709842130096085, "pol4": 0.44080884598009007, "v0s": 4.599736484784316}, "datetime": {"datetime": "2022-05-17 18:23:35", "elapsed": 81630.538171, "delta": 28.587539}}
{"target": 4.654050058835288, "params": {"Bgrad": 0.5, "d1": -2.163830371126812, "d2": 1.0, "d3": -1.7456715117366501, "d4": -1.4052760840376826, "p1": 4.704131286051488, "p2": 33.5419794069611, "p3": 30.52017281544468, "p4": 37.16049703065948, "pol1": 0.05361116363601752, "pol2": 0.5224898748833865, "pol3": -1.0, "pol4": 0.1296241880385168, "v0s": 4.654050058835288}, "datetime": {"datetime": "2022-05-17 18:24:05", "elapsed": 81660.727426, "delta": 30.189255}}
{"target": 2.0015318660878383, "params": {"Bgrad": 1.5455715817453661, "d1": -1.9907413596670573, "d2": -0.12110442737964089, "d3": -0.29344703508224734, "d4": -1.5166977795681662, "p1": 8.602035644451938, "p2": 27.74318542273651, "p3": 40.64447272825629, "p4": 20.27008918440476, "pol1": 0.5850177035650661, "pol2": -0.0010258424693725399, "pol3": 0.4088885450068631, "pol4": 0.12894381814598366, "v0s": 2.0015318660878383}, "datetime": {"datetime": "2022-05-17 18:24:32", "elapsed": 81687.803009, "delta": 27.075583}}
{"target": 4.509255741878881, "params": {"Bgrad": 2.0, "d1": -1.847496040105106, "d2": 1.0, "d3": -1.4419120283721472, "d4": 0.6149771480212695, "p1": 30.808765550058435, "p2": 13.368787926004446, "p3": 31.364338103967345, "p4": 26.292433376824693, "pol1": 0.6471600991730005, "pol2": -0.1367809790230885, "pol3": -0.9773512196080549, "pol4": 0.11670747528924076, "v0s": 4.509255741878881}, "datetime": {"datetime": "2022-05-17 18:25:32", "elapsed": 81747.567163, "delta": 59.764154}}
{"target": 3.872782867375554, "params": {"Bgrad": 0.8792106012918511, "d1": -2.9312777979892153, "d2": -0.3845972843892727, "d3": 0.2557973904864979, "d4": -0.38505296218209234, "p1": 34.76820882168339, "p2": 9.020388298121619, "p3": 35.44351115484789, "p4": 3.9146624584944294, "pol1": 0.7990124776879788, "pol2": -1.0, "pol3": 0.5528026157734072, "pol4": 0.016527736797204495, "v0s": 3.872782867375554}, "datetime": {"datetime": "2022-05-17 18:26:02", "elapsed": 81778.183277, "delta": 30.616114}}
{"target": 4.491626943768448, "params": {"Bgrad": 1.9734442462300839, "d1": -2.383698550027797, "d2": -0.4314918955401056, "d3": -1.8079182116178474, "d4": -2.7626550353804635, "p1": 7.601142650929512, "p2": 24.794592174302974, "p3": 44.16625158761118, "p4": 22.063061208761702, "pol1": 0.9930605288999745, "pol2": -0.5524037092660381, "pol3": -0.8848034785646065, "pol4": 0.5561547588918583, "v0s": 4.491626943768448}, "datetime": {"datetime": "2022-05-17 18:26:39", "elapsed": 81814.330595, "delta": 36.147318}}
{"target": 3.6269886811569885, "params": {"Bgrad": 1.2871911099444573, "d1": -1.4469253362715757, "d2": 0.8659764881881431, "d3": -2.190854687498229, "d4": -2.0944840939918685, "p1": 28.843303030402467, "p2": 10.619582401191563, "p3": 41.313150396135185, "p4": 35.14296369337337, "pol1": -0.36254584355834796, "pol2": -0.8048975371789342, "pol3": 0.1967500613726414, "pol4": 0.43768899785468873, "v0s": 3.6269886811569885}, "datetime": {"datetime": "2022-05-17 18:27:25", "elapsed": 81860.789336, "delta": 46.458741}}
{"target": -1.0, "params": {"Bgrad": 0.7489478111660811, "d1": -1.5414482927273405, "d2": 0.6702262336308791, "d3": -1.9969766964453215, "d4": -2.3510551355953972, "p1": 5.661208284978142, "p2": 36.94236148439033, "p3": 40.98246131372642, "p4": 28.564217093559137, "pol1": -0.12495861871425795, "pol2": 0.9002435652246352, "pol3": -0.11360022062766495, "pol4": 0.31040045490477963, "v0s": 3.4430131335508154}, "datetime": {"datetime": "2022-05-17 18:27:52", "elapsed": 81888.119238, "delta": 27.329902}}
{"target": 3.5882372787723744, "params": {"Bgrad": 1.9059664418579123, "d1": -2.136542776756047, "d2": 0.5706347448597802, "d3": -1.7374029052149775, "d4": -2.5663393706376514, "p1": 5.628404691000505, "p2": 35.893982473990896, "p3": 42.96373205447724, "p4": 30.885737844162588, "pol1": -0.7266288147392288, "pol2": 0.6818793538573742, "pol3": 0.04751335513462607, "pol4": -0.19530527338992454, "v0s": 3.5882372787723744}, "datetime": {"datetime": "2022-05-17 18:28:26", "elapsed": 81921.475024, "delta": 33.355786}}
{"target": 3.393576616432163, "params": {"Bgrad": 1.6019196740620965, "d1": 0.9882219749771264, "d2": -0.31352613650263983, "d3": -2.4868557355260936, "d4": -1.3498719435882767, "p1": 21.989225409215805, "p2": 15.422656171347542, "p3": 33.47073017240754, "p4": 24.26167866439245, "pol1": 0.48763549985861965, "pol2": -0.2574236243615877, "pol3": -0.2696498967334464, "pol4": 0.39796874816287797, "v0s": 3.393576616432163}, "datetime": {"datetime": "2022-05-17 18:28:52", "elapsed": 81948.19057, "delta": 26.715546}}
{"target": 3.450221495175204, "params": {"Bgrad": 0.63489358012185, "d1": -1.900231436418839, "d2": -0.20413312876860745, "d3": -2.803408841985011, "d4": -0.4021209656882938, "p1": 5.101365335690172, "p2": 13.055090052622631, "p3": 37.90427605173548, "p4": 47.57443366868996, "pol1": -0.5540237702430246, "pol2": -0.8100659157095209, "pol3": 0.5674769757577007, "pol4": 0.6326170139483376, "v0s": 3.450221495175204}, "datetime": {"datetime": "2022-05-17 18:29:20", "elapsed": 81975.43171, "delta": 27.24114}}
{"target": 4.541925526120293, "params": {"Bgrad": 2.0, "d1": -2.4505001043102363, "d2": 0.7963611262546293, "d3": -2.0859477889684324, "d4": -1.3680540926424871, "p1": 5.070548456685143, "p2": 36.14106551074023, "p3": 40.75814675962984, "p4": 30.964581818988243, "pol1": 0.6557506700166156, "pol2": 0.04385701563041582, "pol3": 0.21262867602719684, "pol4": 0.29068016270228697, "v0s": 4.541925526120293}, "datetime": {"datetime": "2022-05-17 18:29:50", "elapsed": 82005.430475, "delta": 29.998765}}
{"target": -1.0, "params": {"Bgrad": 0.7520375242798725, "d1": 0.03828882254332022, "d2": -0.5356317418779053, "d3": -1.8966229982222815, "d4": -1.3092703408513082, "p1": 30.49395445384096, "p2": 9.546313821608388, "p3": 41.0719638845679, "p4": 35.87653184098154, "pol1": 0.4065846404625124, "pol2": 0.618602311513694, "pol3": -0.4177168522567294, "pol4": 0.4686818220023057, "v0s": 4.141734622662681}, "datetime": {"datetime": "2022-05-17 18:30:19", "elapsed": 82034.857768, "delta": 29.427293}}
{"target": -1.0, "params": {"Bgrad": 0.7642037687295703, "d1": -2.137739291404864, "d2": -0.10288950904048066, "d3": -0.7622530195852453, "d4": -2.7480702855427013, "p1": 3.3675273170306665, "p2": 33.34043350725426, "p3": 40.53410296708663, "p4": 27.508920628792094, "pol1": 0.3775527231204323, "pol2": 0.6777417618862125, "pol3": 0.45427601922298155, "pol4": -0.5347401069929896, "v0s": 2.8457847334046322}, "datetime": {"datetime": "2022-05-17 18:31:55", "elapsed": 82130.626622, "delta": 95.768854}}
{"target": -1.0, "params": {"Bgrad": 0.6205115670351768, "d1": -1.4214856626697245, "d2": -0.4592889477613351, "d3": 0.5708285252711089, "d4": -2.9683555466924436, "p1": 0.4540763388045488, "p2": 13.877830241395566, "p3": 40.60673295270338, "p4": 45.80724453476582, "pol1": -0.21306282505005947, "pol2": -0.4729570010270576, "pol3": 0.4157348212158749, "pol4": 0.9672906324095776, "v0s": 6.922311316470188}, "datetime": {"datetime": "2022-05-17 18:32:39", "elapsed": 82174.573082, "delta": 43.94646}}
{"target": 4.4686080736639955, "params": {"Bgrad": 2.0, "d1": -2.5720444896518146, "d2": -0.3407680193206735, "d3": -1.5546738723710571, "d4": -2.3419095069426508, "p1": 29.4261047757012, "p2": 9.986862729650886, "p3": 12.620920245367385, "p4": 27.181082187209462, "pol1": 0.6972251404063318, "pol2": -0.07862805989768618, "pol3": 0.4805063875443712, "pol4": -0.721052302949879, "v0s": 4.4686080736639955}, "datetime": {"datetime": "2022-05-17 18:33:07", "elapsed": 82203.032962, "delta": 28.45988}}
{"target": 4.119155426406993, "params": {"Bgrad": 0.5144770220281176, "d1": -2.9008233691587346, "d2": 0.6087865202823797, "d3": -0.8586176126315741, "d4": -2.094624497524839, "p1": 31.715663097346464, "p2": 8.676731513881675, "p3": 37.542082103870804, "p4": 32.655692931642356, "pol1": -0.8293439978408015, "pol2": 0.9248819278820777, "pol3": -0.6598666170074818, "pol4": -0.9528724519529763, "v0s": 4.119155426406993}, "datetime": {"datetime": "2022-05-17 18:33:45", "elapsed": 82240.663315, "delta": 37.630353}}
{"target": -1.0, "params": {"Bgrad": 0.9288451536418125, "d1": -1.2904991167837006, "d2": -0.5107999283560525, "d3": -0.7461629889738055, "d4": 0.09025329339859933, "p1": 2.919394870727232, "p2": 38.77258613421109, "p3": 41.42876127433554, "p4": 27.398048042606504, "pol1": -0.7965981368831396, "pol2": -0.003361361957167741, "pol3": -0.3717997725376616, "pol4": 0.9563703336216371, "v0s": 5.379292163006578}, "datetime": {"datetime": "2022-05-17 18:34:37", "elapsed": 82292.337107, "delta": 51.673792}}
{"target": -1.0, "params": {"Bgrad": 0.7889985786050644, "d1": -0.7443249527484679, "d2": 0.7788564425340394, "d3": -1.8501592761791499, "d4": -2.5472017833553657, "p1": 7.735948761935241, "p2": 40.64124088531854, "p3": 33.51151177586843, "p4": 44.379280944295715, "pol1": 0.4947329747518696, "pol2": -0.01872012510732235, "pol3": -0.2947397055606342, "pol4": 0.3888876722791983, "v0s": 5.341246579948416}, "datetime": {"datetime": "2022-05-17 18:35:09", "elapsed": 82324.646691, "delta": 32.309584}}
{"target": 4.963868443526252, "params": {"Bgrad": 2.0, "d1": -1.8977597440594363, "d2": 1.0, "d3": -1.148333767922496, "d4": -1.8854870831948678, "p1": 44.33204973839986, "p2": 21.94371874662736, "p3": 24.531397454539515, "p4": 11.817118086987968, "pol1": -1.0, "pol2": 0.5753775661288267, "pol3": 1.0, "pol4": -0.5083669713243011, "v0s": 4.963868443526252}, "datetime": {"datetime": "2022-05-17 18:35:50", "elapsed": 82366.016044, "delta": 41.369353}}
{"target": -1.0, "params": {"Bgrad": 1.2177038945754364, "d1": -1.6533804590457821, "d2": -1.0117162800151713, "d3": -1.7119982783547907, "d4": 0.308751446392312, "p1": 1.152637164738085, "p2": 38.631139322830506, "p3": 37.33297271386139, "p4": 29.290602777906926, "pol1": -0.9875910754452535, "pol2": -0.22888656366881888, "pol3": 0.2633699148005235, "pol4": -0.7100816841359325, "v0s": 4.769809251692942}, "datetime": {"datetime": "2022-05-17 18:36:56", "elapsed": 82432.033472, "delta": 66.017428}}
{"target": -1.0, "params": {"Bgrad": 2.0, "d1": -3.0, "d2": -2.397129864353545, "d3": -2.8878601134195976, "d4": 0.6157082199547286, "p1": 7.646339133937116, "p2": 6.280303332919861, "p3": 46.236680445581584, "p4": 17.026776654664573, "pol1": -1.0, "pol2": -0.16572344831664707, "pol3": -0.9687966771142804, "pol4": -0.03498831310707257, "v0s": 5.057157549882516}, "datetime": {"datetime": "2022-05-17 18:37:41", "elapsed": 82476.530459, "delta": 44.496987}}
{"target": 4.225897259102409, "params": {"Bgrad": 1.886932492221739, "d1": -1.3407211246684834, "d2": 0.5681857028540547, "d3": -2.2221552458198954, "d4": -0.42176368398477626, "p1": 26.18978035235352, "p2": 41.837310380954065, "p3": 30.347821424173755, "p4": 20.897030425275144, "pol1": 0.7567319762633762, "pol2": 0.3320529466461184, "pol3": -0.8109104720614437, "pol4": -0.6429399184541718, "v0s": 4.225897259102409}, "datetime": {"datetime": "2022-05-17 18:38:23", "elapsed": 82518.811373, "delta": 42.280914}}
{"target": 4.512786460120842, "params": {"Bgrad": 1.7412281239434133, "d1": -1.336404256339923, "d2": 0.40452823084329514, "d3": -0.7613653137603578, "d4": 0.011862103831055126, "p1": 24.806761974746177, "p2": 40.044521050296595, "p3": 28.213705278784374, "p4": 21.749168455407453, "pol1": 0.4374104781226673, "pol2": -0.8214718223510449, "pol3": -0.3567930162225259, "pol4": -0.9137839087969415, "v0s": 4.512786460120842}, "datetime": {"datetime": "2022-05-17 18:39:19", "elapsed": 82574.530346, "delta": 55.718973}}
{"target": 4.2782676301827784, "params": {"Bgrad": 1.5000672274665061, "d1": -2.959380963266128, "d2": 0.021216447819789153, "d3": -2.2571007451616443, "d4": -2.0623280860426303, "p1": 30.542646205823328, "p2": 14.760417022063837, "p3": 40.54986969326986, "p4": 25.29228612643048, "pol1": -0.8477891932137576, "pol2": 0.9097483213237447, "pol3": 0.43191316995884566, "pol4": 0.9383454021952229, "v0s": 4.2782676301827784}, "datetime": {"datetime": "2022-05-17 18:39:57", "elapsed": 82612.735162, "delta": 38.204816}}
{"target": 4.705388063231349, "params": {"Bgrad": 1.8556146421480655, "d1": -2.8661844924445923, "d2": 0.016407451103067287, "d3": -0.8534369295772936, "d4": -0.08308309949478374, "p1": 44.83890386256953, "p2": 24.896235056970383, "p3": 26.275047512452232, "p4": 12.709717524889776, "pol1": -1.0, "pol2": -0.23983445477266033, "pol3": -0.47164705805733254, "pol4": -0.30814622611410053, "v0s": 4.705388063231349}, "datetime": {"datetime": "2022-05-17 18:40:39", "elapsed": 82654.95125, "delta": 42.216088}}
{"target": 4.855399914997729, "params": {"Bgrad": 1.0071949626202856, "d1": -0.8925427365940735, "d2": 0.13003271250815418, "d3": -1.6124525694908631, "d4": 0.7047821776412206, "p1": 0.48546402405675315, "p2": 33.65091526744143, "p3": 31.278603619636463, "p4": 33.87667351507654, "pol1": -0.21074760606045517, "pol2": 0.9834058009939004, "pol3": -0.8296323443192943, "pol4": 0.15423500274104218, "v0s": 4.855399914997729}, "datetime": {"datetime": "2022-05-17 18:41:08", "elapsed": 82683.728282, "delta": 28.777032}}
{"target": -1.0, "params": {"Bgrad": 1.485860332090513, "d1": -2.333255555098671, "d2": -1.4629627270705745, "d3": 0.2530709986943638, "d4": -2.121483843062127, "p1": 2.662332544799706, "p2": 12.092268889811148, "p3": 39.39767085554149, "p4": 45.84866767414953, "pol1": 0.6350517405429807, "pol2": -0.08451513496209162, "pol3": 0.4047505659922739, "pol4": 0.649135845073253, "v0s": 4.737103593350209}, "datetime": {"datetime": "2022-05-17 18:42:36", "elapsed": 82771.266151, "delta": 87.537869}}
{"target": 3.7255137562688323, "params": {"Bgrad": 1.9113946214133266, "d1": -3.0, "d2": -3.0, "d3": -1.236377576659483, "d4": -3.0, "p1": 4.3959011533630905, "p2": 9.928211980560977, "p3": 38.426779558302904, "p4": 28.529624850834463, "pol1": -0.4297314916022128, "pol2": -1.0, "pol3": -0.8096252446775414, "pol4": 0.22302925792592942, "v0s": 3.7255137562688323}, "datetime": {"datetime": "2022-05-17 18:43:19", "elapsed": 82814.980233, "delta": 43.714082}}
{"target": 4.272444720720414, "params": {"Bgrad": 0.7975085449271392, "d1": -2.698103633946821, "d2": 0.7582976647880535, "d3": -2.2849621681985846, "d4": -1.8253144493163729, "p1": 1.3723840832157095, "p2": 30.164479051683376, "p3": 29.122066577952168, "p4": 42.312730890636814, "pol1": -0.45529367221996137, "pol2": -0.04379186087721348, "pol3": -0.667014298284151, "pol4": 0.7510385376156973, "v0s": 4.272444720720414}, "datetime": {"datetime": "2022-05-17 18:43:56", "elapsed": 82851.373893, "delta": 36.39366}}
{"target": 3.8539578339667773, "params": {"Bgrad": 1.7556473741533993, "d1": -2.8294672318835747, "d2": -1.473958426761477, "d3": -1.865748785353618, "d4": -2.4222614600095143, "p1": 30.209461636018204, "p2": 12.93259349341112, "p3": 13.537074792822285, "p4": 29.23006005974937, "pol1": -0.2124519270760583, "pol2": 0.854817764632154, "pol3": -0.1697843491785156, "pol4": 0.15877904233961515, "v0s": 3.8539578339667773}, "datetime": {"datetime": "2022-05-17 18:44:24", "elapsed": 82879.946473, "delta": 28.57258}}
{"target": 3.8258931971845866, "params": {"Bgrad": 1.8032397321376825, "d1": -1.4106366702873614, "d2": 0.3541738620045285, "d3": -2.171181803558457, "d4": -2.3432595468472335, "p1": 10.334453275204385, "p2": 36.17068084153179, "p3": 35.740027081472284, "p4": 36.07934548352132, "pol1": -0.9893359666131856, "pol2": 0.12159422650488394, "pol3": -0.4875336730263071, "pol4": 0.12323687241408532, "v0s": 3.8258931971845866}, "datetime": {"datetime": "2022-05-17 18:44:51", "elapsed": 82907.003106, "delta": 27.056633}}
{"target": -1.0, "params": {"Bgrad": 1.7663878313213814, "d1": -2.8682600551650452, "d2": 0.760798927711599, "d3": 0.218556610929582, "d4": -0.36157846378509495, "p1": 34.26259996761766, "p2": 5.755461511586396, "p3": 36.41888795883119, "p4": 7.37269000491278, "pol1": 0.4349012838979911, "pol2": -0.4616920946139882, "pol3": -0.1846511636174295, "pol4": -0.7745717767389757, "v0s": 3.1860601598512384}, "datetime": {"datetime": "2022-05-17 18:46:06", "elapsed": 82981.585626, "delta": 74.58252}}
{"target": 2.9768168030270874, "params": {"Bgrad": 0.8631325501737825, "d1": -2.4832466891568328, "d2": -0.12207978148026166, "d3": -1.7829338538027506, "d4": -2.370073211136277, "p1": 6.046054438538395, "p2": 39.353552968269966, "p3": 30.01403133318971, "p4": 38.746013214350214, "pol1": -0.9701104882778209, "pol2": 0.8184779750810927, "pol3": -0.5113160116545594, "pol4": -0.6389338105588691, "v0s": 2.9768168030270874}, "datetime": {"datetime": "2022-05-17 18:46:33", "elapsed": 83008.910542, "delta": 27.324916}}
{"target": 4.529639960488048, "params": {"Bgrad": 1.8803211103206454, "d1": -2.2079650918737554, "d2": 0.6975648108142279, "d3": -2.177067177696879, "d4": -2.1729915650644545, "p1": 9.298826186947835, "p2": 24.451161624767572, "p3": 43.85027817308728, "p4": 22.767185149236266, "pol1": -0.23507945830946364, "pol2": -0.5566059496178466, "pol3": -1.0, "pol4": 0.4776081678602765, "v0s": 4.529639960488048}, "datetime": {"datetime": "2022-05-17 18:47:22", "elapsed": 83058.048118, "delta": 49.137576}}
{"target": 3.621063526428202, "params": {"Bgrad": 1.2459378391270828, "d1": -2.539385426635633, "d2": 0.8682408120595566, "d3": -0.6663420713657398, "d4": -0.8705010664475807, "p1": 45.959226989799, "p2": 26.044976660307935, "p3": 20.34762498523995, "p4": 14.018439242127856, "pol1": 0.6263296861041561, "pol2": 0.9166952542748501, "pol3": -0.6887866127244908, "pol4": 0.28699746103409995, "v0s": 3.621063526428202}, "datetime": {"datetime": "2022-05-17 18:47:53", "elapsed": 83088.746012, "delta": 30.697894}}
{"target": -1.0, "params": {"Bgrad": 1.1747726206683815, "d1": -0.29547012734728106, "d2": -0.9390427974024433, "d3": -1.4221500444053015, "d4": -2.3051936114423626, "p1": 30.161644852199387, "p2": 11.116358056838587, "p3": 12.949171199871506, "p4": 29.936768040855373, "pol1": 0.3208940624099721, "pol2": -0.4478263092723358, "pol3": 0.9684192632539106, "pol4": -0.3341869961702677, "v0s": 6.406713036996456}, "datetime": {"datetime": "2022-05-17 18:48:38", "elapsed": 83133.621985, "delta": 44.875973}}
{"target": 4.9368977057114405, "params": {"Bgrad": 1.8013286465492668, "d1": -2.727937455456533, "d2": 0.058050408044203916, "d3": -1.2691490479185035, "d4": -2.2590401600467813, "p1": 32.09742602485856, "p2": 9.238933554180933, "p3": 39.62046408255728, "p4": 36.12679589267647, "pol1": 0.7059853952072574, "pol2": -0.2761586682253425, "pol3": -0.7654329009039484, "pol4": -0.24272990383123205, "v0s": 4.9368977057114405}, "datetime": {"datetime": "2022-05-17 18:49:20", "elapsed": 83175.550841, "delta": 41.928856}}
{"target": 4.258168417028596, "params": {"Bgrad": 2.0, "d1": -1.4652806159236487, "d2": 0.4889336914425821, "d3": -0.9634678504955164, "d4": -0.4569404648120671, "p1": 26.55956749603703, "p2": 40.68701893440231, "p3": 29.482981030190437, "p4": 21.020961040056154, "pol1": 0.18647830893902775, "pol2": -0.6895353245814837, "pol3": -0.16053706845007956, "pol4": -1.0, "v0s": 4.258168417028596}, "datetime": {"datetime": "2022-05-17 18:49:49", "elapsed": 83204.244098, "delta": 28.693257}}
{"target": 4.617441984173116, "params": {"Bgrad": 1.5012708469793683, "d1": -2.0947167311598593, "d2": 1.0, "d3": -1.6093363456944911, "d4": -2.5274716082718776, "p1": 37.62928324309955, "p2": 45.63763929031451, "p3": 19.30403858400802, "p4": 12.408552909115945, "pol1": 0.991437871444107, "pol2": -0.49580221399000796, "pol3": -0.38580960444546475, "pol4": 0.233679068153742, "v0s": 4.617441984173116}, "datetime": {"datetime": "2022-05-17 18:50:33", "elapsed": 83248.946536, "delta": 44.702438}}
{"target": 5.644809024674146, "params": {"Bgrad": 2.0, "d1": -2.572461773690222, "d2": 1.0, "d3": -0.5468110385394377, "d4": -1.6723356783010368, "p1": 44.4254638457973, "p2": 23.08094508660331, "p3": 25.065036368884435, "p4": 11.428379471509718, "pol1": -1.0, "pol2": -0.006016479240268173, "pol3": 1.0, "pol4": -1.0, "v0s": 5.644809024674146}, "datetime": {"datetime": "2022-05-17 18:51:41", "elapsed": 83317.14912, "delta": 68.202584}}
