{"target": -1.0, "params": {"I": 3.765606392009544, "d1": -2.369079720517867, "d2": -2.249473308390264, "d3": -0.5100163908003155, "d4": 0.6232379840332074, "p1": 49.49775891795368, "p2": 35.5561229382908, "p3": 36.59002045711476, "p4": 45.464660227212725, "pol1": -0.1982525352577582, "pol2": -0.5002986395499265, "pol3": -0.6531396584257543, "pol4": -0.761085899332542, "v0s": 6.875663528196972}, "datetime": {"datetime": "2022-02-04 09:20:35", "elapsed": 51834.143479, "delta": 255.183218}}
{"target": -1.0, "params": {"I": 3.78905509492762, "d1": -1.9428100690923973, "d2": 0.27635671453412325, "d3": -1.75765099282316, "d4": 0.9296697971717713, "p1": 13.33193510758176, "p2": 26.68266724856057, "p3": 15.72335055929248, "p4": 45.53864155869187, "pol1": -0.26688671229753114, "pol2": -0.1328153454536709, "pol3": 0.024585384556722767, "pol4": 0.8777729547394266, "v0s": 2.185694037626904}, "datetime": {"datetime": "2022-02-04 09:24:29", "elapsed": 52067.614112, "delta": 233.470633}}
{"target": -1.0, "params": {"I": 14.620694609002094, "d1": 0.5640758171693556, "d2": -2.8908511059301247, "d3": -0.9117950109899571, "d4": -1.6960407529198989, "p1": 42.97446604327929, "p2": 27.92582754612589, "p3": 34.511393408137394, "p4": 22.642674997576872, "pol1": 0.2566180750427143, "pol2": -0.41980629662514835, "pol3": -0.9813028440669684, "pol4": 0.15351186997418154, "v0s": 3.868665284794777}, "datetime": {"datetime": "2022-02-04 09:29:52", "elapsed": 52391.361968, "delta": 323.747856}}
{"target": 3.0485952581378695, "params": {"I": 10.828084371521467, "d1": 0.6656234122155911, "d2": -1.294100845994416, "d3": -2.0104158535904584, "d4": -1.5148249548837822, "p1": 46.59305583182703, "p2": 46.84341906545468, "p3": 42.21649742828566, "p4": 46.010325715283024, "pol1": -0.5441994200973661, "pol2": -0.8250355808928183, "pol3": -0.5453805274306225, "pol4": -0.37124676777189913, "v0s": 3.0485952581378695}, "datetime": {"datetime": "2022-02-04 09:36:52", "elapsed": 52810.48213, "delta": 419.120162}}
{"target": -1.0, "params": {"I": 12.534789077476749, "d1": -1.3456543399953547, "d2": 0.2654060473088564, "d3": -2.2594784069238774, "d4": -0.19249388097475828, "p1": 12.017781242456943, "p2": 28.710954442042986, "p3": 17.449379861039443, "p4": 2.848219974141636, "pol1": -0.5423726580792483, "pol2": 0.3282051107095869, "pol3": -0.005499813278937449, "pol4": 0.03803196814735754, "v0s": 3.0483209006535352}, "datetime": {"datetime": "2022-02-04 09:43:20", "elapsed": 53198.765403, "delta": 388.283273}}
{"target": -1.0, "params": {"I": 11.84360117937887, "d1": 0.9870137008328399, "d2": 0.26734043516648764, "d3": -0.6225095046760889, "d4": 0.9039562733236197, "p1": 45.078129233466065, "p2": 29.780396680132277, "p3": 1.6213162657228553, "p4": 4.678854790874038, "pol1": -0.8692565699155472, "pol2": -0.09653370261704941, "pol3": -0.2491303336642845, "pol4": 0.9507000685405731, "v0s": 3.0078997591976897}, "datetime": {"datetime": "2022-02-04 09:47:55", "elapsed": 53473.604684, "delta": 274.839281}}
{"target": -1.0, "params": {"I": 19.48296424672045, "d1": 0.06989947545205233, "d2": 0.29695135849799126, "d3": -0.4695367328880109, "d4": -0.3250689191730718, "p1": 23.844116676059667, "p2": 0.6568178461536123, "p3": 17.650304277091237, "p4": 24.60359007467792, "pol1": 0.46018242218020866, "pol2": -0.06274331450778159, "pol3": -0.08519016782113664, "pol4": -0.7246745181087937, "v0s": 2.065332402820874}, "datetime": {"datetime": "2022-02-04 09:53:30", "elapsed": 53808.85369, "delta": 335.249006}}
{"target": -1.0, "params": {"I": 15.407286949062929, "d1": -1.7201886476892865, "d2": 0.9375338007740428, "d3": -2.119063095363376, "d4": -1.6451678980732813, "p1": 26.194806783306586, "p2": 37.74457285302664, "p3": 23.192889195014782, "p4": 6.241127155583815, "pol1": -0.374997243015901, "pol2": 0.009038339401989282, "pol3": 0.3476980160337353, "pol4": 0.5402999126241843, "v0s": 2.782014685726126}, "datetime": {"datetime": "2022-02-04 10:10:56", "elapsed": 54854.84744, "delta": 1045.99375}}
{"target": -1.0, "params": {"I": 1.4353874951252537, "d1": -0.9236707111520421, "d2": 0.23995484264966516, "d3": -2.9495849318804948, "d4": -0.31012062138506424, "p1": 34.34041133284959, "p2": 22.462337679331878, "p3": 45.73943433709671, "p4": 32.21805423784965, "pol1": -0.9895203246970683, "pol2": -0.031143108971248834, "pol3": 0.7186356121952, "pol4": 0.6607991400746789, "v0s": 5.894925182674868}, "datetime": {"datetime": "2022-02-04 10:13:55", "elapsed": 55033.954997, "delta": 179.107557}}
{"target": -1.0, "params": {"I": 13.800270054074002, "d1": -0.6860016808431979, "d2": -1.9035208993325914, "d3": -0.7578800378557649, "d4": -0.3130808607303188, "p1": 17.62148151082044, "p2": 42.79141836269639, "p3": 9.751874300435365, "p4": 37.36604051659616, "pol1": -0.42079450762624515, "pol2": 0.547598574488364, "pol3": -0.14452534132784756, "pol4": 0.6153968182244189, "v0s": 4.121209176007943}, "datetime": {"datetime": "2022-02-04 10:26:06", "elapsed": 55765.394964, "delta": 731.439967}}
{"target": -1.0, "params": {"I": 5.060171514962041, "d1": 0.06913803368706617, "d2": -1.7654322094773955, "d3": -0.06701972909428999, "d4": -0.02210738768907161, "p1": 11.069835045410054, "p2": 10.705606841032422, "p3": 9.947396171353335, "p4": 7.125916888292233, "pol1": -0.24583480158533177, "pol2": -0.946744230616757, "pol3": -0.7781592619315187, "pol4": 0.34912804752682103, "v0s": 6.798659221384318}, "datetime": {"datetime": "2022-02-04 10:31:03", "elapsed": 56062.240273, "delta": 296.845309}}
{"target": -1.0, "params": {"I": 2.5300610154393324, "d1": -2.073190758056832, "d2": -2.1694973527847425, "d3": 0.6693342523265224, "d4": -0.15474192745405313, "p1": 27.694230552570716, "p2": 15.225899396031013, "p3": 41.74270238158992, "p4": 21.765297881476, "pol1": 0.8469124302375504, "pol2": 0.41210360867186635, "pol3": -0.04393738406943326, "pol4": -0.7475797925012826, "v0s": 7.856261302806486}, "datetime": {"datetime": "2022-02-04 10:34:07", "elapsed": 56246.391871, "delta": 184.151598}}
{"target": -1.0, "params": {"I": 4.036839356537774, "d1": -2.1895914991213496, "d2": -1.2752729793585162, "d3": -1.383192376899411, "d4": -2.4129940769428235, "p1": 36.46594596805617, "p2": 9.437253343859297, "p3": 32.19478221558314, "p4": 37.715297528814936, "pol1": -0.5785352158333585, "pol2": 0.20190849621527995, "pol3": 0.4978567504916729, "pol4": 0.27643742124066684, "v0s": 5.582763817679894}, "datetime": {"datetime": "2022-02-04 10:38:04", "elapsed": 56483.009876, "delta": 236.618005}}
{"target": -1.0, "params": {"I": 6.614163427454444, "d1": -0.07357411503396483, "d2": 0.7812337599997989, "d3": -1.2977544389538123, "d4": 0.12872726732562123, "p1": 2.807051983095765, "p2": 41.7635801244983, "p3": 9.612500841107385, "p4": 19.75484344449866, "pol1": -0.3998379081492871, "pol2": -0.8397927123879014, "pol3": 0.8092620058724858, "pol4": -0.2596916448925235, "v0s": 5.184184630856837}, "datetime": {"datetime": "2022-02-04 10:43:26", "elapsed": 56804.97565, "delta": 321.965774}}
{"target": 2.269072007534529, "params": {"I": 10.388209052030176, "d1": -2.4713554322282474, "d2": -2.174183764442268, "d3": -2.6952447638707153, "d4": -0.9683132002188501, "p1": 13.077477591649355, "p2": 17.853080444139596, "p3": 5.403266434861842, "p4": 39.37759198262536, "pol1": -0.7868322464223978, "pol2": 0.9714176474263756, "pol3": -0.6456776711231653, "pol4": 0.14481022486929862, "v0s": 2.269072007534529}, "datetime": {"datetime": "2022-02-04 10:47:38", "elapsed": 57056.760273, "delta": 251.784623}}
{"target": 5.35342286696563, "params": {"I": 15.955209503460848, "d1": -2.241576208726814, "d2": -0.8883840863674934, "d3": -0.039689827363713626, "d4": -2.4002740603309762, "p1": 27.554358709348588, "p2": 10.83086041643897, "p3": 37.95980246585724, "p4": 36.14575967781069, "pol1": -0.646901931445834, "pol2": 0.7239331153341468, "pol3": -0.9604498009673115, "pol4": 0.7204739948462304, "v0s": 5.35342286696563}, "datetime": {"datetime": "2022-02-04 13:12:05", "elapsed": 65723.591757, "delta": 8666.831484}}
{"target": -1.0, "params": {"I": 8.661188970011136, "d1": 0.03498772408934636, "d2": -0.13228399323012052, "d3": 0.9493046992337062, "d4": -1.887659805548069, "p1": 0.18968362046712928, "p2": 46.69513041574439, "p3": 42.89485522689469, "p4": 36.4425438759628, "pol1": 0.03337756584307683, "pol2": 0.413912490497522, "pol3": 0.5610591137534855, "pol4": -0.25024811292628124, "v0s": 6.621935151979746}, "datetime": {"datetime": "2022-02-04 13:17:16", "elapsed": 66035.172705, "delta": 311.580948}}
{"target": -1.0, "params": {"I": 15.261862064328332, "d1": -0.5471551538229611, "d2": -1.3925363041286505, "d3": -0.21076792294263624, "d4": -2.9875485686992316, "p1": 38.74483233622989, "p2": 44.820830122842345, "p3": 11.965785371875231, "p4": 6.038359215461487, "pol1": -0.5594320244125448, "pol2": -0.39580653741980343, "pol3": 0.7660570171276684, "pol4": 0.08633286047618904, "v0s": 3.7202698976385835}, "datetime": {"datetime": "2022-02-04 13:23:32", "elapsed": 66410.717285, "delta": 375.54458}}
{"target": -1.0, "params": {"I": 3.628739106065984, "d1": -1.8394221475818333, "d2": -0.5445156410349896, "d3": -1.7034458804102135, "d4": -1.1705592732360062, "p1": 22.20585535083072, "p2": 41.406768036575606, "p3": 21.31740771181153, "p4": 17.284941058775118, "pol1": 0.34994320961821046, "pol2": -0.5570358885329425, "pol3": -0.06550835214689243, "pol4": -0.3704686253519671, "v0s": 5.761133612977008}, "datetime": {"datetime": "2022-02-04 13:30:02", "elapsed": 66801.075107, "delta": 390.357822}}
{"target": 2.4068416060457225, "params": {"I": 17.66984901920144, "d1": -1.209243999417486, "d2": 0.1378296751676924, "d3": -1.1721371977537984, "d4": -0.3750826731314745, "p1": 6.592048751375107, "p2": 21.649075348382407, "p3": 45.465599432746835, "p4": 30.273950051546734, "pol1": 0.5335491744742042, "pol2": 0.009401216191788686, "pol3": -0.003888750343985059, "pol4": 0.6857996803856998, "v0s": 2.4068416060457225}, "datetime": {"datetime": "2022-02-04 13:33:25", "elapsed": 67003.633859, "delta": 202.558752}}
{"target": -1.0, "params": {"I": 11.892173159444008, "d1": 0.7710503017317971, "d2": -0.9285598073107124, "d3": -2.222136761888462, "d4": 0.39175756977390463, "p1": 12.58195711779264, "p2": 35.036301824126895, "p3": 27.013047019844993, "p4": 47.44181441401098, "pol1": 0.24867340480535183, "pol2": 0.6759559240954587, "pol3": -0.9841342476109538, "pol4": 0.978680112333276, "v0s": 2.466287421994319}, "datetime": {"datetime": "2022-02-04 13:38:58", "elapsed": 67337.273676, "delta": 333.639817}}
{"target": -1.0, "params": {"I": 7.120460758680623, "d1": 0.7846095818270613, "d2": -2.9642435905150197, "d3": 0.2909200216877421, "d4": 0.4448465534671775, "p1": 21.991540710428627, "p2": 12.78725969029656, "p3": 40.13447598166493, "p4": 23.893100221611057, "pol1": -0.7313227826886077, "pol2": 0.8556979856500215, "pol3": 0.7919399340132969, "pol4": -0.016909699966129343, "v0s": 7.140214979106753}, "datetime": {"datetime": "2022-02-04 13:42:39", "elapsed": 67557.709542, "delta": 220.435866}}
{"target": -1.0, "params": {"I": 8.952982489517874, "d1": -0.2661403993347955, "d2": -1.4080374423683102, "d3": -0.9770319301967585, "d4": -2.241793188664291, "p1": 48.249446205545695, "p2": 14.710784412212735, "p3": 5.172977805820067, "p4": 7.215770011452404, "pol1": -0.9718154116151141, "pol2": 0.431891398924789, "pol3": 0.1289966404817482, "pol4": 0.5891567023695043, "v0s": 5.042479539704819}, "datetime": {"datetime": "2022-02-04 13:50:22", "elapsed": 68021.175646, "delta": 463.466104}}
{"target": -1.0, "params": {"I": 16.044599750578925, "d1": -0.21694314291264227, "d2": 0.11139390743670141, "d3": -1.3740685240916548, "d4": -0.4089174672500753, "p1": 8.98971488464872, "p2": 16.0909981693952, "p3": 8.630231005989625, "p4": 20.43186125066312, "pol1": -0.5171625040688024, "pol2": -0.18615601174128416, "pol3": 0.9504446848746242, "pol4": -0.35936134835593747, "v0s": 7.894945669849372}, "datetime": {"datetime": "2022-02-04 13:56:02", "elapsed": 68361.226371, "delta": 340.050725}}
{"target": -1.0, "params": {"I": 13.089816391263687, "d1": -1.499635926424356, "d2": 0.42993799633438634, "d3": -0.5216530425257049, "d4": -1.9918676794766426, "p1": 39.64278389884438, "p2": 21.646925436708152, "p3": 17.87555836652207, "p4": 16.513846826254046, "pol1": 0.39473775122627885, "pol2": -0.4626997521875469, "pol3": 0.6165560274107602, "pol4": -0.4094224112003044, "v0s": 5.264728301512143}, "datetime": {"datetime": "2022-02-04 14:01:30", "elapsed": 68688.489763, "delta": 327.263392}}
{"target": -1.0, "params": {"I": 10.270508344298845, "d1": 0.42142565038147906, "d2": 0.5535457375815436, "d3": -2.262462230528933, "d4": -0.6586061642469958, "p1": 44.910252300856854, "p2": 22.305860951721485, "p3": 46.09341527419077, "p4": 13.949544522848544, "pol1": 0.21766234838759146, "pol2": 0.3649074195336308, "pol3": -0.5435885332990318, "pol4": -0.9724649748845664, "v0s": 4.500343774224176}, "datetime": {"datetime": "2022-02-04 14:06:57", "elapsed": 69016.303231, "delta": 327.813468}}
{"target": -1.0, "params": {"I": 18.831155945277946, "d1": -1.6278875606783738, "d2": 0.11897718193039974, "d3": -2.3010547486903703, "d4": -1.6321886547901903, "p1": 7.229886041904837, "p2": 35.8385407073188, "p3": 34.96538118484071, "p4": 34.42486589744594, "pol1": -0.4932079310274007, "pol2": 0.38472024324681775, "pol3": -0.5454049181681009, "pol4": -0.1507017681373206, "v0s": 4.231532730006124}, "datetime": {"datetime": "2022-02-04 14:20:50", "elapsed": 69849.20875, "delta": 832.905519}}
{"target": -1.0, "params": {"I": 7.750850320782322, "d1": -2.7693807710349745, "d2": -0.47341349253624143, "d3": -0.17073358927320204, "d4": -0.5456452219886576, "p1": 32.41563780815623, "p2": 8.497035710862889, "p3": 7.472339946943124, "p4": 25.70875217629414, "pol1": 0.7506654527090781, "pol2": -0.6320931169055559, "pol3": -0.07432176258348022, "pol4": -0.14213533194019412, "v0s": 4.9837351155170975}, "datetime": {"datetime": "2022-02-04 14:39:09", "elapsed": 70948.144486, "delta": 1098.935736}}
{"target": -1.0, "params": {"I": 4.068704639234227, "d1": -1.6302374354607578, "d2": -1.9524783835859192, "d3": 0.37810777291791586, "d4": 0.20132898310560687, "p1": 21.33195791340718, "p2": 30.350773039451944, "p3": 7.273280513310998, "p4": 25.48066471087793, "pol1": -0.4061058284261909, "pol2": 0.7193019071384021, "pol3": 0.3431967618127798, "pol4": 0.26694802524484196, "v0s": 2.7485078004150756}, "datetime": {"datetime": "2022-02-04 14:43:55", "elapsed": 71234.082137, "delta": 285.937651}}
{"target": -1.0, "params": {"I": 4.4530333350413756, "d1": -2.933027437376627, "d2": -0.8873407666731308, "d3": -1.542530070810722, "d4": -2.2982606684106273, "p1": 31.613272677312604, "p2": 28.045065930837087, "p3": 33.1535922358551, "p4": 5.491812831805648, "pol1": 0.8680287272384795, "pol2": -0.5016050316054255, "pol3": -0.6268068384209122, "pol4": -0.41512729660438796, "v0s": 2.6275130407394465}, "datetime": {"datetime": "2022-02-04 14:51:18", "elapsed": 71676.474186, "delta": 442.392049}}
{"target": -1.0, "params": {"I": 14.892149401453906, "d1": -1.8201850345297315, "d2": -1.09115332103528, "d3": 0.6211657938582973, "d4": -2.654759501056432, "p1": 29.914705391944953, "p2": 1.448819433827525, "p3": 37.34951280729265, "p4": 4.567869185515372, "pol1": -0.6447796971693067, "pol2": 0.6548799519899704, "pol3": 0.34046443186434305, "pol4": -0.7940587975655737, "v0s": 3.3295532530450918}, "datetime": {"datetime": "2022-02-04 14:57:35", "elapsed": 72053.869364, "delta": 377.395178}}
{"target": 2.9337650682681895, "params": {"I": 17.85321308114399, "d1": -0.582651284004962, "d2": -2.479396141800643, "d3": -1.3200176185306627, "d4": -2.3062126861859693, "p1": 13.377930422344587, "p2": 23.746860754047074, "p3": 1.0565031920568735, "p4": 39.919093734772765, "pol1": 0.6478213139544347, "pol2": 0.20431996911799, "pol3": -0.8127253009148252, "pol4": 0.21178826445446908, "v0s": 2.9337650682681895}, "datetime": {"datetime": "2022-02-04 15:00:13", "elapsed": 72211.925453, "delta": 158.056089}}
{"target": -1.0, "params": {"I": 1.874054289028496, "d1": -2.3936044845897824, "d2": -2.728087243975828, "d3": -0.17455241744271932, "d4": 0.3096752541051968, "p1": 10.08385249785248, "p2": 6.378492262787189, "p3": 26.964791173885178, "p4": 24.989312861330948, "pol1": 0.8696662207866923, "pol2": 0.7375574747818108, "pol3": -0.7351569199663799, "pol4": 0.7861939719039546, "v0s": 4.995603699497256}, "datetime": {"datetime": "2022-02-04 15:03:04", "elapsed": 72382.776471, "delta": 170.851018}}
{"target": -1.0, "params": {"I": 17.995402730019794, "d1": 0.8323337614980124, "d2": -1.1731957149506402, "d3": 0.977596842706955, "d4": 0.3523329056617537, "p1": 19.494200779680742, "p2": 10.058416787797892, "p3": 10.145174866617618, "p4": 14.690939178502017, "pol1": 0.6636877968486452, "pol2": 0.38198329294554045, "pol3": -0.8224104029332902, "pol4": -0.6663442072053252, "v0s": 2.6904016232692296}, "datetime": {"datetime": "2022-02-04 15:08:54", "elapsed": 72733.159679, "delta": 350.383208}}
{"target": -1.0, "params": {"I": 16.396355435169085, "d1": 0.6974699246421712, "d2": -1.1285742489496662, "d3": 0.6673704969816305, "d4": 0.07933126621357411, "p1": 21.002390397508442, "p2": 8.771180461227685, "p3": 24.05490798851818, "p4": 21.17618034671182, "pol1": 0.7484909651638703, "pol2": 0.916528125766408, "pol3": -0.08639865303618088, "pol4": -0.42479393378812524, "v0s": 6.940781399586655}, "datetime": {"datetime": "2022-02-04 15:14:01", "elapsed": 73040.050394, "delta": 306.890715}}
{"target": -1.0, "params": {"I": 6.083838112863168, "d1": -0.3123613788510098, "d2": -0.7831223588543548, "d3": -2.1668857092022393, "d4": -1.6211485800658476, "p1": 8.62046927733498, "p2": 32.91576884401615, "p3": 17.465131316039155, "p4": 36.28553134502231, "pol1": -0.046797821862413436, "pol2": 0.22409084400879742, "pol3": -0.7988000580156591, "pol4": 0.32939223538838336, "v0s": 3.951262701371343}, "datetime": {"datetime": "2022-02-04 15:18:59", "elapsed": 73337.688335, "delta": 297.637941}}
{"target": -1.0, "params": {"I": 17.76721022513615, "d1": 0.9470413947287972, "d2": -2.676256395161258, "d3": -2.326993638251142, "d4": -2.9979940113017003, "p1": 22.01694319881544, "p2": 24.594671565776892, "p3": 25.635736006738103, "p4": 30.98921272158818, "pol1": 0.16082764477149958, "pol2": -0.08736987116522199, "pol3": 0.4331965542778664, "pol4": 0.3582102590232037, "v0s": 7.470628014149618}, "datetime": {"datetime": "2022-02-04 15:24:12", "elapsed": 73650.859544, "delta": 313.171209}}
{"target": -1.0, "params": {"I": 17.066639717328353, "d1": -1.3222494620702525, "d2": 0.16571014188195754, "d3": -0.1471972141995077, "d4": -0.2409528814664177, "p1": 15.704019232555888, "p2": 7.971827485820521, "p3": 30.2809091187971, "p4": 20.9872639222299, "pol1": 0.6865793150495896, "pol2": 0.9596516799111876, "pol3": 0.965467775344071, "pol4": -0.5892839951003985, "v0s": 6.370199326022936}, "datetime": {"datetime": "2022-02-04 15:29:29", "elapsed": 73968.219284, "delta": 317.35974}}
{"target": -1.0, "params": {"I": 7.907374822521658, "d1": 0.3064499102624567, "d2": 0.07197359834309935, "d3": -2.2247794849224167, "d4": 0.2136022992646951, "p1": 44.817078139292555, "p2": 29.57663557712418, "p3": 13.148038770829086, "p4": 20.944122018242307, "pol1": 0.7350521812190618, "pol2": -0.7851538951355863, "pol3": 0.004279304052009492, "pol4": -0.38532706573684794, "v0s": 6.736257129566155}, "datetime": {"datetime": "2022-02-04 15:34:39", "elapsed": 74278.228348, "delta": 310.009064}}
{"target": 2.591807851395737, "params": {"I": 11.271766341111814, "d1": -2.1841687894157196, "d2": -1.780509301655862, "d3": -0.4498788606679147, "d4": -0.5813435835880516, "p1": 46.76277203293135, "p2": 29.702419537413792, "p3": 33.345745428208026, "p4": 44.575609248608586, "pol1": -0.11841514198098313, "pol2": -0.7348534902374015, "pol3": 0.2858039986334515, "pol4": 0.48858624331046463, "v0s": 2.591807851395737}, "datetime": {"datetime": "2022-02-04 15:39:17", "elapsed": 74555.647314, "delta": 277.418966}}
{"target": -1.0, "params": {"I": 6.048207676453276, "d1": -0.10966951481086307, "d2": -0.8552329271447858, "d3": -0.31359436260308593, "d4": -2.7961927556889123, "p1": 22.29006939427395, "p2": 13.333061589400952, "p3": 13.112470917668716, "p4": 46.37786176082663, "pol1": -0.6541371020394442, "pol2": 0.7157542449309013, "pol3": 0.06546621504138761, "pol4": -0.09889865353182614, "v0s": 6.602531014312564}, "datetime": {"datetime": "2022-02-04 15:44:11", "elapsed": 74849.824662, "delta": 294.177348}}
{"target": -1.0, "params": {"I": 3.39820097562147, "d1": -0.24067213710020807, "d2": -2.806849290777382, "d3": -2.1991862074010733, "d4": -1.4818147113295161, "p1": 41.21316505619784, "p2": 7.009610268363165, "p3": 49.478095803671565, "p4": 22.914351714710847, "pol1": -0.5816355158189821, "pol2": -0.43860382264549025, "pol3": 0.6128581754977842, "pol4": -0.6330756148594161, "v0s": 4.003495090139257}, "datetime": {"datetime": "2022-02-04 15:47:36", "elapsed": 75055.176045, "delta": 205.351383}}
{"target": -1.0, "params": {"I": 5.157964455250996, "d1": -0.24773954405621845, "d2": -1.3638860145705056, "d3": -2.928462222845613, "d4": -2.863192287919667, "p1": 45.015569380337034, "p2": 27.040697292065786, "p3": 48.64843473726489, "p4": 43.49613048163133, "pol1": -0.48217601094101914, "pol2": 0.8614922579051933, "pol3": -0.42076286192925605, "pol4": -0.020907310664823875, "v0s": 6.735379188755426}, "datetime": {"datetime": "2022-02-04 15:53:58", "elapsed": 75436.629261, "delta": 381.453216}}
