{"target": -1.0, "params": {"Bgrad": 0.9944502731796525, "d1": -2.9810303782545913, "d2": 0.16418934193695955, "d3": -0.5996155311425508, "d4": -2.603428510492366, "p1": 44.04267100839562, "p2": 34.64446992923844, "p3": 17.24617397807634, "p4": 26.498871510229087, "pol1": 0.9630781618679323, "pol2": -0.011940921073412492, "pol3": -0.937193710677517, "pol4": 0.10645889808393338, "v0s": 4.321498362944601}, "datetime": {"datetime": "2022-04-29 19:59:59", "elapsed": 102511.745642, "delta": 23.757477}}
{"target": -1.0, "params": {"Bgrad": 0.5404458586693182, "d1": -0.26012323140924254, "d2": -0.40653545683394876, "d3": -2.8678156101357914, "d4": -0.42878539474810307, "p1": 37.54730890417765, "p2": 27.72960271746298, "p3": 23.387082462701546, "p4": 31.750037543345368, "pol1": -0.6268284232952843, "pol2": 0.5270013855470075, "pol3": 0.4529140042453832, "pol4": -0.62617382576948, "v0s": 4.492625873220779}, "datetime": {"datetime": "2022-04-29 20:00:18", "elapsed": 102530.748831, "delta": 19.003189}}
{"target": -1.0, "params": {"Bgrad": 0.8268341538374269, "d1": -1.6106262494919985, "d2": 0.2916242304065513, "d3": -0.7753688919600501, "d4": -0.4003430102318508, "p1": 29.001559894062336, "p2": 45.147297024817746, "p3": 26.611741504457925, "p4": 28.843171500368413, "pol1": -0.026624480455209598, "pol2": -0.9727178432732169, "pol3": 0.03491442881327167, "pol4": 0.7066900955577671, "v0s": 2.8660238802372455}, "datetime": {"datetime": "2022-04-29 20:00:36", "elapsed": 102548.710804, "delta": 17.961973}}
{"target": 3.9200806887705477, "params": {"Bgrad": 1.286470969868954, "d1": -0.4937014668079662, "d2": -0.10861878689382065, "d3": -0.20460280588460344, "d4": -2.6480182125200074, "p1": 7.362189119833262, "p2": 6.5674468848516465, "p3": 28.468329938626507, "p4": 9.81328882434578, "pol1": 0.5844325910486272, "pol2": 0.9184317982963421, "pol3": 0.5332100989991444, "pol4": 0.1306388165825645, "v0s": 3.9200806887705477}, "datetime": {"datetime": "2022-04-29 20:00:53", "elapsed": 102565.771188, "delta": 17.060384}}
{"target": 3.6294560661387556, "params": {"Bgrad": 1.8225090037901417, "d1": -2.3151956851300852, "d2": -1.8741493124988884, "d3": -2.3775214543803247, "d4": 0.39285136171046847, "p1": 24.299646417961704, "p2": 27.475086442851648, "p3": 23.536505827685286, "p4": 2.423203103309449, "pol1": -0.5765150876819961, "pol2": 0.5413277380755634, "pol3": 0.7799536429851421, "pol4": 0.3461027881920853, "v0s": 3.6294560661387556}, "datetime": {"datetime": "2022-04-29 20:01:35", "elapsed": 102608.217694, "delta": 42.446506}}
{"target": 5.33386105969818, "params": {"Bgrad": 1.477560347357995, "d1": -2.458768559153246, "d2": 0.2846641184649319, "d3": -0.5467140272602453, "d4": -2.2168303098698083, "p1": 22.19648642104209, "p2": 23.61526889790983, "p3": 9.641249469575897, "p4": 34.0530866837549, "pol1": -0.4732998891834943, "pol2": -0.6312551160535649, "pol3": 0.8781270838830924, "pol4": 0.07688056184501191, "v0s": 5.33386105969818}, "datetime": {"datetime": "2022-04-29 20:02:04", "elapsed": 102637.075533, "delta": 28.857839}}
{"target": -1.0, "params": {"Bgrad": 1.38105720637874, "d1": -0.8702652204590766, "d2": 0.7795921060298547, "d3": -1.216708903990233, "d4": -0.8832534192642902, "p1": 40.57421825229365, "p2": 24.14158733609637, "p3": 44.50565005209861, "p4": 48.91537646846166, "pol1": 0.36417185788610684, "pol2": -0.04631885358421606, "pol3": 0.1615488782238912, "pol4": -0.21268902475886597, "v0s": 5.427554957917607}, "datetime": {"datetime": "2022-04-29 20:02:35", "elapsed": 102668.266135, "delta": 31.190602}}
{"target": -1.0, "params": {"Bgrad": 1.7511306689239228, "d1": -0.8316436798328719, "d2": -0.3753382243857253, "d3": -2.64094469835328, "d4": -1.0898172088867928, "p1": 3.765154577498481, "p2": 2.1277570146259417, "p3": 42.58303767747017, "p4": 45.79718324843919, "pol1": 0.6405215729164773, "pol2": 0.9659471707611622, "pol3": 0.39406318303067756, "pol4": -0.8282496181943066, "v0s": 4.037687276848499}, "datetime": {"datetime": "2022-04-29 20:02:54", "elapsed": 102686.608092, "delta": 18.341957}}
{"target": -1.0, "params": {"Bgrad": 1.4772379564207248, "d1": -1.2311676091186587, "d2": 0.7760931700871327, "d3": -2.9918614884275536, "d4": -0.28628677045692097, "p1": 22.86354247802567, "p2": 27.70569495344222, "p3": 12.228934802223169, "p4": 36.411942717991714, "pol1": -0.29042619505932876, "pol2": -0.1470168280948123, "pol3": -0.6828697634262118, "pol4": 0.2947085856322287, "v0s": 3.507186162982775}, "datetime": {"datetime": "2022-04-29 20:03:14", "elapsed": 102707.296774, "delta": 20.688682}}
{"target": -1.0, "params": {"Bgrad": 1.540422220228445, "d1": -2.1855941400023116, "d2": 0.21523332125252148, "d3": -0.7658884137631032, "d4": -0.24006730442792534, "p1": 24.122317313794134, "p2": 22.763907974732707, "p3": 11.106972525832981, "p4": 34.30010562311519, "pol1": 0.7088504986784396, "pol2": 0.849814000044979, "pol3": 0.7345675865862606, "pol4": -0.3310606374425291, "v0s": 3.8363079707471304}, "datetime": {"datetime": "2022-04-29 20:03:52", "elapsed": 102744.879285, "delta": 37.582511}}
{"target": -1.0, "params": {"Bgrad": 1.1058875183266605, "d1": -1.6729412012674758, "d2": -2.061662852761512, "d3": -2.359736754120439, "d4": -2.5453533007614437, "p1": 9.15968282236283, "p2": 6.642163287448044, "p3": 29.24547381468537, "p4": 11.34469480104207, "pol1": 0.6995446061221502, "pol2": 0.21389901973963843, "pol3": 0.610077037037071, "pol4": -0.6951163094543902, "v0s": 5.199849399211073}, "datetime": {"datetime": "2022-04-29 20:04:17", "elapsed": 102769.813615, "delta": 24.93433}}
{"target": -1.0, "params": {"Bgrad": 1.5081005918475494, "d1": -1.4929263244755835, "d2": 0.6148393412354709, "d3": 0.1991115410856561, "d4": -0.8588865688693916, "p1": 2.02219832401781, "p2": 33.058113010425664, "p3": 17.420324220462057, "p4": 13.434470920559288, "pol1": 0.9366011474868858, "pol2": 0.6799730623020515, "pol3": 0.5700301908753234, "pol4": -0.33637793511620506, "v0s": 3.949329447925696}, "datetime": {"datetime": "2022-04-29 20:04:55", "elapsed": 102807.73921, "delta": 37.925595}}
{"target": 4.322444908203853, "params": {"Bgrad": 1.9443724696766262, "d1": -2.774924098412155, "d2": 0.16502377397543233, "d3": -1.9925273658106177, "d4": 0.22802975587709584, "p1": 26.273240830627653, "p2": 26.389113543688662, "p3": 10.59122110953385, "p4": 37.41170145239811, "pol1": 0.25610730264316417, "pol2": -0.4708542243192495, "pol3": 0.282907069499319, "pol4": -0.572800890737146, "v0s": 4.322444908203853}, "datetime": {"datetime": "2022-04-29 20:05:15", "elapsed": 102827.747711, "delta": 20.008501}}
{"target": -1.0, "params": {"Bgrad": 1.2049252947397695, "d1": -1.5507509824788195, "d2": -0.4334776012550168, "d3": 0.16955445215518283, "d4": -0.20524101633585268, "p1": 0.8347834963099543, "p2": 33.29564781160764, "p3": 16.864284118570428, "p4": 13.124327514067236, "pol1": -0.9568329236479107, "pol2": -0.071551303256284, "pol3": 0.5140955004998438, "pol4": 0.07460044427724388, "v0s": 4.159340765394882}, "datetime": {"datetime": "2022-04-29 20:05:36", "elapsed": 102848.835326, "delta": 21.087615}}
{"target": -1.0, "params": {"Bgrad": 1.8440045867612926, "d1": -0.5385128967356936, "d2": -0.2659788298474748, "d3": 0.7554698000568796, "d4": -2.345708803153565, "p1": 23.459673410434174, "p2": 27.45499101452103, "p3": 13.705130191532461, "p4": 34.617455594358134, "pol1": 0.10146023621489442, "pol2": 0.41633526337657867, "pol3": 0.6534754421414231, "pol4": 0.039461165134644816, "v0s": 4.292547930286372}, "datetime": {"datetime": "2022-04-29 20:06:03", "elapsed": 102876.342776, "delta": 27.50745}}
{"target": -1.0, "params": {"Bgrad": 1.7514547223521897, "d1": -0.590273579730104, "d2": -0.8566119794232663, "d3": -1.4115303161766009, "d4": -0.059090888937618775, "p1": 25.754588462225, "p2": 7.270747143285354, "p3": 30.99525401324105, "p4": 30.019189907186735, "pol1": -0.2469008749455425, "pol2": 0.5857441799577837, "pol3": 0.3149194680002918, "pol4": -0.4671867939029955, "v0s": 3.5988273628307637}, "datetime": {"datetime": "2022-04-29 20:06:33", "elapsed": 102906.344557, "delta": 30.001781}}
{"target": -1.0, "params": {"Bgrad": 1.325185953534784, "d1": -2.020499814683104, "d2": 0.7036398641948622, "d3": -1.0116745924434971, "d4": -1.3988877248407352, "p1": 30.088403910540574, "p2": 28.18883355789928, "p3": 7.592648595672458, "p4": 8.583461759354932, "pol1": 0.20001479865961214, "pol2": -0.36851070794834917, "pol3": 0.2832659236475248, "pol4": 4.006935130762557e-05, "v0s": 5.30676543809534}, "datetime": {"datetime": "2022-04-29 20:07:14", "elapsed": 102947.095596, "delta": 40.751039}}
{"target": -1.0, "params": {"Bgrad": 1.9325861248465925, "d1": -1.7143065296474513, "d2": 0.8887567920339192, "d3": 0.32685570272033493, "d4": -1.583062484436787, "p1": 23.967923071666352, "p2": 28.54185075611869, "p3": 14.229808459547844, "p4": 36.55267736220467, "pol1": -0.1835838182559104, "pol2": -0.2805474158676766, "pol3": -0.622227294588692, "pol4": 0.62056182126104, "v0s": 2.6981653120789435}, "datetime": {"datetime": "2022-04-29 20:07:56", "elapsed": 102988.826016, "delta": 41.73042}}
{"target": -1.0, "params": {"Bgrad": 0.5179695178493674, "d1": -0.5663215701330246, "d2": 0.8576061318923269, "d3": -2.0647204634350897, "d4": -1.647408010205638, "p1": 12.007754966909022, "p2": 0.04391382438885816, "p3": 47.84857444645501, "p4": 32.75431775068196, "pol1": 0.7186673806384414, "pol2": 0.9215858991229384, "pol3": 0.05979464965710468, "pol4": 0.5985524667315998, "v0s": 5.2183393876685535}, "datetime": {"datetime": "2022-04-29 20:08:36", "elapsed": 103029.476325, "delta": 40.650309}}
{"target": 2.160409067524279, "params": {"Bgrad": 0.858106866889008, "d1": -2.4467834810564373, "d2": 0.5881772482702674, "d3": -0.2853278908271184, "d4": 0.2375270072337594, "p1": 47.58494586355003, "p2": 2.937432666822226, "p3": 20.88856683042888, "p4": 18.002760206036093, "pol1": 0.08140351294705916, "pol2": 0.11591773067442901, "pol3": 0.6723991626867338, "pol4": 0.20857801048914593, "v0s": 2.160409067524279}, "datetime": {"datetime": "2022-04-29 20:08:58", "elapsed": 103051.474505, "delta": 21.99818}}
{"target": -1.0, "params": {"Bgrad": 0.5289120629056363, "d1": -1.1155257978479463, "d2": 0.3252095329024338, "d3": -0.9842260741866622, "d4": -1.8632986131381446, "p1": 7.009766728152372, "p2": 36.900556840794465, "p3": 33.494159988577074, "p4": 6.507636878060202, "pol1": -0.2213743774935406, "pol2": -0.6234417813401283, "pol3": -0.8367640844544912, "pol4": -0.07677263963696768, "v0s": 3.3690878030917677}, "datetime": {"datetime": "2022-04-29 20:09:29", "elapsed": 103082.070697, "delta": 30.596192}}
{"target": 4.521671124068147, "params": {"Bgrad": 1.2820141504307343, "d1": -2.3165588782800377, "d2": -0.01181320430351535, "d3": -0.39819591221484435, "d4": -1.6081051389557763, "p1": 7.0780114550098014, "p2": 12.377530146273076, "p3": 33.91234054416144, "p4": 2.9703815701287306, "pol1": -0.7342229194044672, "pol2": 0.5352611716771979, "pol3": -0.5228591483591615, "pol4": 0.5717744733585991, "v0s": 4.521671124068147}, "datetime": {"datetime": "2022-04-29 20:10:11", "elapsed": 103123.539816, "delta": 41.469119}}
{"target": 2.76090121114674, "params": {"Bgrad": 0.6706368193772769, "d1": 0.05914274708446811, "d2": -1.158009959726773, "d3": -0.91810866481316, "d4": 0.232162951279711, "p1": 17.237287058957836, "p2": 20.196941890682474, "p3": 17.001420447506913, "p4": 13.576165965841497, "pol1": -0.6374683418159101, "pol2": 0.3948518991227891, "pol3": -0.5892707506557604, "pol4": 0.6664190803271731, "v0s": 2.76090121114674}, "datetime": {"datetime": "2022-04-29 20:10:54", "elapsed": 103167.394556, "delta": 43.85474}}
{"target": -1.0, "params": {"Bgrad": 2.0, "d1": -0.14828792747091948, "d2": -1.692201109790688, "d3": -2.1136211273973324, "d4": -0.4214488197841365, "p1": 9.988051120156625, "p2": 2.8085898934828286, "p3": 43.677654009796626, "p4": 46.696869806872726, "pol1": -0.45349050175231975, "pol2": -0.7368684216677173, "pol3": 0.9110743436549856, "pol4": 0.3808856386240371, "v0s": 3.4287216430271106}, "datetime": {"datetime": "2022-04-29 20:11:26", "elapsed": 103199.456828, "delta": 32.062272}}
{"target": 5.352478056132455, "params": {"Bgrad": 0.7687989928056332, "d1": -1.7247709020511328, "d2": 0.6004258012313564, "d3": -0.8126528212900914, "d4": -1.4788988106465857, "p1": 14.196141581714102, "p2": 47.10577367816335, "p3": 31.057945503516287, "p4": 13.70915155454418, "pol1": -0.6302609249946257, "pol2": -0.17990714555900544, "pol3": 0.07231235184168733, "pol4": 0.7728263519019195, "v0s": 5.352478056132455}, "datetime": {"datetime": "2022-04-29 20:11:46", "elapsed": 103219.135211, "delta": 19.678383}}
{"target": 3.473855710189591, "params": {"Bgrad": 0.9579321863044834, "d1": -2.5512938470064204, "d2": -1.3522193376975098, "d3": -2.222155192008851, "d4": -0.06671461648635767, "p1": 40.722242665440795, "p2": 42.86263441963839, "p3": 12.126248175610744, "p4": 19.62828486185443, "pol1": -0.6872664286504733, "pol2": -0.3984395998100823, "pol3": -0.6118850640063743, "pol4": 0.0797158872631191, "v0s": 3.473855710189591}, "datetime": {"datetime": "2022-04-29 20:12:03", "elapsed": 103236.347189, "delta": 17.211978}}
{"target": -1.0, "params": {"Bgrad": 1.2291125883088907, "d1": -0.04391332772448431, "d2": 0.7700596716002472, "d3": 0.2448888034435761, "d4": -1.0389818291410045, "p1": 22.286764376138272, "p2": 26.7898680445617, "p3": 13.967805449800174, "p4": 34.46957730007465, "pol1": -0.7827161581442152, "pol2": 0.34491037438048866, "pol3": -0.7088593674902544, "pol4": -0.07535900745922897, "v0s": 5.246045119371523}, "datetime": {"datetime": "2022-04-29 20:12:34", "elapsed": 103266.630219, "delta": 30.28303}}
{"target": -1.0, "params": {"Bgrad": 1.6169580939574764, "d1": -2.00405172232816, "d2": 0.46260954624350514, "d3": -1.8682601839393813, "d4": -1.6518392745436188, "p1": 41.81590824751607, "p2": 43.34635985405602, "p3": 32.85815737724788, "p4": 12.719297758532905, "pol1": -0.046236749984236436, "pol2": -0.5950991056774029, "pol3": -0.4487387722957268, "pol4": -0.4727764110870267, "v0s": 4.459840422672839}, "datetime": {"datetime": "2022-04-29 20:13:11", "elapsed": 103303.956415, "delta": 37.326196}}
{"target": 3.433997166082481, "params": {"Bgrad": 1.6019737219569081, "d1": -1.8787783370047597, "d2": 0.2598671147839351, "d3": -0.01681067558536542, "d4": -0.4446442966741593, "p1": 6.233393966934697, "p2": 0.03505434716449818, "p3": 37.49332477963338, "p4": 44.11027830059114, "pol1": -0.19494227456703217, "pol2": -0.9689030723028096, "pol3": 0.3679055792892727, "pol4": 0.5687911161656034, "v0s": 3.433997166082481}, "datetime": {"datetime": "2022-04-29 20:13:30", "elapsed": 103322.905748, "delta": 18.949333}}
{"target": -1.0, "params": {"Bgrad": 1.5878502227583693, "d1": 0.2797830017419862, "d2": -0.15723519245298156, "d3": -0.4910903645701459, "d4": 0.5977670323186133, "p1": 15.152491752299307, "p2": 13.089159940225642, "p3": 28.190902140131097, "p4": 35.50593172137837, "pol1": -0.26055675797366806, "pol2": -0.2092324812670907, "pol3": -0.4737204548431624, "pol4": -0.008654749938711959, "v0s": 2.1118453500684775}, "datetime": {"datetime": "2022-04-29 20:13:58", "elapsed": 103351.485331, "delta": 28.579583}}
{"target": -1.0, "params": {"Bgrad": 1.6535506435904288, "d1": -0.09163740093624062, "d2": -0.6411316378886407, "d3": -1.6165040140350855, "d4": -2.0563547480828843, "p1": 2.29389968024708, "p2": 31.075712619794405, "p3": 9.180939074643724, "p4": 20.537843374828167, "pol1": -0.9674853159979322, "pol2": -0.9137560218959615, "pol3": 0.6820997549280139, "pol4": 0.6139936347985264, "v0s": 4.670669541812227}, "datetime": {"datetime": "2022-04-29 20:14:35", "elapsed": 103388.174232, "delta": 36.688901}}
{"target": 4.27294157017503, "params": {"Bgrad": 1.626010142725541, "d1": -1.9818646563507616, "d2": -0.521961176430533, "d3": -2.7578979570015245, "d4": -1.9839713172964244, "p1": 7.839623476473777, "p2": 35.600006176417544, "p3": 35.21078205693726, "p4": 34.14483607492212, "pol1": -0.5306132329588066, "pol2": 0.7177714446581125, "pol3": -0.6095547119335726, "pol4": 0.15465133590321575, "v0s": 4.27294157017503}, "datetime": {"datetime": "2022-04-29 20:15:11", "elapsed": 103423.72717, "delta": 35.552938}}
{"target": -1.0, "params": {"Bgrad": 1.0128980945808088, "d1": -0.7548417755937491, "d2": -1.1461006891718188, "d3": -1.6585392798612317, "d4": -2.1776502601329, "p1": 36.77945488419937, "p2": 27.61662447034885, "p3": 23.10935463802048, "p4": 33.50490109018908, "pol1": -0.7504085689141371, "pol2": 0.13509722524132606, "pol3": -0.527293584480149, "pol4": -0.24738114569215797, "v0s": 4.34928222885317}, "datetime": {"datetime": "2022-04-29 20:15:35", "elapsed": 103447.743953, "delta": 24.016783}}
{"target": 4.388813630520509, "params": {"Bgrad": 0.8128230758571435, "d1": -0.656211526567377, "d2": 0.5869182973369724, "d3": -2.6559209220313185, "d4": -0.2234336460914341, "p1": 11.988176781586029, "p2": 21.23572829722983, "p3": 35.46845629518682, "p4": 34.260294046412035, "pol1": 0.7591572397941213, "pol2": -0.6083535212490961, "pol3": -0.33759597677298897, "pol4": -0.12170797339398733, "v0s": 4.388813630520509}, "datetime": {"datetime": "2022-04-29 20:15:57", "elapsed": 103470.296651, "delta": 22.552698}}
{"target": -1.0, "params": {"Bgrad": 1.2484985828498578, "d1": -0.23429454537244565, "d2": 0.8192385154484079, "d3": -0.7571111341001915, "d4": -1.2822696929822137, "p1": 8.680517250332699, "p2": 37.6442456347242, "p3": 31.16204101786798, "p4": 6.740792599193063, "pol1": 0.48094842205608224, "pol2": 0.421775182504899, "pol3": 0.20978148182869205, "pol4": 0.09430363450629553, "v0s": 3.3706957027897495}, "datetime": {"datetime": "2022-04-29 20:16:29", "elapsed": 103502.242235, "delta": 31.945584}}
{"target": -1.0, "params": {"Bgrad": 1.9106218861712272, "d1": -0.2945082460861358, "d2": -2.343795875011214, "d3": 0.9143695897082286, "d4": -1.267273319399191, "p1": 18.00732918511605, "p2": 38.38161836847614, "p3": 40.4512387869187, "p4": 35.99817850523233, "pol1": -0.7403606053059003, "pol2": -0.09067378499712675, "pol3": 0.5628670346443869, "pol4": 0.0035054217544685917, "v0s": 2.945974339507851}, "datetime": {"datetime": "2022-04-29 20:17:07", "elapsed": 103539.560453, "delta": 37.318218}}
{"target": -1.0, "params": {"Bgrad": 1.76063286913721, "d1": -1.7515741782780658, "d2": -0.9255861359206845, "d3": -1.369920986721632, "d4": -1.9035473265506284, "p1": 25.46635794905917, "p2": 4.798768021582428, "p3": 32.02130605816231, "p4": 28.6497358551587, "pol1": -0.04785295209521845, "pol2": -0.3508634656368017, "pol3": -0.494283307751918, "pol4": -0.47426104984105644, "v0s": 3.1360461500189176}, "datetime": {"datetime": "2022-04-29 20:17:27", "elapsed": 103560.277061, "delta": 20.716608}}
{"target": -1.0, "params": {"Bgrad": 0.8831532774737362, "d1": -2.604785639956368, "d2": -0.4695294157220955, "d3": -2.2362853432463665, "d4": -2.651764031305221, "p1": 36.72353943600151, "p2": 10.184830665933674, "p3": 9.316396389141618, "p4": 25.491350486294557, "pol1": -0.8746989444798092, "pol2": 0.43393210802535753, "pol3": -0.23394890151299874, "pol4": 0.8090577274088895, "v0s": 3.854944557394525}, "datetime": {"datetime": "2022-04-29 20:18:09", "elapsed": 103601.553694, "delta": 41.276633}}
{"target": -1.0, "params": {"Bgrad": 0.6442522943224661, "d1": 0.47766097359978676, "d2": -1.6660774545160586, "d3": -1.032433230727639, "d4": -2.64821815675833, "p1": 24.550856124431842, "p2": 5.0469524619067565, "p3": 30.484447799514115, "p4": 28.95124943949387, "pol1": -0.1733742562792311, "pol2": -0.9850134368905923, "pol3": -0.24105045490549504, "pol4": -0.28410795143387446, "v0s": 4.050097399690612}, "datetime": {"datetime": "2022-04-29 20:18:28", "elapsed": 103620.909939, "delta": 19.356245}}
{"target": 5.018652252721017, "params": {"Bgrad": 1.8868971843124702, "d1": -2.6466711454216187, "d2": -0.3205350060110188, "d3": -1.0488966459015598, "d4": 0.24203705924663765, "p1": 46.77365199872184, "p2": 26.07936292586437, "p3": 23.31030431434627, "p4": 5.064691284678846, "pol1": 0.6282535378455507, "pol2": 0.24549859794028617, "pol3": -0.9235174903797043, "pol4": 0.41460837033948916, "v0s": 5.018652252721017}, "datetime": {"datetime": "2022-04-29 20:18:55", "elapsed": 103647.736211, "delta": 26.826272}}
{"target": 3.927937326172974, "params": {"Bgrad": 1.1552676553525036, "d1": -2.9751940023484025, "d2": -0.48049494794427705, "d3": -1.6973898550326862, "d4": -1.6311952385093758, "p1": 20.598408449427847, "p2": 27.140666598852807, "p3": 12.286532568352964, "p4": 37.031560025514025, "pol1": -0.2238390261018448, "pol2": 0.05204559632665018, "pol3": 0.842940955754502, "pol4": -0.2679701539652577, "v0s": 3.927937326172974}, "datetime": {"datetime": "2022-04-29 20:19:22", "elapsed": 103675.506957, "delta": 27.770746}}
{"target": -1.0, "params": {"Bgrad": 0.6979185029539279, "d1": -0.8382897339734057, "d2": 0.7195410935055748, "d3": -0.370120072779923, "d4": 0.8270749037707366, "p1": 1.8047819994785719, "p2": 34.16019612319252, "p3": 15.912078614545033, "p4": 9.876554049032832, "pol1": -0.15468049562709818, "pol2": 0.20850090556694534, "pol3": -0.7418014330144813, "pol4": -0.9055786843609983, "v0s": 4.728699544044329}, "datetime": {"datetime": "2022-04-29 20:19:56", "elapsed": 103709.269681, "delta": 33.762724}}
{"target": -1.0, "params": {"Bgrad": 1.629698580602025, "d1": -2.5257169581888332, "d2": -0.8347956160255392, "d3": -1.7372288403502, "d4": -1.1183534897556284, "p1": 4.536057515283776, "p2": 13.815072809574074, "p3": 35.362623068509244, "p4": 2.5472857348330713, "pol1": -0.3464976096607988, "pol2": 0.6711819588654673, "pol3": 0.8763884800681787, "pol4": -0.37263510615841877, "v0s": 4.80313841968439}, "datetime": {"datetime": "2022-04-29 20:20:40", "elapsed": 103753.419633, "delta": 44.149952}}
