{"target": 3.169858995087918, "params": {"Bgrad": 1.7987355243747587, "d1": -1.3151794766535712, "d2": -3.0, "d3": -2.595421265308867, "d4": -2.0668621163407526, "p1": 25.004444165497272, "p2": 32.046807106208675, "p3": 44.510207837180054, "p4": 44.73960721484029, "pol1": -0.5281810513567755, "pol2": 0.5320976435258357, "pol3": -0.8216311124488231, "pol4": -0.7179453803848885, "v0s": 3.169858995087918}, "datetime": {"datetime": "2022-06-24 23:42:08", "elapsed": 0.0, "delta": 0.0}}
{"target": 3.169858995087918, "params": {"Bgrad": 1.7987355243747587, "d1": -1.3151794766535712, "d2": -3.0, "d3": -2.595421265308867, "d4": -2.0668621163407526, "p1": 25.004444165497272, "p2": 32.046807106208675, "p3": 44.510207837180054, "p4": 44.73960721484029, "pol1": -0.5281810513567755, "pol2": 0.5320976435258357, "pol3": -0.8216311124488231, "pol4": -0.7179453803848885, "v0s": 3.169858995087918}, "datetime": {"datetime": "2022-06-24 23:42:08", "elapsed": 0.002993, "delta": 0.002993}}
{"target": 3.169858995087918, "params": {"Bgrad": 1.7987355243747587, "d1": -1.3151794766535712, "d2": -3.0, "d3": -2.595421265308867, "d4": -2.0668621163407526, "p1": 25.004444165497272, "p2": 32.046807106208675, "p3": 44.510207837180054, "p4": 44.73960721484029, "pol1": -0.5281810513567755, "pol2": 0.5320976435258357, "pol3": -0.8216311124488231, "pol4": -0.7179453803848885, "v0s": 3.169858995087918}, "datetime": {"datetime": "2022-06-24 23:42:08", "elapsed": 0.466259, "delta": 0.463266}}
{"target": 3.169858995087918, "params": {"Bgrad": 1.7987355243747587, "d1": -1.3151794766535712, "d2": -3.0, "d3": -2.595421265308867, "d4": -2.0668621163407526, "p1": 25.004444165497272, "p2": 32.046807106208675, "p3": 44.510207837180054, "p4": 44.73960721484029, "pol1": -0.5281810513567755, "pol2": 0.5320976435258357, "pol3": -0.8216311124488231, "pol4": -0.7179453803848885, "v0s": 3.169858995087918}, "datetime": {"datetime": "2022-06-24 23:42:08", "elapsed": 0.467257, "delta": 0.000998}}
{"target": 3.169858995087918, "params": {"Bgrad": 1.7987355243747587, "d1": -1.3151794766535712, "d2": -3.0, "d3": -2.595421265308867, "d4": -2.0668621163407526, "p1": 25.004444165497272, "p2": 32.046807106208675, "p3": 44.510207837180054, "p4": 44.73960721484029, "pol1": -0.5281810513567755, "pol2": 0.5320976435258357, "pol3": -0.8216311124488231, "pol4": -0.7179453803848885, "v0s": 3.169858995087918}, "datetime": {"datetime": "2022-06-24 23:42:08", "elapsed": 0.470253, "delta": 0.002996}}
{"target": 3.169858995087918, "params": {"Bgrad": 1.7987355243747587, "d1": -1.3151794766535712, "d2": -3.0, "d3": -2.595421265308867, "d4": -2.0668621163407526, "p1": 25.004444165497272, "p2": 32.046807106208675, "p3": 44.510207837180054, "p4": 44.73960721484029, "pol1": -0.5281810513567755, "pol2": 0.5320976435258357, "pol3": -0.8216311124488231, "pol4": -0.7179453803848885, "v0s": 3.169858995087918}, "datetime": {"datetime": "2022-06-24 23:42:08", "elapsed": 0.472243, "delta": 0.00199}}
{"target": 3.169858995087918, "params": {"Bgrad": 1.7987355243747587, "d1": -1.3151794766535712, "d2": -3.0, "d3": -2.595421265308867, "d4": -2.0668621163407526, "p1": 25.004444165497272, "p2": 32.046807106208675, "p3": 44.510207837180054, "p4": 44.73960721484029, "pol1": -0.5281810513567755, "pol2": 0.5320976435258357, "pol3": -0.8216311124488231, "pol4": -0.7179453803848885, "v0s": 3.169858995087918}, "datetime": {"datetime": "2022-06-24 23:42:08", "elapsed": 0.473241, "delta": 0.000998}}
{"target": 3.169858995087918, "params": {"Bgrad": 1.7987355243747587, "d1": -1.3151794766535712, "d2": -3.0, "d3": -2.595421265308867, "d4": -2.0668621163407526, "p1": 25.004444165497272, "p2": 32.046807106208675, "p3": 44.510207837180054, "p4": 44.73960721484029, "pol1": -0.5281810513567755, "pol2": 0.5320976435258357, "pol3": -0.8216311124488231, "pol4": -0.7179453803848885, "v0s": 3.169858995087918}, "datetime": {"datetime": "2022-06-24 23:42:08", "elapsed": 0.475236, "delta": 0.001995}}
{"target": 3.169858995087918, "params": {"Bgrad": 1.7987355243747587, "d1": -1.3151794766535712, "d2": -3.0, "d3": -2.595421265308867, "d4": -2.0668621163407526, "p1": 25.004444165497272, "p2": 32.046807106208675, "p3": 44.510207837180054, "p4": 44.73960721484029, "pol1": -0.5281810513567755, "pol2": 0.5320976435258357, "pol3": -0.8216311124488231, "pol4": -0.7179453803848885, "v0s": 3.169858995087918}, "datetime": {"datetime": "2022-06-24 23:42:08", "elapsed": 0.47723, "delta": 0.001994}}
{"target": 3.169858995087918, "params": {"Bgrad": 1.7987355243747587, "d1": -1.3151794766535712, "d2": -3.0, "d3": -2.595421265308867, "d4": -2.0668621163407526, "p1": 25.004444165497272, "p2": 32.046807106208675, "p3": 44.510207837180054, "p4": 44.73960721484029, "pol1": -0.5281810513567755, "pol2": 0.5320976435258357, "pol3": -0.8216311124488231, "pol4": -0.7179453803848885, "v0s": 3.169858995087918}, "datetime": {"datetime": "2022-06-24 23:42:08", "elapsed": 0.478228, "delta": 0.000998}}
{"target": 3.169858995087918, "params": {"Bgrad": 1.7987355243747587, "d1": -1.3151794766535712, "d2": -3.0, "d3": -2.595421265308867, "d4": -2.0668621163407526, "p1": 25.004444165497272, "p2": 32.046807106208675, "p3": 44.510207837180054, "p4": 44.73960721484029, "pol1": -0.5281810513567755, "pol2": 0.5320976435258357, "pol3": -0.8216311124488231, "pol4": -0.7179453803848885, "v0s": 3.169858995087918}, "datetime": {"datetime": "2022-06-24 23:42:08", "elapsed": 0.479225, "delta": 0.000997}}
{"target": 3.169858995087918, "params": {"Bgrad": 1.7987355243747587, "d1": -1.3151794766535712, "d2": -3.0, "d3": -2.595421265308867, "d4": -2.0668621163407526, "p1": 25.004444165497272, "p2": 32.046807106208675, "p3": 44.510207837180054, "p4": 44.73960721484029, "pol1": -0.5281810513567755, "pol2": 0.5320976435258357, "pol3": -0.8216311124488231, "pol4": -0.7179453803848885, "v0s": 3.169858995087918}, "datetime": {"datetime": "2022-06-24 23:42:08", "elapsed": 0.481219, "delta": 0.001994}}
{"target": 3.169858995087918, "params": {"Bgrad": 1.7987355243747587, "d1": -1.3151794766535712, "d2": -3.0, "d3": -2.595421265308867, "d4": -2.0668621163407526, "p1": 25.004444165497272, "p2": 32.046807106208675, "p3": 44.510207837180054, "p4": 44.73960721484029, "pol1": -0.5281810513567755, "pol2": 0.5320976435258357, "pol3": -0.8216311124488231, "pol4": -0.7179453803848885, "v0s": 3.169858995087918}, "datetime": {"datetime": "2022-06-24 23:42:08", "elapsed": 0.482217, "delta": 0.000998}}
{"target": 3.169858995087918, "params": {"Bgrad": 1.7987355243747587, "d1": -1.3151794766535712, "d2": -3.0, "d3": -2.595421265308867, "d4": -2.0668621163407526, "p1": 25.004444165497272, "p2": 32.046807106208675, "p3": 44.510207837180054, "p4": 44.73960721484029, "pol1": -0.5281810513567755, "pol2": 0.5320976435258357, "pol3": -0.8216311124488231, "pol4": -0.7179453803848885, "v0s": 3.169858995087918}, "datetime": {"datetime": "2022-06-24 23:42:08", "elapsed": 0.484212, "delta": 0.001995}}
{"target": 3.169858995087918, "params": {"Bgrad": 1.7987355243747587, "d1": -1.3151794766535712, "d2": -3.0, "d3": -2.595421265308867, "d4": -2.0668621163407526, "p1": 25.004444165497272, "p2": 32.046807106208675, "p3": 44.510207837180054, "p4": 44.73960721484029, "pol1": -0.5281810513567755, "pol2": 0.5320976435258357, "pol3": -0.8216311124488231, "pol4": -0.7179453803848885, "v0s": 3.169858995087918}, "datetime": {"datetime": "2022-06-24 23:42:08", "elapsed": 0.486208, "delta": 0.001996}}
{"target": 3.169858995087918, "params": {"Bgrad": 1.7987355243747587, "d1": -1.3151794766535712, "d2": -3.0, "d3": -2.595421265308867, "d4": -2.0668621163407526, "p1": 25.004444165497272, "p2": 32.046807106208675, "p3": 44.510207837180054, "p4": 44.73960721484029, "pol1": -0.5281810513567755, "pol2": 0.5320976435258357, "pol3": -0.8216311124488231, "pol4": -0.7179453803848885, "v0s": 3.169858995087918}, "datetime": {"datetime": "2022-06-24 23:42:08", "elapsed": 0.487204, "delta": 0.000996}}
{"target": 3.169858995087918, "params": {"Bgrad": 1.7987355243747587, "d1": -1.3151794766535712, "d2": -3.0, "d3": -2.595421265308867, "d4": -2.0668621163407526, "p1": 25.004444165497272, "p2": 32.046807106208675, "p3": 44.510207837180054, "p4": 44.73960721484029, "pol1": -0.5281810513567755, "pol2": 0.5320976435258357, "pol3": -0.8216311124488231, "pol4": -0.7179453803848885, "v0s": 3.169858995087918}, "datetime": {"datetime": "2022-06-24 23:42:08", "elapsed": 0.489198, "delta": 0.001994}}
{"target": 3.169858995087918, "params": {"Bgrad": 1.7987355243747587, "d1": -1.3151794766535712, "d2": -3.0, "d3": -2.595421265308867, "d4": -2.0668621163407526, "p1": 25.004444165497272, "p2": 32.046807106208675, "p3": 44.510207837180054, "p4": 44.73960721484029, "pol1": -0.5281810513567755, "pol2": 0.5320976435258357, "pol3": -0.8216311124488231, "pol4": -0.7179453803848885, "v0s": 3.169858995087918}, "datetime": {"datetime": "2022-06-24 23:42:08", "elapsed": 0.490195, "delta": 0.000997}}
{"target": 3.169858995087918, "params": {"Bgrad": 1.7987355243747587, "d1": -1.3151794766535712, "d2": -3.0, "d3": -2.595421265308867, "d4": -2.0668621163407526, "p1": 25.004444165497272, "p2": 32.046807106208675, "p3": 44.510207837180054, "p4": 44.73960721484029, "pol1": -0.5281810513567755, "pol2": 0.5320976435258357, "pol3": -0.8216311124488231, "pol4": -0.7179453803848885, "v0s": 3.169858995087918}, "datetime": {"datetime": "2022-06-24 23:42:08", "elapsed": 0.491193, "delta": 0.000998}}
{"target": 3.169858995087918, "params": {"Bgrad": 1.7987355243747587, "d1": -1.3151794766535712, "d2": -3.0, "d3": -2.595421265308867, "d4": -2.0668621163407526, "p1": 25.004444165497272, "p2": 32.046807106208675, "p3": 44.510207837180054, "p4": 44.73960721484029, "pol1": -0.5281810513567755, "pol2": 0.5320976435258357, "pol3": -0.8216311124488231, "pol4": -0.7179453803848885, "v0s": 3.169858995087918}, "datetime": {"datetime": "2022-06-24 23:42:08", "elapsed": 0.493187, "delta": 0.001994}}
{"target": 3.169858995087918, "params": {"Bgrad": 1.7987355243747587, "d1": -1.3151794766535712, "d2": -3.0, "d3": -2.595421265308867, "d4": -2.0668621163407526, "p1": 25.004444165497272, "p2": 32.046807106208675, "p3": 44.510207837180054, "p4": 44.73960721484029, "pol1": -0.5281810513567755, "pol2": 0.5320976435258357, "pol3": -0.8216311124488231, "pol4": -0.7179453803848885, "v0s": 3.169858995087918}, "datetime": {"datetime": "2022-06-24 23:42:08", "elapsed": 0.494185, "delta": 0.000998}}
{"target": 3.169858995087918, "params": {"Bgrad": 1.7987355243747587, "d1": -1.3151794766535712, "d2": -3.0, "d3": -2.595421265308867, "d4": -2.0668621163407526, "p1": 25.004444165497272, "p2": 32.046807106208675, "p3": 44.510207837180054, "p4": 44.73960721484029, "pol1": -0.5281810513567755, "pol2": 0.5320976435258357, "pol3": -0.8216311124488231, "pol4": -0.7179453803848885, "v0s": 3.169858995087918}, "datetime": {"datetime": "2022-06-24 23:42:08", "elapsed": 0.496179, "delta": 0.001994}}
{"target": 3.169858995087918, "params": {"Bgrad": 1.7987355243747587, "d1": -1.3151794766535712, "d2": -3.0, "d3": -2.595421265308867, "d4": -2.0668621163407526, "p1": 25.004444165497272, "p2": 32.046807106208675, "p3": 44.510207837180054, "p4": 44.73960721484029, "pol1": -0.5281810513567755, "pol2": 0.5320976435258357, "pol3": -0.8216311124488231, "pol4": -0.7179453803848885, "v0s": 3.169858995087918}, "datetime": {"datetime": "2022-06-24 23:42:08", "elapsed": 0.497177, "delta": 0.000998}}
{"target": 3.169858995087918, "params": {"Bgrad": 1.7987355243747587, "d1": -1.3151794766535712, "d2": -3.0, "d3": -2.595421265308867, "d4": -2.0668621163407526, "p1": 25.004444165497272, "p2": 32.046807106208675, "p3": 44.510207837180054, "p4": 44.73960721484029, "pol1": -0.5281810513567755, "pol2": 0.5320976435258357, "pol3": -0.8216311124488231, "pol4": -0.7179453803848885, "v0s": 3.169858995087918}, "datetime": {"datetime": "2022-06-24 23:42:08", "elapsed": 0.498174, "delta": 0.000997}}
{"target": 3.169858995087918, "params": {"Bgrad": 1.7987355243747587, "d1": -1.3151794766535712, "d2": -3.0, "d3": -2.595421265308867, "d4": -2.0668621163407526, "p1": 25.004444165497272, "p2": 32.046807106208675, "p3": 44.510207837180054, "p4": 44.73960721484029, "pol1": -0.5281810513567755, "pol2": 0.5320976435258357, "pol3": -0.8216311124488231, "pol4": -0.7179453803848885, "v0s": 3.169858995087918}, "datetime": {"datetime": "2022-06-24 23:42:08", "elapsed": 0.500168, "delta": 0.001994}}
{"target": 3.169858995087918, "params": {"Bgrad": 1.7987355243747587, "d1": -1.3151794766535712, "d2": -3.0, "d3": -2.595421265308867, "d4": -2.0668621163407526, "p1": 25.004444165497272, "p2": 32.046807106208675, "p3": 44.510207837180054, "p4": 44.73960721484029, "pol1": -0.5281810513567755, "pol2": 0.5320976435258357, "pol3": -0.8216311124488231, "pol4": -0.7179453803848885, "v0s": 3.169858995087918}, "datetime": {"datetime": "2022-06-24 23:42:08", "elapsed": 0.502165, "delta": 0.001997}}
{"target": 3.169858995087918, "params": {"Bgrad": 1.7987355243747587, "d1": -1.3151794766535712, "d2": -3.0, "d3": -2.595421265308867, "d4": -2.0668621163407526, "p1": 25.004444165497272, "p2": 32.046807106208675, "p3": 44.510207837180054, "p4": 44.73960721484029, "pol1": -0.5281810513567755, "pol2": 0.5320976435258357, "pol3": -0.8216311124488231, "pol4": -0.7179453803848885, "v0s": 3.169858995087918}, "datetime": {"datetime": "2022-06-24 23:42:08", "elapsed": 0.503161, "delta": 0.000996}}
{"target": 3.169858995087918, "params": {"Bgrad": 1.7987355243747587, "d1": -1.3151794766535712, "d2": -3.0, "d3": -2.595421265308867, "d4": -2.0668621163407526, "p1": 25.004444165497272, "p2": 32.046807106208675, "p3": 44.510207837180054, "p4": 44.73960721484029, "pol1": -0.5281810513567755, "pol2": 0.5320976435258357, "pol3": -0.8216311124488231, "pol4": -0.7179453803848885, "v0s": 3.169858995087918}, "datetime": {"datetime": "2022-06-24 23:42:08", "elapsed": 0.505155, "delta": 0.001994}}
{"target": 3.169858995087918, "params": {"Bgrad": 1.7987355243747587, "d1": -1.3151794766535712, "d2": -3.0, "d3": -2.595421265308867, "d4": -2.0668621163407526, "p1": 25.004444165497272, "p2": 32.046807106208675, "p3": 44.510207837180054, "p4": 44.73960721484029, "pol1": -0.5281810513567755, "pol2": 0.5320976435258357, "pol3": -0.8216311124488231, "pol4": -0.7179453803848885, "v0s": 3.169858995087918}, "datetime": {"datetime": "2022-06-24 23:42:08", "elapsed": 0.506153, "delta": 0.000998}}
{"target": 3.169858995087918, "params": {"Bgrad": 1.7987355243747587, "d1": -1.3151794766535712, "d2": -3.0, "d3": -2.595421265308867, "d4": -2.0668621163407526, "p1": 25.004444165497272, "p2": 32.046807106208675, "p3": 44.510207837180054, "p4": 44.73960721484029, "pol1": -0.5281810513567755, "pol2": 0.5320976435258357, "pol3": -0.8216311124488231, "pol4": -0.7179453803848885, "v0s": 3.169858995087918}, "datetime": {"datetime": "2022-06-24 23:42:08", "elapsed": 0.50715, "delta": 0.000997}}
{"target": 3.169858995087918, "params": {"Bgrad": 1.7987355243747587, "d1": -1.3151794766535712, "d2": -3.0, "d3": -2.595421265308867, "d4": -2.0668621163407526, "p1": 25.004444165497272, "p2": 32.046807106208675, "p3": 44.510207837180054, "p4": 44.73960721484029, "pol1": -0.5281810513567755, "pol2": 0.5320976435258357, "pol3": -0.8216311124488231, "pol4": -0.7179453803848885, "v0s": 3.169858995087918}, "datetime": {"datetime": "2022-06-24 23:42:08", "elapsed": 0.509145, "delta": 0.001995}}
{"target": 3.169858995087918, "params": {"Bgrad": 1.7987355243747587, "d1": -1.3151794766535712, "d2": -3.0, "d3": -2.595421265308867, "d4": -2.0668621163407526, "p1": 25.004444165497272, "p2": 32.046807106208675, "p3": 44.510207837180054, "p4": 44.73960721484029, "pol1": -0.5281810513567755, "pol2": 0.5320976435258357, "pol3": -0.8216311124488231, "pol4": -0.7179453803848885, "v0s": 3.169858995087918}, "datetime": {"datetime": "2022-06-24 23:42:08", "elapsed": 0.510142, "delta": 0.000997}}
{"target": 3.169858995087918, "params": {"Bgrad": 1.7987355243747587, "d1": -1.3151794766535712, "d2": -3.0, "d3": -2.595421265308867, "d4": -2.0668621163407526, "p1": 25.004444165497272, "p2": 32.046807106208675, "p3": 44.510207837180054, "p4": 44.73960721484029, "pol1": -0.5281810513567755, "pol2": 0.5320976435258357, "pol3": -0.8216311124488231, "pol4": -0.7179453803848885, "v0s": 3.169858995087918}, "datetime": {"datetime": "2022-06-24 23:42:08", "elapsed": 0.511139, "delta": 0.000997}}
{"target": 3.169858995087918, "params": {"Bgrad": 1.7987355243747587, "d1": -1.3151794766535712, "d2": -3.0, "d3": -2.595421265308867, "d4": -2.0668621163407526, "p1": 25.004444165497272, "p2": 32.046807106208675, "p3": 44.510207837180054, "p4": 44.73960721484029, "pol1": -0.5281810513567755, "pol2": 0.5320976435258357, "pol3": -0.8216311124488231, "pol4": -0.7179453803848885, "v0s": 3.169858995087918}, "datetime": {"datetime": "2022-06-24 23:42:08", "elapsed": 0.513134, "delta": 0.001995}}
{"target": 3.169858995087918, "params": {"Bgrad": 1.7987355243747587, "d1": -1.3151794766535712, "d2": -3.0, "d3": -2.595421265308867, "d4": -2.0668621163407526, "p1": 25.004444165497272, "p2": 32.046807106208675, "p3": 44.510207837180054, "p4": 44.73960721484029, "pol1": -0.5281810513567755, "pol2": 0.5320976435258357, "pol3": -0.8216311124488231, "pol4": -0.7179453803848885, "v0s": 3.169858995087918}, "datetime": {"datetime": "2022-06-24 23:42:08", "elapsed": 0.514131, "delta": 0.000997}}
{"target": 3.169858995087918, "params": {"Bgrad": 1.7987355243747587, "d1": -1.3151794766535712, "d2": -3.0, "d3": -2.595421265308867, "d4": -2.0668621163407526, "p1": 25.004444165497272, "p2": 32.046807106208675, "p3": 44.510207837180054, "p4": 44.73960721484029, "pol1": -0.5281810513567755, "pol2": 0.5320976435258357, "pol3": -0.8216311124488231, "pol4": -0.7179453803848885, "v0s": 3.169858995087918}, "datetime": {"datetime": "2022-06-24 23:42:08", "elapsed": 0.516127, "delta": 0.001996}}
{"target": 3.169858995087918, "params": {"Bgrad": 1.7987355243747587, "d1": -1.3151794766535712, "d2": -3.0, "d3": -2.595421265308867, "d4": -2.0668621163407526, "p1": 25.004444165497272, "p2": 32.046807106208675, "p3": 44.510207837180054, "p4": 44.73960721484029, "pol1": -0.5281810513567755, "pol2": 0.5320976435258357, "pol3": -0.8216311124488231, "pol4": -0.7179453803848885, "v0s": 3.169858995087918}, "datetime": {"datetime": "2022-06-24 23:42:08", "elapsed": 0.517123, "delta": 0.000996}}
{"target": 3.169858995087918, "params": {"Bgrad": 1.7987355243747587, "d1": -1.3151794766535712, "d2": -3.0, "d3": -2.595421265308867, "d4": -2.0668621163407526, "p1": 25.004444165497272, "p2": 32.046807106208675, "p3": 44.510207837180054, "p4": 44.73960721484029, "pol1": -0.5281810513567755, "pol2": 0.5320976435258357, "pol3": -0.8216311124488231, "pol4": -0.7179453803848885, "v0s": 3.169858995087918}, "datetime": {"datetime": "2022-06-24 23:42:08", "elapsed": 0.518121, "delta": 0.000998}}
{"target": 3.169858995087918, "params": {"Bgrad": 1.7987355243747587, "d1": -1.3151794766535712, "d2": -3.0, "d3": -2.595421265308867, "d4": -2.0668621163407526, "p1": 25.004444165497272, "p2": 32.046807106208675, "p3": 44.510207837180054, "p4": 44.73960721484029, "pol1": -0.5281810513567755, "pol2": 0.5320976435258357, "pol3": -0.8216311124488231, "pol4": -0.7179453803848885, "v0s": 3.169858995087918}, "datetime": {"datetime": "2022-06-24 23:42:08", "elapsed": 0.520116, "delta": 0.001995}}
{"target": 3.169858995087918, "params": {"Bgrad": 1.7987355243747587, "d1": -1.3151794766535712, "d2": -3.0, "d3": -2.595421265308867, "d4": -2.0668621163407526, "p1": 25.004444165497272, "p2": 32.046807106208675, "p3": 44.510207837180054, "p4": 44.73960721484029, "pol1": -0.5281810513567755, "pol2": 0.5320976435258357, "pol3": -0.8216311124488231, "pol4": -0.7179453803848885, "v0s": 3.169858995087918}, "datetime": {"datetime": "2022-06-24 23:42:08", "elapsed": 0.521113, "delta": 0.000997}}
{"target": 3.169858995087918, "params": {"Bgrad": 1.7987355243747587, "d1": -1.3151794766535712, "d2": -3.0, "d3": -2.595421265308867, "d4": -2.0668621163407526, "p1": 25.004444165497272, "p2": 32.046807106208675, "p3": 44.510207837180054, "p4": 44.73960721484029, "pol1": -0.5281810513567755, "pol2": 0.5320976435258357, "pol3": -0.8216311124488231, "pol4": -0.7179453803848885, "v0s": 3.169858995087918}, "datetime": {"datetime": "2022-06-24 23:42:08", "elapsed": 0.523108, "delta": 0.001995}}
{"target": 3.169858995087918, "params": {"Bgrad": 1.7987355243747587, "d1": -1.3151794766535712, "d2": -3.0, "d3": -2.595421265308867, "d4": -2.0668621163407526, "p1": 25.004444165497272, "p2": 32.046807106208675, "p3": 44.510207837180054, "p4": 44.73960721484029, "pol1": -0.5281810513567755, "pol2": 0.5320976435258357, "pol3": -0.8216311124488231, "pol4": -0.7179453803848885, "v0s": 3.169858995087918}, "datetime": {"datetime": "2022-06-24 23:42:08", "elapsed": 0.524105, "delta": 0.000997}}
{"target": 3.169858995087918, "params": {"Bgrad": 1.7987355243747587, "d1": -1.3151794766535712, "d2": -3.0, "d3": -2.595421265308867, "d4": -2.0668621163407526, "p1": 25.004444165497272, "p2": 32.046807106208675, "p3": 44.510207837180054, "p4": 44.73960721484029, "pol1": -0.5281810513567755, "pol2": 0.5320976435258357, "pol3": -0.8216311124488231, "pol4": -0.7179453803848885, "v0s": 3.169858995087918}, "datetime": {"datetime": "2022-06-24 23:42:08", "elapsed": 0.525102, "delta": 0.000997}}
{"target": 3.169858995087918, "params": {"Bgrad": 1.7987355243747587, "d1": -1.3151794766535712, "d2": -3.0, "d3": -2.595421265308867, "d4": -2.0668621163407526, "p1": 25.004444165497272, "p2": 32.046807106208675, "p3": 44.510207837180054, "p4": 44.73960721484029, "pol1": -0.5281810513567755, "pol2": 0.5320976435258357, "pol3": -0.8216311124488231, "pol4": -0.7179453803848885, "v0s": 3.169858995087918}, "datetime": {"datetime": "2022-06-24 23:42:08", "elapsed": 0.527097, "delta": 0.001995}}
