{"target": -1.0, "params": {"Bgrad": 1.442854784038105, "d1": -0.08718319530478968, "d2": -0.4045533392551488, "d3": 0.7934590810634896, "d4": -2.0116625946109075, "p1": 7.614860868782497, "p2": 37.888854040854355, "p3": 26.39798561824825, "p4": 15.748926343685243, "pol1": 0.17258609144528148, "pol2": 0.06301791624029418, "pol3": 0.6638461618638212, "pol4": 0.14725587738457424, "v0s": 7.7177604262506545}, "datetime": {"datetime": "2022-04-28 17:21:30", "elapsed": 6603.500188, "delta": 11.03649}}
{"target": -1.0, "params": {"Bgrad": 0.9809268801681967, "d1": -0.6822941464060293, "d2": -1.4307641122126369, "d3": -1.8875564530113156, "d4": -2.5577896184759656, "p1": 37.97783309061038, "p2": 47.634081004067426, "p3": 15.448597423970972, "p4": 49.482113371007905, "pol1": 0.7813189538681704, "pol2": 0.0533231491484949, "pol3": 0.3982397114223024, "pol4": -0.9384458527442556, "v0s": 4.749041249756852}, "datetime": {"datetime": "2022-04-28 17:21:42", "elapsed": 6614.81294, "delta": 11.312752}}
{"target": -1.0, "params": {"Bgrad": 0.8592252914075502, "d1": 0.9994266075610154, "d2": -0.4314692365659023, "d3": 0.7636419636467848, "d4": 0.346365986994412, "p1": 21.821555151635575, "p2": 45.45161331001978, "p3": 11.198836717592203, "p4": 24.92191216839723, "pol1": -0.978797334006303, "pol2": -0.5950269707498463, "pol3": 0.950588770342464, "pol4": -0.2409800274703433, "v0s": 5.208261220194949}, "datetime": {"datetime": "2022-04-28 17:21:51", "elapsed": 6624.388338, "delta": 9.575398}}
{"target": -1.0, "params": {"Bgrad": 1.798265416521229, "d1": -1.9572389020346583, "d2": -2.6208446276271498, "d3": -2.2389876939040105, "d4": -2.6603010577540394, "p1": 3.6070041043262946, "p2": 31.724360862967, "p3": 45.437990756778724, "p4": 2.056985909261061, "pol1": -0.5381196796971501, "pol2": -0.5758607456539775, "pol3": -0.29819069953949207, "pol4": 0.036639201659268705, "v0s": 5.357130207966562}, "datetime": {"datetime": "2022-04-28 17:22:05", "elapsed": 6638.490631, "delta": 14.102293}}
{"target": -1.0, "params": {"Bgrad": 0.9646399540031098, "d1": -0.6232399498399332, "d2": -2.033163433082444, "d3": -2.18389391760649, "d4": -2.6861453751203146, "p1": 49.806720130359345, "p2": 45.36945026316006, "p3": 35.98328611980162, "p4": 39.52503804405784, "pol1": 0.37570575405709605, "pol2": 0.3009810289282553, "pol3": -0.12433795883792254, "pol4": -0.7435119665929395, "v0s": 7.5726138841773025}, "datetime": {"datetime": "2022-04-28 17:22:16", "elapsed": 6648.809041, "delta": 10.31841}}
{"target": -1.0, "params": {"Bgrad": 1.3398389036191707, "d1": 0.5647174226897484, "d2": -2.8130315960085883, "d3": -2.652440609244473, "d4": -0.11918002113563286, "p1": 45.67270035890234, "p2": 13.42204145912747, "p3": 36.331526108095666, "p4": 42.26513553321901, "pol1": -0.21078417710980846, "pol2": -0.5720911348336417, "pol3": 0.2197938764840317, "pol4": 0.00874034003942259, "v0s": 3.2648614308891792}, "datetime": {"datetime": "2022-04-28 17:22:33", "elapsed": 6666.455857, "delta": 17.646816}}
{"target": -1.0, "params": {"Bgrad": 1.1000913102838448, "d1": -0.8076097380731819, "d2": -0.4289658615281047, "d3": -0.31797699825604697, "d4": 0.5217843699967992, "p1": 38.3041632237671, "p2": 38.800867243584804, "p3": 11.401453355259555, "p4": 28.738543959169228, "pol1": 0.3064868310735347, "pol2": -0.6353530140625072, "pol3": -0.45572060200880404, "pol4": 0.34605171898420206, "v0s": 5.531457667508426}, "datetime": {"datetime": "2022-04-28 17:22:46", "elapsed": 6679.39127, "delta": 12.935413}}
{"target": -1.0, "params": {"Bgrad": 1.0423450315240796, "d1": -2.911240774875752, "d2": -0.4923538068962632, "d3": -1.580511566990293, "d4": 0.0465187733016208, "p1": 47.2877628929551, "p2": 48.13222960465337, "p3": 3.051537017893252, "p4": 23.89928829736136, "pol1": 0.23052332247024276, "pol2": -0.14126863656884825, "pol3": -0.17202587377343304, "pol4": 0.9641480034561045, "v0s": 7.106463857540455}, "datetime": {"datetime": "2022-04-28 17:22:57", "elapsed": 6689.763536, "delta": 10.372266}}
{"target": -1.0, "params": {"Bgrad": 0.9833516566118258, "d1": -0.3271999287859715, "d2": 0.01111745811260434, "d3": -0.8636798627059918, "d4": 0.9514281163777709, "p1": 47.474854668322955, "p2": 7.071111393768003, "p3": 42.44856331079808, "p4": 6.824030777906165, "pol1": -0.4363353624606148, "pol2": -0.7849249622382994, "pol3": 0.5660791453894185, "pol4": 0.3762035321198256, "v0s": 5.8656965553407385}, "datetime": {"datetime": "2022-04-28 17:23:07", "elapsed": 6700.191654, "delta": 10.428118}}
{"target": -1.0, "params": {"Bgrad": 0.5309519311180664, "d1": -1.7171395770458373, "d2": -2.4069689002380596, "d3": 0.10561281851609383, "d4": -0.9127313481289354, "p1": 26.327980080668556, "p2": 39.527980267677606, "p3": 15.012969219751998, "p4": 1.1783356539363021, "pol1": -0.6105605530269249, "pol2": -0.6245471513028227, "pol3": 0.3522337206553574, "pol4": 0.6201810963024239, "v0s": 4.8311505396874885}, "datetime": {"datetime": "2022-04-28 17:23:13", "elapsed": 6706.470864, "delta": 6.27921}}
{"target": -1.0, "params": {"Bgrad": 1.5861504364284364, "d1": -2.9460565177252276, "d2": -1.7057774980516647, "d3": -0.8143703792574453, "d4": -2.9003770724600653, "p1": 10.13733501490196, "p2": 46.73655964719222, "p3": 21.5925281270288, "p4": 40.988692268797415, "pol1": -0.2576866005362477, "pol2": -0.3762019844720845, "pol3": 0.7072626759969884, "pol4": 0.32056846194343813, "v0s": 5.507775034559474}, "datetime": {"datetime": "2022-04-28 17:23:32", "elapsed": 6725.499983, "delta": 19.029119}}
{"target": -1.0, "params": {"Bgrad": 0.6181926878519016, "d1": -1.6253303723712151, "d2": -0.6266345443364321, "d3": 0.7046353270947154, "d4": -1.4271776019676228, "p1": 41.38020855497089, "p2": 46.235272736098956, "p3": 38.01341342951535, "p4": 1.4909517500707181, "pol1": -0.1850565181414947, "pol2": 0.7793303918619605, "pol3": -0.8278536766650837, "pol4": 0.3314253614344673, "v0s": 3.3929114893206487}, "datetime": {"datetime": "2022-04-28 17:23:40", "elapsed": 6732.792484, "delta": 7.292501}}
{"target": -1.0, "params": {"Bgrad": 1.6378153450688677, "d1": -2.302496081090971, "d2": -0.38760107009001166, "d3": -0.38250071313557177, "d4": -1.3422285807999579, "p1": 18.183631695252178, "p2": 30.562266052146665, "p3": 13.178763443917923, "p4": 6.843202806069132, "pol1": -0.6552665296005213, "pol2": -0.7770241671078826, "pol3": -0.24626376071416733, "pol4": 0.9737913186158873, "v0s": 6.1382718918957675}, "datetime": {"datetime": "2022-04-28 17:23:56", "elapsed": 6749.352207, "delta": 16.559723}}
{"target": -1.0, "params": {"Bgrad": 0.763427813273748, "d1": -2.115614411641132, "d2": -2.2983159311314516, "d3": -1.6301027229544043, "d4": -0.7883760043545749, "p1": 11.290981556086699, "p2": 41.27995352852711, "p3": 25.955840996851016, "p4": 42.226664442052154, "pol1": 0.4016631737387266, "pol2": -0.2781944560873213, "pol3": -0.3540087276354371, "pol4": -0.6896282329751526, "v0s": 3.0976181082943617}, "datetime": {"datetime": "2022-04-28 17:24:02", "elapsed": 6755.16666, "delta": 5.814453}}
{"target": -1.0, "params": {"Bgrad": 0.7666672535206711, "d1": -1.167923350748599, "d2": 0.5022383532200121, "d3": 0.5969055844026241, "d4": -0.52369228232594, "p1": 36.80668846918999, "p2": 37.594914289634715, "p3": 6.813975834655461, "p4": 24.96517235698047, "pol1": -0.33437406862954, "pol2": -0.5237467979356527, "pol3": 0.26510315732470446, "pol4": -0.8090182187461068, "v0s": 5.020035751365946}, "datetime": {"datetime": "2022-04-28 17:24:10", "elapsed": 6763.261018, "delta": 8.094358}}
{"target": -1.0, "params": {"Bgrad": 0.5969218597503212, "d1": 0.19524961276793418, "d2": -1.0144122688659163, "d3": -2.8514579702627514, "d4": -0.46352155645157644, "p1": 13.336718628462647, "p2": 15.520729809165523, "p3": 39.01045769499478, "p4": 24.716630411121145, "pol1": -0.9902733199918263, "pol2": 0.6296913971224403, "pol3": 0.9344521946911797, "pol4": 0.3008772983171286, "v0s": 4.127269416981724}, "datetime": {"datetime": "2022-04-28 17:24:16", "elapsed": 6769.383646, "delta": 6.122628}}
{"target": -1.0, "params": {"Bgrad": 1.9345199590634392, "d1": -0.6593173502089096, "d2": 0.45427801695409187, "d3": 0.5161201258700476, "d4": -0.7493048531221298, "p1": 17.115533045486647, "p2": 26.185968101782148, "p3": 34.04795227195988, "p4": 15.283477994626448, "pol1": 0.2572054716382246, "pol2": -0.8901008369677128, "pol3": -0.4786005171668861, "pol4": 0.7039809268494785, "v0s": 7.63954524183342}, "datetime": {"datetime": "2022-04-28 17:24:30", "elapsed": 6783.378227, "delta": 13.994581}}
{"target": -1.0, "params": {"Bgrad": 1.1566306726069686, "d1": -1.5414440183065228, "d2": -1.8331273727533661, "d3": 0.37981969681562955, "d4": -0.8917619998098054, "p1": 16.04937245642364, "p2": 27.143369214190315, "p3": 34.37918992303452, "p4": 30.78526381011542, "pol1": -0.9548268437042098, "pol2": 0.5379036972078828, "pol3": 0.3599719914295336, "pol4": -0.8212101367994702, "v0s": 2.9507129534735776}, "datetime": {"datetime": "2022-04-28 17:24:42", "elapsed": 6794.751817, "delta": 11.37359}}
{"target": 4.481076929316166, "params": {"Bgrad": 0.9332446940065849, "d1": -2.040193489656453, "d2": 0.45986590645826775, "d3": -1.1273903335474387, "d4": -1.4591218028343538, "p1": 24.30759740600822, "p2": 24.557910784758285, "p3": 9.541503625489883, "p4": 32.99844720890326, "pol1": -0.9571439302002396, "pol2": -0.12622697145090545, "pol3": 0.9674665470886907, "pol4": -0.47401479764321564, "v0s": 4.481076929316166}, "datetime": {"datetime": "2022-04-28 17:24:46", "elapsed": 6799.467208, "delta": 4.715391}}
{"target": -1.0, "params": {"Bgrad": 0.9621428180669238, "d1": -2.2491218386117993, "d2": -1.427422988589793, "d3": -0.6238422485370947, "d4": -2.334465615796111, "p1": 27.821009297900424, "p2": 3.300403615773695, "p3": 20.199691148578513, "p4": 41.73231693171804, "pol1": 0.22187995182991616, "pol2": 0.38793355016840536, "pol3": 0.9663601006614524, "pol4": -0.34013939308075036, "v0s": 2.631205603713539}, "datetime": {"datetime": "2022-04-28 17:24:51", "elapsed": 6804.162653, "delta": 4.695445}}
{"target": -1.0, "params": {"Bgrad": 0.6517073537950224, "d1": 0.5274007925161963, "d2": -1.1059760969985897, "d3": -1.7106569301491614, "d4": -1.4610888639591648, "p1": 2.1588703541293883, "p2": 45.28438638925889, "p3": 46.82380095473516, "p4": 29.878256871558612, "pol1": -0.15680927270203338, "pol2": 0.9638181927363159, "pol3": 0.6954936004400083, "pol4": -0.7147522151482884, "v0s": 4.136617811434653}, "datetime": {"datetime": "2022-04-28 17:24:58", "elapsed": 6810.829827, "delta": 6.667174}}
{"target": -1.0, "params": {"Bgrad": 0.7317870288614499, "d1": -1.7704580646197217, "d2": -0.6081906290980936, "d3": -1.296995058028965, "d4": -0.2024619448066396, "p1": 33.9778471354074, "p2": 17.940378415841824, "p3": 13.588387624118642, "p4": 18.696987386758014, "pol1": 0.35828632075151057, "pol2": 0.9031229692099025, "pol3": -0.02804398590378887, "pol4": -0.5242563527942878, "v0s": 3.5877198163522976}, "datetime": {"datetime": "2022-04-28 17:25:05", "elapsed": 6818.303843, "delta": 7.474016}}
{"target": -1.0, "params": {"Bgrad": 1.6002875453235252, "d1": -1.97626760888248, "d2": -2.2780324295397816, "d3": -2.9869672793196735, "d4": -0.22294759201026926, "p1": 19.736066194477974, "p2": 13.458590743024912, "p3": 9.14796325803392, "p4": 43.899878865628374, "pol1": -0.08288286945714463, "pol2": 0.3670092860138323, "pol3": 0.6657965327257944, "pol4": 0.292209995395702, "v0s": 5.463346314441247}, "datetime": {"datetime": "2022-04-28 17:25:18", "elapsed": 6830.922104, "delta": 12.618261}}
{"target": -1.0, "params": {"Bgrad": 1.0732069734812648, "d1": -2.2842520994545614, "d2": -0.5915989633235403, "d3": -2.026901219791451, "d4": -2.67770804140094, "p1": 3.0695804430913687, "p2": 27.379641914243535, "p3": 42.2437831446098, "p4": 27.841715477274626, "pol1": 0.5114014736684447, "pol2": 0.8651971322798708, "pol3": -0.8327566235191948, "pol4": 0.5836001721786592, "v0s": 4.9658815803602225}, "datetime": {"datetime": "2022-04-28 17:25:29", "elapsed": 6842.284722, "delta": 11.362618}}
{"target": -1.0, "params": {"Bgrad": 1.4671065603215732, "d1": 0.5080540909963158, "d2": -1.9350094145469843, "d3": -1.0193593518602904, "d4": -0.19238247295705113, "p1": 25.099695634991626, "p2": 15.413915643751587, "p3": 29.24081045887268, "p4": 3.118308858521396, "pol1": -0.14344710081179368, "pol2": 0.914396357415016, "pol3": 0.7022626679434403, "pol4": 0.551684296815971, "v0s": 4.2047926727985026}, "datetime": {"datetime": "2022-04-28 17:25:40", "elapsed": 6853.130722, "delta": 10.846}}
{"target": -1.0, "params": {"Bgrad": 0.7446905437660322, "d1": 0.04881214323753502, "d2": 0.6826683158647913, "d3": 0.27089894578656315, "d4": -2.3358125648890016, "p1": 49.18831637927732, "p2": 43.87447816926958, "p3": 18.944503407618896, "p4": 6.888761205303428, "pol1": 0.28082212269040463, "pol2": -0.3439930120933068, "pol3": 0.10059482905826567, "pol4": -0.6786091428459018, "v0s": 2.980840532282982}, "datetime": {"datetime": "2022-04-28 17:25:47", "elapsed": 6860.354407, "delta": 7.223685}}
{"target": -1.0, "params": {"Bgrad": 1.376139794612956, "d1": 0.7717422535006957, "d2": -1.1842777619445441, "d3": 0.10486887941183598, "d4": -2.856388346450575, "p1": 1.5539076424005982, "p2": 24.706514300873128, "p3": 20.860315235318343, "p4": 11.711118539379134, "pol1": -0.1074854867448587, "pol2": 0.8644479899459685, "pol3": -0.5845066500506348, "pol4": -0.7908241773505438, "v0s": 3.5183481472472975}, "datetime": {"datetime": "2022-04-28 17:26:01", "elapsed": 6874.256236, "delta": 13.901829}}
{"target": -1.0, "params": {"Bgrad": 1.5071420049653201, "d1": -0.5367617835550109, "d2": 0.5359889992407569, "d3": -0.8813375074333716, "d4": 0.9311347728955295, "p1": 38.1283112655494, "p2": 18.290643205112378, "p3": 12.053922928520228, "p4": 12.521962118960356, "pol1": 0.11626544300786934, "pol2": -0.6976876585303822, "pol3": -0.88057019165105, "pol4": -0.03845098424251936, "v0s": 3.7028526377400777}, "datetime": {"datetime": "2022-04-28 17:26:12", "elapsed": 6885.174044, "delta": 10.917808}}
{"target": -1.0, "params": {"Bgrad": 0.698843410391427, "d1": -1.2189019436836475, "d2": 0.886991297736651, "d3": -1.3173815480019915, "d4": -2.5220086083450592, "p1": 22.706239653172457, "p2": 23.91672654685888, "p3": 17.537154760098762, "p4": 43.31130731083487, "pol1": 0.10672142144840668, "pol2": -0.6527033085359739, "pol3": 0.5177904738374355, "pol4": 0.07485232613097303, "v0s": 6.283261637393639}, "datetime": {"datetime": "2022-04-28 17:26:19", "elapsed": 6891.847201, "delta": 6.673157}}
{"target": 3.589351821526603, "params": {"Bgrad": 1.0941803485283303, "d1": 0.9121023392237397, "d2": -1.5444035726271834, "d3": -2.8926651280530473, "d4": -0.08512328778143807, "p1": 8.360879130847387, "p2": 23.352887608889716, "p3": 40.02442033854736, "p4": 16.297767442351763, "pol1": -0.6300311277048718, "pol2": 0.7171390761158176, "pol3": -0.5832722338949596, "pol4": -0.6530403459151293, "v0s": 3.589351821526603}, "datetime": {"datetime": "2022-04-28 17:26:28", "elapsed": 6900.993745, "delta": 9.146544}}
{"target": -1.0, "params": {"Bgrad": 1.8296593708339493, "d1": -1.7718821068415291, "d2": 0.9065790945794872, "d3": -2.1342868985867325, "d4": -0.6084050620034054, "p1": 41.533703357961016, "p2": 31.58201873562911, "p3": 30.664797259744258, "p4": 3.640656376319973, "pol1": 0.12258986946383632, "pol2": -0.21817852058219778, "pol3": -0.9577531431405513, "pol4": -0.8740074985349566, "v0s": 7.190948290246485}, "datetime": {"datetime": "2022-04-28 17:26:44", "elapsed": 6917.187446, "delta": 16.193701}}
{"target": -1.0, "params": {"Bgrad": 0.7937603112330857, "d1": -2.1703901819449856, "d2": -1.7434890238276592, "d3": -1.1297260906454403, "d4": -2.764609017916028, "p1": 45.28778428451474, "p2": 20.298904147051378, "p3": 38.539297994034115, "p4": 15.465146173654842, "pol1": 0.09918083942418487, "pol2": -0.1278385238713411, "pol3": -0.4608773459125597, "pol4": -0.7214130650626438, "v0s": 6.86564516371066}, "datetime": {"datetime": "2022-04-28 17:26:52", "elapsed": 6925.396497, "delta": 8.209051}}
{"target": -1.0, "params": {"Bgrad": 1.2216431976639797, "d1": -1.5510623462435964, "d2": -1.5160724168387825, "d3": -1.7810883715621122, "d4": -1.4370647728220667, "p1": 38.13099900839565, "p2": 5.56924437023652, "p3": 21.191480095200905, "p4": 38.939621321616805, "pol1": -0.6000161551900369, "pol2": 0.31868104291807575, "pol3": -0.9355661590161277, "pol4": -0.14644890200063632, "v0s": 5.586518138729482}, "datetime": {"datetime": "2022-04-28 17:27:03", "elapsed": 6935.887445, "delta": 10.490948}}
{"target": -1.0, "params": {"Bgrad": 1.5390474093366777, "d1": -1.0096598540517063, "d2": -2.9221361229030136, "d3": 0.034426707571182824, "d4": 0.04191077666686294, "p1": 25.17862590534393, "p2": 26.18340664481172, "p3": 6.688962524631592, "p4": 36.10659429950257, "pol1": -0.682426653297306, "pol2": 0.06452656732381978, "pol3": 0.6758543885987123, "pol4": -0.7103183285271433, "v0s": 5.985321808432692}, "datetime": {"datetime": "2022-04-28 17:27:14", "elapsed": 6947.379717, "delta": 11.492272}}
{"target": -1.0, "params": {"Bgrad": 1.431327296110259, "d1": 0.5293875713928076, "d2": 0.11809690177739318, "d3": -1.3104528303112928, "d4": 0.7574888410152418, "p1": 24.507834068330908, "p2": 20.93851164264633, "p3": 34.54567454189174, "p4": 8.374493550199757, "pol1": 0.6545823923389453, "pol2": 0.2711404386070744, "pol3": -0.8988022157823274, "pol4": -0.3194420026938358, "v0s": 2.4573601118528305}, "datetime": {"datetime": "2022-04-28 17:27:31", "elapsed": 6964.267562, "delta": 16.887845}}
{"target": -1.0, "params": {"Bgrad": 1.644057580150979, "d1": 0.005318781373354398, "d2": 0.6600206575367769, "d3": -0.8964860845379228, "d4": 0.6639828592631773, "p1": 27.54965721197457, "p2": 40.42062410640764, "p3": 11.340417934922591, "p4": 40.847056938129356, "pol1": -0.029789668076522613, "pol2": 0.4487118925824578, "pol3": -0.30345538566013963, "pol4": -0.1746390907681179, "v0s": 2.1456728470698856}, "datetime": {"datetime": "2022-04-28 17:27:47", "elapsed": 6980.408405, "delta": 16.140843}}
{"target": -1.0, "params": {"Bgrad": 0.7075633581154969, "d1": 0.850289057634753, "d2": -1.624080173130952, "d3": -0.6363310892057465, "d4": 0.4816790008145384, "p1": 36.35379918288308, "p2": 41.869962135913, "p3": 20.37008884296485, "p4": 28.25194529218411, "pol1": -0.08376450057869733, "pol2": -0.8929338399184965, "pol3": -0.6197511119590269, "pol4": 0.3645464746215712, "v0s": 4.064278677619765}, "datetime": {"datetime": "2022-04-28 17:27:55", "elapsed": 6988.031023, "delta": 7.622618}}
{"target": -1.0, "params": {"Bgrad": 1.410376883623263, "d1": 0.5165604586461678, "d2": 0.6573178369376662, "d3": 0.9429846927756671, "d4": -1.8524745586919638, "p1": 45.83006134747373, "p2": 22.301031227102115, "p3": 44.86449424053187, "p4": 8.397738363811946, "pol1": -0.2831738208882828, "pol2": -0.8086038297422884, "pol3": 0.5945186497556172, "pol4": -0.48086794001402966, "v0s": 4.667804491724954}, "datetime": {"datetime": "2022-04-28 17:28:09", "elapsed": 7001.824143, "delta": 13.79312}}
{"target": -1.0, "params": {"Bgrad": 1.8087174150883518, "d1": -2.760066226451317, "d2": -1.2628783058914927, "d3": -2.5471502925964273, "d4": 0.33731957142964397, "p1": 35.80066469602065, "p2": 29.303198743416687, "p3": 2.7644076409750475, "p4": 7.7611628692342505, "pol1": 0.1774660787886586, "pol2": -0.8796797637654223, "pol3": -0.7242561054804888, "pol4": -0.38912534743706195, "v0s": 5.931988086553503}, "datetime": {"datetime": "2022-04-28 17:28:22", "elapsed": 7014.638878, "delta": 12.814735}}
{"target": -1.0, "params": {"Bgrad": 1.822965803679055, "d1": -0.4357357008592575, "d2": -0.16575915059588864, "d3": -0.28407293810413714, "d4": -2.096400810956492, "p1": 0.9399406997393445, "p2": 40.10790750457406, "p3": 44.42507411195585, "p4": 41.93703977662558, "pol1": 0.1509158944373703, "pol2": -0.43390433828485286, "pol3": -0.5322984317778119, "pol4": -0.6440808479502433, "v0s": 6.524939614484339}, "datetime": {"datetime": "2022-04-28 17:28:37", "elapsed": 7029.664702, "delta": 15.025824}}
{"target": -1.0, "params": {"Bgrad": 1.1581993420383672, "d1": -0.007233393208876837, "d2": -1.61607835590191, "d3": -1.2485796971521093, "d4": 0.12432728656343972, "p1": 23.684878110762863, "p2": 6.274656183719135, "p3": 30.063918827451964, "p4": 7.875550145455468, "pol1": -0.7579998708683053, "pol2": 0.9060773878777788, "pol3": 0.2996047679403986, "pol4": -0.970824066201758, "v0s": 3.9448720872955647}, "datetime": {"datetime": "2022-04-28 17:28:45", "elapsed": 7038.393364, "delta": 8.728662}}
{"target": -1.0, "params": {"Bgrad": 1.8370518767804098, "d1": -1.8668029261003887, "d2": -0.09800922932877487, "d3": 0.7070269074550644, "d4": 0.46814475727086213, "p1": 43.98691297925609, "p2": 25.5548372514504, "p3": 46.986491517550505, "p4": 11.158384242271685, "pol1": 0.2122206412100962, "pol2": -0.9073805843359319, "pol3": 0.1007843370221495, "pol4": 0.9578442895186181, "v0s": 4.2212229152581635}, "datetime": {"datetime": "2022-04-28 17:29:00", "elapsed": 7053.021251, "delta": 14.627887}}
{"target": -1.0, "params": {"Bgrad": 1.1265910564749801, "d1": -0.40057264550914384, "d2": -1.6882883109322013, "d3": -2.3280244644648063, "d4": 0.40963426254535573, "p1": 15.389416945119494, "p2": 41.14404629457672, "p3": 18.676204080446823, "p4": 13.133147336290213, "pol1": -0.7529061961724364, "pol2": -0.20564238541513813, "pol3": 0.991337236545415, "pol4": -0.7668170351785704, "v0s": 6.33722886985502}, "datetime": {"datetime": "2022-04-28 17:29:11", "elapsed": 7064.344974, "delta": 11.323723}}
