{"target": -1.0, "params": {"Bgrad": 1.6138820865448202, "d1": -0.09159524638529248, "d2": 0.4351630250678591, "d3": 0.6920121630146614, "d4": 0.6083040060993783, "p1": 19.787513078259032, "p2": 4.2010639899362605, "p3": 41.47868592290745, "p4": 26.946577665381717, "pol1": 0.08415230947824592, "pol2": 0.6503506611328391, "pol3": -0.9360316312484522, "pol4": 0.7559208374503135, "v0s": 2.207804008026322}, "datetime": {"datetime": "2022-04-14 18:06:05", "elapsed": 8785.391844, "delta": 13.220653}}
{"target": -1.0, "params": {"Bgrad": 1.539791837567582, "d1": -0.6500620825983634, "d2": -0.43300327666561333, "d3": -1.5036792490469755, "d4": -1.8981518933995836, "p1": 25.470429071938117, "p2": 44.291155857486075, "p3": 28.264483518278418, "p4": 33.15744457321584, "pol1": -0.11724153809299831, "pol2": 0.9442781742429043, "pol3": 0.48504490470341954, "pol4": -0.2901949782984532, "v0s": 5.9211861959819565}, "datetime": {"datetime": "2022-04-14 18:06:22", "elapsed": 8801.884747, "delta": 16.492903}}
{"target": -1.0, "params": {"Bgrad": 1.3139246178075805, "d1": 0.5362248495147441, "d2": -1.8997837957383532, "d3": -2.5677300593106507, "d4": -2.2349117930353195, "p1": 19.35231163025429, "p2": 42.70298974671572, "p3": 13.542245691795829, "p4": 31.317940160434183, "pol1": 0.2471036020911166, "pol2": -0.18390572930414262, "pol3": -0.8993297406810965, "pol4": 0.4896677460649854, "v0s": 3.774353206543287}, "datetime": {"datetime": "2022-04-14 18:06:36", "elapsed": 8816.104727, "delta": 14.21998}}
{"target": 5.009418159296921, "params": {"Bgrad": 1.115441461151791, "d1": -1.1417937659573552, "d2": 0.12746717346206005, "d3": -2.277469799951841, "d4": 0.35622543955637687, "p1": 16.61299233441489, "p2": 15.256730073148377, "p3": 25.061935509271304, "p4": 23.642989684208217, "pol1": -0.5299976095800836, "pol2": 0.6062762815452098, "pol3": 0.8688414448304322, "pol4": -0.3380049563285463, "v0s": 5.009418159296921}, "datetime": {"datetime": "2022-04-14 18:06:46", "elapsed": 8826.641555, "delta": 10.536828}}
{"target": -1.0, "params": {"Bgrad": 1.79081010863718, "d1": -2.900304225104714, "d2": -0.4763775346690693, "d3": 0.5941616216361796, "d4": -2.4698425288498984, "p1": 27.80528451518928, "p2": 11.120480143381045, "p3": 39.837439344422236, "p4": 38.318993856346914, "pol1": -0.9738153931807516, "pol2": 0.08520716509850446, "pol3": 0.9548993464076199, "pol4": 0.11113996727284348, "v0s": 3.5035495719805807}, "datetime": {"datetime": "2022-04-14 18:08:18", "elapsed": 8918.611657, "delta": 91.970102}}
{"target": -1.0, "params": {"Bgrad": 1.7784388846881474, "d1": -1.888108611632377, "d2": 0.7182499898737751, "d3": -2.6587315253635078, "d4": -2.6807373498745766, "p1": 14.381296305258479, "p2": 19.03204492770679, "p3": 21.251868816806134, "p4": 20.43273221781108, "pol1": -0.6526009364641518, "pol2": -0.5762022552611632, "pol3": -0.49625715265144166, "pol4": 0.4894011268522993, "v0s": 6.619087999766086}, "datetime": {"datetime": "2022-04-14 18:08:41", "elapsed": 8941.345873, "delta": 22.734216}}
{"target": 4.341076320335588, "params": {"Bgrad": 0.9014985182489477, "d1": -0.3061522241055088, "d2": 0.9793707264486895, "d3": -1.8153424784897423, "d4": -0.7427184787114114, "p1": 16.452980757345014, "p2": 18.338494435689583, "p3": 24.66367470640124, "p4": 21.527244988416367, "pol1": -0.46926499815761447, "pol2": -0.39335645244336725, "pol3": 0.7888509574597389, "pol4": 0.7028757412399358, "v0s": 4.341076320335588}, "datetime": {"datetime": "2022-04-14 18:08:52", "elapsed": 8951.697197, "delta": 10.351324}}
{"target": -1.0, "params": {"Bgrad": 1.5390642109643065, "d1": -2.447040003351026, "d2": -1.9966182934502705, "d3": -0.5844599189152864, "d4": -2.9585030402848678, "p1": 6.195111078743615, "p2": 1.4853208547941643, "p3": 40.75941069910518, "p4": 43.59786357268597, "pol1": -0.5898888629332277, "pol2": -0.6926940704601234, "pol3": -0.15639460618340362, "pol4": 0.683059122127565, "v0s": 3.509003411946779}, "datetime": {"datetime": "2022-04-14 18:09:02", "elapsed": 8962.287881, "delta": 10.590684}}
{"target": 2.626403429180616, "params": {"Bgrad": 1.7130549491062546, "d1": -0.7140217044317736, "d2": 0.9652068235082871, "d3": -2.528643304838964, "d4": 0.42271109085796343, "p1": 11.866799515174941, "p2": 27.797886243612922, "p3": 47.70418702322029, "p4": 20.761630347966353, "pol1": -0.20729895497387596, "pol2": 0.6143219013191417, "pol3": 0.5532556473911745, "pol4": -0.707743247964431, "v0s": 2.626403429180616}, "datetime": {"datetime": "2022-04-14 18:09:29", "elapsed": 8988.817948, "delta": 26.530067}}
{"target": -1.0, "params": {"Bgrad": 1.5595769952340113, "d1": -0.8790301365028608, "d2": 0.7483581659431869, "d3": 0.8746278696248412, "d4": -0.4589583325673999, "p1": 4.163091783707646, "p2": 1.5860470207518649, "p3": 40.463597874864995, "p4": 45.75326221260566, "pol1": -0.4874427806965516, "pol2": -0.27898062452363664, "pol3": -0.6647628958748449, "pol4": 0.41405839003152045, "v0s": 5.114140237294612}, "datetime": {"datetime": "2022-04-14 18:09:49", "elapsed": 9009.543535, "delta": 20.725587}}
{"target": -1.0, "params": {"Bgrad": 1.5088860478815138, "d1": -2.6509469308622458, "d2": -2.194017802787389, "d3": -1.5557993650577395, "d4": -0.49691762434939557, "p1": 3.959772784352383, "p2": 1.5482437996335918, "p3": 37.794913247239165, "p4": 44.29962556103534, "pol1": -0.035716008374603314, "pol2": -0.8117871412494257, "pol3": -0.6207858863098004, "pol4": 0.22190254631433648, "v0s": 3.156873008285504}, "datetime": {"datetime": "2022-04-14 18:09:58", "elapsed": 9018.213356, "delta": 8.669821}}
{"target": 3.2659609840789177, "params": {"Bgrad": 1.2135073572983424, "d1": -2.0547923521032123, "d2": -0.10238491673221395, "d3": 0.027296752761520438, "d4": -0.051964518152822325, "p1": 1.4319297020028987, "p2": 34.35701809099856, "p3": 19.154559752308774, "p4": 11.449430307064446, "pol1": -0.797333132425895, "pol2": 0.4494157464764428, "pol3": -0.7363231313113316, "pol4": 0.005429864792573458, "v0s": 3.2659609840789177}, "datetime": {"datetime": "2022-04-14 18:10:05", "elapsed": 9025.02215, "delta": 6.808794}}
{"target": -1.0, "params": {"Bgrad": 1.3316837693233592, "d1": -2.7557608221916485, "d2": 0.7041938576645514, "d3": 0.7636199674719091, "d4": -1.3560378562176658, "p1": 17.190445322534448, "p2": 15.438507867628381, "p3": 24.49248445986446, "p4": 22.839785227261622, "pol1": -0.6309660645194355, "pol2": 0.8622174374594274, "pol3": -0.7818206129044247, "pol4": 0.7525661695883226, "v0s": 6.016760037009701}, "datetime": {"datetime": "2022-04-14 18:10:21", "elapsed": 9040.955549, "delta": 15.933399}}
{"target": -1.0, "params": {"Bgrad": 1.825150088408182, "d1": -1.4356595630479232, "d2": -1.753713129787399, "d3": 0.6448664589576167, "d4": 0.23961254788956632, "p1": 5.454325754327593, "p2": 2.2425912429256236, "p3": 39.149734171693446, "p4": 43.1660572138935, "pol1": 0.809891527773779, "pol2": 0.3922682813959504, "pol3": 0.6673649356120404, "pol4": 0.8219892886358031, "v0s": 3.6041012740498815}, "datetime": {"datetime": "2022-04-14 18:10:39", "elapsed": 9059.03521, "delta": 18.079661}}
{"target": -1.0, "params": {"Bgrad": 1.6340159297126324, "d1": -1.8088983609917055, "d2": -0.27816800827339794, "d3": -1.851121530642808, "d4": -0.6279149169696749, "p1": 13.958696943694433, "p2": 19.62932609745034, "p3": 23.711588036893332, "p4": 22.25349817425551, "pol1": 0.4394091740726087, "pol2": 0.5790515121207691, "pol3": -0.12360189897402063, "pol4": 0.08881485401508082, "v0s": 5.673570008349191}, "datetime": {"datetime": "2022-04-14 18:11:02", "elapsed": 9081.961912, "delta": 22.926702}}
{"target": -1.0, "params": {"Bgrad": 1.7313573778087834, "d1": -1.4953831430903195, "d2": -1.8540905614318834, "d3": -1.036931667612044, "d4": -0.7055901843745236, "p1": 8.28230313897189, "p2": 0.46511297527481177, "p3": 40.34512603016694, "p4": 43.547854652926425, "pol1": -0.8161013065796252, "pol2": -0.7972399123881271, "pol3": -0.5663249939717294, "pol4": -0.9778405104122361, "v0s": 2.948993075053586}, "datetime": {"datetime": "2022-04-14 18:11:15", "elapsed": 9095.642335, "delta": 13.680423}}
{"target": -1.0, "params": {"Bgrad": 1.825808793353044, "d1": -0.1572985645724731, "d2": 1.0, "d3": -2.5379533275719814, "d4": -1.608166447466463, "p1": 45.195556246389735, "p2": 2.499957003139178, "p3": 47.27149482172145, "p4": 27.48315063486661, "pol1": 0.018584620055341543, "pol2": 1.0, "pol3": -1.0, "pol4": 0.18426343260147593, "v0s": 2.0}, "datetime": {"datetime": "2022-04-14 18:11:22", "elapsed": 9101.895615, "delta": 6.25328}}
{"target": 3.5657590878358896, "params": {"Bgrad": 1.7839505410802061, "d1": -2.7456179187227376, "d2": 0.3529158437646269, "d3": -2.7246215333897106, "d4": -2.0744709071100043, "p1": 15.074370120231478, "p2": 21.445375474492472, "p3": 21.378586213607125, "p4": 19.451919992548884, "pol1": -0.8933058585027931, "pol2": -0.021456643545735288, "pol3": -0.08754453003938245, "pol4": 0.6421749230523712, "v0s": 3.5657590878358896}, "datetime": {"datetime": "2022-04-14 18:11:31", "elapsed": 9110.963371, "delta": 9.067756}}
{"target": 3.8289440005189217, "params": {"Bgrad": 1.1565204946466048, "d1": -2.1806098611181746, "d2": -0.019777033539190397, "d3": -0.9072238313365332, "d4": -0.7825100436015285, "p1": 2.282393145425924, "p2": 34.0529191733154, "p3": 18.27463181830955, "p4": 10.797401746140201, "pol1": -0.34567236128530726, "pol2": 0.6480182621956755, "pol3": -0.15911858288851755, "pol4": -0.007326096029108012, "v0s": 3.8289440005189217}, "datetime": {"datetime": "2022-04-14 18:11:40", "elapsed": 9119.858588, "delta": 8.895217}}
{"target": -1.0, "params": {"Bgrad": 1.277498689055344, "d1": 0.45208362664533785, "d2": -1.0423445423007895, "d3": -2.6842114865397413, "d4": -2.777859732640218, "p1": 1.8500224426051481, "p2": 15.483878252255522, "p3": 14.544878535182843, "p4": 6.695665535643469, "pol1": 0.11184995409638798, "pol2": -0.935705606852882, "pol3": -0.5692605606567998, "pol4": 0.2982532813220171, "v0s": 3.1864040127202866}, "datetime": {"datetime": "2022-04-14 18:11:53", "elapsed": 9133.086222, "delta": 13.227634}}
{"target": -1.0, "params": {"Bgrad": 1.4590346462905275, "d1": -1.570182213835099, "d2": -0.672870835145384, "d3": 0.7760255431247822, "d4": -0.5883874008801921, "p1": 30.37355745389339, "p2": 10.893023594280432, "p3": 6.277650534480533, "p4": 24.374046010007326, "pol1": 0.16434800394819082, "pol2": -0.008157745128614335, "pol3": -0.4433660241763524, "pol4": 0.11299471716432907, "v0s": 6.72466579656869}, "datetime": {"datetime": "2022-04-14 18:12:12", "elapsed": 9152.638944, "delta": 19.552722}}
{"target": -1.0, "params": {"Bgrad": 0.6187323282227921, "d1": -1.7169430640688321, "d2": -1.2866926015946158, "d3": 0.22051088067926505, "d4": -2.6833210228536077, "p1": 5.045646694540251, "p2": 0.16740834778379843, "p3": 42.160629381752216, "p4": 46.01909622045382, "pol1": -0.9550401596940574, "pol2": 0.30106720718222446, "pol3": 0.09253344484011294, "pol4": -0.45552843499473483, "v0s": 3.7559169099586383}, "datetime": {"datetime": "2022-04-14 18:12:28", "elapsed": 9168.130525, "delta": 15.491581}}
{"target": -1.0, "params": {"Bgrad": 0.5484697272842494, "d1": -2.5954897044259044, "d2": -0.1794248945422816, "d3": -1.7530209636669016, "d4": -1.5675046811591122, "p1": 11.81685866169761, "p2": 24.050594023645626, "p3": 44.064006574770765, "p4": 31.04205754309578, "pol1": 0.5298946874128134, "pol2": 0.1283649441959438, "pol3": 0.2346778772569127, "pol4": -0.2934133914909498, "v0s": 3.9457447152869882}, "datetime": {"datetime": "2022-04-14 18:12:34", "elapsed": 9174.386798, "delta": 6.256273}}
{"target": -1.0, "params": {"Bgrad": 0.6779040228379545, "d1": -0.8330652107605561, "d2": -0.3765520662295807, "d3": -0.8015069536334876, "d4": -1.799985379099394, "p1": 15.24671677410222, "p2": 19.239255217985068, "p3": 25.20098586864693, "p4": 23.399021876154425, "pol1": -0.8136497092015724, "pol2": 0.36744733034762334, "pol3": -0.9246800751170878, "pol4": -0.5768471344765753, "v0s": 4.038690509157169}, "datetime": {"datetime": "2022-04-14 18:12:45", "elapsed": 9185.103149, "delta": 10.716351}}
{"target": -1.0, "params": {"Bgrad": 1.3973949437268325, "d1": -1.4397708958456308, "d2": 0.5178737262328972, "d3": 0.7539422219375811, "d4": -1.2353642858922784, "p1": 34.39956096582411, "p2": 8.347071881521012, "p3": 8.577079943762406, "p4": 25.156048133947895, "pol1": -0.07603506502765556, "pol2": 0.17260798898498741, "pol3": -0.2549660597178687, "pol4": 0.7023111650155001, "v0s": 4.847175421801145}, "datetime": {"datetime": "2022-04-14 18:13:04", "elapsed": 9204.331735, "delta": 19.228586}}
{"target": -1.0, "params": {"Bgrad": 1.7522190386449765, "d1": 0.6705912887227878, "d2": 0.21447325164803122, "d3": -2.213111774839734, "d4": -1.5290600425789607, "p1": 17.781738613582732, "p2": 19.312035507796327, "p3": 25.458424545695685, "p4": 23.939988022469, "pol1": -0.8422759939647995, "pol2": 0.19066090841974748, "pol3": 0.3709120651925868, "pol4": 0.7405741624314062, "v0s": 4.290318453084678}, "datetime": {"datetime": "2022-04-14 18:13:28", "elapsed": 9228.391408, "delta": 24.059673}}
{"target": 4.238300189719414, "params": {"Bgrad": 1.3651771904735939, "d1": -2.8843723866753797, "d2": -0.21075104268035938, "d3": -0.9356995696035879, "d4": 0.6986912660044404, "p1": 33.03194933354603, "p2": 9.326669064449804, "p3": 6.099109969593469, "p4": 25.50733376908128, "pol1": 0.49406882150996956, "pol2": 0.0768003926460501, "pol3": 0.23453521570524694, "pol4": 0.9839022053650845, "v0s": 4.238300189719414}, "datetime": {"datetime": "2022-04-14 18:13:39", "elapsed": 9238.678902, "delta": 10.287494}}
{"target": -1.0, "params": {"Bgrad": 1.8035116894205523, "d1": -2.2222396927892305, "d2": 0.5242671442278857, "d3": 0.7632066504452828, "d4": -0.5334148302342423, "p1": 31.243614204159243, "p2": 7.958300593645845, "p3": 4.825187038408152, "p4": 26.696689184902905, "pol1": 0.6242901826507636, "pol2": 0.5619329706604834, "pol3": 0.3854454818608182, "pol4": 0.8332907821271951, "v0s": 5.081662331116482}, "datetime": {"datetime": "2022-04-14 18:14:02", "elapsed": 9262.002542, "delta": 23.32364}}
{"target": 4.573092121600767, "params": {"Bgrad": 0.7751974362684823, "d1": -1.8326246184820834, "d2": -0.3795957267268544, "d3": -2.123725417365031, "d4": -2.2678755529495342, "p1": 15.858575022031662, "p2": 18.1428549236026, "p3": 24.84795746026024, "p4": 23.834286031670477, "pol1": -0.6600826458442297, "pol2": 0.13529824348341601, "pol3": 0.13730830728923227, "pol4": -0.15112985685825175, "v0s": 4.573092121600767}, "datetime": {"datetime": "2022-04-14 18:14:11", "elapsed": 9271.287717, "delta": 9.285175}}
{"target": -1.0, "params": {"Bgrad": 1.5439145849224762, "d1": -1.402722022760646, "d2": 0.08018902833835106, "d3": -2.3740448158104224, "d4": -0.5536811443554277, "p1": 16.243040748076627, "p2": 15.779657406275295, "p3": 24.4813806986583, "p4": 22.491223624079847, "pol1": -0.771257529775516, "pol2": 0.37676261542015577, "pol3": 0.6710206291229097, "pol4": -0.46759800805367235, "v0s": 5.845480120971628}, "datetime": {"datetime": "2022-04-14 18:14:32", "elapsed": 9292.504988, "delta": 21.217271}}
{"target": 2.8595857102494633, "params": {"Bgrad": 1.7212955089521358, "d1": -2.060325746394908, "d2": -3.0, "d3": -3.0, "d4": -3.0, "p1": 5.542346040515683, "p2": 11.154924911025915, "p3": 36.08353980174304, "p4": 27.66210938693407, "pol1": -0.7142755306030036, "pol2": -0.34646306966739104, "pol3": 1.0, "pol4": 0.39737628825850496, "v0s": 2.8595857102494633}, "datetime": {"datetime": "2022-04-14 18:14:43", "elapsed": 9303.606306, "delta": 11.101318}}
{"target": -1.0, "params": {"Bgrad": 1.352333057293487, "d1": -2.439272622662926, "d2": -1.3955616789814016, "d3": 0.3461679819861927, "d4": -1.7294635173622521, "p1": 2.8960933833053923, "p2": 0.13343541617522048, "p3": 43.023529632208, "p4": 49.09270449518753, "pol1": 0.14307538898087202, "pol2": 0.032767833674313795, "pol3": -0.7969740802032728, "pol4": 0.9926874351590615, "v0s": 3.6117024913092033}, "datetime": {"datetime": "2022-04-14 18:15:02", "elapsed": 9321.829589, "delta": 18.223283}}
{"target": -1.0, "params": {"Bgrad": 0.9477234011421944, "d1": -2.938404712308199, "d2": -0.18470370825619753, "d3": -2.2895801108329232, "d4": 0.8803359652204921, "p1": 9.191626192768233, "p2": 25.52568506674976, "p3": 47.98685857906282, "p4": 20.48338320745569, "pol1": -0.025406473425761966, "pol2": -0.31165546185097726, "pol3": 0.9083416172262586, "pol4": -0.46326422533260025, "v0s": 4.7642036308628075}, "datetime": {"datetime": "2022-04-14 18:15:15", "elapsed": 9334.984415, "delta": 13.154826}}
{"target": -1.0, "params": {"Bgrad": 1.054370546127331, "d1": -1.8350885322749715, "d2": -2.583332662590206, "d3": -0.5690427060768184, "d4": -1.3003332335552331, "p1": 11.083894328255873, "p2": 28.982277836572173, "p3": 48.79003507225972, "p4": 19.030815509403205, "pol1": 0.24642667503308036, "pol2": 0.749694066220177, "pol3": 0.4457833023871087, "pol4": -0.813800902955387, "v0s": 3.449142916947456}, "datetime": {"datetime": "2022-04-14 18:15:29", "elapsed": 9349.123608, "delta": 14.139193}}
{"target": 5.454981041033722, "params": {"Bgrad": 0.5358716438939226, "d1": -2.5681568176846574, "d2": 0.7164877991554065, "d3": -0.8136383005705408, "d4": -0.17401215347312293, "p1": 35.86481918639578, "p2": 7.990793659033068, "p3": 22.729875521691913, "p4": 50.0, "pol1": -0.4564750606035482, "pol2": 0.17916553479457073, "pol3": -0.5183752636115464, "pol4": -0.2723104321665401, "v0s": 5.454981041033722}, "datetime": {"datetime": "2022-04-14 18:15:36", "elapsed": 9356.221631, "delta": 7.098023}}
{"target": -1.0, "params": {"Bgrad": 1.4090222239694168, "d1": -0.14680399413317335, "d2": 0.0063349968284232006, "d3": 0.0435382247546654, "d4": -0.15680855509797498, "p1": 10.897338736038353, "p2": 30.060503439999486, "p3": 49.02136350489521, "p4": 20.554079630785342, "pol1": 0.5761562548216681, "pol2": -0.2660959377517156, "pol3": 0.7552336431200575, "pol4": -0.7419493318159116, "v0s": 4.636270980047943}, "datetime": {"datetime": "2022-04-14 18:15:52", "elapsed": 9372.17398, "delta": 15.952349}}
{"target": 4.197387369560143, "params": {"Bgrad": 1.8552229213080906, "d1": -2.383167471657675, "d2": 0.28651262515432796, "d3": -1.3743349793726698, "d4": -1.761930767063677, "p1": 13.482480871154845, "p2": 22.31844283123564, "p3": 20.53007027210824, "p4": 18.426687150647947, "pol1": -0.9066970724117138, "pol2": 0.7956686625734566, "pol3": 0.0766006706636142, "pol4": -0.13499809272798657, "v0s": 4.197387369560143}, "datetime": {"datetime": "2022-04-14 18:16:03", "elapsed": 9382.834477, "delta": 10.660497}}
{"target": -1.0, "params": {"Bgrad": 1.3591374562938372, "d1": -1.2020931187433992, "d2": -0.9222460924622791, "d3": -1.4424011373795764, "d4": -2.5369805661334532, "p1": 3.963523835733401, "p2": 0.8878155707682855, "p3": 38.758020121208645, "p4": 49.792395876643404, "pol1": -0.13067436953185574, "pol2": -0.9634198855115639, "pol3": -0.969681893050327, "pol4": 0.09027246692111701, "v0s": 4.6216929876704995}, "datetime": {"datetime": "2022-04-14 18:16:23", "elapsed": 9403.194042, "delta": 20.359565}}
{"target": 4.286079675163707, "params": {"Bgrad": 2.0, "d1": -1.638763732644098, "d2": 0.3376002753032194, "d3": -2.1786008154646197, "d4": -1.348776295200934, "p1": 7.802114411485604, "p2": 35.74409530654828, "p3": 35.3427987224144, "p4": 34.093871126840824, "pol1": -0.7708783629305519, "pol2": 0.20815318803066618, "pol3": -0.23763617243992488, "pol4": -0.6080375999396795, "v0s": 4.286079675163707}, "datetime": {"datetime": "2022-04-14 18:16:35", "elapsed": 9414.963574, "delta": 11.769532}}
{"target": -1.0, "params": {"Bgrad": 1.0843869531300208, "d1": -1.8683427079588464, "d2": -1.3357066306958738, "d3": -0.4761965502997323, "d4": -2.5627871973448104, "p1": 13.576032424658486, "p2": 24.408189009848023, "p3": 47.0827311206247, "p4": 22.052658615941045, "pol1": -0.2741344349516339, "pol2": 0.29004215461914007, "pol3": -0.6890974016967188, "pol4": -0.46527179885416925, "v0s": 2.5282253182990284}, "datetime": {"datetime": "2022-04-14 18:16:43", "elapsed": 9423.005074, "delta": 8.0415}}
{"target": -1.0, "params": {"Bgrad": 0.8846395005644332, "d1": -1.4936869721192756, "d2": -2.79080398421525, "d3": -0.41481308988237714, "d4": 0.5022939184883152, "p1": 27.239096408848003, "p2": 27.307405120008564, "p3": 29.988086064872384, "p4": 14.905684337867163, "pol1": -0.27141368077863764, "pol2": -0.004889691651641499, "pol3": 0.6454152896775406, "pol4": -0.6443174991617162, "v0s": 4.344603332703822}, "datetime": {"datetime": "2022-04-14 18:16:53", "elapsed": 9433.195827, "delta": 10.190753}}
{"target": -1.0, "params": {"Bgrad": 0.6824293610815204, "d1": -0.9863661758620053, "d2": -2.5394743943882108, "d3": -0.5326002425096457, "d4": 0.07079144075667143, "p1": 11.668206710963801, "p2": 25.09747791012693, "p3": 47.36491066172937, "p4": 23.15317541419004, "pol1": 0.5624129631347128, "pol2": 0.890123075578763, "pol3": -0.36074030037612737, "pol4": -0.17091549233676817, "v0s": 2.3583130401390364}, "datetime": {"datetime": "2022-04-14 18:16:58", "elapsed": 9437.750649, "delta": 4.554822}}
{"target": -1.0, "params": {"Bgrad": 1.248334379866078, "d1": -0.9974570986862061, "d2": -1.9670264716487647, "d3": -2.042982521881154, "d4": -0.865976584090101, "p1": 24.143676267938112, "p2": 33.48401188570171, "p3": 44.450052723613716, "p4": 44.647330724179284, "pol1": -0.7637080798656242, "pol2": 0.9996833739590014, "pol3": -0.8346576025702941, "pol4": -0.7445410134277206, "v0s": 4.4637314951760025}, "datetime": {"datetime": "2022-04-14 18:17:13", "elapsed": 9453.267163, "delta": 15.516514}}
