{"target": 4.083743355115054, "params": {"Bgrad": 1.928915052594436, "d1": -2.0447635182426858, "d2": 0.813068733684299, "d3": -1.7951536711215725, "d4": -0.6151378439970756, "p1": 4.778814077062377, "p2": 10.317472098157266, "p3": 35.31222971689743, "p4": 27.3732594004938, "pol1": -0.5619930406976292, "pol2": -0.06678640862261775, "pol3": 0.34919141060757664, "pol4": 0.015361396187616894, "v0s": 4.083743355115054}, "datetime": {"datetime": "2022-06-24 07:01:55", "elapsed": 10034.815514, "delta": 6.702723}}
{"target": 2.609173163205441, "params": {"Bgrad": 1.9585325297948954, "d1": -0.7789244901145551, "d2": 0.15555263449158785, "d3": -0.01950439031891138, "d4": -2.843738291350051, "p1": 1.8513037595733695, "p2": 34.186749063565166, "p3": 17.791083205430823, "p4": 11.45711023881691, "pol1": -0.7215832752797278, "pol2": -0.9442015561650232, "pol3": 0.9180178853995886, "pol4": -0.07188051186256805, "v0s": 2.609173163205441}, "datetime": {"datetime": "2022-06-24 07:02:05", "elapsed": 10044.268432, "delta": 9.452918}}
{"target": -1.0, "params": {"Bgrad": 1.4435209028892504, "d1": -1.602041471844947, "d2": -1.1330895506904728, "d3": -0.9521613369617037, "d4": 0.7874301425660533, "p1": 3.1582970368653984, "p2": 10.969114935343056, "p3": 36.853840892358456, "p4": 29.040983112631558, "pol1": 0.6536202468698216, "pol2": 0.053404935870212666, "pol3": -0.9450858326503702, "pol4": -0.26084268011227696, "v0s": 2.348754827388096}, "datetime": {"datetime": "2022-06-24 07:02:09", "elapsed": 10048.250851, "delta": 3.982419}}
{"target": 4.043730834071746, "params": {"Bgrad": 1.5975856118323517, "d1": -2.253767912014038, "d2": -1.4921093128295846, "d3": -2.0952207128794025, "d4": -2.7020406865138757, "p1": 44.808761758620484, "p2": 16.516083924823064, "p3": 27.55391501814422, "p4": 12.869281010425349, "pol1": -0.9704270087195794, "pol2": -0.4602110734202136, "pol3": 0.9555392082158292, "pol4": -0.3850090628965217, "v0s": 4.043730834071746}, "datetime": {"datetime": "2022-06-24 07:02:17", "elapsed": 10056.762261, "delta": 8.51141}}
{"target": 3.9161299007186416, "params": {"Bgrad": 1.830352585863389, "d1": -2.347627032179736, "d2": -0.6146158550821692, "d3": -1.1977839076269117, "d4": -1.4206460140921666, "p1": 7.980821105468349, "p2": 36.107731802863874, "p3": 35.87174262018024, "p4": 33.264303670401404, "pol1": 0.9090862015250383, "pol2": 0.9136091707491172, "pol3": 0.9678092068640736, "pol4": -0.11150842321819154, "v0s": 3.9161299007186416}, "datetime": {"datetime": "2022-06-24 07:02:23", "elapsed": 10062.934866, "delta": 6.172605}}
{"target": -1.0, "params": {"Bgrad": 1.529642114401545, "d1": -2.3537764862959896, "d2": -0.33641620330543187, "d3": -1.8783130207181666, "d4": -1.2921115458897123, "p1": 28.021419189997594, "p2": 26.677653734191708, "p3": 5.0760636175188445, "p4": 43.21654253243404, "pol1": 0.1893554234739927, "pol2": -0.5067079048756309, "pol3": 0.004879295037536924, "pol4": 0.578399684513291, "v0s": 5.320202292522402}, "datetime": {"datetime": "2022-06-24 07:02:36", "elapsed": 10075.728385, "delta": 12.793519}}
{"target": 2.2539551405459477, "params": {"Bgrad": 0.5572168910282054, "d1": -2.9016280067821625, "d2": -1.6422643483757113, "d3": -1.9783228625993798, "d4": -0.17043433781581907, "p1": 5.844230639559927, "p2": 12.431758461636349, "p3": 33.40511272821705, "p4": 29.3103827676441, "pol1": -0.1575917354832943, "pol2": -0.0389100229762247, "pol3": 0.5591491053229996, "pol4": -0.5096336633389549, "v0s": 2.2539551405459477}, "datetime": {"datetime": "2022-06-24 07:02:42", "elapsed": 10081.508599, "delta": 5.780214}}
{"target": -1.0, "params": {"Bgrad": 1.629162539727885, "d1": -0.4943980991980008, "d2": -1.7419253567465112, "d3": -1.402783095062035, "d4": 0.300279287945842, "p1": 12.016779896246682, "p2": 3.0942752102514124, "p3": 27.84701030940513, "p4": 24.301315989253467, "pol1": -0.06995356366779681, "pol2": -0.5642555286302118, "pol3": -0.22736653990290123, "pol4": -0.6829706998811287, "v0s": 3.2204971941720015}, "datetime": {"datetime": "2022-06-24 07:02:54", "elapsed": 10093.217997, "delta": 11.709398}}
{"target": 3.9344718270643537, "params": {"Bgrad": 1.657706833250863, "d1": -2.8239428539839624, "d2": -1.1465372547127926, "d3": -2.315420160018692, "d4": -1.5212286308709464, "p1": 5.2730152883438635, "p2": 13.244655527266675, "p3": 36.34569977233975, "p4": 30.334962061677324, "pol1": -0.20871202570897074, "pol2": 0.03666522250342297, "pol3": 0.6586652854870032, "pol4": 0.634472744213467, "v0s": 3.9344718270643537}, "datetime": {"datetime": "2022-06-24 07:03:01", "elapsed": 10100.295176, "delta": 7.077179}}
{"target": 4.449675857862399, "params": {"Bgrad": 0.8391042808930254, "d1": -2.64721568197593, "d2": -0.4192401267463475, "d3": -1.1906204772366915, "d4": -2.947922810238646, "p1": 4.091531986253832, "p2": 15.827179583237626, "p3": 34.192926897554635, "p4": 31.916337162119756, "pol1": -0.24998640894517132, "pol2": 0.3942866126061719, "pol3": -0.44029655203939067, "pol4": -0.847976279808196, "v0s": 4.449675857862399}, "datetime": {"datetime": "2022-06-24 07:03:05", "elapsed": 10105.034115, "delta": 4.738939}}
{"target": -1.0, "params": {"Bgrad": 0.6813758361813875, "d1": -2.960844704706443, "d2": 1.0, "d3": -0.7459645046091388, "d4": -2.003583710467589, "p1": 46.55329686087781, "p2": 25.914571760360566, "p3": 22.23964239102821, "p4": 29.340824621583344, "pol1": -0.6612020076923216, "pol2": -0.5504092002565975, "pol3": -0.31041767827583405, "pol4": -0.6334202255110563, "v0s": 5.247955021365879}, "datetime": {"datetime": "2022-06-24 07:03:23", "elapsed": 10122.584497, "delta": 17.550382}}
{"target": 4.7171914376299116, "params": {"Bgrad": 1.2288884025761924, "d1": -1.2197129105735347, "d2": 1.0, "d3": -2.9720641750048977, "d4": -2.248601073183152, "p1": 31.43883551683921, "p2": 11.170121377170474, "p3": 38.14476747926279, "p4": 28.61640460355978, "pol1": 0.32876035783337965, "pol2": -0.42587463261008424, "pol3": -0.9035654632881273, "pol4": 0.18562778043531836, "v0s": 4.7171914376299116}, "datetime": {"datetime": "2022-06-24 07:03:32", "elapsed": 10131.115326, "delta": 8.530829}}
{"target": 3.9955068562982308, "params": {"Bgrad": 1.3594435952895982, "d1": -1.4935547132862868, "d2": 0.6333687623697334, "d3": -1.1892654562827762, "d4": -0.6128350068813054, "p1": 4.174101057157267, "p2": 10.777628650461539, "p3": 35.30130863306973, "p4": 27.96906620123939, "pol1": 0.040573232394631085, "pol2": -0.4155613564599906, "pol3": -0.0014333178047749337, "pol4": 0.24346196635890782, "v0s": 3.9955068562982308}, "datetime": {"datetime": "2022-06-24 07:03:39", "elapsed": 10138.374522, "delta": 7.259196}}
{"target": 5.2303382739327295, "params": {"Bgrad": 1.9883166559336867, "d1": -2.187227414045839, "d2": 0.46114618512942096, "d3": -0.39070832961929947, "d4": -2.6413989718506334, "p1": 44.35133982578783, "p2": 20.58296385223458, "p3": 26.287982824142297, "p4": 12.571119877948266, "pol1": -0.4891582427289216, "pol2": -0.3537712596405549, "pol3": 0.20002409967764057, "pol4": 0.49525170900820337, "v0s": 5.2303382739327295}, "datetime": {"datetime": "2022-06-24 07:03:48", "elapsed": 10148.005505, "delta": 9.630983}}
{"target": 4.7293930691403565, "params": {"Bgrad": 1.2552869564421998, "d1": -2.176569370222298, "d2": 0.5136885424880214, "d3": -1.5415364095599526, "d4": -1.9294720100666582, "p1": 5.938881847557853, "p2": 9.643284951596119, "p3": 35.85824875323032, "p4": 31.005286078661925, "pol1": -0.1019729748449895, "pol2": 0.3388140692740203, "pol3": -0.34522723336257494, "pol4": 0.3340316041928251, "v0s": 4.7293930691403565}, "datetime": {"datetime": "2022-06-24 07:03:56", "elapsed": 10155.222822, "delta": 7.217317}}
{"target": 2.083968148846008, "params": {"Bgrad": 0.8199684147763682, "d1": -2.258044448615278, "d2": -1.1008858108687942, "d3": -0.303381439353152, "d4": -1.247636813150097, "p1": 5.087210956584576, "p2": 11.962552220711247, "p3": 35.61072264675988, "p4": 26.92823316261761, "pol1": -0.19136660987537524, "pol2": 0.9160797579550815, "pol3": 0.8157592809766312, "pol4": -0.4636003268554201, "v0s": 2.083968148846008}, "datetime": {"datetime": "2022-06-24 07:04:02", "elapsed": 10161.161597, "delta": 5.938775}}
{"target": 3.9236583864022423, "params": {"Bgrad": 0.5684017720396385, "d1": -2.166507107769592, "d2": 0.9917885463743512, "d3": -2.9083848019461995, "d4": -2.426381361279053, "p1": 4.520446609022138, "p2": 8.608743650640221, "p3": 33.5251837225301, "p4": 31.618429044629842, "pol1": -0.048653720643808684, "pol2": 0.804869440873343, "pol3": 0.9051075518456402, "pol4": -0.20010420239569582, "v0s": 3.9236583864022423}, "datetime": {"datetime": "2022-06-24 07:04:08", "elapsed": 10167.383102, "delta": 6.221505}}
{"target": -1.0, "params": {"Bgrad": 1.108254674113325, "d1": 0.03649787791465808, "d2": 0.4210090720592663, "d3": -2.6541681442507605, "d4": -1.919758949689716, "p1": 28.77723760595018, "p2": 10.55268968464071, "p3": 36.34714476671311, "p4": 27.084412742694536, "pol1": 0.36007676538680644, "pol2": -0.4392622351331563, "pol3": 0.057052215733085276, "pol4": 0.723716932617255, "v0s": 5.118663772974388}, "datetime": {"datetime": "2022-06-24 07:04:20", "elapsed": 10180.003601, "delta": 12.620499}}
{"target": -1.0, "params": {"Bgrad": 1.5712735950571766, "d1": -0.5673618234251294, "d2": -1.0227483138915288, "d3": -1.8577910661928057, "d4": -0.09801790485085338, "p1": 7.016288136564597, "p2": 38.38278710998989, "p3": 34.61044766175449, "p4": 36.138408616757275, "pol1": 0.6444670937925894, "pol2": -0.05179325474284813, "pol3": 0.3713448623112361, "pol4": -0.34097582004244176, "v0s": 4.944397714732693}, "datetime": {"datetime": "2022-06-24 07:04:33", "elapsed": 10192.419144, "delta": 12.415543}}
{"target": 4.455751690093928, "params": {"Bgrad": 1.5978297596668813, "d1": -1.8669765062086259, "d2": 0.9350035848149809, "d3": -2.0022992620863205, "d4": -1.2624595199854056, "p1": 5.7931628040006515, "p2": 13.120918318946323, "p3": 39.25598343010094, "p4": 29.72086725669746, "pol1": -0.8506652762772311, "pol2": 0.37432156840682307, "pol3": -0.7427127844869041, "pol4": 0.8057027691228638, "v0s": 4.455751690093928}, "datetime": {"datetime": "2022-06-24 07:04:40", "elapsed": 10199.353727, "delta": 6.934583}}
{"target": 4.292456667558657, "params": {"Bgrad": 0.9669958727382887, "d1": -2.4221270090370135, "d2": 0.1739210069503072, "d3": -1.3259177601336174, "d4": -2.306081439828962, "p1": 4.183649263754897, "p2": 14.873022480586611, "p3": 34.37551692715049, "p4": 31.533209070227098, "pol1": -0.30865655264622394, "pol2": 0.41046917749058104, "pol3": -0.18069684770754507, "pol4": -0.7511328137113855, "v0s": 4.292456667558657}, "datetime": {"datetime": "2022-06-24 07:04:46", "elapsed": 10205.587184, "delta": 6.233457}}
{"target": -1.0, "params": {"Bgrad": 0.7504087084440226, "d1": -2.54119647760269, "d2": -0.2549466754122842, "d3": -2.5522277852773536, "d4": -0.5877634316697575, "p1": 11.449037863529515, "p2": 35.799245516441836, "p3": 36.239524879740706, "p4": 34.38138989323344, "pol1": 0.5664819926497844, "pol2": 0.23136238039502, "pol3": -0.45760960276212503, "pol4": 0.15116382265825146, "v0s": 5.48802085607959}, "datetime": {"datetime": "2022-06-24 07:04:54", "elapsed": 10213.730543, "delta": 8.143359}}
{"target": 4.162062611673841, "params": {"Bgrad": 1.1127388133818017, "d1": -1.9892718919889787, "d2": 0.9870501140583037, "d3": -2.496495737331818, "d4": -0.41232951299094234, "p1": 7.329005778825993, "p2": 37.25008952437019, "p3": 34.08313102768764, "p4": 34.71160262966506, "pol1": -0.7820093000218586, "pol2": 0.9572475678777155, "pol3": 0.9195985264369957, "pol4": -0.23662367679037022, "v0s": 4.162062611673841}, "datetime": {"datetime": "2022-06-24 07:05:02", "elapsed": 10221.940261, "delta": 8.209718}}
{"target": 3.297638665740176, "params": {"Bgrad": 0.557923554021919, "d1": -2.610441035424872, "d2": -2.607355517083715, "d3": -2.271427966916636, "d4": -2.8808382627104434, "p1": 5.476694726479336, "p2": 1.1067070320180228, "p3": 38.06769039180553, "p4": 19.369678848213045, "pol1": -0.4225519601356016, "pol2": 0.7928851486824091, "pol3": 0.7092636390083049, "pol4": 0.19497103949738714, "v0s": 3.297638665740176}, "datetime": {"datetime": "2022-06-24 07:05:07", "elapsed": 10226.318132, "delta": 4.377871}}
{"target": -1.0, "params": {"Bgrad": 1.1579849538984897, "d1": -2.9163026088223885, "d2": -0.2325394411114905, "d3": -2.090584262416223, "d4": 0.669370159186383, "p1": 2.47059965615567, "p2": 13.798617306678079, "p3": 36.99796226207008, "p4": 32.964681975941296, "pol1": -0.2722945210570802, "pol2": 0.09050355918810293, "pol3": -0.0546904394202854, "pol4": -0.08556867165388193, "v0s": 5.019337685891958}, "datetime": {"datetime": "2022-06-24 07:05:22", "elapsed": 10241.775605, "delta": 15.457473}}
{"target": -1.0, "params": {"Bgrad": 1.5903832883062892, "d1": -0.8184541595480046, "d2": 0.4357541018271802, "d3": -0.8168250619876347, "d4": -2.5267559150272594, "p1": 3.6172860570111487, "p2": 9.321183353552371, "p3": 35.185530291732356, "p4": 30.199620378857784, "pol1": -0.43149428419673264, "pol2": 0.9890325346460593, "pol3": -0.7233004997604686, "pol4": 0.4921476813504748, "v0s": 4.76067727434228}, "datetime": {"datetime": "2022-06-24 07:05:43", "elapsed": 10262.638709, "delta": 20.863104}}
{"target": 3.6212561116470607, "params": {"Bgrad": 1.1034067935454255, "d1": -1.7911832851320866, "d2": -0.994451773441646, "d3": -1.71445252335812, "d4": -2.9295069209603946, "p1": 27.621539672934333, "p2": 24.96602403686975, "p3": 5.326695482519067, "p4": 42.75485136127083, "pol1": -0.32363176790958503, "pol2": 0.15381065439533237, "pol3": -0.5323184967543952, "pol4": 0.09161857259480866, "v0s": 3.6212561116470607}, "datetime": {"datetime": "2022-06-24 07:05:49", "elapsed": 10268.897094, "delta": 6.258385}}
{"target": -1.0, "params": {"Bgrad": 1.3326892273653206, "d1": -0.7144517439464826, "d2": -0.23511136582887193, "d3": -1.1439910575080123, "d4": -0.7490148133385981, "p1": 6.734980562069865, "p2": 7.980601725410896, "p3": 35.69802999254252, "p4": 29.026708018415455, "pol1": 0.34453662623261905, "pol2": 0.9885057661931185, "pol3": 0.5874746837389446, "pol4": -0.07829005871891881, "v0s": 4.403083413204369}, "datetime": {"datetime": "2022-06-24 07:06:02", "elapsed": 10281.692091, "delta": 12.794997}}
{"target": 4.549263343272907, "params": {"Bgrad": 1.2889175628196996, "d1": -0.8060315504707213, "d2": 1.0, "d3": -2.8306174475939834, "d4": -2.1806739009969265, "p1": 31.364694580964606, "p2": 11.181041263158548, "p3": 38.297845470566465, "p4": 28.67786742789202, "pol1": 0.20911467715542004, "pol2": -0.991307401684951, "pol3": -0.35449360230183335, "pol4": -0.24790108631085253, "v0s": 4.549263343272907}, "datetime": {"datetime": "2022-06-24 07:06:14", "elapsed": 10293.198489, "delta": 11.506398}}
{"target": -1.0, "params": {"Bgrad": 1.5630112962655303, "d1": -0.8215323391378506, "d2": -0.2870102353418771, "d3": -2.1695792026015925, "d4": -1.775014546468439, "p1": 8.675312211827885, "p2": 9.34257145479862, "p3": 36.233541477582705, "p4": 32.27017431582895, "pol1": -0.20337571462997617, "pol2": -0.5220649466433456, "pol3": 0.2778938991261237, "pol4": -0.9057391075847823, "v0s": 4.5892480005129705}, "datetime": {"datetime": "2022-06-24 07:06:27", "elapsed": 10306.43382, "delta": 13.235331}}
{"target": 2.6649194287302467, "params": {"Bgrad": 0.8257784849490859, "d1": -1.8291125559636452, "d2": -1.7283645505439873, "d3": 0.5646577152532841, "d4": -0.8427269276670732, "p1": 1.7829713989434615, "p2": 11.558760485879848, "p3": 36.617506888026554, "p4": 30.518936032353732, "pol1": 0.5508110253838714, "pol2": -0.922787013593412, "pol3": 0.4698036970791082, "pol4": 0.7320558493949005, "v0s": 2.6649194287302467}, "datetime": {"datetime": "2022-06-24 07:06:31", "elapsed": 10311.053081, "delta": 4.619261}}
{"target": 2.9996675990118096, "params": {"Bgrad": 0.9099823821055025, "d1": -1.2701365997298903, "d2": 0.2093913570619228, "d3": -2.265681264139711, "d4": -1.7013587419802831, "p1": 45.01891581628838, "p2": 22.002707784608237, "p3": 23.72967207735614, "p4": 17.22342249271548, "pol1": 0.17358630282784163, "pol2": -0.3829476461135806, "pol3": -0.09084117166230922, "pol4": 0.13056460694454158, "v0s": 2.9996675990118096}, "datetime": {"datetime": "2022-06-24 07:06:38", "elapsed": 10317.833589, "delta": 6.780508}}
{"target": -1.0, "params": {"Bgrad": 1.9898697876627152, "d1": 0.0953008546277001, "d2": 0.5963982695259915, "d3": -1.4466581500444105, "d4": -0.5533696091249607, "p1": 6.032993049037066, "p2": 9.326627865982529, "p3": 36.12222850844278, "p4": 31.55808781697273, "pol1": 0.7228803243849069, "pol2": -0.2222736510132448, "pol3": 0.2164381709488179, "pol4": -0.20702330735640007, "v0s": 5.547510575603299}, "datetime": {"datetime": "2022-06-24 07:06:50", "elapsed": 10329.646198, "delta": 11.812609}}
{"target": -1.0, "params": {"Bgrad": 1.2801342890713574, "d1": 0.1478954655102105, "d2": -2.4264093470952717, "d3": -2.2066201375957886, "d4": -2.648029015543212, "p1": 43.243183338804506, "p2": 19.65470778045466, "p3": 29.28044312056897, "p4": 16.781781880213526, "pol1": -0.08701533523628902, "pol2": 0.08718990366798907, "pol3": -0.5178340486875124, "pol4": -0.8823005628042639, "v0s": 3.7511918275354885}, "datetime": {"datetime": "2022-06-24 07:07:03", "elapsed": 10342.459633, "delta": 12.813435}}
{"target": -1.0, "params": {"Bgrad": 1.2173147743529464, "d1": -2.327862157818392, "d2": -1.4553604632917199, "d3": -1.8985608809579078, "d4": -2.5642540230799593, "p1": 24.22032516145027, "p2": 31.130628386443114, "p3": 42.93613768372303, "p4": 45.96059271269329, "pol1": -0.07864031327164023, "pol2": 0.45211088001081023, "pol3": 0.39721804148375406, "pol4": 0.7173620831381304, "v0s": 5.019498248648956}, "datetime": {"datetime": "2022-06-24 07:07:15", "elapsed": 10354.639775, "delta": 12.180142}}
{"target": -1.0, "params": {"Bgrad": 1.2191047875805383, "d1": -2.0412724790912864, "d2": 0.42420692662612947, "d3": -2.1970017016786305, "d4": -1.2736390065397938, "p1": 5.9642503518003265, "p2": 4.453171606456113, "p3": 36.00360521447186, "p4": 30.646771220508228, "pol1": -0.5441626112900178, "pol2": 0.48933663506230274, "pol3": 0.1260961239273446, "pol4": 0.21341406984893707, "v0s": 3.0242163433828697}, "datetime": {"datetime": "2022-06-24 07:07:26", "elapsed": 10365.244612, "delta": 10.604837}}
{"target": -1.0, "params": {"Bgrad": 0.7958789382687728, "d1": -2.2840732729728312, "d2": 0.48719844420537184, "d3": 0.6529912165531813, "d4": -1.8006067541764343, "p1": 42.82189412323001, "p2": 19.505185958542558, "p3": 25.856801957313102, "p4": 15.396128029916289, "pol1": 0.06279658462352256, "pol2": 0.027402698874415377, "pol3": 0.9491730972576138, "pol4": -0.5119141948367931, "v0s": 3.7282208158872665}, "datetime": {"datetime": "2022-06-24 07:07:39", "elapsed": 10378.32436, "delta": 13.079748}}
{"target": 2.4331554914804334, "params": {"Bgrad": 0.9784881297789418, "d1": -2.8628201665924733, "d2": -1.1365138620816762, "d3": -1.3650533927941781, "d4": -0.1635087917804836, "p1": 45.94536605459692, "p2": 22.09684645658909, "p3": 27.6780501818974, "p4": 12.745041072644515, "pol1": 0.8118322498239443, "pol2": -0.7454388143207766, "pol3": 0.3708798495798369, "pol4": -0.6993603547607077, "v0s": 2.4331554914804334}, "datetime": {"datetime": "2022-06-24 07:07:46", "elapsed": 10385.206099, "delta": 6.881739}}
{"target": 3.410419625082104, "params": {"Bgrad": 1.745863528052748, "d1": -1.3820897530896832, "d2": 0.9627043651851208, "d3": -1.6143356642204547, "d4": 0.29494782919996787, "p1": 48.01655255670686, "p2": 43.0811385631431, "p3": 5.710625484322174, "p4": 12.915141813321156, "pol1": 0.5843930054078259, "pol2": 0.5156666835504806, "pol3": -0.24899048949530078, "pol4": 0.39717296229871435, "v0s": 3.410419625082104}, "datetime": {"datetime": "2022-06-24 07:07:55", "elapsed": 10394.23767, "delta": 9.031571}}
{"target": -1.0, "params": {"Bgrad": 1.5750825479670347, "d1": -2.22430396133119, "d2": 0.28471842880852494, "d3": -1.7805756620651683, "d4": -1.0077419390785, "p1": 1.8103519374640664, "p2": 12.85460097114614, "p3": 38.77801765854673, "p4": 31.66681151081078, "pol1": 0.9300442538085834, "pol2": -0.09791917501159131, "pol3": -0.5389840275862703, "pol4": 0.6331918703083108, "v0s": 3.132275936129578}, "datetime": {"datetime": "2022-06-24 07:08:03", "elapsed": 10402.554632, "delta": 8.316962}}
{"target": 4.110810427043987, "params": {"Bgrad": 1.1733476700815975, "d1": -2.6999251488295983, "d2": 0.35206444334187204, "d3": -1.4491111357561648, "d4": -0.9859401514441628, "p1": 3.7703313571263775, "p2": 8.870957393779833, "p3": 37.83563560752485, "p4": 29.758547630229593, "pol1": 0.7239631870504428, "pol2": 0.2929791656564462, "pol3": -0.27045077417702434, "pol4": -0.273441756828656, "v0s": 4.110810427043987}, "datetime": {"datetime": "2022-06-24 07:08:09", "elapsed": 10409.080321, "delta": 6.525689}}
{"target": 5.012843804465087, "params": {"Bgrad": 1.6369722471407073, "d1": -1.601308963831412, "d2": 0.3473001392403079, "d3": -0.3270322791318998, "d4": -2.3036529905856185, "p1": 5.425523062319549, "p2": 12.46678537947975, "p3": 35.736252749994776, "p4": 30.097925209715598, "pol1": -0.17171529052045797, "pol2": -0.593859677193797, "pol3": -0.08261809610043369, "pol4": -0.3189299565745587, "v0s": 5.012843804465087}, "datetime": {"datetime": "2022-06-24 07:08:18", "elapsed": 10417.815117, "delta": 8.734796}}
{"target": -1.0, "params": {"Bgrad": 1.3686587320863963, "d1": -0.8969011686127635, "d2": -1.6394258160682487, "d3": 0.22580357179064414, "d4": -1.1875209030723646, "p1": 1.4966580032225396, "p2": 12.506725852393297, "p3": 32.682093692055155, "p4": 27.948686536157386, "pol1": 0.20397894801412697, "pol2": -0.8993743855500942, "pol3": -0.004522700595498419, "pol4": -0.40109768741201024, "v0s": 3.685344578332269}, "datetime": {"datetime": "2022-06-24 07:08:31", "elapsed": 10430.453057, "delta": 12.63794}}
