{"target": -1.0, "params": {"Bgrad": 1.699758934885466, "d1": -1.3163102798340591, "d2": 0.26567649660372333, "d3": -2.215832410041866, "d4": -1.199383852005948, "p1": 7.35173314640434, "p2": 35.35409224691183, "p3": 34.7086666767233, "p4": 34.031661067924986, "pol1": -0.4743618132281014, "pol2": 0.14522290529083548, "pol3": -0.6235319423853036, "pol4": -0.2945582126238202, "v0s": 4.610346078135119}, "datetime": {"datetime": "2022-06-24 04:51:43", "elapsed": 2222.867364, "delta": 11.567771}}
{"target": -1.0, "params": {"Bgrad": 0.5238660819696463, "d1": -1.3868476923789395, "d2": -2.6250946892650484, "d3": -1.4647559350773172, "d4": 0.7951962915279398, "p1": 4.585645287513357, "p2": 7.113573428529935, "p3": 37.00756528690744, "p4": 29.14951743214172, "pol1": -0.41261647903905363, "pol2": -0.7862633880889447, "pol3": -0.42344070001410317, "pol4": 0.1712349764632457, "v0s": 4.610618291349105}, "datetime": {"datetime": "2022-06-24 04:51:50", "elapsed": 2229.257942, "delta": 6.390578}}
{"target": -1.0, "params": {"Bgrad": 1.233053271205022, "d1": -2.191466814547264, "d2": -0.836059233916647, "d3": -0.624078385217059, "d4": -1.7110923279696375, "p1": 9.292113058948164, "p2": 3.7790728824210476, "p3": 33.11141540451498, "p4": 20.87273959063724, "pol1": -0.7953616133762129, "pol2": 0.27350139386781525, "pol3": -0.7310505595358701, "pol4": 0.7309425332255259, "v0s": 2.563063822846844}, "datetime": {"datetime": "2022-06-24 04:51:55", "elapsed": 2234.984723, "delta": 5.726781}}
{"target": -1.0, "params": {"Bgrad": 1.5499365226052308, "d1": -2.3612617940291973, "d2": 0.2792683414021493, "d3": -0.08452470726546002, "d4": -0.6438715445404579, "p1": 38.48737798029836, "p2": 21.35563192082574, "p3": 17.109073832633197, "p4": 15.634468797061906, "pol1": -0.6979992926033058, "pol2": 0.8458099952189324, "pol3": 0.6706139725240372, "pol4": 0.7313228880215055, "v0s": 5.4901629275461215}, "datetime": {"datetime": "2022-06-24 04:52:09", "elapsed": 2248.269576, "delta": 13.284853}}
{"target": 2.517678492075988, "params": {"Bgrad": 1.2542696852418436, "d1": -2.1465190020938327, "d2": -0.6998711537414746, "d3": -2.289979332526479, "d4": -0.48969299090215523, "p1": 13.05647927655592, "p2": 3.881813343557722, "p3": 28.507714206517075, "p4": 22.114445468306272, "pol1": -0.8876723040775951, "pol2": -0.9055137766803905, "pol3": 0.7590334327731412, "pol4": -0.6461063085084571, "v0s": 2.517678492075988}, "datetime": {"datetime": "2022-06-24 04:52:14", "elapsed": 2253.492247, "delta": 5.222671}}
{"target": 2.565552449847001, "params": {"Bgrad": 1.5615508070993762, "d1": -0.750293812112612, "d2": 0.1012204716513809, "d3": -0.5355080072094998, "d4": -0.35435638400056924, "p1": 45.73396240125742, "p2": 42.57147696352471, "p3": 8.919227093606898, "p4": 13.58309288123626, "pol1": -0.4746066837778002, "pol2": 0.6069686585335671, "pol3": -0.5698698575078587, "pol4": 0.24912204465758753, "v0s": 2.565552449847001}, "datetime": {"datetime": "2022-06-24 04:52:18", "elapsed": 2257.757938, "delta": 4.265691}}
{"target": 4.618697637198419, "params": {"Bgrad": 0.9033603906991884, "d1": -0.9046582635525827, "d2": 0.4934037720514645, "d3": -2.6214166617203882, "d4": -2.198849346136709, "p1": 31.356647273117606, "p2": 10.941968002014509, "p3": 38.55541042444216, "p4": 28.265475045278123, "pol1": 0.16627143082003543, "pol2": -0.6183922193635236, "pol3": -0.6663728811624238, "pol4": 0.10582763587779162, "v0s": 4.618697637198419}, "datetime": {"datetime": "2022-06-24 04:52:24", "elapsed": 2263.305242, "delta": 5.547304}}
{"target": -1.0, "params": {"Bgrad": 1.4937445126897848, "d1": -0.563182420894254, "d2": -1.065061490223275, "d3": -0.6836625288307614, "d4": 0.16702385785310225, "p1": 12.622503418677027, "p2": 4.462440017308627, "p3": 33.77206614809442, "p4": 22.955102517846715, "pol1": 0.1625872388893912, "pol2": -0.47814852691907417, "pol3": 0.7004416876376314, "pol4": -0.9954457678305015, "v0s": 3.1959830460489065}, "datetime": {"datetime": "2022-06-24 04:52:37", "elapsed": 2276.853298, "delta": 13.548056}}
{"target": -1.0, "params": {"Bgrad": 1.8892972058857804, "d1": -1.8856419887490898, "d2": 0.26646594644334964, "d3": -2.14622642504679, "d4": -1.8862172991550996, "p1": 4.453928541431168, "p2": 8.60360267718699, "p3": 33.26050863092159, "p4": 28.99614395481265, "pol1": -0.8705851685691197, "pol2": 0.6177447397170142, "pol3": -0.9023427379921667, "pol4": 0.7228857395644599, "v0s": 5.342938933846218}, "datetime": {"datetime": "2022-06-24 04:52:49", "elapsed": 2288.727313, "delta": 11.874015}}
{"target": 2.135203569599509, "params": {"Bgrad": 0.609693982475829, "d1": -2.860973261773917, "d2": -1.0206914380478507, "d3": -2.5310879510073856, "d4": -2.0613932294008226, "p1": 9.280564269570096, "p2": 10.273298645269813, "p3": 33.593136950840865, "p4": 27.15259524423599, "pol1": 0.30290594394377135, "pol2": 0.41144687471290053, "pol3": 0.42950019060900435, "pol4": 0.7400214786651524, "v0s": 2.135203569599509}, "datetime": {"datetime": "2022-06-24 04:52:53", "elapsed": 2293.032386, "delta": 4.305073}}
{"target": 2.0035302489122393, "params": {"Bgrad": 1.7195526917710626, "d1": -0.255638212112346, "d2": -0.026520148301846427, "d3": -0.7438676032521946, "d4": 0.10302757641148841, "p1": 46.15352307724714, "p2": 42.057822391849186, "p3": 8.784849528970396, "p4": 13.050687975400605, "pol1": -0.9300233042794359, "pol2": 1.0, "pol3": -0.5181794794885253, "pol4": 0.4870934140241212, "v0s": 2.0035302489122393}, "datetime": {"datetime": "2022-06-24 04:52:58", "elapsed": 2297.094146, "delta": 4.06176}}
{"target": -1.0, "params": {"Bgrad": 1.7267549730968965, "d1": -0.24907723917929214, "d2": -2.246266166296939, "d3": -1.5521423971415511, "d4": -0.7776061049139851, "p1": 45.54073564269924, "p2": 19.806468974440094, "p3": 24.53606468983949, "p4": 11.479990846119941, "pol1": -0.020518636263846535, "pol2": -0.2800567831500793, "pol3": 0.17382666321857254, "pol4": 0.8939478820664739, "v0s": 2.1624538739061636}, "datetime": {"datetime": "2022-06-24 04:53:02", "elapsed": 2301.110508, "delta": 4.016362}}
{"target": 3.549434581204133, "params": {"Bgrad": 0.918051113933205, "d1": -0.6830698942200649, "d2": 0.6495511944581429, "d3": -2.653716637098033, "d4": -2.1138442591013606, "p1": 8.453177200770595, "p2": 9.555029562061247, "p3": 39.020721302721, "p4": 30.625197050097036, "pol1": 0.17577153201418194, "pol2": -0.08373237891886967, "pol3": -0.1914671599003562, "pol4": 0.710210458048032, "v0s": 3.549434581204133}, "datetime": {"datetime": "2022-06-24 04:53:08", "elapsed": 2307.29165, "delta": 6.181142}}
{"target": 3.4632606127605428, "params": {"Bgrad": 1.93015311062065, "d1": -1.9284465422391563, "d2": -0.3822236077112553, "d3": -2.9872140399420055, "d4": 0.29185136661353006, "p1": 7.58485160442437, "p2": 36.72974417088129, "p3": 36.39298168895047, "p4": 35.35160947753043, "pol1": 0.17518287865858384, "pol2": 0.021569393742665532, "pol3": -0.8001129257022634, "pol4": -0.32627305702933374, "v0s": 3.4632606127605428}, "datetime": {"datetime": "2022-06-24 04:53:12", "elapsed": 2312.025604, "delta": 4.733954}}
{"target": -1.0, "params": {"Bgrad": 0.6363557230450234, "d1": -0.08877921374308428, "d2": -0.799184709065103, "d3": -1.6026249414642213, "d4": 0.9531367602405258, "p1": 4.580314636433474, "p2": 9.8862464117271, "p3": 34.216249313753224, "p4": 28.900119817010587, "pol1": 0.8101931439758288, "pol2": -0.7875435142249358, "pol3": 0.26101146311206813, "pol4": 0.4393212454231086, "v0s": 5.694952813203665}, "datetime": {"datetime": "2022-06-24 04:53:19", "elapsed": 2318.622097, "delta": 6.596493}}
{"target": -1.0, "params": {"Bgrad": 1.363360368554603, "d1": -1.8095431875775698, "d2": -2.5771836885051966, "d3": -0.7518290216428122, "d4": 1.0, "p1": 9.407781056612711, "p2": 24.92460322164195, "p3": 16.74746717971209, "p4": 38.86632736485993, "pol1": 0.5039878346394978, "pol2": -0.4377844753013159, "pol3": -0.65214742295604, "pol4": -0.9988869977485536, "v0s": 3.4358401114040378}, "datetime": {"datetime": "2022-06-24 04:53:32", "elapsed": 2331.594174, "delta": 12.972077}}
{"target": -1.0, "params": {"Bgrad": 0.8133495780680731, "d1": -0.7026771987227778, "d2": -0.6473710546415514, "d3": -1.910695199426582, "d4": -0.5980552695329875, "p1": 9.79170467865315, "p2": 11.200239510127474, "p3": 36.78209348030441, "p4": 28.764854807672595, "pol1": -0.47686667989977694, "pol2": -0.4332741936724225, "pol3": 0.9501708473527115, "pol4": 0.38131435474390263, "v0s": 5.2856761489168855}, "datetime": {"datetime": "2022-06-24 04:53:40", "elapsed": 2339.241896, "delta": 7.647722}}
{"target": 4.132175825241411, "params": {"Bgrad": 0.567961292934353, "d1": -0.9490617357673681, "d2": 1.0, "d3": -2.9996434793731432, "d4": -2.08153579432661, "p1": 31.227010169599893, "p2": 11.028893820703365, "p3": 38.49678650348316, "p4": 28.30932018808545, "pol1": 0.33102328400064907, "pol2": -0.8082906222584079, "pol3": -0.8904407927123568, "pol4": 0.03072916781420284, "v0s": 4.132175825241411}, "datetime": {"datetime": "2022-06-24 04:53:44", "elapsed": 2343.203886, "delta": 3.96199}}
{"target": -1.0, "params": {"Bgrad": 1.031858306842945, "d1": -1.0280845054081906, "d2": -0.9189513166979277, "d3": -0.7121181619912123, "d4": -1.4654539385125807, "p1": 8.962525738518146, "p2": 5.446673833045635, "p3": 28.494941501376193, "p4": 21.27414735777896, "pol1": -0.27422189708382305, "pol2": -0.71264239071488, "pol3": 0.45614578419658125, "pol4": -0.1785629482774871, "v0s": 2.1676223570549995}, "datetime": {"datetime": "2022-06-24 04:53:53", "elapsed": 2352.174061, "delta": 8.970175}}
{"target": -1.0, "params": {"Bgrad": 0.6391543525013554, "d1": -1.4973179981759568, "d2": 0.25769923779568726, "d3": -2.743015298492498, "d4": -1.5256558321400693, "p1": 13.128490210436967, "p2": 2.910132555389311, "p3": 29.338008974726026, "p4": 24.184489128287208, "pol1": -0.9539720187050886, "pol2": -0.5305889707109961, "pol3": 0.7247248372284523, "pol4": 0.7447855552121747, "v0s": 2.4594744394456907}, "datetime": {"datetime": "2022-06-24 04:53:59", "elapsed": 2358.678779, "delta": 6.504718}}
{"target": 3.492573229494367, "params": {"Bgrad": 0.8196801194400007, "d1": 0.8323183549665893, "d2": -1.5805192935093233, "d3": -1.930781476695031, "d4": -1.6842045923114681, "p1": 11.457165932252034, "p2": 5.138366240076947, "p3": 30.63004279227283, "p4": 18.768668110593666, "pol1": 0.02401956848043363, "pol2": -0.10623419186339422, "pol3": -0.22082390083614323, "pol4": 0.22094347388019786, "v0s": 3.492573229494367}, "datetime": {"datetime": "2022-06-24 04:54:05", "elapsed": 2364.979094, "delta": 6.300315}}
{"target": -1.0, "params": {"Bgrad": 1.6118263827795616, "d1": -1.551601640931723, "d2": 0.22458624398052063, "d3": -0.02176074106853898, "d4": 0.659874101780809, "p1": 31.317949639138025, "p2": 7.600712455255149, "p3": 7.025879305531219, "p4": 25.344166942826302, "pol1": 0.08550670112301662, "pol2": 0.5881301008704749, "pol3": 0.9264359846303563, "pol4": -0.7607165768881616, "v0s": 4.605885027144763}, "datetime": {"datetime": "2022-06-24 04:54:17", "elapsed": 2376.108061, "delta": 11.128967}}
{"target": -1.0, "params": {"Bgrad": 1.4282864431716042, "d1": -1.0108110044507175, "d2": -0.1874741363946999, "d3": 0.9037010112094119, "d4": 0.4668195799251498, "p1": 38.8371217296337, "p2": 20.523655872292657, "p3": 18.547269152195017, "p4": 18.225743487148904, "pol1": 0.6455490236333625, "pol2": -0.13093481829787068, "pol3": 0.952051474585194, "pol4": -0.9471345380174601, "v0s": 4.280257428937329}, "datetime": {"datetime": "2022-06-24 04:54:26", "elapsed": 2385.855213, "delta": 9.747152}}
{"target": -1.0, "params": {"Bgrad": 1.1046556422407694, "d1": -1.86293456418958, "d2": 0.19363108585385902, "d3": 0.6980374517714019, "d4": 0.9738070145427535, "p1": 6.86612998589427, "p2": 8.134912045466368, "p3": 37.40535634692167, "p4": 27.307172277282234, "pol1": -0.26814676533662074, "pol2": -0.13014402635748512, "pol3": -0.7320181967762998, "pol4": 0.8086318072435617, "v0s": 3.814810800461097}, "datetime": {"datetime": "2022-06-24 04:54:37", "elapsed": 2396.274572, "delta": 10.419359}}
{"target": 3.278974124531081, "params": {"Bgrad": 0.9609550174189812, "d1": -2.3783639475054086, "d2": -1.8489181301828683, "d3": -1.377780750305372, "d4": -1.3568853214403536, "p1": 3.080951228060486, "p2": 11.858337659787544, "p3": 34.86515662650169, "p4": 30.290751115550375, "pol1": 0.7763896278929086, "pol2": -0.17355506562399525, "pol3": -0.30108652991812757, "pol4": 0.1944731007592435, "v0s": 3.278974124531081}, "datetime": {"datetime": "2022-06-24 04:54:42", "elapsed": 2401.842759, "delta": 5.568187}}
{"target": 2.901088677833301, "params": {"Bgrad": 1.10065291472704, "d1": -1.4228302780718878, "d2": -1.6575155010386295, "d3": -1.4589372603063848, "d4": -0.2753385358016198, "p1": 25.619256040736936, "p2": 3.4718746788742925, "p3": 38.652886823565574, "p4": 26.322889415410692, "pol1": 0.4943007439176457, "pol2": -0.1897044184081455, "pol3": 0.010222626409718943, "pol4": 0.805602510333604, "v0s": 2.901088677833301}, "datetime": {"datetime": "2022-06-24 04:54:49", "elapsed": 2408.553969, "delta": 6.71121}}
{"target": -1.0, "params": {"Bgrad": 1.7408583636059944, "d1": 0.02064802309772773, "d2": -1.145110847570757, "d3": -0.276954132195085, "d4": 0.9809435471710222, "p1": 17.329874886505824, "p2": 32.438691452417565, "p3": 49.55050650964662, "p4": 30.609187830544048, "pol1": -0.7517040464462581, "pol2": 0.18254668428398313, "pol3": -0.08142566260468054, "pol4": -0.48618998163977833, "v0s": 4.511157119063528}, "datetime": {"datetime": "2022-06-24 04:55:01", "elapsed": 2420.370093, "delta": 11.816124}}
{"target": -1.0, "params": {"Bgrad": 1.9755717369363595, "d1": -0.5535745576425231, "d2": -2.309967404635168, "d3": 0.2788003172401856, "d4": -1.5129547981219371, "p1": 3.554724254563757, "p2": 8.750743261819533, "p3": 35.82971458736836, "p4": 29.93730248402846, "pol1": -0.8699622739740218, "pol2": 0.8402995320564626, "pol3": -0.9142068206425773, "pol4": -0.016467212214664073, "v0s": 3.736606064243224}, "datetime": {"datetime": "2022-06-24 04:55:11", "elapsed": 2430.68768, "delta": 10.317587}}
{"target": -1.0, "params": {"Bgrad": 1.0242443394616971, "d1": 0.9239592982532856, "d2": -0.1807133862379402, "d3": -0.9119678123906318, "d4": -1.612523342134466, "p1": 7.934797932538035, "p2": 9.019700733625902, "p3": 35.29579484607962, "p4": 28.064828715090652, "pol1": 0.060952813550175566, "pol2": 0.21538736381767598, "pol3": -0.7037763085374376, "pol4": 0.22711003732172075, "v0s": 5.465848141773021}, "datetime": {"datetime": "2022-06-24 04:55:24", "elapsed": 2443.429338, "delta": 12.741658}}
{"target": -1.0, "params": {"Bgrad": 1.9506572998295133, "d1": -1.367103702607186, "d2": -2.18961288903186, "d3": -1.4489719601033153, "d4": -0.9200548876099295, "p1": 10.482706901114447, "p2": 3.7063248592636544, "p3": 31.808579437720695, "p4": 21.770994728523323, "pol1": 0.6784873430364846, "pol2": -0.07489276020217939, "pol3": -0.4856843728812865, "pol4": 0.4467809469119801, "v0s": 2.5119925462326753}, "datetime": {"datetime": "2022-06-24 04:55:27", "elapsed": 2447.0682, "delta": 3.638862}}
{"target": 3.832933264685251, "params": {"Bgrad": 1.2130452214706144, "d1": -1.0126167400885069, "d2": -0.021435015294217763, "d3": -1.47708530290687, "d4": -2.5965016278524113, "p1": 45.364607875561745, "p2": 19.49814518722428, "p3": 24.975656255515744, "p4": 12.817446119389409, "pol1": 0.87985326419265, "pol2": 0.07126972532254827, "pol3": 0.3417962191252275, "pol4": -0.8225464997328362, "v0s": 3.832933264685251}, "datetime": {"datetime": "2022-06-24 04:55:34", "elapsed": 2453.094157, "delta": 6.025957}}
{"target": 3.2049986196306914, "params": {"Bgrad": 1.02976387658042, "d1": -1.4907742707099254, "d2": -0.15235793736008696, "d3": -2.484796566535016, "d4": -2.4814187285223723, "p1": 6.820039694814654, "p2": 9.370473358950589, "p3": 36.70982612488531, "p4": 28.409973508579327, "pol1": 0.45495434925495665, "pol2": 0.04405234658010404, "pol3": -0.45934809747167715, "pol4": 0.139587810420941, "v0s": 3.2049986196306914}, "datetime": {"datetime": "2022-06-24 04:55:39", "elapsed": 2458.578115, "delta": 5.483958}}
{"target": -1.0, "params": {"Bgrad": 1.7794415692015433, "d1": -1.0029795797855958, "d2": -0.6519398532951244, "d3": -0.31381415146420677, "d4": -0.4353733033010285, "p1": 4.315257445765658, "p2": 7.859834386341868, "p3": 38.55730213660833, "p4": 26.787567492312547, "pol1": -0.377681889031908, "pol2": 0.006050791955390489, "pol3": 0.6378487127957067, "pol4": 0.34956713047670407, "v0s": 3.3277557984329134}, "datetime": {"datetime": "2022-06-24 04:55:51", "elapsed": 2471.000126, "delta": 12.422011}}
{"target": 3.817006691684064, "params": {"Bgrad": 2.0, "d1": -1.906664631153775, "d2": -0.07976979478736743, "d3": -2.49062992187548, "d4": -1.5800687790430248, "p1": 7.209524273118805, "p2": 36.35152750329113, "p3": 35.4164776644291, "p4": 34.87939887639589, "pol1": -0.3812428319164612, "pol2": 0.487514844675245, "pol3": -0.5374367680597846, "pol4": -0.08097151612567415, "v0s": 3.817006691684064}, "datetime": {"datetime": "2022-06-24 04:55:57", "elapsed": 2476.462642, "delta": 5.462516}}
{"target": -1.0, "params": {"Bgrad": 1.8813263088731118, "d1": -1.6331270524184727, "d2": 0.7249786025829321, "d3": -1.3557133449470622, "d4": -0.834274314418757, "p1": 8.274889169652672, "p2": 8.358662830063096, "p3": 38.31131431606344, "p4": 31.616106774375087, "pol1": -0.17856955817694642, "pol2": 0.9434363252725322, "pol3": 0.024042778424565814, "pol4": -0.7234123991143964, "v0s": 2.7429689987499657}, "datetime": {"datetime": "2022-06-24 04:56:01", "elapsed": 2480.942762, "delta": 4.48012}}
{"target": 2.7332043891054845, "params": {"Bgrad": 1.9886303738650506, "d1": -1.4768755153885076, "d2": -0.6034358803181785, "d3": -1.0223340092890765, "d4": -1.5554740654437484, "p1": 2.4904109357298476, "p2": 32.584677135808, "p3": 16.22356654234799, "p4": 12.12169069094961, "pol1": 0.4831949588816884, "pol2": 0.19392343280422475, "pol3": 0.9628492980052408, "pol4": 0.5787693070071211, "v0s": 2.7332043891054845}, "datetime": {"datetime": "2022-06-24 04:56:04", "elapsed": 2483.202768, "delta": 2.260006}}
{"target": 2.986634968923134, "params": {"Bgrad": 1.1568667080038473, "d1": -1.8247737780710065, "d2": -1.4412330561563798, "d3": -1.877905369859992, "d4": -0.0941608133462693, "p1": 24.984892108299878, "p2": 3.937431159637851, "p3": 37.886335540541246, "p4": 25.982720226212905, "pol1": 0.3888304445234758, "pol2": -0.05732067764451574, "pol3": -0.2457505588822381, "pol4": 0.7724417029251947, "v0s": 2.986634968923134}, "datetime": {"datetime": "2022-06-24 04:56:09", "elapsed": 2488.259867, "delta": 5.057099}}
{"target": 2.9590057509879855, "params": {"Bgrad": 1.4601327119775211, "d1": -2.168870642376362, "d2": -1.0880205735272777, "d3": -0.9795444096017475, "d4": 0.7034567249996273, "p1": 9.05003697683668, "p2": 26.039553350019307, "p3": 17.611360045520144, "p4": 38.12329521534471, "pol1": 0.7029371963563674, "pol2": 0.12307235563005875, "pol3": -0.5340884873400827, "pol4": -0.7385979278157877, "v0s": 2.9590057509879855}, "datetime": {"datetime": "2022-06-24 04:56:15", "elapsed": 2494.290379, "delta": 6.030512}}
{"target": -1.0, "params": {"Bgrad": 0.5488415511738465, "d1": -2.784964388731322, "d2": -1.849298457721435, "d3": -2.321943245319195, "d4": -1.2736919368436417, "p1": 12.174916259323892, "p2": 1.2348568788482894, "p3": 36.117836439774344, "p4": 20.548094687689705, "pol1": -0.2776517778071006, "pol2": -0.4714796468049858, "pol3": 0.0835563301461868, "pol4": 0.18985682358203793, "v0s": 2.775239058057427}, "datetime": {"datetime": "2022-06-24 04:56:21", "elapsed": 2501.00751, "delta": 6.717131}}
{"target": -1.0, "params": {"Bgrad": 0.5248575091046214, "d1": -1.7197669921892218, "d2": 0.911794949414077, "d3": -1.5055553842777036, "d4": 0.6620576604252272, "p1": 17.73534244501354, "p2": 30.480046909013115, "p3": 48.86316156895057, "p4": 32.694516113209744, "pol1": -0.9613290459292706, "pol2": -0.15799110904738412, "pol3": -0.4133850913786252, "pol4": 0.247997711746685, "v0s": 3.441050160235154}, "datetime": {"datetime": "2022-06-24 04:56:30", "elapsed": 2509.64611, "delta": 8.6386}}
{"target": 5.701642932122693, "params": {"Bgrad": 0.8485603689384441, "d1": -2.9911783068051627, "d2": 0.9919527580668565, "d3": -0.5082672422947974, "d4": -2.0882433453397957, "p1": 46.61398251292425, "p2": 26.008073627144125, "p3": 22.867014445758898, "p4": 29.323113945538438, "pol1": -0.4710330008236459, "pol2": -0.5415282357236685, "pol3": -0.21577539536862844, "pol4": -0.6578377359683182, "v0s": 5.701642932122693}, "datetime": {"datetime": "2022-06-24 04:56:37", "elapsed": 2516.143831, "delta": 6.497721}}
{"target": -1.0, "params": {"Bgrad": 1.287452046636915, "d1": 0.17664639980440144, "d2": -1.9033018663751582, "d3": -2.367730161673518, "d4": -0.48792927911842643, "p1": 11.486727998485108, "p2": 4.313644932376009, "p3": 30.139084459158838, "p4": 18.493847191161848, "pol1": -0.26436286434448, "pol2": 0.1589450492897453, "pol3": -0.29661518367741335, "pol4": 0.9960638214695932, "v0s": 4.80792508634958}, "datetime": {"datetime": "2022-06-24 04:56:46", "elapsed": 2525.975756, "delta": 9.831925}}
{"target": 2.824687810681241, "params": {"Bgrad": 0.7190144830451374, "d1": -0.9786608611993262, "d2": -2.2707580493428132, "d3": -0.44293919441719254, "d4": -1.1980092688400523, "p1": 13.397878819024289, "p2": 4.345952304498091, "p3": 28.897479752407012, "p4": 21.694845263579506, "pol1": 0.8958717408405321, "pol2": -0.3193122750884425, "pol3": -0.6491317469925963, "pol4": 0.2861006322362285, "v0s": 2.824687810681241}, "datetime": {"datetime": "2022-06-24 04:56:52", "elapsed": 2531.466181, "delta": 5.490425}}
