{"target": -1.0, "params": {"Bgrad": 1.6351734616687539, "d1": 0.11947021983219086, "d2": -2.1881590932316626, "d3": 0.9489958458616163, "d4": 0.6976535996749762, "p1": 29.291323119709634, "p2": 33.91448365534696, "p3": 19.94202984596538, "p4": 21.470427581231448, "pol1": 0.36164080337005133, "pol2": 0.46747308019965206, "pol3": -0.02560924688223354, "pol4": -0.3263283198746345, "v0s": 3.483496799774681}, "datetime": {"datetime": "2022-04-29 14:49:22", "elapsed": 83874.846805, "delta": 22.696313}}
{"target": 4.477956004741853, "params": {"Bgrad": 1.1519142135391762, "d1": -0.08319324186248878, "d2": 0.5936978221175724, "d3": -2.2827251329168394, "d4": -1.8792986548092157, "p1": 38.22679170005561, "p2": 26.009554074564463, "p3": 24.02406928766562, "p4": 33.24681050594421, "pol1": 0.21430090675151625, "pol2": 0.9017859470090577, "pol3": 0.726903030832958, "pol4": -0.70347061782343, "v0s": 4.477956004741853}, "datetime": {"datetime": "2022-04-29 14:49:33", "elapsed": 83886.256298, "delta": 11.409493}}
{"target": -1.0, "params": {"Bgrad": 1.8600948021123371, "d1": -1.4870837222957642, "d2": -0.1478890630700458, "d3": -1.7719718886196683, "d4": -1.9264617080218391, "p1": 1.4961451218345578, "p2": 30.358004627824148, "p3": 9.089677945020647, "p4": 20.83478260623431, "pol1": -0.594681085208014, "pol2": -0.5716214798851404, "pol3": 0.25461700272268195, "pol4": 0.36032759744056153, "v0s": 5.186524346639401}, "datetime": {"datetime": "2022-04-29 14:49:56", "elapsed": 83909.465242, "delta": 23.208944}}
{"target": 2.909617012768335, "params": {"Bgrad": 1.6984094501760958, "d1": -1.806533716080592, "d2": -1.8353069045961496, "d3": -1.9975253594520317, "d4": -2.974221852865072, "p1": 2.1256768432792725, "p2": 31.669473348911577, "p3": 24.475532671670543, "p4": 21.909869348503207, "pol1": -0.15527721401133232, "pol2": 0.12900113983461248, "pol3": 0.9457373577289829, "pol4": 0.08146910392381668, "v0s": 2.909617012768335}, "datetime": {"datetime": "2022-04-29 14:50:09", "elapsed": 83922.401652, "delta": 12.93641}}
{"target": 3.284034110726663, "params": {"Bgrad": 1.5957990052989943, "d1": -2.477439453497257, "d2": -0.10829108783083496, "d3": -1.6362370259541406, "d4": -2.437063762928415, "p1": 8.601606734420415, "p2": 5.230614709404879, "p3": 27.83184359328438, "p4": 10.465414785628369, "pol1": -0.09825322126186253, "pol2": 0.3268026594297908, "pol3": 0.5768803843167549, "pol4": 0.3663228043668405, "v0s": 3.284034110726663}, "datetime": {"datetime": "2022-04-29 14:50:22", "elapsed": 83935.491652, "delta": 13.09}}
{"target": -1.0, "params": {"Bgrad": 0.5482132524031286, "d1": -0.394073297591806, "d2": -0.9484467826997776, "d3": -1.5994997129847919, "d4": -1.6768175725692354, "p1": 0.6088414191419034, "p2": 15.882999168908245, "p3": 13.159954580570659, "p4": 4.420424802257761, "pol1": -0.28337352660442994, "pol2": -0.8108015879954937, "pol3": 0.18657298171013914, "pol4": -0.22637144278230759, "v0s": 3.8041862777256217}, "datetime": {"datetime": "2022-04-29 14:50:40", "elapsed": 83952.9021, "delta": 17.410448}}
{"target": -1.0, "params": {"Bgrad": 0.6229914878328576, "d1": -1.5463758613946132, "d2": -2.5745671734647386, "d3": -2.2896994432532276, "d4": -2.409605782777741, "p1": 4.944922817886754, "p2": 0.5610875664278703, "p3": 37.813076128407104, "p4": 20.410720307960485, "pol1": 0.4919242641605135, "pol2": -0.5770845424653934, "pol3": 0.42747696658617973, "pol4": 0.29102604753951367, "v0s": 3.7212275094057623}, "datetime": {"datetime": "2022-04-29 14:50:54", "elapsed": 83966.657321, "delta": 13.755221}}
{"target": -1.0, "params": {"Bgrad": 1.719838763891364, "d1": -1.1560414637748262, "d2": 0.7206741911969479, "d3": 0.37768624264093154, "d4": 0.3254689515755653, "p1": 2.9466968817750736, "p2": 6.348406786416621, "p3": 24.027540071243664, "p4": 18.326472414105226, "pol1": -0.7382334184806763, "pol2": 0.42136200100338295, "pol3": -0.24575637705480413, "pol4": -0.7900921342903628, "v0s": 3.381098042568106}, "datetime": {"datetime": "2022-04-29 14:53:19", "elapsed": 84112.231083, "delta": 145.573762}}
{"target": -1.0, "params": {"Bgrad": 0.6244988196597331, "d1": -1.6817278468298813, "d2": -1.1748651867834212, "d3": -2.2689351542905483, "d4": -2.704632566560883, "p1": 46.67972332225101, "p2": 49.92607788334082, "p3": 13.733215567244544, "p4": 1.6832989998672443, "pol1": -0.32511198360092375, "pol2": 0.2576636270271464, "pol3": 0.40296269888058966, "pol4": -0.21299704658006635, "v0s": 4.661916164335637}, "datetime": {"datetime": "2022-04-29 14:53:33", "elapsed": 84126.486966, "delta": 14.255883}}
{"target": -1.0, "params": {"Bgrad": 1.0582270815590729, "d1": -2.826361337174277, "d2": 0.9547920562318493, "d3": -0.9682078998308175, "d4": -1.5354854872210169, "p1": 9.877673321207897, "p2": 11.582270872799766, "p3": 27.180379683965672, "p4": 44.81132790504673, "pol1": -0.3248987177816254, "pol2": 0.6103646314702078, "pol3": 0.543393963852628, "pol4": -0.8376718024969221, "v0s": 2.7426952296619085}, "datetime": {"datetime": "2022-04-29 14:53:44", "elapsed": 84136.596934, "delta": 10.109968}}
{"target": -1.0, "params": {"Bgrad": 1.8475698672444234, "d1": -0.8403085792865355, "d2": -0.2435961333977157, "d3": -2.601808977571423, "d4": 0.1827834836060922, "p1": 38.477060236587526, "p2": 24.641136284493776, "p3": 44.887380222707854, "p4": 48.17134295071154, "pol1": 0.5914072658734184, "pol2": 0.636063430194381, "pol3": -0.9029901139667875, "pol4": -0.5854998814109607, "v0s": 5.01070631799311}, "datetime": {"datetime": "2022-04-29 14:54:05", "elapsed": 84158.182218, "delta": 21.585284}}
{"target": -1.0, "params": {"Bgrad": 1.8823059856007671, "d1": -0.73897098609645, "d2": -0.16472618660015703, "d3": -2.5130856582258483, "d4": -1.4232419337298885, "p1": 4.3248136780710595, "p2": 28.22872668258396, "p3": 10.647135841014716, "p4": 20.298257449010027, "pol1": 0.9070253775921922, "pol2": 0.6907457811193776, "pol3": 0.18836880458902194, "pol4": 0.6383095935128571, "v0s": 4.213319518470353}, "datetime": {"datetime": "2022-04-29 14:54:25", "elapsed": 84178.26153, "delta": 20.079312}}
{"target": -1.0, "params": {"Bgrad": 1.2705865656886455, "d1": -1.7930750929260677, "d2": -0.18155812971829377, "d3": -1.0182887564874696, "d4": -2.8353321447915882, "p1": 23.91362621702108, "p2": 26.141347634492206, "p3": 11.739267341151399, "p4": 37.08171487113985, "pol1": -0.2822825978267489, "pol2": 0.5994476660954002, "pol3": -0.05380844062494483, "pol4": 0.5118204870371519, "v0s": 5.409352994085555}, "datetime": {"datetime": "2022-04-29 14:54:44", "elapsed": 84197.178948, "delta": 18.917418}}
{"target": -1.0, "params": {"Bgrad": 1.0043603774295082, "d1": -0.29776042404570235, "d2": -0.23951745182855522, "d3": -1.1014930622772705, "d4": -0.7954479605681759, "p1": 45.75517300703307, "p2": 35.05562573366314, "p3": 39.120478669061406, "p4": 5.289128441686536, "pol1": 0.055303823323912704, "pol2": 0.20820362497472789, "pol3": -0.553976454208974, "pol4": 0.9868682858412166, "v0s": 3.7911188925475026}, "datetime": {"datetime": "2022-04-29 14:55:03", "elapsed": 84215.66851, "delta": 18.489562}}
{"target": -1.0, "params": {"Bgrad": 1.7209022599881227, "d1": -2.076870790360748, "d2": -0.9100495890732447, "d3": -2.2088350375640156, "d4": 0.06119602024291737, "p1": 0.539520129656329, "p2": 9.644679323541517, "p3": 15.411993667484802, "p4": 19.33720711247683, "pol1": -0.6681683280812005, "pol2": 0.1266073094144835, "pol3": -0.5998983196301884, "pol4": -0.17457326279489838, "v0s": 5.641335443302028}, "datetime": {"datetime": "2022-04-29 14:55:27", "elapsed": 84239.795, "delta": 24.12649}}
{"target": -1.0, "params": {"Bgrad": 1.7679104342093799, "d1": 0.2964774367574532, "d2": 0.36183959100250496, "d3": -0.2545177284692235, "d4": -1.1165962176478943, "p1": 38.488022336759876, "p2": 46.39582575017143, "p3": 15.728975877998874, "p4": 10.02636486974397, "pol1": 0.4458985755730862, "pol2": -5.6074195569078e-06, "pol3": 0.9650989108998236, "pol4": -0.4770564938057149, "v0s": 4.2419259741275575}, "datetime": {"datetime": "2022-04-29 14:55:50", "elapsed": 84262.593042, "delta": 22.798042}}
{"target": -1.0, "params": {"Bgrad": 1.714485265982126, "d1": -0.8525001332516702, "d2": -1.069465485435651, "d3": -0.15334039475332784, "d4": -2.7672667658250347, "p1": 20.682792523630283, "p2": 39.207104083653164, "p3": 19.450688455590075, "p4": 29.45539233196471, "pol1": -0.08752136004288702, "pol2": -0.7372215634941759, "pol3": -0.11222275948518634, "pol4": 0.9405789792048398, "v0s": 3.69870918566021}, "datetime": {"datetime": "2022-04-29 14:56:06", "elapsed": 84278.651107, "delta": 16.058065}}
{"target": 4.380896867810632, "params": {"Bgrad": 1.8670322789094889, "d1": -1.5694315594929895, "d2": -0.6663726862974118, "d3": -2.928682795112917, "d4": -0.3969447736102363, "p1": 42.14467543873004, "p2": 23.921492541078244, "p3": 43.96476601861169, "p4": 49.428803874503714, "pol1": -0.9558379291923955, "pol2": 0.9103454456009457, "pol3": 0.5261600441380168, "pol4": 0.3827522440665323, "v0s": 4.380896867810632}, "datetime": {"datetime": "2022-04-29 14:56:19", "elapsed": 84291.963511, "delta": 13.312404}}
{"target": -1.0, "params": {"Bgrad": 1.8831065845301644, "d1": 0.6210010500969143, "d2": -1.9297233559904368, "d3": -2.7872508037215074, "d4": -2.2382135480236447, "p1": 8.531963522687002, "p2": 23.523532190277553, "p3": 39.479815649722575, "p4": 15.913771438602497, "pol1": -0.504014702248347, "pol2": -0.47702570973754854, "pol3": -0.07190037539741834, "pol4": -0.1979676396566159, "v0s": 4.411876991761457}, "datetime": {"datetime": "2022-04-29 14:56:37", "elapsed": 84310.211719, "delta": 18.248208}}
{"target": -1.0, "params": {"Bgrad": 0.9952808297745885, "d1": -2.3806533545893225, "d2": -0.48355419426455537, "d3": -1.9066221794153662, "d4": -0.31295640613526876, "p1": 46.68022406394387, "p2": 25.452068447079718, "p3": 21.366454961236524, "p4": 4.857184735325704, "pol1": 0.655315804426307, "pol2": 0.4456068244747877, "pol3": -0.06426957088089802, "pol4": -0.8557368408366475, "v0s": 3.6293975754975794}, "datetime": {"datetime": "2022-04-29 14:56:49", "elapsed": 84321.584311, "delta": 11.372592}}
{"target": -1.0, "params": {"Bgrad": 1.8400132126465156, "d1": -1.3468086849721348, "d2": 0.27979783735674957, "d3": -1.632530711721747, "d4": -2.231296536584234, "p1": 32.692107962724144, "p2": 13.696035948499874, "p3": 3.8278928677760837, "p4": 18.887264590093967, "pol1": 0.9683799581080523, "pol2": -0.6604296927244064, "pol3": -0.013600766266045783, "pol4": -0.27751490660134115, "v0s": 4.903230843237816}, "datetime": {"datetime": "2022-04-29 14:57:10", "elapsed": 84343.1307, "delta": 21.546389}}
{"target": 4.578114232123478, "params": {"Bgrad": 1.7821379178342716, "d1": -1.1333549306933328, "d2": 0.9471636642553607, "d3": -2.2155213354838046, "d4": -0.6472515456090431, "p1": 22.34397900195763, "p2": 24.703082795711488, "p3": 39.79707778197648, "p4": 46.96536999407622, "pol1": -0.06081645831103755, "pol2": 0.8907509261579081, "pol3": 0.6843431648463405, "pol4": -0.15008169547305772, "v0s": 4.578114232123478}, "datetime": {"datetime": "2022-04-29 14:57:22", "elapsed": 84355.146571, "delta": 12.015871}}
{"target": -1.0, "params": {"Bgrad": 0.9184618938471911, "d1": -1.8316136132107235, "d2": 0.4245875013048308, "d3": -2.150600744187676, "d4": -0.9318325521466826, "p1": 7.097310884260288, "p2": 35.75432569784222, "p3": 34.15462143133966, "p4": 35.09289312467742, "pol1": -0.2809746178020498, "pol2": -0.09730005712717316, "pol3": -0.7182871325434219, "pol4": 0.5562971777067547, "v0s": 3.9034264762990203}, "datetime": {"datetime": "2022-04-29 14:57:33", "elapsed": 84366.221959, "delta": 11.075388}}
{"target": -1.0, "params": {"Bgrad": 1.6179718439157864, "d1": 0.48369007468773173, "d2": -0.8988006303396969, "d3": -2.9603630977585276, "d4": -0.17769509880013956, "p1": 44.23290290557815, "p2": 25.769981967806505, "p3": 21.76137321296922, "p4": 6.244240792825762, "pol1": 0.06638858548360083, "pol2": -0.48328999744815215, "pol3": -0.786235174257494, "pol4": 0.9304111917318176, "v0s": 2.7875538914626112}, "datetime": {"datetime": "2022-04-29 14:57:52", "elapsed": 84384.580869, "delta": 18.35891}}
{"target": 5.288534903926551, "params": {"Bgrad": 0.6831118856207211, "d1": -1.545626721795493, "d2": 0.4658413561785877, "d3": -1.1205409466601148, "d4": -0.14345920200069484, "p1": 3.454969120057455, "p2": 5.688848854481327, "p3": 23.012214581822715, "p4": 17.858532960008972, "pol1": -0.7095830103881886, "pol2": 0.5020023968328575, "pol3": 0.44936899305494027, "pol4": -0.44966439006971815, "v0s": 5.288534903926551}, "datetime": {"datetime": "2022-04-29 14:58:01", "elapsed": 84394.359723, "delta": 9.778854}}
{"target": 3.378345102907528, "params": {"Bgrad": 1.1323050442884808, "d1": -2.503091281634142, "d2": 0.9062229847920782, "d3": -2.3010084772356345, "d4": -1.2244801417132707, "p1": 47.9199599073597, "p2": 25.289967566902128, "p3": 21.96933288486967, "p4": 3.7203557219767927, "pol1": -0.056783754377193185, "pol2": 0.04730140340821887, "pol3": 0.2233886223526491, "pol4": -0.07560820704764581, "v0s": 3.378345102907528}, "datetime": {"datetime": "2022-04-29 14:58:13", "elapsed": 84405.599669, "delta": 11.239946}}
{"target": -1.0, "params": {"Bgrad": 0.9055006115343954, "d1": -2.364813380778992, "d2": 0.6754914667585945, "d3": 0.30612144592696255, "d4": 0.10088433518290962, "p1": 11.513426089169808, "p2": 45.642332463922806, "p3": 30.927697193750646, "p4": 12.210515946199962, "pol1": -0.24124990094131937, "pol2": -0.168947034358089, "pol3": 0.6395960357657278, "pol4": -0.7441224177055263, "v0s": 4.695924211734532}, "datetime": {"datetime": "2022-04-29 14:58:33", "elapsed": 84425.643076, "delta": 20.043407}}
{"target": -1.0, "params": {"Bgrad": 1.6466470285169303, "d1": 0.43134561959518125, "d2": -0.5145126666833453, "d3": -0.4762037973940978, "d4": -1.0271659936218627, "p1": 11.879178440809474, "p2": 3.6838326125745393, "p3": 26.650397254092784, "p4": 15.096956638869862, "pol1": 0.8254305815197689, "pol2": 0.06808802097841338, "pol3": -0.2226973623665851, "pol4": 0.7235357283889403, "v0s": 2.8548122239335916}, "datetime": {"datetime": "2022-04-29 14:58:50", "elapsed": 84443.476394, "delta": 17.833318}}
{"target": 3.5092504365298485, "params": {"Bgrad": 1.9142685972672502, "d1": 0.32551325995705316, "d2": -0.12718171711088067, "d3": -1.1341590544557505, "d4": -0.57926659434017, "p1": 25.32790876477059, "p2": 6.575265360066163, "p3": 31.926260579909844, "p4": 28.962019606924038, "pol1": -0.6331788806577423, "pol2": -0.273159898909904, "pol3": 0.2501346226083361, "pol4": -0.5824863954385908, "v0s": 3.5092504365298485}, "datetime": {"datetime": "2022-04-29 14:59:07", "elapsed": 84459.657129, "delta": 16.180735}}
{"target": -1.0, "params": {"Bgrad": 1.858891446797279, "d1": 0.4545959504019339, "d2": -1.2574736414741454, "d3": -2.162572817551878, "d4": -1.7071276392973624, "p1": 26.842376630215536, "p2": 6.645042952232694, "p3": 40.99991094146852, "p4": 24.785500410055185, "pol1": -0.9720964714296485, "pol2": 0.004473818277415331, "pol3": 0.3684212941402587, "pol4": 0.8821643743090299, "v0s": 3.713471733099258}, "datetime": {"datetime": "2022-04-29 14:59:29", "elapsed": 84481.934563, "delta": 22.277434}}
{"target": -1.0, "params": {"Bgrad": 1.322351813519616, "d1": -1.2684332023766176, "d2": 0.2274258619469789, "d3": -2.829576683499733, "d4": -2.629076524167833, "p1": 46.33938981332159, "p2": 34.278970975975994, "p3": 39.68867952528128, "p4": 3.3287345191110376, "pol1": 0.022893941033977905, "pol2": -0.4674137132297975, "pol3": -0.20154700173464257, "pol4": 0.18082982351405286, "v0s": 3.8624989950094726}, "datetime": {"datetime": "2022-04-29 14:59:48", "elapsed": 84500.721331, "delta": 18.786768}}
{"target": -1.0, "params": {"Bgrad": 0.6073294299154258, "d1": -1.7269129216132533, "d2": -2.486938919443799, "d3": -0.5993658303722436, "d4": 0.8308809110345035, "p1": 26.3311552560972, "p2": 24.952207736129072, "p3": 30.83613931106688, "p4": 15.135668799110002, "pol1": -0.6802541079513396, "pol2": -0.9133822741143525, "pol3": -0.850414684577556, "pol4": -0.5779320842104119, "v0s": 5.192102836537192}, "datetime": {"datetime": "2022-04-29 15:00:00", "elapsed": 84512.939661, "delta": 12.21833}}
{"target": -1.0, "params": {"Bgrad": 0.9899021117172335, "d1": -0.08548142436996153, "d2": -2.1829836847984287, "d3": -0.8954335948912546, "d4": -1.610730628845487, "p1": 7.857956572867036, "p2": 33.074953593263054, "p3": 34.493572844409016, "p4": 19.21818636699177, "pol1": 0.2967009607945781, "pol2": 0.2858316649955637, "pol3": -0.5558797671846678, "pol4": -0.5573998563501545, "v0s": 3.06442196585553}, "datetime": {"datetime": "2022-04-29 15:00:20", "elapsed": 84533.153613, "delta": 20.213952}}
{"target": 2.2362430259101904, "params": {"Bgrad": 1.4535701273727466, "d1": -1.705944323110315, "d2": -2.7676824302932874, "d3": -2.2045788605556216, "d4": 0.48871600732267506, "p1": 3.4272657651492344, "p2": 44.85597168278522, "p3": 45.30796430556879, "p4": 42.80455406482423, "pol1": -0.1505395282854578, "pol2": 0.49927529194919473, "pol3": -0.38336773989450923, "pol4": 0.7352450011577163, "v0s": 2.2362430259101904}, "datetime": {"datetime": "2022-04-29 15:00:38", "elapsed": 84550.544114, "delta": 17.390501}}
{"target": 3.1398221007421085, "params": {"Bgrad": 1.501376405718396, "d1": -0.07306232809485202, "d2": -0.21741249986451436, "d3": -1.948576467275069, "d4": -1.7465321801738896, "p1": 44.15964152665208, "p2": 27.145240753551764, "p3": 26.95382913639335, "p4": 47.5190469401985, "pol1": -0.9363834848954491, "pol2": 0.5088528301474512, "pol3": -0.6271292095786225, "pol4": -0.6246340062612975, "v0s": 3.1398221007421085}, "datetime": {"datetime": "2022-04-29 15:00:59", "elapsed": 84571.656663, "delta": 21.112549}}
{"target": -1.0, "params": {"Bgrad": 0.8145867657598764, "d1": -1.1534077290842166, "d2": 0.4250301939874972, "d3": -0.9831842265206268, "d4": 0.07314019544327355, "p1": 33.81849631190884, "p2": 40.579328116208686, "p3": 23.099422215275762, "p4": 20.01610603883346, "pol1": 0.7540383222780151, "pol2": -0.3949788051115406, "pol3": -0.5684720293371861, "pol4": -0.9335760478765469, "v0s": 4.364724068401865}, "datetime": {"datetime": "2022-04-29 15:01:16", "elapsed": 84589.339383, "delta": 17.68272}}
{"target": -1.0, "params": {"Bgrad": 0.8686674565350361, "d1": -2.0034835778143405, "d2": -0.7568762890005285, "d3": -1.6472296967904052, "d4": -1.4703294638196778, "p1": 40.5905830919831, "p2": 42.96041546995125, "p3": 32.67505138144398, "p4": 14.302348361494788, "pol1": 0.14464995439822048, "pol2": -0.5732472413318601, "pol3": 0.010953382407934198, "pol4": 0.3572036220152639, "v0s": 5.735851918531702}, "datetime": {"datetime": "2022-04-29 15:01:32", "elapsed": 84604.844923, "delta": 15.50554}}
{"target": -1.0, "params": {"Bgrad": 0.5410610518308053, "d1": 0.6970230083115663, "d2": -1.2078234236667518, "d3": -1.0509152635468455, "d4": -1.9450552552787936, "p1": 46.90328000599865, "p2": 41.172235525800964, "p3": 6.2897300481279, "p4": 11.636081683390454, "pol1": -0.9720045942699682, "pol2": 0.15710615093966518, "pol3": 0.163018083194443, "pol4": 0.794264917366931, "v0s": 4.094123294234283}, "datetime": {"datetime": "2022-04-29 15:01:42", "elapsed": 84615.361803, "delta": 10.51688}}
{"target": -1.0, "params": {"Bgrad": 1.117992470482487, "d1": 0.5535864954548271, "d2": 0.4219531657288247, "d3": -0.9566870682942503, "d4": -0.7116830985547207, "p1": 4.131713820685662, "p2": 12.599269060774388, "p3": 34.943637096062595, "p4": 2.7329416187378164, "pol1": -0.131920339814255, "pol2": 0.38570818175163324, "pol3": 0.7787468500267438, "pol4": 0.5709500215823526, "v0s": 3.3315927449338774}, "datetime": {"datetime": "2022-04-29 15:02:03", "elapsed": 84636.059462, "delta": 20.697659}}
{"target": -1.0, "params": {"Bgrad": 1.6624715403593715, "d1": 0.7508875863682314, "d2": -0.6010701018485136, "d3": -0.11728600313806092, "d4": -1.9001232570015216, "p1": 26.616841377310323, "p2": 5.351907100828063, "p3": 32.88573626144008, "p4": 27.73382459924907, "pol1": 0.7525911764191493, "pol2": 0.74254358445404, "pol3": -0.5748740021958323, "pol4": 0.32371099305858064, "v0s": 2.8108012243522835}, "datetime": {"datetime": "2022-04-29 15:02:26", "elapsed": 84659.40105, "delta": 23.341588}}
{"target": -1.0, "params": {"Bgrad": 1.956897752047928, "d1": -1.0157298983774572, "d2": -1.9345887192431248, "d3": -1.0774727306277505, "d4": -0.19973848069723577, "p1": 18.98886845929559, "p2": 16.91037545477897, "p3": 32.618815278002145, "p4": 47.88324139847304, "pol1": -0.7954735519812466, "pol2": 0.32275161126005236, "pol3": 0.13009924133347073, "pol4": -0.19244575712153789, "v0s": 3.520393254937404}, "datetime": {"datetime": "2022-04-29 15:02:45", "elapsed": 84678.420196, "delta": 19.019146}}
{"target": -1.0, "params": {"Bgrad": 1.2003848222017814, "d1": -2.8137184480684008, "d2": -1.6543855221943717, "d3": -0.8799438289864869, "d4": -0.8335601979266043, "p1": 35.4403891703706, "p2": 40.80333222290813, "p3": 24.19257413544789, "p4": 18.9552314281692, "pol1": -0.24612843818549313, "pol2": -0.5605512977791476, "pol3": -0.9099909470484524, "pol4": 0.3509541699772978, "v0s": 3.135351738697511}, "datetime": {"datetime": "2022-04-29 15:02:58", "elapsed": 84690.703354, "delta": 12.283158}}
{"target": -1.0, "params": {"Bgrad": 0.9617025184814953, "d1": -1.3265879545859511, "d2": 0.5935474712771973, "d3": 0.2124835653737005, "d4": -1.8835446035159524, "p1": 6.638832908247405, "p2": 1.4279016421579804, "p3": 39.55891404412812, "p4": 45.77451692939526, "pol1": -0.007880008387527226, "pol2": -0.1340437933735863, "pol3": -0.33938442577733396, "pol4": 0.911379136555786, "v0s": 2.969670737292179}, "datetime": {"datetime": "2022-04-29 15:03:14", "elapsed": 84707.035684, "delta": 16.33233}}
