{"target": -1.0, "params": {"Bgrad": 1.3320009661815, "d1": 0.8976138756520102, "d2": -1.7531883291240744, "d3": -0.32481357630852115, "d4": -1.6961311707640565, "p1": 38.72386330075398, "p2": 16.290498330660242, "p3": 44.491367072368746, "p4": 37.58538604596334, "pol1": 0.5252641908902214, "pol2": -0.061041942880148525, "pol3": -0.5784709950625893, "pol4": -0.9170498408470023, "v0s": 3.930972799821467}, "datetime": {"datetime": "2022-06-13 02:28:35", "elapsed": 1562.792918, "delta": 9.772878}}
{"target": -1.0, "params": {"Bgrad": 0.5556689967409916, "d1": -0.2245783545044011, "d2": -0.3185998722553265, "d3": -1.2781128690201, "d4": 0.071155910632692, "p1": 26.800424736978183, "p2": 1.9929963317726285, "p3": 6.739655898033953, "p4": 9.670819950745917, "pol1": -0.32867239767070044, "pol2": -0.8953741071250465, "pol3": 0.21023356100073243, "pol4": 0.0241220550478376, "v0s": 5.704766072102936}, "datetime": {"datetime": "2022-06-13 02:28:42", "elapsed": 1569.196802, "delta": 6.403884}}
{"target": -1.0, "params": {"Bgrad": 1.1485333921465162, "d1": 0.3908018729497509, "d2": -1.1837637757633948, "d3": -2.9383859208323164, "d4": 0.4922725937883978, "p1": 32.81007738720494, "p2": 41.15015203242355, "p3": 47.588784651692585, "p4": 2.5456191758443603, "pol1": -0.5298562718179709, "pol2": -0.8733131130873204, "pol3": -0.15668422793509817, "pol4": 0.7276582910029039, "v0s": 2.489743896290409}, "datetime": {"datetime": "2022-06-13 02:28:53", "elapsed": 1580.765883, "delta": 11.569081}}
{"target": -1.0, "params": {"Bgrad": 1.2096679293288177, "d1": -2.4978275607651055, "d2": 0.09154240866847108, "d3": 0.3656886271833737, "d4": -2.8268362472553656, "p1": 24.322037158519738, "p2": 11.970552206887797, "p3": 47.62368908466296, "p4": 47.19463138918981, "pol1": 0.22786800476940172, "pol2": 0.9469747946503926, "pol3": -0.310277312567498, "pol4": 0.7957014353353635, "v0s": 4.607569840451057}, "datetime": {"datetime": "2022-06-13 02:29:06", "elapsed": 1593.66241, "delta": 12.896527}}
{"target": -1.0, "params": {"Bgrad": 0.8537219557212705, "d1": 0.7633118528055975, "d2": -0.2631277960670899, "d3": -2.7403536586434827, "d4": 0.48169942729226456, "p1": 35.069014731667316, "p2": 30.246343648714085, "p3": 36.61874495896652, "p4": 12.671952124989039, "pol1": 0.20097791054908876, "pol2": 0.6292383625233107, "pol3": -0.8917726793520002, "pol4": -0.7389786573214681, "v0s": 7.054674859738482}, "datetime": {"datetime": "2022-06-13 02:29:14", "elapsed": 1601.864487, "delta": 8.202077}}
{"target": -1.0, "params": {"Bgrad": 1.4275188039918283, "d1": -0.874848758075768, "d2": -2.0068370840116057, "d3": -1.8196856990020165, "d4": 0.49074465967784775, "p1": 21.083296742485462, "p2": 3.22151277898034, "p3": 44.84925347537912, "p4": 10.169041641202552, "pol1": 0.6524550709847827, "pol2": 0.7635412461656146, "pol3": -0.026498510363323735, "pol4": 0.1969293862092727, "v0s": 5.163604738912502}, "datetime": {"datetime": "2022-06-13 02:29:25", "elapsed": 1612.378385, "delta": 10.513898}}
{"target": -1.0, "params": {"Bgrad": 1.4372319412782486, "d1": 0.42016688538940583, "d2": -1.8714422063805576, "d3": 0.5350220327224036, "d4": -0.7292386795234029, "p1": 5.755152048345169, "p2": 11.350058260732897, "p3": 29.799119280650686, "p4": 11.972311845234017, "pol1": -0.7371686789250789, "pol2": -0.6763045717523297, "pol3": 0.6897450364714781, "pol4": 0.20436730778542156, "v0s": 7.781402523130051}, "datetime": {"datetime": "2022-06-13 02:29:34", "elapsed": 1621.903925, "delta": 9.52554}}
{"target": -1.0, "params": {"Bgrad": 1.0185188199440383, "d1": -0.6174996074602013, "d2": -0.604058844106321, "d3": -0.537182851184205, "d4": -2.7632911712571104, "p1": 37.51585922873429, "p2": 47.410474909381264, "p3": 26.733952858979436, "p4": 9.62780104775342, "pol1": 0.5058518299598844, "pol2": -0.9853620613442724, "pol3": -0.3434877926984383, "pol4": 0.8352126952887864, "v0s": 5.530203997363261}, "datetime": {"datetime": "2022-06-13 02:29:46", "elapsed": 1633.430117, "delta": 11.526192}}
{"target": -1.0, "params": {"Bgrad": 1.782785425856203, "d1": -0.581311790603249, "d2": 0.29031261009548404, "d3": 0.5179340937172676, "d4": -1.7160545019021871, "p1": 6.147738577608925, "p2": 36.06516720932854, "p3": 22.017354341561912, "p4": 6.33678545710043, "pol1": 0.17964729621977837, "pol2": -0.9278633708602801, "pol3": -0.5996357671780261, "pol4": 0.5766023793359378, "v0s": 2.072580560092147}, "datetime": {"datetime": "2022-06-13 02:30:03", "elapsed": 1650.294044, "delta": 16.863927}}
{"target": 5.507283596699779, "params": {"Bgrad": 0.9550185075628537, "d1": -2.914496155647717, "d2": 0.9899399709133179, "d3": -0.671880094626153, "d4": -1.8264948860557735, "p1": 46.447473094655784, "p2": 25.355971177410225, "p3": 22.734611377620347, "p4": 29.393575314809322, "pol1": -0.47172471157886076, "pol2": -0.3894234013051334, "pol3": -0.2566908465516351, "pol4": -0.5111040012567782, "v0s": 5.507283596699779}, "datetime": {"datetime": "2022-06-13 02:30:10", "elapsed": 1657.2315, "delta": 6.937456}}
{"target": -1.0, "params": {"Bgrad": 1.5437692008984896, "d1": -2.7122111193439955, "d2": 0.8843332785018552, "d3": 0.012282623477819499, "d4": 0.22465265181363314, "p1": 37.58202020406453, "p2": 4.003048863560865, "p3": 24.084814151058854, "p4": 22.283647820082802, "pol1": 0.34494530104985976, "pol2": -0.10252548235135617, "pol3": 0.4086267967678192, "pol4": 0.3632906752052458, "v0s": 6.182891172516538}, "datetime": {"datetime": "2022-06-13 02:30:22", "elapsed": 1670.052233, "delta": 12.820733}}
{"target": -1.0, "params": {"Bgrad": 1.4279011138423046, "d1": -2.396077066881417, "d2": 0.04320982522302419, "d3": 0.12418328877582807, "d4": 0.6164119436552196, "p1": 11.688434630205297, "p2": 8.83394465361707, "p3": 19.55495615533812, "p4": 16.02823269975801, "pol1": 0.6309538580112524, "pol2": 0.22705179933686326, "pol3": 0.5200035046994977, "pol4": -0.1446698006060716, "v0s": 2.5966433774935354}, "datetime": {"datetime": "2022-06-13 02:30:33", "elapsed": 1681.047844, "delta": 10.995611}}
{"target": -1.0, "params": {"Bgrad": 0.6725525180753693, "d1": -1.5063714730512188, "d2": -2.2246089299619713, "d3": 0.282985994491753, "d4": -0.6014559663051329, "p1": 34.44226295093325, "p2": 24.55549806521481, "p3": 4.408684062109053, "p4": 11.753881834308515, "pol1": -0.07679583821675595, "pol2": -0.6028169938921475, "pol3": -0.9490475284423594, "pol4": 0.4587953965123053, "v0s": 6.349500483314715}, "datetime": {"datetime": "2022-06-13 02:30:40", "elapsed": 1687.274201, "delta": 6.226357}}
{"target": -1.0, "params": {"Bgrad": 0.9955876195425541, "d1": 0.3739765042546219, "d2": -1.2862300961957063, "d3": 0.45874457905413735, "d4": -0.3717383015084419, "p1": 29.051782870904507, "p2": 10.03637440175455, "p3": 26.477330523919747, "p4": 44.721620921378616, "pol1": -0.39001204832956793, "pol2": 0.7418912183221067, "pol3": 0.8174905457167763, "pol4": -0.3403108746362353, "v0s": 6.098446198019385}, "datetime": {"datetime": "2022-06-13 02:30:50", "elapsed": 1697.813033, "delta": 10.538832}}
{"target": -1.0, "params": {"Bgrad": 1.8488314243489532, "d1": -2.6972124729667866, "d2": 0.5143514528190818, "d3": -2.2366425469260776, "d4": 0.3990756400717226, "p1": 33.3559394349602, "p2": 17.216959772502694, "p3": 7.56877849963995, "p4": 31.76854807442267, "pol1": 0.6955760874294832, "pol2": 0.6436987495280211, "pol3": 0.2564791942613156, "pol4": 0.9126030195104642, "v0s": 5.539538762454619}, "datetime": {"datetime": "2022-06-13 02:31:04", "elapsed": 1711.080571, "delta": 13.267538}}
{"target": -1.0, "params": {"Bgrad": 0.796749176971879, "d1": -1.2826771095340308, "d2": -1.6530160051953309, "d3": 0.9677800476291241, "d4": -1.479054015530941, "p1": 49.635043683240895, "p2": 25.94021253667071, "p3": 8.613985073856274, "p4": 3.728703562573993, "pol1": -0.25938861245222467, "pol2": -0.7531622803705402, "pol3": 0.2690374325836833, "pol4": -0.17216030854118225, "v0s": 7.945493795152701}, "datetime": {"datetime": "2022-06-13 02:31:09", "elapsed": 1717.009723, "delta": 5.929152}}
{"target": -1.0, "params": {"Bgrad": 1.8949334354799767, "d1": -2.403055870761, "d2": -1.420470949852798, "d3": -1.1536811561504554, "d4": -0.7562049795122192, "p1": 39.018176164463426, "p2": 24.359695453671186, "p3": 20.99967760051204, "p4": 13.099985235966782, "pol1": 0.8216122781735169, "pol2": -0.9554569769343917, "pol3": 0.6422437964379293, "pol4": -0.623063200667163, "v0s": 6.114541395035284}, "datetime": {"datetime": "2022-06-13 02:31:20", "elapsed": 1727.519632, "delta": 10.509909}}
{"target": -1.0, "params": {"Bgrad": 1.0328140840094657, "d1": 0.8968505115803653, "d2": -2.50891148220232, "d3": -2.249720429531042, "d4": 0.5577699018579154, "p1": 29.170315730411396, "p2": 15.462319232938981, "p3": 0.038219273909401164, "p4": 11.379886916112653, "pol1": -0.7091927316575286, "pol2": -0.5931323512598188, "pol3": 0.7926451136080093, "pol4": 0.7461887565392811, "v0s": 6.201736625800699}, "datetime": {"datetime": "2022-06-13 02:31:31", "elapsed": 1738.264912, "delta": 10.74528}}
{"target": 3.1452196590338444, "params": {"Bgrad": 1.2057465142283137, "d1": 0.3085440093291534, "d2": -1.0166944116591505, "d3": -1.546045266860379, "d4": -1.897587588956565, "p1": 46.23704067691858, "p2": 19.34946171281461, "p3": 24.644043671566013, "p4": 12.721905115721105, "pol1": 0.7699330376761266, "pol2": -0.23347308638942654, "pol3": -0.4048505693722495, "pol4": 0.43518992438950876, "v0s": 3.1452196590338444}, "datetime": {"datetime": "2022-06-13 02:31:36", "elapsed": 1743.878907, "delta": 5.613995}}
{"target": -1.0, "params": {"Bgrad": 0.6772889440205576, "d1": 0.3479911288540487, "d2": -0.023456314521859145, "d3": -0.6379178094115314, "d4": -2.0284337001405173, "p1": 31.162357259379203, "p2": 31.917766037058648, "p3": 16.378472205616255, "p4": 3.3744671533771142, "pol1": 0.7610771951286535, "pol2": -0.08008653785148323, "pol3": 0.5277454361328597, "pol4": -0.49222275811452065, "v0s": 5.548323093605101}, "datetime": {"datetime": "2022-06-13 02:31:43", "elapsed": 1750.480262, "delta": 6.601355}}
{"target": -1.0, "params": {"Bgrad": 1.1431927405231965, "d1": -1.4715974298034418, "d2": -2.493146464612309, "d3": -2.0229333471640967, "d4": -2.682633668166724, "p1": 15.14291523587893, "p2": 37.08524001157777, "p3": 30.75078624855244, "p4": 33.62055494669629, "pol1": -0.9832338409499368, "pol2": 0.35675394450263975, "pol3": 0.006361381085774109, "pol4": -0.5381830990316416, "v0s": 3.049379053891533}, "datetime": {"datetime": "2022-06-13 02:31:53", "elapsed": 1760.210256, "delta": 9.729994}}
{"target": -1.0, "params": {"Bgrad": 0.7774744483262448, "d1": 0.37704002030039385, "d2": 0.9303591572203413, "d3": 0.6549584993665265, "d4": -1.6105223185087487, "p1": 39.011228984568184, "p2": 27.32272953507153, "p3": 40.82211987779689, "p4": 24.18634755944529, "pol1": 0.17990259659880747, "pol2": 0.574526895048523, "pol3": -0.7995307137937353, "pol4": 0.0740142336810814, "v0s": 4.195900080017926}, "datetime": {"datetime": "2022-06-13 02:32:03", "elapsed": 1770.764047, "delta": 10.553791}}
{"target": -1.0, "params": {"Bgrad": 1.4064602655033083, "d1": 0.8352100625480019, "d2": -1.4287082200121501, "d3": -1.4281080082335342, "d4": 0.1625479743583953, "p1": 32.25391995427132, "p2": 19.694200392768824, "p3": 34.447752411512575, "p4": 20.20008045271895, "pol1": -0.7277736915037558, "pol2": -0.09871346265573111, "pol3": -0.3311612146054548, "pol4": -0.5640621398776642, "v0s": 7.554648809818639}, "datetime": {"datetime": "2022-06-13 02:32:15", "elapsed": 1782.790901, "delta": 12.026854}}
{"target": 2.537784193564772, "params": {"Bgrad": 1.5344590986193367, "d1": -0.6047164375063123, "d2": -0.013370111507979843, "d3": -0.832115752914234, "d4": -0.19786770952198962, "p1": 46.527990962492254, "p2": 43.130834725261096, "p3": 8.372092875326064, "p4": 13.156951196193711, "pol1": -0.8567794411163909, "pol2": 0.957345610316694, "pol3": -0.5272318026792489, "pol4": 0.32119671185719745, "v0s": 2.537784193564772}, "datetime": {"datetime": "2022-06-13 02:32:19", "elapsed": 1787.013616, "delta": 4.222715}}
{"target": -1.0, "params": {"Bgrad": 0.8161564131305281, "d1": -0.9887024659263819, "d2": -2.580185326680288, "d3": -1.4445063892211025, "d4": -0.8480491194412765, "p1": 16.960209244254997, "p2": 27.795010556328776, "p3": 26.8384160971232, "p4": 19.53052493684529, "pol1": 0.3925401662022059, "pol2": 0.3569649079958481, "pol3": 0.3746062987487797, "pol4": 0.12298251759874845, "v0s": 4.148479484077615}, "datetime": {"datetime": "2022-06-13 02:32:27", "elapsed": 1794.950401, "delta": 7.936785}}
{"target": -1.0, "params": {"Bgrad": 1.4196685030505183, "d1": 0.742945066432799, "d2": -0.6124459002161076, "d3": 0.9183606974377008, "d4": -1.2359735183645153, "p1": 36.980598125377334, "p2": 1.8801939324800065, "p3": 38.23633195002431, "p4": 25.91407901634062, "pol1": -0.9893669340777935, "pol2": -0.445599790434803, "pol3": 0.06966446503962298, "pol4": 0.5359257565626232, "v0s": 2.318555572715151}, "datetime": {"datetime": "2022-06-13 02:32:39", "elapsed": 1806.294081, "delta": 11.34368}}
{"target": -1.0, "params": {"Bgrad": 1.3235801657757795, "d1": 0.20397822319342396, "d2": -0.4016677804860844, "d3": 0.7257880599716429, "d4": -2.7010742199409554, "p1": 13.840323130029331, "p2": 45.96187521280862, "p3": 38.250257414907146, "p4": 29.987017223604933, "pol1": 0.6659362876741408, "pol2": 0.7920869831500039, "pol3": 0.9454407057056498, "pol4": 0.9970410141796118, "v0s": 2.837896002104621}, "datetime": {"datetime": "2022-06-13 02:32:51", "elapsed": 1818.340883, "delta": 12.046802}}
{"target": -1.0, "params": {"Bgrad": 0.6058130671155488, "d1": -2.7061333825595066, "d2": -2.9410248364002123, "d3": 0.8872802919117042, "d4": -2.6209323341710835, "p1": 42.08684130929248, "p2": 34.25864984538498, "p3": 24.377858374145905, "p4": 17.33474406792891, "pol1": -0.2927044258659899, "pol2": -0.4923222353056256, "pol3": 0.8220359473972529, "pol4": 0.4512850909897379, "v0s": 2.1555547567056195}, "datetime": {"datetime": "2022-06-13 02:32:59", "elapsed": 1826.153002, "delta": 7.812119}}
{"target": -1.0, "params": {"Bgrad": 1.1922818798706718, "d1": -1.8747949098527545, "d2": -2.884135255288406, "d3": 0.5387275772371778, "d4": 0.08402143181872912, "p1": 16.486753962213047, "p2": 39.827929376835556, "p3": 16.23191611014983, "p4": 15.394122190882337, "pol1": 0.8562181570014524, "pol2": 0.9538323238917004, "pol3": 0.047110609433785644, "pol4": 0.9038703351358499, "v0s": 7.327978963558788}, "datetime": {"datetime": "2022-06-13 02:33:10", "elapsed": 1837.860709, "delta": 11.707707}}
{"target": -1.0, "params": {"Bgrad": 1.277048842391613, "d1": -1.5090047916100575, "d2": -0.1585816867215626, "d3": -1.177426301431784, "d4": -0.5791484195071486, "p1": 49.52030984449733, "p2": 38.695812497823425, "p3": 16.713820249691313, "p4": 4.449911041118898, "pol1": -0.6301888194431833, "pol2": 0.05370375178366871, "pol3": -0.165795163786284, "pol4": 0.6013193162584793, "v0s": 7.59921402912009}, "datetime": {"datetime": "2022-06-13 02:33:20", "elapsed": 1848.011577, "delta": 10.150868}}
{"target": -1.0, "params": {"Bgrad": 1.8725811019699379, "d1": -0.21401470523357746, "d2": -2.9134319040742054, "d3": -0.8682001094054987, "d4": -1.5521994412723679, "p1": 20.6804194136058, "p2": 41.83226986030063, "p3": 18.82889088523888, "p4": 47.239927814395045, "pol1": -0.5764734947648815, "pol2": -0.8171922113798773, "pol3": 0.8244239254798602, "pol4": 0.07260683617959685, "v0s": 2.1169182541983442}, "datetime": {"datetime": "2022-06-13 02:33:25", "elapsed": 1852.202376, "delta": 4.190799}}
{"target": -1.0, "params": {"Bgrad": 1.9523582419317196, "d1": -0.20231268757591536, "d2": -1.5309754218683125, "d3": -2.0559390610092256, "d4": -0.4558288678236231, "p1": 9.667481211276607, "p2": 2.4117952515073924, "p3": 43.74985705866832, "p4": 46.91220908653464, "pol1": -0.2660091829721427, "pol2": -0.45391292785036885, "pol3": 0.6806668521541053, "pol4": 0.3014590938686439, "v0s": 3.3811558096235204}, "datetime": {"datetime": "2022-06-13 02:33:38", "elapsed": 1865.163733, "delta": 12.961357}}
{"target": 2.212003967969065, "params": {"Bgrad": 0.9233752040799357, "d1": -2.4678277436983147, "d2": -0.8288768312590782, "d3": -1.3891731352190138, "d4": 0.42281917876321806, "p1": 26.316941292290423, "p2": 14.363921979494393, "p3": 7.271033791619469, "p4": 30.814145079615663, "pol1": 0.5856776615931338, "pol2": 0.4024402572405765, "pol3": -0.9261358052737632, "pol4": 0.0061143962052097045, "v0s": 2.212003967969065}, "datetime": {"datetime": "2022-06-13 02:33:43", "elapsed": 1871.033045, "delta": 5.869312}}
{"target": -1.0, "params": {"Bgrad": 0.9401931091519293, "d1": -2.9999380237568625, "d2": 1.0, "d3": -0.8029408075262265, "d4": -1.9394510767710975, "p1": 46.341701270475134, "p2": 25.453876209637016, "p3": 22.132323128766966, "p4": 28.292421164569003, "pol1": -0.5448315041891125, "pol2": -0.4852161277729404, "pol3": -0.27786831953617086, "pol4": -0.5572255134129083, "v0s": 5.399664640381224}, "datetime": {"datetime": "2022-06-13 02:33:56", "elapsed": 1883.660294, "delta": 12.627249}}
{"target": -1.0, "params": {"Bgrad": 0.9978957038233514, "d1": -2.5227708068689956, "d2": -2.336315562813181, "d3": -0.48430453330395506, "d4": -0.8066652561979892, "p1": 28.67129836119767, "p2": 42.59441915503311, "p3": 22.967188958660362, "p4": 21.802474564224738, "pol1": -0.8593923954904807, "pol2": -0.9698196157377348, "pol3": 0.7533519033323186, "pol4": -0.357671844592816, "v0s": 3.7137810186892795}, "datetime": {"datetime": "2022-06-13 02:34:08", "elapsed": 1895.491671, "delta": 11.831377}}
{"target": 3.4445742684102125, "params": {"Bgrad": 1.3665012243952437, "d1": -2.75063740315083, "d2": 0.7181279347673177, "d3": -2.5657210706324114, "d4": -1.141538615614662, "p1": 48.411489104755546, "p2": 13.264812066743708, "p3": 48.2305225634198, "p4": 11.311425603954062, "pol1": 0.01337591844193775, "pol2": -0.07016197239098187, "pol3": 0.3806073683754849, "pol4": 0.5575721676772827, "v0s": 3.4445742684102125}, "datetime": {"datetime": "2022-06-13 02:34:16", "elapsed": 1903.413497, "delta": 7.921826}}
{"target": -1.0, "params": {"Bgrad": 1.1621563602660623, "d1": -2.5937605740242735, "d2": -0.8732334735232667, "d3": -1.886312669079548, "d4": -0.39745242452797447, "p1": 34.11315702454776, "p2": 0.17044741182680734, "p3": 16.93078653696612, "p4": 4.964799691754196, "pol1": 0.15631441780702948, "pol2": -0.15346854722423164, "pol3": 0.9472400191781745, "pol4": -0.7114301738741424, "v0s": 6.593321002360895}, "datetime": {"datetime": "2022-06-13 02:34:27", "elapsed": 1914.947668, "delta": 11.534171}}
{"target": -1.0, "params": {"Bgrad": 1.2993637484423863, "d1": -0.3217186625584847, "d2": -2.276118027355776, "d3": -0.5233182605513811, "d4": 0.9819102654307312, "p1": 9.08842833056282, "p2": 26.160327886884332, "p3": 7.934248428968699, "p4": 5.689226791736774, "pol1": -0.31753927997100195, "pol2": -0.35385602800125127, "pol3": -0.8336313656345726, "pol4": 0.4862809213011454, "v0s": 3.315639817649034}, "datetime": {"datetime": "2022-06-13 02:34:40", "elapsed": 1927.109163, "delta": 12.161495}}
{"target": -1.0, "params": {"Bgrad": 0.5916894873092284, "d1": -0.4073771615073718, "d2": -1.2133870867811356, "d3": -1.8210541831689775, "d4": -1.0953382490299446, "p1": 25.98112053481854, "p2": 22.670385707361245, "p3": 43.12257916156111, "p4": 35.89282433660901, "pol1": -0.5515624129923729, "pol2": 0.8774195625613666, "pol3": 0.6947683575647379, "pol4": 0.36510519996289714, "v0s": 6.648644669126419}, "datetime": {"datetime": "2022-06-13 02:34:46", "elapsed": 1933.700546, "delta": 6.591383}}
{"target": -1.0, "params": {"Bgrad": 1.3482894721679566, "d1": -2.3301929325298727, "d2": -1.9214698587257804, "d3": -1.3755467582937038, "d4": 0.0057036938042323015, "p1": 42.58072409975947, "p2": 46.698545301542296, "p3": 43.90105836682739, "p4": 46.741461247443574, "pol1": -0.054081454392097106, "pol2": -0.7438312436063645, "pol3": 0.6442725498269175, "pol4": 0.9102403531653971, "v0s": 6.794190878023771}, "datetime": {"datetime": "2022-06-13 02:34:58", "elapsed": 1946.015629, "delta": 12.315083}}
{"target": -1.0, "params": {"Bgrad": 0.7518505825803654, "d1": -2.084105288065256, "d2": -1.9360752054983492, "d3": -0.6808136276759749, "d4": -2.6658010587361693, "p1": 18.401050256828043, "p2": 46.8593157842988, "p3": 30.725430720873437, "p4": 15.813251061285815, "pol1": -0.025665274476394773, "pol2": 0.02215437114167651, "pol3": 0.4217619455199493, "pol4": 0.4449624087826476, "v0s": 3.770592046322114}, "datetime": {"datetime": "2022-06-13 02:35:06", "elapsed": 1953.525556, "delta": 7.509927}}
{"target": 5.810551547481607, "params": {"Bgrad": 1.410118604012951, "d1": -2.5199775899908197, "d2": 0.22773582325913377, "d3": -0.6681841482979487, "d4": -0.4729265546420556, "p1": 15.499490198498794, "p2": 20.486544283932638, "p3": 23.168825254769747, "p4": 21.018278114257004, "pol1": -0.7070729036856251, "pol2": -0.22622612784360263, "pol3": 0.8451169581057016, "pol4": 0.9480729825079086, "v0s": 5.810551547481607}, "datetime": {"datetime": "2022-06-13 02:35:14", "elapsed": 1962.055757, "delta": 8.530201}}
{"target": 4.190468849612754, "params": {"Bgrad": 1.2167086680696264, "d1": -2.4705188270284077, "d2": -0.5614340053145526, "d3": -1.9239405794731672, "d4": -0.04427996288075864, "p1": 8.10367592182158, "p2": 15.364375112657674, "p3": 45.60714388540501, "p4": 2.7128165801846515, "pol1": -0.3035172740401313, "pol2": -0.9563782991269696, "pol3": -0.5526952475063913, "pol4": -0.5597545883335244, "v0s": 4.190468849612754}, "datetime": {"datetime": "2022-06-13 02:35:20", "elapsed": 1967.652797, "delta": 5.59704}}
