{"target": 3.0, "params": {"beta_1": 1.8649881875558951, "beta_2": 0.20480645483612836, "det_1": 124.43849122710441, "det_2": 10.411091790384853, "laseroff": 351254.54268534656, "laseron": 250890.1189816431, "main_det": 11.323969677654517}, "datetime": {"datetime": "2022-01-08 07:10:30", "elapsed": 34388.58532, "delta": 617.215521}}
{"target": 11.0, "params": {"beta_1": 1.618717567945178, "beta_2": 0.26454432193906363, "det_1": 139.66003384230123, "det_2": 22.99100445687845, "laseroff": 487157.0178850084, "laseron": 259992.49457269677, "main_det": 17.197428782345774}, "datetime": {"datetime": "2022-01-08 07:20:55", "elapsed": 35013.766801, "delta": 625.181481}}
{"target": 23.0, "params": {"beta_1": 0.8771854931017979, "beta_2": 0.3455165723311565, "det_1": 86.0771982533266, "det_2": 24.878089230895103, "laseroff": 419330.15785740287, "laseron": 164860.90948892327, "main_det": 18.368808121665094}, "datetime": {"datetime": "2022-01-08 07:33:21", "elapsed": 35760.440145, "delta": 746.673344}}
{"target": 5.0, "params": {"beta_1": 0.9404953457545331, "beta_2": 2.78326140677014, "det_1": 150.91167577783898, "det_2": 28.923914560816996, "laseroff": 421534.90870702785, "laseron": 140775.61787352798, "main_det": 14.800551892601755}, "datetime": {"datetime": "2022-01-08 07:43:01", "elapsed": 36339.838449, "delta": 579.398304}}
{"target": 17.0, "params": {"beta_1": 0.5609558534383712, "beta_2": 0.10768091507062372, "det_1": 159.10714600903037, "det_2": 13.025362509465092, "laseroff": 487269.36294756096, "laseron": 260101.6402011676, "main_det": 19.862824432205187}, "datetime": {"datetime": "2022-01-08 07:54:19", "elapsed": 37017.564637, "delta": 677.726188}}
{"target": 8.0, "params": {"beta_1": 1.494644292665147, "beta_2": 2.723950214935458, "det_1": 110.27939989261253, "det_2": 14.759150119925811, "laseroff": 565664.4800415029, "laseron": 196254.11631361878, "main_det": 17.61077995933363}, "datetime": {"datetime": "2022-01-08 08:05:00", "elapsed": 37659.430772, "delta": 641.866135}}
{"target": 18.0, "params": {"beta_1": 1.4514240044092452, "beta_2": 2.0604997407737633, "det_1": 109.71818632920451, "det_2": 25.815269762816214, "laseroff": 421200.2726996045, "laseron": 141045.422879268, "main_det": 16.099042181802982}, "datetime": {"datetime": "2022-01-08 08:15:39", "elapsed": 38298.276529, "delta": 638.845757}}
{"target": 18.0, "params": {"beta_1": 1.3377642363971691, "beta_2": 1.1831819754451796, "det_1": 72.13351205063348, "det_2": 6.173982345675769, "laseroff": 473066.23516727966, "laseron": 213354.088634322, "main_det": 16.467830910649315}, "datetime": {"datetime": "2022-01-08 08:26:37", "elapsed": 38956.547231, "delta": 658.270702}}
{"target": 13.0, "params": {"beta_1": 0.1864838008232914, "beta_2": 3.1204572609391863, "det_1": 122.03512256158626, "det_2": 9.785729289610133, "laseroff": 418834.1626371416, "laseron": 165195.44141431607, "main_det": 13.340981573570382}, "datetime": {"datetime": "2022-01-08 08:37:03", "elapsed": 39582.466115, "delta": 625.918884}}
{"target": 12.0, "params": {"beta_1": 1.529494076268412, "beta_2": 2.7709183386065317, "det_1": 70.64502018709166, "det_2": 26.89149973486924, "laseroff": 454432.42163194425, "laseron": 291048.3144430375, "main_det": 15.89676900016822}, "datetime": {"datetime": "2022-01-08 08:47:13", "elapsed": 40192.09803, "delta": 609.631915}}
{"target": 14.0, "params": {"beta_1": 0.3883848961850851, "beta_2": 2.5227728460192522, "det_1": 117.79482025234378, "det_2": 8.331699527103634, "laseroff": 421325.56189509603, "laseron": 141254.9050008775, "main_det": 13.131315552058627}, "datetime": {"datetime": "2022-01-08 15:52:00", "elapsed": 0.0, "delta": 0.0}}
{"target": 14.0, "params": {"beta_1": 0.3883848961850851, "beta_2": 2.5227728460192522, "det_1": 117.79482025234378, "det_2": 8.331699527103634, "laseroff": 421325.56189509603, "laseron": 141254.9050008775, "main_det": 13.131315552058627}, "datetime": {"datetime": "2022-01-08 15:52:00", "elapsed": 0.000995, "delta": 0.000995}}
{"target": 14.0, "params": {"beta_1": 0.3883848961850851, "beta_2": 2.5227728460192522, "det_1": 117.79482025234378, "det_2": 8.331699527103634, "laseroff": 421325.56189509603, "laseron": 141254.9050008775, "main_det": 13.131315552058627}, "datetime": {"datetime": "2022-01-08 15:52:00", "elapsed": 0.000995, "delta": 0.0}}
{"target": 14.0, "params": {"beta_1": 0.3883848961850851, "beta_2": 2.5227728460192522, "det_1": 117.79482025234378, "det_2": 8.331699527103634, "laseroff": 421325.56189509603, "laseron": 141254.9050008775, "main_det": 13.131315552058627}, "datetime": {"datetime": "2022-01-08 15:52:00", "elapsed": 0.001994, "delta": 0.000999}}
{"target": 14.0, "params": {"beta_1": 0.3883848961850851, "beta_2": 2.5227728460192522, "det_1": 117.79482025234378, "det_2": 8.331699527103634, "laseroff": 421325.56189509603, "laseron": 141254.9050008775, "main_det": 13.131315552058627}, "datetime": {"datetime": "2022-01-08 15:52:00", "elapsed": 0.001994, "delta": 0.0}}
{"target": 7.0, "params": {"beta_1": 0.060722069628462716, "beta_2": 4.5217451677349905, "det_1": 78.56284139842609, "det_2": 22.054990185498, "laseroff": 421301.32951103844, "laseron": 140712.29459387134, "main_det": 19.298873599783036}, "datetime": {"datetime": "2022-01-08 16:13:28", "elapsed": 1288.281886, "delta": 1288.279892}}
{"target": 8.0, "params": {"beta_1": 1.8944339540580588, "beta_2": 0.0, "det_1": 131.32807964839168, "det_2": 21.31446829663019, "laseroff": 473734.5134459909, "laseron": 277490.4435393761, "main_det": 15.0523292126403}, "datetime": {"datetime": "2022-01-08 16:30:36", "elapsed": 2316.080218, "delta": 1027.798332}}
{"target": 5.0, "params": {"beta_1": 0.9314772549521633, "beta_2": 3.7093698052275186, "det_1": 126.16068524904378, "det_2": 24.770048632788846, "laseroff": 304289.5567585563, "laseron": 180442.71079184185, "main_det": 14.842222243296614}, "datetime": {"datetime": "2022-01-08 16:52:13", "elapsed": 3612.875742, "delta": 1296.795524}}
{"target": 12.0, "params": {"beta_1": 1.2217486496483851, "beta_2": 3.2269686882250537, "det_1": 95.95260488470181, "det_2": 21.314216512776966, "laseroff": 454428.2336187281, "laseron": 291271.3075822664, "main_det": 15.904864033051984}, "datetime": {"datetime": "2022-01-08 17:09:47", "elapsed": 4667.345685, "delta": 1054.469943}}
{"target": 3.0, "params": {"beta_1": 0.8705582919222714, "beta_2": 3.402964960464879, "det_1": 152.6276042440486, "det_2": 13.113475712391683, "laseroff": 505504.30807965365, "laseron": 171278.08185336526, "main_det": 10.843100422677876}, "datetime": {"datetime": "2022-01-08 17:24:32", "elapsed": 5551.829973, "delta": 884.484288}}
{"target": 13.0, "params": {"beta_1": 1.9979729210373838, "beta_2": 3.6372193241559376, "det_1": 83.36847291950143, "det_2": 14.24412219772217, "laseroff": 465792.58935381984, "laseron": 220353.2730897587, "main_det": 17.953008316143745}, "datetime": {"datetime": "2022-01-08 17:46:27", "elapsed": 6866.517578, "delta": 1314.687605}}
{"target": 17.0, "params": {"beta_1": 1.9102832523397146, "beta_2": 0.8906665462056523, "det_1": 70.49605794105463, "det_2": 19.226995782576317, "laseroff": 526929.096724052, "laseron": 183499.42080936584, "main_det": 16.904903372062538}, "datetime": {"datetime": "2022-01-08 18:05:45", "elapsed": 8024.952987, "delta": 1158.435409}}
{"target": 14.0, "params": {"beta_1": 0.27967813321999113, "beta_2": 0.3309990674971425, "det_1": 162.62967167471464, "det_2": 5.290124940020253, "laseroff": 487115.6594554542, "laseron": 260237.6088815534, "main_det": 17.518501076935525}, "datetime": {"datetime": "2022-01-08 18:23:38", "elapsed": 9097.643366, "delta": 1072.690379}}
{"target": 7.0, "params": {"beta_1": 1.6431853967219243, "beta_2": 4.164499646915588, "det_1": 103.00199339979719, "det_2": 17.054687505065218, "laseroff": 487016.3139928512, "laseron": 259823.44650390928, "main_det": 13.228836124030458}, "datetime": {"datetime": "2022-01-08 18:38:27", "elapsed": 9986.566522, "delta": 888.923156}}
{"target": 4.0, "params": {"beta_1": 0.8413318718585928, "beta_2": 1.3078515848124048, "det_1": 133.08999539472126, "det_2": 9.481390610784452, "laseroff": 557610.259442159, "laseron": 139323.91153693173, "main_det": 10.332873459981132}, "datetime": {"datetime": "2022-01-08 18:55:13", "elapsed": 10993.368809, "delta": 1006.802287}}
{"target": 4.0, "params": {"beta_1": 0.8413318718585928, "beta_2": 1.3078515848124048, "det_1": 133.08999539472126, "det_2": 9.481390610784452, "laseroff": 557610.259442159, "laseron": 139323.91153693173, "main_det": 10.332873459981132}, "datetime": {"datetime": "2022-01-08 18:55:13", "elapsed": 10993.399362, "delta": 0.030553}}
{"target": 4.0, "params": {"beta_1": 0.8413318718585928, "beta_2": 1.3078515848124048, "det_1": 133.08999539472126, "det_2": 9.481390610784452, "laseroff": 557610.259442159, "laseron": 139323.91153693173, "main_det": 10.332873459981132}, "datetime": {"datetime": "2022-01-08 18:55:13", "elapsed": 10993.399725, "delta": 0.000363}}
{"target": 4.0, "params": {"beta_1": 0.8413318718585928, "beta_2": 1.3078515848124048, "det_1": 133.08999539472126, "det_2": 9.481390610784452, "laseroff": 557610.259442159, "laseron": 139323.91153693173, "main_det": 10.332873459981132}, "datetime": {"datetime": "2022-01-08 18:55:13", "elapsed": 10993.400724, "delta": 0.000999}}
{"target": 4.0, "params": {"beta_1": 0.8413318718585928, "beta_2": 1.3078515848124048, "det_1": 133.08999539472126, "det_2": 9.481390610784452, "laseroff": 557610.259442159, "laseron": 139323.91153693173, "main_det": 10.332873459981132}, "datetime": {"datetime": "2022-01-08 18:55:13", "elapsed": 10993.40172, "delta": 0.000996}}
{"target": 4.0, "params": {"beta_1": 0.8413318718585928, "beta_2": 1.3078515848124048, "det_1": 133.08999539472126, "det_2": 9.481390610784452, "laseroff": 557610.259442159, "laseron": 139323.91153693173, "main_det": 10.332873459981132}, "datetime": {"datetime": "2022-01-08 18:55:13", "elapsed": 10993.402717, "delta": 0.000997}}
{"target": 4.0, "params": {"beta_1": 0.8413318718585928, "beta_2": 1.3078515848124048, "det_1": 133.08999539472126, "det_2": 9.481390610784452, "laseroff": 557610.259442159, "laseron": 139323.91153693173, "main_det": 10.332873459981132}, "datetime": {"datetime": "2022-01-08 18:55:13", "elapsed": 10993.403714, "delta": 0.000997}}
{"target": 4.0, "params": {"beta_1": 0.8413318718585928, "beta_2": 1.3078515848124048, "det_1": 133.08999539472126, "det_2": 9.481390610784452, "laseroff": 557610.259442159, "laseron": 139323.91153693173, "main_det": 10.332873459981132}, "datetime": {"datetime": "2022-01-08 18:55:13", "elapsed": 10993.404055, "delta": 0.000341}}
{"target": 4.0, "params": {"beta_1": 0.8413318718585928, "beta_2": 1.3078515848124048, "det_1": 133.08999539472126, "det_2": 9.481390610784452, "laseroff": 557610.259442159, "laseron": 139323.91153693173, "main_det": 10.332873459981132}, "datetime": {"datetime": "2022-01-08 18:55:13", "elapsed": 10993.404712, "delta": 0.000657}}
{"target": 4.0, "params": {"beta_1": 0.8413318718585928, "beta_2": 1.3078515848124048, "det_1": 133.08999539472126, "det_2": 9.481390610784452, "laseroff": 557610.259442159, "laseron": 139323.91153693173, "main_det": 10.332873459981132}, "datetime": {"datetime": "2022-01-08 18:55:13", "elapsed": 10993.40571, "delta": 0.000998}}
{"target": 4.0, "params": {"beta_1": 0.8413318718585928, "beta_2": 1.3078515848124048, "det_1": 133.08999539472126, "det_2": 9.481390610784452, "laseroff": 557610.259442159, "laseron": 139323.91153693173, "main_det": 10.332873459981132}, "datetime": {"datetime": "2022-01-08 18:55:13", "elapsed": 10993.406706, "delta": 0.000996}}
{"target": 5.0, "params": {"beta_1": 1.3357108396662316, "beta_2": 4.37157935920497, "det_1": 155.15659680497862, "det_2": 5.0, "laseroff": 351286.88882297353, "laseron": 250852.7397198578, "main_det": 20.0}, "datetime": {"datetime": "2022-01-08 19:16:20", "elapsed": 12259.869498, "delta": 1266.462792}}
{"target": 11.0, "params": {"beta_1": 0.20975603885508698, "beta_2": 3.203976254024732, "det_1": 131.20805130228737, "det_2": 13.586979191822696, "laseroff": 489308.6825381251, "laseron": 276412.5753964876, "main_det": 16.975790632780956}, "datetime": {"datetime": "2022-01-08 19:36:37", "elapsed": 13477.152556, "delta": 1217.283058}}
{"target": 19.0, "params": {"beta_1": 1.127166798921226, "beta_2": 1.218864122424997, "det_1": 154.97845267092976, "det_2": 18.226254580891577, "laseroff": 401124.1686921644, "laseron": 279146.59393955383, "main_det": 16.000373869802914}, "datetime": {"datetime": "2022-01-08 19:56:22", "elapsed": 14662.039136, "delta": 1184.88658}}
{"target": 17.0, "params": {"beta_1": 0.5719701319862605, "beta_2": 3.227972541125446, "det_1": 145.56787334740693, "det_2": 5.629641727733424, "laseroff": 472989.17859989475, "laseron": 214008.36205868787, "main_det": 19.16427602324124}, "datetime": {"datetime": "2022-01-08 20:19:10", "elapsed": 16029.513753, "delta": 1367.474617}}
{"target": 14.0, "params": {"beta_1": 0.47434530785703966, "beta_2": 2.3804734754656476, "det_1": 98.25753400394888, "det_2": 28.69548567721739, "laseroff": 570454.3228868116, "laseron": 278369.39247672795, "main_det": 18.14215235432727}, "datetime": {"datetime": "2022-01-08 20:38:44", "elapsed": 17203.839387, "delta": 1174.325634}}
{"target": 6.0, "params": {"beta_1": 1.2647976819269307, "beta_2": 2.8318437626872184, "det_1": 146.244307877288, "det_2": 6.3465610276839595, "laseroff": 492723.53686388675, "laseron": 260126.00723238417, "main_det": 14.76804892480219}, "datetime": {"datetime": "2022-01-08 20:54:57", "elapsed": 18176.592555, "delta": 972.753168}}
{"target": 0.0, "params": {"beta_1": 1.5722135211735193, "beta_2": 4.818857548217422, "det_1": 132.2528647062915, "det_2": 17.94858499175615, "laseroff": 304131.01262289303, "laseron": 180237.97619117645, "main_det": 10.499582387064683}, "datetime": {"datetime": "2022-01-08 21:11:20", "elapsed": 19160.029693, "delta": 983.437138}}
{"target": 0.0, "params": {"beta_1": 1.999860100669892, "beta_2": 5.0, "det_1": 142.28062337145738, "det_2": 25.017131283754377, "laseroff": 304011.70570348186, "laseron": 180404.50164216475, "main_det": 20.0}, "datetime": {"datetime": "2022-01-08 21:29:20", "elapsed": 20240.043953, "delta": 1080.01426}}
{"target": 21.0, "params": {"beta_1": 1.9285990920685998, "beta_2": 0.478177434475091, "det_1": 135.00853611205324, "det_2": 25.554821493430946, "laseroff": 500671.3748502803, "laseron": 225626.48198250966, "main_det": 18.67804472894203}, "datetime": {"datetime": "2022-01-08 21:50:02", "elapsed": 21482.343397, "delta": 1242.299444}}
{"target": 5.0, "params": {"beta_1": 0.259649767398874, "beta_2": 3.5492869923377883, "det_1": 74.89772743688289, "det_2": 27.002549669814297, "laseroff": 454403.60765310266, "laseron": 291195.6848706959, "main_det": 12.017516965004923}, "datetime": {"datetime": "2022-01-08 22:04:14", "elapsed": 22334.067859, "delta": 851.724462}}
{"target": 18.0, "params": {"beta_1": 0.0, "beta_2": 1.1813903460632111, "det_1": 133.59944565096745, "det_2": 5.0, "laseroff": 501498.9001350232, "laseron": 193446.86189300384, "main_det": 19.980065391227576}, "datetime": {"datetime": "2022-01-08 22:22:58", "elapsed": 23457.442362, "delta": 1123.374503}}
{"target": 6.0, "params": {"beta_1": 0.0, "beta_2": 0.10306860057985516, "det_1": 77.47603425056819, "det_2": 18.303113055823424, "laseroff": 447551.0141532817, "laseron": 257336.65744699954, "main_det": 10.0}, "datetime": {"datetime": "2022-01-08 22:37:48", "elapsed": 24348.351467, "delta": 890.909105}}
{"target": 16.0, "params": {"beta_1": 1.4786171140252424, "beta_2": 3.9307547230202267, "det_1": 116.3910469319486, "det_2": 29.37351916140272, "laseroff": 526909.2005117987, "laseron": 183391.57712848668, "main_det": 20.0}, "datetime": {"datetime": "2022-01-08 23:00:30", "elapsed": 25709.975384, "delta": 1361.623917}}
{"target": 9.0, "params": {"beta_1": 0.0, "beta_2": 1.537461716533688, "det_1": 83.40205361749261, "det_2": 27.161423539118434, "laseroff": 487535.16559613385, "laseron": 172504.2932985783, "main_det": 15.384999250683343}, "datetime": {"datetime": "2022-01-08 23:17:07", "elapsed": 26707.182078, "delta": 997.206694}}
{"target": 17.0, "params": {"beta_1": 0.4039799707586607, "beta_2": 0.5088723607232737, "det_1": 96.78727924620912, "det_2": 28.60962557451297, "laseroff": 465910.9309847975, "laseron": 220404.49347722303, "main_det": 16.870995423656368}, "datetime": {"datetime": "2022-01-08 23:30:22", "elapsed": 27502.360859, "delta": 795.178781}}
{"target": 19.0, "params": {"beta_1": 0.29289628760637626, "beta_2": 2.0837621290123995, "det_1": 136.7264729086488, "det_2": 7.913570738417602, "laseroff": 472893.3276329298, "laseron": 213769.32130317477, "main_det": 19.999940953162113}, "datetime": {"datetime": "2022-01-08 23:45:25", "elapsed": 28405.112712, "delta": 902.751853}}
{"target": 8.0, "params": {"beta_1": 1.1171513470016, "beta_2": 4.424898399356063, "det_1": 131.57060274436637, "det_2": 19.724051029178263, "laseroff": 472746.09150752303, "laseron": 213937.1267553582, "main_det": 12.612032686835207}, "datetime": {"datetime": "2022-01-08 23:56:34", "elapsed": 29073.715491, "delta": 668.602779}}
{"target": 20.0, "params": {"beta_1": 1.9080988493161926, "beta_2": 2.706778411630912, "det_1": 86.99298161297934, "det_2": 26.51922915334138, "laseroff": 491913.0260715313, "laseron": 162319.90629887514, "main_det": 18.08274762616293}, "datetime": {"datetime": "2022-01-09 00:10:00", "elapsed": 29879.571886, "delta": 805.856395}}
{"target": 4.0, "params": {"beta_1": 1.3150655839445953, "beta_2": 0.3267376430541824, "det_1": 84.84263586281297, "det_2": 6.730471814232312, "laseroff": 528442.9994559308, "laseron": 189902.21569509598, "main_det": 11.848534979918027}, "datetime": {"datetime": "2022-01-09 00:21:11", "elapsed": 30550.877111, "delta": 671.305225}}
{"target": 4.0, "params": {"beta_1": 1.3273742340927301, "beta_2": 0.3625173585466285, "det_1": 71.19926735332292, "det_2": 25.425885699841647, "laseroff": 478558.8315571202, "laseron": 264679.6299112238, "main_det": 11.01768148245147}, "datetime": {"datetime": "2022-01-09 00:30:02", "elapsed": 31082.300066, "delta": 531.422955}}
{"target": 6.0, "params": {"beta_1": 2.0, "beta_2": 5.0, "det_1": 168.31574486321387, "det_2": 20.69130854841957, "laseroff": 489344.8858122076, "laseron": 276271.5711419166, "main_det": 20.0}, "datetime": {"datetime": "2022-01-09 00:43:10", "elapsed": 31869.904232, "delta": 787.604166}}
{"target": 13.0, "params": {"beta_1": 1.152599631281479, "beta_2": 2.63387616945801, "det_1": 87.53346489298602, "det_2": 7.8327469719773095, "laseroff": 371174.14345476223, "laseron": 284463.33314947167, "main_det": 17.75964887275542}, "datetime": {"datetime": "2022-01-09 00:57:25", "elapsed": 32724.914142, "delta": 855.00991}}
{"target": 8.0, "params": {"beta_1": 0.2126604446632907, "beta_2": 0.20609363804273806, "det_1": 93.62455559195344, "det_2": 15.765004361083719, "laseroff": 487350.15268533374, "laseron": 260223.03360890358, "main_det": 13.352907798760274}, "datetime": {"datetime": "2022-01-09 01:08:01", "elapsed": 33360.954243, "delta": 636.040101}}
{"target": 5.0, "params": {"beta_1": 0.06074178654417284, "beta_2": 2.140212475813048, "det_1": 157.23323964732862, "det_2": 21.62659912281768, "laseroff": 457389.01135726745, "laseron": 157661.24472895078, "main_det": 10.928539907591134}, "datetime": {"datetime": "2022-01-09 01:17:42", "elapsed": 33941.663229, "delta": 580.708986}}
{"target": 17.0, "params": {"beta_1": 0.41072960796456415, "beta_2": 1.4981183531225035, "det_1": 70.97933664038517, "det_2": 16.400704328011678, "laseroff": 473253.917136086, "laseron": 213439.51027172274, "main_det": 18.100520525116735}, "datetime": {"datetime": "2022-01-09 01:31:09", "elapsed": 34748.613775, "delta": 806.950546}}
{"target": 7.0, "params": {"beta_1": 1.4710489117733088, "beta_2": 2.275942857341931, "det_1": 142.1676422404865, "det_2": 29.056179147807175, "laseroff": 500622.118660317, "laseron": 225276.18166488197, "main_det": 17.478058863705357}, "datetime": {"datetime": "2022-01-09 01:43:19", "elapsed": 35478.893292, "delta": 730.279517}}
{"target": 11.0, "params": {"beta_1": 0.7993195847007888, "beta_2": 3.5966345314837405, "det_1": 133.85305189767325, "det_2": 7.575844062608015, "laseroff": 489256.34445117356, "laseron": 276566.8875760367, "main_det": 15.178451515957793}, "datetime": {"datetime": "2022-01-09 01:55:18", "elapsed": 36198.082909, "delta": 719.189617}}
{"target": 17.0, "params": {"beta_1": 1.6716380961869477, "beta_2": 3.357290505478379, "det_1": 157.9065681639786, "det_2": 17.504358378226485, "laseroff": 350671.88843306684, "laseron": 243664.7950571352, "main_det": 16.040908377650908}, "datetime": {"datetime": "2022-01-09 02:10:20", "elapsed": 37100.043726, "delta": 901.960817}}
{"target": 7.0, "params": {"beta_1": 0.7142799207472128, "beta_2": 2.8050933336006816, "det_1": 143.36048919911278, "det_2": 23.4526346597795, "laseroff": 421287.2204931106, "laseron": 141393.99182778885, "main_det": 13.726042140029636}, "datetime": {"datetime": "2022-01-09 02:20:45", "elapsed": 37724.825932, "delta": 624.782206}}
{"target": 18.0, "params": {"beta_1": 0.8596644163607214, "beta_2": 0.13054593356599475, "det_1": 103.67688950911871, "det_2": 19.78588443498989, "laseroff": 488008.60207718424, "laseron": 236905.12475304957, "main_det": 19.611857307237354}, "datetime": {"datetime": "2022-01-09 02:34:09", "elapsed": 38529.063399, "delta": 804.237467}}
{"target": 22.0, "params": {"beta_1": 1.905174017841478, "beta_2": 0.014661687406464622, "det_1": 126.71044102034125, "det_2": 16.754397606917223, "laseroff": 428483.8243287895, "laseron": 212454.22846790933, "main_det": 20.0}, "datetime": {"datetime": "2022-01-09 02:49:08", "elapsed": 39428.00541, "delta": 898.942011}}
