{"target": 2.4324607066379205, "params": {"Bgrad": 1.7832115842589717, "d1": -1.924677211127153, "d2": -1.6114213845161216, "d3": -1.361792041201355, "d4": 0.30978437762993494, "p1": 37.49606257033887, "p2": 10.471043813203329, "p3": 27.14272666490399, "p4": 38.336965061387374, "pol1": -0.042516581066820214, "pol2": 0.11099930407930803, "pol3": -0.5749721561967962, "pol4": 0.31867190449664795, "v0s": 2.4324607066379205}, "datetime": {"datetime": "2022-04-30 11:08:16", "elapsed": 157008.845875, "delta": 7.284523}}
{"target": 2.509279449461884, "params": {"Bgrad": 1.042599865516718, "d1": -1.3983880818528687, "d2": -0.5648822141410115, "d3": 0.7946789220021997, "d4": -2.1235110428070936, "p1": 27.207863031087147, "p2": 40.112022048569074, "p3": 30.147800312808293, "p4": 36.94141718720099, "pol1": -0.7670925074052193, "pol2": 0.6715745224673852, "pol3": -0.377401848389292, "pol4": -0.12577940473082339, "v0s": 2.509279449461884}, "datetime": {"datetime": "2022-04-30 11:08:20", "elapsed": 157013.072573, "delta": 4.226698}}
{"target": -1.0, "params": {"Bgrad": 1.530767785229604, "d1": 0.38922966310097173, "d2": -1.0652454660724988, "d3": -2.5945930666154053, "d4": -2.5881678401543113, "p1": 5.78138526641141, "p2": 24.745557293039905, "p3": 31.10124914954982, "p4": 1.6630908710477565, "pol1": -0.8748330487593552, "pol2": 0.9730983532157831, "pol3": -0.41779250174824023, "pol4": -0.046536720030933676, "v0s": 5.7838059177260295}, "datetime": {"datetime": "2022-04-30 11:08:33", "elapsed": 157026.450802, "delta": 13.378229}}
{"target": -1.0, "params": {"Bgrad": 1.5723485297265953, "d1": -2.56221480970335, "d2": -2.561381709006859, "d3": 0.6482501612286762, "d4": -1.7036341055729762, "p1": 36.193039352517474, "p2": 35.48105362911818, "p3": 23.44044158148429, "p4": 4.565542674919431, "pol1": 0.779664531784515, "pol2": 0.6690375615672666, "pol3": -0.13665424211815158, "pol4": -0.08820365345302994, "v0s": 5.275410516879022}, "datetime": {"datetime": "2022-04-30 11:08:46", "elapsed": 157039.190739, "delta": 12.739937}}
{"target": -1.0, "params": {"Bgrad": 1.0677427688777559, "d1": -0.9812809978381525, "d2": -1.1093030614985997, "d3": -1.8565269492533747, "d4": 0.48994571780747886, "p1": 2.3580114117030035, "p2": 18.215532863731752, "p3": 38.701770724932274, "p4": 24.275694078177008, "pol1": 0.5725583272826336, "pol2": -0.034786959251911886, "pol3": 0.9789283923397745, "pol4": 0.7680858421848515, "v0s": 2.046391915864371}, "datetime": {"datetime": "2022-04-30 11:08:55", "elapsed": 157047.53443, "delta": 8.343691}}
{"target": -1.0, "params": {"Bgrad": 1.2125761111209317, "d1": 0.4296553809796819, "d2": -1.6258971439096537, "d3": -0.08402748419782302, "d4": -1.3267347669700649, "p1": 4.7881752967611435, "p2": 15.762793238202766, "p3": 15.65083094077549, "p4": 32.72752221788435, "pol1": 0.8537428780062406, "pol2": 0.4073808590261232, "pol3": -0.3539319038990729, "pol4": 0.3662391646567631, "v0s": 2.5046139893219173}, "datetime": {"datetime": "2022-04-30 11:09:08", "elapsed": 157060.828881, "delta": 13.294451}}
{"target": -1.0, "params": {"Bgrad": 1.0632518137634932, "d1": -2.2397651338874485, "d2": -0.22780410242212623, "d3": -0.351577494502179, "d4": -1.5877103137422637, "p1": 9.03013707351475, "p2": 7.833033826754582, "p3": 11.849478669634122, "p4": 16.42296867776933, "pol1": 0.7391913491149509, "pol2": -0.7561721074835166, "pol3": -0.6637142348269232, "pol4": -0.2590897886930146, "v0s": 5.626076109487915}, "datetime": {"datetime": "2022-04-30 11:09:17", "elapsed": 157069.92157, "delta": 9.092689}}
{"target": -1.0, "params": {"Bgrad": 0.5837224983054383, "d1": -2.019095613756965, "d2": 0.3358857233052115, "d3": -0.3484657658657513, "d4": -1.5942773204862974, "p1": 5.710615724500073, "p2": 16.24518260867508, "p3": 12.22580211837872, "p4": 35.528256385420484, "pol1": -0.39890690180169686, "pol2": 0.3544717135852393, "pol3": -0.1746879334595144, "pol4": -0.30012323649113704, "v0s": 6.714935335004634}, "datetime": {"datetime": "2022-04-30 11:09:24", "elapsed": 157076.551842, "delta": 6.630272}}
{"target": -1.0, "params": {"Bgrad": 0.7781053802175304, "d1": -1.1727084092267934, "d2": -0.6659545482604221, "d3": -1.7151975968476316, "d4": -0.17500758449069798, "p1": 45.89125693387483, "p2": 3.6535302882321097, "p3": 9.071364231762358, "p4": 25.455606792256784, "pol1": 0.5997614203395083, "pol2": 0.2619152190839278, "pol3": -0.960618604300995, "pol4": -0.3400374565213873, "v0s": 5.922968263432709}, "datetime": {"datetime": "2022-04-30 11:09:32", "elapsed": 157085.456033, "delta": 8.904191}}
{"target": -1.0, "params": {"Bgrad": 1.5307063784046018, "d1": -1.0710043322107543, "d2": -2.785061203834678, "d3": -0.4888498451267753, "d4": -0.983879455446683, "p1": 36.27066474779422, "p2": 19.524710230374094, "p3": 41.78627040208021, "p4": 15.375111512094758, "pol1": 0.7275736364767948, "pol2": -0.9710386152711061, "pol3": 0.5254856877735141, "pol4": 0.6547350031776153, "v0s": 6.085382262743104}, "datetime": {"datetime": "2022-04-30 11:09:42", "elapsed": 157095.053372, "delta": 9.597339}}
{"target": -1.0, "params": {"Bgrad": 1.8541012122334675, "d1": -2.1930635738135345, "d2": -1.5922033035380339, "d3": -2.0834379900313693, "d4": 0.37967337130291323, "p1": 37.32050677849216, "p2": 43.45264162346819, "p3": 17.381144947123246, "p4": 7.697538152981726, "pol1": 0.9365654161027097, "pol2": -0.10215280197866794, "pol3": 0.45980480761837605, "pol4": 0.30833393488743566, "v0s": 2.8570809942994657}, "datetime": {"datetime": "2022-04-30 11:09:55", "elapsed": 157108.477478, "delta": 13.424106}}
{"target": -1.0, "params": {"Bgrad": 1.7662664647454407, "d1": 0.9138531909793595, "d2": 0.8649942637736747, "d3": -1.6543839807923733, "d4": 0.7037956667720748, "p1": 6.662225432438346, "p2": 46.98612226044574, "p3": 2.205015872339444, "p4": 20.4538856196283, "pol1": 0.6860136103993251, "pol2": 0.45246147589170205, "pol3": 0.4418541635159523, "pol4": -0.44530937363802714, "v0s": 4.527283273881168}, "datetime": {"datetime": "2022-04-30 11:10:10", "elapsed": 157123.427504, "delta": 14.950026}}
{"target": -1.0, "params": {"Bgrad": 1.3843249005440688, "d1": -1.4434495640974583, "d2": -0.9760990701807661, "d3": -0.8386020653572133, "d4": 0.29708002070753103, "p1": 36.24889605129143, "p2": 33.02441310634137, "p3": 1.7941962927508825, "p4": 7.769260566307884, "pol1": 0.7730536714779053, "pol2": 0.5315102209985958, "pol3": -0.6392311639589461, "pol4": -0.8696879744904842, "v0s": 2.97639019300067}, "datetime": {"datetime": "2022-04-30 11:10:25", "elapsed": 157137.918758, "delta": 14.491254}}
{"target": -1.0, "params": {"Bgrad": 1.756108387661293, "d1": 0.8924260083122171, "d2": 0.020419742408274377, "d3": 0.1384183443630378, "d4": -2.8824624903503375, "p1": 43.731909071124555, "p2": 34.05747828427387, "p3": 17.452332205458525, "p4": 24.979036964307372, "pol1": 0.9001151994559067, "pol2": -0.8918245618394429, "pol3": -0.6166005328916053, "pol4": -0.6996983184260619, "v0s": 5.229481458631027}, "datetime": {"datetime": "2022-04-30 11:10:40", "elapsed": 157152.912666, "delta": 14.993908}}
{"target": -1.0, "params": {"Bgrad": 0.8534393862193403, "d1": -2.693064052593828, "d2": -0.9400030158504409, "d3": 0.3450178304869218, "d4": -0.27221346851717243, "p1": 1.836184193665713, "p2": 2.263501807937568, "p3": 26.904257245514806, "p4": 7.070843935068483, "pol1": 0.41446522344128267, "pol2": -0.5051088397156851, "pol3": -0.12007929090043246, "pol4": 0.24058099910845865, "v0s": 7.8364243833255225}, "datetime": {"datetime": "2022-04-30 11:10:50", "elapsed": 157162.65761, "delta": 9.744944}}
{"target": -1.0, "params": {"Bgrad": 0.7955088141600726, "d1": 0.6473563859971558, "d2": -1.5968996554547985, "d3": -2.3523034759265102, "d4": -1.3165458128357468, "p1": 42.07394941421928, "p2": 2.189308732285772, "p3": 6.848564501518073, "p4": 29.496999040507916, "pol1": -0.18283975993646884, "pol2": -0.043443784899361626, "pol3": 0.6441078317400233, "pol4": -0.6654568695607201, "v0s": 3.932134435776904}, "datetime": {"datetime": "2022-04-30 11:10:57", "elapsed": 157170.281226, "delta": 7.623616}}
{"target": -1.0, "params": {"Bgrad": 0.8082636566475139, "d1": -2.602708452191346, "d2": -0.9025793009845988, "d3": -2.1497109992616386, "d4": 0.6175070990606857, "p1": 2.3015350384473887, "p2": 44.863723475231474, "p3": 29.386734968020473, "p4": 43.079840689910974, "pol1": -0.9416591381899595, "pol2": -0.33397866674222776, "pol3": 0.0022202998819382813, "pol4": -0.5657763855907529, "v0s": 4.535578786836447}, "datetime": {"datetime": "2022-04-30 11:11:08", "elapsed": 157180.695381, "delta": 10.414155}}
{"target": -1.0, "params": {"Bgrad": 0.5442990279557016, "d1": -0.6512629991002994, "d2": 0.7189333728342882, "d3": -2.6967664134566394, "d4": 0.3672929746619027, "p1": 37.388999665477925, "p2": 11.49930523764111, "p3": 25.905885012944964, "p4": 15.687921507700558, "pol1": 0.23157244798239485, "pol2": -0.5736540180192853, "pol3": -0.12822305052945948, "pol4": 0.5781504043376762, "v0s": 4.798806221500227}, "datetime": {"datetime": "2022-04-30 11:11:15", "elapsed": 157188.151444, "delta": 7.456063}}
{"target": -1.0, "params": {"Bgrad": 1.5103323810456606, "d1": 0.5393458090687089, "d2": 0.752553794596655, "d3": 0.9389505929654525, "d4": 0.5342276680225875, "p1": 12.179006076759109, "p2": 20.415236466855546, "p3": 18.740289950537647, "p4": 7.61143541059997, "pol1": -0.8590882729000571, "pol2": -0.40851292092016256, "pol3": 0.7199234792264311, "pol4": -0.9220331669311803, "v0s": 3.2927947427794386}, "datetime": {"datetime": "2022-04-30 11:11:26", "elapsed": 157198.536676, "delta": 10.385232}}
{"target": -1.0, "params": {"Bgrad": 1.0198216673298912, "d1": -0.4073602962700633, "d2": -0.7473342878450664, "d3": 0.1847318106440925, "d4": -0.2521451887214057, "p1": 44.47517830458456, "p2": 24.345098644832834, "p3": 26.79600186480317, "p4": 41.88230863159628, "pol1": -0.9886136481411842, "pol2": -0.5148573906919001, "pol3": -0.5569860520416225, "pol4": 0.12309258985922344, "v0s": 6.30567412053678}, "datetime": {"datetime": "2022-04-30 11:11:36", "elapsed": 157209.21313, "delta": 10.676454}}
{"target": -1.0, "params": {"Bgrad": 0.8787425436463121, "d1": -0.975916187224199, "d2": -0.04291961562871549, "d3": -0.11079100392645502, "d4": -1.1267507760230324, "p1": 35.30967800148086, "p2": 27.953327907879057, "p3": 3.9205399549891604, "p4": 47.640180971144, "pol1": 0.9513083914095606, "pol2": -0.6759720860205827, "pol3": -0.16434614399261815, "pol4": 0.23918140483683037, "v0s": 5.408720732693572}, "datetime": {"datetime": "2022-04-30 11:11:45", "elapsed": 157218.377625, "delta": 9.164495}}
{"target": -1.0, "params": {"Bgrad": 1.0620978310866656, "d1": 0.6142187386884173, "d2": -0.29127894863769876, "d3": -2.549482811508034, "d4": -0.3217463217781993, "p1": 10.899538130250674, "p2": 4.304732838200503, "p3": 17.996610795890884, "p4": 2.4803643868775485, "pol1": -0.706767256330336, "pol2": -0.09386763121838104, "pol3": 0.966404763456769, "pol4": 0.6837348177246385, "v0s": 2.0792297493404464}, "datetime": {"datetime": "2022-04-30 11:11:51", "elapsed": 157224.160163, "delta": 5.782538}}
{"target": -1.0, "params": {"Bgrad": 1.8033416668311606, "d1": -1.866341368476117, "d2": -2.2094487751447462, "d3": -1.7614685734920212, "d4": -0.8830640938470653, "p1": 24.13426258325002, "p2": 31.49358972637818, "p3": 8.338556480171, "p4": 18.714791814209157, "pol1": 0.16497537491195113, "pol2": 0.621563244977809, "pol3": -0.263108853352527, "pol4": 0.6787645506192495, "v0s": 4.50085512354225}, "datetime": {"datetime": "2022-04-30 11:12:05", "elapsed": 157237.751822, "delta": 13.591659}}
{"target": -1.0, "params": {"Bgrad": 1.9137321442372217, "d1": -1.8145490656667462, "d2": -1.5255897749160732, "d3": -0.3890797136624635, "d4": -0.6663358456074304, "p1": 17.708488288242062, "p2": 24.215268522715704, "p3": 33.21606352249157, "p4": 2.8169863025996724, "pol1": 0.21280474454868203, "pol2": 0.49356555370226385, "pol3": 0.5879409311878854, "pol4": -0.5724315709631327, "v0s": 5.8466302077658225}, "datetime": {"datetime": "2022-04-30 11:12:19", "elapsed": 157251.89002, "delta": 14.138198}}
{"target": -1.0, "params": {"Bgrad": 1.5967021042701348, "d1": -2.6197520432238037, "d2": -2.7197083048559154, "d3": 0.5438198976511814, "d4": -1.554701865046833, "p1": 35.1716079777335, "p2": 28.007393076200692, "p3": 16.887320812366713, "p4": 17.282638231161997, "pol1": 0.810925281167673, "pol2": -0.09303371500296165, "pol3": -0.03494024020527875, "pol4": 0.9582932611534958, "v0s": 4.470134261918417}, "datetime": {"datetime": "2022-04-30 11:12:34", "elapsed": 157266.857997, "delta": 14.967977}}
{"target": -1.0, "params": {"Bgrad": 1.0541700202502953, "d1": -2.6801476439148275, "d2": -1.4488704655737705, "d3": -2.2882741567409597, "d4": -2.47463280604287, "p1": 18.383681269329085, "p2": 7.940501339130629, "p3": 15.37817392852842, "p4": 34.398945718738396, "pol1": 0.6768800825602486, "pol2": -0.3903550146573558, "pol3": -0.29380458399834297, "pol4": 0.46128270177094133, "v0s": 6.666996198273644}, "datetime": {"datetime": "2022-04-30 11:12:43", "elapsed": 157275.774157, "delta": 8.91616}}
{"target": -1.0, "params": {"Bgrad": 0.765546581899412, "d1": -1.3929742791718693, "d2": -2.988234226335024, "d3": -1.3976116471686066, "d4": 0.5728099888000853, "p1": 2.8731691958395364, "p2": 19.481477171311713, "p3": 13.267198541557768, "p4": 1.8388312707606491, "pol1": -0.19899287405352273, "pol2": -0.5243826780984286, "pol3": 0.6619391088878863, "pol4": 0.28725071296206983, "v0s": 4.8594116987192155}, "datetime": {"datetime": "2022-04-30 11:12:48", "elapsed": 157281.40909, "delta": 5.634933}}
{"target": -1.0, "params": {"Bgrad": 1.5632100048946154, "d1": -2.6024655411749578, "d2": 0.027912931627638304, "d3": -1.805631537777078, "d4": -0.9889051966810003, "p1": 4.708883213770266, "p2": 40.727771940881716, "p3": 25.523339453324734, "p4": 22.09854527325405, "pol1": -0.7302169607464797, "pol2": 0.26975124600298184, "pol3": -0.29538027797636257, "pol4": 0.3654177311126434, "v0s": 6.574742572978097}, "datetime": {"datetime": "2022-04-30 11:13:00", "elapsed": 157293.069911, "delta": 11.660821}}
{"target": 4.375414971398837, "params": {"Bgrad": 0.5101217169329633, "d1": -1.9637617847517332, "d2": -0.2883433485553146, "d3": -1.655600517370834, "d4": 0.000501516130911206, "p1": 27.84891342947407, "p2": 42.91201373822355, "p3": 28.52909957892557, "p4": 44.46996144523885, "pol1": -0.5450428504073785, "pol2": 0.5879597999615009, "pol3": -0.9321067666057181, "pol4": -0.8454654685838721, "v0s": 4.375414971398837}, "datetime": {"datetime": "2022-04-30 11:13:04", "elapsed": 157296.819885, "delta": 3.749974}}
{"target": -1.0, "params": {"Bgrad": 0.7786500518456088, "d1": 0.7767733987663363, "d2": 0.118733954392515, "d3": -0.025337691802179485, "d4": -1.032008790425985, "p1": 24.502428379023826, "p2": 29.0555332817891, "p3": 29.831318380713533, "p4": 44.90131859652526, "pol1": -0.7583306318923262, "pol2": 0.019228230874299257, "pol3": 0.991044052751638, "pol4": -0.037140966981444645, "v0s": 7.026876523417757}, "datetime": {"datetime": "2022-04-30 11:13:11", "elapsed": 157303.65062, "delta": 6.830735}}
{"target": -1.0, "params": {"Bgrad": 1.405483177715228, "d1": -0.34250022392760293, "d2": -1.9101544313571885, "d3": 0.3237329933588433, "d4": -2.022134828792471, "p1": 33.66812196999265, "p2": 4.406503415605146, "p3": 0.9426023127697303, "p4": 23.6173106337858, "pol1": 0.8779902609142054, "pol2": -0.3488503611203364, "pol3": -0.35569396259774266, "pol4": -0.895938552419066, "v0s": 6.051713638976599}, "datetime": {"datetime": "2022-04-30 11:13:21", "elapsed": 157314.173484, "delta": 10.522864}}
{"target": 2.923507793911013, "params": {"Bgrad": 1.58261099178957, "d1": 0.6148710018668893, "d2": -1.2514055551307282, "d3": -2.5619333514506684, "d4": -2.849571768020798, "p1": 44.038445324256685, "p2": 32.61278218213932, "p3": 45.77483834718068, "p4": 44.029845096595096, "pol1": -0.05951880094260331, "pol2": 0.3406807998042247, "pol3": 0.49013178201951835, "pol4": -0.1555756933452086, "v0s": 2.923507793911013}, "datetime": {"datetime": "2022-04-30 11:13:30", "elapsed": 157323.422754, "delta": 9.24927}}
{"target": -1.0, "params": {"Bgrad": 0.9261239227531435, "d1": -0.8060914555171546, "d2": -1.9770565456261426, "d3": 0.5669391864261013, "d4": -0.6769985446115618, "p1": 35.93368051336281, "p2": 43.101552844591765, "p3": 44.82814102718168, "p4": 47.88046217138764, "pol1": 0.25501670019942213, "pol2": 0.9979611488285016, "pol3": 0.5810147563502581, "pol4": -0.4583517612161836, "v0s": 7.943303177461002}, "datetime": {"datetime": "2022-04-30 11:13:37", "elapsed": 157330.484871, "delta": 7.062117}}
{"target": -1.0, "params": {"Bgrad": 1.702258420259916, "d1": -1.987540666348194, "d2": -2.8724109493636916, "d3": 0.8112391806937298, "d4": -0.7726719714767087, "p1": 27.635496148975786, "p2": 2.3688912118021155, "p3": 31.95191602969185, "p4": 25.005183590734276, "pol1": 0.6085899101684789, "pol2": -0.8609005657194322, "pol3": 0.12586196806520134, "pol4": -0.18263973920149468, "v0s": 5.310612191379561}, "datetime": {"datetime": "2022-04-30 11:13:49", "elapsed": 157342.329201, "delta": 11.84433}}
{"target": 2.4631717229593626, "params": {"Bgrad": 1.0376951706913184, "d1": 0.9975014793623305, "d2": -1.1987046171356623, "d3": -1.6167051639267442, "d4": -2.241097547582942, "p1": 46.176383782121356, "p2": 5.2147049804763865, "p3": 22.01718733115305, "p4": 34.310027320981874, "pol1": -0.7151888974167717, "pol2": 0.8629923489474223, "pol3": -0.8822502088174755, "pol4": -0.5638007641437419, "v0s": 2.4631717229593626}, "datetime": {"datetime": "2022-04-30 11:13:54", "elapsed": 157347.523313, "delta": 5.194112}}
{"target": -1.0, "params": {"Bgrad": 1.1172678259363757, "d1": -0.610965735118187, "d2": -0.07543289027506361, "d3": 0.5137330891453082, "d4": -1.5870063368165108, "p1": 35.1231368682107, "p2": 2.4308187350705, "p3": 40.963092221291085, "p4": 15.913782047999248, "pol1": -0.5567153087854289, "pol2": -0.27792713735746344, "pol3": -0.7718601456231853, "pol4": -0.4125898093116154, "v0s": 2.052734298658197}, "datetime": {"datetime": "2022-04-30 11:14:11", "elapsed": 157363.562427, "delta": 16.039114}}
{"target": -1.0, "params": {"Bgrad": 0.8798955439213993, "d1": 0.3508511251046724, "d2": 0.23102410896893266, "d3": -1.4697293663000752, "d4": -1.2772811431922984, "p1": 9.129370681801868, "p2": 15.843706756461485, "p3": 20.868423037948634, "p4": 3.3234185077938463, "pol1": -0.3242251879859399, "pol2": -0.008657426139561997, "pol3": -0.9865573482910253, "pol4": -0.12384960336780937, "v0s": 3.312134553786034}, "datetime": {"datetime": "2022-04-30 11:14:22", "elapsed": 157375.152438, "delta": 11.590011}}
{"target": -1.0, "params": {"Bgrad": 0.8200984077728033, "d1": -2.0030442198631664, "d2": -2.4866970861951785, "d3": 0.7792531554797324, "d4": -2.323701102567939, "p1": 28.380627084840082, "p2": 8.57536993629563, "p3": 13.045897948059471, "p4": 33.83875273037537, "pol1": 0.006531375939606843, "pol2": -0.6854242354289248, "pol3": -0.8349865430438375, "pol4": 0.7637878266401084, "v0s": 3.451347232373295}, "datetime": {"datetime": "2022-04-30 11:14:33", "elapsed": 157386.347504, "delta": 11.195066}}
{"target": -1.0, "params": {"Bgrad": 1.9384603632150033, "d1": 0.5694563978219982, "d2": -2.36008948556002, "d3": -0.9851779532433862, "d4": -2.5243185159151764, "p1": 5.541903974005264, "p2": 34.81478866643426, "p3": 13.57752515671294, "p4": 48.31940907860442, "pol1": 0.6784918611493693, "pol2": -0.8149595484859233, "pol3": -0.21888528502150373, "pol4": -0.7515653238826618, "v0s": 5.3323534322425425}, "datetime": {"datetime": "2022-04-30 11:14:47", "elapsed": 157400.487696, "delta": 14.140192}}
{"target": -1.0, "params": {"Bgrad": 0.7431575246405449, "d1": 0.3270679071708673, "d2": -1.9692206125100395, "d3": -0.9577337714317218, "d4": 0.1298151885938621, "p1": 26.916942987179794, "p2": 26.44117099448354, "p3": 42.74200452624919, "p4": 12.255020667237137, "pol1": -0.7458000372799065, "pol2": 0.12048944207330003, "pol3": -0.7432401752131295, "pol4": -0.33768512195253675, "v0s": 3.9586389692284776}, "datetime": {"datetime": "2022-04-30 11:14:53", "elapsed": 157406.221365, "delta": 5.733669}}
{"target": -1.0, "params": {"Bgrad": 1.9220667582431519, "d1": -1.4963428304256583, "d2": -1.1235578531119121, "d3": 0.7893690138374421, "d4": 0.3135215425981652, "p1": 33.599996792091346, "p2": 13.365564325957656, "p3": 6.663244764996367, "p4": 16.698134778704848, "pol1": -0.6803597973691247, "pol2": 0.9208000444402875, "pol3": -0.5981246145479555, "pol4": -0.37866602975207897, "v0s": 5.968520040059126}, "datetime": {"datetime": "2022-04-30 11:15:08", "elapsed": 157421.41873, "delta": 15.197365}}
{"target": -1.0, "params": {"Bgrad": 1.1564338559417655, "d1": -0.640672627986731, "d2": 0.39538440714530454, "d3": -0.6474075663007866, "d4": -1.0120876017637168, "p1": 41.778882087604195, "p2": 39.89829078638153, "p3": 49.05803375477394, "p4": 47.43030288425316, "pol1": 0.8343780700443464, "pol2": -0.010349892930504145, "pol3": 0.474304889752291, "pol4": 0.20104294281966473, "v0s": 6.427996202441604}, "datetime": {"datetime": "2022-04-30 11:15:19", "elapsed": 157432.389396, "delta": 10.970666}}
{"target": -1.0, "params": {"Bgrad": 1.0636412425972164, "d1": 0.6444268137953042, "d2": 0.48923437671490033, "d3": -0.18133719715746333, "d4": -1.9550851585511628, "p1": 25.053469817215184, "p2": 10.885287583527404, "p3": 5.126002227661363, "p4": 28.898054114535228, "pol1": -0.04080814557343437, "pol2": -0.5050164107998316, "pol3": -0.10664797633327017, "pol4": -0.7232136633847162, "v0s": 5.136814276923759}, "datetime": {"datetime": "2022-04-30 11:15:32", "elapsed": 157445.297882, "delta": 12.908486}}
