{"target": 4.426422836392946, "params": {"Bgrad": 1.513047273039202, "d1": -2.3000483312200206, "d2": 0.39042683760862473, "d3": -0.7647962835002193, "d4": -2.0744895105480734, "p1": 42.5470705856215, "p2": 25.350498088786136, "p3": 17.837649172446007, "p4": 13.735404069201497, "pol1": -0.037436756189957274, "pol2": 0.12648462964648138, "pol3": 0.3171351868208941, "pol4": 0.6034991334793228, "v0s": 4.426422836392946}, "datetime": {"datetime": "2022-05-16 21:34:42", "elapsed": 6697.68283, "delta": 7.461044}}
{"target": -1.0, "params": {"Bgrad": 1.661418300524575, "d1": -1.2345821787599052, "d2": -0.038192625433983274, "d3": -2.6491080451127287, "d4": -2.0529577353354123, "p1": 41.42167191867718, "p2": 26.70518334666224, "p3": 17.951664272923608, "p4": 13.746366228389672, "pol1": 0.7665147402409145, "pol2": 0.17340057826178756, "pol3": 0.06404834626160594, "pol4": 0.5444778076617269, "v0s": 5.0324976897224705}, "datetime": {"datetime": "2022-05-16 21:34:56", "elapsed": 6711.579661, "delta": 13.896831}}
{"target": -1.0, "params": {"Bgrad": 0.5692026778539185, "d1": -2.2395676022946502, "d2": 0.4295403065108987, "d3": 0.03748717431482573, "d4": -2.2673919559044813, "p1": 7.955719424615005, "p2": 33.688697614076865, "p3": 44.31472347767791, "p4": 33.06599745746208, "pol1": 0.4348831863004663, "pol2": 0.2847274759790548, "pol3": 0.10216453792759861, "pol4": 0.516660191040246, "v0s": 4.040825834164669}, "datetime": {"datetime": "2022-05-16 21:35:06", "elapsed": 6721.55897, "delta": 9.979309}}
{"target": -1.0, "params": {"Bgrad": 1.6121424318175614, "d1": 0.7835020377766724, "d2": 0.12247593821226133, "d3": -1.9646195910861683, "d4": -2.54069617012667, "p1": 4.00244715537304, "p2": 35.92606078906957, "p3": 34.85971923839753, "p4": 33.25515865749361, "pol1": 0.7205550038670185, "pol2": -0.7523008019521906, "pol3": 0.793028826294379, "pol4": -0.257099518559851, "v0s": 6.479168193190475}, "datetime": {"datetime": "2022-05-16 21:35:20", "elapsed": 6735.353076, "delta": 13.794106}}
{"target": 4.013648945492012, "params": {"Bgrad": 1.2018462872424762, "d1": -1.7341415156751978, "d2": 0.6299493196314399, "d3": -1.3380479360143909, "d4": -0.8322990152235512, "p1": 1.483007019424959, "p2": 35.950043434091995, "p3": 35.40247236228101, "p4": 37.63918217212813, "pol1": -0.413252046429617, "pol2": 0.8974847126241889, "pol3": -0.2365879191183271, "pol4": 0.4975154163293751, "v0s": 4.013648945492012}, "datetime": {"datetime": "2022-05-16 21:35:27", "elapsed": 6742.528884, "delta": 7.175808}}
{"target": 4.253169712194211, "params": {"Bgrad": 1.445496727376649, "d1": -1.4225901755019132, "d2": 1.0, "d3": -3.0, "d4": -2.623645287023199, "p1": 29.31321777020032, "p2": 10.970309313893353, "p3": 37.62220100117815, "p4": 29.32399664503129, "pol1": 1.0, "pol2": -0.4672502820190367, "pol3": -1.0, "pol4": -0.3357297425166831, "v0s": 4.253169712194211}, "datetime": {"datetime": "2022-05-16 21:35:35", "elapsed": 6751.169772, "delta": 8.640888}}
{"target": 3.9322383140152217, "params": {"Bgrad": 1.6486787360124306, "d1": -2.380550083331144, "d2": 0.3061155264245503, "d3": -2.053227898408137, "d4": -1.1919547212487913, "p1": 5.736800623740135, "p2": 36.445792119096794, "p3": 38.668931993954644, "p4": 31.61421163940395, "pol1": -0.5773872049776618, "pol2": 0.6057302537860512, "pol3": 0.5009301280349441, "pol4": 0.4657994566557877, "v0s": 3.9322383140152217}, "datetime": {"datetime": "2022-05-16 21:35:43", "elapsed": 6759.180347, "delta": 8.010575}}
{"target": 2.8814022623327133, "params": {"Bgrad": 0.7560196582486274, "d1": -1.2731226419302613, "d2": -0.2592266932529541, "d3": -0.3316260567864511, "d4": -1.0891579101081184, "p1": 44.97687729474434, "p2": 27.190384506143012, "p3": 18.661558778395698, "p4": 13.777179236384796, "pol1": 0.8598400509233215, "pol2": 0.5848088347283211, "pol3": 0.38250703178171874, "pol4": -0.38270719405779774, "v0s": 2.8814022623327133}, "datetime": {"datetime": "2022-05-16 21:35:48", "elapsed": 6764.057303, "delta": 4.876956}}
{"target": 3.5954369715659062, "params": {"Bgrad": 1.0092010466607615, "d1": -3.0, "d2": -1.5677091929700067, "d3": -2.2957418877279094, "d4": -3.0, "p1": 5.13127991560519, "p2": 11.661150085467778, "p3": 36.54082565554927, "p4": 28.70127927982777, "pol1": -1.0, "pol2": -1.0, "pol3": 0.7182038208483369, "pol4": 0.683390500794884, "v0s": 3.5954369715659062}, "datetime": {"datetime": "2022-05-16 21:35:56", "elapsed": 6772.069872, "delta": 8.012569}}
{"target": 3.7123396886510744, "params": {"Bgrad": 1.1080812616088074, "d1": -0.028368792730402465, "d2": -0.27690643397921505, "d3": -1.7792479578528064, "d4": -2.2393766449911428, "p1": 20.14033344037723, "p2": 5.9623397005725085, "p3": 46.10376192902535, "p4": 39.88320095400698, "pol1": -0.7096857609684044, "pol2": 0.32632374929891134, "pol3": -1.0, "pol4": -0.6922336516297728, "v0s": 3.7123396886510744}, "datetime": {"datetime": "2022-05-16 21:36:03", "elapsed": 6779.198805, "delta": 7.128933}}
{"target": 3.7249323567351924, "params": {"Bgrad": 0.8172955004643573, "d1": -2.0651485545297206, "d2": -0.6032859376557225, "d3": -1.7504193202275755, "d4": 0.34248256374657204, "p1": 29.24448299645205, "p2": 26.76846438983336, "p3": 5.392135706042306, "p4": 44.80098343725154, "pol1": 0.35768435854072056, "pol2": -0.874027551625161, "pol3": -0.6708170862284897, "pol4": 0.5603959834605856, "v0s": 3.7249323567351924}, "datetime": {"datetime": "2022-05-16 21:36:08", "elapsed": 6784.124632, "delta": 4.925827}}
{"target": 3.280504531013384, "params": {"Bgrad": 0.7273212894689502, "d1": -0.42392518247334143, "d2": 0.6393133285282158, "d3": -1.6835081203144178, "d4": -2.7814010638284854, "p1": 30.870152574892106, "p2": 11.368131158771838, "p3": 8.78935566391964, "p4": 24.87706627173823, "pol1": 0.7744740056056199, "pol2": -0.7200901295840263, "pol3": 0.0618624293172616, "pol4": -0.49665310914136684, "v0s": 3.280504531013384}, "datetime": {"datetime": "2022-05-16 21:36:13", "elapsed": 6788.588691, "delta": 4.464059}}
{"target": 3.5498111907965173, "params": {"Bgrad": 1.3101345547608554, "d1": -1.4185706892956285, "d2": -1.6729641679096954, "d3": -1.552144416828599, "d4": -2.7532320076494057, "p1": 4.954378878319704, "p2": 36.15558579469548, "p3": 35.73615695568677, "p4": 36.1643870599841, "pol1": 0.3177541192238349, "pol2": -0.6592463904456742, "pol3": 0.3525075502064181, "pol4": -0.06006161381018149, "v0s": 3.5498111907965173}, "datetime": {"datetime": "2022-05-16 21:36:20", "elapsed": 6795.729591, "delta": 7.1409}}
{"target": 4.432008141898098, "params": {"Bgrad": 0.7375077180935724, "d1": -2.4330116582060475, "d2": 0.5104022059916291, "d3": -2.1677792242590592, "d4": -1.6316144336482559, "p1": 26.3845423471524, "p2": 26.06008481013725, "p3": 3.343222433481424, "p4": 44.42736172598712, "pol1": 0.6807856925806746, "pol2": -0.3755290568374272, "pol3": -0.23419266908288527, "pol4": -0.0024929738798999956, "v0s": 4.432008141898098}, "datetime": {"datetime": "2022-05-16 21:36:26", "elapsed": 6801.483202, "delta": 5.753611}}
{"target": 4.002804774692465, "params": {"Bgrad": 1.1207467539075564, "d1": -1.135784017654336, "d2": 0.6651376426311946, "d3": -0.7794743663733099, "d4": -1.924474863804106, "p1": 38.802496391200805, "p2": 20.090030438920063, "p3": 15.526492168656137, "p4": 15.6298960612823, "pol1": 0.33437873399152607, "pol2": -0.7009917083589647, "pol3": 0.39787038603359703, "pol4": -0.8496881546629056, "v0s": 4.002804774692465}, "datetime": {"datetime": "2022-05-16 21:36:33", "elapsed": 6809.204551, "delta": 7.721349}}
{"target": -1.0, "params": {"Bgrad": 0.9988702046964286, "d1": -0.8022109243549518, "d2": -0.29605719724648516, "d3": 0.8277530703760201, "d4": -0.6116777192880574, "p1": 8.99793703352924, "p2": 38.80152346993434, "p3": 34.28637319998337, "p4": 36.128934237798006, "pol1": -0.7300045636097401, "pol2": 0.9348023851652341, "pol3": -0.21523980774834928, "pol4": -0.41490629919928135, "v0s": 5.452483647184046}, "datetime": {"datetime": "2022-05-16 21:36:45", "elapsed": 6820.315832, "delta": 11.111281}}
{"target": -1.0, "params": {"Bgrad": 1.0937824521569246, "d1": -0.6917324854802209, "d2": -1.014636137319366, "d3": 0.5041304858152214, "d4": -1.3496355849108301, "p1": 7.748246593062063, "p2": 37.30825003703796, "p3": 39.09853888664958, "p4": 31.202893091941174, "pol1": -0.9251766679137781, "pol2": -0.581331042575119, "pol3": -0.29975775196081655, "pol4": 0.6952933213407391, "v0s": 4.660837688118057}, "datetime": {"datetime": "2022-05-16 21:36:59", "elapsed": 6834.261533, "delta": 13.945701}}
{"target": 4.312414583487254, "params": {"Bgrad": 1.1820005390299908, "d1": -0.9795790776370608, "d2": 0.21504974827488646, "d3": -1.6855862064263156, "d4": -3.0, "p1": 5.459664903732842, "p2": 23.758630420180655, "p3": 1.3227795436137646, "p4": 32.59535013417383, "pol1": 0.09361236836747668, "pol2": 0.06904231082496973, "pol3": -0.6481888012865764, "pol4": -1.0, "v0s": 4.312414583487254}, "datetime": {"datetime": "2022-05-16 21:37:07", "elapsed": 6842.436668, "delta": 8.175135}}
{"target": 4.587099303129202, "params": {"Bgrad": 0.5, "d1": -3.0, "d2": -3.0, "d3": -2.0576425124773787, "d4": -1.0880849640678611, "p1": 5.222396051062749, "p2": 1.6272479814948015, "p3": 38.24108353870211, "p4": 20.327187365173632, "pol1": -0.039752377021321214, "pol2": -0.1787811566213367, "pol3": -0.31102512519322484, "pol4": -0.4160373594642351, "v0s": 4.587099303129202}, "datetime": {"datetime": "2022-05-16 21:37:14", "elapsed": 6849.965531, "delta": 7.528863}}
{"target": 5.731500182704465, "params": {"Bgrad": 1.811046223391624, "d1": -1.8749986988105398, "d2": 0.8894350808163036, "d3": -0.5317375471960517, "d4": -2.8532677253737253, "p1": 10.713614132722265, "p2": 36.960281426706324, "p3": 43.61074941725369, "p4": 33.578262105706926, "pol1": -0.5652750800653012, "pol2": -0.48274211940943546, "pol3": 0.3585759825824455, "pol4": -0.5381786898306999, "v0s": 5.731500182704465}, "datetime": {"datetime": "2022-05-16 21:37:22", "elapsed": 6857.477439, "delta": 7.511908}}
{"target": 3.102724132348757, "params": {"Bgrad": 0.7614021724669718, "d1": -2.851106417825394, "d2": 0.6115181311081046, "d3": -0.9550866591195599, "d4": -1.8049293421186143, "p1": 43.004169839181266, "p2": 20.476224319121073, "p3": 23.391330967433426, "p4": 12.57877367442034, "pol1": 0.5017207093123264, "pol2": -0.07339352944115896, "pol3": 0.976144587392985, "pol4": 0.9352049438046588, "v0s": 3.102724132348757}, "datetime": {"datetime": "2022-05-16 21:37:27", "elapsed": 6862.227734, "delta": 4.750295}}
{"target": 3.447504791642267, "params": {"Bgrad": 1.016842877781158, "d1": -0.6256843783818323, "d2": -0.5667321159797226, "d3": -0.7273407170383576, "d4": -2.838369193624092, "p1": 11.154296922116508, "p2": 17.068722022674685, "p3": 6.8855707789653176, "p4": 30.182778772190797, "pol1": 0.5187672744018508, "pol2": 0.016819425594662245, "pol3": -0.14465281622881357, "pol4": 1.0, "v0s": 3.447504791642267}, "datetime": {"datetime": "2022-05-16 21:37:34", "elapsed": 6870.079733, "delta": 7.851999}}
{"target": 3.6097298574268972, "params": {"Bgrad": 0.886020479272072, "d1": -2.0263833420046073, "d2": -3.0, "d3": -2.747300912297012, "d4": -3.0, "p1": 25.386797496646096, "p2": 31.670390018333276, "p3": 43.82603956265025, "p4": 46.125857623805175, "pol1": -0.09398156628921588, "pol2": 0.0051195184955832645, "pol3": -1.0, "pol4": -0.41933481205768636, "v0s": 3.6097298574268972}, "datetime": {"datetime": "2022-05-16 21:37:42", "elapsed": 6877.502878, "delta": 7.423145}}
{"target": 4.973349300334882, "params": {"Bgrad": 0.5, "d1": -1.8180661161156768, "d2": 1.0, "d3": -2.307587957550236, "d4": -1.2841475660532056, "p1": 5.930796256012151, "p2": 34.627203968730434, "p3": 36.77083210751679, "p4": 35.61269945585594, "pol1": -0.09360521171559623, "pol2": 0.37027229529966227, "pol3": -0.4287133492951646, "pol4": -0.7739176792481445, "v0s": 4.973349300334882}, "datetime": {"datetime": "2022-05-16 21:37:48", "elapsed": 6884.081284, "delta": 6.578406}}
{"target": 2.856451891213535, "params": {"Bgrad": 0.9613392075294971, "d1": -1.9735368831612843, "d2": -2.6361904465686776, "d3": 0.5231548704814579, "d4": -0.7354329498392476, "p1": 22.456959833498342, "p2": 17.224879696858892, "p3": 28.42649421201771, "p4": 48.44093956405185, "pol1": -0.8150282793350254, "pol2": 0.34576689050011855, "pol3": -0.3141718496134944, "pol4": 0.4213801475771066, "v0s": 2.856451891213535}, "datetime": {"datetime": "2022-05-16 21:37:55", "elapsed": 6890.973849, "delta": 6.892565}}
{"target": 4.150808145315494, "params": {"Bgrad": 1.8002562295244153, "d1": -1.9678203013249882, "d2": -3.0, "d3": -2.3337078643592313, "d4": -3.0, "p1": 25.326223052215152, "p2": 31.50645857213539, "p3": 43.80757109278307, "p4": 46.22102067605645, "pol1": -0.9583548240023303, "pol2": 0.6548031856627381, "pol3": -0.9603499586550239, "pol4": 0.4861093855927598, "v0s": 4.150808145315494}, "datetime": {"datetime": "2022-05-16 21:38:03", "elapsed": 6899.071191, "delta": 8.097342}}
{"target": -1.0, "params": {"Bgrad": 1.5457992228276152, "d1": -0.651971016087888, "d2": 0.22434740440537532, "d3": -2.278024026765784, "d4": -2.5979992248783375, "p1": 30.107093931832015, "p2": 10.615331780440458, "p3": 38.54898981590961, "p4": 29.344182734258876, "pol1": 1.0, "pol2": 0.27938990117382834, "pol3": -0.7471209144857096, "pol4": -0.0725772303774789, "v0s": 5.117560083948368}, "datetime": {"datetime": "2022-05-16 21:38:18", "elapsed": 6913.750929, "delta": 14.679738}}
{"target": -1.0, "params": {"Bgrad": 1.6354851380086435, "d1": -0.4570594768092664, "d2": -1.34623253859914, "d3": -1.1489189458809115, "d4": -0.3174615080804766, "p1": 21.106771477371066, "p2": 5.636524038298951, "p3": 45.868479923748126, "p4": 40.28931439398099, "pol1": -0.17508399352530324, "pol2": -0.458285414053877, "pol3": -0.6046325803796231, "pol4": 0.37366244060200304, "v0s": 2.050080601411276}, "datetime": {"datetime": "2022-05-16 21:38:22", "elapsed": 6917.883874, "delta": 4.132945}}
{"target": 2.0991106498546412, "params": {"Bgrad": 1.230777829814304, "d1": -2.6201608782515176, "d2": 0.1279585376189014, "d3": -1.7548310120268353, "d4": -2.5817702324831253, "p1": 4.15068400682258, "p2": 35.571952188410116, "p3": 34.57897809947756, "p4": 34.97700474686329, "pol1": -0.10914011325364381, "pol2": 0.4037015905752679, "pol3": -0.2567457365344412, "pol4": 0.424137052799926, "v0s": 2.0991106498546412}, "datetime": {"datetime": "2022-05-16 21:38:28", "elapsed": 6924.171059, "delta": 6.287185}}
{"target": 2.933431439830397, "params": {"Bgrad": 0.9067249497947278, "d1": -2.419837475960089, "d2": -2.4690438472918554, "d3": -1.4773831165953324, "d4": -0.23498321277452666, "p1": 20.365346660377288, "p2": 17.53435053337524, "p3": 27.96093230502251, "p4": 48.16633856132386, "pol1": 0.5279123703644286, "pol2": 0.23004666087579284, "pol3": 0.370571041816374, "pol4": -0.3570371770960849, "v0s": 2.933431439830397}, "datetime": {"datetime": "2022-05-16 21:38:34", "elapsed": 6930.05931, "delta": 5.888251}}
{"target": 4.692590345038145, "params": {"Bgrad": 0.7612099393348233, "d1": -1.681418391676389, "d2": 0.8928157171305555, "d3": -1.7655540080640328, "d4": -2.5254287412929504, "p1": 8.223264900588417, "p2": 32.776082251745926, "p3": 39.20127113124829, "p4": 31.333933177812145, "pol1": -0.7581686586347884, "pol2": -0.8921081584353245, "pol3": -0.5236852364445939, "pol4": -0.4776261466912579, "v0s": 4.692590345038145}, "datetime": {"datetime": "2022-05-16 21:38:40", "elapsed": 6935.290319, "delta": 5.231009}}
{"target": 3.653522051836462, "params": {"Bgrad": 1.195430947432633, "d1": -0.6015873063769708, "d2": 0.538509161228204, "d3": -0.09283875883364301, "d4": -2.217576315294384, "p1": 43.22960657054846, "p2": 18.89865554072173, "p3": 26.376930516512825, "p4": 12.791645257720113, "pol1": 0.12305519640388796, "pol2": -0.5758500890335403, "pol3": 0.041955140496520826, "pol4": 0.871734827188335, "v0s": 3.653522051836462}, "datetime": {"datetime": "2022-05-16 21:38:49", "elapsed": 6944.880668, "delta": 9.590349}}
{"target": 4.149490739235447, "params": {"Bgrad": 1.283105403007981, "d1": -2.2339183309152055, "d2": 0.22318655030008108, "d3": -0.12016481840481916, "d4": -1.7924218244469075, "p1": 43.667052256095246, "p2": 25.94230983903713, "p3": 18.313471773924068, "p4": 13.503212455227528, "pol1": -0.0838637101131214, "pol2": 0.5112086769283459, "pol3": 0.26858643266115806, "pol4": 0.5983597919039348, "v0s": 4.149490739235447}, "datetime": {"datetime": "2022-05-16 21:38:57", "elapsed": 6952.524226, "delta": 7.643558}}
{"target": 5.160944977997369, "params": {"Bgrad": 0.6932722275625813, "d1": -2.7163449926343413, "d2": 0.42237031904782674, "d3": -1.501215455881395, "d4": -1.7534521968562982, "p1": 30.482010134391373, "p2": 6.180221454257195, "p3": 8.968146748187378, "p4": 24.95933260950692, "pol1": -0.48448425627010816, "pol2": -0.8592283917131289, "pol3": -0.38200927806662, "pol4": 0.010117097879296377, "v0s": 5.160944977997369}, "datetime": {"datetime": "2022-05-16 21:39:04", "elapsed": 6959.926426, "delta": 7.4022}}
{"target": 4.1285474748890625, "params": {"Bgrad": 1.0135331298200232, "d1": 0.09785723080091845, "d2": -0.08247000145093668, "d3": -2.0070975164840053, "d4": -2.2108771526671327, "p1": 20.59331614185668, "p2": 6.139060170031779, "p3": 46.438368009463886, "p4": 38.49916999372072, "pol1": -0.006050203804676612, "pol2": 0.23509793796006498, "pol3": -1.0, "pol4": -0.34749197853554237, "v0s": 4.1285474748890625}, "datetime": {"datetime": "2022-05-16 21:39:12", "elapsed": 6967.243855, "delta": 7.317429}}
{"target": 3.491081077037596, "params": {"Bgrad": 0.7486925881935114, "d1": -0.19532631825907654, "d2": -0.27497850116516487, "d3": -1.2077829935373825, "d4": -2.7041851601199705, "p1": 43.71837950502827, "p2": 26.728827812686767, "p3": 21.874956061927097, "p4": 31.147561209810544, "pol1": -0.27250255137472745, "pol2": 0.8444595103506438, "pol3": 0.6898689544461525, "pol4": -0.3224076833380076, "v0s": 3.491081077037596}, "datetime": {"datetime": "2022-05-16 21:39:17", "elapsed": 6973.160031, "delta": 5.916176}}
{"target": 4.778367013915243, "params": {"Bgrad": 1.3581831320374707, "d1": -3.0, "d2": -3.0, "d3": -2.4762313523632735, "d4": -0.9755855804373693, "p1": 5.289598757536128, "p2": 2.2146105978444117, "p3": 38.21307592212391, "p4": 20.619542148896215, "pol1": 0.38172718585266907, "pol2": 0.6177001071253173, "pol3": 0.20397713600547887, "pol4": -0.2521567665448727, "v0s": 4.778367013915243}, "datetime": {"datetime": "2022-05-16 21:39:25", "elapsed": 6981.173598, "delta": 8.013567}}
{"target": 5.454447771976221, "params": {"Bgrad": 1.1498970756502847, "d1": -3.0, "d2": 1.0, "d3": -0.6524549487862544, "d4": -1.9117065409762917, "p1": 45.95570086745518, "p2": 24.768060555690834, "p3": 22.339690718300435, "p4": 29.293207186752063, "pol1": -0.15532716469732866, "pol2": 0.25024632880807435, "pol3": -0.08617646403065962, "pol4": 0.08729577407461717, "v0s": 5.454447771976221}, "datetime": {"datetime": "2022-05-16 21:39:35", "elapsed": 6990.685158, "delta": 9.51156}}
{"target": 4.552403194199898, "params": {"Bgrad": 1.5791399244938993, "d1": -1.051106034822883, "d2": 1.0, "d3": -3.0, "d4": -2.4358546811603166, "p1": 29.544651240616464, "p2": 10.119014530661236, "p3": 37.39874312401588, "p4": 28.589801119825992, "pol1": 0.19541809599085025, "pol2": -0.4273355519254838, "pol3": -0.6744167461551752, "pol4": 0.3309053410895213, "v0s": 4.552403194199898}, "datetime": {"datetime": "2022-05-16 21:39:43", "elapsed": 6998.379579, "delta": 7.694421}}
{"target": 4.571355037233977, "params": {"Bgrad": 1.064352499275603, "d1": -2.620737319365228, "d2": 0.281895336716947, "d3": -1.2889131404231444, "d4": -1.3160310842838325, "p1": 30.580928928715878, "p2": 7.340839033411192, "p3": 8.711542725416413, "p4": 25.00874546935852, "pol1": 0.07667528525416996, "pol2": -0.9204693458224519, "pol3": -0.051676668205117154, "pol4": -0.1690243150712312, "v0s": 4.571355037233977}, "datetime": {"datetime": "2022-05-16 21:39:50", "elapsed": 7005.893482, "delta": 7.513903}}
{"target": 2.875928168454072, "params": {"Bgrad": 1.6138325498583264, "d1": -2.494985433472895, "d2": 0.7571645690708482, "d3": -0.8875626952619342, "d4": -0.7781042711285955, "p1": 33.03293491169336, "p2": 8.968767911688557, "p3": 6.246785981725345, "p4": 20.62046289153524, "pol1": -0.8703374542426565, "pol2": -0.16037494986896483, "pol3": 0.7326985879086247, "pol4": 0.3484663799750787, "v0s": 2.875928168454072}, "datetime": {"datetime": "2022-05-16 21:39:55", "elapsed": 7011.116512, "delta": 5.22303}}
{"target": 5.689999678341498, "params": {"Bgrad": 1.29840746067134, "d1": -2.2128887882143133, "d2": -0.1166965395618435, "d3": 0.09548299156540546, "d4": 0.05081559003679872, "p1": 11.439232904760244, "p2": 24.285848647725796, "p3": 42.010895404951185, "p4": 27.86317958382166, "pol1": 0.584704225153119, "pol2": -0.4496668068797124, "pol3": 0.16346877751607683, "pol4": 0.4038102222583494, "v0s": 5.689999678341498}, "datetime": {"datetime": "2022-05-16 21:40:05", "elapsed": 7020.654003, "delta": 9.537491}}
{"target": 4.209053531997887, "params": {"Bgrad": 1.5539273458329272, "d1": -2.927590018237825, "d2": -2.1155153755016785, "d3": -1.4164190007908406, "d4": -1.0357527826336272, "p1": 20.91527870722343, "p2": 18.32550393535235, "p3": 28.319758393505438, "p4": 46.98681279507306, "pol1": 0.8474812310967004, "pol2": 0.9698148545502698, "pol3": -0.02497555171004251, "pol4": -0.2221096223810075, "v0s": 4.209053531997887}, "datetime": {"datetime": "2022-05-16 21:40:13", "elapsed": 7028.768301, "delta": 8.114298}}
