{"target": -1.0, "params": {"Bgrad": 0.9070190590839189, "d1": -1.3918455170973698, "d2": -0.9202490204979963, "d3": -0.08884672807104677, "d4": 0.27416458577163993, "p1": 28.595729430771883, "p2": 40.85562202223701, "p3": 34.85696327662073, "p4": 36.30621990199314, "pol1": -0.8241502754656478, "pol2": 0.012932491973100868, "pol3": -0.37424029606736364, "pol4": 0.935356295468498, "v0s": 6.449578329352373}, "datetime": {"datetime": "2022-06-16 02:04:56", "elapsed": 259343.14977, "delta": 19.688377}}
{"target": -1.0, "params": {"Bgrad": 0.5465327885232238, "d1": -0.4709272484529907, "d2": 0.7861919421538568, "d3": -1.0305247762614225, "d4": -2.1181702887536713, "p1": 48.652118847536066, "p2": 12.360101891695496, "p3": 25.54864350630851, "p4": 15.2076258641325, "pol1": -0.6333548486510474, "pol2": -0.05641345030809708, "pol3": 0.7306719087220697, "pol4": 0.5905398493090532, "v0s": 5.957799730833824}, "datetime": {"datetime": "2022-06-16 02:05:17", "elapsed": 259364.070851, "delta": 20.921081}}
{"target": -1.0, "params": {"Bgrad": 0.6509141433081177, "d1": -0.6974302168645758, "d2": -1.4107139115716278, "d3": -2.363933962585845, "d4": -1.8711213177465433, "p1": 46.41243907231655, "p2": 9.610872396338943, "p3": 28.6138127201365, "p4": 2.4174955420572797, "pol1": 0.7720346813978571, "pol2": 0.45955772684606155, "pol3": 0.3322753310464843, "pol4": -0.24659891379293764, "v0s": 3.652050541653277}, "datetime": {"datetime": "2022-06-16 02:05:37", "elapsed": 259384.519196, "delta": 20.448345}}
{"target": -1.0, "params": {"Bgrad": 0.8475398489738686, "d1": -2.065585913705684, "d2": -0.8141521046661997, "d3": 0.42951167448372374, "d4": 0.2705148121581904, "p1": 3.3776845515603062, "p2": 14.70323204858745, "p3": 39.920354777002856, "p4": 38.4377595952453, "pol1": 0.22991709167798602, "pol2": -0.574083935458986, "pol3": 0.9002034730350157, "pol4": 0.08909406410027332, "v0s": 7.8204759464241835}, "datetime": {"datetime": "2022-06-16 02:05:52", "elapsed": 259399.557003, "delta": 15.037807}}
{"target": -1.0, "params": {"Bgrad": 1.1635792204487914, "d1": 0.24667818927929863, "d2": 0.4193260239856209, "d3": 0.1871318157469788, "d4": -1.0886219881937778, "p1": 12.56282851198226, "p2": 38.79231832895789, "p3": 49.635581218314776, "p4": 11.521648697596392, "pol1": -0.07822284455410133, "pol2": -0.25998716860251303, "pol3": 0.07820376227719072, "pol4": 0.6121235746013935, "v0s": 5.88248876927608}, "datetime": {"datetime": "2022-06-16 02:06:14", "elapsed": 259421.266975, "delta": 21.709972}}
{"target": 2.458493535642819, "params": {"Bgrad": 0.95104320143503, "d1": -2.85636938616188, "d2": -0.3330998977107744, "d3": -2.853723058194999, "d4": -0.9579665408369267, "p1": 12.785228281930806, "p2": 20.590686239274124, "p3": 41.884918062446864, "p4": 36.21777198974439, "pol1": -0.7511450253724523, "pol2": -0.16310937811870585, "pol3": -0.8698209745508068, "pol4": -0.477715932213868, "v0s": 2.458493535642819}, "datetime": {"datetime": "2022-06-16 02:06:33", "elapsed": 259440.477628, "delta": 19.210653}}
{"target": -1.0, "params": {"Bgrad": 0.8168744446088911, "d1": -2.3918282235951454, "d2": -2.8768806195736225, "d3": 0.45300472152308346, "d4": -2.2943831691864323, "p1": 30.536431267083096, "p2": 48.512855672403674, "p3": 40.11350472917241, "p4": 36.385787563466494, "pol1": -0.7173902175860951, "pol2": 0.7300204827528534, "pol3": -0.799454800389992, "pol4": -0.33961489557836755, "v0s": 6.536485164059354}, "datetime": {"datetime": "2022-06-16 02:06:49", "elapsed": 259456.17567, "delta": 15.698042}}
{"target": 3.305101171885596, "params": {"Bgrad": 1.5140137440921466, "d1": -0.7097576175926217, "d2": 0.8675998202372432, "d3": 0.8751717347378447, "d4": -1.354378478904466, "p1": 31.946594487113796, "p2": 17.02090805365778, "p3": 12.414800354742223, "p4": 42.91105172904995, "pol1": -0.312862429067277, "pol2": 0.047751673343841894, "pol3": 0.09512212941900389, "pol4": -0.779442286695271, "v0s": 3.305101171885596}, "datetime": {"datetime": "2022-06-16 02:07:05", "elapsed": 259472.536939, "delta": 16.361269}}
{"target": -1.0, "params": {"Bgrad": 1.4521793646433754, "d1": -1.6489573094757297, "d2": -2.8357804437266556, "d3": -2.2024546640263103, "d4": 0.5895871759112556, "p1": 27.8272081515155, "p2": 49.7452437504874, "p3": 12.75289642379131, "p4": 34.14876497362799, "pol1": -0.7006452480700711, "pol2": 0.8101821777645817, "pol3": 0.17256064424356965, "pol4": -0.6446620825895832, "v0s": 7.137588134097754}, "datetime": {"datetime": "2022-06-16 02:07:22", "elapsed": 259489.92247, "delta": 17.385531}}
{"target": -1.0, "params": {"Bgrad": 1.7250894124171727, "d1": -0.49556861733709967, "d2": -0.47803673689980997, "d3": -0.1996548321584548, "d4": 0.5736955821920358, "p1": 42.39272136804616, "p2": 5.820226577502674, "p3": 26.327303231332472, "p4": 15.768707991751096, "pol1": -0.7228103904378682, "pol2": -0.7845297315432902, "pol3": 0.5167522000191151, "pol4": -0.6010025314804632, "v0s": 6.4789900905566915}, "datetime": {"datetime": "2022-06-16 02:07:39", "elapsed": 259507.002817, "delta": 17.080347}}
{"target": -1.0, "params": {"Bgrad": 1.6667314635121668, "d1": -1.0915308288199483, "d2": 0.07768916259773873, "d3": -0.44361817708084494, "d4": -0.44833063637516135, "p1": 41.633956982741196, "p2": 19.541623173821637, "p3": 25.090118536876034, "p4": 23.978517584869902, "pol1": -0.7427592701317793, "pol2": -0.7918256835251041, "pol3": 0.5714757730965048, "pol4": 0.09851890760714288, "v0s": 3.742804491138063}, "datetime": {"datetime": "2022-06-16 02:07:58", "elapsed": 259525.271987, "delta": 18.26917}}
{"target": -1.0, "params": {"Bgrad": 1.6461418546425897, "d1": -1.2461172400956917, "d2": -1.9558022962337676, "d3": -2.265802767475293, "d4": -2.2274110282327233, "p1": 3.9343300996370125, "p2": 25.96678397790425, "p3": 15.29177527261249, "p4": 18.386006375785968, "pol1": -0.4184879681018694, "pol2": 0.1473710201770575, "pol3": 0.7688479667833539, "pol4": 0.9900383951892537, "v0s": 3.2792438090465446}, "datetime": {"datetime": "2022-06-16 02:08:23", "elapsed": 259550.8955, "delta": 25.623513}}
{"target": -1.0, "params": {"Bgrad": 1.1788814897463356, "d1": -2.1647155543410936, "d2": -2.8725973360524684, "d3": -0.9660373461700567, "d4": -0.8311729758460835, "p1": 42.59927521628219, "p2": 0.8912262936069615, "p3": 25.483473557666148, "p4": 49.872305092867286, "pol1": -0.944563846623685, "pol2": -0.7498280618962203, "pol3": 0.7201261013706752, "pol4": 0.7012139699543736, "v0s": 6.111896035743194}, "datetime": {"datetime": "2022-06-16 02:08:40", "elapsed": 259567.457233, "delta": 16.561733}}
{"target": -1.0, "params": {"Bgrad": 1.121704109764171, "d1": -1.5458346573706914, "d2": -1.5747771367195003, "d3": 0.039556413134422375, "d4": -1.4832590633898586, "p1": 31.5097198904042, "p2": 10.050423559486632, "p3": 27.22026924826219, "p4": 30.088617836397752, "pol1": 0.8503833488298138, "pol2": 0.6140425601550161, "pol3": 0.2793064306829114, "pol4": 0.42692526847094636, "v0s": 5.6603970198934075}, "datetime": {"datetime": "2022-06-16 02:09:03", "elapsed": 259591.059149, "delta": 23.601916}}
{"target": -1.0, "params": {"Bgrad": 0.5720732545635998, "d1": 0.01112454861569434, "d2": -1.6929345949171393, "d3": 9.416268964557162e-07, "d4": -0.07108428658426424, "p1": 5.925587254733361, "p2": 28.386899561208573, "p3": 42.322732859952374, "p4": 47.12325602375647, "pol1": -0.3221957452254458, "pol2": 0.4891138586602515, "pol3": -0.6852940931076899, "pol4": 0.1489826349631327, "v0s": 6.7986895567398395}, "datetime": {"datetime": "2022-06-16 02:09:21", "elapsed": 259608.830649, "delta": 17.7715}}
{"target": -1.0, "params": {"Bgrad": 0.9394984677717986, "d1": -1.3493704020582498, "d2": -1.4985804231024673, "d3": -0.9125718520465984, "d4": -1.0517854891432563, "p1": 43.441464638441424, "p2": 5.689173538833109, "p3": 40.4093717133552, "p4": 0.24903136286572036, "pol1": 0.65710960337656, "pol2": -0.29516457821461417, "pol3": -0.0482230824523211, "pol4": -0.9248002552231502, "v0s": 6.326185023739718}, "datetime": {"datetime": "2022-06-16 02:09:40", "elapsed": 259627.987446, "delta": 19.156797}}
{"target": -1.0, "params": {"Bgrad": 0.5739061149410962, "d1": -1.669371779421105, "d2": 0.847095206755379, "d3": -0.33839466359773285, "d4": -1.7661418828250497, "p1": 12.617732152649769, "p2": 7.199898031133878, "p3": 25.401020256565122, "p4": 11.993930301506206, "pol1": 0.8889458608070879, "pol2": 0.8590013284295925, "pol3": 0.3747135836831492, "pol4": -0.48131772402741135, "v0s": 7.181205747816099}, "datetime": {"datetime": "2022-06-16 02:09:54", "elapsed": 259641.859369, "delta": 13.871923}}
{"target": -1.0, "params": {"Bgrad": 0.7198045501455612, "d1": 0.6889627005815084, "d2": 0.9565888707006116, "d3": 0.6528169498680376, "d4": -0.6736413068016165, "p1": 26.120064321083742, "p2": 17.22823001100621, "p3": 27.134844507539764, "p4": 46.348412413190374, "pol1": -0.40449461922682706, "pol2": 0.631015699234873, "pol3": -0.7759331524723474, "pol4": 0.7531728104888575, "v0s": 4.687926645860673}, "datetime": {"datetime": "2022-06-16 02:10:13", "elapsed": 259660.154469, "delta": 18.2951}}
{"target": 4.260425990667049, "params": {"Bgrad": 1.364134320720566, "d1": -2.2770080908814743, "d2": -0.6445827410529152, "d3": -0.8068345424551948, "d4": -2.8334139956919073, "p1": 16.074363839018208, "p2": 3.31046164155534, "p3": 19.658626522369605, "p4": 28.117505189202145, "pol1": -0.057217145316154516, "pol2": 0.9955733625716447, "pol3": 0.22322398857580916, "pol4": -0.6911127334647598, "v0s": 4.260425990667049}, "datetime": {"datetime": "2022-06-16 02:10:30", "elapsed": 259677.634747, "delta": 17.480278}}
{"target": -1.0, "params": {"Bgrad": 1.7599644846233453, "d1": -0.05750943484419313, "d2": 0.04784867122289649, "d3": -1.0335737195851928, "d4": -0.9654800523552356, "p1": 36.07126210380567, "p2": 9.444925873897676, "p3": 32.099967157102846, "p4": 15.405886942588609, "pol1": 0.8414963629122905, "pol2": 0.8365904832092439, "pol3": -0.30075620318138485, "pol4": 0.8895184793069404, "v0s": 4.248543198570163}, "datetime": {"datetime": "2022-06-16 02:10:50", "elapsed": 259697.330105, "delta": 19.695358}}
{"target": -1.0, "params": {"Bgrad": 1.1807367566328113, "d1": 0.9784694658785322, "d2": -0.4450656568858018, "d3": -0.5889413421068257, "d4": 0.3881071010107604, "p1": 47.99052777121452, "p2": 42.862396768016694, "p3": 23.044603244263467, "p4": 40.73695817530798, "pol1": -0.09889461897356555, "pol2": 0.35131886059609063, "pol3": 0.6216831726365677, "pol4": 0.7512582054851742, "v0s": 2.916944381624461}, "datetime": {"datetime": "2022-06-16 02:11:06", "elapsed": 259713.438051, "delta": 16.107946}}
{"target": -1.0, "params": {"Bgrad": 1.9595066883650416, "d1": -0.6588639055636478, "d2": 0.9310402666150526, "d3": -0.36064021871869656, "d4": 0.6685359910904447, "p1": 45.489741232232745, "p2": 3.605773538962503, "p3": 33.79888398359152, "p4": 39.69102987094863, "pol1": 0.9737462315777228, "pol2": 0.33387693381535266, "pol3": -0.28962750129241366, "pol4": 0.06536400230767492, "v0s": 7.166221280554709}, "datetime": {"datetime": "2022-06-16 02:11:36", "elapsed": 259744.05023, "delta": 30.612179}}
{"target": -1.0, "params": {"Bgrad": 1.0143431111654777, "d1": 0.616312272317685, "d2": -0.07435777828107248, "d3": -1.5461710027960391, "d4": -1.5004447050151999, "p1": 43.80236658318838, "p2": 43.066074442335974, "p3": 12.609362393052281, "p4": 13.370188895920993, "pol1": -0.9562972050593159, "pol2": -0.15414760517716553, "pol3": -0.6906290714685726, "pol4": 0.2856662148998179, "v0s": 4.167420957542204}, "datetime": {"datetime": "2022-06-16 02:11:56", "elapsed": 259763.107294, "delta": 19.057064}}
{"target": -1.0, "params": {"Bgrad": 1.7810431800531563, "d1": 0.2695621427101731, "d2": 0.6837673642190993, "d3": 0.2990071269988879, "d4": -0.6137034520845859, "p1": 9.195371538440483, "p2": 25.39089867828678, "p3": 2.366013820049684, "p4": 20.7447733406809, "pol1": -0.9892623607558682, "pol2": -0.9787139507735145, "pol3": 0.0028668122881303493, "pol4": -0.9501178984891334, "v0s": 6.801580504025093}, "datetime": {"datetime": "2022-06-16 02:12:14", "elapsed": 259781.738495, "delta": 18.631201}}
{"target": -1.0, "params": {"Bgrad": 1.0811700014906869, "d1": -2.261982989719078, "d2": -1.528537236742122, "d3": -0.8667862886015762, "d4": -1.0752296325261175, "p1": 24.8913107364456, "p2": 29.959498162449442, "p3": 10.548416623995232, "p4": 40.246518784739415, "pol1": -0.9048418924227979, "pol2": -0.314028364441421, "pol3": 0.5276496772489376, "pol4": 0.668319622068708, "v0s": 6.147486848279814}, "datetime": {"datetime": "2022-06-16 02:12:33", "elapsed": 259800.753671, "delta": 19.015176}}
{"target": -1.0, "params": {"Bgrad": 0.7569685883333055, "d1": -0.4163293921553284, "d2": 0.8564955877542775, "d3": -1.9733947986581488, "d4": -1.6538859329403763, "p1": 1.932397283351367, "p2": 42.81248853386978, "p3": 20.852504583542764, "p4": 19.55326903315724, "pol1": 0.6940916322752186, "pol2": 0.08016746174922007, "pol3": -0.3465815783212276, "pol4": -0.28687959236187033, "v0s": 5.0946930200874005}, "datetime": {"datetime": "2022-06-16 02:12:48", "elapsed": 259815.595003, "delta": 14.841332}}
{"target": -1.0, "params": {"Bgrad": 0.5390303437564559, "d1": -1.4508384822883928, "d2": -0.1823054902283583, "d3": -1.4927446125620292, "d4": -2.188266918627585, "p1": 49.05782070988235, "p2": 1.1957061430949267, "p3": 22.51515745850311, "p4": 18.653319669512562, "pol1": -0.7278908916364426, "pol2": -0.13234698892286278, "pol3": 0.6880213733968694, "pol4": 0.6800009083113148, "v0s": 3.9528206626544913}, "datetime": {"datetime": "2022-06-16 02:13:11", "elapsed": 259838.900711, "delta": 23.305708}}
{"target": -1.0, "params": {"Bgrad": 1.8046596708330807, "d1": -1.9105540864664121, "d2": 0.49675380846220163, "d3": -0.25762801763210597, "d4": 0.7514646602829274, "p1": 21.247713384718452, "p2": 17.448479675219243, "p3": 44.08213019072593, "p4": 37.223077933943735, "pol1": -0.544985211348018, "pol2": 0.10669287489785728, "pol3": 0.40684830526142823, "pol4": -0.07860794463433707, "v0s": 4.869022441564663}, "datetime": {"datetime": "2022-06-16 02:13:38", "elapsed": 259865.16152, "delta": 26.260809}}
{"target": -1.0, "params": {"Bgrad": 0.697734884955628, "d1": -2.5157867800244653, "d2": 0.7952470101108902, "d3": -2.766051971142868, "d4": -1.7409013612472481, "p1": 12.676864215693218, "p2": 26.549467073357985, "p3": 47.691737550930206, "p4": 6.593172369079875, "pol1": 0.4668584300215761, "pol2": 0.10915643146451881, "pol3": 0.3561142345825974, "pol4": 0.011170505967408761, "v0s": 7.69311792794709}, "datetime": {"datetime": "2022-06-16 02:13:52", "elapsed": 259879.933038, "delta": 14.771518}}
{"target": 2.1312778789090685, "params": {"Bgrad": 1.5296350102856686, "d1": -0.4014904165115709, "d2": -2.3642274092651694, "d3": -0.7607378985080944, "d4": -1.1835485556752046, "p1": 22.089750204231457, "p2": 38.086703907765866, "p3": 2.070847025494987, "p4": 24.138188073379723, "pol1": 0.11874547312528994, "pol2": -0.8451545505308313, "pol3": -0.3781096666219619, "pol4": -0.9951094522002684, "v0s": 2.1312778789090685}, "datetime": {"datetime": "2022-06-16 02:14:03", "elapsed": 259891.053315, "delta": 11.120277}}
{"target": -1.0, "params": {"Bgrad": 0.9904763974007833, "d1": -0.5814340216585725, "d2": -0.04240036375059342, "d3": 0.24381386225225654, "d4": 0.1966863207676366, "p1": 13.525030521762533, "p2": 30.71886444466363, "p3": 26.826920947984746, "p4": 7.344399876633778, "pol1": 0.24793365798857647, "pol2": -0.025370041667480914, "pol3": 0.4255728222667312, "pol4": 0.9617708422348907, "v0s": 5.995119336173578}, "datetime": {"datetime": "2022-06-16 02:14:23", "elapsed": 259910.84342, "delta": 19.790105}}
{"target": -1.0, "params": {"Bgrad": 0.5530645001805764, "d1": 0.7931416556754614, "d2": 0.16216942965610714, "d3": -0.8518274583731129, "d4": -0.4060006065416304, "p1": 17.378195571765925, "p2": 16.35428456536428, "p3": 5.015650188844212, "p4": 16.273409320860317, "pol1": 0.22669507821178048, "pol2": -0.2946870019265384, "pol3": 0.9467665795945139, "pol4": -0.3257320405842392, "v0s": 6.7806907854779155}, "datetime": {"datetime": "2022-06-16 02:14:36", "elapsed": 259923.162493, "delta": 12.319073}}
{"target": -1.0, "params": {"Bgrad": 1.2873488041564722, "d1": 0.36952086864272937, "d2": -0.4201733190697583, "d3": -1.5473993852028145, "d4": -2.848475628779097, "p1": 48.753479171449285, "p2": 43.80096611695535, "p3": 34.7619343242694, "p4": 32.08250480241531, "pol1": -0.7498800963274566, "pol2": 0.25511196733942154, "pol3": 0.3312644950636312, "pol4": -0.17916730360680466, "v0s": 5.0381711205425805}, "datetime": {"datetime": "2022-06-16 02:14:53", "elapsed": 259940.618835, "delta": 17.456342}}
{"target": -1.0, "params": {"Bgrad": 1.9013413999824427, "d1": -0.9309698075210955, "d2": 0.8371320198509986, "d3": -2.5131741607213773, "d4": -0.12320783931843593, "p1": 15.242897513684179, "p2": 49.26965624635057, "p3": 8.950430573132746, "p4": 34.771888943671215, "pol1": -0.5844804568922721, "pol2": 0.10644865967726447, "pol3": -0.02722857816674762, "pol4": 0.9244780914105342, "v0s": 3.450165288263239}, "datetime": {"datetime": "2022-06-16 02:15:09", "elapsed": 259956.799588, "delta": 16.180753}}
{"target": -1.0, "params": {"Bgrad": 1.9079832854144843, "d1": -2.606283568632766, "d2": 0.2577866851512862, "d3": -0.4927266170088309, "d4": -0.4138151247232953, "p1": 36.05174085351647, "p2": 37.306492197295746, "p3": 25.93588414763887, "p4": 49.61642090258973, "pol1": 0.006633558892741309, "pol2": -0.9016373367422477, "pol3": -0.31218557091053345, "pol4": -0.5324736406046664, "v0s": 5.523398958621746}, "datetime": {"datetime": "2022-06-16 02:15:35", "elapsed": 259982.312395, "delta": 25.512807}}
{"target": -1.0, "params": {"Bgrad": 1.2506057932870576, "d1": -1.0429658016262966, "d2": -0.09541314326425132, "d3": 0.42944939258409986, "d4": -1.1882146141199157, "p1": 35.62388216880214, "p2": 26.623345716139006, "p3": 30.667429793120114, "p4": 26.829792579659077, "pol1": 0.9865184919775081, "pol2": 0.7372156303289736, "pol3": -0.6903933597292027, "pol4": -0.22184426904062327, "v0s": 4.157995478609074}, "datetime": {"datetime": "2022-06-16 02:15:53", "elapsed": 260000.480834, "delta": 18.168439}}
{"target": 2.474690912316708, "params": {"Bgrad": 0.6936653846592439, "d1": -0.5241692970376257, "d2": -2.719663480372664, "d3": -1.1494266479686885, "d4": 0.02178016861226162, "p1": 29.783023396418102, "p2": 23.50271993109675, "p3": 49.45314269866666, "p4": 41.96457775815202, "pol1": -0.8105669298777667, "pol2": 0.019268683268881537, "pol3": -0.5111659959947452, "pol4": -0.9894874398019122, "v0s": 2.474690912316708}, "datetime": {"datetime": "2022-06-16 02:16:08", "elapsed": 260015.375025, "delta": 14.894191}}
{"target": -1.0, "params": {"Bgrad": 0.9679828345510235, "d1": 0.4599303444839582, "d2": -2.8616223004083934, "d3": 0.1367162728821385, "d4": -1.107148677729839, "p1": 11.793913503990483, "p2": 2.6943062537106655, "p3": 44.96136857833104, "p4": 25.68274098157961, "pol1": 0.23293604209488605, "pol2": -0.3080685743332694, "pol3": 0.11155803602041847, "pol4": 0.14672482962065758, "v0s": 3.906794555652882}, "datetime": {"datetime": "2022-06-16 02:16:26", "elapsed": 260033.59333, "delta": 18.218305}}
{"target": -1.0, "params": {"Bgrad": 1.3023692759382297, "d1": -2.503394912032876, "d2": -0.25740975801166943, "d3": -1.1094772017630996, "d4": -1.2008923084508352, "p1": 1.672644439660237, "p2": 28.928529146272343, "p3": 26.48429697028681, "p4": 40.74529066032579, "pol1": 0.9774207249458489, "pol2": 0.9447945117473506, "pol3": -0.8400570973914565, "pol4": 0.5818753852430911, "v0s": 6.899786154288841}, "datetime": {"datetime": "2022-06-16 02:16:46", "elapsed": 260053.736491, "delta": 20.143161}}
{"target": 4.153517805645123, "params": {"Bgrad": 1.4410187712651947, "d1": -1.9250978268828294, "d2": 0.6037136091209265, "d3": -1.9499072563644755, "d4": -0.1856366862405574, "p1": 9.87434024213748, "p2": 3.2150759557345197, "p3": 11.890295841626642, "p4": 15.571908621123164, "pol1": 0.8887794383553331, "pol2": -0.3693674285867621, "pol3": -0.9589183599715421, "pol4": -0.5897048783290941, "v0s": 4.153517805645123}, "datetime": {"datetime": "2022-06-16 02:16:58", "elapsed": 260065.518999, "delta": 11.782508}}
{"target": -1.0, "params": {"Bgrad": 1.5217771615192772, "d1": -1.2003893364905847, "d2": -2.4955965028827887, "d3": -0.07569216469622386, "d4": 0.6090723801804554, "p1": 49.73998976834161, "p2": 48.381542693303544, "p3": 23.769561185253117, "p4": 20.37261704225326, "pol1": -0.3056232723447776, "pol2": 0.12133447380265383, "pol3": 0.11686150908157567, "pol4": -0.15159412311104736, "v0s": 3.5942694134206414}, "datetime": {"datetime": "2022-06-16 02:17:22", "elapsed": 260089.620579, "delta": 24.10158}}
{"target": -1.0, "params": {"Bgrad": 1.2734610512544486, "d1": -1.856972597268192, "d2": 0.1985556923146099, "d3": 0.8933390910779448, "d4": -2.0515552595999997, "p1": 13.758451389590427, "p2": 2.656899585437178, "p3": 48.837496091467116, "p4": 10.43054092596739, "pol1": 0.8655245596668808, "pol2": -0.4794305178864655, "pol3": 0.6760342441692022, "pol4": 0.971907116589042, "v0s": 7.747761750292808}, "datetime": {"datetime": "2022-06-16 02:17:46", "elapsed": 260113.283332, "delta": 23.662753}}
{"target": -1.0, "params": {"Bgrad": 1.7411475392023283, "d1": -0.9817595771199668, "d2": 0.14984077376867777, "d3": 0.4767772334819669, "d4": -1.91459672523938, "p1": 5.786219673891879, "p2": 32.57625444959604, "p3": 9.593587245295899, "p4": 1.1067443072213912, "pol1": -0.34741433112531106, "pol2": 0.19548354103665488, "pol3": -0.34921756859310404, "pol4": 0.1922775155191001, "v0s": 3.7145468234545236}, "datetime": {"datetime": "2022-06-16 02:18:15", "elapsed": 260142.5531, "delta": 29.269768}}
