{"target": -1.0, "params": {"Bgrad": 1.1569128871656857, "d1": 0.17521802846570056, "d2": -0.9299492314295223, "d3": -1.3456073554835721, "d4": -2.5302322550896417, "p1": 44.195553296817465, "p2": 13.77966072051584, "p3": 30.813036166493017, "p4": 49.2289889480353, "pol1": -0.6211639559124924, "pol2": 0.9303759835860856, "pol3": 0.30543073685139066, "pol4": -0.7425367908069047, "v0s": 6.63156287643829}, "datetime": {"datetime": "2022-05-17 10:20:19", "elapsed": 52634.377952, "delta": 10.372257}}
{"target": 4.014290646533619, "params": {"Bgrad": 1.9276636673856404, "d1": -0.7488778012423003, "d2": -0.2457792009674078, "d3": -2.894608484520069, "d4": 0.9563027420317876, "p1": 15.922855990684127, "p2": 1.1951889683109673, "p3": 40.42820752371942, "p4": 48.66262758835341, "pol1": 0.47517701983336225, "pol2": -0.9945283879091993, "pol3": -0.8732789772519294, "pol4": 0.1685388104551615, "v0s": 4.014290646533619}, "datetime": {"datetime": "2022-05-17 10:20:26", "elapsed": 52641.707349, "delta": 7.329397}}
{"target": -1.0, "params": {"Bgrad": 1.822750221127695, "d1": 0.4946774774277536, "d2": 0.9500756348177664, "d3": -0.13667212370962512, "d4": 0.5075347992346062, "p1": 15.98250559310263, "p2": 5.558847595990302, "p3": 43.26820528911899, "p4": 15.173629898076252, "pol1": -0.16133540366622756, "pol2": 0.2920605141431454, "pol3": 0.21019826831102528, "pol4": -0.15815383097024016, "v0s": 4.316903071223561}, "datetime": {"datetime": "2022-05-17 10:20:35", "elapsed": 52650.957608, "delta": 9.250259}}
{"target": -1.0, "params": {"Bgrad": 0.6840215627885095, "d1": -0.8645524627863335, "d2": -2.068583611024016, "d3": 0.019231404401845342, "d4": -0.3005176633419997, "p1": 3.5963482404607228, "p2": 49.463234236790015, "p3": 39.02284677871706, "p4": 11.391294344529879, "pol1": -0.9385143633006059, "pol2": -0.04325633785660288, "pol3": -0.29451512499785193, "pol4": 0.09302299872845587, "v0s": 5.957983732549526}, "datetime": {"datetime": "2022-05-17 10:20:41", "elapsed": 52656.571593, "delta": 5.613985}}
{"target": -1.0, "params": {"Bgrad": 1.6958297110381075, "d1": -2.9458226126434894, "d2": -0.14281794448448615, "d3": -1.8187441355924032, "d4": 0.9456103025496678, "p1": 42.312086529389084, "p2": 28.020059054239095, "p3": 29.888284268841964, "p4": 9.603783650227864, "pol1": -0.547496822825869, "pol2": -0.6919736433240977, "pol3": -0.24437290507111653, "pol4": -0.7760891113168378, "v0s": 5.067637361805572}, "datetime": {"datetime": "2022-05-17 10:20:54", "elapsed": 52669.691502, "delta": 13.119909}}
{"target": 2.4281388496676968, "params": {"Bgrad": 1.4577169331023212, "d1": -2.511150487052067, "d2": -1.6232145642789275, "d3": -2.7186084812591687, "d4": -0.8969552509117231, "p1": 32.51448846015027, "p2": 30.773607068755137, "p3": 40.693478140474255, "p4": 11.778311825121019, "pol1": 0.2363636836808911, "pol2": -0.3943429615347187, "pol3": -0.8224645878417154, "pol4": -0.38947705686837364, "v0s": 2.4281388496676968}, "datetime": {"datetime": "2022-05-17 10:20:58", "elapsed": 52673.989007, "delta": 4.297505}}
{"target": -1.0, "params": {"Bgrad": 1.9378613165295062, "d1": -0.09133826029228276, "d2": -2.594156568703984, "d3": 0.14507728939437436, "d4": -1.5913785596138728, "p1": 45.571757016189615, "p2": 24.77487173735567, "p3": 43.634636149243605, "p4": 11.026489737186186, "pol1": -0.2656153481934689, "pol2": -0.2663261156832346, "pol3": -0.8057346367934295, "pol4": -0.33797113186841043, "v0s": 5.958258823032797}, "datetime": {"datetime": "2022-05-17 10:21:09", "elapsed": 52684.526823, "delta": 10.537816}}
{"target": 2.57815131116746, "params": {"Bgrad": 1.199815237060611, "d1": 0.5169262789777247, "d2": -1.9213189344386068, "d3": -1.580722605113405, "d4": -1.718582839397551, "p1": 27.58689853108538, "p2": 9.410970780314393, "p3": 8.662213575408645, "p4": 46.97409621042272, "pol1": -0.24670457250734001, "pol2": 0.1741962697660997, "pol3": -0.8896958299623523, "pol4": -0.7182840062012663, "v0s": 2.57815131116746}, "datetime": {"datetime": "2022-05-17 10:21:14", "elapsed": 52690.088946, "delta": 5.562123}}
{"target": -1.0, "params": {"Bgrad": 1.7181733519372193, "d1": -2.587412869666143, "d2": -0.9347358172818034, "d3": -2.3776884080317036, "d4": -1.8847329782846058, "p1": 44.130100125153504, "p2": 31.57968825654553, "p3": 48.1831355106535, "p4": 29.98571828079965, "pol1": -0.980960567566884, "pol2": -0.1687179889591568, "pol3": -0.9551164912826404, "pol4": -0.37203134390610715, "v0s": 4.88974958432445}, "datetime": {"datetime": "2022-05-17 10:21:27", "elapsed": 52702.383064, "delta": 12.294118}}
{"target": -1.0, "params": {"Bgrad": 1.3631890116857122, "d1": -2.0453991882842804, "d2": -0.7668536862093926, "d3": -1.4203194635710643, "d4": -0.9736712499722922, "p1": 9.798350727126076, "p2": 7.837580500171565, "p3": 37.72585038011932, "p4": 16.49866144027597, "pol1": 0.2883913850764328, "pol2": 0.1309111931810838, "pol3": 0.7990618317721421, "pol4": 0.76136723581403, "v0s": 4.658668401960701}, "datetime": {"datetime": "2022-05-17 10:21:38", "elapsed": 52713.977055, "delta": 11.593991}}
{"target": -1.0, "params": {"Bgrad": 0.8071026297383855, "d1": -0.47123049883269674, "d2": -0.4526560986137995, "d3": -0.230329986485589, "d4": 0.6298928109392001, "p1": 39.129048902229925, "p2": 31.26454679279234, "p3": 30.04827976990449, "p4": 10.637951803407104, "pol1": 0.302730723995736, "pol2": 0.629000341553209, "pol3": 0.844644961705793, "pol4": 0.8333002241618652, "v0s": 5.36659283523582}, "datetime": {"datetime": "2022-05-17 10:21:46", "elapsed": 52721.361304, "delta": 7.384249}}
{"target": -1.0, "params": {"Bgrad": 0.8897509636107316, "d1": -1.6648101727051334, "d2": 0.9910494622752815, "d3": -0.8976088471287227, "d4": 0.26362669135128947, "p1": 29.850809389228605, "p2": 25.34651936641633, "p3": 17.42698076528489, "p4": 26.888526411565124, "pol1": -0.9865305860115934, "pol2": 0.7533716131931478, "pol3": 0.12297296306535865, "pol4": -0.9514371493506428, "v0s": 6.909048471986992}, "datetime": {"datetime": "2022-05-17 10:21:56", "elapsed": 52731.579973, "delta": 10.218669}}
{"target": -1.0, "params": {"Bgrad": 0.7030315862931098, "d1": -2.877445207636521, "d2": -1.150658383459537, "d3": 0.8426267811479855, "d4": -2.625543006144039, "p1": 3.2799258067521597, "p2": 43.996778811096185, "p3": 41.06860207716442, "p4": 40.998471112254194, "pol1": -0.06436390436925654, "pol2": -0.145015810878939, "pol3": -0.19786338913100776, "pol4": 0.16443008427861416, "v0s": 6.373824016256667}, "datetime": {"datetime": "2022-05-17 10:22:03", "elapsed": 52738.437632, "delta": 6.857659}}
{"target": -1.0, "params": {"Bgrad": 1.676438003524439, "d1": -0.38080324975832847, "d2": -0.7501353412959473, "d3": -1.350429567118812, "d4": -1.7203397518245818, "p1": 14.31238964130926, "p2": 14.808835920153761, "p3": 34.13764330822216, "p4": 38.12205910797897, "pol1": 0.1952395739799524, "pol2": -0.5542722154928783, "pol3": -0.6112099589905542, "pol4": 0.5313722375415078, "v0s": 7.872162913850272}, "datetime": {"datetime": "2022-05-17 10:22:12", "elapsed": 52747.254052, "delta": 8.81642}}
{"target": -1.0, "params": {"Bgrad": 0.5238649423888437, "d1": -2.004407432069681, "d2": 0.16925148708299131, "d3": -0.12333880898658078, "d4": -2.0160801690422607, "p1": 27.744619053792263, "p2": 29.279289704951033, "p3": 36.06921383236148, "p4": 23.183685560635052, "pol1": -0.19030305695455452, "pol2": -0.38398105835822083, "pol3": -0.5233821831863545, "pol4": -0.8149932836987921, "v0s": 5.8753003245058535}, "datetime": {"datetime": "2022-05-17 10:22:20", "elapsed": 52755.58078, "delta": 8.326728}}
{"target": -1.0, "params": {"Bgrad": 1.5043556728103542, "d1": -0.25062610433261145, "d2": -2.98741711814251, "d3": -1.2469878699160555, "d4": -2.5097865403545474, "p1": 26.33046678531537, "p2": 48.986981045093714, "p3": 24.963850548166906, "p4": 18.732498963676036, "pol1": 0.627679984789191, "pol2": 0.936402876489399, "pol3": -0.4257532449424093, "pol4": 0.6060000794930018, "v0s": 7.976848624179619}, "datetime": {"datetime": "2022-05-17 10:22:30", "elapsed": 52765.84034, "delta": 10.25956}}
{"target": -1.0, "params": {"Bgrad": 0.6677363596274117, "d1": -0.8758105816511117, "d2": 0.25410631794000116, "d3": -1.4948232653724074, "d4": -1.216901894901099, "p1": 37.54512798322833, "p2": 4.917318947421013, "p3": 18.026315249823043, "p4": 28.185312764322788, "pol1": -0.5228288081148325, "pol2": 0.6799075434440658, "pol3": 0.5317019845798787, "pol4": 0.9310851591846774, "v0s": 5.137928450082372}, "datetime": {"datetime": "2022-05-17 10:22:36", "elapsed": 52771.419417, "delta": 5.579077}}
{"target": -1.0, "params": {"Bgrad": 0.6597869869858897, "d1": 0.7464680922459479, "d2": 0.33694395798539656, "d3": -0.8223273559870496, "d4": 0.3452091095416163, "p1": 44.08454596769712, "p2": 38.80405686834488, "p3": 28.56269885212087, "p4": 30.764936073304117, "pol1": 0.6887813652867174, "pol2": 0.24443327262786751, "pol3": -0.5870400816247368, "pol4": 0.38297684710793956, "v0s": 5.19208250046429}, "datetime": {"datetime": "2022-05-17 10:22:41", "elapsed": 52776.821968, "delta": 5.402551}}
{"target": -1.0, "params": {"Bgrad": 0.8948705883502843, "d1": -2.9968538338814543, "d2": -2.0580089548003455, "d3": -0.3057332080958721, "d4": 0.5132807987237791, "p1": 41.53512846202839, "p2": 5.40536927942552, "p3": 3.5562489761419123, "p4": 38.07961559395026, "pol1": -0.43033325576338655, "pol2": -0.4563938950067574, "pol3": -0.9959993987831366, "pol4": -0.8029219787188939, "v0s": 2.8135822843541187}, "datetime": {"datetime": "2022-05-17 10:22:52", "elapsed": 52787.339837, "delta": 10.517869}}
{"target": -1.0, "params": {"Bgrad": 0.7390403093437948, "d1": -1.218745589538539, "d2": 0.25654325889528096, "d3": 0.24919246147379015, "d4": 0.6399584867297925, "p1": 22.179601931016684, "p2": 35.435525397250665, "p3": 24.416705906022436, "p4": 2.4921279067260493, "pol1": -0.8391371320609058, "pol2": -0.5081153295677219, "pol3": 0.9632434572460333, "pol4": 0.38383445855356957, "v0s": 3.6080454911439226}, "datetime": {"datetime": "2022-05-17 10:23:02", "elapsed": 52797.87466, "delta": 10.534823}}
{"target": 2.5746561757988773, "params": {"Bgrad": 1.5593948668269744, "d1": -0.35461546247372144, "d2": -2.82683935650437, "d3": -1.5540496614330483, "d4": 0.09491193360917505, "p1": 3.926145741705178, "p2": 44.21920583879358, "p3": 46.54341481272791, "p4": 42.65427561949449, "pol1": -0.765244791798104, "pol2": 0.13034696340382368, "pol3": 0.4151198956644464, "pol4": 0.7759601798803517, "v0s": 2.5746561757988773}, "datetime": {"datetime": "2022-05-17 10:23:07", "elapsed": 52803.15753, "delta": 5.28287}}
{"target": -1.0, "params": {"Bgrad": 1.7236558768239925, "d1": -1.8879346733248719, "d2": -0.6308504569363449, "d3": -0.12081716250432128, "d4": 0.10807659744167042, "p1": 14.733242449943473, "p2": 30.368826947443743, "p3": 14.373643710116523, "p4": 49.91583751422348, "pol1": 0.6290112158847014, "pol2": -0.17204416746126516, "pol3": 0.7582843713284717, "pol4": 0.46500223021690745, "v0s": 7.572481584366536}, "datetime": {"datetime": "2022-05-17 10:23:18", "elapsed": 52813.387172, "delta": 10.229642}}
{"target": -1.0, "params": {"Bgrad": 0.7574160413703863, "d1": -1.8206599803165036, "d2": -2.625053295701431, "d3": -1.7280758732851491, "d4": -1.475245545013848, "p1": 31.635626980937676, "p2": 23.575996917429137, "p3": 35.88344903885235, "p4": 13.461176675085722, "pol1": -0.6538865616356311, "pol2": -0.2417547944492695, "pol3": -0.1238371251442909, "pol4": -0.15574686436833285, "v0s": 7.481418119969151}, "datetime": {"datetime": "2022-05-17 10:23:24", "elapsed": 52819.805005, "delta": 6.417833}}
{"target": -1.0, "params": {"Bgrad": 0.9043505275204314, "d1": -1.5918263892193725, "d2": -2.139161359346692, "d3": -1.5123079543829085, "d4": -1.440578436675564, "p1": 28.771352855593722, "p2": 13.918248931122152, "p3": 12.974615425392406, "p4": 35.953069752826195, "pol1": 0.820357415145089, "pol2": -0.7558063608731169, "pol3": -0.6354220585000303, "pol4": -0.7337807102481937, "v0s": 6.101646096826983}, "datetime": {"datetime": "2022-05-17 10:23:33", "elapsed": 52828.713178, "delta": 8.908173}}
{"target": -1.0, "params": {"Bgrad": 0.8210146590614904, "d1": -0.5817135867745051, "d2": -2.193285060788068, "d3": 0.271028774772498, "d4": -1.7355714709672077, "p1": 33.480838234293806, "p2": 7.436678140128045, "p3": 15.297272354308022, "p4": 14.86207226508382, "pol1": 0.2701598650900978, "pol2": 0.3617610542466734, "pol3": 0.6904972930076474, "pol4": -0.6333061864621534, "v0s": 6.562578585838631}, "datetime": {"datetime": "2022-05-17 10:23:40", "elapsed": 52836.02961, "delta": 7.316432}}
{"target": -1.0, "params": {"Bgrad": 1.5679091034190393, "d1": -0.76982434369011, "d2": -0.3993480547372621, "d3": -2.640019587869211, "d4": -2.4124967371097146, "p1": 20.778586035831793, "p2": 35.568534415051246, "p3": 8.391058181179718, "p4": 19.44895696121542, "pol1": -0.004108092225147741, "pol2": 0.8700914538264173, "pol3": -0.8896075026909889, "pol4": 0.658014981897193, "v0s": 7.904959075392707}, "datetime": {"datetime": "2022-05-17 10:23:50", "elapsed": 52845.243965, "delta": 9.214355}}
{"target": -1.0, "params": {"Bgrad": 0.9009089202798333, "d1": 0.5602292150963653, "d2": -1.8387994448983633, "d3": 0.196029992786527, "d4": -1.160570528003055, "p1": 29.880432443843503, "p2": 11.83336883825512, "p3": 34.38074810804075, "p4": 7.43424330566152, "pol1": 0.11937299800354584, "pol2": -0.011342138911973887, "pol3": 0.6744119918988394, "pol4": -0.03706296925253394, "v0s": 6.708385759920375}, "datetime": {"datetime": "2022-05-17 10:24:00", "elapsed": 52855.238234, "delta": 9.994269}}
{"target": 4.797283854878489, "params": {"Bgrad": 1.1004414601036636, "d1": -1.7683762662763791, "d2": 0.14890854551042843, "d3": -1.3261429443543005, "d4": -1.01293575514666, "p1": 28.866126566216447, "p2": 40.983286894466424, "p3": 29.065998731335966, "p4": 20.307145134040493, "pol1": -0.6788263429815145, "pol2": 0.4042226098282178, "pol3": 0.7664656433036694, "pol4": -0.7832422241916956, "v0s": 4.797283854878489}, "datetime": {"datetime": "2022-05-17 10:24:06", "elapsed": 52862.12282, "delta": 6.884586}}
{"target": -1.0, "params": {"Bgrad": 1.9018032577685524, "d1": -0.7459633300993169, "d2": -0.8189859435718789, "d3": -2.7460978004874286, "d4": -0.8587992814846501, "p1": 32.7270651909969, "p2": 7.329592281657227, "p3": 47.81823638234233, "p4": 9.807539597167136, "pol1": 0.34785198711588405, "pol2": -0.45131769318360093, "pol3": -0.7831383323362509, "pol4": -0.4781983926102351, "v0s": 4.004911001108448}, "datetime": {"datetime": "2022-05-17 10:24:17", "elapsed": 52872.448203, "delta": 10.325383}}
{"target": -1.0, "params": {"Bgrad": 1.1970978158465342, "d1": -2.0625742263940507, "d2": -0.08998445336556893, "d3": 0.22876440809603604, "d4": 0.16390238418779735, "p1": 35.78742741956168, "p2": 13.482162308051132, "p3": 10.522889552033787, "p4": 5.456416412070747, "pol1": -0.20663779719449415, "pol2": -0.8254667196479344, "pol3": 0.31077931296495054, "pol4": 0.8996578287248367, "v0s": 6.533799683474912}, "datetime": {"datetime": "2022-05-17 10:24:27", "elapsed": 52882.36867, "delta": 9.920467}}
{"target": -1.0, "params": {"Bgrad": 0.6753375906475887, "d1": -2.918075005126392, "d2": -1.6604446808546127, "d3": 0.971504627036146, "d4": -1.7486730080919948, "p1": 36.875389939706416, "p2": 35.82646882956965, "p3": 28.627879884764063, "p4": 18.38230288348185, "pol1": -0.5834686119398238, "pol2": 0.9599984328872715, "pol3": -0.8682124599897489, "pol4": -0.5275444961258, "v0s": 3.8533968230607}, "datetime": {"datetime": "2022-05-17 10:24:35", "elapsed": 52890.334365, "delta": 7.965695}}
{"target": 2.528290506856112, "params": {"Bgrad": 1.864255030223458, "d1": -0.14652294792360676, "d2": -1.9385125990479493, "d3": -2.341994788245348, "d4": 0.5219896541061249, "p1": 39.689156621591984, "p2": 1.9193715988202187, "p3": 43.96504217982923, "p4": 29.396987260523055, "pol1": -0.08492560602725585, "pol2": 0.3477037537665124, "pol3": -0.9211144029292249, "pol4": -0.3393575930606769, "v0s": 2.528290506856112}, "datetime": {"datetime": "2022-05-17 10:24:36", "elapsed": 52892.13455, "delta": 1.800185}}
{"target": -1.0, "params": {"Bgrad": 1.5254561971715754, "d1": -1.4079531391348108, "d2": -1.0841836329042365, "d3": -1.8407866432305116, "d4": 0.15317808044930148, "p1": 2.325634113387581, "p2": 14.056282318192913, "p3": 29.5297930879439, "p4": 39.50667512172695, "pol1": 0.2031986718239085, "pol2": 0.46097733730727075, "pol3": -0.9529441702443437, "pol4": -0.49015282138291405, "v0s": 2.252550559054237}, "datetime": {"datetime": "2022-05-17 10:24:39", "elapsed": 52895.124553, "delta": 2.990003}}
{"target": -1.0, "params": {"Bgrad": 1.2500185977031837, "d1": 0.9565611845630939, "d2": -2.9458779675791242, "d3": -1.236483846650978, "d4": -2.980854327576462, "p1": 30.644430966467347, "p2": 9.167936306403485, "p3": 35.637089189526414, "p4": 7.982425598647397, "pol1": 0.6571513104607203, "pol2": -0.5876436725315368, "pol3": -0.2955674523360985, "pol4": -0.5388430561534618, "v0s": 6.846106954709878}, "datetime": {"datetime": "2022-05-17 10:24:51", "elapsed": 52906.376458, "delta": 11.251905}}
{"target": -1.0, "params": {"Bgrad": 1.2354049333845596, "d1": 0.49533402354649647, "d2": -2.4796561092075824, "d3": -1.0041675585398475, "d4": 0.10645453592833576, "p1": 49.06050843955683, "p2": 33.66888650972706, "p3": 9.150058989347688, "p4": 37.98864777740013, "pol1": -0.8507295697542778, "pol2": 0.52554492744156, "pol3": 0.6556304618439444, "pol4": 0.11841943222365403, "v0s": 4.956324978849367}, "datetime": {"datetime": "2022-05-17 10:25:02", "elapsed": 52917.959478, "delta": 11.58302}}
{"target": -1.0, "params": {"Bgrad": 1.9047911340154156, "d1": -2.999612197249301, "d2": -2.9617324224859574, "d3": -1.9921943074182393, "d4": -0.9772941469655274, "p1": 27.02083252480449, "p2": 18.564621201235326, "p3": 14.635568759759337, "p4": 10.118367323697242, "pol1": 0.6005637887922484, "pol2": -0.3681541908361152, "pol3": -0.015064028905761973, "pol4": 0.6225817834080067, "v0s": 5.674153654760691}, "datetime": {"datetime": "2022-05-17 10:25:11", "elapsed": 52926.956414, "delta": 8.996936}}
{"target": -1.0, "params": {"Bgrad": 1.1129127442656874, "d1": -2.29238311055829, "d2": -1.4093916406115996, "d3": -1.059149385079527, "d4": 0.9623383702564197, "p1": 14.209753796029279, "p2": 8.281983823961593, "p3": 11.028775675772206, "p4": 10.573367217842645, "pol1": -0.8479046188504769, "pol2": -0.2701846031530928, "pol3": -0.43053195041871506, "pol4": 0.7751775842867614, "v0s": 6.681557659738514}, "datetime": {"datetime": "2022-05-17 10:25:22", "elapsed": 52937.657792, "delta": 10.701378}}
{"target": -1.0, "params": {"Bgrad": 0.6635974352710186, "d1": 0.4020139814696373, "d2": -2.5616055723633737, "d3": -0.11916901289902215, "d4": -0.7087028083156066, "p1": 4.3404192133739805, "p2": 45.26640180386834, "p3": 43.72832574426882, "p4": 42.192586568096345, "pol1": -0.2608652897653698, "pol2": -0.5540971752490929, "pol3": 0.9942233097175925, "pol4": 0.634676730959008, "v0s": 2.252768963768638}, "datetime": {"datetime": "2022-05-17 10:25:33", "elapsed": 52948.651389, "delta": 10.993597}}
{"target": -1.0, "params": {"Bgrad": 1.0599168167972424, "d1": 0.24874790299593874, "d2": -0.8864612131084817, "d3": -2.011476697599486, "d4": 0.17155172178997402, "p1": 13.08755219722338, "p2": 0.01991900273758951, "p3": 11.565945947786627, "p4": 49.66851444812404, "pol1": 0.3124016686842124, "pol2": -0.5586637558256526, "pol3": 0.3722794039574897, "pol4": 0.3738737964436376, "v0s": 5.844456619621148}, "datetime": {"datetime": "2022-05-17 10:25:42", "elapsed": 52957.549589, "delta": 8.8982}}
{"target": -1.0, "params": {"Bgrad": 0.6058227750828147, "d1": -2.0281435320428116, "d2": 0.483348771307754, "d3": -0.061036722793913256, "d4": -2.3287359760636663, "p1": 14.929473063827297, "p2": 28.136101436782347, "p3": 41.322288301141455, "p4": 10.02581531822534, "pol1": -0.7966694126930223, "pol2": -0.23626222081870218, "pol3": 0.8247069385055179, "pol4": -0.47897296148515145, "v0s": 2.6498261162784815}, "datetime": {"datetime": "2022-05-17 10:25:51", "elapsed": 52967.156893, "delta": 9.607304}}
{"target": -1.0, "params": {"Bgrad": 0.5839144479136739, "d1": -1.5933177765197728, "d2": -2.8494922189259095, "d3": -0.6678643150782202, "d4": -0.3097727587188195, "p1": 23.024179499236908, "p2": 37.055842686226434, "p3": 25.051248220704093, "p4": 35.1176310418081, "pol1": -0.538718188154065, "pol2": 0.4892248189229329, "pol3": 0.003274404010799259, "pol4": 0.41073765981805543, "v0s": 4.680186741898336}, "datetime": {"datetime": "2022-05-17 10:25:57", "elapsed": 52972.486639, "delta": 5.329746}}
{"target": -1.0, "params": {"Bgrad": 1.2589109143630721, "d1": -2.8338592680857064, "d2": -1.0427628375829414, "d3": -2.430849991210702, "d4": -2.4300166120618174, "p1": 21.667520127977248, "p2": 28.81073949129537, "p3": 17.152434759577602, "p4": 8.024579513210405, "pol1": 0.48282083395990294, "pol2": 0.9261831455658722, "pol3": 0.46728457190101125, "pol4": -0.8458715370051471, "v0s": 7.04544894875141}, "datetime": {"datetime": "2022-05-17 10:26:07", "elapsed": 52982.83895, "delta": 10.352311}}
{"target": 3.8500699163111967, "params": {"Bgrad": 0.6012710756200546, "d1": -1.2547518056030045, "d2": 0.715451197285117, "d3": -1.9472795854538218, "d4": -2.4881873124288187, "p1": 38.11193860304008, "p2": 46.43040606995656, "p3": 16.288421035215883, "p4": 11.622904892266828, "pol1": -0.6350290471765738, "pol2": 0.9264710453281477, "pol3": 0.1532692693005493, "pol4": 0.7201755438205684, "v0s": 3.8500699163111967}, "datetime": {"datetime": "2022-05-17 10:26:11", "elapsed": 52986.793373, "delta": 3.954423}}
