{"target": -1.0, "params": {"Bgrad": 1.5790004491268839, "d1": -2.9706670317705988, "d2": 0.3588295653456339, "d3": -1.6656923188697972, "d4": -1.0994355652223113, "p1": 26.072456158220405, "p2": 36.96233287664234, "p3": 23.77884115211037, "p4": 5.7052072865894585, "pol1": -0.6204738026280583, "pol2": -0.7099922360104043, "pol3": -0.01865303858488998, "pol4": -0.43801292581586737, "v0s": 2.4440117904633194}, "datetime": {"datetime": "2022-04-29 13:35:57", "elapsed": 79470.15814, "delta": 15.196368}}
{"target": -1.0, "params": {"Bgrad": 1.1947150668065443, "d1": -0.3975891163280698, "d2": 0.5698272349120548, "d3": -2.004647885438381, "d4": -1.148893772833444, "p1": 21.271300948399528, "p2": 24.622985522868014, "p3": 12.456100059787827, "p4": 36.51197231579427, "pol1": 0.0437428949801566, "pol2": 0.9401290597599754, "pol3": 0.23979153586313773, "pol4": -0.6181676785244625, "v0s": 5.790744720996643}, "datetime": {"datetime": "2022-04-29 13:36:20", "elapsed": 79492.759707, "delta": 22.601567}}
{"target": -1.0, "params": {"Bgrad": 1.6116135055042373, "d1": -0.5363987578431524, "d2": -2.9216095443541104, "d3": -1.303340696583235, "d4": -2.122343127459708, "p1": 6.683187353325831, "p2": 34.918280443185715, "p3": 36.27312543721263, "p4": 17.65652022129639, "pol1": 0.5423020885013154, "pol2": 0.027720424911986674, "pol3": -0.5657735419629153, "pol4": -0.4545181558664091, "v0s": 3.9282618439828108}, "datetime": {"datetime": "2022-04-29 13:36:40", "elapsed": 79512.699392, "delta": 19.939685}}
{"target": -1.0, "params": {"Bgrad": 1.5515542472642274, "d1": -2.1561425236824974, "d2": -2.980681183195444, "d3": -2.095823854192957, "d4": -1.1788957759908114, "p1": 31.882678934550977, "p2": 20.08650492202273, "p3": 13.964271312213722, "p4": 1.4786496364412482, "pol1": 0.7317598587090504, "pol2": 0.4377808344021854, "pol3": 0.7704743964495921, "pol4": -0.1015423295811666, "v0s": 4.226929588639}, "datetime": {"datetime": "2022-04-29 13:36:56", "elapsed": 79528.890101, "delta": 16.190709}}
{"target": -1.0, "params": {"Bgrad": 0.7080121872664065, "d1": 0.05192290926136023, "d2": -0.2340453132491911, "d3": -0.5367625243703955, "d4": 0.4445006922857133, "p1": 19.7287542294484, "p2": 20.322283749477464, "p3": 17.124622695638198, "p4": 13.031005621244473, "pol1": -0.8921204252453221, "pol2": -0.3522114588828362, "pol3": -0.20857928225984668, "pol4": -0.9764951802160622, "v0s": 2.736115142980497}, "datetime": {"datetime": "2022-04-29 13:37:06", "elapsed": 79539.135706, "delta": 10.245605}}
{"target": -1.0, "params": {"Bgrad": 1.7799520514142233, "d1": -2.6582605442001297, "d2": 0.6284140677057222, "d3": -1.6087818861548953, "d4": -1.582075055509181, "p1": 7.143635917808738, "p2": 36.250112676378116, "p3": 34.37413076307394, "p4": 35.64249228201696, "pol1": 0.18072497191522352, "pol2": 0.7187528381762613, "pol3": -0.1791697860319732, "pol4": -0.037695624045739784, "v0s": 2.3173946772027483}, "datetime": {"datetime": "2022-04-29 13:37:22", "elapsed": 79555.468037, "delta": 16.332331}}
{"target": -1.0, "params": {"Bgrad": 0.9782120153238216, "d1": -1.0059548153019007, "d2": 0.8087227692080226, "d3": -0.8889488614254359, "d4": -0.3773942635947245, "p1": 36.29257340156737, "p2": 9.626550319982213, "p3": 23.565682256373844, "p4": 49.07216414688959, "pol1": -0.5375951719032033, "pol2": 0.5062146990820167, "pol3": 0.42013973695510387, "pol4": -0.3397879136843438, "v0s": 5.899884116906034}, "datetime": {"datetime": "2022-04-29 13:37:34", "elapsed": 79566.994218, "delta": 11.526181}}
{"target": -1.0, "params": {"Bgrad": 1.4789544723280004, "d1": -1.7339941819780713, "d2": -1.4128019431722527, "d3": -0.4449057656667339, "d4": 0.039272813405554, "p1": 4.49323571800635, "p2": 7.582497984351772, "p3": 21.939615049052303, "p4": 17.592661152464967, "pol1": 0.39182900208404314, "pol2": 0.6591193116095937, "pol3": -0.40196257230996646, "pol4": 0.595408583876121, "v0s": 4.602598532518002}, "datetime": {"datetime": "2022-04-29 13:37:53", "elapsed": 79585.62939, "delta": 18.635172}}
{"target": -1.0, "params": {"Bgrad": 1.6533328651148982, "d1": 0.880188641866527, "d2": 0.4785929673932481, "d3": 0.6402960757085672, "d4": 0.41096640226075065, "p1": 4.251172803005887, "p2": 3.2093857604639284, "p3": 42.15976916984478, "p4": 46.93651786615399, "pol1": -0.7732162322779048, "pol2": -0.5838283170798033, "pol3": -0.4379024478126763, "pol4": 0.7570809745202112, "v0s": 3.839639136627417}, "datetime": {"datetime": "2022-04-29 13:38:11", "elapsed": 79603.716031, "delta": 18.086641}}
{"target": -1.0, "params": {"Bgrad": 0.9943007209042735, "d1": -1.6615706479517591, "d2": -0.658270222137312, "d3": 0.29743719912503863, "d4": -2.253026177433299, "p1": 47.33971705621683, "p2": 33.71704125647963, "p3": 38.875071587962665, "p4": 4.883939868998727, "pol1": 0.8359464878786811, "pol2": -0.4898338122491961, "pol3": -0.43983072038888404, "pol4": 0.601990041966592, "v0s": 4.109953130111427}, "datetime": {"datetime": "2022-04-29 13:38:30", "elapsed": 79623.110174, "delta": 19.394143}}
{"target": -1.0, "params": {"Bgrad": 1.886454147542658, "d1": -0.6752790113698128, "d2": 0.3194279777436515, "d3": 0.10877955947383766, "d4": -0.19839701306932112, "p1": 2.9548758750884305, "p2": 31.752035135636845, "p3": 17.83912994571024, "p4": 11.295535500020943, "pol1": 0.5598805310494597, "pol2": 0.33595947820639016, "pol3": 0.06615621067595168, "pol4": -0.2966478495937457, "v0s": 3.8582283356112765}, "datetime": {"datetime": "2022-04-29 13:38:52", "elapsed": 79645.304829, "delta": 22.194655}}
{"target": -1.0, "params": {"Bgrad": 0.8469924565507263, "d1": -1.8462452236991278, "d2": -1.70065156780583, "d3": 0.5227757606766805, "d4": -0.8304386162849129, "p1": 31.866446182294617, "p2": 8.343609033647464, "p3": 8.323714082179556, "p4": 24.437916889799393, "pol1": 0.7683137353276877, "pol2": 0.04940059353020487, "pol3": 0.8450532641854427, "pol4": -0.8956135202885798, "v0s": 3.563709154196894}, "datetime": {"datetime": "2022-04-29 13:39:08", "elapsed": 79660.550066, "delta": 15.245237}}
{"target": -1.0, "params": {"Bgrad": 0.7730789356987973, "d1": -1.742024573216896, "d2": -2.48382962236548, "d3": -1.2812932118241274, "d4": 0.48254220610440957, "p1": 2.5177914955162697, "p2": 43.77165349766953, "p3": 46.25222361089564, "p4": 42.21766356983221, "pol1": -0.7338695247355382, "pol2": 0.18425295567544286, "pol3": -0.44513981073634756, "pol4": -0.6509475883537619, "v0s": 3.1334373620543214}, "datetime": {"datetime": "2022-04-29 13:39:20", "elapsed": 79673.282024, "delta": 12.731958}}
{"target": -1.0, "params": {"Bgrad": 1.397905941463329, "d1": 0.15185278004964253, "d2": -0.8574138816798196, "d3": -0.5514951998494273, "d4": -2.211767967967082, "p1": 3.254184857705933, "p2": 46.69631787991849, "p3": 11.36722109116648, "p4": 20.626183381495533, "pol1": -0.14362521728295463, "pol2": 0.5507375008764126, "pol3": -0.6739921907808681, "pol4": -0.7163139209406724, "v0s": 4.072915158416189}, "datetime": {"datetime": "2022-04-29 13:39:40", "elapsed": 79693.399234, "delta": 20.11721}}
{"target": -1.0, "params": {"Bgrad": 1.4743904016190768, "d1": 0.08252191886448257, "d2": -0.6556956866157551, "d3": 0.1940293384604117, "d4": 0.1293813361070857, "p1": 0.8847216721606377, "p2": 29.932828976215603, "p3": 28.7581390285247, "p4": 29.511334311685328, "pol1": -0.8293135362440511, "pol2": -0.7096682436199633, "pol3": -0.09275278796460018, "pol4": 0.3839618724963758, "v0s": 2.5608489653603517}, "datetime": {"datetime": "2022-04-29 13:39:59", "elapsed": 79711.918716, "delta": 18.519482}}
{"target": -1.0, "params": {"Bgrad": 0.5306267863853003, "d1": -0.5391741065542273, "d2": -1.858910887676859, "d3": -0.3456555102942622, "d4": -0.7453942821585899, "p1": 5.161606176487416, "p2": 44.006660131076956, "p3": 46.56139818029262, "p4": 42.84057544349014, "pol1": 0.4956803097694551, "pol2": 0.5778028123529484, "pol3": 0.16842036132296778, "pol4": 0.5306460011796144, "v0s": 3.3448243918153513}, "datetime": {"datetime": "2022-04-29 13:40:08", "elapsed": 79721.013398, "delta": 9.094682}}
{"target": -1.0, "params": {"Bgrad": 1.0390836388793452, "d1": 0.16453576095277533, "d2": 0.03096290693227388, "d3": -1.4839628788450065, "d4": -0.239533780522037, "p1": 42.99692236210238, "p2": 5.716634416629457, "p3": 46.59572894131441, "p4": 30.84122022489041, "pol1": -0.8045493090608631, "pol2": 0.11756447756212784, "pol3": 0.9607894380040987, "pol4": 0.16653997905383666, "v0s": 5.574543682622609}, "datetime": {"datetime": "2022-04-29 13:40:23", "elapsed": 79735.753985, "delta": 14.740587}}
{"target": -1.0, "params": {"Bgrad": 0.875491462191939, "d1": 0.8748685593488443, "d2": -0.11163602662739214, "d3": -1.2649112721500777, "d4": -2.800194791105335, "p1": 41.50585919669464, "p2": 43.64930089349782, "p3": 31.500266253786435, "p4": 33.49274529705776, "pol1": 0.8905684324025549, "pol2": 0.28105950555032, "pol3": -0.09495771332980407, "pol4": -0.6280393743727943, "v0s": 4.361795459614862}, "datetime": {"datetime": "2022-04-29 13:40:38", "elapsed": 79751.019168, "delta": 15.265183}}
{"target": -1.0, "params": {"Bgrad": 1.8390322372308303, "d1": -2.5954602927452006, "d2": 0.7675346349340764, "d3": 0.029836690070540683, "d4": -0.42486711141227884, "p1": 30.27985807129924, "p2": 45.010305117503776, "p3": 25.373271538050552, "p4": 25.232097549355775, "pol1": 0.06529580382348432, "pol2": 0.28915618592809, "pol3": -0.35378528869969705, "pol4": 0.22924573609223642, "v0s": 2.617534577250078}, "datetime": {"datetime": "2022-04-29 13:40:50", "elapsed": 79762.923339, "delta": 11.904171}}
{"target": 4.112246042109076, "params": {"Bgrad": 1.372290023264268, "d1": -2.8771157112836336, "d2": -1.5535478164968548, "d3": -2.0564584601951807, "d4": -1.7144086084191492, "p1": 9.08484860189193, "p2": 4.948598435134926, "p3": 27.013700380898037, "p4": 10.810436811081702, "pol1": 0.09404337465719999, "pol2": -0.14157113437178537, "pol3": -0.596170790357682, "pol4": 0.5257969639580697, "v0s": 4.112246042109076}, "datetime": {"datetime": "2022-04-29 13:41:02", "elapsed": 79774.669931, "delta": 11.746592}}
{"target": -1.0, "params": {"Bgrad": 1.196409224954141, "d1": -1.43092731816669, "d2": -1.5955472803943498, "d3": -0.5904841759313428, "d4": -0.3697730640922572, "p1": 46.23021324218134, "p2": 44.09452911541534, "p3": 49.59078714927554, "p4": 31.054734252522447, "pol1": -0.4077368268738686, "pol2": -0.409234432962982, "pol3": -0.957609910449629, "pol4": -0.6398838574078263, "v0s": 2.4223188351568785}, "datetime": {"datetime": "2022-04-29 13:41:13", "elapsed": 79786.071445, "delta": 11.401514}}
{"target": -1.0, "params": {"Bgrad": 1.5794717493770059, "d1": -1.7010608966760512, "d2": -1.639402822223313, "d3": 0.9177925748172981, "d4": -1.9656618123174665, "p1": 45.815248121361826, "p2": 30.2914251858074, "p3": 46.073390759469085, "p4": 17.249201460224523, "pol1": -0.9969280788498236, "pol2": -0.0895536714402041, "pol3": -0.3961728167868397, "pol4": 0.41086627559450384, "v0s": 3.36088749429335}, "datetime": {"datetime": "2022-04-29 13:41:37", "elapsed": 79809.875797, "delta": 23.804352}}
{"target": -1.0, "params": {"Bgrad": 1.3450292786954183, "d1": 0.4030797992925095, "d2": 0.33226491679226244, "d3": -2.0443063014833975, "d4": -2.252025054236785, "p1": 45.0227493344697, "p2": 27.39795536520691, "p3": 27.592485230880513, "p4": 48.12905230324349, "pol1": 0.9696918262355056, "pol2": 0.7479921615079599, "pol3": 0.4890605457049353, "pol4": -0.1600587660402084, "v0s": 2.367338411347544}, "datetime": {"datetime": "2022-04-29 13:41:54", "elapsed": 79827.509647, "delta": 17.63385}}
{"target": -1.0, "params": {"Bgrad": 0.9748200648946452, "d1": -2.2210970305009026, "d2": 0.1781555776417001, "d3": -1.1970594550774538, "d4": -0.22374851872381019, "p1": 13.654619350636432, "p2": 28.757686422738125, "p3": 16.90593506098661, "p4": 2.454837930304593, "pol1": 0.764708370799736, "pol2": -0.4308589458027299, "pol3": -0.2250136184870053, "pol4": 0.078594273338213, "v0s": 3.84342812224485}, "datetime": {"datetime": "2022-04-29 13:42:05", "elapsed": 79837.64754, "delta": 10.137893}}
{"target": -1.0, "params": {"Bgrad": 0.5610708831924076, "d1": -0.37847141390197736, "d2": -1.4094952187596657, "d3": -2.6083096366829066, "d4": -0.9215249948091886, "p1": 13.402807985081322, "p2": 29.636132116084752, "p3": 18.11461065805239, "p4": 3.507879602427011, "pol1": -0.9834296353913827, "pol2": 0.5092788626701636, "pol3": 0.26141453307444973, "pol4": -0.3260791062701096, "v0s": 2.4702894142478673}, "datetime": {"datetime": "2022-04-29 13:42:15", "elapsed": 79848.068676, "delta": 10.421136}}
{"target": -1.0, "params": {"Bgrad": 1.9501256187325144, "d1": -0.20958573401158365, "d2": -0.6718926483588441, "d3": -2.970322408122604, "d4": -0.38652280032877817, "p1": 12.385186395886066, "p2": 20.446445391051665, "p3": 33.87711693629954, "p4": 33.96459538978005, "pol1": 0.08813671565763581, "pol2": 0.2546482323529371, "pol3": 0.0030442067275266993, "pol4": -0.608877432343661, "v0s": 4.3008676729271915}, "datetime": {"datetime": "2022-04-29 13:42:35", "elapsed": 79867.943534, "delta": 19.874858}}
{"target": -1.0, "params": {"Bgrad": 1.6796356998125166, "d1": -1.4264487709990976, "d2": -2.3964679214228237, "d3": -1.7252442357532058, "d4": -0.0528640234604989, "p1": 10.55092755238296, "p2": 23.7636611812803, "p3": 41.34035439367036, "p4": 17.644129922857548, "pol1": 0.47702866991573845, "pol2": 0.8910733450074126, "pol3": 0.2307645085189658, "pol4": -0.43534199969578236, "v0s": 5.076042268146759}, "datetime": {"datetime": "2022-04-29 13:42:54", "elapsed": 79886.982627, "delta": 19.039093}}
{"target": -1.0, "params": {"Bgrad": 1.1911553947055986, "d1": -1.6422693947090181, "d2": -1.2865946396470318, "d3": -0.2579089328835815, "d4": -0.380680554051553, "p1": 17.794246634846004, "p2": 14.178973203192607, "p3": 29.839543533908625, "p4": 33.968115546927386, "pol1": 0.3413308037438343, "pol2": 0.7525090960510781, "pol3": 0.9207993744956191, "pol4": 0.3393105621475754, "v0s": 6.247645565127902}, "datetime": {"datetime": "2022-04-29 13:43:13", "elapsed": 79905.962878, "delta": 18.980251}}
{"target": -1.0, "params": {"Bgrad": 0.8354123283659858, "d1": -0.71227381967257, "d2": 0.9463936711415646, "d3": -1.5156585200607169, "d4": 0.8295705082029898, "p1": 39.89327150400007, "p2": 33.093622038598966, "p3": 18.73434585670423, "p4": 6.52119774842626, "pol1": -0.5847572982311655, "pol2": -0.4998542184919863, "pol3": 0.6029561400893706, "pol4": 0.3662234929882602, "v0s": 2.543568407550027}, "datetime": {"datetime": "2022-04-29 13:43:28", "elapsed": 79920.919885, "delta": 14.957007}}
{"target": -1.0, "params": {"Bgrad": 1.1479614506166755, "d1": -2.1351928223014434, "d2": 0.05479892776545725, "d3": -2.2418263789252184, "d4": -0.6613216145850358, "p1": 10.451009850126708, "p2": 21.720145288926577, "p3": 34.92523080937993, "p4": 34.077602693866396, "pol1": 0.021731700951878263, "pol2": -0.5403895129025589, "pol3": -0.20902534538797712, "pol4": 0.643734374318977, "v0s": 3.1932996762421313}, "datetime": {"datetime": "2022-04-29 13:43:44", "elapsed": 79936.747564, "delta": 15.827679}}
{"target": -1.0, "params": {"Bgrad": 1.352432802444294, "d1": -0.395668102094874, "d2": -2.563555056938273, "d3": -2.5577003644097216, "d4": -0.7147647514413547, "p1": 39.999315527100215, "p2": 11.74631645123082, "p3": 23.341161475469967, "p4": 24.45705497341756, "pol1": -0.5660051577726404, "pol2": -0.21636328044247222, "pol3": 0.6128436150678398, "pol4": -0.2635937061672966, "v0s": 3.1623919849369075}, "datetime": {"datetime": "2022-04-29 13:43:54", "elapsed": 79947.386119, "delta": 10.638555}}
{"target": 3.8204350519586954, "params": {"Bgrad": 1.3412435511367886, "d1": -2.0869563305613408, "d2": 0.17861727458304374, "d3": -0.7824128581546131, "d4": -0.1323920629817405, "p1": 35.55180138644713, "p2": 38.92959555941587, "p3": 23.32235091940135, "p4": 20.314976387127505, "pol1": 0.4354836806983723, "pol2": 0.20334787696720072, "pol3": -0.42113167656611583, "pol4": -0.034979459786601004, "v0s": 3.8204350519586954}, "datetime": {"datetime": "2022-04-29 13:44:04", "elapsed": 79957.246753, "delta": 9.860634}}
{"target": 5.456611256142711, "params": {"Bgrad": 1.8678819566487506, "d1": -2.4831651912328883, "d2": 0.22027400515282158, "d3": -1.537551712230913, "d4": -0.1059722179496494, "p1": 15.958747240203314, "p2": 15.090918894030919, "p3": 30.51746799522281, "p4": 35.21418937879798, "pol1": 0.0025263542727174126, "pol2": -0.20494102488187282, "pol3": 0.9858144908571451, "pol4": 0.290901353882868, "v0s": 5.456611256142711}, "datetime": {"datetime": "2022-04-29 13:44:18", "elapsed": 79970.620993, "delta": 13.37424}}
{"target": -1.0, "params": {"Bgrad": 0.7167084664004685, "d1": -0.8792310481846317, "d2": -2.0083912333594625, "d3": 0.6327356391146632, "d4": -0.0589990362689381, "p1": 21.20855128526581, "p2": 30.967088775296673, "p3": 9.871804982682397, "p4": 25.765522311131626, "pol1": 0.3438651956411529, "pol2": 0.8944399908147396, "pol3": 0.6414679727999517, "pol4": 0.3266331352118872, "v0s": 2.485310621586809}, "datetime": {"datetime": "2022-04-29 13:44:37", "elapsed": 79990.235548, "delta": 19.614555}}
{"target": -1.0, "params": {"Bgrad": 0.5643385341632102, "d1": -1.3283707649947978, "d2": 0.8675597284146823, "d3": -2.675162720769899, "d4": -1.116022909321965, "p1": 6.452672393864345, "p2": 38.40028850595109, "p3": 34.03255492492735, "p4": 33.63165617547926, "pol1": 0.8598354132902108, "pol2": -0.35801653185157467, "pol3": 0.3528772431690361, "pol4": -0.1001293781421011, "v0s": 3.204502150868713}, "datetime": {"datetime": "2022-04-29 13:44:48", "elapsed": 80001.371772, "delta": 11.136224}}
{"target": 3.3363834182314838, "params": {"Bgrad": 1.4796572266572177, "d1": 0.018546949761150445, "d2": -0.5812494467586979, "d3": -2.168467740407803, "d4": -2.082646697228151, "p1": 43.91822292676432, "p2": 27.311909845012213, "p3": 27.290426446054997, "p4": 47.4580537820209, "pol1": -0.9404513671569621, "pol2": 0.3338727939699535, "pol3": -0.44169356028437745, "pol4": -0.4860324892751948, "v0s": 3.3363834182314838}, "datetime": {"datetime": "2022-04-29 13:45:09", "elapsed": 80021.767238, "delta": 20.395466}}
{"target": -1.0, "params": {"Bgrad": 0.6281960811704563, "d1": -1.3851888319538639, "d2": 0.4402288222380042, "d3": -0.8101641639056103, "d4": -1.1878131607024116, "p1": 21.473012193316993, "p2": 28.51987492090789, "p3": 11.687589421606608, "p4": 35.2995340183954, "pol1": 0.7609867432792061, "pol2": -0.6258533460793867, "pol3": -0.21839490612594337, "pol4": -0.020159761647619012, "v0s": 6.142832615948243}, "datetime": {"datetime": "2022-04-29 13:45:19", "elapsed": 80031.8044, "delta": 10.037162}}
{"target": -1.0, "params": {"Bgrad": 1.7879537938127397, "d1": 0.20593961082503043, "d2": -0.6055422208534122, "d3": -1.1662368934656175, "d4": 0.4235977885031863, "p1": 21.2785599595411, "p2": 35.234765649800174, "p3": 37.20787325225707, "p4": 20.49317191455342, "pol1": -0.8897938732471249, "pol2": 0.6929985902791544, "pol3": -0.32289759993791356, "pol4": -0.3694641979600741, "v0s": 2.325662693124529}, "datetime": {"datetime": "2022-04-29 13:45:49", "elapsed": 80062.121338, "delta": 30.316938}}
{"target": -1.0, "params": {"Bgrad": 1.8154620855734356, "d1": -1.7520029260531031, "d2": -2.459696389120855, "d3": 0.9410610215625632, "d4": -0.2824885165988369, "p1": 3.710330925703592, "p2": 39.46416869287048, "p3": 20.528144990388164, "p4": 13.326999037996396, "pol1": -0.595448807732879, "pol2": 0.7787883804971383, "pol3": 0.560739547917517, "pol4": -0.613560082481899, "v0s": 2.666833528942494}, "datetime": {"datetime": "2022-04-29 13:46:06", "elapsed": 80078.696021, "delta": 16.574683}}
{"target": -1.0, "params": {"Bgrad": 1.1933421351058222, "d1": -0.8668413911551895, "d2": -0.21514453183174798, "d3": 0.6593745846998509, "d4": -0.8400765072126433, "p1": 15.03212515998895, "p2": 22.033368491402594, "p3": 23.93129381257928, "p4": 20.21071769296557, "pol1": -0.7601486612851465, "pol2": -0.41500049147895024, "pol3": 0.7137287354220421, "pol4": 0.6731608513681753, "v0s": 6.060723622295954}, "datetime": {"datetime": "2022-04-29 13:46:22", "elapsed": 80094.808938, "delta": 16.112917}}
{"target": -1.0, "params": {"Bgrad": 1.2446040999705081, "d1": -1.709125650824023, "d2": -2.1242735224838905, "d3": -1.3634320004062164, "d4": -2.1035571481950446, "p1": 16.322289354906644, "p2": 41.21989475365789, "p3": 2.318729254221341, "p4": 11.994274748811662, "pol1": -0.2539859206897108, "pol2": 0.5509016982984605, "pol3": -0.12713871919867126, "pol4": 0.3723906916456128, "v0s": 3.7193915883730684}, "datetime": {"datetime": "2022-04-29 13:46:37", "elapsed": 80110.220729, "delta": 15.411791}}
{"target": -1.0, "params": {"Bgrad": 1.0091365561883372, "d1": -1.7943126216251946, "d2": -0.4011414336156056, "d3": -2.450943507164523, "d4": -1.5400733769508252, "p1": 20.217790212394863, "p2": 24.465854953126826, "p3": 10.691005884733084, "p4": 35.853253208226086, "pol1": -0.3005368553252361, "pol2": 0.4926405992702745, "pol3": -0.7502403841903347, "pol4": 0.16649375322486826, "v0s": 5.585050204930295}, "datetime": {"datetime": "2022-04-29 13:46:53", "elapsed": 80126.027464, "delta": 15.806735}}
{"target": -1.0, "params": {"Bgrad": 1.6521078654361976, "d1": -2.3223440277274916, "d2": -2.046086010586537, "d3": -1.3562572363061198, "d4": -0.7736478279905636, "p1": 8.909422018352476, "p2": 5.056799558629111, "p3": 26.105988840295964, "p4": 10.985682451388834, "pol1": 0.34997797446079715, "pol2": -0.8253027984472121, "pol3": -0.8832356788685187, "pol4": -0.37066910423175714, "v0s": 3.13154097723118}, "datetime": {"datetime": "2022-04-29 13:47:11", "elapsed": 80144.296617, "delta": 18.269153}}
