{"target": 4.982106637061034, "params": {"Bgrad": 1.458968744930996, "d1": -2.6952228054635996, "d2": 1.0, "d3": -2.302870894974882, "d4": -0.3931413791368391, "p1": 27.713593648302346, "p2": 9.907693924598178, "p3": 10.350327822503138, "p4": 24.97075568341185, "pol1": 0.4499668877416536, "pol2": 0.3312736969253899, "pol3": 0.06399242540455614, "pol4": -0.8083016777990408, "v0s": 4.982106637061034}, "datetime": {"datetime": "2022-05-17 11:26:19", "elapsed": 56594.487145, "delta": 23.91005}}
{"target": 5.029766327524001, "params": {"Bgrad": 0.6454452341965068, "d1": -2.7463766246711097, "d2": 0.08522126343709703, "d3": -2.0069597971142996, "d4": -1.7242009091003196, "p1": 32.78669627329561, "p2": 9.173572224309138, "p3": 40.733360191157786, "p4": 34.34113806460352, "pol1": 0.12791212794295578, "pol2": -0.8509864112517319, "pol3": -0.28123686240333534, "pol4": 0.4863468235065754, "v0s": 5.029766327524001}, "datetime": {"datetime": "2022-05-17 11:26:53", "elapsed": 56628.297714, "delta": 33.810569}}
{"target": 4.734480304978002, "params": {"Bgrad": 0.7435285765601314, "d1": -3.0, "d2": -3.0, "d3": -2.905632520778824, "d4": -0.9108311306853727, "p1": 6.638185095110641, "p2": 2.747682769307811, "p3": 38.77323224521517, "p4": 21.374426199869042, "pol1": 0.07737810636191284, "pol2": 1.0, "pol3": 1.0, "pol4": -1.0, "v0s": 4.734480304978002}, "datetime": {"datetime": "2022-05-17 11:27:12", "elapsed": 56647.902279, "delta": 19.604565}}
{"target": -1.0, "params": {"Bgrad": 1.8162964799130223, "d1": 0.2347928562176147, "d2": 0.5489023740405213, "d3": -2.5214706765246597, "d4": 0.6461932609875474, "p1": 16.719408210485472, "p2": 0.5731021726197053, "p3": 39.82365245558949, "p4": 49.50785864334879, "pol1": 0.2296532288563818, "pol2": -0.7470868084651331, "pol3": -0.8428802562159005, "pol4": 0.6505014197433933, "v0s": 4.907279773862881}, "datetime": {"datetime": "2022-05-17 11:27:39", "elapsed": 56674.654726, "delta": 26.752447}}
{"target": 3.499631336243562, "params": {"Bgrad": 1.6556665855298076, "d1": -1.403193278283824, "d2": -0.8131991657170681, "d3": -2.4187773337518945, "d4": -0.9245708679809304, "p1": 9.851429211788354, "p2": 4.604368439511069, "p3": 44.915896248372945, "p4": 16.60274526036832, "pol1": -0.9725981361954841, "pol2": -0.6976862768692529, "pol3": -0.8764887772893002, "pol4": -0.9130109968647382, "v0s": 3.499631336243562}, "datetime": {"datetime": "2022-05-17 11:28:03", "elapsed": 56698.54084, "delta": 23.886114}}
{"target": -1.0, "params": {"Bgrad": 1.1391576171812794, "d1": -2.257212275330365, "d2": 0.10705099709124921, "d3": -2.1031878156822272, "d4": -1.0688393461620156, "p1": 3.8878384489961784, "p2": 36.382635928815766, "p3": 30.889952526312502, "p4": 37.2946622299174, "pol1": 0.3358462964857405, "pol2": 0.43769665977207706, "pol3": -0.7921694335151219, "pol4": 0.9543582420301935, "v0s": 2.1988268840137573}, "datetime": {"datetime": "2022-05-17 11:28:25", "elapsed": 56720.253766, "delta": 21.712926}}
{"target": 4.130051003518919, "params": {"Bgrad": 0.7865430059967143, "d1": -1.801671022543571, "d2": 0.5834807209962246, "d3": -1.795172036666372, "d4": -1.6803472032684568, "p1": 38.28812996325071, "p2": 45.784716915154085, "p3": 16.17912513073399, "p4": 13.198596911128664, "pol1": -0.38918146737192516, "pol2": 0.6217006358973393, "pol3": -0.2378526785750503, "pol4": -0.3378116568811096, "v0s": 4.130051003518919}, "datetime": {"datetime": "2022-05-17 11:28:54", "elapsed": 56749.46364, "delta": 29.209874}}
{"target": 2.1941459223322566, "params": {"Bgrad": 1.8678660905752362, "d1": -2.8254770753194194, "d2": 0.85273075670582, "d3": -1.5368981431306574, "d4": -2.8922395631621076, "p1": 42.5791019058069, "p2": 22.71268467123046, "p3": 16.526951898985264, "p4": 14.026352924541785, "pol1": 0.1628207309170342, "pol2": -0.6597527359646453, "pol3": -0.38443858103296513, "pol4": 0.9260743059949956, "v0s": 2.1941459223322566}, "datetime": {"datetime": "2022-05-17 11:29:15", "elapsed": 56770.69286, "delta": 21.22922}}
{"target": 4.984885141434391, "params": {"Bgrad": 1.9168870653263135, "d1": -2.805493202159843, "d2": 0.2174905654244028, "d3": -2.8552678752202607, "d4": -1.220145158180286, "p1": 8.110910053288181, "p2": 30.27268912841831, "p3": 40.64043170347897, "p4": 31.44215230341423, "pol1": 0.8600822109648651, "pol2": 0.91152128525271, "pol3": 0.43787876109140644, "pol4": -0.8506058511196334, "v0s": 4.984885141434391}, "datetime": {"datetime": "2022-05-17 11:29:37", "elapsed": 56792.680053, "delta": 21.987193}}
{"target": 4.39668286923429, "params": {"Bgrad": 1.5272569025631368, "d1": -2.0317929440597244, "d2": 1.0, "d3": -2.1850506580967495, "d4": -0.1947394850771654, "p1": 3.816395335271244, "p2": 29.58152768284981, "p3": 15.889550933204765, "p4": 12.809664202670328, "pol1": -1.0, "pol2": -0.44876794776825724, "pol3": -0.015426736656063082, "pol4": 0.9477140520056662, "v0s": 4.39668286923429}, "datetime": {"datetime": "2022-05-17 11:30:12", "elapsed": 56827.45604, "delta": 34.775987}}
{"target": 4.128493859659652, "params": {"Bgrad": 1.1891756798296582, "d1": -0.9116942604631717, "d2": 0.46001912554092916, "d3": -2.932763994258303, "d4": -2.89610295291559, "p1": 43.07597392949074, "p2": 16.946182161408142, "p3": 26.19466281860021, "p4": 11.270779320518626, "pol1": 0.44758531683299885, "pol2": 0.7135061530634721, "pol3": -0.33604388633061677, "pol4": 0.6315918382234962, "v0s": 4.128493859659652}, "datetime": {"datetime": "2022-05-17 11:30:32", "elapsed": 56847.284008, "delta": 19.827968}}
{"target": -1.0, "params": {"Bgrad": 0.5365828909297284, "d1": -2.601418050680158, "d2": -0.888039611038562, "d3": -2.7413625527380083, "d4": 0.7744302171602491, "p1": 31.655101842327575, "p2": 7.499320912221286, "p3": 36.78192964173871, "p4": 27.41608190333154, "pol1": -0.2739771814339085, "pol2": -0.6051324994696816, "pol3": -0.3523053686975095, "pol4": 0.44170738410135435, "v0s": 5.404483294076403}, "datetime": {"datetime": "2022-05-17 11:31:06", "elapsed": 56881.41871, "delta": 34.134702}}
{"target": 4.750864557017721, "params": {"Bgrad": 2.0, "d1": -2.9267746259836316, "d2": -3.0, "d3": -1.5509833819509549, "d4": -3.0, "p1": 4.829718233114892, "p2": 9.51631314635651, "p3": 37.67387260570884, "p4": 28.80346061649727, "pol1": -0.31571564876074654, "pol2": -1.0, "pol3": 0.22062669880097427, "pol4": -1.0, "v0s": 4.750864557017721}, "datetime": {"datetime": "2022-05-17 11:31:38", "elapsed": 56913.716328, "delta": 32.297618}}
{"target": 4.222921717763, "params": {"Bgrad": 2.0, "d1": -2.204236764305914, "d2": -1.0068661928414084, "d3": -2.7599182236287483, "d4": 0.273675670469959, "p1": 28.02825007524347, "p2": 17.551758862011592, "p3": 49.999586755067405, "p4": 36.80300043996251, "pol1": 0.6955980901588941, "pol2": 0.8954616880501469, "pol3": 0.08153827299011222, "pol4": 0.26942180756240725, "v0s": 4.222921717763}, "datetime": {"datetime": "2022-05-17 11:32:02", "elapsed": 56937.937543, "delta": 24.221215}}
{"target": 5.236496330921458, "params": {"Bgrad": 1.4671450512508621, "d1": -2.761908182916937, "d2": 1.0, "d3": -2.327898393536992, "d4": -0.5037995644439145, "p1": 28.30249045244337, "p2": 10.786194153682343, "p3": 10.519578530376274, "p4": 24.030161268597766, "pol1": -0.5080127321658826, "pol2": -0.30920290292012353, "pol3": -0.5499838478332405, "pol4": -0.10579488473021632, "v0s": 5.236496330921458}, "datetime": {"datetime": "2022-05-17 11:32:27", "elapsed": 56962.667401, "delta": 24.729858}}
{"target": 4.285069398202683, "params": {"Bgrad": 1.3799344647165677, "d1": -2.899472902742912, "d2": 0.6558696385832058, "d3": -1.399274118598264, "d4": -2.4866063064175, "p1": 6.249665634237654, "p2": 27.576953134939057, "p3": 44.26674376955947, "p4": 20.9132461130872, "pol1": 1.0, "pol2": -0.7476788089611017, "pol3": -0.415909080753331, "pol4": -0.43811304841484244, "v0s": 4.285069398202683}, "datetime": {"datetime": "2022-05-17 11:32:50", "elapsed": 56985.374667, "delta": 22.707266}}
{"target": -1.0, "params": {"Bgrad": 0.6089721040355018, "d1": -2.589977177772959, "d2": 0.5060380627596519, "d3": -2.4848166137713292, "d4": -2.8931240778714824, "p1": 8.077503052617319, "p2": 30.587679111179266, "p3": 40.56018641646804, "p4": 32.49562969069554, "pol1": 0.4402308944792994, "pol2": 0.609594139719289, "pol3": 0.605736843270795, "pol4": 0.5619208573540404, "v0s": 5.406138020982514}, "datetime": {"datetime": "2022-05-17 11:33:11", "elapsed": 57006.405417, "delta": 21.03075}}
{"target": -1.0, "params": {"Bgrad": 0.6431805658785539, "d1": -2.5528838890660794, "d2": -1.0161444037270724, "d3": -0.6710235551387909, "d4": -2.1749394017733517, "p1": 9.637769446777595, "p2": 37.36124747903381, "p3": 35.420888362682184, "p4": 37.5198013255693, "pol1": 0.09694593453580236, "pol2": 0.13426281321792066, "pol3": -0.7640818900549919, "pol4": 0.6553113905738497, "v0s": 5.3158774508457745}, "datetime": {"datetime": "2022-05-17 11:33:31", "elapsed": 57026.711107, "delta": 20.30569}}
{"target": 4.461185699364342, "params": {"Bgrad": 0.8627067569570745, "d1": -1.2621216213389408, "d2": 0.7382025097747418, "d3": -2.7138275522020896, "d4": -2.4947363443002506, "p1": 5.080300705750551, "p2": 39.414670223375225, "p3": 33.27753928207626, "p4": 45.279434252569075, "pol1": -0.1516379826557943, "pol2": 0.3027971163167338, "pol3": 0.6350277577980898, "pol4": 0.8424978904502529, "v0s": 4.461185699364342}, "datetime": {"datetime": "2022-05-17 11:34:01", "elapsed": 57056.458544, "delta": 29.747437}}
{"target": -1.0, "params": {"Bgrad": 1.6897863405700162, "d1": -3.0, "d2": -1.1274911733429862, "d3": -2.4396682693557343, "d4": -1.2544149829120372, "p1": 8.934067961246454, "p2": 4.84292176271019, "p3": 46.72384867581626, "p4": 17.194713710725864, "pol1": -0.46039467262124356, "pol2": -0.49349201505647033, "pol3": -0.5919129991849286, "pol4": -0.9054015937407378, "v0s": 4.839151479052941}, "datetime": {"datetime": "2022-05-17 11:34:26", "elapsed": 57082.092982, "delta": 25.634438}}
{"target": 3.9330963003729837, "params": {"Bgrad": 1.2124018045592024, "d1": -1.9757756777383577, "d2": 1.0, "d3": -1.1558035369442243, "d4": -1.565123222684201, "p1": 39.876941595148956, "p2": 19.235335638617116, "p3": 16.096065086051777, "p4": 13.691414105552267, "pol1": -0.03465949022987381, "pol2": 1.0, "pol3": -0.545756107636555, "pol4": -1.0, "v0s": 3.9330963003729837}, "datetime": {"datetime": "2022-05-17 11:34:47", "elapsed": 57102.94521, "delta": 20.852228}}
{"target": 5.168360104607115, "params": {"Bgrad": 1.5513015448370047, "d1": -2.947332057621311, "d2": -0.01306976534813514, "d3": -0.8810882950277349, "d4": -1.6483782870415165, "p1": 35.79096925912833, "p2": 9.760324515948648, "p3": 41.26447066722009, "p4": 37.35924361381632, "pol1": 0.8287926127124551, "pol2": -0.11966110801504005, "pol3": -0.5778942411641761, "pol4": -1.0, "v0s": 5.168360104607115}, "datetime": {"datetime": "2022-05-17 11:35:14", "elapsed": 57129.44234, "delta": 26.49713}}
{"target": 4.790349491718283, "params": {"Bgrad": 0.5121307554460791, "d1": -3.0, "d2": 1.0, "d3": -2.1837689245323952, "d4": -0.3928408874999274, "p1": 30.669273720170782, "p2": 12.272619622022573, "p3": 33.060732986090564, "p4": 25.047294272474446, "pol1": 0.7536559599573768, "pol2": 0.40717371080821074, "pol3": 0.1693661782806122, "pol4": 0.6807491854460517, "v0s": 4.790349491718283}, "datetime": {"datetime": "2022-05-17 11:35:32", "elapsed": 57148.026634, "delta": 18.584294}}
{"target": -1.0, "params": {"Bgrad": 0.8388303644361219, "d1": -1.8354799024492099, "d2": -1.1772424911016817, "d3": -2.215332660983472, "d4": 0.5866235259543715, "p1": 26.44439205165121, "p2": 16.908552555168427, "p3": 48.445293032575876, "p4": 35.34637429428931, "pol1": 0.8799067002004295, "pol2": 0.29397027860403835, "pol3": -0.2600170257441674, "pol4": 0.4042248667964319, "v0s": 5.235684082666133}, "datetime": {"datetime": "2022-05-17 11:35:56", "elapsed": 57171.998518, "delta": 23.971884}}
{"target": -1.0, "params": {"Bgrad": 0.5739526721240079, "d1": -2.2183378003178023, "d2": -1.527741036942344, "d3": -2.79591494836593, "d4": -0.8599461470108474, "p1": 31.184827626116906, "p2": 32.57850581716763, "p3": 9.416477084600583, "p4": 45.65615985288004, "pol1": 0.23805248877511098, "pol2": 0.8657677199450164, "pol3": 0.6883667923921009, "pol4": -0.2150926877384236, "v0s": 5.201511601217123}, "datetime": {"datetime": "2022-05-17 11:36:16", "elapsed": 57191.96312, "delta": 19.964602}}
{"target": 4.187081774800924, "params": {"Bgrad": 2.0, "d1": -2.4656864072498843, "d2": -3.0, "d3": -2.6217207345049376, "d4": -3.0, "p1": 4.3488222782641515, "p2": 10.646227936103788, "p3": 38.23620881527098, "p4": 29.0745851163352, "pol1": 0.0224698950309547, "pol2": -1.0, "pol3": -0.2571284384493044, "pol4": -1.0, "v0s": 4.187081774800924}, "datetime": {"datetime": "2022-05-17 11:36:38", "elapsed": 57213.664078, "delta": 21.700958}}
{"target": 3.3123388358236334, "params": {"Bgrad": 0.5, "d1": -2.902885126665182, "d2": 0.7069464824603934, "d3": -0.6589281500844347, "d4": -0.8914899526488369, "p1": 36.902771122967394, "p2": 10.216817649366343, "p3": 11.228698340226344, "p4": 29.53066382295993, "pol1": 0.1525239023227795, "pol2": -0.9427175448253481, "pol3": -0.5878279824409002, "pol4": -0.11345846134347014, "v0s": 3.3123388358236334}, "datetime": {"datetime": "2022-05-17 11:36:59", "elapsed": 57235.051874, "delta": 21.387796}}
{"target": -1.0, "params": {"Bgrad": 1.1070815859050962, "d1": -0.2162451567997774, "d2": -0.05690243335247969, "d3": -1.0739959871255849, "d4": -2.324178894358706, "p1": 36.985252705440566, "p2": 44.00609129382646, "p3": 15.742418505819245, "p4": 13.193284705606084, "pol1": -0.8699560623932256, "pol2": 0.09156289139454277, "pol3": 0.2801750198597144, "pol4": -0.481068993363424, "v0s": 5.35053397799611}, "datetime": {"datetime": "2022-05-17 11:37:38", "elapsed": 57273.329495, "delta": 38.277621}}
{"target": 4.4475869951434825, "params": {"Bgrad": 0.548412969752533, "d1": -2.9379415449392554, "d2": -0.4388718688739499, "d3": -1.436846978923735, "d4": -1.1994499608029159, "p1": 5.9016712913734946, "p2": 34.044288901941215, "p3": 29.57180482120638, "p4": 37.442660985994344, "pol1": -0.8968833468969446, "pol2": -0.3281877853570012, "pol3": -0.9404693123010275, "pol4": -0.4505542481427778, "v0s": 4.4475869951434825}, "datetime": {"datetime": "2022-05-17 11:37:56", "elapsed": 57291.687395, "delta": 18.3579}}
{"target": 4.353115014154414, "params": {"Bgrad": 1.4756491522161999, "d1": -3.0, "d2": 1.0, "d3": -1.511617262118042, "d4": -0.50404978957702, "p1": 31.153359968838007, "p2": 12.401229998296255, "p3": 32.86689726288915, "p4": 25.17410516196572, "pol1": 1.0, "pol2": -0.7911078913920063, "pol3": -0.7899562146708599, "pol4": 0.3576185287249934, "v0s": 4.353115014154414}, "datetime": {"datetime": "2022-05-17 11:38:15", "elapsed": 57310.74243, "delta": 19.055035}}
{"target": 4.5527714863518325, "params": {"Bgrad": 1.1188691882499333, "d1": -2.245317033189653, "d2": 0.38983502187539765, "d3": -0.6184140085037653, "d4": -2.9451745013724024, "p1": 1.495166207523202, "p2": 31.503488983496485, "p3": 27.788967136101135, "p4": 38.43199665897711, "pol1": -0.42968069774824236, "pol2": -0.06190857203924893, "pol3": 0.5271400781317632, "pol4": -0.057914155766821684, "v0s": 4.5527714863518325}, "datetime": {"datetime": "2022-05-17 11:38:57", "elapsed": 57353.094155, "delta": 42.351725}}
{"target": 5.675512297496312, "params": {"Bgrad": 0.5886369276227243, "d1": -0.8530054942440595, "d2": 0.7525345017520837, "d3": -1.3560174914433984, "d4": 0.2285120662551554, "p1": 3.6154622516292867, "p2": 34.91646583961999, "p3": 30.997561036472256, "p4": 35.37207225983889, "pol1": 0.5266922033972179, "pol2": -0.2598616906620932, "pol3": 0.08136730648292123, "pol4": -0.7929315021150147, "v0s": 5.675512297496312}, "datetime": {"datetime": "2022-05-17 11:39:16", "elapsed": 57371.81708, "delta": 18.722925}}
{"target": -1.0, "params": {"Bgrad": 0.8452967263899887, "d1": -1.8950333136696913, "d2": -2.6661058934658173, "d3": -2.583189273980188, "d4": 0.5601610331970375, "p1": 20.066060428771898, "p2": 18.33626055405475, "p3": 27.733556457536817, "p4": 47.514903152581226, "pol1": -0.5990000735187708, "pol2": -0.35987132604691063, "pol3": -0.8922215094995816, "pol4": -0.9235113291432007, "v0s": 5.420457512684836}, "datetime": {"datetime": "2022-05-17 11:39:42", "elapsed": 57397.860422, "delta": 26.043342}}
{"target": 3.504656750004509, "params": {"Bgrad": 2.0, "d1": -2.6103956248755336, "d2": -0.9909030196221966, "d3": -2.722058264481042, "d4": -0.4424806296930398, "p1": 29.199634349511825, "p2": 17.823411786284005, "p3": 50.0, "p4": 38.06443909137247, "pol1": 0.6039504057749782, "pol2": 0.8232738820138913, "pol3": 0.38306769562413334, "pol4": -0.01802248107071301, "v0s": 3.504656750004509}, "datetime": {"datetime": "2022-05-17 11:40:10", "elapsed": 57425.554351, "delta": 27.693929}}
{"target": 5.197683320752633, "params": {"Bgrad": 1.2546408740266184, "d1": -2.8675831225336665, "d2": 0.9448162256772807, "d3": -1.1173401490547736, "d4": -3.0, "p1": 6.905224256082183, "p2": 26.84103814398092, "p3": 43.02590184844092, "p4": 21.753703656731705, "pol1": 0.8801019628578531, "pol2": -0.6737668671771779, "pol3": -0.5156917083309804, "pol4": -1.0, "v0s": 5.197683320752633}, "datetime": {"datetime": "2022-05-17 11:40:35", "elapsed": 57450.407878, "delta": 24.853527}}
{"target": 3.8622755478727724, "params": {"Bgrad": 0.5396764287984773, "d1": -2.8949980024169277, "d2": -0.8359630037423229, "d3": -0.13572943125579773, "d4": -0.6800291416682485, "p1": 23.70164970533331, "p2": 11.242546715184565, "p3": 10.15663564128616, "p4": 25.936345432314354, "pol1": 0.630618923470486, "pol2": 0.30578706750185125, "pol3": -0.255211026844959, "pol4": -0.1762714927348994, "v0s": 3.8622755478727724}, "datetime": {"datetime": "2022-05-17 11:41:00", "elapsed": 57475.279356, "delta": 24.871478}}
{"target": 4.765457185764241, "params": {"Bgrad": 1.5914854560420844, "d1": -1.8957402262537388, "d2": 1.0, "d3": -1.3575064213963073, "d4": -3.0, "p1": 43.973307144513065, "p2": 19.745663378635765, "p3": 24.739832439638402, "p4": 12.659465586206181, "pol1": 0.33025413653546487, "pol2": -0.845508929725706, "pol3": 0.892035675370794, "pol4": -0.21056978805418555, "v0s": 4.765457185764241}, "datetime": {"datetime": "2022-05-17 11:41:20", "elapsed": 57495.825402, "delta": 20.546046}}
{"target": 4.316230446609291, "params": {"Bgrad": 0.9028444038966332, "d1": -2.7674346134934575, "d2": 0.48659651240513746, "d3": -2.3425455717882966, "d4": -1.5526821842021348, "p1": 34.78694586389462, "p2": 5.754070632731151, "p3": 36.90188001498193, "p4": 26.86242597319019, "pol1": 0.5713800140533376, "pol2": -0.8875020397806297, "pol3": 0.3663940908397756, "pol4": -0.10975853577150008, "v0s": 4.316230446609291}, "datetime": {"datetime": "2022-05-17 11:41:51", "elapsed": 57526.65694, "delta": 30.831538}}
{"target": 3.7435542274845823, "params": {"Bgrad": 2.0, "d1": -3.0, "d2": 0.6729195382455601, "d3": -0.9909138676743248, "d4": -1.448379654812118, "p1": 43.01586576210232, "p2": 26.598633352689912, "p3": 18.584991364173597, "p4": 13.173714100765407, "pol1": -0.11506953225198335, "pol2": 0.41454165159187517, "pol3": 0.6267179658232024, "pol4": 1.0, "v0s": 3.7435542274845823}, "datetime": {"datetime": "2022-05-17 11:42:10", "elapsed": 57546.183714, "delta": 19.526774}}
{"target": 4.269828868033337, "params": {"Bgrad": 1.3459578823913965, "d1": -2.98673869807297, "d2": -2.5041993044928765, "d3": -2.3714294578004655, "d4": -0.12643214490086818, "p1": 7.461125210947734, "p2": 5.59063665785751, "p3": 47.29565927057809, "p4": 16.39575789995798, "pol1": -1.0, "pol2": -0.32234850432251055, "pol3": -0.5737734724850178, "pol4": 1.0, "v0s": 4.269828868033337}, "datetime": {"datetime": "2022-05-17 11:42:30", "elapsed": 57565.479105, "delta": 19.295391}}
{"target": 3.8490105527176834, "params": {"Bgrad": 0.7782768445344267, "d1": -0.9725647520519761, "d2": 1.0, "d3": -2.5902928013351563, "d4": -2.881417592996381, "p1": 43.97641084464475, "p2": 18.22246138595012, "p3": 25.39550938242742, "p4": 12.357545031704657, "pol1": 0.6306547532771812, "pol2": -0.48500007633817277, "pol3": 0.08448869840080084, "pol4": 0.4821850406212962, "v0s": 3.8490105527176834}, "datetime": {"datetime": "2022-05-17 11:42:48", "elapsed": 57583.772178, "delta": 18.293073}}
{"target": -1.0, "params": {"Bgrad": 2.0, "d1": -1.6606488275850095, "d2": -0.9823518347205965, "d3": -3.0, "d4": 1.0, "p1": 15.18449980473694, "p2": 1.7717424645622903, "p3": 40.988518604504634, "p4": 47.8792396893611, "pol1": 0.7027628059586077, "pol2": -1.0, "pol3": -0.9014647574950694, "pol4": -0.27821113300028893, "v0s": 3.186606868643087}, "datetime": {"datetime": "2022-05-17 11:43:29", "elapsed": 57624.252907, "delta": 40.480729}}
{"target": -1.0, "params": {"Bgrad": 2.0, "d1": -1.0869414117200837, "d2": -1.4903720107909424, "d3": -1.8873329372164374, "d4": -0.13257353446638045, "p1": 28.8859337917028, "p2": 18.188351392776774, "p3": 50.0, "p4": 37.480272234245284, "pol1": 0.28737752123074617, "pol2": 0.21939956098681937, "pol3": 0.18759029336359082, "pol4": 0.0697656717711674, "v0s": 4.673487240871214}, "datetime": {"datetime": "2022-05-17 11:44:00", "elapsed": 57656.202454, "delta": 31.949547}}
{"target": -1.0, "params": {"Bgrad": 1.7475746016974092, "d1": -2.065625255391902, "d2": -1.921528634245383, "d3": -2.6003296539018708, "d4": -0.3427003736276652, "p1": 8.752179536774083, "p2": 5.42887738162774, "p3": 47.76829103697942, "p4": 16.15510408843337, "pol1": -1.0, "pol2": -0.8492845279735987, "pol3": -0.8342222901134684, "pol4": 1.0, "v0s": 4.397427315137481}, "datetime": {"datetime": "2022-05-17 11:44:27", "elapsed": 57683.204235, "delta": 27.001781}}
