{"target": 2.828190231089806, "params": {"Bgrad": 0.537784487905545, "d1": -0.6075847545705414, "d2": 0.045413857505638436, "d3": -1.6840430895796707, "d4": -2.9975149190727346, "p1": 10.579508618469745, "p2": 17.193641403846378, "p3": 7.915444391348871, "p4": 29.479809984666264, "pol1": 0.3012181075326506, "pol2": -0.22682556999000397, "pol3": -0.5989584599120472, "pol4": 0.32747086739121195, "v0s": 2.828190231089806}, "datetime": {"datetime": "2022-05-16 21:15:03", "elapsed": 5519.121041, "delta": 5.283867}}
{"target": 3.1647620285221807, "params": {"Bgrad": 1.6391611266182877, "d1": 0.32801824405865876, "d2": -0.12276821189699438, "d3": -2.3782256158459933, "d4": -2.694032105813338, "p1": 22.7223842915829, "p2": 6.186234671964774, "p3": 44.38507506958949, "p4": 39.31593105451556, "pol1": -0.5884236580140505, "pol2": 0.9299241673225425, "pol3": -0.8445459930825512, "pol4": -0.2570229469804002, "v0s": 3.1647620285221807}, "datetime": {"datetime": "2022-05-16 21:15:10", "elapsed": 5525.975708, "delta": 6.854667}}
{"target": 5.225122734156596, "params": {"Bgrad": 1.1650200134438313, "d1": -1.8535387039266051, "d2": 0.8728198738009284, "d3": -1.72503907337949, "d4": -1.8438413888725247, "p1": 7.264843819115418, "p2": 34.87345210062659, "p3": 39.52411895494676, "p4": 33.53480847411778, "pol1": -0.5598506818450993, "pol2": -0.4059721889297507, "pol3": 0.004452419471424405, "pol4": -0.057442950658618576, "v0s": 5.225122734156596}, "datetime": {"datetime": "2022-05-16 21:15:18", "elapsed": 5533.640207, "delta": 7.664499}}
{"target": -1.0, "params": {"Bgrad": 1.0592919203860083, "d1": -2.2763363564449324, "d2": 0.5644262568145213, "d3": -0.054519970969787224, "d4": -2.8459257588701727, "p1": 44.64864327405886, "p2": 18.466244568607205, "p3": 25.445421325883128, "p4": 9.281046134695831, "pol1": 0.5814703065574038, "pol2": 0.37368158275992425, "pol3": -0.30144421044793446, "pol4": 0.07614778137353806, "v0s": 6.219962032314076}, "datetime": {"datetime": "2022-05-16 21:15:31", "elapsed": 5546.358191, "delta": 12.717984}}
{"target": 2.059982881528687, "params": {"Bgrad": 0.8886631773889732, "d1": -1.5839025333758419, "d2": 0.1304796735057865, "d3": -1.5703619353002418, "d4": 0.20405981672548812, "p1": 30.01141763612877, "p2": 6.817753260883707, "p3": 8.570508956044826, "p4": 25.29374862968653, "pol1": 0.005468524246876827, "pol2": -0.6040891237375918, "pol3": -0.2349765335508176, "pol4": 0.5580377489784021, "v0s": 2.059982881528687}, "datetime": {"datetime": "2022-05-16 21:15:37", "elapsed": 5552.730149, "delta": 6.371958}}
{"target": 4.195263699751979, "params": {"Bgrad": 0.9220911526805603, "d1": -2.5873265784114907, "d2": 0.657669677721115, "d3": -0.8538652033424936, "d4": -2.763526718516835, "p1": 41.638497590237534, "p2": 24.266558941830603, "p3": 17.16723445467238, "p4": 14.602501963322258, "pol1": -0.5349011559579602, "pol2": -0.3524603814957874, "pol3": 1.0, "pol4": 0.12841045015611982, "v0s": 4.195263699751979}, "datetime": {"datetime": "2022-05-16 21:15:44", "elapsed": 5559.265669, "delta": 6.53552}}
{"target": 4.560215908310628, "params": {"Bgrad": 1.397194258731658, "d1": -1.8560835946579988, "d2": 1.0, "d3": -0.5958691562552759, "d4": -2.0204205105737367, "p1": 39.56675773943692, "p2": 21.654820383031584, "p3": 17.830095162241452, "p4": 16.785605824442932, "pol1": 0.2800828447327367, "pol2": -0.9654227722020033, "pol3": 1.0, "pol4": -0.6070125162007519, "v0s": 4.560215908310628}, "datetime": {"datetime": "2022-05-16 21:15:51", "elapsed": 5566.29786, "delta": 7.032191}}
{"target": 3.135062921072029, "params": {"Bgrad": 1.7158948951264779, "d1": 0.5821226697426296, "d2": -0.4193384537282061, "d3": -1.6084315774777307, "d4": -2.370352108328537, "p1": 21.49175024795246, "p2": 6.2705990366972, "p3": 45.689588833292866, "p4": 39.0311423959781, "pol1": -0.3374706959006552, "pol2": 0.40578234872585356, "pol3": -1.0, "pol4": -0.6793291103446902, "v0s": 3.135062921072029}, "datetime": {"datetime": "2022-05-16 21:15:56", "elapsed": 5572.212043, "delta": 5.914183}}
{"target": 3.6346912191785847, "params": {"Bgrad": 1.748339481750692, "d1": -2.2034716608689475, "d2": -3.0, "d3": -2.3108014439329105, "d4": -3.0, "p1": 26.029925054516404, "p2": 30.726309149673167, "p3": 43.90943098014795, "p4": 46.79011756752344, "pol1": -0.4124368013552794, "pol2": 0.8048702743264313, "pol3": -0.9301659400476529, "pol4": -0.737320329397066, "v0s": 3.6346912191785847}, "datetime": {"datetime": "2022-05-16 21:16:04", "elapsed": 5579.942367, "delta": 7.730324}}
{"target": -1.0, "params": {"Bgrad": 1.8602809575109207, "d1": 0.5090784549606648, "d2": 0.8121627960628559, "d3": 0.830873156879504, "d4": -2.7391452236301257, "p1": 5.298085245488293, "p2": 35.68247579634801, "p3": 40.15643973423026, "p4": 32.99917265728555, "pol1": -0.9655040764082374, "pol2": -0.2673116019216304, "pol3": -0.024832852182839593, "pol4": 0.933877914242977, "v0s": 6.360782959634143}, "datetime": {"datetime": "2022-05-16 21:16:18", "elapsed": 5593.304628, "delta": 13.362261}}
{"target": 4.844078298837042, "params": {"Bgrad": 1.0226342333753125, "d1": -2.61560607658915, "d2": 1.0, "d3": -0.6481639454556233, "d4": -1.8054124683374668, "p1": 46.10882302687965, "p2": 24.74120132462225, "p3": 22.409937585015125, "p4": 28.92498793279578, "pol1": -0.2919764240195508, "pol2": -0.5252776484138612, "pol3": 0.00947154676273407, "pol4": 0.22920246583976622, "v0s": 4.844078298837042}, "datetime": {"datetime": "2022-05-16 21:16:25", "elapsed": 5600.386686, "delta": 7.082058}}
{"target": 4.8334936688652625, "params": {"Bgrad": 1.1561757432074702, "d1": -2.137349019702643, "d2": 1.0, "d3": -1.4616056913071966, "d4": -1.741616966528716, "p1": 6.695907514180976, "p2": 34.37567137286434, "p3": 38.37463137353656, "p4": 33.98759287649278, "pol1": -0.09756274603252481, "pol2": -0.13418344340058025, "pol3": 0.24934248876776305, "pol4": -0.3373698157770876, "v0s": 4.8334936688652625}, "datetime": {"datetime": "2022-05-16 21:16:31", "elapsed": 5607.029917, "delta": 6.643231}}
{"target": -1.0, "params": {"Bgrad": 1.5858047895664222, "d1": -2.790608805090131, "d2": -0.24526642676506105, "d3": -0.7616702833631801, "d4": -0.4526390558591591, "p1": 30.338963684744225, "p2": 4.262272869296319, "p3": 8.50156102699387, "p4": 27.756336854626014, "pol1": -0.2481594681467214, "pol2": 0.2312830058045121, "pol3": 0.34306378637759716, "pol4": -0.04783852034722136, "v0s": 2.4567264258671733}, "datetime": {"datetime": "2022-05-16 21:16:35", "elapsed": 5610.865658, "delta": 3.835741}}
{"target": 3.2664537504210345, "params": {"Bgrad": 0.8176400171989253, "d1": -3.0, "d2": -3.0, "d3": -2.3494575681013563, "d4": -3.0, "p1": 5.176512743840073, "p2": 11.49859140126391, "p3": 36.68297753073133, "p4": 28.735479295667172, "pol1": -1.0, "pol2": -0.44866010513737253, "pol3": -0.12493110433060486, "pol4": -0.2063333066694253, "v0s": 3.2664537504210345}, "datetime": {"datetime": "2022-05-16 21:16:40", "elapsed": 5615.472337, "delta": 4.606679}}
{"target": 4.572214995254115, "params": {"Bgrad": 1.8729196661892975, "d1": -1.611488010467374, "d2": 0.99665241141243, "d3": -2.099575889573199, "d4": -0.3668706145833798, "p1": 29.96288493146474, "p2": 12.12492415312888, "p3": 38.931837385677206, "p4": 26.73867354905034, "pol1": -0.24393191698492345, "pol2": -0.3908293454173064, "pol3": -0.35741233710443887, "pol4": 0.4301501418335498, "v0s": 4.572214995254115}, "datetime": {"datetime": "2022-05-16 21:16:46", "elapsed": 5622.039771, "delta": 6.567434}}
{"target": 2.935183228235976, "params": {"Bgrad": 1.2499114694789497, "d1": -1.9252831888690647, "d2": -1.3548529618040217, "d3": -3.0, "d4": -1.602334013248363, "p1": 36.52392403457992, "p2": 34.421185791043584, "p3": 19.084449845160062, "p4": 22.14691257015968, "pol1": 0.9525251632941143, "pol2": 0.6343165637921447, "pol3": -0.30780100818986983, "pol4": -0.07098602732947945, "v0s": 2.935183228235976}, "datetime": {"datetime": "2022-05-16 21:16:52", "elapsed": 5627.605885, "delta": 5.566114}}
{"target": 4.130752584541939, "params": {"Bgrad": 1.5461196193358322, "d1": -1.1470618455743913, "d2": -0.029752250688885873, "d3": -1.5143228871747683, "d4": -2.8650875860854805, "p1": 6.0779841427824, "p2": 36.31663537810068, "p3": 35.01003691647175, "p4": 38.897267611027274, "pol1": -0.7903154886656472, "pol2": -0.7750767023251321, "pol3": -0.1479822608885919, "pol4": 0.49257606826055467, "v0s": 4.130752584541939}, "datetime": {"datetime": "2022-05-16 21:16:58", "elapsed": 5633.515079, "delta": 5.909194}}
{"target": 4.055106572098871, "params": {"Bgrad": 1.1279675283668673, "d1": 0.00508901648343274, "d2": -0.14375039701751202, "d3": -0.9749853280579881, "d4": -2.024134483716275, "p1": 7.380528339916159, "p2": 35.750819955970634, "p3": 41.291732295444405, "p4": 32.7088956364042, "pol1": -0.9405418331242819, "pol2": 0.8861102667226717, "pol3": 0.4311323654669905, "pol4": 0.8770547672228519, "v0s": 4.055106572098871}, "datetime": {"datetime": "2022-05-16 21:17:05", "elapsed": 5641.19055, "delta": 7.675471}}
{"target": 5.354567116855474, "params": {"Bgrad": 0.6946534823649645, "d1": -1.3151194489401759, "d2": 0.07379187170037504, "d3": -0.7289592474866992, "d4": -2.546886711508637, "p1": 8.513198830723596, "p2": 35.930938417632674, "p3": 42.63309207394589, "p4": 33.35758240454036, "pol1": -0.37173602978628173, "pol2": 0.04544547003736339, "pol3": 0.014488062744339562, "pol4": 0.21187183722483607, "v0s": 5.354567116855474}, "datetime": {"datetime": "2022-05-16 21:17:12", "elapsed": 5647.788902, "delta": 6.598352}}
{"target": 3.485751067155182, "params": {"Bgrad": 2.0, "d1": -1.6532299875492524, "d2": -3.0, "d3": -2.0483678916808747, "d4": -3.0, "p1": 24.725995733766638, "p2": 31.770152597890437, "p3": 43.81803151077908, "p4": 46.1676706892309, "pol1": -0.48281152308073005, "pol2": 0.8463709346139181, "pol3": -1.0, "pol4": -1.0, "v0s": 3.485751067155182}, "datetime": {"datetime": "2022-05-16 21:17:19", "elapsed": 5655.211051, "delta": 7.422149}}
{"target": 4.480507543468132, "params": {"Bgrad": 1.537703274071181, "d1": -1.5216847839656613, "d2": 0.9432803059518606, "d3": -2.4194585789070677, "d4": -1.4927648639080435, "p1": 30.26572066074639, "p2": 11.567006567668129, "p3": 38.03042394662911, "p4": 27.45139393075596, "pol1": 0.1847851103325438, "pol2": -0.46452757626047175, "pol3": -0.507405509979105, "pol4": -0.08889883769747207, "v0s": 4.480507543468132}, "datetime": {"datetime": "2022-05-16 21:17:28", "elapsed": 5663.226613, "delta": 8.015562}}
{"target": 3.8275931048604974, "params": {"Bgrad": 1.427907364281684, "d1": -2.7405402420412868, "d2": -0.04159246300963899, "d3": -1.8241827316782275, "d4": -3.0, "p1": 42.09203400812654, "p2": 24.242335085095572, "p3": 16.682374609114255, "p4": 14.304767138995823, "pol1": -0.4200368608692492, "pol2": 0.04747314688844233, "pol3": 0.9338461793635732, "pol4": 0.04359988755227435, "v0s": 3.8275931048604974}, "datetime": {"datetime": "2022-05-16 21:17:33", "elapsed": 5668.623178, "delta": 5.396565}}
{"target": -1.0, "params": {"Bgrad": 0.6038540375744372, "d1": -3.0, "d2": -1.3270352967201848, "d3": -2.7889015580591083, "d4": 0.5240349301883765, "p1": 6.376305214408113, "p2": 35.947704359474876, "p3": 36.56670916527861, "p4": 32.29796392477633, "pol1": -0.49530785747002753, "pol2": 1.0, "pol3": -0.5546185936488346, "pol4": 0.7338319754580932, "v0s": 6.126741171359267}, "datetime": {"datetime": "2022-05-16 21:17:42", "elapsed": 5677.373775, "delta": 8.750597}}
{"target": -1.0, "params": {"Bgrad": 1.9309774648061961, "d1": -1.3390344352464796, "d2": -0.7219862108981023, "d3": -1.1880647704480216, "d4": -0.9518688701710771, "p1": 6.694083015517388, "p2": 36.03398636275277, "p3": 41.89270672008938, "p4": 31.552566966547268, "pol1": -0.7831447194589793, "pol2": -0.5349344517918271, "pol3": 0.343975184034071, "pol4": 0.7918593402616276, "v0s": 2.1502156642717445}, "datetime": {"datetime": "2022-05-16 21:17:45", "elapsed": 5680.963174, "delta": 3.589399}}
{"target": 2.840982562388371, "params": {"Bgrad": 1.1874770194049311, "d1": -1.9047069057209471, "d2": 0.674245084780384, "d3": 0.7995735807099513, "d4": -1.0566808460140704, "p1": 32.48556576978047, "p2": 9.100699913899508, "p3": 7.318162242390914, "p4": 22.36832626872807, "pol1": -0.33606037791742227, "pol2": -0.9703393701754288, "pol3": 0.34891067198066494, "pol4": -0.48272081426251545, "v0s": 2.840982562388371}, "datetime": {"datetime": "2022-05-16 21:17:56", "elapsed": 5691.515949, "delta": 10.552775}}
{"target": 4.142564326454762, "params": {"Bgrad": 1.3629423037129542, "d1": -2.8635225275238536, "d2": 0.26003224756612653, "d3": -1.651451188375074, "d4": -2.9514930565856576, "p1": 40.21334544357351, "p2": 20.446775931696266, "p3": 18.9070087635118, "p4": 18.012628270707964, "pol1": 0.43739128293086194, "pol2": -0.2237226551119349, "pol3": 0.41773281045022914, "pol4": 0.1338314063924353, "v0s": 4.142564326454762}, "datetime": {"datetime": "2022-05-16 21:18:04", "elapsed": 5700.216678, "delta": 8.700729}}
{"target": 4.276858703070194, "params": {"Bgrad": 0.782012849840917, "d1": -1.0922190850717188, "d2": 0.1039787959507034, "d3": -1.4285193327529233, "d4": -3.0, "p1": 5.756939113326128, "p2": 24.159906983092682, "p3": 1.172537867013742, "p4": 31.847375923333573, "pol1": 0.328444295228433, "pol2": -1.0, "pol3": -0.15475415908406293, "pol4": -1.0, "v0s": 4.276858703070194}, "datetime": {"datetime": "2022-05-16 21:18:09", "elapsed": 5705.167437, "delta": 4.950759}}
{"target": -1.0, "params": {"Bgrad": 0.9432446665732022, "d1": -2.2775993443411933, "d2": -0.9390153664006764, "d3": -2.7213879923237854, "d4": -2.2398912581135737, "p1": 4.33340503672463, "p2": 33.58066998853248, "p3": 38.01961248877615, "p4": 35.89782136854943, "pol1": -0.9207554489650482, "pol2": -0.020697149127329117, "pol3": -0.7795174580717206, "pol4": -0.07623820071359888, "v0s": 5.950313060996139}, "datetime": {"datetime": "2022-05-16 21:18:21", "elapsed": 5716.994803, "delta": 11.827366}}
{"target": 3.894764419346631, "params": {"Bgrad": 0.8618481982606733, "d1": -0.8407391853732528, "d2": 0.16905137926394292, "d3": -1.3825900271769287, "d4": 0.49482123596311284, "p1": 18.458603092968566, "p2": 31.783903362211785, "p3": 49.322089876635495, "p4": 33.064085247895335, "pol1": -1.0, "pol2": -0.048488535753449497, "pol3": -0.49464503203773286, "pol4": -0.22439446136321123, "v0s": 3.894764419346631}, "datetime": {"datetime": "2022-05-16 21:18:27", "elapsed": 5723.151336, "delta": 6.156533}}
{"target": 4.451829858482802, "params": {"Bgrad": 1.9908141694908412, "d1": -1.4454827555815175, "d2": 0.20777237280901728, "d3": -1.0320229775757874, "d4": -1.5305685800606597, "p1": 3.448322335795556, "p2": 35.58077855583382, "p3": 35.17348464345758, "p4": 37.07427931428667, "pol1": -0.1587114739931237, "pol2": 0.7006992647634462, "pol3": 0.16622098337839875, "pol4": 0.12254466957830679, "v0s": 4.451829858482802}, "datetime": {"datetime": "2022-05-16 21:18:36", "elapsed": 5731.752332, "delta": 8.600996}}
{"target": 4.326724703555317, "params": {"Bgrad": 1.070080850506524, "d1": -0.8716956520733583, "d2": 0.9313744014266345, "d3": -0.3201501563277418, "d4": -2.388196779364277, "p1": 44.026645334348515, "p2": 20.70453638104064, "p3": 26.32083848633663, "p4": 12.81966850475974, "pol1": 0.23770796439993602, "pol2": 0.4556785355447617, "pol3": -0.5026434618799789, "pol4": -0.787365111747468, "v0s": 4.326724703555317}, "datetime": {"datetime": "2022-05-16 21:18:42", "elapsed": 5737.639585, "delta": 5.887253}}
{"target": 4.1737353955143695, "params": {"Bgrad": 1.0749524744605505, "d1": -3.0, "d2": -0.2457714186436425, "d3": -0.5792647560479837, "d4": 1.0, "p1": 12.985612887698773, "p2": 23.87943251724403, "p3": 43.17059435758069, "p4": 28.204268875263097, "pol1": 0.2353789710096257, "pol2": -0.37730153214637463, "pol3": 0.35479563876348696, "pol4": 0.7349298642516648, "v0s": 4.1737353955143695}, "datetime": {"datetime": "2022-05-16 21:18:50", "elapsed": 5746.201685, "delta": 8.5621}}
{"target": 4.631544787549179, "params": {"Bgrad": 1.0655413634127482, "d1": -2.4598187711106907, "d2": -0.25638275580758085, "d3": 0.8249045509054773, "d4": -1.0460141174834967, "p1": 6.631816072389496, "p2": 38.50271239395796, "p3": 34.766091725807705, "p4": 36.119209190897344, "pol1": -0.7144302032768608, "pol2": -0.07332549576309577, "pol3": 0.5141555780853604, "pol4": -0.11307095589092575, "v0s": 4.631544787549179}, "datetime": {"datetime": "2022-05-16 21:18:58", "elapsed": 5754.095572, "delta": 7.893887}}
{"target": -1.0, "params": {"Bgrad": 0.7597477154252865, "d1": -0.6249223133659672, "d2": -0.0028878135384298176, "d3": -1.5366891057265541, "d4": -0.31317194202192145, "p1": 45.69205010054432, "p2": 18.783283124153925, "p3": 23.707915796834644, "p4": 14.076379736795651, "pol1": 0.17417925968863868, "pol2": -0.12898699348021792, "pol3": 0.9077101196219015, "pol4": 0.07114529141010983, "v0s": 3.741736790620214}, "datetime": {"datetime": "2022-05-16 21:19:05", "elapsed": 5761.054959, "delta": 6.959387}}
{"target": -1.0, "params": {"Bgrad": 1.0427735565440668, "d1": -2.2947692460236007, "d2": -2.4953813208835456, "d3": 0.5139950496892851, "d4": -1.6865887177893688, "p1": 8.513759351950156, "p2": 36.08918459476532, "p3": 42.785695800430176, "p4": 33.36495959930792, "pol1": 0.6002803016009557, "pol2": -0.964502776165977, "pol3": 0.11390177366295862, "pol4": -0.7723026179547401, "v0s": 6.706967953602307}, "datetime": {"datetime": "2022-05-16 21:19:17", "elapsed": 5772.752671, "delta": 11.697712}}
{"target": 4.467894821240386, "params": {"Bgrad": 1.4340015643218424, "d1": -0.8631089991311194, "d2": 1.0, "d3": -2.314109354841236, "d4": -2.059130066355766, "p1": 29.743368578133488, "p2": 10.884215488284493, "p3": 37.96957160119057, "p4": 28.71169263725744, "pol1": 0.7085183093962827, "pol2": -0.3422545374978188, "pol3": -0.03163117646693793, "pol4": -0.5283313804415815, "v0s": 4.467894821240386}, "datetime": {"datetime": "2022-05-16 21:19:27", "elapsed": 5782.386904, "delta": 9.634233}}
{"target": -1.0, "params": {"Bgrad": 1.6286957982527581, "d1": -0.43042437044758364, "d2": -0.5347953002403183, "d3": -0.178170951411873, "d4": -2.4648417068533215, "p1": 5.033444345907384, "p2": 34.33196266715103, "p3": 35.98740652267254, "p4": 36.30834110670522, "pol1": -0.74078894410683, "pol2": 0.5323184202414988, "pol3": 0.8640242325888563, "pol4": 0.24638303629724767, "v0s": 4.5432943903022425}, "datetime": {"datetime": "2022-05-16 21:19:38", "elapsed": 5793.856227, "delta": 11.469323}}
{"target": -1.0, "params": {"Bgrad": 1.0206288521327043, "d1": -1.9161696150946437, "d2": -0.7219963631298398, "d3": -0.6467399001587588, "d4": -2.8944393310870598, "p1": 6.135685597094831, "p2": 38.81914833598759, "p3": 37.57925041394478, "p4": 34.643656309559596, "pol1": -0.9996598301323549, "pol2": 0.9218655156606519, "pol3": -0.9630393306492606, "pol4": -0.9162758245309583, "v0s": 3.0385986734803327}, "datetime": {"datetime": "2022-05-16 21:19:44", "elapsed": 5800.019742, "delta": 6.163515}}
{"target": 3.5656242935736713, "params": {"Bgrad": 0.8000432616466218, "d1": 0.8404910908125958, "d2": 0.47040651877525147, "d3": -0.9121709572003707, "d4": -0.8656845296615984, "p1": 15.852123795692156, "p2": 7.712825220104241, "p3": 7.683074398419807, "p4": 35.787707818239554, "pol1": 1.0, "pol2": -1.0, "pol3": -0.5218386422979119, "pol4": 0.6601937046443175, "v0s": 3.5656242935736713}, "datetime": {"datetime": "2022-05-16 21:19:49", "elapsed": 5804.533669, "delta": 4.513927}}
{"target": 4.405514521423456, "params": {"Bgrad": 1.7416310299906317, "d1": -2.944365105666222, "d2": 0.6001818382878441, "d3": -1.6542745362464717, "d4": -2.8504299215267364, "p1": 8.074263046525754, "p2": 36.3939653491397, "p3": 38.33329638793154, "p4": 36.12012397793259, "pol1": -0.4104852917926949, "pol2": -0.6981610960745961, "pol3": -0.3644592853411732, "pol4": -0.3130170046019529, "v0s": 4.405514521423456}, "datetime": {"datetime": "2022-05-16 21:19:56", "elapsed": 5812.126363, "delta": 7.592694}}
{"target": 3.0149204399696106, "params": {"Bgrad": 1.1850987396749413, "d1": -1.396699752243035, "d2": -2.218976887305529, "d3": -2.4780962980618844, "d4": -1.7234281322797946, "p1": 36.85083610887268, "p2": 33.31675339760694, "p3": 18.693319134166966, "p4": 21.14101057602341, "pol1": 0.49260229434014957, "pol2": 0.1172010868885866, "pol3": -0.29037465910793303, "pol4": 0.23900214069207598, "v0s": 3.0149204399696106}, "datetime": {"datetime": "2022-05-16 21:20:02", "elapsed": 5817.453114, "delta": 5.326751}}
{"target": -1.0, "params": {"Bgrad": 0.8606817466172596, "d1": -2.1775341272087836, "d2": 0.1800906500892019, "d3": -1.2341975028967465, "d4": -2.443019438232772, "p1": 46.008136992812666, "p2": 23.957570359725445, "p3": 21.619756669797813, "p4": 26.665204488197254, "pol1": -0.3812577792917813, "pol2": -0.15878110201426843, "pol3": -0.16560891739677297, "pol4": 0.3961695974906292, "v0s": 5.378065918594212}, "datetime": {"datetime": "2022-05-16 21:20:13", "elapsed": 5828.393853, "delta": 10.940739}}
{"target": 3.4427889403032736, "params": {"Bgrad": 1.6888613351043629, "d1": -2.0629909309879344, "d2": 0.9628798639165321, "d3": -0.3231278234940169, "d4": -0.5149154579745394, "p1": 31.0249052000369, "p2": 9.551627945022895, "p3": 9.170287050534137, "p4": 25.138700694609454, "pol1": 0.5152936437962894, "pol2": -0.8745407164885763, "pol3": 0.1857967591820151, "pol4": -0.9089016512747246, "v0s": 3.4427889403032736}, "datetime": {"datetime": "2022-05-16 21:20:20", "elapsed": 5835.882822, "delta": 7.488969}}
{"target": -1.0, "params": {"Bgrad": 0.5494458836771328, "d1": -1.0848207594638009, "d2": 0.8897248143277716, "d3": -0.2616974707716877, "d4": -2.889580278475359, "p1": 3.413151679366755, "p2": 35.80206460123083, "p3": 32.87416390534876, "p4": 37.66236817833896, "pol1": 0.479055943153903, "pol2": 0.8319885042558843, "pol3": -0.7895492950924838, "pol4": 0.8858299821190465, "v0s": 2.392207548204934}, "datetime": {"datetime": "2022-05-16 21:20:27", "elapsed": 5842.639749, "delta": 6.756927}}
