{"target": -1.0, "params": {"Bgrad": 0.7854510129110369, "d1": -1.4116069249826246, "d2": -1.2899491197725337, "d3": -2.269878010745486, "d4": -0.23398807555218815, "p1": 23.22602562007596, "p2": 27.493751278429013, "p3": 11.8370021597888, "p4": 37.03048332792417, "pol1": 0.1255060789799971, "pol2": -0.6956319803316744, "pol3": -0.24963589342543213, "pol4": 0.15507517519554237, "v0s": 3.7430414126771145}, "datetime": {"datetime": "2022-04-29 17:47:51", "elapsed": 94583.946133, "delta": 17.217962}}
{"target": 3.856569053565172, "params": {"Bgrad": 1.519396775780895, "d1": 0.09003291120765722, "d2": 0.014843924410311349, "d3": -2.0588100305609167, "d4": -1.601727591187656, "p1": 38.0016188184097, "p2": 26.820581032691535, "p3": 23.676013588021476, "p4": 34.365944715295385, "pol1": 0.6181325423549, "pol2": 0.6031033757102047, "pol3": 0.15748522985708058, "pol4": 0.09048134164363386, "v0s": 3.856569053565172}, "datetime": {"datetime": "2022-04-29 17:48:09", "elapsed": 94602.052719, "delta": 18.106586}}
{"target": -1.0, "params": {"Bgrad": 0.5852280582439859, "d1": -1.9581259250401666, "d2": -0.0889449153995776, "d3": -0.5463140975388798, "d4": -2.8157146705822043, "p1": 12.342104545917914, "p2": 47.06784981360549, "p3": 29.710093072976917, "p4": 14.690391559741773, "pol1": -0.11936712557155027, "pol2": -0.8756588164336152, "pol3": -0.001785142480487556, "pol4": 0.7986804822175226, "v0s": 4.308199258830921}, "datetime": {"datetime": "2022-04-29 17:48:27", "elapsed": 94619.905983, "delta": 17.853264}}
{"target": -1.0, "params": {"Bgrad": 0.6951625881353727, "d1": 0.1587127989446424, "d2": -1.0748236571976078, "d3": -2.558537833580059, "d4": -1.4322050370001218, "p1": 3.793969275833425, "p2": 30.58780076986623, "p3": 12.301156113812207, "p4": 20.130899937253886, "pol1": 0.7134593405292307, "pol2": -0.0070986293653998445, "pol3": 0.044939906457440504, "pol4": 0.09982479158708424, "v0s": 4.597887159963994}, "datetime": {"datetime": "2022-04-29 17:48:43", "elapsed": 94636.073753, "delta": 16.16777}}
{"target": -1.0, "params": {"Bgrad": 0.8863271752278845, "d1": -1.3479102482039345, "d2": 0.25170038454113497, "d3": -1.5909038851613775, "d4": -0.5337143361930581, "p1": 22.22483618901126, "p2": 24.306396008568797, "p3": 13.820686771934227, "p4": 36.674453800781215, "pol1": -0.46041894567124864, "pol2": 0.57312304691552, "pol3": -0.5789431567066528, "pol4": 0.9576136951482657, "v0s": 5.456836039474078}, "datetime": {"datetime": "2022-04-29 17:49:06", "elapsed": 94659.360488, "delta": 23.286735}}
{"target": -1.0, "params": {"Bgrad": 0.8061406539482869, "d1": -1.0559648404455775, "d2": -0.43248403855927764, "d3": -0.8085442591081158, "d4": -2.4720862287674517, "p1": 24.19319303536772, "p2": 28.288897252841107, "p3": 13.384248636153517, "p4": 35.49859270044354, "pol1": 0.3465523694257835, "pol2": 0.41343628244914354, "pol3": -0.3576392214864932, "pol4": 0.5629211342857816, "v0s": 4.218044118246363}, "datetime": {"datetime": "2022-04-29 17:49:25", "elapsed": 94678.326776, "delta": 18.966288}}
{"target": 2.3721451877362183, "params": {"Bgrad": 1.7458069255428421, "d1": -1.5691625568217251, "d2": -0.05225632730609853, "d3": -2.6430528956743427, "d4": -2.6792511230130875, "p1": 5.425199615905557, "p2": 40.65078317967005, "p3": 5.55595075301788, "p4": 26.445165130115633, "pol1": -0.7347705677392906, "pol2": 0.2477110840005865, "pol3": 0.08714363044128892, "pol4": -0.12232888730432001, "v0s": 2.3721451877362183}, "datetime": {"datetime": "2022-04-29 17:49:52", "elapsed": 94704.844872, "delta": 26.518096}}
{"target": -1.0, "params": {"Bgrad": 1.0191256444887251, "d1": -1.2959326397370359, "d2": -0.7623583213367682, "d3": -0.6461116202920989, "d4": -0.33076404977644014, "p1": 14.665468029164424, "p2": 36.06961178557515, "p3": 1.5925087408538763, "p4": 29.583696927451662, "pol1": 0.9288266271605856, "pol2": -0.520522528945863, "pol3": 0.41958026876723675, "pol4": 0.8704384599984596, "v0s": 5.801123749983835}, "datetime": {"datetime": "2022-04-29 17:50:11", "elapsed": 94724.23702, "delta": 19.392148}}
{"target": -1.0, "params": {"Bgrad": 1.0431740806189802, "d1": -1.196189027846224, "d2": 0.7239821889550102, "d3": -1.0124805030030664, "d4": -0.8605143706427336, "p1": 38.11957461738666, "p2": 48.82061323967931, "p3": 15.551775889266956, "p4": 10.502108743450306, "pol1": -0.4374996456821614, "pol2": -0.1901010090892996, "pol3": -0.9940600986439134, "pol4": -0.6984802601516513, "v0s": 2.750860677921226}, "datetime": {"datetime": "2022-04-29 17:50:34", "elapsed": 94747.130807, "delta": 22.893787}}
{"target": -1.0, "params": {"Bgrad": 1.6675721630053761, "d1": -1.592640936770854, "d2": -2.349730054852768, "d3": -1.929412647446136, "d4": -0.3023184477766261, "p1": 2.4840805892947238, "p2": 30.498597109146065, "p3": 23.266463080252336, "p4": 21.82679447371656, "pol1": 0.20442181656683966, "pol2": 0.4092877626900109, "pol3": 0.327055439434627, "pol4": -0.7164277746859007, "v0s": 5.060753679972478}, "datetime": {"datetime": "2022-04-29 17:50:54", "elapsed": 94767.465436, "delta": 20.334629}}
{"target": 3.361032766049912, "params": {"Bgrad": 1.487646474806465, "d1": -1.2374705660342147, "d2": -0.0908769686802322, "d3": -1.781383810556589, "d4": 0.8522317078193713, "p1": 43.6295579862511, "p2": 25.3127696459819, "p3": 23.24424898857007, "p4": 3.359429529326202, "pol1": 0.09894628312362874, "pol2": -0.10461146365187979, "pol3": -0.007329155610140692, "pol4": -0.07424176542101457, "v0s": 3.361032766049912}, "datetime": {"datetime": "2022-04-29 17:51:09", "elapsed": 94782.503227, "delta": 15.037791}}
{"target": -1.0, "params": {"Bgrad": 1.1921722963270551, "d1": -0.5809801959506693, "d2": -1.361377720396153, "d3": 0.34671675878798425, "d4": -0.22339732312589033, "p1": 6.71310237225487, "p2": 0.6943328412831906, "p3": 39.97717580446298, "p4": 45.87845225359317, "pol1": 0.10259771950756758, "pol2": 0.10042205529511694, "pol3": 0.11809983249365463, "pol4": 0.37556073457941097, "v0s": 2.0179065034538795}, "datetime": {"datetime": "2022-04-29 17:51:29", "elapsed": 94802.139722, "delta": 19.636495}}
{"target": -1.0, "params": {"Bgrad": 0.7677893761128501, "d1": -0.7790508034205486, "d2": -0.6914426388419983, "d3": -1.0834222342904911, "d4": -2.661523017499596, "p1": 41.75825335910069, "p2": 45.80416726165264, "p3": 31.57301643355588, "p4": 15.86004477438383, "pol1": 0.054501718966508905, "pol2": 0.0901659779730608, "pol3": -0.8763791223727655, "pol4": -0.08535657732380364, "v0s": 3.890587713005189}, "datetime": {"datetime": "2022-04-29 17:51:49", "elapsed": 94822.079408, "delta": 19.939686}}
{"target": -1.0, "params": {"Bgrad": 1.4404263864797386, "d1": -2.0290327514634137, "d2": -1.2345932634616545, "d3": -0.6436820746966934, "d4": -2.314755269875123, "p1": 8.209832043572623, "p2": 11.746237069267002, "p3": 34.54093238485824, "p4": 1.958543887239672, "pol1": 0.20115366446987415, "pol2": -0.18917994186557308, "pol3": 0.40374594359026283, "pol4": -0.38090876988044187, "v0s": 4.402598089347131}, "datetime": {"datetime": "2022-04-29 17:52:13", "elapsed": 94845.721194, "delta": 23.641786}}
{"target": 4.461064888500232, "params": {"Bgrad": 1.3871692445589756, "d1": -0.813035053885164, "d2": 0.384186575594266, "d3": -2.498600556231477, "d4": -1.6791162280320897, "p1": 23.454713095155036, "p2": 26.10858062708474, "p3": 11.446532929154024, "p4": 38.405891212880555, "pol1": -0.0048115997958174395, "pol2": -0.8409510246048751, "pol3": -0.4159352023504736, "pol4": 0.34953224987632214, "v0s": 4.461064888500232}, "datetime": {"datetime": "2022-04-29 17:52:29", "elapsed": 94862.089428, "delta": 16.368234}}
{"target": -1.0, "params": {"Bgrad": 1.9719042081794962, "d1": -0.8723762248445714, "d2": 0.19312234525549288, "d3": 0.710776041278653, "d4": -0.7149699414739494, "p1": 27.92543220584941, "p2": 6.55343781492832, "p3": 44.107870787640636, "p4": 18.40876596647262, "pol1": -0.5055448422853497, "pol2": -0.015353481612867093, "pol3": -0.14532361994979137, "pol4": 0.7752260131409878, "v0s": 4.24169907226065}, "datetime": {"datetime": "2022-04-29 17:53:01", "elapsed": 94894.426963, "delta": 32.337535}}
{"target": -1.0, "params": {"Bgrad": 1.3006057005256624, "d1": -2.649063941559016, "d2": -0.1726566575660584, "d3": 0.04888918999180536, "d4": -2.2409161725347393, "p1": 5.002545840856221, "p2": 5.7083776569470555, "p3": 21.672094474037788, "p4": 17.381045318708754, "pol1": 0.6917318983697367, "pol2": 0.017079324320413036, "pol3": 0.32405520582778413, "pol4": -0.7365251930834047, "v0s": 4.299369413403623}, "datetime": {"datetime": "2022-04-29 17:53:31", "elapsed": 94924.010862, "delta": 29.583899}}
{"target": -1.0, "params": {"Bgrad": 0.8009208025864513, "d1": -1.0684054983364786, "d2": -1.940728814136357, "d3": -2.822987233386408, "d4": -1.2185880856655467, "p1": 41.12051384622086, "p2": 43.29664707095297, "p3": 11.103964128300008, "p4": 19.562956528561692, "pol1": 0.567766125443474, "pol2": -0.24201576550996462, "pol3": -0.7777631748270417, "pol4": -0.10773495867271565, "v0s": 3.65814875530127}, "datetime": {"datetime": "2022-04-29 17:53:56", "elapsed": 94949.060883, "delta": 25.050021}}
{"target": -1.0, "params": {"Bgrad": 0.939332033294682, "d1": -1.3212396082504085, "d2": -0.5582920666052136, "d3": -2.0663455351884252, "d4": -0.7570795459681108, "p1": 41.83672987905586, "p2": 23.019200635289305, "p3": 42.89559869048858, "p4": 49.1760824801543, "pol1": -0.8663794999843633, "pol2": 0.29673382296640005, "pol3": -0.3416860765550713, "pol4": 0.4692392472638489, "v0s": 2.446996051688248}, "datetime": {"datetime": "2022-04-29 17:54:15", "elapsed": 94967.925442, "delta": 18.864559}}
{"target": -1.0, "params": {"Bgrad": 1.7423847932031968, "d1": -1.0818413043596125, "d2": -0.36350951025440636, "d3": -1.7949644444775594, "d4": -2.7074043544181237, "p1": 35.35055828781768, "p2": 13.136459950730185, "p3": 3.176930944276779, "p4": 17.376243334783776, "pol1": 0.09936052389883532, "pol2": -0.8534635939514634, "pol3": 0.7374378177566869, "pol4": -0.07351880682111789, "v0s": 4.785641999941861}, "datetime": {"datetime": "2022-04-29 17:54:38", "elapsed": 94990.593831, "delta": 22.668389}}
{"target": -1.0, "params": {"Bgrad": 1.919795015720707, "d1": -2.2995093145979766, "d2": -0.5846647565597056, "d3": -2.6720947636196732, "d4": -0.22701136561761448, "p1": 44.969503112477305, "p2": 24.515999951101726, "p3": 21.58623520059861, "p4": 3.0142328080685177, "pol1": 0.9684747673871426, "pol2": 0.28855261572368085, "pol3": 0.44312220330902186, "pol4": -0.9083243851202554, "v0s": 2.944367993000444}, "datetime": {"datetime": "2022-04-29 17:55:03", "elapsed": 95015.942054, "delta": 25.348223}}
{"target": -1.0, "params": {"Bgrad": 1.1497623838388658, "d1": -2.0400523199335994, "d2": 0.5222679520104108, "d3": -1.4189243488948655, "d4": -0.6475127104740395, "p1": 38.96828532768724, "p2": 47.61705751451634, "p3": 15.223316728429847, "p4": 11.899173400482304, "pol1": 0.25016040043917487, "pol2": 0.117020357516604, "pol3": -0.2114762002818591, "pol4": -0.5290386094633674, "v0s": 4.588771026203022}, "datetime": {"datetime": "2022-04-29 17:55:25", "elapsed": 95038.182588, "delta": 22.240534}}
{"target": -1.0, "params": {"Bgrad": 1.893816062898373, "d1": -1.9720649549969238, "d2": -2.6314592764089495, "d3": -2.4079697654121386, "d4": -2.0058310722234727, "p1": 16.780013789948818, "p2": 17.772418112604647, "p3": 39.34372821967993, "p4": 29.66618040314518, "pol1": -0.013401216496658819, "pol2": -0.6714388585124031, "pol3": 0.8820688822025833, "pol4": -0.035037430645558976, "v0s": 4.823929420253518}, "datetime": {"datetime": "2022-04-29 17:55:51", "elapsed": 95063.560731, "delta": 25.378143}}
{"target": -1.0, "params": {"Bgrad": 1.6502494921831308, "d1": -1.4847964463677132, "d2": -0.18243220878793265, "d3": -0.9629670781027713, "d4": -0.5441626018321739, "p1": 34.17767220596269, "p2": 41.9260839950978, "p3": 21.705481283407714, "p4": 19.64649779710548, "pol1": -0.7467762878088944, "pol2": 0.15974168081940454, "pol3": -0.49369702581027464, "pol4": 0.8728767664696262, "v0s": 2.9630058924525398}, "datetime": {"datetime": "2022-04-29 17:56:06", "elapsed": 95079.480165, "delta": 15.919434}}
{"target": -1.0, "params": {"Bgrad": 1.413189523435673, "d1": -2.641028909228182, "d2": 0.3599339443619911, "d3": -1.3154476882174766, "d4": 0.3625179427486236, "p1": 3.999479875640249, "p2": 4.088478579885563, "p3": 25.078259743613163, "p4": 18.12421818559189, "pol1": -0.8396749199520464, "pol2": -0.5104668200522162, "pol3": -0.7220754631184929, "pol4": 0.6388355159196062, "v0s": 5.861922473489475}, "datetime": {"datetime": "2022-04-29 17:56:54", "elapsed": 95127.004095, "delta": 47.52393}}
{"target": -1.0, "params": {"Bgrad": 0.5280413828072124, "d1": -1.5808162090676854, "d2": 0.34909164477753407, "d3": -1.7109445032791784, "d4": 0.6733379944848954, "p1": 5.613822574743043, "p2": 12.73444219196212, "p3": 34.093309777896884, "p4": 3.9508062921701503, "pol1": -0.8224720387684041, "pol2": 0.6996310212348149, "pol3": 0.2005832658847826, "pol4": -0.42978255310581726, "v0s": 5.18110989663661}, "datetime": {"datetime": "2022-04-29 17:57:13", "elapsed": 95145.768921, "delta": 18.764826}}
{"target": -1.0, "params": {"Bgrad": 1.3015053216483377, "d1": -2.174691885043335, "d2": -1.9725521559312402, "d3": 0.3875686982947224, "d4": -0.21011642586919344, "p1": 14.01894160598937, "p2": 37.611803192666585, "p3": 1.6549404156057046, "p4": 31.194678146577715, "pol1": 0.2095636207708198, "pol2": 0.4902667153364837, "pol3": -0.5133670235779217, "pol4": -0.13261787695835614, "v0s": 6.430576607868138}, "datetime": {"datetime": "2022-04-29 17:57:39", "elapsed": 95171.973854, "delta": 26.204933}}
{"target": 3.0308180645149925, "params": {"Bgrad": 1.5362863658761303, "d1": -1.4493706359535607, "d2": -0.5797311967846832, "d3": -1.7152453520970117, "d4": 0.41234995777820593, "p1": 15.091240361350653, "p2": 13.881012775266875, "p3": 29.066781563349327, "p4": 34.246937851196485, "pol1": -0.22759698780327428, "pol2": 0.4541853438982067, "pol3": -0.41779592588159997, "pol4": -0.12993258087600867, "v0s": 3.0308180645149925}, "datetime": {"datetime": "2022-04-29 17:57:57", "elapsed": 95189.962755, "delta": 17.988901}}
{"target": -1.0, "params": {"Bgrad": 1.6916252556384541, "d1": 0.4153509351871909, "d2": -2.2072346208933626, "d3": -1.4739267150836937, "d4": -2.6171383438734863, "p1": 3.529169057503967, "p2": 29.294252566866845, "p3": 25.425712957039732, "p4": 22.045098861841574, "pol1": 0.18233431176658899, "pol2": 0.43505290517768724, "pol3": -0.6413115454530665, "pol4": -0.8022512735612688, "v0s": 3.8347651501789994}, "datetime": {"datetime": "2022-04-29 17:58:46", "elapsed": 95239.387601, "delta": 49.424846}}
{"target": -1.0, "params": {"Bgrad": 1.6451553866222326, "d1": -1.6393842918377355, "d2": 0.5916105906748443, "d3": -1.4877058249983648, "d4": -1.8314814681210425, "p1": 1.8149743576459099, "p2": 47.8205682946735, "p3": 46.269641940977294, "p4": 36.154982890284096, "pol1": -0.08122281752977512, "pol2": 0.34917329488582416, "pol3": 0.254636353393503, "pol4": 0.45440601588656326, "v0s": 5.708615915926895}, "datetime": {"datetime": "2022-04-29 17:59:13", "elapsed": 95265.690273, "delta": 26.302672}}
{"target": -1.0, "params": {"Bgrad": 1.3722710564021563, "d1": -0.9195955747001947, "d2": -0.40862150455449964, "d3": -1.388524227827955, "d4": 0.7740938476985217, "p1": 23.571600966022398, "p2": 28.51125209901883, "p3": 23.836909153951165, "p4": 2.3362271644533417, "pol1": -0.23410359859746444, "pol2": -0.5441324793954518, "pol3": 0.2520669708024874, "pol4": 0.9670105166341765, "v0s": 4.181178534405658}, "datetime": {"datetime": "2022-04-29 17:59:49", "elapsed": 95302.352246, "delta": 36.661973}}
{"target": 4.207866854159756, "params": {"Bgrad": 0.934190720218957, "d1": -0.017439633409251698, "d2": -0.19053765451732252, "d3": -2.8326370708493545, "d4": -2.489045192020664, "p1": 1.220672635015685, "p2": 30.166822201152726, "p3": 9.795152773696808, "p4": 20.286956102603813, "pol1": -0.7756352024709425, "pol2": -0.9878695371021009, "pol3": 0.2533426067934508, "pol4": 0.5708700767087416, "v0s": 4.207866854159756}, "datetime": {"datetime": "2022-04-29 18:00:17", "elapsed": 95330.064149, "delta": 27.711903}}
{"target": -1.0, "params": {"Bgrad": 1.6107992403112092, "d1": -2.8926567162626164, "d2": -0.6808677079396968, "d3": -2.052302540593953, "d4": -1.0936463644154562, "p1": 44.401308916860835, "p2": 37.592015637165574, "p3": 18.759808828070096, "p4": 25.566072414449785, "pol1": 0.27623985344616586, "pol2": 0.7432590901091687, "pol3": 0.5026101725149492, "pol4": 0.7960746086577475, "v0s": 2.3804846005512674}, "datetime": {"datetime": "2022-04-29 18:00:38", "elapsed": 95351.234543, "delta": 21.170394}}
{"target": 3.983831583572749, "params": {"Bgrad": 1.7215696142710246, "d1": -1.7088860550830192, "d2": 0.4074065425537219, "d3": -1.487065160728069, "d4": -1.68823245497869, "p1": 8.693496666995577, "p2": 5.994115836920589, "p3": 28.78445825755499, "p4": 11.465495575087276, "pol1": -0.0056940659053617, "pol2": 0.15303114029750042, "pol3": 0.12545490855316133, "pol4": 0.12343806327329143, "v0s": 3.983831583572749}, "datetime": {"datetime": "2022-04-29 18:00:54", "elapsed": 95367.001386, "delta": 15.766843}}
{"target": -1.0, "params": {"Bgrad": 1.3011094661250158, "d1": -1.777575282273824, "d2": -1.0812107448662847, "d3": -2.086041951193175, "d4": -1.6509504758281697, "p1": 4.563363281121141, "p2": 42.33070219607278, "p3": 8.658085303993962, "p4": 23.865018922758484, "pol1": -0.8575910174881085, "pol2": -0.8771968317427365, "pol3": 0.7320309089238133, "pol4": 0.331015532329461, "v0s": 5.2190043547115295}, "datetime": {"datetime": "2022-04-29 18:01:17", "elapsed": 95389.949029, "delta": 22.947643}}
{"target": -1.0, "params": {"Bgrad": 1.0929940737477088, "d1": -0.8508843186561297, "d2": -0.7079261799387639, "d3": -1.9192623139313865, "d4": -2.0842084821346374, "p1": 2.9887416967181113, "p2": 45.915280285607516, "p3": 10.520171027735586, "p4": 20.377373759806, "pol1": -0.15295071346273392, "pol2": 0.5368186451955663, "pol3": -0.21872135512924995, "pol4": 0.18171853076004574, "v0s": 4.416362949438783}, "datetime": {"datetime": "2022-04-29 18:01:38", "elapsed": 95411.496414, "delta": 21.547385}}
{"target": 4.765413115244137, "params": {"Bgrad": 0.5273521730110193, "d1": -1.393881191162465, "d2": 0.5304908018613448, "d3": -0.3797000517435358, "d4": -2.57595165044647, "p1": 43.250391297518846, "p2": 37.563828508111, "p3": 18.844006235197845, "p4": 25.873954865827542, "pol1": 0.3968427930006655, "pol2": 0.6558334758368618, "pol3": -0.9910268495367744, "pol4": -0.40154290825265204, "v0s": 4.765413115244137}, "datetime": {"datetime": "2022-04-29 18:01:57", "elapsed": 95430.317091, "delta": 18.820677}}
{"target": 4.872570276110862, "params": {"Bgrad": 1.034708166609578, "d1": -1.5896174460915224, "d2": 0.40535967041266296, "d3": -1.55753022510573, "d4": -0.9956305165010129, "p1": 27.541449574575395, "p2": 41.98785712994454, "p3": 26.976746053164185, "p4": 20.313643459290333, "pol1": -0.3968454968287991, "pol2": 0.06676003156957089, "pol3": 0.5180706758609241, "pol4": -0.9004541327193978, "v0s": 4.872570276110862}, "datetime": {"datetime": "2022-04-29 18:02:15", "elapsed": 95448.267097, "delta": 17.950006}}
{"target": -1.0, "params": {"Bgrad": 1.3079829223527373, "d1": -0.3507953359473843, "d2": 0.9810272668108686, "d3": -1.1925653791470663, "d4": 0.9530667203601522, "p1": 23.738245454441714, "p2": 27.433490684947394, "p3": 23.697585541616412, "p4": 3.898254835582043, "pol1": -0.037630451450288316, "pol2": 0.32450401297512155, "pol3": -0.49246881550860677, "pol4": -0.7788892416817466, "v0s": 4.031570508248908}, "datetime": {"datetime": "2022-04-29 18:02:43", "elapsed": 95475.999944, "delta": 27.732847}}
{"target": 4.447818385964207, "params": {"Bgrad": 0.8019717467572599, "d1": -2.1930597920181722, "d2": 0.2557056209985525, "d3": -0.7454853020445251, "d4": -2.1144893491583385, "p1": 30.01239896186715, "p2": 29.154639914649604, "p3": 8.1077639968094, "p4": 7.911699265315441, "pol1": -0.7943123932199656, "pol2": 0.3705524728106181, "pol3": 0.27455392275807405, "pol4": -0.5440786079910541, "v0s": 4.447818385964207}, "datetime": {"datetime": "2022-04-29 18:03:04", "elapsed": 95497.168343, "delta": 21.168399}}
{"target": 2.7186909214723296, "params": {"Bgrad": 1.5903622402306559, "d1": -1.284566089157276, "d2": 0.6266790719159716, "d3": -2.135066466129092, "d4": -1.9046564796680583, "p1": 4.151209183363513, "p2": 20.08112459268588, "p3": 11.404446195614822, "p4": 26.738483496467452, "pol1": -0.04449330775794954, "pol2": 0.3308692264742781, "pol3": -0.7391536308011987, "pol4": 0.5415008181051163, "v0s": 2.7186909214723296}, "datetime": {"datetime": "2022-04-29 18:03:41", "elapsed": 95534.134502, "delta": 36.966159}}
{"target": -1.0, "params": {"Bgrad": 1.7319857940295726, "d1": -0.8435755177625253, "d2": -1.2771978478015429, "d3": 0.7153789432216513, "d4": -1.1595125321930966, "p1": 44.478574349791394, "p2": 35.976183276702415, "p3": 18.12426244789013, "p4": 26.656436803639956, "pol1": -0.319618575195437, "pol2": 0.9427646622930932, "pol3": -0.7091013161177127, "pol4": 0.3416199966517912, "v0s": 3.2527314706292425}, "datetime": {"datetime": "2022-04-29 18:04:04", "elapsed": 95557.350427, "delta": 23.215925}}
{"target": 3.7824423361368518, "params": {"Bgrad": 1.6726582097852551, "d1": -1.9923270176051306, "d2": 0.15771731427310448, "d3": -1.5607108593897812, "d4": -1.912603707276338, "p1": 8.690482302838864, "p2": 5.7115742046037745, "p3": 28.417882646042138, "p4": 11.144105181333943, "pol1": -0.02773151891353887, "pol2": 0.19076726951585116, "pol3": 0.22589686564919417, "pol4": 0.21592101077612252, "v0s": 3.7824423361368518}, "datetime": {"datetime": "2022-04-29 18:04:22", "elapsed": 95574.572379, "delta": 17.221952}}
