{"target": 3.7327327473957705, "params": {"Bgrad": 1.3380190636786333, "d1": -2.0692295627925676, "d2": -0.16449360788033696, "d3": -1.6837585393544026, "d4": -2.5451542336742246, "p1": 7.6294925431601435, "p2": 34.34062621336238, "p3": 35.250169545209985, "p4": 33.73848218213462, "pol1": -0.8411286491154439, "pol2": 0.3567689166439947, "pol3": 0.23233098245084327, "pol4": -0.7186453081958599, "v0s": 3.7327327473957705}, "datetime": {"datetime": "2022-06-25 02:27:14", "elapsed": 9905.945349, "delta": 9.210372}}
{"target": 4.147355677091264, "params": {"Bgrad": 0.8398234527648489, "d1": -2.0778458322555022, "d2": 0.44758402155302346, "d3": -1.0411729611424363, "d4": -2.0593905405168917, "p1": 6.7056639463489836, "p2": 32.8236415657102, "p3": 35.41577487071358, "p4": 34.768365697635815, "pol1": 0.372267143994016, "pol2": -0.093566713135621, "pol3": 0.49138988873160216, "pol4": 0.0777289332809973, "v0s": 4.147355677091264}, "datetime": {"datetime": "2022-06-25 02:27:22", "elapsed": 9914.565299, "delta": 8.61995}}
{"target": -1.0, "params": {"Bgrad": 1.82899526615009, "d1": -1.3452656872755675, "d2": -0.0647899996046375, "d3": 0.13854481839040567, "d4": -1.111947991641899, "p1": 48.806971750622466, "p2": 44.86857227223888, "p3": 7.7952597935148855, "p4": 17.481107811035134, "pol1": 0.027493901693670164, "pol2": 0.6071876426496852, "pol3": -0.9783369734461349, "pol4": 0.707259379317001, "v0s": 2.781504774625976}, "datetime": {"datetime": "2022-06-25 02:27:38", "elapsed": 9930.152619, "delta": 15.58732}}
{"target": 3.702366519364186, "params": {"Bgrad": 1.091718904616016, "d1": -2.738508501393365, "d2": 0.10811980411576538, "d3": -1.8545932495829929, "d4": -2.2887003711700995, "p1": 10.155170831944316, "p2": 18.214885109763856, "p3": 8.273188614351584, "p4": 33.714962804511785, "pol1": -0.31531542304075466, "pol2": -0.371836228914066, "pol3": -0.7680859245707681, "pol4": 0.5633954870612781, "v0s": 3.702366519364186}, "datetime": {"datetime": "2022-06-25 02:27:55", "elapsed": 9946.853959, "delta": 16.70134}}
{"target": 3.9338289872562946, "params": {"Bgrad": 1.8839487057758693, "d1": -0.0011709253977190137, "d2": 0.38370914525997213, "d3": -0.2044901165030275, "d4": -0.4444848672710382, "p1": 9.728271174343405, "p2": 17.01768380179289, "p3": 7.773026884525275, "p4": 29.93835276568572, "pol1": 0.579235201424976, "pol2": -0.051786358148160794, "pol3": 0.2979706107111557, "pol4": -0.08398155878393299, "v0s": 3.9338289872562946}, "datetime": {"datetime": "2022-06-25 02:28:16", "elapsed": 9968.204866, "delta": 21.350907}}
{"target": -1.0, "params": {"Bgrad": 1.5166327152478114, "d1": -0.8660389533041086, "d2": 0.3218369028706496, "d3": -2.227456282797518, "d4": -2.864842478692182, "p1": 8.29669569563632, "p2": 9.359936659224283, "p3": 37.08118586817113, "p4": 31.676994171996242, "pol1": -0.5310128780342025, "pol2": 0.3679075806303529, "pol3": -0.6526728023196919, "pol4": -0.24456892171629696, "v0s": 5.410923161711272}, "datetime": {"datetime": "2022-06-25 02:28:34", "elapsed": 9985.973354, "delta": 17.768488}}
{"target": 4.532438425276003, "params": {"Bgrad": 1.4061784645030009, "d1": -2.5444890941885903, "d2": -1.4064219279838612, "d3": 0.40274266200379394, "d4": 0.14542508808275834, "p1": 34.13025013385554, "p2": 8.979966240934601, "p3": 9.453105310940007, "p4": 27.887776739090093, "pol1": 0.035299817907068265, "pol2": -0.2808529796471908, "pol3": -0.28380545596103146, "pol4": -0.6125824371536233, "v0s": 4.532438425276003}, "datetime": {"datetime": "2022-06-25 02:28:48", "elapsed": 9999.78542, "delta": 13.812066}}
{"target": 3.906425374879884, "params": {"Bgrad": 1.9262950116632032, "d1": -2.565474317430896, "d2": -1.295592043375838, "d3": -2.7953860111160744, "d4": -1.4863679674340942, "p1": 8.495655016427667, "p2": 10.917960424178535, "p3": 32.84123151355613, "p4": 33.790672895578226, "pol1": 0.9312049245763638, "pol2": 0.5010170167195636, "pol3": 0.9265215503469111, "pol4": 0.016695936971631742, "v0s": 3.906425374879884}, "datetime": {"datetime": "2022-06-25 02:29:02", "elapsed": 10013.990436, "delta": 14.205016}}
{"target": -1.0, "params": {"Bgrad": 0.7646873945859782, "d1": -0.711025954997766, "d2": -1.1539773503753983, "d3": -0.8156530823010426, "d4": -0.21959098984609904, "p1": 4.157481651458811, "p2": 12.2609459716983, "p3": 32.34811740265178, "p4": 33.153699834686066, "pol1": 0.5170842254485002, "pol2": -0.6591944259643701, "pol3": 0.5338585187278635, "pol4": -0.025186317813259862, "v0s": 4.88120200946982}, "datetime": {"datetime": "2022-06-25 02:29:16", "elapsed": 10028.656219, "delta": 14.665783}}
{"target": -1.0, "params": {"Bgrad": 1.3547799904171907, "d1": -2.135235662149608, "d2": -0.30688541810314174, "d3": -1.1032707525807708, "d4": 0.8755865916533154, "p1": 2.6014017045882962, "p2": 14.998676512561248, "p3": 40.685267607571305, "p4": 30.79768984562764, "pol1": 0.8090992098530692, "pol2": 0.618109432885777, "pol3": 0.12557442089522852, "pol4": -0.04740162650913504, "v0s": 2.5421459227658767}, "datetime": {"datetime": "2022-06-25 02:29:32", "elapsed": 10044.176718, "delta": 15.520499}}
{"target": -1.0, "params": {"Bgrad": 1.3799125331498259, "d1": -2.1418604101396217, "d2": -2.2136342663316513, "d3": -1.9591306607849126, "d4": -1.7086689896949854, "p1": 27.560610979751036, "p2": 22.323655070092375, "p3": 4.116634179092688, "p4": 42.68051668168964, "pol1": 0.8888037600880876, "pol2": -0.5216771424030127, "pol3": -0.3879112952888015, "pol4": -0.003728895327055781, "v0s": 4.020037816567211}, "datetime": {"datetime": "2022-06-25 02:29:50", "elapsed": 10062.613417, "delta": 18.436699}}
{"target": 3.782613374262091, "params": {"Bgrad": 1.9999993969490002, "d1": -2.5563774532741683, "d2": -0.6710806205611352, "d3": -0.3331858657492281, "d4": -2.468913487950042, "p1": 11.085048796243974, "p2": 16.740359642829205, "p3": 8.75987100472729, "p4": 32.83876349749469, "pol1": -0.10994719927718033, "pol2": 0.6076831414892808, "pol3": -0.3720880060021494, "pol4": -0.5753496945074067, "v0s": 3.782613374262091}, "datetime": {"datetime": "2022-06-25 02:30:01", "elapsed": 10073.414535, "delta": 10.801118}}
{"target": 3.368697197563436, "params": {"Bgrad": 0.9514933705724197, "d1": -1.0488856270677598, "d2": 0.5696655311519372, "d3": -1.8686669845699089, "d4": -0.7822098166369034, "p1": 45.48579167685847, "p2": 21.682080988079054, "p3": 22.58944312692231, "p4": 15.868529898719746, "pol1": -0.5548229061645824, "pol2": 0.23293334166814206, "pol3": 0.3255877578019193, "pol4": -0.10431975518534342, "v0s": 3.368697197563436}, "datetime": {"datetime": "2022-06-25 02:30:14", "elapsed": 10086.237247, "delta": 12.822712}}
{"target": -1.0, "params": {"Bgrad": 0.8755914838824064, "d1": -2.442987530443, "d2": -0.30353189843923545, "d3": -1.8222293538500511, "d4": 0.9107227978139947, "p1": 4.871380619127197, "p2": 11.256731043154344, "p3": 38.0433374427958, "p4": 28.09131839201851, "pol1": 0.5207700563617139, "pol2": 0.10904569313151624, "pol3": -0.02162122940378519, "pol4": 0.22851818613523944, "v0s": 2.807310229034937}, "datetime": {"datetime": "2022-06-25 02:30:41", "elapsed": 10112.951813, "delta": 26.714566}}
{"target": 2.3344180321458197, "params": {"Bgrad": 1.5892356280795683, "d1": -2.3213180846973778, "d2": -0.13958508068863962, "d3": 0.7884748525272416, "d4": -0.5347591336156192, "p1": 6.4438249762459545, "p2": 8.544847622129614, "p3": 33.85248564312759, "p4": 28.501478305181976, "pol1": -0.055070650385275366, "pol2": -0.2996989757776132, "pol3": -0.018140829229371658, "pol4": -0.32519809428942836, "v0s": 2.3344180321458197}, "datetime": {"datetime": "2022-06-25 02:30:51", "elapsed": 10123.288173, "delta": 10.33636}}
{"target": -1.0, "params": {"Bgrad": 1.0875852657836407, "d1": -1.1721058795732882, "d2": -1.5086993994087847, "d3": -1.9316021929626785, "d4": -2.797118150073729, "p1": 7.101785056411336, "p2": 10.337921366013031, "p3": 32.9435929447275, "p4": 29.812510159059496, "pol1": 0.10446576601349222, "pol2": -0.993309472747409, "pol3": -0.5703512420597041, "pol4": -0.287455733583283, "v0s": 5.266726153042649}, "datetime": {"datetime": "2022-06-25 02:31:09", "elapsed": 10140.75048, "delta": 17.462307}}
{"target": -1.0, "params": {"Bgrad": 1.4696818424994003, "d1": -1.7269310966721179, "d2": 0.35727188504804674, "d3": -2.7984576144867934, "d4": 0.6068366943608399, "p1": 23.870606587524012, "p2": 5.233484470953043, "p3": 36.504047352606136, "p4": 25.841739387566882, "pol1": 0.7187149709859046, "pol2": -0.303918384700292, "pol3": 0.0949180448446727, "pol4": -0.04290019944348744, "v0s": 3.6597810334015466}, "datetime": {"datetime": "2022-06-25 02:31:27", "elapsed": 10159.428533, "delta": 18.678053}}
{"target": 2.8350096458047016, "params": {"Bgrad": 1.888725133368228, "d1": -1.4952492898017384, "d2": 0.8654667215631817, "d3": -1.7401452094884542, "d4": -1.347459249182855, "p1": 9.893768993100627, "p2": 19.39321641197122, "p3": 9.231442887666248, "p4": 29.195731315455497, "pol1": 0.02876602058117461, "pol2": 0.19210902714134237, "pol3": 0.42624441860248674, "pol4": 0.07647817883837749, "v0s": 2.8350096458047016}, "datetime": {"datetime": "2022-06-25 02:31:36", "elapsed": 10167.736318, "delta": 8.307785}}
{"target": -1.0, "params": {"Bgrad": 1.9597078725176407, "d1": -1.576145057867027, "d2": -0.9790675594556326, "d3": -0.4232168221027939, "d4": 0.8591647777174951, "p1": 34.13368391272125, "p2": 8.208985055673052, "p3": 9.288259799142724, "p4": 27.892213084453243, "pol1": -0.16887835388454464, "pol2": -0.06107964902777119, "pol3": -0.2631556498830798, "pol4": 0.7479685169757349, "v0s": 5.5053447457199765}, "datetime": {"datetime": "2022-06-25 02:31:53", "elapsed": 10184.909398, "delta": 17.17308}}
{"target": 4.072221501006284, "params": {"Bgrad": 0.8801341133550832, "d1": -1.4372337482131767, "d2": 0.4326691862360793, "d3": -2.4817865695407493, "d4": -2.3017035008555995, "p1": 7.346229579113821, "p2": 9.713719011305763, "p3": 35.16598750851593, "p4": 31.952441939471413, "pol1": 0.31433394844631235, "pol2": -0.25090381492239106, "pol3": 0.4325199791224566, "pol4": -0.07255456236828424, "v0s": 4.072221501006284}, "datetime": {"datetime": "2022-06-25 02:32:09", "elapsed": 10201.361405, "delta": 16.452007}}
{"target": 4.815667587442383, "params": {"Bgrad": 1.6890151122076082, "d1": -2.25027400426288, "d2": 0.3253907930864593, "d3": -1.710190570212563, "d4": -0.6160820356750709, "p1": 7.663809151200589, "p2": 9.152373825410907, "p3": 32.94696051531172, "p4": 32.80307491776951, "pol1": 0.2713165093744171, "pol2": -0.3363290411681822, "pol3": -0.061962793012294355, "pol4": 0.4105768444144337, "v0s": 4.815667587442383}, "datetime": {"datetime": "2022-06-25 02:32:24", "elapsed": 10215.951391, "delta": 14.589986}}
{"target": 3.2106984008251866, "params": {"Bgrad": 1.8210054114067162, "d1": -0.9110463943497038, "d2": 0.9964083835401958, "d3": -0.4000548687020995, "d4": -2.508236966676706, "p1": 45.54352136060319, "p2": 20.20406252181195, "p3": 28.08502117495945, "p4": 12.99461473467291, "pol1": 0.8892288947556644, "pol2": -0.20818271406766242, "pol3": -0.6323297420617684, "pol4": 0.0057065616360310045, "v0s": 3.2106984008251866}, "datetime": {"datetime": "2022-06-25 02:32:34", "elapsed": 10226.00052, "delta": 10.049129}}
{"target": -1.0, "params": {"Bgrad": 0.5706573215667832, "d1": -1.4445960322890046, "d2": -0.2971916962738126, "d3": -2.7386490880602237, "d4": 0.7961425697564022, "p1": 29.639819844074967, "p2": 8.5132349579366, "p3": 37.16615952543935, "p4": 27.813184129919932, "pol1": 0.2713888920983183, "pol2": 0.9421440426058756, "pol3": 0.6028725035414086, "pol4": 0.3903927424422513, "v0s": 3.844918071686847}, "datetime": {"datetime": "2022-06-25 02:32:54", "elapsed": 10246.028963, "delta": 20.028443}}
{"target": -1.0, "params": {"Bgrad": 1.6597668773630996, "d1": -2.48051925559507, "d2": -0.58111389102281, "d3": -1.022723785394454, "d4": -0.2623748999107849, "p1": 28.886470426479693, "p2": 13.537988725429356, "p3": 41.012224224695586, "p4": 24.952025330143773, "pol1": -0.5094218672531132, "pol2": 0.2424601472903123, "pol3": -0.14702020907273505, "pol4": 0.34103787426783505, "v0s": 5.388679444942372}, "datetime": {"datetime": "2022-06-25 02:33:10", "elapsed": 10261.682107, "delta": 15.653144}}
{"target": 4.269878440866234, "params": {"Bgrad": 1.9928602142371143, "d1": -1.3295810082560182, "d2": -0.2740104364382461, "d3": -1.5189538282315596, "d4": -1.9067341019515083, "p1": 26.526148512162823, "p2": 10.12725391302034, "p3": 38.37332849864591, "p4": 28.858430202050172, "pol1": 0.1429859393141808, "pol2": 0.185144257676624, "pol3": -0.7180601745965922, "pol4": 0.9645009124916302, "v0s": 4.269878440866234}, "datetime": {"datetime": "2022-06-25 02:33:35", "elapsed": 10287.568885, "delta": 25.886778}}
{"target": 3.6989061579281284, "params": {"Bgrad": 1.005095561110572, "d1": -1.2565344321647807, "d2": 0.24837150760548354, "d3": -0.8988463974320307, "d4": -1.6845553908258668, "p1": 29.37400779166282, "p2": 13.001118601575234, "p3": 37.73906297852605, "p4": 26.3973211654221, "pol1": -0.4143038650338575, "pol2": 0.707945132208053, "pol3": -0.11813139184381405, "pol4": -0.6270658475474604, "v0s": 3.6989061579281284}, "datetime": {"datetime": "2022-06-25 02:33:50", "elapsed": 10302.486995, "delta": 14.91811}}
{"target": 2.128944319048255, "params": {"Bgrad": 1.4278581051202177, "d1": -0.8256466356718097, "d2": 0.9310427517584992, "d3": -1.4466620131933414, "d4": -2.7604271950302506, "p1": 6.215554664928852, "p2": 35.82457165528096, "p3": 33.18118010659626, "p4": 35.294820355339304, "pol1": 0.047870996638033736, "pol2": 0.15812150657290536, "pol3": -0.19388148566505703, "pol4": 0.17597886167753907, "v0s": 2.128944319048255}, "datetime": {"datetime": "2022-06-25 02:34:01", "elapsed": 10313.600307, "delta": 11.113312}}
{"target": 4.194154080358849, "params": {"Bgrad": 1.7943138618477095, "d1": -2.3834459502901173, "d2": -0.06381888989601019, "d3": -1.7965841582602347, "d4": -0.3525126309048579, "p1": 10.165626177139748, "p2": 16.631699072021263, "p3": 7.827677701518724, "p4": 33.040851334454146, "pol1": 0.18785253337468305, "pol2": -0.7466389067463368, "pol3": 0.018903217401423353, "pol4": -0.42376218513570435, "v0s": 4.194154080358849}, "datetime": {"datetime": "2022-06-25 02:34:26", "elapsed": 10338.413954, "delta": 24.813647}}
{"target": 2.331607786468939, "params": {"Bgrad": 0.9226394268002513, "d1": -2.3612507690030413, "d2": -1.3994553374227983, "d3": -1.9462738173499479, "d4": -2.502683483783337, "p1": 5.720013053630558, "p2": 22.66062277776551, "p3": 0.9737310321896453, "p4": 32.96592792172845, "pol1": -0.9627280775166072, "pol2": 0.26654306955461404, "pol3": -0.6236985545588982, "pol4": 0.8611606973473873, "v0s": 2.331607786468939}, "datetime": {"datetime": "2022-06-25 02:34:46", "elapsed": 10358.608952, "delta": 20.194998}}
{"target": -1.0, "params": {"Bgrad": 1.7093773211184669, "d1": -1.030265289750277, "d2": -0.2943118896586778, "d3": -1.25462187911883, "d4": -0.30116881514793636, "p1": 9.395162372329164, "p2": 9.349929193415823, "p3": 33.06769488164309, "p4": 26.696240699880974, "pol1": -0.014629237065246103, "pol2": -0.45162549851738043, "pol3": 0.5150509687853246, "pol4": -0.2363362376620639, "v0s": 2.359346909676964}, "datetime": {"datetime": "2022-06-25 02:34:56", "elapsed": 10368.226236, "delta": 9.617284}}
{"target": -1.0, "params": {"Bgrad": 1.3703452616626528, "d1": -2.2994162919373866, "d2": -0.4971399612873051, "d3": -0.7642387873632024, "d4": -0.09318886101933854, "p1": 7.210388336265627, "p2": 10.001025253737172, "p3": 31.489114707614025, "p4": 31.193750357811854, "pol1": 0.627418751700269, "pol2": -0.8428601054682943, "pol3": 0.867842070102907, "pol4": -0.14174442543058663, "v0s": 5.933353512661515}, "datetime": {"datetime": "2022-06-25 02:35:14", "elapsed": 10386.411608, "delta": 18.185372}}
{"target": 2.699784226469794, "params": {"Bgrad": 0.8905714765501725, "d1": -1.7442858421254783, "d2": -1.0394594043955538, "d3": -0.1393149947750172, "d4": -1.229506666765027, "p1": 2.714880077852327, "p2": 12.443503430123076, "p3": 39.53123203948615, "p4": 31.047777785563994, "pol1": -0.7362471968663604, "pol2": -0.9588739529319252, "pol3": 0.35239917291288414, "pol4": -0.33900930894207026, "v0s": 2.699784226469794}, "datetime": {"datetime": "2022-06-25 02:35:34", "elapsed": 10406.615583, "delta": 20.203975}}
{"target": -1.0, "params": {"Bgrad": 0.9239164818709131, "d1": -2.700625633959368, "d2": -1.0340820437617753, "d3": -1.287451606553037, "d4": -1.335666381701377, "p1": 3.169718291846746, "p2": 6.770819281356682, "p3": 39.2305177789979, "p4": 28.079345829520676, "pol1": -0.7910135829980884, "pol2": -0.7452754018961176, "pol3": -0.49184900563985745, "pol4": 0.024076319590313533, "v0s": 5.231034032406126}, "datetime": {"datetime": "2022-06-25 02:35:52", "elapsed": 10424.410997, "delta": 17.795414}}
{"target": 4.513233965655538, "params": {"Bgrad": 1.312594633266872, "d1": -2.496535348170749, "d2": 0.42232430223412276, "d3": -1.4587071680625077, "d4": -1.5968477558775775, "p1": 5.57909419146034, "p2": 12.239686740236214, "p3": 36.368069783597264, "p4": 29.843630957926234, "pol1": -0.7208969343822246, "pol2": -0.08733998570079253, "pol3": 0.020025217962804084, "pol4": -0.04979517886981504, "v0s": 4.513233965655538}, "datetime": {"datetime": "2022-06-25 02:36:12", "elapsed": 10443.840044, "delta": 19.429047}}
{"target": -1.0, "params": {"Bgrad": 1.0913785539780583, "d1": 0.27451500828541386, "d2": -1.7941564297957306, "d3": -2.6941744156330847, "d4": -2.1031840158490964, "p1": 4.471706041954847, "p2": 23.991653726990663, "p3": 1.3634408186814762, "p4": 31.589741318379478, "pol1": -0.2655336894609836, "pol2": -0.3199687804493086, "pol3": -0.07220589941232458, "pol4": -0.2951390802031711, "v0s": 3.4364783873723015}, "datetime": {"datetime": "2022-06-25 02:36:36", "elapsed": 10468.17198, "delta": 24.331936}}
{"target": -1.0, "params": {"Bgrad": 1.6650674282707205, "d1": -0.4685129149396028, "d2": -0.14961898075385482, "d3": -1.7274860923914415, "d4": -1.0451099316502082, "p1": 5.5963599942836675, "p2": 10.813624818982436, "p3": 36.657570922371505, "p4": 26.49322033697567, "pol1": 0.4623867865759492, "pol2": -0.672703547507634, "pol3": -0.04027149318427492, "pol4": 0.5478679796299266, "v0s": 2.3961565106641123}, "datetime": {"datetime": "2022-06-25 02:36:45", "elapsed": 10477.242725, "delta": 9.070745}}
{"target": 3.9556500431062265, "params": {"Bgrad": 1.4868508661624409, "d1": -1.5785799230406634, "d2": -0.31310736512310555, "d3": -1.9828963520023088, "d4": -0.1684868091436944, "p1": 8.395280005815115, "p2": 7.584118982826721, "p3": 31.35425539066, "p4": 26.27403736272577, "pol1": 0.7501048088180435, "pol2": -0.6774927996353397, "pol3": 0.9575042973144645, "pol4": 0.048799391973392, "v0s": 3.9556500431062265}, "datetime": {"datetime": "2022-06-25 02:37:02", "elapsed": 10494.355964, "delta": 17.113239}}
{"target": 3.002167010037016, "params": {"Bgrad": 1.461305457330168, "d1": -1.0827449557565099, "d2": -0.03653313689868609, "d3": -0.7271688839870558, "d4": -1.0042318529084113, "p1": 46.10938792099002, "p2": 22.867469980441808, "p3": 23.944412353523397, "p4": 16.01907542930129, "pol1": 0.7739171089812025, "pol2": -0.28385126068688415, "pol3": 0.9577265623243225, "pol4": 0.9699495178497177, "v0s": 3.002167010037016}, "datetime": {"datetime": "2022-06-25 02:37:14", "elapsed": 10506.212261, "delta": 11.856297}}
{"target": -1.0, "params": {"Bgrad": 0.5449454636286112, "d1": -1.2162060456973438, "d2": 0.9160656468271746, "d3": 0.001425271159347652, "d4": -1.196034269185689, "p1": 9.42427331539305, "p2": 12.505253376733789, "p3": 9.617395886967522, "p4": 28.437891916503098, "pol1": 0.969004025427435, "pol2": -0.34082639584265095, "pol3": 0.45924954483911784, "pol4": -0.6162423660062153, "v0s": 4.588192666027774}, "datetime": {"datetime": "2022-06-25 02:37:45", "elapsed": 10536.802462, "delta": 30.590201}}
{"target": -1.0, "params": {"Bgrad": 0.6731516736950309, "d1": -0.3991970598572858, "d2": -1.0082017573620927, "d3": -0.6217502296169224, "d4": -1.1924049248452593, "p1": 27.639825888239923, "p2": 9.288235287573398, "p3": 9.223907690515642, "p4": 38.91975389933124, "pol1": -0.08516960329498136, "pol2": -0.16998597496380774, "pol3": -0.15751263790456038, "pol4": 0.7955823803204662, "v0s": 3.8073754896245973}, "datetime": {"datetime": "2022-06-25 02:38:01", "elapsed": 10553.58015, "delta": 16.777688}}
{"target": -1.0, "params": {"Bgrad": 1.1624009611106665, "d1": -1.8188762941523127, "d2": -1.8413659607201467, "d3": -1.618931499811038, "d4": -0.4354083578915743, "p1": 25.22933852863177, "p2": 3.857293206279252, "p3": 36.777496105863385, "p4": 26.2705583338297, "pol1": -0.19501298087907348, "pol2": -0.14990469983087598, "pol3": -0.6819062636030907, "pol4": 0.641617447041481, "v0s": 3.0200993104750293}, "datetime": {"datetime": "2022-06-25 02:38:16", "elapsed": 10568.64387, "delta": 15.06372}}
{"target": -1.0, "params": {"Bgrad": 1.121388143309313, "d1": -2.8955019704489016, "d2": 0.3392975753685912, "d3": -2.0112812221630927, "d4": -1.2819033238344297, "p1": 46.40459231588694, "p2": 17.957020875380326, "p3": 27.688199566860987, "p4": 11.723669088321747, "pol1": -0.18897347189296254, "pol2": -0.38030406146570783, "pol3": 0.835835341341099, "pol4": 0.4780423862885792, "v0s": 2.4523092976532155}, "datetime": {"datetime": "2022-06-25 02:38:41", "elapsed": 10593.365764, "delta": 24.721894}}
{"target": 2.8683441705250345, "params": {"Bgrad": 1.43326142599501, "d1": -1.9228872221387499, "d2": -1.3098902197595872, "d3": -1.4275987467531173, "d4": -2.8300384994853585, "p1": 11.240953421506134, "p2": 18.55948430348574, "p3": 7.560997787741497, "p4": 32.43449561141927, "pol1": -0.7123384505719614, "pol2": 0.8193771237453982, "pol3": -0.6185802662007778, "pol4": -0.8679693568591067, "v0s": 2.8683441705250345}, "datetime": {"datetime": "2022-06-25 02:38:54", "elapsed": 10606.080764, "delta": 12.715}}
