{"target": 6.159257866986967, "params": {"Bgrad": 1.6484175876110572, "d1": -2.4304224433458494, "d2": 0.08064506753026195, "d3": -0.3201079221374778, "d4": -1.0571432453237641, "p1": 10.862590432525115, "p2": 26.001561915488047, "p3": 41.81017695809433, "p4": 27.86032422959118, "pol1": -0.16633322589856972, "pol2": 0.2738186248177167, "pol3": 0.35377234306833644, "pol4": -0.47994725969293417, "v0s": 6.159257866986967}, "datetime": {"datetime": "2022-05-16 21:59:52", "elapsed": 8207.363001, "delta": 9.784829}}
{"target": -1.0, "params": {"Bgrad": 1.8339800664681905, "d1": -1.7935344601279457, "d2": -0.10992767150177452, "d3": 0.21710700985166387, "d4": -1.2441965630085665, "p1": 42.766170781199826, "p2": 24.032222686561767, "p3": 20.176760187222836, "p4": 12.808915050413749, "pol1": 0.9827716457302678, "pol2": 0.29758251703883887, "pol3": 0.6080356603739276, "pol4": 0.9162751924750043, "v0s": 4.4652911614971025}, "datetime": {"datetime": "2022-05-16 22:00:06", "elapsed": 8222.133495, "delta": 14.770494}}
{"target": 4.741216660232437, "params": {"Bgrad": 0.8135018710146537, "d1": -2.5302448245955103, "d2": 1.0, "d3": -0.6628570423202419, "d4": -1.7046351136881295, "p1": 45.94265068256657, "p2": 25.472441841694756, "p3": 22.524715734088876, "p4": 29.598997976877182, "pol1": -1.0, "pol2": -0.1751460054008858, "pol3": 0.3917747599669359, "pol4": -0.21494466885452193, "v0s": 4.741216660232437}, "datetime": {"datetime": "2022-05-16 22:00:12", "elapsed": 8227.369491, "delta": 5.235996}}
{"target": 5.627537101630394, "params": {"Bgrad": 1.995563944557504, "d1": -1.4270885826615527, "d2": 0.48544360681435517, "d3": -0.6187468095903362, "d4": -2.0717021393169945, "p1": 8.362378533865298, "p2": 36.19286611145333, "p3": 41.99660126748528, "p4": 32.60961035262325, "pol1": -0.7709405471671162, "pol2": -0.5312632256852674, "pol3": -0.13882864094772526, "pol4": 0.19345429300679634, "v0s": 5.627537101630394}, "datetime": {"datetime": "2022-05-16 22:00:20", "elapsed": 8235.964503, "delta": 8.595012}}
{"target": 4.192359107127392, "params": {"Bgrad": 1.2939004039056896, "d1": -2.574602723923557, "d2": 0.593695411121906, "d3": -1.9114702225366835, "d4": -2.2442542820758775, "p1": 27.07002835542452, "p2": 25.614978245886046, "p3": 3.3865501634931308, "p4": 43.73110549272256, "pol1": 1.0, "pol2": 0.6545025857490723, "pol3": -0.22321848614906978, "pol4": -0.09523633100385348, "v0s": 4.192359107127392}, "datetime": {"datetime": "2022-05-16 22:00:28", "elapsed": 8243.652939, "delta": 7.688436}}
{"target": 3.9095353887483135, "params": {"Bgrad": 0.7858689871279365, "d1": -0.04024365524099194, "d2": -0.20939235108717202, "d3": -2.924414643209057, "d4": -1.5406050459934262, "p1": 12.355020977433506, "p2": 24.404817816917234, "p3": 43.85455237284395, "p4": 26.09138406616959, "pol1": 0.4410377252818294, "pol2": 0.7842037436663343, "pol3": -0.08296097222357157, "pol4": -0.29663961406133454, "v0s": 3.9095353887483135}, "datetime": {"datetime": "2022-05-16 22:00:34", "elapsed": 8250.110667, "delta": 6.457728}}
{"target": -1.0, "params": {"Bgrad": 1.453987133773601, "d1": -1.3395545918581142, "d2": 0.05315716026007644, "d3": -1.7934542617623945, "d4": -2.2903434175330255, "p1": 11.818940672261412, "p2": 25.27453781381303, "p3": 41.38689531169041, "p4": 29.958776873710995, "pol1": -0.7623076297598956, "pol2": -0.628957698215898, "pol3": -0.4812230204965875, "pol4": 0.756689999990634, "v0s": 5.817393819454756}, "datetime": {"datetime": "2022-05-16 22:00:48", "elapsed": 8263.681371, "delta": 13.570704}}
{"target": 4.437446245084815, "params": {"Bgrad": 1.4267226609112897, "d1": -2.625695314417065, "d2": -2.7534026590256175, "d3": -2.063343575713119, "d4": -0.6527787990279615, "p1": 20.00793730742449, "p2": 18.714367454012297, "p3": 28.308434965732534, "p4": 48.578088308560886, "pol1": 1.0, "pol2": 1.0, "pol3": 0.41411086813171716, "pol4": -0.34835205591171237, "v0s": 4.437446245084815}, "datetime": {"datetime": "2022-05-16 22:00:56", "elapsed": 8272.045998, "delta": 8.364627}}
{"target": -1.0, "params": {"Bgrad": 1.4001430992436013, "d1": -2.5045644738202766, "d2": 0.2685986750916607, "d3": 0.813059988723464, "d4": -0.58302876892244, "p1": 1.78156102081225, "p2": 32.1528958792317, "p3": 19.367252369390886, "p4": 11.415139343954845, "pol1": 0.23921448317658855, "pol2": 0.17764393958469427, "pol3": 0.5217053765310589, "pol4": 0.9376375216313908, "v0s": 4.995517832181946}, "datetime": {"datetime": "2022-05-16 22:01:09", "elapsed": 8285.002345, "delta": 12.956347}}
{"target": -1.0, "params": {"Bgrad": 1.3586966539605188, "d1": -1.7167147908523468, "d2": -2.729604118545479, "d3": 0.6691758170398243, "d4": -2.568875344824091, "p1": 10.567763106990286, "p2": 26.61958631879277, "p3": 43.064978011960655, "p4": 28.80177882743422, "pol1": -0.44876846952748073, "pol2": 0.3190321775710445, "pol3": -0.767241862273254, "pol4": -0.6764018862052847, "v0s": 6.383790313227298}, "datetime": {"datetime": "2022-05-16 22:01:22", "elapsed": 8298.192068, "delta": 13.189723}}
{"target": 4.278711214871064, "params": {"Bgrad": 1.528792288334712, "d1": -1.98073600263278, "d2": 0.6177845329924301, "d3": -1.9273269204522077, "d4": -1.7597964724847346, "p1": 7.362637758425594, "p2": 37.54441083770677, "p3": 42.16288365635634, "p4": 32.630524546302624, "pol1": -0.7735976818448687, "pol2": -0.5541535391690915, "pol3": -0.9290196341645032, "pol4": -0.7130339681538829, "v0s": 4.278711214871064}, "datetime": {"datetime": "2022-05-16 22:01:32", "elapsed": 8307.240867, "delta": 9.048799}}
{"target": 2.9420501289795213, "params": {"Bgrad": 1.5260784621774455, "d1": -0.22802026402650055, "d2": -0.8496842337396773, "d3": -1.4498275805855974, "d4": -2.694875119429145, "p1": 46.198019181862, "p2": 22.76554836566576, "p3": 26.591864947793326, "p4": 10.138964115634419, "pol1": -0.5363381185332987, "pol2": -0.9969129105376693, "pol3": -0.24784132110369872, "pol4": 0.22824303262458967, "v0s": 2.9420501289795213}, "datetime": {"datetime": "2022-05-16 22:01:39", "elapsed": 8314.481499, "delta": 7.240632}}
{"target": 4.3281655291766015, "params": {"Bgrad": 1.0286501493909253, "d1": -1.7170675975604757, "d2": 1.0, "d3": -2.17719748091309, "d4": -2.009771784422507, "p1": 6.883390770223788, "p2": 35.70276320590366, "p3": 39.21994906843213, "p4": 33.32110853064578, "pol1": 0.010459085991225628, "pol2": 0.012383039696019152, "pol3": 0.22641743853425686, "pol4": -0.22780596167355893, "v0s": 4.3281655291766015}, "datetime": {"datetime": "2022-05-16 22:01:47", "elapsed": 8322.401317, "delta": 7.919818}}
{"target": 3.828146836817715, "params": {"Bgrad": 0.5204255392535375, "d1": -1.2674729869651877, "d2": -0.09423687715810106, "d3": -1.67196534785973, "d4": -2.391524439175321, "p1": 11.408986586550556, "p2": 16.017155438011574, "p3": 6.859519995572546, "p4": 29.52479308606208, "pol1": 0.18183633367007127, "pol2": -0.8204583553935317, "pol3": 0.619067861790993, "pol4": 0.260059943657706, "v0s": 3.828146836817715}, "datetime": {"datetime": "2022-05-16 22:01:52", "elapsed": 8327.705131, "delta": 5.303814}}
{"target": 4.401831928104626, "params": {"Bgrad": 1.2069694299899827, "d1": -0.8079027122894846, "d2": 0.2227608381666739, "d3": -0.5339927744382442, "d4": -2.85149817596785, "p1": 4.400571893571631, "p2": 38.9282754586952, "p3": 40.33952007698678, "p4": 33.253350223392054, "pol1": -0.8917474221572883, "pol2": -0.3637549835566909, "pol3": 0.390896553278681, "pol4": -0.40762231159536344, "v0s": 4.401831928104626}, "datetime": {"datetime": "2022-05-16 22:02:00", "elapsed": 8335.73665, "delta": 8.031519}}
{"target": 3.4449141422607727, "params": {"Bgrad": 1.4562753042032075, "d1": -2.342754333504194, "d2": 0.4818615428856537, "d3": -2.0473114711557576, "d4": -0.51346606286891, "p1": 28.418778746371693, "p2": 26.943801450284, "p3": 5.14086698985083, "p4": 44.229476085389145, "pol1": 0.5788512462238888, "pol2": -0.38017700149244443, "pol3": 0.1133785750620096, "pol4": 0.3616407637873261, "v0s": 3.4449141422607727}, "datetime": {"datetime": "2022-05-16 22:02:08", "elapsed": 8343.583662, "delta": 7.847012}}
{"target": -1.0, "params": {"Bgrad": 0.6551149111542494, "d1": 0.48890744537575426, "d2": -1.1285734867488473, "d3": -0.7379617210777019, "d4": -1.1690678740566405, "p1": 19.150538522197643, "p2": 16.586415843594516, "p3": 27.21369830095874, "p4": 48.995905615396225, "pol1": 0.5479172856768211, "pol2": -0.19991465736571112, "pol3": -0.13499701507284323, "pol4": -0.13476963098137174, "v0s": 4.674140309904144}, "datetime": {"datetime": "2022-05-16 22:02:16", "elapsed": 8351.528413, "delta": 7.944751}}
{"target": -1.0, "params": {"Bgrad": 1.6992475778519234, "d1": -0.006010035141072567, "d2": 0.006414735785656767, "d3": -2.9419404586671396, "d4": -1.240426795403104, "p1": 8.263466146744008, "p2": 36.59620045846741, "p3": 40.779960288601565, "p4": 31.402563707932895, "pol1": -0.5210403412719973, "pol2": -0.8796744653372524, "pol3": 0.8020720263493399, "pol4": -0.0320422421155373, "v0s": 5.502178969137043}, "datetime": {"datetime": "2022-05-16 22:02:30", "elapsed": 8365.971782, "delta": 14.443369}}
{"target": 4.149655365043671, "params": {"Bgrad": 0.9549694822969184, "d1": -2.36439300716668, "d2": 0.30163828534148074, "d3": -0.7496268150896745, "d4": -1.7615829971863635, "p1": 42.89219543506543, "p2": 23.50320415479311, "p3": 24.75364482692776, "p4": 10.323366956591562, "pol1": -0.5788615126055501, "pol2": 0.8187886367382946, "pol3": 0.7713567070933851, "pol4": -0.7880104829358401, "v0s": 4.149655365043671}, "datetime": {"datetime": "2022-05-16 22:02:37", "elapsed": 8372.583099, "delta": 6.611317}}
{"target": 4.7809753512792525, "params": {"Bgrad": 1.1326292006075414, "d1": -1.8112064469057414, "d2": 0.5853527389732432, "d3": -1.199089877516514, "d4": -0.43433329135340926, "p1": 1.299584116560895, "p2": 31.945778155384204, "p3": 16.457712683812325, "p4": 11.37242654763842, "pol1": -0.8182327143436433, "pol2": -0.9601886812066496, "pol3": -0.5109966326846915, "pol4": 1.0, "v0s": 4.7809753512792525}, "datetime": {"datetime": "2022-05-16 22:02:44", "elapsed": 8379.730981, "delta": 7.147882}}
{"target": -1.0, "params": {"Bgrad": 0.9693621271474893, "d1": -0.31213810214713833, "d2": -2.003602544380231, "d3": -2.136810238431252, "d4": 0.40162611298713413, "p1": 10.493986270739232, "p2": 27.195542146628394, "p3": 43.81734180728219, "p4": 27.7492259204558, "pol1": 0.4758846899477185, "pol2": 0.02297911198758551, "pol3": -0.4554096096725333, "pol4": 0.542474284418416, "v0s": 3.8958751726536835}, "datetime": {"datetime": "2022-05-16 22:02:56", "elapsed": 8392.195643, "delta": 12.464662}}
{"target": -1.0, "params": {"Bgrad": 1.4437143093097868, "d1": -1.6997109276136597, "d2": 0.5138032640847001, "d3": -2.2089614575122507, "d4": -1.0311533250067653, "p1": 11.581469271578976, "p2": 14.94858673393717, "p3": 8.187707046126297, "p4": 30.92290611199963, "pol1": -0.1022261397981703, "pol2": 0.30090660350748055, "pol3": -0.8947235101833586, "pol4": 0.5068907483326879, "v0s": 5.410495152757363}, "datetime": {"datetime": "2022-05-16 22:03:10", "elapsed": 8405.512027, "delta": 13.316384}}
{"target": -1.0, "params": {"Bgrad": 1.9043927152001479, "d1": -2.0041406197793488, "d2": 1.0, "d3": -3.0, "d4": -2.5573016425076704, "p1": 29.060192782759625, "p2": 10.619972821457024, "p3": 37.381211362991436, "p4": 29.60066636227688, "pol1": -0.3687666119058418, "pol2": 0.47655101645114084, "pol3": -0.4781173093638962, "pol4": -0.3843993198604054, "v0s": 4.775605814642331}, "datetime": {"datetime": "2022-05-16 22:03:25", "elapsed": 8421.067422, "delta": 15.555395}}
{"target": 3.2106984008251866, "params": {"Bgrad": 1.8210054114067162, "d1": -0.9110463943497038, "d2": 0.9964083835401958, "d3": -0.4000548687020995, "d4": -2.508236966676706, "p1": 45.54352136060319, "p2": 20.20406252181195, "p3": 28.08502117495945, "p4": 12.99461473467291, "pol1": 0.8892288947556644, "pol2": -0.20818271406766242, "pol3": -0.6323297420617684, "pol4": 0.0057065616360310045, "v0s": 3.2106984008251866}, "datetime": {"datetime": "2022-05-16 22:03:31", "elapsed": 8426.699359, "delta": 5.631937}}
{"target": -1.0, "params": {"Bgrad": 0.5, "d1": -0.06047720253608174, "d2": -0.6379976753582339, "d3": -3.0, "d4": -0.16726627260122437, "p1": 13.91409296458424, "p2": 6.019327233092103, "p3": 7.587337186851367, "p4": 37.42927900128415, "pol1": 0.5636557941781832, "pol2": 0.9390567009708063, "pol3": -0.3323334864124804, "pol4": -0.9018113954546504, "v0s": 3.9935132384467047}, "datetime": {"datetime": "2022-05-16 22:03:41", "elapsed": 8437.038705, "delta": 10.339346}}
{"target": 2.4036943313258616, "params": {"Bgrad": 1.11706399388923, "d1": -0.7246135063795238, "d2": 0.2602355425707059, "d3": -0.8411529697238045, "d4": 0.2728643804231492, "p1": 36.08763022040457, "p2": 10.179511266961654, "p3": 8.437248911667282, "p4": 30.599090412579898, "pol1": 0.3357117095042026, "pol2": -0.615591995651497, "pol3": -0.1004402116659453, "pol4": -0.8439396085783706, "v0s": 2.4036943313258616}, "datetime": {"datetime": "2022-05-16 22:03:47", "elapsed": 8442.709537, "delta": 5.670832}}
{"target": 4.269878440866234, "params": {"Bgrad": 1.9928602142371143, "d1": -1.3295810082560182, "d2": -0.2740104364382461, "d3": -1.5189538282315596, "d4": -1.9067341019515083, "p1": 26.526148512162823, "p2": 10.12725391302034, "p3": 38.37332849864591, "p4": 28.858430202050172, "pol1": 0.1429859393141808, "pol2": 0.185144257676624, "pol3": -0.7180601745965922, "pol4": 0.9645009124916302, "v0s": 4.269878440866234}, "datetime": {"datetime": "2022-05-16 22:04:00", "elapsed": 8455.897265, "delta": 13.187728}}
{"target": -1.0, "params": {"Bgrad": 1.6106084786698303, "d1": -2.8511957688812206, "d2": 0.9968590829222004, "d3": 0.3101547270518106, "d4": 0.10054578727127472, "p1": 2.8645876892650577, "p2": 37.74158429286077, "p3": 34.82143532917769, "p4": 39.258865509277754, "pol1": 0.24627881000206964, "pol2": 0.26183176561795696, "pol3": 0.3628321339384346, "pol4": -0.6099994331633771, "v0s": 3.3420236448902694}, "datetime": {"datetime": "2022-05-16 22:04:14", "elapsed": 8469.28047, "delta": 13.383205}}
{"target": 4.499010911557225, "params": {"Bgrad": 1.510066683006669, "d1": -1.7750194104247623, "d2": -0.14067480145779573, "d3": -2.3620249100330217, "d4": -2.7420669511149067, "p1": 29.104619191353844, "p2": 10.144620859231509, "p3": 36.79547462877401, "p4": 28.6969571732622, "pol1": 1.0, "pol2": -0.13820369716449407, "pol3": -0.7379568277573602, "pol4": 0.4890325531439887, "v0s": 4.499010911557225}, "datetime": {"datetime": "2022-05-16 22:04:21", "elapsed": 8476.29471, "delta": 7.01424}}
{"target": 2.9736970383456023, "params": {"Bgrad": 0.9661267317200508, "d1": -1.4428901680243729, "d2": 0.6400909381308302, "d3": -1.6273467966108042, "d4": -2.4253385371237792, "p1": 2.859682732513158, "p2": 38.02135004233658, "p3": 32.734628729090616, "p4": 40.48497793334527, "pol1": 0.9609430634883656, "pol2": -0.20016149803415506, "pol3": -0.04718607150715681, "pol4": 0.7632949171758943, "v0s": 2.9736970383456023}, "datetime": {"datetime": "2022-05-16 22:04:29", "elapsed": 8484.85681, "delta": 8.5621}}
{"target": 5.197769804080057, "params": {"Bgrad": 1.3898645214410434, "d1": -1.667693150248053, "d2": 0.5640567613845727, "d3": -1.4884545311706667, "d4": -1.0908889381749851, "p1": 1.592326427322235, "p2": 31.025022359476278, "p3": 17.04743161823087, "p4": 11.409014225360245, "pol1": -0.8947549032131581, "pol2": 0.17429201524077564, "pol3": -0.4379010175609279, "pol4": 1.0, "v0s": 5.197769804080057}, "datetime": {"datetime": "2022-05-16 22:04:43", "elapsed": 8498.750648, "delta": 13.893838}}
{"target": -1.0, "params": {"Bgrad": 0.5932192569277152, "d1": 0.2203144287179315, "d2": -0.04842194888053042, "d3": -0.37297561921795364, "d4": -1.8079061423750389, "p1": 29.67893364505676, "p2": 10.880285938674655, "p3": 39.140613875312816, "p4": 26.74379103732789, "pol1": 0.14748158473528705, "pol2": -0.5114022951938579, "pol3": -0.3964791678135313, "pol4": -0.45026709486005334, "v0s": 2.5340820812580582}, "datetime": {"datetime": "2022-05-16 22:04:53", "elapsed": 8508.83767, "delta": 10.087022}}
{"target": 5.070044211361915, "params": {"Bgrad": 1.2086763048708709, "d1": -1.3836037555756904, "d2": 1.0, "d3": -0.7615810314740131, "d4": -0.5768616791099059, "p1": 1.8651856857331586, "p2": 31.44238035032844, "p3": 16.87102508876645, "p4": 12.13000542657265, "pol1": -0.33361724694670286, "pol2": -0.17735476804623768, "pol3": -0.4783370959808973, "pol4": 1.0, "v0s": 5.070044211361915}, "datetime": {"datetime": "2022-05-16 22:05:02", "elapsed": 8518.085934, "delta": 9.248264}}
{"target": -1.0, "params": {"Bgrad": 1.628990313937039, "d1": 0.19695444172999643, "d2": -1.415350406926509, "d3": 0.8497420484983449, "d4": -0.8459360425704201, "p1": 12.551074437263281, "p2": 22.52173822606941, "p3": 42.69650723457908, "p4": 26.959010938599665, "pol1": 0.4828560671228821, "pol2": -0.12987562178711243, "pol3": 0.1752478369323458, "pol4": 0.7638443685842746, "v0s": 5.489895189060896}, "datetime": {"datetime": "2022-05-16 22:05:15", "elapsed": 8530.500729, "delta": 12.414795}}
{"target": -1.0, "params": {"Bgrad": 1.017776287126527, "d1": -2.0446776354110816, "d2": 0.5046595981820183, "d3": -2.1317658253629093, "d4": -1.0064313038042942, "p1": 11.531587555185634, "p2": 25.6128696436786, "p3": 42.488040941840964, "p4": 28.597666760914713, "pol1": -0.40032024270687105, "pol2": 0.9708735753541256, "pol3": 0.4957971379650621, "pol4": -0.43995686344739604, "v0s": 5.663760248272264}, "datetime": {"datetime": "2022-05-16 22:05:27", "elapsed": 8542.470714, "delta": 11.969985}}
{"target": -1.0, "params": {"Bgrad": 1.5227120837063903, "d1": -3.0, "d2": -2.331221421661682, "d3": -2.5420759814132246, "d4": -3.0, "p1": 4.881541370866271, "p2": 11.11908813343242, "p3": 36.51995334651056, "p4": 27.410439471697376, "pol1": -1.0, "pol2": -0.859579385158411, "pol3": 1.0, "pol4": 0.8469763132928189, "v0s": 4.848105473109106}, "datetime": {"datetime": "2022-05-16 22:05:44", "elapsed": 8559.249836, "delta": 16.779122}}
{"target": 4.413751410960173, "params": {"Bgrad": 0.5776052215003569, "d1": -1.087072724656567, "d2": 0.5758965772620219, "d3": -1.9060326625131774, "d4": -3.0, "p1": 5.81541750447573, "p2": 23.858855320482835, "p3": 0.8591469150617685, "p4": 31.755186925452136, "pol1": -0.17327638123868533, "pol2": -0.2397732350339229, "pol3": -0.5571134095036804, "pol4": 0.06607052116146783, "v0s": 4.413751410960173}, "datetime": {"datetime": "2022-05-16 22:05:51", "elapsed": 8566.361814, "delta": 7.111978}}
{"target": 3.319927909679154, "params": {"Bgrad": 0.786886195410384, "d1": -1.3096356957823438, "d2": -0.5233209854127288, "d3": -2.533339724555792, "d4": -0.662652172945259, "p1": 33.67353588313739, "p2": 11.524433106683391, "p3": 37.72536042426364, "p4": 23.714535616757964, "pol1": -0.7434414213399692, "pol2": -0.12405172792312613, "pol3": 0.10529398266991463, "pol4": 0.24143923231806275, "v0s": 3.319927909679154}, "datetime": {"datetime": "2022-05-16 22:05:57", "elapsed": 8572.252059, "delta": 5.890245}}
{"target": -1.0, "params": {"Bgrad": 1.9550216819807644, "d1": -1.263030493372526, "d2": -0.6335217021923807, "d3": -2.5604378911113517, "d4": -1.684524440220486, "p1": 45.88044752306654, "p2": 21.987428771142998, "p3": 28.585921974983652, "p4": 13.308039572211245, "pol1": -0.5349994675625418, "pol2": -0.5593425795638636, "pol3": 0.1196780245110236, "pol4": 0.2018493197283655, "v0s": 4.789117537002706}, "datetime": {"datetime": "2022-05-16 22:06:13", "elapsed": 8588.357982, "delta": 16.105923}}
{"target": 5.003538851605262, "params": {"Bgrad": 1.3874497215011223, "d1": -2.858610358539426, "d2": 0.23922683205527173, "d3": -0.5934606855595344, "d4": -0.28475120627051, "p1": 35.34936877726696, "p2": 8.892409919250193, "p3": 8.532483065211483, "p4": 30.674901479191536, "pol1": 0.652651089789239, "pol2": 0.13155769236105863, "pol3": -0.8502687903539865, "pol4": 0.1926710048466389, "v0s": 5.003538851605262}, "datetime": {"datetime": "2022-05-16 22:06:21", "elapsed": 8596.636839, "delta": 8.278857}}
{"target": 4.1670867195007775, "params": {"Bgrad": 1.6184979288636705, "d1": -3.0, "d2": -2.951875949014672, "d3": -2.2871993489880524, "d4": 0.25178561923936105, "p1": 20.827445284115147, "p2": 18.091751786652438, "p3": 28.3849079463964, "p4": 48.04460365609552, "pol1": 1.0, "pol2": 1.0, "pol3": 0.9770228104327762, "pol4": -0.38343769201816114, "v0s": 4.1670867195007775}, "datetime": {"datetime": "2022-05-16 22:06:31", "elapsed": 8607.076917, "delta": 10.440078}}
{"target": 2.7402718773514345, "params": {"Bgrad": 1.3868170387058902, "d1": -1.81421327719295, "d2": -1.5561899436681537, "d3": 0.14835316897332573, "d4": -0.19028127092648317, "p1": 37.59864505517151, "p2": 9.66791433620196, "p3": 7.711533393257569, "p4": 29.864815024234666, "pol1": -0.27602114581158177, "pol2": -0.6628748728032741, "pol3": -0.3296946849356208, "pol4": 0.0741509092254311, "v0s": 2.7402718773514345}, "datetime": {"datetime": "2022-05-16 22:06:37", "elapsed": 8613.168623, "delta": 6.091706}}
{"target": 4.360796718349303, "params": {"Bgrad": 1.7635849763724019, "d1": -0.9786911473791836, "d2": 0.11046004437155207, "d3": -2.071102550929341, "d4": -2.6701804969809677, "p1": 27.773255355289745, "p2": 9.998701653720957, "p3": 37.46009937296776, "p4": 28.72508039429248, "pol1": 0.4003245764734081, "pol2": 0.41932538238485023, "pol3": -0.8474514972841762, "pol4": 0.3794106699041728, "v0s": 4.360796718349303}, "datetime": {"datetime": "2022-05-16 22:06:45", "elapsed": 8620.884985, "delta": 7.716362}}
