{"target": -1.0, "params": {"Bgrad": 1.2475842447683594, "d1": -1.3494364745602838, "d2": -1.2819517771560234, "d3": -2.0554292640301024, "d4": -1.828065240242049, "p1": 14.783396499774708, "p2": 46.991645111132236, "p3": 19.643549206019408, "p4": 24.61598617519316, "pol1": 0.03388627398260491, "pol2": 0.7443202393531703, "pol3": 0.03837273608351399, "pol4": 0.8016727789194744, "v0s": 3.517284227641193}, "datetime": {"datetime": "2022-04-28 16:13:01", "elapsed": 2494.449388, "delta": 11.319894}}
{"target": -1.0, "params": {"Bgrad": 1.6571922022634216, "d1": 0.6259267440390728, "d2": -2.8145633342750935, "d3": -0.38681711301166777, "d4": -2.1485933115299796, "p1": 23.92362161768177, "p2": 43.34179470906163, "p3": 19.45861790264667, "p4": 8.837339112954101, "pol1": 0.3323101994580211, "pol2": -0.902074312973911, "pol3": 0.581406745577139, "pol4": 0.9841052781603188, "v0s": 4.176088883965673}, "datetime": {"datetime": "2022-04-28 16:13:15", "elapsed": 2508.42126, "delta": 13.971872}}
{"target": -1.0, "params": {"Bgrad": 1.3725396120235214, "d1": -0.17912929723036397, "d2": -1.769820906764743, "d3": -1.4511278231194802, "d4": -1.7618190268770104, "p1": 14.988391376542982, "p2": 1.4979823937056547, "p3": 13.832763914160374, "p4": 36.98710555959503, "pol1": -0.3914273927466354, "pol2": -0.9018363297785217, "pol3": -0.7976376331140791, "pol4": 0.6218847043898161, "v0s": 5.434918033889324}, "datetime": {"datetime": "2022-04-28 16:13:25", "elapsed": 2518.237131, "delta": 9.815871}}
{"target": -1.0, "params": {"Bgrad": 0.9842142822426189, "d1": 0.8575146658618396, "d2": 0.7487582732284053, "d3": -2.9281200522468054, "d4": -2.593568434335138, "p1": 31.704982690802908, "p2": 2.197791740146593, "p3": 22.32508380621741, "p4": 0.11857496843240556, "pol1": 0.35614200770927784, "pol2": 0.6374001191040664, "pol3": -0.5604765692554372, "pol4": -0.38503351969421695, "v0s": 6.222773935194153}, "datetime": {"datetime": "2022-04-28 16:13:36", "elapsed": 2529.382599, "delta": 11.145468}}
{"target": -1.0, "params": {"Bgrad": 1.914275761028276, "d1": 0.2925669565538387, "d2": 0.9399835241447989, "d3": -1.8767054095392095, "d4": -0.9358403610482555, "p1": 16.20413438388319, "p2": 13.61016154417377, "p3": 47.80621807836641, "p4": 6.054292156504126, "pol1": 0.11191442670691787, "pol2": 0.9346533005217814, "pol3": 0.7723668274396855, "pol4": 0.5851979443644484, "v0s": 7.446975207044191}, "datetime": {"datetime": "2022-04-28 16:13:51", "elapsed": 2544.059646, "delta": 14.677047}}
{"target": -1.0, "params": {"Bgrad": 1.2043950796015168, "d1": -2.5047529640179422, "d2": -1.2448938698244008, "d3": -0.6303247888858374, "d4": -0.3879726951955189, "p1": 32.42736505399268, "p2": 42.27754428758254, "p3": 28.127351404558738, "p4": 31.69493390090835, "pol1": 0.026721935596304647, "pol2": 0.04209677880162355, "pol3": 0.6867598574924152, "pol4": 0.22667766674794354, "v0s": 7.519594928893527}, "datetime": {"datetime": "2022-04-28 16:14:04", "elapsed": 2557.317438, "delta": 13.257792}}
{"target": -1.0, "params": {"Bgrad": 1.0694657042926212, "d1": 0.07011274027255476, "d2": -2.8676769645506783, "d3": -0.5415627440925794, "d4": -0.8417104362764971, "p1": 40.22748418334005, "p2": 21.105651753172378, "p3": 1.553653010464523, "p4": 1.1351725995933815, "pol1": -0.5664751517073336, "pol2": 0.16151384577857542, "pol3": -0.20015977764201298, "pol4": 0.9398870435788695, "v0s": 4.180306510422245}, "datetime": {"datetime": "2022-04-28 16:14:12", "elapsed": 2564.597121, "delta": 7.279683}}
{"target": -1.0, "params": {"Bgrad": 1.4026002050619355, "d1": -2.9671864690927228, "d2": -1.2001048898225148, "d3": -1.6234563905882595, "d4": 0.41265308503110854, "p1": 37.90020297000679, "p2": 1.6330422746002105, "p3": 12.572302101184702, "p4": 41.79293732804112, "pol1": 0.26950682827424743, "pol2": 0.735795403981861, "pol3": 0.8785988642937046, "pol4": 0.8359898815065432, "v0s": 4.207403516209281}, "datetime": {"datetime": "2022-04-28 16:14:22", "elapsed": 2575.065803, "delta": 10.468682}}
{"target": -1.0, "params": {"Bgrad": 1.5474819485699807, "d1": -1.7445271252758987, "d2": -1.2798561786068952, "d3": -2.8544089271811126, "d4": -2.6249188781406656, "p1": 15.680688729827647, "p2": 44.04192549685315, "p3": 12.194003869303222, "p4": 0.7651292463631443, "pol1": -0.25611420272279095, "pol2": 0.0832578038896925, "pol3": -0.23337084112770423, "pol4": 0.06996456219943537, "v0s": 4.145031389212283}, "datetime": {"datetime": "2022-04-28 16:14:34", "elapsed": 2587.44441, "delta": 12.378607}}
{"target": -1.0, "params": {"Bgrad": 0.642062264798553, "d1": -0.20469448428390358, "d2": -0.5260533167734653, "d3": 0.16072387438942037, "d4": -2.22605983024102, "p1": 38.05159897595421, "p2": 18.404186621672817, "p3": 8.051961868214203, "p4": 32.80565026755055, "pol1": -0.1132025393459013, "pol2": -0.9415876446539355, "pol3": 0.34160421197680635, "pol4": 0.886554300273767, "v0s": 4.26271373779382}, "datetime": {"datetime": "2022-04-28 16:14:41", "elapsed": 2594.033397, "delta": 6.588987}}
{"target": -1.0, "params": {"Bgrad": 1.0703245542577327, "d1": 0.5588878820082845, "d2": -1.7634591411172953, "d3": -1.122205270623382, "d4": 0.8535910358513665, "p1": 16.791100910396338, "p2": 35.4122448005003, "p3": 46.08590597310584, "p4": 27.716601608750608, "pol1": 0.6118357724351478, "pol2": 0.9061591242423188, "pol3": 0.8712873989036616, "pol4": 0.8388000213808335, "v0s": 7.076256305101973}, "datetime": {"datetime": "2022-04-28 16:14:50", "elapsed": 2602.636508, "delta": 8.603111}}
{"target": -1.0, "params": {"Bgrad": 0.536719619238679, "d1": 0.606018093633045, "d2": 0.5803254344513769, "d3": -1.5886094596566949, "d4": 0.08343066178684344, "p1": 16.668766152968107, "p2": 49.91019741779398, "p3": 7.954256615086392, "p4": 39.015298323254115, "pol1": 0.5367314144395718, "pol2": 0.7917060930463504, "pol3": 0.940704440857487, "pol4": -0.4723061174104548, "v0s": 4.447856363474555}, "datetime": {"datetime": "2022-04-28 16:14:57", "elapsed": 2610.021356, "delta": 7.384848}}
{"target": -1.0, "params": {"Bgrad": 1.3301847410045613, "d1": -2.8573498880997543, "d2": -0.8418031167102922, "d3": -1.657841941781156, "d4": 0.6562205810492161, "p1": 42.82286853575218, "p2": 26.569262022344596, "p3": 26.333194366146373, "p4": 46.70942499522846, "pol1": 0.1313160180897217, "pol2": -0.8940147656226662, "pol3": -0.3821146086497269, "pol4": 0.5214864848302392, "v0s": 5.316205629624747}, "datetime": {"datetime": "2022-04-28 16:15:09", "elapsed": 2621.871896, "delta": 11.85054}}
{"target": -1.0, "params": {"Bgrad": 0.6611499152151421, "d1": 0.1212468449873767, "d2": -2.4751377692611922, "d3": 0.9633909897785373, "d4": -2.266931090717782, "p1": 40.0291251703634, "p2": 43.819493924357566, "p3": 20.383973394269034, "p4": 35.05129482175587, "pol1": 0.7678473247112199, "pol2": 0.4176987226881941, "pol3": -0.7996863578654652, "pol4": 0.2051769304698534, "v0s": 6.709498188198599}, "datetime": {"datetime": "2022-04-28 16:15:14", "elapsed": 2627.294007, "delta": 5.422111}}
{"target": -1.0, "params": {"Bgrad": 0.5850498179723351, "d1": -2.3846124313021697, "d2": -0.2867316288536159, "d3": -2.277129812369112, "d4": -2.227115329358876, "p1": 28.653610994208385, "p2": 47.481237501517704, "p3": 22.649331392902543, "p4": 7.023416669175214, "pol1": -0.041568631426599945, "pol2": -0.09094488067160755, "pol3": -0.6746391711390489, "pol4": -0.7209785005917937, "v0s": 6.779995625349228}, "datetime": {"datetime": "2022-04-28 16:15:20", "elapsed": 2633.226722, "delta": 5.932715}}
{"target": -1.0, "params": {"Bgrad": 1.0492088054696973, "d1": -2.178776984966282, "d2": 0.8363265717310906, "d3": -1.8002573055480737, "d4": -0.7375977590551273, "p1": 18.171355665025885, "p2": 20.202153166995686, "p3": 32.75735697462079, "p4": 42.67308113068682, "pol1": 0.45062406702904023, "pol2": 0.6759468312897428, "pol3": 0.03170375466673625, "pol4": 0.9524977969899022, "v0s": 5.545415819845714}, "datetime": {"datetime": "2022-04-28 16:15:27", "elapsed": 2640.237565, "delta": 7.010843}}
{"target": -1.0, "params": {"Bgrad": 1.4138226197234314, "d1": -2.2661881721327375, "d2": -2.1683928981805556, "d3": -1.4934602522993319, "d4": -1.0669994981843263, "p1": 36.67692233226521, "p2": 33.24722781255186, "p3": 2.396517087441757, "p4": 22.50154003326468, "pol1": -0.9132806631719117, "pol2": 0.5336407461397916, "pol3": -0.402312154906717, "pol4": 0.7635882633045921, "v0s": 7.740279453048454}, "datetime": {"datetime": "2022-04-28 16:15:39", "elapsed": 2651.910601, "delta": 11.673036}}
{"target": -1.0, "params": {"Bgrad": 1.7363662768059578, "d1": -0.666856977122964, "d2": -0.7550220401935177, "d3": 0.5545420734662545, "d4": -2.5427702235486667, "p1": 3.427119031463749, "p2": 28.591789015795793, "p3": 10.360869896561848, "p4": 7.40315134922997, "pol1": 0.8592041295668809, "pol2": 0.11112333254277962, "pol3": 0.7407932663167884, "pol4": 0.5425162141743523, "v0s": 7.627577419272352}, "datetime": {"datetime": "2022-04-28 16:15:50", "elapsed": 2663.226507, "delta": 11.315906}}
{"target": -1.0, "params": {"Bgrad": 1.5472681229358762, "d1": -2.877977073705074, "d2": -1.4588297706656532, "d3": -1.9752270707749373, "d4": -2.328504570789288, "p1": 3.185446277416071, "p2": 11.813839011735816, "p3": 45.27094537476501, "p4": 12.149564459555895, "pol1": 0.09105660363001178, "pol2": -0.6469057976951127, "pol3": 0.45112116481073317, "pol4": -0.2394651373107326, "v0s": 6.749539662194883}, "datetime": {"datetime": "2022-04-28 16:16:02", "elapsed": 2675.116406, "delta": 11.889899}}
{"target": -1.0, "params": {"Bgrad": 1.5048244103482744, "d1": -1.4123262941288677, "d2": -0.3513201797074754, "d3": -2.01339296332463, "d4": -2.175378272473473, "p1": 49.775064381540915, "p2": 16.69766055386792, "p3": 34.74450794873373, "p4": 15.269782205181881, "pol1": -0.09717716782984298, "pol2": 0.6944145520113341, "pol3": 0.20070331376570083, "pol4": 0.9313282470971258, "v0s": 4.767799636405608}, "datetime": {"datetime": "2022-04-28 16:16:15", "elapsed": 2687.720449, "delta": 12.604043}}
{"target": -1.0, "params": {"Bgrad": 0.6642021850202997, "d1": -1.893693225354213, "d2": -1.5427275559000573, "d3": 0.8934283734265565, "d4": 0.5503927298995119, "p1": 21.826668025281705, "p2": 30.51471813756913, "p3": 49.44627604035048, "p4": 31.515912461082795, "pol1": -0.5817382369336839, "pol2": -0.21765636573928426, "pol3": -0.047412519812561005, "pol4": 0.030460131267930457, "v0s": 4.55290651342047}, "datetime": {"datetime": "2022-04-28 16:16:22", "elapsed": 2695.17614, "delta": 7.455691}}
{"target": -1.0, "params": {"Bgrad": 1.419267707793435, "d1": -2.1251629724310663, "d2": -0.15368173752487335, "d3": 0.9369256242215678, "d4": -2.695016952906668, "p1": 5.113668192390003, "p2": 40.68656665484796, "p3": 10.82313623651039, "p4": 39.603986133579156, "pol1": -0.5199119029335737, "pol2": 0.418229222193935, "pol3": 0.5842454763871618, "pol4": -0.913998042946915, "v0s": 3.9989854029730756}, "datetime": {"datetime": "2022-04-28 16:16:40", "elapsed": 2712.622263, "delta": 17.446123}}
{"target": -1.0, "params": {"Bgrad": 0.7721241080942459, "d1": -2.5668232150667527, "d2": -2.3806287514463826, "d3": -0.6962565171745205, "d4": -1.3034932296217012, "p1": 25.7729847661789, "p2": 16.1682777226087, "p3": 47.95216254235485, "p4": 43.41229109169147, "pol1": -0.3962543547320303, "pol2": -0.3891811654526349, "pol3": 0.32421921279429444, "pol4": 0.2696702046174475, "v0s": 7.8727846225303075}, "datetime": {"datetime": "2022-04-28 16:16:48", "elapsed": 2720.789069, "delta": 8.166806}}
{"target": -1.0, "params": {"Bgrad": 0.7073520396273507, "d1": 0.36384980359652275, "d2": -1.4908611036644301, "d3": -1.3298604130841345, "d4": -1.5652798173749476, "p1": 46.30593468785124, "p2": 23.169965770631286, "p3": 37.706993548244064, "p4": 17.591322403621145, "pol1": 0.5222956385863256, "pol2": 0.5530267177188277, "pol3": 0.03289801350664279, "pol4": 0.08801001065541425, "v0s": 5.323399805451709}, "datetime": {"datetime": "2022-04-28 16:16:54", "elapsed": 2726.577221, "delta": 5.788152}}
{"target": -1.0, "params": {"Bgrad": 1.8879907629842754, "d1": 0.39460800001565133, "d2": -2.0609373492086727, "d3": -2.9164257866702226, "d4": -2.7734259499358513, "p1": 45.52991788953251, "p2": 16.03323607843562, "p3": 19.56039394088918, "p4": 41.628394374017994, "pol1": 0.5296922138353279, "pol2": 0.23512180580581998, "pol3": 0.30996283686399173, "pol4": -0.820307321847008, "v0s": 2.918045388775008}, "datetime": {"datetime": "2022-04-28 16:17:07", "elapsed": 2740.230998, "delta": 13.653777}}
{"target": -1.0, "params": {"Bgrad": 1.1120977536176218, "d1": -2.4280502371243657, "d2": -0.6741742113785558, "d3": -1.7572388510842214, "d4": -0.7546528144496913, "p1": 33.826025679663964, "p2": 21.54898356763485, "p3": 13.378328640439713, "p4": 21.91257316591278, "pol1": -0.2632218690412742, "pol2": 0.9867772462446773, "pol3": -0.5959728488514928, "pol4": 0.9485003120247144, "v0s": 2.778417426583479}, "datetime": {"datetime": "2022-04-28 16:17:12", "elapsed": 2745.515436, "delta": 5.284438}}
{"target": -1.0, "params": {"Bgrad": 0.7901710995825346, "d1": -2.7358014178060364, "d2": -1.9295935265823712, "d3": -2.0031613270120383, "d4": -1.6351985345226967, "p1": 38.32256234489789, "p2": 25.168587914711697, "p3": 47.07106634346191, "p4": 25.806845295952467, "pol1": -0.9722382800056439, "pol2": -0.11669512195250453, "pol3": -0.1578293290012378, "pol4": 0.33582694520273404, "v0s": 5.858796867358389}, "datetime": {"datetime": "2022-04-28 16:17:19", "elapsed": 2752.350791, "delta": 6.835355}}
{"target": -1.0, "params": {"Bgrad": 1.2864292379061895, "d1": -2.8939731125148325, "d2": -2.8762033808059018, "d3": -1.3554215275979882, "d4": -0.7887968803361352, "p1": 4.308757782034106, "p2": 3.163494500802072, "p3": 3.478346920403108, "p4": 47.742036530462826, "pol1": 0.7975328646621369, "pol2": 0.3508046359124595, "pol3": -0.3619187772793191, "pol4": -0.8547623387435879, "v0s": 6.455445379204329}, "datetime": {"datetime": "2022-04-28 16:17:31", "elapsed": 2764.026786, "delta": 11.675995}}
{"target": -1.0, "params": {"Bgrad": 1.2888814356383442, "d1": -1.4026126856782435, "d2": -1.307472655045371, "d3": -2.189199809299757, "d4": -1.2737740894248781, "p1": 40.49642697164211, "p2": 39.16499842452455, "p3": 12.1456542093751, "p4": 14.699940920324883, "pol1": 0.8332488268034215, "pol2": 0.6052342201570164, "pol3": 0.8172547096536467, "pol4": -0.6776098109784539, "v0s": 7.251021946281485}, "datetime": {"datetime": "2022-04-28 16:17:42", "elapsed": 2775.504346, "delta": 11.47756}}
{"target": -1.0, "params": {"Bgrad": 0.7518399538074818, "d1": -0.8109780057076867, "d2": 0.1069876708760118, "d3": -0.10389425971391342, "d4": -0.8985945388048671, "p1": 46.514652540553385, "p2": 13.69420422622224, "p3": 33.72786718909279, "p4": 31.238766500384983, "pol1": 0.9892827496784666, "pol2": -0.22356851330104033, "pol3": 0.24872159027740182, "pol4": -0.5650555156008905, "v0s": 6.673631963062495}, "datetime": {"datetime": "2022-04-28 16:17:49", "elapsed": 2781.793121, "delta": 6.288775}}
{"target": -1.0, "params": {"Bgrad": 1.589588345551428, "d1": -2.843186778620325, "d2": -0.4559193525417795, "d3": -2.6311255576135815, "d4": 0.5523775768007209, "p1": 14.266010446471073, "p2": 35.09728624649278, "p3": 12.805020431941328, "p4": 34.980749999818265, "pol1": -0.5569238053413017, "pol2": 0.9580973519815854, "pol3": -0.31208711084710017, "pol4": 0.059638693020055866, "v0s": 5.455113674569895}, "datetime": {"datetime": "2022-04-28 16:18:08", "elapsed": 2800.701423, "delta": 18.908302}}
{"target": -1.0, "params": {"Bgrad": 1.0988763978492153, "d1": -0.42046042584765253, "d2": -2.5633750744731745, "d3": 0.42316631033236973, "d4": -2.6563384457543444, "p1": 14.977406746641591, "p2": 34.637915729474, "p3": 4.756525792301175, "p4": 47.11272255418139, "pol1": 0.6431176846668571, "pol2": -0.5567880374047764, "pol3": -0.955679045977093, "pol4": -0.050690230664569125, "v0s": 5.904465696049753}, "datetime": {"datetime": "2022-04-28 16:18:18", "elapsed": 2811.431385, "delta": 10.729962}}
{"target": -1.0, "params": {"Bgrad": 1.6901669908892476, "d1": -1.5193563763629667, "d2": -2.9080831744128632, "d3": -2.2639651867410717, "d4": -1.9750559558103684, "p1": 26.279362371836122, "p2": 33.820568690716144, "p3": 23.887594547556233, "p4": 18.82636861184433, "pol1": -0.00261991612595458, "pol2": 0.7799783154230806, "pol3": 0.06280030109059531, "pol4": -0.556365756519597, "v0s": 7.207418799852056}, "datetime": {"datetime": "2022-04-28 16:18:31", "elapsed": 2823.994533, "delta": 12.563148}}
{"target": -1.0, "params": {"Bgrad": 1.8991639355236059, "d1": 0.657237104352915, "d2": 0.11473556404595131, "d3": -2.5229735296976807, "d4": 0.46627002223284064, "p1": 4.276539771093018, "p2": 4.166530866818774, "p3": 7.672259798776027, "p4": 23.969038673567134, "pol1": -0.9315878375750173, "pol2": 0.8235303058887609, "pol3": -0.5249643863114695, "pol4": 0.9566434884414567, "v0s": 6.219097651776578}, "datetime": {"datetime": "2022-04-28 16:18:43", "elapsed": 2836.100398, "delta": 12.105865}}
{"target": -1.0, "params": {"Bgrad": 1.3422674580338112, "d1": -0.4870950055894876, "d2": -0.9790844428104131, "d3": -2.402057959363642, "d4": -1.8685685544036872, "p1": 49.588361369992164, "p2": 19.49954866020782, "p3": 39.8591276919149, "p4": 29.004844108760462, "pol1": -0.44494040266274104, "pol2": 0.6384350297158967, "pol3": -0.19315077234755873, "pol4": -0.8124006532649388, "v0s": 3.7697781863944857}, "datetime": {"datetime": "2022-04-28 16:18:55", "elapsed": 2847.951933, "delta": 11.851535}}
{"target": -1.0, "params": {"Bgrad": 1.224768775118085, "d1": -2.240235694996856, "d2": 0.07828165059074088, "d3": -2.3367090964590114, "d4": -2.87863490449101, "p1": 29.85225317874205, "p2": 7.711215217489087, "p3": 45.80091340267806, "p4": 43.51213710309057, "pol1": 0.32026688635734013, "pol2": -0.7569595756103207, "pol3": -0.27238931843076464, "pol4": 0.6863320792524001, "v0s": 6.462236078799878}, "datetime": {"datetime": "2022-04-28 16:19:04", "elapsed": 2857.227786, "delta": 9.275853}}
{"target": -1.0, "params": {"Bgrad": 1.8097248262431254, "d1": 0.31295327658267524, "d2": 0.49889758513153515, "d3": -1.3690563532550888, "d4": -2.5176083062346906, "p1": 46.296497523782364, "p2": 26.74748158735322, "p3": 17.758266773039853, "p4": 32.18337827848314, "pol1": 0.5585122352233998, "pol2": 0.3750207425483989, "pol3": -0.6129750773309526, "pol4": 0.7895178418440425, "v0s": 3.317769862842577}, "datetime": {"datetime": "2022-04-28 16:19:20", "elapsed": 2873.407874, "delta": 16.180088}}
{"target": -1.0, "params": {"Bgrad": 1.9294651974000943, "d1": -2.215036121258201, "d2": -2.655277236292505, "d3": -2.231816376190231, "d4": -2.4787063852972304, "p1": 31.310168458909395, "p2": 10.830485146655612, "p3": 31.50103903587283, "p4": 26.54153588852185, "pol1": 0.3957444125867917, "pol2": 0.21001205185309346, "pol3": 0.5481661893724066, "pol4": -0.860288653264395, "v0s": 7.847748994549063}, "datetime": {"datetime": "2022-04-28 16:19:38", "elapsed": 2890.702969, "delta": 17.295095}}
{"target": -1.0, "params": {"Bgrad": 1.1723257565720517, "d1": -2.6074720589385856, "d2": 0.12597711695049751, "d3": 0.36722841125069117, "d4": -1.4864248431098073, "p1": 2.1752580988343926, "p2": 0.41544984817794006, "p3": 13.214728052162494, "p4": 31.193259623330338, "pol1": 0.051944461294491706, "pol2": -0.7875484711183849, "pol3": 0.3936003199030469, "pol4": -0.2771287851624755, "v0s": 3.2800601408889962}, "datetime": {"datetime": "2022-04-28 16:19:52", "elapsed": 2905.074768, "delta": 14.371799}}
{"target": -1.0, "params": {"Bgrad": 0.5397537621209856, "d1": 0.80535430597573, "d2": -0.21433602889367043, "d3": -2.7836964276593714, "d4": -2.8109320345334607, "p1": 10.237828044883535, "p2": 28.533609356505522, "p3": 47.730509424871215, "p4": 35.44061902950572, "pol1": -0.7687319884749446, "pol2": -0.030860754696929282, "pol3": 0.03480989051100858, "pol4": 0.0972774813844175, "v0s": 5.4874857348975805}, "datetime": {"datetime": "2022-04-28 16:19:57", "elapsed": 2910.375723, "delta": 5.300955}}
{"target": -1.0, "params": {"Bgrad": 0.7457186850238047, "d1": 0.41231820840144895, "d2": 0.2028265713624826, "d3": -2.8508620239039812, "d4": -1.206707909012895, "p1": 7.079386100698865, "p2": 31.749885452562015, "p3": 19.23266082894503, "p4": 23.449239626617626, "pol1": -0.273193221326687, "pol2": 0.664954135807508, "pol3": -0.24837598892677848, "pol4": -0.5855688775840366, "v0s": 2.6036486565705634}, "datetime": {"datetime": "2022-04-28 16:20:07", "elapsed": 2920.260437, "delta": 9.884714}}
{"target": -1.0, "params": {"Bgrad": 1.7805258963167034, "d1": -1.401235846913639, "d2": 0.7039468689299717, "d3": -1.016196999839467, "d4": -2.965045917763293, "p1": 41.634478336555446, "p2": 47.67114147753216, "p3": 1.9432270136188923, "p4": 17.519615879536648, "pol1": -0.40413655446964913, "pol2": -0.29442725772535194, "pol3": -0.363600483401854, "pol4": 0.5340598094236138, "v0s": 6.625962806636985}, "datetime": {"datetime": "2022-04-28 16:20:23", "elapsed": 2935.899911, "delta": 15.639474}}
{"target": 4.282742542737729, "params": {"Bgrad": 1.3422609257506126, "d1": -2.924319275715302, "d2": -1.4778691260247143, "d3": -2.1082478941737652, "d4": -1.6412581157004573, "p1": 8.745860307428815, "p2": 5.194833658077103, "p3": 27.113243883650505, "p4": 10.85824455365954, "pol1": 0.06303715601963411, "pol2": -0.09936856607118516, "pol3": -0.64601258448549, "pol4": 0.5421672816096761, "v0s": 4.282742542737729}, "datetime": {"datetime": "2022-04-28 16:20:29", "elapsed": 2942.452034, "delta": 6.552123}}
{"target": -1.0, "params": {"Bgrad": 0.962404095997123, "d1": -1.895270167280021, "d2": -0.15120980809943818, "d3": -0.12002426249607367, "d4": -0.7306027521402343, "p1": 7.701735470573401, "p2": 1.2488828760804482, "p3": 20.650550645537734, "p4": 12.525817515415127, "pol1": -0.4873646670410998, "pol2": -0.8668809487233846, "pol3": 0.7990706937595486, "pol4": -0.3947303323598297, "v0s": 7.869078793343104}, "datetime": {"datetime": "2022-04-28 16:20:39", "elapsed": 2951.824604, "delta": 9.37257}}
