{"target": 4.20353799532417, "params": {"Bgrad": 1.4766117429462609, "d1": -2.8213063239973715, "d2": -0.267649815141834, "d3": -1.9521275313291637, "d4": -0.8223701079173835, "p1": 10.144101155302527, "p2": 16.999436296198716, "p3": 7.561348055805001, "p4": 33.699535739180504, "pol1": -0.21610843501528845, "pol2": -0.4784537558499433, "pol3": -0.33763907167039103, "pol4": -0.2255080910655761, "v0s": 4.20353799532417}, "datetime": {"datetime": "2022-06-25 13:35:56", "elapsed": 50027.810386, "delta": 0.006984}}
{"target": 4.20353799532417, "params": {"Bgrad": 1.4766117429462609, "d1": -2.8213063239973715, "d2": -0.267649815141834, "d3": -1.9521275313291637, "d4": -0.8223701079173835, "p1": 10.144101155302527, "p2": 16.999436296198716, "p3": 7.561348055805001, "p4": 33.699535739180504, "pol1": -0.21610843501528845, "pol2": -0.4784537558499433, "pol3": -0.33763907167039103, "pol4": -0.2255080910655761, "v0s": 4.20353799532417}, "datetime": {"datetime": "2022-06-25 13:35:56", "elapsed": 50027.816368, "delta": 0.005982}}
{"target": 4.20353799532417, "params": {"Bgrad": 1.4766117429462609, "d1": -2.8213063239973715, "d2": -0.267649815141834, "d3": -1.9521275313291637, "d4": -0.8223701079173835, "p1": 10.144101155302527, "p2": 16.999436296198716, "p3": 7.561348055805001, "p4": 33.699535739180504, "pol1": -0.21610843501528845, "pol2": -0.4784537558499433, "pol3": -0.33763907167039103, "pol4": -0.2255080910655761, "v0s": 4.20353799532417}, "datetime": {"datetime": "2022-06-25 13:35:56", "elapsed": 50027.820356, "delta": 0.003988}}
{"target": 4.20353799532417, "params": {"Bgrad": 1.4766117429462609, "d1": -2.8213063239973715, "d2": -0.267649815141834, "d3": -1.9521275313291637, "d4": -0.8223701079173835, "p1": 10.144101155302527, "p2": 16.999436296198716, "p3": 7.561348055805001, "p4": 33.699535739180504, "pol1": -0.21610843501528845, "pol2": -0.4784537558499433, "pol3": -0.33763907167039103, "pol4": -0.2255080910655761, "v0s": 4.20353799532417}, "datetime": {"datetime": "2022-06-25 13:35:56", "elapsed": 50027.823348, "delta": 0.002992}}
{"target": 4.20353799532417, "params": {"Bgrad": 1.4766117429462609, "d1": -2.8213063239973715, "d2": -0.267649815141834, "d3": -1.9521275313291637, "d4": -0.8223701079173835, "p1": 10.144101155302527, "p2": 16.999436296198716, "p3": 7.561348055805001, "p4": 33.699535739180504, "pol1": -0.21610843501528845, "pol2": -0.4784537558499433, "pol3": -0.33763907167039103, "pol4": -0.2255080910655761, "v0s": 4.20353799532417}, "datetime": {"datetime": "2022-06-25 13:35:56", "elapsed": 50027.828337, "delta": 0.004989}}
{"target": 4.20353799532417, "params": {"Bgrad": 1.4766117429462609, "d1": -2.8213063239973715, "d2": -0.267649815141834, "d3": -1.9521275313291637, "d4": -0.8223701079173835, "p1": 10.144101155302527, "p2": 16.999436296198716, "p3": 7.561348055805001, "p4": 33.699535739180504, "pol1": -0.21610843501528845, "pol2": -0.4784537558499433, "pol3": -0.33763907167039103, "pol4": -0.2255080910655761, "v0s": 4.20353799532417}, "datetime": {"datetime": "2022-06-25 13:35:56", "elapsed": 50027.831327, "delta": 0.00299}}
{"target": 4.20353799532417, "params": {"Bgrad": 1.4766117429462609, "d1": -2.8213063239973715, "d2": -0.267649815141834, "d3": -1.9521275313291637, "d4": -0.8223701079173835, "p1": 10.144101155302527, "p2": 16.999436296198716, "p3": 7.561348055805001, "p4": 33.699535739180504, "pol1": -0.21610843501528845, "pol2": -0.4784537558499433, "pol3": -0.33763907167039103, "pol4": -0.2255080910655761, "v0s": 4.20353799532417}, "datetime": {"datetime": "2022-06-25 13:35:56", "elapsed": 50027.837311, "delta": 0.005984}}
{"target": 4.20353799532417, "params": {"Bgrad": 1.4766117429462609, "d1": -2.8213063239973715, "d2": -0.267649815141834, "d3": -1.9521275313291637, "d4": -0.8223701079173835, "p1": 10.144101155302527, "p2": 16.999436296198716, "p3": 7.561348055805001, "p4": 33.699535739180504, "pol1": -0.21610843501528845, "pol2": -0.4784537558499433, "pol3": -0.33763907167039103, "pol4": -0.2255080910655761, "v0s": 4.20353799532417}, "datetime": {"datetime": "2022-06-25 13:35:56", "elapsed": 50027.840303, "delta": 0.002992}}
{"target": 4.20353799532417, "params": {"Bgrad": 1.4766117429462609, "d1": -2.8213063239973715, "d2": -0.267649815141834, "d3": -1.9521275313291637, "d4": -0.8223701079173835, "p1": 10.144101155302527, "p2": 16.999436296198716, "p3": 7.561348055805001, "p4": 33.699535739180504, "pol1": -0.21610843501528845, "pol2": -0.4784537558499433, "pol3": -0.33763907167039103, "pol4": -0.2255080910655761, "v0s": 4.20353799532417}, "datetime": {"datetime": "2022-06-25 13:35:56", "elapsed": 50027.844292, "delta": 0.003989}}
{"target": 4.20353799532417, "params": {"Bgrad": 1.4766117429462609, "d1": -2.8213063239973715, "d2": -0.267649815141834, "d3": -1.9521275313291637, "d4": -0.8223701079173835, "p1": 10.144101155302527, "p2": 16.999436296198716, "p3": 7.561348055805001, "p4": 33.699535739180504, "pol1": -0.21610843501528845, "pol2": -0.4784537558499433, "pol3": -0.33763907167039103, "pol4": -0.2255080910655761, "v0s": 4.20353799532417}, "datetime": {"datetime": "2022-06-25 13:35:56", "elapsed": 50027.847284, "delta": 0.002992}}
{"target": 4.20353799532417, "params": {"Bgrad": 1.4766117429462609, "d1": -2.8213063239973715, "d2": -0.267649815141834, "d3": -1.9521275313291637, "d4": -0.8223701079173835, "p1": 10.144101155302527, "p2": 16.999436296198716, "p3": 7.561348055805001, "p4": 33.699535739180504, "pol1": -0.21610843501528845, "pol2": -0.4784537558499433, "pol3": -0.33763907167039103, "pol4": -0.2255080910655761, "v0s": 4.20353799532417}, "datetime": {"datetime": "2022-06-25 13:35:56", "elapsed": 50027.851277, "delta": 0.003993}}
{"target": 4.20353799532417, "params": {"Bgrad": 1.4766117429462609, "d1": -2.8213063239973715, "d2": -0.267649815141834, "d3": -1.9521275313291637, "d4": -0.8223701079173835, "p1": 10.144101155302527, "p2": 16.999436296198716, "p3": 7.561348055805001, "p4": 33.699535739180504, "pol1": -0.21610843501528845, "pol2": -0.4784537558499433, "pol3": -0.33763907167039103, "pol4": -0.2255080910655761, "v0s": 4.20353799532417}, "datetime": {"datetime": "2022-06-25 13:35:56", "elapsed": 50027.854266, "delta": 0.002989}}
{"target": 4.20353799532417, "params": {"Bgrad": 1.4766117429462609, "d1": -2.8213063239973715, "d2": -0.267649815141834, "d3": -1.9521275313291637, "d4": -0.8223701079173835, "p1": 10.144101155302527, "p2": 16.999436296198716, "p3": 7.561348055805001, "p4": 33.699535739180504, "pol1": -0.21610843501528845, "pol2": -0.4784537558499433, "pol3": -0.33763907167039103, "pol4": -0.2255080910655761, "v0s": 4.20353799532417}, "datetime": {"datetime": "2022-06-25 13:35:56", "elapsed": 50027.857258, "delta": 0.002992}}
{"target": 4.20353799532417, "params": {"Bgrad": 1.4766117429462609, "d1": -2.8213063239973715, "d2": -0.267649815141834, "d3": -1.9521275313291637, "d4": -0.8223701079173835, "p1": 10.144101155302527, "p2": 16.999436296198716, "p3": 7.561348055805001, "p4": 33.699535739180504, "pol1": -0.21610843501528845, "pol2": -0.4784537558499433, "pol3": -0.33763907167039103, "pol4": -0.2255080910655761, "v0s": 4.20353799532417}, "datetime": {"datetime": "2022-06-25 13:35:56", "elapsed": 50027.861247, "delta": 0.003989}}
{"target": 4.20353799532417, "params": {"Bgrad": 1.4766117429462609, "d1": -2.8213063239973715, "d2": -0.267649815141834, "d3": -1.9521275313291637, "d4": -0.8223701079173835, "p1": 10.144101155302527, "p2": 16.999436296198716, "p3": 7.561348055805001, "p4": 33.699535739180504, "pol1": -0.21610843501528845, "pol2": -0.4784537558499433, "pol3": -0.33763907167039103, "pol4": -0.2255080910655761, "v0s": 4.20353799532417}, "datetime": {"datetime": "2022-06-25 13:35:56", "elapsed": 50027.864239, "delta": 0.002992}}
{"target": 4.20353799532417, "params": {"Bgrad": 1.4766117429462609, "d1": -2.8213063239973715, "d2": -0.267649815141834, "d3": -1.9521275313291637, "d4": -0.8223701079173835, "p1": 10.144101155302527, "p2": 16.999436296198716, "p3": 7.561348055805001, "p4": 33.699535739180504, "pol1": -0.21610843501528845, "pol2": -0.4784537558499433, "pol3": -0.33763907167039103, "pol4": -0.2255080910655761, "v0s": 4.20353799532417}, "datetime": {"datetime": "2022-06-25 13:35:56", "elapsed": 50027.866233, "delta": 0.001994}}
{"target": 4.20353799532417, "params": {"Bgrad": 1.4766117429462609, "d1": -2.8213063239973715, "d2": -0.267649815141834, "d3": -1.9521275313291637, "d4": -0.8223701079173835, "p1": 10.144101155302527, "p2": 16.999436296198716, "p3": 7.561348055805001, "p4": 33.699535739180504, "pol1": -0.21610843501528845, "pol2": -0.4784537558499433, "pol3": -0.33763907167039103, "pol4": -0.2255080910655761, "v0s": 4.20353799532417}, "datetime": {"datetime": "2022-06-25 13:35:56", "elapsed": 50027.869226, "delta": 0.002993}}
{"target": 4.20353799532417, "params": {"Bgrad": 1.4766117429462609, "d1": -2.8213063239973715, "d2": -0.267649815141834, "d3": -1.9521275313291637, "d4": -0.8223701079173835, "p1": 10.144101155302527, "p2": 16.999436296198716, "p3": 7.561348055805001, "p4": 33.699535739180504, "pol1": -0.21610843501528845, "pol2": -0.4784537558499433, "pol3": -0.33763907167039103, "pol4": -0.2255080910655761, "v0s": 4.20353799532417}, "datetime": {"datetime": "2022-06-25 13:35:56", "elapsed": 50027.87122, "delta": 0.001994}}
{"target": 4.20353799532417, "params": {"Bgrad": 1.4766117429462609, "d1": -2.8213063239973715, "d2": -0.267649815141834, "d3": -1.9521275313291637, "d4": -0.8223701079173835, "p1": 10.144101155302527, "p2": 16.999436296198716, "p3": 7.561348055805001, "p4": 33.699535739180504, "pol1": -0.21610843501528845, "pol2": -0.4784537558499433, "pol3": -0.33763907167039103, "pol4": -0.2255080910655761, "v0s": 4.20353799532417}, "datetime": {"datetime": "2022-06-25 13:35:56", "elapsed": 50027.874213, "delta": 0.002993}}
{"target": 4.20353799532417, "params": {"Bgrad": 1.4766117429462609, "d1": -2.8213063239973715, "d2": -0.267649815141834, "d3": -1.9521275313291637, "d4": -0.8223701079173835, "p1": 10.144101155302527, "p2": 16.999436296198716, "p3": 7.561348055805001, "p4": 33.699535739180504, "pol1": -0.21610843501528845, "pol2": -0.4784537558499433, "pol3": -0.33763907167039103, "pol4": -0.2255080910655761, "v0s": 4.20353799532417}, "datetime": {"datetime": "2022-06-25 13:35:56", "elapsed": 50027.878202, "delta": 0.003989}}
{"target": 4.20353799532417, "params": {"Bgrad": 1.4766117429462609, "d1": -2.8213063239973715, "d2": -0.267649815141834, "d3": -1.9521275313291637, "d4": -0.8223701079173835, "p1": 10.144101155302527, "p2": 16.999436296198716, "p3": 7.561348055805001, "p4": 33.699535739180504, "pol1": -0.21610843501528845, "pol2": -0.4784537558499433, "pol3": -0.33763907167039103, "pol4": -0.2255080910655761, "v0s": 4.20353799532417}, "datetime": {"datetime": "2022-06-25 13:35:56", "elapsed": 50027.881194, "delta": 0.002992}}
{"target": 4.20353799532417, "params": {"Bgrad": 1.4766117429462609, "d1": -2.8213063239973715, "d2": -0.267649815141834, "d3": -1.9521275313291637, "d4": -0.8223701079173835, "p1": 10.144101155302527, "p2": 16.999436296198716, "p3": 7.561348055805001, "p4": 33.699535739180504, "pol1": -0.21610843501528845, "pol2": -0.4784537558499433, "pol3": -0.33763907167039103, "pol4": -0.2255080910655761, "v0s": 4.20353799532417}, "datetime": {"datetime": "2022-06-25 13:35:56", "elapsed": 50027.884186, "delta": 0.002992}}
{"target": 4.20353799532417, "params": {"Bgrad": 1.4766117429462609, "d1": -2.8213063239973715, "d2": -0.267649815141834, "d3": -1.9521275313291637, "d4": -0.8223701079173835, "p1": 10.144101155302527, "p2": 16.999436296198716, "p3": 7.561348055805001, "p4": 33.699535739180504, "pol1": -0.21610843501528845, "pol2": -0.4784537558499433, "pol3": -0.33763907167039103, "pol4": -0.2255080910655761, "v0s": 4.20353799532417}, "datetime": {"datetime": "2022-06-25 13:35:56", "elapsed": 50027.88718, "delta": 0.002994}}
{"target": 4.20353799532417, "params": {"Bgrad": 1.4766117429462609, "d1": -2.8213063239973715, "d2": -0.267649815141834, "d3": -1.9521275313291637, "d4": -0.8223701079173835, "p1": 10.144101155302527, "p2": 16.999436296198716, "p3": 7.561348055805001, "p4": 33.699535739180504, "pol1": -0.21610843501528845, "pol2": -0.4784537558499433, "pol3": -0.33763907167039103, "pol4": -0.2255080910655761, "v0s": 4.20353799532417}, "datetime": {"datetime": "2022-06-25 13:35:56", "elapsed": 50027.89017, "delta": 0.00299}}
{"target": 4.20353799532417, "params": {"Bgrad": 1.4766117429462609, "d1": -2.8213063239973715, "d2": -0.267649815141834, "d3": -1.9521275313291637, "d4": -0.8223701079173835, "p1": 10.144101155302527, "p2": 16.999436296198716, "p3": 7.561348055805001, "p4": 33.699535739180504, "pol1": -0.21610843501528845, "pol2": -0.4784537558499433, "pol3": -0.33763907167039103, "pol4": -0.2255080910655761, "v0s": 4.20353799532417}, "datetime": {"datetime": "2022-06-25 13:35:56", "elapsed": 50027.893162, "delta": 0.002992}}
{"target": 4.20353799532417, "params": {"Bgrad": 1.4766117429462609, "d1": -2.8213063239973715, "d2": -0.267649815141834, "d3": -1.9521275313291637, "d4": -0.8223701079173835, "p1": 10.144101155302527, "p2": 16.999436296198716, "p3": 7.561348055805001, "p4": 33.699535739180504, "pol1": -0.21610843501528845, "pol2": -0.4784537558499433, "pol3": -0.33763907167039103, "pol4": -0.2255080910655761, "v0s": 4.20353799532417}, "datetime": {"datetime": "2022-06-25 13:35:56", "elapsed": 50027.896154, "delta": 0.002992}}
{"target": 4.20353799532417, "params": {"Bgrad": 1.4766117429462609, "d1": -2.8213063239973715, "d2": -0.267649815141834, "d3": -1.9521275313291637, "d4": -0.8223701079173835, "p1": 10.144101155302527, "p2": 16.999436296198716, "p3": 7.561348055805001, "p4": 33.699535739180504, "pol1": -0.21610843501528845, "pol2": -0.4784537558499433, "pol3": -0.33763907167039103, "pol4": -0.2255080910655761, "v0s": 4.20353799532417}, "datetime": {"datetime": "2022-06-25 13:35:56", "elapsed": 50027.899145, "delta": 0.002991}}
{"target": 4.20353799532417, "params": {"Bgrad": 1.4766117429462609, "d1": -2.8213063239973715, "d2": -0.267649815141834, "d3": -1.9521275313291637, "d4": -0.8223701079173835, "p1": 10.144101155302527, "p2": 16.999436296198716, "p3": 7.561348055805001, "p4": 33.699535739180504, "pol1": -0.21610843501528845, "pol2": -0.4784537558499433, "pol3": -0.33763907167039103, "pol4": -0.2255080910655761, "v0s": 4.20353799532417}, "datetime": {"datetime": "2022-06-25 13:35:56", "elapsed": 50027.90114, "delta": 0.001995}}
{"target": 4.20353799532417, "params": {"Bgrad": 1.4766117429462609, "d1": -2.8213063239973715, "d2": -0.267649815141834, "d3": -1.9521275313291637, "d4": -0.8223701079173835, "p1": 10.144101155302527, "p2": 16.999436296198716, "p3": 7.561348055805001, "p4": 33.699535739180504, "pol1": -0.21610843501528845, "pol2": -0.4784537558499433, "pol3": -0.33763907167039103, "pol4": -0.2255080910655761, "v0s": 4.20353799532417}, "datetime": {"datetime": "2022-06-25 13:35:56", "elapsed": 50027.904132, "delta": 0.002992}}
{"target": 4.20353799532417, "params": {"Bgrad": 1.4766117429462609, "d1": -2.8213063239973715, "d2": -0.267649815141834, "d3": -1.9521275313291637, "d4": -0.8223701079173835, "p1": 10.144101155302527, "p2": 16.999436296198716, "p3": 7.561348055805001, "p4": 33.699535739180504, "pol1": -0.21610843501528845, "pol2": -0.4784537558499433, "pol3": -0.33763907167039103, "pol4": -0.2255080910655761, "v0s": 4.20353799532417}, "datetime": {"datetime": "2022-06-25 13:35:56", "elapsed": 50027.906127, "delta": 0.001995}}
{"target": 4.20353799532417, "params": {"Bgrad": 1.4766117429462609, "d1": -2.8213063239973715, "d2": -0.267649815141834, "d3": -1.9521275313291637, "d4": -0.8223701079173835, "p1": 10.144101155302527, "p2": 16.999436296198716, "p3": 7.561348055805001, "p4": 33.699535739180504, "pol1": -0.21610843501528845, "pol2": -0.4784537558499433, "pol3": -0.33763907167039103, "pol4": -0.2255080910655761, "v0s": 4.20353799532417}, "datetime": {"datetime": "2022-06-25 13:35:56", "elapsed": 50027.90912, "delta": 0.002993}}
{"target": 4.20353799532417, "params": {"Bgrad": 1.4766117429462609, "d1": -2.8213063239973715, "d2": -0.267649815141834, "d3": -1.9521275313291637, "d4": -0.8223701079173835, "p1": 10.144101155302527, "p2": 16.999436296198716, "p3": 7.561348055805001, "p4": 33.699535739180504, "pol1": -0.21610843501528845, "pol2": -0.4784537558499433, "pol3": -0.33763907167039103, "pol4": -0.2255080910655761, "v0s": 4.20353799532417}, "datetime": {"datetime": "2022-06-25 13:35:56", "elapsed": 50027.912111, "delta": 0.002991}}
{"target": 4.20353799532417, "params": {"Bgrad": 1.4766117429462609, "d1": -2.8213063239973715, "d2": -0.267649815141834, "d3": -1.9521275313291637, "d4": -0.8223701079173835, "p1": 10.144101155302527, "p2": 16.999436296198716, "p3": 7.561348055805001, "p4": 33.699535739180504, "pol1": -0.21610843501528845, "pol2": -0.4784537558499433, "pol3": -0.33763907167039103, "pol4": -0.2255080910655761, "v0s": 4.20353799532417}, "datetime": {"datetime": "2022-06-25 13:35:56", "elapsed": 50027.915103, "delta": 0.002992}}
{"target": 4.20353799532417, "params": {"Bgrad": 1.4766117429462609, "d1": -2.8213063239973715, "d2": -0.267649815141834, "d3": -1.9521275313291637, "d4": -0.8223701079173835, "p1": 10.144101155302527, "p2": 16.999436296198716, "p3": 7.561348055805001, "p4": 33.699535739180504, "pol1": -0.21610843501528845, "pol2": -0.4784537558499433, "pol3": -0.33763907167039103, "pol4": -0.2255080910655761, "v0s": 4.20353799532417}, "datetime": {"datetime": "2022-06-25 13:35:56", "elapsed": 50027.918095, "delta": 0.002992}}
{"target": 4.20353799532417, "params": {"Bgrad": 1.4766117429462609, "d1": -2.8213063239973715, "d2": -0.267649815141834, "d3": -1.9521275313291637, "d4": -0.8223701079173835, "p1": 10.144101155302527, "p2": 16.999436296198716, "p3": 7.561348055805001, "p4": 33.699535739180504, "pol1": -0.21610843501528845, "pol2": -0.4784537558499433, "pol3": -0.33763907167039103, "pol4": -0.2255080910655761, "v0s": 4.20353799532417}, "datetime": {"datetime": "2022-06-25 13:35:56", "elapsed": 50027.922085, "delta": 0.00399}}
{"target": 4.20353799532417, "params": {"Bgrad": 1.4766117429462609, "d1": -2.8213063239973715, "d2": -0.267649815141834, "d3": -1.9521275313291637, "d4": -0.8223701079173835, "p1": 10.144101155302527, "p2": 16.999436296198716, "p3": 7.561348055805001, "p4": 33.699535739180504, "pol1": -0.21610843501528845, "pol2": -0.4784537558499433, "pol3": -0.33763907167039103, "pol4": -0.2255080910655761, "v0s": 4.20353799532417}, "datetime": {"datetime": "2022-06-25 13:35:56", "elapsed": 50027.925076, "delta": 0.002991}}
{"target": 4.20353799532417, "params": {"Bgrad": 1.4766117429462609, "d1": -2.8213063239973715, "d2": -0.267649815141834, "d3": -1.9521275313291637, "d4": -0.8223701079173835, "p1": 10.144101155302527, "p2": 16.999436296198716, "p3": 7.561348055805001, "p4": 33.699535739180504, "pol1": -0.21610843501528845, "pol2": -0.4784537558499433, "pol3": -0.33763907167039103, "pol4": -0.2255080910655761, "v0s": 4.20353799532417}, "datetime": {"datetime": "2022-06-25 13:35:56", "elapsed": 50027.928068, "delta": 0.002992}}
{"target": 4.20353799532417, "params": {"Bgrad": 1.4766117429462609, "d1": -2.8213063239973715, "d2": -0.267649815141834, "d3": -1.9521275313291637, "d4": -0.8223701079173835, "p1": 10.144101155302527, "p2": 16.999436296198716, "p3": 7.561348055805001, "p4": 33.699535739180504, "pol1": -0.21610843501528845, "pol2": -0.4784537558499433, "pol3": -0.33763907167039103, "pol4": -0.2255080910655761, "v0s": 4.20353799532417}, "datetime": {"datetime": "2022-06-25 13:35:59", "elapsed": 50030.836292, "delta": 2.908224}}
{"target": 4.20353799532417, "params": {"Bgrad": 1.4766117429462609, "d1": -2.8213063239973715, "d2": -0.267649815141834, "d3": -1.9521275313291637, "d4": -0.8223701079173835, "p1": 10.144101155302527, "p2": 16.999436296198716, "p3": 7.561348055805001, "p4": 33.699535739180504, "pol1": -0.21610843501528845, "pol2": -0.4784537558499433, "pol3": -0.33763907167039103, "pol4": -0.2255080910655761, "v0s": 4.20353799532417}, "datetime": {"datetime": "2022-06-25 13:35:59", "elapsed": 50030.840281, "delta": 0.003989}}
{"target": 4.20353799532417, "params": {"Bgrad": 1.4766117429462609, "d1": -2.8213063239973715, "d2": -0.267649815141834, "d3": -1.9521275313291637, "d4": -0.8223701079173835, "p1": 10.144101155302527, "p2": 16.999436296198716, "p3": 7.561348055805001, "p4": 33.699535739180504, "pol1": -0.21610843501528845, "pol2": -0.4784537558499433, "pol3": -0.33763907167039103, "pol4": -0.2255080910655761, "v0s": 4.20353799532417}, "datetime": {"datetime": "2022-06-25 13:35:59", "elapsed": 50030.844271, "delta": 0.00399}}
{"target": 4.20353799532417, "params": {"Bgrad": 1.4766117429462609, "d1": -2.8213063239973715, "d2": -0.267649815141834, "d3": -1.9521275313291637, "d4": -0.8223701079173835, "p1": 10.144101155302527, "p2": 16.999436296198716, "p3": 7.561348055805001, "p4": 33.699535739180504, "pol1": -0.21610843501528845, "pol2": -0.4784537558499433, "pol3": -0.33763907167039103, "pol4": -0.2255080910655761, "v0s": 4.20353799532417}, "datetime": {"datetime": "2022-06-25 13:35:59", "elapsed": 50030.847263, "delta": 0.002992}}
{"target": 4.20353799532417, "params": {"Bgrad": 1.4766117429462609, "d1": -2.8213063239973715, "d2": -0.267649815141834, "d3": -1.9521275313291637, "d4": -0.8223701079173835, "p1": 10.144101155302527, "p2": 16.999436296198716, "p3": 7.561348055805001, "p4": 33.699535739180504, "pol1": -0.21610843501528845, "pol2": -0.4784537558499433, "pol3": -0.33763907167039103, "pol4": -0.2255080910655761, "v0s": 4.20353799532417}, "datetime": {"datetime": "2022-06-25 13:35:59", "elapsed": 50030.851252, "delta": 0.003989}}
