{"target": -1.0, "params": {"Bgrad": 0.7200341999597932, "d1": 0.15692247801908144, "d2": -2.96347582709086, "d3": -0.7786752892570248, "d4": 0.8790673766047927, "p1": 19.232701129309003, "p2": 18.301426070007114, "p3": 35.09571112799628, "p4": 19.418703252688204, "pol1": 0.005952581060226558, "pol2": -0.053614511956823874, "pol3": -0.8733317938024587, "pol4": -0.4781346116402512, "v0s": 7.942706456687623}, "datetime": {"datetime": "2022-06-16 01:52:02", "elapsed": 258569.578394, "delta": 12.36495}}
{"target": 3.6842042850151437, "params": {"Bgrad": 0.774181545190856, "d1": -0.6688113271844931, "d2": -0.40948538351280517, "d3": -0.17931409900383644, "d4": -2.9321820236489886, "p1": 40.04748550262156, "p2": 31.140468258410635, "p3": 47.046072850565956, "p4": 16.51655782551675, "pol1": 0.888606035171928, "pol2": 0.9055300436214717, "pol3": -0.3453305734011156, "pol4": 0.9862158138831698, "v0s": 3.6842042850151437}, "datetime": {"datetime": "2022-06-16 01:52:15", "elapsed": 258582.982567, "delta": 13.404173}}
{"target": -1.0, "params": {"Bgrad": 1.1571036699776358, "d1": -1.4918388922571921, "d2": 0.039753578466316775, "d3": -0.024427259769762788, "d4": 0.7033436622031961, "p1": 45.09887120145979, "p2": 1.3451532993802529, "p3": 10.70337349244474, "p4": 32.02002247648977, "pol1": -0.8806864764571651, "pol2": -0.10092381027970054, "pol3": 0.13492324872611583, "pol4": 0.8223366125604512, "v0s": 4.856821854571114}, "datetime": {"datetime": "2022-06-16 01:52:39", "elapsed": 258607.00835, "delta": 24.025783}}
{"target": -1.0, "params": {"Bgrad": 1.001210173132274, "d1": -2.0809165755854258, "d2": -0.8296944845185776, "d3": -2.104958298160986, "d4": -0.8090544076635737, "p1": 37.84719788460592, "p2": 8.688762943523997, "p3": 48.915078632798, "p4": 32.111833586638014, "pol1": -0.3207624111328453, "pol2": 0.9635733599288774, "pol3": 0.9637915305079647, "pol4": -0.5615300919555806, "v0s": 4.838915316448313}, "datetime": {"datetime": "2022-06-16 01:53:00", "elapsed": 258627.197389, "delta": 20.189039}}
{"target": -1.0, "params": {"Bgrad": 0.5040603757727751, "d1": -1.3562000546041033, "d2": -2.690953433326482, "d3": -0.5751388757070184, "d4": -1.7699073523719848, "p1": 2.9382730275001934, "p2": 1.746099868546802, "p3": 37.38903629950498, "p4": 26.07749308577882, "pol1": -0.34118826762414, "pol2": 0.4141487781266422, "pol3": -0.6537976700684085, "pol4": -0.012912137353914277, "v0s": 7.41162492234745}, "datetime": {"datetime": "2022-06-16 01:53:18", "elapsed": 258645.863498, "delta": 18.666109}}
{"target": -1.0, "params": {"Bgrad": 1.3279754002674937, "d1": -0.13814869860709544, "d2": -2.518811140748311, "d3": -0.9942912831909667, "d4": -0.31174577276505255, "p1": 3.1274994032013117, "p2": 34.76002980674217, "p3": 24.695614708789027, "p4": 44.30809603737592, "pol1": -0.38880783228499904, "pol2": 0.21662957241044234, "pol3": -0.7054096285144014, "pol4": -0.6769006351624665, "v0s": 5.819693957645862}, "datetime": {"datetime": "2022-06-16 01:53:35", "elapsed": 258662.605748, "delta": 16.74225}}
{"target": -1.0, "params": {"Bgrad": 0.9285997019316603, "d1": 0.4160453637318753, "d2": -1.5757903983657644, "d3": 0.23773223091840778, "d4": -0.907979821016617, "p1": 8.980429427113046, "p2": 14.642223803733506, "p3": 31.910352173182922, "p4": 19.115920822715328, "pol1": 0.013982366984210737, "pol2": 0.6085069741075371, "pol3": 0.5541464920568318, "pol4": 0.21821876319554723, "v0s": 7.164342931741052}, "datetime": {"datetime": "2022-06-16 01:53:54", "elapsed": 258681.174118, "delta": 18.56837}}
{"target": 3.377498916982172, "params": {"Bgrad": 1.1937203390734379, "d1": -1.05829557219604, "d2": -0.12854412066424725, "d3": -2.8217255838692736, "d4": -2.7017347843053, "p1": 34.10302777531214, "p2": 37.33695559302824, "p3": 0.693668488478083, "p4": 1.3894040898960291, "pol1": -0.595454807425218, "pol2": 0.6297841032823739, "pol3": -0.5148852980338345, "pol4": -0.4871744619691405, "v0s": 3.377498916982172}, "datetime": {"datetime": "2022-06-16 01:54:06", "elapsed": 258693.259815, "delta": 12.085697}}
{"target": -1.0, "params": {"Bgrad": 1.6850871665708005, "d1": -0.5452992960384235, "d2": -2.3142751178250593, "d3": 0.7941458585281898, "d4": -2.148399893683654, "p1": 9.027956070366521, "p2": 7.027973960044109, "p3": 45.970922962587046, "p4": 43.71089349453216, "pol1": -0.9975650367546294, "pol2": -0.9183218540799858, "pol3": 0.9710925419684155, "pol4": 0.999134248206168, "v0s": 5.0112495042149785}, "datetime": {"datetime": "2022-06-16 01:54:26", "elapsed": 258713.610421, "delta": 20.350606}}
{"target": -1.0, "params": {"Bgrad": 0.537586944812037, "d1": -2.3664777232099925, "d2": -2.064250426599094, "d3": 0.668630453968456, "d4": -0.24078047381962975, "p1": 31.78912713150363, "p2": 39.53388508671493, "p3": 12.811376451330702, "p4": 42.67498484757501, "pol1": 0.8362849172004603, "pol2": -0.5187504132029064, "pol3": -0.45627116121920785, "pol4": 0.7980391121241126, "v0s": 6.10963127580956}, "datetime": {"datetime": "2022-06-16 01:54:43", "elapsed": 258730.518229, "delta": 16.907808}}
{"target": -1.0, "params": {"Bgrad": 0.5113440289870294, "d1": -0.23341264785114868, "d2": -0.8785479171251209, "d3": -1.3287720728983925, "d4": -2.3770978160973497, "p1": 33.82706109689156, "p2": 8.53612311928249, "p3": 1.007299874721157, "p4": 31.859911411034698, "pol1": 0.7386101338232727, "pol2": 0.6647990113193551, "pol3": -0.3077969910708307, "pol4": -0.28209586304887524, "v0s": 6.229393530735376}, "datetime": {"datetime": "2022-06-16 01:54:56", "elapsed": 258743.656114, "delta": 13.137885}}
{"target": -1.0, "params": {"Bgrad": 0.5129087600338478, "d1": -1.051544700285469, "d2": 0.9618288014471106, "d3": -0.18861945994058482, "d4": -0.42069530222209917, "p1": 8.113693206403665, "p2": 10.779108011445532, "p3": 49.43751206172923, "p4": 11.706210671305422, "pol1": 0.7744502185639535, "pol2": -0.1889266386929329, "pol3": -0.12740654045662136, "pol4": -0.10260578784785102, "v0s": 7.128406412070865}, "datetime": {"datetime": "2022-06-16 01:55:08", "elapsed": 258755.731838, "delta": 12.075724}}
{"target": -1.0, "params": {"Bgrad": 1.6884885318975917, "d1": -1.7722938660872867, "d2": -2.3625711697522678, "d3": -1.5004904315869485, "d4": -1.224750746129946, "p1": 41.08581150939054, "p2": 10.425668354612755, "p3": 45.4472528328426, "p4": 48.44323880297647, "pol1": 0.6631243716561894, "pol2": -0.8356279759883585, "pol3": 0.3004096748967635, "pol4": 0.9450164177443725, "v0s": 7.8869306913162305}, "datetime": {"datetime": "2022-06-16 01:55:25", "elapsed": 258772.452147, "delta": 16.720309}}
{"target": -1.0, "params": {"Bgrad": 1.0485231642805188, "d1": 0.5374651735556166, "d2": -2.182793943349948, "d3": 0.3070114342980812, "d4": -0.5282367326576569, "p1": 8.334918438691208, "p2": 7.162134622756233, "p3": 48.288589717089344, "p4": 43.08538546327546, "pol1": -0.24393938334040088, "pol2": 0.6925872548617851, "pol3": 0.6285279648891018, "pol4": -0.16616279053085048, "v0s": 7.745786719982867}, "datetime": {"datetime": "2022-06-16 01:55:41", "elapsed": 258788.358632, "delta": 15.906485}}
{"target": 3.3687652885673876, "params": {"Bgrad": 1.5783007586889108, "d1": -2.5842965675185536, "d2": -1.8512461832766283, "d3": -1.6016036964717864, "d4": 0.03879069694299986, "p1": 10.85369771203335, "p2": 36.71289053174467, "p3": 46.77790380454142, "p4": 43.30067331117877, "pol1": -0.4005786825291595, "pol2": 0.18178649760492083, "pol3": -0.08616657717324383, "pol4": -0.3306368719238897, "v0s": 3.3687652885673876}, "datetime": {"datetime": "2022-06-16 01:55:52", "elapsed": 258799.290413, "delta": 10.931781}}
{"target": -1.0, "params": {"Bgrad": 1.1103430761896733, "d1": 0.5343666395611049, "d2": 0.9533557421553409, "d3": -2.5269772013492973, "d4": -1.5729097643858698, "p1": 17.094940606291054, "p2": 27.28826321285685, "p3": 43.86954948282209, "p4": 9.67048192340213, "pol1": 0.5458581631424706, "pol2": 0.7052604141718677, "pol3": -0.22923638997787155, "pol4": 0.6577620508954987, "v0s": 5.450575769610351}, "datetime": {"datetime": "2022-06-16 01:56:13", "elapsed": 258820.339153, "delta": 21.04874}}
{"target": 2.1753862490561806, "params": {"Bgrad": 1.5052722766514024, "d1": -0.15919219756894876, "d2": 0.6277714156059315, "d3": -2.744358135401303, "d4": -0.1393004135062057, "p1": 24.780193073563378, "p2": 1.496299095466025, "p3": 2.076735625688025, "p4": 8.524043323216935, "pol1": 0.6187150722391406, "pol2": 0.8099648922227272, "pol3": 0.6367428834674997, "pol4": 0.9280858102291205, "v0s": 2.1753862490561806}, "datetime": {"datetime": "2022-06-16 01:56:24", "elapsed": 258831.843404, "delta": 11.504251}}
{"target": -1.0, "params": {"Bgrad": 1.9813131373642494, "d1": -0.6355507190288434, "d2": -2.34981952785046, "d3": -1.9498234983614209, "d4": -0.6220011499366924, "p1": 38.06574611759714, "p2": 1.2012662127985851, "p3": 4.738656091230503, "p4": 14.862601023011257, "pol1": -0.6273505263127552, "pol2": 0.25279389556722887, "pol3": -0.17513850679277065, "pol4": 0.07207318082904535, "v0s": 6.134027587721292}, "datetime": {"datetime": "2022-06-16 01:56:43", "elapsed": 258850.100606, "delta": 18.257202}}
{"target": -1.0, "params": {"Bgrad": 1.2833799597397482, "d1": -2.29993231414426, "d2": -2.8014831121829133, "d3": -0.7407652827434097, "d4": -0.8805564159855668, "p1": 42.09851166020964, "p2": 36.5387946454347, "p3": 39.30149903583501, "p4": 8.356467729985889, "pol1": 0.02714904286104547, "pol2": -0.33958581637849683, "pol3": 0.7259757447536372, "pol4": 0.4317993588739044, "v0s": 5.095975378060238}, "datetime": {"datetime": "2022-06-16 01:57:09", "elapsed": 258876.960813, "delta": 26.860207}}
{"target": -1.0, "params": {"Bgrad": 1.827392348600097, "d1": -0.9140205560657249, "d2": -2.4874591540545357, "d3": -1.0234473444997394, "d4": -2.2024893389298703, "p1": 36.519535521376376, "p2": 46.92625314660838, "p3": 3.5407767155540117, "p4": 12.91919321012776, "pol1": -0.8404580016973509, "pol2": -0.8493531292558476, "pol3": -0.06848761367215639, "pol4": -0.8868494267466436, "v0s": 5.897874784271215}, "datetime": {"datetime": "2022-06-16 01:57:26", "elapsed": 258893.176473, "delta": 16.21566}}
{"target": -1.0, "params": {"Bgrad": 1.5367307592414643, "d1": 0.5076799329443804, "d2": -2.459899395802938, "d3": -1.459693657014069, "d4": 0.8363549319105301, "p1": 30.745202012296787, "p2": 40.974889946856166, "p3": 40.73647686427963, "p4": 37.16778805410581, "pol1": 0.21775865222674007, "pol2": 0.01937904820695624, "pol3": -0.8095513278155761, "pol4": 0.07672261364049193, "v0s": 3.8481419580733602}, "datetime": {"datetime": "2022-06-16 01:57:53", "elapsed": 258920.306956, "delta": 27.130483}}
{"target": -1.0, "params": {"Bgrad": 1.728371149766525, "d1": -1.477315669685491, "d2": -2.9446715743225664, "d3": -0.6615581374471868, "d4": -2.0822851143844407, "p1": 2.39563297660762, "p2": 45.09816027431297, "p3": 26.96731798538495, "p4": 33.5374897891452, "pol1": -0.714539610190623, "pol2": 0.5159054305814905, "pol3": 0.9295854167232735, "pol4": 0.8547588758635651, "v0s": 2.312956770775517}, "datetime": {"datetime": "2022-06-16 01:58:01", "elapsed": 258928.656639, "delta": 8.349683}}
{"target": -1.0, "params": {"Bgrad": 1.4507510460043491, "d1": 0.5035951951879869, "d2": -0.5813577984208953, "d3": 0.44241011959081833, "d4": -0.7762965583764827, "p1": 36.45277209889985, "p2": 15.103126749463275, "p3": 5.430528337421714, "p4": 27.116332599569954, "pol1": -0.219154998398587, "pol2": 0.26761062049704054, "pol3": -0.894024159174267, "pol4": 0.4736442968518888, "v0s": 2.721347111069255}, "datetime": {"datetime": "2022-06-16 01:58:21", "elapsed": 258948.090695, "delta": 19.434056}}
{"target": -1.0, "params": {"Bgrad": 1.4906946322010102, "d1": 0.8375362420118013, "d2": -2.5772338648013884, "d3": -2.580166734868193, "d4": -2.235605740385704, "p1": 28.05196465837409, "p2": 13.852635433222638, "p3": 45.64113979830458, "p4": 34.53825887300869, "pol1": 0.1677668636250471, "pol2": 0.7123188632581106, "pol3": 0.3828369872612991, "pol4": -0.9461356037492639, "v0s": 5.9616722525903185}, "datetime": {"datetime": "2022-06-16 01:58:40", "elapsed": 258967.38313, "delta": 19.292435}}
{"target": -1.0, "params": {"Bgrad": 0.7291689835351567, "d1": 0.015033176693702632, "d2": 0.8794413273829704, "d3": -0.18082046077039715, "d4": 0.3058326129382727, "p1": 19.084299621227736, "p2": 43.613791619895885, "p3": 27.69364462241383, "p4": 49.11684877205331, "pol1": -0.47951771391806863, "pol2": 0.7089492345152009, "pol3": -0.4432687727188387, "pol4": -0.06439254785005444, "v0s": 6.227874919147897}, "datetime": {"datetime": "2022-06-16 01:58:54", "elapsed": 258981.837495, "delta": 14.454365}}
{"target": -1.0, "params": {"Bgrad": 0.8395983558784986, "d1": -1.5286766556420797, "d2": -1.7871315065991564, "d3": -1.9021239636983522, "d4": 0.4275097565166539, "p1": 2.630237885367875, "p2": 18.839337419762437, "p3": 9.584080907048136, "p4": 8.556655694601488, "pol1": -0.4951495617966104, "pol2": 0.31031513820729417, "pol3": -0.22387758380661138, "pol4": 0.5865031895936046, "v0s": 5.191857693951363}, "datetime": {"datetime": "2022-06-16 01:59:10", "elapsed": 258997.945442, "delta": 16.107947}}
{"target": -1.0, "params": {"Bgrad": 0.8836986153966979, "d1": -2.8346941129511767, "d2": -1.3150153694450233, "d3": -1.3138546086319574, "d4": -0.7858018648240988, "p1": 28.52684958740543, "p2": 39.97244146251827, "p3": 36.20081518092136, "p4": 16.770344871838134, "pol1": -0.8717934154489491, "pol2": 0.8655089450395324, "pol3": -0.33822061486250843, "pol4": -0.43172330046547747, "v0s": 4.074869306082421}, "datetime": {"datetime": "2022-06-16 01:59:34", "elapsed": 259021.551347, "delta": 23.605905}}
{"target": -1.0, "params": {"Bgrad": 1.744890251200645, "d1": 0.9007804120185887, "d2": 0.03157369474482108, "d3": -0.27559961023583535, "d4": -2.0676700808315536, "p1": 31.349443153112862, "p2": 13.590973674370805, "p3": 25.848533741206438, "p4": 24.889116198371177, "pol1": 0.24571521880045033, "pol2": 0.09745177755702028, "pol3": 0.8552589127190864, "pol4": -0.5978040575753172, "v0s": 4.563515833851178}, "datetime": {"datetime": "2022-06-16 01:59:54", "elapsed": 259041.647634, "delta": 20.096287}}
{"target": -1.0, "params": {"Bgrad": 1.5312251843019935, "d1": -2.968022904499547, "d2": -2.2035534246780393, "d3": 0.2673690884155908, "d4": -2.27891143299785, "p1": 26.94725610162918, "p2": 19.77665541783794, "p3": 3.2878849490064033, "p4": 43.68801287348867, "pol1": -0.5197251595331813, "pol2": -0.803585167932312, "pol3": -0.9250784959647247, "pol4": 0.6779620001025941, "v0s": 3.31732982014423}, "datetime": {"datetime": "2022-06-16 02:00:17", "elapsed": 259064.659128, "delta": 23.011494}}
{"target": -1.0, "params": {"Bgrad": 0.9696615610980921, "d1": -1.4387788445862761, "d2": -1.297112746919122, "d3": -1.1738769334926111, "d4": -2.5298551311415145, "p1": 45.583764762367075, "p2": 22.424388145217677, "p3": 33.03808468047501, "p4": 24.93781982226111, "pol1": -0.6827606873549832, "pol2": -0.0810163998928779, "pol3": -0.16376102053074426, "pol4": -0.863000766422316, "v0s": 7.624281481335444}, "datetime": {"datetime": "2022-06-16 02:00:33", "elapsed": 259080.852844, "delta": 16.193716}}
{"target": -1.0, "params": {"Bgrad": 0.8765588991641051, "d1": -2.343326677188994, "d2": -0.3068956464235826, "d3": -2.6557642910444086, "d4": -1.3355331729023794, "p1": 4.42294969585163, "p2": 11.86360528075856, "p3": 9.109199278125962, "p4": 35.133487968294446, "pol1": 0.35031481744447945, "pol2": 0.10316471044831776, "pol3": -0.14614446534391434, "pol4": 0.9894763824104953, "v0s": 4.979684331505662}, "datetime": {"datetime": "2022-06-16 02:00:48", "elapsed": 259095.699163, "delta": 14.846319}}
{"target": -1.0, "params": {"Bgrad": 1.2695577614164253, "d1": -2.8771854133413037, "d2": -0.014709639382272766, "d3": -2.170111577240327, "d4": 0.22841209620802116, "p1": 17.174390267463657, "p2": 29.216494086383012, "p3": 21.59086341807021, "p4": 14.887290126018076, "pol1": -0.9063761684064684, "pol2": -0.3729734009964354, "pol3": 0.8737879415933472, "pol4": -0.8157158875084856, "v0s": 7.435453865511244}, "datetime": {"datetime": "2022-06-16 02:01:10", "elapsed": 259117.26552, "delta": 21.566357}}
{"target": -1.0, "params": {"Bgrad": 0.5846345950893022, "d1": 0.8692383922559102, "d2": -0.19954106446968956, "d3": -2.2045033314624525, "d4": 0.3602095456240475, "p1": 16.97360468734547, "p2": 9.862185944374291, "p3": 36.06548224059402, "p4": 3.5026413093967204, "pol1": 0.6441652591777942, "pol2": -0.21906343026990593, "pol3": 0.8751788550948869, "pol4": 0.790478091734389, "v0s": 2.0789039744877487}, "datetime": {"datetime": "2022-06-16 02:01:27", "elapsed": 259134.525387, "delta": 17.259867}}
{"target": -1.0, "params": {"Bgrad": 1.1821899188662839, "d1": -0.2629566415122597, "d2": -2.198077686240781, "d3": 0.010101149233935125, "d4": 0.3927127119565128, "p1": 3.941985849104551, "p2": 27.172708674334228, "p3": 32.11449412468065, "p4": 15.542779823899616, "pol1": 0.18433322644698058, "pol2": -0.300449332015851, "pol3": -0.17816930705120537, "pol4": 0.4780049163769944, "v0s": 3.2088688765325672}, "datetime": {"datetime": "2022-06-16 02:01:46", "elapsed": 259153.66124, "delta": 19.135853}}
{"target": 4.057620163892002, "params": {"Bgrad": 1.0773138360635575, "d1": -2.1731382458271122, "d2": 0.9756902658597122, "d3": -0.3783783988712375, "d4": -1.4147021896178167, "p1": 4.604090052396742, "p2": 30.594045526218018, "p3": 1.6655935637293506, "p4": 4.496272381868149, "pol1": 0.6252967551485611, "pol2": 0.5944604213978446, "pol3": 0.7028897471446058, "pol4": -0.7676594810528437, "v0s": 4.057620163892002}, "datetime": {"datetime": "2022-06-16 02:01:58", "elapsed": 259165.262232, "delta": 11.600992}}
{"target": -1.0, "params": {"Bgrad": 0.5163450797909607, "d1": -0.8938243377182515, "d2": -2.684091170973512, "d3": -1.6799822421407673, "d4": -0.9716714778236497, "p1": 20.417338406004614, "p2": 33.821327183689995, "p3": 43.76224042160802, "p4": 14.565577345679998, "pol1": 0.3649840849455035, "pol2": -0.665913917841866, "pol3": -0.7193304005992505, "pol4": -0.21982909774613346, "v0s": 5.674752349790629}, "datetime": {"datetime": "2022-06-16 02:02:09", "elapsed": 259176.858238, "delta": 11.596006}}
{"target": -1.0, "params": {"Bgrad": 1.1988999321991765, "d1": -0.07299753920894725, "d2": 0.6281321034795058, "d3": -2.0321462279667184, "d4": -1.3625218064937017, "p1": 25.468364565072786, "p2": 28.36838062435377, "p3": 38.005973697787304, "p4": 8.445560294126775, "pol1": 0.061181764830312124, "pol2": 0.49444577474387863, "pol3": -0.7753077869358467, "pol4": -0.2716013638008299, "v0s": 6.712297736578215}, "datetime": {"datetime": "2022-06-16 02:02:34", "elapsed": 259201.084486, "delta": 24.226248}}
{"target": -1.0, "params": {"Bgrad": 1.100345650097962, "d1": 0.5488421932472107, "d2": -1.1091112148928257, "d3": -2.758702305420519, "d4": -0.8985304966068122, "p1": 15.09584140324159, "p2": 25.425719136256436, "p3": 16.63516701073558, "p4": 28.689526763274703, "pol1": 0.8225560041095847, "pol2": 0.42427917992514375, "pol3": -0.9440520583810119, "pol4": -0.6688149029669994, "v0s": 5.652085948340243}, "datetime": {"datetime": "2022-06-16 02:02:54", "elapsed": 259221.553775, "delta": 20.469289}}
{"target": -1.0, "params": {"Bgrad": 1.794048168961819, "d1": -1.9021198101708996, "d2": -0.4342808929270854, "d3": 0.48148063980065414, "d4": -0.6765058445341103, "p1": 28.619823391722093, "p2": 11.586588762459144, "p3": 0.5651204809647148, "p4": 25.70582437883826, "pol1": -0.35185804057616044, "pol2": -0.8613451067121736, "pol3": -0.7414198714698597, "pol4": -0.6198173027501028, "v0s": 7.193141169665242}, "datetime": {"datetime": "2022-06-16 02:03:12", "elapsed": 259239.848875, "delta": 18.2951}}
{"target": -1.0, "params": {"Bgrad": 1.7536198864277774, "d1": -0.727022599341852, "d2": -1.8725920995638634, "d3": -2.338502688966103, "d4": 0.5100718403811166, "p1": 40.395287531098205, "p2": 20.53947778702519, "p3": 27.49378981471191, "p4": 11.814481472682075, "pol1": 0.3713136463057136, "pol2": 0.9159522309367354, "pol3": 0.017678463248788967, "pol4": 0.360402312298465, "v0s": 3.3417175249142446}, "datetime": {"datetime": "2022-06-16 02:03:30", "elapsed": 259257.641319, "delta": 17.792444}}
{"target": -1.0, "params": {"Bgrad": 1.3912853392282942, "d1": -1.4094447315672007, "d2": -2.062821372518284, "d3": -2.185929172276701, "d4": -0.5548063546619728, "p1": 47.760029645577184, "p2": 35.405426946098444, "p3": 3.7235802549065946, "p4": 42.75375345901372, "pol1": 0.16782941658898176, "pol2": -0.5329158641964387, "pol3": -0.46155790303412036, "pol4": 0.7928383642403545, "v0s": 6.619876740380697}, "datetime": {"datetime": "2022-06-16 02:03:53", "elapsed": 259280.793438, "delta": 23.152119}}
{"target": -1.0, "params": {"Bgrad": 1.9044914294837507, "d1": -0.43161390671143085, "d2": -1.6820355638133617, "d3": -0.31687729215581717, "d4": 0.4078436031528829, "p1": 34.38949776779734, "p2": 14.219007951042512, "p3": 29.006032996002638, "p4": 30.322163496906175, "pol1": 0.6048261174806182, "pol2": 0.9768503513071818, "pol3": 0.035989714744137036, "pol4": -0.9957073849453146, "v0s": 7.587726255837037}, "datetime": {"datetime": "2022-06-16 02:04:17", "elapsed": 259304.7893, "delta": 23.995862}}
{"target": -1.0, "params": {"Bgrad": 0.922267138608716, "d1": -2.55204768605677, "d2": -0.6697065657531254, "d3": -2.5639605468607694, "d4": -0.05453343590148796, "p1": 40.16182270207499, "p2": 27.510626495327074, "p3": 3.061622083035304, "p4": 23.33869395290765, "pol1": -0.8161105906220312, "pol2": -0.7362654477459392, "pol3": 0.5169964946958447, "pol4": -0.6747851673289631, "v0s": 7.418186436514927}, "datetime": {"datetime": "2022-06-16 02:04:36", "elapsed": 259323.461393, "delta": 18.672093}}
