{"target": 3.845907052482575, "params": {"Bgrad": 8.286980857966647, "d1": -1.5295659228707914, "d2": -0.04285264865988815, "d3": -1.854612676655331, "d4": -2.1147738840166705, "p1": 23.811298841562763, "p2": 32.33382382557476, "p3": 3.7205333085210595, "p4": 34.362075650165934, "pol1": -0.38506557357922133, "pol2": 0.2662477124847005, "pol3": 0.22054072454950838, "pol4": -0.3278465062568569, "v0s": 3.845907052482575}, "datetime": {"datetime": "2022-04-08 21:38:39", "elapsed": 16648.08106, "delta": 12.055994}}
{"target": -1.0, "params": {"Bgrad": 11.105783672877031, "d1": -0.43487135840777347, "d2": -1.2423460549770629, "d3": -1.202171194587807, "d4": -1.1548701283178495, "p1": 12.531673427053319, "p2": 5.738720813105419, "p3": 34.972116070199576, "p4": 28.821796232322022, "pol1": 0.32984640966996026, "pol2": 0.03329046220594356, "pol3": 0.9086595111109692, "pol4": -0.5576671600153906, "v0s": 5.044132036635177}, "datetime": {"datetime": "2022-04-08 21:38:49", "elapsed": 16658.172266, "delta": 10.091206}}
{"target": 2.456891085359907, "params": {"Bgrad": 5.047084189312602, "d1": 0.2833898574735745, "d2": -1.3760091366855192, "d3": 0.10563615917006342, "d4": -2.7750038745820964, "p1": 3.878244646687307, "p2": 7.296198245702346, "p3": 35.11091910471829, "p4": 30.32654756318295, "pol1": -0.24848555062980981, "pol2": -0.3860023740674037, "pol3": -0.20075075553946564, "pol4": -0.9390845118942586, "v0s": 2.456891085359907}, "datetime": {"datetime": "2022-04-08 21:39:06", "elapsed": 16674.539274, "delta": 16.367008}}
{"target": -1.0, "params": {"Bgrad": 3.2102495544707397, "d1": -2.946603489129659, "d2": -2.276736530182701, "d3": -1.947266072679577, "d4": -1.622484612321177, "p1": 0.19604200783718828, "p2": 6.015140206357373, "p3": 40.46081952266496, "p4": 19.240177849794748, "pol1": -0.8477814794693692, "pol2": -0.6514091726582716, "pol3": -0.8822483862551886, "pol4": -0.4648715443143623, "v0s": 4.728434195219702}, "datetime": {"datetime": "2022-04-08 21:39:25", "elapsed": 16693.487477, "delta": 18.948203}}
{"target": -1.0, "params": {"Bgrad": 4.556763972594276, "d1": -0.3948807272076378, "d2": -2.526506434462821, "d3": -1.5839859565294274, "d4": 0.32200990157152853, "p1": 4.423116301877017, "p2": 1.4089213252630461, "p3": 36.896274650745895, "p4": 20.13037879365941, "pol1": 0.26190087906409243, "pol2": 0.34063934379211425, "pol3": -0.670449514263052, "pol4": 0.28126535837090016, "v0s": 2.955090215359922}, "datetime": {"datetime": "2022-04-08 21:39:34", "elapsed": 16702.901481, "delta": 9.414004}}
{"target": 2.6135375319996785, "params": {"Bgrad": 0.6549350964924672, "d1": -2.6725586407566, "d2": -0.4629466006784537, "d3": -2.07579414487933, "d4": -1.5230826549640177, "p1": 13.752135107028884, "p2": 6.973964496761037, "p3": 38.27629961862248, "p4": 25.972723531388915, "pol1": -0.45986580296068547, "pol2": -0.27732412503808557, "pol3": 0.553074248985874, "pol4": 0.533199694745951, "v0s": 2.6135375319996785}, "datetime": {"datetime": "2022-04-08 21:39:40", "elapsed": 16708.788831, "delta": 5.88735}}
{"target": 3.45699102890244, "params": {"Bgrad": 6.618372786950908, "d1": -1.5571430942404338, "d2": -0.1017856063811309, "d3": -1.7175962603640804, "d4": -2.584985222536293, "p1": 25.02948661886998, "p2": 32.92977477258101, "p3": 3.484769181069959, "p4": 35.308795092047674, "pol1": -0.545347971867621, "pol2": 0.3640371451379043, "pol3": -0.034132010403828135, "pol4": -0.40247332674380054, "v0s": 3.45699102890244}, "datetime": {"datetime": "2022-04-08 21:39:54", "elapsed": 16722.750046, "delta": 13.961215}}
{"target": -1.0, "params": {"Bgrad": 5.417352433980264, "d1": -0.6983106411126259, "d2": -1.0528643132250544, "d3": -2.873655608474012, "d4": -0.5291692673277733, "p1": 10.832255296361515, "p2": 5.991997003281291, "p3": 39.837605597353274, "p4": 23.90269722865378, "pol1": 0.3597019397752621, "pol2": -0.5595825009303579, "pol3": -0.7551685361149068, "pol4": -0.1749103197442763, "v0s": 5.855062649274753}, "datetime": {"datetime": "2022-04-08 21:40:03", "elapsed": 16731.770928, "delta": 9.020882}}
{"target": 3.384625966081627, "params": {"Bgrad": 6.732503416801928, "d1": -1.9686953513886505, "d2": -0.9429576246820877, "d3": -1.6806908759630967, "d4": -2.0844076960918203, "p1": 26.3451879546027, "p2": 32.64147252189737, "p3": 4.215592853507117, "p4": 34.03344916544058, "pol1": -0.4753661472073444, "pol2": 0.36256093736608913, "pol3": 0.39463513123441285, "pol4": -0.5915688044471539, "v0s": 3.384625966081627}, "datetime": {"datetime": "2022-04-08 21:40:12", "elapsed": 16741.00823, "delta": 9.237302}}
{"target": -1.0, "params": {"Bgrad": 6.8489137313253305, "d1": -2.6626222131009705, "d2": 0.7798645888704949, "d3": -0.5310609888778322, "d4": -2.3831954408517886, "p1": 25.227062306460134, "p2": 31.547243499825406, "p3": 3.688884674701826, "p4": 36.300606446741, "pol1": 0.9094668795905232, "pol2": -0.7983859682782888, "pol3": 0.8044655314552678, "pol4": 0.8420949163669476, "v0s": 3.6432044120960314}, "datetime": {"datetime": "2022-04-08 21:40:36", "elapsed": 16765.055934, "delta": 24.047704}}
{"target": -1.0, "params": {"Bgrad": 3.5883600329175716, "d1": 0.21578757749590993, "d2": -2.164100508330919, "d3": -2.3023596708737655, "d4": -0.96146084919258, "p1": 0.8077965786256414, "p2": 6.107993060614724, "p3": 42.64451598129448, "p4": 20.70183653243459, "pol1": -0.8141040093561125, "pol2": 0.49023703967800647, "pol3": 0.7062035395294761, "pol4": -0.9256203954460056, "v0s": 4.9565572909087185}, "datetime": {"datetime": "2022-04-08 21:40:45", "elapsed": 16773.753679, "delta": 8.697745}}
{"target": 2.7699232818065314, "params": {"Bgrad": 5.884394076011712, "d1": -1.2785645861351682, "d2": 0.7159030214275122, "d3": -2.4406899687471433, "d4": -2.3445847630269285, "p1": 8.980450795576967, "p2": 0.9809085460999623, "p3": 32.14683631611403, "p4": 23.284637123691876, "pol1": -0.5419872869253073, "pol2": 0.8165760804259441, "pol3": 0.8202720048783403, "pol4": -0.13125128077514625, "v0s": 2.7699232818065314}, "datetime": {"datetime": "2022-04-08 21:40:54", "elapsed": 16782.401558, "delta": 8.647879}}
{"target": -1.0, "params": {"Bgrad": 4.3989200893215035, "d1": -1.1123727307759395, "d2": -1.8257634546872485, "d3": -1.666181473503261, "d4": -2.5411859727354247, "p1": 2.3149501653612017, "p2": 3.5633266889874946, "p3": 41.092048951572266, "p4": 21.579874596648995, "pol1": 0.5810787375502793, "pol2": 0.6712731318210023, "pol3": -0.2800592662481822, "pol4": -0.7442279907467757, "v0s": 2.3017764318307585}, "datetime": {"datetime": "2022-04-08 21:41:01", "elapsed": 16789.479233, "delta": 7.077675}}
{"target": -1.0, "params": {"Bgrad": 5.700977870402538, "d1": 0.7083134817139203, "d2": -1.8226769165348005, "d3": -2.661855735431203, "d4": -2.2777816703621143, "p1": 8.527616256799602, "p2": 1.9711216784462082, "p3": 35.04064508463494, "p4": 22.644768603530853, "pol1": 0.6739780503353701, "pol2": 0.36627252901592167, "pol3": 0.7248490148659523, "pol4": -0.6659085720845968, "v0s": 2.0676596034999886}, "datetime": {"datetime": "2022-04-08 21:41:09", "elapsed": 16797.753291, "delta": 8.274058}}
{"target": 3.8650781241524905, "params": {"Bgrad": 7.360183213342398, "d1": -0.28439030009234356, "d2": -2.4342465676946703, "d3": -0.04578992928465642, "d4": -2.3751470336608715, "p1": 3.297683505408444, "p2": 7.07714844751669, "p3": 32.4892593799259, "p4": 27.261647662737765, "pol1": -0.5290141324309205, "pol2": -0.30115571131503693, "pol3": 0.32904963839066226, "pol4": 0.8182340757932736, "v0s": 3.8650781241524905}, "datetime": {"datetime": "2022-04-08 21:41:30", "elapsed": 16818.457786, "delta": 20.704495}}
{"target": 3.679510837898995, "params": {"Bgrad": 6.143119479281855, "d1": -1.9521326895487312, "d2": -2.381671261049951, "d3": -2.6604292756969805, "d4": -2.3355200212663103, "p1": 1.8127324023779867, "p2": 6.537017978372889, "p3": 40.12632220384943, "p4": 22.623980428832674, "pol1": -0.12049308414025228, "pol2": -0.5259998136128499, "pol3": 0.7522771135293949, "pol4": 0.782546014050512, "v0s": 3.679510837898995}, "datetime": {"datetime": "2022-04-08 21:41:41", "elapsed": 16830.038562, "delta": 11.580776}}
{"target": 4.096889108344758, "params": {"Bgrad": 7.017819058715391, "d1": -1.4506655432032818, "d2": -0.7089808481243929, "d3": -1.614895634532354, "d4": -2.9270514510348815, "p1": 25.24157446869198, "p2": 34.30933608469195, "p3": 0.9181123356588494, "p4": 31.770459636838012, "pol1": -0.6224395016103319, "pol2": 0.40382811387800177, "pol3": 0.5051866528321907, "pol4": 0.8966628290355276, "v0s": 4.096889108344758}, "datetime": {"datetime": "2022-04-08 21:41:55", "elapsed": 16843.633449, "delta": 13.594887}}
{"target": 3.991394490701281, "params": {"Bgrad": 5.372212989863286, "d1": -1.9857134547556954, "d2": -0.9986856027677243, "d3": -2.5165827566588925, "d4": -2.4159743266115417, "p1": 4.7950195342253945, "p2": 7.568439097717131, "p3": 34.66347927205057, "p4": 28.837706753575734, "pol1": 0.02426196600850572, "pol2": 0.3628663445304402, "pol3": -0.07379230174949243, "pol4": 0.35334798591109207, "v0s": 3.991394490701281}, "datetime": {"datetime": "2022-04-08 21:42:03", "elapsed": 16851.499551, "delta": 7.866102}}
{"target": 3.0795222841443746, "params": {"Bgrad": 10.225340638239759, "d1": -0.4726006416401942, "d2": -2.8182581969511666, "d3": -2.7727293087835143, "d4": -2.173771421159494, "p1": 22.05838916621233, "p2": 33.983878046374244, "p3": 3.4552812561457094, "p4": 33.61471987112377, "pol1": -0.9439705484169809, "pol2": 0.816421022162582, "pol3": 0.745697003043319, "pol4": 0.18509281432114788, "v0s": 3.0795222841443746}, "datetime": {"datetime": "2022-04-08 21:42:16", "elapsed": 16864.851595, "delta": 13.352044}}
{"target": 3.65081001183447, "params": {"Bgrad": 5.832016907554651, "d1": -1.4920115896033015, "d2": -2.4090441525036685, "d3": -2.3208332794225255, "d4": -0.9907173932175635, "p1": 11.493667383173383, "p2": 5.396144029799032, "p3": 44.61302736305359, "p4": 29.464822206839912, "pol1": -0.7878760852460305, "pol2": 0.359613158133985, "pol3": -0.5849409400401704, "pol4": 0.03940482109909604, "v0s": 3.65081001183447}, "datetime": {"datetime": "2022-04-08 21:42:25", "elapsed": 16873.999775, "delta": 9.14818}}
{"target": 3.8274599949214188, "params": {"Bgrad": 4.798931366820866, "d1": -2.0754713992941687, "d2": -2.233606694313373, "d3": -2.5091840219197414, "d4": -1.4131938764322487, "p1": 2.5001942796642926, "p2": 5.961128746801814, "p3": 40.62347420395412, "p4": 20.03945842354427, "pol1": -0.6747710957932606, "pol2": 0.16272657817813163, "pol3": 0.6672755407766479, "pol4": 0.8318070162792579, "v0s": 3.8274599949214188}, "datetime": {"datetime": "2022-04-08 21:42:37", "elapsed": 16885.667626, "delta": 11.667851}}
{"target": -1.0, "params": {"Bgrad": 7.484328120066752, "d1": -1.241901220948224, "d2": 0.5000760091855261, "d3": -2.74845570065799, "d4": -0.44400457947160055, "p1": 4.531543581726943, "p2": 8.20110035962507, "p3": 35.255802509765296, "p4": 29.809681515815743, "pol1": 0.1406947996231438, "pol2": -0.6315151329391075, "pol3": 0.28442643283213354, "pol4": -0.10024830492620729, "v0s": 4.52859876806189}, "datetime": {"datetime": "2022-04-08 21:42:59", "elapsed": 16908.15654, "delta": 22.488914}}
{"target": -1.0, "params": {"Bgrad": 3.154086635642504, "d1": -2.3280223816837458, "d2": -2.502642722260518, "d3": -2.1071509218035156, "d4": -2.8279102454886007, "p1": 7.401387063700671, "p2": 5.686139463537304, "p3": 43.47814305390318, "p4": 22.705571413483828, "pol1": 0.2400266747499129, "pol2": 0.4999879235775748, "pol3": -0.66887109777067, "pol4": -0.8263275402769461, "v0s": 4.404084068846887}, "datetime": {"datetime": "2022-04-08 21:43:16", "elapsed": 16924.571236, "delta": 16.414696}}
{"target": 4.281165782255516, "params": {"Bgrad": 5.085345485313473, "d1": -2.544350584292474, "d2": 0.7059945802891372, "d3": -2.1546341710657906, "d4": -2.040755306347763, "p1": 2.4436706997342017, "p2": 2.536913317978784, "p3": 41.451055023762706, "p4": 21.56611831815141, "pol1": -0.31865432045392383, "pol2": -0.7234381506678662, "pol3": 0.4421655325719973, "pol4": 0.03030310289956173, "v0s": 4.281165782255516}, "datetime": {"datetime": "2022-04-08 21:43:31", "elapsed": 16939.890562, "delta": 15.319326}}
{"target": -1.0, "params": {"Bgrad": 6.214595781757887, "d1": -1.1455982152077557, "d2": 0.3152608690065195, "d3": -0.9743305010864041, "d4": -2.432008926823612, "p1": 5.725421552164928, "p2": 4.619468964888412, "p3": 32.54899049642847, "p4": 27.4839157146651, "pol1": 0.08115246577036994, "pol2": -0.14585722786382194, "pol3": -0.10035258025219962, "pol4": -0.1207985929640698, "v0s": 2.6177280262287947}, "datetime": {"datetime": "2022-04-08 21:43:41", "elapsed": 16949.952819, "delta": 10.062257}}
{"target": -1.0, "params": {"Bgrad": 5.9218713003842245, "d1": 0.48394663371923574, "d2": -0.4416346276524945, "d3": -2.6664694100654103, "d4": -0.434845368807784, "p1": 11.471386187785798, "p2": 6.00564734532324, "p3": 40.77593491026855, "p4": 28.915762629704755, "pol1": -0.26169494059583065, "pol2": -0.0407339892139309, "pol3": 0.19889894788079188, "pol4": 0.9608634946735026, "v0s": 6.525208221674604}, "datetime": {"datetime": "2022-04-08 21:43:51", "elapsed": 16959.212691, "delta": 9.259872}}
{"target": -1.0, "params": {"Bgrad": 1.9830885943781966, "d1": -1.7846672376205586, "d2": -1.722970311664588, "d3": -2.930769552500357, "d4": -1.7121222515077923, "p1": 6.099730737453241, "p2": 9.200069468928474, "p3": 35.099636244573276, "p4": 28.766670618819212, "pol1": -0.36724782253901056, "pol2": -0.5613103830284918, "pol3": 0.3500949305584087, "pol4": -0.8583526813176978, "v0s": 4.947295181240672}, "datetime": {"datetime": "2022-04-08 21:44:09", "elapsed": 16977.9584, "delta": 18.745709}}
{"target": -1.0, "params": {"Bgrad": 0.7968729477860821, "d1": -1.3628647623295613, "d2": -1.894457328241618, "d3": -2.9733545068138394, "d4": -1.1540253329526244, "p1": 13.51601322932201, "p2": 9.739230339958137, "p3": 35.33070209667859, "p4": 26.29657475270511, "pol1": -0.7492311379524887, "pol2": -0.26697670064687373, "pol3": -0.03769531898328382, "pol4": 0.061289738388811354, "v0s": 3.6457925289406363}, "datetime": {"datetime": "2022-04-08 21:44:15", "elapsed": 16983.309685, "delta": 5.351285}}
{"target": 4.777181285193924, "params": {"Bgrad": 5.498453578469102, "d1": -0.16674380142983303, "d2": -0.14943374098833573, "d3": -2.439869496058178, "d4": -1.4717951231672037, "p1": 5.332825357505966, "p2": 7.569161897828991, "p3": 36.15433989325939, "p4": 27.09216121773983, "pol1": 0.5992824598841759, "pol2": 0.2324125179347929, "pol3": 0.41595599763413715, "pol4": 0.9733021779937501, "v0s": 4.777181285193924}, "datetime": {"datetime": "2022-04-08 21:44:33", "elapsed": 17001.621025, "delta": 18.31134}}
{"target": -1.0, "params": {"Bgrad": 5.517862493661683, "d1": -1.6751090447726966, "d2": 0.7321363253212283, "d3": -2.5094920341988445, "d4": -0.7188754749663269, "p1": 5.2565319268368995, "p2": 7.306583709514353, "p3": 36.207061563305174, "p4": 25.93501425097644, "pol1": 0.15712601169501195, "pol2": -0.5320507091142215, "pol3": 0.33078371176363053, "pol4": 0.7623723510516707, "v0s": 3.1742889889641184}, "datetime": {"datetime": "2022-04-08 21:44:46", "elapsed": 17014.582609, "delta": 12.961584}}
{"target": 3.1804719465457176, "params": {"Bgrad": 5.339844218007615, "d1": -2.872178770137212, "d2": -1.3954467357225355, "d3": -1.5556567647880861, "d4": -1.1645258002191206, "p1": 8.029876359581966, "p2": 4.060637589340576, "p3": 45.91822658006815, "p4": 22.924369841282495, "pol1": -0.25256392421617124, "pol2": -0.5188196899226261, "pol3": 0.04173255814066845, "pol4": 0.4816429570301146, "v0s": 3.1804719465457176}, "datetime": {"datetime": "2022-04-08 21:44:59", "elapsed": 17027.55117, "delta": 12.968561}}
{"target": -1.0, "params": {"Bgrad": 6.079237379802233, "d1": -0.8936189919098196, "d2": -1.5261422974807273, "d3": -2.811434142264492, "d4": -0.8353615727342025, "p1": 6.148135239136704, "p2": 2.4942326057434903, "p3": 31.531696036843492, "p4": 24.815745485790735, "pol1": 0.6891363354839444, "pol2": -0.6820307925757616, "pol3": 0.14991656395656539, "pol4": 0.0479487382966588, "v0s": 4.50380312231562}, "datetime": {"datetime": "2022-04-08 21:45:23", "elapsed": 17051.555728, "delta": 24.004558}}
{"target": 2.491698017816533, "params": {"Bgrad": 2.5535080962186836, "d1": -1.5786876282749627, "d2": 0.7345751178139284, "d3": -1.023200577850801, "d4": -2.6259211616420512, "p1": 7.443924079941428, "p2": 6.5390895517806245, "p3": 36.74976258599544, "p4": 26.96860250811322, "pol1": 0.7932555945017417, "pol2": 0.8160270112783696, "pol3": 0.010265676071489871, "pol4": -0.9300419499594013, "v0s": 2.491698017816533}, "datetime": {"datetime": "2022-04-08 21:45:31", "elapsed": 17059.214415, "delta": 7.658687}}
{"target": 3.799761311305036, "params": {"Bgrad": 5.758396762070337, "d1": -2.3483978138179413, "d2": -0.6713173861071379, "d3": -2.015904996162758, "d4": -0.8260897251149968, "p1": 8.67392796432677, "p2": 5.906409140571914, "p3": 44.95231775449555, "p4": 22.786575611190184, "pol1": -0.012497287134220146, "pol2": 0.13745142861205262, "pol3": 0.11873862324523694, "pol4": 0.08167888669657626, "v0s": 3.799761311305036}, "datetime": {"datetime": "2022-04-08 21:45:42", "elapsed": 17070.475022, "delta": 11.260607}}
{"target": 3.288303092269547, "params": {"Bgrad": 10.086373766995617, "d1": -1.9634947120998647, "d2": 0.021391605850151763, "d3": -0.851043201452411, "d4": -2.7225698194967998, "p1": 23.39690967069348, "p2": 33.63120033742331, "p3": 5.041655886530866, "p4": 36.789523824724895, "pol1": -0.5469997695682507, "pol2": -0.9017085182769777, "pol3": -0.9908391102216532, "pol4": -0.04578184345259029, "v0s": 3.288303092269547}, "datetime": {"datetime": "2022-04-08 21:45:54", "elapsed": 17082.229674, "delta": 11.754652}}
{"target": -1.0, "params": {"Bgrad": 7.001117645785451, "d1": -1.6894161901212792, "d2": -0.15139006734296157, "d3": -1.9075087274984632, "d4": -0.9469078514832794, "p1": 26.074299291777812, "p2": 31.986880578244637, "p3": 3.2453149941537696, "p4": 34.55067912413146, "pol1": 0.789539765523714, "pol2": -0.8556090911335152, "pol3": -0.5443998463251611, "pol4": 0.1511902694431635, "v0s": 2.9657075569881943}, "datetime": {"datetime": "2022-04-08 21:46:04", "elapsed": 17092.796422, "delta": 10.566748}}
{"target": -1.0, "params": {"Bgrad": 5.328205022627631, "d1": -0.09837199712883082, "d2": -1.7922586040194313, "d3": 0.3598733388654467, "d4": -1.897778488564494, "p1": 6.804861836507802, "p2": 9.208244184957575, "p3": 32.48087758129044, "p4": 27.77239927403245, "pol1": -0.5958778983815105, "pol2": -0.0834417715097473, "pol3": 0.7448131539745131, "pol4": -0.7266180654965755, "v0s": 3.730948849545129}, "datetime": {"datetime": "2022-04-08 21:47:27", "elapsed": 17176.025894, "delta": 83.229472}}
{"target": 2.697638426581111, "params": {"Bgrad": 6.343045136015641, "d1": -1.572363732399869, "d2": -1.8964449672236827, "d3": -1.6605032661026065, "d4": -1.9881518777822005, "p1": 4.322930021428889, "p2": 10.271337491682104, "p3": 33.043574862458655, "p4": 30.500370568533974, "pol1": 0.524693271479554, "pol2": 0.12218119346609502, "pol3": 0.5059457318011333, "pol4": -0.8270160890076452, "v0s": 2.697638426581111}, "datetime": {"datetime": "2022-04-08 21:47:33", "elapsed": 17181.28583, "delta": 5.259936}}
{"target": 3.185899766200583, "params": {"Bgrad": 3.58748861934458, "d1": -2.3314284019655505, "d2": -0.8133015323172015, "d3": -2.2291315599149826, "d4": -2.1249607005504845, "p1": 25.285354453127805, "p2": 32.910371372643596, "p3": 4.073356295265174, "p4": 36.05100180926338, "pol1": -0.3493978785463099, "pol2": 0.4576705802663412, "pol3": -0.9067674387097711, "pol4": 0.7975107098099565, "v0s": 3.185899766200583}, "datetime": {"datetime": "2022-04-08 21:47:41", "elapsed": 17189.612568, "delta": 8.326738}}
{"target": -1.0, "params": {"Bgrad": 6.310107360122231, "d1": -1.9260195517844085, "d2": -0.042329495006902196, "d3": -2.318929333283197, "d4": -0.08830078873135605, "p1": 12.744193456039799, "p2": 4.725173005034389, "p3": 38.05014752230256, "p4": 25.378118842321605, "pol1": -0.7443377727789351, "pol2": 0.44377061861239375, "pol3": 0.21732353600384413, "pol4": 0.5660548629815494, "v0s": 7.213062663829725}, "datetime": {"datetime": "2022-04-08 21:47:52", "elapsed": 17200.340883, "delta": 10.728315}}
{"target": -1.0, "params": {"Bgrad": 5.171275703280916, "d1": -1.7680164395371056, "d2": 0.011584536725881556, "d3": -2.28322647441231, "d4": -0.4874259275885322, "p1": 2.057997148956192, "p2": 6.000510240441281, "p3": 38.212493128737684, "p4": 18.732005941472647, "pol1": 0.3915837710289063, "pol2": -0.06293075840716367, "pol3": 0.5180978180362892, "pol4": 0.8182129056298444, "v0s": 3.230799679543727}, "datetime": {"datetime": "2022-04-08 21:48:03", "elapsed": 17212.101439, "delta": 11.760556}}
{"target": 3.394027024115088, "params": {"Bgrad": 5.757450216570006, "d1": -1.8281671162908464, "d2": 0.49290659533646686, "d3": -1.6338910294562954, "d4": -1.1220808985060065, "p1": 0.34859297890240115, "p2": 3.38091414059733, "p3": 44.49361373480488, "p4": 23.268153282199165, "pol1": -0.12416211011439815, "pol2": 0.02196951975407946, "pol3": 0.9826268808256315, "pol4": 0.04580708875091699, "v0s": 3.394027024115088}, "datetime": {"datetime": "2022-04-08 21:48:16", "elapsed": 17224.290849, "delta": 12.18941}}
{"target": -1.0, "params": {"Bgrad": 8.601695268415739, "d1": -2.4480850199957196, "d2": 0.898244244402822, "d3": -2.783957475134783, "d4": -1.7502334361573437, "p1": 24.42688797233073, "p2": 33.33328910022105, "p3": 1.4243424085105205, "p4": 31.922931627904166, "pol1": 0.12085538957496644, "pol2": 0.1375936809825844, "pol3": -0.4179680536140151, "pol4": -0.05234830727548867, "v0s": 5.099882145821757}, "datetime": {"datetime": "2022-04-08 21:48:30", "elapsed": 17238.269474, "delta": 13.978625}}
