{"target": 4.47700067856147, "params": {"Bgrad": 0.7930939082119702, "d1": -2.5239851577747054, "d2": 0.7818745558472098, "d3": -1.5980589280417365, "d4": -0.7058256666278446, "p1": 41.968492702524316, "p2": 42.55426153895572, "p3": 32.05207401195011, "p4": 15.781813661456475, "pol1": 0.09756897571076575, "pol2": -0.43153201229834415, "pol3": 0.7937011548595365, "pol4": -0.3385203872290205, "v0s": 4.47700067856147}, "datetime": {"datetime": "2022-04-29 22:09:05", "elapsed": 110257.898348, "delta": 28.735167}}
{"target": -1.0, "params": {"Bgrad": 1.5018809526144496, "d1": 0.4137236792295832, "d2": 0.5484542766009491, "d3": -2.305664118887192, "d4": -1.8997297277390295, "p1": 38.43139077406726, "p2": 26.305183079209506, "p3": 23.924204539949265, "p4": 33.30584031757204, "pol1": 0.2955510761705377, "pol2": 0.9207516710081302, "pol3": 0.8176969987877546, "pol4": -0.4570134327118032, "v0s": 4.342304453862236}, "datetime": {"datetime": "2022-04-29 22:09:38", "elapsed": 110290.660748, "delta": 32.7624}}
{"target": -1.0, "params": {"Bgrad": 0.8878599940995253, "d1": -0.8872851179733607, "d2": -2.246153302399722, "d3": -2.202854677594742, "d4": -0.6488071662148416, "p1": 1.325363129840068, "p2": 31.905832572018582, "p3": 16.423507140246958, "p4": 11.536756065576837, "pol1": 0.051495751791909905, "pol2": 0.22782960513745176, "pol3": -0.6595082437864446, "pol4": -0.4053109413570084, "v0s": 4.364300840636421}, "datetime": {"datetime": "2022-04-29 22:10:22", "elapsed": 110334.90345, "delta": 44.242702}}
{"target": -1.0, "params": {"Bgrad": 1.0985771460400138, "d1": -0.5859717492351719, "d2": 0.507513178784682, "d3": -1.7444537368282895, "d4": -2.966521121899108, "p1": 8.194039356935045, "p2": 1.9423429525458447, "p3": 41.08178500806251, "p4": 46.14974656801445, "pol1": 0.2786817198621585, "pol2": -0.451154955119359, "pol3": -0.5339589266248717, "pol4": 0.19031791666066478, "v0s": 4.420705623718581}, "datetime": {"datetime": "2022-04-29 22:11:04", "elapsed": 110377.164452, "delta": 42.261002}}
{"target": -1.0, "params": {"Bgrad": 1.4640202428166442, "d1": -0.693333561647794, "d2": 0.15261166277686522, "d3": -0.277791770797994, "d4": -1.053526824373908, "p1": 3.071581378625604, "p2": 29.377389947102895, "p3": 26.350875982626064, "p4": 21.718111855624745, "pol1": -0.16614137323039957, "pol2": -0.9361893666938912, "pol3": -0.963315340428466, "pol4": -0.8458451222257108, "v0s": 5.141529407864705}, "datetime": {"datetime": "2022-04-29 22:11:31", "elapsed": 110403.908943, "delta": 26.744491}}
{"target": 2.7890340517674517, "params": {"Bgrad": 1.0903500529109094, "d1": -2.580067657785438, "d2": -2.858335570365925, "d3": -2.837333420330599, "d4": -2.2893546291156577, "p1": 1.216494634370378, "p2": 4.106135645033391, "p3": 43.467866749987124, "p4": 20.690674243716078, "pol1": -0.3654983323505557, "pol2": -0.6731209187579094, "pol3": 0.5659998930910307, "pol4": 0.43633700753562116, "v0s": 2.7890340517674517}, "datetime": {"datetime": "2022-04-29 22:11:59", "elapsed": 110431.807347, "delta": 27.898404}}
{"target": -1.0, "params": {"Bgrad": 1.0338820216734674, "d1": -2.603869524714283, "d2": -1.5876042818219318, "d3": -0.316251927534426, "d4": -1.458200520127125, "p1": 16.46672924515771, "p2": 13.720262604014438, "p3": 28.55904249320316, "p4": 34.69786142317277, "pol1": 0.14540331355675717, "pol2": 0.17248071071536586, "pol3": 0.1996244969645815, "pol4": 0.8509734101324489, "v0s": 5.350474677271862}, "datetime": {"datetime": "2022-04-29 22:13:20", "elapsed": 110512.823724, "delta": 81.016377}}
{"target": 4.808496542360395, "params": {"Bgrad": 0.9378031884552909, "d1": -1.6703192203481811, "d2": 0.45154135015904595, "d3": -1.2054344637656067, "d4": -0.21201670166350128, "p1": 26.41521485670773, "p2": 24.402313827338894, "p3": 11.16111578612795, "p4": 37.75017781879424, "pol1": 0.5993843346196417, "pol2": -0.33163085456065744, "pol3": 0.5038020098223457, "pol4": 0.33060757183435063, "v0s": 4.808496542360395}, "datetime": {"datetime": "2022-04-29 22:13:41", "elapsed": 110533.889398, "delta": 21.065674}}
{"target": 3.329716000690083, "params": {"Bgrad": 0.6292806229926409, "d1": -1.7440462574324056, "d2": 0.46406999649525194, "d3": -1.6798228298620375, "d4": -2.2716148216569265, "p1": 1.7015272876565735, "p2": 46.90478938423399, "p3": 48.29036047087799, "p4": 34.11088806282112, "pol1": -0.25983851699480875, "pol2": 0.872248551554389, "pol3": 0.7326723690529569, "pol4": 0.0292016902540988, "v0s": 3.329716000690083}, "datetime": {"datetime": "2022-04-29 22:14:01", "elapsed": 110553.872966, "delta": 19.983568}}
{"target": 4.17352247145891, "params": {"Bgrad": 1.727495046458559, "d1": -1.7323155592638035, "d2": 0.2593229725340661, "d3": -2.1547264828244947, "d4": -0.27355040215190796, "p1": 28.531049038538214, "p2": 45.926923933301815, "p3": 25.03389462426404, "p4": 27.20583163129071, "pol1": -0.1830874529985352, "pol2": 0.5075215634550321, "pol3": -0.5225550093842511, "pol4": 0.6765556888125037, "v0s": 4.17352247145891}, "datetime": {"datetime": "2022-04-29 22:14:39", "elapsed": 110591.778614, "delta": 37.905648}}
{"target": 4.010308325985691, "params": {"Bgrad": 1.6561749055467982, "d1": -1.7416757444421302, "d2": 0.35405945776487224, "d3": -2.186085299051407, "d4": 0.17266624331892724, "p1": 23.11210666844396, "p2": 28.84802156107574, "p3": 25.606320460942687, "p4": 5.184453371284357, "pol1": -0.7404832232675231, "pol2": -0.25608074452578655, "pol3": -0.3489375447799621, "pol4": -0.9016407025231539, "v0s": 4.010308325985691}, "datetime": {"datetime": "2022-04-29 22:15:14", "elapsed": 110626.642394, "delta": 34.86378}}
{"target": -1.0, "params": {"Bgrad": 0.6377596430619934, "d1": -0.7799435718598602, "d2": 0.5400240630244304, "d3": -0.8127367989748073, "d4": -2.0641121358134447, "p1": 30.320282001012757, "p2": 19.97036366614638, "p3": 2.108905391252036, "p4": 13.410014007688742, "pol1": 0.845509046531441, "pol2": 0.2074522307890594, "pol3": -0.7975639086601214, "pol4": -0.5963722767305841, "v0s": 2.9720546337452847}, "datetime": {"datetime": "2022-04-29 22:15:53", "elapsed": 110666.416047, "delta": 39.773653}}
{"target": 4.461684412038365, "params": {"Bgrad": 1.5052775462285857, "d1": -2.0804756082734355, "d2": 0.402348686237904, "d3": -1.6498539633733666, "d4": -0.9157522131184951, "p1": 21.083894809755357, "p2": 25.02233465895008, "p3": 9.11822224044379, "p4": 32.77356552545204, "pol1": -0.46157903713318416, "pol2": 0.30259575780452946, "pol3": 0.4422579543069535, "pol4": -0.208747948969772, "v0s": 4.461684412038365}, "datetime": {"datetime": "2022-04-29 22:16:32", "elapsed": 110705.357923, "delta": 38.941876}}
{"target": -1.0, "params": {"Bgrad": 0.8386583062298689, "d1": -1.557252449751771, "d2": -0.34407167687199003, "d3": 0.17210642016976596, "d4": -0.33466213476321593, "p1": 5.623178416764896, "p2": 0.3491010839707376, "p3": 36.8024238330817, "p4": 45.28491440948435, "pol1": -0.963618616798408, "pol2": -0.3708262242097089, "pol3": -0.3494932880636945, "pol4": -0.21838902822849238, "v0s": 5.053886194544743}, "datetime": {"datetime": "2022-04-29 22:17:03", "elapsed": 110736.268274, "delta": 30.910351}}
{"target": 5.775016380514126, "params": {"Bgrad": 0.7296614915625088, "d1": -1.5722165071047818, "d2": 0.8646879158932523, "d3": -0.6967544932684673, "d4": 0.5628808015181153, "p1": 13.956027252705471, "p2": 14.304391476247252, "p3": 31.585906450553924, "p4": 34.33765612186081, "pol1": -0.9557594015964606, "pol2": 0.5287931696211563, "pol3": 0.2517988146608514, "pol4": -0.634035345204923, "v0s": 5.775016380514126}, "datetime": {"datetime": "2022-04-29 22:17:43", "elapsed": 110776.062871, "delta": 39.794597}}
{"target": -1.0, "params": {"Bgrad": 1.980258868161979, "d1": 0.47547641484339787, "d2": 0.7877114383586452, "d3": 0.09020209190400541, "d4": -2.650932751008266, "p1": 4.817477271371795, "p2": 2.5203564024807665, "p3": 41.65693450593999, "p4": 45.99176390655909, "pol1": 0.22988461206798605, "pol2": -0.2574126148765974, "pol3": 0.304529382300849, "pol4": -0.5070605845317138, "v0s": 2.4105835560456157}, "datetime": {"datetime": "2022-04-29 22:18:26", "elapsed": 110818.723804, "delta": 42.660933}}
{"target": -1.0, "params": {"Bgrad": 0.7173933496972074, "d1": 0.5542362719897604, "d2": 0.4344922549399661, "d3": -1.9062338071437983, "d4": -2.1081482006585777, "p1": 22.42006333806733, "p2": 24.230743194420256, "p3": 13.654175008136038, "p4": 37.03515487782315, "pol1": -0.021846421085279344, "pol2": 0.0766245585148293, "pol3": 0.47869438585022706, "pol4": 0.8808785451878824, "v0s": 4.312648547647074}, "datetime": {"datetime": "2022-04-29 22:18:57", "elapsed": 110850.37617, "delta": 31.652366}}
{"target": 3.6354929345167335, "params": {"Bgrad": 1.246022794908264, "d1": -2.1897527051406738, "d2": 0.8413016733734855, "d3": -2.394883951398271, "d4": -1.1643814750475974, "p1": 49.27022544222727, "p2": 44.947953128424174, "p3": 7.1710380830084075, "p4": 23.588820999088405, "pol1": -0.10651660301748223, "pol2": 0.052029917171690254, "pol3": -0.2670352797108242, "pol4": -0.5811128102752221, "v0s": 3.6354929345167335}, "datetime": {"datetime": "2022-04-29 22:19:20", "elapsed": 110872.689509, "delta": 22.313339}}
{"target": 3.5174850744883877, "params": {"Bgrad": 1.0777574346688357, "d1": -1.8470992884755315, "d2": -0.38654263020451296, "d3": -1.8674418958590708, "d4": 0.4848894778667794, "p1": 23.766712051307998, "p2": 23.444391741739828, "p3": 8.180126327820558, "p4": 33.37601098684509, "pol1": -0.16007000401191473, "pol2": 0.36249333246743864, "pol3": -0.015009839496688882, "pol4": -0.20907184831512704, "v0s": 3.5174850744883877}, "datetime": {"datetime": "2022-04-29 22:20:01", "elapsed": 110913.81355, "delta": 41.124041}}
{"target": -1.0, "params": {"Bgrad": 0.8942362100098917, "d1": -1.1106879488947725, "d2": -0.07260859513683471, "d3": -2.034651326685906, "d4": -1.770732773964947, "p1": 21.250273520144237, "p2": 23.731797284403633, "p3": 10.527432384974455, "p4": 32.723725943568, "pol1": -0.7394076152121303, "pol2": 0.7673524884089968, "pol3": 0.727345075084765, "pol4": -0.696869158298336, "v0s": 6.057664769181952}, "datetime": {"datetime": "2022-04-29 22:20:25", "elapsed": 110937.585987, "delta": 23.772437}}
{"target": -1.0, "params": {"Bgrad": 0.5527274547389881, "d1": -1.7804249638854248, "d2": -0.720360539748552, "d3": -1.0895227127701261, "d4": -0.7199506089076122, "p1": 5.9450495455184775, "p2": 11.273918621692559, "p3": 33.28453501605541, "p4": 2.250445238081289, "pol1": -0.40734349841782636, "pol2": -0.5259028352076793, "pol3": -0.4915527693291455, "pol4": 0.13975169779995777, "v0s": 6.292540969567185}, "datetime": {"datetime": "2022-04-29 22:20:46", "elapsed": 110959.325859, "delta": 21.739872}}
{"target": -1.0, "params": {"Bgrad": 0.5154525322080985, "d1": -1.0632013025006892, "d2": 0.2726662761453631, "d3": -2.5356051900301555, "d4": 0.8859926802006046, "p1": 29.7264919899618, "p2": 27.85906869215966, "p3": 8.833273299880473, "p4": 10.033667456800178, "pol1": 0.7839612686896493, "pol2": 0.1526597036960864, "pol3": 0.6347891101714003, "pol4": -0.31080417051466713, "v0s": 4.895884794257295}, "datetime": {"datetime": "2022-04-29 22:21:08", "elapsed": 110981.252232, "delta": 21.926373}}
{"target": 4.772321231047541, "params": {"Bgrad": 1.5271017008214123, "d1": -1.0821787851234772, "d2": 0.42437163294735775, "d3": -1.1163055546428213, "d4": -1.9678597769130597, "p1": 3.2414275270915556, "p2": 31.83640503043142, "p3": 12.333040524182794, "p4": 21.156998694773407, "pol1": 0.5732962164270206, "pol2": 0.49965748291783596, "pol3": -0.5558159137438203, "pol4": 0.3784088247684746, "v0s": 4.772321231047541}, "datetime": {"datetime": "2022-04-29 22:21:33", "elapsed": 111005.614092, "delta": 24.36186}}
{"target": -1.0, "params": {"Bgrad": 0.8759035998162167, "d1": -2.031925875228479, "d2": -1.5679837135673975, "d3": -0.9573682810652842, "d4": -0.06120214559967696, "p1": 3.922982608413894, "p2": 2.404091512157552, "p3": 39.066948714146115, "p4": 46.28809431616936, "pol1": 0.5634454115118439, "pol2": 0.16305194661985567, "pol3": 0.33827889040437475, "pol4": -0.5064375427850669, "v0s": 5.200378088430196}, "datetime": {"datetime": "2022-04-29 22:22:11", "elapsed": 111044.115148, "delta": 38.501056}}
{"target": -1.0, "params": {"Bgrad": 1.0648411090991148, "d1": -0.4110522260919436, "d2": -1.2706147047443266, "d3": -1.1128961511639592, "d4": -1.118786172603707, "p1": 4.318567396166717, "p2": 2.1957628361456094, "p3": 29.51733499306154, "p4": 15.048396093052297, "pol1": 0.6284780403852082, "pol2": 0.3564641134996469, "pol3": -0.43435965667022347, "pol4": 0.36854182452086626, "v0s": 4.324812455412787}, "datetime": {"datetime": "2022-04-29 22:22:39", "elapsed": 111071.951718, "delta": 27.83657}}
{"target": 2.0, "params": {"Bgrad": 2.0, "d1": -0.18171640622652238, "d2": -3.0, "d3": -1.0007010932170444, "d4": -1.269766419753664, "p1": 21.27286131514043, "p2": 41.91183123590619, "p3": 19.51821920422301, "p4": 47.22212825946539, "pol1": -0.7807444962691736, "pol2": -1.0, "pol3": 1.0, "pol4": 0.12873820937143446, "v0s": 2.0}, "datetime": {"datetime": "2022-04-29 22:23:07", "elapsed": 111099.843141, "delta": 27.891423}}
{"target": -1.0, "params": {"Bgrad": 0.788102079174672, "d1": -1.0985384324482554, "d2": -0.8514179937288078, "d3": -2.183188812150123, "d4": -1.4062131056067693, "p1": 5.243221495709527, "p2": 6.7775674123303595, "p3": 21.095373470257563, "p4": 19.500096045724803, "pol1": -0.005550433778094277, "pol2": 0.6523495357681184, "pol3": -0.45365423179090403, "pol4": -0.6380152678345559, "v0s": 4.876941054344642}, "datetime": {"datetime": "2022-04-29 22:23:39", "elapsed": 111131.904415, "delta": 32.061274}}
{"target": -1.0, "params": {"Bgrad": 1.843611220140079, "d1": -0.2877230551012038, "d2": -2.759663636691939, "d3": -1.1373765756375271, "d4": -2.5005809628796354, "p1": 4.109552613059751, "p2": 31.045346036831724, "p3": 25.556425557357308, "p4": 22.47186700000476, "pol1": 0.00829264203136813, "pol2": -0.18059385464359576, "pol3": 0.42567299847525925, "pol4": 0.9638401755557825, "v0s": 3.3694778208625498}, "datetime": {"datetime": "2022-04-29 22:24:19", "elapsed": 111171.567363, "delta": 39.662948}}
{"target": 4.411030657739015, "params": {"Bgrad": 0.5647576346680244, "d1": -1.7479693089113642, "d2": 0.3135116177546853, "d3": -0.940660892471723, "d4": -0.016830512567358864, "p1": 25.7316879784024, "p2": 22.92179057763407, "p3": 9.155606864160704, "p4": 31.9591040348819, "pol1": 0.146701068635851, "pol2": 0.049675311407678925, "pol3": 0.1933355791930329, "pol4": 0.8399015051874272, "v0s": 4.411030657739015}, "datetime": {"datetime": "2022-04-29 22:24:41", "elapsed": 111193.823854, "delta": 22.256491}}
{"target": -1.0, "params": {"Bgrad": 0.8666478455986171, "d1": -2.7251643668958647, "d2": -0.20768234878076086, "d3": -1.130580605802653, "d4": -0.2287818759757836, "p1": 41.802732767807434, "p2": 41.834907390262984, "p3": 32.68553968633292, "p4": 14.768246315200418, "pol1": 0.9670624478823844, "pol2": -0.30279832582888244, "pol3": -0.014135537154269073, "pol4": 0.5206902581684059, "v0s": 3.3392569822546347}, "datetime": {"datetime": "2022-04-29 22:25:10", "elapsed": 111222.565005, "delta": 28.741151}}
{"target": 4.435026055519854, "params": {"Bgrad": 0.5, "d1": -2.0736914400378166, "d2": -2.3058800598943363, "d3": -2.5000445642862306, "d4": -3.0, "p1": 16.77953199021405, "p2": 17.732434088496586, "p3": 39.59489308439217, "p4": 31.406405426262765, "pol1": 1.0, "pol2": -0.7466359631046737, "pol3": 0.5124144108882378, "pol4": -0.7463009095510891, "v0s": 4.435026055519854}, "datetime": {"datetime": "2022-04-29 22:25:30", "elapsed": 111242.539597, "delta": 19.974592}}
{"target": -1.0, "params": {"Bgrad": 1.0479624030995125, "d1": -1.2707152090071365, "d2": -1.7309301541502258, "d3": -0.6744140259144902, "d4": -1.8640456383083261, "p1": 5.82680141576522, "p2": 0.6787127251569047, "p3": 39.34879130011355, "p4": 45.502656886878896, "pol1": -0.38533005170840173, "pol2": 0.22461443442293993, "pol3": -0.2642209362344057, "pol4": 0.5483775684253283, "v0s": 4.0279838045458325}, "datetime": {"datetime": "2022-04-29 22:25:59", "elapsed": 111271.61685, "delta": 29.077253}}
{"target": -1.0, "params": {"Bgrad": 1.9476733404841322, "d1": -1.3671341454745054, "d2": -0.6742398187286982, "d3": -0.3052200315708937, "d4": -1.6558750996551912, "p1": 4.109475613162406, "p2": 12.347894290501294, "p3": 34.30088303419711, "p4": 1.3647007123284594, "pol1": 0.6029991031193844, "pol2": -0.42316002970848454, "pol3": -0.7735147838289813, "pol4": 0.4274987684231, "v0s": 4.02709209536235}, "datetime": {"datetime": "2022-04-29 22:26:52", "elapsed": 111325.075909, "delta": 53.459059}}
{"target": -1.0, "params": {"Bgrad": 1.4256646499770516, "d1": -2.050453722084141, "d2": -0.1083683517343785, "d3": -1.028814352149786, "d4": -2.593194888757826, "p1": 4.219569346085583, "p2": 47.43770646502562, "p3": 11.246695824327935, "p4": 20.371691553698238, "pol1": 0.04750321131754677, "pol2": -0.167484101973414, "pol3": 0.2034970891786105, "pol4": -0.505909855059429, "v0s": 4.381999896501544}, "datetime": {"datetime": "2022-04-29 22:27:16", "elapsed": 111349.096683, "delta": 24.020774}}
{"target": 3.9965632371110917, "params": {"Bgrad": 1.4706962721421417, "d1": -2.0752784047406028, "d2": -0.4485219056677421, "d3": 0.1181524227485018, "d4": -2.269897759197289, "p1": 1.495652007760806, "p2": 8.206226945857026, "p3": 22.32628742912634, "p4": 20.935605687059883, "pol1": 0.4847532035217659, "pol2": -0.7522551174856229, "pol3": 0.3098800302664566, "pol4": 0.5009126178698897, "v0s": 3.9965632371110917}, "datetime": {"datetime": "2022-04-29 22:27:38", "elapsed": 111370.598191, "delta": 21.501508}}
{"target": -1.0, "params": {"Bgrad": 0.5839308174636961, "d1": -2.635529455743766, "d2": 0.5824932702561307, "d3": 0.06050013070039251, "d4": -0.7099966964142426, "p1": 29.901782110135244, "p2": 28.777194441891908, "p3": 8.177495835676691, "p4": 8.320272408262518, "pol1": -0.14920693747140779, "pol2": 0.5623530159440684, "pol3": -0.6319846572108296, "pol4": 0.48173516222448454, "v0s": 4.645648146232083}, "datetime": {"datetime": "2022-04-29 22:28:43", "elapsed": 111436.262617, "delta": 65.664426}}
{"target": 4.061899023192083, "params": {"Bgrad": 0.5983982402047133, "d1": -1.8343373457608998, "d2": -2.4296428453281442, "d3": -3.0, "d4": 0.1720503351011538, "p1": 9.233861292818027, "p2": 21.99567184024547, "p3": 41.49086601946705, "p4": 17.75376326581974, "pol1": -1.0, "pol2": 0.972795540736479, "pol3": -0.38650395706341945, "pol4": 0.6944996923621907, "v0s": 4.061899023192083}, "datetime": {"datetime": "2022-04-29 22:29:25", "elapsed": 111477.940179, "delta": 41.677562}}
{"target": 4.463893861819039, "params": {"Bgrad": 1.559137428874145, "d1": -1.70264571755213, "d2": 0.8321425823595536, "d3": -2.1893889242541995, "d4": -0.5486215092840698, "p1": 41.85642550536036, "p2": 44.484787004464515, "p3": 31.95516912394148, "p4": 14.519878069987401, "pol1": 0.025903346268337516, "pol2": 0.4946331880405099, "pol3": 0.22742779274877478, "pol4": -0.02210231094684304, "v0s": 4.463893861819039}, "datetime": {"datetime": "2022-04-29 22:29:47", "elapsed": 111499.673069, "delta": 21.73289}}
{"target": 2.3062175662544933, "params": {"Bgrad": 1.318331971426309, "d1": -0.6624179429724736, "d2": 0.7714236024704997, "d3": -1.5857985803241192, "d4": -1.717289340611134, "p1": 40.89947075092349, "p2": 32.084240555944625, "p3": 17.893909700514186, "p4": 7.993549141122752, "pol1": -0.22157284406034264, "pol2": 0.29045190531488935, "pol3": -0.1590449988883456, "pol4": 0.8581744605631431, "v0s": 2.3062175662544933}, "datetime": {"datetime": "2022-04-29 22:30:11", "elapsed": 111523.834466, "delta": 24.161397}}
{"target": 4.530693991972118, "params": {"Bgrad": 1.0698678601386615, "d1": -0.38516359985737103, "d2": 0.6011449559201831, "d3": -2.785453504881503, "d4": -0.4297690010962602, "p1": 5.452454246191847, "p2": 3.1102599697715427, "p3": 30.157412309566663, "p4": 13.463068063337694, "pol1": -0.3022312356781393, "pol2": 0.6548105056756697, "pol3": -0.631027253784427, "pol4": 0.21436567640912113, "v0s": 4.530693991972118}, "datetime": {"datetime": "2022-04-29 22:30:57", "elapsed": 111569.919243, "delta": 46.084777}}
{"target": 3.883261914881092, "params": {"Bgrad": 1.712564257268009, "d1": -1.0842899670195258, "d2": 0.08269092301892078, "d3": -1.5072915868358723, "d4": -1.7717782254281365, "p1": 28.994241535419857, "p2": 44.71008252658273, "p3": 23.827405755117333, "p4": 27.30796189535203, "pol1": -0.31530938010069165, "pol2": 0.1737298101444371, "pol3": -0.7405349958890872, "pol4": -0.9315944754293977, "v0s": 3.883261914881092}, "datetime": {"datetime": "2022-04-29 22:31:19", "elapsed": 111591.883515, "delta": 21.964272}}
{"target": -1.0, "params": {"Bgrad": 1.216696844597354, "d1": -2.8415928085862854, "d2": -0.6728128654061409, "d3": -1.7472628487214101, "d4": -1.5722231773922557, "p1": 23.002004054513876, "p2": 24.256282926996754, "p3": 9.770012587718501, "p4": 35.12875679580952, "pol1": -0.619963048771091, "pol2": 0.08639087253535216, "pol3": 0.023093316494670058, "pol4": -0.7530044336145632, "v0s": 5.186888604157942}, "datetime": {"datetime": "2022-04-29 22:31:46", "elapsed": 111619.140635, "delta": 27.25712}}
{"target": -1.0, "params": {"Bgrad": 0.6255487159007995, "d1": -2.202418874125667, "d2": 0.3661509386662165, "d3": -1.7305258605332772, "d4": -0.6444175254915514, "p1": 3.0382541853348712, "p2": 13.815276674963183, "p3": 33.773451457218584, "p4": 4.575599058114804, "pol1": -0.8045072614903401, "pol2": -0.7142917389501726, "pol3": 0.37644220572664655, "pol4": 0.5533899675318359, "v0s": 5.675882533356826}, "datetime": {"datetime": "2022-04-29 22:32:07", "elapsed": 111640.141482, "delta": 21.000847}}
