{"target": 4.639892820373341, "params": {"Bgrad": 1.7780472271334469, "d1": -2.844887152625179, "d2": 1.0, "d3": -1.451092717955329, "d4": -0.5833080131083968, "p1": 31.73175204718144, "p2": 14.501138782536417, "p3": 31.71978862779875, "p4": 26.282549278197642, "pol1": -0.26078109911766006, "pol2": -0.49507727827629117, "pol3": -1.0, "pol4": -0.097738437015871, "v0s": 4.639892820373341}, "datetime": {"datetime": "2022-05-17 15:49:23", "elapsed": 72378.473947, "delta": 37.09678}}
{"target": 6.592071166525328, "params": {"Bgrad": 2.0, "d1": -2.3470898400453235, "d2": -0.17685147868728454, "d3": -0.46279508585937834, "d4": -1.1236489411936335, "p1": 9.712088940682204, "p2": 27.03059194113272, "p3": 41.9646498356634, "p4": 28.02297026580245, "pol1": -0.7429073210173194, "pol2": 1.0, "pol3": 0.1841613319651636, "pol4": -0.7475508731194674, "v0s": 6.592071166525328}, "datetime": {"datetime": "2022-05-17 15:50:04", "elapsed": 72419.437385, "delta": 40.963438}}
{"target": 3.31739432181916, "params": {"Bgrad": 1.2433874768809798, "d1": -2.4543036364323547, "d2": 0.33926378709056104, "d3": -1.9910222972073974, "d4": -2.742169260319428, "p1": 6.928048025938644, "p2": 29.06525053326926, "p3": 42.03441500674402, "p4": 21.741311807965662, "pol1": -0.5532113573446269, "pol2": 0.28946482590929024, "pol3": -0.6946193553897801, "pol4": -0.27544738296004145, "v0s": 3.31739432181916}, "datetime": {"datetime": "2022-05-17 15:50:28", "elapsed": 72443.959796, "delta": 24.522411}}
{"target": 4.06647263422979, "params": {"Bgrad": 1.0590003383642497, "d1": -1.020621933703869, "d2": 0.312275785160244, "d3": -2.7161612223424463, "d4": -2.074208604834294, "p1": 5.973019884929631, "p2": 38.640996528343514, "p3": 30.45457878534952, "p4": 45.98903355044208, "pol1": -0.5051769233388548, "pol2": 0.40825301675797765, "pol3": -0.2623409685033389, "pol4": 0.39185805085045144, "v0s": 4.06647263422979}, "datetime": {"datetime": "2022-05-17 15:50:53", "elapsed": 72469.026752, "delta": 25.066956}}
{"target": -1.0, "params": {"Bgrad": 0.5787377177379394, "d1": -2.325747853716825, "d2": -1.4826763266287677, "d3": -2.4977936667357388, "d4": -1.5729565846949387, "p1": 9.181402730795273, "p2": 30.068037410186694, "p3": 40.142494113021634, "p4": 18.495662945531983, "pol1": 0.8119577051553222, "pol2": 0.5307250300777657, "pol3": 0.1967586907551111, "pol4": 0.9174547737028698, "v0s": 5.327432673589003}, "datetime": {"datetime": "2022-05-17 15:51:26", "elapsed": 72501.915786, "delta": 32.889034}}
{"target": 3.6287311948526884, "params": {"Bgrad": 1.006394406155501, "d1": -3.0, "d2": 0.1929909618570179, "d3": -1.8377497198902608, "d4": -1.7447690960707822, "p1": 28.877854584035823, "p2": 30.491357372973546, "p3": 9.778705192290255, "p4": 43.174609450018636, "pol1": -0.302465072544856, "pol2": -0.2961242255774297, "pol3": 0.6961704756670157, "pol4": -0.7983375439959199, "v0s": 3.6287311948526884}, "datetime": {"datetime": "2022-05-17 15:51:57", "elapsed": 72533.172187, "delta": 31.256401}}
{"target": 3.6453791235034085, "params": {"Bgrad": 1.7793389847856687, "d1": -2.204409867714489, "d2": -0.13878785667377747, "d3": -1.3907886838266386, "d4": -2.834399030425746, "p1": 23.577179172045277, "p2": 34.63788050603828, "p3": 9.87581312791121, "p4": 48.65851669532184, "pol1": -0.5017006327867277, "pol2": 0.5233454574533036, "pol3": -0.07026874615908518, "pol4": 0.40752737069192735, "v0s": 3.6453791235034085}, "datetime": {"datetime": "2022-05-17 15:52:36", "elapsed": 72571.259035, "delta": 38.086848}}
{"target": 4.865898992117514, "params": {"Bgrad": 1.589997724710339, "d1": -2.500418510804453, "d2": 1.0, "d3": -1.2101142686502715, "d4": -1.7302457759616536, "p1": 33.81378198107618, "p2": 9.009189235201339, "p3": 40.91656592431073, "p4": 34.590115650230715, "pol1": 0.7108198774544655, "pol2": -0.5110748993011256, "pol3": -1.0, "pol4": 0.3442523682767152, "v0s": 4.865898992117514}, "datetime": {"datetime": "2022-05-17 15:53:03", "elapsed": 72598.785413, "delta": 27.526378}}
{"target": -1.0, "params": {"Bgrad": 0.6073564122381943, "d1": -1.840205181350902, "d2": 0.3808811043216225, "d3": 0.03613658328437719, "d4": -2.3222435844543674, "p1": 3.1761566875927407, "p2": 13.198280773707982, "p3": 35.80422800800527, "p4": 47.159019425297025, "pol1": 0.70646419927527, "pol2": 0.028055614058932754, "pol3": -0.4553106811857359, "pol4": 0.979800423299251, "v0s": 5.032298189871426}, "datetime": {"datetime": "2022-05-17 15:53:33", "elapsed": 72629.073403, "delta": 30.28799}}
{"target": 6.1174745793439556, "params": {"Bgrad": 0.9580702903199251, "d1": -2.466720273353696, "d2": 0.011018609028636828, "d3": -0.5860339063872821, "d4": -2.220322545324768, "p1": 5.905278018798238, "p2": 35.02096571952414, "p3": 39.23602338981539, "p4": 29.383738505722594, "pol1": 0.4401303872468003, "pol2": 0.571787323810987, "pol3": -0.4547029926262802, "pol4": -0.2021769552489694, "v0s": 6.1174745793439556}, "datetime": {"datetime": "2022-05-17 15:54:06", "elapsed": 72661.234107, "delta": 32.160704}}
{"target": 4.808412401527911, "params": {"Bgrad": 1.1805526411299216, "d1": -2.3198587908233237, "d2": 1.0, "d3": -2.4234615287804315, "d4": -0.06881212149007399, "p1": 29.980646579150346, "p2": 12.795665088578675, "p3": 31.71393000632845, "p4": 26.82464221233868, "pol1": 0.9448376525629927, "pol2": -0.6923979797018798, "pol3": -1.0, "pol4": 0.6300048795753836, "v0s": 4.808412401527911}, "datetime": {"datetime": "2022-05-17 15:54:32", "elapsed": 72687.419072, "delta": 26.184965}}
{"target": -1.0, "params": {"Bgrad": 1.6410493867608027, "d1": -1.4564582135449293, "d2": -0.24651047337557985, "d3": -0.2915518058448221, "d4": -1.2715674271251096, "p1": 33.29932741934098, "p2": 14.414785185329215, "p3": 30.451787780377188, "p4": 27.302951199993508, "pol1": -0.9979916331149556, "pol2": -0.19602385964507518, "pol3": -0.8651073095326098, "pol4": 0.059971039824032735, "v0s": 4.741580466825237}, "datetime": {"datetime": "2022-05-17 15:55:02", "elapsed": 72717.573436, "delta": 30.154364}}
{"target": 5.637071617849892, "params": {"Bgrad": 0.8447650871920938, "d1": -2.0614393107322986, "d2": 0.7896478702806475, "d3": -0.2737042409149315, "d4": -1.2195243879792352, "p1": 3.612490640524352, "p2": 32.983431739275005, "p3": 37.79562961281773, "p4": 29.71730162288128, "pol1": -0.08330613860955793, "pol2": -0.6748449874539582, "pol3": 0.2326036811539567, "pol4": -0.4830879033805504, "v0s": 5.637071617849892}, "datetime": {"datetime": "2022-05-17 15:55:27", "elapsed": 72743.006413, "delta": 25.432977}}
{"target": 3.326014541383439, "params": {"Bgrad": 0.5, "d1": -0.6040113684122373, "d2": 1.0, "d3": -2.2539335763003034, "d4": -2.3557633452573166, "p1": 43.9356547963654, "p2": 16.782458101939014, "p3": 26.800213409632438, "p4": 10.898168065598774, "pol1": 1.0, "pol2": 0.29576555220859085, "pol3": 0.6605698468012909, "pol4": 0.4603467251068053, "v0s": 3.326014541383439}, "datetime": {"datetime": "2022-05-17 15:56:01", "elapsed": 72776.476892, "delta": 33.470479}}
{"target": 4.506518014040398, "params": {"Bgrad": 0.7698449907352959, "d1": -3.0, "d2": 0.33606105395381397, "d3": -2.249233848310156, "d4": -3.0, "p1": 25.4170511616224, "p2": 29.234868039471667, "p3": 6.42539594115789, "p4": 46.92186630589191, "pol1": -0.27150383501328496, "pol2": -0.408830030534819, "pol3": 0.037406910852088894, "pol4": 0.017317213643216246, "v0s": 4.506518014040398}, "datetime": {"datetime": "2022-05-17 15:56:26", "elapsed": 72801.800385, "delta": 25.323493}}
{"target": 3.148225258584244, "params": {"Bgrad": 1.8104546793580245, "d1": -1.2037887221823964, "d2": 0.8819665636678953, "d3": -1.345738662253154, "d4": -1.6898118728402314, "p1": 30.89731001270937, "p2": 11.567141471847965, "p3": 41.94863882560056, "p4": 37.219189044986074, "pol1": 0.48402837202536375, "pol2": -0.6712698234246064, "pol3": 0.15532758547164516, "pol4": 0.3625308857771825, "v0s": 3.148225258584244}, "datetime": {"datetime": "2022-05-17 15:56:52", "elapsed": 72828.025696, "delta": 26.225311}}
{"target": 4.387339946729883, "params": {"Bgrad": 2.0, "d1": -2.0451724810388123, "d2": 1.0, "d3": -1.7877837299799213, "d4": -0.9736242130379569, "p1": 27.615213616575275, "p2": 9.986034332177425, "p3": 10.726472594611227, "p4": 25.902223734337845, "pol1": 0.8794013968759692, "pol2": 0.2632281222135669, "pol3": 0.4918908548524186, "pol4": 0.27671222662985495, "v0s": 4.387339946729883}, "datetime": {"datetime": "2022-05-17 15:57:23", "elapsed": 72858.701796, "delta": 30.6761}}
{"target": 3.252378014255364, "params": {"Bgrad": 1.4268326092436028, "d1": -2.1421236804660504, "d2": -0.6814150558204357, "d3": -1.5276721866907703, "d4": -0.28878175362341585, "p1": 8.178351433380593, "p2": 27.95553594841886, "p3": 41.12984574523878, "p4": 21.617522663030194, "pol1": 0.6401205676697672, "pol2": -0.773049883149731, "pol3": -0.472295205464887, "pol4": 0.29997592748155033, "v0s": 3.252378014255364}, "datetime": {"datetime": "2022-05-17 15:58:02", "elapsed": 72897.254755, "delta": 38.552959}}
{"target": 4.9591500201036025, "params": {"Bgrad": 0.9656473383273704, "d1": -1.0340999400048, "d2": 0.1968622847181032, "d3": -2.8918166205768845, "d4": -0.4806341430960024, "p1": 23.12765885729457, "p2": 14.668880503834098, "p3": 34.07407003608982, "p4": 22.938072402183966, "pol1": -0.2651133658696183, "pol2": -0.6200869066494392, "pol3": -0.6617631680058766, "pol4": 0.7046834329144471, "v0s": 4.9591500201036025}, "datetime": {"datetime": "2022-05-17 15:58:38", "elapsed": 72933.41379, "delta": 36.159035}}
{"target": 4.909161181220471, "params": {"Bgrad": 1.4942123349332799, "d1": -2.4054971234177134, "d2": -0.5182868072218283, "d3": -1.483044773196089, "d4": 0.31494352039912554, "p1": 5.104231428659823, "p2": 38.419139374664255, "p3": 40.131949954751285, "p4": 29.39060480022157, "pol1": 0.5043541122527644, "pol2": 0.24632475637813211, "pol3": -0.417586876619775, "pol4": -0.4783117005169619, "v0s": 4.909161181220471}, "datetime": {"datetime": "2022-05-17 15:59:12", "elapsed": 72967.985588, "delta": 34.571798}}
{"target": 5.604113365584126, "params": {"Bgrad": 0.7447429482759764, "d1": -1.3842181644290417, "d2": -0.23513118882737816, "d3": -1.039720331577639, "d4": -2.567628537580823, "p1": 1.0808448666483395, "p2": 13.399157253257549, "p3": 38.16327405280902, "p4": 48.425993193007244, "pol1": -0.898852898609896, "pol2": 0.014271951905806768, "pol3": -0.7979340709423022, "pol4": 0.29210654799347635, "v0s": 5.604113365584126}, "datetime": {"datetime": "2022-05-17 15:59:46", "elapsed": 73001.660182, "delta": 33.674594}}
{"target": -1.0, "params": {"Bgrad": 0.5, "d1": -3.0, "d2": -0.5054157954271777, "d3": -2.0476053670301084, "d4": -1.927848009211128, "p1": 32.94377608663088, "p2": 5.609005397761868, "p3": 36.64389419248568, "p4": 29.802034218571933, "pol1": 0.8844432452978781, "pol2": 0.4636673871222667, "pol3": 0.675862117294109, "pol4": -0.08516644480636237, "v0s": 5.38654624763201}, "datetime": {"datetime": "2022-05-17 16:00:33", "elapsed": 73049.203228, "delta": 47.543046}}
{"target": 4.877471133555072, "params": {"Bgrad": 0.7358765033433262, "d1": -1.9757538809702917, "d2": 0.7985453666882744, "d3": -1.3275506544638105, "d4": -1.3647186599990735, "p1": 2.1017482445655022, "p2": 34.12230532295358, "p3": 31.493391747477066, "p4": 36.57067025306345, "pol1": 0.19952549728236163, "pol2": 0.674747908421198, "pol3": 1.0, "pol4": -1.0, "v0s": 4.877471133555072}, "datetime": {"datetime": "2022-05-17 16:01:12", "elapsed": 73087.414951, "delta": 38.211723}}
{"target": -1.0, "params": {"Bgrad": 1.523869763382929, "d1": -0.5819118639050909, "d2": -0.1381329955325734, "d3": -2.991619593890692, "d4": -2.6465604106422767, "p1": 5.7527576015740545, "p2": 34.27206597970548, "p3": 38.30389870820368, "p4": 29.533428695313336, "pol1": 0.8218972689060007, "pol2": 0.1624807607886516, "pol3": 0.7641538148453884, "pol4": 0.46233330514845505, "v0s": 6.495405590473217}, "datetime": {"datetime": "2022-05-17 16:01:49", "elapsed": 73124.848151, "delta": 37.4332}}
{"target": 2.7720307391794696, "params": {"Bgrad": 0.8941600906044933, "d1": -2.9614353907702977, "d2": 0.12787305074423871, "d3": -2.7860225740469517, "d4": -1.6451752501563814, "p1": 4.56543377562772, "p2": 36.54817666897025, "p3": 29.53628797909071, "p4": 33.98643432585537, "pol1": 0.4681652927356186, "pol2": 0.3210564711738224, "pol3": 0.6266493720223023, "pol4": -0.06393134015925428, "v0s": 2.7720307391794696}, "datetime": {"datetime": "2022-05-17 16:02:12", "elapsed": 73147.514084, "delta": 22.665933}}
{"target": 3.5104609576835566, "params": {"Bgrad": 0.5, "d1": 0.30548617265195815, "d2": -1.9510992701656706, "d3": -3.0, "d4": -1.8298547725282321, "p1": 34.135359352566326, "p2": 7.598044855011921, "p3": 10.230777533657324, "p4": 32.260105882914004, "pol1": 0.02969488378018613, "pol2": 0.2989148664523122, "pol3": 0.6046899239382715, "pol4": -1.0, "v0s": 3.5104609576835566}, "datetime": {"datetime": "2022-05-17 16:02:38", "elapsed": 73173.875132, "delta": 26.361048}}
{"target": -1.0, "params": {"Bgrad": 0.8029339655821108, "d1": 0.9227252652605782, "d2": 0.892095287203118, "d3": -1.5828627177275756, "d4": -2.879593586864689, "p1": 31.792464425921246, "p2": 8.769143444109629, "p3": 40.27202429619355, "p4": 35.521380584452864, "pol1": -0.136952897587042, "pol2": 0.3482902932837968, "pol3": 0.7570070411908807, "pol4": 0.5828919394127252, "v0s": 6.700572918500882}, "datetime": {"datetime": "2022-05-17 16:03:06", "elapsed": 73202.174488, "delta": 28.299356}}
{"target": 4.729796560679511, "params": {"Bgrad": 0.5946851567103797, "d1": -1.847629322570592, "d2": 0.6389817666929534, "d3": -2.90613392768132, "d4": -0.5011527047554818, "p1": 6.839485392014128, "p2": 22.489039961215763, "p3": 44.33888574185042, "p4": 21.367242609168123, "pol1": 0.9620308041945591, "pol2": 0.2399504630596212, "pol3": -0.20223980218277715, "pol4": -0.2486202019607231, "v0s": 4.729796560679511}, "datetime": {"datetime": "2022-05-17 16:03:31", "elapsed": 73226.940253, "delta": 24.765765}}
{"target": 5.336267910814829, "params": {"Bgrad": 0.5, "d1": -3.0, "d2": -3.0, "d3": -1.837543682408971, "d4": -1.3436808676079754, "p1": 5.647569813207098, "p2": 1.8787371980087493, "p3": 39.42814223057408, "p4": 19.77951102662664, "pol1": 0.7027040936324379, "pol2": -0.19270994684618084, "pol3": 1.0, "pol4": -0.5986648566211858, "v0s": 5.336267910814829}, "datetime": {"datetime": "2022-05-17 16:04:05", "elapsed": 73261.075135, "delta": 34.134882}}
{"target": 4.594876945243667, "params": {"Bgrad": 1.5150707626972921, "d1": -2.8934180531701186, "d2": 0.7855620392135739, "d3": -1.2881041704656915, "d4": -0.9483222252363052, "p1": 33.760984725649934, "p2": 6.361587412841535, "p3": 36.590874414883004, "p4": 28.31406585801957, "pol1": 0.540500890770562, "pol2": -0.2985394656305273, "pol3": -0.5522134554515717, "pol4": 0.33330128166121986, "v0s": 4.594876945243667}, "datetime": {"datetime": "2022-05-17 16:04:44", "elapsed": 73299.931284, "delta": 38.856149}}
{"target": 3.5373372933246285, "params": {"Bgrad": 1.160694933640716, "d1": -1.3182401362293112, "d2": 0.5107300313014194, "d3": -0.23389825997305191, "d4": -1.3617072978395264, "p1": 4.46650658127497, "p2": 33.886592574042275, "p3": 36.242965913839136, "p4": 29.024873620886904, "pol1": 0.3806606878968122, "pol2": -0.42062190692260293, "pol3": -0.9237275670661538, "pol4": 0.13793171331930365, "v0s": 3.5373372933246285}, "datetime": {"datetime": "2022-05-17 16:05:19", "elapsed": 73334.396325, "delta": 34.465041}}
{"target": 4.824140251695038, "params": {"Bgrad": 0.5899657703305083, "d1": -2.4453302150132097, "d2": 0.8349076490347818, "d3": -1.9915482379141887, "d4": -0.8116688097228281, "p1": 4.634644239887876, "p2": 36.55763675381385, "p3": 32.09070048794341, "p4": 39.35863736616684, "pol1": -0.20920400548395895, "pol2": 0.26501438357826496, "pol3": 0.702563716795948, "pol4": -0.3369493776156461, "v0s": 4.824140251695038}, "datetime": {"datetime": "2022-05-17 16:05:53", "elapsed": 73368.723289, "delta": 34.326964}}
{"target": 4.5818131496934305, "params": {"Bgrad": 1.310571837530677, "d1": -3.0, "d2": 0.8188637734035821, "d3": -0.9166499610728648, "d4": -3.0, "p1": 42.910292623261974, "p2": 25.942928065756316, "p3": 18.52352626097029, "p4": 13.234881024367073, "pol1": -0.665549426967648, "pol2": 0.3801049811815234, "pol3": -0.43360569173747354, "pol4": 1.0, "v0s": 4.5818131496934305}, "datetime": {"datetime": "2022-05-17 16:06:24", "elapsed": 73399.826197, "delta": 31.102908}}
{"target": 4.430399040834237, "params": {"Bgrad": 1.4581449359475915, "d1": -1.88482328183126, "d2": 0.23676842900470332, "d3": -1.9139766602228327, "d4": -3.0, "p1": 7.192242026743107, "p2": 26.383743288347244, "p3": 43.52925258199636, "p4": 21.057044532432812, "pol1": 1.0, "pol2": -1.0, "pol3": -1.0, "pol4": -0.8686419714132035, "v0s": 4.430399040834237}, "datetime": {"datetime": "2022-05-17 16:07:02", "elapsed": 73438.11054, "delta": 38.284343}}
{"target": -1.0, "params": {"Bgrad": 0.6058439977208914, "d1": -1.6435796769928435, "d2": -0.7815746018785759, "d3": -0.8000501094637089, "d4": -1.1737196544127642, "p1": 34.7367683502862, "p2": 7.937632093376795, "p3": 36.51526799433091, "p4": 4.920115217660326, "pol1": -0.8672100607077822, "pol2": -0.6314744764208498, "pol3": -0.8996386195834567, "pol4": -0.7350419409981945, "v0s": 5.001485376500515}, "datetime": {"datetime": "2022-05-17 16:07:29", "elapsed": 73464.675044, "delta": 26.564504}}
{"target": 5.111688693709103, "params": {"Bgrad": 0.6200190427547572, "d1": -2.4897459735229743, "d2": -0.5952130102804399, "d3": -0.8030037744897089, "d4": -3.0, "p1": 1.4671211421537087, "p2": 13.997538845298665, "p3": 37.951735023751525, "p4": 48.1470687291521, "pol1": -0.20184343997561496, "pol2": 0.18096050626644578, "pol3": -0.37283475835958807, "pol4": -0.060104143898733774, "v0s": 5.111688693709103}, "datetime": {"datetime": "2022-05-17 16:08:05", "elapsed": 73500.233178, "delta": 35.558134}}
{"target": 5.028627475944307, "params": {"Bgrad": 1.308273397138144, "d1": -1.9145731331035378, "d2": -0.016507221994756963, "d3": -0.9386124439188949, "d4": -2.993426414982413, "p1": 1.6682351309926406, "p2": 13.192542432611932, "p3": 38.97586141531175, "p4": 47.276039615556044, "pol1": -0.32300597891796556, "pol2": -0.22713169497403626, "pol3": -0.4015825369194994, "pol4": 0.6207617053236936, "v0s": 5.028627475944307}, "datetime": {"datetime": "2022-05-17 16:08:33", "elapsed": 73528.689292, "delta": 28.456114}}
{"target": 4.52057362225448, "params": {"Bgrad": 1.5862558753938885, "d1": -1.73390807946838, "d2": -0.047365398412854726, "d3": -3.0, "d4": -2.5921232435358954, "p1": 5.544603034624186, "p2": 38.42155453744031, "p3": 32.165412318992594, "p4": 41.46334007695836, "pol1": -0.4825129239461462, "pol2": 1.0, "pol3": 0.8618511070543695, "pol4": -0.27005434163362646, "v0s": 4.52057362225448}, "datetime": {"datetime": "2022-05-17 16:08:59", "elapsed": 73554.536698, "delta": 25.847406}}
{"target": 4.010805038389488, "params": {"Bgrad": 1.3846065968526378, "d1": -2.2022573882473626, "d2": -0.8175193340081344, "d3": -2.247705110870948, "d4": -2.4619304336390195, "p1": 3.057062138502409, "p2": 35.39453813929049, "p3": 30.377461765736392, "p4": 40.05150404957773, "pol1": -0.511490639213098, "pol2": -0.89098803865414, "pol3": -0.10150651626192175, "pol4": -0.9071283027571819, "v0s": 4.010805038389488}, "datetime": {"datetime": "2022-05-17 16:09:32", "elapsed": 73588.003932, "delta": 33.467234}}
{"target": -1.0, "params": {"Bgrad": 0.7515062549286919, "d1": -2.486689317145375, "d2": 1.0, "d3": -2.3930592183425117, "d4": 0.3732037365475258, "p1": 24.94486685270374, "p2": 12.765410673486619, "p3": 35.33592405726439, "p4": 23.074893693212214, "pol1": 0.2883525185312274, "pol2": -1.0, "pol3": -0.6596085121949053, "pol4": 1.0, "v0s": 5.415611854968416}, "datetime": {"datetime": "2022-05-17 16:10:15", "elapsed": 73630.62898, "delta": 42.625048}}
{"target": 4.636945283012193, "params": {"Bgrad": 2.0, "d1": -3.0, "d2": 0.3760065715827999, "d3": -0.9329463469680896, "d4": -0.43669698905725496, "p1": 36.49137953995092, "p2": 8.198736297600412, "p3": 8.428291643445924, "p4": 31.952097750969692, "pol1": 0.18072982082304426, "pol2": 1.0, "pol3": -0.9938958852330277, "pol4": 1.0, "v0s": 4.636945283012193}, "datetime": {"datetime": "2022-05-17 16:10:41", "elapsed": 73657.044466, "delta": 26.415486}}
{"target": 3.311316970346005, "params": {"Bgrad": 1.0062162389644997, "d1": -2.453433566173431, "d2": -0.421802939249865, "d3": -2.1532153534129903, "d4": -2.441804250194646, "p1": 4.050101469449185, "p2": 30.687229078494894, "p3": 31.666940170360743, "p4": 38.52551134681866, "pol1": -0.7762405415933333, "pol2": -0.2978632461985571, "pol3": -0.2522723041095636, "pol4": -0.20671943379145774, "v0s": 3.311316970346005}, "datetime": {"datetime": "2022-05-17 16:11:07", "elapsed": 73682.554221, "delta": 25.509755}}
{"target": 4.81344892813986, "params": {"Bgrad": 1.9256633357464645, "d1": -2.4637521687670265, "d2": 0.936102099063115, "d3": -2.0076113367932016, "d4": -1.9554628850866749, "p1": 9.641806703071037, "p2": 26.071035454514025, "p3": 44.68106094597775, "p4": 24.076342659535754, "pol1": -0.9888911712142423, "pol2": -0.8114421265136296, "pol3": -0.7877461534129084, "pol4": 0.3556038875871501, "v0s": 4.81344892813986}, "datetime": {"datetime": "2022-05-17 16:11:36", "elapsed": 73711.376789, "delta": 28.822568}}
{"target": 3.5893886044645873, "params": {"Bgrad": 1.1021438787799827, "d1": -2.5046816432621606, "d2": 0.6450485112275248, "d3": -0.6863574500084604, "d4": -2.297118103022831, "p1": 30.496473540830866, "p2": 11.043128716119993, "p3": 35.427482686907744, "p4": 24.21083412742469, "pol1": -0.6894524561546511, "pol2": 0.6041197868225039, "pol3": -0.97392850934872, "pol4": 0.23036040562688376, "v0s": 3.5893886044645873}, "datetime": {"datetime": "2022-05-17 16:12:01", "elapsed": 73736.276697, "delta": 24.899908}}
