{"target": 4.099334615750529, "params": {"Bgrad": 1.2100119089602224, "d1": -2.363828809850728, "d2": 0.2213587759771034, "d3": -0.9016482884917023, "d4": 0.8299658842282329, "p1": 40.37977114627122, "p2": 18.599556633531233, "p3": 39.0807842118636, "p4": 1.3651998212221739, "pol1": 0.658523182280135, "pol2": 0.8076643029300898, "pol3": 0.32237111494251414, "pol4": 0.48765832918653684, "v0s": 4.099334615750529}, "datetime": {"datetime": "2022-06-16 17:50:03", "elapsed": 316050.067337, "delta": 30.896419}}
{"target": -1.0, "params": {"Bgrad": 1.9790662714425102, "d1": -1.006005509435846, "d2": -0.7838519598793718, "d3": -1.8515247765590188, "d4": 0.3439396553615248, "p1": 25.670282059508327, "p2": 11.08459883542839, "p3": 0.7476458410986986, "p4": 12.294100384950667, "pol1": 0.9131714694734046, "pol2": -0.6639908598529067, "pol3": 0.7084479252957214, "pol4": 0.4829870043924567, "v0s": 7.9373825942022}, "datetime": {"datetime": "2022-06-16 17:50:22", "elapsed": 316069.30791, "delta": 19.240573}}
{"target": -1.0, "params": {"Bgrad": 1.2325124143600181, "d1": -1.5080690225089084, "d2": -1.8249228578945416, "d3": -1.6480602808087883, "d4": -1.4353375434225812, "p1": 28.520875414520795, "p2": 0.24501689951073047, "p3": 16.425743334947278, "p4": 21.31034427363709, "pol1": -0.6415272718189939, "pol2": 0.47082676566930504, "pol3": -0.3348237706655437, "pol4": -0.3961880132269002, "v0s": 5.6001553723593975}, "datetime": {"datetime": "2022-06-16 17:50:43", "elapsed": 316090.753614, "delta": 21.445704}}
{"target": -1.0, "params": {"Bgrad": 1.1039901395169536, "d1": -2.1427708857546985, "d2": -0.09459473555256981, "d3": -0.06173788477928088, "d4": 0.36307674533846646, "p1": 41.21186449633484, "p2": 44.0165687791986, "p3": 0.7571704155606707, "p4": 2.6430738752623864, "pol1": 0.11727934750441005, "pol2": -0.5907344957162299, "pol3": 0.13264298526126095, "pol4": -0.19729296061634694, "v0s": 6.392696105816961}, "datetime": {"datetime": "2022-06-16 17:51:12", "elapsed": 316119.992463, "delta": 29.238849}}
{"target": -1.0, "params": {"Bgrad": 1.5172208122555926, "d1": 0.5788764892293519, "d2": -1.0064139370776943, "d3": -1.312783983507491, "d4": -1.5245705854117584, "p1": 15.524228907980458, "p2": 16.735449658094442, "p3": 21.802445214335446, "p4": 17.11457997285452, "pol1": -0.04544317262732678, "pol2": 0.7203126473430581, "pol3": -0.844083929438787, "pol4": -0.18489533698124427, "v0s": 6.655025786245112}, "datetime": {"datetime": "2022-06-16 17:51:31", "elapsed": 316138.466087, "delta": 18.473624}}
{"target": -1.0, "params": {"Bgrad": 1.50853718764118, "d1": -0.2946614616698069, "d2": -2.0232910305266043, "d3": -2.6102704002569563, "d4": -1.5550215153012674, "p1": 39.649255351223765, "p2": 15.099171669053224, "p3": 40.94781546269557, "p4": 38.945776678514946, "pol1": 0.013918134753655664, "pol2": 0.8866767073801398, "pol3": 0.24121554896531117, "pol4": -0.370468643717375, "v0s": 3.917273930457119}, "datetime": {"datetime": "2022-06-16 17:51:51", "elapsed": 316158.191364, "delta": 19.725277}}
{"target": -1.0, "params": {"Bgrad": 1.3424610995394841, "d1": -1.9641611992557904, "d2": -2.994941787568738, "d3": -2.889422811359262, "d4": 0.3876805021922993, "p1": 43.42629792329456, "p2": 49.81416938544208, "p3": 40.14574997234494, "p4": 20.611334224377043, "pol1": 0.2243261196520865, "pol2": 0.38086603772923655, "pol3": 0.5298905982111259, "pol4": 0.9682579260138904, "v0s": 3.186405270115139}, "datetime": {"datetime": "2022-06-16 17:52:13", "elapsed": 316180.659312, "delta": 22.467948}}
{"target": -1.0, "params": {"Bgrad": 1.5429272444385742, "d1": -0.5380395177213826, "d2": -2.6804100019827697, "d3": -0.8493701077093716, "d4": -1.663805057194577, "p1": 49.52253427274652, "p2": 38.02227711763594, "p3": 11.783268581585416, "p4": 26.894278982808157, "pol1": 0.3239648865161602, "pol2": -0.3654842797051008, "pol3": -0.43147712909616986, "pol4": -0.5219355566314545, "v0s": 3.523450769642037}, "datetime": {"datetime": "2022-06-16 17:52:34", "elapsed": 316201.962372, "delta": 21.30306}}
{"target": 2.7853146303355993, "params": {"Bgrad": 1.6451347925189022, "d1": -2.202543810386099, "d2": -2.00266348852849, "d3": -0.7087009461203779, "d4": -0.4701037529572063, "p1": 16.133049972827635, "p2": 30.199985398436368, "p3": 11.869603042122495, "p4": 20.350427839917423, "pol1": 0.25198893340752204, "pol2": -0.7124738287475754, "pol3": 0.9612716403683963, "pol4": -0.9425991493734396, "v0s": 2.7853146303355993}, "datetime": {"datetime": "2022-06-16 17:52:47", "elapsed": 316214.409104, "delta": 12.446732}}
{"target": -1.0, "params": {"Bgrad": 1.3459636123627883, "d1": 0.3599757237049457, "d2": -0.25392198028372404, "d3": -1.439262788110066, "d4": -1.4790166508700757, "p1": 13.588019535518752, "p2": 0.17443090598325828, "p3": 0.8013746312189041, "p4": 44.93571423489808, "pol1": -0.6420491258767018, "pol2": -0.6421775199961384, "pol3": -0.6566513705261676, "pol4": -0.71586235173384, "v0s": 4.237687817075315}, "datetime": {"datetime": "2022-06-16 17:53:11", "elapsed": 316238.417932, "delta": 24.008828}}
{"target": -1.0, "params": {"Bgrad": 1.354184745192588, "d1": 0.197521581594442, "d2": 0.48986943768764624, "d3": 0.5703719845299018, "d4": -2.9836571310315136, "p1": 36.72976920931762, "p2": 4.085337481998303, "p3": 0.43478048100483724, "p4": 43.1722258226907, "pol1": 0.19495827626288476, "pol2": 0.30646369608084534, "pol3": -0.6817484427157419, "pol4": -0.9895467080016918, "v0s": 3.5579428888723745}, "datetime": {"datetime": "2022-06-16 17:53:35", "elapsed": 316262.325033, "delta": 23.907101}}
{"target": -1.0, "params": {"Bgrad": 1.0028443066092216, "d1": -2.669763842357876, "d2": 0.279149971430559, "d3": -0.7267253842118189, "d4": -1.6458669216339716, "p1": 7.58005619559377, "p2": 38.624066687651705, "p3": 5.815078949065716, "p4": 42.769766498244834, "pol1": -0.10779103140551172, "pol2": 0.965579790191436, "pol3": -0.7780483183339226, "pol4": -0.7632531170007235, "v0s": 6.622014651229977}, "datetime": {"datetime": "2022-06-16 17:53:56", "elapsed": 316283.741789, "delta": 21.416756}}
{"target": -1.0, "params": {"Bgrad": 1.7470351230260142, "d1": -2.948456284095174, "d2": 0.4760960979519244, "d3": 0.6392434473506379, "d4": 0.015836460195407298, "p1": 36.913243594001116, "p2": 43.88836317783533, "p3": 30.23975420674354, "p4": 11.631302661745641, "pol1": -0.19713701043097553, "pol2": -0.9195193952618661, "pol3": -0.316020414544266, "pol4": 0.6556145558163142, "v0s": 4.774247409554027}, "datetime": {"datetime": "2022-06-16 17:54:16", "elapsed": 316303.842065, "delta": 20.100276}}
{"target": -1.0, "params": {"Bgrad": 1.4496299715370071, "d1": -0.4034439298398773, "d2": -2.742982498670467, "d3": -2.6216339562793873, "d4": 0.6863872681351486, "p1": 45.503540963414835, "p2": 12.555130420584682, "p3": 7.424800810182431, "p4": 30.503390980401228, "pol1": -0.023558246851324904, "pol2": 0.5754107686502179, "pol3": -0.4325617610450845, "pol4": 0.6463356885812361, "v0s": 2.816204940052416}, "datetime": {"datetime": "2022-06-16 17:55:40", "elapsed": 316387.323932, "delta": 83.481867}}
{"target": -1.0, "params": {"Bgrad": 1.2359998452606558, "d1": -1.8465244623377166, "d2": 0.9945352890481498, "d3": -1.5944518592226236, "d4": -2.637709924986039, "p1": 32.30279098368055, "p2": 39.83265475763086, "p3": 13.431950971553164, "p4": 17.842465352592857, "pol1": 0.13985763278284735, "pol2": -0.8317371453380695, "pol3": 0.7332986704626168, "pol4": 0.8420967473338017, "v0s": 6.348328087795718}, "datetime": {"datetime": "2022-06-16 17:56:04", "elapsed": 316411.879301, "delta": 24.555369}}
{"target": -1.0, "params": {"Bgrad": 0.6644004549690186, "d1": 0.7108567671516801, "d2": -2.226092771386187, "d3": -2.017699525920951, "d4": -2.768245731976457, "p1": 43.32061146118922, "p2": 47.44711203674395, "p3": 14.546458140768442, "p4": 44.515886408917694, "pol1": -0.9477854110551578, "pol2": 0.03118792793796299, "pol3": -0.28747328613893974, "pol4": 0.017535691187051228, "v0s": 7.5271823007173415}, "datetime": {"datetime": "2022-06-16 17:56:19", "elapsed": 316426.527148, "delta": 14.647847}}
{"target": 5.555746229975686, "params": {"Bgrad": 1.4434512899341538, "d1": -2.982004168894642, "d2": -0.2945678302142265, "d3": -1.0323449641973985, "d4": -2.1092527243864665, "p1": 31.004448880913355, "p2": 22.43251277494082, "p3": 48.50949407639889, "p4": 32.49810134599966, "pol1": 0.12309386490108754, "pol2": 0.6773437560308915, "pol3": -0.20633534237092355, "pol4": 0.7240213476434856, "v0s": 5.555746229975686}, "datetime": {"datetime": "2022-06-16 17:56:44", "elapsed": 316451.224138, "delta": 24.69699}}
