{"target": -1.0, "params": {"Bgrad": 1.9356327827968367, "d1": -2.8281355213951254, "d2": -0.35617030044044284, "d3": -2.8549187332715844, "d4": 0.9767050554646355, "p1": 2.2204410231207006, "p2": 37.56161714332471, "p3": 30.214771608557655, "p4": 27.338439033733096, "pol1": 0.6224170994989009, "pol2": 0.9447071561516778, "pol3": -0.41857314167832715, "pol4": -0.6292829596174336, "v0s": 4.064154741606512}, "datetime": {"datetime": "2022-06-16 17:06:21", "elapsed": 313428.372529, "delta": 23.58895}}
{"target": -1.0, "params": {"Bgrad": 0.7891065376953033, "d1": -0.5720654061971344, "d2": 0.704430867127241, "d3": -1.6511980335188157, "d4": -2.3003438371966567, "p1": 20.816560093332726, "p2": 25.832105476713146, "p3": 32.662421655556315, "p4": 41.45378346782647, "pol1": -0.46730692760121983, "pol2": -0.07214233621783839, "pol3": -0.8466749130126456, "pol4": 0.016298489782802683, "v0s": 7.09781140254921}, "datetime": {"datetime": "2022-06-16 17:06:36", "elapsed": 313443.753418, "delta": 15.380889}}
{"target": -1.0, "params": {"Bgrad": 0.8785503957061709, "d1": -1.6005469581585796, "d2": -1.088136988644579, "d3": -1.5272972381134182, "d4": 0.5481651154816181, "p1": 6.493440943209883, "p2": 29.53150138753301, "p3": 5.047025819633516, "p4": 36.6082085945985, "pol1": 0.6185899320830603, "pol2": 0.520895849138072, "pol3": 0.550051626375863, "pol4": 0.08791919047488683, "v0s": 7.323920108075434}, "datetime": {"datetime": "2022-06-16 17:06:55", "elapsed": 313462.197121, "delta": 18.443703}}
{"target": 3.9693581308020427, "params": {"Bgrad": 1.4314179898135198, "d1": -2.534697873589228, "d2": -0.017447813592382122, "d3": -1.2989775673726447, "d4": -1.6979560930823863, "p1": 6.790135304755091, "p2": 49.64996609087284, "p3": 15.62192981978408, "p4": 15.519224307710461, "pol1": -0.42974331889329553, "pol2": -0.48726058192143573, "pol3": -0.8773199269666456, "pol4": -0.20050299788459625, "v0s": 3.9693581308020427}, "datetime": {"datetime": "2022-06-16 17:07:10", "elapsed": 313477.756533, "delta": 15.559412}}
{"target": -1.0, "params": {"Bgrad": 0.8925836704402357, "d1": -2.781013606213564, "d2": -2.8856053517369906, "d3": 0.45514863549718987, "d4": -1.6023329198936516, "p1": 22.58206314876145, "p2": 36.419803473220696, "p3": 10.38242471387833, "p4": 30.380101542575456, "pol1": 0.4993910799183321, "pol2": 0.393788735425193, "pol3": -0.075425276101307, "pol4": -0.5859723382402771, "v0s": 5.593437377939442}, "datetime": {"datetime": "2022-06-16 17:07:31", "elapsed": 313498.112126, "delta": 20.355593}}
{"target": -1.0, "params": {"Bgrad": 0.7911557758375355, "d1": -1.3753645180158158, "d2": -0.7952267990680131, "d3": 0.3456125990775618, "d4": 0.8914318052718024, "p1": 48.194596349961806, "p2": 35.17536510916577, "p3": 48.7089895063612, "p4": 33.82860570872753, "pol1": -0.835275402639017, "pol2": -0.913966374114265, "pol3": 0.8460013996400664, "pol4": 0.7236204736076011, "v0s": 2.1389148713839363}, "datetime": {"datetime": "2022-06-16 17:09:02", "elapsed": 313589.255515, "delta": 91.143389}}
{"target": -1.0, "params": {"Bgrad": 0.7682642984178278, "d1": -2.7261516397528354, "d2": -2.8758542437100796, "d3": -1.1738172099315385, "d4": 0.8132827986415938, "p1": 29.589579161355378, "p2": 36.87095195769493, "p3": 1.834860948019429, "p4": 9.3060188424629, "pol1": 0.8107964791527207, "pol2": -0.6409084203936832, "pol3": 0.5345985266109854, "pol4": 0.44135620997999037, "v0s": 5.568449388826497}, "datetime": {"datetime": "2022-06-16 17:09:22", "elapsed": 313609.792623, "delta": 20.537108}}
{"target": -1.0, "params": {"Bgrad": 1.8704169234628327, "d1": -0.9058231188351322, "d2": -2.54525475441959, "d3": -1.1999553282294726, "d4": -1.3108714806153907, "p1": 5.444834733637488, "p2": 1.1583643338285876, "p3": 3.8446876525689397, "p4": 2.6183488887281503, "pol1": 0.08015502284560072, "pol2": -0.918232836782302, "pol3": -0.5332079834574326, "pol4": 0.032618085121760565, "v0s": 3.9950252464791567}, "datetime": {"datetime": "2022-06-16 17:09:47", "elapsed": 313634.727975, "delta": 24.935352}}
{"target": -1.0, "params": {"Bgrad": 1.681110092632323, "d1": 0.3239620708588946, "d2": -2.275735343526675, "d3": -2.27856423034331, "d4": -1.5599615599280767, "p1": 30.015767558366903, "p2": 23.66662746069748, "p3": 24.93367680364923, "p4": 42.34474727701627, "pol1": 0.1373368621946207, "pol2": 0.4628884719354529, "pol3": 0.8471974448257982, "pol4": 0.01366503599272062, "v0s": 2.3719052224900534}, "datetime": {"datetime": "2022-06-16 17:10:08", "elapsed": 313655.585228, "delta": 20.857253}}
{"target": 4.919571670462648, "params": {"Bgrad": 1.752156231935609, "d1": -2.9630705998286277, "d2": -0.10761722732191892, "d3": -0.7708000134743855, "d4": 0.2297739916913839, "p1": 19.065978494116013, "p2": 39.50209134028383, "p3": 47.82709652933552, "p4": 4.1110493926048095, "pol1": 0.9679866745889676, "pol2": -0.19910048939603842, "pol3": 0.8210317619665664, "pol4": -0.21195375837887354, "v0s": 4.919571670462648}, "datetime": {"datetime": "2022-06-16 17:10:20", "elapsed": 313667.161287, "delta": 11.576059}}
{"target": -1.0, "params": {"Bgrad": 0.8948335093167801, "d1": -2.016444075272072, "d2": -2.2531878916665273, "d3": 0.5956335675232003, "d4": -0.35206778967167596, "p1": 34.41523519586465, "p2": 41.29896340343737, "p3": 6.9658079457200985, "p4": 16.827973775066056, "pol1": -0.9301363267268876, "pol2": 0.4960914868741755, "pol3": 0.18063981808621654, "pol4": 0.2329148409533215, "v0s": 5.550062869782698}, "datetime": {"datetime": "2022-06-16 17:10:38", "elapsed": 313685.87427, "delta": 18.712983}}
{"target": -1.0, "params": {"Bgrad": 0.5563756602234062, "d1": -0.9336869609531604, "d2": -2.9344085848520294, "d3": -2.8798556680738385, "d4": -2.962304191560515, "p1": 9.789586768663117, "p2": 5.789518003753952, "p3": 44.504935374205786, "p4": 34.95555781007334, "pol1": -0.5774517833049335, "pol2": 0.38725257685510917, "pol3": 0.24090546448667394, "pol4": 0.8454691561216401, "v0s": 7.3029923796200436}, "datetime": {"datetime": "2022-06-16 17:10:53", "elapsed": 313700.39446, "delta": 14.52019}}
{"target": -1.0, "params": {"Bgrad": 0.9074575694159441, "d1": -2.7504869027000565, "d2": -0.31075382979371335, "d3": -1.2276146893403523, "d4": -1.0442680867622376, "p1": 37.34831493759043, "p2": 24.495315568629483, "p3": 41.0743345542511, "p4": 21.461221615932068, "pol1": -0.8034976358494568, "pol2": -0.6843758899258463, "pol3": -0.04346607040533623, "pol4": -0.8903460347206518, "v0s": 6.864749575386788}, "datetime": {"datetime": "2022-06-16 17:11:11", "elapsed": 313718.951859, "delta": 18.557399}}
{"target": 2.216216937515353, "params": {"Bgrad": 0.9384044056195898, "d1": -2.1798667671321157, "d2": -1.9223707217927486, "d3": -1.7876021001243454, "d4": 0.908770740909342, "p1": 4.338619981133646, "p2": 34.522674004468186, "p3": 24.09669655511993, "p4": 9.812285101124413, "pol1": 0.4279303351303496, "pol2": 0.5287209208777921, "pol3": -0.19865714338582996, "pol4": -0.8216911238823743, "v0s": 2.216216937515353}, "datetime": {"datetime": "2022-06-16 17:11:30", "elapsed": 313737.890241, "delta": 18.938382}}
{"target": -1.0, "params": {"Bgrad": 0.8256892595148368, "d1": 0.26511862952755383, "d2": -2.3666138104690786, "d3": -2.3045943566750995, "d4": -2.928433747442431, "p1": 30.04041678026995, "p2": 23.84825511794782, "p3": 43.42915097889698, "p4": 22.63380583219343, "pol1": 0.6415915832841153, "pol2": 0.1640067551489801, "pol3": -0.08640537359683642, "pol4": 0.6441813549880382, "v0s": 4.049893845245797}, "datetime": {"datetime": "2022-06-16 17:11:54", "elapsed": 313761.901063, "delta": 24.010822}}
{"target": -1.0, "params": {"Bgrad": 0.5712242943351622, "d1": -2.097099248228556, "d2": 0.2416518760023103, "d3": -0.005443661971786806, "d4": -2.6048247396592683, "p1": 15.468925275087864, "p2": 47.8328802336803, "p3": 11.917749045402337, "p4": 31.62266077829819, "pol1": -0.8304110413489256, "pol2": 0.6670784926851756, "pol3": -0.09897220847136023, "pol4": 0.2048608130991798, "v0s": 4.494316650340619}, "datetime": {"datetime": "2022-06-16 17:12:10", "elapsed": 313777.352764, "delta": 15.451701}}
{"target": -1.0, "params": {"Bgrad": 1.3662242658790384, "d1": -2.5952538442918716, "d2": -2.7155358567349723, "d3": -2.048869009575143, "d4": -0.8646551527763657, "p1": 35.62740415196385, "p2": 16.698021140389752, "p3": 22.1204003840181, "p4": 24.528843402835165, "pol1": -0.25323999766066385, "pol2": 0.6398090830885386, "pol3": 0.9333104981643989, "pol4": 0.8939424344339362, "v0s": 7.924442187968978}, "datetime": {"datetime": "2022-06-16 17:12:35", "elapsed": 313803.009188, "delta": 25.656424}}
{"target": -1.0, "params": {"Bgrad": 1.8120012655901567, "d1": 0.0011767369859181365, "d2": 0.5098988209558457, "d3": 0.41316503950366545, "d4": 0.6995661555104498, "p1": 46.02815032109676, "p2": 20.122768416751853, "p3": 42.74812537180671, "p4": 13.18011678844757, "pol1": -0.033231414786778046, "pol2": -0.45790622738058984, "pol3": 0.8317244785882458, "pol4": -0.10729892520444251, "v0s": 5.209348672655883}, "datetime": {"datetime": "2022-06-16 17:12:54", "elapsed": 313821.770044, "delta": 18.760856}}
{"target": -1.0, "params": {"Bgrad": 0.6412111181703983, "d1": -1.5485861151452864, "d2": -0.7351031815567408, "d3": -0.9559292096494536, "d4": -2.2529532039586586, "p1": 38.76850342934745, "p2": 37.4889929733288, "p3": 7.032200010167033, "p4": 20.7903919286759, "pol1": 0.39635166357612484, "pol2": -0.3013929156010622, "pol3": 0.8266307270896063, "pol4": -0.4593668481800388, "v0s": 4.954509050214461}, "datetime": {"datetime": "2022-06-16 17:13:08", "elapsed": 313835.905263, "delta": 14.135219}}
{"target": 2.0019859072212705, "params": {"Bgrad": 1.3861680170223971, "d1": -2.937603118432794, "d2": 0.8573364696090833, "d3": -2.15259882261988, "d4": -1.3761660422900484, "p1": 4.973175695274956, "p2": 6.767371389851117, "p3": 34.43276899490992, "p4": 6.035242236224741, "pol1": 0.2588539018177545, "pol2": 0.34730668904666007, "pol3": -0.49329672740924946, "pol4": -0.539707553185599, "v0s": 2.0019859072212705}, "datetime": {"datetime": "2022-06-16 17:13:19", "elapsed": 313846.607657, "delta": 10.702394}}
{"target": -1.0, "params": {"Bgrad": 0.9518405800741407, "d1": -1.2892562538091599, "d2": -0.5858755201780119, "d3": -0.9637129583564659, "d4": 0.79532065777006, "p1": 18.665005164763194, "p2": 49.71058888317976, "p3": 10.05834413071432, "p4": 39.61370989933082, "pol1": 0.7148299852255644, "pol2": 0.24998581006839027, "pol3": -0.21444101839172225, "pol4": 0.6210024356542976, "v0s": 4.694579160540137}, "datetime": {"datetime": "2022-06-16 17:13:49", "elapsed": 313877.035329, "delta": 30.427672}}
{"target": -1.0, "params": {"Bgrad": 1.2962925769426623, "d1": 0.21697461645601113, "d2": 0.22152109739249948, "d3": -1.6267517861554865, "d4": -2.0255726905208706, "p1": 45.006092071984085, "p2": 21.57841238897827, "p3": 26.16928718135104, "p4": 20.538721202340778, "pol1": -0.1540607035386352, "pol2": 0.1953221076956313, "pol3": 0.37698678732949276, "pol4": -0.41382229746730914, "v0s": 2.322315329411544}, "datetime": {"datetime": "2022-06-16 17:14:06", "elapsed": 313893.080443, "delta": 16.045114}}
{"target": -1.0, "params": {"Bgrad": 1.8056933490156224, "d1": 0.07821720475920158, "d2": -0.030822561644915147, "d3": 0.09957216629811194, "d4": -2.8895517838900346, "p1": 37.17665375513755, "p2": 39.35037605136776, "p3": 15.75357768774141, "p4": 38.990989480034486, "pol1": -0.7840043080535435, "pol2": 0.47693410276868486, "pol3": -0.4147255646220531, "pol4": -0.6712448430457725, "v0s": 4.51347200640662}, "datetime": {"datetime": "2022-06-16 17:14:26", "elapsed": 313913.417087, "delta": 20.336644}}
{"target": -1.0, "params": {"Bgrad": 0.8861504476321409, "d1": -1.3705718103249205, "d2": -1.1275801721814074, "d3": -2.1116858126086786, "d4": -1.9374461782236962, "p1": 26.97051461676304, "p2": 6.61576101936911, "p3": 46.54883173877047, "p4": 40.99541010621214, "pol1": -0.6535242179369543, "pol2": -0.14772403946879575, "pol3": -0.7974861924935621, "pol4": -0.09105053523237272, "v0s": 6.217261635049627}, "datetime": {"datetime": "2022-06-16 17:14:46", "elapsed": 313933.530328, "delta": 20.113241}}
{"target": -1.0, "params": {"Bgrad": 1.3358616746626004, "d1": 0.9529099526569533, "d2": -2.360950432070114, "d3": -2.855074264877817, "d4": -0.7369920453809895, "p1": 46.49476081474224, "p2": 22.250977353697326, "p3": 38.924852371221434, "p4": 41.97249918855336, "pol1": -0.8793059398569769, "pol2": 0.33517309989373767, "pol3": 0.8661925051822628, "pol4": -0.509790035684492, "v0s": 4.104512464151753}, "datetime": {"datetime": "2022-06-16 17:15:03", "elapsed": 313950.733347, "delta": 17.203019}}
{"target": 3.624157702651356, "params": {"Bgrad": 1.9183217720174555, "d1": -2.4306096765893535, "d2": -2.9480711901265586, "d3": -1.661602997468992, "d4": -1.555533643760608, "p1": 5.060205062217621, "p2": 1.5550048887819357, "p3": 30.866606966666176, "p4": 39.40989632177414, "pol1": 0.6129274329369765, "pol2": 0.14624714486999202, "pol3": -0.35693076849667427, "pol4": 0.28704776139227817, "v0s": 3.624157702651356}, "datetime": {"datetime": "2022-06-16 17:15:14", "elapsed": 313961.50755, "delta": 10.774203}}
{"target": -1.0, "params": {"Bgrad": 1.8419919652549281, "d1": -0.5498976579068908, "d2": -2.4892765413574804, "d3": 0.4843784588897555, "d4": -2.952490218492384, "p1": 29.622261131380878, "p2": 10.816861957759427, "p3": 31.61138919072225, "p4": 19.58719045487153, "pol1": 0.8665856237486944, "pol2": -0.2575481065395011, "pol3": -0.39370818727468615, "pol4": 0.30922554952260484, "v0s": 3.438477377478478}, "datetime": {"datetime": "2022-06-16 17:15:38", "elapsed": 313985.57522, "delta": 24.06767}}
{"target": -1.0, "params": {"Bgrad": 0.5878744934838198, "d1": -1.5533342929746978, "d2": -2.562337427645037, "d3": -1.872536260140909, "d4": -0.8389088872653883, "p1": 8.32730517578698, "p2": 21.52906346288589, "p3": 23.34066288134902, "p4": 19.336966868929036, "pol1": 0.3221558005155867, "pol2": -0.14713761836501327, "pol3": -0.7473658628287971, "pol4": -0.6068852461674497, "v0s": 3.804209106676486}, "datetime": {"datetime": "2022-06-16 17:15:50", "elapsed": 313997.097423, "delta": 11.522203}}
{"target": -1.0, "params": {"Bgrad": 0.8087644909672411, "d1": -1.276900842432675, "d2": 0.4486695294889387, "d3": 0.44056335574303374, "d4": -2.6630666832157157, "p1": 27.88298635726052, "p2": 21.91602847899789, "p3": 3.7561933259094404, "p4": 42.82481782710604, "pol1": 0.7352419116387761, "pol2": 0.2946353965857358, "pol3": -0.21650309207436202, "pol4": -0.11931212209579911, "v0s": 5.972249454346865}, "datetime": {"datetime": "2022-06-16 17:16:07", "elapsed": 314014.558752, "delta": 17.461329}}
{"target": -1.0, "params": {"Bgrad": 0.7016315679523784, "d1": -2.764707214020115, "d2": -1.033329179214368, "d3": -0.11811898066296145, "d4": 0.35125361053972926, "p1": 17.61784998444396, "p2": 9.173931503001198, "p3": 35.56591126601625, "p4": 33.86441167299073, "pol1": 0.7283556484435314, "pol2": 0.6714774964577725, "pol3": -0.3519820106946585, "pol4": 0.6567518482274011, "v0s": 3.467035058672609}, "datetime": {"datetime": "2022-06-16 17:16:22", "elapsed": 314029.829936, "delta": 15.271184}}
{"target": -1.0, "params": {"Bgrad": 0.8856181364958258, "d1": -0.9224456813327793, "d2": -2.997290254866205, "d3": -1.7743285994499405, "d4": -2.9931866465693537, "p1": 23.766860361869856, "p2": 25.48097969077129, "p3": 34.54736912406927, "p4": 15.607996397024749, "pol1": 0.803849847604811, "pol2": -0.7025185241534111, "pol3": 0.08975598742434143, "pol4": -0.8562299539516627, "v0s": 7.012194032356624}, "datetime": {"datetime": "2022-06-16 17:16:38", "elapsed": 314045.661619, "delta": 15.831683}}
{"target": 2.8621171199045943, "params": {"Bgrad": 0.6488582779684023, "d1": -0.5819183542932103, "d2": -2.347441202270709, "d3": -1.7222577476351941, "d4": 0.33716425658342297, "p1": 42.66498393732972, "p2": 4.991788056429297, "p3": 43.60495436639049, "p4": 32.50885631767366, "pol1": -0.2947234316981213, "pol2": 0.33025710401536057, "pol3": -0.8206351277554678, "pol4": -0.8930124935520567, "v0s": 2.8621171199045943}, "datetime": {"datetime": "2022-06-16 17:16:47", "elapsed": 314054.777255, "delta": 9.115636}}
{"target": -1.0, "params": {"Bgrad": 1.4300773946914462, "d1": -0.36804330444153566, "d2": -1.9104842617530151, "d3": 0.014793727322460537, "d4": -2.84610935168576, "p1": 12.837133774124043, "p2": 19.524974409147976, "p3": 9.82895700374598, "p4": 20.39146497597667, "pol1": 0.4531422232177098, "pol2": 0.19767957384301194, "pol3": -0.6660022631344427, "pol4": 0.7429957121991355, "v0s": 7.4155952775933525}, "datetime": {"datetime": "2022-06-16 17:17:08", "elapsed": 314075.162768, "delta": 20.385513}}
{"target": -1.0, "params": {"Bgrad": 0.5510664056783688, "d1": -0.5827307071477912, "d2": 0.8324765813916799, "d3": -0.8585032736917988, "d4": 0.6345687317318891, "p1": 25.543471397779694, "p2": 23.498921529022315, "p3": 30.880631348593262, "p4": 35.437897138677386, "pol1": 0.9138101800284608, "pol2": -0.4128713213587327, "pol3": -0.5345222705290853, "pol4": 0.2563251438056291, "v0s": 6.487044289495539}, "datetime": {"datetime": "2022-06-16 17:17:24", "elapsed": 314091.85615, "delta": 16.693382}}
{"target": -1.0, "params": {"Bgrad": 1.3959001953666432, "d1": -0.7219360651745594, "d2": -0.11043927913872986, "d3": -1.2664203570116892, "d4": -1.9545432030979577, "p1": 1.4776030014653718, "p2": 21.774722440345744, "p3": 11.823324887962826, "p4": 17.806050998803986, "pol1": -0.2836815368469372, "pol2": -0.4212823999398665, "pol3": 0.3918923804904828, "pol4": 0.32639979358158944, "v0s": 4.628384194317501}, "datetime": {"datetime": "2022-06-16 17:17:46", "elapsed": 314113.53321, "delta": 21.67706}}
{"target": -1.0, "params": {"Bgrad": 1.0040704970988568, "d1": -0.6918797951073965, "d2": -1.9657587522287514, "d3": -1.3676854982843185, "d4": -1.5387666263932744, "p1": 16.722588481465422, "p2": 4.316046222819886, "p3": 4.465950332424612, "p4": 21.993682851100015, "pol1": -0.11057630703683885, "pol2": -0.8918128397926943, "pol3": -0.1696662140311791, "pol4": 0.0646010191270443, "v0s": 3.2484994623103263}, "datetime": {"datetime": "2022-06-16 17:18:07", "elapsed": 314134.354559, "delta": 20.821349}}
{"target": -1.0, "params": {"Bgrad": 1.0279525779965593, "d1": -0.1679368029949324, "d2": -0.980055134323393, "d3": -1.399582575524382, "d4": 0.43854326513382613, "p1": 4.4058124063170725, "p2": 12.90259540343765, "p3": 1.0905491808076262, "p4": 6.980085361782224, "pol1": -0.37429933950747807, "pol2": -0.9595987875354692, "pol3": 0.38701643278693343, "pol4": 0.8306641513726687, "v0s": 5.4236132667694275}, "datetime": {"datetime": "2022-06-16 17:18:35", "elapsed": 314162.712761, "delta": 28.358202}}
{"target": -1.0, "params": {"Bgrad": 1.4692850243557647, "d1": 0.2323656915723502, "d2": -0.14720326729099398, "d3": -2.4962813808582895, "d4": -2.51933020426987, "p1": 2.5099242543392073, "p2": 42.46883173656965, "p3": 43.31722268806637, "p4": 44.9184553660491, "pol1": 0.22176114360229549, "pol2": -0.6540249320833258, "pol3": 0.039752923555248065, "pol4": 0.9851471798032474, "v0s": 5.123884876297748}, "datetime": {"datetime": "2022-06-16 17:18:58", "elapsed": 314185.632501, "delta": 22.91974}}
{"target": -1.0, "params": {"Bgrad": 1.8083720604416118, "d1": 0.32008872456201365, "d2": 0.47854681742971295, "d3": 0.6350228558246966, "d4": -1.39199295400514, "p1": 31.05941744323314, "p2": 42.338844635784405, "p3": 21.840911813712232, "p4": 20.15745020664228, "pol1": -0.401039293445955, "pol2": 0.005022188997431121, "pol3": 0.9808108716360788, "pol4": 0.011019785741344545, "v0s": 3.247285443517824}, "datetime": {"datetime": "2022-06-16 17:19:23", "elapsed": 314210.116061, "delta": 24.48356}}
{"target": -1.0, "params": {"Bgrad": 1.9806069527197474, "d1": -2.3734260391718647, "d2": -0.5186151905300229, "d3": 0.9078373492990428, "d4": -1.1039204921404062, "p1": 32.268259395284865, "p2": 38.47630446244948, "p3": 7.598792431183298, "p4": 2.3632899354577965, "pol1": 0.26524114002356325, "pol2": 0.08855750324623513, "pol3": -0.6957161544162958, "pol4": -0.25575934226221464, "v0s": 5.944143410751739}, "datetime": {"datetime": "2022-06-16 17:19:43", "elapsed": 314230.520056, "delta": 20.403995}}
{"target": -1.0, "params": {"Bgrad": 0.5728086361172003, "d1": -1.2989095129232915, "d2": -2.1123107377084405, "d3": -2.664118348192873, "d4": -1.1876574139636387, "p1": 10.011270835494102, "p2": 7.578388705698746, "p3": 38.67037524195289, "p4": 40.3388234443321, "pol1": 0.17769575520045966, "pol2": 0.50334402846023, "pol3": 0.6957415519116146, "pol4": 0.5576885941291734, "v0s": 3.822056900304923}, "datetime": {"datetime": "2022-06-16 17:19:55", "elapsed": 314242.623705, "delta": 12.103649}}
{"target": -1.0, "params": {"Bgrad": 1.0963076222953574, "d1": -1.223913875817046, "d2": 0.05070749917399642, "d3": -2.3850843599320206, "d4": 0.9935971218004185, "p1": 28.223341660204166, "p2": 34.32507593860741, "p3": 3.13191595717674, "p4": 34.018519870372636, "pol1": 0.9932157747257577, "pol2": -0.058628322712761305, "pol3": 0.7396292882854876, "pol4": 0.2231542731097751, "v0s": 2.307944077994712}, "datetime": {"datetime": "2022-06-16 17:20:16", "elapsed": 314263.6894, "delta": 21.065695}}
{"target": -1.0, "params": {"Bgrad": 1.329311048090053, "d1": -2.45879561419866, "d2": 0.08765843818604901, "d3": 0.6434928766244181, "d4": -2.5409558714107976, "p1": 29.82290284319386, "p2": 14.652792737288834, "p3": 26.605400706911546, "p4": 30.57440303027818, "pol1": -0.4955463500783779, "pol2": -0.4297525057500411, "pol3": 0.4745268470187771, "pol4": 0.6067082329247198, "v0s": 6.954378442657423}, "datetime": {"datetime": "2022-06-16 17:20:36", "elapsed": 314283.634092, "delta": 19.944692}}
