{"target": -1.0, "params": {"Bgrad": 0.8421767711918302, "d1": -2.534924598629538, "d2": -0.4086078693023327, "d3": -1.2220585778011137, "d4": -1.2482830825581512, "p1": 27.480862298421265, "p2": 13.91260001317644, "p3": 36.0398758245042, "p4": 25.39076152818538, "pol1": -0.07078646417263257, "pol2": 0.9668134942697915, "pol3": 0.24632507875029175, "pol4": 0.6460224068450053, "v0s": 7.444627639562016}, "datetime": {"datetime": "2022-05-17 02:35:42", "elapsed": 24757.760893, "delta": 19.593598}}
{"target": 4.0615496391285895, "params": {"Bgrad": 1.8219573186661662, "d1": -2.016723618179575, "d2": -0.14846846880097875, "d3": -2.634953070368899, "d4": -1.7397289291433453, "p1": 9.997212848189202, "p2": 35.96270554513932, "p3": 36.69872760009115, "p4": 36.40315230357129, "pol1": 0.8510673295414444, "pol2": -0.8250719004203595, "pol3": -0.3133015400125101, "pol4": -0.05611261234259146, "v0s": 4.0615496391285895}, "datetime": {"datetime": "2022-05-17 02:35:59", "elapsed": 24775.219195, "delta": 17.458302}}
{"target": -1.0, "params": {"Bgrad": 1.3920796946827918, "d1": -2.2374733556070763, "d2": 0.20991852827300095, "d3": -0.10301144119580696, "d4": -2.02221995002663, "p1": 7.398822510349751, "p2": 25.891285855892804, "p3": 42.46210354570796, "p4": 23.239448660566037, "pol1": -0.39408285800698684, "pol2": -0.9697150313117249, "pol3": -0.22195099971937915, "pol4": 0.34445355486445695, "v0s": 2.5949933384967188}, "datetime": {"datetime": "2022-05-17 02:36:22", "elapsed": 24797.496611, "delta": 22.277416}}
{"target": 4.312163297819766, "params": {"Bgrad": 0.7299327429925546, "d1": -0.5735416533086091, "d2": 0.7793687383326815, "d3": -1.9168848004645933, "d4": -1.0561322947467966, "p1": 5.003231897384486, "p2": 36.868484542131554, "p3": 30.548767124013043, "p4": 37.6617443870421, "pol1": -0.7382833633975583, "pol2": -0.8613083932403462, "pol3": -0.40499274443315825, "pol4": 0.19092158612551002, "v0s": 4.312163297819766}, "datetime": {"datetime": "2022-05-17 02:36:35", "elapsed": 24810.401098, "delta": 12.904487}}
{"target": -1.0, "params": {"Bgrad": 0.917057273786685, "d1": -1.987276202993404, "d2": -0.5861358890651034, "d3": -2.7377425103920308, "d4": -0.5198380385971837, "p1": 30.823960523631673, "p2": 9.45299422655303, "p3": 12.56336028887558, "p4": 27.58790570307555, "pol1": 0.4928275444385595, "pol2": 0.6801308095726732, "pol3": -0.7148306754093496, "pol4": 0.7481018823328054, "v0s": 6.872571572540959}, "datetime": {"datetime": "2022-05-17 02:36:59", "elapsed": 24834.677168, "delta": 24.27607}}
{"target": 4.577555343521299, "params": {"Bgrad": 1.123985250364454, "d1": -1.1110583753705918, "d2": 0.749490101243055, "d3": -1.901438756822142, "d4": -1.885311598675488, "p1": 5.039293159956837, "p2": 35.67402636473986, "p3": 27.149892264541748, "p4": 38.38276818747225, "pol1": -0.29299775577385256, "pol2": -0.6103679747504127, "pol3": 0.35546801903558944, "pol4": 0.8703954378675169, "v0s": 4.577555343521299}, "datetime": {"datetime": "2022-05-17 02:37:24", "elapsed": 24860.136075, "delta": 25.458907}}
{"target": 4.517472408325751, "params": {"Bgrad": 0.8522116097859586, "d1": -2.5163681876873256, "d2": -0.16396397253415299, "d3": -1.4808299905933233, "d4": -0.859813245252398, "p1": 26.308829866979423, "p2": 10.297232318600972, "p3": 36.793758944838295, "p4": 23.84562212661172, "pol1": -0.8222584659261077, "pol2": 1.0, "pol3": 1.0, "pol4": 1.0, "v0s": 4.517472408325751}, "datetime": {"datetime": "2022-05-17 02:37:46", "elapsed": 24881.816089, "delta": 21.680014}}
{"target": -1.0, "params": {"Bgrad": 0.6063131738348508, "d1": -0.9773449794240019, "d2": -0.5793617291518287, "d3": -2.587094059630384, "d4": -1.8162999526153998, "p1": 2.824989316606885, "p2": 30.676294503676278, "p3": 19.77636914158818, "p4": 10.348442286930586, "pol1": -0.36208104754520365, "pol2": -0.46051609551031714, "pol3": -0.7068825888743178, "pol4": 0.005543336221319084, "v0s": 2.276345419067167}, "datetime": {"datetime": "2022-05-17 02:38:08", "elapsed": 24903.258738, "delta": 21.442649}}
{"target": -1.0, "params": {"Bgrad": 1.0440150402073538, "d1": -0.14069819612792367, "d2": 0.2747417180957088, "d3": -2.247213032529521, "d4": -1.7689525357330242, "p1": 3.7619839554050127, "p2": 29.421373624340262, "p3": 31.452902200947275, "p4": 37.234925908886005, "pol1": 0.6524451777132947, "pol2": -0.8425133177760087, "pol3": -0.38379932425484564, "pol4": -0.9411208487780602, "v0s": 5.2614754911454975}, "datetime": {"datetime": "2022-05-17 02:38:31", "elapsed": 24926.848644, "delta": 23.589906}}
{"target": -1.0, "params": {"Bgrad": 0.509717683940334, "d1": -2.426377523401047, "d2": 0.8556994303739889, "d3": -0.0489228723752948, "d4": -2.5184809989590886, "p1": 44.18517935239881, "p2": 17.928769347782747, "p3": 28.946434503820186, "p4": 12.66619582169679, "pol1": -0.6526497742766835, "pol2": -0.5657522228538416, "pol3": -0.36145859121490553, "pol4": 0.07549065512087516, "v0s": 2.3542263563080423}, "datetime": {"datetime": "2022-05-17 02:38:52", "elapsed": 24947.299944, "delta": 20.4513}}
{"target": 4.583135586357686, "params": {"Bgrad": 1.2274905877121933, "d1": -2.120047336624875, "d2": 0.5580634724255774, "d3": -2.5778711620852324, "d4": -2.4432432213620077, "p1": 5.088508120045339, "p2": 37.60999244033908, "p3": 33.0582108017372, "p4": 40.72172874385891, "pol1": -0.5384791933940999, "pol2": -0.021031766859374, "pol3": 0.06043628823797754, "pol4": -0.43900973610488875, "v0s": 4.583135586357686}, "datetime": {"datetime": "2022-05-17 02:39:07", "elapsed": 24962.556139, "delta": 15.256195}}
{"target": -1.0, "params": {"Bgrad": 0.9581434348701836, "d1": -1.219744190212403, "d2": -0.8600149384208149, "d3": -2.233913551744771, "d4": -1.0599092445045395, "p1": 31.33406496032273, "p2": 8.47137651813949, "p3": 14.480032826327127, "p4": 27.688922654093812, "pol1": -0.6916608932308632, "pol2": 0.27984623082117, "pol3": 0.0029629976433143135, "pol4": -0.3336077831683908, "v0s": 3.739909409768054}, "datetime": {"datetime": "2022-05-17 02:39:27", "elapsed": 24982.908704, "delta": 20.352565}}
{"target": 4.780987746396284, "params": {"Bgrad": 1.7717632995317505, "d1": -2.4219170845824713, "d2": 0.4282590033795593, "d3": -1.9055775991811768, "d4": -2.747750113714259, "p1": 3.5698333614061073, "p2": 32.1626139484471, "p3": 31.506488003396093, "p4": 38.438154090314505, "pol1": -1.0, "pol2": -0.183756290372664, "pol3": 0.3806258392415727, "pol4": -1.0, "v0s": 4.780987746396284}, "datetime": {"datetime": "2022-05-17 02:39:44", "elapsed": 24999.656908, "delta": 16.748204}}
{"target": 4.403707376130409, "params": {"Bgrad": 0.6039446440753864, "d1": -2.327945119798864, "d2": 0.14109284898288266, "d3": -2.1954466783443274, "d4": -1.8809164447223035, "p1": 2.827899255616706, "p2": 29.5706210709203, "p3": 18.905787245211087, "p4": 7.925675068848548, "pol1": 0.11314660309410796, "pol2": -0.807097598228484, "pol3": 0.31022320597279096, "pol4": 0.8302957722394126, "v0s": 4.403707376130409}, "datetime": {"datetime": "2022-05-17 02:40:03", "elapsed": 25018.598248, "delta": 18.94134}}
{"target": -1.0, "params": {"Bgrad": 1.7203878112046271, "d1": -1.364833595252478, "d2": 0.21129538701130685, "d3": -2.5610874918578874, "d4": 0.5675636843553638, "p1": 4.023549399857425, "p2": 31.087977937697875, "p3": 15.191650777433832, "p4": 11.325145616525495, "pol1": -0.6010205028950535, "pol2": -0.8909203334266329, "pol3": 0.24615183436758664, "pol4": 1.0, "v0s": 5.395668410981458}, "datetime": {"datetime": "2022-05-17 02:40:39", "elapsed": 25055.110591, "delta": 36.512343}}
{"target": 5.440958671434574, "params": {"Bgrad": 1.7364808442956652, "d1": -1.8193175608561751, "d2": 0.19397555764903318, "d3": -0.6016095158574455, "d4": -2.3612865212760963, "p1": 34.07763450556711, "p2": 9.77599774744386, "p3": 41.005190015815096, "p4": 34.81437093981115, "pol1": 0.046137720052380704, "pol2": -0.29415154498513285, "pol3": -0.9994113703777414, "pol4": 0.8346252380172909, "v0s": 5.440958671434574}, "datetime": {"datetime": "2022-05-17 02:40:56", "elapsed": 25072.090177, "delta": 16.979586}}
{"target": -1.0, "params": {"Bgrad": 1.3873839551406126, "d1": -2.5081656206070537, "d2": -0.831801766778578, "d3": 0.8801218337378898, "d4": -2.1907762562186606, "p1": 4.9480882918431615, "p2": 34.977777497976945, "p3": 46.56741252125592, "p4": 31.614604025566955, "pol1": 0.6759278964535431, "pol2": -0.8598825693939669, "pol3": 0.8159780281566167, "pol4": -0.7664435404151535, "v0s": 6.745762693094097}, "datetime": {"datetime": "2022-05-17 02:41:26", "elapsed": 25101.858558, "delta": 29.768381}}
{"target": 3.8144297369109372, "params": {"Bgrad": 1.7507761808307811, "d1": -2.0179551141831547, "d2": -0.9605964611381319, "d3": 0.09277163470963368, "d4": -2.5267887234983104, "p1": 2.1783537706154377, "p2": 31.541153807658507, "p3": 31.61544423439624, "p4": 37.23083605916616, "pol1": 0.08108066111385392, "pol2": -0.5049439467057426, "pol3": -0.6826390013794883, "pol4": 0.722364246213222, "v0s": 3.8144297369109372}, "datetime": {"datetime": "2022-05-17 02:41:44", "elapsed": 25120.029956, "delta": 18.171398}}
{"target": -1.0, "params": {"Bgrad": 1.0670346870156995, "d1": -1.3999867317624801, "d2": -1.1984520468297157, "d3": -1.6900628139353215, "d4": -1.6194817655712352, "p1": 34.71212043105336, "p2": 7.126800040781905, "p3": 41.18821326768941, "p4": 35.8972233521618, "pol1": 0.13459456983995288, "pol2": -0.8204209892435264, "pol3": -0.1790617448202192, "pol4": 0.3801573592108203, "v0s": 5.511315234853809}, "datetime": {"datetime": "2022-05-17 02:42:07", "elapsed": 25143.148124, "delta": 23.118168}}
{"target": -1.0, "params": {"Bgrad": 1.6074873682054067, "d1": -1.7452378405916393, "d2": 0.9590451675939193, "d3": -2.9599725452827155, "d4": -1.2747926452984482, "p1": 35.15998596165297, "p2": 3.9415893233957, "p3": 36.71900581295595, "p4": 27.912286924341462, "pol1": -0.8622823115251994, "pol2": -0.5606154795876321, "pol3": -0.29891121526212894, "pol4": 0.45191860710977894, "v0s": 7.018484005860262}, "datetime": {"datetime": "2022-05-17 02:42:33", "elapsed": 25168.989009, "delta": 25.840885}}
{"target": -1.0, "params": {"Bgrad": 0.9908126041354164, "d1": -2.6850570823897777, "d2": 0.6093961117803396, "d3": -2.3018971224700695, "d4": -1.834215936051931, "p1": 1.8022708908980807, "p2": 30.188860195824727, "p3": 18.115219856655305, "p4": 10.586507021846199, "pol1": -1.0, "pol2": -0.41602661816711667, "pol3": 0.1238863741334517, "pol4": 0.19274314271737084, "v0s": 4.895159277070325}, "datetime": {"datetime": "2022-05-17 02:42:57", "elapsed": 25192.441283, "delta": 23.452274}}
{"target": -1.0, "params": {"Bgrad": 0.5, "d1": -1.4057910130166948, "d2": -0.4558248461431289, "d3": -1.489527939687541, "d4": -0.9309383060863499, "p1": 38.44484158054512, "p2": 13.010064682175578, "p3": 10.855792414942393, "p4": 27.817580551662964, "pol1": 0.550262120363692, "pol2": -0.3274173461856864, "pol3": -0.8321907611646117, "pol4": -1.0, "v0s": 3.8669288476813697}, "datetime": {"datetime": "2022-05-17 02:43:15", "elapsed": 25211.148248, "delta": 18.706965}}
{"target": 4.361563869930208, "params": {"Bgrad": 1.4825542996786458, "d1": -3.0, "d2": -0.13089452748174535, "d3": -1.6140181600802823, "d4": -1.6792039846501063, "p1": 32.976619453072054, "p2": 5.903262252989408, "p3": 36.47801401401994, "p4": 31.389951420264598, "pol1": 0.23826751732216278, "pol2": 0.11090757596837475, "pol3": -0.23710642738044857, "pol4": -0.820169037055223, "v0s": 4.361563869930208}, "datetime": {"datetime": "2022-05-17 02:43:34", "elapsed": 25229.328623, "delta": 18.180375}}
{"target": 4.709760639941026, "params": {"Bgrad": 1.744444213622008, "d1": -2.5332161421649553, "d2": 0.3038851580872988, "d3": -1.364727308747479, "d4": -2.2706413609871716, "p1": 8.61202835741247, "p2": 24.40437092705405, "p3": 45.149191845734265, "p4": 22.649168700094865, "pol1": 1.0, "pol2": -0.22395157868987395, "pol3": -0.6422913845987543, "pol4": -0.7391608717506248, "v0s": 4.709760639941026}, "datetime": {"datetime": "2022-05-17 02:43:51", "elapsed": 25246.711131, "delta": 17.382508}}
{"target": 3.230485486909694, "params": {"Bgrad": 1.2649819179778257, "d1": -2.9823967675138903, "d2": -0.3099045615276572, "d3": -0.31219592591837086, "d4": -1.0084503657026778, "p1": 31.037158849219644, "p2": 8.624235506605704, "p3": 5.952670965499901, "p4": 21.212364353138785, "pol1": 0.4508589184829639, "pol2": 0.2554711626551549, "pol3": 0.456638454169781, "pol4": -0.43982198078823154, "v0s": 3.230485486909694}, "datetime": {"datetime": "2022-05-17 02:44:04", "elapsed": 25260.137221, "delta": 13.42609}}
{"target": -1.0, "params": {"Bgrad": 1.7597825330932277, "d1": -2.6232921275454046, "d2": -0.7378455353356976, "d3": 0.16997030052775752, "d4": -1.2118309071801936, "p1": 6.634604586643461, "p2": 24.622336731236043, "p3": 46.29991461702487, "p4": 21.5451857997433, "pol1": -0.38538990404094564, "pol2": 0.022277372092686765, "pol3": -0.7309444715558904, "pol4": -0.3454138918261862, "v0s": 5.146314702027279}, "datetime": {"datetime": "2022-05-17 02:44:26", "elapsed": 25282.077539, "delta": 21.940318}}
{"target": 4.716012133804436, "params": {"Bgrad": 0.6655830786046835, "d1": -1.6419961988520795, "d2": 0.4108910102298129, "d3": -0.19440871234923351, "d4": -0.990034325850031, "p1": 0.3699102624607764, "p2": 35.13861314121673, "p3": 30.136823490487657, "p4": 36.79206726768403, "pol1": -0.7220292834417836, "pol2": 0.9136620497523065, "pol3": 0.6826485003402847, "pol4": 0.8475310045964073, "v0s": 4.716012133804436}, "datetime": {"datetime": "2022-05-17 02:44:43", "elapsed": 25298.292171, "delta": 16.214632}}
{"target": -1.0, "params": {"Bgrad": 1.6314716018615154, "d1": -1.9383460883434087, "d2": 0.4859989565350924, "d3": -1.1119716393790071, "d4": 0.06767614312926984, "p1": 27.227970148529707, "p2": 10.376778448661177, "p3": 13.164864393472813, "p4": 27.57339434964382, "pol1": 0.1666693997163784, "pol2": -0.3660346273751143, "pol3": 0.5981722128249294, "pol4": -0.7395910784599831, "v0s": 6.78186453334228}, "datetime": {"datetime": "2022-05-17 02:45:04", "elapsed": 25320.180628, "delta": 21.888457}}
{"target": 3.6457406326423554, "params": {"Bgrad": 1.2499130573467057, "d1": -0.8606060626032086, "d2": 0.6078298286368953, "d3": -1.2410713937453113, "d4": -1.2295565217546676, "p1": 33.19271253021917, "p2": 8.8396716437463, "p3": 42.28755743700719, "p4": 36.73077677108782, "pol1": -0.4070536826635829, "pol2": -0.3831380411759273, "pol3": -0.45503267610018616, "pol4": -0.6016168237059818, "v0s": 3.6457406326423554}, "datetime": {"datetime": "2022-05-17 02:45:35", "elapsed": 25350.663099, "delta": 30.482471}}
{"target": 4.307051946641796, "params": {"Bgrad": 1.5126195595361462, "d1": -1.8577126103437527, "d2": 0.9203615101698017, "d3": -0.9977712104661647, "d4": -1.0555803158319557, "p1": 6.664750991532192, "p2": 36.59212369308159, "p3": 44.77445966153611, "p4": 30.750715372373904, "pol1": 0.04665319666047485, "pol2": 0.8252036074850326, "pol3": 0.4046807475668852, "pol4": 0.2457701833226027, "v0s": 4.307051946641796}, "datetime": {"datetime": "2022-05-17 02:45:52", "elapsed": 25367.276664, "delta": 16.613565}}
{"target": 4.6044449023628315, "params": {"Bgrad": 0.9821340280445218, "d1": -2.346094715879275, "d2": 0.8801827663419438, "d3": -2.0573822979345513, "d4": -1.1762378273675476, "p1": 27.884447166011412, "p2": 10.574159238385166, "p3": 10.040189008411048, "p4": 24.89918732587024, "pol1": -0.14390064914815073, "pol2": 0.0431048091257637, "pol3": 0.5871119859867274, "pol4": 0.5478308656105751, "v0s": 4.6044449023628315}, "datetime": {"datetime": "2022-05-17 02:46:15", "elapsed": 25390.868565, "delta": 23.591901}}
{"target": 4.971438176234616, "params": {"Bgrad": 0.9070961064002081, "d1": -2.9955563352717807, "d2": -0.5696102588185386, "d3": -0.951873811052959, "d4": 0.18067791271038258, "p1": 33.35673667727225, "p2": 6.4234968544929885, "p3": 35.86315675855123, "p4": 27.668734201149753, "pol1": 0.9645662727778439, "pol2": -0.6186805590414994, "pol3": -0.48028640961934954, "pol4": 0.7187455263994076, "v0s": 4.971438176234616}, "datetime": {"datetime": "2022-05-17 02:46:35", "elapsed": 25410.710494, "delta": 19.841929}}
{"target": 4.224772937355976, "params": {"Bgrad": 1.1869154674328668, "d1": -2.9204313843954486, "d2": -0.29777111079090807, "d3": -1.4065566293598262, "d4": -0.20017837467584754, "p1": 26.67058872368267, "p2": 10.420421735085874, "p3": 10.112646552106296, "p4": 24.704536196278422, "pol1": -0.3289680063086302, "pol2": 0.02511726332617656, "pol3": 0.0678718816114827, "pol4": 0.35122212297345207, "v0s": 4.224772937355976}, "datetime": {"datetime": "2022-05-17 02:46:51", "elapsed": 25427.195403, "delta": 16.484909}}
{"target": 2.0442389789506787, "params": {"Bgrad": 0.6475394108362267, "d1": -0.7615757935921761, "d2": 0.2225270212690118, "d3": -1.8953763036439937, "d4": -2.168928394146498, "p1": 2.684079113758997, "p2": 38.15616501336424, "p3": 28.540482234590463, "p4": 34.84012826653057, "pol1": 0.575073847733975, "pol2": -0.4384603524651216, "pol3": -0.4447490360137427, "pol4": -0.9257272347581429, "v0s": 2.0442389789506787}, "datetime": {"datetime": "2022-05-17 02:47:10", "elapsed": 25445.837543, "delta": 18.64214}}
{"target": 4.946913352818733, "params": {"Bgrad": 1.3884945886847742, "d1": -2.062124491834764, "d2": 0.5098030151370666, "d3": -1.1659281843017089, "d4": -1.9408883126192955, "p1": 32.97569897874305, "p2": 9.630700843020685, "p3": 40.53825965665103, "p4": 35.31132435149437, "pol1": -0.08253799368909802, "pol2": -0.3206164313939297, "pol3": -0.1777411382686295, "pol4": 0.0720135317750926, "v0s": 4.946913352818733}, "datetime": {"datetime": "2022-05-17 02:47:30", "elapsed": 25466.203072, "delta": 20.365529}}
{"target": -1.0, "params": {"Bgrad": 1.4129842195019358, "d1": -1.943389627774872, "d2": -0.28421232278737385, "d3": 0.7202583885412137, "d4": -2.7474180843677085, "p1": 5.083432525921882, "p2": 38.695531818703905, "p3": 44.66182405640829, "p4": 31.778215146174972, "pol1": 0.8126033582519876, "pol2": 0.6863900179127116, "pol3": -0.3625801202492578, "pol4": 0.9013859531152233, "v0s": 5.208188428800762}, "datetime": {"datetime": "2022-05-17 02:47:59", "elapsed": 25494.843471, "delta": 28.640399}}
{"target": 4.5048529533945825, "params": {"Bgrad": 2.0, "d1": -2.6460562164301873, "d2": 0.400039455367145, "d3": -0.2884344092252748, "d4": -0.5102866254824409, "p1": 36.443116416450486, "p2": 8.477726338297712, "p3": 9.030206009884875, "p4": 30.71909522508046, "pol1": 0.9020011744973401, "pol2": 0.27092901757800636, "pol3": -0.00293672684364451, "pol4": 0.9551077673656628, "v0s": 4.5048529533945825}, "datetime": {"datetime": "2022-05-17 02:48:15", "elapsed": 25510.559439, "delta": 15.715968}}
{"target": 4.618805807677164, "params": {"Bgrad": 1.0307895283858826, "d1": -1.8233848060538578, "d2": 0.5329125990421544, "d3": -1.1495500850106932, "d4": -1.2358862096229717, "p1": 0.45241036090484726, "p2": 30.679266035899314, "p3": 17.923524706362624, "p4": 12.590912242120705, "pol1": -1.0, "pol2": 1.0, "pol3": -0.694148436646789, "pol4": 1.0, "v0s": 4.618805807677164}, "datetime": {"datetime": "2022-05-17 02:48:30", "elapsed": 25526.109845, "delta": 15.550406}}
{"target": 4.0081093180108684, "params": {"Bgrad": 0.6652802741102708, "d1": -0.8901694068083201, "d2": 0.6979334874383172, "d3": -2.1470473978260896, "d4": -0.8308811706362338, "p1": 30.498165676958124, "p2": 10.583782679210152, "p3": 43.60833485119033, "p4": 37.15990189560707, "pol1": -0.5126407700387616, "pol2": 0.5823425657234453, "pol3": 0.28469626242999, "pol4": -0.5701385429303623, "v0s": 4.0081093180108684}, "datetime": {"datetime": "2022-05-17 02:48:43", "elapsed": 25539.179887, "delta": 13.070042}}
{"target": 3.850572446980393, "params": {"Bgrad": 1.0094754391959602, "d1": -2.841069627636826, "d2": 0.23156899461490843, "d3": -2.267089962573458, "d4": -2.793011075346195, "p1": 29.90956406149683, "p2": 8.529777649654191, "p3": 16.68982010117304, "p4": 25.36114959002496, "pol1": 0.486920309793232, "pol2": -0.038911947686030235, "pol3": 0.42236205828398465, "pol4": 0.1359358527647574, "v0s": 3.850572446980393}, "datetime": {"datetime": "2022-05-17 02:49:01", "elapsed": 25556.230283, "delta": 17.050396}}
{"target": 4.249953881030845, "params": {"Bgrad": 0.8307623335751984, "d1": -2.1533202941625804, "d2": 0.5113797613867641, "d3": -2.8960113702206005, "d4": -1.6412165789655186, "p1": 5.977417312509275, "p2": 36.854968130374225, "p3": 32.55772260809252, "p4": 44.50174814788082, "pol1": -0.19889163775351704, "pol2": -0.49536766129306953, "pol3": 0.6555322308205682, "pol4": 0.824695145390532, "v0s": 4.249953881030845}, "datetime": {"datetime": "2022-05-17 02:49:20", "elapsed": 25575.416966, "delta": 19.186683}}
{"target": -1.0, "params": {"Bgrad": 1.874279565767281, "d1": -1.393132437981682, "d2": 0.5604433580780261, "d3": -1.1764549412477634, "d4": -2.2471724864558813, "p1": 4.452043817569573, "p2": 32.00947479923207, "p3": 31.12753188078679, "p4": 38.11627633328358, "pol1": -0.5301334169138583, "pol2": 0.6893537440316346, "pol3": 0.7278518430533436, "pol4": -0.5874761512849416, "v0s": 2.8176847280248047}, "datetime": {"datetime": "2022-05-17 02:49:38", "elapsed": 25594.028188, "delta": 18.611222}}
{"target": 4.9039149597237595, "params": {"Bgrad": 1.443372339329062, "d1": -3.0, "d2": -3.0, "d3": -2.3817308296757407, "d4": -3.0, "p1": 4.523216746473966, "p2": 10.49699293031951, "p3": 36.27947476076427, "p4": 29.348873476440176, "pol1": -1.0, "pol2": -1.0, "pol3": 0.8366337353698063, "pol4": -1.0, "v0s": 4.9039149597237595}, "datetime": {"datetime": "2022-05-17 02:49:57", "elapsed": 25612.505767, "delta": 18.477579}}
