{"target": -1.0, "params": {"I": 15.193091751568957, "d1": -1.638482836938131, "d2": 0.1812046696225713, "d3": -1.0483962432815188, "d4": -0.8973222225960824, "p1": 1.4245424745783608, "p2": 32.21160099395159, "p3": 17.53282512160837, "p4": 11.460251364603286, "pol1": -0.13223324757659882, "pol2": -0.23506508545816485, "pol3": -0.06042191982727951, "pol4": 0.9589667083596127, "v0s": 4.186268422209382}, "datetime": {"datetime": "2022-02-05 01:03:21", "elapsed": 108399.773355, "delta": 319.94675}}
{"target": -1.0, "params": {"I": 15.71379253338475, "d1": -0.78892961380043, "d2": 0.5565243564299314, "d3": -1.580188595401712, "d4": -2.01792527925397, "p1": 45.55096198284841, "p2": 2.1767131878882684, "p3": 47.53767140305011, "p4": 27.820345783546262, "pol1": -0.247273566625825, "pol2": 0.9901046446782222, "pol3": -0.8832747077047367, "pol4": 0.03341271953522429, "v0s": 2.186582452733287}, "datetime": {"datetime": "2022-02-05 01:12:23", "elapsed": 108942.138393, "delta": 542.365038}}
{"target": -1.0, "params": {"I": 11.852339044538436, "d1": -2.2781259640195377, "d2": -0.47616319864187817, "d3": 0.9236947030023259, "d4": 0.4996102048495237, "p1": 22.591812471043532, "p2": 35.42304350258586, "p3": 38.87343750015946, "p4": 24.74215420912818, "pol1": 0.05706698035513025, "pol2": -0.6984312032556148, "pol3": -0.26120014877618747, "pol4": -0.7155574938544267, "v0s": 6.361362520067376}, "datetime": {"datetime": "2022-02-05 01:17:43", "elapsed": 109261.666192, "delta": 319.527799}}
{"target": -1.0, "params": {"I": 10.063246893643, "d1": -1.2044846531729378, "d2": 0.5439918846614051, "d3": -0.8895249107537544, "d4": -1.3636366723325604, "p1": 13.444601110632293, "p2": 3.6006017584884975, "p3": 20.90680668626579, "p4": 1.2876741203291686, "pol1": -0.4176921188951439, "pol2": 0.007019019696792972, "pol3": 0.9318661300394446, "pol4": -0.7812341716128308, "v0s": 6.038246325299732}, "datetime": {"datetime": "2022-02-05 01:22:38", "elapsed": 109556.625186, "delta": 294.958994}}
{"target": -1.0, "params": {"I": 10.4987150508848, "d1": 0.10839291710313192, "d2": -2.425572008503163, "d3": -2.667189454256498, "d4": -1.4031255785901848, "p1": 39.84811259899501, "p2": 9.583786945494504, "p3": 38.3888596073637, "p4": 14.51489985309341, "pol1": -0.5662170247764093, "pol2": -0.9665688218459871, "pol3": -0.20268188015524258, "pol4": -0.23783701741309526, "v0s": 5.956069617172188}, "datetime": {"datetime": "2022-02-05 01:31:51", "elapsed": 110110.17649, "delta": 553.551304}}
{"target": 2.4220006496931514, "params": {"I": 2.347449608937357, "d1": -2.3895840518309126, "d2": -2.9336964683962634, "d3": -2.5448145742103727, "d4": -0.3928428959596384, "p1": 20.13284260874596, "p2": 16.05131570836579, "p3": 27.895599712188623, "p4": 49.6730231549925, "pol1": 0.6689730280360593, "pol2": 0.39924636479916775, "pol3": 0.8365171782641159, "pol4": -0.9205425866338304, "v0s": 2.4220006496931514}, "datetime": {"datetime": "2022-02-05 01:33:35", "elapsed": 110214.023597, "delta": 103.847107}}
{"target": -1.0, "params": {"I": 10.006119509773038, "d1": -1.6033303481716907, "d2": 0.7490082485137957, "d3": -1.0417401554193257, "d4": -0.8414035596265976, "p1": 44.76301828656104, "p2": 22.331752291184525, "p3": 43.8517194635176, "p4": 12.679087468581418, "pol1": -0.45238059168378286, "pol2": -0.34327721982481973, "pol3": 0.09512854096190693, "pol4": -0.5597426519460376, "v0s": 6.02857502648764}, "datetime": {"datetime": "2022-02-05 01:38:19", "elapsed": 110497.98668, "delta": 283.963083}}
{"target": -1.0, "params": {"I": 3.713072373257008, "d1": -2.6235989020014423, "d2": 0.4807669848215106, "d3": -2.052525185772006, "d4": -1.455983955909618, "p1": 28.577104636266615, "p2": 26.2900984975735, "p3": 3.8011939721053434, "p4": 43.706296779901415, "pol1": 0.9022712368373842, "pol2": 0.6250146083493435, "pol3": -0.43239633010625145, "pol4": 0.055693592235918965, "v0s": 4.036500344105657}, "datetime": {"datetime": "2022-02-05 01:42:25", "elapsed": 110743.938298, "delta": 245.951618}}
{"target": -1.0, "params": {"I": 11.538678904965668, "d1": 0.8976138756520102, "d2": -1.7531883291240744, "d3": -0.32481357630852115, "d4": -1.6961311707640565, "p1": 38.72386330075398, "p2": 16.290498330660242, "p3": 44.491367072368746, "p4": 37.58538604596334, "pol1": 0.5252641908902214, "pol2": -0.061041942880148525, "pol3": -0.5784709950625893, "pol4": -0.9170498408470023, "v0s": 3.930972799821467}, "datetime": {"datetime": "2022-02-05 01:47:03", "elapsed": 111022.422731, "delta": 278.484433}}
{"target": -1.0, "params": {"I": 1.7051406253858938, "d1": -0.2245783545044011, "d2": -0.3185998722553265, "d3": -1.2781128690201, "d4": 0.071155910632692, "p1": 26.800424736978183, "p2": 1.9929963317726285, "p3": 6.739655898033953, "p4": 9.670819950745917, "pol1": -0.32867239767070044, "pol2": -0.8953741071250465, "pol3": 0.21023356100073243, "pol4": 0.0241220550478376, "v0s": 5.704766072102936}, "datetime": {"datetime": "2022-02-05 01:49:05", "elapsed": 111143.875775, "delta": 121.453044}}
{"target": 2.489743896290409, "params": {"I": 9.214756300522536, "d1": 0.3908018729497509, "d2": -1.1837637757633948, "d3": -2.9383859208323164, "d4": 0.4922725937883978, "p1": 32.81007738720494, "p2": 41.15015203242355, "p3": 47.588784651692585, "p4": 2.5456191758443603, "pol1": -0.5298562718179709, "pol2": -0.8733131130873204, "pol3": -0.15668422793509817, "pol4": 0.7276582910029039, "v0s": 2.489743896290409}, "datetime": {"datetime": "2022-02-05 01:54:26", "elapsed": 111465.375427, "delta": 321.499652}}
{"target": -1.0, "params": {"I": 9.989127104831692, "d1": -2.4978275607651055, "d2": 0.09154240866847108, "d3": 0.3656886271833737, "d4": -2.8268362472553656, "p1": 24.322037158519738, "p2": 11.970552206887797, "p3": 47.62368908466296, "p4": 47.19463138918981, "pol1": 0.22786800476940172, "pol2": 0.9469747946503926, "pol3": -0.310277312567498, "pol4": 0.7957014353353635, "v0s": 4.607569840451057}, "datetime": {"datetime": "2022-02-05 02:02:12", "elapsed": 111930.910321, "delta": 465.534894}}
{"target": -1.0, "params": {"I": 5.480478105802761, "d1": 0.7633118528055975, "d2": -0.2631277960670899, "d3": -2.7403536586434827, "d4": 0.48169942729226456, "p1": 35.069014731667316, "p2": 30.246343648714085, "p3": 36.61874495896652, "p4": 12.671952124989039, "pol1": 0.20097791054908876, "pol2": 0.6292383625233107, "pol3": -0.8917726793520002, "pol4": -0.7389786573214681, "v0s": 7.054674859738482}, "datetime": {"datetime": "2022-02-05 02:06:56", "elapsed": 112214.774071, "delta": 283.86375}}
{"target": -1.0, "params": {"I": 12.748571517229824, "d1": -0.874848758075768, "d2": -2.0068370840116057, "d3": -1.8196856990020165, "d4": 0.49074465967784775, "p1": 21.083296742485462, "p2": 3.22151277898034, "p3": 44.84925347537912, "p4": 10.169041641202552, "pol1": 0.6524550709847827, "pol2": 0.7635412461656146, "pol3": -0.026498510363323735, "pol4": 0.1969293862092727, "v0s": 5.163604738912502}, "datetime": {"datetime": "2022-02-05 02:16:46", "elapsed": 112804.740842, "delta": 589.966771}}
{"target": -1.0, "params": {"I": 12.871604589524482, "d1": 0.42016688538940583, "d2": -1.8714422063805576, "d3": 0.5350220327224036, "d4": -0.7292386795234029, "p1": 5.755152048345169, "p2": 11.350058260732897, "p3": 29.799119280650686, "p4": 11.972311845234017, "pol1": -0.7371686789250789, "pol2": -0.6763045717523297, "pol3": 0.6897450364714781, "pol4": 0.20436730778542156, "v0s": 7.781402523130051}, "datetime": {"datetime": "2022-02-05 02:22:03", "elapsed": 113121.92714, "delta": 317.186298}}
{"target": -1.0, "params": {"I": 7.567905052624484, "d1": -0.6174996074602013, "d2": -0.604058844106321, "d3": -0.537182851184205, "d4": -2.7632911712571104, "p1": 37.51585922873429, "p2": 47.410474909381264, "p3": 26.733952858979436, "p4": 9.62780104775342, "pol1": 0.5058518299598844, "pol2": -0.9853620613442724, "pol3": -0.3434877926984383, "pol4": 0.8352126952887864, "v0s": 5.530203997363261}, "datetime": {"datetime": "2022-02-05 02:27:30", "elapsed": 113448.659498, "delta": 326.732358}}
{"target": -1.0, "params": {"I": 17.24861539417857, "d1": -0.581311790603249, "d2": 0.29031261009548404, "d3": 0.5179340937172676, "d4": -1.7160545019021871, "p1": 6.147738577608925, "p2": 36.06516720932854, "p3": 22.017354341561912, "p4": 6.33678545710043, "pol1": 0.17964729621977837, "pol2": -0.9278633708602801, "pol3": -0.5996357671780261, "pol4": 0.5766023793359378, "v0s": 2.072580560092147}, "datetime": {"datetime": "2022-02-05 02:29:23", "elapsed": 113561.798985, "delta": 113.139487}}
{"target": -1.0, "params": {"I": 6.763567762462812, "d1": -2.914496155647717, "d2": 0.9899399709133179, "d3": -0.671880094626153, "d4": -1.8264948860557735, "p1": 46.447473094655784, "p2": 25.355971177410225, "p3": 22.734611377620347, "p4": 29.393575314809322, "pol1": -0.47172471157886076, "pol2": -0.3894234013051334, "pol3": -0.2566908465516351, "pol4": -0.5111040012567782, "v0s": 5.507283596699779}, "datetime": {"datetime": "2022-02-05 02:35:05", "elapsed": 113903.620738, "delta": 341.821753}}
{"target": -1.0, "params": {"I": 14.221076544714203, "d1": -2.7122111193439955, "d2": 0.8843332785018552, "d3": 0.012282623477819499, "d4": 0.22465265181363314, "p1": 37.58202020406453, "p2": 4.003048863560865, "p3": 24.084814151058854, "p4": 22.283647820082802, "pol1": 0.34494530104985976, "pol2": -0.10252548235135617, "pol3": 0.4086267967678192, "pol4": 0.3632906752052458, "v0s": 6.182891172516538}, "datetime": {"datetime": "2022-02-05 02:39:26", "elapsed": 114165.219763, "delta": 261.599025}}
{"target": -1.0, "params": {"I": 12.753414108669192, "d1": -2.396077066881417, "d2": 0.04320982522302419, "d3": 0.12418328877582807, "d4": 0.6164119436552196, "p1": 11.688434630205297, "p2": 8.83394465361707, "p3": 19.55495615533812, "p4": 16.02823269975801, "pol1": 0.6309538580112524, "pol2": 0.22705179933686326, "pol3": 0.5200035046994977, "pol4": -0.1446698006060716, "v0s": 2.5966433774935354}, "datetime": {"datetime": "2022-02-05 02:44:56", "elapsed": 114495.026186, "delta": 329.806423}}
{"target": -1.0, "params": {"I": 3.1856652289546785, "d1": -1.5063714730512188, "d2": -2.2246089299619713, "d3": 0.282985994491753, "d4": -0.6014559663051329, "p1": 34.44226295093325, "p2": 24.55549806521481, "p3": 4.408684062109053, "p4": 11.753881834308515, "pol1": -0.07679583821675595, "pol2": -0.6028169938921475, "pol3": -0.9490475284423594, "pol4": 0.4587953965123053, "v0s": 6.349500483314715}, "datetime": {"datetime": "2022-02-05 02:50:47", "elapsed": 114845.884615, "delta": 350.858429}}
{"target": -1.0, "params": {"I": 7.2774431808723525, "d1": 0.3739765042546219, "d2": -1.2862300961957063, "d3": 0.45874457905413735, "d4": -0.3717383015084419, "p1": 29.051782870904507, "p2": 10.03637440175455, "p3": 26.477330523919747, "p4": 44.721620921378616, "pol1": -0.39001204832956793, "pol2": 0.7418912183221067, "pol3": 0.8174905457167763, "pol4": -0.3403108746362353, "v0s": 6.098446198019385}, "datetime": {"datetime": "2022-02-05 02:55:22", "elapsed": 115121.006803, "delta": 275.122188}}
{"target": -1.0, "params": {"I": 18.085198041753408, "d1": -2.6972124729667866, "d2": 0.5143514528190818, "d3": -2.2366425469260776, "d4": 0.3990756400717226, "p1": 33.3559394349602, "p2": 17.216959772502694, "p3": 7.56877849963995, "p4": 31.76854807442267, "pol1": 0.6955760874294832, "pol2": 0.6436987495280211, "pol3": 0.2564791942613156, "pol4": 0.9126030195104642, "v0s": 5.539538762454619}, "datetime": {"datetime": "2022-02-05 03:01:04", "elapsed": 115462.999227, "delta": 341.992424}}
{"target": -1.0, "params": {"I": 4.758822908310467, "d1": -1.2826771095340308, "d2": -1.6530160051953309, "d3": 0.9677800476291241, "d4": -1.479054015530941, "p1": 49.635043683240895, "p2": 25.94021253667071, "p3": 8.613985073856274, "p4": 3.728703562573993, "pol1": -0.25938861245222467, "pol2": -0.7531622803705402, "pol3": 0.2690374325836833, "pol4": -0.17216030854118225, "v0s": 7.945493795152701}, "datetime": {"datetime": "2022-02-05 03:05:28", "elapsed": 115726.783137, "delta": 263.78391}}
{"target": -1.0, "params": {"I": 18.66915684941304, "d1": -2.403055870761, "d2": -1.420470949852798, "d3": -1.1536811561504554, "d4": -0.7562049795122192, "p1": 39.018176164463426, "p2": 24.359695453671186, "p3": 20.99967760051204, "p4": 13.099985235966782, "pol1": 0.8216122781735169, "pol2": -0.9554569769343917, "pol3": 0.6422437964379293, "pol4": -0.623063200667163, "v0s": 6.114541395035284}, "datetime": {"datetime": "2022-02-05 03:10:53", "elapsed": 116051.59393, "delta": 324.810793}}
{"target": -1.0, "params": {"I": 7.748978397453231, "d1": 0.8968505115803653, "d2": -2.50891148220232, "d3": -2.249720429531042, "d4": 0.5577699018579154, "p1": 29.170315730411396, "p2": 15.462319232938981, "p3": 0.038219273909401164, "p4": 11.379886916112653, "pol1": -0.7091927316575286, "pol2": -0.5931323512598188, "pol3": 0.7926451136080093, "pol4": 0.7461887565392811, "v0s": 6.201736625800699}, "datetime": {"datetime": "2022-02-05 03:15:40", "elapsed": 116339.095296, "delta": 287.501366}}
{"target": -1.0, "params": {"I": 9.939455846891972, "d1": 0.3085440093291534, "d2": -1.0166944116591505, "d3": -1.546045266860379, "d4": -1.897587588956565, "p1": 46.23704067691858, "p2": 19.34946171281461, "p3": 24.644043671566013, "p4": 12.721905115721105, "pol1": 0.7699330376761266, "pol2": -0.23347308638942654, "pol3": -0.4048505693722495, "pol4": 0.43518992438950876, "v0s": 3.1452196590338444}, "datetime": {"datetime": "2022-02-05 03:24:27", "elapsed": 116866.097847, "delta": 527.002551}}
{"target": -1.0, "params": {"I": 3.2456599575937304, "d1": 0.3479911288540487, "d2": -0.023456314521859145, "d3": -0.6379178094115314, "d4": -2.0284337001405173, "p1": 31.162357259379203, "p2": 31.917766037058648, "p3": 16.378472205616255, "p4": 3.3744671533771142, "pol1": 0.7610771951286535, "pol2": -0.08008653785148323, "pol3": 0.5277454361328597, "pol4": -0.49222275811452065, "v0s": 5.548323093605101}, "datetime": {"datetime": "2022-02-05 03:27:58", "elapsed": 117076.773511, "delta": 210.675664}}
{"target": -1.0, "params": {"I": 13.198720571552238, "d1": 0.9502061756877773, "d2": -0.700825457284469, "d3": -0.4868737083654513, "d4": -2.2422140893200284, "p1": 0.42762674940778345, "p2": 14.22245207891989, "p3": 30.86165122374381, "p4": 48.67756500204701, "pol1": 0.2924810452216864, "pol2": -0.9030905363080559, "pol3": -0.3877503171801999, "pol4": -0.6233842635851872, "v0s": 3.146087774886965}, "datetime": {"datetime": "2022-02-05 03:35:03", "elapsed": 117501.728877, "delta": 424.955366}}
{"target": -1.0, "params": {"I": 1.479376989604722, "d1": -1.2985166528127778, "d2": -2.6256079070960667, "d3": 0.5992717732445598, "d4": -0.9526725522484143, "p1": 44.47271554684476, "p2": 24.371906513951963, "p3": 43.657879821186235, "p4": 22.393283649349367, "pol1": 0.8587173765777942, "pol2": -0.8012944970639764, "pol3": 0.4208158333294656, "pol4": -0.24500972251800546, "v0s": 5.047434845137687}, "datetime": {"datetime": "2022-02-05 03:37:52", "elapsed": 117670.467644, "delta": 168.738767}}
{"target": -1.0, "params": {"I": 4.795353076198534, "d1": -1.6894686411040283, "d2": 0.6314569728637718, "d3": 0.5893789128883373, "d4": -1.8115886803379673, "p1": 3.442955288714905, "p2": 18.100040161720194, "p3": 8.161748124278084, "p4": 14.294304916241652, "pol1": 0.9003963033746198, "pol2": 0.7639815240527681, "pol3": -0.5602537805095227, "pol4": -0.100947662878208, "v0s": 6.010501442195478}, "datetime": {"datetime": "2022-02-05 03:42:28", "elapsed": 117947.390698, "delta": 276.923054}}
{"target": -1.0, "params": {"I": 4.4166921470290035, "d1": -1.4639011544253977, "d2": -0.3203483447388935, "d3": -1.980940385639066, "d4": 0.4821331241204816, "p1": 24.76317169669187, "p2": 2.826769337980867, "p3": 1.3601676186337897, "p4": 47.84959563189054, "pol1": 0.279180855936757, "pol2": -0.02624408571223813, "pol3": -0.6791815070714107, "pol4": -0.7695683316325506, "v0s": 6.453871309761804}, "datetime": {"datetime": "2022-02-05 03:47:09", "elapsed": 118228.15761, "delta": 280.766912}}
{"target": -1.0, "params": {"I": 9.791010000750859, "d1": 0.8548475500702586, "d2": 0.16952959059965522, "d3": -2.121105381214739, "d4": -2.2074172041999534, "p1": 47.229606616652205, "p2": 9.51472029018161, "p3": 1.1506104232029413, "p4": 18.14756413244166, "pol1": 0.5417296722987914, "pol2": -0.05464257420207774, "pol3": -0.862173731417877, "pol4": 0.15674771043343028, "v0s": 3.11389899693438}, "datetime": {"datetime": "2022-02-05 03:52:52", "elapsed": 118570.929351, "delta": 342.771741}}
{"target": -1.0, "params": {"I": 16.333047131772254, "d1": 0.8049366382280914, "d2": 0.5781694539575382, "d3": 0.15506443261969816, "d4": -1.6251263063650665, "p1": 18.09477970431915, "p2": 22.98431767542062, "p3": 15.956272064167464, "p4": 38.796670314663956, "pol1": 0.6543248744721197, "pol2": 0.42770355546700745, "pol3": 0.7121795083914719, "pol4": -0.8379792757222897, "v0s": 7.642151642017758}, "datetime": {"datetime": "2022-02-05 03:58:37", "elapsed": 118915.584155, "delta": 344.654804}}
{"target": -1.0, "params": {"I": 19.43188210567232, "d1": 0.7591281560187992, "d2": -1.98981970457503, "d3": -2.255125753951232, "d4": -2.2334073201287814, "p1": 43.31714380756931, "p2": 46.20801610603525, "p3": 6.379774767486889, "p4": 9.551297700937633, "pol1": 0.7685322149454645, "pol2": -0.6099451468789583, "pol3": 0.677506095840972, "pol4": -0.5471568324328744, "v0s": 2.781552468246354}, "datetime": {"datetime": "2022-02-05 04:05:12", "elapsed": 119311.261502, "delta": 395.677347}}
{"target": -1.0, "params": {"I": 19.76781475873619, "d1": -1.406474365940774, "d2": -1.6117460786654312, "d3": -0.5295799149363001, "d4": -2.062219114019424, "p1": 9.22460835216103, "p2": 28.236464192632667, "p3": 44.00411927933393, "p4": 35.91026162957888, "pol1": -0.7618203899462479, "pol2": 0.20042157608841715, "pol3": -0.172121400863539, "pol4": 0.3072339794346708, "v0s": 6.647724985056647}, "datetime": {"datetime": "2022-02-05 04:10:28", "elapsed": 119626.723865, "delta": 315.462363}}
{"target": -1.0, "params": {"I": 10.210819627267053, "d1": -1.7755297682738993, "d2": 0.38796394135217227, "d3": -1.2705458310351538, "d4": -2.0440534707526004, "p1": 10.44952306855852, "p2": 44.066589845193874, "p3": 8.699836186616766, "p4": 34.53311869757322, "pol1": 0.35547883280841863, "pol2": -0.5235830037916744, "pol3": -0.33772317602743174, "pol4": 0.6125595795304175, "v0s": 6.572042651117306}, "datetime": {"datetime": "2022-02-05 04:15:51", "elapsed": 119949.619781, "delta": 322.895916}}
{"target": -1.0, "params": {"I": 18.641941910943306, "d1": 0.4155772974589458, "d2": -2.707797478765866, "d3": -1.6052936066292633, "d4": -0.2711825202933422, "p1": 48.247011453376516, "p2": 8.972215152044589, "p3": 0.6587333090186498, "p4": 0.10363686679171757, "pol1": -0.23098089731091553, "pol2": -0.3339652246086373, "pol3": -0.7211101910277908, "pol4": -0.7633785422009873, "v0s": 7.685572081522418}, "datetime": {"datetime": "2022-02-05 04:22:13", "elapsed": 120331.830754, "delta": 382.210973}}
{"target": -1.0, "params": {"I": 17.086647629490958, "d1": -0.6819536915938453, "d2": -2.03485715426865, "d3": 0.716882530587402, "d4": -1.5451100272552192, "p1": 17.7170164129532, "p2": 38.33146520592993, "p3": 40.19265622135645, "p4": 35.98747754804193, "pol1": -0.627746827664299, "pol2": -0.11522874597398625, "pol3": 0.5406065542598226, "pol4": -0.23827939041373836, "v0s": 2.907485402965289}, "datetime": {"datetime": "2022-02-05 04:34:51", "elapsed": 121090.083229, "delta": 758.252475}}
{"target": -1.0, "params": {"I": 9.843065691899684, "d1": -1.6866305980998262, "d2": -2.5192623309659123, "d3": -1.4289877564545077, "d4": -1.038894430007872, "p1": 33.93597645258616, "p2": 2.661947289169869, "p3": 17.228458882871816, "p4": 7.309054585417524, "pol1": -0.5975785302178505, "pol2": -0.285610001336672, "pol3": 0.22271330791088895, "pol4": -0.47521186948375593, "v0s": 5.511388721785108}, "datetime": {"datetime": "2022-02-05 04:40:31", "elapsed": 121430.299035, "delta": 340.215806}}
{"target": -1.0, "params": {"I": 18.954403234367522, "d1": -0.8865084550824891, "d2": -2.857239460308191, "d3": -0.3595778515522152, "d4": -1.9801158708851387, "p1": 5.388811299116125, "p2": 6.345019511062527, "p3": 5.961156100444331, "p4": 8.011394084633144, "pol1": 0.030392095631430083, "pol2": -0.6995468131397424, "pol3": 0.33528094015401444, "pol4": -0.5312619895367579, "v0s": 6.08323219992033}, "datetime": {"datetime": "2022-02-05 04:45:58", "elapsed": 121756.645691, "delta": 326.346656}}
{"target": -1.0, "params": {"I": 17.19791307445761, "d1": 0.87358322066639, "d2": -0.18894453081796714, "d3": -0.6106133729025491, "d4": -1.1565698862034814, "p1": 20.29069517516227, "p2": 3.8785371676223868, "p3": 43.671955483857474, "p4": 19.585836259178347, "pol1": -0.8397352540656617, "pol2": -0.2516488851267418, "pol3": 0.8974262749747104, "pol4": 0.4501131302920187, "v0s": 5.74642435909873}, "datetime": {"datetime": "2022-02-05 04:52:00", "elapsed": 122119.363935, "delta": 362.718244}}
{"target": -1.0, "params": {"I": 11.07355881297608, "d1": -0.5410067442068547, "d2": -1.2274865294997395, "d3": 0.6280187623999778, "d4": 0.42998475152316784, "p1": 4.800892209589419, "p2": 12.24627296989479, "p3": 14.501981856862923, "p4": 17.850823867747927, "pol1": 0.2677769910793637, "pol2": -0.5746917188213572, "pol3": -0.9504443145749368, "pol4": -0.701420583982147, "v0s": 3.1206437754071823}, "datetime": {"datetime": "2022-02-05 05:01:31", "elapsed": 122689.662817, "delta": 570.298882}}
{"target": 2.8557062528781314, "params": {"I": 3.883455900903857, "d1": -2.5293650614064562, "d2": -1.5611549712689494, "d3": -2.447404316894327, "d4": -1.6195114025090303, "p1": 38.66890980890534, "p2": 2.226953655474262, "p3": 31.597846012235088, "p4": 42.79643239460989, "pol1": 0.3675667258600499, "pol2": -0.7985295348355512, "pol3": 0.6179859883128254, "pol4": 0.05049492837630343, "v0s": 2.8557062528781314}, "datetime": {"datetime": "2022-02-05 05:06:48", "elapsed": 123007.290713, "delta": 317.627896}}
