{"target": -1.0, "params": {"Bgrad": 3.5742601799562994, "d1": -2.8901536478704415, "d2": -0.9760318872965481, "d3": -1.4506016709459955, "d4": -0.2079852576466723, "p1": 11.218793095922392, "p2": 6.093663996266358, "p3": 45.32405337903328, "p4": 28.921096121183492, "pol1": -0.8099591306836089, "pol2": -0.25136506466312714, "pol3": 0.02905392324867062, "pol4": 0.22928866505389323, "v0s": 5.396848899179279}, "datetime": {"datetime": "2022-04-11 10:30:07", "elapsed": 235735.878012, "delta": 11.122263}}
{"target": 3.235360071980727, "params": {"Bgrad": 5.401015822588383, "d1": -2.8894508027770684, "d2": -1.0677341756559429, "d3": -2.015392216694072, "d4": -2.303009315932277, "p1": 7.0169549816384125, "p2": 6.998507368888168, "p3": 38.714547194347894, "p4": 30.22689090201177, "pol1": -0.2777738688583933, "pol2": -0.9928388930058307, "pol3": 0.42899672597303495, "pol4": 0.8173090930810829, "v0s": 3.235360071980727}, "datetime": {"datetime": "2022-04-11 10:30:19", "elapsed": 235747.797144, "delta": 11.919132}}
{"target": -1.0, "params": {"Bgrad": 7.324500563408456, "d1": -2.520620135377274, "d2": 0.9993903813517648, "d3": -0.9329366289354497, "d4": -2.827360038715995, "p1": 12.38469263924255, "p2": 8.196760124100866, "p3": 38.70066089534963, "p4": 28.02962020563665, "pol1": 0.7509671070089714, "pol2": -0.7036351226876671, "pol3": -0.8320534196390066, "pol4": 0.8429689922361729, "v0s": 5.2443852614591595}, "datetime": {"datetime": "2022-04-11 10:30:41", "elapsed": 235769.820261, "delta": 22.023117}}
{"target": -1.0, "params": {"Bgrad": 9.813712730773588, "d1": -1.9133729457891318, "d2": -1.2385168913325644, "d3": -0.3879968425779525, "d4": -1.1211581445867083, "p1": 11.900582262016501, "p2": 5.64169716639959, "p3": 36.549678172465036, "p4": 27.79378892536142, "pol1": 0.9422133341107131, "pol2": -0.05192295161246818, "pol3": -0.4822053997883806, "pol4": -0.38606961451899435, "v0s": 2.7392173494976197}, "datetime": {"datetime": "2022-04-11 10:30:53", "elapsed": 235782.027622, "delta": 12.207361}}
{"target": -1.0, "params": {"Bgrad": 4.606745329592618, "d1": -0.24494756862699418, "d2": -1.2145247691030492, "d3": -1.3220071659615318, "d4": -1.2020673220273879, "p1": 4.084283209643042, "p2": 2.1658109252490396, "p3": 43.02620057507668, "p4": 17.016932670142886, "pol1": 0.8155057509136474, "pol2": 0.757199770437986, "pol3": -0.16281507848035548, "pol4": 0.916000101028249, "v0s": 4.364841461186164}, "datetime": {"datetime": "2022-04-11 10:31:14", "elapsed": 235802.395166, "delta": 20.367544}}
{"target": -1.0, "params": {"Bgrad": 2.763550211800663, "d1": -2.9656723860709717, "d2": 0.35476198685607896, "d3": -2.151221316587441, "d4": 0.3260466374757529, "p1": 6.378784806547532, "p2": 7.752206239702497, "p3": 43.689341288857655, "p4": 24.826227565497234, "pol1": -0.35583747538489896, "pol2": 0.30912821800166723, "pol3": -0.3965040704447149, "pol4": -0.25368071414375093, "v0s": 2.381450317603255}, "datetime": {"datetime": "2022-04-11 10:31:35", "elapsed": 235823.258384, "delta": 20.863218}}
{"target": 5.912346428954853, "params": {"Bgrad": 5.375763409421217, "d1": -2.8330260781897914, "d2": -1.5213117893690011, "d3": 0.04078180886010818, "d4": -0.09948540094296421, "p1": 2.861418437695357, "p2": 4.2959060248348, "p3": 34.86928809189182, "p4": 26.137461953809094, "pol1": -0.1018051648435856, "pol2": 0.29706250426136216, "pol3": -0.3735445535270612, "pol4": 0.5487020275297674, "v0s": 5.912346428954853}, "datetime": {"datetime": "2022-04-11 10:32:04", "elapsed": 235852.279791, "delta": 29.021407}}
{"target": 3.7206271607885273, "params": {"Bgrad": 5.670117056925955, "d1": -1.5977787757308284, "d2": -1.2170100935688124, "d3": -1.172081071995346, "d4": -2.0047673833918274, "p1": 11.465996138195072, "p2": 10.138877157840366, "p3": 44.6234125426982, "p4": 23.667064298310926, "pol1": -0.42864215177553966, "pol2": -0.3863239819379616, "pol3": -0.6232753223965635, "pol4": -0.25965581591351605, "v0s": 3.7206271607885273}, "datetime": {"datetime": "2022-04-11 10:32:24", "elapsed": 235872.922599, "delta": 20.642808}}
{"target": -1.0, "params": {"Bgrad": 12.90796945419168, "d1": -1.499635926424356, "d2": 0.42993799633438634, "d3": -0.5216530425257049, "d4": -1.9918676794766426, "p1": 39.64278389884438, "p2": 21.646925436708152, "p3": 17.87555836652207, "p4": 16.513846826254046, "pol1": 0.39473775122627885, "pol2": -0.4626997521875469, "pol3": 0.6165560274107602, "pol4": -0.4094224112003044, "v0s": 5.264728301512143}, "datetime": {"datetime": "2022-04-11 10:54:07", "elapsed": 237175.220294, "delta": 1302.297695}}
{"target": -1.0, "params": {"Bgrad": 10.014469090201446, "d1": 0.42142565038147906, "d2": 0.5535457375815436, "d3": -2.262462230528933, "d4": -0.6586061642469958, "p1": 44.910252300856854, "p2": 22.305860951721485, "p3": 46.09341527419077, "p4": 13.949544522848544, "pol1": 0.21766234838759146, "pol2": 0.3649074195336308, "pol3": -0.5435885332990318, "pol4": -0.9724649748845664, "v0s": 4.500343774224176}, "datetime": {"datetime": "2022-04-11 10:54:21", "elapsed": 237189.96188, "delta": 14.741586}}
{"target": -1.0, "params": {"Bgrad": 18.800396891206315, "d1": -1.6278875606783738, "d2": 0.11897718193039974, "d3": -2.3010547486903703, "d4": -1.6321886547901903, "p1": 7.229886041904837, "p2": 35.8385407073188, "p3": 34.96538118484071, "p4": 34.42486589744594, "pol1": -0.4932079310274007, "pol2": 0.38472024324681775, "pol3": -0.5454049181681009, "pol4": -0.1507017681373206, "v0s": 4.231532730006124}, "datetime": {"datetime": "2022-04-11 10:54:35", "elapsed": 237204.173882, "delta": 14.212002}}
{"target": -1.0, "params": {"Bgrad": 7.428504276592383, "d1": -2.7693807710349745, "d2": -0.47341349253624143, "d3": -0.17073358927320204, "d4": -0.5456452219886576, "p1": 32.41563780815623, "p2": 8.497035710862889, "p3": 7.472339946943124, "p4": 25.70875217629414, "pol1": 0.7506654527090781, "pol2": -0.6320931169055559, "pol3": -0.07432176258348022, "pol4": -0.14213533194019412, "v0s": 4.9837351155170975}, "datetime": {"datetime": "2022-04-11 10:54:45", "elapsed": 237214.170155, "delta": 9.996273}}
{"target": -1.0, "params": {"Bgrad": 3.6494600244772326, "d1": -1.6302374354607578, "d2": -1.9524783835859192, "d3": 0.37810777291791586, "d4": 0.20132898310560687, "p1": 21.33195791340718, "p2": 30.350773039451944, "p3": 7.273280513310998, "p4": 25.48066471087793, "pol1": -0.4061058284261909, "pol2": 0.7193019071384021, "pol3": 0.3431967618127798, "pol4": 0.26694802524484196, "v0s": 2.7485078004150756}, "datetime": {"datetime": "2022-04-11 10:55:03", "elapsed": 237231.946626, "delta": 17.776471}}
{"target": 4.0568029993690775, "params": {"Bgrad": 4.750443134932955, "d1": -2.2967935856605775, "d2": -1.1733915059674989, "d3": -2.47435158001657, "d4": -1.3846707051458598, "p1": 3.598240427760108, "p2": 5.991023953298899, "p3": 41.256297226034796, "p4": 19.590050879674845, "pol1": -0.673942970344704, "pol2": -0.23706150255864025, "pol3": 0.10123737549294697, "pol4": 0.25209909358978183, "v0s": 4.0568029993690775}, "datetime": {"datetime": "2022-04-11 10:55:18", "elapsed": 237247.01833, "delta": 15.071704}}
{"target": -1.0, "params": {"Bgrad": 5.42836254713761, "d1": 0.23671228013279455, "d2": -0.4813149324140915, "d3": -2.234359825615759, "d4": -0.3482533416079958, "p1": 5.949673705647568, "p2": 7.274759502955136, "p3": 36.55228475112543, "p4": 23.98160767736425, "pol1": 0.40329920757952054, "pol2": 0.6665252308005889, "pol3": 0.07186751934474467, "pol4": 0.9443071644182681, "v0s": 5.190972416259314}, "datetime": {"datetime": "2022-04-11 10:55:30", "elapsed": 237258.309142, "delta": 11.290812}}
{"target": -1.0, "params": {"Bgrad": 7.752714790095727, "d1": -2.8837812617279486, "d2": -0.8263191179506761, "d3": 0.5286353566803865, "d4": -2.479979249559933, "p1": 5.523311554719218, "p2": 7.520857694281502, "p3": 36.11984923216088, "p4": 29.850200810907534, "pol1": -0.4772233151140386, "pol2": -0.6662422532448913, "pol3": 0.49659735831820706, "pol4": 0.11282693960366297, "v0s": 3.1893335751524523}, "datetime": {"datetime": "2022-04-11 10:55:55", "elapsed": 237283.889747, "delta": 25.580605}}
{"target": -1.0, "params": {"Bgrad": 7.788246751951119, "d1": -2.8135420930561623, "d2": -1.8492338204693137, "d3": -1.242643042314183, "d4": 0.49695848468887194, "p1": 22.24084051519738, "p2": 28.550974627491005, "p3": 1.1995546981331817, "p4": 31.804171903202498, "pol1": -0.264074008318012, "pol2": -0.7189318411068337, "pol3": 0.20153289085933168, "pol4": -0.8675226072515165, "v0s": 3.175349269962812}, "datetime": {"datetime": "2022-04-11 10:56:07", "elapsed": 237295.840794, "delta": 11.951047}}
{"target": -1.0, "params": {"Bgrad": 8.31633819216832, "d1": -2.680387831445912, "d2": 0.33479110274471857, "d3": -2.3833007845955514, "d4": -1.987753427546345, "p1": 11.980652736551074, "p2": 4.707923968924888, "p3": 35.49855642543386, "p4": 29.422611988591196, "pol1": -0.5173268139807377, "pol2": 0.4475985369039568, "pol3": 0.7151034218962811, "pol4": 0.9381881090918218, "v0s": 5.998859639496019}, "datetime": {"datetime": "2022-04-11 10:56:18", "elapsed": 237306.237996, "delta": 10.397202}}
