{"target": 4.916165716371207, "params": {"Bgrad": 1.7917550444654637, "d1": -1.2724234973385602, "d2": 0.9168904324126322, "d3": -3.0, "d4": -1.3416307895776833, "p1": 4.738192616279522, "p2": 38.56842001950953, "p3": 31.670490277475643, "p4": 44.46754424446244, "pol1": -0.8863440901404754, "pol2": -0.17960243640823761, "pol3": -0.1633671326158767, "pol4": 0.6141983694888375, "v0s": 4.916165716371207}, "datetime": {"datetime": "2022-05-18 03:50:46", "elapsed": 115661.666295, "delta": 49.192429}}
{"target": -1.0, "params": {"Bgrad": 1.0519201202004393, "d1": -3.0, "d2": -1.3380552691530223, "d3": -0.913468905159021, "d4": -1.5239913740481337, "p1": 4.549337101183694, "p2": 19.899034385537412, "p3": 2.217120089494113, "p4": 14.241674059696408, "pol1": 0.08724501530001484, "pol2": -0.059069995696547514, "pol3": 1.0, "pol4": -1.0, "v0s": 4.489079467764557}, "datetime": {"datetime": "2022-05-18 03:51:47", "elapsed": 115722.630239, "delta": 60.963944}}
{"target": 4.593925948448323, "params": {"Bgrad": 2.0, "d1": -3.0, "d2": 0.692829394124795, "d3": -1.7611040013502606, "d4": -1.1460814802181363, "p1": 31.62472152349261, "p2": 5.847183522936334, "p3": 7.552924766891966, "p4": 25.985778010484207, "pol1": 0.3018993587047319, "pol2": -1.0, "pol3": -0.24625340224017592, "pol4": -0.31781324556965684, "v0s": 4.593925948448323}, "datetime": {"datetime": "2022-05-18 03:52:41", "elapsed": 115777.079607, "delta": 54.449368}}
{"target": 4.741354505341857, "params": {"Bgrad": 1.644519668292248, "d1": -2.370098656212492, "d2": 0.9532566792357917, "d3": -0.40211780754034, "d4": 0.12711131729815772, "p1": 6.228134127760204, "p2": 21.694172297841412, "p3": 44.49092087554519, "p4": 23.423983295077207, "pol1": 0.03545705300803981, "pol2": -0.9266081535957749, "pol3": -0.588931599059636, "pol4": -0.8853980267239834, "v0s": 4.741354505341857}, "datetime": {"datetime": "2022-05-18 03:53:58", "elapsed": 115853.87421, "delta": 76.794603}}
{"target": 5.073751701528337, "params": {"Bgrad": 1.3248692783817575, "d1": -2.3834386806893413, "d2": 1.0, "d3": -0.8335192524682191, "d4": -0.2749648912630967, "p1": 28.588115238364264, "p2": 10.279509573009964, "p3": 9.697733668780502, "p4": 25.278537449219087, "pol1": -0.040433372109444296, "pol2": -0.7892580197424365, "pol3": 0.5229584470346708, "pol4": -0.9424701954650185, "v0s": 5.073751701528337}, "datetime": {"datetime": "2022-05-18 03:54:38", "elapsed": 115893.659799, "delta": 39.785589}}
{"target": -1.0, "params": {"Bgrad": 1.3749362094685886, "d1": -1.72294850756724, "d2": -0.6833315223981733, "d3": -1.026755338691973, "d4": -0.42509538107030703, "p1": 5.708500396568244, "p2": 11.781559042736564, "p3": 29.79902438421736, "p4": 32.67961246726729, "pol1": -0.14284550819644276, "pol2": 0.3274382953406624, "pol3": 0.37564531275884794, "pol4": 0.00882382635774892, "v0s": 4.356520790152877}, "datetime": {"datetime": "2022-05-18 03:55:42", "elapsed": 115957.804237, "delta": 64.144438}}
{"target": 4.302917984913921, "params": {"Bgrad": 1.2523975249812986, "d1": -3.0, "d2": 1.0, "d3": -1.9658402702999518, "d4": -2.542735701331264, "p1": 32.58725016564774, "p2": 6.864188549562726, "p3": 37.92815965799869, "p4": 32.090509646530414, "pol1": 0.6259040867400892, "pol2": -0.20930047925579856, "pol3": 0.31562407554112326, "pol4": -0.790515172939698, "v0s": 4.302917984913921}, "datetime": {"datetime": "2022-05-18 03:56:26", "elapsed": 116001.490392, "delta": 43.686155}}
{"target": 4.829128075942088, "params": {"Bgrad": 0.5, "d1": -2.8552981950082423, "d2": 0.4923442912315339, "d3": -0.9568173969362541, "d4": -2.2139750247734775, "p1": 4.305940263120752, "p2": 35.0078294553995, "p3": 35.121477061476554, "p4": 37.96480661011362, "pol1": -0.4138682066735682, "pol2": 0.7386110679871445, "pol3": 0.17646928610223933, "pol4": -0.9962241852582527, "v0s": 4.829128075942088}, "datetime": {"datetime": "2022-05-18 03:57:19", "elapsed": 116055.19974, "delta": 53.709348}}
{"target": -1.0, "params": {"Bgrad": 0.5, "d1": -2.7961151036680048, "d2": 1.0, "d3": 0.0018313688437930876, "d4": -2.0465483139124667, "p1": 41.01955313839906, "p2": 19.986557112774552, "p3": 15.558892444523424, "p4": 12.817001112159238, "pol1": 0.39396041270694115, "pol2": 0.6756020000533732, "pol3": -0.4028131495605873, "pol4": -1.0, "v0s": 4.40772585523566}, "datetime": {"datetime": "2022-05-18 03:58:35", "elapsed": 116130.527267, "delta": 75.327527}}
{"target": -1.0, "params": {"Bgrad": 1.582076341917625, "d1": -2.1607952640171493, "d2": 1.0, "d3": -1.4881462794672529, "d4": -0.9752173511464499, "p1": 41.55879881963652, "p2": 20.393288888582486, "p3": 14.959774078974956, "p4": 12.645173409493538, "pol1": 0.1536658479500522, "pol2": 0.8568797379594487, "pol3": -0.1962195673309102, "pol4": -0.3220144160703878, "v0s": 5.565990616813368}, "datetime": {"datetime": "2022-05-18 04:00:12", "elapsed": 116227.78115, "delta": 97.253883}}
{"target": 4.056744939533266, "params": {"Bgrad": 1.972089956219059, "d1": -1.9588450570624256, "d2": 0.6149297494537826, "d3": -1.2471105532145028, "d4": -0.5903121720626063, "p1": 27.008525749176187, "p2": 40.77236544744086, "p3": 30.988001220750196, "p4": 18.70962682452932, "pol1": -0.6731534432674564, "pol2": -0.8902901520103714, "pol3": 0.42206768509040016, "pol4": -0.29716818899255903, "v0s": 4.056744939533266}, "datetime": {"datetime": "2022-05-18 04:00:54", "elapsed": 116269.844646, "delta": 42.063496}}
{"target": 4.711628138926325, "params": {"Bgrad": 0.7741895505273615, "d1": -2.9180871153689516, "d2": -0.9849328292581977, "d3": -0.892807361218169, "d4": -2.2466459950874813, "p1": 4.884734387814421, "p2": 15.18563429598747, "p3": 36.85446505255626, "p4": 48.217978077876005, "pol1": -0.020864248705768043, "pol2": -0.5574726148311506, "pol3": 0.23107685952100582, "pol4": -0.5566177450133546, "v0s": 4.711628138926325}, "datetime": {"datetime": "2022-05-18 04:01:52", "elapsed": 116327.664001, "delta": 57.819355}}
{"target": 4.831150553827571, "params": {"Bgrad": 0.8196838752845075, "d1": -2.7160525040909365, "d2": 0.35607318561542367, "d3": -1.1879506236809794, "d4": -1.4412538182261883, "p1": 35.41826082803258, "p2": 10.804386501352145, "p3": 41.306314607725966, "p4": 38.41128922939354, "pol1": 1.0, "pol2": 0.7333390780437046, "pol3": -0.7547439975550694, "pol4": -1.0, "v0s": 4.831150553827571}, "datetime": {"datetime": "2022-05-18 04:02:42", "elapsed": 116377.744055, "delta": 50.080054}}
{"target": -1.0, "params": {"Bgrad": 1.1540632613323296, "d1": -1.8265739098413278, "d2": -1.2987760702036457, "d3": -2.0706438831372367, "d4": 0.006814334775848252, "p1": 4.131716377296107, "p2": 38.98127328946497, "p3": 39.71157031366735, "p4": 29.717007467954055, "pol1": 0.8654571837839855, "pol2": -0.7077569981571072, "pol3": 0.19102204365964814, "pol4": -0.41621083897148625, "v0s": 4.108970909275786}, "datetime": {"datetime": "2022-05-18 04:03:31", "elapsed": 116426.306169, "delta": 48.562114}}
{"target": 4.5421306030156146, "params": {"Bgrad": 0.510895925499895, "d1": -2.2618683943898925, "d2": -0.06800061744405639, "d3": -2.3794675186179344, "d4": -1.6114103766248022, "p1": 6.144931339847265, "p2": 22.6775069381816, "p3": 44.00977270912508, "p4": 23.14020911415959, "pol1": 0.7582498108535598, "pol2": -0.0019133394833801276, "pol3": 0.27284539737236413, "pol4": -0.4459804635511402, "v0s": 4.5421306030156146}, "datetime": {"datetime": "2022-05-18 04:04:38", "elapsed": 116493.344866, "delta": 67.038697}}
{"target": 4.774002508071958, "params": {"Bgrad": 1.4929105837357741, "d1": -2.8690257579681173, "d2": 0.19375193829917858, "d3": -1.2167919429191767, "d4": -2.5125125458496145, "p1": 30.18156945260644, "p2": 10.157244777230911, "p3": 40.62793174547376, "p4": 36.270681138605035, "pol1": 0.02321404362095203, "pol2": -0.784101804525571, "pol3": 0.5632233801270359, "pol4": 0.37459654526550024, "v0s": 4.774002508071958}, "datetime": {"datetime": "2022-05-18 04:05:19", "elapsed": 116534.546667, "delta": 41.201801}}
{"target": 5.335012198311065, "params": {"Bgrad": 0.7230916081839174, "d1": -2.103266192755469, "d2": -0.6467201825154385, "d3": -1.34835332127636, "d4": 0.05005796748597158, "p1": 4.372424755752663, "p2": 14.308873992831012, "p3": 37.93824130553698, "p4": 48.832072272760705, "pol1": 0.39205775974250145, "pol2": -0.11384125307006032, "pol3": -0.3929201873319219, "pol4": 0.15584519747096182, "v0s": 5.335012198311065}, "datetime": {"datetime": "2022-05-18 04:06:10", "elapsed": 116585.605104, "delta": 51.058437}}
{"target": 3.8371894354171756, "params": {"Bgrad": 1.7910177926678439, "d1": -2.2177408811357555, "d2": 0.8589435249946942, "d3": -0.4281472309851802, "d4": -0.2262308230691368, "p1": 24.730064185069967, "p2": 40.55094881947593, "p3": 29.10803709661359, "p4": 21.096511269093998, "pol1": -0.46714299669520887, "pol2": -1.0, "pol3": -0.9288690237473244, "pol4": -1.0, "v0s": 3.8371894354171756}, "datetime": {"datetime": "2022-05-18 04:06:55", "elapsed": 116631.005675, "delta": 45.400571}}
{"target": 4.008696064470321, "params": {"Bgrad": 1.9528522899541798, "d1": -2.2810754279788767, "d2": 0.08659971586741566, "d3": -1.059811314876287, "d4": -0.4021203542660503, "p1": 8.812463420029237, "p2": 38.10457560118058, "p3": 36.019197469289516, "p4": 39.92690071840973, "pol1": -0.14615283326738493, "pol2": -0.4574753407800938, "pol3": -0.5230802371792462, "pol4": 0.5904010766985683, "v0s": 4.008696064470321}, "datetime": {"datetime": "2022-05-18 04:07:50", "elapsed": 116685.603646, "delta": 54.597971}}
{"target": -1.0, "params": {"Bgrad": 1.3803152355267247, "d1": -0.8596814248067544, "d2": -1.7802681519248602, "d3": -0.013187911988165268, "d4": -1.665772942324757, "p1": 4.445099314546624, "p2": 17.281668026808266, "p3": 38.23966382616295, "p4": 47.00918582040753, "pol1": 0.8670870736748724, "pol2": 0.8203239355639167, "pol3": 0.03452827740538833, "pol4": 0.8407426369830051, "v0s": 4.869161393786666}, "datetime": {"datetime": "2022-05-18 04:08:34", "elapsed": 116729.94106, "delta": 44.337414}}
{"target": 5.331974523444427, "params": {"Bgrad": 1.2511882644711176, "d1": -2.24406228647339, "d2": 0.2048135803258635, "d3": -2.6098260540466804, "d4": -1.7254927424501032, "p1": 1.030912701907788, "p2": 37.06608165070362, "p3": 34.640778968417756, "p4": 38.866258450491664, "pol1": 0.4064944210019501, "pol2": 0.9270648864096847, "pol3": 0.32770357002954564, "pol4": -0.17410948057896736, "v0s": 5.331974523444427}, "datetime": {"datetime": "2022-05-18 04:09:54", "elapsed": 116809.456386, "delta": 79.515326}}
{"target": 5.2204325473620345, "params": {"Bgrad": 1.980951370395816, "d1": -2.1431346884637206, "d2": -0.0073032384617812696, "d3": -2.618027453976381, "d4": -0.9205732005126697, "p1": 4.755578326129556, "p2": 36.918765028350464, "p3": 28.86298718222215, "p4": 49.301896371162314, "pol1": 0.10417250006195378, "pol2": 0.05583077742998044, "pol3": -0.7778863093774424, "pol4": 0.5524485256667286, "v0s": 5.2204325473620345}, "datetime": {"datetime": "2022-05-18 04:10:49", "elapsed": 116865.089588, "delta": 55.633202}}
{"target": -1.0, "params": {"Bgrad": 2.0, "d1": -3.0, "d2": -0.02380293199310877, "d3": -0.887332974426278, "d4": -1.9881597265370528, "p1": 43.41798395078033, "p2": 26.160971362222412, "p3": 18.58594960076472, "p4": 13.134744427323083, "pol1": -0.8629936814942631, "pol2": 0.8005895046111839, "pol3": 0.19009972387819524, "pol4": 1.0, "v0s": 5.378830313236837}, "datetime": {"datetime": "2022-05-18 04:11:54", "elapsed": 116929.746655, "delta": 64.657067}}
{"target": 4.665632938459973, "params": {"Bgrad": 0.81793522694549, "d1": -0.8040946643186064, "d2": -0.4264242011325292, "d3": -2.15714153077636, "d4": 0.4368895373041273, "p1": 2.286944615080222, "p2": 39.28511149005725, "p3": 31.99653137407889, "p4": 45.38170927653235, "pol1": 0.09212441377464131, "pol2": 0.5560823932633145, "pol3": -0.3073131484977407, "pol4": 0.2006093349611091, "v0s": 4.665632938459973}, "datetime": {"datetime": "2022-05-18 04:12:48", "elapsed": 116983.904802, "delta": 54.158147}}
{"target": 4.451841136907493, "params": {"Bgrad": 1.5227400551962678, "d1": -2.827958862290182, "d2": 0.41195109218073966, "d3": -0.8220489013845, "d4": -2.759498190544956, "p1": 38.55519171449803, "p2": 44.09555376435947, "p3": 19.649974957263815, "p4": 10.78343169856662, "pol1": 0.33380479941510166, "pol2": 0.01535042774007378, "pol3": 0.4466025958438402, "pol4": 0.27193430692586285, "v0s": 4.451841136907493}, "datetime": {"datetime": "2022-05-18 04:13:48", "elapsed": 117044.054923, "delta": 60.150121}}
{"target": -1.0, "params": {"Bgrad": 0.8725095425344213, "d1": -2.0923224263574136, "d2": 0.5596430874785541, "d3": -1.6602529485439042, "d4": -1.569445209533844, "p1": 5.437048549456991, "p2": 39.48252989570433, "p3": 30.001490245547167, "p4": 38.03678844288171, "pol1": -0.8921894077313741, "pol2": 0.5226535048438037, "pol3": -0.07342248318056455, "pol4": 0.9346003415823341, "v0s": 6.467594090275513}, "datetime": {"datetime": "2022-05-18 04:14:31", "elapsed": 117086.872402, "delta": 42.817479}}
{"target": 4.859137102673636, "params": {"Bgrad": 1.669431305950201, "d1": -1.1570778219855535, "d2": 0.8628138821714861, "d3": -0.2004765861354496, "d4": -0.6302659814319953, "p1": 38.11456952970402, "p2": 45.93327637711736, "p3": 19.128344518428104, "p4": 13.82645465891567, "pol1": 0.23980219759817656, "pol2": -0.6081015416105267, "pol3": 0.9355271473216755, "pol4": 0.8517424534065783, "v0s": 4.859137102673636}, "datetime": {"datetime": "2022-05-18 04:16:07", "elapsed": 117182.74099, "delta": 95.868588}}
{"target": 5.250460953278174, "params": {"Bgrad": 1.3788711811946661, "d1": -1.535106269476621, "d2": 0.5813694312721126, "d3": -2.0864049026914495, "d4": -3.0, "p1": 26.864975519712647, "p2": 7.90893916221577, "p3": 35.184966480434575, "p4": 30.35884304559476, "pol1": -0.40623816768408905, "pol2": -0.4340033000866402, "pol3": 0.6043323678234716, "pol4": 0.20966848406029398, "v0s": 5.250460953278174}, "datetime": {"datetime": "2022-05-18 04:16:57", "elapsed": 117233.16313, "delta": 50.42214}}
{"target": 4.86310676836091, "params": {"Bgrad": 0.5, "d1": -2.444248093863156, "d2": 0.13745844734921725, "d3": -2.2334910474688177, "d4": -3.0, "p1": 24.004169180750868, "p2": 30.230094905678712, "p3": 7.158129057801874, "p4": 46.33662498107552, "pol1": -0.5787472192146043, "pol2": 0.048230519236885726, "pol3": -0.95004429331057, "pol4": 0.7510189956218275, "v0s": 4.86310676836091}, "datetime": {"datetime": "2022-05-18 04:18:01", "elapsed": 117297.02233, "delta": 63.8592}}
{"target": 3.335425005331021, "params": {"Bgrad": 1.133141054999993, "d1": -0.8439725007601386, "d2": 0.7769972013111106, "d3": -2.5748511156637783, "d4": -2.9731862159912468, "p1": 6.612957421690135, "p2": 37.94496374113774, "p3": 43.15541753270127, "p4": 31.956180247833892, "pol1": -0.683039661536752, "pol2": 0.5323793401241885, "pol3": -0.8064445010364403, "pol4": -0.3482770990621542, "v0s": 3.335425005331021}, "datetime": {"datetime": "2022-05-18 04:18:46", "elapsed": 117341.5632, "delta": 44.54087}}
{"target": -1.0, "params": {"Bgrad": 1.965339123995499, "d1": -0.5080811997063437, "d2": 0.7341520865946736, "d3": -2.1879160490914207, "d4": 0.2434621727244184, "p1": 7.844593465858852, "p2": 31.91191168014965, "p3": 40.81768685677034, "p4": 32.28469297059631, "pol1": -0.08066419421535986, "pol2": 0.6177330491221109, "pol3": 0.7511090915221024, "pol4": -0.6896157613796734, "v0s": 5.001825859655376}, "datetime": {"datetime": "2022-05-18 04:19:35", "elapsed": 117390.948114, "delta": 49.384914}}
{"target": 5.650476006422574, "params": {"Bgrad": 1.177822483451776, "d1": -3.0, "d2": 0.6930010366127038, "d3": -1.3190158828028378, "d4": -1.6837324346324707, "p1": 3.1866248560642956, "p2": 38.4139959864261, "p3": 41.170162409085094, "p4": 29.89431991748266, "pol1": 0.8205019749053611, "pol2": 1.0, "pol3": -0.37321361331721914, "pol4": 0.4850874345157813, "v0s": 5.650476006422574}, "datetime": {"datetime": "2022-05-18 04:20:24", "elapsed": 117439.465348, "delta": 48.517234}}
{"target": 3.951582851279251, "params": {"Bgrad": 1.6250708936789955, "d1": -1.4492498006745307, "d2": 0.5635434989487971, "d3": -1.997011927951395, "d4": -2.431969779383665, "p1": 1.5299121273361527, "p2": 33.662878050706766, "p3": 29.79168901413405, "p4": 37.15152927207676, "pol1": 0.6187249197264253, "pol2": -0.9076688782825266, "pol3": -0.9092521618442568, "pol4": -0.014618375409087392, "v0s": 3.951582851279251}, "datetime": {"datetime": "2022-05-18 04:21:25", "elapsed": 117500.697575, "delta": 61.232227}}
{"target": 4.4905191738104335, "params": {"Bgrad": 1.5422585736005223, "d1": -3.0, "d2": -1.8659916016626283, "d3": -0.5445136337488763, "d4": -2.56660197299484, "p1": 0.20014441012908507, "p2": 3.671845231719393, "p3": 42.87624035800268, "p4": 24.656897168083525, "pol1": 0.9881143324097665, "pol2": -0.5485900594233685, "pol3": -0.4700107319182098, "pol4": 0.9273211756560612, "v0s": 4.4905191738104335}, "datetime": {"datetime": "2022-05-18 04:22:08", "elapsed": 117543.533007, "delta": 42.835432}}
{"target": -1.0, "params": {"Bgrad": 1.6445760730028358, "d1": -1.3703084835855215, "d2": -0.7356568572642304, "d3": -2.7375358847904825, "d4": 0.158704913122929, "p1": 4.176253093458643, "p2": 38.78742708180223, "p3": 28.833051437950214, "p4": 48.015134728801925, "pol1": 0.47155987480541484, "pol2": 0.4918779737271659, "pol3": 0.6449373854459695, "pol4": -0.4938188390617497, "v0s": 5.927264668445372}, "datetime": {"datetime": "2022-05-18 04:22:54", "elapsed": 117590.096467, "delta": 46.56346}}
{"target": 4.771127793803104, "params": {"Bgrad": 0.9919136803956705, "d1": -2.3949746675511316, "d2": 1.0, "d3": -2.6175785741612576, "d4": -1.4093147975938292, "p1": 5.26899452676477, "p2": 35.93858220092189, "p3": 29.669537440978168, "p4": 36.89175706877801, "pol1": 0.4085793875568499, "pol2": 0.07559921405599854, "pol3": -0.07904970868336256, "pol4": 0.11329052021590862, "v0s": 4.771127793803104}, "datetime": {"datetime": "2022-05-18 04:24:00", "elapsed": 117655.234248, "delta": 65.137781}}
{"target": 5.460920113328541, "params": {"Bgrad": 0.7536925414579863, "d1": -2.9933640639613497, "d2": 0.8996457960987176, "d3": -0.9782282617628781, "d4": -1.6693479299788452, "p1": 31.589195856003947, "p2": 8.72499601590475, "p3": 39.91319432319679, "p4": 32.410163115608285, "pol1": 0.36244914504131187, "pol2": 0.7059215633493168, "pol3": 0.754430046959655, "pol4": -0.6351950295993058, "v0s": 5.460920113328541}, "datetime": {"datetime": "2022-05-18 04:24:38", "elapsed": 117693.930749, "delta": 38.696501}}
{"target": 3.294646636490347, "params": {"Bgrad": 1.023362394046185, "d1": -1.4331047400778347, "d2": 0.913622783720359, "d3": -1.1116021948490258, "d4": -2.8386061937138125, "p1": 8.100020606998603, "p2": 19.83964441534788, "p3": 45.08108762032641, "p4": 24.163029934934077, "pol1": -0.4488359083624247, "pol2": -0.3829871686037234, "pol3": -0.06247337384984575, "pol4": -0.8806353370776008, "v0s": 3.294646636490347}, "datetime": {"datetime": "2022-05-18 04:25:21", "elapsed": 117736.888852, "delta": 42.958103}}
{"target": 4.603009561873276, "params": {"Bgrad": 2.0, "d1": -2.8422782596394436, "d2": 1.0, "d3": -0.8483242378615846, "d4": -1.8631978211110187, "p1": 37.59309711435806, "p2": 45.190712898888364, "p3": 20.098331002541826, "p4": 12.049275920026965, "pol1": 0.6536320364137435, "pol2": 0.12657193508790096, "pol3": 0.3736101779542805, "pol4": 0.10251050988577316, "v0s": 4.603009561873276}, "datetime": {"datetime": "2022-05-18 04:26:10", "elapsed": 117785.344252, "delta": 48.4554}}
{"target": 4.953199204866841, "params": {"Bgrad": 1.6809286904994416, "d1": -1.7928934552248255, "d2": 1.0, "d3": -1.2340840454301512, "d4": -0.6580243165130274, "p1": 0.9829553666514106, "p2": 35.15382115161532, "p3": 31.044174642076758, "p4": 33.6894654179753, "pol1": 0.15163204842809522, "pol2": 0.21823556907029668, "pol3": 0.06264371132260793, "pol4": -1.0, "v0s": 4.953199204866841}, "datetime": {"datetime": "2022-05-18 04:27:00", "elapsed": 117835.407352, "delta": 50.0631}}
{"target": 4.792196150645721, "params": {"Bgrad": 1.515741308668202, "d1": -2.9114553972250277, "d2": -0.14774406874234808, "d3": -1.068043938081486, "d4": -2.301955415596121, "p1": 33.90368006529268, "p2": 8.937289534730423, "p3": 41.0799327100364, "p4": 37.29058232425772, "pol1": 0.4679198067831032, "pol2": -0.02052801413548422, "pol3": -0.7135758014045973, "pol4": -1.0, "v0s": 4.792196150645721}, "datetime": {"datetime": "2022-05-18 04:27:50", "elapsed": 117885.808548, "delta": 50.401196}}
{"target": -1.0, "params": {"Bgrad": 1.6511089357813524, "d1": -2.091807688669978, "d2": 0.4952416831252262, "d3": 0.06908704685565503, "d4": -2.5236853497757465, "p1": 39.313200844519066, "p2": 46.881474050781414, "p3": 20.857714757893252, "p4": 14.453340473090599, "pol1": 0.29067789731555216, "pol2": -0.7314772159069245, "pol3": 0.6425459697958065, "pol4": 0.7846212937729165, "v0s": 5.032761652739211}, "datetime": {"datetime": "2022-05-18 04:28:32", "elapsed": 117927.559878, "delta": 41.75133}}
{"target": -1.0, "params": {"Bgrad": 0.6799385342921971, "d1": -2.311355696746111, "d2": 0.4830423078857704, "d3": -0.12922210257191669, "d4": -2.492512536052553, "p1": 5.956010220276048, "p2": 16.5358298410983, "p3": 40.85390068943281, "p4": 48.60991967606182, "pol1": 0.23479811118631022, "pol2": -0.724670992894439, "pol3": 0.07047742963560788, "pol4": 0.28154863141558484, "v0s": 6.0535497472627435}, "datetime": {"datetime": "2022-05-18 04:30:12", "elapsed": 118028.029161, "delta": 100.469283}}
{"target": 4.6509246962912725, "params": {"Bgrad": 2.0, "d1": -3.0, "d2": 1.0, "d3": -3.0, "d4": -1.116451720419087, "p1": 28.9310328306789, "p2": 29.98502298249361, "p3": 7.31453512490838, "p4": 44.351043792494345, "pol1": 0.006784343235487581, "pol2": -0.5096198925220876, "pol3": 0.682916912720278, "pol4": 0.16611938011393612, "v0s": 4.6509246962912725}, "datetime": {"datetime": "2022-05-18 04:30:53", "elapsed": 118068.552775, "delta": 40.523614}}
