{"target": 4.115602478948887, "params": {"Bgrad": 0.6933382785554647, "d1": -1.4754763070245733, "d2": 0.349119006163189, "d3": -1.171600883907817, "d4": -2.446862087618565, "p1": 45.97494347230955, "p2": 34.485450526598996, "p3": 39.33916084120095, "p4": 4.165483157694888, "pol1": 0.8583868615084937, "pol2": 0.0786613291791034, "pol3": -0.903693075696089, "pol4": 0.4284322956215669, "v0s": 4.115602478948887}, "datetime": {"datetime": "2022-06-21 17:00:28", "elapsed": 1136.158416, "delta": 3.051894}}
{"target": 4.115602478948887, "params": {"Bgrad": 0.6933382785554647, "d1": -1.4754763070245733, "d2": 0.349119006163189, "d3": -1.171600883907817, "d4": -2.446862087618565, "p1": 45.97494347230955, "p2": 34.485450526598996, "p3": 39.33916084120095, "p4": 4.165483157694888, "pol1": 0.8583868615084937, "pol2": 0.0786613291791034, "pol3": -0.903693075696089, "pol4": 0.4284322956215669, "v0s": 4.115602478948887}, "datetime": {"datetime": "2022-06-21 17:00:28", "elapsed": 1136.158416, "delta": 3.051894}}
{"target": 2.235957552715151, "params": {"Bgrad": 1.8639695219085002, "d1": 0.18784725979514993, "d2": -1.8095887389913359, "d3": -1.794059138515384, "d4": -2.350323638630124, "p1": 2.529176082329304, "p2": 31.269458356051544, "p3": 25.36083442598585, "p4": 21.508285120133653, "pol1": -0.5135029727963714, "pol2": 0.8583863997271037, "pol3": -0.3917682897199797, "pol4": 0.27979927086238865, "v0s": 2.235957552715151}, "datetime": {"datetime": "2022-06-21 17:00:34", "elapsed": 1142.609788, "delta": 6.451372}}
{"target": 2.235957552715151, "params": {"Bgrad": 1.8639695219085002, "d1": 0.18784725979514993, "d2": -1.8095887389913359, "d3": -1.794059138515384, "d4": -2.350323638630124, "p1": 2.529176082329304, "p2": 31.269458356051544, "p3": 25.36083442598585, "p4": 21.508285120133653, "pol1": -0.5135029727963714, "pol2": 0.8583863997271037, "pol3": -0.3917682897199797, "pol4": 0.27979927086238865, "v0s": 2.235957552715151}, "datetime": {"datetime": "2022-06-21 17:00:34", "elapsed": 1142.610782, "delta": 6.452366}}
{"target": -1.0, "params": {"Bgrad": 0.7767977627227124, "d1": -1.0651093381365548, "d2": -2.10950221079892, "d3": -0.35916981734691733, "d4": -1.9663830024223632, "p1": 41.66076665947016, "p2": 40.933382862759686, "p3": 9.966609021836293, "p4": 16.55137368680002, "pol1": 0.6010224917603721, "pol2": 0.30591407170228546, "pol3": 0.020857639531167482, "pol4": -0.8358905935985959, "v0s": 6.223750075801257}, "datetime": {"datetime": "2022-06-21 17:00:40", "elapsed": 1148.74598, "delta": 6.136192}}
{"target": -1.0, "params": {"Bgrad": 0.7767977627227124, "d1": -1.0651093381365548, "d2": -2.10950221079892, "d3": -0.35916981734691733, "d4": -1.9663830024223632, "p1": 41.66076665947016, "p2": 40.933382862759686, "p3": 9.966609021836293, "p4": 16.55137368680002, "pol1": 0.6010224917603721, "pol2": 0.30591407170228546, "pol3": 0.020857639531167482, "pol4": -0.8358905935985959, "v0s": 6.223750075801257}, "datetime": {"datetime": "2022-06-21 17:00:40", "elapsed": 1148.74598, "delta": 6.135198}}
{"target": -1.0, "params": {"Bgrad": 0.9496071165344893, "d1": -1.557111250843556, "d2": 0.9545044389449107, "d3": -2.1257824281333844, "d4": 0.2801063090587337, "p1": 44.33190993993023, "p2": 14.882570542730928, "p3": 39.38650259841003, "p4": 33.33470169169242, "pol1": -0.12603221464788228, "pol2": -0.9051261778471873, "pol3": 0.06882102057709938, "pol4": -0.32177129796453463, "v0s": 2.7123626030589563}, "datetime": {"datetime": "2022-06-21 17:00:49", "elapsed": 1157.879749, "delta": 9.133769}}
{"target": -1.0, "params": {"Bgrad": 0.9496071165344893, "d1": -1.557111250843556, "d2": 0.9545044389449107, "d3": -2.1257824281333844, "d4": 0.2801063090587337, "p1": 44.33190993993023, "p2": 14.882570542730928, "p3": 39.38650259841003, "p4": 33.33470169169242, "pol1": -0.12603221464788228, "pol2": -0.9051261778471873, "pol3": 0.06882102057709938, "pol4": -0.32177129796453463, "v0s": 2.7123626030589563}, "datetime": {"datetime": "2022-06-21 17:00:49", "elapsed": 1157.879749, "delta": 9.133769}}
{"target": -1.0, "params": {"Bgrad": 1.4254586937227258, "d1": 0.48865900487178315, "d2": -0.03283712101107161, "d3": -1.3512517264453403, "d4": -1.099585474847875, "p1": 15.853157791439443, "p2": 5.671060686126711, "p3": 12.049808141582524, "p4": 22.608551819293766, "pol1": -0.6376006967794416, "pol2": -0.1010052492334883, "pol3": 0.15165724247265988, "pol4": 0.47055174989748516, "v0s": 3.667774413960843}, "datetime": {"datetime": "2022-06-21 17:01:03", "elapsed": 1171.418752, "delta": 13.539003}}
{"target": -1.0, "params": {"Bgrad": 1.4254586937227258, "d1": 0.48865900487178315, "d2": -0.03283712101107161, "d3": -1.3512517264453403, "d4": -1.099585474847875, "p1": 15.853157791439443, "p2": 5.671060686126711, "p3": 12.049808141582524, "p4": 22.608551819293766, "pol1": -0.6376006967794416, "pol2": -0.1010052492334883, "pol3": 0.15165724247265988, "pol4": 0.47055174989748516, "v0s": 3.667774413960843}, "datetime": {"datetime": "2022-06-21 17:01:03", "elapsed": 1171.419749, "delta": 13.54}}
{"target": -1.0, "params": {"Bgrad": 1.8230469169835206, "d1": 0.7296240622693584, "d2": -1.0637711917546513, "d3": 0.2119043482830616, "d4": 0.5380389268981638, "p1": 25.403616148724655, "p2": 10.157161744612548, "p3": 21.356160357576336, "p4": 28.960252966419837, "pol1": 0.4357750068280817, "pol2": -0.11669138366925336, "pol3": 0.8025862877385013, "pol4": -0.4396262157099031, "v0s": 6.249825357651023}, "datetime": {"datetime": "2022-06-21 17:01:14", "elapsed": 1182.744688, "delta": 11.325936}}
{"target": -1.0, "params": {"Bgrad": 1.8230469169835206, "d1": 0.7296240622693584, "d2": -1.0637711917546513, "d3": 0.2119043482830616, "d4": 0.5380389268981638, "p1": 25.403616148724655, "p2": 10.157161744612548, "p3": 21.356160357576336, "p4": 28.960252966419837, "pol1": 0.4357750068280817, "pol2": -0.11669138366925336, "pol3": 0.8025862877385013, "pol4": -0.4396262157099031, "v0s": 6.249825357651023}, "datetime": {"datetime": "2022-06-21 17:01:14", "elapsed": 1182.745686, "delta": 11.325937}}
{"target": -1.0, "params": {"Bgrad": 0.656092705543808, "d1": -2.342005526929945, "d2": -0.6475705326556596, "d3": -2.1289507330733537, "d4": -0.16476307816457147, "p1": 16.478373418476938, "p2": 4.970983929588368, "p3": 40.023817831203324, "p4": 33.08779896059957, "pol1": -0.04335662246115479, "pol2": 0.3366592462685245, "pol3": 0.8740834907465769, "pol4": 0.19361922677925247, "v0s": 5.761614983061673}, "datetime": {"datetime": "2022-06-21 17:01:21", "elapsed": 1189.921114, "delta": 7.176426}}
{"target": -1.0, "params": {"Bgrad": 0.656092705543808, "d1": -2.342005526929945, "d2": -0.6475705326556596, "d3": -2.1289507330733537, "d4": -0.16476307816457147, "p1": 16.478373418476938, "p2": 4.970983929588368, "p3": 40.023817831203324, "p4": 33.08779896059957, "pol1": -0.04335662246115479, "pol2": 0.3366592462685245, "pol3": 0.8740834907465769, "pol4": 0.19361922677925247, "v0s": 5.761614983061673}, "datetime": {"datetime": "2022-06-21 17:01:21", "elapsed": 1189.921114, "delta": 7.175428}}
{"target": 2.124655966875121, "params": {"Bgrad": 1.1840632330203835, "d1": -1.8166744670327502, "d2": -2.3590008486488165, "d3": -0.8136166147430397, "d4": -1.9889649230123378, "p1": 25.406291229537015, "p2": 47.03887498244236, "p3": 26.045310884606632, "p4": 42.27837386314008, "pol1": -0.37022787598071005, "pol2": -0.1903062164299827, "pol3": -0.4454122461360852, "pol4": 0.49904841107668774, "v0s": 2.124655966875121}, "datetime": {"datetime": "2022-06-21 17:01:27", "elapsed": 1195.398073, "delta": 5.476959}}
{"target": 2.124655966875121, "params": {"Bgrad": 1.1840632330203835, "d1": -1.8166744670327502, "d2": -2.3590008486488165, "d3": -0.8136166147430397, "d4": -1.9889649230123378, "p1": 25.406291229537015, "p2": 47.03887498244236, "p3": 26.045310884606632, "p4": 42.27837386314008, "pol1": -0.37022787598071005, "pol2": -0.1903062164299827, "pol3": -0.4454122461360852, "pol4": 0.49904841107668774, "v0s": 2.124655966875121}, "datetime": {"datetime": "2022-06-21 17:01:27", "elapsed": 1195.39907, "delta": 5.477956}}
{"target": -1.0, "params": {"Bgrad": 0.6588965096677849, "d1": 0.39803928350196305, "d2": -0.6601646258128882, "d3": -1.2658250450134445, "d4": 0.42717745129145657, "p1": 26.197339531693654, "p2": 16.811013039337368, "p3": 0.27547231406957473, "p4": 11.062109214654292, "pol1": 0.4021300446916205, "pol2": -0.12081987484293011, "pol3": 0.8763034457771928, "pol4": 0.30133536119521454, "v0s": 4.062552169921608}, "datetime": {"datetime": "2022-06-21 17:01:33", "elapsed": 1201.892328, "delta": 6.494255}}
{"target": -1.0, "params": {"Bgrad": 0.6588965096677849, "d1": 0.39803928350196305, "d2": -0.6601646258128882, "d3": -1.2658250450134445, "d4": 0.42717745129145657, "p1": 26.197339531693654, "p2": 16.811013039337368, "p3": 0.27547231406957473, "p4": 11.062109214654292, "pol1": 0.4021300446916205, "pol2": -0.12081987484293011, "pol3": 0.8763034457771928, "pol4": 0.30133536119521454, "v0s": 4.062552169921608}, "datetime": {"datetime": "2022-06-21 17:01:33", "elapsed": 1201.892328, "delta": 6.493258}}
{"target": -1.0, "params": {"Bgrad": 1.5215747144264302, "d1": -0.7702934249034485, "d2": -1.658393929914462, "d3": -1.5230709708885866, "d4": -1.3340565110621578, "p1": 40.781309173803926, "p2": 19.07333623491287, "p3": 10.543868169032361, "p4": 28.184252788682457, "pol1": 0.4341064347259336, "pol2": 0.01754721330702269, "pol3": -0.5057964536171002, "pol4": 0.8745176324353192, "v0s": 7.619443749176579}, "datetime": {"datetime": "2022-06-21 17:01:43", "elapsed": 1211.346679, "delta": 9.454351}}
{"target": -1.0, "params": {"Bgrad": 1.5215747144264302, "d1": -0.7702934249034485, "d2": -1.658393929914462, "d3": -1.5230709708885866, "d4": -1.3340565110621578, "p1": 40.781309173803926, "p2": 19.07333623491287, "p3": 10.543868169032361, "p4": 28.184252788682457, "pol1": 0.4341064347259336, "pol2": 0.01754721330702269, "pol3": -0.5057964536171002, "pol4": 0.8745176324353192, "v0s": 7.619443749176579}, "datetime": {"datetime": "2022-06-21 17:01:43", "elapsed": 1211.346679, "delta": 9.454351}}
{"target": -1.0, "params": {"Bgrad": 1.5212422468113598, "d1": -1.1630375073552481, "d2": 0.6765108997418809, "d3": -0.1076818528410004, "d4": -0.8627122322124485, "p1": 2.212618943922723, "p2": 46.36603213968245, "p3": 48.03999481995213, "p4": 41.866763051036955, "pol1": 0.41357087055399244, "pol2": -0.09392081746454095, "pol3": -0.4415289453048441, "pol4": 0.09815528851873312, "v0s": 6.115301282963116}, "datetime": {"datetime": "2022-06-21 17:01:56", "elapsed": 1224.535135, "delta": 13.188456}}
{"target": -1.0, "params": {"Bgrad": 1.5212422468113598, "d1": -1.1630375073552481, "d2": 0.6765108997418809, "d3": -0.1076818528410004, "d4": -0.8627122322124485, "p1": 2.212618943922723, "p2": 46.36603213968245, "p3": 48.03999481995213, "p4": 41.866763051036955, "pol1": 0.41357087055399244, "pol2": -0.09392081746454095, "pol3": -0.4415289453048441, "pol4": 0.09815528851873312, "v0s": 6.115301282963116}, "datetime": {"datetime": "2022-06-21 17:01:56", "elapsed": 1224.535135, "delta": 13.188456}}
{"target": -1.0, "params": {"Bgrad": 0.5441781901601015, "d1": -1.5276617082708142, "d2": -1.9693066807184194, "d3": -2.580326287095949, "d4": 0.02607330489779036, "p1": 17.70386000962516, "p2": 30.62056869547593, "p3": 30.81395990300251, "p4": 47.185471720391796, "pol1": -0.5586136724108244, "pol2": -0.44475000548893884, "pol3": -0.3680511287295909, "pol4": -0.5554898773728632, "v0s": 6.353346311874418}, "datetime": {"datetime": "2022-06-21 17:02:02", "elapsed": 1230.591558, "delta": 6.056423}}
{"target": -1.0, "params": {"Bgrad": 0.5441781901601015, "d1": -1.5276617082708142, "d2": -1.9693066807184194, "d3": -2.580326287095949, "d4": 0.02607330489779036, "p1": 17.70386000962516, "p2": 30.62056869547593, "p3": 30.81395990300251, "p4": 47.185471720391796, "pol1": -0.5586136724108244, "pol2": -0.44475000548893884, "pol3": -0.3680511287295909, "pol4": -0.5554898773728632, "v0s": 6.353346311874418}, "datetime": {"datetime": "2022-06-21 17:02:02", "elapsed": 1230.592555, "delta": 6.05742}}
{"target": 2.130798713685588, "params": {"Bgrad": 0.8953134567411258, "d1": -2.8461005916852256, "d2": -1.7163998486188174, "d3": -1.0580256931096694, "d4": -2.8147091724621345, "p1": 2.0768461802418092, "p2": 18.29752757252827, "p3": 41.0832804672395, "p4": 41.97301402483837, "pol1": 0.647982584590812, "pol2": -0.4947469168222005, "pol3": -0.9261384094683935, "pol4": 0.7992038948078597, "v0s": 2.130798713685588}, "datetime": {"datetime": "2022-06-21 17:02:08", "elapsed": 1236.292415, "delta": 5.700857}}
{"target": 2.130798713685588, "params": {"Bgrad": 0.8953134567411258, "d1": -2.8461005916852256, "d2": -1.7163998486188174, "d3": -1.0580256931096694, "d4": -2.8147091724621345, "p1": 2.0768461802418092, "p2": 18.29752757252827, "p3": 41.0832804672395, "p4": 41.97301402483837, "pol1": 0.647982584590812, "pol2": -0.4947469168222005, "pol3": -0.9261384094683935, "pol4": 0.7992038948078597, "v0s": 2.130798713685588}, "datetime": {"datetime": "2022-06-21 17:02:08", "elapsed": 1236.293413, "delta": 5.700858}}
{"target": -1.0, "params": {"Bgrad": 1.8121197539651939, "d1": 0.902757248447493, "d2": -1.555572908059537, "d3": 0.8942789336324237, "d4": 0.3724583698901105, "p1": 19.466918481619295, "p2": 36.58766042509335, "p3": 26.65610028204463, "p4": 16.833303198818978, "pol1": 0.2004476017346284, "pol2": 0.06823685711738059, "pol3": -0.5686980981459895, "pol4": -0.4104394668712903, "v0s": 6.563598385993743}, "datetime": {"datetime": "2022-06-21 17:02:18", "elapsed": 1246.837877, "delta": 10.545462}}
{"target": -1.0, "params": {"Bgrad": 1.8121197539651939, "d1": 0.902757248447493, "d2": -1.555572908059537, "d3": 0.8942789336324237, "d4": 0.3724583698901105, "p1": 19.466918481619295, "p2": 36.58766042509335, "p3": 26.65610028204463, "p4": 16.833303198818978, "pol1": 0.2004476017346284, "pol2": 0.06823685711738059, "pol3": -0.5686980981459895, "pol4": -0.4104394668712903, "v0s": 6.563598385993743}, "datetime": {"datetime": "2022-06-21 17:02:18", "elapsed": 1246.837877, "delta": 10.544464}}
{"target": -1.0, "params": {"Bgrad": 0.6509527148673193, "d1": -1.8612295921602082, "d2": -0.9272857420006697, "d3": -0.18988650986941202, "d4": 0.8177181044100639, "p1": 10.813479436756374, "p2": 47.30664689426231, "p3": 4.90703607931256, "p4": 30.346369968776187, "pol1": 0.4508950940291272, "pol2": 0.7460498084077183, "pol3": -0.4931574954393405, "pol4": -0.13833713579020457, "v0s": 2.6334515614684118}, "datetime": {"datetime": "2022-06-21 17:02:26", "elapsed": 1254.609257, "delta": 7.77138}}
{"target": -1.0, "params": {"Bgrad": 0.6509527148673193, "d1": -1.8612295921602082, "d2": -0.9272857420006697, "d3": -0.18988650986941202, "d4": 0.8177181044100639, "p1": 10.813479436756374, "p2": 47.30664689426231, "p3": 4.90703607931256, "p4": 30.346369968776187, "pol1": 0.4508950940291272, "pol2": 0.7460498084077183, "pol3": -0.4931574954393405, "pol4": -0.13833713579020457, "v0s": 2.6334515614684118}, "datetime": {"datetime": "2022-06-21 17:02:26", "elapsed": 1254.610254, "delta": 7.772377}}
{"target": 2.2209003482399137, "params": {"Bgrad": 1.6557642792141887, "d1": -0.5203242195951137, "d2": -2.3741333451244744, "d3": -1.718174894384433, "d4": 0.8001161455993966, "p1": 2.9779200657415017, "p2": 30.914296886568792, "p3": 0.03799854813977266, "p4": 23.8927382160667, "pol1": 0.8436576976136005, "pol2": 0.6948401920647542, "pol3": -0.7486719886717175, "pol4": 0.5784186879531072, "v0s": 2.2209003482399137}, "datetime": {"datetime": "2022-06-21 17:02:33", "elapsed": 1261.235132, "delta": 6.625875}}
{"target": 2.2209003482399137, "params": {"Bgrad": 1.6557642792141887, "d1": -0.5203242195951137, "d2": -2.3741333451244744, "d3": -1.718174894384433, "d4": 0.8001161455993966, "p1": 2.9779200657415017, "p2": 30.914296886568792, "p3": 0.03799854813977266, "p4": 23.8927382160667, "pol1": 0.8436576976136005, "pol2": 0.6948401920647542, "pol3": -0.7486719886717175, "pol4": 0.5784186879531072, "v0s": 2.2209003482399137}, "datetime": {"datetime": "2022-06-21 17:02:33", "elapsed": 1261.235132, "delta": 6.624878}}
{"target": -1.0, "params": {"Bgrad": 0.6043751316925116, "d1": -1.5046376533907408, "d2": -0.3367180660899467, "d3": -2.462455167744612, "d4": -0.4246482381084924, "p1": 1.1706528529365934, "p2": 31.386758183085462, "p3": 43.29391174721852, "p4": 2.161631706924333, "pol1": 0.7381651319967248, "pol2": -0.4261067135984087, "pol3": 0.20201326835630895, "pol4": 0.9878709975789146, "v0s": 2.135329676251831}, "datetime": {"datetime": "2022-06-21 17:02:38", "elapsed": 1266.738014, "delta": 5.502882}}
{"target": -1.0, "params": {"Bgrad": 0.6043751316925116, "d1": -1.5046376533907408, "d2": -0.3367180660899467, "d3": -2.462455167744612, "d4": -0.4246482381084924, "p1": 1.1706528529365934, "p2": 31.386758183085462, "p3": 43.29391174721852, "p4": 2.161631706924333, "pol1": 0.7381651319967248, "pol2": -0.4261067135984087, "pol3": 0.20201326835630895, "pol4": 0.9878709975789146, "v0s": 2.135329676251831}, "datetime": {"datetime": "2022-06-21 17:02:38", "elapsed": 1266.738014, "delta": 5.502882}}
{"target": -1.0, "params": {"Bgrad": 1.9233464256508155, "d1": -2.363665133780239, "d2": 0.11116617839509946, "d3": 0.6832117642927602, "d4": -1.683262053063006, "p1": 30.70981412617826, "p2": 48.812022330612834, "p3": 26.41635644110269, "p4": 39.11759554824588, "pol1": 0.18922255621822837, "pol2": 0.8238076372170069, "pol3": -0.05369066372034026, "pol4": -0.5260402397009667, "v0s": 6.905181497566875}, "datetime": {"datetime": "2022-06-21 17:02:50", "elapsed": 1278.81095, "delta": 12.072936}}
{"target": -1.0, "params": {"Bgrad": 1.9233464256508155, "d1": -2.363665133780239, "d2": 0.11116617839509946, "d3": 0.6832117642927602, "d4": -1.683262053063006, "p1": 30.70981412617826, "p2": 48.812022330612834, "p3": 26.41635644110269, "p4": 39.11759554824588, "pol1": 0.18922255621822837, "pol2": 0.8238076372170069, "pol3": -0.05369066372034026, "pol4": -0.5260402397009667, "v0s": 6.905181497566875}, "datetime": {"datetime": "2022-06-21 17:02:50", "elapsed": 1278.811947, "delta": 12.073933}}
{"target": 4.321012572732742, "params": {"Bgrad": 1.9358809614167407, "d1": -1.124089471666152, "d2": 0.20818397853119652, "d3": -2.0549226042667494, "d4": -2.921477428734866, "p1": 0.7998015442758244, "p2": 27.53926884737735, "p3": 10.91961937153152, "p4": 14.927552403610072, "pol1": -0.6265261260742767, "pol2": 0.8182002759999578, "pol3": 0.5429470873555415, "pol4": 0.0974394288556415, "v0s": 4.321012572732742}, "datetime": {"datetime": "2022-06-21 17:02:58", "elapsed": 1286.129491, "delta": 7.318541}}
{"target": 4.321012572732742, "params": {"Bgrad": 1.9358809614167407, "d1": -1.124089471666152, "d2": 0.20818397853119652, "d3": -2.0549226042667494, "d4": -2.921477428734866, "p1": 0.7998015442758244, "p2": 27.53926884737735, "p3": 10.91961937153152, "p4": 14.927552403610072, "pol1": -0.6265261260742767, "pol2": 0.8182002759999578, "pol3": 0.5429470873555415, "pol4": 0.0974394288556415, "v0s": 4.321012572732742}, "datetime": {"datetime": "2022-06-21 17:02:58", "elapsed": 1286.130489, "delta": 7.318542}}
{"target": 3.6639761366011023, "params": {"Bgrad": 1.5278890490712163, "d1": 0.8287149486502265, "d2": -0.3013418922623825, "d3": -1.9023552017203498, "d4": -2.280882146284574, "p1": 49.33954379113043, "p2": 17.58571391489253, "p3": 25.882494098869298, "p4": 14.239062658628631, "pol1": -0.22671712582629544, "pol2": 0.6458717420666218, "pol3": -0.6771569812937339, "pol4": 0.03692927760010889, "v0s": 3.6639761366011023}, "datetime": {"datetime": "2022-06-21 17:03:03", "elapsed": 1291.848315, "delta": 5.718824}}
{"target": 3.6639761366011023, "params": {"Bgrad": 1.5278890490712163, "d1": 0.8287149486502265, "d2": -0.3013418922623825, "d3": -1.9023552017203498, "d4": -2.280882146284574, "p1": 49.33954379113043, "p2": 17.58571391489253, "p3": 25.882494098869298, "p4": 14.239062658628631, "pol1": -0.22671712582629544, "pol2": 0.6458717420666218, "pol3": -0.6771569812937339, "pol4": 0.03692927760010889, "v0s": 3.6639761366011023}, "datetime": {"datetime": "2022-06-21 17:03:03", "elapsed": 1291.849313, "delta": 5.718824}}
{"target": -1.0, "params": {"Bgrad": 1.5967486369568875, "d1": -1.8201850345297315, "d2": -1.09115332103528, "d3": 0.6211657938582973, "d4": -2.654759501056432, "p1": 29.914705391944953, "p2": 1.448819433827525, "p3": 37.34951280729265, "p4": 4.567869185515372, "pol1": -0.6447796971693067, "pol2": 0.6548799519899704, "pol3": 0.34046443186434305, "pol4": -0.7940587975655737, "v0s": 3.3295532530450918}, "datetime": {"datetime": "2022-06-21 17:04:21", "elapsed": 1369.226725, "delta": 77.37841}}
{"target": -1.0, "params": {"Bgrad": 1.5967486369568875, "d1": -1.8201850345297315, "d2": -1.09115332103528, "d3": 0.6211657938582973, "d4": -2.654759501056432, "p1": 29.914705391944953, "p2": 1.448819433827525, "p3": 37.34951280729265, "p4": 4.567869185515372, "pol1": -0.6447796971693067, "pol2": 0.6548799519899704, "pol3": 0.34046443186434305, "pol4": -0.7940587975655737, "v0s": 3.3295532530450918}, "datetime": {"datetime": "2022-06-21 17:04:21", "elapsed": 1369.227723, "delta": 77.37841}}
{"target": 2.9337650682681895, "params": {"Bgrad": 1.8305168221955783, "d1": -0.582651284004962, "d2": -2.479396141800643, "d3": -1.3200176185306627, "d4": -2.3062126861859693, "p1": 13.377930422344587, "p2": 23.746860754047074, "p3": 1.0565031920568735, "p4": 39.919093734772765, "pol1": 0.6478213139544347, "pol2": 0.20431996911799, "pol3": -0.8127253009148252, "pol4": 0.21178826445446908, "v0s": 2.9337650682681895}, "datetime": {"datetime": "2022-06-21 17:04:26", "elapsed": 1374.261862, "delta": 5.035137}}
