{"target": 5.050308808640786, "params": {"Bgrad": 0.7443972607068781, "d1": -2.426837083069146, "d2": 0.487789298949976, "d3": -1.5699967921119682, "d4": -0.668449270509652, "p1": 2.619735010628279, "p2": 5.068183812797549, "p3": 23.350564152543967, "p4": 16.745201391396623, "pol1": 0.30826697330798836, "pol2": -0.37565016664210504, "pol3": 0.4813383807792473, "pol4": -0.3939587548209324, "v0s": 5.050308808640786}, "datetime": {"datetime": "2022-04-29 21:23:10", "elapsed": 107502.863808, "delta": 41.083151}}
{"target": -1.0, "params": {"Bgrad": 1.9807954601804947, "d1": -2.450753240649189, "d2": -0.8193750162517022, "d3": -1.8193743296901133, "d4": -0.8630019824396564, "p1": 22.738404816463575, "p2": 26.395458076695867, "p3": 24.12918399502707, "p4": 4.0778286092064135, "pol1": -0.4623651231645387, "pol2": -0.23535151660721554, "pol3": -0.3323883476279603, "pol4": 0.859995383446714, "v0s": 4.293330207518171}, "datetime": {"datetime": "2022-04-29 21:23:51", "elapsed": 107543.967903, "delta": 41.104095}}
{"target": 2.134856440457428, "params": {"Bgrad": 1.8591110808427176, "d1": -0.35471594757854685, "d2": 0.15293304449477452, "d3": -2.855163033525901, "d4": -2.2986084608443886, "p1": 26.31724560238229, "p2": 8.299095366332148, "p3": 22.712902783358036, "p4": 27.26719249302115, "pol1": -0.6155001970434564, "pol2": 0.9674684919571246, "pol3": 0.15835426913110262, "pol4": 0.31117662459996853, "v0s": 2.134856440457428}, "datetime": {"datetime": "2022-04-29 21:24:13", "elapsed": 107566.372996, "delta": 22.405093}}
{"target": 3.623020534519727, "params": {"Bgrad": 1.816811717394224, "d1": -0.43112286384939047, "d2": 0.32053409086358586, "d3": -1.4479348445441351, "d4": -0.8360893819784314, "p1": 26.854923047637435, "p2": 7.076144861151229, "p3": 33.66534285447907, "p4": 30.596434963852058, "pol1": -0.36695901716063073, "pol2": -0.012241789504959355, "pol3": -0.624811291323627, "pol4": -0.9392273399095121, "v0s": 3.623020534519727}, "datetime": {"datetime": "2022-04-29 21:24:34", "elapsed": 107586.884153, "delta": 20.511157}}
{"target": 4.190818261992973, "params": {"Bgrad": 0.7235777110724742, "d1": -2.059051793049813, "d2": -1.8196821243539731, "d3": -1.9972076646886592, "d4": -2.533886696536127, "p1": 6.883849922769714, "p2": 0.21815136730118923, "p3": 36.88856816980173, "p4": 45.674897912413236, "pol1": -0.3197179919473092, "pol2": 0.7824063828965289, "pol3": 0.7887315286025507, "pol4": -0.3286389438346484, "v0s": 4.190818261992973}, "datetime": {"datetime": "2022-04-29 21:25:06", "elapsed": 107619.078072, "delta": 32.193919}}
{"target": -1.0, "params": {"Bgrad": 0.9838338243782505, "d1": -2.030294530949078, "d2": -0.5724855710175212, "d3": -0.7422397824917111, "d4": -0.8008604892170283, "p1": 15.704365317633728, "p2": 13.682190307034398, "p3": 31.05695702874453, "p4": 34.64306323177855, "pol1": -0.6953673254820498, "pol2": 0.9568224823008888, "pol3": -0.12004043301603873, "pol4": 0.5917684245316752, "v0s": 5.24539644632325}, "datetime": {"datetime": "2022-04-29 21:25:46", "elapsed": 107659.13397, "delta": 40.055898}}
{"target": -1.0, "params": {"Bgrad": 1.3062983321279518, "d1": 0.5293849407529616, "d2": 0.9454376174876211, "d3": -1.4551796693627201, "d4": -2.0584617842781463, "p1": 1.238325407865315, "p2": 31.688519442196895, "p3": 17.017899921131363, "p4": 10.590125284603003, "pol1": 0.2127077244586253, "pol2": -0.4676874794772974, "pol3": 0.4791191822765355, "pol4": -0.20943558836251208, "v0s": 2.344819237393801}, "datetime": {"datetime": "2022-04-29 21:26:19", "elapsed": 107692.487788, "delta": 33.353818}}
{"target": 3.7957317597364715, "params": {"Bgrad": 1.5617106441978583, "d1": -0.6749250805972493, "d2": -0.8323804567316193, "d3": -2.437553599029245, "d4": -1.340248351066633, "p1": 4.305883656654164, "p2": 1.9924911398205292, "p3": 28.98077855847437, "p4": 14.119841884149498, "pol1": 0.23019693371042194, "pol2": 0.39947135336853146, "pol3": -0.6152381054115934, "pol4": 0.5518967235636696, "v0s": 3.7957317597364715}, "datetime": {"datetime": "2022-04-29 21:26:40", "elapsed": 107712.728668, "delta": 20.24088}}
{"target": -1.0, "params": {"Bgrad": 1.621396143956101, "d1": -0.44385945002212823, "d2": -0.9467999381585996, "d3": -2.2262649282723257, "d4": -1.118326605055755, "p1": 26.44381212227224, "p2": 7.393152845442125, "p3": 32.31218286936684, "p4": 26.374375960705688, "pol1": -0.37166130897709726, "pol2": -0.1257203457424787, "pol3": 0.9507142492741489, "pol4": 0.8803660226514605, "v0s": 4.491016728365652}, "datetime": {"datetime": "2022-04-29 21:27:08", "elapsed": 107741.172614, "delta": 28.443946}}
{"target": -1.0, "params": {"Bgrad": 0.7280131961819833, "d1": -2.1111012286243707, "d2": -0.9924313748604257, "d3": -0.7188024987627859, "d4": -0.7291654714819185, "p1": 23.58211689140645, "p2": 24.426008303743522, "p3": 9.581503332784857, "p4": 32.12627696541186, "pol1": 0.6096830064285934, "pol2": -0.9701907878468958, "pol3": 0.22236884835268866, "pol4": -0.2839287984395782, "v0s": 4.212701573208344}, "datetime": {"datetime": "2022-04-29 21:27:32", "elapsed": 107764.620917, "delta": 23.448303}}
{"target": -1.0, "params": {"Bgrad": 1.6121325678517646, "d1": -1.3920072690103948, "d2": -0.5315326290969469, "d3": -1.1541518895667062, "d4": -2.9745355263991677, "p1": 16.528153536596733, "p2": 29.07195532110031, "p3": 32.252484415768464, "p4": 27.224310771904047, "pol1": -0.6704491800221455, "pol2": -0.9997237411952942, "pol3": 0.5959080779158796, "pol4": 0.3852337899763303, "v0s": 3.267007433145177}, "datetime": {"datetime": "2022-04-29 21:27:55", "elapsed": 107787.92361, "delta": 23.302693}}
{"target": 3.9426286909113673, "params": {"Bgrad": 0.9965190497204947, "d1": -1.9005719773992045, "d2": 0.13049073372486264, "d3": -2.1361158355316405, "d4": -0.9840292800253705, "p1": 1.2600144461413165, "p2": 31.585758542405713, "p3": 16.375923070305554, "p4": 10.048036948325178, "pol1": 0.5994841904323984, "pol2": -0.473998556086205, "pol3": 0.02722143790959808, "pol4": 0.04973710625670247, "v0s": 3.9426286909113673}, "datetime": {"datetime": "2022-04-29 21:28:25", "elapsed": 107818.216612, "delta": 30.293002}}
{"target": -1.0, "params": {"Bgrad": 1.0742179891186376, "d1": -0.14282281914720674, "d2": -0.6960120697551737, "d3": -0.8984983625819969, "d4": 0.9801578250479688, "p1": 29.96561194441729, "p2": 46.3897689215495, "p3": 25.72207600300387, "p4": 27.183185685926443, "pol1": -0.45085167245193336, "pol2": -0.6067651721146092, "pol3": -0.8338676124922593, "pol4": 0.03622583332112583, "v0s": 4.365111215217986}, "datetime": {"datetime": "2022-04-29 21:28:50", "elapsed": 107842.778937, "delta": 24.562325}}
{"target": -1.0, "params": {"Bgrad": 0.833567695202521, "d1": -1.276725665730484, "d2": -2.045387729591362, "d3": -2.692838992668894, "d4": -1.8891176415275162, "p1": 14.945013375310396, "p2": 29.1429319564459, "p3": 30.86328699727523, "p4": 29.764026920707188, "pol1": -0.2168841634973402, "pol2": 0.8783591850552117, "pol3": 0.9177292738298317, "pol4": 0.1431907827802632, "v0s": 4.075126769499418}, "datetime": {"datetime": "2022-04-29 21:29:11", "elapsed": 107864.438025, "delta": 21.659088}}
{"target": 4.750753963804148, "params": {"Bgrad": 0.8949872044907443, "d1": -1.3845018586707267, "d2": 0.7261306569703527, "d3": -0.24044214128497599, "d4": -1.2748793986745786, "p1": 1.128992506396842, "p2": 7.554249092525422, "p3": 21.261743196525774, "p4": 20.47090148975805, "pol1": 0.8481918099688082, "pol2": -0.6225694438121898, "pol3": -0.2291111981550107, "pol4": 0.1754583211263614, "v0s": 4.750753963804148}, "datetime": {"datetime": "2022-04-29 21:29:32", "elapsed": 107885.433885, "delta": 20.99586}}
{"target": -1.0, "params": {"Bgrad": 1.0113333278487833, "d1": -1.981008639135001, "d2": 0.3652683939118839, "d3": 0.699111549006401, "d4": -2.0590764097227834, "p1": 24.59294780816661, "p2": 24.135672797220536, "p3": 42.61506106866618, "p4": 44.64103950666296, "pol1": 0.31155824498643714, "pol2": -0.010809171998582556, "pol3": 0.862546936426509, "pol4": -0.21422105713317863, "v0s": 4.737245574952214}, "datetime": {"datetime": "2022-04-29 21:30:01", "elapsed": 107914.100237, "delta": 28.666352}}
{"target": 3.4071613227406377, "params": {"Bgrad": 1.701729673726811, "d1": -1.0443300737192258, "d2": 0.03611758994073799, "d3": -1.1813843940251307, "d4": -0.9591536355241002, "p1": 22.31645429310593, "p2": 23.21226917070231, "p3": 10.514032534388262, "p4": 38.004639846960906, "pol1": -0.2340170209828638, "pol2": 0.0992217433468141, "pol3": 0.8202916237662095, "pol4": 0.3920654192314055, "v0s": 3.4071613227406377}, "datetime": {"datetime": "2022-04-29 21:30:38", "elapsed": 107950.613607, "delta": 36.51337}}
{"target": 3.523965984688356, "params": {"Bgrad": 1.4469285183137643, "d1": -2.5410274578412206, "d2": -1.0501760153797637, "d3": 0.13690512152857526, "d4": -0.8052978590950608, "p1": 3.061156273380139, "p2": 5.362051383498468, "p3": 23.49256287031335, "p4": 17.890611466858953, "pol1": -0.16035338785504694, "pol2": 0.9128018922624066, "pol3": 0.3155731612244774, "pol4": -0.18542037226504227, "v0s": 3.523965984688356}, "datetime": {"datetime": "2022-04-29 21:31:04", "elapsed": 107976.578182, "delta": 25.964575}}
{"target": 4.151452194030032, "params": {"Bgrad": 1.5886210332843091, "d1": -2.047067498731821, "d2": 0.21905636474797108, "d3": -1.9972928090763187, "d4": -0.8138919653605954, "p1": 20.60737342203554, "p2": 25.40117997983581, "p3": 9.194658791384692, "p4": 32.50344684917521, "pol1": -0.46158024048103496, "pol2": 0.28073263691946715, "pol3": 0.4883369834717082, "pol4": -0.17663421560659032, "v0s": 4.151452194030032}, "datetime": {"datetime": "2022-04-29 21:31:40", "elapsed": 108012.720544, "delta": 36.142362}}
{"target": -1.0, "params": {"Bgrad": 1.3598801317329707, "d1": -1.0079527472167795, "d2": 0.3731030110772595, "d3": -1.6485791106673746, "d4": -2.1947684391453315, "p1": 5.894079291775123, "p2": 0.999932657551883, "p3": 30.0192882006749, "p4": 14.398810337222539, "pol1": 0.4082888810050038, "pol2": 0.47712219561894575, "pol3": -0.47216843901879835, "pol4": -0.800654754674408, "v0s": 5.794286455518494}, "datetime": {"datetime": "2022-04-29 21:32:07", "elapsed": 108040.201067, "delta": 27.480523}}
{"target": -1.0, "params": {"Bgrad": 0.7244825428269448, "d1": -1.5373740559325562, "d2": 0.6810577886356675, "d3": -1.0306657453104529, "d4": -0.5491092634614692, "p1": 46.986334788484776, "p2": 2.1728715241772556, "p3": 19.45522951308223, "p4": 17.559758690595366, "pol1": 0.21830115317087007, "pol2": 0.5947855850279455, "pol3": 0.7891992353596022, "pol4": 0.9666948499411605, "v0s": 2.8743750295521835}, "datetime": {"datetime": "2022-04-29 21:32:54", "elapsed": 108087.2373, "delta": 47.036233}}
{"target": 2.5545778314631615, "params": {"Bgrad": 1.378594840466443, "d1": -1.519345825130682, "d2": -0.12106195357166216, "d3": -2.212972338771553, "d4": -1.1211533263780553, "p1": 23.50376730653434, "p2": 29.05507672559876, "p3": 24.096765968262535, "p4": 4.26046015263068, "pol1": -0.1325002216778528, "pol2": 0.4378620670330029, "pol3": -0.38029393514751986, "pol4": -0.10875898784757587, "v0s": 2.5545778314631615}, "datetime": {"datetime": "2022-04-29 21:34:02", "elapsed": 108155.011085, "delta": 67.773785}}
{"target": -1.0, "params": {"Bgrad": 1.322736123711647, "d1": -0.7634728734597203, "d2": 0.6572854500478802, "d3": -2.3147069847004618, "d4": -1.2880554527681212, "p1": 41.725002709932824, "p2": 44.327888923407535, "p3": 33.66567602706363, "p4": 14.987010899671894, "pol1": -0.2349287166263776, "pol2": -0.9704681037187921, "pol3": -0.47037238958375993, "pol4": -0.9536481196608255, "v0s": 5.0106150138545695}, "datetime": {"datetime": "2022-04-29 21:34:30", "elapsed": 108183.409154, "delta": 28.398069}}
{"target": -1.0, "params": {"Bgrad": 0.9719887180975693, "d1": -1.9591091215807745, "d2": -2.246622320350262, "d3": -1.129511464692753, "d4": 0.0405428577458129, "p1": 15.370615512534725, "p2": 13.58094089090306, "p3": 29.26652082461701, "p4": 32.21726805058691, "pol1": -0.9364623840353758, "pol2": 0.41869412999272315, "pol3": -0.5937295007784709, "pol4": -0.8930046160300931, "v0s": 3.0801222122974616}, "datetime": {"datetime": "2022-04-29 21:34:57", "elapsed": 108210.011025, "delta": 26.601871}}
{"target": -1.0, "params": {"Bgrad": 0.9713771816657104, "d1": -0.6423672085926566, "d2": 0.7585112783359502, "d3": -2.2735689480102392, "d4": -1.4450915014611065, "p1": 23.758379785209144, "p2": 27.99166433579014, "p3": 23.43204207232273, "p4": 4.0074625564139215, "pol1": 0.7547558790978466, "pol2": -0.35474850266269975, "pol3": -0.6572866969538214, "pol4": -0.02833869583779336, "v0s": 3.252339934519336}, "datetime": {"datetime": "2022-04-29 21:35:22", "elapsed": 108235.517825, "delta": 25.5068}}
{"target": 4.204849475658639, "params": {"Bgrad": 1.2827663224753092, "d1": -2.343858541696516, "d2": 0.09489731284846471, "d3": -1.7731633443735209, "d4": -0.2169000338684738, "p1": 29.32351280161879, "p2": 45.62674956062755, "p3": 25.482900345844545, "p4": 27.64140701285217, "pol1": -0.4391373810150504, "pol2": -0.566882059975173, "pol3": 0.28452364406356134, "pol4": 0.026384299832928844, "v0s": 4.204849475658639}, "datetime": {"datetime": "2022-04-29 21:35:47", "elapsed": 108260.101094, "delta": 24.583269}}
{"target": -1.0, "params": {"Bgrad": 1.5479292326973189, "d1": -1.9045412456401012, "d2": 0.22262523273424284, "d3": -2.1028756451141986, "d4": -1.5190074851066422, "p1": 16.065521078241762, "p2": 37.29369708423981, "p3": 1.826281658150014, "p4": 30.535539074595437, "pol1": 0.024426901719645233, "pol2": -0.5984713535636121, "pol3": 0.009759295666144086, "pol4": 0.5495131942465514, "v0s": 2.685797853800922}, "datetime": {"datetime": "2022-04-29 21:36:14", "elapsed": 108286.920384, "delta": 26.81929}}
{"target": 4.09140648687075, "params": {"Bgrad": 1.5246679046143987, "d1": -1.9251008614906258, "d2": 0.1411572661340065, "d3": -2.5367377507879603, "d4": 0.11684679868082869, "p1": 23.229070763409393, "p2": 28.493218126225976, "p3": 25.548921193351116, "p4": 4.877774373486926, "pol1": -0.853393342582442, "pol2": -0.18865775831916404, "pol3": -0.24795376520560064, "pol4": -0.6624091988963327, "v0s": 4.09140648687075}, "datetime": {"datetime": "2022-04-29 21:36:56", "elapsed": 108328.729594, "delta": 41.80921}}
{"target": -1.0, "params": {"Bgrad": 1.034500295203443, "d1": -1.604870898327912, "d2": 0.7950102153646661, "d3": -1.4043323596043682, "d4": -1.4707042709507605, "p1": 32.097169075804665, "p2": 13.401225144901002, "p3": 3.631110082138317, "p4": 17.959359253093698, "pol1": 0.17245003117354507, "pol2": 0.022992546704208472, "pol3": 0.27313859864231693, "pol4": -0.679951844213688, "v0s": 5.789580312797939}, "datetime": {"datetime": "2022-04-29 21:37:23", "elapsed": 108355.661582, "delta": 26.931988}}
{"target": -1.0, "params": {"Bgrad": 1.449294703206784, "d1": -1.330798891433795, "d2": 0.9584585459372641, "d3": -1.9918429281023293, "d4": -2.886980462575382, "p1": 43.64133440638035, "p2": 43.8389037951628, "p3": 30.719616209794147, "p4": 16.238312070315658, "pol1": 0.6331792541868171, "pol2": -0.2934338637986855, "pol3": -0.2467857234227453, "pol4": -0.03633609244718583, "v0s": 4.635179129835442}, "datetime": {"datetime": "2022-04-29 21:37:52", "elapsed": 108384.652067, "delta": 28.990485}}
{"target": 4.06632012208582, "params": {"Bgrad": 1.022326180796355, "d1": -2.2927989238434314, "d2": 0.3055785044689259, "d3": -1.607374787122666, "d4": -1.384759255889718, "p1": 41.91574381118534, "p2": 42.80546541330926, "p3": 31.42881481619576, "p4": 15.373784779972834, "pol1": 0.1003061640442773, "pol2": -0.44602433146550785, "pol3": 0.8131846063662534, "pol4": 0.38640079335262884, "v0s": 4.06632012208582}, "datetime": {"datetime": "2022-04-29 21:38:13", "elapsed": 108405.986024, "delta": 21.333957}}
{"target": -1.0, "params": {"Bgrad": 1.3691008418224855, "d1": -2.7707560816235692, "d2": 0.17471810762421836, "d3": -0.6983822901199925, "d4": -2.089052755814939, "p1": 28.087797558619215, "p2": 41.106286415483765, "p3": 28.89214320630798, "p4": 19.955738221953606, "pol1": 0.8226967729269428, "pol2": 0.19572121973379497, "pol3": 0.6054112043444169, "pol4": -0.9315633992633578, "v0s": 6.406825695019031}, "datetime": {"datetime": "2022-04-29 21:38:49", "elapsed": 108442.058573, "delta": 36.072549}}
{"target": -1.0, "params": {"Bgrad": 1.9148943007419845, "d1": -1.7131448829757936, "d2": 0.6239561458876226, "d3": -1.526586253012984, "d4": -2.0570270892950853, "p1": 2.909870239844042, "p2": 30.35004897258006, "p3": 25.194389828614185, "p4": 24.601840729789537, "pol1": 0.6149008426099929, "pol2": -0.7001638671374684, "pol3": -0.16252179096612207, "pol4": -0.40294381425908776, "v0s": 3.252947768820624}, "datetime": {"datetime": "2022-04-29 21:39:20", "elapsed": 108472.702636, "delta": 30.644063}}
{"target": 4.4509757689440566, "params": {"Bgrad": 1.6273740755581954, "d1": -2.259858003101092, "d2": 0.6126443764617893, "d3": -1.8951348409780566, "d4": -0.14626513762781382, "p1": 41.543731047785144, "p2": 43.79960246323779, "p3": 32.144877544113086, "p4": 14.181738215862419, "pol1": 0.5797335038563859, "pol2": -0.018993605099994555, "pol3": 0.744996648639042, "pol4": -0.06069766773883025, "v0s": 4.4509757689440566}, "datetime": {"datetime": "2022-04-29 21:39:48", "elapsed": 108500.768593, "delta": 28.065957}}
{"target": 4.421738081484887, "params": {"Bgrad": 0.8730831202239342, "d1": -2.9414855303631513, "d2": 0.2407294519059886, "d3": -2.1446422977480206, "d4": 0.03876783171848919, "p1": 28.601650696540204, "p2": 46.52540102477739, "p3": 24.061960670830306, "p4": 28.430149914352913, "pol1": 0.20937942607538207, "pol2": 0.3559381874560934, "pol3": -0.2236627041390209, "pol4": 0.21944429468330084, "v0s": 4.421738081484887}, "datetime": {"datetime": "2022-04-29 21:40:14", "elapsed": 108526.835893, "delta": 26.0673}}
{"target": 4.942137802393333, "params": {"Bgrad": 1.7162861295477612, "d1": -1.0820515331510343, "d2": 0.7126615914887813, "d3": -2.511491747626629, "d4": -2.2746163332951355, "p1": 20.985333145355323, "p2": 24.79709099483806, "p3": 40.712883709338776, "p4": 46.56991753007042, "pol1": -0.723046305570842, "pol2": 0.6411626263853215, "pol3": 0.9017592697755141, "pol4": 0.9103364876068383, "v0s": 4.942137802393333}, "datetime": {"datetime": "2022-04-29 21:40:52", "elapsed": 108564.570997, "delta": 37.735104}}
{"target": -1.0, "params": {"Bgrad": 0.7748022817827909, "d1": -1.782882637978548, "d2": 0.48894856932985764, "d3": -2.2776586260401253, "d4": 0.5006965291733954, "p1": 43.98954369025323, "p2": 25.917539760114582, "p3": 20.49523100428735, "p4": 5.681645496587739, "pol1": -0.6503425138687462, "pol2": 0.8396684155237826, "pol3": -0.28370638361747735, "pol4": 0.1330858404398787, "v0s": 4.074674933655279}, "datetime": {"datetime": "2022-04-29 21:41:26", "elapsed": 108598.603999, "delta": 34.033002}}
{"target": 4.7771118327714275, "params": {"Bgrad": 1.61569623131898, "d1": -0.9347917241820682, "d2": 0.6891410100519078, "d3": -2.21227542572414, "d4": -1.8518556353035989, "p1": 21.311448765844716, "p2": 24.618106477085416, "p3": 40.541962592577185, "p4": 46.54182848727226, "pol1": -0.4708853819954746, "pol2": 0.6982203644957775, "pol3": 0.8521106923311691, "pol4": 0.6508788729836744, "v0s": 4.7771118327714275}, "datetime": {"datetime": "2022-04-29 21:42:04", "elapsed": 108637.204787, "delta": 38.600788}}
{"target": 4.238046414394618, "params": {"Bgrad": 1.4740986335493882, "d1": -0.9137181811692354, "d2": 0.2226031703240987, "d3": -0.6747663551041159, "d4": -1.1971230358657934, "p1": 2.5514080893593083, "p2": 29.72726804714393, "p3": 24.474227885785954, "p4": 21.66623212334839, "pol1": -0.3668671575934248, "pol2": -0.6172055842210351, "pol3": 0.11842142246279641, "pol4": -0.6591663824788305, "v0s": 4.238046414394618}, "datetime": {"datetime": "2022-04-29 21:42:27", "elapsed": 108660.130488, "delta": 22.925701}}
{"target": 5.723043645275736, "params": {"Bgrad": 1.675772342694279, "d1": -1.258906077853661, "d2": 0.7497758926770937, "d3": -0.38204151584638346, "d4": -2.834118039276046, "p1": 14.532223506109387, "p2": 17.80926031309718, "p3": 32.026386766220355, "p4": 36.62105819158509, "pol1": -0.5988902005054908, "pol2": 0.7837885885240286, "pol3": 0.845027934485779, "pol4": 0.7638719291236582, "v0s": 5.723043645275736}, "datetime": {"datetime": "2022-04-29 21:43:10", "elapsed": 108702.673735, "delta": 42.543247}}
{"target": -1.0, "params": {"Bgrad": 0.6345728065343895, "d1": -1.1366792701253052, "d2": 0.9816455715881043, "d3": 0.3946404952611555, "d4": -2.0996896591029643, "p1": 5.252683306537725, "p2": 1.4520934375706007, "p3": 40.34951938467453, "p4": 48.205765604457405, "pol1": 0.9004734081357963, "pol2": -0.40885612215886225, "pol3": -0.2960767981281751, "pol4": -0.7079825783126421, "v0s": 3.604783216395702}, "datetime": {"datetime": "2022-04-29 21:43:49", "elapsed": 108742.268865, "delta": 39.59513}}
{"target": -1.0, "params": {"Bgrad": 1.2260325741258975, "d1": -2.205465580534092, "d2": -0.26206993780590127, "d3": -1.549473327448923, "d4": 0.4412993037521371, "p1": 3.73010312815818, "p2": 14.038708288675195, "p3": 31.970487234002615, "p4": 1.9403850192863448, "pol1": 0.1005440969488216, "pol2": 0.4443656172256556, "pol3": 0.6460316539098652, "pol4": -0.9234607846433951, "v0s": 3.786199327493649}, "datetime": {"datetime": "2022-04-29 21:44:32", "elapsed": 108785.462374, "delta": 43.193509}}
{"target": 4.008477677856028, "params": {"Bgrad": 1.6261323050007939, "d1": 0.06588328559897348, "d2": 0.18885709214445523, "d3": -2.1765507473380685, "d4": -1.4193578774610407, "p1": 38.127515343924394, "p2": 26.887875479354445, "p3": 23.773090376323353, "p4": 33.40445546747161, "pol1": 0.3504903834480353, "pol2": 0.6535355999474671, "pol3": 0.5083985728577669, "pol4": 0.017391896613163812, "v0s": 4.008477677856028}, "datetime": {"datetime": "2022-04-29 21:45:09", "elapsed": 108822.269957, "delta": 36.807583}}
