{"target": 3.231619602946332, "params": {"Bgrad": 5.226936491332229, "d1": -2.8185250225357406, "d2": -2.993876271747962, "d3": -2.693363556707823, "d4": -0.8615630108811225, "p1": 3.8371227792821507, "p2": 4.816498558772692, "p3": 36.04200379788972, "p4": 21.6873322898879, "pol1": -0.13056788107857706, "pol2": -0.21780656650920532, "pol3": -0.035581139825805144, "pol4": 0.3370056907201565, "v0s": 3.231619602946332}, "datetime": {"datetime": "2022-04-11 14:45:04", "elapsed": 607.387336, "delta": 6.252392}}
{"target": 4.2848536271843685, "params": {"Bgrad": 5.648229425724273, "d1": -2.098899173352097, "d2": -2.7390706751590574, "d3": -2.2116056106214503, "d4": -2.016762540232871, "p1": 2.9599383450727843, "p2": 4.573652930249814, "p3": 37.11611148283079, "p4": 22.49749826701873, "pol1": -1.0, "pol2": -0.4943887611175312, "pol3": -0.1608543146305029, "pol4": 1.0, "v0s": 4.2848536271843685}, "datetime": {"datetime": "2022-04-11 14:45:10", "elapsed": 612.883226, "delta": 5.49589}}
{"target": -1.0, "params": {"Bgrad": 3.9824723999560185, "d1": -1.6969295584278727, "d2": 0.11318890239193102, "d3": -0.7751996809169679, "d4": -1.5620045438612884, "p1": 42.99325600216567, "p2": 15.385169924272562, "p3": 14.948706012390945, "p4": 37.03148002331705, "pol1": 0.9538657664935462, "pol2": 0.18063806697689389, "pol3": -0.002308782780505947, "pol4": -0.9139846308580382, "v0s": 4.947616251233893}, "datetime": {"datetime": "2022-04-11 14:45:30", "elapsed": 633.002736, "delta": 20.11951}}
{"target": -1.0, "params": {"Bgrad": 7.939653741698053, "d1": 0.18641364528471538, "d2": -2.114444951894762, "d3": -0.6824876832198332, "d4": 0.012732216206061242, "p1": 7.43394909791299, "p2": 3.926316251823886, "p3": 35.39199993014, "p4": 24.22816047566629, "pol1": -0.45987494795642037, "pol2": 0.3326745716691266, "pol3": 0.0338592954739283, "pol4": -0.8974948206219222, "v0s": 3.4115540084818763}, "datetime": {"datetime": "2022-04-11 14:45:49", "elapsed": 651.526056, "delta": 18.52332}}
{"target": 2.860917380783228, "params": {"Bgrad": 10.099788944008273, "d1": -3.0, "d2": -3.0, "d3": -3.0, "d4": -3.0, "p1": 3.8920609673202557, "p2": 9.946679015218887, "p3": 36.04821948292556, "p4": 26.85015248033246, "pol1": 0.7768377706146538, "pol2": -1.0, "pol3": 0.4096628529771116, "pol4": -0.12849529785532532, "v0s": 2.860917380783228}, "datetime": {"datetime": "2022-04-11 14:46:01", "elapsed": 664.083689, "delta": 12.557633}}
{"target": -1.0, "params": {"Bgrad": 7.430796487752409, "d1": 0.6463094699505181, "d2": -2.9344677096365688, "d3": -2.0767987418790836, "d4": -0.7700253612500148, "p1": 4.246176312853684, "p2": 3.9153796403074983, "p3": 38.383403216594054, "p4": 23.381959334577296, "pol1": 0.9915108746275065, "pol2": -0.0297542801897277, "pol3": 0.9623437667284835, "pol4": 0.6631244423524805, "v0s": 5.809948982895362}, "datetime": {"datetime": "2022-04-11 14:46:16", "elapsed": 678.566182, "delta": 14.482493}}
{"target": 2.306281369813001, "params": {"Bgrad": 4.197441679301014, "d1": -0.710900203442192, "d2": 0.6058792527687591, "d3": -1.213728859724226, "d4": 1.0, "p1": 40.05257280408507, "p2": 16.355253675578208, "p3": 16.924544518901147, "p4": 33.500093450613214, "pol1": -1.0, "pol2": 1.0, "pol3": -1.0, "pol4": 0.6123787387247431, "v0s": 2.306281369813001}, "datetime": {"datetime": "2022-04-11 14:46:28", "elapsed": 690.445117, "delta": 11.878935}}
{"target": 2.2077467938298887, "params": {"Bgrad": 10.096624213306054, "d1": -3.0, "d2": -2.795498984035146, "d3": -3.0, "d4": -3.0, "p1": 6.541459383966011, "p2": 10.469698367541417, "p3": 36.39277402892545, "p4": 25.575514242210158, "pol1": -1.0, "pol2": -1.0, "pol3": 0.7490950548508781, "pol4": -0.27799880440694286, "v0s": 2.2077467938298887}, "datetime": {"datetime": "2022-04-11 14:46:37", "elapsed": 700.187734, "delta": 9.742617}}
{"target": 2.069966234266174, "params": {"Bgrad": 8.999744298178204, "d1": -1.007141123622917, "d2": -0.6955620612699756, "d3": 0.9211265617498903, "d4": -2.5279949032415723, "p1": 2.9929883569130955, "p2": 9.049325255484625, "p3": 35.32186222457149, "p4": 27.412671203463297, "pol1": 0.2380997720108733, "pol2": 0.4638317103533731, "pol3": -0.549101480494697, "pol4": -0.672809283066762, "v0s": 2.069966234266174}, "datetime": {"datetime": "2022-04-11 14:46:39", "elapsed": 702.326043, "delta": 2.138309}}
{"target": 3.9673801586543473, "params": {"Bgrad": 9.741250818888835, "d1": -2.911371564625922, "d2": -1.9308390856861086, "d3": -1.159620676566173, "d4": -2.7928941989059926, "p1": 5.190254772301955, "p2": 8.955972000421646, "p3": 36.09602786941557, "p4": 27.939076551656658, "pol1": -0.785176051964307, "pol2": -0.40692050523395484, "pol3": 0.3916458161604489, "pol4": -0.21121650652220977, "v0s": 3.9673801586543473}, "datetime": {"datetime": "2022-04-11 14:46:49", "elapsed": 712.238199, "delta": 9.912156}}
{"target": 3.1040148810768304, "params": {"Bgrad": 12.028166234154016, "d1": -1.7556749406518297, "d2": 0.38106436757640916, "d3": -2.7758527985532226, "d4": -2.898709273776824, "p1": 5.885947868784064, "p2": 9.43170790045585, "p3": 35.04461166763498, "p4": 28.293513823820454, "pol1": 0.32368717382563883, "pol2": 0.26291866069183945, "pol3": -0.573300532693436, "pol4": 0.07497171888928822, "v0s": 3.1040148810768304}, "datetime": {"datetime": "2022-04-11 14:46:57", "elapsed": 719.862932, "delta": 7.624733}}
{"target": 3.232954929266513, "params": {"Bgrad": 11.476436688594616, "d1": -2.9817255706674546, "d2": -1.5677229035087423, "d3": -1.6892927255972547, "d4": -2.706481771714067, "p1": 4.209979967180705, "p2": 7.409487336840676, "p3": 39.72158152679257, "p4": 26.8953543291938, "pol1": 0.0825273275477858, "pol2": -0.4243062784133671, "pol3": 0.6602431061804588, "pol4": -0.5744470603365106, "v0s": 3.232954929266513}, "datetime": {"datetime": "2022-04-11 14:47:06", "elapsed": 728.917872, "delta": 9.05494}}
{"target": -1.0, "params": {"Bgrad": 18.72394780627316, "d1": -2.955371183525963, "d2": -2.5844880529290486, "d3": 0.7274052564248511, "d4": -1.6130269531770356, "p1": 6.293569969040717, "p2": 47.8502419246237, "p3": 16.338353399954098, "p4": 37.19576892182952, "pol1": 0.33851491949727175, "pol2": 1.0, "pol3": 0.45369615015155695, "pol4": 0.43903941558211423, "v0s": 3.8587479676051375}, "datetime": {"datetime": "2022-04-11 14:47:27", "elapsed": 750.17884, "delta": 21.260968}}
{"target": -1.0, "params": {"Bgrad": 17.60234786780273, "d1": -2.0244757175705828, "d2": -2.322114561584302, "d3": -0.1909634164280223, "d4": -1.237565528324336, "p1": 9.933144550296102, "p2": 45.129917097454225, "p3": 18.272949856482764, "p4": 37.83123808539866, "pol1": 0.547674869502277, "pol2": 0.5705763821977592, "pol3": 0.07341487712676528, "pol4": 0.5548228858840356, "v0s": 4.2906417482208505}, "datetime": {"datetime": "2022-04-11 14:47:47", "elapsed": 770.227568, "delta": 20.048728}}
{"target": 4.591594758913763, "params": {"Bgrad": 8.898451620414011, "d1": -2.2747277236832546, "d2": 0.12289174336446163, "d3": -0.02645466424220677, "d4": -2.1054915374283825, "p1": 2.3518853047659274, "p2": 3.3982942932089646, "p3": 33.855418756474606, "p4": 22.810006044747887, "pol1": -0.8571471017425156, "pol2": 0.5304608047791304, "pol3": -0.46530069579139943, "pol4": 0.48657478070077764, "v0s": 4.591594758913763}, "datetime": {"datetime": "2022-04-11 14:47:59", "elapsed": 781.678148, "delta": 11.45058}}
{"target": 3.713076354624233, "params": {"Bgrad": 11.991970922992557, "d1": -2.7956200440596883, "d2": -2.991712848881291, "d3": -1.580641651424516, "d4": -2.3707799884108076, "p1": 6.648462508851099, "p2": 8.985188751250945, "p3": 36.103840499799205, "p4": 28.712726039350944, "pol1": -0.2995783458013044, "pol2": -0.906660331262666, "pol3": -0.854834390327549, "pol4": -0.6774666116370576, "v0s": 3.713076354624233}, "datetime": {"datetime": "2022-04-11 14:48:10", "elapsed": 792.474456, "delta": 10.796308}}
{"target": 3.6839913967603453, "params": {"Bgrad": 6.578349294441401, "d1": -0.5266711926558316, "d2": -1.6315163275358184, "d3": 0.6042998477040276, "d4": -1.9298914023647908, "p1": 1.3633509313341008, "p2": 4.102841846470529, "p3": 38.23011371389434, "p4": 22.289307706524188, "pol1": -0.0339300427123741, "pol2": -0.007420703062932521, "pol3": -0.9023034739063733, "pol4": -0.29997413375560256, "v0s": 3.6839913967603453}, "datetime": {"datetime": "2022-04-11 14:48:21", "elapsed": 803.597916, "delta": 11.12346}}
{"target": 5.885502339091453, "params": {"Bgrad": 12.108058192065528, "d1": -2.8984093075350157, "d2": -2.0249059179504143, "d3": -2.236092474085846, "d4": -2.899788833313781, "p1": 4.556630861752742, "p2": 7.409576631668102, "p3": 38.95031373162466, "p4": 26.082941119553826, "pol1": 0.5210332184887312, "pol2": -0.5944044310855041, "pol3": 0.2840471464910028, "pol4": -0.11614466679279056, "v0s": 5.885502339091453}, "datetime": {"datetime": "2022-04-11 14:48:33", "elapsed": 815.45737, "delta": 11.859454}}
{"target": 4.32040086582067, "params": {"Bgrad": 12.401608845764756, "d1": -2.3303753197761976, "d2": -2.174847973410936, "d3": -2.575833743784969, "d4": -1.2806295740233855, "p1": 7.842163725435541, "p2": 7.020437005301577, "p3": 34.052298070686284, "p4": 26.924996212051738, "pol1": -0.616591580094709, "pol2": 0.5652234585456375, "pol3": -0.04846404320175757, "pol4": -0.31895791667429263, "v0s": 4.32040086582067}, "datetime": {"datetime": "2022-04-11 14:48:45", "elapsed": 828.22699, "delta": 12.76962}}
{"target": 3.0277495017873184, "params": {"Bgrad": 12.017075786687899, "d1": -2.1824665146373365, "d2": -2.2811310153520736, "d3": -0.9224860881648893, "d4": -1.8355600496307445, "p1": 2.796118076441567, "p2": 7.678168195136942, "p3": 35.516151493826904, "p4": 27.943214967657724, "pol1": -0.22095796879066043, "pol2": 0.7982251740690973, "pol3": -0.31486814335971114, "pol4": 0.8176441069015787, "v0s": 3.0277495017873184}, "datetime": {"datetime": "2022-04-11 14:48:54", "elapsed": 836.596767, "delta": 8.369777}}
{"target": -1.0, "params": {"Bgrad": 10.901605677092839, "d1": -1.655586582491242, "d2": -1.3457384638965708, "d3": 0.4224936781307691, "d4": -2.433256770844746, "p1": 6.255525917180677, "p2": 7.169125164784795, "p3": 34.29487861873714, "p4": 28.242826968958873, "pol1": -0.2441197208417354, "pol2": 0.27658276956924666, "pol3": -0.39946966242854165, "pol4": -0.7433211515385554, "v0s": 5.685084246621796}, "datetime": {"datetime": "2022-04-11 14:49:16", "elapsed": 858.786819, "delta": 22.190052}}
{"target": 2.509904325610225, "params": {"Bgrad": 5.102742713931748, "d1": -1.1991771941405318, "d2": -1.0410962728648974, "d3": -0.7241465274731338, "d4": -1.816894414679807, "p1": 5.4151425478702775, "p2": 5.803922955679725, "p3": 37.09877263844449, "p4": 21.385185629195615, "pol1": 0.9519654474522301, "pol2": 0.41922892411597434, "pol3": 0.4943635556017818, "pol4": -0.38434900190336974, "v0s": 2.509904325610225}, "datetime": {"datetime": "2022-04-11 14:49:21", "elapsed": 863.892751, "delta": 5.105932}}
{"target": 3.360515523407652, "params": {"Bgrad": 9.191614223070678, "d1": -1.4068392988832468, "d2": 0.07807972903831129, "d3": -2.0225179923481207, "d4": -2.873679099508037, "p1": 3.425243185721072, "p2": 7.253939569428342, "p3": 36.00854533240837, "p4": 23.362729820591106, "pol1": -0.5107136246064712, "pol2": -0.3640030010891049, "pol3": -0.2630888688124222, "pol4": 0.01185227568590208, "v0s": 3.360515523407652}, "datetime": {"datetime": "2022-04-11 14:49:27", "elapsed": 869.43154, "delta": 5.538789}}
{"target": 2.1414327823126387, "params": {"Bgrad": 8.452207762928788, "d1": -2.8488996758258276, "d2": -2.302097143193477, "d3": -0.6974152279755015, "d4": -2.3340638191699883, "p1": 2.5745058618500236, "p2": 6.049197933996981, "p3": 37.18359017237376, "p4": 25.62188516642215, "pol1": -0.42000237184617606, "pol2": -0.5688476316835318, "pol3": -0.8887260207488836, "pol4": 0.7113815558264398, "v0s": 2.1414327823126387}, "datetime": {"datetime": "2022-04-11 14:49:33", "elapsed": 875.609618, "delta": 6.178078}}
{"target": 3.574030051149542, "params": {"Bgrad": 12.174992024183219, "d1": -1.991128313812502, "d2": -1.459809690754029, "d3": -2.0338400738955764, "d4": -0.576247505948321, "p1": 5.169658363735607, "p2": 10.006663862631115, "p3": 33.60008918797565, "p4": 29.174245425795032, "pol1": 0.29183259744367307, "pol2": -0.31004133632205444, "pol3": -0.25575302962792357, "pol4": 0.7735854620755842, "v0s": 3.574030051149542}, "datetime": {"datetime": "2022-04-11 14:49:40", "elapsed": 882.514294, "delta": 6.904676}}
{"target": 4.502185848056374, "params": {"Bgrad": 11.403381330660066, "d1": -0.8115758205683838, "d2": -0.8807391416834967, "d3": -0.904097665049572, "d4": -1.7137176929233244, "p1": 6.345317008234708, "p2": 6.812858618336315, "p3": 38.109993717245985, "p4": 27.064794062827048, "pol1": 0.7184704998138927, "pol2": 0.4094207030243948, "pol3": 0.5781308091097677, "pol4": -0.36167086767964096, "v0s": 4.502185848056374}, "datetime": {"datetime": "2022-04-11 14:49:51", "elapsed": 893.546486, "delta": 11.032192}}
{"target": 2.2942017603376126, "params": {"Bgrad": 12.338277134598748, "d1": 0.3419649486894092, "d2": -0.29842794141771334, "d3": -2.9125820085741494, "d4": -0.5388146440720178, "p1": 5.292639137639937, "p2": 8.085543992542126, "p3": 34.88371401662432, "p4": 22.45976929792427, "pol1": 0.029468342728420582, "pol2": -0.06370336825222611, "pol3": -0.5857504473550297, "pol4": 0.7063968402976104, "v0s": 2.2942017603376126}, "datetime": {"datetime": "2022-04-11 14:49:54", "elapsed": 897.261124, "delta": 3.714638}}
{"target": 3.4540454052816454, "params": {"Bgrad": 12.964341538424828, "d1": -0.5620719711972928, "d2": -1.14150601800677, "d3": -1.4307454396957184, "d4": 0.4717478572024021, "p1": 10.862617591931144, "p2": 6.882756791614092, "p3": 36.7042967624682, "p4": 27.944736963508266, "pol1": -0.6806158904787085, "pol2": -0.6376309378032587, "pol3": 0.30351878003004207, "pol4": -0.05235808571961331, "v0s": 3.4540454052816454}, "datetime": {"datetime": "2022-04-11 14:50:06", "elapsed": 909.254253, "delta": 11.993129}}
{"target": -1.0, "params": {"Bgrad": 13.641128979821382, "d1": -2.730641832381269, "d2": 0.2648910912440492, "d3": -1.7584180656468509, "d4": -0.4796394148871279, "p1": 4.518852914010518, "p2": 8.18257628344517, "p3": 39.075934684161275, "p4": 26.15935310376282, "pol1": 0.8136538370200559, "pol2": -0.2864177387255049, "pol3": 0.33473029541449417, "pol4": 0.23835639230735017, "v0s": 6.45276094209665}, "datetime": {"datetime": "2022-04-11 14:50:28", "elapsed": 931.372024, "delta": 22.117771}}
{"target": 3.5565170923046736, "params": {"Bgrad": 5.585625134234576, "d1": -1.8773144847321004, "d2": 0.6179794123487872, "d3": -1.9737254038448802, "d4": -0.7355853021606711, "p1": 5.673908078034956, "p2": 6.146169116189898, "p3": 36.76676469849304, "p4": 25.26411752866173, "pol1": -0.22753603725958427, "pol2": -0.9580567726942133, "pol3": -0.9093388220962351, "pol4": 0.6575341748943253, "v0s": 3.5565170923046736}, "datetime": {"datetime": "2022-04-11 14:50:34", "elapsed": 936.989554, "delta": 5.61753}}
{"target": -1.0, "params": {"Bgrad": 4.821334340009647, "d1": -0.8013717568850963, "d2": 0.0044534529723166474, "d3": -0.6223715716054393, "d4": 1.0, "p1": 40.615113162387786, "p2": 15.397523387010912, "p3": 18.568081142013778, "p4": 35.610550486420166, "pol1": -1.0, "pol2": 1.0, "pol3": -1.0, "pol4": -0.41128008401046184, "v0s": 4.153707681119973}, "datetime": {"datetime": "2022-04-11 14:50:52", "elapsed": 954.850633, "delta": 17.861079}}
{"target": -1.0, "params": {"Bgrad": 10.091185154953314, "d1": -1.6699954243435782, "d2": -1.426300303340426, "d3": -1.8113202303735951, "d4": -0.665050412564415, "p1": 2.5741358309626925, "p2": 3.9404532247061805, "p3": 32.71758078317427, "p4": 22.257170165134117, "pol1": 0.7783318324265764, "pol2": -0.8788404997315677, "pol3": -0.3923536744829863, "pol4": 0.10728334518264648, "v0s": 4.526622171087531}, "datetime": {"datetime": "2022-04-11 14:51:13", "elapsed": 975.429511, "delta": 20.578878}}
{"target": 4.914485612869125, "params": {"Bgrad": 11.398941761124759, "d1": -2.2399759789131277, "d2": -2.162995039221765, "d3": -2.1897324897101154, "d4": -2.670837821290543, "p1": 5.32493582205371, "p2": 7.7165050286638435, "p3": 37.71065548523666, "p4": 26.63502950655426, "pol1": 0.15628049229263732, "pol2": -0.16288647975089657, "pol3": 0.22069455314640635, "pol4": 0.035540801222687594, "v0s": 4.914485612869125}, "datetime": {"datetime": "2022-04-11 14:51:25", "elapsed": 987.569282, "delta": 12.139771}}
{"target": 2.269509437199041, "params": {"Bgrad": 11.633573650486214, "d1": -1.2053514166647563, "d2": 0.7517668270910098, "d3": -2.684556655437129, "d4": -2.5700776670870376, "p1": 3.268786961470976, "p2": 7.41012972308821, "p3": 39.81841422771532, "p4": 27.106258080634625, "pol1": 0.8398246467242361, "pol2": 0.7718471064378558, "pol3": -0.917995824261864, "pol4": -0.25436517014660165, "v0s": 2.269509437199041}, "datetime": {"datetime": "2022-04-11 14:51:32", "elapsed": 995.362628, "delta": 7.793346}}
{"target": -1.0, "params": {"Bgrad": 10.443847725850977, "d1": -2.429033214626057, "d2": -1.59569398157748, "d3": -1.1163352437504614, "d4": -0.8555978660212422, "p1": 5.3468621150371485, "p2": 3.475230397973311, "p3": 39.270261205377736, "p4": 25.725421075225352, "pol1": -0.06404425760412669, "pol2": -0.45969424982618223, "pol3": 0.8131394774468377, "pol4": -0.698520668565421, "v0s": 5.078345527258969}, "datetime": {"datetime": "2022-04-11 14:51:55", "elapsed": 1018.232912, "delta": 22.870284}}
{"target": 4.872286422798231, "params": {"Bgrad": 10.900347975913744, "d1": -1.7798675061212323, "d2": -0.6717764508690793, "d3": -2.6846067154479147, "d4": -1.021904996440894, "p1": 8.806702153001888, "p2": 6.5455569424762885, "p3": 33.66068252441829, "p4": 25.852231115016117, "pol1": -0.15503451900411513, "pol2": -0.5646162099812675, "pol3": -0.27017772349965563, "pol4": 0.2516443214494557, "v0s": 4.872286422798231}, "datetime": {"datetime": "2022-04-11 14:52:09", "elapsed": 1031.690719, "delta": 13.457807}}
{"target": -1.0, "params": {"Bgrad": 10.868534501552718, "d1": -1.8553639291510389, "d2": -1.5988165186346879, "d3": 0.4853117587919691, "d4": -1.3552489801884868, "p1": 5.05794875845541, "p2": 6.556882147105752, "p3": 36.484488652064364, "p4": 27.08597730171487, "pol1": 0.42245432587427456, "pol2": -0.008121278754658956, "pol3": 0.5253835340990909, "pol4": -0.35958889427745233, "v0s": 4.610173228759199}, "datetime": {"datetime": "2022-04-11 14:52:28", "elapsed": 1050.855839, "delta": 19.16512}}
{"target": 4.711418206496409, "params": {"Bgrad": 9.940377588145886, "d1": -2.596231335752612, "d2": 0.5858685960130088, "d3": -1.4924032383194268, "d4": -2.8544005740032303, "p1": 6.259728147309085, "p2": 10.453981857715917, "p3": 34.12899992123145, "p4": 24.99976655301181, "pol1": -0.7790297891724158, "pol2": -0.3408615888331423, "pol3": 0.24143702379247212, "pol4": 0.06479921463733485, "v0s": 4.711418206496409}, "datetime": {"datetime": "2022-04-11 14:52:43", "elapsed": 1065.761739, "delta": 14.9059}}
{"target": 4.367254024679556, "params": {"Bgrad": 10.840870370720953, "d1": -2.1545683274563374, "d2": -0.7475752327193386, "d3": -2.7099287512371184, "d4": -1.767713536338536, "p1": 7.265528756185016, "p2": 8.567068545497722, "p3": 35.187698244320956, "p4": 26.12366832844559, "pol1": -0.35506574991999296, "pol2": -0.2958431435343304, "pol3": 0.027531281778658854, "pol4": 0.25160274892864093, "v0s": 4.367254024679556}, "datetime": {"datetime": "2022-04-11 14:52:56", "elapsed": 1079.296875, "delta": 13.535136}}
{"target": 4.302715505665047, "params": {"Bgrad": 8.33076365454372, "d1": -0.9315657384164133, "d2": -1.6309114036104573, "d3": -2.413816859000539, "d4": -2.5435935927391755, "p1": 3.961747137824317, "p2": 6.368728142155689, "p3": 38.58032828450709, "p4": 29.407672924398863, "pol1": 0.34126218376066086, "pol2": -0.7456340490188973, "pol3": -0.24480705356309906, "pol4": 0.09554198899669242, "v0s": 4.302715505665047}, "datetime": {"datetime": "2022-04-11 14:53:02", "elapsed": 1084.974811, "delta": 5.677936}}
{"target": -1.0, "params": {"Bgrad": 10.817307832009767, "d1": -1.7379177905075927, "d2": -1.7123916566188548, "d3": -2.7590896157428477, "d4": -3.0, "p1": 4.894255101434992, "p2": 7.57500473634519, "p3": 39.290037882620645, "p4": 27.182233869207966, "pol1": 0.8526381565078157, "pol2": -0.7630039104338243, "pol3": 0.016238719047056534, "pol4": -0.2120342634289493, "v0s": 5.544504746572062}, "datetime": {"datetime": "2022-04-11 14:53:24", "elapsed": 1106.978375, "delta": 22.003564}}
{"target": 2.1823805858481213, "params": {"Bgrad": 10.467210278508349, "d1": -1.3349696532915054, "d2": -1.3098917294883643, "d3": -0.7111977440448136, "d4": -2.4989462589614337, "p1": 3.816267533153228, "p2": 8.759699556566257, "p3": 32.127596738173594, "p4": 26.20663418208844, "pol1": 0.7445056803527836, "pol2": -0.21217341057750572, "pol3": -0.576130645693911, "pol4": -0.6086153265134402, "v0s": 2.1823805858481213}, "datetime": {"datetime": "2022-04-11 14:53:28", "elapsed": 1110.742388, "delta": 3.764013}}
{"target": 3.1044120502625874, "params": {"Bgrad": 3.7307645177576796, "d1": -2.836961554622434, "d2": -1.0785992484812557, "d3": -2.7194083460047977, "d4": -1.1167645871162626, "p1": 5.720068909409454, "p2": 4.9723071931591925, "p3": 36.194161380069936, "p4": 21.94388043647406, "pol1": 0.8395937547708172, "pol2": -0.26058381532913466, "pol3": 0.8155517091820021, "pol4": 0.2617523992674722, "v0s": 3.1044120502625874}, "datetime": {"datetime": "2022-04-11 14:53:36", "elapsed": 1118.654364, "delta": 7.911976}}
