{"target": 3.7260612363994077, "params": {"Bgrad": 1.6112355822818396, "d1": -1.32287796042479, "d2": 0.75863404153632, "d3": -2.4479972719406637, "d4": -2.088443773023089, "p1": 6.725459429534669, "p2": 36.80368469436557, "p3": 41.926193359581134, "p4": 30.49309240284334, "pol1": -0.9171353892493721, "pol2": 0.6796440173447391, "pol3": -0.0006338022920493458, "pol4": 0.7685025305221991, "v0s": 3.7260612363994077}, "datetime": {"datetime": "2022-05-17 11:44:51", "elapsed": 57707.156172, "delta": 23.951937}}
{"target": 5.269419343399288, "params": {"Bgrad": 2.0, "d1": -2.317913066307605, "d2": 0.9532636310614406, "d3": -1.43459441423507, "d4": -0.23882606353240896, "p1": 37.07332411887632, "p2": 8.591442101051205, "p3": 8.942407232139075, "p4": 31.038096162421386, "pol1": -0.3407345172187833, "pol2": 1.0, "pol3": -0.8128494953926695, "pol4": 0.927223087855234, "v0s": 5.269419343399288}, "datetime": {"datetime": "2022-05-17 11:45:21", "elapsed": 57736.804873, "delta": 29.648701}}
{"target": 4.9479378156539155, "params": {"Bgrad": 1.2445351251111996, "d1": -2.649970389562984, "d2": -0.534264692392617, "d3": -0.17980399234254807, "d4": -2.8795433075268986, "p1": 1.574353646151858, "p2": 13.908429348306226, "p3": 35.53661470858798, "p4": 47.69821133361083, "pol1": 0.4276636527903634, "pol2": 0.7501565045773279, "pol3": -0.09100489545743484, "pol4": 0.08561563001509352, "v0s": 4.9479378156539155}, "datetime": {"datetime": "2022-05-17 11:45:59", "elapsed": 57774.322528, "delta": 37.517655}}
{"target": 4.378724168294929, "params": {"Bgrad": 0.9737894144357196, "d1": -3.0, "d2": -0.11644117398538657, "d3": -1.6749631297995893, "d4": -2.376776170872463, "p1": 29.509150816875223, "p2": 10.044251474462358, "p3": 14.80889448341387, "p4": 26.258977875934196, "pol1": 0.40073888270762137, "pol2": 0.8645902634073477, "pol3": -0.18978127332819167, "pol4": 0.6328092772664529, "v0s": 4.378724168294929}, "datetime": {"datetime": "2022-05-17 11:46:23", "elapsed": 57799.197995, "delta": 24.875467}}
{"target": 4.576713832176902, "params": {"Bgrad": 1.19777102609182, "d1": -2.1338584472917126, "d2": -0.45873389312162777, "d3": -0.9966574118803837, "d4": -2.8698604992019017, "p1": 1.0027833402566528, "p2": 13.974398263924142, "p3": 36.57722729236651, "p4": 47.13024669945869, "pol1": 0.7915023083802111, "pol2": 0.09081292864375899, "pol3": -0.3582078013465136, "pol4": 0.15653092171955202, "v0s": 4.576713832176902}, "datetime": {"datetime": "2022-05-17 11:46:49", "elapsed": 57824.931168, "delta": 25.733173}}
{"target": 4.026472031513011, "params": {"Bgrad": 1.108279615046815, "d1": -2.347486035216001, "d2": 0.13260402363249912, "d3": -1.5092665442733781, "d4": -1.2381446909856582, "p1": 23.836910115887225, "p2": 9.642545504419449, "p3": 9.915472920332432, "p4": 26.13308938565894, "pol1": 0.6231037143109689, "pol2": -0.3738879902528789, "pol3": -0.3206853070492207, "pol4": -1.0, "v0s": 4.026472031513011}, "datetime": {"datetime": "2022-05-17 11:47:19", "elapsed": 57854.226813, "delta": 29.295645}}
{"target": 4.25968011814773, "params": {"Bgrad": 1.671539665783436, "d1": -1.5905410938661944, "d2": -0.06374928191393936, "d3": -2.827362106815404, "d4": -2.4522062306242502, "p1": 6.4131992453832884, "p2": 26.44312220835402, "p3": 44.73281366319695, "p4": 20.281489806241193, "pol1": 0.4367214697525159, "pol2": -0.10612014852929219, "pol3": 0.9155256305210082, "pol4": 0.3317393931843351, "v0s": 4.25968011814773}, "datetime": {"datetime": "2022-05-17 11:47:43", "elapsed": 57878.919768, "delta": 24.692955}}
{"target": 5.029713056859601, "params": {"Bgrad": 0.883827425888285, "d1": -3.0, "d2": 0.9363594380955873, "d3": -1.6989312403013448, "d4": 0.10600211575439776, "p1": 31.1781802911159, "p2": 6.267476798826463, "p3": 6.863286341338273, "p4": 24.60841826883982, "pol1": 1.0, "pol2": -1.0, "pol3": 0.29857926467003637, "pol4": -1.0, "v0s": 5.029713056859601}, "datetime": {"datetime": "2022-05-17 11:48:04", "elapsed": 57899.293277, "delta": 20.373509}}
{"target": 3.619659500200022, "params": {"Bgrad": 1.3560059688045913, "d1": -2.320993308913296, "d2": -0.2174735631790332, "d3": -2.305150143677033, "d4": -2.125237630605502, "p1": 27.737493364561573, "p2": 32.19919176905955, "p3": 10.34300072485147, "p4": 43.65992421742998, "pol1": 0.41574668592763553, "pol2": -0.997184861104522, "pol3": 0.8114286003304989, "pol4": -0.391451535196222, "v0s": 3.619659500200022}, "datetime": {"datetime": "2022-05-17 11:48:22", "elapsed": 57918.138872, "delta": 18.845595}}
{"target": 5.177910214497143, "params": {"Bgrad": 1.744193928021915, "d1": -2.504508402680864, "d2": 0.09639706790978324, "d3": -2.0844769142670176, "d4": -2.400114328663111, "p1": 6.819804216785717, "p2": 25.8358845274902, "p3": 43.588968388855456, "p4": 20.99439193438827, "pol1": 1.0, "pol2": -0.2905474915700965, "pol3": -0.07317146340585029, "pol4": -0.4471808350454371, "v0s": 5.177910214497143}, "datetime": {"datetime": "2022-05-17 11:48:51", "elapsed": 57946.617702, "delta": 28.47883}}
{"target": 4.8650943343366535, "params": {"Bgrad": 1.5334764071760536, "d1": -2.480828474172485, "d2": 0.9357453636045436, "d3": -2.4463890963992863, "d4": -2.1524151227370756, "p1": 31.635712856357856, "p2": 7.8587504375129065, "p3": 37.37694510866445, "p4": 32.697332357354426, "pol1": -0.8757070156278275, "pol2": -0.7589124840201278, "pol3": -0.5010539965159946, "pol4": -0.9739132996429776, "v0s": 4.8650943343366535}, "datetime": {"datetime": "2022-05-17 11:49:14", "elapsed": 57969.604222, "delta": 22.98652}}
{"target": 3.7487451338349995, "params": {"Bgrad": 1.478001832055288, "d1": -1.5252852540414448, "d2": 0.2860506275164206, "d3": -2.22130179735112, "d4": -2.1504815419650103, "p1": 0.7589928641290961, "p2": 29.466268660333757, "p3": 18.346945855230764, "p4": 12.536403015746291, "pol1": -0.9796608726100279, "pol2": 0.9385628812156928, "pol3": -0.1719800677299144, "pol4": -0.03112649184194864, "v0s": 3.7487451338349995}, "datetime": {"datetime": "2022-05-17 11:49:57", "elapsed": 58012.29105, "delta": 42.686828}}
{"target": 5.604364282221105, "params": {"Bgrad": 1.0445070320249787, "d1": -2.1872464484468606, "d2": 0.6180888259290005, "d3": -0.3936208578527134, "d4": -2.941323589903251, "p1": 7.724096580336166, "p2": 37.03531427833134, "p3": 45.085830377625626, "p4": 32.10241970599974, "pol1": 0.28693459406897254, "pol2": 0.4908747351496068, "pol3": 0.7466376025665646, "pol4": 0.06431418721240156, "v0s": 5.604364282221105}, "datetime": {"datetime": "2022-05-17 11:50:20", "elapsed": 58036.054492, "delta": 23.763442}}
{"target": 4.257736801288165, "params": {"Bgrad": 0.880007526161949, "d1": -2.5694457845596634, "d2": -0.6438245938210793, "d3": -1.7863999789303073, "d4": 0.6492655170369015, "p1": 24.887720035724097, "p2": 10.396730145042932, "p3": 10.097518501638362, "p4": 24.772466267581454, "pol1": 0.7117257271253442, "pol2": 0.45836638017193776, "pol3": -0.5645862029355423, "pol4": 0.3493208149510514, "v0s": 4.257736801288165}, "datetime": {"datetime": "2022-05-17 11:51:02", "elapsed": 58077.312143, "delta": 41.257651}}
{"target": 4.130342837843309, "params": {"Bgrad": 1.7539615602845082, "d1": -2.5185608771879417, "d2": 0.45926073764538244, "d3": -1.7900632354577772, "d4": -2.2955128560481217, "p1": 28.27007693419223, "p2": 30.763387242256275, "p3": 8.449055807705435, "p4": 43.74286327648524, "pol1": 0.4285559487371001, "pol2": -1.0, "pol3": 0.5663315895054993, "pol4": 1.0, "v0s": 4.130342837843309}, "datetime": {"datetime": "2022-05-17 11:51:24", "elapsed": 58099.443949, "delta": 22.131806}}
{"target": 4.21546407011773, "params": {"Bgrad": 1.9140894517100469, "d1": -2.7713604100514746, "d2": 0.4071052201332317, "d3": -2.1494226337553606, "d4": -0.46661596076292966, "p1": 28.913764234163796, "p2": 10.330722110835227, "p3": 11.743801781237195, "p4": 27.991741928481968, "pol1": 0.8580606734473579, "pol2": 0.49182347888790345, "pol3": 0.9803560507504965, "pol4": -0.5101747081336165, "v0s": 4.21546407011773}, "datetime": {"datetime": "2022-05-17 11:51:46", "elapsed": 58121.662523, "delta": 22.218574}}
{"target": 5.301731148788969, "params": {"Bgrad": 1.6011529780608498, "d1": -3.0, "d2": 1.0, "d3": -2.143813720295854, "d4": 0.0003804993381739808, "p1": 30.76504067478105, "p2": 12.294765501999434, "p3": 33.261528208746086, "p4": 26.502951461787234, "pol1": 0.8819742519278861, "pol2": 0.015672506024417335, "pol3": 0.23563645827145926, "pol4": 0.7535652638087181, "v0s": 5.301731148788969}, "datetime": {"datetime": "2022-05-17 11:52:16", "elapsed": 58151.490744, "delta": 29.828221}}
{"target": 5.021374953172818, "params": {"Bgrad": 1.5658964154905253, "d1": -2.9409145287423084, "d2": 0.051963569323328095, "d3": -1.0770574947258205, "d4": -2.3901771571087678, "p1": 34.34457262435797, "p2": 9.564973223366751, "p3": 41.28273038270172, "p4": 35.913211879439814, "pol1": 0.41081061026059, "pol2": -0.6125148324749131, "pol3": -0.6529619210413143, "pol4": -0.3376849753128999, "v0s": 5.021374953172818}, "datetime": {"datetime": "2022-05-17 11:52:38", "elapsed": 58173.384187, "delta": 21.893443}}
{"target": 4.3095153589576665, "params": {"Bgrad": 0.8255668736907849, "d1": -1.9799556957416624, "d2": 0.6847786689171351, "d3": -2.1838792304428636, "d4": -2.0198360306226624, "p1": 43.22744437196817, "p2": 16.138326238104174, "p3": 26.85936858958902, "p4": 10.023402509079055, "pol1": 0.7894057566043138, "pol2": -0.08603780497756097, "pol3": 0.44843563161572675, "pol4": -0.22074376523785855, "v0s": 4.3095153589576665}, "datetime": {"datetime": "2022-05-17 11:52:56", "elapsed": 58191.276332, "delta": 17.892145}}
{"target": 4.342725345249882, "params": {"Bgrad": 1.86941195752483, "d1": -2.2469875229431286, "d2": 1.0, "d3": -2.211441572342399, "d4": -1.5829381958462991, "p1": 40.72578859078976, "p2": 19.945612439445785, "p3": 14.934890135504391, "p4": 13.12638978283221, "pol1": 0.33211216726084425, "pol2": 1.0, "pol3": -0.2698652677082949, "pol4": 0.18798551493304758, "v0s": 4.342725345249882}, "datetime": {"datetime": "2022-05-17 11:53:20", "elapsed": 58215.497549, "delta": 24.221217}}
{"target": 4.737862776605769, "params": {"Bgrad": 1.877984322072974, "d1": -2.7906316118610186, "d2": 0.756434008459661, "d3": -2.340640127266843, "d4": -2.0256049000174055, "p1": 9.53388419064177, "p2": 25.44346638625686, "p3": 43.57606392936701, "p4": 23.122297784080857, "pol1": 0.718887614328783, "pol2": 0.03669496819458764, "pol3": 0.04908732935500016, "pol4": -0.03983226313372753, "v0s": 4.737862776605769}, "datetime": {"datetime": "2022-05-17 11:53:53", "elapsed": 58248.453405, "delta": 32.955856}}
{"target": 5.033133028716265, "params": {"Bgrad": 0.8958319719277579, "d1": -2.386420936362316, "d2": 0.38619470639064074, "d3": -2.6486932828186784, "d4": -1.2094205202371815, "p1": 32.352231061213914, "p2": 9.808229094378358, "p3": 41.27745948130399, "p4": 35.543528801209234, "pol1": -0.1287626280933429, "pol2": -1.0, "pol3": 0.386473888337847, "pol4": 0.24114321537747574, "v0s": 5.033133028716265}, "datetime": {"datetime": "2022-05-17 11:54:15", "elapsed": 58270.860474, "delta": 22.407069}}
{"target": 4.471882327423737, "params": {"Bgrad": 1.6141622064215029, "d1": -2.995396914166462, "d2": 0.5650618348791883, "d3": -2.670239793711224, "d4": -2.2194376867958554, "p1": 9.330444227038326, "p2": 25.735753566610434, "p3": 42.203204254190815, "p4": 24.46091331650561, "pol1": -0.0892606106360559, "pol2": 0.5107267903272611, "pol3": 0.5516702972993759, "pol4": -0.012862853522455532, "v0s": 4.471882327423737}, "datetime": {"datetime": "2022-05-17 11:54:37", "elapsed": 58292.744942, "delta": 21.884468}}
{"target": 3.8700701615022055, "params": {"Bgrad": 1.8210391349324968, "d1": -3.0, "d2": 0.6431149772435243, "d3": -0.7668102367558555, "d4": -0.985999990473512, "p1": 42.57996648382438, "p2": 21.780682882972776, "p3": 15.745701462475317, "p4": 12.694145078737295, "pol1": -0.3479762988725132, "pol2": 0.396801378645897, "pol3": 0.8609265923710028, "pol4": -1.0, "v0s": 3.8700701615022055}, "datetime": {"datetime": "2022-05-17 11:55:02", "elapsed": 58317.579518, "delta": 24.834576}}
{"target": -1.0, "params": {"Bgrad": 1.2984515920995572, "d1": -2.6239779240743015, "d2": -0.36152639794837205, "d3": -2.3690749914059444, "d4": 0.6632085836623536, "p1": 6.589547908803739, "p2": 38.0018291498929, "p3": 32.51243901972754, "p4": 42.961424654367285, "pol1": -0.9911104696138526, "pol2": -0.6773609185914753, "pol3": -0.3003254987117421, "pol4": -0.6806968762179171, "v0s": 4.703730547308794}, "datetime": {"datetime": "2022-05-17 11:55:32", "elapsed": 58347.5344, "delta": 29.954882}}
{"target": 2.987141232437748, "params": {"Bgrad": 0.9719086906591023, "d1": -1.6056087773182321, "d2": 0.37607936794860564, "d3": -1.7870597427518482, "d4": -2.040698629976572, "p1": 4.624041434541909, "p2": 42.00459093134871, "p3": 32.7626305058114, "p4": 45.021649038724185, "pol1": -0.9399498008668754, "pol2": -0.8342660311457497, "pol3": -0.1604934725983731, "pol4": 0.577283072027237, "v0s": 2.987141232437748}, "datetime": {"datetime": "2022-05-17 11:55:58", "elapsed": 58373.440112, "delta": 25.905712}}
{"target": 4.102622859043251, "params": {"Bgrad": 0.5, "d1": -2.736980767103561, "d2": 0.7949584166465018, "d3": -1.9427289679735265, "d4": -2.228433974037094, "p1": 39.135833682704636, "p2": 46.64201321733058, "p3": 15.995715952192656, "p4": 12.684196920139227, "pol1": 0.07031199497659349, "pol2": 0.7982275288364868, "pol3": -0.38254472001246104, "pol4": 0.8906863278372965, "v0s": 4.102622859043251}, "datetime": {"datetime": "2022-05-17 11:56:21", "elapsed": 58396.671975, "delta": 23.231863}}
{"target": -1.0, "params": {"Bgrad": 0.5, "d1": -1.965788650958568, "d2": 0.6093210393652201, "d3": -2.6036111816164755, "d4": 0.3574034233576108, "p1": 3.910843290132007, "p2": 29.454437358820947, "p3": 15.415092394367152, "p4": 12.838581545868733, "pol1": -0.34587592377697773, "pol2": 0.2564432336355194, "pol3": 0.8258308293100125, "pol4": 1.0, "v0s": 5.112457394373016}, "datetime": {"datetime": "2022-05-17 11:56:42", "elapsed": 58418.003921, "delta": 21.331946}}
{"target": -1.0, "params": {"Bgrad": 1.3462463124681459, "d1": -2.0577142909471737, "d2": -0.1615271342986504, "d3": -1.7021842767524045, "d4": -2.661014739569661, "p1": 30.873627821123577, "p2": 5.141178457274881, "p3": 36.64233569306263, "p4": 30.0459886186834, "pol1": -0.2250825398830938, "pol2": -0.576392786524621, "pol3": 0.3510991367960916, "pol4": 0.6876956800218914, "v0s": 2.51436057512166}, "datetime": {"datetime": "2022-05-17 11:57:32", "elapsed": 58467.693021, "delta": 49.6891}}
{"target": 4.7035614639800025, "params": {"Bgrad": 1.819069144919543, "d1": -2.9003173727166653, "d2": 0.24839849161208744, "d3": -2.166406827995377, "d4": -1.3108410695297577, "p1": 4.149901970924058, "p2": 35.98225099409758, "p3": 31.1991939305682, "p4": 38.694761498947635, "pol1": 0.22797171602753416, "pol2": 0.19181860045055088, "pol3": 0.4299233476430684, "pol4": -1.0, "v0s": 4.7035614639800025}, "datetime": {"datetime": "2022-05-17 11:58:01", "elapsed": 58496.237674, "delta": 28.544653}}
{"target": 3.914403636508381, "params": {"Bgrad": 0.9898680781860115, "d1": -2.2543720946916723, "d2": 1.0, "d3": -2.4104182688060782, "d4": -2.2016882157637636, "p1": 44.74816786795395, "p2": 17.04821040236685, "p3": 26.181344775727393, "p4": 10.865989124171392, "pol1": 0.8010593767051244, "pol2": -0.19199694451140165, "pol3": -0.11106467673710424, "pol4": 0.7671063524448574, "v0s": 3.914403636508381}, "datetime": {"datetime": "2022-05-17 11:58:26", "elapsed": 58521.708549, "delta": 25.470875}}
{"target": 4.334262206571061, "params": {"Bgrad": 1.4870311868006685, "d1": -1.9963169974110198, "d2": 1.0, "d3": -1.2119780671678821, "d4": -0.06584581654237086, "p1": 3.1683478388270703, "p2": 30.681123703581818, "p3": 15.8849364452047, "p4": 11.782365756354517, "pol1": -1.0, "pol2": -0.27987220001669627, "pol3": -0.6561029581821982, "pol4": 1.0, "v0s": 4.334262206571061}, "datetime": {"datetime": "2022-05-17 11:58:51", "elapsed": 58546.366599, "delta": 24.65805}}
{"target": 4.361912620999901, "params": {"Bgrad": 1.5235859904067959, "d1": -2.554081258688922, "d2": 1.0, "d3": -1.2109154626315835, "d4": -1.6571610395413081, "p1": 28.983606460222674, "p2": 10.076660113666962, "p3": 12.756822930487298, "p4": 27.26669678959593, "pol1": 0.6150672694700269, "pol2": 0.4108178762893545, "pol3": -0.9129588743210022, "pol4": -0.48415787344437866, "v0s": 4.361912620999901}, "datetime": {"datetime": "2022-05-17 11:59:20", "elapsed": 58575.247353, "delta": 28.880754}}
{"target": 5.802102979266069, "params": {"Bgrad": 1.3215535594861874, "d1": -1.8061446706520026, "d2": 0.6012502984144192, "d3": -1.0370946913303496, "d4": -2.9216902644158536, "p1": 6.736252902933098, "p2": 36.11308481152804, "p3": 45.32779332672856, "p4": 31.771704366828352, "pol1": 0.8601052384538466, "pol2": 0.995710001186408, "pol3": -0.2968025791798601, "pol4": -0.02956251096605178, "v0s": 5.802102979266069}, "datetime": {"datetime": "2022-05-17 11:59:43", "elapsed": 58598.592913, "delta": 23.34556}}
{"target": -1.0, "params": {"Bgrad": 1.9372521251410024, "d1": -0.8747458919939541, "d2": -0.08824240347537682, "d3": -1.2079290223036616, "d4": -2.364972474984137, "p1": 6.1441671493426275, "p2": 23.805455745415976, "p3": 43.54798344968417, "p4": 25.143068754583496, "pol1": 0.6797931232784327, "pol2": -0.9825311493207103, "pol3": -0.5324124268626569, "pol4": -0.12441737310295276, "v0s": 5.976003338817314}, "datetime": {"datetime": "2022-05-17 12:00:08", "elapsed": 58623.675825, "delta": 25.082912}}
{"target": 3.1652905768709445, "params": {"Bgrad": 2.0, "d1": 0.15056938254037971, "d2": -0.05886975733943853, "d3": -2.1734234158078922, "d4": -3.0, "p1": 20.862511705021234, "p2": 5.353854751953989, "p3": 46.07157990225287, "p4": 40.83624800568609, "pol1": 1.0, "pol2": 1.0, "pol3": -1.0, "pol4": -0.2058997592606623, "v0s": 3.1652905768709445}, "datetime": {"datetime": "2022-05-17 12:00:44", "elapsed": 58660.001667, "delta": 36.325842}}
{"target": 3.0993183790011596, "params": {"Bgrad": 1.096852304414401, "d1": -1.864564345166087, "d2": 0.35196488879570476, "d3": 0.10153804543302458, "d4": -0.5984052144936061, "p1": 1.7797891475910432, "p2": 36.38570160332302, "p3": 29.87181821026541, "p4": 36.651139021038226, "pol1": -0.80164401758325, "pol2": -0.8849898428384586, "pol3": 0.6326713093685934, "pol4": -0.07934326407708592, "v0s": 3.0993183790011596}, "datetime": {"datetime": "2022-05-17 12:01:13", "elapsed": 58688.46055, "delta": 28.458883}}
{"target": 4.510527769580644, "params": {"Bgrad": 1.064740279567628, "d1": -2.334908283128024, "d2": 0.02526171491576168, "d3": -0.6283806815131459, "d4": -0.7411697967613504, "p1": 5.067441345332724, "p2": 34.515280631371795, "p3": 30.426170024088663, "p4": 36.258692357429, "pol1": -0.7328836527611278, "pol2": -0.47016096487186054, "pol3": -0.10605302746434497, "pol4": -0.27634143429028724, "v0s": 4.510527769580644}, "datetime": {"datetime": "2022-05-17 12:01:41", "elapsed": 58716.754874, "delta": 28.294324}}
{"target": 4.519395053036837, "params": {"Bgrad": 1.4379653618539388, "d1": -3.0, "d2": 1.0, "d3": -1.2846825193619318, "d4": -0.8296264575033574, "p1": 29.201408807787388, "p2": 31.109633235908596, "p3": 9.793691196342607, "p4": 44.85681924357035, "pol1": 0.33137318177418873, "pol2": 0.012514748282843803, "pol3": 1.0, "pol4": -0.21183252791479423, "v0s": 4.519395053036837}, "datetime": {"datetime": "2022-05-17 12:02:07", "elapsed": 58743.020623, "delta": 26.265749}}
{"target": 2.5602779294901965, "params": {"Bgrad": 0.5435138804610954, "d1": -2.726988598637844, "d2": 0.200867230184945, "d3": -2.8137593923998367, "d4": -2.7229452431507006, "p1": 8.086822236615932, "p2": 36.31186303540599, "p3": 38.42969737956615, "p4": 33.11823490081372, "pol1": -0.9595232668470759, "pol2": 0.517369107553894, "pol3": 0.445532872223223, "pol4": -0.975305141788646, "v0s": 2.5602779294901965}, "datetime": {"datetime": "2022-05-17 12:02:26", "elapsed": 58761.813359, "delta": 18.792736}}
{"target": 4.549132496622034, "params": {"Bgrad": 0.7631590038716032, "d1": -2.880870473406638, "d2": 0.8545064385593378, "d3": -2.4964429046754715, "d4": -1.7875553669408883, "p1": 31.823441491409472, "p2": 7.467532865386378, "p3": 37.248143075587606, "p4": 30.656069136750926, "pol1": -0.3406333138338859, "pol2": -0.184670113963773, "pol3": -0.616196255323403, "pol4": -0.7354055466062749, "v0s": 4.549132496622034}, "datetime": {"datetime": "2022-05-17 12:02:56", "elapsed": 58791.293511, "delta": 29.480152}}
{"target": -1.0, "params": {"Bgrad": 1.1130632645406302, "d1": -1.68532269865806, "d2": -1.7392946658045219, "d3": 0.07538313442319033, "d4": -2.2612628145743647, "p1": 1.4114678350964915, "p2": 15.232606276177101, "p3": 35.1938070769862, "p4": 45.74447144018605, "pol1": 0.5766550109551509, "pol2": -0.39521122379266727, "pol3": 0.7416121417577175, "pol4": 0.30444061008739687, "v0s": 5.205720527488832}, "datetime": {"datetime": "2022-05-17 12:03:34", "elapsed": 58829.353714, "delta": 38.060203}}
{"target": 3.2990261915097623, "params": {"Bgrad": 0.88497987970726, "d1": -2.3436700515839273, "d2": -2.008286942317841, "d3": -2.948012039094053, "d4": -2.7394892272359583, "p1": 33.819879177811494, "p2": 8.537714530956542, "p3": 38.37961138527522, "p4": 32.93158919298278, "pol1": 0.16108076204473232, "pol2": -0.9075193713329217, "pol3": -0.5435016117852991, "pol4": 0.2563983657508808, "v0s": 3.2990261915097623}, "datetime": {"datetime": "2022-05-17 12:04:00", "elapsed": 58855.651377, "delta": 26.297663}}
