{"target": -1.0, "params": {"Bgrad": 1.8930805859518969, "d1": -0.2910576787400547, "d2": 0.4363056533905785, "d3": -1.7947804927264128, "d4": -2.3422847493998753, "p1": 0.34482889039340603, "p2": 29.790545258231067, "p3": 19.62941520329247, "p4": 11.821427264192208, "pol1": 0.4915201488931751, "pol2": -0.21604079932777598, "pol3": 0.036690252490216846, "pol4": 0.9802375457737151, "v0s": 5.8472812363236475}, "datetime": {"datetime": "2022-05-16 20:30:14", "elapsed": 2829.903529, "delta": 13.277488}}
{"target": 5.323414620182037, "params": {"Bgrad": 0.806743093526894, "d1": -1.9807079478240102, "d2": 0.8775662530844861, "d3": -2.8882689837368676, "d4": -0.8980313258072656, "p1": 5.023362316416518, "p2": 34.54980014454129, "p3": 36.254312364746575, "p4": 35.319121367202875, "pol1": 0.288922229926873, "pol2": -0.026801674928147, "pol3": -0.06038793608469262, "pol4": -0.38565834991459824, "v0s": 5.323414620182037}, "datetime": {"datetime": "2022-05-16 20:30:20", "elapsed": 2835.870569, "delta": 5.96704}}
{"target": -1.0, "params": {"Bgrad": 0.748504277266492, "d1": -1.4226738754585166, "d2": 0.7902668261816184, "d3": -1.9698230347511327, "d4": 0.9996185797189088, "p1": 16.94759695343423, "p2": 30.0537054520582, "p3": 49.79435577793207, "p4": 31.983360346332965, "pol1": -0.9441790872181959, "pol2": -0.20672624234106876, "pol3": -0.5656185706779242, "pol4": 0.2536406673191668, "v0s": 3.5392494451915444}, "datetime": {"datetime": "2022-05-16 20:30:32", "elapsed": 2848.186628, "delta": 12.316059}}
{"target": 5.31109179341475, "params": {"Bgrad": 0.898781197059085, "d1": -2.487425032703872, "d2": 1.0, "d3": -0.8585382193500113, "d4": -1.651504138470248, "p1": 45.91316606635504, "p2": 24.923211295562297, "p3": 21.62613778083528, "p4": 29.119085848106288, "pol1": -0.3670926816475946, "pol2": -0.44284589559001103, "pol3": -0.020970098338093403, "pol4": -0.3903860758524774, "v0s": 5.31109179341475}, "datetime": {"datetime": "2022-05-16 20:30:39", "elapsed": 2854.478799, "delta": 6.292171}}
{"target": -1.0, "params": {"Bgrad": 0.6020541230806029, "d1": -1.4929370298144957, "d2": -2.7213080055838725, "d3": -2.617177075681136, "d4": -0.2911394182386884, "p1": 5.639175363893312, "p2": 0.14365101400790614, "p3": 37.73996850292101, "p4": 18.597918133392515, "pol1": -0.36779101059376496, "pol2": 0.3972841065144981, "pol3": -0.824038581094857, "pol4": -0.23267979176238995, "v0s": 5.949774195657853}, "datetime": {"datetime": "2022-05-16 20:30:45", "elapsed": 2860.512661, "delta": 6.033862}}
{"target": -1.0, "params": {"Bgrad": 1.65443896153529, "d1": -2.2349822914179804, "d2": -1.1005758846612799, "d3": 0.47350036276052476, "d4": 0.6320806611074765, "p1": 30.749228335073358, "p2": 7.24073712421891, "p3": 9.818483824637076, "p4": 23.472129552987063, "pol1": -0.769163449726644, "pol2": -0.3227919406788604, "pol3": -0.05698041500676454, "pol4": -0.1394022232648271, "v0s": 5.232301339486209}, "datetime": {"datetime": "2022-05-16 20:30:55", "elapsed": 2870.891988, "delta": 10.379327}}
{"target": -1.0, "params": {"Bgrad": 0.6401441524141045, "d1": 0.4894049047701108, "d2": -0.7357558954120584, "d3": -0.855111950360794, "d4": -0.3748473971822581, "p1": 18.630945990345687, "p2": 30.081525848671742, "p3": 47.367681884216914, "p4": 32.1013828724172, "pol1": -0.11535289043780761, "pol2": 0.6246258207158646, "pol3": 0.1542647559069863, "pol4": 0.3047041818586298, "v0s": 5.366643130785556}, "datetime": {"datetime": "2022-05-16 20:31:01", "elapsed": 2876.823214, "delta": 5.931226}}
{"target": 4.669632225234044, "params": {"Bgrad": 1.579992589488595, "d1": -1.9338339396165196, "d2": 0.4229750284104034, "d3": -0.8695571852913907, "d4": -2.9436306128115457, "p1": 40.288188881054005, "p2": 20.05890441804572, "p3": 17.86109846134949, "p4": 17.98226322529109, "pol1": 0.8133972626840325, "pol2": -0.8811192387316061, "pol3": 0.07148707374746638, "pol4": -0.6406003579206483, "v0s": 4.669632225234044}, "datetime": {"datetime": "2022-05-16 20:31:08", "elapsed": 2883.589236, "delta": 6.766022}}
{"target": 4.4702070136778636, "params": {"Bgrad": 0.8223076147921689, "d1": -3.0, "d2": -3.0, "d3": -3.0, "d4": -1.279436059988846, "p1": 5.312154903896561, "p2": 2.3154812402293623, "p3": 38.71757083802658, "p4": 21.114152643654556, "pol1": -0.07749105840627572, "pol2": -0.0994419495299237, "pol3": -0.3764090310340547, "pol4": -0.4551949509560774, "v0s": 4.4702070136778636}, "datetime": {"datetime": "2022-05-16 20:31:13", "elapsed": 2888.420397, "delta": 4.831161}}
{"target": 4.672884285819545, "params": {"Bgrad": 1.0007518896458165, "d1": -3.0, "d2": -3.0, "d3": -3.0, "d4": -1.1197107582615207, "p1": 5.018198909471745, "p2": 1.4179723343992419, "p3": 37.53192994950365, "p4": 20.928743794262754, "pol1": 0.2156717744593255, "pol2": -0.12152451491722566, "pol3": -0.13712652984714196, "pol4": 0.066000912502019, "v0s": 4.672884285819545}, "datetime": {"datetime": "2022-05-16 20:31:18", "elapsed": 2894.014539, "delta": 5.594142}}
{"target": 3.8464287845524168, "params": {"Bgrad": 0.9123056763554309, "d1": -1.011292376106202, "d2": 1.0, "d3": -3.0, "d4": -3.0, "p1": 31.388323424330988, "p2": 10.809510006515012, "p3": 38.857115018201974, "p4": 28.13665245094622, "pol1": 1.0, "pol2": -1.0, "pol3": -1.0, "pol4": -0.13715365566726698, "v0s": 3.8464287845524168}, "datetime": {"datetime": "2022-05-16 20:31:26", "elapsed": 2901.866162, "delta": 7.851623}}
{"target": -1.0, "params": {"Bgrad": 1.11052806699709, "d1": -1.331376558474389, "d2": -0.3115700811927539, "d3": -2.2837912554390214, "d4": -3.0, "p1": 6.113322661000949, "p2": 24.08307336253094, "p3": 2.410017325850863, "p4": 31.94813789957656, "pol1": -0.5864211727032427, "pol2": -0.38757568949678955, "pol3": 0.13750880680937413, "pol4": -0.725869892493138, "v0s": 2.957797925363261}, "datetime": {"datetime": "2022-05-16 20:31:35", "elapsed": 2911.049828, "delta": 9.183666}}
{"target": 2.283102440967977, "params": {"Bgrad": 1.7796408112645714, "d1": -1.174962122411638, "d2": -0.3277268510013278, "d3": -2.11325833975019, "d4": -2.2589342263451844, "p1": 45.11367930880449, "p2": 17.319710338326527, "p3": 26.52475546156317, "p4": 13.010363231034816, "pol1": 0.8327235510700992, "pol2": 0.8353418575560767, "pol3": -0.20267894773768247, "pol4": -0.6084098925146135, "v0s": 2.283102440967977}, "datetime": {"datetime": "2022-05-16 20:31:38", "elapsed": 2913.644913, "delta": 2.595085}}
{"target": -1.0, "params": {"Bgrad": 0.898020803031786, "d1": 0.6454524334834364, "d2": 0.7033174462414777, "d3": -2.301186410825647, "d4": -0.5047430477963806, "p1": 46.92725957665358, "p2": 18.274605324797367, "p3": 23.391919717295533, "p4": 12.476868981117311, "pol1": -0.9176008975445917, "pol2": 0.0636010530622817, "pol3": 0.30634419390668954, "pol4": 0.42966425955951104, "v0s": 2.6103920616288883}, "datetime": {"datetime": "2022-05-16 20:31:51", "elapsed": 2926.719131, "delta": 13.074218}}
{"target": 3.174278064772832, "params": {"Bgrad": 0.7938842532027924, "d1": -0.6414267946145443, "d2": 0.29563504998142603, "d3": -1.393007553632481, "d4": 0.04904234055068328, "p1": 15.053610224234458, "p2": 6.016139624366935, "p3": 6.589203564137445, "p4": 36.32112776736717, "pol1": 0.18870307885343907, "pol2": -0.9023198749094239, "pol3": -0.38104180188851927, "pol4": -0.09795938096073815, "v0s": 3.174278064772832}, "datetime": {"datetime": "2022-05-16 20:31:54", "elapsed": 2930.089677, "delta": 3.370546}}
{"target": 4.27780740849955, "params": {"Bgrad": 1.3386628239179283, "d1": -1.9385097359754644, "d2": 0.10356730672989478, "d3": -2.959362323565621, "d4": -1.4929427209357384, "p1": 7.266567424951475, "p2": 35.504433976140106, "p3": 38.41512763891019, "p4": 33.15939290089052, "pol1": -0.2948546825579472, "pol2": 0.6514025013814646, "pol3": -0.2562305873172448, "pol4": -0.3875273914669126, "v0s": 4.27780740849955}, "datetime": {"datetime": "2022-05-16 20:32:01", "elapsed": 2936.243219, "delta": 6.153542}}
{"target": 4.26051274592189, "params": {"Bgrad": 1.1093910462218262, "d1": -0.28854533113067127, "d2": 1.0, "d3": -3.0, "d4": -3.0, "p1": 31.000706398468168, "p2": 10.934713250111848, "p3": 37.66967226648732, "p4": 28.68981700441531, "pol1": 1.0, "pol2": -1.0, "pol3": -1.0, "pol4": -0.5263983764576499, "v0s": 4.26051274592189}, "datetime": {"datetime": "2022-05-16 20:32:10", "elapsed": 2945.597201, "delta": 9.353982}}
{"target": 4.593503680678413, "params": {"Bgrad": 1.3489932375386284, "d1": -1.6964072735267748, "d2": 0.42486594574443726, "d3": -0.6702103044997956, "d4": -2.6254036369382057, "p1": 40.22128667911243, "p2": 21.98390793328217, "p3": 17.557179796403382, "p4": 16.583044855692123, "pol1": 0.4011247834268647, "pol2": -0.9572575511356333, "pol3": 0.5579269494091973, "pol4": -0.2349050525777916, "v0s": 4.593503680678413}, "datetime": {"datetime": "2022-05-16 20:32:16", "elapsed": 2951.571222, "delta": 5.974021}}
{"target": -1.0, "params": {"Bgrad": 1.287249468057589, "d1": -2.5079739437029165, "d2": 1.0, "d3": -0.9645721730363217, "d4": -1.7741124301290772, "p1": 46.49704935941265, "p2": 25.5567618133668, "p3": 21.647265146445758, "p4": 28.493399907822614, "pol1": -0.353156062851475, "pol2": -0.3838198777478804, "pol3": -0.1309701879059956, "pol4": -0.4771298722409248, "v0s": 5.502894350185569}, "datetime": {"datetime": "2022-05-16 20:32:27", "elapsed": 2962.416216, "delta": 10.844994}}
{"target": -1.0, "params": {"Bgrad": 1.480093973674738, "d1": -1.7817455488892877, "d2": 0.6106565589570976, "d3": -0.667972055686576, "d4": -2.6306556715892264, "p1": 41.93473697937666, "p2": 23.014186727204834, "p3": 19.14551103965395, "p4": 19.378813543431754, "pol1": -0.65875929279327, "pol2": 0.4511906274747548, "pol3": -0.04344557705210206, "pol4": -0.45581431146365636, "v0s": 5.5762577869658685}, "datetime": {"datetime": "2022-05-16 20:32:40", "elapsed": 2975.766509, "delta": 13.350293}}
{"target": 2.400094315979583, "params": {"Bgrad": 0.6168376069372568, "d1": -0.6615352452078547, "d2": 0.5282367199505615, "d3": -2.7119418769315797, "d4": -2.8975884593508794, "p1": 7.656323723619557, "p2": 37.6819425476711, "p3": 31.831254354284017, "p4": 36.067850716926785, "pol1": 0.7798185236174602, "pol2": -0.6010050465469743, "pol3": -0.9852642689492908, "pol4": -0.2540827739962306, "v0s": 2.400094315979583}, "datetime": {"datetime": "2022-05-16 20:32:44", "elapsed": 2979.282106, "delta": 3.515597}}
{"target": 4.748557897813208, "params": {"Bgrad": 1.1546632098844647, "d1": -1.8910696994521548, "d2": 0.4981025047664568, "d3": -2.942883555859346, "d4": -1.1553517953236028, "p1": 6.061236774410697, "p2": 35.18461536693885, "p3": 36.10104333271559, "p4": 34.91828852052512, "pol1": 0.15341221087812237, "pol2": 0.0822583963646049, "pol3": -0.16769194976326748, "pol4": -0.3773596017942196, "v0s": 4.748557897813208}, "datetime": {"datetime": "2022-05-16 20:32:49", "elapsed": 2985.21424, "delta": 5.932134}}
{"target": -1.0, "params": {"Bgrad": 1.042989472031088, "d1": -1.735674451819035, "d2": -0.584756427542743, "d3": -1.6921612982062104, "d4": -2.0535444991062035, "p1": 33.32034534210984, "p2": 8.475362339675213, "p3": 8.105550805079103, "p4": 24.460896830055738, "pol1": -0.27901211405245907, "pol2": 0.6307061034897143, "pol3": -0.02021725260783236, "pol4": -0.7094098231761001, "v0s": 5.543978359262387}, "datetime": {"datetime": "2022-05-16 20:32:59", "elapsed": 2994.934242, "delta": 9.720002}}
{"target": -1.0, "params": {"Bgrad": 1.563228397617332, "d1": -1.8190838864848398, "d2": 0.5514917256172218, "d3": -1.2519568068059055, "d4": -1.1322006143974872, "p1": 13.12308986996143, "p2": 24.173661999876334, "p3": 44.385262980464134, "p4": 31.99250249099808, "pol1": 0.4524806831011212, "pol2": 0.21084466490270937, "pol3": 0.01336261499471414, "pol4": 0.45709295862778476, "v0s": 2.401353843172293}, "datetime": {"datetime": "2022-05-16 20:33:03", "elapsed": 2998.36008, "delta": 3.425838}}
{"target": 4.53848026861787, "params": {"Bgrad": 1.5423626106800004, "d1": -2.4415708653561876, "d2": 0.24756084023471875, "d3": -2.083145072782073, "d4": -1.2578976040058538, "p1": 28.50957303221871, "p2": 25.62350415024861, "p3": 3.888712495703297, "p4": 43.3396292522754, "pol1": 0.6563231953634704, "pol2": 0.9330311641936445, "pol3": 0.254940372714669, "pol4": 0.4316191247813148, "v0s": 4.53848026861787}, "datetime": {"datetime": "2022-05-16 20:33:10", "elapsed": 3005.895924, "delta": 7.535844}}
{"target": 4.485864880697673, "params": {"Bgrad": 1.376670620392918, "d1": -1.926407617518052, "d2": 0.3648087075273374, "d3": -0.9341815891439925, "d4": -2.283698593357071, "p1": 39.739239317195256, "p2": 19.52747003804964, "p3": 18.251418679441496, "p4": 18.674254771260205, "pol1": 0.5014027853714538, "pol2": -0.02826349764647254, "pol3": 0.12625778547870506, "pol4": -0.5655133020844804, "v0s": 4.485864880697673}, "datetime": {"datetime": "2022-05-16 20:33:17", "elapsed": 3012.543145, "delta": 6.647221}}
{"target": 2.782619170819648, "params": {"Bgrad": 1.1080863939022896, "d1": 0.17772517609377836, "d2": -1.7211813542453784, "d3": -0.4737235219312912, "d4": -2.7057184662062714, "p1": 45.72053510668237, "p2": 17.806782101417113, "p3": 26.677603363573986, "p4": 13.560724108147726, "pol1": 0.6748613290869403, "pol2": -0.5827300734503447, "pol3": 0.5835266350385075, "pol4": 0.8119083730049017, "v0s": 2.782619170819648}, "datetime": {"datetime": "2022-05-16 20:33:21", "elapsed": 3017.082005, "delta": 4.53886}}
{"target": -1.0, "params": {"Bgrad": 1.6809336572949736, "d1": -0.2816955911476118, "d2": 0.5813739132720297, "d3": -2.7592445652579594, "d4": 0.4825185728711432, "p1": 7.318053604559554, "p2": 36.27596632896244, "p3": 37.08877366973212, "p4": 35.05338736060695, "pol1": -0.2588622095455697, "pol2": 0.5251605847877532, "pol3": 0.0654472299101776, "pol4": -0.6592274217374234, "v0s": 5.682363278347703}, "datetime": {"datetime": "2022-05-16 20:33:33", "elapsed": 3028.38278, "delta": 11.300775}}
{"target": 2.8942028626991454, "params": {"Bgrad": 0.889195164719694, "d1": -2.1019110794260536, "d2": -2.676612218829055, "d3": -2.376408855388535, "d4": -1.273953397667396, "p1": 37.42923535717795, "p2": 35.289892272441655, "p3": 18.18694099931621, "p4": 22.62417513524296, "pol1": 0.526127156333608, "pol2": 0.6103412557761004, "pol3": -0.43234858702076506, "pol4": -0.5218416546478819, "v0s": 2.8942028626991454}, "datetime": {"datetime": "2022-05-16 20:33:39", "elapsed": 3034.436588, "delta": 6.053808}}
{"target": 3.9406496858426006, "params": {"Bgrad": 1.4770054721431218, "d1": -2.000866908692948, "d2": 0.08587889022249463, "d3": -2.9425494609406253, "d4": -1.5683623448988466, "p1": 6.9731948291138215, "p2": 35.69662494179281, "p3": 36.64307056352756, "p4": 34.04676318803154, "pol1": -0.1033091207017405, "pol2": 0.284450759313194, "pol3": -0.3715854569060754, "pol4": -0.3442428996356071, "v0s": 3.9406496858426006}, "datetime": {"datetime": "2022-05-16 20:33:45", "elapsed": 3040.636009, "delta": 6.199421}}
{"target": 4.559155838671311, "params": {"Bgrad": 0.9404392110152505, "d1": -1.5310043590704807, "d2": 0.3655989902667547, "d3": -0.6013877219035906, "d4": -2.0471559019775487, "p1": 45.13527308328301, "p2": 25.965998654006277, "p3": 22.590400129086248, "p4": 30.708794687736386, "pol1": 0.003503515132272428, "pol2": 0.5802910212857495, "pol3": 0.8533785742048778, "pol4": -0.29999630316068693, "v0s": 4.559155838671311}, "datetime": {"datetime": "2022-05-16 20:33:50", "elapsed": 3045.781246, "delta": 5.145237}}
{"target": 2.4558763118645053, "params": {"Bgrad": 0.8220742531694265, "d1": -1.8810588499699898, "d2": -0.38081863344959954, "d3": -0.08686144784094729, "d4": -2.6092532835099385, "p1": 30.355388584929905, "p2": 7.618740934347034, "p3": 8.99258201713405, "p4": 24.112147941691266, "pol1": 0.291773458693088, "pol2": -0.1882045053719219, "pol3": -0.7517406044722348, "pol4": -0.5796585809225201, "v0s": 2.4558763118645053}, "datetime": {"datetime": "2022-05-16 20:33:54", "elapsed": 3049.24199, "delta": 3.460744}}
{"target": 4.4342693830254785, "params": {"Bgrad": 1.339864513721861, "d1": -1.1535669135699231, "d2": 1.0, "d3": -0.9800435445517333, "d4": -2.453357758027307, "p1": 39.079441720365075, "p2": 19.510270588436047, "p3": 16.902433321118966, "p4": 18.141757269171862, "pol1": 0.4979249841750474, "pol2": -0.41215207183112756, "pol3": 0.04792218169185316, "pol4": -0.1104742797762691, "v0s": 4.4342693830254785}, "datetime": {"datetime": "2022-05-16 20:34:00", "elapsed": 3055.745595, "delta": 6.503605}}
{"target": -1.0, "params": {"Bgrad": 1.3145782599682843, "d1": -2.6130887168711894, "d2": 0.2853196963880489, "d3": -1.3158686566938158, "d4": -1.0683471880400828, "p1": 28.568443094575592, "p2": 25.797068251345507, "p3": 4.992971212241237, "p4": 42.98342503040497, "pol1": 0.24418729451141497, "pol2": -0.9309233529771923, "pol3": -0.6165268283025152, "pol4": 0.24948010414790867, "v0s": 6.407513470997241}, "datetime": {"datetime": "2022-05-16 20:34:10", "elapsed": 3065.450637, "delta": 9.705042}}
{"target": -1.0, "params": {"Bgrad": 1.4785760282616713, "d1": -1.999615247606831, "d2": -2.7289739519713563, "d3": -2.5627040551619884, "d4": -2.021326525792114, "p1": 5.082836581654643, "p2": 10.069916874559294, "p3": 35.803408517885735, "p4": 28.635480425016212, "pol1": -0.4908273766473015, "pol2": -0.7993979972259301, "pol3": 0.813693211235593, "pol4": 0.3702824563889969, "v0s": 2.772934854583867}, "datetime": {"datetime": "2022-05-16 20:34:17", "elapsed": 3072.350184, "delta": 6.899547}}
{"target": -1.0, "params": {"Bgrad": 0.8604401712547582, "d1": -1.6383506627651907, "d2": 0.7611932991334842, "d3": 0.0197884451061916, "d4": -1.118182724414825, "p1": 30.995711406637287, "p2": 7.4786784668682715, "p3": 8.751962150795933, "p4": 23.248253935844033, "pol1": 0.9169361561186253, "pol2": 0.7706745961345336, "pol3": 0.29530180212350676, "pol4": 0.412061893369541, "v0s": 5.2831628646352815}, "datetime": {"datetime": "2022-05-16 20:34:27", "elapsed": 3082.66764, "delta": 10.317456}}
{"target": -1.0, "params": {"Bgrad": 0.5330945022778222, "d1": -1.3396555314008078, "d2": 0.8275231707199029, "d3": -2.6638322426975654, "d4": -1.2801719416385202, "p1": 43.71157776782784, "p2": 23.79723789926354, "p3": 22.686620069789644, "p4": 28.698652039807747, "pol1": 0.22249553149704293, "pol2": -0.5080831632587384, "pol3": -0.8494059802022875, "pol4": -0.7861449433022363, "v0s": 5.3996202013552335}, "datetime": {"datetime": "2022-05-16 20:34:33", "elapsed": 3088.277636, "delta": 5.609996}}
{"target": 4.481573613880312, "params": {"Bgrad": 1.6923030738833045, "d1": -1.31775684539176, "d2": 0.6391136186285761, "d3": -1.4338382698964673, "d4": -0.011045198349661365, "p1": 0.7569118629599895, "p2": 31.191655581304083, "p3": 17.014045339617862, "p4": 11.61025566374823, "pol1": -0.14419693661609248, "pol2": 0.16054036017851978, "pol3": -0.5022100740838288, "pol4": 1.0, "v0s": 4.481573613880312}, "datetime": {"datetime": "2022-05-16 20:34:39", "elapsed": 3094.855043, "delta": 6.577407}}
{"target": 5.395464611953827, "params": {"Bgrad": 0.596688308949747, "d1": -2.2764495377208522, "d2": 0.9512586241540424, "d3": -2.0196156679948216, "d4": -1.8088698894903055, "p1": 7.188989021980524, "p2": 34.26254510085092, "p3": 38.3880511604856, "p4": 34.26164162410651, "pol1": -0.711922896233327, "pol2": -0.6270912925595189, "pol3": 0.2928017476318041, "pol4": -0.04071291145878697, "v0s": 5.395464611953827}, "datetime": {"datetime": "2022-05-16 20:34:45", "elapsed": 3100.625609, "delta": 5.770566}}
{"target": -1.0, "params": {"Bgrad": 0.628000019429465, "d1": -1.085335525365867, "d2": -0.34188611746583586, "d3": 0.3081737227897401, "d4": -2.0247722338113925, "p1": 39.68398125892142, "p2": 20.155067519794578, "p3": 16.706673410077638, "p4": 20.012447002799927, "pol1": -0.66632283886493, "pol2": 0.11185149617022061, "pol3": -0.791096001552845, "pol4": 0.6152096632407307, "v0s": 4.447975492204963}, "datetime": {"datetime": "2022-05-16 20:34:51", "elapsed": 3106.841983, "delta": 6.216374}}
{"target": 3.463651805842317, "params": {"Bgrad": 1.0233187744503887, "d1": -0.11459605335963659, "d2": -0.1377653087934087, "d3": -0.7874125603922908, "d4": -2.015983766704103, "p1": 22.05930253135628, "p2": 6.3679501704762576, "p3": 46.25733114571939, "p4": 38.57453037009796, "pol1": -0.19189452718694136, "pol2": -0.23368998104641603, "pol3": -0.6254044559510183, "pol4": -0.4235973473100096, "v0s": 3.463651805842317}, "datetime": {"datetime": "2022-05-16 20:34:57", "elapsed": 3112.546725, "delta": 5.704742}}
{"target": 4.16439956651979, "params": {"Bgrad": 1.6061562843304629, "d1": -3.0, "d2": -0.2266638402271465, "d3": -0.24828961854186746, "d4": -0.34686547083805674, "p1": 32.320289282509144, "p2": 7.98124262231454, "p3": 7.8432712267983975, "p4": 25.0483781520517, "pol1": 0.9214095589167282, "pol2": -0.6772387779482926, "pol3": -0.42772823389397224, "pol4": 0.43339898309971175, "v0s": 4.16439956651979}, "datetime": {"datetime": "2022-05-16 20:35:02", "elapsed": 3118.14176, "delta": 5.595035}}
{"target": 5.258529384486757, "params": {"Bgrad": 0.5714805077996586, "d1": -2.470527951383597, "d2": 1.0, "d3": -0.35052734261754515, "d4": -1.9265883753916915, "p1": 45.57166102901948, "p2": 24.676527523374666, "p3": 22.44761779908862, "p4": 29.165776655771275, "pol1": -0.35374186958986176, "pol2": -0.2670177960843299, "pol3": 0.14316141696578047, "pol4": -0.37018891027787454, "v0s": 5.258529384486757}, "datetime": {"datetime": "2022-05-16 20:35:08", "elapsed": 3123.670972, "delta": 5.529212}}
{"target": 2.348032534898379, "params": {"Bgrad": 1.44317954154103, "d1": -1.031985544103463, "d2": -0.14082476471048952, "d3": -1.0584032613378231, "d4": -2.990956614814395, "p1": 9.668690307530257, "p2": 16.419549628904658, "p3": 6.128400332333549, "p4": 29.502486568537442, "pol1": 0.3359705259260453, "pol2": -0.23184677649291252, "pol3": -0.35834117520490866, "pol4": 0.5955886224443431, "v0s": 2.348032534898379}, "datetime": {"datetime": "2022-05-16 20:35:12", "elapsed": 3127.968477, "delta": 4.297505}}
