{"target": -1.0, "params": {"Bgrad": 1.3555411508986908, "d1": -1.3192855968475614, "d2": -1.8887618896167013, "d3": 0.19017947220630438, "d4": 0.633202567984827, "p1": 10.799931804689805, "p2": 8.268572392769757, "p3": 25.44559986371922, "p4": 49.98340594285549, "pol1": 0.22603451644725325, "pol2": 0.2178831175334366, "pol3": 0.09949577331795378, "pol4": -0.8909386693687846, "v0s": 5.219882187447615}, "datetime": {"datetime": "2022-06-15 23:09:40", "elapsed": 248827.528256, "delta": 20.567028}}
{"target": -1.0, "params": {"Bgrad": 1.7339973997032385, "d1": 0.02042065861335507, "d2": -1.251073744343497, "d3": -2.2875474798385587, "d4": -1.6513545825127331, "p1": 6.458271398708826, "p2": 20.13797792972149, "p3": 25.80899065258225, "p4": 48.106871411181665, "pol1": 0.8136524861622054, "pol2": 0.8554872431100538, "pol3": -0.4162560483590383, "pol4": -0.9378167109157285, "v0s": 4.521650781457655}, "datetime": {"datetime": "2022-06-15 23:10:01", "elapsed": 248848.641823, "delta": 21.113567}}
{"target": -1.0, "params": {"Bgrad": 1.1363321806978546, "d1": 0.7492002511532463, "d2": -1.756144252456191, "d3": 0.5191544261715619, "d4": -0.49094142453798106, "p1": 29.784648815078413, "p2": 11.963009413571907, "p3": 18.48146432127705, "p4": 32.38428982688843, "pol1": -0.4761315128770589, "pol2": 0.07284368705644395, "pol3": -0.15289521285703556, "pol4": -0.22578053458526326, "v0s": 7.3751494841632255}, "datetime": {"datetime": "2022-06-15 23:10:17", "elapsed": 248864.614131, "delta": 15.972308}}
{"target": -1.0, "params": {"Bgrad": 0.7301540810757388, "d1": 0.038372150895711776, "d2": -1.9474722324338094, "d3": -2.97523093177127, "d4": -1.6763209842178006, "p1": 29.73223357368698, "p2": 42.99472330344923, "p3": 45.73833571769719, "p4": 7.289765413312094, "pol1": 0.4619495687050379, "pol2": -0.8830877822364345, "pol3": 0.6637733623205422, "pol4": -0.3158394042916641, "v0s": 5.12988611354374}, "datetime": {"datetime": "2022-06-15 23:10:28", "elapsed": 248875.672574, "delta": 11.058443}}
{"target": 4.309878144072579, "params": {"Bgrad": 1.1312497532857078, "d1": -1.6364367715203123, "d2": -0.2200583935214997, "d3": -0.9447293538488122, "d4": -0.946258519968727, "p1": 16.785514796283003, "p2": 8.204034647910346, "p3": 35.20086734072972, "p4": 26.066589799418526, "pol1": -0.9961071878620746, "pol2": -0.2689232096226821, "pol3": -0.002119802142947158, "pol4": 0.5625053312418968, "v0s": 4.309878144072579}, "datetime": {"datetime": "2022-06-15 23:10:40", "elapsed": 248887.912858, "delta": 12.240284}}
{"target": -1.0, "params": {"Bgrad": 1.2132553967006303, "d1": -1.166490941382865, "d2": 0.49477469206913005, "d3": -1.8639167335747464, "d4": 0.8290192197926074, "p1": 40.85477074998094, "p2": 17.054019430972872, "p3": 22.127994229564287, "p4": 4.199585822482311, "pol1": -0.8137249709957657, "pol2": -0.266229898946714, "pol3": 0.796738733079601, "pol4": 0.3939793256150228, "v0s": 5.724299166969961}, "datetime": {"datetime": "2022-06-15 23:11:01", "elapsed": 248908.076963, "delta": 20.164105}}
{"target": 4.356535866350972, "params": {"Bgrad": 1.658915165467713, "d1": -0.7568224141022961, "d2": 0.5706530814595783, "d3": -1.4397441206699382, "d4": -2.8562250133298606, "p1": 4.530724432401595, "p2": 38.734843815570095, "p3": 25.77326454375116, "p4": 28.481948242772148, "pol1": 0.7358938990489081, "pol2": 0.5727218299612447, "pol3": -0.8418465856422714, "pol4": -0.9133554176611824, "v0s": 4.356535866350972}, "datetime": {"datetime": "2022-06-15 23:11:11", "elapsed": 248918.528029, "delta": 10.451066}}
{"target": -1.0, "params": {"Bgrad": 1.2256912316626996, "d1": -0.6152473837514649, "d2": -0.6311248353550911, "d3": 0.7904336819077042, "d4": -0.6405335105460876, "p1": 35.44237294681409, "p2": 47.387883096276184, "p3": 26.950824788624306, "p4": 32.80543934318016, "pol1": -0.022806246290697496, "pol2": 0.7674681923073563, "pol3": 0.3280842593216218, "pol4": -0.2194700665945435, "v0s": 7.848998636776781}, "datetime": {"datetime": "2022-06-15 23:11:25", "elapsed": 248932.443834, "delta": 13.915805}}
{"target": -1.0, "params": {"Bgrad": 0.6912498463443135, "d1": -1.2243493375426708, "d2": -2.876735617999156, "d3": -1.1255080115861, "d4": -0.361004556850292, "p1": 15.04512085060316, "p2": 22.75036444730975, "p3": 26.00053179564733, "p4": 44.40120871686491, "pol1": -0.44687232042009906, "pol2": -0.21711229208927563, "pol3": 0.4441461377708069, "pol4": -0.6267832949686303, "v0s": 6.8056416431778395}, "datetime": {"datetime": "2022-06-15 23:11:35", "elapsed": 248942.988651, "delta": 10.544817}}
{"target": -1.0, "params": {"Bgrad": 0.874198840593476, "d1": -1.9549922468095557, "d2": -2.365889694733377, "d3": -2.8502973217903738, "d4": 0.2089403733951194, "p1": 9.191191842550406, "p2": 21.93544519088672, "p3": 41.80562429509395, "p4": 17.647300139577165, "pol1": -0.8517743389134138, "pol2": 0.7386635705574618, "pol3": -0.20218592894787557, "pol4": 0.5509221952245291, "v0s": 4.303921124315652}, "datetime": {"datetime": "2022-06-15 23:11:54", "elapsed": 248962.004824, "delta": 19.016173}}
{"target": -1.0, "params": {"Bgrad": 1.8136390222310894, "d1": 0.34455246538829964, "d2": -2.912827182103847, "d3": -0.2888075731524524, "d4": -2.80422020302053, "p1": 39.05549348756651, "p2": 25.091471408621015, "p3": 47.109435280778406, "p4": 29.217565138625908, "pol1": 0.29281814562061337, "pol2": -0.5529848706362563, "pol3": -0.44661060085020887, "pol4": 0.7590380486645698, "v0s": 6.305386009104091}, "datetime": {"datetime": "2022-06-15 23:12:17", "elapsed": 248984.190524, "delta": 22.1857}}
{"target": -1.0, "params": {"Bgrad": 0.8715435428298931, "d1": -0.8753862472631311, "d2": -1.2389836317999068, "d3": -0.6701440670290464, "d4": -0.008100365351718875, "p1": 4.3051052791211575, "p2": 18.135583102326407, "p3": 42.076993188067995, "p4": 26.558626633243986, "pol1": -0.09275621555754254, "pol2": -0.08136468604788116, "pol3": -0.6911090753523075, "pol4": -0.007243923383190243, "v0s": 2.034438023356465}, "datetime": {"datetime": "2022-06-15 23:12:26", "elapsed": 248993.312143, "delta": 9.121619}}
{"target": -1.0, "params": {"Bgrad": 0.8545221370654059, "d1": -0.6337518422569555, "d2": 0.00330364307930342, "d3": -1.9899008774024263, "d4": 0.3164667494139004, "p1": 4.90170580564519, "p2": 7.087520366570632, "p3": 40.31333859297973, "p4": 4.449955074493389, "pol1": -0.7927313405887555, "pol2": 0.75996750797269, "pol3": 0.47725631737108065, "pol4": 0.7227018638582934, "v0s": 2.022103806036794}, "datetime": {"datetime": "2022-06-15 23:12:37", "elapsed": 249004.883216, "delta": 11.571073}}
{"target": -1.0, "params": {"Bgrad": 1.4875554031031708, "d1": -2.773323757034782, "d2": -1.5669484242024336, "d3": -0.18357975666002035, "d4": -0.06760275917025771, "p1": 46.05864461375149, "p2": 42.96743642052257, "p3": 49.56147522655234, "p4": 31.029033227413127, "pol1": -0.7928994458324519, "pol2": 0.7458006022812016, "pol3": -0.5455427496361167, "pol4": 0.7709194516199132, "v0s": 2.9157109531422085}, "datetime": {"datetime": "2022-06-15 23:12:53", "elapsed": 249020.360847, "delta": 15.477631}}
{"target": -1.0, "params": {"Bgrad": 1.3065629137745862, "d1": -2.354941599674431, "d2": -2.969378020483022, "d3": 0.7397209740057069, "d4": 0.8126250998253197, "p1": 27.554886316115628, "p2": 5.076833933252706, "p3": 43.95513408407579, "p4": 20.275531036756067, "pol1": -0.20221421652978377, "pol2": -0.43281258576322257, "pol3": 0.48852539818296004, "pol4": 0.6822455597679182, "v0s": 6.0084278036714505}, "datetime": {"datetime": "2022-06-15 23:13:10", "elapsed": 249037.911936, "delta": 17.551089}}
{"target": -1.0, "params": {"Bgrad": 1.8145471029392142, "d1": 0.517964024817859, "d2": -0.11165177618253752, "d3": -0.28005869230152136, "d4": -2.4263335620480957, "p1": 26.73398159937111, "p2": 40.98657081991846, "p3": 30.38339236515235, "p4": 49.680670734545494, "pol1": 0.7177715163353449, "pol2": -0.9692076687402609, "pol3": 0.7592802914955317, "pol4": 0.5296733747255156, "v0s": 7.660438375166206}, "datetime": {"datetime": "2022-06-15 23:13:27", "elapsed": 249054.483644, "delta": 16.571708}}
{"target": -1.0, "params": {"Bgrad": 0.505871888172293, "d1": -0.8216928788626743, "d2": -1.3921676834647654, "d3": 0.44630104806769566, "d4": -1.482847688888747, "p1": 41.881851599666994, "p2": 36.248129855340615, "p3": 11.511626599065295, "p4": 14.511868787177923, "pol1": -0.616962241028076, "pol2": -0.49929202697302877, "pol3": -0.617467577142351, "pol4": 0.21818982721651947, "v0s": 7.338265542939449}, "datetime": {"datetime": "2022-06-15 23:13:39", "elapsed": 249066.50551, "delta": 12.021866}}
{"target": -1.0, "params": {"Bgrad": 1.4551320959210532, "d1": 0.22295920497852872, "d2": -2.9549942507233875, "d3": 0.5752499978451975, "d4": -0.2935068173422919, "p1": 42.099548446781434, "p2": 25.546791471576636, "p3": 9.979376281863878, "p4": 0.1753037990726014, "pol1": -0.9089089378056958, "pol2": 0.8865068364307283, "pol3": 0.9100389189946438, "pol4": -0.1698543404474926, "v0s": 7.704190073686542}, "datetime": {"datetime": "2022-06-15 23:13:56", "elapsed": 249083.717505, "delta": 17.211995}}
{"target": -1.0, "params": {"Bgrad": 0.818989005127279, "d1": -1.4405457715503203, "d2": -0.62479806999449, "d3": -1.1583597362757074, "d4": 0.13518922945545508, "p1": 8.849435372588548, "p2": 16.892769330050132, "p3": 14.30923502871686, "p4": 23.85503488335473, "pol1": 0.17358800403173946, "pol2": -0.5040241696301009, "pol3": 0.4305106982569129, "pol4": 0.16173918477865734, "v0s": 6.9131450710219955}, "datetime": {"datetime": "2022-06-15 23:14:08", "elapsed": 249096.032589, "delta": 12.315084}}
{"target": -1.0, "params": {"Bgrad": 1.071079291534414, "d1": -0.7584085730304082, "d2": -1.6447482169216285, "d3": -0.020274249940393396, "d4": -2.9734654792757684, "p1": 2.1943059017972444, "p2": 6.78087542820624, "p3": 41.606796495805206, "p4": 1.3358081695472923, "pol1": 0.5518167265185678, "pol2": -0.48753997689573314, "pol3": -0.6890965261583428, "pol4": 0.004717396467495805, "v0s": 7.83157707472684}, "datetime": {"datetime": "2022-06-15 23:14:25", "elapsed": 249112.302103, "delta": 16.269514}}
{"target": -1.0, "params": {"Bgrad": 1.0617966072235008, "d1": -0.40517565114521314, "d2": -1.2836306823633987, "d3": -2.485113989836221, "d4": -0.5246850803893222, "p1": 33.700163727066865, "p2": 31.05975116182263, "p3": 8.649613199361955, "p4": 41.27152770510666, "pol1": -0.8927127425701229, "pol2": -0.37959030022047435, "pol3": 0.9003752685036699, "pol4": 0.2847736630163902, "v0s": 2.1669745957081927}, "datetime": {"datetime": "2022-06-15 23:14:39", "elapsed": 249126.246831, "delta": 13.944728}}
{"target": -1.0, "params": {"Bgrad": 1.6164849156145256, "d1": 0.7778917805002097, "d2": -0.9524165475867314, "d3": -2.245700220061902, "d4": -2.8209523542909856, "p1": 37.06728056882479, "p2": 40.70530470741129, "p3": 5.025569430723342, "p4": 7.434254837290738, "pol1": -0.47555891698965036, "pol2": 0.7258384327949852, "pol3": 0.2138449180867379, "pol4": 0.45322670216414296, "v0s": 2.806138974089138}, "datetime": {"datetime": "2022-06-15 23:15:02", "elapsed": 249149.922551, "delta": 23.67572}}
{"target": -1.0, "params": {"Bgrad": 0.5251062985371862, "d1": -1.22857116310103, "d2": 0.6040380848422866, "d3": -2.0764793411231692, "d4": 0.46474911603289115, "p1": 39.00990012701367, "p2": 2.1597695748380663, "p3": 18.839385400140625, "p4": 3.268368116989473, "pol1": -0.2017928041317314, "pol2": -0.3890399421723547, "pol3": 0.46215741715559355, "pol4": -0.6094676952760452, "v0s": 4.0801883048360885}, "datetime": {"datetime": "2022-06-15 23:15:20", "elapsed": 249167.642189, "delta": 17.719638}}
{"target": -1.0, "params": {"Bgrad": 0.9087063330310434, "d1": -1.4679862372822674, "d2": 0.5179421993588691, "d3": -0.7015995595918589, "d4": -0.15656205136666923, "p1": 21.570795467860226, "p2": 24.54226082377568, "p3": 0.6725929201574832, "p4": 4.571488169455207, "pol1": -0.7203928717816988, "pol2": 0.9394105397393864, "pol3": 0.7249511966491498, "pol4": -0.568097257257286, "v0s": 6.2469871410511}, "datetime": {"datetime": "2022-06-15 23:15:37", "elapsed": 249184.751458, "delta": 17.109269}}
{"target": -1.0, "params": {"Bgrad": 1.9072457282244923, "d1": -1.4075625853587606, "d2": 0.85308663551523, "d3": -2.805080830828506, "d4": -2.5291278114853237, "p1": 21.00722128788795, "p2": 25.23233194399609, "p3": 40.901491610442555, "p4": 46.759954362684184, "pol1": -0.9811478581451143, "pol2": 0.6642354257760024, "pol3": 0.9067077291516463, "pol4": 0.9816853990881194, "v0s": 5.035596253403844}, "datetime": {"datetime": "2022-06-15 23:15:57", "elapsed": 249204.441829, "delta": 19.690371}}
{"target": -1.0, "params": {"Bgrad": 0.9659357808290274, "d1": -1.5400425995705582, "d2": -2.654086190276607, "d3": -0.9084007854007567, "d4": 0.38070621123007164, "p1": 20.692355823539305, "p2": 22.57890285490584, "p3": 9.93053366475493, "p4": 24.597130803829465, "pol1": -0.5631932370148747, "pol2": 0.7984808665502028, "pol3": -0.1235805347775969, "pol4": -0.9414728437621365, "v0s": 4.154453399595182}, "datetime": {"datetime": "2022-06-15 23:16:12", "elapsed": 249219.427775, "delta": 14.985946}}
{"target": -1.0, "params": {"Bgrad": 1.9195358699636622, "d1": -1.4822196020541556, "d2": -1.6084196263512975, "d3": -0.3457153770849355, "d4": 0.9654162411087261, "p1": 8.785122973068965, "p2": 42.38878295201059, "p3": 24.089570811643295, "p4": 42.58505420940658, "pol1": 0.6933687379889579, "pol2": -0.08465332852216956, "pol3": 0.9625379324488328, "pol4": -0.5794503636546828, "v0s": 6.004327881876197}, "datetime": {"datetime": "2022-06-15 23:16:29", "elapsed": 249236.454266, "delta": 17.026491}}
{"target": -1.0, "params": {"Bgrad": 1.1883581751427845, "d1": -0.6102944265291237, "d2": -2.1291884629808817, "d3": -0.3999256036949115, "d4": 0.7195301548208732, "p1": 4.8288129200753644, "p2": 1.9256251613994357, "p3": 22.721730586670397, "p4": 19.77526658223303, "pol1": 0.43704408808186956, "pol2": 0.9079017378122438, "pol3": 0.6030122472459742, "pol4": -0.37673155806315495, "v0s": 4.479618860173388}, "datetime": {"datetime": "2022-06-15 23:16:46", "elapsed": 249253.279295, "delta": 16.825029}}
{"target": -1.0, "params": {"Bgrad": 0.586362283781793, "d1": 0.25826531839215994, "d2": 0.9166189967564642, "d3": -2.6800366966327016, "d4": -0.34398683017053555, "p1": 41.293460060699175, "p2": 21.551748672835476, "p3": 18.896587350414297, "p4": 33.99823884836306, "pol1": -0.8703687634012836, "pol2": -0.8678490327345585, "pol3": -0.7285209479881027, "pol4": -0.5634888234798896, "v0s": 6.824369311525557}, "datetime": {"datetime": "2022-06-15 23:16:59", "elapsed": 249266.5967, "delta": 13.317405}}
{"target": -1.0, "params": {"Bgrad": 1.9510022586609461, "d1": 0.2727148249832618, "d2": -1.7815047567332822, "d3": -0.5191236713801919, "d4": -2.545525441342725, "p1": 28.88911613029233, "p2": 5.006902126728418, "p3": 33.99315527475604, "p4": 31.969598663469835, "pol1": 0.4721385386383605, "pol2": 0.47419151938682846, "pol3": 0.03817438117196725, "pol4": 0.06637240042305592, "v0s": 6.242968435056222}, "datetime": {"datetime": "2022-06-15 23:17:15", "elapsed": 249282.245873, "delta": 15.649173}}
{"target": -1.0, "params": {"Bgrad": 1.5881892796920178, "d1": -2.4824360099937075, "d2": -2.5075687375162827, "d3": 0.7787089706597796, "d4": -2.3334737847573166, "p1": 8.172704302164169, "p2": 8.156599238512513, "p3": 42.251567822714, "p4": 9.576478146742357, "pol1": -0.09591592474909882, "pol2": -0.09095222563557726, "pol3": -0.3985382071508963, "pol4": 0.576830613613242, "v0s": 5.148874623051412}, "datetime": {"datetime": "2022-06-15 23:17:33", "elapsed": 249300.94988, "delta": 18.704007}}
{"target": -1.0, "params": {"Bgrad": 1.5713660246873449, "d1": -0.6569666857494973, "d2": -1.6559058094177836, "d3": -1.0557943436301644, "d4": 0.4551189549396999, "p1": 31.17778259138292, "p2": 21.47892176334848, "p3": 5.935595872156485, "p4": 16.220163190802634, "pol1": 0.7487321557321407, "pol2": -0.6975245693664609, "pol3": 0.5678909544879505, "pol4": -0.1475022273566713, "v0s": 6.7729802784248765}, "datetime": {"datetime": "2022-06-15 23:17:50", "elapsed": 249317.848712, "delta": 16.898832}}
{"target": -1.0, "params": {"Bgrad": 1.7016532354058562, "d1": 0.9170152569285541, "d2": 0.7764561204915403, "d3": -1.753905707853984, "d4": -1.4083304528910867, "p1": 27.148607879952706, "p2": 49.81667268076747, "p3": 45.04668768532499, "p4": 45.27978507902012, "pol1": 0.5184743443748319, "pol2": -0.8757996428881114, "pol3": -0.24407094259909656, "pol4": 0.8516237336821735, "v0s": 4.534154954076709}, "datetime": {"datetime": "2022-06-15 23:18:46", "elapsed": 249373.920841, "delta": 56.072129}}
{"target": 3.6377673438298803, "params": {"Bgrad": 1.6739061497419958, "d1": -2.5534759685012838, "d2": -0.16945332535421231, "d3": -0.7143318253454329, "d4": -0.2673790333327979, "p1": 47.388322810969505, "p2": 5.129385329978758, "p3": 26.33575560128325, "p4": 48.619770425922745, "pol1": -0.03552239558272419, "pol2": -0.9011824623223696, "pol3": 0.7061499974242493, "pol4": -0.6862126626781482, "v0s": 3.6377673438298803}, "datetime": {"datetime": "2022-06-15 23:18:56", "elapsed": 249383.511207, "delta": 9.590366}}
{"target": -1.0, "params": {"Bgrad": 0.7641068567703364, "d1": -0.26003514827676, "d2": -0.4050317544077977, "d3": -2.155901215670144, "d4": -2.997124353725489, "p1": 48.90985033724668, "p2": 20.537820935459962, "p3": 30.815432043979445, "p4": 7.008166454162589, "pol1": -0.8872890043350561, "pol2": -0.1985564774392421, "pol3": 0.24885037621522454, "pol4": -0.7433601178168727, "v0s": 2.2133770609665957}, "datetime": {"datetime": "2022-06-15 23:19:01", "elapsed": 249388.397149, "delta": 4.885942}}
{"target": -1.0, "params": {"Bgrad": 0.5812229586924438, "d1": -1.863443817903931, "d2": 0.3026082581770395, "d3": -2.7533664774275026, "d4": -2.589092053616248, "p1": 30.565669400007366, "p2": 40.06418016120852, "p3": 11.832495982442914, "p4": 35.4483479930194, "pol1": 0.4429134935951977, "pol2": -0.12748017511645338, "pol3": -0.1130139825450831, "pol4": 0.9297348824106859, "v0s": 6.859426368409771}, "datetime": {"datetime": "2022-06-15 23:19:11", "elapsed": 249398.918028, "delta": 10.520879}}
{"target": 3.1533444714904664, "params": {"Bgrad": 1.2316861852782268, "d1": -0.009806704946541345, "d2": -0.6176249035042627, "d3": -0.3421696413889803, "d4": -1.9197590888097582, "p1": 35.328421674877966, "p2": 49.79637142112887, "p3": 6.941092042661989, "p4": 20.005601937799046, "pol1": 0.1023242611922639, "pol2": 0.8447457595116536, "pol3": 0.7989025982993438, "pol4": 0.5385838365354125, "v0s": 3.1533444714904664}, "datetime": {"datetime": "2022-06-15 23:19:21", "elapsed": 249408.803605, "delta": 9.885577}}
{"target": -1.0, "params": {"Bgrad": 0.7291189420189738, "d1": -1.0961089889035094, "d2": -2.2970782152843165, "d3": -0.96525540966788, "d4": -2.0209214562928373, "p1": 9.190314524155724, "p2": 16.40320329650861, "p3": 30.645737207976474, "p4": 34.31235010034023, "pol1": 0.8161004708275443, "pol2": 0.6228384963663229, "pol3": 0.9827371689582678, "pol4": -0.2774861144014864, "v0s": 3.044029445012005}, "datetime": {"datetime": "2022-06-15 23:19:32", "elapsed": 249419.699482, "delta": 10.895877}}
{"target": -1.0, "params": {"Bgrad": 0.8471624350932209, "d1": -0.9549796203775318, "d2": -0.5069067517676404, "d3": -0.6258907877518438, "d4": -0.11514777852623537, "p1": 10.569635666492093, "p2": 41.458570594616305, "p3": 27.263220513447468, "p4": 14.07663534741781, "pol1": 0.7906813993555681, "pol2": -0.10241155211805286, "pol3": -0.5196293759190731, "pol4": -0.8131607704499038, "v0s": 3.9378936211464435}, "datetime": {"datetime": "2022-06-15 23:19:50", "elapsed": 249437.365265, "delta": 17.665783}}
{"target": -1.0, "params": {"Bgrad": 0.7682633489326923, "d1": -0.7101453026818523, "d2": -0.7449087525776386, "d3": 0.7534260994466511, "d4": -0.9277547512703488, "p1": 47.53505940913554, "p2": 17.24377713885128, "p3": 5.991341650919468, "p4": 30.693224248154046, "pol1": 0.7603098271358679, "pol2": -0.16669746233158556, "pol3": -0.18180582923326472, "pol4": 0.15286986135409042, "v0s": 4.5117345232720565}, "datetime": {"datetime": "2022-06-15 23:20:01", "elapsed": 249448.766791, "delta": 11.401526}}
{"target": -1.0, "params": {"Bgrad": 0.6785803549958658, "d1": -2.5816941563932914, "d2": -2.847253357528228, "d3": 0.2233626948608114, "d4": -1.1744709947599765, "p1": 35.97182619413488, "p2": 26.66477323311834, "p3": 20.1104873212882, "p4": 30.933142530729157, "pol1": -0.3724644054403945, "pol2": 0.09417582761949905, "pol3": -0.8590899800766214, "pol4": 0.3519798993006078, "v0s": 3.5301952489446955}, "datetime": {"datetime": "2022-06-15 23:20:19", "elapsed": 249466.464487, "delta": 17.697696}}
{"target": -1.0, "params": {"Bgrad": 1.6179968426792257, "d1": -0.28594039340703237, "d2": -2.9672192268681816, "d3": -1.2221518944001604, "d4": -2.1514278719472553, "p1": 48.492165386188454, "p2": 19.735094593616637, "p3": 40.15164834441432, "p4": 27.70349035668403, "pol1": 0.19940844185091344, "pol2": -0.021512028577203468, "pol3": 0.15293223305433346, "pol4": 0.23973465030911445, "v0s": 5.582753447586162}, "datetime": {"datetime": "2022-06-15 23:20:34", "elapsed": 249481.40256, "delta": 14.938073}}
{"target": 3.841779132333959, "params": {"Bgrad": 1.512267051225889, "d1": -1.9881284775260188, "d2": 0.9417012666891318, "d3": -1.001661131865744, "d4": -2.4674313986291665, "p1": 47.47094180430071, "p2": 4.265126256453433, "p3": 27.961316458538647, "p4": 44.17884170029242, "pol1": 0.7498293609155882, "pol2": -0.6916125306676257, "pol3": 0.8743280581823434, "pol4": 0.8254489912880045, "v0s": 3.841779132333959}, "datetime": {"datetime": "2022-06-15 23:20:48", "elapsed": 249495.190707, "delta": 13.788147}}
