{"target": -1.0, "params": {"Bgrad": 1.7542869302964834, "d1": -0.38620252453777004, "d2": 0.30312927663901723, "d3": -0.8782589903497122, "d4": -1.6079434396605063, "p1": 39.912287876748614, "p2": 48.245276253051145, "p3": 16.99845451847294, "p4": 9.326425682976385, "pol1": -0.7289699571690489, "pol2": -0.8878815110539335, "pol3": -0.745876459734498, "pol4": -0.566806752891593, "v0s": 3.132366514079159}, "datetime": {"datetime": "2022-04-29 15:44:32", "elapsed": 87184.62207, "delta": 30.313946}}
{"target": -1.0, "params": {"Bgrad": 0.5791462765516957, "d1": -1.2737068130483729, "d2": -2.44867607578053, "d3": -0.815601786620821, "d4": 0.3392109867803903, "p1": 13.936545347596436, "p2": 14.031134234120229, "p3": 28.103013531129502, "p4": 33.41844872214799, "pol1": 0.2148762713109713, "pol2": 0.757899238266992, "pol3": -0.6803545410238261, "pol4": 0.43706413432404845, "v0s": 5.371856176277877}, "datetime": {"datetime": "2022-04-29 15:44:47", "elapsed": 87200.241307, "delta": 15.619237}}
{"target": -1.0, "params": {"Bgrad": 0.9569164092475106, "d1": -1.1694324944842704, "d2": 0.6604779774391747, "d3": -0.11705625193794722, "d4": -2.9747918942318234, "p1": 45.99466303806522, "p2": 36.76002449945773, "p3": 17.4227536278573, "p4": 26.850226801075017, "pol1": 0.6328649767345087, "pol2": 0.27198358927475064, "pol3": -0.9809644344820749, "pol4": 0.5146220002303503, "v0s": 3.116275812293617}, "datetime": {"datetime": "2022-04-29 15:45:09", "elapsed": 87221.754783, "delta": 21.513476}}
{"target": -1.0, "params": {"Bgrad": 1.7259797489186313, "d1": -1.7079687214860089, "d2": 0.8309418540197839, "d3": 0.5720034203704714, "d4": -2.253563355743058, "p1": 45.2207417994593, "p2": 37.446307747482, "p3": 20.302332393894073, "p4": 26.723755975019653, "pol1": 0.015046208628604951, "pol2": 0.6604262203631739, "pol3": -0.45643551072054933, "pol4": -0.2625311115269393, "v0s": 3.5554251249964395}, "datetime": {"datetime": "2022-04-29 15:45:32", "elapsed": 87245.18414, "delta": 23.429357}}
{"target": -1.0, "params": {"Bgrad": 1.6156278219092768, "d1": -0.7618898785311883, "d2": -1.1699301411012724, "d3": -0.7100906296138212, "d4": -1.7016359594206287, "p1": 5.475219757623028, "p2": 0.40986928512319887, "p3": 39.94038189632056, "p4": 47.500832662999905, "pol1": 0.19460624243742197, "pol2": -0.007842333608217622, "pol3": -0.20344289295845908, "pol4": -0.5142263046563547, "v0s": 3.0121922991211125}, "datetime": {"datetime": "2022-04-29 15:45:56", "elapsed": 87269.056308, "delta": 23.872168}}
{"target": -1.0, "params": {"Bgrad": 1.9049145612780687, "d1": -2.082937012512273, "d2": -2.4616410847676296, "d3": -1.0391574770422047, "d4": -0.1925638953232145, "p1": 2.4469680921737402, "p2": 25.603674127762687, "p3": 16.038484339796984, "p4": 39.516110204535075, "pol1": 0.339571857568729, "pol2": 0.9082577451376466, "pol3": -0.6498389513402394, "pol4": -0.10074499213759536, "v0s": 4.316080291919119}, "datetime": {"datetime": "2022-04-29 15:46:23", "elapsed": 87295.794814, "delta": 26.738506}}
{"target": -1.0, "params": {"Bgrad": 1.7795517356237334, "d1": -2.5214649956407453, "d2": 0.8501654820101661, "d3": -1.2411589952399544, "d4": -1.5845264470256515, "p1": 38.58643413027038, "p2": 47.74723945124871, "p3": 18.356644136505036, "p4": 10.2982544318934, "pol1": 0.6098769115753735, "pol2": 0.8505386670983175, "pol3": -0.17995211886053997, "pol4": 0.2309968925060868, "v0s": 3.551016356784639}, "datetime": {"datetime": "2022-04-29 15:46:41", "elapsed": 87313.552334, "delta": 17.75752}}
{"target": -1.0, "params": {"Bgrad": 1.1077256376213325, "d1": -1.2509857279493124, "d2": 0.19266265499577084, "d3": -2.348311143877351, "d4": -1.41523541252755, "p1": 23.06275195427568, "p2": 24.640224467738765, "p3": 10.110806833388352, "p4": 32.11104797752592, "pol1": 0.10916045481968761, "pol2": -0.15532517720147454, "pol3": 0.09141470518041483, "pol4": 0.029914277689874202, "v0s": 4.561136521571893}, "datetime": {"datetime": "2022-04-29 15:47:11", "elapsed": 87343.691747, "delta": 30.139413}}
{"target": -1.0, "params": {"Bgrad": 1.7621960447306577, "d1": -1.8207710059947022, "d2": -0.3132239169769768, "d3": -1.0434726431935446, "d4": -2.2542051975216766, "p1": 42.918054878295926, "p2": 25.615879249771655, "p3": 21.187200702042958, "p4": 3.225531673438531, "pol1": 0.7051274864725028, "pol2": 0.2972092141670175, "pol3": -0.4974566662576456, "pol4": -0.45682655440395603, "v0s": 3.579229209245046}, "datetime": {"datetime": "2022-04-29 15:47:28", "elapsed": 87361.072274, "delta": 17.380527}}
{"target": 4.140982119095235, "params": {"Bgrad": 1.412095268263965, "d1": -1.155876573749437, "d2": 0.6608701013792746, "d3": -2.090196570194161, "d4": -1.1650887310214202, "p1": 41.399753838331776, "p2": 24.398248702183878, "p3": 42.991004596631356, "p4": 48.530041996997475, "pol1": -0.8664506231628574, "pol2": 0.206927115901858, "pol3": 0.22600530083425202, "pol4": -0.47959870350547934, "v0s": 4.140982119095235}, "datetime": {"datetime": "2022-04-29 15:47:45", "elapsed": 87377.688844, "delta": 16.61657}}
{"target": -1.0, "params": {"Bgrad": 1.1348057248670684, "d1": -2.8464596001701046, "d2": -1.4254596213378177, "d3": -1.5381113382281897, "d4": -1.738906761372903, "p1": 34.36307750575431, "p2": 11.29137355032242, "p3": 22.39697411703097, "p4": 46.35496108264772, "pol1": -0.15679068070782565, "pol2": 0.3519341513001242, "pol3": -0.0850352986226317, "pol4": 0.04644918800854936, "v0s": 3.721550933328499}, "datetime": {"datetime": "2022-04-29 15:48:04", "elapsed": 87396.716967, "delta": 19.028123}}
{"target": -1.0, "params": {"Bgrad": 1.6888211265644142, "d1": -1.510051163431534, "d2": -1.6655945239574013, "d3": -2.0249893563079384, "d4": -2.276406868221693, "p1": 3.140326330154398, "p2": 29.825580298298696, "p3": 24.694802469137205, "p4": 22.321893752505527, "pol1": -0.057142687278160034, "pol2": 0.19987495830649912, "pol3": 0.015926006994667837, "pol4": 0.43229366471226977, "v0s": 3.6408190823359896}, "datetime": {"datetime": "2022-04-29 15:48:30", "elapsed": 87423.317841, "delta": 26.600874}}
{"target": -1.0, "params": {"Bgrad": 1.6767140143971409, "d1": -1.6451818436671037, "d2": 0.5620821709393784, "d3": -1.8920258987794583, "d4": 0.17750407073986274, "p1": 4.957734449417766, "p2": 17.957790366047742, "p3": 24.999116930411574, "p4": 47.95628778706427, "pol1": 0.07496217706542474, "pol2": -0.16525079109340357, "pol3": 0.1428663606763978, "pol4": -0.9076800663621059, "v0s": 2.224410128530623}, "datetime": {"datetime": "2022-04-29 15:48:47", "elapsed": 87439.698043, "delta": 16.380202}}
{"target": -1.0, "params": {"Bgrad": 1.5435232510703703, "d1": -2.9751471563053267, "d2": -0.9934389010613911, "d3": -0.6610494359027039, "d4": -1.7486526044232278, "p1": 4.879957244151995, "p2": 47.09291929530454, "p3": 9.58493391298565, "p4": 19.32478169564449, "pol1": 0.29799135949424427, "pol2": -0.685200829173854, "pol3": -0.5148933801073063, "pol4": 0.11183838323076234, "v0s": 5.6492210688591635}, "datetime": {"datetime": "2022-04-29 15:49:08", "elapsed": 87460.869435, "delta": 21.171392}}
{"target": 4.4999193144631535, "params": {"Bgrad": 1.1620668015170892, "d1": -1.801733245331651, "d2": 0.29212834406509103, "d3": -1.1958341192863942, "d4": -2.1401170791438253, "p1": 15.703096899509116, "p2": 37.79030143172722, "p3": 1.1540565157032057, "p4": 30.890475650206696, "pol1": -0.47816628293086105, "pol2": -0.9786946514942791, "pol3": 0.016283044431075533, "pol4": 0.9536323798447937, "v0s": 4.4999193144631535}, "datetime": {"datetime": "2022-04-29 15:49:24", "elapsed": 87477.181818, "delta": 16.312383}}
{"target": -1.0, "params": {"Bgrad": 0.8723137710807436, "d1": -0.9777329316215768, "d2": -0.037965345569373365, "d3": 0.7293396847738909, "d4": -0.5327531045726226, "p1": 2.697831897232572, "p2": 6.756937300353383, "p3": 22.003917987361604, "p4": 19.844960723279335, "pol1": -0.6800552820528809, "pol2": 0.09721410727607904, "pol3": 0.6839392925707248, "pol4": -0.04671131201196532, "v0s": 3.902754691869547}, "datetime": {"datetime": "2022-04-29 15:49:47", "elapsed": 87499.603866, "delta": 22.422048}}
{"target": -1.0, "params": {"Bgrad": 0.701156394426722, "d1": -2.5179551398004576, "d2": -1.3653260366350737, "d3": -1.678702951866402, "d4": -2.458927211278419, "p1": 1.3608675435609674, "p2": 32.86102114927278, "p3": 22.963911623722343, "p4": 20.82204645876405, "pol1": -0.07428742462105342, "pol2": -0.27691186794060707, "pol3": -0.47210914603609355, "pol4": -0.3362754282509708, "v0s": 5.337382574381255}, "datetime": {"datetime": "2022-04-29 15:50:03", "elapsed": 87516.061861, "delta": 16.457995}}
{"target": 4.336917964218081, "params": {"Bgrad": 1.9505646113695878, "d1": -1.2954715322211863, "d2": 0.1293671917647834, "d3": -2.625090063924634, "d4": -2.3389236972846885, "p1": 6.8264957374571225, "p2": 1.6985081256813084, "p3": 40.04511514836129, "p4": 47.89459577741519, "pol1": -0.6744621972699079, "pol2": -0.62769261033394, "pol3": -0.31426592196357106, "pol4": -0.6071770907693181, "v0s": 4.336917964218081}, "datetime": {"datetime": "2022-04-29 15:50:18", "elapsed": 87531.13755, "delta": 15.075689}}
{"target": -1.0, "params": {"Bgrad": 1.0455754311864707, "d1": -0.1937026660907617, "d2": -0.4135004249438854, "d3": -2.3227976166338737, "d4": -2.2706057877931163, "p1": 46.08532900739922, "p2": 3.2420190969423612, "p3": 48.020011762609585, "p4": 28.31796574511817, "pol1": 0.0678328178836658, "pol2": -0.19086658158052527, "pol3": 0.07855024517974885, "pol4": 0.38652703069148187, "v0s": 2.1502352652563412}, "datetime": {"datetime": "2022-04-29 15:50:34", "elapsed": 87547.439961, "delta": 16.302411}}
{"target": -1.0, "params": {"Bgrad": 0.5627157115883472, "d1": -1.9790946307359025, "d2": -1.0718518576763976, "d3": -1.3743350654282445, "d4": -1.5907696343441362, "p1": 41.73747433293787, "p2": 44.76618010648377, "p3": 31.50574118164255, "p4": 13.935383174956002, "pol1": -0.3867853828365255, "pol2": -0.39410693330100943, "pol3": -0.24602281632971823, "pol4": 0.8538623371341989, "v0s": 2.9482975317021936}, "datetime": {"datetime": "2022-04-29 15:50:46", "elapsed": 87559.11275, "delta": 11.672789}}
{"target": -1.0, "params": {"Bgrad": 1.7978969084335983, "d1": -0.47370924902532696, "d2": -0.20358651602460442, "d3": -2.4862408607102946, "d4": 0.00800143977747636, "p1": 6.157765784759034, "p2": 2.0563082039805893, "p3": 40.57995360200271, "p4": 47.95940174040981, "pol1": 0.954313951707219, "pol2": -0.704882090340083, "pol3": -0.28390711443508465, "pol4": -0.43002623474929935, "v0s": 4.557984409616284}, "datetime": {"datetime": "2022-04-29 15:51:11", "elapsed": 87584.528792, "delta": 25.416042}}
{"target": -1.0, "params": {"Bgrad": 1.634872062161121, "d1": 0.14414090567276272, "d2": 0.5878327108278989, "d3": -2.7969350249976315, "d4": 0.5896050147635257, "p1": 6.415644492271238, "p2": 14.237629956436686, "p3": 34.21529183446954, "p4": 0.9834051911427666, "pol1": -0.816395905334685, "pol2": 0.24631173778957294, "pol3": -0.041684516878405686, "pol4": -0.24861355226255455, "v0s": 3.4175120877917724}, "datetime": {"datetime": "2022-04-29 15:51:35", "elapsed": 87608.47676, "delta": 23.947968}}
{"target": -1.0, "params": {"Bgrad": 1.2015408277378108, "d1": -2.6471908857469124, "d2": 0.46988713122151005, "d3": -2.6290624011730075, "d4": -1.3766895660748606, "p1": 41.2728154644812, "p2": 43.86299321916831, "p3": 31.812424125698875, "p4": 17.04686377015622, "pol1": 0.6225915732763521, "pol2": -0.06619268405513212, "pol3": -0.15772470870256616, "pol4": 0.037187768446294234, "v0s": 5.232951993056827}, "datetime": {"datetime": "2022-04-29 15:51:59", "elapsed": 87631.591953, "delta": 23.115193}}
{"target": -1.0, "params": {"Bgrad": 1.8025675963807144, "d1": 0.08000379996010176, "d2": 0.27365346602770124, "d3": -1.8520028868016785, "d4": -1.1498032957297295, "p1": 23.3451557431756, "p2": 25.52588823095205, "p3": 10.229115183411208, "p4": 34.14435353779686, "pol1": -0.3370919556882672, "pol2": -0.8768667075812757, "pol3": 0.9395966942399503, "pol4": -0.3615646462247939, "v0s": 3.5186670845533055}, "datetime": {"datetime": "2022-04-29 15:52:23", "elapsed": 87656.250023, "delta": 24.65807}}
{"target": -1.0, "params": {"Bgrad": 0.846334115158015, "d1": -0.5512891124922135, "d2": -2.974698516139363, "d3": -0.9849197009286179, "d4": -1.3625448619765823, "p1": 2.242365876064145, "p2": 26.398687293488877, "p3": 16.62266558114694, "p4": 40.75041404062832, "pol1": -0.7253948304165103, "pol2": 0.7421289655869205, "pol3": -0.3217824717540334, "pol4": 0.6216723641797497, "v0s": 2.2467015867017914}, "datetime": {"datetime": "2022-04-29 15:52:38", "elapsed": 87671.064412, "delta": 14.814389}}
{"target": 4.931854310976951, "params": {"Bgrad": 1.649309662961155, "d1": -1.1866679546056993, "d2": 0.3967890087929984, "d3": 0.25544151033661633, "d4": -0.47367549936225384, "p1": 3.998724819372801, "p2": 2.6406846828054995, "p3": 41.043715031068366, "p4": 46.01997668647178, "pol1": -0.3622693457392021, "pol2": 0.9143389642309114, "pol3": 0.7897942344463409, "pol4": -0.5124610833709429, "v0s": 4.931854310976951}, "datetime": {"datetime": "2022-04-29 15:52:59", "elapsed": 87692.290657, "delta": 21.226245}}
{"target": -1.0, "params": {"Bgrad": 1.1768409964008484, "d1": -2.970503337397417, "d2": 0.1551208636532233, "d3": 0.22534586384973743, "d4": 0.16409238136054594, "p1": 15.285669381426253, "p2": 14.445928213884374, "p3": 29.024106109448578, "p4": 34.11227698134526, "pol1": -0.8916126219614211, "pol2": 0.5890585525780763, "pol3": -0.9966981532893278, "pol4": -0.7011819977433547, "v0s": 6.375702648673259}, "datetime": {"datetime": "2022-04-29 15:53:23", "elapsed": 87715.605317, "delta": 23.31466}}
{"target": 5.352140444892216, "params": {"Bgrad": 1.1026941317432302, "d1": -2.493544621219816, "d2": -0.21293143313951957, "d3": -0.12805484809959866, "d4": 0.03019599409974205, "p1": 1.0457415566172301, "p2": 32.73654058838648, "p3": 16.88880328986775, "p4": 12.569117484659753, "pol1": -0.18720041114661456, "pol2": 0.6787608392451145, "pol3": 0.6502420192389908, "pol4": -0.10354915452270386, "v0s": 5.352140444892216}, "datetime": {"datetime": "2022-04-29 15:53:37", "elapsed": 87729.540058, "delta": 13.934741}}
{"target": -1.0, "params": {"Bgrad": 0.5762821308511412, "d1": -1.8652969712434668, "d2": -0.26819155414803175, "d3": -1.6930045725402536, "d4": -0.39816506916723826, "p1": 39.853550927437446, "p2": 9.079682801071453, "p3": 8.17501589393444, "p4": 24.64659564136292, "pol1": -0.629332511889608, "pol2": 0.3107689552547861, "pol3": 0.011258295439426247, "pol4": 0.3330232767225214, "v0s": 4.702125063289858}, "datetime": {"datetime": "2022-04-29 15:53:48", "elapsed": 87741.401344, "delta": 11.861286}}
{"target": -1.0, "params": {"Bgrad": 0.5005714504622254, "d1": -0.9289773793014344, "d2": 0.7209723573716178, "d3": -2.7613998917053633, "d4": -0.8039041744152522, "p1": 21.754569267266238, "p2": 23.6774102860349, "p3": 37.987489369909824, "p4": 46.554912490399914, "pol1": 0.7959318486038018, "pol2": 0.8378509164166481, "pol3": 0.8089336152715583, "pol4": -0.7694445018802056, "v0s": 5.364104989623823}, "datetime": {"datetime": "2022-04-29 15:54:04", "elapsed": 87757.190127, "delta": 15.788783}}
{"target": -1.0, "params": {"Bgrad": 1.210323530185663, "d1": -2.2738326429455755, "d2": -2.1234641912865424, "d3": 0.23616459837134096, "d4": 0.48393128201303703, "p1": 3.021135742169212, "p2": 40.85560288487978, "p3": 20.571762662986732, "p4": 13.982553828029692, "pol1": 0.3898610922809813, "pol2": 0.6424080271014443, "pol3": 0.8735741926658256, "pol4": -0.5408260612621054, "v0s": 4.09540414729724}, "datetime": {"datetime": "2022-04-29 15:54:23", "elapsed": 87776.473567, "delta": 19.28344}}
{"target": -1.0, "params": {"Bgrad": 0.7861902410061111, "d1": -1.2320109840060862, "d2": 0.3384147314715271, "d3": -0.712292105415997, "d4": -0.7325960816017854, "p1": 3.155628360645907, "p2": 5.4073967742920175, "p3": 21.729308167358653, "p4": 20.754768739618395, "pol1": 0.6382596425669853, "pol2": -0.27948806468332377, "pol3": 0.3954671288193785, "pol4": 0.355679095706283, "v0s": 6.674930862005456}, "datetime": {"datetime": "2022-04-29 15:54:46", "elapsed": 87798.840761, "delta": 22.367194}}
{"target": -1.0, "params": {"Bgrad": 0.6061800309470694, "d1": -1.889652417321599, "d2": -0.6456449698856295, "d3": -0.33076925277010893, "d4": -2.8979470131133698, "p1": 39.18457867986194, "p2": 48.046088889015294, "p3": 18.16313836457011, "p4": 11.256274619985035, "pol1": 0.9537636703137322, "pol2": -0.7077866688109449, "pol3": 0.01133779379361699, "pol4": 0.17078817720700057, "v0s": 3.6003708625158874}, "datetime": {"datetime": "2022-04-29 15:54:57", "elapsed": 87810.383897, "delta": 11.543136}}
{"target": -1.0, "params": {"Bgrad": 0.6384340222633678, "d1": 0.7033505566082914, "d2": -0.8765625325910218, "d3": -2.2702892860074657, "d4": -2.3998278639500628, "p1": 40.98603808974436, "p2": 25.83989808459828, "p3": 43.50282002107868, "p4": 48.033221187961324, "pol1": -0.3533513313852803, "pol2": 0.6743161330421212, "pol3": -0.24756038713021633, "pol4": -0.6267751389372267, "v0s": 5.181535448924013}, "datetime": {"datetime": "2022-04-29 15:55:11", "elapsed": 87823.620504, "delta": 13.236607}}
{"target": 2.4226694003003013, "params": {"Bgrad": 1.024325758840125, "d1": 0.8673165557763469, "d2": -0.050834193917354664, "d3": -0.7526749635075571, "d4": -0.9842212049098764, "p1": 46.39188217007245, "p2": 43.036408189074734, "p3": 8.141917894076167, "p4": 12.283302353403247, "pol1": -0.12359989973553742, "pol2": 0.6094349331703444, "pol3": -0.7032389080939825, "pol4": -0.9760648632962028, "v0s": 2.4226694003003013}, "datetime": {"datetime": "2022-04-29 15:55:28", "elapsed": 87841.333145, "delta": 17.712641}}
{"target": -1.0, "params": {"Bgrad": 0.6993272300343778, "d1": -2.0338371100582617, "d2": 0.2370607443049879, "d3": -0.9891686819403849, "d4": -1.856191049113781, "p1": 26.63383208373845, "p2": 7.1684121462462835, "p3": 42.83152660337627, "p4": 25.699066457031854, "pol1": 0.8218900577348751, "pol2": -0.9461455549793243, "pol3": -0.8984730892955697, "pol4": -0.7019850574959896, "v0s": 3.631824328199639}, "datetime": {"datetime": "2022-04-29 15:55:51", "elapsed": 87864.530119, "delta": 23.196974}}
{"target": 3.9612849509385892, "params": {"Bgrad": 0.8457683804577807, "d1": -2.2667843252712534, "d2": -0.06863391818094433, "d3": -0.8667282141511232, "d4": -2.121018100958824, "p1": 30.194695839845952, "p2": 29.000486414608357, "p3": 7.981127804818549, "p4": 7.620364867311002, "pol1": -0.9860069885311311, "pol2": 0.3323858644667588, "pol3": 0.14878760360591858, "pol4": -0.7151835239996602, "v0s": 3.9612849509385892}, "datetime": {"datetime": "2022-04-29 15:56:06", "elapsed": 87879.143047, "delta": 14.612928}}
{"target": -1.0, "params": {"Bgrad": 1.3147239472767682, "d1": -0.5441799491177973, "d2": -0.33020728857321896, "d3": -0.6147424514170596, "d4": -0.5066853509462564, "p1": 46.628671552750625, "p2": 43.0435514100727, "p3": 7.9813169910033315, "p4": 13.01480552025681, "pol1": -0.7057495405489266, "pol2": 0.7607611447201337, "pol3": -0.35454739928547385, "pol4": 0.4030201519722638, "v0s": 2.5873446159369653}, "datetime": {"datetime": "2022-04-29 15:56:25", "elapsed": 87897.663527, "delta": 18.52048}}
{"target": 3.275720526622434, "params": {"Bgrad": 0.9271455175803722, "d1": -2.0623644093061113, "d2": 0.8392222817911734, "d3": -1.0057720662598757, "d4": -1.6108181416516052, "p1": 14.620720417567885, "p2": 48.12996942893354, "p3": 30.89200323565767, "p4": 14.696989227818014, "pol1": -0.49152484125132556, "pol2": 0.36715349319022117, "pol3": -0.9159898703702472, "pol4": -0.4021102644301424, "v0s": 3.275720526622434}, "datetime": {"datetime": "2022-04-29 15:56:40", "elapsed": 87912.843937, "delta": 15.18041}}
{"target": -1.0, "params": {"Bgrad": 1.500134351358931, "d1": -0.36691423235557963, "d2": -1.315130236978677, "d3": -2.8312184398499776, "d4": -1.9121703478884906, "p1": 7.895399104637185, "p2": 37.81770177942659, "p3": 33.032492104651034, "p4": 6.022338594315146, "pol1": 0.5252320935721475, "pol2": 0.5032288849243296, "pol3": -0.5654379447303448, "pol4": 0.5007883249323828, "v0s": 3.5455074963734283}, "datetime": {"datetime": "2022-04-29 15:57:01", "elapsed": 87934.523968, "delta": 21.680031}}
{"target": 3.255816352438025, "params": {"Bgrad": 1.8350985574779717, "d1": -0.7942133703317866, "d2": -1.145174253761858, "d3": -1.6490680467392433, "d4": 0.07333747645848288, "p1": 25.84225040491541, "p2": 7.143860603316926, "p3": 31.17207007182229, "p4": 29.97075521712757, "pol1": -0.20729737206473975, "pol2": 0.8269569272993929, "pol3": 0.7135946822756578, "pol4": -0.27070009260067307, "v0s": 3.255816352438025}, "datetime": {"datetime": "2022-04-29 15:57:27", "elapsed": 87959.565013, "delta": 25.041045}}
{"target": -1.0, "params": {"Bgrad": 1.9642333151090177, "d1": -2.6877268461923722, "d2": -2.421874002989545, "d3": -1.3973829328729335, "d4": -1.1146651036476025, "p1": 23.927006880766793, "p2": 31.739177165030753, "p3": 43.42325057827654, "p4": 44.68004664674961, "pol1": 0.3288495035141241, "pol2": 0.38220866579502766, "pol3": 0.4227433642692884, "pol4": 0.4522612976729239, "v0s": 4.826437143609477}, "datetime": {"datetime": "2022-04-29 15:57:48", "elapsed": 87981.028624, "delta": 21.463611}}
{"target": -1.0, "params": {"Bgrad": 1.9689949319458615, "d1": -0.4373712137444552, "d2": -1.0733854452666693, "d3": -2.281452246456072, "d4": -2.303953907802944, "p1": 7.171737404836648, "p2": 35.73537696810164, "p3": 33.710829467743274, "p4": 35.11542177868739, "pol1": -0.9956030780394616, "pol2": 0.27817194527260614, "pol3": -0.8085468616369915, "pol4": 0.9913771580705755, "v0s": 4.911329140122585}, "datetime": {"datetime": "2022-04-29 15:58:09", "elapsed": 88001.892837, "delta": 20.864213}}
