{"target": 4.069028825863114, "params": {"Bgrad": 1.2041134412730856, "d1": -1.9035905259609085, "d2": 0.5119768165295743, "d3": -1.8593862234990999, "d4": -3.0, "p1": 29.779984739502094, "p2": 11.298423601717055, "p3": 36.16752846434956, "p4": 26.531219998591016, "pol1": -0.24003991687111195, "pol2": 0.9837574767925118, "pol3": 0.522690272526504, "pol4": -0.3292250927843002, "v0s": 4.069028825863114}, "datetime": {"datetime": "2022-05-17 01:31:02", "elapsed": 20877.52407, "delta": 12.209346}}
{"target": 4.807082449987181, "params": {"Bgrad": 1.566262640102675, "d1": -2.7819827895934104, "d2": -0.25843425706978634, "d3": -1.1713432781199102, "d4": -1.2493289440356843, "p1": 28.655937721572627, "p2": 10.213160864738214, "p3": 13.74094527619309, "p4": 26.697736153791507, "pol1": 0.28534076311642403, "pol2": 0.22440250539583795, "pol3": -0.4518562049302894, "pol4": -0.06095919489149073, "v0s": 4.807082449987181}, "datetime": {"datetime": "2022-05-17 01:31:21", "elapsed": 20896.272923, "delta": 18.748853}}
{"target": -1.0, "params": {"Bgrad": 1.9287817268088268, "d1": -0.21741094002837658, "d2": -1.5794487887110051, "d3": -1.4679982904141768, "d4": -1.2466880813847983, "p1": 26.599711808928046, "p2": 9.527133573423068, "p3": 40.41755927952088, "p4": 30.817183556781778, "pol1": 0.9399575918663132, "pol2": -0.8777831449926277, "pol3": -0.647227779610648, "pol4": -0.5498208984361297, "v0s": 4.992635819287459}, "datetime": {"datetime": "2022-05-17 01:31:40", "elapsed": 20915.304022, "delta": 19.031099}}
{"target": 3.6089555339828685, "params": {"Bgrad": 1.7010939984105435, "d1": -2.212389789992848, "d2": -0.6025647263003497, "d3": -0.7432310514089946, "d4": -0.16213319976887153, "p1": 3.584110822650033, "p2": 2.676353610696264, "p3": 41.927293217372785, "p4": 24.88479616752893, "pol1": -0.08344284541515967, "pol2": 0.1640968528800857, "pol3": -0.4394511114368551, "pol4": 0.5591598084057825, "v0s": 3.6089555339828685}, "datetime": {"datetime": "2022-05-17 01:31:59", "elapsed": 20934.288246, "delta": 18.984224}}
{"target": -1.0, "params": {"Bgrad": 1.6696874021741686, "d1": -2.7424272552734132, "d2": 0.23793784306178115, "d3": -1.7986097883940364, "d4": -2.4369164156520964, "p1": 27.678651715410822, "p2": 29.267560743297327, "p3": 6.627702358239956, "p4": 45.13732727611081, "pol1": 0.805224387456704, "pol2": -0.9274838235342208, "pol3": 0.8286037040670118, "pol4": 0.5985641996271445, "v0s": 5.367064917390998}, "datetime": {"datetime": "2022-05-17 01:32:31", "elapsed": 20966.235798, "delta": 31.947552}}
{"target": -1.0, "params": {"Bgrad": 1.3946017950520428, "d1": -2.4600160279946803, "d2": 0.9810165762088379, "d3": -2.0950484480286993, "d4": -2.329955653988708, "p1": 25.54353500620673, "p2": 11.162495050445887, "p3": 35.629539981974986, "p4": 22.44623144701508, "pol1": -0.020871440492874482, "pol2": -0.3150035946414489, "pol3": 0.03850068720845101, "pol4": 0.8132770494722821, "v0s": 6.317563555026411}, "datetime": {"datetime": "2022-05-17 01:32:57", "elapsed": 20992.292107, "delta": 26.056309}}
{"target": 3.2243088752950704, "params": {"Bgrad": 1.0774369317960348, "d1": -2.8466900357514358, "d2": -0.8309580637021566, "d3": -1.5557081408773756, "d4": -0.04714452971146617, "p1": 4.538391559699076, "p2": 1.6606768529425844, "p3": 41.121737425798706, "p4": 23.20909930000835, "pol1": -0.70369084886006, "pol2": 0.8322041864534867, "pol3": -0.04179358486057656, "pol4": -0.3179764642925576, "v0s": 3.2243088752950704}, "datetime": {"datetime": "2022-05-17 01:33:12", "elapsed": 21007.2501, "delta": 14.957993}}
{"target": 3.7334254199056858, "params": {"Bgrad": 0.6277908478971499, "d1": -1.9379471512553708, "d2": 0.9985051812519545, "d3": -2.105140070684746, "d4": -2.5053569734599943, "p1": 35.121256593764336, "p2": 2.8649832738745884, "p3": 36.14643851664032, "p4": 28.969682014148447, "pol1": 0.796190641920252, "pol2": 0.7415697283669425, "pol3": 0.6533589300362967, "pol4": -0.7503474319920953, "v0s": 3.7334254199056858}, "datetime": {"datetime": "2022-05-17 01:33:27", "elapsed": 21022.367667, "delta": 15.117567}}
{"target": 3.5117466928009446, "params": {"Bgrad": 1.39928343407182, "d1": -0.2055999245983195, "d2": -1.1718015934031947, "d3": -1.8939329684152304, "d4": -3.0, "p1": 20.347501165218283, "p2": 5.943255580891686, "p3": 46.06327259862275, "p4": 39.164257862315345, "pol1": 0.2336341148592, "pol2": 1.0, "pol3": -1.0, "pol4": 0.37044293495513975, "v0s": 3.5117466928009446}, "datetime": {"datetime": "2022-05-17 01:33:40", "elapsed": 21035.634184, "delta": 13.266517}}
{"target": -1.0, "params": {"Bgrad": 0.9803102442908194, "d1": -0.9365909788925513, "d2": -0.1546212933404716, "d3": -1.3890178902171417, "d4": 0.5188295440616986, "p1": 27.382195420965598, "p2": 10.015472211059329, "p3": 12.350097820107408, "p4": 25.696751522271562, "pol1": 0.41140616048580747, "pol2": 0.3684686416641818, "pol3": -0.36135181409978756, "pol4": 0.7525146340376037, "v0s": 6.009469557660329}, "datetime": {"datetime": "2022-05-17 01:34:04", "elapsed": 21060.215438, "delta": 24.581254}}
{"target": 3.7225504633975977, "params": {"Bgrad": 0.7500728120537696, "d1": -2.4983460769495753, "d2": 0.20119232283832567, "d3": -1.5612693706868916, "d4": -2.562390649416937, "p1": 3.6402956688499186, "p2": 31.963463116188066, "p3": 32.71529747936949, "p4": 41.68209325725934, "pol1": -0.979630906951896, "pol2": -0.23251153606356456, "pol3": -0.01581847301562278, "pol4": -0.7137235556418817, "v0s": 3.7225504633975977}, "datetime": {"datetime": "2022-05-17 01:34:17", "elapsed": 21072.405833, "delta": 12.190395}}
{"target": 4.601511898821699, "params": {"Bgrad": 1.017251520181344, "d1": -1.770194778670466, "d2": 0.526926177769998, "d3": -2.2492981742930334, "d4": -1.5778822825388898, "p1": 3.664492184145661, "p2": 31.525308342569087, "p3": 30.42908324295813, "p4": 40.09029651257632, "pol1": -0.19887897586888573, "pol2": -0.5111791831711199, "pol3": -0.7330637701807217, "pol4": -1.0, "v0s": 4.601511898821699}, "datetime": {"datetime": "2022-05-17 01:34:32", "elapsed": 21088.074924, "delta": 15.669091}}
{"target": -1.0, "params": {"Bgrad": 0.8971253292634639, "d1": -0.21015141013155114, "d2": -0.2244904830896588, "d3": -0.30028088063092895, "d4": -2.380039120802275, "p1": 1.3478231996655765, "p2": 31.879911501633906, "p3": 28.98944434459984, "p4": 43.881329475711354, "pol1": 0.028734624547786636, "pol2": -0.038621812944802825, "pol3": -0.9539852524006698, "pol4": 0.6485946424408155, "v0s": 5.077979526314394}, "datetime": {"datetime": "2022-05-17 01:34:54", "elapsed": 21109.732997, "delta": 21.658073}}
{"target": -1.0, "params": {"Bgrad": 0.5074490805979966, "d1": -0.6772618953850666, "d2": 0.9467924871977411, "d3": -2.2595614233973684, "d4": -1.238895758115396, "p1": 31.65041244781036, "p2": 12.196420481605896, "p3": 17.054850211117255, "p4": 26.34814310217482, "pol1": 0.5300331503041515, "pol2": 0.14840886494472927, "pol3": -0.6737380487499449, "pol4": 0.6560698880879949, "v0s": 5.537958782793962}, "datetime": {"datetime": "2022-05-17 01:35:13", "elapsed": 21129.016421, "delta": 19.283424}}
{"target": -1.0, "params": {"Bgrad": 1.8307849308535955, "d1": -2.3274789327112684, "d2": 0.5019999426464281, "d3": -0.3189760062224103, "d4": -1.7381082327440907, "p1": 31.500649710699648, "p2": 5.687466068825136, "p3": 36.92779922478381, "p4": 30.092137456422886, "pol1": -0.5672627889968551, "pol2": 0.6915220757634839, "pol3": -0.5203887781939276, "pol4": -0.19535120866935052, "v0s": 6.617428262406604}, "datetime": {"datetime": "2022-05-17 01:35:32", "elapsed": 21147.739344, "delta": 18.722923}}
{"target": -1.0, "params": {"Bgrad": 1.9305281043187275, "d1": -2.9802308229751024, "d2": -0.791579467109083, "d3": -1.449303250878034, "d4": -1.9429715994666532, "p1": 7.180195539998991, "p2": 28.33730614563501, "p3": 40.211483438563874, "p4": 24.24631097574011, "pol1": -0.5504976750856507, "pol2": -0.28086540413277405, "pol3": 0.8638455197515305, "pol4": 0.0001197196055662264, "v0s": 2.523029716377512}, "datetime": {"datetime": "2022-05-17 01:35:47", "elapsed": 21162.428057, "delta": 14.688713}}
{"target": -1.0, "params": {"Bgrad": 1.8282571215604806, "d1": -1.3336382628088073, "d2": 0.9396704175968846, "d3": -1.6081222151413832, "d4": -2.456420280611474, "p1": 26.364208411008338, "p2": 28.937950433222863, "p3": 9.10009590088176, "p4": 46.26449681810021, "pol1": 0.14414853180101161, "pol2": -0.014946931023726462, "pol3": 0.8765000892511499, "pol4": 0.23869350885360574, "v0s": 5.251584404327995}, "datetime": {"datetime": "2022-05-17 01:36:06", "elapsed": 21181.66361, "delta": 19.235553}}
{"target": -1.0, "params": {"Bgrad": 1.5329699715679612, "d1": 0.10207140603968279, "d2": 0.6501160541616606, "d3": -0.5412794478890035, "d4": -2.6211577876410095, "p1": 39.826917502361944, "p2": 20.256159016112747, "p3": 16.081207686029842, "p4": 15.606470818864398, "pol1": 0.9137385262372821, "pol2": -0.18268389799070106, "pol3": 0.889541382755606, "pol4": -0.1939499535269027, "v0s": 5.3682959601114835}, "datetime": {"datetime": "2022-05-17 01:36:28", "elapsed": 21203.548077, "delta": 21.884467}}
{"target": 5.046427462255251, "params": {"Bgrad": 2.0, "d1": -2.0706195241377627, "d2": 0.805618271037772, "d3": -0.966121421200571, "d4": -0.552903597332178, "p1": 36.23931807122015, "p2": 8.735001979246503, "p3": 7.871210228347123, "p4": 30.595442243511922, "pol1": 0.5680766713597493, "pol2": 1.0, "pol3": -0.7961694767304676, "pol4": 0.8780687448145239, "v0s": 5.046427462255251}, "datetime": {"datetime": "2022-05-17 01:36:44", "elapsed": 21219.402672, "delta": 15.854595}}
{"target": 3.923706800624374, "params": {"Bgrad": 1.7295678565786812, "d1": -0.7906213591120577, "d2": 0.6751833309049431, "d3": -1.5762781981394616, "d4": -1.3698381932413137, "p1": 1.13709677156551, "p2": 33.22082810358207, "p3": 31.002436417290745, "p4": 36.63955624820343, "pol1": -0.71314178274046, "pol2": 0.6928595932424599, "pol3": 0.8204254727829918, "pol4": 0.43841450945963656, "v0s": 3.923706800624374}, "datetime": {"datetime": "2022-05-17 01:37:01", "elapsed": 21237.107319, "delta": 17.704647}}
{"target": 4.08175467111578, "params": {"Bgrad": 0.9196581419729104, "d1": -2.9249515028562327, "d2": -2.3360607943631027, "d3": -0.9515840685896557, "d4": -0.679244417231442, "p1": 32.49255522204289, "p2": 8.473923604287986, "p3": 36.03594286439515, "p4": 32.143331853955345, "pol1": -0.6317591305421739, "pol2": 0.8396661266083751, "pol3": -0.3878494735542355, "pol4": 0.040740257268033986, "v0s": 4.08175467111578}, "datetime": {"datetime": "2022-05-17 01:37:15", "elapsed": 21250.63414, "delta": 13.526821}}
{"target": -1.0, "params": {"Bgrad": 1.620477993417322, "d1": -2.9913145817786173, "d2": -0.6420803309630676, "d3": -2.4260577153148213, "d4": -2.878013749828614, "p1": 2.1976279808736567, "p2": 32.2839228465705, "p3": 28.919671971513644, "p4": 36.624614174231674, "pol1": 0.9074506665785684, "pol2": 0.08416808174017776, "pol3": -0.06084323264074265, "pol4": -0.6175475055376864, "v0s": 4.943262065528649}, "datetime": {"datetime": "2022-05-17 01:37:35", "elapsed": 21270.549872, "delta": 19.915732}}
{"target": 3.064196403644023, "params": {"Bgrad": 1.8192189071621272, "d1": -1.0651631312713281, "d2": 0.3376105842856334, "d3": -2.8283090014230687, "d4": -0.11345247564716665, "p1": 3.4988280090681223, "p2": 34.44620532989317, "p3": 32.23795759817344, "p4": 43.08245298186559, "pol1": 0.648843115220618, "pol2": 0.019907538713227924, "pol3": -0.4422710605636857, "pol4": 0.256893825575613, "v0s": 3.064196403644023}, "datetime": {"datetime": "2022-05-17 01:37:48", "elapsed": 21283.330688, "delta": 12.780816}}
{"target": 4.527471896057745, "params": {"Bgrad": 0.5, "d1": -2.127117252605205, "d2": 0.8753571431221994, "d3": -1.9989336991601119, "d4": -1.8046908008943352, "p1": 4.036207643579753, "p2": 35.37389080060747, "p3": 31.146100623095165, "p4": 37.92186264605714, "pol1": 0.4647968884752341, "pol2": -0.06893243116146962, "pol3": 0.20464328092902287, "pol4": -0.11465222366727229, "v0s": 4.527471896057745}, "datetime": {"datetime": "2022-05-17 01:38:00", "elapsed": 21295.734513, "delta": 12.403825}}
{"target": 4.302042212458385, "params": {"Bgrad": 0.5273888129059461, "d1": -2.9456590160306537, "d2": -1.8034483556576952, "d3": -2.632832196542931, "d4": -0.900613496710005, "p1": 31.17014239381581, "p2": 6.110636430367922, "p3": 37.32346074041442, "p4": 31.138347629134238, "pol1": 0.4308578605470663, "pol2": -0.28714061837581983, "pol3": -0.39453389453541865, "pol4": -0.545043938366949, "v0s": 4.302042212458385}, "datetime": {"datetime": "2022-05-17 01:38:15", "elapsed": 21310.505007, "delta": 14.770494}}
{"target": -1.0, "params": {"Bgrad": 1.074646554008551, "d1": -1.3708796708493391, "d2": 0.5521911852982426, "d3": -0.3443131276964828, "d4": -1.2340713499809137, "p1": 33.92294742220987, "p2": 6.486279108873083, "p3": 36.10506300614087, "p4": 32.757081922216585, "pol1": 0.28819107530337273, "pol2": 0.5018563154836098, "pol3": -0.12116006671368207, "pol4": 0.014622911239969838, "v0s": 6.002624989766635}, "datetime": {"datetime": "2022-05-17 01:38:36", "elapsed": 21331.540745, "delta": 21.035738}}
{"target": 4.281656698180105, "params": {"Bgrad": 0.9248789164628713, "d1": -2.9095771719856183, "d2": -0.7170300483025457, "d3": -2.0132801086445653, "d4": -0.7691611401633389, "p1": 32.17991547855957, "p2": 7.668497344740889, "p3": 37.20334236349827, "p4": 30.201713580158952, "pol1": 0.4704454454166916, "pol2": 0.3037972314613946, "pol3": 0.0008507483326224585, "pol4": 0.11215660823319017, "v0s": 4.281656698180105}, "datetime": {"datetime": "2022-05-17 01:38:57", "elapsed": 21352.773954, "delta": 21.233209}}
{"target": 2.68888576812466, "params": {"Bgrad": 0.730850657227802, "d1": -1.4844339446547812, "d2": 0.45411571668995165, "d3": -1.4422751929678252, "d4": -2.003835496559776, "p1": 27.999577324555634, "p2": 29.307989278531497, "p3": 8.746709087082971, "p4": 43.57238507879637, "pol1": -0.29605425541909747, "pol2": 0.1321971387894112, "pol3": -0.8193660296868286, "pol4": 0.6340780330410674, "v0s": 2.68888576812466}, "datetime": {"datetime": "2022-05-17 01:39:09", "elapsed": 21364.94141, "delta": 12.167456}}
{"target": 3.1240423498101175, "params": {"Bgrad": 0.5, "d1": -0.2801580753860357, "d2": -0.4946835793419187, "d3": -3.0, "d4": -0.848327381038994, "p1": 12.15101702084542, "p2": 5.508150108068662, "p3": 5.322084810043807, "p4": 38.59382455754319, "pol1": 0.23340541923257208, "pol2": -0.21419089781049483, "pol3": 0.16706973039403697, "pol4": -1.0, "v0s": 3.1240423498101175}, "datetime": {"datetime": "2022-05-17 01:39:22", "elapsed": 21377.643437, "delta": 12.702027}}
{"target": -1.0, "params": {"Bgrad": 0.5588441863866782, "d1": -1.393078781394109, "d2": -1.0487239253349063, "d3": -2.017216992022766, "d4": -1.2060762980374449, "p1": 0.2607531440962707, "p2": 29.333879229385463, "p3": 16.484584790038237, "p4": 15.445673333066134, "pol1": 0.3839310007569441, "pol2": -0.9782948170057424, "pol3": -0.024102596680180888, "pol4": 0.2394384425266063, "v0s": 4.438848381759214}, "datetime": {"datetime": "2022-05-17 01:39:37", "elapsed": 21393.148965, "delta": 15.505528}}
{"target": 4.318954167115064, "params": {"Bgrad": 0.8705682197275602, "d1": -3.0, "d2": 0.07076379030223458, "d3": -2.29350044671272, "d4": -2.0761976882761433, "p1": 29.10040760417584, "p2": 9.391221564844352, "p3": 36.46614780908016, "p4": 29.422233968564715, "pol1": 0.9497220353712442, "pol2": 0.9351644798216645, "pol3": -0.3938518472464213, "pol4": 0.9984106688090957, "v0s": 4.318954167115064}, "datetime": {"datetime": "2022-05-17 01:39:50", "elapsed": 21405.369281, "delta": 12.220316}}
{"target": 4.534985117749226, "params": {"Bgrad": 1.3294081170434942, "d1": -2.9076640005988397, "d2": 0.9421411039077681, "d3": -0.7931366188697364, "d4": -2.4360165744150035, "p1": 26.91692994138387, "p2": 11.169814574237147, "p3": 8.96799354037952, "p4": 24.191602125955953, "pol1": -0.31017254846133535, "pol2": 0.7362354253799468, "pol3": 0.9704065140273708, "pol4": 0.08253040728686001, "v0s": 4.534985117749226}, "datetime": {"datetime": "2022-05-17 01:40:05", "elapsed": 21420.304335, "delta": 14.935054}}
{"target": 3.6104212744268285, "params": {"Bgrad": 1.2262465549945696, "d1": -1.0005843468998301, "d2": -0.3091398061987709, "d3": -2.154163581389597, "d4": -0.5637719091496005, "p1": 28.764097004314593, "p2": 10.265881876747896, "p3": 11.102029449620643, "p4": 24.221943269097746, "pol1": -0.905462985306309, "pol2": -0.6110836535864013, "pol3": -0.9065024669532791, "pol4": 0.0665955786835466, "v0s": 3.6104212744268285}, "datetime": {"datetime": "2022-05-17 01:40:21", "elapsed": 21436.367373, "delta": 16.063038}}
{"target": 4.4651204907768305, "params": {"Bgrad": 1.6391302607179934, "d1": -2.1894958777042484, "d2": 0.09414288871677963, "d3": -1.9577827632681233, "d4": -2.161845565390678, "p1": 33.96262624345433, "p2": 5.445834293328911, "p3": 36.09715447847901, "p4": 29.96691063639785, "pol1": 1.0, "pol2": 0.37366117938638005, "pol3": 0.03412732751345055, "pol4": -0.6098473363845012, "v0s": 4.4651204907768305}, "datetime": {"datetime": "2022-05-17 01:40:34", "elapsed": 21449.432428, "delta": 13.065055}}
{"target": -1.0, "params": {"Bgrad": 1.9985564027349665, "d1": -2.315205620428985, "d2": -1.4815691378254274, "d3": -0.44794617168110573, "d4": -1.214226366477868, "p1": 27.723634871612006, "p2": 9.462401575111496, "p3": 13.27469430303676, "p4": 29.119969839649766, "pol1": -0.8791663285856712, "pol2": 0.6809724151458583, "pol3": -0.9977904270670577, "pol4": 0.26960093817956965, "v0s": 5.6042308547597575}, "datetime": {"datetime": "2022-05-17 01:41:01", "elapsed": 21476.72144, "delta": 27.289012}}
{"target": 4.632248937741462, "params": {"Bgrad": 0.750818059742259, "d1": -2.114629688116145, "d2": 0.2640672627537932, "d3": -2.379909821281878, "d4": -1.899619788534587, "p1": 6.903203642231265, "p2": 36.810283055085236, "p3": 40.94761685983495, "p4": 32.12593573542586, "pol1": 0.526998247342809, "pol2": -0.5823872934753513, "pol3": -0.5144132065587235, "pol4": 0.7728706812703072, "v0s": 4.632248937741462}, "datetime": {"datetime": "2022-05-17 01:41:16", "elapsed": 21491.484954, "delta": 14.763514}}
{"target": 4.387707707657109, "params": {"Bgrad": 1.6488127629756408, "d1": -1.6909091336919513, "d2": 0.17803597022350237, "d3": -1.6330320177839361, "d4": -1.990491191111464, "p1": 8.150365485456051, "p2": 24.617864593987726, "p3": 45.39615227669665, "p4": 22.928935243702657, "pol1": 0.3179956835572961, "pol2": -0.7487617999198017, "pol3": 0.1253232281218153, "pol4": 0.6088372743708754, "v0s": 4.387707707657109}, "datetime": {"datetime": "2022-05-17 01:41:29", "elapsed": 21504.702601, "delta": 13.217647}}
{"target": 4.620609676514082, "params": {"Bgrad": 0.5971053600838021, "d1": -1.7583579566412402, "d2": 0.6785353398021865, "d3": -2.4871036150337957, "d4": -2.0817550069079633, "p1": 1.343331784775953, "p2": 29.453565388003806, "p3": 18.53731102396136, "p4": 11.701194017556166, "pol1": -0.4283869548013879, "pol2": -0.20469962118788132, "pol3": -0.002398071852843353, "pol4": -0.8405598293857444, "v0s": 4.620609676514082}, "datetime": {"datetime": "2022-05-17 01:41:42", "elapsed": 21518.023972, "delta": 13.321371}}
{"target": -1.0, "params": {"Bgrad": 1.0891846525550148, "d1": -2.7210381034653497, "d2": 0.4350622247765868, "d3": -1.3701043873639207, "d4": 0.2601148817990039, "p1": 25.918155875062943, "p2": 12.495165099871148, "p3": 36.198397517049585, "p4": 24.133891752473883, "pol1": -0.38204599839235354, "pol2": 0.31585236359729885, "pol3": 0.4631251833774604, "pol4": 0.8382707226009304, "v0s": 5.735739627992807}, "datetime": {"datetime": "2022-05-17 01:42:06", "elapsed": 21541.892133, "delta": 23.868161}}
{"target": 4.203832500987277, "params": {"Bgrad": 0.5, "d1": -3.0, "d2": -2.405762983956931, "d3": -1.7345433221490016, "d4": -3.0, "p1": 5.9403747345816456, "p2": 10.423966982156836, "p3": 36.79316140704914, "p4": 29.260249442049215, "pol1": -1.0, "pol2": -1.0, "pol3": 0.8933026148539585, "pol4": -0.7707545244323686, "v0s": 4.203832500987277}, "datetime": {"datetime": "2022-05-17 01:42:21", "elapsed": 21557.180244, "delta": 15.288111}}
{"target": -1.0, "params": {"Bgrad": 1.2058110421301453, "d1": -1.2352251166586155, "d2": -1.2482576521465494, "d3": -2.061572332746886, "d4": 0.640829595485827, "p1": 2.0609059603820423, "p2": 35.200149438388976, "p3": 26.199132989441264, "p4": 37.09107996205683, "pol1": 0.28512762185321106, "pol2": -0.13262495902073268, "pol3": -0.578320984860242, "pol4": -0.6734304641187179, "v0s": 3.0641662791618893}, "datetime": {"datetime": "2022-05-17 01:42:43", "elapsed": 21578.594967, "delta": 21.414723}}
{"target": 4.58886989844185, "params": {"Bgrad": 1.2392866448741808, "d1": -2.8193520330289306, "d2": -1.0880495276126232, "d3": -1.2184855239092771, "d4": -2.3501513888999144, "p1": 32.812795590368324, "p2": 8.886520739407066, "p3": 36.34666372400363, "p4": 32.09029606948577, "pol1": 0.13292775447387895, "pol2": -0.02851647246077027, "pol3": -0.48804004498671705, "pol4": -0.7573549351630999, "v0s": 4.58886989844185}, "datetime": {"datetime": "2022-05-17 01:42:57", "elapsed": 21592.983483, "delta": 14.388516}}
{"target": -1.0, "params": {"Bgrad": 1.1903330278624207, "d1": -2.2740075774293973, "d2": -0.2363896241320944, "d3": -1.4981015495261887, "d4": 0.07213514131630827, "p1": 29.27412582459456, "p2": 12.087509858060807, "p3": 31.47105307991388, "p4": 24.385150124072258, "pol1": -0.09226369017027625, "pol2": -0.8119180935997892, "pol3": -0.7873424778721501, "pol4": -0.4589917951415008, "v0s": 6.997458730815034}, "datetime": {"datetime": "2022-05-17 01:43:19", "elapsed": 21614.23265, "delta": 21.249167}}
