{"target": 0.04910087731627469, "params": {"beta_1": 1.4235373695815094, "beta_2": 0.41560320472659285, "det_1": 136.7317742494057, "det_2": 11.944617951886384, "laseroff": 461794.49005952606, "laseron": 231379.75270153017, "main_det": 15.87375042277358}, "datetime": {"datetime": "2022-01-08 22:41:24", "elapsed": 26108.875801, "delta": 270.072271}}
{"target": 0.00013338410446990124, "params": {"beta_1": 1.1581436904387266, "beta_2": 2.0366761940341953, "det_1": 71.90869102316529, "det_2": 14.868840013014163, "laseroff": 324902.119574721, "laseron": 190768.66000902338, "main_det": 12.242147831028763}, "datetime": {"datetime": "2022-01-08 22:43:40", "elapsed": 26245.448845, "delta": 136.573044}}
{"target": 0.0, "params": {"beta_1": 0.11517697413167793, "beta_2": 3.9332157899717073, "det_1": 155.3043918522868, "det_2": 10.173778294872431, "laseroff": 303308.62351911934, "laseron": 182192.71696034327, "main_det": 12.083000072423054}, "datetime": {"datetime": "2022-01-08 22:45:29", "elapsed": 26354.795321, "delta": 109.346476}}
{"target": 0.06446456384088226, "params": {"beta_1": 0.25368415252217136, "beta_2": 1.9496642761208665, "det_1": 96.54582448297614, "det_2": 22.70300562930311, "laseroff": 434711.5654133471, "laseron": 244394.47488693576, "main_det": 19.267877727927893}, "datetime": {"datetime": "2022-01-08 22:50:15", "elapsed": 26639.964134, "delta": 285.168813}}
{"target": 0.052092943028084204, "params": {"beta_1": 1.203708348843713, "beta_2": 1.9947274465931264, "det_1": 94.61111605394902, "det_2": 8.50626969442534, "laseroff": 565835.8105593811, "laseron": 204174.47883543622, "main_det": 19.286239417112736}, "datetime": {"datetime": "2022-01-08 22:54:38", "elapsed": 26903.760422, "delta": 263.796288}}
{"target": 0.00499777993889757, "params": {"beta_1": 0.592614765524387, "beta_2": 4.174279016802426, "det_1": 119.05076462902272, "det_2": 21.685138651292775, "laseroff": 590140.6444595065, "laseron": 216139.84826628913, "main_det": 13.767787927733451}, "datetime": {"datetime": "2022-01-08 23:00:18", "elapsed": 27243.340226, "delta": 339.579804}}
{"target": 0.015612207681665451, "params": {"beta_1": 1.0875852445090595, "beta_2": 2.764255633203443, "det_1": 76.99408693372915, "det_2": 21.26771118462411, "laseroff": 449075.33379231463, "laseron": 213829.48008829902, "main_det": 13.66507619536251}, "datetime": {"datetime": "2022-01-08 23:05:12", "elapsed": 27537.613544, "delta": 294.273318}}
{"target": 5.367709964509845e-05, "params": {"beta_1": 1.163305120049926, "beta_2": 1.4562899008544872, "det_1": 88.00218755870347, "det_2": 7.726097048301437, "laseroff": 375769.20040365524, "laseron": 269946.04973312473, "main_det": 10.773982131678965}, "datetime": {"datetime": "2022-01-08 23:08:11", "elapsed": 27716.814927, "delta": 179.201383}}
{"target": 0.0, "params": {"beta_1": 0.06481589106482466, "beta_2": 3.453966082276061, "det_1": 148.84137941635475, "det_2": 11.038405279939743, "laseroff": 366996.1106106184, "laseron": 245670.4915362605, "main_det": 11.1579598791325}, "datetime": {"datetime": "2022-01-08 23:10:44", "elapsed": 27869.498278, "delta": 152.683351}}
{"target": 0.046650981061784044, "params": {"beta_1": 0.596471384769335, "beta_2": 3.112221148349428, "det_1": 155.7450961117193, "det_2": 16.96034030973007, "laseroff": 467585.65771439497, "laseron": 244002.99695124454, "main_det": 16.418020876827317}, "datetime": {"datetime": "2022-01-08 23:15:44", "elapsed": 28168.924816, "delta": 299.426538}}
