{"target": -1.0, "params": {"Bgrad": 1.0492088054696973, "d1": -2.178776984966282, "d2": 0.8363265717310906, "d3": -1.8002573055480737, "d4": -0.7375977590551273, "p1": 18.171355665025885, "p2": 20.202153166995686, "p3": 32.75735697462079, "p4": 42.67308113068682, "pol1": 0.45062406702904023, "pol2": 0.6759468312897428, "pol3": 0.03170375466673625, "pol4": 0.9524977969899022, "v0s": 5.545415819845714}, "datetime": {"datetime": "2022-06-21 17:11:10", "elapsed": 1778.057877, "delta": 10.770201}}
{"target": -1.0, "params": {"Bgrad": 1.4138226197234314, "d1": -2.2661881721327375, "d2": -2.1683928981805556, "d3": -1.4934602522993319, "d4": -1.0669994981843263, "p1": 36.67692233226521, "p2": 33.24722781255186, "p3": 2.396517087441757, "p4": 22.50154003326468, "pol1": -0.9132806631719117, "pol2": 0.5336407461397916, "pol3": -0.402312154906717, "pol4": 0.7635882633045921, "v0s": 7.740279453048454}, "datetime": {"datetime": "2022-06-21 17:11:21", "elapsed": 1789.414508, "delta": 11.356631}}
{"target": -1.0, "params": {"Bgrad": 1.4138226197234314, "d1": -2.2661881721327375, "d2": -2.1683928981805556, "d3": -1.4934602522993319, "d4": -1.0669994981843263, "p1": 36.67692233226521, "p2": 33.24722781255186, "p3": 2.396517087441757, "p4": 22.50154003326468, "pol1": -0.9132806631719117, "pol2": 0.5336407461397916, "pol3": -0.402312154906717, "pol4": 0.7635882633045921, "v0s": 7.740279453048454}, "datetime": {"datetime": "2022-06-21 17:11:21", "elapsed": 1789.415506, "delta": 11.357629}}
{"target": -1.0, "params": {"Bgrad": 1.7363662768059578, "d1": -0.666856977122964, "d2": -0.7550220401935177, "d3": 0.5545420734662545, "d4": -2.5427702235486667, "p1": 3.427119031463749, "p2": 28.591789015795793, "p3": 10.360869896561848, "p4": 7.40315134922997, "pol1": 0.8592041295668809, "pol2": 0.11112333254277962, "pol3": 0.7407932663167884, "pol4": 0.5425162141743523, "v0s": 7.627577419272352}, "datetime": {"datetime": "2022-06-21 17:11:30", "elapsed": 1798.632859, "delta": 9.218351}}
{"target": -1.0, "params": {"Bgrad": 1.7363662768059578, "d1": -0.666856977122964, "d2": -0.7550220401935177, "d3": 0.5545420734662545, "d4": -2.5427702235486667, "p1": 3.427119031463749, "p2": 28.591789015795793, "p3": 10.360869896561848, "p4": 7.40315134922997, "pol1": 0.8592041295668809, "pol2": 0.11112333254277962, "pol3": 0.7407932663167884, "pol4": 0.5425162141743523, "v0s": 7.627577419272352}, "datetime": {"datetime": "2022-06-21 17:11:30", "elapsed": 1798.633856, "delta": 9.21835}}
{"target": -1.0, "params": {"Bgrad": 1.5472681229358762, "d1": -2.877977073705074, "d2": -1.4588297706656532, "d3": -1.9752270707749373, "d4": -2.328504570789288, "p1": 3.185446277416071, "p2": 11.813839011735816, "p3": 45.27094537476501, "p4": 12.149564459555895, "pol1": 0.09105660363001178, "pol2": -0.6469057976951127, "pol3": 0.45112116481073317, "pol4": -0.2394651373107326, "v0s": 6.749539662194883}, "datetime": {"datetime": "2022-06-21 17:11:40", "elapsed": 1808.858515, "delta": 10.225656}}
{"target": -1.0, "params": {"Bgrad": 1.5472681229358762, "d1": -2.877977073705074, "d2": -1.4588297706656532, "d3": -1.9752270707749373, "d4": -2.328504570789288, "p1": 3.185446277416071, "p2": 11.813839011735816, "p3": 45.27094537476501, "p4": 12.149564459555895, "pol1": 0.09105660363001178, "pol2": -0.6469057976951127, "pol3": 0.45112116481073317, "pol4": -0.2394651373107326, "v0s": 6.749539662194883}, "datetime": {"datetime": "2022-06-21 17:11:40", "elapsed": 1808.859513, "delta": 10.225657}}
{"target": -1.0, "params": {"Bgrad": 1.5048244103482744, "d1": -1.4123262941288677, "d2": -0.3513201797074754, "d3": -2.01339296332463, "d4": -2.175378272473473, "p1": 49.775064381540915, "p2": 16.69766055386792, "p3": 34.74450794873373, "p4": 15.269782205181881, "pol1": -0.09717716782984298, "pol2": 0.6944145520113341, "pol3": 0.20070331376570083, "pol4": 0.9313282470971258, "v0s": 4.767799636405608}, "datetime": {"datetime": "2022-06-21 17:11:51", "elapsed": 1820.006705, "delta": 11.14819}}
{"target": -1.0, "params": {"Bgrad": 1.5048244103482744, "d1": -1.4123262941288677, "d2": -0.3513201797074754, "d3": -2.01339296332463, "d4": -2.175378272473473, "p1": 49.775064381540915, "p2": 16.69766055386792, "p3": 34.74450794873373, "p4": 15.269782205181881, "pol1": -0.09717716782984298, "pol2": 0.6944145520113341, "pol3": 0.20070331376570083, "pol4": 0.9313282470971258, "v0s": 4.767799636405608}, "datetime": {"datetime": "2022-06-21 17:11:51", "elapsed": 1820.006705, "delta": 11.147192}}
{"target": -1.0, "params": {"Bgrad": 0.6642021850202997, "d1": -1.893693225354213, "d2": -1.5427275559000573, "d3": 0.8934283734265565, "d4": 0.5503927298995119, "p1": 21.826668025281705, "p2": 30.51471813756913, "p3": 49.44627604035048, "p4": 31.515912461082795, "pol1": -0.5817382369336839, "pol2": -0.21765636573928426, "pol3": -0.047412519812561005, "pol4": 0.030460131267930457, "v0s": 4.55290651342047}, "datetime": {"datetime": "2022-06-21 17:11:59", "elapsed": 1827.963428, "delta": 7.956723}}
{"target": -1.0, "params": {"Bgrad": 0.6642021850202997, "d1": -1.893693225354213, "d2": -1.5427275559000573, "d3": 0.8934283734265565, "d4": 0.5503927298995119, "p1": 21.826668025281705, "p2": 30.51471813756913, "p3": 49.44627604035048, "p4": 31.515912461082795, "pol1": -0.5817382369336839, "pol2": -0.21765636573928426, "pol3": -0.047412519812561005, "pol4": 0.030460131267930457, "v0s": 4.55290651342047}, "datetime": {"datetime": "2022-06-21 17:11:59", "elapsed": 1827.964426, "delta": 7.957721}}
{"target": -1.0, "params": {"Bgrad": 1.419267707793435, "d1": -2.1251629724310663, "d2": -0.15368173752487335, "d3": 0.9369256242215678, "d4": -2.695016952906668, "p1": 5.113668192390003, "p2": 40.68656665484796, "p3": 10.82313623651039, "p4": 39.603986133579156, "pol1": -0.5199119029335737, "pol2": 0.418229222193935, "pol3": 0.5842454763871618, "pol4": -0.913998042946915, "v0s": 3.9989854029730756}, "datetime": {"datetime": "2022-06-21 17:12:13", "elapsed": 1841.384541, "delta": 13.421113}}
{"target": -1.0, "params": {"Bgrad": 1.419267707793435, "d1": -2.1251629724310663, "d2": -0.15368173752487335, "d3": 0.9369256242215678, "d4": -2.695016952906668, "p1": 5.113668192390003, "p2": 40.68656665484796, "p3": 10.82313623651039, "p4": 39.603986133579156, "pol1": -0.5199119029335737, "pol2": 0.418229222193935, "pol3": 0.5842454763871618, "pol4": -0.913998042946915, "v0s": 3.9989854029730756}, "datetime": {"datetime": "2022-06-21 17:12:13", "elapsed": 1841.385538, "delta": 13.421112}}
{"target": -1.0, "params": {"Bgrad": 0.7721241080942459, "d1": -2.5668232150667527, "d2": -2.3806287514463826, "d3": -0.6962565171745205, "d4": -1.3034932296217012, "p1": 25.7729847661789, "p2": 16.1682777226087, "p3": 47.95216254235485, "p4": 43.41229109169147, "pol1": -0.3962543547320303, "pol2": -0.3891811654526349, "pol3": 0.32421921279429444, "pol4": 0.2696702046174475, "v0s": 7.8727846225303075}, "datetime": {"datetime": "2022-06-21 17:12:20", "elapsed": 1848.102576, "delta": 6.718035}}
{"target": -1.0, "params": {"Bgrad": 0.7721241080942459, "d1": -2.5668232150667527, "d2": -2.3806287514463826, "d3": -0.6962565171745205, "d4": -1.3034932296217012, "p1": 25.7729847661789, "p2": 16.1682777226087, "p3": 47.95216254235485, "p4": 43.41229109169147, "pol1": -0.3962543547320303, "pol2": -0.3891811654526349, "pol3": 0.32421921279429444, "pol4": 0.2696702046174475, "v0s": 7.8727846225303075}, "datetime": {"datetime": "2022-06-21 17:12:20", "elapsed": 1848.103574, "delta": 6.718036}}
{"target": -1.0, "params": {"Bgrad": 0.7073520396273507, "d1": 0.36384980359652275, "d2": -1.4908611036644301, "d3": -1.3298604130841345, "d4": -1.5652798173749476, "p1": 46.30593468785124, "p2": 23.169965770631286, "p3": 37.706993548244064, "p4": 17.591322403621145, "pol1": 0.5222956385863256, "pol2": 0.5530267177188277, "pol3": 0.03289801350664279, "pol4": 0.08801001065541425, "v0s": 5.323399805451709}, "datetime": {"datetime": "2022-06-21 17:12:26", "elapsed": 1854.24914, "delta": 6.146564}}
{"target": -1.0, "params": {"Bgrad": 0.7073520396273507, "d1": 0.36384980359652275, "d2": -1.4908611036644301, "d3": -1.3298604130841345, "d4": -1.5652798173749476, "p1": 46.30593468785124, "p2": 23.169965770631286, "p3": 37.706993548244064, "p4": 17.591322403621145, "pol1": 0.5222956385863256, "pol2": 0.5530267177188277, "pol3": 0.03289801350664279, "pol4": 0.08801001065541425, "v0s": 5.323399805451709}, "datetime": {"datetime": "2022-06-21 17:12:26", "elapsed": 1854.250138, "delta": 6.146564}}
{"target": -1.0, "params": {"Bgrad": 1.8879907629842754, "d1": 0.39460800001565133, "d2": -2.0609373492086727, "d3": -2.9164257866702226, "d4": -2.7734259499358513, "p1": 45.52991788953251, "p2": 16.03323607843562, "p3": 19.56039394088918, "p4": 41.628394374017994, "pol1": 0.5296922138353279, "pol2": 0.23512180580581998, "pol3": 0.30996283686399173, "pol4": -0.820307321847008, "v0s": 2.918045388775008}, "datetime": {"datetime": "2022-06-21 17:13:04", "elapsed": 1892.264487, "delta": 38.015347}}
{"target": -1.0, "params": {"Bgrad": 1.8879907629842754, "d1": 0.39460800001565133, "d2": -2.0609373492086727, "d3": -2.9164257866702226, "d4": -2.7734259499358513, "p1": 45.52991788953251, "p2": 16.03323607843562, "p3": 19.56039394088918, "p4": 41.628394374017994, "pol1": 0.5296922138353279, "pol2": 0.23512180580581998, "pol3": 0.30996283686399173, "pol4": -0.820307321847008, "v0s": 2.918045388775008}, "datetime": {"datetime": "2022-06-21 17:13:04", "elapsed": 1892.264487, "delta": 38.014349}}
{"target": -1.0, "params": {"Bgrad": 1.1120977536176218, "d1": -2.4280502371243657, "d2": -0.6741742113785558, "d3": -1.7572388510842214, "d4": -0.7546528144496913, "p1": 33.826025679663964, "p2": 21.54898356763485, "p3": 13.378328640439713, "p4": 21.91257316591278, "pol1": -0.2632218690412742, "pol2": 0.9867772462446773, "pol3": -0.5959728488514928, "pol4": 0.9485003120247144, "v0s": 2.778417426583479}, "datetime": {"datetime": "2022-06-21 17:13:12", "elapsed": 1900.723867, "delta": 8.45938}}
{"target": -1.0, "params": {"Bgrad": 1.1120977536176218, "d1": -2.4280502371243657, "d2": -0.6741742113785558, "d3": -1.7572388510842214, "d4": -0.7546528144496913, "p1": 33.826025679663964, "p2": 21.54898356763485, "p3": 13.378328640439713, "p4": 21.91257316591278, "pol1": -0.2632218690412742, "pol2": 0.9867772462446773, "pol3": -0.5959728488514928, "pol4": 0.9485003120247144, "v0s": 2.778417426583479}, "datetime": {"datetime": "2022-06-21 17:13:12", "elapsed": 1900.724865, "delta": 8.460378}}
{"target": -1.0, "params": {"Bgrad": 0.7901710995825346, "d1": -2.7358014178060364, "d2": -1.9295935265823712, "d3": -2.0031613270120383, "d4": -1.6351985345226967, "p1": 38.32256234489789, "p2": 25.168587914711697, "p3": 47.07106634346191, "p4": 25.806845295952467, "pol1": -0.9722382800056439, "pol2": -0.11669512195250453, "pol3": -0.1578293290012378, "pol4": 0.33582694520273404, "v0s": 5.858796867358389}, "datetime": {"datetime": "2022-06-21 17:13:18", "elapsed": 1906.426618, "delta": 5.702751}}
{"target": -1.0, "params": {"Bgrad": 0.7901710995825346, "d1": -2.7358014178060364, "d2": -1.9295935265823712, "d3": -2.0031613270120383, "d4": -1.6351985345226967, "p1": 38.32256234489789, "p2": 25.168587914711697, "p3": 47.07106634346191, "p4": 25.806845295952467, "pol1": -0.9722382800056439, "pol2": -0.11669512195250453, "pol3": -0.1578293290012378, "pol4": 0.33582694520273404, "v0s": 5.858796867358389}, "datetime": {"datetime": "2022-06-21 17:13:18", "elapsed": 1906.427615, "delta": 5.70275}}
{"target": -1.0, "params": {"Bgrad": 1.2864292379061895, "d1": -2.8939731125148325, "d2": -2.8762033808059018, "d3": -1.3554215275979882, "d4": -0.7887968803361352, "p1": 4.308757782034106, "p2": 3.163494500802072, "p3": 3.478346920403108, "p4": 47.742036530462826, "pol1": 0.7975328646621369, "pol2": 0.3508046359124595, "pol3": -0.3619187772793191, "pol4": -0.8547623387435879, "v0s": 6.455445379204329}, "datetime": {"datetime": "2022-06-21 17:13:28", "elapsed": 1916.098754, "delta": 9.672136}}
{"target": -1.0, "params": {"Bgrad": 1.2864292379061895, "d1": -2.8939731125148325, "d2": -2.8762033808059018, "d3": -1.3554215275979882, "d4": -0.7887968803361352, "p1": 4.308757782034106, "p2": 3.163494500802072, "p3": 3.478346920403108, "p4": 47.742036530462826, "pol1": 0.7975328646621369, "pol2": 0.3508046359124595, "pol3": -0.3619187772793191, "pol4": -0.8547623387435879, "v0s": 6.455445379204329}, "datetime": {"datetime": "2022-06-21 17:13:28", "elapsed": 1916.099751, "delta": 9.672136}}
{"target": -1.0, "params": {"Bgrad": 1.2888814356383442, "d1": -1.4026126856782435, "d2": -1.307472655045371, "d3": -2.189199809299757, "d4": -1.2737740894248781, "p1": 40.49642697164211, "p2": 39.16499842452455, "p3": 12.1456542093751, "p4": 14.699940920324883, "pol1": 0.8332488268034215, "pol2": 0.6052342201570164, "pol3": 0.8172547096536467, "pol4": -0.6776098109784539, "v0s": 7.251021946281485}, "datetime": {"datetime": "2022-06-21 17:13:38", "elapsed": 1926.400208, "delta": 10.301454}}
{"target": -1.0, "params": {"Bgrad": 1.2888814356383442, "d1": -1.4026126856782435, "d2": -1.307472655045371, "d3": -2.189199809299757, "d4": -1.2737740894248781, "p1": 40.49642697164211, "p2": 39.16499842452455, "p3": 12.1456542093751, "p4": 14.699940920324883, "pol1": 0.8332488268034215, "pol2": 0.6052342201570164, "pol3": 0.8172547096536467, "pol4": -0.6776098109784539, "v0s": 7.251021946281485}, "datetime": {"datetime": "2022-06-21 17:13:38", "elapsed": 1926.401207, "delta": 10.301456}}
{"target": -1.0, "params": {"Bgrad": 0.7518399538074818, "d1": -0.8109780057076867, "d2": 0.1069876708760118, "d3": -0.10389425971391342, "d4": -0.8985945388048671, "p1": 46.514652540553385, "p2": 13.69420422622224, "p3": 33.72786718909279, "p4": 31.238766500384983, "pol1": 0.9892827496784666, "pol2": -0.22356851330104033, "pol3": 0.24872159027740182, "pol4": -0.5650555156008905, "v0s": 6.673631963062495}, "datetime": {"datetime": "2022-06-21 17:13:44", "elapsed": 1932.087002, "delta": 5.686794}}
{"target": -1.0, "params": {"Bgrad": 0.7518399538074818, "d1": -0.8109780057076867, "d2": 0.1069876708760118, "d3": -0.10389425971391342, "d4": -0.8985945388048671, "p1": 46.514652540553385, "p2": 13.69420422622224, "p3": 33.72786718909279, "p4": 31.238766500384983, "pol1": 0.9892827496784666, "pol2": -0.22356851330104033, "pol3": 0.24872159027740182, "pol4": -0.5650555156008905, "v0s": 6.673631963062495}, "datetime": {"datetime": "2022-06-21 17:13:44", "elapsed": 1932.087002, "delta": 5.685795}}
{"target": 5.455113674569895, "params": {"Bgrad": 1.589588345551428, "d1": -2.843186778620325, "d2": -0.4559193525417795, "d3": -2.6311255576135815, "d4": 0.5523775768007209, "p1": 14.266010446471073, "p2": 35.09728624649278, "p3": 12.805020431941328, "p4": 34.980749999818265, "pol1": -0.5569238053413017, "pol2": 0.9580973519815854, "pol3": -0.31208711084710017, "pol4": 0.059638693020055866, "v0s": 5.455113674569895}, "datetime": {"datetime": "2022-06-21 17:14:02", "elapsed": 1950.89471, "delta": 18.807708}}
{"target": 5.455113674569895, "params": {"Bgrad": 1.589588345551428, "d1": -2.843186778620325, "d2": -0.4559193525417795, "d3": -2.6311255576135815, "d4": 0.5523775768007209, "p1": 14.266010446471073, "p2": 35.09728624649278, "p3": 12.805020431941328, "p4": 34.980749999818265, "pol1": -0.5569238053413017, "pol2": 0.9580973519815854, "pol3": -0.31208711084710017, "pol4": 0.059638693020055866, "v0s": 5.455113674569895}, "datetime": {"datetime": "2022-06-21 17:14:02", "elapsed": 1950.895707, "delta": 18.808705}}
{"target": -1.0, "params": {"Bgrad": 1.0988763978492153, "d1": -0.42046042584765253, "d2": -2.5633750744731745, "d3": 0.42316631033236973, "d4": -2.6563384457543444, "p1": 14.977406746641591, "p2": 34.637915729474, "p3": 4.756525792301175, "p4": 47.11272255418139, "pol1": 0.6431176846668571, "pol2": -0.5567880374047764, "pol3": -0.955679045977093, "pol4": -0.050690230664569125, "v0s": 5.904465696049753}, "datetime": {"datetime": "2022-06-21 17:14:13", "elapsed": 1961.166243, "delta": 10.271533}}
{"target": -1.0, "params": {"Bgrad": 1.0988763978492153, "d1": -0.42046042584765253, "d2": -2.5633750744731745, "d3": 0.42316631033236973, "d4": -2.6563384457543444, "p1": 14.977406746641591, "p2": 34.637915729474, "p3": 4.756525792301175, "p4": 47.11272255418139, "pol1": 0.6431176846668571, "pol2": -0.5567880374047764, "pol3": -0.955679045977093, "pol4": -0.050690230664569125, "v0s": 5.904465696049753}, "datetime": {"datetime": "2022-06-21 17:14:13", "elapsed": 1961.167241, "delta": 10.271534}}
{"target": -1.0, "params": {"Bgrad": 1.6901669908892476, "d1": -1.5193563763629667, "d2": -2.9080831744128632, "d3": -2.2639651867410717, "d4": -1.9750559558103684, "p1": 26.279362371836122, "p2": 33.820568690716144, "p3": 23.887594547556233, "p4": 18.82636861184433, "pol1": -0.00261991612595458, "pol2": 0.7799783154230806, "pol3": 0.06280030109059531, "pol4": -0.556365756519597, "v0s": 7.207418799852056}, "datetime": {"datetime": "2022-06-21 17:14:22", "elapsed": 1970.341708, "delta": 9.175465}}
{"target": -1.0, "params": {"Bgrad": 1.6901669908892476, "d1": -1.5193563763629667, "d2": -2.9080831744128632, "d3": -2.2639651867410717, "d4": -1.9750559558103684, "p1": 26.279362371836122, "p2": 33.820568690716144, "p3": 23.887594547556233, "p4": 18.82636861184433, "pol1": -0.00261991612595458, "pol2": 0.7799783154230806, "pol3": 0.06280030109059531, "pol4": -0.556365756519597, "v0s": 7.207418799852056}, "datetime": {"datetime": "2022-06-21 17:14:22", "elapsed": 1970.341708, "delta": 9.174467}}
{"target": -1.0, "params": {"Bgrad": 1.8991639355236059, "d1": 0.657237104352915, "d2": 0.11473556404595131, "d3": -2.5229735296976807, "d4": 0.46627002223284064, "p1": 4.276539771093018, "p2": 4.166530866818774, "p3": 7.672259798776027, "p4": 23.969038673567134, "pol1": -0.9315878375750173, "pol2": 0.8235303058887609, "pol3": -0.5249643863114695, "pol4": 0.9566434884414567, "v0s": 6.219097651776578}, "datetime": {"datetime": "2022-06-21 17:14:31", "elapsed": 1979.814378, "delta": 9.47267}}
{"target": -1.0, "params": {"Bgrad": 1.8991639355236059, "d1": 0.657237104352915, "d2": 0.11473556404595131, "d3": -2.5229735296976807, "d4": 0.46627002223284064, "p1": 4.276539771093018, "p2": 4.166530866818774, "p3": 7.672259798776027, "p4": 23.969038673567134, "pol1": -0.9315878375750173, "pol2": 0.8235303058887609, "pol3": -0.5249643863114695, "pol4": 0.9566434884414567, "v0s": 6.219097651776578}, "datetime": {"datetime": "2022-06-21 17:14:31", "elapsed": 1979.815376, "delta": 9.473668}}
{"target": -1.0, "params": {"Bgrad": 1.3422674580338112, "d1": -0.4870950055894876, "d2": -0.9790844428104131, "d3": -2.402057959363642, "d4": -1.8685685544036872, "p1": 49.588361369992164, "p2": 19.49954866020782, "p3": 39.8591276919149, "p4": 29.004844108760462, "pol1": -0.44494040266274104, "pol2": 0.6384350297158967, "pol3": -0.19315077234755873, "pol4": -0.8124006532649388, "v0s": 3.7697781863944857}, "datetime": {"datetime": "2022-06-21 17:14:42", "elapsed": 1990.360179, "delta": 10.545801}}
{"target": -1.0, "params": {"Bgrad": 1.3422674580338112, "d1": -0.4870950055894876, "d2": -0.9790844428104131, "d3": -2.402057959363642, "d4": -1.8685685544036872, "p1": 49.588361369992164, "p2": 19.49954866020782, "p3": 39.8591276919149, "p4": 29.004844108760462, "pol1": -0.44494040266274104, "pol2": 0.6384350297158967, "pol3": -0.19315077234755873, "pol4": -0.8124006532649388, "v0s": 3.7697781863944857}, "datetime": {"datetime": "2022-06-21 17:14:42", "elapsed": 1990.361176, "delta": 10.5458}}
{"target": -1.0, "params": {"Bgrad": 1.224768775118085, "d1": -2.240235694996856, "d2": 0.07828165059074088, "d3": -2.3367090964590114, "d4": -2.87863490449101, "p1": 29.85225317874205, "p2": 7.711215217489087, "p3": 45.80091340267806, "p4": 43.51213710309057, "pol1": 0.32026688635734013, "pol2": -0.7569595756103207, "pol3": -0.27238931843076464, "pol4": 0.6863320792524001, "v0s": 6.462236078799878}, "datetime": {"datetime": "2022-06-21 17:14:50", "elapsed": 1998.601143, "delta": 8.240964}}
{"target": -1.0, "params": {"Bgrad": 1.224768775118085, "d1": -2.240235694996856, "d2": 0.07828165059074088, "d3": -2.3367090964590114, "d4": -2.87863490449101, "p1": 29.85225317874205, "p2": 7.711215217489087, "p3": 45.80091340267806, "p4": 43.51213710309057, "pol1": 0.32026688635734013, "pol2": -0.7569595756103207, "pol3": -0.27238931843076464, "pol4": 0.6863320792524001, "v0s": 6.462236078799878}, "datetime": {"datetime": "2022-06-21 17:14:50", "elapsed": 1998.601143, "delta": 8.239967}}
{"target": 3.317769862842577, "params": {"Bgrad": 1.8097248262431254, "d1": 0.31295327658267524, "d2": 0.49889758513153515, "d3": -1.3690563532550888, "d4": -2.5176083062346906, "p1": 46.296497523782364, "p2": 26.74748158735322, "p3": 17.758266773039853, "p4": 32.18337827848314, "pol1": 0.5585122352233998, "pol2": 0.3750207425483989, "pol3": -0.6129750773309526, "pol4": 0.7895178418440425, "v0s": 3.317769862842577}, "datetime": {"datetime": "2022-06-21 17:15:05", "elapsed": 2014.019913, "delta": 15.41877}}
{"target": 3.317769862842577, "params": {"Bgrad": 1.8097248262431254, "d1": 0.31295327658267524, "d2": 0.49889758513153515, "d3": -1.3690563532550888, "d4": -2.5176083062346906, "p1": 46.296497523782364, "p2": 26.74748158735322, "p3": 17.758266773039853, "p4": 32.18337827848314, "pol1": 0.5585122352233998, "pol2": 0.3750207425483989, "pol3": -0.6129750773309526, "pol4": 0.7895178418440425, "v0s": 3.317769862842577}, "datetime": {"datetime": "2022-06-21 17:15:05", "elapsed": 2014.02091, "delta": 15.419767}}
