{"target": 2.0, "params": {"Bgrad": 1.663972609373536, "d1": -1.0548723107997853, "d2": -0.9365768980445108, "d3": -0.7054764206756171, "d4": 0.7939181673564633, "p1": 29.085445810908254, "p2": 33.4001430852035, "p3": 19.20474159695224, "p4": 20.224523403148215, "pol1": 0.30327742662442414, "pol2": 1.0, "pol3": 1.0, "pol4": -1.0, "v0s": 2.0}, "datetime": {"datetime": "2022-04-29 18:21:56", "elapsed": 96629.429882, "delta": 19.636495}}
{"target": -1.0, "params": {"Bgrad": 1.422781705179206, "d1": -2.700399115914104, "d2": -0.6364053289417897, "d3": -0.6574359475178082, "d4": -0.4364700305016549, "p1": 23.639735099557623, "p2": 31.687670583079903, "p3": 25.607690192198795, "p4": 2.8671240809377996, "pol1": -0.07801578107575424, "pol2": -0.46517580458657015, "pol3": -0.781103423987795, "pol4": -0.948867810552736, "v0s": 4.7797936555983584}, "datetime": {"datetime": "2022-04-29 18:22:22", "elapsed": 96654.794063, "delta": 25.364181}}
{"target": -1.0, "params": {"Bgrad": 1.788108913995159, "d1": -2.947568809774974, "d2": -1.6431746704216947, "d3": -2.3537369048257597, "d4": 0.08993956413584714, "p1": 42.24139698072899, "p2": 22.667194893035514, "p3": 44.31977826295629, "p4": 48.45340390820599, "pol1": 0.49370458936471406, "pol2": 0.6449622252585352, "pol3": -0.011050600875856187, "pol4": -0.2607702054574841, "v0s": 5.05831787214836}, "datetime": {"datetime": "2022-04-29 18:22:47", "elapsed": 96679.970745, "delta": 25.176682}}
{"target": -1.0, "params": {"Bgrad": 1.955588610286609, "d1": -2.3416849847682935, "d2": -2.1918259629489945, "d3": -1.5864211780557422, "d4": -1.7069977844367998, "p1": 4.738212483102666, "p2": 30.285550838048163, "p3": 23.066330583988616, "p4": 23.406189719984365, "pol1": -0.8107346300432314, "pol2": -0.13377260171719785, "pol3": 0.9873482650326759, "pol4": 0.622668767694782, "v0s": 4.580753993402926}, "datetime": {"datetime": "2022-04-29 18:23:34", "elapsed": 96727.000995, "delta": 47.03025}}
{"target": -1.0, "params": {"Bgrad": 0.5145475584046226, "d1": -0.4742565939596899, "d2": -0.30785272340495595, "d3": -0.3060637026321298, "d4": -1.368206424884041, "p1": 24.752091575582323, "p2": 25.61413462602272, "p3": 15.020951730676485, "p4": 37.30766257008557, "pol1": -0.7642121927415431, "pol2": 0.8709239660303552, "pol3": -0.34094586066642063, "pol4": 0.3624890365702993, "v0s": 5.390823205468774}, "datetime": {"datetime": "2022-04-29 18:23:51", "elapsed": 96744.479261, "delta": 17.478266}}
{"target": -1.0, "params": {"Bgrad": 0.7565533989582326, "d1": -1.429857100299448, "d2": -0.9625806846362481, "d3": -0.8730279092536986, "d4": -2.7978043610113548, "p1": 5.408208474019071, "p2": 0.31788140036955737, "p3": 40.86959977300288, "p4": 47.87540019521001, "pol1": 0.6972667708019777, "pol2": -0.2654821420022533, "pol3": -0.08621868116244369, "pol4": 0.3228770013383466, "v0s": 4.377666529178044}, "datetime": {"datetime": "2022-04-29 18:24:08", "elapsed": 96761.023026, "delta": 16.543765}}
{"target": -1.0, "params": {"Bgrad": 0.9606168295786369, "d1": -0.7661711718406807, "d2": -0.7754892338760793, "d3": -1.9750208583181874, "d4": -1.751224690156861, "p1": 29.33943555722125, "p2": 29.358774471016975, "p3": 9.807684493659503, "p4": 6.874270880011851, "pol1": -0.08783218438000406, "pol2": 0.5769717117053517, "pol3": -0.018096728911731752, "pol4": 0.6878390868488016, "v0s": 5.5362281551078185}, "datetime": {"datetime": "2022-04-29 18:24:26", "elapsed": 96779.240316, "delta": 18.21729}}
{"target": 3.6192010670068635, "params": {"Bgrad": 1.3365374996086126, "d1": -1.1896792137845456, "d2": 0.0016900749385762026, "d3": -1.8591369598159733, "d4": -2.1043818872245024, "p1": 23.537664054373696, "p2": 24.700345022633684, "p3": 8.053239255908862, "p4": 32.79893088925009, "pol1": -0.07915557709611032, "pol2": 0.9132511544924433, "pol3": 0.585609313340002, "pol4": -0.14917548455012497, "v0s": 3.6192010670068635}, "datetime": {"datetime": "2022-04-29 18:24:43", "elapsed": 96795.906753, "delta": 16.666437}}
{"target": -1.0, "params": {"Bgrad": 0.6342226985906096, "d1": -2.81839349332939, "d2": 0.44336388213506917, "d3": -2.659329690427548, "d4": -1.729276375190108, "p1": 22.52977027672675, "p2": 25.7892075872208, "p3": 11.453119196609086, "p4": 37.90048099804981, "pol1": -0.7656811666493286, "pol2": 0.8285273672374398, "pol3": 0.526382231914913, "pol4": -0.4673582651545536, "v0s": 5.554439661212673}, "datetime": {"datetime": "2022-04-29 18:25:05", "elapsed": 96817.703473, "delta": 21.79672}}
{"target": 3.8854814279076644, "params": {"Bgrad": 1.321076689677863, "d1": -0.5487876081240588, "d2": -0.22438868985255656, "d3": -2.0323509326227094, "d4": -2.2242868473889543, "p1": 8.251362867884183, "p2": 37.07397249422021, "p3": 32.52663524311116, "p4": 6.97482235536635, "pol1": -0.8029491685055915, "pol2": 0.7267520537970822, "pol3": -0.45423895054014235, "pol4": 0.6754751752506644, "v0s": 3.8854814279076644}, "datetime": {"datetime": "2022-04-29 18:25:38", "elapsed": 96851.459216, "delta": 33.755743}}
{"target": 4.168325537530332, "params": {"Bgrad": 1.0798378052293336, "d1": -0.3362450366569636, "d2": 0.9634044544943543, "d3": -0.6600326902684368, "d4": -1.4484373027656812, "p1": 0.03150990168815371, "p2": 16.412872857595108, "p3": 11.607733280440563, "p4": 4.50474588147754, "pol1": -0.5829832274202107, "pol2": 0.00817414090666957, "pol3": 0.9743421630019253, "pol4": -0.6743086670338425, "v0s": 4.168325537530332}, "datetime": {"datetime": "2022-04-29 18:25:52", "elapsed": 96864.890304, "delta": 13.431088}}
{"target": -1.0, "params": {"Bgrad": 0.7987757048592794, "d1": -0.3976724731535297, "d2": -2.3196299166686027, "d3": -2.3763109073953594, "d4": -2.422490280708543, "p1": 25.031628225877455, "p2": 6.0309246981494535, "p3": 32.5057353910347, "p4": 26.82993150755823, "pol1": -0.11346081706194622, "pol2": 0.9241115712191272, "pol3": 0.11576122625548257, "pol4": 0.1688641401329778, "v0s": 4.552936395593155}, "datetime": {"datetime": "2022-04-29 18:26:10", "elapsed": 96882.668768, "delta": 17.778464}}
{"target": 4.69475771013878, "params": {"Bgrad": 1.8348521627231982, "d1": -2.577696949668599, "d2": 0.6155397353227423, "d3": -2.225217566794573, "d4": -1.1920303805364107, "p1": 17.08953466542021, "p2": 38.570162894125346, "p3": 1.7592081924674208, "p4": 32.20613459370634, "pol1": 0.09637371421841934, "pol2": -0.43969777467782833, "pol3": 0.7206540535090484, "pol4": -0.607080952765652, "v0s": 4.69475771013878}, "datetime": {"datetime": "2022-04-29 18:26:26", "elapsed": 96898.934276, "delta": 16.265508}}
{"target": 4.642676332032509, "params": {"Bgrad": 0.910397752134418, "d1": -2.6177165628988748, "d2": -0.4368032831572033, "d3": -0.8642341121211832, "d4": -2.3270816835889843, "p1": 31.440933401706978, "p2": 5.86947805512793, "p3": 7.148763282516423, "p4": 26.075467219158515, "pol1": -0.9750843580567874, "pol2": 0.4052943928716146, "pol3": -0.6476028528223103, "pol4": -0.01051411569871652, "v0s": 4.642676332032509}, "datetime": {"datetime": "2022-04-29 18:26:49", "elapsed": 96922.297807, "delta": 23.363531}}
{"target": -1.0, "params": {"Bgrad": 0.5606360930902842, "d1": -2.416096058765956, "d2": -1.202303505388727, "d3": -2.3863337521496875, "d4": -2.6259172905510186, "p1": 12.889915866907902, "p2": 46.53460340496871, "p3": 31.544398084269954, "p4": 14.24801743742899, "pol1": -0.9204441829681882, "pol2": -0.9193873214510726, "pol3": 0.17201208815887892, "pol4": 0.23439062293417257, "v0s": 5.327096793006281}, "datetime": {"datetime": "2022-04-29 18:27:23", "elapsed": 96955.597769, "delta": 33.299962}}
{"target": -1.0, "params": {"Bgrad": 1.7167920636544736, "d1": -0.8217349509686049, "d2": -0.34568975739865326, "d3": 0.059624306283254214, "d4": 0.021483049141414412, "p1": 23.64438661413697, "p2": 22.712001473888378, "p3": 9.645608529468797, "p4": 33.74712036020682, "pol1": 0.44610207952902914, "pol2": -0.10763157190113937, "pol3": -0.055884290564174766, "pol4": -0.17512775039090678, "v0s": 4.845174827349609}, "datetime": {"datetime": "2022-04-29 18:27:48", "elapsed": 96981.096589, "delta": 25.49882}}
{"target": 2.3312930868679578, "params": {"Bgrad": 1.083352709436843, "d1": -2.5937333995890963, "d2": -0.03212022912492016, "d3": -1.433083144326975, "d4": 0.9999738019414913, "p1": 34.78884311920364, "p2": 10.056763172015321, "p3": 36.77102426514712, "p4": 23.761851506694736, "pol1": -1.0, "pol2": 0.5994151352869345, "pol3": 0.1410690602442599, "pol4": 0.9891424940848149, "v0s": 2.3312930868679578}, "datetime": {"datetime": "2022-04-29 18:28:13", "elapsed": 97006.181517, "delta": 25.084928}}
{"target": -1.0, "params": {"Bgrad": 1.351455569749421, "d1": -1.2689213714829943, "d2": -0.5638547384074237, "d3": 0.035071194789386695, "d4": -1.0868963473164066, "p1": 1.5178118477595204, "p2": 6.3559419520194504, "p3": 23.22126018771471, "p4": 18.467954390516518, "pol1": -0.1392313196753201, "pol2": 0.8762402255713462, "pol3": 0.3208037787073963, "pol4": 0.1927132222190986, "v0s": 6.27459075685143}, "datetime": {"datetime": "2022-04-29 18:28:35", "elapsed": 97028.232557, "delta": 22.05104}}
{"target": -1.0, "params": {"Bgrad": 1.538894245234688, "d1": -0.4858820748009114, "d2": -0.27075944840565436, "d3": -0.6339532457303254, "d4": 0.752796237609668, "p1": 45.36877881862497, "p2": 26.09091438033493, "p3": 22.5422954563469, "p4": 3.0660245478285053, "pol1": -0.08921355208910331, "pol2": -0.7538766693806065, "pol3": -0.7765032025831209, "pol4": -0.5339760605811021, "v0s": 4.829724165293991}, "datetime": {"datetime": "2022-04-29 18:29:13", "elapsed": 97066.433416, "delta": 38.200859}}
{"target": -1.0, "params": {"Bgrad": 1.8213177637697309, "d1": 0.005919910501108294, "d2": 0.32390105530549373, "d3": -1.2478288338337866, "d4": -0.7229241998222866, "p1": 6.304348555116507, "p2": 34.04795662861441, "p3": 34.24640423921237, "p4": 5.682628321337702, "pol1": 0.1433736053638952, "pol2": 0.9079053658012612, "pol3": -0.6574848451970958, "pol4": -0.27698469639487233, "v0s": 3.016924528487262}, "datetime": {"datetime": "2022-04-29 18:29:45", "elapsed": 97098.462773, "delta": 32.029357}}
{"target": -1.0, "params": {"Bgrad": 0.9242549136552349, "d1": 0.6037461352073086, "d2": 0.2517038214971863, "d3": -1.9319561945304513, "d4": -2.3804870328531065, "p1": 40.567192414531775, "p2": 3.9691805648905287, "p3": 46.182110860236996, "p4": 11.936733073583323, "pol1": -0.026720975992803542, "pol2": -0.09307303004051493, "pol3": 0.9671229537430441, "pol4": -0.09898150080343848, "v0s": 3.7701506321609237}, "datetime": {"datetime": "2022-04-29 18:30:06", "elapsed": 97119.130511, "delta": 20.667738}}
{"target": 3.652679297082724, "params": {"Bgrad": 0.8998927579291631, "d1": -1.4515497876069445, "d2": -0.005897426024855009, "d3": -1.324270522842203, "d4": 0.12737878651294324, "p1": 30.20375078371407, "p2": 45.3432561732944, "p3": 24.61705875067186, "p4": 28.104923050363155, "pol1": 0.19024037001274113, "pol2": 0.2761865808553436, "pol3": -0.37735601499704907, "pol4": -0.4455638240309769, "v0s": 3.652679297082724}, "datetime": {"datetime": "2022-04-29 18:30:27", "elapsed": 97139.767333, "delta": 20.636822}}
{"target": -1.0, "params": {"Bgrad": 0.6295397359218524, "d1": 0.47925863993261286, "d2": -0.8814693549008248, "d3": 0.7070229513447064, "d4": -2.0098487811378276, "p1": 3.9355929975643633, "p2": 0.22729592721146274, "p3": 41.45425676221478, "p4": 45.35471885427686, "pol1": 0.3535798525008953, "pol2": 0.7363104626706305, "pol3": 0.9470323762027955, "pol4": -0.5764194197154922, "v0s": 4.296631822112108}, "datetime": {"datetime": "2022-04-29 18:30:53", "elapsed": 97166.160762, "delta": 26.393429}}
{"target": -1.0, "params": {"Bgrad": 1.6430488271320116, "d1": -1.2474169383769103, "d2": -0.20704858797159265, "d3": -1.9140001556187385, "d4": 0.7468808932146933, "p1": 41.48293604928291, "p2": 23.34526455049938, "p3": 40.71909658276183, "p4": 48.174543844919725, "pol1": 0.8308363418296041, "pol2": 0.332340000080688, "pol3": 0.3420569401499136, "pol4": 0.10550720414091441, "v0s": 2.454208629845793}, "datetime": {"datetime": "2022-04-29 18:31:15", "elapsed": 97188.125033, "delta": 21.964271}}
{"target": 4.498240482073135, "params": {"Bgrad": 1.6378045966767543, "d1": -2.3264312132624116, "d2": 0.06603734945246886, "d3": -0.2367072243526649, "d4": 0.3573492401820588, "p1": 5.5662333842673934, "p2": 0.022675789615728137, "p3": 38.52811464983758, "p4": 45.64367436260602, "pol1": -0.4363396108383568, "pol2": -0.3697961005799386, "pol3": 0.7018110962467738, "pol4": 0.8908500540848938, "v0s": 4.498240482073135}, "datetime": {"datetime": "2022-04-29 18:31:47", "elapsed": 97219.999806, "delta": 31.874773}}
{"target": -1.0, "params": {"Bgrad": 0.5418301668757577, "d1": -1.7207477632852841, "d2": -0.2950544946441154, "d3": 0.5474685227859304, "d4": -0.6186365009099846, "p1": 15.483934745334354, "p2": 37.01401068838264, "p3": 1.4179637296347136, "p4": 29.470254263660404, "pol1": -0.02655041885134901, "pol2": 0.5533310493843548, "pol3": -0.5605595819930835, "pol4": -0.495188512174622, "v0s": 6.202432929048966}, "datetime": {"datetime": "2022-04-29 18:32:15", "elapsed": 97247.839368, "delta": 27.839562}}
{"target": -1.0, "params": {"Bgrad": 1.1646274232510119, "d1": -1.2018501456702841, "d2": 0.07448493552785163, "d3": -2.550189415896939, "d4": -2.9800630529564964, "p1": 2.7391781419276673, "p2": 45.54382146917516, "p3": 49.1991760405097, "p4": 36.81527290978597, "pol1": 0.5753129041547032, "pol2": 0.5173506622543995, "pol3": -0.708558916960297, "pol4": 0.19254685967549756, "v0s": 5.585835049062676}, "datetime": {"datetime": "2022-04-29 18:32:38", "elapsed": 97270.932621, "delta": 23.093253}}
{"target": -1.0, "params": {"Bgrad": 1.8518893919360604, "d1": -2.153162055488822, "d2": 0.34194218485053174, "d3": -1.7052311221108405, "d4": -1.7869844464046376, "p1": 5.422575446913375, "p2": 39.06752776091531, "p3": 35.09924175870211, "p4": 36.356783880807036, "pol1": 0.03127349636672028, "pol2": 0.2765040420368281, "pol3": 0.2997659814539353, "pol4": -0.1991543881071436, "v0s": 4.2959846485346045}, "datetime": {"datetime": "2022-04-29 18:33:16", "elapsed": 97308.640796, "delta": 37.708175}}
{"target": -1.0, "params": {"Bgrad": 1.6775256301944126, "d1": -2.1165560713486724, "d2": -0.9565647312071968, "d3": -0.051222795267539034, "d4": -1.6120777226381753, "p1": 6.1926663007772, "p2": 0.5011936046375398, "p3": 40.42235234147154, "p4": 47.432140849421984, "pol1": -0.2546205599894298, "pol2": -0.839904486016779, "pol3": -0.45892625949033605, "pol4": -0.2438365070912334, "v0s": 4.49715904787478}, "datetime": {"datetime": "2022-04-29 18:33:43", "elapsed": 97335.848049, "delta": 27.207253}}
{"target": -1.0, "params": {"Bgrad": 1.3281152344559217, "d1": -1.9416469950765043, "d2": -1.94366649870555, "d3": -0.958432859976782, "d4": 0.5907647036517885, "p1": 7.420974390060792, "p2": 15.748520811685596, "p3": 33.25094760178163, "p4": 3.5247371357920274, "pol1": -0.28041863633573993, "pol2": -0.8547418600674692, "pol3": -0.46366682573428997, "pol4": 0.393920149827766, "v0s": 2.734573656190084}, "datetime": {"datetime": "2022-04-29 18:34:02", "elapsed": 97355.068657, "delta": 19.220608}}
{"target": 3.665568903962887, "params": {"Bgrad": 1.6264654786308048, "d1": -1.775832988632423, "d2": -0.3014743492613041, "d3": -0.08803755637924437, "d4": -2.9309743957645233, "p1": 30.785982237274663, "p2": 28.65075585189513, "p3": 8.043193918074715, "p4": 7.52583327981241, "pol1": -0.4112846229596363, "pol2": -0.6311215427516044, "pol3": 0.45999476324173383, "pol4": -0.6541561189618406, "v0s": 3.665568903962887}, "datetime": {"datetime": "2022-04-29 18:34:28", "elapsed": 97381.102047, "delta": 26.03339}}
{"target": -1.0, "params": {"Bgrad": 0.8877287248902861, "d1": -1.7585586499559551, "d2": -0.35138453105193834, "d3": -2.1063886333893556, "d4": -0.5647244663921902, "p1": 23.131781072659663, "p2": 23.82293254400286, "p3": 14.108916861047321, "p4": 38.57352098735883, "pol1": -0.42117914873905127, "pol2": -0.7590330701049548, "pol3": 0.39815410021256525, "pol4": 0.9150552545249344, "v0s": 4.791247546892032}, "datetime": {"datetime": "2022-04-29 18:35:00", "elapsed": 97413.254079, "delta": 32.152032}}
{"target": -1.0, "params": {"Bgrad": 1.5085127995576542, "d1": -2.4701796652881574, "d2": 0.182867671066536, "d3": 0.36355512388854283, "d4": -0.2678680509349527, "p1": 16.07015053566263, "p2": 15.953629942065472, "p3": 29.771156509701406, "p4": 33.67860925048281, "pol1": 0.2229731577051428, "pol2": -0.11907852040770783, "pol3": -0.6816917479688707, "pol4": 0.985083187666544, "v0s": 3.7073665038981902}, "datetime": {"datetime": "2022-04-29 18:35:35", "elapsed": 97447.619193, "delta": 34.365114}}
{"target": -1.0, "params": {"Bgrad": 1.5204704283332253, "d1": -1.8077444754512366, "d2": 0.8536039814172196, "d3": -2.482065411541929, "d4": -0.17689860649552624, "p1": 41.046244249666174, "p2": 26.126082802208906, "p3": 44.10101283126993, "p4": 47.90896636409617, "pol1": -0.6725460560655561, "pol2": -0.8768625630575912, "pol3": 0.1278157869719645, "pol4": -0.003027997404651206, "v0s": 4.44567669481625}, "datetime": {"datetime": "2022-04-29 18:35:57", "elapsed": 97469.905603, "delta": 22.28641}}
{"target": -1.0, "params": {"Bgrad": 1.831071978826774, "d1": -2.3191747742432467, "d2": 0.8461479460956558, "d3": -2.8920941475368633, "d4": -1.3695882751445958, "p1": 17.441602769598713, "p2": 40.575307711323, "p3": 0.820909171820472, "p4": 32.768672575714184, "pol1": 0.4516782651207578, "pol2": 0.3606116021067778, "pol3": 0.4275499173641599, "pol4": -0.6533359061899466, "v0s": 4.635387952232985}, "datetime": {"datetime": "2022-04-29 18:36:32", "elapsed": 97505.404685, "delta": 35.499082}}
{"target": -1.0, "params": {"Bgrad": 1.6876949651491129, "d1": -1.016784498279156, "d2": 0.7977706001240947, "d3": -1.9336525329268923, "d4": -0.986397560225801, "p1": 36.36701153991927, "p2": 25.53715851596195, "p3": 24.11645113343626, "p4": 33.47514796979548, "pol1": 0.4188168917420034, "pol2": -0.24575124480033717, "pol3": 0.5605645822212073, "pol4": -0.8449570497714367, "v0s": 3.0836876932729878}, "datetime": {"datetime": "2022-04-29 18:36:59", "elapsed": 97532.172114, "delta": 26.767429}}
{"target": -1.0, "params": {"Bgrad": 1.469732486955822, "d1": -2.809301396740348, "d2": -1.225893776704534, "d3": -1.956720201168902, "d4": -1.8301489510819702, "p1": 8.905573006913043, "p2": 5.0862348008501606, "p3": 27.319863362398905, "p4": 10.759167474226551, "pol1": 0.0661407639534379, "pol2": -0.01628096036044888, "pol3": -0.3343814555539989, "pol4": 0.4893911235143105, "v0s": 3.9638595793481453}, "datetime": {"datetime": "2022-04-29 18:37:36", "elapsed": 97568.977703, "delta": 36.805589}}
{"target": 3.978204349255743, "params": {"Bgrad": 0.76370090128569, "d1": -2.3163684294182527, "d2": 0.5378705157386792, "d3": -1.0317575509399086, "d4": 0.3016510098506009, "p1": 42.94381300024636, "p2": 24.039635169389378, "p3": 23.116621256179847, "p4": 4.172024937355157, "pol1": -0.8675202076555601, "pol2": 0.03421046220202317, "pol3": -0.7945403026143776, "pol4": 0.8333084482977113, "v0s": 3.978204349255743}, "datetime": {"datetime": "2022-04-29 18:37:54", "elapsed": 97587.341601, "delta": 18.363898}}
{"target": -1.0, "params": {"Bgrad": 1.604612864542778, "d1": -1.9369274270597652, "d2": -0.9153632152865585, "d3": -0.9917181515565119, "d4": -0.8173331515182789, "p1": 29.124268032120188, "p2": 28.25254377336402, "p3": 7.241582938576463, "p4": 6.891280813245521, "pol1": -0.517958706366952, "pol2": -0.892580356158724, "pol3": -0.09694961851017858, "pol4": -0.18786412008889042, "v0s": 3.9932965287905473}, "datetime": {"datetime": "2022-04-29 18:38:28", "elapsed": 97620.764235, "delta": 33.422634}}
{"target": -1.0, "params": {"Bgrad": 1.555720144613805, "d1": -2.027604897380827, "d2": 0.7723312098614339, "d3": -1.627066868262256, "d4": -2.646728377252283, "p1": 8.463630726021604, "p2": 5.348530635484627, "p3": 26.83863641518826, "p4": 11.083055089565319, "pol1": 0.42921982250874025, "pol2": 0.6290871266064457, "pol3": -0.4589713693424404, "pol4": 0.11687260677078459, "v0s": 3.0383845702312566}, "datetime": {"datetime": "2022-04-29 18:38:49", "elapsed": 97641.846864, "delta": 21.082629}}
{"target": -1.0, "params": {"Bgrad": 1.1069359483492263, "d1": -1.7734066730463107, "d2": -0.06484099479734518, "d3": -1.621076400589888, "d4": -1.7329128968684895, "p1": 23.66491858098248, "p2": 26.847269098197756, "p3": 13.627101770355242, "p4": 33.853820308239314, "pol1": 0.37150609768804, "pol2": -0.37973122736127674, "pol3": 0.5945637411960458, "pol4": 0.23640755214380094, "v0s": 2.9775612592267633}, "datetime": {"datetime": "2022-04-29 18:39:16", "elapsed": 97669.532837, "delta": 27.685973}}
{"target": -1.0, "params": {"Bgrad": 0.8878430365322307, "d1": -0.7396925623239263, "d2": 0.16963664870557071, "d3": -0.8082930096831964, "d4": -2.6643504816772903, "p1": 6.108506003888592, "p2": 1.6479927804673888, "p3": 40.56647452076875, "p4": 46.33605533863513, "pol1": -0.5066294011981045, "pol2": -0.4009015418306803, "pol3": 0.7515248690300043, "pol4": -0.04029078960824983, "v0s": 6.743900339785997}, "datetime": {"datetime": "2022-04-29 18:39:37", "elapsed": 97690.149711, "delta": 20.616874}}
{"target": -1.0, "params": {"Bgrad": 0.5807345403462265, "d1": -2.258191248282351, "d2": 0.19896573492373815, "d3": -2.6714015137522193, "d4": 0.675367250648391, "p1": 46.8731216133542, "p2": 24.95459697437071, "p3": 21.29823835241921, "p4": 1.330518807802361, "pol1": -0.7336395604245434, "pol2": 0.5753958684552818, "pol3": 0.438440601689166, "pol4": 0.3591467724197386, "v0s": 4.696912702209592}, "datetime": {"datetime": "2022-04-29 18:39:55", "elapsed": 97707.576116, "delta": 17.426405}}
