{"target": -1.0, "params": {"Bgrad": 1.3748612249637076, "d1": -1.558717847912559, "d2": 0.37203067691731784, "d3": -1.059931230234945, "d4": -2.8842207141557528, "p1": 21.870963207233007, "p2": 25.579284616722838, "p3": 42.741165304645975, "p4": 44.70152403830588, "pol1": 0.6169960064062396, "pol2": 0.9289431082947346, "pol3": 0.561251111373305, "pol4": 0.49119854052785206, "v0s": 4.176967643369143}, "datetime": {"datetime": "2022-04-30 12:22:22", "elapsed": 161454.786241, "delta": 76.816606}}
{"target": -1.0, "params": {"Bgrad": 1.2364162910251824, "d1": -0.29795916749018586, "d2": 0.3473961424438413, "d3": -1.4137360104191967, "d4": 0.7307500564066289, "p1": 30.09136680447149, "p2": 0.3130763997774405, "p3": 34.61837691095653, "p4": 11.206370465118388, "pol1": -0.6366111006748058, "pol2": 0.3953387821259313, "pol3": 0.180814580894022, "pol4": 0.6527769702007153, "v0s": 2.7424603213586014}, "datetime": {"datetime": "2022-04-30 12:23:45", "elapsed": 161538.413636, "delta": 83.627395}}
{"target": 3.1419139729405465, "params": {"Bgrad": 1.7846784842746835, "d1": -1.5000152586846678, "d2": -2.1800419303774587, "d3": -0.4332588500257435, "d4": -2.4707620481475825, "p1": 5.699948324488091, "p2": 0.8934531203816931, "p3": 37.46225195998152, "p4": 47.9234323316653, "pol1": -0.9044099223708641, "pol2": 0.22784619764266933, "pol3": -0.7373473102680477, "pol4": -0.8816134262947368, "v0s": 3.1419139729405465}, "datetime": {"datetime": "2022-04-30 12:24:22", "elapsed": 161574.863177, "delta": 36.449541}}
{"target": 2.9740861879282794, "params": {"Bgrad": 1.5485907734872062, "d1": -3.0, "d2": -0.34665766575187457, "d3": -2.470212118001151, "d4": -2.528454903962244, "p1": 33.012448291164, "p2": 8.525463975952427, "p3": 38.82842188809367, "p4": 37.35395974315816, "pol1": -0.3320397506713349, "pol2": 0.01039161670524162, "pol3": 0.20701925923239545, "pol4": 0.7212444424245944, "v0s": 2.9740861879282794}, "datetime": {"datetime": "2022-04-30 12:25:02", "elapsed": 161614.58796, "delta": 39.724783}}
{"target": 4.302978826338494, "params": {"Bgrad": 1.1389275694071206, "d1": -2.5526745564132862, "d2": 0.20317431934320584, "d3": -1.8224571505499287, "d4": -0.10095223780076343, "p1": 29.059319462064195, "p2": 46.015334757086265, "p3": 24.827754779066044, "p4": 28.057556946588907, "pol1": -0.1532064931164009, "pol2": -0.12303156137669334, "pol3": -0.00058589636946567, "pol4": 0.07299131103149825, "v0s": 4.302978826338494}, "datetime": {"datetime": "2022-04-30 12:26:12", "elapsed": 161684.649628, "delta": 70.061668}}
{"target": 3.070163160704171, "params": {"Bgrad": 1.457289893928756, "d1": -1.8378927341672076, "d2": 0.5835412983281771, "d3": -1.8208855355869344, "d4": -0.8904939374362129, "p1": 0.9464499378113056, "p2": 32.50911448268371, "p3": 16.65474322182631, "p4": 9.77298123651949, "pol1": -0.8044935867745593, "pol2": 0.28016253829470705, "pol3": 0.9600156379922276, "pol4": -0.17150207233990944, "v0s": 3.070163160704171}, "datetime": {"datetime": "2022-04-30 12:26:46", "elapsed": 161718.550985, "delta": 33.901357}}
{"target": 4.546392117183675, "params": {"Bgrad": 0.5563346804487587, "d1": -1.1145330027753169, "d2": 0.4193946660088695, "d3": -0.40774931866035646, "d4": -2.742207924130747, "p1": 43.51670989730776, "p2": 37.32146165594163, "p3": 18.561519473424415, "p4": 25.710648659310525, "pol1": 0.3434374813524089, "pol2": 0.6071900713627199, "pol3": -0.9224670925820573, "pol4": -0.6174055529562598, "v0s": 4.546392117183675}, "datetime": {"datetime": "2022-04-30 12:27:21", "elapsed": 161753.818683, "delta": 35.267698}}
{"target": -1.0, "params": {"Bgrad": 0.5258217057560153, "d1": -1.070888748706461, "d2": -1.3297393262693586, "d3": -2.0824297010936803, "d4": -0.9148836619453333, "p1": 14.543751430480246, "p2": 40.08310500943335, "p3": 2.0627162175325675, "p4": 29.592513374788048, "pol1": 0.26376943754896454, "pol2": -0.6383824232828366, "pol3": 0.06195285018782348, "pol4": 0.5696746151148566, "v0s": 3.2613914655331344}, "datetime": {"datetime": "2022-04-30 12:28:36", "elapsed": 161829.238025, "delta": 75.419342}}
{"target": 4.747569332690857, "params": {"Bgrad": 1.0564093109686514, "d1": -2.2112244599586903, "d2": -0.08116713025327699, "d3": -1.1463452452865552, "d4": -0.10833819551779866, "p1": 2.795459917670451, "p2": 8.803604295293749, "p3": 23.184799648422715, "p4": 17.884218630888036, "pol1": -0.4189460369380024, "pol2": 0.3306276008837617, "pol3": 0.1664844192131051, "pol4": -0.15227421384045547, "v0s": 4.747569332690857}, "datetime": {"datetime": "2022-04-30 12:29:09", "elapsed": 161861.607475, "delta": 32.36945}}
{"target": 3.642921578500656, "params": {"Bgrad": 1.350736647202688, "d1": -2.2414081279134153, "d2": -3.0, "d3": -1.2358417296514295, "d4": -1.9462769031579346, "p1": 40.992729512039574, "p2": 12.376325743347055, "p3": 16.170108046321957, "p4": 18.626799739986666, "pol1": -0.6204002315112225, "pol2": 0.7669001859533179, "pol3": 0.0585953178409554, "pol4": 0.19337087507962464, "v0s": 3.642921578500656}, "datetime": {"datetime": "2022-04-30 12:29:50", "elapsed": 161902.735506, "delta": 41.128031}}
{"target": -1.0, "params": {"Bgrad": 1.815914733413599, "d1": -2.3242586806400216, "d2": -0.24257013120721105, "d3": -2.054935643742195, "d4": -0.02722467932452588, "p1": 46.39121465903181, "p2": 26.82934358482678, "p3": 20.894426414100735, "p4": 4.627607806566631, "pol1": 0.4028900901344692, "pol2": 0.8961460033921043, "pol3": -0.14279899198340185, "pol4": 0.8021181121561283, "v0s": 6.230549734170635}, "datetime": {"datetime": "2022-04-30 12:30:36", "elapsed": 161949.356849, "delta": 46.621343}}
{"target": 4.69805945173909, "params": {"Bgrad": 1.0660822974053736, "d1": -1.9186653809011165, "d2": 0.2720311691617043, "d3": -1.8959648263514357, "d4": 0.12680088601941475, "p1": 46.05097683596869, "p2": 25.555746732266503, "p3": 21.45111330630532, "p4": 4.258370414223913, "pol1": -0.5594934199988739, "pol2": 0.743201126908229, "pol3": -0.25164325795118625, "pol4": 0.19330522483419518, "v0s": 4.69805945173909}, "datetime": {"datetime": "2022-04-30 12:31:19", "elapsed": 161992.319973, "delta": 42.963124}}
{"target": -1.0, "params": {"Bgrad": 1.5637855233334874, "d1": -0.14737850152882137, "d2": -2.541255604404772, "d3": -0.23301027348114678, "d4": -0.5647047880470626, "p1": 12.68414505022702, "p2": 18.97549277197078, "p3": 9.41182094952689, "p4": 13.08766877715688, "pol1": -0.530695840875361, "pol2": 0.21507752897126764, "pol3": -0.9218834452116198, "pol4": -0.23035819253326406, "v0s": 2.4135497639653813}, "datetime": {"datetime": "2022-04-30 12:31:59", "elapsed": 162032.327002, "delta": 40.007029}}
{"target": -1.0, "params": {"Bgrad": 1.247742723045038, "d1": -1.2422500499910836, "d2": -0.7371979864585079, "d3": -1.947860145048987, "d4": 0.27030284591027165, "p1": 6.350176215499465, "p2": 14.787771514943648, "p3": 36.672129759784475, "p4": 0.9503668151547351, "pol1": 0.29198855243566935, "pol2": -0.05622484376466641, "pol3": -0.47209271334529523, "pol4": 0.12781890345525104, "v0s": 4.316047960731561}, "datetime": {"datetime": "2022-04-30 12:33:21", "elapsed": 162114.258931, "delta": 81.931929}}
{"target": -1.0, "params": {"Bgrad": 1.845348056480452, "d1": -2.0837910621444395, "d2": -1.7742823476902765, "d3": -2.43472581607118, "d4": -1.4290139091435248, "p1": 2.863282822291946, "p2": 40.42221215692706, "p3": 7.631390348559769, "p4": 24.329333386832115, "pol1": -0.8710472832413958, "pol2": 0.7159403787131098, "pol3": -0.23154003756836938, "pol4": -0.4443401580059887, "v0s": 3.867430704145102}, "datetime": {"datetime": "2022-04-30 12:34:08", "elapsed": 162161.369965, "delta": 47.111034}}
{"target": -1.0, "params": {"Bgrad": 1.0008441978244387, "d1": -1.98830414498127, "d2": -2.1905846944843517, "d3": -0.3260565127996955, "d4": -2.3789206692201694, "p1": 0.631122746985735, "p2": 25.80361698482836, "p3": 16.983955371604047, "p4": 42.90500216904099, "pol1": -0.5288841141425384, "pol2": -0.607257190878594, "pol3": 0.3213465509142093, "pol4": 0.8054909969120225, "v0s": 4.796202005195594}, "datetime": {"datetime": "2022-04-30 12:34:49", "elapsed": 162202.391281, "delta": 41.021316}}
{"target": 4.289922898771522, "params": {"Bgrad": 1.1601641831307552, "d1": -2.072964541033612, "d2": 0.1604847917347607, "d3": -2.0266346411140277, "d4": -1.583326751497772, "p1": 21.062429943501034, "p2": 25.06086789747828, "p3": 40.42333220376199, "p4": 45.37619432835955, "pol1": -0.5719071937188298, "pol2": -0.992945854865587, "pol3": 0.04381637014608786, "pol4": 0.19215738736798982, "v0s": 4.289922898771522}, "datetime": {"datetime": "2022-04-30 12:35:25", "elapsed": 162238.051931, "delta": 35.66065}}
{"target": 4.6508433473411674, "params": {"Bgrad": 1.1081411447259628, "d1": -1.482507326311906, "d2": 0.313698314930124, "d3": -1.6069204051931156, "d4": -0.25463293828982897, "p1": 26.35072670139211, "p2": 24.438046591576764, "p3": 10.742339295376695, "p4": 37.5376563999467, "pol1": 0.5203523243112869, "pol2": -0.23052243420653015, "pol3": 0.5158729017224096, "pol4": 0.14798449414021742, "v0s": 4.6508433473411674}, "datetime": {"datetime": "2022-04-30 12:36:03", "elapsed": 162275.790027, "delta": 37.738096}}
{"target": 4.244667427206058, "params": {"Bgrad": 1.3773533046229731, "d1": -1.9994142934002208, "d2": 0.3668960063717913, "d3": -1.5360738267177767, "d4": -2.211348352239804, "p1": 41.9245592831238, "p2": 42.07858064051863, "p3": 31.220605794961998, "p4": 15.445040687342926, "pol1": 0.632948894021729, "pol2": -0.5628059023714113, "pol3": 0.5814139449294347, "pol4": 0.6497099319761153, "v0s": 4.244667427206058}, "datetime": {"datetime": "2022-04-30 12:36:51", "elapsed": 162324.000122, "delta": 48.210095}}
{"target": 2.0, "params": {"Bgrad": 1.792727724231588, "d1": -2.2510118153626504, "d2": -2.434795796936767, "d3": -0.9120411909999291, "d4": 0.8382767727663382, "p1": 26.351668615722787, "p2": 9.161204678795542, "p3": 37.167539232750485, "p4": 5.2940136477153175, "pol1": -0.9311995497123517, "pol2": -0.7565343272081497, "pol3": 0.54381916884289, "pol4": -0.6945922861380734, "v0s": 2.0}, "datetime": {"datetime": "2022-04-30 12:38:12", "elapsed": 162404.950675, "delta": 80.950553}}
{"target": 2.7838957235517383, "params": {"Bgrad": 1.6536853759753487, "d1": 0.47538609744044663, "d2": -1.3340721709050043, "d3": -1.9363601855313473, "d4": -2.7986561004853576, "p1": 44.47085130907349, "p2": 32.46390922656624, "p3": 45.09422340233955, "p4": 43.83861271824564, "pol1": -0.2913299473664419, "pol2": 0.44257558059845314, "pol3": 0.17470487533014725, "pol4": -0.31992230630266494, "v0s": 2.7838957235517383}, "datetime": {"datetime": "2022-04-30 12:39:13", "elapsed": 162465.952567, "delta": 61.001892}}
{"target": -1.0, "params": {"Bgrad": 0.7631301432602213, "d1": 0.15708651883638458, "d2": 0.26470007723815314, "d3": -0.858068897370944, "d4": -1.585012456916242, "p1": 24.762912501858093, "p2": 6.650709285057105, "p3": 32.58737077686506, "p4": 28.67951747454212, "pol1": 0.3117662712559979, "pol2": -0.9308039787728473, "pol3": 0.7708503573684438, "pol4": 0.769226578360485, "v0s": 3.0979244818402627}, "datetime": {"datetime": "2022-04-30 12:40:10", "elapsed": 162523.20648, "delta": 57.253913}}
{"target": -1.0, "params": {"Bgrad": 1.5262924301352443, "d1": -2.05162413408016, "d2": -0.060901377846160454, "d3": -0.8181406372380873, "d4": -0.6139563059866244, "p1": 14.928988019947981, "p2": 18.698236128263236, "p3": 24.588990714763305, "p4": 19.40699387472321, "pol1": -0.6387014265645994, "pol2": -0.19730560678622866, "pol3": -0.4079062910145863, "pol4": 0.06466651460901907, "v0s": 5.7430969067935935}, "datetime": {"datetime": "2022-04-30 12:41:03", "elapsed": 162575.785892, "delta": 52.579412}}
{"target": -1.0, "params": {"Bgrad": 1.4141725771513172, "d1": -2.686192561750741, "d2": -0.21162196270764388, "d3": 0.6559710353221613, "d4": 0.25350870005822435, "p1": 13.823761292030607, "p2": 15.827480755119295, "p3": 28.958221143753036, "p4": 33.18591461712793, "pol1": 0.25313612856789414, "pol2": 0.04987855887964088, "pol3": 0.07733803706534625, "pol4": 0.2649067064198136, "v0s": 4.976779705063518}, "datetime": {"datetime": "2022-04-30 12:41:48", "elapsed": 162620.788563, "delta": 45.002671}}
{"target": -1.0, "params": {"Bgrad": 0.736748279180168, "d1": -1.7018095560160846, "d2": 0.4951069876827585, "d3": -0.29346930320741826, "d4": 0.08504161824252332, "p1": 34.465773065016805, "p2": 13.452763333248557, "p3": 2.714663697269426, "p4": 16.950576848940397, "pol1": 0.5253933271323814, "pol2": 0.9701254749468999, "pol3": 0.8913446730682515, "pol4": -0.33185763605717145, "v0s": 5.4952496546892995}, "datetime": {"datetime": "2022-04-30 12:42:24", "elapsed": 162657.418621, "delta": 36.630058}}
{"target": 4.32171438742361, "params": {"Bgrad": 1.4176282422067819, "d1": -2.5636604895289885, "d2": -0.510581671793636, "d3": -0.8988496493121902, "d4": -1.3146448206404255, "p1": 2.957286372398837, "p2": 29.319360546813435, "p3": 25.390034165124238, "p4": 23.786529603064196, "pol1": 0.4221858801607086, "pol2": -0.3482126595105137, "pol3": 0.4176220294687791, "pol4": -0.48759336054263447, "v0s": 4.32171438742361}, "datetime": {"datetime": "2022-04-30 12:43:27", "elapsed": 162720.307468, "delta": 62.888847}}
{"target": -1.0, "params": {"Bgrad": 1.3281416909869685, "d1": -1.0077949958167904, "d2": -0.4680529130074753, "d3": -2.3141930793293475, "d4": -2.629383088562958, "p1": 43.785727040122566, "p2": 27.340765172460372, "p3": 28.313658618161305, "p4": 47.01356358288613, "pol1": 0.37008079864604454, "pol2": -0.5961808008426477, "pol3": -0.21618322062893974, "pol4": -0.03146401457241176, "v0s": 4.030123569222842}, "datetime": {"datetime": "2022-04-30 12:44:21", "elapsed": 162774.104624, "delta": 53.797156}}
{"target": 3.463368991459386, "params": {"Bgrad": 1.5688685156123672, "d1": -1.8949826189641064, "d2": -0.2541336703927839, "d3": -2.8033566769819083, "d4": -1.9439686105900456, "p1": 42.05799728586386, "p2": 24.98997515195733, "p3": 21.687798205587015, "p4": 2.819316741109951, "pol1": -0.08767689559429837, "pol2": 0.0834101379023997, "pol3": 0.14127443169755005, "pol4": 0.29402317667042777, "v0s": 3.463368991459386}, "datetime": {"datetime": "2022-04-30 12:44:55", "elapsed": 162808.352052, "delta": 34.247428}}
{"target": 5.33289761200094, "params": {"Bgrad": 1.4348645402148783, "d1": -2.3504335022032565, "d2": 0.17465300360891556, "d3": -2.1918873441428572, "d4": -0.6572833827526319, "p1": 12.465444913769225, "p2": 20.480279766708335, "p3": 36.30815606688984, "p4": 34.203650884226434, "pol1": 0.009124926077183071, "pol2": -0.4958219409414313, "pol3": -0.45523275558886445, "pol4": 0.7259765793535737, "v0s": 5.33289761200094}, "datetime": {"datetime": "2022-04-30 12:45:39", "elapsed": 162851.790905, "delta": 43.438853}}
{"target": 3.650122237594054, "params": {"Bgrad": 1.5476787421873799, "d1": -2.9135451762024855, "d2": -0.6836901689564748, "d3": -0.03765540003421236, "d4": -0.0603458745002813, "p1": 45.394826031630686, "p2": 42.48878082337326, "p3": 49.07897431388734, "p4": 32.21867642974208, "pol1": -0.5035560043400303, "pol2": 0.5623983760258661, "pol3": 0.09783517812011436, "pol4": 0.6904757734558893, "v0s": 3.650122237594054}, "datetime": {"datetime": "2022-04-30 12:46:29", "elapsed": 162902.459427, "delta": 50.668522}}
{"target": 3.5389510865106137, "params": {"Bgrad": 1.1783766906720077, "d1": -2.294765877328049, "d2": -0.47428161536675617, "d3": -0.927512137379706, "d4": -0.015723563371229154, "p1": 27.764326788870243, "p2": 45.825417050238805, "p3": 24.525740288518183, "p4": 25.775306299588557, "pol1": -0.09939303533194743, "pol2": 0.584710635064672, "pol3": -0.6593331848557076, "pol4": -0.2791605553349803, "v0s": 3.5389510865106137}, "datetime": {"datetime": "2022-04-30 12:47:04", "elapsed": 162936.880391, "delta": 34.420964}}
{"target": 4.668219864385711, "params": {"Bgrad": 1.186034890611923, "d1": -1.1313886730826648, "d2": 0.528975315632627, "d3": -0.8271949773218301, "d4": -2.1536604215014745, "p1": 39.17974205337865, "p2": 40.58512287284187, "p3": 31.138146064172172, "p4": 37.895948540089364, "pol1": -0.4109461615459689, "pol2": 0.8177973955079232, "pol3": 0.184370970677743, "pol4": 0.5682038499910288, "v0s": 4.668219864385711}, "datetime": {"datetime": "2022-04-30 12:47:38", "elapsed": 162971.08294, "delta": 34.202549}}
{"target": 4.425923543638092, "params": {"Bgrad": 0.959624728151595, "d1": -2.054597453315452, "d2": -0.16255597507087938, "d3": -1.9606493182895957, "d4": -0.19706050867254632, "p1": 8.218068438444764, "p2": 6.121110985559191, "p3": 27.604061520502714, "p4": 11.669687304183773, "pol1": -0.20350817071434668, "pol2": 0.24028034374106566, "pol3": -0.22408643871530542, "pol4": -0.7095805287818975, "v0s": 4.425923543638092}, "datetime": {"datetime": "2022-04-30 12:49:16", "elapsed": 163068.754783, "delta": 97.671843}}
{"target": -1.0, "params": {"Bgrad": 1.1547639567862678, "d1": -1.306466929324623, "d2": -0.3250558542562776, "d3": -1.2471450720070778, "d4": -0.11714584005282758, "p1": 42.97798746993936, "p2": 24.23160098456848, "p3": 24.835499493812506, "p4": 4.4527638944448995, "pol1": 0.012718702597781073, "pol2": -0.6459047734761547, "pol3": 0.20052905201984506, "pol4": -0.25610272486878616, "v0s": 3.2009104338815257}, "datetime": {"datetime": "2022-04-30 12:50:27", "elapsed": 163140.086056, "delta": 71.331273}}
{"target": 5.013048578115909, "params": {"Bgrad": 1.239793587621691, "d1": -1.8595482148060625, "d2": 0.33127853782606564, "d3": -2.1543466471337176, "d4": -0.7471613742337928, "p1": 12.187781204326974, "p2": 21.11062235213764, "p3": 36.29629825227804, "p4": 34.326616672587726, "pol1": 0.2735314811644161, "pol2": -0.49966532749644704, "pol3": -0.4340937879238391, "pol4": 0.6964807440648931, "v0s": 5.013048578115909}, "datetime": {"datetime": "2022-04-30 12:51:29", "elapsed": 163202.229896, "delta": 62.14384}}
{"target": 4.0368716780660145, "params": {"Bgrad": 0.7527362287473799, "d1": -2.802733640540175, "d2": -1.4567673273015216, "d3": -1.1442186446116334, "d4": -2.6524787683581477, "p1": 15.416701358768409, "p2": 30.69192242126122, "p3": 31.110631138908204, "p4": 26.98327489969782, "pol1": -0.5238261182721619, "pol2": 0.3406422241383787, "pol3": 0.303077241319264, "pol4": 0.12849631198236472, "v0s": 4.0368716780660145}, "datetime": {"datetime": "2022-04-30 12:52:06", "elapsed": 163238.70038, "delta": 36.470484}}
{"target": 4.5674886764039035, "params": {"Bgrad": 1.287411338589841, "d1": -1.0773628565339506, "d2": 0.7985120621645153, "d3": -2.380674894370007, "d4": -0.45158200630122824, "p1": 21.587239306299033, "p2": 23.154166224625616, "p3": 7.523062521468074, "p4": 32.57853960485333, "pol1": -0.7350551268969593, "pol2": 0.6905338213513809, "pol3": 0.5695680642445745, "pol4": -0.6752145589455751, "v0s": 4.5674886764039035}, "datetime": {"datetime": "2022-04-30 12:52:42", "elapsed": 163275.452112, "delta": 36.751732}}
{"target": 4.4001606973261165, "params": {"Bgrad": 0.5, "d1": -1.2501276953345133, "d2": 0.9886241136112458, "d3": -2.3475854003786356, "d4": -0.3046013942346332, "p1": 39.47311399575088, "p2": 47.87318671384831, "p3": 16.520039404918307, "p4": 10.281834617255832, "pol1": -0.6925076150383033, "pol2": -0.9215688934267602, "pol3": 0.5083171121344329, "pol4": -0.8761594205465318, "v0s": 4.4001606973261165}, "datetime": {"datetime": "2022-04-30 12:54:00", "elapsed": 163352.832212, "delta": 77.3801}}
{"target": 5.741919083220682, "params": {"Bgrad": 2.0, "d1": -2.5797213264157843, "d2": 0.13005057623671418, "d3": -0.40877327563122007, "d4": 0.6447330991621734, "p1": 13.339306121289686, "p2": 37.65738821422797, "p3": 19.200167009708956, "p4": 5.232321111716692, "pol1": -0.9693418662374524, "pol2": 0.03960811574162051, "pol3": 0.571975223444477, "pol4": -0.6537758524736017, "v0s": 5.741919083220682}, "datetime": {"datetime": "2022-04-30 12:54:46", "elapsed": 163398.993784, "delta": 46.161572}}
{"target": -1.0, "params": {"Bgrad": 1.6058536520040125, "d1": -1.6348194822419062, "d2": 1.0, "d3": -2.3167244664207254, "d4": -1.9783245839662076, "p1": 3.5639929097142113, "p2": 20.50440921520326, "p3": 11.215724704752166, "p4": 27.10961030538048, "pol1": 0.2293796620854989, "pol2": 0.09151325230522986, "pol3": -0.9078500825218825, "pol4": 0.5756860523195563, "v0s": 2.684015540363698}, "datetime": {"datetime": "2022-04-30 12:55:23", "elapsed": 163435.539069, "delta": 36.545285}}
{"target": -1.0, "params": {"Bgrad": 0.8615491149137084, "d1": -1.701372007253819, "d2": 0.5455031051086618, "d3": -2.809777463144765, "d4": -2.9736008623878134, "p1": 0.9492553998909636, "p2": 34.107848507250196, "p3": 15.524961226577982, "p4": 11.001148554109651, "pol1": -0.348227542326208, "pol2": -0.20061189895846043, "pol3": -0.5537659785859057, "pol4": -0.26655894446409745, "v0s": 5.420986353206536}, "datetime": {"datetime": "2022-04-30 12:56:44", "elapsed": 163517.257568, "delta": 81.718499}}
{"target": 4.976915430399191, "params": {"Bgrad": 1.6819868357496663, "d1": -2.2301410250627325, "d2": 0.322928468970552, "d3": -2.3841715543099706, "d4": -1.3308169785837638, "p1": 39.719243900680674, "p2": 23.290400722842882, "p3": 42.63933285346686, "p4": 49.19494951065915, "pol1": -0.6706526640412702, "pol2": -0.357455885560558, "pol3": -0.27287528616723794, "pol4": 0.2873267428783821, "v0s": 4.976915430399191}, "datetime": {"datetime": "2022-04-30 12:57:44", "elapsed": 163577.521434, "delta": 60.263866}}
{"target": 3.686477051422363, "params": {"Bgrad": 1.5884771323517344, "d1": -1.855354316663123, "d2": 0.16257159271488125, "d3": -0.7369854259412518, "d4": 0.1257775653739686, "p1": 22.74795076165037, "p2": 24.11442397862041, "p3": 10.241745875148295, "p4": 31.851619898261426, "pol1": -0.639297702249992, "pol2": -0.3195539190846826, "pol3": 0.3670069831867193, "pol4": 0.4710027229864901, "v0s": 3.686477051422363}, "datetime": {"datetime": "2022-04-30 12:58:21", "elapsed": 163613.682745, "delta": 36.161311}}
