{"target": -1.0, "params": {"Bgrad": 1.6451035086258243, "d1": 0.842548728578786, "d2": -1.757504802785303, "d3": -0.17318555117526158, "d4": -1.3211689620353995, "p1": 7.672208352872195, "p2": 26.659895068750565, "p3": 17.635828655171647, "p4": 14.712750403772667, "pol1": -0.9545558563285506, "pol2": 0.7824074344246383, "pol3": -0.8991554154135137, "pol4": 0.40722571409046293, "v0s": 6.271194493832555}, "datetime": {"datetime": "2022-06-15 23:21:04", "elapsed": 249511.089213, "delta": 15.898506}}
{"target": -1.0, "params": {"Bgrad": 0.6813379570792351, "d1": -1.7717185480815947, "d2": -0.920068783605998, "d3": 0.2387185217541341, "d4": 0.6050278323992915, "p1": 2.295918807545311, "p2": 28.419809035679133, "p3": 42.55177685054923, "p4": 8.990326258189052, "pol1": -0.6509568131825254, "pol2": -0.3011247270420918, "pol3": -0.5023508033524993, "pol4": -0.543488062724454, "v0s": 3.386394834672914}, "datetime": {"datetime": "2022-06-15 23:21:23", "elapsed": 249530.979051, "delta": 19.889838}}
{"target": -1.0, "params": {"Bgrad": 1.0738098725428744, "d1": -0.5272064754520733, "d2": -0.8979848846606222, "d3": -2.4129047551966, "d4": -0.670770652643446, "p1": 19.340585374763997, "p2": 1.571764829914174, "p3": 19.04367019906013, "p4": 5.235402995120358, "pol1": 0.0797429933396101, "pol2": 0.9851740611657438, "pol3": 0.4216399929581729, "pol4": 0.919237004353548, "v0s": 2.2770102807693124}, "datetime": {"datetime": "2022-06-15 23:21:33", "elapsed": 249540.9873, "delta": 10.008249}}
{"target": -1.0, "params": {"Bgrad": 0.910439901689412, "d1": -0.47178568711424607, "d2": -0.6361565666097473, "d3": -0.5090664657966899, "d4": 0.29790513909290217, "p1": 41.38291398319707, "p2": 39.76362050657179, "p3": 8.882839587217434, "p4": 31.986998570543534, "pol1": 0.6176575112661633, "pol2": 0.0065684536142509575, "pol3": -0.4785733337635443, "pol4": -0.0018081064112058787, "v0s": 4.270349211457688}, "datetime": {"datetime": "2022-06-15 23:21:52", "elapsed": 249560.058327, "delta": 19.071027}}
{"target": -1.0, "params": {"Bgrad": 1.8365690188253874, "d1": -1.820168199251336, "d2": -1.0550834907796167, "d3": 0.25340074907505583, "d4": -0.693430278108603, "p1": 31.468717724715813, "p2": 18.05056073828741, "p3": 47.2447830270869, "p4": 17.738446823880295, "pol1": 0.8253958247513866, "pol2": 0.7594709580050878, "pol3": 0.16826752947110446, "pol4": -0.19432356952223273, "v0s": 4.4681877099721445}, "datetime": {"datetime": "2022-06-15 23:22:11", "elapsed": 249578.214798, "delta": 18.156471}}
{"target": -1.0, "params": {"Bgrad": 1.5794489310950985, "d1": -1.5651658374903192, "d2": -2.6798692327509963, "d3": 0.7843805910667436, "d4": -1.9255385197716257, "p1": 2.4813175266400753, "p2": 36.58471370622093, "p3": 45.913334811154726, "p4": 43.938245730087914, "pol1": 0.8540448485858247, "pol2": 0.8668753506547209, "pol3": 0.8111364661437033, "pol4": 0.7921893362714403, "v0s": 7.540750676694927}, "datetime": {"datetime": "2022-06-15 23:22:28", "elapsed": 249595.29315, "delta": 17.078352}}
{"target": -1.0, "params": {"Bgrad": 1.6300657426144538, "d1": -1.6277428838744474, "d2": -2.960784456476003, "d3": -1.6610086942987299, "d4": -0.36246560870521227, "p1": 17.264791537844438, "p2": 42.20791151419446, "p3": 8.842938615001572, "p4": 19.24863839707087, "pol1": -0.8567631333786709, "pol2": 0.6028639504944084, "pol3": -0.9932251773515528, "pol4": -0.3106380664393307, "v0s": 3.630843194346302}, "datetime": {"datetime": "2022-06-15 23:22:46", "elapsed": 249613.095568, "delta": 17.802418}}
{"target": -1.0, "params": {"Bgrad": 0.554597858956136, "d1": 0.9584281084917721, "d2": -1.9549889242080174, "d3": -1.7583274109765643, "d4": -2.901493279062657, "p1": 14.709549800106814, "p2": 2.0735017233030284, "p3": 25.293263713665276, "p4": 21.8710802206311, "pol1": 0.450834966080798, "pol2": -0.7101231336748395, "pol3": -0.5506263976349142, "pol4": 0.6974592958169687, "v0s": 7.600278214512009}, "datetime": {"datetime": "2022-06-15 23:22:55", "elapsed": 249623.041982, "delta": 9.946414}}
{"target": -1.0, "params": {"Bgrad": 1.4790531109595526, "d1": -0.5143313806047276, "d2": -0.050056408125398466, "d3": -1.6502886892820707, "d4": -1.3926133219173282, "p1": 47.64378618707619, "p2": 48.63256608542888, "p3": 32.97293574289099, "p4": 49.63610206149609, "pol1": 0.10986008055022967, "pol2": -0.8962933646156079, "pol3": -0.951483151460228, "pol4": -0.11683201414130862, "v0s": 5.112843544036434}, "datetime": {"datetime": "2022-06-15 23:23:14", "elapsed": 249641.336086, "delta": 18.294104}}
{"target": -1.0, "params": {"Bgrad": 1.3874681170079066, "d1": -2.773751751835882, "d2": -1.267079912573696, "d3": -0.5655240415902187, "d4": -0.5624849662903557, "p1": 4.378975690142778, "p2": 1.6397502488096904, "p3": 34.124966381010516, "p4": 44.21633846419172, "pol1": 0.24961038525241075, "pol2": -0.974132617390054, "pol3": -0.5291164836088031, "pol4": 0.12915458510848699, "v0s": 6.725052110965428}, "datetime": {"datetime": "2022-06-15 23:23:33", "elapsed": 249660.923731, "delta": 19.587645}}
{"target": -1.0, "params": {"Bgrad": 1.0525302592696437, "d1": -0.054338762344969815, "d2": -2.04560130392047, "d3": 0.2994360032887857, "d4": -2.532142805342174, "p1": 8.63921216207349, "p2": 3.5881524898013604, "p3": 49.08330444204369, "p4": 6.392295246047413, "pol1": 0.3905354116268156, "pol2": 0.473044079760774, "pol3": -0.3175516735326869, "pol4": 0.4708001446539214, "v0s": 6.8652636498861135}, "datetime": {"datetime": "2022-06-15 23:23:53", "elapsed": 249680.987105, "delta": 20.063374}}
{"target": -1.0, "params": {"Bgrad": 1.7263352425609981, "d1": -0.8432164768197854, "d2": 0.7493257264319118, "d3": -2.04551919563888, "d4": -0.18475160811813351, "p1": 46.270126231109344, "p2": 38.74927053161686, "p3": 23.299600399311327, "p4": 6.726849601130885, "pol1": -0.8607366525453777, "pol2": 0.37966294284259394, "pol3": -0.14429554099144748, "pol4": -0.9382773076306503, "v0s": 6.467172232618419}, "datetime": {"datetime": "2022-06-15 23:24:11", "elapsed": 249698.717714, "delta": 17.730609}}
{"target": -1.0, "params": {"Bgrad": 0.5600709607808958, "d1": -1.9406142927045735, "d2": -0.5443153235157072, "d3": -2.8698668547881074, "d4": -1.841334255308031, "p1": 10.998451857983982, "p2": 30.03073244944042, "p3": 0.6725278596173223, "p4": 48.238755665519506, "pol1": -0.9386864863451359, "pol2": -0.6006319049076532, "pol3": -0.8569443470960691, "pol4": 0.17158651966688354, "v0s": 6.156560354686956}, "datetime": {"datetime": "2022-06-15 23:24:22", "elapsed": 249709.589655, "delta": 10.871941}}
{"target": -1.0, "params": {"Bgrad": 1.6003698212154782, "d1": -0.6781529595036773, "d2": -0.455440318874786, "d3": -0.23627449554226043, "d4": -1.1016868125318178, "p1": 42.34256982814576, "p2": 28.320030560446135, "p3": 11.220745722937126, "p4": 37.46706817237934, "pol1": 0.8671774200812192, "pol2": -0.43228190924263443, "pol3": -0.8286436694173722, "pol4": -0.3278518000342596, "v0s": 4.818102323505599}, "datetime": {"datetime": "2022-06-15 23:24:38", "elapsed": 249725.17799, "delta": 15.588335}}
{"target": -1.0, "params": {"Bgrad": 1.070409987223114, "d1": -2.049257166568061, "d2": -0.9602276838569845, "d3": -2.3665339804322993, "d4": -0.42749626774769034, "p1": 13.48523170662696, "p2": 27.185833142416076, "p3": 0.577252096919223, "p4": 33.42601246094286, "pol1": 0.008651069507394915, "pol2": 0.8920460416994753, "pol3": -0.47499934789969944, "pol4": 0.011851205595764691, "v0s": 6.880224391958177}, "datetime": {"datetime": "2022-06-15 23:25:01", "elapsed": 249748.700119, "delta": 23.522129}}
{"target": -1.0, "params": {"Bgrad": 0.8076164928884481, "d1": -1.5861524850256097, "d2": 0.5260659953396831, "d3": -0.8097400922012858, "d4": -1.5030058369196206, "p1": 41.82924796682823, "p2": 44.06453669863706, "p3": 0.6269055842865634, "p4": 39.78153426770249, "pol1": -0.2558341790576053, "pol2": -0.28932487047859134, "pol3": 0.23032400260820607, "pol4": -0.36623681976135947, "v0s": 5.776535474497405}, "datetime": {"datetime": "2022-06-15 23:25:15", "elapsed": 249762.784475, "delta": 14.084356}}
{"target": -1.0, "params": {"Bgrad": 1.6826341048599476, "d1": -0.8043589590374194, "d2": -1.5835176297053906, "d3": -1.2634436689075557, "d4": 0.23106621977193154, "p1": 6.815795834579791, "p2": 33.85892114612895, "p3": 39.81177582372719, "p4": 18.417924033093534, "pol1": 0.38341632748393795, "pol2": 0.5517590457151718, "pol3": 0.8625751171958347, "pol4": -0.20821931430129603, "v0s": 6.482184099455593}, "datetime": {"datetime": "2022-06-15 23:25:32", "elapsed": 249779.904715, "delta": 17.12024}}
{"target": -1.0, "params": {"Bgrad": 1.8844045444788946, "d1": 0.39174097464923197, "d2": -1.3214375397572682, "d3": -1.4221622262293638, "d4": -0.046315533419278854, "p1": 7.420361822308363, "p2": 14.839663478532438, "p3": 2.7272601574695132, "p4": 34.041444028654375, "pol1": 0.6639654722640322, "pol2": -0.10867549136468035, "pol3": 0.035837839613179545, "pol4": -0.3103381231980278, "v0s": 7.214028527992463}, "datetime": {"datetime": "2022-06-15 23:25:53", "elapsed": 249800.494681, "delta": 20.589966}}
{"target": -1.0, "params": {"Bgrad": 1.9841725499638172, "d1": -1.5783457237324363, "d2": -2.5859646448442795, "d3": -0.37420934872185274, "d4": 0.17802312789672037, "p1": 0.986556923129378, "p2": 37.284867632785385, "p3": 16.104314235719592, "p4": 6.875212894588651, "pol1": -0.21767014985915445, "pol2": 0.8888714556061852, "pol3": 0.884201272956066, "pol4": 0.9208641180024597, "v0s": 4.977294949109747}, "datetime": {"datetime": "2022-06-15 23:26:10", "elapsed": 249817.17011, "delta": 16.675429}}
{"target": -1.0, "params": {"Bgrad": 1.0607685308376846, "d1": -2.507151390665135, "d2": -2.378371819151923, "d3": -1.458060274735836, "d4": 0.5812064065267499, "p1": 30.25601623665336, "p2": 37.94474471157632, "p3": 3.8033059178977426, "p4": 19.116236130505943, "pol1": -0.12144172807339437, "pol2": 0.0026511553254839892, "pol3": -0.42393599350670996, "pol4": 0.9405180488461271, "v0s": 4.419763859656221}, "datetime": {"datetime": "2022-06-15 23:26:28", "elapsed": 249835.669664, "delta": 18.499554}}
{"target": -1.0, "params": {"Bgrad": 1.5302015116333023, "d1": -2.3666770398850825, "d2": 0.8954708673392031, "d3": 0.9286917251715492, "d4": 0.5615812156837889, "p1": 31.988205106167626, "p2": 26.246602192478502, "p3": 28.43280290696228, "p4": 44.81620567219112, "pol1": 0.14155852338344221, "pol2": -0.43319569604451735, "pol3": -0.6273093728864862, "pol4": -0.12332355961927854, "v0s": 7.751126225405516}, "datetime": {"datetime": "2022-06-15 23:26:48", "elapsed": 249855.614357, "delta": 19.944693}}
{"target": -1.0, "params": {"Bgrad": 1.6307020427248302, "d1": 0.8537508885815299, "d2": -0.18435579720806983, "d3": 0.32624141979982557, "d4": -2.155620410482722, "p1": 3.3601023155323597, "p2": 37.36537146527266, "p3": 20.543448315283282, "p4": 42.723011602390095, "pol1": -0.29557193851970776, "pol2": 0.5240058108790855, "pol3": -0.0038063879389418354, "pol4": -0.6624505487704277, "v0s": 3.998480679812567}, "datetime": {"datetime": "2022-06-15 23:27:07", "elapsed": 249874.942694, "delta": 19.328337}}
{"target": -1.0, "params": {"Bgrad": 1.205150440899197, "d1": -0.8496255571115521, "d2": -0.23753179829699356, "d3": 0.050833993474729944, "d4": -2.2852420745939503, "p1": 20.3584929149064, "p2": 45.57673286675835, "p3": 21.853413161387287, "p4": 21.36090829689317, "pol1": 0.9600560861866552, "pol2": -0.14958218346648988, "pol3": 0.04548396964935897, "pol4": -0.9374430110019696, "v0s": 7.79214985175965}, "datetime": {"datetime": "2022-06-15 23:27:22", "elapsed": 249889.620463, "delta": 14.677769}}
{"target": -1.0, "params": {"Bgrad": 1.3129173339154, "d1": 0.4107189926412511, "d2": -1.4948087634782454, "d3": 0.9475459105778725, "d4": -1.5764872900048545, "p1": 43.78425392068907, "p2": 18.29681721484401, "p3": 45.542339699627554, "p4": 30.37949136782942, "pol1": 0.2272097532931674, "pol2": -0.10575799294235555, "pol3": 0.617412920720305, "pol4": 0.6717754232442392, "v0s": 3.9213240594630223}, "datetime": {"datetime": "2022-06-15 23:27:44", "elapsed": 249911.682495, "delta": 22.062032}}
{"target": -1.0, "params": {"Bgrad": 0.5430933967269149, "d1": 0.36352986695805534, "d2": -0.33413910811932235, "d3": -1.364032861497908, "d4": 0.0213928768867353, "p1": 36.994152071107344, "p2": 0.867485967106868, "p3": 44.639536160650785, "p4": 4.781440793626757, "pol1": 0.8595590192878051, "pol2": 0.9151971909030545, "pol3": 0.1122505356338428, "pol4": 0.34569339872224236, "v0s": 2.1569585992467886}, "datetime": {"datetime": "2022-06-15 23:27:55", "elapsed": 249922.962347, "delta": 11.279852}}
{"target": -1.0, "params": {"Bgrad": 1.009454528645106, "d1": -0.5636286427684571, "d2": -2.872735320769068, "d3": -1.0964993392315328, "d4": -0.25097675285162735, "p1": 6.581665505693729, "p2": 13.523937878420966, "p3": 4.93471445643705, "p4": 7.472151856597343, "pol1": 0.03241272730791578, "pol2": 0.021362903280486067, "pol3": 0.3586543603145398, "pol4": 0.6973552933136562, "v0s": 7.810559243784078}, "datetime": {"datetime": "2022-06-15 23:28:13", "elapsed": 249940.644085, "delta": 17.681738}}
{"target": -1.0, "params": {"Bgrad": 1.548888089024415, "d1": -1.4660025499612925, "d2": -0.5834664696535059, "d3": -0.4672080142040813, "d4": -1.7459068875031356, "p1": 26.997227702541544, "p2": 13.23149913965101, "p3": 38.02021887430691, "p4": 34.27948648436581, "pol1": -0.191783258137183, "pol2": -0.535477691185591, "pol3": 0.06351793871953726, "pol4": 0.35711762798449387, "v0s": 4.398284427658076}, "datetime": {"datetime": "2022-06-15 23:28:30", "elapsed": 249957.897969, "delta": 17.253884}}
{"target": 3.5468874346161954, "params": {"Bgrad": 1.1546884630370766, "d1": -0.6397333659729352, "d2": 0.606845319184834, "d3": -1.3982469253008865, "d4": -2.778535803119219, "p1": 0.7968900187810213, "p2": 24.32757942880554, "p3": 30.986213433189107, "p4": 3.679852919464249, "pol1": 0.8114000170642623, "pol2": -0.0349862578910769, "pol3": -0.4001554597004042, "pol4": 0.3958208065605564, "v0s": 3.5468874346161954}, "datetime": {"datetime": "2022-06-15 23:28:39", "elapsed": 249966.217731, "delta": 8.319762}}
{"target": -1.0, "params": {"Bgrad": 1.6205401317457124, "d1": -1.2470544411419846, "d2": -2.9158659071632904, "d3": -2.6768597717990223, "d4": -1.0354900144740764, "p1": 1.2269511009497247, "p2": 46.616343720958184, "p3": 11.819597585343939, "p4": 28.094461312175195, "pol1": 0.18164771384932332, "pol2": -0.5085482887797816, "pol3": 0.15825508884113892, "pol4": -0.14782295968574322, "v0s": 5.503644469318765}, "datetime": {"datetime": "2022-06-15 23:28:53", "elapsed": 249980.339986, "delta": 14.122255}}
{"target": -1.0, "params": {"Bgrad": 1.158801938955549, "d1": -2.7264703151993213, "d2": -0.6264463699142766, "d3": -1.3679719604650118, "d4": -1.7987478252968447, "p1": 30.504247956805813, "p2": 0.7620183614889253, "p3": 9.649135805545017, "p4": 39.04600766732961, "pol1": -0.5088662962710855, "pol2": -0.1969279226400078, "pol3": -0.21612852877679511, "pol4": 0.047645902817399444, "v0s": 6.465793441321534}, "datetime": {"datetime": "2022-06-15 23:29:10", "elapsed": 249997.450252, "delta": 17.110266}}
{"target": -1.0, "params": {"Bgrad": 1.3776880100039803, "d1": -1.5635761672812132, "d2": -2.7009187349153545, "d3": -1.6324206257444671, "d4": 0.7884322438039661, "p1": 5.796270973418122, "p2": 20.960309267621597, "p3": 5.616109493553373, "p4": 32.13226382655863, "pol1": 0.4636622318551207, "pol2": 0.45771305196360856, "pol3": 0.6955619899197116, "pol4": 0.976721468969435, "v0s": 4.964962489928606}, "datetime": {"datetime": "2022-06-15 23:29:25", "elapsed": 250012.895968, "delta": 15.445716}}
{"target": -1.0, "params": {"Bgrad": 1.78549317325359, "d1": 0.0686600018416601, "d2": -0.9541678530646065, "d3": -1.045982737761137, "d4": -1.4874282558084793, "p1": 4.742883343538562, "p2": 37.59529625567492, "p3": 40.60016451684971, "p4": 19.8234780557265, "pol1": 0.24983398260210854, "pol2": -0.07453396512234955, "pol3": 0.5464345489626488, "pol4": 0.3123208909604558, "v0s": 5.8411525153753034}, "datetime": {"datetime": "2022-06-15 23:29:42", "elapsed": 250029.729974, "delta": 16.834006}}
{"target": -1.0, "params": {"Bgrad": 1.6539745595909743, "d1": 0.13597066363627075, "d2": -0.6137332779133113, "d3": 0.3745484048474914, "d4": -2.5493161901428074, "p1": 11.943096639519302, "p2": 33.94093657573241, "p3": 45.95975666975508, "p4": 26.896049819018998, "pol1": 0.9183518330868274, "pol2": 0.1541491668054069, "pol3": 0.7142048421111984, "pol4": -0.015499326905330957, "v0s": 6.057812250285256}, "datetime": {"datetime": "2022-06-15 23:29:59", "elapsed": 250046.903073, "delta": 17.173099}}
{"target": -1.0, "params": {"Bgrad": 1.461957080917117, "d1": -0.1735970769103221, "d2": 0.9882383649995639, "d3": -1.9350450814701792, "d4": 0.45283257198021687, "p1": 4.1303588105688345, "p2": 7.73240442339434, "p3": 11.290489198307846, "p4": 38.50792805959902, "pol1": -0.45666945965316286, "pol2": 0.33247374423795373, "pol3": 0.134415510876029, "pol4": -0.5798164499263738, "v0s": 7.295403153256842}, "datetime": {"datetime": "2022-06-15 23:30:15", "elapsed": 250062.567206, "delta": 15.664133}}
{"target": -1.0, "params": {"Bgrad": 1.4313252467184632, "d1": -2.68754623283076, "d2": 0.35321441538751186, "d3": -1.5689306758105142, "d4": -2.2772265899893664, "p1": 13.435903607621164, "p2": 46.01283152390576, "p3": 17.554763678021324, "p4": 11.931243351694881, "pol1": -0.6690690411154725, "pol2": -0.40016006990422115, "pol3": 0.8802811354343443, "pol4": -0.42527822812568616, "v0s": 5.516532203305772}, "datetime": {"datetime": "2022-06-15 23:30:36", "elapsed": 250083.379578, "delta": 20.812372}}
{"target": 2.8157396520873363, "params": {"Bgrad": 1.7422618493526056, "d1": -2.8082073549332645, "d2": -1.3647325078781107, "d3": -1.2719704869779203, "d4": 0.7637069687623228, "p1": 13.240080174543994, "p2": 46.619458242346845, "p3": 7.8237725390640005, "p4": 32.49593808185861, "pol1": 0.19227568063145872, "pol2": 0.6993263453621319, "pol3": 0.45568131510793886, "pol4": -0.45885986123964084, "v0s": 2.8157396520873363}, "datetime": {"datetime": "2022-06-15 23:30:47", "elapsed": 250094.858895, "delta": 11.479317}}
{"target": -1.0, "params": {"Bgrad": 0.5583761958058511, "d1": 0.36671171239211375, "d2": -1.5065729309567288, "d3": 0.602071458501896, "d4": 0.23197970151053138, "p1": 23.295071947018357, "p2": 37.389772275130476, "p3": 10.507940950976824, "p4": 7.723222946290109, "pol1": 0.9075611984513483, "pol2": 0.7133886450797882, "pol3": 0.48111856593709224, "pol4": 0.07837409505968229, "v0s": 2.319295273397512}, "datetime": {"datetime": "2022-06-15 23:31:01", "elapsed": 250108.551298, "delta": 13.692403}}
{"target": 3.6096227921525497, "params": {"Bgrad": 0.5655595675166125, "d1": -0.05014078202638572, "d2": -0.1088010629077254, "d3": -1.9725055464396366, "d4": -1.6624415271728767, "p1": 9.243499788235788, "p2": 35.69873385779018, "p3": 32.87844697391962, "p4": 8.806327658263374, "pol1": -0.7944471220069949, "pol2": -0.2414251692845515, "pol3": -0.4732326819348567, "pol4": -0.2887332372147575, "v0s": 3.6096227921525497}, "datetime": {"datetime": "2022-06-15 23:31:08", "elapsed": 250115.398995, "delta": 6.847697}}
{"target": -1.0, "params": {"Bgrad": 0.7349494629928994, "d1": 0.16324412339755323, "d2": -2.0301572650028734, "d3": -1.0356441174097455, "d4": -0.9198286837442393, "p1": 44.96970150745751, "p2": 48.79059892822639, "p3": 3.688245483231045, "p4": 21.72415663394125, "pol1": -0.4466153889994373, "pol2": -0.8907496690720151, "pol3": 0.31237694200160826, "pol4": 0.6138193179863585, "v0s": 4.161888028171837}, "datetime": {"datetime": "2022-06-15 23:31:20", "elapsed": 250127.297193, "delta": 11.898198}}
{"target": -1.0, "params": {"Bgrad": 1.2747911880112675, "d1": -0.9722737684401785, "d2": -0.8732960999976691, "d3": -0.49830976242728964, "d4": -2.2378286679048602, "p1": 28.194972831782568, "p2": 32.92589722815826, "p3": 15.34541754507585, "p4": 31.475704675241477, "pol1": 0.3009866203448688, "pol2": 0.05094691538599361, "pol3": -0.8743484444265124, "pol4": 0.6323491027577779, "v0s": 3.896152790938669}, "datetime": {"datetime": "2022-06-15 23:31:44", "elapsed": 250151.398774, "delta": 24.101581}}
{"target": -1.0, "params": {"Bgrad": 1.9407034842207376, "d1": -2.3323012669094325, "d2": -0.9693313008550462, "d3": -1.863886090709165, "d4": -2.5309867414966125, "p1": 45.90180340183608, "p2": 11.72543828689377, "p3": 17.735861635707632, "p4": 43.89703404484283, "pol1": -0.911026634574807, "pol2": 0.744930284657858, "pol3": -0.798090745530659, "pol4": -0.7539821071843482, "v0s": 4.484603297713954}, "datetime": {"datetime": "2022-06-15 23:32:06", "elapsed": 250173.774967, "delta": 22.376193}}
{"target": -1.0, "params": {"Bgrad": 0.6974696532986348, "d1": 0.9850314493703922, "d2": -0.8749420674853114, "d3": -2.1655810892934606, "d4": -2.6460801708016546, "p1": 24.241917978772783, "p2": 24.106919028056666, "p3": 18.70855923152041, "p4": 19.985596684545847, "pol1": -0.8301600092675561, "pol2": -0.33222715129914415, "pol3": 0.915844825766498, "pol4": 0.9618013357671855, "v0s": 7.016153120006935}, "datetime": {"datetime": "2022-06-15 23:32:18", "elapsed": 250185.360998, "delta": 11.586031}}
{"target": -1.0, "params": {"Bgrad": 1.1925260673793938, "d1": -2.191561146532501, "d2": -1.4976207177658596, "d3": 0.48738722136305146, "d4": -2.4964926241835856, "p1": 19.770618728600486, "p2": 22.533715292550376, "p3": 48.61042420478719, "p4": 34.41757647878717, "pol1": 0.8188052228196803, "pol2": -0.6874987772321697, "pol3": -0.6432763853782819, "pol4": 0.6744780829647883, "v0s": 4.925538588696143}, "datetime": {"datetime": "2022-06-15 23:32:37", "elapsed": 250204.8529, "delta": 19.491902}}
