{"target": -1.0, "params": {"Bgrad": 0.7709205475910218, "d1": -2.2042052092469064, "d2": 0.26747154039329013, "d3": 0.8717294374304974, "d4": -1.0423714733568934, "p1": 39.74722190470903, "p2": 43.464498202208716, "p3": 43.109339730365434, "p4": 42.1327331665521, "pol1": -0.9662245379376264, "pol2": 0.7447812932194, "pol3": -0.6071233144132699, "pol4": 0.18287856486752152, "v0s": 5.586761681365303}, "datetime": {"datetime": "2022-04-28 17:54:29", "elapsed": 8582.258351, "delta": 8.644886}}
{"target": -1.0, "params": {"Bgrad": 1.290537593689154, "d1": -1.187361056185007, "d2": -2.580935870549761, "d3": -2.858064387074741, "d4": -0.16191097322103332, "p1": 36.4871500477457, "p2": 9.750501392678256, "p3": 36.04165146391768, "p4": 11.883261745894751, "pol1": 0.6457522941119074, "pol2": -0.45843978757479875, "pol3": 0.7573912622648149, "pol4": -0.601001361469881, "v0s": 4.075576711534684}, "datetime": {"datetime": "2022-04-28 17:54:42", "elapsed": 8594.825747, "delta": 12.567396}}
{"target": -1.0, "params": {"Bgrad": 0.7002590806125275, "d1": -2.47783941962321, "d2": -1.381827392061974, "d3": -2.854239832410631, "d4": -1.9908986474780659, "p1": 21.945133206060575, "p2": 18.543525333223172, "p3": 6.798799435726588, "p4": 48.99107396056439, "pol1": -0.3390109702298536, "pol2": -0.8622334374697629, "pol3": 0.04607812848150439, "pol4": -0.7134327419514364, "v0s": 2.840266153351371}, "datetime": {"datetime": "2022-04-28 17:54:47", "elapsed": 8599.999912, "delta": 5.174165}}
{"target": -1.0, "params": {"Bgrad": 0.7611447493670228, "d1": 0.6316598459023584, "d2": -2.5947674778155636, "d3": -2.328910231879853, "d4": -1.8899475193765234, "p1": 34.44159211438767, "p2": 34.8821328325794, "p3": 37.8033663556271, "p4": 24.237883906323397, "pol1": -0.8980841291131978, "pol2": 0.5598168206809402, "pol3": -0.24369292735919834, "pol4": -0.9811790037769137, "v0s": 4.430841407931844}, "datetime": {"datetime": "2022-04-28 17:54:55", "elapsed": 8607.8958, "delta": 7.895888}}
{"target": -1.0, "params": {"Bgrad": 0.8155738205346954, "d1": 0.31681886750955446, "d2": -2.953591595040397, "d3": -0.12672092379655453, "d4": 0.2137370239690064, "p1": 2.0675204542758507, "p2": 49.66745138021294, "p3": 2.4664889467452102, "p4": 29.91507892280456, "pol1": 0.6436108944180765, "pol2": -0.4157656745637628, "pol3": -0.34976401915667354, "pol4": 0.7731364186412197, "v0s": 6.037587172812376}, "datetime": {"datetime": "2022-04-28 17:55:03", "elapsed": 8615.920344, "delta": 8.024544}}
{"target": -1.0, "params": {"Bgrad": 1.1421986425828208, "d1": -1.0527081188324878, "d2": -0.9621323481140864, "d3": -0.3336539759259143, "d4": 0.5759034788483834, "p1": 10.28753544102184, "p2": 7.0017959473994305, "p3": 15.393134729189834, "p4": 40.40221483890437, "pol1": -0.39254436073986576, "pol2": 0.7257967490624702, "pol3": 0.18432355080817397, "pol4": 0.6809179029782633, "v0s": 4.851112896453966}, "datetime": {"datetime": "2022-04-28 17:55:15", "elapsed": 8628.497714, "delta": 12.57737}}
{"target": -1.0, "params": {"Bgrad": 1.8315444078018315, "d1": 0.6230275482088947, "d2": -1.2138366929397422, "d3": -1.3230755228911022, "d4": -0.13491774588754035, "p1": 27.317258693762025, "p2": 8.787339688264383, "p3": 36.00058067802916, "p4": 16.7550367677898, "pol1": 0.7243340375524561, "pol2": -0.819649683145635, "pol3": 0.5387839286757361, "pol4": -0.018508362542779766, "v0s": 4.742232489894654}, "datetime": {"datetime": "2022-04-28 17:55:29", "elapsed": 8641.539842, "delta": 13.042128}}
{"target": -1.0, "params": {"Bgrad": 1.2547832978216331, "d1": 0.3054820422136997, "d2": -0.2613226250874199, "d3": -1.3500408035382025, "d4": 0.33718661572805786, "p1": 26.677166436916412, "p2": 30.441470777510094, "p3": 46.7390515011134, "p4": 5.121717242501034, "pol1": -0.05853371769963456, "pol2": 0.02366506304221705, "pol3": 0.23961844441691071, "pol4": -0.8041834026682235, "v0s": 5.925538225811916}, "datetime": {"datetime": "2022-04-28 17:55:39", "elapsed": 8652.407783, "delta": 10.867941}}
{"target": -1.0, "params": {"Bgrad": 1.2375818211292537, "d1": -0.14261173970988406, "d2": -0.35676951549920144, "d3": -2.7818652600095786, "d4": -2.510895087130832, "p1": 36.43474736686817, "p2": 33.67099938371829, "p3": 44.25651327702681, "p4": 45.81490148209728, "pol1": -0.19369250074274347, "pol2": 0.7169157128060661, "pol3": -0.7203412850708195, "pol4": 0.34058580762855195, "v0s": 5.619553485798885}, "datetime": {"datetime": "2022-04-28 17:55:50", "elapsed": 8663.251788, "delta": 10.844005}}
{"target": -1.0, "params": {"Bgrad": 0.8002317848883695, "d1": 0.8151962482687742, "d2": 0.0401821783143097, "d3": -0.863324841169006, "d4": -1.111937848688993, "p1": 17.44335373818541, "p2": 33.531855229262916, "p3": 6.571244005052135, "p4": 33.62931408691078, "pol1": 0.5484176086451664, "pol2": 0.07185481118280723, "pol3": 0.0031442006381492416, "pol4": -0.8411258038766585, "v0s": 2.7465458567878214}, "datetime": {"datetime": "2022-04-28 17:55:56", "elapsed": 8668.814913, "delta": 5.563125}}
{"target": -1.0, "params": {"Bgrad": 1.7034769157262077, "d1": -1.542604106230641, "d2": -0.7389696878537118, "d3": -0.456808252002852, "d4": -2.628101053195246, "p1": 25.568837706040664, "p2": 28.865393658040528, "p3": 42.13610141798959, "p4": 15.017746244175523, "pol1": -0.13614914723294524, "pol2": -0.8336828451037728, "pol3": 0.19797868167246802, "pol4": -0.1953133518570631, "v0s": 4.78741997032498}, "datetime": {"datetime": "2022-04-28 17:56:10", "elapsed": 8682.931169, "delta": 14.116256}}
{"target": 4.38850182288532, "params": {"Bgrad": 1.6398530194668655, "d1": -1.9469905581186078, "d2": -1.8078522984209746, "d3": -0.15797547374287202, "d4": -2.9533883630407067, "p1": 2.214949405359695, "p2": 13.425592556244471, "p3": 37.47600068750888, "p4": 44.45076179580727, "pol1": -0.356340065123403, "pol2": -0.5078122277091188, "pol3": -0.16833846944439634, "pol4": 0.8497596923237407, "v0s": 4.38850182288532}, "datetime": {"datetime": "2022-04-28 17:56:20", "elapsed": 8692.825713, "delta": 9.894544}}
{"target": 3.5292012360821055, "params": {"Bgrad": 1.9223626560505402, "d1": -1.3407409621236037, "d2": -0.570889637703599, "d3": 0.8639648849582149, "d4": -1.9190935273429561, "p1": 22.596939624025847, "p2": 26.374619628144387, "p3": 1.3215857901211492, "p4": 46.00533286992046, "pol1": -0.32428821343725445, "pol2": 0.7266936323080546, "pol3": 0.32496526548590277, "pol4": 0.2784935857915314, "v0s": 3.5292012360821055}, "datetime": {"datetime": "2022-04-28 17:56:29", "elapsed": 8702.289408, "delta": 9.463695}}
{"target": -1.0, "params": {"Bgrad": 1.9559486449894286, "d1": -0.3199283135541604, "d2": -0.002538960822878522, "d3": -2.8265050164460637, "d4": -1.6590687781454108, "p1": 23.152891690524985, "p2": 24.556609420247643, "p3": 16.92044371919926, "p4": 5.603243650915579, "pol1": -0.1575485002832846, "pol2": 0.8965028083985502, "pol3": 0.7973547746178669, "pol4": 0.5719004576615314, "v0s": 5.2012031101775165}, "datetime": {"datetime": "2022-04-28 17:56:45", "elapsed": 8717.97048, "delta": 15.681072}}
{"target": -1.0, "params": {"Bgrad": 0.7646131400718852, "d1": 0.6054015542284077, "d2": -1.5514780964499764, "d3": -0.7691250922262456, "d4": 0.12243868244980938, "p1": 48.4641994005628, "p2": 42.06606647852828, "p3": 11.885518535361772, "p4": 21.34802606139089, "pol1": -0.8101594701302188, "pol2": 0.20562133003341332, "pol3": -0.4035768942669731, "pol4": 0.45181322290295767, "v0s": 6.01213180030005}, "datetime": {"datetime": "2022-04-28 17:56:53", "elapsed": 8725.61903, "delta": 7.64855}}
{"target": -1.0, "params": {"Bgrad": 1.4584369294767825, "d1": -2.3604369783403825, "d2": -1.9922244293128806, "d3": -0.5391673331740776, "d4": -1.9681831232791853, "p1": 7.132727356161583, "p2": 45.37910642990321, "p3": 31.83715028239587, "p4": 14.38256177982603, "pol1": 0.42288217735062306, "pol2": 0.5704610111798547, "pol3": -0.3792322443839482, "pol4": 0.38866631023766884, "v0s": 3.6283557836251275}, "datetime": {"datetime": "2022-04-28 17:57:07", "elapsed": 8740.492261, "delta": 14.873231}}
{"target": -1.0, "params": {"Bgrad": 1.4542161673373215, "d1": 0.33853420027166425, "d2": 0.4748388396625054, "d3": 0.6734045805620106, "d4": -0.76568668610143, "p1": 16.986569164549152, "p2": 34.3591855860568, "p3": 2.300711225235752, "p4": 25.8421056752466, "pol1": -0.5215722413542074, "pol2": -0.12789199971702225, "pol3": -0.8036867458021582, "pol4": -0.6732703725029128, "v0s": 6.492697575619914}, "datetime": {"datetime": "2022-04-28 17:57:20", "elapsed": 8753.036719, "delta": 12.544458}}
{"target": -1.0, "params": {"Bgrad": 0.696509575197733, "d1": -0.9106492769787273, "d2": -1.6394575639324431, "d3": -2.986305274230906, "d4": -2.0288571731543854, "p1": 42.72120165853394, "p2": 47.11250902287455, "p3": 32.63094834960412, "p4": 43.48790562738891, "pol1": 0.7684530193957655, "pol2": 0.9553659033363817, "pol3": 0.8763797193008414, "pol4": -0.6121029379730316, "v0s": 7.303315519378979}, "datetime": {"datetime": "2022-04-28 17:57:27", "elapsed": 8760.383077, "delta": 7.346358}}
{"target": 5.576394369002165, "params": {"Bgrad": 1.190559795600761, "d1": -1.7491880664720338, "d2": 0.09847112486946541, "d3": 0.6366214350823447, "d4": -0.7739569681466958, "p1": 7.596575001858047, "p2": 33.16643731467124, "p3": 23.679041541238387, "p4": 43.19047202163079, "pol1": -0.37688570054102466, "pol2": -0.8831919987692629, "pol3": -0.8556274548558835, "pol4": 0.9297581077624919, "v0s": 5.576394369002165}, "datetime": {"datetime": "2022-04-28 17:57:37", "elapsed": 8770.162927, "delta": 9.77985}}
{"target": -1.0, "params": {"Bgrad": 0.914779728697947, "d1": -0.2871125937325152, "d2": 0.8998583949289563, "d3": 0.49849237380543343, "d4": -0.06606674262637435, "p1": 10.084064028367894, "p2": 4.078514570222352, "p3": 8.992240072085938, "p4": 19.231706291271454, "pol1": -0.3006792592821341, "pol2": 0.5097895766728291, "pol3": -0.9331272613069648, "pol4": -0.07562379156670351, "v0s": 3.728112696420527}, "datetime": {"datetime": "2022-04-28 17:57:46", "elapsed": 8779.42217, "delta": 9.259243}}
{"target": -1.0, "params": {"Bgrad": 0.846991784013218, "d1": -0.9392954468984764, "d2": -2.8894722328904043, "d3": -0.6851683967584719, "d4": -1.445038002191565, "p1": 39.23191371446973, "p2": 47.17260625421682, "p3": 46.499780949696365, "p4": 15.58646084862178, "pol1": 0.24773428365995875, "pol2": -0.4255690840904083, "pol3": 0.47166648979521475, "pol4": -0.3219976820750856, "v0s": 6.1183014039336605}, "datetime": {"datetime": "2022-04-28 17:57:54", "elapsed": 8787.253231, "delta": 7.831061}}
{"target": -1.0, "params": {"Bgrad": 1.7050516824223996, "d1": -0.9864567520938716, "d2": -0.9570154779660554, "d3": -2.787662217121556, "d4": -2.7167355835203026, "p1": 37.429410723297465, "p2": 2.614875404622752, "p3": 7.759475130539739, "p4": 11.008882080891341, "pol1": -0.1335355476805511, "pol2": 0.37988104833161307, "pol3": 0.7392485275997933, "pol4": 0.636399083449289, "v0s": 5.83531464291365}, "datetime": {"datetime": "2022-04-28 17:58:09", "elapsed": 8801.905054, "delta": 14.651823}}
{"target": 2.3690020531041887, "params": {"Bgrad": 1.1900039072858035, "d1": -0.6755447269252115, "d2": 0.8182858526696468, "d3": -1.567166665080625, "d4": -1.0407687533292824, "p1": 40.63183580112767, "p2": 32.354172507666945, "p3": 18.118415002304616, "p4": 7.602444507229467, "pol1": -0.31796942473748135, "pol2": 0.08035640290276769, "pol3": 0.04320094545674924, "pol4": 0.727779547066222, "v0s": 2.3690020531041887}, "datetime": {"datetime": "2022-04-28 17:58:17", "elapsed": 8810.353465, "delta": 8.448411}}
{"target": -1.0, "params": {"Bgrad": 1.0864949074033883, "d1": 0.3381976131778046, "d2": -2.17824890132346, "d3": 0.0671863523736902, "d4": -2.9505546918811985, "p1": 42.95866306133498, "p2": 12.930281614230566, "p3": 42.297191725223456, "p4": 49.70572169133, "pol1": 0.7562952010658475, "pol2": -0.6038374983767967, "pol3": 0.3574121526056053, "pol4": 0.705102823215948, "v0s": 2.045172247447082}, "datetime": {"datetime": "2022-04-28 17:58:31", "elapsed": 8823.93515, "delta": 13.581685}}
{"target": -1.0, "params": {"Bgrad": 1.2804433933880393, "d1": -0.8237562528776756, "d2": -1.381123781494448, "d3": -1.910948843390773, "d4": -0.9377056043415686, "p1": 32.72195673257742, "p2": 42.387936269621065, "p3": 29.355069132346983, "p4": 30.48977596629989, "pol1": -0.7958402649784855, "pol2": -0.9513010629076033, "pol3": 0.21328674058664054, "pol4": -0.5131720558159174, "v0s": 2.8773260405208188}, "datetime": {"datetime": "2022-04-28 17:58:39", "elapsed": 8831.864947, "delta": 7.929797}}
{"target": -1.0, "params": {"Bgrad": 1.951051340596056, "d1": -1.19070230781829, "d2": -1.2302546849758569, "d3": -0.008462744691290158, "d4": -1.5128138186875626, "p1": 30.61039826146314, "p2": 31.121670839066866, "p3": 1.5635498006455695, "p4": 42.264917301023466, "pol1": -0.7371904640502951, "pol2": -0.8180413458190456, "pol3": 0.46795711399370865, "pol4": 0.10200236969926935, "v0s": 6.184088288266633}, "datetime": {"datetime": "2022-04-28 17:58:55", "elapsed": 8848.434643, "delta": 16.569696}}
{"target": -1.0, "params": {"Bgrad": 0.5063465171112471, "d1": -2.8889527205767185, "d2": 0.4180691825107212, "d3": 0.05317162449551294, "d4": -2.818963925428729, "p1": 12.752328481566517, "p2": 39.239519230984, "p3": 9.069863109187832, "p4": 28.032784596897802, "pol1": -0.9038151518824205, "pol2": 0.6890594276935109, "pol3": -0.6534404322269611, "pol4": 0.6260020949348635, "v0s": 6.953998775515485}, "datetime": {"datetime": "2022-04-28 17:59:01", "elapsed": 8854.350824, "delta": 5.916181}}
{"target": -1.0, "params": {"Bgrad": 1.7570632671785515, "d1": 0.6215408397047755, "d2": -1.4631884711216614, "d3": 0.023728231825371093, "d4": -2.7453721747068895, "p1": 47.539258161123286, "p2": 31.200661492570898, "p3": 30.26032329914804, "p4": 45.59871940783025, "pol1": -0.15001858349652153, "pol2": 0.7522303313556606, "pol3": -0.22497590563118863, "pol4": 0.9387461390143443, "v0s": 4.71748059058367}, "datetime": {"datetime": "2022-04-28 17:59:15", "elapsed": 8867.941486, "delta": 13.590662}}
{"target": -1.0, "params": {"Bgrad": 0.957532990550539, "d1": -0.8489302561895347, "d2": 0.7862307632371803, "d3": 0.786449541143686, "d4": -2.8073792877404213, "p1": 39.38370509965743, "p2": 46.23163338363771, "p3": 49.048944655113665, "p4": 25.33519067978358, "pol1": 0.9766493615201444, "pol2": 0.5900099901345728, "pol3": 0.8029050695683491, "pol4": -0.12831075199317077, "v0s": 2.322823831077235}, "datetime": {"datetime": "2022-04-28 17:59:27", "elapsed": 8880.153832, "delta": 12.212346}}
{"target": -1.0, "params": {"Bgrad": 1.5634853756122509, "d1": 0.34782995540393147, "d2": -1.508622832212314, "d3": 0.19105123803488855, "d4": -1.7225400704543867, "p1": 36.398227604503525, "p2": 4.377296109568196, "p3": 18.35514270503793, "p4": 36.16594884881737, "pol1": -0.7550148802012675, "pol2": -0.9303038773062917, "pol3": 0.037003930500350224, "pol4": -0.9209193949483534, "v0s": 4.306411435324666}, "datetime": {"datetime": "2022-04-28 17:59:40", "elapsed": 8893.32262, "delta": 13.168788}}
{"target": -1.0, "params": {"Bgrad": 0.5430656063115064, "d1": 0.47959706729602747, "d2": -1.0916196631037178, "d3": 0.4051171908140798, "d4": -2.825838945561083, "p1": 33.86652947064431, "p2": 3.681542548932665, "p3": 5.015694037990853, "p4": 2.662470967623476, "pol1": -0.593695218622222, "pol2": -0.20101863486055893, "pol3": -0.5717402892558854, "pol4": 0.0049683837418939, "v0s": 6.674483536386905}, "datetime": {"datetime": "2022-04-28 17:59:47", "elapsed": 8899.598839, "delta": 6.276219}}
{"target": -1.0, "params": {"Bgrad": 1.4122711578282667, "d1": 0.30113431440855365, "d2": -0.9404087194843673, "d3": -2.2733720347304707, "d4": -2.1335591124523665, "p1": 17.23286640334604, "p2": 45.752510052664, "p3": 33.8909909323313, "p4": 45.474337522020015, "pol1": -0.7824501230548682, "pol2": 0.9323655120441097, "pol3": 0.7709393336519459, "pol4": 0.548495732456703, "v0s": 4.016222588293507}, "datetime": {"datetime": "2022-04-28 17:59:59", "elapsed": 8912.267964, "delta": 12.669125}}
{"target": -1.0, "params": {"Bgrad": 1.6721837944843048, "d1": -2.0903926546206324, "d2": -2.0422837641845373, "d3": -0.5285668375777144, "d4": -1.8316202481027357, "p1": 41.08116077378504, "p2": 19.22011303548677, "p3": 14.666222069762547, "p4": 32.15176902694088, "pol1": 0.5132760178238391, "pol2": -0.3838517451800061, "pol3": -0.05803818256913207, "pol4": 0.3882398905484923, "v0s": 3.6242763072923383}, "datetime": {"datetime": "2022-04-28 18:00:20", "elapsed": 8932.880849, "delta": 20.612885}}
{"target": 4.156129722034586, "params": {"Bgrad": 1.824291323865354, "d1": -2.1888533463287376, "d2": -2.6702928937097763, "d3": -1.20178683170377, "d4": -2.9792620009946704, "p1": 15.990031118921177, "p2": 44.803550364512894, "p3": 16.49488094520078, "p4": 12.118024251513365, "pol1": 0.48344805977132665, "pol2": 0.8713952263002724, "pol3": -0.1922835158277596, "pol4": -0.5491156198872746, "v0s": 4.156129722034586}, "datetime": {"datetime": "2022-04-28 18:00:29", "elapsed": 8942.30565, "delta": 9.424801}}
{"target": -1.0, "params": {"Bgrad": 1.1086394815475453, "d1": -2.2262567336931585, "d2": -1.9408823408981468, "d3": -0.5120696260223281, "d4": -0.9833388760367354, "p1": 16.789207487441004, "p2": 30.504375798072726, "p3": 4.206653377443287, "p4": 15.836951871245791, "pol1": -0.01783899296093905, "pol2": -0.7285592993952046, "pol3": -0.5245608748544119, "pol4": -0.312663383206905, "v0s": 4.964863247327825}, "datetime": {"datetime": "2022-04-28 18:00:41", "elapsed": 8954.28462, "delta": 11.97897}}
{"target": -1.0, "params": {"Bgrad": 1.9368678712611493, "d1": -2.5621153289958865, "d2": -1.072668182871762, "d3": -0.7608943181942718, "d4": -1.7509909438037297, "p1": 5.155472903663888, "p2": 49.94395451390623, "p3": 5.826077840151017, "p4": 11.496225518196262, "pol1": 0.21674923717327133, "pol2": -0.28342321514486724, "pol3": -0.23559365706067092, "pol4": -0.1350088819348385, "v0s": 4.658148318973915}, "datetime": {"datetime": "2022-04-28 18:00:59", "elapsed": 8972.507895, "delta": 18.223275}}
{"target": 4.748623279721576, "params": {"Bgrad": 1.9861817573658498, "d1": -2.29913157084854, "d2": 0.29585623600482114, "d3": -0.13978406339118443, "d4": 0.21888983618487323, "p1": 42.42122647511711, "p2": 7.659703713433219, "p3": 15.51391591378356, "p4": 3.8195842316677, "pol1": -0.8066417291647472, "pol2": 0.9798228074396402, "pol3": -0.8888826406637185, "pol4": -0.2705995114128388, "v0s": 4.748623279721576}, "datetime": {"datetime": "2022-04-28 18:01:25", "elapsed": 8997.621744, "delta": 25.113849}}
{"target": -1.0, "params": {"Bgrad": 0.9019679841321911, "d1": -2.641145023660614, "d2": -1.3860537746744535, "d3": -2.38874506347085, "d4": -0.4904896429777792, "p1": 23.48391530766603, "p2": 24.801710235053765, "p3": 7.218901818596485, "p4": 41.17544122918154, "pol1": -0.9095361520594958, "pol2": -0.3378312024517818, "pol3": -0.9477725847812057, "pol4": -0.8730739016058706, "v0s": 4.497189446428858}, "datetime": {"datetime": "2022-04-28 18:01:35", "elapsed": 9007.899264, "delta": 10.27752}}
{"target": -1.0, "params": {"Bgrad": 0.820913689097281, "d1": -1.1846517435772133, "d2": -1.2844737212534807, "d3": -1.8353614517860368, "d4": 0.0860055448560435, "p1": 11.952360560577036, "p2": 10.031899194894223, "p3": 36.10375583097949, "p4": 25.0019196583793, "pol1": -0.378522560778495, "pol2": 0.8651260620984544, "pol3": 0.7028802774896787, "pol4": -0.5101252149787048, "v0s": 4.975850743414552}, "datetime": {"datetime": "2022-04-28 18:01:44", "elapsed": 9016.565093, "delta": 8.665829}}
{"target": -1.0, "params": {"Bgrad": 1.2218650986936817, "d1": -0.06980522962159341, "d2": -0.17550939814702904, "d3": -2.1533637208926004, "d4": 0.46991541313664875, "p1": 47.2104375325098, "p2": 6.832757592371891, "p3": 19.24857831426725, "p4": 37.882200614973016, "pol1": 0.0863937564786399, "pol2": 0.05633805866898056, "pol3": 0.5658874598044077, "pol4": -0.22520777521092517, "v0s": 4.297457515137059}, "datetime": {"datetime": "2022-04-28 18:01:56", "elapsed": 9029.526437, "delta": 12.961344}}
{"target": -1.0, "params": {"Bgrad": 0.8799150714128718, "d1": -0.6797094923843234, "d2": 0.2614372821303075, "d3": -2.4308467349602734, "d4": -0.4342572966012095, "p1": 43.764390672019964, "p2": 6.991340346539427, "p3": 35.21982699095861, "p4": 24.89811901380341, "pol1": -0.8328859623086586, "pol2": -0.09747648700645706, "pol3": -0.3626458010106044, "pol4": 0.3820257335397701, "v0s": 4.30053897867459}, "datetime": {"datetime": "2022-04-28 18:02:05", "elapsed": 9037.816272, "delta": 8.289835}}
{"target": -1.0, "params": {"Bgrad": 0.9625548250641119, "d1": -1.9192530934109544, "d2": -1.1583924797596157, "d3": -1.621084403575166, "d4": -2.27697810154307, "p1": 18.634168907185888, "p2": 15.45553752112076, "p3": 35.59061832563024, "p4": 49.06160753064239, "pol1": 0.3339045029029932, "pol2": 0.6305702998556171, "pol3": 0.7528765535681836, "pol4": 0.010842178952507053, "v0s": 4.872279233452701}, "datetime": {"datetime": "2022-04-28 18:02:14", "elapsed": 9046.687551, "delta": 8.871279}}
{"target": -1.0, "params": {"Bgrad": 1.397877593530701, "d1": -0.15102166735033373, "d2": 0.7872112203564501, "d3": -0.20832928862116917, "d4": 0.039740772527334656, "p1": 49.51694081158149, "p2": 33.574921147595774, "p3": 23.959605654992615, "p4": 25.995234977014896, "pol1": -0.6570497285885162, "pol2": -0.7028262503448401, "pol3": -0.05681149750691539, "pol4": 0.7670645878380196, "v0s": 3.0664091083480693}, "datetime": {"datetime": "2022-04-28 18:02:26", "elapsed": 9058.590724, "delta": 11.903173}}
