{"target": 3.4188944409160493, "params": {"Bgrad": 2.0, "d1": -2.0818555601158972, "d2": -0.3261317091578229, "d3": -2.6762350140319335, "d4": -0.5340247793063627, "p1": 7.525711630363858, "p2": 36.222356547980226, "p3": 35.416492307889676, "p4": 34.82216670935843, "pol1": -0.03450100865699909, "pol2": -0.02101310783768842, "pol3": -0.9262972190493575, "pol4": -0.21043451937439386, "v0s": 3.4188944409160493}, "datetime": {"datetime": "2022-06-24 05:02:14", "elapsed": 2853.949833, "delta": 4.00789}}
{"target": -1.0, "params": {"Bgrad": 0.9144417256794906, "d1": -2.2100387206823413, "d2": -1.3622266580824247, "d3": -2.0238401656796676, "d4": -1.9548198838028013, "p1": 3.1860560058645793, "p2": 9.81236885367131, "p3": 36.916201988616045, "p4": 27.726397396490732, "pol1": 0.8741661072600331, "pol2": 0.888469294874249, "pol3": 0.06710822119170534, "pol4": -0.9615347292322849, "v0s": 2.5566227141104143}, "datetime": {"datetime": "2022-06-24 05:02:20", "elapsed": 2859.239257, "delta": 5.289424}}
{"target": 4.410179527736037, "params": {"Bgrad": 0.9091673706996908, "d1": -0.9224690817938971, "d2": 0.5858505798883981, "d3": -2.5115709048351653, "d4": -1.87982549033558, "p1": 31.29281013907403, "p2": 11.308797966330106, "p3": 37.825593472122264, "p4": 28.851665116929077, "pol1": 0.12788640959721648, "pol2": -0.7698232162077622, "pol3": -0.7891201705203875, "pol4": 0.1583887516747717, "v0s": 4.410179527736037}, "datetime": {"datetime": "2022-06-24 05:02:26", "elapsed": 2865.778916, "delta": 6.539659}}
{"target": -1.0, "params": {"Bgrad": 0.8856344897939359, "d1": -2.8438740300239336, "d2": -0.08981876894543905, "d3": -1.9890216257775672, "d4": -1.5886724383621136, "p1": 13.952679798261025, "p2": 4.787491815918821, "p3": 30.93428746538417, "p4": 21.82360410917256, "pol1": -0.10573518359354495, "pol2": 0.9218900109653649, "pol3": -0.629937968701195, "pol4": 0.751564680703378, "v0s": 2.4811325561372763}, "datetime": {"datetime": "2022-06-24 05:02:32", "elapsed": 2871.883683, "delta": 6.104767}}
{"target": -1.0, "params": {"Bgrad": 1.9302998421993194, "d1": -1.6991559399047058, "d2": -0.9281907543825985, "d3": -2.9943835107845307, "d4": -2.5051406334045465, "p1": 8.197996461956485, "p2": 10.681230165839906, "p3": 37.86681022367161, "p4": 26.85505214530678, "pol1": -0.7721774298037609, "pol2": 0.3392464337949075, "pol3": -0.7252977925803674, "pol4": 0.03872908648696338, "v0s": 2.375160297608801}, "datetime": {"datetime": "2022-06-24 05:02:35", "elapsed": 2874.856301, "delta": 2.972618}}
{"target": 3.5440292159017357, "params": {"Bgrad": 1.5647124515303918, "d1": -2.04596990233614, "d2": 0.6909822598883136, "d3": -0.6442927231740956, "d4": -1.7425361444805962, "p1": 44.47909589830496, "p2": 22.98562800983206, "p3": 26.107196543204864, "p4": 13.869477095964942, "pol1": -0.06591816483833139, "pol2": -0.6469438085627532, "pol3": -0.14060654585955581, "pol4": 0.19809797866930215, "v0s": 3.5440292159017357}, "datetime": {"datetime": "2022-06-24 05:02:40", "elapsed": 2879.938812, "delta": 5.082511}}
{"target": 3.3590323892456238, "params": {"Bgrad": 1.4491150973696207, "d1": -0.9344426647301725, "d2": -2.447625201263869, "d3": -0.10020219453609247, "d4": -2.764298407374714, "p1": 1.6333877584481127, "p2": 9.9396727363131, "p3": 35.509409760426216, "p4": 25.034061283221664, "pol1": 0.34839930448325185, "pol2": 0.1971783093700641, "pol3": -0.4547198831215953, "pol4": -0.042779821454384415, "v0s": 3.3590323892456238}, "datetime": {"datetime": "2022-06-24 05:02:47", "elapsed": 2886.446073, "delta": 6.507261}}
{"target": -1.0, "params": {"Bgrad": 1.5911092357449559, "d1": -1.2884408673928105, "d2": -0.5337404527800507, "d3": -2.6781492167863665, "d4": -1.4096596928974172, "p1": 5.367918802348709, "p2": 34.72489700976675, "p3": 34.05429741788601, "p4": 35.4026711814608, "pol1": -0.8986705639452119, "pol2": 0.8768343265314631, "pol3": -0.5427103792883368, "pol4": 0.27861109214136937, "v0s": 3.062300743921779}, "datetime": {"datetime": "2022-06-24 05:02:51", "elapsed": 2890.626429, "delta": 4.180356}}
{"target": 3.076508898032073, "params": {"Bgrad": 1.4475557816857327, "d1": -2.409431014316254, "d2": 0.8037294529680299, "d3": -0.45730482394732963, "d4": -2.2740471928296797, "p1": 1.0436555900655287, "p2": 11.974311622285944, "p3": 35.419377607244584, "p4": 28.651417715991766, "pol1": -0.27304826440482755, "pol2": -0.4758822041211308, "pol3": 0.7977991956028183, "pol4": -0.3009154433671508, "v0s": 3.076508898032073}, "datetime": {"datetime": "2022-06-24 05:02:56", "elapsed": 2896.052544, "delta": 5.426115}}
{"target": -1.0, "params": {"Bgrad": 0.8733338710427037, "d1": -3.0, "d2": 1.0, "d3": -0.5771886887170996, "d4": -1.6762545018934307, "p1": 46.443325772165416, "p2": 25.86237041667241, "p3": 23.35096173672021, "p4": 29.29509850521492, "pol1": -0.6330163085712627, "pol2": -0.5051202934689144, "pol3": -0.060536852546623235, "pol4": -0.7797811211341611, "v0s": 5.029082873407118}, "datetime": {"datetime": "2022-06-24 05:03:13", "elapsed": 2912.653489, "delta": 16.600945}}
{"target": 2.0040279986106775, "params": {"Bgrad": 1.657613090716492, "d1": -2.0927553454091354, "d2": -0.7578793370680845, "d3": -0.6583358453932968, "d4": 0.3698196113386909, "p1": 1.5652338970555457, "p2": 13.196123977325142, "p3": 32.75780326672568, "p4": 26.745869003679108, "pol1": -0.1951380785325434, "pol2": -0.3911819745073579, "pol3": 0.823611725032682, "pol4": 0.24092448032692282, "v0s": 2.0040279986106775}, "datetime": {"datetime": "2022-06-24 05:03:18", "elapsed": 2917.256317, "delta": 4.602828}}
{"target": -1.0, "params": {"Bgrad": 0.6665436576359787, "d1": -1.2007352320312301, "d2": -0.8739548532802717, "d3": -2.3342620973019583, "d4": -0.001990189020777855, "p1": 9.596706189746612, "p2": 4.943876129996866, "p3": 31.721140736001967, "p4": 23.478741518214154, "pol1": 0.461743275566588, "pol2": 0.5034007391271687, "pol3": -0.7664695077269463, "pol4": -0.46156923580164344, "v0s": 2.9766396299274955}, "datetime": {"datetime": "2022-06-24 05:03:33", "elapsed": 2932.326849, "delta": 15.070532}}
{"target": -1.0, "params": {"Bgrad": 0.8650255084801357, "d1": -2.5794813405688357, "d2": -0.41020912085621086, "d3": -2.6420407392775855, "d4": -1.7143794187897203, "p1": 6.959743521565009, "p2": 14.684135709304147, "p3": 33.300864650633855, "p4": 29.069286223448305, "pol1": -0.3315677752719979, "pol2": 0.69777387735912, "pol3": 0.6462669315331557, "pol4": 0.20117538143071512, "v0s": 4.7136316178689395}, "datetime": {"datetime": "2022-06-24 05:03:41", "elapsed": 2940.554521, "delta": 8.227672}}
{"target": -1.0, "params": {"Bgrad": 1.0083034221137368, "d1": -1.60454054125768, "d2": -2.069844334231893, "d3": -0.9243979423526172, "d4": 0.818611115490044, "p1": 47.195631690019226, "p2": 44.14536502478691, "p3": 44.826486023863104, "p4": 49.62365605574756, "pol1": 0.7380978705834202, "pol2": -0.5860077012873115, "pol3": 0.9351420950090041, "pol4": -0.72482481237537, "v0s": 4.870568250266965}, "datetime": {"datetime": "2022-06-24 05:03:52", "elapsed": 2951.271533, "delta": 10.717012}}
{"target": 3.131784524417758, "params": {"Bgrad": 0.9799817483842486, "d1": -2.8508492523115034, "d2": -2.4751675696433226, "d3": -2.3379764883550536, "d4": -1.0940553943595108, "p1": 5.566304117242494, "p2": 4.774483488370141, "p3": 35.895379227874855, "p4": 24.828328164345102, "pol1": 0.7792686149743586, "pol2": -0.790805708177476, "pol3": -0.7563581510493371, "pol4": -0.14307150834600169, "v0s": 3.131784524417758}, "datetime": {"datetime": "2022-06-24 05:03:58", "elapsed": 2957.294086, "delta": 6.022553}}
{"target": 4.02408244100198, "params": {"Bgrad": 0.645897666553048, "d1": -2.4479388654013117, "d2": 0.3232994407488716, "d3": -1.485791392504471, "d4": -1.085499712153223, "p1": 3.5568698971748414, "p2": 9.529970667469396, "p3": 35.35499563506002, "p4": 26.286338121340425, "pol1": 0.8828219948685718, "pol2": 0.647985914059797, "pol3": 0.19261718322470545, "pol4": 0.1640776828091357, "v0s": 4.02408244100198}, "datetime": {"datetime": "2022-06-24 05:04:02", "elapsed": 2962.006581, "delta": 4.712495}}
{"target": -1.0, "params": {"Bgrad": 0.8097769888807249, "d1": -1.9870329523653176, "d2": -1.4461590672218712, "d3": -2.6672715545061862, "d4": -2.5624262232894073, "p1": 8.75722814682391, "p2": 10.253769098400447, "p3": 34.47333696105532, "p4": 28.04064134074156, "pol1": 0.5258958590825312, "pol2": 0.2225307588797602, "pol3": 0.6135836408007427, "pol4": -0.09180184187684216, "v0s": 2.4660454793854907}, "datetime": {"datetime": "2022-06-24 05:04:08", "elapsed": 2967.247656, "delta": 5.241075}}
{"target": 4.029894003726603, "params": {"Bgrad": 1.2760937072867624, "d1": -2.8421876284905756, "d2": -1.2249714266886627, "d3": -0.3418496729131424, "d4": -1.8102702892295648, "p1": 7.118382625310171, "p2": 7.869853783854847, "p3": 36.46029075782033, "p4": 29.629660989940238, "pol1": 0.7008643223985653, "pol2": 0.6437921869516685, "pol3": -0.496454718500289, "pol4": -0.906429819324285, "v0s": 4.029894003726603}, "datetime": {"datetime": "2022-06-24 05:04:13", "elapsed": 2972.551086, "delta": 5.30343}}
{"target": 3.951479969426196, "params": {"Bgrad": 1.9517679918212156, "d1": -1.875699054338595, "d2": 0.745784088170172, "d3": -0.9543192154388427, "d4": -1.9302874031794182, "p1": 42.211584757957965, "p2": 20.503526584997307, "p3": 25.84777938776205, "p4": 14.954094177666304, "pol1": -0.8614757699454638, "pol2": 0.5509634055527985, "pol3": -0.46591144708511756, "pol4": 0.40616241376102047, "v0s": 3.951479969426196}, "datetime": {"datetime": "2022-06-24 05:04:20", "elapsed": 2979.650237, "delta": 7.099151}}
{"target": -1.0, "params": {"Bgrad": 1.4796384315712585, "d1": -1.493518519330404, "d2": -1.3092747824291195, "d3": -2.913431268703843, "d4": -2.765442048366933, "p1": 6.519419569228274, "p2": 9.533206505896086, "p3": 35.00062081474672, "p4": 26.868285380794337, "pol1": -0.6740090300980048, "pol2": -0.4698528684455874, "pol3": 0.6768039302274418, "pol4": 0.899337351136696, "v0s": 2.4705879641782884}, "datetime": {"datetime": "2022-06-24 05:04:24", "elapsed": 2983.573326, "delta": 3.923089}}
{"target": -1.0, "params": {"Bgrad": 0.7896525245868257, "d1": -1.5452083395919707, "d2": -1.6693116958202543, "d3": -1.36267239131609, "d4": -1.236767450435584, "p1": 39.80665541964578, "p2": 22.994944639004906, "p3": 17.907290443178614, "p4": 17.276296687931662, "pol1": 0.08731336012844548, "pol2": -0.08045906760793087, "pol3": 0.7513071827554734, "pol4": 0.17732445454541823, "v0s": 5.3947788870164715}, "datetime": {"datetime": "2022-06-24 05:04:30", "elapsed": 2989.896564, "delta": 6.323238}}
{"target": -1.0, "params": {"Bgrad": 0.7501690005476123, "d1": -1.7290104608777055, "d2": -2.2737639292770253, "d3": -0.261271104902574, "d4": -1.607998644872525, "p1": 2.5074387733684036, "p2": 11.001294353509705, "p3": 34.07761385054787, "p4": 24.799583366791943, "pol1": 0.8906453383008583, "pol2": -0.219467282193768, "pol3": -0.12479120086464279, "pol4": -0.37066800898426866, "v0s": 5.519388180120109}, "datetime": {"datetime": "2022-06-24 05:04:37", "elapsed": 2996.274615, "delta": 6.378051}}
{"target": -1.0, "params": {"Bgrad": 1.2042333621467225, "d1": -2.768339943270658, "d2": -2.8336314838248664, "d3": -2.8392662643608757, "d4": 0.5279714450285558, "p1": 5.147987956706213, "p2": 4.042962153337931, "p3": 35.405886722298035, "p4": 23.037725318109942, "pol1": 0.15947746374673288, "pol2": -0.6043465748378538, "pol3": -0.1385299046886621, "pol4": 0.8420182027119787, "v0s": 2.1489767634660115}, "datetime": {"datetime": "2022-06-24 05:04:49", "elapsed": 3008.807878, "delta": 12.533263}}
{"target": 3.0283001608403497, "params": {"Bgrad": 1.2679381493969957, "d1": -2.3494764151895304, "d2": -2.9952257322926497, "d3": -2.308023159140279, "d4": -2.856021004526654, "p1": 7.561117292464198, "p2": 7.334971833399417, "p3": 37.59183927527573, "p4": 29.903410777086, "pol1": 0.48259017403716253, "pol2": 0.6223103492679078, "pol3": 0.9555967115382307, "pol4": 0.5117129110423511, "v0s": 3.0283001608403497}, "datetime": {"datetime": "2022-06-24 05:04:57", "elapsed": 3016.435126, "delta": 7.627248}}
{"target": -1.0, "params": {"Bgrad": 0.5463532833715066, "d1": -0.17613997196761488, "d2": -0.503408816271476, "d3": -0.04468604142588095, "d4": -0.07340580704980271, "p1": 4.942121039949493, "p2": 10.88627353333525, "p3": 36.008575286434194, "p4": 28.53393597356127, "pol1": 0.9940328224231272, "pol2": 0.8160678032035404, "pol3": -0.1433255201652135, "pol4": 0.05085220819614622, "v0s": 3.657658062348296}, "datetime": {"datetime": "2022-06-24 05:05:02", "elapsed": 3022.012344, "delta": 5.577218}}
{"target": -1.0, "params": {"Bgrad": 1.740221206209268, "d1": -2.3450787877679367, "d2": 0.06373321651559616, "d3": -0.09481135103029503, "d4": -2.4604942827367156, "p1": 39.96866541400944, "p2": 21.01627937969923, "p3": 18.542690301555155, "p4": 16.806166622690693, "pol1": 0.30861173890054805, "pol2": -0.08289861007041432, "pol3": -0.693156748294576, "pol4": 0.9730881667692348, "v0s": 7.937566377059151}, "datetime": {"datetime": "2022-06-24 05:05:16", "elapsed": 3035.271165, "delta": 13.258821}}
{"target": 4.026028049397876, "params": {"Bgrad": 1.8869041960521475, "d1": -0.01995466887072661, "d2": -0.5791984912092016, "d3": -2.742587066394085, "d4": -2.397053034757684, "p1": 9.618911907630478, "p2": 5.813427921227659, "p3": 31.059523297920062, "p4": 20.473656122587556, "pol1": 0.7560492430409183, "pol2": -0.5491293274571174, "pol3": 0.43854166362971325, "pol4": 0.8498834504695185, "v0s": 4.026028049397876}, "datetime": {"datetime": "2022-06-24 05:05:23", "elapsed": 3042.377298, "delta": 7.106133}}
{"target": -1.0, "params": {"Bgrad": 0.5099693160568968, "d1": -1.7064821309092952, "d2": -2.9792795406060297, "d3": -1.9850107237817736, "d4": 0.6183803465698126, "p1": 7.955469566810031, "p2": 2.0666898032612844, "p3": 38.52049902011031, "p4": 19.930878349561436, "pol1": -0.6263563242333725, "pol2": -0.9092515038682698, "pol3": -0.6286344167244229, "pol4": -0.007187969880027234, "v0s": 2.8912862448230108}, "datetime": {"datetime": "2022-06-24 05:05:32", "elapsed": 3051.128606, "delta": 8.751308}}
{"target": -1.0, "params": {"Bgrad": 0.9747382292412253, "d1": -1.7471426998052109, "d2": -2.848296615599024, "d3": 0.1491387289051933, "d4": -1.2916267962023182, "p1": 7.4311717697223445, "p2": 9.464266694241164, "p3": 37.126123403344046, "p4": 27.441875051425097, "pol1": 0.024234117448755255, "pol2": -0.1894573261362018, "pol3": 0.8698495505374169, "pol4": -0.2568261473619946, "v0s": 3.2337614290060546}, "datetime": {"datetime": "2022-06-24 05:05:44", "elapsed": 3063.989979, "delta": 12.861373}}
{"target": -1.0, "params": {"Bgrad": 1.3277242085289878, "d1": -0.6412791302150369, "d2": -2.629010620442503, "d3": -0.3576239321429586, "d4": -1.0587023066125352, "p1": 3.157857134160602, "p2": 10.156517719871406, "p3": 36.750200829570964, "p4": 25.836176516434257, "pol1": -0.8093329263464435, "pol2": 0.4466883956600438, "pol3": -0.15807243660234205, "pol4": -0.9549262392357165, "v0s": 2.2233689981772544}, "datetime": {"datetime": "2022-06-24 05:05:53", "elapsed": 3072.616085, "delta": 8.626106}}
{"target": 2.748955655678036, "params": {"Bgrad": 1.3482539125071418, "d1": -0.4700701030571732, "d2": -0.1098205372579586, "d3": -0.30969419114745156, "d4": -0.22960137812234782, "p1": 5.090347298951814, "p2": 7.327216257165325, "p3": 35.99171191803325, "p4": 28.829819010396335, "pol1": 0.03609720032459318, "pol2": -0.9262431430905624, "pol3": 0.5446672351974209, "pol4": -0.14669362841822786, "v0s": 2.748955655678036}, "datetime": {"datetime": "2022-06-24 05:05:59", "elapsed": 3078.337861, "delta": 5.721776}}
{"target": 4.674362170787972, "params": {"Bgrad": 1.2260403039057395, "d1": -2.6603128909592533, "d2": -0.40228704472184623, "d3": -0.2712184161697252, "d4": -0.47513049235833504, "p1": 32.31416951204316, "p2": 8.470266187994673, "p3": 6.996433609277049, "p4": 25.96521612289409, "pol1": 0.5277334282208997, "pol2": -0.3194053807564134, "pol3": 0.2352375012281261, "pol4": -0.2715285778630616, "v0s": 4.674362170787972}, "datetime": {"datetime": "2022-06-24 05:06:05", "elapsed": 3084.890967, "delta": 6.553106}}
{"target": 3.416798261369153, "params": {"Bgrad": 1.183444167642023, "d1": -0.4032780683863113, "d2": -0.44370980092425394, "d3": -1.4600073909893416, "d4": -2.220657525533792, "p1": 45.42370626660094, "p2": 19.673071320918666, "p3": 24.754353702762966, "p4": 12.789992060711166, "pol1": 0.8974583465339641, "pol2": -0.1700409755295483, "pol3": -0.11714521931326567, "pol4": -0.14953761686552122, "v0s": 3.416798261369153}, "datetime": {"datetime": "2022-06-24 05:06:13", "elapsed": 3092.256955, "delta": 7.365988}}
{"target": -1.0, "params": {"Bgrad": 0.8926997945628221, "d1": -1.5533533748644266, "d2": -1.708676679269963, "d3": -0.2928695389720559, "d4": -1.4369756518487633, "p1": 11.480510301004793, "p2": 4.434124282659702, "p3": 29.49926282601716, "p4": 20.281378199510275, "pol1": 0.7723086171660354, "pol2": 0.1434912897621905, "pol3": 0.8822470450997013, "pol4": -0.9088006598788012, "v0s": 3.7203109761570636}, "datetime": {"datetime": "2022-06-24 05:06:24", "elapsed": 3103.333548, "delta": 11.076593}}
{"target": -1.0, "params": {"Bgrad": 1.0169887800421344, "d1": -0.17434004856094543, "d2": 0.11870228456038756, "d3": -0.7111500231723147, "d4": -0.47292953799983195, "p1": 5.8013104913198665, "p2": 12.624311985537046, "p3": 35.00771573945524, "p4": 27.559698717186563, "pol1": 0.4123709128199604, "pol2": 0.7036932038069088, "pol3": 0.1997212695087951, "pol4": -0.9164732268537072, "v0s": 5.638734158252543}, "datetime": {"datetime": "2022-06-24 05:06:36", "elapsed": 3116.061257, "delta": 12.727709}}
{"target": 3.765687113832372, "params": {"Bgrad": 1.8144947034450487, "d1": -1.794506074506109, "d2": 0.731796491968884, "d3": -0.8973746051822363, "d4": -1.838750151944786, "p1": 43.088004718859374, "p2": 21.26100128753315, "p3": 25.721697750761564, "p4": 14.526743678240955, "pol1": -0.5990385855310455, "pol2": 0.15435680783487007, "pol3": -0.3672693225096385, "pol4": 0.22199232806607358, "v0s": 3.765687113832372}, "datetime": {"datetime": "2022-06-24 05:06:43", "elapsed": 3122.409399, "delta": 6.348142}}
{"target": -1.0, "params": {"Bgrad": 0.5146151324115078, "d1": -2.1736687835538633, "d2": -2.9912011209824807, "d3": -2.2450681716508107, "d4": 0.36510953449806594, "p1": 19.56411628783959, "p2": 16.484466508173167, "p3": 27.42482707204176, "p4": 48.67787984715923, "pol1": 0.6504922102157417, "pol2": 0.37899802084840356, "pol3": 0.8053730674415416, "pol4": -0.5381856295695778, "v0s": 2.7855387056179337}, "datetime": {"datetime": "2022-06-24 05:06:51", "elapsed": 3130.631583, "delta": 8.222184}}
{"target": 3.253095532835351, "params": {"Bgrad": 1.6316991265800025, "d1": -0.6341347229589704, "d2": -0.7924256934192098, "d3": -2.2833356360771577, "d4": -1.5259427661723501, "p1": 43.65365312312913, "p2": 20.91029546895956, "p3": 24.882949683032006, "p4": 13.481721368535165, "pol1": 0.18353286342241937, "pol2": -0.638054747477351, "pol3": -0.6280880980326551, "pol4": -0.35275628015050353, "v0s": 3.253095532835351}, "datetime": {"datetime": "2022-06-24 05:06:57", "elapsed": 3136.20433, "delta": 5.572747}}
{"target": -1.0, "params": {"Bgrad": 1.0663074913995554, "d1": -2.156310213065437, "d2": 0.4236611351719235, "d3": -1.4887615756694008, "d4": 0.31013409057669117, "p1": 12.009998370804814, "p2": 4.259495165410115, "p3": 30.846106034796332, "p4": 20.572107280136088, "pol1": -0.9266009871960339, "pol2": 0.876884474944307, "pol3": 0.03417233137015541, "pol4": 0.5307795728883247, "v0s": 6.6182816248955465}, "datetime": {"datetime": "2022-06-24 05:07:09", "elapsed": 3148.331617, "delta": 12.127287}}
{"target": -1.0, "params": {"Bgrad": 0.6684409748224734, "d1": -1.5013680515935484, "d2": -0.010140060975045273, "d3": 0.43232106567551387, "d4": -2.0650996810312625, "p1": 45.64369451124875, "p2": 27.78330662393302, "p3": 21.78521803224523, "p4": 29.309535972722507, "pol1": 0.13557737618233112, "pol2": -0.4206484899732814, "pol3": 0.5977084988031443, "pol4": -0.6499343531450015, "v0s": 6.777379213049446}, "datetime": {"datetime": "2022-06-24 05:07:14", "elapsed": 3153.923288, "delta": 5.591671}}
{"target": -1.0, "params": {"Bgrad": 1.4189668416791625, "d1": -2.9384471032985333, "d2": 0.9378215621453876, "d3": 0.39415705812960855, "d4": 0.8060586606089233, "p1": 1.759031594617494, "p2": 11.17832351212264, "p3": 33.60379570787176, "p4": 26.16763682045709, "pol1": 0.8486063225823888, "pol2": -0.8075861245574982, "pol3": -0.6133505631656337, "pol4": -0.6881213557935577, "v0s": 3.196802163881408}, "datetime": {"datetime": "2022-06-24 05:07:25", "elapsed": 3164.746046, "delta": 10.822758}}
{"target": 2.2078138119095785, "params": {"Bgrad": 1.8971781368493703, "d1": -0.3076262468462234, "d2": -0.9622302529208633, "d3": -1.2656610261227978, "d4": -2.646705550927042, "p1": 4.519066464470356, "p2": 12.131802035173722, "p3": 35.85550634094355, "p4": 29.644020749402134, "pol1": 0.10148860641740565, "pol2": 0.4163943947290931, "pol3": -0.5207136582539422, "pol4": 0.05815646727753787, "v0s": 2.2078138119095785}, "datetime": {"datetime": "2022-06-24 05:07:28", "elapsed": 3168.031353, "delta": 3.285307}}
{"target": 3.943080265853872, "params": {"Bgrad": 1.9115481069310511, "d1": -1.8293695427393848, "d2": -0.13897527416460687, "d3": -2.734201333186249, "d4": -1.7974880298842355, "p1": 4.248558055094604, "p2": 10.41682100330788, "p3": 34.44931268865839, "p4": 32.16471311673039, "pol1": -0.8833778492918196, "pol2": 0.18554520152179865, "pol3": 0.18439383087449723, "pol4": 0.024161014362154898, "v0s": 3.943080265853872}, "datetime": {"datetime": "2022-06-24 05:07:36", "elapsed": 3175.218253, "delta": 7.1869}}
