{"target": 4.3494621306948, "params": {"Bgrad": 0.5342838886514807, "d1": -3.0, "d2": 0.0873279374723071, "d3": -2.091587994538776, "d4": -2.921851749543094, "p1": 25.434669178034497, "p2": 30.83380208222599, "p3": 7.329792562623386, "p4": 46.14604884729808, "pol1": -0.7245061640105221, "pol2": -0.1267130230202548, "pol3": 0.3891582571946297, "pol4": 0.1347351735642758, "v0s": 4.3494621306948}, "datetime": {"datetime": "2022-05-17 22:17:59", "elapsed": 95695.020492, "delta": 47.465049}}
{"target": -1.0, "params": {"Bgrad": 1.9407063949740104, "d1": -1.9161293725756807, "d2": -1.077028594525589, "d3": -2.589255454917461, "d4": 0.4608310526986048, "p1": 7.040506789573209, "p2": 12.212455805357953, "p3": 30.41467573865156, "p4": 30.05909698110057, "pol1": 0.16968425556546696, "pol2": 0.6461572736653334, "pol3": 0.3910297517825132, "pol4": -0.3458764965429888, "v0s": 6.5832974871725005}, "datetime": {"datetime": "2022-05-17 22:18:58", "elapsed": 95753.376412, "delta": 58.35592}}
{"target": 3.5978415436874207, "params": {"Bgrad": 1.8197538485067337, "d1": -2.371547762428915, "d2": -0.03242397565344879, "d3": -0.4626911574771677, "d4": -2.735275214924785, "p1": 26.47393801634231, "p2": 8.036339494159423, "p3": 32.20181230156897, "p4": 30.204141372218857, "pol1": -0.708288002788465, "pol2": 0.7830359014346955, "pol3": 0.632084901838329, "pol4": 0.08545438177947062, "v0s": 3.5978415436874207}, "datetime": {"datetime": "2022-05-17 22:19:39", "elapsed": 95794.298959, "delta": 40.922547}}
{"target": 4.575897195615922, "params": {"Bgrad": 1.7448964199533952, "d1": -2.866090258482258, "d2": 0.7293117371597975, "d3": -1.8187997543823509, "d4": -0.6463195623709997, "p1": 3.776081384020113, "p2": 36.01127281202514, "p3": 31.909597137406426, "p4": 39.636297328209096, "pol1": 0.566842351932316, "pol2": -0.27944798742706745, "pol3": 0.4714287551514345, "pol4": 0.51838481303721, "v0s": 4.575897195615922}, "datetime": {"datetime": "2022-05-17 22:20:17", "elapsed": 95832.264416, "delta": 37.965457}}
{"target": 4.039763592150384, "params": {"Bgrad": 2.0, "d1": -3.0, "d2": 1.0, "d3": -1.3089308197453728, "d4": -2.6863423907960917, "p1": 43.92142816934665, "p2": 25.780432813292958, "p3": 18.85895781112872, "p4": 13.568879725861239, "pol1": 0.19095651455530516, "pol2": 0.4291524900807291, "pol3": -0.34074341425347016, "pol4": -0.10736780380567995, "v0s": 4.039763592150384}, "datetime": {"datetime": "2022-05-17 22:20:50", "elapsed": 95865.363887, "delta": 33.099471}}
{"target": 5.012834282632363, "params": {"Bgrad": 0.801602614427012, "d1": -2.596523975435904, "d2": 0.7355042075104543, "d3": -1.8366190597068783, "d4": -2.9312717976257505, "p1": 44.08065177942872, "p2": 20.006173232128038, "p3": 25.89484722319347, "p4": 12.387588641705566, "pol1": 0.8272191715986508, "pol2": 0.468117955361796, "pol3": -0.5154782978238612, "pol4": 0.9154514380509302, "v0s": 5.012834282632363}, "datetime": {"datetime": "2022-05-17 22:21:40", "elapsed": 95915.384102, "delta": 50.020215}}
{"target": -1.0, "params": {"Bgrad": 1.9150316078781755, "d1": -1.9409953217816167, "d2": -0.0705593121841124, "d3": 0.23246227241570921, "d4": -2.232806118697673, "p1": 49.177720420213745, "p2": 3.882955589527158, "p3": 32.01207491209896, "p4": 7.426846620760743, "pol1": -0.04226543507694509, "pol2": -0.6510593194753033, "pol3": 0.5176352207026643, "pol4": 0.46638892130717347, "v0s": 5.869121395867511}, "datetime": {"datetime": "2022-05-17 22:24:20", "elapsed": 96075.947655, "delta": 160.563553}}
{"target": -1.0, "params": {"Bgrad": 1.825807536151439, "d1": -0.8831976684887559, "d2": 0.7348065665392447, "d3": -1.0723683523608463, "d4": -1.883414769191262, "p1": 24.911754180106072, "p2": 42.08761209825184, "p3": 29.768732866447145, "p4": 20.78349976490564, "pol1": 0.8800361226341948, "pol2": 0.340502802096752, "pol3": 0.07623367545280124, "pol4": 0.19012227274083515, "v0s": 5.531754357893286}, "datetime": {"datetime": "2022-05-17 22:25:09", "elapsed": 96124.827918, "delta": 48.880263}}
{"target": 4.735046842175054, "params": {"Bgrad": 0.5139361784969255, "d1": -1.9295537513831105, "d2": 1.0, "d3": -2.867846996232128, "d4": -0.44360327218653156, "p1": 3.2669608939173496, "p2": 31.557010716177764, "p3": 29.193994620561803, "p4": 41.00817794167671, "pol1": -0.21412812264378747, "pol2": -0.44854585009242903, "pol3": -1.0, "pol4": -0.7005183139981869, "v0s": 4.735046842175054}, "datetime": {"datetime": "2022-05-17 22:25:56", "elapsed": 96172.049618, "delta": 47.2217}}
{"target": 4.720705593985444, "params": {"Bgrad": 0.7926808047727858, "d1": -1.7497259047610032, "d2": -0.13658630197902102, "d3": -1.3789957757290758, "d4": -0.5160815195586632, "p1": 34.12661055134099, "p2": 6.370510095693222, "p3": 36.87176609099961, "p4": 27.948961958961483, "pol1": 0.5427411350307851, "pol2": -1.0, "pol3": 0.2480041939849685, "pol4": 0.17821158858610026, "v0s": 4.720705593985444}, "datetime": {"datetime": "2022-05-17 22:26:29", "elapsed": 96205.18998, "delta": 33.140362}}
{"target": 4.252397044882661, "params": {"Bgrad": 1.192496405795118, "d1": -3.0, "d2": 0.06421862808442093, "d3": -1.2720275623269346, "d4": -2.523046912074407, "p1": 8.041399244711117, "p2": 27.819200274184, "p3": 42.549721423805124, "p4": 20.673287270375432, "pol1": 1.0, "pol2": -0.7648476536397839, "pol3": -0.47497824578169495, "pol4": -0.1948873986002235, "v0s": 4.252397044882661}, "datetime": {"datetime": "2022-05-17 22:27:24", "elapsed": 96259.249391, "delta": 54.059411}}
{"target": 5.42557168381286, "params": {"Bgrad": 1.7309567264543935, "d1": -1.515210955471416, "d2": 0.5802230193021942, "d3": -0.6608666519932642, "d4": 0.059773894476223166, "p1": 1.957167777567126, "p2": 33.88406348402857, "p3": 30.132019714480773, "p4": 33.132851508553514, "pol1": -0.6115121349613304, "pol2": 0.8651051261925726, "pol3": 0.16076113680927206, "pol4": -0.9499365585667194, "v0s": 5.42557168381286}, "datetime": {"datetime": "2022-05-17 22:28:09", "elapsed": 96304.622036, "delta": 45.372645}}
{"target": -1.0, "params": {"Bgrad": 0.8279683142923498, "d1": -2.637396159121196, "d2": 0.8801094964110772, "d3": 0.10744382507145334, "d4": -2.9736867343461344, "p1": 34.705034110963844, "p2": 8.665684608601886, "p3": 39.70256178279794, "p4": 32.21647652028963, "pol1": -0.46135562774881, "pol2": 0.37314030789690733, "pol3": 0.12541766375025665, "pol4": -0.7374039489204305, "v0s": 3.9020012697606887}, "datetime": {"datetime": "2022-05-17 22:29:01", "elapsed": 96356.490308, "delta": 51.868272}}
{"target": 4.643311140842721, "params": {"Bgrad": 1.2136274418623794, "d1": -2.501236794348101, "d2": 0.8716941565029708, "d3": -0.7713716336696801, "d4": -0.15944478407470974, "p1": 1.916718794052752, "p2": 33.07748449839082, "p3": 27.252832614343564, "p4": 32.53644427295982, "pol1": -0.9650079329904531, "pol2": 0.3847225461159067, "pol3": 0.7725582385184941, "pol4": -0.31826710000568914, "v0s": 4.643311140842721}, "datetime": {"datetime": "2022-05-17 22:29:29", "elapsed": 96384.842477, "delta": 28.352169}}
{"target": -1.0, "params": {"Bgrad": 0.9344572445905903, "d1": -2.2154763430563094, "d2": -1.0172316826298102, "d3": -0.37551431028311066, "d4": -1.9643057035595763, "p1": 49.26089479994055, "p2": 5.319849046747949, "p3": 29.84364552873758, "p4": 8.019227942724722, "pol1": -0.00951483588507096, "pol2": 0.4993930505591615, "pol3": -0.010489781631220163, "pol4": -0.1941302304751502, "v0s": 7.1472590836377226}, "datetime": {"datetime": "2022-05-17 22:30:08", "elapsed": 96423.641703, "delta": 38.799226}}
{"target": 3.218738431102061, "params": {"Bgrad": 0.550686167517938, "d1": -1.4828019052173809, "d2": 0.31189595568345396, "d3": -2.6410288556375523, "d4": -2.2407001473576895, "p1": 25.90998888354935, "p2": 8.152540442482353, "p3": 36.23783580455383, "p4": 29.453611854956602, "pol1": 0.6054484972223422, "pol2": 0.7987798972880862, "pol3": 0.5411493545143187, "pol4": 0.8009776797053672, "v0s": 3.218738431102061}, "datetime": {"datetime": "2022-05-17 22:30:57", "elapsed": 96472.227754, "delta": 48.586051}}
{"target": 4.686782697785115, "params": {"Bgrad": 0.9102659107072625, "d1": -3.0, "d2": -3.0, "d3": -0.07967301601288286, "d4": -1.3206739044921145, "p1": 3.947476936919039, "p2": 19.932954400770896, "p3": 2.259095141420618, "p4": 14.739476767372114, "pol1": -0.06956676971662945, "pol2": 0.1669149239355891, "pol3": 0.7524404808317253, "pol4": -1.0, "v0s": 4.686782697785115}, "datetime": {"datetime": "2022-05-17 22:31:36", "elapsed": 96511.883689, "delta": 39.655935}}
{"target": 4.5199090365996195, "params": {"Bgrad": 0.8670937959677838, "d1": -2.084805542291415, "d2": 1.0, "d3": -2.2194701537779356, "d4": -1.9206479137912607, "p1": 5.579998269058848, "p2": 37.697115715074716, "p3": 29.242719255403347, "p4": 38.99952316565553, "pol1": -0.21976533271215568, "pol2": -0.0929254833681863, "pol3": 0.7415243816495017, "pol4": 0.33143327283931645, "v0s": 4.5199090365996195}, "datetime": {"datetime": "2022-05-17 22:32:20", "elapsed": 96555.704486, "delta": 43.820797}}
{"target": 4.533671788633949, "params": {"Bgrad": 0.985025128117646, "d1": -3.0, "d2": 0.223101224940803, "d3": -1.3794316080666968, "d4": -2.6302400200464686, "p1": 30.057231426698287, "p2": 11.464618586251387, "p3": 13.446210458300923, "p4": 27.05472782330031, "pol1": -0.01940018327429547, "pol2": 0.2605403546801586, "pol3": -0.35477569933056285, "pol4": 0.20564514585334154, "v0s": 4.533671788633949}, "datetime": {"datetime": "2022-05-17 22:32:55", "elapsed": 96590.339848, "delta": 34.635362}}
{"target": 3.7957604720159273, "params": {"Bgrad": 1.661987943859311, "d1": -2.0067129212563812, "d2": -1.0710561397833138, "d3": -2.383136485450464, "d4": -0.21841763253134294, "p1": 10.116265673111775, "p2": 25.80142895368363, "p3": 43.957175375142086, "p4": 22.129372459827977, "pol1": 0.6984671126444142, "pol2": -0.709628316090227, "pol3": -0.7942566394813015, "pol4": -0.20540650215575318, "v0s": 3.7957604720159273}, "datetime": {"datetime": "2022-05-17 22:33:32", "elapsed": 96628.139748, "delta": 37.7999}}
{"target": 4.875655517857394, "params": {"Bgrad": 0.7764252431699298, "d1": -3.0, "d2": 0.896730537272527, "d3": -2.6386616258864306, "d4": -1.7752495824010852, "p1": 33.19606279551254, "p2": 6.375909671987469, "p3": 39.50416001096823, "p4": 32.28628678208603, "pol1": 0.866212170361462, "pol2": -0.3477093634447349, "pol3": 0.30827222737457965, "pol4": 0.1291175955610563, "v0s": 4.875655517857394}, "datetime": {"datetime": "2022-05-17 22:34:46", "elapsed": 96701.673074, "delta": 73.533326}}
{"target": 4.020974538357305, "params": {"Bgrad": 1.1239735507308837, "d1": -1.487116453009832, "d2": -0.6965007770767487, "d3": -3.0, "d4": -0.594654946102734, "p1": 23.218240246813394, "p2": 15.076372784365653, "p3": 33.69413427071146, "p4": 23.34198341804459, "pol1": 0.5196463780559097, "pol2": -0.8585771641168668, "pol3": -1.0, "pol4": 1.0, "v0s": 4.020974538357305}, "datetime": {"datetime": "2022-05-17 22:35:25", "elapsed": 96740.72662, "delta": 39.053546}}
{"target": 4.577074875472187, "params": {"Bgrad": 1.6073897716612913, "d1": -3.0, "d2": 0.7924611938025733, "d3": -1.2081884376315113, "d4": -3.0, "p1": 30.920127765197925, "p2": 14.111052658702569, "p3": 38.77003643598108, "p4": 25.37837851793704, "pol1": 0.05806961096207232, "pol2": 1.0, "pol3": -0.60504092366487, "pol4": 0.7901382743230391, "v0s": 4.577074875472187}, "datetime": {"datetime": "2022-05-17 22:36:16", "elapsed": 96791.284399, "delta": 50.557779}}
{"target": 4.359997072508094, "params": {"Bgrad": 1.6638953391652958, "d1": -2.34958214138485, "d2": 0.573970393772957, "d3": -2.6104626760884986, "d4": -3.0, "p1": 1.8201852277887671, "p2": 29.8739675365923, "p3": 19.66763937531669, "p4": 8.480189572954433, "pol1": -0.08496217727640283, "pol2": -0.966146868411623, "pol3": 1.0, "pol4": 0.23222217703267167, "v0s": 4.359997072508094}, "datetime": {"datetime": "2022-05-17 22:37:02", "elapsed": 96837.310295, "delta": 46.025896}}
{"target": 4.482955329067129, "params": {"Bgrad": 1.893723923138825, "d1": -3.0, "d2": 1.0, "d3": -1.0532252334055143, "d4": -3.0, "p1": 30.59510295427949, "p2": 13.289657501260002, "p3": 36.36377886485131, "p4": 25.509625701875493, "pol1": 1.0, "pol2": -0.20656181707562404, "pol3": -1.0, "pol4": -0.6581771635783087, "v0s": 4.482955329067129}, "datetime": {"datetime": "2022-05-17 22:38:02", "elapsed": 96897.707754, "delta": 60.397459}}
{"target": 3.7203231360121793, "params": {"Bgrad": 1.655144574430222, "d1": -2.228353691817456, "d2": -0.09093752620235407, "d3": -1.4399914150329474, "d4": 0.4770265973988013, "p1": 25.75361640775268, "p2": 40.80737919109331, "p3": 29.330738747529203, "p4": 21.258882856145977, "pol1": 0.3844949128263375, "pol2": 0.16644090986980117, "pol3": -1.0, "pol4": -1.0, "v0s": 3.7203231360121793}, "datetime": {"datetime": "2022-05-17 22:38:51", "elapsed": 96946.294803, "delta": 48.587049}}
{"target": 3.2538358469636117, "params": {"Bgrad": 1.440915957581907, "d1": -1.0714333090895911, "d2": -0.26888456087875623, "d3": -1.6172334734943257, "d4": -1.6546490034731218, "p1": 0.24739964378596713, "p2": 34.44859689808632, "p3": 33.02111311646947, "p4": 31.81272326377679, "pol1": -0.7639937662032525, "pol2": 0.8878527266234642, "pol3": -0.0336581288205855, "pol4": 0.5062884148304072, "v0s": 3.2538358469636117}, "datetime": {"datetime": "2022-05-17 22:39:41", "elapsed": 96997.007166, "delta": 50.712363}}
{"target": 4.503906988286095, "params": {"Bgrad": 1.597099324853542, "d1": -2.2115935149026154, "d2": 0.2614475637141904, "d3": -1.8106309082983176, "d4": -0.940290680578693, "p1": 7.5568440301199304, "p2": 30.60403821803572, "p3": 40.86437027560342, "p4": 31.18252886796091, "pol1": -0.5958341160492966, "pol2": 0.9925310730912531, "pol3": 0.5126079948158058, "pol4": 0.8917382283579793, "v0s": 4.503906988286095}, "datetime": {"datetime": "2022-05-17 22:40:14", "elapsed": 97029.86728, "delta": 32.860114}}
{"target": 4.536324472156863, "params": {"Bgrad": 2.0, "d1": -3.0, "d2": 0.8444710123223221, "d3": -2.3031587695917946, "d4": -0.4206996794967046, "p1": 29.19147188618659, "p2": 30.797246076688065, "p3": 8.340035033295965, "p4": 44.94392213472341, "pol1": -0.40088583884878387, "pol2": 0.22309789125178645, "pol3": 1.0, "pol4": -0.5914177271987561, "v0s": 4.536324472156863}, "datetime": {"datetime": "2022-05-17 22:41:01", "elapsed": 97077.153803, "delta": 47.286523}}
{"target": -1.0, "params": {"Bgrad": 1.7913387817332873, "d1": -1.4714882451139129, "d2": 1.0, "d3": -1.3588882739748578, "d4": 0.4347501939808674, "p1": 0.0, "p2": 8.754239390806777, "p3": 13.67171065725515, "p4": 19.213313126599683, "pol1": -0.12543185976047813, "pol2": 0.9178713342152475, "pol3": -0.7716442865652661, "pol4": -0.9301218334009185, "v0s": 4.208721144353038}, "datetime": {"datetime": "2022-05-17 22:41:57", "elapsed": 97132.313272, "delta": 55.159469}}
{"target": -1.0, "params": {"Bgrad": 1.5064077052994973, "d1": -0.8451195633376516, "d2": 0.6147494368713398, "d3": -2.9340712979124453, "d4": -2.819025107894245, "p1": 24.39554258581598, "p2": 8.468024417424246, "p3": 35.26397165185172, "p4": 26.349363232098305, "pol1": 0.8148403095806314, "pol2": 0.9503611808173373, "pol3": 0.6758901434900308, "pol4": 0.7475346488932175, "v0s": 5.2951575381075715}, "datetime": {"datetime": "2022-05-17 22:42:32", "elapsed": 97167.527089, "delta": 35.213817}}
{"target": 4.73078021705313, "params": {"Bgrad": 1.274377586467541, "d1": -3.0, "d2": -0.16434054650975563, "d3": -2.323034890231457, "d4": -2.262969116947289, "p1": 33.14927399705257, "p2": 5.495518975782637, "p3": 37.783047411514474, "p4": 27.375019837665892, "pol1": 0.7848084559957698, "pol2": -1.0, "pol3": -0.13752303220299106, "pol4": 1.0, "v0s": 4.73078021705313}, "datetime": {"datetime": "2022-05-17 22:43:28", "elapsed": 97223.432562, "delta": 55.905473}}
{"target": 4.230341119741449, "params": {"Bgrad": 1.8982019250500726, "d1": -1.2459981747282276, "d2": 1.0, "d3": -2.5978996156422567, "d4": -1.6274857362342043, "p1": 6.8530613039253945, "p2": 38.624842859140365, "p3": 31.53782732191494, "p4": 45.21239978182428, "pol1": -0.1575416543406, "pol2": -1.0, "pol3": 0.691202535618716, "pol4": 0.5222161712286075, "v0s": 4.230341119741449}, "datetime": {"datetime": "2022-05-17 22:44:13", "elapsed": 97268.969767, "delta": 45.537205}}
{"target": 4.107418173979999, "params": {"Bgrad": 1.5015479059653243, "d1": -3.0, "d2": 0.7460543779963813, "d3": -1.7983709634528615, "d4": -2.0663611372429322, "p1": 28.83940208201853, "p2": 29.555399224099556, "p3": 7.665546812824821, "p4": 44.50530509629684, "pol1": -0.14294287917964626, "pol2": 0.7149436693949448, "pol3": 0.06041185243475701, "pol4": -0.4252602581944144, "v0s": 4.107418173979999}, "datetime": {"datetime": "2022-05-17 22:44:45", "elapsed": 97301.045976, "delta": 32.076209}}
{"target": -1.0, "params": {"Bgrad": 1.692633443507166, "d1": -2.6551628338002558, "d2": -0.6244756915954266, "d3": 0.36544201630302453, "d4": 0.31838666627424583, "p1": 35.85297497273902, "p2": 16.26220271631646, "p3": 9.276470804295922, "p4": 45.04554789374364, "pol1": -0.6488925693197825, "pol2": 0.17267647232041083, "pol3": -0.7474896357133602, "pol4": -0.9018522243731482, "v0s": 7.061990844147388}, "datetime": {"datetime": "2022-05-17 22:45:25", "elapsed": 97341.127772, "delta": 40.081796}}
{"target": -1.0, "params": {"Bgrad": 0.6176677309856874, "d1": -2.5215014690120525, "d2": -1.9414590997956545, "d3": -2.8262088242069625, "d4": 0.8306966383243122, "p1": 7.570684462386701, "p2": 3.356596767799175, "p3": 38.966532517666266, "p4": 22.65026856616787, "pol1": -0.3142765639229854, "pol2": 0.6013980683399962, "pol3": 0.5399742265668559, "pol4": -0.6164766732072717, "v0s": 4.61531082048969}, "datetime": {"datetime": "2022-05-17 22:46:16", "elapsed": 97391.329501, "delta": 50.201729}}
{"target": 3.511962417610205, "params": {"Bgrad": 2.0, "d1": -1.8670663908035583, "d2": 0.7226765807316967, "d3": -1.6404684747872738, "d4": -0.8561223015850126, "p1": 27.64864968072762, "p2": 40.76553488224979, "p3": 30.44469440894916, "p4": 20.88534053781608, "pol1": -0.28863067741664944, "pol2": -0.07909996756083233, "pol3": -0.9502991337445043, "pol4": -1.0, "v0s": 3.511962417610205}, "datetime": {"datetime": "2022-05-17 22:47:21", "elapsed": 97457.102583, "delta": 65.773082}}
{"target": 4.761019589750506, "params": {"Bgrad": 2.0, "d1": -3.0, "d2": 0.21138140258800178, "d3": -2.065806457578402, "d4": -1.3943027985897292, "p1": 33.04434405186697, "p2": 9.521566389293111, "p3": 40.79779801743213, "p4": 35.52346299828667, "pol1": -0.15307887513254148, "pol2": -0.983992374306106, "pol3": -1.0, "pol4": -0.00831961765816639, "v0s": 4.761019589750506}, "datetime": {"datetime": "2022-05-17 22:48:08", "elapsed": 97504.098885, "delta": 46.996302}}
{"target": -1.0, "params": {"Bgrad": 1.1780366268918332, "d1": -2.450108764404356, "d2": 0.195415396265338, "d3": -2.5336693810674777, "d4": 0.7814479634125564, "p1": 1.3530666662014468, "p2": 34.384139529752126, "p3": 32.20079716511226, "p4": 31.862007965469473, "pol1": 0.8514343421496349, "pol2": 0.04481417748038363, "pol3": -0.7401368305493947, "pol4": -0.014799154234371281, "v0s": 3.943255615445396}, "datetime": {"datetime": "2022-05-17 22:49:07", "elapsed": 97562.746026, "delta": 58.647141}}
{"target": 4.134838642491355, "params": {"Bgrad": 1.12062812197345, "d1": -2.765268029790863, "d2": 0.5675302615287698, "d3": -2.058887973732057, "d4": -1.9422006053480438, "p1": 5.91303959105738, "p2": 38.5714154558409, "p3": 29.93407025679355, "p4": 40.603966022170006, "pol1": -0.6201405524881927, "pol2": -0.17290358612856443, "pol3": 0.9623100462312488, "pol4": -0.2741629509356334, "v0s": 4.134838642491355}, "datetime": {"datetime": "2022-05-17 22:49:45", "elapsed": 97600.489078, "delta": 37.743052}}
{"target": 4.877016998162811, "params": {"Bgrad": 2.0, "d1": -2.9890779653351065, "d2": 1.0, "d3": -1.7215902560025054, "d4": -2.2744152289572397, "p1": 36.43088605565938, "p2": 45.221588909588554, "p3": 19.271360185296903, "p4": 11.570284646774407, "pol1": 0.881102801136131, "pol2": 0.02333792974205372, "pol3": -0.25950522209412497, "pol4": -0.4623377262907256, "v0s": 4.877016998162811}, "datetime": {"datetime": "2022-05-17 22:50:24", "elapsed": 97639.304262, "delta": 38.815184}}
{"target": 4.769755113641109, "params": {"Bgrad": 0.8782245597670245, "d1": -3.0, "d2": -3.0, "d3": -2.6987096908377235, "d4": -3.0, "p1": 4.5288806526599075, "p2": 9.755308214584597, "p3": 37.52541625873297, "p4": 28.865159417086474, "pol1": -1.0, "pol2": -1.0, "pol3": -1.0, "pol4": -1.0, "v0s": 4.769755113641109}, "datetime": {"datetime": "2022-05-17 22:51:24", "elapsed": 97699.891214, "delta": 60.586952}}
{"target": 3.8775640685016004, "params": {"Bgrad": 2.0, "d1": -2.6541799076312675, "d2": 1.0, "d3": -2.2133571247011794, "d4": -1.0001600805487676, "p1": 30.76692410420778, "p2": 12.823201540546636, "p3": 40.13229928029005, "p4": 26.42937232611519, "pol1": -0.38277899092741696, "pol2": 0.7257165981937297, "pol3": -0.10979611964338787, "pol4": 0.8124849651893267, "v0s": 3.8775640685016004}, "datetime": {"datetime": "2022-05-17 22:51:59", "elapsed": 97734.468733, "delta": 34.577519}}
{"target": 4.774214247030138, "params": {"Bgrad": 2.0, "d1": -1.4611475105619829, "d2": 0.7748609606554324, "d3": -2.3287948893571038, "d4": -2.4541120660280367, "p1": 4.486170602148116, "p2": 38.92394372396309, "p3": 32.19357460454218, "p4": 42.79156528484326, "pol1": -0.83795456751334, "pol2": 0.7742905474494123, "pol3": 0.6051503278295113, "pol4": -0.5658207001167209, "v0s": 4.774214247030138}, "datetime": {"datetime": "2022-05-17 22:52:38", "elapsed": 97773.757649, "delta": 39.288916}}
