{"target": -1.0, "params": {"Bgrad": 1.200870461268662, "d1": -1.4575974838879215, "d2": 0.05378518887348127, "d3": 0.9823649710622759, "d4": -0.36387551487979763, "p1": 0.8731532367761974, "p2": 0.26429129598753986, "p3": 41.63622824143658, "p4": 47.92346917655067, "pol1": 0.5880206769697418, "pol2": -0.9579200497675024, "pol3": 0.6269685239783334, "pol4": 0.9359979335578588, "v0s": 5.952182392510838}, "datetime": {"datetime": "2022-04-14 16:24:44", "elapsed": 2704.365152, "delta": 16.36325}}
{"target": -1.0, "params": {"Bgrad": 1.1096272893476855, "d1": -2.7217102635305155, "d2": -0.08606957002850502, "d3": 0.5959091533121526, "d4": -0.3158803417697378, "p1": 15.874252922146177, "p2": 21.3986480493188, "p3": 22.570344528876852, "p4": 21.251756136026607, "pol1": -0.31745115796681667, "pol2": 0.4050580834588773, "pol3": 0.3799059806928162, "pol4": 0.021478735191610587, "v0s": 7.252755858609154}, "datetime": {"datetime": "2022-04-14 16:24:59", "elapsed": 2719.277282, "delta": 14.91213}}
{"target": -1.0, "params": {"Bgrad": 1.6524364757983838, "d1": -0.6994602681990538, "d2": -2.1108725668246455, "d3": -1.9787097269944054, "d4": -2.4084028117163654, "p1": 2.0806067961207875, "p2": 4.234800147354295, "p3": 44.24345786685448, "p4": 21.144684334283554, "pol1": 0.8038704906971594, "pol2": -0.11655062129337135, "pol3": -0.47598094521064804, "pol4": -0.510860691067327, "v0s": 4.7769089559796685}, "datetime": {"datetime": "2022-04-14 16:25:17", "elapsed": 2736.928089, "delta": 17.650807}}
{"target": -1.0, "params": {"Bgrad": 1.5565753938822036, "d1": 0.09596892095134146, "d2": 0.6263741668014133, "d3": -1.5362768213746087, "d4": -2.132129949811361, "p1": 44.24438769715183, "p2": 24.959136787972724, "p3": 26.61014542383824, "p4": 45.844768128332014, "pol1": 0.8499929602747627, "pol2": 0.06510602892580142, "pol3": -0.1322793295965854, "pol4": -0.9426490918456023, "v0s": 2.953050547425983}, "datetime": {"datetime": "2022-04-14 16:25:39", "elapsed": 2759.603462, "delta": 22.675373}}
{"target": -1.0, "params": {"Bgrad": 0.9787280562352519, "d1": -2.7297088520257864, "d2": -0.5661851116279171, "d3": -1.0776700119836882, "d4": -0.22727831773336105, "p1": 17.341373028518625, "p2": 20.34953455468271, "p3": 22.56845641019245, "p4": 21.783090886269267, "pol1": 0.1382866312156168, "pol2": -0.7149756884546636, "pol3": 0.061457617790088515, "pol4": -0.7463292204115304, "v0s": 7.35887992034272}, "datetime": {"datetime": "2022-04-14 16:25:56", "elapsed": 2776.115502, "delta": 16.51204}}
{"target": -1.0, "params": {"Bgrad": 0.6199278914694883, "d1": 0.018958931116624722, "d2": -0.6636081428856699, "d3": -2.505115682040171, "d4": 0.8974552428935341, "p1": 46.33224334179774, "p2": 47.29271526172149, "p3": 40.32097286149499, "p4": 47.03636991403568, "pol1": -0.633057264976252, "pol2": 0.34814804038904423, "pol3": 0.10469628779338902, "pol4": -0.1991129936567786, "v0s": 3.8654189819703504}, "datetime": {"datetime": "2022-04-14 16:26:05", "elapsed": 2785.191236, "delta": 9.075734}}
{"target": 5.7701218581464255, "params": {"Bgrad": 1.7485057303330633, "d1": -0.9699626959673631, "d2": 0.9377528730015454, "d3": 0.35879222119823595, "d4": 0.02223181937898744, "p1": 3.7354196471542367, "p2": 1.2857940932167522, "p3": 38.34679622136439, "p4": 44.698471196726366, "pol1": -0.7094916617833407, "pol2": 0.7970439009440764, "pol3": -0.8533507290384017, "pol4": -0.2028541923680176, "v0s": 5.7701218581464255}, "datetime": {"datetime": "2022-04-14 16:26:36", "elapsed": 2816.443678, "delta": 31.252442}}
{"target": 3.6650693324139683, "params": {"Bgrad": 1.8510281578690546, "d1": -2.6564344976522554, "d2": -2.2096596612397583, "d3": -2.1658445496398304, "d4": -2.439312542362891, "p1": 2.814159841003494, "p2": 0.607222731962126, "p3": 40.39672161820671, "p4": 49.91288669232861, "pol1": -0.7395569880632991, "pol2": 0.10588618977969988, "pol3": 0.27494557646000173, "pol4": 0.9583519824389943, "v0s": 3.6650693324139683}, "datetime": {"datetime": "2022-04-14 16:26:47", "elapsed": 2827.053311, "delta": 10.609633}}
{"target": -1.0, "params": {"Bgrad": 1.9722738163375786, "d1": -1.6110560301415249, "d2": -1.8447532076604842, "d3": -0.5187219266337277, "d4": -2.3351331782540607, "p1": 10.473625196178993, "p2": 1.6579181701967427, "p3": 42.665000202077316, "p4": 45.98912859352531, "pol1": 0.37728304691828396, "pol2": -0.48168731681965227, "pol3": 0.7961520603703787, "pol4": 0.750574401871666, "v0s": 4.24295602788922}, "datetime": {"datetime": "2022-04-14 16:27:13", "elapsed": 2852.68578, "delta": 25.632469}}
{"target": -1.0, "params": {"Bgrad": 1.8447818682081885, "d1": -0.6291864497122472, "d2": 0.9793874334152792, "d3": -1.3716291241516618, "d4": -1.2662077249241475, "p1": 18.799783282759165, "p2": 18.599495684112448, "p3": 23.20311773040466, "p4": 21.27763573521731, "pol1": 0.10653983765136177, "pol2": 0.39728248329636173, "pol3": 0.7519429592228177, "pol4": -0.6034991447966667, "v0s": 5.817386682814612}, "datetime": {"datetime": "2022-04-14 16:27:36", "elapsed": 2876.650704, "delta": 23.964924}}
{"target": 5.588008832194137, "params": {"Bgrad": 1.689553020693931, "d1": -0.9885015014687342, "d2": 0.9371452574734954, "d3": 0.4892511687193471, "d4": -0.13912199637011935, "p1": 3.7955913728230737, "p2": 1.3506101319008508, "p3": 38.99238042093972, "p4": 45.02941132835933, "pol1": -0.6827515476186932, "pol2": 0.5784971246710957, "pol3": -0.7675114212988108, "pol4": -0.12172540728302912, "v0s": 5.588008832194137}, "datetime": {"datetime": "2022-04-14 16:27:59", "elapsed": 2898.892237, "delta": 22.241533}}
{"target": -1.0, "params": {"Bgrad": 1.9436089728187356, "d1": 0.8984285426397074, "d2": -1.0274233769522638, "d3": -1.4990404233630383, "d4": -2.7687393178200237, "p1": 17.81200467764366, "p2": 16.03612437345773, "p3": 24.753071488426936, "p4": 23.14879656130977, "pol1": 0.3714858374750334, "pol2": -0.541444476330794, "pol3": -0.2775462535472326, "pol4": -0.00036760370759614247, "v0s": 5.338715865692416}, "datetime": {"datetime": "2022-04-14 16:28:17", "elapsed": 2916.951951, "delta": 18.059714}}
{"target": 3.745779093735041, "params": {"Bgrad": 1.0748050713552908, "d1": -0.29782843830786987, "d2": 0.025095545903630063, "d3": -1.8295944415926113, "d4": 0.013632082565228616, "p1": 9.484030040629735, "p2": 28.60762413069032, "p3": 49.21083724873503, "p4": 20.23835184878467, "pol1": 0.14149677655739565, "pol2": 0.352583407724541, "pol3": -0.6040141952236276, "pol4": 0.023896230148832794, "v0s": 3.745779093735041}, "datetime": {"datetime": "2022-04-14 16:28:24", "elapsed": 2924.408016, "delta": 7.456065}}
{"target": -1.0, "params": {"Bgrad": 1.1691585236648294, "d1": -0.34269494995719896, "d2": -1.2672240369366787, "d3": -2.663427903196522, "d4": -1.2130058215736783, "p1": 46.6666824188956, "p2": 45.99225897652269, "p3": 41.889104140966964, "p4": 46.605040739138104, "pol1": -0.5659269496075361, "pol2": -0.6723964063341064, "pol3": 0.006619564633060682, "pol4": -0.37351326721078837, "v0s": 3.5337543004579284}, "datetime": {"datetime": "2022-04-14 16:28:39", "elapsed": 2939.138631, "delta": 14.730615}}
{"target": 5.751693332616428, "params": {"Bgrad": 1.6948578188061507, "d1": -2.771780670770883, "d2": -0.41152112738595203, "d3": -1.6059127448784176, "d4": 0.36170067366345426, "p1": 16.37159672814551, "p2": 20.423563099138274, "p3": 24.215544044922936, "p4": 23.832136579110475, "pol1": -0.3491241720710696, "pol2": -0.763269635250984, "pol3": -0.11680958096461702, "pol4": 0.8509044193857209, "v0s": 5.751693332616428}, "datetime": {"datetime": "2022-04-14 16:28:50", "elapsed": 2949.912824, "delta": 10.774193}}
{"target": -1.0, "params": {"Bgrad": 0.8133756545634457, "d1": -2.466208282159755, "d2": 0.7630444047560605, "d3": 0.9568680060431491, "d4": -0.940202753773737, "p1": 3.495242009417959, "p2": 0.5760064615314642, "p3": 43.9479558806073, "p4": 44.48395542042955, "pol1": 0.09133520434500397, "pol2": -0.8888579820151052, "pol3": -0.048175910471475625, "pol4": 0.5483420262884544, "v0s": 6.020256316442758}, "datetime": {"datetime": "2022-04-14 16:29:05", "elapsed": 2964.816976, "delta": 14.904152}}
{"target": -1.0, "params": {"Bgrad": 0.9109272045730457, "d1": -2.0487961540442208, "d2": 0.6158366332006926, "d3": -0.49975631517397634, "d4": -1.6262985050736423, "p1": 16.825482921418338, "p2": 18.178581661994336, "p3": 24.103698652456707, "p4": 24.54940249585156, "pol1": -0.5303757056769713, "pol2": -0.03370951771699526, "pol3": -0.37564128268977637, "pol4": 0.9778750020265881, "v0s": 6.835237895663743}, "datetime": {"datetime": "2022-04-14 16:29:19", "elapsed": 2979.576514, "delta": 14.759538}}
{"target": 3.0483209006535352, "params": {"Bgrad": 1.4106412429586908, "d1": -1.3456543399953547, "d2": 0.2654060473088564, "d3": -2.2594784069238774, "d4": -0.19249388097475828, "p1": 12.017781242456943, "p2": 28.710954442042986, "p3": 17.449379861039443, "p4": 2.848219974141636, "pol1": -0.5423726580792483, "pol2": 0.3282051107095869, "pol3": -0.005499813278937449, "pol4": 0.03803196814735754, "v0s": 3.0483209006535352}, "datetime": {"datetime": "2022-04-14 16:29:27", "elapsed": 2987.538227, "delta": 7.961713}}
{"target": -1.0, "params": {"Bgrad": 1.3560737773193845, "d1": 0.9870137008328399, "d2": 0.26734043516648764, "d3": -0.6225095046760889, "d4": 0.9039562733236197, "p1": 45.078129233466065, "p2": 29.780396680132277, "p3": 1.6213162657228553, "p4": 4.678854790874038, "pol1": -0.8692565699155472, "pol2": -0.09653370261704941, "pol3": -0.2491303336642845, "pol4": 0.9507000685405731, "v0s": 3.0078997591976897}, "datetime": {"datetime": "2022-04-14 16:29:41", "elapsed": 3001.237599, "delta": 13.699372}}
{"target": -1.0, "params": {"Bgrad": 1.9591813878989828, "d1": 0.06989947545205233, "d2": 0.29695135849799126, "d3": -0.4695367328880109, "d4": -0.3250689191730718, "p1": 23.844116676059667, "p2": 0.6568178461536123, "p3": 17.650304277091237, "p4": 24.60359007467792, "pol1": 0.46018242218020866, "pol2": -0.06274331450778159, "pol3": -0.08519016782113664, "pol4": -0.7246745181087937, "v0s": 2.065332402820874}, "datetime": {"datetime": "2022-04-14 16:30:05", "elapsed": 3024.913298, "delta": 23.675699}}
{"target": 2.782014685726126, "params": {"Bgrad": 1.6374173907154943, "d1": -1.7201886476892865, "d2": 0.9375338007740428, "d3": -2.119063095363376, "d4": -1.6451678980732813, "p1": 26.194806783306586, "p2": 37.74457285302664, "p3": 23.192889195014782, "p4": 6.241127155583815, "pol1": -0.374997243015901, "pol2": 0.009038339401989282, "pol3": 0.3476980160337353, "pol4": 0.5402999126241843, "v0s": 2.782014685726126}, "datetime": {"datetime": "2022-04-14 16:30:14", "elapsed": 3034.005987, "delta": 9.092689}}
{"target": -1.0, "params": {"Bgrad": 0.5343726969835727, "d1": -0.9236707111520421, "d2": 0.23995484264966516, "d3": -2.9495849318804948, "d4": -0.31012062138506424, "p1": 34.34041133284959, "p2": 22.462337679331878, "p3": 45.73943433709671, "p4": 32.21805423784965, "pol1": -0.9895203246970683, "pol2": -0.031143108971248834, "pol3": 0.7186356121952, "pol4": 0.6607991400746789, "v0s": 5.894925182674868}, "datetime": {"datetime": "2022-04-14 16:30:23", "elapsed": 3043.038838, "delta": 9.032851}}
{"target": -1.0, "params": {"Bgrad": 1.5105476358479475, "d1": -0.6860016808431979, "d2": -1.9035208993325914, "d3": -0.7578800378557649, "d4": -0.3130808607303188, "p1": 17.62148151082044, "p2": 42.79141836269639, "p3": 9.751874300435365, "p4": 37.36604051659616, "pol1": -0.42079450762624515, "pol2": 0.547598574488364, "pol3": -0.14452534132784756, "pol4": 0.6153968182244189, "v0s": 4.121209176007943}, "datetime": {"datetime": "2022-04-14 16:30:39", "elapsed": 3059.290385, "delta": 16.251547}}
{"target": -1.0, "params": {"Bgrad": 0.8205398564443718, "d1": 0.06913803368706617, "d2": -1.7654322094773955, "d3": -0.06701972909428999, "d4": -0.02210738768907161, "p1": 11.069835045410054, "p2": 10.705606841032422, "p3": 9.947396171353335, "p4": 7.125916888292233, "pol1": -0.24583480158533177, "pol2": -0.946744230616757, "pol3": -0.7781592619315187, "pol4": 0.34912804752682103, "v0s": 6.798659221384318}, "datetime": {"datetime": "2022-04-14 16:30:48", "elapsed": 3068.467847, "delta": 9.177462}}
{"target": -1.0, "params": {"Bgrad": 0.6207942906925789, "d1": -2.073190758056832, "d2": -2.1694973527847425, "d3": 0.6693342523265224, "d4": -0.15474192745405313, "p1": 27.694230552570716, "p2": 15.225899396031013, "p3": 41.74270238158992, "p4": 21.765297881476, "pol1": 0.8469124302375504, "pol2": 0.41210360867186635, "pol3": -0.04393738406943326, "pol4": -0.7475797925012826, "v0s": 7.856261302806486}, "datetime": {"datetime": "2022-04-14 16:30:57", "elapsed": 3076.924238, "delta": 8.456391}}
{"target": -1.0, "params": {"Bgrad": 0.73975047551614, "d1": -2.1895914991213496, "d2": -1.2752729793585162, "d3": -1.383192376899411, "d4": -2.4129940769428235, "p1": 36.46594596805617, "p2": 9.437253343859297, "p3": 32.19478221558314, "p4": 37.715297528814936, "pol1": -0.5785352158333585, "pol2": 0.20190849621527995, "pol3": 0.4978567504916729, "pol4": 0.27643742124066684, "v0s": 5.582763817679894}, "datetime": {"datetime": "2022-04-14 16:31:03", "elapsed": 3082.681844, "delta": 5.757606}}
{"target": -1.0, "params": {"Bgrad": 0.9432234284832456, "d1": -0.07357411503396483, "d2": 0.7812337599997989, "d3": -1.2977544389538123, "d4": 0.12872726732562123, "p1": 2.807051983095765, "p2": 41.7635801244983, "p3": 9.612500841107385, "p4": 19.75484344449866, "pol1": -0.3998379081492871, "pol2": -0.8397927123879014, "pol3": 0.8092620058724858, "pol4": -0.2596916448925235, "v0s": 5.184184630856837}, "datetime": {"datetime": "2022-04-14 16:31:16", "elapsed": 3095.941392, "delta": 13.259548}}
{"target": -1.0, "params": {"Bgrad": 1.2411743988444877, "d1": -2.4713554322282474, "d2": -2.174183764442268, "d3": -2.6952447638707153, "d4": -0.9683132002188501, "p1": 13.077477591649355, "p2": 17.853080444139596, "p3": 5.403266434861842, "p4": 39.37759198262536, "pol1": -0.7868322464223978, "pol2": 0.9714176474263756, "pol3": -0.6456776711231653, "pol4": 0.14481022486929862, "v0s": 2.269072007534529}, "datetime": {"datetime": "2022-04-14 16:31:24", "elapsed": 3103.936017, "delta": 7.994625}}
{"target": 5.35342286696563, "params": {"Bgrad": 1.6806744344837512, "d1": -2.241576208726814, "d2": -0.8883840863674934, "d3": -0.039689827363713626, "d4": -2.4002740603309762, "p1": 27.554358709348588, "p2": 10.83086041643897, "p3": 37.95980246585724, "p4": 36.14575967781069, "pol1": -0.646901931445834, "pol2": 0.7239331153341468, "pol3": -0.9604498009673115, "pol4": 0.7204739948462304, "v0s": 5.35342286696563}, "datetime": {"datetime": "2022-04-14 16:31:34", "elapsed": 3114.531689, "delta": 10.595672}}
{"target": -1.0, "params": {"Bgrad": 1.1048307081587738, "d1": 0.03498772408934636, "d2": -0.13228399323012052, "d3": 0.9493046992337062, "d4": -1.887659805548069, "p1": 0.18968362046712928, "p2": 46.69513041574439, "p3": 42.89485522689469, "p4": 36.4425438759628, "pol1": 0.03337756584307683, "pol2": 0.413912490497522, "pol3": 0.5610591137534855, "pol4": -0.25024811292628124, "v0s": 6.621935151979746}, "datetime": {"datetime": "2022-04-14 16:31:48", "elapsed": 3128.230065, "delta": 13.698376}}
{"target": -1.0, "params": {"Bgrad": 1.625936478762763, "d1": -0.5471551538229611, "d2": -1.3925363041286505, "d3": -0.21076792294263624, "d4": -2.9875485686992316, "p1": 38.74483233622989, "p2": 44.820830122842345, "p3": 11.965785371875231, "p4": 6.038359215461487, "pol1": -0.5594320244125448, "pol2": -0.39580653741980343, "pol3": 0.7660570171276684, "pol4": 0.08633286047618904, "v0s": 3.7202698976385835}, "datetime": {"datetime": "2022-04-14 16:32:11", "elapsed": 3151.000182, "delta": 22.770117}}
{"target": -1.0, "params": {"Bgrad": 0.7075320346894198, "d1": -1.8394221475818333, "d2": -0.5445156410349896, "d3": -1.7034458804102135, "d4": -1.1705592732360062, "p1": 22.20585535083072, "p2": 41.406768036575606, "p3": 21.31740771181153, "p4": 17.284941058775118, "pol1": 0.34994320961821046, "pol2": -0.5570358885329425, "pol3": -0.06550835214689243, "pol4": -0.3704686253519671, "v0s": 5.761133612977008}, "datetime": {"datetime": "2022-04-14 16:32:19", "elapsed": 3159.200259, "delta": 8.200077}}
{"target": -1.0, "params": {"Bgrad": 1.8160407120422188, "d1": -1.209243999417486, "d2": 0.1378296751676924, "d3": -1.1721371977537984, "d4": -0.3750826731314745, "p1": 6.592048751375107, "p2": 21.649075348382407, "p3": 45.465599432746835, "p4": 30.273950051546734, "pol1": 0.5335491744742042, "pol2": 0.009401216191788686, "pol3": -0.003888750343985059, "pol4": 0.6857996803856998, "v0s": 2.4068416060457225}, "datetime": {"datetime": "2022-04-14 16:32:27", "elapsed": 3167.108115, "delta": 7.907856}}
{"target": -1.0, "params": {"Bgrad": 1.359908407324527, "d1": 0.7710503017317971, "d2": -0.9285598073107124, "d3": -2.222136761888462, "d4": 0.39175756977390463, "p1": 12.58195711779264, "p2": 35.036301824126895, "p3": 27.013047019844993, "p4": 47.44181441401098, "pol1": 0.24867340480535183, "pol2": 0.6759559240954587, "pol3": -0.9841342476109538, "pol4": 0.978680112333276, "v0s": 2.466287421994319}, "datetime": {"datetime": "2022-04-14 16:33:07", "elapsed": 3207.626782, "delta": 40.518667}}
{"target": -1.0, "params": {"Bgrad": 0.9831942704221543, "d1": 0.7846095818270613, "d2": -2.9642435905150197, "d3": 0.2909200216877421, "d4": 0.4448465534671775, "p1": 21.991540710428627, "p2": 12.78725969029656, "p3": 40.13447598166493, "p4": 23.893100221611057, "pol1": -0.7313227826886077, "pol2": 0.8556979856500215, "pol3": 0.7919399340132969, "pol4": -0.016909699966129343, "v0s": 7.140214979106753}, "datetime": {"datetime": "2022-04-14 16:33:17", "elapsed": 3217.388681, "delta": 9.761899}}
{"target": -1.0, "params": {"Bgrad": 1.127867038646148, "d1": -0.2661403993347955, "d2": -1.4080374423683102, "d3": -0.9770319301967585, "d4": -2.241793188664291, "p1": 48.249446205545695, "p2": 14.710784412212735, "p3": 5.172977805820067, "p4": 7.215770011452404, "pol1": -0.9718154116151141, "pol2": 0.431891398924789, "pol3": 0.1289966404817482, "pol4": 0.5891567023695043, "v0s": 5.042479539704819}, "datetime": {"datetime": "2022-04-14 16:33:28", "elapsed": 3227.965404, "delta": 10.576723}}
{"target": -1.0, "params": {"Bgrad": 1.6877315592562308, "d1": -0.21694314291264227, "d2": 0.11139390743670141, "d3": -1.3740685240916548, "d4": -0.4089174672500753, "p1": 8.98971488464872, "p2": 16.0909981693952, "p3": 8.630231005989625, "p4": 20.43186125066312, "pol1": -0.5171625040688024, "pol2": -0.18615601174128416, "pol3": 0.9504446848746242, "pol4": -0.35936134835593747, "v0s": 7.894945669849372}, "datetime": {"datetime": "2022-04-14 16:33:44", "elapsed": 3243.778124, "delta": 15.81272}}
{"target": -1.0, "params": {"Bgrad": 1.4544591887839753, "d1": -1.499635926424356, "d2": 0.42993799633438634, "d3": -0.5216530425257049, "d4": -1.9918676794766426, "p1": 39.64278389884438, "p2": 21.646925436708152, "p3": 17.87555836652207, "p4": 16.513846826254046, "pol1": 0.39473775122627885, "pol2": -0.4626997521875469, "pol3": 0.6165560274107602, "pol4": -0.4094224112003044, "v0s": 5.264728301512143}, "datetime": {"datetime": "2022-04-14 16:34:09", "elapsed": 3269.435525, "delta": 25.657401}}
{"target": -1.0, "params": {"Bgrad": 1.2318822377078036, "d1": 0.42142565038147906, "d2": 0.5535457375815436, "d3": -2.262462230528933, "d4": -0.6586061642469958, "p1": 44.910252300856854, "p2": 22.305860951721485, "p3": 46.09341527419077, "p4": 13.949544522848544, "pol1": 0.21766234838759146, "pol2": 0.3649074195336308, "pol3": -0.5435885332990318, "pol4": -0.9724649748845664, "v0s": 4.500343774224176}, "datetime": {"datetime": "2022-04-14 16:34:32", "elapsed": 3292.259501, "delta": 22.823976}}
{"target": 4.231532730006124, "params": {"Bgrad": 1.907722837785101, "d1": -1.6278875606783738, "d2": 0.11897718193039974, "d3": -2.3010547486903703, "d4": -1.6321886547901903, "p1": 7.229886041904837, "p2": 35.8385407073188, "p3": 34.96538118484071, "p4": 34.42486589744594, "pol1": -0.4932079310274007, "pol2": 0.38472024324681775, "pol3": -0.5454049181681009, "pol4": -0.1507017681373206, "v0s": 4.231532730006124}, "datetime": {"datetime": "2022-04-14 16:34:43", "elapsed": 3303.546324, "delta": 11.286823}}
{"target": 4.9837351155170975, "params": {"Bgrad": 1.0329618674301833, "d1": -2.7693807710349745, "d2": -0.47341349253624143, "d3": -0.17073358927320204, "d4": -0.5456452219886576, "p1": 32.41563780815623, "p2": 8.497035710862889, "p3": 7.472339946943124, "p4": 25.70875217629414, "pol1": 0.7506654527090781, "pol2": -0.6320931169055559, "pol3": -0.07432176258348022, "pol4": -0.14213533194019412, "v0s": 4.9837351155170975}, "datetime": {"datetime": "2022-04-14 16:34:51", "elapsed": 3311.319543, "delta": 7.773219}}
{"target": 2.7485078004150756, "params": {"Bgrad": 0.7422661557290179, "d1": -1.6302374354607578, "d2": -1.9524783835859192, "d3": 0.37810777291791586, "d4": 0.20132898310560687, "p1": 21.33195791340718, "p2": 30.350773039451944, "p3": 7.273280513310998, "p4": 25.48066471087793, "pol1": -0.4061058284261909, "pol2": 0.7193019071384021, "pol3": 0.3431967618127798, "pol4": 0.26694802524484196, "v0s": 2.7485078004150756}, "datetime": {"datetime": "2022-04-14 16:34:55", "elapsed": 3315.290923, "delta": 3.97138}}
{"target": -1.0, "params": {"Bgrad": 1.2058818192483285, "d1": 0.946291118347526, "d2": 0.7931966962906603, "d3": -0.4196574389582257, "d4": -2.3931005158721055, "p1": 31.95634243599525, "p2": 28.283105627196374, "p3": 23.4332918830626, "p4": 21.401873473413506, "pol1": 0.19853951131606018, "pol2": 0.6999397770319309, "pol3": 0.5022420807438748, "pol4": 0.1587210805944661, "v0s": 7.548225089216168}, "datetime": {"datetime": "2022-04-14 16:35:08", "elapsed": 3328.391895, "delta": 13.100972}}
