{"target": 4.318431745489647, "params": {"Bgrad": 1.546062191594739, "d1": -2.3337097913079723, "d2": -3.0, "d3": -3.0, "d4": -3.0, "p1": 24.163381628207983, "p2": 31.50630298027757, "p3": 43.21355517784485, "p4": 46.287903950170055, "pol1": 0.5272219245133302, "pol2": 0.08181359582111221, "pol3": -0.9365377839022945, "pol4": 0.9658650372951935, "v0s": 4.318431745489647}, "datetime": {"datetime": "2022-05-17 10:35:01", "elapsed": 53517.044151, "delta": 18.696993}}
{"target": -1.0, "params": {"Bgrad": 0.9070800218966145, "d1": -1.4736136630219911, "d2": -0.03241147708364431, "d3": -1.376556180300796, "d4": 0.35858254559230485, "p1": 45.89076836476269, "p2": 26.07622287166721, "p3": 20.473990627637956, "p4": 5.29363322618403, "pol1": -0.6335789011668381, "pol2": 1.0, "pol3": -0.481612899753805, "pol4": 0.2138286254319585, "v0s": 3.971227885406014}, "datetime": {"datetime": "2022-05-17 10:35:28", "elapsed": 53543.943206, "delta": 26.899055}}
{"target": 3.5856849281943095, "params": {"Bgrad": 1.0157466704435594, "d1": -2.6017580493584647, "d2": -2.5146952374206832, "d3": -1.0161694222709672, "d4": 0.3631494214473956, "p1": 32.62661500728875, "p2": 9.488849552056323, "p3": 37.03018758307493, "p4": 28.843628094710617, "pol1": 0.6124681778417445, "pol2": -0.35201757790776633, "pol3": 0.2012852543060777, "pol4": -0.227531979227233, "v0s": 3.5856849281943095}, "datetime": {"datetime": "2022-05-17 10:35:51", "elapsed": 53566.784115, "delta": 22.840909}}
{"target": 4.79450247553174, "params": {"Bgrad": 1.3168359735023463, "d1": -2.727121847623551, "d2": 0.3197187649975768, "d3": -1.426005657460617, "d4": -2.050270346179539, "p1": 28.19960632438523, "p2": 29.998889005919242, "p3": 9.230292457961243, "p4": 44.08540038826264, "pol1": 0.1357945180859943, "pol2": -0.07754842214192115, "pol3": 0.7550176065645569, "pol4": 0.06243449156744885, "v0s": 4.79450247553174}, "datetime": {"datetime": "2022-05-17 10:36:12", "elapsed": 53587.554562, "delta": 20.770447}}
{"target": 5.439941063660325, "params": {"Bgrad": 0.8765786888256627, "d1": -2.2021355737044677, "d2": 0.2869444260118418, "d3": -0.4375540646485968, "d4": -2.6852973110083926, "p1": 7.773139159494336, "p2": 36.23154022593741, "p3": 43.26709645125116, "p4": 32.45582352035973, "pol1": -0.17627879309122724, "pol2": -0.2658197239006941, "pol3": 0.3525795505919458, "pol4": 0.16249522810680853, "v0s": 5.439941063660325}, "datetime": {"datetime": "2022-05-17 10:36:36", "elapsed": 53611.54739, "delta": 23.992828}}
{"target": -1.0, "params": {"Bgrad": 0.9874556966248808, "d1": 0.2234482208840119, "d2": -3.0, "d3": -2.9974346212301213, "d4": -2.8644271352074933, "p1": 7.964485496198268, "p2": 35.325624012494366, "p3": 36.003734979446165, "p4": 17.511970445341795, "pol1": 0.9925986891760799, "pol2": 0.9726692496492602, "pol3": -0.9877518921991942, "pol4": -0.8516782724827991, "v0s": 4.566783880450308}, "datetime": {"datetime": "2022-05-17 10:37:07", "elapsed": 53642.725002, "delta": 31.177612}}
{"target": -1.0, "params": {"Bgrad": 1.3711001050264426, "d1": -0.6827732506691078, "d2": 0.1329251542657066, "d3": -2.1469642791620567, "d4": -1.3373025072905302, "p1": 31.88275245892139, "p2": 8.587938920064753, "p3": 41.20168025235834, "p4": 34.7042386782897, "pol1": -0.4843590257014103, "pol2": -0.0826001028126857, "pol3": 0.21682105200867086, "pol4": -0.4586081721212789, "v0s": 2.041595357513148}, "datetime": {"datetime": "2022-05-17 10:37:30", "elapsed": 53665.750418, "delta": 23.025416}}
{"target": 3.846648970441792, "params": {"Bgrad": 0.9407133931530709, "d1": -2.7932871006787794, "d2": -0.961665388024938, "d3": -2.1406760515845766, "d4": -2.3662501340149653, "p1": 28.444333045656727, "p2": 8.661597150472872, "p3": 16.057639504287895, "p4": 27.40345041421418, "pol1": -0.22442817548523752, "pol2": 0.33219771616085936, "pol3": -0.8593716519812538, "pol4": -0.6932376451095688, "v0s": 3.846648970441792}, "datetime": {"datetime": "2022-05-17 10:37:49", "elapsed": 53684.631917, "delta": 18.881499}}
{"target": 4.0407705217594, "params": {"Bgrad": 2.0, "d1": -2.322246543157876, "d2": 1.0, "d3": -1.1410784788892843, "d4": -3.0, "p1": 42.2081634478896, "p2": 22.586390224204592, "p3": 16.78512147222435, "p4": 12.98532646687854, "pol1": -0.9906462793670224, "pol2": 0.6489764763528607, "pol3": 0.17531495553084003, "pol4": -0.4515877149095038, "v0s": 4.0407705217594}, "datetime": {"datetime": "2022-05-17 10:38:13", "elapsed": 53708.946884, "delta": 24.314967}}
{"target": 4.693913972619673, "params": {"Bgrad": 1.0345972450455527, "d1": -1.8078758518579545, "d2": -3.0, "d3": -2.0942467836843353, "d4": -3.0, "p1": 4.977030614207777, "p2": 11.015830232430158, "p3": 36.9134383253087, "p4": 28.747679273734356, "pol1": -1.0, "pol2": -1.0, "pol3": 0.3148344648280573, "pol4": -1.0, "v0s": 4.693913972619673}, "datetime": {"datetime": "2022-05-17 10:38:35", "elapsed": 53730.346647, "delta": 21.399763}}
{"target": 5.504452635155668, "params": {"Bgrad": 1.1709890705959887, "d1": -2.3014183996585382, "d2": 0.7334154087089839, "d3": -1.502623483083454, "d4": -0.42189818603577267, "p1": 36.02673913825994, "p2": 10.948407257572674, "p3": 41.252109688019075, "p4": 38.555350086320786, "pol1": 0.665456894871578, "pol2": -0.05436767801104736, "pol3": -0.37984676384430704, "pol4": -0.9870552907301446, "v0s": 5.504452635155668}, "datetime": {"datetime": "2022-05-17 10:38:53", "elapsed": 53749.212189, "delta": 18.865542}}
{"target": 4.751148871437006, "params": {"Bgrad": 1.0505633887638601, "d1": -2.4946820998932155, "d2": 0.9947697411313869, "d3": -1.2671990954761312, "d4": -1.758077456948166, "p1": 5.909729376223933, "p2": 36.5993371945031, "p3": 34.13309878384912, "p4": 38.644609960339714, "pol1": -1.0, "pol2": 0.33800030767094325, "pol3": 0.8915139955012533, "pol4": 0.26732638667192093, "v0s": 4.751148871437006}, "datetime": {"datetime": "2022-05-17 10:39:22", "elapsed": 53777.653121, "delta": 28.440932}}
{"target": 4.876774551275012, "params": {"Bgrad": 1.1093649071972118, "d1": -1.857571684137503, "d2": 1.0, "d3": -2.7944168168749557, "d4": -3.0, "p1": 6.964641834848478, "p2": 30.449692399838955, "p3": 32.18547918429016, "p4": 39.388622418741456, "pol1": -0.45135353199349426, "pol2": -1.0, "pol3": -0.890247720722242, "pol4": 0.3933252987772227, "v0s": 4.876774551275012}, "datetime": {"datetime": "2022-05-17 10:39:51", "elapsed": 53806.288531, "delta": 28.63541}}
{"target": 4.817734084777575, "params": {"Bgrad": 1.9532476563425363, "d1": -3.0, "d2": -3.0, "d3": -2.325205465928998, "d4": -3.0, "p1": 4.593943809454651, "p2": 10.718253241989558, "p3": 36.54834826564709, "p4": 28.770192703600735, "pol1": -1.0, "pol2": -0.178617276430305, "pol3": -0.6314277283812988, "pol4": -1.0, "v0s": 4.817734084777575}, "datetime": {"datetime": "2022-05-17 10:40:25", "elapsed": 53840.817179, "delta": 34.528648}}
{"target": 4.0391233096944905, "params": {"Bgrad": 1.9575002167229563, "d1": -1.6717795099033594, "d2": 0.9468825330433521, "d3": -2.6101684202897935, "d4": -0.6986036884519131, "p1": 5.707983341525996, "p2": 37.45906845930057, "p3": 42.45132872569097, "p4": 31.2837428231534, "pol1": -0.7119725181908549, "pol2": -0.12453000785280444, "pol3": 0.9436917632543396, "pol4": 0.1369181787731628, "v0s": 4.0391233096944905}, "datetime": {"datetime": "2022-05-17 10:40:42", "elapsed": 53857.645171, "delta": 16.827992}}
{"target": 5.190882685984523, "params": {"Bgrad": 0.669752703613556, "d1": -2.010427813216919, "d2": -0.24230857557115337, "d3": -2.7446967536502864, "d4": -0.8379267500468122, "p1": 32.074873726426546, "p2": 11.108307044885606, "p3": 41.54689920471917, "p4": 34.611318046013025, "pol1": 0.19816352923879532, "pol2": -0.6651319004542942, "pol3": -0.22562128499457712, "pol4": 0.9741288246606457, "v0s": 5.190882685984523}, "datetime": {"datetime": "2022-05-17 10:41:01", "elapsed": 53876.613438, "delta": 18.968267}}
{"target": 3.7539578508237295, "params": {"Bgrad": 0.8014090645245681, "d1": -2.100559221651076, "d2": 0.3982205000708672, "d3": -2.6175550631032842, "d4": -0.45121882138103375, "p1": 7.271136194930289, "p2": 35.55421682953691, "p3": 33.98941223482785, "p4": 34.649161608121545, "pol1": -0.5257520104656299, "pol2": 0.6089487672261216, "pol3": 0.3948790856208986, "pol4": -0.33204596520717256, "v0s": 3.7539578508237295}, "datetime": {"datetime": "2022-05-17 10:41:16", "elapsed": 53891.842706, "delta": 15.229268}}
{"target": 4.419914276102639, "params": {"Bgrad": 1.3057957638124056, "d1": -1.9073226462982977, "d2": -0.5257801454864839, "d3": -2.3658051079648157, "d4": -0.464346039343702, "p1": 23.811966070451334, "p2": 9.24864898853, "p3": 10.795557177583708, "p4": 25.260130687679588, "pol1": 0.2321656135801673, "pol2": -0.19967404976263414, "pol3": -0.9048529636329365, "pol4": 0.4522087226851128, "v0s": 4.419914276102639}, "datetime": {"datetime": "2022-05-17 10:41:41", "elapsed": 53917.054275, "delta": 25.211569}}
{"target": 4.2883300360964896, "params": {"Bgrad": 1.2150560967528492, "d1": -1.4479962095806542, "d2": 0.7614714856454403, "d3": -2.435291226421084, "d4": -3.0, "p1": 1.3266021340412584, "p2": 29.05160487864327, "p3": 17.56942637073528, "p4": 12.439736113011664, "pol1": -0.03867539057832566, "pol2": -0.11499234019286585, "pol3": 0.8644006721179994, "pol4": -0.7154532844934892, "v0s": 4.2883300360964896}, "datetime": {"datetime": "2022-05-17 10:42:05", "elapsed": 53940.972302, "delta": 23.918027}}
{"target": 5.019577749907992, "params": {"Bgrad": 0.9441479531388974, "d1": -0.7379335975737393, "d2": 0.6813265305767735, "d3": -2.934084838561191, "d4": -2.0998660825950637, "p1": 3.8929734034502337, "p2": 34.43152063302753, "p3": 36.1389381274862, "p4": 36.643606344556275, "pol1": 0.735103045518448, "pol2": 0.605805183122039, "pol3": -0.17729192744897437, "pol4": -0.0703930789306555, "v0s": 5.019577749907992}, "datetime": {"datetime": "2022-05-17 10:42:24", "elapsed": 53959.760052, "delta": 18.78775}}
{"target": 4.569413774523505, "params": {"Bgrad": 1.6809825546158559, "d1": -2.3944381404039077, "d2": 0.2753655219668816, "d3": -0.49939418799324936, "d4": -0.8463485349438334, "p1": 27.158882563426616, "p2": 11.112776212230347, "p3": 12.351121043484268, "p4": 27.57617958280131, "pol1": -0.5035075400138731, "pol2": 0.4989128216185894, "pol3": 0.08897471769079617, "pol4": 0.45751223545972286, "v0s": 4.569413774523505}, "datetime": {"datetime": "2022-05-17 10:42:45", "elapsed": 53980.414808, "delta": 20.654756}}
{"target": -1.0, "params": {"Bgrad": 1.178467669292914, "d1": -2.8259572684273064, "d2": -1.1365775485294694, "d3": -2.315547883264459, "d4": -2.5867828982717365, "p1": 45.5490345104331, "p2": 20.474820590321556, "p3": 26.879802509294, "p4": 12.92743937834826, "pol1": 0.6030940179204178, "pol2": -0.3608884083410029, "pol3": -0.4895289313074027, "pol4": -0.25819510978392923, "v0s": 5.014356863407076}, "datetime": {"datetime": "2022-05-17 10:43:16", "elapsed": 54011.391956, "delta": 30.977148}}
{"target": 4.315345121811427, "params": {"Bgrad": 1.4670936351043742, "d1": -1.6628104403798167, "d2": 0.7727164451918246, "d3": -1.2958543263165119, "d4": -0.8498152985558315, "p1": 28.545217151392315, "p2": 40.86063152329857, "p3": 29.291817660778094, "p4": 21.630812992745216, "pol1": -1.0, "pol2": 0.1511769894625079, "pol3": 1.0, "pol4": -0.743429970173275, "v0s": 4.315345121811427}, "datetime": {"datetime": "2022-05-17 10:43:36", "elapsed": 54031.544057, "delta": 20.152101}}
{"target": -1.0, "params": {"Bgrad": 0.7391050536610586, "d1": -1.5063172054039664, "d2": 0.45908307507533985, "d3": -2.4294256307177733, "d4": 0.9681913079472242, "p1": 7.57733782618939, "p2": 35.959517556031635, "p3": 29.55019947753214, "p4": 40.27190646726461, "pol1": -0.19986488996972285, "pol2": -0.8596772376528234, "pol3": -0.4006566447819542, "pol4": -0.4260822224827836, "v0s": 3.90502860662504}, "datetime": {"datetime": "2022-05-17 10:44:01", "elapsed": 54057.022911, "delta": 25.478854}}
{"target": 4.319837507159907, "params": {"Bgrad": 1.0321883664400666, "d1": -2.5207383097873097, "d2": 0.4345716492492049, "d3": -1.192861336398717, "d4": -0.22981516165224117, "p1": 25.160851778394765, "p2": 9.893542158338793, "p3": 10.716777890744128, "p4": 25.751067937624626, "pol1": 0.46050861641391494, "pol2": -0.019837981464143513, "pol3": 0.09085162407692639, "pol4": -0.06363280431196146, "v0s": 4.319837507159907}, "datetime": {"datetime": "2022-05-17 10:44:21", "elapsed": 54076.456931, "delta": 19.43402}}
{"target": 4.980781059603054, "params": {"Bgrad": 1.7399922133879204, "d1": -1.9841055846820295, "d2": 0.5684627548470691, "d3": -2.7025213530038648, "d4": -3.0, "p1": 2.7211690541257534, "p2": 29.50374118914017, "p3": 19.400860524122127, "p4": 9.381966188912596, "pol1": 0.14166515910171582, "pol2": -0.7960896503923656, "pol3": 1.0, "pol4": -0.7887796165422359, "v0s": 4.980781059603054}, "datetime": {"datetime": "2022-05-17 10:44:44", "elapsed": 54099.539195, "delta": 23.082264}}
{"target": 2.7453639192141552, "params": {"Bgrad": 2.0, "d1": -1.9135140419869385, "d2": -1.7408480595972338, "d3": -1.407755190768707, "d4": -0.42942653803125774, "p1": 26.96875720002006, "p2": 18.912815153842566, "p3": 49.393366465285844, "p4": 38.144000717769224, "pol1": 0.8537288534021678, "pol2": -0.14146646200761118, "pol3": 0.07987316822592426, "pol4": -0.3045225136823513, "v0s": 2.7453639192141552}, "datetime": {"datetime": "2022-05-17 10:45:02", "elapsed": 54117.433335, "delta": 17.89414}}
{"target": -1.0, "params": {"Bgrad": 0.7219072044733781, "d1": -1.1772792870766313, "d2": -0.24680839308950864, "d3": -0.23790524404333313, "d4": -0.08486848422329674, "p1": 23.69842599492892, "p2": 7.849808094184624, "p3": 11.761875545641553, "p4": 26.349425806249986, "pol1": 0.01919718320395236, "pol2": -0.8857704370485882, "pol3": -0.2968411135659872, "pol4": 0.9003561627759022, "v0s": 4.6432369714141855}, "datetime": {"datetime": "2022-05-17 10:45:25", "elapsed": 54140.827764, "delta": 23.394429}}
{"target": 5.172806459112861, "params": {"Bgrad": 1.1384961568871756, "d1": -2.065807818004158, "d2": 0.29271710787973376, "d3": -1.9229454978767238, "d4": -1.2802955998444123, "p1": 33.52118673826701, "p2": 10.315664029720784, "p3": 41.45596200636135, "p4": 35.23725460743857, "pol1": 0.417856720167559, "pol2": -0.5582675616076769, "pol3": -0.676501109636472, "pol4": 0.694946699769318, "v0s": 5.172806459112861}, "datetime": {"datetime": "2022-05-17 10:45:48", "elapsed": 54163.652716, "delta": 22.824952}}
{"target": 4.614306693582644, "params": {"Bgrad": 1.5298943760807784, "d1": -3.0, "d2": 0.8332843277898321, "d3": -1.6701426046949064, "d4": -0.5972071212697087, "p1": 28.03347704587296, "p2": 10.757852038156633, "p3": 11.125990994630088, "p4": 25.263224045746234, "pol1": 0.3841001263767013, "pol2": -0.8779216812785515, "pol3": 0.5480697799099828, "pol4": -0.4589774421239322, "v0s": 4.614306693582644}, "datetime": {"datetime": "2022-05-17 10:46:08", "elapsed": 54183.99032, "delta": 20.337604}}
{"target": 4.156588109403039, "params": {"Bgrad": 1.067914323215024, "d1": -2.7575081345986905, "d2": 0.2225978698600959, "d3": -1.1924462063047159, "d4": -1.5156579448529621, "p1": 6.020664285138677, "p2": 31.162960348148143, "p3": 41.043490964804946, "p4": 29.583950736364073, "pol1": 0.5231578414360953, "pol2": 0.11230660010921611, "pol3": -0.5522512436427556, "pol4": -0.7274440148983432, "v0s": 4.156588109403039}, "datetime": {"datetime": "2022-05-17 10:46:33", "elapsed": 54208.537665, "delta": 24.547345}}
{"target": -1.0, "params": {"Bgrad": 1.6282917443631335, "d1": -2.05613994375461, "d2": 0.10094106679008075, "d3": -2.5741265459681117, "d4": 0.4067894677786139, "p1": 37.03895165644371, "p2": 10.206016858151152, "p3": 43.87277052806664, "p4": 37.527553982067964, "pol1": -0.23809642895926642, "pol2": -0.4944654952645571, "pol3": -0.41900432080058003, "pol4": -0.6275734350030306, "v0s": 5.371966534920833}, "datetime": {"datetime": "2022-05-17 10:47:04", "elapsed": 54239.420066, "delta": 30.882401}}
{"target": -1.0, "params": {"Bgrad": 1.0042729457617317, "d1": -1.358365367610443, "d2": 0.5362088168461758, "d3": -1.4107836118443307, "d4": -0.2921162590291777, "p1": 34.911430591126305, "p2": 10.604028126997934, "p3": 39.01934237001917, "p4": 39.29069884879245, "pol1": 0.185174862544216, "pol2": 0.002737440093971255, "pol3": 0.06426876041920693, "pol4": -0.9509396049036021, "v0s": 6.930184333766247}, "datetime": {"datetime": "2022-05-17 10:47:33", "elapsed": 54268.46937, "delta": 29.049304}}
{"target": 4.9375115844399895, "params": {"Bgrad": 1.8317381374561446, "d1": -2.900883319608062, "d2": -1.918586676750929, "d3": -2.4625479471086975, "d4": -0.28862723878454233, "p1": 8.242599523216443, "p2": 5.317503005518043, "p3": 47.22170299807998, "p4": 16.898092949198595, "pol1": -0.9864146807043994, "pol2": -0.40903058571856676, "pol3": -0.694191459600926, "pol4": 0.024532126682848876, "v0s": 4.9375115844399895}, "datetime": {"datetime": "2022-05-17 10:47:52", "elapsed": 54287.961237, "delta": 19.491867}}
{"target": 5.5019481070601834, "params": {"Bgrad": 1.7417835302761764, "d1": -2.654860769853633, "d2": -0.5447701761691777, "d3": -0.6343646363914521, "d4": -2.1854890182620226, "p1": 35.09735373247132, "p2": 9.021668536854182, "p3": 41.87180481322403, "p4": 37.87475549164165, "pol1": 0.09598593381053, "pol2": -0.33790258023000264, "pol3": 0.07179998512236985, "pol4": -0.6706254867432455, "v0s": 5.5019481070601834}, "datetime": {"datetime": "2022-05-17 10:48:11", "elapsed": 54307.049184, "delta": 19.087947}}
{"target": -1.0, "params": {"Bgrad": 0.7014942074006579, "d1": -2.033899366646515, "d2": -0.5945277844138075, "d3": -1.9384466015434962, "d4": -2.083024452757971, "p1": 8.473872932874965, "p2": 21.839088277414376, "p3": 45.63220059659558, "p4": 23.19434460809633, "pol1": 0.39635711784049477, "pol2": 0.2938645778385467, "pol3": -0.6401867527855012, "pol4": 0.7207063789349295, "v0s": 6.655443927722958}, "datetime": {"datetime": "2022-05-17 10:48:38", "elapsed": 54333.229162, "delta": 26.179978}}
{"target": 4.893091738526145, "params": {"Bgrad": 0.7311246959698158, "d1": -3.0, "d2": -0.11542794512918363, "d3": -1.8143713907359036, "d4": -0.6524152889461732, "p1": 32.81556468378936, "p2": 6.463702476948685, "p3": 36.687155967740146, "p4": 28.712484007665903, "pol1": 0.6914258025933938, "pol2": -0.3671030460963907, "pol3": 0.08372559928542533, "pol4": 0.9663110410375646, "v0s": 4.893091738526145}, "datetime": {"datetime": "2022-05-17 10:48:59", "elapsed": 54354.97899, "delta": 21.749828}}
{"target": 4.432867388739411, "params": {"Bgrad": 1.9776191567285406, "d1": -2.360271667502433, "d2": 1.0, "d3": -0.9247255360891802, "d4": -1.467914543514807, "p1": 44.174541740768035, "p2": 22.54984699883258, "p3": 25.024958869036592, "p4": 10.643907216509072, "pol1": -1.0, "pol2": -0.13820771050540928, "pol3": 1.0, "pol4": -0.35064752665151505, "v0s": 4.432867388739411}, "datetime": {"datetime": "2022-05-17 10:49:22", "elapsed": 54377.682267, "delta": 22.703277}}
{"target": 4.577667336450954, "params": {"Bgrad": 1.4260152464071092, "d1": -2.750094155077505, "d2": -1.373332347284661, "d3": -0.08025594584115892, "d4": 0.5434251625376416, "p1": 7.609341485050047, "p2": 36.88047338741321, "p3": 35.45763823645017, "p4": 35.68517775862207, "pol1": -0.5040067770132051, "pol2": -0.09255143145983613, "pol3": 0.5589135536381293, "pol4": 0.27609132852353135, "v0s": 4.577667336450954}, "datetime": {"datetime": "2022-05-17 10:49:43", "elapsed": 54398.748921, "delta": 21.066654}}
{"target": 4.984059302426574, "params": {"Bgrad": 1.6881010712577367, "d1": -2.997920988003319, "d2": 0.5928592418089065, "d3": -2.616834669102589, "d4": -0.6825956164982792, "p1": 3.344125568028261, "p2": 32.783852492823485, "p3": 29.546487400880554, "p4": 42.93445509539632, "pol1": 0.3764891767155145, "pol2": 0.43337698077943654, "pol3": 0.376972429830694, "pol4": 0.524774730370065, "v0s": 4.984059302426574}, "datetime": {"datetime": "2022-05-17 10:50:03", "elapsed": 54418.592846, "delta": 19.843925}}
{"target": 3.7035121217557103, "params": {"Bgrad": 0.964737196775904, "d1": -1.678619353552902, "d2": 0.9917434696085738, "d3": -2.7301777922568293, "d4": -1.6774075000923832, "p1": 6.974290814358608, "p2": 36.61932040625951, "p3": 42.69154352564925, "p4": 30.228494984865772, "pol1": -0.17701990819211888, "pol2": 0.3112514469020653, "pol3": 0.7311203681400054, "pol4": 0.6213141855747855, "v0s": 3.7035121217557103}, "datetime": {"datetime": "2022-05-17 10:50:27", "elapsed": 54443.127226, "delta": 24.53438}}
{"target": -1.0, "params": {"Bgrad": 0.9795180418558225, "d1": -2.734643046525763, "d2": -1.3346251377114338, "d3": -1.1691883177161873, "d4": -2.95951819062835, "p1": 32.27725962239571, "p2": 5.735926373472033, "p3": 35.29811559394528, "p4": 25.989017355603135, "pol1": 0.7931757892711342, "pol2": -0.48694512428274117, "pol3": -0.16945479467684144, "pol4": -0.9778581688228474, "v0s": 6.137718360047662}, "datetime": {"datetime": "2022-05-17 10:50:51", "elapsed": 54467.057222, "delta": 23.929996}}
{"target": 4.998866884504082, "params": {"Bgrad": 1.2752574954883513, "d1": -2.813805840871541, "d2": 0.8260876082903933, "d3": -1.5069519005685286, "d4": -2.2524216571048696, "p1": 28.28055254426346, "p2": 10.258842892574652, "p3": 13.596454076077404, "p4": 26.74238278426145, "pol1": -0.2677267042208122, "pol2": 0.5935303518926245, "pol3": -0.48295269192438095, "pol4": 0.5121198689150468, "v0s": 4.998866884504082}, "datetime": {"datetime": "2022-05-17 10:51:17", "elapsed": 54492.447313, "delta": 25.390091}}
