{"target": -1.0, "params": {"Bgrad": 1.5527478806063946, "d1": -2.0903252187718113, "d2": -0.035750190674585625, "d3": -1.5688906323065286, "d4": -1.781592470063424, "p1": 4.6984178456287, "p2": 19.90037157661353, "p3": 4.089349569051581, "p4": 36.24333310944027, "pol1": 0.9680795092614805, "pol2": 0.3571026384344538, "pol3": 0.2892289327347697, "pol4": -0.5966095104389004, "v0s": 2.6893091484363056}, "datetime": {"datetime": "2022-04-14 15:57:57", "elapsed": 1097.295931, "delta": 8.508252}}
{"target": -1.0, "params": {"Bgrad": 1.1699210403302485, "d1": -0.728823930114368, "d2": -2.902502128808375, "d3": -2.838964638997166, "d4": 0.30820831917773495, "p1": 36.72022839127349, "p2": 8.262099581252647, "p3": 30.92818909403378, "p4": 7.667561299537034, "pol1": 0.1555613824241726, "pol2": -0.6155844777973511, "pol3": 0.7946391371162274, "pol4": 0.42158050001459424, "v0s": 7.5555151046361155}, "datetime": {"datetime": "2022-04-14 15:58:10", "elapsed": 1109.95309, "delta": 12.657159}}
{"target": 3.8821386671718026, "params": {"Bgrad": 1.6591069671731766, "d1": -0.6951121405780087, "d2": -0.23897178448684242, "d3": 0.4741091374364701, "d4": -1.0403246669525332, "p1": 5.7120335473367145, "p2": 0.8261863391972102, "p3": 40.60447743203456, "p4": 46.00836346359543, "pol1": -0.5114548840544701, "pol2": 0.20078318277867968, "pol3": 0.7277968844327336, "pol4": 0.5531523931826616, "v0s": 3.8821386671718026}, "datetime": {"datetime": "2022-04-14 15:58:23", "elapsed": 1123.329326, "delta": 13.376236}}
{"target": -1.0, "params": {"Bgrad": 1.1578246464885957, "d1": -1.7370945941894536, "d2": -2.041104044127689, "d3": -1.1860913569260294, "d4": -1.8571688904514487, "p1": 2.695204711976773, "p2": 38.92864922111695, "p3": 33.0511591724328, "p4": 42.36990961976746, "pol1": 0.7240564577943385, "pol2": -0.48562606830718447, "pol3": -0.6943211735598458, "pol4": -0.13234102717613072, "v0s": 6.632929476119266}, "datetime": {"datetime": "2022-04-14 15:58:35", "elapsed": 1134.871466, "delta": 11.54214}}
{"target": 5.75705214947292, "params": {"Bgrad": 1.4123659293189768, "d1": -2.7587779955915317, "d2": 0.604978451349177, "d3": -0.47409893992869295, "d4": -0.219102029674897, "p1": 16.000529034896598, "p2": 19.684719711233825, "p3": 23.1317503974676, "p4": 22.0694760749547, "pol1": -0.7630310740093988, "pol2": -0.2820466203292435, "pol3": 0.9374136020134975, "pol4": 1.0, "v0s": 5.75705214947292}, "datetime": {"datetime": "2022-04-14 15:58:45", "elapsed": 1145.370395, "delta": 10.498929}}
{"target": -1.0, "params": {"Bgrad": 0.5, "d1": -2.758971046662875, "d2": -3.0, "d3": -2.645526327628119, "d4": -0.6514833858698735, "p1": 4.040666939377224, "p2": 1.5663771208724222, "p3": 39.13268759019279, "p4": 21.04415849777218, "pol1": 0.3604658483907473, "pol2": -0.5199932397013273, "pol3": 0.434395027664285, "pol4": -0.17376669669291792, "v0s": 4.3099494165388545}, "datetime": {"datetime": "2022-04-14 15:58:51", "elapsed": 1151.390301, "delta": 6.019906}}
{"target": -1.0, "params": {"Bgrad": 0.5448914354738891, "d1": -1.171166397772803, "d2": -1.2312339720369079, "d3": -2.093794952093903, "d4": -1.8528941587336387, "p1": 0.5839512537838432, "p2": 14.848062932664192, "p3": 15.396969002631899, "p4": 4.451251902471914, "pol1": 0.26752327733741343, "pol2": -0.0689909121922021, "pol3": -0.09341084392964105, "pol4": -0.2720541811115327, "v0s": 6.822841377166004}, "datetime": {"datetime": "2022-04-14 15:58:58", "elapsed": 1157.742317, "delta": 6.352016}}
{"target": 2.0, "params": {"Bgrad": 1.8392864733999132, "d1": -0.45158932311392724, "d2": -3.0, "d3": -0.4017619926036622, "d4": -1.5606007670069013, "p1": 21.151868444897797, "p2": 42.94657316215092, "p3": 18.63604702513774, "p4": 48.53355717353734, "pol1": -0.7483616825359923, "pol2": -0.9049970152338572, "pol3": 0.8501151115528689, "pol4": -0.09561143153479149, "v0s": 2.0}, "datetime": {"datetime": "2022-04-14 15:59:07", "elapsed": 1166.914793, "delta": 9.172476}}
{"target": 3.278365533393801, "params": {"Bgrad": 1.7668828761249529, "d1": -2.977242634442222, "d2": -0.6181929241573911, "d3": -2.350738609246526, "d4": -1.9609239614149376, "p1": 36.18075696634479, "p2": 8.232605047859643, "p3": 22.044669890374678, "p4": 49.211499879034406, "pol1": -0.5731534190345144, "pol2": 0.47720095469213586, "pol3": -0.1203064371312399, "pol4": -0.07013832038830037, "v0s": 3.278365533393801}, "datetime": {"datetime": "2022-04-14 15:59:16", "elapsed": 1176.346576, "delta": 9.431783}}
{"target": 4.810424002963756, "params": {"Bgrad": 1.038470478061241, "d1": -2.509892230032645, "d2": 0.3462360659411991, "d3": -0.9735165563683764, "d4": -0.7169972396672077, "p1": 35.76063537779744, "p2": 8.301253130843314, "p3": 22.78958014983954, "p4": 49.679418190890516, "pol1": -0.5630671839729693, "pol2": 0.2516420446644686, "pol3": -0.6365494553740284, "pol4": -0.20619920758391586, "v0s": 4.810424002963756}, "datetime": {"datetime": "2022-04-14 15:59:21", "elapsed": 1181.085904, "delta": 4.739328}}
{"target": -1.0, "params": {"Bgrad": 1.7688198555031085, "d1": -0.5107452834410594, "d2": -0.7223334708251601, "d3": -0.4724298386054905, "d4": -0.8216540884473367, "p1": 7.191834843540157, "p2": 1.4193773933476173, "p3": 41.781243391510706, "p4": 46.34653214265417, "pol1": -0.41963120497681444, "pol2": -0.04415140269130461, "pol3": 0.7101659714103294, "pol4": 0.45898859000512915, "v0s": 3.694706300460836}, "datetime": {"datetime": "2022-04-14 15:59:41", "elapsed": 1201.294872, "delta": 20.208968}}
{"target": 5.397136621403578, "params": {"Bgrad": 0.700165531573218, "d1": -2.386645132866456, "d2": 0.8672545996431997, "d3": -0.34314955358230487, "d4": -0.23631671911915436, "p1": 36.44576593630731, "p2": 8.348198119980715, "p3": 22.514807175731455, "p4": 49.99995100557393, "pol1": -0.5637599479542073, "pol2": 0.21043463608594368, "pol3": -0.8737451180139575, "pol4": -0.2562020635327194, "v0s": 5.397136621403578}, "datetime": {"datetime": "2022-04-14 15:59:47", "elapsed": 1206.936787, "delta": 5.641915}}
{"target": -1.0, "params": {"Bgrad": 1.4533736015562526, "d1": -1.9427125475634317, "d2": -2.499314799161298, "d3": -0.007302983766407145, "d4": -0.9093184307773297, "p1": 34.78215815407577, "p2": 8.887113600525698, "p3": 24.95191266622812, "p4": 49.091079647482495, "pol1": -0.9390365209502576, "pol2": -0.6732396448516245, "pol3": -0.10472188456862552, "pol4": 0.16336169099891196, "v0s": 5.623658839998389}, "datetime": {"datetime": "2022-04-14 16:00:03", "elapsed": 1223.09359, "delta": 16.156803}}
{"target": 5.7747871118914125, "params": {"Bgrad": 1.4512459373847504, "d1": -2.482482635754232, "d2": 0.03212110562738031, "d3": -0.5781788168140686, "d4": -0.34698215824069994, "p1": 16.207826933596476, "p2": 20.100656092919724, "p3": 23.351450645356955, "p4": 21.556793651663423, "pol1": -0.06574130566075503, "pol2": -0.18369793619749838, "pol3": 0.7967513592722364, "pol4": 0.720344098662862, "v0s": 5.7747871118914125}, "datetime": {"datetime": "2022-04-14 16:00:14", "elapsed": 1234.375426, "delta": 11.281836}}
{"target": -1.0, "params": {"Bgrad": 0.5555147851934703, "d1": 0.12721007380721838, "d2": -0.9529895888150771, "d3": -1.8795963880185727, "d4": 0.8844096936160343, "p1": 27.43863871045281, "p2": 6.093708260957109, "p3": 23.337549649541497, "p4": 27.551662593898257, "pol1": 1.0, "pol2": 0.26752897695680555, "pol3": -1.0, "pol4": 1.0, "v0s": 2.0}, "datetime": {"datetime": "2022-04-14 16:00:23", "elapsed": 1243.232743, "delta": 8.857317}}
{"target": -1.0, "params": {"Bgrad": 1.8271873183396503, "d1": -1.7060520917484472, "d2": -0.5267678620438585, "d3": -1.3704049796700026, "d4": -1.1173830809612735, "p1": 14.886078655314867, "p2": 21.318821062523003, "p3": 22.13314871838696, "p4": 22.567531475521402, "pol1": 0.9889164771423686, "pol2": -0.5739902051913017, "pol3": 0.3641335241157124, "pol4": 0.2611312649959596, "v0s": 4.695744096630612}, "datetime": {"datetime": "2022-04-14 16:00:45", "elapsed": 1265.295754, "delta": 22.063011}}
{"target": 6.12126281887845, "params": {"Bgrad": 1.3083789721670605, "d1": -2.7837243533673544, "d2": 0.39630781508745194, "d3": -0.3666948999515329, "d4": -0.15727871561939688, "p1": 16.20716817448353, "p2": 19.864176761610437, "p3": 23.593750139172112, "p4": 21.04460859627699, "pol1": -0.8358968032938177, "pol2": -0.10204959145757746, "pol3": 0.9767316145413344, "pol4": 1.0, "v0s": 6.12126281887845}, "datetime": {"datetime": "2022-04-14 16:00:57", "elapsed": 1277.410365, "delta": 12.114611}}
{"target": 5.237068090796549, "params": {"Bgrad": 0.5, "d1": -2.530286568471827, "d2": 1.0, "d3": -0.8046970245716836, "d4": 0.1371508263430333, "p1": 35.487792280950316, "p2": 7.977008307007605, "p3": 22.341093760991658, "p4": 50.0, "pol1": -0.32854402820886963, "pol2": 0.6384573168972331, "pol3": -1.0, "pol4": -0.5102593969673503, "v0s": 5.237068090796549}, "datetime": {"datetime": "2022-04-14 16:01:03", "elapsed": 1283.585852, "delta": 6.175487}}
{"target": -1.0, "params": {"Bgrad": 1.0831665942225588, "d1": -1.4809743162697604, "d2": -0.15938014230463082, "d3": -0.7506517047458092, "d4": -0.44444295260942646, "p1": 36.062999752105455, "p2": 9.656128033093065, "p3": 23.80108286515784, "p4": 49.68684435441118, "pol1": -0.6212462407754995, "pol2": -0.41340323597819006, "pol3": -0.762854899706678, "pol4": -0.7626760513226551, "v0s": 3.678929882843131}, "datetime": {"datetime": "2022-04-14 16:01:14", "elapsed": 1294.015966, "delta": 10.430114}}
{"target": -1.0, "params": {"Bgrad": 1.0856151191015604, "d1": -1.5533482875052234, "d2": 0.5761196727744673, "d3": -2.344046185978043, "d4": -2.5295678976561193, "p1": 0.9570224879960214, "p2": 15.44412237937207, "p3": 13.38394383573897, "p4": 4.968088761316974, "pol1": 1.0, "pol2": -0.32654391125002674, "pol3": 1.0, "pol4": -0.816697303413698, "v0s": 3.432045213796713}, "datetime": {"datetime": "2022-04-14 16:01:26", "elapsed": 1306.638218, "delta": 12.622252}}
{"target": -1.0, "params": {"Bgrad": 1.84193970260939, "d1": -2.4740197387215925, "d2": -1.0470525149792458, "d3": -0.7324820749593837, "d4": -1.234924294981219, "p1": 17.522826686713323, "p2": 19.729924064272318, "p3": 24.558127781947682, "p4": 18.712077159970246, "pol1": -0.9093945281844484, "pol2": -0.3584404132853076, "pol3": 0.3644033391270993, "pol4": 0.6885990503437112, "v0s": 4.5635144045066625}, "datetime": {"datetime": "2022-04-14 16:01:49", "elapsed": 1329.076226, "delta": 22.438008}}
{"target": -1.0, "params": {"Bgrad": 0.6291760930466771, "d1": -1.5002542781126538, "d2": -0.8703527435303253, "d3": 0.5829434481275637, "d4": -0.4263640978845902, "p1": 16.53263710446379, "p2": 20.880119953341687, "p3": 25.436562566679683, "p4": 23.529471189226157, "pol1": 0.19767330126096083, "pol2": 0.07538613823849438, "pol3": 0.5888283316014185, "pol4": 0.9725701754067324, "v0s": 5.328280058179066}, "datetime": {"datetime": "2022-04-14 16:01:59", "elapsed": 1338.808206, "delta": 9.73198}}
{"target": 2.8745767830155162, "params": {"Bgrad": 1.6127893466034102, "d1": -0.2475511011856248, "d2": -2.8762066173698653, "d3": -0.6865997448021435, "d4": -1.2563061969366576, "p1": 20.03762638312714, "p2": 43.16005951622936, "p3": 19.57890804780219, "p4": 47.680765357298114, "pol1": -0.48456891063790913, "pol2": -0.9327581751986876, "pol3": 0.8430810595440883, "pol4": -0.1453574897766922, "v0s": 2.8745767830155162}, "datetime": {"datetime": "2022-04-14 16:02:07", "elapsed": 1346.961407, "delta": 8.153201}}
{"target": 3.138526732310835, "params": {"Bgrad": 0.8520517211218128, "d1": -0.18075098370517756, "d2": -0.7974928812928057, "d3": -1.5703816414171436, "d4": 0.044481164075936136, "p1": 28.783849052969465, "p2": 8.875091396157694, "p3": 22.305719241082894, "p4": 28.587461795924323, "pol1": 0.5968714691251011, "pol2": 0.40575614366943846, "pol3": -0.9780933154256823, "pol4": 0.9724465733594814, "v0s": 3.138526732310835}, "datetime": {"datetime": "2022-04-14 16:02:11", "elapsed": 1351.490298, "delta": 4.528891}}
{"target": -1.0, "params": {"Bgrad": 0.5, "d1": -2.6558245107146576, "d2": -3.0, "d3": -2.7086887198489884, "d4": -0.9966122228712326, "p1": 6.175040873265269, "p2": 0.7495509350582358, "p3": 37.18394004168076, "p4": 19.394444800635004, "pol1": 0.6458996145572845, "pol2": 0.00731220068664389, "pol3": -0.22309097308872952, "pol4": -0.08483911073746318, "v0s": 5.2154810185067415}, "datetime": {"datetime": "2022-04-14 16:02:19", "elapsed": 1358.708998, "delta": 7.2187}}
{"target": 4.899012724895338, "params": {"Bgrad": 1.9333524147074312, "d1": -1.0257736046925192, "d2": 0.750666445877803, "d3": -2.478501831824472, "d4": 0.34882862811010096, "p1": 17.778816890673827, "p2": 18.6516874478536, "p3": 21.46223072843504, "p4": 21.94357183162831, "pol1": -0.04574978680798436, "pol2": -0.14478757258578323, "pol3": -0.16338002170351174, "pol4": 0.0818188317229196, "v0s": 4.899012724895338}, "datetime": {"datetime": "2022-04-14 16:02:37", "elapsed": 1377.302286, "delta": 18.593288}}
{"target": 3.9813145395651937, "params": {"Bgrad": 0.7834211570349094, "d1": -1.8961714404204852, "d2": 0.577673835263262, "d3": -2.4579125380539883, "d4": -0.7742177846535294, "p1": 10.166918075093118, "p2": 28.211966642211127, "p3": 48.9917273338035, "p4": 21.350851543053253, "pol1": -0.46367052252578045, "pol2": 0.8466634329755638, "pol3": -0.9149923121865071, "pol4": -0.06109371116615292, "v0s": 3.9813145395651937}, "datetime": {"datetime": "2022-04-14 16:02:44", "elapsed": 1383.913609, "delta": 6.611323}}
{"target": -1.0, "params": {"Bgrad": 1.528088377364466, "d1": -2.988690300309039, "d2": -0.47505862969823864, "d3": -2.914314293683211, "d4": -1.124721456273237, "p1": 18.133335265429416, "p2": 18.82328763919815, "p3": 24.966908906409547, "p4": 20.694839474020814, "pol1": 0.8197250981202713, "pol2": -0.16910610509223956, "pol3": 0.7132191291539294, "pol4": 0.960515120154847, "v0s": 5.1562742630946445}, "datetime": {"datetime": "2022-04-14 16:03:05", "elapsed": 1405.410135, "delta": 21.496526}}
{"target": -1.0, "params": {"Bgrad": 1.1165372610494835, "d1": -0.8783567158593937, "d2": 0.5031286519821894, "d3": -2.471165614824974, "d4": -0.3213234715468971, "p1": 38.3233633707187, "p2": 6.17057211938421, "p3": 23.340583839405195, "p4": 49.664704979709704, "pol1": -0.8125539622078621, "pol2": -0.17034966926347783, "pol3": 0.13328815680595207, "pol4": -0.7267470219334875, "v0s": 3.2885047093956743}, "datetime": {"datetime": "2022-04-14 16:03:19", "elapsed": 1418.867155, "delta": 13.45702}}
{"target": 3.0955759992165053, "params": {"Bgrad": 0.7612089641241696, "d1": -0.1024154259567116, "d2": -0.7476408226443223, "d3": -1.6150514688601472, "d4": 0.18261616693124907, "p1": 28.53916855598838, "p2": 8.163020580600488, "p3": 22.36647854999386, "p4": 28.497009777820328, "pol1": 0.248849392690184, "pol2": 0.3897344062097625, "pol3": -0.3290848630005247, "pol4": 0.033842645973246745, "v0s": 3.0955759992165053}, "datetime": {"datetime": "2022-04-14 16:03:27", "elapsed": 1426.755064, "delta": 7.887909}}
{"target": -1.0, "params": {"Bgrad": 1.2622577778079622, "d1": -2.177752733399899, "d2": -0.6449511328156282, "d3": -1.5074997189516042, "d4": -0.4874158311484807, "p1": 7.3204486414003735, "p2": 14.973334193304717, "p3": 45.50198956687712, "p4": 2.4591936339788316, "pol1": -0.11173766679373658, "pol2": -0.9627923762133522, "pol3": -0.4398425849291343, "pol4": -0.46217329822871533, "v0s": 4.422218588388539}, "datetime": {"datetime": "2022-04-14 16:03:50", "elapsed": 1449.69573, "delta": 22.940666}}
{"target": 3.8040812680511085, "params": {"Bgrad": 1.0148527096288658, "d1": -2.080735043336544, "d2": 0.6930678518052265, "d3": -1.6504343436831899, "d4": -0.6756380047920645, "p1": 9.952472346669591, "p2": 27.36686071997642, "p3": 48.414701814668796, "p4": 21.534945171495796, "pol1": -0.4104860049242359, "pol2": 0.8607057819011414, "pol3": -0.8374351153627937, "pol4": -0.3802638130884316, "v0s": 3.8040812680511085}, "datetime": {"datetime": "2022-04-14 16:03:56", "elapsed": 1456.131524, "delta": 6.435794}}
{"target": -1.0, "params": {"Bgrad": 0.7787128615811068, "d1": -1.6654821743190138, "d2": -2.6121180364651444, "d3": -1.1738873901376037, "d4": -1.1393554727210824, "p1": 19.3102301354556, "p2": 40.212735034595745, "p3": 19.138372860332503, "p4": 47.0240664616584, "pol1": -0.47084424159085403, "pol2": -0.6322600016203448, "pol3": 0.42093991807325604, "pol4": -0.6661164055141466, "v0s": 3.7168327399909025}, "datetime": {"datetime": "2022-04-14 16:04:06", "elapsed": 1465.9014, "delta": 9.769876}}
{"target": -1.0, "params": {"Bgrad": 1.5606638864657083, "d1": -2.1196644582208912, "d2": -1.6905745560691603, "d3": -0.6560687753639765, "d4": -2.063410861237635, "p1": 15.414932861164054, "p2": 19.03651530150507, "p3": 22.57595690443116, "p4": 22.554651127738246, "pol1": 0.19963344944802897, "pol2": -0.1400968327508887, "pol3": -0.8717436039244195, "pol4": -0.1128657720828683, "v0s": 5.387687672007936}, "datetime": {"datetime": "2022-04-14 16:04:24", "elapsed": 1484.586442, "delta": 18.685042}}
{"target": -1.0, "params": {"Bgrad": 1.5277274929678744, "d1": -1.9016345459090327, "d2": 0.2319335541078824, "d3": -2.536157563430955, "d4": -0.9643665730100688, "p1": 16.45366225155902, "p2": 22.695148721404117, "p3": 23.845077932065962, "p4": 19.703815062278345, "pol1": -0.9302142976416776, "pol2": 0.874795014615672, "pol3": 0.28646837222393295, "pol4": 0.8118984763769515, "v0s": 6.88337037892342}, "datetime": {"datetime": "2022-04-14 16:04:43", "elapsed": 1503.069026, "delta": 18.482584}}
{"target": -1.0, "params": {"Bgrad": 1.7486236751742823, "d1": -2.0321710711037633, "d2": -2.046554560146696, "d3": -1.7712662470539313, "d4": -1.1200593992747976, "p1": 2.200025185175841, "p2": 15.759267213215072, "p3": 14.020317268418287, "p4": 4.523841642582388, "pol1": -0.16263239967128462, "pol2": 0.34022409552684474, "pol3": 0.4220509890375348, "pol4": 0.0350940342854702, "v0s": 4.0210653508571506}, "datetime": {"datetime": "2022-04-14 16:05:00", "elapsed": 1519.919972, "delta": 16.850946}}
{"target": -1.0, "params": {"Bgrad": 1.5565554760764244, "d1": -0.4755384920084733, "d2": -0.6775968963633758, "d3": -1.5739669208572091, "d4": -2.560689818064707, "p1": 9.233423478087571, "p2": 27.467884980614986, "p3": 48.58612350031356, "p4": 21.076252442872683, "pol1": -0.8496853843581675, "pol2": -0.9046993602892361, "pol3": 0.4560125622447213, "pol4": -0.9129308912057423, "v0s": 2.0692744251357627}, "datetime": {"datetime": "2022-04-14 16:05:08", "elapsed": 1528.429224, "delta": 8.509252}}
{"target": 4.067146459529507, "params": {"Bgrad": 0.9993973468873296, "d1": -2.7154155699057747, "d2": 0.7248970115942472, "d3": -1.6200874212981322, "d4": -2.1351864811316656, "p1": 17.36929232975975, "p2": 19.379004244818766, "p3": 22.265625600596927, "p4": 22.43632997886315, "pol1": -0.5054469612457155, "pol2": 0.133592333772657, "pol3": 0.05502957313618673, "pol4": -0.4478733731575817, "v0s": 4.067146459529507}, "datetime": {"datetime": "2022-04-14 16:05:13", "elapsed": 1533.384971, "delta": 4.955747}}
{"target": -1.0, "params": {"Bgrad": 1.1765546459026945, "d1": -1.5437167957037938, "d2": 0.16278913089904679, "d3": -2.9927933389029144, "d4": 0.5006400014011931, "p1": 15.982590094066184, "p2": 18.781170285385823, "p3": 20.363093893371076, "p4": 19.159554108650795, "pol1": -0.972706194647835, "pol2": -0.25018938630705456, "pol3": -0.16710004117956068, "pol4": 0.10364241679822794, "v0s": 3.432561862863281}, "datetime": {"datetime": "2022-04-14 16:05:50", "elapsed": 1569.827536, "delta": 36.442565}}
{"target": -1.0, "params": {"Bgrad": 0.7700329880619113, "d1": -1.2383396644568587, "d2": 0.3717038116889504, "d3": -2.5761222289956116, "d4": -2.6985896035025374, "p1": 18.87333062589866, "p2": 17.5136531418907, "p3": 20.14791176318735, "p4": 21.060169504649945, "pol1": -0.9787384999572335, "pol2": -0.3248404890657921, "pol3": 0.2979663847383003, "pol4": 0.16415558819161524, "v0s": 6.416161251381884}, "datetime": {"datetime": "2022-04-14 16:06:01", "elapsed": 1581.244012, "delta": 11.416476}}
{"target": -1.0, "params": {"Bgrad": 1.3246138089107227, "d1": -2.509867204088689, "d2": -2.3238574969819235, "d3": -2.025622213986527, "d4": -2.2749707499824185, "p1": 5.162625964141474, "p2": 11.74657675767884, "p3": 35.97090682563248, "p4": 28.7442790485841, "pol1": -0.9632024460252893, "pol2": -0.7495796285723872, "pol3": 0.7858369296884801, "pol4": -0.01179565633044476, "v0s": 3.505371037770914}, "datetime": {"datetime": "2022-04-14 16:06:08", "elapsed": 1588.652205, "delta": 7.408193}}
{"target": -1.0, "params": {"Bgrad": 1.1691130193203556, "d1": -0.10531388998201452, "d2": 0.47911417306261583, "d3": -1.2390662436267106, "d4": -0.3383212541787177, "p1": 16.406820500826054, "p2": 20.130081702474484, "p3": 25.173910956617508, "p4": 21.975823937815107, "pol1": -0.6798642720092154, "pol2": -0.2642454196808699, "pol3": 0.49985742854223014, "pol4": -0.09612672038207304, "v0s": 6.016424014875977}, "datetime": {"datetime": "2022-04-14 16:06:26", "elapsed": 1606.121497, "delta": 17.469292}}
{"target": 2.924005235774363, "params": {"Bgrad": 1.3444533641529122, "d1": -2.3965123871899947, "d2": -3.0, "d3": -3.0, "d4": -3.0, "p1": 5.5943301590369305, "p2": 10.807986252919992, "p3": 35.3165770497568, "p4": 27.200478874361135, "pol1": -0.9869808550250364, "pol2": -0.9662975324364735, "pol3": 1.0, "pol4": 0.2894531051748152, "v0s": 2.924005235774363}, "datetime": {"datetime": "2022-04-14 16:06:33", "elapsed": 1613.367126, "delta": 7.245629}}
{"target": -1.0, "params": {"Bgrad": 1.7047450131712545, "d1": -1.3904299205690567, "d2": 0.6187446413744921, "d3": -2.8517558081838565, "d4": 0.09549737088167465, "p1": 6.282069056886941, "p2": 30.925678345604275, "p3": 0.518213066761597, "p4": 26.931364128817346, "pol1": -0.9939640867608073, "pol2": 0.902387570980409, "pol3": 0.8108040674055561, "pol4": 0.5919338838845387, "v0s": 7.491645919488725}, "datetime": {"datetime": "2022-04-14 16:06:49", "elapsed": 1629.621666, "delta": 16.25454}}
