{"target": 2.0949610676253387, "params": {"Bgrad": 1.5557333215981004, "d1": -0.4492010960006061, "d2": 0.8987989293445038, "d3": -0.370917319652428, "d4": -1.5388193342476617, "p1": 48.66833031101443, "p2": 44.279287110084866, "p3": 6.367676972326586, "p4": 10.763912068490471, "pol1": -0.7170711385217505, "pol2": -0.3643024940541537, "pol3": 0.4117221606573489, "pol4": 0.3911204436875273, "v0s": 2.0949610676253387}, "datetime": {"datetime": "2022-06-25 01:29:20", "elapsed": 6432.629521, "delta": 9.561429}}
{"target": -1.0, "params": {"Bgrad": 1.6439162972584176, "d1": -1.0337799646443577, "d2": 0.6937641996328519, "d3": -2.127326296595795, "d4": -1.2648458318706428, "p1": 12.574949216584264, "p2": 16.40855334782907, "p3": 7.159145208563195, "p4": 29.71785519876815, "pol1": -0.6032281933304526, "pol2": -0.27920843409271234, "pol3": -0.3944217852575693, "pol4": 0.4744099092267897, "v0s": 3.137787932355692}, "datetime": {"datetime": "2022-06-25 01:29:34", "elapsed": 6446.121444, "delta": 13.491923}}
{"target": -1.0, "params": {"Bgrad": 1.5417971642511892, "d1": -2.395079923787513, "d2": 0.4097542062954167, "d3": 0.16682484260232844, "d4": -2.6525612402487955, "p1": 27.153418216221958, "p2": 25.228770744872325, "p3": 4.809099083229906, "p4": 42.62721300789899, "pol1": -0.6905668859675829, "pol2": 0.4760831897198676, "pol3": -0.431877396877725, "pol4": -0.4834236550358133, "v0s": 2.076716998468284}, "datetime": {"datetime": "2022-06-25 01:29:48", "elapsed": 6459.937499, "delta": 13.816055}}
{"target": -1.0, "params": {"Bgrad": 1.6740314416849538, "d1": -1.7354838287157026, "d2": -2.0541805802835533, "d3": -1.76493905896824, "d4": 0.5208891755038207, "p1": 4.230647516793057, "p2": 12.456454769194558, "p3": 35.93946115937296, "p4": 26.705433996317673, "pol1": -0.4032557855852341, "pol2": -0.3320939203290849, "pol3": -0.4948363279207868, "pol4": -0.41374931586763664, "v0s": 4.603729079966111}, "datetime": {"datetime": "2022-06-25 01:30:03", "elapsed": 6475.199688, "delta": 15.262189}}
{"target": -1.0, "params": {"Bgrad": 1.7457836357566838, "d1": -2.1082839850857833, "d2": -1.1497178878702727, "d3": -0.5847029002097455, "d4": -2.5455659635877153, "p1": 3.375874486431074, "p2": 13.80698592867362, "p3": 39.14800947540733, "p4": 29.01477711300449, "pol1": 0.8212554254894417, "pol2": -0.25947028182822107, "pol3": -0.7136321576468307, "pol4": 0.7191328024851125, "v0s": 5.153313204180678}, "datetime": {"datetime": "2022-06-25 01:30:17", "elapsed": 6489.545327, "delta": 14.345639}}
{"target": -1.0, "params": {"Bgrad": 0.5503621299200856, "d1": 0.6334251421863466, "d2": -0.2369549220206668, "d3": -1.4006362856680044, "d4": -0.5910688993303954, "p1": 6.224477052693262, "p2": 13.60632565699218, "p3": 33.23443676761973, "p4": 32.27184461484663, "pol1": 0.17280856841261216, "pol2": 0.38001887113838806, "pol3": -0.21596621877477062, "pol4": 0.06982893358354447, "v0s": 2.11302802730252}, "datetime": {"datetime": "2022-06-25 01:30:27", "elapsed": 6499.093795, "delta": 9.548468}}
{"target": -1.0, "params": {"Bgrad": 1.9914104235731327, "d1": -1.4793706994319078, "d2": 0.8053468267882948, "d3": -2.453882515529128, "d4": 0.4895429956240944, "p1": 8.381398690988002, "p2": 10.131132096739947, "p3": 34.259991169426016, "p4": 33.787290252880844, "pol1": -0.41918893119460465, "pol2": -0.43604680139962926, "pol3": -0.824120200399229, "pol4": -0.3974402231460792, "v0s": 5.053819243366854}, "datetime": {"datetime": "2022-06-25 01:30:43", "elapsed": 6514.723002, "delta": 15.629207}}
{"target": 3.2612190954879146, "params": {"Bgrad": 1.1032183511835054, "d1": -1.866551773072062, "d2": -0.5783870267069161, "d3": 0.11131722739004928, "d4": -2.0597585770977442, "p1": 28.01974813790195, "p2": 7.809315248972477, "p3": 9.920137974739529, "p4": 38.53141203277718, "pol1": -0.4660220157551002, "pol2": -0.484691800844121, "pol3": 0.10097006394915972, "pol4": -0.8487225215648329, "v0s": 3.2612190954879146}, "datetime": {"datetime": "2022-06-25 01:30:55", "elapsed": 6526.941331, "delta": 12.218329}}
{"target": 3.4111900936474946, "params": {"Bgrad": 0.6353389911754181, "d1": -1.1135992605630687, "d2": -0.2647059271323138, "d3": -2.653906389980223, "d4": -1.5553241308468815, "p1": 28.546664707557056, "p2": 12.590792212734353, "p3": 37.39434535387065, "p4": 26.53585556681548, "pol1": -0.1740806055040356, "pol2": 0.9615339261778013, "pol3": 0.5807733721271233, "pol4": 0.6019393902592047, "v0s": 3.4111900936474946}, "datetime": {"datetime": "2022-06-25 01:31:08", "elapsed": 6539.903669, "delta": 12.962338}}
{"target": 4.727038903559184, "params": {"Bgrad": 1.3189486669900898, "d1": -3.0, "d2": -0.43404968120719, "d3": -0.02598559147991184, "d4": -0.679517154675457, "p1": 32.471814023426866, "p2": 8.169297104542633, "p3": 7.484559015286455, "p4": 25.82943445586404, "pol1": 0.32405808809971953, "pol2": -0.5409448763709295, "pol3": 0.10676035728690528, "pol4": -0.7673121148287918, "v0s": 4.727038903559184}, "datetime": {"datetime": "2022-06-25 01:31:25", "elapsed": 6557.531532, "delta": 17.627863}}
{"target": 4.0614492773062505, "params": {"Bgrad": 1.4694201217980127, "d1": -0.6110603649887216, "d2": 0.8785612600174031, "d3": -1.8386062725411914, "d4": -2.48310604423402, "p1": 44.1627184370725, "p2": 22.05486123596471, "p3": 24.275259085180583, "p4": 12.890442406727248, "pol1": 0.3171328616325655, "pol2": -0.44619408847210495, "pol3": -0.2969555150984249, "pol4": -0.4952425688232651, "v0s": 4.0614492773062505}, "datetime": {"datetime": "2022-06-25 01:31:38", "elapsed": 6570.084967, "delta": 12.553435}}
{"target": -1.0, "params": {"Bgrad": 1.3226437148989445, "d1": -0.46405992925329365, "d2": 0.8756031364979582, "d3": 0.297558073975694, "d4": -2.7935054892566433, "p1": 8.940269209487717, "p2": 35.69741308648119, "p3": 39.32829813260504, "p4": 33.32484438342001, "pol1": -0.6009628693603608, "pol2": -0.5954753667522874, "pol3": -0.9956910452889598, "pol4": 0.5630198806383668, "v0s": 5.859991627853418}, "datetime": {"datetime": "2022-06-25 01:31:55", "elapsed": 6586.886039, "delta": 16.801072}}
{"target": -1.0, "params": {"Bgrad": 1.5421096423562064, "d1": -2.493243479004193, "d2": 0.6084268722349799, "d3": 0.7868672392975435, "d4": -2.0747525545376013, "p1": 6.740310172027675, "p2": 13.203905676811017, "p3": 33.89606267288069, "p4": 28.88716890151977, "pol1": -0.1960375832935155, "pol2": -0.24242902878178096, "pol3": -0.7383129542441105, "pol4": 0.49624765109157765, "v0s": 5.678986551571145}, "datetime": {"datetime": "2022-06-25 01:32:14", "elapsed": 6606.369938, "delta": 19.483899}}
{"target": -1.0, "params": {"Bgrad": 1.9229742447986156, "d1": -2.3174306605979393, "d2": -1.8110883690870931, "d3": -1.970110677937973, "d4": 0.6606701099160066, "p1": 5.3559990326485565, "p2": 13.135250304328123, "p3": 32.59488134061696, "p4": 34.73638839034486, "pol1": -0.9287106682180295, "pol2": 0.11760298645672385, "pol3": -0.8078416983541403, "pol4": 0.7294839503434201, "v0s": 4.5406679099068}, "datetime": {"datetime": "2022-06-25 01:33:32", "elapsed": 6683.897628, "delta": 77.52769}}
{"target": -1.0, "params": {"Bgrad": 1.8613196669341572, "d1": -1.970018460148459, "d2": 0.8076634139441068, "d3": -1.8959401125318278, "d4": -0.29355031729694625, "p1": 45.92105650528088, "p2": 43.50611090098004, "p3": 6.96967676889445, "p4": 12.741898353904796, "pol1": -0.8936607081048864, "pol2": 0.2805065720893303, "pol3": -0.7655512478149262, "pol4": 0.8151087760227247, "v0s": 3.2041249691694307}, "datetime": {"datetime": "2022-06-25 01:33:53", "elapsed": 6704.782781, "delta": 20.885153}}
{"target": 3.2986437882765753, "params": {"Bgrad": 1.1929305872887028, "d1": -1.5520166789510785, "d2": -1.3201692829175982, "d3": -1.6556576318498475, "d4": -0.11334184906657388, "p1": 25.29290565357429, "p2": 3.8384519312264564, "p3": 37.086305528042054, "p4": 26.443595379816202, "pol1": 0.22937270335247803, "pol2": -0.9408376069854496, "pol3": -0.2909896058809323, "pol4": 0.5708175999298569, "v0s": 3.2986437882765753}, "datetime": {"datetime": "2022-06-25 01:34:03", "elapsed": 6714.807974, "delta": 10.025193}}
{"target": -1.0, "params": {"Bgrad": 0.8583370669864137, "d1": -1.4794403920583648, "d2": -1.2596826223738486, "d3": -0.9728164414206297, "d4": -1.8057094552653887, "p1": 2.3393457043065666, "p2": 17.58446474356516, "p3": 34.87881814501893, "p4": 32.89370696906446, "pol1": -0.10931924982013852, "pol2": 0.7967144410526186, "pol3": 0.03846814014951705, "pol4": -0.968695724335398, "v0s": 4.687533443229091}, "datetime": {"datetime": "2022-06-25 01:34:18", "elapsed": 6729.689182, "delta": 14.881208}}
{"target": 3.2267575351474562, "params": {"Bgrad": 1.3251713121322226, "d1": -2.048332780458823, "d2": -1.1224891707127194, "d3": -1.9771903077112105, "d4": 0.06277454986930361, "p1": 24.68856664973734, "p2": 4.090077137258688, "p3": 36.66088282965175, "p4": 26.06121182604223, "pol1": 0.28255422334689545, "pol2": -0.26664765215753083, "pol3": -0.5084430603949873, "pol4": 1.0, "v0s": 3.2267575351474562}, "datetime": {"datetime": "2022-06-25 01:34:29", "elapsed": 6740.927131, "delta": 11.237949}}
{"target": 5.454085515403368, "params": {"Bgrad": 0.7964718029958542, "d1": -2.5862385541505284, "d2": 0.4811046293048675, "d3": -0.6347267735857485, "d4": -0.9015670662308484, "p1": 8.24563695073126, "p2": 8.5235506236562, "p3": 32.49243418709601, "p4": 34.16427501203483, "pol1": -0.37137332806816037, "pol2": -0.570132145627493, "pol3": -0.9119297312705774, "pol4": 0.8649075691692216, "v0s": 5.454085515403368}, "datetime": {"datetime": "2022-06-25 01:34:41", "elapsed": 6753.239209, "delta": 12.312078}}
{"target": -1.0, "params": {"Bgrad": 1.252137028621009, "d1": -1.493796870376555, "d2": -0.7424908944129269, "d3": -1.1319600489994412, "d4": -2.2698562344359785, "p1": 29.023403771667137, "p2": 9.983750629756743, "p3": 38.11121076023083, "p4": 26.987934388855894, "pol1": 0.6456619752351793, "pol2": 0.5479185858809672, "pol3": 0.256142396078997, "pol4": -0.44183175226195126, "v0s": 4.845278755184825}, "datetime": {"datetime": "2022-06-25 01:35:05", "elapsed": 6777.420547, "delta": 24.181338}}
{"target": -1.0, "params": {"Bgrad": 1.365197252902433, "d1": -1.4111351952514357, "d2": -0.017951691906132883, "d3": 0.4969396217547173, "d4": 0.5018767748405915, "p1": 4.052208829888188, "p2": 11.839168813875311, "p3": 35.571595321904155, "p4": 35.272234044313194, "pol1": 0.8163089155454635, "pol2": -0.748654891578171, "pol3": 0.39803526149585133, "pol4": 0.07779713921815068, "v0s": 5.1542729102296825}, "datetime": {"datetime": "2022-06-25 01:36:15", "elapsed": 6847.535061, "delta": 70.114514}}
{"target": 4.631433126659604, "params": {"Bgrad": 0.7996216334764009, "d1": -1.3008373906570947, "d2": 0.3271997684857108, "d3": -1.157705582986222, "d4": -1.6020767030860432, "p1": 1.8153439317535702, "p2": 31.56437029935099, "p3": 16.68288661846, "p4": 11.817481672662801, "pol1": -0.48884300996454655, "pol2": 0.08044837667846474, "pol3": -0.5109102857145433, "pol4": 0.05534371787204351, "v0s": 4.631433126659604}, "datetime": {"datetime": "2022-06-25 01:36:29", "elapsed": 6861.047927, "delta": 13.512866}}
{"target": 3.2740712483101846, "params": {"Bgrad": 0.5728426253329024, "d1": -2.1201005297187674, "d2": -1.635947893753802, "d3": -1.5728832631685483, "d4": -0.540152614642043, "p1": 21.549614714517546, "p2": 17.547301820620103, "p3": 28.144456057016725, "p4": 46.89924447476276, "pol1": 0.9742649576806441, "pol2": 0.02688372562694985, "pol3": 0.6130866464376317, "pol4": -0.36252617046810975, "v0s": 3.2740712483101846}, "datetime": {"datetime": "2022-06-25 01:36:40", "elapsed": 6872.104364, "delta": 11.056437}}
{"target": 4.108136303418498, "params": {"Bgrad": 1.5801149010990325, "d1": -1.8534777233524677, "d2": 0.5559760127246987, "d3": -0.7478905898363358, "d4": -0.9538102843761068, "p1": 4.4914283097110035, "p2": 9.101163189627984, "p3": 37.357939821314694, "p4": 27.86602720889666, "pol1": 0.57511537229048, "pol2": -0.3107745738212062, "pol3": -0.4763016471136007, "pol4": 0.07977369630084001, "v0s": 4.108136303418498}, "datetime": {"datetime": "2022-06-25 01:36:52", "elapsed": 6884.657794, "delta": 12.55343}}
{"target": 5.2479930336944625, "params": {"Bgrad": 0.9557987188800766, "d1": -2.4796508097627346, "d2": 0.7923575569842334, "d3": -2.0309624557146435, "d4": -2.7097057523118524, "p1": 8.023119481871676, "p2": 15.199133604228098, "p3": 5.799369669967941, "p4": 29.40472012809177, "pol1": 0.1210809238065047, "pol2": -0.21916316656608958, "pol3": -0.399034813155289, "pol4": -0.5839895751922999, "v0s": 5.2479930336944625}, "datetime": {"datetime": "2022-06-25 01:37:06", "elapsed": 6898.271391, "delta": 13.613597}}
{"target": -1.0, "params": {"Bgrad": 1.5780851854680487, "d1": -0.6579879224625653, "d2": 0.35669658652832714, "d3": 0.07666468014559813, "d4": -1.9312820635996792, "p1": 6.900982358586061, "p2": 10.25778354030158, "p3": 32.7250712808519, "p4": 24.826957944454936, "pol1": 0.984710323193196, "pol2": 0.4975199702135198, "pol3": 0.20397552560145105, "pol4": -0.20011701090546263, "v0s": 3.850766297429111}, "datetime": {"datetime": "2022-06-25 01:38:48", "elapsed": 6999.895648, "delta": 101.624257}}
{"target": -1.0, "params": {"Bgrad": 0.7889697080564056, "d1": -1.8124961520401173, "d2": 0.2024586107655919, "d3": -1.6563568715828434, "d4": -0.9976431311156584, "p1": 4.836342028655766, "p2": 9.660545725639679, "p3": 34.01160599424639, "p4": 34.57649152184646, "pol1": -0.970151967920571, "pol2": -0.7786575002371612, "pol3": 0.1773173463317348, "pol4": 0.2731962075612988, "v0s": 5.632580437835833}, "datetime": {"datetime": "2022-06-25 01:39:01", "elapsed": 7012.901869, "delta": 13.006221}}
{"target": 2.6437883278538585, "params": {"Bgrad": 0.8581581139260752, "d1": -1.8658649396651117, "d2": -0.2635417251689005, "d3": -2.272765578637433, "d4": -1.2855350365776652, "p1": 5.826640124212462, "p2": 35.99325046555635, "p3": 36.050666952869236, "p4": 33.54606695518941, "pol1": 0.402529696013187, "pol2": -0.1264698895828329, "pol3": -0.2674531517888299, "pol4": -0.4892182398694893, "v0s": 2.6437883278538585}, "datetime": {"datetime": "2022-06-25 01:39:11", "elapsed": 7023.225264, "delta": 10.323395}}
{"target": 2.9369024115774023, "params": {"Bgrad": 1.6724767250726862, "d1": -1.7220007226331266, "d2": 0.755824999998262, "d3": -1.5095562450494082, "d4": -2.6915099336531743, "p1": 7.811602611779811, "p2": 14.721983172983261, "p3": 4.834520061277675, "p4": 30.213830982856432, "pol1": 0.35588754279613277, "pol2": 0.5454427459471785, "pol3": -0.6391117362049723, "pol4": 0.25308610949798704, "v0s": 2.9369024115774023}, "datetime": {"datetime": "2022-06-25 01:39:23", "elapsed": 7034.916004, "delta": 11.69074}}
{"target": -1.0, "params": {"Bgrad": 1.941962025553236, "d1": -2.33852215127114, "d2": -1.2901149403349708, "d3": 0.7246258536962071, "d4": -0.25974468235920956, "p1": 42.9772514984743, "p2": 21.326529733808602, "p3": 23.949645134784713, "p4": 10.97363742177016, "pol1": -0.6867678900170291, "pol2": -0.5645925913448067, "pol3": -0.7592878070650084, "pol4": -0.14795383385110394, "v0s": 4.271864950265721}, "datetime": {"datetime": "2022-06-25 01:39:42", "elapsed": 7054.44578, "delta": 19.529776}}
{"target": 4.0608547819062215, "params": {"Bgrad": 1.287354066212615, "d1": -1.7147133587090957, "d2": 0.9775848712378191, "d3": -1.9540513645352509, "d4": -0.8642259430174211, "p1": 45.67478878077702, "p2": 17.45867556544223, "p3": 27.447699789340277, "p4": 11.86149003409596, "pol1": 0.47466103737401866, "pol2": -0.33688349987914923, "pol3": -0.18996043016434272, "pol4": -0.032326381561727686, "v0s": 4.0608547819062215}, "datetime": {"datetime": "2022-06-25 01:39:55", "elapsed": 7066.765836, "delta": 12.320056}}
{"target": 4.182087270916463, "params": {"Bgrad": 1.2737895637509171, "d1": -1.0877922708278582, "d2": 0.6235953006684135, "d3": -0.7951246386558048, "d4": -1.3108122252122048, "p1": 1.7341099864563727, "p2": 31.814615045707068, "p3": 16.910448859265426, "p4": 11.62955704569913, "pol1": -0.24707118146629925, "pol2": -0.31281552633788556, "pol3": -0.44847498896371046, "pol4": 0.8004597075248006, "v0s": 4.182087270916463}, "datetime": {"datetime": "2022-06-25 01:40:06", "elapsed": 7078.097535, "delta": 11.331699}}
{"target": -1.0, "params": {"Bgrad": 0.5293454188873942, "d1": -1.198288941399678, "d2": 0.571947894439679, "d3": 0.38774130859237843, "d4": -1.4632777327356048, "p1": 3.1062212251853905, "p2": 12.77330983738872, "p3": 38.30400563762917, "p4": 29.242448083095834, "pol1": 0.9884794137776856, "pol2": 0.9150899107817292, "pol3": 0.6606959292290713, "pol4": 0.2837941240740418, "v0s": 3.7825926878237364}, "datetime": {"datetime": "2022-06-25 01:40:24", "elapsed": 7095.682513, "delta": 17.584978}}
{"target": 2.6948785398514987, "params": {"Bgrad": 1.3406142259185392, "d1": -2.4461188371089966, "d2": 0.41234917514774994, "d3": -2.879331645262426, "d4": -1.0902039219264665, "p1": 44.4742404186956, "p2": 22.82289826861062, "p3": 24.037666882107068, "p4": 18.905202485243212, "pol1": 0.32575102600213723, "pol2": -0.9310851737853074, "pol3": 0.9462997562031024, "pol4": -0.12311044227201928, "v0s": 2.6948785398514987}, "datetime": {"datetime": "2022-06-25 01:40:34", "elapsed": 7106.239284, "delta": 10.556771}}
{"target": 4.380712674339991, "params": {"Bgrad": 0.7139664249955735, "d1": -2.7033544990202922, "d2": -0.9405501316394766, "d3": -0.33090658406551166, "d4": -0.7504136922819664, "p1": 22.256109372587176, "p2": 18.57109129798401, "p3": 27.45280526157941, "p4": 46.1777343120318, "pol1": 0.5372256035386029, "pol2": -0.2072154910157702, "pol3": 0.6688694861254203, "pol4": 0.19879408730293435, "v0s": 4.380712674339991}, "datetime": {"datetime": "2022-06-25 01:40:46", "elapsed": 7117.946978, "delta": 11.707694}}
{"target": 4.28237054747814, "params": {"Bgrad": 0.8089792777849762, "d1": -1.857325641722906, "d2": 0.6172205029785589, "d3": -1.1733248666150846, "d4": -1.1439493171554966, "p1": 1.0071171197739246, "p2": 11.00437823240004, "p3": 35.2828562835907, "p4": 26.11371929062935, "pol1": -0.14603105827708696, "pol2": -0.04183076886219054, "pol3": 0.4241713769889154, "pol4": -0.22862084651465983, "v0s": 4.28237054747814}, "datetime": {"datetime": "2022-06-25 01:40:55", "elapsed": 7126.784347, "delta": 8.837369}}
{"target": -1.0, "params": {"Bgrad": 0.6538271754984946, "d1": -1.4455802723802056, "d2": -0.29566185752290064, "d3": -2.024147423317604, "d4": -2.4715722926033066, "p1": 47.40720874184738, "p2": 45.04286994078567, "p3": 6.7356385149359435, "p4": 14.311238388986492, "pol1": 0.21295524329966575, "pol2": 0.9512946508127635, "pol3": -0.9540732844973199, "pol4": 0.4778860159854388, "v0s": 5.429748428451401}, "datetime": {"datetime": "2022-06-25 01:41:09", "elapsed": 7141.646605, "delta": 14.862258}}
{"target": -1.0, "params": {"Bgrad": 0.7531762805159514, "d1": -2.280073403296031, "d2": 0.2458310161343552, "d3": -1.6279473361162409, "d4": -2.4676706892349385, "p1": 10.126823574812944, "p2": 15.265024085939732, "p3": 7.348754721768257, "p4": 29.482701482925506, "pol1": -0.12807162819328546, "pol2": -0.32399176152879694, "pol3": 0.4275290047940059, "pol4": 0.5118759633243705, "v0s": 4.296615268198227}, "datetime": {"datetime": "2022-06-25 01:41:21", "elapsed": 7152.895525, "delta": 11.24892}}
{"target": -1.0, "params": {"Bgrad": 0.9842127513567205, "d1": -0.7322370882743479, "d2": 0.14746709221040444, "d3": -1.1423724684891963, "d4": -2.3256084644881696, "p1": 5.85248326835201, "p2": 12.837539447985913, "p3": 33.48808899303658, "p4": 24.75643090079472, "pol1": -0.9065548149447658, "pol2": 0.5064178594540019, "pol3": 0.7922708588788316, "pol4": -0.5456841460924862, "v0s": 5.772826335302807}, "datetime": {"datetime": "2022-06-25 01:41:40", "elapsed": 7172.498108, "delta": 19.602583}}
{"target": -1.0, "params": {"Bgrad": 1.1294346129207353, "d1": -0.05949707336382426, "d2": -0.4342118066075358, "d3": -2.425444521555717, "d4": -1.3130623646289141, "p1": 8.233052431638493, "p2": 14.680684565170854, "p3": 37.06669772885981, "p4": 34.089007193665914, "pol1": -0.889650384246387, "pol2": 0.3401813968703513, "pol3": 0.37404861839692005, "pol4": 0.7685679200233266, "v0s": 3.9446868809125624}, "datetime": {"datetime": "2022-06-25 01:41:58", "elapsed": 7190.540861, "delta": 18.042753}}
{"target": -1.0, "params": {"Bgrad": 0.9612346132174843, "d1": -2.4217314053995906, "d2": -0.3378251143843958, "d3": 0.1678246994537571, "d4": -2.239246966067234, "p1": 3.077956235642898, "p2": 9.900343975083425, "p3": 38.14306522689407, "p4": 25.785078932744703, "pol1": -0.6921481584014222, "pol2": 0.2959491089205868, "pol3": -0.029847858775290392, "pol4": -0.27232028602295344, "v0s": 4.474479188664411}, "datetime": {"datetime": "2022-06-25 01:42:17", "elapsed": 7209.223904, "delta": 18.683043}}
{"target": 2.673407601480055, "params": {"Bgrad": 0.5416049710447719, "d1": -0.7336653817875436, "d2": 0.7575391005994558, "d3": -0.8562897345839651, "d4": -0.5611069136251254, "p1": 45.13374779890322, "p2": 18.795978526475942, "p3": 24.956986166316565, "p4": 10.60690346961975, "pol1": 0.7233604420639825, "pol2": -0.2843909669232718, "pol3": 0.7957446249424285, "pol4": -0.6488267188773285, "v0s": 2.673407601480055}, "datetime": {"datetime": "2022-06-25 01:42:25", "elapsed": 7216.688941, "delta": 7.465037}}
{"target": -1.0, "params": {"Bgrad": 0.7583165787144501, "d1": -2.135045580827862, "d2": -0.24462206649274787, "d3": 0.3192706189265171, "d4": -2.317619448087957, "p1": 22.9930425965231, "p2": 18.459162532409096, "p3": 29.305758963232442, "p4": 47.10769149837393, "pol1": 0.8634850416829309, "pol2": 0.23097145794723883, "pol3": 0.9142065226449088, "pol4": 0.4861936011071193, "v0s": 3.812008884834619}, "datetime": {"datetime": "2022-06-25 01:42:39", "elapsed": 7231.580122, "delta": 14.891181}}
