{"target": -1.0, "params": {"Bgrad": 1.134649305721102, "d1": 0.4387091028984864, "d2": 0.9550121381784984, "d3": -1.8371881933936582, "d4": -2.3817545732725685, "p1": 0.519000315448126, "p2": 13.224672832419865, "p3": 39.19264161599201, "p4": 14.039419703687173, "pol1": 0.9056455721837855, "pol2": -0.6007848684381751, "pol3": -0.8817015866525393, "pol4": -0.5223252358690353, "v0s": 4.067690737441291}, "datetime": {"datetime": "2022-06-16 17:21:00", "elapsed": 314307.87131, "delta": 24.237218}}
{"target": -1.0, "params": {"Bgrad": 1.2039065050872724, "d1": -2.908672016774093, "d2": 0.7144012103058421, "d3": 0.633547931102882, "d4": -2.257283199847441, "p1": 29.810147513374712, "p2": 15.933564694766122, "p3": 27.632576135452645, "p4": 38.067447192514145, "pol1": -0.9551497314970279, "pol2": 0.6272924912094953, "pol3": -0.94882681111337, "pol4": 0.5474400297875184, "v0s": 4.596125128135473}, "datetime": {"datetime": "2022-06-16 17:21:21", "elapsed": 314328.742524, "delta": 20.871214}}
{"target": -1.0, "params": {"Bgrad": 1.8490609880588649, "d1": -2.446404856951995, "d2": -0.2484551143326219, "d3": 0.9389413385866106, "d4": -2.3728386945049853, "p1": 23.568180043393543, "p2": 6.542644116860941, "p3": 11.852761988020966, "p4": 34.73675059456743, "pol1": 0.3465511661590457, "pol2": 0.6394269771796808, "pol3": 0.4499346621162379, "pol4": 0.47061714550519507, "v0s": 5.807148799016009}, "datetime": {"datetime": "2022-06-16 17:21:41", "elapsed": 314348.223455, "delta": 19.480931}}
{"target": -1.0, "params": {"Bgrad": 1.6908531888883414, "d1": 0.32756240156880967, "d2": 0.09982204636281411, "d3": -1.6084558839432619, "d4": -0.41737914801403786, "p1": 6.775423719385959, "p2": 36.65239580608148, "p3": 40.31977942312037, "p4": 17.28411579051596, "pol1": 0.9550188976962826, "pol2": 0.7043120558575462, "pol3": -0.9977926837562938, "pol4": -0.1631650043140216, "v0s": 4.036377861175995}, "datetime": {"datetime": "2022-06-16 17:22:04", "elapsed": 314371.512208, "delta": 23.288753}}
{"target": -1.0, "params": {"Bgrad": 1.9163502839107618, "d1": -1.9479423049553484, "d2": -2.9443206425204904, "d3": 0.9761633723926422, "d4": -1.0587539347505244, "p1": 42.29616557709797, "p2": 44.59697441652886, "p3": 36.185555432418425, "p4": 16.05486741347779, "pol1": 0.0813096985809052, "pol2": 0.10736994569160618, "pol3": 0.9725688223348468, "pol4": -0.8412392369987689, "v0s": 3.6539795098561276}, "datetime": {"datetime": "2022-06-16 17:22:24", "elapsed": 314391.096861, "delta": 19.584653}}
{"target": -1.0, "params": {"Bgrad": 1.4883840200098397, "d1": -2.4202128460917933, "d2": -1.068215358500347, "d3": -1.1020599836306286, "d4": -1.6154459431504935, "p1": 15.167880630365227, "p2": 10.300031309241481, "p3": 39.738233105033984, "p4": 13.862988522260732, "pol1": 0.45503402832008133, "pol2": 0.6849501989148732, "pol3": 0.44525476145906917, "pol4": 0.4781876963037581, "v0s": 6.43436363981713}, "datetime": {"datetime": "2022-06-16 17:22:44", "elapsed": 314411.853384, "delta": 20.756523}}
{"target": -1.0, "params": {"Bgrad": 0.6609577504077437, "d1": -0.013932625347950367, "d2": -0.4225895301512108, "d3": -1.9680762255411195, "d4": -1.4594830060271922, "p1": 2.6488172571132673, "p2": 4.527236539299306, "p3": 32.62816829747322, "p4": 10.859562051519767, "pol1": 0.41695518851958213, "pol2": 0.9145390554395214, "pol3": 0.40075423491972484, "pol4": 0.7201191708005552, "v0s": 3.7594609192886357}, "datetime": {"datetime": "2022-06-16 17:23:12", "elapsed": 314439.410727, "delta": 27.557343}}
{"target": -1.0, "params": {"Bgrad": 1.9588522799672499, "d1": 0.6990802505887075, "d2": -2.3254343140100353, "d3": -0.03535981234349528, "d4": -0.174506237490045, "p1": 48.37503110867532, "p2": 36.392560920514974, "p3": 4.462122553871511, "p4": 33.83702985814997, "pol1": 0.0465607083092483, "pol2": 0.7948144324024073, "pol3": 0.8041106921414354, "pol4": -0.4890753981102762, "v0s": 2.9052680053587583}, "datetime": {"datetime": "2022-06-16 17:23:31", "elapsed": 314458.652298, "delta": 19.241571}}
{"target": -1.0, "params": {"Bgrad": 1.983336701011578, "d1": -2.3872311201060037, "d2": 0.49235402805817996, "d3": -1.3497752571023178, "d4": -2.189383424898489, "p1": 47.723282107617415, "p2": 25.757601417184645, "p3": 18.457636592947274, "p4": 26.749289812330247, "pol1": -0.5938886925186153, "pol2": -0.3093031343497967, "pol3": 0.47511103732788373, "pol4": 0.6916073517125509, "v0s": 5.5871655805984135}, "datetime": {"datetime": "2022-06-16 17:23:55", "elapsed": 314482.509531, "delta": 23.857233}}
{"target": -1.0, "params": {"Bgrad": 1.2553023011583218, "d1": -1.9951194310259646, "d2": -2.492835444139789, "d3": -1.196418906213256, "d4": -0.15647359871819289, "p1": 15.825979321826978, "p2": 7.9079111715930015, "p3": 32.462551387983396, "p4": 21.009796416955506, "pol1": -0.07439577625185256, "pol2": 0.02958364154037585, "pol3": 0.7051955378693435, "pol4": 0.717716529522108, "v0s": 4.4536323591590525}, "datetime": {"datetime": "2022-06-16 17:24:14", "elapsed": 314501.313272, "delta": 18.803741}}
{"target": -1.0, "params": {"Bgrad": 0.860363631697139, "d1": -1.9429101785776544, "d2": 0.4448770881471482, "d3": -0.9348542361561782, "d4": -1.5556101845228185, "p1": 43.124786275767214, "p2": 32.52425559519924, "p3": 39.97388650647441, "p4": 22.410880467554506, "pol1": 0.8930671933322609, "pol2": 0.025812113340276888, "pol3": -0.31596243075423547, "pol4": -0.7499235803146742, "v0s": 2.247234783813515}, "datetime": {"datetime": "2022-06-16 17:24:22", "elapsed": 314509.663952, "delta": 8.35068}}
{"target": -1.0, "params": {"Bgrad": 0.8659548947289818, "d1": 0.639608393638031, "d2": -2.818262473962364, "d3": -1.9323943732935773, "d4": -2.1415239723940904, "p1": 23.12462843666769, "p2": 22.58609318569245, "p3": 20.805627674243983, "p4": 46.45642870876232, "pol1": 0.7873281496469409, "pol2": -0.7237316075027462, "pol3": 0.10737941392016515, "pol4": -0.1611250649723548, "v0s": 6.009115173316402}, "datetime": {"datetime": "2022-06-16 17:24:39", "elapsed": 314526.306469, "delta": 16.642517}}
{"target": -1.0, "params": {"Bgrad": 1.7107074501904977, "d1": -0.31691816338114975, "d2": -2.5199378488535116, "d3": -0.24180095353864406, "d4": 0.17828416483453235, "p1": 27.660432700413, "p2": 18.495669945881748, "p3": 32.07535147237126, "p4": 32.99669025076214, "pol1": 0.04041642210693941, "pol2": -0.5021324078063154, "pol3": 0.1430918343313452, "pol4": 0.11008624829959612, "v0s": 3.7088504451488307}, "datetime": {"datetime": "2022-06-16 17:24:59", "elapsed": 314546.378819, "delta": 20.07235}}
{"target": -1.0, "params": {"Bgrad": 1.6456779741705978, "d1": -0.653517942929049, "d2": 0.8303526913556678, "d3": -0.2467651160865918, "d4": -0.09191237855046053, "p1": 2.6900039007100753, "p2": 9.035511439078793, "p3": 44.7271646341323, "p4": 25.93447429306786, "pol1": 0.5114852819836524, "pol2": 0.9310002183716719, "pol3": 0.1451492122535445, "pol4": 0.4151025817757621, "v0s": 7.899927421254894}, "datetime": {"datetime": "2022-06-16 17:25:26", "elapsed": 314573.531245, "delta": 27.152426}}
{"target": -1.0, "params": {"Bgrad": 1.9070795531465006, "d1": -0.8058076071946179, "d2": -2.746569683811671, "d3": 0.6126010725467994, "d4": -2.5068237737744825, "p1": 48.7595289846824, "p2": 17.591795987038843, "p3": 19.162576479044002, "p4": 21.87956782105333, "pol1": -0.3089951984481223, "pol2": 0.40097079763411303, "pol3": -0.10624821217894898, "pol4": 0.3229140965077444, "v0s": 5.224248767964127}, "datetime": {"datetime": "2022-06-16 17:25:46", "elapsed": 314593.759696, "delta": 20.228451}}
{"target": -1.0, "params": {"Bgrad": 1.758527912866882, "d1": 0.6627413745097592, "d2": -1.2762680514713605, "d3": -1.327436489757209, "d4": -2.65450523205514, "p1": 27.989786103247184, "p2": 11.502391180858057, "p3": 33.29255660817516, "p4": 17.61595659318904, "pol1": 0.4778187346134879, "pol2": 0.21091641919217685, "pol3": 0.12979563558928398, "pol4": 0.49453803227067783, "v0s": 4.649050431790952}, "datetime": {"datetime": "2022-06-16 17:26:05", "elapsed": 314612.571416, "delta": 18.81172}}
{"target": -1.0, "params": {"Bgrad": 1.3319587927588032, "d1": -2.763661020051492, "d2": -2.3260484848913046, "d3": -0.7492926742578825, "d4": -0.16669881402990994, "p1": 31.911251053921692, "p2": 35.705601154860176, "p3": 3.3076955788352844, "p4": 33.01453564417131, "pol1": 0.14783603234359144, "pol2": -0.639901311750958, "pol3": 0.5707934900641687, "pol4": 0.3348607160948305, "v0s": 4.674283085169708}, "datetime": {"datetime": "2022-06-16 17:26:25", "elapsed": 314632.306667, "delta": 19.735251}}
{"target": 2.4707987272755805, "params": {"Bgrad": 1.794935608158796, "d1": -1.3748016680775654, "d2": -1.4974902429631851, "d3": -1.1245460942874277, "d4": 0.0675240921380702, "p1": 43.655019818212196, "p2": 46.45305722615539, "p3": 20.772336569526583, "p4": 28.039183743835178, "pol1": 0.4228592538404088, "pol2": -0.8824978210167846, "pol3": -0.6774567199905153, "pol4": 0.7411325411897862, "v0s": 2.4707987272755805}, "datetime": {"datetime": "2022-06-16 17:26:36", "elapsed": 314643.768032, "delta": 11.461365}}
{"target": -1.0, "params": {"Bgrad": 1.0261398987976533, "d1": -1.4508051711302592, "d2": -2.5646595916571995, "d3": -0.6171943657801999, "d4": -2.9935124839182516, "p1": 29.825880011059695, "p2": 47.6070839424613, "p3": 17.539758022256148, "p4": 23.21148637637645, "pol1": 0.2662598009220387, "pol2": 0.6160679242164653, "pol3": 0.5813799324880726, "pol4": 0.6965997142189526, "v0s": 3.6606731834529924}, "datetime": {"datetime": "2022-06-16 17:27:04", "elapsed": 314671.321387, "delta": 27.553355}}
{"target": -1.0, "params": {"Bgrad": 1.955357472426018, "d1": -2.653785956631503, "d2": -1.973883169796764, "d3": 0.9714008017812517, "d4": -2.4079032309265935, "p1": 9.864317058391542, "p2": 10.457622523244925, "p3": 14.628627719645825, "p4": 37.88720419961674, "pol1": 0.027239987609513294, "pol2": -0.13065130402467484, "pol3": 0.894348180023034, "pol4": -0.03865846527792072, "v0s": 7.234003089536995}, "datetime": {"datetime": "2022-06-16 17:27:24", "elapsed": 314691.169337, "delta": 19.84795}}
{"target": -1.0, "params": {"Bgrad": 1.7959093776774546, "d1": 0.4827679089575083, "d2": -0.9034279664963223, "d3": -2.695142071828905, "d4": 0.3660480671829345, "p1": 35.923385518890555, "p2": 33.424068846173185, "p3": 4.465469329939048, "p4": 25.061786946114417, "pol1": -0.5480863858696994, "pol2": 0.4244503810228528, "pol3": 0.19898656739246934, "pol4": -0.7847348080105334, "v0s": 6.836430447398681}, "datetime": {"datetime": "2022-06-16 17:27:42", "elapsed": 314709.335782, "delta": 18.166445}}
{"target": -1.0, "params": {"Bgrad": 1.1793176317711693, "d1": 0.6328391764911654, "d2": -2.8977448078649575, "d3": 0.19597016461111139, "d4": -1.2406554850540048, "p1": 47.36578389270417, "p2": 12.348885866406029, "p3": 39.49553937519834, "p4": 48.099526642469485, "pol1": -0.7278163708028345, "pol2": 0.6952124355266274, "pol3": 0.911258587957706, "pol4": -0.1978643104157054, "v0s": 7.766071476521423}, "datetime": {"datetime": "2022-06-16 17:28:00", "elapsed": 314727.863765, "delta": 18.527983}}
{"target": 3.681141013807161, "params": {"Bgrad": 1.4634275582512524, "d1": -0.6999500927779225, "d2": 0.7447870436696591, "d3": -2.9995237277229307, "d4": -2.4539860849310995, "p1": 5.101755480908654, "p2": 34.31964072863093, "p3": 13.521211034500164, "p4": 10.24823578133694, "pol1": 0.3614002194916115, "pol2": -0.2127809004681227, "pol3": -0.05665697410789061, "pol4": 0.8656340425038611, "v0s": 3.681141013807161}, "datetime": {"datetime": "2022-06-16 17:28:11", "elapsed": 314738.929188, "delta": 11.065423}}
{"target": -1.0, "params": {"Bgrad": 1.8305116772455188, "d1": -1.965566630321891, "d2": -0.37079506650489025, "d3": 0.6000680824315663, "d4": 0.9299343607364783, "p1": 48.876953908173064, "p2": 37.296285154753896, "p3": 24.31499283589919, "p4": 40.64906664320026, "pol1": -0.26591262488305967, "pol2": 0.5595094533971241, "pol3": 0.25585634219136977, "pol4": 0.575504356618658, "v0s": 2.0302825622575127}, "datetime": {"datetime": "2022-06-16 17:28:37", "elapsed": 314764.948643, "delta": 26.019455}}
{"target": -1.0, "params": {"Bgrad": 1.3348306104913805, "d1": -2.6704048642284235, "d2": 0.0937032312976922, "d3": 0.2096354873418136, "d4": -2.8687441405944694, "p1": 34.33481594880675, "p2": 6.9223841361704235, "p3": 41.06144319465258, "p4": 15.496541616286386, "pol1": -0.26077308318858816, "pol2": 0.5041565991167638, "pol3": 0.09097389138375878, "pol4": 0.6609320009146391, "v0s": 4.937709321471256}, "datetime": {"datetime": "2022-06-16 17:28:59", "elapsed": 314786.861579, "delta": 21.912936}}
{"target": -1.0, "params": {"Bgrad": 1.880085114060283, "d1": -1.5434767635346591, "d2": -1.2944968273584778, "d3": -0.4384682543998597, "d4": -2.140769460951809, "p1": 48.92196818950587, "p2": 31.484001010701135, "p3": 32.82078448507403, "p4": 44.34532963023407, "pol1": 0.05200463371127606, "pol2": 0.20925787329282475, "pol3": -0.24129367293371606, "pol4": 0.34392739071423417, "v0s": 2.725272535247101}, "datetime": {"datetime": "2022-06-16 17:29:10", "elapsed": 314797.487179, "delta": 10.6256}}
{"target": -1.0, "params": {"Bgrad": 1.4885279945260907, "d1": -2.176545999787533, "d2": -1.958190622711728, "d3": -0.08312479890412039, "d4": -2.344237779798111, "p1": 2.575492608830393, "p2": 11.334095718641334, "p3": 43.86694679455373, "p4": 4.54391685368043, "pol1": -0.7592567180780971, "pol2": 0.36093477025512666, "pol3": 0.8484654860376977, "pol4": 0.24695063672719475, "v0s": 2.5598584271149694}, "datetime": {"datetime": "2022-06-16 17:29:26", "elapsed": 314813.791108, "delta": 16.303929}}
{"target": -1.0, "params": {"Bgrad": 0.8659339400485035, "d1": 0.05801595490532563, "d2": 0.9208979966053761, "d3": -0.39559273582951304, "d4": -0.8332012193058627, "p1": 35.377064197327776, "p2": 34.528604999745596, "p3": 26.626830250141836, "p4": 2.701817964293679, "pol1": -0.632172970502342, "pol2": 0.26606769628904847, "pol3": 0.3599964884295004, "pol4": 0.2554638595757357, "v0s": 7.28058482026882}, "datetime": {"datetime": "2022-06-16 17:29:58", "elapsed": 314845.55421, "delta": 31.763102}}
{"target": -1.0, "params": {"Bgrad": 1.5040067032192557, "d1": -0.8683615921587347, "d2": -2.5162177795295717, "d3": -0.8811961307710177, "d4": -2.2110103772946244, "p1": 40.673625965298456, "p2": 35.97340286375948, "p3": 36.34118840183233, "p4": 34.1018083941267, "pol1": -0.347258456272308, "pol2": 0.45037812465801697, "pol3": 0.10099247159231872, "pol4": 0.9708040264974536, "v0s": 2.766594912483714}, "datetime": {"datetime": "2022-06-16 17:30:23", "elapsed": 314870.18987, "delta": 24.63566}}
{"target": -1.0, "params": {"Bgrad": 1.7208942292204685, "d1": -1.2105048482031107, "d2": -2.952538984326385, "d3": -1.4367611762660477, "d4": -2.6143301187224686, "p1": 36.61699918209532, "p2": 1.1254515772127272, "p3": 23.087737074408686, "p4": 19.985244094461695, "pol1": -0.602903429539331, "pol2": 0.24800607944418696, "pol3": -0.7163894569174662, "pol4": 0.8363266907185902, "v0s": 6.216575455844015}, "datetime": {"datetime": "2022-06-16 17:30:41", "elapsed": 314888.212204, "delta": 18.022334}}
{"target": -1.0, "params": {"Bgrad": 0.8981096235093271, "d1": 0.6327375432987092, "d2": -1.5797174765942854, "d3": -1.9053761845695316, "d4": 0.8464693240241741, "p1": 46.06975053900362, "p2": 44.125069811848924, "p3": 48.89204201696382, "p4": 10.817820506163066, "pol1": 0.20820092767194476, "pol2": -0.34441328420597417, "pol3": -0.9017248855890714, "pol4": 0.9363011627729474, "v0s": 3.79027487277982}, "datetime": {"datetime": "2022-06-16 17:31:09", "elapsed": 314916.622269, "delta": 28.410065}}
{"target": 2.7490127577981487, "params": {"Bgrad": 1.1056428560149605, "d1": 0.7177762514137727, "d2": -2.7179475905117094, "d3": -0.5440075066128092, "d4": -0.7832948370859754, "p1": 15.303709996942688, "p2": 19.355292246371608, "p3": 45.32818742513647, "p4": 44.012395508646996, "pol1": -0.8240613456648977, "pol2": -0.7421829489155656, "pol3": -0.855977456956674, "pol4": 0.06827462091163095, "v0s": 2.7490127577981487}, "datetime": {"datetime": "2022-06-16 17:31:31", "elapsed": 314938.117837, "delta": 21.495568}}
{"target": -1.0, "params": {"Bgrad": 0.6614137120648911, "d1": -1.7448011569392774, "d2": 0.9382407418053567, "d3": -1.2885386796210248, "d4": 0.3015062990447772, "p1": 3.46139311246223, "p2": 12.97186653972241, "p3": 16.45033595291513, "p4": 17.932424821203423, "pol1": 0.44138027229081844, "pol2": -0.4227892126359847, "pol3": 0.6094479934190322, "pol4": -0.6767878000572978, "v0s": 4.826332265772732}, "datetime": {"datetime": "2022-06-16 17:31:46", "elapsed": 314953.727116, "delta": 15.609279}}
{"target": -1.0, "params": {"Bgrad": 1.4637275502277756, "d1": -2.881531002276389, "d2": -2.0946787313593602, "d3": 0.2515445378222121, "d4": -2.006994876077455, "p1": 7.891286751799459, "p2": 19.58912785787172, "p3": 20.277342807964065, "p4": 25.881763823203762, "pol1": 0.8807684564936056, "pol2": 0.8513033540834261, "pol3": 0.09315387974922285, "pol4": 0.7477852796677618, "v0s": 3.8574406752356296}, "datetime": {"datetime": "2022-06-16 17:32:08", "elapsed": 314975.611622, "delta": 21.884506}}
{"target": -1.0, "params": {"Bgrad": 1.5178359518821143, "d1": 0.7876322241260425, "d2": -2.8323726687587847, "d3": -2.510818247500025, "d4": -1.47044774053369, "p1": 36.44916185122696, "p2": 4.085538402541333, "p3": 33.72695869636099, "p4": 1.735047450791627, "pol1": 0.44118720339377315, "pol2": -0.6036431900649837, "pol3": 0.26428820211603, "pol4": 0.23837184144562507, "v0s": 2.063604871922902}, "datetime": {"datetime": "2022-06-16 17:32:30", "elapsed": 314997.345531, "delta": 21.733909}}
{"target": -1.0, "params": {"Bgrad": 1.2785622740556115, "d1": -2.329868976946372, "d2": -1.067720732114716, "d3": -2.917445424599541, "d4": -2.457884183009482, "p1": 22.66302284463774, "p2": 25.601403969820304, "p3": 26.77871712235782, "p4": 21.61022062281149, "pol1": 0.962489421100484, "pol2": 0.23903741953642332, "pol3": 0.25044512248965645, "pol4": -0.8234895585200264, "v0s": 4.429527664496842}, "datetime": {"datetime": "2022-06-16 17:32:52", "elapsed": 315019.899249, "delta": 22.553718}}
{"target": -1.0, "params": {"Bgrad": 1.9806061317698298, "d1": -0.27564267501064155, "d2": 0.2373457120491227, "d3": -1.7483842721469247, "d4": -2.074558063481666, "p1": 17.97928466471922, "p2": 9.619542298960965, "p3": 1.7485049675147024, "p4": 42.3495324542494, "pol1": -0.6659471452555052, "pol2": -0.6111156746575508, "pol3": -0.19054533476078594, "pol4": -0.32947294670340255, "v0s": 2.6536122180034103}, "datetime": {"datetime": "2022-06-16 17:33:19", "elapsed": 315046.832261, "delta": 26.933012}}
{"target": -1.0, "params": {"Bgrad": 0.6734040504739767, "d1": -1.7552731618408308, "d2": 0.41210622210627257, "d3": -0.39240034335189167, "d4": -0.9481129776695019, "p1": 37.09915441523121, "p2": 39.10411797197344, "p3": 41.21360773954109, "p4": 45.955848610466106, "pol1": 0.44827766192081975, "pol2": 0.1314415660420809, "pol3": 0.6398508631603794, "pol4": 0.9437401640236045, "v0s": 6.948045438514862}, "datetime": {"datetime": "2022-06-16 17:33:33", "elapsed": 315060.543613, "delta": 13.711352}}
{"target": 3.907924629089509, "params": {"Bgrad": 1.4120527248005685, "d1": -1.7713061075973906, "d2": 0.04518903081572079, "d3": -1.6572976515462217, "d4": -1.2968264801426908, "p1": 7.060792868619259, "p2": 10.912548759863922, "p3": 22.5024783370378, "p4": 6.681367263205634, "pol1": -0.25837073964135526, "pol2": 0.26545336424838184, "pol3": -0.7594864162078505, "pol4": 0.22120455230533786, "v0s": 3.907924629089509}, "datetime": {"datetime": "2022-06-16 17:33:44", "elapsed": 315071.963091, "delta": 11.419478}}
{"target": -1.0, "params": {"Bgrad": 1.3154298175908639, "d1": -2.9709494974916772, "d2": -1.1857133763508343, "d3": -0.44241562558236724, "d4": -1.0368801133230816, "p1": 41.18588832752161, "p2": 42.27193237552342, "p3": 20.104202621841605, "p4": 2.5206737333299256, "pol1": 0.16842502574027907, "pol2": -0.11040493948394192, "pol3": -0.3730756114821132, "pol4": 0.5550843641839882, "v0s": 4.58258543195451}, "datetime": {"datetime": "2022-06-16 17:34:06", "elapsed": 315093.15445, "delta": 21.191359}}
{"target": 5.1600167564447865, "params": {"Bgrad": 1.9230808316710482, "d1": -2.9261823893302688, "d2": -2.445347340277804, "d3": -2.950525690452186, "d4": -0.6476954172961946, "p1": 18.847492251830722, "p2": 3.4259818354076597, "p3": 17.358015207969444, "p4": 40.53122121148784, "pol1": -0.2584172492946659, "pol2": 0.09841576179652911, "pol3": -0.07535228643807801, "pol4": -0.912516065900042, "v0s": 5.1600167564447865}, "datetime": {"datetime": "2022-06-16 17:34:20", "elapsed": 315107.967857, "delta": 14.813407}}
{"target": -1.0, "params": {"Bgrad": 1.364632369579974, "d1": 0.05648153684636359, "d2": -1.8708678969047194, "d3": -2.4019529639348467, "d4": -0.3481827363577388, "p1": 9.824103337812817, "p2": 11.594878097528527, "p3": 1.238638882982912, "p4": 2.0911609928039585, "pol1": -0.02157838784909405, "pol2": -0.5357830547276992, "pol3": 0.07464681263730877, "pol4": 0.01934359042707423, "v0s": 7.04962563728439}, "datetime": {"datetime": "2022-06-16 17:34:39", "elapsed": 315126.925187, "delta": 18.95733}}
{"target": -1.0, "params": {"Bgrad": 1.2799725651367002, "d1": 0.6454277570019316, "d2": -2.4471977477025804, "d3": -1.8331692399757857, "d4": -0.23321074458311353, "p1": 15.975435324800713, "p2": 48.66187486492943, "p3": 23.465348250284595, "p4": 21.019720096047557, "pol1": 0.8687572255732483, "pol2": -0.6611551720667299, "pol3": 0.6357187266801654, "pol4": -0.35074261996366585, "v0s": 4.4465954370853025}, "datetime": {"datetime": "2022-06-16 17:35:07", "elapsed": 315154.552345, "delta": 27.627158}}
