{"target": -1.0, "params": {"Bgrad": 0.6575998416571115, "d1": -1.6661479545996305, "d2": -2.8513005910555536, "d3": -1.2068781138859528, "d4": 0.9745674225124406, "p1": 26.145760950446512, "p2": 27.709189467333566, "p3": 31.33745272342569, "p4": 14.358701976489868, "pol1": -0.4504215679898558, "pol2": -0.6791224791693147, "pol3": -0.8354833591404287, "pol4": -0.9866278339977264, "v0s": 3.8358041337730095}, "datetime": {"datetime": "2022-04-29 15:30:49", "elapsed": 86361.550812, "delta": 17.044426}}
{"target": -1.0, "params": {"Bgrad": 1.4549697462498552, "d1": -1.6710827165400728, "d2": -0.8833973049891419, "d3": -0.5910367820063138, "d4": 0.16935075306195735, "p1": 3.3829218455547707, "p2": 3.193338300047588, "p3": 23.077088783059875, "p4": 15.801583941172947, "pol1": -0.2060768064597398, "pol2": -0.5100659919762414, "pol3": 0.2802268821863718, "pol4": -0.47033803245831307, "v0s": 4.410248038232673}, "datetime": {"datetime": "2022-04-29 15:31:12", "elapsed": 86385.139739, "delta": 23.588927}}
{"target": -1.0, "params": {"Bgrad": 1.2038642594581814, "d1": -1.3115296689939457, "d2": 0.9453536977912149, "d3": -1.9483278520896654, "d4": 0.19867014109799097, "p1": 8.802967015749624, "p2": 38.28014472764356, "p3": 30.641040772801436, "p4": 5.485258036009538, "pol1": -0.8399675719392206, "pol2": -0.5908461473033135, "pol3": -0.09627921704707298, "pol4": -0.1399470771821496, "v0s": 2.4889347178619925}, "datetime": {"datetime": "2022-04-29 15:31:24", "elapsed": 86397.469771, "delta": 12.330032}}
{"target": 4.59613051934921, "params": {"Bgrad": 0.5353070416870387, "d1": -2.584531758408325, "d2": -2.6359171412094202, "d3": -0.47237291120662706, "d4": -2.960791049598376, "p1": 0.9342138116773591, "p2": 24.794227258565904, "p3": 16.56720528746028, "p4": 42.15370903773313, "pol1": -0.2546575126605186, "pol2": 0.6200781095678967, "pol3": 0.2508749299319115, "pol4": 0.32713938292514655, "v0s": 4.59613051934921}, "datetime": {"datetime": "2022-04-29 15:31:34", "elapsed": 86406.690118, "delta": 9.220347}}
{"target": -1.0, "params": {"Bgrad": 0.6330193359201473, "d1": -1.1873377852454383, "d2": 0.9608608508927325, "d3": -1.4620141612581854, "d4": 0.49823984439920554, "p1": 0.8513492711935522, "p2": 33.58284137779503, "p3": 17.843086937663166, "p4": 11.212903815591634, "pol1": 0.8078216417313475, "pol2": 0.08536547814877626, "pol3": 0.9238995932612357, "pol4": 0.4678723333210246, "v0s": 4.537637781435638}, "datetime": {"datetime": "2022-04-29 15:31:49", "elapsed": 86421.654107, "delta": 14.963989}}
{"target": -1.0, "params": {"Bgrad": 0.5587255813159064, "d1": -0.9189756648335639, "d2": -1.7361265012171985, "d3": 0.9981742022409685, "d4": 0.6640315681395004, "p1": 10.710087012926323, "p2": 19.691854713265993, "p3": 7.93378092556567, "p4": 11.353071739028298, "pol1": -0.522375354367768, "pol2": 0.29410705453455277, "pol3": -0.25934001558252984, "pol4": 0.5171845996447, "v0s": 2.4753937488582523}, "datetime": {"datetime": "2022-04-29 15:32:03", "elapsed": 86436.416635, "delta": 14.762528}}
{"target": -1.0, "params": {"Bgrad": 1.9531103956470426, "d1": -1.5477707403025889, "d2": -2.7121339530849493, "d3": -0.37341192316598937, "d4": -1.2292258030444128, "p1": 41.77756888973498, "p2": 11.49351917503566, "p3": 15.473942671489748, "p4": 17.775769118770018, "pol1": 0.1148006023454553, "pol2": -0.3620882194463999, "pol3": 0.7717793044734682, "pol4": 0.7328998625751781, "v0s": 3.242128561621035}, "datetime": {"datetime": "2022-04-29 15:32:25", "elapsed": 86458.318074, "delta": 21.901439}}
{"target": 5.6322244382601, "params": {"Bgrad": 1.1656330177891743, "d1": -1.7351312871331839, "d2": 0.22551683910325232, "d3": 0.6666238657584317, "d4": -0.7113011091386316, "p1": 7.623347147177469, "p2": 33.32766757620651, "p3": 23.577613046186944, "p4": 43.42459463538253, "pol1": -0.46741206382020073, "pol2": -0.7977269317353477, "pol3": -0.7908164368519146, "pol4": 0.9165438041606583, "v0s": 5.6322244382601}, "datetime": {"datetime": "2022-04-29 15:32:44", "elapsed": 86476.755775, "delta": 18.437701}}
{"target": 3.6249381012105157, "params": {"Bgrad": 1.6124826096415337, "d1": -2.724539111085499, "d2": -2.9064087262263643, "d3": -2.02063001905161, "d4": -0.3896558314057277, "p1": 34.97186681459555, "p2": 11.503412740293545, "p3": 22.08640604816291, "p4": 49.5084943730474, "pol1": -0.2692916819145321, "pol2": -0.6247803001806627, "pol3": -0.5003167566367557, "pol4": 0.45821789610338626, "v0s": 3.6249381012105157}, "datetime": {"datetime": "2022-04-29 15:32:58", "elapsed": 86490.918906, "delta": 14.163131}}
{"target": -1.0, "params": {"Bgrad": 0.7698761896877541, "d1": -1.2458614683744313, "d2": 0.49398250483592987, "d3": 0.9430011425431788, "d4": -2.338635183813279, "p1": 38.455130448954264, "p2": 41.24007630675662, "p3": 32.09061087013661, "p4": 36.492233939088045, "pol1": -0.13435937299656664, "pol2": 0.27806690943583523, "pol3": 0.0157906457480248, "pol4": -0.5222441338927892, "v0s": 5.626390102280171}, "datetime": {"datetime": "2022-04-29 15:33:16", "elapsed": 86508.70834, "delta": 17.789434}}
{"target": -1.0, "params": {"Bgrad": 1.1101865686113508, "d1": -2.308209712330685, "d2": -2.1145712725459473, "d3": -2.3140469643920674, "d4": -0.8053822496397656, "p1": 36.31306936042786, "p2": 12.336645768168092, "p3": 21.37686122410299, "p4": 48.33315736033554, "pol1": -0.6717734055650144, "pol2": -0.7364476026496647, "pol3": 0.4077427510946876, "pol4": 0.2112925608964531, "v0s": 2.8997005706487053}, "datetime": {"datetime": "2022-04-29 15:33:28", "elapsed": 86521.308649, "delta": 12.600309}}
{"target": 4.4012403197793, "params": {"Bgrad": 0.7754146874112284, "d1": -1.7064260004528138, "d2": 0.7449909741899075, "d3": -1.4793804492966531, "d4": -0.48611022745447663, "p1": 33.53503928019404, "p2": 14.07223566534297, "p3": 4.480470816304977, "p4": 18.232181423250605, "pol1": -0.33069174764690157, "pol2": 0.5232765465373106, "pol3": 0.6566362178973055, "pol4": -0.13425163945814722, "v0s": 4.4012403197793}, "datetime": {"datetime": "2022-04-29 15:33:46", "elapsed": 86539.362377, "delta": 18.053728}}
{"target": -1.0, "params": {"Bgrad": 0.6977187126221012, "d1": -0.6042569469124861, "d2": -0.03351456113402751, "d3": -0.7031580624640559, "d4": -2.0475456087130137, "p1": 2.3516876949814245, "p2": 30.859496244191693, "p3": 9.36230022161747, "p4": 22.282733839173446, "pol1": 0.17918222473526701, "pol2": 0.31146154606122445, "pol3": 0.6007880726818617, "pol4": 0.7708032549615991, "v0s": 3.3192060624752164}, "datetime": {"datetime": "2022-04-29 15:34:37", "elapsed": 86590.176509, "delta": 50.814132}}
{"target": -1.0, "params": {"Bgrad": 0.7418069873900403, "d1": -1.375446929234096, "d2": -1.4215144730011064, "d3": -1.264396067039073, "d4": -2.2866074504527103, "p1": 13.934597931691005, "p2": 45.54747535238731, "p3": 29.866751543478344, "p4": 15.130445034145385, "pol1": -0.5703488993004153, "pol2": 0.6921077030998826, "pol3": -0.14811291380544178, "pol4": 0.7689189375287324, "v0s": 4.605189630642343}, "datetime": {"datetime": "2022-04-29 15:34:54", "elapsed": 86607.358567, "delta": 17.182058}}
{"target": -1.0, "params": {"Bgrad": 0.8892169001575174, "d1": -1.4266349037615482, "d2": -1.3520296412867046, "d3": -2.273905269573936, "d4": -0.8887143215057529, "p1": 5.2660854290974, "p2": 0.8715356171649147, "p3": 38.2279780191446, "p4": 20.15769364435023, "pol1": 0.6401919025086376, "pol2": 0.12246348378936478, "pol3": -0.524574898947354, "pol4": -0.17383984910999062, "v0s": 5.117274269277765}, "datetime": {"datetime": "2022-04-29 15:35:13", "elapsed": 86626.178246, "delta": 18.819679}}
{"target": -1.0, "params": {"Bgrad": 0.5819943029172915, "d1": 0.378805198139064, "d2": -2.3954408588107867, "d3": -2.6826889801153673, "d4": -1.524859517423436, "p1": 39.43902900258246, "p2": 11.71177934621116, "p3": 22.301931587496806, "p4": 26.558328400151694, "pol1": -0.7886801134508314, "pol2": 0.18719080339282038, "pol3": 0.2723564735852261, "pol4": 0.9233108476928091, "v0s": 2.365080029812385}, "datetime": {"datetime": "2022-04-29 15:35:34", "elapsed": 86646.779164, "delta": 20.600918}}
{"target": -1.0, "params": {"Bgrad": 1.5295654291418086, "d1": 0.759936963109284, "d2": -1.1788316704612951, "d3": -1.314662152174427, "d4": -2.210461797022701, "p1": 29.07974783495371, "p2": 19.258027509449015, "p3": 0.2927562380599713, "p4": 12.464126972982653, "pol1": 0.06834929014279933, "pol2": 0.9315793205036473, "pol3": -0.7007493264058595, "pol4": -0.5366721892327149, "v0s": 2.962379684470434}, "datetime": {"datetime": "2022-04-29 15:35:54", "elapsed": 86667.425958, "delta": 20.646794}}
{"target": -1.0, "params": {"Bgrad": 1.7231560545194329, "d1": -1.5050944211462007, "d2": -0.615894999086525, "d3": -0.33051178722389274, "d4": 0.14353288833525557, "p1": 0.8605719949190405, "p2": 7.838889926982229, "p3": 21.654642946631785, "p4": 20.83515672704253, "pol1": -0.5479868740343274, "pol2": 0.5496233267505448, "pol3": 0.4868104967244451, "pol4": -0.2208267705884972, "v0s": 5.777752935088917}, "datetime": {"datetime": "2022-04-29 15:36:14", "elapsed": 86687.110325, "delta": 19.684367}}
{"target": -1.0, "params": {"Bgrad": 1.8681383825664206, "d1": -2.3119251728330816, "d2": -0.8771403031646083, "d3": -2.466507269779841, "d4": -2.976041973977732, "p1": 25.206162456676694, "p2": 23.579814009437822, "p3": 14.511907496333375, "p4": 35.8587960773817, "pol1": 0.0858681144770661, "pol2": 0.9105852626232784, "pol3": 0.6505389073505949, "pol4": 0.14916919556203978, "v0s": 2.281643027482837}, "datetime": {"datetime": "2022-04-29 15:36:30", "elapsed": 86703.483547, "delta": 16.373222}}
{"target": -1.0, "params": {"Bgrad": 1.1026992889814575, "d1": -1.981470205138001, "d2": 0.4851165994006843, "d3": 0.1848700186936365, "d4": -1.2183748028659607, "p1": 5.506320066052117, "p2": 47.95487102325459, "p3": 12.08500363670179, "p4": 20.06648952051762, "pol1": -0.09957057813048009, "pol2": -0.6657197183650965, "pol3": -0.9324157008677494, "pol4": -0.9402311760495734, "v0s": 5.22340464786976}, "datetime": {"datetime": "2022-04-29 15:36:51", "elapsed": 86723.810197, "delta": 20.32665}}
{"target": -1.0, "params": {"Bgrad": 1.9004372833531895, "d1": -0.02256074274327613, "d2": 0.3018573942869356, "d3": -2.0377175773556475, "d4": 0.019132529280989186, "p1": 0.28743666904971765, "p2": 8.519733616938552, "p3": 14.87182306048282, "p4": 20.11947577535047, "pol1": -0.8053070617429128, "pol2": -0.005731921465066847, "pol3": 0.2546435263362239, "pol4": 0.22569912420081528, "v0s": 4.829897639230495}, "datetime": {"datetime": "2022-04-29 15:37:14", "elapsed": 86747.311359, "delta": 23.501162}}
{"target": 3.787405406612879, "params": {"Bgrad": 1.009591787566129, "d1": -0.23039119942223207, "d2": -0.6246974817700939, "d3": 0.11573853785516341, "d4": -2.194906503858931, "p1": 25.241346395303626, "p2": 6.683371475536715, "p3": 31.885117719359222, "p4": 29.340738965359854, "pol1": -0.8599049413281719, "pol2": -0.28094605046260934, "pol3": 0.02272073881434311, "pol4": -0.9384856874672325, "v0s": 3.787405406612879}, "datetime": {"datetime": "2022-04-29 15:37:29", "elapsed": 86762.298287, "delta": 14.986928}}
{"target": 2.0261206232272855, "params": {"Bgrad": 1.7668059016452853, "d1": -2.196024420305354, "d2": -0.14162214250950633, "d3": 0.007315713998103934, "d4": -2.603502603051381, "p1": 24.561522511079293, "p2": 24.742867433227005, "p3": 13.606134104892137, "p4": 36.933151597713426, "pol1": -0.07722631619626452, "pol2": 0.6925960318650408, "pol3": 0.8316452149046627, "pol4": 0.15549511193983578, "v0s": 2.0261206232272855}, "datetime": {"datetime": "2022-04-29 15:37:43", "elapsed": 86776.087416, "delta": 13.789129}}
{"target": -1.0, "params": {"Bgrad": 1.5563911623420377, "d1": -0.5251886722884751, "d2": -1.1170567195342178, "d3": -1.9175055764498459, "d4": -2.207725191882997, "p1": 0.4913897103314968, "p2": 14.060510030854207, "p3": 13.169750528385842, "p4": 5.3820639406875035, "pol1": 0.46611845457814827, "pol2": 0.8932075585900698, "pol3": -0.5856971982776538, "pol4": -0.5130634158164427, "v0s": 4.183723300882214}, "datetime": {"datetime": "2022-04-29 15:38:08", "elapsed": 86801.36084, "delta": 25.273424}}
{"target": 3.723683727059142, "params": {"Bgrad": 1.7429601897410156, "d1": -1.0234898282998688, "d2": 0.5722446989186882, "d3": -1.021059710670961, "d4": 0.0646148785324554, "p1": 22.862372025481047, "p2": 23.995265225013974, "p3": 9.730824466636106, "p4": 34.73942796531366, "pol1": -0.383231036635564, "pol2": -0.4975797586655051, "pol3": 0.5151560417641023, "pol4": 0.0853066339943449, "v0s": 3.723683727059142}, "datetime": {"datetime": "2022-04-29 15:38:22", "elapsed": 86814.940531, "delta": 13.579691}}
{"target": -1.0, "params": {"Bgrad": 0.8686525964479668, "d1": -2.1670475381748475, "d2": 0.04317775198586116, "d3": -2.7219427075017126, "d4": -1.3581257984273782, "p1": 23.454477516933757, "p2": 25.387576372382654, "p3": 9.630711663917001, "p4": 36.96209760431737, "pol1": 0.37273256195548954, "pol2": -0.23805057437949206, "pol3": -0.5541192122925291, "pol4": 0.8322915810773663, "v0s": 4.248278216108897}, "datetime": {"datetime": "2022-04-29 15:38:36", "elapsed": 86828.671816, "delta": 13.731285}}
{"target": -1.0, "params": {"Bgrad": 0.982349691968484, "d1": -1.965754175056634, "d2": -0.4348740145083201, "d3": 0.6774381808751029, "d4": -2.5071603635779462, "p1": 20.667467329366424, "p2": 38.59749625666324, "p3": 19.807381166632474, "p4": 28.871615313335397, "pol1": 0.5015213092867921, "pol2": 0.8847769131963943, "pol3": 0.7235357814489121, "pol4": -0.3977610124388524, "v0s": 5.963194240323223}, "datetime": {"datetime": "2022-04-29 15:39:00", "elapsed": 86852.991789, "delta": 24.319973}}
{"target": 5.730930009015263, "params": {"Bgrad": 0.7065458410546737, "d1": -1.8166205913917302, "d2": 0.5185424659300595, "d3": -0.5616506652643767, "d4": -1.5045005237429043, "p1": 14.309767809534208, "p2": 47.1048292257112, "p3": 31.173893281465443, "p4": 13.571319992437425, "pol1": -0.6287456045315525, "pol2": -0.03456619287293239, "pol3": 0.3011814605076386, "pol4": 0.829053785117988, "v0s": 5.730930009015263}, "datetime": {"datetime": "2022-04-29 15:39:17", "elapsed": 86870.0791, "delta": 17.087311}}
{"target": 5.506393590706402, "params": {"Bgrad": 1.8510467237328398, "d1": -2.5007540189985207, "d2": 0.21720991520765276, "d3": -1.375250256287711, "d4": -0.2170841177540606, "p1": 15.850558726996644, "p2": 14.994197884752845, "p3": 30.377098412476837, "p4": 35.04709640432263, "pol1": 0.035330727021200395, "pol2": -0.0957053870793693, "pol3": 0.831484439918097, "pol4": 0.28105389596303754, "v0s": 5.506393590706402}, "datetime": {"datetime": "2022-04-29 15:39:36", "elapsed": 86889.292727, "delta": 19.213627}}
{"target": -1.0, "params": {"Bgrad": 1.8779090354363328, "d1": 0.49402622696456255, "d2": 0.36919766588650527, "d3": 0.04037569571297217, "d4": -1.2004879519839537, "p1": 6.8086291442856215, "p2": 2.353574604777603, "p3": 42.00031770367587, "p4": 46.989588363504744, "pol1": 0.40152724218223224, "pol2": 0.8451421774086936, "pol3": 0.5459827944648417, "pol4": 0.017378006414742853, "v0s": 4.819658969428117}, "datetime": {"datetime": "2022-04-29 15:40:06", "elapsed": 86919.35335, "delta": 30.060623}}
{"target": -1.0, "params": {"Bgrad": 0.6281308396631121, "d1": -0.8666947937878549, "d2": -2.116939535305306, "d3": -0.6458262412104991, "d4": -0.7552172317354553, "p1": 18.007557768627503, "p2": 44.5442983173194, "p3": 16.84546845974561, "p4": 10.60361431942462, "pol1": 0.24443014407596508, "pol2": -0.29248419030746287, "pol3": 0.04279592530968168, "pol4": 0.7827870033257653, "v0s": 3.589824740905373}, "datetime": {"datetime": "2022-04-29 15:40:19", "elapsed": 86932.277792, "delta": 12.924442}}
{"target": -1.0, "params": {"Bgrad": 1.2925071917324922, "d1": -1.3515699195362583, "d2": -0.23250738945562244, "d3": -1.7217158015569267, "d4": -0.32261098138933564, "p1": 24.241621537084175, "p2": 22.566062055760117, "p3": 9.396549753260592, "p4": 35.649365780276256, "pol1": 0.6888484399898869, "pol2": -0.9829787582709004, "pol3": 0.20453202847028695, "pol4": -0.18469020910506506, "v0s": 3.178124157214678}, "datetime": {"datetime": "2022-04-29 15:40:42", "elapsed": 86954.559216, "delta": 22.281424}}
{"target": 3.627208431928119, "params": {"Bgrad": 1.7202961630575033, "d1": -0.8122504236406392, "d2": 0.06626786551143748, "d3": -2.0359898141592114, "d4": -1.2348951030121573, "p1": 43.15216705116271, "p2": 25.103291458975256, "p3": 22.22565237284592, "p4": 3.547362771152235, "pol1": 0.1904493446950617, "pol2": -0.2036763714864831, "pol3": -0.4567285597130897, "pol4": -0.07429543410949013, "v0s": 3.627208431928119}, "datetime": {"datetime": "2022-04-29 15:41:00", "elapsed": 86972.690735, "delta": 18.131519}}
{"target": 4.394966181638526, "params": {"Bgrad": 1.5435670241878248, "d1": -1.769366783658519, "d2": 0.13923106236418176, "d3": -2.2427720187136124, "d4": -1.9821299290036827, "p1": 3.099004311464662, "p2": 46.18296031039935, "p3": 47.43666960886752, "p4": 37.04079883578984, "pol1": -0.5901903078878686, "pol2": -0.15265212747261098, "pol3": -0.26011485814217417, "pol4": 0.25985561181228023, "v0s": 4.394966181638526}, "datetime": {"datetime": "2022-04-29 15:41:18", "elapsed": 86990.831231, "delta": 18.140496}}
{"target": 4.743786649326136, "params": {"Bgrad": 0.545897642336103, "d1": -1.8785744839118061, "d2": 0.4087642733058332, "d3": -1.641138872724595, "d4": -2.450899236135227, "p1": 16.19322068372197, "p2": 42.612343932494696, "p3": 2.9616602271751558, "p4": 10.441365975109418, "pol1": 0.5637636186967054, "pol2": 0.1886029409580101, "pol3": -0.25175622870971415, "pol4": 0.9679725745739343, "v0s": 4.743786649326136}, "datetime": {"datetime": "2022-04-29 15:41:28", "elapsed": 87001.121716, "delta": 10.290485}}
{"target": 4.286321855731621, "params": {"Bgrad": 1.4527683162089469, "d1": -2.3564247067433417, "d2": 0.5469917455226851, "d3": -2.285721916668595, "d4": -1.5209949495603623, "p1": 39.60305098413921, "p2": 7.5822883605986995, "p3": 10.129912677550257, "p4": 24.473366481793295, "pol1": -0.6018948120915044, "pol2": -0.05221178856214381, "pol3": -0.013451504159691874, "pol4": 0.5922272947479292, "v0s": 4.286321855731621}, "datetime": {"datetime": "2022-04-29 15:41:46", "elapsed": 87018.721657, "delta": 17.599941}}
{"target": -1.0, "params": {"Bgrad": 1.175920474951469, "d1": -2.0226282547704963, "d2": -0.3902827686041266, "d3": -0.7770173463733854, "d4": -1.0923269501391335, "p1": 23.81490278752177, "p2": 26.095246076376604, "p3": 11.517071234284426, "p4": 33.67795517260148, "pol1": 0.020481234980690433, "pol2": 0.6430939388875756, "pol3": 0.03621421057892138, "pol4": -0.509058385490444, "v0s": 2.109747790873728}, "datetime": {"datetime": "2022-04-29 15:41:59", "elapsed": 87032.45394, "delta": 13.732283}}
{"target": 3.7797118719005423, "params": {"Bgrad": 0.9597601040388516, "d1": -1.588990669425806, "d2": -0.5925687254230796, "d3": -2.387902766509114, "d4": 0.33667890219194313, "p1": 24.44988682972321, "p2": 29.23476691031057, "p3": 25.00735701000987, "p4": 3.238013865366925, "pol1": -0.45489515468602126, "pol2": -0.004136341390554537, "pol3": -0.1468566245457789, "pol4": 0.05876439508364529, "v0s": 3.7797118719005423}, "datetime": {"datetime": "2022-04-29 15:42:15", "elapsed": 87047.747049, "delta": 15.293109}}
{"target": 4.313228615798826, "params": {"Bgrad": 1.549071297378915, "d1": -2.0038933168476065, "d2": 0.3376952646214817, "d3": -2.5805178225691074, "d4": 0.15682141009422113, "p1": 23.034886359867794, "p2": 28.648902800956826, "p3": 25.79438940750623, "p4": 5.312072086954883, "pol1": -0.9628554107597365, "pol2": -0.4313585728971161, "pol3": -0.24291458274154198, "pol4": -0.7993729262661218, "v0s": 4.313228615798826}, "datetime": {"datetime": "2022-04-29 15:42:30", "elapsed": 87063.220675, "delta": 15.473626}}
{"target": -1.0, "params": {"Bgrad": 1.930938379705436, "d1": -2.083933890781053, "d2": -1.814148111940261, "d3": -0.9492109058741041, "d4": -1.4514751441862903, "p1": 16.713825844483825, "p2": 43.78392007500624, "p3": 16.087397624835337, "p4": 13.512818269342835, "pol1": 0.7599719232750246, "pol2": 0.7087466027602065, "pol3": -0.4803111904378803, "pol4": -0.7786989554484156, "v0s": 3.617716901840988}, "datetime": {"datetime": "2022-04-29 15:42:55", "elapsed": 87087.83885, "delta": 24.618175}}
{"target": -1.0, "params": {"Bgrad": 1.2420609737160906, "d1": -2.491559010994158, "d2": -0.7950960173507133, "d3": -2.1931300816908057, "d4": -2.693362307868491, "p1": 21.992282446731508, "p2": 26.650994224911074, "p3": 14.869526384268127, "p4": 36.31226042934411, "pol1": -0.6213896074270542, "pol2": 0.7661733088477871, "pol3": 0.6999569310578004, "pol4": -0.1479937769793105, "v0s": 5.009247420851997}, "datetime": {"datetime": "2022-04-29 15:43:15", "elapsed": 87108.27421, "delta": 20.43536}}
{"target": -1.0, "params": {"Bgrad": 1.0464769307259119, "d1": 0.3269012428900018, "d2": 0.8048071567277386, "d3": 0.06794642539067919, "d4": -2.532237042869934, "p1": 5.963471564373552, "p2": 0.7776049713121402, "p3": 39.48533858935911, "p4": 47.47043746401985, "pol1": -0.7304811775597442, "pol2": 0.9049353748348989, "pol3": 0.560040217944491, "pol4": -0.6520616783730961, "v0s": 2.3880000915959556}, "datetime": {"datetime": "2022-04-29 15:43:33", "elapsed": 87125.597889, "delta": 17.323679}}
{"target": -1.0, "params": {"Bgrad": 1.5321851218568896, "d1": -2.9917248189632106, "d2": -1.8224771032181302, "d3": -1.2269544993908132, "d4": -1.763909984072117, "p1": 15.94146532351401, "p2": 43.42731578846105, "p3": 16.508058232163425, "p4": 11.585603455014192, "pol1": 0.116083106859586, "pol2": 0.05052877852418858, "pol3": -0.4902610962727654, "pol4": 0.28708465278898876, "v0s": 5.220680567051099}, "datetime": {"datetime": "2022-04-29 15:44:01", "elapsed": 87154.308124, "delta": 28.710235}}
