{"target": -1.0, "params": {"Bgrad": 1.2096679293288177, "d1": -2.4978275607651055, "d2": 0.09154240866847108, "d3": 0.3656886271833737, "d4": -2.8268362472553656, "p1": 24.322037158519738, "p2": 11.970552206887797, "p3": 47.62368908466296, "p4": 47.19463138918981, "pol1": 0.22786800476940172, "pol2": 0.9469747946503926, "pol3": -0.310277312567498, "pol4": 0.7957014353353635, "v0s": 4.607569840451057}, "datetime": {"datetime": "2022-04-28 15:58:13", "elapsed": 1605.73723, "delta": 12.527504}}
{"target": -1.0, "params": {"Bgrad": 0.8537219557212705, "d1": 0.7633118528055975, "d2": -0.2631277960670899, "d3": -2.7403536586434827, "d4": 0.48169942729226456, "p1": 35.069014731667316, "p2": 30.246343648714085, "p3": 36.61874495896652, "p4": 12.671952124989039, "pol1": 0.20097791054908876, "pol2": 0.6292383625233107, "pol3": -0.8917726793520002, "pol4": -0.7389786573214681, "v0s": 7.054674859738482}, "datetime": {"datetime": "2022-04-28 15:58:20", "elapsed": 1612.687646, "delta": 6.950416}}
{"target": -1.0, "params": {"Bgrad": 1.4275188039918283, "d1": -0.874848758075768, "d2": -2.0068370840116057, "d3": -1.8196856990020165, "d4": 0.49074465967784775, "p1": 21.083296742485462, "p2": 3.22151277898034, "p3": 44.84925347537912, "p4": 10.169041641202552, "pol1": 0.6524550709847827, "pol2": 0.7635412461656146, "pol3": -0.026498510363323735, "pol4": 0.1969293862092727, "v0s": 5.163604738912502}, "datetime": {"datetime": "2022-04-28 15:58:30", "elapsed": 1623.346147, "delta": 10.658501}}
{"target": -1.0, "params": {"Bgrad": 1.4372319412782486, "d1": 0.42016688538940583, "d2": -1.8714422063805576, "d3": 0.5350220327224036, "d4": -0.7292386795234029, "p1": 5.755152048345169, "p2": 11.350058260732897, "p3": 29.799119280650686, "p4": 11.972311845234017, "pol1": -0.7371686789250789, "pol2": -0.6763045717523297, "pol3": 0.6897450364714781, "pol4": 0.20436730778542156, "v0s": 7.781402523130051}, "datetime": {"datetime": "2022-04-28 15:58:40", "elapsed": 1633.223736, "delta": 9.877589}}
{"target": -1.0, "params": {"Bgrad": 1.0185188199440383, "d1": -0.6174996074602013, "d2": -0.604058844106321, "d3": -0.537182851184205, "d4": -2.7632911712571104, "p1": 37.51585922873429, "p2": 47.410474909381264, "p3": 26.733952858979436, "p4": 9.62780104775342, "pol1": 0.5058518299598844, "pol2": -0.9853620613442724, "pol3": -0.3434877926984383, "pol4": 0.8352126952887864, "v0s": 5.530203997363261}, "datetime": {"datetime": "2022-04-28 15:58:51", "elapsed": 1643.651853, "delta": 10.428117}}
{"target": -1.0, "params": {"Bgrad": 1.782785425856203, "d1": -0.581311790603249, "d2": 0.29031261009548404, "d3": 0.5179340937172676, "d4": -1.7160545019021871, "p1": 6.147738577608925, "p2": 36.06516720932854, "p3": 22.017354341561912, "p4": 6.33678545710043, "pol1": 0.17964729621977837, "pol2": -0.9278633708602801, "pol3": -0.5996357671780261, "pol4": 0.5766023793359378, "v0s": 2.072580560092147}, "datetime": {"datetime": "2022-04-28 15:59:03", "elapsed": 1656.104557, "delta": 12.452704}}
{"target": -1.0, "params": {"Bgrad": 0.9550185075628537, "d1": -2.914496155647717, "d2": 0.9899399709133179, "d3": -0.671880094626153, "d4": -1.8264948860557735, "p1": 46.447473094655784, "p2": 25.355971177410225, "p3": 22.734611377620347, "p4": 29.393575314809322, "pol1": -0.47172471157886076, "pol2": -0.3894234013051334, "pol3": -0.2566908465516351, "pol4": -0.5111040012567782, "v0s": 5.507283596699779}, "datetime": {"datetime": "2022-04-28 15:59:12", "elapsed": 1665.024706, "delta": 8.920149}}
{"target": -1.0, "params": {"Bgrad": 1.5437692008984896, "d1": -2.7122111193439955, "d2": 0.8843332785018552, "d3": 0.012282623477819499, "d4": 0.22465265181363314, "p1": 37.58202020406453, "p2": 4.003048863560865, "p3": 24.084814151058854, "p4": 22.283647820082802, "pol1": 0.34494530104985976, "pol2": -0.10252548235135617, "pol3": 0.4086267967678192, "pol4": 0.3632906752052458, "v0s": 6.182891172516538}, "datetime": {"datetime": "2022-04-28 15:59:27", "elapsed": 1680.337762, "delta": 15.313056}}
{"target": -1.0, "params": {"Bgrad": 1.4279011138423046, "d1": -2.396077066881417, "d2": 0.04320982522302419, "d3": 0.12418328877582807, "d4": 0.6164119436552196, "p1": 11.688434630205297, "p2": 8.83394465361707, "p3": 19.55495615533812, "p4": 16.02823269975801, "pol1": 0.6309538580112524, "pol2": 0.22705179933686326, "pol3": 0.5200035046994977, "pol4": -0.1446698006060716, "v0s": 2.5966433774935354}, "datetime": {"datetime": "2022-04-28 15:59:39", "elapsed": 1691.801111, "delta": 11.463349}}
{"target": -1.0, "params": {"Bgrad": 0.6725525180753693, "d1": -1.5063714730512188, "d2": -2.2246089299619713, "d3": 0.282985994491753, "d4": -0.6014559663051329, "p1": 34.44226295093325, "p2": 24.55549806521481, "p3": 4.408684062109053, "p4": 11.753881834308515, "pol1": -0.07679583821675595, "pol2": -0.6028169938921475, "pol3": -0.9490475284423594, "pol4": 0.4587953965123053, "v0s": 6.349500483314715}, "datetime": {"datetime": "2022-04-28 15:59:45", "elapsed": 1697.582652, "delta": 5.781541}}
{"target": -1.0, "params": {"Bgrad": 0.9955876195425541, "d1": 0.3739765042546219, "d2": -1.2862300961957063, "d3": 0.45874457905413735, "d4": -0.3717383015084419, "p1": 29.051782870904507, "p2": 10.03637440175455, "p3": 26.477330523919747, "p4": 44.721620921378616, "pol1": -0.39001204832956793, "pol2": 0.7418912183221067, "pol3": 0.8174905457167763, "pol4": -0.3403108746362353, "v0s": 6.098446198019385}, "datetime": {"datetime": "2022-04-28 15:59:53", "elapsed": 1705.806663, "delta": 8.224011}}
{"target": -1.0, "params": {"Bgrad": 1.8488314243489532, "d1": -2.6972124729667866, "d2": 0.5143514528190818, "d3": -2.2366425469260776, "d4": 0.3990756400717226, "p1": 33.3559394349602, "p2": 17.216959772502694, "p3": 7.56877849963995, "p4": 31.76854807442267, "pol1": 0.6955760874294832, "pol2": 0.6436987495280211, "pol3": 0.2564791942613156, "pol4": 0.9126030195104642, "v0s": 5.539538762454619}, "datetime": {"datetime": "2022-04-28 16:00:10", "elapsed": 1723.154278, "delta": 17.347615}}
{"target": -1.0, "params": {"Bgrad": 0.796749176971879, "d1": -1.2826771095340308, "d2": -1.6530160051953309, "d3": 0.9677800476291241, "d4": -1.479054015530941, "p1": 49.635043683240895, "p2": 25.94021253667071, "p3": 8.613985073856274, "p4": 3.728703562573993, "pol1": -0.25938861245222467, "pol2": -0.7531622803705402, "pol3": 0.2690374325836833, "pol4": -0.17216030854118225, "v0s": 7.945493795152701}, "datetime": {"datetime": "2022-04-28 16:00:18", "elapsed": 1730.841724, "delta": 7.687446}}
{"target": -1.0, "params": {"Bgrad": 1.8949334354799767, "d1": -2.403055870761, "d2": -1.420470949852798, "d3": -1.1536811561504554, "d4": -0.7562049795122192, "p1": 39.018176164463426, "p2": 24.359695453671186, "p3": 20.99967760051204, "p4": 13.099985235966782, "pol1": 0.8216122781735169, "pol2": -0.9554569769343917, "pol3": 0.6422437964379293, "pol4": -0.623063200667163, "v0s": 6.114541395035284}, "datetime": {"datetime": "2022-04-28 16:00:31", "elapsed": 1743.901803, "delta": 13.060079}}
{"target": -1.0, "params": {"Bgrad": 1.0328140840094657, "d1": 0.8968505115803653, "d2": -2.50891148220232, "d3": -2.249720429531042, "d4": 0.5577699018579154, "p1": 29.170315730411396, "p2": 15.462319232938981, "p3": 0.038219273909401164, "p4": 11.379886916112653, "pol1": -0.7091927316575286, "pol2": -0.5931323512598188, "pol3": 0.7926451136080093, "pol4": 0.7461887565392811, "v0s": 6.201736625800699}, "datetime": {"datetime": "2022-04-28 16:00:39", "elapsed": 1752.522914, "delta": 8.621111}}
{"target": -1.0, "params": {"Bgrad": 1.2057465142283137, "d1": 0.3085440093291534, "d2": -1.0166944116591505, "d3": -1.546045266860379, "d4": -1.897587588956565, "p1": 46.23704067691858, "p2": 19.34946171281461, "p3": 24.644043671566013, "p4": 12.721905115721105, "pol1": 0.7699330376761266, "pol2": -0.23347308638942654, "pol3": -0.4048505693722495, "pol4": 0.43518992438950876, "v0s": 3.1452196590338444}, "datetime": {"datetime": "2022-04-28 16:00:51", "elapsed": 1763.626907, "delta": 11.103993}}
{"target": -1.0, "params": {"Bgrad": 0.6772889440205576, "d1": 0.3479911288540487, "d2": -0.023456314521859145, "d3": -0.6379178094115314, "d4": -2.0284337001405173, "p1": 31.162357259379203, "p2": 31.917766037058648, "p3": 16.378472205616255, "p4": 3.3744671533771142, "pol1": 0.7610771951286535, "pol2": -0.08008653785148323, "pol3": 0.5277454361328597, "pol4": -0.49222275811452065, "v0s": 5.548323093605101}, "datetime": {"datetime": "2022-04-28 16:00:55", "elapsed": 1767.849182, "delta": 4.222275}}
{"target": 3.049379053891533, "params": {"Bgrad": 1.1431927405231965, "d1": -1.4715974298034418, "d2": -2.493146464612309, "d3": -2.0229333471640967, "d4": -2.682633668166724, "p1": 15.14291523587893, "p2": 37.08524001157777, "p3": 30.75078624855244, "p4": 33.62055494669629, "pol1": -0.9832338409499368, "pol2": 0.35675394450263975, "pol3": 0.006361381085774109, "pol4": -0.5381830990316416, "v0s": 3.049379053891533}, "datetime": {"datetime": "2022-04-28 16:01:00", "elapsed": 1773.278763, "delta": 5.429581}}
{"target": -1.0, "params": {"Bgrad": 0.7774744483262448, "d1": 0.37704002030039385, "d2": 0.9303591572203413, "d3": 0.6549584993665265, "d4": -1.6105223185087487, "p1": 39.011228984568184, "p2": 27.32272953507153, "p3": 40.82211987779689, "p4": 24.18634755944529, "pol1": 0.17990259659880747, "pol2": 0.574526895048523, "pol3": -0.7995307137937353, "pol4": 0.0740142336810814, "v0s": 4.195900080017926}, "datetime": {"datetime": "2022-04-28 16:01:09", "elapsed": 1782.443903, "delta": 9.16514}}
{"target": -1.0, "params": {"Bgrad": 1.4064602655033083, "d1": 0.8352100625480019, "d2": -1.4287082200121501, "d3": -1.4281080082335342, "d4": 0.1625479743583953, "p1": 32.25391995427132, "p2": 19.694200392768824, "p3": 34.447752411512575, "p4": 20.20008045271895, "pol1": -0.7277736915037558, "pol2": -0.09871346265573111, "pol3": -0.3311612146054548, "pol4": -0.5640621398776642, "v0s": 7.554648809818639}, "datetime": {"datetime": "2022-04-28 16:01:20", "elapsed": 1792.685649, "delta": 10.241746}}
{"target": 2.537784193564772, "params": {"Bgrad": 1.5344590986193367, "d1": -0.6047164375063123, "d2": -0.013370111507979843, "d3": -0.832115752914234, "d4": -0.19786770952198962, "p1": 46.527990962492254, "p2": 43.130834725261096, "p3": 8.372092875326064, "p4": 13.156951196193711, "pol1": -0.8567794411163909, "pol2": 0.957345610316694, "pol3": -0.5272318026792489, "pol4": 0.32119671185719745, "v0s": 2.537784193564772}, "datetime": {"datetime": "2022-04-28 16:01:25", "elapsed": 1798.245403, "delta": 5.559754}}
{"target": -1.0, "params": {"Bgrad": 0.8161564131305281, "d1": -0.9887024659263819, "d2": -2.580185326680288, "d3": -1.4445063892211025, "d4": -0.8480491194412765, "p1": 16.960209244254997, "p2": 27.795010556328776, "p3": 26.8384160971232, "p4": 19.53052493684529, "pol1": 0.3925401662022059, "pol2": 0.3569649079958481, "pol3": 0.3746062987487797, "pol4": 0.12298251759874845, "v0s": 4.148479484077615}, "datetime": {"datetime": "2022-04-28 16:01:31", "elapsed": 1804.304285, "delta": 6.058882}}
{"target": -1.0, "params": {"Bgrad": 1.4196685030505183, "d1": 0.742945066432799, "d2": -0.6124459002161076, "d3": 0.9183606974377008, "d4": -1.2359735183645153, "p1": 36.980598125377334, "p2": 1.8801939324800065, "p3": 38.23633195002431, "p4": 25.91407901634062, "pol1": -0.9893669340777935, "pol2": -0.445599790434803, "pol3": 0.06966446503962298, "pol4": 0.5359257565626232, "v0s": 2.318555572715151}, "datetime": {"datetime": "2022-04-28 16:01:46", "elapsed": 1819.532782, "delta": 15.228497}}
{"target": -1.0, "params": {"Bgrad": 1.3235801657757795, "d1": 0.20397822319342396, "d2": -0.4016677804860844, "d3": 0.7257880599716429, "d4": -2.7010742199409554, "p1": 13.840323130029331, "p2": 45.96187521280862, "p3": 38.250257414907146, "p4": 29.987017223604933, "pol1": 0.6659362876741408, "pol2": 0.7920869831500039, "pol3": 0.9454407057056498, "pol4": 0.9970410141796118, "v0s": 2.837896002104621}, "datetime": {"datetime": "2022-04-28 16:01:56", "elapsed": 1828.913698, "delta": 9.380916}}
{"target": -1.0, "params": {"Bgrad": 0.6058130671155488, "d1": -2.7061333825595066, "d2": -2.9410248364002123, "d3": 0.8872802919117042, "d4": -2.6209323341710835, "p1": 42.08684130929248, "p2": 34.25864984538498, "p3": 24.377858374145905, "p4": 17.33474406792891, "pol1": -0.2927044258659899, "pol2": -0.4923222353056256, "pol3": 0.8220359473972529, "pol4": 0.4512850909897379, "v0s": 2.1555547567056195}, "datetime": {"datetime": "2022-04-28 16:02:03", "elapsed": 1835.640713, "delta": 6.727015}}
{"target": -1.0, "params": {"Bgrad": 1.1922818798706718, "d1": -1.8747949098527545, "d2": -2.884135255288406, "d3": 0.5387275772371778, "d4": 0.08402143181872912, "p1": 16.486753962213047, "p2": 39.827929376835556, "p3": 16.23191611014983, "p4": 15.394122190882337, "pol1": 0.8562181570014524, "pol2": 0.9538323238917004, "pol3": 0.047110609433785644, "pol4": 0.9038703351358499, "v0s": 7.327978963558788}, "datetime": {"datetime": "2022-04-28 16:02:13", "elapsed": 1845.533487, "delta": 9.892774}}
{"target": -1.0, "params": {"Bgrad": 1.277048842391613, "d1": -1.5090047916100575, "d2": -0.1585816867215626, "d3": -1.177426301431784, "d4": -0.5791484195071486, "p1": 49.52030984449733, "p2": 38.695812497823425, "p3": 16.713820249691313, "p4": 4.449911041118898, "pol1": -0.6301888194431833, "pol2": 0.05370375178366871, "pol3": -0.165795163786284, "pol4": 0.6013193162584793, "v0s": 7.59921402912009}, "datetime": {"datetime": "2022-04-28 16:02:24", "elapsed": 1857.527613, "delta": 11.994126}}
{"target": -1.0, "params": {"Bgrad": 0.7667971219270229, "d1": 0.44026708350486476, "d2": 0.8295797053066751, "d3": 0.8378824273991285, "d4": -2.848549649118278, "p1": 2.8791752804086856, "p2": 0.28986964588444963, "p3": 15.634057807773821, "p4": 2.784920635605231, "pol1": -0.41227502905891167, "pol2": -0.28796702793762696, "pol3": 0.9073540369478437, "pol4": -0.0460981550264441, "v0s": 3.6694306545279822}, "datetime": {"datetime": "2022-04-28 16:02:33", "elapsed": 1866.18861, "delta": 8.660997}}
{"target": -1.0, "params": {"Bgrad": 1.254507792576432, "d1": -0.4265683014034578, "d2": -2.55501730973026, "d3": 0.032246632532434205, "d4": 0.40778308514918216, "p1": 42.21249297847142, "p2": 44.52534162060447, "p3": 19.092119837788058, "p4": 22.19025991832593, "pol1": -0.7968370481076676, "pol2": -0.5483861551375298, "pol3": 0.9426409385464221, "pol4": -0.43075206206252914, "v0s": 7.444376853445984}, "datetime": {"datetime": "2022-04-28 16:02:42", "elapsed": 1875.448023, "delta": 9.259413}}
{"target": -1.0, "params": {"Bgrad": 1.8358284295674667, "d1": 0.6900179890415736, "d2": -2.375401742236821, "d3": 0.5188885740055236, "d4": -0.47202019814745144, "p1": 10.531408920940121, "p2": 17.25579573900406, "p3": 7.99593942946416, "p4": 22.21740787230636, "pol1": -0.832450092309079, "pol2": -0.6693630190395203, "pol3": -0.6056073070666614, "pol4": 0.3820546831134084, "v0s": 5.442817214992118}, "datetime": {"datetime": "2022-04-28 16:02:54", "elapsed": 1886.961954, "delta": 11.513931}}
{"target": -1.0, "params": {"Bgrad": 1.8099847010550982, "d1": -2.0214637371231676, "d2": -0.4815681731243475, "d3": -2.8622749387716175, "d4": -0.9352061556917239, "p1": 43.16132408569248, "p2": 49.206327194245844, "p3": 0.4936487679459256, "p4": 12.642074103840756, "pol1": -0.5523006593449493, "pol2": -0.904924811544479, "pol3": -0.9796550874764487, "pol4": -0.01960937551153652, "v0s": 2.2728928740217644}, "datetime": {"datetime": "2022-04-28 16:02:58", "elapsed": 1891.250093, "delta": 4.288139}}
{"target": -1.0, "params": {"Bgrad": 0.917492196270353, "d1": -0.44010172356435096, "d2": -1.821231833756383, "d3": -1.9213811953637943, "d4": -0.6378139110257317, "p1": 19.026703860482, "p2": 35.126151698070046, "p3": 24.806197562493054, "p4": 31.660463290323875, "pol1": -0.29321130599674117, "pol2": -0.4259121076889827, "pol3": -0.7335857724977961, "pol4": 0.8741607695979285, "v0s": 6.829015076094768}, "datetime": {"datetime": "2022-04-28 16:03:05", "elapsed": 1897.91986, "delta": 6.669767}}
{"target": -1.0, "params": {"Bgrad": 1.9070428147345286, "d1": -2.258477901408791, "d2": 0.7326230512929022, "d3": 0.7430128307685324, "d4": -1.865821945585382, "p1": 13.731712421193148, "p2": 27.571578683668623, "p3": 9.264461968427618, "p4": 22.10505553133829, "pol1": -0.6293647081246312, "pol2": 0.8947518359079185, "pol3": -0.012350685017828766, "pol4": 0.9278355348479956, "v0s": 5.8696500350732705}, "datetime": {"datetime": "2022-04-28 16:03:18", "elapsed": 1911.529203, "delta": 13.609343}}
{"target": -1.0, "params": {"Bgrad": 1.2264736595485783, "d1": 0.87078098384479, "d2": -2.4272408731649486, "d3": -0.4706805013340136, "d4": -0.35244652865280957, "p1": 21.691991357636297, "p2": 2.9678612669478746, "p3": 24.636130058301664, "p4": 23.256697175903874, "pol1": 0.6134936215497271, "pol2": -0.4866780200940475, "pol3": -0.21713927403146283, "pol4": -0.5196555855572456, "v0s": 6.118660491034184}, "datetime": {"datetime": "2022-04-28 16:03:28", "elapsed": 1920.83498, "delta": 9.305777}}
{"target": -1.0, "params": {"Bgrad": 1.9848251800056733, "d1": -2.2902818525269524, "d2": 0.28578696090518907, "d3": -2.0760457628734668, "d4": -2.768096746508932, "p1": 6.940825902283682, "p2": 46.75765577711943, "p3": 44.427105167811405, "p4": 14.4630247741455, "pol1": 0.8955281322032138, "pol2": 0.6998610704628379, "pol3": -0.13069041185665298, "pol4": -0.06390089026705437, "v0s": 5.779118129500536}, "datetime": {"datetime": "2022-04-28 16:03:46", "elapsed": 1939.176293, "delta": 18.341313}}
{"target": -1.0, "params": {"Bgrad": 0.7370477524457191, "d1": -2.9408716530316283, "d2": -1.9379519301104566, "d3": -2.9382254722289565, "d4": -0.3020046233509701, "p1": 27.573441790638825, "p2": 16.082407280138884, "p3": 39.01011685598793, "p4": 7.289271560738852, "pol1": -0.5102387224762328, "pol2": -0.41537247592143256, "pol3": -0.6081361070020157, "pol4": -0.8241226324587934, "v0s": 7.219857081629645}, "datetime": {"datetime": "2022-04-28 16:03:53", "elapsed": 1946.267971, "delta": 7.091678}}
{"target": -1.0, "params": {"Bgrad": 0.632282968357265, "d1": -0.2651586567134485, "d2": -2.5183964925691065, "d3": -2.9572039874233034, "d4": -0.7709270797003449, "p1": 45.35545276101853, "p2": 43.02283336684426, "p3": 16.922569205912502, "p4": 1.357941466293111, "pol1": 0.6017187102600663, "pol2": 0.6119698645793319, "pol3": 0.7369762326055442, "pol4": 0.3392931997510662, "v0s": 6.8466731738904585}, "datetime": {"datetime": "2022-04-28 16:03:58", "elapsed": 1951.322026, "delta": 5.054055}}
{"target": -1.0, "params": {"Bgrad": 1.8462474234542303, "d1": -1.1846801980399508, "d2": -0.7686987851403582, "d3": -0.975475484687061, "d4": -0.23206438190312495, "p1": 34.145343381493745, "p2": 26.015681793165825, "p3": 41.42340740427357, "p4": 25.288969339493324, "pol1": 0.6497171247704638, "pol2": -0.4363098237135141, "pol3": -0.6430103340450235, "pol4": 0.939741140689428, "v0s": 6.451637152736461}, "datetime": {"datetime": "2022-04-28 16:04:11", "elapsed": 1963.774964, "delta": 12.452938}}
{"target": -1.0, "params": {"Bgrad": 0.8896875399566218, "d1": -0.6750586308353133, "d2": 0.8210490141527473, "d3": -2.6769843687516848, "d4": -2.6658631717530357, "p1": 30.956741570995362, "p2": 11.224673941797885, "p3": 38.259197836675405, "p4": 28.407627147455255, "pol1": 0.33237618044699047, "pol2": -0.7843721984108152, "pol3": -0.8314338971268864, "pol4": 0.25024213661097927, "v0s": 4.458387566804123}, "datetime": {"datetime": "2022-04-28 16:04:17", "elapsed": 1970.247804, "delta": 6.47284}}
{"target": -1.0, "params": {"Bgrad": 0.6308787858079727, "d1": -1.5157442199352436, "d2": -0.3114223613726055, "d3": -2.241650399233657, "d4": 0.5829164341148165, "p1": 47.492319444004366, "p2": 48.07862712172669, "p3": 36.50412788701301, "p4": 20.314421384415756, "pol1": 0.4874983927024392, "pol2": -0.42402624145049694, "pol3": -0.3711655552185076, "pol4": 0.2117927224357159, "v0s": 5.5690828004475055}, "datetime": {"datetime": "2022-04-28 16:04:24", "elapsed": 1976.737557, "delta": 6.489753}}
{"target": -1.0, "params": {"Bgrad": 1.8179914644737165, "d1": -1.9815969773576922, "d2": 0.06475346081128697, "d3": 0.7640530672756052, "d4": -2.9958682693690615, "p1": 23.804455900105243, "p2": 32.852016451236466, "p3": 42.166160695976124, "p4": 9.186970593800087, "pol1": 0.7123184759747436, "pol2": -0.2712690402859441, "pol3": 0.7845478585523449, "pol4": -0.94457651975527, "v0s": 2.5123408347390237}, "datetime": {"datetime": "2022-04-28 16:04:37", "elapsed": 1989.752989, "delta": 13.015432}}
{"target": -1.0, "params": {"Bgrad": 1.9721156986311688, "d1": -0.5619922969060136, "d2": -1.329470612743267, "d3": -2.323143261225238, "d4": -0.40039538764124005, "p1": 1.848753417967891, "p2": 15.580695673035233, "p3": 16.173959849453766, "p4": 30.37209467572768, "pol1": 0.30166251335139416, "pol2": 0.6921091984729386, "pol3": 0.8551618851950868, "pol4": 0.32091545522219933, "v0s": 5.469043510451229}, "datetime": {"datetime": "2022-04-28 16:04:48", "elapsed": 2000.986165, "delta": 11.233176}}
{"target": -1.0, "params": {"Bgrad": 1.0980733154435125, "d1": 0.866449970568568, "d2": -2.3836833126705703, "d3": 0.5803472345945937, "d4": -1.755947728460634, "p1": 27.4244544833052, "p2": 34.10331292164074, "p3": 11.823482566307769, "p4": 8.38683425251358, "pol1": 0.01696402685923193, "pol2": 0.5837277511693433, "pol3": 0.38482892433415117, "pol4": -0.7620533256539703, "v0s": 7.404453290430398}, "datetime": {"datetime": "2022-04-28 16:04:57", "elapsed": 2010.36173, "delta": 9.375565}}
