{"target": -1.0, "params": {"Bgrad": 0.9873144708689519, "d1": 0.9907700898857206, "d2": 0.11074525330339924, "d3": 0.19121752018712446, "d4": -2.8863467981632045, "p1": 49.46636112301666, "p2": 29.27080509243996, "p3": 31.618588985218203, "p4": 4.675617912587016, "pol1": 0.6631445704158596, "pol2": 0.8249167365902506, "pol3": 0.6230978713134006, "pol4": -0.8651816207953, "v0s": 2.4996048217713818}, "datetime": {"datetime": "2022-06-21 16:53:51", "elapsed": 739.350778, "delta": 10.68795}}
{"target": -1.0, "params": {"Bgrad": 1.4856097011506573, "d1": -1.8282059362976484, "d2": -1.221437332147067, "d3": -2.557743317778126, "d4": -1.486086022980123, "p1": 10.016326252398745, "p2": 26.5948988493909, "p3": 20.82641681975852, "p4": 9.825067346599953, "pol1": -0.9850163030096646, "pol2": -0.5334326075181968, "pol3": -0.9217208300426665, "pol4": -0.5520910507893038, "v0s": 5.399519191099169}, "datetime": {"datetime": "2022-06-21 16:54:02", "elapsed": 750.328424, "delta": 10.977646}}
{"target": -1.0, "params": {"Bgrad": 1.4856097011506573, "d1": -1.8282059362976484, "d2": -1.221437332147067, "d3": -2.557743317778126, "d4": -1.486086022980123, "p1": 10.016326252398745, "p2": 26.5948988493909, "p3": 20.82641681975852, "p4": 9.825067346599953, "pol1": -0.9850163030096646, "pol2": -0.5334326075181968, "pol3": -0.9217208300426665, "pol4": -0.5520910507893038, "v0s": 5.399519191099169}, "datetime": {"datetime": "2022-06-21 16:54:02", "elapsed": 750.328424, "delta": 10.977646}}
{"target": -1.0, "params": {"Bgrad": 1.9809233046467707, "d1": -1.000348640895178, "d2": -2.358886088652845, "d3": -1.282531229561886, "d4": 0.45902678209434544, "p1": 28.70816748512915, "p2": 15.743425031247627, "p3": 17.549532868583245, "p4": 31.599854777303644, "pol1": -0.5914945607705937, "pol2": 0.17408978982715695, "pol3": -0.44464596568544246, "pol4": 0.7470513468802673, "v0s": 6.613748382228165}, "datetime": {"datetime": "2022-06-21 16:54:13", "elapsed": 761.166443, "delta": 10.838019}}
{"target": -1.0, "params": {"Bgrad": 1.9809233046467707, "d1": -1.000348640895178, "d2": -2.358886088652845, "d3": -1.282531229561886, "d4": 0.45902678209434544, "p1": 28.70816748512915, "p2": 15.743425031247627, "p3": 17.549532868583245, "p4": 31.599854777303644, "pol1": -0.5914945607705937, "pol2": 0.17408978982715695, "pol3": -0.44464596568544246, "pol4": 0.7470513468802673, "v0s": 6.613748382228165}, "datetime": {"datetime": "2022-06-21 16:54:13", "elapsed": 761.16744, "delta": 10.839016}}
{"target": -1.0, "params": {"Bgrad": 1.2783121363813383, "d1": -0.6429078001425075, "d2": -2.4702860704488865, "d3": -1.7030716992423236, "d4": -0.9074550909455819, "p1": 34.879549968428336, "p2": 39.893425890984695, "p3": 22.784018508241598, "p4": 13.48827915550176, "pol1": 0.5095049540256957, "pol2": -0.25729152584057857, "pol3": -0.7725748740353546, "pol4": 0.28045098834417326, "v0s": 4.2264256754433855}, "datetime": {"datetime": "2022-06-21 16:54:22", "elapsed": 770.272094, "delta": 9.105651}}
{"target": -1.0, "params": {"Bgrad": 1.2783121363813383, "d1": -0.6429078001425075, "d2": -2.4702860704488865, "d3": -1.7030716992423236, "d4": -0.9074550909455819, "p1": 34.879549968428336, "p2": 39.893425890984695, "p3": 22.784018508241598, "p4": 13.48827915550176, "pol1": 0.5095049540256957, "pol2": -0.25729152584057857, "pol3": -0.7725748740353546, "pol4": 0.28045098834417326, "v0s": 4.2264256754433855}, "datetime": {"datetime": "2022-06-21 16:54:22", "elapsed": 770.273092, "delta": 9.105652}}
{"target": -1.0, "params": {"Bgrad": 1.7894577583810332, "d1": 0.07675386484086033, "d2": -1.7780241610181755, "d3": -1.057710434131308, "d4": -0.5742816518635934, "p1": 29.911581651229685, "p2": 19.136150569920886, "p3": 8.214512531576984, "p4": 1.6362877302938894, "pol1": 0.7576216579067718, "pol2": 0.15771971983904742, "pol3": -0.11514180475074665, "pol4": 0.49932727831717827, "v0s": 5.072182394792058}, "datetime": {"datetime": "2022-06-21 16:54:32", "elapsed": 780.409985, "delta": 10.137891}}
{"target": -1.0, "params": {"Bgrad": 1.7894577583810332, "d1": 0.07675386484086033, "d2": -1.7780241610181755, "d3": -1.057710434131308, "d4": -0.5742816518635934, "p1": 29.911581651229685, "p2": 19.136150569920886, "p3": 8.214512531576984, "p4": 1.6362877302938894, "pol1": 0.7576216579067718, "pol2": 0.15771971983904742, "pol3": -0.11514180475074665, "pol4": 0.49932727831717827, "v0s": 5.072182394792058}, "datetime": {"datetime": "2022-06-21 16:54:32", "elapsed": 780.409985, "delta": 10.136893}}
{"target": -1.0, "params": {"Bgrad": 1.9478071094410199, "d1": 0.14216509987276016, "d2": -1.2816501731579955, "d3": -2.0233270584714593, "d4": -0.936518527879298, "p1": 48.2762528643961, "p2": 12.134087658414828, "p3": 2.697538614555739, "p4": 45.64430314316175, "pol1": 0.07365647975427936, "pol2": 0.9764453845251948, "pol3": -0.15096242021624673, "pol4": 0.6319112927196562, "v0s": 7.67268488269046}, "datetime": {"datetime": "2022-06-21 16:54:41", "elapsed": 789.438842, "delta": 9.028857}}
{"target": -1.0, "params": {"Bgrad": 1.9478071094410199, "d1": 0.14216509987276016, "d2": -1.2816501731579955, "d3": -2.0233270584714593, "d4": -0.936518527879298, "p1": 48.2762528643961, "p2": 12.134087658414828, "p3": 2.697538614555739, "p4": 45.64430314316175, "pol1": 0.07365647975427936, "pol2": 0.9764453845251948, "pol3": -0.15096242021624673, "pol4": 0.6319112927196562, "v0s": 7.67268488269046}, "datetime": {"datetime": "2022-06-21 16:54:41", "elapsed": 789.43984, "delta": 9.029855}}
{"target": -1.0, "params": {"Bgrad": 0.9176674383622615, "d1": -0.46134508606540603, "d2": 0.24399768025621826, "d3": -1.6542676001805807, "d4": -2.752821016888567, "p1": 21.438393823248692, "p2": 26.5840766651769, "p3": 4.92539887536092, "p4": 46.73044705216458, "pol1": 0.15852771915019948, "pol2": -0.38421345568081944, "pol3": -0.5084167233369521, "pol4": -0.4430945470813523, "v0s": 6.604779695809741}, "datetime": {"datetime": "2022-06-21 16:54:50", "elapsed": 798.795821, "delta": 9.356979}}
{"target": -1.0, "params": {"Bgrad": 0.9176674383622615, "d1": -0.46134508606540603, "d2": 0.24399768025621826, "d3": -1.6542676001805807, "d4": -2.752821016888567, "p1": 21.438393823248692, "p2": 26.5840766651769, "p3": 4.92539887536092, "p4": 46.73044705216458, "pol1": 0.15852771915019948, "pol2": -0.38421345568081944, "pol3": -0.5084167233369521, "pol4": -0.4430945470813523, "v0s": 6.604779695809741}, "datetime": {"datetime": "2022-06-21 16:54:50", "elapsed": 798.796819, "delta": 9.356979}}
{"target": -1.0, "params": {"Bgrad": 0.68025257038452, "d1": -2.2800059082537185, "d2": 0.8205300245075335, "d3": -0.2962172438703381, "d4": -0.10526145648016749, "p1": 35.55410404060608, "p2": 8.335070269574619, "p3": 23.155821395943743, "p4": 49.90943894345865, "pol1": -0.5581007159651028, "pol2": 0.14070531238549622, "pol3": -0.89041999581783, "pol4": -0.27311261916939533, "v0s": 5.563842299298988}, "datetime": {"datetime": "2022-06-21 16:54:59", "elapsed": 807.639174, "delta": 8.843353}}
{"target": -1.0, "params": {"Bgrad": 0.68025257038452, "d1": -2.2800059082537185, "d2": 0.8205300245075335, "d3": -0.2962172438703381, "d4": -0.10526145648016749, "p1": 35.55410404060608, "p2": 8.335070269574619, "p3": 23.155821395943743, "p4": 49.90943894345865, "pol1": -0.5581007159651028, "pol2": 0.14070531238549622, "pol3": -0.89041999581783, "pol4": -0.27311261916939533, "v0s": 5.563842299298988}, "datetime": {"datetime": "2022-06-21 16:54:59", "elapsed": 807.640172, "delta": 8.843353}}
{"target": -1.0, "params": {"Bgrad": 1.4371309223095325, "d1": 0.6910907557971284, "d2": -1.7158138622828791, "d3": 0.08816929316688116, "d4": -0.5635367921868166, "p1": 1.125525478407985, "p2": 16.745204562703332, "p3": 48.601854533903605, "p4": 33.60085462679405, "pol1": 0.3404670894819637, "pol2": 0.19003147483234883, "pol3": -0.04985572736131849, "pol4": 0.8101610775267698, "v0s": 2.5240755339841403}, "datetime": {"datetime": "2022-06-21 16:55:10", "elapsed": 818.712564, "delta": 11.07339}}
{"target": -1.0, "params": {"Bgrad": 1.4371309223095325, "d1": 0.6910907557971284, "d2": -1.7158138622828791, "d3": 0.08816929316688116, "d4": -0.5635367921868166, "p1": 1.125525478407985, "p2": 16.745204562703332, "p3": 48.601854533903605, "p4": 33.60085462679405, "pol1": 0.3404670894819637, "pol2": 0.19003147483234883, "pol3": -0.04985572736131849, "pol4": 0.8101610775267698, "v0s": 2.5240755339841403}, "datetime": {"datetime": "2022-06-21 16:55:10", "elapsed": 818.712564, "delta": 11.072392}}
{"target": -1.0, "params": {"Bgrad": 1.8706753535975598, "d1": -0.660030286858194, "d2": -1.8014729114571093, "d3": -1.6902707122666176, "d4": 0.19961538323549544, "p1": 4.028439104460569, "p2": 20.046966748619, "p3": 29.528865858440696, "p4": 47.025188855230525, "pol1": 0.13971693081706915, "pol2": 0.9719464752822651, "pol3": -0.5034957290032618, "pol4": -0.2334549365298484, "v0s": 3.4143336194791214}, "datetime": {"datetime": "2022-06-21 16:55:22", "elapsed": 830.767329, "delta": 12.054765}}
{"target": -1.0, "params": {"Bgrad": 1.8706753535975598, "d1": -0.660030286858194, "d2": -1.8014729114571093, "d3": -1.6902707122666176, "d4": 0.19961538323549544, "p1": 4.028439104460569, "p2": 20.046966748619, "p3": 29.528865858440696, "p4": 47.025188855230525, "pol1": 0.13971693081706915, "pol2": 0.9719464752822651, "pol3": -0.5034957290032618, "pol4": -0.2334549365298484, "v0s": 3.4143336194791214}, "datetime": {"datetime": "2022-06-21 16:55:22", "elapsed": 830.767329, "delta": 12.054765}}
{"target": -1.0, "params": {"Bgrad": 1.8173506398467996, "d1": 0.14878377371611995, "d2": -0.3925470917683036, "d3": 0.41992824473568646, "d4": -1.766099063895588, "p1": 39.72294294911613, "p2": 31.523873530535994, "p3": 35.600776806418146, "p4": 28.67849454580086, "pol1": -0.4201418568598003, "pol2": -0.5354484846252423, "pol3": -0.7298948220501447, "pol4": -0.3731298869834707, "v0s": 7.122905457367115}, "datetime": {"datetime": "2022-06-21 16:55:32", "elapsed": 840.427498, "delta": 9.660169}}
{"target": -1.0, "params": {"Bgrad": 1.8173506398467996, "d1": 0.14878377371611995, "d2": -0.3925470917683036, "d3": 0.41992824473568646, "d4": -1.766099063895588, "p1": 39.72294294911613, "p2": 31.523873530535994, "p3": 35.600776806418146, "p4": 28.67849454580086, "pol1": -0.4201418568598003, "pol2": -0.5354484846252423, "pol3": -0.7298948220501447, "pol4": -0.3731298869834707, "v0s": 7.122905457367115}, "datetime": {"datetime": "2022-06-21 16:55:32", "elapsed": 840.428496, "delta": 9.661167}}
{"target": -1.0, "params": {"Bgrad": 1.6057791507942605, "d1": 0.1486692353333039, "d2": -0.9159844057587465, "d3": -2.6931653854867896, "d4": -1.0703614570294135, "p1": 30.716540061877378, "p2": 23.811278274908226, "p3": 5.3458887552835845, "p4": 31.328346762621212, "pol1": -0.09608349071793398, "pol2": 0.8761332333556375, "pol3": 0.9613291576814817, "pol4": -0.3801444779506833, "v0s": 5.8089062440908465}, "datetime": {"datetime": "2022-06-21 16:55:41", "elapsed": 849.831499, "delta": 9.404001}}
{"target": -1.0, "params": {"Bgrad": 1.6057791507942605, "d1": 0.1486692353333039, "d2": -0.9159844057587465, "d3": -2.6931653854867896, "d4": -1.0703614570294135, "p1": 30.716540061877378, "p2": 23.811278274908226, "p3": 5.3458887552835845, "p4": 31.328346762621212, "pol1": -0.09608349071793398, "pol2": 0.8761332333556375, "pol3": 0.9613291576814817, "pol4": -0.3801444779506833, "v0s": 5.8089062440908465}, "datetime": {"datetime": "2022-06-21 16:55:41", "elapsed": 849.832497, "delta": 9.404001}}
{"target": -1.0, "params": {"Bgrad": 1.1971647191470223, "d1": -2.65483873332614, "d2": -2.595790632388687, "d3": -1.8831484270978995, "d4": -1.0011310803080384, "p1": 29.22819059799956, "p2": 40.319521101278454, "p3": 0.8632886729459166, "p4": 23.367614053731828, "pol1": 0.4023220372509968, "pol2": -0.39327085101336, "pol3": 0.00014636484810925943, "pol4": -0.472104600775495, "v0s": 7.34795232606485}, "datetime": {"datetime": "2022-06-21 16:55:51", "elapsed": 860.035361, "delta": 10.203862}}
{"target": -1.0, "params": {"Bgrad": 1.1971647191470223, "d1": -2.65483873332614, "d2": -2.595790632388687, "d3": -1.8831484270978995, "d4": -1.0011310803080384, "p1": 29.22819059799956, "p2": 40.319521101278454, "p3": 0.8632886729459166, "p4": 23.367614053731828, "pol1": 0.4023220372509968, "pol2": -0.39327085101336, "pol3": 0.00014636484810925943, "pol4": -0.472104600775495, "v0s": 7.34795232606485}, "datetime": {"datetime": "2022-06-21 16:55:51", "elapsed": 860.036358, "delta": 10.203861}}
{"target": -1.0, "params": {"Bgrad": 1.1823320826888062, "d1": -2.0024608544996485, "d2": -2.989776669481298, "d3": -2.9847801557343114, "d4": 0.40481605206598115, "p1": 20.61967883150767, "p2": 31.712270275351962, "p3": 17.763060636210522, "p4": 10.211319854615258, "pol1": -0.9133715576619001, "pol2": 0.3011440371869072, "pol3": 0.1476950305789142, "pol4": -0.007565140764955736, "v0s": 7.084730682802282}, "datetime": {"datetime": "2022-06-21 16:56:01", "elapsed": 869.6553, "delta": 9.619939}}
{"target": -1.0, "params": {"Bgrad": 1.1823320826888062, "d1": -2.0024608544996485, "d2": -2.989776669481298, "d3": -2.9847801557343114, "d4": 0.40481605206598115, "p1": 20.61967883150767, "p2": 31.712270275351962, "p3": 17.763060636210522, "p4": 10.211319854615258, "pol1": -0.9133715576619001, "pol2": 0.3011440371869072, "pol3": 0.1476950305789142, "pol4": -0.007565140764955736, "v0s": 7.084730682802282}, "datetime": {"datetime": "2022-06-21 16:56:01", "elapsed": 869.656298, "delta": 9.61994}}
{"target": -1.0, "params": {"Bgrad": 1.7399137881954354, "d1": 0.6243285115417634, "d2": -1.5943899452252008, "d3": -1.8520561867345169, "d4": -1.7370650711494569, "p1": 24.345989347978865, "p2": 34.95678087761771, "p3": 28.573659531122342, "p4": 7.252965126795042, "pol1": 0.7728198409631237, "pol2": 0.19917246889320728, "pol3": 0.9633457073123246, "pol4": -0.6446529771917537, "v0s": 5.701014724052547}, "datetime": {"datetime": "2022-06-21 16:56:11", "elapsed": 879.568482, "delta": 9.913182}}
{"target": -1.0, "params": {"Bgrad": 1.7399137881954354, "d1": 0.6243285115417634, "d2": -1.5943899452252008, "d3": -1.8520561867345169, "d4": -1.7370650711494569, "p1": 24.345989347978865, "p2": 34.95678087761771, "p3": 28.573659531122342, "p4": 7.252965126795042, "pol1": 0.7728198409631237, "pol2": 0.19917246889320728, "pol3": 0.9633457073123246, "pol4": -0.6446529771917537, "v0s": 5.701014724052547}, "datetime": {"datetime": "2022-06-21 16:56:11", "elapsed": 879.56948, "delta": 9.913182}}
{"target": -1.0, "params": {"Bgrad": 1.0032228864329837, "d1": -0.8109172321274256, "d2": -0.6226483041394029, "d3": -1.5657687589908527, "d4": -1.4607251554521254, "p1": 30.03561751632391, "p2": 16.137723616340704, "p3": 28.925729583151057, "p4": 30.52644727066397, "pol1": -0.06239606814520626, "pol2": 0.13955994009699202, "pol3": 0.5211638302448227, "pol4": 0.7564812403270262, "v0s": 7.24922443868785}, "datetime": {"datetime": "2022-06-21 16:56:22", "elapsed": 890.065555, "delta": 10.497073}}
{"target": -1.0, "params": {"Bgrad": 1.0032228864329837, "d1": -0.8109172321274256, "d2": -0.6226483041394029, "d3": -1.5657687589908527, "d4": -1.4607251554521254, "p1": 30.03561751632391, "p2": 16.137723616340704, "p3": 28.925729583151057, "p4": 30.52644727066397, "pol1": -0.06239606814520626, "pol2": 0.13955994009699202, "pol3": 0.5211638302448227, "pol4": 0.7564812403270262, "v0s": 7.24922443868785}, "datetime": {"datetime": "2022-06-21 16:56:22", "elapsed": 890.066552, "delta": 10.497072}}
{"target": -1.0, "params": {"Bgrad": 1.3454158162314829, "d1": -0.7356355206112504, "d2": -0.2557135687562666, "d3": -0.9614433155946855, "d4": -1.6976951124482738, "p1": 31.566230809505768, "p2": 13.673338795760781, "p3": 20.123242385308348, "p4": 30.687252815664827, "pol1": -0.972028669477591, "pol2": 0.7346018370376783, "pol3": 0.17789302136680818, "pol4": -0.803189446458217, "v0s": 5.610852204177506}, "datetime": {"datetime": "2022-06-21 16:56:31", "elapsed": 899.64609, "delta": 9.580535}}
{"target": -1.0, "params": {"Bgrad": 1.3454158162314829, "d1": -0.7356355206112504, "d2": -0.2557135687562666, "d3": -0.9614433155946855, "d4": -1.6976951124482738, "p1": 31.566230809505768, "p2": 13.673338795760781, "p3": 20.123242385308348, "p4": 30.687252815664827, "pol1": -0.972028669477591, "pol2": 0.7346018370376783, "pol3": 0.17789302136680818, "pol4": -0.803189446458217, "v0s": 5.610852204177506}, "datetime": {"datetime": "2022-06-21 16:56:31", "elapsed": 899.647087, "delta": 9.580535}}
{"target": -1.0, "params": {"Bgrad": 0.6569163568915608, "d1": -1.1659222343642308, "d2": -1.7002258953980842, "d3": -0.2125886120983993, "d4": -0.80207729413587, "p1": 8.773101667198564, "p2": 6.173590153373654, "p3": 32.693815961800546, "p4": 34.658177538043276, "pol1": 0.8107001420262803, "pol2": 0.21141742177842837, "pol3": -0.03964657474691613, "pol4": 0.7975953408529304, "v0s": 6.51794793592375}, "datetime": {"datetime": "2022-06-21 16:56:37", "elapsed": 905.598291, "delta": 5.952201}}
{"target": -1.0, "params": {"Bgrad": 0.6569163568915608, "d1": -1.1659222343642308, "d2": -1.7002258953980842, "d3": -0.2125886120983993, "d4": -0.80207729413587, "p1": 8.773101667198564, "p2": 6.173590153373654, "p3": 32.693815961800546, "p4": 34.658177538043276, "pol1": 0.8107001420262803, "pol2": 0.21141742177842837, "pol3": -0.03964657474691613, "pol4": 0.7975953408529304, "v0s": 6.51794793592375}, "datetime": {"datetime": "2022-06-21 16:56:37", "elapsed": 905.599289, "delta": 5.952202}}
{"target": -1.0, "params": {"Bgrad": 0.6161027233429355, "d1": -1.8412698147137232, "d2": -2.4809294010515743, "d3": 0.26507186325740184, "d4": -0.5458257807714051, "p1": 25.47934283619241, "p2": 0.8266289159804596, "p3": 28.419182477006377, "p4": 15.142472032411236, "pol1": -0.8145158430233661, "pol2": -0.04020591749587088, "pol3": 0.8156897819477227, "pol4": -0.1227303352393001, "v0s": 5.66337108103839}, "datetime": {"datetime": "2022-06-21 16:56:43", "elapsed": 911.516571, "delta": 5.91828}}
{"target": -1.0, "params": {"Bgrad": 0.6161027233429355, "d1": -1.8412698147137232, "d2": -2.4809294010515743, "d3": 0.26507186325740184, "d4": -0.5458257807714051, "p1": 25.47934283619241, "p2": 0.8266289159804596, "p3": 28.419182477006377, "p4": 15.142472032411236, "pol1": -0.8145158430233661, "pol2": -0.04020591749587088, "pol3": 0.8156897819477227, "pol4": -0.1227303352393001, "v0s": 5.66337108103839}, "datetime": {"datetime": "2022-06-21 16:56:43", "elapsed": 911.517571, "delta": 5.918282}}
{"target": -1.0, "params": {"Bgrad": 1.7810274119655818, "d1": -1.2307943244974786, "d2": -2.2126311965120995, "d3": -1.4923063219299948, "d4": -1.8409154529477987, "p1": 33.83532602313877, "p2": 25.796216007451566, "p3": 33.79286959954169, "p4": 13.656490257301668, "pol1": 0.5570951364188148, "pol2": 0.5079645953431253, "pol3": 0.9503741629466083, "pol4": 0.1269941660417464, "v0s": 3.797661559485653}, "datetime": {"datetime": "2022-06-21 16:56:52", "elapsed": 920.766515, "delta": 9.249944}}
{"target": -1.0, "params": {"Bgrad": 1.7810274119655818, "d1": -1.2307943244974786, "d2": -2.2126311965120995, "d3": -1.4923063219299948, "d4": -1.8409154529477987, "p1": 33.83532602313877, "p2": 25.796216007451566, "p3": 33.79286959954169, "p4": 13.656490257301668, "pol1": 0.5570951364188148, "pol2": 0.5079645953431253, "pol3": 0.9503741629466083, "pol4": 0.1269941660417464, "v0s": 3.797661559485653}, "datetime": {"datetime": "2022-06-21 16:56:52", "elapsed": 920.767513, "delta": 9.249942}}
{"target": -1.0, "params": {"Bgrad": 1.5527478806063946, "d1": -2.0903252187718113, "d2": -0.035750190674585625, "d3": -1.5688906323065286, "d4": -1.781592470063424, "p1": 4.6984178456287, "p2": 19.90037157661353, "p3": 4.089349569051581, "p4": 36.24333310944027, "pol1": 0.9680795092614805, "pol2": 0.3571026384344538, "pol3": 0.2892289327347697, "pol4": -0.5966095104389004, "v0s": 2.6893091484363056}, "datetime": {"datetime": "2022-06-21 16:56:55", "elapsed": 923.849821, "delta": 3.083306}}
{"target": -1.0, "params": {"Bgrad": 1.5527478806063946, "d1": -2.0903252187718113, "d2": -0.035750190674585625, "d3": -1.5688906323065286, "d4": -1.781592470063424, "p1": 4.6984178456287, "p2": 19.90037157661353, "p3": 4.089349569051581, "p4": 36.24333310944027, "pol1": 0.9680795092614805, "pol2": 0.3571026384344538, "pol3": 0.2892289327347697, "pol4": -0.5966095104389004, "v0s": 2.6893091484363056}, "datetime": {"datetime": "2022-06-21 16:56:55", "elapsed": 923.850818, "delta": 3.083305}}
{"target": -1.0, "params": {"Bgrad": 1.1699210403302485, "d1": -0.728823930114368, "d2": -2.902502128808375, "d3": -2.838964638997166, "d4": 0.30820831917773495, "p1": 36.72022839127349, "p2": 8.262099581252647, "p3": 30.92818909403378, "p4": 7.667561299537034, "pol1": 0.1555613824241726, "pol2": -0.6155844777973511, "pol3": 0.7946391371162274, "pol4": 0.42158050001459424, "v0s": 7.5555151046361155}, "datetime": {"datetime": "2022-06-21 16:57:04", "elapsed": 932.889782, "delta": 9.039961}}
{"target": -1.0, "params": {"Bgrad": 1.1699210403302485, "d1": -0.728823930114368, "d2": -2.902502128808375, "d3": -2.838964638997166, "d4": 0.30820831917773495, "p1": 36.72022839127349, "p2": 8.262099581252647, "p3": 30.92818909403378, "p4": 7.667561299537034, "pol1": 0.1555613824241726, "pol2": -0.6155844777973511, "pol3": 0.7946391371162274, "pol4": 0.42158050001459424, "v0s": 7.5555151046361155}, "datetime": {"datetime": "2022-06-21 16:57:04", "elapsed": 932.889782, "delta": 9.038964}}
{"target": -1.0, "params": {"Bgrad": 1.6591069671731766, "d1": -0.6951121405780087, "d2": -0.23897178448684242, "d3": 0.4741091374364701, "d4": -1.0403246669525332, "p1": 5.7120335473367145, "p2": 0.8261863391972102, "p3": 40.60447743203456, "p4": 46.00836346359543, "pol1": -0.5114548840544701, "pol2": 0.20078318277867968, "pol3": 0.7277968844327336, "pol4": 0.5531523931826616, "v0s": 3.8821386671718026}, "datetime": {"datetime": "2022-06-21 16:57:16", "elapsed": 944.154884, "delta": 11.265102}}
