{"target": -1.0, "params": {"Bgrad": 1.4038859091102027, "d1": -2.678838838476262, "d2": -0.7549977495123366, "d3": 0.6853132080856854, "d4": -1.3904541379569144, "p1": 1.7309793602457824, "p2": 30.732340189023766, "p3": 24.96947593060814, "p4": 25.56474908583469, "pol1": -0.00044642634856506547, "pol2": -0.22612682402204953, "pol3": 0.3585396201961566, "pol4": 0.5333408625774121, "v0s": 4.245024933358575}, "datetime": {"datetime": "2022-04-30 02:39:59", "elapsed": 126512.223777, "delta": 64.106591}}
{"target": 3.3132360362371047, "params": {"Bgrad": 1.4656863177265673, "d1": 0.6002923505348139, "d2": -0.329641893001185, "d3": -2.1703597780849626, "d4": -2.014402567161389, "p1": 49.04644534591505, "p2": 17.429687191724906, "p3": 25.525476431646677, "p4": 14.514817143251992, "pol1": -0.26967604184297284, "pol2": 0.7458888295531432, "pol3": -0.3171282152387239, "pol4": -0.19983626056785245, "v0s": 3.3132360362371047}, "datetime": {"datetime": "2022-04-30 02:41:08", "elapsed": 126581.423749, "delta": 69.199972}}
{"target": -1.0, "params": {"Bgrad": 1.8256669882956613, "d1": -1.117323689353638, "d2": 0.8292240608890595, "d3": -0.18062268847143237, "d4": 0.003233326288389904, "p1": 43.82985249614475, "p2": 25.600004399206387, "p3": 22.49848349955837, "p4": 2.2709068039725553, "pol1": 0.4034807234239628, "pol2": 0.1893479585270812, "pol3": -0.7780853194535331, "pol4": -0.19222789420276531, "v0s": 3.5228161161692535}, "datetime": {"datetime": "2022-04-30 02:41:52", "elapsed": 126625.10994, "delta": 43.686191}}
{"target": -1.0, "params": {"Bgrad": 1.4823704397259039, "d1": -1.406262337948169, "d2": -0.10321572221768305, "d3": -2.2096227967599176, "d4": -1.3005131521188713, "p1": 1.4313217178570425, "p2": 14.792763257592078, "p3": 15.309951115491954, "p4": 5.118245176382152, "pol1": 0.6809073973131761, "pol2": -0.30541550890666413, "pol3": -0.7377773855261553, "pol4": -0.2959042872941837, "v0s": 4.974647276756963}, "datetime": {"datetime": "2022-04-30 02:42:37", "elapsed": 126669.760552, "delta": 44.650612}}
{"target": 5.010943169608773, "params": {"Bgrad": 1.0688040120379576, "d1": -1.9109118122071138, "d2": 0.8168746009461699, "d3": -0.6325478466958313, "d4": -1.429925479726188, "p1": 8.580757232519614, "p2": 34.27685179375334, "p3": 33.893539770351325, "p4": 7.62984890919351, "pol1": -0.8466021094898394, "pol2": 0.02002931540916575, "pol3": 0.7897486877867502, "pol4": 0.8822110824893276, "v0s": 5.010943169608773}, "datetime": {"datetime": "2022-04-30 02:43:03", "elapsed": 126696.398328, "delta": 26.637776}}
{"target": 5.912275704638116, "params": {"Bgrad": 1.2911390758857224, "d1": -1.8581243428163918, "d2": 0.9451496298357094, "d3": 0.42734776252873463, "d4": -0.4062782358733615, "p1": 7.815972298712675, "p2": 34.20505029849442, "p3": 22.962734418981515, "p4": 44.949902850615885, "pol1": -0.7621103118872472, "pol2": -0.043752553147347814, "pol3": -0.3078119902342194, "pol4": 0.7384492251377294, "v0s": 5.912275704638116}, "datetime": {"datetime": "2022-04-30 02:43:38", "elapsed": 126730.860183, "delta": 34.461855}}
{"target": 4.481305697595725, "params": {"Bgrad": 1.000556988508888, "d1": -2.2940240414532527, "d2": 0.21669009726948074, "d3": -2.1247556029465953, "d4": -0.6288503064397903, "p1": 26.187529821308274, "p2": 28.805735570622442, "p3": 24.76699489719912, "p4": 4.093201327776979, "pol1": 0.4314113219773985, "pol2": 0.41647200963958286, "pol3": 0.10326539064026963, "pol4": 0.2991361846944647, "v0s": 4.481305697595725}, "datetime": {"datetime": "2022-04-30 02:44:34", "elapsed": 126786.71384, "delta": 55.853657}}
{"target": -1.0, "params": {"Bgrad": 1.5923049050040885, "d1": -1.3323110003559324, "d2": -0.17932848551130887, "d3": -1.969099770389707, "d4": 0.6632530048673009, "p1": 2.532546545497988, "p2": 9.115436880267325, "p3": 23.666508690922445, "p4": 17.849542305182787, "pol1": -0.029186548910558274, "pol2": 0.676397484190296, "pol3": -0.9853662746046872, "pol4": 0.1516308146998584, "v0s": 3.5718062390568823}, "datetime": {"datetime": "2022-04-30 02:45:52", "elapsed": 126865.124186, "delta": 78.410346}}
{"target": -1.0, "params": {"Bgrad": 0.6587140959938103, "d1": -2.139004524262844, "d2": 0.3140647513951236, "d3": 0.8684518228296993, "d4": -2.3468565400755685, "p1": 4.157007827472464, "p2": 7.473880035610963, "p3": 23.142047619677676, "p4": 18.326973940494206, "pol1": 0.31096278927334664, "pol2": -0.5345686131765481, "pol3": -0.420888913078322, "pol4": 0.12880167656030128, "v0s": 5.740009449766432}, "datetime": {"datetime": "2022-04-30 02:46:23", "elapsed": 126895.639593, "delta": 30.515407}}
{"target": 3.8258931971845866, "params": {"Bgrad": 1.8032397321376825, "d1": -1.4106366702873614, "d2": 0.3541738620045285, "d3": -2.171181803558457, "d4": -2.3432595468472335, "p1": 10.334453275204385, "p2": 36.17068084153179, "p3": 35.740027081472284, "p4": 36.07934548352132, "pol1": -0.9893359666131856, "pol2": 0.12159422650488394, "pol3": -0.4875336730263071, "pol4": 0.12323687241408532, "v0s": 3.8258931971845866}, "datetime": {"datetime": "2022-04-30 02:46:53", "elapsed": 126925.611454, "delta": 29.971861}}
{"target": 4.525670146469161, "params": {"Bgrad": 1.1950043197756306, "d1": -0.5196610253440738, "d2": 0.6593952332949015, "d3": -2.9632651172703897, "d4": -0.6105319580251511, "p1": 5.316707563397321, "p2": 2.8628939194381093, "p3": 30.18716402309435, "p4": 14.031629753806932, "pol1": -0.26692704975935433, "pol2": 0.7839532571527908, "pol3": -0.9350700904395759, "pol4": 0.28954136734860675, "v0s": 4.525670146469161}, "datetime": {"datetime": "2022-04-30 02:48:01", "elapsed": 126993.980647, "delta": 68.369193}}
{"target": 4.852094367982536, "params": {"Bgrad": 1.6083351516655717, "d1": -2.7672869175244466, "d2": -0.08393233723643112, "d3": -1.758297517908821, "d4": -1.6040382007588776, "p1": 39.12634911624173, "p2": 24.38119652110291, "p3": 43.050686566431985, "p4": 49.20424682657084, "pol1": -0.6138745767375542, "pol2": -0.5056589908406459, "pol3": -0.5393523269102796, "pol4": 0.9611527977536372, "v0s": 4.852094367982536}, "datetime": {"datetime": "2022-04-30 02:48:32", "elapsed": 127024.700508, "delta": 30.719861}}
{"target": -1.0, "params": {"Bgrad": 1.1556607393226654, "d1": -1.5964281319246592, "d2": -1.1189362435996415, "d3": -1.1958628771238105, "d4": -0.024729533839526585, "p1": 17.083658733139263, "p2": 13.659657272557856, "p3": 28.45636509856578, "p4": 34.5769388244117, "pol1": 0.14400804175351123, "pol2": -0.55456864174753, "pol3": 0.08208500906526695, "pol4": 0.745138130441334, "v0s": 2.943875812940195}, "datetime": {"datetime": "2022-04-30 02:49:27", "elapsed": 127079.900912, "delta": 55.200404}}
{"target": 4.732131623285222, "params": {"Bgrad": 1.3832003037766614, "d1": -2.1145241825898164, "d2": -0.3641790374456839, "d3": -2.9592724754279174, "d4": 0.6580174219196988, "p1": 5.24813104613121, "p2": 14.413291824120854, "p3": 33.98235559119463, "p4": 2.2367563536190795, "pol1": -0.45095080439363233, "pol2": 0.10020637498415597, "pol3": -0.13188835615807015, "pol4": 0.36630318974430076, "v0s": 4.732131623285222}, "datetime": {"datetime": "2022-04-30 02:49:56", "elapsed": 127108.881423, "delta": 28.980511}}
{"target": -1.0, "params": {"Bgrad": 1.6086091051393128, "d1": -2.3658371470344104, "d2": -0.11550364913497768, "d3": 0.49704881812779655, "d4": -1.9500221625874254, "p1": 23.76895052636037, "p2": 25.479262027128907, "p3": 9.770449954050758, "p4": 33.240760928785534, "pol1": 0.7154100801885945, "pol2": -0.05310652728624343, "pol3": 0.9265465100269505, "pol4": -0.31709442597463444, "v0s": 5.931662924042617}, "datetime": {"datetime": "2022-04-30 02:50:37", "elapsed": 127149.811982, "delta": 40.930559}}
{"target": 3.725924342636553, "params": {"Bgrad": 1.5959522792787117, "d1": -1.646673950034931, "d2": 0.616270789682329, "d3": -2.3937435678416237, "d4": -2.506838357455144, "p1": 14.118176719075127, "p2": 47.08094841403072, "p3": 29.768567664359853, "p4": 14.486383798366099, "pol1": -0.973639323641259, "pol2": -0.2917355008644644, "pol3": -0.402219773954684, "pol4": -0.4655879688639952, "v0s": 3.725924342636553}, "datetime": {"datetime": "2022-04-30 02:51:16", "elapsed": 127189.147805, "delta": 39.335823}}
{"target": -1.0, "params": {"Bgrad": 0.7629963755425635, "d1": -0.835116933630903, "d2": 0.12830526448222335, "d3": -2.328163867609292, "d4": -0.5636177827930298, "p1": 1.4344136525047346, "p2": 32.97439198374082, "p3": 16.91951112963328, "p4": 8.980282437017523, "pol1": 0.6531689793494548, "pol2": 0.9983144285544316, "pol3": 0.9139404473558752, "pol4": -0.38667436690749746, "v0s": 5.321834097094246}, "datetime": {"datetime": "2022-04-30 02:51:45", "elapsed": 127218.474391, "delta": 29.326586}}
{"target": 2.159881081815495, "params": {"Bgrad": 1.0421334792279402, "d1": 0.7855822564327433, "d2": -2.497645852495675, "d3": -2.0620296447179443, "d4": -0.8949685644771788, "p1": 46.759563211447855, "p2": 45.858337855132255, "p3": 42.5041657611865, "p4": 45.99274103994303, "pol1": -0.49330296091568715, "pol2": 0.2738941084054962, "pol3": -0.8959584149983213, "pol4": -0.17245160854830233, "v0s": 2.159881081815495}, "datetime": {"datetime": "2022-04-30 02:52:40", "elapsed": 127272.855985, "delta": 54.381594}}
{"target": -1.0, "params": {"Bgrad": 1.4750718256950586, "d1": 0.18829734517107877, "d2": -0.29332208015640626, "d3": -1.633835658960983, "d4": -0.8280931222321497, "p1": 46.87013105733069, "p2": 23.966347478280277, "p3": 22.168619464991195, "p4": 5.3833296604432315, "pol1": 0.32853770480326516, "pol2": -0.18606297053627996, "pol3": 0.5923755998904341, "pol4": 0.721946363213521, "v0s": 2.821615997175074}, "datetime": {"datetime": "2022-04-30 02:53:45", "elapsed": 127337.564965, "delta": 64.70898}}
{"target": 3.6969024327881392, "params": {"Bgrad": 0.5957389303761672, "d1": -1.0510534311802675, "d2": 0.33019427932402756, "d3": -1.1078462410367869, "d4": -1.4036194729265121, "p1": 8.32259748746914, "p2": 37.40097336099446, "p3": 33.61064298951486, "p4": 8.53694701115219, "pol1": 0.8603143760445744, "pol2": 0.5078124140664171, "pol3": 0.9823275231367634, "pol4": 0.5104575722794262, "v0s": 3.6969024327881392}, "datetime": {"datetime": "2022-04-30 02:54:40", "elapsed": 127392.786313, "delta": 55.221348}}
{"target": -1.0, "params": {"Bgrad": 0.7614352716130981, "d1": -2.6267727556565124, "d2": -0.7422318833605486, "d3": -0.6357831990764407, "d4": -1.8477110648369495, "p1": 7.767002065524414, "p2": 38.340326879060996, "p3": 33.708298203175474, "p4": 33.26075246092385, "pol1": -0.6015551917448685, "pol2": -0.10121754417680284, "pol3": -0.781861156391261, "pol4": 0.9905345089425153, "v0s": 5.742046171295755}, "datetime": {"datetime": "2022-04-30 02:55:26", "elapsed": 127439.061582, "delta": 46.275269}}
{"target": -1.0, "params": {"Bgrad": 0.7614929701169457, "d1": -0.7142557717458202, "d2": -1.4297404623992658, "d3": 0.3051088895111942, "d4": -0.6972647971226826, "p1": 1.5522763572559772, "p2": 4.476968075340953, "p3": 24.173907354906497, "p4": 17.965643616886336, "pol1": -0.41069146517091104, "pol2": 0.1121997161756958, "pol3": -0.33827514828638217, "pol4": 0.14015171710448193, "v0s": 4.125578859345843}, "datetime": {"datetime": "2022-04-30 02:56:39", "elapsed": 127512.475287, "delta": 73.413705}}
{"target": 3.2139985047401636, "params": {"Bgrad": 1.5933411106038204, "d1": -2.0958405172092447, "d2": 0.26646569752259364, "d3": -1.86030871399839, "d4": -2.897013659585647, "p1": 5.991390700586763, "p2": 13.445565149186228, "p3": 37.39887121474526, "p4": 2.7777079927097548, "pol1": -0.9014228567898286, "pol2": 0.48153042397848145, "pol3": 0.4374253273438806, "pol4": 0.9758454375344918, "v0s": 3.2139985047401636}, "datetime": {"datetime": "2022-04-30 02:57:10", "elapsed": 127543.329787, "delta": 30.8545}}
{"target": 4.1543261804520695, "params": {"Bgrad": 1.0572525015579424, "d1": -1.2453600406699938, "d2": -0.07760517053643312, "d3": -2.40259025049784, "d4": -2.5056453660738787, "p1": 44.19378481344882, "p2": 27.354713152802322, "p3": 28.05225098207547, "p4": 46.83048016477066, "pol1": 0.48707042495706343, "pol2": -0.572389445334853, "pol3": -0.4366625890671476, "pol4": -0.17264101408520238, "v0s": 4.1543261804520695}, "datetime": {"datetime": "2022-04-30 02:58:07", "elapsed": 127599.614293, "delta": 56.284506}}
{"target": -1.0, "params": {"Bgrad": 0.5361493262936743, "d1": -2.445372737244538, "d2": 0.18821499499290217, "d3": -1.0637903081310442, "d4": -1.9487879189340078, "p1": 42.57281345449723, "p2": 43.14178700238137, "p3": 30.376667403338292, "p4": 15.10820170295517, "pol1": -0.04725612603920304, "pol2": -0.7845548527091672, "pol3": -0.30449494978625213, "pol4": 0.6965396441775944, "v0s": 5.629397726056607}, "datetime": {"datetime": "2022-04-30 02:58:36", "elapsed": 127628.689551, "delta": 29.075258}}
{"target": -1.0, "params": {"Bgrad": 0.5705995194297604, "d1": -1.8241711744265166, "d2": -1.9176636349084757, "d3": -0.2606933001063574, "d4": -0.20875236792033736, "p1": 18.90552752628781, "p2": 13.346552852807164, "p3": 28.393580488460522, "p4": 34.22101975028461, "pol1": -0.62304891334814, "pol2": -0.4383908036826767, "pol3": 0.41570942001942957, "pol4": 0.02426027493307692, "v0s": 4.550047584583173}, "datetime": {"datetime": "2022-04-30 03:00:04", "elapsed": 127716.817912, "delta": 88.128361}}
{"target": 4.497332685830708, "params": {"Bgrad": 1.1107649055346487, "d1": -1.8066964742355838, "d2": 0.7722524216324536, "d3": -1.2753429393241678, "d4": -1.0779192363766545, "p1": 33.54177398898022, "p2": 13.935579128667142, "p3": 4.415842678347298, "p4": 17.814232268217435, "pol1": -0.2960803799083956, "pol2": 0.5006692557107035, "pol3": 0.7737792329231141, "pol4": -0.14131079596436275, "v0s": 4.497332685830708}, "datetime": {"datetime": "2022-04-30 03:00:43", "elapsed": 127756.442961, "delta": 39.625049}}
{"target": -1.0, "params": {"Bgrad": 0.5873537277275503, "d1": -1.0352013217324676, "d2": -0.19595743293953127, "d3": -1.0782986247874486, "d4": 0.3459856451694989, "p1": 27.35557691700439, "p2": 21.996640240387805, "p3": 9.744205794930238, "p4": 32.92760566257594, "pol1": -0.3524906606320968, "pol2": 0.24065818345050216, "pol3": 0.03929005181633949, "pol4": -0.17522422034294083, "v0s": 5.782594521665693}, "datetime": {"datetime": "2022-04-30 03:01:24", "elapsed": 127797.247857, "delta": 40.804896}}
{"target": 3.388992405296942, "params": {"Bgrad": 1.6899172919538337, "d1": -1.6494534822464562, "d2": -2.491574508690893, "d3": -2.5642260808999495, "d4": -2.1982950648940913, "p1": 35.79046250735615, "p2": 3.7110352063907066, "p3": 7.501729192913951, "p4": 38.81925835233617, "pol1": -0.6397609101685132, "pol2": 0.5923972972690199, "pol3": 0.3095887095341663, "pol4": -0.30403219381960184, "v0s": 3.388992405296942}, "datetime": {"datetime": "2022-04-30 03:01:56", "elapsed": 127828.568112, "delta": 31.320255}}
{"target": 3.2806930289587948, "params": {"Bgrad": 1.6385633598708005, "d1": -1.1742900010754898, "d2": -0.48778020459468485, "d3": -0.48755287554562726, "d4": -0.03429113564300867, "p1": 26.46396717903454, "p2": 7.476099850575642, "p3": 31.40763182922939, "p4": 29.761665311821773, "pol1": -0.7188510374761796, "pol2": 0.6342413896550106, "pol3": 0.0738870896870762, "pol4": -0.7008361224488174, "v0s": 3.2806930289587948}, "datetime": {"datetime": "2022-04-30 03:02:43", "elapsed": 127875.816778, "delta": 47.248666}}
{"target": -1.0, "params": {"Bgrad": 1.2034807858541108, "d1": -1.701173454375569, "d2": 0.5421677875460227, "d3": -2.7090371725750755, "d4": -0.24851040168061367, "p1": 42.63853735935778, "p2": 24.527570395047317, "p3": 24.565691761100084, "p4": 5.193642550657246, "pol1": 0.5476455625887604, "pol2": 0.5383259581553324, "pol3": 0.565721397950046, "pol4": 0.026999454608812812, "v0s": 2.8915386264854934}, "datetime": {"datetime": "2022-04-30 03:03:23", "elapsed": 127915.565497, "delta": 39.748719}}
{"target": -1.0, "params": {"Bgrad": 0.6991873945979863, "d1": -2.602214555401569, "d2": -0.3094396273883335, "d3": -2.6797145977921164, "d4": -2.261881396114085, "p1": 42.65384685011564, "p2": 26.202225081418547, "p3": 20.974636966376554, "p4": 4.871221912433649, "pol1": -0.3412822893948957, "pol2": 0.40466853288931914, "pol3": -0.23842669130795602, "pol4": -0.7243554741662788, "v0s": 4.6353044828746235}, "datetime": {"datetime": "2022-04-30 03:04:01", "elapsed": 127953.786302, "delta": 38.220805}}
{"target": 5.478917775902869, "params": {"Bgrad": 1.9496025851834542, "d1": -2.5828334566843383, "d2": 0.6034285156611372, "d3": -0.5182856107964617, "d4": -1.0080326008357468, "p1": 8.073028158281927, "p2": 33.57300588547493, "p3": 23.154746446697516, "p4": 44.78550783278882, "pol1": -0.17718370135938635, "pol2": 0.102853671216352, "pol3": -0.5478804933399235, "pol4": 1.0, "v0s": 5.478917775902869}, "datetime": {"datetime": "2022-04-30 03:05:02", "elapsed": 128015.355676, "delta": 61.569374}}
{"target": 4.942633764941984, "params": {"Bgrad": 1.7972857755130371, "d1": -2.0674213491687587, "d2": 1.0, "d3": -0.5843897275501226, "d4": -2.3890885172826795, "p1": 33.321942086036096, "p2": 13.417072848342217, "p3": 4.272049207158807, "p4": 17.181935427052096, "pol1": -0.16314777287909799, "pol2": 0.5831084640475452, "pol3": 0.849678382964748, "pol4": -0.3592909296592111, "v0s": 4.942633764941984}, "datetime": {"datetime": "2022-04-30 03:05:31", "elapsed": 128044.504737, "delta": 29.149061}}
{"target": 3.6820938271057915, "params": {"Bgrad": 1.8824341149355794, "d1": -1.6687072904739684, "d2": 0.05626412171837858, "d3": -0.5284002224016873, "d4": 0.2979721070328787, "p1": 4.872975517417827, "p2": 7.177730975514191, "p3": 22.313097948460143, "p4": 16.811569461021264, "pol1": -0.5664194771058877, "pol2": -0.5254741702301886, "pol3": 0.6436020646701512, "pol4": 0.5523079359087859, "v0s": 3.6820938271057915}, "datetime": {"datetime": "2022-04-30 03:06:27", "elapsed": 128099.80288, "delta": 55.298143}}
{"target": 3.751770224029026, "params": {"Bgrad": 0.671952692259348, "d1": -1.110991492012042, "d2": 0.05078338963660434, "d3": -1.6618298563791631, "d4": -0.09098993104406672, "p1": 10.87033179627781, "p2": 22.503321739054922, "p3": 35.84830045825152, "p4": 33.77558232847154, "pol1": 0.24117953215847066, "pol2": 0.15839067077176527, "pol3": 0.9537077173749728, "pol4": -0.060969343576022794, "v0s": 3.751770224029026}, "datetime": {"datetime": "2022-04-30 03:07:41", "elapsed": 128173.725225, "delta": 73.922345}}
{"target": 3.929028181831156, "params": {"Bgrad": 1.3120094116028902, "d1": 0.4079998706529109, "d2": -0.6710340366653709, "d3": -2.3774347664746425, "d4": -1.265903236565681, "p1": 40.297284245638224, "p2": 25.14550040947582, "p3": 41.981079599409945, "p4": 49.66845082847868, "pol1": -0.19923196290516598, "pol2": -0.2751576660170887, "pol3": 0.09688387637498419, "pol4": -0.27757309438769395, "v0s": 3.929028181831156}, "datetime": {"datetime": "2022-04-30 03:08:11", "elapsed": 128203.78884, "delta": 30.063615}}
{"target": 2.085590421901479, "params": {"Bgrad": 1.573519830235587, "d1": -2.1567896027872955, "d2": -0.06512222792740818, "d3": -0.0744746206582172, "d4": -0.10150135566216711, "p1": 3.502948081502594, "p2": 9.359799622276437, "p3": 22.516041683011768, "p4": 17.64297739679329, "pol1": -0.21186185002015345, "pol2": 0.672939986458724, "pol3": -0.867403638239699, "pol4": -0.312531396223076, "v0s": 2.085590421901479}, "datetime": {"datetime": "2022-04-30 03:08:55", "elapsed": 128247.694444, "delta": 43.905604}}
{"target": 5.066269319646878, "params": {"Bgrad": 1.1218210984517125, "d1": -2.245691824333721, "d2": 0.7739662181107847, "d3": -1.3524668927799064, "d4": -1.2913099247194562, "p1": 22.252189292565188, "p2": 23.825267532870157, "p3": 9.093456194045348, "p4": 33.60071684852157, "pol1": -0.4612364554204809, "pol2": 0.4279820034949549, "pol3": 0.0842199128148941, "pol4": -0.32414549397783166, "v0s": 5.066269319646878}, "datetime": {"datetime": "2022-04-30 03:09:36", "elapsed": 128288.871345, "delta": 41.176901}}
{"target": -1.0, "params": {"Bgrad": 1.1256940969842837, "d1": -0.37877228071678903, "d2": 0.8684236331496638, "d3": -2.8160366525682106, "d4": -1.0286921101040636, "p1": 5.28780657018687, "p2": 13.562958231456479, "p3": 35.7481269142558, "p4": 3.6335382203651845, "pol1": -0.3427592094685208, "pol2": 0.5825299357668672, "pol3": -0.7440207239111643, "pol4": 0.4853919270190714, "v0s": 5.5141258922351515}, "datetime": {"datetime": "2022-04-30 03:10:06", "elapsed": 128319.184294, "delta": 30.312949}}
{"target": -1.0, "params": {"Bgrad": 1.519126284030553, "d1": -2.1390974187012644, "d2": 0.4686028700195418, "d3": 0.1058086035010851, "d4": -0.8163410886595214, "p1": 7.868282234799542, "p2": 33.552624441803694, "p3": 23.27059871824377, "p4": 44.202565183766595, "pol1": -0.3791336608633113, "pol2": -0.30746902953520444, "pol3": -0.6387770278181242, "pol4": 0.950931756518366, "v0s": 5.598864851893582}, "datetime": {"datetime": "2022-04-30 03:10:39", "elapsed": 128352.468298, "delta": 33.284004}}
{"target": -1.0, "params": {"Bgrad": 1.83458889156418, "d1": -2.4722359682738073, "d2": 0.4544120894067123, "d3": 0.24880184794764215, "d4": -0.871356049048456, "p1": 22.258593330760384, "p2": 23.43505767021862, "p3": 41.77379249463882, "p4": 45.22321678706254, "pol1": -0.5041713534493621, "pol2": -0.15198588675033986, "pol3": -0.13934229738619286, "pol4": 0.48013194183527563, "v0s": 2.495337391039535}, "datetime": {"datetime": "2022-04-30 03:11:29", "elapsed": 128402.4337, "delta": 49.965402}}
{"target": -1.0, "params": {"Bgrad": 1.6863444863842392, "d1": -2.376740086565655, "d2": -0.4914586888452175, "d3": -1.4410649597575378, "d4": -1.419074551491212, "p1": 16.461731841309053, "p2": 37.32961699892989, "p3": 2.062942866835449, "p4": 30.81310233225784, "pol1": -0.2983285159433675, "pol2": 0.43098236224050046, "pol3": 0.208581700672946, "pol4": -0.023870697768718863, "v0s": 4.409104384746914}, "datetime": {"datetime": "2022-04-30 03:12:37", "elapsed": 128469.728765, "delta": 67.295065}}
