{"target": 3.216941713415321, "params": {"Bgrad": 11.648653029292403, "d1": -2.2610545171865923, "d2": -2.700689447273138, "d3": -1.9653400637427372, "d4": -2.958727077072433, "p1": 5.815028565921841, "p2": 11.857665076485672, "p3": 34.245333822064886, "p4": 28.403825737133793, "pol1": -0.7323352764846748, "pol2": -0.6370426172191347, "pol3": 1.0, "pol4": 0.22290636581731885, "v0s": 3.216941713415321}, "datetime": {"datetime": "2022-04-08 17:49:41", "elapsed": 2909.773658, "delta": 13.68142}}
{"target": -1.0, "params": {"Bgrad": 11.731757839408768, "d1": -1.5326454747637013, "d2": -1.6799751567510812, "d3": -2.2618508828966197, "d4": -2.3787433220940293, "p1": 7.332901171117551, "p2": 13.242630786299664, "p3": 33.47399184634127, "p4": 26.926804193078713, "pol1": -0.8439899538838098, "pol2": -0.07757216908334641, "pol3": 0.3584481967775075, "pol4": 0.46603456508499286, "v0s": 5.767715537378524}, "datetime": {"datetime": "2022-04-08 17:49:53", "elapsed": 2922.016923, "delta": 12.243265}}
{"target": 3.771802353234714, "params": {"Bgrad": 6.579372790909554, "d1": -0.941761723645668, "d2": 0.5381859013232195, "d3": -1.910513471478325, "d4": -2.592765801431882, "p1": 23.756378836638856, "p2": 32.8631204369891, "p3": 4.4975408733426105, "p4": 33.900133441211025, "pol1": -0.04991062619341136, "pol2": 0.5027344763256817, "pol3": 0.36324961503299913, "pol4": -0.00012382236376537825, "v0s": 3.771802353234714}, "datetime": {"datetime": "2022-04-08 17:50:06", "elapsed": 2934.471624, "delta": 12.454701}}
{"target": 4.04550779182274, "params": {"Bgrad": 7.5468822050373685, "d1": -1.6358021371500948, "d2": 0.39267797130288473, "d3": -2.2914418615308643, "d4": 0.785929558598387, "p1": 4.614990774716777, "p2": 5.588096668669057, "p3": 35.19382240714633, "p4": 24.24767901537694, "pol1": -0.2953229516236979, "pol2": -0.25305405096306055, "pol3": 0.46954335685099746, "pol4": -0.23373939722260562, "v0s": 4.04550779182274}, "datetime": {"datetime": "2022-04-08 17:50:22", "elapsed": 2951.078223, "delta": 16.606599}}
{"target": -1.0, "params": {"Bgrad": 8.895896791113673, "d1": 0.31152024751598617, "d2": -0.6928656181634842, "d3": -1.9760176875365731, "d4": 0.39285001656875274, "p1": 11.336897775692506, "p2": 4.306860003084628, "p3": 37.78912807500197, "p4": 29.579702168146504, "pol1": -0.34088762606313927, "pol2": 0.09949306090685317, "pol3": -0.7739427931829175, "pol4": -0.006521394871018993, "v0s": 3.8630485210464447}, "datetime": {"datetime": "2022-04-08 17:50:37", "elapsed": 2965.988358, "delta": 14.910135}}
{"target": 3.6415889529432346, "params": {"Bgrad": 6.075237743534245, "d1": -0.5450095805144477, "d2": -0.11502157792568311, "d3": -2.343941605397292, "d4": -2.1588058591893375, "p1": 24.901703633280356, "p2": 31.925937358257514, "p3": 4.613872136138105, "p4": 34.82030866580677, "pol1": 0.05392112613277361, "pol2": 0.22053847743704177, "pol3": 0.25708701202165923, "pol4": -0.4764385885156541, "v0s": 3.6415889529432346}, "datetime": {"datetime": "2022-04-08 17:50:49", "elapsed": 2977.198386, "delta": 11.210028}}
{"target": 5.4096655635384, "params": {"Bgrad": 7.800365658493653, "d1": -2.2166838680481953, "d2": -0.21783709273139573, "d3": -1.8914122286974684, "d4": -2.3997483850933405, "p1": 10.82705611416056, "p2": 6.412538058275202, "p3": 37.52130799437212, "p4": 28.18718903445826, "pol1": 0.15259834229647828, "pol2": 0.7306958061268387, "pol3": 0.8057670000974728, "pol4": 0.2552229033168387, "v0s": 5.4096655635384}, "datetime": {"datetime": "2022-04-08 17:51:02", "elapsed": 2990.787054, "delta": 13.588668}}
{"target": -1.0, "params": {"Bgrad": 7.532196086887018, "d1": -0.9882212782964972, "d2": -2.7489936477487347, "d3": -2.234093264761696, "d4": -0.4482998848465001, "p1": 7.666242037876369, "p2": 3.4001440177043096, "p3": 35.26981875967539, "p4": 25.455462442466086, "pol1": -0.4068571762661428, "pol2": -0.9222031619782258, "pol3": 0.9650549891545592, "pol4": 0.9035090102399579, "v0s": 4.5038501775790145}, "datetime": {"datetime": "2022-04-08 17:51:22", "elapsed": 3011.019959, "delta": 20.232905}}
{"target": 2.7797743727751536, "params": {"Bgrad": 8.412543880296312, "d1": -2.889500958867964, "d2": -2.160704573912547, "d3": -2.051680216613252, "d4": -1.9004249071892239, "p1": 8.229015209902995, "p2": 7.012687647371473, "p3": 40.6523023515727, "p4": 28.804593825191322, "pol1": -0.019805597503750327, "pol2": -0.028438969016439275, "pol3": -0.19125435675195646, "pol4": 0.20608331772513355, "v0s": 2.7797743727751536}, "datetime": {"datetime": "2022-04-08 17:51:30", "elapsed": 3018.431143, "delta": 7.411184}}
{"target": 2.3485745881269393, "params": {"Bgrad": 9.255492127225855, "d1": -1.6585435878028139, "d2": 0.3764160508950751, "d3": -0.46457157357027556, "d4": -1.2657984727297955, "p1": 6.177693910077781, "p2": 5.252574112027081, "p3": 35.25435006022982, "p4": 26.056432678071197, "pol1": -0.5264731423890572, "pol2": 0.043668298247839354, "pol3": 0.7489424978970529, "pol4": 0.9904191080904508, "v0s": 2.3485745881269393}, "datetime": {"datetime": "2022-04-08 17:51:46", "elapsed": 3034.459289, "delta": 16.028146}}
{"target": -1.0, "params": {"Bgrad": 5.551782269473788, "d1": 0.3186208348954489, "d2": 0.9554192679311382, "d3": -1.9954613296424775, "d4": -2.420151851351307, "p1": 25.85035666500949, "p2": 31.46757087076515, "p3": 3.2354795239174674, "p4": 33.14794958008388, "pol1": 0.8622290814368219, "pol2": -0.17685966268316555, "pol3": -0.9744718771235112, "pol4": 0.5894795185219508, "v0s": 3.2795571541645874}, "datetime": {"datetime": "2022-04-08 17:52:03", "elapsed": 3052.037291, "delta": 17.578002}}
{"target": -1.0, "params": {"Bgrad": 10.785932959349875, "d1": -1.011320384257345, "d2": -2.231477504378958, "d3": 0.28830345944630276, "d4": -0.4051542056906956, "p1": 12.113849852624814, "p2": 7.330619585564818, "p3": 39.27840896792248, "p4": 30.796683633961493, "pol1": 0.2868201204344245, "pol2": -0.7339603503471721, "pol3": -0.9063074518404257, "pol4": -0.8081988193506153, "v0s": 2.231638267842018}, "datetime": {"datetime": "2022-04-08 17:52:11", "elapsed": 3059.936172, "delta": 7.898881}}
{"target": -1.0, "params": {"Bgrad": 10.766096109647016, "d1": -1.449310290835121, "d2": -1.0358897792649904, "d3": -1.460121784715695, "d4": -1.605112946327787, "p1": 11.47030782090786, "p2": 3.2253655736347753, "p3": 37.46142981856318, "p4": 29.303979175196982, "pol1": -0.941896424984338, "pol2": -0.9018145975123322, "pol3": 0.3557899757436982, "pol4": -0.6538609852424349, "v0s": 4.735293773390481}, "datetime": {"datetime": "2022-04-08 17:52:32", "elapsed": 3080.939018, "delta": 21.002846}}
{"target": -1.0, "params": {"Bgrad": 7.757575586120874, "d1": 0.6378815914933056, "d2": -2.0121556625723382, "d3": -0.4815031321152863, "d4": -1.3520087213337804, "p1": 24.021392596883256, "p2": 29.99668010371132, "p3": 4.411717808716375, "p4": 39.52175785093415, "pol1": -0.7412366771065844, "pol2": -0.6861364967018895, "pol3": 0.9179479558688748, "pol4": 0.5629273740498326, "v0s": 4.418732910894359}, "datetime": {"datetime": "2022-04-08 17:52:44", "elapsed": 3092.212875, "delta": 11.273857}}
{"target": 4.872131324551099, "params": {"Bgrad": 7.435328583178854, "d1": -2.1990945248013474, "d2": -0.12160874819995315, "d3": -1.808776671373029, "d4": -2.113636970350059, "p1": 10.218566725565452, "p2": 6.2016962319389215, "p3": 38.33468612824623, "p4": 28.811073261075602, "pol1": -0.24908824250486383, "pol2": 0.5156787394642043, "pol3": 0.33079778222395306, "pol4": 0.20275333191072362, "v0s": 4.872131324551099}, "datetime": {"datetime": "2022-04-08 17:52:57", "elapsed": 3105.796557, "delta": 13.583682}}
{"target": 4.022752965238645, "params": {"Bgrad": 12.432005976361399, "d1": -0.456850021764275, "d2": -1.6712773887768786, "d3": -2.167857105382892, "d4": -0.6176903651695111, "p1": 10.13149268007551, "p2": 4.884967474753715, "p3": 36.29840038117801, "p4": 29.25909467040755, "pol1": -0.967393579766358, "pol2": 0.2259873043572549, "pol3": -0.3196957053582723, "pol4": 0.2528711141109361, "v0s": 4.022752965238645}, "datetime": {"datetime": "2022-04-08 17:53:13", "elapsed": 3121.363941, "delta": 15.567384}}
{"target": -1.0, "params": {"Bgrad": 5.759017340930872, "d1": -1.200915792169038, "d2": -0.06208666658497819, "d3": -1.7700992750513032, "d4": -2.1182133896433584, "p1": 6.958581616975828, "p2": 7.925099819535742, "p3": 38.58243256128716, "p4": 29.121416793962602, "pol1": 0.046840008081151074, "pol2": -0.23523735555327074, "pol3": -0.4541501571398485, "pol4": -0.26814583261359104, "v0s": 5.875031871836956}, "datetime": {"datetime": "2022-04-08 17:53:32", "elapsed": 3140.810471, "delta": 19.44653}}
{"target": 4.010364851883763, "params": {"Bgrad": 6.086119328903531, "d1": -1.301090272866379, "d2": -0.1822433394973924, "d3": -1.2130495269890251, "d4": -1.977214893584447, "p1": 6.23039502511807, "p2": 1.6705348123813502, "p3": 34.607718711708394, "p4": 24.388944843559962, "pol1": -0.1923307260969977, "pol2": 0.4971897956336425, "pol3": 0.361313422745863, "pol4": -0.6815225213917971, "v0s": 4.010364851883763}, "datetime": {"datetime": "2022-04-08 17:53:43", "elapsed": 3151.684397, "delta": 10.873926}}
{"target": 3.0483209006535352, "params": {"Bgrad": 12.33833615846298, "d1": -1.3456543399953547, "d2": 0.2654060473088564, "d3": -2.2594784069238774, "d4": -0.19249388097475828, "p1": 12.017781242456943, "p2": 28.710954442042986, "p3": 17.449379861039443, "p4": 2.848219974141636, "pol1": -0.5423726580792483, "pol2": 0.3282051107095869, "pol3": -0.005499813278937449, "pol4": 0.03803196814735754, "v0s": 3.0483209006535352}, "datetime": {"datetime": "2022-04-08 20:15:28", "elapsed": 11656.588079, "delta": 8504.903682}}
{"target": -1.0, "params": {"Bgrad": 11.628959105152, "d1": 0.9870137008328399, "d2": 0.26734043516648764, "d3": -0.6225095046760889, "d4": 0.9039562733236197, "p1": 45.078129233466065, "p2": 29.780396680132277, "p3": 1.6213162657228553, "p4": 4.678854790874038, "pol1": -0.8692565699155472, "pol2": -0.09653370261704941, "pol3": -0.2491303336642845, "pol4": 0.9507000685405731, "v0s": 3.0078997591976897}, "datetime": {"datetime": "2022-04-08 20:15:49", "elapsed": 11677.447312, "delta": 20.859233}}
{"target": -1.0, "params": {"Bgrad": 19.469358042686775, "d1": 0.06989947545205233, "d2": 0.29695135849799126, "d3": -0.4695367328880109, "d4": -0.3250689191730718, "p1": 23.844116676059667, "p2": 0.6568178461536123, "p3": 17.650304277091237, "p4": 24.60359007467792, "pol1": 0.46018242218020866, "pol2": -0.06274331450778159, "pol3": -0.08519016782113664, "pol4": -0.7246745181087937, "v0s": 2.065332402820874}, "datetime": {"datetime": "2022-04-08 20:16:11", "elapsed": 11699.739706, "delta": 22.292394}}
{"target": 2.782014685726126, "params": {"Bgrad": 15.286426079301426, "d1": -1.7201886476892865, "d2": 0.9375338007740428, "d3": -2.119063095363376, "d4": -1.6451678980732813, "p1": 26.194806783306586, "p2": 37.74457285302664, "p3": 23.192889195014782, "p4": 6.241127155583815, "pol1": -0.374997243015901, "pol2": 0.009038339401989282, "pol3": 0.3476980160337353, "pol4": 0.5402999126241843, "v0s": 2.782014685726126}, "datetime": {"datetime": "2022-04-08 20:16:25", "elapsed": 11713.368267, "delta": 13.628561}}
{"target": -1.0, "params": {"Bgrad": 0.9468450607864445, "d1": -0.9236707111520421, "d2": 0.23995484264966516, "d3": -2.9495849318804948, "d4": -0.31012062138506424, "p1": 34.34041133284959, "p2": 22.462337679331878, "p3": 45.73943433709671, "p4": 32.21805423784965, "pol1": -0.9895203246970683, "pol2": -0.031143108971248834, "pol3": 0.7186356121952, "pol4": 0.6607991400746789, "v0s": 5.894925182674868}, "datetime": {"datetime": "2022-04-08 20:16:31", "elapsed": 11719.528796, "delta": 6.160529}}
{"target": -1.0, "params": {"Bgrad": 6.453634543497774, "d1": -1.968663394101291, "d2": -2.1170262940803983, "d3": -0.8348825004803531, "d4": 0.7649867877526764, "p1": 3.803603555306884, "p2": 1.7506588606645501, "p3": 33.535567251599055, "p4": 26.33937090956733, "pol1": 0.09239979530674725, "pol2": -0.17779117601236094, "pol3": 0.3260832184619844, "pol4": 0.10891134606864483, "v0s": 3.601796585568433}, "datetime": {"datetime": "2022-04-08 20:16:51", "elapsed": 11739.757711, "delta": 20.228915}}
{"target": -1.0, "params": {"Bgrad": 4.0708275005926, "d1": 0.9122975465198913, "d2": 0.48872409143221285, "d3": -0.3240544970678707, "d4": -1.348414043216044, "p1": 25.6283984025012, "p2": 31.107561666172217, "p3": 6.439781918348486, "p4": 35.07806055983259, "pol1": 0.692933194957128, "pol2": 0.02837512490250882, "pol3": -0.7087615175150104, "pol4": -0.30160630417208956, "v0s": 4.147706035586479}, "datetime": {"datetime": "2022-04-08 20:17:03", "elapsed": 11751.844395, "delta": 12.086684}}
{"target": 2.366613903418582, "params": {"Bgrad": 4.886333934069746, "d1": -0.7144643651021134, "d2": 0.761624175143989, "d3": -1.3841238923627084, "d4": -2.7924580479102654, "p1": 28.316670253097104, "p2": 29.691593150562273, "p3": 4.05343941082088, "p4": 36.74643671977004, "pol1": -0.9307082707093006, "pol2": -0.23096138792013843, "pol3": 0.2680017913569843, "pol4": -0.44506083600068735, "v0s": 2.366613903418582}, "datetime": {"datetime": "2022-04-08 20:17:10", "elapsed": 11758.401862, "delta": 6.557467}}
{"target": 4.168188090332821, "params": {"Bgrad": 5.549360806425572, "d1": -2.9945284258072298, "d2": -0.18860985219548487, "d3": -1.2779645292470634, "d4": -0.5178996566152145, "p1": 4.880883969828148, "p2": 0.6011820975540982, "p3": 31.739832008176293, "p4": 23.71776372056052, "pol1": 0.26450671951717264, "pol2": 0.6704498774650951, "pol3": -0.9694041614811137, "pol4": 0.2429560532008872, "v0s": 4.168188090332821}, "datetime": {"datetime": "2022-04-08 20:17:20", "elapsed": 11768.769144, "delta": 10.367282}}
{"target": 2.251447407630768, "params": {"Bgrad": 4.000217115967825, "d1": -1.6076542882761888, "d2": -2.586729375583004, "d3": -0.8881523841368373, "d4": 0.46335748619428374, "p1": 5.144471794714484, "p2": 1.7215390036833256, "p3": 38.770312114485264, "p4": 18.304950018738396, "pol1": 0.1719661321761743, "pol2": 0.05389832964875896, "pol3": 0.5616292846728912, "pol4": -0.3804208625246155, "v0s": 2.251447407630768}, "datetime": {"datetime": "2022-04-08 20:17:26", "elapsed": 11775.040377, "delta": 6.271233}}
{"target": -1.0, "params": {"Bgrad": 12.682353237630844, "d1": -1.9240425268524075, "d2": -2.1192984241299238, "d3": -1.1139113839866677, "d4": 0.6915293452973006, "p1": 8.95011695769728, "p2": 5.628719708900226, "p3": 41.89156657146334, "p4": 32.6792787454411, "pol1": -0.9803328893584144, "pol2": 0.7214146494189473, "pol3": -0.7244684394931828, "pol4": 0.44292861134657513, "v0s": 4.096489067779723}, "datetime": {"datetime": "2022-04-08 20:17:47", "elapsed": 11796.003328, "delta": 20.962951}}
{"target": 3.4913197519968144, "params": {"Bgrad": 6.287657546706643, "d1": -0.2834316911571813, "d2": -0.5107045450164639, "d3": -2.568545203313474, "d4": -2.0193431636033474, "p1": 26.39250610065225, "p2": 30.79613298680767, "p3": 4.5967402222619045, "p4": 36.43432907079001, "pol1": -0.04546361369857384, "pol2": -0.029496536200955797, "pol3": 0.5198827565958358, "pol4": -0.8294567644570819, "v0s": 3.4913197519968144}, "datetime": {"datetime": "2022-04-08 20:17:56", "elapsed": 11804.655196, "delta": 8.651868}}
{"target": 3.661818834159913, "params": {"Bgrad": 5.648971959050833, "d1": -1.7013200634610532, "d2": -0.19132696511221736, "d3": -2.7825058728822096, "d4": -2.7830284956235958, "p1": 11.92390552095342, "p2": 10.901535895072161, "p3": 37.076972061509686, "p4": 27.77013592109184, "pol1": -0.03206274414770793, "pol2": 0.5163285261285873, "pol3": -0.22228675581928337, "pol4": 0.45284911796903304, "v0s": 3.661818834159913}, "datetime": {"datetime": "2022-04-08 20:18:04", "elapsed": 11813.179405, "delta": 8.524209}}
{"target": -1.0, "params": {"Bgrad": 4.752044102055798, "d1": 0.6254604466309561, "d2": -0.021673760746684145, "d3": -0.2913691845349575, "d4": -1.427893007107968, "p1": 4.817138196711484, "p2": 2.6889398828351507, "p3": 35.68841720458474, "p4": 25.103227754451694, "pol1": -0.41641563617747734, "pol2": -0.49877744727436046, "pol3": 0.9354579226883755, "pol4": -0.257445427052333, "v0s": 5.140816602073777}, "datetime": {"datetime": "2022-04-08 20:18:24", "elapsed": 11832.572554, "delta": 19.393149}}
{"target": -1.0, "params": {"Bgrad": 9.090387031338146, "d1": -2.9188382348249693, "d2": 0.567680124913962, "d3": -2.51996205912377, "d4": -1.5884652244515265, "p1": 3.3039485416751226, "p2": 10.924969351254527, "p3": 43.471581500145184, "p4": 22.385896978468285, "pol1": -0.6052358245505405, "pol2": 0.4306312778448824, "pol3": -0.7762137872142378, "pol4": -0.9205537753904462, "v0s": 5.243032426634668}, "datetime": {"datetime": "2022-04-08 20:18:36", "elapsed": 11845.157905, "delta": 12.585351}}
{"target": 2.362303508277315, "params": {"Bgrad": 16.628348203433887, "d1": -0.5817855198925983, "d2": -1.1423960952265504, "d3": -0.5539271786922173, "d4": -2.6129406028837643, "p1": 11.995461227688315, "p2": 7.140789226865751, "p3": 33.87590469202075, "p4": 27.223083267762547, "pol1": -0.8400733832555609, "pol2": 0.9994269897055745, "pol3": -0.3909930527006735, "pol4": 0.542709876808555, "v0s": 2.362303508277315}, "datetime": {"datetime": "2022-04-08 20:18:49", "elapsed": 11857.917789, "delta": 12.759884}}
{"target": -1.0, "params": {"Bgrad": 6.73976272899523, "d1": -2.8508492523115034, "d2": -2.4751675696433226, "d3": -2.3379764883550536, "d4": -1.0940553943595108, "p1": 5.566304117242494, "p2": 4.774483488370141, "p3": 35.895379227874855, "p4": 24.828328164345102, "pol1": 0.7792686149743586, "pol2": -0.790805708177476, "pol3": -0.7563581510493371, "pol4": -0.14307150834600169, "v0s": 3.131784524417758}, "datetime": {"datetime": "2022-04-08 20:19:05", "elapsed": 11873.575924, "delta": 15.658135}}
{"target": 4.515016728784805, "params": {"Bgrad": 10.618514721639565, "d1": -0.2860722066658572, "d2": 0.6030887220189185, "d3": -0.8877429836107495, "d4": -2.4735000151683275, "p1": 10.865419637199935, "p2": 6.331010657451419, "p3": 35.600866306158835, "p4": 28.6038608012236, "pol1": -0.2630769977594021, "pol2": 0.928774953056458, "pol3": 0.8549135148916103, "pol4": 0.09748800036832028, "v0s": 4.515016728784805}, "datetime": {"datetime": "2022-04-08 20:19:25", "elapsed": 11893.356039, "delta": 19.780115}}
{"target": 4.765376149364969, "params": {"Bgrad": 8.91043834917491, "d1": -1.6704924083878694, "d2": -0.08600622815960104, "d3": -1.7737360591470877, "d4": -2.3492074174292052, "p1": 10.75869240594793, "p2": 6.0788403768834325, "p3": 37.341128723649206, "p4": 28.53232269578457, "pol1": -0.25909294841910263, "pol2": 0.7240281953863076, "pol3": 0.4009012742848603, "pol4": 0.14078536701448957, "v0s": 4.765376149364969}, "datetime": {"datetime": "2022-04-08 20:19:36", "elapsed": 11904.932088, "delta": 11.576049}}
{"target": 3.177546316636273, "params": {"Bgrad": 4.3424673848353486, "d1": -2.475209141283079, "d2": 0.7298945719186376, "d3": -2.4797863361556147, "d4": -1.248112184612507, "p1": 7.842489988903544, "p2": 8.205605573647713, "p3": 43.5446382106423, "p4": 23.87304633500501, "pol1": 0.2415919322206448, "pol2": 0.4129112017385046, "pol3": -0.7105380307158218, "pol4": 0.10480094000149265, "v0s": 3.177546316636273}, "datetime": {"datetime": "2022-04-08 20:19:43", "elapsed": 11911.881508, "delta": 6.94942}}
{"target": 2.3829153756516694, "params": {"Bgrad": 9.093589184621736, "d1": -1.5774618086987706, "d2": -0.17722963144853265, "d3": -2.937706976031181, "d4": -1.5878234350192644, "p1": 25.425181277870745, "p2": 31.54487701739096, "p3": 0.7472736630702692, "p4": 30.5316407720832, "pol1": -0.1975114260280013, "pol2": -0.7257361575160313, "pol3": -0.7979170808083631, "pol4": 0.8824984498268091, "v0s": 2.3829153756516694}, "datetime": {"datetime": "2022-04-08 20:19:50", "elapsed": 11919.082255, "delta": 7.200747}}
{"target": -1.0, "params": {"Bgrad": 5.9089454496974465, "d1": -2.5183752907902353, "d2": -0.7778237231412617, "d3": -2.2565998295417815, "d4": -2.6520675405031175, "p1": 8.606910216350173, "p2": 7.796418083712164, "p3": 38.332364696316255, "p4": 29.33170467858895, "pol1": -0.9328725387309988, "pol2": 0.467322104237744, "pol3": 0.6634596330490676, "pol4": 0.931723777846271, "v0s": 6.295726490824526}, "datetime": {"datetime": "2022-04-08 20:20:01", "elapsed": 11929.283979, "delta": 10.201724}}
{"target": 2.56221575213244, "params": {"Bgrad": 8.025558597682458, "d1": -2.6471033028682585, "d2": 0.6878585292234338, "d3": -0.9045197362735466, "d4": 0.35808153259486586, "p1": 2.484837039892235, "p2": 6.658287345432629, "p3": 35.76689501732494, "p4": 23.739931433516322, "pol1": 0.22382514558142796, "pol2": 0.9171387154908017, "pol3": -0.5404293581229522, "pol4": 0.6223787930669611, "v0s": 2.56221575213244}, "datetime": {"datetime": "2022-04-08 20:20:12", "elapsed": 11940.856039, "delta": 11.57206}}
{"target": 2.564460573751308, "params": {"Bgrad": 7.300131108366798, "d1": -1.4739615981628686, "d2": 0.9314160366942579, "d3": -1.552635382237105, "d4": -2.235711832999759, "p1": 9.89716931115851, "p2": 3.7273828560370315, "p3": 35.74372349051991, "p4": 23.99137109831481, "pol1": -0.16865964955319068, "pol2": 0.8787560119392779, "pol3": 0.39814688174105495, "pol4": -0.7977359991688626, "v0s": 2.564460573751308}, "datetime": {"datetime": "2022-04-08 20:20:22", "elapsed": 11951.006899, "delta": 10.15086}}
{"target": 2.7727133052809787, "params": {"Bgrad": 14.285887645584316, "d1": -1.2298666685787758, "d2": 0.7146779861638476, "d3": -1.8168820057921788, "d4": -1.1943803863307592, "p1": 27.158698938337945, "p2": 38.67487652757695, "p3": 24.248264555819055, "p4": 6.481993501333333, "pol1": -0.43817732798899234, "pol2": -0.12620990426952525, "pol3": 0.32700359019127445, "pol4": 0.27514924128810364, "v0s": 2.7727133052809787}, "datetime": {"datetime": "2022-04-08 20:20:35", "elapsed": 11964.062992, "delta": 13.056093}}
