{"target": 4.989975267499134, "params": {"Bgrad": 1.8984577778164822, "d1": -2.123235664019705, "d2": 0.35467623566098405, "d3": -0.3986317838618061, "d4": -2.822579090077881, "p1": 1.2396170386138106, "p2": 32.780981236038734, "p3": 26.79032026288743, "p4": 37.11058031594128, "pol1": -0.2538514322757688, "pol2": -0.7597545998751123, "pol3": -0.8515317884819538, "pol4": 0.19859238043100547, "v0s": 4.989975267499134}, "datetime": {"datetime": "2022-05-16 23:59:19", "elapsed": 15374.646205, "delta": 9.770867}}
{"target": -1.0, "params": {"Bgrad": 0.6194111436775259, "d1": -0.16676590871197794, "d2": 0.9119440694256715, "d3": -0.27864988018131553, "d4": -2.7995439641671958, "p1": 4.315849178747161, "p2": 37.18023720647233, "p3": 46.824589001928885, "p4": 32.992747350852696, "pol1": -0.5347635484369058, "pol2": -0.5927852524914172, "pol3": -0.388542876328281, "pol4": -0.6746874919250918, "v0s": 4.617710586652354}, "datetime": {"datetime": "2022-05-16 23:59:31", "elapsed": 15386.641123, "delta": 11.994918}}
{"target": 4.400375641297978, "params": {"Bgrad": 0.7418543377898087, "d1": -1.7955353619061245, "d2": 1.0, "d3": -1.3630985391965034, "d4": -2.431854722742435, "p1": 40.245755625537335, "p2": 19.442802311697545, "p3": 15.486473548565181, "p4": 13.866672548345742, "pol1": 1.0, "pol2": 1.0, "pol3": -0.6673116458538694, "pol4": -0.03645977222090643, "v0s": 4.400375641297978}, "datetime": {"datetime": "2022-05-16 23:59:40", "elapsed": 15395.313926, "delta": 8.672803}}
{"target": 4.148382898921078, "params": {"Bgrad": 1.1870803898987554, "d1": -2.5436575150177063, "d2": -1.4661621182847773, "d3": -2.8457609057498536, "d4": 0.05747251472292625, "p1": 19.947278335946656, "p2": 16.966156534733894, "p3": 28.735178428712064, "p4": 47.00539493471088, "pol1": -0.8592197560864858, "pol2": 0.9773421247762453, "pol3": -0.654678608448316, "pol4": -0.39789929232008836, "v0s": 4.148382898921078}, "datetime": {"datetime": "2022-05-16 23:59:53", "elapsed": 15408.912555, "delta": 13.598629}}
{"target": 3.1963801063527386, "params": {"Bgrad": 1.8651145682093455, "d1": -0.8584033324998703, "d2": -0.24479462818759412, "d3": -0.7189169750702429, "d4": -0.34959973698513513, "p1": 0.7087937981501924, "p2": 35.46245274960233, "p3": 25.005588483569085, "p4": 38.61012562727658, "pol1": 0.6438649975949491, "pol2": -0.9045372028450382, "pol3": -0.5188379108510486, "pol4": 0.5796456808563002, "v0s": 3.1963801063527386}, "datetime": {"datetime": "2022-05-17 00:00:03", "elapsed": 15418.413145, "delta": 9.50059}}
{"target": -1.0, "params": {"Bgrad": 1.3262894198727746, "d1": -2.9160820684234254, "d2": -1.499066613821888, "d3": -2.5343822741143045, "d4": 0.8571490169843874, "p1": 1.9913797250871557, "p2": 33.82116614785391, "p3": 28.914189888942982, "p4": 37.94458304638578, "pol1": 0.2551680854084404, "pol2": -0.9146426795790426, "pol3": -0.19852348925054075, "pol4": 0.2493040046731203, "v0s": 3.9140509945279574}, "datetime": {"datetime": "2022-05-17 00:00:36", "elapsed": 15451.942467, "delta": 33.529322}}
{"target": 5.006329642739422, "params": {"Bgrad": 1.7460827575046738, "d1": -1.4883288126357073, "d2": 1.0, "d3": -1.9726888292710425, "d4": -0.6260379107108054, "p1": 3.187310786459982, "p2": 30.77364762210721, "p3": 15.351599679093026, "p4": 11.063366480609833, "pol1": -1.0, "pol2": -1.0, "pol3": 0.23499011588571506, "pol4": 0.49648782504451544, "v0s": 5.006329642739422}, "datetime": {"datetime": "2022-05-17 00:00:50", "elapsed": 15465.269821, "delta": 13.327354}}
{"target": -1.0, "params": {"Bgrad": 1.119855251292198, "d1": -2.513058638307471, "d2": -0.30928505779520776, "d3": -2.021518360118913, "d4": -1.7883520013161505, "p1": 5.126396179507836, "p2": 32.72818709147974, "p3": 28.440300082527294, "p4": 35.70058265024079, "pol1": -0.06391731648175636, "pol2": 0.32505022881658596, "pol3": 0.8733695793680873, "pol4": 0.7809559938585624, "v0s": 2.8641602899736114}, "datetime": {"datetime": "2022-05-17 00:01:05", "elapsed": 15481.070559, "delta": 15.800738}}
{"target": 4.544193377438363, "params": {"Bgrad": 0.9289495000269542, "d1": -2.349999073632955, "d2": 0.9182090087504967, "d3": -1.8229798626897131, "d4": -2.629448628602228, "p1": 4.145888578176645, "p2": 34.45990424367333, "p3": 34.16475332868814, "p4": 36.735521699161175, "pol1": 0.29854703372040603, "pol2": 0.19654334021441466, "pol3": -0.28726794126304184, "pol4": -0.8046165005799041, "v0s": 4.544193377438363}, "datetime": {"datetime": "2022-05-17 00:01:20", "elapsed": 15496.026558, "delta": 14.955999}}
{"target": 3.9869275675311027, "params": {"Bgrad": 0.892784570123277, "d1": -1.7216268696082633, "d2": 0.21415756863886903, "d3": -1.699997877810389, "d4": -2.6289339044342586, "p1": 2.9008562726675957, "p2": 34.28681438151756, "p3": 35.417494922985036, "p4": 39.011633316211224, "pol1": 0.4893709021791406, "pol2": -0.46633181210190977, "pol3": -0.1632339819181421, "pol4": 0.9312409892958569, "v0s": 3.9869275675311027}, "datetime": {"datetime": "2022-05-17 00:01:32", "elapsed": 15508.135172, "delta": 12.108614}}
{"target": 4.527665747472943, "params": {"Bgrad": 0.6132750905374582, "d1": -2.982136373767889, "d2": -3.0, "d3": -2.028886975116559, "d4": -0.9422414432287329, "p1": 5.037802439665242, "p2": 3.4837491852249567, "p3": 39.07330273044137, "p4": 20.39157026683069, "pol1": 0.7831950177087711, "pol2": -0.4869302389680139, "pol3": 0.7026352140049976, "pol4": 0.08196979009011417, "v0s": 4.527665747472943}, "datetime": {"datetime": "2022-05-17 00:01:44", "elapsed": 15520.060277, "delta": 11.925105}}
{"target": 3.747550132004524, "params": {"Bgrad": 1.6768630439090444, "d1": -3.0, "d2": 1.0, "d3": -1.10309188791838, "d4": -2.04064006612223, "p1": 42.90757528680638, "p2": 24.994215381065263, "p3": 17.905651777282795, "p4": 13.718122755125217, "pol1": -0.9854822021042625, "pol2": 1.0, "pol3": 0.37537899869087255, "pol4": 0.7561911967532027, "v0s": 3.747550132004524}, "datetime": {"datetime": "2022-05-17 00:01:58", "elapsed": 15533.922201, "delta": 13.861924}}
{"target": -1.0, "params": {"Bgrad": 1.469574534950259, "d1": -2.143697077053176, "d2": 0.5780149829320052, "d3": 0.6384966535430254, "d4": -2.699170936832383, "p1": 32.006037090924195, "p2": 13.968329326614704, "p3": 36.06031945623142, "p4": 25.467166392121186, "pol1": 0.3656860349142885, "pol2": 0.5482396368422142, "pol3": -0.467206247563243, "pol4": 0.7144848138000395, "v0s": 3.0173123695412123}, "datetime": {"datetime": "2022-05-17 00:02:18", "elapsed": 15553.367193, "delta": 19.444992}}
{"target": 4.676946287473495, "params": {"Bgrad": 0.9758847762628333, "d1": -2.2679172548745905, "d2": 0.911911388418631, "d3": -0.3901226583482509, "d4": -2.743391106442546, "p1": 3.439321475868046, "p2": 34.29371866554566, "p3": 31.410508857399687, "p4": 38.44267711064851, "pol1": 0.3122671443301832, "pol2": -0.26295028943338083, "pol3": -0.9959633338109548, "pol4": 0.27377735391757807, "v0s": 4.676946287473495}, "datetime": {"datetime": "2022-05-17 00:02:31", "elapsed": 15566.250738, "delta": 12.883545}}
{"target": -1.0, "params": {"Bgrad": 1.4330518053762784, "d1": -2.8505561308898604, "d2": -0.34388821700747085, "d3": -2.327320857718064, "d4": -2.181384458855725, "p1": 32.44390721975186, "p2": 10.989098122521252, "p3": 34.253914041562474, "p4": 25.65563245569635, "pol1": 0.11105244086499289, "pol2": 0.6472179954045203, "pol3": -0.8774065144296437, "pol4": -0.6758230051490133, "v0s": 5.424500842137936}, "datetime": {"datetime": "2022-05-17 00:02:49", "elapsed": 15585.030506, "delta": 18.779768}}
{"target": 5.08638010762722, "params": {"Bgrad": 1.2388909991283215, "d1": -3.0, "d2": 0.7828596108658696, "d3": -0.7958820532284565, "d4": -0.9726713472909975, "p1": 36.19699561864985, "p2": 8.519347175135549, "p3": 8.922109657742643, "p4": 30.868529063300414, "pol1": 0.17756585144940928, "pol2": 1.0, "pol3": -1.0, "pol4": 0.9844917835496382, "v0s": 5.08638010762722}, "datetime": {"datetime": "2022-05-17 00:03:02", "elapsed": 15597.900085, "delta": 12.869579}}
{"target": -1.0, "params": {"Bgrad": 0.986680622587264, "d1": 0.42714461925509495, "d2": -0.7938225187246757, "d3": -0.3554093900100477, "d4": -0.32388090060601593, "p1": 43.812394850032696, "p2": 28.125797260421564, "p3": 21.1693493813711, "p4": 31.774648276333274, "pol1": 0.13190798826683792, "pol2": 0.7163810923797644, "pol3": 0.8687438404616488, "pol4": 0.9385602311078989, "v0s": 4.351327270381655}, "datetime": {"datetime": "2022-05-17 00:03:18", "elapsed": 15614.024956, "delta": 16.124871}}
{"target": -1.0, "params": {"Bgrad": 1.6021881855508993, "d1": -2.833080310888264, "d2": 0.14775930932269654, "d3": -0.10101653405504551, "d4": -1.814286813694939, "p1": 31.436723061310783, "p2": 13.169211131778452, "p3": 34.68724265280223, "p4": 24.584168564462445, "pol1": 0.6027992522510239, "pol2": 0.9029174680954641, "pol3": 0.8064184376675436, "pol4": 0.6675487769016015, "v0s": 5.116945181903867}, "datetime": {"datetime": "2022-05-17 00:03:42", "elapsed": 15637.414398, "delta": 23.389442}}
{"target": -1.0, "params": {"Bgrad": 1.7096321676985404, "d1": -1.9525927588251193, "d2": -0.2687907648858747, "d3": -2.31615218068719, "d4": 0.7916830798356287, "p1": 29.1850389332857, "p2": 13.292426526518225, "p3": 34.12894310184807, "p4": 26.05392377236014, "pol1": 0.4633552010400681, "pol2": -0.11941639008563998, "pol3": 0.9146746223451376, "pol4": 0.9115716525938449, "v0s": 2.4938125128759263}, "datetime": {"datetime": "2022-05-17 00:05:07", "elapsed": 15722.863853, "delta": 85.449455}}
{"target": -1.0, "params": {"Bgrad": 0.8887633873342922, "d1": -0.3810499367952995, "d2": 0.7353847362518531, "d3": -2.2572137157203915, "d4": 0.6245304148802542, "p1": 2.909071431853416, "p2": 33.208428225870904, "p3": 31.705722338773047, "p4": 38.93551227727373, "pol1": 0.6467051821964351, "pol2": 0.8387404064275978, "pol3": -0.3012592257708049, "pol4": -0.3930757153236899, "v0s": 3.213759774011249}, "datetime": {"datetime": "2022-05-17 00:05:22", "elapsed": 15737.39399, "delta": 14.530137}}
{"target": 3.3013655137294973, "params": {"Bgrad": 1.705021988993406, "d1": -1.8926446527982583, "d2": -0.6535319703157332, "d3": -2.866582534588967, "d4": -1.4818250830968718, "p1": 9.318487635328626, "p2": 25.48172768510173, "p3": 43.24284731240694, "p4": 23.57585526056429, "pol1": -0.2771021861974512, "pol2": -0.21824120803447777, "pol3": -0.9336917223607208, "pol4": -0.5963930550599219, "v0s": 3.3013655137294973}, "datetime": {"datetime": "2022-05-17 00:05:36", "elapsed": 15751.778517, "delta": 14.384527}}
{"target": 4.717019220445956, "params": {"Bgrad": 1.1129794069446237, "d1": -0.37562540525593224, "d2": 0.8745337031964802, "d3": -2.30813749796546, "d4": -0.9392404860385946, "p1": 5.136753983097014, "p2": 33.38445079469582, "p3": 30.903793244669075, "p4": 37.554729907862885, "pol1": -0.18473770402888223, "pol2": -0.03559994436753566, "pol3": -0.9687235251958217, "pol4": 0.13911309015678097, "v0s": 4.717019220445956}, "datetime": {"datetime": "2022-05-17 00:05:49", "elapsed": 15764.471568, "delta": 12.693051}}
{"target": 4.656283418403154, "params": {"Bgrad": 1.3049604949915445, "d1": -1.778221682568067, "d2": 1.0, "d3": -1.0778611303413155, "d4": -2.7381639200612486, "p1": 2.614645376324672, "p2": 33.994342585345535, "p3": 30.756242875672786, "p4": 37.854576469780135, "pol1": -0.23042308736516942, "pol2": -0.12479663089045248, "pol3": 0.25998220374143094, "pol4": -0.48603826839442077, "v0s": 4.656283418403154}, "datetime": {"datetime": "2022-05-17 00:06:02", "elapsed": 15778.030303, "delta": 13.558735}}
{"target": 2.6727853759460327, "params": {"Bgrad": 1.1188535743707881, "d1": 0.8805738319640297, "d2": -2.48519403122473, "d3": -2.900440969472709, "d4": -0.6573203278977902, "p1": 30.450805925994896, "p2": 6.517442454230404, "p3": 38.80639520084107, "p4": 33.55178847498244, "pol1": 0.7760750692729179, "pol2": -0.24634309720743985, "pol3": 0.8429757467680077, "pol4": 0.9987633048850826, "v0s": 2.6727853759460327}, "datetime": {"datetime": "2022-05-17 00:06:16", "elapsed": 15791.546154, "delta": 13.515851}}
{"target": -1.0, "params": {"Bgrad": 1.8636191172347947, "d1": -0.17508708616264368, "d2": 0.9344766189090268, "d3": -2.821636699821544, "d4": 0.7934059884076672, "p1": 2.9701153227335686, "p2": 34.47371154810669, "p3": 27.411882768376582, "p4": 39.69132393505157, "pol1": 0.006685637578044634, "pol2": -0.9384486142730024, "pol3": 0.25313601093327565, "pol4": 0.01813454532257963, "v0s": 6.369495637161501}, "datetime": {"datetime": "2022-05-17 00:06:35", "elapsed": 15810.246138, "delta": 18.699984}}
{"target": 4.874922700156357, "params": {"Bgrad": 1.8091434293345259, "d1": -2.2579314809457696, "d2": 0.5300003022142752, "d3": -0.8763193704251719, "d4": -2.0061804176560503, "p1": 1.882808513092194, "p2": 32.93012801726695, "p3": 28.784376020426976, "p4": 37.470301830201706, "pol1": -0.24145156979812082, "pol2": -0.16399302186648695, "pol3": -0.2981542732343724, "pol4": -0.20631693634370318, "v0s": 4.874922700156357}, "datetime": {"datetime": "2022-05-17 00:06:47", "elapsed": 15822.520309, "delta": 12.274171}}
{"target": 4.818257139651169, "params": {"Bgrad": 1.066574295405707, "d1": -1.8995575644767868, "d2": 0.9480406307103758, "d3": -1.6976494100177302, "d4": -2.4228214429841155, "p1": 4.5016455931464465, "p2": 33.804023663078866, "p3": 32.17144680760599, "p4": 37.45666164830784, "pol1": 0.010291627048615087, "pol2": -0.20512411246609144, "pol3": -0.5909622676655918, "pol4": 0.48391007556123167, "v0s": 4.818257139651169}, "datetime": {"datetime": "2022-05-17 00:06:59", "elapsed": 15835.140555, "delta": 12.620246}}
{"target": 5.064626775030847, "params": {"Bgrad": 0.8984240724159707, "d1": -2.013637704862336, "d2": 0.328443003024522, "d3": -1.399458501398004, "d4": -2.9395310985908023, "p1": 4.21201475257742, "p2": 35.084471954850606, "p3": 28.857435541847714, "p4": 35.942508116594894, "pol1": 0.7104375422069673, "pol2": -0.9939049908578075, "pol3": -0.8973406416668723, "pol4": -0.26221061765762976, "v0s": 5.064626775030847}, "datetime": {"datetime": "2022-05-17 00:07:10", "elapsed": 15845.425048, "delta": 10.284493}}
{"target": 4.026421573400635, "params": {"Bgrad": 1.385649527827369, "d1": -1.9992278750319783, "d2": 1.0, "d3": -1.1987832562959844, "d4": -2.937077609005613, "p1": 44.89034649938436, "p2": 18.99273349350717, "p3": 25.82101262124017, "p4": 12.651654682812467, "pol1": 0.5676350602400994, "pol2": -0.4005940165705805, "pol3": -0.5887309126086506, "pol4": 0.40236319258862874, "v0s": 4.026421573400635}, "datetime": {"datetime": "2022-05-17 00:07:25", "elapsed": 15860.534635, "delta": 15.109587}}
{"target": -1.0, "params": {"Bgrad": 1.5714330623243753, "d1": -2.504293208357582, "d2": 0.5888959598177319, "d3": -2.007103039681728, "d4": 0.9031789917529061, "p1": 7.7798514522056, "p2": 33.062961730943705, "p3": 30.461018543455815, "p4": 36.953607321712255, "pol1": -0.66889723529395, "pol2": -0.6118856357561677, "pol3": -0.2782585131484947, "pol4": 0.9401179179751649, "v0s": 3.948285021497006}, "datetime": {"datetime": "2022-05-17 00:07:45", "elapsed": 15880.841322, "delta": 20.306687}}
{"target": -1.0, "params": {"Bgrad": 1.809550078798488, "d1": 0.10655045425612508, "d2": 0.6530221420227127, "d3": 0.326804488076486, "d4": -0.0016975715935698688, "p1": 38.6374183518045, "p2": 10.668449776023841, "p3": 10.766803947992187, "p4": 29.61704386416237, "pol1": 0.9831677351777204, "pol2": 0.415414363677443, "pol3": -0.5866506311884616, "pol4": -0.006680537139441611, "v0s": 4.553313307407778}, "datetime": {"datetime": "2022-05-17 00:08:03", "elapsed": 15899.146363, "delta": 18.305041}}
{"target": 5.500029514316606, "params": {"Bgrad": 1.5981742513949302, "d1": -2.865886989563893, "d2": 0.7609640106505761, "d3": -1.5329647576885284, "d4": -0.03527682147639162, "p1": 35.933426895534694, "p2": 8.711845000538293, "p3": 8.135577573842166, "p4": 30.791658920641478, "pol1": -0.23220373582718745, "pol2": 1.0, "pol3": -1.0, "pol4": 0.5521704110938067, "v0s": 5.500029514316606}, "datetime": {"datetime": "2022-05-17 00:08:22", "elapsed": 15917.571084, "delta": 18.424721}}
{"target": 4.230148234758038, "params": {"Bgrad": 0.7052900265337003, "d1": -1.6056150326707348, "d2": 0.629868508970949, "d3": -0.7770157672719633, "d4": -1.3042325319560635, "p1": 5.335267204663086, "p2": 32.357614050341475, "p3": 30.316690857036647, "p4": 37.333581596049825, "pol1": 0.8103611707542326, "pol2": -0.7809016465436234, "pol3": 0.5107743452293245, "pol4": -0.9068962150498137, "v0s": 4.230148234758038}, "datetime": {"datetime": "2022-05-17 00:08:34", "elapsed": 15929.602904, "delta": 12.03182}}
{"target": 5.032803137749847, "params": {"Bgrad": 2.0, "d1": -3.0, "d2": 1.0, "d3": -0.5211021317394217, "d4": -2.1447988854757565, "p1": 29.810568144787034, "p2": 13.246788396282215, "p3": 38.211038917087116, "p4": 27.17218583012949, "pol1": 1.0, "pol2": -0.49155591052296477, "pol3": -1.0, "pol4": 0.2952621694671784, "v0s": 5.032803137749847}, "datetime": {"datetime": "2022-05-17 00:08:51", "elapsed": 15946.463807, "delta": 16.860903}}
{"target": -1.0, "params": {"Bgrad": 0.8376435519687997, "d1": 0.3161695300250642, "d2": -1.25876299315533, "d3": -1.0081635264382038, "d4": -2.6628022345073634, "p1": 27.856220895603617, "p2": 7.870751524190666, "p3": 38.52332704233148, "p4": 27.755852556149698, "pol1": 0.4165324638250949, "pol2": 0.969788177661371, "pol3": 0.6546544863964754, "pol4": -0.30327019526883947, "v0s": 2.5070825551163534}, "datetime": {"datetime": "2022-05-17 00:09:04", "elapsed": 15960.077396, "delta": 13.613589}}
{"target": 4.6369350988487765, "params": {"Bgrad": 2.0, "d1": -2.382323621587809, "d2": 1.0, "d3": -0.3787195645423043, "d4": -1.6656928198122884, "p1": 29.606834711768233, "p2": 12.30523631410828, "p3": 37.6458999456364, "p4": 27.419004406554308, "pol1": 1.0, "pol2": -0.8038750226885321, "pol3": -1.0, "pol4": -0.9729064950477013, "v0s": 4.6369350988487765}, "datetime": {"datetime": "2022-05-17 00:09:17", "elapsed": 15972.254826, "delta": 12.17743}}
{"target": 2.8538625110196456, "params": {"Bgrad": 1.6703905396437686, "d1": -1.7230564780607152, "d2": 0.9676985937323281, "d3": -2.9263289496926532, "d4": -2.0136372607354827, "p1": 42.301450725930806, "p2": 23.101689239425692, "p3": 16.470753337673777, "p4": 12.886663599747145, "pol1": 0.31118890253815845, "pol2": -0.40149474411358876, "pol3": 0.34410681303019697, "pol4": -0.7681936844243742, "v0s": 2.8538625110196456}, "datetime": {"datetime": "2022-05-17 00:09:28", "elapsed": 15983.657328, "delta": 11.402502}}
{"target": 4.852066237238471, "params": {"Bgrad": 1.9110581878630364, "d1": -1.7743588897989941, "d2": 0.6513557688692698, "d3": -2.293836954704143, "d4": -2.450426156615017, "p1": 28.885122744418418, "p2": 29.170075214806516, "p3": 7.634674687037178, "p4": 44.62687990050757, "pol1": 1.0, "pol2": -1.0, "pol3": 0.8756684009022946, "pol4": 1.0, "v0s": 4.852066237238471}, "datetime": {"datetime": "2022-05-17 00:09:42", "elapsed": 15997.893252, "delta": 14.235924}}
{"target": 5.145541722139066, "params": {"Bgrad": 0.9352290160459598, "d1": -1.3907953525343162, "d2": 0.5451610816180175, "d3": -1.6638253666774134, "d4": -1.145558161506997, "p1": 3.246910875526182, "p2": 39.41820879182659, "p3": 40.31290438282455, "p4": 32.04424657987034, "pol1": -0.294210488252751, "pol2": -0.21797565903582794, "pol3": -0.2213270462567607, "pol4": -0.15774771176698588, "v0s": 5.145541722139066}, "datetime": {"datetime": "2022-05-17 00:09:55", "elapsed": 16011.030116, "delta": 13.136864}}
{"target": 4.711759649131313, "params": {"Bgrad": 1.573617549096571, "d1": -2.4363857947105783, "d2": -3.0, "d3": -2.5378098539193754, "d4": -0.7531418008927144, "p1": 6.055782243699999, "p2": 3.2079992724087996, "p3": 39.59726598768982, "p4": 20.902884717178804, "pol1": 0.670737293945426, "pol2": 0.24794901132933678, "pol3": 0.5306115697219841, "pol4": -0.49271973143310027, "v0s": 4.711759649131313}, "datetime": {"datetime": "2022-05-17 00:10:10", "elapsed": 16026.05892, "delta": 15.028804}}
{"target": 3.1161954500940565, "params": {"Bgrad": 1.4336472863743004, "d1": -1.5150355833341234, "d2": 0.4454397635469274, "d3": -1.2993925340057277, "d4": -2.792569422108692, "p1": 6.945340292334512, "p2": 37.9721575972508, "p3": 40.253780801231464, "p4": 31.31375928179516, "pol1": 0.509242344551672, "pol2": 0.727802141167784, "pol3": -0.14782718912667403, "pol4": 0.6617735978908164, "v0s": 3.1161954500940565}, "datetime": {"datetime": "2022-05-17 00:10:22", "elapsed": 16037.499321, "delta": 11.440401}}
{"target": 5.135250051185267, "params": {"Bgrad": 1.5651957895814603, "d1": -2.9783473417612516, "d2": 0.2565718686519882, "d3": -2.9623078571985713, "d4": -1.955829145576074, "p1": 7.51654606654264, "p2": 31.27298030336334, "p3": 40.465316984235876, "p4": 32.043325294221084, "pol1": 0.5689516591833108, "pol2": 0.5589505720088539, "pol3": -0.574061799763973, "pol4": -0.6850467930701327, "v0s": 5.135250051185267}, "datetime": {"datetime": "2022-05-17 00:10:37", "elapsed": 16052.537101, "delta": 15.03778}}
{"target": 4.48500609952053, "params": {"Bgrad": 0.775198484695168, "d1": -1.9270922133558916, "d2": -0.5957911153340238, "d3": -2.0555719114421254, "d4": 0.48951614126607446, "p1": 1.3395593929745375, "p2": 33.40586097934508, "p3": 31.73688689689603, "p4": 35.387059288114756, "pol1": 0.04791585535311049, "pol2": -0.9901389707179127, "pol3": 0.4752008743577978, "pol4": -0.4103784077277335, "v0s": 4.48500609952053}, "datetime": {"datetime": "2022-05-17 00:10:48", "elapsed": 16063.414009, "delta": 10.876908}}
{"target": 4.78231277362903, "params": {"Bgrad": 2.0, "d1": -3.0, "d2": 1.0, "d3": -0.641337271908913, "d4": -1.9757593777061409, "p1": 43.570167993382135, "p2": 26.025012083482775, "p3": 18.653258053120986, "p4": 13.607422426985055, "pol1": -0.18203281344033437, "pol2": -0.5144550442901016, "pol3": 0.08550574706477856, "pol4": 1.0, "v0s": 4.78231277362903}, "datetime": {"datetime": "2022-05-17 00:11:00", "elapsed": 16075.564511, "delta": 12.150502}}
