{"target": -1.0, "params": {"Bgrad": 0.821701671246039, "d1": 0.7576754836246375, "d2": 0.0018141868932963767, "d3": 0.004359229291224231, "d4": -2.153114660606055, "p1": 41.507826308114964, "p2": 12.004757708060504, "p3": 31.581037262508012, "p4": 35.536978494979316, "pol1": 0.4847668594142034, "pol2": -0.21947059080083808, "pol3": 0.5196507934321948, "pol4": 0.8058718042434199, "v0s": 5.524520115425462}, "datetime": {"datetime": "2022-06-24 04:45:25", "elapsed": 1844.558344, "delta": 5.921254}}
{"target": -1.0, "params": {"Bgrad": 0.6356145735421979, "d1": -2.4840960634308957, "d2": -2.5789498933488524, "d3": -2.30909014670848, "d4": -2.49427643884126, "p1": 38.91504450338138, "p2": 1.9705756092222138, "p3": 12.0779208670432, "p4": 43.95332006792327, "pol1": 0.9470377216725872, "pol2": 0.21084401545409626, "pol3": 0.9524765291207768, "pol4": -0.9130969165700464, "v0s": 7.691436610256045}, "datetime": {"datetime": "2022-06-24 04:45:31", "elapsed": 1850.609278, "delta": 6.050934}}
{"target": -1.0, "params": {"Bgrad": 0.9669441236842506, "d1": 0.19589136144637198, "d2": 0.24251641378760613, "d3": 0.43999436632137945, "d4": -1.1657967563899958, "p1": 46.53221960827242, "p2": 12.894649221351994, "p3": 46.72227462647923, "p4": 30.955981662583028, "pol1": 0.9708898298896611, "pol2": -0.9347122680748152, "pol3": 0.45033331766541673, "pol4": 0.13110847076076215, "v0s": 4.954544284389917}, "datetime": {"datetime": "2022-06-24 04:45:40", "elapsed": 1859.577468, "delta": 8.96819}}
{"target": 2.169455720977476, "params": {"Bgrad": 0.8888271884761054, "d1": -1.6926772605344995, "d2": -2.002151173194449, "d3": -2.122928358699757, "d4": 0.1986433500993554, "p1": 25.11975029491292, "p2": 4.159494434849886, "p3": 38.84920960136902, "p4": 26.682453804186544, "pol1": 0.478775574692764, "pol2": 0.03078738628624267, "pol3": -0.20010815202973653, "pol4": 0.9724935648725901, "v0s": 2.169455720977476}, "datetime": {"datetime": "2022-06-24 04:45:46", "elapsed": 1865.227943, "delta": 5.650475}}
{"target": -1.0, "params": {"Bgrad": 1.8991458619472874, "d1": 0.723419871039872, "d2": -1.4363251539941677, "d3": -2.142140515466721, "d4": -0.5231468082670441, "p1": 8.898616773508472, "p2": 40.160409716400416, "p3": 12.69669279388676, "p4": 14.540307751633897, "pol1": 0.8318315800199141, "pol2": 0.805833666948818, "pol3": 0.07076178346104345, "pol4": 0.7256779611572313, "v0s": 4.115195412830371}, "datetime": {"datetime": "2022-06-24 04:45:56", "elapsed": 1875.823858, "delta": 10.595915}}
{"target": -1.0, "params": {"Bgrad": 1.9968264173373536, "d1": -1.265241042380092, "d2": -1.8207519528060185, "d3": -2.833703064203331, "d4": 0.9588278151469671, "p1": 23.244381545591118, "p2": 36.729250702518534, "p3": 32.04038120229373, "p4": 36.15466998330049, "pol1": -0.8977781923477675, "pol2": 0.8400908108194274, "pol3": 0.853682435804483, "pol4": 0.10399005430839425, "v0s": 7.783495332107306}, "datetime": {"datetime": "2022-06-24 04:46:07", "elapsed": 1887.060558, "delta": 11.2367}}
{"target": -1.0, "params": {"Bgrad": 0.9214333054855512, "d1": -0.5914134914538192, "d2": -1.4141492397895044, "d3": -0.4879070729790871, "d4": -1.7974708459050075, "p1": 40.96791923280101, "p2": 3.4892989252104267, "p3": 2.093878514999814, "p4": 2.4698192316657153, "pol1": -0.6990899432646731, "pol2": -0.2092990524106193, "pol3": 0.9107799785143493, "pol4": -0.7784091206080876, "v0s": 5.885317914898563}, "datetime": {"datetime": "2022-06-24 04:46:17", "elapsed": 1897.080423, "delta": 10.019865}}
{"target": -1.0, "params": {"Bgrad": 1.2914322626845238, "d1": -1.587030376067764, "d2": -2.2072030827192326, "d3": -2.117623672610657, "d4": -2.8247139610914123, "p1": 35.658198657990724, "p2": 32.692009959812744, "p3": 22.18848963623612, "p4": 35.94697440449218, "pol1": -0.7800480551093592, "pol2": 0.8774383467378621, "pol3": 0.6952534184787751, "pol4": 0.3180713193317666, "v0s": 4.272987011970391}, "datetime": {"datetime": "2022-06-24 04:46:28", "elapsed": 1907.158664, "delta": 10.078241}}
{"target": -1.0, "params": {"Bgrad": 1.124850093522121, "d1": -1.0713843113701302, "d2": 0.7411350800272025, "d3": 0.45437181967241047, "d4": -1.0883046031337624, "p1": 27.72592491390835, "p2": 43.77019311396609, "p3": 47.4632216886145, "p4": 31.9592377934123, "pol1": 0.49704064017950733, "pol2": -0.29675018727911473, "pol3": 0.83605663817236, "pol4": 0.6735040997076625, "v0s": 5.312335287348577}, "datetime": {"datetime": "2022-06-24 04:46:40", "elapsed": 1919.624543, "delta": 12.465879}}
{"target": -1.0, "params": {"Bgrad": 1.8014408144227605, "d1": 0.3994875257613293, "d2": 0.23364542642456732, "d3": -2.477228702410448, "d4": -0.8559897007127515, "p1": 45.0391557353458, "p2": 38.541591527691516, "p3": 21.03565995125959, "p4": 48.89401966799829, "pol1": -0.4984536866539955, "pol2": -0.3327795423042046, "pol3": 0.9084010148591779, "pol4": 0.6174306963705793, "v0s": 7.402040027063971}, "datetime": {"datetime": "2022-06-24 04:46:51", "elapsed": 1930.316146, "delta": 10.691603}}
{"target": -1.0, "params": {"Bgrad": 0.5173843841148428, "d1": -1.480942267864021, "d2": -2.057912173560523, "d3": -1.8162597924503547, "d4": -0.04801801438463649, "p1": 36.2042422432037, "p2": 23.089970509953073, "p3": 18.263723060354685, "p4": 29.234580650226288, "pol1": 0.06741550926855266, "pol2": 0.10115911801572408, "pol3": 0.23095414222931554, "pol4": -0.20870345546490232, "v0s": 6.63031089449275}, "datetime": {"datetime": "2022-06-24 04:46:56", "elapsed": 1935.746239, "delta": 5.430093}}
{"target": 2.6330424799840086, "params": {"Bgrad": 0.8768047750240799, "d1": -0.37695692838653594, "d2": 0.8415885928800724, "d3": -2.985780958142296, "d4": -0.10655582242277539, "p1": 5.449751696482186, "p2": 27.18937458319126, "p3": 31.34580083401673, "p4": 12.147356288540056, "pol1": 0.8276877504932163, "pol2": 0.2446250573832356, "pol3": -0.5366106172102802, "pol4": 0.540264375199615, "v0s": 2.6330424799840086}, "datetime": {"datetime": "2022-06-24 04:47:00", "elapsed": 1939.846346, "delta": 4.100107}}
{"target": -1.0, "params": {"Bgrad": 1.3328379777970167, "d1": -2.620175720790034, "d2": -0.676063709299922, "d3": -1.9880795491192464, "d4": -0.40213276818101473, "p1": 35.791347642909, "p2": 26.20928072843306, "p3": 32.8760703851555, "p4": 40.664692266252786, "pol1": 0.6150245432860642, "pol2": 0.23936398410772552, "pol3": -0.09779507575845026, "pol4": -0.1841000219052651, "v0s": 7.2484857194261805}, "datetime": {"datetime": "2022-06-24 04:47:14", "elapsed": 1953.266226, "delta": 13.41988}}
{"target": -1.0, "params": {"Bgrad": 1.554397598171557, "d1": -2.2602599105063934, "d2": -0.7370714134829468, "d3": 0.6352321292002276, "d4": -2.3972400310069153, "p1": 42.27588377653532, "p2": 41.010123315767494, "p3": 24.967055064891724, "p4": 1.87919257428516, "pol1": -0.7049949892061291, "pol2": 0.8452773893773424, "pol3": -0.9116904079362751, "pol4": -0.255002467189281, "v0s": 5.714237808352825}, "datetime": {"datetime": "2022-06-24 04:47:25", "elapsed": 1964.905813, "delta": 11.639587}}
{"target": -1.0, "params": {"Bgrad": 0.795422058371025, "d1": 0.9243190289611891, "d2": -2.3760990678263103, "d3": -0.8412832193549025, "d4": -0.5279547026134215, "p1": 11.549497433485195, "p2": 23.315449460467068, "p3": 24.550426456646463, "p4": 38.3431188163271, "pol1": 0.2685615055477468, "pol2": -0.06489989386932082, "pol3": 0.33388508638795034, "pol4": -0.09324514695560326, "v0s": 5.1542695480484575}, "datetime": {"datetime": "2022-06-24 04:47:31", "elapsed": 1970.154381, "delta": 5.248568}}
{"target": 3.2011163944359327, "params": {"Bgrad": 1.4878520623375429, "d1": -2.2752184721845534, "d2": 0.1521982046892285, "d3": -0.5885386498464107, "d4": 0.921331540549311, "p1": 11.119159676558787, "p2": 23.313323708328674, "p3": 44.78209012997233, "p4": 30.071670484939407, "pol1": 0.45191769169762996, "pol2": -0.17265967159727946, "pol3": 0.36861924366263965, "pol4": 0.8921100596951264, "v0s": 3.2011163944359327}, "datetime": {"datetime": "2022-06-24 04:47:36", "elapsed": 1975.534611, "delta": 5.38023}}
{"target": -1.0, "params": {"Bgrad": 1.7110478958159807, "d1": 0.8781520483995857, "d2": -2.941725072946673, "d3": -2.1391616536222897, "d4": -2.530492318747481, "p1": 38.37117588707266, "p2": 4.060829297136665, "p3": 49.92067792954538, "p4": 19.48060079396526, "pol1": 0.8104055318660808, "pol2": -0.6228447930010643, "pol3": -0.11825560035541827, "pol4": 0.689623638012407, "v0s": 5.571618684039537}, "datetime": {"datetime": "2022-06-24 04:47:46", "elapsed": 1985.729015, "delta": 10.194404}}
{"target": -1.0, "params": {"Bgrad": 1.1932371450370356, "d1": -0.9494010129715296, "d2": -0.7044578924306104, "d3": -1.2387231696576273, "d4": -2.225764169104758, "p1": 5.6982880729593175, "p2": 7.561396368507401, "p3": 2.624548192656695, "p4": 27.933820553181576, "pol1": 0.6954420280720213, "pol2": -0.2817613221517785, "pol3": -0.8493782547283644, "pol4": -0.14855117602976753, "v0s": 5.612047030832008}, "datetime": {"datetime": "2022-06-24 04:47:57", "elapsed": 1996.428583, "delta": 10.699568}}
{"target": -1.0, "params": {"Bgrad": 1.1381051983634562, "d1": 0.24288493442948011, "d2": 0.767544984746821, "d3": 0.4796430930734177, "d4": -0.184002006880446, "p1": 23.514946239108763, "p2": 34.13490214516256, "p3": 0.6709155278264767, "p4": 49.12390592510219, "pol1": -0.6558453363422081, "pol2": 0.8125207919233637, "pol3": 0.6142198033322122, "pol4": 0.6002793687739754, "v0s": 3.6136163467103897}, "datetime": {"datetime": "2022-06-24 04:48:07", "elapsed": 2006.162722, "delta": 9.734139}}
{"target": 3.7084772516787883, "params": {"Bgrad": 0.828730708635887, "d1": -1.284797228343645, "d2": 0.39748440292261966, "d3": -1.198481430113119, "d4": 0.7416804560282473, "p1": 17.6339663625869, "p2": 30.969608284837985, "p3": 49.03495181778901, "p4": 32.173126112040244, "pol1": -0.9090035679187924, "pol2": -0.07288581809657635, "pol3": -0.33049731257267245, "pol4": 0.0643630970433493, "v0s": 3.7084772516787883}, "datetime": {"datetime": "2022-06-24 04:48:12", "elapsed": 2011.203826, "delta": 5.041104}}
{"target": -1.0, "params": {"Bgrad": 0.6833918453450042, "d1": -0.32684404499679287, "d2": -0.27456098043477484, "d3": 0.4685571999963538, "d4": -2.4704740257490503, "p1": 39.93101541390155, "p2": 41.33843692025645, "p3": 32.3274967875576, "p4": 10.246107289031691, "pol1": -0.47715857118832417, "pol2": -0.16300636492164866, "pol3": 0.08359814556546263, "pol4": -0.045124088815565955, "v0s": 4.8047593522722165}, "datetime": {"datetime": "2022-06-24 04:48:19", "elapsed": 2018.286531, "delta": 7.082705}}
{"target": -1.0, "params": {"Bgrad": 1.759761065296501, "d1": 0.48040946123027073, "d2": 0.2670158575070669, "d3": 0.5112056745387985, "d4": -0.7159649522517078, "p1": 48.20180666695409, "p2": 30.32721741252338, "p3": 30.19738705398407, "p4": 15.964886853730942, "pol1": 0.362408368234038, "pol2": -0.896068622989278, "pol3": -0.7309071579761155, "pol4": -0.7395156648544698, "v0s": 5.931207723348415}, "datetime": {"datetime": "2022-06-24 04:48:29", "elapsed": 2028.705823, "delta": 10.419292}}
{"target": -1.0, "params": {"Bgrad": 0.7629988876570075, "d1": -1.6354127069938111, "d2": -2.8227533766675816, "d3": -2.0650625595339576, "d4": 0.8568972993971764, "p1": 25.456970125818383, "p2": 7.553725923571597, "p3": 26.150426586723214, "p4": 47.17546919555404, "pol1": 0.7313720280126681, "pol2": -0.21586826213922627, "pol3": -0.4322649680531947, "pol4": 0.5234597253854836, "v0s": 3.4429059488185265}, "datetime": {"datetime": "2022-06-24 04:48:35", "elapsed": 2034.117975, "delta": 5.412152}}
{"target": -1.0, "params": {"Bgrad": 0.8813485319860286, "d1": -2.663654583280282, "d2": 0.4565763790561075, "d3": -1.2084043375188807, "d4": -0.7528549575601056, "p1": 36.835547884676, "p2": 39.82444335655978, "p3": 22.375406949515693, "p4": 9.206377808789917, "pol1": 0.6574657030566036, "pol2": -0.9380040803434884, "pol3": 0.8934565392159048, "pol4": 0.15395569295500322, "v0s": 7.252332430704122}, "datetime": {"datetime": "2022-06-24 04:48:44", "elapsed": 2043.137489, "delta": 9.019514}}
{"target": 3.191889586523369, "params": {"Bgrad": 1.412848155460338, "d1": -1.9933616633907052, "d2": -1.8154803060163824, "d3": -0.8683097638733872, "d4": 0.848312851388374, "p1": 9.224780224508883, "p2": 25.49491890715545, "p3": 17.18940517184222, "p4": 38.48626724785929, "pol1": 0.605732972864848, "pol2": -0.15088017939556675, "pol3": -0.5917550000113283, "pol4": -0.8658210793422894, "v0s": 3.191889586523369}, "datetime": {"datetime": "2022-06-24 04:48:52", "elapsed": 2051.729673, "delta": 8.592184}}
{"target": -1.0, "params": {"Bgrad": 0.9086012751940733, "d1": -0.6048443283631584, "d2": 0.4923339890977423, "d3": -2.4870762446180548, "d4": 0.832754966859584, "p1": 34.15854219270732, "p2": 37.09821178391901, "p3": 49.14403929604953, "p4": 20.805038630907102, "pol1": 0.06316693179180355, "pol2": 0.3584259003914372, "pol3": 0.02575028517998268, "pol4": -0.40177531067832883, "v0s": 2.632308036380236}, "datetime": {"datetime": "2022-06-24 04:49:06", "elapsed": 2065.745427, "delta": 14.015754}}
{"target": -1.0, "params": {"Bgrad": 0.9273982185832171, "d1": 0.07541139315103162, "d2": -0.4368691821926154, "d3": 0.2053228128127702, "d4": -0.9315178721182935, "p1": 11.605001092316753, "p2": 31.398096349095134, "p3": 15.200274501115157, "p4": 1.4764372471010478, "pol1": 0.8066623536337512, "pol2": -0.15926086239442983, "pol3": -0.1477384391505756, "pol4": 0.4825034706637181, "v0s": 7.690750425834762}, "datetime": {"datetime": "2022-06-24 04:49:14", "elapsed": 2073.592074, "delta": 7.846647}}
{"target": -1.0, "params": {"Bgrad": 0.608773292068195, "d1": -2.3091956474709003, "d2": -1.7105700434691573, "d3": -2.006303014679204, "d4": -1.0180200745552281, "p1": 41.222980539884176, "p2": 42.6986207471088, "p3": 29.79149710293508, "p4": 12.008686691553333, "pol1": -0.6270146234546294, "pol2": 0.48678102480407803, "pol3": -0.5255718847129047, "pol4": 0.07898178185309934, "v0s": 6.495684722763151}, "datetime": {"datetime": "2022-06-24 04:49:19", "elapsed": 2079.048101, "delta": 5.456027}}
{"target": -1.0, "params": {"Bgrad": 0.8423736569230789, "d1": -2.301995249709024, "d2": -2.841057253696595, "d3": -2.40972464920021, "d4": 0.40575562778796304, "p1": 5.2317955872479285, "p2": 11.18225227636589, "p3": 1.6378599872988564, "p4": 33.81783177256393, "pol1": -0.5365937170705608, "pol2": -0.17281656439647142, "pol3": -0.7213976573525465, "pol4": -0.24556542477698695, "v0s": 4.546624797437692}, "datetime": {"datetime": "2022-06-24 04:49:27", "elapsed": 2086.392587, "delta": 7.344486}}
{"target": -1.0, "params": {"Bgrad": 1.2094474277900196, "d1": -1.3086327478455475, "d2": -2.5889737445033427, "d3": 0.090321066526176, "d4": -2.4511759860403544, "p1": 21.2146187162906, "p2": 13.597805622638976, "p3": 15.050397153995315, "p4": 33.621038629321625, "pol1": 0.03557344762682901, "pol2": -0.6198258990401189, "pol3": -0.06173112033324579, "pol4": -0.32091826240739296, "v0s": 6.226983189488756}, "datetime": {"datetime": "2022-06-24 04:49:38", "elapsed": 2097.820244, "delta": 11.427657}}
{"target": -1.0, "params": {"Bgrad": 0.8391428036488235, "d1": 0.37995254943338086, "d2": -0.8950813404334785, "d3": -0.9975217083076435, "d4": -1.9852567724492793, "p1": 9.307783486833198, "p2": 23.59095313687984, "p3": 49.091220891262864, "p4": 6.645311883091354, "pol1": -0.43307513514388574, "pol2": 0.6012823485669121, "pol3": 0.3295537970215099, "pol4": -0.4424831826131259, "v0s": 3.887885640650671}, "datetime": {"datetime": "2022-06-24 04:49:44", "elapsed": 2103.590917, "delta": 5.770673}}
{"target": -1.0, "params": {"Bgrad": 1.1299223816028936, "d1": -0.5888529510308156, "d2": -0.12264493111569807, "d3": 0.42920133380492276, "d4": -0.2755541181663612, "p1": 11.849103223584917, "p2": 46.286026766813, "p3": 39.059770033788304, "p4": 15.369074021392215, "pol1": -0.3900687167158736, "pol2": 0.7623366368578093, "pol3": -0.747843039205603, "pol4": 0.26692166847145127, "v0s": 3.666276394840545}, "datetime": {"datetime": "2022-06-24 04:49:53", "elapsed": 2112.890715, "delta": 9.299798}}
{"target": 2.994376450383714, "params": {"Bgrad": 1.1120951833932184, "d1": 0.157301634697794, "d2": -1.2246916314672933, "d3": -1.442405598599176, "d4": -1.7861308586355455, "p1": 45.334879240551956, "p2": 19.862330765642422, "p3": 24.283929520995, "p4": 12.280752044332752, "pol1": 0.9994642924849838, "pol2": -0.48917099850280216, "pol3": -0.32566064931331634, "pol4": 0.551006675412634, "v0s": 2.994376450383714}, "datetime": {"datetime": "2022-06-24 04:49:58", "elapsed": 2117.505463, "delta": 4.614748}}
{"target": -1.0, "params": {"Bgrad": 1.4599145266962963, "d1": -2.876716528306848, "d2": 0.7821031408417851, "d3": -0.2498807435482493, "d4": 0.18743770265878368, "p1": 4.922548215798939, "p2": 11.313125195838774, "p3": 36.31711838408648, "p4": 30.127126931871363, "pol1": -0.7303091498131382, "pol2": -0.4380730547175784, "pol3": -0.9082415942253141, "pol4": 0.42221997402099265, "v0s": 2.251285411293529}, "datetime": {"datetime": "2022-06-24 04:50:09", "elapsed": 2128.204603, "delta": 10.69914}}
{"target": -1.0, "params": {"Bgrad": 1.0588654712588232, "d1": -1.3185237665842258, "d2": -1.1542267710996028, "d3": -0.8253779900020963, "d4": -1.9518789075266052, "p1": 33.531999508762205, "p2": 9.655623690321047, "p3": 6.012279295206802, "p4": 27.357349933621972, "pol1": 0.13774541579282618, "pol2": -0.21352666363746908, "pol3": -0.1362723156095551, "pol4": 0.16897799310010297, "v0s": 4.159430022625384}, "datetime": {"datetime": "2022-06-24 04:50:21", "elapsed": 2140.098041, "delta": 11.893438}}
{"target": 3.145627967503297, "params": {"Bgrad": 0.9138036937179417, "d1": -2.0757597114468203, "d2": -1.8137835609363004, "d3": -2.5725418163307863, "d4": -0.16818658010324797, "p1": 10.729969241565197, "p2": 3.534445410460223, "p3": 32.99513040098984, "p4": 22.002840635759686, "pol1": -0.03685264300474254, "pol2": -0.03850247488157926, "pol3": 0.571855255055111, "pol4": -0.298505432802628, "v0s": 3.145627967503297}, "datetime": {"datetime": "2022-06-24 04:50:27", "elapsed": 2146.736436, "delta": 6.638395}}
{"target": -1.0, "params": {"Bgrad": 1.609739069132794, "d1": -1.895937128624984, "d2": -0.0870892036037536, "d3": -1.1393950779430377, "d4": -0.7210128319364812, "p1": 1.1154978468712473, "p2": 31.546983758862225, "p3": 18.092262295531135, "p4": 11.448552637535524, "pol1": -0.13406240374420642, "pol2": -0.2218681166606925, "pol3": -0.030028386551474672, "pol4": 0.7145840668238084, "v0s": 4.439465720109375}, "datetime": {"datetime": "2022-06-24 04:50:39", "elapsed": 2158.215439, "delta": 11.479003}}
{"target": 4.221057780167417, "params": {"Bgrad": 0.9980217407608067, "d1": -0.6330845020261116, "d2": 0.7448323984594922, "d3": -0.05430807121055281, "d4": -0.34291970983602305, "p1": 5.25394811157005, "p2": 11.922379718743665, "p3": 35.78901169893658, "p4": 26.7072897723304, "pol1": 0.8321268659027883, "pol2": -0.0924880965977688, "pol3": -0.6553141597932743, "pol4": -0.8412397232604838, "v0s": 4.221057780167417}, "datetime": {"datetime": "2022-06-24 04:50:46", "elapsed": 2165.836241, "delta": 7.620802}}
{"target": 2.869402789258995, "params": {"Bgrad": 0.6384905034674812, "d1": -2.064296728358224, "d2": -2.7453922151936028, "d3": -2.630014865705994, "d4": -0.3232924487012322, "p1": 19.545229569338805, "p2": 15.757739645301614, "p3": 28.311859748422602, "p4": 48.59978111262277, "pol1": 0.6557756352079763, "pol2": 0.33056628077366845, "pol3": 0.5994638346860647, "pol4": -0.7979850029085027, "v0s": 2.869402789258995}, "datetime": {"datetime": "2022-06-24 04:50:51", "elapsed": 2170.393605, "delta": 4.557364}}
{"target": -1.0, "params": {"Bgrad": 1.863105556107086, "d1": -2.1064062607393383, "d2": -1.2936569446500163, "d3": -1.944143388370835, "d4": -2.1181198276037136, "p1": 5.320127428830074, "p2": 8.349772450031251, "p3": 37.63360741096361, "p4": 26.63383313063637, "pol1": 0.051120022450783065, "pol2": 0.22454234742516377, "pol3": -0.14247419862641508, "pol4": -0.695869025798515, "v0s": 5.523081856063705}, "datetime": {"datetime": "2022-06-24 04:51:04", "elapsed": 2183.145243, "delta": 12.751638}}
{"target": 5.928440276876206, "params": {"Bgrad": 1.4775158889881894, "d1": -2.593952648688282, "d2": 0.09499502278772876, "d3": -1.3749744334642233, "d4": 0.6859921868223319, "p1": 12.295797814107132, "p2": 5.2060765055801275, "p3": 30.85691845562161, "p4": 20.387213154418877, "pol1": -0.6079072694139378, "pol2": 0.46111767196043524, "pol3": -0.7908606254558785, "pol4": 0.550849693298431, "v0s": 5.928440276876206}, "datetime": {"datetime": "2022-06-24 04:51:15", "elapsed": 2194.145614, "delta": 11.000371}}
{"target": 3.6462173901515387, "params": {"Bgrad": 0.7508688692223671, "d1": -1.4023816100701616, "d2": 0.0022291903038609284, "d3": -2.2936442242302655, "d4": -1.0207550404628467, "p1": 3.378991592743591, "p2": 10.905494718535275, "p3": 35.30080327775716, "p4": 30.7174150268861, "pol1": -0.21280527653519976, "pol2": 0.3128093900832516, "pol3": -0.49795396056386676, "pol4": -0.4706976952406339, "v0s": 3.6462173901515387}, "datetime": {"datetime": "2022-06-24 04:51:18", "elapsed": 2198.086157, "delta": 3.940543}}
{"target": -1.0, "params": {"Bgrad": 1.7393463703717291, "d1": -0.9527285076659462, "d2": -1.7372680342275646, "d3": -1.4220466587404594, "d4": -2.025703738851411, "p1": 3.6210255414726, "p2": 8.634876577576362, "p3": 34.824604064855905, "p4": 31.14635521229972, "pol1": 0.7347142187806595, "pol2": 0.07312614192853961, "pol3": 0.4456556512060772, "pol4": -0.6941160659252892, "v0s": 3.5917565062515884}, "datetime": {"datetime": "2022-06-24 04:51:32", "elapsed": 2211.299593, "delta": 13.213436}}
