{"target": 3.987678029106613, "params": {"Bgrad": 6.831618620208507, "d1": -0.9105297580474625, "d2": -0.4571272709920877, "d3": -1.7067208615330003, "d4": -2.692419377034952, "p1": 7.3831124846031715, "p2": 1.8937932040604677, "p3": 34.63075222107535, "p4": 24.559312108016247, "pol1": 0.548292560732399, "pol2": 0.6906753925079312, "pol3": 0.385240001355162, "pol4": -0.45301243972000593, "v0s": 3.987678029106613}, "datetime": {"datetime": "2022-04-11 15:20:19", "elapsed": 2722.348211, "delta": 3.690711}}
{"target": 4.265403268837826, "params": {"Bgrad": 10.89755709317343, "d1": -2.4531052811737157, "d2": -2.0446084384253633, "d3": -2.059786438579253, "d4": -2.6230690158646968, "p1": 6.059590053557676, "p2": 8.82628323213361, "p3": 36.400671623769824, "p4": 26.602872237190592, "pol1": -0.2177120583457807, "pol2": -0.34210275612643687, "pol3": -0.03950300265866653, "pol4": -0.10204862717242466, "v0s": 4.265403268837826}, "datetime": {"datetime": "2022-04-11 15:20:31", "elapsed": 2734.383242, "delta": 12.035031}}
{"target": 4.504585132377241, "params": {"Bgrad": 7.429678301571868, "d1": -2.4793705538250888, "d2": -2.3622340722087127, "d3": -0.9986274756887781, "d4": -1.7585861373795248, "p1": 4.452923835399081, "p2": 5.3540694210018005, "p3": 35.77230335970567, "p4": 27.88201671238575, "pol1": -0.9702703654101106, "pol2": 0.6349511501369598, "pol3": -0.17067758649030607, "pol4": 0.4290730837566279, "v0s": 4.504585132377241}, "datetime": {"datetime": "2022-04-11 15:20:37", "elapsed": 2740.29004, "delta": 5.906798}}
{"target": 3.6594513822201753, "params": {"Bgrad": 11.324161010572352, "d1": -0.4839390839927682, "d2": -0.5580711844875537, "d3": -1.2193339446242666, "d4": -0.1468566297230205, "p1": 8.399371091135643, "p2": 5.064472999370157, "p3": 30.659345640659442, "p4": 22.587962758647777, "pol1": 0.23745365853226286, "pol2": -0.4480794260077987, "pol3": 0.07321502914473621, "pol4": 0.406848900954083, "v0s": 3.6594513822201753}, "datetime": {"datetime": "2022-04-11 15:20:43", "elapsed": 2746.396792, "delta": 6.106752}}
{"target": 4.359733137295401, "params": {"Bgrad": 4.752514631484376, "d1": -2.8140905832135177, "d2": -1.911597875195202, "d3": -2.298826609817685, "d4": -0.5846514306344219, "p1": 5.83074966027855, "p2": 5.068989083886888, "p3": 35.222802362256765, "p4": 24.04795186860909, "pol1": 0.9353060857791642, "pol2": -0.5152680369376055, "pol3": 0.4091092660186082, "pol4": 0.17650426978619072, "v0s": 4.359733137295401}, "datetime": {"datetime": "2022-04-11 15:20:53", "elapsed": 2755.954432, "delta": 9.55764}}
{"target": 4.341210790535365, "params": {"Bgrad": 9.287325971370729, "d1": -1.865686294366777, "d2": -0.7027549382631801, "d3": -0.43957501802200216, "d4": -2.127658252736834, "p1": 4.3197450766292995, "p2": 3.6842538363645594, "p3": 39.66464909188169, "p4": 19.328596649260497, "pol1": 0.17672293214387103, "pol2": 0.24692088607000096, "pol3": -0.9789952987947899, "pol4": -0.3788551135709328, "v0s": 4.341210790535365}, "datetime": {"datetime": "2022-04-11 15:21:02", "elapsed": 2764.819372, "delta": 8.86494}}
{"target": 4.342321310225811, "params": {"Bgrad": 2.5317729302997263, "d1": -1.1647656086951743, "d2": -0.08595639068371863, "d3": -1.4875688153470454, "d4": -2.6592269974819462, "p1": 3.626511840042601, "p2": 2.3153189110574623, "p3": 34.6735461090212, "p4": 25.282821404070514, "pol1": -0.2578993442790314, "pol2": -0.20389165347429494, "pol3": -0.15210804719449755, "pol4": 0.06589785203867948, "v0s": 4.342321310225811}, "datetime": {"datetime": "2022-04-11 15:21:10", "elapsed": 2772.90789, "delta": 8.088518}}
{"target": 2.5025789903959854, "params": {"Bgrad": 4.585375572819269, "d1": -1.224610583884898, "d2": -1.0881993844676954, "d3": -2.471290248118161, "d4": -2.9035915783253, "p1": 2.2567814741862646, "p2": 7.39721884584304, "p3": 34.1958143329758, "p4": 20.956853794800175, "pol1": 0.6516566390999952, "pol2": -0.9343439853303583, "pol3": -0.9986297720677972, "pol4": 0.5614654343134182, "v0s": 2.5025789903959854}, "datetime": {"datetime": "2022-04-11 15:21:13", "elapsed": 2775.686502, "delta": 2.778612}}
{"target": 4.851330585715588, "params": {"Bgrad": 9.014208625850726, "d1": -2.941374163358058, "d2": -1.8366858553618233, "d3": -0.6351852487041542, "d4": -2.6706019122062283, "p1": 9.320107500379297, "p2": 8.201415851811142, "p3": 31.29824479815149, "p4": 27.80159058794252, "pol1": 0.2455060378751662, "pol2": 0.1306188421430289, "pol3": 0.6824622067520805, "pol4": 0.5527978876564921, "v0s": 4.851330585715588}, "datetime": {"datetime": "2022-04-11 15:21:23", "elapsed": 2785.945266, "delta": 10.258764}}
{"target": 3.0336983454981947, "params": {"Bgrad": 8.243351863315777, "d1": -0.6550483651803454, "d2": -2.5737472488676563, "d3": -1.7614001112850124, "d4": -0.9932282095051934, "p1": 7.887177352810493, "p2": 4.598402800968238, "p3": 31.97034985426768, "p4": 21.572705809159103, "pol1": -0.3255929774203272, "pol2": -0.2098629377368666, "pol3": -0.8682494133556489, "pol4": 0.3102939326811649, "v0s": 3.0336983454981947}, "datetime": {"datetime": "2022-04-11 15:21:28", "elapsed": 2790.54305, "delta": 4.597784}}
{"target": 2.3485745881269393, "params": {"Bgrad": 9.255492127225855, "d1": -1.6585435878028139, "d2": 0.3764160508950751, "d3": -0.46457157357027556, "d4": -1.2657984727297955, "p1": 6.177693910077781, "p2": 5.252574112027081, "p3": 35.25435006022982, "p4": 26.056432678071197, "pol1": -0.5264731423890572, "pol2": 0.043668298247839354, "pol3": 0.7489424978970529, "pol4": 0.9904191080904508, "v0s": 2.3485745881269393}, "datetime": {"datetime": "2022-04-11 15:21:39", "elapsed": 2801.583238, "delta": 11.040188}}
{"target": -1.0, "params": {"Bgrad": 13.143772153817975, "d1": -0.8147849814428016, "d2": 0.05588431486410306, "d3": -1.6915901941508666, "d4": 0.06835954059373961, "p1": 7.6028834468474855, "p2": 6.691009029121902, "p3": 38.91667416880165, "p4": 26.0427625252323, "pol1": 0.749126500562425, "pol2": 0.28961878675072983, "pol3": 0.8108774613727134, "pol4": -0.7596743764850948, "v0s": 4.837188722047451}, "datetime": {"datetime": "2022-04-11 15:21:57", "elapsed": 2820.137923, "delta": 18.554685}}
{"target": 4.3961914862332225, "params": {"Bgrad": 13.48163651426583, "d1": -2.11930639339919, "d2": -0.3797154088377499, "d3": 0.23765604476178792, "d4": -2.744805358014886, "p1": 6.18923272469325, "p2": 8.906541868495305, "p3": 39.931552358461644, "p4": 25.10749396374988, "pol1": -0.4105737495449018, "pol2": -0.35400672010890855, "pol3": -0.28462613852568897, "pol4": -0.8504950684364205, "v0s": 4.3961914862332225}, "datetime": {"datetime": "2022-04-11 15:22:14", "elapsed": 2837.013155, "delta": 16.875232}}
{"target": 5.195964562464673, "params": {"Bgrad": 4.186891745888573, "d1": -0.861010724180431, "d2": -0.11127755087590474, "d3": -2.589320996818209, "d4": -2.3173555658913507, "p1": 4.64755934998215, "p2": 3.6041455946006664, "p3": 34.21980607349144, "p4": 25.121123190308342, "pol1": -0.7695873323710725, "pol2": 0.27276154235474914, "pol3": -0.24189652483800073, "pol4": 0.8585206526938867, "v0s": 5.195964562464673}, "datetime": {"datetime": "2022-04-11 15:22:24", "elapsed": 2846.986674, "delta": 9.973519}}
{"target": 3.6498537995459084, "params": {"Bgrad": 3.741231187852996, "d1": -2.4188528121721564, "d2": 0.3807247621064267, "d3": -0.25180246235301373, "d4": -2.0200561015189593, "p1": 6.02848301659864, "p2": 6.100884538553908, "p3": 34.11845224129426, "p4": 26.78267990113547, "pol1": -0.2572780005795765, "pol2": 0.680084600768309, "pol3": -0.5371515579467363, "pol4": -0.8303624815597017, "v0s": 3.6498537995459084}, "datetime": {"datetime": "2022-04-11 15:22:35", "elapsed": 2858.046288, "delta": 11.059614}}
{"target": 2.5864908504230666, "params": {"Bgrad": 12.628200344073248, "d1": -2.2091428684550936, "d2": -0.41250118006425796, "d3": -2.4858492937789647, "d4": -2.3602330341536373, "p1": 9.682588949746107, "p2": 7.767677536384154, "p3": 29.520582154360703, "p4": 25.701958734581993, "pol1": -0.1885151456898213, "pol2": -0.9798790535782178, "pol3": -0.5070741232598741, "pol4": 0.9507686477436905, "v0s": 2.5864908504230666}, "datetime": {"datetime": "2022-04-11 15:22:41", "elapsed": 2864.388445, "delta": 6.342157}}
{"target": 2.4239725444937665, "params": {"Bgrad": 3.7475994864400017, "d1": -0.572104520550897, "d2": -2.534942776009458, "d3": -1.20243151197905, "d4": 0.43863176533017434, "p1": 4.070229416388277, "p2": 4.3474012411414575, "p3": 36.21708759699764, "p4": 24.70950558402735, "pol1": -0.8409105443670493, "pol2": 0.6884706852548115, "pol3": 0.28813502032498794, "pol4": 0.726661835202836, "v0s": 2.4239725444937665}, "datetime": {"datetime": "2022-04-11 15:22:51", "elapsed": 2873.616414, "delta": 9.227969}}
{"target": 4.286315125139428, "params": {"Bgrad": 2.1953883943137322, "d1": -2.3343921266476872, "d2": 0.07313490373059128, "d3": -2.1719912384656803, "d4": -1.4161175092587204, "p1": 6.041603688890701, "p2": 2.5522348998890054, "p3": 36.798273205377455, "p4": 25.28030258711686, "pol1": -0.25284171287916113, "pol2": -0.05336473292659982, "pol3": -0.8029636609404602, "pol4": 0.0064144593801844785, "v0s": 4.286315125139428}, "datetime": {"datetime": "2022-04-11 15:22:56", "elapsed": 2879.264903, "delta": 5.648489}}
{"target": 4.647333612107232, "params": {"Bgrad": 10.211541126987187, "d1": -2.2774903681047274, "d2": -1.961644889415436, "d3": -1.1233475057528264, "d4": -2.6424043451396164, "p1": 9.163063560844632, "p2": 6.3144349348113815, "p3": 32.5700700635062, "p4": 25.809453926753665, "pol1": -0.482801136126715, "pol2": 0.06563943446913871, "pol3": 0.7171039370255334, "pol4": -0.28988036761700003, "v0s": 4.647333612107232}, "datetime": {"datetime": "2022-04-11 15:23:08", "elapsed": 2890.688542, "delta": 11.423639}}
