{"target": 4.69619444636101, "params": {"Bgrad": 0.5, "d1": -1.4005047812714764, "d2": 1.0, "d3": -2.394395954123048, "d4": -3.0, "p1": 11.148412952067043, "p2": 16.11357342171821, "p3": 6.829461714157673, "p4": 28.833774561022796, "pol1": -1.0, "pol2": -1.0, "pol3": 0.7752667650697064, "pol4": 1.0, "v0s": 4.69619444636101}, "datetime": {"datetime": "2022-05-17 00:44:50", "elapsed": 18105.270807, "delta": 10.880897}}
{"target": 3.2964215915724058, "params": {"Bgrad": 1.959590769661575, "d1": -1.7833046972682687, "d2": 0.2610578852242109, "d3": -2.4732745410001873, "d4": -0.2725454051233993, "p1": 34.93824398926026, "p2": 9.992769404636775, "p3": 37.7173025526549, "p4": 30.1906719797785, "pol1": 0.4047184295727524, "pol2": 0.5747377115981853, "pol3": -0.7590844465084903, "pol4": -0.16090724496791653, "v0s": 3.2964215915724058}, "datetime": {"datetime": "2022-05-17 00:44:58", "elapsed": 18113.291355, "delta": 8.020548}}
{"target": 3.2683401675186787, "params": {"Bgrad": 1.1658653664009626, "d1": -1.560675027889077, "d2": 0.041484084727303916, "d3": -2.017771281596085, "d4": -0.8617198397395156, "p1": 1.5167869437232584, "p2": 31.062975246554526, "p3": 31.910219438464054, "p4": 36.20344401603538, "pol1": 0.05399058078798369, "pol2": -0.8020620462988033, "pol3": 0.5369103434514235, "pol4": -0.5914506477084223, "v0s": 3.2683401675186787}, "datetime": {"datetime": "2022-05-17 00:45:14", "elapsed": 18129.505987, "delta": 16.214632}}
{"target": 3.780926161440804, "params": {"Bgrad": 1.0419155220191472, "d1": -1.290646937754822, "d2": 0.14874957294457714, "d3": -1.5452229738741625, "d4": -0.36512435938418, "p1": 1.2181821826977357, "p2": 31.460101264503237, "p3": 29.64714430871928, "p4": 35.00106021765965, "pol1": -0.33762780871002707, "pol2": 0.0832901085039055, "pol3": -0.017616860410062607, "pol4": -0.6021590489715587, "v0s": 3.780926161440804}, "datetime": {"datetime": "2022-05-17 00:45:25", "elapsed": 18141.061082, "delta": 11.555095}}
{"target": 3.046962033794692, "params": {"Bgrad": 1.4735309855205112, "d1": -2.2024103561344073, "d2": 0.9854001637957022, "d3": -1.8353966052398043, "d4": -0.7241493967212911, "p1": 2.8113700059640423, "p2": 34.2999171404541, "p3": 30.99005880199831, "p4": 33.009950880452614, "pol1": -0.5562685992352503, "pol2": -0.3130254732398754, "pol3": 0.17333180648715163, "pol4": -0.465573573046993, "v0s": 3.046962033794692}, "datetime": {"datetime": "2022-05-17 00:45:36", "elapsed": 18152.095569, "delta": 11.034487}}
{"target": 4.647150345164646, "params": {"Bgrad": 0.5, "d1": -3.0, "d2": 1.0, "d3": -1.211362918661895, "d4": -0.7951724335535064, "p1": 27.889520698797607, "p2": 10.137426430286709, "p3": 10.277965732680604, "p4": 24.012133466410425, "pol1": -0.19876002985398486, "pol2": -0.4229557909049333, "pol3": 0.1851528835302744, "pol4": -1.0, "v0s": 4.647150345164646}, "datetime": {"datetime": "2022-05-17 00:45:50", "elapsed": 18165.647323, "delta": 13.551754}}
{"target": 3.942444362057622, "params": {"Bgrad": 1.5080159849293526, "d1": -2.582281033408392, "d2": -0.4672548995482888, "d3": -1.0748052570956204, "d4": -2.3639329152811497, "p1": 44.9010352607256, "p2": 20.666878948603713, "p3": 26.93520567071256, "p4": 13.994598344913955, "pol1": 0.4467867587495191, "pol2": -0.2567416903204678, "pol3": 0.12290641950405345, "pol4": -0.07386123744677509, "v0s": 3.942444362057622}, "datetime": {"datetime": "2022-05-17 00:46:00", "elapsed": 18176.220045, "delta": 10.572722}}
{"target": 4.567909732436686, "params": {"Bgrad": 0.5, "d1": -1.8540285868531223, "d2": 0.5756945720320301, "d3": -1.8757088972089995, "d4": -2.2258189612163015, "p1": 2.6282504083804654, "p2": 34.709781618816336, "p3": 30.50325748796074, "p4": 36.36441991272432, "pol1": 0.19936668373927777, "pol2": -0.35769500299452156, "pol3": 0.5777349067763964, "pol4": -1.0, "v0s": 4.567909732436686}, "datetime": {"datetime": "2022-05-17 00:46:14", "elapsed": 18189.356908, "delta": 13.136863}}
{"target": 4.032894911947186, "params": {"Bgrad": 1.3863928901067137, "d1": -2.312743959691719, "d2": -0.4570932754315093, "d3": -1.5993738993330693, "d4": -2.134122219369656, "p1": 8.847981150688863, "p2": 26.49826747017478, "p3": 42.51676667419497, "p4": 25.10207096744382, "pol1": 0.8109253357274205, "pol2": -0.6199946245011879, "pol3": -0.3778948379043207, "pol4": -0.6625538192893505, "v0s": 4.032894911947186}, "datetime": {"datetime": "2022-05-17 00:46:28", "elapsed": 18203.41431, "delta": 14.057402}}
{"target": 4.824501415414187, "params": {"Bgrad": 1.2779971557207626, "d1": -2.4918619421716217, "d2": 0.7456912627526051, "d3": -2.588667799378722, "d4": -1.0931345561739645, "p1": 4.86992554595816, "p2": 34.7587072202896, "p3": 30.47272777671192, "p4": 38.6409735126103, "pol1": 0.7530433906607013, "pol2": -0.36470614114359434, "pol3": -0.7011067167773949, "pol4": -0.42870674810067144, "v0s": 4.824501415414187}, "datetime": {"datetime": "2022-05-17 00:46:42", "elapsed": 18217.255291, "delta": 13.840981}}
{"target": 5.202073474841763, "params": {"Bgrad": 1.5217575119635418, "d1": -2.908388119847897, "d2": -0.26503766291485054, "d3": -1.7983566308197378, "d4": -2.785278619549668, "p1": 31.80685342265579, "p2": 6.4205592429344645, "p3": 36.411005344367844, "p4": 28.76187726076299, "pol1": 0.1782472313550263, "pol2": 0.6895164849491409, "pol3": -0.03631042863750045, "pol4": 0.16249060564146145, "v0s": 5.202073474841763}, "datetime": {"datetime": "2022-05-17 00:46:56", "elapsed": 18231.416415, "delta": 14.161124}}
{"target": 3.1252243628317684, "params": {"Bgrad": 1.0664685308115076, "d1": -2.545522710388297, "d2": -0.21266057796138593, "d3": -2.0818175436516486, "d4": -0.3553094167857984, "p1": 3.290832379277936, "p2": 35.706135928933556, "p3": 30.346334471893577, "p4": 34.68817123344709, "pol1": 0.23964663329250646, "pol2": 0.16299923964204144, "pol3": -0.1941228971762734, "pol4": -0.9028295315145767, "v0s": 3.1252243628317684}, "datetime": {"datetime": "2022-05-17 00:47:05", "elapsed": 18240.718535, "delta": 9.30212}}
{"target": 3.200515755175722, "params": {"Bgrad": 1.7315082468050587, "d1": -2.6737652738854316, "d2": -0.48300976782810334, "d3": -1.5141723910499767, "d4": -2.700093303689885, "p1": 45.459842214878435, "p2": 18.63720984515863, "p3": 23.422023057379064, "p4": 13.596927053994895, "pol1": 0.36473905966292897, "pol2": -0.765552749689526, "pol3": -0.5944571656604709, "pol4": -0.6231707648653795, "v0s": 3.200515755175722}, "datetime": {"datetime": "2022-05-17 00:47:15", "elapsed": 18250.379695, "delta": 9.66116}}
{"target": -1.0, "params": {"Bgrad": 1.913601674012924, "d1": -1.4816688628926609, "d2": -2.054628123744543, "d3": -0.8650464292185283, "d4": -1.427101604145148, "p1": 1.1403753120495574, "p2": 33.954683897788094, "p3": 31.161023350078192, "p4": 33.38658302635446, "pol1": -0.5214204010986483, "pol2": -0.5350145925282594, "pol3": 0.698823455699783, "pol4": -0.5789213249687903, "v0s": 2.067155525768497}, "datetime": {"datetime": "2022-05-17 00:47:29", "elapsed": 18264.527855, "delta": 14.14816}}
{"target": 3.887822885391886, "params": {"Bgrad": 0.8554330423667509, "d1": -0.6164302416847509, "d2": -0.6208490690591139, "d3": -2.698039505908018, "d4": -3.0, "p1": 21.471126483462584, "p2": 5.892532201609134, "p3": 46.572980571072364, "p4": 39.98012920624666, "pol1": 0.44271186434266674, "pol2": 1.0, "pol3": -1.0, "pol4": -0.23753282472273263, "v0s": 3.887822885391886}, "datetime": {"datetime": "2022-05-17 00:47:43", "elapsed": 18278.630137, "delta": 14.102282}}
{"target": -1.0, "params": {"Bgrad": 0.5, "d1": 0.09710934384325405, "d2": -0.16278978821320744, "d3": -2.2700850163142365, "d4": -2.659118439360756, "p1": 20.517587506359334, "p2": 6.475921926647404, "p3": 47.27243583534879, "p4": 40.245073584, "pol1": 0.372315826751663, "pol2": 0.12166298471189507, "pol3": -1.0, "pol4": -1.0, "v0s": 4.957261559852872}, "datetime": {"datetime": "2022-05-17 00:47:57", "elapsed": 18292.744386, "delta": 14.114249}}
{"target": 4.175669707480424, "params": {"Bgrad": 0.6557222323388858, "d1": -1.6111325139705635, "d2": -0.37234138093247626, "d3": -2.6713777893297364, "d4": -2.1308549699338695, "p1": 3.6232770559214367, "p2": 36.4262921366524, "p3": 30.891506980979027, "p4": 39.084888244585784, "pol1": 0.4804598746390045, "pol2": 0.2436427346595973, "pol3": 0.6979583695347229, "pol4": 0.004155880027232994, "v0s": 4.175669707480424}, "datetime": {"datetime": "2022-05-17 00:48:09", "elapsed": 18305.066429, "delta": 12.322043}}
{"target": -1.0, "params": {"Bgrad": 1.3861734830611663, "d1": -1.1301729661098232, "d2": 0.211688167422047, "d3": -2.472207944333949, "d4": -2.5102339566491194, "p1": 1.1369682865157549, "p2": 28.292456518635888, "p3": 13.87955665230251, "p4": 15.31728655601594, "pol1": -0.6698892000552896, "pol2": 0.29417416577603017, "pol3": 0.9172875777393643, "pol4": 0.29940020124590516, "v0s": 2.8389491173237253}, "datetime": {"datetime": "2022-05-17 00:48:26", "elapsed": 18321.772746, "delta": 16.706317}}
{"target": 3.631971189190229, "params": {"Bgrad": 1.120147968210024, "d1": -2.9810467015146416, "d2": -0.5096766696588828, "d3": -1.3707417473969286, "d4": -2.2219176384351034, "p1": 9.044644041325883, "p2": 25.423334944656755, "p3": 43.048780210720516, "p4": 23.37334406224419, "pol1": -0.4037226034342567, "pol2": 0.41964444227723785, "pol3": -0.5133748177010136, "pol4": 0.25722026415682486, "v0s": 3.631971189190229}, "datetime": {"datetime": "2022-05-17 00:48:36", "elapsed": 18332.100125, "delta": 10.327379}}
{"target": 4.635270777246037, "params": {"Bgrad": 1.4507635779052173, "d1": -0.5218508324467388, "d2": 0.32890497846404143, "d3": -1.714001420545936, "d4": -2.642789487906029, "p1": 2.8510368469334524, "p2": 30.95576578764625, "p3": 31.326358665993236, "p4": 39.28605189933344, "pol1": -0.5970625538933323, "pol2": 0.5427456139560571, "pol3": 0.16765837215320167, "pol4": -0.8350710878733651, "v0s": 4.635270777246037}, "datetime": {"datetime": "2022-05-17 00:48:48", "elapsed": 18344.123965, "delta": 12.02384}}
{"target": 4.735922817284209, "params": {"Bgrad": 0.5923908757881884, "d1": -2.119891022753046, "d2": 0.11575864157617266, "d3": -1.4650318133710623, "d4": -2.96166938245001, "p1": 8.452346212138028, "p2": 35.5102944925509, "p3": 39.07906191823725, "p4": 31.72211894524888, "pol1": -0.14191795010621155, "pol2": -0.04885355713804418, "pol3": 0.0821323244397334, "pol4": -0.5157222144497478, "v0s": 4.735922817284209}, "datetime": {"datetime": "2022-05-17 00:48:58", "elapsed": 18353.614581, "delta": 9.490616}}
{"target": -1.0, "params": {"Bgrad": 0.6850080721813991, "d1": -1.8000840322537002, "d2": -0.0013205401199947175, "d3": -2.4101227443181346, "d4": 0.6899428967414907, "p1": 32.54918714762946, "p2": 4.386907853385141, "p3": 6.733504745474416, "p4": 24.704768481619066, "pol1": -0.5889088851185988, "pol2": -0.022818114084340202, "pol3": -0.9145328263123453, "pol4": -0.17089773217879745, "v0s": 5.599081741333089}, "datetime": {"datetime": "2022-05-17 00:49:20", "elapsed": 18375.497053, "delta": 21.882472}}
{"target": 5.297168645995003, "params": {"Bgrad": 1.5883422318091984, "d1": -3.0, "d2": 1.0, "d3": -1.3977554243917931, "d4": -0.4100172391483465, "p1": 31.40791769123517, "p2": 6.175928071796291, "p3": 8.336590228002056, "p4": 25.446096878234286, "pol1": 1.0, "pol2": -1.0, "pol3": -0.15331652819548539, "pol4": -0.7496836640494964, "v0s": 5.297168645995003}, "datetime": {"datetime": "2022-05-17 00:49:35", "elapsed": 18390.238625, "delta": 14.741572}}
{"target": 4.471494429302693, "params": {"Bgrad": 1.578270819974898, "d1": -1.5017099056366416, "d2": 0.7923164340892902, "d3": -1.1825999156687261, "d4": -3.0, "p1": 27.902088725516485, "p2": 8.781680058340578, "p3": 37.006084037304205, "p4": 29.263157898465668, "pol1": 1.0, "pol2": -0.3353870856270219, "pol3": -0.23656983453520541, "pol4": -0.5293810368907275, "v0s": 4.471494429302693}, "datetime": {"datetime": "2022-05-17 00:49:49", "elapsed": 18404.799682, "delta": 14.561057}}
{"target": 4.945982030474313, "params": {"Bgrad": 1.051075182337369, "d1": -2.489572384487293, "d2": -0.5494725774882787, "d3": -1.0741212753147669, "d4": -2.87584321590978, "p1": 1.4696256723527423, "p2": 32.35506950122245, "p3": 29.718015176438072, "p4": 37.78751381712711, "pol1": 0.8858724470235457, "pol2": -0.5989883158182632, "pol3": 0.2934332570466416, "pol4": 0.6162330657259381, "v0s": 4.945982030474313}, "datetime": {"datetime": "2022-05-17 00:50:07", "elapsed": 18423.155585, "delta": 18.355903}}
{"target": -1.0, "params": {"Bgrad": 0.8702685677243699, "d1": -2.604654766351763, "d2": -0.47678432762081524, "d3": -2.4384110350406316, "d4": 0.7994156151058318, "p1": 1.2818399092771604, "p2": 37.25574771643158, "p3": 33.09654528686562, "p4": 39.38022468400238, "pol1": -0.16694220827184703, "pol2": -0.35504334501223433, "pol3": -0.4853361594397334, "pol4": 0.3781194436651276, "v0s": 3.0222449179233273}, "datetime": {"datetime": "2022-05-17 00:51:08", "elapsed": 18483.96195, "delta": 60.806365}}
{"target": 4.77015604678393, "params": {"Bgrad": 1.4025729051574316, "d1": -3.0, "d2": 1.0, "d3": -0.389159894166778, "d4": -2.2871610489234455, "p1": 42.98544351814154, "p2": 26.234706200755614, "p3": 18.152406150225666, "p4": 12.534334125113187, "pol1": 0.10842912242174582, "pol2": 0.21245938568559847, "pol3": 0.7542820655982302, "pol4": 1.0, "v0s": 4.77015604678393}, "datetime": {"datetime": "2022-05-17 00:51:25", "elapsed": 18500.823852, "delta": 16.861902}}
{"target": -1.0, "params": {"Bgrad": 1.1955485105539714, "d1": 0.43619748724957486, "d2": -1.9363655080747804, "d3": -1.3408201772516377, "d4": -2.032967450497243, "p1": 23.98573611145569, "p2": 12.254941679412019, "p3": 38.557371138545996, "p4": 30.32923778270989, "pol1": 0.3910321251777258, "pol2": -0.4431960224087994, "pol3": 0.05644165979813631, "pol4": -0.8194220978702271, "v0s": 2.213249981380873}, "datetime": {"datetime": "2022-05-17 00:51:42", "elapsed": 18517.471326, "delta": 16.647474}}
{"target": 4.414085834628571, "params": {"Bgrad": 0.5, "d1": -3.0, "d2": -3.0, "d3": -2.164860470597288, "d4": -0.8769555836799414, "p1": 6.569884484296287, "p2": 2.749030271352872, "p3": 39.85913568277642, "p4": 20.513501459244438, "pol1": 0.707566466278264, "pol2": -0.02505824575311912, "pol3": 1.0, "pol4": -0.4387398076251391, "v0s": 4.414085834628571}, "datetime": {"datetime": "2022-05-17 00:51:55", "elapsed": 18530.703934, "delta": 13.232608}}
{"target": 5.2890490080846355, "params": {"Bgrad": 1.960849169859309, "d1": -2.996779987124128, "d2": 0.7009145469965898, "d3": -2.01473270710597, "d4": -0.608502153786231, "p1": 30.614380993147766, "p2": 11.728801693439085, "p3": 33.36073024973092, "p4": 25.433517735452295, "pol1": 0.694159673727113, "pol2": 0.9262229338089369, "pol3": 0.6649699385798669, "pol4": 0.4672280451457378, "v0s": 5.2890490080846355}, "datetime": {"datetime": "2022-05-17 00:52:11", "elapsed": 18546.270299, "delta": 15.566365}}
{"target": 3.7003210073629127, "params": {"Bgrad": 1.4058929612107272, "d1": -2.0948399213830995, "d2": 0.07168057308911724, "d3": -0.8195965375150318, "d4": 0.1413577529795491, "p1": 35.92888090026389, "p2": 8.270281170908621, "p3": 6.892057917897809, "p4": 30.930501050636167, "pol1": 0.2854012048792487, "pol2": -0.16423749446547964, "pol3": 0.17599062250066866, "pol4": 0.5862188462880231, "v0s": 3.7003210073629127}, "datetime": {"datetime": "2022-05-17 00:52:23", "elapsed": 18558.670135, "delta": 12.399836}}
{"target": 4.397846713959482, "params": {"Bgrad": 1.195706301710787, "d1": -2.881354661190897, "d2": -0.11447281195996195, "d3": -1.8729372797447503, "d4": -2.385990914067957, "p1": 30.546997360482568, "p2": 7.5653275621756855, "p3": 36.40183067230194, "p4": 29.133626075072172, "pol1": 0.6505813288474709, "pol2": 0.8654169662076023, "pol3": -0.30299793313121953, "pol4": 0.2468537469986945, "v0s": 4.397846713959482}, "datetime": {"datetime": "2022-05-17 00:52:39", "elapsed": 18574.285371, "delta": 15.615236}}
{"target": 4.2986448027943585, "params": {"Bgrad": 1.5110463753710899, "d1": -2.506116880630463, "d2": -0.5769909240300786, "d3": -1.0243617508761367, "d4": -0.8336667160461335, "p1": 3.7893477142347587, "p2": 34.22424658770352, "p3": 28.174743422402692, "p4": 37.24290528273051, "pol1": -0.7356311232792785, "pol2": -0.433993727090618, "pol3": -0.43120470933633315, "pol4": -0.4143099907720804, "v0s": 4.2986448027943585}, "datetime": {"datetime": "2022-05-17 00:52:51", "elapsed": 18586.725097, "delta": 12.439726}}
{"target": 4.562115540164798, "params": {"Bgrad": 1.1263789842625003, "d1": -1.8968260235080188, "d2": 0.79200514880362, "d3": -2.249439467205545, "d4": -1.8538960166825742, "p1": 4.093963900505121, "p2": 32.592231038048595, "p3": 31.087902723070528, "p4": 36.89037453229968, "pol1": -1.0, "pol2": -0.19087073058979032, "pol3": -0.17970542165677023, "pol4": -0.32762917622222076, "v0s": 4.562115540164798}, "datetime": {"datetime": "2022-05-17 00:53:08", "elapsed": 18603.720641, "delta": 16.995544}}
{"target": 3.879518771087177, "params": {"Bgrad": 1.719203219644669, "d1": -2.879512176787142, "d2": -1.2939296677676952, "d3": -1.3653395081772315, "d4": -0.9482819110708052, "p1": 43.42000758236901, "p2": 24.090166202610142, "p3": 25.782991748812766, "p4": 14.523243849218348, "pol1": 0.6547008200862743, "pol2": -0.45151504798672515, "pol3": -0.47902803679522044, "pol4": -0.8518517459706465, "v0s": 3.879518771087177}, "datetime": {"datetime": "2022-05-17 00:53:20", "elapsed": 18616.058641, "delta": 12.338}}
{"target": -1.0, "params": {"Bgrad": 1.5896346041619243, "d1": -0.44395756422650834, "d2": -0.3567542786171467, "d3": -0.26384022242610206, "d4": -2.1514546718045464, "p1": 1.1676538611251785, "p2": 35.85374817718957, "p3": 30.09522133593955, "p4": 34.42633565149485, "pol1": 0.42641956861795993, "pol2": 0.8831167563993878, "pol3": 0.2173793773202899, "pol4": -0.838021418051462, "v0s": 6.360516744173515}, "datetime": {"datetime": "2022-05-17 00:53:37", "elapsed": 18632.832778, "delta": 16.774137}}
{"target": 4.19336718029123, "params": {"Bgrad": 1.1152089650405423, "d1": -1.8356683588868963, "d2": 0.8884776453316876, "d3": -1.8687213015273074, "d4": -1.6655721526788305, "p1": 30.29618568819339, "p2": 11.53761754239851, "p3": 34.84201592319241, "p4": 25.11623431296963, "pol1": -0.589888893170194, "pol2": 0.018135655114463356, "pol3": -0.7490806923913413, "pol4": 0.21736329560332424, "v0s": 4.19336718029123}, "datetime": {"datetime": "2022-05-17 00:53:50", "elapsed": 18645.549764, "delta": 12.716986}}
{"target": 4.948121499389343, "params": {"Bgrad": 1.9016479799129202, "d1": -1.5249709721025908, "d2": -3.0, "d3": -3.0, "d4": -3.0, "p1": 24.65824898411905, "p2": 32.76868429880629, "p3": 43.498058388439645, "p4": 45.88424216158283, "pol1": 0.18514105486394244, "pol2": -0.21974791450854902, "pol3": -0.6021043887666822, "pol4": 1.0, "v0s": 4.948121499389343}, "datetime": {"datetime": "2022-05-17 00:54:07", "elapsed": 18662.315921, "delta": 16.766157}}
{"target": 3.6847656455747124, "params": {"Bgrad": 0.5259981416568766, "d1": -2.2417771540737634, "d2": 0.3656121765929683, "d3": -0.5007635410516924, "d4": 0.13190398246028634, "p1": 4.48659263590182, "p2": 2.506267412617497, "p3": 41.22590315435809, "p4": 23.43641759422476, "pol1": 0.022410890907255565, "pol2": 0.14710018820575188, "pol3": -0.5497597920485604, "pol4": -0.8570675764416593, "v0s": 3.6847656455747124}, "datetime": {"datetime": "2022-05-17 00:54:18", "elapsed": 18674.047543, "delta": 11.731622}}
{"target": 4.173572368012764, "params": {"Bgrad": 1.038000078859637, "d1": -0.7847376981793102, "d2": 0.712295781712263, "d3": -1.185948252611344, "d4": -1.7370111806975541, "p1": 4.772855556897632, "p2": 35.42100209349234, "p3": 32.46787912280928, "p4": 40.133003074880065, "pol1": -0.9688916946006851, "pol2": -0.031668761135150936, "pol3": 0.584545767746705, "pol4": -0.8862125956271096, "v0s": 4.173572368012764}, "datetime": {"datetime": "2022-05-17 00:54:30", "elapsed": 18685.991597, "delta": 11.944054}}
{"target": 2.800106825188937, "params": {"Bgrad": 0.77156973523779, "d1": -0.8176678585182535, "d2": 0.877232764986474, "d3": -1.3527249631683493, "d4": -2.867352565074208, "p1": 0.7678926744276116, "p2": 36.12863930398538, "p3": 29.13373128910215, "p4": 35.033137402286975, "pol1": -0.9366902737685763, "pol2": -0.3949476216873016, "pol3": 0.5873905172434166, "pol4": 0.2784900356403097, "v0s": 2.800106825188937}, "datetime": {"datetime": "2022-05-17 00:54:43", "elapsed": 18698.362509, "delta": 12.370912}}
{"target": 3.3200899199928164, "params": {"Bgrad": 1.5755305474216774, "d1": -2.652975356657645, "d2": 0.7396932982682056, "d3": -1.8196983797641888, "d4": -2.3020790556751574, "p1": 8.804784795470233, "p2": 37.930444503945424, "p3": 43.858819855949235, "p4": 30.897108884292873, "pol1": -0.10294314597200493, "pol2": 0.11817869313573892, "pol3": 0.5438699605596711, "pol4": -0.7430215737070835, "v0s": 3.3200899199928164}, "datetime": {"datetime": "2022-05-17 00:54:55", "elapsed": 18711.109416, "delta": 12.746907}}
{"target": 4.102937553255024, "params": {"Bgrad": 1.7364854252289659, "d1": -0.847471140183296, "d2": 0.43772058435982786, "d3": -3.0, "d4": -1.0909783872122873, "p1": 30.822972217049344, "p2": 7.025369445063854, "p3": 39.16626812625761, "p4": 33.81815386050297, "pol1": 0.572586197063514, "pol2": -0.5290609759155194, "pol3": 0.18883210834797678, "pol4": 0.427787170394378, "v0s": 4.102937553255024}, "datetime": {"datetime": "2022-05-17 00:55:09", "elapsed": 18725.208706, "delta": 14.09929}}
{"target": 3.1194868289067132, "params": {"Bgrad": 1.4576104764473272, "d1": -2.411281069642703, "d2": 0.7381143158844474, "d3": -0.22651676249415953, "d4": -2.4594959518450676, "p1": 28.81321036682078, "p2": 9.466004904054836, "p3": 36.70729677824022, "p4": 26.72872890556682, "pol1": 0.9328631569867971, "pol2": 0.8890710423826638, "pol3": -0.9487915810074008, "pol4": 0.07755586439143136, "v0s": 3.1194868289067132}, "datetime": {"datetime": "2022-05-17 00:55:21", "elapsed": 18736.664067, "delta": 11.455361}}
