{"target": -1.0, "params": {"Bgrad": 0.9475910429012435, "d1": -1.0385533652019276, "d2": -2.217666871000506, "d3": -0.2766939643613049, "d4": 0.323304587221251, "p1": 11.020339298266823, "p2": 0.39043345469196855, "p3": 12.545215422939188, "p4": 31.381815111879042, "pol1": -0.3783663455251163, "pol2": 0.6724122766198442, "pol3": 0.7054783985757309, "pol4": -0.25651887440687315, "v0s": 4.192006952119603}, "datetime": {"datetime": "2022-05-17 22:04:58", "elapsed": 94913.694247, "delta": 9.173465}}
{"target": -1.0, "params": {"Bgrad": 0.5248438575864314, "d1": -0.801285006501038, "d2": -2.3829176236454144, "d3": -2.549281847465962, "d4": -2.786647482980608, "p1": 8.964190370767506, "p2": 7.796540548254704, "p3": 1.7745189618130042, "p4": 49.121622725960194, "pol1": 0.3166090029975428, "pol2": -0.22601185683507463, "pol3": -0.8750290432667935, "pol4": -0.9055093826282756, "v0s": 6.829714608239972}, "datetime": {"datetime": "2022-05-17 22:05:04", "elapsed": 94919.512685, "delta": 5.818438}}
{"target": 5.060265418477972, "params": {"Bgrad": 1.1341697088899267, "d1": -2.566959073618851, "d2": -2.331863447891274, "d3": -0.27922186913129377, "d4": -1.291063430281334, "p1": 4.840414498159062, "p2": 19.600482996485173, "p3": 2.2377908465259777, "p4": 13.55130613311285, "pol1": 0.006159396895189628, "pol2": -0.08504142746403032, "pol3": 0.5372692085524777, "pol4": -0.6795393366164821, "v0s": 5.060265418477972}, "datetime": {"datetime": "2022-05-17 22:05:13", "elapsed": 94928.433824, "delta": 8.921139}}
{"target": 3.1143085938505557, "params": {"Bgrad": 0.712290546584821, "d1": -2.242521637869378, "d2": -1.3604055851637167, "d3": -2.416549666950344, "d4": -0.7506898965468425, "p1": 22.76159098375217, "p2": 47.10483288737753, "p3": 33.499745241520415, "p4": 5.157111809296294, "pol1": 0.21421371082907936, "pol2": -0.15934150083868914, "pol3": 0.001263946222862966, "pol4": 0.31161108290428574, "v0s": 3.1143085938505557}, "datetime": {"datetime": "2022-05-17 22:05:17", "elapsed": 94932.642567, "delta": 4.208743}}
{"target": -1.0, "params": {"Bgrad": 1.0393017429797116, "d1": -1.0784808131915753, "d2": -0.5408681413939966, "d3": -1.8577714191593486, "d4": -0.9889061779739472, "p1": 13.927305645512522, "p2": 28.619492710428162, "p3": 17.11447019928474, "p4": 41.95804793278578, "pol1": 0.37182561155061444, "pol2": 0.6322556375499973, "pol3": -0.6915078651607571, "pol4": -0.6296126967166893, "v0s": 5.255568686398513}, "datetime": {"datetime": "2022-05-17 22:05:29", "elapsed": 94944.421064, "delta": 11.778497}}
{"target": -1.0, "params": {"Bgrad": 0.5920973883629441, "d1": -0.8477659265104314, "d2": -1.6560119952577814, "d3": -1.7021826904813708, "d4": -2.08058724345992, "p1": 0.23433698031938843, "p2": 34.35366730288848, "p3": 37.639059624446844, "p4": 16.91417079862609, "pol1": -0.060392762906151365, "pol2": 0.5947645479615726, "pol3": 0.2949354779105091, "pol4": -0.9540436564348076, "v0s": 3.703834912691582}, "datetime": {"datetime": "2022-05-17 22:05:35", "elapsed": 94950.755123, "delta": 6.334059}}
{"target": -1.0, "params": {"Bgrad": 1.9315922477728524, "d1": 0.5326186216081057, "d2": -1.6991281956842839, "d3": 0.6425355571742988, "d4": -1.0832996725323585, "p1": 10.10343603933071, "p2": 13.572470405920528, "p3": 12.049095819583606, "p4": 2.7787728157368683, "pol1": -0.12572777751396003, "pol2": 0.8091657750474521, "pol3": 0.051514928358526335, "pol4": 0.0909129458110629, "v0s": 3.361997660993217}, "datetime": {"datetime": "2022-05-17 22:05:46", "elapsed": 94962.14466, "delta": 11.389537}}
{"target": -1.0, "params": {"Bgrad": 0.5696012446117387, "d1": -2.496767908808494, "d2": -2.139497228753424, "d3": 0.49357366163742444, "d4": 0.9533144391448323, "p1": 0.8883124285506083, "p2": 22.16549776200429, "p3": 18.459864539273724, "p4": 26.823178175603424, "pol1": 0.2330456372781633, "pol2": -0.20800047759834395, "pol3": -0.6322718716251063, "pol4": 0.17054849164093144, "v0s": 2.1997806178187727}, "datetime": {"datetime": "2022-05-17 22:05:54", "elapsed": 94969.82811, "delta": 7.68345}}
{"target": 3.111915218491644, "params": {"Bgrad": 1.8409664975245297, "d1": -0.422356810409382, "d2": -2.6218229429771367, "d3": -0.7945000572472374, "d4": -2.484102715423875, "p1": 5.941042007109426, "p2": 13.277445079606693, "p3": 38.145415078578495, "p4": 34.91104729379379, "pol1": 0.11770426886864827, "pol2": -0.489546762416317, "pol3": 0.0357375340461894, "pol4": 0.8595019872170169, "v0s": 3.111915218491644}, "datetime": {"datetime": "2022-05-17 22:05:58", "elapsed": 94973.74264, "delta": 3.91453}}
{"target": 3.3927345635183377, "params": {"Bgrad": 1.601311110724859, "d1": 0.48873158700015606, "d2": -0.32217516643816557, "d3": -2.185217325376565, "d4": -2.4833360145132954, "p1": 25.75164956863433, "p2": 6.5154090586919455, "p3": 41.285000041741405, "p4": 26.182226435686545, "pol1": -0.41715262511023377, "pol2": 0.13625346689842321, "pol3": -0.47872523910877707, "pol4": 0.16894040936369548, "v0s": 3.3927345635183377}, "datetime": {"datetime": "2022-05-17 22:06:01", "elapsed": 94976.966018, "delta": 3.223378}}
{"target": 3.058248469909696, "params": {"Bgrad": 0.8285780783323311, "d1": -0.9259756736006892, "d2": 0.3416631329605644, "d3": -0.4209169181550525, "d4": -2.6232370352216416, "p1": 6.703416267347206, "p2": 19.515029790730164, "p3": 15.978234643538997, "p4": 44.561030092064584, "pol1": 0.7825829759584322, "pol2": -0.9403517979524563, "pol3": -0.5789561244180594, "pol4": -0.22329457456462176, "v0s": 3.058248469909696}, "datetime": {"datetime": "2022-05-17 22:06:04", "elapsed": 94979.880224, "delta": 2.914206}}
{"target": -1.0, "params": {"Bgrad": 1.878029509907516, "d1": -2.2416057860185594, "d2": -0.06405615393003483, "d3": 0.8276625341449462, "d4": -1.0891278190166784, "p1": 40.71096466853404, "p2": 21.4109690938768, "p3": 40.67246274596224, "p4": 38.08492481538444, "pol1": 0.9192072954699744, "pol2": -0.32679998670913224, "pol3": 0.5331888089281136, "pol4": 0.8432356076660641, "v0s": 6.864630097508055}, "datetime": {"datetime": "2022-05-17 22:06:14", "elapsed": 94989.533405, "delta": 9.653181}}
{"target": -1.0, "params": {"Bgrad": 1.7215062378832153, "d1": 0.7931929551271719, "d2": -1.8372683891719026, "d3": -1.2394137621669055, "d4": -2.5757699964366387, "p1": 43.864106176115456, "p2": 17.184966396920963, "p3": 45.26224401246487, "p4": 10.192878579766983, "pol1": -0.30078836947205323, "pol2": 0.38095875515458166, "pol3": 0.8454130481921751, "pol4": 0.3758920260149796, "v0s": 4.040561107932526}, "datetime": {"datetime": "2022-05-17 22:06:23", "elapsed": 94999.054939, "delta": 9.521534}}
{"target": 2.8157681799788827, "params": {"Bgrad": 0.5600651898621448, "d1": -1.6729971300608564, "d2": -1.095355761183622, "d3": -0.07839945835279405, "d4": 0.5745143732521827, "p1": 0.3154520519664139, "p2": 3.836723112295215, "p3": 14.08952731719344, "p4": 26.780946485747258, "pol1": 0.07157119652306898, "pol2": -0.14947304134851103, "pol3": 0.7672748358407753, "pol4": 0.4547040900685686, "v0s": 2.8157681799788827}, "datetime": {"datetime": "2022-05-17 22:06:26", "elapsed": 95002.059902, "delta": 3.004963}}
{"target": -1.0, "params": {"Bgrad": 0.8527045178503523, "d1": -0.9787765779412725, "d2": -1.5499257827047535, "d3": 0.23448017537267463, "d4": -1.322657854771819, "p1": 47.05812785630788, "p2": 9.12282621717705, "p3": 24.139373907884327, "p4": 44.71236857937389, "pol1": -0.8685279172641387, "pol2": -0.4415366734211328, "pol3": -0.5944541491712314, "pol4": 0.9696255185724507, "v0s": 4.810722538808726}, "datetime": {"datetime": "2022-05-17 22:06:35", "elapsed": 95011.05983, "delta": 8.999928}}
{"target": -1.0, "params": {"Bgrad": 1.8322567220491113, "d1": 0.41570163710076224, "d2": -2.5841256670346673, "d3": -1.600225749155899, "d4": -1.01321793622978, "p1": 43.94475220838345, "p2": 49.09270340043756, "p3": 16.847446465858447, "p4": 39.097429751717534, "pol1": 0.7174346724151879, "pol2": -0.4375014172348044, "pol3": -0.6021451292446058, "pol4": 0.2932273583200018, "v0s": 5.384835998241432}, "datetime": {"datetime": "2022-05-17 22:06:43", "elapsed": 95019.177119, "delta": 8.117289}}
{"target": -1.0, "params": {"Bgrad": 0.7318633375247958, "d1": -0.03130987497808757, "d2": -1.5596292478788794, "d3": -0.5813039184720483, "d4": -2.9740281096698795, "p1": 29.525768321047536, "p2": 36.6713005527327, "p3": 17.28371688453816, "p4": 37.96649117689548, "pol1": -0.14605975769066926, "pol2": -0.1535998835158876, "pol3": -0.4012947248075336, "pol4": 0.48211783765629557, "v0s": 7.502509183262472}, "datetime": {"datetime": "2022-05-17 22:06:49", "elapsed": 95024.736251, "delta": 5.559132}}
{"target": -1.0, "params": {"Bgrad": 1.164651858182299, "d1": 0.947938595592642, "d2": 0.197950946841134, "d3": -1.75505900290525, "d4": -2.0675788072634798, "p1": 17.946800201882347, "p2": 20.23346430136851, "p3": 24.794914521918482, "p4": 35.076687116755046, "pol1": 0.6819966695141744, "pol2": -0.8818519565081304, "pol3": -0.09385597598567186, "pol4": -0.14488822014139457, "v0s": 4.544194487003364}, "datetime": {"datetime": "2022-05-17 22:07:03", "elapsed": 95038.814596, "delta": 14.078345}}
{"target": -1.0, "params": {"Bgrad": 1.3455156328892623, "d1": 0.7592072406779478, "d2": -1.6787143356179688, "d3": 0.7958725685734858, "d4": -2.0164629683613895, "p1": 27.42025138601103, "p2": 35.67004180098325, "p3": 44.03108479962601, "p4": 39.08493448899908, "pol1": 0.9315225179750983, "pol2": 0.10228620545193157, "pol3": 0.8108526750809737, "pol4": 0.30936871391266285, "v0s": 3.0140605771871076}, "datetime": {"datetime": "2022-05-17 22:07:13", "elapsed": 95049.11006, "delta": 10.295464}}
{"target": -1.0, "params": {"Bgrad": 0.5459910727131295, "d1": 0.043122007034608334, "d2": -0.28951971166343426, "d3": -1.8467461401074892, "d4": -2.575933548022375, "p1": 34.473011071012856, "p2": 37.47262576984433, "p3": 27.914100489775535, "p4": 33.26186816971089, "pol1": -0.19187803608286447, "pol2": 0.7321750391739641, "pol3": 0.06480256350257196, "pol4": 0.7896784033600222, "v0s": 6.438257330379725}, "datetime": {"datetime": "2022-05-17 22:07:19", "elapsed": 95054.241336, "delta": 5.131276}}
{"target": -1.0, "params": {"Bgrad": 1.284352816996442, "d1": -0.12137147615090438, "d2": 0.5469840494920444, "d3": -2.2219548595083523, "d4": -1.2807797929205207, "p1": 42.967550436568466, "p2": 1.5248182553431244, "p3": 6.654109107776806, "p4": 20.267344000155692, "pol1": -0.7752820038286263, "pol2": 0.4523040250984516, "pol3": 0.9496199991833363, "pol4": -0.021866869641741893, "v0s": 7.761604955563078}, "datetime": {"datetime": "2022-05-17 22:07:27", "elapsed": 95062.586018, "delta": 8.344682}}
{"target": -1.0, "params": {"Bgrad": 0.7036536770868046, "d1": -0.1982263007901932, "d2": -0.6685667427100155, "d3": 0.16693424993531103, "d4": -0.8491975506208336, "p1": 48.994639853078844, "p2": 21.982639080670097, "p3": 47.51361767507481, "p4": 45.91392611112547, "pol1": -0.15226065420901547, "pol2": -0.17895618795354706, "pol3": -0.960105869382669, "pol4": -0.103011773993263, "v0s": 3.1964600722812984}, "datetime": {"datetime": "2022-05-17 22:07:32", "elapsed": 95067.370221, "delta": 4.784203}}
{"target": 3.209184156585681, "params": {"Bgrad": 1.003888451104701, "d1": -1.86993682959057, "d2": -0.3192081299663916, "d3": -1.2393057026405705, "d4": -0.5990039155252362, "p1": 42.175921624218645, "p2": 41.63860024327447, "p3": 29.27786713452788, "p4": 22.02682234531756, "pol1": -0.1991794856689666, "pol2": -0.8577457278448037, "pol3": -0.06523603854896987, "pol4": -0.19391436906087178, "v0s": 3.209184156585681}, "datetime": {"datetime": "2022-05-17 22:07:36", "elapsed": 95071.948975, "delta": 4.578754}}
{"target": -1.0, "params": {"Bgrad": 1.7040874430119612, "d1": -0.20740808830993895, "d2": 0.9016324552388508, "d3": -1.457936715196026, "d4": -1.332289662510409, "p1": 25.986745975215552, "p2": 17.664422829719477, "p3": 27.262337219765616, "p4": 44.48762708679759, "pol1": 0.4610387733466308, "pol2": -0.5869761003988754, "pol3": 0.6003057591371754, "pol4": 0.5906161260780873, "v0s": 6.794545762411}, "datetime": {"datetime": "2022-05-17 22:07:48", "elapsed": 95083.575877, "delta": 11.626902}}
{"target": -1.0, "params": {"Bgrad": 0.9752039809441062, "d1": -0.5481939170977923, "d2": -0.3908360722129034, "d3": -2.519099984356326, "d4": 0.6747011615375138, "p1": 18.40678867585736, "p2": 34.41883618174393, "p3": 46.416918968188234, "p4": 33.74360815858161, "pol1": 0.8769548254548434, "pol2": 0.3982153140458511, "pol3": -0.6582842107523128, "pol4": 0.4578110181500046, "v0s": 4.434320883742982}, "datetime": {"datetime": "2022-05-17 22:07:59", "elapsed": 95094.66422, "delta": 11.088343}}
{"target": -1.0, "params": {"Bgrad": 0.9778599400696983, "d1": 0.12258508440405125, "d2": 0.16195654145341498, "d3": 0.7960470626255831, "d4": -2.187258819163354, "p1": 26.633216556398487, "p2": 38.60612293155915, "p3": 25.81744343799141, "p4": 11.439322697394305, "pol1": 0.9905805826300846, "pol2": 0.7786396871275592, "pol3": 0.15428667427312526, "pol4": 0.07609561368694195, "v0s": 7.039856708469708}, "datetime": {"datetime": "2022-05-17 22:08:08", "elapsed": 95103.480639, "delta": 8.816419}}
{"target": -1.0, "params": {"Bgrad": 1.8719509720372363, "d1": 0.2783414227271135, "d2": -1.268760897789459, "d3": 0.42249252591676845, "d4": -2.0975786728321673, "p1": 27.025803350942596, "p2": 15.757514430992186, "p3": 5.981724786276193, "p4": 7.275597637660336, "pol1": 0.8732096353757108, "pol2": -0.6100151443170267, "pol3": 0.29982025848256066, "pol4": -0.521757684119835, "v0s": 5.152817436393951}, "datetime": {"datetime": "2022-05-17 22:08:17", "elapsed": 95112.783757, "delta": 9.303118}}
{"target": -1.0, "params": {"Bgrad": 0.6959513061718144, "d1": -1.8418386158542455, "d2": -1.3979018798075367, "d3": -0.17328490310878442, "d4": 0.6042797414050605, "p1": 21.428856599217873, "p2": 35.69109842898595, "p3": 6.954323027473958, "p4": 5.0287537236323505, "pol1": -0.10378081925317173, "pol2": 0.5210124669598837, "pol3": -0.536769431852645, "pol4": 0.6182656473886026, "v0s": 3.514446413367234}, "datetime": {"datetime": "2022-05-17 22:08:23", "elapsed": 95118.875464, "delta": 6.091707}}
{"target": -1.0, "params": {"Bgrad": 0.6257018403805683, "d1": -0.9479975438808457, "d2": -2.9960887673641827, "d3": -0.16754784176555448, "d4": -0.043763005554980694, "p1": 48.665979815192465, "p2": 33.158230343437914, "p3": 24.710836296511896, "p4": 3.6811658558241644, "pol1": 0.0685900542453306, "pol2": -0.7163392119243548, "pol3": 0.6047775247752978, "pol4": 0.15229770107349005, "v0s": 3.277485425903738}, "datetime": {"datetime": "2022-05-17 22:08:29", "elapsed": 95124.579208, "delta": 5.703744}}
{"target": -1.0, "params": {"Bgrad": 1.5605827680122206, "d1": -1.6679660923360342, "d2": -0.3236071506919602, "d3": 0.11820435258720474, "d4": -2.6536955252155514, "p1": 25.532823128537313, "p2": 5.183718103195284, "p3": 32.4730752875091, "p4": 15.774894125369016, "pol1": 0.28700238084906604, "pol2": -0.9028924358631638, "pol3": 0.7339927940400579, "pol4": -0.04368148997586774, "v0s": 6.761319131765314}, "datetime": {"datetime": "2022-05-17 22:08:38", "elapsed": 95134.207457, "delta": 9.628249}}
{"target": -1.0, "params": {"Bgrad": 0.8399554672517751, "d1": -1.660105030988269, "d2": 0.05509969284572147, "d3": 0.4136916662167689, "d4": -1.2515045406170553, "p1": 46.51661650031817, "p2": 28.980714942017933, "p3": 2.4548740715452597, "p4": 22.64306689775033, "pol1": -0.679199907344638, "pol2": 0.4656488938428971, "pol3": -0.30529466413866313, "pol4": -0.5976447205876947, "v0s": 7.056728204385938}, "datetime": {"datetime": "2022-05-17 22:08:45", "elapsed": 95140.727019, "delta": 6.519562}}
{"target": -1.0, "params": {"Bgrad": 1.726694497703424, "d1": -1.6254132365776832, "d2": -1.385508835034583, "d3": -2.75760075928372, "d4": -2.2844611304930753, "p1": 36.79594219234381, "p2": 28.3065174245432, "p3": 41.161848505065336, "p4": 25.057504906239174, "pol1": 0.5357248313509415, "pol2": 0.019836000954134958, "pol3": 0.13613806115588845, "pol4": -0.6307640714056286, "v0s": 5.266406147100721}, "datetime": {"datetime": "2022-05-17 22:08:54", "elapsed": 95150.178739, "delta": 9.45172}}
{"target": -1.0, "params": {"Bgrad": 0.8015497230675073, "d1": -0.775123311612083, "d2": -2.4342350493669684, "d3": -2.255960042834435, "d4": 0.059135840772315706, "p1": 3.5443132855715485, "p2": 18.465682279580452, "p3": 43.89390094592739, "p4": 5.216869990733536, "pol1": -0.281693569478499, "pol2": -0.7720792648035932, "pol3": 0.7530815151409229, "pol4": -0.7475257742393238, "v0s": 3.5273330470563398}, "datetime": {"datetime": "2022-05-17 22:09:02", "elapsed": 95157.411395, "delta": 7.232656}}
{"target": -1.0, "params": {"Bgrad": 1.132859528778463, "d1": -0.33897592879922867, "d2": -1.6211787618071893, "d3": -2.145993338813117, "d4": -1.5064595769341587, "p1": 28.551231308234836, "p2": 49.53756746965174, "p3": 16.35825879056847, "p4": 18.110166819049155, "pol1": 0.4124705073440349, "pol2": -0.4021286171794538, "pol3": -0.300598557902261, "pol4": 0.9894154709586567, "v0s": 5.625604272696653}, "datetime": {"datetime": "2022-05-17 22:09:10", "elapsed": 95166.108134, "delta": 8.696739}}
{"target": 2.0485395398304984, "params": {"Bgrad": 1.7432161925572038, "d1": -2.8733372380535225, "d2": -2.4180391210951644, "d3": -0.08908682313218819, "d4": -0.8410242176359404, "p1": 49.76322532299901, "p2": 24.78148297254046, "p3": 19.2051934253949, "p4": 9.71870006168809, "pol1": 0.18033288913217094, "pol2": 0.5332503730903142, "pol3": 0.8488783744420556, "pol4": -0.7247483474791931, "v0s": 2.0485395398304984}, "datetime": {"datetime": "2022-05-17 22:09:16", "elapsed": 95172.211809, "delta": 6.103675}}
{"target": -1.0, "params": {"Bgrad": 1.216940733832304, "d1": -2.2682096549723108, "d2": -0.5586455539742867, "d3": -0.518922781694255, "d4": -1.3614792597144647, "p1": 33.8602631943766, "p2": 9.983528455529072, "p3": 40.429099024239164, "p4": 2.516984210281892, "pol1": -0.6562762826931854, "pol2": 0.9612046381391344, "pol3": 0.8007543588136328, "pol4": 0.8794580422474132, "v0s": 7.450665760072688}, "datetime": {"datetime": "2022-05-17 22:09:28", "elapsed": 95183.666173, "delta": 11.454364}}
{"target": -1.0, "params": {"Bgrad": 1.1621257999300345, "d1": 0.7552164145359215, "d2": -2.0503461477252465, "d3": -2.801942752244831, "d4": -0.7709437021082843, "p1": 15.666011756225462, "p2": 26.603865819860275, "p3": 23.580428472678705, "p4": 24.156620475789286, "pol1": 0.14015505870993183, "pol2": 0.8468845553101947, "pol3": -0.5276150128814951, "pol4": 0.7521602981985498, "v0s": 6.403012599551857}, "datetime": {"datetime": "2022-05-17 22:09:36", "elapsed": 95192.160454, "delta": 8.494281}}
{"target": -1.0, "params": {"Bgrad": 0.6188161445046512, "d1": 0.34154994401223737, "d2": -1.4094239258190684, "d3": -1.6570475607153416, "d4": -2.99842798723135, "p1": 12.290259299309502, "p2": 34.39731749337717, "p3": 42.5586317556842, "p4": 12.052473468475977, "pol1": -0.25812045897998104, "pol2": -0.6991533244695274, "pol3": 0.6070003282145191, "pol4": 0.43404744680899165, "v0s": 6.2028691242771465}, "datetime": {"datetime": "2022-05-17 22:09:42", "elapsed": 95198.069649, "delta": 5.909195}}
{"target": -1.0, "params": {"Bgrad": 1.5182817861591626, "d1": 0.5681800163428719, "d2": 0.5321239695940352, "d3": -0.4985286060828651, "d4": -1.8448864918404193, "p1": 20.155139266077683, "p2": 1.44786252276089, "p3": 45.824200700106985, "p4": 34.37238669360159, "pol1": 0.8163416470589979, "pol2": -0.39582572576279773, "pol3": 0.8896529079217619, "pol4": 0.7280623434810656, "v0s": 7.316076554528907}, "datetime": {"datetime": "2022-05-17 22:09:53", "elapsed": 95208.750083, "delta": 10.680434}}
{"target": -1.0, "params": {"Bgrad": 0.5002119953126403, "d1": -1.4910391242987626, "d2": -2.5106988308689795, "d3": 0.7312316258761853, "d4": -0.945170989939669, "p1": 24.466820671345253, "p2": 24.34605834170831, "p3": 28.51459505116075, "p4": 27.225375492774656, "pol1": 0.8342217217266596, "pol2": 0.7687690930543798, "pol3": 0.5674385185901689, "pol4": -0.3545453284508582, "v0s": 6.706624529428049}, "datetime": {"datetime": "2022-05-17 22:09:59", "elapsed": 95214.614399, "delta": 5.864316}}
{"target": -1.0, "params": {"Bgrad": 0.7177782126676877, "d1": 0.4409048006814502, "d2": 0.09199896648498607, "d3": 0.10386854227499276, "d4": -0.8852052225544633, "p1": 22.509268334538397, "p2": 11.331574634625207, "p3": 40.43390885347759, "p4": 48.29645482809379, "pol1": 0.0870639444007113, "pol2": 0.8044149140947805, "pol3": -0.43529911605076044, "pol4": 0.03551050269905209, "v0s": 3.96897553655098}, "datetime": {"datetime": "2022-05-17 22:10:07", "elapsed": 95223.113666, "delta": 8.499267}}
{"target": 5.588892589574558, "params": {"Bgrad": 1.9877017388101792, "d1": -1.99873339270889, "d2": -0.2849780499540362, "d3": 0.05680831599882197, "d4": -2.8710934451102728, "p1": 49.11356141751639, "p2": 4.566136990185893, "p3": 30.70374159695059, "p4": 7.467540541282524, "pol1": 0.041592993410164425, "pol2": -0.813309812799385, "pol3": 0.5624008799795126, "pol4": 0.545862034569101, "v0s": 5.588892589574558}, "datetime": {"datetime": "2022-05-17 22:10:16", "elapsed": 95231.819381, "delta": 8.705715}}
{"target": -1.0, "params": {"Bgrad": 0.5218149793633444, "d1": -2.8319031178214353, "d2": -2.2761173703563293, "d3": 0.8881226839282932, "d4": -1.9815992442776107, "p1": 37.55044129316143, "p2": 14.061760478293166, "p3": 12.775930876818176, "p4": 12.89318679893131, "pol1": -0.4058940089797498, "pol2": -0.9821107901257256, "pol3": 0.9743523641358498, "pol4": 0.1329212716446262, "v0s": 5.611054467720753}, "datetime": {"datetime": "2022-05-17 22:10:22", "elapsed": 95237.567008, "delta": 5.747627}}
