{"target": 0.04085885632921326, "params": {"beta_1": 0.6911214540860955, "beta_2": 1.9838373711533497, "det_1": 123.8816734003357, "det_2": 15.47986286008237, "laseroff": 505566.16489952744, "laseron": 171312.19591657026, "main_det": 18.781174363909454}, "datetime": {"datetime": "2022-01-07 19:49:48", "elapsed": 0.0, "delta": 0.0}}
{"target": 0.0026662404227900667, "params": {"beta_1": 0.05477518639585233, "beta_2": 3.352337550892011, "det_1": 111.7304802367127, "det_2": 18.96724571114379, "laseroff": 342116.94119163154, "laseron": 170284.89687437, "main_det": 18.007445686755368}, "datetime": {"datetime": "2022-01-07 19:52:43", "elapsed": 174.867708, "delta": 174.867708}}
{"target": 0.0, "params": {"beta_1": 1.936523151438795, "beta_2": 1.5671208907962142, "det_1": 139.2322615669314, "det_2": 26.909728807400956, "laseroff": 568382.1044444907, "laseron": 151996.75163117528, "main_det": 10.390547832328824}, "datetime": {"datetime": "2022-01-07 19:58:15", "elapsed": 507.322366, "delta": 332.454658}}
{"target": 0.007925819971538819, "params": {"beta_1": 0.3396608391291378, "beta_2": 4.390712517147065, "det_1": 79.834683383305, "det_2": 15.527690625126304, "laseroff": 587366.9011556203, "laseron": 224484.81649723524, "main_det": 16.918771139504734}, "datetime": {"datetime": "2022-01-07 20:03:59", "elapsed": 851.343736, "delta": 344.02137}}
{"target": 0.03598013424360229, "params": {"beta_1": 0.6310312620121259, "beta_2": 3.4325046384079183, "det_1": 153.46256718973729, "det_2": 5.4572069336047955, "laseroff": 525043.5443391753, "laseron": 298198.1697415146, "main_det": 17.481656543798394}, "datetime": {"datetime": "2022-01-07 20:09:27", "elapsed": 1178.842387, "delta": 327.498651}}
{"target": 0.0006318896107502067, "params": {"beta_1": 1.9634507470698481, "beta_2": 4.516377111772628, "det_1": 95.44831551191457, "det_2": 28.543827867251128, "laseroff": 475182.4512302836, "laseron": 169363.05894596118, "main_det": 12.717139007929209}, "datetime": {"datetime": "2022-01-07 20:13:55", "elapsed": 1446.962738, "delta": 268.120351}}
{"target": 0.00760255686877395, "params": {"beta_1": 1.929881010126165, "beta_2": 0.331498291063716, "det_1": 75.22329846355615, "det_2": 20.288495342499388, "laseroff": 473719.1132017481, "laseron": 277475.4277611871, "main_det": 14.026377997653736}, "datetime": {"datetime": "2022-01-07 20:19:05", "elapsed": 1757.316093, "delta": 310.353355}}
{"target": 0.0, "params": {"beta_1": 1.6911843063279608, "beta_2": 1.0577412931504053, "det_1": 108.65181000974309, "det_2": 27.088122787371827, "laseroff": 514535.1119335778, "laseron": 168136.201404807, "main_det": 14.479629838276347}, "datetime": {"datetime": "2022-01-07 20:24:03", "elapsed": 2055.57752, "delta": 298.261427}}
{"target": 0.0, "params": {"beta_1": 0.8828686460246657, "beta_2": 2.544868626758462, "det_1": 128.37946756819605, "det_2": 25.986188369028767, "laseroff": 300810.0693495525, "laseron": 270558.40590840206, "main_det": 11.112039466220212}, "datetime": {"datetime": "2022-01-07 20:24:25", "elapsed": 2077.06631, "delta": 21.48879}}
{"target": 0.0018638631458928953, "params": {"beta_1": 1.4331713157863308, "beta_2": 3.257840614676273, "det_1": 80.45538045187527, "det_2": 7.177136353899356, "laseroff": 496565.1781754979, "laseron": 272737.3974596912, "main_det": 12.017953936666357}, "datetime": {"datetime": "2022-01-07 20:29:27", "elapsed": 2379.529294, "delta": 302.462984}}
{"target": 0.0, "params": {"beta_1": 1.8501976935442401, "beta_2": 4.190962665675807, "det_1": 70.7584767675558, "det_2": 27.35553072653121, "laseroff": 301610.87585691886, "laseron": 220534.34658118995, "main_det": 14.444980616083075}, "datetime": {"datetime": "2022-01-07 20:31:08", "elapsed": 2480.317336, "delta": 100.788042}}
{"target": 0.022997758989553946, "params": {"beta_1": 1.963859362182173, "beta_2": 0.9902928006358436, "det_1": 162.92146901877766, "det_2": 15.383178764458648, "laseroff": 421337.10099470965, "laseron": 140845.64245595384, "main_det": 17.80641679140155}, "datetime": {"datetime": "2022-01-07 20:35:39", "elapsed": 2751.747391, "delta": 271.430055}}
{"target": 0.0, "params": {"beta_1": 1.257746754459569, "beta_2": 4.14315025498424, "det_1": 132.30026987929463, "det_2": 13.249862328819118, "laseroff": 388226.55110514764, "laseron": 152960.13135392772, "main_det": 10.136850457756788}, "datetime": {"datetime": "2022-01-07 20:38:50", "elapsed": 2942.51072, "delta": 190.763329}}
{"target": 0.0, "params": {"beta_1": 0.9306317309639862, "beta_2": 1.1781550175116466, "det_1": 89.20099229769184, "det_2": 7.419876245283515, "laseroff": 578311.9751969827, "laseron": 207644.61608534603, "main_det": 15.963782908914641}, "datetime": {"datetime": "2022-01-07 20:43:37", "elapsed": 3229.166046, "delta": 286.655326}}
{"target": 0.054566917835597833, "params": {"beta_1": 1.6520602878395205, "beta_2": 3.887361996220431, "det_1": 141.73417076793356, "det_2": 23.782387743754956, "laseroff": 557619.2386737224, "laseron": 139332.5289159504, "main_det": 17.071107857516687}, "datetime": {"datetime": "2022-01-07 20:48:25", "elapsed": 3517.813604, "delta": 288.647558}}
{"target": 0.0031750158876813527, "params": {"beta_1": 0.44792753259015505, "beta_2": 4.8347131596232, "det_1": 123.44100433547335, "det_2": 23.71018383260779, "laseroff": 549625.9885373482, "laseron": 188011.2836925565, "main_det": 15.544662287488052}, "datetime": {"datetime": "2022-01-07 21:22:34", "elapsed": 0.0, "delta": 0.0}}
{"target": 0.0031750158876813527, "params": {"beta_1": 0.44792753259015505, "beta_2": 4.8347131596232, "det_1": 123.44100433547335, "det_2": 23.71018383260779, "laseroff": 549625.9885373482, "laseron": 188011.2836925565, "main_det": 15.544662287488052}, "datetime": {"datetime": "2022-01-07 21:22:34", "elapsed": 0.018953, "delta": 0.018953}}
{"target": 0.0031750158876813527, "params": {"beta_1": 0.44792753259015505, "beta_2": 4.8347131596232, "det_1": 123.44100433547335, "det_2": 23.71018383260779, "laseroff": 549625.9885373482, "laseron": 188011.2836925565, "main_det": 15.544662287488052}, "datetime": {"datetime": "2022-01-07 21:22:34", "elapsed": 0.024249, "delta": 0.005296}}
{"target": 0.0031750158876813527, "params": {"beta_1": 0.44792753259015505, "beta_2": 4.8347131596232, "det_1": 123.44100433547335, "det_2": 23.71018383260779, "laseroff": 549625.9885373482, "laseron": 188011.2836925565, "main_det": 15.544662287488052}, "datetime": {"datetime": "2022-01-07 21:22:34", "elapsed": 0.025282, "delta": 0.001033}}
{"target": 0.0031750158876813527, "params": {"beta_1": 0.44792753259015505, "beta_2": 4.8347131596232, "det_1": 123.44100433547335, "det_2": 23.71018383260779, "laseroff": 549625.9885373482, "laseron": 188011.2836925565, "main_det": 15.544662287488052}, "datetime": {"datetime": "2022-01-07 21:22:34", "elapsed": 0.025282, "delta": 0.0}}
{"target": 0.013556752153316184, "params": {"beta_1": 1.5303725262384222, "beta_2": 0.5475876235197658, "det_1": 122.19804080387406, "det_2": 24.206005694143848, "laseroff": 506142.0648389654, "laseron": 159751.0940308912, "main_det": 12.019246210179316}, "datetime": {"datetime": "2022-01-07 21:25:52", "elapsed": 198.36383, "delta": 198.338548}}
{"target": 0.0014361727225601327, "params": {"beta_1": 1.1530709947527131, "beta_2": 1.0902812755597313, "det_1": 135.68141255243444, "det_2": 14.082119798714125, "laseroff": 304197.09608067473, "laseron": 200740.1560088017, "main_det": 14.020513552312263}, "datetime": {"datetime": "2022-01-07 21:27:25", "elapsed": 291.766527, "delta": 93.402697}}
{"target": 0.0666753843838724, "params": {"beta_1": 0.6461462109437031, "beta_2": 3.563920913781865, "det_1": 117.99223775601251, "det_2": 5.669679716550722, "laseroff": 504757.18005055864, "laseron": 264356.89973333676, "main_det": 19.74010227764638}, "datetime": {"datetime": "2022-01-07 21:30:38", "elapsed": 484.059513, "delta": 192.292986}}
{"target": 0.0, "params": {"beta_1": 0.530358577020936, "beta_2": 4.607130655058494, "det_1": 134.4976131476799, "det_2": 21.669311906371547, "laseroff": 357511.3726365164, "laseron": 217185.86911170493, "main_det": 10.362228321989944}, "datetime": {"datetime": "2022-01-07 21:32:09", "elapsed": 575.067479, "delta": 91.007966}}
{"target": 0.0, "params": {"beta_1": 0.07060211402360661, "beta_2": 3.51062386123337, "det_1": 150.9688494545838, "det_2": 16.909900766028898, "laseroff": 374280.35126210493, "laseron": 261114.5204839869, "main_det": 10.195141918198056}, "datetime": {"datetime": "2022-01-07 21:33:46", "elapsed": 672.192412, "delta": 97.124933}}
{"target": 0.017651834140168358, "params": {"beta_1": 1.8125720231021003, "beta_2": 1.525191723351789, "det_1": 120.6596390090243, "det_2": 10.719439862262075, "laseroff": 469304.68602907733, "laseron": 236152.23495829685, "main_det": 12.78482283919008}, "datetime": {"datetime": "2022-01-07 21:36:52", "elapsed": 858.79342, "delta": 186.601008}}
{"target": 0.04942946536311037, "params": {"beta_1": 0.6314304708050258, "beta_2": 0.45588622818324653, "det_1": 116.61419044867812, "det_2": 7.507469135996737, "laseroff": 511814.6437241028, "laseron": 221423.84212320438, "main_det": 14.872293918735267}, "datetime": {"datetime": "2022-01-07 21:39:46", "elapsed": 1032.37043, "delta": 173.57701}}
{"target": 0.00489401349973855, "params": {"beta_1": 0.6847636450861367, "beta_2": 3.7450036461475116, "det_1": 153.49296657312294, "det_2": 12.891372480335063, "laseroff": 525953.4591001516, "laseron": 282220.42205420136, "main_det": 13.261917444656671}, "datetime": {"datetime": "2022-01-07 21:42:57", "elapsed": 1223.71575, "delta": 191.34532}}
{"target": 0.013790296202857813, "params": {"beta_1": 1.0045935850518821, "beta_2": 0.8910796139324534, "det_1": 157.4585838860724, "det_2": 28.45755379988774, "laseroff": 527859.8287947293, "laseron": 262823.1371535405, "main_det": 12.981019220775748}, "datetime": {"datetime": "2022-01-07 21:46:38", "elapsed": 1444.712753, "delta": 220.997003}}
{"target": 0.0016558988936634018, "params": {"beta_1": 1.1440640691349095, "beta_2": 0.29310351339127627, "det_1": 118.4785951193837, "det_2": 16.240859852377536, "laseroff": 333732.6786467894, "laseron": 262729.9244342019, "main_det": 15.56613493640847}, "datetime": {"datetime": "2022-01-07 21:48:18", "elapsed": 1544.344495, "delta": 99.631742}}
{"target": 0.0030657107389221016, "params": {"beta_1": 0.5608879841288104, "beta_2": 3.946396642257443, "det_1": 80.3226006577642, "det_2": 16.197338154397627, "laseroff": 572578.7423324256, "laseron": 185735.0246409264, "main_det": 12.877753385863487}, "datetime": {"datetime": "2022-01-07 21:51:32", "elapsed": 1738.369254, "delta": 194.024759}}
{"target": 0.00027416981056498286, "params": {"beta_1": 0.26005714423655535, "beta_2": 0.09683478935148537, "det_1": 137.8835532939891, "det_2": 10.290702900001476, "laseroff": 379664.7322650085, "laseron": 217756.8742451875, "main_det": 10.533625451170805}, "datetime": {"datetime": "2022-01-07 21:53:29", "elapsed": 1854.850017, "delta": 116.480763}}
{"target": 0.0422232611973932, "params": {"beta_1": 1.1482352109840261, "beta_2": 0.7336428745290507, "det_1": 128.93055369032842, "det_2": 22.49395900052328, "laseroff": 330701.22631391895, "laseron": 205217.69658969337, "main_det": 16.94400157727745}, "datetime": {"datetime": "2022-01-07 21:55:38", "elapsed": 1984.516993, "delta": 129.666976}}
{"target": 0.03525303584146994, "params": {"beta_1": 0.8283585390538053, "beta_2": 0.2497672947304358, "det_1": 123.58964059155116, "det_2": 21.59486613049472, "laseroff": 454467.2187283805, "laseron": 291037.647729074, "main_det": 15.86555040501993}, "datetime": {"datetime": "2022-01-07 21:58:48", "elapsed": 2174.422409, "delta": 189.905416}}
{"target": 0.05222433192825693, "params": {"beta_1": 1.806803830575767, "beta_2": 0.6873735207311876, "det_1": 83.92763472507585, "det_2": 25.184782217738096, "laseroff": 419303.6534188231, "laseron": 164987.69492563503, "main_det": 19.275085803960337}, "datetime": {"datetime": "2022-01-07 22:01:19", "elapsed": 2325.727679, "delta": 151.30527}}
{"target": 0.0074808705992814774, "params": {"beta_1": 0.6955317194910131, "beta_2": 3.7540605156807776, "det_1": 142.59979853504515, "det_2": 27.082652280145247, "laseroff": 487102.0384444756, "laseron": 259712.44812826207, "main_det": 13.488983419778425}, "datetime": {"datetime": "2022-01-07 22:04:34", "elapsed": 2520.426651, "delta": 194.698972}}
{"target": 0.00017223731944736483, "params": {"beta_1": 0.5398557835300521, "beta_2": 4.479431090980334, "det_1": 112.8091189871295, "det_2": 29.12100117870964, "laseroff": 499032.7859040366, "laseron": 238805.49970102753, "main_det": 11.147459729533752}, "datetime": {"datetime": "2022-01-07 22:07:27", "elapsed": 2693.48634, "delta": 173.059689}}
{"target": 0.011232873861050086, "params": {"beta_1": 1.8989785174141425, "beta_2": 2.2495606673997024, "det_1": 127.83896143871317, "det_2": 15.20342006903203, "laseroff": 371108.8570459281, "laseron": 284370.67124615016, "main_det": 15.736794866722859}, "datetime": {"datetime": "2022-01-07 22:09:49", "elapsed": 2835.71531, "delta": 142.22897}}
{"target": 0.06291358996665679, "params": {"beta_1": 0.00574065406231794, "beta_2": 3.085724568103619, "det_1": 102.66449017720961, "det_2": 18.176452556440232, "laseroff": 565782.743851133, "laseron": 196031.95637800437, "main_det": 19.08535150919799}, "datetime": {"datetime": "2022-01-07 22:12:52", "elapsed": 3018.68095, "delta": 182.96564}}
{"target": 0.0, "params": {"beta_1": 1.2467202315836055, "beta_2": 0.07910621423278141, "det_1": 162.94372337437613, "det_2": 22.2724229379231, "laseroff": 599196.8578125937, "laseron": 166117.80062994035, "main_det": 11.371357496288777}, "datetime": {"datetime": "2022-01-07 22:16:02", "elapsed": 3207.977846, "delta": 189.296896}}
{"target": 0.01360594183624918, "params": {"beta_1": 1.6556497991904828, "beta_2": 2.957061253387629, "det_1": 131.36878243111815, "det_2": 18.73056501223325, "laseroff": 479405.9014445257, "laseron": 241510.1547470786, "main_det": 13.453454851421183}, "datetime": {"datetime": "2022-01-07 22:19:06", "elapsed": 3392.018309, "delta": 184.040463}}
{"target": 0.0, "params": {"beta_1": 0.2740139042858136, "beta_2": 4.965489431077621, "det_1": 100.07126522491073, "det_2": 21.920966480191936, "laseroff": 338000.9925096985, "laseron": 254960.1823181615, "main_det": 10.786975637924598}, "datetime": {"datetime": "2022-01-07 22:20:15", "elapsed": 3461.637151, "delta": 69.618842}}
{"target": 0.025228912994637788, "params": {"beta_1": 1.0442605861827723, "beta_2": 4.048792846926784, "det_1": 128.23661282412144, "det_2": 13.399725448527121, "laseroff": 505758.0376096027, "laseron": 264779.73142635776, "main_det": 17.087336174424216}, "datetime": {"datetime": "2022-01-07 22:23:18", "elapsed": 3644.595211, "delta": 182.95806}}
{"target": 0.05529764415983944, "params": {"beta_1": 1.049855605360681, "beta_2": 2.8609443374074472, "det_1": 152.35226618454405, "det_2": 15.120159772139303, "laseroff": 505476.5857484036, "laseron": 265013.713736248, "main_det": 16.687050279676747}, "datetime": {"datetime": "2022-01-07 22:26:23", "elapsed": 3829.170588, "delta": 184.575377}}
{"target": 0.0, "params": {"beta_1": 1.9875116237392416, "beta_2": 1.606926297720248, "det_1": 136.2744296899824, "det_2": 12.10746500824611, "laseroff": 565727.4826711363, "laseron": 195857.7454103338, "main_det": 17.966950347654375}, "datetime": {"datetime": "2022-01-07 22:29:29", "elapsed": 4015.600491, "delta": 186.429903}}
{"target": 0.0, "params": {"beta_1": 0.907875159964858, "beta_2": 4.355482677238192, "det_1": 114.71241347364578, "det_2": 7.129134544671086, "laseroff": 320554.88930920226, "laseron": 256066.0977022922, "main_det": 17.088051766828585}, "datetime": {"datetime": "2022-01-07 22:29:51", "elapsed": 4037.500951, "delta": 21.90046}}
{"target": 0.0, "params": {"beta_1": 0.524486912371809, "beta_2": 2.0964462576225107, "det_1": 102.94843266525768, "det_2": 8.738074587397524, "laseroff": 583031.5380267466, "laseron": 151833.1767448798, "main_det": 15.296271649147828}, "datetime": {"datetime": "2022-01-07 22:33:05", "elapsed": 4231.62546, "delta": 194.124509}}
{"target": 0.009430437687175882, "params": {"beta_1": 1.1329090999347624, "beta_2": 2.9039238256541413, "det_1": 120.66064025687638, "det_2": 20.63446645604312, "laseroff": 304007.0241359335, "laseron": 180382.65420565015, "main_det": 16.206239498099663}, "datetime": {"datetime": "2022-01-07 22:34:55", "elapsed": 4341.116805, "delta": 109.491345}}
{"target": 0.05286223917903646, "params": {"beta_1": 1.9285990920685998, "beta_2": 0.462412748750336, "det_1": 136.90518079079166, "det_2": 25.554821493430946, "laseroff": 500664.92418345716, "laseron": 225639.27103333722, "main_det": 18.67804472894203}, "datetime": {"datetime": "2022-01-07 22:37:41", "elapsed": 4506.901406, "delta": 165.784601}}
{"target": 0.0018862265905576082, "params": {"beta_1": 0.6737327049206501, "beta_2": 1.5118620518467156, "det_1": 88.32642370445645, "det_2": 20.322927892206437, "laseroff": 420502.30343173514, "laseron": 183468.68501849895, "main_det": 10.430913406134545}, "datetime": {"datetime": "2022-01-07 22:40:17", "elapsed": 4663.642649, "delta": 156.741243}}
{"target": 0.06076087580697193, "params": {"beta_1": 0.05515000869779163, "beta_2": 2.2738925661680454, "det_1": 138.86389008326793, "det_2": 9.771422521067851, "laseroff": 501508.65534638317, "laseron": 193430.9096628278, "main_det": 18.208104729104765}, "datetime": {"datetime": "2022-01-07 22:43:08", "elapsed": 4834.320107, "delta": 170.677458}}
{"target": 0.016599823969917726, "params": {"beta_1": 0.5677767448529738, "beta_2": 2.206600231427391, "det_1": 93.96100133211377, "det_2": 23.424070708681693, "laseroff": 447567.3247716266, "laseron": 257353.11680187995, "main_det": 14.179596004613396}, "datetime": {"datetime": "2022-01-07 22:46:17", "elapsed": 5023.600574, "delta": 189.280467}}
{"target": 0.023395600457919604, "params": {"beta_1": 1.3195003869547544, "beta_2": 3.7716798356991754, "det_1": 116.39312394692706, "det_2": 11.238238356423583, "laseroff": 526890.8396411841, "laseron": 183391.09688171727, "main_det": 15.095291690845968}, "datetime": {"datetime": "2022-01-07 22:49:33", "elapsed": 5219.442861, "delta": 195.842287}}
{"target": 0.0427812344866706, "params": {"beta_1": 0.4965535358437989, "beta_2": 3.068182599748069, "det_1": 109.67036640114006, "det_2": 27.130162225776555, "laseroff": 487535.1344389804, "laseron": 172504.26699386994, "main_det": 15.35373793734152}, "datetime": {"datetime": "2022-01-07 22:52:32", "elapsed": 5398.203171, "delta": 178.76031}}
{"target": 0.0635047015061984, "params": {"beta_1": 0.273008858098142, "beta_2": 0.37790124802761116, "det_1": 96.65641813050944, "det_2": 28.478764551795773, "laseroff": 465896.72139502404, "laseron": 220390.15162508975, "main_det": 16.870995423656368}, "datetime": {"datetime": "2022-01-07 22:55:26", "elapsed": 5572.003789, "delta": 173.800618}}
{"target": 0.06098563920714911, "params": {"beta_1": 0.4736004651955177, "beta_2": 2.264466307604615, "det_1": 121.06087321106466, "det_2": 8.094214531093247, "laseroff": 472882.8724268859, "laseron": 213758.82566417815, "main_det": 17.809812899742987}, "datetime": {"datetime": "2022-01-07 22:58:28", "elapsed": 5754.208627, "delta": 182.204838}}
{"target": 0.0001491423313677261, "params": {"beta_1": 0.6776007924554532, "beta_2": 0.7411488004612293, "det_1": 91.37358879806669, "det_2": 5.294598889589667, "laseroff": 340782.72650959267, "laseron": 269602.530670243, "main_det": 14.827087019630975}, "datetime": {"datetime": "2022-01-07 23:00:05", "elapsed": 5850.931788, "delta": 96.723161}}
{"target": 0.05501685038539321, "params": {"beta_1": 1.5220398349411828, "beta_2": 3.3121865253731517, "det_1": 87.59839010311943, "det_2": 25.530476380724924, "laseroff": 491912.16996315226, "laseron": 162300.30234814572, "main_det": 19.47056298409516}, "datetime": {"datetime": "2022-01-07 23:02:56", "elapsed": 6021.906827, "delta": 170.975039}}
{"target": 0.0009826428200281983, "params": {"beta_1": 1.2629809046550375, "beta_2": 4.1462004225294615, "det_1": 145.82720963294977, "det_2": 26.189923496215833, "laseroff": 411969.2576227909, "laseron": 223328.28885966464, "main_det": 11.684690608673899}, "datetime": {"datetime": "2022-01-07 23:05:35", "elapsed": 6181.167004, "delta": 159.260177}}
{"target": 0.01804470147472438, "params": {"beta_1": 0.08203468644975298, "beta_2": 0.39240888278838093, "det_1": 151.22040000330597, "det_2": 17.692356988266077, "laseroff": 521334.1075026832, "laseron": 163816.3209884585, "main_det": 12.855109977073681}, "datetime": {"datetime": "2022-01-07 23:08:36", "elapsed": 6362.263887, "delta": 181.096883}}
{"target": 0.06198043593431172, "params": {"beta_1": 1.0043329077648795, "beta_2": 3.1565715002194277, "det_1": 168.79531527143723, "det_2": 23.144099675880533, "laseroff": 489327.9450340824, "laseron": 276262.08088612306, "main_det": 19.602797560658672}, "datetime": {"datetime": "2022-01-07 23:11:23", "elapsed": 6529.232897, "delta": 166.96901}}
{"target": 0.0009822239738920407, "params": {"beta_1": 1.7437374265249075, "beta_2": 3.692783067291276, "det_1": 90.35616021492956, "det_2": 14.999672012220392, "laseroff": 363105.78286790865, "laseron": 179685.82847162845, "main_det": 14.164906505445128}, "datetime": {"datetime": "2022-01-07 23:13:17", "elapsed": 6643.639465, "delta": 114.406568}}
{"target": 0.0, "params": {"beta_1": 0.4039808634983366, "beta_2": 4.069972127506761, "det_1": 86.19954021222297, "det_2": 17.887225387678676, "laseroff": 346282.6277176326, "laseron": 222984.14338502288, "main_det": 12.622597775953544}, "datetime": {"datetime": "2022-01-07 23:14:39", "elapsed": 6725.548076, "delta": 81.908611}}
