{"target": -1.0, "params": {"Bgrad": 1.4856603247057656, "d1": -0.31700763601288484, "d2": 0.672544575243256, "d3": 0.18591405699237917, "d4": 0.9501792388671393, "p1": 5.591863733800895, "p2": 12.725686174367418, "p3": 34.452673045535256, "p4": 3.2884806469825003, "pol1": 0.2353416094508194, "pol2": -0.33421800960845593, "pol3": 0.48692464971819094, "pol4": 0.4448816467609573, "v0s": 5.355564650441407}, "datetime": {"datetime": "2022-04-29 16:58:33", "elapsed": 91626.236004, "delta": 29.808298}}
{"target": 4.049946926848035, "params": {"Bgrad": 1.1897227731525657, "d1": -0.05894964989421325, "d2": 0.3198953496800261, "d3": -1.6212936947125693, "d4": -0.5548062073812363, "p1": 5.669635561186714, "p2": 34.67681443587154, "p3": 33.757945402418535, "p4": 6.759900573942529, "pol1": -0.7131739162014799, "pol2": 0.4053536324767275, "pol3": 0.41186620674075414, "pol4": 0.6786053400298202, "v0s": 4.049946926848035}, "datetime": {"datetime": "2022-04-29 16:58:50", "elapsed": 91643.38914, "delta": 17.153136}}
{"target": -1.0, "params": {"Bgrad": 1.6964004659778562, "d1": -1.3251445908019077, "d2": 0.7818396280837252, "d3": -2.2328617945601685, "d4": -0.18045221939608025, "p1": 42.428762191242555, "p2": 22.999984392598204, "p3": 22.02341782058408, "p4": 3.1683135594877507, "pol1": 0.14924644453238622, "pol2": -0.39134918073611535, "pol3": -0.5489350977034031, "pol4": 0.28085675222012285, "v0s": 3.0793180780818608}, "datetime": {"datetime": "2022-04-29 16:59:18", "elapsed": 91671.077107, "delta": 27.687967}}
{"target": 4.041924123109773, "params": {"Bgrad": 0.9171919355567415, "d1": -1.9921418434735094, "d2": -1.049316624413752, "d3": -2.773789948303421, "d4": -2.00184232911434, "p1": 8.024648715826938, "p2": 35.49328248618319, "p3": 35.30957045668525, "p4": 34.41005402740624, "pol1": -0.475717689050672, "pol2": 0.8492615550089746, "pol3": -0.6068509948298593, "pol4": 0.4381884609707285, "v0s": 4.041924123109773}, "datetime": {"datetime": "2022-04-29 16:59:46", "elapsed": 91698.855831, "delta": 27.778724}}
{"target": -1.0, "params": {"Bgrad": 1.6637203299994408, "d1": -1.280860371142197, "d2": -0.09329454356899403, "d3": 0.10663096095397417, "d4": -2.0485274718170885, "p1": 22.56094405229499, "p2": 24.39041219299512, "p3": 10.78283963816029, "p4": 36.14108473263444, "pol1": 0.8287278999245724, "pol2": -0.8237722535936138, "pol3": 0.15904023360016395, "pol4": -0.5673495392744616, "v0s": 4.242399532234444}, "datetime": {"datetime": "2022-04-29 17:00:10", "elapsed": 91723.00925, "delta": 24.153419}}
{"target": 4.280170778895587, "params": {"Bgrad": 0.9424532273939311, "d1": -0.7865533163925464, "d2": 0.30285041258536144, "d3": -2.4713581759060133, "d4": -0.3685588585797208, "p1": 12.131696574038767, "p2": 21.002007974262103, "p3": 35.53897424199047, "p4": 34.36900738028587, "pol1": 0.4622918779052221, "pol2": -0.3905334577745369, "pol3": -0.28997526514674893, "pol4": -0.04466694047882596, "v0s": 4.280170778895587}, "datetime": {"datetime": "2022-04-29 17:00:23", "elapsed": 91736.452306, "delta": 13.443056}}
{"target": -1.0, "params": {"Bgrad": 0.9235616782912255, "d1": -2.670491925923599, "d2": -1.4561765491652414, "d3": -1.6222636188428323, "d4": -1.4169295552812438, "p1": 9.639504554973078, "p2": 6.338191094811724, "p3": 26.95538759019132, "p4": 12.018003099610851, "pol1": -0.04169448797999342, "pol2": -0.9588104815134098, "pol3": -0.04514073370002092, "pol4": 0.8804474002479552, "v0s": 4.678173590262938}, "datetime": {"datetime": "2022-04-29 17:00:44", "elapsed": 91757.004353, "delta": 20.552047}}
{"target": -1.0, "params": {"Bgrad": 1.7630974143646057, "d1": 0.9671466881310562, "d2": 0.37481204428854253, "d3": -2.9477688162073963, "d4": -0.9712944899777503, "p1": 11.065929176950078, "p2": 20.632176816317294, "p3": 35.91447521041944, "p4": 34.80436681094602, "pol1": 0.5730834505790594, "pol2": 0.7207274869745479, "pol3": -0.40511871035292013, "pol4": 0.21472332510890135, "v0s": 5.158437854515242}, "datetime": {"datetime": "2022-04-29 17:01:20", "elapsed": 91792.563275, "delta": 35.558922}}
{"target": -1.0, "params": {"Bgrad": 0.9878207434908476, "d1": -1.1340595039559558, "d2": 0.7534770563842046, "d3": 0.6073989263835817, "d4": -0.8270673749812372, "p1": 7.694879830840751, "p2": 0.608176598622806, "p3": 40.52912940533873, "p4": 46.56791054716026, "pol1": 0.6254084215395854, "pol2": 0.4490229199236764, "pol3": -0.015145457275860252, "pol4": -0.44348121025882525, "v0s": 5.016708455279196}, "datetime": {"datetime": "2022-04-29 17:01:46", "elapsed": 91819.357632, "delta": 26.794357}}
{"target": -1.0, "params": {"Bgrad": 1.7006717711658683, "d1": -1.8859391438584514, "d2": -2.0459411932970704, "d3": -1.092278275384547, "d4": -0.81922836914852, "p1": 14.042862964599918, "p2": 13.397750110560763, "p3": 29.154668835966017, "p4": 32.36323308397208, "pol1": -0.658166223589137, "pol2": -0.7134801739659915, "pol3": 0.4105169741870245, "pol4": -0.36905753984189693, "v0s": 6.101380139445716}, "datetime": {"datetime": "2022-04-29 17:02:12", "elapsed": 91845.074868, "delta": 25.717236}}
{"target": -1.0, "params": {"Bgrad": 1.3652104042180806, "d1": -1.6546929420472778, "d2": 0.8995157387513721, "d3": -0.5185054345880209, "d4": -1.5454947760094133, "p1": 3.3420134633659835, "p2": 45.248002473875275, "p3": 49.56354623499967, "p4": 37.893510280482126, "pol1": 0.05813637676179351, "pol2": 0.18575431539683862, "pol3": -0.7795854104878917, "pol4": 0.008908467791546748, "v0s": 4.191520314272047}, "datetime": {"datetime": "2022-04-29 17:02:46", "elapsed": 91878.591252, "delta": 33.516384}}
{"target": -1.0, "params": {"Bgrad": 0.8228086797153435, "d1": -1.4024593007780934, "d2": 0.6673483105370335, "d3": 0.3484456512715668, "d4": -2.2055586207932274, "p1": 34.90788980806273, "p2": 8.935766480269592, "p3": 23.442914923477854, "p4": 49.656162051107955, "pol1": -0.9439879383767784, "pol2": 0.6752256016167879, "pol3": -0.19575251290467577, "pol4": -0.4287588319943727, "v0s": 4.433950192122601}, "datetime": {"datetime": "2022-04-29 17:03:06", "elapsed": 91898.547892, "delta": 19.95664}}
{"target": -1.0, "params": {"Bgrad": 0.957574584824467, "d1": -1.9292003486589544, "d2": 0.460803337997874, "d3": -0.18161869019035715, "d4": 0.2031388819485893, "p1": 24.75993513245756, "p2": 21.19743928784451, "p3": 8.144206843980633, "p4": 31.525713824560974, "pol1": 0.5902478487418286, "pol2": -0.024481933662929833, "pol3": -0.9859466776321899, "pol4": -0.5895348455361511, "v0s": 3.343423436558804}, "datetime": {"datetime": "2022-04-29 17:03:26", "elapsed": 91918.653134, "delta": 20.105242}}
{"target": 4.525168789080018, "params": {"Bgrad": 1.0253409383778471, "d1": -0.8680972831685514, "d2": 0.8988057066810531, "d3": -1.4718379009001676, "d4": -0.06746599547816734, "p1": 1.9141164322953041, "p2": 32.57148082122194, "p3": 17.128417164357035, "p4": 11.587339816575376, "pol1": 0.3925010843933845, "pol2": 0.3341538993765296, "pol3": -0.06983969320407035, "pol4": -0.27569007500438913, "v0s": 4.525168789080018}, "datetime": {"datetime": "2022-04-29 17:03:41", "elapsed": 91934.436931, "delta": 15.783797}}
{"target": 3.1892419176174522, "params": {"Bgrad": 1.1443285094044242, "d1": -2.3788410670768694, "d2": -0.32558125559182516, "d3": -2.647682396924756, "d4": 0.3010588295470593, "p1": 39.26344236948155, "p2": 22.151149948295597, "p3": 42.774510462308356, "p4": 49.69472334656035, "pol1": -0.8548869268797996, "pol2": 0.32771726444091076, "pol3": -0.5517695162442755, "pol4": 0.20958525484579016, "v0s": 3.1892419176174522}, "datetime": {"datetime": "2022-04-29 17:03:56", "elapsed": 91948.76861, "delta": 14.331679}}
{"target": 4.021025479143674, "params": {"Bgrad": 1.6326513991196077, "d1": -2.543736148343419, "d2": -1.0144414414716025, "d3": -1.322821486510636, "d4": 0.5969001215059895, "p1": 6.807896306802075, "p2": 15.239862637860357, "p3": 34.566552919420644, "p4": 3.213991124860022, "pol1": -0.1680031098357042, "pol2": 0.1948981427853813, "pol3": 0.1824301498090135, "pol4": 0.23206028259902434, "v0s": 4.021025479143674}, "datetime": {"datetime": "2022-04-29 17:04:28", "elapsed": 91981.174961, "delta": 32.406351}}
{"target": -1.0, "params": {"Bgrad": 1.0006443494149324, "d1": -2.837525611287135, "d2": -1.7013884992212827, "d3": 0.6570386596799294, "d4": -1.2109967531274433, "p1": 31.08731250854757, "p2": 8.34648318414285, "p3": 7.148100834486037, "p4": 26.20712241274835, "pol1": 0.3815983505414702, "pol2": -0.947403469326362, "pol3": 0.054692518974257975, "pol4": -0.8327094638956989, "v0s": 4.874483411102348}, "datetime": {"datetime": "2022-04-29 17:04:48", "elapsed": 92000.935127, "delta": 19.760166}}
{"target": -1.0, "params": {"Bgrad": 0.7724110674584046, "d1": -2.4630171124752853, "d2": -0.7041117251696969, "d3": -1.3413162887277315, "d4": 0.08287737360412173, "p1": 5.88345538848079, "p2": 13.10654871303808, "p3": 35.902654981755255, "p4": 1.7505783007356945, "pol1": -0.07101458311317188, "pol2": 0.7374064761235646, "pol3": -0.1868652481119104, "pol4": -0.9674317197886289, "v0s": 5.231797777390925}, "datetime": {"datetime": "2022-04-29 17:05:03", "elapsed": 92015.963942, "delta": 15.028815}}
{"target": -1.0, "params": {"Bgrad": 0.8033590410825892, "d1": -2.0255256829765833, "d2": -1.5259360450356394, "d3": -1.7968601217850275, "d4": -2.659725505582716, "p1": 18.350219104035876, "p2": 42.61536746643378, "p3": 16.642331056325055, "p4": 12.68220093132107, "pol1": -0.8943031192820308, "pol2": -0.064605075427139, "pol3": 0.27395285478107745, "pol4": 0.20762624981392563, "v0s": 4.29952637111142}, "datetime": {"datetime": "2022-04-29 17:05:22", "elapsed": 92034.687878, "delta": 18.723936}}
{"target": -1.0, "params": {"Bgrad": 1.1825066013601668, "d1": -2.16621122499457, "d2": 0.6792647795766498, "d3": 0.5249118382273954, "d4": -0.5319590022640854, "p1": 1.42152289697825, "p2": 6.311263974048065, "p3": 23.33125675936677, "p4": 21.170100496148713, "pol1": 0.7795591736277885, "pol2": 0.8711232590740019, "pol3": -0.46106159024025484, "pol4": -0.06287579654064612, "v0s": 4.853553391920524}, "datetime": {"datetime": "2022-04-29 17:05:43", "elapsed": 92056.49457, "delta": 21.806692}}
{"target": -1.0, "params": {"Bgrad": 1.310443946131581, "d1": -2.40615638613895, "d2": -0.5869689548294761, "d3": -0.2000075982238929, "d4": 0.25356793538478684, "p1": 0.567895994587625, "p2": 31.49311297049276, "p3": 16.356483027145558, "p4": 14.033762373486535, "pol1": -0.23886710886425333, "pol2": -0.12759596526536066, "pol3": 0.033615257086827555, "pol4": 0.5979500270581433, "v0s": 6.117378780892068}, "datetime": {"datetime": "2022-04-29 17:06:04", "elapsed": 92077.51736, "delta": 21.02279}}
{"target": -1.0, "params": {"Bgrad": 0.8281468125974834, "d1": -1.7051875688345755, "d2": -0.9849123122159993, "d3": -2.2688098803531176, "d4": -2.7386889230926146, "p1": 1.8486381186221035, "p2": 15.381680169230465, "p3": 13.187380241657959, "p4": 6.232929821465449, "pol1": -0.3220090247456391, "pol2": -0.4854680780689107, "pol3": 0.6322735950597318, "pol4": -0.5383315312396004, "v0s": 4.640869219840525}, "datetime": {"datetime": "2022-04-29 17:06:25", "elapsed": 92098.524192, "delta": 21.006832}}
{"target": -1.0, "params": {"Bgrad": 1.8966503361805234, "d1": -1.5322941856256698, "d2": 0.6610841244946082, "d3": 0.3639124728173049, "d4": -1.9509621615710842, "p1": 39.33023073546643, "p2": 39.72924889643063, "p3": 33.529234448037656, "p4": 37.13956744297585, "pol1": 0.3020545083947981, "pol2": 0.8803720552730956, "pol3": -0.8074267890354423, "pol4": -0.45692548933305455, "v0s": 3.191997058755482}, "datetime": {"datetime": "2022-04-29 17:06:54", "elapsed": 92127.508692, "delta": 28.9845}}
{"target": -1.0, "params": {"Bgrad": 0.5299017281203565, "d1": -1.8302120609212444, "d2": -2.9053014023850654, "d3": -2.265662797302444, "d4": -2.15159337912747, "p1": 0.3083402192675999, "p2": 32.45085096588852, "p3": 24.998278711654137, "p4": 21.017525084726262, "pol1": 0.0651670108585023, "pol2": -0.16288932225323305, "pol3": -0.1909645688246011, "pol4": 0.19270792722313623, "v0s": 2.9860295172249467}, "datetime": {"datetime": "2022-04-29 17:07:07", "elapsed": 92140.335396, "delta": 12.826704}}
{"target": -1.0, "params": {"Bgrad": 0.9217917705695029, "d1": -1.1050993878318303, "d2": -1.165348978496906, "d3": -0.8179988179949906, "d4": -2.5760984361987873, "p1": 41.44848848538935, "p2": 43.598124703793545, "p3": 31.365919763868362, "p4": 35.14188511599259, "pol1": 0.6896373941155121, "pol2": -0.12292129058682955, "pol3": -0.02630267416806298, "pol4": 0.6839548200283716, "v0s": 5.2049994830978115}, "datetime": {"datetime": "2022-04-29 17:07:25", "elapsed": 92158.455945, "delta": 18.120549}}
{"target": 4.294110193917083, "params": {"Bgrad": 1.172440138066664, "d1": -2.2553674878250827, "d2": -0.0017705212580376775, "d3": -1.5246957518771949, "d4": 0.09234775328704346, "p1": 29.54365389193568, "p2": 45.57207214026139, "p3": 25.411917682763086, "p4": 27.997746518534665, "pol1": -0.25839141327966164, "pol2": -0.434237903673247, "pol3": 0.022055635268153146, "pol4": -0.05992304910048596, "v0s": 4.294110193917083}, "datetime": {"datetime": "2022-04-29 17:07:51", "elapsed": 92183.637614, "delta": 25.181669}}
{"target": -1.0, "params": {"Bgrad": 0.946227844492888, "d1": -1.1570372668746804, "d2": -0.9737090186074338, "d3": 0.3316664177525914, "d4": -0.7777690782905697, "p1": 26.033694930681435, "p2": 21.59673857405768, "p3": 9.044746896163808, "p4": 31.32262997693912, "pol1": -0.7121487047824748, "pol2": 0.9187650105927991, "pol3": 0.925169975718189, "pol4": 0.8337427682008784, "v0s": 3.238491713979106}, "datetime": {"datetime": "2022-04-29 17:08:09", "elapsed": 92201.801048, "delta": 18.163434}}
{"target": -1.0, "params": {"Bgrad": 0.8920775931537615, "d1": -0.4143427124746357, "d2": 0.17143848867491807, "d3": -0.9812876875770193, "d4": 0.1298429333228004, "p1": 24.950870381048446, "p2": 6.476090698752046, "p3": 29.97890375868448, "p4": 29.288754608272928, "pol1": -0.47059068506636414, "pol2": 0.3175024079665987, "pol3": 0.7880802527342949, "pol4": -0.21739422834676114, "v0s": 4.7445187108903255}, "datetime": {"datetime": "2022-04-29 17:08:26", "elapsed": 92219.047933, "delta": 17.246885}}
{"target": 4.0920917484573645, "params": {"Bgrad": 0.8945352025835858, "d1": -1.7294895680178044, "d2": 0.1423496821581609, "d3": -2.084069007957807, "d4": -0.5047475861442834, "p1": 39.032352608109015, "p2": 48.39824789360336, "p3": 16.42657564602138, "p4": 10.550064246065705, "pol1": 0.42909796850174087, "pol2": -0.7858268044019174, "pol3": 0.09782362790852961, "pol4": 0.7468261353855579, "v0s": 4.0920917484573645}, "datetime": {"datetime": "2022-04-29 17:08:41", "elapsed": 92233.991975, "delta": 14.944042}}
{"target": -1.0, "params": {"Bgrad": 1.4051003813344771, "d1": -0.2689354831149178, "d2": -0.6667299281467933, "d3": 0.14672277626327634, "d4": -0.6939581548695526, "p1": 46.94036823867369, "p2": 42.31671328117921, "p3": 7.3849721120047835, "p4": 14.40562412849265, "pol1": -0.8484785090343696, "pol2": 0.7293739368528782, "pol3": -0.2517680190746663, "pol4": 0.6737411116492908, "v0s": 3.0899110654177235}, "datetime": {"datetime": "2022-04-29 17:09:05", "elapsed": 92257.573921, "delta": 23.581946}}
{"target": -1.0, "params": {"Bgrad": 0.9605179673347223, "d1": -1.7573254185951441, "d2": -0.477054643927723, "d3": -2.501166982515209, "d4": -0.6855270780905229, "p1": 20.66150892768351, "p2": 25.904341906996684, "p3": 11.916330419071386, "p4": 36.85639439861566, "pol1": -0.5803343366263953, "pol2": -0.9075376711578642, "pol3": 0.9859691140430427, "pol4": 0.5245518160549507, "v0s": 4.202584716202436}, "datetime": {"datetime": "2022-04-29 17:09:28", "elapsed": 92281.356332, "delta": 23.782411}}
{"target": -1.0, "params": {"Bgrad": 1.8862278470648288, "d1": -1.9638431894940735, "d2": -0.3921030748097669, "d3": 0.8128767541377262, "d4": -1.3870769280336126, "p1": 12.675085769873467, "p2": 45.04007135289507, "p3": 31.337892567502628, "p4": 12.176385223337865, "pol1": 0.29700999014899776, "pol2": 0.9341724321145184, "pol3": -0.8370723176604078, "pol4": -0.6293377245328193, "v0s": 4.382380766758944}, "datetime": {"datetime": "2022-04-29 17:10:03", "elapsed": 92316.327824, "delta": 34.971492}}
{"target": -1.0, "params": {"Bgrad": 1.9767827357597851, "d1": -1.221963775855465, "d2": -0.046468373586137535, "d3": -2.478360738284442, "d4": 0.03174478447287399, "p1": 24.17758501918656, "p2": 25.438271140288432, "p3": 25.468261884196618, "p4": 4.657685583440557, "pol1": 0.7676417198374397, "pol2": 0.5584270530560012, "pol3": 0.6489817164732665, "pol4": 0.959117251352485, "v0s": 2.6354059272647996}, "datetime": {"datetime": "2022-04-29 17:10:22", "elapsed": 92335.445707, "delta": 19.117883}}
{"target": 4.531775387692135, "params": {"Bgrad": 0.784137376525408, "d1": -0.20909972535298316, "d2": 0.7729870457033972, "d3": -0.722504343980841, "d4": -2.330919791888097, "p1": 6.673897572598903, "p2": 2.0148643968686097, "p3": 41.19795278056042, "p4": 47.42167113464703, "pol1": -0.556751799125238, "pol2": -0.25300483658843675, "pol3": 0.45866085430987424, "pol4": 0.2532282823171419, "v0s": 4.531775387692135}, "datetime": {"datetime": "2022-04-29 17:10:35", "elapsed": 92348.339231, "delta": 12.893524}}
{"target": -1.0, "params": {"Bgrad": 1.1774625969271062, "d1": -2.5213032054086844, "d2": 0.6844984406692118, "d3": 0.4551846778230404, "d4": -2.5708300557394224, "p1": 46.84067092003442, "p2": 35.67461644636244, "p3": 16.9669217762355, "p4": 27.35005593723201, "pol1": -0.05262748387452287, "pol2": -0.7334650068939219, "pol3": -0.20257198266403176, "pol4": -0.5002368451176746, "v0s": 4.096611814081353}, "datetime": {"datetime": "2022-04-29 17:11:01", "elapsed": 92374.428473, "delta": 26.089242}}
{"target": -1.0, "params": {"Bgrad": 1.0421990585057732, "d1": -1.2570317160546067, "d2": 0.0031231682638961367, "d3": -0.7673831678771181, "d4": -1.2400976323882031, "p1": 26.234681610845644, "p2": 27.276876575918013, "p3": 12.426880947986707, "p4": 38.299904411999, "pol1": -0.7314233732419, "pol2": 0.29577545026592156, "pol3": -0.998965229182166, "pol4": -0.33651645486847537, "v0s": 5.316277010067563}, "datetime": {"datetime": "2022-04-29 17:11:29", "elapsed": 92402.257065, "delta": 27.828592}}
{"target": -1.0, "params": {"Bgrad": 1.0160078147749065, "d1": -1.1403300089701638, "d2": -0.31771600731739547, "d3": -0.7713486082450278, "d4": -2.411663052831331, "p1": 36.51467791859157, "p2": 46.89734855891626, "p3": 18.601477851590182, "p4": 12.127860958719399, "pol1": 0.53380725039885, "pol2": 0.49030548116058315, "pol3": -0.19432214352226773, "pol4": 0.5684772221939547, "v0s": 3.254402052821206}, "datetime": {"datetime": "2022-04-29 17:11:48", "elapsed": 92420.88027, "delta": 18.623205}}
{"target": -1.0, "params": {"Bgrad": 1.8179408278618736, "d1": -2.270795054937908, "d2": 0.3947884096305976, "d3": -2.0020991874007255, "d4": 0.36986032385483236, "p1": 21.135789540326194, "p2": 23.905481127631205, "p3": 10.722982583913554, "p4": 36.02005072182972, "pol1": -0.6481480471942089, "pol2": -0.8494669370065251, "pol3": 0.7707431713019774, "pol4": 0.7873128023857017, "v0s": 3.361459364717975}, "datetime": {"datetime": "2022-04-29 17:12:49", "elapsed": 92482.332958, "delta": 61.452688}}
{"target": -1.0, "params": {"Bgrad": 0.8974046676753071, "d1": -2.0405794927766627, "d2": -0.9922113546131808, "d3": -2.0384447514216157, "d4": -1.7754017860825257, "p1": 2.8969419248412454, "p2": 31.203111720046373, "p3": 23.412916135917825, "p4": 22.76836039674347, "pol1": -0.7331763809655667, "pol2": 0.6138165744389874, "pol3": 0.7630381936366251, "pol4": -0.17843151707704918, "v0s": 4.0602149524054685}, "datetime": {"datetime": "2022-04-29 17:13:22", "elapsed": 92515.326737, "delta": 32.993779}}
{"target": 2.465858172188905, "params": {"Bgrad": 1.6720382529793827, "d1": -1.9726555499789296, "d2": 0.5368390025252157, "d3": -0.932093688740685, "d4": -0.47825028426390404, "p1": 44.33420604607385, "p2": 38.09761753613104, "p3": 18.68543516536419, "p4": 27.05407473229059, "pol1": -0.040220810243930316, "pol2": 0.15019884588932197, "pol3": 0.0576649461522889, "pol4": -0.6786030793422646, "v0s": 2.465858172188905}, "datetime": {"datetime": "2022-04-29 17:13:41", "elapsed": 92534.222214, "delta": 18.895477}}
{"target": -1.0, "params": {"Bgrad": 0.6607195559459559, "d1": 0.8919220385365412, "d2": -0.01911886257005735, "d3": -1.7473605086843471, "d4": -2.345220973312101, "p1": 30.622668408600457, "p2": 18.059881244555232, "p3": 2.2663562617999453, "p4": 13.998081579832593, "pol1": -0.4177196169043045, "pol2": -0.3955087893130005, "pol3": 0.23147777311730455, "pol4": 0.461500518310195, "v0s": 2.9512070379050286}, "datetime": {"datetime": "2022-04-29 17:14:00", "elapsed": 92552.621019, "delta": 18.398805}}
{"target": -1.0, "params": {"Bgrad": 0.631171617951198, "d1": -2.8307781987986407, "d2": 0.6945769034721763, "d3": -0.16763664685188662, "d4": -2.521668703474577, "p1": 22.375099816555533, "p2": 27.017699232731506, "p3": 10.29205786956206, "p4": 36.864061341686956, "pol1": 0.37553975241565296, "pol2": -0.530527592561042, "pol3": -0.21531149583389597, "pol4": 0.6990780698797117, "v0s": 5.504175585594613}, "datetime": {"datetime": "2022-04-29 17:14:18", "elapsed": 92570.580997, "delta": 17.959978}}
{"target": -1.0, "params": {"Bgrad": 1.3798852833908182, "d1": -1.7984676922225056, "d2": -1.3932998278340047, "d3": -1.541580009458086, "d4": -1.7562359418155435, "p1": 47.46229770324952, "p2": 44.417446047271724, "p3": 7.385882496110174, "p4": 11.988693492690139, "pol1": -0.8602557687058683, "pol2": 0.46085205290107356, "pol3": 0.550425428600273, "pol4": 0.6895455638365642, "v0s": 3.6549346601815333}, "datetime": {"datetime": "2022-04-29 17:14:42", "elapsed": 92595.164266, "delta": 24.583269}}
