{"target": 2.8850282527974223, "params": {"Bgrad": 7.46342389555823, "d1": -2.0790124904433656, "d2": -1.7621535420551027, "d3": -2.0860984720905327, "d4": -1.4788423820716314, "p1": 5.253981591980095, "p2": 11.89299378858829, "p3": 32.15882963657435, "p4": 26.56734403371634, "pol1": -0.2013712862681165, "pol2": -0.41085261194179545, "pol3": 0.48825409388744156, "pol4": 0.7359415855877556, "v0s": 2.8850282527974223}, "datetime": {"datetime": "2022-04-08 22:14:36", "elapsed": 18804.664794, "delta": 11.719666}}
{"target": 5.3861243858889525, "params": {"Bgrad": 16.02709310191669, "d1": -2.0862155130339683, "d2": -0.17788156322888557, "d3": -0.37840039260063246, "d4": -2.380549118877895, "p1": 26.81919448749691, "p2": 11.456705023948727, "p3": 37.357049426004245, "p4": 36.380613385176, "pol1": -0.8871447872390317, "pol2": 0.577746134334605, "pol3": -0.43945170294288516, "pol4": 0.7677580447637165, "v0s": 5.3861243858889525}, "datetime": {"datetime": "2022-04-08 22:14:57", "elapsed": 18825.578876, "delta": 20.914082}}
{"target": -1.0, "params": {"Bgrad": 8.056844219292376, "d1": -1.9454390709690128, "d2": -0.9940867976043739, "d3": 0.007588936822213732, "d4": -0.73547426045161, "p1": 3.6130117624508404, "p2": 6.422865514407544, "p3": 33.279714680823574, "p4": 24.411934102321364, "pol1": -0.2548204604029698, "pol2": -0.25819705563282214, "pol3": 0.10114106195188688, "pol4": -0.06041350966035841, "v0s": 6.396421630149359}, "datetime": {"datetime": "2022-04-08 22:15:08", "elapsed": 18836.408921, "delta": 10.830045}}
{"target": -1.0, "params": {"Bgrad": 5.827644377161196, "d1": 0.11733504530385863, "d2": -2.4817503625259003, "d3": -1.903475182742394, "d4": -2.25031732767788, "p1": 3.6833690333838707, "p2": 5.366835869238706, "p3": 34.58452382307182, "p4": 26.825308659908497, "pol1": 0.32085709147213537, "pol2": 0.6065953727555229, "pol3": -0.875963347902432, "pol4": 0.009764890630766798, "v0s": 5.117192022304907}, "datetime": {"datetime": "2022-04-08 22:15:25", "elapsed": 18853.519173, "delta": 17.110252}}
{"target": 4.463653490905848, "params": {"Bgrad": 6.689822063787013, "d1": -2.622973494498458, "d2": 0.05424514911535685, "d3": -2.2814961402301774, "d4": -2.202742131167232, "p1": 10.640093545128837, "p2": 6.2297967694541425, "p3": 39.05920234463753, "p4": 27.75043708098194, "pol1": -1.0, "pol2": -0.08656404332280242, "pol3": -0.4348529694001254, "pol4": -0.25533996780431323, "v0s": 4.463653490905848}, "datetime": {"datetime": "2022-04-08 22:15:41", "elapsed": 18869.476509, "delta": 15.957336}}
{"target": -1.0, "params": {"Bgrad": 1.4203723175953038, "d1": -1.415941919317762, "d2": -1.7914711619251253, "d3": -2.671065763735054, "d4": -1.9467311161672383, "p1": 9.834981248723086, "p2": 7.232740788099223, "p3": 36.09874017679318, "p4": 26.823301874541468, "pol1": 0.5004499867850565, "pol2": -0.05880686212425856, "pol3": -0.6966613894670248, "pol4": -0.7231310488107225, "v0s": 2.8092418074416727}, "datetime": {"datetime": "2022-04-08 22:15:51", "elapsed": 18879.607421, "delta": 10.130912}}
{"target": -1.0, "params": {"Bgrad": 16.260234184253036, "d1": -2.725197312653464, "d2": -1.3386104302684134, "d3": -0.6757925194083829, "d4": -1.9671725533843918, "p1": 27.7004868870106, "p2": 9.824112670579199, "p3": 39.630168564896465, "p4": 35.01135461971894, "pol1": 0.8989230664114085, "pol2": 0.7716623561761062, "pol3": -0.11111946126982986, "pol4": -0.0008323334842674779, "v0s": 3.7710194679059055}, "datetime": {"datetime": "2022-04-08 22:16:17", "elapsed": 18906.167409, "delta": 26.559988}}
{"target": 3.9289854587252164, "params": {"Bgrad": 4.822651641466695, "d1": -2.0159506462745633, "d2": 0.016024483961850803, "d3": -1.5198364204870578, "d4": -2.087420286990014, "p1": 5.791370973251684, "p2": 6.688126957846405, "p3": 35.59704366325988, "p4": 28.843008678195748, "pol1": -0.4614294446651614, "pol2": 0.10669013897874563, "pol3": 0.23419337284966488, "pol4": 0.6222466910394637, "v0s": 3.9289854587252164}, "datetime": {"datetime": "2022-04-08 22:16:32", "elapsed": 18920.651683, "delta": 14.484274}}
{"target": -1.0, "params": {"Bgrad": 8.13612332243812, "d1": -1.5490463965300156, "d2": -0.2417960546674176, "d3": -2.400651516071363, "d4": -0.25867788843437944, "p1": 8.614786540233494, "p2": 2.8405355292727363, "p3": 46.954770433994995, "p4": 22.08668376242305, "pol1": 0.5106106749573285, "pol2": -0.014925244600434873, "pol3": 0.7459451372065447, "pol4": 0.2905980997975366, "v0s": 2.711322298568482}, "datetime": {"datetime": "2022-04-08 22:16:45", "elapsed": 18933.224068, "delta": 12.572385}}
{"target": 3.9323351733627594, "params": {"Bgrad": 2.9104870394972124, "d1": -1.8917669083545356, "d2": -0.5706569224960698, "d3": 0.9090525926453763, "d4": -1.91337876926121, "p1": 6.515644186003067, "p2": 6.945681073851412, "p3": 37.31707757783067, "p4": 33.172083565486844, "pol1": 0.6608237551777487, "pol2": 0.5205267631134374, "pol3": 0.33509802387923804, "pol4": 0.07789570888972253, "v0s": 3.9323351733627594}, "datetime": {"datetime": "2022-04-08 22:16:58", "elapsed": 18946.285147, "delta": 13.061079}}
{"target": 4.273298982952454, "params": {"Bgrad": 7.450606516482924, "d1": -1.5185503802131275, "d2": -0.04135924549021652, "d3": -0.4079054752108733, "d4": -2.6137311341920775, "p1": 5.77270581382347, "p2": 9.215309939334599, "p3": 34.65867629713532, "p4": 28.794979399878972, "pol1": -0.35305646999264617, "pol2": 0.7157396871264425, "pol3": 0.5391247862096804, "pol4": 0.8210432135592773, "v0s": 4.273298982952454}, "datetime": {"datetime": "2022-04-08 22:17:15", "elapsed": 18963.353512, "delta": 17.068365}}
{"target": -1.0, "params": {"Bgrad": 6.902420805405154, "d1": -2.4724791520207416, "d2": -2.6699838145972428, "d3": -1.6869606852584056, "d4": -1.7108283035033347, "p1": 12.921605829333005, "p2": 4.522706335883092, "p3": 46.457049013444866, "p4": 24.575858194569783, "pol1": 0.09541563586015345, "pol2": 0.010258523468615, "pol3": -0.43980014343944873, "pol4": 0.5349829971822284, "v0s": 3.131791030758488}, "datetime": {"datetime": "2022-04-08 22:17:29", "elapsed": 18977.754011, "delta": 14.400499}}
{"target": 3.1973352393602497, "params": {"Bgrad": 6.581956588428914, "d1": -1.4953957375987983, "d2": -1.0678274089366957, "d3": -2.0843614059006788, "d4": -2.3731371483521904, "p1": 25.86303144689099, "p2": 33.26610573364652, "p3": 1.7593621005691817, "p4": 33.060076754549165, "pol1": -1.0, "pol2": 0.4641496177680966, "pol3": 0.31056802609032125, "pol4": 0.005782441724720592, "v0s": 3.1973352393602497}, "datetime": {"datetime": "2022-04-08 22:17:42", "elapsed": 18991.168145, "delta": 13.414134}}
{"target": -1.0, "params": {"Bgrad": 4.139864371600257, "d1": -2.085463366371, "d2": 0.42194012865526354, "d3": 0.4716422829859863, "d4": -0.64780016858231, "p1": 3.4284890149531897, "p2": 7.313874705926676, "p3": 40.38295502267967, "p4": 16.82608026232834, "pol1": 0.09936223630267205, "pol2": 0.11170762582767879, "pol3": 0.8796038754907158, "pol4": 0.9430988887861211, "v0s": 2.7493428481428515}, "datetime": {"datetime": "2022-04-08 22:18:03", "elapsed": 19011.795993, "delta": 20.627848}}
{"target": -1.0, "params": {"Bgrad": 14.882452371475651, "d1": -1.7416516011376184, "d2": -1.4558538371145815, "d3": -1.6149743948368411, "d4": -1.6038343034825147, "p1": 15.227465327291423, "p2": 4.252345497047233, "p3": 33.100806373978706, "p4": 26.71105672602806, "pol1": 0.2704252874048996, "pol2": 0.4242074505217861, "pol3": -0.744377332504399, "pol4": -0.49814254088562837, "v0s": 2.625480616145679}, "datetime": {"datetime": "2022-04-08 22:18:19", "elapsed": 19027.719419, "delta": 15.923426}}
{"target": 3.298095155622205, "params": {"Bgrad": 5.8082297420453886, "d1": -0.8054289278510818, "d2": 0.660958770282992, "d3": -1.3481887285999976, "d4": -0.8406719494852335, "p1": 6.572710697686785, "p2": 8.720123523114493, "p3": 39.235272616024076, "p4": 25.617215121157244, "pol1": -0.6586824906436266, "pol2": 0.46562369017253835, "pol3": -0.36535528086425906, "pol4": -0.42105990159884144, "v0s": 3.298095155622205}, "datetime": {"datetime": "2022-04-08 22:18:37", "elapsed": 19045.864904, "delta": 18.145485}}
{"target": 4.799578831277122, "params": {"Bgrad": 8.21229916856537, "d1": -2.9019365795297514, "d2": -0.5656598995842154, "d3": -2.3865757228550724, "d4": -2.694312279903588, "p1": 10.89246879174681, "p2": 6.363875268275473, "p3": 37.88548040179526, "p4": 28.404855029460624, "pol1": -0.3391632536430644, "pol2": 0.06134234177579579, "pol3": 0.20707175505133352, "pol4": -0.10277667336437257, "v0s": 4.799578831277122}, "datetime": {"datetime": "2022-04-08 22:18:51", "elapsed": 19059.963209, "delta": 14.098305}}
{"target": 2.7032526634258955, "params": {"Bgrad": 15.006190419375995, "d1": -2.369622489827131, "d2": -0.6316165942781682, "d3": -1.1668715674521701, "d4": -0.42063404437822394, "p1": 26.64345458204488, "p2": 38.65528220645961, "p3": 22.52873288614617, "p4": 8.384653099289785, "pol1": -0.2698605285201685, "pol2": 0.2223146791695514, "pol3": 0.12704158729141324, "pol4": 0.7887488776135951, "v0s": 2.7032526634258955}, "datetime": {"datetime": "2022-04-08 22:19:10", "elapsed": 19078.365009, "delta": 18.4018}}
{"target": -1.0, "params": {"Bgrad": 7.911627176529259, "d1": -0.7441200558138181, "d2": -0.5979862423906281, "d3": -1.2358991350266262, "d4": -2.7827507523922868, "p1": 1.285737637197376, "p2": 2.8984956079336097, "p3": 33.073837567401924, "p4": 27.02674603797134, "pol1": -0.8120317690039967, "pol2": 0.2234319323899996, "pol3": -0.12068126287173397, "pol4": 0.6255732233746154, "v0s": 2.074557183416429}, "datetime": {"datetime": "2022-04-08 22:19:19", "elapsed": 19087.831699, "delta": 9.46669}}
{"target": 3.1461249405097464, "params": {"Bgrad": 6.065862006827544, "d1": -1.2407376892665938, "d2": -0.5899818453940711, "d3": -1.3590004325640384, "d4": 0.5695504782017631, "p1": 10.226312823353128, "p2": 8.994853450592084, "p3": 46.374229105707784, "p4": 23.105595995710814, "pol1": 0.7487314617781982, "pol2": 0.3486046178291555, "pol3": 0.5471600434362007, "pol4": 0.026445301247618236, "v0s": 3.1461249405097464}, "datetime": {"datetime": "2022-04-08 22:19:32", "elapsed": 19100.862857, "delta": 13.031158}}
{"target": -1.0, "params": {"Bgrad": 7.405973071299109, "d1": -0.5768835213242034, "d2": -1.7166515120918207, "d3": -1.2179336236642255, "d4": 0.8295866416691111, "p1": 1.5384805836699988, "p2": 11.257887919490623, "p3": 35.167279856518455, "p4": 23.779065353693905, "pol1": 0.10793351423659603, "pol2": 0.8792558807260635, "pol3": -0.9689920734018955, "pol4": -0.06310832436224256, "v0s": 3.4468373471664107}, "datetime": {"datetime": "2022-04-08 22:19:45", "elapsed": 19113.47713, "delta": 12.614273}}
{"target": -1.0, "params": {"Bgrad": 6.2507517030002395, "d1": -1.9776121768536248, "d2": -0.21294153481213574, "d3": -0.7674783540304815, "d4": 0.614046246490513, "p1": 13.643035406398024, "p2": 10.31908860801557, "p3": 38.089791328428134, "p4": 28.581824629128892, "pol1": 0.5108673761967863, "pol2": -0.16648381576807636, "pol3": 0.022712533767325516, "pol4": -0.37456880346649646, "v0s": 2.1603517375201786}, "datetime": {"datetime": "2022-04-08 22:19:54", "elapsed": 19123.052529, "delta": 9.575399}}
{"target": 3.309396635140965, "params": {"Bgrad": 7.256970394295738, "d1": -1.7874644191861067, "d2": 0.47097939475086914, "d3": -0.2531212037284245, "d4": -1.7757147103388826, "p1": 5.214341636797798, "p2": 4.144246632962506, "p3": 42.35140748739322, "p4": 21.357507526487275, "pol1": -0.904318884852938, "pol2": -0.6642699662323917, "pol3": 0.7727786573897153, "pol4": -0.8489880520589348, "v0s": 3.309396635140965}, "datetime": {"datetime": "2022-04-08 22:20:10", "elapsed": 19138.472301, "delta": 15.419772}}
{"target": 5.784340142367029, "params": {"Bgrad": 15.770508051227539, "d1": -2.064146387671893, "d2": -0.7146318219332529, "d3": -0.659697417642134, "d4": -2.475413323805488, "p1": 27.79578976732279, "p2": 11.506261952193364, "p3": 36.99887487715541, "p4": 35.77627978569471, "pol1": -1.0, "pol2": 0.4144896159163502, "pol3": -1.0, "pol4": 0.8146745011540526, "v0s": 5.784340142367029}, "datetime": {"datetime": "2022-04-08 22:20:36", "elapsed": 19164.671254, "delta": 26.198953}}
{"target": -1.0, "params": {"Bgrad": 3.671246216251381, "d1": -2.483613962420639, "d2": -1.5361686304249633, "d3": -1.1881259534112054, "d4": -1.8712083904058834, "p1": 10.699815749482172, "p2": 8.120335478969864, "p3": 37.13020349432601, "p4": 24.083385957362317, "pol1": 0.3496460812669726, "pol2": 0.1760846817348154, "pol3": -0.023996186221765248, "pol4": 0.9649662617076669, "v0s": 2.2422171023565127}, "datetime": {"datetime": "2022-04-08 22:20:43", "elapsed": 19171.89494, "delta": 7.223686}}
{"target": -1.0, "params": {"Bgrad": 5.5773737614572605, "d1": -2.242227908670936, "d2": 0.7056956499573364, "d3": -0.12850991786767896, "d4": -1.1358516909166942, "p1": 1.630176488618601, "p2": 4.459385727532672, "p3": 42.25778150400921, "p4": 21.545688147752685, "pol1": 0.8084650337070107, "pol2": -0.49251379549363783, "pol3": 0.13708364493056258, "pol4": 0.6206299936180506, "v0s": 5.546877677469853}, "datetime": {"datetime": "2022-04-08 22:21:06", "elapsed": 19195.176692, "delta": 23.281752}}
{"target": 3.4720221667836464, "params": {"Bgrad": 11.113007152736397, "d1": -2.278413584847829, "d2": -2.505397078513615, "d3": -2.815993846072389, "d4": -0.5385860944098324, "p1": 10.966077869266394, "p2": 3.816769083487576, "p3": 35.34003234344848, "p4": 30.759680303210647, "pol1": 0.8427473827898635, "pol2": 0.12638830722033934, "pol3": 0.3049634235181744, "pol4": 0.3471371096278526, "v0s": 3.4720221667836464}, "datetime": {"datetime": "2022-04-08 22:21:21", "elapsed": 19209.232113, "delta": 14.055421}}
{"target": 2.1671540112143584, "params": {"Bgrad": 5.904280521341069, "d1": -2.0000868452705025, "d2": -1.096629928952885, "d3": -1.2534633613700876, "d4": -1.248991341367815, "p1": 1.6140200926054615, "p2": 5.054127035636846, "p3": 33.22401030848653, "p4": 23.95024256088627, "pol1": -0.734442114708062, "pol2": -0.9637017608773548, "pol3": 0.3717280986189906, "pol4": -0.9699368900635232, "v0s": 2.1671540112143584}, "datetime": {"datetime": "2022-04-08 22:21:27", "elapsed": 19215.530274, "delta": 6.298161}}
{"target": 3.81253811507938, "params": {"Bgrad": 3.851605942877988, "d1": -3.0, "d2": -2.8704512001888833, "d3": -2.383718396904387, "d4": -1.2805171398378337, "p1": 5.435359250448039, "p2": 1.4348553292000692, "p3": 38.071040942671594, "p4": 19.29057967885422, "pol1": 0.1876001291301525, "pol2": 0.15214586023752322, "pol3": 0.30237151807257223, "pol4": 0.5541108387907763, "v0s": 3.81253811507938}, "datetime": {"datetime": "2022-04-08 22:21:39", "elapsed": 19228.180451, "delta": 12.650177}}
{"target": 2.995466287470867, "params": {"Bgrad": 4.298729961541726, "d1": -0.696424273946497, "d2": -1.3275740208259745, "d3": -2.999435797061494, "d4": -2.110656959077604, "p1": 25.84710182414484, "p2": 32.01953846321763, "p3": 0.965186565791476, "p4": 31.828570791684985, "pol1": 0.6977587635647959, "pol2": 0.8526405863830251, "pol3": -0.989279954828014, "pol4": 0.14194037165220452, "v0s": 2.995466287470867}, "datetime": {"datetime": "2022-04-08 22:21:47", "elapsed": 19235.62754, "delta": 7.447089}}
{"target": 2.335772411069155, "params": {"Bgrad": 5.844307666417709, "d1": -0.9308859923219188, "d2": -0.4438873208355454, "d3": -2.389232958252594, "d4": -0.7081873271208483, "p1": 1.9950497458651406, "p2": 2.313211023622963, "p3": 42.100261835416894, "p4": 20.156036305942454, "pol1": 0.7159205653879583, "pol2": 0.5861590202764819, "pol3": -0.9913278385491338, "pol4": 0.4741060111472577, "v0s": 2.335772411069155}, "datetime": {"datetime": "2022-04-08 22:21:55", "elapsed": 19243.752816, "delta": 8.125276}}
{"target": 5.412685678447956, "params": {"Bgrad": 16.37196284029843, "d1": -2.7171669013821895, "d2": -1.1063923672543055, "d3": -0.7132081827133592, "d4": -2.6107699124108144, "p1": 27.27776206909037, "p2": 11.810255068434659, "p3": 37.64815262225855, "p4": 36.172817379620156, "pol1": -1.0, "pol2": 0.19581443476070454, "pol3": -1.0, "pol4": 0.7557844092968063, "v0s": 5.412685678447956}, "datetime": {"datetime": "2022-04-08 22:22:10", "elapsed": 19259.021991, "delta": 15.269175}}
{"target": 2.4068416060457225, "params": {"Bgrad": 17.608529256548845, "d1": -1.209243999417486, "d2": 0.1378296751676924, "d3": -1.1721371977537984, "d4": -0.3750826731314745, "p1": 6.592048751375107, "p2": 21.649075348382407, "p3": 45.465599432746835, "p4": 30.273950051546734, "pol1": 0.5335491744742042, "pol2": 0.009401216191788686, "pol3": -0.003888750343985059, "pol4": 0.6857996803856998, "v0s": 2.4068416060457225}, "datetime": {"datetime": "2022-04-11 10:05:57", "elapsed": 234286.047705, "delta": 215027.025714}}
{"target": -1.0, "params": {"Bgrad": 11.67880929521885, "d1": 0.7710503017317971, "d2": -0.9285598073107124, "d3": -2.222136761888462, "d4": 0.39175756977390463, "p1": 12.58195711779264, "p2": 35.036301824126895, "p3": 27.013047019844993, "p4": 47.44181441401098, "pol1": 0.24867340480535183, "pol2": 0.6759559240954587, "pol3": -0.9841342476109538, "pol4": 0.978680112333276, "v0s": 2.466287421994319}, "datetime": {"datetime": "2022-04-11 10:06:10", "elapsed": 234299.171615, "delta": 13.12391}}
{"target": -1.0, "params": {"Bgrad": 6.781525515488007, "d1": 0.7846095818270613, "d2": -2.9642435905150197, "d3": 0.2909200216877421, "d4": 0.4448465534671775, "p1": 21.991540710428627, "p2": 12.78725969029656, "p3": 40.13447598166493, "p4": 23.893100221611057, "pol1": -0.7313227826886077, "pol2": 0.8556979856500215, "pol3": 0.7919399340132969, "pol4": -0.016909699966129343, "v0s": 7.140214979106753}, "datetime": {"datetime": "2022-04-11 10:06:20", "elapsed": 234308.700139, "delta": 9.528524}}
{"target": -1.0, "params": {"Bgrad": 8.662271502399923, "d1": -0.2661403993347955, "d2": -1.4080374423683102, "d3": -0.9770319301967585, "d4": -2.241793188664291, "p1": 48.249446205545695, "p2": 14.710784412212735, "p3": 5.172977805820067, "p4": 7.215770011452404, "pol1": -0.9718154116151141, "pol2": 0.431891398924789, "pol3": 0.1289966404817482, "pol4": 0.5891567023695043, "v0s": 5.042479539704819}, "datetime": {"datetime": "2022-04-11 10:06:39", "elapsed": 234327.748211, "delta": 19.048072}}
{"target": -1.0, "params": {"Bgrad": 15.940510270331, "d1": -0.21694314291264227, "d2": 0.11139390743670141, "d3": -1.3740685240916548, "d4": -0.4089174672500753, "p1": 8.98971488464872, "p2": 16.0909981693952, "p3": 8.630231005989625, "p4": 20.43186125066312, "pol1": -0.5171625040688024, "pol2": -0.18615601174128416, "pol3": 0.9504446848746242, "pol4": -0.35936134835593747, "v0s": 7.894945669849372}, "datetime": {"datetime": "2022-04-11 10:06:49", "elapsed": 234337.537041, "delta": 9.78883}}
{"target": 2.4546621903684662, "params": {"Bgrad": 5.964714814612076, "d1": -0.988164627784363, "d2": -2.2929385735984997, "d3": -1.5015300847085058, "d4": -2.2251891570353886, "p1": 25.802528550335392, "p2": 30.30630447416372, "p3": 1.6037321533245996, "p4": 31.252492252066823, "pol1": -0.9885722357432647, "pol2": 0.021837603571672526, "pol3": -0.6581184929396671, "pol4": 0.7833169762374013, "v0s": 2.4546621903684662}, "datetime": {"datetime": "2022-04-11 10:06:59", "elapsed": 234347.343819, "delta": 9.806778}}
{"target": 2.0430982524816876, "params": {"Bgrad": 11.525339719596708, "d1": -2.5815225495041334, "d2": -2.244925285445282, "d3": -1.454391230028703, "d4": -2.6901290086980127, "p1": 10.644485327427134, "p2": 6.867735621782062, "p3": 38.8532107615408, "p4": 30.27800024340795, "pol1": -0.25363398135095805, "pol2": 0.22082256308158144, "pol3": -0.8660395669207621, "pol4": -0.13586370835581474, "v0s": 2.0430982524816876}, "datetime": {"datetime": "2022-04-11 10:07:10", "elapsed": 234359.122327, "delta": 11.778508}}
{"target": 3.846242357216573, "params": {"Bgrad": 7.249578634571796, "d1": -2.935010118150305, "d2": 0.5560205162759339, "d3": -1.043922769655466, "d4": -1.3073968367814268, "p1": 3.940367536191376, "p2": 7.9210130357091995, "p3": 42.57885914797049, "p4": 21.530957965596865, "pol1": -1.0, "pol2": 0.45645231354475413, "pol3": 0.5293530031650389, "pol4": -0.3412983079273574, "v0s": 3.846242357216573}, "datetime": {"datetime": "2022-04-11 10:07:23", "elapsed": 234371.738595, "delta": 12.616268}}
{"target": 5.8738147010040604, "params": {"Bgrad": 15.685438249695494, "d1": -2.3846922508432913, "d2": -0.21616195925745044, "d3": -1.0595257885300187, "d4": -2.772507096698348, "p1": 27.39791804867568, "p2": 11.514049227435086, "p3": 38.05425763001173, "p4": 35.902031916335226, "pol1": -1.0, "pol2": 0.8919563560982401, "pol3": -1.0, "pol4": 0.6665874339079041, "v0s": 5.8738147010040604}, "datetime": {"datetime": "2022-04-11 10:07:41", "elapsed": 234389.983814, "delta": 18.245219}}
{"target": 4.562919395490149, "params": {"Bgrad": 7.914735034220776, "d1": -1.549673777027622, "d2": -0.6981194084214422, "d3": -0.9251122158026068, "d4": -1.3416403859230561, "p1": 10.18237924863017, "p2": 1.367553290864082, "p3": 33.76339146839985, "p4": 26.06790682922218, "pol1": 0.8115512323576719, "pol2": 0.23842107071431107, "pol3": -0.36248536721838076, "pol4": 0.8191331974505915, "v0s": 4.562919395490149}, "datetime": {"datetime": "2022-04-11 10:07:50", "elapsed": 234398.967793, "delta": 8.983979}}
{"target": 3.3338872398811583, "params": {"Bgrad": 14.146495875017951, "d1": -3.0, "d2": 1.0, "d3": -2.203179902189416, "d4": -1.2055859889357585, "p1": 26.46905518973672, "p2": 38.70321159558639, "p3": 23.35242711690858, "p4": 7.686546975138316, "pol1": -0.46067767821932104, "pol2": 0.30278302344846714, "pol3": 0.07168508199227358, "pol4": 0.5174051595388542, "v0s": 3.3338872398811583}, "datetime": {"datetime": "2022-04-11 10:08:06", "elapsed": 234414.686766, "delta": 15.718973}}
