{"target": -1.0, "params": {"Bgrad": 1.9195358699636622, "d1": -1.4822196020541556, "d2": -1.6084196263512975, "d3": -0.3457153770849355, "d4": 0.9654162411087261, "p1": 8.785122973068965, "p2": 42.38878295201059, "p3": 24.089570811643295, "p4": 42.58505420940658, "pol1": 0.6933687379889579, "pol2": -0.08465332852216956, "pol3": 0.9625379324488328, "pol4": -0.5794503636546828, "v0s": 6.004327881876197}, "datetime": {"datetime": "2022-04-28 17:37:01", "elapsed": 7533.881519, "delta": 15.2592}}
{"target": -1.0, "params": {"Bgrad": 1.1883581751427845, "d1": -0.6102944265291237, "d2": -2.1291884629808817, "d3": -0.3999256036949115, "d4": 0.7195301548208732, "p1": 4.8288129200753644, "p2": 1.9256251613994357, "p3": 22.721730586670397, "p4": 19.77526658223303, "pol1": 0.43704408808186956, "pol2": 0.9079017378122438, "pol3": 0.6030122472459742, "pol4": -0.37673155806315495, "v0s": 4.479618860173388}, "datetime": {"datetime": "2022-04-28 17:37:12", "elapsed": 7545.341876, "delta": 11.460357}}
{"target": -1.0, "params": {"Bgrad": 0.586362283781793, "d1": 0.25826531839215994, "d2": 0.9166189967564642, "d3": -2.6800366966327016, "d4": -0.34398683017053555, "p1": 41.293460060699175, "p2": 21.551748672835476, "p3": 18.896587350414297, "p4": 33.99823884836306, "pol1": -0.8703687634012836, "pol2": -0.8678490327345585, "pol3": -0.7285209479881027, "pol4": -0.5634888234798896, "v0s": 6.824369311525557}, "datetime": {"datetime": "2022-04-28 17:37:19", "elapsed": 7552.286307, "delta": 6.944431}}
{"target": -1.0, "params": {"Bgrad": 1.9510022586609461, "d1": 0.2727148249832618, "d2": -1.7815047567332822, "d3": -0.5191236713801919, "d4": -2.545525441342725, "p1": 28.88911613029233, "p2": 5.006902126728418, "p3": 33.99315527475604, "p4": 31.969598663469835, "pol1": 0.4721385386383605, "pol2": 0.47419151938682846, "pol3": 0.03817438117196725, "pol4": 0.06637240042305592, "v0s": 6.242968435056222}, "datetime": {"datetime": "2022-04-28 17:37:33", "elapsed": 7566.255955, "delta": 13.969648}}
{"target": -1.0, "params": {"Bgrad": 1.5881892796920178, "d1": -2.4824360099937075, "d2": -2.5075687375162827, "d3": 0.7787089706597796, "d4": -2.3334737847573166, "p1": 8.172704302164169, "p2": 8.156599238512513, "p3": 42.251567822714, "p4": 9.576478146742357, "pol1": -0.09591592474909882, "pol2": -0.09095222563557726, "pol3": -0.3985382071508963, "pol4": 0.576830613613242, "v0s": 5.148874623051412}, "datetime": {"datetime": "2022-04-28 17:37:48", "elapsed": 7580.917752, "delta": 14.661797}}
{"target": -1.0, "params": {"Bgrad": 1.5713660246873449, "d1": -0.6569666857494973, "d2": -1.6559058094177836, "d3": -1.0557943436301644, "d4": 0.4551189549396999, "p1": 31.17778259138292, "p2": 21.47892176334848, "p3": 5.935595872156485, "p4": 16.220163190802634, "pol1": 0.7487321557321407, "pol2": -0.6975245693664609, "pol3": 0.5678909544879505, "pol4": -0.1475022273566713, "v0s": 6.7729802784248765}, "datetime": {"datetime": "2022-04-28 17:38:00", "elapsed": 7593.394392, "delta": 12.47664}}
{"target": -1.0, "params": {"Bgrad": 1.7016532354058562, "d1": 0.9170152569285541, "d2": 0.7764561204915403, "d3": -1.753905707853984, "d4": -1.4083304528910867, "p1": 27.148607879952706, "p2": 49.81667268076747, "p3": 45.04668768532499, "p4": 45.27978507902012, "pol1": 0.5184743443748319, "pol2": -0.8757996428881114, "pol3": -0.24407094259909656, "pol4": 0.8516237336821735, "v0s": 4.534154954076709}, "datetime": {"datetime": "2022-04-28 17:38:16", "elapsed": 7609.00565, "delta": 15.611258}}
{"target": -1.0, "params": {"Bgrad": 1.6739061497419958, "d1": -2.5534759685012838, "d2": -0.16945332535421231, "d3": -0.7143318253454329, "d4": -0.2673790333327979, "p1": 47.388322810969505, "p2": 5.129385329978758, "p3": 26.33575560128325, "p4": 48.619770425922745, "pol1": -0.03552239558272419, "pol2": -0.9011824623223696, "pol3": 0.7061499974242493, "pol4": -0.6862126626781482, "v0s": 3.6377673438298803}, "datetime": {"datetime": "2022-04-28 17:38:24", "elapsed": 7616.56045, "delta": 7.5548}}
{"target": -1.0, "params": {"Bgrad": 0.7641068567703364, "d1": -0.26003514827676, "d2": -0.4050317544077977, "d3": -2.155901215670144, "d4": -2.997124353725489, "p1": 48.90985033724668, "p2": 20.537820935459962, "p3": 30.815432043979445, "p4": 7.008166454162589, "pol1": -0.8872890043350561, "pol2": -0.1985564774392421, "pol3": 0.24885037621522454, "pol4": -0.7433601178168727, "v0s": 2.2133770609665957}, "datetime": {"datetime": "2022-04-28 17:38:29", "elapsed": 7622.102632, "delta": 5.542182}}
{"target": -1.0, "params": {"Bgrad": 0.5812229586924438, "d1": -1.863443817903931, "d2": 0.3026082581770395, "d3": -2.7533664774275026, "d4": -2.589092053616248, "p1": 30.565669400007366, "p2": 40.06418016120852, "p3": 11.832495982442914, "p4": 35.4483479930194, "pol1": 0.4429134935951977, "pol2": -0.12748017511645338, "pol3": -0.1130139825450831, "pol4": 0.9297348824106859, "v0s": 6.859426368409771}, "datetime": {"datetime": "2022-04-28 17:38:36", "elapsed": 7628.736893, "delta": 6.634261}}
{"target": -1.0, "params": {"Bgrad": 1.2316861852782268, "d1": -0.009806704946541345, "d2": -0.6176249035042627, "d3": -0.3421696413889803, "d4": -1.9197590888097582, "p1": 35.328421674877966, "p2": 49.79637142112887, "p3": 6.941092042661989, "p4": 20.005601937799046, "pol1": 0.1023242611922639, "pol2": 0.8447457595116536, "pol3": 0.7989025982993438, "pol4": 0.5385838365354125, "v0s": 3.1533444714904664}, "datetime": {"datetime": "2022-04-28 17:39:08", "elapsed": 7661.384599, "delta": 32.647706}}
{"target": -1.0, "params": {"Bgrad": 0.7291189420189738, "d1": -1.0961089889035094, "d2": -2.2970782152843165, "d3": -0.96525540966788, "d4": -2.0209214562928373, "p1": 9.190314524155724, "p2": 16.40320329650861, "p3": 30.645737207976474, "p4": 34.31235010034023, "pol1": 0.8161004708275443, "pol2": 0.6228384963663229, "pol3": 0.9827371689582678, "pol4": -0.2774861144014864, "v0s": 3.044029445012005}, "datetime": {"datetime": "2022-04-28 17:39:17", "elapsed": 7669.710337, "delta": 8.325738}}
{"target": -1.0, "params": {"Bgrad": 0.8471624350932209, "d1": -0.9549796203775318, "d2": -0.5069067517676404, "d3": -0.6258907877518438, "d4": -0.11514777852623537, "p1": 10.569635666492093, "p2": 41.458570594616305, "p3": 27.263220513447468, "p4": 14.07663534741781, "pol1": 0.7906813993555681, "pol2": -0.10241155211805286, "pol3": -0.5196293759190731, "pol4": -0.8131607704499038, "v0s": 3.9378936211464435}, "datetime": {"datetime": "2022-04-28 17:39:27", "elapsed": 7679.907073, "delta": 10.196736}}
{"target": -1.0, "params": {"Bgrad": 0.7682633489326923, "d1": -0.7101453026818523, "d2": -0.7449087525776386, "d3": 0.7534260994466511, "d4": -0.9277547512703488, "p1": 47.53505940913554, "p2": 17.24377713885128, "p3": 5.991341650919468, "p4": 30.693224248154046, "pol1": 0.7603098271358679, "pol2": -0.16669746233158556, "pol3": -0.18180582923326472, "pol4": 0.15286986135409042, "v0s": 4.5117345232720565}, "datetime": {"datetime": "2022-04-28 17:39:36", "elapsed": 7689.417643, "delta": 9.51057}}
{"target": -1.0, "params": {"Bgrad": 0.6785803549958658, "d1": -2.5816941563932914, "d2": -2.847253357528228, "d3": 0.2233626948608114, "d4": -1.1744709947599765, "p1": 35.97182619413488, "p2": 26.66477323311834, "p3": 20.1104873212882, "p4": 30.933142530729157, "pol1": -0.3724644054403945, "pol2": 0.09417582761949905, "pol3": -0.8590899800766214, "pol4": 0.3519798993006078, "v0s": 3.5301952489446955}, "datetime": {"datetime": "2022-04-28 17:39:48", "elapsed": 7700.775275, "delta": 11.357632}}
{"target": -1.0, "params": {"Bgrad": 1.6179968426792257, "d1": -0.28594039340703237, "d2": -2.9672192268681816, "d3": -1.2221518944001604, "d4": -2.1514278719472553, "p1": 48.492165386188454, "p2": 19.735094593616637, "p3": 40.15164834441432, "p4": 27.70349035668403, "pol1": 0.19940844185091344, "pol2": -0.021512028577203468, "pol3": 0.15293223305433346, "pol4": 0.23973465030911445, "v0s": 5.582753447586162}, "datetime": {"datetime": "2022-04-28 17:39:59", "elapsed": 7712.18776, "delta": 11.412485}}
{"target": -1.0, "params": {"Bgrad": 1.512267051225889, "d1": -1.9881284775260188, "d2": 0.9417012666891318, "d3": -1.001661131865744, "d4": -2.4674313986291665, "p1": 47.47094180430071, "p2": 4.265126256453433, "p3": 27.961316458538647, "p4": 44.17884170029242, "pol1": 0.7498293609155882, "pol2": -0.6916125306676257, "pol3": 0.8743280581823434, "pol4": 0.8254489912880045, "v0s": 3.841779132333959}, "datetime": {"datetime": "2022-04-28 17:40:17", "elapsed": 7730.22952, "delta": 18.04176}}
{"target": -1.0, "params": {"Bgrad": 1.6451035086258243, "d1": 0.842548728578786, "d2": -1.757504802785303, "d3": -0.17318555117526158, "d4": -1.3211689620353995, "p1": 7.672208352872195, "p2": 26.659895068750565, "p3": 17.635828655171647, "p4": 14.712750403772667, "pol1": -0.9545558563285506, "pol2": 0.7824074344246383, "pol3": -0.8991554154135137, "pol4": 0.40722571409046293, "v0s": 6.271194493832555}, "datetime": {"datetime": "2022-04-28 17:40:30", "elapsed": 7742.569525, "delta": 12.340005}}
{"target": -1.0, "params": {"Bgrad": 0.6813379570792351, "d1": -1.7717185480815947, "d2": -0.920068783605998, "d3": 0.2387185217541341, "d4": 0.6050278323992915, "p1": 2.295918807545311, "p2": 28.419809035679133, "p3": 42.55177685054923, "p4": 8.990326258189052, "pol1": -0.6509568131825254, "pol2": -0.3011247270420918, "pol3": -0.5023508033524993, "pol4": -0.543488062724454, "v0s": 3.386394834672914}, "datetime": {"datetime": "2022-04-28 17:40:38", "elapsed": 7751.411882, "delta": 8.842357}}
{"target": -1.0, "params": {"Bgrad": 1.0738098725428744, "d1": -0.5272064754520733, "d2": -0.8979848846606222, "d3": -2.4129047551966, "d4": -0.670770652643446, "p1": 19.340585374763997, "p2": 1.571764829914174, "p3": 19.04367019906013, "p4": 5.235402995120358, "pol1": 0.0797429933396101, "pol2": 0.9851740611657438, "pol3": 0.4216399929581729, "pol4": 0.919237004353548, "v0s": 2.2770102807693124}, "datetime": {"datetime": "2022-04-28 17:40:46", "elapsed": 7758.817082, "delta": 7.4052}}
{"target": -1.0, "params": {"Bgrad": 0.910439901689412, "d1": -0.47178568711424607, "d2": -0.6361565666097473, "d3": -0.5090664657966899, "d4": 0.29790513909290217, "p1": 41.38291398319707, "p2": 39.76362050657179, "p3": 8.882839587217434, "p4": 31.986998570543534, "pol1": 0.6176575112661633, "pol2": 0.0065684536142509575, "pol3": -0.4785733337635443, "pol4": -0.0018081064112058787, "v0s": 4.270349211457688}, "datetime": {"datetime": "2022-04-28 17:40:57", "elapsed": 7770.305364, "delta": 11.488282}}
{"target": -1.0, "params": {"Bgrad": 1.8365690188253874, "d1": -1.820168199251336, "d2": -1.0550834907796167, "d3": 0.25340074907505583, "d4": -0.693430278108603, "p1": 31.468717724715813, "p2": 18.05056073828741, "p3": 47.2447830270869, "p4": 17.738446823880295, "pol1": 0.8253958247513866, "pol2": 0.7594709580050878, "pol3": 0.16826752947110446, "pol4": -0.19432356952223273, "v0s": 4.4681877099721445}, "datetime": {"datetime": "2022-04-28 17:41:14", "elapsed": 7787.459497, "delta": 17.154133}}
{"target": -1.0, "params": {"Bgrad": 1.5794489310950985, "d1": -1.5651658374903192, "d2": -2.6798692327509963, "d3": 0.7843805910667436, "d4": -1.9255385197716257, "p1": 2.4813175266400753, "p2": 36.58471370622093, "p3": 45.913334811154726, "p4": 43.938245730087914, "pol1": 0.8540448485858247, "pol2": 0.8668753506547209, "pol3": 0.8111364661437033, "pol4": 0.7921893362714403, "v0s": 7.540750676694927}, "datetime": {"datetime": "2022-04-28 17:41:27", "elapsed": 7799.747641, "delta": 12.288144}}
{"target": -1.0, "params": {"Bgrad": 1.6300657426144538, "d1": -1.6277428838744474, "d2": -2.960784456476003, "d3": -1.6610086942987299, "d4": -0.36246560870521227, "p1": 17.264791537844438, "p2": 42.20791151419446, "p3": 8.842938615001572, "p4": 19.24863839707087, "pol1": -0.8567631333786709, "pol2": 0.6028639504944084, "pol3": -0.9932251773515528, "pol4": -0.3106380664393307, "v0s": 3.630843194346302}, "datetime": {"datetime": "2022-04-28 17:41:43", "elapsed": 7815.871528, "delta": 16.123887}}
{"target": -1.0, "params": {"Bgrad": 0.554597858956136, "d1": 0.9584281084917721, "d2": -1.9549889242080174, "d3": -1.7583274109765643, "d4": -2.901493279062657, "p1": 14.709549800106814, "p2": 2.0735017233030284, "p3": 25.293263713665276, "p4": 21.8710802206311, "pol1": 0.450834966080798, "pol2": -0.7101231336748395, "pol3": -0.5506263976349142, "pol4": 0.6974592958169687, "v0s": 7.600278214512009}, "datetime": {"datetime": "2022-04-28 17:41:48", "elapsed": 7821.462579, "delta": 5.591051}}
{"target": -1.0, "params": {"Bgrad": 1.4790531109595526, "d1": -0.5143313806047276, "d2": -0.050056408125398466, "d3": -1.6502886892820707, "d4": -1.3926133219173282, "p1": 47.64378618707619, "p2": 48.63256608542888, "p3": 32.97293574289099, "p4": 49.63610206149609, "pol1": 0.10986008055022967, "pol2": -0.8962933646156079, "pol3": -0.951483151460228, "pol4": -0.11683201414130862, "v0s": 5.112843544036434}, "datetime": {"datetime": "2022-04-28 17:42:01", "elapsed": 7833.851453, "delta": 12.388874}}
{"target": -1.0, "params": {"Bgrad": 1.3874681170079066, "d1": -2.773751751835882, "d2": -1.267079912573696, "d3": -0.5655240415902187, "d4": -0.5624849662903557, "p1": 4.378975690142778, "p2": 1.6397502488096904, "p3": 34.124966381010516, "p4": 44.21633846419172, "pol1": 0.24961038525241075, "pol2": -0.974132617390054, "pol3": -0.5291164836088031, "pol4": 0.12915458510848699, "v0s": 6.725052110965428}, "datetime": {"datetime": "2022-04-28 17:42:15", "elapsed": 7848.500285, "delta": 14.648832}}
{"target": -1.0, "params": {"Bgrad": 1.0525302592696437, "d1": -0.054338762344969815, "d2": -2.04560130392047, "d3": 0.2994360032887857, "d4": -2.532142805342174, "p1": 8.63921216207349, "p2": 3.5881524898013604, "p3": 49.08330444204369, "p4": 6.392295246047413, "pol1": 0.3905354116268156, "pol2": 0.473044079760774, "pol3": -0.3175516735326869, "pol4": 0.4708001446539214, "v0s": 6.8652636498861135}, "datetime": {"datetime": "2022-04-28 17:42:24", "elapsed": 7857.236925, "delta": 8.73664}}
{"target": -1.0, "params": {"Bgrad": 1.7263352425609981, "d1": -0.8432164768197854, "d2": 0.7493257264319118, "d3": -2.04551919563888, "d4": -0.18475160811813351, "p1": 46.270126231109344, "p2": 38.74927053161686, "p3": 23.299600399311327, "p4": 6.726849601130885, "pol1": -0.8607366525453777, "pol2": 0.37966294284259394, "pol3": -0.14429554099144748, "pol4": -0.9382773076306503, "v0s": 6.467172232618419}, "datetime": {"datetime": "2022-04-28 17:42:37", "elapsed": 7869.954919, "delta": 12.717994}}
{"target": -1.0, "params": {"Bgrad": 0.5600709607808958, "d1": -1.9406142927045735, "d2": -0.5443153235157072, "d3": -2.8698668547881074, "d4": -1.841334255308031, "p1": 10.998451857983982, "p2": 30.03073244944042, "p3": 0.6725278596173223, "p4": 48.238755665519506, "pol1": -0.9386864863451359, "pol2": -0.6006319049076532, "pol3": -0.8569443470960691, "pol4": 0.17158651966688354, "v0s": 6.156560354686956}, "datetime": {"datetime": "2022-04-28 17:42:45", "elapsed": 7878.331522, "delta": 8.376603}}
{"target": -1.0, "params": {"Bgrad": 1.6003698212154782, "d1": -0.6781529595036773, "d2": -0.455440318874786, "d3": -0.23627449554226043, "d4": -1.1016868125318178, "p1": 42.34256982814576, "p2": 28.320030560446135, "p3": 11.220745722937126, "p4": 37.46706817237934, "pol1": 0.8671774200812192, "pol2": -0.43228190924263443, "pol3": -0.8286436694173722, "pol4": -0.3278518000342596, "v0s": 4.818102323505599}, "datetime": {"datetime": "2022-04-28 17:42:59", "elapsed": 7892.457751, "delta": 14.126229}}
{"target": -1.0, "params": {"Bgrad": 1.070409987223114, "d1": -2.049257166568061, "d2": -0.9602276838569845, "d3": -2.3665339804322993, "d4": -0.42749626774769034, "p1": 13.48523170662696, "p2": 27.185833142416076, "p3": 0.577252096919223, "p4": 33.42601246094286, "pol1": 0.008651069507394915, "pol2": 0.8920460416994753, "pol3": -0.47499934789969944, "pol4": 0.011851205595764691, "v0s": 6.880224391958177}, "datetime": {"datetime": "2022-04-28 17:43:12", "elapsed": 7905.307394, "delta": 12.849643}}
{"target": -1.0, "params": {"Bgrad": 0.8076164928884481, "d1": -1.5861524850256097, "d2": 0.5260659953396831, "d3": -0.8097400922012858, "d4": -1.5030058369196206, "p1": 41.82924796682823, "p2": 44.06453669863706, "p3": 0.6269055842865634, "p4": 39.78153426770249, "pol1": -0.2558341790576053, "pol2": -0.28932487047859134, "pol3": 0.23032400260820607, "pol4": -0.36623681976135947, "v0s": 5.776535474497405}, "datetime": {"datetime": "2022-04-28 17:43:23", "elapsed": 7915.749474, "delta": 10.44208}}
{"target": -1.0, "params": {"Bgrad": 1.6826341048599476, "d1": -0.8043589590374194, "d2": -1.5835176297053906, "d3": -1.2634436689075557, "d4": 0.23106621977193154, "p1": 6.815795834579791, "p2": 33.85892114612895, "p3": 39.81177582372719, "p4": 18.417924033093534, "pol1": 0.38341632748393795, "pol2": 0.5517590457151718, "pol3": 0.8625751171958347, "pol4": -0.20821931430129603, "v0s": 6.482184099455593}, "datetime": {"datetime": "2022-04-28 17:43:35", "elapsed": 7927.595798, "delta": 11.846324}}
{"target": -1.0, "params": {"Bgrad": 1.8844045444788946, "d1": 0.39174097464923197, "d2": -1.3214375397572682, "d3": -1.4221622262293638, "d4": -0.046315533419278854, "p1": 7.420361822308363, "p2": 14.839663478532438, "p3": 2.7272601574695132, "p4": 34.041444028654375, "pol1": 0.6639654722640322, "pol2": -0.10867549136468035, "pol3": 0.035837839613179545, "pol4": -0.3103381231980278, "v0s": 7.214028527992463}, "datetime": {"datetime": "2022-04-28 17:43:48", "elapsed": 7940.932139, "delta": 13.336341}}
{"target": -1.0, "params": {"Bgrad": 1.9841725499638172, "d1": -1.5783457237324363, "d2": -2.5859646448442795, "d3": -0.37420934872185274, "d4": 0.17802312789672037, "p1": 0.986556923129378, "p2": 37.284867632785385, "p3": 16.104314235719592, "p4": 6.875212894588651, "pol1": -0.21767014985915445, "pol2": 0.8888714556061852, "pol3": 0.884201272956066, "pol4": 0.9208641180024597, "v0s": 4.977294949109747}, "datetime": {"datetime": "2022-04-28 17:44:02", "elapsed": 7954.924726, "delta": 13.992587}}
{"target": -1.0, "params": {"Bgrad": 1.0607685308376846, "d1": -2.507151390665135, "d2": -2.378371819151923, "d3": -1.458060274735836, "d4": 0.5812064065267499, "p1": 30.25601623665336, "p2": 37.94474471157632, "p3": 3.8033059178977426, "p4": 19.116236130505943, "pol1": -0.12144172807339437, "pol2": 0.0026511553254839892, "pol3": -0.42393599350670996, "pol4": 0.9405180488461271, "v0s": 4.419763859656221}, "datetime": {"datetime": "2022-04-28 17:44:15", "elapsed": 7968.215189, "delta": 13.290463}}
{"target": -1.0, "params": {"Bgrad": 1.5302015116333023, "d1": -2.3666770398850825, "d2": 0.8954708673392031, "d3": 0.9286917251715492, "d4": 0.5615812156837889, "p1": 31.988205106167626, "p2": 26.246602192478502, "p3": 28.43280290696228, "p4": 44.81620567219112, "pol1": 0.14155852338344221, "pol2": -0.43319569604451735, "pol3": -0.6273093728864862, "pol4": -0.12332355961927854, "v0s": 7.751126225405516}, "datetime": {"datetime": "2022-04-28 17:44:30", "elapsed": 7982.754314, "delta": 14.539125}}
{"target": -1.0, "params": {"Bgrad": 1.6307020427248302, "d1": 0.8537508885815299, "d2": -0.18435579720806983, "d3": 0.32624141979982557, "d4": -2.155620410482722, "p1": 3.3601023155323597, "p2": 37.36537146527266, "p3": 20.543448315283282, "p4": 42.723011602390095, "pol1": -0.29557193851970776, "pol2": 0.5240058108790855, "pol3": -0.0038063879389418354, "pol4": -0.6624505487704277, "v0s": 3.998480679812567}, "datetime": {"datetime": "2022-04-28 17:44:48", "elapsed": 8000.913759, "delta": 18.159445}}
{"target": -1.0, "params": {"Bgrad": 1.205150440899197, "d1": -0.8496255571115521, "d2": -0.23753179829699356, "d3": 0.050833993474729944, "d4": -2.2852420745939503, "p1": 20.3584929149064, "p2": 45.57673286675835, "p3": 21.853413161387287, "p4": 21.36090829689317, "pol1": 0.9600560861866552, "pol2": -0.14958218346648988, "pol3": 0.04548396964935897, "pol4": -0.9374430110019696, "v0s": 7.79214985175965}, "datetime": {"datetime": "2022-04-28 17:44:59", "elapsed": 8012.26441, "delta": 11.350651}}
{"target": -1.0, "params": {"Bgrad": 1.3129173339154, "d1": 0.4107189926412511, "d2": -1.4948087634782454, "d3": 0.9475459105778725, "d4": -1.5764872900048545, "p1": 43.78425392068907, "p2": 18.29681721484401, "p3": 45.542339699627554, "p4": 30.37949136782942, "pol1": 0.2272097532931674, "pol2": -0.10575799294235555, "pol3": 0.617412920720305, "pol4": 0.6717754232442392, "v0s": 3.9213240594630223}, "datetime": {"datetime": "2022-04-28 17:45:11", "elapsed": 8024.40794, "delta": 12.14353}}
{"target": -1.0, "params": {"Bgrad": 0.5430933967269149, "d1": 0.36352986695805534, "d2": -0.33413910811932235, "d3": -1.364032861497908, "d4": 0.0213928768867353, "p1": 36.994152071107344, "p2": 0.867485967106868, "p3": 44.639536160650785, "p4": 4.781440793626757, "pol1": 0.8595590192878051, "pol2": 0.9151971909030545, "pol3": 0.1122505356338428, "pol4": 0.34569339872224236, "v0s": 2.1569585992467886}, "datetime": {"datetime": "2022-04-28 17:45:16", "elapsed": 8029.425525, "delta": 5.017585}}
{"target": -1.0, "params": {"Bgrad": 1.009454528645106, "d1": -0.5636286427684571, "d2": -2.872735320769068, "d3": -1.0964993392315328, "d4": -0.25097675285162735, "p1": 6.581665505693729, "p2": 13.523937878420966, "p3": 4.93471445643705, "p4": 7.472151856597343, "pol1": 0.03241272730791578, "pol2": 0.021362903280486067, "pol3": 0.3586543603145398, "pol4": 0.6973552933136562, "v0s": 7.810559243784078}, "datetime": {"datetime": "2022-04-28 17:45:25", "elapsed": 8038.501257, "delta": 9.075732}}
