{"target": -1.0, "params": {"Bgrad": 0.9594462460013694, "d1": -0.0772569398904901, "d2": -1.3819800862030194, "d3": -1.335998916591942, "d4": -1.6520727803518005, "p1": 36.03903468670921, "p2": 2.2398632916008356, "p3": 30.174056200113064, "p4": 3.3920769896732264, "pol1": 0.7717733514046075, "pol2": -0.24659390371151146, "pol3": 0.8206946303807838, "pol4": -0.6796346769821802, "v0s": 3.8582217563034966}, "datetime": {"datetime": "2022-06-16 17:35:26", "elapsed": 315173.233413, "delta": 18.681068}}
{"target": -1.0, "params": {"Bgrad": 1.5842583206255494, "d1": -1.1346113761571859, "d2": 0.11690252333346463, "d3": 0.9791062713032801, "d4": -1.706930812788618, "p1": 43.92081097279747, "p2": 36.456649413304646, "p3": 49.01347887766596, "p4": 19.211560193986482, "pol1": 0.18989588396423462, "pol2": -0.43153761404916624, "pol3": 0.5122657468219145, "pol4": 0.3886275494731275, "v0s": 4.565414959976337}, "datetime": {"datetime": "2022-06-16 17:35:51", "elapsed": 315198.891832, "delta": 25.658419}}
{"target": -1.0, "params": {"Bgrad": 0.6754274112273608, "d1": 0.046169036037668754, "d2": -2.1172515359310307, "d3": 0.8551180961737677, "d4": -2.0259017329731592, "p1": 14.837363024130672, "p2": 5.51873544943085, "p3": 13.163090647040693, "p4": 44.38958153809517, "pol1": 0.38525086676718856, "pol2": -0.5902701720004235, "pol3": 0.42164379570887567, "pol4": -0.3554165406815668, "v0s": 6.2918233534588826}, "datetime": {"datetime": "2022-06-16 17:36:12", "elapsed": 315219.975479, "delta": 21.083647}}
{"target": -1.0, "params": {"Bgrad": 0.8600746806345589, "d1": -0.8248368376705071, "d2": -2.3880063299797514, "d3": -0.6866070629334979, "d4": -0.937157920088771, "p1": 9.027434166326314, "p2": 45.46964683795527, "p3": 11.339262892768097, "p4": 49.165548236789085, "pol1": -0.2806036341133402, "pol2": 0.20629292575008673, "pol3": 0.11202059160301658, "pol4": -0.6467554192938414, "v0s": 7.960984031490183}, "datetime": {"datetime": "2022-06-16 17:36:28", "elapsed": 315235.296528, "delta": 15.321049}}
{"target": -1.0, "params": {"Bgrad": 1.2429442124350663, "d1": 0.19222239963985377, "d2": -1.8508186335035903, "d3": -2.133235919298264, "d4": 0.9409598219699138, "p1": 42.54596166780028, "p2": 33.55771525551385, "p3": 41.33127893978028, "p4": 7.407901071086675, "pol1": -0.9248258361197184, "pol2": 0.07725587372927145, "pol3": 0.35796745007860564, "pol4": 0.8639746213923141, "v0s": 4.188696572688775}, "datetime": {"datetime": "2022-06-16 17:36:54", "elapsed": 315261.718906, "delta": 26.422378}}
{"target": -1.0, "params": {"Bgrad": 1.560405465937595, "d1": -1.0861011474488613, "d2": -1.697800077985082, "d3": -1.579489069655247, "d4": -2.552586766011633, "p1": 27.810008026676, "p2": 14.52304303818877, "p3": 35.19909423979593, "p4": 35.01664865648137, "pol1": 0.3429417488400581, "pol2": 0.864003586997526, "pol3": -0.21815653023943526, "pol4": 0.6567878943080387, "v0s": 5.671658896928905}, "datetime": {"datetime": "2022-06-16 17:37:20", "elapsed": 315287.821648, "delta": 26.102742}}
{"target": 2.4345793801452578, "params": {"Bgrad": 1.3925556359991906, "d1": -0.2824116824544789, "d2": -1.587470223500298, "d3": -1.6510483917404297, "d4": -1.7372315969126482, "p1": 38.84688112717499, "p2": 1.1954421807712223, "p3": 46.8493870030672, "p4": 21.713618814686125, "pol1": 0.5466749123906336, "pol2": 0.09580095226487795, "pol3": -0.42172157465985594, "pol4": -0.4347838580784953, "v0s": 2.4345793801452578}, "datetime": {"datetime": "2022-06-16 17:37:33", "elapsed": 315300.64238, "delta": 12.820732}}
{"target": -1.0, "params": {"Bgrad": 1.6505256874659535, "d1": 0.7258562574554572, "d2": -1.722444976369113, "d3": -2.47093740352951, "d4": 0.9481760130835277, "p1": 5.554330674756786, "p2": 45.98387711556649, "p3": 21.576404138703513, "p4": 16.214330609289785, "pol1": -0.8521677354093031, "pol2": -0.1278575764308052, "pol3": -0.4856797833037243, "pol4": 0.8070546589006351, "v0s": 5.4047465223797495}, "datetime": {"datetime": "2022-06-16 17:37:53", "elapsed": 315320.328762, "delta": 19.686382}}
{"target": 3.3184732187097197, "params": {"Bgrad": 0.8440088001059267, "d1": -0.629385756894195, "d2": 0.4556631352313225, "d3": -0.9695071354093217, "d4": -0.3149655714921926, "p1": 30.969357343690046, "p2": 49.50000396563508, "p3": 1.3184922869154236, "p4": 33.36452787452147, "pol1": 0.9194619907848842, "pol2": -0.9167120189259224, "pol3": 0.11503451334849069, "pol4": 0.8319460512149077, "v0s": 3.3184732187097197}, "datetime": {"datetime": "2022-06-16 17:38:04", "elapsed": 315331.921825, "delta": 11.593063}}
{"target": -1.0, "params": {"Bgrad": 1.975179585994481, "d1": -0.48839592652011987, "d2": -0.9078108221733983, "d3": -0.9505031269870354, "d4": -0.4395870049064685, "p1": 25.14439682110419, "p2": 27.385442735709393, "p3": 32.941739864110545, "p4": 45.107661353963714, "pol1": 0.559669947131247, "pol2": 0.2959093954495493, "pol3": -0.9289769897124156, "pol4": -0.8380523839910887, "v0s": 6.0999362497985175}, "datetime": {"datetime": "2022-06-16 17:38:24", "elapsed": 315351.794227, "delta": 19.872402}}
{"target": 2.643482543495464, "params": {"Bgrad": 0.8877875195595977, "d1": -0.1894579471598936, "d2": -0.8699999858480618, "d3": -1.8110925889138398, "d4": 0.3304428988124526, "p1": 15.353115161813175, "p2": 38.747574983212836, "p3": 12.046112736502046, "p4": 33.38507641302534, "pol1": -0.7367642181773384, "pol2": -0.004177569216992305, "pol3": -0.3682819744971837, "pol4": 0.43263231180398654, "v0s": 2.643482543495464}, "datetime": {"datetime": "2022-06-16 17:38:40", "elapsed": 315367.466338, "delta": 15.672111}}
{"target": -1.0, "params": {"Bgrad": 0.7351842150585768, "d1": -0.8460998774534345, "d2": 0.2849892772764462, "d3": -1.8322727528731542, "d4": 0.0112855227004931, "p1": 1.306253736868923, "p2": 28.448197050947048, "p3": 7.615147388949117, "p4": 21.09380143117762, "pol1": 0.832681600987347, "pol2": -0.66083618202137, "pol3": 0.8607463755488718, "pol4": 0.40878590959753414, "v0s": 7.15719470507515}, "datetime": {"datetime": "2022-06-16 17:39:01", "elapsed": 315388.999291, "delta": 21.532953}}
{"target": -1.0, "params": {"Bgrad": 0.534476360280947, "d1": 0.7767467423517247, "d2": 0.3118254711194579, "d3": -1.1183024958375651, "d4": 0.39538454974845694, "p1": 2.6440072111554693, "p2": 3.693254780712146, "p3": 40.1850296528343, "p4": 45.72851038949496, "pol1": -0.7590071273304819, "pol2": 0.8641370295581812, "pol3": -0.09577575348788181, "pol4": 0.1783996033878057, "v0s": 5.6597596339244225}, "datetime": {"datetime": "2022-06-16 17:39:15", "elapsed": 315402.862261, "delta": 13.86297}}
{"target": -1.0, "params": {"Bgrad": 0.8235303555714486, "d1": 0.8689976067515208, "d2": 0.6687422029842414, "d3": -0.46913552486308374, "d4": 0.6725573834689551, "p1": 39.40657488191234, "p2": 25.909889779611117, "p3": 24.038107590025582, "p4": 38.26952653722999, "pol1": -0.9805706734422002, "pol2": 0.03267672930190013, "pol3": 0.1222858799801787, "pol4": -0.4055334047036052, "v0s": 2.820252095357271}, "datetime": {"datetime": "2022-06-16 17:39:33", "elapsed": 315420.247839, "delta": 17.385578}}
{"target": -1.0, "params": {"Bgrad": 1.6335075636400387, "d1": -1.9538082943435495, "d2": -0.4831689409502258, "d3": -1.3451988169950355, "d4": -1.2714515060322533, "p1": 46.65010727939666, "p2": 18.40921663960144, "p3": 6.332495564065277, "p4": 12.384009442602173, "pol1": -0.02885551210343351, "pol2": 0.06443920177134443, "pol3": -0.42841509553329704, "pol4": -0.885205823232273, "v0s": 3.818088613627687}, "datetime": {"datetime": "2022-06-16 17:39:53", "elapsed": 315440.829826, "delta": 20.581987}}
{"target": 2.609392707383372, "params": {"Bgrad": 0.9460899034325896, "d1": -2.9091071362932444, "d2": -2.1610572409790856, "d3": -0.17874223323404292, "d4": -1.2542546803415213, "p1": 47.31258758926675, "p2": 34.64216173939299, "p3": 5.053178605764547, "p4": 34.89728381493624, "pol1": -0.031162371379041875, "pol2": 0.8638053934398944, "pol3": -0.7832010941779988, "pol4": -0.09241217760868548, "v0s": 2.609392707383372}, "datetime": {"datetime": "2022-06-16 17:40:07", "elapsed": 315454.207071, "delta": 13.377245}}
{"target": -1.0, "params": {"Bgrad": 1.2082073402890632, "d1": -2.3612300549660277, "d2": -0.015659099212863126, "d3": -2.9238444657784646, "d4": 0.7734215561695033, "p1": 44.24363805328042, "p2": 8.944192619704927, "p3": 19.81501618012615, "p4": 0.49083598673387296, "pol1": -0.10705217242393239, "pol2": -0.23902277324698384, "pol3": -0.7507940329805713, "pol4": -0.48225697839550197, "v0s": 6.801089284704103}, "datetime": {"datetime": "2022-06-16 17:40:27", "elapsed": 315474.2874, "delta": 20.080329}}
{"target": -1.0, "params": {"Bgrad": 1.6676120606027407, "d1": -1.626767896272253, "d2": -1.8591562319095014, "d3": -2.205178587262576, "d4": -0.5166400729651213, "p1": 45.2729105824501, "p2": 21.398508648774374, "p3": 32.738928225911884, "p4": 37.8084169965792, "pol1": -0.6158908651168706, "pol2": 0.8314209033398585, "pol3": 0.4036818509713578, "pol4": 0.9898774855229158, "v0s": 5.4336825336229}, "datetime": {"datetime": "2022-06-16 17:40:46", "elapsed": 315493.750378, "delta": 19.462978}}
{"target": -1.0, "params": {"Bgrad": 1.550378517244586, "d1": 0.999326578957084, "d2": -2.8559137176822453, "d3": -2.096572476599065, "d4": -1.6998672590447432, "p1": 45.21884580789444, "p2": 31.917453328659885, "p3": 3.0864792034044797, "p4": 40.1468928651294, "pol1": 0.4573751981752854, "pol2": -0.1958468787366794, "pol3": -0.28323740991590673, "pol4": -0.2682145090096786, "v0s": 4.460046390334686}, "datetime": {"datetime": "2022-06-16 17:41:06", "elapsed": 315513.847662, "delta": 20.097284}}
{"target": -1.0, "params": {"Bgrad": 0.7735931200269701, "d1": -2.126271346454034, "d2": -2.4728807619542623, "d3": -1.9873178952897321, "d4": -0.9560832852336065, "p1": 29.661092657677962, "p2": 39.47552662719594, "p3": 48.52163187689224, "p4": 21.996909370037056, "pol1": -0.6915159577924213, "pol2": 0.3288486247914906, "pol3": 0.08018422105359169, "pol4": -0.8635059421131119, "v0s": 6.074472360167156}, "datetime": {"datetime": "2022-06-16 17:41:26", "elapsed": 315533.547009, "delta": 19.699347}}
{"target": -1.0, "params": {"Bgrad": 1.902037088390292, "d1": 0.7129200116984578, "d2": -1.9574093806834654, "d3": -1.986003104297243, "d4": -1.6131385968999257, "p1": 37.61659431320025, "p2": 22.36007360165177, "p3": 16.647082418527088, "p4": 45.24378212825242, "pol1": 0.5255390868331333, "pol2": -0.12187087628154214, "pol3": 0.2798280726746627, "pol4": 0.17511711567310329, "v0s": 5.817562148038535}, "datetime": {"datetime": "2022-06-16 17:41:46", "elapsed": 315553.619359, "delta": 20.07235}}
{"target": -1.0, "params": {"Bgrad": 0.9956164451717104, "d1": -1.015612498412736, "d2": -1.8651279529865046, "d3": -2.7813874971361776, "d4": -0.8602705585253463, "p1": 47.88609061912143, "p2": 39.035118508151704, "p3": 25.31012618759498, "p4": 25.679151214774375, "pol1": -0.22032863981580597, "pol2": 0.29768926854475386, "pol3": 0.45498380419866713, "pol4": -0.9227518572510045, "v0s": 4.566809838733782}, "datetime": {"datetime": "2022-06-16 17:42:05", "elapsed": 315572.526823, "delta": 18.907464}}
{"target": -1.0, "params": {"Bgrad": 0.71489930470116, "d1": -1.1631864145176474, "d2": 0.4551108623876172, "d3": 0.9173591379532371, "d4": -2.8234708638766084, "p1": 5.3613632919401075, "p2": 35.55341057771299, "p3": 6.1662327296775015, "p4": 24.319165515245555, "pol1": 0.14554772175641784, "pol2": 0.4434651723077978, "pol3": 0.3700813540338621, "pol4": 0.18335718222736697, "v0s": 4.172433857015228}, "datetime": {"datetime": "2022-06-16 17:42:24", "elapsed": 315591.220858, "delta": 18.694035}}
{"target": -1.0, "params": {"Bgrad": 1.4321446096382784, "d1": -1.6315068370448769, "d2": -0.5824411596615744, "d3": -2.04473467314137, "d4": -2.575724310365456, "p1": 20.82512039285827, "p2": 45.74603659669456, "p3": 17.623428666369357, "p4": 4.414289401095727, "pol1": -0.5628018307487535, "pol2": -0.5051125276032487, "pol3": -0.04257888695049594, "pol4": -0.04751452451698146, "v0s": 2.2174104838988904}, "datetime": {"datetime": "2022-06-16 17:42:42", "elapsed": 315609.337434, "delta": 18.116576}}
{"target": 5.9865073875976265, "params": {"Bgrad": 1.191558979601386, "d1": -2.8127354695349984, "d2": 0.4578119891745658, "d3": -2.0855478074244744, "d4": -0.029430508947248857, "p1": 44.86031362179277, "p2": 1.9047887723899815, "p3": 27.908050825667086, "p4": 11.913514280430604, "pol1": 0.847009915487712, "pol2": -0.10052924903863181, "pol3": -0.7055335287631963, "pol4": 0.6345410943236207, "v0s": 5.9865073875976265}, "datetime": {"datetime": "2022-06-16 17:42:58", "elapsed": 315625.730618, "delta": 16.393184}}
{"target": -1.0, "params": {"Bgrad": 1.9934200101108281, "d1": -0.07239433182020916, "d2": -1.9948195569041802, "d3": -2.741188939066072, "d4": 0.2500692312955275, "p1": 6.502669212063816, "p2": 18.456434510457438, "p3": 26.261397147379135, "p4": 29.62567867101894, "pol1": 0.04622849832597131, "pol2": 0.37090231341631075, "pol3": -0.1261602162977271, "pol4": -0.6048317042280382, "v0s": 3.881159983980619}, "datetime": {"datetime": "2022-06-16 17:43:26", "elapsed": 315653.194212, "delta": 27.463594}}
{"target": 3.0966671319142023, "params": {"Bgrad": 1.9101966361069767, "d1": -0.3714334102541481, "d2": 0.33041391351868166, "d3": -2.935560773668038, "d4": -0.6254005579843138, "p1": 15.811409547399148, "p2": 42.05973088266577, "p3": 26.66860566174262, "p4": 44.97407271636961, "pol1": 0.39257380329381397, "pol2": -0.9621936261717856, "pol3": 0.1883329590951348, "pol4": -0.23466865347914645, "v0s": 3.0966671319142023}, "datetime": {"datetime": "2022-06-16 17:43:38", "elapsed": 315665.746662, "delta": 12.55245}}
{"target": -1.0, "params": {"Bgrad": 0.633599119955685, "d1": -1.5430920662956802, "d2": -1.4969285301277897, "d3": -0.21146665196148628, "d4": -1.8583956454588093, "p1": 7.507842414763571, "p2": 24.090720573571744, "p3": 44.59452825543166, "p4": 12.15037533321459, "pol1": 0.023342503473497533, "pol2": 0.5678129170686126, "pol3": -0.6622897375179728, "pol4": 0.5832425103527008, "v0s": 6.063295582297085}, "datetime": {"datetime": "2022-06-16 17:43:54", "elapsed": 315681.072698, "delta": 15.326036}}
{"target": -1.0, "params": {"Bgrad": 1.0822708257852387, "d1": -0.8515354678657796, "d2": -1.610534221007358, "d3": -1.5364852933965865, "d4": -1.6820661400328838, "p1": 45.185876980050764, "p2": 31.248700659006, "p3": 28.41873571099251, "p4": 19.638254126874223, "pol1": 0.9090348962164092, "pol2": 0.16873640358896047, "pol3": 0.6157407043155692, "pol4": 0.7277737875722508, "v0s": 4.724817655909831}, "datetime": {"datetime": "2022-06-16 17:44:13", "elapsed": 315700.752227, "delta": 19.679529}}
{"target": -1.0, "params": {"Bgrad": 1.8768010935112778, "d1": 0.5962077264180596, "d2": -0.9991913679493734, "d3": 0.47814371651655074, "d4": -2.4255893848034726, "p1": 6.611960989614962, "p2": 18.524360445081058, "p3": 19.596709909393763, "p4": 12.750863576256988, "pol1": 0.4078455347594587, "pol2": 0.863289414730195, "pol3": 0.6847961496976844, "pol4": -0.08912188189280612, "v0s": 3.5342566402048265}, "datetime": {"datetime": "2022-06-16 17:44:45", "elapsed": 315732.442639, "delta": 31.690412}}
{"target": -1.0, "params": {"Bgrad": 0.5075317778146715, "d1": -2.722754176558342, "d2": -2.3301095083267787, "d3": -2.9665008151706687, "d4": -1.945462829492504, "p1": 9.290715502047059, "p2": 42.27765577851295, "p3": 31.489167139795605, "p4": 29.9192376512533, "pol1": -0.39216108676146955, "pol2": -0.12588028094774972, "pol3": 0.3180761099645908, "pol4": -0.9597780418843109, "v0s": 6.109213277743877}, "datetime": {"datetime": "2022-06-16 17:44:58", "elapsed": 315745.284825, "delta": 12.842186}}
{"target": -1.0, "params": {"Bgrad": 1.3333043470567205, "d1": -0.5281152969766558, "d2": 0.3400946334935173, "d3": -1.5165668266368462, "d4": -1.4840093854007494, "p1": 24.8129753578617, "p2": 2.824625549160653, "p3": 32.744775845072134, "p4": 45.00735597891109, "pol1": -0.6083213551152025, "pol2": 0.4377001191712462, "pol3": 0.7002747457478151, "pol4": -0.7859342706677344, "v0s": 6.855479084277546}, "datetime": {"datetime": "2022-06-16 17:45:17", "elapsed": 315764.276106, "delta": 18.991281}}
{"target": -1.0, "params": {"Bgrad": 0.7769745679778113, "d1": -0.331226427290471, "d2": -1.9957619745826602, "d3": 0.11767518426776347, "d4": 0.6464936930406346, "p1": 40.42779292440027, "p2": 6.730973964228576, "p3": 7.13112203426895, "p4": 20.91147405603393, "pol1": -0.6117395048591121, "pol2": -0.2070507673939479, "pol3": -0.47052889733911774, "pol4": -0.7514116409806186, "v0s": 7.459730465258553}, "datetime": {"datetime": "2022-06-16 17:45:34", "elapsed": 315781.499097, "delta": 17.222991}}
{"target": -1.0, "params": {"Bgrad": 1.9525001893080767, "d1": 0.2589901255334506, "d2": -2.402681325854724, "d3": 0.5264534204582154, "d4": -0.691545536867975, "p1": 25.691116635946575, "p2": 33.786356550468895, "p3": 25.957299182418737, "p4": 21.681056992697457, "pol1": -0.4250918212550705, "pol2": -0.8952439623853181, "pol3": -0.41141969410543067, "pol4": -0.31318004249517895, "v0s": 2.085484179355722}, "datetime": {"datetime": "2022-06-16 17:46:01", "elapsed": 315808.404209, "delta": 26.905112}}
{"target": -1.0, "params": {"Bgrad": 1.5637673227043098, "d1": -0.9036955327275007, "d2": -0.8365539382770129, "d3": -0.5950945409748245, "d4": -0.09840536630862795, "p1": 1.7098860460680987, "p2": 45.87318399913795, "p3": 29.98556556329282, "p4": 35.451234689063256, "pol1": 0.5298653883962108, "pol2": -0.9470285062112862, "pol3": -0.01076707833521473, "pol4": -0.768243451413176, "v0s": 4.27384340447548}, "datetime": {"datetime": "2022-06-16 17:46:29", "elapsed": 315836.794327, "delta": 28.390118}}
{"target": -1.0, "params": {"Bgrad": 1.1171949994915207, "d1": -2.3374915137693018, "d2": -0.2620464447257871, "d3": -1.541415212991657, "d4": -1.846751253136563, "p1": 41.34305384416399, "p2": 42.62073398170308, "p3": 30.492170562064114, "p4": 7.435104893991623, "pol1": -0.6090558004983087, "pol2": 0.21169349571716856, "pol3": 0.7378471474403325, "pol4": 0.928535432069187, "v0s": 5.072036421370832}, "datetime": {"datetime": "2022-06-16 17:46:52", "elapsed": 315859.40589, "delta": 22.611563}}
{"target": -1.0, "params": {"Bgrad": 1.6632468381507606, "d1": -2.1196261410645696, "d2": -1.057577135533756, "d3": 0.6296540195038505, "d4": -2.6468829201083364, "p1": 19.81020448043219, "p2": 21.012375342807566, "p3": 46.75741819809791, "p4": 30.80227555415599, "pol1": -0.3827555986488753, "pol2": -0.7582479846708485, "pol3": -0.38820083765090874, "pol4": 0.6595955885640328, "v0s": 2.9229227138369973}, "datetime": {"datetime": "2022-06-16 17:47:23", "elapsed": 315890.686308, "delta": 31.280418}}
{"target": -1.0, "params": {"Bgrad": 0.8456042349527717, "d1": -1.6973610643123314, "d2": -1.8975118371200326, "d3": -1.4488253540299123, "d4": -2.3122983120221003, "p1": 31.308580787503104, "p2": 15.585541801327985, "p3": 1.6918134253373573, "p4": 42.266635992488695, "pol1": -0.36269746276003434, "pol2": 0.863367501884748, "pol3": 0.42621284040408725, "pol4": 0.7415628853984741, "v0s": 5.937072749513382}, "datetime": {"datetime": "2022-06-16 17:47:39", "elapsed": 315907.026632, "delta": 16.340324}}
{"target": -1.0, "params": {"Bgrad": 1.1705622137934448, "d1": -2.43074254173851, "d2": -1.8843916733240302, "d3": -1.33385637759273, "d4": -2.319767489456402, "p1": 6.72765014692942, "p2": 25.93617212535199, "p3": 31.431675506037394, "p4": 43.38686905737422, "pol1": -0.4074708664525115, "pol2": -0.21334164047230897, "pol3": -0.2507230117298256, "pol4": -0.8321434984932916, "v0s": 4.638945906071372}, "datetime": {"datetime": "2022-06-16 17:48:00", "elapsed": 315927.986611, "delta": 20.959979}}
{"target": -1.0, "params": {"Bgrad": 1.9257604866689773, "d1": -2.253414707477815, "d2": -2.486809525617125, "d3": -1.4019708962286725, "d4": -1.493408878568292, "p1": 47.45821647628947, "p2": 31.076446066914343, "p3": 45.02953281958188, "p4": 8.900404502781601, "pol1": -0.07024779112106483, "pol2": 0.8963710367707947, "pol3": -0.42670052722902785, "pol4": -0.04130074243401327, "v0s": 3.650430826282906}, "datetime": {"datetime": "2022-06-16 17:48:22", "elapsed": 315949.788337, "delta": 21.801726}}
{"target": -1.0, "params": {"Bgrad": 1.7353360562208935, "d1": 0.8163135053770048, "d2": -2.3264907678439464, "d3": -0.3193864115553593, "d4": -1.7550556863021458, "p1": 26.052095292549488, "p2": 36.75300850481652, "p3": 2.2559658791620416, "p4": 40.72381803745303, "pol1": -0.16549395299350622, "pol2": 0.6662908917694288, "pol3": 0.5461451308400238, "pol4": 0.9755805280265608, "v0s": 2.447356440503317}, "datetime": {"datetime": "2022-06-16 17:48:47", "elapsed": 315974.084427, "delta": 24.29609}}
{"target": -1.0, "params": {"Bgrad": 0.7079885467148335, "d1": 0.14859782955913392, "d2": 0.7719493935107749, "d3": -1.9947010646266996, "d4": -2.1088811318229927, "p1": 39.28095573211897, "p2": 14.387755471177204, "p3": 7.5813823444738135, "p4": 39.43316632493673, "pol1": -0.4504215706467558, "pol2": 0.2940451930578609, "pol3": 0.4575655843711748, "pol4": 0.090539220228254, "v0s": 4.357585553469888}, "datetime": {"datetime": "2022-06-16 17:49:04", "elapsed": 315991.06504, "delta": 16.980613}}
{"target": -1.0, "params": {"Bgrad": 1.8022814619077363, "d1": 0.7855539254608206, "d2": -1.993056419753887, "d3": 0.03459688818579121, "d4": 0.8246333471807779, "p1": 42.236431807283246, "p2": 1.7080015026303463, "p3": 29.178667350357202, "p4": 35.991859235293525, "pol1": 0.2679718379172926, "pol2": 0.1396075251007689, "pol3": 0.9119646635261189, "pol4": -0.5731556541261418, "v0s": 7.607410257097395}, "datetime": {"datetime": "2022-06-16 17:49:32", "elapsed": 316019.170918, "delta": 28.105878}}
