{"target": -1.0, "params": {"Bgrad": 1.6701346176951326, "d1": -2.950066909118604, "d2": -1.756022940042464, "d3": -1.7902285672579974, "d4": -1.636227658886353, "p1": 3.1717968899039386, "p2": 16.999212974857297, "p3": 36.855647699732316, "p4": 48.56848101920098, "pol1": 0.7905179357196033, "pol2": -0.43423497891639307, "pol3": 0.3171783777580399, "pol4": -0.4650129932824343, "v0s": 5.328164577274879}, "datetime": {"datetime": "2022-05-18 05:14:03", "elapsed": 120658.53355, "delta": 42.684836}}
{"target": -1.0, "params": {"Bgrad": 0.6171595384698545, "d1": 0.9419981705574303, "d2": 0.5917801510374225, "d3": -1.532621142551676, "d4": -2.2956757731352844, "p1": 4.385090407506648, "p2": 31.916162208187487, "p3": 35.43414299511426, "p4": 29.150798912736708, "pol1": -0.7385378737420982, "pol2": 0.6568924325772096, "pol3": 0.4465983676496281, "pol4": 0.1611984808034117, "v0s": 3.599569318500312}, "datetime": {"datetime": "2022-05-18 05:15:35", "elapsed": 120750.676101, "delta": 92.142551}}
{"target": 4.95202708306006, "params": {"Bgrad": 1.029005629168839, "d1": -3.0, "d2": 0.32358138739254233, "d3": -1.0642653708459329, "d4": -0.6666552485885159, "p1": 27.451598825826032, "p2": 10.491495936334088, "p3": 12.445595965141422, "p4": 27.124284088504844, "pol1": 0.2794430876774919, "pol2": 1.0, "pol3": 0.6678513552347752, "pol4": 0.08968318072791287, "v0s": 4.95202708306006}, "datetime": {"datetime": "2022-05-18 05:16:24", "elapsed": 120799.387815, "delta": 48.711714}}
{"target": 4.774541665479539, "params": {"Bgrad": 2.0, "d1": -2.2703880992350167, "d2": 0.36574954702834966, "d3": -2.4585379537460947, "d4": -3.0, "p1": 2.3080897419181974, "p2": 29.708170587632384, "p3": 19.994945239206753, "p4": 10.444774429446662, "pol1": -0.6055362024661102, "pol2": -0.06432506196727454, "pol3": 1.0, "pol4": -0.18357689824301845, "v0s": 4.774541665479539}, "datetime": {"datetime": "2022-05-18 05:17:08", "elapsed": 120843.374168, "delta": 43.986353}}
{"target": 5.542814247449981, "params": {"Bgrad": 2.0, "d1": -1.661942970372958, "d2": 0.8845674831446498, "d3": -0.29538526681018484, "d4": -0.38655176902991734, "p1": 1.8642387447294324, "p2": 35.01936564967965, "p3": 30.165066352989793, "p4": 33.054709099780574, "pol1": 0.0718649358942232, "pol2": -0.5591070845568568, "pol3": -0.4561355389873828, "pol4": -1.0, "v0s": 5.542814247449981}, "datetime": {"datetime": "2022-05-18 05:18:08", "elapsed": 120903.656935, "delta": 60.282767}}
{"target": 4.476560589954784, "params": {"Bgrad": 1.5818184427394029, "d1": -2.5098844017762834, "d2": 0.8173019362969364, "d3": -1.5964709422606789, "d4": -1.0073206349136958, "p1": 6.6149785865371316, "p2": 22.85347417556824, "p3": 44.56431064832834, "p4": 22.812138206993133, "pol1": 0.42704752353477343, "pol2": -0.640657701217924, "pol3": -0.5611391454089406, "pol4": -0.5362373305532842, "v0s": 4.476560589954784}, "datetime": {"datetime": "2022-05-18 05:19:09", "elapsed": 120964.443353, "delta": 60.786418}}
{"target": 4.713092061331196, "params": {"Bgrad": 0.5573487654644865, "d1": -2.456467031221, "d2": -0.6258207307489982, "d3": -1.0994704314071764, "d4": -1.6049355352090395, "p1": 4.893792579648482, "p2": 14.706283162605315, "p3": 38.195579989758606, "p4": 48.75284003983947, "pol1": 0.6364187732416693, "pol2": -0.3821647800892127, "pol3": -0.42894998896787406, "pol4": -0.09569786941832681, "v0s": 4.713092061331196}, "datetime": {"datetime": "2022-05-18 05:20:05", "elapsed": 121020.508401, "delta": 56.065048}}
{"target": 4.071397555547848, "params": {"Bgrad": 0.7249603255586856, "d1": -1.654891227691281, "d2": 0.9692679893778564, "d3": -2.2667035759313485, "d4": -0.7477764378537755, "p1": 5.562106977966086, "p2": 33.49504476523586, "p3": 31.877966304105065, "p4": 39.13619213178408, "pol1": 0.7501002641324872, "pol2": -0.8149942497915839, "pol3": -0.31574373268455247, "pol4": 0.7487114513943125, "v0s": 4.071397555547848}, "datetime": {"datetime": "2022-05-18 05:21:00", "elapsed": 121076.057828, "delta": 55.549427}}
{"target": 5.130779472545776, "params": {"Bgrad": 2.0, "d1": -2.0305543885736395, "d2": 1.0, "d3": -2.7062754188722216, "d4": -1.2061075407059332, "p1": 29.248713102851966, "p2": 29.72809664956689, "p3": 8.395254350004281, "p4": 44.21868525108101, "pol1": -0.3279336423099766, "pol2": 0.6197249967004983, "pol3": 1.0, "pol4": -1.0, "v0s": 5.130779472545776}, "datetime": {"datetime": "2022-05-18 05:22:02", "elapsed": 121137.826618, "delta": 61.76879}}
{"target": 3.54510064303691, "params": {"Bgrad": 1.0616654579784996, "d1": -3.0, "d2": 0.38277757556797615, "d3": -2.177360479414022, "d4": -0.4513189967310895, "p1": 23.408420180108525, "p2": 9.52464726479778, "p3": 10.155311870789392, "p4": 25.24394353783971, "pol1": 1.0, "pol2": 0.35438217674555905, "pol3": -0.5451344057193236, "pol4": 0.33088370422143676, "v0s": 3.54510064303691}, "datetime": {"datetime": "2022-05-18 05:22:58", "elapsed": 121193.523649, "delta": 55.697031}}
{"target": -1.0, "params": {"Bgrad": 1.2008782764734423, "d1": -2.743550319290003, "d2": -1.0412000164487019, "d3": 0.17836525579054108, "d4": -1.2229798124195987, "p1": 5.734939748536738, "p2": 13.861158029027182, "p3": 36.07647560232936, "p4": 48.03897395056026, "pol1": -0.006663181360549331, "pol2": 0.7249864820907357, "pol3": -0.4960533696820144, "pol4": -0.6964601088832705, "v0s": 5.047555454805849}, "datetime": {"datetime": "2022-05-18 05:24:00", "elapsed": 121255.576681, "delta": 62.053032}}
{"target": 3.7635502390999833, "params": {"Bgrad": 0.7657889840095112, "d1": -1.2844720839429522, "d2": 1.0, "d3": -2.1305021236562736, "d4": -1.325495944847632, "p1": 43.58995297049075, "p2": 15.874493322715375, "p3": 26.296503570992574, "p4": 10.93359268098574, "pol1": 0.7692845825487697, "pol2": -0.23200144477590393, "pol3": -1.0, "pol4": -0.21800812343146095, "v0s": 3.7635502390999833}, "datetime": {"datetime": "2022-05-18 05:24:56", "elapsed": 121311.462208, "delta": 55.885527}}
{"target": 4.51461740837606, "params": {"Bgrad": 1.611793679302889, "d1": -1.2774323410032384, "d2": 0.3661392709140748, "d3": -2.336673118959462, "d4": -3.0, "p1": 26.018405519843725, "p2": 8.26775036089839, "p3": 35.44875764517406, "p4": 30.535920340104102, "pol1": -0.16865046521740212, "pol2": 0.4943542064067618, "pol3": 0.7071072716805658, "pol4": -0.3963393429686232, "v0s": 4.51461740837606}, "datetime": {"datetime": "2022-05-18 05:25:40", "elapsed": 121355.36678, "delta": 43.904572}}
{"target": 5.680686389716472, "params": {"Bgrad": 1.6540598966052829, "d1": -3.0, "d2": -0.14431814221723058, "d3": -0.863749641951673, "d4": 0.17998900561657372, "p1": 35.50091232673294, "p2": 6.136999624234341, "p3": 35.507269382936165, "p4": 6.518696627908591, "pol1": 0.3457807424581873, "pol2": -1.0, "pol3": -0.5020302556761296, "pol4": -0.38973479538420586, "v0s": 5.680686389716472}, "datetime": {"datetime": "2022-05-18 05:26:51", "elapsed": 121426.687025, "delta": 71.320245}}
{"target": 4.476834924859544, "params": {"Bgrad": 1.0980878877832483, "d1": -2.713467004010745, "d2": 1.0, "d3": -2.745220391344644, "d4": -1.2534534332381309, "p1": 2.4599062683088584, "p2": 32.53555695285523, "p3": 29.730594117983816, "p4": 41.575617728217196, "pol1": -0.2487546910279011, "pol2": 0.6977951764212914, "pol3": 0.22955161503687843, "pol4": 0.16139172824126058, "v0s": 4.476834924859544}, "datetime": {"datetime": "2022-05-18 05:28:03", "elapsed": 121498.890906, "delta": 72.203881}}
{"target": -1.0, "params": {"Bgrad": 1.8364272588676716, "d1": 0.8933358322093765, "d2": 0.3720916727075565, "d3": -2.0326257515296704, "d4": -0.041657084838152336, "p1": 3.278391451832674, "p2": 37.723453179241325, "p3": 30.73979962373316, "p4": 44.964357219872085, "pol1": 0.01818433848208012, "pol2": -0.5765825283467991, "pol3": 0.38997110641676724, "pol4": -0.6288185952550278, "v0s": 4.50102199005738}, "datetime": {"datetime": "2022-05-18 05:29:08", "elapsed": 121564.099501, "delta": 65.208595}}
{"target": 4.6329454174984015, "params": {"Bgrad": 0.9809887737700841, "d1": -2.753819000671632, "d2": 1.0, "d3": -1.6446796884005177, "d4": -2.5596105031010534, "p1": 37.41884479825415, "p2": 44.74375396776402, "p3": 20.07330697109804, "p4": 11.6980298528544, "pol1": 1.0, "pol2": 0.8511742443138403, "pol3": -0.2594544222517125, "pol4": -0.2258853416794513, "v0s": 4.6329454174984015}, "datetime": {"datetime": "2022-05-18 05:29:54", "elapsed": 121609.928921, "delta": 45.82942}}
{"target": -1.0, "params": {"Bgrad": 1.2955044980165673, "d1": -1.2723157837337506, "d2": 0.9776020346867872, "d3": -1.460114245611908, "d4": 0.5118730179051978, "p1": 0.0, "p2": 34.43125641819858, "p3": 31.64134907600028, "p4": 34.469413692887684, "pol1": 0.02946351346902095, "pol2": 1.0, "pol3": -0.4596753189784593, "pol4": -1.0, "v0s": 4.955782816904432}, "datetime": {"datetime": "2022-05-18 05:31:03", "elapsed": 121678.86654, "delta": 68.937619}}
{"target": -1.0, "params": {"Bgrad": 1.5047479542039681, "d1": 0.2851656152193427, "d2": -0.5498835149378971, "d3": -1.6130317323317205, "d4": -0.17395128728845277, "p1": 1.964847885436516, "p2": 40.623245682657085, "p3": 32.20574359254926, "p4": 46.015240063877975, "pol1": -0.6425798358191133, "pol2": 0.8551992153933559, "pol3": 0.7269606614428747, "pol4": 0.409169627212548, "v0s": 6.214164889297823}, "datetime": {"datetime": "2022-05-18 05:32:23", "elapsed": 121759.185716, "delta": 80.319176}}
{"target": -1.0, "params": {"Bgrad": 1.513523279792466, "d1": -2.6535977632353616, "d2": 0.7427069540180375, "d3": 0.02985175946347951, "d4": -2.8185059043366865, "p1": 5.489844133209015, "p2": 36.6601803567349, "p3": 38.648827959047615, "p4": 30.597699365535252, "pol1": -0.1468514585987879, "pol2": 0.21774325208839018, "pol3": 0.5636877450994422, "pol4": 0.6317515002357121, "v0s": 5.498609875064783}, "datetime": {"datetime": "2022-05-18 05:33:12", "elapsed": 121807.394774, "delta": 48.209058}}
{"target": 3.430344773449062, "params": {"Bgrad": 2.0, "d1": -1.9787056495006015, "d2": -0.02196815356414731, "d3": -1.4071824616839885, "d4": -1.1681497975402004, "p1": 27.78344188315631, "p2": 41.367889682513784, "p3": 29.679123294791875, "p4": 19.790115487360183, "pol1": -0.4181369805146691, "pol2": -0.6336666629564743, "pol3": 0.6532552477037789, "pol4": -1.0, "v0s": 3.430344773449062}, "datetime": {"datetime": "2022-05-18 05:34:08", "elapsed": 121863.465806, "delta": 56.071032}}
{"target": 3.3006805175735012, "params": {"Bgrad": 0.7612198336521534, "d1": -1.9636440970629923, "d2": -0.2752353951936053, "d3": 0.3551832577664178, "d4": -0.44487040341917083, "p1": 1.8671995724999335, "p2": 34.988704023519965, "p3": 28.680003585125974, "p4": 31.349086440327227, "pol1": -0.3522400361949656, "pol2": 0.2893258507594587, "pol3": -0.9074096909981961, "pol4": -0.7531676627948274, "v0s": 3.3006805175735012}, "datetime": {"datetime": "2022-05-18 05:34:47", "elapsed": 121902.449539, "delta": 38.983733}}
{"target": 3.8375200452065936, "params": {"Bgrad": 0.7057897906919104, "d1": -2.6744730888615114, "d2": 1.0, "d3": -1.2670116593290377, "d4": -1.9253130360241126, "p1": 30.985272005733858, "p2": 12.305397085612633, "p3": 33.97646617282081, "p4": 25.244194484966165, "pol1": -0.6011446506523807, "pol2": -0.7315231491453927, "pol3": -0.1296631243003211, "pol4": -0.5237409186538526, "v0s": 3.8375200452065936}, "datetime": {"datetime": "2022-05-18 05:35:47", "elapsed": 121962.358305, "delta": 59.908766}}
{"target": -1.0, "params": {"Bgrad": 0.5068408758252629, "d1": -2.407244591801715, "d2": -1.3456628510384108, "d3": -0.962686716084308, "d4": -0.5922238946336962, "p1": 4.569844040309351, "p2": 13.935713675195071, "p3": 39.24749931958128, "p4": 48.68387593279674, "pol1": 0.3411616096005634, "pol2": 0.4017539382785136, "pol3": -0.7881245085072774, "pol4": 0.06726582591520391, "v0s": 4.853675026247961}, "datetime": {"datetime": "2022-05-18 05:36:28", "elapsed": 122004.002921, "delta": 41.644616}}
{"target": 4.342776476232831, "params": {"Bgrad": 1.1091009781560002, "d1": -1.8817872274692298, "d2": -0.1757345836485258, "d3": -2.7148707760335986, "d4": -1.9821389365029867, "p1": 26.534384905357783, "p2": 6.447390034192624, "p3": 34.80300366525149, "p4": 29.39179413974562, "pol1": 0.9228061264974186, "pol2": -0.04498757173718859, "pol3": 0.5845834240759347, "pol4": 0.24222639398918933, "v0s": 4.342776476232831}, "datetime": {"datetime": "2022-05-18 05:37:09", "elapsed": 122044.679129, "delta": 40.676208}}
{"target": 4.587174973094671, "params": {"Bgrad": 0.9338700466214442, "d1": -3.0, "d2": -3.0, "d3": -3.0, "d4": -1.5341890661866817, "p1": 7.7756528475219815, "p2": 6.699569730071192, "p3": 44.448592987843895, "p4": 16.821105553486085, "pol1": 1.0, "pol2": 0.11489458285173805, "pol3": -1.0, "pol4": 0.0893816740592655, "v0s": 4.587174973094671}, "datetime": {"datetime": "2022-05-18 05:38:13", "elapsed": 122108.733806, "delta": 64.054677}}
{"target": 4.419690928888004, "params": {"Bgrad": 2.0, "d1": -3.0, "d2": -0.8346345396263181, "d3": -3.0, "d4": -1.1937524820761602, "p1": 27.30451119793822, "p2": 18.05197812770492, "p3": 49.73230734465464, "p4": 38.37041030318391, "pol1": 1.0, "pol2": 0.48140863112857807, "pol3": -0.7987952778438772, "pol4": 0.602175280261375, "v0s": 4.419690928888004}, "datetime": {"datetime": "2022-05-18 05:39:00", "elapsed": 122155.223463, "delta": 46.489657}}
{"target": 4.5427470411357005, "params": {"Bgrad": 1.1527741712749928, "d1": -3.0, "d2": 0.05012419618821264, "d3": -1.9507823689541246, "d4": -2.6013625902212634, "p1": 32.3784684246885, "p2": 9.508911556533933, "p3": 40.57429710470989, "p4": 36.35132413318626, "pol1": 0.23590919706727223, "pol2": -0.6831384439686156, "pol3": 0.2000459203040583, "pol4": 0.43770612287496974, "v0s": 4.5427470411357005}, "datetime": {"datetime": "2022-05-18 05:39:49", "elapsed": 122204.535572, "delta": 49.312109}}
{"target": 4.997358808955948, "params": {"Bgrad": 1.3349453644472304, "d1": -3.0, "d2": -3.0, "d3": -0.6196425918829986, "d4": -0.7127761481043335, "p1": 5.157106886152592, "p2": 20.082496274612048, "p3": 2.217539355560524, "p4": 13.273893384069844, "pol1": -0.6338920128320842, "pol2": 0.21829484973706517, "pol3": -0.048519345380807724, "pol4": -1.0, "v0s": 4.997358808955948}, "datetime": {"datetime": "2022-05-18 05:40:58", "elapsed": 122273.684624, "delta": 69.149052}}
{"target": 4.132901178890178, "params": {"Bgrad": 0.5539145058676153, "d1": -0.1331016342213827, "d2": 1.0, "d3": -1.3933859157593564, "d4": -3.0, "p1": 6.7670116474380935, "p2": 23.866108580042095, "p3": 2.0418844241603207, "p4": 31.719197882382574, "pol1": -0.2979967660644383, "pol2": -1.0, "pol3": -1.0, "pol4": -0.9950090396025113, "v0s": 4.132901178890178}, "datetime": {"datetime": "2022-05-18 05:41:55", "elapsed": 122330.406913, "delta": 56.722289}}
{"target": 4.490360683250012, "params": {"Bgrad": 2.0, "d1": -2.7825339186606466, "d2": -1.0205546059308876, "d3": -1.025719648907542, "d4": -0.23925421212850737, "p1": 44.538503664537146, "p2": 24.959275244837578, "p3": 26.463640436230854, "p4": 13.772076436251512, "pol1": -0.04135382950917833, "pol2": -0.33965646847241826, "pol3": -0.5215024563180761, "pol4": 0.3551325296766228, "v0s": 4.490360683250012}, "datetime": {"datetime": "2022-05-18 05:42:48", "elapsed": 122383.298449, "delta": 52.891536}}
{"target": 4.502796308921219, "params": {"Bgrad": 2.0, "d1": -2.7211395741933124, "d2": 0.053688963767913635, "d3": -0.4363799270588602, "d4": -2.6561350112433324, "p1": 44.12907997140316, "p2": 20.29101665788079, "p3": 25.59920243061611, "p4": 12.990780094987828, "pol1": 0.0480264264373714, "pol2": -0.041120561584534594, "pol3": -0.6051376217261039, "pol4": 0.5369406816899217, "v0s": 4.502796308921219}, "datetime": {"datetime": "2022-05-18 05:43:44", "elapsed": 122439.393415, "delta": 56.094966}}
{"target": 3.4583012906412094, "params": {"Bgrad": 0.8401653582288378, "d1": -2.9167866786605576, "d2": 0.8770562971882176, "d3": -2.925866263084608, "d4": -0.310947528002651, "p1": 2.583272500765421, "p2": 34.32501969602848, "p3": 28.508020762185055, "p4": 33.431073093550125, "pol1": -0.2302514233141031, "pol2": -0.21729684594670529, "pol3": 0.6739421535358632, "pol4": -0.5237597097686908, "v0s": 3.4583012906412094}, "datetime": {"datetime": "2022-05-18 05:44:22", "elapsed": 122477.527421, "delta": 38.134006}}
{"target": 3.9090820772381902, "params": {"Bgrad": 1.2479283929443652, "d1": -3.0, "d2": -3.0, "d3": -0.31631803698762434, "d4": -0.7885251356165437, "p1": 4.6339807681993745, "p2": 20.566317488118898, "p3": 2.0708461998879404, "p4": 14.550045683372533, "pol1": -0.875381514820783, "pol2": 0.525231234323891, "pol3": -0.03809670057906005, "pol4": -1.0, "v0s": 3.9090820772381902}, "datetime": {"datetime": "2022-05-18 05:45:25", "elapsed": 122540.888952, "delta": 63.361531}}
{"target": 3.530047742495542, "params": {"Bgrad": 0.9399200600583103, "d1": -1.7099049637300037, "d2": 0.6806617375976547, "d3": -2.2326378054251337, "d4": 0.015581782476401518, "p1": 6.5080977336010815, "p2": 24.22221944917995, "p3": 42.45510732092566, "p4": 20.891852324418835, "pol1": -0.4844156859077917, "pol2": -0.6841791964174826, "pol3": -0.30577783893357435, "pol4": -0.7353053769626552, "v0s": 3.530047742495542}, "datetime": {"datetime": "2022-05-18 05:46:09", "elapsed": 122584.401573, "delta": 43.512621}}
{"target": 3.0742720618211683, "params": {"Bgrad": 1.1741206257198336, "d1": -2.177180205114687, "d2": -1.6366338853592692, "d3": -2.0929801117781417, "d4": -0.639122347701564, "p1": 3.110312830362111, "p2": 33.91065124031942, "p3": 27.29756527622229, "p4": 30.348280921247163, "pol1": -0.552916308113494, "pol2": -0.2685245399361196, "pol3": 0.3711053057985625, "pol4": 0.2903176706173425, "v0s": 3.0742720618211683}, "datetime": {"datetime": "2022-05-18 05:46:54", "elapsed": 122629.243637, "delta": 44.842064}}
{"target": 3.931668852197084, "params": {"Bgrad": 1.1958221120698989, "d1": -0.9833081806020276, "d2": 0.3979405592911043, "d3": -1.3282254706255707, "d4": -1.0833924341556411, "p1": 38.97816632328942, "p2": 46.09790938203135, "p3": 18.18039121380359, "p4": 15.006965254589694, "pol1": 0.40422277714560506, "pol2": 0.13495541836810432, "pol3": -0.4045041355860439, "pol4": -0.9903516905033025, "v0s": 3.931668852197084}, "datetime": {"datetime": "2022-05-18 05:47:56", "elapsed": 122691.391415, "delta": 62.147778}}
{"target": -1.0, "params": {"Bgrad": 0.9442352952703248, "d1": -1.4657160394884001, "d2": 0.7057652974844575, "d3": -2.768005716839952, "d4": -0.3683559773374303, "p1": 2.2122586872090286, "p2": 39.94482098592975, "p3": 40.94922300113101, "p4": 29.40757239166249, "pol1": -0.1145899830204753, "pol2": -0.9162560314119963, "pol3": 0.48203881211539223, "pol4": 0.7077409042317939, "v0s": 6.19006293024025}, "datetime": {"datetime": "2022-05-18 05:49:03", "elapsed": 122758.22865, "delta": 66.837235}}
{"target": -1.0, "params": {"Bgrad": 0.5277743031951376, "d1": -2.577090290795157, "d2": 0.6146799465625485, "d3": 0.21892291516353524, "d4": -2.2641527033110322, "p1": 8.146671034334075, "p2": 20.787814964572508, "p3": 46.29389428504812, "p4": 25.033322405149725, "pol1": -0.8591734409142757, "pol2": 0.10632662049258546, "pol3": -0.33633879656244825, "pol4": 0.24498773843620048, "v0s": 3.5526350140604883}, "datetime": {"datetime": "2022-05-18 05:49:45", "elapsed": 122800.800785, "delta": 42.572135}}
{"target": 2.2205260057326406, "params": {"Bgrad": 1.3727001054550283, "d1": -2.972975011295605, "d2": 0.38589387725729773, "d3": -2.3984853565560513, "d4": -2.1858496437588935, "p1": 38.893492510187585, "p2": 43.334171750223355, "p3": 20.556134171627132, "p4": 9.926429699259332, "pol1": -0.5451792036941656, "pol2": 0.4043129458176704, "pol3": 0.45201732387158056, "pol4": 0.7887746911920541, "v0s": 2.2205260057326406}, "datetime": {"datetime": "2022-05-18 05:50:38", "elapsed": 122853.339266, "delta": 52.538481}}
{"target": 5.562425982211119, "params": {"Bgrad": 2.0, "d1": -2.0929524576319056, "d2": 0.5824612409160976, "d3": -1.3246958853467683, "d4": -1.145164505182, "p1": 1.8699051626726613, "p2": 35.05596505094243, "p3": 30.509574318704885, "p4": 32.91491003079022, "pol1": -0.5832695086355327, "pol2": -0.07429971849866508, "pol3": 0.17099515706008653, "pol4": -1.0, "v0s": 5.562425982211119}, "datetime": {"datetime": "2022-05-18 05:51:28", "elapsed": 122903.622776, "delta": 50.28351}}
{"target": 4.889764749079241, "params": {"Bgrad": 1.847062165873409, "d1": -1.3598449747381594, "d2": 0.2943388714243307, "d3": -2.901572114691793, "d4": -1.205428851229529, "p1": 5.979101767258044, "p2": 29.233786232032656, "p3": 40.05534726012358, "p4": 28.648191757146634, "pol1": -0.988590892064755, "pol2": 0.17371395208698104, "pol3": -0.20015121620435083, "pol4": -0.7084878155191294, "v0s": 4.889764749079241}, "datetime": {"datetime": "2022-05-18 05:52:09", "elapsed": 122945.181621, "delta": 41.558845}}
{"target": 5.257808706307503, "params": {"Bgrad": 2.0, "d1": -2.2085501793412528, "d2": 1.0, "d3": -0.7723950120402314, "d4": -1.210372138856914, "p1": 1.955930464548007, "p2": 34.84125245516951, "p3": 30.2364877183834, "p4": 32.82203018090948, "pol1": 0.8281461475867379, "pol2": 0.3902510392313453, "pol3": 0.04460878345980493, "pol4": -1.0, "v0s": 5.257808706307503}, "datetime": {"datetime": "2022-05-18 05:52:58", "elapsed": 122993.662952, "delta": 48.481331}}
{"target": 5.853927232922957, "params": {"Bgrad": 0.9813778197597891, "d1": -2.7033405693846952, "d2": -0.17797539767607962, "d3": -0.08486761546102173, "d4": 0.26179201754180115, "p1": 0.9927815050420563, "p2": 37.05940165827078, "p3": 28.22953407829425, "p4": 32.44221990528436, "pol1": -0.10898643288958931, "pol2": -0.6768034591052108, "pol3": -0.571719742561855, "pol4": 0.06612642106684219, "v0s": 5.853927232922957}, "datetime": {"datetime": "2022-05-18 05:54:13", "elapsed": 123068.485828, "delta": 74.822876}}
