{"target": 3.8900988992048724, "params": {"Bgrad": 1.6890011619919438, "d1": -2.4973436628464705, "d2": 0.2384174253619773, "d3": -2.504985763762902, "d4": -0.649647464773464, "p1": 1.4728994079406477, "p2": 38.83430212340876, "p3": 33.34211816644835, "p4": 44.34519462253487, "pol1": -0.8658872973787355, "pol2": 0.8410036765318245, "pol3": -0.4593211891081652, "pol4": -0.5879089870598964, "v0s": 3.8900988992048724}, "datetime": {"datetime": "2022-05-18 05:54:56", "elapsed": 123112.201904, "delta": 43.716076}}
{"target": -1.0, "params": {"Bgrad": 0.7518908630597427, "d1": -2.059991133695674, "d2": -0.2805082108556092, "d3": 0.163567893550856, "d4": 0.5302173863864645, "p1": 0.8690431967114887, "p2": 34.247770953432585, "p3": 28.48745940319314, "p4": 32.3684363586833, "pol1": 0.4079365391259029, "pol2": 0.3246197423679311, "pol3": -0.35047174957587424, "pol4": 0.9381517587445509, "v0s": 6.961537750515878}, "datetime": {"datetime": "2022-05-18 05:55:56", "elapsed": 123171.465397, "delta": 59.263493}}
{"target": 5.295419410823767, "params": {"Bgrad": 1.1503555936984247, "d1": -3.0, "d2": -3.0, "d3": -1.0814796246730038, "d4": -0.8655834231714926, "p1": 3.888162409630052, "p2": 19.614034590002852, "p3": 2.121384679423966, "p4": 13.251711698203389, "pol1": -0.6122818922369077, "pol2": 0.46955634926587325, "pol3": 0.5726091111454078, "pol4": -0.4897665039724655, "v0s": 5.295419410823767}, "datetime": {"datetime": "2022-05-18 05:56:40", "elapsed": 123215.740976, "delta": 44.275579}}
{"target": -1.0, "params": {"Bgrad": 1.577580381122997, "d1": -1.3053548750120827, "d2": -1.931825190059124, "d3": -1.997230567590996, "d4": -2.17182789187752, "p1": 5.782033934106801, "p2": 36.6854256468842, "p3": 30.01440463262855, "p4": 48.83577042202653, "pol1": 0.6266967521343549, "pol2": -0.028010097106985654, "pol3": 0.44559176067490913, "pol4": 0.35425514006568326, "v0s": 5.958548681670884}, "datetime": {"datetime": "2022-05-18 05:57:25", "elapsed": 123260.865286, "delta": 45.12431}}
{"target": 5.045779714939632, "params": {"Bgrad": 1.0953573104998333, "d1": -3.0, "d2": 1.0, "d3": -1.636825294399005, "d4": -2.032584772542633, "p1": 3.7666853552008717, "p2": 33.20163883035466, "p3": 31.603933617130302, "p4": 37.913173685537785, "pol1": -0.38306653815985997, "pol2": 0.0633982060956139, "pol3": 0.35047105532399475, "pol4": 0.2084469208963082, "v0s": 5.045779714939632}, "datetime": {"datetime": "2022-05-18 05:58:27", "elapsed": 123322.907346, "delta": 62.04206}}
{"target": -1.0, "params": {"Bgrad": 1.7560919239087882, "d1": -1.5830514930709731, "d2": 0.6387314745003105, "d3": -0.16024126374200032, "d4": 0.2963205751469351, "p1": 8.670279986310087, "p2": 21.60638877016034, "p3": 45.36548756950617, "p4": 21.91465803080939, "pol1": 0.7530909916964452, "pol2": 0.4491795537258567, "pol3": 0.2606245528424762, "pol4": 0.478256207154524, "v0s": 3.2684011509620485}, "datetime": {"datetime": "2022-05-18 05:59:28", "elapsed": 123383.631933, "delta": 60.724587}}
{"target": -1.0, "params": {"Bgrad": 1.840241644068022, "d1": -2.3490063337230653, "d2": -1.447433544041183, "d3": -2.641643222206604, "d4": 0.9904772083238349, "p1": 43.83704105225913, "p2": 24.827326845857765, "p3": 24.359789522872944, "p4": 14.45833914062632, "pol1": -0.12214915342836474, "pol2": -0.5801575642382661, "pol3": 0.23165516325188173, "pol4": 0.03249585810894784, "v0s": 3.3689863389836185}, "datetime": {"datetime": "2022-05-18 06:00:36", "elapsed": 123451.442563, "delta": 67.81063}}
{"target": -1.0, "params": {"Bgrad": 0.8488024185625465, "d1": -1.9438609873702832, "d2": 0.30540004950921373, "d3": -1.5223648863944916, "d4": 0.7135923470268084, "p1": 2.6349381166690833, "p2": 38.153572849776936, "p3": 40.662606940292676, "p4": 28.939118309769178, "pol1": 0.5178850345652863, "pol2": 0.17294711230331927, "pol3": -0.08161683097282135, "pol4": -0.6878095050967263, "v0s": 6.71757927991123}, "datetime": {"datetime": "2022-05-18 06:01:40", "elapsed": 123516.113592, "delta": 64.671029}}
{"target": 4.9899665890821625, "params": {"Bgrad": 0.8814251823701081, "d1": -2.803612465174582, "d2": 1.0, "d3": -1.9115005297923893, "d4": -0.6970886371298597, "p1": 31.67810975571287, "p2": 8.712655386293418, "p3": 39.012178439200774, "p4": 31.705468983139053, "pol1": 0.2754798804511133, "pol2": 0.4131456880537295, "pol3": 0.1388869086230368, "pol4": -0.6308818502508531, "v0s": 4.9899665890821625}, "datetime": {"datetime": "2022-05-18 06:02:43", "elapsed": 123578.449866, "delta": 62.336274}}
{"target": -1.0, "params": {"Bgrad": 1.9621505753308675, "d1": -3.0, "d2": 0.5451693077103689, "d3": -1.497709316379966, "d4": 0.2690700584560395, "p1": 35.12384756270032, "p2": 6.453803185603433, "p3": 36.037266958334094, "p4": 7.152562510396668, "pol1": 0.6696478536439285, "pol2": -1.0, "pol3": 0.2377450880936782, "pol4": -0.07932222533396076, "v0s": 5.867252364895141}, "datetime": {"datetime": "2022-05-18 06:03:34", "elapsed": 123629.795535, "delta": 51.345669}}
{"target": 4.1811262604012605, "params": {"Bgrad": 1.738366298845259, "d1": -3.0, "d2": 0.12082446585207292, "d3": -2.1123834298552837, "d4": -1.5470947706946685, "p1": 6.9342746412217595, "p2": 26.639260011627965, "p3": 42.91717859947416, "p4": 21.227428300773045, "pol1": 0.36171766096806934, "pol2": -0.4348953539816588, "pol3": -0.5423971182888204, "pol4": -1.0, "v0s": 4.1811262604012605}, "datetime": {"datetime": "2022-05-18 06:04:17", "elapsed": 123673.0299, "delta": 43.234365}}
{"target": 4.852834629015713, "params": {"Bgrad": 1.009980169943986, "d1": -3.0, "d2": 1.0, "d3": -1.6208426244740988, "d4": -1.7128322196150443, "p1": 7.7349280728441725, "p2": 36.4680733615666, "p3": 35.14356713642117, "p4": 37.54547109738948, "pol1": -0.09823497273793576, "pol2": -0.32315922401881636, "pol3": 0.006259914921904588, "pol4": -0.8229689726993623, "v0s": 4.852834629015713}, "datetime": {"datetime": "2022-05-18 06:05:58", "elapsed": 123774.131491, "delta": 101.101591}}
{"target": 3.6056499779957765, "params": {"Bgrad": 0.5199657406031011, "d1": -1.4372084433460328, "d2": -0.807126789400646, "d3": -1.4923636368028297, "d4": -1.5079380752252844, "p1": 6.064739252343293, "p2": 41.19771904952636, "p3": 27.70686435973874, "p4": 40.49405242364899, "pol1": 0.2904426083313525, "pol2": -0.38555607136303616, "pol3": -0.25391406901227653, "pol4": -0.5995144713775267, "v0s": 3.6056499779957765}, "datetime": {"datetime": "2022-05-18 06:06:55", "elapsed": 123830.465818, "delta": 56.334327}}
{"target": 4.627749174631388, "params": {"Bgrad": 1.9411200342365516, "d1": -2.2116312690136635, "d2": 0.17448592011929157, "d3": -2.7635297508426433, "d4": -1.5339216957108412, "p1": 6.7049222500269225, "p2": 30.273485551088967, "p3": 39.956731099673185, "p4": 31.016874322914557, "pol1": -0.3766788705007337, "pol2": 0.521135884089474, "pol3": -0.6013026560314708, "pol4": -0.7734251542051742, "v0s": 4.627749174631388}, "datetime": {"datetime": "2022-05-18 06:07:51", "elapsed": 123886.68944, "delta": 56.223622}}
{"target": 4.431010065912247, "params": {"Bgrad": 2.0, "d1": -2.606379220677128, "d2": 1.0, "d3": -2.2019070401397562, "d4": -0.8419014753422129, "p1": 8.667509351761757, "p2": 24.373046862582346, "p3": 44.75162366400319, "p4": 23.185792333199107, "pol1": -0.11455479159193133, "pol2": -0.5697527380975532, "pol3": -0.04093551809100373, "pol4": -0.30226096295621124, "v0s": 4.431010065912247}, "datetime": {"datetime": "2022-05-18 06:09:30", "elapsed": 123985.39145, "delta": 98.70201}}
{"target": -1.0, "params": {"Bgrad": 1.6353791997349056, "d1": -1.1172510414727115, "d2": -1.366732402739974, "d3": -0.7103395473163139, "d4": -0.17308981790105182, "p1": 1.0600296805418408, "p2": 37.542275788534255, "p3": 28.16670762821275, "p4": 32.217931266945534, "pol1": -0.8267189722180481, "pol2": -0.26137019810693407, "pol3": 0.5704897800009743, "pol4": -0.9911651474414975, "v0s": 5.345408232610855}, "datetime": {"datetime": "2022-05-18 06:10:32", "elapsed": 124047.80352, "delta": 62.41207}}
{"target": 3.314071957034452, "params": {"Bgrad": 1.8306194510128995, "d1": -2.306169378253012, "d2": 0.7845769519813781, "d3": -2.5371662816055927, "d4": -2.5942269066276267, "p1": 6.977356113321415, "p2": 36.29001862275591, "p3": 32.59508520009049, "p4": 35.422580412330085, "pol1": 0.8564909707924662, "pol2": -0.32661410111069133, "pol3": -0.7363192233530536, "pol4": -0.5721392456985621, "v0s": 3.314071957034452}, "datetime": {"datetime": "2022-05-18 06:11:16", "elapsed": 124091.376979, "delta": 43.573459}}
{"target": 5.158893543087329, "params": {"Bgrad": 0.6645768818418689, "d1": -3.0, "d2": 0.12302686920499652, "d3": -1.5225778950742133, "d4": -3.0, "p1": 30.61676175827911, "p2": 13.588864748867678, "p3": 40.0236420070302, "p4": 25.787507129746835, "pol1": 0.34129978347792456, "pol2": 1.0, "pol3": -0.5927797290757818, "pol4": 1.0, "v0s": 5.158893543087329}, "datetime": {"datetime": "2022-05-18 06:12:13", "elapsed": 124149.180376, "delta": 57.803397}}
{"target": 5.298423574775896, "params": {"Bgrad": 1.284615450034816, "d1": -2.751610884002253, "d2": 0.5203715230056184, "d3": -0.24769211770678376, "d4": -0.604885734549914, "p1": 1.1713770214161743, "p2": 36.22636629314268, "p3": 29.462552532027374, "p4": 32.69098190445113, "pol1": -0.022502495262157647, "pol2": -0.7222550813577426, "pol3": -0.6146364109269012, "pol4": -0.3110020028256316, "v0s": 5.298423574775896}, "datetime": {"datetime": "2022-05-18 06:13:36", "elapsed": 124231.90412, "delta": 82.723744}}
{"target": 3.710182730263877, "params": {"Bgrad": 1.4622338184491492, "d1": -0.7242370061430687, "d2": -0.24730679912877473, "d3": -0.4094230796640801, "d4": -2.8182608315774784, "p1": 4.506915174323306, "p2": 33.84226590275451, "p3": 37.893949421914186, "p4": 27.71952495147927, "pol1": -0.14833652484445814, "pol2": -0.07204200894284063, "pol3": -0.9689339017194698, "pol4": -0.9735100208220278, "v0s": 3.710182730263877}, "datetime": {"datetime": "2022-05-18 06:14:25", "elapsed": 124280.768427, "delta": 48.864307}}
{"target": 3.5272217952695946, "params": {"Bgrad": 1.6595814777336018, "d1": -2.668825925964759, "d2": 1.0, "d3": -0.9298760040818086, "d4": -1.3357818797524157, "p1": 40.707106505124855, "p2": 20.286825232501915, "p3": 14.359529328163008, "p4": 13.105775545358384, "pol1": -0.13678799440429598, "pol2": 1.0, "pol3": -0.20777202702815636, "pol4": 0.10389792041328554, "v0s": 3.5272217952695946}, "datetime": {"datetime": "2022-05-18 06:15:54", "elapsed": 124369.752428, "delta": 88.984001}}
{"target": 5.609775962282312, "params": {"Bgrad": 0.8221824124242444, "d1": -2.1735525207932636, "d2": 0.7791805565829306, "d3": -0.921422198793489, "d4": 0.21927617759652618, "p1": 5.534587227994924, "p2": 37.97322873118457, "p3": 31.551227736353432, "p4": 44.63077433122586, "pol1": 0.002855196497633994, "pol2": -0.8731153961876916, "pol3": 0.6814371327346178, "pol4": 0.8090974741402102, "v0s": 5.609775962282312}, "datetime": {"datetime": "2022-05-18 06:16:42", "elapsed": 124417.943535, "delta": 48.191107}}
{"target": 4.525347179676789, "params": {"Bgrad": 1.9816284060871898, "d1": -3.0, "d2": 1.0, "d3": -1.9432540042406348, "d4": -0.07297809396444625, "p1": 30.491099328649476, "p2": 13.048254971826148, "p3": 31.992875798556202, "p4": 26.0275410194465, "pol1": 0.3174921900465312, "pol2": -0.9863459278178404, "pol3": -0.046068828977040586, "pol4": 0.5502944856466659, "v0s": 4.525347179676789}, "datetime": {"datetime": "2022-05-18 06:17:25", "elapsed": 124460.233425, "delta": 42.28989}}
{"target": 3.896534456307016, "params": {"Bgrad": 0.9595368634001301, "d1": -2.15929263235624, "d2": -0.9106071608447261, "d3": -1.8876655411116015, "d4": -0.5463562653132104, "p1": 6.439827644262685, "p2": 22.377565551239748, "p3": 45.01445150042894, "p4": 21.951620939554346, "pol1": 0.2645822124325008, "pol2": -0.8765718283358237, "pol3": -0.648924720011161, "pol4": -0.2378960391016991, "v0s": 3.896534456307016}, "datetime": {"datetime": "2022-05-18 06:18:06", "elapsed": 124501.283632, "delta": 41.050207}}
{"target": 4.562574428721321, "params": {"Bgrad": 0.5414951811399213, "d1": -1.850349179095749, "d2": 0.2528869509072941, "d3": -1.0848681873643011, "d4": -1.2326619116402702, "p1": 1.5299650664010833, "p2": 34.72509040532665, "p3": 30.524861396232254, "p4": 35.783121618081566, "pol1": -0.4070472023772126, "pol2": -0.10606148032644132, "pol3": 0.5821771144377396, "pol4": -0.009003972709100088, "v0s": 4.562574428721321}, "datetime": {"datetime": "2022-05-18 06:19:05", "elapsed": 124560.618933, "delta": 59.335301}}
{"target": -1.0, "params": {"Bgrad": 0.5359788037373079, "d1": -2.5576991043041297, "d2": -1.408874772508463, "d3": -2.771585195589374, "d4": 0.8764262818419599, "p1": 1.8936272366052498, "p2": 36.6379541011925, "p3": 41.664022849351454, "p4": 30.461697428427826, "pol1": 0.678574650538972, "pol2": -0.2340122557710631, "pol3": -0.6350413986047099, "pol4": 0.10404957359458678, "v0s": 3.8463853344716004}, "datetime": {"datetime": "2022-05-18 06:20:04", "elapsed": 124619.66002, "delta": 59.041087}}
{"target": 4.291585414312669, "params": {"Bgrad": 1.0737571386035545, "d1": -2.223279245972545, "d2": 1.0, "d3": -1.315130643702544, "d4": -1.584839256685843, "p1": 40.780404199653915, "p2": 18.82794173467023, "p3": 14.958226946893449, "p4": 13.086788680613171, "pol1": 0.18202555359920014, "pol2": 0.08457749724083156, "pol3": 0.17991306171760366, "pol4": 0.44804586022904286, "v0s": 4.291585414312669}, "datetime": {"datetime": "2022-05-18 06:20:48", "elapsed": 124663.283343, "delta": 43.623323}}
{"target": 4.272744413147325, "params": {"Bgrad": 2.0, "d1": -3.0, "d2": -0.40281173131014963, "d3": -3.0, "d4": -1.3382310228766665, "p1": 27.25677526574779, "p2": 18.63200216890469, "p3": 49.63637738112111, "p4": 37.73563595335083, "pol1": 1.0, "pol2": -0.02386338383316109, "pol3": 0.5134116335922598, "pol4": -0.5922291680286795, "v0s": 4.272744413147325}, "datetime": {"datetime": "2022-05-18 06:21:34", "elapsed": 124709.329189, "delta": 46.045846}}
{"target": -1.0, "params": {"Bgrad": 2.0, "d1": -3.0, "d2": 0.9221258662603263, "d3": -0.08653193388615991, "d4": -0.4004760061933486, "p1": 35.798928962057644, "p2": 8.719503840164855, "p3": 7.967828075167096, "p4": 30.629921782873964, "pol1": -0.1921973205957227, "pol2": 1.0, "pol3": -1.0, "pol4": 1.0, "v0s": 5.506041533741201}, "datetime": {"datetime": "2022-05-18 06:22:55", "elapsed": 124791.063579, "delta": 81.73439}}
{"target": 3.9275305885625613, "params": {"Bgrad": 1.403495933615027, "d1": -0.7713059298113442, "d2": 1.0, "d3": -2.935796757248943, "d4": -2.6055103567640763, "p1": 43.67577727776365, "p2": 16.423952586374416, "p3": 26.310033514769565, "p4": 10.002933567787284, "pol1": 0.1294537214841323, "pol2": -0.9791686718369041, "pol3": -0.37164916024140526, "pol4": 0.257328811487022, "v0s": 3.9275305885625613}, "datetime": {"datetime": "2022-05-18 06:23:58", "elapsed": 124853.854636, "delta": 62.791057}}
{"target": 3.800861078905051, "params": {"Bgrad": 1.8414134844874972, "d1": -2.7791758011823, "d2": -0.31147425440377896, "d3": -2.6843776747782018, "d4": -0.3827633513424229, "p1": 33.32800584857016, "p2": 6.679513199456988, "p3": 37.6810036183062, "p4": 5.566689878095898, "pol1": 0.32283860186456503, "pol2": -0.7946648373726386, "pol3": -0.9959116455506791, "pol4": -0.7002864505366981, "v0s": 3.800861078905051}, "datetime": {"datetime": "2022-05-18 06:25:49", "elapsed": 124964.409942, "delta": 110.555306}}
{"target": 4.044231196029334, "params": {"Bgrad": 1.9610275540911568, "d1": -0.45206382938899825, "d2": 0.36255837178496764, "d3": -1.1423759428786764, "d4": -0.8854051911403023, "p1": 6.507375982955854, "p2": 29.76751238645075, "p3": 40.00331477291475, "p4": 28.28904453632029, "pol1": -0.9281826117779859, "pol2": 0.8557161080882099, "pol3": -0.3475116315893334, "pol4": 0.15564029244751, "v0s": 4.044231196029334}, "datetime": {"datetime": "2022-05-18 06:26:52", "elapsed": 125027.650796, "delta": 63.240854}}
{"target": -1.0, "params": {"Bgrad": 1.2982080075597555, "d1": -2.81892256004913, "d2": -2.8098811130429073, "d3": -1.4310465298395343, "d4": -0.5411679407669063, "p1": 35.390010922143425, "p2": 8.882141198423582, "p3": 34.370357126113674, "p4": 5.42453535372559, "pol1": 0.7272152403486822, "pol2": -0.5194947429527585, "pol3": 0.9313865988480905, "pol4": 0.3851557707145392, "v0s": 6.419573234906588}, "datetime": {"datetime": "2022-05-18 06:28:02", "elapsed": 125097.691464, "delta": 70.040668}}
{"target": 3.2740581658125647, "params": {"Bgrad": 1.4263188762934633, "d1": -1.0327674210852082, "d2": 0.7627946051459196, "d3": -2.6261437375447914, "d4": 0.22824449175656714, "p1": 7.277449402196767, "p2": 22.783978433831585, "p3": 47.42477131553558, "p4": 21.663676424819013, "pol1": 0.5999973081896928, "pol2": 0.46230026530117296, "pol3": -0.3816791189032791, "pol4": -0.8195211428706948, "v0s": 3.2740581658125647}, "datetime": {"datetime": "2022-05-18 06:29:25", "elapsed": 125180.551844, "delta": 82.86038}}
{"target": 4.9985654107010475, "params": {"Bgrad": 2.0, "d1": -2.799889510488592, "d2": -0.10768172781386366, "d3": -0.8371679555353952, "d4": -0.2984442219457123, "p1": 44.266178236844645, "p2": 24.510868648720855, "p3": 26.99165745741972, "p4": 13.44317833902234, "pol1": 0.18866506142275977, "pol2": -0.509566775485521, "pol3": -0.9078668431622452, "pol4": -1.0, "v0s": 4.9985654107010475}, "datetime": {"datetime": "2022-05-18 06:30:13", "elapsed": 125228.849666, "delta": 48.297822}}
{"target": 4.928116165981661, "params": {"Bgrad": 1.408364324674011, "d1": -2.8806402125606274, "d2": 0.560896845989467, "d3": -2.1272412539476733, "d4": -2.9731925040851044, "p1": 6.797114340938818, "p2": 25.512000242342666, "p3": 43.56323673037737, "p4": 22.403153623025055, "pol1": 1.0, "pol2": -0.13843410508011972, "pol3": -1.0, "pol4": -0.756084001905633, "v0s": 4.928116165981661}, "datetime": {"datetime": "2022-05-18 06:31:04", "elapsed": 125280.11854, "delta": 51.268874}}
{"target": 4.426921596162227, "params": {"Bgrad": 0.8392450678990945, "d1": -3.0, "d2": 0.9485294070824842, "d3": -1.0980495905618128, "d4": -1.674800481692295, "p1": 30.201394406071703, "p2": 6.097363340115911, "p3": 7.849368506775932, "p4": 25.084197760058874, "pol1": -0.5708832074515993, "pol2": -1.0, "pol3": -1.0, "pol4": 0.35172984763526544, "v0s": 4.426921596162227}, "datetime": {"datetime": "2022-05-18 06:32:04", "elapsed": 125339.907627, "delta": 59.789087}}
{"target": -1.0, "params": {"Bgrad": 1.3384063824461094, "d1": -1.6138843137019032, "d2": 0.6275592393293303, "d3": -2.742621936298076, "d4": -1.1856990441400597, "p1": 1.9591150024291126, "p2": 40.26574404893135, "p3": 32.182193926004146, "p4": 46.05054263537899, "pol1": -0.6526479336754718, "pol2": 0.7372894915518056, "pol3": -0.30055488615260395, "pol4": 0.9377928490828957, "v0s": 2.489162653812068}, "datetime": {"datetime": "2022-05-18 06:32:49", "elapsed": 125384.376688, "delta": 44.469061}}
{"target": -1.0, "params": {"Bgrad": 2.0, "d1": -3.0, "d2": -1.182064383509209, "d3": -1.992079341824984, "d4": -1.7794442862849182, "p1": 26.565280697547934, "p2": 18.41164760610354, "p3": 48.942300545922215, "p4": 37.91685244555546, "pol1": 1.0, "pol2": 1.0, "pol3": 0.21726774105277474, "pol4": 0.20468734871654412, "v0s": 4.487055441000763}, "datetime": {"datetime": "2022-05-18 06:33:45", "elapsed": 125440.514541, "delta": 56.137853}}
{"target": 4.093700093641438, "params": {"Bgrad": 1.6741437640950312, "d1": -2.9472604704772145, "d2": -0.3221005677023433, "d3": -1.4475752072604857, "d4": -2.6370300635732677, "p1": 29.10009293242467, "p2": 10.009470750439949, "p3": 12.875601153756707, "p4": 26.66158798610496, "pol1": -0.024516423476052367, "pol2": 1.0, "pol3": -0.4526483595166802, "pol4": 0.22884503795396152, "v0s": 4.093700093641438}, "datetime": {"datetime": "2022-05-18 06:34:33", "elapsed": 125489.085631, "delta": 48.57109}}
{"target": 3.9025261253076082, "params": {"Bgrad": 0.9374917410552553, "d1": -1.9599154922357247, "d2": 1.0, "d3": -1.7397595787772553, "d4": -0.9140648037046082, "p1": 40.238064820706796, "p2": 19.84000752094306, "p3": 13.870641951012763, "p4": 12.808502496137612, "pol1": -0.020861511958330824, "pol2": -0.07811591741386976, "pol3": 0.021600137093132347, "pol4": -0.9859365600363321, "v0s": 3.9025261253076082}, "datetime": {"datetime": "2022-05-18 06:35:31", "elapsed": 125546.264699, "delta": 57.179068}}
{"target": 5.1084776285559395, "params": {"Bgrad": 2.0, "d1": -1.3307610289520946, "d2": 0.599740386390764, "d3": -2.5741349012388692, "d4": -1.5833432270413315, "p1": 7.08955651470853, "p2": 29.08013460438169, "p3": 39.92534745017526, "p4": 30.213588809720587, "pol1": -0.5756769972969394, "pol2": 0.3780358852207269, "pol3": 0.34266563457526467, "pol4": -0.8249505451580238, "v0s": 5.1084776285559395}, "datetime": {"datetime": "2022-05-18 06:36:17", "elapsed": 125592.487071, "delta": 46.222372}}
{"target": 4.5922044528063815, "params": {"Bgrad": 0.5427468996003519, "d1": -2.2707283270914154, "d2": 0.024234522160658578, "d3": -1.9230151043989774, "d4": -2.007097393776712, "p1": 9.445432141768444, "p2": 27.01242325671773, "p3": 40.459207792761745, "p4": 19.249443034318066, "pol1": -0.24812987548572973, "pol2": -0.3204763200470959, "pol3": -0.884677357017527, "pol4": -0.1896734147937731, "v0s": 4.5922044528063815}, "datetime": {"datetime": "2022-05-18 06:37:02", "elapsed": 125637.724079, "delta": 45.237008}}
{"target": 4.201562175836306, "params": {"Bgrad": 1.9042210206350738, "d1": -1.7638134916469745, "d2": 1.0, "d3": -2.726848685648778, "d4": -3.0, "p1": 29.670960282252096, "p2": 29.457158978948375, "p3": 6.9943383928792775, "p4": 45.85904332746597, "pol1": 1.0, "pol2": -1.0, "pol3": 0.40698542420840167, "pol4": 0.3933468520610901, "v0s": 4.201562175836306}, "datetime": {"datetime": "2022-05-18 06:38:24", "elapsed": 125719.270972, "delta": 81.546893}}
