{"target": -1.0, "params": {"Bgrad": 0.7183373467375955, "d1": -2.369079720517867, "d2": -2.249473308390264, "d3": -0.5100163908003155, "d4": 0.6232379840332074, "p1": 49.49775891795368, "p2": 35.5561229382908, "p3": 36.59002045711476, "p4": 45.464660227212725, "pol1": -0.1982525352577582, "pol2": -0.5002986395499265, "pol3": -0.6531396584257543, "pol4": -0.761085899332542, "v0s": 6.875663528196972}, "datetime": {"datetime": "2022-04-14 16:06:58", "elapsed": 1638.559768, "delta": 8.938102}}
{"target": -1.0, "params": {"Bgrad": 0.7201885601258647, "d1": -1.9428100690923973, "d2": 0.27635671453412325, "d3": -1.75765099282316, "d4": 0.9296697971717713, "p1": 13.33193510758176, "p2": 26.68266724856057, "p3": 15.72335055929248, "p4": 45.53864155869187, "pol1": -0.26688671229753114, "pol2": -0.1328153454536709, "pol3": 0.024585384556722767, "pol4": 0.8777729547394266, "v0s": 2.185694037626904}, "datetime": {"datetime": "2022-04-14 16:07:08", "elapsed": 1648.256841, "delta": 9.697073}}
{"target": -1.0, "params": {"Bgrad": 1.5753179954475338, "d1": 0.5640758171693556, "d2": -2.8908511059301247, "d3": -0.9117950109899571, "d4": -1.6960407529198989, "p1": 42.97446604327929, "p2": 27.92582754612589, "p3": 34.511393408137394, "p4": 22.642674997576872, "pol1": 0.2566180750427143, "pol2": -0.41980629662514835, "pol3": -0.9813028440669684, "pol4": 0.15351186997418154, "v0s": 3.868665284794777}, "datetime": {"datetime": "2022-04-14 16:07:27", "elapsed": 1667.330844, "delta": 19.074003}}
{"target": 3.0485952581378695, "params": {"Bgrad": 1.2759013977516946, "d1": 0.6656234122155911, "d2": -1.294100845994416, "d3": -2.0104158535904584, "d4": -1.5148249548837822, "p1": 46.59305583182703, "p2": 46.84341906545468, "p3": 42.21649742828566, "p4": 46.010325715283024, "pol1": -0.5441994200973661, "pol2": -0.8250355808928183, "pol3": -0.5453805274306225, "pol4": -0.37124676777189913, "v0s": 3.0485952581378695}, "datetime": {"datetime": "2022-04-14 16:07:34", "elapsed": 1673.931197, "delta": 6.600353}}
{"target": 5.669018621873982, "params": {"Bgrad": 1.3314389084499978, "d1": -2.6878555118014678, "d2": 0.5225111742062588, "d3": -0.7464880097244257, "d4": -0.4359298635102323, "p1": 16.225235191419202, "p2": 19.91569435696601, "p3": 22.949975738870812, "p4": 21.223953591666074, "pol1": -0.732899999790648, "pol2": -0.0974614580183776, "pol3": 0.7831820497521165, "pol4": 0.7511377004548635, "v0s": 5.669018621873982}, "datetime": {"datetime": "2022-04-14 16:07:44", "elapsed": 1684.584712, "delta": 10.653515}}
{"target": 4.582165229277461, "params": {"Bgrad": 1.5911635292902602, "d1": -1.762779103547905, "d2": 0.2777659982342646, "d3": -0.21843594593696203, "d4": -1.2147709286675181, "p1": 17.77624271614231, "p2": 18.1442693674922, "p3": 24.636224240028454, "p4": 23.580637474171954, "pol1": -0.7248795033230298, "pol2": -0.8542288288520763, "pol3": 0.2723479113067355, "pol4": -0.3285582962272293, "v0s": 4.582165229277461}, "datetime": {"datetime": "2022-04-14 16:07:54", "elapsed": 1694.255856, "delta": 9.671144}}
{"target": -1.0, "params": {"Bgrad": 1.5462940017771958, "d1": -0.45158825976504735, "d2": -0.15379411190078462, "d3": -0.3470472940716012, "d4": 0.6799016775781928, "p1": 15.142359584663389, "p2": 19.550101389642087, "p3": 21.37849627019555, "p4": 24.03664720284396, "pol1": -0.3770166574387548, "pol2": 0.15045293909948665, "pol3": 0.24999993374893914, "pol4": -0.735454571271249, "v0s": 6.115998922023919}, "datetime": {"datetime": "2022-04-14 16:08:13", "elapsed": 1713.588166, "delta": 19.33231}}
{"target": 3.8394265733707957, "params": {"Bgrad": 1.3681950901586761, "d1": -1.9536094464563907, "d2": -2.8125908862328215, "d3": -0.7633873704795171, "d4": -0.2494875168680064, "p1": 15.850230769502554, "p2": 19.399790650354515, "p3": 23.169456055577363, "p4": 21.55138655113512, "pol1": -0.5541240843211122, "pol2": 0.6491135963998809, "pol3": 0.9888705656872259, "pol4": 0.5230857366211461, "v0s": 3.8394265733707957}, "datetime": {"datetime": "2022-04-14 16:08:27", "elapsed": 1727.208751, "delta": 13.620585}}
{"target": 3.9694625758563244, "params": {"Bgrad": 1.5407356149544542, "d1": -2.960244784461285, "d2": -2.9942234886409445, "d3": -1.769169008138626, "d4": 0.0393713913207403, "p1": 16.994688981006433, "p2": 17.823006828337284, "p3": 23.781296846028717, "p4": 22.438479440198257, "pol1": -0.3523190797712432, "pol2": -0.3851034558951698, "pol3": -0.3311174659154479, "pol4": -0.5981211849695127, "v0s": 3.9694625758563244}, "datetime": {"datetime": "2022-04-14 16:08:34", "elapsed": 1734.246932, "delta": 7.038181}}
{"target": -1.0, "params": {"Bgrad": 1.3289019585561321, "d1": -2.5640137700150314, "d2": 0.024264085483547415, "d3": -0.2546270935867301, "d4": 0.5646694463787831, "p1": 18.262990164679383, "p2": 18.701671940867442, "p3": 26.495156062270624, "p4": 24.2393086334575, "pol1": 0.08979018421148388, "pol2": -0.5299351110905894, "pol3": -0.6372273542653399, "pol4": 0.39150689947975414, "v0s": 3.766486511766729}, "datetime": {"datetime": "2022-04-14 16:08:52", "elapsed": 1751.843883, "delta": 17.596951}}
{"target": 4.076454219294093, "params": {"Bgrad": 1.0580405902437267, "d1": 0.14579140298364424, "d2": 0.09679858071387004, "d3": -2.003814145113566, "d4": -0.2589254708568247, "p1": 10.409490909872481, "p2": 1.6914780927325013, "p3": 44.05427571566896, "p4": 47.906155182548396, "pol1": -0.9347385019116841, "pol2": 0.1574660999174462, "pol3": 0.9661284610276328, "pol4": -0.8913540643568845, "v0s": 4.076454219294093}, "datetime": {"datetime": "2022-04-14 16:08:56", "elapsed": 1755.975836, "delta": 4.131953}}
{"target": -1.0, "params": {"Bgrad": 1.288118003130975, "d1": 0.8255022532970488, "d2": -2.1247397240166195, "d3": -1.2612406412844117, "d4": -0.20643646559910245, "p1": 8.634157548441628, "p2": 2.0010841907498467, "p3": 42.99736499217206, "p4": 48.83084330474591, "pol1": 0.6205508464875886, "pol2": -0.2019154949664681, "pol3": 0.971980275272353, "pol4": -0.04244346949165956, "v0s": 4.523233816133337}, "datetime": {"datetime": "2022-04-14 16:09:09", "elapsed": 1769.302205, "delta": 13.326369}}
{"target": -1.0, "params": {"Bgrad": 0.9042323005570936, "d1": -0.6980690164431458, "d2": -1.1954858109672157, "d3": -1.5546181636313121, "d4": -0.026275453440885777, "p1": 43.60411517321748, "p2": 27.443992852828163, "p3": 26.666859084349582, "p4": 49.20655124019901, "pol1": 0.7049299931314541, "pol2": 0.6427374423785399, "pol3": -0.7037822801601346, "pol4": -0.9864574332980591, "v0s": 4.184584656416872}, "datetime": {"datetime": "2022-04-14 16:09:22", "elapsed": 1781.827716, "delta": 12.525511}}
{"target": 4.944286481069877, "params": {"Bgrad": 1.3912013384094686, "d1": -1.024995398607519, "d2": 0.9246754030122828, "d3": 0.909158067970782, "d4": -0.6146773401395822, "p1": 3.7800356022552997, "p2": 1.7275482581408486, "p3": 41.17981017912044, "p4": 46.17907437432653, "pol1": -0.46553121711420986, "pol2": -0.2835015364429041, "pol3": -0.5979572278563434, "pol4": 0.1343369869089508, "v0s": 4.944286481069877}, "datetime": {"datetime": "2022-04-14 16:09:31", "elapsed": 1791.290416, "delta": 9.4627}}
{"target": 3.9665473329980396, "params": {"Bgrad": 1.1727031004481279, "d1": -2.753380333746866, "d2": -0.4807621613806885, "d3": -2.32629376510371, "d4": 0.3838735688691788, "p1": 8.860450400553857, "p2": 15.742180154556957, "p3": 45.708674963003766, "p4": 2.9578681712893116, "pol1": -0.48881252113855334, "pol2": -0.9501664042931112, "pol3": -0.6617144821013045, "pol4": -0.6540228714611036, "v0s": 3.9665473329980396}, "datetime": {"datetime": "2022-04-14 16:09:37", "elapsed": 1797.576609, "delta": 6.286193}}
{"target": -1.0, "params": {"Bgrad": 1.7026030360800273, "d1": -2.135992929758578, "d2": 0.6541084844853797, "d3": -1.9386620887454358, "d4": 0.37385801878904035, "p1": 7.9541539416032485, "p2": 15.669605640835371, "p3": 46.1011177544667, "p4": 4.5698797807847855, "pol1": -0.11528074039227243, "pol2": 0.792768416948618, "pol3": -0.3181128714588106, "pol4": 0.34985660487908254, "v0s": 3.5089666239009683}, "datetime": {"datetime": "2022-04-14 16:10:08", "elapsed": 1828.130917, "delta": 30.554308}}
{"target": -1.0, "params": {"Bgrad": 0.8161133954999567, "d1": -0.18645454728797617, "d2": -2.991074716714503, "d3": -1.0162695348236266, "d4": 0.9078802719344292, "p1": 16.563596736435414, "p2": 17.642094733624752, "p3": 24.66312957712417, "p4": 19.47558598468064, "pol1": -0.6617393050345757, "pol2": -0.5078405363907126, "pol3": -0.29325973228779145, "pol4": 0.4452060876345576, "v0s": 6.21928291535564}, "datetime": {"datetime": "2022-04-14 16:10:17", "elapsed": 1837.658444, "delta": 9.527527}}
{"target": -1.0, "params": {"Bgrad": 1.4327612154190017, "d1": -1.4769765774557615, "d2": -2.887953462823307, "d3": -1.0343771268458437, "d4": -1.5007453175469903, "p1": 18.414914490531014, "p2": 20.626554387129236, "p3": 23.250243329191218, "p4": 22.48742776894898, "pol1": -0.3101205024545006, "pol2": -0.3584177878925834, "pol3": -0.22390333162450116, "pol4": 0.02767208988821168, "v0s": 5.748918250864081}, "datetime": {"datetime": "2022-04-14 16:10:31", "elapsed": 1851.270052, "delta": 13.611608}}
{"target": 5.495530925656042, "params": {"Bgrad": 1.4213253582100334, "d1": -2.717901980796755, "d2": -0.24625180073725159, "d3": -0.42850564284776266, "d4": -0.12651268652539324, "p1": 15.781159511678332, "p2": 19.783875770102256, "p3": 23.373996990506374, "p4": 21.411587224902828, "pol1": -0.8445408869204976, "pol2": -0.09706053083768466, "pol3": 1.0, "pol4": 0.9922232887500334, "v0s": 5.495530925656042}, "datetime": {"datetime": "2022-04-14 16:10:40", "elapsed": 1860.499374, "delta": 9.229322}}
{"target": 4.78156180658275, "params": {"Bgrad": 0.6978684920270585, "d1": -2.3207489798607956, "d2": 0.5151739163450828, "d3": -2.666076219557497, "d4": -0.6882324193040379, "p1": 18.852855909734632, "p2": 19.533734027383247, "p3": 23.262760024875927, "p4": 25.567976334086705, "pol1": -0.4059758709818404, "pol2": 0.426375734129697, "pol3": -0.32778397735875076, "pol4": 0.2354343090322324, "v0s": 4.78156180658275}, "datetime": {"datetime": "2022-04-14 16:10:44", "elapsed": 1863.882329, "delta": 3.382955}}
{"target": 2.529763119442236, "params": {"Bgrad": 1.0932396454244422, "d1": 0.997542667291909, "d2": -0.5959593733018413, "d3": -2.2152434003720964, "d4": -2.254506521396277, "p1": 46.99984060958591, "p2": 46.70913365515052, "p3": 41.86276652302456, "p4": 46.83148004899567, "pol1": -0.6060405120251197, "pol2": -0.7300749300152367, "pol3": -0.7008960155031586, "pol4": -0.6533851156441675, "v0s": 2.529763119442236}, "datetime": {"datetime": "2022-04-14 16:10:51", "elapsed": 1871.01825, "delta": 7.135921}}
{"target": -1.0, "params": {"Bgrad": 0.7703935593435549, "d1": 0.5166835650706769, "d2": -2.8833542939856964, "d3": -2.121781738876849, "d4": -2.324034143525931, "p1": 19.64367895539943, "p2": 42.37409180534866, "p3": 17.287975417634488, "p4": 49.319411184715825, "pol1": 0.5690512490805659, "pol2": -0.30664858442220644, "pol3": -0.1383677618220298, "pol4": 0.7848012686544004, "v0s": 2.935776691598083}, "datetime": {"datetime": "2022-04-14 16:11:04", "elapsed": 1883.77215, "delta": 12.7539}}
{"target": 5.733472725454971, "params": {"Bgrad": 0.8403907998850949, "d1": -2.826160675540654, "d2": 0.9302301852482785, "d3": -0.5634288401334843, "d4": -0.5624925148341641, "p1": 35.65218504896797, "p2": 7.928226041413793, "p3": 22.55431866917211, "p4": 49.832534751105904, "pol1": -0.5640927631603965, "pol2": 0.4045519828734211, "pol3": -0.7592551258668152, "pol4": 0.029962382807144926, "v0s": 5.733472725454971}, "datetime": {"datetime": "2022-04-14 16:11:11", "elapsed": 1890.931009, "delta": 7.158859}}
{"target": -1.0, "params": {"Bgrad": 0.661646500877106, "d1": 0.578788917938398, "d2": -1.530723109820539, "d3": -1.1729820522613723, "d4": -1.1478657642233934, "p1": 10.862131655966584, "p2": 3.5218288023528332, "p3": 43.89577071239839, "p4": 46.26041535160978, "pol1": -0.9594416425449102, "pol2": -0.41342880269103577, "pol3": -0.9486967984421832, "pol4": 0.1635000748719615, "v0s": 4.285580379468347}, "datetime": {"datetime": "2022-04-14 16:11:19", "elapsed": 1899.055288, "delta": 8.124279}}
{"target": -1.0, "params": {"Bgrad": 1.016909729144019, "d1": -0.19226335650177762, "d2": -0.8355336023598858, "d3": -1.3669109659568013, "d4": -0.054422950775143225, "p1": 27.768519179874897, "p2": 8.225577494948094, "p3": 22.79743711168904, "p4": 29.404164764702323, "pol1": 0.6330894688223608, "pol2": 0.1560238413099796, "pol3": -0.870630784979774, "pol4": 0.6784807901950968, "v0s": 3.4437760488792204}, "datetime": {"datetime": "2022-04-14 16:11:32", "elapsed": 1912.057524, "delta": 13.002236}}
{"target": -1.0, "params": {"Bgrad": 1.2662162916946518, "d1": -0.5618493046519375, "d2": -2.719941513580834, "d3": -1.463433718378023, "d4": 0.2356321723617807, "p1": 15.555494585735929, "p2": 18.017601695041574, "p3": 20.681469443699385, "p4": 22.32024343927293, "pol1": -0.35253105807616447, "pol2": -0.7937713037300076, "pol3": -0.8356772467893219, "pol4": 0.47689591131894526, "v0s": 4.622753769947007}, "datetime": {"datetime": "2022-04-14 16:11:45", "elapsed": 1925.237286, "delta": 13.179762}}
{"target": -1.0, "params": {"Bgrad": 1.6821177056011962, "d1": -0.2192648654326022, "d2": -0.506956052290653, "d3": -2.32628837325493, "d4": -0.26035484389229896, "p1": 10.216602179840502, "p2": 1.933217661439761, "p3": 44.1122775583284, "p4": 47.36883277463806, "pol1": -0.6895771479309661, "pol2": -0.14411335618963475, "pol3": 1.0, "pol4": -0.3623398632771122, "v0s": 3.5121540333543053}, "datetime": {"datetime": "2022-04-14 16:11:58", "elapsed": 1938.040056, "delta": 12.80277}}
{"target": -1.0, "params": {"Bgrad": 1.3755810381696734, "d1": -1.0328914220280736, "d2": -1.5714682598767422, "d3": -1.8542449520188664, "d4": -0.4060587641282609, "p1": 19.59585616066078, "p2": 17.94848614253169, "p3": 22.462859967276383, "p4": 22.895538616521865, "pol1": 0.995634736480643, "pol2": -0.21443230632590815, "pol3": -0.6144862713860608, "pol4": 0.6319054816512515, "v0s": 4.130626122057167}, "datetime": {"datetime": "2022-04-14 16:12:12", "elapsed": 1952.330847, "delta": 14.290791}}
{"target": -1.0, "params": {"Bgrad": 1.973023840270396, "d1": 0.31391216582015735, "d2": 0.8399744882692848, "d3": 0.39626100550718046, "d4": -0.14887319823778844, "p1": 17.633712188632845, "p2": 17.657059742826437, "p3": 23.49174933597072, "p4": 25.239138185141268, "pol1": -0.2126128453778673, "pol2": 0.0214420477291557, "pol3": -0.4473236541822432, "pol4": 0.5942673542305374, "v0s": 3.5803592284119534}, "datetime": {"datetime": "2022-04-14 16:12:32", "elapsed": 1971.898528, "delta": 19.567681}}
{"target": 3.079191028245323, "params": {"Bgrad": 1.9664231902132618, "d1": -2.7221909664362176, "d2": -2.8246087997824505, "d3": -2.897025521547038, "d4": -1.4459201144032288, "p1": 1.5878571622220616, "p2": 3.8801503596932294, "p3": 45.27683856202589, "p4": 19.18528077927685, "pol1": -0.02448656557645923, "pol2": 0.9929814900632039, "pol3": 0.13376082596406014, "pol4": 0.43357781450267985, "v0s": 3.079191028245323}, "datetime": {"datetime": "2022-04-14 16:12:42", "elapsed": 1981.686361, "delta": 9.787833}}
{"target": 4.6739491123055705, "params": {"Bgrad": 0.9130437261273625, "d1": -2.313465611047912, "d2": 0.5668260340759237, "d3": -2.2044582249165416, "d4": -0.9213116744565278, "p1": 18.379252414120806, "p2": 19.31632025295812, "p3": 23.15668947760488, "p4": 24.614062189556986, "pol1": -0.48332894583911584, "pol2": 0.20088697439728703, "pol3": -0.14977336825743534, "pol4": 0.050250004113299114, "v0s": 4.6739491123055705}, "datetime": {"datetime": "2022-04-14 16:12:46", "elapsed": 1986.416713, "delta": 4.730352}}
{"target": -1.0, "params": {"Bgrad": 1.0173800216951263, "d1": -1.984154680103071, "d2": 0.048734980897952695, "d3": -0.045098274706619534, "d4": 0.13903563344212788, "p1": 1.6473833705074326, "p2": 3.740403278749266, "p3": 42.26339102436209, "p4": 46.036135502461065, "pol1": 0.4946792710267849, "pol2": 0.09576681828417577, "pol3": 0.17151680832848126, "pol4": 0.8849524919552703, "v0s": 6.23004170391982}, "datetime": {"datetime": "2022-04-14 16:12:55", "elapsed": 1995.365785, "delta": 8.949072}}
{"target": 3.541785074740022, "params": {"Bgrad": 1.7446954935113863, "d1": -1.9411665828579712, "d2": -1.3453852673208808, "d3": -0.41529236962064564, "d4": -0.9847402095570894, "p1": 4.474055494273466, "p2": 0.09921393845344628, "p3": 41.23588704224873, "p4": 48.411789246529416, "pol1": -0.16145560395188752, "pol2": -0.02928533177033099, "pol3": 0.10012925980891785, "pol4": 0.22164397920071122, "v0s": 3.541785074740022}, "datetime": {"datetime": "2022-04-14 16:13:07", "elapsed": 2006.716437, "delta": 11.350652}}
{"target": 3.775521176219552, "params": {"Bgrad": 0.5177692493744674, "d1": -2.957998200575849, "d2": -0.8367750112561265, "d3": -1.3105333471817202, "d4": 0.8955552774536941, "p1": 10.629163854998913, "p2": 29.024920232861284, "p3": 48.34642408142826, "p4": 20.32494247525386, "pol1": -0.7381849359612696, "pol2": -0.8964699120290671, "pol3": -0.8109565003694783, "pol4": -0.1939660008689974, "v0s": 3.775521176219552}, "datetime": {"datetime": "2022-04-14 16:13:10", "elapsed": 2009.711429, "delta": 2.994992}}
{"target": 3.172443454521206, "params": {"Bgrad": 0.5995903364849335, "d1": -0.41939809460729816, "d2": -0.9987903030312553, "d3": -0.27879991512581626, "d4": -0.6379111465498055, "p1": 5.465722083159879, "p2": 1.0226328451623135, "p3": 37.95768534266673, "p4": 46.07139582567219, "pol1": -0.9483418345845516, "pol2": -0.6897626156837415, "pol3": -0.29459824008458435, "pol4": 0.06922938184532645, "v0s": 3.172443454521206}, "datetime": {"datetime": "2022-04-14 16:13:12", "elapsed": 2012.174843, "delta": 2.463414}}
{"target": -1.0, "params": {"Bgrad": 0.9462367431838756, "d1": -1.0882439452975547, "d2": -0.591242072066382, "d3": 0.6551255725322256, "d4": 0.21545786312738446, "p1": 14.797379112391361, "p2": 18.754864496523595, "p3": 24.69411107948847, "p4": 20.7475569102706, "pol1": 0.07975586046059924, "pol2": 0.5046212135458825, "pol3": 0.6317470278391728, "pol4": 0.9816555945818164, "v0s": 7.4150236524502375}, "datetime": {"datetime": "2022-04-14 16:13:25", "elapsed": 2025.134194, "delta": 12.959351}}
{"target": -1.0, "params": {"Bgrad": 0.6403026665236992, "d1": -1.2362374347941283, "d2": 0.0653731505885821, "d3": -2.3153377073843453, "d4": -2.4241407385859817, "p1": 0.49491187491264854, "p2": 15.036530922775363, "p3": 14.418313045195594, "p4": 4.760879693622623, "pol1": 1.0, "pol2": -0.3131448573699371, "pol3": 0.9943320609347389, "pol4": -0.6751774522055619, "v0s": 5.265101590337976}, "datetime": {"datetime": "2022-04-14 16:13:33", "elapsed": 2033.311331, "delta": 8.177137}}
{"target": -1.0, "params": {"Bgrad": 0.5193558873638223, "d1": -1.9696663463447273, "d2": -0.28843360061222256, "d3": -1.257039106469933, "d4": 0.949546621633377, "p1": 16.440116034856977, "p2": 18.153433367082044, "p3": 21.968547918652824, "p4": 25.402722567091153, "pol1": 0.7518458632199145, "pol2": -0.3889208773169963, "pol3": -0.9450723434526167, "pol4": 0.18606294365755183, "v0s": 2.984131782869909}, "datetime": {"datetime": "2022-04-14 16:13:40", "elapsed": 2040.151044, "delta": 6.839713}}
{"target": -1.0, "params": {"Bgrad": 1.0754319944402542, "d1": -0.3645251241162266, "d2": 0.22761300865462974, "d3": -1.1018210163317983, "d4": 0.704476396471974, "p1": 11.076084135469394, "p2": 1.1265981505964917, "p3": 44.5353838311202, "p4": 46.58331925724928, "pol1": -0.7486250277993824, "pol2": -0.6987573517267915, "pol3": 0.4895094726590117, "pol4": 0.41528119842876055, "v0s": 6.22754683508311}, "datetime": {"datetime": "2022-04-14 16:13:52", "elapsed": 2052.158938, "delta": 12.007894}}
{"target": 2.0065030639177106, "params": {"Bgrad": 2.0, "d1": 0.07354244641744528, "d2": -2.9875178871389565, "d3": -0.3704563555923533, "d4": -1.2956278995966306, "p1": 20.84665080131735, "p2": 43.23177222187575, "p3": 19.630614614089673, "p4": 47.18515242570374, "pol1": -0.7823046325492271, "pol2": -1.0, "pol3": 1.0, "pol4": -0.006034646554706044, "v0s": 2.0065030639177106}, "datetime": {"datetime": "2022-04-14 16:14:02", "elapsed": 2061.883937, "delta": 9.724999}}
{"target": 4.1957657428620445, "params": {"Bgrad": 1.7867928283808234, "d1": 0.2514453625372832, "d2": 0.7702086729284479, "d3": -0.7723404158150649, "d4": -1.639063165581983, "p1": 17.15057346894794, "p2": 18.130076002177546, "p3": 25.233871886657894, "p4": 23.915506263734475, "pol1": -0.9378040257356606, "pol2": -0.2681196416697247, "pol3": -0.8860441877209964, "pol4": 0.49648051279593974, "v0s": 4.1957657428620445}, "datetime": {"datetime": "2022-04-14 16:14:09", "elapsed": 2069.25822, "delta": 7.374283}}
{"target": -1.0, "params": {"Bgrad": 1.337944126117626, "d1": 0.5522018353565015, "d2": 0.7030622240810587, "d3": -1.682739305771685, "d4": -0.24790844572124016, "p1": 46.61993205859658, "p2": 46.87724541744665, "p3": 43.842519657456656, "p4": 47.38095155765192, "pol1": -0.7503017378337236, "pol2": -0.13764530978707135, "pol3": -0.29392026949067085, "pol4": 0.10433663708565644, "v0s": 3.416939211632616}, "datetime": {"datetime": "2022-04-14 16:14:30", "elapsed": 2090.628085, "delta": 21.369865}}
{"target": -1.0, "params": {"Bgrad": 1.455516495338165, "d1": -1.1354150606114466, "d2": -0.5045327840554563, "d3": -2.8044847639086177, "d4": 0.9031496064088165, "p1": 17.192107523860106, "p2": 20.280090790501898, "p3": 24.385860202202657, "p4": 23.08703676589966, "pol1": 0.5925953567182842, "pol2": 0.5403746051725731, "pol3": -0.42083757996399473, "pol4": -0.5435675204153398, "v0s": 5.02335890009884}, "datetime": {"datetime": "2022-04-14 16:14:54", "elapsed": 2114.354647, "delta": 23.726562}}
