{"target": 2.0034455255274883, "params": {"Bgrad": 0.9171061180959823, "d1": 0.14815828592221658, "d2": -1.9291488824224863, "d3": -2.069566467152207, "d4": -2.6418511774205298, "p1": 6.889056836943169, "p2": 40.84863926761818, "p3": 6.233966214703424, "p4": 27.21995715672439, "pol1": -0.5299703331480805, "pol2": 0.7560444922378757, "pol3": 0.722867145996287, "pol4": 0.9733186435965338, "v0s": 2.0034455255274883}, "datetime": {"datetime": "2022-04-29 17:15:05", "elapsed": 92617.81969, "delta": 22.655424}}
{"target": -1.0, "params": {"Bgrad": 1.7126553076196975, "d1": -0.5298820203299752, "d2": 0.6793487938606555, "d3": -0.08474111880634716, "d4": 0.21342616545478776, "p1": 26.30509575995647, "p2": 5.652038890453481, "p3": 31.44508988021982, "p4": 28.115008670279355, "pol1": 0.08604250932090496, "pol2": 0.3875032122951727, "pol3": -0.45586083646090847, "pol4": 0.14712160135544994, "v0s": 4.2568288098301705}, "datetime": {"datetime": "2022-04-29 17:15:30", "elapsed": 92642.602425, "delta": 24.782735}}
{"target": 5.174710610489754, "params": {"Bgrad": 1.4906049553752652, "d1": -1.7602473417075633, "d2": 0.7238911735543678, "d3": -2.1434090469973897, "d4": -2.8016237002335185, "p1": 6.2728955811345415, "p2": 12.656939305532278, "p3": 35.13709259896463, "p4": 2.647462239757675, "pol1": -0.45392675479748235, "pol2": -0.3871331130431308, "pol3": -0.8382967561717181, "pol4": 0.974201462173224, "v0s": 5.174710610489754}, "datetime": {"datetime": "2022-04-29 17:15:54", "elapsed": 92666.778782, "delta": 24.176357}}
{"target": 3.2979445195435497, "params": {"Bgrad": 1.7417978668746614, "d1": -1.3538717595682646, "d2": 0.708422657835122, "d3": -1.0507121780352233, "d4": -2.022789268697819, "p1": 43.86108103271166, "p2": 36.38653619421834, "p3": 18.655672846986608, "p4": 26.570614275377125, "pol1": -0.08542420223799829, "pol2": 0.5498242518507461, "pol3": -0.556900387205223, "pol4": -0.10418084789422988, "v0s": 3.2979445195435497}, "datetime": {"datetime": "2022-04-29 17:16:10", "elapsed": 92683.48611, "delta": 16.707328}}
{"target": 5.129178156827589, "params": {"Bgrad": 1.4498036516880117, "d1": -2.2175518654597433, "d2": -0.41415505074511494, "d3": -0.08033517436539049, "d4": -0.22135491193814785, "p1": 3.3279800133649724, "p2": 7.542125006817058, "p3": 22.1137446740254, "p4": 18.043987466187193, "pol1": -0.3695659047286847, "pol2": 0.1968277960319002, "pol3": 0.5785664865387977, "pol4": -0.6851437825354074, "v0s": 5.129178156827589}, "datetime": {"datetime": "2022-04-29 17:16:32", "elapsed": 92704.653512, "delta": 21.167402}}
{"target": 4.28978919057105, "params": {"Bgrad": 0.8138055638114566, "d1": -0.8863455106882846, "d2": 0.3859234670196058, "d3": -2.4180973302462596, "d4": -0.16367101596030137, "p1": 12.316736211861402, "p2": 21.194856054324266, "p3": 35.563322848660086, "p4": 34.40185799300287, "pol1": 0.5745883309454433, "pol2": -0.6261094442482831, "pol3": -0.06201347126040164, "pol4": -0.14841326495529764, "v0s": 4.28978919057105}, "datetime": {"datetime": "2022-04-29 17:16:56", "elapsed": 92728.850813, "delta": 24.197301}}
{"target": -1.0, "params": {"Bgrad": 1.771973327860519, "d1": -0.5821029864752147, "d2": -0.11787528485246357, "d3": -2.2650270952423535, "d4": -1.7362737655438756, "p1": 38.83860097910114, "p2": 48.50159581987884, "p3": 17.385986134057458, "p4": 11.505715743174893, "pol1": -0.6515263702663319, "pol2": 0.8962404460889539, "pol3": 0.6218609293057036, "pol4": 0.5627735772878979, "v0s": 4.020057185704641}, "datetime": {"datetime": "2022-04-29 17:17:17", "elapsed": 92750.010236, "delta": 21.159423}}
{"target": 4.726052341738877, "params": {"Bgrad": 0.595038650401851, "d1": -2.928524585279734, "d2": 0.3239161338038321, "d3": -2.271057606811607, "d4": -1.7525936748583844, "p1": 24.36928599543739, "p2": 26.717423204696754, "p3": 12.73967163765845, "p4": 36.715465539697114, "pol1": 0.56752533411189, "pol2": -0.3411720100019242, "pol3": 0.6841698968864736, "pol4": -0.03526015434924279, "v0s": 4.726052341738877}, "datetime": {"datetime": "2022-04-29 17:17:36", "elapsed": 92768.768081, "delta": 18.757845}}
{"target": -1.0, "params": {"Bgrad": 0.7345915522879705, "d1": 0.30234573182029134, "d2": -1.945100116292846, "d3": -1.9163898100309198, "d4": -1.7201223965985633, "p1": 26.041281716115833, "p2": 6.241396715299391, "p3": 42.35451078252719, "p4": 26.691723083126217, "pol1": -0.6659491881385773, "pol2": -0.4324206036872682, "pol3": 0.056280848352927126, "pol4": -0.13583061592484236, "v0s": 2.514157272335554}, "datetime": {"datetime": "2022-04-29 17:17:47", "elapsed": 92780.220965, "delta": 11.452884}}
{"target": -1.0, "params": {"Bgrad": 0.7615898511777004, "d1": -1.0354778705938656, "d2": 0.50784403310168, "d3": -1.7415254010370842, "d4": -1.2307467249489297, "p1": 2.987283366623755, "p2": 6.223587523947333, "p3": 23.695646212758025, "p4": 16.68781582059089, "pol1": 0.5919394829409563, "pol2": 0.6428652829794577, "pol3": -0.9913939449769762, "pol4": -0.8350088668897535, "v0s": 6.092635178512263}, "datetime": {"datetime": "2022-04-29 17:18:05", "elapsed": 92797.652357, "delta": 17.431392}}
{"target": 4.152969690288337, "params": {"Bgrad": 1.0199970135598266, "d1": -2.6825102436005195, "d2": -1.56942793047578, "d3": -1.3237972591637095, "d4": -2.9821739819335153, "p1": 15.75448672187571, "p2": 30.212702154153128, "p3": 31.835996891226255, "p4": 26.189595794256498, "pol1": -0.814217077855006, "pol2": -0.39605635919591387, "pol3": 0.6180692852582981, "pol4": -0.025885937920335556, "v0s": 4.152969690288337}, "datetime": {"datetime": "2022-04-29 17:18:28", "elapsed": 92821.334036, "delta": 23.681679}}
{"target": 3.140605400629748, "params": {"Bgrad": 1.813823480557821, "d1": -1.5468989958638644, "d2": -0.4777159280443857, "d3": -1.9047426293674472, "d4": 0.38506428583257213, "p1": 14.726881984327639, "p2": 13.605809066875036, "p3": 28.86440066850806, "p4": 34.503099758620245, "pol1": -0.21405151160017954, "pol2": 0.6382034172659932, "pol3": -0.2960822630954545, "pol4": -0.2704735541265215, "v0s": 3.140605400629748}, "datetime": {"datetime": "2022-04-29 17:18:48", "elapsed": 92841.218868, "delta": 19.884832}}
{"target": -1.0, "params": {"Bgrad": 1.7937309417738583, "d1": -2.5344897019284085, "d2": 0.7612592944121719, "d3": -1.462218208057422, "d4": 0.5676758213100301, "p1": 23.328171364300452, "p2": 24.524555952409916, "p3": 9.303430377166649, "p4": 32.90330097327029, "pol1": -0.9753417398512501, "pol2": 0.8273651054880886, "pol3": -0.43164683336139076, "pol4": -0.19803337235401974, "v0s": 5.139105715920619}, "datetime": {"datetime": "2022-04-29 17:20:16", "elapsed": 92929.445965, "delta": 88.227097}}
{"target": -1.0, "params": {"Bgrad": 0.8004914498036823, "d1": -1.9152995220899691, "d2": 0.38930606485627495, "d3": 0.5751941729382097, "d4": -2.293470906104542, "p1": 12.452349611574048, "p2": 45.489273139625794, "p3": 30.685985514796904, "p4": 14.39506239076293, "pol1": -0.8975705202127084, "pol2": 0.05675728986749906, "pol3": 0.16186970161291758, "pol4": -0.056061126154278274, "v0s": 5.791117951659353}, "datetime": {"datetime": "2022-04-29 17:20:36", "elapsed": 92948.913911, "delta": 19.467946}}
{"target": -1.0, "params": {"Bgrad": 1.5553322682344577, "d1": -1.4723193931426266, "d2": 0.5124095136339779, "d3": -1.5594179750520616, "d4": 0.5196138888048507, "p1": 40.834430685366094, "p2": 39.88108248754076, "p3": 32.76602601414573, "p4": 36.909622114475496, "pol1": -0.14831518669725674, "pol2": -0.21626512840168277, "pol3": -0.5684526692378205, "pol4": -0.7681766791062117, "v0s": 4.736855350926918}, "datetime": {"datetime": "2022-04-29 17:21:02", "elapsed": 92975.248497, "delta": 26.334586}}
{"target": -1.0, "params": {"Bgrad": 0.5442274109672078, "d1": -0.32155003820752537, "d2": -0.694953833253614, "d3": -2.505768658550166, "d4": -2.6140262628441704, "p1": 43.22410136928847, "p2": 25.556676944378097, "p3": 21.63556459841437, "p4": 3.3217759967320184, "pol1": -0.5350348184984619, "pol2": 0.26603035844905154, "pol3": 0.42201086646178787, "pol4": -0.660201064424011, "v0s": 3.432047174696129}, "datetime": {"datetime": "2022-04-29 17:21:18", "elapsed": 92991.125046, "delta": 15.876549}}
{"target": -1.0, "params": {"Bgrad": 0.8014084635562095, "d1": 0.36927348040242336, "d2": 0.5215287298689004, "d3": 0.2448473788238963, "d4": 0.21812061959932816, "p1": 4.551834401852389, "p2": 0.742263375032276, "p3": 41.10902662296493, "p4": 47.7695677650185, "pol1": 0.5686987627738458, "pol2": 0.44430637946690243, "pol3": -0.36364745589021186, "pol4": -0.4201209541753044, "v0s": 5.526091500883103}, "datetime": {"datetime": "2022-04-29 17:21:35", "elapsed": 93008.155509, "delta": 17.030463}}
{"target": -1.0, "params": {"Bgrad": 1.5164498094042131, "d1": -1.1430299810449922, "d2": 0.43409112633476754, "d3": -0.8519056633046751, "d4": 0.5575039877917916, "p1": 25.770782895008367, "p2": 7.416858225210943, "p3": 32.45029950009313, "p4": 28.501485148507083, "pol1": -0.6227148258387478, "pol2": -0.0735925428852009, "pol3": 0.27856098274448104, "pol4": -0.17469671207120885, "v0s": 4.189028087646266}, "datetime": {"datetime": "2022-04-29 17:21:54", "elapsed": 93027.236491, "delta": 19.080982}}
{"target": -1.0, "params": {"Bgrad": 0.8836943686148195, "d1": -1.632812113145135, "d2": -1.1323500255811507, "d3": -1.7192603584089752, "d4": 0.1332592445739551, "p1": 38.79729604022984, "p2": 48.50100695892513, "p3": 16.3025611820135, "p4": 11.547353485492534, "pol1": 0.2746963742255004, "pol2": 0.9402201516890816, "pol3": 0.5022870579239378, "pol4": 0.08163238228917802, "v0s": 3.4423207290845372}, "datetime": {"datetime": "2022-04-29 17:22:13", "elapsed": 93046.37033, "delta": 19.133839}}
{"target": -1.0, "params": {"Bgrad": 0.9931424760597118, "d1": -1.782008607478728, "d2": -0.5583844087144332, "d3": -0.7183116214482141, "d4": -2.326202923612739, "p1": 38.40652307853948, "p2": 9.816244892625402, "p3": 9.63695387020142, "p4": 25.671031950547835, "pol1": -0.5307259547848207, "pol2": -0.1816036181613958, "pol3": 0.05108440767721212, "pol4": -0.138482850172845, "v0s": 3.773032705410955}, "datetime": {"datetime": "2022-04-29 17:22:27", "elapsed": 93059.95401, "delta": 13.58368}}
{"target": -1.0, "params": {"Bgrad": 0.960000126900761, "d1": 0.7807924429791138, "d2": 0.1801384422820398, "d3": -1.916008052802534, "d4": -0.011163330405410843, "p1": 4.323681005359298, "p2": 0.47446129006097904, "p3": 40.14436910456665, "p4": 45.333198894332725, "pol1": 0.8666966478428249, "pol2": -0.4281235628333915, "pol3": 0.0002656462137879956, "pol4": -0.6681429513669064, "v0s": 3.55135996317396}, "datetime": {"datetime": "2022-04-29 17:22:49", "elapsed": 93081.848468, "delta": 21.894458}}
{"target": 5.114274008231333, "params": {"Bgrad": 0.5964786374556709, "d1": -2.249100493951485, "d2": 0.5046148236156232, "d3": -1.3803997455953365, "d4": -0.48149427810963713, "p1": 5.699768506761592, "p2": 12.611244541013638, "p3": 34.620064203801284, "p4": 3.2684922895507627, "pol1": 0.4537894907463154, "pol2": 0.8439791429453157, "pol3": -0.03990398684888041, "pol4": 0.6321503380905216, "v0s": 5.114274008231333}, "datetime": {"datetime": "2022-04-29 17:23:12", "elapsed": 93105.022505, "delta": 23.174037}}
{"target": 2.74473947636375, "params": {"Bgrad": 1.3262846894513678, "d1": 0.06532948298947927, "d2": -1.8053358438849858, "d3": -2.3647235444445993, "d4": -0.47605692764076535, "p1": 39.65257022672045, "p2": 11.15854641084068, "p3": 21.39047407870037, "p4": 24.730680745718352, "pol1": -0.8441113669891631, "pol2": 0.8775587661793405, "pol3": 0.3007167095682117, "pol4": 0.825073787584345, "v0s": 2.74473947636375}, "datetime": {"datetime": "2022-04-29 17:23:30", "elapsed": 93123.220846, "delta": 18.198341}}
{"target": -1.0, "params": {"Bgrad": 0.5239568156197374, "d1": -2.154175508361857, "d2": 0.5167198584162906, "d3": 0.06775372654111633, "d4": -1.0402432135646635, "p1": 41.7970914946233, "p2": 42.0377056967589, "p3": 32.241245772584925, "p4": 17.175133409153247, "pol1": 0.5074861292272173, "pol2": 0.20579285596898478, "pol3": 0.8125805684514333, "pol4": 0.44887082976598225, "v0s": 4.980977157396293}, "datetime": {"datetime": "2022-04-29 17:23:52", "elapsed": 93145.385581, "delta": 22.164735}}
{"target": -1.0, "params": {"Bgrad": 1.7642835912696369, "d1": -1.2490746298596127, "d2": -0.3215722690631875, "d3": -1.9492623931299673, "d4": -0.6026999355598015, "p1": 4.223507257594116, "p2": 4.9045475697628795, "p3": 23.083094034255545, "p4": 16.965582256168826, "pol1": 0.18401558995686207, "pol2": 0.6423636930335015, "pol3": 0.3285384471746702, "pol4": -0.6599396382384684, "v0s": 6.86618979841571}, "datetime": {"datetime": "2022-04-29 17:24:16", "elapsed": 93169.076237, "delta": 23.690656}}
{"target": -1.0, "params": {"Bgrad": 0.6556959385362402, "d1": -0.5498386181345079, "d2": 0.9928641672513527, "d3": 0.21811368785506868, "d4": -2.4673854928705525, "p1": 40.56721720158023, "p2": 41.20714325078943, "p3": 31.069611664465036, "p4": 34.53933847911382, "pol1": -0.6839410692083361, "pol2": -0.13702764741184859, "pol3": 0.4899954965921687, "pol4": -0.048002844496561226, "v0s": 5.5203408255414015}, "datetime": {"datetime": "2022-04-29 17:24:35", "elapsed": 93188.117324, "delta": 19.041087}}
{"target": -1.0, "params": {"Bgrad": 0.6289246103691777, "d1": -2.358175020374482, "d2": -0.505115603385252, "d3": -0.16316219453803393, "d4": -2.760176182227523, "p1": 7.676240837606102, "p2": 1.4570896986829451, "p3": 39.10519418746656, "p4": 45.5985816167744, "pol1": -0.3230021424475109, "pol2": -0.19511121137799603, "pol3": -0.13655290093491357, "pol4": 0.4974044438971217, "v0s": 4.028183853987207}, "datetime": {"datetime": "2022-04-29 17:24:48", "elapsed": 93200.799416, "delta": 12.682092}}
{"target": 4.378206878036082, "params": {"Bgrad": 1.7297285715905857, "d1": -2.5172318947000294, "d2": -2.8743742125888034, "d3": -1.5975140579821003, "d4": -1.8819826649084836, "p1": 9.238921741105106, "p2": 4.076826918874671, "p3": 27.530716192901313, "p4": 11.63661375056238, "pol1": 0.28067689395397455, "pol2": 0.29080224171314417, "pol3": -0.25775319599080015, "pol4": -0.7354114435403729, "v0s": 4.378206878036082}, "datetime": {"datetime": "2022-04-29 17:25:09", "elapsed": 93222.259036, "delta": 21.45962}}
{"target": -1.0, "params": {"Bgrad": 1.4390288416151618, "d1": -0.051497763674656305, "d2": 0.15822947697336698, "d3": -2.404244333719513, "d4": -0.4965747299442138, "p1": 21.377532356048317, "p2": 24.833566107755633, "p3": 38.88271748873251, "p4": 47.03344860497547, "pol1": -0.6721450608669386, "pol2": -0.08315558124299582, "pol3": -0.025421986501536153, "pol4": 0.12780394031519893, "v0s": 3.5670019338459973}, "datetime": {"datetime": "2022-04-29 17:25:33", "elapsed": 93246.533131, "delta": 24.274095}}
{"target": -1.0, "params": {"Bgrad": 0.5901606257899592, "d1": -2.9846330490479827, "d2": -1.3069158939114338, "d3": -2.5526676171614895, "d4": -0.9843011220624689, "p1": 9.152576889409008, "p2": 5.082657804802726, "p3": 27.24654636882096, "p4": 11.011575884660408, "pol1": 0.03381202904408642, "pol2": -0.9854675473383938, "pol3": -0.7151389479930486, "pol4": 0.5308961282201032, "v0s": 6.08970389730899}, "datetime": {"datetime": "2022-04-29 17:25:53", "elapsed": 93266.099813, "delta": 19.566682}}
{"target": 4.364073608702404, "params": {"Bgrad": 1.3729088142788615, "d1": -2.3457810540979898, "d2": -0.15326318324625943, "d3": -0.15477707609773894, "d4": -1.8242386443368734, "p1": 7.460025168776846, "p2": 12.183118732291288, "p3": 33.78018706081009, "p4": 2.9707686901131627, "pol1": -0.8505376722364928, "pol2": 0.5628894395403441, "pol3": -0.6196817229087339, "pol4": 0.4783458868942929, "v0s": 4.364073608702404}, "datetime": {"datetime": "2022-04-29 17:26:08", "elapsed": 93281.117658, "delta": 15.017845}}
{"target": -1.0, "params": {"Bgrad": 1.8574944672408227, "d1": -0.8155427285418733, "d2": 0.5157595321801036, "d3": -2.8528976141731253, "d4": 0.8213904624552901, "p1": 9.307137271094955, "p2": 37.20810523027239, "p3": 32.784045171576956, "p4": 7.342613758709526, "pol1": -0.24301737036444426, "pol2": 0.14457008424466888, "pol3": 0.1625023064787685, "pol4": 0.48639935951358826, "v0s": 3.977270233789986}, "datetime": {"datetime": "2022-04-29 17:27:16", "elapsed": 93349.12083, "delta": 68.003172}}
{"target": 4.34542902262306, "params": {"Bgrad": 0.8010582061894621, "d1": -1.2319229891260892, "d2": -0.46770649960376176, "d3": -0.7241035957543073, "d4": -2.286933849439637, "p1": 6.3071601813013345, "p2": 0.8984454573596802, "p3": 38.56731709114638, "p4": 46.67182210266996, "pol1": 0.6347774910236165, "pol2": -0.04612941715617294, "pol3": -0.3430337287394236, "pol4": 0.11268462512364784, "v0s": 4.34542902262306}, "datetime": {"datetime": "2022-04-29 17:27:35", "elapsed": 93368.07515, "delta": 18.95432}}
{"target": 4.740627593450545, "params": {"Bgrad": 0.5664466281701553, "d1": -1.53660335338123, "d2": 0.9889841770349102, "d3": -2.7221171335046677, "d4": -0.2760020752361001, "p1": 39.45628022984696, "p2": 48.17470141854025, "p3": 16.551329883188647, "p4": 10.225248324774993, "pol1": -0.8870569696768329, "pol2": -0.9323175700322737, "pol3": 0.3217966639173766, "pol4": -0.9075218449732241, "v0s": 4.740627593450545}, "datetime": {"datetime": "2022-04-29 17:27:47", "elapsed": 93379.745944, "delta": 11.670794}}
{"target": 2.048768835012832, "params": {"Bgrad": 0.8587810249778385, "d1": -2.414772175979612, "d2": -2.9142723948375115, "d3": -1.089374986236447, "d4": 0.5647288295566248, "p1": 26.89939231377747, "p2": 8.598925525169786, "p3": 36.479921554093885, "p4": 5.421251809962168, "pol1": -0.765827336865285, "pol2": 0.30508552661134014, "pol3": -0.0700431313411427, "pol4": -0.894686408407646, "v0s": 2.048768835012832}, "datetime": {"datetime": "2022-04-29 17:28:07", "elapsed": 93399.734499, "delta": 19.988555}}
{"target": -1.0, "params": {"Bgrad": 1.2609301575397331, "d1": -0.22168260894549618, "d2": -0.7137378184629415, "d3": -0.866220140822056, "d4": -1.1099608898660014, "p1": 5.080848340632659, "p2": 33.9451551300597, "p3": 34.94999535043047, "p4": 7.29000482091603, "pol1": -0.3088237711401718, "pol2": 0.6382551200168098, "pol3": 0.09666000201352798, "pol4": 0.6635304300066176, "v0s": 3.5670326885362718}, "datetime": {"datetime": "2022-04-29 17:28:37", "elapsed": 93430.398508, "delta": 30.664009}}
{"target": 4.322367918372329, "params": {"Bgrad": 0.9018993378610356, "d1": -2.8012052977595845, "d2": 0.6380940915636817, "d3": -2.0737454914485616, "d4": -1.941284437375534, "p1": 28.47968918682568, "p2": 28.209886080401354, "p3": 9.211239943059525, "p4": 7.528956114073177, "pol1": -0.7654980670816947, "pol2": 0.6735883135872647, "pol3": -0.07458699158221349, "pol4": 0.4444640561725095, "v0s": 4.322367918372329}, "datetime": {"datetime": "2022-04-29 17:28:51", "elapsed": 93444.320284, "delta": 13.921776}}
{"target": -1.0, "params": {"Bgrad": 0.5056080201151414, "d1": -1.5898663382496112, "d2": -0.5464739048925407, "d3": 0.5495165015600114, "d4": 0.8783382480570823, "p1": 14.562508106464328, "p2": 37.951387324611865, "p3": 1.5638866158521225, "p4": 31.149522836824445, "pol1": 0.8414636651341927, "pol2": -0.3186853040147464, "pol3": 0.06528184265125359, "pol4": 0.7830835067731696, "v0s": 4.81664789224007}, "datetime": {"datetime": "2022-04-29 17:29:06", "elapsed": 93459.249367, "delta": 14.929083}}
{"target": -1.0, "params": {"Bgrad": 1.6915469494279152, "d1": -1.5911915589160741, "d2": -1.0985758352910544, "d3": 0.18655990546024315, "d4": -0.42385441100069565, "p1": 42.43741854832641, "p2": 7.002174265884093, "p3": 15.006729422194764, "p4": 4.293970412187914, "pol1": -0.5545681844381254, "pol2": 0.4904423939330893, "pol3": 0.2711734876005436, "pol4": -0.9348019553927351, "v0s": 3.3559554854101483}, "datetime": {"datetime": "2022-04-29 17:29:31", "elapsed": 93483.968273, "delta": 24.718906}}
{"target": 4.796996370884509, "params": {"Bgrad": 0.982903071698126, "d1": -1.788886215612135, "d2": 0.1956270079011945, "d3": -1.0367369127182788, "d4": -1.2315534165236968, "p1": 28.881322438187976, "p2": 40.98422723948627, "p3": 28.914193986523443, "p4": 20.287223440120027, "pol1": -0.7263887548042889, "pol2": 0.594283145806781, "pol3": 0.8177776717196071, "pol4": -0.9114536039244778, "v0s": 4.796996370884509}, "datetime": {"datetime": "2022-04-29 17:29:54", "elapsed": 93507.494368, "delta": 23.526095}}
{"target": 4.050914980488046, "params": {"Bgrad": 1.0051956053399633, "d1": -1.7974522600652159, "d2": 0.30319420893960874, "d3": -1.329151490107356, "d4": -1.781570572319895, "p1": 42.03178305808124, "p2": 42.36082806252056, "p3": 31.6372479469563, "p4": 15.772141316643399, "pol1": 0.6693203782964166, "pol2": -0.7321591778045544, "pol3": 0.7824624934870779, "pol4": 0.593704941430033, "v0s": 4.050914980488046}, "datetime": {"datetime": "2022-04-29 17:30:09", "elapsed": 93522.38256, "delta": 14.888192}}
{"target": 2.732660033542042, "params": {"Bgrad": 1.1210993185994425, "d1": -0.6062884982677287, "d2": -1.4685320953526406, "d3": -2.4664488763712575, "d4": -2.3694691062981317, "p1": 5.634264049171698, "p2": 40.05459840901553, "p3": 6.009513536383254, "p4": 27.668172419464987, "pol1": -0.3957714023659046, "pol2": 0.8408022770620458, "pol3": 0.3430879764138171, "pol4": 0.9319593515877527, "v0s": 2.732660033542042}, "datetime": {"datetime": "2022-04-29 17:30:27", "elapsed": 93539.812955, "delta": 17.430395}}
{"target": -1.0, "params": {"Bgrad": 1.1604561624217804, "d1": -2.2875175010379314, "d2": -0.4762253672470216, "d3": -0.4414439593131547, "d4": -2.6272923374640396, "p1": 37.830573412861085, "p2": 48.587497418496014, "p3": 16.19539508428649, "p4": 10.939754988543877, "pol1": 0.4778641873243499, "pol2": 0.6474314034879174, "pol3": -0.7937272789033565, "pol4": -0.735466370436253, "v0s": 3.619059628802325}, "datetime": {"datetime": "2022-04-29 17:30:46", "elapsed": 93559.107365, "delta": 19.29441}}
