{"target": -1.0, "params": {"Bgrad": 1.8256517560639656, "d1": -1.8839999894696207, "d2": -0.7229335180970069, "d3": -2.7027764760079704, "d4": -0.4157122890944769, "p1": 3.078858133829349, "p2": 36.063742831191455, "p3": 41.087903106656384, "p4": 30.198666822344595, "pol1": -0.9313067351063664, "pol2": -0.011880872649199459, "pol3": 0.8003492538783912, "pol4": -0.4672191814676949, "v0s": 7.3895573374109755}, "datetime": {"datetime": "2022-05-17 01:43:35", "elapsed": 21630.723543, "delta": 16.490893}}
{"target": -1.0, "params": {"Bgrad": 1.9969790486174437, "d1": -2.8516481028023715, "d2": 0.9019008757602456, "d3": 0.0743418861180265, "d4": -2.865871851977678, "p1": 8.879444982149831, "p2": 39.18712537460728, "p3": 32.11394840312545, "p4": 38.94044690694575, "pol1": -0.5136981305512855, "pol2": -0.302523138319015, "pol3": -0.8697654968800155, "pol4": 0.8546716357588282, "v0s": 3.3924695893489973}, "datetime": {"datetime": "2022-05-17 01:43:58", "elapsed": 21654.176814, "delta": 23.453271}}
{"target": 4.7030377040853235, "params": {"Bgrad": 1.1427746509732253, "d1": -2.4038358222809966, "d2": 1.0, "d3": -1.066514081187518, "d4": -2.606728324260589, "p1": 44.27407188083907, "p2": 20.634067696881047, "p3": 26.193958509249263, "p4": 13.516294157964293, "pol1": 0.5044380642020003, "pol2": -0.38497239165179203, "pol3": -1.0, "pol4": 0.49795858211475214, "v0s": 4.7030377040853235}, "datetime": {"datetime": "2022-05-17 01:44:15", "elapsed": 21670.317643, "delta": 16.140829}}
{"target": 4.8556363722113804, "params": {"Bgrad": 1.3155222148430568, "d1": -2.133776377579744, "d2": 0.8412425339354759, "d3": -1.8865036579158603, "d4": -2.050722774110829, "p1": 5.365925541200592, "p2": 37.74523822048128, "p3": 40.47161908981345, "p4": 31.701438818463657, "pol1": 0.42272850606990436, "pol2": -0.464859458062339, "pol3": 0.15566441342991214, "pol4": 0.0785002283338233, "v0s": 4.8556363722113804}, "datetime": {"datetime": "2022-05-17 01:44:32", "elapsed": 21687.3082, "delta": 16.990557}}
{"target": -1.0, "params": {"Bgrad": 1.714002208207539, "d1": -1.0186987397181437, "d2": 0.9916172149400206, "d3": -1.9050153918444255, "d4": -1.5995354141997868, "p1": 29.921884749457494, "p2": 10.401583562088156, "p3": 15.032204574226865, "p4": 25.102091186438514, "pol1": -0.4131201641467255, "pol2": 0.20799994299668412, "pol3": 0.58885926495886, "pol4": -0.8804207304309313, "v0s": 2.86737565708533}, "datetime": {"datetime": "2022-05-17 01:44:43", "elapsed": 21698.533177, "delta": 11.224977}}
{"target": 4.499917783684482, "params": {"Bgrad": 1.3332623540505875, "d1": -2.7161576652461044, "d2": 0.8659293986447356, "d3": -1.1237344527311184, "d4": 0.1807303075702834, "p1": 35.374086304515046, "p2": 9.244476770625868, "p3": 9.005211292657028, "p4": 30.658888682515975, "pol1": -0.22948276127173384, "pol2": 0.16096518327881226, "pol3": -0.27610640657807467, "pol4": 1.0, "v0s": 4.499917783684482}, "datetime": {"datetime": "2022-05-17 01:44:57", "elapsed": 21712.691309, "delta": 14.158132}}
{"target": 4.583479672641348, "params": {"Bgrad": 2.0, "d1": -3.0, "d2": 1.0, "d3": -0.3891066246320881, "d4": -1.9059095559068469, "p1": 43.67043612728902, "p2": 26.934404600751378, "p3": 18.796960023511605, "p4": 12.759037216680259, "pol1": -0.017296275734283814, "pol2": 0.7680921589797829, "pol3": -0.46071243742179036, "pol4": 1.0, "v0s": 4.583479672641348}, "datetime": {"datetime": "2022-05-17 01:45:14", "elapsed": 21729.58712, "delta": 16.895811}}
{"target": 4.639749396798199, "params": {"Bgrad": 1.0555552171801885, "d1": -0.4570204849082722, "d2": 0.7417877970662108, "d3": -2.2358015976565966, "d4": -0.8008196873961348, "p1": 33.817851057238805, "p2": 7.690535342669758, "p3": 37.264453740145946, "p4": 29.214162655985604, "pol1": -0.5020769919596038, "pol2": -0.4554933584511227, "pol3": -0.011676691147762597, "pol4": -0.3152472621159865, "v0s": 4.639749396798199}, "datetime": {"datetime": "2022-05-17 01:45:32", "elapsed": 21747.586977, "delta": 17.999857}}
{"target": 4.191412642695928, "params": {"Bgrad": 1.333745327022641, "d1": -3.0, "d2": -2.898348466081969, "d3": -2.6778359859701384, "d4": -0.5764555184394841, "p1": 20.094920937617932, "p2": 17.696553628195158, "p3": 28.4385516415518, "p4": 46.80003309166153, "pol1": -0.21193711716941818, "pol2": 1.0, "pol3": 0.45603969781428827, "pol4": 0.2830552278719134, "v0s": 4.191412642695928}, "datetime": {"datetime": "2022-05-17 01:45:45", "elapsed": 21761.038998, "delta": 13.452021}}
{"target": 3.624668814725241, "params": {"Bgrad": 1.2503800176620956, "d1": -2.6886419388149347, "d2": -0.3263483130598668, "d3": -1.0869036318109702, "d4": -2.0614881530173084, "p1": 33.29206188889617, "p2": 7.097536617537914, "p3": 36.79639358305428, "p4": 29.11984249604554, "pol1": -0.38590311732600613, "pol2": -0.7597168840320234, "pol3": -0.25966525264740303, "pol4": -0.286991885728634, "v0s": 3.624668814725241}, "datetime": {"datetime": "2022-05-17 01:46:06", "elapsed": 21782.134575, "delta": 21.095577}}
{"target": 3.19813994936756, "params": {"Bgrad": 0.5, "d1": -0.15611039520424722, "d2": -0.9158033245407966, "d3": -0.8087901769223509, "d4": -3.0, "p1": 21.3023189056108, "p2": 6.024665910097067, "p3": 46.14328908953835, "p4": 40.11429477869935, "pol1": 0.06535984173151548, "pol2": 1.0, "pol3": -1.0, "pol4": -0.6528141612662367, "v0s": 3.19813994936756}, "datetime": {"datetime": "2022-05-17 01:46:18", "elapsed": 21793.659749, "delta": 11.525174}}
{"target": -1.0, "params": {"Bgrad": 1.007077581406288, "d1": -2.4282816095640722, "d2": 0.8287036947420954, "d3": -2.5488810309700387, "d4": -2.483427438737262, "p1": 6.310331428843702, "p2": 32.5916663245209, "p3": 42.33845657249579, "p4": 32.490063061195094, "pol1": -0.1654194470664898, "pol2": -0.6187430451128637, "pol3": -0.9643510420520616, "pol4": -0.22271557726533553, "v0s": 6.199447377365681}, "datetime": {"datetime": "2022-05-17 01:46:39", "elapsed": 21815.001668, "delta": 21.341919}}
{"target": 4.702969224274115, "params": {"Bgrad": 0.8862416718544592, "d1": -2.4836653616182782, "d2": 0.8265868378844332, "d3": -1.2423932884215887, "d4": -2.559161176239672, "p1": 6.5100151589156106, "p2": 26.20895992836596, "p3": 43.99864728391032, "p4": 20.306235015489115, "pol1": -0.0355936093088427, "pol2": -0.7143959815271042, "pol3": -0.2550474661274451, "pol4": -0.987522901280284, "v0s": 4.702969224274115}, "datetime": {"datetime": "2022-05-17 01:46:52", "elapsed": 21827.305759, "delta": 12.304091}}
{"target": 3.5286760678102613, "params": {"Bgrad": 0.5621616370080196, "d1": -1.2711719399215964, "d2": -0.9567254825232108, "d3": -0.4342007434235473, "d4": -2.761011242760712, "p1": 8.367727128455126, "p2": 24.321604656888855, "p3": 45.29015086692278, "p4": 23.760744298554698, "pol1": -0.019219032242084433, "pol2": 0.34433893598906185, "pol3": 0.42063229652060374, "pol4": -0.21705839973335594, "v0s": 3.5286760678102613}, "datetime": {"datetime": "2022-05-17 01:47:03", "elapsed": 21838.905734, "delta": 11.599975}}
{"target": -1.0, "params": {"Bgrad": 1.3988866498122354, "d1": -0.6022618555634436, "d2": 0.3275723243865829, "d3": 0.12247928685664489, "d4": 0.47577328270864383, "p1": 11.84377924297758, "p2": 27.639903164514102, "p3": 41.94119273151384, "p4": 28.003303820237583, "pol1": 0.9587930783216414, "pol2": 0.3060997033893069, "pol3": -0.5279830995477397, "pol4": 0.2842158200012741, "v0s": 6.6861596732030675}, "datetime": {"datetime": "2022-05-17 01:47:21", "elapsed": 21856.838769, "delta": 17.933035}}
{"target": 5.15475992125623, "params": {"Bgrad": 1.5644075613314319, "d1": -2.727673002753387, "d2": 1.0, "d3": -1.1200522574497056, "d4": -0.06336171345757666, "p1": 36.21323803219879, "p2": 8.458585649639703, "p3": 8.634782534535319, "p4": 31.172913580578548, "pol1": 0.5501508184241635, "pol2": 1.0, "pol3": -0.19325624168410013, "pol4": 0.022541045484628312, "v0s": 5.15475992125623}, "datetime": {"datetime": "2022-05-17 01:47:47", "elapsed": 21883.003787, "delta": 26.165018}}
{"target": 4.617586146280386, "params": {"Bgrad": 0.5, "d1": -3.0, "d2": -3.0, "d3": -2.2267893455873216, "d4": -1.7442857079011456, "p1": 5.741451261368697, "p2": 3.124629342899744, "p3": 39.067840896345416, "p4": 20.395339796718787, "pol1": 1.0, "pol2": 1.0, "pol3": 0.6692527443649717, "pol4": -0.10638209595222724, "v0s": 4.617586146280386}, "datetime": {"datetime": "2022-05-17 01:47:59", "elapsed": 21894.948839, "delta": 11.945052}}
{"target": 3.6942076532726684, "params": {"Bgrad": 0.7123606724056721, "d1": -1.2929226308122654, "d2": 0.5507621610120612, "d3": -1.35422486339435, "d4": -2.7825320544864716, "p1": 5.220315435603029, "p2": 34.071217434221104, "p3": 32.525017559567786, "p4": 39.29427653162024, "pol1": 0.6609230330039997, "pol2": -0.05006210691649993, "pol3": -0.6573992661621653, "pol4": -0.5825204319788126, "v0s": 3.6942076532726684}, "datetime": {"datetime": "2022-05-17 01:48:11", "elapsed": 21906.536845, "delta": 11.588006}}
{"target": 3.5395934688559914, "params": {"Bgrad": 0.7616440272770164, "d1": -1.319846770191056, "d2": 0.1653068719338986, "d3": -1.2693479429987762, "d4": -1.4868758271980704, "p1": 6.146406863715804, "p2": 37.673623406256986, "p3": 45.87537494177171, "p4": 31.043281212264027, "pol1": -0.4319594874616888, "pol2": -0.37510061865035715, "pol3": 0.7643631535200817, "pol4": 0.6901887902747572, "v0s": 3.5395934688559914}, "datetime": {"datetime": "2022-05-17 01:48:22", "elapsed": 21917.854575, "delta": 11.31773}}
{"target": 4.56392235544518, "params": {"Bgrad": 0.5, "d1": -1.5248960381041048, "d2": 1.0, "d3": -1.762366685753642, "d4": -2.575385905599644, "p1": 0.6259913191498739, "p2": 29.89134016841059, "p3": 17.324738013375054, "p4": 12.524696819977743, "pol1": -0.7871462495050743, "pol2": 0.4879354582501401, "pol3": -0.22126296781008215, "pol4": -0.5028109409529785, "v0s": 4.56392235544518}, "datetime": {"datetime": "2022-05-17 01:48:33", "elapsed": 21929.154352, "delta": 11.299777}}
{"target": 4.044940581485311, "params": {"Bgrad": 1.2222463344362977, "d1": -1.933323515048836, "d2": 0.14639080148817812, "d3": -1.799452831635623, "d4": -2.477074144693716, "p1": 9.201185923299974, "p2": 25.364247879174787, "p3": 44.58493597058003, "p4": 24.403779293472308, "pol1": 0.694458029227183, "pol2": -0.8569308883259807, "pol3": -0.2622235895929957, "pol4": 0.2697746925677192, "v0s": 4.044940581485311}, "datetime": {"datetime": "2022-05-17 01:48:46", "elapsed": 21942.126656, "delta": 12.972304}}
{"target": -1.0, "params": {"Bgrad": 2.0, "d1": -3.0, "d2": 1.0, "d3": 0.6081708648107105, "d4": -1.9963481267889394, "p1": 43.486473455676695, "p2": 26.36549225799743, "p3": 17.87634549515318, "p4": 13.27916112229052, "pol1": 0.6956084133959616, "pol2": 0.010653103765562938, "pol3": -0.07304623558454815, "pol4": 1.0, "v0s": 4.954065182099261}, "datetime": {"datetime": "2022-05-17 01:49:09", "elapsed": 21965.030398, "delta": 22.903742}}
{"target": 4.401617284716358, "params": {"Bgrad": 0.8157705639617824, "d1": -1.6374052767144291, "d2": 0.21947273602395942, "d3": -1.6102179087670274, "d4": -2.6958767953305873, "p1": 3.9553931120410084, "p2": 33.26492392210152, "p3": 30.698090923388538, "p4": 38.3470799281964, "pol1": -0.6571397627103025, "pol2": 0.12256879075199874, "pol3": -0.6183971616134156, "pol4": 0.4188923513598999, "v0s": 4.401617284716358}, "datetime": {"datetime": "2022-05-17 01:49:21", "elapsed": 21976.72811, "delta": 11.697712}}
{"target": 5.138594012182166, "params": {"Bgrad": 1.4911430689202392, "d1": -2.68853447001485, "d2": 0.7952272769638649, "d3": -1.3255631232308436, "d4": -0.7085556118908793, "p1": 27.56866646417758, "p2": 10.249558677021575, "p3": 12.272677355341216, "p4": 26.74690979954109, "pol1": -0.34910604333163553, "pol2": -0.2960756672838156, "pol3": -0.44807427907849573, "pol4": 0.033709037049388435, "v0s": 5.138594012182166}, "datetime": {"datetime": "2022-05-17 01:49:36", "elapsed": 21991.294151, "delta": 14.566041}}
{"target": 4.211533339398757, "params": {"Bgrad": 0.9917246140793922, "d1": -1.5440996665293558, "d2": 0.17406707078503247, "d3": -2.6233131029500547, "d4": -1.2646820425799183, "p1": 0.03997259149121635, "p2": 36.48763337664016, "p3": 33.73773789936025, "p4": 36.14155109817196, "pol1": 0.7278489617844708, "pol2": -0.8959610807189851, "pol3": 0.418379786483255, "pol4": -0.38240717808167246, "v0s": 4.211533339398757}, "datetime": {"datetime": "2022-05-17 01:49:48", "elapsed": 22003.732883, "delta": 12.438732}}
{"target": 4.754042360816318, "params": {"Bgrad": 0.9138153715719772, "d1": -2.663673349617059, "d2": 0.18150319040323695, "d3": -1.1270328818380257, "d4": -2.4715012590048677, "p1": 1.7942338554876178, "p2": 32.70245692074499, "p3": 30.98133485068157, "p4": 37.71047166398124, "pol1": -0.3450172354565227, "pol2": -0.22386618523695104, "pol3": 1.0, "pol4": -0.14410992564232944, "v0s": 4.754042360816318}, "datetime": {"datetime": "2022-05-17 01:50:02", "elapsed": 22017.658636, "delta": 13.925753}}
{"target": 4.006105528730009, "params": {"Bgrad": 1.8422857479966566, "d1": -2.899110324958302, "d2": 0.8658067832088729, "d3": -0.7801000947765591, "d4": -2.3207348484710684, "p1": 7.922079841418844, "p2": 36.53471796494866, "p3": 46.04392944690141, "p4": 30.573814384080105, "pol1": 0.12495448020116906, "pol2": -0.9537797314671237, "pol3": 0.7337982014604287, "pol4": 0.5396596259247766, "v0s": 4.006105528730009}, "datetime": {"datetime": "2022-05-17 01:50:31", "elapsed": 22046.721903, "delta": 29.063267}}
{"target": 4.396443680269864, "params": {"Bgrad": 2.0, "d1": -3.0, "d2": 0.7516557780483287, "d3": -1.0594637309450035, "d4": -0.2135177746677266, "p1": 35.509190021619325, "p2": 8.01215696134525, "p3": 8.103213877319787, "p4": 30.434680041364945, "pol1": 0.30965330002160585, "pol2": 1.0, "pol3": -0.5996063552887868, "pol4": 0.5983603928190787, "v0s": 4.396443680269864}, "datetime": {"datetime": "2022-05-17 01:50:49", "elapsed": 22064.760656, "delta": 18.038753}}
{"target": 4.917139897566605, "params": {"Bgrad": 1.3785939930644013, "d1": -2.8281864456915207, "d2": 0.3033362147130574, "d3": -1.7749038044220167, "d4": -2.5877770515478216, "p1": 6.752684936979164, "p2": 30.51558910728843, "p3": 31.872755480796584, "p4": 39.6375772829939, "pol1": -0.9990803321208024, "pol2": -0.7272179803690815, "pol3": -0.25934074743271696, "pol4": 0.07549923664536573, "v0s": 4.917139897566605}, "datetime": {"datetime": "2022-05-17 01:51:07", "elapsed": 22082.313708, "delta": 17.553052}}
{"target": 3.709970417944189, "params": {"Bgrad": 1.6431062370778053, "d1": -0.20800345471827253, "d2": -0.002318743377185406, "d3": -2.912407340135086, "d4": -1.1620585750980013, "p1": 34.442410810277, "p2": 6.158841118329239, "p3": 39.018459248332, "p4": 30.35762960793335, "pol1": 0.6392037405465771, "pol2": -0.042828936535818984, "pol3": -0.788529967580498, "pol4": 0.9022326347990968, "v0s": 3.709970417944189}, "datetime": {"datetime": "2022-05-17 01:51:19", "elapsed": 22094.287682, "delta": 11.973974}}
{"target": 4.73427927411448, "params": {"Bgrad": 2.0, "d1": -3.0, "d2": 1.0, "d3": -2.429182503488502, "d4": -0.7085863623599578, "p1": 31.06120585240189, "p2": 12.773265859603047, "p3": 32.92557869550051, "p4": 25.332603416971047, "pol1": 1.0, "pol2": 0.11481397992574269, "pol3": 0.5456426840550173, "pol4": -0.1876094144168455, "v0s": 4.73427927411448}, "datetime": {"datetime": "2022-05-17 01:51:33", "elapsed": 22108.469751, "delta": 14.182069}}
{"target": -1.0, "params": {"Bgrad": 0.5943954830354918, "d1": -0.7776928704771482, "d2": 0.4187079748148874, "d3": -2.314234694924458, "d4": -1.8443137826230913, "p1": 36.69371652828291, "p2": 6.5962211033069815, "p3": 35.98656322121474, "p4": 30.96350856623725, "pol1": 0.7812448294030472, "pol2": 0.4953421624147276, "pol3": 0.00844361251163761, "pol4": -0.10503638478195065, "v0s": 2.9451905067681006}, "datetime": {"datetime": "2022-05-17 01:51:51", "elapsed": 22127.137821, "delta": 18.66807}}
{"target": 4.376732284217084, "params": {"Bgrad": 1.9214435452105016, "d1": -2.392919735921695, "d2": -0.08229410551005811, "d3": -2.6201230859917652, "d4": -2.539262777647512, "p1": 32.6554348530745, "p2": 5.899220550243944, "p3": 39.699235945995966, "p4": 25.805652038813903, "pol1": 0.05193834015305843, "pol2": -0.38483360686339085, "pol3": 0.3044210426864251, "pol4": -0.44021712372936395, "v0s": 4.376732284217084}, "datetime": {"datetime": "2022-05-17 01:52:21", "elapsed": 22156.67482, "delta": 29.536999}}
{"target": 3.5070632412167635, "params": {"Bgrad": 0.6102323619672928, "d1": -2.565723094951763, "d2": 0.798194192177454, "d3": -2.4377424282448046, "d4": -0.324213616946456, "p1": 40.9681673066077, "p2": 20.999224282228734, "p3": 15.491744066171881, "p4": 13.537265235953788, "pol1": -0.7123286186746818, "pol2": 0.5792419737315406, "pol3": -0.6576404719137989, "pol4": -0.2264949406274599, "v0s": 3.5070632412167635}, "datetime": {"datetime": "2022-05-17 01:52:32", "elapsed": 22167.58863, "delta": 10.91381}}
{"target": 4.758892700999972, "params": {"Bgrad": 1.740845451531532, "d1": -2.770690597528219, "d2": -3.0, "d3": -3.0, "d4": -3.0, "p1": 25.09457436788116, "p2": 32.64277420620974, "p3": 43.02781444860501, "p4": 46.309723869924824, "pol1": -0.08156272285007188, "pol2": 0.3313616647797125, "pol3": -0.5743835502149063, "pol4": 0.17605292628876354, "v0s": 4.758892700999972}, "datetime": {"datetime": "2022-05-17 01:52:46", "elapsed": 22182.030005, "delta": 14.441375}}
{"target": -1.0, "params": {"Bgrad": 0.7103958308719324, "d1": -2.495693785366754, "d2": -2.4217520705990836, "d3": -1.9712414460172205, "d4": 0.8616251776084343, "p1": 32.343525240844706, "p2": 6.718190302165289, "p3": 34.15922773116586, "p4": 33.81001886751429, "pol1": -0.4935778840991607, "pol2": -0.5304589403495703, "pol3": 0.22637449519950636, "pol4": 0.22587348926806583, "v0s": 3.18696929227767}, "datetime": {"datetime": "2022-05-17 01:53:06", "elapsed": 22202.072398, "delta": 20.042393}}
{"target": -1.0, "params": {"Bgrad": 1.2720635395461242, "d1": 0.5738115969340369, "d2": 0.9529379289568238, "d3": -2.166700593219471, "d4": -1.5578468999612811, "p1": 35.453606141222885, "p2": 5.547535181766055, "p3": 36.81837055214176, "p4": 28.504007733252717, "pol1": 0.42393793266945057, "pol2": 0.8862781779481586, "pol3": -0.808817634768606, "pol4": 0.29648256299278275, "v0s": 4.083449961847238}, "datetime": {"datetime": "2022-05-17 01:53:26", "elapsed": 22222.122771, "delta": 20.050373}}
{"target": 4.374655774295818, "params": {"Bgrad": 1.628252806199537, "d1": -2.6401999729513888, "d2": 0.35746928496740793, "d3": -1.6483352957047033, "d4": -2.5270893869895223, "p1": 7.966610523522, "p2": 39.192091034646296, "p3": 35.48775803510039, "p4": 38.03629080661858, "pol1": 0.6558778123437823, "pol2": -0.7863436282726592, "pol3": 0.43792619271492783, "pol4": -0.647662327396112, "v0s": 4.374655774295818}, "datetime": {"datetime": "2022-05-17 01:53:39", "elapsed": 22234.822804, "delta": 12.700033}}
{"target": 3.158884580992161, "params": {"Bgrad": 1.7044571994934614, "d1": -2.37880615678249, "d2": 0.8300880051090225, "d3": -1.5694982058410458, "d4": -0.36376439276210215, "p1": 29.66175355174565, "p2": 9.934885151376744, "p3": 11.886047327424876, "p4": 24.36166435082045, "pol1": -0.488710683530859, "pol2": -0.35884638521420076, "pol3": -0.5766628408508903, "pol4": -0.3376475355127355, "v0s": 3.158884580992161}, "datetime": {"datetime": "2022-05-17 01:53:59", "elapsed": 22255.042723, "delta": 20.219919}}
{"target": 4.410789386669674, "params": {"Bgrad": 0.5, "d1": -1.3887544106953011, "d2": 1.0, "d3": -1.3016750303226579, "d4": -1.3706848668291922, "p1": 40.8857696152396, "p2": 20.159504056462723, "p3": 14.901920644629048, "p4": 13.4500870357201, "pol1": -0.10584568771988402, "pol2": 1.0, "pol3": -0.48910105486402694, "pol4": -0.4542996093571586, "v0s": 4.410789386669674}, "datetime": {"datetime": "2022-05-17 01:54:12", "elapsed": 22267.53132, "delta": 12.488597}}
{"target": 4.710825745388297, "params": {"Bgrad": 0.7857050939284408, "d1": -1.9067774471996848, "d2": 0.6595686615824857, "d3": -2.606119360991518, "d4": -2.3286748127208385, "p1": 6.164126490580459, "p2": 31.381698734200747, "p3": 31.748133867852975, "p4": 40.34118184788031, "pol1": -0.5490846735339417, "pol2": -0.9245210957214909, "pol3": -0.8528470627859719, "pol4": -0.1840266683190555, "v0s": 4.710825745388297}, "datetime": {"datetime": "2022-05-17 01:54:26", "elapsed": 22281.328421, "delta": 13.797101}}
{"target": -1.0, "params": {"Bgrad": 1.5134918885193804, "d1": 0.6599329572184782, "d2": 0.2727654711735852, "d3": -0.5739877019400033, "d4": -0.8245397520927549, "p1": 33.7135196352853, "p2": 8.56927895612496, "p3": 37.997958852014456, "p4": 30.755826422561633, "pol1": 0.5200029430469633, "pol2": 0.38215787523159794, "pol3": -0.24301106367733993, "pol4": 0.1515094952442564, "v0s": 4.707953940988983}, "datetime": {"datetime": "2022-05-17 01:54:46", "elapsed": 22301.498471, "delta": 20.17005}}
{"target": 4.693765049601426, "params": {"Bgrad": 0.6006072666068107, "d1": -0.8861507035367722, "d2": 0.8237843274190961, "d3": -1.1710431861280899, "d4": -2.0462191259189577, "p1": 3.1737415940203517, "p2": 33.54539440659451, "p3": 32.425825742545165, "p4": 37.62095680943941, "pol1": 0.7601423442424817, "pol2": 0.9011050645478651, "pol3": 0.5393816972807746, "pol4": -0.6157913038144158, "v0s": 4.693765049601426}, "datetime": {"datetime": "2022-05-17 01:54:58", "elapsed": 22314.192519, "delta": 12.694048}}
{"target": -1.0, "params": {"Bgrad": 1.028324179936431, "d1": -1.4073633852331788, "d2": -1.610506735830516, "d3": -0.9078296038844575, "d4": -1.4669519990911999, "p1": 8.984972475556125, "p2": 26.295701028411823, "p3": 42.21675455607182, "p4": 24.12547440718424, "pol1": -0.16515829420587114, "pol2": 0.41395549618000205, "pol3": 0.5600861053864223, "pol4": 0.6572596049034294, "v0s": 3.7622122371368274}, "datetime": {"datetime": "2022-05-17 01:55:21", "elapsed": 22336.868868, "delta": 22.676349}}
