{"target": 3.959165907474511, "params": {"Bgrad": 0.6305957948413423, "d1": -2.2137156468417443, "d2": 0.9430546662621881, "d3": -0.3776867352126687, "d4": -0.41053732359427597, "p1": 1.4572430614150533, "p2": 33.47247581577411, "p3": 28.01193130905738, "p4": 38.358358219101945, "pol1": -0.36096481858868357, "pol2": 0.1327824823741599, "pol3": 0.5827037073268695, "pol4": -0.505589780460354, "v0s": 3.959165907474511}, "datetime": {"datetime": "2022-05-17 02:08:12", "elapsed": 23107.998386, "delta": 15.946349}}
{"target": 5.098273664058977, "params": {"Bgrad": 1.2037103731156134, "d1": -1.50994280994186, "d2": 0.7696244470144648, "d3": -1.9046665529484845, "d4": 0.2407996146809935, "p1": 3.6218591857805396, "p2": 30.224224442809476, "p3": 15.995527805925192, "p4": 11.968737250653067, "pol1": -0.38109808278922386, "pol2": -0.8607240259461337, "pol3": 0.5121274223050704, "pol4": 1.0, "v0s": 5.098273664058977}, "datetime": {"datetime": "2022-05-17 02:08:29", "elapsed": 23125.06873, "delta": 17.070344}}
{"target": -1.0, "params": {"Bgrad": 1.1376962107741602, "d1": 0.10587976503019414, "d2": 0.14119113302681852, "d3": -1.818034499167366, "d4": -1.571768911598304, "p1": 5.394921862805541, "p2": 33.90029352444725, "p3": 34.783748848486155, "p4": 41.46659267864498, "pol1": -0.8112853260405739, "pol2": -0.6490964809547484, "pol3": 0.01875855987634112, "pol4": 0.5062274453639479, "v0s": 4.2799778406618785}, "datetime": {"datetime": "2022-05-17 02:08:59", "elapsed": 23155.069488, "delta": 30.000758}}
{"target": -1.0, "params": {"Bgrad": 1.46083275170486, "d1": -1.2496424279435776, "d2": 0.31912132393833925, "d3": -2.048526029988791, "d4": 0.7102465044810162, "p1": 3.802333404219432, "p2": 28.61813811943708, "p3": 16.955823604937315, "p4": 10.830258727607223, "pol1": 0.40621166577026924, "pol2": -0.25491689547563356, "pol3": -0.019930432158875355, "pol4": 0.21537623562877162, "v0s": 5.094203125257615}, "datetime": {"datetime": "2022-05-17 02:10:25", "elapsed": 23240.932836, "delta": 85.863348}}
{"target": 3.254018802049759, "params": {"Bgrad": 1.3096433836654227, "d1": -2.6549494118070602, "d2": -2.0716758242838864, "d3": -1.5090835564984557, "d4": -1.471347050333733, "p1": 0.7173945297782369, "p2": 3.3622141594219945, "p3": 42.3796882262316, "p4": 23.4826948364734, "pol1": -0.2668735490826937, "pol2": -0.4716087718665396, "pol3": -0.6581733185992069, "pol4": 0.11852015293708962, "v0s": 3.254018802049759}, "datetime": {"datetime": "2022-05-17 02:10:38", "elapsed": 23254.137519, "delta": 13.204683}}
{"target": 4.052763925662064, "params": {"Bgrad": 1.2142040569647496, "d1": -2.529389794247383, "d2": 1.0, "d3": -2.082885294939915, "d4": -3.0, "p1": 26.861994505431245, "p2": 28.925700804373893, "p3": 6.48684001205018, "p4": 45.383830491428, "pol1": -0.1510535749437922, "pol2": -0.33880445511457136, "pol3": -0.5484926012727603, "pol4": -0.22434538217657313, "v0s": 4.052763925662064}, "datetime": {"datetime": "2022-05-17 02:10:55", "elapsed": 23270.524689, "delta": 16.38717}}
{"target": -1.0, "params": {"Bgrad": 1.2614648583786594, "d1": -1.3989726045519193, "d2": 0.7515536107907361, "d3": -2.549214528486515, "d4": -2.589644388557275, "p1": 7.596430657690146, "p2": 33.955263562871025, "p3": 31.306671049137886, "p4": 40.11757236501824, "pol1": 0.5405633982451075, "pol2": -0.37254974135021257, "pol3": -0.523082039308707, "pol4": -0.6720749538205766, "v0s": 6.403129568039015}, "datetime": {"datetime": "2022-05-17 02:11:14", "elapsed": 23289.923804, "delta": 19.399115}}
{"target": 5.282450738634457, "params": {"Bgrad": 1.6402078273476055, "d1": -2.1386980266331044, "d2": 0.622910465624499, "d3": -2.4229224495042074, "d4": -2.924379445465237, "p1": 2.591465915987956, "p2": 30.013054622535627, "p3": 18.49084313380867, "p4": 10.40114711327156, "pol1": -0.4116873545997535, "pol2": -0.6878748839308331, "pol3": 0.9119922279741062, "pol4": -0.4516971315803793, "v0s": 5.282450738634457}, "datetime": {"datetime": "2022-05-17 02:11:30", "elapsed": 23305.911046, "delta": 15.987242}}
{"target": -1.0, "params": {"Bgrad": 1.8630811273688175, "d1": -1.6222641820229118, "d2": -1.7040386948195287, "d3": -0.5488146672888559, "d4": -2.768267512750886, "p1": 7.426060527580325, "p2": 25.476703770985793, "p3": 48.68206207432392, "p4": 24.879578218084696, "pol1": 0.9810729245549707, "pol2": -0.8164609047757763, "pol3": 0.7766671338192492, "pol4": -0.24890540844858977, "v0s": 5.414009475688956}, "datetime": {"datetime": "2022-05-17 02:11:55", "elapsed": 23330.31976, "delta": 24.408714}}
{"target": -1.0, "params": {"Bgrad": 0.760555862066642, "d1": -2.635481780453793, "d2": -0.147094015749055, "d3": -2.8394938873228583, "d4": -1.8550844332233396, "p1": 0.4676759663956809, "p2": 36.76057873198635, "p3": 32.871507420716505, "p4": 36.04461650330062, "pol1": 0.24394980073347794, "pol2": -0.6333086561293819, "pol3": 0.4234324212323026, "pol4": -0.37786105645869417, "v0s": 5.9753705552959975}, "datetime": {"datetime": "2022-05-17 02:12:10", "elapsed": 23345.53307, "delta": 15.21331}}
{"target": 5.026914208320138, "params": {"Bgrad": 0.8531484197911239, "d1": -2.2201905402719406, "d2": 0.8013412411807865, "d3": -1.1442227213098863, "d4": -2.7377664432057016, "p1": 6.538697378858322, "p2": 36.78246934019001, "p3": 41.00595396495249, "p4": 33.05529856470999, "pol1": -0.21070644972844482, "pol2": -1.0, "pol3": -0.03363906795992943, "pol4": 0.2821962700179421, "v0s": 5.026914208320138}, "datetime": {"datetime": "2022-05-17 02:12:28", "elapsed": 23363.699482, "delta": 18.166412}}
{"target": 3.873977498956688, "params": {"Bgrad": 2.0, "d1": -2.5107047328362007, "d2": 1.0, "d3": -1.9004667182431267, "d4": -2.260016213449682, "p1": 27.602141398503026, "p2": 30.17060739200367, "p3": 6.64109201468247, "p4": 43.60671684782035, "pol1": 0.033763296871005384, "pol2": -0.32258587054512117, "pol3": -0.1564489840402928, "pol4": 0.2822454415221448, "v0s": 3.873977498956688}, "datetime": {"datetime": "2022-05-17 02:12:42", "elapsed": 23377.96732, "delta": 14.267838}}
{"target": 5.0348275429420575, "params": {"Bgrad": 1.125669938039304, "d1": -2.951806652484319, "d2": -0.21261431638088177, "d3": -2.636571663818719, "d4": -1.8234203906533974, "p1": 33.468894371477376, "p2": 6.035090577425354, "p3": 37.014003164026356, "p4": 30.385755022080755, "pol1": -0.12360850960779042, "pol2": -0.43862365333979986, "pol3": -0.08851992148231955, "pol4": -0.0793343402986475, "v0s": 5.0348275429420575}, "datetime": {"datetime": "2022-05-17 02:12:59", "elapsed": 23395.138394, "delta": 17.171074}}
{"target": -1.0, "params": {"Bgrad": 0.6155445010096074, "d1": -1.1287232046249573, "d2": -0.7775933620331559, "d3": -2.4352244938725116, "d4": -0.5752003550084561, "p1": 3.5013326622453764, "p2": 3.6257448766851166, "p3": 41.65694266939739, "p4": 23.617463044784092, "pol1": -0.3883544795076561, "pol2": 0.2062387386448259, "pol3": -0.49993928621475847, "pol4": 0.3700150516184524, "v0s": 5.101688875569897}, "datetime": {"datetime": "2022-05-17 02:13:14", "elapsed": 23409.57578, "delta": 14.437386}}
{"target": -1.0, "params": {"Bgrad": 1.3419647041417302, "d1": 0.1411869741252949, "d2": 0.14890091329786292, "d3": -1.91770276030881, "d4": -2.87010380325676, "p1": 7.353874226075102, "p2": 24.770566750230916, "p3": 47.71762680672651, "p4": 21.585928284358396, "pol1": -0.9865343797340749, "pol2": 0.732515260624597, "pol3": -0.8751700756261147, "pol4": -0.4814847584479154, "v0s": 3.737658726182582}, "datetime": {"datetime": "2022-05-17 02:13:36", "elapsed": 23431.518092, "delta": 21.942312}}
{"target": 4.6907512565154486, "params": {"Bgrad": 1.621088394160495, "d1": -2.9877057086246914, "d2": 0.6797538578677784, "d3": -1.6756380137392155, "d4": -1.8884699508738996, "p1": 5.133990790922348, "p2": 35.557710358998676, "p3": 34.09801876419948, "p4": 38.451977162181734, "pol1": 0.5412286258283809, "pol2": -0.04494811014606571, "pol3": 0.24948064063277703, "pol4": -0.6064347037808882, "v0s": 4.6907512565154486}, "datetime": {"datetime": "2022-05-17 02:13:51", "elapsed": 23446.891973, "delta": 15.373881}}
{"target": 4.469271051906969, "params": {"Bgrad": 0.9868516157906644, "d1": -2.674396509891646, "d2": 0.03929240113256327, "d3": -2.0323286093627857, "d4": -0.012195988245093936, "p1": 28.527464278761887, "p2": 10.502161924852743, "p3": 10.274422623374585, "p4": 25.112850488156347, "pol1": 0.35137772051020355, "pol2": -0.9042471845964892, "pol3": -0.681512940488711, "pol4": 0.3770059460742503, "v0s": 4.469271051906969}, "datetime": {"datetime": "2022-05-17 02:14:07", "elapsed": 23463.211327, "delta": 16.319354}}
{"target": 4.004302549149687, "params": {"Bgrad": 0.5063959646195498, "d1": -2.8132846699350496, "d2": 0.7689333419585229, "d3": -2.0537769498849707, "d4": -0.670656135825233, "p1": 7.33344238068509, "p2": 35.46144136992498, "p3": 34.23137439619852, "p4": 38.067754351411516, "pol1": -0.18796196228597561, "pol2": -0.4764734979182965, "pol3": -0.40223040493092954, "pol4": 0.3588075314069237, "v0s": 4.004302549149687}, "datetime": {"datetime": "2022-05-17 02:14:23", "elapsed": 23478.671973, "delta": 15.460646}}
{"target": 4.217628351659429, "params": {"Bgrad": 2.0, "d1": -2.8891975945783206, "d2": 0.4783153766202695, "d3": -1.6822757134483444, "d4": -2.402290632290413, "p1": 7.781800332455314, "p2": 25.488584428514475, "p3": 43.61349964467095, "p4": 24.203222387037595, "pol1": 0.05290772637637532, "pol2": -0.7185370280087597, "pol3": -0.28343952321650007, "pol4": -0.22179773925391819, "v0s": 4.217628351659429}, "datetime": {"datetime": "2022-05-17 02:14:41", "elapsed": 23496.443441, "delta": 17.771468}}
{"target": 4.821812671632101, "params": {"Bgrad": 0.871259061170774, "d1": -3.0, "d2": 0.09978495209200625, "d3": -2.783932158329719, "d4": -1.809708708048089, "p1": 32.51427033823487, "p2": 7.111225756908518, "p3": 37.213962481811556, "p4": 28.866143802655724, "pol1": -0.013456405717293117, "pol2": 0.13223242741569124, "pol3": 0.19377190981942488, "pol4": 0.2836061181625668, "v0s": 4.821812671632101}, "datetime": {"datetime": "2022-05-17 02:14:57", "elapsed": 23512.593247, "delta": 16.149806}}
{"target": 4.5077104253347775, "params": {"Bgrad": 1.9241040903913764, "d1": -2.795252574096662, "d2": 0.0897954394482654, "d3": -1.775545243916239, "d4": -2.44272962114226, "p1": 3.720712353185035, "p2": 36.65162888792836, "p3": 31.15504978409678, "p4": 37.30877001694907, "pol1": -0.2238597964500435, "pol2": -0.2599997621657848, "pol3": -0.5154802014380298, "pol4": -0.5173995980718233, "v0s": 4.5077104253347775}, "datetime": {"datetime": "2022-05-17 02:15:14", "elapsed": 23530.09444, "delta": 17.501193}}
{"target": 4.937789106887746, "params": {"Bgrad": 0.9454068861305691, "d1": -2.1088914354700825, "d2": 0.3647437096520167, "d3": -2.3985159463764325, "d4": -0.30858611858002366, "p1": 3.6998379235626895, "p2": 30.482112920017226, "p3": 15.464474483327935, "p4": 11.867016143469087, "pol1": -1.0, "pol2": -0.11087024177926486, "pol3": -0.29498469369130176, "pol4": 1.0, "v0s": 4.937789106887746}, "datetime": {"datetime": "2022-05-17 02:15:29", "elapsed": 23545.11626, "delta": 15.02182}}
{"target": -1.0, "params": {"Bgrad": 1.2309830364341972, "d1": -2.98011457505939, "d2": -0.677745214908986, "d3": -2.431746891602744, "d4": -2.811764121078435, "p1": 6.833789228175119, "p2": 36.35606215053236, "p3": 45.755553813269344, "p4": 33.57212594402256, "pol1": -0.015101691051194521, "pol2": -0.48888882515546195, "pol3": 0.5879174821704596, "pol4": 0.9838576494301323, "v0s": 5.654769453807525}, "datetime": {"datetime": "2022-05-17 02:16:00", "elapsed": 23576.205109, "delta": 31.088849}}
{"target": 4.419680624149568, "params": {"Bgrad": 0.5, "d1": -2.1060451364947133, "d2": 0.5350381593563573, "d3": -0.9842050242690059, "d4": -1.6499523911280265, "p1": 3.086218956983625, "p2": 32.77785564433651, "p3": 30.33308213420094, "p4": 37.8849767912299, "pol1": -0.5204173722787059, "pol2": 0.4727014226027336, "pol3": 0.7716233870723581, "pol4": -1.0, "v0s": 4.419680624149568}, "datetime": {"datetime": "2022-05-17 02:16:13", "elapsed": 23589.182399, "delta": 12.97729}}
{"target": 2.4979826913021275, "params": {"Bgrad": 1.4081917223153455, "d1": -2.8680483075219136, "d2": -0.5350197535344926, "d3": 0.20225199772875127, "d4": -0.4401181271764225, "p1": 3.3089131401781566, "p2": 2.4484096643421913, "p3": 41.64163683414324, "p4": 23.54402383473653, "pol1": 0.28674207376278343, "pol2": -0.33994985285051016, "pol3": -0.43962399848739464, "pol4": -0.3765134570665663, "v0s": 2.4979826913021275}, "datetime": {"datetime": "2022-05-17 02:16:27", "elapsed": 23602.398052, "delta": 13.215653}}
{"target": 4.814718427405599, "params": {"Bgrad": 0.6167260615445772, "d1": -2.853835350890396, "d2": 0.45863317488623156, "d3": -1.8644132265011475, "d4": -1.549783509200771, "p1": 30.349810298307013, "p2": 10.770714259899622, "p3": 12.85130306347927, "p4": 25.952194943857165, "pol1": 0.01193215839348949, "pol2": 0.8162908120942449, "pol3": -0.5958051943722928, "pol4": 0.9818430746235987, "v0s": 4.814718427405599}, "datetime": {"datetime": "2022-05-17 02:16:48", "elapsed": 23623.874611, "delta": 21.476559}}
{"target": 5.083882255303905, "params": {"Bgrad": 1.8870004045679392, "d1": -2.4142427013252594, "d2": -2.508690426035471, "d3": -2.2242078116392556, "d4": -2.964519685290295, "p1": 34.50623017183831, "p2": 7.870801250833654, "p3": 37.93595583694804, "p4": 29.279466352549004, "pol1": 0.22280776132648716, "pol2": 0.6148260773120537, "pol3": 0.07215451075811585, "pol4": -0.27476314556812276, "v0s": 5.083882255303905}, "datetime": {"datetime": "2022-05-17 02:17:12", "elapsed": 23647.368772, "delta": 23.494161}}
{"target": -1.0, "params": {"Bgrad": 0.8624341433476634, "d1": -1.8373966850488848, "d2": -1.7194920397054463, "d3": -2.09314793158582, "d4": -1.5730000688959183, "p1": 30.553394054988374, "p2": 6.556140950671368, "p3": 36.33426124073675, "p4": 32.494455699438205, "pol1": 0.7505302394316913, "pol2": 0.5672883869359131, "pol3": 0.14471566574114525, "pol4": -0.4489761835987478, "v0s": 5.368148412840908}, "datetime": {"datetime": "2022-05-17 02:17:29", "elapsed": 23664.844034, "delta": 17.475262}}
{"target": -1.0, "params": {"Bgrad": 0.6687606373241024, "d1": -0.7953745675636745, "d2": 0.5667104221869064, "d3": -1.3091354171939367, "d4": -2.778898681132182, "p1": 26.674548615730952, "p2": 29.153420685224035, "p3": 6.182481819842667, "p4": 43.85549361647108, "pol1": -0.7903127188832646, "pol2": -0.486918584931596, "pol3": -0.15479799440152986, "pol4": -0.6177421307089253, "v0s": 5.2348129363674865}, "datetime": {"datetime": "2022-05-17 02:17:45", "elapsed": 23681.05667, "delta": 16.212636}}
{"target": 4.069563963308445, "params": {"Bgrad": 1.847174010644668, "d1": -2.751638342456921, "d2": -0.33142392692512734, "d3": -2.497995496204099, "d4": -1.1222176585785362, "p1": 8.751261820933776, "p2": 26.22964457012329, "p3": 40.20181652115426, "p4": 27.500915214315157, "pol1": 0.1256341308128599, "pol2": -0.7903734480240658, "pol3": 0.608817134551842, "pol4": -0.7752813418644053, "v0s": 4.069563963308445}, "datetime": {"datetime": "2022-05-17 02:18:01", "elapsed": 23696.38966, "delta": 15.33299}}
{"target": 4.628507596632624, "params": {"Bgrad": 1.3506733657724381, "d1": -2.7100710751297425, "d2": 0.876793094209202, "d3": -1.6978290648399352, "d4": -2.7434268259897197, "p1": 6.395484808018493, "p2": 37.09471283306368, "p3": 34.022924490181374, "p4": 39.06424645850447, "pol1": -0.14469735486197022, "pol2": -0.5256507464503779, "pol3": -0.07189752671380868, "pol4": 0.11037757665231028, "v0s": 4.628507596632624}, "datetime": {"datetime": "2022-05-17 02:18:17", "elapsed": 23712.308084, "delta": 15.918424}}
{"target": 4.298699811373512, "params": {"Bgrad": 1.3694826489709544, "d1": -2.888402497828566, "d2": -1.4932243556619786, "d3": -1.5406073730544123, "d4": -1.8733930965595493, "p1": 6.625679473252916, "p2": 24.43510271176451, "p3": 43.404708698801706, "p4": 18.18490235672693, "pol1": 0.39948408183881745, "pol2": -0.14335408438856345, "pol3": 0.41259624577358367, "pol4": -0.03649312546614558, "v0s": 4.298699811373512}, "datetime": {"datetime": "2022-05-17 02:18:41", "elapsed": 23737.031957, "delta": 24.723873}}
{"target": 3.0425370751562726, "params": {"Bgrad": 1.283391900036111, "d1": -2.88897012860056, "d2": -0.8309129204429015, "d3": -1.91162824566949, "d4": -1.8750033394444174, "p1": 4.103517608974499, "p2": 33.412908882375646, "p3": 33.69466152984692, "p4": 42.713517583184014, "pol1": 0.6750648223950433, "pol2": -0.5847902736868862, "pol3": -0.41142178875712965, "pol4": -0.41463303177352606, "v0s": 3.0425370751562726}, "datetime": {"datetime": "2022-05-17 02:18:56", "elapsed": 23752.131571, "delta": 15.099614}}
{"target": -1.0, "params": {"Bgrad": 1.5084420212798373, "d1": -2.4162954451970142, "d2": -1.0905943520885744, "d3": -2.4514418015260797, "d4": -1.726910064026976, "p1": 33.99898333290413, "p2": 7.345941393605024, "p3": 37.54082352841778, "p4": 29.686944999503883, "pol1": 0.061944598253076064, "pol2": 0.20420128035933718, "pol3": -0.09210714611467466, "pol4": -0.33608997393040885, "v0s": 4.894561314478674}, "datetime": {"datetime": "2022-05-17 02:19:18", "elapsed": 23773.564247, "delta": 21.432676}}
{"target": -1.0, "params": {"Bgrad": 0.7296766935841931, "d1": -2.037677161082744, "d2": -1.0046831931199556, "d3": -1.5543178770609103, "d4": -1.635883544542461, "p1": 6.184571903184411, "p2": 31.606600030502353, "p3": 32.40011083800027, "p4": 40.18380206293198, "pol1": -0.28228816554463054, "pol2": 0.5418351434798521, "pol3": -0.7917135440544476, "pol4": -0.9504183458591491, "v0s": 4.493321476578067}, "datetime": {"datetime": "2022-05-17 02:19:36", "elapsed": 23791.35267, "delta": 17.788423}}
{"target": 3.782492314580243, "params": {"Bgrad": 2.0, "d1": -1.8237012371699635, "d2": 1.0, "d3": -1.0616386570265268, "d4": -2.955822004557124, "p1": 28.514358331580812, "p2": 29.230596999576797, "p3": 7.320964311452063, "p4": 44.12405581475685, "pol1": 1.0, "pol2": -1.0, "pol3": 0.5473611660666973, "pol4": -0.12398017623092485, "v0s": 3.782492314580243}, "datetime": {"datetime": "2022-05-17 02:19:55", "elapsed": 23810.94028, "delta": 19.58761}}
{"target": 2.0441947662090154, "params": {"Bgrad": 1.853635469193867, "d1": 0.1659483481531625, "d2": 0.05083843536065391, "d3": -1.0195144147128934, "d4": -2.930783068283202, "p1": 5.791230559149802, "p2": 25.24774560765372, "p3": 43.69534569128733, "p4": 21.96475293307133, "pol1": 0.30645476945974326, "pol2": -0.7980614656766134, "pol3": -0.439429445864169, "pol4": -0.9648849028783273, "v0s": 2.0441947662090154}, "datetime": {"datetime": "2022-05-17 02:20:12", "elapsed": 23827.999653, "delta": 17.059373}}
{"target": 4.506853475199277, "params": {"Bgrad": 0.9961959765879337, "d1": -3.0, "d2": 0.7081505912596538, "d3": -2.0278676196163574, "d4": -1.8104932372607392, "p1": 32.455589617123586, "p2": 6.02241181448364, "p3": 36.42970322282484, "p4": 29.93282526580844, "pol1": 0.4201998885598963, "pol2": -0.2597968337199762, "pol3": 0.24587345780393907, "pol4": 0.10335660170076641, "v0s": 4.506853475199277}, "datetime": {"datetime": "2022-05-17 02:20:38", "elapsed": 23853.470528, "delta": 25.470875}}
{"target": 4.896990220377111, "params": {"Bgrad": 1.4666618911230926, "d1": -3.0, "d2": 0.38133616639439794, "d3": -1.8359374559924002, "d4": -1.4184672059293968, "p1": 28.618328890808623, "p2": 10.547308244057682, "p3": 12.075809980926826, "p4": 26.36345111951928, "pol1": 0.14584774247677582, "pol2": 0.6123040876583002, "pol3": -0.0414747297602846, "pol4": -0.009853628549684178, "v0s": 4.896990220377111}, "datetime": {"datetime": "2022-05-17 02:20:56", "elapsed": 23871.398577, "delta": 17.928049}}
{"target": 4.331097224984359, "params": {"Bgrad": 2.0, "d1": -3.0, "d2": 1.0, "d3": -2.302368133687262, "d4": -1.8456694828821705, "p1": 30.19160527661894, "p2": 11.63857118738581, "p3": 34.3051835852472, "p4": 25.95739075619426, "pol1": 0.21742246977929902, "pol2": 0.42766307238559603, "pol3": 0.7068024864463589, "pol4": -0.04535699907971896, "v0s": 4.331097224984359}, "datetime": {"datetime": "2022-05-17 02:21:11", "elapsed": 23886.631834, "delta": 15.233257}}
{"target": -1.0, "params": {"Bgrad": 1.7535181992036553, "d1": 0.11755765494527148, "d2": -0.5653412988128577, "d3": -2.266794833769764, "d4": -0.825806365100088, "p1": 3.1110518670342424, "p2": 29.58132984364466, "p3": 29.603199451694344, "p4": 41.67036606669387, "pol1": -0.23595576668139517, "pol2": 0.5462463162097921, "pol3": 0.6504584369479238, "pol4": 0.3177728791239398, "v0s": 3.7102676403660158}, "datetime": {"datetime": "2022-05-17 02:21:31", "elapsed": 23906.495705, "delta": 19.863871}}
{"target": 3.475495822765743, "params": {"Bgrad": 1.5735960711858161, "d1": -2.1981296221186324, "d2": 0.7380798119586314, "d3": -0.8186754926042545, "d4": 0.15337067017632133, "p1": 1.4499728187944483, "p2": 35.52357581536439, "p3": 30.284963776699907, "p4": 37.70508101222262, "pol1": 0.8125286621924079, "pol2": 0.25310169149982675, "pol3": 0.2667833929573431, "pol4": 0.7251599406546612, "v0s": 3.475495822765743}, "datetime": {"datetime": "2022-05-17 02:21:54", "elapsed": 23929.258823, "delta": 22.763118}}
{"target": 4.439311395693581, "params": {"Bgrad": 1.6507003320113733, "d1": -2.2092904688302593, "d2": -0.20560081305748712, "d3": -1.601018233764857, "d4": -2.023567939776076, "p1": 0.7048819035659959, "p2": 30.849728395412868, "p3": 18.927853922955073, "p4": 11.308331878564386, "pol1": -0.9157667795679112, "pol2": 0.5808971265934066, "pol3": -0.7698315932922613, "pol4": 0.30853878188403816, "v0s": 4.439311395693581}, "datetime": {"datetime": "2022-05-17 02:22:12", "elapsed": 23947.411272, "delta": 18.152449}}
