{"target": 2.0038652697274175, "params": {"Bgrad": 1.4174501211865465, "d1": -2.356678480672262, "d2": 0.1579942295415364, "d3": -2.8453827992065586, "d4": -2.4685874526410507, "p1": 6.656782602035477, "p2": 8.421813833800673, "p3": 36.00606167993423, "p4": 29.372271716757105, "pol1": 0.8310553326303245, "pol2": -0.3036351704687039, "pol3": -0.5147887573396086, "pol4": -0.33958344814364816, "v0s": 2.0038652697274175}, "datetime": {"datetime": "2022-06-24 04:32:36", "elapsed": 1075.646639, "delta": 5.738254}}
{"target": -1.0, "params": {"Bgrad": 0.6088111711499535, "d1": -0.15074194787909345, "d2": -0.13626534389980982, "d3": -2.035060660178056, "d4": 0.2227379705847512, "p1": 7.917793822501978, "p2": 10.480908831664927, "p3": 37.67811078006894, "p4": 29.389985299081122, "pol1": -0.06073265570874975, "pol2": -0.5295967886110364, "pol3": -0.6556880554464253, "pol4": 0.36332410865924825, "v0s": 4.822458277542765}, "datetime": {"datetime": "2022-06-24 04:32:42", "elapsed": 1081.239287, "delta": 5.592648}}
{"target": -1.0, "params": {"Bgrad": 1.1318285113843831, "d1": -0.5827339833039038, "d2": 0.1611548829954268, "d3": -0.9118729137705754, "d4": -0.1702067893315995, "p1": 0.8468109686436964, "p2": 7.004047121329371, "p3": 38.05302509193355, "p4": 28.65906662455805, "pol1": -0.9311967923880735, "pol2": 0.4626649038304955, "pol3": -0.13253663975277186, "pol4": 0.4908790297833112, "v0s": 3.930711677345641}, "datetime": {"datetime": "2022-06-24 04:33:29", "elapsed": 1128.707671, "delta": 47.468384}}
{"target": 3.5131210205294923, "params": {"Bgrad": 0.6438034282710912, "d1": -0.5534731449475983, "d2": -2.8523775328706633, "d3": -1.0157024919054205, "d4": -2.7243974253175542, "p1": 3.019030788548643, "p2": 9.114378910231752, "p3": 36.30429845785804, "p4": 27.240669603668632, "pol1": 0.479714391267686, "pol2": -0.7609451284278939, "pol3": -0.2704119482228866, "pol4": 0.5613897175303488, "v0s": 3.5131210205294923}, "datetime": {"datetime": "2022-06-24 04:33:33", "elapsed": 1132.410826, "delta": 3.703155}}
{"target": 2.2487216404171226, "params": {"Bgrad": 1.4013455232640977, "d1": 0.0758147455028726, "d2": -2.101545731794322, "d3": -0.5459337247960625, "d4": -2.789802085605616, "p1": 3.993237349886586, "p2": 9.477225126539562, "p3": 36.858403363729956, "p4": 25.133301435088224, "pol1": 0.3166388757276224, "pol2": -0.41046371277181515, "pol3": -0.33487077789439024, "pol4": -0.12724688191246813, "v0s": 2.2487216404171226}, "datetime": {"datetime": "2022-06-24 04:33:37", "elapsed": 1136.501939, "delta": 4.091113}}
{"target": -1.0, "params": {"Bgrad": 0.5354866770241664, "d1": -0.20173620344809695, "d2": -1.1639256848232056, "d3": 0.613983996331759, "d4": -2.1780112314834694, "p1": 11.96971790154857, "p2": 3.0310355165461433, "p3": 28.381028890864346, "p4": 21.0325446571757, "pol1": -0.8173223592664365, "pol2": 0.7161618744751663, "pol3": -0.2132017978294447, "pol4": -0.3327042049982374, "v0s": 2.820820600800362}, "datetime": {"datetime": "2022-06-24 04:33:45", "elapsed": 1144.748054, "delta": 8.246115}}
{"target": 3.1350893676763727, "params": {"Bgrad": 1.1254835664450633, "d1": -2.951119515271091, "d2": -0.21154841595539953, "d3": -0.11940933175777158, "d4": -0.5014175966146133, "p1": 1.268027608721567, "p2": 12.231791122528312, "p3": 34.436395079322565, "p4": 28.198791929033266, "pol1": 0.8023081210046998, "pol2": 0.4252995825652719, "pol3": -0.19470141542292985, "pol4": 0.22267249106120368, "v0s": 3.1350893676763727}, "datetime": {"datetime": "2022-06-24 04:33:50", "elapsed": 1150.068924, "delta": 5.32087}}
{"target": -1.0, "params": {"Bgrad": 1.8601951101086918, "d1": -1.8443230291533514, "d2": 0.028372122452337223, "d3": -1.5657066168498557, "d4": 0.7101129078479396, "p1": 12.881239823623408, "p2": 3.634373358832177, "p3": 30.536109159509788, "p4": 21.598411536010374, "pol1": -0.0900108307036227, "pol2": 0.038554834044033814, "pol3": 0.6780476542676916, "pol4": 0.6897403227966352, "v0s": 7.513522893994762}, "datetime": {"datetime": "2022-06-24 04:34:02", "elapsed": 1161.404369, "delta": 11.335445}}
{"target": 3.5922041578434003, "params": {"Bgrad": 1.636266474219503, "d1": -2.3058580547281964, "d2": 0.24835057416319017, "d3": -1.6251164554892945, "d4": -1.398671815021411, "p1": 7.245800755454724, "p2": 7.091524278289574, "p3": 35.31624435461111, "p4": 31.253410854659403, "pol1": -0.47110513404773857, "pol2": 0.23707540863110355, "pol3": 0.3862752176211095, "pol4": 0.9309351992037507, "v0s": 3.5922041578434003}, "datetime": {"datetime": "2022-06-24 04:34:06", "elapsed": 1165.803198, "delta": 4.398829}}
{"target": 4.0979170629940755, "params": {"Bgrad": 1.1404467327128658, "d1": -2.67318808524404, "d2": -0.5714155102260747, "d3": -0.2871058234317072, "d4": -1.5114986562814674, "p1": 4.888273021160833, "p2": 8.849482792296564, "p3": 36.69959713556173, "p4": 26.911043869013067, "pol1": 0.034383908655857276, "pol2": -0.029939708794642916, "pol3": 0.15199977497425143, "pol4": -0.6428870396905757, "v0s": 4.0979170629940755}, "datetime": {"datetime": "2022-06-24 04:34:11", "elapsed": 1170.628897, "delta": 4.825699}}
{"target": -1.0, "params": {"Bgrad": 1.3563831383457527, "d1": 0.07288842135875706, "d2": -1.778504787013297, "d3": -0.9891072342186393, "d4": -2.0292860007868825, "p1": 3.626079005063759, "p2": 6.680727193162406, "p3": 35.31318293584789, "p4": 29.618417671213027, "pol1": -0.6428248645552384, "pol2": 0.15163826467785135, "pol3": 0.5034954028349481, "pol4": 0.452304185548285, "v0s": 2.3190135122139024}, "datetime": {"datetime": "2022-06-24 04:34:17", "elapsed": 1176.975562, "delta": 6.346665}}
{"target": 4.6305664364752, "params": {"Bgrad": 0.5956624568273834, "d1": -2.6701927121895555, "d2": -0.3026691865366171, "d3": -1.054133469254194, "d4": 0.5343111528381943, "p1": 5.755528084414924, "p2": 7.704483641823484, "p3": 37.49959250762846, "p4": 28.72054112844481, "pol1": -0.2305515336248436, "pol2": -0.386607293207083, "pol3": 0.5529980095886993, "pol4": 0.8407568515027402, "v0s": 4.6305664364752}, "datetime": {"datetime": "2022-06-24 04:34:21", "elapsed": 1180.565528, "delta": 3.589966}}
{"target": -1.0, "params": {"Bgrad": 0.547100938566017, "d1": -2.0697807488098094, "d2": -2.7002637064670334, "d3": -2.7034735381021293, "d4": 0.3556562459907342, "p1": 9.768624555469142, "p2": 3.246476000225779, "p3": 35.605458369355254, "p4": 20.831431811162755, "pol1": -0.7149609285874805, "pol2": -0.24284409177370625, "pol3": 0.711932819539659, "pol4": -0.9148372110920828, "v0s": 3.0268641150228963}, "datetime": {"datetime": "2022-06-24 04:34:29", "elapsed": 1188.791695, "delta": 8.226167}}
{"target": -1.0, "params": {"Bgrad": 1.4738213378658365, "d1": -2.957101296447692, "d2": -2.121755344987016, "d3": -1.1204979818888074, "d4": -1.8716900727650558, "p1": 4.709188259032443, "p2": 11.474030354774017, "p3": 38.84738498013966, "p4": 26.555995221150386, "pol1": 0.8479309160997823, "pol2": 0.7333076170892516, "pol3": 0.08538102710416262, "pol4": -0.27037093770530407, "v0s": 4.461265183521959}, "datetime": {"datetime": "2022-06-24 04:34:40", "elapsed": 1199.753036, "delta": 10.961341}}
{"target": -1.0, "params": {"Bgrad": 1.0794983047667526, "d1": 0.2931806366466714, "d2": 0.18308511340485767, "d3": -0.3930447208608858, "d4": -2.454502812644744, "p1": 9.163235391473085, "p2": 11.562387889650621, "p3": 33.96748933427399, "p4": 28.765215419876483, "pol1": -0.6036298947506726, "pol2": -0.17636664252028256, "pol3": 0.48545079002947, "pol4": -0.1292070739049962, "v0s": 3.3679459801818186}, "datetime": {"datetime": "2022-06-24 04:34:52", "elapsed": 1211.523385, "delta": 11.770349}}
{"target": 3.9743514417514345, "params": {"Bgrad": 0.8958054387184919, "d1": -1.651031386479856, "d2": 0.2873852373021932, "d3": -0.5810261764493114, "d4": -0.39966373617219814, "p1": 3.7806566886038033, "p2": 11.184381080465513, "p3": 34.986334542224455, "p4": 28.57312724098313, "pol1": 0.49264648204172645, "pol2": -0.44059731241274286, "pol3": -0.44524464338758485, "pol4": 0.31770842012476946, "v0s": 3.9743514417514345}, "datetime": {"datetime": "2022-06-24 04:34:57", "elapsed": 1216.34659, "delta": 4.823205}}
{"target": 3.7822190181784823, "params": {"Bgrad": 1.8869181206037835, "d1": -0.6863702793422681, "d2": -0.19484812567874643, "d3": -2.012417188115376, "d4": 0.2240907008339379, "p1": 5.817562692653916, "p2": 9.02611513037741, "p3": 35.27144812046233, "p4": 30.269721517451092, "pol1": 0.47978698503716677, "pol2": 0.8532081181351641, "pol3": -0.532667502173354, "pol4": 0.8649681013655828, "v0s": 3.7822190181784823}, "datetime": {"datetime": "2022-06-24 04:35:03", "elapsed": 1222.405552, "delta": 6.058962}}
{"target": -1.0, "params": {"Bgrad": 1.2929830515775749, "d1": -2.3898940019191826, "d2": -2.4643869650501147, "d3": -2.066220786294004, "d4": -2.5715480893577563, "p1": 5.3379519357582, "p2": 9.835255905865568, "p3": 36.171716010141154, "p4": 27.946894605796917, "pol1": -0.5278516556204521, "pol2": -0.7669076377012112, "pol3": 0.08611862152129524, "pol4": -0.08364140109402973, "v0s": 3.3047517330260274}, "datetime": {"datetime": "2022-06-24 04:35:12", "elapsed": 1231.330356, "delta": 8.924804}}
{"target": -1.0, "params": {"Bgrad": 1.8160407120422188, "d1": -1.209243999417486, "d2": 0.1378296751676924, "d3": -1.1721371977537984, "d4": -0.3750826731314745, "p1": 6.592048751375107, "p2": 21.649075348382407, "p3": 45.465599432746835, "p4": 30.273950051546734, "pol1": 0.5335491744742042, "pol2": 0.009401216191788686, "pol3": -0.003888750343985059, "pol4": 0.6857996803856998, "v0s": 2.4068416060457225}, "datetime": {"datetime": "2022-06-24 04:35:22", "elapsed": 1241.163728, "delta": 9.833372}}
{"target": -1.0, "params": {"Bgrad": 1.359908407324527, "d1": 0.7710503017317971, "d2": -0.9285598073107124, "d3": -2.222136761888462, "d4": 0.39175756977390463, "p1": 12.58195711779264, "p2": 35.036301824126895, "p3": 27.013047019844993, "p4": 47.44181441401098, "pol1": 0.24867340480535183, "pol2": 0.6759559240954587, "pol3": -0.9841342476109538, "pol4": 0.978680112333276, "v0s": 2.466287421994319}, "datetime": {"datetime": "2022-06-24 04:35:34", "elapsed": 1253.521503, "delta": 12.357775}}
{"target": -1.0, "params": {"Bgrad": 0.9831942704221543, "d1": 0.7846095818270613, "d2": -2.9642435905150197, "d3": 0.2909200216877421, "d4": 0.4448465534671775, "p1": 21.991540710428627, "p2": 12.78725969029656, "p3": 40.13447598166493, "p4": 23.893100221611057, "pol1": -0.7313227826886077, "pol2": 0.8556979856500215, "pol3": 0.7919399340132969, "pol4": -0.016909699966129343, "v0s": 7.140214979106753}, "datetime": {"datetime": "2022-06-24 04:35:43", "elapsed": 1262.752029, "delta": 9.230526}}
{"target": -1.0, "params": {"Bgrad": 1.127867038646148, "d1": -0.2661403993347955, "d2": -1.4080374423683102, "d3": -0.9770319301967585, "d4": -2.241793188664291, "p1": 48.249446205545695, "p2": 14.710784412212735, "p3": 5.172977805820067, "p4": 7.215770011452404, "pol1": -0.9718154116151141, "pol2": 0.431891398924789, "pol3": 0.1289966404817482, "pol4": 0.5891567023695043, "v0s": 5.042479539704819}, "datetime": {"datetime": "2022-06-24 04:35:53", "elapsed": 1272.630838, "delta": 9.878809}}
{"target": -1.0, "params": {"Bgrad": 1.6877315592562308, "d1": -0.21694314291264227, "d2": 0.11139390743670141, "d3": -1.3740685240916548, "d4": -0.4089174672500753, "p1": 8.98971488464872, "p2": 16.0909981693952, "p3": 8.630231005989625, "p4": 20.43186125066312, "pol1": -0.5171625040688024, "pol2": -0.18615601174128416, "pol3": 0.9504446848746242, "pol4": -0.35936134835593747, "v0s": 7.894945669849372}, "datetime": {"datetime": "2022-06-24 04:36:02", "elapsed": 1281.559664, "delta": 8.928826}}
{"target": 5.264728301512143, "params": {"Bgrad": 1.4544591887839753, "d1": -1.499635926424356, "d2": 0.42993799633438634, "d3": -0.5216530425257049, "d4": -1.9918676794766426, "p1": 39.64278389884438, "p2": 21.646925436708152, "p3": 17.87555836652207, "p4": 16.513846826254046, "pol1": 0.39473775122627885, "pol2": -0.4626997521875469, "pol3": 0.6165560274107602, "pol4": -0.4094224112003044, "v0s": 5.264728301512143}, "datetime": {"datetime": "2022-06-24 04:36:09", "elapsed": 1288.746556, "delta": 7.186892}}
{"target": -1.0, "params": {"Bgrad": 1.2318822377078036, "d1": 0.42142565038147906, "d2": 0.5535457375815436, "d3": -2.262462230528933, "d4": -0.6586061642469958, "p1": 44.910252300856854, "p2": 22.305860951721485, "p3": 46.09341527419077, "p4": 13.949544522848544, "pol1": 0.21766234838759146, "pol2": 0.3649074195336308, "pol3": -0.5435885332990318, "pol4": -0.9724649748845664, "v0s": 4.500343774224176}, "datetime": {"datetime": "2022-06-24 04:36:24", "elapsed": 1303.484458, "delta": 14.737902}}
{"target": 4.231532730006124, "params": {"Bgrad": 1.907722837785101, "d1": -1.6278875606783738, "d2": 0.11897718193039974, "d3": -2.3010547486903703, "d4": -1.6321886547901903, "p1": 7.229886041904837, "p2": 35.8385407073188, "p3": 34.96538118484071, "p4": 34.42486589744594, "pol1": -0.4932079310274007, "pol2": 0.38472024324681775, "pol3": -0.5454049181681009, "pol4": -0.1507017681373206, "v0s": 4.231532730006124}, "datetime": {"datetime": "2022-06-24 04:36:30", "elapsed": 1309.769809, "delta": 6.285351}}
{"target": 4.9837351155170975, "params": {"Bgrad": 1.0329618674301833, "d1": -2.7693807710349745, "d2": -0.47341349253624143, "d3": -0.17073358927320204, "d4": -0.5456452219886576, "p1": 32.41563780815623, "p2": 8.497035710862889, "p3": 7.472339946943124, "p4": 25.70875217629414, "pol1": 0.7506654527090781, "pol2": -0.6320931169055559, "pol3": -0.07432176258348022, "pol4": -0.14213533194019412, "v0s": 4.9837351155170975}, "datetime": {"datetime": "2022-06-24 04:36:37", "elapsed": 1316.792114, "delta": 7.022305}}
{"target": 2.7485078004150756, "params": {"Bgrad": 0.7422661557290179, "d1": -1.6302374354607578, "d2": -1.9524783835859192, "d3": 0.37810777291791586, "d4": 0.20132898310560687, "p1": 21.33195791340718, "p2": 30.350773039451944, "p3": 7.273280513310998, "p4": 25.48066471087793, "pol1": -0.4061058284261909, "pol2": 0.7193019071384021, "pol3": 0.3431967618127798, "pol4": 0.26694802524484196, "v0s": 2.7485078004150756}, "datetime": {"datetime": "2022-06-24 04:36:40", "elapsed": 1319.750294, "delta": 2.95818}}
{"target": -1.0, "params": {"Bgrad": 1.2058818192483285, "d1": 0.946291118347526, "d2": 0.7931966962906603, "d3": -0.4196574389582257, "d4": -2.3931005158721055, "p1": 31.95634243599525, "p2": 28.283105627196374, "p3": 23.4332918830626, "p4": 21.401873473413506, "pol1": 0.19853951131606018, "pol2": 0.6999397770319309, "pol3": 0.5022420807438748, "pol4": 0.1587210805944661, "v0s": 7.548225089216168}, "datetime": {"datetime": "2022-06-24 04:36:49", "elapsed": 1328.379353, "delta": 8.629059}}
{"target": -1.0, "params": {"Bgrad": 0.5971099751623232, "d1": 0.9653860349272363, "d2": -2.788021829328042, "d3": -2.2020178154457546, "d4": -1.3089893534217563, "p1": 5.3754438092583845, "p2": 31.183520549885092, "p3": 2.399628202443366, "p4": 14.231194050347106, "pol1": -0.8779266377606578, "pol2": 0.40703866221016227, "pol3": 0.336912335178964, "pol4": -0.24283881349879555, "v0s": 3.129165560178927}, "datetime": {"datetime": "2022-06-24 04:36:56", "elapsed": 1335.168341, "delta": 6.788988}}
{"target": 4.186268422209382, "params": {"Bgrad": 1.6205072435449177, "d1": -1.638482836938131, "d2": 0.1812046696225713, "d3": -1.0483962432815188, "d4": -0.8973222225960824, "p1": 1.4245424745783608, "p2": 32.21160099395159, "p3": 17.53282512160837, "p4": 11.460251364603286, "pol1": -0.13223324757659882, "pol2": -0.23506508545816485, "pol3": -0.06042191982727951, "pol4": 0.9589667083596127, "v0s": 4.186268422209382}, "datetime": {"datetime": "2022-06-24 04:37:01", "elapsed": 1340.254338, "delta": 5.085997}}
{"target": -1.0, "params": {"Bgrad": 1.6616152000040592, "d1": -0.78892961380043, "d2": 0.5565243564299314, "d3": -1.580188595401712, "d4": -2.01792527925397, "p1": 45.55096198284841, "p2": 2.1767131878882684, "p3": 47.53767140305011, "p4": 27.820345783546262, "pol1": -0.247273566625825, "pol2": 0.9901046446782222, "pol3": -0.8832747077047367, "pol4": 0.03341271953522429, "v0s": 2.186582452733287}, "datetime": {"datetime": "2022-06-24 04:37:04", "elapsed": 1343.233456, "delta": 2.979118}}
{"target": -1.0, "params": {"Bgrad": 1.3567636087793502, "d1": -2.2781259640195377, "d2": -0.47616319864187817, "d3": 0.9236947030023259, "d4": 0.4996102048495237, "p1": 22.591812471043532, "p2": 35.42304350258586, "p3": 38.87343750015946, "p4": 24.74215420912818, "pol1": 0.05706698035513025, "pol2": -0.6984312032556148, "pol3": -0.26120014877618747, "pol4": -0.7155574938544267, "v0s": 6.361362520067376}, "datetime": {"datetime": "2022-06-24 04:37:14", "elapsed": 1353.742025, "delta": 10.508569}}
{"target": -1.0, "params": {"Bgrad": 1.215519491603395, "d1": -1.2044846531729378, "d2": 0.5439918846614051, "d3": -0.8895249107537544, "d4": -1.3636366723325604, "p1": 13.444601110632293, "p2": 3.6006017584884975, "p3": 20.90680668626579, "p4": 1.2876741203291686, "pol1": -0.4176921188951439, "pol2": 0.007019019696792972, "pol3": 0.9318661300394446, "pol4": -0.7812341716128308, "v0s": 6.038246325299732}, "datetime": {"datetime": "2022-06-24 04:37:25", "elapsed": 1364.775739, "delta": 11.033714}}
{"target": -1.0, "params": {"Bgrad": 1.2498985566488, "d1": 0.10839291710313192, "d2": -2.425572008503163, "d3": -2.667189454256498, "d4": -1.4031255785901848, "p1": 39.84811259899501, "p2": 9.583786945494504, "p3": 38.3888596073637, "p4": 14.51489985309341, "pol1": -0.5662170247764093, "pol2": -0.9665688218459871, "pol3": -0.20268188015524258, "pol4": -0.23783701741309526, "v0s": 5.956069617172188}, "datetime": {"datetime": "2022-06-24 04:37:34", "elapsed": 1373.424242, "delta": 8.648503}}
{"target": 2.4220006496931514, "params": {"Bgrad": 0.6063776007055808, "d1": -2.3895840518309126, "d2": -2.9336964683962634, "d3": -2.5448145742103727, "d4": -0.3928428959596384, "p1": 20.13284260874596, "p2": 16.05131570836579, "p3": 27.895599712188623, "p4": 49.6730231549925, "pol1": 0.6689730280360593, "pol2": 0.39924636479916775, "pol3": 0.8365171782641159, "pol4": -0.9205425866338304, "v0s": 2.4220006496931514}, "datetime": {"datetime": "2022-06-24 04:37:37", "elapsed": 1376.929951, "delta": 3.505709}}
{"target": -1.0, "params": {"Bgrad": 1.211009434982082, "d1": -1.6033303481716907, "d2": 0.7490082485137957, "d3": -1.0417401554193257, "d4": -0.8414035596265976, "p1": 44.76301828656104, "p2": 22.331752291184525, "p3": 43.8517194635176, "p4": 12.679087468581418, "pol1": -0.45238059168378286, "pol2": -0.34327721982481973, "pol3": 0.09512854096190693, "pol4": -0.5597426519460376, "v0s": 6.02857502648764}, "datetime": {"datetime": "2022-06-24 04:37:49", "elapsed": 1388.290313, "delta": 11.360362}}
{"target": 4.036500344105657, "params": {"Bgrad": 0.7141899242045007, "d1": -2.6235989020014423, "d2": 0.4807669848215106, "d3": -2.052525185772006, "d4": -1.455983955909618, "p1": 28.577104636266615, "p2": 26.2900984975735, "p3": 3.8011939721053434, "p4": 43.706296779901415, "pol1": 0.9022712368373842, "pol2": 0.6250146083493435, "pol3": -0.43239633010625145, "pol4": 0.055693592235918965, "v0s": 4.036500344105657}, "datetime": {"datetime": "2022-06-24 04:37:52", "elapsed": 1391.612491, "delta": 3.322178}}
{"target": -1.0, "params": {"Bgrad": 1.3320009661815, "d1": 0.8976138756520102, "d2": -1.7531883291240744, "d3": -0.32481357630852115, "d4": -1.6961311707640565, "p1": 38.72386330075398, "p2": 16.290498330660242, "p3": 44.491367072368746, "p4": 37.58538604596334, "pol1": 0.5252641908902214, "pol2": -0.061041942880148525, "pol3": -0.5784709950625893, "pol4": -0.9170498408470023, "v0s": 3.930972799821467}, "datetime": {"datetime": "2022-06-24 04:38:02", "elapsed": 1401.122213, "delta": 9.509722}}
{"target": -1.0, "params": {"Bgrad": 0.5556689967409916, "d1": -0.2245783545044011, "d2": -0.3185998722553265, "d3": -1.2781128690201, "d4": 0.071155910632692, "p1": 26.800424736978183, "p2": 1.9929963317726285, "p3": 6.739655898033953, "p4": 9.670819950745917, "pol1": -0.32867239767070044, "pol2": -0.8953741071250465, "pol3": 0.21023356100073243, "pol4": 0.0241220550478376, "v0s": 5.704766072102936}, "datetime": {"datetime": "2022-06-24 04:38:08", "elapsed": 1407.234985, "delta": 6.112772}}
{"target": -1.0, "params": {"Bgrad": 1.1485333921465162, "d1": 0.3908018729497509, "d2": -1.1837637757633948, "d3": -2.9383859208323164, "d4": 0.4922725937883978, "p1": 32.81007738720494, "p2": 41.15015203242355, "p3": 47.588784651692585, "p4": 2.5456191758443603, "pol1": -0.5298562718179709, "pol2": -0.8733131130873204, "pol3": -0.15668422793509817, "pol4": 0.7276582910029039, "v0s": 2.489743896290409}, "datetime": {"datetime": "2022-06-24 04:38:19", "elapsed": 1418.181942, "delta": 10.946957}}
{"target": -1.0, "params": {"Bgrad": 1.2096679293288177, "d1": -2.4978275607651055, "d2": 0.09154240866847108, "d3": 0.3656886271833737, "d4": -2.8268362472553656, "p1": 24.322037158519738, "p2": 11.970552206887797, "p3": 47.62368908466296, "p4": 47.19463138918981, "pol1": 0.22786800476940172, "pol2": 0.9469747946503926, "pol3": -0.310277312567498, "pol4": 0.7957014353353635, "v0s": 4.607569840451057}, "datetime": {"datetime": "2022-06-24 04:38:31", "elapsed": 1430.482766, "delta": 12.300824}}
{"target": -1.0, "params": {"Bgrad": 0.8537219557212705, "d1": 0.7633118528055975, "d2": -0.2631277960670899, "d3": -2.7403536586434827, "d4": 0.48169942729226456, "p1": 35.069014731667316, "p2": 30.246343648714085, "p3": 36.61874495896652, "p4": 12.671952124989039, "pol1": 0.20097791054908876, "pol2": 0.6292383625233107, "pol3": -0.8917726793520002, "pol4": -0.7389786573214681, "v0s": 7.054674859738482}, "datetime": {"datetime": "2022-06-24 04:38:38", "elapsed": 1437.129112, "delta": 6.646346}}
