{"target": 3.1600759386830792, "params": {"Bgrad": 0.7736801096258648, "d1": -0.83990476417162, "d2": 0.06788378424143948, "d3": -2.3102312571601975, "d4": -2.402117123480336, "p1": 7.748581731187942, "p2": 37.51569512958171, "p3": 35.60067003525187, "p4": 35.35427655705192, "pol1": 0.8984457851706951, "pol2": 0.8051098644023336, "pol3": 0.4984404086092744, "pol4": 0.3555194443244263, "v0s": 3.1600759386830792}, "datetime": {"datetime": "2022-05-16 21:26:22", "elapsed": 6198.056144, "delta": 5.206076}}
{"target": -1.0, "params": {"Bgrad": 1.8771314278801334, "d1": -0.7988689936405673, "d2": 0.4654950532006499, "d3": 0.233239137228062, "d4": -2.288537813240274, "p1": 8.216689960413309, "p2": 35.49081212372518, "p3": 43.30749669513626, "p4": 34.4886092899452, "pol1": -0.36122081534818107, "pol2": -0.7823989733740695, "pol3": 0.5888760396449904, "pol4": -0.14694676141537522, "v0s": 5.827819567951939}, "datetime": {"datetime": "2022-05-16 21:28:43", "elapsed": 6338.275111, "delta": 140.218967}}
{"target": 4.196273417631038, "params": {"Bgrad": 1.6145632807411667, "d1": -0.5181370970808812, "d2": 0.46537251266672114, "d3": -2.442202068269958, "d4": -2.901680332235148, "p1": 29.282932241386426, "p2": 9.97762912921509, "p3": 38.070006674576135, "p4": 28.884406820332284, "pol1": 1.0, "pol2": -0.2869991488110814, "pol3": -0.7517816386516427, "pol4": 0.06439288702149072, "v0s": 4.196273417631038}, "datetime": {"datetime": "2022-05-16 21:28:48", "elapsed": 6343.620813, "delta": 5.345702}}
{"target": 3.8487909443010535, "params": {"Bgrad": 1.1239770239592461, "d1": -2.765514474667331, "d2": 0.19682568031410774, "d3": -0.779075273038738, "d4": -2.101997815754781, "p1": 28.076963969354647, "p2": 9.2811669282522, "p3": 37.676167282653374, "p4": 30.43232869098648, "pol1": 0.188763303966746, "pol2": -0.3373742612887203, "pol3": -0.38491909562347604, "pol4": 0.5002130315450715, "v0s": 3.8487909443010535}, "datetime": {"datetime": "2022-05-16 21:28:55", "elapsed": 6350.692898, "delta": 7.072085}}
{"target": -1.0, "params": {"Bgrad": 1.5417971642511892, "d1": -2.395079923787513, "d2": 0.4097542062954167, "d3": 0.16682484260232844, "d4": -2.6525612402487955, "p1": 27.153418216221958, "p2": 25.228770744872325, "p3": 4.809099083229906, "p4": 42.62721300789899, "pol1": -0.6905668859675829, "pol2": 0.4760831897198676, "pol3": -0.431877396877725, "pol4": -0.4834236550358133, "v0s": 2.076716998468284}, "datetime": {"datetime": "2022-05-16 21:29:06", "elapsed": 6362.072462, "delta": 11.379564}}
{"target": 3.6785925125492422, "params": {"Bgrad": 0.6903956316518188, "d1": -1.1382031593441386, "d2": 0.8590180737343074, "d3": -0.9843458570665722, "d4": -2.8838471941914294, "p1": 8.998170344697776, "p2": 34.39676034153087, "p3": 40.91188899815862, "p4": 31.85017402248713, "pol1": -0.22823279933777663, "pol2": 0.23168058777697143, "pol3": 0.9694145891407562, "pol4": -0.3684606812204483, "v0s": 3.6785925125492422}, "datetime": {"datetime": "2022-05-16 21:29:11", "elapsed": 6367.095028, "delta": 5.022566}}
{"target": -1.0, "params": {"Bgrad": 1.3637372897590485, "d1": 0.1861466704502699, "d2": -0.9155009322130643, "d3": -0.5147171486799085, "d4": -1.7437774516249265, "p1": 10.086916427349957, "p2": 15.514577605789176, "p3": 7.8519597062760464, "p4": 27.924424712955737, "pol1": -0.13325431542254118, "pol2": 0.558315906222749, "pol3": -0.9201899135123126, "pol4": 0.640849914902333, "v0s": 3.611722229480133}, "datetime": {"datetime": "2022-05-16 21:29:23", "elapsed": 6378.506507, "delta": 11.411479}}
{"target": -1.0, "params": {"Bgrad": 0.6973288737148888, "d1": -0.3719235499632054, "d2": 0.7992416001611145, "d3": -1.0022185197819078, "d4": -2.049566386255203, "p1": 8.759039379617112, "p2": 33.707069941040196, "p3": 37.434821903501984, "p4": 35.33783157386272, "pol1": -0.09931166135409097, "pol2": -0.8028258716215011, "pol3": 0.36775734662769133, "pol4": 0.25854725760976915, "v0s": 2.6564300975930024}, "datetime": {"datetime": "2022-05-16 21:29:33", "elapsed": 6389.074242, "delta": 10.567735}}
{"target": 4.643892639586324, "params": {"Bgrad": 0.5034669091563461, "d1": -1.2818162139120153, "d2": 0.049992055212242814, "d3": -0.9294463065312599, "d4": -2.4762434496018577, "p1": 7.229351258204369, "p2": 34.61433046144589, "p3": 40.91891579883728, "p4": 34.890203088033026, "pol1": 0.22463421807717365, "pol2": -0.9974841666839678, "pol3": -0.6767349029628931, "pol4": 0.9115365961530568, "v0s": 4.643892639586324}, "datetime": {"datetime": "2022-05-16 21:29:38", "elapsed": 6393.41563, "delta": 4.341388}}
{"target": 4.757406065754222, "params": {"Bgrad": 1.831510557553569, "d1": -2.0125919512035395, "d2": 0.46019534393499617, "d3": -0.41283574343606366, "d4": -1.2488045509442602, "p1": 43.075947155917426, "p2": 26.194712799186746, "p3": 18.422755036346132, "p4": 13.21654948506934, "pol1": 0.3974000502243513, "pol2": 0.2946564607337929, "pol3": -0.18890312346111804, "pol4": 0.9576404843477668, "v0s": 4.757406065754222}, "datetime": {"datetime": "2022-05-16 21:29:46", "elapsed": 6402.071479, "delta": 8.655849}}
{"target": 4.394354331627467, "params": {"Bgrad": 1.1575804047778844, "d1": -2.8697896419212947, "d2": -0.38499805469276943, "d3": 0.7163641821060078, "d4": -0.8944221892438913, "p1": 34.30120800778796, "p2": 9.497363972185145, "p3": 7.850148867838092, "p4": 28.473854894583067, "pol1": 0.7689204906368309, "pol2": -0.37566676623587025, "pol3": -0.4889094162268463, "pol4": -0.19995141868210156, "v0s": 4.394354331627467}, "datetime": {"datetime": "2022-05-16 21:29:54", "elapsed": 6409.95639, "delta": 7.884911}}
{"target": 3.896744082222475, "params": {"Bgrad": 0.8794441306404981, "d1": -2.728156686471578, "d2": -0.8174544618366515, "d3": 1.0, "d4": -1.4981885077336403, "p1": 35.30533732884023, "p2": 9.559615121320347, "p3": 8.131385121803433, "p4": 28.48305309689907, "pol1": 0.6673622316751625, "pol2": -0.4790838902571417, "pol3": -0.912759744480804, "pol4": -0.11464631505344033, "v0s": 3.896744082222475}, "datetime": {"datetime": "2022-05-16 21:30:00", "elapsed": 6415.752886, "delta": 5.796496}}
{"target": 5.0441268856622425, "params": {"Bgrad": 1.1394659263829676, "d1": -2.2297958844188837, "d2": 1.0, "d3": -0.1803373792872663, "d4": -1.989423990636847, "p1": 45.52038268475846, "p2": 24.734740222035843, "p3": 21.901906489099904, "p4": 28.490967564164002, "pol1": -0.28357286937075293, "pol2": -0.536267891888961, "pol3": -0.15684263362218487, "pol4": -0.22103545700645277, "v0s": 5.0441268856622425}, "datetime": {"datetime": "2022-05-16 21:30:09", "elapsed": 6424.713919, "delta": 8.961033}}
{"target": 3.1364096647497646, "params": {"Bgrad": 1.0503798907286583, "d1": -0.7542624080169054, "d2": 0.2690420395168296, "d3": -0.788840965360297, "d4": -0.015964210411601787, "p1": 2.9518626894986912, "p2": 36.20841793223231, "p3": 34.44876136431575, "p4": 37.006224390001854, "pol1": -0.38645476214170227, "pol2": 0.7534403920239909, "pol3": 0.28281948809213464, "pol4": -0.3400392320692218, "v0s": 3.1364096647497646}, "datetime": {"datetime": "2022-05-16 21:30:16", "elapsed": 6431.31327, "delta": 6.599351}}
{"target": -1.0, "params": {"Bgrad": 1.5148908589913985, "d1": -2.2025845327406737, "d2": -0.2933102184915457, "d3": 0.2444368838323112, "d4": -2.4012260564719887, "p1": 9.534089128644007, "p2": 34.88330905079315, "p3": 40.77004797556144, "p4": 30.907673768717814, "pol1": -0.8069317204824693, "pol2": 0.8778858507608005, "pol3": -0.1379407354164328, "pol4": 0.24079939953447216, "v0s": 4.937118938352249}, "datetime": {"datetime": "2022-05-16 21:30:30", "elapsed": 6446.090744, "delta": 14.777474}}
{"target": -1.0, "params": {"Bgrad": 1.2420414665193722, "d1": 0.18460994366469086, "d2": -1.4616209732638037, "d3": -0.6715500921243889, "d4": -0.8982549234246022, "p1": 21.418473252291488, "p2": 5.7104608323237045, "p3": 46.06784836959177, "p4": 38.580846830811325, "pol1": -0.9542726659772458, "pol2": 0.020855777028025768, "pol3": 0.8657644522917192, "pol4": -0.572531169774136, "v0s": 4.542263058066447}, "datetime": {"datetime": "2022-05-16 21:30:42", "elapsed": 6457.954014, "delta": 11.86327}}
{"target": 4.563571806021174, "params": {"Bgrad": 1.0776928285203415, "d1": -1.419512275192941, "d2": 0.49131580520185403, "d3": -2.1433785875007136, "d4": -2.2380409850007417, "p1": 29.724636135717287, "p2": 10.471713026664819, "p3": 37.86992737731306, "p4": 29.604227222040002, "pol1": 0.29345066514467155, "pol2": -0.477552613643703, "pol3": -0.7586371410208431, "pol4": 0.09754871381859954, "v0s": 4.563571806021174}, "datetime": {"datetime": "2022-05-16 21:30:50", "elapsed": 6465.673368, "delta": 7.719354}}
{"target": 4.0549619165902, "params": {"Bgrad": 1.9341460586693375, "d1": -0.9467364345779186, "d2": 0.7363136990119248, "d3": -1.6168836847740335, "d4": -1.0635966475712304, "p1": 30.017799680611212, "p2": 8.891660193404928, "p3": 9.29254018798683, "p4": 24.166969332270572, "pol1": 0.40077428604794463, "pol2": 0.11681043928743406, "pol3": 0.7116028774501617, "pol4": -0.16601303730477457, "v0s": 4.0549619165902}, "datetime": {"datetime": "2022-05-16 21:30:56", "elapsed": 6472.138078, "delta": 6.46471}}
{"target": -1.0, "params": {"Bgrad": 0.8892682059479342, "d1": 0.7192812116152894, "d2": -0.46280073262971566, "d3": -1.3489067050439463, "d4": -1.3107566750490554, "p1": 9.335313329767297, "p2": 17.525510663680443, "p3": 7.159713376734855, "p4": 30.97768576407439, "pol1": -0.322214057168005, "pol2": 0.06397673814540106, "pol3": 0.5127003759087856, "pol4": -0.21741617257666812, "v0s": 4.900106467091129}, "datetime": {"datetime": "2022-05-16 21:31:08", "elapsed": 6483.602415, "delta": 11.464337}}
{"target": 4.185888290462181, "params": {"Bgrad": 1.573134075846006, "d1": -2.2504391797216963, "d2": 0.46856111030324443, "d3": -2.146408927851632, "d4": -2.3598345996553935, "p1": 28.724545493628057, "p2": 10.003694591698697, "p3": 37.44427091951282, "p4": 29.516598416324292, "pol1": 0.6237850692723811, "pol2": -0.03498803321148086, "pol3": -0.22843596338210806, "pol4": -0.2085138164825315, "v0s": 4.185888290462181}, "datetime": {"datetime": "2022-05-16 21:31:16", "elapsed": 6492.091709, "delta": 8.489294}}
{"target": -1.0, "params": {"Bgrad": 0.5758740863025689, "d1": -1.404952558805244, "d2": -1.3632115610410125, "d3": -0.9142425214861105, "d4": -0.9343795410049465, "p1": 28.733385977060006, "p2": 9.281849046265961, "p3": 39.10718332652835, "p4": 29.80645536559528, "pol1": -0.4873688709648607, "pol2": -0.6203410709763983, "pol3": 0.8615595442817767, "pol4": -0.42321771928497287, "v0s": 2.272237389700467}, "datetime": {"datetime": "2022-05-16 21:31:23", "elapsed": 6498.749901, "delta": 6.658192}}
{"target": -1.0, "params": {"Bgrad": 1.398896332659238, "d1": -2.40039693951142, "d2": 0.7787072344750374, "d3": -1.67337321491723, "d4": 0.9373601103997311, "p1": 43.18849052711723, "p2": 26.653754591240446, "p3": 16.126212781662414, "p4": 14.18450133729508, "pol1": 0.09761317792225355, "pol2": 0.3484371947229288, "pol3": 0.8443797840241996, "pol4": 0.9095891673684686, "v0s": 5.7362838803551774}, "datetime": {"datetime": "2022-05-16 21:31:35", "elapsed": 6510.648078, "delta": 11.898177}}
{"target": -1.0, "params": {"Bgrad": 0.7916129524525468, "d1": -0.5942321801160126, "d2": -0.5850410039175631, "d3": 0.7431747709512364, "d4": -1.9232927629889476, "p1": 6.832433054703996, "p2": 32.79364704228732, "p3": 41.42413234218662, "p4": 34.05624451897062, "pol1": -0.3481743598524849, "pol2": -0.8581380883744998, "pol3": 0.7674416928087526, "pol4": 0.2677146134318702, "v0s": 4.339669299940345}, "datetime": {"datetime": "2022-05-16 21:31:45", "elapsed": 6520.738091, "delta": 10.090013}}
{"target": 4.39788173543099, "params": {"Bgrad": 1.1192202436208902, "d1": -0.9440638436746547, "d2": 0.674046816033385, "d3": -1.3840288189286531, "d4": -1.3455683813529558, "p1": 0.9158817456530484, "p2": 31.188020782102907, "p3": 17.12108257706933, "p4": 11.827765364830144, "pol1": -0.3658516209792728, "pol2": -0.26314241934632304, "pol3": 0.25643789112632587, "pol4": 1.0, "v0s": 4.39788173543099}, "datetime": {"datetime": "2022-05-16 21:31:55", "elapsed": 6531.11733, "delta": 10.379239}}
{"target": 3.2740712483101846, "params": {"Bgrad": 0.5728426253329024, "d1": -2.1201005297187674, "d2": -1.635947893753802, "d3": -1.5728832631685483, "d4": -0.540152614642043, "p1": 21.549614714517546, "p2": 17.547301820620103, "p3": 28.144456057016725, "p4": 46.89924447476276, "pol1": 0.9742649576806441, "pol2": 0.02688372562694985, "pol3": 0.6130866464376317, "pol4": -0.36252617046810975, "v0s": 3.2740712483101846}, "datetime": {"datetime": "2022-05-16 21:32:01", "elapsed": 6536.335374, "delta": 5.218044}}
{"target": 4.898677881324559, "params": {"Bgrad": 0.5, "d1": -3.0, "d2": -3.0, "d3": -3.0, "d4": -1.0640843199529393, "p1": 5.5073773448205605, "p2": 1.6621541977754257, "p3": 38.24469500592305, "p4": 20.579791068624505, "pol1": 0.3070433264364527, "pol2": -0.01138606556766578, "pol3": 0.515506223552182, "pol4": -0.7567597855176957, "v0s": 4.898677881324559}, "datetime": {"datetime": "2022-05-16 21:32:06", "elapsed": 6541.426757, "delta": 5.091383}}
{"target": -1.0, "params": {"Bgrad": 0.518921798235389, "d1": -1.1822231169487845, "d2": 0.5515218432883757, "d3": -2.240164225305162, "d4": -1.777359535710573, "p1": 10.307175277412917, "p2": 38.29578844144413, "p3": 31.196132009322042, "p4": 35.57290146877708, "pol1": 0.8827190027448799, "pol2": 0.7313116062128007, "pol3": 0.3067728950854407, "pol4": 0.18026137404700404, "v0s": 2.331527216200529}, "datetime": {"datetime": "2022-05-16 21:32:13", "elapsed": 6548.27544, "delta": 6.848683}}
{"target": -1.0, "params": {"Bgrad": 0.9991818534417751, "d1": -0.25596635622280495, "d2": -0.1709056082335274, "d3": 0.8715330039395486, "d4": -2.356379318772863, "p1": 8.746171432824806, "p2": 35.96068828385232, "p3": 43.63932050175042, "p4": 33.868271422008505, "pol1": 0.7608490191080206, "pol2": -0.012117842288074776, "pol3": -0.3491597539083595, "pol4": -0.22790177766165476, "v0s": 6.865694952082417}, "datetime": {"datetime": "2022-05-16 21:32:23", "elapsed": 6559.171296, "delta": 10.895856}}
{"target": -1.0, "params": {"Bgrad": 1.9489898106605115, "d1": 0.45692769064326333, "d2": 0.15124354632938042, "d3": -2.3430148196498592, "d4": -2.7534800755886653, "p1": 30.931706457101438, "p2": 8.680287601550795, "p3": 35.37362973535901, "p4": 30.23174454828365, "pol1": -0.05679476380436399, "pol2": -0.7312805942337295, "pol3": 0.22373495103776908, "pol4": -0.35900578038579, "v0s": 3.545380122822782}, "datetime": {"datetime": "2022-05-16 21:32:38", "elapsed": 6574.096377, "delta": 14.925081}}
{"target": 2.6437883278538585, "params": {"Bgrad": 0.8581581139260752, "d1": -1.8658649396651117, "d2": -0.2635417251689005, "d3": -2.272765578637433, "d4": -1.2855350365776652, "p1": 5.826640124212462, "p2": 35.99325046555635, "p3": 36.050666952869236, "p4": 33.54606695518941, "pol1": 0.402529696013187, "pol2": -0.1264698895828329, "pol3": -0.2674531517888299, "pol4": -0.4892182398694893, "v0s": 2.6437883278538585}, "datetime": {"datetime": "2022-05-16 21:32:45", "elapsed": 6580.694729, "delta": 6.598352}}
{"target": 6.287727113436048, "params": {"Bgrad": 1.3625961271655576, "d1": -2.0596829492207176, "d2": -0.3311844926396188, "d3": 0.054335548893352126, "d4": -0.5973273668619048, "p1": 11.200363050701501, "p2": 24.69496227883185, "p3": 41.61140942988887, "p4": 27.700434620920483, "pol1": 0.7669805989126695, "pol2": -0.39008529885479115, "pol3": 0.3553149788869834, "pol4": 0.07984903619288186, "v0s": 6.287727113436048}, "datetime": {"datetime": "2022-05-16 21:32:55", "elapsed": 6590.590262, "delta": 9.895533}}
{"target": 3.6538618499501667, "params": {"Bgrad": 0.9259351358325029, "d1": 0.4254238870790029, "d2": -0.5176265737934238, "d3": -1.3298356850983204, "d4": -2.1360999471900857, "p1": 20.527626218108743, "p2": 6.230432316043323, "p3": 45.924540838650486, "p4": 39.52719930870579, "pol1": 0.5291126089424872, "pol2": -0.33146803266917774, "pol3": -1.0, "pol4": -0.2604384881136059, "v0s": 3.6538618499501667}, "datetime": {"datetime": "2022-05-16 21:33:03", "elapsed": 6598.40935, "delta": 7.819088}}
{"target": 3.7071402916217147, "params": {"Bgrad": 1.2982031797454603, "d1": -1.085774488358829, "d2": 0.44568088257201, "d3": -1.2598296502861674, "d4": -2.461913486438725, "p1": 44.029060555924474, "p2": 20.033753499741028, "p3": 25.11574057596604, "p4": 13.274298532940204, "pol1": 0.49681456351169734, "pol2": 0.16339851108870465, "pol3": -0.06312790390296605, "pol4": -0.30592608073806987, "v0s": 3.7071402916217147}, "datetime": {"datetime": "2022-05-16 21:33:10", "elapsed": 6605.569199, "delta": 7.159849}}
{"target": 4.934283044689567, "params": {"Bgrad": 0.6905643408899149, "d1": -0.23582239692120144, "d2": 0.43217959358560787, "d3": -2.662630880725104, "d4": -2.8748564242486925, "p1": 5.141615698865293, "p2": 36.248444066205465, "p3": 33.83639369489309, "p4": 34.22413456546109, "pol1": 0.7236330550679402, "pol2": -0.9364771951730573, "pol3": 0.7530500728120717, "pol4": 0.15011541440705378, "v0s": 4.934283044689567}, "datetime": {"datetime": "2022-05-16 21:33:17", "elapsed": 6613.156905, "delta": 7.587706}}
{"target": 4.454365262474036, "params": {"Bgrad": 1.0702365293843727, "d1": -1.8471089841936892, "d2": 0.11819383500012215, "d3": -2.728362372968896, "d4": -1.2852517585307819, "p1": 6.453528323323226, "p2": 35.601381921666324, "p3": 36.983155423851976, "p4": 35.698605635881876, "pol1": -0.14848547364056253, "pol2": 0.8317379928299335, "pol3": 0.2140392842697607, "pol4": -0.6996515165593671, "v0s": 4.454365262474036}, "datetime": {"datetime": "2022-05-16 21:33:25", "elapsed": 6620.322739, "delta": 7.165834}}
{"target": 2.0052358463664066, "params": {"Bgrad": 1.2557585308752548, "d1": 1.0, "d2": -1.119238686014151, "d3": -2.1870027010009516, "d4": -1.9384441726418948, "p1": 47.71106062824956, "p2": 46.883744493762094, "p3": 41.747163147003384, "p4": 45.806731913994824, "pol1": -0.6805985060697315, "pol2": -0.8474927782687075, "pol3": -0.8768950406350466, "pol4": -0.7283047251959405, "v0s": 2.0052358463664066}, "datetime": {"datetime": "2022-05-16 21:33:31", "elapsed": 6627.1046, "delta": 6.781861}}
{"target": 4.391765080294211, "params": {"Bgrad": 2.0, "d1": -1.7325380230711394, "d2": 1.0, "d3": -1.9963173711735662, "d4": -2.2621634891490974, "p1": 30.220135522930047, "p2": 11.28774352169605, "p3": 38.28358238842668, "p4": 28.909766252438082, "pol1": 0.33545133060807275, "pol2": -0.28924005609808, "pol3": -0.8479403984937242, "pol4": -0.06354625789795755, "v0s": 4.391765080294211}, "datetime": {"datetime": "2022-05-16 21:33:39", "elapsed": 6634.825948, "delta": 7.721348}}
{"target": -1.0, "params": {"Bgrad": 0.7086384847386782, "d1": -2.754296468545964, "d2": 0.10055955223423751, "d3": 0.03813383681194882, "d4": -2.444847344166391, "p1": 12.243873421535877, "p2": 25.12847836940005, "p3": 40.11188614452557, "p4": 27.48319200086351, "pol1": -0.44832381796047915, "pol2": 0.6793310848591716, "pol3": 0.11416225345050646, "pol4": 0.9790654878808167, "v0s": 4.3507646961831234}, "datetime": {"datetime": "2022-05-16 21:33:50", "elapsed": 6646.0978, "delta": 11.271852}}
{"target": 3.4704507908943043, "params": {"Bgrad": 1.2381071512900275, "d1": -2.127088733498614, "d2": 0.5220851874076926, "d3": -0.23288516934359604, "d4": -2.9785165084920777, "p1": 44.97535592378771, "p2": 18.27699997370944, "p3": 24.093122808518697, "p4": 12.717397653691481, "pol1": 0.17048272978531265, "pol2": 0.6997801398298631, "pol3": -0.743881486281929, "pol4": -0.9565008497545859, "v0s": 3.4704507908943043}, "datetime": {"datetime": "2022-05-16 21:33:57", "elapsed": 6653.023277, "delta": 6.925477}}
{"target": 3.328526942222362, "params": {"Bgrad": 1.6652742344621636, "d1": -1.3985538589135016, "d2": -0.4236199220199817, "d3": -1.2004674480004363, "d4": -3.0, "p1": 10.894665124352063, "p2": 17.047593704907992, "p3": 7.226547569636358, "p4": 29.82371634893137, "pol1": 0.1976478611357504, "pol2": 0.2937205403864694, "pol3": 0.1606785928435265, "pol4": -0.29343409829326544, "v0s": 3.328526942222362}, "datetime": {"datetime": "2022-05-16 21:34:03", "elapsed": 6658.92948, "delta": 5.906203}}
{"target": -1.0, "params": {"Bgrad": 0.5887653909773078, "d1": -0.08659960797122146, "d2": -1.8558717962215932, "d3": -2.676376888559342, "d4": -2.5208724548070736, "p1": 8.31629210132388, "p2": 34.93401567274941, "p3": 41.23352688163212, "p4": 32.741106596533704, "pol1": -0.8787761894166204, "pol2": 0.7834021463942322, "pol3": -0.17656362569814021, "pol4": 0.5904106830383571, "v0s": 5.781864009522565}, "datetime": {"datetime": "2022-05-16 21:34:10", "elapsed": 6665.71932, "delta": 6.78984}}
{"target": -1.0, "params": {"Bgrad": 1.1708796677617954, "d1": -2.736826314972437, "d2": -1.4911928855925862, "d3": -2.3565184547000597, "d4": -0.3388504855071832, "p1": 12.104598076134243, "p2": 24.15058498483056, "p3": 42.37189021310113, "p4": 26.99769785263578, "pol1": 0.959542992027044, "pol2": -0.008197609646769077, "pol3": 0.8898454018065352, "pol4": -0.6969271816986109, "v0s": 5.840986629300338}, "datetime": {"datetime": "2022-05-16 21:34:22", "elapsed": 6677.750142, "delta": 12.030822}}
{"target": -1.0, "params": {"Bgrad": 1.4449667208387136, "d1": -1.6034396495797005, "d2": -0.2950534336348234, "d3": -0.9849001301158369, "d4": -1.672274026110446, "p1": 4.1592419016062365, "p2": 36.700017436635726, "p3": 33.57716092897015, "p4": 37.141734002360536, "pol1": 0.15218538959085048, "pol2": -0.47103083092325293, "pol3": -0.5813325576158499, "pol4": -0.20253831489065455, "v0s": 5.10603195976802}, "datetime": {"datetime": "2022-05-16 21:34:35", "elapsed": 6690.221786, "delta": 12.471644}}
