{"target": -1.0, "params": {"Bgrad": 0.6356145735421979, "d1": -2.4840960634308957, "d2": -2.5789498933488524, "d3": -2.30909014670848, "d4": -2.49427643884126, "p1": 38.91504450338138, "p2": 1.9705756092222138, "p3": 12.0779208670432, "p4": 43.95332006792327, "pol1": 0.9470377216725872, "pol2": 0.21084401545409626, "pol3": 0.9524765291207768, "pol4": -0.9130969165700464, "v0s": 7.691436610256045}, "datetime": {"datetime": "2022-04-14 17:57:07", "elapsed": 8246.737031, "delta": 7.814108}}
{"target": -1.0, "params": {"Bgrad": 0.9669441236842506, "d1": 0.19589136144637198, "d2": 0.24251641378760613, "d3": 0.43999436632137945, "d4": -1.1657967563899958, "p1": 46.53221960827242, "p2": 12.894649221351994, "p3": 46.72227462647923, "p4": 30.955981662583028, "pol1": 0.9708898298896611, "pol2": -0.9347122680748152, "pol3": 0.45033331766541673, "pol4": 0.13110847076076215, "v0s": 4.954544284389917}, "datetime": {"datetime": "2022-04-14 17:57:19", "elapsed": 8259.400174, "delta": 12.663143}}
{"target": -1.0, "params": {"Bgrad": 0.8888271884761054, "d1": -1.6926772605344995, "d2": -2.002151173194449, "d3": -2.122928358699757, "d4": 0.1986433500993554, "p1": 25.11975029491292, "p2": 4.159494434849886, "p3": 38.84920960136902, "p4": 26.682453804186544, "pol1": 0.478775574692764, "pol2": 0.03078738628624267, "pol3": -0.20010815202973653, "pol4": 0.9724935648725901, "v0s": 2.169455720977476}, "datetime": {"datetime": "2022-04-14 17:57:24", "elapsed": 8264.388836, "delta": 4.988662}}
{"target": -1.0, "params": {"Bgrad": 1.8991458619472874, "d1": 0.723419871039872, "d2": -1.4363251539941677, "d3": -2.142140515466721, "d4": -0.5231468082670441, "p1": 8.898616773508472, "p2": 40.160409716400416, "p3": 12.69669279388676, "p4": 14.540307751633897, "pol1": 0.8318315800199141, "pol2": 0.805833666948818, "pol3": 0.07076178346104345, "pol4": 0.7256779611572313, "v0s": 4.115195412830371}, "datetime": {"datetime": "2022-04-14 17:57:43", "elapsed": 8283.592491, "delta": 19.203655}}
{"target": -1.0, "params": {"Bgrad": 1.9968264173373536, "d1": -1.265241042380092, "d2": -1.8207519528060185, "d3": -2.833703064203331, "d4": 0.9588278151469671, "p1": 23.244381545591118, "p2": 36.729250702518534, "p3": 32.04038120229373, "p4": 36.15466998330049, "pol1": -0.8977781923477675, "pol2": 0.8400908108194274, "pol3": 0.853682435804483, "pol4": 0.10399005430839425, "v0s": 7.783495332107306}, "datetime": {"datetime": "2022-04-14 17:58:04", "elapsed": 8303.788494, "delta": 20.196003}}
{"target": -1.0, "params": {"Bgrad": 0.9214333054855512, "d1": -0.5914134914538192, "d2": -1.4141492397895044, "d3": -0.4879070729790871, "d4": -1.7974708459050075, "p1": 40.96791923280101, "p2": 3.4892989252104267, "p3": 2.093878514999814, "p4": 2.4698192316657153, "pol1": -0.6990899432646731, "pol2": -0.2092990524106193, "pol3": 0.9107799785143493, "pol4": -0.7784091206080876, "v0s": 5.885317914898563}, "datetime": {"datetime": "2022-04-14 17:58:14", "elapsed": 8314.101919, "delta": 10.313425}}
{"target": -1.0, "params": {"Bgrad": 1.2914322626845238, "d1": -1.587030376067764, "d2": -2.2072030827192326, "d3": -2.117623672610657, "d4": -2.8247139610914123, "p1": 35.658198657990724, "p2": 32.692009959812744, "p3": 22.18848963623612, "p4": 35.94697440449218, "pol1": -0.7800480551093592, "pol2": 0.8774383467378621, "pol3": 0.6952534184787751, "pol4": 0.3180713193317666, "v0s": 4.272987011970391}, "datetime": {"datetime": "2022-04-14 17:58:31", "elapsed": 8330.699543, "delta": 16.597624}}
{"target": -1.0, "params": {"Bgrad": 1.124850093522121, "d1": -1.0713843113701302, "d2": 0.7411350800272025, "d3": 0.45437181967241047, "d4": -1.0883046031337624, "p1": 27.72592491390835, "p2": 43.77019311396609, "p3": 47.4632216886145, "p4": 31.9592377934123, "pol1": 0.49704064017950733, "pol2": -0.29675018727911473, "pol3": 0.83605663817236, "pol4": 0.6735040997076625, "v0s": 5.312335287348577}, "datetime": {"datetime": "2022-04-14 17:58:46", "elapsed": 8346.469379, "delta": 15.769836}}
{"target": -1.0, "params": {"Bgrad": 1.8014408144227605, "d1": 0.3994875257613293, "d2": 0.23364542642456732, "d3": -2.477228702410448, "d4": -0.8559897007127515, "p1": 45.0391557353458, "p2": 38.541591527691516, "p3": 21.03565995125959, "p4": 48.89401966799829, "pol1": -0.4984536866539955, "pol2": -0.3327795423042046, "pol3": 0.9084010148591779, "pol4": 0.6174306963705793, "v0s": 7.402040027063971}, "datetime": {"datetime": "2022-04-14 17:59:04", "elapsed": 8364.480224, "delta": 18.010845}}
{"target": -1.0, "params": {"Bgrad": 0.5173843841148428, "d1": -1.480942267864021, "d2": -2.057912173560523, "d3": -1.8162597924503547, "d4": -0.04801801438463649, "p1": 36.2042422432037, "p2": 23.089970509953073, "p3": 18.263723060354685, "p4": 29.234580650226288, "pol1": 0.06741550926855266, "pol2": 0.10115911801572408, "pol3": 0.23095414222931554, "pol4": -0.20870345546490232, "v0s": 6.63031089449275}, "datetime": {"datetime": "2022-04-14 17:59:11", "elapsed": 8371.056641, "delta": 6.576417}}
{"target": -1.0, "params": {"Bgrad": 0.8768047750240799, "d1": -0.37695692838653594, "d2": 0.8415885928800724, "d3": -2.985780958142296, "d4": -0.10655582242277539, "p1": 5.449751696482186, "p2": 27.18937458319126, "p3": 31.34580083401673, "p4": 12.147356288540056, "pol1": 0.8276877504932163, "pol2": 0.2446250573832356, "pol3": -0.5366106172102802, "pol4": 0.540264375199615, "v0s": 2.6330424799840086}, "datetime": {"datetime": "2022-04-14 17:59:17", "elapsed": 8377.061586, "delta": 6.004945}}
{"target": -1.0, "params": {"Bgrad": 1.3328379777970167, "d1": -2.620175720790034, "d2": -0.676063709299922, "d3": -1.9880795491192464, "d4": -0.40213276818101473, "p1": 35.791347642909, "p2": 26.20928072843306, "p3": 32.8760703851555, "p4": 40.664692266252786, "pol1": 0.6150245432860642, "pol2": 0.23936398410772552, "pol3": -0.09779507575845026, "pol4": -0.1841000219052651, "v0s": 7.2484857194261805}, "datetime": {"datetime": "2022-04-14 17:59:36", "elapsed": 8395.748622, "delta": 18.687036}}
{"target": -1.0, "params": {"Bgrad": 1.554397598171557, "d1": -2.2602599105063934, "d2": -0.7370714134829468, "d3": 0.6352321292002276, "d4": -2.3972400310069153, "p1": 42.27588377653532, "p2": 41.010123315767494, "p3": 24.967055064891724, "p4": 1.87919257428516, "pol1": -0.7049949892061291, "pol2": 0.8452773893773424, "pol3": -0.9116904079362751, "pol4": -0.255002467189281, "v0s": 5.714237808352825}, "datetime": {"datetime": "2022-04-14 17:59:57", "elapsed": 8417.021745, "delta": 21.273123}}
{"target": -1.0, "params": {"Bgrad": 0.795422058371025, "d1": 0.9243190289611891, "d2": -2.3760990678263103, "d3": -0.8412832193549025, "d4": -0.5279547026134215, "p1": 11.549497433485195, "p2": 23.315449460467068, "p3": 24.550426456646463, "p4": 38.3431188163271, "pol1": 0.2685615055477468, "pol2": -0.06489989386932082, "pol3": 0.33388508638795034, "pol4": -0.09324514695560326, "v0s": 5.1542695480484575}, "datetime": {"datetime": "2022-04-14 18:00:05", "elapsed": 8424.845826, "delta": 7.824081}}
{"target": 3.2011163944359327, "params": {"Bgrad": 1.4878520623375429, "d1": -2.2752184721845534, "d2": 0.1521982046892285, "d3": -0.5885386498464107, "d4": 0.921331540549311, "p1": 11.119159676558787, "p2": 23.313323708328674, "p3": 44.78209012997233, "p4": 30.071670484939407, "pol1": 0.45191769169762996, "pol2": -0.17265967159727946, "pol3": 0.36861924366263965, "pol4": 0.8921100596951264, "v0s": 3.2011163944359327}, "datetime": {"datetime": "2022-04-14 18:00:11", "elapsed": 8431.447176, "delta": 6.60135}}
{"target": -1.0, "params": {"Bgrad": 1.7110478958159807, "d1": 0.8781520483995857, "d2": -2.941725072946673, "d3": -2.1391616536222897, "d4": -2.530492318747481, "p1": 38.37117588707266, "p2": 4.060829297136665, "p3": 49.92067792954538, "p4": 19.48060079396526, "pol1": 0.8104055318660808, "pol2": -0.6228447930010643, "pol3": -0.11825560035541827, "pol4": 0.689623638012407, "v0s": 5.571618684039537}, "datetime": {"datetime": "2022-04-14 18:00:23", "elapsed": 8443.057135, "delta": 11.609959}}
{"target": -1.0, "params": {"Bgrad": 1.1932371450370356, "d1": -0.9494010129715296, "d2": -0.7044578924306104, "d3": -1.2387231696576273, "d4": -2.225764169104758, "p1": 5.6982880729593175, "p2": 7.561396368507401, "p3": 2.624548192656695, "p4": 27.933820553181576, "pol1": 0.6954420280720213, "pol2": -0.2817613221517785, "pol3": -0.8493782547283644, "pol4": -0.14855117602976753, "v0s": 5.612047030832008}, "datetime": {"datetime": "2022-04-14 18:00:35", "elapsed": 8455.655452, "delta": 12.598317}}
{"target": -1.0, "params": {"Bgrad": 1.1381051983634562, "d1": 0.24288493442948011, "d2": 0.767544984746821, "d3": 0.4796430930734177, "d4": -0.184002006880446, "p1": 23.514946239108763, "p2": 34.13490214516256, "p3": 0.6709155278264767, "p4": 49.12390592510219, "pol1": -0.6558453363422081, "pol2": 0.8125207919233637, "pol3": 0.6142198033322122, "pol4": 0.6002793687739754, "v0s": 3.6136163467103897}, "datetime": {"datetime": "2022-04-14 18:00:49", "elapsed": 8469.038669, "delta": 13.383217}}
{"target": -1.0, "params": {"Bgrad": 0.828730708635887, "d1": -1.284797228343645, "d2": 0.39748440292261966, "d3": -1.198481430113119, "d4": 0.7416804560282473, "p1": 17.6339663625869, "p2": 30.969608284837985, "p3": 49.03495181778901, "p4": 32.173126112040244, "pol1": -0.9090035679187924, "pol2": -0.07288581809657635, "pol3": -0.33049731257267245, "pol4": 0.0643630970433493, "v0s": 3.7084772516787883}, "datetime": {"datetime": "2022-04-14 18:01:03", "elapsed": 8483.444153, "delta": 14.405484}}
{"target": -1.0, "params": {"Bgrad": 0.6833918453450042, "d1": -0.32684404499679287, "d2": -0.27456098043477484, "d3": 0.4685571999963538, "d4": -2.4704740257490503, "p1": 39.93101541390155, "p2": 41.33843692025645, "p3": 32.3274967875576, "p4": 10.246107289031691, "pol1": -0.47715857118832417, "pol2": -0.16300636492164866, "pol3": 0.08359814556546263, "pol4": -0.045124088815565955, "v0s": 4.8047593522722165}, "datetime": {"datetime": "2022-04-14 18:01:11", "elapsed": 8491.120629, "delta": 7.676476}}
{"target": -1.0, "params": {"Bgrad": 1.759761065296501, "d1": 0.48040946123027073, "d2": 0.2670158575070669, "d3": 0.5112056745387985, "d4": -0.7159649522517078, "p1": 48.20180666695409, "p2": 30.32721741252338, "p3": 30.19738705398407, "p4": 15.964886853730942, "pol1": 0.362408368234038, "pol2": -0.896068622989278, "pol3": -0.7309071579761155, "pol4": -0.7395156648544698, "v0s": 5.931207723348415}, "datetime": {"datetime": "2022-04-14 18:01:27", "elapsed": 8506.735879, "delta": 15.61525}}
{"target": -1.0, "params": {"Bgrad": 0.7629988876570075, "d1": -1.6354127069938111, "d2": -2.8227533766675816, "d3": -2.0650625595339576, "d4": 0.8568972993971764, "p1": 25.456970125818383, "p2": 7.553725923571597, "p3": 26.150426586723214, "p4": 47.17546919555404, "pol1": 0.7313720280126681, "pol2": -0.21586826213922627, "pol3": -0.4322649680531947, "pol4": 0.5234597253854836, "v0s": 3.4429059488185265}, "datetime": {"datetime": "2022-04-14 18:01:34", "elapsed": 8513.787026, "delta": 7.051147}}
{"target": -1.0, "params": {"Bgrad": 0.8813485319860286, "d1": -2.663654583280282, "d2": 0.4565763790561075, "d3": -1.2084043375188807, "d4": -0.7528549575601056, "p1": 36.835547884676, "p2": 39.82444335655978, "p3": 22.375406949515693, "p4": 9.206377808789917, "pol1": 0.6574657030566036, "pol2": -0.9380040803434884, "pol3": 0.8934565392159048, "pol4": 0.15395569295500322, "v0s": 7.252332430704122}, "datetime": {"datetime": "2022-04-14 18:01:44", "elapsed": 8524.444531, "delta": 10.657505}}
{"target": -1.0, "params": {"Bgrad": 1.412848155460338, "d1": -1.9933616633907052, "d2": -1.8154803060163824, "d3": -0.8683097638733872, "d4": 0.848312851388374, "p1": 9.224780224508883, "p2": 25.49491890715545, "p3": 17.18940517184222, "p4": 38.48626724785929, "pol1": 0.605732972864848, "pol2": -0.15088017939556675, "pol3": -0.5917550000113283, "pol4": -0.8658210793422894, "v0s": 3.191889586523369}, "datetime": {"datetime": "2022-04-14 18:02:01", "elapsed": 8541.631579, "delta": 17.187048}}
{"target": -1.0, "params": {"Bgrad": 0.9086012751940733, "d1": -0.6048443283631584, "d2": 0.4923339890977423, "d3": -2.4870762446180548, "d4": 0.832754966859584, "p1": 34.15854219270732, "p2": 37.09821178391901, "p3": 49.14403929604953, "p4": 20.805038630907102, "pol1": 0.06316693179180355, "pol2": 0.3584259003914372, "pol3": 0.02575028517998268, "pol4": -0.40177531067832883, "v0s": 2.632308036380236}, "datetime": {"datetime": "2022-04-14 18:02:13", "elapsed": 8553.18469, "delta": 11.553111}}
{"target": -1.0, "params": {"Bgrad": 0.9273982185832171, "d1": 0.07541139315103162, "d2": -0.4368691821926154, "d3": 0.2053228128127702, "d4": -0.9315178721182935, "p1": 11.605001092316753, "p2": 31.398096349095134, "p3": 15.200274501115157, "p4": 1.4764372471010478, "pol1": 0.8066623536337512, "pol2": -0.15926086239442983, "pol3": -0.1477384391505756, "pol4": 0.4825034706637181, "v0s": 7.690750425834762}, "datetime": {"datetime": "2022-04-14 18:02:21", "elapsed": 8561.367811, "delta": 8.183121}}
{"target": -1.0, "params": {"Bgrad": 0.608773292068195, "d1": -2.3091956474709003, "d2": -1.7105700434691573, "d3": -2.006303014679204, "d4": -1.0180200745552281, "p1": 41.222980539884176, "p2": 42.6986207471088, "p3": 29.79149710293508, "p4": 12.008686691553333, "pol1": -0.6270146234546294, "pol2": 0.48678102480407803, "pol3": -0.5255718847129047, "pol4": 0.07898178185309934, "v0s": 6.495684722763151}, "datetime": {"datetime": "2022-04-14 18:02:28", "elapsed": 8568.482788, "delta": 7.114977}}
{"target": -1.0, "params": {"Bgrad": 0.8423736569230789, "d1": -2.301995249709024, "d2": -2.841057253696595, "d3": -2.40972464920021, "d4": 0.40575562778796304, "p1": 5.2317955872479285, "p2": 11.18225227636589, "p3": 1.6378599872988564, "p4": 33.81783177256393, "pol1": -0.5365937170705608, "pol2": -0.17281656439647142, "pol3": -0.7213976573525465, "pol4": -0.24556542477698695, "v0s": 4.546624797437692}, "datetime": {"datetime": "2022-04-14 18:02:37", "elapsed": 8577.408922, "delta": 8.926134}}
{"target": -1.0, "params": {"Bgrad": 1.2094474277900196, "d1": -1.3086327478455475, "d2": -2.5889737445033427, "d3": 0.090321066526176, "d4": -2.4511759860403544, "p1": 21.2146187162906, "p2": 13.597805622638976, "p3": 15.050397153995315, "p4": 33.621038629321625, "pol1": 0.03557344762682901, "pol2": -0.6198258990401189, "pol3": -0.06173112033324579, "pol4": -0.32091826240739296, "v0s": 6.226983189488756}, "datetime": {"datetime": "2022-04-14 18:02:52", "elapsed": 8591.803436, "delta": 14.394514}}
{"target": -1.0, "params": {"Bgrad": 0.8391428036488235, "d1": 0.37995254943338086, "d2": -0.8950813404334785, "d3": -0.9975217083076435, "d4": -1.9852567724492793, "p1": 9.307783486833198, "p2": 23.59095313687984, "p3": 49.091220891262864, "p4": 6.645311883091354, "pol1": -0.43307513514388574, "pol2": 0.6012823485669121, "pol3": 0.3295537970215099, "pol4": -0.4424831826131259, "v0s": 3.887885640650671}, "datetime": {"datetime": "2022-04-14 18:03:03", "elapsed": 8602.814994, "delta": 11.011558}}
{"target": -1.0, "params": {"Bgrad": 1.1299223816028936, "d1": -0.5888529510308156, "d2": -0.12264493111569807, "d3": 0.42920133380492276, "d4": -0.2755541181663612, "p1": 11.849103223584917, "p2": 46.286026766813, "p3": 39.059770033788304, "p4": 15.369074021392215, "pol1": -0.3900687167158736, "pol2": 0.7623366368578093, "pol3": -0.747843039205603, "pol4": 0.26692166847145127, "v0s": 3.666276394840545}, "datetime": {"datetime": "2022-04-14 18:03:17", "elapsed": 8616.82354, "delta": 14.008546}}
{"target": -1.0, "params": {"Bgrad": 1.7408004877089593, "d1": -1.5419062097764469, "d2": -0.0665356221246638, "d3": -2.230328438345045, "d4": -1.0742164098370424, "p1": 40.17973132155136, "p2": 19.8494105836187, "p3": 8.078701992804493, "p4": 32.44911113243237, "pol1": 0.5066516117887847, "pol2": -0.4396147292538126, "pol3": -0.09727627753519674, "pol4": 0.8008978247721306, "v0s": 7.23191378714551}, "datetime": {"datetime": "2022-04-14 18:03:36", "elapsed": 8635.713036, "delta": 18.889496}}
{"target": -1.0, "params": {"Bgrad": 1.5607814146762733, "d1": -0.636397602038373, "d2": 0.26952908158850253, "d3": 0.6305785843993559, "d4": -2.9899697613283074, "p1": 19.86138831168809, "p2": 28.070484185924077, "p3": 36.69615681424383, "p4": 4.373638109252176, "pol1": -0.20049002463827104, "pol2": -0.44075764110030224, "pol3": -0.15297989378963406, "pol4": -0.004042734653423308, "v0s": 5.960091341156306}, "datetime": {"datetime": "2022-04-14 18:03:52", "elapsed": 8651.84291, "delta": 16.129874}}
{"target": -1.0, "params": {"Bgrad": 1.2443542084554187, "d1": -0.5181271975792381, "d2": -0.6702405524431096, "d3": -1.2866704078445745, "d4": -2.9800945411549384, "p1": 9.725820692980092, "p2": 16.01033271431444, "p3": 7.348906292746565, "p4": 29.933194080321783, "pol1": 0.22299895331920472, "pol2": 0.00018651919385903604, "pol3": -0.3583021967982709, "pol4": 0.30651610404890883, "v0s": 3.141700896074262}, "datetime": {"datetime": "2022-04-14 18:04:02", "elapsed": 8662.12841, "delta": 10.2855}}
{"target": -1.0, "params": {"Bgrad": 0.5088214721669424, "d1": -0.06023192526415411, "d2": -1.2259846323842596, "d3": -0.20863337580060648, "d4": -2.259826601452096, "p1": 3.130990099195774, "p2": 18.905429339151063, "p3": 34.7998255222747, "p4": 5.140918372715792, "pol1": -0.6083315326500152, "pol2": -0.09209469918696023, "pol3": 0.24229837938729215, "pol4": 0.5002484961379701, "v0s": 2.65841012771394}, "datetime": {"datetime": "2022-04-14 18:04:06", "elapsed": 8665.831509, "delta": 3.703099}}
{"target": -1.0, "params": {"Bgrad": 1.4369354107334618, "d1": -1.4505579114220768, "d2": -0.3196385250087719, "d3": -2.1857584893523936, "d4": -0.8883248098770755, "p1": 8.608127747796635, "p2": 0.9340502998187672, "p3": 24.347512321197858, "p4": 9.208888828044653, "pol1": 0.276686660006775, "pol2": 0.07314963868086588, "pol3": 0.5498907599954914, "pol4": -0.21408019473159356, "v0s": 7.936712785017518}, "datetime": {"datetime": "2022-04-14 18:04:25", "elapsed": 8684.839689, "delta": 19.00818}}
{"target": -1.0, "params": {"Bgrad": 1.2728220442431106, "d1": -1.084706395258113, "d2": -0.0022301169913214736, "d3": -0.7092468268303382, "d4": -1.5501387307998984, "p1": 24.462239273007107, "p2": 9.456918746942488, "p3": 19.679170714843096, "p4": 1.4980876262024267, "pol1": -0.07494187931559426, "pol2": -0.4510517743928584, "pol3": 0.05343172071723146, "pol4": -0.941455757193775, "v0s": 5.330520599133047}, "datetime": {"datetime": "2022-04-14 18:04:41", "elapsed": 8700.77907, "delta": 15.939381}}
{"target": -1.0, "params": {"Bgrad": 0.9394968254425358, "d1": -0.6900372759458104, "d2": -0.06892058695453329, "d3": -1.238648692814249, "d4": -0.34737270847213786, "p1": 11.945497743510602, "p2": 49.929954429324, "p3": 12.143926080988376, "p4": 47.041420719076235, "pol1": -0.5655604992179641, "pol2": -0.004871230789865066, "pol3": 0.6423539297854717, "pol4": 0.4331760935894684, "v0s": 6.233482472724014}, "datetime": {"datetime": "2022-04-14 18:04:55", "elapsed": 8714.912283, "delta": 14.133213}}
{"target": 2.1786976647773617, "params": {"Bgrad": 1.160660839963577, "d1": 0.016700101820637414, "d2": 0.6798143080594352, "d3": -1.2345930187366485, "d4": -0.8881380633811968, "p1": 3.301779200831867, "p2": 19.538653683534633, "p3": 23.361928316662294, "p4": 44.756885540178665, "pol1": -0.7788851194891175, "pol2": 0.4622752063979332, "pol3": 0.09094233709743893, "pol4": 0.21307086103308692, "v0s": 2.1786976647773617}, "datetime": {"datetime": "2022-04-14 18:05:04", "elapsed": 8723.67286, "delta": 8.760577}}
{"target": 3.965144335089735, "params": {"Bgrad": 0.7201210696411693, "d1": -1.8640670981352594, "d2": -2.9805118081855757, "d3": -0.3233688088114528, "d4": 0.4810317956903929, "p1": 27.34841546356204, "p2": 27.15820237596019, "p3": 30.786296430651866, "p4": 15.109075020790208, "pol1": -0.26653603667811665, "pol2": 0.1498794545555331, "pol3": 0.618433167434689, "pol4": -0.5968067311836578, "v0s": 3.965144335089735}, "datetime": {"datetime": "2022-04-14 18:05:10", "elapsed": 8730.144557, "delta": 6.471697}}
{"target": 3.756359372558781, "params": {"Bgrad": 1.6143818755845456, "d1": -1.6363190034706316, "d2": -2.80955628517378, "d3": -2.3745722852949935, "d4": -2.2245405613618128, "p1": 24.75561812805891, "p2": 31.75624805456691, "p3": 44.01099886092915, "p4": 45.12682782111225, "pol1": -0.38567846302981, "pol2": 0.5067601462511715, "pol3": -0.4351439388820548, "pol4": -0.26284626046944815, "v0s": 3.756359372558781}, "datetime": {"datetime": "2022-04-14 18:05:23", "elapsed": 8743.119865, "delta": 12.975308}}
{"target": -1.0, "params": {"Bgrad": 1.120536104298652, "d1": -2.1411372173264778, "d2": -1.7240559741192438, "d3": -2.5123207444396494, "d4": 0.8520729583821383, "p1": 25.19915046993914, "p2": 46.15503412943319, "p3": 37.30800703867105, "p4": 22.88526438402096, "pol1": 0.5092444506162634, "pol2": 0.2560461572138517, "pol3": -0.3924831316962627, "pol4": 0.04331862682654375, "v0s": 6.273873173884575}, "datetime": {"datetime": "2022-04-14 18:05:37", "elapsed": 8757.507397, "delta": 14.387532}}
{"target": -1.0, "params": {"Bgrad": 0.9579702971724602, "d1": -2.949908652454107, "d2": -1.9269486834562546, "d3": 0.18698190236033652, "d4": 0.7199723558540052, "p1": 31.266557745162753, "p2": 6.640374229020551, "p3": 37.87851796237106, "p4": 26.345267302367198, "pol1": 0.5077381432424259, "pol2": 0.7172234061400251, "pol3": 0.8950831022036485, "pol4": 0.30907506924566297, "v0s": 7.125549259055879}, "datetime": {"datetime": "2022-04-14 18:05:52", "elapsed": 8772.171191, "delta": 14.663794}}
