{"target": -1.0, "params": {"Bgrad": 0.8261243356267088, "d1": 0.3189677839266669, "d2": 0.521025772085177, "d3": -1.6965452110187007, "d4": -1.3757844829748036, "p1": 3.9021740784521253, "p2": 1.6879019039010512, "p3": 40.579305703624655, "p4": 47.548222644371755, "pol1": -0.9328456645227836, "pol2": 0.973618020735509, "pol3": 0.6890972821768, "pol4": -0.8791265030951174, "v0s": 5.739368174912891}, "datetime": {"datetime": "2022-04-29 20:41:34", "elapsed": 105006.542516, "delta": 19.917744}}
{"target": 4.075589021612279, "params": {"Bgrad": 1.1713714866004241, "d1": -1.3601864010123235, "d2": 0.6958496892194641, "d3": -1.1314152390348005, "d4": -2.789783435548885, "p1": 19.412087833793407, "p2": 38.70437848521168, "p3": 20.902940283162998, "p4": 29.81113076358862, "pol1": -0.10734585477485092, "pol2": 0.6729251860170882, "pol3": -0.43883545656956713, "pol4": 0.9983849166555039, "v0s": 4.075589021612279}, "datetime": {"datetime": "2022-04-29 20:42:11", "elapsed": 105043.537598, "delta": 36.995082}}
{"target": -1.0, "params": {"Bgrad": 1.4490224971137442, "d1": -0.4817395239979292, "d2": -1.3488105743772798, "d3": -1.8332841777004636, "d4": -2.067249841302524, "p1": 24.161128156447692, "p2": 26.89919136373002, "p3": 14.302884503911983, "p4": 35.70684740012482, "pol1": 0.6646038250124859, "pol2": -0.10122306611846366, "pol3": 0.47798597928567443, "pol4": 0.6332242545439617, "v0s": 4.424981657558884}, "datetime": {"datetime": "2022-04-29 20:42:37", "elapsed": 105070.443656, "delta": 26.906058}}
{"target": 4.867917550354949, "params": {"Bgrad": 0.8483499671056189, "d1": -2.075174295739326, "d2": -0.28852782618113926, "d3": -0.5915676762630162, "d4": -2.8496311503053517, "p1": 15.541582120771618, "p2": 17.12729246949219, "p3": 31.633140462570985, "p4": 35.36793452517242, "pol1": 0.519002810347454, "pol2": 0.020015534795766232, "pol3": 0.42158509119121335, "pol4": -0.04475633145548952, "v0s": 4.867917550354949}, "datetime": {"datetime": "2022-04-29 20:43:03", "elapsed": 105095.808834, "delta": 25.365178}}
{"target": -1.0, "params": {"Bgrad": 1.700068679155855, "d1": -2.1899515968657943, "d2": 0.33501694924885905, "d3": -0.8725316145410305, "d4": -1.424106325066795, "p1": 10.106930444145135, "p2": 28.206839301324482, "p3": 17.053236154092318, "p4": 3.5467452111582753, "pol1": 0.48813796144522903, "pol2": 0.1823487015067975, "pol3": 0.4366380682140667, "pol4": 0.2546271416287955, "v0s": 2.39975198039456}, "datetime": {"datetime": "2022-04-29 20:43:23", "elapsed": 105116.377836, "delta": 20.569002}}
{"target": -1.0, "params": {"Bgrad": 0.8726236921874919, "d1": -2.8021282423332607, "d2": 0.6278797739521682, "d3": 0.3810387473161474, "d4": -1.0885076898166557, "p1": 41.868675318565856, "p2": 43.49696675449236, "p3": 32.63673361337892, "p4": 15.344573191824008, "pol1": -0.9516313227767643, "pol2": 0.5544641728447826, "pol3": 0.9424799883496706, "pol4": -0.7097053829216293, "v0s": 5.557036583023828}, "datetime": {"datetime": "2022-04-29 20:43:46", "elapsed": 105138.987383, "delta": 22.609547}}
{"target": 3.8038205722762886, "params": {"Bgrad": 1.713403168562512, "d1": -1.244840177190064, "d2": 0.6105027390565754, "d3": -2.2639548011385315, "d4": -1.0626055605134557, "p1": 47.02922664705826, "p2": 46.04335027263268, "p3": 7.269158845598877, "p4": 22.6584542957618, "pol1": 0.038806280565283346, "pol2": 0.7845098222649411, "pol3": 0.07830121631018638, "pol4": 0.37069989925590074, "v0s": 3.8038205722762886}, "datetime": {"datetime": "2022-04-29 20:44:11", "elapsed": 105164.411403, "delta": 25.42402}}
{"target": 4.182891630640814, "params": {"Bgrad": 1.1092011806045774, "d1": -2.5151110800570082, "d2": -0.519088129365338, "d3": -1.6022623728508014, "d4": 0.9709172722558574, "p1": 16.500370261961354, "p2": 15.804023261483536, "p3": 32.44586026628131, "p4": 34.99773328888638, "pol1": 0.52262719397857, "pol2": -0.9235398387383889, "pol3": 0.5853124604160791, "pol4": 0.2412440473726165, "v0s": 4.182891630640814}, "datetime": {"datetime": "2022-04-29 20:44:42", "elapsed": 105194.843035, "delta": 30.431632}}
{"target": 2.4038777448177244, "params": {"Bgrad": 1.9316175946759706, "d1": 0.4670792886863593, "d2": -0.5452602543601484, "d3": -0.5559317762715734, "d4": -0.2647422268122126, "p1": 43.82707308638496, "p2": 27.48803492019914, "p3": 24.811196097451145, "p4": 48.039219091869825, "pol1": -0.2998358918303523, "pol2": 0.8459505092681823, "pol3": -0.33877049327297226, "pol4": -0.5728081324736325, "v0s": 2.4038777448177244}, "datetime": {"datetime": "2022-04-29 20:45:11", "elapsed": 105224.523674, "delta": 29.680639}}
{"target": -1.0, "params": {"Bgrad": 1.5356072795361557, "d1": -1.1565715102447338, "d2": 0.9776629922985982, "d3": -1.3068681123695771, "d4": -0.5800440802199914, "p1": 0.0, "p2": 9.084634190321607, "p3": 14.62894978110638, "p4": 19.217981231572246, "pol1": 0.0723681500136223, "pol2": 0.7331925556818739, "pol3": -0.5791306783818042, "pol4": -1.0, "v0s": 5.205773102436431}, "datetime": {"datetime": "2022-04-29 20:45:42", "elapsed": 105255.342271, "delta": 30.818597}}
{"target": 4.379105979925866, "params": {"Bgrad": 1.9395350060204457, "d1": -1.3300145431369677, "d2": 0.2114726506541147, "d3": -2.0932999899346374, "d4": -0.06117432871956874, "p1": 28.450751951245284, "p2": 45.84066871339081, "p3": 24.798744882801266, "p4": 27.12984484469419, "pol1": -0.12061098599616349, "pol2": 0.9423542156410278, "pol3": -0.8612505688579846, "pol4": 0.8982483443668994, "v0s": 4.379105979925866}, "datetime": {"datetime": "2022-04-29 20:46:08", "elapsed": 105280.774271, "delta": 25.432}}
{"target": -1.0, "params": {"Bgrad": 1.2462276804463, "d1": -2.098247011061974, "d2": -0.716908246799385, "d3": -0.326202555387229, "d4": -2.1164186861686214, "p1": 22.96038615976525, "p2": 24.558424435530284, "p3": 10.327648608648655, "p4": 35.826285664183516, "pol1": 0.7978625104121579, "pol2": 0.5638860815764273, "pol3": -0.7032848717179476, "pol4": 0.345211990379352, "v0s": 3.671226790937243}, "datetime": {"datetime": "2022-04-29 20:46:59", "elapsed": 105331.706088, "delta": 50.931817}}
{"target": 4.160750592705995, "params": {"Bgrad": 0.917908794110195, "d1": -1.4941030080305109, "d2": 0.229984290673789, "d3": -2.049484763547169, "d4": -2.2435040783229425, "p1": 22.75882504048896, "p2": 23.111879141126245, "p3": 11.540346865737222, "p4": 35.713527249459055, "pol1": -0.7936560478052617, "pol2": 0.48774931976141134, "pol3": 0.7585473314175, "pol4": 0.49664764211586365, "v0s": 4.160750592705995}, "datetime": {"datetime": "2022-04-29 20:47:32", "elapsed": 105364.840493, "delta": 33.134405}}
{"target": 3.2071249348454374, "params": {"Bgrad": 0.9359955603605382, "d1": -0.035396173334658165, "d2": 0.9327687003467582, "d3": -2.108380248079614, "d4": -2.0456757374387027, "p1": 27.418868503382814, "p2": 7.3323400735240405, "p3": 22.023507644994133, "p4": 27.92073933682796, "pol1": -0.20639787619565886, "pol2": 0.9627184037198624, "pol3": -0.2543652124973168, "pol4": 0.7859238897746674, "v0s": 3.2071249348454374}, "datetime": {"datetime": "2022-04-29 20:47:58", "elapsed": 105391.517164, "delta": 26.676671}}
{"target": -1.0, "params": {"Bgrad": 1.4750120489167526, "d1": -2.6540890110066915, "d2": -1.5848826322098466, "d3": -1.4672350628085327, "d4": -1.6898075530874261, "p1": 3.5658289435538504, "p2": 23.959937640805446, "p3": 15.866699198400742, "p4": 40.689264628059334, "pol1": -0.7815292296772753, "pol2": 0.5647125415490586, "pol3": -0.1461477005292815, "pol4": -0.12416681639135074, "v0s": 5.019301914444451}, "datetime": {"datetime": "2022-04-29 20:48:28", "elapsed": 105421.105052, "delta": 29.587888}}
{"target": -1.0, "params": {"Bgrad": 1.7459786224156837, "d1": -1.0290744105293381, "d2": -0.5824187010545989, "d3": -1.78755907905528, "d4": -2.8914621626380006, "p1": 9.344735000495225, "p2": 36.60477395776023, "p3": 35.120580387558256, "p4": 35.53908142327051, "pol1": 0.09223360438339911, "pol2": 0.23901833054585264, "pol3": 0.7722433077250401, "pol4": 0.4927957096543114, "v0s": 3.5593114528587}, "datetime": {"datetime": "2022-04-29 20:49:02", "elapsed": 105454.712192, "delta": 33.60714}}
{"target": -1.0, "params": {"Bgrad": 1.3960636885437527, "d1": -0.27519729773633506, "d2": -2.008480980495435, "d3": 0.45591973575110334, "d4": -2.744141085458776, "p1": 5.587967216280054, "p2": 6.3126110487804805, "p3": 28.935064611647498, "p4": 9.4790253258632, "pol1": 0.019997586727994676, "pol2": 0.6482679685198354, "pol3": 0.7052884741115326, "pol4": -0.286690878135359, "v0s": 2.9010735464004025}, "datetime": {"datetime": "2022-04-29 20:49:48", "elapsed": 105500.840852, "delta": 46.12866}}
{"target": -1.0, "params": {"Bgrad": 1.8730665825841195, "d1": -1.5122930082943364, "d2": -0.6605954256171347, "d3": -2.3227556668031646, "d4": -0.1041253993375757, "p1": 12.779794805801126, "p2": 28.007320790255214, "p3": 18.118039922718133, "p4": 2.5569744121372304, "pol1": 0.1548475702611476, "pol2": -0.47923446692180205, "pol3": 0.8122683071484817, "pol4": 0.4111500605409055, "v0s": 3.4028408460246173}, "datetime": {"datetime": "2022-04-29 20:50:17", "elapsed": 105529.986921, "delta": 29.146069}}
{"target": 4.548965021887737, "params": {"Bgrad": 1.1583013301489289, "d1": -1.1910121111200773, "d2": 0.6567720380564062, "d3": -2.918585963909612, "d4": -1.2527572824332363, "p1": 3.4293465194938477, "p2": 30.697729468190403, "p3": 10.369332699547568, "p4": 20.850764247961664, "pol1": -0.3395168636889976, "pol2": -0.44420806606371044, "pol3": -0.4520443450254519, "pol4": 0.47761230375133246, "v0s": 4.548965021887737}, "datetime": {"datetime": "2022-04-29 20:50:37", "elapsed": 105550.051273, "delta": 20.064352}}
{"target": 4.896105697064712, "params": {"Bgrad": 1.182911979027741, "d1": -2.3863772624649657, "d2": 0.08357453910611179, "d3": -2.9033937005272166, "d4": 0.058088723464928105, "p1": 16.178004388629276, "p2": 38.391903183245034, "p3": 2.1394116297184462, "p4": 30.643603368225165, "pol1": -0.9315193090846934, "pol2": -0.12530409930656217, "pol3": -0.5259145984692635, "pol4": -0.3065851005398095, "v0s": 4.896105697064712}, "datetime": {"datetime": "2022-04-29 20:50:57", "elapsed": 105569.764563, "delta": 19.71329}}
{"target": -1.0, "params": {"Bgrad": 0.743441045491222, "d1": -2.2199529200004267, "d2": -0.895922937606306, "d3": -0.9475790995376472, "d4": -0.6122534484025777, "p1": 0.7754361467936233, "p2": 6.860538739781524, "p3": 22.640395341028253, "p4": 21.277682345695194, "pol1": -0.8302255274161936, "pol2": 0.8717451730781587, "pol3": 0.7943954992138138, "pol4": 0.9120997279903751, "v0s": 5.235816305936314}, "datetime": {"datetime": "2022-04-29 20:51:19", "elapsed": 105592.109816, "delta": 22.345253}}
{"target": -1.0, "params": {"Bgrad": 1.328352144095548, "d1": -2.251283629150299, "d2": 0.4970333839051877, "d3": -2.1636951060413065, "d4": -2.7077585639853488, "p1": 16.866370892686966, "p2": 16.02858832148292, "p3": 31.51845846082695, "p4": 35.44604600107695, "pol1": 0.20816889083851176, "pol2": 0.743375037422235, "pol3": -0.2018045164158051, "pol4": -0.16567992949925392, "v0s": 3.9140153430010898}, "datetime": {"datetime": "2022-04-29 20:52:12", "elapsed": 105644.917618, "delta": 52.807802}}
{"target": -1.0, "params": {"Bgrad": 0.9825528294494617, "d1": -1.294024174092002, "d2": -0.6055950625441446, "d3": 0.20249945722888674, "d4": -0.90584277762723, "p1": 16.758842711700893, "p2": 15.114753698496964, "p3": 31.673322932785165, "p4": 34.868586617966734, "pol1": 0.21771532924640558, "pol2": 0.2532127102391264, "pol3": -0.36046719346672274, "pol4": -0.5329734902143595, "v0s": 6.248510609047875}, "datetime": {"datetime": "2022-04-29 20:52:45", "elapsed": 105678.164721, "delta": 33.247103}}
{"target": 4.635081973068064, "params": {"Bgrad": 1.478465679805698, "d1": -2.826841360586823, "d2": 0.24665433446124574, "d3": -0.4170970846686428, "d4": -1.186683936628564, "p1": 18.227403226614996, "p2": 14.673724628338325, "p3": 29.50751064907594, "p4": 36.21526031988797, "pol1": -0.40256459003351086, "pol2": -0.7162197393018725, "pol3": 0.7351744318886366, "pol4": -0.31620086318936, "v0s": 4.635081973068064}, "datetime": {"datetime": "2022-04-29 20:53:13", "elapsed": 105705.833739, "delta": 27.669018}}
{"target": -1.0, "params": {"Bgrad": 1.5845710796373114, "d1": -0.38687585080916076, "d2": -0.2982662308508628, "d3": -1.1881570816544684, "d4": 0.053022050565506795, "p1": 21.69366966003076, "p2": 25.978258002918373, "p3": 15.241010821007855, "p4": 36.054977373909594, "pol1": -0.5069952462897525, "pol2": 0.09223693574337322, "pol3": 0.7816273581356317, "pol4": -0.0921394592057343, "v0s": 2.717195259591012}, "datetime": {"datetime": "2022-04-29 20:53:31", "elapsed": 105724.3612, "delta": 18.527461}}
{"target": -1.0, "params": {"Bgrad": 1.1311926028248056, "d1": -2.9469911529957917, "d2": 0.42807597315826706, "d3": -0.05388689220664489, "d4": 0.38465118237741214, "p1": 46.112963268622636, "p2": 45.092109303827094, "p3": 5.519327303091242, "p4": 21.155493491038623, "pol1": -0.11431582584004629, "pol2": -0.484855845811238, "pol3": 0.40409881437373296, "pol4": 0.345497175199045, "v0s": 3.3281679663657826}, "datetime": {"datetime": "2022-04-29 20:54:00", "elapsed": 105752.704415, "delta": 28.343215}}
{"target": -1.0, "params": {"Bgrad": 0.5938335394822585, "d1": -0.13312809552799987, "d2": -0.17600517258158455, "d3": -0.5032826616590436, "d4": 0.9516293808205991, "p1": 40.51982754762554, "p2": 40.78806499806808, "p3": 31.716561947113238, "p4": 35.73979880451634, "pol1": -0.6416105967909695, "pol2": -0.3767123235558869, "pol3": 0.49788371791533126, "pol4": 0.5407619890971902, "v0s": 3.6105452836074647}, "datetime": {"datetime": "2022-04-29 20:54:41", "elapsed": 105794.258308, "delta": 41.553893}}
{"target": -1.0, "params": {"Bgrad": 1.4351240211752136, "d1": -1.5165393712181054, "d2": -1.7531678616613977, "d3": -1.7832881012930168, "d4": -1.1853140247416496, "p1": 10.287407158879535, "p2": 4.474610849279964, "p3": 27.681047109288226, "p4": 11.91225497498406, "pol1": 0.5695038214362991, "pol2": 0.06218408276804599, "pol3": 0.5016774457757929, "pol4": 0.1117881654617956, "v0s": 5.271897492072169}, "datetime": {"datetime": "2022-04-29 20:55:09", "elapsed": 105821.860504, "delta": 27.602196}}
{"target": -1.0, "params": {"Bgrad": 0.8332440522598101, "d1": 0.4173635734509622, "d2": -0.4808582387582194, "d3": -0.8197573947893555, "d4": -1.665545995642101, "p1": 10.429168650098836, "p2": 37.35577900343106, "p3": 31.107195086221413, "p4": 7.941901021491404, "pol1": 0.07513570580613682, "pol2": 0.23492986758123102, "pol3": -0.1397136289270633, "pol4": 0.7710478579365037, "v0s": 2.6159529718506676}, "datetime": {"datetime": "2022-04-29 20:55:31", "elapsed": 105843.873645, "delta": 22.013141}}
{"target": 4.141605449425487, "params": {"Bgrad": 1.278919484271411, "d1": -1.387298253221405, "d2": 0.6520953044762555, "d3": -2.067888535634961, "d4": -1.0610054168063017, "p1": 40.784669226748576, "p2": 24.236386234735345, "p3": 42.78942225387159, "p4": 48.76646328687961, "pol1": -0.7596830812107879, "pol2": 0.3289010109748224, "pol3": -0.04350655798391465, "pol4": -0.49259156713105673, "v0s": 4.141605449425487}, "datetime": {"datetime": "2022-04-29 20:55:51", "elapsed": 105863.898104, "delta": 20.024459}}
{"target": 2.417356188796356, "params": {"Bgrad": 1.7427154401340117, "d1": 0.7033116237537644, "d2": -0.47144378262534703, "d3": -0.8955288943807936, "d4": -0.4274347260098048, "p1": 26.118836976588945, "p2": 21.17099591730942, "p3": 35.57048428430655, "p4": 8.970785662583067, "pol1": -0.2623069024885458, "pol2": -0.2646126176667369, "pol3": 0.46720247509995527, "pol4": 0.2525093225809329, "v0s": 2.417356188796356}, "datetime": {"datetime": "2022-04-29 20:56:19", "elapsed": 105892.445772, "delta": 28.547668}}
{"target": 4.34030981456413, "params": {"Bgrad": 1.3784742686174518, "d1": -2.14289796621748, "d2": 0.06408244529015428, "d3": -1.763389478757484, "d4": 0.007200263993435486, "p1": 29.10897750732705, "p2": 45.67481237546275, "p3": 25.406547845054636, "p4": 27.743726924657278, "pol1": -0.2970020195482522, "pol2": -0.2178060291680998, "pol3": -0.0681282929342919, "pol4": 0.18520365608807185, "v0s": 4.34030981456413}, "datetime": {"datetime": "2022-04-29 20:56:58", "elapsed": 105930.570833, "delta": 38.125061}}
{"target": -1.0, "params": {"Bgrad": 0.828910142471488, "d1": -2.173579880395686, "d2": 0.7013444983887732, "d3": -1.0804268208295913, "d4": -0.7100488693473663, "p1": 35.307064432050794, "p2": 38.01598124354838, "p3": 23.022545679842985, "p4": 21.24511791201339, "pol1": -0.6457320619419041, "pol2": 0.15216227546269684, "pol3": -0.4140782290814728, "pol4": 0.021162206233914495, "v0s": 3.3612417233002563}, "datetime": {"datetime": "2022-04-29 20:57:41", "elapsed": 105974.311877, "delta": 43.741044}}
{"target": 3.4596341207029746, "params": {"Bgrad": 1.551487836485933, "d1": -2.4538865805581263, "d2": -1.6485363588129693, "d3": -0.8556484906358048, "d4": 1.0, "p1": 1.27510302833047, "p2": 3.292862289534585, "p3": 15.417118543609469, "p4": 19.270246255836955, "pol1": -1.0, "pol2": 0.6065626461668308, "pol3": -0.45525971300446355, "pol4": 1.0, "v0s": 3.4596341207029746}, "datetime": {"datetime": "2022-04-29 20:58:14", "elapsed": 106006.571621, "delta": 32.259744}}
{"target": 5.437823355680861, "params": {"Bgrad": 0.9266848909082682, "d1": -2.1550882229783954, "d2": -0.00535486091057058, "d3": -0.36182038861017796, "d4": -1.334537108038188, "p1": 16.13392423495505, "p2": 16.149358404124516, "p3": 30.9075390739607, "p4": 35.64734204674636, "pol1": -0.15821489732819768, "pol2": -0.3170286439627909, "pol3": 0.18486871766181426, "pol4": 0.6199145600881714, "v0s": 5.437823355680861}, "datetime": {"datetime": "2022-04-29 20:58:41", "elapsed": 106033.666176, "delta": 27.094555}}
{"target": -1.0, "params": {"Bgrad": 1.7492881479045224, "d1": -1.8790539171040317, "d2": -2.962618526631333, "d3": -0.20508561618473964, "d4": -2.9022686715196344, "p1": 37.350823076878804, "p2": 10.36985359508083, "p3": 24.432486278567005, "p4": 48.260181378713405, "pol1": -0.24149971344602816, "pol2": 0.7549469192597373, "pol3": -0.7027223438591259, "pol4": 0.43931153520150534, "v0s": 2.3069747416871094}, "datetime": {"datetime": "2022-04-29 20:59:11", "elapsed": 106064.426926, "delta": 30.76075}}
{"target": 2.363525907340197, "params": {"Bgrad": 1.0103297526065675, "d1": 0.4624210990698359, "d2": -0.4891387104637092, "d3": -0.8737768113929888, "d4": -2.437598153364431, "p1": 29.887458661363947, "p2": 21.371628358243022, "p3": 38.23193240637508, "p4": 49.90913860708963, "pol1": -0.043454014002819986, "pol2": 0.854972009994485, "pol3": 0.1419555805459888, "pol4": -0.9213349516078067, "v0s": 2.363525907340197}, "datetime": {"datetime": "2022-04-29 20:59:32", "elapsed": 106084.544137, "delta": 20.117211}}
{"target": 4.217291063555133, "params": {"Bgrad": 1.2286089339482167, "d1": -1.857606931821512, "d2": 0.2413514532062482, "d3": -1.8621147162966227, "d4": -2.159689324320611, "p1": 22.925580822498418, "p2": 23.35733765876614, "p3": 11.077134635984502, "p4": 35.58658675429652, "pol1": -0.6613861206967401, "pol2": 0.38080159473499353, "pol3": 0.6761224159592029, "pol4": 0.4178029783392296, "v0s": 4.217291063555133}, "datetime": {"datetime": "2022-04-29 20:59:59", "elapsed": 106112.462488, "delta": 27.918351}}
{"target": 4.241033850510981, "params": {"Bgrad": 1.9951713658938004, "d1": -1.315096141962499, "d2": 0.5134272823754845, "d3": -1.384191958140951, "d4": -2.0708110794224783, "p1": 1.5181028213846104, "p2": 45.7977958350755, "p3": 48.012550461398604, "p4": 35.689838923858204, "pol1": 0.01574079741975041, "pol2": 0.45199811032015313, "pol3": 0.44385010520405777, "pol4": 0.4620723116763651, "v0s": 4.241033850510981}, "datetime": {"datetime": "2022-04-29 21:00:36", "elapsed": 106149.23317, "delta": 36.770682}}
{"target": 4.891057376174523, "params": {"Bgrad": 1.0520082062565137, "d1": -0.5463279062138464, "d2": 0.46334677229529353, "d3": -2.910841871199017, "d4": -0.5762388570451225, "p1": 5.362075747425149, "p2": 2.7105548554793524, "p3": 30.027256563883004, "p4": 13.60607289467684, "pol1": -0.16727874910981022, "pol2": 0.7275872762035271, "pol3": -0.7978444843587957, "pol4": 0.053727746295074486, "v0s": 4.891057376174523}, "datetime": {"datetime": "2022-04-29 21:01:12", "elapsed": 106184.840961, "delta": 35.607791}}
{"target": -1.0, "params": {"Bgrad": 1.1732672139929672, "d1": -1.2288536155405394, "d2": -2.59169688507256, "d3": -0.010093949237312216, "d4": -2.367989168261999, "p1": 0.6553619630906837, "p2": 24.46422963146698, "p3": 15.802742593601133, "p4": 38.57526646918469, "pol1": -0.8007758246671022, "pol2": -0.9792686290208452, "pol3": -0.2532706101532034, "pol4": -0.9487232171060991, "v0s": 3.7232958263090845}, "datetime": {"datetime": "2022-04-29 21:01:38", "elapsed": 106210.831467, "delta": 25.990506}}
{"target": 4.998471475244653, "params": {"Bgrad": 0.8101212651974481, "d1": -2.3285436891183813, "d2": 0.9310557137629383, "d3": -1.8741630210353666, "d4": -1.2733882614963807, "p1": 22.301671305054015, "p2": 23.311831036365056, "p3": 9.292656491238722, "p4": 33.88673683667013, "pol1": -0.38329471045495467, "pol2": 0.8398834074303945, "pol3": -0.4585111364394068, "pol4": -0.47978346071364064, "v0s": 4.998471475244653}, "datetime": {"datetime": "2022-04-29 21:02:00", "elapsed": 106232.554384, "delta": 21.722917}}
{"target": -1.0, "params": {"Bgrad": 0.5722354263845796, "d1": 0.8258897777194809, "d2": -0.5438891302752027, "d3": -2.0144003623935376, "d4": -2.6210965851524985, "p1": 25.504983197018856, "p2": 5.548905771365964, "p3": 30.651874097097508, "p4": 26.463483293223266, "pol1": -0.1462736877695041, "pol2": -0.10748009722291996, "pol3": -0.47208458833110134, "pol4": 0.49433500051326673, "v0s": 3.6392008479959737}, "datetime": {"datetime": "2022-04-29 21:02:24", "elapsed": 106256.622031, "delta": 24.067647}}
