{"target": 19.0, "params": {"det_1": 108.61985410152465, "det_2": 20.93278910242955, "laseroff": 428607.09238687926, "laseron": 294306.2933902553, "main_det": 16.54383948959384, "pr_1": 2.8578582082399033, "pr_2": 3.5529820150176676}, "datetime": {"datetime": "2021-12-31 00:49:55", "elapsed": 173758.54457, "delta": 1024.078059}}
{"target": 13.0, "params": {"det_1": 95.1404113362371, "det_2": 7.193791753970961, "laseroff": 387175.10764440714, "laseron": 140682.13302959033, "main_det": 12.16859425513844, "pr_1": 1.1101017743754427, "pr_2": 5.444843211625159}, "datetime": {"datetime": "2021-12-31 01:04:42", "elapsed": 174645.75597, "delta": 887.2114}}
{"target": 5.0, "params": {"det_1": 130.32403621755887, "det_2": 29.63549004067125, "laseroff": 503726.4425663233, "laseron": 139621.47130010536, "main_det": 11.928870986015959, "pr_1": 9.796409552980961, "pr_2": 0.87680165255105}, "datetime": {"datetime": "2021-12-31 01:22:04", "elapsed": 175688.078714, "delta": 1042.322744}}
{"target": 18.0, "params": {"det_1": 111.8998480122232, "det_2": 11.511858177087948, "laseroff": 385535.53377152834, "laseron": 217523.70518183633, "main_det": 14.65218065426707, "pr_1": 8.036947327099622, "pr_2": 4.818859592333999}, "datetime": {"datetime": "2021-12-31 01:39:49", "elapsed": 176752.325719, "delta": 1064.247005}}
{"target": 26.0, "params": {"det_1": 79.10262443720902, "det_2": 15.338470402941995, "laseroff": 387547.5211037868, "laseron": 140419.64138269125, "main_det": 17.11766468285187, "pr_1": 9.22905570856596, "pr_2": 0.9685575893763705}, "datetime": {"datetime": "2021-12-31 01:59:10", "elapsed": 177914.095046, "delta": 1161.769327}}
{"target": 12.0, "params": {"det_1": 149.26027338485414, "det_2": 28.180240468399745, "laseroff": 398111.9388525709, "laseron": 223471.73828293657, "main_det": 13.319961854101019, "pr_1": 5.5970068140369875, "pr_2": 2.8260549569910687}, "datetime": {"datetime": "2021-12-31 02:14:26", "elapsed": 178829.66855, "delta": 915.573504}}
{"target": 18.0, "params": {"det_1": 92.98342267519897, "det_2": 12.857624214231468, "laseroff": 330421.1343334211, "laseron": 181483.4783747711, "main_det": 16.452030297791094, "pr_1": 6.2963147682002, "pr_2": 3.287989589762699}, "datetime": {"datetime": "2021-12-31 02:34:13", "elapsed": 180016.976498, "delta": 1187.307948}}
{"target": 9.0, "params": {"det_1": 98.40825285907744, "det_2": 27.803970423617635, "laseroff": 372265.76652581035, "laseron": 199630.5725205075, "main_det": 10.379774852239812, "pr_1": 0.6425888716505361, "pr_2": 8.503045447115307}, "datetime": {"datetime": "2021-12-31 02:48:22", "elapsed": 180865.779696, "delta": 848.803198}}
{"target": 6.0, "params": {"det_1": 163.93226010072024, "det_2": 6.051778148462432, "laseroff": 579220.7892013835, "laseron": 246470.95119552937, "main_det": 10.634025720855913, "pr_1": 4.8870361661226225, "pr_2": 9.274351444099537}, "datetime": {"datetime": "2021-12-31 03:02:56", "elapsed": 181739.530175, "delta": 873.750479}}
{"target": 21.0, "params": {"det_1": 155.0020182952575, "det_2": 26.935703917507745, "laseroff": 329378.0085202387, "laseron": 206388.48775632316, "main_det": 16.84483130377577, "pr_1": 7.720908160069069, "pr_2": 8.816274432263025}, "datetime": {"datetime": "2021-12-31 03:23:30", "elapsed": 182973.343346, "delta": 1233.813171}}
{"target": 5.0, "params": {"det_1": 144.08154189207715, "det_2": 25.334782332904787, "laseroff": 415898.6547074639, "laseron": 197145.05609525423, "main_det": 10.05387794431763, "pr_1": 6.996920712319565, "pr_2": 8.167244677496626}, "datetime": {"datetime": "2021-12-31 03:35:26", "elapsed": 183689.895312, "delta": 716.551966}}
{"target": 7.0, "params": {"det_1": 168.35517775986958, "det_2": 25.04166501368344, "laseroff": 356977.5490335446, "laseron": 153740.92057142477, "main_det": 11.374601160801761, "pr_1": 3.1089227418531977, "pr_2": 0.8682258930196678}, "datetime": {"datetime": "2021-12-31 03:49:24", "elapsed": 184527.219547, "delta": 837.324235}}
{"target": 30.0, "params": {"det_1": 137.01021160419424, "det_2": 19.904466312664383, "laseroff": 495173.74736586557, "laseron": 193879.74414201418, "main_det": 19.344629443126056, "pr_1": 6.043608245053569, "pr_2": 5.5884521780298355}, "datetime": {"datetime": "2021-12-31 04:08:57", "elapsed": 185700.99934, "delta": 1173.779793}}
{"target": 7.0, "params": {"det_1": 157.75086272002451, "det_2": 18.299268593443387, "laseroff": 495003.9300404593, "laseron": 193829.91494570172, "main_det": 16.033164443223693, "pr_1": 1.5930252350882732, "pr_2": 2.1207572050246566}, "datetime": {"datetime": "2021-12-31 04:25:19", "elapsed": 186682.339992, "delta": 981.340652}}
{"target": 12.0, "params": {"det_1": 92.89601688629307, "det_2": 11.172076588757083, "laseroff": 404539.4560754717, "laseron": 287222.47851691383, "main_det": 14.596938349104956, "pr_1": 2.1847269919490113, "pr_2": 9.616909807784763}, "datetime": {"datetime": "2021-12-31 04:39:21", "elapsed": 187524.996102, "delta": 842.65611}}
{"target": 22.0, "params": {"det_1": 97.85107069193728, "det_2": 18.190600466014345, "laseroff": 438601.9299908654, "laseron": 246082.90302069281, "main_det": 18.061685006513386, "pr_1": 5.484004270036091, "pr_2": 7.225796210282225}, "datetime": {"datetime": "2021-12-31 04:57:00", "elapsed": 188584.014341, "delta": 1059.018239}}
{"target": 6.0, "params": {"det_1": 143.4523834213245, "det_2": 12.589444988314003, "laseroff": 447060.24944349355, "laseron": 214589.57296788873, "main_det": 15.08949805833181, "pr_1": 3.897996655840273, "pr_2": 2.2690471855956402}, "datetime": {"datetime": "2021-12-31 05:12:16", "elapsed": 189499.639252, "delta": 915.624911}}
{"target": 18.0, "params": {"det_1": 153.30556893891998, "det_2": 28.724167989823876, "laseroff": 303928.70855086634, "laseron": 149988.0916735361, "main_det": 14.451531267643961, "pr_1": 6.612327054917657, "pr_2": 5.0009083236931025}, "datetime": {"datetime": "2021-12-31 05:30:53", "elapsed": 190616.830931, "delta": 1117.191679}}
{"target": 6.0, "params": {"det_1": 132.02377480535498, "det_2": 27.79003129773518, "laseroff": 373412.4011696085, "laseron": 274843.01984701946, "main_det": 10.554039655436238, "pr_1": 2.453482549895089, "pr_2": 4.3036395378297865}, "datetime": {"datetime": "2021-12-31 05:43:50", "elapsed": 191393.315316, "delta": 776.484385}}
{"target": 18.0, "params": {"det_1": 112.14241224976855, "det_2": 26.17245211046226, "laseroff": 456594.07928719843, "laseron": 261926.14441658728, "main_det": 15.421116876958225, "pr_1": 8.246646679345162, "pr_2": 0.9217076236064855}, "datetime": {"datetime": "2021-12-31 05:59:11", "elapsed": 192314.990939, "delta": 921.675623}}
{"target": 7.0, "params": {"det_1": 147.95110443416763, "det_2": 25.866491949777096, "laseroff": 553502.0786475748, "laseron": 214527.18419862096, "main_det": 18.302021894600827, "pr_1": 3.922613744154048, "pr_2": 5.3028711668012765}, "datetime": {"datetime": "2021-12-31 06:15:42", "elapsed": 193305.480123, "delta": 990.489184}}
{"target": 9.0, "params": {"det_1": 152.7476967441911, "det_2": 13.702875841141225, "laseroff": 461753.47014000185, "laseron": 251879.01294269424, "main_det": 14.92296377897404, "pr_1": 5.278349905262535, "pr_2": 3.332523643460175}, "datetime": {"datetime": "2021-12-31 06:31:02", "elapsed": 194225.84271, "delta": 920.362587}}
{"target": 5.0, "params": {"det_1": 154.63570499649603, "det_2": 15.062544153927316, "laseroff": 507592.0001408191, "laseron": 279968.9027265418, "main_det": 11.487484071755796, "pr_1": 2.514172239123948, "pr_2": 3.965530884213551}, "datetime": {"datetime": "2021-12-31 06:45:02", "elapsed": 195065.925773, "delta": 840.083063}}
{"target": 21.0, "params": {"det_1": 141.50431146213913, "det_2": 15.363514611383968, "laseroff": 303680.99574723205, "laseron": 149858.36185484345, "main_det": 16.851678552686423, "pr_1": 6.797554020936866, "pr_2": 0.9509690473627044}, "datetime": {"datetime": "2021-12-31 07:06:21", "elapsed": 196344.968114, "delta": 1279.042341}}
{"target": 30.0, "params": {"det_1": 131.14873947457312, "det_2": 23.276787355666592, "laseroff": 413183.70900542923, "laseron": 151068.6804156147, "main_det": 17.740785097512074, "pr_1": 6.468883874031582, "pr_2": 6.6513032661587195}, "datetime": {"datetime": "2021-12-31 07:25:32", "elapsed": 197495.720314, "delta": 1150.7522}}
{"target": 14.0, "params": {"det_1": 144.88162373946167, "det_2": 8.93920738128141, "laseroff": 386238.6769255196, "laseron": 190631.6475174176, "main_det": 14.40337650550265, "pr_1": 1.503294416715037, "pr_2": 6.7608712861359805}, "datetime": {"datetime": "2021-12-31 07:41:48", "elapsed": 198471.652651, "delta": 975.932337}}
{"target": 9.0, "params": {"det_1": 93.366613923925, "det_2": 7.549181485644936, "laseroff": 454757.589233542, "laseron": 215422.3260651728, "main_det": 11.526716440931633, "pr_1": 6.407159201533947, "pr_2": 5.6680961287324125}, "datetime": {"datetime": "2021-12-31 12:02:47", "elapsed": 214130.741143, "delta": 15659.088492}}
{"target": 5.0, "params": {"det_1": 135.41373469707443, "det_2": 8.613638503116494, "laseroff": 525458.593612756, "laseron": 174158.6688540355, "main_det": 15.19351824366033, "pr_1": 7.96031226810538, "pr_2": 0.7121390659221587}, "datetime": {"datetime": "2021-12-31 12:18:02", "elapsed": 215045.999392, "delta": 915.258249}}
{"target": 19.0, "params": {"det_1": 102.43624597261865, "det_2": 26.823059410002777, "laseroff": 553413.0375710132, "laseron": 225338.15025809337, "main_det": 18.66608274166513, "pr_1": 9.523156917859453, "pr_2": 8.350866477478743}, "datetime": {"datetime": "2021-12-31 12:35:06", "elapsed": 216069.524714, "delta": 1023.525322}}
{"target": 9.0, "params": {"det_1": 155.41154438365388, "det_2": 7.468585045508709, "laseroff": 495391.648397965, "laseron": 252040.90800357313, "main_det": 16.102408126466297, "pr_1": 8.096344986492266, "pr_2": 0.8284265887805253}, "datetime": {"datetime": "2021-12-31 12:51:32", "elapsed": 217055.714311, "delta": 986.189597}}
{"target": 30.0, "params": {"det_1": 147.023873455498, "det_2": 23.293215018488173, "laseroff": 377910.2582911126, "laseron": 179823.52977747045, "main_det": 16.32303317430128, "pr_1": 3.780325885115275, "pr_2": 8.06759244106923}, "datetime": {"datetime": "2021-12-31 13:12:03", "elapsed": 218286.502117, "delta": 1230.787806}}
{"target": 3.0, "params": {"det_1": 114.61462320034573, "det_2": 24.568735369604298, "laseroff": 597141.5446153686, "laseron": 186808.17140300368, "main_det": 11.430058282580994, "pr_1": 9.062430145318102, "pr_2": 5.644814099430046}, "datetime": {"datetime": "2021-12-31 13:27:32", "elapsed": 219215.919078, "delta": 929.416961}}
{"target": 3.0, "params": {"det_1": 167.47403708550823, "det_2": 20.91511000004743, "laseroff": 598173.913470119, "laseron": 226572.41327816385, "main_det": 15.264259339055213, "pr_1": 1.786565079185614, "pr_2": 3.8791991243468704}, "datetime": {"datetime": "2021-12-31 13:44:31", "elapsed": 220234.433251, "delta": 1018.514173}}
{"target": 5.0, "params": {"det_1": 72.62185672963733, "det_2": 9.009879487991228, "laseroff": 523691.4121750561, "laseron": 143157.45384288087, "main_det": 13.665430972437443, "pr_1": 8.69228940196142, "pr_2": 7.080438316319865}, "datetime": {"datetime": "2021-12-31 13:59:39", "elapsed": 221143.103553, "delta": 908.670302}}
{"target": 26.0, "params": {"det_1": 139.09421420661687, "det_2": 9.715920023882772, "laseroff": 432571.8423202463, "laseron": 232315.96141201255, "main_det": 19.89751707663705, "pr_1": 2.4371091397146576, "pr_2": 2.853462566742371}, "datetime": {"datetime": "2021-12-31 14:19:22", "elapsed": 222325.504074, "delta": 1182.400521}}
{"target": 11.0, "params": {"det_1": 96.21730837729119, "det_2": 23.75431033244982, "laseroff": 437093.1412553804, "laseron": 147448.90595737874, "main_det": 15.085162406102395, "pr_1": 2.5136215641149215, "pr_2": 8.086740325221996}, "datetime": {"datetime": "2021-12-31 14:35:55", "elapsed": 223318.222033, "delta": 992.717959}}
{"target": 16.0, "params": {"det_1": 135.79606317032648, "det_2": 22.61763197658876, "laseroff": 438422.649136179, "laseron": 246114.16665064855, "main_det": 14.394512217375489, "pr_1": 8.209062213477875, "pr_2": 8.817459856656281}, "datetime": {"datetime": "2021-12-31 14:49:56", "elapsed": 224159.673228, "delta": 841.451195}}
{"target": 17.0, "params": {"det_1": 81.85605892142051, "det_2": 27.403775485660766, "laseroff": 392032.77974455466, "laseron": 195835.40023082047, "main_det": 13.52718953317762, "pr_1": 9.075148790740675, "pr_2": 2.0590709234907334}, "datetime": {"datetime": "2021-12-31 15:05:32", "elapsed": 225095.428324, "delta": 935.755096}}
{"target": 19.0, "params": {"det_1": 139.99433434486838, "det_2": 6.316116952215301, "laseroff": 398037.9889323396, "laseron": 223944.53160472412, "main_det": 13.013148145543187, "pr_1": 8.402422278340719, "pr_2": 4.430954398569511}, "datetime": {"datetime": "2021-12-31 15:20:10", "elapsed": 225973.978981, "delta": 878.550657}}
{"target": 30.0, "params": {"det_1": 153.24187623967282, "det_2": 9.628261012302426, "laseroff": 413455.06429049827, "laseron": 151186.48587686624, "main_det": 17.61418736632286, "pr_1": 6.560860274028972, "pr_2": 0.9476109823092569}, "datetime": {"datetime": "2021-12-31 15:40:05", "elapsed": 227168.264393, "delta": 1194.285412}}
{"target": 10.0, "params": {"det_1": 105.18258648627224, "det_2": 19.007278005784556, "laseroff": 426042.0481748512, "laseron": 248031.0593315513, "main_det": 11.467683475299697, "pr_1": 3.3803658594868122, "pr_2": 5.05380869190271}, "datetime": {"datetime": "2021-12-31 15:52:59", "elapsed": 227942.725071, "delta": 774.460678}}
{"target": 10.0, "params": {"det_1": 136.03496493146767, "det_2": 26.182358858155343, "laseroff": 578821.3362816822, "laseron": 249913.54936448054, "main_det": 17.898132853732307, "pr_1": 7.794761586638685, "pr_2": 9.387080993348478}, "datetime": {"datetime": "2021-12-31 16:10:11", "elapsed": 228975.001951, "delta": 1032.27688}}
{"target": 8.0, "params": {"det_1": 134.41380905904578, "det_2": 7.510147657910617, "laseroff": 575405.2612952832, "laseron": 230369.85583331098, "main_det": 14.396141572217356, "pr_1": 7.901162662382598, "pr_2": 3.0547704690714554}, "datetime": {"datetime": "2021-12-31 16:26:18", "elapsed": 229941.983975, "delta": 966.982024}}
{"target": 13.0, "params": {"det_1": 127.07379046015389, "det_2": 9.361723098920017, "laseroff": 357360.58232714917, "laseron": 154088.4885657409, "main_det": 11.905532234101594, "pr_1": 8.842318205291193, "pr_2": 7.222206303005528}, "datetime": {"datetime": "2021-12-31 16:43:49", "elapsed": 230992.754154, "delta": 1050.770179}}
{"target": 7.0, "params": {"det_1": 78.68494553479277, "det_2": 18.231618998763892, "laseroff": 500645.03812990116, "laseron": 147697.84583523852, "main_det": 15.217585506429588, "pr_1": 3.9303391054246033, "pr_2": 1.701918561141114}, "datetime": {"datetime": "2021-12-31 17:05:18", "elapsed": 232281.471583, "delta": 1288.717429}}
{"target": 20.0, "params": {"det_1": 135.94858867636705, "det_2": 6.703015405148564, "laseroff": 362309.7586711238, "laseron": 178376.3213302943, "main_det": 14.53310328474885, "pr_1": 7.830369898133951, "pr_2": 9.72599976433338}, "datetime": {"datetime": "2021-12-31 17:22:24", "elapsed": 233307.721065, "delta": 1026.249482}}
{"target": 30.0, "params": {"det_1": 143.75235159908962, "det_2": 14.324004405647434, "laseroff": 399888.25207178516, "laseron": 172187.88545064753, "main_det": 16.855718248266317, "pr_1": 3.9953089647577746, "pr_2": 9.161849673853792}, "datetime": {"datetime": "2021-12-31 17:42:14", "elapsed": 234497.398009, "delta": 1189.676944}}
{"target": 28.0, "params": {"det_1": 84.31615056696874, "det_2": 24.89909846506808, "laseroff": 383393.57965447847, "laseron": 168307.2532523006, "main_det": 18.54462543471567, "pr_1": 2.2458578034528722, "pr_2": 7.84386706353073}, "datetime": {"datetime": "2021-12-31 18:02:05", "elapsed": 235688.312301, "delta": 1190.914292}}
{"target": 6.0, "params": {"det_1": 104.35926559313644, "det_2": 9.81226611819929, "laseroff": 460991.5976536765, "laseron": 245493.25050274062, "main_det": 14.192774364742505, "pr_1": 0.96831623127548, "pr_2": 5.44847538434929}, "datetime": {"datetime": "2021-12-31 18:16:32", "elapsed": 236555.258572, "delta": 866.946271}}
{"target": 27.0, "params": {"det_1": 110.13208201787597, "det_2": 16.80321548237201, "laseroff": 461549.10135114484, "laseron": 205948.28524238575, "main_det": 17.501871903502007, "pr_1": 4.64703159792587, "pr_2": 2.3048581291273833}, "datetime": {"datetime": "2021-12-31 18:34:57", "elapsed": 237661.207498, "delta": 1105.948926}}
{"target": 3.0, "params": {"det_1": 89.98483487171649, "det_2": 18.823477612081778, "laseroff": 373244.1542413744, "laseron": 269396.50063248834, "main_det": 10.806965416219569, "pr_1": 5.548094392475122, "pr_2": 1.33973138583261}, "datetime": {"datetime": "2021-12-31 18:48:16", "elapsed": 238459.860911, "delta": 798.653413}}
{"target": 12.0, "params": {"det_1": 93.53422589003497, "det_2": 8.48878940133351, "laseroff": 428225.3916765568, "laseron": 170171.62227907934, "main_det": 12.940646805562881, "pr_1": 4.525055361374497, "pr_2": 7.479622309985362}, "datetime": {"datetime": "2021-12-31 19:03:00", "elapsed": 239343.897517, "delta": 884.036606}}
{"target": 7.0, "params": {"det_1": 158.11263787957307, "det_2": 5.037061802189031, "laseroff": 357192.9837289495, "laseron": 153924.96042688235, "main_det": 10.964386634597448, "pr_1": 3.5326733679169897, "pr_2": 8.36143007544919}, "datetime": {"datetime": "2021-12-31 19:17:19", "elapsed": 240202.307835, "delta": 858.410318}}
{"target": 11.0, "params": {"det_1": 78.39872178388434, "det_2": 19.569280389976402, "laseroff": 491716.8306637941, "laseron": 147556.45538012206, "main_det": 16.322949895082708, "pr_1": 4.499135245285986, "pr_2": 2.389129966921634}, "datetime": {"datetime": "2021-12-31 19:33:20", "elapsed": 241164.201402, "delta": 961.893567}}
