[{"target": 4.0, "params": {"det_1": 111.7022004702574, "det_2": 23.00811233605395, "laseroff": 300035.31233082863, "laseron": 187145.3169489264, "main_det": 11.46755890817113, "pr_1": 1.3772166503035792, "pr_2": 2.269472008087874}}, {"target": 22.0, "params": {"det_1": 92.39637662950776, "det_2": 29.173565798115998, "laseroff": 460323.4785963767, "laseron": 259302.37347050547, "main_det": 18.32086068744723, "pr_1": 3.423016784614778, "pr_2": 5.7674291731136496}}, {"target": 24.0, "params": {"det_1": 104.55607270430477, "det_2": 14.919186855766748, "laseroff": 461645.4813842731, "laseron": 206048.90464987696, "main_det": 16.852195003967594, "pr_1": 2.4422963724494156, "pr_2": 8.842115645713982}}, {"target": 10.0, "params": {"det_1": 72.73875931979262, "det_2": 21.761687754460056, "laseroff": 425192.0234053357, "laseron": 228613.66664938477, "main_det": 11.403869385952337, "pr_1": 2.3819641463063483, "pr_2": 8.107073402417598}}, {"target": 21.0, "params": {"det_1": 166.82615757193975, "det_2": 12.835604453981071, "laseroff": 507697.09237817855, "laseron": 280004.70927540713, "main_det": 18.946066635038473, "pr_1": 1.30792000801289, "pr_2": 0.8710204407123825}}, {"target": 22.0, "params": {"det_1": 86.98304195645689, "det_2": 26.953562585735327, "laseroff": 329504.9518030812, "laseron": 206358.36942081724, "main_det": 19.57889530150502, "pr_1": 5.565070207243663, "pr_2": 7.072832582529497}}, {"target": 9.0, "params": {"det_1": 101.5515631006063, "det_2": 22.162523192039593, "laseroff": 550387.8669435399, "laseron": 141198.31174319648, "main_det": 17.501443149449674, "pr_1": 9.8941803446117, "pr_2": 7.607573716608474}}, {"target": 19.0, "params": {"det_1": 146.5186263119211, "det_2": 7.737938117598828, "laseroff": 456594.6004312142, "laseron": 262510.53924338834, "main_det": 16.87139173260462, "pr_1": 1.7633246370763251, "pr_2": 2.4182838996703504}}, {"target": 10.0, "params": {"det_1": 166.49405050630827, "det_2": 6.6574914553185796, "laseroff": 315670.8431576838, "laseron": 237162.68026410803, "main_det": 15.790623075468524, "pr_1": 8.677154820297211, "pr_2": 4.325059097771048}}, {"target": 7.0, "params": {"det_1": 121.64457414979762, "det_2": 21.835815871865567, "laseroff": 467008.7415930798, "laseron": 218267.54310706595, "main_det": 13.998902132760314, "pr_1": 5.936889946090949, "pr_2": 5.26140479412744}}, {"target": 6.0, "params": {"det_1": 110.3890125919745, "det_2": 25.697439535258226, "laseroff": 456882.1501416901, "laseron": 201360.93483584656, "main_det": 12.35611374398485, "pr_1": 4.528460805068348, "pr_2": 8.352982782620945}}, {"target": 6.0, "params": {"det_1": 163.8792372027851, "det_2": 15.040560711996473, "laseroff": 461086.4435244836, "laseron": 206795.1213328141, "main_det": 18.015035223036243, "pr_1": 1.236640101372363, "pr_2": 4.759510774180764}}, {"target": 0.0, "params": {"det_1": 162.509884677212, "det_2": 25.954813328379032, "laseroff": 302276.4227178997, "laseron": 282889.2260129475, "main_det": 10.053662707439653, "pr_1": 5.333063133786502, "pr_2": 4.722731585278923}}, {"target": 3.0, "params": {"det_1": 168.19296810910865, "det_2": 9.951464003179218, "laseroff": 578764.4778416427, "laseron": 205423.31987755324, "main_det": 14.044550181657595, "pr_1": 0.6530267268271608, "pr_2": 7.916095951831473}}, {"target": 3.0, "params": {"det_1": 132.88733772297846, "det_2": 25.715751274921203, "laseroff": 486901.18663518503, "laseron": 191619.90921239124, "main_det": 12.94086150637661, "pr_1": 1.3644983176453593, "pr_2": 0.6300079348689491}}, {"target": 28.0, "params": {"det_1": 116.53158654819931, "det_2": 10.890775087558234, "laseroff": 357603.7848831526, "laseron": 153897.56725748244, "main_det": 19.277063430110857, "pr_1": 4.57606239373632, "pr_2": 6.165593763468909}}, {"target": 11.0, "params": {"det_1": 152.60301439197605, "det_2": 24.436809981102154, "laseroff": 515202.794962093, "laseron": 259769.56165719207, "main_det": 18.587303246801568, "pr_1": 0.5641631101726555, "pr_2": 7.217552464640853}}, {"target": 24.0, "params": {"det_1": 98.04439920644052, "det_2": 24.73198321128721, "laseroff": 330968.69874728605, "laseron": 210691.25679421442, "main_det": 19.085955030930954, "pr_1": 3.289334409549955, "pr_2": 3.233865716570313}}, {"target": 6.0, "params": {"det_1": 83.00285721182777, "det_2": 5.484173946757426, "laseroff": 503650.9810464344, "laseron": 172472.96404416955, "main_det": 12.655466593722263, "pr_1": 5.169945013163214, "pr_2": 1.0069441786122637}}, {"target": 5.0, "params": {"det_1": 127.4117605492013, "det_2": 8.668214372645254, "laseroff": 476792.0717654484, "laseron": 251432.91231698584, "main_det": 11.023344288278258, "pr_1": 4.433531884285899, "pr_2": 7.096801498413578}}, {"target": 20.0, "params": {"det_1": 111.41792695269027, "det_2": 6.2488364736521795, "laseroff": 460769.38587824756, "laseron": 245615.42181075303, "main_det": 15.148891120583086, "pr_1": 9.473650181912726, "pr_2": 6.072272884768933}}, {"target": 7.0, "params": {"det_1": 160.34019152878835, "det_2": 8.436867603655937, "laseroff": 341783.7648988803, "laseron": 268843.6148616526, "main_det": 13.976768369855336, "pr_1": 2.070864872610861, "pr_2": 9.311331513762322}}, {"target": 15.0, "params": {"det_1": 104.77658597455066, "det_2": 23.77030257840389, "laseroff": 517799.6696071501, "laseron": 281123.5933134518, "main_det": 16.23672207055609, "pr_1": 7.633953123259703, "pr_2": 3.814534248789504}}, {"target": 19.0, "params": {"det_1": 96.99278917650261, "det_2": 27.39715545490167, "laseroff": 428427.9288701986, "laseron": 294312.52602672286, "main_det": 16.63441497818448, "pr_1": 6.406109341986657, "pr_2": 1.5900867430570642}}, {"target": 3.0, "params": {"det_1": 164.94892587070711, "det_2": 16.247803336998516, "laseroff": 473517.30592652515, "laseron": 204260.20921466482, "main_det": 12.370269802430277, "pr_1": 9.08210544534141, "pr_2": 5.949955123386715}}, {"target": 25.0, "params": {"det_1": 70.2870327031159, "det_2": 20.428622840518095, "laseroff": 397994.14388672705, "laseron": 223496.91862119088, "main_det": 18.859420993107747, "pr_1": 3.8940627200237476, "pr_2": 9.131083933738092}}, {"target": 20.0, "params": {"det_1": 132.33601157918028, "det_2": 5.395531071163907, "laseroff": 578831.2406858946, "laseron": 249999.4853775376, "main_det": 19.973228504514807, "pr_1": 2.1372348292806214, "pr_2": 1.8027896214743386}}, {"target": 7.0, "params": {"det_1": 152.78248995952413, "det_2": 19.785306266938143, "laseroff": 484106.7336055301, "laseron": 227082.247855154, "main_det": 15.980183315428572, "pr_1": 6.564950977356865, "pr_2": 3.7807821088501234}}, {"target": 9.0, "params": {"det_1": 83.70069521429068, "det_2": 29.827447155388104, "laseroff": 390214.49496208, "laseron": 247725.4215134339, "main_det": 11.266670639225413, "pr_1": 7.354857393808941, "pr_2": 1.2476268560283685}}, {"target": 7.0, "params": {"det_1": 129.9956507062524, "det_2": 11.458051688144096, "laseroff": 555153.7459719644, "laseron": 224289.85470924963, "main_det": 13.370434869393675, "pr_1": 8.774677886321673, "pr_2": 6.269464074618332}}, {"target": 25.0, "params": {"det_1": 71.89856351743836, "det_2": 26.567608843050724, "laseroff": 428181.3079892165, "laseron": 169879.6344517428, "main_det": 16.811884268301434, "pr_1": 4.432359832494052, "pr_2": 4.1115528553019445}}, {"target": 15.0, "params": {"det_1": 93.71726539285198, "det_2": 16.90236737732824, "laseroff": 384670.2353127656, "laseron": 291559.2705258674, "main_det": 19.015692725238644, "pr_1": 8.730689746542465, "pr_2": 8.235044736610906}}, {"target": 7.0, "params": {"det_1": 115.3937579982429, "det_2": 26.77741338619096, "laseroff": 434137.7932968026, "laseron": 152016.35215783978, "main_det": 10.685131927413167, "pr_1": 7.419806677619781, "pr_2": 7.233649178487154}}, {"target": 30.0, "params": {"det_1": 96.22434561859045, "det_2": 15.482231288112553, "laseroff": 398845.9685114464, "laseron": 162426.83781029694, "main_det": 19.434382715500604, "pr_1": 1.2983134215897505, "pr_2": 5.531458066690437}}]
