{"target": -1.0, "params": {"Bgrad": 1.3009419253164243, "d1": -0.2586788886119238, "d2": -1.2823284828002484, "d3": -1.7813476399697956, "d4": -2.6822647056496267, "p1": 24.14887428643239, "p2": 2.2845682265726808, "p3": 31.141544715170056, "p4": 49.38238314265479, "pol1": -0.5129753681016842, "pol2": -0.7325538796970288, "pol3": 0.9453181705769136, "pol4": -0.2420975961357703, "v0s": 4.056615471791051}, "datetime": {"datetime": "2022-04-28 18:19:19", "elapsed": 10071.859428, "delta": 12.214341}}
{"target": -1.0, "params": {"Bgrad": 0.8961054201479579, "d1": -0.4549452946625592, "d2": -0.532204025160421, "d3": -2.8804821872778996, "d4": -0.8991932596208767, "p1": 24.295267353096424, "p2": 47.82409122611959, "p3": 27.140460399542516, "p4": 0.9395726073513244, "pol1": -0.5296956524365013, "pol2": 0.40702345495129855, "pol3": 0.025482367446747034, "pol4": -0.5853683230888036, "v0s": 6.216259860091148}, "datetime": {"datetime": "2022-04-28 18:19:28", "elapsed": 10080.886292, "delta": 9.026864}}
{"target": -1.0, "params": {"Bgrad": 1.6944476592713653, "d1": -1.9511326306009331, "d2": -2.909310683116375, "d3": 0.8667717255453309, "d4": 0.7282073140565157, "p1": 43.28364089349, "p2": 19.993633556347973, "p3": 43.98884924805394, "p4": 22.700257078172854, "pol1": -0.26478614342285, "pol2": -0.4324315857813672, "pol3": 0.8136748225584085, "pol4": -0.2306380637469918, "v0s": 2.082408485242918}, "datetime": {"datetime": "2022-04-28 18:19:45", "elapsed": 10097.996542, "delta": 17.11025}}
{"target": -1.0, "params": {"Bgrad": 0.929552752862895, "d1": -2.078200886500537, "d2": -2.2053611581727908, "d3": 0.52463594346206, "d4": -1.2178274358785401, "p1": 4.238469138948508, "p2": 25.858807342677427, "p3": 32.18379884206598, "p4": 24.504233916033876, "pol1": -0.1597181955354996, "pol2": 0.7250218072789223, "pol3": -0.5431752289286589, "pol4": 0.040669101621597425, "v0s": 3.0556894963056407}, "datetime": {"datetime": "2022-04-28 18:19:57", "elapsed": 10109.820926, "delta": 11.824384}}
{"target": -1.0, "params": {"Bgrad": 0.8279149653112852, "d1": -2.2144109484066843, "d2": 0.9571639508912342, "d3": 0.3960162965788192, "d4": -2.5774155727370607, "p1": 37.39452818138221, "p2": 39.250673527061814, "p3": 27.230983858050863, "p4": 44.94605028973231, "pol1": 0.8107423427622935, "pol2": -0.9933971616714861, "pol3": -0.2673312735710933, "pol4": -0.6813438996985757, "v0s": 3.8359728632241166}, "datetime": {"datetime": "2022-04-28 18:20:08", "elapsed": 10120.941193, "delta": 11.120267}}
{"target": -1.0, "params": {"Bgrad": 1.6724504122455222, "d1": -1.7211254034444359, "d2": -2.5695116030324443, "d3": -1.257271275034908, "d4": 0.5555106808356975, "p1": 23.18252229680332, "p2": 3.1303768011247515, "p3": 21.7736211649566, "p4": 44.07964185178444, "pol1": 0.9024307244255221, "pol2": -0.7984561907079071, "pol3": 0.4197737751876016, "pol4": 0.582409230759235, "v0s": 7.536041071216665}, "datetime": {"datetime": "2022-04-28 18:20:23", "elapsed": 10136.374926, "delta": 15.433733}}
{"target": -1.0, "params": {"Bgrad": 0.6054099612633557, "d1": -0.9540530973606898, "d2": -1.7710934530249118, "d3": -2.9759187850182602, "d4": 0.1917987481521899, "p1": 35.60020476997578, "p2": 5.105220838423091, "p3": 32.190413405442854, "p4": 40.08857101168539, "pol1": 0.28608738228682884, "pol2": 0.017744101820062808, "pol3": 0.32453565674456253, "pol4": -0.13494946218212212, "v0s": 7.227928836379117}, "datetime": {"datetime": "2022-04-28 18:20:30", "elapsed": 10143.083987, "delta": 6.709061}}
{"target": -1.0, "params": {"Bgrad": 1.0188550233991416, "d1": 0.012901555426667155, "d2": -2.1161142121169525, "d3": -2.2704737773852375, "d4": -2.4336298138730297, "p1": 37.21573416512153, "p2": 28.897139680373453, "p3": 14.278962817891493, "p4": 33.758489761327354, "pol1": 0.8916345860016262, "pol2": -0.10284824737434395, "pol3": 0.6772110310043702, "pol4": -0.5662449013880044, "v0s": 6.193984829793309}, "datetime": {"datetime": "2022-04-28 18:20:40", "elapsed": 10152.712243, "delta": 9.628256}}
{"target": 4.546278316692867, "params": {"Bgrad": 1.7971022022326142, "d1": -2.419511897574448, "d2": 0.5576665592052557, "d3": -1.864783724384147, "d4": 0.16239312195219702, "p1": 41.379622910416316, "p2": 43.724665607195725, "p3": 32.31545475255895, "p4": 13.792751127843367, "pol1": 0.8951300555016608, "pol2": -0.05417605111067747, "pol3": 0.907667132168207, "pol4": -0.11216422277886684, "v0s": 4.546278316692867}, "datetime": {"datetime": "2022-04-28 18:20:48", "elapsed": 10160.651016, "delta": 7.938773}}
{"target": -1.0, "params": {"Bgrad": 1.424983527856855, "d1": -0.8527198046797944, "d2": 0.6151829516055316, "d3": 0.8185545957420279, "d4": -1.3016059573298353, "p1": 7.876254946240807, "p2": 46.24473295556389, "p3": 36.3450989132784, "p4": 41.35610053888035, "pol1": 0.5088496350645981, "pol2": -0.6449847303324436, "pol3": -0.5195037214268126, "pol4": -0.6672809079071815, "v0s": 2.113526945974445}, "datetime": {"datetime": "2022-04-28 18:21:00", "elapsed": 10173.017949, "delta": 12.366933}}
{"target": -1.0, "params": {"Bgrad": 1.6547712782879687, "d1": -0.5658201100376803, "d2": -1.8462241307782485, "d3": -1.2655125266948999, "d4": -2.1722520348909504, "p1": 14.243152443371526, "p2": 23.60192280613974, "p3": 13.744460065821624, "p4": 46.123828403002356, "pol1": -0.07935805356195802, "pol2": 0.8563417333349208, "pol3": -0.6249107486823242, "pol4": -0.5921966302632238, "v0s": 6.335379923045912}, "datetime": {"datetime": "2022-04-28 18:21:14", "elapsed": 10187.370572, "delta": 14.352623}}
{"target": -1.0, "params": {"Bgrad": 0.7731958185442189, "d1": -2.8073883139401623, "d2": -1.8960476389650922, "d3": -0.8538211912852813, "d4": -0.8515058919016094, "p1": 34.161196664973694, "p2": 9.81703325316956, "p3": 21.596589784487275, "p4": 47.676115667388586, "pol1": 0.41887339471365936, "pol2": -0.8176157062244047, "pol3": -0.41927105061418724, "pol4": -0.26264191232595224, "v0s": 3.757404864285586}, "datetime": {"datetime": "2022-04-28 18:21:23", "elapsed": 10195.952626, "delta": 8.582054}}
{"target": -1.0, "params": {"Bgrad": 1.901669355977896, "d1": 0.7271222186399902, "d2": -0.8204902590845231, "d3": 0.8472778670830006, "d4": -1.7664102901080856, "p1": 16.87304864461776, "p2": 18.7502983566314, "p3": 5.8334805086946995, "p4": 3.1051242728915964, "pol1": 0.22742647661993853, "pol2": -0.04752573894997836, "pol3": 0.2923429308581009, "pol4": 0.14866404617081685, "v0s": 3.3462145267093852}, "datetime": {"datetime": "2022-04-28 18:21:43", "elapsed": 10216.126684, "delta": 20.174058}}
{"target": -1.0, "params": {"Bgrad": 1.1818649249959812, "d1": 0.9778850837346749, "d2": -1.3618891462026514, "d3": 0.04226872812068594, "d4": -1.3445195482531145, "p1": 12.967275225378117, "p2": 8.771017409528687, "p3": 27.113115650623065, "p4": 47.14172023822872, "pol1": -0.2382611072100833, "pol2": 0.7792772750862422, "pol3": -0.9482659621265468, "pol4": 0.08174408825386581, "v0s": 3.597155745970022}, "datetime": {"datetime": "2022-04-28 18:21:57", "elapsed": 10229.935761, "delta": 13.809077}}
{"target": -1.0, "params": {"Bgrad": 1.6954802862278413, "d1": -2.1187171434940657, "d2": -2.6999510443754633, "d3": -2.366873791518516, "d4": 0.7034625389471767, "p1": 29.12282332456283, "p2": 7.36917372141595, "p3": 5.6280637216159395, "p4": 1.469122480374535, "pol1": 0.2943433471154304, "pol2": -0.9675364897619363, "pol3": 0.026517802281190717, "pol4": -0.5837286377033959, "v0s": 4.425140728119336}, "datetime": {"datetime": "2022-04-28 18:22:13", "elapsed": 10245.59888, "delta": 15.663119}}
{"target": -1.0, "params": {"Bgrad": 1.1123928384382995, "d1": -0.6780510836116709, "d2": 0.348972842038588, "d3": -2.3132393465727055, "d4": -2.3999507600552863, "p1": 8.951567746769095, "p2": 7.160690080570586, "p3": 24.417426615040362, "p4": 2.85576522103711, "pol1": 0.848458920988276, "pol2": 0.31420319836651567, "pol3": -0.5071190508519854, "pol4": 0.6292450604528197, "v0s": 4.102510782310823}, "datetime": {"datetime": "2022-04-28 18:22:19", "elapsed": 10251.849168, "delta": 6.250288}}
{"target": -1.0, "params": {"Bgrad": 1.9936579417712021, "d1": -0.97186214594453, "d2": -1.027658227768903, "d3": -0.7758759525578975, "d4": 0.4884146068275834, "p1": 37.27798538564745, "p2": 12.55970975580305, "p3": 10.657372180963453, "p4": 5.111682518451427, "pol1": 0.14745460082378226, "pol2": -0.6312819431181067, "pol3": -0.10232522635923313, "pol4": -0.8508468845012873, "v0s": 2.7135901950649233}, "datetime": {"datetime": "2022-04-28 18:22:36", "elapsed": 10269.29951, "delta": 17.450342}}
{"target": -1.0, "params": {"Bgrad": 1.392228194441357, "d1": -1.8719071323234666, "d2": -0.7184229087734493, "d3": -1.4499012663084216, "d4": -1.8268633280181685, "p1": 26.294819286259656, "p2": 10.168962702440549, "p3": 19.75430981840875, "p4": 41.43427096743409, "pol1": -0.4542455421241631, "pol2": -0.054826060361940376, "pol3": 0.1771189346180937, "pol4": -0.3844723856860648, "v0s": 3.255084716873343}, "datetime": {"datetime": "2022-04-28 18:22:43", "elapsed": 10276.279845, "delta": 6.980335}}
{"target": -1.0, "params": {"Bgrad": 1.6712248225247395, "d1": 0.06150499960783273, "d2": 0.032552768801233256, "d3": -1.388667083357157, "d4": 0.16429663505025882, "p1": 34.78068919170404, "p2": 24.228982822269536, "p3": 41.90563719527079, "p4": 3.142303499907262, "pol1": -0.7945306285295426, "pol2": -0.20632635303692282, "pol3": -0.5492418481972405, "pol4": 0.21220551060483217, "v0s": 4.593891160516312}, "datetime": {"datetime": "2022-04-28 18:22:58", "elapsed": 10291.135125, "delta": 14.85528}}
{"target": -1.0, "params": {"Bgrad": 1.7110711116285944, "d1": -0.8396183419655467, "d2": 0.41389694435481017, "d3": -2.51227630795002, "d4": 0.010511173964680154, "p1": 18.961647892678222, "p2": 29.533423102935004, "p3": 21.02076627466065, "p4": 33.33083582062271, "pol1": 0.6042157087592364, "pol2": 0.5912862022662906, "pol3": -0.8328865985095764, "pol4": 0.4080225323844049, "v0s": 6.1450744060858495}, "datetime": {"datetime": "2022-04-28 18:23:13", "elapsed": 10305.624383, "delta": 14.489258}}
{"target": -1.0, "params": {"Bgrad": 0.7560531787987512, "d1": -1.941543267514179, "d2": 0.32671331521640257, "d3": -0.39657325396337306, "d4": -0.32023427854061914, "p1": 19.828770905939592, "p2": 41.53594866676461, "p3": 13.281034809177012, "p4": 1.8552868043269, "pol1": 0.7307673609357157, "pol2": -0.488844325935071, "pol3": -0.44864205588973904, "pol4": -0.4502108230626769, "v0s": 3.1940265195756927}, "datetime": {"datetime": "2022-04-28 18:23:24", "elapsed": 10316.836405, "delta": 11.212022}}
{"target": -1.0, "params": {"Bgrad": 0.9620755682498492, "d1": -0.27687563989902175, "d2": -0.47396807537795826, "d3": -2.400226718877808, "d4": -2.6105089205325394, "p1": 26.803893948982726, "p2": 34.802241070535786, "p3": 19.768931301915195, "p4": 46.87502728723639, "pol1": 0.6137527110847845, "pol2": -0.46744253229869837, "pol3": -0.7617480705365121, "pol4": 0.41643609732972475, "v0s": 5.28653479774401}, "datetime": {"datetime": "2022-04-28 18:23:33", "elapsed": 10326.146511, "delta": 9.310106}}
{"target": -1.0, "params": {"Bgrad": 1.747197940071267, "d1": 0.9419057141961638, "d2": -2.235989517228286, "d3": -0.581271308478339, "d4": 0.35005340694878706, "p1": 40.023292376028294, "p2": 45.82366657637209, "p3": 3.41205419387981, "p4": 18.706106742535404, "pol1": 0.19071574693617466, "pol2": 0.11043142001638184, "pol3": 0.6809658849583309, "pol4": -0.0944398511381519, "v0s": 3.539310736354098}, "datetime": {"datetime": "2022-04-28 18:23:48", "elapsed": 10340.873134, "delta": 14.726623}}
{"target": -1.0, "params": {"Bgrad": 1.0333758274807088, "d1": 0.4769713272396312, "d2": 0.6701607729091124, "d3": -1.50831666795353, "d4": 0.9848843209950267, "p1": 14.027889349551936, "p2": 3.448887758739078, "p3": 40.569822566491624, "p4": 31.03420619143982, "pol1": -0.1070800185456724, "pol2": 0.7358274377335925, "pol3": 0.5927814710080082, "pol4": -0.7061531185701069, "v0s": 5.583936076699304}, "datetime": {"datetime": "2022-04-28 18:23:58", "elapsed": 10351.191547, "delta": 10.318413}}
{"target": -1.0, "params": {"Bgrad": 1.7535988273339136, "d1": 0.5746375942924322, "d2": -1.4893112761893805, "d3": -0.5116719868112805, "d4": -0.6547618346601958, "p1": 36.805567939942094, "p2": 46.59974691517671, "p3": 21.36400052519003, "p4": 26.743000834186436, "pol1": 0.03026656443709763, "pol2": 0.04982673178458019, "pol3": -0.25169258913446435, "pol4": -0.2689002957187323, "v0s": 7.936547875274339}, "datetime": {"datetime": "2022-04-28 18:24:12", "elapsed": 10365.353678, "delta": 14.162131}}
{"target": -1.0, "params": {"Bgrad": 1.2476566257118895, "d1": -2.4125755354457814, "d2": -2.3353127913881373, "d3": -2.4885484419977884, "d4": -1.9403023663896164, "p1": 25.268609334983992, "p2": 10.16810281138456, "p3": 42.25635104909512, "p4": 12.913242780072503, "pol1": -0.9730869064657364, "pol2": 0.4713300021912432, "pol3": 0.9909791075950551, "pol4": 0.03252564700577443, "v0s": 7.923087236964426}, "datetime": {"datetime": "2022-04-28 18:24:25", "elapsed": 10378.303054, "delta": 12.949376}}
{"target": -1.0, "params": {"Bgrad": 1.0061691423904298, "d1": -2.080967480498128, "d2": -2.6134079508462325, "d3": -1.464493922140472, "d4": -0.3749887379375645, "p1": 25.350962623595063, "p2": 31.186148910190354, "p3": 12.210758630957013, "p4": 7.9033384253593075, "pol1": -0.6905033067994024, "pol2": 0.04504388839980722, "pol3": 0.4458989807179963, "pol4": 0.7878677694341447, "v0s": 6.987627807973839}, "datetime": {"datetime": "2022-04-28 18:24:33", "elapsed": 10385.92667, "delta": 7.623616}}
{"target": -1.0, "params": {"Bgrad": 1.2702195225274135, "d1": -1.8925534796807324, "d2": -0.6283692561449685, "d3": -1.4830644980948762, "d4": -2.4315259185632354, "p1": 38.77437707658249, "p2": 36.09841731930538, "p3": 43.64219960095231, "p4": 2.9587483003511994, "pol1": 0.7972297435723308, "pol2": 0.7009773096107879, "pol3": -0.8549466971183355, "pol4": -0.7493702627156738, "v0s": 2.830474049958026}, "datetime": {"datetime": "2022-04-28 18:24:41", "elapsed": 10393.601149, "delta": 7.674479}}
{"target": -1.0, "params": {"Bgrad": 1.11415669491396, "d1": -2.24118095968998, "d2": -2.7971526480615396, "d3": -1.5834495080616238, "d4": -2.094970802192899, "p1": 24.38305436435375, "p2": 43.92978394564059, "p3": 18.42007933346144, "p4": 5.355073300651508, "pol1": -0.24122989843073905, "pol2": -0.276622858859253, "pol3": 0.8876945831155525, "pol4": -0.5063569836034847, "v0s": 7.60679206028912}, "datetime": {"datetime": "2022-04-28 18:24:52", "elapsed": 10404.826136, "delta": 11.224987}}
{"target": -1.0, "params": {"Bgrad": 0.8848078956048515, "d1": -2.1347306248465854, "d2": -0.4753843410520022, "d3": -2.027411141618783, "d4": 0.788132199821824, "p1": 21.740096560773026, "p2": 32.691088835960954, "p3": 42.892148981606404, "p4": 45.53081456295182, "pol1": -0.9804954927481471, "pol2": 0.5159325787600102, "pol3": -0.15743693330547504, "pol4": -0.8549620669871896, "v0s": 6.238360723050522}, "datetime": {"datetime": "2022-04-28 18:25:02", "elapsed": 10415.171474, "delta": 10.345338}}
{"target": -1.0, "params": {"Bgrad": 1.4223021230067212, "d1": -1.1944997671363828, "d2": -0.44096107922116623, "d3": -1.8338778915963028, "d4": 0.954847690138267, "p1": 1.6738204755042951, "p2": 34.86972988275509, "p3": 0.39215920903502566, "p4": 33.48485095928219, "pol1": 0.6362276689505546, "pol2": -0.6809157012708185, "pol3": 0.7189763314691038, "pol4": -0.698796815618357, "v0s": 7.6775966196615615}, "datetime": {"datetime": "2022-04-28 18:25:12", "elapsed": 10425.114887, "delta": 9.943413}}
{"target": -1.0, "params": {"Bgrad": 0.8204126344504457, "d1": -1.280246337656433, "d2": -1.1577851272967674, "d3": -2.6756209223096272, "d4": -0.11688014515357859, "p1": 10.47869972743073, "p2": 45.14870484152879, "p3": 13.740318275330326, "p4": 21.850111829944254, "pol1": 0.19991948165471962, "pol2": -0.8452195263704338, "pol3": -0.6219370907611246, "pol4": -0.8814953961340111, "v0s": 4.372540562665499}, "datetime": {"datetime": "2022-04-28 18:25:22", "elapsed": 10435.297661, "delta": 10.182774}}
{"target": -1.0, "params": {"Bgrad": 0.9734448182115103, "d1": -0.19818249117702713, "d2": -0.8846029603517875, "d3": -2.6325401012822005, "d4": -1.5278674694209067, "p1": 16.4398799459638, "p2": 24.388528583878983, "p3": 36.62758948524471, "p4": 12.951725218536387, "pol1": -0.6120872116463518, "pol2": -0.7203544800122186, "pol3": 0.7647781488825616, "pol4": 0.6162436134514624, "v0s": 2.3744849944641704}, "datetime": {"datetime": "2022-04-28 18:25:29", "elapsed": 10441.870087, "delta": 6.572426}}
{"target": -1.0, "params": {"Bgrad": 1.9706260931248865, "d1": -0.010593488388697114, "d2": -2.144006071970106, "d3": -1.5688887394488389, "d4": 0.7223196598937989, "p1": 33.32195626196407, "p2": 26.682276581298183, "p3": 49.13722871730365, "p4": 21.464106376696336, "pol1": 0.18142376074151456, "pol2": 0.21446578746461342, "pol3": -0.14853912662734614, "pol4": -0.7453079361418224, "v0s": 6.7267369359578755}, "datetime": {"datetime": "2022-04-28 18:25:43", "elapsed": 10456.128962, "delta": 14.258875}}
{"target": -1.0, "params": {"Bgrad": 1.990020331821976, "d1": 0.09407406479587666, "d2": 0.8080352388947576, "d3": -1.9610573206822588, "d4": -2.1273380764989906, "p1": 21.47096796724361, "p2": 25.586055418376795, "p3": 3.529633826674777, "p4": 4.70016332596555, "pol1": 0.2931808347966196, "pol2": 0.0618776044291065, "pol3": -0.4497970435303291, "pol4": 0.16306308217556031, "v0s": 4.350794221342524}, "datetime": {"datetime": "2022-04-28 18:25:59", "elapsed": 10472.405441, "delta": 16.276479}}
{"target": -1.0, "params": {"Bgrad": 1.913684541408505, "d1": 0.12353343133747385, "d2": 0.19753091918955512, "d3": -2.614081737715944, "d4": -2.4254773813098995, "p1": 18.121343122616008, "p2": 14.970136235252458, "p3": 6.534753690034734, "p4": 30.211600250214403, "pol1": -0.8119324281592386, "pol2": 0.28238039548015625, "pol3": 0.4032851070332757, "pol4": 0.7329922720385063, "v0s": 4.925662105289436}, "datetime": {"datetime": "2022-04-28 18:26:14", "elapsed": 10487.264711, "delta": 14.85927}}
{"target": -1.0, "params": {"Bgrad": 0.6855325480852226, "d1": -1.7753983966883973, "d2": -1.623062153295478, "d3": 0.48009713788647135, "d4": 0.5002320435174505, "p1": 18.997463527199443, "p2": 23.954862951200283, "p3": 3.6638969132904933, "p4": 12.044251813908707, "pol1": -0.2212262537054308, "pol2": 0.8505995515489899, "pol3": 0.845204979924185, "pol4": 0.9046405653146221, "v0s": 6.340750901106819}, "datetime": {"datetime": "2022-04-28 18:26:22", "elapsed": 10495.244374, "delta": 7.979663}}
{"target": 4.228368626917227, "params": {"Bgrad": 1.4942661586972315, "d1": -2.1121890520822157, "d2": -2.99906125071065, "d3": -0.6331736848195391, "d4": -1.813512055421182, "p1": 2.02787147785401, "p2": 25.58552640915932, "p3": 15.841894250805044, "p4": 40.65034749990338, "pol1": -0.9080614021846574, "pol2": 0.5028644003089191, "pol3": -0.6072911626508133, "pol4": 0.09219041183021814, "v0s": 4.228368626917227}, "datetime": {"datetime": "2022-04-28 18:26:29", "elapsed": 10502.234683, "delta": 6.990309}}
{"target": -1.0, "params": {"Bgrad": 1.8485091604320472, "d1": -0.4207749145857105, "d2": -1.954940598209943, "d3": -2.893727449339742, "d4": -2.0080831421947227, "p1": 1.789530546023449, "p2": 0.6655372707377205, "p3": 39.98004223721471, "p4": 11.649251454945125, "pol1": 0.4678639540633094, "pol2": 0.021464002842737306, "pol3": 0.6041718804295213, "pol4": 0.899583493565471, "v0s": 3.8827387748214264}, "datetime": {"datetime": "2022-04-28 18:26:44", "elapsed": 10517.28943, "delta": 15.054747}}
{"target": -1.0, "params": {"Bgrad": 0.9219030358519456, "d1": -1.8388951497340775, "d2": -2.7163435305393104, "d3": -0.04217438547452579, "d4": -2.5768977683606584, "p1": 25.54151685179104, "p2": 4.701252769266101, "p3": 9.080048366818188, "p4": 9.431070364903093, "pol1": 0.2605788919290031, "pol2": 0.0483596324420148, "pol3": 0.3497891922020233, "pol4": 0.7191165219616111, "v0s": 6.8196034692146705}, "datetime": {"datetime": "2022-04-28 18:26:55", "elapsed": 10527.66768, "delta": 10.37825}}
{"target": -1.0, "params": {"Bgrad": 1.1534697778694336, "d1": -1.5096765825555818, "d2": -1.962015427412103, "d3": -2.5611159565656925, "d4": -0.9608201609224065, "p1": 26.793874171612043, "p2": 9.538803359697113, "p3": 13.956861299678069, "p4": 20.96931127166869, "pol1": 0.638300369518721, "pol2": 0.32706962499466896, "pol3": -0.5769593207490942, "pol4": 0.18206943731079517, "v0s": 5.68120787862129}, "datetime": {"datetime": "2022-04-28 18:27:06", "elapsed": 10539.164939, "delta": 11.497259}}
{"target": 3.887015763562349, "params": {"Bgrad": 1.110129167644718, "d1": -1.505900346841078, "d2": 0.6853604644458073, "d3": -2.65957054064902, "d4": -1.6354129920625398, "p1": 12.069521977272945, "p2": 19.502533362818188, "p3": 39.47063204040128, "p4": 49.56935258554003, "pol1": -0.030674870001970778, "pol2": 0.20615058713151968, "pol3": -0.6793074949324429, "pol4": -0.33434116708513817, "v0s": 3.887015763562349}, "datetime": {"datetime": "2022-04-28 18:27:13", "elapsed": 10546.398597, "delta": 7.233658}}
{"target": -1.0, "params": {"Bgrad": 0.5583538817588632, "d1": -2.6029557894907707, "d2": -2.124260189352721, "d3": -2.18886721800744, "d4": -2.866079739068644, "p1": 45.12775773484658, "p2": 18.82441001194494, "p3": 19.831656775377095, "p4": 41.680220788138634, "pol1": 0.11692988023764173, "pol2": 0.5617749902869325, "pol3": -0.6234343762681189, "pol4": -0.4316443254860294, "v0s": 6.80459008489189}, "datetime": {"datetime": "2022-04-28 18:27:20", "elapsed": 10552.752607, "delta": 6.35401}}
