{"target": 3.484035042065468, "params": {"Bgrad": 1.2834615390219524, "d1": -1.9998298099939378, "d2": -0.6852137748017864, "d3": -2.7768943385628084, "d4": -2.7083935980899283, "p1": 15.475341712422086, "p2": 41.77875894109259, "p3": 2.070443846394643, "p4": 10.339679392502099, "pol1": -0.20745603145800717, "pol2": 0.46212192382404504, "pol3": -0.34919661508466726, "pol4": -0.4016758061283361, "v0s": 3.484035042065468}, "datetime": {"datetime": "2022-06-15 23:32:49", "elapsed": 250216.142724, "delta": 11.289824}}
{"target": -1.0, "params": {"Bgrad": 0.9213997880829427, "d1": -2.5278220731179415, "d2": -0.7782716156385772, "d3": -1.3297639444822469, "d4": -1.2847666808699851, "p1": 43.80729619416799, "p2": 23.43955276903339, "p3": 28.322680593223044, "p4": 43.53997288980223, "pol1": -0.5100789014951457, "pol2": 0.5394219046685287, "pol3": -0.21236198370686132, "pol4": -0.6045338225765426, "v0s": 2.9325699736026545}, "datetime": {"datetime": "2022-06-15 23:32:58", "elapsed": 250225.275315, "delta": 9.132591}}
{"target": -1.0, "params": {"Bgrad": 1.860143079844779, "d1": 0.9580248567957805, "d2": 0.037252804620936164, "d3": -0.0858825826277636, "d4": -2.061542049030829, "p1": 32.640230387543994, "p2": 18.76329423561402, "p3": 17.297276226254983, "p4": 42.00856346188473, "pol1": 0.14095254102560317, "pol2": 0.41543844118441986, "pol3": 0.11526158369294759, "pol4": 0.9933379555690596, "v0s": 4.120897485797543}, "datetime": {"datetime": "2022-06-15 23:33:15", "elapsed": 250242.710712, "delta": 17.435397}}
{"target": -1.0, "params": {"Bgrad": 1.8783295704475442, "d1": -0.31225831066396514, "d2": 0.2165629761963599, "d3": 0.1679203251671333, "d4": -2.264381382516963, "p1": 35.378567132132154, "p2": 37.80147690814887, "p3": 12.727317822474953, "p4": 4.282037032828606, "pol1": -0.5411792112433305, "pol2": 0.605708679080244, "pol3": 0.7753289036398776, "pol4": -0.703906379306942, "v0s": 7.351850816184941}, "datetime": {"datetime": "2022-06-15 23:33:29", "elapsed": 250256.19168, "delta": 13.480968}}
{"target": -1.0, "params": {"Bgrad": 0.6046651680304247, "d1": 0.47067255789077844, "d2": 0.7236201504432866, "d3": -1.7521483633567154, "d4": -1.3913985832353597, "p1": 15.739244873901209, "p2": 29.941221749918373, "p3": 10.61845218263564, "p4": 22.926263036600115, "pol1": -0.9483313391164818, "pol2": -0.9190199839093551, "pol3": -0.4808134771707273, "pol4": 0.9031693687141651, "v0s": 3.7324101158619585}, "datetime": {"datetime": "2022-06-15 23:33:45", "elapsed": 250272.375424, "delta": 16.183744}}
{"target": 2.849926458752609, "params": {"Bgrad": 1.9365050590323558, "d1": -1.8051061365673462, "d2": -1.5814580398925275, "d3": -2.7599579352681123, "d4": 0.4531680029996559, "p1": 11.409306054325885, "p2": 38.43275428211349, "p3": 28.021108549352387, "p4": 46.673165578897155, "pol1": 0.7796507960407955, "pol2": 0.44520215740795255, "pol3": 0.7615300017104467, "pol4": -0.29519493693353716, "v0s": 2.849926458752609}, "datetime": {"datetime": "2022-06-15 23:33:50", "elapsed": 250277.07985, "delta": 4.704426}}
{"target": -1.0, "params": {"Bgrad": 1.907732008188627, "d1": -1.260412593315965, "d2": -0.8856634525592408, "d3": 0.3207326969663078, "d4": -2.8034199559872195, "p1": 42.919660614490454, "p2": 24.163804861026623, "p3": 40.35942117789569, "p4": 45.33291549640371, "pol1": -0.24920536125174886, "pol2": -0.1491219873720313, "pol3": 0.14529832063559178, "pol4": 0.5750056099107643, "v0s": 6.615414312207174}, "datetime": {"datetime": "2022-06-15 23:34:05", "elapsed": 250292.93946, "delta": 15.85961}}
{"target": -1.0, "params": {"Bgrad": 1.5865558635984407, "d1": -0.44644119896979895, "d2": -2.267736791747673, "d3": -0.3612616466888321, "d4": -1.7519095308895678, "p1": 3.7725575100660933, "p2": 29.00274615961923, "p3": 40.99132123086599, "p4": 25.971652315452655, "pol1": -0.2130668275521499, "pol2": -0.34401433407948123, "pol3": 0.2826539422824277, "pol4": 0.09696266330413494, "v0s": 6.492034303586202}, "datetime": {"datetime": "2022-06-15 23:34:22", "elapsed": 250309.413427, "delta": 16.473967}}
{"target": 2.4039358341911385, "params": {"Bgrad": 1.9602086957542693, "d1": -1.5494151450789921, "d2": -0.768997126186636, "d3": -1.464276342508207, "d4": -0.8461521284257971, "p1": 29.250361152310255, "p2": 23.665904431200847, "p3": 10.586773301280205, "p4": 21.58072379239706, "pol1": 0.9556815809901014, "pol2": -0.17121731490758596, "pol3": 0.40053936597914874, "pol4": -0.5437651934817578, "v0s": 2.4039358341911385}, "datetime": {"datetime": "2022-06-15 23:34:29", "elapsed": 250316.770763, "delta": 7.357336}}
{"target": -1.0, "params": {"Bgrad": 0.9218371864327362, "d1": -1.6515915530803853, "d2": -1.7735987430244298, "d3": -1.346391104348906, "d4": -2.13902448852059, "p1": 33.55867927847726, "p2": 33.80042425838427, "p3": 42.426189769802086, "p4": 3.7856849990362984, "pol1": 0.4171503458722965, "pol2": 0.9785550977407191, "pol3": -0.8818287129388682, "pol4": -0.3941334967801784, "v0s": 5.560131856620198}, "datetime": {"datetime": "2022-06-15 23:34:52", "elapsed": 250339.793228, "delta": 23.022465}}
{"target": -1.0, "params": {"Bgrad": 1.9819486697490212, "d1": -0.46854939661332606, "d2": -0.29506103084026636, "d3": -2.695957341937309, "d4": -0.7097371193128099, "p1": 9.46867177627121, "p2": 12.755631069737689, "p3": 10.013937116350109, "p4": 19.974560898083983, "pol1": -0.5957388211593786, "pol2": -0.9536357130657609, "pol3": -0.6904902422727373, "pol4": 0.3720915023824105, "v0s": 5.084566115645523}, "datetime": {"datetime": "2022-06-15 23:35:11", "elapsed": 250358.770505, "delta": 18.977277}}
{"target": -1.0, "params": {"Bgrad": 1.6577159728408146, "d1": -0.4828629504943813, "d2": -0.8961506518363884, "d3": -2.191915061381643, "d4": -2.32360049209037, "p1": 23.78015285814465, "p2": 31.363724355613442, "p3": 33.20165128972342, "p4": 16.385564867054324, "pol1": -0.22527373518987925, "pol2": 0.9705140105550554, "pol3": 0.5507759986284335, "pol4": -0.5646927786656848, "v0s": 7.818695782362429}, "datetime": {"datetime": "2022-06-15 23:35:27", "elapsed": 250374.636098, "delta": 15.865593}}
{"target": -1.0, "params": {"Bgrad": 0.9190132714651404, "d1": -1.792383380439988, "d2": -2.7790496376903553, "d3": 0.3008772591017119, "d4": 0.5013576871364975, "p1": 7.843941655880194, "p2": 30.915317720172535, "p3": 46.05957157821654, "p4": 22.54513410208869, "pol1": 0.21649449051847824, "pol2": 0.2912259838845104, "pol3": -0.4545571836587148, "pol4": -0.8459578618724715, "v0s": 6.954127929880066}, "datetime": {"datetime": "2022-06-15 23:35:44", "elapsed": 250391.136994, "delta": 16.500896}}
{"target": -1.0, "params": {"Bgrad": 0.5294068190826633, "d1": 0.028365437770432322, "d2": -1.3712425396658272, "d3": -1.1134684825676473, "d4": 0.14231167171118164, "p1": 4.374342263304082, "p2": 1.1152575324706926, "p3": 2.8269646895750844, "p4": 0.5212358017244345, "pol1": 0.4800930884343433, "pol2": -0.5526916630192964, "pol3": 0.9787505440198236, "pol4": -0.1856370080807559, "v0s": 4.466764906090324}, "datetime": {"datetime": "2022-06-15 23:35:53", "elapsed": 250400.651563, "delta": 9.514569}}
{"target": 3.2182581462762037, "params": {"Bgrad": 0.6767576599282772, "d1": -1.7144214869716428, "d2": -1.3228563128310062, "d3": -0.7604226719874072, "d4": -1.8419078093343186, "p1": 14.992436642286977, "p2": 25.183215159188098, "p3": 13.563575940893646, "p4": 20.88581867371347, "pol1": -0.6270536340768122, "pol2": -0.7091860839252297, "pol3": -0.6179383605732445, "pol4": -0.9816642349569931, "v0s": 3.2182581462762037}, "datetime": {"datetime": "2022-06-15 23:36:00", "elapsed": 250407.726653, "delta": 7.07509}}
{"target": -1.0, "params": {"Bgrad": 0.6686315681532782, "d1": -2.9722618585856106, "d2": -2.3512172924492, "d3": 0.284070040185743, "d4": -1.7097061691305955, "p1": 7.291517982639317, "p2": 25.021628867893874, "p3": 2.417236106470333, "p4": 21.616463219694243, "pol1": -0.7498684745947284, "pol2": 0.13256545685382526, "pol3": 0.6516086859923274, "pol4": -0.13483089533711579, "v0s": 2.3666436999998233}, "datetime": {"datetime": "2022-06-15 23:36:14", "elapsed": 250421.819984, "delta": 14.093331}}
{"target": -1.0, "params": {"Bgrad": 1.0263507750535343, "d1": -2.921508450438858, "d2": -2.8504645495105208, "d3": 0.7419251475699777, "d4": 0.743078775783351, "p1": 16.046215730857625, "p2": 45.54454973294355, "p3": 10.721552472223788, "p4": 10.077575125434063, "pol1": 0.9541204264951293, "pol2": -0.11439700415951326, "pol3": 0.7403027156455548, "pol4": 0.017245913636589894, "v0s": 4.233899402844555}, "datetime": {"datetime": "2022-06-15 23:36:36", "elapsed": 250443.068191, "delta": 21.248207}}
{"target": -1.0, "params": {"Bgrad": 1.7790294624543823, "d1": -2.294191518470739, "d2": -2.3705062587104244, "d3": -1.5468279685950042, "d4": -2.3297838560826936, "p1": 36.76977244374204, "p2": 23.844124877921598, "p3": 3.2250332930709282, "p4": 35.68366846600009, "pol1": -0.9938932962379512, "pol2": -0.7925141766200561, "pol3": -0.16998446842304205, "pol4": 0.39026403261893683, "v0s": 4.6704908046575975}, "datetime": {"datetime": "2022-06-15 23:36:54", "elapsed": 250461.91382, "delta": 18.845629}}
{"target": -1.0, "params": {"Bgrad": 1.5538695502967634, "d1": -1.4502477320635614, "d2": 0.6991937278153038, "d3": 0.468352802775688, "d4": -1.33743743662089, "p1": 29.60914268254731, "p2": 44.77113278804142, "p3": 24.364320239062632, "p4": 35.96890288069075, "pol1": -0.1409782423902477, "pol2": -0.29030934806509223, "pol3": -0.6133655759125574, "pol4": -0.016910840457642573, "v0s": 6.7904440503915495}, "datetime": {"datetime": "2022-06-15 23:37:13", "elapsed": 250480.764435, "delta": 18.850615}}
{"target": -1.0, "params": {"Bgrad": 0.5544167547768826, "d1": -0.10306420644234704, "d2": -1.2946299766859681, "d3": -0.2700809336689778, "d4": -1.8831840514827642, "p1": 17.007949084012907, "p2": 18.57008294875747, "p3": 22.36597538698144, "p4": 42.90721043567875, "pol1": -0.16480541309309182, "pol2": 0.8550154550121352, "pol3": -0.6402266266528611, "pol4": 0.3209895319868361, "v0s": 2.2748955810319664}, "datetime": {"datetime": "2022-06-15 23:37:27", "elapsed": 250494.824854, "delta": 14.060419}}
{"target": -1.0, "params": {"Bgrad": 1.972624464059041, "d1": -1.532172182377105, "d2": -1.4276600343549992, "d3": -0.8091281291265178, "d4": 0.5056958175870068, "p1": 9.947296902996271, "p2": 8.18139220169624, "p3": 11.540738066475386, "p4": 32.57638861738844, "pol1": 0.8961864095120202, "pol2": 0.15518851094977282, "pol3": -0.3739862740407116, "pol4": -0.29886244397085004, "v0s": 6.9631307730817165}, "datetime": {"datetime": "2022-06-15 23:37:47", "elapsed": 250514.213033, "delta": 19.388179}}
{"target": -1.0, "params": {"Bgrad": 1.621660028741946, "d1": 0.9835640199333002, "d2": -0.7307028941413733, "d3": -1.5771595658893087, "d4": 0.2471504572843659, "p1": 6.580662847376583, "p2": 32.19482465578573, "p3": 38.532535557096956, "p4": 1.7180498715079762, "pol1": -0.6835077190306065, "pol2": -0.4598225021385163, "pol3": -0.9829103543303468, "pol4": -0.03464188104086263, "v0s": 3.248874033340866}, "datetime": {"datetime": "2022-06-15 23:38:26", "elapsed": 250553.138993, "delta": 38.92596}}
{"target": -1.0, "params": {"Bgrad": 1.21281305644807, "d1": -1.343790732003432, "d2": -0.20483369120654427, "d3": -1.8300831330468914, "d4": -1.9632931456852218, "p1": 41.69445486201589, "p2": 0.6834216233079726, "p3": 21.204338326230626, "p4": 30.71731969674228, "pol1": -0.945762047091345, "pol2": 0.4455000535185407, "pol3": 0.4297238089122708, "pol4": -0.06070429941062083, "v0s": 4.607574783285614}, "datetime": {"datetime": "2022-06-15 23:38:40", "elapsed": 250568.044152, "delta": 14.905159}}
{"target": -1.0, "params": {"Bgrad": 1.0857060435534225, "d1": -1.6674315947199654, "d2": 0.8513169691765605, "d3": 0.11219895637932309, "d4": -0.7265897522950673, "p1": 11.144578916397375, "p2": 3.2597749273818364, "p3": 38.9676088099325, "p4": 21.777707980316652, "pol1": -0.07894244304945675, "pol2": -0.09006163641849518, "pol3": 0.1360850785701131, "pol4": 0.9690919825910811, "v0s": 5.0864633290745305}, "datetime": {"datetime": "2022-06-15 23:39:00", "elapsed": 250587.440309, "delta": 19.396157}}
{"target": 2.293769610350817, "params": {"Bgrad": 1.8540477645241604, "d1": -1.1517039610027466, "d2": 0.44689016768363476, "d3": -1.0068991940028829, "d4": -1.5492218174745287, "p1": 39.78609064826928, "p2": 36.36501969899857, "p3": 6.3731660847878455, "p4": 16.298883483727096, "pol1": -0.20469643032200135, "pol2": -0.8672385583581939, "pol3": -0.08859980574957116, "pol4": 0.29921260887273493, "v0s": 2.293769610350817}, "datetime": {"datetime": "2022-06-15 23:39:10", "elapsed": 250598.003076, "delta": 10.562767}}
{"target": -1.0, "params": {"Bgrad": 1.1780700638156283, "d1": 0.3608250152225905, "d2": -0.7275790202202592, "d3": -1.5236307743587925, "d4": -1.7860243820465622, "p1": 19.391129477673942, "p2": 32.65780319857678, "p3": 34.76209102425077, "p4": 23.249234952261737, "pol1": 0.8386086099495429, "pol2": -0.0038297951574748357, "pol3": -0.5009240380904414, "pol4": -0.9530029051461506, "v0s": 7.829279197600144}, "datetime": {"datetime": "2022-06-15 23:39:30", "elapsed": 250617.275564, "delta": 19.272488}}
{"target": -1.0, "params": {"Bgrad": 0.7709205475910218, "d1": -2.2042052092469064, "d2": 0.26747154039329013, "d3": 0.8717294374304974, "d4": -1.0423714733568934, "p1": 39.74722190470903, "p2": 43.464498202208716, "p3": 43.109339730365434, "p4": 42.1327331665521, "pol1": -0.9662245379376264, "pol2": 0.7447812932194, "pol3": -0.6071233144132699, "pol4": 0.18287856486752152, "v0s": 5.586761681365303}, "datetime": {"datetime": "2022-06-15 23:39:42", "elapsed": 250629.086994, "delta": 11.81143}}
{"target": -1.0, "params": {"Bgrad": 1.290537593689154, "d1": -1.187361056185007, "d2": -2.580935870549761, "d3": -2.858064387074741, "d4": -0.16191097322103332, "p1": 36.4871500477457, "p2": 9.750501392678256, "p3": 36.04165146391768, "p4": 11.883261745894751, "pol1": 0.6457522941119074, "pol2": -0.45843978757479875, "pol3": 0.7573912622648149, "pol4": -0.601001361469881, "v0s": 4.075576711534684}, "datetime": {"datetime": "2022-06-15 23:39:59", "elapsed": 250646.787683, "delta": 17.700689}}
{"target": -1.0, "params": {"Bgrad": 0.7002590806125275, "d1": -2.47783941962321, "d2": -1.381827392061974, "d3": -2.854239832410631, "d4": -1.9908986474780659, "p1": 21.945133206060575, "p2": 18.543525333223172, "p3": 6.798799435726588, "p4": 48.99107396056439, "pol1": -0.3390109702298536, "pol2": -0.8622334374697629, "pol3": 0.04607812848150439, "pol4": -0.7134327419514364, "v0s": 2.840266153351371}, "datetime": {"datetime": "2022-06-15 23:40:09", "elapsed": 250656.701186, "delta": 9.913503}}
{"target": -1.0, "params": {"Bgrad": 0.7611447493670228, "d1": 0.6316598459023584, "d2": -2.5947674778155636, "d3": -2.328910231879853, "d4": -1.8899475193765234, "p1": 34.44159211438767, "p2": 34.8821328325794, "p3": 37.8033663556271, "p4": 24.237883906323397, "pol1": -0.8980841291131978, "pol2": 0.5598168206809402, "pol3": -0.24369292735919834, "pol4": -0.9811790037769137, "v0s": 4.430841407931844}, "datetime": {"datetime": "2022-06-15 23:40:20", "elapsed": 250667.531239, "delta": 10.830053}}
{"target": -1.0, "params": {"Bgrad": 0.8155738205346954, "d1": 0.31681886750955446, "d2": -2.953591595040397, "d3": -0.12672092379655453, "d4": 0.2137370239690064, "p1": 2.0675204542758507, "p2": 49.66745138021294, "p3": 2.4664889467452102, "p4": 29.91507892280456, "pol1": 0.6436108944180765, "pol2": -0.4157656745637628, "pol3": -0.34976401915667354, "pol4": 0.7731364186412197, "v0s": 6.037587172812376}, "datetime": {"datetime": "2022-06-15 23:40:34", "elapsed": 250681.320383, "delta": 13.789144}}
{"target": -1.0, "params": {"Bgrad": 1.1421986425828208, "d1": -1.0527081188324878, "d2": -0.9621323481140864, "d3": -0.3336539759259143, "d4": 0.5759034788483834, "p1": 10.28753544102184, "p2": 7.0017959473994305, "p3": 15.393134729189834, "p4": 40.40221483890437, "pol1": -0.39254436073986576, "pol2": 0.7257967490624702, "pol3": 0.18432355080817397, "pol4": 0.6809179029782633, "v0s": 4.851112896453966}, "datetime": {"datetime": "2022-06-15 23:40:53", "elapsed": 250700.819266, "delta": 19.498883}}
{"target": -1.0, "params": {"Bgrad": 1.8315444078018315, "d1": 0.6230275482088947, "d2": -1.2138366929397422, "d3": -1.3230755228911022, "d4": -0.13491774588754035, "p1": 27.317258693762025, "p2": 8.787339688264383, "p3": 36.00058067802916, "p4": 16.7550367677898, "pol1": 0.7243340375524561, "pol2": -0.819649683145635, "pol3": 0.5387839286757361, "pol4": -0.018508362542779766, "v0s": 4.742232489894654}, "datetime": {"datetime": "2022-06-15 23:41:13", "elapsed": 250720.938491, "delta": 20.119225}}
{"target": -1.0, "params": {"Bgrad": 1.2547832978216331, "d1": 0.3054820422136997, "d2": -0.2613226250874199, "d3": -1.3500408035382025, "d4": 0.33718661572805786, "p1": 26.677166436916412, "p2": 30.441470777510094, "p3": 46.7390515011134, "p4": 5.121717242501034, "pol1": -0.05853371769963456, "pol2": 0.02366506304221705, "pol3": 0.23961844441691071, "pol4": -0.8041834026682235, "v0s": 5.925538225811916}, "datetime": {"datetime": "2022-06-15 23:41:30", "elapsed": 250737.276822, "delta": 16.338331}}
{"target": -1.0, "params": {"Bgrad": 1.2375818211292537, "d1": -0.14261173970988406, "d2": -0.35676951549920144, "d3": -2.7818652600095786, "d4": -2.510895087130832, "p1": 36.43474736686817, "p2": 33.67099938371829, "p3": 44.25651327702681, "p4": 45.81490148209728, "pol1": -0.19369250074274347, "pol2": 0.7169157128060661, "pol3": -0.7203412850708195, "pol4": 0.34058580762855195, "v0s": 5.619553485798885}, "datetime": {"datetime": "2022-06-15 23:41:52", "elapsed": 250759.13041, "delta": 21.853588}}
{"target": 2.7465458567878214, "params": {"Bgrad": 0.8002317848883695, "d1": 0.8151962482687742, "d2": 0.0401821783143097, "d3": -0.863324841169006, "d4": -1.111937848688993, "p1": 17.44335373818541, "p2": 33.531855229262916, "p3": 6.571244005052135, "p4": 33.62931408691078, "pol1": 0.5484176086451664, "pol2": 0.07185481118280723, "pol3": 0.0031442006381492416, "pol4": -0.8411258038766585, "v0s": 2.7465458567878214}, "datetime": {"datetime": "2022-06-15 23:41:59", "elapsed": 250766.643329, "delta": 7.512919}}
{"target": -1.0, "params": {"Bgrad": 1.7034769157262077, "d1": -1.542604106230641, "d2": -0.7389696878537118, "d3": -0.456808252002852, "d4": -2.628101053195246, "p1": 25.568837706040664, "p2": 28.865393658040528, "p3": 42.13610141798959, "p4": 15.017746244175523, "pol1": -0.13614914723294524, "pol2": -0.8336828451037728, "pol3": 0.19797868167246802, "pol4": -0.1953133518570631, "v0s": 4.78741997032498}, "datetime": {"datetime": "2022-06-15 23:42:20", "elapsed": 250787.166474, "delta": 20.523145}}
{"target": -1.0, "params": {"Bgrad": 1.6398530194668655, "d1": -1.9469905581186078, "d2": -1.8078522984209746, "d3": -0.15797547374287202, "d4": -2.9533883630407067, "p1": 2.214949405359695, "p2": 13.425592556244471, "p3": 37.47600068750888, "p4": 44.45076179580727, "pol1": -0.356340065123403, "pol2": -0.5078122277091188, "pol3": -0.16833846944439634, "pol4": 0.8497596923237407, "v0s": 4.38850182288532}, "datetime": {"datetime": "2022-06-15 23:42:39", "elapsed": 250806.656383, "delta": 19.489909}}
{"target": -1.0, "params": {"Bgrad": 1.9223626560505402, "d1": -1.3407409621236037, "d2": -0.570889637703599, "d3": 0.8639648849582149, "d4": -1.9190935273429561, "p1": 22.596939624025847, "p2": 26.374619628144387, "p3": 1.3215857901211492, "p4": 46.00533286992046, "pol1": -0.32428821343725445, "pol2": 0.7266936323080546, "pol3": 0.32496526548590277, "pol4": 0.2784935857915314, "v0s": 3.5292012360821055}, "datetime": {"datetime": "2022-06-15 23:43:00", "elapsed": 250827.078796, "delta": 20.422413}}
{"target": -1.0, "params": {"Bgrad": 1.9559486449894286, "d1": -0.3199283135541604, "d2": -0.002538960822878522, "d3": -2.8265050164460637, "d4": -1.6590687781454108, "p1": 23.152891690524985, "p2": 24.556609420247643, "p3": 16.92044371919926, "p4": 5.603243650915579, "pol1": -0.1575485002832846, "pol2": 0.8965028083985502, "pol3": 0.7973547746178669, "pol4": 0.5719004576615314, "v0s": 5.2012031101775165}, "datetime": {"datetime": "2022-06-15 23:43:18", "elapsed": 250845.42077, "delta": 18.341974}}
{"target": -1.0, "params": {"Bgrad": 0.7646131400718852, "d1": 0.6054015542284077, "d2": -1.5514780964499764, "d3": -0.7691250922262456, "d4": 0.12243868244980938, "p1": 48.4641994005628, "p2": 42.06606647852828, "p3": 11.885518535361772, "p4": 21.34802606139089, "pol1": -0.8101594701302188, "pol2": 0.20562133003341332, "pol3": -0.4035768942669731, "pol4": 0.45181322290295767, "v0s": 6.01213180030005}, "datetime": {"datetime": "2022-06-15 23:43:31", "elapsed": 250858.726208, "delta": 13.305438}}
{"target": -1.0, "params": {"Bgrad": 1.4584369294767825, "d1": -2.3604369783403825, "d2": -1.9922244293128806, "d3": -0.5391673331740776, "d4": -1.9681831232791853, "p1": 7.132727356161583, "p2": 45.37910642990321, "p3": 31.83715028239587, "p4": 14.38256177982603, "pol1": 0.42288217735062306, "pol2": 0.5704610111798547, "pol3": -0.3792322443839482, "pol4": 0.38866631023766884, "v0s": 3.6283557836251275}, "datetime": {"datetime": "2022-06-15 23:43:51", "elapsed": 250878.699822, "delta": 19.973614}}
{"target": -1.0, "params": {"Bgrad": 1.4542161673373215, "d1": 0.33853420027166425, "d2": 0.4748388396625054, "d3": 0.6734045805620106, "d4": -0.76568668610143, "p1": 16.986569164549152, "p2": 34.3591855860568, "p3": 2.300711225235752, "p4": 25.8421056752466, "pol1": -0.5215722413542074, "pol2": -0.12789199971702225, "pol3": -0.8036867458021582, "pol4": -0.6732703725029128, "v0s": 6.492697575619914}, "datetime": {"datetime": "2022-06-15 23:44:09", "elapsed": 250896.143199, "delta": 17.443377}}
