{"target": -1.0, "params": {"Bgrad": 0.9800194433828355, "d1": -1.208435223978762, "d2": -1.321267181313409, "d3": -1.592872467484515, "d4": -0.6535257710864157, "p1": 26.625185658330302, "p2": 29.377840694213976, "p3": 6.753877385321394, "p4": 44.06153828673374, "pol1": 0.9735684532032858, "pol2": 0.46838588601162257, "pol3": 0.3927940607185738, "pol4": 0.37975115495732825, "v0s": 3.9368331065587903}, "datetime": {"datetime": "2022-05-16 23:06:57", "elapsed": 12232.252929, "delta": 14.339647}}
{"target": -1.0, "params": {"Bgrad": 1.8575615586915308, "d1": -2.269804496400371, "d2": -0.8557453269483841, "d3": -2.566666997042224, "d4": -1.6869848528516505, "p1": 29.648144719121895, "p2": 10.375242164380467, "p3": 36.809782928488914, "p4": 24.82646947226167, "pol1": -0.38282859530761626, "pol2": 0.15060012062831873, "pol3": -0.7591349955570204, "pol4": -0.7884156237241282, "v0s": 2.2549488337928394}, "datetime": {"datetime": "2022-05-16 23:07:04", "elapsed": 12239.777803, "delta": 7.524874}}
{"target": 4.241161111704915, "params": {"Bgrad": 1.059023234615671, "d1": -1.954697143623135, "d2": 1.0, "d3": -1.7417048942283004, "d4": -1.531694525752155, "p1": 28.821472135487447, "p2": 10.001839329202486, "p3": 9.732017638622677, "p4": 24.29714103428133, "pol1": 0.604938163623941, "pol2": -0.6277235801992218, "pol3": -0.27697416293743454, "pol4": -0.7693377483842525, "v0s": 4.241161111704915}, "datetime": {"datetime": "2022-05-16 23:07:14", "elapsed": 12250.135101, "delta": 10.357298}}
{"target": 3.9681181903492173, "params": {"Bgrad": 1.6168136002863167, "d1": -2.1296082890846852, "d2": 0.11474011696527953, "d3": -2.291075464731106, "d4": -1.838749069440543, "p1": 41.32556962394314, "p2": 23.546924875837387, "p3": 17.227284376036177, "p4": 11.599746981100989, "pol1": 0.3646145644453831, "pol2": -0.7527908014502729, "pol3": 0.04001811241168962, "pol4": 0.36263968871456176, "v0s": 3.9681181903492173}, "datetime": {"datetime": "2022-05-16 23:07:24", "elapsed": 12260.166271, "delta": 10.03117}}
{"target": 4.323318031046969, "params": {"Bgrad": 1.835920105375046, "d1": -2.902599785293791, "d2": 0.3922371227151098, "d3": -2.8200459939338915, "d4": -0.960886159016658, "p1": 3.2044307504584313, "p2": 33.54557737101121, "p3": 28.29419732505013, "p4": 38.37839020940029, "pol1": -0.1725274245904589, "pol2": -0.638557653160913, "pol3": 0.23949878991767415, "pol4": 0.26202954257490885, "v0s": 4.323318031046969}, "datetime": {"datetime": "2022-05-16 23:07:35", "elapsed": 12270.914524, "delta": 10.748253}}
{"target": -1.0, "params": {"Bgrad": 1.325634204465696, "d1": -2.2266398071062614, "d2": 0.1798871384713947, "d3": -2.92701926489771, "d4": -1.480276751932585, "p1": 2.0422802480142996, "p2": 32.265882264978195, "p3": 27.049330583496168, "p4": 38.45527897236099, "pol1": -0.5274093294764692, "pol2": -0.49475817552972723, "pol3": 0.6269250421884418, "pol4": 0.43023905067527535, "v0s": 2.6689063942287587}, "datetime": {"datetime": "2022-05-16 23:07:47", "elapsed": 12282.646146, "delta": 11.731622}}
{"target": -1.0, "params": {"Bgrad": 0.5221459178715852, "d1": -3.0, "d2": 0.24206555446685632, "d3": -1.2933027368219567, "d4": 0.4689124227241701, "p1": 37.03584423801436, "p2": 9.72035163178195, "p3": 8.640394685481752, "p4": 30.785645560956898, "pol1": 1.0, "pol2": 0.4976940443853229, "pol3": -1.0, "pol4": 0.7887925097503111, "v0s": 4.726099843041811}, "datetime": {"datetime": "2022-05-16 23:08:10", "elapsed": 12305.63865, "delta": 22.992504}}
{"target": -1.0, "params": {"Bgrad": 1.562655170278729, "d1": -1.8384176802111933, "d2": -1.7739669443783774, "d3": -1.7475033287300006, "d4": -2.094258297603246, "p1": 28.48838060432644, "p2": 12.54540697828172, "p3": 7.406218264145176, "p4": 23.069520748121462, "pol1": 0.24042732980806547, "pol2": -0.24588706635304192, "pol3": -0.6701269252174213, "pol4": -0.87735822023092, "v0s": 4.602217017251694}, "datetime": {"datetime": "2022-05-16 23:08:23", "elapsed": 12318.611951, "delta": 12.973301}}
{"target": -1.0, "params": {"Bgrad": 2.0, "d1": -2.701913277960304, "d2": 0.590405790543831, "d3": 0.20706516341115325, "d4": -1.455357908399699, "p1": 11.023614786835601, "p2": 26.320387826324954, "p3": 41.83728368527318, "p4": 27.21287138525902, "pol1": -0.34953912510734675, "pol2": 0.799662926040481, "pol3": 0.7519065791297703, "pol4": -0.9289086346968359, "v0s": 6.500601133378985}, "datetime": {"datetime": "2022-05-16 23:08:37", "elapsed": 12332.991491, "delta": 14.37954}}
{"target": 3.6003733844423467, "params": {"Bgrad": 1.805346338174604, "d1": -1.220871088714861, "d2": -1.0932145355841647, "d3": -2.2789778130340945, "d4": -1.987984493129011, "p1": 4.0050989357541535, "p2": 32.45165163332972, "p3": 31.147703280716772, "p4": 36.81684203794082, "pol1": -0.4595348370875152, "pol2": 0.941552240659904, "pol3": -0.740800317435715, "pol4": 0.17524033612293133, "v0s": 3.6003733844423467}, "datetime": {"datetime": "2022-05-16 23:08:47", "elapsed": 12342.357441, "delta": 9.36595}}
{"target": -1.0, "params": {"Bgrad": 1.842993448968466, "d1": -1.0251748108106247, "d2": -0.3938203071879016, "d3": -1.835673720702125, "d4": -1.8937420446974205, "p1": 41.77812834335613, "p2": 21.172200181557844, "p3": 17.565854149805986, "p4": 12.873041123238188, "pol1": 0.07455600787906036, "pol2": -0.8979806707199256, "pol3": -0.5343589361489944, "pol4": -0.5627178616324398, "v0s": 4.591333874104251}, "datetime": {"datetime": "2022-05-16 23:09:01", "elapsed": 12357.197748, "delta": 14.840307}}
{"target": -1.0, "params": {"Bgrad": 0.6575104836147017, "d1": -1.6745790349352423, "d2": 0.10895386665180329, "d3": -1.697609273412624, "d4": -0.9280475045299235, "p1": 7.025467149921971, "p2": 34.810269468153194, "p3": 35.32565633519558, "p4": 35.857472682854386, "pol1": 0.9950629070922528, "pol2": -0.9130022986966451, "pol3": 0.012940304028294047, "pol4": -0.2724327915861606, "v0s": 5.91844914027127}, "datetime": {"datetime": "2022-05-16 23:09:15", "elapsed": 12371.134473, "delta": 13.936725}}
{"target": 3.9402969489704454, "params": {"Bgrad": 1.5113554222593435, "d1": -1.7997065694553203, "d2": -0.4601430570094407, "d3": -2.299207550960398, "d4": -2.8384489034408755, "p1": 5.113970192701261, "p2": 29.281558248812672, "p3": 30.70060088198684, "p4": 37.760012432426905, "pol1": 0.4270159147426158, "pol2": -0.5857775132072891, "pol3": 0.44778470818136196, "pol4": 0.7574112662786481, "v0s": 3.9402969489704454}, "datetime": {"datetime": "2022-05-16 23:09:26", "elapsed": 12382.13904, "delta": 11.004567}}
{"target": -1.0, "params": {"Bgrad": 0.5458552409461122, "d1": -1.7685499044603792, "d2": -0.7283328708307111, "d3": 0.87381092663425, "d4": -0.06267889445301611, "p1": 37.89438880634029, "p2": 10.099878776251964, "p3": 8.866603584133037, "p4": 27.157130286100045, "pol1": -0.162150116694048, "pol2": -0.8205294607771763, "pol3": -0.20265417389334672, "pol4": 0.03432339740134682, "v0s": 2.191144147838246}, "datetime": {"datetime": "2022-05-16 23:09:40", "elapsed": 12395.315797, "delta": 13.176757}}
{"target": 3.7247190671979427, "params": {"Bgrad": 0.8741705200882226, "d1": -2.580135431707181, "d2": 0.029222394550660002, "d3": -2.6693026082354554, "d4": -2.380224716224716, "p1": 4.55800158616031, "p2": 32.99532509555152, "p3": 36.54933845718752, "p4": 34.18608580817261, "pol1": 0.3408851952323262, "pol2": -0.6800882606301473, "pol3": -0.3050639124283321, "pol4": -0.934404997893735, "v0s": 3.7247190671979427}, "datetime": {"datetime": "2022-05-16 23:09:48", "elapsed": 12403.400174, "delta": 8.084377}}
{"target": 3.875457897130213, "params": {"Bgrad": 1.0469109023094278, "d1": -0.40446990564660973, "d2": -0.5267470600945376, "d3": -2.6291115632476707, "d4": -2.4233661189191142, "p1": 28.773377217594472, "p2": 8.948452305438309, "p3": 38.023553860744855, "p4": 29.08911936645141, "pol1": 0.358100044233198, "pol2": 0.702897518910997, "pol3": -0.532439237283449, "pol4": 0.6298774471291795, "v0s": 3.875457897130213}, "datetime": {"datetime": "2022-05-16 23:09:58", "elapsed": 12414.076619, "delta": 10.676445}}
{"target": -1.0, "params": {"Bgrad": 0.6388972638860982, "d1": -1.657955100451232, "d2": -0.5218267555204448, "d3": -2.286605529797603, "d4": -1.0166615399130317, "p1": 7.144451836130861, "p2": 38.21656448898963, "p3": 35.08207550895569, "p4": 36.99574363538586, "pol1": 0.7105637845595922, "pol2": -0.06536961392579488, "pol3": 0.9348371166531999, "pol4": 0.5080657931153472, "v0s": 5.263537184017371}, "datetime": {"datetime": "2022-05-16 23:10:10", "elapsed": 12425.256717, "delta": 11.180098}}
{"target": -1.0, "params": {"Bgrad": 1.14020306159467, "d1": -2.092484745942654, "d2": -0.6844549980196208, "d3": -2.135989902247826, "d4": -0.47441180993935683, "p1": 35.812711821460496, "p2": 8.9364610152475, "p3": 9.365568629963095, "p4": 31.002693995817395, "pol1": 0.5977590113278428, "pol2": 0.6196545546679774, "pol3": -0.9708672185239953, "pol4": 0.30340267643954927, "v0s": 4.650499946163265}, "datetime": {"datetime": "2022-05-16 23:10:26", "elapsed": 12441.364634, "delta": 16.107917}}
{"target": -1.0, "params": {"Bgrad": 0.7538609431104264, "d1": 0.6239871825397869, "d2": 0.4534489750648554, "d3": -1.8287358314050666, "d4": -2.600450056435247, "p1": 6.95227278348241, "p2": 23.9812936946917, "p3": 0.15204497506943193, "p4": 34.535424740379874, "pol1": 0.5708939534468838, "pol2": 0.8499590376602291, "pol3": -0.4322169824724422, "pol4": 0.3323796644654615, "v0s": 4.536726672652515}, "datetime": {"datetime": "2022-05-16 23:10:41", "elapsed": 12457.052674, "delta": 15.68804}}
{"target": 2.966388848556943, "params": {"Bgrad": 1.7917917823018936, "d1": -1.9635056410846792, "d2": -0.976783170781168, "d3": -1.3548135719976617, "d4": -2.3193674922559153, "p1": 31.324237810026943, "p2": 14.476967254119465, "p3": 35.96303784807128, "p4": 26.409035187080548, "pol1": 0.6645874924634374, "pol2": 0.7340367088727917, "pol3": -0.930850568346407, "pol4": -0.069052183968765, "v0s": 2.966388848556943}, "datetime": {"datetime": "2022-05-16 23:10:48", "elapsed": 12463.51838, "delta": 6.465706}}
{"target": 3.0928326623948736, "params": {"Bgrad": 1.1219306628105925, "d1": -2.6547990788291447, "d2": -0.9947554756170836, "d3": -0.5421582144971309, "d4": -1.9887007490535558, "p1": 29.08203241925059, "p2": 12.894347892807573, "p3": 36.4878378187288, "p4": 27.727951849162285, "pol1": 0.8198969354873467, "pol2": -0.967695647191702, "pol3": -0.6047926785153961, "pol4": 0.6520964354331904, "v0s": 3.0928326623948736}, "datetime": {"datetime": "2022-05-16 23:10:57", "elapsed": 12473.211455, "delta": 9.693075}}
{"target": -1.0, "params": {"Bgrad": 1.0540638079907183, "d1": -1.0859234693908522, "d2": -0.17933853400426614, "d3": -1.297704099631853, "d4": -2.178280425370815, "p1": 32.11684129354796, "p2": 14.294991739007157, "p3": 37.407622536888994, "p4": 25.587105429120953, "pol1": 0.7070791042570153, "pol2": -0.8086063946368873, "pol3": -0.38690068831275504, "pol4": 0.1605478002040539, "v0s": 4.6753278873445705}, "datetime": {"datetime": "2022-05-16 23:11:11", "elapsed": 12486.457028, "delta": 13.245573}}
{"target": 4.6899658513901405, "params": {"Bgrad": 0.6971483795746691, "d1": -2.7158549756003674, "d2": -0.5294360831734939, "d3": -0.02612543767680986, "d4": -2.962442446995875, "p1": 1.8402939657105433, "p2": 35.887981180937786, "p3": 32.294536617224786, "p4": 35.73010053451519, "pol1": -0.9340782834624937, "pol2": -0.2563888069374838, "pol3": 0.2709939758113955, "pol4": -0.9196234113194524, "v0s": 4.6899658513901405}, "datetime": {"datetime": "2022-05-16 23:11:21", "elapsed": 12496.936001, "delta": 10.478973}}
{"target": 4.829983140296688, "params": {"Bgrad": 2.0, "d1": -2.2994462188741633, "d2": -3.0, "d3": -2.3677340236254207, "d4": -3.0, "p1": 24.62787362461553, "p2": 31.857543972765995, "p3": 44.01320084272788, "p4": 46.1669657490787, "pol1": 0.48613515790030465, "pol2": 0.5926042788954392, "pol3": -0.4926600827181793, "pol4": 0.0728130353470113, "v0s": 4.829983140296688}, "datetime": {"datetime": "2022-05-16 23:11:33", "elapsed": 12508.810242, "delta": 11.874241}}
{"target": 4.616195815099778, "params": {"Bgrad": 0.9079606351387646, "d1": -1.7475442163692168, "d2": 0.7620046600517432, "d3": -0.794515016931093, "d4": -0.6861277546286706, "p1": 45.54776074793735, "p2": 26.5580955462346, "p3": 21.08532743834635, "p4": 31.35636051348309, "pol1": 0.7464276460561359, "pol2": 0.8579916451060858, "pol3": 0.5154056196643666, "pol4": -0.23047321482054084, "v0s": 4.616195815099778}, "datetime": {"datetime": "2022-05-16 23:11:43", "elapsed": 12518.741679, "delta": 9.931437}}
{"target": 2.956711055778965, "params": {"Bgrad": 1.1239748021611793, "d1": -1.2354767144668748, "d2": 0.1620722136310917, "d3": -1.3502203921960398, "d4": -2.1053657022812176, "p1": 29.204316033298543, "p2": 11.409483567897055, "p3": 10.498499710020791, "p4": 25.37743285579182, "pol1": 0.7846967499537145, "pol2": 0.42563183460054566, "pol3": -0.3567547477972197, "pol4": -0.3904685200690168, "v0s": 2.956711055778965}, "datetime": {"datetime": "2022-05-16 23:11:52", "elapsed": 12527.832365, "delta": 9.090686}}
{"target": -1.0, "params": {"Bgrad": 0.8237856669332686, "d1": -1.1136551424418348, "d2": 0.3077790893702037, "d3": -0.22076141176712216, "d4": -1.8331826275734402, "p1": 27.77426926944212, "p2": 12.14883247274226, "p3": 11.997608995864212, "p4": 23.03638178633519, "pol1": -0.21349796159993706, "pol2": 0.9531697328070421, "pol3": 0.7117090390378464, "pol4": 0.4128946521257908, "v0s": 2.8047274055753957}, "datetime": {"datetime": "2022-05-16 23:12:06", "elapsed": 12541.298348, "delta": 13.465983}}
{"target": -1.0, "params": {"Bgrad": 1.4295575048829101, "d1": -2.6544986790183382, "d2": 0.3685226761305995, "d3": -0.24071675396437797, "d4": -3.0, "p1": 44.72724826901292, "p2": 21.240207418286424, "p3": 26.04459430786599, "p4": 12.395817615451005, "pol1": -0.8028969936090883, "pol2": -0.10036045865437142, "pol3": 0.9733563751396558, "pol4": 0.013116633999266658, "v0s": 4.679640796637764}, "datetime": {"datetime": "2022-05-16 23:12:21", "elapsed": 12557.151946, "delta": 15.853598}}
{"target": 4.534340461962995, "params": {"Bgrad": 1.022009887967008, "d1": -3.0, "d2": -2.5208925405977065, "d3": -1.963182939008277, "d4": -3.0, "p1": 5.066174887461572, "p2": 10.988111537191335, "p3": 36.59418393619195, "p4": 28.724621344628346, "pol1": 0.2619582490845236, "pol2": -0.8607520814371885, "pol3": 0.12433237106913564, "pol4": -0.4809994657747916, "v0s": 4.534340461962995}, "datetime": {"datetime": "2022-05-16 23:12:30", "elapsed": 12565.471694, "delta": 8.319748}}
{"target": 2.6328628574057, "params": {"Bgrad": 1.8981957458472434, "d1": -2.5188459187174774, "d2": -1.2096332877907034, "d3": -0.3877638114578561, "d4": -2.8713608431795534, "p1": 31.064913139982036, "p2": 11.462855213211093, "p3": 34.62594476012579, "p4": 27.59715656876202, "pol1": 0.7521966407324552, "pol2": 0.9852713040676322, "pol3": 0.17254087585659517, "pol4": -0.4849608641836025, "v0s": 2.6328628574057}, "datetime": {"datetime": "2022-05-16 23:12:35", "elapsed": 12570.663807, "delta": 5.192113}}
{"target": -1.0, "params": {"Bgrad": 1.655699293791265, "d1": -0.5929056555215029, "d2": -0.4771504200672765, "d3": -1.860723388602366, "d4": 0.9555258965534317, "p1": 39.057973969366365, "p2": 19.75004025072608, "p3": 14.599299888799377, "p4": 14.981959975197384, "pol1": 0.3222941537051671, "pol2": 0.9607570874787212, "pol3": -0.6198219524758766, "pol4": 0.2684157806551266, "v0s": 3.6896937468041857}, "datetime": {"datetime": "2022-05-16 23:12:50", "elapsed": 12585.506109, "delta": 14.842302}}
{"target": -1.0, "params": {"Bgrad": 1.5763597578238586, "d1": -2.3172632847277237, "d2": -0.34968904707786397, "d3": -1.1405883203053135, "d4": -2.388193145535219, "p1": 10.600083299541952, "p2": 27.246924263059196, "p3": 41.75875288700895, "p4": 26.754707422862023, "pol1": 0.037128326968414394, "pol2": -0.5827914334670059, "pol3": -0.07554789158576858, "pol4": 0.21840665856507457, "v0s": 7.065501499345823}, "datetime": {"datetime": "2022-05-16 23:13:03", "elapsed": 12598.737719, "delta": 13.23161}}
{"target": -1.0, "params": {"Bgrad": 1.3411652450268232, "d1": -1.0538802900413877, "d2": 0.8564941575196694, "d3": -2.2241230805030616, "d4": -1.773304243337655, "p1": 8.919681266661634, "p2": 38.30535867026365, "p3": 37.57173085010784, "p4": 37.047772596183556, "pol1": -0.7003666787407872, "pol2": 0.8680901939845038, "pol3": 0.11014522902936053, "pol4": -0.9075600077730048, "v0s": 2.9630074934771455}, "datetime": {"datetime": "2022-05-16 23:13:15", "elapsed": 12610.261897, "delta": 11.524178}}
{"target": 4.310278023164701, "params": {"Bgrad": 1.8668439693726657, "d1": -1.6021654307242916, "d2": 0.9723965294148091, "d3": -1.6535392836186809, "d4": -0.5004068969471747, "p1": 2.2002277587444663, "p2": 34.2476356601747, "p3": 27.094332419491217, "p4": 37.75559478013808, "pol1": -0.6264871019318194, "pol2": 0.1243545827822723, "pol3": -0.7968544466170178, "pol4": -0.3576667042531543, "v0s": 4.310278023164701}, "datetime": {"datetime": "2022-05-16 23:13:24", "elapsed": 12619.902113, "delta": 9.640216}}
{"target": 5.879782923312823, "params": {"Bgrad": 1.1009429062625187, "d1": -2.113271343847648, "d2": 0.6386290761358875, "d3": -0.7378998600779383, "d4": -2.982798267863417, "p1": 10.783455769069757, "p2": 36.84675322165752, "p3": 44.561961907909755, "p4": 33.883535594764844, "pol1": -0.28512652694313123, "pol2": -0.2171815206745304, "pol3": 0.28007972732701925, "pol4": -0.9322405069500405, "v0s": 5.879782923312823}, "datetime": {"datetime": "2022-05-16 23:13:36", "elapsed": 12631.442247, "delta": 11.540134}}
{"target": -1.0, "params": {"Bgrad": 0.7968004598399436, "d1": -2.9281304972800193, "d2": 0.786521737057055, "d3": 0.5571957872684941, "d4": -1.7681170254420997, "p1": 42.086745207233456, "p2": 24.078627964319544, "p3": 27.146237322965604, "p4": 8.164710880160458, "pol1": -0.32938812335003353, "pol2": -0.6457911019398193, "pol3": -0.23298860875121497, "pol4": -0.49423979520836503, "v0s": 2.399039632491959}, "datetime": {"datetime": "2022-05-16 23:13:48", "elapsed": 12643.874994, "delta": 12.432747}}
{"target": 4.843050540385877, "params": {"Bgrad": 0.5, "d1": -3.0, "d2": -3.0, "d3": -2.259950386920953, "d4": -0.30342046341090956, "p1": 5.8328121642888835, "p2": 3.1382889667053164, "p3": 38.80060610192615, "p4": 20.909256518249688, "pol1": -0.34110726047100154, "pol2": 0.26606644167825066, "pol3": 0.4397618304001131, "pol4": -0.3288775863223567, "v0s": 4.843050540385877}, "datetime": {"datetime": "2022-05-16 23:13:56", "elapsed": 12652.157841, "delta": 8.282847}}
{"target": 5.033127252414941, "params": {"Bgrad": 2.0, "d1": -2.2435920832694984, "d2": 0.9341733526768223, "d3": -1.100272017461689, "d4": -2.378544622556158, "p1": 44.40522899030475, "p2": 21.07342220803191, "p3": 25.07014378709617, "p4": 12.348076840719036, "pol1": 0.0030744706593721863, "pol2": -0.7797724684234627, "pol3": -0.30918958078942194, "pol4": 0.32643376421024545, "v0s": 5.033127252414941}, "datetime": {"datetime": "2022-05-16 23:14:07", "elapsed": 12663.211277, "delta": 11.053436}}
{"target": -1.0, "params": {"Bgrad": 1.4405206268748034, "d1": 0.8573163590599284, "d2": 0.5213954397875495, "d3": -1.4417055474173943, "d4": -2.9541922536427387, "p1": 3.854322496854057, "p2": 31.921390879066898, "p3": 29.46600618561505, "p4": 37.0456157684553, "pol1": -0.14933465549659575, "pol2": 0.4008783219656138, "pol3": 0.7934323343236398, "pol4": -0.9840820486431552, "v0s": 5.129693753796185}, "datetime": {"datetime": "2022-05-16 23:14:24", "elapsed": 12679.357093, "delta": 16.145816}}
{"target": -1.0, "params": {"Bgrad": 1.4825357632168699, "d1": -2.9909886332123397, "d2": 0.3830750473857285, "d3": -1.682413590475806, "d4": -1.058709322149348, "p1": 1.7550106909577368, "p2": 32.420696290548875, "p3": 16.52653850954001, "p4": 11.984541151189642, "pol1": 0.6250076920952963, "pol2": -0.8151836631220419, "pol3": -0.3687900095713743, "pol4": 0.3521557298227944, "v0s": 5.353789839651817}, "datetime": {"datetime": "2022-05-16 23:14:40", "elapsed": 12695.812082, "delta": 16.454989}}
{"target": 4.941977841527206, "params": {"Bgrad": 1.7955873117692778, "d1": -2.3401944550375564, "d2": 0.5633277172985669, "d3": -2.985779552417323, "d4": -0.6046570594040008, "p1": 1.5921821531575064, "p2": 32.13177628774949, "p3": 28.89238881289009, "p4": 38.250690542936475, "pol1": 0.6970874253855013, "pol2": 0.4191521017089237, "pol3": 0.7211110190654311, "pol4": -0.8189333679992743, "v0s": 4.941977841527206}, "datetime": {"datetime": "2022-05-16 23:14:50", "elapsed": 12705.905087, "delta": 10.093005}}
{"target": 5.12242099562635, "params": {"Bgrad": 0.843980479138408, "d1": -3.0, "d2": 1.0, "d3": -1.2004066229549304, "d4": -2.302431687435205, "p1": 7.939735285437433, "p2": 36.51818235910404, "p3": 35.790242757302124, "p4": 36.83859971450116, "pol1": 0.1736856227845324, "pol2": 0.3415169535312101, "pol3": -0.6100209568701643, "pol4": 0.40043951615896123, "v0s": 5.12242099562635}, "datetime": {"datetime": "2022-05-16 23:14:59", "elapsed": 12714.880082, "delta": 8.974995}}
{"target": 5.432757735212059, "params": {"Bgrad": 1.1904487698455612, "d1": -2.5573891732910474, "d2": 0.805669326281055, "d3": -1.404799838550717, "d4": -1.721711070795167, "p1": 6.480273988562896, "p2": 37.43717262076462, "p3": 34.765260378685234, "p4": 39.50965616343174, "pol1": -0.3089788088067065, "pol2": 0.9843959652637619, "pol3": 0.45273684050789154, "pol4": 0.9023682356767786, "v0s": 5.432757735212059}, "datetime": {"datetime": "2022-05-16 23:15:10", "elapsed": 12726.111043, "delta": 11.230961}}
