{"target": -1.0, "params": {"Bgrad": 1.7647407628983984, "d1": -2.8662800801256125, "d2": -2.1542058197817187, "d3": 0.31626071057344873, "d4": -1.3394643353456952, "p1": 31.796982124934985, "p2": 34.07197965567369, "p3": 31.70610463226746, "p4": 1.364908209307597, "pol1": -0.3353991756074528, "pol2": 0.21707005791129097, "pol3": -0.7911972659555742, "pol4": 0.42527522401357865, "v0s": 5.638424436368671}, "datetime": {"datetime": "2022-06-15 22:28:34", "elapsed": 246361.095613, "delta": 18.709991}}
{"target": -1.0, "params": {"Bgrad": 1.603646294415487, "d1": -0.34273289920262107, "d2": -1.5477853034146585, "d3": 0.5025713376183742, "d4": -1.128069033010021, "p1": 0.020116517973922665, "p2": 16.640246692495523, "p3": 10.365892361801905, "p4": 16.765299264267732, "pol1": -0.31555173698997185, "pol2": -0.202977440824208, "pol3": -0.9490238122258177, "pol4": 0.04485046993347108, "v0s": 6.540073488951327}, "datetime": {"datetime": "2022-06-15 22:28:49", "elapsed": 246376.273046, "delta": 15.177433}}
{"target": -1.0, "params": {"Bgrad": 0.6946414259196458, "d1": -2.531964970089549, "d2": -1.417057082726688, "d3": -0.5653064747184486, "d4": -1.530509594477703, "p1": 8.341537194651794, "p2": 38.533430173138086, "p3": 0.361052693361974, "p4": 13.991543402533008, "pol1": -0.5188729793486824, "pol2": -0.7482261564192512, "pol3": 0.7398307300790592, "pol4": 0.514323078628774, "v0s": 5.027297118636281}, "datetime": {"datetime": "2022-06-15 22:28:59", "elapsed": 246386.76999, "delta": 10.496944}}
{"target": 2.3274015934566537, "params": {"Bgrad": 1.5664395908011448, "d1": 0.7329940038598264, "d2": -0.6868157462514493, "d3": -0.9519047891732657, "d4": -1.2307027428973387, "p1": 25.36781013568587, "p2": 37.02837784434796, "p3": 48.53920517150468, "p4": 28.885535335180535, "pol1": 0.026866954643645302, "pol2": 0.6477140838116779, "pol3": 0.6041276321787845, "pol4": 0.23779694009228658, "v0s": 2.3274015934566537}, "datetime": {"datetime": "2022-06-15 22:29:06", "elapsed": 246393.989692, "delta": 7.219702}}
{"target": -1.0, "params": {"Bgrad": 0.9184296046483778, "d1": -1.190401524954165, "d2": -1.9274376307505343, "d3": -2.3091500526798523, "d4": -2.1830752622144205, "p1": 47.76752978441147, "p2": 41.17042341943707, "p3": 36.03451914508443, "p4": 40.02085845014397, "pol1": -0.9304420509205669, "pol2": -0.8395674013705592, "pol3": 0.07358333688177865, "pol4": 0.4109009999460098, "v0s": 6.659430473379894}, "datetime": {"datetime": "2022-06-15 22:29:20", "elapsed": 246407.933423, "delta": 13.943731}}
{"target": 2.2050583567339013, "params": {"Bgrad": 1.6484055763939582, "d1": -1.3067934715791187, "d2": 0.46648491073082177, "d3": -1.6731165505219394, "d4": -2.955961200022373, "p1": 38.03143782141095, "p2": 9.19295398040456, "p3": 16.61811937115059, "p4": 30.47621678147527, "pol1": 0.8884116447930004, "pol2": -0.02661040615532606, "pol3": -0.9412815905295895, "pol4": -0.7331774922560721, "v0s": 2.2050583567339013}, "datetime": {"datetime": "2022-06-15 22:29:28", "elapsed": 246415.598934, "delta": 7.665511}}
{"target": -1.0, "params": {"Bgrad": 1.2623500240127243, "d1": -0.041214497412847884, "d2": -0.0738052327769223, "d3": -2.121816940740839, "d4": 0.3589248317806897, "p1": 42.876786974297794, "p2": 5.653465162688532, "p3": 47.94810242564388, "p4": 30.763073986116556, "pol1": -0.7720359800120571, "pol2": 0.2929389134800231, "pol3": 0.5466733286607401, "pol4": -0.9416860359918462, "v0s": 4.014087464811307}, "datetime": {"datetime": "2022-06-15 22:29:42", "elapsed": 246429.57857, "delta": 13.979636}}
{"target": -1.0, "params": {"Bgrad": 0.7266300777454338, "d1": -1.3254486675987787, "d2": 0.9416551071303751, "d3": -0.872712708402799, "d4": -0.26795507414712727, "p1": 42.72288528182312, "p2": 35.121574543489544, "p3": 38.532407857112325, "p4": 18.665349682678173, "pol1": -0.4244352744624802, "pol2": 0.30919146171604783, "pol3": 0.9366905747989622, "pol4": -0.9947524429364711, "v0s": 2.7652133383735014}, "datetime": {"datetime": "2022-06-15 22:29:52", "elapsed": 246439.404308, "delta": 9.825738}}
{"target": -1.0, "params": {"Bgrad": 1.9357424709651208, "d1": 0.6548608925617674, "d2": -0.5312112864021654, "d3": -0.9732916705537558, "d4": -0.182242546670766, "p1": 25.897456512634072, "p2": 21.55052598378786, "p3": 35.312322121694976, "p4": 8.260632818581598, "pol1": -0.3579928326115398, "pol2": -0.4093359375829393, "pol3": 0.40950036896807473, "pol4": 0.3442420844418592, "v0s": 2.6823890888486703}, "datetime": {"datetime": "2022-06-15 22:30:08", "elapsed": 246455.500285, "delta": 16.095977}}
{"target": -1.0, "params": {"Bgrad": 1.5932857589000349, "d1": 0.5633524781388939, "d2": 0.9884868217774687, "d3": -2.2185530783334912, "d4": 0.2531281266279777, "p1": 12.71898683941246, "p2": 33.6690830909954, "p3": 38.970201829661484, "p4": 17.800952268502762, "pol1": 0.1212855095688723, "pol2": 0.9677819350989241, "pol3": 0.07181309819090753, "pol4": -0.16333885233026213, "v0s": 3.230926859827502}, "datetime": {"datetime": "2022-06-15 22:30:24", "elapsed": 246471.932365, "delta": 16.43208}}
{"target": -1.0, "params": {"Bgrad": 1.3538071901031596, "d1": 0.42226554106104697, "d2": -1.570778929296218, "d3": -2.6511771276825487, "d4": 0.22790387744132, "p1": 28.81119986860555, "p2": 24.166146069348976, "p3": 3.648403625662233, "p4": 23.065870557291706, "pol1": -0.9583539727483852, "pol2": 0.28751123510250487, "pol3": -0.4636319447549926, "pol4": -0.7752395679980204, "v0s": 4.163707914949757}, "datetime": {"datetime": "2022-06-15 22:30:40", "elapsed": 246487.592508, "delta": 15.660143}}
{"target": -1.0, "params": {"Bgrad": 1.8276313171263887, "d1": -2.41036982648266, "d2": -0.44385586638007135, "d3": -1.3577415654804348, "d4": -1.9307277915676657, "p1": 42.81394950152514, "p2": 11.561277994886154, "p3": 3.5541055354252893, "p4": 28.312086056478364, "pol1": 0.01916971533024836, "pol2": 0.8090174026693766, "pol3": 0.8852032254932491, "pol4": -0.9803916736959386, "v0s": 6.48065856509997}, "datetime": {"datetime": "2022-06-15 22:30:56", "elapsed": 246503.585761, "delta": 15.993253}}
{"target": -1.0, "params": {"Bgrad": 1.3140845315507201, "d1": -2.954543512616561, "d2": 0.18849401515938258, "d3": -0.804599928051112, "d4": -0.8346451185171277, "p1": 27.50079924209901, "p2": 25.35181957664254, "p3": 13.706724372486716, "p4": 11.299665562473832, "pol1": 0.36899476352146077, "pol2": 0.015621037155133077, "pol3": -0.958692973101358, "pol4": 0.9889730032973492, "v0s": 6.129158003312174}, "datetime": {"datetime": "2022-06-15 22:31:13", "elapsed": 246520.260193, "delta": 16.674432}}
{"target": -1.0, "params": {"Bgrad": 1.5903024778238897, "d1": 0.8690238825674195, "d2": -2.044922236891006, "d3": -2.7760424603902685, "d4": -0.0013266465237795622, "p1": 18.845504727883416, "p2": 0.8159466652606528, "p3": 10.57373867287445, "p4": 3.3489920841739518, "pol1": 0.4341812204347981, "pol2": 0.9831999257416604, "pol3": -0.09327236468431854, "pol4": 0.9445555804115251, "v0s": 4.910898712600652}, "datetime": {"datetime": "2022-06-15 22:31:28", "elapsed": 246535.630111, "delta": 15.369918}}
{"target": -1.0, "params": {"Bgrad": 0.9949438369068924, "d1": 0.5286445754899933, "d2": -0.6645391591725858, "d3": -0.946586625480923, "d4": -2.5068099765840146, "p1": 30.061609969769176, "p2": 21.238406852918818, "p3": 39.05300595130784, "p4": 49.88201147600241, "pol1": -0.10985262580644917, "pol2": 0.651785914993579, "pol3": 0.23044667299826593, "pol4": -0.7043542739225828, "v0s": 2.3347722706684855}, "datetime": {"datetime": "2022-06-15 22:31:41", "elapsed": 246548.743063, "delta": 13.112952}}
{"target": -1.0, "params": {"Bgrad": 0.8557842320970057, "d1": -2.6268162898997978, "d2": -1.6061224225033155, "d3": -2.0924483772448683, "d4": -0.06674401151413711, "p1": 40.55657817216519, "p2": 42.49885193208132, "p3": 12.116219584402282, "p4": 19.4993169442993, "pol1": -0.8600235687481552, "pol2": -0.27490784393113166, "pol3": -0.8273442281118901, "pol4": 0.04752642589307121, "v0s": 3.6144826510929584}, "datetime": {"datetime": "2022-06-15 22:31:50", "elapsed": 246558.048192, "delta": 9.305129}}
{"target": -1.0, "params": {"Bgrad": 1.6924579382690486, "d1": -0.475568810659432, "d2": -1.649148862788588, "d3": -2.6444783749578766, "d4": -0.5507761955463248, "p1": 46.551738652034516, "p2": 39.67261823313077, "p3": 46.584256696115105, "p4": 12.213931273100926, "pol1": -0.5181121475411727, "pol2": 0.28180946970863263, "pol3": -0.8891110347075208, "pol4": -0.9843498475074146, "v0s": 6.07073632836674}, "datetime": {"datetime": "2022-06-15 22:32:07", "elapsed": 246574.687717, "delta": 16.639525}}
{"target": -1.0, "params": {"Bgrad": 1.862608487236805, "d1": -2.4869185518130443, "d2": -1.6293213341271588, "d3": -2.1605033701212344, "d4": 0.9867020351140825, "p1": 0.38164203279219544, "p2": 37.62395329040194, "p3": 40.13840355132156, "p4": 45.087365847851316, "pol1": 0.5941010789632495, "pol2": -0.5928912117255201, "pol3": 0.49942419309343866, "pol4": -0.3867661302386336, "v0s": 4.034483701241567}, "datetime": {"datetime": "2022-06-15 22:32:29", "elapsed": 246596.425615, "delta": 21.737898}}
{"target": 5.32238968375693, "params": {"Bgrad": 1.6199217060607976, "d1": -2.21443733687044, "d2": -0.5175483838404675, "d3": 0.04831288747360407, "d4": -0.12276777046796816, "p1": 3.2950234038229165, "p2": 7.774827282517865, "p3": 22.156806482446218, "p4": 17.995044925617336, "pol1": -0.3607200256729792, "pol2": 0.14327964247682878, "pol3": 0.6674212536808006, "pol4": -0.6836901374048261, "v0s": 5.32238968375693}, "datetime": {"datetime": "2022-06-15 22:32:41", "elapsed": 246608.375675, "delta": 11.95006}}
{"target": -1.0, "params": {"Bgrad": 1.0821263525081004, "d1": -1.974683823190487, "d2": -2.3763977905799845, "d3": -0.995789848070042, "d4": -1.9584363369664888, "p1": 12.935116512428191, "p2": 16.854654378316603, "p3": 25.441190487351882, "p4": 0.7295036790718801, "pol1": 0.31781582985480905, "pol2": -0.6742498136139516, "pol3": 0.35408747808560115, "pol4": -0.36421218031781377, "v0s": 7.981603052817444}, "datetime": {"datetime": "2022-06-15 22:32:55", "elapsed": 246622.371267, "delta": 13.995592}}
{"target": -1.0, "params": {"Bgrad": 1.573516002195097, "d1": -0.6539330601713593, "d2": -1.1612595138776234, "d3": 0.7448728818149024, "d4": 0.9808131565750831, "p1": 49.94826858141279, "p2": 43.924727671986986, "p3": 34.489732017831045, "p4": 11.486760648179938, "pol1": 0.034265086161885394, "pol2": 0.14943097349382195, "pol3": -0.9816196627629861, "pol4": -0.7188331376027632, "v0s": 6.338765105318396}, "datetime": {"datetime": "2022-06-15 22:33:11", "elapsed": 246638.496168, "delta": 16.124901}}
{"target": -1.0, "params": {"Bgrad": 0.8210981549685905, "d1": 0.951344731722009, "d2": 0.38114453948024263, "d3": -1.0824125338324846, "d4": 0.2991337455160692, "p1": 0.4677696092632522, "p2": 21.49279230381005, "p3": 43.05671622388154, "p4": 25.507162421112184, "pol1": 0.8605926953818519, "pol2": 0.10667530294702998, "pol3": -0.18723049804801795, "pol4": -0.9987747757851022, "v0s": 7.714417495581019}, "datetime": {"datetime": "2022-06-15 22:33:28", "elapsed": 246655.268339, "delta": 16.772171}}
{"target": -1.0, "params": {"Bgrad": 1.9111607469537697, "d1": -2.6084809567867193, "d2": -2.2457233843531386, "d3": -0.6520284498279567, "d4": -1.819634918616615, "p1": 49.36005589866222, "p2": 1.20332029771395, "p3": 37.6554720053534, "p4": 24.500424250118495, "pol1": 0.8988303662104948, "pol2": -0.16203100282261795, "pol3": 0.5917380518724722, "pol4": -0.7911303472341265, "v0s": 3.231498120750434}, "datetime": {"datetime": "2022-06-15 22:33:33", "elapsed": 246660.818504, "delta": 5.550165}}
{"target": 2.908711621179312, "params": {"Bgrad": 1.958592487529614, "d1": -0.8085397902582399, "d2": 0.6983941212521754, "d3": -1.9449253010304899, "d4": -2.796110610709084, "p1": 36.55193762028846, "p2": 30.848332605734395, "p3": 22.55842428803715, "p4": 1.1616908046723662, "pol1": -0.6747028349387925, "pol2": -0.6202669781216896, "pol3": -0.3342641459034441, "pol4": 0.5569780974285046, "v0s": 2.908711621179312}, "datetime": {"datetime": "2022-06-15 22:33:38", "elapsed": 246665.215751, "delta": 4.397247}}
{"target": -1.0, "params": {"Bgrad": 1.4580161821658142, "d1": -2.302675173957557, "d2": -2.6442096138790983, "d3": -1.9132658252726835, "d4": -0.1739879428581368, "p1": 33.893247253212124, "p2": 11.097228119311996, "p3": 22.033072492087857, "p4": 47.592626374345244, "pol1": -0.47303471528546726, "pol2": -0.7481446909504554, "pol3": 0.12842013691825538, "pol4": 0.25247990081062666, "v0s": 3.6085977525161836}, "datetime": {"datetime": "2022-06-15 22:33:52", "elapsed": 246679.809744, "delta": 14.593993}}
{"target": -1.0, "params": {"Bgrad": 1.4417611418258776, "d1": 0.9776882681414589, "d2": -1.7453106420166424, "d3": -0.04629822913893733, "d4": -1.5431662874083965, "p1": 15.486266363984763, "p2": 23.084873522477917, "p3": 11.72034115148482, "p4": 12.994601569207791, "pol1": -0.6891103389852493, "pol2": -0.5584920481205495, "pol3": -0.6264473446617809, "pol4": 0.12912723965578055, "v0s": 2.591204386016491}, "datetime": {"datetime": "2022-06-15 22:34:11", "elapsed": 246698.205575, "delta": 18.395831}}
{"target": -1.0, "params": {"Bgrad": 1.7160934986686884, "d1": -1.5816920877516298, "d2": 0.9048898667154495, "d3": -1.2677724552859777, "d4": -0.3596794947731836, "p1": 22.2176047316817, "p2": 0.6697455036910105, "p3": 26.18036626636251, "p4": 29.461807966052483, "pol1": 0.7133705328381956, "pol2": 0.403503338271584, "pol3": -0.09257401405262211, "pol4": -0.17378964216073123, "v0s": 7.670041224083046}, "datetime": {"datetime": "2022-06-15 22:34:29", "elapsed": 246716.098749, "delta": 17.893174}}
{"target": -1.0, "params": {"Bgrad": 0.7442881782964434, "d1": -2.2078133626456826, "d2": -1.7178544241326943, "d3": -2.5150837112064712, "d4": 0.9553836625877357, "p1": 12.793644145863613, "p2": 10.812638353971293, "p3": 45.15062525204959, "p4": 49.43290281090366, "pol1": 0.690615870849433, "pol2": -0.47372524894023216, "pol3": -0.8763410809926007, "pol4": 0.03289681544891532, "v0s": 7.477757370374389}, "datetime": {"datetime": "2022-06-15 22:34:39", "elapsed": 246726.98964, "delta": 10.890891}}
{"target": -1.0, "params": {"Bgrad": 1.1397935257583809, "d1": -1.4423710097052838, "d2": -2.694810601994541, "d3": -2.989426350863547, "d4": -2.286194113221427, "p1": 18.53720478363739, "p2": 46.694353859134864, "p3": 34.04132437606532, "p4": 47.48996904985566, "pol1": -0.52986477151503, "pol2": -0.2830905492779716, "pol3": 0.7729927641365488, "pol4": -0.06174599760137589, "v0s": 5.160991897865252}, "datetime": {"datetime": "2022-06-15 22:34:56", "elapsed": 246743.686014, "delta": 16.696374}}
{"target": -1.0, "params": {"Bgrad": 1.5521648233930565, "d1": -1.4621639620982, "d2": -2.424663777560156, "d3": -1.9832762861896276, "d4": 0.12854343794745704, "p1": 43.53614559782707, "p2": 43.04186976248412, "p3": 26.948472506317607, "p4": 45.33660167200313, "pol1": -0.45244392545739776, "pol2": -0.47300609195070265, "pol3": -0.7665283298748251, "pol4": 0.8373107184242203, "v0s": 4.522656726513913}, "datetime": {"datetime": "2022-06-15 22:35:12", "elapsed": 246759.802937, "delta": 16.116923}}
{"target": -1.0, "params": {"Bgrad": 1.234087861491751, "d1": 0.14611488200031086, "d2": 0.6075115912876865, "d3": -2.771540070610164, "d4": -0.11569446829747099, "p1": 11.275054507010196, "p2": 38.881418188123604, "p3": 40.62140701421047, "p4": 9.800236673879503, "pol1": -0.49250433826404305, "pol2": -0.5092082949221401, "pol3": 0.366144063954736, "pol4": 0.6365855190745988, "v0s": 4.7174790369891255}, "datetime": {"datetime": "2022-06-15 22:35:32", "elapsed": 246779.737653, "delta": 19.934716}}
{"target": -1.0, "params": {"Bgrad": 1.4818264655815958, "d1": -0.6005963284458429, "d2": -1.3686009818014218, "d3": -1.2183770805198542, "d4": -1.7835829225434265, "p1": 36.372868919897364, "p2": 39.58767730952279, "p3": 49.96224534685033, "p4": 18.67945432514315, "pol1": 0.9409427175140792, "pol2": -0.8296122703068773, "pol3": 0.7148705878956536, "pol4": 0.0792125085636104, "v0s": 6.584487770336697}, "datetime": {"datetime": "2022-06-15 22:35:48", "elapsed": 246795.319007, "delta": 15.581354}}
{"target": -1.0, "params": {"Bgrad": 0.5979501747644518, "d1": -0.3583480589378194, "d2": 0.08361663092208094, "d3": -2.3836887340324426, "d4": -2.0601925498878013, "p1": 40.89790822262963, "p2": 9.756212612101711, "p3": 19.83014636248111, "p4": 47.860991013877616, "pol1": -0.5102666983568986, "pol2": 0.7551790260585596, "pol3": -0.6057380241020043, "pol4": -0.5594768878171721, "v0s": 7.184074344021234}, "datetime": {"datetime": "2022-06-15 22:35:57", "elapsed": 246804.210243, "delta": 8.891236}}
{"target": -1.0, "params": {"Bgrad": 1.7497306988684131, "d1": -1.9523661049336085, "d2": -2.255094291731621, "d3": -2.636628829107159, "d4": -1.1770645612078292, "p1": 4.230201084528201, "p2": 38.693319599588534, "p3": 25.423333829844086, "p4": 7.316081771168842, "pol1": -0.2384128143587938, "pol2": 0.9251027707077171, "pol3": -0.3997764567485973, "pol4": -0.2512662143871027, "v0s": 5.793482410025186}, "datetime": {"datetime": "2022-06-15 22:36:14", "elapsed": 246821.988723, "delta": 17.77848}}
{"target": -1.0, "params": {"Bgrad": 0.7584051504849837, "d1": 0.6742610834828948, "d2": -2.4834634228372447, "d3": -1.1782760372949275, "d4": 0.33759135412856, "p1": 3.591881332545488, "p2": 44.619069229748604, "p3": 49.267142178526825, "p4": 40.65565791653383, "pol1": -0.18956422617356328, "pol2": 0.26174112600369615, "pol3": -0.37122992777692754, "pol4": 0.11441323861901531, "v0s": 7.595380762111695}, "datetime": {"datetime": "2022-06-15 22:36:25", "elapsed": 246832.284205, "delta": 10.295482}}
{"target": 2.0148123614075484, "params": {"Bgrad": 1.5079364925734078, "d1": -2.775395139797067, "d2": -2.772061284827982, "d3": -1.2924841517174803, "d4": 0.4894150607200922, "p1": 12.096389911387723, "p2": 37.81078778731062, "p3": 32.033079637741245, "p4": 32.04565120485011, "pol1": -0.9263752295154737, "pol2": -0.4675284672728186, "pol3": 0.607578911561933, "pol4": -0.17820806382860677, "v0s": 2.0148123614075484}, "datetime": {"datetime": "2022-06-15 22:36:32", "elapsed": 246839.811088, "delta": 7.526883}}
{"target": -1.0, "params": {"Bgrad": 0.9664698639634022, "d1": 0.26737403414777017, "d2": -2.7473292437103978, "d3": -0.8633926753723049, "d4": 0.6385139889762468, "p1": 4.585731556785655, "p2": 46.88796629867434, "p3": 20.782134600697834, "p4": 45.10941146677408, "pol1": -0.8548897270570832, "pol2": 0.6837107967374725, "pol3": -0.4263543374759602, "pol4": -0.5770861399691067, "v0s": 2.3014359999637075}, "datetime": {"datetime": "2022-06-15 22:36:50", "elapsed": 246857.89575, "delta": 18.084662}}
{"target": -1.0, "params": {"Bgrad": 1.0938268621255474, "d1": -0.03783303443518404, "d2": -2.153835011863271, "d3": 0.982454775679872, "d4": -2.753293162705795, "p1": 36.16000875311024, "p2": 41.16091103159524, "p3": 34.954707793858645, "p4": 40.44459514632134, "pol1": -0.23570384551075407, "pol2": -0.049006315139109136, "pol3": -0.40085954835106175, "pol4": 0.43124007464692604, "v0s": 5.09363756205579}, "datetime": {"datetime": "2022-06-15 22:37:07", "elapsed": 246874.358747, "delta": 16.462997}}
{"target": -1.0, "params": {"Bgrad": 0.6007457637887785, "d1": -1.3256057300913193, "d2": -1.137933534596038, "d3": 0.7578923407657254, "d4": -2.9479159623242763, "p1": 24.47075118864764, "p2": 25.081054469803842, "p3": 37.97785230679939, "p4": 16.465352218249336, "pol1": -0.20228481874211623, "pol2": 0.11892620635122975, "pol3": 0.41784965746247926, "pol4": 0.2410722172242017, "v0s": 7.470099513677328}, "datetime": {"datetime": "2022-06-15 22:37:16", "elapsed": 246884.03289, "delta": 9.674143}}
{"target": -1.0, "params": {"Bgrad": 0.5039980353035065, "d1": -2.0613208213793413, "d2": 0.7158803962380875, "d3": 0.19281457659513235, "d4": -0.5983649477960902, "p1": 49.141216795388445, "p2": 13.550819864325847, "p3": 46.307999483207546, "p4": 16.48798950118574, "pol1": 0.04428908904466633, "pol2": -0.28848706652330347, "pol3": -0.847629159437427, "pol4": -0.7681422326674618, "v0s": 2.980664471828767}, "datetime": {"datetime": "2022-06-15 22:37:30", "elapsed": 246897.991582, "delta": 13.958692}}
{"target": -1.0, "params": {"Bgrad": 0.6878270222071587, "d1": 0.955752354802498, "d2": 0.3103089214969015, "d3": 0.6525788475516716, "d4": 0.5487501925765326, "p1": 47.600476055714566, "p2": 20.10627747940554, "p3": 13.641432572494516, "p4": 14.632889705068425, "pol1": -0.17949355089894525, "pol2": -0.08048187735372259, "pol3": -0.1715137351210363, "pol4": -0.45335326163930434, "v0s": 3.7608625261426463}, "datetime": {"datetime": "2022-06-15 22:37:41", "elapsed": 246908.543378, "delta": 10.551796}}
{"target": 3.011468504354407, "params": {"Bgrad": 0.6090995652473344, "d1": -2.011433180054886, "d2": -0.5787070771786058, "d3": -0.11780865916731642, "d4": 0.3159474817958121, "p1": 22.236827189689656, "p2": 13.188689389710518, "p3": 26.4719689837495, "p4": 28.308081396832023, "pol1": -0.19005251539078816, "pol2": -0.7703672594875028, "pol3": -0.3593677930136192, "pol4": 0.10506337120224396, "v0s": 3.011468504354407}, "datetime": {"datetime": "2022-06-15 22:37:47", "elapsed": 246914.22918, "delta": 5.685802}}
{"target": -1.0, "params": {"Bgrad": 1.8415145483545334, "d1": -1.0922528768445203, "d2": -2.271424024221797, "d3": -2.2811694638209334, "d4": -0.4686605473769454, "p1": 13.747257257512452, "p2": 18.936796269987493, "p3": 44.69888093292965, "p4": 49.436349397502276, "pol1": -0.07004481788341788, "pol2": -0.1378628433495832, "pol3": -0.9448793401759195, "pol4": 0.5377102496478701, "v0s": 6.638744876026419}, "datetime": {"datetime": "2022-06-15 22:38:02", "elapsed": 246929.214128, "delta": 14.984948}}
