{"target": 17.0, "params": {"beta_1": 0.7609756858577588, "beta_2": 3.8179807072824157, "det_1": 153.69985129064912, "det_2": 11.063753471875883, "laseroff": 437900.8380258613, "laseron": 180808.16155182995, "main_det": 18.35781229957282}, "datetime": {"datetime": "2022-01-09 03:05:03", "elapsed": 40382.926761, "delta": 954.921351}}
{"target": 5.0, "params": {"beta_1": 1.5296708779393156, "beta_2": 4.4555380229796935, "det_1": 72.61288042212018, "det_2": 24.918985579152817, "laseroff": 589178.0612980393, "laseron": 244812.4321355949, "main_det": 14.412071996817513}, "datetime": {"datetime": "2022-01-09 03:16:18", "elapsed": 41057.680884, "delta": 674.754123}}
{"target": 4.0, "params": {"beta_1": 0.3059275234518013, "beta_2": 4.476388015492438, "det_1": 169.22131205343783, "det_2": 28.990863697664647, "laseroff": 544030.7392709537, "laseron": 157281.55459694343, "main_det": 10.612343669575598}, "datetime": {"datetime": "2022-01-09 03:26:42", "elapsed": 41681.801143, "delta": 624.120259}}
{"target": 17.0, "params": {"beta_1": 1.174049658265845, "beta_2": 3.437604728814321, "det_1": 115.49496654453418, "det_2": 15.388812962322799, "laseroff": 411581.2063215908, "laseron": 235170.32507489598, "main_det": 19.67630442684696}, "datetime": {"datetime": "2022-01-09 03:42:41", "elapsed": 42640.756797, "delta": 958.955654}}
{"target": 17.0, "params": {"beta_1": 0.7292104224975935, "beta_2": 1.495453324843714, "det_1": 107.00133535507811, "det_2": 7.673465808283574, "laseroff": 472922.07431698265, "laseron": 214037.44548412028, "main_det": 16.870131890231846}, "datetime": {"datetime": "2022-01-09 03:55:09", "elapsed": 43388.894332, "delta": 748.137535}}
{"target": 2.0, "params": {"beta_1": 0.9831117010528143, "beta_2": 3.733973322091693, "det_1": 99.97763698216102, "det_2": 23.329915493772493, "laseroff": 373816.3764037569, "laseron": 261001.34890862263, "main_det": 12.628259257820803}, "datetime": {"datetime": "2022-01-09 04:05:29", "elapsed": 44009.40894, "delta": 620.514608}}
{"target": 7.0, "params": {"beta_1": 0.9954477601746559, "beta_2": 1.1280822438973765, "det_1": 153.18463332267083, "det_2": 15.785728090566774, "laseroff": 487908.0534817263, "laseron": 237113.16493335663, "main_det": 16.004911285779837}, "datetime": {"datetime": "2022-01-09 04:17:56", "elapsed": 44755.884839, "delta": 746.475899}}
{"target": 7.0, "params": {"beta_1": 1.2278265504441046, "beta_2": 1.2675774106600128, "det_1": 87.72640161554511, "det_2": 9.063658802025707, "laseroff": 470118.4595931034, "laseron": 236418.18210206053, "main_det": 14.747713458349393}, "datetime": {"datetime": "2022-01-09 04:29:44", "elapsed": 45464.215226, "delta": 708.330387}}
{"target": 14.0, "params": {"beta_1": 1.2835560293722494, "beta_2": 4.338911363574965, "det_1": 125.82433664243604, "det_2": 28.526164144113636, "laseroff": 428553.2824822682, "laseron": 212609.3290562168, "main_det": 16.09913235339553}, "datetime": {"datetime": "2022-01-09 04:42:41", "elapsed": 46240.805699, "delta": 776.590473}}
{"target": 12.0, "params": {"beta_1": 1.9772452024816507, "beta_2": 3.3260148447523963, "det_1": 109.4899825923804, "det_2": 8.31448622835595, "laseroff": 454550.2357795687, "laseron": 291240.4741304605, "main_det": 17.66264773100131}, "datetime": {"datetime": "2022-01-09 04:56:05", "elapsed": 47045.06006, "delta": 804.254361}}
{"target": 12.0, "params": {"beta_1": 0.38072576337878217, "beta_2": 3.911876802671799, "det_1": 147.94459425467102, "det_2": 29.242887882226572, "laseroff": 501246.52700913, "laseron": 193618.51400343428, "main_det": 15.4526572847322}, "datetime": {"datetime": "2022-01-09 05:08:25", "elapsed": 47785.168161, "delta": 740.108101}}
{"target": 6.0, "params": {"beta_1": 0.9613358014403257, "beta_2": 4.88780334713318, "det_1": 155.89495656936782, "det_2": 18.691859551989275, "laseroff": 531755.4760793553, "laseron": 179769.55553425997, "main_det": 12.469509311512496}, "datetime": {"datetime": "2022-01-09 05:18:58", "elapsed": 48418.061322, "delta": 632.893161}}
{"target": 8.0, "params": {"beta_1": 1.1299321558440438, "beta_2": 4.726220767735998, "det_1": 152.68036247961533, "det_2": 29.91563481442584, "laseroff": 474069.86880508106, "laseron": 186511.7102963485, "main_det": 12.198793651171762}, "datetime": {"datetime": "2022-01-09 05:29:23", "elapsed": 49043.364353, "delta": 625.303031}}
{"target": 0.0, "params": {"beta_1": 1.9032216127603077, "beta_2": 4.663079470151763, "det_1": 137.5361264272862, "det_2": 8.367298349835075, "laseroff": 350453.2415476467, "laseron": 243563.59091595322, "main_det": 13.714442224230616}, "datetime": {"datetime": "2022-01-09 05:40:10", "elapsed": 49689.592427, "delta": 646.228074}}
{"target": 7.0, "params": {"beta_1": 1.139865428970807, "beta_2": 3.7012738506428144, "det_1": 168.2733929832816, "det_2": 11.299603662014727, "laseroff": 443880.63991829834, "laseron": 214923.38282426284, "main_det": 11.122329190709006}, "datetime": {"datetime": "2022-01-09 05:50:43", "elapsed": 50323.265597, "delta": 633.67317}}
{"target": 4.0, "params": {"beta_1": 1.4731787005997765, "beta_2": 1.5847793695820178, "det_1": 126.58474545991444, "det_2": 20.99447689369304, "laseroff": 472741.99417058745, "laseron": 213378.494026637, "main_det": 12.999475939521338}, "datetime": {"datetime": "2022-01-09 06:02:23", "elapsed": 51023.365491, "delta": 700.099894}}
{"target": 20.0, "params": {"beta_1": 1.441708799509899, "beta_2": 0.9853536623023856, "det_1": 127.73727052333638, "det_2": 16.922478962677765, "laseroff": 350731.8210455859, "laseron": 243638.44707509695, "main_det": 17.955232883026838}, "datetime": {"datetime": "2022-01-09 06:19:24", "elapsed": 52043.911161, "delta": 1020.54567}}
{"target": 0.0, "params": {"beta_1": 0.447336734464471, "beta_2": 4.770168543580324, "det_1": 129.02597714099264, "det_2": 19.714098049158345, "laseroff": 305461.43026725226, "laseron": 149343.65320456953, "main_det": 13.28885732733179}, "datetime": {"datetime": "2022-01-09 06:31:06", "elapsed": 52745.551839, "delta": 701.640678}}
{"target": 5.0, "params": {"beta_1": 1.7484808577766762, "beta_2": 2.665307288326206, "det_1": 159.39384434388103, "det_2": 24.283275802628644, "laseroff": 500570.8295288648, "laseron": 225545.53953431683, "main_det": 12.85194474860281}, "datetime": {"datetime": "2022-01-09 06:43:10", "elapsed": 53470.135663, "delta": 724.583824}}
