{"target": 2.2343286993972944, "params": {"I": 1.520364270760597, "d1": -0.3181299592863911, "d2": -1.3307807905314921, "d3": -0.7652406862169934, "d4": -2.438452245619065, "p1": 9.90507445424394, "p2": 40.03722843377683, "p3": 48.41307878596987, "p4": 15.671208907962143, "pol1": 0.38464523133862816, "pol2": 0.7527783045920766, "pol3": 0.7892133270076946, "pol4": -0.8299115772604442, "v0s": 2.2343286993972944}, "datetime": {"datetime": "2022-01-24 02:50:18", "elapsed": 0.0, "delta": 0.0}}
{"target": -1.0, "params": {"I": 4.2267779717268095, "d1": 0.5125700137176525, "d2": -2.6066126646677996, "d3": -1.3155694999797913, "d4": 0.8315581206020077, "p1": 26.658264248650852, "p2": 34.593855697523665, "p3": 15.775781550303147, "p4": 34.32504638407919, "pol1": 0.6692513437947458, "pol2": -0.9634234453116164, "pol3": 0.5002886298899349, "pol4": 0.9777221778129894, "v0s": 6.488993926279036}, "datetime": {"datetime": "2022-01-24 02:52:53", "elapsed": 154.329666, "delta": 154.329666}}
{"target": -1.0, "params": {"I": 6.328435849223698, "d1": 0.15711731380595406, "d2": -2.587095973689432, "d3": -1.2084258952963793, "d4": 0.6343820123723822, "p1": 14.680707418683975, "p2": 14.388766929317438, "p3": 6.501428605913883, "p4": 0.9683478935148537, "pol1": 0.3576710658797819, "pol2": -0.5767437679998819, "pol3": -0.4689066812555476, "pol4": -0.01685368143932342, "v0s": 2.3201752707024825}, "datetime": {"datetime": "2022-01-24 02:56:46", "elapsed": 387.685302, "delta": 233.355636}}
{"target": -1.0, "params": {"I": 11.908234504348249, "d1": -2.4130857003767594, "d2": -0.642777852386863, "d3": -0.20096655991627532, "d4": -2.5906622846886966, "p1": 20.702799390978416, "p2": 34.72000788638726, "p3": 20.708963476345133, "p4": 2.497672947304358, "pol1": 0.07179281183102315, "pol2": 0.32758929043957763, "pol3": 0.029778224116617125, "pol4": 0.8891895119816267, "v0s": 5.519330243011957}, "datetime": {"datetime": "2022-01-24 03:01:28", "elapsed": 669.516771, "delta": 281.831469}}
{"target": -1.0, "params": {"I": 18.164636390469788, "d1": -2.45010118341505, "d2": -2.442894610996966, "d3": 0.22956515483809525, "d4": -1.4092926520578657, "p1": 8.26770985584664, "p2": 46.37542901980169, "p3": 17.388292987275328, "p4": 37.54060515680778, "pol1": 0.4519959707009029, "pol2": 0.7666121824116197, "pol3": 0.24734441411121777, "pol4": 0.5018848680546744, "v0s": 4.093390051867055}, "datetime": {"datetime": "2022-01-24 03:06:32", "elapsed": 974.213279, "delta": 304.696508}}
{"target": -1.0, "params": {"I": 6.128629943535495, "d1": 0.5835448727842674, "d2": -1.2876352405148204, "d3": 0.8593601885935422, "d4": -0.3462340087262077, "p1": 31.08478601045609, "p2": 5.7372986476687595, "p3": 47.474462935353564, "p4": 22.495606673997028, "pol1": 0.15677922877426353, "pol2": -0.18372639447743766, "pol3": -0.5259460395139446, "pol4": 0.8067590411245076, "v0s": 5.442076920033715}, "datetime": {"datetime": "2022-01-24 03:09:22", "elapsed": 1143.351605, "delta": 169.138326}}
{"target": -1.0, "params": {"I": 1.0545362135920204, "d1": -0.5314203455171045, "d2": -1.6934203929116154, "d3": -0.8917675909695628, "d4": 0.543768397243098, "p1": 17.86348800012499, "p2": 45.42675754598996, "p3": 31.168005789590136, "p4": 0.7910621423278141, "pol1": 0.8588744674875226, "pol2": 0.3817938350338479, "pol3": 0.994645700902961, "pol4": -0.6553189833093429, "v0s": 2.8228144977732663}, "datetime": {"datetime": "2022-01-24 03:14:29", "elapsed": 1450.361722, "delta": 307.010117}}
{"target": -1.0, "params": {"I": 18.719313797706107, "d1": -0.21272735404039933, "d2": -2.73599930911175, "d3": 0.021852210409865513, "d4": 0.015504753844985508, "p1": 46.15122677732417, "p2": 35.576237931423584, "p3": 6.213548098608235, "p4": 0.9940066919897794, "pol1": -0.9475780262445614, "pol2": -0.9433870239584108, "pol3": -0.5075778647939082, "pol4": 0.720055897365776, "v0s": 5.232986386049917}, "datetime": {"datetime": "2022-01-24 03:19:40", "elapsed": 1761.728615, "delta": 311.366893}}
{"target": -1.0, "params": {"I": 11.503617595029551, "d1": 0.36812356943842284, "d2": -2.5033067395203554, "d3": -1.883265283955442, "d4": -0.6569629141668485, "p1": 48.47978741598373, "p2": 28.051510962785496, "p3": 0.9323644686471511, "p4": 40.03163363403082, "pol1": -0.5340514523179591, "pol2": 0.6142103912375583, "pol3": -0.2242787118716565, "pol4": 0.7270837091188573, "v0s": 6.4827298564231075}, "datetime": {"datetime": "2022-01-24 03:24:37", "elapsed": 2058.402368, "delta": 296.673753}}
{"target": -1.0, "params": {"I": 11.568564445817959, "d1": -2.45417909735726, "d2": -2.7603292419511534, "d3": -2.5146261770370506, "d4": -2.821792485820953, "p1": 5.374706455304645, "p2": 11.285466930392735, "p3": 35.64944901913383, "p4": 27.98584910270712, "pol1": -0.9748880396817683, "pol2": -0.8560514406210264, "pol3": 0.934552660000544, "pol4": 0.13620092383988425, "v0s": 3.2197594079659426}, "datetime": {"datetime": "2022-01-24 03:30:52", "elapsed": 2434.249806, "delta": 375.847438}}
{"target": -1.0, "params": {"I": 5.794189146836145, "d1": -0.02469658369962824, "d2": -2.218282075562725, "d3": -0.6745642909069689, "d4": 0.8800799563532493, "p1": 42.34144007450176, "p2": 11.992387957379307, "p3": 24.6884857134365, "p4": 30.99778591906899, "pol1": 0.6579617991003575, "pol2": -0.6864172107078315, "pol3": -0.962847595645181, "pol4": -0.8599557125615553, "v0s": 4.91807066562219}, "datetime": {"datetime": "2022-01-24 03:34:15", "elapsed": 2636.672121, "delta": 202.422315}}
{"target": -1.0, "params": {"I": 12.520259771413276, "d1": -0.7245942516540747, "d2": -1.730550362711357, "d3": 0.9544646176497955, "d4": -0.6810191230168123, "p1": 19.00705863117752, "p2": 27.54741095589484, "p3": 37.266721545325105, "p4": 33.46164467265923, "pol1": -0.4701608846743812, "pol2": -0.8673303311431169, "pol3": -0.2598316041717874, "pol4": 0.25943501404312896, "v0s": 3.2610440594890377}, "datetime": {"datetime": "2022-01-24 03:39:27", "elapsed": 2948.448332, "delta": 311.776211}}
{"target": -1.0, "params": {"I": 15.302355521037464, "d1": -2.7338540745835402, "d2": -1.9587396056858362, "d3": 0.21901825497338168, "d4": -2.226262869506689, "p1": 31.973044043997007, "p2": 26.233515456186684, "p3": 46.240398519967535, "p4": 13.164838524355549, "pol1": -0.8680778186319524, "pol2": 0.47013192657733893, "pol3": 0.5443560590864935, "pol4": 0.8156317050070481, "v0s": 7.591832415181024}, "datetime": {"datetime": "2022-01-24 03:43:11", "elapsed": 3173.133039, "delta": 224.684707}}
{"target": -1.0, "params": {"I": 1.2650798865363433, "d1": -2.062551655514318, "d2": -0.5328865719933695, "d3": 0.7960652827504657, "d4": 0.8007044769883187, "p1": 27.83265940975782, "p2": 45.78031748831373, "p3": 32.07831044731687, "p4": 19.50038570706231, "pol1": -0.02801866580618051, "pol2": 0.2086209658399465, "pol3": 0.09909584301712515, "pol4": 0.8523628534129073, "v0s": 7.512400613801637}, "datetime": {"datetime": "2022-01-24 03:45:22", "elapsed": 3303.525367, "delta": 130.392328}}
{"target": -1.0, "params": {"I": 8.502636645547543, "d1": 0.8530501137628472, "d2": -2.3041773332781426, "d3": -2.4946819222414507, "d4": -2.4596833678130747, "p1": 25.283108283844836, "p2": 1.076240263709899, "p3": 47.39851056088405, "p4": 41.355773558536626, "pol1": -0.9699620385157552, "pol2": -0.6476074888498895, "pol3": -0.33587285126632604, "pol4": -0.7380063103781662, "v0s": 6.8569441527594925}, "datetime": {"datetime": "2022-01-24 03:53:32", "elapsed": 3793.515252, "delta": 489.989885}}
{"target": -1.0, "params": {"I": 7.549996400982575, "d1": 0.7604299293334686, "d2": -0.6719432802116798, "d3": 0.5153279376473763, "d4": 0.37893778156888747, "p1": 45.26961593543246, "p2": 22.99401329084035, "p3": 27.317340801018663, "p4": 39.93017955760197, "pol1": -0.42856229653170486, "pol2": -0.019492954760144565, "pol3": 0.19822061529175672, "pol4": -0.9689334488983286, "v0s": 5.560888449179823}, "datetime": {"datetime": "2022-01-24 03:56:34", "elapsed": 3975.953193, "delta": 182.437941}}
{"target": -1.0, "params": {"I": 9.239850630799708, "d1": 0.22944211553936578, "d2": -1.7390207876185082, "d3": 0.5715548341006054, "d4": -0.6885711388618581, "p1": 9.200510081373253, "p2": 39.39646169127521, "p3": 30.601558852246697, "p4": 2.6954636036876476, "pol1": -0.15961263999773556, "pol2": 0.3581376731308592, "pol3": 0.8372035559550517, "pol4": -0.9991959502172851, "v0s": 7.8605548941863574}, "datetime": {"datetime": "2022-01-24 04:00:33", "elapsed": 4214.282292, "delta": 238.329099}}
{"target": -1.0, "params": {"I": 8.155025980169714, "d1": 0.8951341534332902, "d2": -0.5811355961037878, "d3": 0.31538323192277185, "d4": -0.7011539811675909, "p1": 31.40380991536752, "p2": 14.278814084784697, "p3": 29.341667032804146, "p4": 37.501088185133, "pol1": 0.7166276728580847, "pol2": 0.5101643769353603, "pol3": 0.396114496894606, "pol4": 0.7289588601091996, "v0s": 3.9360859810204785}, "datetime": {"datetime": "2022-01-24 04:04:07", "elapsed": 4428.428588, "delta": 214.146296}}
{"target": -1.0, "params": {"I": 13.744987024964157, "d1": -1.1965042543466033, "d2": -1.471588991873931, "d3": -1.3567546003112576, "d4": -1.3940816661218376, "p1": 15.869197297913844, "p2": 31.095968396015074, "p3": 21.512363541063216, "p4": 48.690103896362615, "pol1": 0.3556017828686222, "pol2": -0.6028602231457783, "pol3": -0.14659798130393442, "pol4": -0.31330752045115395, "v0s": 6.7858328237514}, "datetime": {"datetime": "2022-01-24 04:08:43", "elapsed": 4704.55842, "delta": 276.129832}}
{"target": -1.0, "params": {"I": 17.719967482705204, "d1": 0.6153678233054878, "d2": -0.3491207504989511, "d3": -1.9191669518809689, "d4": -1.990533193981641, "p1": 42.74489713487012, "p2": 26.385732315437334, "p3": 40.1080542002299, "p4": 28.624425859580317, "pol1": 0.46628505057502223, "pol2": 0.03802325492811165, "pol3": 0.541767821003776, "pol4": 0.1377159814094311, "v0s": 4.794259271551885}, "datetime": {"datetime": "2022-01-24 04:11:48", "elapsed": 4890.212633, "delta": 185.654213}}
{"target": -1.0, "params": {"I": 7.511089251112354, "d1": -2.7271626063331835, "d2": -1.4883032826876006, "d3": -2.6814956892069906, "d4": 0.93126845492178, "p1": 9.080642566538188, "p2": 40.59293488602699, "p3": 43.748082247794905, "p4": 34.42066261929717, "pol1": 0.13898882549075142, "pol2": -0.6780571263687825, "pol3": -0.06623995447338737, "pol4": -0.30965589768957, "v0s": 3.3502397468845073}, "datetime": {"datetime": "2022-01-24 04:19:15", "elapsed": 5336.612238, "delta": 446.399605}}
{"target": -1.0, "params": {"I": 12.257725506550138, "d1": -1.7509206491923321, "d2": 0.665222213873403, "d3": 0.6385420998062283, "d4": -1.9715268248712152, "p1": 5.54456503720146, "p2": 9.648136600955642, "p3": 24.979208533944302, "p4": 36.42928339872981, "pol1": -0.583611123182417, "pol2": -0.5039328832455385, "pol3": 0.703343749872734, "pol4": -0.16830256346494532, "v0s": 5.700110402931417}, "datetime": {"datetime": "2022-01-24 05:10:43", "elapsed": 8424.713029, "delta": 3088.100791}}
{"target": 2.133982567950837, "params": {"I": 5.439656645545751, "d1": -2.5921309622968103, "d2": -0.9365719321258807, "d3": -1.0914360518008706, "d4": -2.389313423627347, "p1": 31.090311587020775, "p2": 27.200505940696907, "p3": 32.706867348537216, "p4": 7.22727700623299, "pol1": 0.5030556342704877, "pol2": -0.5559017204001546, "pol3": 0.038703648732066, "pol4": 0.5705920564432378, "v0s": 2.133982567950837}, "datetime": {"datetime": "2022-01-24 05:11:56", "elapsed": 8497.702854, "delta": 72.989825}}
{"target": -1.0, "params": {"I": 7.162886734797543, "d1": 0.4916895056004442, "d2": 0.37883843040827836, "d3": -0.8462376296218252, "d4": 0.4664330966660519, "p1": 47.490299567681326, "p2": 41.32034988146707, "p3": 42.70577219182694, "p4": 4.937170091017418, "pol1": 0.3026086646819821, "pol2": 0.4070339763053059, "pol3": 0.22048162529325932, "pol4": 0.5992305234720561, "v0s": 2.2074273192298053}, "datetime": {"datetime": "2022-01-24 05:16:04", "elapsed": 8745.66858, "delta": 247.965726}}
{"target": -1.0, "params": {"I": 15.63453595654462, "d1": -0.07308559704189221, "d2": -1.9612064268065876, "d3": -1.9717228047114133, "d4": -0.4707867302794888, "p1": 17.26487307955408, "p2": 39.82943390036438, "p3": 22.307311600172863, "p4": 39.137470739208595, "pol1": 0.9809435672476814, "pol2": -0.39950332093219987, "pol3": -0.7139883434838012, "pol4": 0.8026168726985476, "v0s": 5.249356273324239}, "datetime": {"datetime": "2022-01-24 05:19:44", "elapsed": 8965.952716, "delta": 220.284136}}
{"target": -1.0, "params": {"I": 19.520067046246563, "d1": -0.4535823999924111, "d2": 0.9756520984419157, "d3": -0.8157167834281935, "d4": -0.8942962643779149, "p1": 6.771395153608495, "p2": 17.785258549194054, "p3": 1.3109283648186643, "p4": 8.019758975982455, "pol1": 0.49127438541499213, "pol2": -0.9392006201424223, "pol3": -0.2669138055125113, "pol4": 0.7246925056760882, "v0s": 6.156066305044126}, "datetime": {"datetime": "2022-01-24 05:27:34", "elapsed": 9436.250385, "delta": 470.297669}}
{"target": -1.0, "params": {"I": 14.127900699257202, "d1": -2.2454527961787565, "d2": -1.2323828770063066, "d3": -0.6736903706228352, "d4": 0.959006830654821, "p1": 10.195311261656093, "p2": 12.386645088117742, "p3": 13.108654188645597, "p4": 37.50862066489964, "pol1": -0.0860493451286144, "pol2": -0.88614112317781, "pol3": 0.01703248122047918, "pol4": -0.5760796707126481, "v0s": 6.791625468561261}, "datetime": {"datetime": "2022-01-24 05:31:45", "elapsed": 9686.786049, "delta": 250.535664}}
{"target": -1.0, "params": {"I": 6.649296248638173, "d1": -2.8895759521819855, "d2": -0.6262702021415159, "d3": 0.3753617157247553, "d4": -1.4759355037511432, "p1": 37.49291553630717, "p2": 25.55707391485641, "p3": 27.047590248109433, "p4": 47.97171605308762, "pol1": 0.6079217829972936, "pol2": -0.935353866752852, "pol3": 0.4187745024625902, "pol4": -0.06999703687298786, "v0s": 7.685293648370599}, "datetime": {"datetime": "2022-01-24 05:36:09", "elapsed": 9951.07096, "delta": 264.284911}}
{"target": -1.0, "params": {"I": 5.207221952146278, "d1": -1.9317119212625369, "d2": -2.674104140490952, "d3": -1.2855246853448539, "d4": -2.563924943923727, "p1": 31.68933803059589, "p2": 40.14816186868689, "p3": 34.84002480600893, "p4": 38.31056905378853, "pol1": -0.3150917603129604, "pol2": 0.6917029660553553, "pol3": -0.1424624500011149, "pol4": 0.6480197408246375, "v0s": 5.758976951745763}, "datetime": {"datetime": "2022-01-24 05:39:20", "elapsed": 10141.911295, "delta": 190.840335}}
{"target": 4.844023559373165, "params": {"I": 3.7250379247346532, "d1": -2.686452400580208, "d2": -2.926669428347971, "d3": -2.733100009442574, "d4": -1.1656647451662727, "p1": 5.667096138379524, "p2": 1.3891674424334977, "p3": 37.74307406952337, "p4": 19.742524023031972, "pol1": 0.49387699121505024, "pol2": -0.0951903465070969, "pol3": -0.09982650599847775, "pol4": -0.04385498656433806, "v0s": 4.844023559373165}, "datetime": {"datetime": "2022-01-24 05:45:52", "elapsed": 10533.570539, "delta": 391.659244}}
{"target": 4.805294062028947, "params": {"I": 3.26887637883088, "d1": -2.52485923057465, "d2": -2.7255691622942932, "d3": -2.7318520719995334, "d4": -0.9920731705843574, "p1": 5.8433642427444665, "p2": 1.7722626171188383, "p3": 37.761517851486175, "p4": 19.80053242830995, "pol1": 0.5896483655688934, "pol2": 0.00300614840918411, "pol3": -0.11614270139293244, "pol4": 0.12187821641399124, "v0s": 4.805294062028947}, "datetime": {"datetime": "2022-01-24 05:49:59", "elapsed": 10780.550297, "delta": 246.979758}}
{"target": 5.362230213976275, "params": {"I": 1.2113267064922002, "d1": -3.0, "d2": -3.0, "d3": -3.0, "d4": -1.233337588281255, "p1": 4.174009656954809, "p2": 0.0, "p3": 40.27161550018481, "p4": 14.549908057546286, "pol1": 0.837892376175099, "pol2": -0.189340467162989, "pol3": -0.5323473419561521, "pol4": -0.9642714401257286, "v0s": 5.362230213976275}, "datetime": {"datetime": "2022-01-24 05:59:59", "elapsed": 11381.140173, "delta": 600.589876}}
{"target": -1.0, "params": {"I": 1.0, "d1": -3.0, "d2": -3.0, "d3": 1.0, "d4": 1.0, "p1": 0.0, "p2": 0.0, "p3": 44.204866879737914, "p4": 19.323819974071057, "pol1": 1.0, "pol2": 1.0, "pol3": -1.0, "pol4": 1.0, "v0s": 8.0}, "datetime": {"datetime": "2022-01-24 06:01:48", "elapsed": 11490.189445, "delta": 109.049272}}
{"target": 3.803240480556224, "params": {"I": 2.2451199768428935, "d1": -2.800099945065143, "d2": -2.8955902889338265, "d3": -3.0, "d4": -2.1440586473306498, "p1": 7.078824560533476, "p2": 0.5214067895017164, "p3": 37.17509097300562, "p4": 14.907200080166342, "pol1": 0.6554443712578538, "pol2": -0.6459841818583055, "pol3": -0.10349616489056891, "pol4": -1.0, "v0s": 3.803240480556224}, "datetime": {"datetime": "2022-01-24 06:06:36", "elapsed": 11777.675757, "delta": 287.486312}}
{"target": -1.0, "params": {"I": 3.3809140653829477, "d1": -2.6635738955639856, "d2": -2.943958299488894, "d3": -3.0, "d4": -1.5831661057052666, "p1": 3.4781772367717556, "p2": 3.177972763218677, "p3": 39.039640401380346, "p4": 15.930746616415641, "pol1": 0.47121193510266596, "pol2": -0.33067411130461105, "pol3": -0.4456663321130022, "pol4": -1.0, "v0s": 5.896135244483249}, "datetime": {"datetime": "2022-01-24 06:11:29", "elapsed": 12070.501779, "delta": 292.826022}}
{"target": -1.0, "params": {"I": 3.9917333314356966, "d1": -1.583665782434755, "d2": -2.352640954315983, "d3": -1.9924531475079448, "d4": -2.036133055687953, "p1": 4.831586598944998, "p2": 3.6610970160929126, "p3": 35.285108292273165, "p4": 22.93990425497878, "pol1": 0.655632418135053, "pol2": -0.493492433033335, "pol3": 0.7079782225369724, "pol4": 0.6692984918937279, "v0s": 2.281920460911207}, "datetime": {"datetime": "2022-01-24 06:17:14", "elapsed": 12415.534357, "delta": 345.032578}}
{"target": -1.0, "params": {"I": 4.926203806428255, "d1": -1.0329225329986893, "d2": -0.7697326329298959, "d3": -2.8200842889986553, "d4": -1.547058410579932, "p1": 7.429587839082108, "p2": 0.36649438706807813, "p3": 41.106170459994104, "p4": 21.03679165475767, "pol1": -0.14919246200994607, "pol2": 0.7820784159722141, "pol3": 0.7736251564620102, "pol4": 0.02512023863030599, "v0s": 3.0896289706762374}, "datetime": {"datetime": "2022-01-24 06:25:12", "elapsed": 12893.823431, "delta": 478.289074}}
{"target": -1.0, "params": {"I": 1.328532335050632, "d1": -1.7951523467670452, "d2": -2.270188432433466, "d3": -0.7787788363606332, "d4": -2.794459302726417, "p1": 7.2286962003969, "p2": 1.8233907050095144, "p3": 38.22988928375842, "p4": 17.725473246765915, "pol1": -0.5221222967807586, "pol2": -0.3768316898879478, "pol3": 0.37901227265379034, "pol4": 0.11531709781831845, "v0s": 4.1810274650751715}, "datetime": {"datetime": "2022-01-24 06:30:20", "elapsed": 13201.722452, "delta": 307.899021}}
{"target": -1.0, "params": {"I": 5.040176477076378, "d1": 0.007272657376443892, "d2": -2.3181557027181614, "d3": -1.2786183634009185, "d4": -2.8725828439607737, "p1": 29.289697783353002, "p2": 27.97144822836796, "p3": 34.34916882648375, "p4": 3.5378177854548385, "pol1": -0.8264472515801586, "pol2": -0.7770638513154906, "pol3": 0.10169076949154054, "pol4": 0.7045321206547679, "v0s": 2.184161773252357}, "datetime": {"datetime": "2022-01-24 06:32:49", "elapsed": 13351.019779, "delta": 149.297327}}
{"target": -1.0, "params": {"I": 4.8171172099305295, "d1": -0.8985727871472671, "d2": -0.3232458662839557, "d3": 0.1336810048204411, "d4": -0.20924859890572955, "p1": 5.708337189383883, "p2": 0.8566326936815027, "p3": 39.96102468309529, "p4": 14.869832547670747, "pol1": 0.634259719181308, "pol2": -0.9374563033085677, "pol3": -0.6974819164281225, "pol4": 0.7312699387056543, "v0s": 3.5068040590390455}, "datetime": {"datetime": "2022-01-24 06:38:00", "elapsed": 13661.613431, "delta": 310.593652}}
{"target": -1.0, "params": {"I": 6.248840848436225, "d1": -1.082005969782791, "d2": -0.7258472846952193, "d3": -2.866041010568516, "d4": -1.3520144655681543, "p1": 6.66906042165828, "p2": 5.238570951779037, "p3": 34.45805772860012, "p4": 19.39974888184461, "pol1": -0.09393143932293624, "pol2": -0.6226250899022445, "pol3": -0.2175637476064427, "pol4": 0.6188130270413841, "v0s": 5.253507138546512}, "datetime": {"datetime": "2022-01-24 06:44:07", "elapsed": 14028.535613, "delta": 366.922182}}
{"target": 5.4069240755013075, "params": {"I": 3.416171959728295, "d1": -2.2714117888950067, "d2": -0.26848056780821716, "d3": -1.044588182540263, "d4": -0.15625646322675246, "p1": 6.446458506597629, "p2": 2.2829871446151504, "p3": 41.16377870758466, "p4": 15.689483088175782, "pol1": 0.40915144810661563, "pol2": 0.8761601060266531, "pol3": -0.050896785035207115, "pol4": -0.29633540188015006, "v0s": 5.4069240755013075}, "datetime": {"datetime": "2022-01-24 06:59:36", "elapsed": 14957.625859, "delta": 929.090246}}
{"target": -1.0, "params": {"I": 6.532379586378141, "d1": -2.8650748768104215, "d2": -1.1074059714959157, "d3": -1.644017107228572, "d4": -1.0219406587648034, "p1": 10.754628880897782, "p2": 0.7268601575081579, "p3": 39.33265463481989, "p4": 12.911264084217699, "pol1": 0.7835322274493473, "pol2": -0.5847169291249048, "pol3": 0.04575063556948722, "pol4": 0.47112045546474657, "v0s": 7.902838219690725}, "datetime": {"datetime": "2022-01-24 07:04:33", "elapsed": 15254.278044, "delta": 296.652185}}
{"target": -1.0, "params": {"I": 4.281154490193154, "d1": -0.47372282316567116, "d2": -0.8051774135445204, "d3": -0.33917921274046625, "d4": -1.8033619701657568, "p1": 6.2124637132945635, "p2": 4.597706531910722, "p3": 41.03626661494477, "p4": 15.225893606937568, "pol1": 0.9197443802408045, "pol2": -0.7778993988907932, "pol3": -0.8536027309144496, "pol4": 0.1004669293561602, "v0s": 7.599926145042469}, "datetime": {"datetime": "2022-01-24 07:08:20", "elapsed": 15482.198968, "delta": 227.920924}}
