{"target": 0.021592956940187386, "params": {"beta_1": 0.07813547172146551, "beta_2": 2.940354109207256, "det_1": 101.0529400864501, "det_2": 20.19367905334261, "laseroff": 351062.1788245464, "laseron": 172318.7073760939, "main_det": 18.526387167413834}, "datetime": {"datetime": "2022-01-08 05:23:24", "elapsed": 28850.687086, "delta": 121.814427}}
{"target": 0.06302832044897526, "params": {"beta_1": 0.8413365087487785, "beta_2": 2.083282155460827, "det_1": 115.41570287027498, "det_2": 11.269823338647962, "laseroff": 543544.9511336493, "laseron": 257963.49058362542, "main_det": 19.242390520928396}, "datetime": {"datetime": "2022-01-08 05:26:24", "elapsed": 29030.208305, "delta": 179.521219}}
{"target": 0.004205609739721647, "params": {"beta_1": 1.6459445890229865, "beta_2": 0.3677174819494383, "det_1": 100.18085622662842, "det_2": 9.436380590930373, "laseroff": 304026.8691133493, "laseron": 216019.6117632679, "main_det": 19.460163661406703}, "datetime": {"datetime": "2022-01-08 05:28:08", "elapsed": 29134.195897, "delta": 103.987592}}
{"target": 0.058426327435505444, "params": {"beta_1": 1.9834820583407933, "beta_2": 1.8600394461779535, "det_1": 120.59693197739682, "det_2": 12.045346140226394, "laseroff": 515626.1731908441, "laseron": 239013.1146133321, "main_det": 16.62178404218749}, "datetime": {"datetime": "2022-01-08 05:31:29", "elapsed": 29335.356227, "delta": 201.16033}}
{"target": 0.0030304621742711334, "params": {"beta_1": 1.695638701860352, "beta_2": 4.0851458355722805, "det_1": 104.54038022284564, "det_2": 8.907110451519866, "laseroff": 509721.18656652665, "laseron": 147429.7985029744, "main_det": 12.22358084132155}, "datetime": {"datetime": "2022-01-08 05:34:43", "elapsed": 29529.339879, "delta": 193.983652}}
{"target": 0.0005359252872768127, "params": {"beta_1": 1.470229619237088, "beta_2": 0.16669156506631866, "det_1": 78.29419765210757, "det_2": 12.860783940672757, "laseroff": 323839.73880369845, "laseron": 212517.18705937476, "main_det": 14.034599179609874}, "datetime": {"datetime": "2022-01-08 05:36:15", "elapsed": 29621.623098, "delta": 92.283219}}
{"target": 0.0050982622556776545, "params": {"beta_1": 0.9627886381410871, "beta_2": 4.4100127034286665, "det_1": 102.7345462400156, "det_2": 15.986258369489624, "laseroff": 470732.7903778413, "laseron": 264975.53120995394, "main_det": 16.60125448938676}, "datetime": {"datetime": "2022-01-08 05:39:05", "elapsed": 29791.063031, "delta": 169.439933}}
{"target": 0.011494068714767516, "params": {"beta_1": 1.0925858153932047, "beta_2": 4.552198093215295, "det_1": 104.44779354004652, "det_2": 20.249343529190504, "laseroff": 560255.6431022767, "laseron": 158147.9208535191, "main_det": 16.23644145637828}, "datetime": {"datetime": "2022-01-08 05:42:21", "elapsed": 29987.384097, "delta": 196.321066}}
{"target": 0.005759204352564631, "params": {"beta_1": 1.4404721118516428, "beta_2": 2.2065289024964416, "det_1": 77.33525386566153, "det_2": 15.763383417834415, "laseroff": 569090.6074038206, "laseron": 260234.84585614718, "main_det": 12.951987683685378}, "datetime": {"datetime": "2022-01-08 05:45:48", "elapsed": 30194.425999, "delta": 207.041902}}
{"target": 0.00014304127577590412, "params": {"beta_1": 0.22056602985131346, "beta_2": 3.404692003940605, "det_1": 121.50341081731119, "det_2": 27.760183403520536, "laseroff": 356536.9837601579, "laseron": 177891.0338826438, "main_det": 11.890328820119128}, "datetime": {"datetime": "2022-01-08 05:47:37", "elapsed": 30303.225408, "delta": 108.799409}}
{"target": 0.0170674476715085, "params": {"beta_1": 1.1000969583486957, "beta_2": 2.347717020548979, "det_1": 147.97057651921673, "det_2": 22.17844617352931, "laseroff": 397783.16764825594, "laseron": 219481.41364302236, "main_det": 13.487155826776553}, "datetime": {"datetime": "2022-01-08 05:50:42", "elapsed": 30488.067127, "delta": 184.841719}}
{"target": 0.0, "params": {"beta_1": 1.058570613945789, "beta_2": 2.5934625967843035, "det_1": 155.12446813611143, "det_2": 14.856091430769032, "laseroff": 328016.00296280475, "laseron": 237703.54941210864, "main_det": 10.399680054800784}, "datetime": {"datetime": "2022-01-08 15:26:15", "elapsed": 0.0, "delta": 0.0}}
{"target": 0.0, "params": {"beta_1": 1.058570613945789, "beta_2": 2.5934625967843035, "det_1": 155.12446813611143, "det_2": 14.856091430769032, "laseroff": 328016.00296280475, "laseron": 237703.54941210864, "main_det": 10.399680054800784}, "datetime": {"datetime": "2022-01-08 15:26:15", "elapsed": 0.000991, "delta": 0.000991}}
{"target": 0.0, "params": {"beta_1": 1.058570613945789, "beta_2": 2.5934625967843035, "det_1": 155.12446813611143, "det_2": 14.856091430769032, "laseroff": 328016.00296280475, "laseron": 237703.54941210864, "main_det": 10.399680054800784}, "datetime": {"datetime": "2022-01-08 15:26:15", "elapsed": 0.001988, "delta": 0.000997}}
{"target": 0.0, "params": {"beta_1": 1.058570613945789, "beta_2": 2.5934625967843035, "det_1": 155.12446813611143, "det_2": 14.856091430769032, "laseroff": 328016.00296280475, "laseron": 237703.54941210864, "main_det": 10.399680054800784}, "datetime": {"datetime": "2022-01-08 15:26:15", "elapsed": 0.002986, "delta": 0.000998}}
{"target": 0.0, "params": {"beta_1": 1.058570613945789, "beta_2": 2.5934625967843035, "det_1": 155.12446813611143, "det_2": 14.856091430769032, "laseroff": 328016.00296280475, "laseron": 237703.54941210864, "main_det": 10.399680054800784}, "datetime": {"datetime": "2022-01-08 15:26:15", "elapsed": 0.003987, "delta": 0.001001}}
{"target": 0.06111957398338378, "params": {"beta_1": 0.9661833305423304, "beta_2": 2.8564894066702795, "det_1": 74.6037679156203, "det_2": 20.334851343989865, "laseroff": 370597.38219282444, "laseron": 196100.96590482228, "main_det": 18.752644100077916}, "datetime": {"datetime": "2022-01-08 15:30:01", "elapsed": 225.976487, "delta": 225.9725}}
{"target": 0.009816120081342427, "params": {"beta_1": 0.8555426638104051, "beta_2": 1.5858518881942807, "det_1": 136.0669077973769, "det_2": 23.060341235345483, "laseroff": 452128.72575660684, "laseron": 250047.1395819053, "main_det": 12.537495469687421}, "datetime": {"datetime": "2022-01-08 15:35:13", "elapsed": 537.974622, "delta": 311.998135}}
{"target": 0.0478805323505026, "params": {"beta_1": 1.9085741708839397, "beta_2": 0.3369074252885307, "det_1": 114.33698035303044, "det_2": 11.514667168505989, "laseroff": 440277.6932035277, "laseron": 265180.0638421447, "main_det": 16.590927623919907}, "datetime": {"datetime": "2022-01-08 15:39:57", "elapsed": 822.03201, "delta": 284.057388}}
{"target": 0.0028225594182832905, "params": {"beta_1": 0.7652397881379467, "beta_2": 3.300026208596903, "det_1": 122.77573578082931, "det_2": 22.318477515287423, "laseroff": 522258.02970443986, "laseron": 217099.43699590245, "main_det": 11.885525966390674}, "datetime": {"datetime": "2022-01-08 15:45:10", "elapsed": 1135.43773, "delta": 313.40572}}
{"target": 0.0, "params": {"beta_1": 0.682348122239878, "beta_2": 4.562817951991169, "det_1": 136.48978619089627, "det_2": 18.785364552268454, "laseroff": 345359.93953535997, "laseron": 275457.23829933675, "main_det": 18.211232338203935}, "datetime": {"datetime": "2022-01-08 15:47:53", "elapsed": 1297.858517, "delta": 162.420787}}
{"target": 0.0, "params": {"beta_1": 1.563840700848832, "beta_2": 1.9842766719226534, "det_1": 71.55398297645328, "det_2": 26.0994082347415, "laseroff": 585995.5220237796, "laseron": 227068.0534538955, "main_det": 11.833351833992399}, "datetime": {"datetime": "2022-01-08 15:53:21", "elapsed": 1625.98239, "delta": 328.123873}}
{"target": 0.007633854848473593, "params": {"beta_1": 0.8454812346864906, "beta_2": 4.330623971432922, "det_1": 150.19577708808467, "det_2": 7.734960947938781, "laseroff": 417225.42764074594, "laseron": 248291.3245740462, "main_det": 16.958110320397573}, "datetime": {"datetime": "2022-01-08 15:57:27", "elapsed": 1871.854131, "delta": 245.871741}}
{"target": 0.05950868651770814, "params": {"beta_1": 0.8455125019359635, "beta_2": 4.02151131068967, "det_1": 165.1409170630575, "det_2": 18.92796886030338, "laseroff": 552898.7599242773, "laseron": 166174.54393085963, "main_det": 18.09370282939406}, "datetime": {"datetime": "2022-01-08 16:02:24", "elapsed": 2169.031126, "delta": 297.176995}}
{"target": 0.0, "params": {"beta_1": 0.6251285621176459, "beta_2": 2.565555431530529, "det_1": 83.3615568919039, "det_2": 12.181292480126427, "laseroff": 325914.9173188328, "laseron": 271202.38206722436, "main_det": 11.46606139744105}, "datetime": {"datetime": "2022-01-08 16:03:45", "elapsed": 2250.438426, "delta": 81.4073}}
{"target": 0.06592083371772939, "params": {"beta_1": 0.7024028314648871, "beta_2": 0.5903395110773318, "det_1": 136.9636682442446, "det_2": 27.74670698209133, "laseroff": 477944.81198355556, "laseron": 288121.56024324486, "main_det": 16.855246235706947}, "datetime": {"datetime": "2022-01-08 16:08:56", "elapsed": 2561.279116, "delta": 310.84069}}
{"target": 0.06592083371772939, "params": {"beta_1": 0.7024028314648871, "beta_2": 0.5903395110773318, "det_1": 136.9636682442446, "det_2": 27.74670698209133, "laseroff": 477944.81198355556, "laseron": 288121.56024324486, "main_det": 16.855246235706947}, "datetime": {"datetime": "2022-01-08 16:08:56", "elapsed": 2561.29801, "delta": 0.018894}}
{"target": 0.06592083371772939, "params": {"beta_1": 0.7024028314648871, "beta_2": 0.5903395110773318, "det_1": 136.9636682442446, "det_2": 27.74670698209133, "laseroff": 477944.81198355556, "laseron": 288121.56024324486, "main_det": 16.855246235706947}, "datetime": {"datetime": "2022-01-08 16:08:56", "elapsed": 2561.299014, "delta": 0.001004}}
{"target": 0.06592083371772939, "params": {"beta_1": 0.7024028314648871, "beta_2": 0.5903395110773318, "det_1": 136.9636682442446, "det_2": 27.74670698209133, "laseroff": 477944.81198355556, "laseron": 288121.56024324486, "main_det": 16.855246235706947}, "datetime": {"datetime": "2022-01-08 16:08:56", "elapsed": 2561.299014, "delta": 0.0}}
{"target": 0.06592083371772939, "params": {"beta_1": 0.7024028314648871, "beta_2": 0.5903395110773318, "det_1": 136.9636682442446, "det_2": 27.74670698209133, "laseroff": 477944.81198355556, "laseron": 288121.56024324486, "main_det": 16.855246235706947}, "datetime": {"datetime": "2022-01-08 16:08:56", "elapsed": 2561.300008, "delta": 0.000994}}
{"target": 0.06592083371772939, "params": {"beta_1": 0.7024028314648871, "beta_2": 0.5903395110773318, "det_1": 136.9636682442446, "det_2": 27.74670698209133, "laseroff": 477944.81198355556, "laseron": 288121.56024324486, "main_det": 16.855246235706947}, "datetime": {"datetime": "2022-01-08 16:08:56", "elapsed": 2561.302004, "delta": 0.001996}}
{"target": 0.06592083371772939, "params": {"beta_1": 0.7024028314648871, "beta_2": 0.5903395110773318, "det_1": 136.9636682442446, "det_2": 27.74670698209133, "laseroff": 477944.81198355556, "laseron": 288121.56024324486, "main_det": 16.855246235706947}, "datetime": {"datetime": "2022-01-08 16:08:56", "elapsed": 2561.306005, "delta": 0.004001}}
{"target": 0.06592083371772939, "params": {"beta_1": 0.7024028314648871, "beta_2": 0.5903395110773318, "det_1": 136.9636682442446, "det_2": 27.74670698209133, "laseroff": 477944.81198355556, "laseron": 288121.56024324486, "main_det": 16.855246235706947}, "datetime": {"datetime": "2022-01-08 16:08:56", "elapsed": 2561.308982, "delta": 0.002977}}
{"target": 0.06592083371772939, "params": {"beta_1": 0.7024028314648871, "beta_2": 0.5903395110773318, "det_1": 136.9636682442446, "det_2": 27.74670698209133, "laseroff": 477944.81198355556, "laseron": 288121.56024324486, "main_det": 16.855246235706947}, "datetime": {"datetime": "2022-01-08 16:08:56", "elapsed": 2561.311978, "delta": 0.002996}}
{"target": 0.06592083371772939, "params": {"beta_1": 0.7024028314648871, "beta_2": 0.5903395110773318, "det_1": 136.9636682442446, "det_2": 27.74670698209133, "laseroff": 477944.81198355556, "laseron": 288121.56024324486, "main_det": 16.855246235706947}, "datetime": {"datetime": "2022-01-08 16:08:56", "elapsed": 2561.313972, "delta": 0.001994}}
{"target": 0.06592083371772939, "params": {"beta_1": 0.7024028314648871, "beta_2": 0.5903395110773318, "det_1": 136.9636682442446, "det_2": 27.74670698209133, "laseroff": 477944.81198355556, "laseron": 288121.56024324486, "main_det": 16.855246235706947}, "datetime": {"datetime": "2022-01-08 16:08:56", "elapsed": 2561.316964, "delta": 0.002992}}
{"target": 0.04584905857810178, "params": {"beta_1": 1.48806136383091, "beta_2": 3.181749967465022, "det_1": 146.29712583631252, "det_2": 6.265957263472858, "laseroff": 351277.6273749394, "laseron": 250863.55607150198, "main_det": 19.624599992497522}, "datetime": {"datetime": "2022-01-08 16:12:18", "elapsed": 2763.655851, "delta": 202.338887}}
{"target": 0.022980242025782423, "params": {"beta_1": 1.0788264058739525, "beta_2": 1.535300139102675, "det_1": 120.01334129497596, "det_2": 15.405174143206256, "laseroff": 337258.2303231721, "laseron": 256178.74652332085, "main_det": 18.320476516522866}, "datetime": {"datetime": "2022-01-08 16:15:44", "elapsed": 2969.746205, "delta": 206.090354}}
{"target": 0.0467469829729217, "params": {"beta_1": 1.199913014125048, "beta_2": 1.291610337628819, "det_1": 155.05119882798422, "det_2": 18.299000789634277, "laseroff": 401113.7090383233, "laseron": 279135.9889359362, "main_det": 16.073120078545614}, "datetime": {"datetime": "2022-01-08 16:20:35", "elapsed": 3260.088312, "delta": 290.342107}}
{"target": 0.0006529833517721628, "params": {"beta_1": 0.03797127034876713, "beta_2": 4.313521768610144, "det_1": 112.72691175277802, "det_2": 9.889903939747592, "laseroff": 504356.84686061624, "laseron": 205197.73963202504, "main_det": 13.801634584528362}, "datetime": {"datetime": "2022-01-08 16:24:59", "elapsed": 3524.70137, "delta": 264.613058}}
{"target": 0.06581224019563882, "params": {"beta_1": 0.47434530785703966, "beta_2": 2.3804734754656476, "det_1": 98.22317251483024, "det_2": 28.69548567721739, "laseroff": 570470.8801878868, "laseron": 278386.98667375883, "main_det": 18.14215235432727}, "datetime": {"datetime": "2022-01-08 16:30:34", "elapsed": 3859.427554, "delta": 334.726184}}
{"target": 0.03796057543674364, "params": {"beta_1": 1.2647976819269307, "beta_2": 2.8318437626872184, "det_1": 146.244307877288, "det_2": 6.3465610276839595, "laseroff": 492723.53686388675, "laseron": 260126.00723238417, "main_det": 14.76804892480219}, "datetime": {"datetime": "2022-01-08 16:35:53", "elapsed": 4178.144225, "delta": 318.716671}}
{"target": 0.05822585895426136, "params": {"beta_1": 0.060997762260034616, "beta_2": 2.2554501006631567, "det_1": 88.64344601462626, "det_2": 7.45017345058782, "laseroff": 519322.63256382063, "laseron": 175108.23589395432, "main_det": 18.116397719931786}, "datetime": {"datetime": "2022-01-08 16:39:54", "elapsed": 4418.920649, "delta": 240.776424}}
{"target": 0.00014472197632122563, "params": {"beta_1": 1.739219683997928, "beta_2": 2.1349723084616805, "det_1": 95.1184169636855, "det_2": 13.24050807196607, "laseroff": 378537.10021944577, "laseron": 272000.0083937953, "main_det": 11.213187018841431}, "datetime": {"datetime": "2022-01-08 16:43:06", "elapsed": 4611.275142, "delta": 192.354493}}
{"target": 0.04169252260231118, "params": {"beta_1": 1.3425812781954287, "beta_2": 0.4989704387898797, "det_1": 126.03721724995266, "det_2": 22.6797453735799, "laseroff": 502170.355510806, "laseron": 243920.3590850616, "main_det": 16.651131156802112}, "datetime": {"datetime": "2022-01-08 16:48:06", "elapsed": 4911.023321, "delta": 299.748179}}
{"target": 0.0174295571628806, "params": {"beta_1": 1.7066258696531287, "beta_2": 3.056329234586912, "det_1": 71.92337039565959, "det_2": 13.209253003843846, "laseroff": 410586.76223557815, "laseron": 288026.9986106223, "main_det": 18.89772872333705}, "datetime": {"datetime": "2022-01-08 16:52:19", "elapsed": 5164.657483, "delta": 253.634162}}
{"target": 0.0, "params": {"beta_1": 0.039769738131459675, "beta_2": 4.4783799762957655, "det_1": 158.69915342745955, "det_2": 11.533132888751261, "laseroff": 325639.56333076, "laseron": 144476.2853877506, "main_det": 12.44610752260686}, "datetime": {"datetime": "2022-01-08 16:54:19", "elapsed": 5284.643953, "delta": 119.98647}}
{"target": 0.023627583182364655, "params": {"beta_1": 0.24966210331102534, "beta_2": 0.1445351635850578, "det_1": 131.6080243362475, "det_2": 23.87170165301794, "laseroff": 384521.7393225629, "laseron": 234228.5746586647, "main_det": 16.757041349646485}, "datetime": {"datetime": "2022-01-08 16:58:12", "elapsed": 5517.415782, "delta": 232.771829}}
{"target": 0.0, "params": {"beta_1": 0.4627930439604899, "beta_2": 4.623481855017934, "det_1": 121.14322611045951, "det_2": 11.955352452552923, "laseroff": 374553.4650124216, "laseron": 270765.81526170357, "main_det": 14.079645080142633}, "datetime": {"datetime": "2022-01-08 17:00:57", "elapsed": 5682.0046, "delta": 164.588818}}
{"target": 0.0027456040563966977, "params": {"beta_1": 0.6738769771317947, "beta_2": 0.9428444642005562, "det_1": 146.2699921312739, "det_2": 9.987351333545732, "laseroff": 400369.91223342397, "laseron": 274182.36832226685, "main_det": 12.520939783720694}, "datetime": {"datetime": "2022-01-08 17:05:14", "elapsed": 5939.166115, "delta": 257.161515}}
{"target": 0.005690791639380304, "params": {"beta_1": 0.5322141254293247, "beta_2": 2.858187125188965, "det_1": 82.7380730684207, "det_2": 18.126929667552503, "laseroff": 581636.4615901329, "laseron": 191003.92882099847, "main_det": 11.816745745916664}, "datetime": {"datetime": "2022-01-08 17:10:25", "elapsed": 6250.013895, "delta": 310.84778}}
{"target": 0.008001956818073445, "params": {"beta_1": 0.4007785477149326, "beta_2": 3.981353604329099, "det_1": 118.13721828753577, "det_2": 16.967609462104786, "laseroff": 492930.003140704, "laseron": 298309.2646920479, "main_det": 17.487547760278034}, "datetime": {"datetime": "2022-01-08 17:15:42", "elapsed": 6567.179691, "delta": 317.165796}}
{"target": 0.00491832093245631, "params": {"beta_1": 0.7658406622384213, "beta_2": 4.646779482461954, "det_1": 86.29533566939004, "det_2": 16.03147638511904, "laseroff": 470982.35176660377, "laseron": 143671.9184232992, "main_det": 16.304122305471495}, "datetime": {"datetime": "2022-01-08 17:20:26", "elapsed": 6850.87362, "delta": 283.693929}}
{"target": 0.0, "params": {"beta_1": 1.7672902299208302, "beta_2": 4.069670858967293, "det_1": 161.16687343755228, "det_2": 29.723240727583303, "laseroff": 321649.17481805425, "laseron": 147569.37824934826, "main_det": 10.140547973096337}, "datetime": {"datetime": "2022-01-08 17:22:22", "elapsed": 6967.588756, "delta": 116.715136}}
{"target": 0.007790384437465344, "params": {"beta_1": 1.3150655839445953, "beta_2": 0.3267376430541824, "det_1": 84.84263586281297, "det_2": 6.730471814232312, "laseroff": 528442.9994559308, "laseron": 189902.21569509598, "main_det": 11.848534979918027}, "datetime": {"datetime": "2022-01-08 17:27:26", "elapsed": 7271.040639, "delta": 303.451883}}
{"target": 0.0, "params": {"beta_1": 1.5078218797528253, "beta_2": 2.6860774607682907, "det_1": 157.0532809164954, "det_2": 23.466836260832324, "laseroff": 531018.7294466909, "laseron": 161393.7708806354, "main_det": 15.4450371459617}, "datetime": {"datetime": "2022-01-08 17:31:58", "elapsed": 7543.510509, "delta": 272.46987}}
{"target": 0.009984641361051637, "params": {"beta_1": 0.2798206771446081, "beta_2": 3.4115469230123088, "det_1": 110.83997384876953, "det_2": 22.97619381028576, "laseroff": 554290.3763395259, "laseron": 198686.23661741355, "main_det": 12.983564039260521}, "datetime": {"datetime": "2022-01-08 17:37:24", "elapsed": 7869.553954, "delta": 326.043445}}
{"target": 0.012297909196312252, "params": {"beta_1": 1.797658365966928, "beta_2": 0.781699428665647, "det_1": 140.31200913552755, "det_2": 14.472252315598942, "laseroff": 542112.9206519517, "laseron": 153288.8078741437, "main_det": 19.819789230085}, "datetime": {"datetime": "2022-01-08 17:41:40", "elapsed": 8125.381665, "delta": 255.827711}}
{"target": 0.06460576814510224, "params": {"beta_1": 0.7411865826076434, "beta_2": 1.8987485138599962, "det_1": 111.22013689864494, "det_2": 23.774813450538794, "laseroff": 447200.8199628085, "laseron": 265324.31334104144, "main_det": 18.210803539721454}, "datetime": {"datetime": "2022-01-08 17:46:23", "elapsed": 8408.211812, "delta": 282.830147}}
{"target": 0.01377762091855855, "params": {"beta_1": 1.8228627803392086, "beta_2": 0.9359014032740987, "det_1": 166.84719321456691, "det_2": 22.053149449561374, "laseroff": 492936.5975034684, "laseron": 254466.26211861166, "main_det": 12.864948292708988}, "datetime": {"datetime": "2022-01-08 17:51:48", "elapsed": 8733.74279, "delta": 325.530978}}
{"target": 0.0025524691339070364, "params": {"beta_1": 0.16691905259104356, "beta_2": 2.9162029813127037, "det_1": 89.70567638049819, "det_2": 12.049041057715844, "laseroff": 468437.64549534535, "laseron": 174373.93843307192, "main_det": 10.91575610855213}, "datetime": {"datetime": "2022-01-08 17:56:26", "elapsed": 9011.543702, "delta": 277.800912}}
{"target": 0.012718425041484044, "params": {"beta_1": 1.4693093866391682, "beta_2": 3.3489944958358957, "det_1": 102.9769171910392, "det_2": 27.81062720429359, "laseroff": 538273.208490409, "laseron": 270598.7236207108, "main_det": 14.36023900730444}, "datetime": {"datetime": "2022-01-08 18:01:53", "elapsed": 9338.529648, "delta": 326.985946}}
{"target": 0.013723700792423351, "params": {"beta_1": 0.9910053485604087, "beta_2": 2.861493447766259, "det_1": 111.80650903501301, "det_2": 28.178282850616196, "laseroff": 551696.6483316228, "laseron": 220421.5587854076, "main_det": 13.853626287736507}, "datetime": {"datetime": "2022-01-08 18:07:07", "elapsed": 9652.360726, "delta": 313.831078}}
