{"target": -1.0, "params": {"Bgrad": 1.3402255011147148, "d1": -0.8547821461613796, "d2": -0.160046496405176, "d3": -1.9757078251024298, "d4": -2.4857752654510503, "p1": 5.134359010115314, "p2": 42.24441399340254, "p3": 5.605913965590598, "p4": 28.973573528290252, "pol1": -0.7444192087008654, "pol2": -0.16872559020061018, "pol3": 0.4130964544415663, "pol4": 0.11601792928453336, "v0s": 2.802924880532497}, "datetime": {"datetime": "2022-04-29 14:36:04", "elapsed": 83077.218518, "delta": 16.739243}}
{"target": 3.0196478017992137, "params": {"Bgrad": 1.8369646139086833, "d1": -0.028470903709746143, "d2": 0.5173658541057491, "d3": -0.46684031575975427, "d4": -2.7269271815161735, "p1": 44.1502621316148, "p2": 34.81667410062097, "p3": 16.859022088373127, "p4": 24.099836802558272, "pol1": -0.6402341258447588, "pol2": 0.6841561261191709, "pol3": 0.3592008788317369, "pol4": -0.5957624697726289, "v0s": 3.0196478017992137}, "datetime": {"datetime": "2022-04-29 14:36:18", "elapsed": 83090.591761, "delta": 13.373243}}
{"target": -1.0, "params": {"Bgrad": 0.6896590123418005, "d1": -0.40766781789969375, "d2": 0.6253520300778304, "d3": -1.0758901931741134, "d4": -0.6995682231159313, "p1": 4.807107458136706, "p2": 15.15947451863494, "p3": 35.58763715326136, "p4": 1.3045295017290848, "pol1": 0.15755944413730605, "pol2": 0.9460807141977143, "pol3": -0.2915409410070673, "pol4": -0.6909148235525366, "v0s": 6.611745241014003}, "datetime": {"datetime": "2022-04-29 14:36:30", "elapsed": 83103.066405, "delta": 12.474644}}
{"target": -1.0, "params": {"Bgrad": 1.8353709558545561, "d1": -0.28934928283259875, "d2": -0.2826882834548772, "d3": -0.6963049770827934, "d4": 0.2767804665272844, "p1": 25.04561023367659, "p2": 22.68161146786708, "p3": 11.258397113904678, "p4": 33.68162788304827, "pol1": -0.7042561205932516, "pol2": 0.020888097951564655, "pol3": 0.8944401423118213, "pol4": -0.22314493018258674, "v0s": 3.4820670053724028}, "datetime": {"datetime": "2022-04-29 14:36:48", "elapsed": 83120.800987, "delta": 17.734582}}
{"target": -1.0, "params": {"Bgrad": 0.7221669219788229, "d1": -0.7732332034151028, "d2": 0.47993373083900837, "d3": -2.6174852824277797, "d4": -0.42949361888098503, "p1": 44.72086622606554, "p2": 27.71304157553191, "p3": 26.017476791181938, "p4": 47.857898708027406, "pol1": -0.8831833924286983, "pol2": -0.22208861845378602, "pol3": 0.3157641522365391, "pol4": -0.28946602279032563, "v0s": 2.6420879992920265}, "datetime": {"datetime": "2022-04-29 14:36:58", "elapsed": 83131.440538, "delta": 10.639551}}
{"target": -1.0, "params": {"Bgrad": 1.3435743152237893, "d1": 0.326299207924301, "d2": -0.8056847317049263, "d3": -0.6782452114972162, "d4": -1.380537825214069, "p1": 3.526944761606543, "p2": 29.574437633676638, "p3": 25.556205997708027, "p4": 20.561518252784627, "pol1": 0.4195486354721534, "pol2": -0.1071504061132762, "pol3": 0.9584561299906491, "pol4": 0.07253606084797326, "v0s": 2.4460522989006}, "datetime": {"datetime": "2022-04-29 14:37:22", "elapsed": 83154.82202, "delta": 23.381482}}
{"target": 2.795934255307013, "params": {"Bgrad": 1.4896342746632893, "d1": -1.7132749688797175, "d2": 0.8832562379245168, "d3": -2.244051904503649, "d4": -1.6717734855305495, "p1": 4.148661666633119, "p2": 20.218728101200057, "p3": 10.76501752776265, "p4": 26.81777541316523, "pol1": -0.01357038463024507, "pol2": 0.18195431568263953, "pol3": -0.9802840808821156, "pol4": 0.6421790364393609, "v0s": 2.795934255307013}, "datetime": {"datetime": "2022-04-29 14:37:32", "elapsed": 83165.409711, "delta": 10.587691}}
{"target": -1.0, "params": {"Bgrad": 1.22582195184569, "d1": -1.921737774335078, "d2": -2.4384485280325685, "d3": -2.216120797627376, "d4": -0.027844671337873272, "p1": 15.525761870618886, "p2": 29.222481888244605, "p3": 30.75369660068576, "p4": 28.370425119685255, "pol1": 0.0569953959239462, "pol2": 0.22300832457343733, "pol3": 0.4857430503588813, "pol4": -0.07296444315044326, "v0s": 2.176340158184143}, "datetime": {"datetime": "2022-04-29 14:37:46", "elapsed": 83179.010345, "delta": 13.600634}}
{"target": -1.0, "params": {"Bgrad": 1.0434796888864226, "d1": -1.6336573790385676, "d2": 0.8359400229264891, "d3": -0.5604502336990582, "d4": 0.3306539900539671, "p1": 5.637263753587818, "p2": 2.78332327360486, "p3": 41.29108938426007, "p4": 46.77941605186028, "pol1": -0.16914469422543554, "pol2": -0.2789136009851447, "pol3": 0.9101110141206452, "pol4": -0.5538910736835652, "v0s": 2.69843314705483}, "datetime": {"datetime": "2022-04-29 14:37:58", "elapsed": 83191.210723, "delta": 12.200378}}
{"target": 3.901335709961527, "params": {"Bgrad": 1.6155668234862852, "d1": -0.5843378792874673, "d2": -0.15037508907902605, "d3": 0.26032349298694785, "d4": -1.1205595105770454, "p1": 5.6483481504063855, "p2": 1.0761413126351829, "p3": 40.63660018842432, "p4": 46.18355734093069, "pol1": -0.5169010979275765, "pol2": 0.29050885479753613, "pol3": 0.6332403934568701, "pol4": 0.38615283653404325, "v0s": 3.901335709961527}, "datetime": {"datetime": "2022-04-29 14:38:16", "elapsed": 83209.382136, "delta": 18.171413}}
{"target": -1.0, "params": {"Bgrad": 1.9005794629414787, "d1": -2.2820972584944226, "d2": 0.2564287586074956, "d3": -1.4315010240331794, "d4": -2.0897141735267044, "p1": 42.41341960780086, "p2": 24.748128529885427, "p3": 42.83502144027969, "p4": 48.80923726775735, "pol1": -0.1077134541081648, "pol2": -0.21845765399307315, "pol3": -0.01767636810535489, "pol4": 0.4225538022007729, "v0s": 3.2999360915366074}, "datetime": {"datetime": "2022-04-29 14:38:31", "elapsed": 83224.447853, "delta": 15.065717}}
{"target": 2.7510593506568917, "params": {"Bgrad": 1.4587677037509839, "d1": -2.632701504259874, "d2": -0.20001561119719646, "d3": -1.175237008463058, "d4": -2.0800008947579802, "p1": 23.209280850996915, "p2": 24.43280296567179, "p3": 13.980790120150527, "p4": 36.87857160786317, "pol1": -0.049588484681643674, "pol2": 0.7643623975952747, "pol3": 0.6101587038103744, "pol4": -0.03211253146441684, "v0s": 2.7510593506568917}, "datetime": {"datetime": "2022-04-29 14:38:48", "elapsed": 83241.32772, "delta": 16.879867}}
{"target": -1.0, "params": {"Bgrad": 0.9761625083169445, "d1": 0.4239700380085245, "d2": 0.7623511784809955, "d3": -0.30070614207682755, "d4": -2.1025725200967105, "p1": 4.750698416546861, "p2": 2.444635460793215, "p3": 38.2739550732646, "p4": 47.29316234102538, "pol1": -0.10869253306918591, "pol2": -0.7843340049472982, "pol3": 0.2561284092012819, "pol4": -0.5457178320343228, "v0s": 3.823964468129832}, "datetime": {"datetime": "2022-04-29 14:39:11", "elapsed": 83263.966189, "delta": 22.638469}}
{"target": -1.0, "params": {"Bgrad": 1.7398690239003012, "d1": -2.4781020407961116, "d2": 0.13814281534049577, "d3": 0.7163416480980516, "d4": -0.34914952661967913, "p1": 12.587154645243025, "p2": 46.44571780793224, "p3": 30.64127926372348, "p4": 10.570186862310615, "pol1": 0.9259507304749222, "pol2": 0.9624891970677736, "pol3": 0.8069437144574971, "pol4": 0.34926052566970167, "v0s": 2.479462686991133}, "datetime": {"datetime": "2022-04-29 14:39:42", "elapsed": 83295.290433, "delta": 31.324244}}
{"target": -1.0, "params": {"Bgrad": 1.0683357898215586, "d1": -1.0967187429330445, "d2": -0.548429673706762, "d3": -1.7499488813203454, "d4": 0.927662666436643, "p1": 28.69155714823159, "p2": 44.930972714235175, "p3": 24.520032003138446, "p4": 28.615301932071517, "pol1": -0.15997979440900512, "pol2": 0.40634083495295537, "pol3": 0.2559912848474153, "pol4": -0.1322745430745813, "v0s": 4.547836628976173}, "datetime": {"datetime": "2022-04-29 14:40:06", "elapsed": 83319.166593, "delta": 23.87616}}
{"target": -1.0, "params": {"Bgrad": 1.4588976169132355, "d1": -1.1617248292346747, "d2": -0.527268989225111, "d3": -1.4442312225444924, "d4": -1.2104069597419347, "p1": 5.206957673089052, "p2": 2.7559615021208685, "p3": 40.40888013485465, "p4": 47.03275013762647, "pol1": 0.7389394560951734, "pol2": -0.4593782081173132, "pol3": 0.9331568955250507, "pol4": -0.18843523467719892, "v0s": 4.11246980979514}, "datetime": {"datetime": "2022-04-29 14:40:25", "elapsed": 83338.436069, "delta": 19.269476}}
{"target": -1.0, "params": {"Bgrad": 0.9095553012209789, "d1": -1.6233219622584314, "d2": -0.05953757573990526, "d3": 0.11325356686390187, "d4": -2.9114311409004907, "p1": 38.43900360776776, "p2": 40.69830631909942, "p3": 32.716826636172364, "p4": 36.19017923242927, "pol1": 0.3231457384696166, "pol2": 0.20442481216558472, "pol3": -0.2809228701354458, "pol4": -0.5658711588146357, "v0s": 4.632619490891277}, "datetime": {"datetime": "2022-04-29 14:40:48", "elapsed": 83361.121413, "delta": 22.685344}}
{"target": -1.0, "params": {"Bgrad": 1.186060987638399, "d1": -2.2197576179114065, "d2": 0.40992354929280594, "d3": -0.8034086684595709, "d4": -1.731132901770033, "p1": 35.207506235203894, "p2": 10.15383666335058, "p3": 36.28204348760697, "p4": 24.849361820642656, "pol1": 0.7635171064146635, "pol2": 0.8353122813980396, "pol3": 0.24386159019739995, "pol4": 0.28161126213640864, "v0s": 2.0888192777451744}, "datetime": {"datetime": "2022-04-29 14:41:04", "elapsed": 83376.657872, "delta": 15.536459}}
{"target": -1.0, "params": {"Bgrad": 1.2683465748066964, "d1": -1.3018474779051323, "d2": -0.12076164488695618, "d3": -1.2370813106788465, "d4": -2.2836003523430515, "p1": 39.00340451316077, "p2": 47.3391742316169, "p3": 17.91176917341645, "p4": 9.466084899467303, "pol1": -0.15152819220399882, "pol2": -0.8932452990082989, "pol3": -0.11195784609604265, "pol4": -0.24422966934665102, "v0s": 4.608702414305309}, "datetime": {"datetime": "2022-04-29 14:41:29", "elapsed": 83401.957226, "delta": 25.299354}}
{"target": 3.7813831210344397, "params": {"Bgrad": 1.8754083489917779, "d1": 0.5706530206966705, "d2": -2.078016376069627, "d3": -1.3741052136602774, "d4": -3.0, "p1": 4.18728566926777, "p2": 23.069218107075756, "p3": 2.2049373919140915, "p4": 35.48908332621481, "pol1": -1.0, "pol2": 0.8404909959635648, "pol3": -0.9589066179400061, "pol4": -0.9684819828260173, "v0s": 3.7813831210344397}, "datetime": {"datetime": "2022-04-29 14:41:49", "elapsed": 83421.840062, "delta": 19.882836}}
{"target": 3.38220550266926, "params": {"Bgrad": 2.0, "d1": 0.03482873260307271, "d2": -1.451898191932043, "d3": -1.9456349117015594, "d4": -0.25223302613843007, "p1": 9.723433345955847, "p2": 2.426107069034529, "p3": 43.548656903615566, "p4": 46.965464605145385, "pol1": -0.2547068075309264, "pol2": -0.5783750781966656, "pol3": 0.9223371818409694, "pol4": 0.4048947788639801, "v0s": 3.38220550266926}, "datetime": {"datetime": "2022-04-29 14:42:08", "elapsed": 83440.905086, "delta": 19.065024}}
{"target": 4.917545398009279, "params": {"Bgrad": 1.00092030979672, "d1": -2.7493064122296715, "d2": -0.5524642067589118, "d3": -0.31236888235139926, "d4": -0.41008802397025795, "p1": 32.41985259357061, "p2": 8.22100179951206, "p3": 7.376132497575309, "p4": 25.857114804854287, "pol1": 0.6706065937527925, "pol2": -0.7286617480857595, "pol3": -0.06650711060580085, "pol4": -0.05715849224568546, "v0s": 4.917545398009279}, "datetime": {"datetime": "2022-04-29 14:42:21", "elapsed": 83454.511705, "delta": 13.606619}}
{"target": 4.124661962049007, "params": {"Bgrad": 1.3702357081148961, "d1": -2.0829232191035456, "d2": -0.02286496961564799, "d3": -1.5147233918768372, "d4": -1.9749728207968489, "p1": 36.5676440211096, "p2": 10.521665916472106, "p3": 9.42664416490065, "p4": 26.372989953199184, "pol1": -0.8734404558845656, "pol2": -0.5404480544916943, "pol3": 0.4352430586967202, "pol4": 0.021115447229343776, "v0s": 4.124661962049007}, "datetime": {"datetime": "2022-04-29 14:42:38", "elapsed": 83471.03652, "delta": 16.524815}}
{"target": -1.0, "params": {"Bgrad": 1.1431570821392536, "d1": 0.7406691458762822, "d2": -0.6481870838502788, "d3": -2.614713658311043, "d4": 0.03194250989523795, "p1": 43.05149971766134, "p2": 4.603747006066511, "p3": 46.73378092759008, "p4": 30.346989954872516, "pol1": -0.8862737811900472, "pol2": 0.4040988957852074, "pol3": -0.3459690241866089, "pol4": -0.5441581925814671, "v0s": 4.4818211796471}, "datetime": {"datetime": "2022-04-29 14:42:56", "elapsed": 83488.890781, "delta": 17.854261}}
{"target": -1.0, "params": {"Bgrad": 0.5468260554013451, "d1": 0.07441968854565006, "d2": -0.16360293670041548, "d3": -2.3325558601334455, "d4": 0.9560528752547524, "p1": 7.652604208646046, "p2": 14.040440925258146, "p3": 33.1485275131847, "p4": 1.6043153595705906, "pol1": -0.38826500632853844, "pol2": 0.9067179863201094, "pol3": -0.3099635848028166, "pol4": -0.8290054706288037, "v0s": 5.968935591044982}, "datetime": {"datetime": "2022-04-29 14:43:10", "elapsed": 83502.745736, "delta": 13.854955}}
{"target": -1.0, "params": {"Bgrad": 1.2789132705197575, "d1": 0.5137030588329914, "d2": 0.6086060753081939, "d3": -1.8582031869929216, "d4": -1.8203071357375502, "p1": 45.58989580277488, "p2": 27.57882809259312, "p3": 24.93877763977766, "p4": 47.11212943488371, "pol1": -0.40433583461309497, "pol2": 0.02704013626794355, "pol3": -0.2858143730656151, "pol4": -0.5779820471455095, "v0s": 2.733325411057474}, "datetime": {"datetime": "2022-04-29 14:43:33", "elapsed": 83526.32469, "delta": 23.578954}}
{"target": -1.0, "params": {"Bgrad": 0.7840986783032511, "d1": -2.523179979442551, "d2": -0.12062268196175374, "d3": -2.449188905918982, "d4": -2.173896959760011, "p1": 46.36269716062681, "p2": 35.78819319945375, "p3": 40.21912807878073, "p4": 3.619716966234349, "pol1": -0.40808204739254994, "pol2": 0.397087674377544, "pol3": -0.2961940478706191, "pol4": -0.5171122187052759, "v0s": 5.70208856679195}, "datetime": {"datetime": "2022-04-29 14:43:49", "elapsed": 83542.324908, "delta": 16.000218}}
{"target": -1.0, "params": {"Bgrad": 1.5537139577173242, "d1": -1.7604995987055112, "d2": 0.23131989896348593, "d3": -2.4679510828750026, "d4": 0.3935900819408644, "p1": 11.410977916118975, "p2": 29.52377984844115, "p3": 17.238186963701, "p4": 3.151723779589244, "pol1": 0.38037102750666985, "pol2": 0.22959727246931005, "pol3": -0.021318509685565257, "pol4": -0.3576172152318018, "v0s": 3.8128656630554936}, "datetime": {"datetime": "2022-04-29 14:44:10", "elapsed": 83563.136262, "delta": 20.811354}}
{"target": -1.0, "params": {"Bgrad": 1.2437554650707736, "d1": -2.4729489328588454, "d2": -0.5661058316527234, "d3": -2.321856031342992, "d4": 0.13146238049305392, "p1": 25.427874071149724, "p2": 27.369038934243545, "p3": 25.15706425362777, "p4": 4.041901385792013, "pol1": -0.28440564430588466, "pol2": 0.7685295248912494, "pol3": -0.5230998230899502, "pol4": -0.783008772539975, "v0s": 2.526387682431798}, "datetime": {"datetime": "2022-04-29 14:44:25", "elapsed": 83577.685361, "delta": 14.549099}}
{"target": -1.0, "params": {"Bgrad": 0.5129036103513884, "d1": -0.9913182740007764, "d2": 0.7651779729383805, "d3": -0.4815509256701107, "d4": -0.9700579213518337, "p1": 11.020993800075429, "p2": 29.51862051307132, "p3": 16.522995699752883, "p4": 3.221910571930847, "pol1": -0.4387152108788184, "pol2": -0.17223051780545928, "pol3": 0.8881672837248635, "pol4": 0.5138696914941099, "v0s": 2.584995372717688}, "datetime": {"datetime": "2022-04-29 14:44:39", "elapsed": 83591.843505, "delta": 14.158144}}
{"target": -1.0, "params": {"Bgrad": 1.0837646973173047, "d1": -2.250164327540531, "d2": -1.981839887869587, "d3": -1.0653972684791078, "d4": -2.2151619806578635, "p1": 36.75112151063815, "p2": 2.566784056696175, "p3": 6.983576403129904, "p4": 38.53860843174509, "pol1": 0.39713372433383287, "pol2": -0.9196943698693862, "pol3": 0.15739069176987264, "pol4": 0.41526181177959165, "v0s": 2.1221350998956288}, "datetime": {"datetime": "2022-04-29 14:44:58", "elapsed": 83611.086053, "delta": 19.242548}}
{"target": -1.0, "params": {"Bgrad": 0.8450231716692358, "d1": -0.28046541721872664, "d2": -1.2372234022956676, "d3": -2.772648512719057, "d4": -2.3858007009717044, "p1": 16.6166942996967, "p2": 41.41819370138736, "p3": 1.3588031394277, "p4": 10.162862045745863, "pol1": -0.5736881290783178, "pol2": 0.9451632370793868, "pol3": 0.9870183846812877, "pol4": -0.574726977326609, "v0s": 2.935751867133555}, "datetime": {"datetime": "2022-04-29 14:45:09", "elapsed": 83622.192357, "delta": 11.106304}}
{"target": -1.0, "params": {"Bgrad": 1.338379350067037, "d1": 0.7781701360687543, "d2": -1.3860119343509796, "d3": -2.7617717673717834, "d4": -2.3266355388825515, "p1": 6.906802862817074, "p2": 38.420823602464466, "p3": 6.337431003588084, "p4": 27.678143915743714, "pol1": 0.7983072601428951, "pol2": 0.7749058234398902, "pol3": 0.22890967988814492, "pol4": 0.7414336495687868, "v0s": 4.114812383569527}, "datetime": {"datetime": "2022-04-29 14:45:25", "elapsed": 83638.496762, "delta": 16.304405}}
{"target": -1.0, "params": {"Bgrad": 1.8316205486988824, "d1": -1.5362433460649778, "d2": -1.413134309128301, "d3": -1.8643144187973077, "d4": -1.7877103569178203, "p1": 1.5107544493403957, "p2": 32.97563430639283, "p3": 18.442635370963583, "p4": 10.867833261699605, "pol1": 0.3987332546816853, "pol2": -0.0391090060151984, "pol3": 0.49591518699473225, "pol4": 0.5570872573798231, "v0s": 2.5987906194172465}, "datetime": {"datetime": "2022-04-29 14:45:41", "elapsed": 83654.345386, "delta": 15.848624}}
{"target": -1.0, "params": {"Bgrad": 1.9129613930467184, "d1": -0.39667875048767653, "d2": -0.23505524183347504, "d3": -1.7319863016758843, "d4": -1.0872753911348605, "p1": 34.20914465863707, "p2": 38.31792215262057, "p3": 22.825701834337647, "p4": 21.324234153108623, "pol1": 0.252245143694247, "pol2": -0.2905346222645513, "pol3": 0.3774671264256504, "pol4": -0.14348480284997955, "v0s": 3.4711114614860215}, "datetime": {"datetime": "2022-04-29 14:46:03", "elapsed": 83676.405401, "delta": 22.060015}}
{"target": -1.0, "params": {"Bgrad": 0.8518485132312618, "d1": -0.4969777673454301, "d2": 0.793399085933697, "d3": -2.8437962854632786, "d4": -2.399161087637881, "p1": 2.0697968607217234, "p2": 15.095097734952773, "p3": 15.32836146855534, "p4": 4.216270553098772, "pol1": 0.1648836810733023, "pol2": 0.2985577716995569, "pol3": 0.526505893492345, "pol4": 0.042601546661907186, "v0s": 4.768574878682878}, "datetime": {"datetime": "2022-04-29 14:46:23", "elapsed": 83696.239369, "delta": 19.833968}}
{"target": 2.7713976719882245, "params": {"Bgrad": 1.5290868887870062, "d1": -2.315664774955983, "d2": 0.8145666586910436, "d3": -2.90709190120922, "d4": 0.004203438016125993, "p1": 46.68481073213954, "p2": 45.65488299090629, "p3": 6.848045574101946, "p4": 19.754280473480833, "pol1": -0.26775519956519944, "pol2": 0.2363705043150841, "pol3": -0.6218865193003933, "pol4": -0.6610710492832927, "v0s": 2.7713976719882245}, "datetime": {"datetime": "2022-04-29 14:46:41", "elapsed": 83714.357924, "delta": 18.118555}}
{"target": -1.0, "params": {"Bgrad": 1.5783222720103622, "d1": -2.9109329462694435, "d2": -0.9778859684981307, "d3": -2.8652627771504755, "d4": 0.8303810653521873, "p1": 8.189394005919587, "p2": 20.90656855450024, "p3": 42.72535898502808, "p4": 16.738729357937167, "pol1": -0.5684907433274895, "pol2": 0.8699155359784296, "pol3": 0.40253320192983155, "pol4": 0.24832486640097118, "v0s": 4.571114735799286}, "datetime": {"datetime": "2022-04-29 14:47:31", "elapsed": 83764.353245, "delta": 49.995321}}
{"target": -1.0, "params": {"Bgrad": 1.0590844070162797, "d1": 0.9263034098401541, "d2": -2.4767164575467735, "d3": -0.8846753266671383, "d4": -1.4390034924255106, "p1": 18.796120023393243, "p2": 42.200196784885996, "p3": 47.616308905130325, "p4": 44.998599054280106, "pol1": 0.3435292995508217, "pol2": -0.30802774912328457, "pol3": 0.29668314009412344, "pol4": -0.35380563195854897, "v0s": 4.211437466602848}, "datetime": {"datetime": "2022-04-29 14:47:46", "elapsed": 83778.976146, "delta": 14.622901}}
{"target": 3.6814795387312635, "params": {"Bgrad": 1.6220513410398565, "d1": -1.731318537839925, "d2": -0.3059934103171562, "d3": -2.557615243789119, "d4": -1.3026330486429059, "p1": 12.946120073660477, "p2": 27.826564465373465, "p3": 16.870544101271857, "p4": 2.8025567780481317, "pol1": -0.9357393048174192, "pol2": -0.5148535095626663, "pol3": 0.6176887253345165, "pol4": 0.47337528996147693, "v0s": 3.6814795387312635}, "datetime": {"datetime": "2022-04-29 14:48:01", "elapsed": 83793.536215, "delta": 14.560069}}
{"target": 2.7754809899173516, "params": {"Bgrad": 1.5494150056422018, "d1": -2.1781299144898387, "d2": -0.3605776381920687, "d3": -2.0867447635924976, "d4": -0.767580749246191, "p1": 41.242890457525235, "p2": 23.947711632374297, "p3": 41.5334541652352, "p4": 49.07472475539346, "pol1": -0.3702208273137977, "pol2": 0.2991820783648693, "pol3": 0.12147657430206094, "pol4": 0.6018435799542745, "v0s": 2.7754809899173516}, "datetime": {"datetime": "2022-04-29 14:48:22", "elapsed": 83814.814321, "delta": 21.278106}}
{"target": -1.0, "params": {"Bgrad": 1.0870974086783045, "d1": -1.7762550246573268, "d2": -0.39123676822914355, "d3": -1.7232627431979668, "d4": 0.03659941402356992, "p1": 37.41604266998867, "p2": 38.67627725783229, "p3": 24.604806072931694, "p4": 20.185452579074877, "pol1": -0.8164701958804168, "pol2": -0.8065607060533679, "pol3": -0.7698995661948689, "pol4": -0.7715614405747702, "v0s": 4.778101916652701}, "datetime": {"datetime": "2022-04-29 14:48:39", "elapsed": 83832.047244, "delta": 17.232923}}
{"target": 4.520473834040491, "params": {"Bgrad": 1.5967406760600802, "d1": -1.7664222484876912, "d2": -0.1712362830747738, "d3": -0.9243856356565954, "d4": -2.436415256184456, "p1": 4.430109101915653, "p2": 47.5026003036644, "p3": 10.881617398540644, "p4": 20.548391518129662, "pol1": 0.15692273622485264, "pol2": -0.23263735876732206, "pol3": -0.0765894809998211, "pol4": -0.7957728362409724, "v0s": 4.520473834040491}, "datetime": {"datetime": "2022-04-29 14:48:59", "elapsed": 83852.150492, "delta": 20.103248}}
