{"target": -1.0, "params": {"Bgrad": 1.3475115042061545, "d1": -2.2631959198603435, "d2": 0.728378555990473, "d3": -2.6872594945736545, "d4": -1.0690778505167198, "p1": 10.326409723308572, "p2": 17.556722977843386, "p3": 7.130072136029019, "p4": 32.26916626409315, "pol1": 0.5416366621788231, "pol2": 0.49906829507601813, "pol3": -0.9951425831202116, "pol4": -0.2853123073985704, "v0s": 5.561755391360104}, "datetime": {"datetime": "2022-06-25 00:26:58", "elapsed": 2689.73801, "delta": 19.722263}}
{"target": 3.80159732562612, "params": {"Bgrad": 1.5045728367214872, "d1": -1.9638040357423288, "d2": 0.7796284331303895, "d3": -2.408299715467773, "d4": -2.1148718067234604, "p1": 8.610978458098606, "p2": 14.506205756831726, "p3": 5.939084694524349, "p4": 29.84011278911172, "pol1": -0.32378018559760924, "pol2": -0.9267939958836682, "pol3": -0.5779212951099375, "pol4": -0.007064480811083795, "v0s": 3.80159732562612}, "datetime": {"datetime": "2022-06-25 00:27:07", "elapsed": 2699.250574, "delta": 9.512564}}
{"target": -1.0, "params": {"Bgrad": 1.9570264069381298, "d1": -1.545433865313282, "d2": -1.1786496698486335, "d3": -2.9933619388933344, "d4": -2.983362566284556, "p1": 7.152164748188139, "p2": 9.395583457721823, "p3": 34.01045576084562, "p4": 32.174226046856596, "pol1": 0.6761625905238478, "pol2": -0.3657370198505068, "pol3": -0.6069040753157424, "pol4": 0.34815893391430075, "v0s": 4.718225571033675}, "datetime": {"datetime": "2022-06-25 00:27:22", "elapsed": 2713.786703, "delta": 14.536129}}
{"target": 3.0407651990465405, "params": {"Bgrad": 1.7948713213499543, "d1": -2.5458232667251517, "d2": 0.7492692857752989, "d3": -0.9046879170712674, "d4": -0.597798452624005, "p1": 9.03259130816711, "p2": 8.90657866644428, "p3": 34.79347887369216, "p4": 28.144821199594528, "pol1": -0.6748758345787478, "pol2": -0.5260822311371944, "pol3": -0.8301521686839524, "pol4": 0.9055050235973023, "v0s": 3.0407651990465405}, "datetime": {"datetime": "2022-06-25 00:27:28", "elapsed": 2720.128746, "delta": 6.342043}}
{"target": 3.9414247253811636, "params": {"Bgrad": 1.3030147917622763, "d1": -2.2885664894139093, "d2": -0.23501366159585543, "d3": -0.6287357729575069, "d4": 0.5814942602654662, "p1": 11.772593932335527, "p2": 23.698327116051615, "p3": 45.10404517763196, "p4": 30.422678206367593, "pol1": 0.5576956003365722, "pol2": -0.15190371000596176, "pol3": 0.4073285507886952, "pol4": 0.3735571563222647, "v0s": 3.9414247253811636}, "datetime": {"datetime": "2022-06-25 00:27:37", "elapsed": 2729.426881, "delta": 9.298135}}
{"target": 2.765120785389655, "params": {"Bgrad": 0.6117250512182019, "d1": -2.15424979585466, "d2": 0.9480320937510798, "d3": -1.9087948663579453, "d4": -1.851739830707062, "p1": 28.240479441494738, "p2": 26.061409021138143, "p3": 4.174208887824749, "p4": 39.85452276306529, "pol1": 0.46227859603297694, "pol2": -0.8024293684492723, "pol3": 0.07013978366921747, "pol4": 0.8990318624419635, "v0s": 2.765120785389655}, "datetime": {"datetime": "2022-06-25 00:27:44", "elapsed": 2736.108016, "delta": 6.681135}}
{"target": 4.255316149687415, "params": {"Bgrad": 0.5211081367334882, "d1": -2.2911020142010297, "d2": -0.5171440887892413, "d3": -2.6702920341764464, "d4": -2.11705065266824, "p1": 5.032690895058922, "p2": 21.46637951294228, "p3": 0.7818991031072253, "p4": 30.67881763926105, "pol1": -0.6477592532960523, "pol2": -0.1899321672588441, "pol3": -0.261460916248601, "pol4": 0.8767244818874249, "v0s": 4.255316149687415}, "datetime": {"datetime": "2022-06-25 00:27:54", "elapsed": 2746.396505, "delta": 10.288489}}
{"target": 2.753356286288888, "params": {"Bgrad": 1.7434683782459093, "d1": -2.217140326569321, "d2": -0.3174457866255729, "d3": -1.7869549591038534, "d4": -2.2500993063307773, "p1": 44.56679773310476, "p2": 19.253218418511615, "p3": 25.25975987554576, "p4": 13.396509301207072, "pol1": 0.9295100742045912, "pol2": -0.8801092860967767, "pol3": 0.3540412739485075, "pol4": 0.6730058920894249, "v0s": 2.753356286288888}, "datetime": {"datetime": "2022-06-25 00:28:01", "elapsed": 2753.648114, "delta": 7.251609}}
{"target": 3.8016987516946137, "params": {"Bgrad": 0.913722841930311, "d1": -1.9762277400424226, "d2": 0.5025966303652134, "d3": -1.428073212837663, "d4": -1.8057520057741923, "p1": 6.061015463182473, "p2": 33.89919642530277, "p3": 35.88806239105363, "p4": 34.89043025192845, "pol1": 0.8792629644104948, "pol2": -0.5375351366374883, "pol3": -0.32331620666983873, "pol4": -0.32628932702257196, "v0s": 3.8016987516946137}, "datetime": {"datetime": "2022-06-25 00:28:09", "elapsed": 2761.459227, "delta": 7.811113}}
{"target": 5.330103181241127, "params": {"Bgrad": 1.6637139341452245, "d1": -1.9714820936705464, "d2": 0.2302593255197536, "d3": -2.2044315739138596, "d4": -0.4218466143986377, "p1": 9.351619744976158, "p2": 6.822610890943665, "p3": 37.87786406409609, "p4": 30.926028731115267, "pol1": 0.49716171586211466, "pol2": 0.6631102481559588, "pol3": 0.758657389466006, "pol4": -0.05220247586957916, "v0s": 5.330103181241127}, "datetime": {"datetime": "2022-06-25 00:28:20", "elapsed": 2771.800574, "delta": 10.341347}}
{"target": 2.935117135098477, "params": {"Bgrad": 0.5257855912054863, "d1": -2.4700862901880507, "d2": -2.5938030046684837, "d3": -2.207851383646642, "d4": -0.653352388284853, "p1": 20.199466324579134, "p2": 16.098556530666215, "p3": 28.87970004212842, "p4": 48.412253871954434, "pol1": 0.5282308132864507, "pol2": 1.0, "pol3": 1.0, "pol4": -0.690753473479459, "v0s": 2.935117135098477}, "datetime": {"datetime": "2022-06-25 00:28:26", "elapsed": 2778.125661, "delta": 6.325087}}
{"target": -1.0, "params": {"Bgrad": 0.687259756775808, "d1": -2.6078153884726736, "d2": -2.4433505809900287, "d3": -0.10161858709516602, "d4": 0.5014825776930336, "p1": 3.7143314715020526, "p2": 12.943572647887319, "p3": 39.210730418402406, "p4": 27.90624039544442, "pol1": -0.14235941891213288, "pol2": 0.009769050966688342, "pol3": -0.6808536139189025, "pol4": 0.32658151001936964, "v0s": 4.098784002101264}, "datetime": {"datetime": "2022-06-25 00:28:38", "elapsed": 2790.207354, "delta": 12.081693}}
{"target": 2.05948210859303, "params": {"Bgrad": 1.196012312959034, "d1": -2.466404079100849, "d2": -2.2953731679175493, "d3": -1.544054332360882, "d4": 0.056199576084849046, "p1": 9.686913424135552, "p2": 2.6558772642502615, "p3": 35.82749670492022, "p4": 23.218319696998446, "pol1": 0.4626192094235526, "pol2": -0.7577464873176105, "pol3": 0.4464524628704254, "pol4": 0.9485403615568277, "v0s": 2.05948210859303}, "datetime": {"datetime": "2022-06-25 00:28:48", "elapsed": 2800.221576, "delta": 10.014222}}
{"target": -1.0, "params": {"Bgrad": 1.449098549582785, "d1": -2.9948616847662324, "d2": 0.9209064052147897, "d3": -0.7519523531660313, "d4": 0.8611102099580017, "p1": 4.2556178683173185, "p2": 10.40372197639794, "p3": 40.10196300933443, "p4": 28.017836398524025, "pol1": -0.05531720034957299, "pol2": -0.24982316529117687, "pol3": -0.578240753600241, "pol4": 0.4352974230771527, "v0s": 5.532203282530807}, "datetime": {"datetime": "2022-06-25 00:29:03", "elapsed": 2814.803583, "delta": 14.582007}}
{"target": 2.2014564466610853, "params": {"Bgrad": 1.9402157611866961, "d1": -2.532180951503811, "d2": -0.1171992524464085, "d3": -0.6307415778609178, "d4": -1.576827205104784, "p1": 5.688096928601843, "p2": 13.387184309378602, "p3": 33.221563252717814, "p4": 32.34285996619369, "pol1": 0.8289818199352301, "pol2": -0.9451356037650493, "pol3": 0.05528597286382797, "pol4": -0.2561093106594745, "v0s": 2.2014564466610853}, "datetime": {"datetime": "2022-06-25 00:29:08", "elapsed": 2819.743375, "delta": 4.939792}}
{"target": -1.0, "params": {"Bgrad": 1.0586537233133928, "d1": -2.8272278601202934, "d2": -0.5217367079574817, "d3": -2.4899266108562244, "d4": -1.636638677817416, "p1": 8.249924897481959, "p2": 5.153185819353317, "p3": 37.27091423119903, "p4": 33.177886343570734, "pol1": 0.7030334506652884, "pol2": 0.05151920596723336, "pol3": -0.582299938905761, "pol4": -0.9011299557764914, "v0s": 6.193144393314175}, "datetime": {"datetime": "2022-06-25 00:29:23", "elapsed": 2834.686417, "delta": 14.943042}}
{"target": -1.0, "params": {"Bgrad": 1.8095133335387033, "d1": -2.24439267880916, "d2": 0.6130019043316337, "d3": -1.817747306651742, "d4": -0.7635385712394451, "p1": 10.355520500030618, "p2": 8.505477092253578, "p3": 32.69836379331573, "p4": 32.60436629805337, "pol1": 0.288922064764084, "pol2": 0.20773281302108781, "pol3": 0.07638184594386477, "pol4": 0.6579318102150502, "v0s": 2.387051160597953}, "datetime": {"datetime": "2022-06-25 00:29:29", "elapsed": 2841.321674, "delta": 6.635257}}
{"target": -1.0, "params": {"Bgrad": 1.6850684468535795, "d1": -0.78213329106292, "d2": -0.060811935420169494, "d3": -2.4186641316108406, "d4": -0.4728464556390435, "p1": 10.608263995645872, "p2": 6.714849337742751, "p3": 36.484343488872334, "p4": 30.920769993572883, "pol1": 0.10741329745111239, "pol2": 0.3334114080531323, "pol3": 0.43402207563761097, "pol4": -0.8568536730237257, "v0s": 5.580671812608837}, "datetime": {"datetime": "2022-06-25 00:29:43", "elapsed": 2854.773703, "delta": 13.452029}}
{"target": 3.4740193580378564, "params": {"Bgrad": 1.8414156491745202, "d1": -2.9508731404094464, "d2": -0.0032419285250608887, "d3": -1.8414109030920907, "d4": 0.33699140987950793, "p1": 5.541462215520959, "p2": 8.240096398452696, "p3": 38.71858535653428, "p4": 28.965107437949705, "pol1": 0.1496894966142206, "pol2": -0.7937949093064653, "pol3": -0.94956336363511, "pol4": -0.7294797148688883, "v0s": 3.4740193580378564}, "datetime": {"datetime": "2022-06-25 00:29:54", "elapsed": 2866.030602, "delta": 11.256899}}
{"target": 3.1494078221114066, "params": {"Bgrad": 0.9832763900797475, "d1": -0.4065262216183787, "d2": -1.0427558496657854, "d3": -1.6860790262473437, "d4": -0.270209492864943, "p1": 6.969135149259248, "p2": 10.875768025859395, "p3": 32.20434188523069, "p4": 32.161291405598604, "pol1": -0.8166619350067379, "pol2": 0.31453821405768645, "pol3": -0.5283306105483907, "pol4": 0.03798918468627677, "v0s": 3.1494078221114066}, "datetime": {"datetime": "2022-06-25 00:30:01", "elapsed": 2873.131614, "delta": 7.101012}}
{"target": -1.0, "params": {"Bgrad": 0.5, "d1": -0.6558387238092657, "d2": -1.0594213648593738, "d3": 0.17428071420001492, "d4": -1.8897235480892467, "p1": 4.093889346458168, "p2": 19.44846194852021, "p3": 34.985772617981794, "p4": 5.2615293562460375, "pol1": -0.8285284394162317, "pol2": -0.6470266583940606, "pol3": 0.4967582560513048, "pol4": 0.5462933006280991, "v0s": 2.168851998604274}, "datetime": {"datetime": "2022-06-25 00:30:11", "elapsed": 2882.769842, "delta": 9.638228}}
{"target": 5.210942713393079, "params": {"Bgrad": 1.537336985140807, "d1": -2.8209630668157013, "d2": -0.9108459539932594, "d3": -0.02087216925800491, "d4": -1.5197900458807239, "p1": 4.478389290549866, "p2": 12.944593303582318, "p3": 39.544215519670445, "p4": 30.5286164344989, "pol1": 0.6915500033593326, "pol2": -0.4863218467667585, "pol3": 0.07763867329304752, "pol4": -0.498628697759478, "v0s": 5.210942713393079}, "datetime": {"datetime": "2022-06-25 00:30:22", "elapsed": 2893.683659, "delta": 10.913817}}
{"target": 4.5314144344912926, "params": {"Bgrad": 0.6789299195970744, "d1": -2.4890474442573605, "d2": -0.0005462579947939084, "d3": -1.2979059207109165, "d4": -1.8255601799171495, "p1": 11.060963583077843, "p2": 13.450219743584535, "p3": 11.204163400019295, "p4": 29.69269385484848, "pol1": 0.049874995017282986, "pol2": -0.6500790289722174, "pol3": -0.4886950135197048, "pol4": 0.5087218711625618, "v0s": 4.5314144344912926}, "datetime": {"datetime": "2022-06-25 00:30:28", "elapsed": 2900.466521, "delta": 6.782862}}
{"target": -1.0, "params": {"Bgrad": 1.2225353983040126, "d1": -1.6025249489601228, "d2": 0.8895143967545045, "d3": -0.8474908330074173, "d4": 0.9397651263167779, "p1": 14.345714132123287, "p2": 23.223163606501334, "p3": 44.96913256385568, "p4": 29.30520162337501, "pol1": 0.10111159443279116, "pol2": 0.043548891794837674, "pol3": 0.8356677030182913, "pol4": 0.7752773184799628, "v0s": 4.50563118459701}, "datetime": {"datetime": "2022-06-25 00:30:44", "elapsed": 2916.570459, "delta": 16.103938}}
{"target": 2.0, "params": {"Bgrad": 1.9704567999612763, "d1": -0.04840494839866229, "d2": 0.5938010622289219, "d3": -0.42774219447682627, "d4": -0.567208137368254, "p1": 22.477931164838964, "p2": 0.0, "p3": 16.810459400869618, "p4": 24.751922112595462, "pol1": 0.735227360987309, "pol2": -0.16695468352187307, "pol3": 0.16985038625110888, "pol4": -0.7910924434416045, "v0s": 2.0}, "datetime": {"datetime": "2022-06-25 00:30:55", "elapsed": 2926.855955, "delta": 10.285496}}
{"target": -1.0, "params": {"Bgrad": 1.8532228105350823, "d1": -1.8866086204927703, "d2": 0.9997933604314323, "d3": -2.3121596123736605, "d4": -0.29562440971835136, "p1": 29.85893234038222, "p2": 12.201792854475245, "p3": 39.69786536827075, "p4": 26.33222062199397, "pol1": 0.0869125901665781, "pol2": 0.03280508106416064, "pol3": -0.3621731738182048, "pol4": 0.10940919242699304, "v0s": 4.59809396689731}, "datetime": {"datetime": "2022-06-25 00:31:09", "elapsed": 2941.622469, "delta": 14.766514}}
{"target": 3.645299001728536, "params": {"Bgrad": 0.5946886620365238, "d1": -0.9137387485715136, "d2": 0.2423865215144425, "d3": -1.8184096677528996, "d4": -0.5302325087167028, "p1": 6.1223006021879804, "p2": 16.07689091848401, "p3": 37.353303098002755, "p4": 33.00174694403131, "pol1": -0.7785630732993036, "pol2": -0.45343925370984994, "pol3": 0.5639906479838677, "pol4": -0.010835209605249752, "v0s": 3.645299001728536}, "datetime": {"datetime": "2022-06-25 00:31:17", "elapsed": 2949.65898, "delta": 8.036511}}
{"target": -1.0, "params": {"Bgrad": 0.8324788566868074, "d1": -2.4710693330864033, "d2": 0.7255915601900331, "d3": -2.05380085581984, "d4": 0.5125719131531614, "p1": 44.542431372700165, "p2": 22.0244559845984, "p3": 27.825295678320966, "p4": 12.190220133478752, "pol1": -0.0684667139800732, "pol2": 0.70830644674688, "pol3": -0.98134319081205, "pol4": 0.34656022065811576, "v0s": 3.0735434607929495}, "datetime": {"datetime": "2022-06-25 00:31:31", "elapsed": 2963.644582, "delta": 13.985602}}
{"target": 5.162440652324372, "params": {"Bgrad": 1.126861463713977, "d1": -2.3953899160450205, "d2": 0.8619762315176116, "d3": -0.4314063836824915, "d4": -2.6075306676478545, "p1": 9.906617236802962, "p2": 11.714398673523268, "p3": 11.46804363619589, "p4": 30.221743267542937, "pol1": 0.40041446230264044, "pol2": 0.8789444548799525, "pol3": -0.041092298830850416, "pol4": 0.5442249695249404, "v0s": 5.162440652324372}, "datetime": {"datetime": "2022-06-25 00:31:43", "elapsed": 2975.069034, "delta": 11.424452}}
{"target": 2.3735276486301853, "params": {"Bgrad": 1.7829074060973165, "d1": -2.365672705705982, "d2": -0.7440071755221229, "d3": -0.061675258398111055, "d4": -0.0418923222617007, "p1": 1.897593934636349, "p2": 32.62918562617574, "p3": 16.275055480673085, "p4": 8.485912211755892, "pol1": -0.14875743622049464, "pol2": -0.02685045632322325, "pol3": 0.25630019185057207, "pol4": 0.10644948003223154, "v0s": 2.3735276486301853}, "datetime": {"datetime": "2022-06-25 00:31:51", "elapsed": 2982.827287, "delta": 7.758253}}
{"target": -1.0, "params": {"Bgrad": 1.318249257058531, "d1": -1.0330889145925202, "d2": 0.43016199792936005, "d3": -1.1738737738727365, "d4": -1.0212767303272434, "p1": 48.611144641163115, "p2": 43.49964346235889, "p3": 6.878451231012317, "p4": 14.089101047666357, "pol1": -0.1967412504496151, "pol2": -0.5198495999298973, "pol3": 0.5271308941724298, "pol4": 0.22445228454029165, "v0s": 4.478693710489453}, "datetime": {"datetime": "2022-06-25 00:32:05", "elapsed": 2997.540943, "delta": 14.713656}}
{"target": -1.0, "params": {"Bgrad": 0.6479020703831591, "d1": -1.7874125256333175, "d2": -1.4452909051463583, "d3": -2.0403915094286593, "d4": 0.3740787845070588, "p1": 8.862177791297887, "p2": 1.3537801790161341, "p3": 35.886463982385756, "p4": 22.47323052258271, "pol1": 0.12471897453825154, "pol2": 0.24129581838515968, "pol3": -0.20837433225708746, "pol4": 0.7783144190091931, "v0s": 4.315213960839701}, "datetime": {"datetime": "2022-06-25 00:32:16", "elapsed": 3008.546514, "delta": 11.005571}}
{"target": -1.0, "params": {"Bgrad": 0.9712260165810992, "d1": -2.76857408660456, "d2": -0.5213095033596957, "d3": -2.2427165788042127, "d4": -2.179161972521662, "p1": 5.347578466861252, "p2": 13.754715875978379, "p3": 32.49498222264965, "p4": 30.594544023203575, "pol1": -0.32401385936164595, "pol2": -0.9651625161735751, "pol3": -0.964261722290515, "pol4": 0.4685087364852272, "v0s": 5.158439989132041}, "datetime": {"datetime": "2022-06-25 00:32:33", "elapsed": 3025.112217, "delta": 16.565703}}
{"target": 2.0062850144490665, "params": {"Bgrad": 1.7526479675544488, "d1": -2.1391830062133943, "d2": 0.01585412289400745, "d3": -2.8184571375666954, "d4": -1.7056852604491963, "p1": 5.544525773209241, "p2": 13.335313409235166, "p3": 35.78570206272205, "p4": 29.049029475782046, "pol1": -0.8185033173884073, "pol2": -0.20675095447303082, "pol3": 0.9053749881372979, "pol4": -0.77741203180968, "v0s": 2.0062850144490665}, "datetime": {"datetime": "2022-06-25 00:32:42", "elapsed": 3033.969533, "delta": 8.857316}}
{"target": -1.0, "params": {"Bgrad": 1.021013232129045, "d1": 0.6072361005125968, "d2": -0.8012340823940813, "d3": -0.4445867054912611, "d4": 0.12795275421952645, "p1": 5.616053164697671, "p2": 15.418590783997832, "p3": 32.46052318420377, "p4": 33.27038136247217, "pol1": 0.06477521372568118, "pol2": -0.028237628858880592, "pol3": -0.06341407849614389, "pol4": 0.6165443846291878, "v0s": 4.5429158705802}, "datetime": {"datetime": "2022-06-25 00:32:54", "elapsed": 3045.942517, "delta": 11.972984}}
{"target": -1.0, "params": {"Bgrad": 1.1843901142556494, "d1": -2.3729652470316482, "d2": -2.20495226463943, "d3": -2.6438959939839286, "d4": 0.08503596817911463, "p1": 9.076114610602176, "p2": 3.5473617874582866, "p3": 36.49922648171369, "p4": 19.998185083508595, "pol1": 0.4519898210887703, "pol2": 0.5580724641037267, "pol3": -0.973983886237699, "pol4": -0.6707455721186741, "v0s": 3.735815283400264}, "datetime": {"datetime": "2022-06-25 00:33:05", "elapsed": 3057.241304, "delta": 11.298787}}
{"target": 2.7399797504113783, "params": {"Bgrad": 0.9703549877697979, "d1": -1.2759927815421164, "d2": -2.4936450390122222, "d3": -0.34648287717225257, "d4": 0.29460250926243603, "p1": 6.088817754722053, "p2": 12.709663346822776, "p3": 36.177249530138695, "p4": 30.24172096628137, "pol1": -0.5394034503052356, "pol2": 0.5663092624423705, "pol3": -0.30904514171550734, "pol4": -0.6862496593500673, "v0s": 2.7399797504113783}, "datetime": {"datetime": "2022-06-25 00:33:13", "elapsed": 3065.612918, "delta": 8.371614}}
{"target": 4.266921014235825, "params": {"Bgrad": 0.9141463483339118, "d1": -1.710546524137003, "d2": -1.038615043091315, "d3": -1.8321463366302213, "d4": -2.921370687943523, "p1": 6.038792074417254, "p2": 36.05510525626563, "p3": 35.83747888380052, "p4": 36.17440708868095, "pol1": 0.5705382266339323, "pol2": -0.35745596653489375, "pol3": 0.1522391216807888, "pol4": -0.6619225858051376, "v0s": 4.266921014235825}, "datetime": {"datetime": "2022-06-25 00:33:23", "elapsed": 3074.725551, "delta": 9.112633}}
{"target": 3.522591396807149, "params": {"Bgrad": 1.5742937979832041, "d1": -1.5549461214638822, "d2": 0.3452604215932351, "d3": -0.34450691444708736, "d4": 0.027472367664872266, "p1": 3.0289655837823948, "p2": 11.892381972823983, "p3": 38.97860523825233, "p4": 30.29786902795725, "pol1": 0.5437927687282291, "pol2": 0.3442775771804585, "pol3": 0.6950754415695617, "pol4": -0.4674489112459501, "v0s": 3.522591396807149}, "datetime": {"datetime": "2022-06-25 00:33:32", "elapsed": 3084.460519, "delta": 9.734968}}
{"target": 2.1074745452521535, "params": {"Bgrad": 0.793624070200067, "d1": -1.4268676839315573, "d2": -1.4565041579192002, "d3": -0.19200853774852922, "d4": -1.0381175254360167, "p1": 8.979624702545658, "p2": 14.27957332176692, "p3": 33.99964772565583, "p4": 30.124038002497137, "pol1": 0.06829692464497272, "pol2": -0.6232042306405619, "pol3": 0.01247951905431366, "pol4": 0.840748659312166, "v0s": 2.1074745452521535}, "datetime": {"datetime": "2022-06-25 00:33:39", "elapsed": 3091.617382, "delta": 7.156863}}
{"target": -1.0, "params": {"Bgrad": 1.3651511976085282, "d1": -2.855823676948332, "d2": -0.2880863710880499, "d3": -0.29157166623736996, "d4": 0.3265807424428422, "p1": 12.221236348612724, "p2": 23.96443357596133, "p3": 45.78918692221611, "p4": 30.784826959317225, "pol1": -0.50147832731376, "pol2": 0.07791716134423732, "pol3": 0.5740473983781744, "pol4": -0.02452051034640368, "v0s": 2.3419616281986486}, "datetime": {"datetime": "2022-06-25 00:33:54", "elapsed": 3106.623257, "delta": 15.005875}}
{"target": -1.0, "params": {"Bgrad": 0.586988734305229, "d1": -0.6194603292892609, "d2": 0.9313358016648619, "d3": -1.924053886278564, "d4": -0.9245132013386583, "p1": 1.7839018472457946, "p2": 34.350159815894386, "p3": 17.27351432501234, "p4": 11.16065534092886, "pol1": -0.660866348838097, "pol2": 0.931305506067343, "pol3": 0.10108238742868836, "pol4": 0.7360294924084019, "v0s": 4.5172309200132075}, "datetime": {"datetime": "2022-06-25 00:34:06", "elapsed": 3117.774438, "delta": 11.151181}}
{"target": 4.342910181684156, "params": {"Bgrad": 1.4772998852702788, "d1": -2.9093121227035006, "d2": -0.6071663998491754, "d3": -1.580412457925028, "d4": -0.3456106124484273, "p1": 10.211272258363085, "p2": 16.178367947433454, "p3": 6.807446176567278, "p4": 34.3131333503073, "pol1": -0.9803786155828955, "pol2": 0.12436293029399681, "pol3": -0.7680416129386964, "pol4": -0.2859417788183829, "v0s": 4.342910181684156}, "datetime": {"datetime": "2022-06-25 00:34:15", "elapsed": 3127.248105, "delta": 9.473667}}
