{"target": 4.6719274459160856, "params": {"Bgrad": 1.990322051500826, "d1": -2.313995655905938, "d2": 0.511571293040176, "d3": -0.2590579830354953, "d4": -1.902134841730846, "p1": 44.58589588996612, "p2": 21.5619066423279, "p3": 25.885476371462985, "p4": 12.838440307907753, "pol1": -0.1569335471548465, "pol2": -0.03278484711660871, "pol3": 0.04905949271411089, "pol4": 0.03799041999846337, "v0s": 4.6719274459160856}, "datetime": {"datetime": "2022-05-16 21:53:27", "elapsed": 7822.844445, "delta": 10.557763}}
{"target": 4.03391923846317, "params": {"Bgrad": 1.5588265457966504, "d1": -1.1490194852376843, "d2": 0.3528556004206038, "d3": -1.40332009110687, "d4": -2.5203593633288355, "p1": 7.281587867488771, "p2": 37.97818163117, "p3": 41.57185320126778, "p4": 32.06137167762827, "pol1": -0.7520383808182929, "pol2": -0.19805942817891564, "pol3": -0.18386793668484636, "pol4": 0.5308627974498987, "v0s": 4.03391923846317}, "datetime": {"datetime": "2022-05-16 21:53:34", "elapsed": 7829.928497, "delta": 7.084052}}
{"target": 3.0602991308045255, "params": {"Bgrad": 0.8649375666027961, "d1": -0.6807971093179241, "d2": -0.5395489273316536, "d3": -0.13903570725129644, "d4": -1.1999039207705229, "p1": 45.288098617316756, "p2": 22.83068520714055, "p3": 24.938262983085757, "p4": 13.426818590079314, "pol1": -0.7935312938490269, "pol2": -0.17122442532756899, "pol3": 0.28881367290554905, "pol4": 0.6430542457171571, "v0s": 3.0602991308045255}, "datetime": {"datetime": "2022-05-16 21:53:41", "elapsed": 7836.869931, "delta": 6.941434}}
{"target": 2.159188075305706, "params": {"Bgrad": 1.2402983688198899, "d1": -2.922476132787234, "d2": -0.3798840239161332, "d3": -1.5790613241780633, "d4": -2.2580991999743145, "p1": 24.233709190069675, "p2": 26.05607038663895, "p3": 3.3037129552994093, "p4": 44.01371748820319, "pol1": -0.475920611534157, "pol2": -0.6740375050450569, "pol3": -0.7838378568311843, "pol4": 0.14542577695999537, "v0s": 2.159188075305706}, "datetime": {"datetime": "2022-05-16 21:53:48", "elapsed": 7843.746539, "delta": 6.876608}}
{"target": -1.0, "params": {"Bgrad": 1.5031570907174778, "d1": -1.2395849490856223, "d2": -1.255089826806545, "d3": -2.565957991140823, "d4": -1.1709682457445783, "p1": 3.9140932325645528, "p2": 34.634564048525824, "p3": 36.332942873267804, "p4": 38.720788120900906, "pol1": 0.6542228826219594, "pol2": 0.5728933961239961, "pol3": -0.661051985684024, "pol4": 0.3252364563396515, "v0s": 4.361331717160743}, "datetime": {"datetime": "2022-05-16 21:54:02", "elapsed": 7858.098153, "delta": 14.351614}}
{"target": 5.126388119204538, "params": {"Bgrad": 1.316919448924306, "d1": -0.34934851633878905, "d2": 0.676297893160493, "d3": -1.9522617101100468, "d4": 0.0529359369485114, "p1": 3.360803967876941, "p2": 30.84064870241906, "p3": 15.409194409295345, "p4": 10.640111849312861, "pol1": 0.005008531834452379, "pol2": -0.8860458194346128, "pol3": 0.1982811612362414, "pol4": 0.6728715129747238, "v0s": 5.126388119204538}, "datetime": {"datetime": "2022-05-16 21:54:21", "elapsed": 7876.836037, "delta": 18.737884}}
{"target": -1.0, "params": {"Bgrad": 1.7070409442408465, "d1": -1.8874943018316737, "d2": 0.821131763433617, "d3": -1.138787857029568, "d4": -1.5109552944956048, "p1": 1.0734883427766406, "p2": 35.65524699995971, "p3": 37.14127864902621, "p4": 37.341262640176964, "pol1": -0.38387703972422993, "pol2": 0.6122265141485947, "pol3": 0.019809377953050156, "pol4": 0.9208259497524809, "v0s": 2.464211551074494}, "datetime": {"datetime": "2022-05-16 21:54:27", "elapsed": 7882.400155, "delta": 5.564118}}
{"target": -1.0, "params": {"Bgrad": 1.4156503507553206, "d1": -1.6857865399112288, "d2": -0.5599150451390478, "d3": -1.5478998159666513, "d4": 0.3280743087314426, "p1": 31.786912931087063, "p2": 6.093255530946617, "p3": 7.469831310592401, "p4": 22.09348903836153, "pol1": 0.22801535048181276, "pol2": -0.019927201526029448, "pol3": 0.8108351444689992, "pol4": -0.3392969187475319, "v0s": 5.225272637437975}, "datetime": {"datetime": "2022-05-16 21:54:38", "elapsed": 7894.178652, "delta": 11.778497}}
{"target": 5.231258145523521, "params": {"Bgrad": 1.6861807352653166, "d1": -2.535926664065268, "d2": 0.4520217908123927, "d3": -1.087582183799272, "d4": -0.06818022539545776, "p1": 11.014699402010908, "p2": 26.552524265500878, "p3": 42.703136249066134, "p4": 28.031587934795066, "pol1": 0.5507901735749583, "pol2": 0.47610017964024, "pol3": 0.894860365173813, "pol4": 0.5063572858180425, "v0s": 5.231258145523521}, "datetime": {"datetime": "2022-05-16 21:54:48", "elapsed": 7903.779972, "delta": 9.60132}}
{"target": 3.9421736008281507, "params": {"Bgrad": 1.3585568385952014, "d1": -2.5779972850724313, "d2": -0.5788259890562486, "d3": 0.5305865424065446, "d4": -0.9889041058981283, "p1": 2.243943046709662, "p2": 39.67116823950252, "p3": 33.9480964210294, "p4": 40.153500558359035, "pol1": 0.7597536884723735, "pol2": -0.8672459779118709, "pol3": 0.05855206782912581, "pol4": 0.01362688978816129, "v0s": 3.9421736008281507}, "datetime": {"datetime": "2022-05-16 21:54:55", "elapsed": 7911.180179, "delta": 7.400207}}
{"target": 4.123614354295394, "params": {"Bgrad": 1.64593739861393, "d1": -1.8185549676750843, "d2": 0.317040616620313, "d3": -2.415531611404219, "d4": -2.768486458948481, "p1": 27.906581881089853, "p2": 10.875031288246205, "p3": 36.985446264743494, "p4": 28.732237011551305, "pol1": -0.7108445062056197, "pol2": 0.901285391225439, "pol3": -0.401195706771438, "pol4": -0.9633921960865532, "v0s": 4.123614354295394}, "datetime": {"datetime": "2022-05-16 21:55:03", "elapsed": 7919.058109, "delta": 7.87793}}
{"target": 5.813909045320313, "params": {"Bgrad": 1.4558056346678472, "d1": -2.261150624256134, "d2": 0.03534882638871517, "d3": -0.6226972270290861, "d4": -0.1874578000027411, "p1": 11.085223516137614, "p2": 25.254791777701094, "p3": 42.044810154197044, "p4": 27.644736300534802, "pol1": 0.6467340098936408, "pol2": 0.02834273821058665, "pol3": 0.44141789192124975, "pol4": 0.26455722256083714, "v0s": 5.813909045320313}, "datetime": {"datetime": "2022-05-16 21:55:13", "elapsed": 7928.96162, "delta": 9.903511}}
{"target": 5.902908927544061, "params": {"Bgrad": 1.1935143215412265, "d1": -1.9037524554683916, "d2": -0.2804726362592415, "d3": -0.39809712259310687, "d4": -2.677716180454776, "p1": 8.801698302127193, "p2": 36.250358590203234, "p3": 43.061465136507636, "p4": 32.95517776858688, "pol1": -0.5257662060433637, "pol2": -0.4184112730274541, "pol3": -0.14178170357970812, "pol4": 0.34755850056407567, "v0s": 5.902908927544061}, "datetime": {"datetime": "2022-05-16 21:55:23", "elapsed": 7938.526039, "delta": 9.564419}}
{"target": 4.663879967721985, "params": {"Bgrad": 1.6003857782523905, "d1": -2.395098916343629, "d2": 1.0, "d3": -1.2304969615847892, "d4": -2.130838891884483, "p1": 30.347859780851977, "p2": 12.104426045446, "p3": 38.258246055264486, "p4": 27.375524821785838, "pol1": 0.4868392056695509, "pol2": -0.8089034478011224, "pol3": -0.6664642385371038, "pol4": -0.21414113472445379, "v0s": 4.663879967721985}, "datetime": {"datetime": "2022-05-16 21:55:30", "elapsed": 7945.997057, "delta": 7.471018}}
{"target": 3.863526385139046, "params": {"Bgrad": 0.6906771342144228, "d1": -1.3415140990260925, "d2": -0.8213819810294042, "d3": -1.5012865543340208, "d4": -3.0, "p1": 5.623981117506364, "p2": 23.949123148477504, "p3": 0.7633756975680012, "p4": 31.986114160006334, "pol1": 0.3852041800737551, "pol2": -0.09772023235658936, "pol3": -0.7582015078013937, "pol4": -0.5929090441595469, "v0s": 3.863526385139046}, "datetime": {"datetime": "2022-05-16 21:55:37", "elapsed": 7952.765953, "delta": 6.768896}}
{"target": 3.0118673643808154, "params": {"Bgrad": 1.5474595659674593, "d1": 0.3898777110069269, "d2": -0.800879884879226, "d3": -1.310358311613811, "d4": -0.6806739801506239, "p1": 7.215054215819378, "p2": 36.46118592934929, "p3": 35.803077457473165, "p4": 34.69609689460803, "pol1": -0.5329853419830288, "pol2": -0.8081933229163512, "pol3": 0.6771787010784516, "pol4": -0.3508651842764341, "v0s": 3.0118673643808154}, "datetime": {"datetime": "2022-05-16 21:55:42", "elapsed": 7957.562125, "delta": 4.796172}}
{"target": 5.0593988751745815, "params": {"Bgrad": 1.4458471551395042, "d1": -1.090903037338306, "d2": 0.6859078933753521, "d3": -1.4248635141235098, "d4": -0.6718450368520686, "p1": 2.230011266099332, "p2": 31.27795301726077, "p3": 16.22822009187173, "p4": 11.066178615474776, "pol1": -0.2096727250100416, "pol2": -0.6008534145244567, "pol3": -0.0846224754048414, "pol4": 1.0, "v0s": 5.0593988751745815}, "datetime": {"datetime": "2022-05-16 21:55:50", "elapsed": 7965.762193, "delta": 8.200068}}
{"target": 2.3751867348814018, "params": {"Bgrad": 1.7960484902042633, "d1": -0.19323331467135585, "d2": -2.190941147516459, "d3": -0.05766342316628714, "d4": 0.2336847463414946, "p1": 20.865667732944765, "p2": 16.38005747565046, "p3": 27.269566467841916, "p4": 48.53456053635369, "pol1": -0.6332151872812961, "pol2": 0.269981587153312, "pol3": 0.11983500228121846, "pol4": -0.1336580732113648, "v0s": 2.3751867348814018}, "datetime": {"datetime": "2022-05-16 21:55:56", "elapsed": 7971.895788, "delta": 6.133595}}
{"target": 4.45973034259296, "params": {"Bgrad": 1.2390747379695575, "d1": -2.7603242252044513, "d2": -1.9771697754236148, "d3": -2.322695520715932, "d4": -0.4780517394245305, "p1": 20.237536771916442, "p2": 17.864364142183497, "p3": 28.07771277376733, "p4": 47.57456141785756, "pol1": 1.0, "pol2": 0.8439363318218386, "pol3": 0.627878552916927, "pol4": -0.5234909335392959, "v0s": 4.45973034259296}, "datetime": {"datetime": "2022-05-16 21:56:05", "elapsed": 7980.610479, "delta": 8.714691}}
{"target": -1.0, "params": {"Bgrad": 0.9813068772659232, "d1": -2.250305666799609, "d2": 0.22678007175670656, "d3": -0.7646452661455387, "d4": -2.2455280218667837, "p1": 38.8434408739113, "p2": 22.093714352334082, "p3": 16.748518180135353, "p4": 15.335924151987983, "pol1": -0.24925160329669827, "pol2": -0.01737695811079365, "pol3": 0.13761781457468403, "pol4": -0.6401291447417108, "v0s": 2.525015041592135}, "datetime": {"datetime": "2022-05-16 21:56:14", "elapsed": 7989.281288, "delta": 8.670809}}
{"target": 3.4716477664474015, "params": {"Bgrad": 1.8130914497773425, "d1": -0.5363424438027513, "d2": -0.32106365384898794, "d3": -1.945377579305224, "d4": -2.2968350939253463, "p1": 43.42875767432451, "p2": 22.5390503479563, "p3": 18.68305987594025, "p4": 11.484722119762841, "pol1": -0.6739445072483718, "pol2": -0.8915562139309128, "pol3": 0.7605794007846955, "pol4": -0.541309697149122, "v0s": 3.4716477664474015}, "datetime": {"datetime": "2022-05-16 21:56:19", "elapsed": 7995.084766, "delta": 5.803478}}
{"target": 4.02726334571176, "params": {"Bgrad": 0.6205391162365113, "d1": -2.050035034207549, "d2": -2.322364889880157, "d3": -2.80454066150552, "d4": -0.1390081387298422, "p1": 20.589788262994738, "p2": 18.096926909448516, "p3": 28.45908240697191, "p4": 48.43054361604842, "pol1": 1.0, "pol2": 0.23368739734244698, "pol3": 0.9874958274580445, "pol4": -0.6289055715633695, "v0s": 4.02726334571176}, "datetime": {"datetime": "2022-05-16 21:56:26", "elapsed": 8001.457721, "delta": 6.372955}}
{"target": -1.0, "params": {"Bgrad": 0.5511067998760566, "d1": -0.7879598521224276, "d2": -0.6128418823372139, "d3": -0.6238387887954868, "d4": -2.8992358825317077, "p1": 3.0283898218212926, "p2": 31.587491288541646, "p3": 15.050526240080226, "p4": 10.921854559441762, "pol1": -0.32045946871770337, "pol2": 0.43314209127977765, "pol3": 0.5385318477622554, "pol4": 0.9864894263154356, "v0s": 4.315420117281827}, "datetime": {"datetime": "2022-05-16 21:56:33", "elapsed": 8008.399155, "delta": 6.941434}}
{"target": 2.9727560598545226, "params": {"Bgrad": 0.971344593437107, "d1": -0.11136932807314937, "d2": -0.7618970824575064, "d3": -0.7414952334085108, "d4": -1.6297732381133976, "p1": 44.44241819952151, "p2": 23.525542894425712, "p3": 17.12325088411485, "p4": 10.366918349539084, "pol1": -0.3197556424219412, "pol2": 0.7322473158278155, "pol3": 0.44884652901384436, "pol4": 0.1830681513021899, "v0s": 2.9727560598545226}, "datetime": {"datetime": "2022-05-16 21:56:40", "elapsed": 8015.346573, "delta": 6.947418}}
{"target": 4.411543508082854, "params": {"Bgrad": 0.536970666922688, "d1": -1.2192699609660675, "d2": 0.6127161103252988, "d3": -2.2997624816714013, "d4": -2.749379956637915, "p1": 5.638834634173147, "p2": 35.315651966524776, "p3": 34.601485399590864, "p4": 34.66370050794006, "pol1": 0.7856194398206741, "pol2": -0.20304285601813787, "pol3": 0.5536306575616556, "pol4": 0.2512084469103266, "v0s": 4.411543508082854}, "datetime": {"datetime": "2022-05-16 21:56:45", "elapsed": 8020.775055, "delta": 5.428482}}
{"target": 4.336542152514365, "params": {"Bgrad": 1.3290986679464118, "d1": -1.3542552201103, "d2": 0.3605352070560503, "d3": -1.6432654873345247, "d4": -3.0, "p1": 5.396739170216917, "p2": 24.347435785764358, "p3": 0.854333059207373, "p4": 31.16516278785973, "pol1": -0.09945278984746575, "pol2": 0.008413822072213348, "pol3": -0.7133736007585297, "pol4": -1.0, "v0s": 4.336542152514365}, "datetime": {"datetime": "2022-05-16 21:56:53", "elapsed": 8028.334834, "delta": 7.559779}}
{"target": 4.024632414927655, "params": {"Bgrad": 1.3162845144755424, "d1": -2.9690797132185702, "d2": -2.4629712224250886, "d3": -2.7028777531841026, "d4": -0.6569945651450626, "p1": 20.56284634780295, "p2": 18.545297466246815, "p3": 28.80821396556955, "p4": 47.31439409942862, "pol1": 1.0, "pol2": 0.22644615242768154, "pol3": 0.10526842095684397, "pol4": -0.6467093710810873, "v0s": 4.024632414927655}, "datetime": {"datetime": "2022-05-16 21:56:59", "elapsed": 8034.392632, "delta": 6.057798}}
{"target": -1.0, "params": {"Bgrad": 1.3182633099569583, "d1": 0.7228094447259652, "d2": 0.6318834157571271, "d3": -0.8495330673998094, "d4": -1.8886275671252704, "p1": 43.112620006291216, "p2": 20.511874396166608, "p3": 27.32708740295165, "p4": 13.705874092808362, "pol1": 0.644359377806339, "pol2": 0.3380929634589782, "pol3": 0.2682948192835435, "pol4": -0.7220095971738201, "v0s": 4.753131593241249}, "datetime": {"datetime": "2022-05-16 21:57:12", "elapsed": 8047.318061, "delta": 12.925429}}
{"target": 5.1261648205731145, "params": {"Bgrad": 1.8003466583801613, "d1": -1.8287225172904789, "d2": 0.9650272108703004, "d3": -0.26750753840476804, "d4": -1.8064790254523846, "p1": 43.672426365078785, "p2": 21.40709362971481, "p3": 24.704834438470364, "p4": 11.50350460604595, "pol1": -0.7005401978478634, "pol2": -0.30419819942834025, "pol3": 0.8728112512068396, "pol4": -0.771969265296693, "v0s": 5.1261648205731145}, "datetime": {"datetime": "2022-05-16 21:57:21", "elapsed": 8056.646112, "delta": 9.328051}}
{"target": 5.1437722813056, "params": {"Bgrad": 1.345194474561112, "d1": -2.7664175306231438, "d2": 0.020583064754048662, "d3": -0.15665903357606256, "d4": 0.3123252436917987, "p1": 11.677222565024314, "p2": 25.139263428785615, "p3": 42.443952734157165, "p4": 27.60011632837105, "pol1": 0.368568880294712, "pol2": -0.3009040110993037, "pol3": 0.5916659345790972, "pol4": 0.5517767691574839, "v0s": 5.1437722813056}, "datetime": {"datetime": "2022-05-16 21:57:31", "elapsed": 8066.751085, "delta": 10.104973}}
{"target": 2.063827286015125, "params": {"Bgrad": 1.0564525213929226, "d1": -2.6048976128938692, "d2": 0.5826426745814861, "d3": -0.22454331100296399, "d4": -2.577895700303718, "p1": 6.912134613286803, "p2": 34.5912797184307, "p3": 36.493897996520225, "p4": 37.24996332297465, "pol1": -0.2777045550416266, "pol2": 0.5683922300677591, "pol3": 0.36357324496810417, "pol4": -0.32573774010129, "v0s": 2.063827286015125}, "datetime": {"datetime": "2022-05-16 21:57:39", "elapsed": 8074.405612, "delta": 7.654527}}
{"target": 4.665385058461492, "params": {"Bgrad": 2.0, "d1": -1.3925268722657689, "d2": 0.6748624435253127, "d3": -2.8436857787084207, "d4": -3.0, "p1": 28.917032349621355, "p2": 10.655593763368934, "p3": 37.26192787023038, "p4": 28.24073526702123, "pol1": 0.6976854985122735, "pol2": 0.40432343420066, "pol3": -0.49504905297481916, "pol4": -0.18797614096648885, "v0s": 4.665385058461492}, "datetime": {"datetime": "2022-05-16 21:57:47", "elapsed": 8083.063456, "delta": 8.657844}}
{"target": -1.0, "params": {"Bgrad": 1.242405749188781, "d1": -1.674561582286675, "d2": -0.11913092837356842, "d3": 0.484766628397181, "d4": -2.257770041169688, "p1": 7.881690915331735, "p2": 35.087419356063236, "p3": 33.261872546931095, "p4": 35.21105436199842, "pol1": 0.03311175400771171, "pol2": 0.49050623139361726, "pol3": -0.6833395437030738, "pol4": -0.16818285007923328, "v0s": 2.0697265668323697}, "datetime": {"datetime": "2022-05-16 21:58:03", "elapsed": 8098.845245, "delta": 15.781789}}
{"target": 3.8975479155791914, "params": {"Bgrad": 1.3120619491683154, "d1": -1.9772144404067984, "d2": -0.00013478808864572026, "d3": -0.8805625899194279, "d4": -2.6670739649266095, "p1": 42.792881040934304, "p2": 24.101214629955688, "p3": 17.734020767197283, "p4": 13.312388361266123, "pol1": -0.5976789959429951, "pol2": -0.16025491077983775, "pol3": 0.7601128282039372, "pol4": 0.288445443393644, "v0s": 3.8975479155791914}, "datetime": {"datetime": "2022-05-16 21:58:12", "elapsed": 8107.896038, "delta": 9.050793}}
{"target": -1.0, "params": {"Bgrad": 1.8430729466858196, "d1": -1.7728636369240443, "d2": 0.7875581391293935, "d3": -0.7268532411912441, "d4": -0.06590444455657307, "p1": 0.3623920201563047, "p2": 31.36013409925941, "p3": 14.989417343720286, "p4": 11.01838507123199, "pol1": 0.6073595527789768, "pol2": 0.42268025998958914, "pol3": 0.8688007665882247, "pol4": 0.3740930464593759, "v0s": 6.061418414406475}, "datetime": {"datetime": "2022-05-16 21:58:26", "elapsed": 8121.576448, "delta": 13.68041}}
{"target": -1.0, "params": {"Bgrad": 1.2224664195427828, "d1": -0.8920900459544492, "d2": 0.08720848967895023, "d3": -2.827028481806031, "d4": -2.858136965040279, "p1": 40.62389360788711, "p2": 23.83600674016496, "p3": 15.418638856880234, "p4": 14.012137890373626, "pol1": -0.002091401402139592, "pol2": 0.45050078365590296, "pol3": 0.07460257074652721, "pol4": 0.4143603279814758, "v0s": 5.127310595491019}, "datetime": {"datetime": "2022-05-16 21:58:37", "elapsed": 8132.724633, "delta": 11.148185}}
{"target": 3.9538813170071307, "params": {"Bgrad": 1.409101809957785, "d1": -1.808730476199051, "d2": 0.26378132324950965, "d3": -0.8911051302181194, "d4": -2.4686983552465027, "p1": 6.2035293682280335, "p2": 36.80091054824292, "p3": 39.93008979576875, "p4": 34.10214814100144, "pol1": 0.9213394194479085, "pol2": -0.05623693353982273, "pol3": -0.28312126675684524, "pol4": -0.21183106317146927, "v0s": 3.9538813170071307}, "datetime": {"datetime": "2022-05-16 21:58:45", "elapsed": 8140.598571, "delta": 7.873938}}
{"target": -1.0, "params": {"Bgrad": 1.333608540046745, "d1": -1.9652848031685064, "d2": -1.1275303987496836, "d3": -2.7850814753209527, "d4": -1.8364703281214592, "p1": 27.51515187954805, "p2": 11.426984433999731, "p3": 38.1229877889438, "p4": 30.088713269628265, "pol1": 0.5963639876767639, "pol2": 0.1548608449013713, "pol3": -0.7546996061498208, "pol4": 0.39613399761275003, "v0s": 2.3250981305559444}, "datetime": {"datetime": "2022-05-16 21:58:49", "elapsed": 8145.065623, "delta": 4.467052}}
{"target": 4.745523727732731, "params": {"Bgrad": 1.3128224144052647, "d1": -1.2345934954932891, "d2": 0.6187775862149579, "d3": -1.0568219651080346, "d4": -2.1002985692498357, "p1": 7.3741727295841875, "p2": 35.63026208259294, "p3": 40.81078598253942, "p4": 33.123228377993776, "pol1": -0.3055018746671662, "pol2": -0.424876169686176, "pol3": -0.22710100102232295, "pol4": 0.2800944258058829, "v0s": 4.745523727732731}, "datetime": {"datetime": "2022-05-16 21:58:58", "elapsed": 8153.522006, "delta": 8.456383}}
{"target": 6.416576348654973, "params": {"Bgrad": 1.845384992655863, "d1": -2.6166521404797223, "d2": 0.4415499192464436, "d3": -0.317208870102478, "d4": -1.4836887102019047, "p1": 10.423033042902253, "p2": 26.749243343313022, "p3": 41.498620621251256, "p4": 27.84887229926405, "pol1": -0.9972017796092454, "pol2": 0.7788982990462494, "pol3": 0.11859774804967471, "pol4": -0.9686408510252349, "v0s": 6.416576348654973}, "datetime": {"datetime": "2022-05-16 21:59:11", "elapsed": 8167.125621, "delta": 13.603615}}
{"target": 4.670202913323592, "params": {"Bgrad": 1.409616426985546, "d1": -1.375534150065457, "d2": -0.14320578292527308, "d3": -2.2609497013499356, "d4": -1.1300218717621662, "p1": 10.599644064547388, "p2": 25.076367963394098, "p3": 44.050612330012925, "p4": 27.66875092245904, "pol1": 0.8930263488650305, "pol2": -0.35592798327159714, "pol3": -0.11322784929634078, "pol4": -0.7227966621368367, "v0s": 4.670202913323592}, "datetime": {"datetime": "2022-05-16 21:59:21", "elapsed": 8176.456664, "delta": 9.331043}}
{"target": -1.0, "params": {"Bgrad": 1.221092115844192, "d1": -1.2393728863120743, "d2": 0.08673250655326381, "d3": -0.006975309812917718, "d4": -2.2259704350559426, "p1": 40.570720126593955, "p2": 26.091473363929712, "p3": 18.913310653625555, "p4": 14.297181984614971, "pol1": -0.1698222184186866, "pol2": 0.09817685262910048, "pol3": 0.5354156754811514, "pol4": 0.2362652798472593, "v0s": 4.1598248476324065}, "datetime": {"datetime": "2022-05-16 21:59:37", "elapsed": 8192.404011, "delta": 15.947347}}
{"target": 4.684770237990802, "params": {"Bgrad": 0.7982035896219953, "d1": -3.0, "d2": -0.06672205814753457, "d3": 0.24278814111032287, "d4": -0.5446845897380929, "p1": 32.89391441748384, "p2": 9.20287338394255, "p3": 7.42060315624865, "p4": 27.057711841575927, "pol1": 1.0, "pol2": -0.4453873176254834, "pol3": -0.09769408779139817, "pol4": -0.368639083646467, "v0s": 4.684770237990802}, "datetime": {"datetime": "2022-05-16 21:59:42", "elapsed": 8197.578172, "delta": 5.174161}}
