{"target": -1.0, "params": {"Bgrad": 1.145988824167297, "d1": 0.875724703683193, "d2": 0.9586769441787211, "d3": -0.9592967620403368, "d4": 0.2159120447278844, "p1": 36.30458455912927, "p2": 14.107108027665099, "p3": 2.6450008160466663, "p4": 30.300171713576113, "pol1": -0.8516570278187601, "pol2": 0.1228045923290979, "pol3": -0.03605290370641434, "pol4": 0.9130967690644618, "v0s": 6.504358666995579}, "datetime": {"datetime": "2022-06-16 00:37:29", "elapsed": 254096.89912, "delta": 17.665783}}
{"target": -1.0, "params": {"Bgrad": 1.243418311832849, "d1": 0.8495759950521684, "d2": -1.7058442759826553, "d3": 0.09816284242217987, "d4": -2.987919460316757, "p1": 39.728702413955844, "p2": 3.7919998472308647, "p3": 14.031981955952627, "p4": 30.915761103472896, "pol1": -0.9454980370381687, "pol2": 0.7815132751379688, "pol3": 0.7757711430942431, "pol4": 0.5366437866921063, "v0s": 6.114906377543397}, "datetime": {"datetime": "2022-06-16 00:37:49", "elapsed": 254116.376062, "delta": 19.476942}}
{"target": -1.0, "params": {"Bgrad": 1.9692187056675503, "d1": -0.21390178923673808, "d2": -1.502026630761995, "d3": 0.5976952655705801, "d4": -0.5754544313773686, "p1": 10.134510645715839, "p2": 0.9910611199860531, "p3": 25.055286654626634, "p4": 41.29646453508315, "pol1": 0.9636755716750409, "pol2": -0.02449465057345135, "pol3": -0.6034960918115624, "pol4": 0.8215891695866135, "v0s": 5.8146166018661525}, "datetime": {"datetime": "2022-06-16 00:38:06", "elapsed": 254133.453416, "delta": 17.077354}}
{"target": -1.0, "params": {"Bgrad": 1.854499999074421, "d1": -2.0130888414914403, "d2": 0.39649345986245343, "d3": -1.3593654959432087, "d4": 0.23801506953637563, "p1": 27.50567628221927, "p2": 24.396205395448163, "p3": 41.634112975113425, "p4": 0.2793664340668467, "pol1": -0.16888607904900743, "pol2": -0.7376667034588429, "pol3": 0.2543829798194932, "pol4": -0.39806524200393034, "v0s": 3.736361089487667}, "datetime": {"datetime": "2022-06-16 00:38:28", "elapsed": 254155.729875, "delta": 22.276459}}
{"target": -1.0, "params": {"Bgrad": 1.7614038101164473, "d1": -2.8012615298960912, "d2": -0.9954156969084753, "d3": -1.608782324151727, "d4": 0.7082434172119725, "p1": 10.548529355859282, "p2": 34.34860310362228, "p3": 31.480359327232353, "p4": 6.402577835503598, "pol1": 0.056551178491540455, "pol2": -0.37999852042779136, "pol3": 0.638172538123881, "pol4": 0.023915866857445067, "v0s": 7.924782959391153}, "datetime": {"datetime": "2022-06-16 00:38:49", "elapsed": 254176.797564, "delta": 21.067689}}
{"target": 2.707945132413188, "params": {"Bgrad": 1.150420115541114, "d1": 0.6897086467411708, "d2": -1.2073498354180106, "d3": -1.9142238354432686, "d4": -1.1724462818318488, "p1": 6.408779635004374, "p2": 13.372817191270137, "p3": 10.277318283036902, "p4": 43.840212933187345, "pol1": 0.2234870161679221, "pol2": -0.6378677454976913, "pol3": 0.5937733117780206, "pol4": -0.37905281691840753, "v0s": 2.707945132413188}, "datetime": {"datetime": "2022-06-16 00:39:01", "elapsed": 254188.454408, "delta": 11.656844}}
{"target": -1.0, "params": {"Bgrad": 1.3266197328825298, "d1": -0.10200507843234252, "d2": -1.3506409989166208, "d3": 0.36741867407429174, "d4": -2.698727545233947, "p1": 42.703030772246905, "p2": 0.5311764650264006, "p3": 23.91945000635974, "p4": 43.66565352392771, "pol1": -0.36826565999848837, "pol2": 0.4665158958750242, "pol3": -0.4438237744224096, "pol4": -0.28356761810850784, "v0s": 3.0295125974920487}, "datetime": {"datetime": "2022-06-16 00:39:27", "elapsed": 254214.479848, "delta": 26.02544}}
{"target": -1.0, "params": {"Bgrad": 1.9988994696155973, "d1": 0.782824996692121, "d2": 0.9442608719888868, "d3": 0.2557138857089827, "d4": -1.6085809450425295, "p1": 32.76786086002696, "p2": 23.930132280166866, "p3": 39.681585738395725, "p4": 43.13076683090252, "pol1": 0.5031036121185688, "pol2": 0.2506977103131769, "pol3": -0.7061110095830163, "pol4": 0.8198368292909051, "v0s": 7.032834557446871}, "datetime": {"datetime": "2022-06-16 00:39:45", "elapsed": 254232.611383, "delta": 18.131535}}
{"target": -1.0, "params": {"Bgrad": 1.1081428538591882, "d1": -0.7642618174142521, "d2": 0.7017238195242617, "d3": 0.22757534448973304, "d4": -2.7538438917702046, "p1": 14.47696566542867, "p2": 18.24632077437556, "p3": 30.36654214730694, "p4": 23.418011823313016, "pol1": -0.5962769400766812, "pol2": 0.8880749088472357, "pol3": -0.5034890622528561, "pol4": -0.9451435082034934, "v0s": 4.626273067300868}, "datetime": {"datetime": "2022-06-16 00:40:05", "elapsed": 254252.911126, "delta": 20.299743}}
{"target": -1.0, "params": {"Bgrad": 0.7557127916899558, "d1": 0.0619446961501291, "d2": -2.3823637183077864, "d3": -2.6344835052567652, "d4": -1.3491151040748504, "p1": 39.533167021273115, "p2": 11.636059786536018, "p3": 22.291918196769856, "p4": 26.213590391539366, "pol1": -0.6838685545832253, "pol2": 0.10109466505788878, "pol3": 0.3490441790269585, "pol4": 0.7235832470584336, "v0s": 2.5557233486442223}, "datetime": {"datetime": "2022-06-16 00:40:33", "elapsed": 254280.238086, "delta": 27.32696}}
{"target": -1.0, "params": {"Bgrad": 1.4704416414787338, "d1": -1.769347609361481, "d2": -2.6999495889451826, "d3": -1.7859602703776472, "d4": -1.5007518445594, "p1": 36.81378710074569, "p2": 12.23629056113132, "p3": 22.923669266718562, "p4": 7.20267923852006, "pol1": 0.7917090293021998, "pol2": -0.49410853395116394, "pol3": -0.5508602137314309, "pol4": 0.9048015836514336, "v0s": 6.43459333714489}, "datetime": {"datetime": "2022-06-16 00:40:57", "elapsed": 254305.050765, "delta": 24.812679}}
{"target": -1.0, "params": {"Bgrad": 1.6262421726985057, "d1": -0.25993268923660473, "d2": -0.890221166870746, "d3": 0.7944690812572159, "d4": -0.3007937008806083, "p1": 14.354953364627255, "p2": 43.175268498018845, "p3": 29.175597539638176, "p4": 23.30566143893984, "pol1": -0.41990876253331266, "pol2": 0.7455361532680265, "pol3": -0.1602225390720029, "pol4": 0.7969757150328864, "v0s": 4.005342511971351}, "datetime": {"datetime": "2022-06-16 00:41:21", "elapsed": 254329.011722, "delta": 23.960957}}
{"target": -1.0, "params": {"Bgrad": 1.6775830820554123, "d1": 0.9441644300228687, "d2": -0.7380650587851232, "d3": -1.6288038451421927, "d4": -0.5667814670143274, "p1": 28.103415790728448, "p2": 46.589876401741535, "p3": 41.85497669506339, "p4": 5.874941874315565, "pol1": -0.569675214953443, "pol2": -0.8340547927676325, "pol3": -0.8841258858577321, "pol4": 0.7889434603342083, "v0s": 4.864960999851144}, "datetime": {"datetime": "2022-06-16 00:41:42", "elapsed": 254349.342382, "delta": 20.33066}}
{"target": -1.0, "params": {"Bgrad": 1.084718807793121, "d1": -2.916783870834131, "d2": 0.966883676426237, "d3": -2.903533671670655, "d4": -1.5962771686670165, "p1": 3.151186148509477, "p2": 42.02810154811382, "p3": 31.62252766700975, "p4": 20.504807631582256, "pol1": -0.14043883072295915, "pol2": -0.5025148294517927, "pol3": -0.9071235812472189, "pol4": 0.7299984042699339, "v0s": 5.903872354370692}, "datetime": {"datetime": "2022-06-16 00:42:03", "elapsed": 254370.331281, "delta": 20.988899}}
{"target": 3.119318688466647, "params": {"Bgrad": 0.5767761529784212, "d1": -1.586102637069906, "d2": 0.9216449630882453, "d3": -2.133834360305032, "d4": -0.21096482259321103, "p1": 18.26854821860585, "p2": 44.063419667072104, "p3": 7.342620609250872, "p4": 23.624957896678634, "pol1": 0.6644848742317178, "pol2": -0.9662717180628806, "pol3": -0.4960446826632192, "pol4": -0.972566142951554, "v0s": 3.119318688466647}, "datetime": {"datetime": "2022-06-16 00:42:14", "elapsed": 254381.532344, "delta": 11.201063}}
{"target": -1.0, "params": {"Bgrad": 1.1633830968613381, "d1": -1.9690587826647068, "d2": -1.1038003921694552, "d3": -0.23350039001991263, "d4": 0.9610145915886945, "p1": 25.78186328234916, "p2": 18.62879785212798, "p3": 11.267897804723914, "p4": 37.89459967273857, "pol1": 0.8015065488191175, "pol2": -0.17738612317381497, "pol3": -0.6215202546370884, "pol4": 0.9368823066847649, "v0s": 6.366541808159552}, "datetime": {"datetime": "2022-06-16 00:42:31", "elapsed": 254398.761293, "delta": 17.228949}}
{"target": -1.0, "params": {"Bgrad": 0.7835327863198828, "d1": -0.29200398130426697, "d2": -1.5868010682004128, "d3": -2.162033939237124, "d4": -0.665408756400601, "p1": 18.102215931759208, "p2": 14.493456949851419, "p3": 15.886982337698042, "p4": 32.243203593068586, "pol1": -0.7121447180097198, "pol2": -0.19132083624235863, "pol3": -0.7581402437047453, "pol4": 0.4643190057878943, "v0s": 2.653919494096455}, "datetime": {"datetime": "2022-06-16 00:42:38", "elapsed": 254405.754601, "delta": 6.993308}}
{"target": -1.0, "params": {"Bgrad": 1.060486432593481, "d1": -0.7589070174702628, "d2": -1.926655734319541, "d3": 0.6897347693096099, "d4": -0.6877605053176272, "p1": 5.850336981110909, "p2": 41.896475547849334, "p3": 36.61674599813116, "p4": 22.111758717035894, "pol1": -0.7779419972125772, "pol2": -0.0984207317932726, "pol3": 0.6085959613496992, "pol4": 0.6071346121950745, "v0s": 4.600159146279535}, "datetime": {"datetime": "2022-06-16 00:42:59", "elapsed": 254427.019763, "delta": 21.265162}}
{"target": -1.0, "params": {"Bgrad": 1.161072966100896, "d1": -1.147849312011246, "d2": 0.43536523615292655, "d3": 0.1437013710534174, "d4": -0.03182401321867134, "p1": 40.31256670085223, "p2": 39.88466465887767, "p3": 14.935257139852338, "p4": 46.03376561578957, "pol1": -0.4740401971945962, "pol2": 0.6827242919228145, "pol3": 0.5771901061723508, "pol4": -0.5261105349092248, "v0s": 6.949410238662345}, "datetime": {"datetime": "2022-06-16 00:43:17", "elapsed": 254444.216798, "delta": 17.197035}}
{"target": -1.0, "params": {"Bgrad": 0.803540453374711, "d1": -2.5012738495242393, "d2": -0.2029906424876078, "d3": -2.6514176816976716, "d4": -2.8394268058453136, "p1": 33.36331766624654, "p2": 31.583235933095793, "p3": 33.070546844232865, "p4": 22.08136947708016, "pol1": -0.9003728495863945, "pol2": 0.58878190493286, "pol3": 0.24610452216458123, "pol4": 0.12831346314431213, "v0s": 7.7291724549964735}, "datetime": {"datetime": "2022-06-16 00:43:32", "elapsed": 254459.378274, "delta": 15.161476}}
{"target": -1.0, "params": {"Bgrad": 0.9469943852119418, "d1": -0.862098488168709, "d2": -2.289625408472298, "d3": -2.2939197363659876, "d4": -0.08371626518557918, "p1": 47.31269913035122, "p2": 37.13781415856822, "p3": 16.702598491253724, "p4": 1.2225098130459355, "pol1": -0.27275264430132173, "pol2": 0.32535175324947496, "pol3": -0.7935286202458114, "pol4": -0.42615851524078985, "v0s": 6.381308313080256}, "datetime": {"datetime": "2022-06-16 00:43:46", "elapsed": 254473.066687, "delta": 13.688413}}
{"target": -1.0, "params": {"Bgrad": 1.502379158954545, "d1": -2.539261608268849, "d2": 0.5480223451563262, "d3": -0.018937078227592163, "d4": -0.4243477266922744, "p1": 2.5826970248350287, "p2": 34.73539757845591, "p3": 3.850275093993533, "p4": 4.837841511110897, "pol1": -0.8703017723073623, "pol2": -0.5094833328522872, "pol3": 0.23478045171742967, "pol4": 0.6170778070298657, "v0s": 3.926723862211139}, "datetime": {"datetime": "2022-06-16 00:44:05", "elapsed": 254492.378071, "delta": 19.311384}}
{"target": -1.0, "params": {"Bgrad": 1.909770036319639, "d1": -0.4324276661191888, "d2": -2.126446881739875, "d3": -1.7238543036751008, "d4": -0.27770803026930224, "p1": 27.36479286706442, "p2": 2.3810327521683714, "p3": 28.031644493976692, "p4": 41.94711339581067, "pol1": 0.9998125689284789, "pol2": -0.6715762184907452, "pol3": 0.8331877988345928, "pol4": 0.9220582258076626, "v0s": 5.380860893991084}, "datetime": {"datetime": "2022-06-16 00:44:21", "elapsed": 254508.648583, "delta": 16.270512}}
{"target": -1.0, "params": {"Bgrad": 0.6865705586219063, "d1": -1.298504772503012, "d2": -2.905053600263556, "d3": -0.3866782016638344, "d4": 0.8142861072669807, "p1": 33.59035708972089, "p2": 16.880205343130616, "p3": 6.665962936275238, "p4": 35.21990310012676, "pol1": -0.6518927607741907, "pol2": -0.7775799004889508, "pol3": -0.3897007320977932, "pol4": -0.8222651265615675, "v0s": 3.4914376141618986}, "datetime": {"datetime": "2022-06-16 00:44:31", "elapsed": 254518.103312, "delta": 9.454729}}
{"target": -1.0, "params": {"Bgrad": 0.9022939668190099, "d1": -2.6330092362433457, "d2": -0.9008545271515409, "d3": 0.5111089611398967, "d4": -2.8200923406817875, "p1": 20.104256525878945, "p2": 14.774527925733627, "p3": 24.780090181705127, "p4": 8.844098763469605, "pol1": 0.02536306439560576, "pol2": -0.9414236864163297, "pol3": 0.9070378604210287, "pol4": -0.8553810842757965, "v0s": 5.821629335869296}, "datetime": {"datetime": "2022-06-16 00:44:52", "elapsed": 254539.852181, "delta": 21.748869}}
{"target": -1.0, "params": {"Bgrad": 1.4492391183339328, "d1": 0.9350410382102075, "d2": -1.909591624726843, "d3": 0.5887413505347752, "d4": -0.017311848840629196, "p1": 10.235087716566477, "p2": 32.440875970450556, "p3": 4.809231622509596, "p4": 10.93041640490296, "pol1": -0.9165930527592339, "pol2": 0.7266105060928691, "pol3": -0.6438124304085675, "pol4": 0.5839447996321672, "v0s": 7.213116980268789}, "datetime": {"datetime": "2022-06-16 00:45:13", "elapsed": 254560.418211, "delta": 20.56603}}
{"target": -1.0, "params": {"Bgrad": 1.5607456459168065, "d1": -1.1803046150745722, "d2": -1.3491272798192218, "d3": -0.4936130203201903, "d4": -1.7624209367484238, "p1": 17.12862206135668, "p2": 44.10044312982528, "p3": 3.9633855304267773, "p4": 21.196695028453384, "pol1": 0.9248942883955849, "pol2": -0.862069158844847, "pol3": -0.4106511988382884, "pol4": 0.7691831734501113, "v0s": 5.432724917979314}, "datetime": {"datetime": "2022-06-16 00:45:30", "elapsed": 254577.583332, "delta": 17.165121}}
{"target": -1.0, "params": {"Bgrad": 0.5658186611685141, "d1": -1.2399328852970344, "d2": -2.0466440747628813, "d3": -2.2749235279705102, "d4": -0.9136153813428605, "p1": 19.23274297566362, "p2": 48.974651843371376, "p3": 49.90202609214868, "p4": 38.72948355845398, "pol1": -0.2347900911344969, "pol2": -0.7243787405242708, "pol3": -0.7156954222148368, "pol4": -0.8526002023984023, "v0s": 7.657487485305086}, "datetime": {"datetime": "2022-06-16 00:45:40", "elapsed": 254587.779081, "delta": 10.195749}}
{"target": -1.0, "params": {"Bgrad": 0.7839251652957393, "d1": -0.3616256434686296, "d2": -2.1417668115255917, "d3": -2.8371896008439914, "d4": 0.4484037832112313, "p1": 45.66967968070218, "p2": 29.480758940111702, "p3": 27.979991125554054, "p4": 20.65814071845937, "pol1": 0.2537610585238148, "pol2": -0.29520436868076594, "pol3": 0.7249678545172074, "pol4": -0.6997671674136015, "v0s": 2.179451518040273}, "datetime": {"datetime": "2022-06-16 00:45:57", "elapsed": 254604.989082, "delta": 17.210001}}
{"target": -1.0, "params": {"Bgrad": 1.4291432493391332, "d1": -0.07490991180110163, "d2": 0.09878733737332013, "d3": -0.37180503348412985, "d4": 0.8894385025091713, "p1": 27.728529896754782, "p2": 9.451003766672923, "p3": 44.64619117152521, "p4": 17.85253159759488, "pol1": -0.8008450812629286, "pol2": -0.366677942865552, "pol3": -0.1920879228812704, "pol4": -0.32769560878294324, "v0s": 4.437663077427235}, "datetime": {"datetime": "2022-06-16 00:46:15", "elapsed": 254622.499279, "delta": 17.510197}}
{"target": -1.0, "params": {"Bgrad": 1.9877477053735337, "d1": -0.2013773848210767, "d2": 0.2345092472502932, "d3": 0.370161364618538, "d4": 0.3876057851247485, "p1": 30.31383081427658, "p2": 31.315407983919762, "p3": 27.72245303584764, "p4": 11.662341817023819, "pol1": -0.4339948604665229, "pol2": 0.9067667012523606, "pol3": 0.7524902723615112, "pol4": -0.2292989058251118, "v0s": 4.380707109871964}, "datetime": {"datetime": "2022-06-16 00:46:32", "elapsed": 254639.591594, "delta": 17.092315}}
{"target": -1.0, "params": {"Bgrad": 0.5634089788387939, "d1": -0.09238360220825026, "d2": -0.48979923884318044, "d3": -1.3429142920193793, "d4": 0.683377657695416, "p1": 14.390759980535423, "p2": 38.47808131152482, "p3": 49.84271783977018, "p4": 44.204748997204, "pol1": 0.9572257609688548, "pol2": 0.43079441193983725, "pol3": -0.19156599310739186, "pol4": -0.1365921973268669, "v0s": 6.420127132899543}, "datetime": {"datetime": "2022-06-16 00:46:43", "elapsed": 254650.947242, "delta": 11.355648}}
{"target": 4.115506562981778, "params": {"Bgrad": 1.5388781938109874, "d1": -1.849966096801554, "d2": -0.38770453954988726, "d3": -0.8389780150265369, "d4": -2.2702621227905477, "p1": 20.51052622745257, "p2": 38.61634120875201, "p3": 19.730262501246408, "p4": 29.402439734130258, "pol1": -0.06777927048304999, "pol2": 0.12752493010984312, "pol3": -0.6727123044514718, "pol4": 0.6409348156138346, "v0s": 4.115506562981778}, "datetime": {"datetime": "2022-06-16 00:46:55", "elapsed": 254662.407611, "delta": 11.460369}}
{"target": -1.0, "params": {"Bgrad": 0.9898242576293289, "d1": -0.13457767677004862, "d2": -0.20707568069431304, "d3": -2.1565873386622685, "d4": -2.859019088105153, "p1": 31.937744521994738, "p2": 28.416524921372734, "p3": 23.626892105996745, "p4": 0.9892827807828131, "pol1": 0.6649086213085833, "pol2": -0.8485545379541319, "pol3": 0.5397380856118734, "pol4": 0.2908283991137819, "v0s": 6.00021765558898}, "datetime": {"datetime": "2022-06-16 00:47:14", "elapsed": 254681.682093, "delta": 19.274482}}
{"target": 3.2673767141948993, "params": {"Bgrad": 0.971175164315694, "d1": -2.2100050818351598, "d2": 0.6512788863858234, "d3": -2.567035479646432, "d4": -0.8195376653837734, "p1": 11.403826739064582, "p2": 11.832813806382836, "p3": 28.458817849201946, "p4": 46.043636189365415, "pol1": -0.5985201013438701, "pol2": 0.271088256723665, "pol3": 0.9348402820393642, "pol4": -0.41124413264467896, "v0s": 3.2673767141948993}, "datetime": {"datetime": "2022-06-16 00:47:25", "elapsed": 254692.440338, "delta": 10.758245}}
{"target": -1.0, "params": {"Bgrad": 1.818609648619294, "d1": -2.955892137061653, "d2": -0.41352833678401657, "d3": -2.42104078676427, "d4": -0.6547932990900112, "p1": 10.174143122407047, "p2": 27.267032315246002, "p3": 11.427702456259764, "p4": 7.668430130040593, "pol1": 0.1436328195263783, "pol2": -0.2810154933690798, "pol3": 0.35764544122701536, "pol4": -0.36936446645279974, "v0s": 7.4323477518212915}, "datetime": {"datetime": "2022-06-16 00:47:45", "elapsed": 254712.83383, "delta": 20.393492}}
{"target": -1.0, "params": {"Bgrad": 1.5192368264759, "d1": -0.5596869103781845, "d2": -0.769266329131459, "d3": -1.6563519449873874, "d4": 0.16742531497676838, "p1": 30.306063653274023, "p2": 2.5903212699085576, "p3": 23.93798697058988, "p4": 14.518293280295907, "pol1": 0.6079427745366504, "pol2": -0.35201514182415106, "pol3": -0.4914494609417537, "pol4": -0.05043211141109527, "v0s": 7.941855612377661}, "datetime": {"datetime": "2022-06-16 00:48:03", "elapsed": 254731.044158, "delta": 18.210328}}
{"target": -1.0, "params": {"Bgrad": 1.9888776651587476, "d1": -1.344115895392187, "d2": -0.8889474355138671, "d3": -1.6856763590025432, "d4": -2.4617867134159566, "p1": 9.231909613989925, "p2": 29.9430803595011, "p3": 7.1316932568195215, "p4": 46.864017958101776, "pol1": 0.05388000157504802, "pol2": 0.17493471034580277, "pol3": 0.20891500864436474, "pol4": 0.9401823137711849, "v0s": 6.638480314361841}, "datetime": {"datetime": "2022-06-16 00:48:21", "elapsed": 254748.848569, "delta": 17.804411}}
{"target": -1.0, "params": {"Bgrad": 0.8794324839611014, "d1": -1.3288513140334004, "d2": -0.7829907766851556, "d3": -0.41464377957566967, "d4": 0.9565197712342539, "p1": 28.044798059197035, "p2": 5.440216290712662, "p3": 35.978383148461674, "p4": 14.03465554869151, "pol1": -0.8494719507349544, "pol2": 0.1208474446433585, "pol3": -0.2848188562666034, "pol4": -0.9292944933796912, "v0s": 2.35686228142829}, "datetime": {"datetime": "2022-06-16 00:48:33", "elapsed": 254760.413657, "delta": 11.565088}}
{"target": -1.0, "params": {"Bgrad": 1.2793773322354771, "d1": 0.2363992204252865, "d2": -1.2480717713444927, "d3": -1.728501436951134, "d4": -0.43329023308081016, "p1": 6.353045613142999, "p2": 18.60723228515202, "p3": 34.42805783730758, "p4": 21.52203330892127, "pol1": -0.6827009430120716, "pol2": -0.6069249408563777, "pol3": -0.6599860893214937, "pol4": 0.27754470983026835, "v0s": 4.706284044388569}, "datetime": {"datetime": "2022-06-16 00:48:54", "elapsed": 254782.001955, "delta": 21.588298}}
{"target": -1.0, "params": {"Bgrad": 0.6470308235096208, "d1": -1.0474344305783752, "d2": -2.227652482840911, "d3": -0.59109980390076, "d4": -0.8707154511772472, "p1": 9.563615752642324, "p2": 14.824886828735446, "p3": 6.6100341146092925, "p4": 2.0493903103154687, "pol1": 0.09149526602754499, "pol2": -0.4166493652417804, "pol3": -0.8238994327917362, "pol4": -0.8745537675224972, "v0s": 3.2924788470847792}, "datetime": {"datetime": "2022-06-16 00:49:12", "elapsed": 254799.569002, "delta": 17.567047}}
{"target": -1.0, "params": {"Bgrad": 1.9310005957018737, "d1": -2.37763331701941, "d2": -1.0193083150654871, "d3": -0.7718838792619764, "d4": 0.5963404198064013, "p1": 46.09412140967428, "p2": 35.53661600946681, "p3": 2.7131997541173902, "p4": 43.40059589642838, "pol1": 0.4694986578046849, "pol2": -0.03171366605603532, "pol3": -0.6405540401440661, "pol4": 0.2215017138405928, "v0s": 7.281945478393378}, "datetime": {"datetime": "2022-06-16 00:49:30", "elapsed": 254818.028662, "delta": 18.45966}}
{"target": -1.0, "params": {"Bgrad": 0.7800771077625751, "d1": -0.5779699370180187, "d2": -0.08680413695486378, "d3": 0.8162865974216396, "d4": -0.39892784075182774, "p1": 30.434085937957516, "p2": 49.67515582317285, "p3": 44.28350337185898, "p4": 43.849689783803825, "pol1": 0.7597410155097197, "pol2": 0.5779214935136376, "pol3": 0.7310624906355383, "pol4": -0.014404788332130325, "v0s": 4.2573406369430815}, "datetime": {"datetime": "2022-06-16 00:49:42", "elapsed": 254829.725399, "delta": 11.696737}}
