{"target": -1.0, "params": {"Bgrad": 1.7226347218230702, "d1": -1.2307943244974786, "d2": -2.2126311965120995, "d3": -1.4923063219299948, "d4": -1.8409154529477987, "p1": 33.83532602313877, "p2": 25.796216007451566, "p3": 33.79286959954169, "p4": 13.656490257301668, "pol1": 0.5570951364188148, "pol2": 0.5079645953431253, "pol3": 0.9503741629466083, "pol4": 0.1269941660417464, "v0s": 3.797661559485653}, "datetime": {"datetime": "2021-11-26 15:28:18", "elapsed": 1049.767446, "delta": 12.999025}}
{"target": -1.0, "params": {"Bgrad": 1.4334806487681, "d1": -2.0903252187718113, "d2": -0.035750190674585625, "d3": -1.5688906323065286, "d4": -1.781592470063424, "p1": 4.6984178456287, "p2": 19.90037157661353, "p3": 4.089349569051581, "p4": 36.24333310944027, "pol1": 0.9680795092614805, "pol2": 0.3571026384344538, "pol3": 0.2892289327347697, "pol4": -0.5966095104389004, "v0s": 2.6893091484363056}, "datetime": {"datetime": "2021-11-26 15:28:21", "elapsed": 1052.715506, "delta": 2.94806}}
{"target": -1.0, "params": {"Bgrad": 0.9485666510849813, "d1": -0.728823930114368, "d2": -2.902502128808375, "d3": -2.838964638997166, "d4": 0.30820831917773495, "p1": 36.72022839127349, "p2": 8.262099581252647, "p3": 30.92818909403378, "p4": 7.667561299537034, "pol1": 0.1555613824241726, "pol2": -0.6155844777973511, "pol3": 0.7946391371162274, "pol4": 0.42158050001459424, "v0s": 7.5555151046361155}, "datetime": {"datetime": "2021-11-26 15:28:31", "elapsed": 1062.412372, "delta": 9.696866}}
{"target": -1.0, "params": {"Bgrad": 1.568202158419357, "d1": -0.6951121405780087, "d2": -0.23897178448684242, "d3": 0.4741091374364701, "d4": -1.0403246669525332, "p1": 5.7120335473367145, "p2": 0.8261863391972102, "p3": 40.60447743203456, "p4": 46.00836346359543, "pol1": -0.5114548840544701, "pol2": 0.20078318277867968, "pol3": 0.7277968844327336, "pol4": 0.5531523931826616, "v0s": 3.8821386671718026}, "datetime": {"datetime": "2021-11-26 15:28:45", "elapsed": 1076.363479, "delta": 13.951107}}
{"target": -1.0, "params": {"Bgrad": 0.933244552218888, "d1": -1.7370945941894536, "d2": -2.041104044127689, "d3": -1.1860913569260294, "d4": -1.8571688904514487, "p1": 2.695204711976773, "p2": 38.92864922111695, "p3": 33.0511591724328, "p4": 42.36990961976746, "pol1": 0.7240564577943385, "pol2": -0.48562606830718447, "pol3": -0.6943211735598458, "pol4": -0.13234102717613072, "v0s": 6.632929476119266}, "datetime": {"datetime": "2021-11-26 15:28:59", "elapsed": 1090.096706, "delta": 13.733227}}
{"target": -1.0, "params": {"Bgrad": 1.9062145015339396, "d1": -0.9766405737195125, "d2": -2.350646629153816, "d3": 0.9922114495222614, "d4": 0.7866899413114918, "p1": 1.9715036400630048, "p2": 1.555717632854614, "p3": 9.231095035063364, "p4": 7.62262416011858, "pol1": -0.22618960993794723, "pol2": 0.6103607650819121, "pol3": -0.31912836187697313, "pol4": 0.31489294039932814, "v0s": 3.1100052399917884}, "datetime": {"datetime": "2021-11-26 15:29:12", "elapsed": 1103.426772, "delta": 13.330066}}
{"target": -1.0, "params": {"Bgrad": 0.5754970341240193, "d1": -1.7758482481733147, "d2": -2.441316127767461, "d3": -1.8302836594317564, "d4": -0.5460013429344155, "p1": 49.001776194673795, "p2": 38.91234527999476, "p3": 37.41608276428304, "p4": 42.344336454382635, "pol1": 0.03574887628558754, "pol2": 0.014125823593434506, "pol3": 0.6668499505625742, "pol4": 0.14403130975715706, "v0s": 4.220729609629437}, "datetime": {"datetime": "2021-11-26 15:29:22", "elapsed": 1113.287542, "delta": 9.86077}}
{"target": -1.0, "params": {"Bgrad": 0.43739298267003557, "d1": -0.4465284971597385, "d2": -1.6548101078522337, "d3": -0.9879533902883337, "d4": -1.2272576730503078, "p1": 5.375334751639288, "p2": 46.65477546837151, "p3": 25.671489977955307, "p4": 44.32918775040105, "pol1": -0.8281095556915476, "pol2": 0.9657613625778945, "pol3": 0.03125819047011302, "pol4": 0.8414555797503018, "v0s": 5.191430144289825}, "datetime": {"datetime": "2021-11-26 15:29:30", "elapsed": 1121.061902, "delta": 7.77436}}
{"target": -1.0, "params": {"Bgrad": 1.7918513033729988, "d1": 0.9285968429982905, "d2": -0.8834272369912259, "d3": -1.9723744649986692, "d4": 0.9936175048565925, "p1": 28.467959030224094, "p2": 16.494438532223306, "p3": 40.9596619261236, "p4": 39.953384141764346, "pol1": -0.2974025841885213, "pol2": 0.043499026158403176, "pol3": 0.031211889957948324, "pol4": -0.05448401023546001, "v0s": 4.378209058853102}, "datetime": {"datetime": "2021-11-26 15:29:47", "elapsed": 1138.452931, "delta": 17.391029}}
{"target": -1.0, "params": {"Bgrad": 0.6385689549233798, "d1": -2.3650117075005026, "d2": -1.1385397300466802, "d3": -2.874012490145427, "d4": 0.5484125125983756, "p1": 27.61539364620103, "p2": 43.63407710258114, "p3": 44.77251438541905, "p4": 16.193820079724237, "pol1": 0.333467344315294, "pol2": 0.5682218985585723, "pol3": 0.460389683629818, "pol4": 0.18230736823585403, "v0s": 2.22393213701263}, "datetime": {"datetime": "2021-11-26 15:29:59", "elapsed": 1150.836563, "delta": 12.383632}}
{"target": -1.0, "params": {"Bgrad": 0.9478079351180042, "d1": -1.7302899974505501, "d2": -2.0379302382905644, "d3": -2.765261295938879, "d4": -0.28889417181517807, "p1": 29.373845911249713, "p2": 47.68208208688533, "p3": 1.861892113413277, "p4": 49.71183521151728, "pol1": -0.4443626511616232, "pol2": 0.8114435104281723, "pol3": -0.27923577820229406, "pol4": 0.7698078089063298, "v0s": 3.7949423549494776}, "datetime": {"datetime": "2021-11-26 15:30:15", "elapsed": 1166.709705, "delta": 15.873142}}
{"target": -1.0, "params": {"Bgrad": 1.314213059149784, "d1": 0.29351714887171676, "d2": 0.8475015172791571, "d3": 0.33544436766177066, "d4": 0.04115525000065734, "p1": 5.502612470114893, "p2": 9.83902269946645, "p3": 40.93079775985179, "p4": 23.964673666292963, "pol1": -0.8735970743200496, "pol2": 0.7208973359634441, "pol3": -0.7959640067767908, "pol4": 0.5193101215412055, "v0s": 6.564312466665459}, "datetime": {"datetime": "2021-11-26 15:30:35", "elapsed": 1186.533438, "delta": 19.823733}}
{"target": -1.0, "params": {"Bgrad": 0.5632326271477089, "d1": 0.5606083169460634, "d2": -1.601514670063286, "d3": 0.1734473791169755, "d4": 0.0810173627192432, "p1": 9.625302686594106, "p2": 38.259915847002155, "p3": 15.957658001587422, "p4": 39.236039286596814, "pol1": 0.6863748054214827, "pol2": -0.07664364850730565, "pol3": 0.9158768470604015, "pol4": 0.6754147125922065, "v0s": 3.1848928724543244}, "datetime": {"datetime": "2021-11-26 15:30:50", "elapsed": 1201.701335, "delta": 15.167897}}
{"target": -1.0, "params": {"Bgrad": 1.6821325191553684, "d1": -1.3262288525891233, "d2": -2.862553457446704, "d3": -0.1896392023912452, "d4": -1.9821071934806214, "p1": 33.76571034455908, "p2": 45.911130815148965, "p3": 15.660262426448273, "p4": 6.552465839556554, "pol1": -0.3274060941231389, "pol2": -0.663582238451512, "pol3": -0.30943830774370196, "pol4": 0.7194282323835548, "v0s": 3.7282849795794233}, "datetime": {"datetime": "2021-11-26 15:31:03", "elapsed": 1214.604316, "delta": 12.902981}}
{"target": 2.2429703323728236, "params": {"Bgrad": 1.4756871059781256, "d1": -1.244025283853666, "d2": -1.8369444914558457, "d3": 0.24085220888266567, "d4": 0.18011907518192372, "p1": 10.040024677270342, "p2": 24.188728646502017, "p3": 13.295098268743178, "p4": 12.889986431316169, "pol1": 0.07606993074345159, "pol2": -0.7313556169405715, "pol3": 0.11245578597641614, "pol4": 0.4028253131008097, "v0s": 2.2429703323728236}, "datetime": {"datetime": "2021-11-26 15:31:13", "elapsed": 1224.631795, "delta": 10.027479}}
{"target": 3.2347577757534944, "params": {"Bgrad": 0.43417709070981414, "d1": 0.06966052968365899, "d2": -1.2356677533267795, "d3": -0.8825217624768267, "d4": -1.5233482223299069, "p1": 28.15849601764065, "p2": 11.65980632109585, "p3": 14.4459536426295, "p4": 4.894705876028111, "pol1": -0.39845658616605073, "pol2": -0.5708387991876669, "pol3": 0.3902875248330475, "pol4": -0.28679024136180686, "v0s": 3.2347577757534944}, "datetime": {"datetime": "2021-11-26 15:31:21", "elapsed": 1232.67048, "delta": 8.038685}}
{"target": -1.0, "params": {"Bgrad": 0.679199206683534, "d1": -0.04379838476462927, "d2": -0.003052280629145976, "d3": -2.442453088258794, "d4": 0.5138923779122244, "p1": 10.083419877526833, "p2": 37.90961476360807, "p3": 24.252798760400285, "p4": 23.14191712595904, "pol1": 0.4453889257185619, "pol2": -0.38724479322200933, "pol3": -0.0003429246411457143, "pol4": -0.2825913881091697, "v0s": 3.189187505733466}, "datetime": {"datetime": "2021-11-26 15:31:35", "elapsed": 1246.369722, "delta": 13.699242}}
{"target": -1.0, "params": {"Bgrad": 0.18968490320347792, "d1": -1.467079882503251, "d2": -0.5696527887356555, "d3": -2.9440008027726114, "d4": -0.8991953531905472, "p1": 1.2140833275405882, "p2": 42.10008346572175, "p3": 18.29839772133688, "p4": 44.24768369103979, "pol1": 0.8898294306847003, "pol2": 0.6844863895912701, "pol3": 0.814260001745462, "pol4": -0.9674040820676109, "v0s": 6.094479485340403}, "datetime": {"datetime": "2021-11-26 15:31:40", "elapsed": 1251.233102, "delta": 4.86338}}
{"target": -1.0, "params": {"Bgrad": 0.38746484206088916, "d1": 0.9696061298334393, "d2": -0.47453529492052615, "d3": -0.32768245971082743, "d4": -0.18535598436295553, "p1": 22.26773129466006, "p2": 31.376385075593866, "p3": 4.953364862905668, "p4": 14.859571408947614, "pol1": 0.9275158782463215, "pol2": -0.514956560759041, "pol3": -0.1071489668849217, "pol4": 0.1932535322929505, "v0s": 6.437465124949919}, "datetime": {"datetime": "2021-11-26 15:31:49", "elapsed": 1260.104078, "delta": 8.870976}}
{"target": -1.0, "params": {"Bgrad": 1.1882735578414163, "d1": -0.7334240330091277, "d2": 0.7438633347139447, "d3": -0.18981242479730476, "d4": -1.3022338331810794, "p1": 39.38065915075692, "p2": 27.98335485470753, "p3": 18.125930727997343, "p4": 37.94535776857271, "pol1": -0.6429233520369035, "pol2": -0.8174587578805654, "pol3": 0.3022164744017435, "pol4": 0.4393174693656945, "v0s": 7.336039304889914}, "datetime": {"datetime": "2021-11-26 15:32:06", "elapsed": 1277.572086, "delta": 17.468008}}
{"target": -1.0, "params": {"Bgrad": 1.0555792635128063, "d1": -1.738077551660811, "d2": -1.5439006503771848, "d3": 0.896109208667144, "d4": 0.5543222721877927, "p1": 14.708028371879534, "p2": 12.41789519201973, "p3": 12.760512875637946, "p4": 45.316378196048234, "pol1": 0.9592154450176855, "pol2": 0.5423934362833243, "pol3": 0.10545402707240048, "pol4": -0.4040580198067827, "v0s": 7.785849162135945}, "datetime": {"datetime": "2021-11-26 15:32:20", "elapsed": 1291.078693, "delta": 13.506607}}
{"target": -1.0, "params": {"Bgrad": 1.4863423005055012, "d1": 0.5232317167147165, "d2": 0.7695895696211474, "d3": -0.8429448485368796, "d4": -1.2191263302347384, "p1": 0.6516268573761197, "p2": 34.29783752473347, "p3": 40.289230078250235, "p4": 34.07257929084297, "pol1": -0.9858091366280042, "pol2": 0.19532904033366338, "pol3": 0.44200783686359646, "pol4": -0.4050538027357309, "v0s": 6.08112421652973}, "datetime": {"datetime": "2021-11-26 15:32:33", "elapsed": 1304.667642, "delta": 13.588949}}
{"target": -1.0, "params": {"Bgrad": 0.6619294318709422, "d1": -0.7395862338146997, "d2": 0.9282917864812403, "d3": -0.5255610848593806, "d4": 0.9510641624761269, "p1": 45.43282039036475, "p2": 39.53634728459187, "p3": 45.341274538339874, "p4": 15.605116495580956, "pol1": -0.3301752104604909, "pol2": -0.5241901697238287, "pol3": -0.38861882357476696, "pol4": 0.7455077687409446, "v0s": 7.514539796424802}, "datetime": {"datetime": "2021-11-26 15:32:44", "elapsed": 1315.350436, "delta": 10.682794}}
{"target": 2.1997297228332293, "params": {"Bgrad": 1.3462168757694692, "d1": -2.804656531455894, "d2": 0.9582942212486749, "d3": -0.20897116630822543, "d4": -1.2556707160955969, "p1": 42.95703318903757, "p2": 14.084904271343458, "p3": 3.463183703919243, "p4": 34.65776190145136, "pol1": 0.07567197589611796, "pol2": -0.9643451925359849, "pol3": 0.820937238353175, "pol4": -0.4964079491437039, "v0s": 2.1997297228332293}, "datetime": {"datetime": "2021-11-26 15:32:56", "elapsed": 1326.965328, "delta": 11.614892}}
{"target": 2.027602018022499, "params": {"Bgrad": 1.9151845867663606, "d1": -2.2905840483268456, "d2": -1.7171134777700408, "d3": -1.7055871843432637, "d4": -2.530807271182503, "p1": 31.682728944295263, "p2": 37.830958641540654, "p3": 21.204386241013097, "p4": 9.738439612895766, "pol1": -0.5153230140450573, "pol2": 0.21285133195326256, "pol3": -0.3122384912026279, "pol4": 0.27141236832620774, "v0s": 2.027602018022499}, "datetime": {"datetime": "2021-11-26 15:33:02", "elapsed": 1333.456252, "delta": 6.490924}}
{"target": 4.115602478948887, "params": {"Bgrad": 0.34489515283692196, "d1": -1.4754763070245733, "d2": 0.349119006163189, "d3": -1.171600883907817, "d4": -2.446862087618565, "p1": 45.97494347230955, "p2": 34.485450526598996, "p3": 39.33916084120095, "p4": 4.165483157694888, "pol1": 0.8583868615084937, "pol2": 0.0786613291791034, "pol3": -0.903693075696089, "pol4": 0.4284322956215669, "v0s": 4.115602478948887}, "datetime": {"datetime": "2021-11-26 15:33:09", "elapsed": 1340.484233, "delta": 7.027981}}
{"target": 2.235957552715151, "params": {"Bgrad": 1.827694727750767, "d1": 0.18784725979514993, "d2": -1.8095887389913359, "d3": -1.794059138515384, "d4": -2.350323638630124, "p1": 2.529176082329304, "p2": 31.269458356051544, "p3": 25.36083442598585, "p4": 21.508285120133653, "pol1": -0.5135029727963714, "pol2": 0.8583863997271037, "pol3": -0.3917682897199797, "pol4": 0.27979927086238865, "v0s": 2.235957552715151}, "datetime": {"datetime": "2021-11-26 15:33:24", "elapsed": 1355.319933, "delta": 14.8357}}
{"target": -1.0, "params": {"Bgrad": 0.4506104994487691, "d1": -1.0651093381365548, "d2": -2.10950221079892, "d3": -0.35916981734691733, "d4": -1.9663830024223632, "p1": 41.66076665947016, "p2": 40.933382862759686, "p3": 9.966609021836293, "p4": 16.55137368680002, "pol1": 0.6010224917603721, "pol2": 0.30591407170228546, "pol3": 0.020857639531167482, "pol4": -0.8358905935985959, "v0s": 6.223750075801257}, "datetime": {"datetime": "2021-11-26 15:33:30", "elapsed": 1361.460128, "delta": 6.140195}}
{"target": -1.0, "params": {"Bgrad": 0.6695023476103531, "d1": -1.557111250843556, "d2": 0.9545044389449107, "d3": -2.1257824281333844, "d4": 0.2801063090587337, "p1": 44.33190993993023, "p2": 14.882570542730928, "p3": 39.38650259841003, "p4": 33.33470169169242, "pol1": -0.12603221464788228, "pol2": -0.9051261778471873, "pol3": 0.06882102057709938, "pol4": -0.32177129796453463, "v0s": 2.7123626030589563}, "datetime": {"datetime": "2021-11-26 15:33:42", "elapsed": 1373.513006, "delta": 12.052878}}
{"target": -1.0, "params": {"Bgrad": 1.2722476787154526, "d1": 0.48865900487178315, "d2": -0.03283712101107161, "d3": -1.3512517264453403, "d4": -1.099585474847875, "p1": 15.853157791439443, "p2": 5.671060686126711, "p3": 12.049808141582524, "p4": 22.608551819293766, "pol1": -0.6376006967794416, "pol2": -0.1010052492334883, "pol3": 0.15165724247265988, "pol4": 0.47055174989748516, "v0s": 3.667774413960843}, "datetime": {"datetime": "2021-11-26 15:34:02", "elapsed": 1392.910453, "delta": 19.397447}}
{"target": -1.0, "params": {"Bgrad": 1.775859428179126, "d1": 0.7296240622693584, "d2": -1.0637711917546513, "d3": 0.2119043482830616, "d4": 0.5380389268981638, "p1": 25.403616148724655, "p2": 10.157161744612548, "p3": 21.356160357576336, "p4": 28.960252966419837, "pol1": 0.4357750068280817, "pol2": -0.11669138366925336, "pol3": 0.8025862877385013, "pol4": -0.4396262157099031, "v0s": 6.249825357651023}, "datetime": {"datetime": "2021-11-26 15:34:17", "elapsed": 1408.628159, "delta": 15.717706}}
{"target": 5.761614983061673, "params": {"Bgrad": 0.29771742702215687, "d1": -2.342005526929945, "d2": -0.6475705326556596, "d3": -2.1289507330733537, "d4": -0.16476307816457147, "p1": 16.478373418476938, "p2": 4.970983929588368, "p3": 40.023817831203324, "p4": 33.08779896059957, "pol1": -0.04335662246115479, "pol2": 0.3366592462685245, "pol3": 0.8740834907465769, "pol4": 0.19361922677925247, "v0s": 5.761614983061673}, "datetime": {"datetime": "2021-11-26 15:34:24", "elapsed": 1415.114346, "delta": 6.486187}}
{"target": -1.0, "params": {"Bgrad": 0.9664800951591522, "d1": -1.8166744670327502, "d2": -2.3590008486488165, "d3": -0.8136166147430397, "d4": -1.9889649230123378, "p1": 25.406291229537015, "p2": 47.03887498244236, "p3": 26.045310884606632, "p4": 42.27837386314008, "pol1": -0.37022787598071005, "pol2": -0.1903062164299827, "pol3": -0.4454122461360852, "pol4": 0.49904841107668774, "v0s": 2.124655966875121}, "datetime": {"datetime": "2021-11-26 15:34:29", "elapsed": 1420.88333, "delta": 5.768984}}
{"target": -1.0, "params": {"Bgrad": 0.30126891224586083, "d1": 0.39803928350196305, "d2": -0.6601646258128882, "d3": -1.2658250450134445, "d4": 0.42717745129145657, "p1": 26.197339531693654, "p2": 16.811013039337368, "p3": 0.27547231406957473, "p4": 11.062109214654292, "pol1": 0.4021300446916205, "pol2": -0.12081987484293011, "pol3": 0.8763034457771928, "pol4": 0.30133536119521454, "v0s": 4.062552169921608}, "datetime": {"datetime": "2021-11-26 15:34:39", "elapsed": 1430.687064, "delta": 9.803734}}
{"target": -1.0, "params": {"Bgrad": 1.3939946382734782, "d1": -0.7702934249034485, "d2": -1.658393929914462, "d3": -1.5230709708885866, "d4": -1.3340565110621578, "p1": 40.781309173803926, "p2": 19.07333623491287, "p3": 10.543868169032361, "p4": 28.184252788682457, "pol1": 0.4341064347259336, "pol2": 0.01754721330702269, "pol3": -0.5057964536171002, "pol4": 0.8745176324353192, "v0s": 7.619443749176579}, "datetime": {"datetime": "2021-11-26 15:34:55", "elapsed": 1446.576757, "delta": 15.889693}}
{"target": -1.0, "params": {"Bgrad": 1.3935735126277224, "d1": -1.1630375073552481, "d2": 0.6765108997418809, "d3": -0.1076818528410004, "d4": -0.8627122322124485, "p1": 2.212618943922723, "p2": 46.36603213968245, "p3": 48.03999481995213, "p4": 41.866763051036955, "pol1": 0.41357087055399244, "pol2": -0.09392081746454095, "pol3": -0.4415289453048441, "pol4": 0.09815528851873312, "v0s": 6.115301282963116}, "datetime": {"datetime": "2021-11-26 15:35:10", "elapsed": 1461.38791, "delta": 14.811153}}
{"target": -1.0, "params": {"Bgrad": 0.15595904086946197, "d1": -1.5276617082708142, "d2": -1.9693066807184194, "d3": -2.580326287095949, "d4": 0.02607330489779036, "p1": 17.70386000962516, "p2": 30.62056869547593, "p3": 30.81395990300251, "p4": 47.185471720391796, "pol1": -0.5586136724108244, "pol2": -0.44475000548893884, "pol3": -0.3680511287295909, "pol4": -0.5554898773728632, "v0s": 6.353346311874418}, "datetime": {"datetime": "2021-11-26 15:35:15", "elapsed": 1466.425866, "delta": 5.037956}}
{"target": -1.0, "params": {"Bgrad": 0.6007303785387593, "d1": -2.8461005916852256, "d2": -1.7163998486188174, "d3": -1.0580256931096694, "d4": -2.8147091724621345, "p1": 2.0768461802418092, "p2": 18.29752757252827, "p3": 41.0832804672395, "p4": 41.97301402483837, "pol1": 0.647982584590812, "pol2": -0.4947469168222005, "pol3": -0.9261384094683935, "pol4": 0.7992038948078597, "v0s": 2.130798713685588}, "datetime": {"datetime": "2021-11-26 15:35:23", "elapsed": 1474.18738, "delta": 7.761514}}
{"target": -1.0, "params": {"Bgrad": 1.7620183550225788, "d1": 0.902757248447493, "d2": -1.555572908059537, "d3": 0.8942789336324237, "d4": 0.3724583698901105, "p1": 19.466918481619295, "p2": 36.58766042509335, "p3": 26.65610028204463, "p4": 16.833303198818978, "pol1": 0.2004476017346284, "pol2": 0.06823685711738059, "pol3": -0.5686980981459895, "pol4": -0.4104394668712903, "v0s": 6.563598385993743}, "datetime": {"datetime": "2021-11-26 15:35:49", "elapsed": 1500.108916, "delta": 25.921536}}
{"target": 2.6334515614684118, "params": {"Bgrad": 0.29120677216527113, "d1": -1.8612295921602082, "d2": -0.9272857420006697, "d3": -0.18988650986941202, "d4": 0.8177181044100639, "p1": 10.813479436756374, "p2": 47.30664689426231, "p3": 4.90703607931256, "p4": 30.346369968776187, "pol1": 0.4508950940291272, "pol2": 0.7460498084077183, "pol3": -0.4931574954393405, "pol4": -0.13833713579020457, "v0s": 2.6334515614684118}, "datetime": {"datetime": "2021-11-26 15:35:54", "elapsed": 1504.914872, "delta": 4.805956}}
{"target": -1.0, "params": {"Bgrad": 1.563968087004639, "d1": -0.5203242195951137, "d2": -2.3741333451244744, "d3": -1.718174894384433, "d4": 0.8001161455993966, "p1": 2.9779200657415017, "p2": 30.914296886568792, "p3": 0.03799854813977266, "p4": 23.8927382160667, "pol1": 0.8436576976136005, "pol2": 0.6948401920647542, "pol3": -0.7486719886717175, "pol4": 0.5784186879531072, "v0s": 2.2209003482399137}, "datetime": {"datetime": "2021-11-26 15:36:22", "elapsed": 1533.254764, "delta": 28.339892}}
{"target": -1.0, "params": {"Bgrad": 0.23220850014384797, "d1": -1.5046376533907408, "d2": -0.3367180660899467, "d3": -2.462455167744612, "d4": -0.4246482381084924, "p1": 1.1706528529365934, "p2": 31.386758183085462, "p3": 43.29391174721852, "p4": 2.161631706924333, "pol1": 0.7381651319967248, "pol2": -0.4261067135984087, "pol3": 0.20201326835630895, "pol4": 0.9878709975789146, "v0s": 2.135329676251831}, "datetime": {"datetime": "2021-11-26 15:36:24", "elapsed": 1535.798036, "delta": 2.543272}}
{"target": -1.0, "params": {"Bgrad": 1.902905472491033, "d1": -2.363665133780239, "d2": 0.11116617839509946, "d3": 0.6832117642927602, "d4": -1.683262053063006, "p1": 30.70981412617826, "p2": 48.812022330612834, "p3": 26.41635644110269, "p4": 39.11759554824588, "pol1": 0.18922255621822837, "pol2": 0.8238076372170069, "pol3": -0.05369066372034026, "pol4": -0.5260402397009667, "v0s": 6.905181497566875}, "datetime": {"datetime": "2021-11-26 15:36:48", "elapsed": 1559.251586, "delta": 23.45355}}
