{"target": -1.0, "params": {"Bgrad": 0.7878696708912568, "d1": -1.6789452357221655, "d2": -2.381400958377279, "d3": 0.06303207987957649, "d4": 0.020916714546858284, "p1": 2.690956417219276, "p2": 8.250870251740421, "p3": 35.15490296631728, "p4": 26.415516021429152, "pol1": 0.4543744417635307, "pol2": -0.9876297680086867, "pol3": 0.31626195599770246, "pol4": -0.3110251475385366, "v0s": 3.924545302231095}, "datetime": {"datetime": "2022-06-24 05:07:42", "elapsed": 3181.932431, "delta": 6.714178}}
{"target": 3.8834575817524, "params": {"Bgrad": 1.7611409010601249, "d1": -2.1677688301919145, "d2": -2.8210314842548043, "d3": -2.737829655975842, "d4": -1.6852209240452112, "p1": 4.310766948784206, "p2": 8.834851646689534, "p3": 39.3417718668929, "p4": 28.832858742759086, "pol1": 0.3017452936673697, "pol2": -0.911872537304439, "pol3": 0.25106672830562826, "pol4": -0.728593503419215, "v0s": 3.8834575817524}, "datetime": {"datetime": "2022-06-24 05:07:48", "elapsed": 3187.815297, "delta": 5.882866}}
{"target": 3.7208439302856844, "params": {"Bgrad": 1.8330160803581306, "d1": -1.3979790508252057, "d2": 0.20917675124894017, "d3": -1.4289861769665069, "d4": -1.8253252899571493, "p1": 42.730877763546104, "p2": 20.467284706159873, "p3": 25.45503642198419, "p4": 14.424449965725199, "pol1": -0.4836176010753973, "pol2": 0.19715873143017223, "pol3": -0.5090412792559296, "pol4": 0.11306193287127365, "v0s": 3.7208439302856844}, "datetime": {"datetime": "2022-06-24 05:07:56", "elapsed": 3195.596232, "delta": 7.780935}}
{"target": -1.0, "params": {"Bgrad": 1.0405811592115013, "d1": -1.1184440282506207, "d2": -1.0579330220770964, "d3": -2.0142374957173965, "d4": -1.2198524480328214, "p1": 4.018988181319094, "p2": 9.226322388055591, "p3": 34.3930413947216, "p4": 27.334150400424907, "pol1": -0.24525552351781044, "pol2": 0.26786811182616965, "pol3": -0.06891747258258607, "pol4": 0.47209928219853503, "v0s": 3.0995167086177045}, "datetime": {"datetime": "2022-06-24 05:08:06", "elapsed": 3205.811653, "delta": 10.215421}}
{"target": 3.410416891160744, "params": {"Bgrad": 1.4027467146498265, "d1": -2.5501825633666084, "d2": 0.150617172809769, "d3": -0.43699731049746715, "d4": 1.0, "p1": 12.282850135203573, "p2": 23.743452304586395, "p3": 44.60624031748941, "p4": 30.021210576097417, "pol1": 0.4292859734877835, "pol2": -0.2194885481117099, "pol3": 0.46672526828454874, "pol4": 0.9417616367384273, "v0s": 3.410416891160744}, "datetime": {"datetime": "2022-06-24 05:08:14", "elapsed": 3213.616407, "delta": 7.804754}}
{"target": 3.885899829377543, "params": {"Bgrad": 0.8940540944672613, "d1": -2.0884102903531896, "d2": 0.32670240649947946, "d3": -2.624452096705702, "d4": -2.0944046400253824, "p1": 5.739268780113527, "p2": 7.697333658266442, "p3": 33.31623412545226, "p4": 29.62388645065679, "pol1": 0.02585828066410456, "pol2": 0.4983469869297634, "pol3": 0.23744829301646386, "pol4": 0.011990200854006927, "v0s": 3.885899829377543}, "datetime": {"datetime": "2022-06-24 05:08:21", "elapsed": 3220.103664, "delta": 6.487257}}
{"target": 4.0417392199385525, "params": {"Bgrad": 0.8990419041319101, "d1": -1.9069930277027711, "d2": 0.4463927036862064, "d3": -0.9401970168773358, "d4": -0.8374892571452495, "p1": 3.8186758594895513, "p2": 10.329001798246626, "p3": 35.66911011327049, "p4": 27.755176743925503, "pol1": 0.6229100565469844, "pol2": -0.08398787263633462, "pol3": -0.20092701772783522, "pol4": 0.18713748878752076, "v0s": 4.0417392199385525}, "datetime": {"datetime": "2022-06-24 05:08:27", "elapsed": 3226.357558, "delta": 6.253894}}
{"target": 3.7016473907450598, "params": {"Bgrad": 0.6929819256803028, "d1": -2.8621756723908196, "d2": 0.9368465238191447, "d3": -1.8425146877597367, "d4": -1.9862194316354027, "p1": 28.202410956918463, "p2": 25.714464606103974, "p3": 4.185262578551676, "p4": 43.560483886685454, "pol1": 1.0, "pol2": 0.7207291333307375, "pol3": -0.6369949395905843, "pol4": 0.11752812067802718, "v0s": 3.7016473907450598}, "datetime": {"datetime": "2022-06-24 05:08:30", "elapsed": 3230.027323, "delta": 3.669765}}
{"target": -1.0, "params": {"Bgrad": 1.4404872193969283, "d1": -2.5141302758556003, "d2": -0.006286389000849102, "d3": -1.8984049359586312, "d4": 0.33824508015750876, "p1": 2.8636950400439787, "p2": 33.726911394527086, "p3": 17.315597107846536, "p4": 11.004460814285489, "pol1": 0.38174097691881315, "pol2": -0.4504897390824192, "pol3": -0.5495317189300946, "pol4": -0.4167200991163096, "v0s": 3.6188391008282466}, "datetime": {"datetime": "2022-06-24 05:08:51", "elapsed": 3250.252143, "delta": 20.22482}}
{"target": -1.0, "params": {"Bgrad": 1.7128652487868485, "d1": -0.09660008274391396, "d2": 0.506237645325077, "d3": 0.7771860083760811, "d4": -0.8971644905367389, "p1": 39.71797887001664, "p2": 20.622773904848586, "p3": 17.026131808072236, "p4": 15.743295802884678, "pol1": 0.9232925460523769, "pol2": -0.49570238629707775, "pol3": 0.09485730728170161, "pol4": -0.8726444013663683, "v0s": 4.077661305299563}, "datetime": {"datetime": "2022-06-24 05:09:02", "elapsed": 3261.122303, "delta": 10.87016}}
{"target": 2.789231148576755, "params": {"Bgrad": 0.6562346260721559, "d1": -2.006076087972339, "d2": -2.2439854570973283, "d3": -2.2548238813234582, "d4": -1.0030746946741116, "p1": 20.20493418889394, "p2": 15.919683945968124, "p3": 28.921684198131725, "p4": 49.134117382510716, "pol1": 0.6548833067037176, "pol2": 0.30959910881184416, "pol3": 0.5934556248296964, "pol4": -0.8379926872776823, "v0s": 2.789231148576755}, "datetime": {"datetime": "2022-06-24 05:09:06", "elapsed": 3265.491214, "delta": 4.368911}}
{"target": -1.0, "params": {"Bgrad": 1.6652726450050555, "d1": -1.9129505278182388, "d2": -1.3780557978530825, "d3": -2.5666953690538508, "d4": -0.33682940619114055, "p1": 20.301669791645345, "p2": 15.242790762011216, "p3": 28.344386410031536, "p4": 49.158312542890165, "pol1": -0.5458866154599464, "pol2": 0.1101183914738777, "pol3": -0.33180699527583424, "pol4": -0.43847413632861465, "v0s": 4.563216238034673}, "datetime": {"datetime": "2022-06-24 05:09:19", "elapsed": 3279.077611, "delta": 13.586397}}
{"target": 2.7136772669834848, "params": {"Bgrad": 1.7180908053987867, "d1": -2.6100313186913384, "d2": 0.6570320698451737, "d3": -1.6041282158832764, "d4": -2.080402583189732, "p1": 4.354908299671223, "p2": 10.10446303969516, "p3": 35.10741844374926, "p4": 31.128716140283224, "pol1": -0.9811985052800536, "pol2": 0.7892631482451411, "pol3": -0.6246979264562573, "pol4": -0.006362126152037018, "v0s": 2.7136772669834848}, "datetime": {"datetime": "2022-06-24 05:09:26", "elapsed": 3285.137033, "delta": 6.059422}}
{"target": -1.0, "params": {"Bgrad": 1.6216271172420673, "d1": -2.0276868429159136, "d2": -2.1298835573222323, "d3": -1.038844406293029, "d4": -1.9821055052726204, "p1": 4.523310773000727, "p2": 8.144600278728337, "p3": 36.3274776322943, "p4": 25.39667722932892, "pol1": 0.31269058149009465, "pol2": 0.22241713126260687, "pol3": 0.49534358332888506, "pol4": 0.39287362947976434, "v0s": 3.3111780002404165}, "datetime": {"datetime": "2022-06-24 05:09:38", "elapsed": 3297.388026, "delta": 12.250993}}
{"target": 4.4141170797598495, "params": {"Bgrad": 1.7615297949882893, "d1": -2.581870020581986, "d2": -1.005003130707177, "d3": -2.00988671563699, "d4": -0.9657201071572401, "p1": 1.793663868003853, "p2": 12.856096939983852, "p3": 32.9564335932664, "p4": 27.67873300387549, "pol1": 0.2925730040468224, "pol2": -0.5756733405675758, "pol3": 0.8401697935928734, "pol4": -0.6622753968946988, "v0s": 4.4141170797598495}, "datetime": {"datetime": "2022-06-24 05:09:46", "elapsed": 3305.99019, "delta": 8.602164}}
{"target": 2.182923007081238, "params": {"Bgrad": 1.3109809752058201, "d1": -2.7658994531711865, "d2": -0.013082471999362077, "d3": -1.2377232863566112, "d4": -1.7848805801342342, "p1": 43.94441810940545, "p2": 19.097027731219075, "p3": 24.294468962404313, "p4": 14.751864406489457, "pol1": -0.9796484252635911, "pol2": -0.3138139857543787, "pol3": -0.7609001094565591, "pol4": 0.12375452917415153, "v0s": 2.182923007081238}, "datetime": {"datetime": "2022-06-24 05:09:52", "elapsed": 3311.722983, "delta": 5.732793}}
{"target": -1.0, "params": {"Bgrad": 0.5653799884527462, "d1": -1.2303151011442943, "d2": -2.478228669212868, "d3": -1.8941206849048986, "d4": -2.6999296865496643, "p1": 46.37389647577413, "p2": 19.034669029001844, "p3": 22.518302078534514, "p4": 13.74059538136619, "pol1": -0.30727132417310554, "pol2": -0.8174464886089332, "pol3": -0.5645930953865097, "pol4": -0.5053659054341446, "v0s": 4.235798063776203}, "datetime": {"datetime": "2022-06-24 05:09:58", "elapsed": 3317.191984, "delta": 5.469001}}
{"target": -1.0, "params": {"Bgrad": 1.1449899024482098, "d1": -0.35126591138794083, "d2": -1.2871219749910012, "d3": 0.22900836018701742, "d4": -1.707896248471382, "p1": 1.5963517244410474, "p2": 32.41436776911229, "p3": 16.046865807553708, "p4": 13.040312683051901, "pol1": 0.6148056717008894, "pol2": 0.9097767407644395, "pol3": 0.013693961703606927, "pol4": 0.8578596711716404, "v0s": 4.085497318892568}, "datetime": {"datetime": "2022-06-24 05:10:09", "elapsed": 3328.723891, "delta": 11.531907}}
{"target": -1.0, "params": {"Bgrad": 1.2359523522183298, "d1": -0.8353154178691565, "d2": 0.6683712309607834, "d3": -0.9423023862059613, "d4": 1.0, "p1": 17.62569581016417, "p2": 31.253970293319938, "p3": 49.19238742245819, "p4": 32.50970536232666, "pol1": -0.6770787724041342, "pol2": 0.016199409812061312, "pol3": 0.03005501787268033, "pol4": 0.3829657030349565, "v0s": 4.066308787440565}, "datetime": {"datetime": "2022-06-24 05:10:24", "elapsed": 3343.877187, "delta": 15.153296}}
{"target": 3.6433284304411324, "params": {"Bgrad": 1.4325210999445446, "d1": 0.1849250404478493, "d2": -1.0394923810405838, "d3": -2.4036892539184893, "d4": -2.2109452879760574, "p1": 10.24570583752538, "p2": 5.537693609546471, "p3": 30.938298884265453, "p4": 19.9268181989989, "pol1": 0.483757539008804, "pol2": -0.40598323236081263, "pol3": 0.16570997933859283, "pol4": 0.4837270588086071, "v0s": 3.6433284304411324}, "datetime": {"datetime": "2022-06-24 05:10:32", "elapsed": 3352.052499, "delta": 8.175312}}
{"target": -1.0, "params": {"Bgrad": 1.5951121165645732, "d1": -1.7686329546859174, "d2": 1.0, "d3": -0.6909941202024017, "d4": -2.4070958223857453, "p1": 39.49872491814846, "p2": 21.78225247626362, "p3": 17.99705988835399, "p4": 16.76004542119373, "pol1": 0.37541945160552714, "pol2": -0.594112604937368, "pol3": 0.9742076704083212, "pol4": -0.7279769651913367, "v0s": 5.299107934716945}, "datetime": {"datetime": "2022-06-24 05:10:45", "elapsed": 3365.088876, "delta": 13.036377}}
{"target": 3.968190613667541, "params": {"Bgrad": 1.1843206534096888, "d1": -1.4695467496074122, "d2": 0.3416237905066803, "d3": -0.8665640345966686, "d4": -0.33741247945460584, "p1": 3.2660137034195564, "p2": 10.198793219277496, "p3": 35.44429901689295, "p4": 28.377384766721782, "pol1": 0.5706469944713758, "pol2": -0.44814604085376664, "pol3": -0.49466661959319497, "pol4": 0.4987418477303603, "v0s": 3.968190613667541}, "datetime": {"datetime": "2022-06-24 05:10:52", "elapsed": 3371.874357, "delta": 6.785481}}
{"target": -1.0, "params": {"Bgrad": 1.0552217012085316, "d1": -2.8191854540743333, "d2": -0.6564567978211211, "d3": -2.2931896599401784, "d4": -0.8982928845429425, "p1": 3.621220668924691, "p2": 11.285393579894354, "p3": 34.93411615553264, "p4": 27.87705239360999, "pol1": -0.3187739536215417, "pol2": 0.5316232267125764, "pol3": 0.6718873369978378, "pol4": -0.7848935539245803, "v0s": 5.29522780920523}, "datetime": {"datetime": "2022-06-24 05:11:03", "elapsed": 3382.551515, "delta": 10.677158}}
{"target": -1.0, "params": {"Bgrad": 1.187146035983578, "d1": -1.8342826283846847, "d2": -0.9541023542802827, "d3": 0.6192421091706697, "d4": -2.9951343006318902, "p1": 0.7315373263114544, "p2": 12.526496302545192, "p3": 35.03676402600617, "p4": 27.480366702736386, "pol1": 0.9420985663382688, "pol2": -0.4740504256862539, "pol3": 0.060886745237779705, "pol4": -0.4774583729024331, "v0s": 2.224997845328498}, "datetime": {"datetime": "2022-06-24 05:12:25", "elapsed": 3464.88051, "delta": 82.328995}}
{"target": 2.6208972647443405, "params": {"Bgrad": 1.9465123365209123, "d1": -0.47363989060063894, "d2": -0.0607018042195321, "d3": -0.09255154448746707, "d4": -0.42757341782226055, "p1": 22.85200876235779, "p2": 0.4587395986594962, "p3": 17.16119882588426, "p4": 25.400535799746258, "pol1": 0.542633561068386, "pol2": 0.042329442312305655, "pol3": -0.043906023010623435, "pol4": -0.7118933234558169, "v0s": 2.6208972647443405}, "datetime": {"datetime": "2022-06-24 05:12:30", "elapsed": 3469.610947, "delta": 4.730437}}
{"target": 4.065489128336903, "params": {"Bgrad": 0.8120529008671807, "d1": -0.9966048223862678, "d2": 0.7566964865684029, "d3": -2.5647859578674845, "d4": -2.496790811769423, "p1": 31.63727306439719, "p2": 11.373229342264853, "p3": 38.09781218940558, "p4": 28.357115088737682, "pol1": -0.01707924958621318, "pol2": -0.54522478556903, "pol3": -0.5104282644474, "pol4": 0.16554146566132452, "v0s": 4.065489128336903}, "datetime": {"datetime": "2022-06-24 05:12:34", "elapsed": 3473.298172, "delta": 3.687225}}
{"target": -1.0, "params": {"Bgrad": 1.921312408586628, "d1": -1.3045000012782593, "d2": 0.6468225181606853, "d3": -1.524715748859014, "d4": 0.07140525918792484, "p1": 1.0198913823460165, "p2": 32.87980848326797, "p3": 18.096894464739975, "p4": 13.047672779231172, "pol1": 0.2677274233549489, "pol2": 0.08138802497552433, "pol3": 0.1789040405976252, "pol4": 0.16140227698165277, "v0s": 5.30283971191704}, "datetime": {"datetime": "2022-06-24 05:12:46", "elapsed": 3485.164152, "delta": 11.86598}}
{"target": 2.742968277768013, "params": {"Bgrad": 1.1809256665734469, "d1": -1.6342055895441852, "d2": -0.38252650132357635, "d3": -1.2013174196141776, "d4": 0.8055223538661846, "p1": 42.863805535840456, "p2": 21.74906593067129, "p3": 26.945119117591858, "p4": 14.957235578630662, "pol1": 0.6199184125820794, "pol2": -0.008600382161382925, "pol3": 0.0005033979480353334, "pol4": -0.12441588926644886, "v0s": 2.742968277768013}, "datetime": {"datetime": "2022-06-24 05:12:50", "elapsed": 3489.940484, "delta": 4.776332}}
{"target": 2.8921165657864787, "params": {"Bgrad": 1.2746613952164028, "d1": -2.1324509011106265, "d2": -1.93634167543334, "d3": 0.02111741010446444, "d4": -0.6868539249823269, "p1": 6.446376155580202, "p2": 12.238739677257964, "p3": 34.387093440137306, "p4": 30.23240585068756, "pol1": 0.4870344975837324, "pol2": -0.286107376759297, "pol3": 0.8634243648691369, "pol4": -0.6232620097262738, "v0s": 2.8921165657864787}, "datetime": {"datetime": "2022-06-24 05:12:58", "elapsed": 3497.433619, "delta": 7.493135}}
{"target": -1.0, "params": {"Bgrad": 0.916941311635775, "d1": -2.5614832456355456, "d2": -0.9477416402135526, "d3": -2.974523318817243, "d4": -0.4095916335545984, "p1": 27.137000198131624, "p2": 4.0512985400823815, "p3": 39.05229338832423, "p4": 27.490063606004693, "pol1": 0.8938542034396848, "pol2": 0.6709455948608689, "pol3": -0.3269113423579577, "pol4": -0.36384351751219035, "v0s": 2.991612208494316}, "datetime": {"datetime": "2022-06-24 05:13:05", "elapsed": 3504.372689, "delta": 6.93907}}
{"target": 3.7461820843849374, "params": {"Bgrad": 1.3153836501665084, "d1": -2.617116491050251, "d2": -0.9600072667816715, "d3": -1.139205867071841, "d4": -0.5650916748482016, "p1": 34.18676816213711, "p2": 9.315690745369103, "p3": 7.846279402790524, "p4": 26.68574758894959, "pol1": -0.12636730379275174, "pol2": 0.24026214070121443, "pol3": 0.7797962482346941, "pol4": -0.8092187275351685, "v0s": 3.7461820843849374}, "datetime": {"datetime": "2022-06-24 05:13:11", "elapsed": 3510.905855, "delta": 6.533166}}
{"target": -1.0, "params": {"Bgrad": 1.5126078783087986, "d1": -2.939365506211982, "d2": -0.12672830457196538, "d3": 0.5403925495387849, "d4": -0.339635868675924, "p1": 31.13598380651582, "p2": 8.994984151060848, "p3": 6.088382690760047, "p4": 24.97011250007699, "pol1": -0.01090308667764539, "pol2": -0.5211603452947864, "pol3": -0.9536434137309975, "pol4": 0.3499002401222202, "v0s": 5.923452822180003}, "datetime": {"datetime": "2022-06-24 05:13:26", "elapsed": 3525.138057, "delta": 14.232202}}
{"target": 3.2635795021627327, "params": {"Bgrad": 0.6954411912590645, "d1": -2.410504022532337, "d2": 0.012374499593223565, "d3": -0.006805889778577434, "d4": -0.6990300639387521, "p1": 45.27901926246487, "p2": 22.582298951779446, "p3": 26.015182820174882, "p4": 14.91366099743902, "pol1": 0.8578840277269417, "pol2": 0.14905369154002024, "pol3": -0.11659790237046197, "pol4": 0.06737175927056227, "v0s": 3.2635795021627327}, "datetime": {"datetime": "2022-06-24 05:13:29", "elapsed": 3528.674661, "delta": 3.536604}}
{"target": -1.0, "params": {"Bgrad": 1.961651504821108, "d1": -0.647665942329386, "d2": 0.7526292689078846, "d3": -0.5253817784396633, "d4": -1.5885141213303022, "p1": 47.39855086535806, "p2": 24.40292496578007, "p3": 23.1526355105724, "p4": 29.5352780849303, "pol1": -0.50986524928134, "pol2": -0.6518166041452906, "pol3": 0.11197485068052848, "pol4": -0.49362265209433454, "v0s": 6.985718273324919}, "datetime": {"datetime": "2022-06-24 05:13:40", "elapsed": 3539.887392, "delta": 11.212731}}
{"target": 3.6259964432350804, "params": {"Bgrad": 1.6907607322026372, "d1": -2.0690316390893213, "d2": -1.2080596329297224, "d3": -2.5716332800924255, "d4": -2.3681206493077074, "p1": 4.861027554811348, "p2": 14.201068684962104, "p3": 34.69192387661762, "p4": 29.985522986000955, "pol1": -0.8570608223238061, "pol2": -0.47044055085014946, "pol3": -0.16725747116024925, "pol4": 0.4402456643100672, "v0s": 3.6259964432350804}, "datetime": {"datetime": "2022-06-24 05:13:45", "elapsed": 3545.052667, "delta": 5.165275}}
{"target": 3.479262976816619, "params": {"Bgrad": 1.6565227428147107, "d1": -1.903187550490203, "d2": 0.31304698669484826, "d3": -1.0440104219662787, "d4": -1.208305533820202, "p1": 42.60875003316981, "p2": 20.736985668314063, "p3": 25.98820364852553, "p4": 14.936252900105565, "pol1": -0.4238439656682073, "pol2": 0.31582436314093837, "pol3": -0.3847921156082083, "pol4": 0.24910969593460686, "v0s": 3.479262976816619}, "datetime": {"datetime": "2022-06-24 05:13:50", "elapsed": 3549.459458, "delta": 4.406791}}
{"target": 3.034353047021481, "params": {"Bgrad": 1.5051995719431215, "d1": -2.9569259102993892, "d2": -0.9027558741102855, "d3": -1.124795690297137, "d4": -1.1543283138426572, "p1": 44.83824833278477, "p2": 23.701952562796887, "p3": 27.775862776318654, "p4": 13.470202791431674, "pol1": -0.1005988856055211, "pol2": -0.014845220572966333, "pol3": -0.33533641486274046, "pol4": -0.7021063652945816, "v0s": 3.034353047021481}, "datetime": {"datetime": "2022-06-24 05:13:55", "elapsed": 3554.584846, "delta": 5.125388}}
{"target": -1.0, "params": {"Bgrad": 1.0312875462752042, "d1": -1.1130183456685367, "d2": 0.31106051284126046, "d3": -1.1673316923578119, "d4": -0.6407752563148637, "p1": 40.31005012677883, "p2": 21.55293340756701, "p3": 19.009055364211104, "p4": 17.190842915605486, "pol1": 0.5176283358508158, "pol2": 0.007123621304496952, "pol3": -0.35797598088505267, "pol4": -0.4208344707160012, "v0s": 5.706937217452723}, "datetime": {"datetime": "2022-06-24 05:14:10", "elapsed": 3569.623452, "delta": 15.038606}}
{"target": -1.0, "params": {"Bgrad": 1.8208275239697915, "d1": -2.56382886681438, "d2": -0.37898028027037967, "d3": -0.7044940974794982, "d4": -2.1768363686692696, "p1": 3.650863986838221, "p2": 7.167773366396501, "p3": 34.371010460039145, "p4": 31.411485755453946, "pol1": -0.22525463159463532, "pol2": 0.5505277484911055, "pol3": -0.6581714309327724, "pol4": -0.2517347527781193, "v0s": 5.40564134368413}, "datetime": {"datetime": "2022-06-24 05:14:19", "elapsed": 3579.063917, "delta": 9.440465}}
{"target": -1.0, "params": {"Bgrad": 1.655765193058932, "d1": -1.5359500738074527, "d2": -1.6489106855672566, "d3": -0.9774997969634494, "d4": -2.8459521936385204, "p1": 12.85384949918431, "p2": 2.9410207764073713, "p3": 32.45478975911704, "p4": 21.680999790570034, "pol1": 0.41036888479261435, "pol2": -0.5793707405451329, "pol3": 0.21467789900803536, "pol4": -0.2858074049789252, "v0s": 3.979872772855378}, "datetime": {"datetime": "2022-06-24 05:14:30", "elapsed": 3589.746051, "delta": 10.682134}}
{"target": 2.9669018032115604, "params": {"Bgrad": 1.847546908252343, "d1": -1.966602736717276, "d2": 0.16896883865691636, "d3": -1.277518658767001, "d4": -0.3223357307878594, "p1": 44.14964588288305, "p2": 21.313924095757613, "p3": 25.316788662934474, "p4": 14.685514793475758, "pol1": 0.7323115698801197, "pol2": -0.015830571892571532, "pol3": 0.13215112579821864, "pol4": -0.6884951711730665, "v0s": 2.9669018032115604}, "datetime": {"datetime": "2022-06-24 05:14:33", "elapsed": 3592.475313, "delta": 2.729262}}
{"target": -1.0, "params": {"Bgrad": 1.778555323121779, "d1": -2.2276754838146697, "d2": -1.2368349214957415, "d3": -1.5661873910408195, "d4": -1.6184205415759458, "p1": 44.40788365299069, "p2": 23.660048359955642, "p3": 25.778099404572195, "p4": 12.87869012341709, "pol1": -0.3010293083404505, "pol2": -0.14746541968965943, "pol3": -0.8206776871474393, "pol4": -0.18714357509459467, "v0s": 4.388060252869399}, "datetime": {"datetime": "2022-06-24 05:14:46", "elapsed": 3605.716678, "delta": 13.241365}}
{"target": 2.1231643716452626, "params": {"Bgrad": 1.499095676187277, "d1": -2.8269537352062475, "d2": 0.7627253654428854, "d3": -1.3598494172261169, "d4": -1.4316894600616088, "p1": 2.7303721871747397, "p2": 10.84249856854203, "p3": 35.2694687554358, "p4": 29.436219689668864, "pol1": -0.7826069810722462, "pol2": -0.24759074503009249, "pol3": -0.4739026747129511, "pol4": -0.8099523675283149, "v0s": 2.1231643716452626}, "datetime": {"datetime": "2022-06-24 05:14:52", "elapsed": 3611.165182, "delta": 5.448504}}
