{"target": 23.0, "params": {"beta_1": 0.6911214540860955, "beta_2": 1.9838373711533497, "det_1": 123.8816734003357, "det_2": 15.47986286008237, "laseroff": 505566.16489952744, "laseron": 171312.19591657026, "main_det": 18.781174363909454}, "datetime": {"datetime": "2022-01-07 04:22:18", "elapsed": 0.0, "delta": 0.0}}
{"target": 10.0, "params": {"beta_1": 0.05477518639585233, "beta_2": 3.352337550892011, "det_1": 111.7304802367127, "det_2": 18.96724571114379, "laseroff": 342116.94119163154, "laseron": 170284.89687437, "main_det": 18.007445686755368}, "datetime": {"datetime": "2022-01-07 04:38:11", "elapsed": 952.580531, "delta": 952.580531}}
{"target": 3.0, "params": {"beta_1": 1.936523151438795, "beta_2": 1.5671208907962142, "det_1": 139.2322615669314, "det_2": 26.909728807400956, "laseroff": 568382.1044444907, "laseron": 151996.75163117528, "main_det": 10.390547832328824}, "datetime": {"datetime": "2022-01-07 04:49:06", "elapsed": 1608.215646, "delta": 655.635115}}
{"target": 4.0, "params": {"beta_1": 0.3396608391291378, "beta_2": 4.390712517147065, "det_1": 79.834683383305, "det_2": 15.527690625126304, "laseroff": 587366.9011556203, "laseron": 224484.81649723524, "main_det": 16.918771139504734}, "datetime": {"datetime": "2022-01-07 05:00:19", "elapsed": 2280.570177, "delta": 672.354531}}
{"target": 11.0, "params": {"beta_1": 0.6310312620121259, "beta_2": 3.4325046384079183, "det_1": 153.46256718973729, "det_2": 5.4572069336047955, "laseroff": 525043.5443391753, "laseron": 298198.1697415146, "main_det": 17.481656543798394}, "datetime": {"datetime": "2022-01-07 05:13:07", "elapsed": 3048.557146, "delta": 767.986969}}
{"target": 3.0, "params": {"beta_1": 1.5303725262384222, "beta_2": 0.5475876235197658, "det_1": 122.19804080387406, "det_2": 24.206005694143848, "laseroff": 506142.0648389654, "laseron": 159751.0940308912, "main_det": 12.019246210179316}, "datetime": {"datetime": "2022-01-07 05:25:15", "elapsed": 3776.502397, "delta": 727.945251}}
{"target": 11.0, "params": {"beta_1": 1.929881010126165, "beta_2": 0.331498291063716, "det_1": 75.22329846355615, "det_2": 20.288495342499388, "laseroff": 473719.1132017481, "laseron": 277475.4277611871, "main_det": 14.026377997653736}, "datetime": {"datetime": "2022-01-07 05:36:13", "elapsed": 4434.717647, "delta": 658.21525}}
{"target": 11.0, "params": {"beta_1": 0.6461462109437031, "beta_2": 3.563920913781865, "det_1": 117.99223775601251, "det_2": 5.669679716550722, "laseroff": 504757.18005055864, "laseron": 264356.89973333676, "main_det": 19.74010227764638}, "datetime": {"datetime": "2022-01-07 05:50:25", "elapsed": 5286.844348, "delta": 852.126701}}
{"target": 0.0, "params": {"beta_1": 0.8828686460246657, "beta_2": 2.544868626758462, "det_1": 128.37946756819605, "det_2": 25.986188369028767, "laseroff": 300810.0693495525, "laseron": 270558.40590840206, "main_det": 11.112039466220212}, "datetime": {"datetime": "2022-01-07 05:59:56", "elapsed": 5857.636488, "delta": 570.79214}}
{"target": 8.0, "params": {"beta_1": 1.4331713157863308, "beta_2": 3.257840614676273, "det_1": 80.45538045187527, "det_2": 7.177136353899356, "laseroff": 496565.1781754979, "laseron": 272737.3974596912, "main_det": 12.017953936666357}, "datetime": {"datetime": "2022-01-07 06:10:06", "elapsed": 6467.517917, "delta": 609.881429}}
{"target": 0.0, "params": {"beta_1": 1.8501976935442401, "beta_2": 4.190962665675807, "det_1": 70.7584767675558, "det_2": 27.35553072653121, "laseroff": 301610.87585691886, "laseron": 220534.34658118995, "main_det": 14.444980616083075}, "datetime": {"datetime": "2022-01-07 06:20:25", "elapsed": 7086.476397, "delta": 618.95848}}
{"target": 21.0, "params": {"beta_1": 1.963859362182173, "beta_2": 0.9902928006358436, "det_1": 162.92146901877766, "det_2": 15.383178764458648, "laseroff": 421337.10099470965, "laseron": 140845.64245595384, "main_det": 17.80641679140155}, "datetime": {"datetime": "2022-01-07 06:33:49", "elapsed": 7890.702274, "delta": 804.225877}}
{"target": 1.0, "params": {"beta_1": 1.257746754459569, "beta_2": 4.14315025498424, "det_1": 132.30026987929463, "det_2": 13.249862328819118, "laseroff": 388226.55110514764, "laseron": 152960.13135392772, "main_det": 10.136850457756788}, "datetime": {"datetime": "2022-01-07 06:44:22", "elapsed": 8523.718887, "delta": 633.016613}}
{"target": 6.0, "params": {"beta_1": 0.9306317309639862, "beta_2": 1.1781550175116466, "det_1": 89.20099229769184, "det_2": 7.419876245283515, "laseroff": 578311.9751969827, "laseron": 207644.61608534603, "main_det": 15.963782908914641}, "datetime": {"datetime": "2022-01-07 06:55:17", "elapsed": 9178.863971, "delta": 655.145084}}
{"target": 18.0, "params": {"beta_1": 1.6520602878395205, "beta_2": 3.887361996220431, "det_1": 141.73417076793356, "det_2": 23.782387743754956, "laseroff": 557619.2386737224, "laseron": 139332.5289159504, "main_det": 17.071107857516687}, "datetime": {"datetime": "2022-01-07 07:07:38", "elapsed": 9920.382278, "delta": 741.518307}}
{"target": 7.0, "params": {"beta_1": 0.5608879841288104, "beta_2": 3.946396642257443, "det_1": 80.3226006577642, "det_2": 16.197338154397627, "laseroff": 572578.7423324256, "laseron": 185735.0246409264, "main_det": 12.877753385863487}, "datetime": {"datetime": "2022-01-07 07:18:15", "elapsed": 10557.396855, "delta": 637.014577}}
{"target": 4.0, "params": {"beta_1": 0.26005714423655535, "beta_2": 0.09683478935148537, "det_1": 137.8835532939891, "det_2": 10.290702900001476, "laseroff": 379664.7322650085, "laseron": 217756.8742451875, "main_det": 10.533625451170805}, "datetime": {"datetime": "2022-01-07 07:28:56", "elapsed": 11197.495303, "delta": 640.098448}}
{"target": 18.0, "params": {"beta_1": 1.1482352109840261, "beta_2": 0.7336428745290507, "det_1": 128.93055369032842, "det_2": 22.49395900052328, "laseroff": 330701.22631391895, "laseron": 205217.69658969337, "main_det": 16.94400157727745}, "datetime": {"datetime": "2022-01-07 07:44:57", "elapsed": 12158.730243, "delta": 961.23494}}
{"target": 14.0, "params": {"beta_1": 0.8283585390538053, "beta_2": 0.2497672947304358, "det_1": 123.58964059155116, "det_2": 21.59486613049472, "laseroff": 454467.2187283805, "laseron": 291037.647729074, "main_det": 15.86555040501993}, "datetime": {"datetime": "2022-01-07 07:56:42", "elapsed": 12863.636905, "delta": 704.906662}}
{"target": 21.0, "params": {"beta_1": 1.806803830575767, "beta_2": 0.6873735207311876, "det_1": 83.92763472507585, "det_2": 25.184782217738096, "laseroff": 419303.6534188231, "laseron": 164987.69492563503, "main_det": 19.275085803960337}, "datetime": {"datetime": "2022-01-07 08:12:22", "elapsed": 13804.108195, "delta": 940.47129}}
{"target": 11.0, "params": {"beta_1": 0.6955317194910131, "beta_2": 3.7540605156807776, "det_1": 142.59979853504515, "det_2": 27.082652280145247, "laseroff": 487102.0384444756, "laseron": 259712.44812826207, "main_det": 13.488983419778425}, "datetime": {"datetime": "2022-01-07 08:23:40", "elapsed": 14481.664818, "delta": 677.556623}}
{"target": 2.0, "params": {"beta_1": 0.5398557835300521, "beta_2": 4.479431090980334, "det_1": 112.8091189871295, "det_2": 29.12100117870964, "laseroff": 499032.7859040366, "laseron": 238805.49970102753, "main_det": 11.147459729533752}, "datetime": {"datetime": "2022-01-07 08:32:10", "elapsed": 14992.294465, "delta": 510.629647}}
{"target": 15.0, "params": {"beta_1": 1.8989785174141425, "beta_2": 2.2495606673997024, "det_1": 127.83896143871317, "det_2": 15.20342006903203, "laseroff": 371108.8570459281, "laseron": 284370.67124615016, "main_det": 15.736794866722859}, "datetime": {"datetime": "2022-01-07 08:45:35", "elapsed": 15796.718147, "delta": 804.423682}}
{"target": 14.0, "params": {"beta_1": 0.00574065406231794, "beta_2": 3.085724568103619, "det_1": 102.66449017720961, "det_2": 18.176452556440232, "laseroff": 565782.743851133, "laseron": 196031.95637800437, "main_det": 19.08535150919799}, "datetime": {"datetime": "2022-01-07 08:58:15", "elapsed": 16556.700824, "delta": 759.982677}}
{"target": 3.0, "params": {"beta_1": 1.2467202315836055, "beta_2": 0.07910621423278141, "det_1": 162.94372337437613, "det_2": 22.2724229379231, "laseroff": 599196.8578125937, "laseron": 166117.80062994035, "main_det": 11.371357496288777}, "datetime": {"datetime": "2022-01-07 09:09:27", "elapsed": 17229.028559, "delta": 672.327735}}
{"target": 5.0, "params": {"beta_1": 1.6556497991904828, "beta_2": 2.957061253387629, "det_1": 131.36878243111815, "det_2": 18.73056501223325, "laseroff": 479405.9014445257, "laseron": 241510.1547470786, "main_det": 13.453454851421183}, "datetime": {"datetime": "2022-01-07 09:19:59", "elapsed": 17861.348277, "delta": 632.319718}}
{"target": 0.0, "params": {"beta_1": 0.2740139042858136, "beta_2": 4.965489431077621, "det_1": 100.07126522491073, "det_2": 21.920966480191936, "laseroff": 338000.9925096985, "laseron": 254960.1823181615, "main_det": 10.786975637924598}, "datetime": {"datetime": "2022-01-07 09:29:49", "elapsed": 18451.182929, "delta": 589.834652}}
{"target": 19.0, "params": {"beta_1": 1.199913014125048, "beta_2": 1.291610337628819, "det_1": 155.05119882798422, "det_2": 18.299000789634277, "laseroff": 401113.7090383233, "laseron": 279135.9889359362, "main_det": 16.073120078545614}, "datetime": {"datetime": "2022-01-07 09:42:41", "elapsed": 19222.624235, "delta": 771.441306}}
{"target": 5.0, "params": {"beta_1": 0.03797127034876713, "beta_2": 4.313521768610144, "det_1": 112.72691175277802, "det_2": 9.889903939747592, "laseroff": 504356.84686061624, "laseron": 205197.73963202504, "main_det": 13.801634584528362}, "datetime": {"datetime": "2022-01-07 09:52:38", "elapsed": 19820.298755, "delta": 597.67452}}
{"target": 14.0, "params": {"beta_1": 0.47434530785703966, "beta_2": 2.3804734754656476, "det_1": 98.22317251483024, "det_2": 28.69548567721739, "laseroff": 570470.8801878868, "laseron": 278386.98667375883, "main_det": 18.14215235432727}, "datetime": {"datetime": "2022-01-07 10:05:13", "elapsed": 20574.946533, "delta": 754.647778}}
{"target": 0.0, "params": {"beta_1": 0.907875159964858, "beta_2": 4.355482677238192, "det_1": 114.71241347364578, "det_2": 7.129134544671086, "laseroff": 320554.88930920226, "laseron": 256066.0977022922, "main_det": 17.088051766828585}, "datetime": {"datetime": "2022-01-07 10:15:49", "elapsed": 21210.471672, "delta": 635.525139}}
{"target": 6.0, "params": {"beta_1": 0.524486912371809, "beta_2": 2.0964462576225107, "det_1": 102.94843266525768, "det_2": 8.738074587397524, "laseroff": 583031.5380267466, "laseron": 151833.1767448798, "main_det": 15.296271649147828}, "datetime": {"datetime": "2022-01-07 10:27:02", "elapsed": 21883.684084, "delta": 673.212412}}
{"target": 12.0, "params": {"beta_1": 1.1329090999347624, "beta_2": 2.9039238256541413, "det_1": 120.66064025687638, "det_2": 20.63446645604312, "laseroff": 304007.0241359335, "laseron": 180382.65420565015, "main_det": 16.206239498099663}, "datetime": {"datetime": "2022-01-07 10:42:28", "elapsed": 22810.151054, "delta": 926.46697}}
{"target": 21.0, "params": {"beta_1": 1.9285990920685998, "beta_2": 0.462412748750336, "det_1": 136.90518079079166, "det_2": 25.554821493430946, "laseroff": 500664.92418345716, "laseron": 225639.27103333722, "main_det": 18.67804472894203}, "datetime": {"datetime": "2022-01-07 10:55:46", "elapsed": 23608.095844, "delta": 797.94479}}
{"target": 6.0, "params": {"beta_1": 0.6737327049206501, "beta_2": 1.5118620518467156, "det_1": 88.32642370445645, "det_2": 20.322927892206437, "laseroff": 420502.30343173514, "laseron": 183468.68501849895, "main_det": 10.430913406134545}, "datetime": {"datetime": "2022-01-07 11:04:54", "elapsed": 24156.074811, "delta": 547.978967}}
{"target": 17.0, "params": {"beta_1": 0.05515000869779163, "beta_2": 2.2738925661680454, "det_1": 138.86389008326793, "det_2": 9.771422521067851, "laseroff": 501508.65534638317, "laseron": 193430.9096628278, "main_det": 18.208104729104765}, "datetime": {"datetime": "2022-01-07 11:17:55", "elapsed": 24936.867342, "delta": 780.792531}}
{"target": 13.0, "params": {"beta_1": 0.5677767448529738, "beta_2": 2.206600231427391, "det_1": 93.96100133211377, "det_2": 23.424070708681693, "laseroff": 447567.3247716266, "laseron": 257353.11680187995, "main_det": 14.179596004613396}, "datetime": {"datetime": "2022-01-07 11:29:05", "elapsed": 25606.668814, "delta": 669.801472}}
{"target": 14.0, "params": {"beta_1": 1.3195003869547544, "beta_2": 3.7716798356991754, "det_1": 116.39312394692706, "det_2": 11.238238356423583, "laseroff": 526890.8396411841, "laseron": 183391.09688171727, "main_det": 15.095291690845968}, "datetime": {"datetime": "2022-01-07 11:41:52", "elapsed": 26374.065462, "delta": 767.396648}}
{"target": 14.0, "params": {"beta_1": 0.4965535358437989, "beta_2": 3.068182599748069, "det_1": 109.67036640114006, "det_2": 27.130162225776555, "laseroff": 487535.1344389804, "laseron": 172504.26699386994, "main_det": 15.35373793734152}, "datetime": {"datetime": "2022-01-07 11:54:08", "elapsed": 27109.454557, "delta": 735.389095}}
{"target": 17.0, "params": {"beta_1": 0.273008858098142, "beta_2": 0.37790124802761116, "det_1": 96.65641813050944, "det_2": 28.478764551795773, "laseroff": 465896.72139502404, "laseron": 220390.15162508975, "main_det": 16.870995423656368}, "datetime": {"datetime": "2022-01-07 12:07:10", "elapsed": 27892.169154, "delta": 782.714597}}
{"target": 17.0, "params": {"beta_1": 0.4736004651955177, "beta_2": 2.264466307604615, "det_1": 121.06087321106466, "det_2": 8.094214531093247, "laseroff": 472882.8724268859, "laseron": 213758.82566417815, "main_det": 17.809812899742987}, "datetime": {"datetime": "2022-01-07 12:20:20", "elapsed": 28682.099762, "delta": 789.930608}}
{"target": 10.0, "params": {"beta_1": 0.1408331361077182, "beta_2": 2.2357787206446194, "det_1": 112.222203036779, "det_2": 8.758699149948477, "laseroff": 504707.79756010143, "laseron": 171273.30497525167, "main_det": 15.291363281733496}, "datetime": {"datetime": "2022-01-07 12:32:29", "elapsed": 29410.514185, "delta": 728.414423}}
{"target": 19.0, "params": {"beta_1": 1.5220398349411828, "beta_2": 3.3121865253731517, "det_1": 87.59839010311943, "det_2": 25.530476380724924, "laseroff": 491912.16996315226, "laseron": 162300.30234814572, "main_det": 19.47056298409516}, "datetime": {"datetime": "2022-01-07 12:47:38", "elapsed": 30319.933665, "delta": 909.41948}}
{"target": 8.0, "params": {"beta_1": 1.2629809046550375, "beta_2": 4.1462004225294615, "det_1": 145.82720963294977, "det_2": 26.189923496215833, "laseroff": 411969.2576227909, "laseron": 223328.28885966464, "main_det": 11.684690608673899}, "datetime": {"datetime": "2022-01-07 12:58:10", "elapsed": 30952.391284, "delta": 632.457619}}
{"target": 4.0, "params": {"beta_1": 0.08203468644975298, "beta_2": 0.39240888278838093, "det_1": 151.22040000330597, "det_2": 17.692356988266077, "laseroff": 521334.1075026832, "laseron": 163816.3209884585, "main_det": 12.855109977073681}, "datetime": {"datetime": "2022-01-07 13:07:56", "elapsed": 31538.251299, "delta": 585.860015}}
{"target": 19.0, "params": {"beta_1": 1.0043329077648795, "beta_2": 3.1565715002194277, "det_1": 168.79531527143723, "det_2": 23.144099675880533, "laseroff": 489327.9450340824, "laseron": 276262.08088612306, "main_det": 19.602797560658672}, "datetime": {"datetime": "2022-01-07 13:21:07", "elapsed": 32329.068592, "delta": 790.817293}}
{"target": 6.0, "params": {"beta_1": 1.7437374265249075, "beta_2": 3.692783067291276, "det_1": 90.35616021492956, "det_2": 14.999672012220392, "laseroff": 363105.78286790865, "laseron": 179685.82847162845, "main_det": 14.164906505445128}, "datetime": {"datetime": "2022-01-07 13:33:40", "elapsed": 33082.268478, "delta": 753.199886}}
{"target": 0.0, "params": {"beta_1": 0.4039808634983366, "beta_2": 4.069972127506761, "det_1": 86.19954021222297, "det_2": 17.887225387678676, "laseroff": 346282.6277176326, "laseron": 222984.14338502288, "main_det": 12.622597775953544}, "datetime": {"datetime": "2022-01-07 13:45:52", "elapsed": 33813.857004, "delta": 731.588526}}
{"target": 12.0, "params": {"beta_1": 1.9883915739697207, "beta_2": 4.029273916422876, "det_1": 127.02644829948598, "det_2": 7.856146718801419, "laseroff": 557854.9055150523, "laseron": 139340.45107294733, "main_det": 15.925586549715302}, "datetime": {"datetime": "2022-01-07 13:59:03", "elapsed": 34605.286783, "delta": 791.429779}}
{"target": 17.0, "params": {"beta_1": 0.6478522928690313, "beta_2": 1.5500483114774415, "det_1": 155.21624625816293, "det_2": 8.072510209737153, "laseroff": 489355.72620564164, "laseron": 276410.32732469344, "main_det": 17.289595927335505}, "datetime": {"datetime": "2022-01-07 14:12:31", "elapsed": 35413.2798, "delta": 807.993017}}
{"target": 4.0, "params": {"beta_1": 1.4305743641831938, "beta_2": 0.007825259553442265, "det_1": 108.62483106107615, "det_2": 14.083841267878629, "laseroff": 481418.002696443, "laseron": 205786.92296271672, "main_det": 11.7751552374054}, "datetime": {"datetime": "2022-01-07 14:22:44", "elapsed": 36026.101637, "delta": 612.821837}}
{"target": 0.0, "params": {"beta_1": 0.45113346371548735, "beta_2": 4.797121288091618, "det_1": 79.16369989095091, "det_2": 15.342204021886001, "laseroff": 355317.7056554485, "laseron": 224511.3321758106, "main_det": 13.713595267207623}, "datetime": {"datetime": "2022-01-07 14:32:58", "elapsed": 36640.12671, "delta": 614.025073}}
{"target": 3.0, "params": {"beta_1": 1.744360816272192, "beta_2": 0.5846938138265334, "det_1": 103.72486756308226, "det_2": 20.746509178575145, "laseroff": 366578.5482073283, "laseron": 237174.20070630423, "main_det": 10.337137144185562}, "datetime": {"datetime": "2022-01-07 14:44:53", "elapsed": 37354.779685, "delta": 714.652975}}
{"target": 3.0, "params": {"beta_1": 1.2426611376471526, "beta_2": 2.868774261195956, "det_1": 83.40761996703323, "det_2": 28.34852393809994, "laseroff": 500180.8224468226, "laseron": 225446.27627470504, "main_det": 10.624471590277158}, "datetime": {"datetime": "2022-01-07 14:55:00", "elapsed": 37961.692436, "delta": 606.912751}}
{"target": 21.0, "params": {"beta_1": 1.6823863382637418, "beta_2": 2.188269218960947, "det_1": 74.97566499042927, "det_2": 8.835453039474412, "laseroff": 421320.055251679, "laseron": 140700.13868055685, "main_det": 18.957373941391715}, "datetime": {"datetime": "2022-01-07 15:11:48", "elapsed": 38970.193851, "delta": 1008.501415}}
{"target": 10.0, "params": {"beta_1": 1.8651909260743271, "beta_2": 3.4840908074495007, "det_1": 76.60001727220624, "det_2": 23.88657631506166, "laseroff": 526163.1026621854, "laseron": 287548.44886999915, "main_det": 17.115247586284717}, "datetime": {"datetime": "2022-01-07 17:03:58", "elapsed": 45700.181743, "delta": 6729.987892}}
{"target": 7.0, "params": {"beta_1": 0.2485419239443294, "beta_2": 0.09940066919897794, "det_1": 72.62109868777193, "det_2": 5.707662200519865, "laseroff": 373864.0740698462, "laseron": 277358.120978944, "main_det": 15.388310643416528}, "datetime": {"datetime": "2022-01-07 17:20:16", "elapsed": 46678.315301, "delta": 978.133558}}
{"target": 6.0, "params": {"beta_1": 1.1056439573715318, "beta_2": 4.210154461798028, "det_1": 82.41733151199111, "det_2": 11.979591975278488, "laseroff": 475728.1956782149, "laseron": 295081.80824819056, "main_det": 15.6103021925571}, "datetime": {"datetime": "2022-01-07 17:32:01", "elapsed": 47383.15005, "delta": 704.834749}}
{"target": 6.0, "params": {"beta_1": 0.03729457874588604, "beta_2": 4.003163363403082, "det_1": 93.29742738410204, "det_2": 25.17762989046948, "laseroff": 416358.80535860744, "laseron": 277926.5303935332, "main_det": 17.471216427371846}, "datetime": {"datetime": "2022-01-07 17:47:37", "elapsed": 48319.153298, "delta": 936.003248}}
{"target": 5.0, "params": {"beta_1": 1.1124804679808378, "beta_2": 0.6822761283034251, "det_1": 75.99176895122116, "det_2": 8.033586393518434, "laseroff": 313366.51901155, "laseron": 155628.2503242016, "main_det": 12.257093386078548}, "datetime": {"datetime": "2022-01-07 18:02:50", "elapsed": 49231.631558, "delta": 912.47826}}
{"target": 5.0, "params": {"beta_1": 1.4259779607653533, "beta_2": 2.798584910270712, "det_1": 71.25559801591159, "det_2": 6.799356992237169, "laseroff": 590182.9317237516, "laseron": 230135.93072016985, "main_det": 12.032932346609904}, "datetime": {"datetime": "2022-01-07 18:16:00", "elapsed": 50022.079719, "delta": 790.448161}}
{"target": 4.0, "params": {"beta_1": 0.5046514891406468, "beta_2": 3.719129270375465, "det_1": 89.54294811093187, "det_2": 19.533973181831442, "laseroff": 591006.0267065046, "laseron": 275223.0269290281, "main_det": 12.398477591475862}, "datetime": {"datetime": "2022-01-07 18:29:13", "elapsed": 50815.223843, "delta": 793.144124}}
{"target": 11.0, "params": {"beta_1": 0.9875394285374599, "beta_2": 3.0997785919068988, "det_1": 152.89808995501787, "det_2": 8.919784866152106, "laseroff": 305573.8420770207, "laseron": 149566.78196802142, "main_det": 14.863451109370319}, "datetime": {"datetime": "2022-01-07 18:54:11", "elapsed": 52313.08906, "delta": 1497.865217}}
{"target": 9.0, "params": {"beta_1": 1.2126589233066607, "beta_2": 2.8442571854324066, "det_1": 101.73624093221608, "det_2": 29.715403860311223, "laseroff": 473923.9860285198, "laseron": 199731.6360835855, "main_det": 15.509482191178968}, "datetime": {"datetime": "2022-01-07 19:08:07", "elapsed": 53149.415124, "delta": 836.326064}}
{"target": 8.0, "params": {"beta_1": 1.4906688618130042, "beta_2": 3.3461644672659228, "det_1": 96.49195576628094, "det_2": 6.658370860711039, "laseroff": 411025.88929003396, "laseron": 240103.10393580826, "main_det": 12.101740099148396}, "datetime": {"datetime": "2022-01-07 19:23:06", "elapsed": 54047.773773, "delta": 898.358649}}
{"target": 22.0, "params": {"beta_1": 1.7538751743470655, "beta_2": 0.10867653282173206, "det_1": 116.59599715313693, "det_2": 15.660833155990106, "laseroff": 428482.23936244793, "laseron": 212465.3080665361, "main_det": 18.616518370866512}, "datetime": {"datetime": "2022-01-07 19:40:54", "elapsed": 55116.079496, "delta": 1068.305723}}
