{"target": -1.0, "params": {"Bgrad": 0.5813982883792952, "d1": -0.04408898773408687, "d2": -0.21954628843867763, "d3": -0.6332207487761443, "d4": -0.9174480820815032, "p1": 46.91250707642395, "p2": 47.04608718762238, "p3": 43.99347109032148, "p4": 49.32634709791058, "pol1": 0.7766248553937767, "pol2": -0.4056759912680217, "pol3": 0.030592562385003186, "pol4": 0.39902862521910043, "v0s": 4.7030936251948665}, "datetime": {"datetime": "2022-06-24 04:26:31", "elapsed": 710.959852, "delta": 6.7391}}
{"target": 2.7696802779395417, "params": {"Bgrad": 0.5476053629686026, "d1": -0.32144613715002146, "d2": -2.857146699823785, "d3": -2.2461625200075854, "d4": -0.3780836153424958, "p1": 10.37224020753284, "p2": 4.548504935442027, "p3": 31.17301701554388, "p4": 18.542422126702835, "pol1": -0.7895937361002996, "pol2": 0.7521729758690652, "pol3": -0.09761896220435995, "pol4": -0.7239727656930601, "v0s": 2.7696802779395417}, "datetime": {"datetime": "2022-06-24 04:26:35", "elapsed": 714.421651, "delta": 3.461799}}
{"target": -1.0, "params": {"Bgrad": 0.728552287032828, "d1": -0.1002285139661998, "d2": -1.4791085593757098, "d3": -0.7144437686921852, "d4": -2.5859842767689107, "p1": 45.032049896854424, "p2": 46.24569257185857, "p3": 41.313700313486216, "p4": 46.85890345570192, "pol1": 0.8754883200397117, "pol2": -0.6621302526905797, "pol3": 0.6586793924141165, "pol4": -0.45401149654868833, "v0s": 4.559770622955444}, "datetime": {"datetime": "2022-06-24 04:26:41", "elapsed": 720.123, "delta": 5.701349}}
{"target": 4.1028538539786625, "params": {"Bgrad": 1.019755975746219, "d1": -2.2867228069399563, "d2": 0.9460982866575449, "d3": -0.5679797060176806, "d4": -0.7202953478937912, "p1": 4.411855990754631, "p2": 11.997343573090664, "p3": 34.03468139577377, "p4": 28.60312767378917, "pol1": 0.8658269518178134, "pol2": -0.9402109622388821, "pol3": -0.8434452315005778, "pol4": 0.13862883592283692, "v0s": 4.1028538539786625}, "datetime": {"datetime": "2022-06-24 04:26:46", "elapsed": 725.22796, "delta": 5.10496}}
{"target": 2.8706137783129604, "params": {"Bgrad": 1.7903293341403672, "d1": -1.3148310015027964, "d2": -1.9458006229223757, "d3": -1.0467919248463633, "d4": -1.3439951135493002, "p1": 4.561731283756282, "p2": 8.843853829465004, "p3": 34.165490894288865, "p4": 30.6371057542248, "pol1": -0.8895383443083633, "pol2": 0.13898517855512238, "pol3": -0.568172160111506, "pol4": 0.8246775776458835, "v0s": 2.8706137783129604}, "datetime": {"datetime": "2022-06-24 04:26:49", "elapsed": 728.176628, "delta": 2.948668}}
{"target": 2.7249143835746077, "params": {"Bgrad": 0.8387308532808798, "d1": -1.481144383353581, "d2": -2.6269086586747172, "d3": -2.572469608296832, "d4": -2.8099451805902227, "p1": 9.246643210147276, "p2": 10.339800945934686, "p3": 34.04518438394869, "p4": 28.35910328830829, "pol1": 0.6905286855689621, "pol2": 0.6526460871648647, "pol3": 0.9076653253594911, "pol4": -0.6032620878643602, "v0s": 2.7249143835746077}, "datetime": {"datetime": "2022-06-24 04:26:52", "elapsed": 731.649874, "delta": 3.473246}}
{"target": -1.0, "params": {"Bgrad": 1.235139598862948, "d1": -2.237524843622016, "d2": -1.8295978134200652, "d3": -0.49737885758091993, "d4": -1.0968024244972656, "p1": 12.546210705074445, "p2": 3.3026453716528015, "p3": 35.04531220149412, "p4": 22.052262594504292, "pol1": 0.9337040140012847, "pol2": -0.2519098883153701, "pol3": -0.9298272791663449, "pol4": 0.3337098846843083, "v0s": 4.848813699200754}, "datetime": {"datetime": "2022-06-24 04:27:04", "elapsed": 743.763719, "delta": 12.113845}}
{"target": 3.405592906203851, "params": {"Bgrad": 1.9742151558176269, "d1": -1.1110519023224836, "d2": -0.5958138879879948, "d3": -1.2773707473704157, "d4": -0.04704307791189466, "p1": 2.7003089429299356, "p2": 9.641144130738176, "p3": 34.76247547585986, "p4": 28.890624446568374, "pol1": 0.27078171521037997, "pol2": -0.05671568132387628, "pol3": -0.9354657676120377, "pol4": 0.26562858068773965, "v0s": 3.405592906203851}, "datetime": {"datetime": "2022-06-24 04:27:09", "elapsed": 748.20343, "delta": 4.439711}}
{"target": -1.0, "params": {"Bgrad": 1.8756997010536058, "d1": -1.3405012221501824, "d2": -1.1709762479201995, "d3": -1.345493126712355, "d4": 0.34589835932568214, "p1": 3.6955235942971845, "p2": 10.78755151257465, "p3": 32.906857235772804, "p4": 30.842889067701762, "pol1": -0.31549802451427, "pol2": 0.11646003211392753, "pol3": -0.7858439219273698, "pol4": 0.19462768298683808, "v0s": 6.458119542107779}, "datetime": {"datetime": "2022-06-24 04:27:19", "elapsed": 758.463669, "delta": 10.260239}}
{"target": 2.857729094376805, "params": {"Bgrad": 1.4031512760818718, "d1": -2.7165686522003503, "d2": -1.3929130241393781, "d3": -1.5524638721888762, "d4": -0.37382389754752365, "p1": 10.824821926812906, "p2": 2.6040822383970488, "p3": 34.9537795273545, "p4": 21.676038011534597, "pol1": -0.032669800436740726, "pol2": -0.004639587267393663, "pol3": 0.6099517006274049, "pol4": -0.6494563818470709, "v0s": 2.857729094376805}, "datetime": {"datetime": "2022-06-24 04:27:24", "elapsed": 763.144239, "delta": 4.68057}}
{"target": -1.0, "params": {"Bgrad": 1.2877671608613581, "d1": -1.291887610024609, "d2": -2.0455179076910066, "d3": 0.09972901147070523, "d4": 0.5299224106326705, "p1": 9.166004685947494, "p2": 11.24508971261548, "p3": 33.459855159493394, "p4": 27.125871653760914, "pol1": 0.9367657580489646, "pol2": -0.4331600047817308, "pol3": 0.6879756433284092, "pol4": -0.465153747335425, "v0s": 2.3242107019820812}, "datetime": {"datetime": "2022-06-24 04:28:18", "elapsed": 817.564655, "delta": 54.420416}}
{"target": -1.0, "params": {"Bgrad": 0.5839910394861068, "d1": -1.0589596702951556, "d2": -0.839963434755183, "d3": -1.097229870342292, "d4": -0.07690530307234056, "p1": 12.778506376405435, "p2": 5.062009049739458, "p3": 30.81990004224141, "p4": 19.6863494618447, "pol1": -0.44199544482887854, "pol2": 0.5850501011921629, "pol3": 0.46522193957333213, "pol4": -0.3899529282722145, "v0s": 4.331289513293116}, "datetime": {"datetime": "2022-06-24 04:28:26", "elapsed": 825.171927, "delta": 7.607272}}
{"target": -1.0, "params": {"Bgrad": 0.9336518909716881, "d1": 0.3823839641937221, "d2": -1.7541449305237884, "d3": -2.313936047945582, "d4": 0.5961431380804374, "p1": 11.386385637377206, "p2": 3.174599656369187, "p3": 35.57987350146065, "p4": 22.911443003122077, "pol1": 0.560026267487046, "pol2": -0.11863600966051124, "pol3": 0.35165026668941257, "pol4": 0.4649269675552503, "v0s": 3.484425232380815}, "datetime": {"datetime": "2022-06-24 04:28:36", "elapsed": 835.564342, "delta": 10.392415}}
{"target": 5.988269600338705, "params": {"Bgrad": 1.4042238616515523, "d1": -2.2588781363386063, "d2": 0.09074869908483722, "d3": -1.2205504343708002, "d4": 0.971145047973011, "p1": 11.762553214962567, "p2": 5.290013650268243, "p3": 30.50970407456675, "p4": 20.465288342448723, "pol1": -0.7634108984711113, "pol2": 0.46967967537228744, "pol3": -0.7807936290951054, "pol4": 0.7314819459604724, "v0s": 5.988269600338705}, "datetime": {"datetime": "2022-06-24 04:28:56", "elapsed": 855.42757, "delta": 19.863228}}
{"target": -1.0, "params": {"Bgrad": 0.9936745765064415, "d1": -0.811406573791206, "d2": -1.7226995644762635, "d3": -2.4144854778856564, "d4": -2.71794934427388, "p1": 8.0752436263824, "p2": 9.150848764308495, "p3": 32.28657205211538, "p4": 28.01867160640163, "pol1": 0.6262370736416654, "pol2": 0.7547783863686717, "pol3": 0.44415831346593904, "pol4": 0.8013283296719926, "v0s": 4.451816854495621}, "datetime": {"datetime": "2022-06-24 04:29:05", "elapsed": 864.824658, "delta": 9.397088}}
{"target": -1.0, "params": {"Bgrad": 1.151244710789946, "d1": -1.7565529740279424, "d2": -0.1721959595533131, "d3": -1.1700489983071671, "d4": 1.0, "p1": 11.257093586773053, "p2": 5.246223860405445, "p3": 30.410677845701578, "p4": 20.734891079852638, "pol1": -0.9178976983060297, "pol2": 0.4575219910586264, "pol3": -0.4817785000409646, "pol4": 0.7784030009514945, "v0s": 5.596040523170451}, "datetime": {"datetime": "2022-06-24 04:29:16", "elapsed": 875.722698, "delta": 10.89804}}
{"target": 3.2098342352031635, "params": {"Bgrad": 1.5495107276834472, "d1": 0.7123325242259542, "d2": -1.723223705488559, "d3": -2.9409913133635888, "d4": -0.9499982290844278, "p1": 8.66254146549844, "p2": 4.0111899099049495, "p3": 34.990924386999076, "p4": 20.82706873337318, "pol1": 0.5704943465603776, "pol2": -0.2805515191061392, "pol3": -0.6509820524024157, "pol4": -0.42372766466726675, "v0s": 3.2098342352031635}, "datetime": {"datetime": "2022-06-24 04:29:27", "elapsed": 886.543472, "delta": 10.820774}}
{"target": 3.1044120502625874, "params": {"Bgrad": 0.7485203475198214, "d1": -2.836961554622434, "d2": -1.0785992484812557, "d3": -2.7194083460047977, "d4": -1.1167645871162626, "p1": 5.720068909409454, "p2": 4.9723071931591925, "p3": 36.194161380069936, "p4": 21.94388043647406, "pol1": 0.8395937547708172, "pol2": -0.26058381532913466, "pol3": 0.8155517091820021, "pol4": 0.2617523992674722, "v0s": 3.1044120502625874}, "datetime": {"datetime": "2022-06-24 04:29:31", "elapsed": 890.437652, "delta": 3.89418}}
{"target": 4.256944412786434, "params": {"Bgrad": 0.560178656198703, "d1": 0.08296675252732477, "d2": 0.43379049355262467, "d3": -1.673065533652594, "d4": -0.9885384925969656, "p1": 8.146782468594804, "p2": 10.028989298306378, "p3": 35.708947476480745, "p4": 28.663332584665525, "pol1": -0.3310902785852965, "pol2": -0.7996983402169393, "pol3": -0.24524308804327322, "pol4": 0.8109634067282601, "v0s": 4.256944412786434}, "datetime": {"datetime": "2022-06-24 04:29:34", "elapsed": 894.085922, "delta": 3.64827}}
{"target": -1.0, "params": {"Bgrad": 1.6401765411533644, "d1": -2.905562791463449, "d2": -1.875376434752019, "d3": -1.3659289477666268, "d4": 0.5341019043781308, "p1": 12.690464159057907, "p2": 1.6881825669004813, "p3": 35.57199246085342, "p4": 22.743110173411345, "pol1": -0.04426656302593468, "pol2": 0.3030439013215436, "pol3": -0.4730024362108134, "pol4": -0.4806618294083784, "v0s": 3.2204659991541393}, "datetime": {"datetime": "2022-06-24 04:29:47", "elapsed": 906.97568, "delta": 12.889758}}
{"target": -1.0, "params": {"Bgrad": 1.0014745468963098, "d1": -0.30766714233431847, "d2": -1.3227253562481591, "d3": -1.4763993771850372, "d4": -1.7000704559539588, "p1": 12.27719602555925, "p2": 1.9497233409296377, "p3": 33.175139994165114, "p4": 23.759850035782147, "pol1": -0.4624811755917224, "pol2": -0.5559706298121714, "pol3": 0.12084914468901986, "pol4": 0.14116763366312024, "v0s": 2.577271736846594}, "datetime": {"datetime": "2022-06-24 04:29:54", "elapsed": 913.416585, "delta": 6.440905}}
{"target": -1.0, "params": {"Bgrad": 0.8172222077555344, "d1": -2.1980670639559503, "d2": 0.9826235796768086, "d3": -2.518759082961757, "d4": 0.204461123705872, "p1": 4.563775598543362, "p2": 12.179705669219532, "p3": 34.24100198909263, "p4": 29.17584049114494, "pol1": -0.43576777175284254, "pol2": -0.8484684704770464, "pol3": -0.21297043779489466, "pol4": -0.48313164732380676, "v0s": 3.841007261201563}, "datetime": {"datetime": "2022-06-24 04:30:01", "elapsed": 920.200554, "delta": 6.783969}}
{"target": 3.8178012610324856, "params": {"Bgrad": 0.7869598982010271, "d1": -1.5400584818170113, "d2": -0.6501310538739511, "d3": -0.46487605611065064, "d4": 0.6980139361949242, "p1": 3.538429355992556, "p2": 11.983390052166143, "p3": 34.87755751189629, "p4": 28.893758457899903, "pol1": -0.4684370614049642, "pol2": 0.23861098725785812, "pol3": -0.0951384085260445, "pol4": 0.2195582074011051, "v0s": 3.8178012610324856}, "datetime": {"datetime": "2022-06-24 04:30:06", "elapsed": 925.427196, "delta": 5.226642}}
{"target": 3.9576518759948267, "params": {"Bgrad": 0.586147299247176, "d1": -2.813855970390539, "d2": -2.787508271084581, "d3": -2.9055672418186402, "d4": -0.6312559902074997, "p1": 10.604918030837903, "p2": 2.388039571040477, "p3": 34.7464499584444, "p4": 21.628142889603424, "pol1": 0.7630609576663464, "pol2": 0.47974112536206776, "pol3": -0.049289918586922374, "pol4": -0.41585569688868634, "v0s": 3.9576518759948267}, "datetime": {"datetime": "2022-06-24 04:30:09", "elapsed": 928.947347, "delta": 3.520151}}
{"target": 2.8849690897529046, "params": {"Bgrad": 1.0354456817060185, "d1": -0.32721843604442435, "d2": 0.38082947428264013, "d3": -1.704117032335124, "d4": -2.2250776455556283, "p1": 4.604098163837311, "p2": 12.104630875112482, "p3": 35.520121164749256, "p4": 29.430570682305934, "pol1": -0.5061104852463596, "pol2": -0.07354532426365346, "pol3": -0.03915814736120948, "pol4": -0.7906810537562134, "v0s": 2.8849690897529046}, "datetime": {"datetime": "2022-06-24 04:30:14", "elapsed": 933.943052, "delta": 4.995705}}
{"target": -1.0, "params": {"Bgrad": 1.7466067036525843, "d1": -1.4412858482028161, "d2": -1.4601742171617014, "d3": -0.570269964825084, "d4": -2.455553405648042, "p1": 5.115319737173269, "p2": 12.56593311862137, "p3": 33.12839999785558, "p4": 31.135960763481553, "pol1": -0.3303099470227764, "pol2": 0.7097767043714116, "pol3": -0.7092048103908681, "pol4": -0.8381823597016187, "v0s": 2.9271165227032503}, "datetime": {"datetime": "2022-06-24 04:30:18", "elapsed": 937.234311, "delta": 3.291259}}
{"target": -1.0, "params": {"Bgrad": 1.2344351878112452, "d1": -0.11512036128155279, "d2": -1.869226493229616, "d3": -2.533139908281572, "d4": 0.05367833434728064, "p1": 8.574764012513182, "p2": 4.151225890744891, "p3": 32.06288563396108, "p4": 18.490249267843527, "pol1": -0.27983504426285677, "pol2": 0.3569248783520744, "pol3": 0.16562497040256718, "pol4": 0.4410308909767173, "v0s": 4.821386622338334}, "datetime": {"datetime": "2022-06-24 04:30:28", "elapsed": 947.935387, "delta": 10.701076}}
{"target": -1.0, "params": {"Bgrad": 1.0811214867162076, "d1": -1.6025043977360358, "d2": -1.6300964706047685, "d3": -2.350991360601352, "d4": -0.7510740521482813, "p1": 9.569472807975043, "p2": 0.3440162781111977, "p3": 34.17944347319549, "p4": 19.53889582408606, "pol1": 0.9243246231224354, "pol2": -0.4130612182435358, "pol3": -0.3640258214426173, "pol4": 0.5601223915990254, "v0s": 2.716714120238476}, "datetime": {"datetime": "2022-06-24 04:30:37", "elapsed": 956.558466, "delta": 8.623079}}
{"target": -1.0, "params": {"Bgrad": 0.5543123284241236, "d1": -1.8306617336901834, "d2": 0.6341775923844146, "d3": -1.8589966381951952, "d4": -1.5490776455866162, "p1": 1.9935766898276253, "p2": 9.695122104876052, "p3": 32.09325812433482, "p4": 30.82741275019924, "pol1": -0.603688145514544, "pol2": 0.826878047922988, "pol3": -0.37256449782600076, "pol4": 0.5568287858035388, "v0s": 2.0363375791077747}, "datetime": {"datetime": "2022-06-24 04:30:42", "elapsed": 961.93915, "delta": 5.380684}}
{"target": -1.0, "params": {"Bgrad": 1.2746333920062318, "d1": -2.0783634729682032, "d2": 0.7313498501725211, "d3": -2.7043492091821797, "d4": 0.5311802293518957, "p1": 6.800194253134839, "p2": 10.651797136376768, "p3": 35.038163076838224, "p4": 28.17368791128097, "pol1": 0.4102559540479467, "pol2": 0.8659417402817626, "pol3": -0.24147750974278503, "pol4": -0.8790803180925422, "v0s": 3.4349896420158386}, "datetime": {"datetime": "2022-06-24 04:30:54", "elapsed": 973.757303, "delta": 11.818153}}
{"target": -1.0, "params": {"Bgrad": 1.5149953565711203, "d1": -0.6083106425087292, "d2": 0.5135082570823299, "d3": 0.3638012481039663, "d4": -2.1450941050019074, "p1": 2.8699789984443225, "p2": 12.959152131555124, "p3": 35.32651008852561, "p4": 29.24289454083452, "pol1": -0.8892156298358571, "pol2": -0.27403057207439074, "pol3": 0.33178686562216564, "pol4": 0.02498518386866211, "v0s": 5.138027849486631}, "datetime": {"datetime": "2022-06-24 04:31:08", "elapsed": 987.442921, "delta": 13.685618}}
{"target": 4.321993606459716, "params": {"Bgrad": 0.5588178636670214, "d1": -1.1518654887715365, "d2": 0.7103590947490099, "d3": -0.6997308697534246, "d4": -0.7597096897869191, "p1": 3.7675475785598103, "p2": 10.50411512052426, "p3": 35.76244371416503, "p4": 28.39088058064388, "pol1": 0.6857502214184039, "pol2": -0.6762876576176675, "pol3": -0.12497959535623271, "pol4": 0.5242351503361211, "v0s": 4.321993606459716}, "datetime": {"datetime": "2022-06-24 04:31:12", "elapsed": 991.184989, "delta": 3.742068}}
{"target": 2.6993416012161227, "params": {"Bgrad": 0.7424139310331861, "d1": -1.0744357878057267, "d2": -1.9397585791096872, "d3": -1.133590591917331, "d4": -2.0493391967713985, "p1": 10.659089048618176, "p2": 4.447994707835113, "p3": 30.560131011097752, "p4": 20.255640372123057, "pol1": 0.27182463458536565, "pol2": -0.47303594983132036, "pol3": -0.47267253729833225, "pol4": -0.3689042535031757, "v0s": 2.6993416012161227}, "datetime": {"datetime": "2022-06-24 04:31:16", "elapsed": 995.614247, "delta": 4.429258}}
{"target": 2.5310213063150027, "params": {"Bgrad": 1.3905687095339643, "d1": -1.742462976923866, "d2": -0.3162658802996292, "d3": -0.15275551790582442, "d4": 0.47634752671274416, "p1": 4.027393059610629, "p2": 8.45536872904724, "p3": 35.95892671089452, "p4": 28.56553503775217, "pol1": 0.2288176991761912, "pol2": 0.4502887780359308, "pol3": -0.8827533160716781, "pol4": 0.6497716579630717, "v0s": 2.5310213063150027}, "datetime": {"datetime": "2022-06-24 04:31:25", "elapsed": 1004.274253, "delta": 8.660006}}
{"target": -1.0, "params": {"Bgrad": 0.9099554111305166, "d1": 0.21409240029426213, "d2": 0.9125562430618785, "d3": -0.09253079571255851, "d4": -1.959266843963818, "p1": 3.7266980301730426, "p2": 9.146712856761695, "p3": 34.65123983803386, "p4": 28.368124362640124, "pol1": 0.4360521884346902, "pol2": -0.8886044230859411, "pol3": 0.4591657945273455, "pol4": 0.6489584692418935, "v0s": 3.817219765778286}, "datetime": {"datetime": "2022-06-24 04:31:35", "elapsed": 1014.965829, "delta": 10.691576}}
{"target": -1.0, "params": {"Bgrad": 1.6758112090364725, "d1": -0.9075771977008946, "d2": -0.5045636999783771, "d3": -0.8655104030106218, "d4": 0.8799735443979326, "p1": 13.317650062700459, "p2": 3.5061288267444257, "p3": 30.475335263196047, "p4": 21.266935907019562, "pol1": -0.7243070193266798, "pol2": -0.47224930607760807, "pol3": -0.8890330455281481, "pol4": -0.10884635630506123, "v0s": 5.006886421019716}, "datetime": {"datetime": "2022-06-24 04:31:45", "elapsed": 1024.819648, "delta": 9.853819}}
{"target": 3.0066866903284635, "params": {"Bgrad": 1.4026410853559683, "d1": -1.2743066583066067, "d2": -1.770265398215309, "d3": -1.7041372087275977, "d4": -1.3578623765743179, "p1": 12.297020923088425, "p2": 4.165784549788071, "p3": 29.937209407101857, "p4": 22.20431071500834, "pol1": 0.15974452339990552, "pol2": 0.04764094077941916, "pol3": 0.1820124865746502, "pol4": -0.596392264978775, "v0s": 3.0066866903284635}, "datetime": {"datetime": "2022-06-24 04:31:51", "elapsed": 1030.272185, "delta": 5.452537}}
{"target": -1.0, "params": {"Bgrad": 1.9212661461831073, "d1": 0.18196087337634514, "d2": -2.0308425014376303, "d3": -2.5522134946227575, "d4": -1.5785797551738998, "p1": 47.79588298340088, "p2": 48.228964802512564, "p3": 43.79566791506651, "p4": 44.29797336386097, "pol1": -0.6778709720139118, "pol2": -0.6295684442329512, "pol3": -0.37516717909207276, "pol4": 0.42808615935237504, "v0s": 2.6415389587694924}, "datetime": {"datetime": "2022-06-24 04:31:55", "elapsed": 1034.357818, "delta": 4.085633}}
{"target": 3.421990046105866, "params": {"Bgrad": 0.8229605809617665, "d1": -1.3277228840812776, "d2": -0.688035580787163, "d3": -2.513346472651243, "d4": -2.640973451642213, "p1": 7.154633268888233, "p2": 9.425676048133225, "p3": 38.14270675551757, "p4": 28.097381628772833, "pol1": 0.5896729339795541, "pol2": 0.11594229870919759, "pol3": -0.516523701794634, "pol4": 0.14341373682606062, "v0s": 3.421990046105866}, "datetime": {"datetime": "2022-06-24 04:31:58", "elapsed": 1037.769764, "delta": 3.411946}}
{"target": -1.0, "params": {"Bgrad": 1.655021969666742, "d1": -2.4565248845876404, "d2": -1.2046996830608423, "d3": -2.7549671527197623, "d4": -1.5144400655469528, "p1": 5.325043999818768, "p2": 11.634682332221063, "p3": 35.39206375068629, "p4": 26.662788005334164, "pol1": 0.029526155235173768, "pol2": 0.04751347073714807, "pol3": -0.9046568093951208, "pol4": 0.601128873049037, "v0s": 5.440072433254382}, "datetime": {"datetime": "2022-06-24 04:32:10", "elapsed": 1050.048654, "delta": 12.27889}}
{"target": 3.7025778399557794, "params": {"Bgrad": 0.9115809761150246, "d1": -0.43337458888463987, "d2": 0.9738605756990322, "d3": -2.7160961005363755, "d4": -1.810286071642345, "p1": 8.866837318772758, "p2": 9.719303922910239, "p3": 39.50860180423555, "p4": 31.36565282751237, "pol1": 0.06877054298242347, "pol2": -0.14644568954305015, "pol3": -0.1570239834775058, "pol4": 0.8350532430343272, "v0s": 3.7025778399557794}, "datetime": {"datetime": "2022-06-24 04:32:17", "elapsed": 1056.189849, "delta": 6.141195}}
{"target": -1.0, "params": {"Bgrad": 1.243433198378719, "d1": -1.6418773018997515, "d2": -0.4533215173045355, "d3": 0.71415577380129, "d4": 0.7122197123918119, "p1": 10.809592308826483, "p2": 5.968797092638995, "p3": 32.959576674805554, "p4": 19.94858731974637, "pol1": 0.5312624202172977, "pol2": 0.32526272453716665, "pol3": -0.27321620522383516, "pol4": -0.5316761438092543, "v0s": 7.478758562246457}, "datetime": {"datetime": "2022-06-24 04:32:27", "elapsed": 1066.684935, "delta": 10.495086}}
{"target": 3.639284578932364, "params": {"Bgrad": 0.5421460389177158, "d1": -2.6631476854160985, "d2": -2.7978255244607273, "d3": -2.991288263988082, "d4": -0.5320768219182218, "p1": 9.959303502947384, "p2": 1.9449797518664849, "p3": 34.42080902014375, "p4": 21.74778122429389, "pol1": 0.6765047109051535, "pol2": -0.10471735713635232, "pol3": -0.745537920623389, "pol4": -0.35951412628353596, "v0s": 3.639284578932364}, "datetime": {"datetime": "2022-06-24 04:32:30", "elapsed": 1069.908385, "delta": 3.22345}}
