{"target": 2.850807462167453, "params": {"Bgrad": 0.5149685340511216, "d1": -2.176987421257722, "d2": -2.603420083944204, "d3": -2.954098662444308, "d4": -0.6123667990261175, "p1": 27.108573866091472, "p2": 22.199656040138315, "p3": 18.76331208022077, "p4": 32.411900659083834, "pol1": 0.924128390374348, "pol2": -0.5900402555647357, "pol3": 0.057483247947133886, "pol4": -0.3265199136587751, "v0s": 2.850807462167453}, "datetime": {"datetime": "2022-06-16 02:18:26", "elapsed": 260153.373179, "delta": 10.820079}}
{"target": -1.0, "params": {"Bgrad": 0.9561577939915925, "d1": -0.6584235715612166, "d2": -2.518250795579923, "d3": -0.2264618586007514, "d4": -0.871422931370863, "p1": 28.552503543487838, "p2": 16.62032583001426, "p3": 18.612421580415262, "p4": 22.67776658824258, "pol1": 0.10480783816241623, "pol2": -0.82598451375356, "pol3": 0.6629431990808139, "pol4": -0.9584203258695825, "v0s": 6.391666373957189}, "datetime": {"datetime": "2022-06-16 02:18:49", "elapsed": 260176.424566, "delta": 23.051387}}
{"target": 3.779303454258016, "params": {"Bgrad": 1.879922676745796, "d1": -0.8530127855726053, "d2": 0.5532637795645643, "d3": -2.9215167038290546, "d4": -1.9409408713383813, "p1": 39.013769273998705, "p2": 21.01390347570155, "p3": 31.007480113716674, "p4": 0.7295354873549709, "pol1": -0.5016765085890591, "pol2": 0.513359987015346, "pol3": -0.5727606214263006, "pol4": 0.4490245292249788, "v0s": 3.779303454258016}, "datetime": {"datetime": "2022-06-16 02:18:58", "elapsed": 260185.943125, "delta": 9.518559}}
{"target": 5.536881296309791, "params": {"Bgrad": 1.4903801221719286, "d1": -1.8261385104513734, "d2": 0.7193205429677909, "d3": -1.2209192581562767, "d4": -2.5436496053818267, "p1": 9.148215204034498, "p2": 13.631455163423928, "p3": 2.31121012513153, "p4": 47.43358579666843, "pol1": 0.062002214260592714, "pol2": -0.3441503743017944, "pol3": -0.4354765655558219, "pol4": 0.5664721851198773, "v0s": 5.536881296309791}, "datetime": {"datetime": "2022-06-16 02:19:17", "elapsed": 260204.870535, "delta": 18.92741}}
{"target": -1.0, "params": {"Bgrad": 0.5212413510496936, "d1": -0.009608964251525798, "d2": -0.9379297923130085, "d3": 0.997020574313944, "d4": -0.26747160268938064, "p1": 42.74535591477133, "p2": 43.113943624812144, "p3": 3.442652274028757, "p4": 21.96246440972849, "pol1": 0.8150244070452308, "pol2": -0.903900426531413, "pol3": -0.007726780762177032, "pol4": 0.7330987042064478, "v0s": 5.598106093061927}, "datetime": {"datetime": "2022-06-16 02:19:30", "elapsed": 260217.87378, "delta": 13.003245}}
{"target": -1.0, "params": {"Bgrad": 1.6296611451092344, "d1": -0.00322186603762864, "d2": -2.7986964871238507, "d3": 0.9563413133284473, "d4": -2.7201646216446353, "p1": 21.175348608677076, "p2": 41.48191214108901, "p3": 33.63912065119045, "p4": 49.61806869402286, "pol1": -0.14226952299318718, "pol2": -0.2357205757558536, "pol3": 0.32842271911891907, "pol4": -0.6134660442235851, "v0s": 4.956353358884404}, "datetime": {"datetime": "2022-06-16 02:19:48", "elapsed": 260235.209445, "delta": 17.335665}}
{"target": -1.0, "params": {"Bgrad": 1.0759273750208282, "d1": -2.4855545288635135, "d2": -1.541321530037722, "d3": -1.2714002795960124, "d4": -0.05064653126147567, "p1": 19.879062759342066, "p2": 2.0139747149386986, "p3": 35.247065577534784, "p4": 3.8188046134396805, "pol1": 0.4039488357099297, "pol2": -0.657708489843206, "pol3": 0.1783012978836409, "pol4": 0.8633330423295718, "v0s": 4.36259808045134}, "datetime": {"datetime": "2022-06-16 02:20:09", "elapsed": 260256.946346, "delta": 21.736901}}
{"target": -1.0, "params": {"Bgrad": 1.7661033122803316, "d1": -1.4490312616765992, "d2": 0.9259896370981626, "d3": -1.9131216948902119, "d4": -0.5322718546640606, "p1": 14.65884170976713, "p2": 35.46522569508386, "p3": 31.864887661730585, "p4": 47.479591692940254, "pol1": 0.072664212724461, "pol2": -0.9915009183316461, "pol3": 0.6124535165042533, "pol4": -0.46058488594275104, "v0s": 6.089025770388173}, "datetime": {"datetime": "2022-06-16 02:20:28", "elapsed": 260275.823889, "delta": 18.877543}}
{"target": -1.0, "params": {"Bgrad": 1.4396432826330814, "d1": 0.512006513913513, "d2": 0.6117130415593448, "d3": -2.2822595230762555, "d4": -0.9344601545958033, "p1": 16.348085720954415, "p2": 26.405806345029475, "p3": 40.88554139441784, "p4": 48.346072990870894, "pol1": -0.3487731419020421, "pol2": -0.95203543310698, "pol3": 0.43389949641516856, "pol4": -0.40687139819379725, "v0s": 5.239641485710399}, "datetime": {"datetime": "2022-06-16 02:20:50", "elapsed": 260297.062124, "delta": 21.238235}}
{"target": -1.0, "params": {"Bgrad": 0.7711546252059134, "d1": 0.7149327226653557, "d2": -1.9113910475568487, "d3": 0.24538115458451148, "d4": -1.9825030666932144, "p1": 37.81411181327148, "p2": 23.82038244415235, "p3": 27.101894268348868, "p4": 33.60346358116087, "pol1": 0.511656066565632, "pol2": -0.03485006150282821, "pol3": -0.7728623152102092, "pol4": 0.7506160073731396, "v0s": 2.6771223215623277}, "datetime": {"datetime": "2022-06-16 02:21:13", "elapsed": 260320.952268, "delta": 23.890144}}
{"target": -1.0, "params": {"Bgrad": 0.553268142144155, "d1": -1.7478403620097551, "d2": -2.3917738949161853, "d3": 0.11898116993020613, "d4": 0.340997886414824, "p1": 19.215178600915728, "p2": 22.54583487829797, "p3": 5.276827868032935, "p4": 21.72579499252671, "pol1": -0.7318721679269358, "pol2": 0.1462600580204605, "pol3": 0.2541684050249897, "pol4": -0.05307299052298964, "v0s": 5.072557124041255}, "datetime": {"datetime": "2022-06-16 02:21:25", "elapsed": 260332.84149, "delta": 11.889222}}
{"target": -1.0, "params": {"Bgrad": 1.6048012313041902, "d1": -2.8591229023801756, "d2": -2.4633087925246038, "d3": -1.971367676817776, "d4": 0.3080814360106574, "p1": 24.007095093333465, "p2": 43.969240498142184, "p3": 37.96051650934713, "p4": 12.54470529725813, "pol1": -0.30460284184156494, "pol2": 0.5183615649584277, "pol3": 0.1468695478877451, "pol4": 0.7458780456489287, "v0s": 7.459527085233025}, "datetime": {"datetime": "2022-06-16 02:21:52", "elapsed": 260360.028824, "delta": 27.187334}}
{"target": -1.0, "params": {"Bgrad": 1.9421322636940719, "d1": 0.807713274034147, "d2": -2.358487086215705, "d3": -2.8907526795259773, "d4": -2.4366790571721326, "p1": 36.758657898578775, "p2": 19.866417910536242, "p3": 26.307282442769807, "p4": 6.315582074153298, "pol1": 0.9366443951010928, "pol2": -0.22149740716415334, "pol3": 0.08894728783155137, "pol4": 0.2902085174855076, "v0s": 6.263866245665695}, "datetime": {"datetime": "2022-06-16 02:22:18", "elapsed": 260385.638373, "delta": 25.609549}}
{"target": -1.0, "params": {"Bgrad": 1.4144312573520228, "d1": -1.5891748881113563, "d2": -1.5499654019235054, "d3": 0.6703508335897261, "d4": 0.7536722982720567, "p1": 18.491019275716898, "p2": 26.19638397810932, "p3": 29.14238197958235, "p4": 10.601021916584703, "pol1": -0.19574244692627119, "pol2": -0.8099092911888819, "pol3": 0.23871771549295095, "pol4": 0.42609830735160714, "v0s": 3.6700496745276685}, "datetime": {"datetime": "2022-06-16 02:22:41", "elapsed": 260408.914162, "delta": 23.275789}}
{"target": -1.0, "params": {"Bgrad": 0.8103802379493301, "d1": -0.686291979227267, "d2": -1.752573032638813, "d3": 0.050646850820017075, "d4": -2.411451320389085, "p1": 22.66398654462979, "p2": 46.17305258533279, "p3": 28.521312412805898, "p4": 6.716546909518284, "pol1": 0.36302966321400243, "pol2": 0.3603713957944077, "pol3": -0.3061653843450358, "pol4": 0.4013091414457537, "v0s": 6.283354790288479}, "datetime": {"datetime": "2022-06-16 02:22:59", "elapsed": 260426.433336, "delta": 17.519174}}
{"target": -1.0, "params": {"Bgrad": 0.9632458271222599, "d1": -2.2644292575573974, "d2": -2.955083989544897, "d3": -0.3620725046155462, "d4": 0.36492013461101, "p1": 5.831837352162289, "p2": 46.050334506216274, "p3": 21.566984584200434, "p4": 0.44626873695768343, "pol1": -0.9565322644499297, "pol2": -0.17416961119901875, "pol3": -0.11501867919202713, "pol4": -0.4870911677582752, "v0s": 4.276875610203359}, "datetime": {"datetime": "2022-06-16 02:23:14", "elapsed": 260441.70751, "delta": 15.274174}}
{"target": 3.290689276416983, "params": {"Bgrad": 1.0428887406082097, "d1": -2.7964965611975305, "d2": 0.1717025201343252, "d3": -2.8234612960381087, "d4": -0.6021484489820228, "p1": 27.11644668654733, "p2": 19.745342704363715, "p3": 40.65685077571524, "p4": 38.28944925465613, "pol1": -0.36563530591881954, "pol2": 0.2423521576639307, "pol3": 0.16273856014236654, "pol4": 0.19703361964011346, "v0s": 3.290689276416983}, "datetime": {"datetime": "2022-06-16 02:23:25", "elapsed": 260452.739025, "delta": 11.031515}}
{"target": -1.0, "params": {"Bgrad": 1.857657389710643, "d1": 0.2885056402411088, "d2": -1.1717982757498535, "d3": -1.021871834479478, "d4": -0.947845398225553, "p1": 48.939981752329544, "p2": 31.073228360000098, "p3": 23.86033419529912, "p4": 21.18583990441784, "pol1": 0.554555609357007, "pol2": -0.7094004771954199, "pol3": -0.23140421137348843, "pol4": -0.6004254822045239, "v0s": 6.421777216629851}, "datetime": {"datetime": "2022-06-16 02:23:45", "elapsed": 260472.322681, "delta": 19.583656}}
{"target": -1.0, "params": {"Bgrad": 1.7188538359587993, "d1": -1.538812897811006, "d2": -0.436626363224514, "d3": -1.356743906950162, "d4": -1.060325608101662, "p1": 41.78066222068982, "p2": 9.101666943224817, "p3": 39.86272798427116, "p4": 48.93210007600674, "pol1": -0.02388979882741782, "pol2": -0.5345996027339723, "pol3": 0.3935548207982791, "pol4": -0.2847579616331124, "v0s": 7.983041197355951}, "datetime": {"datetime": "2022-06-16 02:24:10", "elapsed": 260497.720796, "delta": 25.398115}}
{"target": 2.7354122880859904, "params": {"Bgrad": 1.6106117033083316, "d1": -1.4098476283363754, "d2": 0.986832251918984, "d3": -0.18414878625789566, "d4": -1.406539780964681, "p1": 45.411421825940614, "p2": 11.629288240588071, "p3": 25.401730685502226, "p4": 5.542074138539915, "pol1": 0.8200927469592683, "pol2": 0.7780321982997938, "pol3": -0.9459556298251144, "pol4": 0.5936409685929576, "v0s": 2.7354122880859904}, "datetime": {"datetime": "2022-06-16 02:24:21", "elapsed": 260508.446129, "delta": 10.725333}}
{"target": -1.0, "params": {"Bgrad": 1.6626190231427604, "d1": -0.46916447982886345, "d2": -1.6563246926360309, "d3": -2.6775768701117837, "d4": -1.4675405069526852, "p1": 29.235883532827494, "p2": 11.055219653114335, "p3": 28.17878964327682, "p4": 47.06743238613212, "pol1": 0.24579429437605382, "pol2": -0.16047243864450067, "pol3": 0.3599595589313487, "pol4": 0.15423164599665906, "v0s": 4.975628822924765}, "datetime": {"datetime": "2022-06-16 02:24:41", "elapsed": 260528.319012, "delta": 19.872883}}
{"target": -1.0, "params": {"Bgrad": 0.9018994036089215, "d1": 0.9391847805557534, "d2": -1.3655062931637718, "d3": -0.20485319595067697, "d4": 0.3518124092044297, "p1": 38.01353042074077, "p2": 36.814675024595346, "p3": 36.68376960890994, "p4": 0.5827621046896936, "pol1": -0.9821065863804388, "pol2": 0.4657461720548428, "pol3": -0.9683145573833287, "pol4": 0.5630590320815214, "v0s": 2.583555207725775}, "datetime": {"datetime": "2022-06-16 02:25:02", "elapsed": 260549.30492, "delta": 20.985908}}
{"target": -1.0, "params": {"Bgrad": 1.5686387018422923, "d1": -2.435187875124738, "d2": -0.4888855869109956, "d3": -0.70761028726145, "d4": -0.5219235017111488, "p1": 13.80973657298094, "p2": 25.738648182487367, "p3": 4.72790019933495, "p4": 24.52694447997358, "pol1": 0.5793502480962673, "pol2": 0.8960272509990974, "pol3": 0.998778591914693, "pol4": -0.25358919336170316, "v0s": 5.783517417919307}, "datetime": {"datetime": "2022-06-16 02:25:28", "elapsed": 260575.325372, "delta": 26.020452}}
{"target": -1.0, "params": {"Bgrad": 1.7877355132861033, "d1": -0.9259906469249941, "d2": -0.2735210653136946, "d3": -1.4089997768422902, "d4": -1.559372533888963, "p1": 1.8483819141866586, "p2": 26.85982045295672, "p3": 18.952206434207213, "p4": 24.125298898727294, "pol1": -0.4789425802661309, "pol2": 0.7922133111869369, "pol3": 0.8646544768483715, "pol4": -0.643160308009229, "v0s": 7.238042224512558}, "datetime": {"datetime": "2022-06-16 02:25:46", "elapsed": 260593.229518, "delta": 17.904146}}
{"target": -1.0, "params": {"Bgrad": 0.6175832360752362, "d1": -1.5938517708067916, "d2": -0.5983888610326251, "d3": -2.6527933001600696, "d4": -2.0100191645625842, "p1": 12.853964504633952, "p2": 31.294272508244436, "p3": 46.544058628261794, "p4": 28.450399976960522, "pol1": -0.5443823737757734, "pol2": -0.09207907651953162, "pol3": 0.3639074697935225, "pol4": -0.48797812623084713, "v0s": 2.5576379053161133}, "datetime": {"datetime": "2022-06-16 02:25:58", "elapsed": 260605.075854, "delta": 11.846336}}
{"target": 2.258939365866855, "params": {"Bgrad": 1.1703032773967055, "d1": -2.1648442746986594, "d2": 0.4553849018793765, "d3": -2.5216186897192934, "d4": -0.05503433926482604, "p1": 38.977549839044016, "p2": 47.13704207245252, "p3": 23.789571011964995, "p4": 12.87526733221695, "pol1": -0.052165549473287554, "pol2": -0.38464607809256024, "pol3": 0.4971994787794709, "pol4": -0.9071106346846043, "v0s": 2.258939365866855}, "datetime": {"datetime": "2022-06-16 02:26:09", "elapsed": 260616.22306, "delta": 11.147206}}
{"target": -1.0, "params": {"Bgrad": 1.9234366824992404, "d1": 0.44856344245773405, "d2": 0.29732925154048173, "d3": -0.46530043750238415, "d4": -0.4395039476328231, "p1": 20.894948969880677, "p2": 8.263926233503426, "p3": 24.14646727553193, "p4": 8.23770334963822, "pol1": -0.08216792712627696, "pol2": 0.7693983981351387, "pol3": -0.6170395711678547, "pol4": 0.686490292932054, "v0s": 3.7828739301696417}, "datetime": {"datetime": "2022-06-16 02:26:26", "elapsed": 260633.750212, "delta": 17.527152}}
{"target": -1.0, "params": {"Bgrad": 1.1488505648528724, "d1": 0.43140304819366415, "d2": -0.27059347045080395, "d3": -2.7593954338145505, "d4": -2.4623822998203533, "p1": 37.87463982712112, "p2": 37.8378068319921, "p3": 47.42518025924667, "p4": 7.350370182356886, "pol1": 0.6714486770673762, "pol2": 0.019677333131380426, "pol3": 0.5569174103730821, "pol4": 0.629238291935571, "v0s": 2.9579097412807176}, "datetime": {"datetime": "2022-06-16 02:26:57", "elapsed": 260664.910925, "delta": 31.160713}}
{"target": -1.0, "params": {"Bgrad": 0.9545074011435648, "d1": 0.9313445179883892, "d2": 0.9048286534165704, "d3": 0.4163476057919486, "d4": -1.2177516010743341, "p1": 31.406689848804515, "p2": 19.906787767855477, "p3": 20.577899103623558, "p4": 39.41113997030646, "pol1": -0.05918154591519276, "pol2": 0.7091197103756137, "pol3": 0.9115702474193716, "pol4": 0.0879971563202373, "v0s": 3.894016558125341}, "datetime": {"datetime": "2022-06-16 02:27:19", "elapsed": 260686.429411, "delta": 21.518486}}
{"target": -1.0, "params": {"Bgrad": 0.6788528598428248, "d1": 0.047104530310214, "d2": -2.603589056036788, "d3": -2.591401647881804, "d4": 0.5254052992488085, "p1": 3.2107581312106004, "p2": 39.978279564636054, "p3": 19.008475565580206, "p4": 28.602581600904415, "pol1": 0.24884358119618732, "pol2": -0.003982821975835105, "pol3": 0.2004304588703456, "pol4": -0.31084135834144755, "v0s": 6.966477174385769}, "datetime": {"datetime": "2022-06-16 02:27:31", "elapsed": 260698.15108, "delta": 11.721669}}
{"target": -1.0, "params": {"Bgrad": 0.8380436746818964, "d1": -2.8342323112465984, "d2": 0.8626543268983111, "d3": -0.14192853591311394, "d4": -1.277090441308376, "p1": 22.06135513763754, "p2": 14.931220834707398, "p3": 5.624301741595533, "p4": 13.33226243833594, "pol1": -0.6835235970367544, "pol2": 0.6592428612312895, "pol3": -0.8466296233146262, "pol4": 0.7263195491098593, "v0s": 6.948562509414798}, "datetime": {"datetime": "2022-06-16 02:27:52", "elapsed": 260719.917901, "delta": 21.766821}}
{"target": -1.0, "params": {"Bgrad": 1.820957151156755, "d1": -2.332040493890105, "d2": 0.9149035224348347, "d3": 0.21344306940271496, "d4": 0.8105022622792006, "p1": 11.760853730911109, "p2": 42.809719996270815, "p3": 6.198198519919012, "p4": 18.67527447102395, "pol1": -0.1781459820056024, "pol2": 0.025278616638447993, "pol3": -0.3055367022535138, "pol4": 0.03468554253793843, "v0s": 6.232550289313801}, "datetime": {"datetime": "2022-06-16 02:28:13", "elapsed": 260740.505873, "delta": 20.587972}}
{"target": -1.0, "params": {"Bgrad": 1.4522252080333298, "d1": -1.2919018863504501, "d2": -2.119884396760198, "d3": -2.255657892089653, "d4": -0.40896101492166714, "p1": 31.303535037191892, "p2": 18.810746935118377, "p3": 48.02931573539776, "p4": 6.141362799354844, "pol1": -0.4828818992358703, "pol2": 0.5139745494267587, "pol3": -0.2644453835337295, "pol4": 0.4039630850496476, "v0s": 7.994476141893495}, "datetime": {"datetime": "2022-06-16 02:28:40", "elapsed": 260767.71016, "delta": 27.204287}}
{"target": -1.0, "params": {"Bgrad": 0.571384656320364, "d1": -1.7252151382891627, "d2": -1.5951685568920158, "d3": 0.9109563628383048, "d4": 0.9620586650342227, "p1": 4.700991701092044, "p2": 8.954351553445001, "p3": 13.84675781285038, "p4": 1.8580460624191109, "pol1": -0.3307887945048147, "pol2": 0.05067659506390099, "pol3": -0.6416828079070274, "pol4": -0.2883866736620566, "v0s": 2.884119592597407}, "datetime": {"datetime": "2022-06-16 02:28:58", "elapsed": 260785.507591, "delta": 17.797431}}
{"target": 4.207606087545692, "params": {"Bgrad": 1.9483953896488244, "d1": -1.6286209577318251, "d2": -0.23607574764381667, "d3": -0.19516985350248772, "d4": 0.17954141723363337, "p1": 0.38927961661556765, "p2": 28.863950478326018, "p3": 41.19762169925485, "p4": 33.25763906516303, "pol1": 0.5244177285996747, "pol2": -0.9575652927629641, "pol3": -0.13093853323432092, "pol4": 0.7077782540638324, "v0s": 4.207606087545692}, "datetime": {"datetime": "2022-06-16 02:29:13", "elapsed": 260800.143472, "delta": 14.635881}}
{"target": -1.0, "params": {"Bgrad": 0.5325971906944998, "d1": -0.32884208133098536, "d2": -2.540885791814159, "d3": -2.812574802765503, "d4": -2.2630826493605825, "p1": 46.97286629271757, "p2": 2.5905440282942225, "p3": 34.41629614297223, "p4": 14.435698936494928, "pol1": -0.6547271250411622, "pol2": -0.12348256476799002, "pol3": -0.34406923696269875, "pol4": 0.948238581340163, "v0s": 4.498513573587234}, "datetime": {"datetime": "2022-06-16 02:29:33", "elapsed": 260820.624728, "delta": 20.481256}}
{"target": -1.0, "params": {"Bgrad": 0.5134104031918751, "d1": -1.697305154728853, "d2": -2.8919677930827974, "d3": -0.8530951740214703, "d4": -0.10617023333278208, "p1": 34.79858360803086, "p2": 47.368723986495695, "p3": 5.785059172112295, "p4": 9.465196233926159, "pol1": 0.8187885273150917, "pol2": -0.27073847991283717, "pol3": -0.6365563628869246, "pol4": -0.14418033556855514, "v0s": 6.9855012964537}, "datetime": {"datetime": "2022-06-16 02:29:52", "elapsed": 260839.257925, "delta": 18.633197}}
{"target": 3.403610818394215, "params": {"Bgrad": 1.329064995171882, "d1": -0.42719140026288116, "d2": 0.050465152539011626, "d3": -0.5643578743988531, "d4": -2.442511899902705, "p1": 45.88591701126499, "p2": 2.6488101788356144, "p3": 45.23042203787005, "p4": 48.37810955037495, "pol1": -0.8676670007638092, "pol2": -0.3854072424731747, "pol3": -0.4397340139842254, "pol4": 0.19007698156264996, "v0s": 3.403610818394215}, "datetime": {"datetime": "2022-06-16 02:30:03", "elapsed": 260850.989568, "delta": 11.731643}}
{"target": -1.0, "params": {"Bgrad": 1.366444948189866, "d1": 0.4515503239079304, "d2": -1.0717824100130637, "d3": 0.5803898111723211, "d4": -2.351348124104657, "p1": 23.365476001717013, "p2": 29.45471507364627, "p3": 3.7286989880205565, "p4": 22.135940768987922, "pol1": -0.3905197233066888, "pol2": -0.6091766163271826, "pol3": 0.8160712882479291, "pol4": -0.752277331508632, "v0s": 4.488818942636034}, "datetime": {"datetime": "2022-06-16 02:30:23", "elapsed": 260870.881401, "delta": 19.891833}}
{"target": -1.0, "params": {"Bgrad": 1.9513361413057848, "d1": -1.143554444895896, "d2": -2.1826386228900296, "d3": 0.5646950520345189, "d4": -1.1591748794476389, "p1": 32.85542733136614, "p2": 1.6923549626126966, "p3": 26.96355753661457, "p4": 42.12177500166265, "pol1": 0.6004125248843917, "pol2": 0.5378115554463734, "pol3": 0.9504047527258768, "pol4": -0.41114136280693736, "v0s": 7.421865122853689}, "datetime": {"datetime": "2022-06-16 02:30:46", "elapsed": 260893.916832, "delta": 23.035431}}
{"target": -1.0, "params": {"Bgrad": 0.5071840157770873, "d1": -0.39548421158321156, "d2": 0.10682452433133616, "d3": 0.7887781679800425, "d4": 0.2766051083650183, "p1": 8.026296488567624, "p2": 46.84252871964783, "p3": 27.349637008198652, "p4": 48.567997524152496, "pol1": -0.8214083834886121, "pol2": -0.8734106566686941, "pol3": 0.32603640815728574, "pol4": 0.21450458382913506, "v0s": 3.773752694229618}, "datetime": {"datetime": "2022-06-16 02:30:58", "elapsed": 260905.574672, "delta": 11.65784}}
{"target": -1.0, "params": {"Bgrad": 1.9007564428553145, "d1": 0.6638106353957021, "d2": -1.4269104960082513, "d3": -2.385090752924616, "d4": -2.142893106234999, "p1": 40.42496330571437, "p2": 42.52385885202888, "p3": 36.890723752847, "p4": 41.85184163542587, "pol1": 0.6413474174205687, "pol2": -0.7535637183380139, "pol3": 0.8595704338554058, "pol4": 0.35513422458514476, "v0s": 3.9976904940749964}, "datetime": {"datetime": "2022-06-16 02:31:19", "elapsed": 260926.703199, "delta": 21.128527}}
{"target": -1.0, "params": {"Bgrad": 0.638629077729898, "d1": -0.38887322385631373, "d2": -0.6840487638500683, "d3": -1.606505451524776, "d4": -1.2259418949411671, "p1": 45.19840433884771, "p2": 13.557667812324164, "p3": 23.3621473785712, "p4": 14.908586936794615, "pol1": -0.7984462963226411, "pol2": 0.40252641824144053, "pol3": -0.22163815003600207, "pol4": -0.14171965450536939, "v0s": 4.146564401387012}, "datetime": {"datetime": "2022-06-16 02:31:34", "elapsed": 260941.819794, "delta": 15.116595}}
