{"target": -1.0, "params": {"Bgrad": 0.6635974352710186, "d1": 0.4020139814696373, "d2": -2.5616055723633737, "d3": -0.11916901289902215, "d4": -0.7087028083156066, "p1": 4.3404192133739805, "p2": 45.26640180386834, "p3": 43.72832574426882, "p4": 42.192586568096345, "pol1": -0.2608652897653698, "pol2": -0.5540971752490929, "pol3": 0.9942233097175925, "pol4": 0.634676730959008, "v0s": 2.252768963768638}, "datetime": {"datetime": "2022-06-13 05:38:25", "elapsed": 12952.741514, "delta": 10.955717}}
{"target": -1.0, "params": {"Bgrad": 1.0599168167972424, "d1": 0.24874790299593874, "d2": -0.8864612131084817, "d3": -2.011476697599486, "d4": 0.17155172178997402, "p1": 13.08755219722338, "p2": 0.01991900273758951, "p3": 11.565945947786627, "p4": 49.66851444812404, "pol1": 0.3124016686842124, "pol2": -0.5586637558256526, "pol3": 0.3722794039574897, "pol4": 0.3738737964436376, "v0s": 5.844456619621148}, "datetime": {"datetime": "2022-06-13 05:38:36", "elapsed": 12963.7461, "delta": 11.004586}}
{"target": -1.0, "params": {"Bgrad": 0.6058227750828147, "d1": -2.0281435320428116, "d2": 0.483348771307754, "d3": -0.061036722793913256, "d4": -2.3287359760636663, "p1": 14.929473063827297, "p2": 28.136101436782347, "p3": 41.322288301141455, "p4": 10.02581531822534, "pol1": -0.7966694126930223, "pol2": -0.23626222081870218, "pol3": 0.8247069385055179, "pol4": -0.47897296148515145, "v0s": 2.6498261162784815}, "datetime": {"datetime": "2022-06-13 05:38:47", "elapsed": 12974.305878, "delta": 10.559778}}
{"target": -1.0, "params": {"Bgrad": 0.5839144479136739, "d1": -1.5933177765197728, "d2": -2.8494922189259095, "d3": -0.6678643150782202, "d4": -0.3097727587188195, "p1": 23.024179499236908, "p2": 37.055842686226434, "p3": 25.051248220704093, "p4": 35.1176310418081, "pol1": -0.538718188154065, "pol2": 0.4892248189229329, "pol3": 0.003274404010799259, "pol4": 0.41073765981805543, "v0s": 4.680186741898336}, "datetime": {"datetime": "2022-06-13 05:38:53", "elapsed": 12980.975052, "delta": 6.669174}}
{"target": -1.0, "params": {"Bgrad": 1.2589109143630721, "d1": -2.8338592680857064, "d2": -1.0427628375829414, "d3": -2.430849991210702, "d4": -2.4300166120618174, "p1": 21.667520127977248, "p2": 28.81073949129537, "p3": 17.152434759577602, "p4": 8.024579513210405, "pol1": 0.48282083395990294, "pol2": 0.9261831455658722, "pol3": 0.46728457190101125, "pol4": -0.8458715370051471, "v0s": 7.04544894875141}, "datetime": {"datetime": "2022-06-13 05:39:07", "elapsed": 12994.344318, "delta": 13.369266}}
{"target": 3.8500699163111967, "params": {"Bgrad": 0.6012710756200546, "d1": -1.2547518056030045, "d2": 0.715451197285117, "d3": -1.9472795854538218, "d4": -2.4881873124288187, "p1": 38.11193860304008, "p2": 46.43040606995656, "p3": 16.288421035215883, "p4": 11.622904892266828, "pol1": -0.6350290471765738, "pol2": 0.9264710453281477, "pol3": 0.1532692693005493, "pol4": 0.7201755438205684, "v0s": 3.8500699163111967}, "datetime": {"datetime": "2022-06-13 05:39:12", "elapsed": 12999.355921, "delta": 5.011603}}
{"target": -1.0, "params": {"Bgrad": 0.5846546455376613, "d1": -1.184783259538793, "d2": -2.1715596163705113, "d3": -0.9240653426838192, "d4": -0.8480494575290578, "p1": 14.714410862165645, "p2": 15.372694109190565, "p3": 1.2086836107416399, "p4": 21.02010069651903, "pol1": -0.3526211726824722, "pol2": 0.23898025052233263, "pol3": 0.7195261333839904, "pol4": -0.01471911841416862, "v0s": 2.4962497881913364}, "datetime": {"datetime": "2022-06-13 05:39:18", "elapsed": 13005.128493, "delta": 5.772572}}
{"target": -1.0, "params": {"Bgrad": 1.9002206875014387, "d1": 0.23330786741902543, "d2": -1.5379247074569067, "d3": -1.6770843558994213, "d4": 0.7517363149785319, "p1": 18.744717028055806, "p2": 31.790110931158523, "p3": 49.26721690492867, "p4": 1.836988226524372, "pol1": -0.37073804370244345, "pol2": -0.537528556117054, "pol3": 0.8447308383025272, "pol4": 0.10227346110282909, "v0s": 2.3222812304595006}, "datetime": {"datetime": "2022-06-13 05:39:31", "elapsed": 13018.348164, "delta": 13.219671}}
{"target": -1.0, "params": {"Bgrad": 1.6328723742100952, "d1": -0.26366471466153296, "d2": -0.35130358625931546, "d3": 0.8229150997075303, "d4": 0.4984063948611728, "p1": 37.662574258287094, "p2": 11.133297718581925, "p3": 6.9007481021609305, "p4": 11.04441681707029, "pol1": -0.5889802778126958, "pol2": 0.13592909162911582, "pol3": 0.3260876463354394, "pol4": 0.05483504080330448, "v0s": 2.338096350406847}, "datetime": {"datetime": "2022-06-13 05:39:42", "elapsed": 13029.18619, "delta": 10.838026}}
{"target": -1.0, "params": {"Bgrad": 1.0447438924296948, "d1": 0.8709096364322435, "d2": -0.21795369837956358, "d3": -1.521040881833939, "d4": -0.313495405590666, "p1": 13.255484698673136, "p2": 3.8738782001480954, "p3": 26.40335696278041, "p4": 14.488456292594638, "pol1": -0.03669620869167267, "pol2": 0.8039891890986466, "pol3": 0.30348073349744786, "pol4": 0.4466382712518939, "v0s": 2.6155191513628124}, "datetime": {"datetime": "2022-06-13 05:39:58", "elapsed": 13046.020197, "delta": 16.834007}}
{"target": -1.0, "params": {"Bgrad": 1.2194871286890614, "d1": -1.3826324384421702, "d2": -0.4125710289932605, "d3": -1.849059461780168, "d4": -1.4677411511297338, "p1": 49.05083959754935, "p2": 5.740528389263333, "p3": 9.995393153068793, "p4": 11.952308217288522, "pol1": 0.3933084008804608, "pol2": 0.42737618264100297, "pol3": 0.5695098731513384, "pol4": -0.23791125034429816, "v0s": 7.114419725945325}, "datetime": {"datetime": "2022-06-13 05:40:10", "elapsed": 13057.946319, "delta": 11.926122}}
{"target": -1.0, "params": {"Bgrad": 1.5460198093834838, "d1": -0.14696040969305413, "d2": 0.28795457726028273, "d3": -0.4843022466367497, "d4": -1.3110895086068055, "p1": 1.5399405582336656, "p2": 29.772783164450118, "p3": 28.18817847509128, "p4": 30.040401077455957, "pol1": -0.35429306264685656, "pol2": 0.10976395368938419, "pol3": -0.6566873914318265, "pol4": 0.29971885241898377, "v0s": 2.430040842145497}, "datetime": {"datetime": "2022-06-13 05:40:15", "elapsed": 13062.482198, "delta": 4.535879}}
{"target": -1.0, "params": {"Bgrad": 1.8126157006996166, "d1": -2.1354481994136023, "d2": -1.8246217176869894, "d3": 0.5389476745577384, "d4": 0.5343683601027416, "p1": 41.81336080757065, "p2": 16.346780845312352, "p3": 45.11723196022833, "p4": 38.59011478874431, "pol1": 0.3161659619715098, "pol2": 0.7996061476449363, "pol3": 0.5662629445256733, "pol4": -0.15050098163382342, "v0s": 3.945531344762533}, "datetime": {"datetime": "2022-06-13 05:40:27", "elapsed": 13075.05659, "delta": 12.574392}}
{"target": -1.0, "params": {"Bgrad": 1.0908172066552257, "d1": -2.7543513837673426, "d2": -1.5462764278952124, "d3": -1.587825256620242, "d4": 0.4624979502297091, "p1": 44.435002476513105, "p2": 48.1526043431204, "p3": 16.409962380731713, "p4": 34.66600778954822, "pol1": 0.26613253579142815, "pol2": -0.5151125088201036, "pol3": 0.7399752526853569, "pol4": -0.5717961684607402, "v0s": 6.486284015904681}, "datetime": {"datetime": "2022-06-13 05:40:42", "elapsed": 13089.430168, "delta": 14.373578}}
{"target": -1.0, "params": {"Bgrad": 0.7169959032713434, "d1": -2.5727213750415534, "d2": -0.118711159505823, "d3": -0.8947275358211577, "d4": -1.2283366746549795, "p1": 38.909028387728526, "p2": 17.93716763991287, "p3": 42.66747992569533, "p4": 48.108624857841434, "pol1": 0.9582509871489799, "pol2": -0.4447439954394854, "pol3": -0.16998592723040984, "pol4": 0.45001976863471027, "v0s": 7.369195604077727}, "datetime": {"datetime": "2022-06-13 05:40:49", "elapsed": 13096.190101, "delta": 6.759933}}
{"target": -1.0, "params": {"Bgrad": 1.566966665156997, "d1": 0.03252913111620126, "d2": 0.5336146078710868, "d3": -1.5322070473995328, "d4": -0.8298202334113709, "p1": 26.738498779137288, "p2": 32.379129010214754, "p3": 44.759193986206384, "p4": 30.041373806306677, "pol1": 0.9398770754320076, "pol2": 0.46427110953049633, "pol3": -0.1694170168908351, "pol4": 0.16227692032817864, "v0s": 7.533924694502263}, "datetime": {"datetime": "2022-06-13 05:41:01", "elapsed": 13108.287765, "delta": 12.097664}}
{"target": -1.0, "params": {"Bgrad": 1.4277505758904598, "d1": -0.1602855863265522, "d2": -0.35483187162207974, "d3": -1.6554142444017494, "d4": -2.186660579509207, "p1": 20.390648130021017, "p2": 7.538490306586687, "p3": 41.31667738605077, "p4": 35.52303067504071, "pol1": -0.1978876211789682, "pol2": -0.6572346078233584, "pol3": 0.751598679772099, "pol4": 0.27812781207605464, "v0s": 7.979616919889279}, "datetime": {"datetime": "2022-06-13 05:41:14", "elapsed": 13121.693934, "delta": 13.406169}}
{"target": -1.0, "params": {"Bgrad": 0.6516468343966179, "d1": -2.0206065634709502, "d2": -2.665380263347753, "d3": -0.021032896961221237, "d4": -2.3616987621718306, "p1": 44.082976696750784, "p2": 24.573976326944873, "p3": 26.308463133425654, "p4": 2.126014439550211, "pol1": 0.22810727146325394, "pol2": -0.5447704218098655, "pol3": -0.5729918213059688, "pol4": 0.7906371378483832, "v0s": 7.32808009398195}, "datetime": {"datetime": "2022-06-13 05:41:21", "elapsed": 13128.415966, "delta": 6.722032}}
{"target": -1.0, "params": {"Bgrad": 0.5078977764894792, "d1": 0.32921583834440815, "d2": 0.6091953600782238, "d3": -0.9522093676301053, "d4": -0.3753047277944517, "p1": 38.389284196672364, "p2": 34.271998737628415, "p3": 22.95582098213396, "p4": 28.67261159913541, "pol1": 0.14811886346087788, "pol2": 0.6842610400485094, "pol3": -0.5191165847617123, "pol4": 0.5144529325314078, "v0s": 6.874022658310003}, "datetime": {"datetime": "2022-06-13 05:41:27", "elapsed": 13134.928562, "delta": 6.512596}}
{"target": -1.0, "params": {"Bgrad": 1.695548541717462, "d1": 0.23083127596793718, "d2": 0.3171200895462176, "d3": -1.3299369947910424, "d4": -0.5284530575978295, "p1": 37.762275807342924, "p2": 38.48827846708417, "p3": 47.93023114627679, "p4": 48.75376377960025, "pol1": 0.12946918381808148, "pol2": -0.06852186251618897, "pol3": 0.6710506533728431, "pol4": -0.560078152086686, "v0s": 6.598388536765364}, "datetime": {"datetime": "2022-06-13 05:41:39", "elapsed": 13146.555482, "delta": 11.62692}}
{"target": -1.0, "params": {"Bgrad": 0.7880173986901606, "d1": -0.6334897361877303, "d2": -0.5726741734977314, "d3": -1.2326247887912927, "d4": 0.45820261123199035, "p1": 27.17410930708848, "p2": 24.636485546228826, "p3": 20.906281783502862, "p4": 3.1112591693176093, "pol1": -0.2757010801462114, "pol2": -0.8143692836117222, "pol3": 0.13127699935210968, "pol4": 0.2810032631151813, "v0s": 6.606693575708959}, "datetime": {"datetime": "2022-06-13 05:41:50", "elapsed": 13157.397503, "delta": 10.842021}}
{"target": 3.386576765220954, "params": {"Bgrad": 1.4488028845162142, "d1": -2.2517569792981496, "d2": 0.0009758031164652792, "d3": -0.8045623982768544, "d4": -2.5913185626624404, "p1": 1.2413514593954011, "p2": 14.937309619167237, "p3": 34.50075146324625, "p4": 46.639417522206784, "pol1": 0.932994401360439, "pol2": 0.5290961786692934, "pol3": -0.413501628586211, "pol4": 0.24413825054593374, "v0s": 3.386576765220954}, "datetime": {"datetime": "2022-06-13 05:41:55", "elapsed": 13162.765156, "delta": 5.367653}}
{"target": -1.0, "params": {"Bgrad": 1.6260355574775076, "d1": -2.3365318820818883, "d2": 0.02588154209641047, "d3": 0.4743559957219259, "d4": -0.9219745856541719, "p1": 3.281741912925212, "p2": 22.444601037289786, "p3": 41.89143056899087, "p4": 8.987632671502698, "pol1": -0.9228818774744101, "pol2": 0.46538714895836475, "pol3": 0.12608144714679015, "pol4": -0.9158787471015346, "v0s": 7.909311584349809}, "datetime": {"datetime": "2022-06-13 05:42:08", "elapsed": 13175.349521, "delta": 12.584365}}
{"target": -1.0, "params": {"Bgrad": 1.3539985812255908, "d1": -0.6593733081493842, "d2": 0.15962656746577641, "d3": 0.610538682745235, "d4": -2.7569970546812237, "p1": 17.425660469440775, "p2": 10.004593153419632, "p3": 23.25757658274793, "p4": 4.573397098280746, "pol1": -0.8638284515205528, "pol2": -0.39822113373943235, "pol3": 0.8086905155437025, "pol4": 0.9510839557749924, "v0s": 6.582320190700368}, "datetime": {"datetime": "2022-06-13 05:42:21", "elapsed": 13188.074508, "delta": 12.724987}}
{"target": 4.231528739083417, "params": {"Bgrad": 0.5011113694408234, "d1": -0.05913778305506412, "d2": -2.912029960059901, "d3": -2.325737270979756, "d4": -2.957943966861879, "p1": 7.456349938363105, "p2": 34.37527625805115, "p3": 35.10084376706783, "p4": 18.553870331092842, "pol1": 0.46238164840072926, "pol2": 0.6946084108492772, "pol3": -0.7392849711168998, "pol4": -0.825185367676512, "v0s": 4.231528739083417}, "datetime": {"datetime": "2022-06-13 05:42:27", "elapsed": 13194.522275, "delta": 6.447767}}
{"target": 4.970044375056805, "params": {"Bgrad": 1.1058254563267609, "d1": -1.8943831205585187, "d2": 0.016672743777787158, "d3": -1.7128551977904314, "d4": 0.2005772476699983, "p1": 45.56541771368231, "p2": 25.65745037706079, "p3": 21.471101484032605, "p4": 4.579740108577263, "pol1": -0.45264539239006707, "pol2": 0.773295629091709, "pol3": -0.5081113174528942, "pol4": 0.24237877374174954, "v0s": 4.970044375056805}, "datetime": {"datetime": "2022-06-13 05:42:34", "elapsed": 13201.845701, "delta": 7.323426}}
{"target": -1.0, "params": {"Bgrad": 0.6415588039013216, "d1": 0.5974741255715044, "d2": -2.728916670167545, "d3": -0.2771906981336758, "d4": 0.8879925599375373, "p1": 35.4686895410372, "p2": 16.29543602291878, "p3": 3.672008318399933, "p4": 28.98685235236717, "pol1": 0.4670340365061867, "pol2": -0.2823079326929183, "pol3": 0.30750294502060616, "pol4": 0.1331828163969171, "v0s": 2.204638504389979}, "datetime": {"datetime": "2022-06-13 05:42:44", "elapsed": 13211.490921, "delta": 9.64522}}
{"target": -1.0, "params": {"Bgrad": 1.8810416795731497, "d1": -1.479976786190083, "d2": -1.4823922240124596, "d3": 0.3854235031906841, "d4": -1.062888392012744, "p1": 22.553439713165158, "p2": 31.992835767217343, "p3": 10.588564539441753, "p4": 26.41503463486272, "pol1": 0.3371370488314689, "pol2": 0.07755339996580979, "pol3": 0.4175222750161329, "pol4": 0.1970729839262757, "v0s": 7.048433202198549}, "datetime": {"datetime": "2022-06-13 05:42:57", "elapsed": 13224.662715, "delta": 13.171794}}
{"target": -1.0, "params": {"Bgrad": 1.8187561442021625, "d1": -2.608643187869165, "d2": -1.965624021911692, "d3": -2.7813753783227106, "d4": -2.0844325289246752, "p1": 36.04583535560552, "p2": 3.9272619746311244, "p3": 7.755975652501823, "p4": 38.53841637128818, "pol1": -0.11134964525444269, "pol2": -0.41975852461535745, "pol3": 0.2879693925459319, "pol4": 0.7738768090967529, "v0s": 2.2256326422546335}, "datetime": {"datetime": "2022-06-13 05:43:01", "elapsed": 13228.61914, "delta": 3.956425}}
{"target": -1.0, "params": {"Bgrad": 1.5396415167520694, "d1": -0.32579710390843797, "d2": 0.4720483943903222, "d3": -2.214511839905996, "d4": -0.1488294818641176, "p1": 5.195055412764366, "p2": 2.831317839700392, "p3": 34.03980171289345, "p4": 1.1317357066821465, "pol1": -0.9114018223957525, "pol2": -0.926093954453328, "pol3": -0.06917898253332755, "pol4": 0.5157388884893421, "v0s": 7.953195342139625}, "datetime": {"datetime": "2022-06-13 05:43:12", "elapsed": 13239.960828, "delta": 11.341688}}
{"target": -1.0, "params": {"Bgrad": 0.8399115448310934, "d1": 0.16952090108210927, "d2": 0.18098345671875826, "d3": 0.4889708373686732, "d4": -1.7429760388184476, "p1": 6.646252756860537, "p2": 39.835078999207155, "p3": 28.373166883395314, "p4": 20.73269634004355, "pol1": -0.8827166456280584, "pol2": -0.9868862492281314, "pol3": -0.36795307339083205, "pol4": -0.45708242933423726, "v0s": 4.854341763862217}, "datetime": {"datetime": "2022-06-13 05:43:25", "elapsed": 13252.471387, "delta": 12.510559}}
{"target": -1.0, "params": {"Bgrad": 1.8854177970532975, "d1": -1.3332620557573525, "d2": -1.8484645164823532, "d3": 0.3809861329862252, "d4": -1.7722005305179396, "p1": 45.77920112249926, "p2": 43.17059216421112, "p3": 31.940959408405327, "p4": 37.38375967868729, "pol1": -0.6853544089397365, "pol2": 0.20574854022291267, "pol3": -0.34592543226750827, "pol4": -0.022643892876146765, "v0s": 3.352312748587437}, "datetime": {"datetime": "2022-06-13 05:43:40", "elapsed": 13267.310724, "delta": 14.839337}}
{"target": -1.0, "params": {"Bgrad": 1.8529365165023346, "d1": -1.3538648912614932, "d2": -1.0930637872126088, "d3": -0.11438898826294075, "d4": -2.5112127483091804, "p1": 25.15325242755499, "p2": 40.65738316432142, "p3": 33.86709299602778, "p4": 16.08253630123173, "pol1": 0.4213307933323944, "pol2": 0.8688791973589629, "pol3": 0.7895524767026827, "pol4": 0.48446957635025334, "v0s": 3.596607013100975}, "datetime": {"datetime": "2022-06-13 05:43:54", "elapsed": 13281.545676, "delta": 14.234952}}
{"target": -1.0, "params": {"Bgrad": 1.0587311104054167, "d1": -0.7663283155058798, "d2": -1.4758044125743415, "d3": -1.177012551750058, "d4": 0.17410377647076958, "p1": 5.197006605505761, "p2": 48.64982891135864, "p3": 35.23095331055193, "p4": 43.23639341881627, "pol1": 0.5633601078857469, "pol2": -0.13563257298223808, "pol3": 0.8850222867664295, "pol4": -0.4938275657829363, "v0s": 2.277490539137314}, "datetime": {"datetime": "2022-06-13 05:44:04", "elapsed": 13291.091163, "delta": 9.545487}}
{"target": -1.0, "params": {"Bgrad": 0.6453173453972049, "d1": -2.1970535123116877, "d2": -0.8436778546102341, "d3": -2.1055897897362517, "d4": 0.3412832794056184, "p1": 0.46693436214028106, "p2": 37.2950464397337, "p3": 48.45039111210176, "p4": 13.359160554249627, "pol1": 0.24763101285682976, "pol2": 0.4295592698912103, "pol3": -0.34608516414073187, "pol4": -0.1337468561743247, "v0s": 6.406453076688729}, "datetime": {"datetime": "2022-06-13 05:44:11", "elapsed": 13298.868378, "delta": 7.777215}}
{"target": 3.989458744078842, "params": {"Bgrad": 0.6967252807820844, "d1": -2.4252561080047133, "d2": -1.4983747090057924, "d3": -2.0863637927534326, "d4": -1.7720544248800025, "p1": 7.503284244295244, "p2": 4.831802991949297, "p3": 45.79920155581695, "p4": 17.294670423584847, "pol1": 0.13193251347017987, "pol2": 0.0943975301447979, "pol3": -0.09928490369537801, "pol4": 0.49564116068488007, "v0s": 3.989458744078842}, "datetime": {"datetime": "2022-06-13 05:44:19", "elapsed": 13306.661547, "delta": 7.793169}}
{"target": -1.0, "params": {"Bgrad": 1.8387161852860134, "d1": -2.7278671107716503, "d2": -0.7004416290996764, "d3": -1.6437896921930384, "d4": -1.5443986204488245, "p1": 15.254894712380418, "p2": 30.17931497552671, "p3": 11.720396476692418, "p4": 14.715309984520964, "pol1": -0.4290108189100945, "pol2": -0.9864091093176652, "pol3": -0.25676298109217544, "pol4": -0.9022052976550772, "v0s": 7.246257275122437}, "datetime": {"datetime": "2022-06-13 05:44:30", "elapsed": 13317.980296, "delta": 11.318749}}
{"target": -1.0, "params": {"Bgrad": 1.5827339471051411, "d1": -0.6187715818906425, "d2": -0.024486660045590636, "d3": 0.6043763351660538, "d4": -0.22363774651818114, "p1": 29.537815856426384, "p2": 6.212962181272552, "p3": 20.229132576109386, "p4": 28.947562413045357, "pol1": 0.20568873163826518, "pol2": 0.9215556735677133, "pol3": -0.5889993578489496, "pol4": 0.3263026551260011, "v0s": 3.5385748439687026}, "datetime": {"datetime": "2022-06-13 05:44:42", "elapsed": 13329.90841, "delta": 11.928114}}
{"target": 2.285700700463834, "params": {"Bgrad": 1.1266418637656705, "d1": 0.8878018484381323, "d2": -1.6756902776357836, "d3": -1.5519073384978395, "d4": -1.241726206140227, "p1": 2.0333894944578326, "p2": 19.92851192522141, "p3": 30.949254978538438, "p4": 28.903999342511668, "pol1": 0.7468254555775535, "pol2": 0.2823731156303537, "pol3": 0.11391188935866192, "pol4": 0.28129431414420614, "v0s": 2.285700700463834}, "datetime": {"datetime": "2022-06-13 05:44:49", "elapsed": 13336.272401, "delta": 6.363991}}
{"target": 3.825530992640008, "params": {"Bgrad": 1.994182022837758, "d1": -2.393178329522133, "d2": -1.3262124530582953, "d3": -1.818994119425235, "d4": -0.6911324236174621, "p1": 27.97805117238076, "p2": 17.605716212988636, "p3": 48.681473199053, "p4": 37.563581953973355, "pol1": 0.779682725868452, "pol2": -0.0891796092774042, "pol3": 0.19881217726890998, "pol4": -0.17309344848844344, "v0s": 3.825530992640008}, "datetime": {"datetime": "2022-06-13 05:44:56", "elapsed": 13343.753405, "delta": 7.481004}}
{"target": -1.0, "params": {"Bgrad": 1.288205856126639, "d1": -2.2361307642880295, "d2": -2.1435931042581946, "d3": -0.9568503267483699, "d4": -2.9445917020139247, "p1": 22.274355433749065, "p2": 49.83503356767907, "p3": 41.134149057495314, "p4": 4.173027324344497, "pol1": 0.31178063403233414, "pol2": -0.5492141399384458, "pol3": -0.764088295475122, "pol4": -0.3026454744147744, "v0s": 6.063000907594944}, "datetime": {"datetime": "2022-06-13 05:45:09", "elapsed": 13356.285909, "delta": 12.532504}}
{"target": -1.0, "params": {"Bgrad": 1.3261468407843091, "d1": -2.824149345873698, "d2": 0.42701707738832484, "d3": -1.089619905559978, "d4": 0.42710489947359376, "p1": 9.382700577748903, "p2": 4.186663307520567, "p3": 25.798483102074993, "p4": 22.7272331498311, "pol1": -0.9722112020203051, "pol2": -0.9212908206184673, "pol3": -0.8127343285372839, "pol4": -0.9186450401554631, "v0s": 3.0544344040649714}, "datetime": {"datetime": "2022-06-13 05:45:23", "elapsed": 13370.186754, "delta": 13.900845}}
{"target": -1.0, "params": {"Bgrad": 1.273793109371244, "d1": -0.3519306516090106, "d2": -1.79582590799098, "d3": -1.9493452927826684, "d4": -2.5457686242459037, "p1": 38.33810020688777, "p2": 2.3291229221094003, "p3": 40.60723151707134, "p4": 25.46455258069259, "pol1": 0.452461020698985, "pol2": 0.9786690037867498, "pol3": 0.8066042036721668, "pol4": -0.34914211242149173, "v0s": 3.142182144417976}, "datetime": {"datetime": "2022-06-13 05:45:34", "elapsed": 13381.739874, "delta": 11.55312}}
