{"target": 0.0, "params": {"beta_1": 3.7266721545325106, "beta_2": 10.03849340179777, "det_1": 96.49195576628094, "det_2": 6.658370860711039, "laseroff": 411025.88929003396, "laseron": 240103.10393580826, "main_det": 12.101740099148396}, "datetime": {"datetime": "2022-05-11 17:13:24", "elapsed": 10947.926683, "delta": 72.399478}}
{"target": 0.0, "params": {"beta_1": 3.7637777686940694, "beta_2": 0.9980472203117241, "det_1": 96.0315098578541, "det_2": 25.118864093583635, "laseroff": 358031.0913527157, "laseron": 241679.19209113912, "main_det": 15.246703091237336}, "datetime": {"datetime": "2022-05-11 17:14:21", "elapsed": 11005.031571, "delta": 57.104888}}
{"target": 0.0, "params": {"beta_1": 3.7637777686940694, "beta_2": 0.9980472203117241, "det_1": 96.0315098578541, "det_2": 25.118864093583635, "laseroff": 358031.0913527157, "laseron": 241679.19209113912, "main_det": 15.246703091237336}, "datetime": {"datetime": "2022-05-11 17:14:21", "elapsed": 11005.032569, "delta": 57.105886}}
{"target": 0.00040498443394157, "params": {"beta_1": 4.624039851996754, "beta_2": 3.9494515573066646, "det_1": 76.59610906840238, "det_2": 23.376649082216737, "laseroff": 531653.6366849445, "laseron": 285088.29230097006, "main_det": 19.31972069196837}, "datetime": {"datetime": "2022-05-11 17:15:41", "elapsed": 11085.166373, "delta": 80.134802}}
{"target": 0.00040498443394157, "params": {"beta_1": 4.624039851996754, "beta_2": 3.9494515573066646, "det_1": 76.59610906840238, "det_2": 23.376649082216737, "laseroff": 531653.6366849445, "laseron": 285088.29230097006, "main_det": 19.31972069196837}, "datetime": {"datetime": "2022-05-11 17:15:41", "elapsed": 11085.167371, "delta": 80.134802}}
{"target": 0.0037747964265228136, "params": {"beta_1": 0.06975786487798508, "beta_2": 3.5154312918213075, "det_1": 131.67783570016576, "det_2": 28.72540801719041, "laseroff": 585052.8855980047, "laseron": 228284.2197224485, "main_det": 19.156063497662746}, "datetime": {"datetime": "2022-05-11 17:17:15", "elapsed": 11179.193042, "delta": 94.026669}}
{"target": 0.0037747964265228136, "params": {"beta_1": 0.06975786487798508, "beta_2": 3.5154312918213075, "det_1": 131.67783570016576, "det_2": 28.72540801719041, "laseroff": 585052.8855980047, "laseron": 228284.2197224485, "main_det": 19.156063497662746}, "datetime": {"datetime": "2022-05-11 17:17:15", "elapsed": 11179.193042, "delta": 94.025671}}
{"target": 0.001282383649132576, "params": {"beta_1": 3.207831044731688, "beta_2": 5.8501157121186935, "det_1": 118.59906670969097, "det_2": 20.107762072999332, "laseroff": 464864.8269046473, "laseron": 288059.10758403596, "main_det": 19.18733435633606}, "datetime": {"datetime": "2022-05-11 17:18:50", "elapsed": 11273.748299, "delta": 94.555257}}
{"target": 0.001282383649132576, "params": {"beta_1": 3.207831044731688, "beta_2": 5.8501157121186935, "det_1": 118.59906670969097, "det_2": 20.107762072999332, "laseroff": 464864.8269046473, "laseron": 288059.10758403596, "main_det": 19.18733435633606}, "datetime": {"datetime": "2022-05-11 17:18:50", "elapsed": 11273.748299, "delta": 94.555257}}
{"target": 0.0, "params": {"beta_1": 1.9743780646177744, "beta_2": 14.448937926610677, "det_1": 87.39556666804643, "det_2": 8.158237985990933, "laseroff": 340524.61233486136, "laseron": 220035.9119198948, "main_det": 10.21524805274198}, "datetime": {"datetime": "2022-05-11 17:20:20", "elapsed": 11364.086827, "delta": 90.338528}}
{"target": 0.0, "params": {"beta_1": 1.9743780646177744, "beta_2": 14.448937926610677, "det_1": 87.39556666804643, "det_2": 8.158237985990933, "laseroff": 340524.61233486136, "laseron": 220035.9119198948, "main_det": 10.21524805274198}, "datetime": {"datetime": "2022-05-11 17:20:20", "elapsed": 11364.087824, "delta": 90.339525}}
{"target": 0.0021388163894923732, "params": {"beta_1": 4.739851056088405, "beta_2": 12.406732067560988, "det_1": 71.50189807421224, "det_2": 9.404906389376382, "laseroff": 399619.7402464767, "laseron": 159430.04961661392, "main_det": 18.09490692126582}, "datetime": {"datetime": "2022-05-11 17:22:06", "elapsed": 11469.83716, "delta": 105.750333}}
{"target": 0.0021388163894923732, "params": {"beta_1": 4.739851056088405, "beta_2": 12.406732067560988, "det_1": 71.50189807421224, "det_2": 9.404906389376382, "laseroff": 399619.7402464767, "laseron": 159430.04961661392, "main_det": 18.09490692126582}, "datetime": {"datetime": "2022-05-11 17:22:06", "elapsed": 11469.838157, "delta": 105.750333}}
{"target": 0.0, "params": {"beta_1": 1.7236832634164672, "beta_2": 14.101612235000507, "det_1": 128.201417994708, "det_2": 26.9707996102961, "laseroff": 553420.4888832212, "laseron": 284696.2614743111, "main_det": 14.598802658168069}, "datetime": {"datetime": "2022-05-11 17:23:35", "elapsed": 11559.577287, "delta": 89.740127}}
{"target": 0.0, "params": {"beta_1": 1.7236832634164672, "beta_2": 14.101612235000507, "det_1": 128.201417994708, "det_2": 26.9707996102961, "laseroff": 553420.4888832212, "laseron": 284696.2614743111, "main_det": 14.598802658168069}, "datetime": {"datetime": "2022-05-11 17:23:35", "elapsed": 11559.577287, "delta": 89.73913}}
{"target": 0.0, "params": {"beta_1": 2.7317340801018664, "beta_2": 11.97905386728059, "det_1": 98.57188517341476, "det_2": 17.25633806549819, "laseroff": 479733.4931834559, "laseron": 140752.66265310318, "main_det": 15.934814081966373}, "datetime": {"datetime": "2022-05-11 17:25:19", "elapsed": 11663.191329, "delta": 103.614042}}
{"target": 0.0, "params": {"beta_1": 2.7317340801018664, "beta_2": 11.97905386728059, "det_1": 98.57188517341476, "det_2": 17.25633806549819, "laseroff": 479733.4931834559, "laseron": 140752.66265310318, "main_det": 15.934814081966373}, "datetime": {"datetime": "2022-05-11 17:25:19", "elapsed": 11663.192327, "delta": 103.61504}}
{"target": 0.0, "params": {"beta_1": 2.1683817449472915, "beta_2": 12.110407933272622, "det_1": 101.5244803095373, "det_2": 27.322217713128783, "laseroff": 473357.58672814537, "laseron": 168005.49021525876, "main_det": 17.87929233825504}, "datetime": {"datetime": "2022-05-11 17:26:40", "elapsed": 11744.580777, "delta": 81.389448}}
{"target": 0.0, "params": {"beta_1": 2.1683817449472915, "beta_2": 12.110407933272622, "det_1": 101.5244803095373, "det_2": 27.322217713128783, "laseroff": 473357.58672814537, "laseron": 168005.49021525876, "main_det": 17.87929233825504}, "datetime": {"datetime": "2022-05-11 17:26:40", "elapsed": 11744.580777, "delta": 81.38845}}
{"target": 0.0025135534510247193, "params": {"beta_1": 3.0601558852246695, "beta_2": 0.8086390811062943, "det_1": 112.01936800011322, "det_2": 21.97672091413574, "laseroff": 575580.6147914798, "laseron": 138305.03154642598, "main_det": 19.767591490310597}, "datetime": {"datetime": "2022-05-11 17:30:34", "elapsed": 11977.781439, "delta": 233.200662}}
{"target": 0.0025135534510247193, "params": {"beta_1": 3.0601558852246695, "beta_2": 0.8086390811062943, "det_1": 112.01936800011322, "det_2": 21.97672091413574, "laseroff": 575580.6147914798, "laseron": 138305.03154642598, "main_det": 19.767591490310597}, "datetime": {"datetime": "2022-05-11 17:30:34", "elapsed": 11977.782437, "delta": 233.20166}}
{"target": 0.0, "params": {"beta_1": 1.8829015737288723, "beta_2": 14.606753075374838, "det_1": 130.4716100974053, "det_2": 25.721145199517323, "laseroff": 472413.876700926, "laseron": 239837.605838197, "main_det": 12.85576281695694}, "datetime": {"datetime": "2022-05-11 17:31:50", "elapsed": 12054.408617, "delta": 76.627178}}
{"target": 0.0, "params": {"beta_1": 1.8829015737288723, "beta_2": 14.606753075374838, "det_1": 130.4716100974053, "det_2": 25.721145199517323, "laseroff": 472413.876700926, "laseron": 239837.605838197, "main_det": 12.85576281695694}, "datetime": {"datetime": "2022-05-11 17:31:50", "elapsed": 12054.408617, "delta": 76.62618}}
{"target": 0.0, "params": {"beta_1": 2.9341667032804146, "beta_2": 11.250326455539899, "det_1": 155.83138364290423, "det_2": 23.877054711692004, "laseroff": 509417.4764769424, "laseron": 278078.19260563207, "main_det": 13.226809968367466}, "datetime": {"datetime": "2022-05-11 17:33:05", "elapsed": 12129.012203, "delta": 74.603586}}
{"target": 0.0, "params": {"beta_1": 2.9341667032804146, "beta_2": 11.250326455539899, "det_1": 155.83138364290423, "det_2": 23.877054711692004, "laseroff": 509417.4764769424, "laseron": 278078.19260563207, "main_det": 13.226809968367466}, "datetime": {"datetime": "2022-05-11 17:33:05", "elapsed": 12129.013201, "delta": 74.604584}}
{"target": 0.00043365831427643876, "params": {"beta_1": 3.3539439539379363, "beta_2": 6.7631090462002375, "det_1": 108.21027520315172, "det_2": 15.27028374805464, "laseroff": 420444.4735612787, "laseron": 189580.02709821088, "main_det": 16.219193679203016}, "datetime": {"datetime": "2022-05-11 17:34:36", "elapsed": 12220.208603, "delta": 91.1964}}
{"target": 0.00043365831427643876, "params": {"beta_1": 3.3539439539379363, "beta_2": 6.7631090462002375, "det_1": 108.21027520315172, "det_2": 15.27028374805464, "laseroff": 420444.4735612787, "laseron": 189580.02709821088, "main_det": 16.219193679203016}, "datetime": {"datetime": "2022-05-11 17:34:36", "elapsed": 12220.208603, "delta": 91.195402}}
{"target": 0.0, "params": {"beta_1": 2.151236354106322, "beta_2": 14.607031168908783, "det_1": 137.7800891434311, "det_2": 9.964247210677772, "laseroff": 428010.8761034005, "laseron": 193779.68774591066, "main_det": 17.976388039585665}, "datetime": {"datetime": "2022-05-11 17:36:02", "elapsed": 12306.114978, "delta": 85.906375}}
{"target": 0.0, "params": {"beta_1": 2.151236354106322, "beta_2": 14.607031168908783, "det_1": 137.7800891434311, "det_2": 9.964247210677772, "laseroff": 428010.8761034005, "laseron": 193779.68774591066, "main_det": 17.976388039585665}, "datetime": {"datetime": "2022-05-11 17:36:02", "elapsed": 12306.114978, "delta": 85.906375}}
{"target": 0.00046774812007964526, "params": {"beta_1": 4.399991442817159, "beta_2": 13.557629337395579, "det_1": 136.27198123752623, "det_2": 11.755206550743946, "laseroff": 375710.7580846754, "laseron": 276528.29121073184, "main_det": 15.277146463087465}, "datetime": {"datetime": "2022-05-11 17:37:27", "elapsed": 12390.820562, "delta": 84.705584}}
{"target": 0.00046774812007964526, "params": {"beta_1": 4.399991442817159, "beta_2": 13.557629337395579, "det_1": 136.27198123752623, "det_2": 11.755206550743946, "laseroff": 375710.7580846754, "laseron": 276528.29121073184, "main_det": 15.277146463087465}, "datetime": {"datetime": "2022-05-11 17:37:27", "elapsed": 12390.820562, "delta": 84.705584}}
{"target": 0.000154941035294908, "params": {"beta_1": 4.01080542002299, "beta_2": 8.587327757874094, "det_1": 143.31425252875113, "det_2": 17.975290686601397, "laseroff": 531265.4022666559, "laseron": 230258.46857639478, "main_det": 14.657098785919809}, "datetime": {"datetime": "2022-05-11 17:38:50", "elapsed": 12474.137857, "delta": 83.317295}}
{"target": 0.000154941035294908, "params": {"beta_1": 4.01080542002299, "beta_2": 8.587327757874094, "det_1": 143.31425252875113, "det_2": 17.975290686601397, "laseroff": 531265.4022666559, "laseron": 230258.46857639478, "main_det": 14.657098785919809}, "datetime": {"datetime": "2022-05-11 17:38:50", "elapsed": 12474.138855, "delta": 83.318293}}
{"target": 0.0, "params": {"beta_1": 1.7134445397664089, "beta_2": 1.0231402262505618, "det_1": 107.79241793280998, "det_2": 6.990651942456309, "laseroff": 594845.1513020198, "laseron": 167617.69483126435, "main_det": 18.118586977205396}, "datetime": {"datetime": "2022-05-11 17:40:07", "elapsed": 12551.046283, "delta": 76.908426}}
{"target": 0.0, "params": {"beta_1": 1.7134445397664089, "beta_2": 1.0231402262505618, "det_1": 107.79241793280998, "det_2": 6.990651942456309, "laseroff": 594845.1513020198, "laseron": 167617.69483126435, "main_det": 18.118586977205396}, "datetime": {"datetime": "2022-05-11 17:40:07", "elapsed": 12551.047281, "delta": 76.908426}}
{"target": 3.662008204205558e-05, "params": {"beta_1": 4.374808224779491, "beta_2": 10.326198785789149, "det_1": 126.94944127453758, "det_2": 9.02428592039022, "laseroff": 440064.53994896915, "laseron": 194075.0309948676, "main_det": 12.250399578140847}, "datetime": {"datetime": "2022-05-11 17:45:26", "elapsed": 12870.250061, "delta": 319.203778}}
{"target": 3.662008204205558e-05, "params": {"beta_1": 4.374808224779491, "beta_2": 10.326198785789149, "det_1": 126.94944127453758, "det_2": 9.02428592039022, "laseroff": 440064.53994896915, "laseron": 194075.0309948676, "main_det": 12.250399578140847}, "datetime": {"datetime": "2022-05-11 17:45:26", "elapsed": 12870.250061, "delta": 319.20278}}
{"target": 0.0, "params": {"beta_1": 2.9625593438289837, "beta_2": 4.684047565528754, "det_1": 161.63055534683508, "det_2": 27.740888123788928, "laseroff": 377136.23101636505, "laseron": 156177.77680835416, "main_det": 11.929627320191129}, "datetime": {"datetime": "2022-05-11 17:48:52", "elapsed": 13075.859473, "delta": 205.609412}}
{"target": 0.0, "params": {"beta_1": 2.9625593438289837, "beta_2": 4.684047565528754, "det_1": 161.63055534683508, "det_2": 27.740888123788928, "laseroff": 377136.23101636505, "laseron": 156177.77680835416, "main_det": 11.929627320191129}, "datetime": {"datetime": "2022-05-11 17:48:52", "elapsed": 13075.860471, "delta": 205.61041}}
{"target": 0.0, "params": {"beta_1": 2.4979208533944304, "beta_2": 10.928785019618944, "det_1": 90.81944384087915, "det_2": 11.200838959430769, "laseroff": 555501.7108090352, "laseron": 205507.68866695522, "main_det": 16.16685067155236}, "datetime": {"datetime": "2022-05-11 17:50:42", "elapsed": 13186.420947, "delta": 110.561474}}
{"target": 0.0, "params": {"beta_1": 2.4979208533944304, "beta_2": 10.928785019618944, "det_1": 90.81944384087915, "det_2": 11.200838959430769, "laseroff": 555501.7108090352, "laseron": 205507.68866695522, "main_det": 16.16685067155236}, "datetime": {"datetime": "2022-05-11 17:50:42", "elapsed": 13186.421945, "delta": 110.561474}}
{"target": 0.0026734935940615594, "params": {"beta_1": 1.1683306961962503, "beta_2": 1.5295088913869614, "det_1": 121.58570169685298, "det_2": 16.928524676244557, "laseroff": 345802.3405563049, "laseron": 238823.37604632962, "main_det": 15.440101188139382}, "datetime": {"datetime": "2022-05-11 17:52:08", "elapsed": 13271.89747, "delta": 85.476523}}
{"target": 0.0026734935940615594, "params": {"beta_1": 1.1683306961962503, "beta_2": 1.5295088913869614, "det_1": 121.58570169685298, "det_2": 16.928524676244557, "laseroff": 345802.3405563049, "laseron": 238823.37604632962, "main_det": 15.440101188139382}, "datetime": {"datetime": "2022-05-11 17:52:08", "elapsed": 13271.898467, "delta": 85.476522}}
{"target": 0.0, "params": {"beta_1": 3.2706867348537214, "beta_2": 2.1681831018698974, "det_1": 145.1527817135244, "det_2": 10.551228494998067, "laseroff": 455806.0279579855, "laseron": 265269.4855251291, "main_det": 10.223304279918061}, "datetime": {"datetime": "2022-05-11 17:53:15", "elapsed": 13339.426965, "delta": 67.529495}}
{"target": 0.0, "params": {"beta_1": 3.2706867348537214, "beta_2": 2.1681831018698974, "det_1": 145.1527817135244, "det_2": 10.551228494998067, "laseroff": 455806.0279579855, "laseron": 265269.4855251291, "main_det": 10.223304279918061}, "datetime": {"datetime": "2022-05-11 17:53:15", "elapsed": 13339.426965, "delta": 67.528498}}
{"target": 0.0, "params": {"beta_1": 1.6218122986309325, "beta_2": 13.093835646001665, "det_1": 154.47096076020696, "det_2": 18.461014814863592, "laseroff": 559982.6156416797, "laseron": 291880.61716136266, "main_det": 18.264069976293413}, "datetime": {"datetime": "2022-05-11 17:54:43", "elapsed": 13427.643167, "delta": 88.216202}}
{"target": 0.0, "params": {"beta_1": 1.6218122986309325, "beta_2": 13.093835646001665, "det_1": 154.47096076020696, "det_2": 18.461014814863592, "laseroff": 559982.6156416797, "laseron": 291880.61716136266, "main_det": 18.264069976293413}, "datetime": {"datetime": "2022-05-11 17:54:43", "elapsed": 13427.644164, "delta": 88.217199}}
{"target": 0.0, "params": {"beta_1": 4.270577219182694, "beta_2": 1.4811510273052253, "det_1": 135.1304332340991, "det_2": 22.587924703816324, "laseroff": 483072.63355317625, "laseron": 267585.7647384199, "main_det": 10.345712198716342}, "datetime": {"datetime": "2022-05-11 17:55:45", "elapsed": 13489.642443, "delta": 61.999276}}
{"target": 0.0, "params": {"beta_1": 4.270577219182694, "beta_2": 1.4811510273052253, "det_1": 135.1304332340991, "det_2": 22.587924703816324, "laseroff": 483072.63355317625, "laseron": 267585.7647384199, "main_det": 10.345712198716342}, "datetime": {"datetime": "2022-05-11 17:55:45", "elapsed": 13489.642443, "delta": 61.998279}}
{"target": 0.00031841901425138134, "params": {"beta_1": 3.8511936727748997, "beta_2": 10.975929011092905, "det_1": 95.96983932983531, "det_2": 11.426732470553667, "laseroff": 489691.36292572087, "laseron": 194095.31738697336, "main_det": 17.965886780072875}, "datetime": {"datetime": "2022-05-11 17:57:28", "elapsed": 13591.7924, "delta": 102.149957}}
{"target": 0.00031841901425138134, "params": {"beta_1": 3.8511936727748997, "beta_2": 10.975929011092905, "det_1": 95.96983932983531, "det_2": 11.426732470553667, "laseroff": 489691.36292572087, "laseron": 194095.31738697336, "main_det": 17.965886780072875}, "datetime": {"datetime": "2022-05-11 17:57:28", "elapsed": 13591.7924, "delta": 102.149957}}
{"target": 0.006781994654748507, "params": {"beta_1": 2.230731160017286, "beta_2": 11.741241221762579, "det_1": 169.04717836238407, "det_2": 12.506208488347502, "laseroff": 342902.60547160154, "laseron": 284035.6526638585, "main_det": 15.415593788873732}, "datetime": {"datetime": "2022-05-11 17:59:03", "elapsed": 13687.559417, "delta": 95.767017}}
{"target": 0.006781994654748507, "params": {"beta_1": 2.230731160017286, "beta_2": 11.741241221762579, "det_1": 169.04717836238407, "det_2": 12.506208488347502, "laseroff": 342902.60547160154, "laseron": 284035.6526638585, "main_det": 15.415593788873732}, "datetime": {"datetime": "2022-05-11 17:59:03", "elapsed": 13687.560415, "delta": 95.768015}}
{"target": 0.0, "params": {"beta_1": 4.873701854275411, "beta_2": 9.549066000028459, "det_1": 169.39130246104787, "det_2": 18.65177010357379, "laseroff": 457928.25374572247, "laseron": 160146.8176009542, "main_det": 13.557051709838811}, "datetime": {"datetime": "2022-05-11 18:00:25", "elapsed": 13769.292946, "delta": 81.733529}}
{"target": 0.0, "params": {"beta_1": 4.873701854275411, "beta_2": 9.549066000028459, "det_1": 169.39130246104787, "det_2": 18.65177010357379, "laseroff": 457928.25374572247, "laseron": 160146.8176009542, "main_det": 13.557051709838811}, "datetime": {"datetime": "2022-05-11 18:00:25", "elapsed": 13769.293944, "delta": 81.733529}}
{"target": 0.0011232569733657521, "params": {"beta_1": 0.13109283648186643, "beta_2": 2.4059276927947364, "det_1": 144.5637192707496, "det_2": 5.759992248219721, "laseroff": 409963.5626300261, "laseron": 277733.12985908205, "main_det": 16.926777175073543}, "datetime": {"datetime": "2022-05-11 18:01:38", "elapsed": 13842.581049, "delta": 73.288103}}
{"target": 0.0011232569733657521, "params": {"beta_1": 0.13109283648186643, "beta_2": 2.4059276927947364, "det_1": 144.5637192707496, "det_2": 5.759992248219721, "laseroff": 409963.5626300261, "laseron": 277733.12985908205, "main_det": 16.926777175073543}, "datetime": {"datetime": "2022-05-11 18:01:38", "elapsed": 13842.582046, "delta": 73.288102}}
{"target": 3.4027413024873964e-05, "params": {"beta_1": 3.4547107103308425, "beta_2": 2.8295520143296633, "det_1": 114.19042807484234, "det_2": 19.53943518360728, "laseroff": 596925.5225474039, "laseron": 171223.87099370977, "main_det": 12.477329017623548}, "datetime": {"datetime": "2022-05-11 18:08:32", "elapsed": 14256.04188, "delta": 413.460831}}
{"target": 3.4027413024873964e-05, "params": {"beta_1": 3.4547107103308425, "beta_2": 2.8295520143296633, "det_1": 114.19042807484234, "det_2": 19.53943518360728, "laseroff": 596925.5225474039, "laseron": 171223.87099370977, "main_det": 12.477329017623548}, "datetime": {"datetime": "2022-05-11 18:08:32", "elapsed": 14256.042878, "delta": 413.460832}}
{"target": 0.003943890263581734, "params": {"beta_1": 1.3108654188645597, "beta_2": 11.252586199469892, "det_1": 115.69753274356928, "det_2": 6.423235960277375, "laseroff": 452555.3636668313, "laseron": 172526.676232761, "main_det": 17.986042447602102}, "datetime": {"datetime": "2022-05-11 18:10:35", "elapsed": 14378.829673, "delta": 122.787793}}
{"target": 0.003943890263581734, "params": {"beta_1": 1.3108654188645597, "beta_2": 11.252586199469892, "det_1": 115.69753274356928, "det_2": 6.423235960277375, "laseroff": 452555.3636668313, "laseron": 172526.676232761, "main_det": 17.986042447602102}, "datetime": {"datetime": "2022-05-11 18:10:35", "elapsed": 14378.829673, "delta": 122.786795}}
{"target": 0.004748699441529792, "params": {"beta_1": 2.4296912381708493, "beta_2": 8.254534831975326, "det_1": 157.46719230243667, "det_2": 29.748264632624036, "laseroff": 342281.9576694425, "laseron": 283712.18858933134, "main_det": 13.208239503679838}, "datetime": {"datetime": "2022-05-11 18:12:43", "elapsed": 14507.573544, "delta": 128.743871}}
{"target": 0.004748699441529792, "params": {"beta_1": 2.4296912381708493, "beta_2": 8.254534831975326, "det_1": 157.46719230243667, "det_2": 29.748264632624036, "laseroff": 342281.9576694425, "laseron": 283712.18858933134, "main_det": 13.208239503679838}, "datetime": {"datetime": "2022-05-11 18:12:43", "elapsed": 14507.573544, "delta": 128.743871}}
{"target": 0.007067554817314048, "params": {"beta_1": 4.603946406229781, "beta_2": 9.812707646811907, "det_1": 118.16064187821355, "det_2": 29.719616900523025, "laseroff": 507522.14246356126, "laseron": 241754.77693455492, "main_det": 18.61801348429875}, "datetime": {"datetime": "2022-05-11 18:15:39", "elapsed": 14683.679817, "delta": 176.106273}}
