{"target": -1.0, "params": {"Bgrad": 1.817146131178947, "d1": -0.56148856441285, "d2": -2.2014367956207495, "d3": 0.711459491888458, "d4": -0.621662392619196, "p1": 47.24409431981286, "p2": 2.5742849251105593, "p3": 1.211231009442526, "p4": 10.773403747445865, "pol1": 0.2520271084494421, "pol2": 0.951197314023126, "pol3": 0.7790369475635393, "pol4": -0.988500955185206, "v0s": 6.003140164416834}, "datetime": {"datetime": "2022-06-16 01:40:21", "elapsed": 257868.188092, "delta": 18.758861}}
{"target": -1.0, "params": {"Bgrad": 1.960895659603549, "d1": -2.603681091952017, "d2": -0.7019987683569959, "d3": -0.19421681353353737, "d4": 0.2466992311152163, "p1": 5.961236609825943, "p2": 38.070529216256105, "p3": 40.963912993662774, "p4": 28.462009630419793, "pol1": 0.4457278342726272, "pol2": -0.8928360865027707, "pol3": -0.6387331754101677, "pol4": 0.7567282597170732, "v0s": 7.783661297004236}, "datetime": {"datetime": "2022-06-16 01:40:39", "elapsed": 257886.915038, "delta": 18.726946}}
{"target": -1.0, "params": {"Bgrad": 0.5231156703014017, "d1": -1.501282976563369, "d2": -0.2404210237051161, "d3": -0.445646500260112, "d4": -0.8954073687421098, "p1": 12.390860627705635, "p2": 6.43811720667275, "p3": 16.136891810549297, "p4": 30.915164497020424, "pol1": 0.8554786321864221, "pol2": 0.6168278801820093, "pol3": 0.055010364710191384, "pol4": -0.7493850281147314, "v0s": 5.563077245760871}, "datetime": {"datetime": "2022-06-16 01:40:57", "elapsed": 257904.668586, "delta": 17.753548}}
{"target": -1.0, "params": {"Bgrad": 0.5767926648794303, "d1": -0.1493043263772904, "d2": 0.004256274315395547, "d3": -0.6823211542647782, "d4": 0.4327705805188793, "p1": 29.007312274146173, "p2": 46.91551247220147, "p3": 5.650217074215042, "p4": 30.89283554834311, "pol1": 0.732415344290392, "pol2": -0.8496931591668773, "pol3": -0.5115716602810663, "pol4": -0.8030674398264326, "v0s": 7.148215500368238}, "datetime": {"datetime": "2022-06-16 01:41:08", "elapsed": 257915.060809, "delta": 10.392223}}
{"target": -1.0, "params": {"Bgrad": 1.4379877489703174, "d1": -2.309061005646873, "d2": -2.928200961555385, "d3": -0.767721439277187, "d4": 0.8922156627923186, "p1": 35.90750454397351, "p2": 22.365303901842804, "p3": 26.46610538772719, "p4": 32.09900607734678, "pol1": -0.5026396650134237, "pol2": 0.42557174295869915, "pol3": -0.6319592325347276, "pol4": -0.26276931632894973, "v0s": 7.105871706282491}, "datetime": {"datetime": "2022-06-16 01:41:31", "elapsed": 257938.808337, "delta": 23.747528}}
{"target": 3.0090666533572663, "params": {"Bgrad": 1.8387515612852727, "d1": -1.0513158934198974, "d2": -1.5255030200333528, "d3": -0.6773913154007043, "d4": -2.776899171930344, "p1": 21.335255434823253, "p2": 25.709295494244806, "p3": 46.9909912248977, "p4": 48.22042275019919, "pol1": 0.9123196157460973, "pol2": -0.11383464420547251, "pol3": -0.6938491793780126, "pol4": 0.9222307659601454, "v0s": 3.0090666533572663}, "datetime": {"datetime": "2022-06-16 01:41:38", "elapsed": 257945.54134, "delta": 6.733003}}
{"target": -1.0, "params": {"Bgrad": 1.5185077678797894, "d1": -2.339918254216262, "d2": -2.467692668369133, "d3": -0.9805940097522461, "d4": -1.9751488356985831, "p1": 11.134128407335325, "p2": 36.3469047114241, "p3": 11.011723951612378, "p4": 2.5063663992105303, "pol1": 0.7974518757048408, "pol2": -0.24913766960442363, "pol3": -0.7143825014805625, "pol4": 0.4573056505663251, "v0s": 7.780924131131565}, "datetime": {"datetime": "2022-06-16 01:41:57", "elapsed": 257964.381982, "delta": 18.840642}}
{"target": -1.0, "params": {"Bgrad": 1.0958188871763628, "d1": -0.8717512927249098, "d2": -1.8004071819438896, "d3": 0.6346352768918617, "d4": 0.18300773840921414, "p1": 22.94166176771528, "p2": 42.82752327356793, "p3": 40.059085216024535, "p4": 19.70251054519641, "pol1": 0.6710238342682229, "pol2": 0.0861318633913637, "pol3": -0.10228779521942233, "pol4": -0.2845438834808791, "v0s": 7.680237670381131}, "datetime": {"datetime": "2022-06-16 01:42:17", "elapsed": 257984.676738, "delta": 20.294756}}
{"target": -1.0, "params": {"Bgrad": 1.1723768135353219, "d1": 0.23483032257528658, "d2": -2.9460222106911034, "d3": -0.19417021106578147, "d4": -1.1006767325328979, "p1": 4.096479518547885, "p2": 23.847788558669187, "p3": 33.67575567891474, "p4": 27.80292562294568, "pol1": -0.11227992099629303, "pol2": 0.45368821536664483, "pol3": -0.21025068413755088, "pol4": -0.29923550837572344, "v0s": 3.550493122492566}, "datetime": {"datetime": "2022-06-16 01:42:37", "elapsed": 258004.103813, "delta": 19.427075}}
{"target": 3.0339677725365837, "params": {"Bgrad": 0.6883875295257736, "d1": -0.2349127054572171, "d2": -0.7903547355981009, "d3": -1.2020304852057895, "d4": -0.014767749128994812, "p1": 46.86095577916806, "p2": 15.973681329632894, "p3": 45.48370631093247, "p4": 40.693684992876264, "pol1": 0.250879534197336, "pol2": -0.08739049190510406, "pol3": 0.5311311458754553, "pol4": 0.50763447034912, "v0s": 3.0339677725365837}, "datetime": {"datetime": "2022-06-16 01:42:53", "elapsed": 258020.602714, "delta": 16.498901}}
{"target": 2.3934538249268646, "params": {"Bgrad": 0.8631717830156479, "d1": -0.9043340533768944, "d2": -1.9235181398778045, "d3": -2.689596489979197, "d4": -1.914848076238381, "p1": 31.135399962646993, "p2": 34.473271744768695, "p3": 47.5299831814431, "p4": 2.375817488188509, "pol1": 0.7735810841462474, "pol2": 0.6020009337551275, "pol3": -0.025711973867422078, "pol4": -0.48695254549208844, "v0s": 2.3934538249268646}, "datetime": {"datetime": "2022-06-16 01:43:04", "elapsed": 258031.433765, "delta": 10.831051}}
{"target": -1.0, "params": {"Bgrad": 0.8425511776498513, "d1": -2.023503657121675, "d2": 0.9581183163702582, "d3": 0.29868303415666553, "d4": -2.226708781151621, "p1": 6.388773489895739, "p2": 26.614115904423542, "p3": 20.998874729308064, "p4": 2.0095853880714554, "pol1": -0.35596351204419663, "pol2": -0.18170141437050313, "pol3": 0.061088836076923725, "pol4": 0.14947087980863283, "v0s": 2.5285164485307607}, "datetime": {"datetime": "2022-06-16 01:43:22", "elapsed": 258049.559317, "delta": 18.125552}}
{"target": -1.0, "params": {"Bgrad": 1.4484349567773327, "d1": -1.7871902775282975, "d2": -1.9165260719013104, "d3": -2.97484570486864, "d4": -0.8371513721608372, "p1": 16.459994724576582, "p2": 30.668160526058948, "p3": 0.6744704251643419, "p4": 6.648927568015949, "pol1": 5.1195111724133824e-05, "pol2": 0.7503595548469859, "pol3": -0.48106812688961176, "pol4": 0.4445980630453452, "v0s": 2.22946484438469}, "datetime": {"datetime": "2022-06-16 01:43:30", "elapsed": 258058.037657, "delta": 8.47834}}
{"target": -1.0, "params": {"Bgrad": 0.696111735801044, "d1": -1.8100429306014534, "d2": -2.805360444349832, "d3": -0.37782450390668165, "d4": -2.4099560450367505, "p1": 47.4854358913371, "p2": 5.429485885905194, "p3": 26.901145783864276, "p4": 43.43272437545113, "pol1": 0.4849323427091712, "pol2": 0.8448132291962351, "pol3": 0.9300914045032507, "pol4": -0.7364690518717998, "v0s": 4.986762331133105}, "datetime": {"datetime": "2022-06-16 01:43:44", "elapsed": 258071.252335, "delta": 13.214678}}
{"target": 2.8656220235356464, "params": {"Bgrad": 1.4659925873924116, "d1": -0.6408656266282295, "d2": -1.805454298563756, "d3": -2.0705952630323483, "d4": -0.8222858614089721, "p1": 11.327836255660129, "p2": 24.881384426775238, "p3": 3.1764510563041304, "p4": 37.158509320309996, "pol1": 0.5202594181166098, "pol2": 0.41924290393460706, "pol3": 0.12110860407564883, "pol4": -0.5173427555297934, "v0s": 2.8656220235356464}, "datetime": {"datetime": "2022-06-16 01:43:56", "elapsed": 258083.589361, "delta": 12.337026}}
{"target": -1.0, "params": {"Bgrad": 1.809727248821504, "d1": -2.310929220072123, "d2": -2.4868296870053768, "d3": -2.2758399812815355, "d4": 0.7243268698507488, "p1": 26.352199578222653, "p2": 47.833997143153994, "p3": 47.64580695377787, "p4": 10.99931683099699, "pol1": -0.38874645666162677, "pol2": 0.3340601594782584, "pol3": -0.2970818787253968, "pol4": -0.21495818619967744, "v0s": 7.475141789385955}, "datetime": {"datetime": "2022-06-16 01:44:15", "elapsed": 258102.095897, "delta": 18.506536}}
{"target": -1.0, "params": {"Bgrad": 1.8275611919261525, "d1": -2.031471704483819, "d2": -1.9276341807022659, "d3": 0.4251928443256512, "d4": -1.4288543874537258, "p1": 24.901264469259043, "p2": 45.96834972569973, "p3": 3.0922699185402083, "p4": 35.46990290037057, "pol1": 0.5576863342449601, "pol2": -0.5829583882949818, "pol3": 0.061255234459493435, "pol4": -0.8853604818349421, "v0s": 5.121156546119587}, "datetime": {"datetime": "2022-06-16 01:44:35", "elapsed": 258122.362727, "delta": 20.26683}}
{"target": -1.0, "params": {"Bgrad": 1.565701651387168, "d1": -1.1914420770366663, "d2": -2.3517315341242186, "d3": 0.9137116606444642, "d4": -2.6254404902813526, "p1": 34.370018945777794, "p2": 1.2059952058893708, "p3": 35.908315915321474, "p4": 18.668788715604705, "pol1": -0.6306292450937792, "pol2": 0.23796972782982562, "pol3": 0.8081567743408027, "pol4": 0.5336848828357352, "v0s": 4.266235230802318}, "datetime": {"datetime": "2022-06-16 01:44:53", "elapsed": 258140.487284, "delta": 18.124557}}
{"target": -1.0, "params": {"Bgrad": 0.5244914883712304, "d1": -0.42550986989204054, "d2": -1.6373065276962722, "d3": -2.5177816797378316, "d4": -0.40522292682656547, "p1": 36.9825767476063, "p2": 7.081761816751592, "p3": 12.522587600839207, "p4": 17.262476084703255, "pol1": -0.8710006324649577, "pol2": 0.9153108365727576, "pol3": 0.6672367764923235, "pol4": 0.2782129839480574, "v0s": 4.934814921090936}, "datetime": {"datetime": "2022-06-16 01:45:05", "elapsed": 258152.133155, "delta": 11.645871}}
{"target": -1.0, "params": {"Bgrad": 0.8169583287739408, "d1": -0.026987764666780212, "d2": 0.5137122748835008, "d3": -0.6759383728378161, "d4": -0.33175245733943726, "p1": 19.81235885072098, "p2": 41.63162681123611, "p3": 42.97919858104194, "p4": 16.44827269719019, "pol1": -0.40028713685583606, "pol2": 0.629550282080678, "pol3": 0.42322674733203747, "pol4": 0.5159089946579063, "v0s": 3.6154113780624595}, "datetime": {"datetime": "2022-06-16 01:45:20", "elapsed": 258167.892034, "delta": 15.758879}}
{"target": -1.0, "params": {"Bgrad": 0.6633526059925294, "d1": -1.197351613031203, "d2": -1.3821189178894615, "d3": -2.6012160216670925, "d4": -2.5218336333692344, "p1": 16.87868564429959, "p2": 21.46529298939479, "p3": 5.000913296990989, "p4": 2.5353913400183337, "pol1": 0.2345287240455769, "pol2": 0.9309714698955884, "pol3": -0.4921924597373224, "pol4": 0.8796305503093549, "v0s": 3.6408434196233666}, "datetime": {"datetime": "2022-06-16 01:45:35", "elapsed": 258182.578779, "delta": 14.686745}}
{"target": -1.0, "params": {"Bgrad": 0.505328551694539, "d1": -1.1163064686636228, "d2": 0.2457809331310732, "d3": -0.25915899693726896, "d4": -0.8212077358566416, "p1": 47.3336133710127, "p2": 29.43775748199553, "p3": 21.752577664702077, "p4": 37.39641872164447, "pol1": 0.9444028672970479, "pol2": 0.7600891873786515, "pol3": -0.1690579173109965, "pol4": 0.2766514601689716, "v0s": 5.6557219969225425}, "datetime": {"datetime": "2022-06-16 01:45:53", "elapsed": 258200.250546, "delta": 17.671767}}
{"target": 4.235230432024146, "params": {"Bgrad": 0.7056068387547687, "d1": 0.01070144582242838, "d2": 0.22392179031790116, "d3": -0.38277930997428466, "d4": -1.7498217858970686, "p1": 33.51430720146112, "p2": 34.90773318310672, "p3": 23.26722712098753, "p4": 27.088968627180314, "pol1": 0.9765732659877779, "pol2": -0.6510958238955067, "pol3": 0.4610387027686691, "pol4": -0.5155624027166306, "v0s": 4.235230432024146}, "datetime": {"datetime": "2022-06-16 01:46:03", "elapsed": 258211.043697, "delta": 10.793151}}
{"target": -1.0, "params": {"Bgrad": 1.750366991754983, "d1": -0.7069451749971227, "d2": -0.6249843916124171, "d3": -0.656617169251513, "d4": -2.484843423407157, "p1": 43.028473311596336, "p2": 0.5173499461518627, "p3": 38.96099999504972, "p4": 14.355417472790998, "pol1": -0.214996375582313, "pol2": -0.3792815757718264, "pol3": -0.4567847829154119, "pol4": -0.06866153593529423, "v0s": 6.889492168914561}, "datetime": {"datetime": "2022-06-16 01:46:22", "elapsed": 258229.33082, "delta": 18.287123}}
{"target": -1.0, "params": {"Bgrad": 1.5500452011157417, "d1": -2.9912068464285237, "d2": -0.18836437911271364, "d3": -0.24108344225741973, "d4": -1.089076535751213, "p1": 3.4126380735973516, "p2": 37.55502121358677, "p3": 26.425443465374464, "p4": 1.5462432592446118, "pol1": -0.22348104427539495, "pol2": -0.25862023317352545, "pol3": -0.06428790958442443, "pol4": 0.5399042037197974, "v0s": 5.024021580151318}, "datetime": {"datetime": "2022-06-16 01:46:51", "elapsed": 258258.193673, "delta": 28.862853}}
{"target": -1.0, "params": {"Bgrad": 1.017848057531669, "d1": -2.2442387512358866, "d2": -0.025559487064134245, "d3": 0.5374725384433559, "d4": -0.18878079945470816, "p1": 6.766032302323666, "p2": 10.102260143056096, "p3": 15.60805176541339, "p4": 8.582591003628831, "pol1": 0.7844548975357946, "pol2": 0.3257038724436536, "pol3": -0.5556917885520412, "pol4": -0.26914999177723486, "v0s": 5.658984958744348}, "datetime": {"datetime": "2022-06-16 01:47:07", "elapsed": 258274.383401, "delta": 16.189728}}
{"target": -1.0, "params": {"Bgrad": 0.982650393064737, "d1": -2.620358198435776, "d2": -2.6678309340229207, "d3": -0.7927008399408706, "d4": -2.4011382388497764, "p1": 32.156134532430556, "p2": 7.518545815080335, "p3": 37.75834999132885, "p4": 25.974221126254378, "pol1": 0.27443312982444357, "pol2": 0.6244939915086196, "pol3": 0.11459980939316528, "pol4": -0.706357754433109, "v0s": 5.6059603667861575}, "datetime": {"datetime": "2022-06-16 01:47:27", "elapsed": 258294.859671, "delta": 20.47627}}
{"target": -1.0, "params": {"Bgrad": 0.6777917407435166, "d1": -0.25019419075761506, "d2": -2.3748239188060363, "d3": -0.23834853118230592, "d4": -0.5515085041709633, "p1": 35.965707209250866, "p2": 18.642607636219083, "p3": 0.1416050316186801, "p4": 43.29769243394666, "pol1": 0.3421085201259413, "pol2": -0.3472845995641398, "pol3": 0.5605494537903737, "pol4": -0.14459992509489883, "v0s": 4.325350697752581}, "datetime": {"datetime": "2022-06-16 01:47:39", "elapsed": 258306.191383, "delta": 11.331712}}
{"target": -1.0, "params": {"Bgrad": 0.9330485200100773, "d1": 0.46463740659665387, "d2": -1.0744290728624657, "d3": 0.5023806218271272, "d4": 0.8105629765447677, "p1": 22.06394443784324, "p2": 19.73128362855271, "p3": 22.023281702422732, "p4": 26.604715244448347, "pol1": 0.9425799795938041, "pol2": 0.46513935240259885, "pol3": -0.4042512390900921, "pol4": -0.7459590462607837, "v0s": 5.84521505149923}, "datetime": {"datetime": "2022-06-16 01:47:59", "elapsed": 258326.636736, "delta": 20.445353}}
{"target": 3.267112574609677, "params": {"Bgrad": 1.6188052175890093, "d1": -2.494441633195011, "d2": -0.46283845537108625, "d3": -2.3013632884313404, "d4": 0.20550500207303157, "p1": 11.988431351919065, "p2": 43.405449431246865, "p3": 6.440200838028232, "p4": 28.768656733332943, "pol1": 0.3080695079130511, "pol2": -0.7390862861636771, "pol3": -0.6636006684137519, "pol4": 0.2187092448235466, "v0s": 3.267112574609677}, "datetime": {"datetime": "2022-06-16 01:48:10", "elapsed": 258337.608411, "delta": 10.971675}}
{"target": -1.0, "params": {"Bgrad": 0.8244107271676029, "d1": 0.2592240291780499, "d2": -2.1794367660373957, "d3": 0.577304165115506, "d4": -0.028517275956396748, "p1": 30.759295916096658, "p2": 35.05104385197736, "p3": 13.862180681122549, "p4": 23.039005478011227, "pol1": 0.5639725657515289, "pol2": -0.5189915161211232, "pol3": 0.9936168059577888, "pol4": -0.43630179622804044, "v0s": 3.587676623457841}, "datetime": {"datetime": "2022-06-16 01:48:24", "elapsed": 258351.230003, "delta": 13.621592}}
{"target": -1.0, "params": {"Bgrad": 0.941346644010937, "d1": -2.3832963335409754, "d2": 0.9332836568320197, "d3": 0.5535076185868921, "d4": -2.562569655342318, "p1": 3.024502164870718, "p2": 30.82511690182826, "p3": 30.14958041617289, "p4": 40.0141774372272, "pol1": -0.4166457425526855, "pol2": -0.9372238728281217, "pol3": 0.8796846359074684, "pol4": 0.09026096284066965, "v0s": 5.89150181248138}, "datetime": {"datetime": "2022-06-16 01:48:44", "elapsed": 258371.87582, "delta": 20.645817}}
{"target": -1.0, "params": {"Bgrad": 0.7078735787825096, "d1": -0.6634156791887582, "d2": -2.175919317927914, "d3": 0.11840387059897939, "d4": -0.753229285546916, "p1": 31.389761697979747, "p2": 7.626918156005341, "p3": 33.00371234208681, "p4": 45.97392979991162, "pol1": 0.2884349515879223, "pol2": -0.047755399394691755, "pol3": -0.4608102325538914, "pol4": 0.05939873873922474, "v0s": 3.586097751623453}, "datetime": {"datetime": "2022-06-16 01:48:58", "elapsed": 258385.143358, "delta": 13.267538}}
{"target": -1.0, "params": {"Bgrad": 1.820160742494278, "d1": -0.9195130040801902, "d2": 0.21630457804229852, "d3": 0.39160932892513545, "d4": 0.33963295809554417, "p1": 26.77938624829979, "p2": 1.7214296149188957, "p3": 37.71644166893776, "p4": 32.459365490428574, "pol1": 0.893573955750774, "pol2": 0.7323945686395104, "pol3": 0.35305087287967485, "pol4": 0.7676965622211567, "v0s": 5.3822252909019195}, "datetime": {"datetime": "2022-06-16 01:49:17", "elapsed": 258404.067776, "delta": 18.924418}}
{"target": -1.0, "params": {"Bgrad": 1.141372389418824, "d1": -1.3722111886932078, "d2": -2.638445683822821, "d3": -2.1376199370806397, "d4": -0.1341632317827477, "p1": 30.40092070041776, "p2": 35.783886834071346, "p3": 48.0665554572068, "p4": 36.568325071554604, "pol1": 0.5787576316099687, "pol2": -0.8483092242142063, "pol3": -0.8895719769669204, "pol4": -0.9352777300136439, "v0s": 4.3422068277057715}, "datetime": {"datetime": "2022-06-16 01:49:34", "elapsed": 258421.293734, "delta": 17.225958}}
{"target": -1.0, "params": {"Bgrad": 1.5622970564143595, "d1": -0.03816078945308199, "d2": 0.17614300930986282, "d3": -1.076822600796195, "d4": -2.8958597116448637, "p1": 19.623174765855033, "p2": 48.04619085879322, "p3": 33.60497390721345, "p4": 0.24343354227095437, "pol1": -0.21182459711514, "pol2": 0.8731483954713635, "pol3": -0.40028956248955794, "pol4": -0.21735450153418157, "v0s": 3.909429349952192}, "datetime": {"datetime": "2022-06-16 01:49:56", "elapsed": 258443.752706, "delta": 22.458972}}
{"target": 3.422597584209889, "params": {"Bgrad": 1.3037538296738465, "d1": -1.5167017246814551, "d2": 0.7713002576610992, "d3": -0.7331412238641404, "d4": -0.8716280449095475, "p1": 27.912493900442403, "p2": 26.945090018152296, "p3": 12.236193603487354, "p4": 11.697574852242326, "pol1": -0.7236255745687201, "pol2": -0.6136832792218179, "pol3": -0.8264762334531863, "pol4": 0.28348226512684493, "v0s": 3.422597584209889}, "datetime": {"datetime": "2022-06-16 01:50:08", "elapsed": 258455.522247, "delta": 11.769541}}
{"target": -1.0, "params": {"Bgrad": 1.8725230136672222, "d1": -2.1429242417148155, "d2": -2.139460405007306, "d3": -1.9072314945075215, "d4": -1.7694752315651439, "p1": 24.36743066188347, "p2": 25.04862629025308, "p3": 23.49314219682354, "p4": 42.5384770942742, "pol1": -0.9122532601345716, "pol2": -0.35123666986551916, "pol3": -0.4874612286300428, "pol4": 0.4799711558491724, "v0s": 3.767688583716425}, "datetime": {"datetime": "2022-06-16 01:50:29", "elapsed": 258476.527105, "delta": 21.004858}}
{"target": -1.0, "params": {"Bgrad": 1.382088932280214, "d1": 0.5441501034371266, "d2": -0.046333887437007615, "d3": 0.6128027154614855, "d4": -0.5142070457026735, "p1": 1.69885939841663, "p2": 32.84032741083223, "p3": 19.204396051581647, "p4": 33.113816071511906, "pol1": -0.818023235872956, "pol2": -0.4719116696483816, "pol3": 0.3347224578101451, "pol4": 0.8162894619324299, "v0s": 2.3367591805887056}, "datetime": {"datetime": "2022-06-16 01:50:46", "elapsed": 258493.551601, "delta": 17.024496}}
{"target": 4.655180923297222, "params": {"Bgrad": 0.7856515234543278, "d1": -2.932626342589321, "d2": -0.9339609434909057, "d3": -1.671205208213479, "d4": 0.2741228224937302, "p1": 0.20008551252485018, "p2": 4.400364162607945, "p3": 10.485737998315331, "p4": 2.226750313861625, "pol1": -0.24186708998405004, "pol2": -0.7445954529214454, "pol3": -0.9990043896246685, "pol4": 0.16179677487960942, "v0s": 4.655180923297222}, "datetime": {"datetime": "2022-06-16 01:50:58", "elapsed": 258505.808839, "delta": 12.257238}}
{"target": -1.0, "params": {"Bgrad": 0.8306408498131168, "d1": -1.0043056028060975, "d2": -2.956977915177062, "d3": 0.3511929840560253, "d4": -2.2249027138097017, "p1": 19.266871441741056, "p2": 39.431842896274176, "p3": 7.302954683066814, "p4": 16.863990460802597, "pol1": -0.9114412318466387, "pol2": 0.44275890085111813, "pol3": 0.6042191901323979, "pol4": 0.31761314698305454, "v0s": 5.458944248039846}, "datetime": {"datetime": "2022-06-16 01:51:13", "elapsed": 258520.064736, "delta": 14.255897}}
{"target": -1.0, "params": {"Bgrad": 1.382573885723485, "d1": 0.3466186124276329, "d2": -1.7271593657460995, "d3": -1.06913824181939, "d4": -2.865465864904768, "p1": 27.58608624177114, "p2": 2.5172094982769124, "p3": 14.66453248972996, "p4": 49.516882629882154, "pol1": -0.42721903236828496, "pol2": 0.9382735159208604, "pol3": 0.1991770498785148, "pol4": 0.598133921731566, "v0s": 7.931658739711343}, "datetime": {"datetime": "2022-06-16 01:51:32", "elapsed": 258539.936622, "delta": 19.871886}}
{"target": -1.0, "params": {"Bgrad": 0.7456794478745967, "d1": -2.8443868782752073, "d2": 0.28973034279485255, "d3": -0.41709701290335843, "d4": 0.31357354087557754, "p1": 19.334398168190564, "p2": 41.198949725143514, "p3": 5.421118605375069, "p4": 49.97805080972715, "pol1": 0.0861453464477453, "pol2": 0.25404068673817104, "pol3": -0.6040950765838569, "pol4": 0.5710490889111561, "v0s": 2.6840446037213352}, "datetime": {"datetime": "2022-06-16 01:51:50", "elapsed": 258557.213444, "delta": 17.276822}}
