{"target": -1.0, "params": {"Bgrad": 1.4544570080654555, "d1": 0.5271487815321874, "d2": 0.5531865289353042, "d3": 0.9118795647178688, "d4": 0.732936863864889, "p1": 0.532727522287274, "p2": 31.358602279075694, "p3": 18.734201146616297, "p4": 10.104165775111085, "pol1": -0.9939790913096032, "pol2": 0.870522684623942, "pol3": -0.9781798601605498, "pol4": 0.551893835262911, "v0s": 5.108961697501593}, "datetime": {"datetime": "2022-05-16 20:25:07", "elapsed": 2522.866358, "delta": 10.226648}}
{"target": 4.151904828991864, "params": {"Bgrad": 1.3098383934898388, "d1": -1.7551108628923937, "d2": 0.1940592305289082, "d3": -0.36399944964533004, "d4": -2.30814101214214, "p1": 40.95291686946354, "p2": 19.45584732833131, "p3": 18.546869729039813, "p4": 17.513217491605, "pol1": 0.4553483911915454, "pol2": -0.4482668589966605, "pol3": 0.44774101169895675, "pol4": -0.46105807312163366, "v0s": 4.151904828991864}, "datetime": {"datetime": "2022-05-16 20:25:14", "elapsed": 2529.307131, "delta": 6.440773}}
{"target": 4.319640448498798, "params": {"Bgrad": 1.234366504565179, "d1": -2.099893526006864, "d2": 0.8090917862701482, "d3": -0.5036549153993676, "d4": -2.049916171718967, "p1": 40.274197106002454, "p2": 20.37333513167935, "p3": 17.691589749805775, "p4": 18.37370579738233, "pol1": 0.14866826336572028, "pol2": -0.6442676075769745, "pol3": 0.47879491020243775, "pol4": -0.057598854948391405, "v0s": 4.319640448498798}, "datetime": {"datetime": "2022-05-16 20:25:19", "elapsed": 2535.167457, "delta": 5.860326}}
{"target": 4.352851106523891, "params": {"Bgrad": 1.2772759615006746, "d1": -1.2685533828666238, "d2": 0.9219185325305729, "d3": -0.3898252823290672, "d4": -2.5785656237174925, "p1": 39.89788287288424, "p2": 19.150496389136887, "p3": 16.51947188811867, "p4": 17.143363727946927, "pol1": 0.07215643939620985, "pol2": -0.7333350455682655, "pol3": 0.5249516037926099, "pol4": -0.0998225593793191, "v0s": 4.352851106523891}, "datetime": {"datetime": "2022-05-16 20:25:26", "elapsed": 2541.902443, "delta": 6.734986}}
{"target": -1.0, "params": {"Bgrad": 0.9568187309203076, "d1": -1.8507957141847822, "d2": -0.1732871091091268, "d3": 0.8346136694951771, "d4": -2.775518920033191, "p1": 41.2013056488976, "p2": 18.857663263232954, "p3": 18.459239040965308, "p4": 19.012884532053675, "pol1": 0.3182365571657966, "pol2": -0.7755302206200132, "pol3": 0.812119299580049, "pol4": -0.500953035861369, "v0s": 2.2022356335922}, "datetime": {"datetime": "2022-05-16 20:25:40", "elapsed": 2556.138368, "delta": 14.235925}}
{"target": 2.267042181840252, "params": {"Bgrad": 1.0194941107922784, "d1": -1.3579518048348658, "d2": -1.121909436006629, "d3": -0.8106585524031451, "d4": -2.336097476345088, "p1": 45.9316563079094, "p2": 17.43835082824145, "p3": 24.233018167977804, "p4": 13.139980352702985, "pol1": 0.363602890243772, "pol2": 0.36308929868114515, "pol3": -0.03380593713583635, "pol4": 0.6424325702398697, "v0s": 2.267042181840252}, "datetime": {"datetime": "2022-05-16 20:25:45", "elapsed": 2561.161474, "delta": 5.023106}}
{"target": 3.6957800430554224, "params": {"Bgrad": 1.969299675200058, "d1": -1.0442433957499055, "d2": 0.08852827960773982, "d3": -3.0, "d4": -2.334427252564245, "p1": 6.903777106187343, "p2": 36.42767698291934, "p3": 34.84668720482028, "p4": 34.41311528856022, "pol1": 0.1623816729957107, "pol2": 0.32656211734758195, "pol3": -0.7034576869698206, "pol4": -0.4124089016754945, "v0s": 3.6957800430554224}, "datetime": {"datetime": "2022-05-16 20:25:50", "elapsed": 2565.979154, "delta": 4.81768}}
{"target": 2.7589445484429285, "params": {"Bgrad": 1.2819633240042534, "d1": 0.02133347759203322, "d2": -0.9993004815887795, "d3": -1.7979711581331586, "d4": -1.9383904868966992, "p1": 46.20585214969183, "p2": 18.138370655978377, "p3": 24.030283172319933, "p4": 13.847321872637059, "pol1": 1.0, "pol2": -0.2425491806234511, "pol3": -0.47528772478833925, "pol4": 0.6739999349219318, "v0s": 2.7589445484429285}, "datetime": {"datetime": "2022-05-16 20:25:55", "elapsed": 2570.730997, "delta": 4.751843}}
{"target": 4.266981960689384, "params": {"Bgrad": 1.2136707969930522, "d1": -2.042462449818416, "d2": 0.023779324644179225, "d3": -2.7296805395870867, "d4": -1.162645834006577, "p1": 28.980575894427385, "p2": 25.984271511487187, "p3": 4.257578941613409, "p4": 42.92763866849646, "pol1": 0.6010800776257542, "pol2": 0.5322975192220097, "pol3": -0.4145517075508796, "pol4": 0.0912432673657176, "v0s": 4.266981960689384}, "datetime": {"datetime": "2022-05-16 20:26:00", "elapsed": 2575.574044, "delta": 4.843047}}
{"target": -1.0, "params": {"Bgrad": 1.5499365226052308, "d1": -2.3612617940291973, "d2": 0.2792683414021493, "d3": -0.08452470726546002, "d4": -0.6438715445404579, "p1": 38.48737798029836, "p2": 21.35563192082574, "p3": 17.109073832633197, "p4": 15.634468797061906, "pol1": -0.6979992926033058, "pol2": 0.8458099952189324, "pol3": 0.6706139725240372, "pol4": 0.7313228880215055, "v0s": 5.4901629275461215}, "datetime": {"datetime": "2022-05-16 20:26:13", "elapsed": 2588.411709, "delta": 12.837665}}
{"target": 2.6636855185478088, "params": {"Bgrad": 1.0711301211141733, "d1": -2.3884827390604397, "d2": 0.573333080868073, "d3": -2.3148008355279783, "d4": -1.9715502815774402, "p1": 7.914808879184937, "p2": 35.97214558517432, "p3": 32.3488731403904, "p4": 35.155850628665135, "pol1": -0.9584873986477958, "pol2": -0.5772642202992155, "pol3": 0.6121263545091784, "pol4": 0.8214558565983794, "v0s": 2.6636855185478088}, "datetime": {"datetime": "2022-05-16 20:26:20", "elapsed": 2595.737115, "delta": 7.325406}}
{"target": 3.148179011119821, "params": {"Bgrad": 1.0832008227622614, "d1": -0.7951255160643728, "d2": 0.055323336206494475, "d3": -1.200127442451732, "d4": -2.7776266925968516, "p1": 5.533812101212098, "p2": 23.452248077864883, "p3": 1.7024272521285124, "p4": 31.545208259321512, "pol1": -0.4590990529539687, "pol2": -0.428733322504149, "pol3": -0.46605574464202315, "pol4": -0.6061887717188408, "v0s": 3.148179011119821}, "datetime": {"datetime": "2022-05-16 20:26:26", "elapsed": 2601.700166, "delta": 5.963051}}
{"target": 3.034061527357179, "params": {"Bgrad": 0.7767910141881105, "d1": -0.10308969992760554, "d2": -0.11380720170880405, "d3": -2.0644671086844597, "d4": -0.5440270300975262, "p1": 13.905007734401682, "p2": 5.987135418884331, "p3": 6.5909365086321605, "p4": 37.36177627383367, "pol1": 0.20387603276692348, "pol2": -0.4448829244111246, "pol3": -0.09991732405022817, "pol4": -0.34258254794262005, "v0s": 3.034061527357179}, "datetime": {"datetime": "2022-05-16 20:26:30", "elapsed": 2605.484046, "delta": 3.78388}}
{"target": -1.0, "params": {"Bgrad": 1.507245336783076, "d1": 0.5384861867846582, "d2": -1.1014877270710417, "d3": -2.150072355096037, "d4": -1.181195411678766, "p1": 13.26324199778372, "p2": 6.570962930683316, "p3": 6.922859210662002, "p4": 36.112653110127546, "pol1": -0.08586564649536821, "pol2": -0.7232540600912274, "pol3": -0.22825680743118326, "pol4": 0.34557790355735785, "v0s": 4.108777333535033}, "datetime": {"datetime": "2022-05-16 20:26:42", "elapsed": 2617.553764, "delta": 12.069718}}
{"target": 3.6560242675595056, "params": {"Bgrad": 1.5519395601115562, "d1": -2.0693004661304366, "d2": -0.4868176862372518, "d3": -2.2380492696607392, "d4": -1.29263279064398, "p1": 28.151858682547523, "p2": 26.190319792510458, "p3": 3.560158019355429, "p4": 43.30794255642661, "pol1": 0.631645460462062, "pol2": 0.6222959685741783, "pol3": -0.5543006183677575, "pol4": 0.1681734580763502, "v0s": 3.6560242675595056}, "datetime": {"datetime": "2022-05-16 20:26:47", "elapsed": 2623.001194, "delta": 5.44743}}
{"target": -1.0, "params": {"Bgrad": 1.0591434896935146, "d1": 0.08709300022199412, "d2": -0.797727747959328, "d3": -2.0695737870857527, "d4": -2.4722029078092613, "p1": 5.2652216339930895, "p2": 23.11371593579737, "p3": 1.6525954589632539, "p4": 31.30210884617179, "pol1": -0.48292552887634355, "pol2": -0.6410723055029366, "pol3": -0.1459621714053645, "pol4": -0.7988321515048459, "v0s": 4.150404672087566}, "datetime": {"datetime": "2022-05-16 20:26:59", "elapsed": 2634.340865, "delta": 11.339671}}
{"target": 2.2018570808377076, "params": {"Bgrad": 1.7747355651061933, "d1": -0.3296247793107798, "d2": -0.2357578248071639, "d3": -2.4246974828598766, "d4": -2.1017275279191665, "p1": 4.980740534695949, "p2": 24.535571957180135, "p3": 2.7599638694669637, "p4": 31.19454699893519, "pol1": 0.23574474443126836, "pol2": -0.40827285940856317, "pol3": 0.7250533952887219, "pol4": 0.9081107148276288, "v0s": 2.2018570808377076}, "datetime": {"datetime": "2022-05-16 20:27:01", "elapsed": 2637.120431, "delta": 2.779566}}
{"target": 4.400666714526854, "params": {"Bgrad": 1.3933211419232494, "d1": -3.0, "d2": -0.5932992535147003, "d3": -1.085064637149653, "d4": -0.4091073621961522, "p1": 32.118112835772365, "p2": 8.001993699402746, "p3": 8.065652712456098, "p4": 25.456121757255268, "pol1": 0.6089002037301289, "pol2": -1.0, "pol3": 0.19798924150164282, "pol4": -0.30815282358377943, "v0s": 4.400666714526854}, "datetime": {"datetime": "2022-05-16 20:27:07", "elapsed": 2643.210142, "delta": 6.089711}}
{"target": -1.0, "params": {"Bgrad": 0.6861403071179968, "d1": -0.012669056816384305, "d2": -0.6562549261599555, "d3": -0.7378297327166958, "d4": -2.791211417249575, "p1": 41.57865478621447, "p2": 20.09076800318625, "p3": 19.509314656004218, "p4": 16.863669028320906, "pol1": 0.15912254520300695, "pol2": 0.8810391880594992, "pol3": 0.9450103856066387, "pol4": -0.9021581946140846, "v0s": 3.9716659851406395}, "datetime": {"datetime": "2022-05-16 20:27:14", "elapsed": 2650.10171, "delta": 6.891568}}
{"target": 3.4632606127605428, "params": {"Bgrad": 1.93015311062065, "d1": -1.9284465422391563, "d2": -0.3822236077112553, "d3": -2.9872140399420055, "d4": 0.29185136661353006, "p1": 7.58485160442437, "p2": 36.72974417088129, "p3": 36.39298168895047, "p4": 35.35160947753043, "pol1": 0.17518287865858384, "pol2": 0.021569393742665532, "pol3": -0.8001129257022634, "pol4": -0.32627305702933374, "v0s": 3.4632606127605428}, "datetime": {"datetime": "2022-05-16 20:27:19", "elapsed": 2654.443099, "delta": 4.341389}}
{"target": 4.0757818460792175, "params": {"Bgrad": 0.8152296539784102, "d1": -0.3519155340971426, "d2": 1.0, "d3": -3.0, "d4": -3.0, "p1": 30.690437491571156, "p2": 10.618502397442773, "p3": 37.92210692815588, "p4": 27.467071304666185, "pol1": 0.5235115121948001, "pol2": -1.0, "pol3": -0.9908886355623574, "pol4": 0.15391588047925533, "v0s": 4.0757818460792175}, "datetime": {"datetime": "2022-05-16 20:27:22", "elapsed": 2658.070397, "delta": 3.627298}}
{"target": -1.0, "params": {"Bgrad": 1.5447582082876123, "d1": -2.7426369065302056, "d2": 0.21146293591891085, "d3": 0.03609516101299137, "d4": -2.4561297349722384, "p1": 38.51727391697477, "p2": 22.674155965008374, "p3": 16.35497589180776, "p4": 14.413923725507495, "pol1": 0.6843241434944973, "pol2": -0.5191214825627628, "pol3": 0.941078214308658, "pol4": -0.2590421557445959, "v0s": 6.278334734628214}, "datetime": {"datetime": "2022-05-16 20:27:32", "elapsed": 2667.543061, "delta": 9.472664}}
{"target": 4.926949851764338, "params": {"Bgrad": 1.4866002013472401, "d1": -2.2820267276386805, "d2": 0.08088439449664937, "d3": -0.348558069713396, "d4": -2.1981070399773803, "p1": 40.29261011569141, "p2": 21.478787350636942, "p3": 18.334119875975333, "p4": 17.04705087422679, "pol1": 0.5856804472347025, "pol2": -0.8437718046453353, "pol3": 0.8409540256436261, "pol4": -0.6150755917051746, "v0s": 4.926949851764338}, "datetime": {"datetime": "2022-05-16 20:27:38", "elapsed": 2673.227857, "delta": 5.684796}}
{"target": 3.471713043678612, "params": {"Bgrad": 1.2141073841176238, "d1": -1.0487174576221803, "d2": 1.0, "d3": -3.0, "d4": -2.9886855144518525, "p1": 30.327218123877607, "p2": 10.976459823690545, "p3": 37.91477181849209, "p4": 28.526285694795785, "pol1": 0.15324095544357375, "pol2": -1.0, "pol3": -1.0, "pol4": 0.41220202866115774, "v0s": 3.471713043678612}, "datetime": {"datetime": "2022-05-16 20:27:42", "elapsed": 2677.327891, "delta": 4.100034}}
{"target": -1.0, "params": {"Bgrad": 0.8651748113708215, "d1": -0.958564176017279, "d2": -0.7582487792251977, "d3": -0.8061664194801166, "d4": -2.3227483574068204, "p1": 29.15348244004768, "p2": 26.53260356947509, "p3": 2.263073760658163, "p4": 40.750990017684785, "pol1": 0.8516588743410003, "pol2": -0.5107420575991541, "pol3": -0.34325899825781847, "pol4": 0.6519092139448013, "v0s": 4.052906658543194}, "datetime": {"datetime": "2022-05-16 20:27:52", "elapsed": 2687.488714, "delta": 10.160823}}
{"target": 3.549910434482758, "params": {"Bgrad": 1.7599093639554562, "d1": -1.691792480697594, "d2": -0.05614227339370774, "d3": -2.938838612237418, "d4": -0.9121150982098675, "p1": 6.888323564586547, "p2": 36.19267844587351, "p3": 34.900061380318085, "p4": 34.48769572750083, "pol1": -0.09168240386731831, "pol2": -0.5472648625662333, "pol3": -0.42044056661909834, "pol4": -0.3318683297620258, "v0s": 3.549910434482758}, "datetime": {"datetime": "2022-05-16 20:27:57", "elapsed": 2692.486347, "delta": 4.997633}}
{"target": -1.0, "params": {"Bgrad": 0.5, "d1": 0.9428749584823614, "d2": -1.0684638358264031, "d3": -0.7500466530774311, "d4": -2.9632279897387113, "p1": 2.674862761444476, "p2": 18.855109305362937, "p3": 34.42498071844813, "p4": 5.517245820473075, "pol1": -0.3037199021640784, "pol2": 0.770986959757763, "pol3": -0.23425524066549452, "pol4": 0.08412583283961816, "v0s": 2.0}, "datetime": {"datetime": "2022-05-16 20:28:01", "elapsed": 2696.708056, "delta": 4.221709}}
{"target": -1.0, "params": {"Bgrad": 0.5, "d1": 0.7403684991229091, "d2": 0.22914909344958728, "d3": -1.7107923498917492, "d4": -0.7693588801690209, "p1": 14.482947001534543, "p2": 6.4815156488906105, "p3": 6.958255815036352, "p4": 38.304826584678615, "pol1": 1.0, "pol2": -0.7005797403476278, "pol3": -0.08667503387204242, "pol4": -0.005434262710891809, "v0s": 3.0913455719656255}, "datetime": {"datetime": "2022-05-16 20:28:09", "elapsed": 2704.635852, "delta": 7.927796}}
{"target": 4.216560823070913, "params": {"Bgrad": 1.6481882047489982, "d1": -1.8832930008000317, "d2": 0.7799966487987476, "d3": -0.6575200206246591, "d4": -0.7671548550838738, "p1": 0.7390991587904847, "p2": 31.022010329034405, "p3": 16.988034776055976, "p4": 11.490384183697095, "pol1": -0.17413408640356232, "pol2": -0.12257406337465561, "pol3": -0.26230742636606647, "pol4": 1.0, "v0s": 4.216560823070913}, "datetime": {"datetime": "2022-05-16 20:28:14", "elapsed": 2710.123175, "delta": 5.487323}}
{"target": -1.0, "params": {"Bgrad": 1.024993117651763, "d1": -0.974637248429628, "d2": -0.054271951724447653, "d3": 0.3817430239689261, "d4": -1.4265336220372142, "p1": 41.45938793873996, "p2": 19.59442347510254, "p3": 20.42169081578328, "p4": 16.429681287564552, "pol1": -0.11870230361659861, "pol2": 0.6402179927798737, "pol3": -0.194581740661377, "pol4": 0.17874358468963236, "v0s": 4.909248601534621}, "datetime": {"datetime": "2022-05-16 20:28:23", "elapsed": 2719.050298, "delta": 8.927123}}
{"target": -1.0, "params": {"Bgrad": 1.4085610932457038, "d1": -2.2666980463498847, "d2": 0.35635924636098304, "d3": 0.8202471901444537, "d4": -0.742022492757044, "p1": 1.790247007166007, "p2": 29.192938629299782, "p3": 16.060488993267942, "p4": 12.056050838070043, "pol1": -0.9405183664666874, "pol2": -0.15739203673478652, "pol3": -0.14746836519291628, "pol4": -0.1964774352895713, "v0s": 4.168906375189576}, "datetime": {"datetime": "2022-05-16 20:28:35", "elapsed": 2730.572481, "delta": 11.522183}}
{"target": -1.0, "params": {"Bgrad": 0.8307698042279511, "d1": 0.8172880021214621, "d2": 0.6724218336804801, "d3": -1.9720052112054902, "d4": -2.688847080789372, "p1": 30.353298516777734, "p2": 13.066745283439179, "p3": 37.21131863186482, "p4": 28.0378457700848, "pol1": -0.5641224829743079, "pol2": -0.8452851497012446, "pol3": 0.5114757077933545, "pol4": 0.8168325945730044, "v0s": 3.3694715641378297}, "datetime": {"datetime": "2022-05-16 20:28:47", "elapsed": 2743.169788, "delta": 12.597307}}
{"target": 3.9702055038404556, "params": {"Bgrad": 1.7514747955353183, "d1": -2.172501275098564, "d2": -3.0, "d3": -2.8165281948256213, "d4": -2.9415338310576096, "p1": 25.009907090948317, "p2": 30.927952686296795, "p3": 44.32410812866067, "p4": 45.58239458894306, "pol1": -0.5040598885672537, "pol2": 0.600587031508345, "pol3": -0.8448202491893044, "pol4": -0.5563050879073359, "v0s": 3.9702055038404556}, "datetime": {"datetime": "2022-05-16 20:28:54", "elapsed": 2749.775121, "delta": 6.605333}}
{"target": -1.0, "params": {"Bgrad": 1.7103451771933353, "d1": -2.6940941278874244, "d2": -0.5550077528538604, "d3": -1.0382854911949102, "d4": -2.5442512028347277, "p1": 6.481432514653346, "p2": 24.987766132084378, "p3": 3.2100416878896922, "p4": 30.101847551063205, "pol1": 0.528656814065471, "pol2": -0.13598330541451964, "pol3": -0.3204327683222252, "pol4": 0.3764620099504179, "v0s": 4.8732537903431545}, "datetime": {"datetime": "2022-05-16 20:29:05", "elapsed": 2761.017054, "delta": 11.241933}}
{"target": 4.403386559719514, "params": {"Bgrad": 0.9539025523430041, "d1": -3.0, "d2": -0.03326877811790812, "d3": -0.1148593957293445, "d4": -0.14173478625981303, "p1": 31.481824115918275, "p2": 8.442751936130643, "p3": 7.8942863922056805, "p4": 25.16411447989595, "pol1": 0.31161365445418815, "pol2": -1.0, "pol3": 0.015174636187304007, "pol4": -0.0027924730052876715, "v0s": 4.403386559719514}, "datetime": {"datetime": "2022-05-16 20:29:11", "elapsed": 2766.594691, "delta": 5.577637}}
{"target": 3.7009804869191822, "params": {"Bgrad": 0.8877825142866443, "d1": -1.5251070773885105, "d2": 0.36905258797675866, "d3": -1.1330580928247473, "d4": 0.8906988450409781, "p1": 16.95029156696013, "p2": 29.740331151522508, "p3": 48.51072594099674, "p4": 31.7465105196278, "pol1": -0.707202673193952, "pol2": -0.12531104886141997, "pol3": -0.24439576119045017, "pol4": 0.23746398639950012, "v0s": 3.7009804869191822}, "datetime": {"datetime": "2022-05-16 20:29:18", "elapsed": 2773.677746, "delta": 7.083055}}
{"target": 3.832933264685251, "params": {"Bgrad": 1.2130452214706144, "d1": -1.0126167400885069, "d2": -0.021435015294217763, "d3": -1.47708530290687, "d4": -2.5965016278524113, "p1": 45.364607875561745, "p2": 19.49814518722428, "p3": 24.975656255515744, "p4": 12.817446119389409, "pol1": 0.87985326419265, "pol2": 0.07126972532254827, "pol3": 0.3417962191252275, "pol4": -0.8225464997328362, "v0s": 3.832933264685251}, "datetime": {"datetime": "2022-05-16 20:29:23", "elapsed": 2778.912745, "delta": 5.234999}}
{"target": 2.997933853310178, "params": {"Bgrad": 1.3492084637080477, "d1": -2.215190944176766, "d2": -2.9716255007588703, "d3": -2.9293394004811657, "d4": -2.9739130595604144, "p1": 5.066336692047099, "p2": 11.176565948314789, "p3": 36.73337069680993, "p4": 29.064742550729083, "pol1": -0.5854316711529315, "pol2": -0.9055189389691801, "pol3": 0.9162150342875439, "pol4": 0.8694928898710087, "v0s": 2.997933853310178}, "datetime": {"datetime": "2022-05-16 20:29:27", "elapsed": 2782.991834, "delta": 4.079089}}
{"target": -1.0, "params": {"Bgrad": 0.539641006166784, "d1": -2.9055961228970917, "d2": 0.007041144829579515, "d3": -2.756474937820921, "d4": -1.8720646305485609, "p1": 5.700946831465936, "p2": 21.605394512966843, "p3": 2.111528268934748, "p4": 32.285632996691064, "pol1": -0.4478672481542736, "pol2": -0.4251153666438494, "pol3": -0.7650290592690241, "pol4": 0.3372912332700735, "v0s": 3.1131373485068505}, "datetime": {"datetime": "2022-05-16 20:29:32", "elapsed": 2787.564604, "delta": 4.57277}}
{"target": 3.602731538936715, "params": {"Bgrad": 1.267935684559464, "d1": -1.6078796753019264, "d2": 0.1338139369992501, "d3": -2.9788321066800507, "d4": -2.2413929674639723, "p1": 7.06315541646632, "p2": 35.89083108190746, "p3": 34.595587506670185, "p4": 34.542698677644374, "pol1": -0.35664572003031575, "pol2": -0.060914026340648464, "pol3": 0.2925462408721437, "pol4": 0.48231467721818133, "v0s": 3.602731538936715}, "datetime": {"datetime": "2022-05-16 20:29:38", "elapsed": 2794.07918, "delta": 6.514576}}
{"target": 4.199263849897552, "params": {"Bgrad": 1.5859197675305046, "d1": -1.380646936178906, "d2": -3.0, "d3": -2.573399063190774, "d4": -2.5984683349847337, "p1": 25.48304713727989, "p2": 31.489370473402406, "p3": 44.29475025409408, "p4": 46.33606924971811, "pol1": -0.4634705648996848, "pol2": 0.6144100298877484, "pol3": -0.33824472329116795, "pol4": -0.6362595587804987, "v0s": 4.199263849897552}, "datetime": {"datetime": "2022-05-16 20:29:46", "elapsed": 2801.888436, "delta": 7.809256}}
{"target": -1.0, "params": {"Bgrad": 1.1234524788736895, "d1": -1.0846145998016343, "d2": -2.0867274057553082, "d3": -1.54890779447632, "d4": -0.40098775376938534, "p1": 26.592435009774135, "p2": 24.692404428044235, "p3": 4.917713249550404, "p4": 42.925933446396705, "pol1": 0.5501156548415507, "pol2": -0.2913068667723635, "pol3": -0.7260909470843884, "pol4": -0.7379419056812622, "v0s": 3.811808104451247}, "datetime": {"datetime": "2022-05-16 20:29:56", "elapsed": 2811.843832, "delta": 9.955396}}
{"target": 3.011842099659266, "params": {"Bgrad": 1.0687909212663054, "d1": -2.5837980337829083, "d2": 0.11277806105481814, "d3": -1.300534486551621, "d4": -2.341874614258828, "p1": 39.60219852162198, "p2": 20.736001411747363, "p3": 17.891275182564886, "p4": 20.12710405499871, "pol1": 0.16903573037340758, "pol2": 0.405716973056526, "pol3": -0.9283057464870232, "pol4": -0.6624820356267747, "v0s": 3.011842099659266}, "datetime": {"datetime": "2022-05-16 20:30:01", "elapsed": 2816.626041, "delta": 4.782209}}
