{"target": 3.835804648887561, "params": {"Bgrad": 1.9905602590202875, "d1": -0.5343064519668888, "d2": 0.5177719060471309, "d3": -1.6025758909643542, "d4": -2.5772711661404935, "p1": 11.594389409662792, "p2": 22.06273344685546, "p3": 45.28807612649857, "p4": 22.177010090589732, "pol1": 0.18332213555217058, "pol2": 0.2944343922025505, "pol3": -0.9852503208839414, "pol4": -0.6752284277748795, "v0s": 3.835804648887561}, "datetime": {"datetime": "2022-05-18 02:34:49", "elapsed": 111104.896848, "delta": 40.806857}}
{"target": 3.665333498502388, "params": {"Bgrad": 1.2791592789018131, "d1": -2.4623507308102974, "d2": -1.6303626780981757, "d3": -1.8049215795483642, "d4": -1.3488307165853874, "p1": 6.871332872797348, "p2": 39.566066824679794, "p3": 29.000939778819827, "p4": 40.76562972107554, "pol1": -0.2819493729809899, "pol2": -0.12920923515905658, "pol3": 0.5372457888744866, "pol4": -0.6781813889519437, "v0s": 3.665333498502388}, "datetime": {"datetime": "2022-05-18 02:35:39", "elapsed": 111154.650775, "delta": 49.753927}}
{"target": 4.270488830519916, "params": {"Bgrad": 2.0, "d1": -2.5974769536426896, "d2": 1.0, "d3": -2.428943606632184, "d4": -2.003504108520993, "p1": 29.558479247003117, "p2": 30.176733331845636, "p3": 5.9914918221462345, "p4": 44.21135149883796, "pol1": 1.0, "pol2": -0.3942413396396591, "pol3": 0.15370872022266194, "pol4": -0.5793029187619795, "v0s": 4.270488830519916}, "datetime": {"datetime": "2022-05-18 02:36:17", "elapsed": 111192.773812, "delta": 38.123037}}
{"target": 3.394138174864488, "params": {"Bgrad": 1.0783096661316807, "d1": -2.826835950295559, "d2": 0.900188585507407, "d3": -1.77002767786834, "d4": -1.0422589030958807, "p1": 42.70774169316678, "p2": 20.936158366976116, "p3": 12.097973524862743, "p4": 12.316084797304732, "pol1": -0.057907806141335394, "pol2": 0.4507357699821195, "pol3": -0.19180621137143405, "pol4": 0.2962164283274451, "v0s": 3.394138174864488}, "datetime": {"datetime": "2022-05-18 02:36:58", "elapsed": 111233.847952, "delta": 41.07414}}
{"target": 3.8976992843064857, "params": {"Bgrad": 0.7583619884731716, "d1": -2.3352005683558503, "d2": 0.8534924844930036, "d3": -0.9187484266937948, "d4": 0.2912026174554261, "p1": 24.91981492952019, "p2": 40.985437585288906, "p3": 27.242167671656205, "p4": 21.46124001186257, "pol1": -0.3997525786521809, "pol2": -0.3438179782559038, "pol3": -0.2857712395750988, "pol4": -1.0, "v0s": 3.8976992843064857}, "datetime": {"datetime": "2022-05-18 02:37:45", "elapsed": 111280.329631, "delta": 46.481679}}
{"target": -1.0, "params": {"Bgrad": 1.1625412944245683, "d1": -2.6066191359583124, "d2": 0.6048537026083114, "d3": -0.31271829789722033, "d4": -2.9047398139707346, "p1": 3.265176548095732, "p2": 14.994696735317955, "p3": 37.72158324647516, "p4": 48.87438519698363, "pol1": 0.26837377918101996, "pol2": 0.30649753432014415, "pol3": -1.0, "pol4": -0.09883763166641132, "v0s": 5.465872472258595}, "datetime": {"datetime": "2022-05-18 02:38:55", "elapsed": 111350.307467, "delta": 69.977836}}
{"target": 5.286426231195114, "params": {"Bgrad": 0.9725988528452327, "d1": -1.7587176826470925, "d2": 0.8609730577433963, "d3": -1.2860599513396596, "d4": -0.52004558669547, "p1": 2.7904358381266188, "p2": 35.014893763534474, "p3": 30.313708971521887, "p4": 33.864120771131134, "pol1": 0.2366882180856232, "pol2": 0.11214450759726581, "pol3": 0.051834838594167314, "pol4": -1.0, "v0s": 5.286426231195114}, "datetime": {"datetime": "2022-05-18 02:39:32", "elapsed": 111388.204107, "delta": 37.89664}}
{"target": -1.0, "params": {"Bgrad": 1.8755723321605122, "d1": -1.6448956321617973, "d2": 0.18279000425903424, "d3": -0.18806027467315262, "d4": 0.5046583019696749, "p1": 27.030193190439118, "p2": 41.050014500499, "p3": 29.22175209561539, "p4": 20.783670771775874, "pol1": -0.6578182567979761, "pol2": 0.8711813794642078, "pol3": -0.129163468182136, "pol4": -1.0, "v0s": 4.740107761143337}, "datetime": {"datetime": "2022-05-18 02:40:22", "elapsed": 111437.386563, "delta": 49.182456}}
{"target": 3.462557184014421, "params": {"Bgrad": 1.4364869550513735, "d1": -1.5474823791651842, "d2": 0.6744822361206628, "d3": -0.6078212788402237, "d4": -1.7218360826965675, "p1": 0.8880103025448727, "p2": 13.352724988831799, "p3": 39.80388678268665, "p4": 48.314258635559014, "pol1": 0.9123181022456861, "pol2": 0.18884084057516715, "pol3": -0.04301165672873708, "pol4": 0.1667183731066011, "v0s": 3.462557184014421}, "datetime": {"datetime": "2022-05-18 02:40:52", "elapsed": 111468.210121, "delta": 30.823558}}
{"target": 4.9099776692833546, "params": {"Bgrad": 1.2216555992671565, "d1": -2.293465794882462, "d2": 1.0, "d3": -1.970265240104692, "d4": -0.44727925164064725, "p1": 30.95770280649681, "p2": 15.09450991797983, "p3": 31.257807348837485, "p4": 27.335509663032312, "pol1": -0.9822768129526128, "pol2": -0.813924333640906, "pol3": -1.0, "pol4": -0.9447481301993044, "v0s": 4.9099776692833546}, "datetime": {"datetime": "2022-05-18 02:41:34", "elapsed": 111509.755005, "delta": 41.544884}}
{"target": -1.0, "params": {"Bgrad": 1.3036098470812025, "d1": 0.11998446516845185, "d2": 0.49073179218396357, "d3": -2.8936930228861333, "d4": -2.2255541179207685, "p1": 7.706564975294983, "p2": 39.777439897950565, "p3": 27.41704545285942, "p4": 39.864372249847655, "pol1": -0.031051702687188154, "pol2": -0.36734177474360274, "pol3": 0.4616382129050891, "pol4": 0.801499569096831, "v0s": 2.4166341293439135}, "datetime": {"datetime": "2022-05-18 02:42:21", "elapsed": 111556.810149, "delta": 47.055144}}
{"target": 4.898095516891587, "params": {"Bgrad": 0.5, "d1": -3.0, "d2": 0.6819019019239737, "d3": -2.387460091366147, "d4": -2.340156335881966, "p1": 32.01258367065792, "p2": 6.684503120644782, "p3": 38.440220649681535, "p4": 29.848199183471767, "pol1": 0.37009188083938616, "pol2": -0.3459385420101264, "pol3": 0.665062001917261, "pol4": 0.14191526078267744, "v0s": 4.898095516891587}, "datetime": {"datetime": "2022-05-18 02:43:04", "elapsed": 111599.914861, "delta": 43.104712}}
{"target": -1.0, "params": {"Bgrad": 1.4232739591525614, "d1": -1.944764311324421, "d2": -1.2486750829857378, "d3": 0.7557788297534733, "d4": -2.6957693582981923, "p1": 34.182809286969004, "p2": 8.340474026116206, "p3": 37.17798647002937, "p4": 33.82189631500199, "pol1": 0.19988349177597176, "pol2": -0.7885284960114538, "pol3": -0.66197008864964, "pol4": -0.6706191598700797, "v0s": 5.055385000071526}, "datetime": {"datetime": "2022-05-18 02:43:58", "elapsed": 111653.268161, "delta": 53.3533}}
{"target": 4.793191155777755, "params": {"Bgrad": 1.0302183947067813, "d1": -1.523903937642139, "d2": 0.6940676518108814, "d3": -1.4888715699166994, "d4": -0.9701010928619412, "p1": 4.00858918987146, "p2": 33.08377643672764, "p3": 37.61168936758807, "p4": 29.388223537624725, "pol1": -0.44778874883446157, "pol2": -0.7005210959997314, "pol3": -0.5050511059819939, "pol4": -0.41060564122768656, "v0s": 4.793191155777755}, "datetime": {"datetime": "2022-05-18 02:45:14", "elapsed": 111729.500268, "delta": 76.232107}}
{"target": 4.979868488684507, "params": {"Bgrad": 1.6856380262897974, "d1": -1.8779560498668437, "d2": 0.4651250473441966, "d3": -2.529052545568606, "d4": -1.5736634480123417, "p1": 8.532646469522598, "p2": 26.203925938858212, "p3": 41.35329140890984, "p4": 20.860481975497734, "pol1": 0.8358309009483917, "pol2": 0.04938216606151369, "pol3": -0.6792656206026222, "pol4": -0.7568107247959348, "v0s": 4.979868488684507}, "datetime": {"datetime": "2022-05-18 02:45:54", "elapsed": 111769.579072, "delta": 40.078804}}
{"target": 5.0349673567889, "params": {"Bgrad": 1.5022040401025911, "d1": -2.3695833715031998, "d2": 1.0, "d3": -1.0753615487333517, "d4": -1.4945697870230736, "p1": 35.84356835410953, "p2": 11.065121531676798, "p3": 41.01696195870408, "p4": 38.354944886299194, "pol1": 1.0, "pol2": -0.5874009654048016, "pol3": -1.0, "pol4": -1.0, "v0s": 5.0349673567889}, "datetime": {"datetime": "2022-05-18 02:46:42", "elapsed": 111818.116254, "delta": 48.537182}}
{"target": -1.0, "params": {"Bgrad": 1.3759135870460006, "d1": -2.059140593909376, "d2": 0.34037943238527496, "d3": -0.19288049215731576, "d4": -3.0, "p1": 1.7822776895330585, "p2": 13.747884584954035, "p3": 38.16575590616702, "p4": 48.11425462175354, "pol1": -1.0, "pol2": -0.5517974405352595, "pol3": -0.553166801375362, "pol4": -0.3219682357034272, "v0s": 5.459658506049719}, "datetime": {"datetime": "2022-05-18 02:47:26", "elapsed": 111861.358597, "delta": 43.242343}}
{"target": 5.764369350664942, "params": {"Bgrad": 1.4128267960290806, "d1": -0.8853072136120019, "d2": 0.35054566804795817, "d3": -1.506968911167077, "d4": 0.19656430828665794, "p1": 4.049092671792021, "p2": 38.22039032246608, "p3": 29.84710712508135, "p4": 45.52777335251229, "pol1": -0.4357247637848096, "pol2": -0.6663872492994372, "pol3": -0.7136413876649761, "pol4": 0.011530617930959774, "v0s": 5.764369350664942}, "datetime": {"datetime": "2022-05-18 02:48:35", "elapsed": 111930.643286, "delta": 69.284689}}
{"target": -1.0, "params": {"Bgrad": 0.9018935524242904, "d1": -2.7334351831512755, "d2": -0.5636033110238947, "d3": -1.5203958069450416, "d4": -0.5727045266582502, "p1": 2.7149036462751743, "p2": 30.546853746117552, "p3": 36.775871751015856, "p4": 27.108503725447264, "pol1": 0.17757289499114415, "pol2": -0.08163236431723897, "pol3": -0.5397096263368457, "pol4": -0.11470384353509644, "v0s": 5.166124762166545}, "datetime": {"datetime": "2022-05-18 02:49:17", "elapsed": 111973.086766, "delta": 42.44348}}
{"target": -1.0, "params": {"Bgrad": 2.0, "d1": -1.6822948684234227, "d2": 1.0, "d3": -1.2615385136611645, "d4": -3.0, "p1": 44.40175564730843, "p2": 20.194548604156715, "p3": 25.942974592283466, "p4": 12.389995371074086, "pol1": -0.005262029979677295, "pol2": -1.0, "pol3": 0.3691562985515066, "pol4": 1.0, "v0s": 5.4138007379693205}, "datetime": {"datetime": "2022-05-18 02:50:26", "elapsed": 112041.272395, "delta": 68.185629}}
{"target": 3.448555626199193, "params": {"Bgrad": 1.4999832361678238, "d1": -2.4449550957716544, "d2": 0.3824468229274913, "d3": -2.5971385067175587, "d4": -0.14302595956307584, "p1": 21.3175058928342, "p2": 9.186676474668776, "p3": 9.88390718619845, "p4": 23.77211916395329, "pol1": -0.5214522807616415, "pol2": 0.8570817963794184, "pol3": 0.08655227677112398, "pol4": 0.14877782480445578, "v0s": 3.448555626199193}, "datetime": {"datetime": "2022-05-18 02:51:19", "elapsed": 112094.664591, "delta": 53.392196}}
{"target": 4.517169978160455, "params": {"Bgrad": 1.2575139753863722, "d1": -3.0, "d2": -2.4509584754173788, "d3": -0.8782802666874284, "d4": -0.7385588290915839, "p1": 4.733722629986858, "p2": 19.744200878991517, "p3": 2.0048109330875183, "p4": 13.991602130083939, "pol1": -0.8233334294923074, "pol2": 0.48681771758279413, "pol3": 1.0, "pol4": -1.0, "v0s": 4.517169978160455}, "datetime": {"datetime": "2022-05-18 02:52:02", "elapsed": 112137.863051, "delta": 43.19846}}
{"target": 3.644362954903675, "params": {"Bgrad": 1.2522851913133457, "d1": -2.0871760557747496, "d2": 0.7602615646771511, "d3": -1.858219892596586, "d4": -0.013033236206513088, "p1": 33.787280307360945, "p2": 8.913770951446065, "p3": 41.06699262107462, "p4": 34.430586557551116, "pol1": -0.94483404204623, "pol2": -0.3781725563167442, "pol3": -0.1774877893483997, "pol4": -0.14881114351028857, "v0s": 3.644362954903675}, "datetime": {"datetime": "2022-05-18 02:52:51", "elapsed": 112186.823101, "delta": 48.96005}}
{"target": 5.398310409139025, "params": {"Bgrad": 1.9550967920386901, "d1": -1.7582633842097484, "d2": 0.5149131922310675, "d3": -0.4738625739101239, "d4": -1.6143071487522156, "p1": 0.6459025281705444, "p2": 34.817305252812005, "p3": 29.949017142007133, "p4": 33.32886180946239, "pol1": 0.2046612133297181, "pol2": -0.25822838645701673, "pol3": -0.10910531890577069, "pol4": -0.9192421650541842, "v0s": 5.398310409139025}, "datetime": {"datetime": "2022-05-18 02:53:47", "elapsed": 112242.853241, "delta": 56.03014}}
{"target": 2.844895977690908, "params": {"Bgrad": 0.656923301010397, "d1": 0.025548107434734124, "d2": 0.4963663830293741, "d3": -0.594388205395163, "d4": -0.5863014134085103, "p1": 5.65213231472097, "p2": 31.45862052432268, "p3": 36.67391552902633, "p4": 29.650091530946472, "pol1": -0.4447549124648589, "pol2": 0.5070297854461663, "pol3": -0.6093208010170634, "pol4": -0.1620071682380071, "v0s": 2.844895977690908}, "datetime": {"datetime": "2022-05-18 02:54:32", "elapsed": 112287.318314, "delta": 44.465073}}
{"target": 4.268239239799439, "params": {"Bgrad": 0.6144157275326152, "d1": -2.7198430840739953, "d2": 1.0, "d3": -1.3396621957642236, "d4": -1.4090470277128824, "p1": 41.687885190599104, "p2": 20.674257004851068, "p3": 14.267764724688588, "p4": 13.015476429937825, "pol1": 0.150792667960758, "pol2": 0.3489747356145465, "pol3": 0.5097649954573545, "pol4": -0.062404473941891234, "v0s": 4.268239239799439}, "datetime": {"datetime": "2022-05-18 02:55:48", "elapsed": 112363.751883, "delta": 76.433569}}
{"target": 5.306498921180853, "params": {"Bgrad": 1.8437376606449396, "d1": -2.3337937961125887, "d2": 0.35638567811925714, "d3": -2.363777895223927, "d4": -2.0604792904780243, "p1": 9.368301167514565, "p2": 34.694705824594514, "p3": 36.03703266007528, "p4": 35.448621472481776, "pol1": 0.5702895291336114, "pol2": -0.653352478179926, "pol3": -0.8167342497913843, "pol4": -0.8308072836677638, "v0s": 5.306498921180853}, "datetime": {"datetime": "2022-05-18 02:56:29", "elapsed": 112404.996569, "delta": 41.244686}}
{"target": 4.651778046539852, "params": {"Bgrad": 1.7135896166892268, "d1": -2.0441406083378575, "d2": 1.0, "d3": -0.6109076173491051, "d4": -1.3395105879580116, "p1": 40.69326590276573, "p2": 20.004578305725005, "p3": 14.218104971149554, "p4": 13.370523290284268, "pol1": 0.7488186976467932, "pol2": 0.25020640665039584, "pol3": -0.18528012552571882, "pol4": -0.8620445312401075, "v0s": 4.651778046539852}, "datetime": {"datetime": "2022-05-18 02:57:08", "elapsed": 112444.15683, "delta": 39.160261}}
{"target": 3.3394898834235036, "params": {"Bgrad": 1.9101467070158369, "d1": -2.272130085202032, "d2": 0.41766796964027586, "d3": -1.146058027190925, "d4": -0.4155208526786107, "p1": 0.5243965702855902, "p2": 31.841381100968924, "p3": 26.315951299444347, "p4": 33.30606684541761, "pol1": -0.8167154677265747, "pol2": 0.7858351939176187, "pol3": 0.25781376596599914, "pol4": -0.49927765856737794, "v0s": 3.3394898834235036}, "datetime": {"datetime": "2022-05-18 02:57:56", "elapsed": 112492.076662, "delta": 47.919832}}
{"target": 5.057882397767925, "params": {"Bgrad": 0.6763606222488737, "d1": -1.4788126272698279, "d2": 0.3874615037971867, "d3": -2.0106677695976534, "d4": -3.0, "p1": 26.62090181538123, "p2": 9.113540689627419, "p3": 35.90854104368442, "p4": 30.146700361810062, "pol1": 0.39138135190057566, "pol2": 0.3118498471540002, "pol3": 0.5726822862237178, "pol4": 0.1706513521498216, "v0s": 5.057882397767925}, "datetime": {"datetime": "2022-05-18 02:59:12", "elapsed": 112567.80412, "delta": 75.727458}}
{"target": -1.0, "params": {"Bgrad": 0.8732564302587703, "d1": -0.40215312003304327, "d2": 0.6757263790953894, "d3": -2.2059759484759756, "d4": -2.9042088134274326, "p1": 3.222237644514503, "p2": 39.289963792973055, "p3": 30.387594382763922, "p4": 45.029901199091334, "pol1": 0.8693443198261535, "pol2": 0.6247144954774404, "pol3": -0.5458503231260399, "pol4": -0.8195655051814383, "v0s": 5.461547004649676}, "datetime": {"datetime": "2022-05-18 03:00:34", "elapsed": 112649.747951, "delta": 81.943831}}
{"target": 4.835958061886222, "params": {"Bgrad": 1.310475883162643, "d1": -2.168774941726331, "d2": 1.0, "d3": -0.3128531468531346, "d4": -1.590446464131316, "p1": 41.00056270564689, "p2": 19.93090051704439, "p3": 14.933328352598897, "p4": 12.602327385501377, "pol1": 0.24058320972451633, "pol2": 1.0, "pol3": -0.4985818092236842, "pol4": 0.5132379351134282, "v0s": 4.835958061886222}, "datetime": {"datetime": "2022-05-18 03:01:56", "elapsed": 112731.260934, "delta": 81.512983}}
{"target": 5.391335282779513, "params": {"Bgrad": 1.7150477560311554, "d1": -2.165596256410365, "d2": -0.653108630228072, "d3": -0.7461898968461607, "d4": -2.570344770362317, "p1": 5.204923340671913, "p2": 16.78899466536151, "p3": 39.051008491423374, "p4": 47.292274931956804, "pol1": -0.07606705082483711, "pol2": -0.510904341845644, "pol3": -0.5041384543289986, "pol4": -0.25154980301512864, "v0s": 5.391335282779513}, "datetime": {"datetime": "2022-05-18 03:02:38", "elapsed": 112773.821101, "delta": 42.560167}}
{"target": 4.125821289284489, "params": {"Bgrad": 1.298276397468124, "d1": -3.0, "d2": 0.5364410187749039, "d3": -3.0, "d4": -1.3753295051145316, "p1": 28.54132041193739, "p2": 30.466697843876034, "p3": 5.500690398448832, "p4": 43.14332143433155, "pol1": 0.4586829918209524, "pol2": -0.07750328838965509, "pol3": 0.5013704100543795, "pol4": 0.8729369140721572, "v0s": 4.125821289284489}, "datetime": {"datetime": "2022-05-18 03:03:21", "elapsed": 112816.795162, "delta": 42.974061}}
{"target": 4.61469293803621, "params": {"Bgrad": 0.5, "d1": -2.128447131092893, "d2": 1.0, "d3": -1.7328715617612354, "d4": -0.6745605581188128, "p1": 44.82201328469486, "p2": 26.468341691982207, "p3": 22.11565831169424, "p4": 31.3039995496446, "pol1": 0.40384727145861943, "pol2": 1.0, "pol3": 1.0, "pol4": -1.0, "v0s": 4.61469293803621}, "datetime": {"datetime": "2022-05-18 03:04:34", "elapsed": 112889.651299, "delta": 72.856137}}
{"target": 5.052952473805487, "params": {"Bgrad": 1.2062813204521945, "d1": -3.0, "d2": 1.0, "d3": -1.911767856786764, "d4": -2.158068051842382, "p1": 8.998154284335817, "p2": 35.08732177427455, "p3": 36.241140625727745, "p4": 36.474665536486185, "pol1": -0.11868890180812666, "pol2": 0.0846388177311192, "pol3": -0.23703662719089566, "pol4": -0.47298456242625647, "v0s": 5.052952473805487}, "datetime": {"datetime": "2022-05-18 03:05:37", "elapsed": 112953.044745, "delta": 63.393446}}
{"target": -1.0, "params": {"Bgrad": 0.5570130559504294, "d1": -2.0201330995607663, "d2": -0.06802344217872802, "d3": -2.989450585277896, "d4": -1.33886901120212, "p1": 4.832379306954343, "p2": 41.36876325281534, "p3": 28.6961685233934, "p4": 44.341674938860685, "pol1": -0.5763311583925601, "pol2": 0.1595416870232984, "pol3": 0.5157187414406377, "pol4": -0.2527530053595206, "v0s": 2.187054651095287}, "datetime": {"datetime": "2022-05-18 03:06:11", "elapsed": 112986.379587, "delta": 33.334842}}
{"target": 3.9977052068871473, "params": {"Bgrad": 0.5, "d1": -2.1497047528932454, "d2": 0.17184828358164833, "d3": -2.5143864201113835, "d4": -3.0, "p1": 24.291349995207966, "p2": 31.11351135655357, "p3": 7.818046877000619, "p4": 47.18140368421365, "pol1": -1.0, "pol2": -1.0, "pol3": -0.13550111100791384, "pol4": -0.12977096863886978, "v0s": 3.9977052068871473}, "datetime": {"datetime": "2022-05-18 03:07:01", "elapsed": 113036.979252, "delta": 50.599665}}
{"target": -1.0, "params": {"Bgrad": 1.332354311444881, "d1": -2.8237899782492626, "d2": -0.273317234944082, "d3": -2.0346329470299818, "d4": -1.081633496382305, "p1": 9.570805781196318, "p2": 26.314381550277698, "p3": 44.04101064901395, "p4": 21.210917295580696, "pol1": 0.9636071327886808, "pol2": -0.8901867869391313, "pol3": -0.9127549698538744, "pol4": 0.18548112595215738, "v0s": 5.7250159400028675}, "datetime": {"datetime": "2022-05-18 03:07:42", "elapsed": 113077.879858, "delta": 40.900606}}
{"target": 5.257098013844125, "params": {"Bgrad": 0.983884559490328, "d1": -2.3319949009186467, "d2": -1.2068775558578708, "d3": -0.04102573924261854, "d4": -1.7186043993860398, "p1": 5.1475185610733885, "p2": 13.996628675834366, "p3": 38.5927123059027, "p4": 49.13221457981536, "pol1": 0.988028493167951, "pol2": -0.7491960384481973, "pol3": 0.655614116976547, "pol4": -0.7110735545382871, "v0s": 5.257098013844125}, "datetime": {"datetime": "2022-05-18 03:08:37", "elapsed": 113133.066255, "delta": 55.186397}}
{"target": 3.842716596367568, "params": {"Bgrad": 2.0, "d1": -2.772868517972438, "d2": -1.3814381578884898, "d3": -3.0, "d4": -0.46274464532206105, "p1": 27.10637235454697, "p2": 19.028990048682598, "p3": 50.0, "p4": 36.64285244894468, "pol1": 1.0, "pol2": 1.0, "pol3": -0.2354899383247374, "pol4": 0.5199029381822549, "v0s": 3.842716596367568}, "datetime": {"datetime": "2022-05-18 03:09:18", "elapsed": 113173.361481, "delta": 40.295226}}
{"target": -1.0, "params": {"Bgrad": 0.5376490788826918, "d1": -0.2671333208698847, "d2": 0.7735261174656469, "d3": -1.0384678361072188, "d4": 0.28724168658516946, "p1": 4.938810032244678, "p2": 17.426664300340462, "p3": 37.79520928199725, "p4": 47.72738771046693, "pol1": 0.4736935767669992, "pol2": 0.5024502109722813, "pol3": -0.9931104310702656, "pol4": -0.42449018431315255, "v0s": 6.486181032242076}, "datetime": {"datetime": "2022-05-18 03:10:33", "elapsed": 113248.790736, "delta": 75.429255}}
{"target": 5.306930987337189, "params": {"Bgrad": 1.3952445348636917, "d1": -3.0, "d2": -0.2306479543849055, "d3": -2.063837162511025, "d4": 0.24491701834374197, "p1": 35.320343552284704, "p2": 6.440459519697994, "p3": 36.57510433905801, "p4": 6.579344811317574, "pol1": 0.6714830258507779, "pol2": -1.0, "pol3": -0.5461776488413491, "pol4": -0.5091616835809035, "v0s": 5.306930987337189}, "datetime": {"datetime": "2022-05-18 03:11:22", "elapsed": 113297.53237, "delta": 48.741634}}
{"target": -1.0, "params": {"Bgrad": 0.6260246289774694, "d1": -2.172489542962104, "d2": 0.45479511694135377, "d3": 0.27068176528652943, "d4": -2.773678404386889, "p1": 11.1440974019744, "p2": 35.17660513967893, "p3": 36.777185014228195, "p4": 35.34609309235192, "pol1": -0.008655417313022218, "pol2": -0.4411259238322589, "pol3": 0.8975141389131018, "pol4": 0.9271666760058013, "v0s": 4.960303673500164}, "datetime": {"datetime": "2022-05-18 03:12:07", "elapsed": 113342.240792, "delta": 44.708422}}
