{"target": -1.0, "params": {"Bgrad": 1.489824633436801, "d1": -1.8222329254108933, "d2": -0.1023921295500714, "d3": -2.468308622134023, "d4": -1.0470098193771296, "p1": 23.410713789901695, "p2": 26.230579805104025, "p3": 11.768027610294805, "p4": 38.087193024260735, "pol1": -0.11288913466612363, "pol2": -0.9474577340640645, "pol3": -0.010282462940697311, "pol4": -0.07359688663963901, "v0s": 4.680219705607931}, "datetime": {"datetime": "2022-04-29 18:40:26", "elapsed": 97739.504744, "delta": 31.928628}}
{"target": -1.0, "params": {"Bgrad": 1.7805198648781184, "d1": -2.0312725421522924, "d2": -1.4060135298602194, "d3": -1.4407124852069684, "d4": -2.528696478068869, "p1": 4.810551086138847, "p2": 40.58432247289448, "p3": 4.741641396096286, "p4": 27.122817812855764, "pol1": 0.3362817067311443, "pol2": 0.595087172969033, "pol3": -0.6721581064241577, "pol4": -0.05171454166539058, "v0s": 3.521246805026256}, "datetime": {"datetime": "2022-04-29 18:40:51", "elapsed": 97763.637218, "delta": 24.132474}}
{"target": -1.0, "params": {"Bgrad": 1.1709470521278083, "d1": -2.4338542861816195, "d2": 0.7056477161364216, "d3": -0.05206014508822099, "d4": 0.9692196317834219, "p1": 12.29803331295466, "p2": 23.24013392553555, "p3": 43.8898836576241, "p4": 30.014934302935576, "pol1": -0.09394991861936752, "pol2": -0.18680433344249736, "pol3": -0.17311207475432244, "pol4": 0.3088177788309532, "v0s": 2.478551894071445}, "datetime": {"datetime": "2022-04-29 18:41:32", "elapsed": 97804.714386, "delta": 41.077168}}
{"target": -1.0, "params": {"Bgrad": 0.7338909998468204, "d1": -2.0551548286446106, "d2": -1.940017262833667, "d3": -1.1368392775206835, "d4": -0.8067785860391794, "p1": 26.813332764890085, "p2": 42.31184695105225, "p3": 27.75618135349423, "p4": 20.67521074295506, "pol1": -0.2664467765809386, "pol2": -0.4505341408948693, "pol3": 0.6965301337691414, "pol4": -0.7119025927772273, "v0s": 4.2980672725442375}, "datetime": {"datetime": "2022-04-29 18:41:50", "elapsed": 97823.029414, "delta": 18.315028}}
{"target": -1.0, "params": {"Bgrad": 0.9273657476485024, "d1": -0.7375062766011848, "d2": -0.3491791051982016, "d3": -2.2036290873186997, "d4": -0.19669595874628998, "p1": 13.04478886876162, "p2": 26.208399922994158, "p3": 16.888239781066755, "p4": 1.692353864230528, "pol1": 0.32032730595741965, "pol2": 0.1332517039905068, "pol3": 0.6321777718614927, "pol4": -0.7934606227067953, "v0s": 4.378493754329661}, "datetime": {"datetime": "2022-04-29 18:42:13", "elapsed": 97846.122668, "delta": 23.093254}}
{"target": -1.0, "params": {"Bgrad": 1.2560907550864693, "d1": -1.4227557206594423, "d2": -0.9611846174675684, "d3": -0.642641949687345, "d4": -0.9497403943933014, "p1": 14.814750295354356, "p2": 42.63726466269496, "p3": 2.359464747589718, "p4": 8.895119043881339, "pol1": 0.4176347929686106, "pol2": -0.11021910740957286, "pol3": -0.24203637720300009, "pol4": -0.5969299721253327, "v0s": 4.046275845336459}, "datetime": {"datetime": "2022-04-29 18:42:52", "elapsed": 97884.856101, "delta": 38.733433}}
{"target": 2.1460554073766374, "params": {"Bgrad": 1.7708291348010732, "d1": -1.6775926989768681, "d2": -0.32036556957835716, "d3": -1.347562002394827, "d4": -1.314515034083982, "p1": 44.648984092354624, "p2": 35.39530667132439, "p3": 18.973686407109497, "p4": 26.43624411409181, "pol1": -0.042761813434258, "pol2": 0.12701801884854613, "pol3": 0.6042272828969566, "pol4": 0.8690297678004375, "v0s": 2.1460554073766374}, "datetime": {"datetime": "2022-04-29 18:43:21", "elapsed": 97914.171717, "delta": 29.315616}}
{"target": -1.0, "params": {"Bgrad": 1.95367118587603, "d1": -1.0861721101828459, "d2": -0.03486941515531017, "d3": -1.8230437670432598, "d4": -0.5418193511712408, "p1": 14.004743092856714, "p2": 20.958846375910866, "p3": 33.67135543355025, "p4": 34.9508762183011, "pol1": 0.5778576521372687, "pol2": -0.16626827150295198, "pol3": -0.7473538895416372, "pol4": 0.8861669308014699, "v0s": 4.09349068474382}, "datetime": {"datetime": "2022-04-29 18:43:48", "elapsed": 97941.056832, "delta": 26.885115}}
{"target": 3.2664907896457382, "params": {"Bgrad": 1.7695979647319726, "d1": -0.9901021480467164, "d2": -0.87576180880484, "d3": -1.1787178759226462, "d4": 0.04738556250544991, "p1": 26.103094656918937, "p2": 7.2885628667811, "p3": 31.25647179928199, "p4": 29.890169980494953, "pol1": -0.3973562679809971, "pol2": 0.7497416633111994, "pol3": 0.4351324007541217, "pol4": -0.45411142707005725, "v0s": 3.2664907896457382}, "datetime": {"datetime": "2022-04-29 18:44:13", "elapsed": 97966.097876, "delta": 25.041044}}
{"target": -1.0, "params": {"Bgrad": 1.4548185934607074, "d1": -1.885696513172895, "d2": 0.18112867910440755, "d3": -2.3418852501796024, "d4": 0.599820032218771, "p1": 11.531360622594732, "p2": 20.19492485067082, "p3": 36.42102673563119, "p4": 34.93105895029276, "pol1": -0.23255688909818883, "pol2": 0.5694156628783575, "pol3": 0.5011894649870134, "pol4": -0.6502862421082181, "v0s": 3.9512600993627682}, "datetime": {"datetime": "2022-04-29 18:45:23", "elapsed": 98036.439794, "delta": 70.341918}}
{"target": -1.0, "params": {"Bgrad": 0.9808427369619943, "d1": 0.5441373819671962, "d2": -0.8899342206655168, "d3": -2.5209050547325513, "d4": -2.8373203181643802, "p1": 43.99037810950573, "p2": 28.104772822017164, "p3": 28.036301375756484, "p4": 47.300830938326314, "pol1": -0.6728756807165654, "pol2": -0.1240995834176084, "pol3": -0.8905622381917173, "pol4": 0.6260457302122424, "v0s": 2.456293955868747}, "datetime": {"datetime": "2022-04-29 18:45:52", "elapsed": 98064.711201, "delta": 28.271407}}
{"target": -1.0, "params": {"Bgrad": 1.4867349784162518, "d1": -1.270320110164655, "d2": -0.015378227256524823, "d3": -2.2270368410262926, "d4": -1.990549422376163, "p1": 15.297837633926125, "p2": 47.832324618817786, "p3": 29.27909005087841, "p4": 14.19859407522362, "pol1": -0.5389113052064658, "pol2": 0.02073541494711506, "pol3": -0.9527768322097137, "pol4": 0.19183467138322396, "v0s": 4.964430972245641}, "datetime": {"datetime": "2022-04-29 18:46:17", "elapsed": 98089.699387, "delta": 24.988186}}
{"target": -1.0, "params": {"Bgrad": 0.5424725248643953, "d1": -2.6777328460948926, "d2": -0.3202645215852029, "d3": -0.34499823354110903, "d4": -1.506420802321828, "p1": 24.030110406491172, "p2": 25.855598266193745, "p3": 12.654841721898258, "p4": 36.59186111511368, "pol1": 0.689589050414041, "pol2": 0.07204457231977135, "pol3": 0.4889597195170994, "pol4": -0.022229387931955502, "v0s": 5.719318681536001}, "datetime": {"datetime": "2022-04-29 18:46:47", "elapsed": 98119.784944, "delta": 30.085557}}
{"target": -1.0, "params": {"Bgrad": 1.8373481570047228, "d1": -2.57980263459243, "d2": -0.6672035593985903, "d3": -1.2251712806225377, "d4": 0.2476888807834441, "p1": 15.256992549255033, "p2": 12.754268294824833, "p3": 27.392823492470903, "p4": 36.04104533167373, "pol1": -0.267582578574604, "pol2": -0.11485329233761976, "pol3": 0.6172192668984877, "pol4": -0.8265279673300934, "v0s": 2.505193048934781}, "datetime": {"datetime": "2022-04-29 18:47:07", "elapsed": 98140.4088, "delta": 20.623856}}
{"target": -1.0, "params": {"Bgrad": 0.546400600042015, "d1": -0.07740477346619956, "d2": 0.6533504077269074, "d3": -0.6133059718165943, "d4": -2.286365964127868, "p1": 11.888171488796251, "p2": 2.6121725108607494, "p3": 47.76346148709869, "p4": 34.127667231059476, "pol1": 0.6927909524986222, "pol2": 0.2275666310056108, "pol3": -0.17783884431821595, "pol4": 0.19030159973164174, "v0s": 4.984977754271915}, "datetime": {"datetime": "2022-04-29 18:47:36", "elapsed": 98169.396293, "delta": 28.987493}}
{"target": 3.5713335359215, "params": {"Bgrad": 1.5451025224528419, "d1": -0.5521184935026415, "d2": -0.09580940373432156, "d3": -1.293526730370639, "d4": -1.6329333879014376, "p1": 4.82164378671468, "p2": 1.4686819829873798, "p3": 42.47614739073258, "p4": 47.72932674865141, "pol1": -0.9493703989887821, "pol2": 0.5792420077155147, "pol3": 0.09605660654956605, "pol4": -0.4524434170740119, "v0s": 3.5713335359215}, "datetime": {"datetime": "2022-04-29 18:48:11", "elapsed": 98204.267055, "delta": 34.870762}}
{"target": -1.0, "params": {"Bgrad": 1.8178115584618264, "d1": -1.7990061007423082, "d2": -1.4664858961892158, "d3": -0.9873588375502909, "d4": 0.9135518607962649, "p1": 1.2629919691117542, "p2": 33.354508352827565, "p3": 16.007685919969326, "p4": 10.955238864187706, "pol1": 0.06442179431940387, "pol2": 0.8354912214170436, "pol3": 0.9372844114132299, "pol4": 0.05561931000466247, "v0s": 6.051985013142264}, "datetime": {"datetime": "2022-04-29 18:48:50", "elapsed": 98243.342574, "delta": 39.075519}}
{"target": 4.00911238494618, "params": {"Bgrad": 1.2179378372203766, "d1": -0.6786764011061046, "d2": 0.6013078205210158, "d3": -0.7950068314374921, "d4": -1.4595091501369826, "p1": 22.431362098539452, "p2": 24.94178338074088, "p3": 41.246217155611845, "p4": 46.39289004189404, "pol1": -0.13470589721127957, "pol2": 0.9052084098045117, "pol3": 0.6938668988792416, "pol4": 0.0955052067350437, "v0s": 4.00911238494618}, "datetime": {"datetime": "2022-04-29 18:49:10", "elapsed": 98262.570163, "delta": 19.227589}}
{"target": 5.8193311356025035, "params": {"Bgrad": 0.8044030559424564, "d1": -1.826639271606472, "d2": -0.08354737036273452, "d3": -0.41381609028415856, "d4": -1.3955525815463115, "p1": 16.033580826735832, "p2": 16.10946879893831, "p3": 31.16470307369265, "p4": 35.49686087135059, "pol1": -0.15682605763588842, "pol2": 0.02942591489634938, "pol3": 0.2866052718324865, "pol4": 0.6747239127754989, "v0s": 5.8193311356025035}, "datetime": {"datetime": "2022-04-29 18:49:31", "elapsed": 98284.046738, "delta": 21.476575}}
{"target": 4.544289288056795, "params": {"Bgrad": 1.0676550441537094, "d1": -1.9872269388629675, "d2": -0.06119380322257418, "d3": -1.0347988520067088, "d4": -2.8106091562712425, "p1": 3.9549312264336405, "p2": 47.20762709332204, "p3": 11.60071234466172, "p4": 20.11027199778502, "pol1": -0.007209370098507678, "pol2": -0.2969888417649154, "pol3": 0.5789696961913846, "pol4": -0.01611552620178389, "v0s": 4.544289288056795}, "datetime": {"datetime": "2022-04-29 18:49:48", "elapsed": 98300.666301, "delta": 16.619563}}
{"target": -1.0, "params": {"Bgrad": 1.5972069595273446, "d1": -1.65429367034191, "d2": 0.4847285214609869, "d3": -1.2921113938888111, "d4": 0.4812242000209297, "p1": 36.519807015743645, "p2": 41.12024419057836, "p3": 22.66550152583814, "p4": 19.766220644023143, "pol1": 0.08459476290962398, "pol2": 0.343904901134231, "pol3": -0.2930153937731035, "pol4": -0.27578109448713795, "v0s": 2.27078429859819}, "datetime": {"datetime": "2022-04-29 18:50:09", "elapsed": 98322.264551, "delta": 21.59825}}
{"target": -1.0, "params": {"Bgrad": 1.1911971175298022, "d1": -2.229124025042792, "d2": -1.3731325341100171, "d3": -1.3158477830732065, "d4": -2.4747733465691053, "p1": 1.9076781222734485, "p2": 25.87187061905869, "p3": 16.632053299280354, "p4": 42.67215006058777, "pol1": 0.8263110055803291, "pol2": 0.69451620759364, "pol3": 0.5200480867417445, "pol4": 0.9851668513082648, "v0s": 5.609149008687939}, "datetime": {"datetime": "2022-04-29 18:50:29", "elapsed": 98342.330897, "delta": 20.066346}}
{"target": -1.0, "params": {"Bgrad": 1.6244547335373778, "d1": -1.166660789812361, "d2": 0.7507247289431347, "d3": -1.3586509425109972, "d4": -2.970256321514239, "p1": 44.81208616272143, "p2": 36.37225938036847, "p3": 19.473991517610333, "p4": 26.03545074575167, "pol1": -0.004866873417455508, "pol2": -0.03141888174952334, "pol3": -0.015451396089776193, "pol4": -0.5399448027501059, "v0s": 3.245947294803085}, "datetime": {"datetime": "2022-04-29 18:50:52", "elapsed": 98365.098022, "delta": 22.767125}}
{"target": 3.122590354237537, "params": {"Bgrad": 1.008462464545736, "d1": -1.369763669142233, "d2": 0.7007856475748216, "d3": -1.9929921148430307, "d4": -0.30552380537088825, "p1": 47.018102796629776, "p2": 43.94496965094766, "p3": 6.6510015293843905, "p4": 22.059418432592157, "pol1": -0.04282035997212845, "pol2": 0.23667837632874175, "pol3": 0.5291123851929124, "pol4": 0.6630941485230715, "v0s": 3.122590354237537}, "datetime": {"datetime": "2022-04-29 18:51:14", "elapsed": 98387.106177, "delta": 22.008155}}
{"target": 3.825223362987349, "params": {"Bgrad": 1.7310857171670657, "d1": -1.8018780887897061, "d2": 0.4881928114022079, "d3": -1.4776181734271838, "d4": -1.8990706200854766, "p1": 8.659531543743785, "p2": 5.8516625898783, "p3": 28.820883957077594, "p4": 11.136916485611591, "pol1": -0.17529605207424862, "pol2": 0.17463734284725713, "pol3": 0.5279317334900149, "pol4": 0.1945806867652011, "v0s": 3.825223362987349}, "datetime": {"datetime": "2022-04-29 18:51:34", "elapsed": 98406.558165, "delta": 19.451988}}
{"target": -1.0, "params": {"Bgrad": 1.8292544990716908, "d1": -1.976080118382907, "d2": -0.9813582922226654, "d3": -2.091423291315708, "d4": -1.805247226197403, "p1": 23.62632467377456, "p2": 21.963615825296596, "p3": 8.10969606080691, "p4": 34.64249492806822, "pol1": 0.12677906845344133, "pol2": -0.503621176093326, "pol3": 0.8661625685865555, "pol4": -0.25297200580686097, "v0s": 3.0157593298011713}, "datetime": {"datetime": "2022-04-29 18:51:54", "elapsed": 98427.278762, "delta": 20.720597}}
{"target": -1.0, "params": {"Bgrad": 1.3953412082736645, "d1": -2.064869356146268, "d2": -1.4846670921789378, "d3": -0.05005099301416882, "d4": 0.5662348597936546, "p1": 16.06538523040852, "p2": 15.730045364906669, "p3": 30.085180840830112, "p4": 35.604973737953756, "pol1": -0.4965821504997281, "pol2": -0.7054016439388944, "pol3": 0.13625610991764336, "pol4": 0.9724891998069007, "v0s": 4.5558652427160435}, "datetime": {"datetime": "2022-04-29 18:52:18", "elapsed": 98450.581455, "delta": 23.302693}}
{"target": 3.9850018568795127, "params": {"Bgrad": 1.7049335941235724, "d1": -2.6443892078196525, "d2": -0.7173733764501331, "d3": -0.9957130195673449, "d4": 0.17453258034774244, "p1": 30.61859312037368, "p2": 27.24871792757956, "p3": 10.86673095803965, "p4": 8.214694033165593, "pol1": 0.4277639137781952, "pol2": 0.8296667254402332, "pol3": 0.6132678856317741, "pol4": -0.5721597159753096, "v0s": 3.9850018568795127}, "datetime": {"datetime": "2022-04-29 18:52:41", "elapsed": 98474.050703, "delta": 23.469248}}
{"target": -1.0, "params": {"Bgrad": 1.721294673864641, "d1": -1.9968280664868794, "d2": -1.004489193953726, "d3": -1.4986208965702041, "d4": 0.34988074896984367, "p1": 42.84302395148643, "p2": 7.770097539947002, "p3": 16.5494514959346, "p4": 4.184801068709914, "pol1": -0.5853786888531374, "pol2": 0.22300030019111028, "pol3": 0.09702068389941743, "pol4": 0.527092781709785, "v0s": 4.826199383427847}, "datetime": {"datetime": "2022-04-29 18:53:05", "elapsed": 98497.846078, "delta": 23.795375}}
{"target": 4.073412572620655, "params": {"Bgrad": 1.1104272278933103, "d1": -1.107640243575775, "d2": -0.5498039012834013, "d3": -0.5825715314721795, "d4": -2.4347212386961763, "p1": 6.38676909685102, "p2": 1.0552832508642236, "p3": 38.53415476057794, "p4": 46.62029416578422, "pol1": 0.4490314351181898, "pol2": 0.24576288861571946, "pol3": -0.13007954423799645, "pol4": -0.04567042211732517, "v0s": 4.073412572620655}, "datetime": {"datetime": "2022-04-29 18:53:30", "elapsed": 98522.820301, "delta": 24.974223}}
{"target": -1.0, "params": {"Bgrad": 1.9812311145170973, "d1": -2.7211641902052413, "d2": 0.8077464149062301, "d3": 0.6545703205709779, "d4": -0.7846879188904197, "p1": 7.379778866330455, "p2": 32.886277882983016, "p3": 24.52580120558571, "p4": 43.08872339657679, "pol1": 0.18893398371699077, "pol2": -0.8558882391170399, "pol3": 0.17911592799865006, "pol4": 0.26954538909452985, "v0s": 5.316206816516227}, "datetime": {"datetime": "2022-04-29 18:53:58", "elapsed": 98550.833399, "delta": 28.013098}}
{"target": -1.0, "params": {"Bgrad": 1.3131836494753646, "d1": -0.36107203124850606, "d2": -0.8206598455922887, "d3": -2.4360040542202985, "d4": -2.9889020587298476, "p1": 23.45406797255396, "p2": 23.86285677868365, "p3": 6.887619533276467, "p4": 33.5781888816346, "pol1": 0.21972225885706598, "pol2": 0.5697224404845695, "pol3": 0.13572046570519603, "pol4": 0.03897601579876664, "v0s": 3.1319701262506685}, "datetime": {"datetime": "2022-04-29 18:54:43", "elapsed": 98595.608679, "delta": 44.77528}}
{"target": 2.082031159361246, "params": {"Bgrad": 1.3415095944178042, "d1": 0.7392882637023241, "d2": -0.36129590449771687, "d3": -0.6932420690512782, "d4": -0.6880403529378771, "p1": 26.375143206273595, "p2": 20.67959798788982, "p3": 35.82505511332045, "p4": 10.001740147065401, "pol1": -0.06564246747116953, "pol2": -0.05066621838275509, "pol3": 0.4914577567236702, "pol4": 0.003190866154657357, "v0s": 2.082031159361246}, "datetime": {"datetime": "2022-04-29 18:54:59", "elapsed": 98612.129505, "delta": 16.520826}}
{"target": 3.5965079434996543, "params": {"Bgrad": 1.986999519341347, "d1": -2.4427718785586032, "d2": -0.3910061522591093, "d3": -1.0521398414814236, "d4": -1.5298503721989234, "p1": 4.31618596012307, "p2": 48.99681081588391, "p3": 12.007288461290583, "p4": 20.48443988343051, "pol1": -0.07150171578592213, "pol2": 0.7857535553952597, "pol3": -0.5155396413228166, "pol4": -0.6150451142211224, "v0s": 3.5965079434996543}, "datetime": {"datetime": "2022-04-29 18:55:19", "elapsed": 98632.529958, "delta": 20.400453}}
{"target": -1.0, "params": {"Bgrad": 1.0063290517057115, "d1": -2.8005924451221453, "d2": 0.3521453814633291, "d3": -0.008914879346356486, "d4": 0.4089284360517573, "p1": 45.08816872799442, "p2": 23.078556511898245, "p3": 22.250744694637266, "p4": 4.857136532535411, "pol1": -0.5856787523061064, "pol2": 0.6144346630443536, "pol3": -0.8059609839180688, "pol4": -0.08766258627347301, "v0s": 3.6806716291023696}, "datetime": {"datetime": "2022-04-29 18:55:43", "elapsed": 98655.916427, "delta": 23.386469}}
{"target": -1.0, "params": {"Bgrad": 1.0502054095261752, "d1": -0.9185758405148285, "d2": -1.1178132058918555, "d3": -1.4025224733135362, "d4": 0.6775467215461592, "p1": 42.627637656162946, "p2": 26.24496288436071, "p3": 22.78748978382577, "p4": 3.241692764737336, "pol1": 0.150979087802098, "pol2": 0.43170301521554943, "pol3": 0.5282036367886112, "pol4": 0.825333433676263, "v0s": 2.9177352410771533}, "datetime": {"datetime": "2022-04-29 18:56:05", "elapsed": 98677.577509, "delta": 21.661082}}
{"target": -1.0, "params": {"Bgrad": 1.0620330249557268, "d1": -1.5695637019652229, "d2": -1.152293793582321, "d3": 0.44605997526937147, "d4": -2.8684412951952605, "p1": 42.929068459779074, "p2": 37.17970153136175, "p3": 19.51540548217363, "p4": 26.859070768483733, "pol1": -0.8454551535112915, "pol2": 0.8787532285529622, "pol3": -0.04833218811862294, "pol4": -0.4776367693814434, "v0s": 4.093735665061248}, "datetime": {"datetime": "2022-04-29 18:56:26", "elapsed": 98699.518842, "delta": 21.941333}}
{"target": -1.0, "params": {"Bgrad": 1.8415523835681444, "d1": -1.6258594638221684, "d2": -0.30596494379224604, "d3": 0.21504148793578715, "d4": -0.8849647239631828, "p1": 17.31399155785695, "p2": 16.133140686888396, "p3": 31.80554082439674, "p4": 34.19469545334709, "pol1": -0.47529200137927163, "pol2": 0.38812561711849747, "pol3": 0.17360188609398075, "pol4": 0.5755993196910667, "v0s": 5.144324697969401}, "datetime": {"datetime": "2022-04-29 18:56:53", "elapsed": 98725.994052, "delta": 26.47521}}
{"target": -1.0, "params": {"Bgrad": 1.1756829361060328, "d1": -2.1692468918956265, "d2": 0.7221178511730355, "d3": -2.5009796446485666, "d4": 0.37361426694703015, "p1": 43.41067893176802, "p2": 43.2763327950067, "p3": 32.31022067182277, "p4": 13.892984563981575, "pol1": 0.7046213221161592, "pol2": 0.848111550056664, "pol3": 0.9465715790690707, "pol4": -0.822819303540812, "v0s": 4.15618884612258}, "datetime": {"datetime": "2022-04-29 18:57:34", "elapsed": 98766.993427, "delta": 40.999375}}
{"target": -1.0, "params": {"Bgrad": 0.6023004351209323, "d1": -0.1283708697084771, "d2": 0.90388240671358, "d3": -2.6725378567370615, "d4": 0.27348921307741225, "p1": 3.9638264463451756, "p2": 18.02556658853604, "p3": 24.12300864411168, "p4": 46.50132577759695, "pol1": -0.2591023625388922, "pol2": -0.38071028954654107, "pol3": 0.6861692338790262, "pol4": 0.7228418469937179, "v0s": 2.9614780094221294}, "datetime": {"datetime": "2022-04-29 18:57:53", "elapsed": 98786.070418, "delta": 19.076991}}
{"target": -1.0, "params": {"Bgrad": 1.7019588107604173, "d1": 0.5311727779178064, "d2": 0.42672316134262367, "d3": 0.49539582456671605, "d4": -1.4969729126000177, "p1": 40.44512960700289, "p2": 40.56590364358244, "p3": 31.481952226705705, "p4": 35.62441994492266, "pol1": -0.24472057482046528, "pol2": 0.222964348836175, "pol3": 0.26667154548797845, "pol4": 0.4952387423103761, "v0s": 3.916682054906185}, "datetime": {"datetime": "2022-04-29 18:58:21", "elapsed": 98814.4635, "delta": 28.393082}}
{"target": -1.0, "params": {"Bgrad": 1.7228395130255427, "d1": -0.13315173997663, "d2": 0.7381810377303775, "d3": -0.47013902550994047, "d4": -1.8663400527915943, "p1": 22.325645248918374, "p2": 26.153286038919525, "p3": 42.07874700631945, "p4": 47.13760907705596, "pol1": 0.29041687478843947, "pol2": 0.5141714145740823, "pol3": -0.07451237699376656, "pol4": -0.05986408756056183, "v0s": 6.020456108073141}, "datetime": {"datetime": "2022-04-29 18:58:48", "elapsed": 98840.811052, "delta": 26.347552}}
{"target": 5.125573420751784, "params": {"Bgrad": 1.0713635282208376, "d1": -2.8808883416028412, "d2": -0.2341697986749572, "d3": -0.37478383205062965, "d4": -0.5844792055922007, "p1": 32.512839791730975, "p2": 8.142948345641832, "p3": 7.547377508241081, "p4": 25.740972400496357, "pol1": 0.7480909099790538, "pol2": -0.554773589353645, "pol3": -0.06772181885973465, "pol4": -0.08916476156635768, "v0s": 5.125573420751784}, "datetime": {"datetime": "2022-04-29 18:59:07", "elapsed": 98860.447547, "delta": 19.636495}}
