{"target": -1.0, "params": {"Bgrad": 12.31263747443168, "d1": -2.6602532588076935, "d2": 0.1125911585104169, "d3": 0.5559183492179836, "d4": -2.2105316395954224, "p1": 23.84052898857473, "p2": 31.67934117979478, "p3": 3.338974465140465, "p4": 35.48937433039489, "pol1": -0.8785394789693717, "pol2": -0.04461193330261359, "pol3": 0.2091798460644807, "pol4": 0.3539353649102308, "v0s": 3.126811305218296}, "datetime": {"datetime": "2022-04-11 10:19:23", "elapsed": 235091.450905, "delta": 12.905016}}
{"target": -1.0, "params": {"Bgrad": 10.437957339899464, "d1": 0.8948102721197677, "d2": -2.0506885298974655, "d3": -2.490002130688895, "d4": 0.046875945364910354, "p1": 23.953083187605205, "p2": 27.074926119540965, "p3": 1.1503929346001251, "p4": 29.840676839366182, "pol1": -0.30934074241692655, "pol2": -0.671166983088646, "pol3": -0.5196968508461757, "pol4": 0.6703839912814353, "v0s": 2.4080911619060172}, "datetime": {"datetime": "2022-04-11 10:19:44", "elapsed": 235112.442791, "delta": 20.991886}}
{"target": 4.796018864522724, "params": {"Bgrad": 6.716971481047502, "d1": -1.2134719529124987, "d2": -0.06224025216250083, "d3": -2.645190096426958, "d4": -1.3548088805958163, "p1": 6.1600548454553135, "p2": 8.371598717784506, "p3": 36.31894741032472, "p4": 26.664620860894033, "pol1": -0.009005604007573595, "pol2": 0.5859288609116581, "pol3": -0.09988854820887746, "pol4": 1.0, "v0s": 4.796018864522724}, "datetime": {"datetime": "2022-04-11 10:20:01", "elapsed": 235129.749518, "delta": 17.306727}}
{"target": 3.9986858864689765, "params": {"Bgrad": 5.505293363860403, "d1": -0.6392632183470663, "d2": -1.433131787465166, "d3": -2.170723118708369, "d4": -0.7117779849436152, "p1": 5.741965870154053, "p2": 5.541327123982032, "p3": 41.495004573373244, "p4": 15.963501416549036, "pol1": -0.27585760991445984, "pol2": 0.9382639024145594, "pol3": -0.07501392191051237, "pol4": 0.5775803240205226, "v0s": 3.9986858864689765}, "datetime": {"datetime": "2022-04-11 10:20:12", "elapsed": 235140.604496, "delta": 10.854978}}
{"target": 3.8017249373276085, "params": {"Bgrad": 16.941061745787735, "d1": -1.1350073587443106, "d2": -2.7086930291503846, "d3": -2.0080274655480994, "d4": 0.12641494667002284, "p1": 25.685966029243843, "p2": 9.839384511725418, "p3": 37.73321996169564, "p4": 30.867746014905727, "pol1": -0.10597963919212572, "pol2": -0.620709910940231, "pol3": 0.21726930086557106, "pol4": 0.9532789204323251, "v0s": 3.8017249373276085}, "datetime": {"datetime": "2022-04-11 10:20:33", "elapsed": 235161.427821, "delta": 20.823325}}
{"target": 5.155715411353788, "params": {"Bgrad": 7.91943661210194, "d1": -2.2694553603789256, "d2": -0.13559031372846125, "d3": -1.6038262115564128, "d4": -2.8066546744553684, "p1": 10.778142210535334, "p2": 6.278094549071359, "p3": 38.137035987253896, "p4": 28.164692710661324, "pol1": -0.21715920969628696, "pol2": 0.8021978477165222, "pol3": -0.7429822403065434, "pol4": 0.1990437901872737, "v0s": 5.155715411353788}, "datetime": {"datetime": "2022-04-11 10:20:51", "elapsed": 235180.112863, "delta": 18.685042}}
{"target": 3.6258162160592007, "params": {"Bgrad": 8.760787707502624, "d1": -1.574845330901955, "d2": -1.197139217601264, "d3": -2.246828721658499, "d4": -1.9335914417940503, "p1": 22.751780261026912, "p2": 31.637751791892423, "p3": 3.3804724900485157, "p4": 33.700675907466234, "pol1": -0.8426772933108388, "pol2": 0.3589609219205547, "pol3": 0.49575767979451446, "pol4": -0.2981411464041092, "v0s": 3.6258162160592007}, "datetime": {"datetime": "2022-04-11 10:21:05", "elapsed": 235193.854123, "delta": 13.74126}}
{"target": -1.0, "params": {"Bgrad": 5.873468828270388, "d1": -0.6602412442953871, "d2": -0.04284653016257334, "d3": -1.4587449978573157, "d4": -2.0599798314690623, "p1": 6.298107857579138, "p2": 8.477893645128237, "p3": 36.084024271675204, "p4": 27.093836913847298, "pol1": 0.7513404158593013, "pol2": 0.88745230149634, "pol3": -0.607644813844511, "pol4": -0.06849371360687928, "v0s": 5.270349774181257}, "datetime": {"datetime": "2022-04-11 10:21:29", "elapsed": 235217.956201, "delta": 24.102078}}
{"target": -1.0, "params": {"Bgrad": 8.117507320845839, "d1": -0.7499901115775196, "d2": -0.15875780504640113, "d3": -2.6043222276930384, "d4": -2.353697282173517, "p1": 12.079449726097646, "p2": 4.911890997540142, "p3": 37.22174630233776, "p4": 27.67249673051342, "pol1": -0.29551104104627823, "pol2": 0.8100929095128853, "pol3": -0.7805764777492994, "pol4": 0.5242112724252661, "v0s": 5.951236478967156}, "datetime": {"datetime": "2022-04-11 10:21:41", "elapsed": 235229.564165, "delta": 11.607964}}
{"target": -1.0, "params": {"Bgrad": 15.8898152526874, "d1": -2.1967610122497954, "d2": -1.0027822445826562, "d3": -0.7065039776269993, "d4": -2.958101188363568, "p1": 27.57144605435461, "p2": 11.686456092313566, "p3": 37.4961564901356, "p4": 36.06929417187851, "pol1": -0.36548342853685983, "pol2": 1.0, "pol3": -0.31121045726734925, "pol4": 0.787865727438851, "v0s": 5.593543664171412}, "datetime": {"datetime": "2022-04-11 10:21:54", "elapsed": 235242.543462, "delta": 12.979297}}
{"target": -1.0, "params": {"Bgrad": 3.866028365340518, "d1": -1.0240856039424275, "d2": -0.40994933411711276, "d3": 0.6555353638596388, "d4": -0.5887461402229213, "p1": 0.602158225464583, "p2": 7.89054275276685, "p3": 43.468129910075106, "p4": 23.939872796950706, "pol1": 0.7574564961998183, "pol2": -0.3077384411052253, "pol3": -0.5361684263585771, "pol4": 0.3537338463543167, "v0s": 3.2236148106546736}, "datetime": {"datetime": "2022-04-11 10:22:07", "elapsed": 235256.029405, "delta": 13.485943}}
{"target": -1.0, "params": {"Bgrad": 11.030218739400906, "d1": -0.05436273378988066, "d2": -2.278915889277745, "d3": -1.943853923933935, "d4": -1.7902647590050176, "p1": 11.378579398813448, "p2": 3.9058577706923003, "p3": 35.21610779781435, "p4": 30.66402312786677, "pol1": -0.7632659870974667, "pol2": -0.2334868416537812, "pol3": -0.058114380885197825, "pol4": -0.464736954951386, "v0s": 4.184556949782669}, "datetime": {"datetime": "2022-04-11 10:22:22", "elapsed": 235270.278308, "delta": 14.248903}}
{"target": 2.7080607792155225, "params": {"Bgrad": 11.686242866699224, "d1": -0.8694980896793552, "d2": -1.2407234718683786, "d3": -1.7155076814254517, "d4": -2.9302418960460335, "p1": 14.626494495140246, "p2": 3.162739797520259, "p3": 32.729049439209376, "p4": 30.650989685983987, "pol1": -0.7049324247116315, "pol2": -0.3259036511730844, "pol3": 0.08672930298592263, "pol4": -0.24220636751443525, "v0s": 2.7080607792155225}, "datetime": {"datetime": "2022-04-11 10:22:29", "elapsed": 235278.007644, "delta": 7.729336}}
{"target": 4.414129212650055, "params": {"Bgrad": 4.56362880291635, "d1": -2.6666030742212357, "d2": -1.4608051894969285, "d3": -1.3097612945483248, "d4": -0.39672716151616516, "p1": 10.490068909619465, "p2": 4.3878625108288825, "p3": 45.692742712032214, "p4": 29.798269022214996, "pol1": -0.9517159769377479, "pol2": -0.3999069051835704, "pol3": -0.2015097953280094, "pol4": -0.870904420143888, "v0s": 4.414129212650055}, "datetime": {"datetime": "2022-04-11 10:22:47", "elapsed": 235295.362242, "delta": 17.354598}}
{"target": -1.0, "params": {"Bgrad": 15.282203164383942, "d1": -2.828060640601302, "d2": 0.7815632030528801, "d3": -0.24600087223553402, "d4": -0.38799993519435105, "p1": 25.240459892435947, "p2": 10.749140585142847, "p3": 36.29234623896732, "p4": 36.59913892797959, "pol1": 0.12765903577795235, "pol2": 0.592696848755361, "pol3": 0.4129046831737544, "pol4": -0.005155012511893098, "v0s": 4.524559653469833}, "datetime": {"datetime": "2022-04-11 10:22:58", "elapsed": 235306.80066, "delta": 11.438418}}
{"target": 3.056605027224325, "params": {"Bgrad": 9.47251811595659, "d1": -0.5400699757120727, "d2": -1.86884269653902, "d3": -2.580945209335344, "d4": -1.2909984603001519, "p1": 2.953441892438715, "p2": 9.33092243815014, "p3": 35.984602145286736, "p4": 24.356518825149795, "pol1": -0.5000302324513807, "pol2": 0.6793468277346052, "pol3": -0.2541991419448624, "pol4": 0.8004171265393081, "v0s": 3.056605027224325}, "datetime": {"datetime": "2022-04-11 10:23:08", "elapsed": 235316.690218, "delta": 9.889558}}
{"target": -1.0, "params": {"Bgrad": 7.711444204342304, "d1": -1.2663029415244313, "d2": 0.06742337655254271, "d3": -2.1577183557917676, "d4": -0.26699242669424983, "p1": 7.784723190030202, "p2": 7.216176822974346, "p3": 43.046448343486595, "p4": 24.419466688350848, "pol1": -0.4670416945060718, "pol2": 0.13277243255455962, "pol3": 0.5030808320026863, "pol4": -0.6546623384515018, "v0s": 2.1107821505174247}, "datetime": {"datetime": "2022-04-11 10:23:20", "elapsed": 235328.307158, "delta": 11.61694}}
{"target": -1.0, "params": {"Bgrad": 6.977442950454521, "d1": -1.8122985512634657, "d2": 0.6729636968502999, "d3": -2.830093511167107, "d4": -0.014335071480671147, "p1": 9.462858673544316, "p2": 11.606070416103586, "p3": 33.4426001581281, "p4": 24.396957784320723, "pol1": -0.6159743717034059, "pol2": -0.2593687116732337, "pol3": -0.42106911955029847, "pol4": -0.9330089936585022, "v0s": 4.952335827298763}, "datetime": {"datetime": "2022-04-11 10:23:33", "elapsed": 235341.473954, "delta": 13.166796}}
{"target": -1.0, "params": {"Bgrad": 7.934206551638516, "d1": -1.2414116901830372, "d2": -0.4154836076838464, "d3": -0.14602239949427176, "d4": -0.529878404802715, "p1": 4.786185028344509, "p2": 8.751380412231002, "p3": 42.71784141606611, "p4": 20.436023094464584, "pol1": -0.6873579762630535, "pol2": -0.6223222356697133, "pol3": -0.725458750057409, "pol4": -0.8334825642632602, "v0s": 3.610844220409987}, "datetime": {"datetime": "2022-04-11 10:23:54", "elapsed": 235362.510709, "delta": 21.036755}}
{"target": -1.0, "params": {"Bgrad": 6.76380585906903, "d1": -2.0435040390243944, "d2": 0.5233469942639442, "d3": -2.0059803207454965, "d4": 0.9164394257431812, "p1": 10.368950268604332, "p2": 6.036571177620886, "p3": 41.115948885756744, "p4": 30.73182387321734, "pol1": -0.22268511896432663, "pol2": -0.9666092422372676, "pol3": -0.6246529910852452, "pol4": 0.855495131694241, "v0s": 4.657207079415821}, "datetime": {"datetime": "2022-04-11 10:24:19", "elapsed": 235387.832009, "delta": 25.3213}}
{"target": -1.0, "params": {"Bgrad": 5.694340028493647, "d1": -0.7356781042642679, "d2": -2.1447827930597283, "d3": 0.8543555610567242, "d4": -1.7707911230664082, "p1": 1.379941695830167, "p2": 5.071317254487245, "p3": 38.854709097794846, "p4": 21.681583324978593, "pol1": -0.6606013596914233, "pol2": -0.8467105552442553, "pol3": 0.1602541610394559, "pol4": 0.23213994324042408, "v0s": 4.250212099694607}, "datetime": {"datetime": "2022-04-11 10:24:40", "elapsed": 235409.018363, "delta": 21.186354}}
{"target": -1.0, "params": {"Bgrad": 15.752871161309118, "d1": -2.820974041032612, "d2": -0.08850368973510173, "d3": -0.2838593485114644, "d4": -2.086985838427356, "p1": 27.41943130235414, "p2": 11.423783838710442, "p3": 37.570485489283946, "p4": 35.64519577641188, "pol1": -1.0, "pol2": 0.32789089307710617, "pol3": -1.0, "pol4": 0.590057815412555, "v0s": 5.185926101596025}, "datetime": {"datetime": "2022-04-11 10:24:52", "elapsed": 235420.567484, "delta": 11.549121}}
{"target": 2.227402541803989, "params": {"Bgrad": 3.6661607341522595, "d1": -0.04662346377073634, "d2": -0.7728833281880365, "d3": -0.408737192563168, "d4": -1.0681721177912853, "p1": 25.12792068004486, "p2": 33.75417366902785, "p3": 5.00538514343642, "p4": 36.99960453095195, "pol1": -0.6600513962750516, "pol2": -0.8495067543919987, "pol3": -0.3633659745716509, "pol4": -0.4999753283387358, "v0s": 2.227402541803989}, "datetime": {"datetime": "2022-04-11 10:24:59", "elapsed": 235427.957725, "delta": 7.390241}}
{"target": 3.7998797346241284, "params": {"Bgrad": 8.718241729746353, "d1": -2.352221883958177, "d2": -0.26022471875065456, "d3": -1.3383365710543909, "d4": -0.2167892297016767, "p1": 11.708221668008505, "p2": 10.76412826771418, "p3": 46.97312366039054, "p4": 23.59892398162964, "pol1": -0.6268949323014468, "pol2": 0.4198531587919767, "pol3": 0.11834885045865118, "pol4": -0.6427509924377421, "v0s": 3.7998797346241284}, "datetime": {"datetime": "2022-04-11 10:25:10", "elapsed": 235438.793286, "delta": 10.835561}}
{"target": 3.723916915017024, "params": {"Bgrad": 9.555567154301336, "d1": -2.834034579031908, "d2": -1.7067799385559144, "d3": -0.5266840763427338, "d4": -2.676346563913934, "p1": 7.024906878310016, "p2": 13.163777765528984, "p3": 31.540910653374993, "p4": 26.66629644004077, "pol1": -0.7859219965287356, "pol2": -0.5859869600682521, "pol3": 0.46850816441377674, "pol4": -0.2839599379636486, "v0s": 3.723916915017024}, "datetime": {"datetime": "2022-04-11 10:25:24", "elapsed": 235452.863665, "delta": 14.070379}}
{"target": 5.52382056637656, "params": {"Bgrad": 9.637969811727832, "d1": -2.7221299977159736, "d2": -0.13762975375923947, "d3": -0.41241775350058063, "d4": -2.0260856133638474, "p1": 6.265075389134384, "p2": 11.573813927251164, "p3": 34.18673316994081, "p4": 28.429936142672556, "pol1": -0.43481006221824625, "pol2": 0.7962811010599835, "pol3": 0.5146170048574006, "pol4": 0.8897408376562892, "v0s": 5.52382056637656}, "datetime": {"datetime": "2022-04-11 10:25:40", "elapsed": 235468.486894, "delta": 15.623229}}
{"target": 4.878205657999932, "params": {"Bgrad": 16.109534019266164, "d1": -1.9841729011332416, "d2": -0.5557516826914214, "d3": -0.49861480238678774, "d4": -2.604847985764632, "p1": 27.60764096124791, "p2": 11.6411227862941, "p3": 37.71379837579952, "p4": 36.00692084145184, "pol1": -1.0, "pol2": 0.990802620661467, "pol3": -1.0, "pol4": 0.3001618139368244, "v0s": 4.878205657999932}, "datetime": {"datetime": "2022-04-11 10:25:58", "elapsed": 235486.856779, "delta": 18.369885}}
{"target": 3.4809117947892267, "params": {"Bgrad": 9.39510589355633, "d1": 0.02597896886722347, "d2": -1.8641864476256746, "d3": -2.777198297848249, "d4": -0.3006831272776772, "p1": 2.4456193703804887, "p2": 9.020191646626488, "p3": 35.665407888362296, "p4": 24.072242166514958, "pol1": 0.13377895700084072, "pol2": 0.25071247478149433, "pol3": -0.7402287059825785, "pol4": 0.11332796323979745, "v0s": 3.4809117947892267}, "datetime": {"datetime": "2022-04-11 10:26:11", "elapsed": 235499.954759, "delta": 13.09798}}
{"target": 3.7043498172881737, "params": {"Bgrad": 4.886164377047604, "d1": -0.3102326507666531, "d2": 0.2588370411809571, "d3": -2.6092423684702175, "d4": -0.4394627111091207, "p1": 13.931982793292864, "p2": 7.282765929519297, "p3": 36.40500810928703, "p4": 24.21972465266846, "pol1": -0.5505659738593565, "pol2": 0.24721764915807753, "pol3": -0.7618512505022332, "pol4": 0.9267080687548375, "v0s": 3.7043498172881737}, "datetime": {"datetime": "2022-04-11 10:26:23", "elapsed": 235512.115246, "delta": 12.160487}}
{"target": 3.1060037885977607, "params": {"Bgrad": 16.209421440809024, "d1": -0.13909149930573417, "d2": -0.7145088543065996, "d3": -1.1703467444206934, "d4": -2.8134525359817366, "p1": 12.555227158450116, "p2": 6.395235384301912, "p3": 31.683785993761354, "p4": 26.71411715188056, "pol1": -0.7578329395848284, "pol2": 0.8906677286859326, "pol3": -0.9759590680048356, "pol4": 0.49394575339544833, "v0s": 3.1060037885977607}, "datetime": {"datetime": "2022-04-11 10:26:44", "elapsed": 235532.5536, "delta": 20.438354}}
{"target": -1.0, "params": {"Bgrad": 9.492092335329808, "d1": -1.5846776523573771, "d2": 0.4176362867720811, "d3": 0.7621215884977612, "d4": -1.7944095346996307, "p1": 4.672252386582231, "p2": 13.588376464094964, "p3": 32.168276245677276, "p4": 27.883642548400555, "pol1": -0.1778949364763327, "pol2": -0.7701472966094363, "pol3": 0.7041152365212147, "pol4": -0.8017051546009939, "v0s": 6.63195138151033}, "datetime": {"datetime": "2022-04-11 10:27:07", "elapsed": 235555.930099, "delta": 23.376499}}
{"target": -1.0, "params": {"Bgrad": 7.063470169777231, "d1": 0.47228308068702596, "d2": -1.6129331512584226, "d3": -1.0475296809820844, "d4": 0.33991823715788083, "p1": 0.4956809695454645, "p2": 6.575333500465663, "p3": 34.67643350018202, "p4": 23.208761326155614, "pol1": -0.43626843021191375, "pol2": 0.8575559307518463, "pol3": -0.33129469480818274, "pol4": 0.24378736821880898, "v0s": 2.5051997823838503}, "datetime": {"datetime": "2022-04-11 10:27:44", "elapsed": 235592.237026, "delta": 36.306927}}
{"target": 4.0528685189285625, "params": {"Bgrad": 5.089021490644538, "d1": -0.8508982671626346, "d2": -1.4034318483784882, "d3": -0.7553818755501229, "d4": -1.955595724714708, "p1": 10.124170933067411, "p2": 3.393506574235494, "p3": 44.44148433333131, "p4": 29.992338758979837, "pol1": -0.5197605493719946, "pol2": 0.976908141911013, "pol3": -0.6310683064614337, "pol4": -0.18255608563836412, "v0s": 4.0528685189285625}, "datetime": {"datetime": "2022-04-11 10:27:58", "elapsed": 235606.595636, "delta": 14.35861}}
{"target": -1.0, "params": {"Bgrad": 5.859413387301036, "d1": -1.658795772646387, "d2": -2.568700233613939, "d3": -0.7905508668073624, "d4": 0.4276485307887312, "p1": 2.3954425902437517, "p2": 4.717368158814928, "p3": 40.88125933086539, "p4": 21.641245054085168, "pol1": 0.4528634405483485, "pol2": 0.049411332461124724, "pol3": -0.5050795522032783, "pol4": 0.9826274869503722, "v0s": 2.2777866030152945}, "datetime": {"datetime": "2022-04-11 10:28:07", "elapsed": 235615.909733, "delta": 9.314097}}
{"target": 3.5629125136333357, "params": {"Bgrad": 3.9513064077357636, "d1": -1.628147310329304, "d2": -0.1632088723647184, "d3": -2.6778795588291016, "d4": -1.1937606936976737, "p1": 13.460701314656918, "p2": 8.35974483915125, "p3": 36.982829465442975, "p4": 25.34851170079404, "pol1": -0.600889121074085, "pol2": 0.06076887287026572, "pol3": -0.2523729211141382, "pol4": 0.8484371772344954, "v0s": 3.5629125136333357}, "datetime": {"datetime": "2022-04-11 10:28:17", "elapsed": 235626.049628, "delta": 10.139895}}
{"target": -1.0, "params": {"Bgrad": 2.503981652578338, "d1": -1.8451161245010237, "d2": -1.9905260537904748, "d3": -1.140965057101805, "d4": -1.5914022402192596, "p1": 13.813552712001803, "p2": 5.483830067012158, "p3": 37.4050403719088, "p4": 27.021101874530807, "pol1": -0.10616300660290334, "pol2": -0.764837109177877, "pol3": 0.8424227329982161, "pol4": -0.5020243661398052, "v0s": 4.345143541149427}, "datetime": {"datetime": "2022-04-11 10:28:27", "elapsed": 235635.458466, "delta": 9.408838}}
{"target": 3.183040464100865, "params": {"Bgrad": 5.0445212539262245, "d1": -2.671223719237321, "d2": -2.4390216168757735, "d3": -2.853590890926478, "d4": -2.888998196244836, "p1": 9.14500557643853, "p2": 5.042220052435881, "p3": 46.1588007756708, "p4": 32.82472865209395, "pol1": -0.5306960202267446, "pol2": -0.11472137271604366, "pol3": 0.3380807043666505, "pol4": -0.6953818437492201, "v0s": 3.183040464100865}, "datetime": {"datetime": "2022-04-11 10:28:37", "elapsed": 235645.627278, "delta": 10.168812}}
{"target": 3.893718968383358, "params": {"Bgrad": 4.927916802020158, "d1": -2.138174632469793, "d2": -0.16257680021283838, "d3": -2.4715881537403463, "d4": -1.479771027305869, "p1": 3.086535400511312, "p2": 3.7215928891595302, "p3": 41.305501319562616, "p4": 21.455198663636136, "pol1": -0.6146730806353822, "pol2": -0.5755910602153157, "pol3": 0.3938294978520242, "pol4": 0.16098348624199432, "v0s": 3.893718968383358}, "datetime": {"datetime": "2022-04-11 10:28:50", "elapsed": 235658.382176, "delta": 12.754898}}
{"target": 3.092403973387481, "params": {"Bgrad": 7.812396606175435, "d1": -0.8550572342573166, "d2": -0.8520503374630009, "d3": -0.6804653620277374, "d4": -1.2410535958364202, "p1": 7.203380597450948, "p2": 5.696233255387084, "p3": 44.215158253153916, "p4": 14.293336123388483, "pol1": -0.1272375547760043, "pol2": -0.122119123386496, "pol3": -0.1683199293710793, "pol4": -0.05676228995675747, "v0s": 3.092403973387481}, "datetime": {"datetime": "2022-04-11 10:29:01", "elapsed": 235669.814609, "delta": 11.432433}}
{"target": 3.5107837841066, "params": {"Bgrad": 8.939560909925019, "d1": -2.651316202101167, "d2": -0.23608625876143607, "d3": -2.896559890606264, "d4": -1.4336430227292123, "p1": 7.499415769796491, "p2": 0.3215249567715628, "p3": 33.459562395162614, "p4": 27.41790626465898, "pol1": 0.6612982642824472, "pol2": 0.7234414774938429, "pol3": 0.42405736904445535, "pol4": 0.6733066817840965, "v0s": 3.5107837841066}, "datetime": {"datetime": "2022-04-11 10:29:17", "elapsed": 235686.167886, "delta": 16.353277}}
{"target": 3.5632073157260633, "params": {"Bgrad": 5.037148802005156, "d1": -1.042212216978012, "d2": -1.7317993457683545, "d3": -2.3200121686248405, "d4": -1.3318957674273815, "p1": 5.745847766798472, "p2": 4.595061948897037, "p3": 41.91433238146063, "p4": 16.72500386556414, "pol1": -0.2598153990352833, "pol2": 0.7141070489775883, "pol3": -0.2715893066805197, "pol4": 0.01853889766865276, "v0s": 3.5632073157260633}, "datetime": {"datetime": "2022-04-11 10:29:28", "elapsed": 235697.048817, "delta": 10.880931}}
{"target": 4.717293790937333, "params": {"Bgrad": 6.376068784715249, "d1": 0.5460949769756787, "d2": -0.7290426120383868, "d3": -0.8188212494966081, "d4": -2.8612553923199915, "p1": 4.850169799526894, "p2": 7.2523696969005735, "p3": 33.36706630935516, "p4": 27.919868954131232, "pol1": 0.6114118856983692, "pol2": 0.09606174535184975, "pol3": 0.478603576883327, "pol4": -0.4756972299459623, "v0s": 4.717293790937333}, "datetime": {"datetime": "2022-04-11 10:29:45", "elapsed": 235713.458952, "delta": 16.410135}}
{"target": 3.4872677019754805, "params": {"Bgrad": 4.0606861797166935, "d1": -1.6307463006388034, "d2": -0.5757233260617562, "d3": -2.375630162296726, "d4": 0.13429948919535128, "p1": 8.895233657448726, "p2": 4.834785601245145, "p3": 41.09272030398042, "p4": 20.552050782986363, "pol1": -0.07576239363386095, "pol2": -0.3884344988184716, "pol3": 0.6153120682914315, "pol4": -0.13894722502424828, "v0s": 3.4872677019754805}, "datetime": {"datetime": "2022-04-11 10:29:56", "elapsed": 235724.755749, "delta": 11.296797}}
