{"target": -1.0, "params": {"Bgrad": 0.7920707348785974, "d1": 0.5252653923303012, "d2": -1.046391405040946, "d3": -1.8006121978528906, "d4": -1.0631348935659668, "p1": 6.6267964504195085, "p2": 32.02000051954895, "p3": 38.722805238842305, "p4": 40.99878688273411, "pol1": 0.10202937987270277, "pol2": -0.3423822900074449, "pol3": -0.9329451624940759, "pol4": -0.8169619870613283, "v0s": 6.830183208227837}, "datetime": {"datetime": "2022-06-15 21:29:17", "elapsed": 242804.230019, "delta": 11.64687}}
{"target": -1.0, "params": {"Bgrad": 0.7181176929721389, "d1": 0.37666047007741277, "d2": -0.7163386087587966, "d3": -0.15487181643229553, "d4": -1.8532034203142174, "p1": 11.871557796253768, "p2": 21.256302481805545, "p3": 6.459817567487852, "p4": 0.09549102971970758, "pol1": -0.8641656616013427, "pol2": -0.8116061839261584, "pol3": 0.07982317837425845, "pol4": 0.35218315066180006, "v0s": 5.121245242774571}, "datetime": {"datetime": "2022-06-15 21:29:27", "elapsed": 242815.032147, "delta": 10.802128}}
{"target": -1.0, "params": {"Bgrad": 1.5501875414877402, "d1": 0.6175503919319394, "d2": -1.6745094290910596, "d3": -0.8757892792629383, "d4": -0.41344475848257956, "p1": 44.195388455168406, "p2": 38.164359949543716, "p3": 18.44487647234145, "p4": 15.731308241744191, "pol1": -0.3065118897600072, "pol2": 0.29116904594371595, "pol3": -0.5977395810555357, "pol4": -0.7709989287317474, "v0s": 4.660422893568895}, "datetime": {"datetime": "2022-06-15 21:29:42", "elapsed": 242829.625141, "delta": 14.592994}}
{"target": 2.306549956806665, "params": {"Bgrad": 0.7935053892724908, "d1": -2.626558091391366, "d2": 0.3697830304940557, "d3": -1.4208635721678378, "d4": -2.7670075779677505, "p1": 2.5321667022102865, "p2": 36.40317740628717, "p3": 2.821425594370103, "p4": 13.80529198050327, "pol1": 0.5313679993887905, "pol2": -0.963010804759866, "pol3": -0.24940075558620145, "pol4": 0.42826625788189854, "v0s": 2.306549956806665}, "datetime": {"datetime": "2022-06-15 21:29:48", "elapsed": 242835.064604, "delta": 5.439463}}
{"target": -1.0, "params": {"Bgrad": 1.3123349391299568, "d1": 0.34997371504546226, "d2": 0.6240790639106537, "d3": 0.866309811531333, "d4": -2.7460918729643558, "p1": 25.347747880919226, "p2": 12.417782154325236, "p3": 25.477430921897202, "p4": 19.15662984078389, "pol1": -0.9112016558990053, "pol2": -0.5488864714038433, "pol3": -0.29664449487475975, "pol4": -0.44897896971798623, "v0s": 2.8102963260910583}, "datetime": {"datetime": "2022-06-15 21:30:02", "elapsed": 242849.768302, "delta": 14.703698}}
{"target": 4.595853008926266, "params": {"Bgrad": 1.3395210105746351, "d1": -2.8173220724896733, "d2": -0.374333791914903, "d3": -0.8529671222727071, "d4": -2.796110880736128, "p1": 47.89767533383367, "p2": 49.212981807383144, "p3": 13.919291612483342, "p4": 0.37780309543514745, "pol1": 0.8968806777423921, "pol2": -0.9107843884655602, "pol3": -0.26469169113587476, "pol4": -0.23779510059768771, "v0s": 4.595853008926266}, "datetime": {"datetime": "2022-06-15 21:30:11", "elapsed": 242858.271574, "delta": 8.503272}}
{"target": -1.0, "params": {"Bgrad": 1.747879173182385, "d1": -1.8456875897130378, "d2": 0.6399617905978738, "d3": -0.7829379395800253, "d4": -2.5414762100514836, "p1": 33.16830682602635, "p2": 13.637956215025431, "p3": 4.624850806790038, "p4": 17.167508461429616, "pol1": -0.14993331648179575, "pol2": 0.27894979772329, "pol3": 0.8074281507605647, "pol4": -0.10564937266809471, "v0s": 4.913550180147625}, "datetime": {"datetime": "2022-06-15 21:30:27", "elapsed": 242874.769479, "delta": 16.497905}}
{"target": -1.0, "params": {"Bgrad": 1.60497174603797, "d1": 0.7078165283674918, "d2": -0.2629832426248231, "d3": 0.0381298129962957, "d4": -2.244098503321913, "p1": 1.4866295955327125, "p2": 22.860030013333464, "p3": 9.690739187235481, "p4": 20.951162188343986, "pol1": -0.3689849256022961, "pol2": -0.5662929926624298, "pol3": -0.3095844941017398, "pol4": 0.4282397311128985, "v0s": 3.1096306472626924}, "datetime": {"datetime": "2022-06-15 21:30:48", "elapsed": 242895.148705, "delta": 20.379226}}
{"target": -1.0, "params": {"Bgrad": 1.9177939025902773, "d1": -2.477901165608538, "d2": -2.09635780235491, "d3": -2.492349315337132, "d4": -0.5779070946439564, "p1": 42.04613637450335, "p2": 25.14590050468471, "p3": 12.672547240312976, "p4": 39.148385344438424, "pol1": -0.16933348155160322, "pol2": -0.06726089090131726, "pol3": 0.693789027094482, "pol4": -0.16681172371349207, "v0s": 3.9091164606443654}, "datetime": {"datetime": "2022-06-15 21:31:06", "elapsed": 242913.229377, "delta": 18.080672}}
{"target": 3.369273509452288, "params": {"Bgrad": 1.815634120638545, "d1": -2.5284060723091155, "d2": -0.6719298396008759, "d3": -2.2300599882486485, "d4": -1.9023124706027783, "p1": 0.24852049019266076, "p2": 4.603961896941594, "p3": 2.999576769916751, "p4": 21.877932757157943, "pol1": 0.18328012379574377, "pol2": -0.04734858865604252, "pol3": 0.4976589950028578, "pol4": 0.3553711006580387, "v0s": 3.369273509452288}, "datetime": {"datetime": "2022-06-15 21:31:13", "elapsed": 242921.020553, "delta": 7.791176}}
{"target": -1.0, "params": {"Bgrad": 0.5428036731016355, "d1": -2.8313592962248846, "d2": -2.4315072882119586, "d3": -0.7452612271596903, "d4": 0.14185078046534683, "p1": 32.80248420832274, "p2": 20.41267988323108, "p3": 14.204500132306135, "p4": 1.0291877076424871, "pol1": -0.7331681096701206, "pol2": -0.24912177481590003, "pol3": 0.8764138798587133, "pol4": -0.4649884277136742, "v0s": 4.177928014062227}, "datetime": {"datetime": "2022-06-15 21:31:24", "elapsed": 242931.245223, "delta": 10.22467}}
{"target": -1.0, "params": {"Bgrad": 1.2896924686840392, "d1": -1.2287902622143188, "d2": 0.547021645830962, "d3": -2.8168410890774696, "d4": -1.571177500633655, "p1": 28.89263380290645, "p2": 1.2363901198031102, "p3": 16.07231459337456, "p4": 24.855719944477965, "pol1": -0.22910741283567027, "pol2": -0.21870605640374663, "pol3": -0.145963907004808, "pol4": 0.9920851246902487, "v0s": 5.249540470763799}, "datetime": {"datetime": "2022-06-15 21:31:42", "elapsed": 242949.337865, "delta": 18.092642}}
{"target": -1.0, "params": {"Bgrad": 1.7483819217870122, "d1": 0.3337997735735576, "d2": 0.25082306666802845, "d3": -2.700321927565102, "d4": -2.579856972134401, "p1": 11.092396470243898, "p2": 12.031677406819307, "p3": 45.21749982961904, "p4": 38.22298440637047, "pol1": -0.6022860528661811, "pol2": -0.7114533987756437, "pol3": 0.4445958434468593, "pol4": 0.7640484918059451, "v0s": 5.925218453622974}, "datetime": {"datetime": "2022-06-15 21:32:00", "elapsed": 242967.817472, "delta": 18.479607}}
{"target": -1.0, "params": {"Bgrad": 1.8123597662183606, "d1": 0.39098561254893216, "d2": -2.5443766238774197, "d3": -2.131272284683384, "d4": -2.7811390367562714, "p1": 11.222947436784853, "p2": 46.03659898114712, "p3": 20.97833276676199, "p4": 23.64356626073564, "pol1": -0.14398299573227513, "pol2": -0.03156929852639845, "pol3": -0.16820435777695208, "pol4": 0.49039851146523405, "v0s": 6.4197671612887}, "datetime": {"datetime": "2022-06-15 21:32:14", "elapsed": 242981.633544, "delta": 13.816072}}
{"target": 3.7881923003017386, "params": {"Bgrad": 0.7861739977422991, "d1": -2.371867206802387, "d2": 0.621468649233134, "d3": -0.9660327857437658, "d4": -0.04991725974805172, "p1": 36.65367111043347, "p2": 38.51729198838207, "p3": 23.470470706314977, "p4": 20.249332166402095, "pol1": -0.744756613307276, "pol2": -0.06917221108187999, "pol3": -0.3142045616661586, "pol4": 0.22228236874633955, "v0s": 3.7881923003017386}, "datetime": {"datetime": "2022-06-15 21:32:20", "elapsed": 242987.279453, "delta": 5.645909}}
{"target": 2.484452634209428, "params": {"Bgrad": 0.7190799231987888, "d1": -1.5180667992629764, "d2": 0.27781954589102886, "d3": -0.9188076201561688, "d4": 0.6613014847324541, "p1": 14.336713161747488, "p2": 7.703299505867811, "p3": 46.797270630708034, "p4": 23.653536679309262, "pol1": 0.19843434450027075, "pol2": 0.8669391113886475, "pol3": 0.8385852114005228, "pol4": 0.5518271511094106, "v0s": 2.484452634209428}, "datetime": {"datetime": "2022-06-15 21:32:25", "elapsed": 242992.995176, "delta": 5.715723}}
{"target": -1.0, "params": {"Bgrad": 1.9945358914685356, "d1": -1.3603160929622535, "d2": -1.776882957073108, "d3": -2.570475391919834, "d4": 0.7219412287978582, "p1": 29.40931284182287, "p2": 7.635161975755844, "p3": 45.41022326273106, "p4": 2.754735228490457, "pol1": 0.05057386750213966, "pol2": -0.31389256214202654, "pol3": -0.47359807079100125, "pol4": -0.18419375565779172, "v0s": 6.522905949579887}, "datetime": {"datetime": "2022-06-15 21:32:41", "elapsed": 243008.902659, "delta": 15.907483}}
{"target": 2.6291658307269925, "params": {"Bgrad": 0.8706337475137802, "d1": -0.7421439875031512, "d2": 0.8053406153569993, "d3": 0.5772276350742196, "d4": -1.282195823641648, "p1": 29.23563774858014, "p2": 36.91833719923785, "p3": 11.394358254962873, "p4": 34.31179338291299, "pol1": -0.3540048800848734, "pol2": 0.09869020112263849, "pol3": 0.38108122462217464, "pol4": -0.19886107423215438, "v0s": 2.6291658307269925}, "datetime": {"datetime": "2022-06-15 21:32:53", "elapsed": 243020.17852, "delta": 11.275861}}
{"target": -1.0, "params": {"Bgrad": 1.003548311438108, "d1": -0.41826686732623397, "d2": -2.0297768866701658, "d3": 0.4089026548164103, "d4": -2.9576739425540173, "p1": 43.18506856459246, "p2": 12.868706572480942, "p3": 26.96881937314209, "p4": 16.244533154666545, "pol1": 0.8664951335354087, "pol2": -0.965339440736237, "pol3": 0.3478598118386924, "pol4": -0.19904326177314102, "v0s": 5.68931385451205}, "datetime": {"datetime": "2022-06-15 21:33:06", "elapsed": 243033.595658, "delta": 13.417138}}
{"target": -1.0, "params": {"Bgrad": 1.8082319892720031, "d1": -2.195735095107619, "d2": -0.4028685762391331, "d3": -0.146466510665626, "d4": -1.2553648422601786, "p1": 6.64673820246397, "p2": 9.82727834533234, "p3": 39.53799479613158, "p4": 39.3393159370467, "pol1": 0.5992759050324596, "pol2": 0.5771716452627842, "pol3": -0.30438786085820757, "pol4": 0.3747831626966067, "v0s": 5.6558721254102995}, "datetime": {"datetime": "2022-06-15 21:33:25", "elapsed": 243052.622802, "delta": 19.027144}}
{"target": -1.0, "params": {"Bgrad": 1.8546210414216335, "d1": -0.2540847764436447, "d2": -0.05449054238529172, "d3": -1.7149805293543934, "d4": -2.6254023161197724, "p1": 15.16347157157738, "p2": 49.46194107072921, "p3": 16.120875273229224, "p4": 43.053958861554676, "pol1": 0.5423729173158649, "pol2": -0.6747432397796209, "pol3": -0.690133383280265, "pol4": -0.6921745439698663, "v0s": 6.362215031210965}, "datetime": {"datetime": "2022-06-15 21:33:41", "elapsed": 243068.268982, "delta": 15.64618}}
{"target": -1.0, "params": {"Bgrad": 0.8267726712904802, "d1": 0.509104734262904, "d2": 0.3481877891018801, "d3": -2.700852645896831, "d4": -1.6471240807894811, "p1": 22.05165637211424, "p2": 26.579025909602716, "p3": 7.792397297183351, "p4": 13.482845002758005, "pol1": 0.9711255633341223, "pol2": -0.7461833022671582, "pol3": -0.06225266206336766, "pol4": -0.09964243310813159, "v0s": 5.861227380202309}, "datetime": {"datetime": "2022-06-15 21:33:53", "elapsed": 243081.000952, "delta": 12.73197}}
{"target": -1.0, "params": {"Bgrad": 1.706020665743103, "d1": -1.507228358140348, "d2": -1.9476601542049394, "d3": -0.6891015336084498, "d4": 0.3784874613248923, "p1": 41.424494267648925, "p2": 16.087992572870057, "p3": 28.87191153932983, "p4": 46.33698534594562, "pol1": 0.6231573712575411, "pol2": 0.15941124792623684, "pol3": -0.10789286638341089, "pol4": -0.24735548260399076, "v0s": 7.907255319271572}, "datetime": {"datetime": "2022-06-15 21:34:11", "elapsed": 243098.995854, "delta": 17.994902}}
{"target": -1.0, "params": {"Bgrad": 1.6997712105268428, "d1": -0.059160177138767533, "d2": 0.8342651475641207, "d3": -0.29955492319468036, "d4": -1.647424799762895, "p1": 20.144830608495152, "p2": 26.490004903904385, "p3": 42.47182158119532, "p4": 10.977970359344857, "pol1": 0.2960214355162081, "pol2": -0.6341826139867675, "pol3": 0.2049820383307288, "pol4": -0.19247001833082367, "v0s": 7.28921832638987}, "datetime": {"datetime": "2022-06-15 21:34:27", "elapsed": 243114.14237, "delta": 15.146516}}
{"target": 3.4045344188386393, "params": {"Bgrad": 1.0314824039538193, "d1": -1.4347702130738211, "d2": 0.30566198347512064, "d3": -1.897129422448128, "d4": -0.615510587899359, "p1": 38.3307051799678, "p2": 24.526805165967836, "p3": 38.77890326367484, "p4": 7.189160439362291, "pol1": 0.42907332797194586, "pol2": -0.4346475385459483, "pol3": -0.9965972627236808, "pol4": 0.4048308961340641, "v0s": 3.4045344188386393}, "datetime": {"datetime": "2022-06-15 21:34:35", "elapsed": 243122.729419, "delta": 8.587049}}
{"target": 2.663889086368876, "params": {"Bgrad": 0.8010494053772451, "d1": -2.9336893978520893, "d2": -1.406461182273976, "d3": -0.5124678012920469, "d4": -0.26467266298802894, "p1": 45.39878680211861, "p2": 33.16117423347817, "p3": 0.26406672632509065, "p4": 41.81383701432699, "pol1": -0.7667313878960176, "pol2": 0.7827545983845037, "pol3": 0.17993233344483928, "pol4": -0.26840402408663566, "v0s": 2.663889086368876}, "datetime": {"datetime": "2022-06-15 21:34:41", "elapsed": 243128.537893, "delta": 5.808474}}
{"target": -1.0, "params": {"Bgrad": 1.5004081580704571, "d1": -0.3722442412553475, "d2": -1.3699417349587524, "d3": -0.6641541323712481, "d4": 0.4739884837677071, "p1": 36.663313452024454, "p2": 19.905925277920893, "p3": 4.032936231384005, "p4": 47.843903749835995, "pol1": 0.7900175956873274, "pol2": 0.06047603008845104, "pol3": -0.661828047925137, "pol4": -0.40369184671615943, "v0s": 5.49238852833901}, "datetime": {"datetime": "2022-06-15 21:35:00", "elapsed": 243147.204999, "delta": 18.667106}}
{"target": -1.0, "params": {"Bgrad": 1.3151181857906102, "d1": 0.8519990554710972, "d2": -0.8657703473726461, "d3": 0.9601700084572409, "d4": -1.6272185096136922, "p1": 37.36886309375219, "p2": 15.527837361108615, "p3": 12.224201339184953, "p4": 17.70154419620572, "pol1": -0.9944022840617779, "pol2": 0.43095414581534564, "pol3": 0.041949840415177686, "pol4": -0.19977034789585946, "v0s": 6.543615494377523}, "datetime": {"datetime": "2022-06-15 21:35:13", "elapsed": 243160.754783, "delta": 13.549784}}
{"target": 3.5825205537818183, "params": {"Bgrad": 1.2251711566833385, "d1": -1.673721222449338, "d2": 0.3022009684072531, "d3": -0.9204064569364148, "d4": -1.5608285630170875, "p1": 44.345424485517945, "p2": 37.249144824212266, "p3": 18.517863125669336, "p4": 26.614872147102336, "pol1": -0.026305610398237977, "pol2": 0.5312593490796416, "pol3": -0.11858482530347692, "pol4": 0.0754206286460739, "v0s": 3.5825205537818183}, "datetime": {"datetime": "2022-06-15 21:35:23", "elapsed": 243170.631385, "delta": 9.876602}}
{"target": -1.0, "params": {"Bgrad": 0.5140661064218384, "d1": 0.9158240102167485, "d2": -0.9389363598797815, "d3": -2.4793042320588903, "d4": 0.9088398297035405, "p1": 1.1629003052322229, "p2": 11.904476658416884, "p3": 42.61313307267311, "p4": 18.23327741187558, "pol1": 0.19372374215111776, "pol2": -0.26314232012330496, "pol3": -0.047850149515874074, "pol4": -0.20608941423926375, "v0s": 4.273048443019643}, "datetime": {"datetime": "2022-06-15 21:35:32", "elapsed": 243179.889639, "delta": 9.258254}}
{"target": -1.0, "params": {"Bgrad": 1.7684742590057017, "d1": -0.9670385578584271, "d2": -2.7108634077217535, "d3": 0.14050711927365178, "d4": -2.589201735926198, "p1": 41.86870430213455, "p2": 17.635721055837074, "p3": 9.034146015128536, "p4": 25.94358086142048, "pol1": -0.23199880499766623, "pol2": -0.774631727434216, "pol3": 0.6284026909903373, "pol4": -0.0017083732216160996, "v0s": 5.980695727926816}, "datetime": {"datetime": "2022-06-15 21:35:47", "elapsed": 243194.143541, "delta": 14.253902}}
{"target": -1.0, "params": {"Bgrad": 1.456319969149822, "d1": -0.7937921326788513, "d2": -2.888616250570853, "d3": -2.26311094253052, "d4": -2.1160612140337074, "p1": 17.14204168170783, "p2": 24.55202435908877, "p3": 12.980799928034198, "p4": 5.498228063000454, "pol1": 0.6006482424826893, "pol2": 0.7254365141317569, "pol3": -0.1682048682623598, "pol4": 0.9709869677970873, "v0s": 4.844580355508933}, "datetime": {"datetime": "2022-06-15 21:36:03", "elapsed": 243210.79304, "delta": 16.649499}}
{"target": -1.0, "params": {"Bgrad": 1.281612930649303, "d1": -0.9127938772468345, "d2": -0.043879761588142774, "d3": -2.4856628826001943, "d4": -1.2554680128610083, "p1": 47.72120078617756, "p2": 20.90789700560625, "p3": 5.5673490782992445, "p4": 13.95449388131525, "pol1": 0.4378266520419414, "pol2": -0.37622283483207464, "pol3": 0.09622039613208266, "pol4": -0.1537029792660185, "v0s": 6.5754407620184825}, "datetime": {"datetime": "2022-06-15 21:36:18", "elapsed": 243225.186568, "delta": 14.393528}}
{"target": -1.0, "params": {"Bgrad": 0.6780118735852358, "d1": -1.370687137037677, "d2": -0.19101712039101582, "d3": -2.071675206821019, "d4": -1.5141993428024052, "p1": 41.63207385040078, "p2": 34.601121228540855, "p3": 3.292702168988615, "p4": 10.21482985111234, "pol1": 0.7035184645644412, "pol2": -0.4255982036698094, "pol3": 0.4866772863733577, "pol4": 0.6783211257222284, "v0s": 5.224528546817126}, "datetime": {"datetime": "2022-06-15 21:36:27", "elapsed": 243234.988369, "delta": 9.801801}}
{"target": -1.0, "params": {"Bgrad": 1.3006141497041876, "d1": -0.23717319849127572, "d2": 0.6126955378676358, "d3": -2.7257554940027435, "d4": -1.8676051415979695, "p1": 26.39661564757525, "p2": 14.511748234344063, "p3": 21.006564327846455, "p4": 49.102647662896146, "pol1": -0.886133278410048, "pol2": 0.8578264244095981, "pol3": 0.335956427917006, "pol4": -0.0028389074665347014, "v0s": 4.788182520609197}, "datetime": {"datetime": "2022-06-15 21:57:46", "elapsed": 244513.595694, "delta": 1278.607325}}
{"target": -1.0, "params": {"Bgrad": 1.3384017062598779, "d1": -1.8336513710627491, "d2": -2.3127980771042127, "d3": -0.521037377005066, "d4": 0.9539091832201358, "p1": 25.811033226238955, "p2": 33.55041750122065, "p3": 25.976628983828626, "p4": 10.001543044560412, "pol1": 0.157391735057393, "pol2": 0.9157591199513202, "pol3": 0.38484830783043544, "pol4": -0.9453261218620006, "v0s": 4.178712843963005}, "datetime": {"datetime": "2022-06-15 21:58:02", "elapsed": 244529.435358, "delta": 15.839664}}
{"target": -1.0, "params": {"Bgrad": 1.450828028922523, "d1": -0.7317075682861969, "d2": -2.5146651559534283, "d3": 0.7458931328784604, "d4": -1.4246434670293078, "p1": 36.46313610067099, "p2": 39.284362768718324, "p3": 10.649636093054438, "p4": 33.131217131128466, "pol1": 0.04673419931790823, "pol2": -0.6434055396155818, "pol3": 0.43688171632824635, "pol4": 0.0811530209346969, "v0s": 3.2845627393665824}, "datetime": {"datetime": "2022-06-15 21:58:18", "elapsed": 244545.488451, "delta": 16.053093}}
{"target": -1.0, "params": {"Bgrad": 1.1270927172458447, "d1": -0.2769539252434461, "d2": 0.9750460948072521, "d3": -0.8062486766776793, "d4": 0.1756801479106449, "p1": 16.52890861769495, "p2": 25.578051936450713, "p3": 41.751250018322104, "p4": 48.52289951298851, "pol1": -0.6430559878892113, "pol2": 0.7026151768064983, "pol3": 0.9767939420053005, "pol4": -0.09907596815719444, "v0s": 3.847760863641824}, "datetime": {"datetime": "2022-06-15 21:58:33", "elapsed": 244560.947132, "delta": 15.458681}}
{"target": -1.0, "params": {"Bgrad": 1.8686894068974094, "d1": -2.120571079203982, "d2": 0.9530548306323716, "d3": -1.3938335587719672, "d4": -2.631065489191713, "p1": 6.8387438422132965, "p2": 23.853616397423327, "p3": 3.0473886929447747, "p4": 12.594271745417752, "pol1": 0.5900045195081982, "pol2": 0.5706638517127169, "pol3": 0.6216396673997726, "pol4": -0.9074743768836264, "v0s": 6.598693999848159}, "datetime": {"datetime": "2022-06-15 21:58:53", "elapsed": 244580.642489, "delta": 19.695357}}
{"target": -1.0, "params": {"Bgrad": 1.7102698202574556, "d1": -2.9358012907837443, "d2": -1.4346882625690678, "d3": 0.46230828691771864, "d4": 0.8338985397991117, "p1": 45.97959706585888, "p2": 27.349396714644374, "p3": 15.496063644150404, "p4": 29.46324980539573, "pol1": 0.19198097575302397, "pol2": 0.3291037027800561, "pol3": 0.181630049317014, "pol4": 0.7361108974148791, "v0s": 4.243866994578642}, "datetime": {"datetime": "2022-06-15 21:59:09", "elapsed": 244596.101172, "delta": 15.458683}}
{"target": 2.4754791081780096, "params": {"Bgrad": 0.8660248029882409, "d1": -2.918053710242642, "d2": -2.0692455632726285, "d3": -2.3535934034210895, "d4": -2.0473584157535174, "p1": 44.04815831926174, "p2": 36.57997161915804, "p3": 12.169454076156129, "p4": 39.65271360035073, "pol1": 0.08824170636916517, "pol2": -0.18702751105005633, "pol3": -0.5883954741317463, "pol4": -0.37853623944832604, "v0s": 2.4754791081780096}, "datetime": {"datetime": "2022-06-15 21:59:15", "elapsed": 244602.806815, "delta": 6.705643}}
{"target": -1.0, "params": {"Bgrad": 0.850435263928953, "d1": -0.33699441483301085, "d2": -1.595919383976915, "d3": 0.27888078180411124, "d4": -0.3553803967690725, "p1": 31.217555137207835, "p2": 21.01389198932505, "p3": 32.250114143225986, "p4": 43.74153273698547, "pol1": -0.37745469292332423, "pol2": -0.3144959455379195, "pol3": 0.6973583130366661, "pol4": 0.05978822569099229, "v0s": 7.542128523243624}, "datetime": {"datetime": "2022-06-15 21:59:27", "elapsed": 244614.586042, "delta": 11.779227}}
{"target": -1.0, "params": {"Bgrad": 0.7813294216015851, "d1": -2.140506954704817, "d2": 0.4498349829282198, "d3": -2.602038476183323, "d4": -1.113350498837923, "p1": 41.970177963756036, "p2": 34.68683017886296, "p3": 23.11207422509675, "p4": 8.259924707515548, "pol1": 0.10163178367461878, "pol2": 0.9759573377554824, "pol3": 0.6103150893312661, "pol4": -0.8901423318854831, "v0s": 6.265570257168111}, "datetime": {"datetime": "2022-06-15 21:59:39", "elapsed": 244626.781649, "delta": 12.195607}}
