{"target": -1.0, "params": {"Bgrad": 0.8145937415973594, "d1": 0.4895772614186622, "d2": 0.7326477628696143, "d3": -0.5601012859815588, "d4": -0.24580860357136844, "p1": 14.850169900536274, "p2": 7.8151392114018, "p3": 7.425969143521859, "p4": 36.68047702879537, "pol1": 1.0, "pol2": -0.8504499621975076, "pol3": 0.1459701591206784, "pol4": 0.18416503065914638, "v0s": 3.20913865921217}, "datetime": {"datetime": "2022-06-25 02:39:08", "elapsed": 10619.696355, "delta": 13.615591}}
{"target": -1.0, "params": {"Bgrad": 1.964225940024775, "d1": -1.322130956085819, "d2": -0.356720799280438, "d3": 0.768327923723672, "d4": -1.1345396781821147, "p1": 3.3472254797912884, "p2": 10.155704440085417, "p3": 34.69307274733778, "p4": 27.804088504935127, "pol1": 0.84995451156442, "pol2": -0.7404745933789412, "pol3": -0.9435960252942484, "pol4": 0.43374072546875353, "v0s": 2.170405414591646}, "datetime": {"datetime": "2022-06-25 02:39:17", "elapsed": 10628.820956, "delta": 9.124601}}
{"target": 3.8680556471048497, "params": {"Bgrad": 1.4636227116196179, "d1": 0.13483174061474257, "d2": 0.4897973030970415, "d3": -2.1431191205250544, "d4": -1.7667257924082964, "p1": 5.2313212918692065, "p2": 7.921799096458476, "p3": 30.773051875383135, "p4": 25.84540490694855, "pol1": 0.06905183278060312, "pol2": 0.12179789634091365, "pol3": 0.08366849276593391, "pol4": -0.5215609442008518, "v0s": 3.8680556471048497}, "datetime": {"datetime": "2022-06-25 02:39:32", "elapsed": 10644.011337, "delta": 15.190381}}
{"target": -1.0, "params": {"Bgrad": 1.436277592579435, "d1": -2.345303459162645, "d2": 0.29707127723598736, "d3": -2.29747391911213, "d4": -0.7874244038476266, "p1": 8.90815330485043, "p2": 14.3090720103231, "p3": 10.366656163445647, "p4": 26.372528367913482, "pol1": 0.6642766525596362, "pol2": 0.8404546678783684, "pol3": -0.34503216790045355, "pol4": 0.11294982263126063, "v0s": 6.144479646035851}, "datetime": {"datetime": "2022-06-25 02:39:52", "elapsed": 10664.390842, "delta": 20.379505}}
{"target": 2.745876479576015, "params": {"Bgrad": 1.1117780337123684, "d1": -2.0488296775582926, "d2": -0.35651231608746214, "d3": 0.5948291854191954, "d4": -1.9376885388165699, "p1": 28.137603378846844, "p2": 8.502149909016675, "p3": 10.482010711879047, "p4": 37.81440021177961, "pol1": -0.2889614936543019, "pol2": -0.29331608135084025, "pol3": 0.005419991186219358, "pol4": -0.6621267985932916, "v0s": 2.745876479576015}, "datetime": {"datetime": "2022-06-25 02:40:11", "elapsed": 10682.686918, "delta": 18.296076}}
{"target": -1.0, "params": {"Bgrad": 1.9582718342917849, "d1": -1.5529598678440686, "d2": -1.573963843030156, "d3": -1.412783254400173, "d4": -2.2308865927527, "p1": 6.125512008532475, "p2": 10.21535120535772, "p3": 33.434721054003056, "p4": 27.48149667105636, "pol1": 0.9389328917333823, "pol2": -0.3131316178558472, "pol3": 0.8896078094502129, "pol4": -0.3948033567463771, "v0s": 3.94160031720072}, "datetime": {"datetime": "2022-06-25 02:40:31", "elapsed": 10702.720348, "delta": 20.03343}}
{"target": -1.0, "params": {"Bgrad": 0.9408493659928931, "d1": -0.9705250499581566, "d2": 0.3807851324465674, "d3": -1.2332898776812127, "d4": -0.03737826113244136, "p1": 1.7793225959104209, "p2": 12.339928559722546, "p3": 32.69401903807157, "p4": 32.96701871283305, "pol1": -0.3420817376934637, "pol2": 0.18262265708108583, "pol3": -0.5510362456750295, "pol4": 0.5337720192452038, "v0s": 4.686889180102627}, "datetime": {"datetime": "2022-06-25 02:40:50", "elapsed": 10722.503448, "delta": 19.7831}}
{"target": -1.0, "params": {"Bgrad": 1.7731763391095445, "d1": -2.4128517447147257, "d2": 0.2746514297687619, "d3": -0.8875408176064647, "d4": -2.015963965700959, "p1": 5.561337540228106, "p2": 5.98587449666449, "p3": 38.407257247855945, "p4": 28.944316800407364, "pol1": 0.851661958169756, "pol2": -0.6486227830476639, "pol3": 0.7624803389998971, "pol4": -0.9931695357925119, "v0s": 6.66860647167286}, "datetime": {"datetime": "2022-06-25 02:41:17", "elapsed": 10748.75875, "delta": 26.255302}}
{"target": -1.0, "params": {"Bgrad": 1.5629798848841363, "d1": -1.3487083024034892, "d2": 0.7185562129631209, "d3": -1.7881157666322096, "d4": 0.8965614250993599, "p1": 42.09528399733488, "p2": 20.51164526932321, "p3": 26.0153583144367, "p4": 14.741849239468985, "pol1": 0.6686482478971012, "pol2": 0.17055412361084654, "pol3": -0.00341715602956838, "pol4": -0.1624469299530389, "v0s": 4.658506330239693}, "datetime": {"datetime": "2022-06-25 02:41:35", "elapsed": 10767.55449, "delta": 18.79574}}
{"target": -1.0, "params": {"Bgrad": 1.4475888272431314, "d1": 0.4468733025947449, "d2": 0.4422943379929811, "d3": 0.21960154046156966, "d4": -2.622787545432207, "p1": 4.735585598864839, "p2": 12.904964263118302, "p3": 36.03140149506188, "p4": 30.31990033580231, "pol1": 0.695705399257549, "pol2": -0.24251142579864404, "pol3": 0.6176849239413109, "pol4": -0.2030843322383007, "v0s": 3.6304162828657818}, "datetime": {"datetime": "2022-06-25 02:41:55", "elapsed": 10787.588919, "delta": 20.034429}}
{"target": -1.0, "params": {"Bgrad": 1.2006648651145595, "d1": -1.4607567713126204, "d2": 0.34364505003092427, "d3": -1.1272220261050476, "d4": 0.25681632312812486, "p1": 28.912352438541177, "p2": 25.548920360215043, "p3": 3.412185771971532, "p4": 40.67208051012924, "pol1": 0.4367771388240409, "pol2": 0.5923543056736931, "pol3": -0.4438890786324927, "pol4": -0.3312540667420396, "v0s": 5.201894748555036}, "datetime": {"datetime": "2022-06-25 02:42:14", "elapsed": 10806.325816, "delta": 18.736897}}
{"target": -1.0, "params": {"Bgrad": 1.5340243942985246, "d1": 0.21340356564543805, "d2": 0.37475500163511377, "d3": -2.0661776566706105, "d4": -1.6333206176942232, "p1": 4.4469109425906765, "p2": 7.893509250412118, "p3": 30.12805811140308, "p4": 23.650253203375932, "pol1": -0.258982858724651, "pol2": 0.4031438624625743, "pol3": -0.3094687724824272, "pol4": 0.2388340250334311, "v0s": 4.77594698796408}, "datetime": {"datetime": "2022-06-25 02:42:31", "elapsed": 10822.979285, "delta": 16.653469}}
{"target": 3.9192409631913843, "params": {"Bgrad": 1.3718767103087774, "d1": -1.9279664848176736, "d2": 0.09064421322922527, "d3": -2.550767177816427, "d4": -1.0982147705389576, "p1": 6.99075434362116, "p2": 36.04966195336704, "p3": 36.40690485314371, "p4": 35.34713918741099, "pol1": 0.08348921749829154, "pol2": 0.37145593103448377, "pol3": -0.12754059588848435, "pol4": -0.698996385460843, "v0s": 3.9192409631913843}, "datetime": {"datetime": "2022-06-25 02:42:47", "elapsed": 10838.957558, "delta": 15.978273}}
{"target": -1.0, "params": {"Bgrad": 1.3191472675670743, "d1": 0.8082187262543497, "d2": 0.06726872174092957, "d3": 0.14661165386379738, "d4": -1.093830688768218, "p1": 10.74286617893987, "p2": 16.704419833656758, "p3": 7.178531540521216, "p4": 30.237901181246052, "pol1": -0.5820033675893141, "pol2": 0.4565123674229865, "pol3": -0.7498808422128056, "pol4": -0.08712359901297262, "v0s": 3.556984571670425}, "datetime": {"datetime": "2022-06-25 02:43:03", "elapsed": 10855.10139, "delta": 16.143832}}
{"target": -1.0, "params": {"Bgrad": 1.6234738465345548, "d1": -1.6889291958235892, "d2": 0.7945831111454096, "d3": -0.6652925466480504, "d4": 0.80336190099522, "p1": 46.34985432443478, "p2": 16.054797655552143, "p3": 26.886968650849653, "p4": 13.109355262750194, "pol1": -0.31560862282931135, "pol2": 0.5424818344881328, "pol3": -0.014108123104350279, "pol4": -0.4699310293382717, "v0s": 4.118874904431645}, "datetime": {"datetime": "2022-06-25 02:43:22", "elapsed": 10874.412751, "delta": 19.311361}}
{"target": -1.0, "params": {"Bgrad": 1.0120056063393115, "d1": -2.1670611337006633, "d2": -0.9831019960563654, "d3": -0.5170877558738041, "d4": -0.25016054040605873, "p1": 22.505342564243865, "p2": 17.88447809381768, "p3": 29.25468801760256, "p4": 46.21207505215026, "pol1": 0.9592314629851613, "pol2": -0.02367342410319795, "pol3": -0.6840621086288479, "pol4": 0.48633273522062237, "v0s": 4.370664106412075}, "datetime": {"datetime": "2022-06-25 02:43:40", "elapsed": 10891.882038, "delta": 17.469287}}
{"target": 4.028788157227988, "params": {"Bgrad": 0.6397802183248064, "d1": -1.710876452271999, "d2": -0.3960454695984632, "d3": -2.460557218664162, "d4": -2.9956268815407143, "p1": 5.596999378251969, "p2": 23.256230572365403, "p3": 0.49831323964264385, "p4": 31.269178215829985, "pol1": -0.5051143779351017, "pol2": -0.6085076168780331, "pol3": -0.5879189717272729, "pol4": -0.32616646629748175, "v0s": 4.028788157227988}, "datetime": {"datetime": "2022-06-25 02:43:50", "elapsed": 10901.789545, "delta": 9.907507}}
{"target": 2.2714585674605257, "params": {"Bgrad": 1.854942253819508, "d1": -1.1488617430260297, "d2": -0.08190907635097, "d3": -1.6238741848766933, "d4": -1.2478794895751295, "p1": 29.62166091420283, "p2": 13.253078316778332, "p3": 37.97457710178301, "p4": 26.809210864518924, "pol1": 0.9761578196888345, "pol2": -0.7685861611684184, "pol3": 0.2528392238819577, "pol4": -0.9048891692225791, "v0s": 2.2714585674605257}, "datetime": {"datetime": "2022-06-25 02:43:59", "elapsed": 10911.657159, "delta": 9.867614}}
{"target": -1.0, "params": {"Bgrad": 1.626263595416287, "d1": -2.799558612981001, "d2": -1.0317029278688614, "d3": -2.8643961372565223, "d4": -2.31517490621834, "p1": 6.519204708596482, "p2": 10.325017456177482, "p3": 36.57375493192568, "p4": 22.767070813438274, "pol1": -0.08889883517402097, "pol2": 0.08044789866390278, "pol3": 0.6359900147663473, "pol4": 0.20603064624469591, "v0s": 2.969717729120511}, "datetime": {"datetime": "2022-06-25 02:44:13", "elapsed": 10925.284719, "delta": 13.62756}}
{"target": -1.0, "params": {"Bgrad": 1.527478002280183, "d1": -2.454596872946075, "d2": -1.6744027414038127, "d3": -1.9143299388946713, "d4": -2.2055001843249675, "p1": 7.71963394037472, "p2": 15.483910572192599, "p3": 7.422714208787006, "p4": 27.501501800293088, "pol1": -0.42321681460992355, "pol2": -0.19854207941034363, "pol3": -0.8828290025119774, "pol4": 0.8808522143181239, "v0s": 2.736343847049114}, "datetime": {"datetime": "2022-06-25 02:44:23", "elapsed": 10934.733454, "delta": 9.448735}}
{"target": -1.0, "params": {"Bgrad": 1.0886908132451134, "d1": -1.9043045144254998, "d2": 0.7625266863202538, "d3": 0.14901559018577748, "d4": -0.7570057206507008, "p1": 8.925796359653788, "p2": 8.578326775461992, "p3": 33.31370536211585, "p4": 25.672241243187173, "pol1": -0.0041470444474791535, "pol2": 0.12510121138388763, "pol3": -0.030153592293260312, "pol4": 0.9941536400419964, "v0s": 4.473942969721642}, "datetime": {"datetime": "2022-06-25 02:44:52", "elapsed": 10964.616546, "delta": 29.883092}}
{"target": -1.0, "params": {"Bgrad": 1.6210015787691727, "d1": -0.5958265744303644, "d2": 0.7172760114514269, "d3": -2.249803973150429, "d4": -2.953610122284025, "p1": 2.9248315406846137, "p2": 10.738225959712544, "p3": 33.724392438589874, "p4": 25.99835336844118, "pol1": -0.12945007338023862, "pol2": 0.9593582210727116, "pol3": 0.749709584577785, "pol4": 0.980112460376809, "v0s": 3.922660638874313}, "datetime": {"datetime": "2022-06-25 02:45:12", "elapsed": 10984.498381, "delta": 19.881835}}
{"target": -1.0, "params": {"Bgrad": 1.6720963456768376, "d1": -2.893462386047563, "d2": -2.8709415981186526, "d3": 0.14381491513756295, "d4": -0.7843196429262109, "p1": 34.68521056247514, "p2": 9.113848926141172, "p3": 6.949568313718752, "p4": 25.994999281311298, "pol1": -0.20181488869408915, "pol2": -0.8715804277639014, "pol3": -0.09624423574800756, "pol4": 0.7282722794755414, "v0s": 4.079099914847209}, "datetime": {"datetime": "2022-06-25 02:45:31", "elapsed": 11003.279162, "delta": 18.780781}}
{"target": 3.382631821041154, "params": {"Bgrad": 1.8123048422195893, "d1": -0.7830005780510767, "d2": -0.12382005452504652, "d3": -1.80556562963294, "d4": -2.771523479264263, "p1": 6.08740442324533, "p2": 8.957353658556361, "p3": 31.938301867462688, "p4": 26.679775012991914, "pol1": 0.8108462916414199, "pol2": 0.7170495093580318, "pol3": 0.3850036302778923, "pol4": 0.7055978171635349, "v0s": 3.382631821041154}, "datetime": {"datetime": "2022-06-25 02:45:45", "elapsed": 11017.040365, "delta": 13.761203}}
{"target": -1.0, "params": {"Bgrad": 0.9590669299219652, "d1": -2.077061584548685, "d2": 0.14012562348010826, "d3": -1.2525837022496034, "d4": -0.48278195694922443, "p1": 6.618103926969471, "p2": 11.11828439844736, "p3": 33.50934292895428, "p4": 31.826849662663193, "pol1": 0.8490285576321681, "pol2": -0.7152605807120149, "pol3": -0.176961409990128, "pol4": 0.15932566667226045, "v0s": 2.1723299366223148}, "datetime": {"datetime": "2022-06-25 02:46:04", "elapsed": 11036.027593, "delta": 18.987228}}
{"target": -1.0, "params": {"Bgrad": 1.9433961308292083, "d1": -1.8863533872677603, "d2": 0.06729118909083542, "d3": -0.3456337198478856, "d4": -0.6034589605788305, "p1": 44.16860451799395, "p2": 17.355881876731132, "p3": 25.96940658698682, "p4": 11.702024396228932, "pol1": -0.05459975098902925, "pol2": 0.7997464744103935, "pol3": -0.9960632013749322, "pol4": -0.10272228154869101, "v0s": 3.3039351574838185}, "datetime": {"datetime": "2022-06-25 02:46:24", "elapsed": 11056.166739, "delta": 20.139146}}
{"target": 3.573957656408937, "params": {"Bgrad": 0.7771730473175825, "d1": -1.9111548374153489, "d2": 0.8924144353894095, "d3": -2.035956926085387, "d4": -2.653888444931157, "p1": 8.498260942721176, "p2": 8.618743675299173, "p3": 33.4979981841079, "p4": 34.98268248817903, "pol1": 0.49410732246203604, "pol2": 0.6999523653857245, "pol3": -0.542568312774891, "pol4": 0.604313588505613, "v0s": 3.573957656408937}, "datetime": {"datetime": "2022-06-25 02:46:37", "elapsed": 11069.423291, "delta": 13.256552}}
{"target": 3.9523268711474016, "params": {"Bgrad": 1.7676361451318203, "d1": -1.2839735386030466, "d2": 0.6789924839429506, "d3": -1.1855815032755261, "d4": -2.605966144441905, "p1": 10.970339381657096, "p2": 13.499663760189023, "p3": 5.2950442847621515, "p4": 28.60828825446598, "pol1": 0.4450635429047005, "pol2": -0.9346614245490936, "pol3": -0.9137231887804247, "pol4": -0.030265378775518492, "v0s": 3.9523268711474016}, "datetime": {"datetime": "2022-06-25 02:46:49", "elapsed": 11081.00931, "delta": 11.586019}}
{"target": 4.845212729311892, "params": {"Bgrad": 1.3204340475942948, "d1": -1.6504783743326947, "d2": -0.1595046031046783, "d3": -0.6105321176997234, "d4": 0.8629231453802673, "p1": 23.506095077268167, "p2": 19.02346059516939, "p3": 26.322808742813226, "p4": 44.3955141957227, "pol1": -0.03089921783691807, "pol2": -0.6727139591460336, "pol3": 0.9675595682953662, "pol4": 0.010734822259890198, "v0s": 4.845212729311892}, "datetime": {"datetime": "2022-06-25 02:47:07", "elapsed": 11099.160773, "delta": 18.151463}}
{"target": 4.239951691016724, "params": {"Bgrad": 0.5, "d1": -3.0, "d2": -3.0, "d3": -3.0, "d4": -0.9279283508873181, "p1": 5.409687438991768, "p2": 1.3077426724728773, "p3": 37.7193960764723, "p4": 20.140918285737882, "pol1": 0.2034704534572005, "pol2": -0.04388765130320147, "pol3": -0.2720697879089097, "pol4": -0.2952293735873884, "v0s": 4.239951691016724}, "datetime": {"datetime": "2022-06-25 02:47:21", "elapsed": 11112.698573, "delta": 13.5378}}
{"target": 3.6995032756797923, "params": {"Bgrad": 1.623170742487399, "d1": -0.33480663516349435, "d2": -0.3394150809884629, "d3": -2.29056760454996, "d4": -2.336235918359883, "p1": 9.90369355674343, "p2": 5.981894730146784, "p3": 30.481504521543947, "p4": 20.18550929557279, "pol1": 0.5397375164442755, "pol2": -0.5800177100003535, "pol3": 0.41005661920587516, "pol4": 0.24135864660833012, "v0s": 3.6995032756797923}, "datetime": {"datetime": "2022-06-25 02:47:35", "elapsed": 11127.532906, "delta": 14.834333}}
{"target": 4.154227308288658, "params": {"Bgrad": 1.9040562197592257, "d1": -1.6645072420935305, "d2": 0.010065053144102196, "d3": -1.8871802772282609, "d4": -2.1155770757721104, "p1": 27.284909609036795, "p2": 10.465564145757286, "p3": 37.927388426528516, "p4": 28.84154372981342, "pol1": -0.14726801415736024, "pol2": 0.3671494171963687, "pol3": -0.5123642433159171, "pol4": 0.28433683246006947, "v0s": 4.154227308288658}, "datetime": {"datetime": "2022-06-25 02:47:51", "elapsed": 11143.460316, "delta": 15.92741}}
{"target": -1.0, "params": {"Bgrad": 0.8933439735926194, "d1": -1.909344515671635, "d2": -0.7069624679120192, "d3": -1.923957919855256, "d4": -1.9946365326707127, "p1": 12.49020730985404, "p2": 18.160982376809176, "p3": 9.265553906233814, "p4": 30.830992015380083, "pol1": -0.2600347451057634, "pol2": -0.6012328499448656, "pol3": -0.4444672792298283, "pol4": 0.6573094757504125, "v0s": 3.32929692544805}, "datetime": {"datetime": "2022-06-25 02:48:17", "elapsed": 11169.442839, "delta": 25.982523}}
{"target": 4.405522293917703, "params": {"Bgrad": 1.2693601756025858, "d1": -1.6087477400047059, "d2": 0.40920784047828956, "d3": -2.1413772269314584, "d4": -1.6862387638629792, "p1": 4.832606179887039, "p2": 12.205956752280867, "p3": 34.66756640374706, "p4": 26.637532965757273, "pol1": 0.7852046951760021, "pol2": -0.720766648151597, "pol3": 0.3604611299156942, "pol4": 0.11634951503823078, "v0s": 4.405522293917703}, "datetime": {"datetime": "2022-06-25 02:48:33", "elapsed": 11185.448041, "delta": 16.005202}}
{"target": 3.951375435313661, "params": {"Bgrad": 0.9407868475659513, "d1": -0.3439842443484942, "d2": 0.8771529299463534, "d3": -2.7266506769801855, "d4": -2.6758064329979927, "p1": 7.677491284307547, "p2": 6.641944119855214, "p3": 34.60996603642392, "p4": 26.376890707153372, "pol1": 0.3139928351539849, "pol2": -0.7269830492071059, "pol3": 0.09975615556095185, "pol4": -0.3697425932949816, "v0s": 3.951375435313661}, "datetime": {"datetime": "2022-06-25 02:48:53", "elapsed": 11204.972832, "delta": 19.524791}}
{"target": 3.7458635511267078, "params": {"Bgrad": 0.5564958523122792, "d1": -2.4550927473495174, "d2": 0.2697937560714374, "d3": -0.964386501257438, "d4": -1.7086216962323766, "p1": 10.585021122690513, "p2": 18.01752072147081, "p3": 7.204626380981782, "p4": 31.849502168939914, "pol1": 0.08112907543727643, "pol2": -0.27770545485738674, "pol3": 0.6010138559856224, "pol4": -0.5527856498044952, "v0s": 3.7458635511267078}, "datetime": {"datetime": "2022-06-25 02:49:03", "elapsed": 11214.762653, "delta": 9.789821}}
{"target": 3.780071674457127, "params": {"Bgrad": 1.3443118320756815, "d1": -2.538310495322974, "d2": -0.15350912272346467, "d3": -1.3824416758776752, "d4": -1.6414911128372254, "p1": 10.376698672821455, "p2": 17.205578321706295, "p3": 7.9039765987390895, "p4": 32.90536928759198, "pol1": -0.048826122578922874, "pol2": -0.156602574041156, "pol3": -0.2456004030084671, "pol4": -0.30495837616652394, "v0s": 3.780071674457127}, "datetime": {"datetime": "2022-06-25 02:49:17", "elapsed": 11228.830037, "delta": 14.067384}}
{"target": -1.0, "params": {"Bgrad": 0.5497805753806335, "d1": -1.5945804090268698, "d2": 0.8023851255926369, "d3": -2.6366686142990448, "d4": -1.3684798436329952, "p1": 7.4813289933982565, "p2": 30.346749458567874, "p3": 35.817677021812386, "p4": 34.29206816036423, "pol1": 0.21961329972617039, "pol2": -0.7479513589891549, "pol3": -0.03190437282322489, "pol4": 0.13832684640150505, "v0s": 4.003608454599243}, "datetime": {"datetime": "2022-06-25 02:49:29", "elapsed": 11240.981543, "delta": 12.151506}}
{"target": -1.0, "params": {"Bgrad": 1.047271108809093, "d1": -2.813425813260835, "d2": -1.6090798898048426, "d3": -1.498046446083248, "d4": -0.5454252656252812, "p1": 10.027156465300042, "p2": 18.901537443202876, "p3": 8.632299605009031, "p4": 31.19470041820531, "pol1": 0.9617872668987686, "pol2": -0.5005847567527337, "pol3": 0.08520118991839842, "pol4": 0.7283181470210216, "v0s": 2.120351166669044}, "datetime": {"datetime": "2022-06-25 02:49:48", "elapsed": 11260.139316, "delta": 19.157773}}
{"target": 4.269430148760675, "params": {"Bgrad": 1.362882318538931, "d1": -2.528301911073646, "d2": -0.6189573884092101, "d3": -1.8672039328551402, "d4": -1.9022894510483939, "p1": 6.51951169210026, "p2": 9.62680257031483, "p3": 32.77675838621037, "p4": 26.880538580677303, "pol1": 0.38407375893258355, "pol2": 0.3454921570209699, "pol3": -0.06173857969158281, "pol4": 0.4085024249275284, "v0s": 4.269430148760675}, "datetime": {"datetime": "2022-06-25 02:50:06", "elapsed": 11278.272826, "delta": 18.13351}}
{"target": 2.613691072917869, "params": {"Bgrad": 1.1488417569190426, "d1": -1.33605333788676, "d2": -0.4077097807978785, "d3": 0.3250265593227095, "d4": -2.108450263920371, "p1": 28.62272832520745, "p2": 7.991357705123132, "p3": 10.623275638509865, "p4": 38.55064052460547, "pol1": -0.7419445389375823, "pol2": -0.7646899550293262, "pol3": -0.2871051311404234, "pol4": -0.8577997368530023, "v0s": 2.613691072917869}, "datetime": {"datetime": "2022-06-25 02:50:22", "elapsed": 11293.858151, "delta": 15.585325}}
{"target": -1.0, "params": {"Bgrad": 0.6913738400503597, "d1": -1.030512468067717, "d2": 0.39533127648229494, "d3": -1.7418280516999944, "d4": -1.6133038060640352, "p1": 5.631542603817907, "p2": 10.131593273712264, "p3": 31.862335417882555, "p4": 27.257856878897236, "pol1": -0.017823688924596626, "pol2": -0.9526275272414437, "pol3": 0.11252046223433965, "pol4": 0.8584650126292919, "v0s": 6.19889974473585}, "datetime": {"datetime": "2022-06-25 02:50:42", "elapsed": 11313.755944, "delta": 19.897793}}
{"target": -1.0, "params": {"Bgrad": 1.648479513516309, "d1": 0.07645432732350166, "d2": 0.5389147774428436, "d3": -1.9832386933445618, "d4": -0.6716966362067471, "p1": 5.704292606967809, "p2": 15.42455647040073, "p3": 35.32003087635134, "p4": 33.1362051590942, "pol1": -0.8909214589408927, "pol2": 0.3905283310641805, "pol3": 0.08421407958714267, "pol4": 0.12449069953859726, "v0s": 2.8540581356509875}, "datetime": {"datetime": "2022-06-25 02:50:58", "elapsed": 11330.483218, "delta": 16.727274}}
