{"target": -1.0, "params": {"Bgrad": 1.043951318379443, "d1": -0.835383670694462, "d2": 0.8826032645495401, "d3": -1.0170908115028694, "d4": -0.6406232418266673, "p1": 41.22098986370049, "p2": 44.16675350032807, "p3": 31.180382852020593, "p4": 16.158834255549408, "pol1": -0.7432240529077239, "pol2": -0.8062398620883215, "pol3": -0.7794136406367771, "pol4": 0.9246750666205465, "v0s": 3.1332932288340225}, "datetime": {"datetime": "2022-04-29 18:04:44", "elapsed": 95596.97448, "delta": 22.402101}}
{"target": 4.438991694147833, "params": {"Bgrad": 0.8823730866320358, "d1": -2.2264507330872534, "d2": -2.6111708792988693, "d3": -0.14743221397913553, "d4": -2.3155616508920733, "p1": 1.785196618947793, "p2": 24.35619938814947, "p3": 16.538725563446516, "p4": 40.57125181330252, "pol1": 0.18353161978520283, "pol2": -0.9444345679106121, "pol3": -0.02566367062288255, "pol4": 0.162260109251682, "v0s": 4.438991694147833}, "datetime": {"datetime": "2022-04-29 18:05:01", "elapsed": 95614.374954, "delta": 17.400474}}
{"target": -1.0, "params": {"Bgrad": 1.1306046147347628, "d1": -1.4799490860304725, "d2": -1.1818897493309382, "d3": -0.9148107642437178, "d4": 0.5932410282732814, "p1": 29.61705506887622, "p2": 33.2050165881904, "p3": 18.876652679543053, "p4": 21.83151744542169, "pol1": 0.8285868178936584, "pol2": 0.3364935851263311, "pol3": 0.6227409902142862, "pol4": 0.6793283106116115, "v0s": 3.6087567243871304}, "datetime": {"datetime": "2022-04-29 18:05:25", "elapsed": 95637.791343, "delta": 23.416389}}
{"target": 3.736823757523051, "params": {"Bgrad": 0.9932796505687715, "d1": -1.6131598373101401, "d2": 0.7733453068859696, "d3": -1.9259739991618174, "d4": -1.0478387124565482, "p1": 39.679672627804, "p2": 24.027352133667907, "p3": 42.80275375988081, "p4": 48.7442563667449, "pol1": -0.6841682007884791, "pol2": 0.5863921952997643, "pol3": -0.053115812859069696, "pol4": -0.2291215401022473, "v0s": 3.736823757523051}, "datetime": {"datetime": "2022-04-29 18:05:41", "elapsed": 95653.790564, "delta": 15.999221}}
{"target": 4.759770666618905, "params": {"Bgrad": 1.7749069151948642, "d1": -2.196220317014245, "d2": -0.4472815358936888, "d3": -1.3958679423349647, "d4": -2.937881540615673, "p1": 23.855372485044356, "p2": 25.053788411169258, "p3": 14.54532595013856, "p4": 35.68466802315152, "pol1": 0.7657652374120323, "pol2": 0.9646696435383098, "pol3": -0.2640742431225618, "pol4": 0.8557757649905193, "v0s": 4.759770666618905}, "datetime": {"datetime": "2022-04-29 18:06:05", "elapsed": 95678.492515, "delta": 24.701951}}
{"target": -1.0, "params": {"Bgrad": 1.3345904262075317, "d1": -0.30657934886492955, "d2": -0.41088287746047714, "d3": -1.3305072282461339, "d4": -0.5213177144378567, "p1": 24.153593211047603, "p2": 28.192403004176796, "p3": 23.81884109000601, "p4": 5.449069635336379, "pol1": 0.7825947977608507, "pol2": 0.8248216375117621, "pol3": 0.4979775990532531, "pol4": -0.28190224609668113, "v0s": 2.395297711286684}, "datetime": {"datetime": "2022-04-29 18:06:22", "elapsed": 95695.18588, "delta": 16.693365}}
{"target": -1.0, "params": {"Bgrad": 1.8097204269882725, "d1": -1.2686693815875536, "d2": -1.190726637706463, "d3": 0.7346065107415161, "d4": -2.238951452256625, "p1": 5.657673940827207, "p2": 2.5649707247934694, "p3": 41.21547622835007, "p4": 48.467959087364854, "pol1": -0.09620648199952675, "pol2": 0.41055078197141004, "pol3": 0.8517385163873281, "pol4": 0.2522023732442249, "v0s": 3.9416468807522196}, "datetime": {"datetime": "2022-04-29 18:06:49", "elapsed": 95721.952312, "delta": 26.766432}}
{"target": -1.0, "params": {"Bgrad": 1.6072187609280568, "d1": -2.8327359112773136, "d2": -0.6439459294989267, "d3": -2.5931869279992124, "d4": -0.7163556481904414, "p1": 26.47514237827526, "p2": 26.3766488772777, "p3": 11.86984562058292, "p4": 36.20286903789764, "pol1": 0.5647150471885471, "pol2": -0.08674078668007557, "pol3": -0.0545577888244253, "pol4": -0.6352728892548165, "v0s": 3.3664482091042043}, "datetime": {"datetime": "2022-04-29 18:07:12", "elapsed": 95745.123356, "delta": 23.171044}}
{"target": -1.0, "params": {"Bgrad": 0.687922887928732, "d1": -1.5705194530730258, "d2": -1.0490290016677002, "d3": -0.19347662826369927, "d4": -1.839662198543802, "p1": 29.79433987101528, "p2": 30.379763227133914, "p3": 7.5233075951982915, "p4": 7.737410526662497, "pol1": -0.18149891271865926, "pol2": 0.6479168903635906, "pol3": -0.3140683335458061, "pol4": 0.43586088794111144, "v0s": 5.110856531977198}, "datetime": {"datetime": "2022-04-29 18:07:34", "elapsed": 95767.118546, "delta": 21.99519}}
{"target": -1.0, "params": {"Bgrad": 0.6282011993425345, "d1": -1.1556999898595044, "d2": 0.7974835005857903, "d3": -1.3557854618699094, "d4": -0.15134385375758264, "p1": 0.9026667010772871, "p2": 6.362265019372471, "p3": 24.045806620017903, "p4": 21.104768921046553, "pol1": -0.15953152219399702, "pol2": -0.44933126376166466, "pol3": 0.7059901344328341, "pol4": 0.8592527332829598, "v0s": 6.36342092933015}, "datetime": {"datetime": "2022-04-29 18:07:50", "elapsed": 95783.374081, "delta": 16.255535}}
{"target": -1.0, "params": {"Bgrad": 1.2248769021042194, "d1": -1.9939462709239164, "d2": 0.6349781011431688, "d3": -1.9590811783215556, "d4": -1.833899820931773, "p1": 39.90905107456133, "p2": 26.147536288223964, "p3": 45.59328712642226, "p4": 49.32468264992232, "pol1": 0.3412181387166824, "pol2": 0.11963171503418968, "pol3": 0.14451218288782708, "pol4": 0.5588392240138982, "v0s": 2.9830167672887287}, "datetime": {"datetime": "2022-04-29 18:08:14", "elapsed": 95807.488603, "delta": 24.114522}}
{"target": -1.0, "params": {"Bgrad": 1.0139371737484733, "d1": 0.21797443793807592, "d2": 0.14548173623254668, "d3": -0.5098177959749575, "d4": -2.068164827415118, "p1": 6.641588995296521, "p2": 2.447182721843, "p3": 43.08565180954186, "p4": 46.34014531601529, "pol1": 0.017959185911434528, "pol2": -0.08389506518716994, "pol3": 0.3927951022041294, "pol4": 0.30041556379824863, "v0s": 3.523739035607852}, "datetime": {"datetime": "2022-04-29 18:08:39", "elapsed": 95832.515685, "delta": 25.027082}}
{"target": -1.0, "params": {"Bgrad": 1.1924597692264745, "d1": -2.204757845847026, "d2": -0.6914647497351627, "d3": -0.6482999767024125, "d4": -2.025948926918172, "p1": 8.281467944232379, "p2": 6.913458915609033, "p3": 28.657638413627502, "p4": 11.430986113199065, "pol1": 0.9545224807877213, "pol2": 0.9144783967323105, "pol3": -0.39107944497142944, "pol4": -0.48267309904946076, "v0s": 2.418539240086095}, "datetime": {"datetime": "2022-04-29 18:08:56", "elapsed": 95848.544826, "delta": 16.029141}}
{"target": -1.0, "params": {"Bgrad": 1.453127014722154, "d1": -1.945956175090196, "d2": -2.8944027120224964, "d3": -1.2881650562676779, "d4": -1.3374240198343457, "p1": 1.0234493332542893, "p2": 30.09548953612862, "p3": 24.44523915840595, "p4": 22.514696146902214, "pol1": -0.1641280224636621, "pol2": -0.5210184180515316, "pol3": -0.7614172994547619, "pol4": -0.015164197511852828, "v0s": 3.6434580371737377}, "datetime": {"datetime": "2022-04-29 18:09:27", "elapsed": 95880.023658, "delta": 31.478832}}
{"target": -1.0, "params": {"Bgrad": 1.5965081890824926, "d1": -2.0367498975630616, "d2": 0.2109721563647522, "d3": -1.603251595354887, "d4": -2.1916681353414944, "p1": 17.144159258280727, "p2": 42.75661353007843, "p3": 1.0852148126720917, "p4": 10.836344024911948, "pol1": 0.45158597830889624, "pol2": -0.9601019542422429, "pol3": 0.02076129998362153, "pol4": 0.2310389108915578, "v0s": 4.722524546392016}, "datetime": {"datetime": "2022-04-29 18:09:55", "elapsed": 95907.826319, "delta": 27.802661}}
{"target": 4.525822055612666, "params": {"Bgrad": 1.2375520517401317, "d1": -2.0466662923268117, "d2": 0.18655165246409222, "d3": -0.4960347232589992, "d4": -0.38072134674756963, "p1": 3.742581368232545, "p2": 1.4665350106605246, "p3": 40.96134410944964, "p4": 47.19938123108441, "pol1": -0.11532612666406128, "pol2": 0.6180237473999939, "pol3": 0.4891177788918637, "pol4": 0.41543303044004576, "v0s": 4.525822055612666}, "datetime": {"datetime": "2022-04-29 18:10:19", "elapsed": 95932.368697, "delta": 24.542378}}
{"target": -1.0, "params": {"Bgrad": 1.7787874735000389, "d1": -2.0014750427040253, "d2": -2.3097547407888346, "d3": -0.41700773506848643, "d4": -1.2699186542965175, "p1": 0.46908009803789397, "p2": 25.953127484986627, "p3": 17.321424056403963, "p4": 40.66160199423496, "pol1": 0.5169936592225208, "pol2": 0.48936709267020095, "pol3": -0.14815624138024175, "pol4": -0.6707826437136999, "v0s": 3.4809577571253696}, "datetime": {"datetime": "2022-04-29 18:10:47", "elapsed": 95959.987848, "delta": 27.619151}}
{"target": 2.05410412969332, "params": {"Bgrad": 1.3495276057850387, "d1": -2.2319731045142923, "d2": -2.530085730313198, "d3": -1.1431749755324465, "d4": 0.7144069900899258, "p1": 27.098315044961367, "p2": 9.089400986653922, "p3": 36.75115301564835, "p4": 5.403773635200026, "pol1": -0.8542897253592346, "pol2": -0.27799891508931, "pol3": 0.17416452756030168, "pol4": -0.5775855305443841, "v0s": 2.05410412969332}, "datetime": {"datetime": "2022-04-29 18:11:04", "elapsed": 95976.761997, "delta": 16.774149}}
{"target": -1.0, "params": {"Bgrad": 1.3974089695722351, "d1": -1.4268252107486559, "d2": 0.3355069228897847, "d3": -0.8852472072830535, "d4": -1.9996949102385706, "p1": 30.619949342708846, "p2": 30.48813461713806, "p3": 10.184053549313976, "p4": 7.963350106959638, "pol1": -0.6988772829591574, "pol2": -0.7550570888014738, "pol3": 0.8668009648961346, "pol4": -0.39621978480906117, "v0s": 3.546692154606652}, "datetime": {"datetime": "2022-04-29 18:11:27", "elapsed": 95999.762498, "delta": 23.000501}}
{"target": 2.708664386482569, "params": {"Bgrad": 0.7736847879500122, "d1": -2.0884939112406413, "d2": 0.18581096944048792, "d3": -2.061727042543065, "d4": -0.12346998800086517, "p1": 42.449533441463174, "p2": 42.8888095141037, "p3": 32.061856744314746, "p4": 16.079110140003632, "pol1": -0.483493683370922, "pol2": 0.5398097723370623, "pol3": -0.2754282125282459, "pol4": -0.11698926935828502, "v0s": 2.708664386482569}, "datetime": {"datetime": "2022-04-29 18:11:45", "elapsed": 96018.231116, "delta": 18.468618}}
{"target": -1.0, "params": {"Bgrad": 1.0112684061544892, "d1": -2.666848029060965, "d2": 0.4831332156072592, "d3": -1.7226615202982423, "d4": -2.5973597826576516, "p1": 36.47835533548813, "p2": 39.24355398070307, "p3": 22.173990307010243, "p4": 21.2474200239398, "pol1": -0.7276303192957441, "pol2": -0.11808053300009602, "pol3": -0.5716892186286144, "pol4": 0.34988921984873, "v0s": 5.908349634502069}, "datetime": {"datetime": "2022-04-29 18:12:21", "elapsed": 96053.552673, "delta": 35.321557}}
{"target": -1.0, "params": {"Bgrad": 1.046618972154269, "d1": 0.5627479563568301, "d2": 0.45681843531469646, "d3": -2.423408589735589, "d4": -0.5597169091129279, "p1": 0.6986165089809482, "p2": 32.678466463280046, "p3": 17.717307705638042, "p4": 12.271657890686955, "pol1": 0.8938331061138978, "pol2": -0.7096806854616531, "pol3": -0.18361579681730644, "pol4": -0.5111712306715177, "v0s": 4.044199787589466}, "datetime": {"datetime": "2022-04-29 18:12:44", "elapsed": 96077.164539, "delta": 23.611866}}
{"target": -1.0, "params": {"Bgrad": 1.0020963369572047, "d1": -0.6282675646793088, "d2": 0.7119400024345865, "d3": 0.1962898954217831, "d4": -0.6470676254649343, "p1": 25.84395171448273, "p2": 23.4343941602992, "p3": 9.002485185295106, "p4": 29.801464193203252, "pol1": -0.0944822327040753, "pol2": -0.06437400200272969, "pol3": 0.48980079690812883, "pol4": 0.3455593452900423, "v0s": 4.781120931642279}, "datetime": {"datetime": "2022-04-29 18:13:06", "elapsed": 96098.675024, "delta": 21.510485}}
{"target": -1.0, "params": {"Bgrad": 0.6478710336081586, "d1": -2.097186140560581, "d2": 0.055448737809342674, "d3": -0.18111228542105628, "d4": -2.732698416544877, "p1": 5.533847101087808, "p2": 14.182082379902173, "p3": 35.74400888046965, "p4": 3.296738224285778, "pol1": 0.020059375632628385, "pol2": -0.09990266993580166, "pol3": 0.15561106510130807, "pol4": 0.18733922072880693, "v0s": 3.83333710105056}, "datetime": {"datetime": "2022-04-29 18:13:34", "elapsed": 96126.836724, "delta": 28.1617}}
{"target": -1.0, "params": {"Bgrad": 1.472364603062504, "d1": -1.786380749434279, "d2": -0.12342623921413498, "d3": 0.0889681466251373, "d4": -2.226699639490859, "p1": 38.731553020143416, "p2": 14.346085023543132, "p3": 43.648221587322936, "p4": 20.816687555473063, "pol1": 0.618895552361606, "pol2": -0.7709142797347117, "pol3": 0.6466083866741279, "pol4": 0.8932785390113425, "v0s": 4.6962681404832}, "datetime": {"datetime": "2022-04-29 18:14:00", "elapsed": 96153.176297, "delta": 26.339573}}
{"target": -1.0, "params": {"Bgrad": 1.3870208278800356, "d1": -0.41854951974109644, "d2": 0.1509541474203666, "d3": -0.8863858895828449, "d4": -1.2684091051336157, "p1": 11.780697885945985, "p2": 1.4244040393909974, "p3": 49.26802746823192, "p4": 33.67135914429325, "pol1": -0.43416645272633536, "pol2": 0.3731936413265253, "pol3": 0.5858434559248542, "pol4": -0.2970026903611602, "v0s": 5.8093357388216775}, "datetime": {"datetime": "2022-04-29 18:14:27", "elapsed": 96179.834022, "delta": 26.657725}}
{"target": 4.242272973836768, "params": {"Bgrad": 1.3067021465239363, "d1": -0.021265266036292862, "d2": 0.3831727830163064, "d3": -2.206658033319912, "d4": -1.7500827078935237, "p1": 38.15389830114558, "p2": 26.339747810430133, "p3": 23.896340522094643, "p4": 33.58878779762684, "pol1": 0.3484038605514123, "pol2": 0.7900274057310966, "pol3": 0.5379502819036248, "pol4": -0.3991518778837478, "v0s": 4.242272973836768}, "datetime": {"datetime": "2022-04-29 18:14:44", "elapsed": 96197.012088, "delta": 17.178066}}
{"target": -1.0, "params": {"Bgrad": 0.7811501717883712, "d1": -2.177040503774148, "d2": -0.2581755283967633, "d3": 0.17578931838320688, "d4": -1.108211620415391, "p1": 15.748725408577718, "p2": 13.892063584883314, "p3": 30.688179924565812, "p4": 34.762279974280865, "pol1": -0.5433984843593123, "pol2": -0.30193969989067404, "pol3": 0.4852217071441236, "pol4": 0.2977150004361715, "v0s": 5.721495092830344}, "datetime": {"datetime": "2022-04-29 18:15:07", "elapsed": 96220.118308, "delta": 23.10622}}
{"target": -1.0, "params": {"Bgrad": 1.7229902526080845, "d1": 0.34463380036711255, "d2": 0.7034120634671317, "d3": -1.7543507594826266, "d4": -0.1200862797366784, "p1": 23.50491611833434, "p2": 26.835771487499194, "p3": 12.329129520628607, "p4": 38.00282071802605, "pol1": -0.22158672064345342, "pol2": -0.9519853114337542, "pol3": -0.5665285812409808, "pol4": 0.34424031018899415, "v0s": 4.64627416879657}, "datetime": {"datetime": "2022-04-29 18:15:34", "elapsed": 96247.20588, "delta": 27.087572}}
{"target": -1.0, "params": {"Bgrad": 1.621559012738651, "d1": -1.0507455791940021, "d2": 0.07261099159345141, "d3": -1.665068189715171, "d4": -0.22655902942224193, "p1": 1.7014746537312053, "p2": 7.918077446821192, "p3": 14.94978592779167, "p4": 19.42472045531593, "pol1": 0.15284013288404075, "pol2": 0.6439446707700294, "pol3": -0.046317033591172896, "pol4": 0.4334559478298232, "v0s": 4.371712546654732}, "datetime": {"datetime": "2022-04-29 18:15:59", "elapsed": 96272.110289, "delta": 24.904409}}
{"target": -1.0, "params": {"Bgrad": 1.9151509990458013, "d1": -0.38690969035485256, "d2": 0.49985574594280724, "d3": 0.05655113620103425, "d4": -2.100529036230968, "p1": 6.759548072556298, "p2": 0.5827051026532803, "p3": 39.88161620567251, "p4": 44.74757280608569, "pol1": -0.08189457677773793, "pol2": -0.2301534922358346, "pol3": 0.11416580129932341, "pol4": 0.4671155130675946, "v0s": 5.52816962240409}, "datetime": {"datetime": "2022-04-29 18:16:53", "elapsed": 96325.571345, "delta": 53.461056}}
{"target": -1.0, "params": {"Bgrad": 1.4489233613695114, "d1": -0.38245948317344913, "d2": 0.7172701276722737, "d3": -2.9646630242077188, "d4": -1.6320191743904018, "p1": 13.708425598590136, "p2": 20.140818978666037, "p3": 34.10180724803282, "p4": 33.811855544752476, "pol1": -0.7880257762056082, "pol2": 0.49536218135985166, "pol3": -0.42706687504277285, "pol4": -0.7258284485005799, "v0s": 5.162507149371614}, "datetime": {"datetime": "2022-04-29 18:17:18", "elapsed": 96350.850752, "delta": 25.279407}}
{"target": -1.0, "params": {"Bgrad": 0.6566758507100043, "d1": -2.1742651430942095, "d2": 0.014754688823658046, "d3": -2.053120866773463, "d4": 0.26547901152483844, "p1": 1.8213490967883939, "p2": 5.734684929242534, "p3": 24.048069334681678, "p4": 16.977090271411022, "pol1": -0.6853224713354107, "pol2": 0.2290690053690554, "pol3": 0.05786881784712805, "pol4": -0.7315004074550631, "v0s": 6.742047573569791}, "datetime": {"datetime": "2022-04-29 18:17:37", "elapsed": 96370.005536, "delta": 19.154784}}
{"target": -1.0, "params": {"Bgrad": 1.196407382069879, "d1": 0.6856910140684027, "d2": 0.24807950416512048, "d3": -0.7097303922527884, "d4": -0.014588745881807252, "p1": 23.63027193563293, "p2": 26.902869788711968, "p3": 14.346879154549264, "p4": 34.71509101596343, "pol1": 0.2807369391368897, "pol2": -0.3828191015552025, "pol3": 0.16158509722876513, "pol4": -0.12871764546358833, "v0s": 4.450553348141799}, "datetime": {"datetime": "2022-04-29 18:18:02", "elapsed": 96395.245049, "delta": 25.239513}}
{"target": -1.0, "params": {"Bgrad": 1.7579910906503147, "d1": -0.798020286089419, "d2": -0.2999752368223376, "d3": -1.2416211658043204, "d4": -0.5973884570806529, "p1": 5.6445301284632095, "p2": 0.5110688485162884, "p3": 41.14730617411587, "p4": 44.03944682736447, "pol1": -0.34621502661564696, "pol2": 0.003991029024530857, "pol3": 0.23976742966845221, "pol4": 0.9341720079301159, "v0s": 4.1019534674093245}, "datetime": {"datetime": "2022-04-29 18:18:26", "elapsed": 96418.626532, "delta": 23.381483}}
{"target": 4.84842920438212, "params": {"Bgrad": 1.6613941228130171, "d1": -2.189103526236033, "d2": -0.20512939372039352, "d3": -1.5024191493514243, "d4": -2.2849649348648238, "p1": 23.601023828681168, "p2": 24.207668319909548, "p3": 8.443596521463093, "p4": 33.94508716726655, "pol1": -0.22764882429114053, "pol2": -0.791724944071803, "pol3": 0.8640695034294379, "pol4": -0.8619342936462417, "v0s": 4.84842920438212}, "datetime": {"datetime": "2022-04-29 18:18:45", "elapsed": 96437.550931, "delta": 18.924399}}
{"target": -1.0, "params": {"Bgrad": 1.6539055231523252, "d1": -0.8601394384211645, "d2": 0.4060224951659519, "d3": -0.19774353880600515, "d4": 0.963221859021937, "p1": 43.18689656833104, "p2": 7.6294950778832025, "p3": 14.370407014957355, "p4": 4.630383657655518, "pol1": -0.2669163978423714, "pol2": -0.6062026257991198, "pol3": -0.7827351492601013, "pol4": 0.24444814519723423, "v0s": 4.719435156012224}, "datetime": {"datetime": "2022-04-29 18:19:08", "elapsed": 96460.856616, "delta": 23.305685}}
{"target": -1.0, "params": {"Bgrad": 1.0491213517542666, "d1": -0.7621044378800792, "d2": -0.9008260071887362, "d3": -1.4420039184221047, "d4": -0.43466545490625297, "p1": 36.40161315767272, "p2": 39.16258930370494, "p3": 22.14251229807736, "p4": 21.38125558008433, "pol1": 0.3058062138481008, "pol2": -0.2645856746730273, "pol3": -0.1699449098825616, "pol4": -0.27070408785708433, "v0s": 4.099730706955739}, "datetime": {"datetime": "2022-04-29 18:19:35", "elapsed": 96487.739736, "delta": 26.88312}}
{"target": -1.0, "params": {"Bgrad": 0.5289554662868046, "d1": -1.5568621071058235, "d2": -0.19371872223245523, "d3": -0.8112808669933567, "d4": -0.9649966936718588, "p1": 47.824272889395466, "p2": 44.86263875624565, "p3": 8.876132047133634, "p4": 23.013043150132933, "pol1": -0.41863492950370107, "pol2": 0.5825061863750052, "pol3": -0.1834177942638937, "pol4": 0.4529600497432964, "v0s": 4.0678008544861814}, "datetime": {"datetime": "2022-04-29 18:20:04", "elapsed": 96517.069314, "delta": 29.329578}}
{"target": -1.0, "params": {"Bgrad": 0.9239816063757713, "d1": -2.2378409648597137, "d2": -1.6066890130623852, "d3": -0.9862409566722601, "d4": -0.6430062134588228, "p1": 23.941548774375633, "p2": 26.15651010220825, "p3": 15.16129904053542, "p4": 36.2833452893991, "pol1": -0.8050216423137655, "pol2": 0.7892543355858344, "pol3": 0.29665353476859146, "pol4": 0.6402493148651194, "v0s": 4.963648558481566}, "datetime": {"datetime": "2022-04-29 18:20:35", "elapsed": 96548.180129, "delta": 31.110815}}
{"target": -1.0, "params": {"Bgrad": 0.5590313580143524, "d1": -1.4383683628694253, "d2": -0.20047496728552305, "d3": 0.7355479679851316, "d4": -2.5594503223965015, "p1": 31.085186134548405, "p2": 29.816053196995156, "p3": 8.199169219522402, "p4": 7.533330083612694, "pol1": -0.5728211634081555, "pol2": -0.9184569020406967, "pol3": 0.16467715610283085, "pol4": -0.30420909639026195, "v0s": 4.514999080288083}, "datetime": {"datetime": "2022-04-29 18:20:53", "elapsed": 96566.435318, "delta": 18.255189}}
{"target": 2.201191428465239, "params": {"Bgrad": 1.917899506315018, "d1": -1.0367270865665508, "d2": 0.9603937016540927, "d3": -1.271301072863027, "d4": -1.9132312409235235, "p1": 45.328654595845634, "p2": 1.733457104175412, "p3": 47.33660665714643, "p4": 27.612962173711, "pol1": -0.37843550429839, "pol2": 1.0, "pol3": -1.0, "pol4": -0.11349545581682272, "v0s": 2.201191428465239}, "datetime": {"datetime": "2022-04-29 18:21:14", "elapsed": 96586.685174, "delta": 20.249856}}
{"target": 4.275674370267231, "params": {"Bgrad": 1.4310915530477963, "d1": -2.732659994615455, "d2": -0.40308005870249985, "d3": -1.5165576576484106, "d4": -1.9642399254062846, "p1": 0.2759902408811521, "p2": 34.811479626753, "p3": 17.10777795632023, "p4": 10.967964390211748, "pol1": 0.9976641356898373, "pol2": 0.6368665153446562, "pol3": 0.33242598559176373, "pol4": -0.07565819412725916, "v0s": 4.275674370267231}, "datetime": {"datetime": "2022-04-29 18:21:37", "elapsed": 96609.793387, "delta": 23.108213}}
