{"target": -1.0, "params": {"Bgrad": 1.1057730277581626, "d1": -0.87252954831941, "d2": -1.4303203085191303, "d3": -2.633272092978012, "d4": -2.323835023740068, "p1": 5.207906705285209, "p2": 39.699389641362224, "p3": 6.0312639511222175, "p4": 27.75989108425575, "pol1": -0.36675286842229404, "pol2": 0.8928708648172832, "pol3": 0.2762418450928048, "pol4": 0.9543922725002971, "v0s": 2.9606496520855163}, "datetime": {"datetime": "2022-06-16 01:14:38", "elapsed": 256325.415661, "delta": 20.025475}}
{"target": 4.7642540583314075, "params": {"Bgrad": 0.8477654458936603, "d1": -1.5294513809069863, "d2": 0.7835256918734719, "d3": -2.1383994508717796, "d4": 0.009245444813232861, "p1": 39.844968187658644, "p2": 24.50932312349029, "p3": 43.480746582136824, "p4": 49.17251323692347, "pol1": -0.09770976196506553, "pol2": 0.31048029489130635, "pol3": -0.673555480126047, "pol4": -0.10502780398346667, "v0s": 4.7642540583314075}, "datetime": {"datetime": "2022-06-16 01:14:46", "elapsed": 256333.387354, "delta": 7.971693}}
{"target": -1.0, "params": {"Bgrad": 1.0215520328744705, "d1": -1.1020738882382282, "d2": -0.46532363782846353, "d3": -0.35325358669751106, "d4": 0.2567237976224428, "p1": 22.542166018838895, "p2": 17.21423342459138, "p3": 11.810942585788004, "p4": 20.1720817586315, "pol1": 0.40912992541810933, "pol2": -0.9081816812288486, "pol3": -0.26698137088376805, "pol4": -0.865476684322039, "v0s": 5.4786912314911635}, "datetime": {"datetime": "2022-06-16 01:15:07", "elapsed": 256354.428116, "delta": 21.040762}}
{"target": -1.0, "params": {"Bgrad": 0.6052266457108797, "d1": -0.21141769528042698, "d2": -2.1291921383520713, "d3": -0.157761414447525, "d4": -0.7689711219747708, "p1": 40.649737687792246, "p2": 6.615531565415744, "p3": 38.043279204011235, "p4": 29.100931149871528, "pol1": -0.12196820030244715, "pol2": 0.3323788206689595, "pol3": 0.5413139092119119, "pol4": 0.006429269726127229, "v0s": 3.644002279770034}, "datetime": {"datetime": "2022-06-16 01:15:18", "elapsed": 256365.866543, "delta": 11.438427}}
{"target": 2.9167783400592215, "params": {"Bgrad": 0.6129238688393163, "d1": -0.1133642407037847, "d2": -1.283681133237459, "d3": -2.1395472775364923, "d4": -0.6906441609903973, "p1": 44.29866754131616, "p2": 45.56262481800642, "p3": 26.588607643841456, "p4": 43.89222216950559, "pol1": 0.1872097994002313, "pol2": 0.7082970673727655, "pol3": -0.07862258893056473, "pol4": -0.4699970179034101, "v0s": 2.9167783400592215}, "datetime": {"datetime": "2022-06-16 01:15:26", "elapsed": 256373.777399, "delta": 7.910856}}
{"target": -1.0, "params": {"Bgrad": 0.9356833690103569, "d1": -0.11157710837273482, "d2": -0.9117292639274903, "d3": -1.8763851891218328, "d4": -1.9014460338297807, "p1": 7.281003493920135, "p2": 20.479278536556166, "p3": 25.32642910986336, "p4": 47.73500296711028, "pol1": -0.021078584764908648, "pol2": 0.5243596540158628, "pol3": 0.25445446339745414, "pol4": 0.03933656928405682, "v0s": 4.094895747013091}, "datetime": {"datetime": "2022-06-16 01:15:44", "elapsed": 256391.078157, "delta": 17.300758}}
{"target": -1.0, "params": {"Bgrad": 1.3423697721005832, "d1": 0.14136756802470352, "d2": -2.3485589593523657, "d3": 0.18810242144850697, "d4": 0.368355722622979, "p1": 38.42742480424172, "p2": 41.69709197322719, "p3": 35.945372198463126, "p4": 30.440996675686215, "pol1": 0.10983206429720771, "pol2": 0.005880915250645824, "pol3": -0.2663566836799873, "pol4": 0.4518724198141555, "v0s": 6.499536922197077}, "datetime": {"datetime": "2022-06-16 01:16:01", "elapsed": 256409.038153, "delta": 17.959996}}
{"target": -1.0, "params": {"Bgrad": 1.1546400302022404, "d1": -0.04381693681160792, "d2": 0.3008922266736689, "d3": 0.2600843140486564, "d4": -1.3815689797787378, "p1": 18.651029673732843, "p2": 35.55813458566154, "p3": 46.56355161705898, "p4": 18.79448958414509, "pol1": 0.9836593734785097, "pol2": 0.5407478259408729, "pol3": -0.8536108700734955, "pol4": 0.19857308268323037, "v0s": 6.513890967645992}, "datetime": {"datetime": "2022-06-16 01:16:18", "elapsed": 256425.884126, "delta": 16.845973}}
{"target": -1.0, "params": {"Bgrad": 1.4141717434252208, "d1": -0.9363613966213293, "d2": -2.6889348571856577, "d3": -0.20722769118284123, "d4": -2.4597581258277312, "p1": 35.60854547210832, "p2": 16.50118541241998, "p3": 48.272359351174444, "p4": 2.920102074082992, "pol1": 0.2660720522227893, "pol2": 0.8300004383075426, "pol3": -0.3501572627464917, "pol4": -0.06961673470439322, "v0s": 3.3810621751173127}, "datetime": {"datetime": "2022-06-16 01:16:45", "elapsed": 256452.304509, "delta": 26.420383}}
{"target": -1.0, "params": {"Bgrad": 1.4834406188747171, "d1": -0.8576956965792659, "d2": -0.16570112530939118, "d3": -0.47219724333919455, "d4": 0.9899218138120931, "p1": 25.041329800263, "p2": 13.462866726018852, "p3": 21.043686877848234, "p4": 21.08015527722348, "pol1": 0.7629768923750233, "pol2": 0.17682208905183883, "pol3": 0.3755845089363796, "pol4": 0.943187847282331, "v0s": 6.839174415195375}, "datetime": {"datetime": "2022-06-16 01:17:01", "elapsed": 256468.739581, "delta": 16.435072}}
{"target": -1.0, "params": {"Bgrad": 0.8393466157019269, "d1": -0.7232036412792113, "d2": -2.262169001274179, "d3": 0.6457423559318842, "d4": 0.6358789098842661, "p1": 43.022267634982555, "p2": 31.296505277750303, "p3": 8.642140293807499, "p4": 44.86683491358037, "pol1": 0.7321691596874396, "pol2": 0.3338849964897521, "pol3": -0.9732321756572286, "pol4": -0.7317461110318011, "v0s": 3.577289077378124}, "datetime": {"datetime": "2022-06-16 01:17:15", "elapsed": 256482.715226, "delta": 13.975645}}
{"target": -1.0, "params": {"Bgrad": 1.294813356163009, "d1": -0.18366530981731932, "d2": -2.496333701638671, "d3": -0.7397802813245216, "d4": -2.343555564835399, "p1": 25.549581338841787, "p2": 4.510146374422053, "p3": 47.41405986122137, "p4": 13.862139102913396, "pol1": -0.15099416928062603, "pol2": -0.9567548715483916, "pol3": -0.874324186602575, "pol4": -0.4677045356981351, "v0s": 5.438875994955367}, "datetime": {"datetime": "2022-06-16 01:17:32", "elapsed": 256499.912263, "delta": 17.197037}}
{"target": -1.0, "params": {"Bgrad": 1.2282480858315263, "d1": -1.4685159896575462, "d2": -2.3643078561473123, "d3": -1.1375629405180887, "d4": 0.016855110368303894, "p1": 4.017470567335291, "p2": 13.968886563432854, "p3": 39.44366977294169, "p4": 41.96477206075578, "pol1": 0.3728388184141782, "pol2": 0.16045904539442524, "pol3": -0.5999779734199915, "pol4": -0.32169811493523337, "v0s": 7.848500853625581}, "datetime": {"datetime": "2022-06-16 01:17:55", "elapsed": 256522.136859, "delta": 22.224596}}
{"target": -1.0, "params": {"Bgrad": 1.1978859599086018, "d1": 0.07774233743933534, "d2": -1.2639742950379818, "d3": 0.5267151177069871, "d4": -1.9824475540321096, "p1": 13.750830882966818, "p2": 34.45709917454457, "p3": 7.63987226030432, "p4": 49.81344545552541, "pol1": 0.9522031255775825, "pol2": 0.7746417493889837, "pol3": 0.4746559843608944, "pol4": 0.9429940626421749, "v0s": 7.351362084680053}, "datetime": {"datetime": "2022-06-16 01:18:13", "elapsed": 256540.120791, "delta": 17.983932}}
{"target": -1.0, "params": {"Bgrad": 0.8169261631962715, "d1": 0.42364152672593214, "d2": -0.4563951042680974, "d3": -1.6768898490119173, "d4": -0.06210411166043972, "p1": 18.202320301328655, "p2": 8.244260426930051, "p3": 39.74895453958143, "p4": 5.0073459823582525, "pol1": 0.3691064079796198, "pol2": 0.16321839524596493, "pol3": 0.7201909065450465, "pol4": -0.8236617646038353, "v0s": 2.477632128165037}, "datetime": {"datetime": "2022-06-16 01:18:25", "elapsed": 256552.805886, "delta": 12.685095}}
{"target": -1.0, "params": {"Bgrad": 1.73835440569659, "d1": -1.3760226045491617, "d2": 0.5609548345769819, "d3": 0.27269202128729386, "d4": -1.9693837994328285, "p1": 34.96394525093439, "p2": 23.580148816768638, "p3": 9.275070331623098, "p4": 29.21891946688806, "pol1": 0.2692930046761317, "pol2": -0.5290245327815408, "pol3": -0.09682381733471268, "pol4": 0.3567125339329309, "v0s": 2.7073800898623674}, "datetime": {"datetime": "2022-06-16 01:18:47", "elapsed": 256574.996574, "delta": 22.190688}}
{"target": -1.0, "params": {"Bgrad": 1.2081491090231273, "d1": -1.512723491145585, "d2": -0.43770019217109635, "d3": 0.06421473690075974, "d4": -1.2446092700791054, "p1": 12.436809048655928, "p2": 23.845425781217394, "p3": 49.23600431339611, "p4": 6.375093540971349, "pol1": 0.1789687593670446, "pol2": 0.6432676396960137, "pol3": 0.9409922603619834, "pol4": -0.7486593822775329, "v0s": 5.600216692751065}, "datetime": {"datetime": "2022-06-16 01:19:14", "elapsed": 256601.261373, "delta": 26.264799}}
{"target": -1.0, "params": {"Bgrad": 0.742538706805334, "d1": -2.924370968473642, "d2": -0.12760367677459516, "d3": -2.0469257770294256, "d4": -0.49828885313939075, "p1": 33.848611741813286, "p2": 42.24510705416225, "p3": 22.17357098317348, "p4": 35.4508939386165, "pol1": 0.7564373279118888, "pol2": -0.25654516931980087, "pol3": 0.9820284640883257, "pol4": 0.3634424907110305, "v0s": 5.414646420798629}, "datetime": {"datetime": "2022-06-16 01:19:28", "elapsed": 256615.326778, "delta": 14.065405}}
{"target": -1.0, "params": {"Bgrad": 1.9162443327855796, "d1": -0.3414544014071006, "d2": -2.94446876384531, "d3": -2.084909904583736, "d4": -0.049471416547208324, "p1": 30.644859037173806, "p2": 46.02660416423673, "p3": 0.347509658990125, "p4": 26.043933780470148, "pol1": -0.8184548696677867, "pol2": -0.4614630149301011, "pol3": 0.5855056457865302, "pol4": -0.9447819846356227, "v0s": 3.727724008614496}, "datetime": {"datetime": "2022-06-16 01:19:45", "elapsed": 256632.640502, "delta": 17.313724}}
{"target": -1.0, "params": {"Bgrad": 0.5305978202805803, "d1": 0.19071223778385216, "d2": -1.5454019288197323, "d3": -0.8970621952225541, "d4": -1.7135266465183046, "p1": 33.942410941370106, "p2": 22.22361398960922, "p3": 13.17628295536925, "p4": 12.072223014891481, "pol1": 0.5940171093812814, "pol2": -0.15327254043023242, "pol3": 0.9703398617201253, "pol4": 0.5530347790136898, "v0s": 5.071277960928114}, "datetime": {"datetime": "2022-06-16 01:19:57", "elapsed": 256644.558646, "delta": 11.918144}}
{"target": -1.0, "params": {"Bgrad": 0.7883058849432698, "d1": 0.6030272835944985, "d2": 0.9617527645266462, "d3": -0.7051330501198718, "d4": -1.2458031798420497, "p1": 34.7252685594305, "p2": 27.817812079585813, "p3": 18.691374125597303, "p4": 41.328391644687, "pol1": 0.8088168928312502, "pol2": 0.37163953593465937, "pol3": 0.10835318393125637, "pol4": 0.4810002902378776, "v0s": 5.4301448642916785}, "datetime": {"datetime": "2022-06-16 01:20:11", "elapsed": 256658.449518, "delta": 13.890872}}
{"target": -1.0, "params": {"Bgrad": 1.6263912858512568, "d1": -2.7969976517885646, "d2": -2.0395232795282534, "d3": 0.5172541537127677, "d4": -2.1827510177232288, "p1": 18.10990276805874, "p2": 0.4769128654724175, "p3": 36.19684090411709, "p4": 34.32190370112476, "pol1": -0.2718141020906657, "pol2": -0.8546495530066722, "pol3": 0.35033085394394625, "pol4": 0.2734414714675628, "v0s": 2.0760284142152665}, "datetime": {"datetime": "2022-06-16 01:20:36", "elapsed": 256683.391852, "delta": 24.942334}}
{"target": -1.0, "params": {"Bgrad": 0.6048439275176336, "d1": -0.35001192992420904, "d2": -1.8179188372299477, "d3": -0.02220310806072545, "d4": -1.156430882029218, "p1": 25.422094120861686, "p2": 13.13384261127296, "p3": 47.582716521685306, "p4": 2.559139683800998, "pol1": 0.5181080214097309, "pol2": 0.4793425677749119, "pol3": -0.07887818979403982, "pol4": -0.6148954270102709, "v0s": 3.306884933751647}, "datetime": {"datetime": "2022-06-16 01:20:49", "elapsed": 256696.607529, "delta": 13.215677}}
{"target": -1.0, "params": {"Bgrad": 0.8542183497365403, "d1": -2.493581544750031, "d2": -0.5512609820684169, "d3": -1.7808019129781116, "d4": -2.1296210225618584, "p1": 47.72776180156077, "p2": 26.699248410016246, "p3": 22.17689599950511, "p4": 28.117850756760742, "pol1": 0.6334728883480769, "pol2": 0.5018561145343061, "pol3": 0.8895320221398375, "pol4": -0.5266464158651145, "v0s": 7.291401967728233}, "datetime": {"datetime": "2022-06-16 01:21:05", "elapsed": 256713.044596, "delta": 16.437067}}
{"target": -1.0, "params": {"Bgrad": 0.5882930048043593, "d1": -0.7307450386438332, "d2": -1.8379687877692312, "d3": -2.4531186729292545, "d4": -0.36274698372200964, "p1": 24.793214315695185, "p2": 47.591889145174996, "p3": 9.348507595102685, "p4": 41.045899029255246, "pol1": 0.6859173644634022, "pol2": -0.14748424589898046, "pol3": -0.08167860990378806, "pol4": 0.3684571426114738, "v0s": 2.1901295952244677}, "datetime": {"datetime": "2022-06-16 01:21:16", "elapsed": 256723.314147, "delta": 10.269551}}
{"target": -1.0, "params": {"Bgrad": 0.950408081366191, "d1": -0.4495982427790488, "d2": -0.7432428539668954, "d3": -2.5909639902452506, "d4": 0.1464657553281814, "p1": 48.85126776677266, "p2": 3.4290594602391424, "p3": 38.18101384072873, "p4": 3.1033635431437725, "pol1": -0.43798304756136375, "pol2": 0.6768873130634354, "pol3": 0.4970056505028879, "pol4": -0.6934291934339081, "v0s": 4.362774939973288}, "datetime": {"datetime": "2022-06-16 01:21:34", "elapsed": 256741.156457, "delta": 17.84231}}
{"target": 2.6256329390704973, "params": {"Bgrad": 1.3005304895452579, "d1": -0.20586991934558663, "d2": -1.4636288873126801, "d3": -0.7249920593017558, "d4": 0.6216950941911445, "p1": 27.877356982631067, "p2": 15.678893459420879, "p3": 36.687062815345236, "p4": 15.918753815982079, "pol1": 0.5734655571261014, "pol2": -0.3713579344596878, "pol3": 0.27687872001965386, "pol4": 0.49183550180195623, "v0s": 2.6256329390704973}, "datetime": {"datetime": "2022-06-16 01:21:48", "elapsed": 256755.550983, "delta": 14.394526}}
{"target": -1.0, "params": {"Bgrad": 1.403785700777178, "d1": -0.5017816301502034, "d2": -1.5013606874561534, "d3": -0.7888891806110774, "d4": -2.0632626466574493, "p1": 14.834967965716238, "p2": 8.603331042113533, "p3": 46.787824122094285, "p4": 26.76181164775589, "pol1": -0.16246801988907378, "pol2": 0.7517471876300774, "pol3": -0.2757578397940357, "pol4": -0.048102199039874005, "v0s": 6.370759466338636}, "datetime": {"datetime": "2022-06-16 01:22:07", "elapsed": 256774.306852, "delta": 18.755869}}
{"target": -1.0, "params": {"Bgrad": 1.9229378431783875, "d1": -0.596140115057568, "d2": -1.2297377789313355, "d3": 0.03661567477231609, "d4": 0.10038852548611166, "p1": 29.746244575413343, "p2": 26.66694525660051, "p3": 20.68800874778184, "p4": 15.01025322538878, "pol1": -0.04381338487969244, "pol2": 0.6647993859947214, "pol3": 0.36151690015457794, "pol4": 0.7741091217818667, "v0s": 3.477389225709532}, "datetime": {"datetime": "2022-06-16 01:22:27", "elapsed": 256794.14383, "delta": 19.836978}}
{"target": -1.0, "params": {"Bgrad": 1.2279137519797585, "d1": -1.2962907653408329, "d2": -1.939469944021806, "d3": 0.7654019526563824, "d4": -2.1754969834051305, "p1": 43.615161261255636, "p2": 0.03096322552184616, "p3": 48.150557319764346, "p4": 20.792498192400828, "pol1": 0.08879541045677808, "pol2": 0.655453191875248, "pol3": -0.7950243415316429, "pol4": 0.27396158321141906, "v0s": 4.692547557829609}, "datetime": {"datetime": "2022-06-16 01:22:47", "elapsed": 256814.698891, "delta": 20.555061}}
{"target": -1.0, "params": {"Bgrad": 1.5918203911374256, "d1": -0.6272743505135727, "d2": -0.0893722238151029, "d3": 0.30088124294397955, "d4": -2.3652586199850365, "p1": 35.053526903615165, "p2": 48.66556160027457, "p3": 3.0645493339583387, "p4": 46.092370129596084, "pol1": 0.18249028695742853, "pol2": -0.48256862136610024, "pol3": -0.6046506779585876, "pol4": -0.6870627278737589, "v0s": 6.711736222098584}, "datetime": {"datetime": "2022-06-16 01:23:04", "elapsed": 256831.214747, "delta": 16.515856}}
{"target": 3.829587898139339, "params": {"Bgrad": 1.9564894049364185, "d1": -1.8074412110364393, "d2": -0.19750380035402326, "d3": -2.8277483495145597, "d4": -1.3189125249698241, "p1": 17.37001089744054, "p2": 38.1518398948118, "p3": 22.902121922113984, "p4": 27.354061167272114, "pol1": 0.9660585507876842, "pol2": 0.9708053731095947, "pol3": -0.6478785977937349, "pol4": -0.5734294802823436, "v0s": 3.829587898139339}, "datetime": {"datetime": "2022-06-16 01:23:15", "elapsed": 256842.162486, "delta": 10.947739}}
{"target": 2.877932885898133, "params": {"Bgrad": 1.0263900688191117, "d1": -2.9066458462129714, "d2": -0.6216889380687367, "d3": 0.09558677583740405, "d4": -1.9562470790623099, "p1": 14.745885252037905, "p2": 8.768702339231826, "p3": 2.2663550653216067, "p4": 4.627809029317731, "pol1": -0.5987377644946252, "pol2": 0.1675399309771688, "pol3": 0.5018145583879536, "pol4": 0.3580251649553936, "v0s": 2.877932885898133}, "datetime": {"datetime": "2022-06-16 01:23:36", "elapsed": 256863.701913, "delta": 21.539427}}
{"target": -1.0, "params": {"Bgrad": 1.0257818969380184, "d1": -2.4103714618817906, "d2": 0.6780852661021091, "d3": -0.614123967478176, "d4": 0.7907135353229617, "p1": 5.288283514325909, "p2": 17.788839995153864, "p3": 1.6523426689851073, "p4": 31.941232267965947, "pol1": 0.45050753794190146, "pol2": -0.06289973463457521, "pol3": 0.2106181135526881, "pol4": -0.17951983361304946, "v0s": 6.3965083016784}, "datetime": {"datetime": "2022-06-16 01:23:57", "elapsed": 256884.975054, "delta": 21.273141}}
{"target": 2.7998884918370806, "params": {"Bgrad": 1.9559923910891843, "d1": -0.5355322397474769, "d2": -0.707081582505523, "d3": -0.13047045887169206, "d4": -1.408054055216939, "p1": 22.16566402575861, "p2": 17.86116515858262, "p3": 14.759702172008721, "p4": 3.94191280478976, "pol1": 0.41642661510676815, "pol2": -0.6927649765180544, "pol3": -0.11304626028697196, "pol4": -0.009155691254077558, "v0s": 2.7998884918370806}, "datetime": {"datetime": "2022-06-16 01:24:08", "elapsed": 256895.305443, "delta": 10.330389}}
{"target": -1.0, "params": {"Bgrad": 1.670685107146567, "d1": -2.537607906085499, "d2": -2.376861948810566, "d3": 0.5348111939911151, "d4": 0.36531813871170904, "p1": 20.10276387269931, "p2": 0.5771132224605569, "p3": 34.98839437370084, "p4": 15.906039939173194, "pol1": -0.0010455845707724176, "pol2": 0.851701562243709, "pol3": -0.6070570982996799, "pol4": -0.5099381033878458, "v0s": 4.394019512055738}, "datetime": {"datetime": "2022-06-16 01:24:30", "elapsed": 256917.742472, "delta": 22.437029}}
{"target": -1.0, "params": {"Bgrad": 1.7574966292996728, "d1": -1.3330875132153648, "d2": -2.4641157478781355, "d3": -1.450571494438356, "d4": -0.2562403772945254, "p1": 0.2782402140278972, "p2": 23.84029460512369, "p3": 23.6996723670406, "p4": 38.580409499201565, "pol1": -0.30738714812299395, "pol2": 0.7939841477160343, "pol3": 0.11639974424603694, "pol4": 0.20571269320231855, "v0s": 2.65780808839952}, "datetime": {"datetime": "2022-06-16 01:24:39", "elapsed": 256926.127062, "delta": 8.38459}}
{"target": -1.0, "params": {"Bgrad": 0.5220039663084656, "d1": 0.07861051787790885, "d2": -2.5799813827545695, "d3": -2.1994411963885945, "d4": -2.007718514813032, "p1": 36.26272648595318, "p2": 34.022678001526515, "p3": 31.08992006633101, "p4": 11.613252193525037, "pol1": -0.5680349664572406, "pol2": -0.2025402781449943, "pol3": 0.8654099080459294, "pol4": 0.9615823525671945, "v0s": 3.7919901078348683}, "datetime": {"datetime": "2022-06-16 01:24:59", "elapsed": 256946.545488, "delta": 20.418426}}
{"target": -1.0, "params": {"Bgrad": 1.6338505045043448, "d1": 0.44061840117409323, "d2": -1.46321861167928, "d3": -2.849955314918071, "d4": -2.37216383096971, "p1": 16.417791985089465, "p2": 6.126804727434321, "p3": 11.028813425398793, "p4": 12.004771127737474, "pol1": 0.33062064921308765, "pol2": 0.17268702422541504, "pol3": -0.052343762992309806, "pol4": -0.5544807009765862, "v0s": 3.5516011888342014}, "datetime": {"datetime": "2022-06-16 01:26:31", "elapsed": 257038.960477, "delta": 92.414989}}
{"target": -1.0, "params": {"Bgrad": 0.7564242046433332, "d1": 0.3165435101313916, "d2": 0.7000009048431104, "d3": 0.4045903883730091, "d4": -0.8644587123747169, "p1": 16.283683540234044, "p2": 19.258714904627457, "p3": 48.12231979636311, "p4": 19.966512613548183, "pol1": 0.4327343950580016, "pol2": -0.7925417854589003, "pol3": -0.1800019960146617, "pol4": -0.5407316524729779, "v0s": 4.816578489284706}, "datetime": {"datetime": "2022-06-16 01:26:47", "elapsed": 257054.424146, "delta": 15.463669}}
{"target": -1.0, "params": {"Bgrad": 0.5697702874732207, "d1": 0.6602086400241123, "d2": -1.729573119253426, "d3": -1.669307506950937, "d4": 0.12127045814407067, "p1": 22.517588120754574, "p2": 34.516134150144865, "p3": 4.985466716923287, "p4": 32.657114531517905, "pol1": 0.12381105340579723, "pol2": 0.9533448827594697, "pol3": 0.5939870149863693, "pol4": 0.7737633818586787, "v0s": 5.170553346467502}, "datetime": {"datetime": "2022-06-16 01:26:59", "elapsed": 257066.468952, "delta": 12.044806}}
{"target": 2.2189387878225437, "params": {"Bgrad": 1.699134227620081, "d1": -0.8822328796306684, "d2": -2.151600328379018, "d3": 0.5900157929858456, "d4": -0.48254577479142036, "p1": 44.00191000498945, "p2": 3.1254533021525086, "p3": 3.3561474505575895, "p4": 32.81297150265982, "pol1": -0.5413702314807443, "pol2": 0.895505578641024, "pol3": 0.3046659372626872, "pol4": -0.15892980182651373, "v0s": 2.2189387878225437}, "datetime": {"datetime": "2022-06-16 01:27:12", "elapsed": 257079.608831, "delta": 13.139879}}
{"target": -1.0, "params": {"Bgrad": 0.6682151307024817, "d1": -1.9459976560298977, "d2": -1.7658974863610628, "d3": -1.616898587177574, "d4": -1.8506614908383088, "p1": 3.70264602750619, "p2": 30.071616133625724, "p3": 43.83988138513708, "p4": 39.46890553420637, "pol1": 0.04465208076278637, "pol2": 0.92086929643808, "pol3": -0.17320997711500596, "pol4": 0.4740135965240986, "v0s": 7.632643778518552}, "datetime": {"datetime": "2022-06-16 01:27:23", "elapsed": 257090.862754, "delta": 11.253923}}
