{"target": 3.98355140505057, "params": {"Bgrad": 2.0, "d1": -2.470099644135025, "d2": -3.0, "d3": -0.5792559392871058, "d4": -1.1656027162295965, "p1": 8.36665255275464, "p2": 33.9200918320906, "p3": 1.1899328060337018, "p4": 26.46197385718872, "pol1": -1.0, "pol2": -1.0, "pol3": 0.3477165863749812, "pol4": -0.9572216818777229, "v0s": 3.98355140505057}, "datetime": {"datetime": "2022-04-29 19:38:29", "elapsed": 101222.329306, "delta": 23.021445}}
{"target": 3.304811774394427, "params": {"Bgrad": 1.8261212378087228, "d1": -1.1986219226361419, "d2": -0.24873688988596696, "d3": 0.789984491299103, "d4": -1.6761011524124523, "p1": 22.660747911204794, "p2": 26.687581031138574, "p3": 1.4526256129804203, "p4": 46.01367295396168, "pol1": -0.25022135369808735, "pol2": 0.919801904893738, "pol3": 0.5961978065864971, "pol4": 0.44862279375953595, "v0s": 3.304811774394427}, "datetime": {"datetime": "2022-04-29 19:38:51", "elapsed": 101244.509002, "delta": 22.179696}}
{"target": 3.32536245289808, "params": {"Bgrad": 1.042237075659899, "d1": -1.7549794561799086, "d2": -0.5328506780657194, "d3": -1.340814616485769, "d4": 0.6649017302445173, "p1": 10.708416093773183, "p2": 39.19880128332407, "p3": 31.5073270156414, "p4": 7.056057751104866, "pol1": -0.7868835512174659, "pol2": 0.6473677272716756, "pol3": 0.18718849480797006, "pol4": 0.8877116955485347, "v0s": 3.32536245289808}, "datetime": {"datetime": "2022-04-29 19:39:22", "elapsed": 101274.78106, "delta": 30.272058}}
{"target": -1.0, "params": {"Bgrad": 0.6257611158118375, "d1": -2.440786856142489, "d2": 0.2676375168100691, "d3": 0.7086569438769152, "d4": -0.6102963099694985, "p1": 17.01309070893023, "p2": 15.956200499111661, "p3": 33.22086798180731, "p4": 34.965901745910145, "pol1": -0.48274954814996374, "pol2": -0.302095863745824, "pol3": 0.47859628934626275, "pol4": -0.19173774832163804, "v0s": 6.235430671680901}, "datetime": {"datetime": "2022-04-29 19:39:56", "elapsed": 101308.717321, "delta": 33.936261}}
{"target": -1.0, "params": {"Bgrad": 1.425993147977327, "d1": -2.661062913105339, "d2": -0.12284388520132072, "d3": -1.3913475857123325, "d4": -1.040655850217933, "p1": 47.710095202470974, "p2": 26.52330021717694, "p3": 21.995621020418564, "p4": 3.3804274838675266, "pol1": 0.6260285100819634, "pol2": -0.9846491593224143, "pol3": 0.743975658258766, "pol4": 0.6891392959032996, "v0s": 3.731971921514847}, "datetime": {"datetime": "2022-04-29 19:40:16", "elapsed": 101328.792643, "delta": 20.075322}}
{"target": -1.0, "params": {"Bgrad": 0.9332445347558009, "d1": 0.665580802473595, "d2": -0.26192051890553136, "d3": 0.6646994760230349, "d4": -0.13165531280943155, "p1": 26.001202176437204, "p2": 21.146518576074502, "p3": 35.782850229788146, "p4": 9.29081079421864, "pol1": 0.5278976838300249, "pol2": -0.20277744809289944, "pol3": 0.6200083376336356, "pol4": -0.91528973150967, "v0s": 2.0579932037921425}, "datetime": {"datetime": "2022-04-29 19:40:44", "elapsed": 101356.982269, "delta": 28.189626}}
{"target": -1.0, "params": {"Bgrad": 1.9627492826816926, "d1": -2.532221820922959, "d2": -1.2964732410535564, "d3": -1.2286290067235024, "d4": -2.9760957017038994, "p1": 20.515482535169134, "p2": 38.320066773566076, "p3": 19.122070443863503, "p4": 28.6833228131131, "pol1": -0.6221034896000543, "pol2": -0.48542357469078357, "pol3": -0.17209449988823788, "pol4": 0.3014074310533579, "v0s": 4.845527517863417}, "datetime": {"datetime": "2022-04-29 19:41:16", "elapsed": 101388.70046, "delta": 31.718191}}
{"target": 4.129924172896873, "params": {"Bgrad": 1.9590133008320705, "d1": -1.6295678854764206, "d2": 0.6285445381784694, "d3": -1.1328830961383605, "d4": -2.163762766050897, "p1": 1.581269786175589, "p2": 45.88327665185351, "p3": 48.20571047150106, "p4": 35.6945638082942, "pol1": -0.09730544474167349, "pol2": 0.5139582246365729, "pol3": 0.6575650405070234, "pol4": 0.05411812038432365, "v0s": 4.129924172896873}, "datetime": {"datetime": "2022-04-29 19:41:37", "elapsed": 101410.204961, "delta": 21.504501}}
{"target": 4.442687203381995, "params": {"Bgrad": 1.976708373271868, "d1": -2.6850325462586087, "d2": -0.0004190588697579045, "d3": -1.3748220038208339, "d4": -2.3021543525334955, "p1": 23.35961995320648, "p2": 23.32792218715789, "p3": 9.8728964117958, "p4": 35.574007095297574, "pol1": -0.44255738339859896, "pol2": 0.4160272418256614, "pol3": 0.5171212451831908, "pol4": 0.3662438629728164, "v0s": 4.442687203381995}, "datetime": {"datetime": "2022-04-29 19:42:05", "elapsed": 101437.547851, "delta": 27.34289}}
{"target": -1.0, "params": {"Bgrad": 1.588529472005413, "d1": -2.0981899161358806, "d2": -2.3060654672017815, "d3": 0.5785388895275738, "d4": -2.5977296029716825, "p1": 15.491124508933767, "p2": 29.342489622815688, "p3": 31.20935755189554, "p4": 25.187335543648548, "pol1": 0.4390137953445292, "pol2": 0.3823871080129484, "pol3": 0.8504710578560626, "pol4": -0.5055445109274426, "v0s": 4.255436955089516}, "datetime": {"datetime": "2022-04-29 19:42:34", "elapsed": 101466.703894, "delta": 29.156043}}
{"target": -1.0, "params": {"Bgrad": 1.1033144627789735, "d1": -0.08403803408164512, "d2": -0.2174542227654035, "d3": -1.7855269550778554, "d4": 0.7214716031189985, "p1": 4.278061629618563, "p2": 2.865720466580063, "p3": 41.1741185288409, "p4": 47.515958194001065, "pol1": 0.18994016517753787, "pol2": -0.2520543108344837, "pol3": -0.7626328143755852, "pol4": -0.558892505126453, "v0s": 3.664372044919177}, "datetime": {"datetime": "2022-04-29 19:43:02", "elapsed": 101495.043119, "delta": 28.339225}}
{"target": -1.0, "params": {"Bgrad": 1.319149327894679, "d1": -0.8063771163169534, "d2": 0.4190682259900828, "d3": 0.30495330584079045, "d4": -1.4144971268114088, "p1": 22.602562333862966, "p2": 27.000241156992722, "p3": 0.7707946217493826, "p4": 45.794547293831215, "pol1": -0.15525552579190155, "pol2": -0.015426667109654192, "pol3": 0.5462547047221071, "pol4": 0.04715468507085435, "v0s": 3.4255982002441714}, "datetime": {"datetime": "2022-04-29 19:43:32", "elapsed": 101525.195498, "delta": 30.152379}}
{"target": -1.0, "params": {"Bgrad": 1.8988129602104284, "d1": -0.9963243189656945, "d2": -1.054160243470167, "d3": -1.3768301988058473, "d4": 0.041902612398595225, "p1": 26.08467531272176, "p2": 7.036134755595802, "p3": 31.604485461599307, "p4": 29.65828542366134, "pol1": -0.416587975880373, "pol2": 0.817170631452004, "pol3": 0.8029371239367908, "pol4": -0.3011299010229083, "v0s": 2.9090039012922335}, "datetime": {"datetime": "2022-04-29 19:43:54", "elapsed": 101547.175726, "delta": 21.980228}}
{"target": -1.0, "params": {"Bgrad": 2.0, "d1": -2.129129182661558, "d2": -1.8082276881989228, "d3": -1.6076179818390892, "d4": -2.6815056583524695, "p1": 30.959128646080753, "p2": 37.87903982781572, "p3": 21.63519212977239, "p4": 9.614473686352186, "pol1": -0.814286094023523, "pol2": 0.17355639990842175, "pol3": -0.4163449492419165, "pol4": 0.23953455721009237, "v0s": 2.0}, "datetime": {"datetime": "2022-04-29 19:44:41", "elapsed": 101594.473261, "delta": 47.297535}}
{"target": -1.0, "params": {"Bgrad": 0.9388140446422625, "d1": -0.7984024549978059, "d2": -0.767166062163144, "d3": -1.6231557802664205, "d4": 0.30055522661549894, "p1": 38.12829300628965, "p2": 28.50997249193954, "p3": 24.580606094221885, "p4": 33.46041771300489, "pol1": 0.7524684757266844, "pol2": 0.17592908422686948, "pol3": 0.14337793382718456, "pol4": 0.7336484540546975, "v0s": 3.607078886980039}, "datetime": {"datetime": "2022-04-29 19:45:11", "elapsed": 101623.710087, "delta": 29.236826}}
{"target": 4.111095875594353, "params": {"Bgrad": 0.5316527415929306, "d1": -1.6321477117807048, "d2": -0.3997185457978776, "d3": -0.32971476047397674, "d4": -0.1552630400650874, "p1": 4.70486019722729, "p2": 14.955701229454283, "p3": 32.73689037383935, "p4": 1.7251193172637513, "pol1": -0.9617427506933194, "pol2": 0.7038956565987715, "pol3": -0.8391611625773023, "pol4": 0.0074434136372185655, "v0s": 4.111095875594353}, "datetime": {"datetime": "2022-04-29 19:45:40", "elapsed": 101652.980823, "delta": 29.270736}}
{"target": 5.12154524460945, "params": {"Bgrad": 1.8533569035996076, "d1": -1.9232562668371824, "d2": 0.29084157420859347, "d3": -0.7386896090101978, "d4": -0.22834326927150705, "p1": 1.3851313515923502, "p2": 33.347510501088, "p3": 16.036850561667393, "p4": 9.667015139809271, "pol1": 0.6716150406006238, "pol2": 0.5368082894502881, "pol3": -0.5369872664067028, "pol4": 0.05050695221639656, "v0s": 5.12154524460945}, "datetime": {"datetime": "2022-04-29 19:46:09", "elapsed": 101681.772838, "delta": 28.792015}}
{"target": -1.0, "params": {"Bgrad": 0.7308193403310304, "d1": -1.20406402480357, "d2": -0.5986740088050566, "d3": -2.3516342454606463, "d4": -2.1725410319637217, "p1": 5.530147127791235, "p2": 18.446630138823338, "p3": 11.224212474942796, "p4": 25.089136350774822, "pol1": -0.4601183214019009, "pol2": 0.25342352787902533, "pol3": -0.43083556495401143, "pol4": 0.5001471375463067, "v0s": 2.6180375187985767}, "datetime": {"datetime": "2022-04-29 19:46:45", "elapsed": 101718.425835, "delta": 36.652997}}
{"target": -1.0, "params": {"Bgrad": 1.1262464943454182, "d1": -0.48900758261755906, "d2": -1.1989706744156283, "d3": 0.1300375961379472, "d4": -2.0185705127359177, "p1": 39.3331714888876, "p2": 48.57268026052419, "p3": 16.196600210365396, "p4": 11.697624433596864, "pol1": 0.5610854155852023, "pol2": 0.6733105880143377, "pol3": -0.10018322467065888, "pol4": 0.6212870897352958, "v0s": 4.728787345143322}, "datetime": {"datetime": "2022-04-29 19:47:14", "elapsed": 101746.938597, "delta": 28.512762}}
{"target": -1.0, "params": {"Bgrad": 1.5183780463554286, "d1": -0.28026081243204715, "d2": -0.39105157872652985, "d3": -1.749228507189164, "d4": -1.9991086755900729, "p1": 2.6101353263544347, "p2": 30.27688286362677, "p3": 17.30449427760193, "p4": 10.450629470976525, "pol1": -0.005726678618825698, "pol2": -0.30534579049315336, "pol3": -0.3425309115511881, "pol4": -0.21523185021949764, "v0s": 3.9083629100348}, "datetime": {"datetime": "2022-04-29 19:48:07", "elapsed": 101800.469465, "delta": 53.530868}}
{"target": 4.571482008358145, "params": {"Bgrad": 1.4760726318255726, "d1": -2.1724868458868207, "d2": -0.2938130888353406, "d3": -1.5442970680725328, "d4": -2.7493135764057555, "p1": 23.548589043518334, "p2": 25.359427244893002, "p3": 14.35996432253603, "p4": 35.93068307398922, "pol1": 0.6409182268457342, "pol2": 0.9353439105244792, "pol3": 0.09103071700871898, "pol4": 0.841747447733593, "v0s": 4.571482008358145}, "datetime": {"datetime": "2022-04-29 19:48:47", "elapsed": 101839.817256, "delta": 39.347791}}
{"target": -1.0, "params": {"Bgrad": 0.8669140010188828, "d1": -0.2290599741930457, "d2": -0.008865299894482703, "d3": -1.1499427147942907, "d4": -1.6661245553963235, "p1": 12.959410385413573, "p2": 23.51170970704835, "p3": 34.361994712608194, "p4": 34.76432679402356, "pol1": 0.08858901410696873, "pol2": 0.7702262444788839, "pol3": -0.25304864204380517, "pol4": 0.17548827738006723, "v0s": 5.9791338913189165}, "datetime": {"datetime": "2022-04-29 19:49:08", "elapsed": 101861.193101, "delta": 21.375845}}
{"target": -1.0, "params": {"Bgrad": 0.5487523069371318, "d1": -1.8449599491331616, "d2": 0.936916527307464, "d3": -0.9257225320525029, "d4": -1.750825084595542, "p1": 7.16683966101172, "p2": 1.2673878272192796, "p3": 38.17304260478461, "p4": 43.77224766642633, "pol1": 0.751867123582288, "pol2": -0.5882815824892582, "pol3": -0.4695008515751833, "pol4": 0.41209249724217667, "v0s": 4.514308650165634}, "datetime": {"datetime": "2022-04-29 19:49:31", "elapsed": 101884.008098, "delta": 22.814997}}
{"target": 3.593208598653093, "params": {"Bgrad": 1.254815542771845, "d1": -2.425337202264753, "d2": -2.7688722903088854, "d3": -1.2935930996091216, "d4": -2.202651424768553, "p1": 17.497401985080568, "p2": 43.99638773335617, "p3": 16.953711983902163, "p4": 11.991281851164047, "pol1": -0.04230227073809687, "pol2": 0.5482454085898606, "pol3": 0.31467495506161314, "pol4": 0.5806171923585273, "v0s": 3.593208598653093}, "datetime": {"datetime": "2022-04-29 19:49:52", "elapsed": 101905.427825, "delta": 21.419727}}
{"target": 3.3732781526537132, "params": {"Bgrad": 1.073032820363723, "d1": -1.4060207782482932, "d2": -0.3630995195548116, "d3": -1.5083808830079133, "d4": -0.0398346932957159, "p1": 12.530925140739297, "p2": 27.29277904040849, "p3": 17.15002935900623, "p4": 2.7620876824066753, "pol1": -0.4619110537820762, "pol2": -0.7244115112137706, "pol3": 0.7135503999305545, "pol4": 0.49773337963843217, "v0s": 3.3732781526537132}, "datetime": {"datetime": "2022-04-29 19:50:19", "elapsed": 101932.079564, "delta": 26.651739}}
{"target": -1.0, "params": {"Bgrad": 1.9636936646602314, "d1": -2.1524080520280218, "d2": -0.9383487824793248, "d3": -0.41658426195653453, "d4": -1.5904822158072882, "p1": 21.78841327641007, "p2": 38.69910492462144, "p3": 18.678839017513145, "p4": 28.985696916688124, "pol1": -0.6803517224100302, "pol2": 0.9742924203446655, "pol3": -0.8963119944939244, "pol4": 0.44685001392076074, "v0s": 3.3693353771571055}, "datetime": {"datetime": "2022-04-29 19:50:41", "elapsed": 101953.841377, "delta": 21.761813}}
{"target": -1.0, "params": {"Bgrad": 0.6888433782622305, "d1": 0.09569881184931939, "d2": 0.7150046802681902, "d3": -1.8735440063055164, "d4": -2.20447968301487, "p1": 25.21680240078555, "p2": 8.219752693557892, "p3": 22.340828878079698, "p4": 27.952139410740017, "pol1": 0.3231894456942974, "pol2": 0.9229023363995807, "pol3": -0.8880801801815292, "pol4": 0.02688225911327624, "v0s": 3.034885787926319}, "datetime": {"datetime": "2022-04-29 19:51:00", "elapsed": 101972.990177, "delta": 19.1488}}
{"target": -1.0, "params": {"Bgrad": 1.0553632754755224, "d1": -1.0406309257212172, "d2": -0.1729111080186585, "d3": -1.8228281835699587, "d4": -0.04330647417425748, "p1": 30.32384962643252, "p2": 29.59817928769255, "p3": 9.799006195294885, "p4": 8.110049614491398, "pol1": 0.8366758708824191, "pol2": -0.6110287753897299, "pol3": 0.3224833830881091, "pol4": 0.36381439251948167, "v0s": 4.835769414853008}, "datetime": {"datetime": "2022-04-29 19:51:24", "elapsed": 101997.072784, "delta": 24.082607}}
{"target": 3.4352876077301495, "params": {"Bgrad": 0.753990294356905, "d1": -1.3537037839202517, "d2": 0.0617075311626758, "d3": 0.3148300078727071, "d4": 0.03488621068662612, "p1": 46.91224456512425, "p2": 43.374309402399156, "p3": 6.262650559754446, "p4": 22.54179630974773, "pol1": -0.18535967858468783, "pol2": -0.010418369646404857, "pol3": 0.8426468094205901, "pol4": 0.484610372589497, "v0s": 3.4352876077301495}, "datetime": {"datetime": "2022-04-29 19:51:43", "elapsed": 102016.489866, "delta": 19.417082}}
{"target": 3.980359389923407, "params": {"Bgrad": 0.892852221844132, "d1": -0.5344480171142652, "d2": 0.6027556918808548, "d3": -1.7936953814362968, "d4": -1.3184954515933485, "p1": 7.630206852805236, "p2": 36.02773873572086, "p3": 33.05344914168456, "p4": 7.112195253529353, "pol1": -0.9253860142727766, "pol2": 0.6322218391445839, "pol3": -0.04482479142552678, "pol4": 0.6888372054991554, "v0s": 3.980359389923407}, "datetime": {"datetime": "2022-04-29 19:52:13", "elapsed": 102045.57809, "delta": 29.088224}}
{"target": 3.7562553591571817, "params": {"Bgrad": 1.0838821778299397, "d1": 0.0018554281200451328, "d2": 0.9884828972212816, "d3": -2.507980920976983, "d4": -0.05252111065130283, "p1": 5.714340113133575, "p2": 4.075442706267002, "p3": 30.50593114446024, "p4": 13.108393356362708, "pol1": -0.6355782028475594, "pol2": 0.5005862907479981, "pol3": -0.25054935736611195, "pol4": 0.561846728207317, "v0s": 3.7562553591571817}, "datetime": {"datetime": "2022-04-29 19:52:54", "elapsed": 102087.408243, "delta": 41.830153}}
{"target": -1.0, "params": {"Bgrad": 1.2786502839125298, "d1": -2.2113866953070374, "d2": -2.4398576948082904, "d3": -2.0203816710406555, "d4": 0.22679275734597404, "p1": 23.08528105827388, "p2": 27.73714107068937, "p3": 24.978852712289573, "p4": 3.4722002174069457, "pol1": -0.4792259185495684, "pol2": 0.8747836721047899, "pol3": -0.30681540684974773, "pol4": -0.02351782422607318, "v0s": 5.087792579254482}, "datetime": {"datetime": "2022-04-29 19:53:20", "elapsed": 102112.885122, "delta": 25.476879}}
{"target": 4.039194334489768, "params": {"Bgrad": 0.7470945737168397, "d1": -1.0944232841712935, "d2": -0.2068154928552257, "d3": -1.3651987967982708, "d4": -2.4275956064100503, "p1": 0.09160866291673675, "p2": 15.95878382047648, "p3": 13.898337409197808, "p4": 4.771147403672288, "pol1": 0.638456523251236, "pol2": -0.9342811918724929, "pol3": 0.04417915513104287, "pol4": 0.3547480652859265, "v0s": 4.039194334489768}, "datetime": {"datetime": "2022-04-29 19:53:42", "elapsed": 102134.619011, "delta": 21.733889}}
{"target": -1.0, "params": {"Bgrad": 1.7487287479325195, "d1": 0.04423565109330818, "d2": -0.1509688350140741, "d3": -1.8368548065805541, "d4": -2.664158633083575, "p1": 0.9064924639305638, "p2": 28.839684264446518, "p3": 10.746237487942627, "p4": 19.640425654904124, "pol1": 0.4145927151936717, "pol2": 0.07693992673652361, "pol3": 0.060051009449981985, "pol4": 0.9062759969962775, "v0s": 3.380979601889857}, "datetime": {"datetime": "2022-04-29 19:54:04", "elapsed": 102157.411069, "delta": 22.792058}}
{"target": -1.0, "params": {"Bgrad": 1.9319070369956226, "d1": -1.3874860580963215, "d2": 0.9755545780172636, "d3": -0.7719171897852832, "d4": -2.974763086015045, "p1": 42.39218242418705, "p2": 38.12284815416995, "p3": 19.85752281240098, "p4": 24.859302552619305, "pol1": 0.4427887559320818, "pol2": 0.6094455268692309, "pol3": -0.3475095275040323, "pol4": 0.3864527217649485, "v0s": 5.626088767101366}, "datetime": {"datetime": "2022-04-29 19:54:40", "elapsed": 102193.013873, "delta": 35.602804}}
{"target": 2.0, "params": {"Bgrad": 1.4460916276858868, "d1": -3.0, "d2": 1.0, "d3": -0.2604033380712981, "d4": -1.0006479938690107, "p1": 43.42258013780735, "p2": 14.148218588690453, "p3": 3.9420624280618695, "p4": 34.86528547800538, "pol1": -0.3367072296481919, "pol2": -1.0, "pol3": 1.0, "pol4": -0.4171134413239461, "v0s": 2.0}, "datetime": {"datetime": "2022-04-29 19:55:14", "elapsed": 102227.152592, "delta": 34.138719}}
{"target": 3.6655571304438297, "params": {"Bgrad": 1.8778514123501238, "d1": -0.7071498617931775, "d2": 0.19972923729489223, "d3": -1.898988241243904, "d4": 0.39061170957241176, "p1": 22.75010379552694, "p2": 25.91583459724488, "p3": 12.046328102166342, "p4": 37.32068416226589, "pol1": 0.9333592744577179, "pol2": -0.06841684767332779, "pol3": 0.14803569476145828, "pol4": -0.3360559434860677, "v0s": 3.6655571304438297}, "datetime": {"datetime": "2022-04-29 19:55:34", "elapsed": 102246.77313, "delta": 19.620538}}
{"target": -1.0, "params": {"Bgrad": 1.041225213073182, "d1": -0.7154407499056807, "d2": 0.7875285730772323, "d3": -1.1194455903086933, "d4": -0.31666478222136574, "p1": 13.558297512225813, "p2": 45.96891435054722, "p3": 31.53100142028627, "p4": 13.311114009109781, "pol1": -0.3723173871275198, "pol2": -0.44165440330921824, "pol3": -0.5537879900766927, "pol4": -0.6419581182638281, "v0s": 2.3207709571098425}, "datetime": {"datetime": "2022-04-29 19:55:59", "elapsed": 102272.144292, "delta": 25.371162}}
{"target": -1.0, "params": {"Bgrad": 1.3084800020701457, "d1": -1.9962233411021608, "d2": -0.1755609879952269, "d3": -0.5837639974280937, "d4": -0.33429969091563905, "p1": 32.27228610376015, "p2": 27.07909180728142, "p3": 10.79916282447217, "p4": 10.033952005073626, "pol1": 0.8613415953608095, "pol2": 0.9093490531934625, "pol3": 0.022588725780190666, "pol4": 0.615657036173888, "v0s": 3.5050823484771727}, "datetime": {"datetime": "2022-04-29 19:56:18", "elapsed": 102291.532453, "delta": 19.388161}}
{"target": -1.0, "params": {"Bgrad": 1.1563576331663379, "d1": -0.3391732269672989, "d2": -1.940692531212255, "d3": -2.3131999087950015, "d4": -1.9611051978988754, "p1": 5.093927581339375, "p2": 40.09303042803803, "p3": 5.484284625924402, "p4": 28.227909727267075, "pol1": -0.601137278168784, "pol2": 0.8671452387161496, "pol3": 0.8134329542537209, "pol4": 0.972082716800214, "v0s": 4.435588328931979}, "datetime": {"datetime": "2022-04-29 19:56:55", "elapsed": 102327.54915, "delta": 36.016697}}
{"target": 4.3459489932092925, "params": {"Bgrad": 1.3818124832786989, "d1": -0.8246026244499485, "d2": 0.18312527537868215, "d3": -2.5786599345532464, "d4": -2.3750417005552604, "p1": 42.24307608575747, "p2": 25.10434863455372, "p3": 22.049311234535764, "p4": 4.543984282722726, "pol1": -0.11820529279277679, "pol2": 0.6652845715030139, "pol3": -0.975499788650646, "pol4": 0.1760793490387753, "v0s": 4.3459489932092925}, "datetime": {"datetime": "2022-04-29 19:57:14", "elapsed": 102346.669027, "delta": 19.119877}}
{"target": -1.0, "params": {"Bgrad": 1.4716703430427704, "d1": -1.6472735492542054, "d2": 0.4613323189630987, "d3": 0.20720633291583912, "d4": -2.8744982069516047, "p1": 7.72666804754315, "p2": 11.262260425169968, "p3": 34.870926609337175, "p4": 2.535011373246965, "pol1": -0.24971018550334434, "pol2": 0.34121593670891315, "pol3": -0.0056401536709806965, "pol4": -0.11803682164425644, "v0s": 4.827566141358492}, "datetime": {"datetime": "2022-04-29 19:58:52", "elapsed": 102445.21254, "delta": 98.543513}}
{"target": -1.0, "params": {"Bgrad": 0.696430587436865, "d1": -1.886097713892326, "d2": -0.28918995057282704, "d3": -1.21741073158561, "d4": -2.0837383018874154, "p1": 15.451384617283853, "p2": 38.09259678369356, "p3": 0.0019297315419330996, "p4": 30.760379413642724, "pol1": -0.3287714278907976, "pol2": 0.15042082260803413, "pol3": 0.48831084006176617, "pol4": -0.9210017994570849, "v0s": 3.7078038669642197}, "datetime": {"datetime": "2022-04-29 19:59:35", "elapsed": 102487.988165, "delta": 42.775625}}
