{"target": 9.0, "params": {"beta_1": 0.8854444835207436, "beta_2": 2.9810415468322233, "det_1": 134.48899838051443, "det_2": 28.464739924656868, "laseroff": 316554.78949274716, "laseron": 191917.85923360082, "main_det": 14.25345501484454}, "datetime": {"datetime": "2022-01-07 20:01:40", "elapsed": 56362.35001, "delta": 1246.270514}}
{"target": 8.0, "params": {"beta_1": 1.8188496311456162, "beta_2": 1.6102600008915902, "det_1": 86.22562389646158, "det_2": 29.81626613340425, "laseroff": 419382.8858405814, "laseron": 164740.25522106065, "main_det": 11.254105306098891}, "datetime": {"datetime": "2022-01-07 20:18:06", "elapsed": 57347.681749, "delta": 985.331739}}
{"target": 6.0, "params": {"beta_1": 0.3603551486041958, "beta_2": 4.7404550726751635, "det_1": 163.9467591356838, "det_2": 15.296335870642134, "laseroff": 428342.4986349001, "laseron": 212086.41792492854, "main_det": 15.440231810690833}, "datetime": {"datetime": "2022-01-07 20:36:33", "elapsed": 58455.357769, "delta": 1107.67602}}
{"target": 14.0, "params": {"beta_1": 0.9021375885266063, "beta_2": 3.1992835767217342, "det_1": 91.17712907888351, "det_2": 18.20751731743136, "laseroff": 500570.8887561959, "laseron": 225392.5189892347, "main_det": 17.087611375080662}, "datetime": {"datetime": "2022-01-07 21:37:21", "elapsed": 0.0, "delta": 0.0}}
{"target": 14.0, "params": {"beta_1": 0.9021375885266063, "beta_2": 3.1992835767217342, "det_1": 91.17712907888351, "det_2": 18.20751731743136, "laseroff": 500570.8887561959, "laseron": 225392.5189892347, "main_det": 17.087611375080662}, "datetime": {"datetime": "2022-01-07 21:37:21", "elapsed": 0.000996, "delta": 0.000996}}
{"target": 14.0, "params": {"beta_1": 0.9021375885266063, "beta_2": 3.1992835767217342, "det_1": 91.17712907888351, "det_2": 18.20751731743136, "laseroff": 500570.8887561959, "laseron": 225392.5189892347, "main_det": 17.087611375080662}, "datetime": {"datetime": "2022-01-07 21:37:21", "elapsed": 0.001994, "delta": 0.000998}}
{"target": 14.0, "params": {"beta_1": 0.9021375885266063, "beta_2": 3.1992835767217342, "det_1": 91.17712907888351, "det_2": 18.20751731743136, "laseroff": 500570.8887561959, "laseron": 225392.5189892347, "main_det": 17.087611375080662}, "datetime": {"datetime": "2022-01-07 21:37:21", "elapsed": 0.001994, "delta": 0.0}}
{"target": 14.0, "params": {"beta_1": 0.9021375885266063, "beta_2": 3.1992835767217342, "det_1": 91.17712907888351, "det_2": 18.20751731743136, "laseroff": 500570.8887561959, "laseron": 225392.5189892347, "main_det": 17.087611375080662}, "datetime": {"datetime": "2022-01-07 21:37:21", "elapsed": 0.002992, "delta": 0.000998}}
{"target": 20.0, "params": {"beta_1": 1.3955949128553164, "beta_2": 2.5077535410889022, "det_1": 91.75579648557718, "det_2": 24.551893611685067, "laseroff": 473005.755568672, "laseron": 213466.73260784743, "main_det": 17.594026749476797}, "datetime": {"datetime": "2022-01-07 21:49:23", "elapsed": 721.58263, "delta": 721.579638}}
{"target": 11.0, "params": {"beta_1": 1.929881010126165, "beta_2": 0.331498291063716, "det_1": 75.22329846355615, "det_2": 20.288495342499388, "laseroff": 473749.9793328007, "laseron": 277505.69481742167, "main_det": 14.026377997653736}, "datetime": {"datetime": "2022-01-07 21:59:53", "elapsed": 1352.043619, "delta": 630.460989}}
{"target": 22.0, "params": {"beta_1": 1.6110697361186697, "beta_2": 2.9104922802219324, "det_1": 164.46923694047953, "det_2": 18.78264250918553, "laseroff": 330802.2686788573, "laseron": 205037.69510386343, "main_det": 18.139034713257324}, "datetime": {"datetime": "2022-01-07 22:14:57", "elapsed": 2256.453358, "delta": 904.409739}}
{"target": 6.0, "params": {"beta_1": 1.0313240026934085, "beta_2": 3.1560393163544243, "det_1": 115.59174613270753, "det_2": 9.256743243022669, "laseroff": 501678.3643332949, "laseron": 193783.61798255742, "main_det": 14.231993659726033}, "datetime": {"datetime": "2022-01-07 22:24:21", "elapsed": 2819.63632, "delta": 563.182962}}
{"target": 9.0, "params": {"beta_1": 1.924497339249369, "beta_2": 2.5138077783868695, "det_1": 109.81964828318266, "det_2": 23.207742054163504, "laseroff": 473375.63722055114, "laseron": 213607.25147232687, "main_det": 15.158632917552474}, "datetime": {"datetime": "2022-01-07 22:35:40", "elapsed": 3499.45818, "delta": 679.82186}}
{"target": 20.0, "params": {"beta_1": 0.20513435545073788, "beta_2": 2.7221511809970544, "det_1": 127.01421306087835, "det_2": 28.964320902537676, "laseroff": 418953.8092512542, "laseron": 165106.67580413076, "main_det": 18.53491570891319}, "datetime": {"datetime": "2022-01-07 22:49:39", "elapsed": 4337.930012, "delta": 838.471832}}
{"target": 21.0, "params": {"beta_1": 1.9954130206845704, "beta_2": 0.0012821511489557453, "det_1": 166.43434832603623, "det_2": 29.99987318385626, "laseroff": 421575.3953761692, "laseron": 140714.44687877203, "main_det": 18.425195507329207}, "datetime": {"datetime": "2022-01-07 23:01:07", "elapsed": 5026.019289, "delta": 688.089277}}
{"target": 7.0, "params": {"beta_1": 0.6847636450861367, "beta_2": 3.7450036461475116, "det_1": 153.49296657312294, "det_2": 12.891372480335063, "laseroff": 525953.4591001516, "laseron": 282220.42205420136, "main_det": 13.261917444656671}, "datetime": {"datetime": "2022-01-07 23:10:32", "elapsed": 5591.186689, "delta": 565.1674}}
{"target": 8.0, "params": {"beta_1": 0.3505355290381049, "beta_2": 0.821814443086541, "det_1": 159.3773917607469, "det_2": 12.206480673480911, "laseroff": 472982.32520355243, "laseron": 213513.90658847935, "main_det": 14.706298423540794}, "datetime": {"datetime": "2022-01-07 23:20:31", "elapsed": 6189.63731, "delta": 598.450621}}
{"target": 10.0, "params": {"beta_1": 2.0, "beta_2": 5.0, "det_1": 145.41425341819902, "det_2": 30.0, "laseroff": 557622.9145813009, "laseron": 139336.20495305126, "main_det": 20.0}, "datetime": {"datetime": "2022-01-07 23:33:42", "elapsed": 6980.89957, "delta": 791.26226}}
{"target": 10.0, "params": {"beta_1": 2.0, "beta_2": 5.0, "det_1": 145.41425341819902, "det_2": 30.0, "laseroff": 557622.9145813009, "laseron": 139336.20495305126, "main_det": 20.0}, "datetime": {"datetime": "2022-01-07 23:33:42", "elapsed": 6980.935796, "delta": 0.036226}}
{"target": 10.0, "params": {"beta_1": 2.0, "beta_2": 5.0, "det_1": 145.41425341819902, "det_2": 30.0, "laseroff": 557622.9145813009, "laseron": 139336.20495305126, "main_det": 20.0}, "datetime": {"datetime": "2022-01-07 23:33:42", "elapsed": 6980.935796, "delta": 0.0}}
{"target": 10.0, "params": {"beta_1": 2.0, "beta_2": 5.0, "det_1": 145.41425341819902, "det_2": 30.0, "laseroff": 557622.9145813009, "laseron": 139336.20495305126, "main_det": 20.0}, "datetime": {"datetime": "2022-01-07 23:33:42", "elapsed": 6980.936791, "delta": 0.000995}}
{"target": 10.0, "params": {"beta_1": 2.0, "beta_2": 5.0, "det_1": 145.41425341819902, "det_2": 30.0, "laseroff": 557622.9145813009, "laseron": 139336.20495305126, "main_det": 20.0}, "datetime": {"datetime": "2022-01-07 23:33:42", "elapsed": 6980.936791, "delta": 0.0}}
{"target": 10.0, "params": {"beta_1": 2.0, "beta_2": 5.0, "det_1": 145.41425341819902, "det_2": 30.0, "laseroff": 557622.9145813009, "laseron": 139336.20495305126, "main_det": 20.0}, "datetime": {"datetime": "2022-01-07 23:33:42", "elapsed": 6980.937789, "delta": 0.000998}}
{"target": 10.0, "params": {"beta_1": 2.0, "beta_2": 5.0, "det_1": 145.41425341819902, "det_2": 30.0, "laseroff": 557622.9145813009, "laseron": 139336.20495305126, "main_det": 20.0}, "datetime": {"datetime": "2022-01-07 23:33:42", "elapsed": 6980.937789, "delta": 0.0}}
{"target": 10.0, "params": {"beta_1": 2.0, "beta_2": 5.0, "det_1": 145.41425341819902, "det_2": 30.0, "laseroff": 557622.9145813009, "laseron": 139336.20495305126, "main_det": 20.0}, "datetime": {"datetime": "2022-01-07 23:33:42", "elapsed": 6980.937789, "delta": 0.0}}
{"target": 10.0, "params": {"beta_1": 2.0, "beta_2": 5.0, "det_1": 145.41425341819902, "det_2": 30.0, "laseroff": 557622.9145813009, "laseron": 139336.20495305126, "main_det": 20.0}, "datetime": {"datetime": "2022-01-07 23:33:42", "elapsed": 6980.938968, "delta": 0.001179}}
{"target": 10.0, "params": {"beta_1": 2.0, "beta_2": 5.0, "det_1": 145.41425341819902, "det_2": 30.0, "laseroff": 557622.9145813009, "laseron": 139336.20495305126, "main_det": 20.0}, "datetime": {"datetime": "2022-01-07 23:33:42", "elapsed": 6980.938968, "delta": 0.0}}
{"target": 10.0, "params": {"beta_1": 2.0, "beta_2": 5.0, "det_1": 145.41425341819902, "det_2": 30.0, "laseroff": 557622.9145813009, "laseron": 139336.20495305126, "main_det": 20.0}, "datetime": {"datetime": "2022-01-07 23:33:42", "elapsed": 6980.938968, "delta": 0.0}}
{"target": 19.0, "params": {"beta_1": 1.48806136383091, "beta_2": 3.181749967465022, "det_1": 146.29712583631252, "det_2": 6.265957263472858, "laseroff": 351277.6273749394, "laseron": 250863.55607150198, "main_det": 19.624599992497522}, "datetime": {"datetime": "2022-01-07 23:50:23", "elapsed": 7982.232525, "delta": 1001.293557}}
{"target": 0.0, "params": {"beta_1": 0.27401496804637826, "beta_2": 4.9654894523471915, "det_1": 100.07130832342153, "det_2": 21.920971459465687, "laseroff": 338001.07191697427, "laseron": 254960.2100771232, "main_det": 10.78698131610012}, "datetime": {"datetime": "2022-01-07 23:59:03", "elapsed": 8502.076574, "delta": 519.844049}}
{"target": 9.0, "params": {"beta_1": 0.021863098361924793, "beta_2": 3.243105512931722, "det_1": 136.85883045468202, "det_2": 6.436003474420056, "laseroff": 532322.0354805607, "laseron": 266896.3602652572, "main_det": 18.943558055645855}, "datetime": {"datetime": "2022-01-08 00:09:52", "elapsed": 9150.845454, "delta": 648.76888}}
{"target": 3.0, "params": {"beta_1": 1.900733193667445, "beta_2": 3.063076162154714, "det_1": 135.11396923389717, "det_2": 27.563960420888378, "laseroff": 579951.1270147127, "laseron": 143520.73668493828, "main_det": 11.979994748525831}, "datetime": {"datetime": "2022-01-08 00:20:48", "elapsed": 9806.909385, "delta": 656.063931}}
{"target": 12.0, "params": {"beta_1": 0.47434530785703966, "beta_2": 2.3804734754656476, "det_1": 118.86070408222903, "det_2": 28.69548567721739, "laseroff": 570470.7656937593, "laseron": 278386.8721834537, "main_det": 18.14215235432727}, "datetime": {"datetime": "2022-01-08 00:31:54", "elapsed": 10473.301835, "delta": 666.39245}}
{"target": 16.0, "params": {"beta_1": 1.177142492990756, "beta_2": 3.9149869125943333, "det_1": 165.7054604646616, "det_2": 11.393524029619194, "laseroff": 428425.1402976547, "laseron": 212305.2380077056, "main_det": 17.356596200357412}, "datetime": {"datetime": "2022-01-08 00:44:39", "elapsed": 11238.264461, "delta": 764.962626}}
{"target": 7.0, "params": {"beta_1": 1.963604827982734, "beta_2": 4.6424372026441425, "det_1": 118.5645152075916, "det_2": 27.561396544898894, "laseroff": 501504.9491004939, "laseron": 193382.7015273324, "main_det": 13.310143780358143}, "datetime": {"datetime": "2022-01-08 00:54:16", "elapsed": 11815.17885, "delta": 576.914389}}
{"target": 11.0, "params": {"beta_1": 0.9551212780875065, "beta_2": 2.7261360053955754, "det_1": 120.48285232608467, "det_2": 20.456678651576876, "laseroff": 304034.827681639, "laseron": 180382.47652952716, "main_det": 16.028451693633418}, "datetime": {"datetime": "2022-01-08 01:07:52", "elapsed": 12630.810272, "delta": 815.631422}}
{"target": 21.0, "params": {"beta_1": 1.9285990920685998, "beta_2": 0.462412748750336, "det_1": 136.90518079079166, "det_2": 25.554821493430946, "laseroff": 500677.8253727321, "laseron": 225639.27103333722, "main_det": 18.67804472894203}, "datetime": {"datetime": "2022-01-08 01:20:09", "elapsed": 13367.93665, "delta": 737.126378}}
{"target": 6.0, "params": {"beta_1": 1.3647695083937865, "beta_2": 0.3042205021222044, "det_1": 116.77066425921987, "det_2": 7.598137348603025, "laseroff": 557798.729055584, "laseron": 139444.90726916087, "main_det": 18.107412712118784}, "datetime": {"datetime": "2022-01-08 01:29:37", "elapsed": 13936.33377, "delta": 568.39712}}
{"target": 18.0, "params": {"beta_1": 0.0, "beta_2": 1.326366588555262, "det_1": 147.06742502589157, "det_2": 5.0, "laseroff": 501510.7488813931, "laseron": 193451.110134389, "main_det": 20.0}, "datetime": {"datetime": "2022-01-08 01:40:43", "elapsed": 14602.362652, "delta": 666.028882}}
{"target": 8.0, "params": {"beta_1": 2.0, "beta_2": 5.0, "det_1": 114.89395075999997, "det_2": 30.0, "laseroff": 447588.19509700465, "laseron": 257373.98712725288, "main_det": 20.0}, "datetime": {"datetime": "2022-01-08 01:53:10", "elapsed": 15348.683913, "delta": 746.321261}}
{"target": 0.0, "params": {"beta_1": 0.4627930439604899, "beta_2": 4.623481855017934, "det_1": 121.14322611045951, "det_2": 11.955352452552923, "laseroff": 374553.4650124216, "laseron": 270765.81526170357, "main_det": 14.079645080142633}, "datetime": {"datetime": "2022-01-08 02:01:49", "elapsed": 15868.240615, "delta": 519.556702}}
{"target": 9.0, "params": {"beta_1": 2.0, "beta_2": 5.0, "det_1": 142.72235609058663, "det_2": 27.130162225776555, "laseroff": 487535.1344389804, "laseron": 172504.26699386994, "main_det": 15.35373793734152}, "datetime": {"datetime": "2022-01-08 02:13:02", "elapsed": 16541.526506, "delta": 673.285891}}
{"target": 2.0, "params": {"beta_1": 1.1097275433178377, "beta_2": 0.16754662923465002, "det_1": 70.36546944418282, "det_2": 8.430078763080557, "laseroff": 371239.70009398536, "laseron": 284021.8858977655, "main_det": 12.130907493102605}, "datetime": {"datetime": "2022-01-08 02:23:02", "elapsed": 17141.124599, "delta": 599.598093}}
{"target": 19.0, "params": {"beta_1": 0.4736004651955177, "beta_2": 2.264466307604615, "det_1": 146.40574586505159, "det_2": 8.094214531093247, "laseroff": 472882.5257021882, "laseron": 213758.4789394805, "main_det": 17.809812899742987}, "datetime": {"datetime": "2022-01-08 02:35:35", "elapsed": 17894.187574, "delta": 753.062975}}
{"target": 6.0, "params": {"beta_1": 1.4663728021924793, "beta_2": 2.70290701586744, "det_1": 135.22230599301975, "det_2": 20.51424457403759, "laseroff": 487250.4387197094, "laseron": 259699.71087045816, "main_det": 13.991935992382984}, "datetime": {"datetime": "2022-01-08 02:45:17", "elapsed": 18476.090103, "delta": 581.902529}}
{"target": 21.0, "params": {"beta_1": 2.0, "beta_2": 2.6994064981166566, "det_1": 86.98560969488207, "det_2": 30.0, "laseroff": 491929.0415389305, "laseron": 162317.13660734706, "main_det": 20.0}, "datetime": {"datetime": "2022-01-08 02:59:17", "elapsed": 19316.486966, "delta": 840.396863}}
{"target": 0.0, "params": {"beta_1": 1.2491518377945703, "beta_2": 4.773125362702543, "det_1": 94.81194784002761, "det_2": 16.997834300262934, "laseroff": 454573.20822022477, "laseron": 290928.45834150375, "main_det": 10.540505569783104}, "datetime": {"datetime": "2022-01-08 03:06:37", "elapsed": 19755.980887, "delta": 439.493921}}
{"target": 4.0, "params": {"beta_1": 1.5078218797528253, "beta_2": 2.6860774607682907, "det_1": 157.0532809164954, "det_2": 23.466836260832324, "laseroff": 531018.7294466909, "laseron": 161393.7708806354, "main_det": 15.4450371459617}, "datetime": {"datetime": "2022-01-08 03:17:08", "elapsed": 20386.601665, "delta": 630.620778}}
{"target": 18.0, "params": {"beta_1": 1.0756307036019512, "beta_2": 3.1604506426215746, "det_1": 166.83742802972796, "det_2": 20.413903257990864, "laseroff": 489332.6196921103, "laseron": 276288.94500207104, "main_det": 19.298154537412934}, "datetime": {"datetime": "2022-01-08 03:29:24", "elapsed": 21122.721923, "delta": 736.120258}}
{"target": 7.0, "params": {"beta_1": 1.8703975885570554, "beta_2": 1.8134294726842326, "det_1": 73.00253207479771, "det_2": 23.014255364399443, "laseroff": 505622.84029745415, "laseron": 171333.0583056291, "main_det": 14.626876716367267}, "datetime": {"datetime": "2022-01-08 03:39:38", "elapsed": 21737.189365, "delta": 614.467442}}
{"target": 5.0, "params": {"beta_1": 1.453581047792302, "beta_2": 1.516100781988487, "det_1": 133.81026147080536, "det_2": 21.360127891715994, "laseroff": 454244.2903317921, "laseron": 291128.6357057594, "main_det": 12.001879840355944}, "datetime": {"datetime": "2022-01-08 03:48:38", "elapsed": 22277.387544, "delta": 540.198179}}
{"target": 15.0, "params": {"beta_1": 1.6324137235184586, "beta_2": 2.9796836528878092, "det_1": 99.57698651024594, "det_2": 23.43363346571721, "laseroff": 487114.5941718982, "laseron": 259802.75609607936, "main_det": 15.117985981763841}, "datetime": {"datetime": "2022-01-08 03:59:38", "elapsed": 22937.060163, "delta": 659.672619}}
{"target": 8.0, "params": {"beta_1": 1.0395726228815312, "beta_2": 4.441890723537343, "det_1": 86.5329546829479, "det_2": 18.762207575791706, "laseroff": 473806.5507637942, "laseron": 277712.98509964056, "main_det": 17.677197245469767}, "datetime": {"datetime": "2022-01-08 04:11:12", "elapsed": 23631.210954, "delta": 694.150791}}
{"target": 5.0, "params": {"beta_1": 1.1809514321301824, "beta_2": 0.616825427203172, "det_1": 96.10497716586376, "det_2": 29.475531164315765, "laseroff": 428421.1386640022, "laseron": 212527.2251874854, "main_det": 10.744495621321871}, "datetime": {"datetime": "2022-01-08 04:20:19", "elapsed": 24177.846706, "delta": 546.635752}}
{"target": 21.0, "params": {"beta_1": 1.5333235177095108, "beta_2": 1.62194737289735, "det_1": 102.23325499941686, "det_2": 22.980331191736703, "laseroff": 330781.394592014, "laseron": 205273.24172853614, "main_det": 19.81376701158529}, "datetime": {"datetime": "2022-01-08 04:37:34", "elapsed": 25213.171585, "delta": 1035.324879}}
{"target": 14.0, "params": {"beta_1": 1.4804619663047285, "beta_2": 3.1660073877269217, "det_1": 75.65362103148266, "det_2": 24.559979534375444, "laseroff": 466030.26230452216, "laseron": 220715.17374465993, "main_det": 14.713619039590357}, "datetime": {"datetime": "2022-01-08 04:48:54", "elapsed": 25892.741797, "delta": 679.570212}}
{"target": 16.0, "params": {"beta_1": 0.045021487385637604, "beta_2": 1.0510535866028115, "det_1": 112.47824036723695, "det_2": 27.93707109047697, "laseroff": 557529.1697860506, "laseron": 139306.34544865022, "main_det": 18.778361322223944}, "datetime": {"datetime": "2022-01-08 04:59:39", "elapsed": 26538.183874, "delta": 645.442077}}
{"target": 8.0, "params": {"beta_1": 0.8219320545946336, "beta_2": 4.74128788239917, "det_1": 148.98249706944083, "det_2": 6.078749129051468, "laseroff": 489555.3702947822, "laseron": 276607.51189441327, "main_det": 16.341113584298157}, "datetime": {"datetime": "2022-01-08 05:10:28", "elapsed": 27187.15274, "delta": 648.968866}}
{"target": 21.0, "params": {"beta_1": 1.907292649713206, "beta_2": 0.0025440520095869864, "det_1": 122.16372160770942, "det_2": 12.067126013282792, "laseroff": 428497.7928187174, "laseron": 212448.47922758205, "main_det": 20.0}, "datetime": {"datetime": "2022-01-08 05:24:23", "elapsed": 28021.987672, "delta": 834.834932}}
{"target": 5.0, "params": {"beta_1": 0.7735772690285065, "beta_2": 2.0561456003035, "det_1": 169.23599268072758, "det_2": 18.792700839914225, "laseroff": 526763.5441820979, "laseron": 183165.59393923052, "main_det": 13.160698413435766}, "datetime": {"datetime": "2022-01-08 05:35:28", "elapsed": 28687.258585, "delta": 665.270913}}
{"target": 10.0, "params": {"beta_1": 0.8890180011777566, "beta_2": 1.4868220904080565, "det_1": 125.32863451952747, "det_2": 12.17009478014081, "laseroff": 486589.9007118529, "laseron": 259598.37071080017, "main_det": 16.107360431570513}, "datetime": {"datetime": "2022-01-08 05:46:37", "elapsed": 29355.633077, "delta": 668.374492}}
{"target": 4.0, "params": {"beta_1": 0.7527550081227654, "beta_2": 0.6373123863498509, "det_1": 84.66846334423842, "det_2": 12.688344300794666, "laseroff": 570360.6981866017, "laseron": 278242.66679469054, "main_det": 12.468812797461524}, "datetime": {"datetime": "2022-01-08 05:56:14", "elapsed": 29933.506275, "delta": 577.873198}}
{"target": 15.0, "params": {"beta_1": 1.0127275006745013, "beta_2": 1.402649270236913, "det_1": 83.01811219934169, "det_2": 8.620345758181983, "laseroff": 401242.3900090606, "laseron": 278984.80702977814, "main_det": 17.53264029747763}, "datetime": {"datetime": "2022-01-08 06:08:51", "elapsed": 30690.205002, "delta": 756.698727}}
{"target": 5.0, "params": {"beta_1": 0.057256346933583835, "beta_2": 2.8503235034291268, "det_1": 100.1456568335612, "det_2": 18.627043917978995, "laseroff": 305453.9886002375, "laseron": 149731.0017272859, "main_det": 14.847611570895877}, "datetime": {"datetime": "2022-01-08 06:21:11", "elapsed": 31429.759693, "delta": 739.554691}}
{"target": 10.0, "params": {"beta_1": 1.4433489922985747, "beta_2": 0.8905959910711819, "det_1": 71.52091096535347, "det_2": 15.56436546870387, "laseroff": 454425.8574400886, "laseron": 290932.9836291312, "main_det": 13.308513815689267}, "datetime": {"datetime": "2022-01-08 06:30:17", "elapsed": 31976.291617, "delta": 546.531924}}
{"target": 11.0, "params": {"beta_1": 0.1248382238509711, "beta_2": 0.35571001726665386, "det_1": 143.77370391506838, "det_2": 23.196685135605357, "laseroff": 489350.7279702235, "laseron": 276580.0851750969, "main_det": 15.245707607789964}, "datetime": {"datetime": "2022-01-08 06:40:12", "elapsed": 32571.234791, "delta": 594.943174}}
{"target": 4.0, "params": {"beta_1": 1.6411450005580699, "beta_2": 1.4707272612872617, "det_1": 146.93821632867284, "det_2": 15.587560347220693, "laseroff": 421993.0673327693, "laseron": 140875.19914440444, "main_det": 10.968498933185668}, "datetime": {"datetime": "2022-01-08 06:49:59", "elapsed": 33157.58463, "delta": 586.349839}}
{"target": 14.0, "params": {"beta_1": 0.1437288859206891, "beta_2": 1.82707120190171, "det_1": 123.42252083523381, "det_2": 22.953777895905066, "laseroff": 500772.85877238924, "laseron": 225582.8125839341, "main_det": 16.312121763050673}, "datetime": {"datetime": "2022-01-08 07:00:12", "elapsed": 33771.369799, "delta": 613.785169}}
