{"target": 3.8646354445816913, "params": {"Bgrad": 1.691215513272894, "d1": -2.4089807557236846, "d2": -1.130213993737839, "d3": -2.016183852895256, "d4": -1.4316164201474848, "p1": 3.4673709733419935, "p2": 48.826894327126254, "p3": 13.216972834514545, "p4": 19.83630888751196, "pol1": -0.9618624451720921, "pol2": 0.5547766844544213, "pol3": 0.8604308738836153, "pol4": 0.17591098065075506, "v0s": 3.8646354445816913}, "datetime": {"datetime": "2022-04-29 18:59:29", "elapsed": 98881.74959, "delta": 21.302043}}
{"target": -1.0, "params": {"Bgrad": 1.3786521507950065, "d1": -1.619688670074479, "d2": 0.13149837331227765, "d3": 0.5180698272474125, "d4": 0.7145292396070966, "p1": 4.744692114618387, "p2": 4.597477121480948, "p3": 20.975509996704012, "p4": 17.65644660303035, "pol1": 0.35695987717299316, "pol2": 0.625645855006181, "pol3": -0.8886277352310012, "pol4": 0.29553629342799015, "v0s": 5.241704417830736}, "datetime": {"datetime": "2022-04-29 18:59:50", "elapsed": 98903.426629, "delta": 21.677039}}
{"target": 3.343113812202625, "params": {"Bgrad": 0.8459150769894389, "d1": -2.0663096044552947, "d2": 0.06356358251574819, "d3": -1.212026137736206, "d4": 0.06340516649065336, "p1": 47.97528777249003, "p2": 44.6673401013448, "p3": 7.242761242270617, "p4": 21.937880429870898, "pol1": -0.31711188512431204, "pol2": 0.728677066948067, "pol3": 0.13202538044829526, "pol4": 0.8029840788979836, "v0s": 3.343113812202625}, "datetime": {"datetime": "2022-04-29 19:00:17", "elapsed": 98930.119258, "delta": 26.692629}}
{"target": -1.0, "params": {"Bgrad": 1.5374239701933181, "d1": -2.529927528762929, "d2": 0.7083361302755509, "d3": -2.008114030849887, "d4": -0.04530942711449981, "p1": 44.551636849004666, "p2": 24.71490330315504, "p3": 24.59408092747042, "p4": 4.39620271977264, "pol1": -0.3563682663486387, "pol2": -0.526594428164411, "pol3": -0.9089316224281161, "pol4": -0.9034169118979904, "v0s": 3.5876321575123766}, "datetime": {"datetime": "2022-04-29 19:00:43", "elapsed": 98956.396996, "delta": 26.277738}}
{"target": 5.15883846082737, "params": {"Bgrad": 1.763374918095214, "d1": -2.263393783134881, "d2": -0.8311156139007132, "d3": -0.07282315286519736, "d4": -2.5838781431745392, "p1": 27.694063474084274, "p2": 10.834910885051135, "p3": 37.886871418462555, "p4": 36.15707985815929, "pol1": -0.9055708188026756, "pol2": 0.9095693435638615, "pol3": -1.0, "pol4": 0.8294236048079834, "v0s": 5.15883846082737}, "datetime": {"datetime": "2022-04-29 19:01:27", "elapsed": 98999.656329, "delta": 43.259333}}
{"target": 2.7078345413293254, "params": {"Bgrad": 1.036603490024625, "d1": -0.8122850144125731, "d2": 1.0, "d3": -2.89970231247144, "d4": 0.25857414694638087, "p1": 6.727051810958032, "p2": 4.191940943110159, "p3": 32.743902065479936, "p4": 13.052214386472546, "pol1": -0.5020586765739491, "pol2": 0.7397607848244047, "pol3": -0.03048153247444955, "pol4": 0.3234551876981555, "v0s": 2.7078345413293254}, "datetime": {"datetime": "2022-04-29 19:01:43", "elapsed": 99016.516248, "delta": 16.859919}}
{"target": 5.5970324103487314, "params": {"Bgrad": 0.8026163180203398, "d1": -2.396552733999171, "d2": 0.34189034968763554, "d3": -1.3669183260901119, "d4": -0.07161478517375564, "p1": 4.9993637021646, "p2": 13.298452227984647, "p3": 33.545987810053454, "p4": 2.866865167484084, "pol1": 0.031349790554956236, "pol2": 0.5005986810510104, "pol3": -0.3834102445093386, "pol4": 0.8796166579588454, "v0s": 5.5970324103487314}, "datetime": {"datetime": "2022-04-29 19:02:00", "elapsed": 99033.372178, "delta": 16.85593}}
{"target": -1.0, "params": {"Bgrad": 0.5924860863731629, "d1": 0.327033131206365, "d2": 0.2093143852645798, "d3": 0.07490697751522069, "d4": -2.632637862719802, "p1": 3.0414794085701247, "p2": 29.808600060260517, "p3": 9.903252645444526, "p4": 19.830661896115682, "pol1": 0.8774958153070589, "pol2": 0.015451302675255851, "pol3": 0.29492129794175437, "pol4": 0.14465292775869076, "v0s": 3.3092392262949812}, "datetime": {"datetime": "2022-04-29 19:02:22", "elapsed": 99054.672226, "delta": 21.300048}}
{"target": -1.0, "params": {"Bgrad": 0.5750984400974696, "d1": -2.592523994285601, "d2": 0.5857455347711285, "d3": -0.5152131710065881, "d4": -1.0739572631116738, "p1": 25.008486597104802, "p2": 26.858989524290017, "p3": 12.942823139047189, "p4": 36.5812947496536, "pol1": -0.31023765183718566, "pol2": 0.39587340802882776, "pol3": -0.7308979703701473, "pol4": 0.9181096868525167, "v0s": 4.317639140279857}, "datetime": {"datetime": "2022-04-29 19:02:37", "elapsed": 99069.62325, "delta": 14.951024}}
{"target": -1.0, "params": {"Bgrad": 1.0463288651149525, "d1": -1.6193768376407816, "d2": -1.4706256403657316, "d3": -2.59734073352299, "d4": 0.6495227513459922, "p1": 17.031314582751566, "p2": 14.485317033778722, "p3": 28.491227321463132, "p4": 32.16940075750037, "pol1": -0.8887950440578423, "pol2": -0.3903045724904628, "pol3": -0.04475040672042163, "pol4": 0.290804767258122, "v0s": 2.7292592323356217}, "datetime": {"datetime": "2022-04-29 19:03:00", "elapsed": 99093.007724, "delta": 23.384474}}
{"target": -1.0, "params": {"Bgrad": 1.7911887329196807, "d1": -1.9784560739480126, "d2": -0.9656423051534357, "d3": 0.2716339186157475, "d4": 0.5099175126366742, "p1": 1.9696013459622908, "p2": 31.939622656524673, "p3": 18.84666159828076, "p4": 11.160561341328334, "pol1": -0.2399259772413671, "pol2": 0.9118329821339615, "pol3": -0.16200290007132323, "pol4": -0.37888761268907545, "v0s": 6.616832271976138}, "datetime": {"datetime": "2022-04-29 19:03:25", "elapsed": 99118.142518, "delta": 25.134794}}
{"target": -1.0, "params": {"Bgrad": 1.830955704990744, "d1": 0.24103472355129085, "d2": 0.6990994764460727, "d3": -2.7784948426093177, "d4": -1.965363722260471, "p1": 11.744018806814232, "p2": 20.070203050009773, "p3": 40.998818423994464, "p4": 49.04570374550041, "pol1": 0.2856214953822711, "pol2": -0.6614577312283407, "pol3": -0.5641765811461441, "pol4": 0.2175635808997607, "v0s": 4.864490934622802}, "datetime": {"datetime": "2022-04-29 19:03:51", "elapsed": 99144.293595, "delta": 26.151077}}
{"target": -1.0, "params": {"Bgrad": 1.8301355771251915, "d1": 0.7977772710300761, "d2": -1.5329857494744057, "d3": -2.406813268278979, "d4": -2.6019449665910916, "p1": 44.1465767086802, "p2": 28.077201536245198, "p3": 27.721898051754295, "p4": 47.934163988434655, "pol1": 0.06758164444024883, "pol2": 0.2850784570100997, "pol3": -0.8620172136919921, "pol4": 0.6619339433056897, "v0s": 3.7927494435616964}, "datetime": {"datetime": "2022-04-29 19:04:38", "elapsed": 99191.194191, "delta": 46.900596}}
{"target": 2.857948563183293, "params": {"Bgrad": 1.880278966147415, "d1": -1.097141594738404, "d2": -1.784268924365115, "d3": -2.990357011023596, "d4": -1.2382201289481696, "p1": 37.86693493716168, "p2": 11.252337544795981, "p3": 21.385134592800366, "p4": 24.826006034160024, "pol1": -0.5925523109192516, "pol2": 0.4655802090858254, "pol3": -0.31247171040334076, "pol4": 0.3673117045222618, "v0s": 2.857948563183293}, "datetime": {"datetime": "2022-04-29 19:05:13", "elapsed": 99226.439951, "delta": 35.24576}}
{"target": -1.0, "params": {"Bgrad": 1.5104286215112053, "d1": -0.014248094744895745, "d2": -0.497738812635085, "d3": -2.6870637135006348, "d4": -0.7235968536990702, "p1": 40.261205817228365, "p2": 23.337773544986128, "p3": 44.41749887838552, "p4": 49.352194094999604, "pol1": 0.8714566897850706, "pol2": 0.6651184682549385, "pol3": 0.00038565341012208876, "pol4": -0.9730671608120747, "v0s": 5.145880794865711}, "datetime": {"datetime": "2022-04-29 19:05:57", "elapsed": 99269.91371, "delta": 43.473759}}
{"target": -1.0, "params": {"Bgrad": 1.9780539592079867, "d1": -1.7967585503829446, "d2": -0.7215624102537004, "d3": -2.1692164114603996, "d4": -1.172875861844339, "p1": 41.987030176134546, "p2": 23.77580207200822, "p3": 43.10083698135637, "p4": 49.486459207091855, "pol1": 0.36159245608231116, "pol2": 0.07650801614205305, "pol3": 0.5475400085971904, "pol4": 0.5291875336388998, "v0s": 4.135910216417136}, "datetime": {"datetime": "2022-04-29 19:06:49", "elapsed": 99321.754098, "delta": 51.840388}}
{"target": -1.0, "params": {"Bgrad": 1.6263026655515425, "d1": -0.5984410752528859, "d2": 0.8354704408657305, "d3": -1.5627790172030585, "d4": -1.8304710352336495, "p1": 32.902451483633044, "p2": 13.163149740693465, "p3": 3.6058436274416183, "p4": 16.028158995691633, "pol1": 0.826883706143243, "pol2": -0.27555652169993494, "pol3": 0.35301928914804903, "pol4": 0.6992841419619142, "v0s": 4.490912162881653}, "datetime": {"datetime": "2022-04-29 19:07:17", "elapsed": 99350.524172, "delta": 28.770074}}
{"target": -1.0, "params": {"Bgrad": 1.1889750982213882, "d1": -2.5335410431109247, "d2": -1.462780575181668, "d3": -0.6613435066154292, "d4": -2.3612535572109743, "p1": 15.179998229800262, "p2": 29.12749110616239, "p3": 30.601362123677927, "p4": 25.62030747144801, "pol1": -0.8712093395532081, "pol2": -0.8286083100001347, "pol3": 0.826082940848806, "pol4": 0.0775392619907167, "v0s": 2.482014385231908}, "datetime": {"datetime": "2022-04-29 19:07:35", "elapsed": 99367.819926, "delta": 17.295754}}
{"target": -1.0, "params": {"Bgrad": 1.1781143583444293, "d1": -0.6852134683846978, "d2": 0.7291776562052292, "d3": -2.676667122351255, "d4": -2.2793432925470016, "p1": 12.827513437998366, "p2": 20.425841444467657, "p3": 35.66411886394313, "p4": 34.580148309626246, "pol1": 0.39230555841176984, "pol2": 0.9729039652949292, "pol3": -0.22188753927369143, "pol4": 0.5407330096270639, "v0s": 3.050600655983962}, "datetime": {"datetime": "2022-04-29 19:08:09", "elapsed": 99401.591627, "delta": 33.771701}}
{"target": -1.0, "params": {"Bgrad": 0.522687391893125, "d1": -2.5455670294570334, "d2": 0.3218338518770265, "d3": -0.9467521491995239, "d4": -2.5088836621580146, "p1": 0.9992670300188022, "p2": 45.11698405367946, "p3": 48.001362214806065, "p4": 36.65861234769766, "pol1": -0.9336912359562206, "pol2": -0.2933437164958659, "pol3": 0.4501263316655508, "pol4": 0.011725882843017565, "v0s": 3.9285806797585487}, "datetime": {"datetime": "2022-04-29 19:08:25", "elapsed": 99417.632736, "delta": 16.041109}}
{"target": 3.2718212450615143, "params": {"Bgrad": 0.5552609155397961, "d1": -0.39145170826268805, "d2": -0.7554353011411044, "d3": -2.035008908269466, "d4": 0.5411324277582414, "p1": 43.77815801743351, "p2": 24.597769319361767, "p3": 23.449688003075003, "p4": 4.723987380372435, "pol1": -0.6487024529881638, "pol2": -0.25971435654312836, "pol3": -0.10055159483579224, "pol4": 0.6233625600299539, "v0s": 3.2718212450615143}, "datetime": {"datetime": "2022-04-29 19:08:43", "elapsed": 99435.822101, "delta": 18.189365}}
{"target": -1.0, "params": {"Bgrad": 1.7414260690555776, "d1": -3.0, "d2": -0.9181424709241942, "d3": 0.40241793934239894, "d4": 0.036283777181300665, "p1": 45.16873769855682, "p2": 31.163650910358175, "p3": 45.96297453678304, "p4": 16.995695410513473, "pol1": -0.6705755333939608, "pol2": -0.3081950462928644, "pol3": -0.2226853485959189, "pol4": -0.03803924252013692, "v0s": 3.3863935860590626}, "datetime": {"datetime": "2022-04-29 19:09:18", "elapsed": 99471.364068, "delta": 35.541967}}
{"target": -1.0, "params": {"Bgrad": 0.6689811868055386, "d1": 0.540777251220395, "d2": 0.2632831278793142, "d3": -0.9128089421859213, "d4": -1.640641512663359, "p1": 44.12526390070166, "p2": 27.040665638388937, "p3": 27.03122306584305, "p4": 45.38432272136003, "pol1": -0.7290429561763803, "pol2": 0.7370046517795992, "pol3": 0.3955645256318281, "pol4": -0.5121602546552884, "v0s": 4.6903909054330315}, "datetime": {"datetime": "2022-04-29 19:09:47", "elapsed": 99500.162067, "delta": 28.797999}}
{"target": 3.68140054858804, "params": {"Bgrad": 1.8753337174978773, "d1": -2.4799262502564816, "d2": -2.183923555997407, "d3": -2.328313344267007, "d4": 0.5039621590877035, "p1": 24.208725400880788, "p2": 27.533091431063234, "p3": 23.005640753357238, "p4": 2.185760539361359, "pol1": -0.6811391017521502, "pol2": 0.5107898246219886, "pol3": 0.9239970450132378, "pol4": 0.2849313410932468, "v0s": 3.68140054858804}, "datetime": {"datetime": "2022-04-29 19:10:07", "elapsed": 99519.977085, "delta": 19.815018}}
{"target": 4.455373851135177, "params": {"Bgrad": 0.7330105114939025, "d1": -1.4013050243019223, "d2": 0.5050101756616384, "d3": -0.5192099267970411, "d4": -2.395707175308981, "p1": 43.47639312022076, "p2": 37.393979591774844, "p3": 18.74630690496313, "p4": 26.01786673508643, "pol1": 0.2932438003848061, "pol2": 0.6241398927269658, "pol3": -0.824959396136982, "pol4": -0.31871282251472716, "v0s": 4.455373851135177}, "datetime": {"datetime": "2022-04-29 19:10:27", "elapsed": 99539.840973, "delta": 19.863888}}
{"target": 3.8612232242076034, "params": {"Bgrad": 1.181178016520898, "d1": -1.9170873260962056, "d2": -0.6741660532579332, "d3": -2.447735883269787, "d4": -0.2244999047383307, "p1": 23.942041417735226, "p2": 23.92155503907359, "p3": 9.915394137947436, "p4": 32.53157696879733, "pol1": -0.7209565588426121, "pol2": -0.2606921310488026, "pol3": 0.11699146510719172, "pol4": 0.9252917406819252, "v0s": 3.8612232242076034}, "datetime": {"datetime": "2022-04-29 19:11:10", "elapsed": 99583.43541, "delta": 43.594437}}
{"target": 4.874107129767617, "params": {"Bgrad": 1.5093392234609158, "d1": -0.722006191614581, "d2": 0.5457827899546133, "d3": -2.2380175774522186, "d4": -2.0792504401086944, "p1": 20.863494018203433, "p2": 24.3121294759247, "p3": 40.52201775187174, "p4": 46.34803635641131, "pol1": -0.4738753294039839, "pol2": 0.5952730361274918, "pol3": 0.9093068234847761, "pol4": 0.894963292173669, "v0s": 4.874107129767617}, "datetime": {"datetime": "2022-04-29 19:11:43", "elapsed": 99615.772945, "delta": 32.337535}}
{"target": 3.9384969272176136, "params": {"Bgrad": 0.7367937243517747, "d1": -1.910954888190854, "d2": -3.0, "d3": -0.12847813585106735, "d4": 0.3630316407655273, "p1": 27.641643086043818, "p2": 27.14039087155162, "p3": 30.669832319743623, "p4": 15.263442219674614, "pol1": -0.21010473623419942, "pol2": 0.3667710557152284, "pol3": 0.984528530437554, "pol4": -0.5169026372880704, "v0s": 3.9384969272176136}, "datetime": {"datetime": "2022-04-29 19:12:01", "elapsed": 99634.277467, "delta": 18.504522}}
{"target": 4.383602394804138, "params": {"Bgrad": 1.0649738093178576, "d1": -1.778502233697711, "d2": 0.8617845278669325, "d3": -1.4463718459504962, "d4": -1.1571490745383333, "p1": 22.8439151577517, "p2": 25.448958498708876, "p3": 11.498956405267421, "p4": 35.55605127397409, "pol1": 0.14565044421861728, "pol2": 0.15062446632054602, "pol3": 0.2677667555950878, "pol4": 0.013759326808766235, "v0s": 4.383602394804138}, "datetime": {"datetime": "2022-04-29 19:12:20", "elapsed": 99652.820885, "delta": 18.543418}}
{"target": -1.0, "params": {"Bgrad": 1.2119625095713642, "d1": -1.92519608926388, "d2": -0.28430186844261796, "d3": 0.8755153919262963, "d4": 0.5979249242379998, "p1": 17.010905913107045, "p2": 14.506676162935268, "p3": 31.481338225168326, "p4": 36.70421824945365, "pol1": 0.8116389974220466, "pol2": 0.10455585733199513, "pol3": 0.6088097973942321, "pol4": -0.10579068096682187, "v0s": 5.6154715955469}, "datetime": {"datetime": "2022-04-29 19:12:48", "elapsed": 99681.455322, "delta": 28.634437}}
{"target": 3.3996782138448145, "params": {"Bgrad": 1.5600941146307559, "d1": -1.731520708523806, "d2": -2.723428442646941, "d3": -2.2064699863827757, "d4": -1.8920594436110036, "p1": 27.970845813446992, "p2": 8.849927794867114, "p3": 8.59682510574255, "p4": 47.83142211036252, "pol1": -0.30615572793660917, "pol2": 0.9960061925196952, "pol3": 0.9315702016661276, "pol4": 0.4622688235527328, "v0s": 3.3996782138448145}, "datetime": {"datetime": "2022-04-29 19:13:26", "elapsed": 99718.877263, "delta": 37.421941}}
{"target": -1.0, "params": {"Bgrad": 1.6402774172009913, "d1": -0.7892127940428111, "d2": -1.85826447668618, "d3": -2.1083793374207813, "d4": -1.3603994199526128, "p1": 5.208049930074576, "p2": 30.769375201399384, "p3": 23.881425366904637, "p4": 22.67264857584413, "pol1": 0.8658835112661569, "pol2": -0.5592010297291474, "pol3": 0.4295132032474236, "pol4": 0.6880659536665379, "v0s": 3.6254345151348777}, "datetime": {"datetime": "2022-04-29 19:13:54", "elapsed": 99746.876398, "delta": 27.999135}}
{"target": -1.0, "params": {"Bgrad": 0.9714619623860961, "d1": -0.9009743106005792, "d2": 0.0964322859914506, "d3": -0.5768708032296113, "d4": -1.5216990960909351, "p1": 32.88436312774466, "p2": 7.591017461479016, "p3": 8.583973409071376, "p4": 26.952374687295766, "pol1": -0.6595934523950484, "pol2": -0.4436954593691167, "pol3": 0.8896249178698667, "pol4": -0.6793131049367285, "v0s": 4.4741990277401715}, "datetime": {"datetime": "2022-04-29 19:14:11", "elapsed": 99763.727342, "delta": 16.850944}}
{"target": -1.0, "params": {"Bgrad": 1.8683568617222137, "d1": 0.2100236149664667, "d2": 0.860168944137067, "d3": 0.6220375023927431, "d4": -1.949116308629022, "p1": 5.660694692966967, "p2": 2.6691608215570426, "p3": 41.32563437411522, "p4": 47.257496783347044, "pol1": -0.9287950527635922, "pol2": -0.5980049526336775, "pol3": -0.1652622124379708, "pol4": 0.36039730263456415, "v0s": 4.5819840187741665}, "datetime": {"datetime": "2022-04-29 19:14:58", "elapsed": 99810.99396, "delta": 47.266618}}
{"target": -1.0, "params": {"Bgrad": 1.8649013287305563, "d1": -2.2503560678318686, "d2": -0.8105420563463279, "d3": -1.1349768766799118, "d4": -1.4540768523804481, "p1": 6.7827250118592755, "p2": 1.6209698407033013, "p3": 38.21846722917564, "p4": 44.944156799249434, "pol1": 0.2698655290190457, "pol2": -0.35831732096216173, "pol3": 0.2553265440449486, "pol4": -0.9885051818333959, "v0s": 3.765173458790547}, "datetime": {"datetime": "2022-04-29 19:15:26", "elapsed": 99838.593164, "delta": 27.599204}}
{"target": -1.0, "params": {"Bgrad": 1.1145504368421633, "d1": -1.4921990442984479, "d2": 0.4828035516646594, "d3": -0.7921099910833469, "d4": -2.0003878711735363, "p1": 43.84685949676663, "p2": 37.1378121575217, "p3": 18.633804953503933, "p4": 26.35856532620459, "pol1": 0.10224545219462405, "pol2": 0.5953041592884589, "pol3": -0.5386484635056453, "pol4": -0.09736657035076804, "v0s": 3.921231412490781}, "datetime": {"datetime": "2022-04-29 19:15:51", "elapsed": 99863.658145, "delta": 25.064981}}
{"target": -1.0, "params": {"Bgrad": 1.006964386128933, "d1": 0.7313693675127158, "d2": -0.3930105036875826, "d3": -1.7484830231713295, "d4": 0.0571809797585896, "p1": 26.847849671500928, "p2": 7.452885801213183, "p3": 31.33544065168857, "p4": 30.80821157314052, "pol1": -0.5646350599861021, "pol2": 0.40476562404849403, "pol3": 0.4655951102749982, "pol4": 0.9969839932761126, "v0s": 3.6585711505485277}, "datetime": {"datetime": "2022-04-29 19:16:21", "elapsed": 99893.625019, "delta": 29.966874}}
{"target": -1.0, "params": {"Bgrad": 1.0023141829240156, "d1": -1.0895638882126337, "d2": -1.9960728298773982, "d3": -0.14354165174227695, "d4": -0.030571759849404412, "p1": 21.991303655821493, "p2": 30.170430419360393, "p3": 8.237369830670232, "p4": 25.29543248161052, "pol1": -0.4795040092541907, "pol2": 0.12646854803926932, "pol3": 0.24376657510326472, "pol4": 0.40109531508884544, "v0s": 3.919889754870314}, "datetime": {"datetime": "2022-04-29 19:16:40", "elapsed": 99913.275477, "delta": 19.650458}}
{"target": 5.3631426139289164, "params": {"Bgrad": 1.5705446288135994, "d1": -2.322828588520679, "d2": 0.9314845365303395, "d3": -0.9156894917847151, "d4": -2.2842851442286225, "p1": 5.300901864691326, "p2": 13.054937598755595, "p3": 35.3045147214568, "p4": 2.8549671980350135, "pol1": -0.5662498718583093, "pol2": -0.2555854386769343, "pol3": -0.4623964104485827, "pol4": 0.9284504561507569, "v0s": 5.3631426139289164}, "datetime": {"datetime": "2022-04-29 19:17:06", "elapsed": 99939.036597, "delta": 25.76112}}
{"target": -1.0, "params": {"Bgrad": 1.6445168881975143, "d1": -0.657608670822002, "d2": -1.8257115386395983, "d3": -2.7778402711815495, "d4": -1.0031748413230295, "p1": 38.51342530136362, "p2": 11.249856412239865, "p3": 21.44712674638685, "p4": 24.870606584375672, "pol1": -0.6810067987322523, "pol2": 0.5752241781965509, "pol3": -0.08878099336896086, "pol4": 0.5307428610454963, "v0s": 2.8000190953829573}, "datetime": {"datetime": "2022-04-29 19:17:26", "elapsed": 99959.044101, "delta": 20.007504}}
{"target": 4.582322884653992, "params": {"Bgrad": 0.6339669546544463, "d1": -1.5575861818574255, "d2": 0.8047938556228711, "d3": -2.5640562994456513, "d4": -0.33362190638917, "p1": 39.36112404976965, "p2": 48.21283143018175, "p3": 16.526289176512208, "p4": 10.29091139629008, "pol1": -0.5909020165000693, "pol2": -0.897238103892129, "pol3": 0.2819595992185548, "pol4": -0.5340136704365149, "v0s": 4.582322884653992}, "datetime": {"datetime": "2022-04-29 19:17:51", "elapsed": 99983.829828, "delta": 24.785727}}
{"target": -1.0, "params": {"Bgrad": 1.0583778115270457, "d1": -2.8739087287579244, "d2": -0.45178335669976555, "d3": -1.915273495648285, "d4": -0.20735298963145476, "p1": 29.793061438056395, "p2": 47.01463051727904, "p3": 24.242142395527296, "p4": 28.445568451215024, "pol1": -0.08343965806741727, "pol2": -0.8518288258556657, "pol3": 0.017262791341577044, "pol4": 0.4892203443574381, "v0s": 5.745260932576463}, "datetime": {"datetime": "2022-04-29 19:18:10", "elapsed": 100002.988601, "delta": 19.158773}}
{"target": 4.30075517012529, "params": {"Bgrad": 1.3128620153988795, "d1": -2.1810140217383593, "d2": -2.9102708464019393, "d3": -0.5152475416880364, "d4": -2.0031912737747115, "p1": 1.9085441666159966, "p2": 25.26297120592035, "p3": 16.03413833371809, "p4": 40.732248565951544, "pol1": -0.6537801539923216, "pol2": 0.202098348144163, "pol3": -0.44294072652727723, "pol4": 0.12618267046873455, "v0s": 4.30075517012529}, "datetime": {"datetime": "2022-04-29 19:18:27", "elapsed": 100020.159689, "delta": 17.171088}}
