{"target": 2.0855718576767135, "params": {"Bgrad": 4.723680517168901, "d1": -1.055481976926131, "d2": -0.295534707871663, "d3": 0.09752995194486846, "d4": -0.05945908568031921, "p1": 4.394007314906789, "p2": 3.5927733098009895, "p3": 36.06027755222317, "p4": 23.991072300344644, "pol1": -0.13108542371865295, "pol2": 0.6255798588425006, "pol3": -0.4956040214944921, "pol4": -0.7346101037042116, "v0s": 2.0855718576767135}, "datetime": {"datetime": "2022-04-11 14:53:47", "elapsed": 1129.669591, "delta": 11.015227}}
{"target": 3.2430068950791613, "params": {"Bgrad": 8.951793579017119, "d1": -1.9124224356728585, "d2": -2.1022701210691777, "d3": -1.0350025612023774, "d4": -2.3706264672534694, "p1": 3.4332304859491014, "p2": 5.910486150776406, "p3": 33.91980930286312, "p4": 21.60636810161623, "pol1": -0.834337259494323, "pol2": -0.3692975707829653, "pol3": 0.29747196160391565, "pol4": -0.6266877104826458, "v0s": 3.2430068950791613}, "datetime": {"datetime": "2022-04-11 14:53:53", "elapsed": 1136.285048, "delta": 6.615457}}
{"target": 3.141976711390713, "params": {"Bgrad": 6.594612859871231, "d1": 0.2322505974800313, "d2": -1.8737408420728476, "d3": -1.6711639188167422, "d4": -2.609226186927039, "p1": 2.781502605856334, "p2": 4.41055677367666, "p3": 34.354362168969175, "p4": 25.294204495795213, "pol1": -0.2644423653899255, "pol2": -0.5511490524341758, "pol3": 0.007858755882587998, "pol4": 0.5577676793121695, "v0s": 3.141976711390713}, "datetime": {"datetime": "2022-04-11 14:54:05", "elapsed": 1147.846833, "delta": 11.561785}}
{"target": 4.5480536380896766, "params": {"Bgrad": 9.359426502448125, "d1": -0.039350956527740344, "d2": -0.39945854027627226, "d3": -1.6739279001296046, "d4": -1.5077679671776636, "p1": 9.164255549315609, "p2": 7.1886705864688425, "p3": 32.810548744514534, "p4": 25.748277611039754, "pol1": 0.46068248423890656, "pol2": 0.0926696334946755, "pol3": 0.9439516373298136, "pol4": 0.7577909278803567, "v0s": 4.5480536380896766}, "datetime": {"datetime": "2022-04-11 14:54:18", "elapsed": 1160.759531, "delta": 12.912698}}
{"target": 5.075181280136274, "params": {"Bgrad": 10.074130376064193, "d1": -2.8427087692815, "d2": -2.5374586031075816, "d3": -0.67922294086239, "d4": -2.204578615901421, "p1": 9.887939128916944, "p2": 6.362400097752296, "p3": 32.56674909431511, "p4": 27.22851892913563, "pol1": -0.06526265948747612, "pol2": -0.02412842414640881, "pol3": 0.7358910049787444, "pol4": -0.6612262768193053, "v0s": 5.075181280136274}, "datetime": {"datetime": "2022-04-11 14:54:30", "elapsed": 1172.452472, "delta": 11.692941}}
{"target": 4.329173742762673, "params": {"Bgrad": 4.275072285876057, "d1": -2.656113961164778, "d2": -2.6390532353326766, "d3": -2.4173611729694677, "d4": -1.7625025741641738, "p1": 5.153341632967602, "p2": 2.6348692590055975, "p3": 36.410457496680124, "p4": 21.001779754355734, "pol1": 0.16199602185492898, "pol2": -0.3708857491247843, "pol3": -0.24068769585442615, "pol4": 0.19337457134706934, "v0s": 4.329173742762673}, "datetime": {"datetime": "2022-04-11 14:54:35", "elapsed": 1177.983257, "delta": 5.530785}}
{"target": 2.2572481699049045, "params": {"Bgrad": 8.447534960257542, "d1": -2.0134377574954563, "d2": 0.579625451582245, "d3": 0.359436908914728, "d4": -1.9719932653988201, "p1": 2.485765657217287, "p2": 2.541659053247469, "p3": 34.47896643398975, "p4": 22.82693309497923, "pol1": 0.9716531152053238, "pol2": 0.6327079957875517, "pol3": 0.5405187235357787, "pol4": 0.12802956913271935, "v0s": 2.2572481699049045}, "datetime": {"datetime": "2022-04-11 14:54:51", "elapsed": 1194.155317, "delta": 16.17206}}
{"target": -1.0, "params": {"Bgrad": 6.075095304741396, "d1": -0.45717981246626005, "d2": -2.7153660141184215, "d3": -1.1907205701455892, "d4": -0.18216119065788172, "p1": 4.810162718335298, "p2": 9.861331444977678, "p3": 36.14334358260741, "p4": 25.25377289274661, "pol1": 0.005265388235341506, "pol2": 0.4120511698774807, "pol3": 0.9170644036810807, "pol4": 0.7283775032217992, "v0s": 4.043550539114182}, "datetime": {"datetime": "2022-04-11 14:55:06", "elapsed": 1209.03429, "delta": 14.878973}}
{"target": -1.0, "params": {"Bgrad": 11.105093981107938, "d1": -0.009986723109895568, "d2": -2.119250281917002, "d3": 0.03029357701465374, "d4": -1.1781208752694865, "p1": 9.502046935080116, "p2": 8.442318218972305, "p3": 33.51972309354781, "p4": 25.162501072438143, "pol1": -0.26388878317973896, "pol2": -0.20537835825562079, "pol3": 0.9524588773264491, "pol4": -0.6428643741158375, "v0s": 5.967237063566812}, "datetime": {"datetime": "2022-04-11 14:55:23", "elapsed": 1226.288957, "delta": 17.254667}}
{"target": 4.194938416535563, "params": {"Bgrad": 10.9919035619714, "d1": -0.15799342692510576, "d2": -2.6824151592352927, "d3": -1.7519530128217569, "d4": -0.41815745793005643, "p1": 3.9607730148272347, "p2": 10.227539612605662, "p3": 39.211897058579794, "p4": 22.645145910690555, "pol1": -0.3250637565328207, "pol2": -0.28196183818226705, "pol3": 0.3073312347603874, "pol4": -0.35586401554892655, "v0s": 4.194938416535563}, "datetime": {"datetime": "2022-04-11 14:55:33", "elapsed": 1235.810643, "delta": 9.521686}}
{"target": 5.079826310711345, "params": {"Bgrad": 12.455215038968706, "d1": -3.0, "d2": -2.481672728176164, "d3": -2.0123607907396677, "d4": -3.0, "p1": 4.693014712190457, "p2": 7.782812154758835, "p3": 38.14387820579617, "p4": 25.342644531050762, "pol1": -0.0489115100278314, "pol2": -0.2879624615391806, "pol3": 0.49450967512590577, "pol4": -0.09184587964359822, "v0s": 5.079826310711345}, "datetime": {"datetime": "2022-04-11 14:55:46", "elapsed": 1249.184627, "delta": 13.373984}}
{"target": -1.0, "params": {"Bgrad": 10.570234096081014, "d1": -2.0783634729682032, "d2": 0.7313498501725211, "d3": -2.7043492091821797, "d4": 0.5311802293518957, "p1": 6.800194253134839, "p2": 10.651797136376768, "p3": 35.038163076838224, "p4": 28.17368791128097, "pol1": 0.4102559540479467, "pol2": 0.8659417402817626, "pol3": -0.24147750974278503, "pol4": -0.8790803180925422, "v0s": 3.4349896420158386}, "datetime": {"datetime": "2022-04-11 14:56:09", "elapsed": 1272.370533, "delta": 23.185906}}
{"target": 2.9534079537216105, "params": {"Bgrad": 9.068593493076065, "d1": -2.779658659911091, "d2": -1.452074415718124, "d3": -1.2519029021805554, "d4": -1.3827409601224319, "p1": 2.3930795668825833, "p2": 4.365628090406365, "p3": 36.305356153118254, "p4": 24.37950604138928, "pol1": 0.20922262147714066, "pol2": 0.5244474754656676, "pol3": -0.5347533415651857, "pol4": -0.3486198633893298, "v0s": 2.9534079537216105}, "datetime": {"datetime": "2022-04-11 14:56:17", "elapsed": 1279.520562, "delta": 7.150029}}
{"target": 3.8871360171969114, "params": {"Bgrad": 5.325416226656186, "d1": -2.156114664906639, "d2": -1.502482707016045, "d3": -2.8931745873491037, "d4": -1.6547695602055255, "p1": 2.165279735503123, "p2": 4.4808675474928, "p3": 33.58997694988189, "p4": 19.565674971274337, "pol1": 0.2734178283645323, "pol2": 0.3589652352881203, "pol3": 0.6141804297366955, "pol4": -0.3097595069595571, "v0s": 3.8871360171969114}, "datetime": {"datetime": "2022-04-11 14:56:21", "elapsed": 1284.061493, "delta": 4.540931}}
{"target": 4.15561971966782, "params": {"Bgrad": 8.584779656768891, "d1": -1.249398834085686, "d2": 0.11569877941081375, "d3": -2.6360692836333306, "d4": -1.2458343945284063, "p1": 4.776022556847481, "p2": 4.762525982313692, "p3": 32.99680677761395, "p4": 25.73013749473506, "pol1": -0.981602795867198, "pol2": -0.2670392108556112, "pol3": 0.2247950403713661, "pol4": 0.03878098813372932, "v0s": 4.15561971966782}, "datetime": {"datetime": "2022-04-11 14:56:30", "elapsed": 1292.868107, "delta": 8.806614}}
{"target": 4.750659580061737, "params": {"Bgrad": 5.635286527447268, "d1": -2.540253232753516, "d2": -0.06167649454737667, "d3": -2.5770443284089493, "d4": -1.7136700722179183, "p1": 5.448670955121493, "p2": 6.793652657506372, "p3": 36.4212162216896, "p4": 27.86828598824188, "pol1": -0.7809027045042551, "pol2": -0.9177908736794889, "pol3": -0.8494544209067341, "pol4": 0.6281896999238377, "v0s": 4.750659580061737}, "datetime": {"datetime": "2022-04-11 14:56:36", "elapsed": 1299.097556, "delta": 6.229449}}
{"target": 2.4352393683842672, "params": {"Bgrad": 6.452101906068516, "d1": -2.7078093534219367, "d2": -2.7812329732311585, "d3": -2.8172251498081606, "d4": -2.3608458024050276, "p1": 3.291281891783282, "p2": 4.996983666322475, "p3": 35.48493131803711, "p4": 24.70956940149821, "pol1": 0.4301184066920367, "pol2": 0.5992008113468099, "pol3": 0.2576509807645715, "pol4": 0.010303625553702789, "v0s": 2.4352393683842672}, "datetime": {"datetime": "2022-04-11 14:56:43", "elapsed": 1306.322348, "delta": 7.224792}}
{"target": -1.0, "params": {"Bgrad": 10.17380200211301, "d1": 0.8494613225258214, "d2": 0.14143632524845318, "d3": -2.8892166069036422, "d4": -2.957028297489079, "p1": 6.435558264514168, "p2": 8.03456073491473, "p3": 36.40918607988593, "p4": 25.083346181779998, "pol1": -0.5429737295569874, "pol2": -0.12836052326272984, "pol3": -0.37116930488683364, "pol4": -0.47400415359418924, "v0s": 2.8953384776126474}, "datetime": {"datetime": "2022-04-11 14:57:06", "elapsed": 1328.482959, "delta": 22.160611}}
{"target": 2.8222206002043624, "params": {"Bgrad": 9.233997786861929, "d1": -2.1155149623380263, "d2": -2.671837462642965, "d3": -2.4835868713732214, "d4": -2.2751089860094176, "p1": 7.055693966645949, "p2": 7.706659515348746, "p3": 31.082879039247537, "p4": 28.74036436219985, "pol1": -0.7428004383154758, "pol2": -0.11547057122606441, "pol3": 0.6876615983046863, "pol4": -0.07552225784714683, "v0s": 2.8222206002043624}, "datetime": {"datetime": "2022-04-11 14:57:10", "elapsed": 1332.456915, "delta": 3.973956}}
{"target": 4.19194003387554, "params": {"Bgrad": 6.390081407893686, "d1": -1.4460830099184774, "d2": -0.9057303204681681, "d3": -1.290407543961344, "d4": -2.996246606590905, "p1": 0.8456730506692545, "p2": 7.374107763947768, "p3": 34.31233378988583, "p4": 20.604810284759377, "pol1": 0.20235542885472402, "pol2": -0.14865703235138006, "pol3": 0.5659042666444434, "pol4": 0.5791221558947068, "v0s": 4.19194003387554}, "datetime": {"datetime": "2022-04-11 14:57:26", "elapsed": 1348.688277, "delta": 16.231362}}
{"target": -1.0, "params": {"Bgrad": 12.992832021686487, "d1": 0.4760917242110061, "d2": 0.01180805251069783, "d3": -2.958019383523832, "d4": -1.5907121295646771, "p1": 10.40239132000529, "p2": 7.61451575392757, "p3": 33.35357838443886, "p4": 28.229369903982978, "pol1": 0.3015817813223258, "pol2": 0.4813670294054795, "pol3": -0.11963516747575942, "pol4": -0.06490316507896887, "v0s": 3.593521825660348}, "datetime": {"datetime": "2022-04-11 14:57:50", "elapsed": 1373.102419, "delta": 24.414142}}
{"target": 3.9890928827883947, "params": {"Bgrad": 8.492454423355575, "d1": -2.7140555176280876, "d2": -2.409613835153608, "d3": 0.36127399811666194, "d4": -2.294467492675272, "p1": 1.84507534270838, "p2": 3.32582019350367, "p3": 37.840136400641754, "p4": 20.030195089755765, "pol1": -0.13036073970455297, "pol2": 0.20682744208166937, "pol3": -0.10865355543645827, "pol4": 0.8988753250403108, "v0s": 3.9890928827883947}, "datetime": {"datetime": "2022-04-11 14:58:05", "elapsed": 1387.615833, "delta": 14.513414}}
{"target": 3.885892267666355, "params": {"Bgrad": 3.902249722473944, "d1": -0.8335141503888481, "d2": -0.0010215842944365505, "d3": -2.7372251798006597, "d4": -0.2640017862524551, "p1": 6.207549057131728, "p2": 3.7576258393040574, "p3": 33.73109498734561, "p4": 23.87752573233749, "pol1": 0.5356414118893362, "pol2": 0.8761160547353422, "pol3": -0.6040977864642711, "pol4": 0.7099627132469017, "v0s": 3.885892267666355}, "datetime": {"datetime": "2022-04-11 14:58:11", "elapsed": 1394.12755, "delta": 6.511717}}
{"target": 4.442674351813791, "params": {"Bgrad": 10.35203775678798, "d1": -2.9032931253421115, "d2": -0.25821807778219297, "d3": -1.5784154969179673, "d4": -2.9233702123430123, "p1": 10.348249236865732, "p2": 6.654292751819008, "p3": 29.871255856500138, "p4": 24.216350526991544, "pol1": -0.4554809537601039, "pol2": 0.26525031398382404, "pol3": -0.15824806892449184, "pol4": -0.7953069695054074, "v0s": 4.442674351813791}, "datetime": {"datetime": "2022-04-11 14:58:23", "elapsed": 1405.67188, "delta": 11.54433}}
{"target": 4.1737119769727125, "params": {"Bgrad": 6.419475782544124, "d1": -2.0748186552906467, "d2": -1.6285877826497062, "d3": -1.5551034323405883, "d4": -2.158716112197305, "p1": 2.882578957034663, "p2": 5.159676608253506, "p3": 35.508689578961054, "p4": 21.425351605668666, "pol1": -0.4453914846164121, "pol2": 0.06232547101321163, "pol3": 0.2486161944478756, "pol4": 0.43421775073221813, "v0s": 4.1737119769727125}, "datetime": {"datetime": "2022-04-11 14:58:31", "elapsed": 1414.309918, "delta": 8.638038}}
{"target": 2.5488783592859026, "params": {"Bgrad": 10.393525623369316, "d1": -0.09832157952248455, "d2": -1.2704229810898777, "d3": -2.239739394147798, "d4": -2.2614335521337594, "p1": 1.4014891442285238, "p2": 8.31992646086227, "p3": 36.17686740667616, "p4": 24.02806010235618, "pol1": 0.23927478315044004, "pol2": 0.7251849309387535, "pol3": 0.5564960863992934, "pol4": 0.10028035241744249, "v0s": 2.5488783592859026}, "datetime": {"datetime": "2022-04-11 14:58:38", "elapsed": 1420.68102, "delta": 6.371102}}
{"target": 4.8740141526412675, "params": {"Bgrad": 9.942654504892747, "d1": -2.8787031618357686, "d2": -2.1850066879414327, "d3": -2.341370195754243, "d4": -1.6872856926946964, "p1": 8.609432228652741, "p2": 6.192313735509875, "p3": 28.918579075818567, "p4": 24.083597904313137, "pol1": -0.23523733930601165, "pol2": -0.5896878807796195, "pol3": 0.4325729784778942, "pol4": 0.7559975296006456, "v0s": 4.8740141526412675}, "datetime": {"datetime": "2022-04-11 14:58:52", "elapsed": 1434.552149, "delta": 13.871129}}
{"target": -1.0, "params": {"Bgrad": 12.272477079760186, "d1": -1.2409218580704051, "d2": -1.0621422223552655, "d3": -1.8581038502809943, "d4": 0.14410802150423763, "p1": 6.722807756673143, "p2": 9.513352300895573, "p3": 34.02785487672485, "p4": 25.870933476610748, "pol1": -0.8352176759645307, "pol2": 0.07990547975174245, "pol3": -0.7447275472565267, "pol4": 0.8368548871881591, "v0s": 5.3420567072889265}, "datetime": {"datetime": "2022-04-11 14:59:11", "elapsed": 1453.903279, "delta": 19.35113}}
{"target": -1.0, "params": {"Bgrad": 8.285781446569404, "d1": -2.412716983279006, "d2": -1.664463766453828, "d3": -1.0666584856441959, "d4": -2.010194298508971, "p1": 11.885888473105288, "p2": 7.976153612199621, "p3": 29.70138560747183, "p4": 24.928631280418738, "pol1": -0.2923297554588369, "pol2": 0.044961553233239915, "pol3": 0.6999819640412677, "pol4": -0.36892878394730877, "v0s": 7.914674539665558}, "datetime": {"datetime": "2022-04-11 14:59:30", "elapsed": 1473.39447, "delta": 19.491191}}
{"target": 2.2487216404171226, "params": {"Bgrad": 12.217491802433269, "d1": 0.0758147455028726, "d2": -2.101545731794322, "d3": -0.5459337247960625, "d4": -2.789802085605616, "p1": 3.993237349886586, "p2": 9.477225126539562, "p3": 36.858403363729956, "p4": 25.133301435088224, "pol1": 0.3166388757276224, "pol2": -0.41046371277181515, "pol3": -0.33487077789439024, "pol4": -0.12724688191246813, "v0s": 2.2487216404171226}, "datetime": {"datetime": "2022-04-11 14:59:34", "elapsed": 1476.696717, "delta": 3.302247}}
{"target": 4.846865243299465, "params": {"Bgrad": 8.424489772013569, "d1": -2.9169410516754657, "d2": -1.6774605830358285, "d3": -1.1967603901188117, "d4": -2.0784065649222696, "p1": 10.540561257715215, "p2": 8.579600440137508, "p3": 30.574373256487934, "p4": 27.924537511234515, "pol1": 0.6241440480043672, "pol2": -0.16196248607824892, "pol3": 0.5243906210517586, "pol4": 0.9957892582427732, "v0s": 4.846865243299465}, "datetime": {"datetime": "2022-04-11 14:59:46", "elapsed": 1488.761202, "delta": 12.064485}}
{"target": 2.6468224810385927, "params": {"Bgrad": 10.225719068239453, "d1": -2.8573491856849325, "d2": -1.6858057069792336, "d3": -1.9085216723188014, "d4": -2.772838827639656, "p1": 3.5360984247835345, "p2": 4.366606378747023, "p3": 36.57122301840079, "p4": 22.169988634578324, "pol1": 0.8319329464461884, "pol2": 0.07973477573248222, "pol3": 0.6184375071142001, "pol4": 0.004918614555237122, "v0s": 2.6468224810385927}, "datetime": {"datetime": "2022-04-11 14:59:56", "elapsed": 1498.847914, "delta": 10.086712}}
{"target": 4.460866173078085, "params": {"Bgrad": 9.783220049304152, "d1": -2.5286182917611915, "d2": -1.3541448237555211, "d3": -1.9578171009092555, "d4": -1.9906809645812822, "p1": 9.18283619506027, "p2": 6.846918793914452, "p3": 31.758404795829037, "p4": 26.151865768784965, "pol1": 0.014433046859413335, "pol2": -0.15890673429198374, "pol3": 0.4054152805571193, "pol4": 0.3087741624504643, "v0s": 4.460866173078085}, "datetime": {"datetime": "2022-04-11 15:00:07", "elapsed": 1510.215208, "delta": 11.367294}}
{"target": 4.294350242763782, "params": {"Bgrad": 7.363674873575089, "d1": -0.5692059622847463, "d2": 0.6760891162257092, "d3": -2.268795569953689, "d4": -2.4125950591680376, "p1": 1.254423717737746, "p2": 1.6667763248843004, "p3": 34.565469202893745, "p4": 22.38547531015354, "pol1": 0.025625655926641677, "pol2": -0.4066772881739267, "pol3": -0.7211286622867401, "pol4": 0.8184829213543867, "v0s": 4.294350242763782}, "datetime": {"datetime": "2022-04-11 15:00:13", "elapsed": 1516.158959, "delta": 5.943751}}
{"target": 3.7683591414633204, "params": {"Bgrad": 2.3155772233017387, "d1": -2.8499703487666657, "d2": -0.5350442286464379, "d3": -1.6558068397376928, "d4": -1.1782937758516265, "p1": 6.661879032202878, "p2": 2.4183716902142827, "p3": 33.68915388708357, "p4": 23.373697791349052, "pol1": -0.2538674616698833, "pol2": 0.936411108773362, "pol3": -0.7117763584131229, "pol4": -0.5329115748767126, "v0s": 3.7683591414633204}, "datetime": {"datetime": "2022-04-11 15:00:22", "elapsed": 1524.763091, "delta": 8.604132}}
{"target": -1.0, "params": {"Bgrad": 7.357957307138009, "d1": -2.4717812504712615, "d2": -1.1852250765674204, "d3": -1.3553462597121295, "d4": -1.808614877811554, "p1": 10.772094078584765, "p2": 9.372936464113929, "p3": 29.68153520092111, "p4": 29.814489478431465, "pol1": -0.4919796465704145, "pol2": -0.9808357773215515, "pol3": -0.8429473530039022, "pol4": -0.09093508476690171, "v0s": 5.1101107793129685}, "datetime": {"datetime": "2022-04-11 15:00:40", "elapsed": 1543.334255, "delta": 18.571164}}
{"target": 2.7802601877926563, "params": {"Bgrad": 6.420343304270821, "d1": -2.560212978541692, "d2": -0.013864608755527641, "d3": -1.432196411030966, "d4": -0.19175020833367107, "p1": 3.205864651864443, "p2": 2.9404852981455676, "p3": 36.31457973319505, "p4": 21.224037497840616, "pol1": 0.0579960757433875, "pol2": -0.1506204508604898, "pol3": -0.9604815047318573, "pol4": -0.9726188559697178, "v0s": 2.7802601877926563}, "datetime": {"datetime": "2022-04-11 15:00:46", "elapsed": 1549.04359, "delta": 5.709335}}
{"target": 2.3711018920323923, "params": {"Bgrad": 10.419116271100254, "d1": -2.2051739891132995, "d2": 0.46821734798803893, "d3": -1.0141807229497126, "d4": -2.361794459991752, "p1": 1.422131916227365, "p2": 7.3704189459141585, "p3": 35.17263919472562, "p4": 23.027211773415747, "pol1": -0.2794311156542213, "pol2": 0.21358243538577737, "pol3": -0.53398135128421, "pol4": 0.3357249883176232, "v0s": 2.3711018920323923}, "datetime": {"datetime": "2022-04-11 15:00:58", "elapsed": 1560.700627, "delta": 11.657037}}
{"target": 3.9151492174737825, "params": {"Bgrad": 3.8804440252069634, "d1": -2.3924102719084757, "d2": -2.8058761251881488, "d3": -1.4882941194448738, "d4": 0.03579935901997411, "p1": 4.902903305420275, "p2": 4.285696453224929, "p3": 31.334346492622338, "p4": 23.516242529207958, "pol1": 0.04756027037914867, "pol2": 0.11255950672537463, "pol3": 0.412159697262521, "pol4": 0.47942695014054393, "v0s": 3.9151492174737825}, "datetime": {"datetime": "2022-04-11 15:01:08", "elapsed": 1570.479675, "delta": 9.779048}}
{"target": -1.0, "params": {"Bgrad": 5.764612545139572, "d1": 0.5421319503830331, "d2": 0.21840434688428845, "d3": -2.7785649989835597, "d4": -2.7426626974941772, "p1": 10.428325786157123, "p2": 8.988174658781523, "p3": 30.490090287982834, "p4": 26.111031271403736, "pol1": 0.29976997550672047, "pol2": 0.018383312522531448, "pol3": 0.24295667056662928, "pol4": 0.5996884485227691, "v0s": 2.8416262798202796}, "datetime": {"datetime": "2022-04-11 15:01:29", "elapsed": 1591.71339, "delta": 21.233715}}
{"target": 4.248496892856614, "params": {"Bgrad": 11.887757521518685, "d1": -3.0, "d2": -1.7626057479036523, "d3": -2.4877944871544124, "d4": -2.480960823721798, "p1": 6.840177837483983, "p2": 7.7656470476230925, "p3": 36.66798486221149, "p4": 26.83750863348654, "pol1": -0.1742698123800935, "pol2": 0.17774021252471567, "pol3": 0.6033971741709242, "pol4": 0.11356264547248889, "v0s": 4.248496892856614}, "datetime": {"datetime": "2022-04-11 15:01:41", "elapsed": 1604.368836, "delta": 12.655446}}
{"target": 2.929994577618925, "params": {"Bgrad": 12.165907817443241, "d1": -0.20191920166544453, "d2": -0.43404250796577104, "d3": -1.6279071777827143, "d4": -1.1149062861429355, "p1": 8.23249893689802, "p2": 7.932108909686625, "p3": 37.02287281432397, "p4": 26.67201410468608, "pol1": 0.26736283540510697, "pol2": -0.9978291758623685, "pol3": 0.9387339982104936, "pol4": 0.8174059246413738, "v0s": 2.929994577618925}, "datetime": {"datetime": "2022-04-11 15:01:49", "elapsed": 1611.518392, "delta": 7.149556}}
{"target": 4.876173590367922, "params": {"Bgrad": 10.889526288451686, "d1": -3.0, "d2": -1.0720756190833511, "d3": -2.2369744221190633, "d4": -3.0, "p1": 5.260079194381301, "p2": 8.846563339655413, "p3": 36.343461239247176, "p4": 25.741319738945553, "pol1": -0.2560943049239764, "pol2": -0.41155050569218127, "pol3": 0.31607791408426983, "pol4": 0.2511069339062595, "v0s": 4.876173590367922}, "datetime": {"datetime": "2022-04-11 15:02:03", "elapsed": 1625.719709, "delta": 14.201317}}
