{"target": -1.0, "params": {"Bgrad": 0.8504992088588751, "d1": -2.5921309622968103, "d2": -0.9365719321258807, "d3": -1.0914360518008706, "d4": -2.389313423627347, "p1": 31.090311587020775, "p2": 27.200505940696907, "p3": 32.706867348537216, "p4": 7.22727700623299, "pol1": 0.5030556342704877, "pol2": -0.5559017204001546, "pol3": 0.038703648732066, "pol4": 0.5705920564432378, "v0s": 2.133982567950837}, "datetime": {"datetime": "2022-06-21 16:44:54", "elapsed": 202.395814, "delta": 3.586951}}
{"target": -1.0, "params": {"Bgrad": 0.8504992088588751, "d1": -2.5921309622968103, "d2": -0.9365719321258807, "d3": -1.0914360518008706, "d4": -2.389313423627347, "p1": 31.090311587020775, "p2": 27.200505940696907, "p3": 32.706867348537216, "p4": 7.22727700623299, "pol1": 0.5030556342704877, "pol2": -0.5559017204001546, "pol3": 0.038703648732066, "pol4": 0.5705920564432378, "v0s": 2.133982567950837}, "datetime": {"datetime": "2022-06-21 16:44:54", "elapsed": 202.395814, "delta": 3.586951}}
{"target": -1.0, "params": {"Bgrad": 0.9865436895892797, "d1": 0.4916895056004442, "d2": 0.37883843040827836, "d3": -0.8462376296218252, "d4": 0.4664330966660519, "p1": 47.490299567681326, "p2": 41.32034988146707, "p3": 42.70577219182694, "p4": 4.937170091017418, "pol1": 0.3026086646819821, "pol2": 0.4070339763053059, "pol3": 0.22048162529325932, "pol4": 0.5992305234720561, "v0s": 2.2074273192298053}, "datetime": {"datetime": "2022-06-21 16:45:03", "elapsed": 211.31512, "delta": 8.919306}}
{"target": -1.0, "params": {"Bgrad": 0.9865436895892797, "d1": 0.4916895056004442, "d2": 0.37883843040827836, "d3": -0.8462376296218252, "d4": 0.4664330966660519, "p1": 47.490299567681326, "p2": 41.32034988146707, "p3": 42.70577219182694, "p4": 4.937170091017418, "pol1": 0.3026086646819821, "pol2": 0.4070339763053059, "pol3": 0.22048162529325932, "pol4": 0.5992305234720561, "v0s": 2.2074273192298053}, "datetime": {"datetime": "2022-06-21 16:45:03", "elapsed": 211.31512, "delta": 8.919306}}
{"target": -1.0, "params": {"Bgrad": 1.65535810183247, "d1": -0.07308559704189221, "d2": -1.9612064268065876, "d3": -1.9717228047114133, "d4": -0.4707867302794888, "p1": 17.26487307955408, "p2": 39.82943390036438, "p3": 22.307311600172863, "p4": 39.137470739208595, "pol1": 0.9809435672476814, "pol2": -0.39950332093219987, "pol3": -0.7139883434838012, "pol4": 0.8026168726985476, "v0s": 5.249356273324239}, "datetime": {"datetime": "2022-06-21 16:45:12", "elapsed": 220.528148, "delta": 9.213028}}
{"target": -1.0, "params": {"Bgrad": 1.65535810183247, "d1": -0.07308559704189221, "d2": -1.9612064268065876, "d3": -1.9717228047114133, "d4": -0.4707867302794888, "p1": 17.26487307955408, "p2": 39.82943390036438, "p3": 22.307311600172863, "p4": 39.137470739208595, "pol1": 0.9809435672476814, "pol2": -0.39950332093219987, "pol3": -0.7139883434838012, "pol4": 0.8026168726985476, "v0s": 5.249356273324239}, "datetime": {"datetime": "2022-06-21 16:45:12", "elapsed": 220.528148, "delta": 9.213028}}
{"target": -1.0, "params": {"Bgrad": 1.9621105562826233, "d1": -0.4535823999924111, "d2": 0.9756520984419157, "d3": -0.8157167834281935, "d4": -0.8942962643779149, "p1": 6.771395153608495, "p2": 17.785258549194054, "p3": 1.3109283648186643, "p4": 8.019758975982455, "pol1": 0.49127438541499213, "pol2": -0.9392006201424223, "pol3": -0.2669138055125113, "pol4": 0.7246925056760882, "v0s": 6.156066305044126}, "datetime": {"datetime": "2022-06-21 16:45:23", "elapsed": 232.013664, "delta": 11.485516}}
{"target": -1.0, "params": {"Bgrad": 1.9621105562826233, "d1": -0.4535823999924111, "d2": 0.9756520984419157, "d3": -0.8157167834281935, "d4": -0.8942962643779149, "p1": 6.771395153608495, "p2": 17.785258549194054, "p3": 1.3109283648186643, "p4": 8.019758975982455, "pol1": 0.49127438541499213, "pol2": -0.9392006201424223, "pol3": -0.2669138055125113, "pol4": 0.7246925056760882, "v0s": 6.156066305044126}, "datetime": {"datetime": "2022-06-21 16:45:23", "elapsed": 232.014662, "delta": 11.486514}}
{"target": -1.0, "params": {"Bgrad": 1.536413213099253, "d1": -2.2454527961787565, "d2": -1.2323828770063066, "d3": -0.6736903706228352, "d4": 0.959006830654821, "p1": 10.195311261656093, "p2": 12.386645088117742, "p3": 13.108654188645597, "p4": 37.50862066489964, "pol1": -0.0860493451286144, "pol2": -0.88614112317781, "pol3": 0.01703248122047918, "pol4": -0.5760796707126481, "v0s": 6.791625468561261}, "datetime": {"datetime": "2022-06-21 16:45:34", "elapsed": 242.747628, "delta": 10.733964}}
{"target": -1.0, "params": {"Bgrad": 1.536413213099253, "d1": -2.2454527961787565, "d2": -1.2323828770063066, "d3": -0.6736903706228352, "d4": 0.959006830654821, "p1": 10.195311261656093, "p2": 12.386645088117742, "p3": 13.108654188645597, "p4": 37.50862066489964, "pol1": -0.0860493451286144, "pol2": -0.88614112317781, "pol3": 0.01703248122047918, "pol4": -0.5760796707126481, "v0s": 6.791625468561261}, "datetime": {"datetime": "2022-06-21 16:45:34", "elapsed": 242.747628, "delta": 10.732966}}
{"target": -1.0, "params": {"Bgrad": 0.9459970722609083, "d1": -2.8895759521819855, "d2": -0.6262702021415159, "d3": 0.3753617157247553, "d4": -1.4759355037511432, "p1": 37.49291553630717, "p2": 25.55707391485641, "p3": 27.047590248109433, "p4": 47.97171605308762, "pol1": 0.6079217829972936, "pol2": -0.935353866752852, "pol3": 0.4187745024625902, "pol4": -0.06999703687298786, "v0s": 7.685293648370599}, "datetime": {"datetime": "2022-06-21 16:45:45", "elapsed": 253.770153, "delta": 11.022525}}
{"target": -1.0, "params": {"Bgrad": 0.9459970722609083, "d1": -2.8895759521819855, "d2": -0.6262702021415159, "d3": 0.3753617157247553, "d4": -1.4759355037511432, "p1": 37.49291553630717, "p2": 25.55707391485641, "p3": 27.047590248109433, "p4": 47.97171605308762, "pol1": 0.6079217829972936, "pol2": -0.935353866752852, "pol3": 0.4187745024625902, "pol4": -0.06999703687298786, "v0s": 7.685293648370599}, "datetime": {"datetime": "2022-06-21 16:45:45", "elapsed": 253.770153, "delta": 11.022525}}
{"target": -1.0, "params": {"Bgrad": 0.8321491014852325, "d1": -1.9317119212625369, "d2": -2.674104140490952, "d3": -1.2855246853448539, "d4": -2.563924943923727, "p1": 31.68933803059589, "p2": 40.14816186868689, "p3": 34.84002480600893, "p4": 38.31056905378853, "pol1": -0.3150917603129604, "pol2": 0.6917029660553553, "pol3": -0.1424624500011149, "pol4": 0.6480197408246375, "v0s": 5.758976951745763}, "datetime": {"datetime": "2022-06-21 16:45:50", "elapsed": 258.371848, "delta": 4.601695}}
{"target": -1.0, "params": {"Bgrad": 0.8321491014852325, "d1": -1.9317119212625369, "d2": -2.674104140490952, "d3": -1.2855246853448539, "d4": -2.563924943923727, "p1": 31.68933803059589, "p2": 40.14816186868689, "p3": 34.84002480600893, "p4": 38.31056905378853, "pol1": -0.3150917603129604, "pol2": 0.6917029660553553, "pol3": -0.1424624500011149, "pol4": 0.6480197408246375, "v0s": 5.758976951745763}, "datetime": {"datetime": "2022-06-21 16:45:50", "elapsed": 258.371848, "delta": 4.601695}}
{"target": 4.844023559373165, "params": {"Bgrad": 0.7151345730053673, "d1": -2.686452400580208, "d2": -2.926669428347971, "d3": -2.733100009442574, "d4": -1.1656647451662727, "p1": 5.667096138379524, "p2": 1.3891674424334977, "p3": 37.74307406952337, "p4": 19.742524023031972, "pol1": 0.49387699121505024, "pol2": -0.0951903465070969, "pol3": -0.09982650599847775, "pol4": -0.04385498656433806, "v0s": 4.844023559373165}, "datetime": {"datetime": "2022-06-21 16:45:55", "elapsed": 263.495148, "delta": 5.1233}}
{"target": 4.844023559373165, "params": {"Bgrad": 0.7151345730053673, "d1": -2.686452400580208, "d2": -2.926669428347971, "d3": -2.733100009442574, "d4": -1.1656647451662727, "p1": 5.667096138379524, "p2": 1.3891674424334977, "p3": 37.74307406952337, "p4": 19.742524023031972, "pol1": 0.49387699121505024, "pol2": -0.0951903465070969, "pol3": -0.09982650599847775, "pol4": -0.04385498656433806, "v0s": 4.844023559373165}, "datetime": {"datetime": "2022-06-21 16:45:55", "elapsed": 263.495148, "delta": 5.1233}}
{"target": -1.0, "params": {"Bgrad": 1.7047450131712545, "d1": -1.3904299205690567, "d2": 0.6187446413744921, "d3": -2.8517558081838565, "d4": 0.09549737088167465, "p1": 6.282069056886941, "p2": 30.925678345604275, "p3": 0.518213066761597, "p4": 26.931364128817346, "pol1": -0.9939640867608073, "pol2": 0.902387570980409, "pol3": 0.8108040674055561, "pol4": 0.5919338838845387, "v0s": 7.491645919488725}, "datetime": {"datetime": "2022-06-21 16:46:04", "elapsed": 272.288635, "delta": 8.793487}}
{"target": -1.0, "params": {"Bgrad": 1.7047450131712545, "d1": -1.3904299205690567, "d2": 0.6187446413744921, "d3": -2.8517558081838565, "d4": 0.09549737088167465, "p1": 6.282069056886941, "p2": 30.925678345604275, "p3": 0.518213066761597, "p4": 26.931364128817346, "pol1": -0.9939640867608073, "pol2": 0.902387570980409, "pol3": 0.8108040674055561, "pol4": 0.5919338838845387, "v0s": 7.491645919488725}, "datetime": {"datetime": "2022-06-21 16:46:04", "elapsed": 272.289632, "delta": 8.794484}}
{"target": -1.0, "params": {"Bgrad": 0.7183373467375955, "d1": -2.369079720517867, "d2": -2.249473308390264, "d3": -0.5100163908003155, "d4": 0.6232379840332074, "p1": 49.49775891795368, "p2": 35.5561229382908, "p3": 36.59002045711476, "p4": 45.464660227212725, "pol1": -0.1982525352577582, "pol2": -0.5002986395499265, "pol3": -0.6531396584257543, "pol4": -0.761085899332542, "v0s": 6.875663528196972}, "datetime": {"datetime": "2022-06-21 16:46:10", "elapsed": 278.126026, "delta": 5.837391}}
{"target": -1.0, "params": {"Bgrad": 0.7183373467375955, "d1": -2.369079720517867, "d2": -2.249473308390264, "d3": -0.5100163908003155, "d4": 0.6232379840332074, "p1": 49.49775891795368, "p2": 35.5561229382908, "p3": 36.59002045711476, "p4": 45.464660227212725, "pol1": -0.1982525352577582, "pol2": -0.5002986395499265, "pol3": -0.6531396584257543, "pol4": -0.761085899332542, "v0s": 6.875663528196972}, "datetime": {"datetime": "2022-06-21 16:46:10", "elapsed": 278.127023, "delta": 5.837391}}
{"target": -1.0, "params": {"Bgrad": 0.7201885601258647, "d1": -1.9428100690923973, "d2": 0.27635671453412325, "d3": -1.75765099282316, "d4": 0.9296697971717713, "p1": 13.33193510758176, "p2": 26.68266724856057, "p3": 15.72335055929248, "p4": 45.53864155869187, "pol1": -0.26688671229753114, "pol2": -0.1328153454536709, "pol3": 0.024585384556722767, "pol4": 0.8777729547394266, "v0s": 2.185694037626904}, "datetime": {"datetime": "2022-06-21 16:46:19", "elapsed": 287.580743, "delta": 9.454717}}
{"target": -1.0, "params": {"Bgrad": 0.7201885601258647, "d1": -1.9428100690923973, "d2": 0.27635671453412325, "d3": -1.75765099282316, "d4": 0.9296697971717713, "p1": 13.33193510758176, "p2": 26.68266724856057, "p3": 15.72335055929248, "p4": 45.53864155869187, "pol1": -0.26688671229753114, "pol2": -0.1328153454536709, "pol3": 0.024585384556722767, "pol4": 0.8777729547394266, "v0s": 2.185694037626904}, "datetime": {"datetime": "2022-06-21 16:46:19", "elapsed": 287.581741, "delta": 9.454718}}
{"target": -1.0, "params": {"Bgrad": 1.5753179954475338, "d1": 0.5640758171693556, "d2": -2.8908511059301247, "d3": -0.9117950109899571, "d4": -1.6960407529198989, "p1": 42.97446604327929, "p2": 27.92582754612589, "p3": 34.511393408137394, "p4": 22.642674997576872, "pol1": 0.2566180750427143, "pol2": -0.41980629662514835, "pol3": -0.9813028440669684, "pol4": 0.15351186997418154, "v0s": 3.868665284794777}, "datetime": {"datetime": "2022-06-21 16:46:29", "elapsed": 297.117242, "delta": 9.536499}}
{"target": -1.0, "params": {"Bgrad": 1.5753179954475338, "d1": 0.5640758171693556, "d2": -2.8908511059301247, "d3": -0.9117950109899571, "d4": -1.6960407529198989, "p1": 42.97446604327929, "p2": 27.92582754612589, "p3": 34.511393408137394, "p4": 22.642674997576872, "pol1": 0.2566180750427143, "pol2": -0.41980629662514835, "pol3": -0.9813028440669684, "pol4": 0.15351186997418154, "v0s": 3.868665284794777}, "datetime": {"datetime": "2022-06-21 16:46:29", "elapsed": 297.117242, "delta": 9.535501}}
{"target": 3.0485952581378695, "params": {"Bgrad": 1.2759013977516946, "d1": 0.6656234122155911, "d2": -1.294100845994416, "d3": -2.0104158535904584, "d4": -1.5148249548837822, "p1": 46.59305583182703, "p2": 46.84341906545468, "p3": 42.21649742828566, "p4": 46.010325715283024, "pol1": -0.5441994200973661, "pol2": -0.8250355808928183, "pol3": -0.5453805274306225, "pol4": -0.37124676777189913, "v0s": 3.0485952581378695}, "datetime": {"datetime": "2022-06-21 16:46:35", "elapsed": 303.709614, "delta": 6.592372}}
{"target": 3.0485952581378695, "params": {"Bgrad": 1.2759013977516946, "d1": 0.6656234122155911, "d2": -1.294100845994416, "d3": -2.0104158535904584, "d4": -1.5148249548837822, "p1": 46.59305583182703, "p2": 46.84341906545468, "p3": 42.21649742828566, "p4": 46.010325715283024, "pol1": -0.5441994200973661, "pol2": -0.8250355808928183, "pol3": -0.5453805274306225, "pol4": -0.37124676777189913, "v0s": 3.0485952581378695}, "datetime": {"datetime": "2022-06-21 16:46:35", "elapsed": 303.709614, "delta": 6.592372}}
{"target": -1.0, "params": {"Bgrad": 1.4106412429586908, "d1": -1.3456543399953547, "d2": 0.2654060473088564, "d3": -2.2594784069238774, "d4": -0.19249388097475828, "p1": 12.017781242456943, "p2": 28.710954442042986, "p3": 17.449379861039443, "p4": 2.848219974141636, "pol1": -0.5423726580792483, "pol2": 0.3282051107095869, "pol3": -0.005499813278937449, "pol4": 0.03803196814735754, "v0s": 3.0483209006535352}, "datetime": {"datetime": "2022-06-21 16:46:44", "elapsed": 312.33156, "delta": 8.621946}}
{"target": -1.0, "params": {"Bgrad": 1.4106412429586908, "d1": -1.3456543399953547, "d2": 0.2654060473088564, "d3": -2.2594784069238774, "d4": -0.19249388097475828, "p1": 12.017781242456943, "p2": 28.710954442042986, "p3": 17.449379861039443, "p4": 2.848219974141636, "pol1": -0.5423726580792483, "pol2": 0.3282051107095869, "pol3": -0.005499813278937449, "pol4": 0.03803196814735754, "v0s": 3.0483209006535352}, "datetime": {"datetime": "2022-06-21 16:46:44", "elapsed": 312.33156, "delta": 8.621946}}
{"target": -1.0, "params": {"Bgrad": 1.3560737773193845, "d1": 0.9870137008328399, "d2": 0.26734043516648764, "d3": -0.6225095046760889, "d4": 0.9039562733236197, "p1": 45.078129233466065, "p2": 29.780396680132277, "p3": 1.6213162657228553, "p4": 4.678854790874038, "pol1": -0.8692565699155472, "pol2": -0.09653370261704941, "pol3": -0.2491303336642845, "pol4": 0.9507000685405731, "v0s": 3.0078997591976897}, "datetime": {"datetime": "2022-06-21 16:46:53", "elapsed": 321.470123, "delta": 9.138563}}
{"target": -1.0, "params": {"Bgrad": 1.3560737773193845, "d1": 0.9870137008328399, "d2": 0.26734043516648764, "d3": -0.6225095046760889, "d4": 0.9039562733236197, "p1": 45.078129233466065, "p2": 29.780396680132277, "p3": 1.6213162657228553, "p4": 4.678854790874038, "pol1": -0.8692565699155472, "pol2": -0.09653370261704941, "pol3": -0.2491303336642845, "pol4": 0.9507000685405731, "v0s": 3.0078997591976897}, "datetime": {"datetime": "2022-06-21 16:46:53", "elapsed": 321.47112, "delta": 9.13956}}
{"target": 2.065332402820874, "params": {"Bgrad": 1.9591813878989828, "d1": 0.06989947545205233, "d2": 0.29695135849799126, "d3": -0.4695367328880109, "d4": -0.3250689191730718, "p1": 23.844116676059667, "p2": 0.6568178461536123, "p3": 17.650304277091237, "p4": 24.60359007467792, "pol1": 0.46018242218020866, "pol2": -0.06274331450778159, "pol3": -0.08519016782113664, "pol4": -0.7246745181087937, "v0s": 2.065332402820874}, "datetime": {"datetime": "2022-06-21 16:46:59", "elapsed": 327.814159, "delta": 6.344036}}
{"target": 2.065332402820874, "params": {"Bgrad": 1.9591813878989828, "d1": 0.06989947545205233, "d2": 0.29695135849799126, "d3": -0.4695367328880109, "d4": -0.3250689191730718, "p1": 23.844116676059667, "p2": 0.6568178461536123, "p3": 17.650304277091237, "p4": 24.60359007467792, "pol1": 0.46018242218020866, "pol2": -0.06274331450778159, "pol3": -0.08519016782113664, "pol4": -0.7246745181087937, "v0s": 2.065332402820874}, "datetime": {"datetime": "2022-06-21 16:46:59", "elapsed": 327.815156, "delta": 6.344036}}
{"target": -1.0, "params": {"Bgrad": 1.6374173907154943, "d1": -1.7201886476892865, "d2": 0.9375338007740428, "d3": -2.119063095363376, "d4": -1.6451678980732813, "p1": 26.194806783306586, "p2": 37.74457285302664, "p3": 23.192889195014782, "p4": 6.241127155583815, "pol1": -0.374997243015901, "pol2": 0.009038339401989282, "pol3": 0.3476980160337353, "pol4": 0.5402999126241843, "v0s": 2.782014685726126}, "datetime": {"datetime": "2022-06-21 16:47:05", "elapsed": 333.856003, "delta": 6.041844}}
{"target": -1.0, "params": {"Bgrad": 1.6374173907154943, "d1": -1.7201886476892865, "d2": 0.9375338007740428, "d3": -2.119063095363376, "d4": -1.6451678980732813, "p1": 26.194806783306586, "p2": 37.74457285302664, "p3": 23.192889195014782, "p4": 6.241127155583815, "pol1": -0.374997243015901, "pol2": 0.009038339401989282, "pol3": 0.3476980160337353, "pol4": 0.5402999126241843, "v0s": 2.782014685726126}, "datetime": {"datetime": "2022-06-21 16:47:05", "elapsed": 333.856003, "delta": 6.040847}}
{"target": -1.0, "params": {"Bgrad": 0.5343726969835727, "d1": -0.9236707111520421, "d2": 0.23995484264966516, "d3": -2.9495849318804948, "d4": -0.31012062138506424, "p1": 34.34041133284959, "p2": 22.462337679331878, "p3": 45.73943433709671, "p4": 32.21805423784965, "pol1": -0.9895203246970683, "pol2": -0.031143108971248834, "pol3": 0.7186356121952, "pol4": 0.6607991400746789, "v0s": 5.894925182674868}, "datetime": {"datetime": "2022-06-21 16:47:12", "elapsed": 340.34166, "delta": 6.485657}}
{"target": -1.0, "params": {"Bgrad": 0.5343726969835727, "d1": -0.9236707111520421, "d2": 0.23995484264966516, "d3": -2.9495849318804948, "d4": -0.31012062138506424, "p1": 34.34041133284959, "p2": 22.462337679331878, "p3": 45.73943433709671, "p4": 32.21805423784965, "pol1": -0.9895203246970683, "pol2": -0.031143108971248834, "pol3": 0.7186356121952, "pol4": 0.6607991400746789, "v0s": 5.894925182674868}, "datetime": {"datetime": "2022-06-21 16:47:12", "elapsed": 340.342658, "delta": 6.486655}}
{"target": -1.0, "params": {"Bgrad": 1.5105476358479475, "d1": -0.6860016808431979, "d2": -1.9035208993325914, "d3": -0.7578800378557649, "d4": -0.3130808607303188, "p1": 17.62148151082044, "p2": 42.79141836269639, "p3": 9.751874300435365, "p4": 37.36604051659616, "pol1": -0.42079450762624515, "pol2": 0.547598574488364, "pol3": -0.14452534132784756, "pol4": 0.6153968182244189, "v0s": 4.121209176007943}, "datetime": {"datetime": "2022-06-21 16:47:22", "elapsed": 350.073636, "delta": 9.731976}}
{"target": -1.0, "params": {"Bgrad": 1.5105476358479475, "d1": -0.6860016808431979, "d2": -1.9035208993325914, "d3": -0.7578800378557649, "d4": -0.3130808607303188, "p1": 17.62148151082044, "p2": 42.79141836269639, "p3": 9.751874300435365, "p4": 37.36604051659616, "pol1": -0.42079450762624515, "pol2": 0.547598574488364, "pol3": -0.14452534132784756, "pol4": 0.6153968182244189, "v0s": 4.121209176007943}, "datetime": {"datetime": "2022-06-21 16:47:22", "elapsed": 350.074634, "delta": 9.731976}}
{"target": -1.0, "params": {"Bgrad": 0.8205398564443718, "d1": 0.06913803368706617, "d2": -1.7654322094773955, "d3": -0.06701972909428999, "d4": -0.02210738768907161, "p1": 11.069835045410054, "p2": 10.705606841032422, "p3": 9.947396171353335, "p4": 7.125916888292233, "pol1": -0.24583480158533177, "pol2": -0.946744230616757, "pol3": -0.7781592619315187, "pol4": 0.34912804752682103, "v0s": 6.798659221384318}, "datetime": {"datetime": "2022-06-21 16:47:27", "elapsed": 355.310633, "delta": 5.236997}}
{"target": -1.0, "params": {"Bgrad": 0.8205398564443718, "d1": 0.06913803368706617, "d2": -1.7654322094773955, "d3": -0.06701972909428999, "d4": -0.02210738768907161, "p1": 11.069835045410054, "p2": 10.705606841032422, "p3": 9.947396171353335, "p4": 7.125916888292233, "pol1": -0.24583480158533177, "pol2": -0.946744230616757, "pol3": -0.7781592619315187, "pol4": 0.34912804752682103, "v0s": 6.798659221384318}, "datetime": {"datetime": "2022-06-21 16:47:27", "elapsed": 355.310633, "delta": 5.235999}}
{"target": -1.0, "params": {"Bgrad": 0.6207942906925789, "d1": -2.073190758056832, "d2": -2.1694973527847425, "d3": 0.6693342523265224, "d4": -0.15474192745405313, "p1": 27.694230552570716, "p2": 15.225899396031013, "p3": 41.74270238158992, "p4": 21.765297881476, "pol1": 0.8469124302375504, "pol2": 0.41210360867186635, "pol3": -0.04393738406943326, "pol4": -0.7475797925012826, "v0s": 7.856261302806486}, "datetime": {"datetime": "2022-06-21 16:47:33", "elapsed": 361.586851, "delta": 6.276218}}
{"target": -1.0, "params": {"Bgrad": 0.6207942906925789, "d1": -2.073190758056832, "d2": -2.1694973527847425, "d3": 0.6693342523265224, "d4": -0.15474192745405313, "p1": 27.694230552570716, "p2": 15.225899396031013, "p3": 41.74270238158992, "p4": 21.765297881476, "pol1": 0.8469124302375504, "pol2": 0.41210360867186635, "pol3": -0.04393738406943326, "pol4": -0.7475797925012826, "v0s": 7.856261302806486}, "datetime": {"datetime": "2022-06-21 16:47:33", "elapsed": 361.586851, "delta": 6.276218}}
{"target": -1.0, "params": {"Bgrad": 0.73975047551614, "d1": -2.1895914991213496, "d2": -1.2752729793585162, "d3": -1.383192376899411, "d4": -2.4129940769428235, "p1": 36.46594596805617, "p2": 9.437253343859297, "p3": 32.19478221558314, "p4": 37.715297528814936, "pol1": -0.5785352158333585, "pol2": 0.20190849621527995, "pol3": 0.4978567504916729, "pol4": 0.27643742124066684, "v0s": 5.582763817679894}, "datetime": {"datetime": "2022-06-21 16:47:39", "elapsed": 367.764332, "delta": 6.177481}}
