{"target": 0.0, "params": {"beta_1": 1.7278036352152388, "beta_2": 5.9515121134600495, "det_1": 123.8816734003357, "det_2": 15.47986286008237, "laseroff": 505566.16489952744, "laseron": 171312.19591657026, "main_det": 18.781174363909454}, "datetime": {"datetime": "2022-02-28 07:05:51", "elapsed": 0.0, "delta": 0.0}}
{"target": 0.0030770583818759073, "params": {"beta_1": 0.13693796598963082, "beta_2": 10.057012652676033, "det_1": 111.7304802367127, "det_2": 18.96724571114379, "laseroff": 342116.94119163154, "laseron": 170284.89687437, "main_det": 18.007445686755368}, "datetime": {"datetime": "2022-02-28 07:16:23", "elapsed": 632.497427, "delta": 632.497427}}
{"target": 0.0, "params": {"beta_1": 4.841307878596988, "beta_2": 4.701362672388642, "det_1": 139.2322615669314, "det_2": 26.909728807400956, "laseroff": 568382.1044444907, "laseron": 151996.75163117528, "main_det": 10.390547832328824}, "datetime": {"datetime": "2022-02-28 07:34:12", "elapsed": 1701.561411, "delta": 1069.063984}}
{"target": 0.0, "params": {"beta_1": 0.8491520978228445, "beta_2": 13.172137551441198, "det_1": 79.834683383305, "det_2": 15.527690625126304, "laseroff": 587366.9011556203, "laseron": 224484.81649723524, "main_det": 16.918771139504734}, "datetime": {"datetime": "2022-02-28 07:46:39", "elapsed": 2448.195311, "delta": 746.6339}}
{"target": 0.0, "params": {"beta_1": 1.5775781550303147, "beta_2": 10.297513915223755, "det_1": 153.46256718973729, "det_2": 5.4572069336047955, "laseroff": 525043.5443391753, "laseron": 298198.1697415146, "main_det": 17.481656543798394}, "datetime": {"datetime": "2022-02-28 07:59:01", "elapsed": 3190.627709, "delta": 742.432398}}
{"target": 0.0, "params": {"beta_1": 2.8930422245879344, "beta_2": 3.669602479961547, "det_1": 164.1891302727762, "det_2": 6.514536290824095, "laseroff": 300255.94968071405, "laseron": 253399.28766748734, "main_det": 17.3337495347069}, "datetime": {"datetime": "2022-02-28 08:03:10", "elapsed": 3439.269667, "delta": 248.641958}}
{"target": 0.00034819249858794913, "params": {"beta_1": 4.824702525315413, "beta_2": 0.9944948731911479, "det_1": 75.22329846355615, "det_2": 20.288495342499388, "laseroff": 473719.1132017481, "laseron": 277475.4277611871, "main_det": 14.026377997653736}, "datetime": {"datetime": "2022-02-28 08:14:17", "elapsed": 4106.352008, "delta": 667.082341}}
{"target": 0.0, "params": {"beta_1": 3.982499247491243, "beta_2": 6.292904593697868, "det_1": 128.8288913564343, "det_2": 13.479972128895833, "laseroff": 382468.90563834866, "laseron": 188495.26389051275, "main_det": 10.091145724055368}, "datetime": {"datetime": "2022-02-28 08:25:35", "elapsed": 4783.936068, "delta": 677.58406}}
{"target": 0.00037143256752118986, "params": {"beta_1": 2.294373206807192, "beta_2": 1.7319790881175483, "det_1": 73.18845182287338, "det_2": 15.672707002690682, "laseroff": 316615.0189020091, "laseron": 165494.64558296697, "main_det": 11.75865840431899}, "datetime": {"datetime": "2022-02-28 08:34:43", "elapsed": 5331.99398, "delta": 548.057912}}
{"target": 0.0, "params": {"beta_1": 3.582928289465827, "beta_2": 9.773521844028819, "det_1": 80.45538045187527, "det_2": 7.177136353899356, "laseroff": 496565.1781754979, "laseron": 272737.3974596912, "main_det": 12.017953936666357}, "datetime": {"datetime": "2022-02-28 08:50:17", "elapsed": 6265.96924, "delta": 933.97526}}
{"target": 0.0, "params": {"beta_1": 4.063631398550235, "beta_2": 0.7242135771624991, "det_1": 119.37427452387607, "det_2": 19.27466184121908, "laseroff": 342729.8184866141, "laseron": 169319.25141576756, "main_det": 14.504180539064247}, "datetime": {"datetime": "2022-02-28 08:58:36", "elapsed": 6765.029787, "delta": 499.060547}}
{"target": 0.046943033163675096, "params": {"beta_1": 4.909648405455433, "beta_2": 2.9708784019075307, "det_1": 162.92146901877766, "det_2": 15.383178764458648, "laseroff": 421337.10099470965, "laseron": 140845.64245595384, "main_det": 17.80641679140155}, "datetime": {"datetime": "2022-02-28 09:09:40", "elapsed": 7429.364925, "delta": 664.335138}}
{"target": 0.0, "params": {"beta_1": 3.144366886148923, "beta_2": 12.42945076495272, "det_1": 132.30026987929463, "det_2": 13.249862328819118, "laseroff": 388226.55110514764, "laseron": 152960.13135392772, "main_det": 10.136850457756788}, "datetime": {"datetime": "2022-02-28 09:26:04", "elapsed": 8413.239904, "delta": 983.874979}}
{"target": 0.054629124997794244, "params": {"beta_1": 2.349062073317658, "beta_2": 0.7904302487148718, "det_1": 74.74417448890078, "det_2": 12.460172980353459, "laseroff": 424173.9143471095, "laseron": 140861.76607968775, "main_det": 16.947327760488527}, "datetime": {"datetime": "2022-02-28 09:36:23", "elapsed": 9032.579962, "delta": 619.340058}}
{"target": 0.0, "params": {"beta_1": 1.7090344653412926, "beta_2": 14.347689637673792, "det_1": 137.3580734996359, "det_2": 11.570761712789693, "laseroff": 425976.45175466395, "laseron": 147159.37246821882, "main_det": 10.601884912967266}, "datetime": {"datetime": "2022-02-28 09:51:16", "elapsed": 9925.382988, "delta": 892.803026}}
{"target": 0.0, "params": {"beta_1": 1.402219960322026, "beta_2": 11.839189926772328, "det_1": 80.3226006577642, "det_2": 16.197338154397627, "laseroff": 572578.7423324256, "laseron": 185735.0246409264, "main_det": 12.877753385863487}, "datetime": {"datetime": "2022-02-28 10:05:55", "elapsed": 10804.125157, "delta": 878.742169}}
{"target": 0.0008484710423438496, "params": {"beta_1": 0.6501428605913884, "beta_2": 0.2905043680544561, "det_1": 137.8835532939891, "det_2": 10.290702900001476, "laseroff": 379664.7322650085, "laseron": 217756.8742451875, "main_det": 10.533625451170805}, "datetime": {"datetime": "2022-02-28 10:15:18", "elapsed": 11367.70388, "delta": 563.578723}}
{"target": 0.008517641737184837, "params": {"beta_1": 2.8705880274600655, "beta_2": 2.2009286235871524, "det_1": 128.93055369032842, "det_2": 22.49395900052328, "laseroff": 330701.22631391895, "laseron": 205217.69658969337, "main_det": 16.94400157727745}, "datetime": {"datetime": "2022-02-28 10:29:28", "elapsed": 12217.443394, "delta": 849.739514}}
{"target": 0.03490215431711203, "params": {"beta_1": 2.0708963476345135, "beta_2": 0.7493018841913074, "det_1": 123.58964059155116, "det_2": 21.59486613049472, "laseroff": 454467.2187283805, "laseron": 291037.647729074, "main_det": 15.86555040501993}, "datetime": {"datetime": "2022-02-28 10:40:01", "elapsed": 12850.734388, "delta": 633.290994}}
{"target": 0.009613462268806022, "params": {"beta_1": 4.517009576439418, "beta_2": 2.062120562193563, "det_1": 83.92763472507585, "det_2": 25.184782217738096, "laseroff": 419303.6534188231, "laseron": 164987.69492563503, "main_det": 19.275085803960337}, "datetime": {"datetime": "2022-02-28 10:52:17", "elapsed": 13585.897434, "delta": 735.163046}}
{"target": 0.03695980368896986, "params": {"beta_1": 4.828809952670689, "beta_2": 4.308054083195321, "det_1": 156.91046069272096, "det_2": 12.841385570868553, "laseroff": 426125.02717702964, "laseron": 138655.68987866264, "main_det": 16.26625152730682}, "datetime": {"datetime": "2022-02-28 11:04:07", "elapsed": 14296.063174, "delta": 710.16574}}
{"target": 0.0, "params": {"beta_1": 2.1744594081547235, "beta_2": 14.451670539443898, "det_1": 168.48613791165727, "det_2": 7.737335938244806, "laseroff": 422547.91209968517, "laseron": 139104.48846803184, "main_det": 15.62304018714487}, "datetime": {"datetime": "2022-02-28 11:15:00", "elapsed": 14949.000544, "delta": 652.93737}}
{"target": 0.006515268272603832, "params": {"beta_1": 0.5770510546033247, "beta_2": 4.081813562165979, "det_1": 108.08196653809176, "det_2": 19.829047133244075, "laseroff": 424677.5757089398, "laseron": 140308.99645203643, "main_det": 16.4503565807616}, "datetime": {"datetime": "2022-02-28 11:24:13", "elapsed": 15502.165691, "delta": 553.165147}}
{"target": 0.01741966661815201, "params": {"beta_1": 0.09492817587191782, "beta_2": 12.940565305830434, "det_1": 112.72691175277802, "det_2": 9.889903939747592, "laseroff": 504356.84686061624, "laseron": 205197.73963202504, "main_det": 13.801634584528362}, "datetime": {"datetime": "2022-02-28 11:44:12", "elapsed": 16700.941596, "delta": 1198.775905}}
{"target": 0.0, "params": {"beta_1": 1.1858632696425992, "beta_2": 7.141420426396943, "det_1": 98.22317251483024, "det_2": 28.69548567721739, "laseroff": 570470.8801878868, "laseron": 278386.98667375883, "main_det": 18.14215235432727}, "datetime": {"datetime": "2022-02-28 11:54:01", "elapsed": 17290.763669, "delta": 589.822073}}
{"target": 0.013816628880949568, "params": {"beta_1": 2.269687899912145, "beta_2": 13.066448031714577, "det_1": 114.71241347364578, "det_2": 7.129134544671086, "laseroff": 320554.88930920226, "laseron": 256066.0977022922, "main_det": 17.088051766828585}, "datetime": {"datetime": "2022-02-28 12:03:04", "elapsed": 17833.582776, "delta": 542.819107}}
{"target": 0.0, "params": {"beta_1": 1.3112172809295224, "beta_2": 6.2893387728675325, "det_1": 102.94843266525768, "det_2": 8.738074587397524, "laseroff": 583031.5380267466, "laseron": 151833.1767448798, "main_det": 15.296271649147828}, "datetime": {"datetime": "2022-02-28 12:14:47", "elapsed": 18536.750303, "delta": 703.167527}}
{"target": 0.028696982833342495, "params": {"beta_1": 2.832272749836906, "beta_2": 8.711771476962424, "det_1": 120.66064025687638, "det_2": 20.63446645604312, "laseroff": 304007.0241359335, "laseron": 180382.65420565015, "main_det": 16.206239498099663}, "datetime": {"datetime": "2022-02-28 12:24:50", "elapsed": 19139.445119, "delta": 602.694816}}
{"target": 0.04662431832542306, "params": {"beta_1": 4.821497730171499, "beta_2": 1.387238246251008, "det_1": 136.90518079079166, "det_2": 25.554821493430946, "laseroff": 500664.92418345716, "laseron": 225639.27103333722, "main_det": 18.67804472894203}, "datetime": {"datetime": "2022-02-28 12:38:32", "elapsed": 19961.430854, "delta": 821.985735}}
{"target": 0.0, "params": {"beta_1": 1.6843317623016252, "beta_2": 4.535586155540147, "det_1": 88.32642370445645, "det_2": 20.322927892206437, "laseroff": 420502.30343173514, "laseron": 183468.68501849895, "main_det": 10.430913406134545}, "datetime": {"datetime": "2022-02-28 12:52:53", "elapsed": 20822.212522, "delta": 860.781668}}
{"target": 0.04137444553872275, "params": {"beta_1": 0.13787502174447908, "beta_2": 6.821677698504136, "det_1": 138.86389008326793, "det_2": 9.771422521067851, "laseroff": 501508.65534638317, "laseron": 193430.9096628278, "main_det": 18.208104729104765}, "datetime": {"datetime": "2022-02-28 13:06:20", "elapsed": 21629.801898, "delta": 807.589376}}
{"target": 0.0, "params": {"beta_1": 1.4194418621324345, "beta_2": 6.619800694282173, "det_1": 93.96100133211377, "det_2": 23.424070708681693, "laseroff": 447567.3247716266, "laseron": 257353.11680187995, "main_det": 14.179596004613396}, "datetime": {"datetime": "2022-02-28 13:18:10", "elapsed": 22338.909471, "delta": 709.107573}}
{"target": 0.02094830088947701, "params": {"beta_1": 3.298750967386886, "beta_2": 11.315039507097527, "det_1": 116.39312394692706, "det_2": 11.238238356423583, "laseroff": 526890.8396411841, "laseron": 183391.09688171727, "main_det": 15.095291690845968}, "datetime": {"datetime": "2022-02-28 13:37:05", "elapsed": 23473.991239, "delta": 1135.081768}}
{"target": 0.0, "params": {"beta_1": 1.2413838396094974, "beta_2": 9.204547799244208, "det_1": 109.67036640114006, "det_2": 27.130162225776555, "laseroff": 487535.1344389804, "laseron": 172504.26699386994, "main_det": 15.35373793734152}, "datetime": {"datetime": "2022-02-28 13:48:54", "elapsed": 24183.829699, "delta": 709.83846}}
{"target": 0.05547338023023106, "params": {"beta_1": 0.682522145245355, "beta_2": 1.1337037440828335, "det_1": 96.65641813050944, "det_2": 28.478764551795773, "laseroff": 465896.72139502404, "laseron": 220390.15162508975, "main_det": 16.870995423656368}, "datetime": {"datetime": "2022-02-28 13:59:26", "elapsed": 24814.947504, "delta": 631.117805}}
{"target": 0.0238985461232303, "params": {"beta_1": 1.1840011629887943, "beta_2": 6.793398922813846, "det_1": 121.06087321106466, "det_2": 8.094214531093247, "laseroff": 472882.8724268859, "laseron": 213758.82566417815, "main_det": 17.809812899742987}, "datetime": {"datetime": "2022-02-28 14:10:27", "elapsed": 25476.813852, "delta": 661.866348}}
{"target": 0.001590099308131485, "params": {"beta_1": 1.694001981138633, "beta_2": 2.223446401383688, "det_1": 91.37358879806669, "det_2": 5.294598889589667, "laseroff": 340782.72650959267, "laseron": 269602.530670243, "main_det": 14.827087019630975}, "datetime": {"datetime": "2022-02-28 14:17:18", "elapsed": 25887.216148, "delta": 410.402296}}
{"target": 0.04201814550855009, "params": {"beta_1": 3.8050995873529567, "beta_2": 9.936559576119455, "det_1": 87.59839010311943, "det_2": 25.530476380724924, "laseroff": 491912.16996315226, "laseron": 162300.30234814572, "main_det": 19.47056298409516}, "datetime": {"datetime": "2022-02-28 14:31:51", "elapsed": 26760.564164, "delta": 873.348016}}
{"target": 0.0, "params": {"beta_1": 3.157452261637594, "beta_2": 12.438601267588385, "det_1": 145.82720963294977, "det_2": 26.189923496215833, "laseroff": 411969.2576227909, "laseron": 223328.28885966464, "main_det": 11.684690608673899}, "datetime": {"datetime": "2022-02-28 14:44:57", "elapsed": 27546.152324, "delta": 785.58816}}
{"target": 0.041131618216183434, "params": {"beta_1": 0.20508671612438245, "beta_2": 1.1772266483651428, "det_1": 151.22040000330597, "det_2": 17.692356988266077, "laseroff": 521334.1075026832, "laseron": 163816.3209884585, "main_det": 12.855109977073681}, "datetime": {"datetime": "2022-02-28 14:57:52", "elapsed": 28321.293861, "delta": 775.141537}}
{"target": 0.0, "params": {"beta_1": 2.510832269412199, "beta_2": 9.469714500658283, "det_1": 168.79531527143723, "det_2": 23.144099675880533, "laseroff": 489327.9450340824, "laseron": 276262.08088612306, "main_det": 19.602797560658672}, "datetime": {"datetime": "2022-02-28 15:09:34", "elapsed": 29022.839543, "delta": 701.545682}}
{"target": 0.0028701024278446918, "params": {"beta_1": 4.359343566312269, "beta_2": 11.078349201873827, "det_1": 90.35616021492956, "det_2": 14.999672012220392, "laseroff": 363105.78286790865, "laseron": 179685.82847162845, "main_det": 14.164906505445128}, "datetime": {"datetime": "2022-02-28 15:24:03", "elapsed": 29892.768138, "delta": 869.928595}}
{"target": 0.0, "params": {"beta_1": 1.0099521587458415, "beta_2": 12.20991638252028, "det_1": 86.19954021222297, "det_2": 17.887225387678676, "laseroff": 346282.6277176326, "laseron": 222984.14338502288, "main_det": 12.622597775953544}, "datetime": {"datetime": "2022-02-28 15:38:44", "elapsed": 30773.576573, "delta": 880.808435}}
{"target": 0.0, "params": {"beta_1": 0.1518544663604321, "beta_2": 6.420637427439145, "det_1": 157.23323964732862, "det_2": 21.62659912281768, "laseroff": 457389.01135726745, "laseron": 157661.24472895078, "main_det": 10.928539907591134}, "datetime": {"datetime": "2022-02-28 15:54:10", "elapsed": 31699.786167, "delta": 926.209594}}
{"target": 0.0, "params": {"beta_1": 1.0150861808652696, "beta_2": 1.3430697099300453, "det_1": 92.83449260851383, "det_2": 20.570777816578058, "laseroff": 302051.45134194737, "laseron": 299817.0774300492, "main_det": 18.68020977025308}, "datetime": {"datetime": "2022-02-28 15:54:58", "elapsed": 31747.792162, "delta": 48.005995}}
{"target": 0.0, "params": {"beta_1": 3.5764359104579846, "beta_2": 0.023475778660326796, "det_1": 108.62483106107615, "det_2": 14.083841267878629, "laseroff": 481418.002696443, "laseron": 205786.92296271672, "main_det": 11.7751552374054}, "datetime": {"datetime": "2022-02-28 16:08:52", "elapsed": 32581.658079, "delta": 833.865917}}
{"target": 0.0, "params": {"beta_1": 1.1278336592887184, "beta_2": 14.391363864274853, "det_1": 79.16369989095091, "det_2": 15.342204021886001, "laseroff": 355317.7056554485, "laseron": 224511.3321758106, "main_det": 13.713595267207623}, "datetime": {"datetime": "2022-02-28 16:21:26", "elapsed": 33335.716363, "delta": 754.058284}}
{"target": 0.0, "params": {"beta_1": 4.36090204068048, "beta_2": 1.7540814414796002, "det_1": 103.72486756308226, "det_2": 20.746509178575145, "laseroff": 366578.5482073283, "laseron": 237174.20070630423, "main_det": 10.337137144185562}, "datetime": {"datetime": "2022-02-28 16:31:40", "elapsed": 33949.241028, "delta": 613.524665}}
{"target": 0.006946828314221729, "params": {"beta_1": 2.0368765693646855, "beta_2": 0.1263447120527017, "det_1": 120.22376331518436, "det_2": 27.78695854217299, "laseroff": 537994.6491899797, "laseron": 254983.6242953112, "main_det": 10.661826940114196}, "datetime": {"datetime": "2022-02-28 16:43:10", "elapsed": 34639.005136, "delta": 689.764108}}
{"target": 0.06008150722807251, "params": {"beta_1": 2.1491610409018036, "beta_2": 0.39163780069798426, "det_1": 103.67688950911871, "det_2": 19.78588443498989, "laseroff": 488008.60207718424, "laseron": 236905.12475304957, "main_det": 19.611857307237354}, "datetime": {"datetime": "2022-02-28 16:53:28", "elapsed": 35257.033781, "delta": 618.028645}}
{"target": 0.0027214962665103814, "params": {"beta_1": 4.384687935867664, "beta_2": 0.3260295984651962, "det_1": 116.59599715313693, "det_2": 15.660833155990106, "laseroff": 428482.23936244793, "laseron": 212465.3080665361, "main_det": 18.616518370866512}, "datetime": {"datetime": "2022-02-28 17:08:18", "elapsed": 36147.385982, "delta": 890.352201}}
