{"target": 4.3643837941139685, "params": {"Bgrad": 0.6091058206984443, "d1": -1.2486804108793153, "d2": 0.7412869781792808, "d3": -2.004749829899833, "d4": -2.913135805904604, "p1": 0.3834595097027049, "p2": 28.530278215285502, "p3": 16.364956636747362, "p4": 13.96602185321203, "pol1": 0.0014909686244783948, "pol2": 0.19107069552990374, "pol3": 0.2916591656917882, "pol4": 0.3599106581910505, "v0s": 4.3643837941139685}, "datetime": {"datetime": "2022-05-17 00:34:09", "elapsed": 17464.939454, "delta": 10.628573}}
{"target": 3.74090154734444, "params": {"Bgrad": 1.0864681940442276, "d1": -2.067239769985832, "d2": -0.6977899799281815, "d3": -0.6111222780016909, "d4": -0.7750466425821791, "p1": 0.7246371091703785, "p2": 34.244954343930466, "p3": 31.80178298533651, "p4": 35.746613651737455, "pol1": 0.24295109038301343, "pol2": 0.3759960978382484, "pol3": 0.10041323993187623, "pol4": 0.1516168314686106, "v0s": 3.74090154734444}, "datetime": {"datetime": "2022-05-17 00:34:22", "elapsed": 17477.676387, "delta": 12.736933}}
{"target": 3.116896387318453, "params": {"Bgrad": 1.1746716481070505, "d1": -1.438533290939683, "d2": 0.12380894244677476, "d3": -1.416424680462844, "d4": -1.8786226801598658, "p1": 7.690935039756952, "p2": 37.500498201005215, "p3": 33.26251441702263, "p4": 36.833331953945034, "pol1": -0.5223117275738558, "pol2": -0.07880983559719468, "pol3": -0.6396941428124174, "pol4": 0.6664139473059605, "v0s": 3.116896387318453}, "datetime": {"datetime": "2022-05-17 00:34:33", "elapsed": 17488.621114, "delta": 10.944727}}
{"target": 5.5402920402307485, "params": {"Bgrad": 1.2109374202378134, "d1": -3.0, "d2": 0.725573911592515, "d3": -1.0431044556602966, "d4": -0.123706175095516, "p1": 32.01274823890951, "p2": 6.261137380973284, "p3": 7.758731523722554, "p4": 24.672628446663364, "pol1": 0.41213008173827337, "pol2": -1.0, "pol3": 0.7329611134528332, "pol4": -1.0, "v0s": 5.5402920402307485}, "datetime": {"datetime": "2022-05-17 00:34:47", "elapsed": 17502.627652, "delta": 14.006538}}
{"target": -1.0, "params": {"Bgrad": 1.2904409480529502, "d1": -0.999013777451371, "d2": -0.40152986080461384, "d3": -1.149235668431189, "d4": -2.7444232094385965, "p1": 4.746482373937916, "p2": 33.73011567951516, "p3": 28.91739465094686, "p4": 35.62327130295876, "pol1": 0.7269151092135941, "pol2": 0.36388284611570954, "pol3": -0.881987778118035, "pol4": 0.7351042296276962, "v0s": 5.8408906746079445}, "datetime": {"datetime": "2022-05-17 00:35:04", "elapsed": 17519.708966, "delta": 17.081314}}
{"target": 3.562729725237485, "params": {"Bgrad": 1.4909900079880993, "d1": -2.4800478393775975, "d2": 0.18772327664174782, "d3": -2.8640197992086653, "d4": -2.2218397677723516, "p1": 5.534898458642395, "p2": 36.60097420656246, "p3": 29.977472954307043, "p4": 38.05828640888162, "pol1": -0.36029710941659454, "pol2": -0.828418065634495, "pol3": 0.957171301666057, "pol4": -0.6273934748125141, "v0s": 3.562729725237485}, "datetime": {"datetime": "2022-05-17 00:35:17", "elapsed": 17532.663317, "delta": 12.954351}}
{"target": 5.200078990262172, "params": {"Bgrad": 2.0, "d1": -2.7773450825724186, "d2": 0.07717570719331353, "d3": -0.869642730277371, "d4": -2.4002855738631754, "p1": 44.69209203732841, "p2": 20.968439745217662, "p3": 25.935143427281677, "p4": 13.17577041056548, "pol1": 0.24883055292827697, "pol2": -0.5774110305231064, "pol3": -0.4389106355079386, "pol4": 1.0, "v0s": 5.200078990262172}, "datetime": {"datetime": "2022-05-17 00:35:34", "elapsed": 17549.894232, "delta": 17.230915}}
{"target": 3.32752891409574, "params": {"Bgrad": 0.6156301240896229, "d1": 0.3018599029566711, "d2": -0.21041739176320506, "d3": -1.5917826287199852, "d4": -2.5656231819186943, "p1": 0.5388712421429576, "p2": 29.05380894190388, "p3": 15.414499799172809, "p4": 13.289217352373573, "pol1": 0.488380916495182, "pol2": 0.4453515786623914, "pol3": 0.8001891617597754, "pol4": 0.22140837370332567, "v0s": 3.32752891409574}, "datetime": {"datetime": "2022-05-17 00:35:48", "elapsed": 17563.704294, "delta": 13.810062}}
{"target": -1.0, "params": {"Bgrad": 1.646510662659117, "d1": -2.163415949312449, "d2": -0.286127520994385, "d3": -2.37730908168896, "d4": -1.8141734207636255, "p1": 4.125097052774746, "p2": 40.59206284743615, "p3": 38.41840516389951, "p4": 30.16284602422289, "pol1": -0.869929364406105, "pol2": -0.1745444968408736, "pol3": -0.008174231681755684, "pol4": -0.041486322540158715, "v0s": 7.312439612049019}, "datetime": {"datetime": "2022-05-17 00:36:09", "elapsed": 17584.866694, "delta": 21.1624}}
{"target": 3.1582086425928138, "params": {"Bgrad": 0.710134934597795, "d1": -1.1481659529512176, "d2": -0.7267389714290116, "d3": -2.6802143670938836, "d4": -2.727293440563218, "p1": 20.86434733353912, "p2": 2.899931273468126, "p3": 45.52963614722419, "p4": 40.29335673200815, "pol1": 0.3061516344525337, "pol2": 0.9069810080542768, "pol3": -0.9908420687599859, "pol4": -0.8657481469481965, "v0s": 3.1582086425928138}, "datetime": {"datetime": "2022-05-17 00:36:21", "elapsed": 17596.928433, "delta": 12.061739}}
{"target": 6.356709290151386, "params": {"Bgrad": 1.2641949166994095, "d1": -2.565307508022556, "d2": -0.026878617205201648, "d3": -0.3079030768311712, "d4": -0.39172006487664573, "p1": 11.09948619954047, "p2": 26.812767804666933, "p3": 41.90453883745053, "p4": 27.898560478350436, "pol1": 0.1635196064804106, "pol2": 0.32107036396026045, "pol3": 0.6356079343306084, "pol4": 0.25084040813124414, "v0s": 6.356709290151386}, "datetime": {"datetime": "2022-05-17 00:36:45", "elapsed": 17620.406637, "delta": 23.478204}}
{"target": 4.705162982640045, "params": {"Bgrad": 0.97778628406752, "d1": -2.375812287640684, "d2": 0.02157347927045894, "d3": -2.2484924890098816, "d4": -1.9689455838944516, "p1": 43.63600698787191, "p2": 20.82817770269471, "p3": 26.08292462083363, "p4": 13.190759696228621, "pol1": 0.7293380700623531, "pol2": -0.7697064091001202, "pol3": -0.5272607830561593, "pol4": -0.10537191884094654, "v0s": 4.705162982640045}, "datetime": {"datetime": "2022-05-17 00:37:03", "elapsed": 17638.403502, "delta": 17.996865}}
{"target": 4.909228779323409, "params": {"Bgrad": 1.331821924198168, "d1": -2.1320022645449495, "d2": 0.8547872633567685, "d3": -1.0476499894381819, "d4": -2.2231966615675636, "p1": 7.141192877159317, "p2": 35.31352091274428, "p3": 40.04667654125417, "p4": 32.34534051263042, "pol1": -1.0, "pol2": -0.9495374571735065, "pol3": -0.027390473778525968, "pol4": -0.8141033264602243, "v0s": 4.909228779323409}, "datetime": {"datetime": "2022-05-17 00:37:20", "elapsed": 17655.872779, "delta": 17.469277}}
{"target": 4.6731021814420215, "params": {"Bgrad": 1.850483067259118, "d1": -2.1769355371731125, "d2": -3.0, "d3": -3.0, "d4": -0.6309928042039925, "p1": 20.779361551911883, "p2": 17.924562773522172, "p3": 27.85559976410339, "p4": 47.423251168069875, "pol1": 0.8812921368870388, "pol2": 0.8384404235950955, "pol3": 0.3646693493065974, "pol4": 0.31671302690615194, "v0s": 4.6731021814420215}, "datetime": {"datetime": "2022-05-17 00:37:37", "elapsed": 17672.754626, "delta": 16.881847}}
{"target": 3.859962249049857, "params": {"Bgrad": 0.7606265185562993, "d1": -2.6321020004627074, "d2": 0.9677779722095927, "d3": -1.2899306285481278, "d4": -1.0863050932026228, "p1": 0.2577012877750362, "p2": 32.347059779930724, "p3": 31.75230039088221, "p4": 34.504380669815085, "pol1": 0.4389343405885848, "pol2": 0.6659625186242157, "pol3": -0.8623438025191481, "pol4": -0.807513257324006, "v0s": 3.859962249049857}, "datetime": {"datetime": "2022-05-17 00:37:47", "elapsed": 17682.573365, "delta": 9.818739}}
{"target": 4.746725540481666, "params": {"Bgrad": 1.3227734762382686, "d1": -2.9672330766220365, "d2": 0.2679848541016083, "d3": -1.807638222594938, "d4": -2.6696611441230176, "p1": 4.789069018947894, "p2": 36.318829533050355, "p3": 29.47890979456993, "p4": 36.35404189553872, "pol1": 0.8202482216404103, "pol2": 0.31854672918370674, "pol3": -0.43165189783973834, "pol4": -0.8811520181707189, "v0s": 4.746725540481666}, "datetime": {"datetime": "2022-05-17 00:38:01", "elapsed": 17696.794329, "delta": 14.220964}}
{"target": -1.0, "params": {"Bgrad": 0.9320184138690063, "d1": -3.0, "d2": -3.0, "d3": -2.111034732296821, "d4": 0.24209494300869566, "p1": 5.173040036032954, "p2": 2.9103111004836193, "p3": 39.30606646744872, "p4": 20.831235013024806, "pol1": 1.0, "pol2": 0.39056096489355335, "pol3": 0.018408998021505307, "pol4": -0.2802987498737912, "v0s": 5.610819210532258}, "datetime": {"datetime": "2022-05-17 00:38:19", "elapsed": 17714.868986, "delta": 18.074657}}
{"target": 3.2566516946331476, "params": {"Bgrad": 1.1735952637367426, "d1": -2.1573023800359503, "d2": -0.3675083894566922, "d3": -0.8621791125978833, "d4": -0.2509291523107451, "p1": 2.996760345720512, "p2": 31.302612973697396, "p3": 16.976232694911207, "p4": 11.957713667042757, "pol1": -0.04086188665775703, "pol2": -0.8201824037091434, "pol3": -0.44819322259873196, "pol4": 0.5454345926790083, "v0s": 3.2566516946331476}, "datetime": {"datetime": "2022-05-17 00:38:31", "elapsed": 17726.733255, "delta": 11.864269}}
{"target": 4.031574587875374, "params": {"Bgrad": 0.7625984001531189, "d1": -1.9909708930897307, "d2": 0.06816357501616245, "d3": -1.9423879679575609, "d4": -2.4394995800385866, "p1": 9.568465276898745, "p2": 26.46024753714181, "p3": 42.336517008900564, "p4": 25.070378865614668, "pol1": -0.9563960938704993, "pol2": -0.0760342347832906, "pol3": -0.16183965236125875, "pol4": 0.17165891204281977, "v0s": 4.031574587875374}, "datetime": {"datetime": "2022-05-17 00:38:43", "elapsed": 17738.822918, "delta": 12.089663}}
{"target": -1.0, "params": {"Bgrad": 1.3606406723364681, "d1": -0.8674847595302166, "d2": 0.6573650211120836, "d3": -2.521522728220707, "d4": 0.6212067783246411, "p1": 0.06190159057599676, "p2": 35.11164084907636, "p3": 26.231082228717824, "p4": 36.844700395024866, "pol1": -0.9591094298125404, "pol2": -0.27242095373100517, "pol3": 0.11274236160810802, "pol4": 0.759762611429581, "v0s": 5.580937185576984}, "datetime": {"datetime": "2022-05-17 00:39:03", "elapsed": 17758.629942, "delta": 19.807024}}
{"target": 4.3083061161056895, "params": {"Bgrad": 0.6987809358731072, "d1": -1.45588122219843, "d2": 0.6373918512497123, "d3": -1.4280474366603924, "d4": -2.5818858983753272, "p1": 0.298193850513757, "p2": 30.47900754059962, "p3": 16.433560513480312, "p4": 13.247625596706039, "pol1": -0.15657450148785382, "pol2": 0.5421641528353262, "pol3": 0.17325365481215702, "pol4": 1.0, "v0s": 4.3083061161056895}, "datetime": {"datetime": "2022-05-17 00:39:14", "elapsed": 17769.988562, "delta": 11.35862}}
{"target": 5.056477313269065, "params": {"Bgrad": 0.9947839830672901, "d1": -2.926949986029489, "d2": 1.0, "d3": -1.2685469674510006, "d4": -2.533541281951225, "p1": 6.333797579599534, "p2": 36.447010802456, "p3": 35.18456860003427, "p4": 38.26516797181496, "pol1": -0.2428248865130187, "pol2": 0.6557117140329725, "pol3": -0.057207932131871246, "pol4": 0.47160261483172444, "v0s": 5.056477313269065}, "datetime": {"datetime": "2022-05-17 00:39:29", "elapsed": 17784.747088, "delta": 14.758526}}
{"target": -1.0, "params": {"Bgrad": 1.879229749045008, "d1": -2.923499182538355, "d2": -1.7367707553689091, "d3": -2.7327798669292216, "d4": -1.0913392716378554, "p1": 10.26151054279094, "p2": 24.458773558129487, "p3": 45.94019450722854, "p4": 23.716407410050326, "pol1": -0.8499171601806768, "pol2": 0.08003623491652978, "pol3": 0.46127690959514633, "pol4": 0.037917885516683514, "v0s": 2.1748717851865553}, "datetime": {"datetime": "2022-05-17 00:39:38", "elapsed": 17794.19083, "delta": 9.443742}}
{"target": 2.3425573700614244, "params": {"Bgrad": 0.5299067458313789, "d1": -1.3895791824902823, "d2": 0.7736699257807409, "d3": -1.6534039851593922, "d4": -2.137809708754858, "p1": 7.609349251160896, "p2": 30.283335969717, "p3": 31.725159683178127, "p4": 39.295747966375416, "pol1": 0.4744011616612207, "pol2": -0.8314840524765248, "pol3": 0.91262203418227, "pol4": 0.8549004489228236, "v0s": 2.3425573700614244}, "datetime": {"datetime": "2022-05-17 00:39:52", "elapsed": 17807.510205, "delta": 13.319375}}
{"target": -1.0, "params": {"Bgrad": 1.6788772516314283, "d1": -2.0266948012222823, "d2": -1.806046691872211, "d3": -2.7729588487023884, "d4": -1.5136465370796675, "p1": 20.704764835419425, "p2": 18.535643699672967, "p3": 29.232296088178156, "p4": 49.28947455032584, "pol1": 0.002728954667368555, "pol2": 0.48409536015042853, "pol3": 0.4796376634784547, "pol4": 0.23932374778822396, "v0s": 2.547897737536007}, "datetime": {"datetime": "2022-05-17 00:40:05", "elapsed": 17820.816617, "delta": 13.306412}}
{"target": 4.565160063150741, "params": {"Bgrad": 1.5529206203970012, "d1": -1.632923629857896, "d2": 1.0, "d3": -1.7662776210034663, "d4": -3.0, "p1": 27.754177043562795, "p2": 29.54793424821747, "p3": 7.185111378170453, "p4": 44.79135928023723, "pol1": 0.13977061176938785, "pol2": -1.0, "pol3": 0.49018514381658046, "pol4": 0.8383802611539077, "v0s": 4.565160063150741}, "datetime": {"datetime": "2022-05-17 00:40:19", "elapsed": 17834.71245, "delta": 13.895833}}
{"target": 4.7503470129382945, "params": {"Bgrad": 0.8943114404755621, "d1": -1.3064393293364724, "d2": 0.6020322190294327, "d3": -2.5367162738519538, "d4": -2.645455844093095, "p1": 5.798790592926639, "p2": 30.84190748096644, "p3": 31.880381733662155, "p4": 38.973026303573086, "pol1": 0.13178843727678896, "pol2": -0.33106163053252535, "pol3": -0.274750075200967, "pol4": 0.06477921913561614, "v0s": 4.7503470129382945}, "datetime": {"datetime": "2022-05-17 00:40:30", "elapsed": 17845.805779, "delta": 11.093329}}
{"target": 3.5357481164108697, "params": {"Bgrad": 1.9182194251232345, "d1": -2.8041900055891746, "d2": 0.649569829395999, "d3": -0.6168801154991428, "d4": -0.17543743160751202, "p1": 30.129247732852726, "p2": 9.962786961722614, "p3": 12.918389035784916, "p4": 27.016336227554028, "pol1": 0.008955717638706728, "pol2": -0.6718710344432308, "pol3": 0.46381098947604604, "pol4": 0.5138578070792041, "v0s": 3.5357481164108697}, "datetime": {"datetime": "2022-05-17 00:40:42", "elapsed": 17858.096905, "delta": 12.291126}}
{"target": -1.0, "params": {"Bgrad": 1.958598823202409, "d1": -2.0000184153896607, "d2": -0.06041814303567827, "d3": 0.630868875644194, "d4": -2.1786581302841546, "p1": 29.503354692687257, "p2": 11.393222853698571, "p3": 35.378532571964726, "p4": 26.711026910891196, "pol1": 0.10421562158632725, "pol2": -0.9200418488886106, "pol3": 0.6316541495289649, "pol4": -0.3402947139102497, "v0s": 5.990864525515887}, "datetime": {"datetime": "2022-05-17 00:41:03", "elapsed": 17878.71077, "delta": 20.613865}}
{"target": -1.0, "params": {"Bgrad": 1.56023498029492, "d1": -1.3228714180216832, "d2": 0.6311979150927285, "d3": -0.6558501775927241, "d4": -2.023473327381719, "p1": 6.723183555253332, "p2": 29.704896500144645, "p3": 31.54386469203206, "p4": 39.67543205350606, "pol1": -0.6236567828266097, "pol2": 0.9797156686825466, "pol3": 0.5374253982550423, "pol4": -0.012958046710623838, "v0s": 2.7397870526765837}, "datetime": {"datetime": "2022-05-17 00:41:21", "elapsed": 17896.295738, "delta": 17.584968}}
{"target": -1.0, "params": {"Bgrad": 1.406238766052492, "d1": -2.763747735248508, "d2": -3.0, "d3": -3.0, "d4": -0.2861636317134886, "p1": 20.775018998307218, "p2": 17.95689836960481, "p3": 28.24709593453808, "p4": 48.76119545027418, "pol1": 0.5088057916337427, "pol2": 0.861503950773959, "pol3": 0.8421203153849792, "pol4": 0.020704305121275447, "v0s": 5.630609983798449}, "datetime": {"datetime": "2022-05-17 00:41:40", "elapsed": 17916.037935, "delta": 19.742197}}
{"target": 4.1140840358085295, "params": {"Bgrad": 1.581783114030678, "d1": -2.560968120906843, "d2": 0.5865966863855482, "d3": -1.9767746131818102, "d4": -3.0, "p1": 30.67662937579314, "p2": 12.632933812832398, "p3": 35.26526458878939, "p4": 25.46800035277871, "pol1": -0.43769518202374713, "pol2": -0.41177616762154945, "pol3": 0.7376099131384255, "pol4": -0.6025240951776806, "v0s": 4.1140840358085295}, "datetime": {"datetime": "2022-05-17 00:41:52", "elapsed": 17927.928133, "delta": 11.890198}}
{"target": 4.828501712984396, "params": {"Bgrad": 1.042154154940931, "d1": -3.0, "d2": -3.0, "d3": -2.1632031825868547, "d4": -3.0, "p1": 5.5291801891032915, "p2": 10.273247241654667, "p3": 36.84186125976706, "p4": 28.901507133515825, "pol1": -0.9300325322295743, "pol2": 0.08963709710887255, "pol3": 0.7278987361238272, "pol4": -1.0, "v0s": 4.828501712984396}, "datetime": {"datetime": "2022-05-17 00:42:06", "elapsed": 17941.620511, "delta": 13.692378}}
{"target": 4.52443106177163, "params": {"Bgrad": 1.7488423408242157, "d1": -1.6445876423446277, "d2": -0.37340364572234996, "d3": -2.04032195090799, "d4": -2.7514140873842496, "p1": 5.107034097234053, "p2": 31.54379198474627, "p3": 31.032429982966946, "p4": 37.365646937848766, "pol1": -0.18676236637701393, "pol2": -0.36032721571166193, "pol3": -0.8320098911953882, "pol4": 0.20132619631313542, "v0s": 4.52443106177163}, "datetime": {"datetime": "2022-05-17 00:42:20", "elapsed": 17955.965144, "delta": 14.344633}}
{"target": 5.770784427875153, "params": {"Bgrad": 1.195405544206273, "d1": -2.968199503826891, "d2": -0.2644240179614443, "d3": -1.2259703673343711, "d4": -0.4976312940280394, "p1": 26.745404695067293, "p2": 13.102485170014344, "p3": 36.48112187564615, "p4": 24.06278616707505, "pol1": -0.3192911153796416, "pol2": 0.8465988239353921, "pol3": 0.9697418214478919, "pol4": 0.870585118946845, "v0s": 5.770784427875153}, "datetime": {"datetime": "2022-05-17 00:42:32", "elapsed": 17967.922163, "delta": 11.957019}}
{"target": -1.0, "params": {"Bgrad": 0.9462134465652292, "d1": -1.9656546979531115, "d2": 0.8713984640810293, "d3": 0.6127630031288986, "d4": 0.1575200815354436, "p1": 35.27635170827226, "p2": 9.750280234732111, "p3": 8.297683591414057, "p4": 27.605640213748007, "pol1": 0.28431227728158737, "pol2": 0.1790463824733417, "pol3": -0.8300822379786974, "pol4": -0.8477976939324965, "v0s": 4.156851945901205}, "datetime": {"datetime": "2022-05-17 00:42:55", "elapsed": 17990.279366, "delta": 22.357203}}
{"target": 4.298695296757166, "params": {"Bgrad": 2.0, "d1": -0.7352347731682132, "d2": 0.2935692435563245, "d3": -1.637281244596072, "d4": -1.8634449359015464, "p1": 26.952447205455375, "p2": 9.430770445622853, "p3": 38.2991964340794, "p4": 29.29198061838515, "pol1": 0.9609995941974951, "pol2": 0.5079603306061279, "pol3": 0.23219720507918384, "pol4": -0.07072352068306495, "v0s": 4.298695296757166}, "datetime": {"datetime": "2022-05-17 00:43:10", "elapsed": 18005.673194, "delta": 15.393828}}
{"target": -1.0, "params": {"Bgrad": 0.9092652603432353, "d1": -1.4037099622412414, "d2": 0.6902244949287897, "d3": 0.5488519931577085, "d4": -2.605486862976122, "p1": 13.115114094804014, "p2": 27.549051000524116, "p3": 43.96422423927569, "p4": 25.7608753690368, "pol1": -0.8977111596727378, "pol2": 0.29905782173608775, "pol3": -0.6065173880507406, "pol4": -0.4102457081958475, "v0s": 5.644100843947763}, "datetime": {"datetime": "2022-05-17 00:43:30", "elapsed": 18025.677689, "delta": 20.004495}}
{"target": -1.0, "params": {"Bgrad": 1.5854940203858978, "d1": -2.665359843819922, "d2": -0.4857654530264064, "d3": 0.6001262608851805, "d4": -2.33358765430624, "p1": 30.563032053495004, "p2": 10.715689661661775, "p3": 32.47250709855836, "p4": 26.767574668124904, "pol1": -0.354126523478711, "pol2": -0.656136690114199, "pol3": -0.9135635240196549, "pol4": 0.015440872439004494, "v0s": 3.127384082847657}, "datetime": {"datetime": "2022-05-17 00:43:49", "elapsed": 18044.375679, "delta": 18.69799}}
{"target": 3.3256481740313606, "params": {"Bgrad": 1.7833173138701124, "d1": -1.7927941859310987, "d2": 0.7595002092049703, "d3": -2.73411604873927, "d4": -2.5286441744165082, "p1": 29.91067259640624, "p2": 10.00946449468122, "p3": 35.0751489534542, "p4": 26.215996649889394, "pol1": 0.45392378613330897, "pol2": -0.2758041067205177, "pol3": 0.9762266180858195, "pol4": 0.52736379221676, "v0s": 3.3256481740313606}, "datetime": {"datetime": "2022-05-17 00:44:01", "elapsed": 18056.838346, "delta": 12.462667}}
{"target": 4.050227621129933, "params": {"Bgrad": 0.5203118690858879, "d1": -1.3389021612249437, "d2": 0.6168074818164062, "d3": -2.367263622490686, "d4": -2.097408515246487, "p1": 1.6782320887030489, "p2": 29.629333704190056, "p3": 16.630269659921765, "p4": 12.92413670567975, "pol1": -0.8053428614386663, "pol2": 0.2583052171231645, "pol3": 0.059852137185643556, "pol4": 0.6230240992631729, "v0s": 4.050227621129933}, "datetime": {"datetime": "2022-05-17 00:44:13", "elapsed": 18068.701616, "delta": 11.86327}}
{"target": 2.6967450614662183, "params": {"Bgrad": 0.5157060647373151, "d1": -0.9516408653337951, "d2": -0.24099326842670266, "d3": -0.9102882633885945, "d4": -0.65315451366074, "p1": 0.03147754945693193, "p2": 35.35282468628373, "p3": 32.30969428478712, "p4": 35.568071318388064, "pol1": -0.810913258129216, "pol2": 0.426406142748913, "pol3": 0.6357168347654085, "pol4": 0.1491807836443848, "v0s": 2.6967450614662183}, "datetime": {"datetime": "2022-05-17 00:44:27", "elapsed": 18082.519658, "delta": 13.818042}}
{"target": 4.074377324992239, "params": {"Bgrad": 0.5479882921977652, "d1": -0.3693819679474397, "d2": 0.5303247234314314, "d3": -1.442676274015772, "d4": -2.037388174412789, "p1": 0.4992988474755211, "p2": 28.280447902309707, "p3": 15.629655320766028, "p4": 12.729589756527748, "pol1": -0.16050772307263483, "pol2": -0.07291498556121434, "pol3": -0.2672857242712303, "pol4": 0.3446523348853605, "v0s": 4.074377324992239}, "datetime": {"datetime": "2022-05-17 00:44:39", "elapsed": 18094.38991, "delta": 11.870252}}
