{"target": 3.975180295797164, "params": {"Bgrad": 1.7711596235446447, "d1": -2.3311303759161985, "d2": 0.027163247347518637, "d3": -0.9442496602089488, "d4": -0.45177367780634325, "p1": 7.919328864323884, "p2": 36.20287117606693, "p3": 35.34650364256773, "p4": 34.679338384181214, "pol1": -0.29996314535995766, "pol2": 0.42816296426639505, "pol3": 0.1684498556380727, "pol4": -0.5327104308199959, "v0s": 3.975180295797164}, "datetime": {"datetime": "2022-06-25 00:18:52", "elapsed": 2204.482586, "delta": 9.905513}}
{"target": 3.2345738455570756, "params": {"Bgrad": 1.281525849135379, "d1": -1.7547713897712758, "d2": -0.18715546897273588, "d3": -2.2691077716489216, "d4": -2.6337591282851904, "p1": 6.029458060079364, "p2": 23.36089949541189, "p3": 0.9661926437733719, "p4": 31.313729574603073, "pol1": -0.3090682799257059, "pol2": -0.38218907111009903, "pol3": -0.3741819145001985, "pol4": -0.7394804046007885, "v0s": 3.2345738455570756}, "datetime": {"datetime": "2022-06-25 00:19:02", "elapsed": 2213.72188, "delta": 9.239294}}
{"target": 3.978204335106512, "params": {"Bgrad": 1.307055548523408, "d1": -2.6431021047645564, "d2": -1.7676650441233261, "d3": -2.577360356391853, "d4": -0.5095277314054812, "p1": 12.550021963920928, "p2": 4.202374824561784, "p3": 29.2431699297753, "p4": 23.003068243859797, "pol1": -0.2975753697130608, "pol2": -0.2743185435940941, "pol3": 0.1515936873211814, "pol4": -0.20773395268799236, "v0s": 3.978204335106512}, "datetime": {"datetime": "2022-06-25 00:19:12", "elapsed": 2224.20086, "delta": 10.47898}}
{"target": 3.973765114469639, "params": {"Bgrad": 1.5637344742710686, "d1": -0.8725550130372153, "d2": 0.07062465362666512, "d3": -0.967828165683836, "d4": -2.6874727116821826, "p1": 47.1963410030129, "p2": 44.49140242231288, "p3": 7.16257717591206, "p4": 15.584227516347749, "pol1": 0.664028459431183, "pol2": 0.6617801651803339, "pol3": -0.29821710730123335, "pol4": -0.21118215163363643, "v0s": 3.973765114469639}, "datetime": {"datetime": "2022-06-25 00:19:22", "elapsed": 2233.732372, "delta": 9.531512}}
{"target": -1.0, "params": {"Bgrad": 1.123060606664216, "d1": -1.3056746564410013, "d2": -0.46587782902914965, "d3": -0.4837823286964906, "d4": -0.787930744148631, "p1": 44.04667643103839, "p2": 19.889042624163046, "p3": 24.29911850654723, "p4": 20.301023530217233, "pol1": -0.002798065104746339, "pol2": -0.7639426322555294, "pol3": -0.8973095683288974, "pol4": 0.15755524215692884, "v0s": 2.940342645707948}, "datetime": {"datetime": "2022-06-25 00:19:33", "elapsed": 2244.966332, "delta": 11.23396}}
{"target": -1.0, "params": {"Bgrad": 1.7342686249968684, "d1": -2.4554046545482797, "d2": -1.56064215040446, "d3": -1.955730483873206, "d4": -0.7752133036502795, "p1": 5.889498111911973, "p2": 14.461666822977653, "p3": 37.7514108124802, "p4": 29.43288837430626, "pol1": -0.6293590762449714, "pol2": -0.22045507860319558, "pol3": 0.5098926536321129, "pol4": 0.42997087117733823, "v0s": 4.381715909067445}, "datetime": {"datetime": "2022-06-25 00:19:48", "elapsed": 2260.418014, "delta": 15.451682}}
{"target": 4.134927738409586, "params": {"Bgrad": 0.966728905087148, "d1": -1.5395703742202012, "d2": 0.46221359353146885, "d3": -1.6514795403607614, "d4": -2.5950200935461636, "p1": 10.525721686317281, "p2": 15.403535435922882, "p3": 7.931255665081031, "p4": 29.510038292159287, "pol1": 0.2713453733566632, "pol2": -0.45410363152203453, "pol3": -0.0358961323669999, "pol4": 0.491567612576034, "v0s": 4.134927738409586}, "datetime": {"datetime": "2022-06-25 00:19:59", "elapsed": 2270.925916, "delta": 10.507902}}
{"target": -1.0, "params": {"Bgrad": 1.1506161776235437, "d1": -1.8206252441379762, "d2": -1.001218087506364, "d3": -1.782638012312567, "d4": -1.3039718697916483, "p1": 7.717945744582433, "p2": 11.36106840908821, "p3": 35.765146227184246, "p4": 31.438309116395335, "pol1": 0.7088460403308623, "pol2": -0.5089830846363532, "pol3": -0.7637800096371303, "pol4": 0.4144782830128433, "v0s": 5.43345485702997}, "datetime": {"datetime": "2022-06-25 00:20:12", "elapsed": 2283.666847, "delta": 12.740931}}
{"target": 3.248324182404156, "params": {"Bgrad": 1.4758948434954167, "d1": -1.5362574525754618, "d2": 0.6677028455121583, "d3": -2.2772793403573095, "d4": -0.9236530052734127, "p1": 44.515304936515825, "p2": 22.70696574494797, "p3": 23.760291791941977, "p4": 17.43089306059279, "pol1": 0.3616127086928297, "pol2": -0.13404649996318724, "pol3": 0.45887111558522925, "pol4": -0.480994954345004, "v0s": 3.248324182404156}, "datetime": {"datetime": "2022-06-25 00:20:19", "elapsed": 2291.134878, "delta": 7.468031}}
{"target": -1.0, "params": {"Bgrad": 1.5106886898782705, "d1": -2.2949216207597347, "d2": -0.1795420458997552, "d3": -2.683877071407933, "d4": -0.6440117368922844, "p1": 8.002747820817458, "p2": 10.024145483696056, "p3": 35.38351070426364, "p4": 29.288264572174583, "pol1": -0.4458975101452587, "pol2": 0.7671495867154523, "pol3": 0.21242060403779406, "pol4": 0.12046862734243535, "v0s": 4.002337208822827}, "datetime": {"datetime": "2022-06-25 00:20:32", "elapsed": 2303.68432, "delta": 12.549442}}
{"target": -1.0, "params": {"Bgrad": 1.4530310455971835, "d1": -0.6982171856175561, "d2": 0.03648064778237803, "d3": -1.395654406842918, "d4": -2.883070357911937, "p1": 6.74281335309102, "p2": 9.957335535516698, "p3": 34.347644056666866, "p4": 33.06900673375823, "pol1": 0.7162990105428224, "pol2": -0.885838714185923, "pol3": 0.035484306484587336, "pol4": 0.885471106462171, "v0s": 5.260681156841983}, "datetime": {"datetime": "2022-06-25 00:20:47", "elapsed": 2319.494045, "delta": 15.809725}}
{"target": -1.0, "params": {"Bgrad": 1.34127344782585, "d1": -1.8648639299420289, "d2": 0.21773777716455278, "d3": -0.5291101505542803, "d4": -2.960678363600582, "p1": 6.030784758443502, "p2": 8.408089154463438, "p3": 31.768040847941286, "p4": 29.74853536465097, "pol1": 0.9689934436858725, "pol2": 0.714198586656039, "pol3": 0.9318853904759143, "pol4": -0.566320861557718, "v0s": 6.431786943777562}, "datetime": {"datetime": "2022-06-25 00:21:03", "elapsed": 2334.917801, "delta": 15.423756}}
{"target": -1.0, "params": {"Bgrad": 0.5912495346500727, "d1": 0.0008647301985433842, "d2": 0.7142742025836504, "d3": -2.4865281505287977, "d4": -0.49062827686625843, "p1": 5.760951223506483, "p2": 14.750469761201385, "p3": 31.647223798849705, "p4": 31.25083428633341, "pol1": -0.4354307465785232, "pol2": 0.921756923457189, "pol3": 0.28155416589776494, "pol4": 0.5589980064054989, "v0s": 5.195104371243885}, "datetime": {"datetime": "2022-06-25 00:21:13", "elapsed": 2345.438669, "delta": 10.520868}}
{"target": -1.0, "params": {"Bgrad": 0.7262980450046832, "d1": -0.9338097756871804, "d2": -0.5073269647984198, "d3": -2.068377148615194, "d4": 0.25229897893407305, "p1": 4.150421941666771, "p2": 11.84232472172438, "p3": 36.2745978947178, "p4": 33.40970799027532, "pol1": 0.07833325854891471, "pol2": -0.7150476930814551, "pol3": 0.9066290551507925, "pol4": 0.7585816620711587, "v0s": 4.573054059988737}, "datetime": {"datetime": "2022-06-25 00:21:22", "elapsed": 2354.113472, "delta": 8.674803}}
{"target": 2.3671777728909014, "params": {"Bgrad": 1.744955101436115, "d1": -2.5859850653321184, "d2": -1.6969716424315342, "d3": -1.5752565771429166, "d4": -0.2912494232776237, "p1": 44.117819758162376, "p2": 22.788379796016706, "p3": 26.56483042975472, "p4": 13.95842494124172, "pol1": 0.07013991197982294, "pol2": 0.5486774494186077, "pol3": 0.8252682956134398, "pol4": -0.22802329657402365, "v0s": 2.3671777728909014}, "datetime": {"datetime": "2022-06-25 00:21:33", "elapsed": 2365.279614, "delta": 11.166142}}
{"target": -1.0, "params": {"Bgrad": 0.7016801944986405, "d1": -2.055095724048744, "d2": -0.7854621470559873, "d3": -1.8878991188184608, "d4": -1.1646449594435855, "p1": 2.0796300092092546, "p2": 9.645830282733048, "p3": 35.775830350648235, "p4": 25.741071518663155, "pol1": 0.9345105963389244, "pol2": -0.5092478264930795, "pol3": -0.7576392391944924, "pol4": 0.9527650729002459, "v0s": 2.453278323648181}, "datetime": {"datetime": "2022-06-25 00:21:39", "elapsed": 2370.667208, "delta": 5.387594}}
{"target": 2.87437839549293, "params": {"Bgrad": 0.8780280446762126, "d1": -0.9323914774736535, "d2": -3.0, "d3": -2.5792235531177066, "d4": -3.0, "p1": 10.04558842508846, "p2": 10.606500223713919, "p3": 33.58382755133157, "p4": 28.829571082159987, "pol1": 0.9398210131128031, "pol2": 1.0, "pol3": 1.0, "pol4": -1.0, "v0s": 2.87437839549293}, "datetime": {"datetime": "2022-06-25 00:21:46", "elapsed": 2378.040491, "delta": 7.373283}}
{"target": -1.0, "params": {"Bgrad": 1.4921815988713742, "d1": -1.900068158089375, "d2": -2.0980946832543172, "d3": -1.268140706462046, "d4": -0.37680835342267427, "p1": 5.699623218245565, "p2": 13.607681905441304, "p3": 36.08610030297881, "p4": 30.65757836260498, "pol1": 0.8138008606566591, "pol2": 0.48791924823848043, "pol3": -0.0712392374162989, "pol4": 0.702751925913113, "v0s": 2.3576364767517863}, "datetime": {"datetime": "2022-06-25 00:21:52", "elapsed": 2383.819039, "delta": 5.778548}}
{"target": 4.282357467075775, "params": {"Bgrad": 1.5691467445866238, "d1": -2.2065571116993095, "d2": 0.6622070458331706, "d3": -1.5742464259855353, "d4": -1.7523268345679082, "p1": 9.132204019310025, "p2": 13.77062477376364, "p3": 9.622839965683466, "p4": 28.46014972817976, "pol1": 0.07601117676527425, "pol2": -0.8171054165429632, "pol3": 0.5011384108780157, "pol4": -0.12840238620128908, "v0s": 4.282357467075775}, "datetime": {"datetime": "2022-06-25 00:22:02", "elapsed": 2393.687654, "delta": 9.868615}}
{"target": -1.0, "params": {"Bgrad": 1.1552141161261948, "d1": 0.7564242309348761, "d2": -0.6154690580336051, "d3": -2.0948306261054657, "d4": -2.233722469990976, "p1": 6.541576286832668, "p2": 38.20118634691246, "p3": 34.207661726384714, "p4": 35.011067966113636, "pol1": 0.280105324219331, "pol2": 0.8199929821827157, "pol3": 0.24486407496200946, "pol4": 0.5572376562959318, "v0s": 2.968210263521044}, "datetime": {"datetime": "2022-06-25 00:22:15", "elapsed": 2407.325184, "delta": 13.63753}}
{"target": 3.0686886268580706, "params": {"Bgrad": 1.507089942968599, "d1": -2.237967043138287, "d2": -0.5439464807489682, "d3": 0.6625043321558048, "d4": -0.3100489324067439, "p1": 2.5055689442898266, "p2": 13.68439661767632, "p3": 35.55365212837219, "p4": 30.31753539768166, "pol1": 0.7444949389624207, "pol2": -0.7409142208896684, "pol3": -0.8463441010950801, "pol4": -0.15324735669377398, "v0s": 3.0686886268580706}, "datetime": {"datetime": "2022-06-25 00:22:24", "elapsed": 2416.246328, "delta": 8.921144}}
{"target": -1.0, "params": {"Bgrad": 1.9850365138308694, "d1": -1.4632345651954588, "d2": -0.17811447669244274, "d3": -0.5870913464532945, "d4": -2.760235505729885, "p1": 4.682870474735518, "p2": 13.003621043332142, "p3": 39.3137150704249, "p4": 31.308107823584418, "pol1": -0.49154617311010296, "pol2": 0.6766679391689634, "pol3": 0.05260075182180124, "pol4": 0.34347825964027034, "v0s": 5.732315519601876}, "datetime": {"datetime": "2022-06-25 00:22:39", "elapsed": 2431.398811, "delta": 15.152483}}
{"target": 3.4328430195432293, "params": {"Bgrad": 0.6579030212347399, "d1": -1.5790888207542673, "d2": -1.1816697475765707, "d3": -0.517290382468671, "d4": -2.579837700966181, "p1": 1.7344533367081416, "p2": 30.15027211015815, "p3": 18.75390601767335, "p4": 7.552710152335812, "pol1": -0.5765363185481871, "pol2": -0.35121062122628555, "pol3": -0.6196538343319629, "pol4": 0.4149520856680653, "v0s": 3.4328430195432293}, "datetime": {"datetime": "2022-06-25 00:22:46", "elapsed": 2438.364185, "delta": 6.965374}}
{"target": 3.334118592595236, "params": {"Bgrad": 1.9596336259873401, "d1": -2.7702600173259624, "d2": -0.16317890055790452, "d3": -2.224740551581933, "d4": 0.20233975077859245, "p1": 44.07977090666755, "p2": 23.15880244992485, "p3": 24.926918721634067, "p4": 18.235414816200556, "pol1": 0.9269791230447912, "pol2": -0.9021075571555066, "pol3": -0.0703435982760181, "pol4": 0.04333208409690159, "v0s": 3.334118592595236}, "datetime": {"datetime": "2022-06-25 00:22:57", "elapsed": 2449.206194, "delta": 10.842009}}
{"target": 3.902258250744887, "params": {"Bgrad": 0.9364939138698347, "d1": -2.236789481224578, "d2": 0.5811356227553621, "d3": -2.357867564676717, "d4": -2.406733491358233, "p1": 5.387208913369607, "p2": 11.394238160444464, "p3": 32.55720492346885, "p4": 26.78421657790111, "pol1": 0.9354607752365367, "pol2": -0.4256672801972359, "pol3": -0.4141621779561695, "pol4": 0.3435631462920774, "v0s": 3.902258250744887}, "datetime": {"datetime": "2022-06-25 00:23:08", "elapsed": 2460.268616, "delta": 11.062422}}
{"target": -1.0, "params": {"Bgrad": 0.7711127944239154, "d1": -1.487079954896692, "d2": 0.41351645134142245, "d3": -0.9031063357561653, "d4": -2.4241133941001505, "p1": 11.183063222502621, "p2": 13.882349092372865, "p3": 8.155479364376639, "p4": 27.522378908294925, "pol1": 0.03152918167679308, "pol2": 0.025378980893238534, "pol3": -0.1884637628330874, "pol4": -0.5630496350704928, "v0s": 6.008010629917745}, "datetime": {"datetime": "2022-06-25 00:23:19", "elapsed": 2471.405831, "delta": 11.137215}}
{"target": 4.276428205574384, "params": {"Bgrad": 1.2593100437983715, "d1": -1.9379770254720634, "d2": 0.48042086835711767, "d3": -1.938369791829735, "d4": -1.3309614864163686, "p1": 7.3148992363367356, "p2": 12.022609783730442, "p3": 36.213513091400166, "p4": 33.145543005890204, "pol1": 0.7373438829830234, "pol2": 0.32929817504659775, "pol3": -0.22226812109113395, "pol4": -0.8828604157099018, "v0s": 4.276428205574384}, "datetime": {"datetime": "2022-06-25 00:23:27", "elapsed": 2479.541078, "delta": 8.135247}}
{"target": -1.0, "params": {"Bgrad": 0.8963170703953363, "d1": -0.2143254457085435, "d2": 0.13754786501402894, "d3": -2.7964000941236464, "d4": -0.6505902842134188, "p1": 31.705520113742402, "p2": 11.964654751876791, "p3": 39.7760921241575, "p4": 27.04979829835292, "pol1": 0.9916192060894524, "pol2": 0.602985793365751, "pol3": -0.7117793185987566, "pol4": 0.24374526381974015, "v0s": 3.311015431538598}, "datetime": {"datetime": "2022-06-25 00:23:41", "elapsed": 2493.491774, "delta": 13.950696}}
{"target": -1.0, "params": {"Bgrad": 1.5125261257807794, "d1": 0.5081311600638623, "d2": 0.8334867437887765, "d3": -2.047340481776329, "d4": -0.05574097038363046, "p1": 2.150712248177494, "p2": 15.40346043059959, "p3": 35.30652964462895, "p4": 29.83723381351078, "pol1": -0.04991828670676357, "pol2": -0.41696161907624085, "pol3": 0.7210162706533367, "pol4": -0.7356870386955978, "v0s": 2.8185879066894204}, "datetime": {"datetime": "2022-06-25 00:24:01", "elapsed": 2512.988639, "delta": 19.496865}}
{"target": 4.931245728225493, "params": {"Bgrad": 1.936282496380926, "d1": -2.2376860577179327, "d2": -0.16856760675736204, "d3": -2.121552992580489, "d4": 0.32354350189962844, "p1": 10.149322139163303, "p2": 16.68722840131033, "p3": 7.736981956965138, "p4": 33.25629864109407, "pol1": 0.4291347698007495, "pol2": -0.9965728803282767, "pol3": -0.020502455514926465, "pol4": -0.8045138774459857, "v0s": 4.931245728225493}, "datetime": {"datetime": "2022-06-25 00:24:11", "elapsed": 2523.260172, "delta": 10.271533}}
{"target": -1.0, "params": {"Bgrad": 1.152604489501925, "d1": -1.3281631282342703, "d2": -0.4673420190202675, "d3": -0.25079119700081387, "d4": 0.5804359216818291, "p1": 6.297897282541803, "p2": 13.25487932235363, "p3": 40.499583574069455, "p4": 30.74101004680234, "pol1": 0.5139264702092965, "pol2": -0.678992206234514, "pol3": -0.05304693762994939, "pol4": -0.451673180166813, "v0s": 6.1019410423358735}, "datetime": {"datetime": "2022-06-25 00:24:27", "elapsed": 2539.186585, "delta": 15.926413}}
{"target": 5.511075074887609, "params": {"Bgrad": 1.1829375539473863, "d1": -2.996135571243106, "d2": -1.8283078217395743, "d3": 0.042209947225541423, "d4": -0.049709308050164776, "p1": 32.28035118906091, "p2": 7.407481909190183, "p3": 6.536812822492276, "p4": 26.730115671845372, "pol1": 0.3449478156565306, "pol2": -0.7169641404514295, "pol3": 0.5819714901459013, "pol4": -0.8042492075111983, "v0s": 5.511075074887609}, "datetime": {"datetime": "2022-06-25 00:24:40", "elapsed": 2552.505969, "delta": 13.319384}}
{"target": -1.0, "params": {"Bgrad": 1.3714889850730376, "d1": -0.597032989920673, "d2": -0.47691088659092573, "d3": -2.746232220015627, "d4": -2.0304883533919447, "p1": 5.595688058619642, "p2": 11.228806644513313, "p3": 38.219183303150025, "p4": 29.23321303134598, "pol1": -0.31799735260420436, "pol2": 0.6351662849689526, "pol3": 0.37048573533145635, "pol4": 0.8099081913423216, "v0s": 2.792760550332442}, "datetime": {"datetime": "2022-06-25 00:24:54", "elapsed": 2565.87522, "delta": 13.369251}}
{"target": -1.0, "params": {"Bgrad": 1.5219060708525283, "d1": -0.9347595875098813, "d2": -0.10217811760305073, "d3": -0.7253363906301971, "d4": -1.0934357594219555, "p1": 47.7508085228248, "p2": 44.09599901128974, "p3": 5.65535975248096, "p4": 11.346029840970061, "pol1": 0.9111803247883916, "pol2": 0.37442376526252197, "pol3": 0.4333706543066025, "pol4": -0.5809386934855694, "v0s": 3.7474036622895817}, "datetime": {"datetime": "2022-06-25 00:25:07", "elapsed": 2579.318273, "delta": 13.443053}}
{"target": 3.84185168281223, "params": {"Bgrad": 0.5607383674660713, "d1": -1.5788730195416005, "d2": 0.8085064074414725, "d3": -1.0977778088116765, "d4": -0.17657304669218243, "p1": 27.84236458448353, "p2": 26.344757971438863, "p3": 4.619974852990039, "p4": 45.00996435909866, "pol1": 0.7617071800720512, "pol2": -0.38421540116674135, "pol3": -0.2017892363594591, "pol4": 0.9902509569252003, "v0s": 3.84185168281223}, "datetime": {"datetime": "2022-06-25 00:25:15", "elapsed": 2586.939892, "delta": 7.621619}}
{"target": 2.226714440140115, "params": {"Bgrad": 1.9555728384686972, "d1": -2.206441968623471, "d2": -0.5760527359673091, "d3": -0.8381670872650893, "d4": -0.5030323002570971, "p1": 3.9711282059931796, "p2": 9.6970198988238, "p3": 33.01562758069199, "p4": 28.335121030403617, "pol1": 0.07996073308228535, "pol2": -0.01154271751375835, "pol3": 0.9640735630496136, "pol4": -0.4335749036205956, "v0s": 2.226714440140115}, "datetime": {"datetime": "2022-06-25 00:25:20", "elapsed": 2592.042249, "delta": 5.102357}}
{"target": 4.126667693418096, "params": {"Bgrad": 0.5068938354000657, "d1": -1.943142309565415, "d2": -0.4642318123054441, "d3": -2.671728364601328, "d4": -1.9555713513256063, "p1": 7.963526642916058, "p2": 9.674343242085055, "p3": 34.59887151592957, "p4": 32.49336755573564, "pol1": 0.2728781776257183, "pol2": -0.9469876625063289, "pol3": 0.9949811356462919, "pol4": -0.15721196850776065, "v0s": 4.126667693418096}, "datetime": {"datetime": "2022-06-25 00:25:26", "elapsed": 2598.252642, "delta": 6.210393}}
{"target": -1.0, "params": {"Bgrad": 1.9411660146329994, "d1": -2.763669786814718, "d2": -0.4531469174692284, "d3": -1.4712202291185443, "d4": -1.5475455637702367, "p1": 4.51760365296876, "p2": 12.82210559454332, "p3": 39.7863889443661, "p4": 30.538293077912638, "pol1": -0.8506378031418445, "pol2": -0.17083669352577946, "pol3": 0.7062162943929853, "pol4": 0.9046111963181933, "v0s": 4.728744796307145}, "datetime": {"datetime": "2022-06-25 00:25:41", "elapsed": 2613.006191, "delta": 14.753549}}
{"target": -1.0, "params": {"Bgrad": 1.3467626212618637, "d1": -2.7427244948398273, "d2": 0.5219776655579862, "d3": -2.2436863706555363, "d4": -2.5904957283094996, "p1": 7.895253939085656, "p2": 7.877464886097524, "p3": 32.5918892829536, "p4": 31.329222952026992, "pol1": -0.4407799616429071, "pol2": 0.03468681669010887, "pol3": 0.5343554297124291, "pol4": -0.08962300288320346, "v0s": 3.108200967196555}, "datetime": {"datetime": "2022-06-25 00:25:54", "elapsed": 2626.482156, "delta": 13.475965}}
{"target": -1.0, "params": {"Bgrad": 0.766867863290615, "d1": -0.9137580425662475, "d2": -0.4277196031754884, "d3": 0.5865456165359269, "d4": -1.4940350006714502, "p1": 0.8099296779193521, "p2": 10.907167321836253, "p3": 37.04134976069855, "p4": 26.04671918908028, "pol1": -0.5365355128059326, "pol2": 0.426761285569635, "pol3": -0.7663890561790396, "pol4": -0.6203135323205498, "v0s": 3.804864143570327}, "datetime": {"datetime": "2022-06-25 00:26:04", "elapsed": 2635.914933, "delta": 9.432777}}
{"target": -1.0, "params": {"Bgrad": 1.368949191559074, "d1": -1.7119957486078201, "d2": -2.9334308497641604, "d3": 0.8793443776754968, "d4": 0.9268588355805609, "p1": 3.256320826116532, "p2": 12.486251622216654, "p3": 33.60721641362016, "p4": 31.68476525558926, "pol1": 0.8058329384800229, "pol2": 0.3368518832436411, "pol3": 0.8401021559044952, "pol4": -0.7578056779678382, "v0s": 4.807520091542425}, "datetime": {"datetime": "2022-06-25 00:26:17", "elapsed": 2649.077735, "delta": 13.162802}}
{"target": 3.2715772433961705, "params": {"Bgrad": 1.5785513390166557, "d1": -0.6375076850702963, "d2": 0.02632411437950699, "d3": -1.0332478845062005, "d4": -0.16520530148192103, "p1": 5.211341241674838, "p2": 10.93997168944561, "p3": 34.8158316380361, "p4": 30.58085629376604, "pol1": -0.6955468154663842, "pol2": -0.8804486966460932, "pol3": -0.8935674077030247, "pol4": -0.9520206228056318, "v0s": 3.2715772433961705}, "datetime": {"datetime": "2022-06-25 00:26:25", "elapsed": 2657.166107, "delta": 8.088372}}
{"target": 5.711781900084805, "params": {"Bgrad": 1.5245781763743977, "d1": -2.15845218618442, "d2": -0.6542032138338949, "d3": -0.2961677638740756, "d4": -2.258832902605124, "p1": 6.182672847544674, "p2": 12.68098783354803, "p3": 34.33750305339435, "p4": 26.99966629442191, "pol1": 0.394157316506456, "pol2": -0.3296195324871629, "pol3": 0.6019239686771038, "pol4": -0.29909171059751793, "v0s": 5.711781900084805}, "datetime": {"datetime": "2022-06-25 00:26:38", "elapsed": 2670.015747, "delta": 12.84964}}
