{"target": -1.0, "params": {"Bgrad": 0.8565352577759209, "d1": -1.213518123034401, "d2": -0.20115703304326438, "d3": -1.7721028277353503, "d4": -1.3250240522645145, "p1": 3.60669568042713, "p2": 9.484865036847484, "p3": 34.55004719963879, "p4": 29.700459061267075, "pol1": -0.043114620687954686, "pol2": 0.8889709341510965, "pol3": -0.8601340578613788, "pol4": -0.018521393079541815, "v0s": 2.883424518327903}, "datetime": {"datetime": "2022-06-24 05:20:03", "elapsed": 3922.520068, "delta": 6.707706}}
{"target": -1.0, "params": {"Bgrad": 1.4298377689527557, "d1": -1.8479263543912543, "d2": -0.12302433733959317, "d3": -0.71907053470412, "d4": -1.2262393017269009, "p1": 42.066116503508695, "p2": 21.30663282174277, "p3": 19.322973726679255, "p4": 17.0079920074415, "pol1": 0.38271035577752444, "pol2": -0.6366822475016101, "pol3": 0.7213706545515011, "pol4": -0.4828884006306451, "v0s": 6.35080543142865}, "datetime": {"datetime": "2022-06-24 05:20:13", "elapsed": 3932.612763, "delta": 10.092695}}
{"target": 4.090396896711058, "params": {"Bgrad": 1.0932622422741756, "d1": -2.9002956574421916, "d2": -0.7339626601788822, "d3": -0.20466799345724918, "d4": -0.7251083728607084, "p1": 33.74916382441068, "p2": 8.938993485674333, "p3": 7.669838675079769, "p4": 26.60234670978757, "pol1": 0.3867817840969925, "pol2": -0.24372553937104388, "pol3": 0.12067867498166256, "pol4": -0.4176984422424423, "v0s": 4.090396896711058}, "datetime": {"datetime": "2022-06-24 05:20:20", "elapsed": 3939.293529, "delta": 6.680766}}
{"target": -1.0, "params": {"Bgrad": 1.0668167497242995, "d1": -2.937030947387277, "d2": -0.5965187894598025, "d3": -2.511871413374643, "d4": 0.7556628372753385, "p1": 5.109191309403155, "p2": 5.537175965292413, "p3": 35.696597518366794, "p4": 20.65683521508109, "pol1": 0.5492639466479892, "pol2": -0.6327386876206094, "pol3": 0.1905738385883211, "pol4": 0.31725398625696255, "v0s": 3.2547114427632735}, "datetime": {"datetime": "2022-06-24 05:20:57", "elapsed": 3976.190078, "delta": 36.896549}}
{"target": 2.7364002349429697, "params": {"Bgrad": 1.7960323939205787, "d1": -1.0161873011177005, "d2": -0.5860750124587768, "d3": 0.033838548001410285, "d4": -0.4965932999180258, "p1": 4.97795995019199, "p2": 13.2625922196609, "p3": 37.09092503946742, "p4": 28.7172579229065, "pol1": -0.6454572981741575, "pol2": -0.10468924621122588, "pol3": -0.9643764994059505, "pol4": -0.3067539145451794, "v0s": 2.7364002349429697}, "datetime": {"datetime": "2022-06-24 05:21:02", "elapsed": 3981.897407, "delta": 5.707329}}
{"target": -1.0, "params": {"Bgrad": 0.8883706605108886, "d1": -1.5676603263073066, "d2": -0.7058061428962059, "d3": -2.0614317244290423, "d4": -0.06716019941814944, "p1": 5.041118964777774, "p2": 10.590382409315136, "p3": 35.6317539097234, "p4": 30.467587833170274, "pol1": -0.0653943887800974, "pol2": 0.4738259849366413, "pol3": -0.9620320071771444, "pol4": 0.4825918026504681, "v0s": 4.153377227127888}, "datetime": {"datetime": "2022-06-24 05:21:13", "elapsed": 3992.784499, "delta": 10.887092}}
{"target": -1.0, "params": {"Bgrad": 0.5120882595405877, "d1": -2.1732481675470816, "d2": -1.7395836376935905, "d3": -0.8863799178051295, "d4": -2.9472130093438893, "p1": 10.186486502483588, "p2": 8.061183221641738, "p3": 35.53672156729717, "p4": 30.461735912356698, "pol1": 0.33887461053710966, "pol2": 0.4008164050450611, "pol3": -0.6353631367791464, "pol4": -0.6789900740686448, "v0s": 2.8492501420504395}, "datetime": {"datetime": "2022-06-24 05:21:18", "elapsed": 3997.96824, "delta": 5.183741}}
{"target": -1.0, "params": {"Bgrad": 0.777054885028418, "d1": -1.417931567930156, "d2": -0.6910594630627265, "d3": -1.2811386944277063, "d4": -2.248141370605204, "p1": 7.002731969645204, "p2": 8.995136958680956, "p3": 38.15643961661036, "p4": 29.926209596289166, "pol1": 0.3176727876807415, "pol2": -0.03207982695815281, "pol3": 0.28363926689896646, "pol4": -0.7337445147360055, "v0s": 2.1837601568533405}, "datetime": {"datetime": "2022-06-24 05:21:22", "elapsed": 4001.391661, "delta": 3.423421}}
{"target": 3.1836736077645, "params": {"Bgrad": 1.1516381740449642, "d1": -0.8568693731461274, "d2": 0.015233460336690818, "d3": -2.62597115910912, "d4": -2.242279263243259, "p1": 45.7237205200491, "p2": 21.742204508692918, "p3": 23.34996806633741, "p4": 16.946964612689815, "pol1": 0.686900937649092, "pol2": -0.5741256227866247, "pol3": -0.8555540996870441, "pol4": 0.05648464693661759, "v0s": 3.1836736077645}, "datetime": {"datetime": "2022-06-24 05:21:27", "elapsed": 4006.262202, "delta": 4.870541}}
{"target": 4.32911151907741, "params": {"Bgrad": 1.3895441360776373, "d1": -1.01632124429816, "d2": 0.8859077671567746, "d3": -2.375199613381726, "d4": -2.6182797241349034, "p1": 7.5645059493666285, "p2": 9.21938781065495, "p3": 35.421192274475516, "p4": 32.528763074039304, "pol1": -0.24523270640313521, "pol2": -0.14223739880070685, "pol3": -0.24910134417134255, "pol4": -0.12024248887572275, "v0s": 4.32911151907741}, "datetime": {"datetime": "2022-06-24 05:21:34", "elapsed": 4014.063003, "delta": 7.800801}}
{"target": 4.330885232938247, "params": {"Bgrad": 1.1686438795637941, "d1": -2.9738599967826427, "d2": -1.5146237717903817, "d3": -0.4241135689237008, "d4": -1.9895155234676776, "p1": 6.437998778569459, "p2": 7.365586105486077, "p3": 37.0745843978325, "p4": 28.024102219575564, "pol1": 0.8314198698232771, "pol2": -0.5617820778051268, "pol3": 0.08999282767874495, "pol4": -0.4910730832762895, "v0s": 4.330885232938247}, "datetime": {"datetime": "2022-06-24 05:21:42", "elapsed": 4021.252385, "delta": 7.189382}}
{"target": 2.407508764347561, "params": {"Bgrad": 1.6704252698021107, "d1": -1.0269836318643275, "d2": -1.8201750100530396, "d3": -0.5702463905244208, "d4": 0.3592001119373167, "p1": 25.464997263699313, "p2": 2.528194766319597, "p3": 36.99284172477334, "p4": 27.658107721391932, "pol1": 0.5368722952899074, "pol2": -0.43487874921859593, "pol3": -0.22783575808505963, "pol4": 0.6893475019613509, "v0s": 2.407508764347561}, "datetime": {"datetime": "2022-06-24 05:21:48", "elapsed": 4027.884281, "delta": 6.631896}}
{"target": -1.0, "params": {"Bgrad": 0.7440786593868375, "d1": -0.11275339874081736, "d2": 0.981658361528551, "d3": -1.9913098903969235, "d4": -2.2747565594946892, "p1": 46.050783685922255, "p2": 17.806575506443778, "p3": 24.104522353062897, "p4": 12.217372227775497, "pol1": 0.06322613827810142, "pol2": -0.8933707995828732, "pol3": 0.6612941398932386, "pol4": -0.8351258004143927, "v0s": 5.412518005918262}, "datetime": {"datetime": "2022-06-24 05:21:56", "elapsed": 4035.304607, "delta": 7.420326}}
{"target": 3.450432386928938, "params": {"Bgrad": 1.9308540705950648, "d1": -2.210378432733624, "d2": -2.6678218725597485, "d3": -1.7195543042342387, "d4": -1.6267064060241831, "p1": 10.041532468193404, "p2": 3.010472547979731, "p3": 37.20418509087569, "p4": 21.944926777539052, "pol1": 0.7976696606536964, "pol2": 0.36327028742145195, "pol3": 0.003891014772606338, "pol4": -0.2937260982866905, "v0s": 3.450432386928938}, "datetime": {"datetime": "2022-06-24 05:22:01", "elapsed": 4040.860847, "delta": 5.55624}}
{"target": 3.977752573024544, "params": {"Bgrad": 0.852696598640581, "d1": -2.1966444789508914, "d2": 0.6705115611178059, "d3": -1.5383189256375538, "d4": -1.702194918836434, "p1": 28.901034035327566, "p2": 25.804582595182335, "p3": 4.677649243936618, "p4": 43.79376062840848, "pol1": 0.5792221556114473, "pol2": 0.22731264174794366, "pol3": -0.4189332841864193, "pol4": 0.034377923249200616, "v0s": 3.977752573024544}, "datetime": {"datetime": "2022-06-24 05:22:06", "elapsed": 4045.922919, "delta": 5.062072}}
{"target": 4.56101929071531, "params": {"Bgrad": 1.8038077098634093, "d1": -1.7323309513218184, "d2": 0.21926948580851624, "d3": -2.461535810663507, "d4": -0.6552889966390336, "p1": 9.540627556338938, "p2": 9.295509233506422, "p3": 35.58201353518369, "p4": 29.613609027762905, "pol1": -0.2571724385608565, "pol2": -0.8343875626207695, "pol3": -0.6161166320849976, "pol4": 0.2988445430518736, "v0s": 4.56101929071531}, "datetime": {"datetime": "2022-06-24 05:22:12", "elapsed": 4051.901539, "delta": 5.97862}}
{"target": 3.5271770495115833, "params": {"Bgrad": 1.4752971204655096, "d1": -1.066177260722972, "d2": -0.038070914024812226, "d3": -1.5718457631246314, "d4": -2.0057758592738004, "p1": 44.57861342999897, "p2": 20.36741362461085, "p3": 25.033960242430553, "p4": 13.367639543101824, "pol1": 0.4159373644102787, "pol2": -0.16160395561359345, "pol3": -0.07834162756661346, "pol4": -0.49591127106088373, "v0s": 3.5271770495115833}, "datetime": {"datetime": "2022-06-24 05:22:19", "elapsed": 4058.921912, "delta": 7.020373}}
{"target": -1.0, "params": {"Bgrad": 0.9489283535581061, "d1": -0.7280322237620682, "d2": 0.37103267251370875, "d3": 0.10062523388461742, "d4": -1.5097344973499767, "p1": 45.21604750443021, "p2": 25.26310802959881, "p3": 26.567883313102055, "p4": 12.529810529321711, "pol1": 0.4575055035734563, "pol2": 0.15679572290550237, "pol3": 0.4543157459963776, "pol4": -0.2419102357849603, "v0s": 3.0256437723314953}, "datetime": {"datetime": "2022-06-24 05:23:24", "elapsed": 4124.055537, "delta": 65.133625}}
{"target": -1.0, "params": {"Bgrad": 1.8330974234999677, "d1": -2.126692918723216, "d2": -1.6515617706962482, "d3": -1.243948364948137, "d4": -2.402237545562935, "p1": 1.9523046747862982, "p2": 13.655691670624837, "p3": 32.432658045009234, "p4": 29.31492944685611, "pol1": -0.26562733665259364, "pol2": -0.10953774948358674, "pol3": -0.3618319896102018, "pol4": 0.40635551458213137, "v0s": 4.728415717442909}, "datetime": {"datetime": "2022-06-24 05:23:37", "elapsed": 4137.085409, "delta": 13.029872}}
{"target": 4.647039328270255, "params": {"Bgrad": 0.5222754802489562, "d1": -1.898718134325383, "d2": 0.8372405141540185, "d3": -1.8563587867702758, "d4": -0.7593706404196303, "p1": 0.6935420846465257, "p2": 11.557103691856174, "p3": 34.850334096170975, "p4": 26.19049991996257, "pol1": 0.08772319786694571, "pol2": -0.07159607235223242, "pol3": -0.20308469694261144, "pol4": -0.21288440312193724, "v0s": 4.647039328270255}, "datetime": {"datetime": "2022-06-24 05:23:41", "elapsed": 4141.000044, "delta": 3.914635}}
{"target": 2.785473709556729, "params": {"Bgrad": 1.4639488135339367, "d1": -1.6433124020398775, "d2": -1.5763738531330647, "d3": -1.9620280533044712, "d4": 0.0602427344349059, "p1": 25.573133151399233, "p2": 3.2145055869625025, "p3": 37.73255374292244, "p4": 26.948511234032612, "pol1": 0.44731626675488095, "pol2": -0.08708995917945785, "pol3": -0.2528016802927779, "pol4": 0.6433005157732808, "v0s": 2.785473709556729}, "datetime": {"datetime": "2022-06-24 05:23:46", "elapsed": 4145.637236, "delta": 4.637192}}
{"target": -1.0, "params": {"Bgrad": 1.3100150663914532, "d1": -2.9814177309126464, "d2": -2.097746807038857, "d3": -1.6166843464293703, "d4": -1.7970673463144013, "p1": 6.187799050723969, "p2": 7.395078215003009, "p3": 35.25004305817158, "p4": 27.577273779763384, "pol1": -0.8238872050774475, "pol2": -0.33862302663824706, "pol3": -0.333875830481396, "pol4": -0.011176191969806792, "v0s": 4.7392232836045824}, "datetime": {"datetime": "2022-06-24 05:24:00", "elapsed": 4159.627129, "delta": 13.989893}}
{"target": -1.0, "params": {"Bgrad": 1.4210423839306885, "d1": -1.7691617961930812, "d2": -0.3894990873431885, "d3": -2.4610937054376674, "d4": -2.912871870712693, "p1": 5.99385084212955, "p2": 13.576164796678103, "p3": 33.2093050065209, "p4": 31.504814688285155, "pol1": 0.6100402379573158, "pol2": -0.11530073548611242, "pol3": 0.7505636166790255, "pol4": -0.583138955221935, "v0s": 3.2259608242689186}, "datetime": {"datetime": "2022-06-24 05:24:08", "elapsed": 4167.832833, "delta": 8.205704}}
{"target": 3.6853949369709342, "params": {"Bgrad": 1.684509632744769, "d1": -1.6948107892083604, "d2": -2.7837866315219952, "d3": -2.3729370890019887, "d4": -1.2073468224995518, "p1": 2.2719854267279347, "p2": 13.532375869883934, "p3": 35.808574552267395, "p4": 30.794093012722705, "pol1": 0.0931676085845532, "pol2": 0.23743667792929446, "pol3": -0.5219984068716961, "pol4": -0.7282446956720863, "v0s": 3.6853949369709342}, "datetime": {"datetime": "2022-06-24 05:24:19", "elapsed": 4178.873494, "delta": 11.040661}}
{"target": -1.0, "params": {"Bgrad": 1.9967126172429464, "d1": -0.6599734343186228, "d2": -0.05745445483133427, "d3": -0.3873522027161864, "d4": -0.46835035798490177, "p1": 8.082468453198722, "p2": 8.834198684899668, "p3": 36.24168309896091, "p4": 31.684337485082114, "pol1": 0.42412202917251385, "pol2": -0.2527910008133052, "pol3": 0.8806051478727932, "pol4": 0.621674251417961, "v0s": 4.745784670275674}, "datetime": {"datetime": "2022-06-24 05:24:30", "elapsed": 4189.842889, "delta": 10.969395}}
{"target": 3.071235272304198, "params": {"Bgrad": 0.5526847829428514, "d1": -2.6591956251541937, "d2": -2.3487195764262347, "d3": -0.22367532836221526, "d4": -0.8752033546488058, "p1": 3.1141268080317532, "p2": 12.16838815439415, "p3": 34.80718537115562, "p4": 31.494494050842647, "pol1": -0.5884146257096778, "pol2": 0.8232513517116684, "pol3": 0.48387830358150397, "pol4": 0.3339912400883014, "v0s": 3.071235272304198}, "datetime": {"datetime": "2022-06-24 05:24:35", "elapsed": 4194.211819, "delta": 4.36893}}
{"target": -1.0, "params": {"Bgrad": 1.287898541959756, "d1": -0.46296867241525286, "d2": -2.9914913707624726, "d3": -2.8367768106248383, "d4": -1.643741613836815, "p1": 9.999548897653233, "p2": 1.9453507835137551, "p3": 35.091536153734936, "p4": 20.929207377315283, "pol1": -0.41561575004194684, "pol2": 0.15767505335543675, "pol3": -0.02188734243951518, "pol4": -0.35200448721869715, "v0s": 5.272196137575613}, "datetime": {"datetime": "2022-06-24 05:24:45", "elapsed": 4204.851063, "delta": 10.639244}}
{"target": -1.0, "params": {"Bgrad": 1.0685968033523772, "d1": 0.8257231365456532, "d2": -1.619352507228042, "d3": -2.279835295394883, "d4": -2.024137181560843, "p1": 10.735421465383666, "p2": 5.546774752407888, "p3": 30.9108095256724, "p4": 19.295443469904566, "pol1": 0.038152476740111615, "pol2": 0.05796808498001342, "pol3": 0.2177793399623088, "pol4": 0.281141947254392, "v0s": 2.976738748730892}, "datetime": {"datetime": "2022-06-24 05:25:00", "elapsed": 4219.541119, "delta": 14.690056}}
{"target": -1.0, "params": {"Bgrad": 1.2378609259038624, "d1": -2.5549571389163805, "d2": -1.552428596492887, "d3": -1.2931342503796284, "d4": -0.42341299467502536, "p1": 35.38541926822847, "p2": 7.988493999067608, "p3": 7.524570253062257, "p4": 25.91182943174624, "pol1": 0.17540252933085498, "pol2": 0.45150463827458687, "pol3": -0.7215358141450299, "pol4": -0.36158507279446783, "v0s": 3.8016314672966223}, "datetime": {"datetime": "2022-06-24 05:25:13", "elapsed": 4232.232433, "delta": 12.691314}}
{"target": 2.142601441274607, "params": {"Bgrad": 1.8445328367275704, "d1": -1.050881502414609, "d2": -0.04816864265119891, "d3": -1.0604496931612841, "d4": -2.7678666887028376, "p1": 5.848676840326361, "p2": 13.466801342289065, "p3": 35.83072383078393, "p4": 30.46953436090868, "pol1": 0.7425848036445157, "pol2": -0.699050872435049, "pol3": 0.7976315181531688, "pol4": 0.37241567760363226, "v0s": 2.142601441274607}, "datetime": {"datetime": "2022-06-24 05:25:16", "elapsed": 4235.279852, "delta": 3.047419}}
{"target": -1.0, "params": {"Bgrad": 1.4274915247361086, "d1": 0.02805665696633275, "d2": -0.36005595746882557, "d3": -0.2896386916537881, "d4": -2.759776884200934, "p1": 4.726781058088991, "p2": 12.209556131891148, "p3": 35.745523999620126, "p4": 32.07094703409605, "pol1": 0.3407911237807366, "pol2": 0.720993362314617, "pol3": -0.10372462288319406, "pol4": 0.07297908488759375, "v0s": 2.050738226889193}, "datetime": {"datetime": "2022-06-24 05:25:19", "elapsed": 4238.780568, "delta": 3.500716}}
{"target": 2.2216869112013375, "params": {"Bgrad": 1.5732851147526958, "d1": -2.823561212631889, "d2": -0.16511426101307336, "d3": -1.4862441410289668, "d4": -2.0323466206513476, "p1": 45.45722291969943, "p2": 19.045874975954835, "p3": 25.08477506767461, "p4": 12.312766090119275, "pol1": 0.9532850071324881, "pol2": 0.24125412354731957, "pol3": -0.38165590499103286, "pol4": 0.431566665453752, "v0s": 2.2216869112013375}, "datetime": {"datetime": "2022-06-24 05:25:25", "elapsed": 4244.673917, "delta": 5.893349}}
{"target": 2.7798398873713253, "params": {"Bgrad": 1.3667364738093515, "d1": -0.06172600871945377, "d2": 0.0008039041028653493, "d3": -2.275880139790299, "d4": -0.5252128335668464, "p1": 45.87542927715485, "p2": 22.857933205912527, "p3": 24.758656985619755, "p4": 15.042999879787367, "pol1": -0.33408023073155446, "pol2": -0.21984874854567504, "pol3": 0.795034294708957, "pol4": 0.4563540312745471, "v0s": 2.7798398873713253}, "datetime": {"datetime": "2022-06-24 05:25:31", "elapsed": 4250.790217, "delta": 6.1163}}
{"target": 3.228671423988917, "params": {"Bgrad": 1.4810369157483734, "d1": -0.9513041304995546, "d2": 0.27121296790131444, "d3": -2.2386241626760897, "d4": -1.3857831165491934, "p1": 32.71593824277099, "p2": 10.380003361654982, "p3": 38.04236640106745, "p4": 28.12444140899816, "pol1": 0.5050150219654381, "pol2": -0.3411421098495837, "pol3": -0.8042370848435048, "pol4": -0.12204779625585083, "v0s": 3.228671423988917}, "datetime": {"datetime": "2022-06-24 05:25:37", "elapsed": 4256.826226, "delta": 6.036009}}
{"target": 3.83219785617971, "params": {"Bgrad": 1.4035498038669927, "d1": -2.9216074031407215, "d2": 0.4176451450169769, "d3": -2.340545476887566, "d4": -1.0226049294070814, "p1": 30.08743609327791, "p2": 10.954898502907294, "p3": 37.760450722973125, "p4": 28.515398285422677, "pol1": -0.1198632415557983, "pol2": -0.35130790201078077, "pol3": 0.3001693430181407, "pol4": -0.21906125597082382, "v0s": 3.83219785617971}, "datetime": {"datetime": "2022-06-24 05:25:42", "elapsed": 4261.409533, "delta": 4.583307}}
{"target": 4.14351830851745, "params": {"Bgrad": 1.6167109484277302, "d1": -2.3491514225641796, "d2": 0.209975845487718, "d3": -2.5174426099851326, "d4": -1.702543116793725, "p1": 5.0246915761945505, "p2": 9.18466084181618, "p3": 34.71992863607514, "p4": 31.56110440848219, "pol1": -0.39908411577970954, "pol2": 0.5323367705591114, "pol3": -0.49600514466500045, "pol4": 0.17999218279283247, "v0s": 4.14351830851745}, "datetime": {"datetime": "2022-06-24 05:25:47", "elapsed": 4266.223778, "delta": 4.814245}}
{"target": -1.0, "params": {"Bgrad": 0.8943125501374154, "d1": -0.6742348442138106, "d2": -0.8516838163673497, "d3": -0.4336642468808565, "d4": -0.41213702986404854, "p1": 40.63556600386123, "p2": 21.154590581916448, "p3": 25.523642730778306, "p4": 14.649495080582486, "pol1": -0.9008391621305474, "pol2": 0.43908769217444465, "pol3": -0.15397846401313875, "pol4": -0.008946862350582174, "v0s": 3.5231832756437864}, "datetime": {"datetime": "2022-06-24 05:25:55", "elapsed": 4275.08225, "delta": 8.858472}}
{"target": 2.570325178650851, "params": {"Bgrad": 0.910063802378966, "d1": 0.09176284715086336, "d2": -0.5074431416869727, "d3": -1.405197022120979, "d4": -1.397456260884927, "p1": 45.148894908032695, "p2": 19.686637462176698, "p3": 26.234906732045214, "p4": 14.755831546145338, "pol1": 0.5339338388080743, "pol2": -0.8551878790301246, "pol3": 0.3114318990928051, "pol4": 0.5718722698053287, "v0s": 2.570325178650851}, "datetime": {"datetime": "2022-06-24 05:26:02", "elapsed": 4281.627391, "delta": 6.545141}}
{"target": 4.433654657642753, "params": {"Bgrad": 1.1804764983117233, "d1": -2.2304268068090143, "d2": -0.014248598002198243, "d3": -1.153133274972682, "d4": -2.3471935463382434, "p1": 5.731415799349565, "p2": 12.088227060363653, "p3": 35.479241945012454, "p4": 30.36882612809521, "pol1": -0.963074339652233, "pol2": 0.0065128877623066295, "pol3": -0.2971356455594747, "pol4": 0.5135914427141415, "v0s": 4.433654657642753}, "datetime": {"datetime": "2022-06-24 05:26:09", "elapsed": 4288.361495, "delta": 6.734104}}
{"target": 4.102719339447879, "params": {"Bgrad": 1.3065280115040048, "d1": -0.8108681059027024, "d2": 0.8238763502992711, "d3": -2.414371845020152, "d4": -2.1867425179259325, "p1": 31.672512453691944, "p2": 10.669304377050244, "p3": 38.25213966542388, "p4": 28.665658433710867, "pol1": 0.532787920664115, "pol2": -0.7921976797341844, "pol3": -0.8991714705592941, "pol4": 0.24922643727010665, "v0s": 4.102719339447879}, "datetime": {"datetime": "2022-06-24 05:26:15", "elapsed": 4294.58298, "delta": 6.221485}}
{"target": 3.4185769937036046, "params": {"Bgrad": 1.3312920100860868, "d1": -1.234712186312425, "d2": 0.3579546545104142, "d3": -2.0483866205642345, "d4": -1.8133854300366932, "p1": 6.524941618784336, "p2": 36.80414032765147, "p3": 34.275903157920325, "p4": 34.08054246029408, "pol1": 0.3392076724426669, "pol2": -0.36977539100600243, "pol3": 0.4441451041248001, "pol4": 0.17275522425915346, "v0s": 3.4185769937036046}, "datetime": {"datetime": "2022-06-24 05:26:22", "elapsed": 4301.78984, "delta": 7.20686}}
{"target": 2.8802788045654113, "params": {"Bgrad": 1.380277925507574, "d1": -1.9187676330389487, "d2": -0.9449239917051497, "d3": -0.8718688585304548, "d4": -1.1636186736670528, "p1": 3.566490293763186, "p2": 9.408418251404694, "p3": 34.98541515763161, "p4": 29.374596647894858, "pol1": 0.4289126194567763, "pol2": -0.685621195776702, "pol3": 0.7483494354910771, "pol4": 0.2259991417120859, "v0s": 2.8802788045654113}, "datetime": {"datetime": "2022-06-24 05:26:28", "elapsed": 4307.342138, "delta": 5.552298}}
{"target": 4.5406303347635415, "params": {"Bgrad": 0.7983008104887317, "d1": -2.9689440260963704, "d2": 0.1915072909519746, "d3": -1.1372737731038458, "d4": -0.09759741733286065, "p1": 0.44205753908439505, "p2": 11.448819170182729, "p3": 34.28275061138941, "p4": 23.733892095465738, "pol1": -0.6486602326137736, "pol2": -0.33700560883395814, "pol3": 0.19860584970480666, "pol4": 0.11297532037652136, "v0s": 4.5406303347635415}, "datetime": {"datetime": "2022-06-24 05:26:31", "elapsed": 4311.04979, "delta": 3.707652}}
