{"target": -1.0, "params": {"I": 10.99249818475236, "d1": -1.4026126856782435, "d2": -1.307472655045371, "d3": -2.189199809299757, "d4": -1.2737740894248781, "p1": 40.49642697164211, "p2": 39.16499842452455, "p3": 12.1456542093751, "p4": 14.699940920324883, "pol1": 0.8332488268034215, "pol2": 0.6052342201570164, "pol3": 0.8172547096536467, "pol4": -0.6776098109784539, "v0s": 7.251021946281485}, "datetime": {"datetime": "2022-02-04 20:23:30", "elapsed": 91608.591907, "delta": 357.027563}}
{"target": -1.0, "params": {"I": 4.1899727482281035, "d1": -0.8109780057076867, "d2": 0.1069876708760118, "d3": -0.10389425971391342, "d4": -0.8985945388048671, "p1": 46.514652540553385, "p2": 13.69420422622224, "p3": 33.72786718909279, "p4": 31.238766500384983, "pol1": 0.9892827496784666, "pol2": -0.22356851330104033, "pol3": 0.24872159027740182, "pol4": -0.5650555156008905, "v0s": 6.673631963062495}, "datetime": {"datetime": "2022-02-04 20:27:30", "elapsed": 91849.07933, "delta": 240.487423}}
{"target": 5.455113674569895, "params": {"I": 14.801452376984752, "d1": -2.843186778620325, "d2": -0.4559193525417795, "d3": -2.6311255576135815, "d4": 0.5523775768007209, "p1": 14.266010446471073, "p2": 35.09728624649278, "p3": 12.805020431941328, "p4": 34.980749999818265, "pol1": -0.5569238053413017, "pol2": 0.9580973519815854, "pol3": -0.31208711084710017, "pol4": 0.059638693020055866, "v0s": 5.455113674569895}, "datetime": {"datetime": "2022-02-04 20:51:16", "elapsed": 93275.036208, "delta": 1425.956878}}
{"target": -1.0, "params": {"I": 8.585767706090062, "d1": -0.42046042584765253, "d2": -2.5633750744731745, "d3": 0.42316631033236973, "d4": -2.6563384457543444, "p1": 14.977406746641591, "p2": 34.637915729474, "p3": 4.756525792301175, "p4": 47.11272255418139, "pol1": 0.6431176846668571, "pol2": -0.5567880374047764, "pol3": -0.955679045977093, "pol4": -0.050690230664569125, "v0s": 5.904465696049753}, "datetime": {"datetime": "2022-02-04 20:56:05", "elapsed": 93564.044476, "delta": 289.008268}}
{"target": -1.0, "params": {"I": 16.075448551263804, "d1": -1.5193563763629667, "d2": -2.9080831744128632, "d3": -2.2639651867410717, "d4": -1.9750559558103684, "p1": 26.279362371836122, "p2": 33.820568690716144, "p3": 23.887594547556233, "p4": 18.82636861184433, "pol1": -0.00261991612595458, "pol2": 0.7799783154230806, "pol3": 0.06280030109059531, "pol4": -0.556365756519597, "v0s": 7.207418799852056}, "datetime": {"datetime": "2022-02-04 21:03:16", "elapsed": 93994.77703, "delta": 430.732554}}
{"target": -1.0, "params": {"I": 18.72274318329901, "d1": 0.657237104352915, "d2": 0.11473556404595131, "d3": -2.5229735296976807, "d4": 0.46627002223284064, "p1": 4.276539771093018, "p2": 4.166530866818774, "p3": 7.672259798776027, "p4": 23.969038673567134, "pol1": -0.9315878375750173, "pol2": 0.8235303058887609, "pol3": -0.5249643863114695, "pol4": 0.9566434884414567, "v0s": 6.219097651776578}, "datetime": {"datetime": "2022-02-04 21:08:41", "elapsed": 94320.388296, "delta": 325.611266}}
{"target": 3.7697781863944857, "params": {"I": 11.668721135094943, "d1": -0.4870950055894876, "d2": -0.9790844428104131, "d3": -2.402057959363642, "d4": -1.8685685544036872, "p1": 49.588361369992164, "p2": 19.49954866020782, "p3": 39.8591276919149, "p4": 29.004844108760462, "pol1": -0.44494040266274104, "pol2": 0.6384350297158967, "pol3": -0.19315077234755873, "pol4": -0.8124006532649388, "v0s": 3.7697781863944857}, "datetime": {"datetime": "2022-02-04 21:14:29", "elapsed": 94668.141449, "delta": 347.753153}}
{"target": -1.0, "params": {"I": 10.180404484829074, "d1": -2.240235694996856, "d2": 0.07828165059074088, "d3": -2.3367090964590114, "d4": -2.87863490449101, "p1": 29.85225317874205, "p2": 7.711215217489087, "p3": 45.80091340267806, "p4": 43.51213710309057, "pol1": 0.32026688635734013, "pol2": -0.7569595756103207, "pol3": -0.27238931843076464, "pol4": 0.6863320792524001, "v0s": 6.462236078799878}, "datetime": {"datetime": "2022-02-04 21:22:36", "elapsed": 95154.683817, "delta": 486.542368}}
{"target": -1.0, "params": {"I": 17.58984779907959, "d1": 0.31295327658267524, "d2": 0.49889758513153515, "d3": -1.3690563532550888, "d4": -2.5176083062346906, "p1": 46.296497523782364, "p2": 26.74748158735322, "p3": 17.758266773039853, "p4": 32.18337827848314, "pol1": 0.5585122352233998, "pol2": 0.3750207425483989, "pol3": -0.6129750773309526, "pol4": 0.7895178418440425, "v0s": 3.317769862842577}, "datetime": {"datetime": "2022-02-04 21:29:07", "elapsed": 95545.982693, "delta": 391.298876}}
{"target": -1.0, "params": {"I": 19.10655916706786, "d1": -2.215036121258201, "d2": -2.655277236292505, "d3": -2.231816376190231, "d4": -2.4787063852972304, "p1": 31.310168458909395, "p2": 10.830485146655612, "p3": 31.50103903587283, "p4": 26.54153588852185, "pol1": 0.3957444125867917, "pol2": 0.21001205185309346, "pol3": 0.5481661893724066, "pol4": -0.860288653264395, "v0s": 7.847748994549063}, "datetime": {"datetime": "2022-02-04 21:34:28", "elapsed": 95867.456593, "delta": 321.4739}}
{"target": -1.0, "params": {"I": 9.516126249912656, "d1": -2.6074720589385856, "d2": 0.12597711695049751, "d3": 0.36722841125069117, "d4": -1.4864248431098073, "p1": 2.1752580988343926, "p2": 0.41544984817794006, "p3": 13.214728052162494, "p4": 31.193259623330338, "pol1": 0.051944461294491706, "pol2": -0.7875484711183849, "pol3": 0.3936003199030469, "pol4": -0.2771287851624755, "v0s": 3.2800601408889962}, "datetime": {"datetime": "2022-02-04 21:40:37", "elapsed": 96236.137889, "delta": 368.681296}}
{"target": -1.0, "params": {"I": 1.5035476535324834, "d1": 0.80535430597573, "d2": -0.21433602889367043, "d3": -2.7836964276593714, "d4": -2.8109320345334607, "p1": 10.237828044883535, "p2": 28.533609356505522, "p3": 47.730509424871215, "p4": 35.44061902950572, "pol1": -0.7687319884749446, "pol2": -0.030860754696929282, "pol3": 0.03480989051100858, "pol4": 0.0972774813844175, "v0s": 5.4874857348975805}, "datetime": {"datetime": "2022-02-04 21:44:51", "elapsed": 96489.6217, "delta": 253.483811}}
{"target": -1.0, "params": {"I": 4.112436676968192, "d1": 0.41231820840144895, "d2": 0.2028265713624826, "d3": -2.8508620239039812, "d4": -1.206707909012895, "p1": 7.079386100698865, "p2": 31.749885452562015, "p3": 19.23266082894503, "p4": 23.449239626617626, "pol1": -0.273193221326687, "pol2": 0.664954135807508, "pol3": -0.24837598892677848, "pol4": -0.5855688775840366, "v0s": 2.6036486565705634}, "datetime": {"datetime": "2022-02-04 21:49:52", "elapsed": 96790.803783, "delta": 301.182083}}
{"target": -1.0, "params": {"I": 17.21999468667824, "d1": -1.401235846913639, "d2": 0.7039468689299717, "d3": -1.016196999839467, "d4": -2.965045917763293, "p1": 41.634478336555446, "p2": 47.67114147753216, "p3": 1.9432270136188923, "p4": 17.519615879536648, "pol1": -0.40413655446964913, "pol2": -0.29442725772535194, "pol3": -0.363600483401854, "pol4": 0.5340598094236138, "v0s": 6.625962806636985}, "datetime": {"datetime": "2022-02-04 21:55:27", "elapsed": 97126.084845, "delta": 335.281062}}
{"target": -1.0, "params": {"I": 11.668638392841093, "d1": -2.924319275715302, "d2": -1.4778691260247143, "d3": -2.1082478941737652, "d4": -1.6412581157004573, "p1": 8.745860307428815, "p2": 5.194833658077103, "p3": 27.113243883650505, "p4": 10.85824455365954, "pol1": 0.06303715601963411, "pol2": -0.09936856607118516, "pol3": -0.64601258448549, "pol4": 0.5421672816096761, "v0s": 4.282742542737729}, "datetime": {"datetime": "2022-02-04 22:01:36", "elapsed": 97495.133654, "delta": 369.048809}}
{"target": -1.0, "params": {"I": 6.857118549296891, "d1": -1.895270167280021, "d2": -0.15120980809943818, "d3": -0.12002426249607367, "d4": -0.7306027521402343, "p1": 7.701735470573401, "p2": 1.2488828760804482, "p3": 20.650550645537734, "p4": 12.525817515415127, "pol1": -0.4873646670410998, "pol2": -0.8668809487233846, "pol3": 0.7990706937595486, "pol4": -0.3947303323598297, "v0s": 7.869078793343104}, "datetime": {"datetime": "2022-02-04 22:09:09", "elapsed": 97947.688699, "delta": 452.555045}}
{"target": -1.0, "params": {"I": 19.83261405446698, "d1": -2.0467161407826207, "d2": -0.16755606719729643, "d3": -2.31087599497441, "d4": -1.6199543550416649, "p1": 33.382855962289796, "p2": 14.868127865695651, "p3": 30.60789383223501, "p4": 5.082182260450713, "pol1": -0.43073378662604345, "pol2": -0.24648835687809534, "pol3": -0.8508152918393126, "pol4": -0.04340554701416344, "v0s": 3.442020334674592}, "datetime": {"datetime": "2022-02-04 22:16:56", "elapsed": 98414.530674, "delta": 466.841975}}
{"target": -1.0, "params": {"I": 14.42318672534468, "d1": -0.6755756387885334, "d2": -0.8290657262984817, "d3": -1.372999042778424, "d4": -2.2031337018832127, "p1": 2.090910778714977, "p2": 29.5852622343012, "p3": 19.051398721231095, "p4": 24.474492865937574, "pol1": 0.5234066837371139, "pol2": 0.9204163612928549, "pol3": -0.2697119927680076, "pol4": -0.5377899763633827, "v0s": 3.4885455200465914}, "datetime": {"datetime": "2022-02-04 22:35:41", "elapsed": 99540.435352, "delta": 1125.904678}}
{"target": -1.0, "params": {"I": 19.37890992446943, "d1": 0.41119190738798617, "d2": -0.8847818816374393, "d3": -2.2079754443205197, "d4": -1.0783429744536028, "p1": 23.96241343313391, "p2": 22.149092767730487, "p3": 13.867958286005866, "p4": 29.84129420650238, "pol1": 0.36132230983562885, "pol2": 0.34001364406222523, "pol3": 0.609136737505247, "pol4": 0.18594942445345541, "v0s": 4.707135703247755}, "datetime": {"datetime": "2022-02-04 22:41:39", "elapsed": 99898.065122, "delta": 357.62977}}
{"target": -1.0, "params": {"I": 9.86035880122755, "d1": -2.891480715797585, "d2": -0.8483152388144704, "d3": -1.4051710441574654, "d4": 0.6015799621333446, "p1": 10.613658770088035, "p2": 32.7704336277527, "p3": 30.00458710976635, "p4": 13.103280654374833, "pol1": 0.6611464876754563, "pol2": 0.3097694656013934, "pol3": -0.4069128909332187, "pol4": 0.9993081224776019, "v0s": 5.8935744014841465}, "datetime": {"datetime": "2022-02-04 22:55:40", "elapsed": 100738.723219, "delta": 840.658097}}
{"target": -1.0, "params": {"I": 5.322861867566172, "d1": -1.6844625201521497, "d2": -0.07540162995146815, "d3": 0.7826850704099928, "d4": 0.5259775767287014, "p1": 49.000168585599184, "p2": 30.30897559122402, "p3": 13.953478586516809, "p4": 0.6430750803870622, "pol1": 0.21614667073437088, "pol2": -0.6747387603848949, "pol3": -0.7331207501373067, "pol4": 0.21618843785481667, "v0s": 7.703676177344561}, "datetime": {"datetime": "2022-02-04 23:00:51", "elapsed": 101049.837184, "delta": 311.113965}}
{"target": 2.678978198242331, "params": {"I": 2.17876408928062, "d1": -2.1062445683911273, "d2": -2.825901149136725, "d3": -0.9135039098422646, "d4": -2.805557272586395, "p1": 15.772190568389032, "p2": 45.0341547501659, "p3": 44.076401193841086, "p4": 16.981580041570794, "pol1": -0.8602434922568818, "pol2": -0.48604216696290936, "pol3": 0.14029975076610324, "pol4": 0.6950607687492913, "v0s": 2.678978198242331}, "datetime": {"datetime": "2022-02-04 23:03:55", "elapsed": 101233.529511, "delta": 183.692327}}
{"target": -1.0, "params": {"I": 1.107234186365633, "d1": -0.43715572591638985, "d2": -0.34986890863437337, "d3": -0.2805086659598035, "d4": -2.5692023114906246, "p1": 39.18907316231553, "p2": 16.38564558524954, "p3": 13.502118257066142, "p4": 16.475408178785923, "pol1": 0.859633974811431, "pol2": -0.6242850454346012, "pol3": 0.2611385955828607, "pol4": -0.08035147442883006, "v0s": 2.685583933225022}, "datetime": {"datetime": "2022-02-04 23:07:40", "elapsed": 101458.817232, "delta": 225.287721}}
{"target": -1.0, "params": {"I": 19.98852628654233, "d1": 0.5718247540827313, "d2": 0.976797058337548, "d3": -1.2318290977211541, "d4": -2.3410129848424543, "p1": 6.873842559591231, "p2": 18.1966603221703, "p3": 12.646778350650845, "p4": 42.92205051587125, "pol1": 0.16045196882494928, "pol2": -0.5967297807481113, "pol3": 0.6309861187679251, "pol4": 0.1743571966658779, "v0s": 3.111138202965444}, "datetime": {"datetime": "2022-02-04 23:14:29", "elapsed": 101868.158831, "delta": 409.341599}}
{"target": -1.0, "params": {"I": 13.64813802147703, "d1": 0.9420588024411027, "d2": -2.051261170438287, "d3": -1.8038253576477996, "d4": 0.261240619725577, "p1": 18.00067394466407, "p2": 26.0816813668032, "p3": 17.645852612122003, "p4": 34.75954319922561, "pol1": 0.7841288041394476, "pol2": -0.7981733521789287, "pol3": -0.7305040415212265, "pol4": 0.06619140128041501, "v0s": 5.69488364467397}, "datetime": {"datetime": "2022-02-04 23:20:35", "elapsed": 102233.911161, "delta": 365.75233}}
{"target": -1.0, "params": {"I": 3.090084137294225, "d1": 0.18896338216222874, "d2": 0.9131092542643318, "d3": 0.18463062058728497, "d4": -1.1938017265763157, "p1": 2.6830503684758367, "p2": 19.578158471528806, "p3": 24.158828736657167, "p4": 49.98322575990063, "pol1": 0.9407556719058723, "pol2": -0.023512098915564827, "pol3": -0.7324821642579142, "pol4": -0.03784780451592362, "v0s": 6.9207642140657315}, "datetime": {"datetime": "2022-02-04 23:23:43", "elapsed": 102422.100346, "delta": 188.189185}}
{"target": -1.0, "params": {"I": 4.870631263042494, "d1": 0.3725330060199261, "d2": -1.3317794739674178, "d3": -1.9756207504920948, "d4": -1.3353040565549286, "p1": 0.17386652553008086, "p2": 9.824438668489538, "p3": 43.62027824144724, "p4": 46.63312306895618, "pol1": -0.06904480301460358, "pol2": 0.16031954715387142, "pol3": -0.6649728352755429, "pol4": 0.9676070450705008, "v0s": 5.662141497280031}, "datetime": {"datetime": "2022-02-04 23:27:34", "elapsed": 102652.492155, "delta": 230.391809}}
{"target": -1.0, "params": {"I": 9.569348034800557, "d1": -1.4019669748127224, "d2": -0.12839668368640966, "d3": 0.7739014835766858, "d4": -0.14206254895847747, "p1": 49.09162556603828, "p2": 2.959007304343242, "p3": 21.09014394053292, "p4": 17.37530095932253, "pol1": -0.2851581690586835, "pol2": 0.6796305908766094, "pol3": 0.6756136402866864, "pol4": 0.3298369720079759, "v0s": 2.034948579941206}, "datetime": {"datetime": "2022-02-04 23:33:20", "elapsed": 102999.434336, "delta": 346.942181}}
{"target": -1.0, "params": {"I": 1.6731202750098226, "d1": 0.22455175674290206, "d2": 0.7036047856436873, "d3": -1.3579779072618638, "d4": 0.6677825084954172, "p1": 33.60133634929566, "p2": 27.76443759758878, "p3": 3.558013859755571, "p4": 12.743733412754615, "pol1": 0.9889916576439779, "pol2": 0.8256922680241892, "pol3": 0.599870920489618, "pol4": -0.4192881903955741, "v0s": 4.417448971758308}, "datetime": {"datetime": "2022-02-04 23:35:25", "elapsed": 103124.426713, "delta": 124.992377}}
{"target": -1.0, "params": {"I": 15.916237509480604, "d1": 0.7278228010399284, "d2": 0.2085559194300335, "d3": -1.4219841308040602, "d4": -1.4952398904835178, "p1": 15.33902197507499, "p2": 17.98685745112147, "p3": 12.237755167832315, "p4": 24.621321053635587, "pol1": -0.07045710758281576, "pol2": -0.5639912907373599, "pol3": -0.5149491817997156, "pol4": -0.2532072517519084, "v0s": 5.139397039664921}, "datetime": {"datetime": "2022-02-04 23:41:24", "elapsed": 103483.182248, "delta": 358.755535}}
{"target": -1.0, "params": {"I": 9.020259856236011, "d1": -0.611046014107214, "d2": -2.124763243541747, "d3": 0.7281570307385272, "d4": -1.8479536611855223, "p1": 1.94887080744513, "p2": 7.740790609356607, "p3": 23.756752408456585, "p4": 13.1836319495512, "pol1": -0.5017645002990154, "pol2": -0.7705103555129147, "pol3": 0.3916209675076976, "pol4": -0.8525295742529533, "v0s": 4.263316656620342}, "datetime": {"datetime": "2022-02-04 23:50:48", "elapsed": 104047.231573, "delta": 564.049325}}
{"target": -1.0, "params": {"I": 8.74065182050979, "d1": -1.320921391838994, "d2": -0.6371951925175674, "d3": -2.086030697022636, "d4": -2.41641696693051, "p1": 14.23548849821028, "p2": 32.10767512881581, "p3": 43.536814906533536, "p4": 3.473952513233752, "pol1": -0.8536140725891952, "pol2": 0.5348022598880546, "pol3": 0.412039269113716, "pol4": -0.458844118461321, "v0s": 5.031253003853109}, "datetime": {"datetime": "2022-02-04 23:58:49", "elapsed": 104527.842934, "delta": 480.611361}}
{"target": -1.0, "params": {"I": 2.004731036291281, "d1": -0.5270705583552688, "d2": -2.456603790414515, "d3": -0.955739181305157, "d4": -2.4882687245760926, "p1": 32.28902541196002, "p2": 10.081514555452149, "p3": 1.1511852678825096, "p4": 46.67889633487759, "pol1": 0.19552032716721124, "pol2": -0.8397838411368728, "pol3": 0.20969889590648116, "pol4": 0.37767036061493164, "v0s": 5.257612824811852}, "datetime": {"datetime": "2022-02-05 00:02:39", "elapsed": 104757.76679, "delta": 229.923856}}
{"target": -1.0, "params": {"I": 19.460732375305692, "d1": -2.112726312069435, "d2": -2.283959672573951, "d3": 0.17716398440717684, "d4": 0.9722380421453951, "p1": 30.468373506724216, "p2": 37.52680290662208, "p3": 19.86349137525026, "p4": 9.402679850510687, "pol1": -0.37660123080307795, "pol2": 0.8112878958119292, "pol3": -0.3774362312670976, "pol4": 0.20424359168462347, "v0s": 5.604705189225896}, "datetime": {"datetime": "2022-02-05 00:08:28", "elapsed": 105107.322004, "delta": 349.555214}}
{"target": 2.218847283586081, "params": {"I": 11.891282770014639, "d1": -1.0592323684955622, "d2": 0.6622096331865017, "d3": -1.1109336545201636, "d4": -2.5316517769538742, "p1": 7.719721163379995, "p2": 22.261203210097314, "p3": 8.234224238097898, "p4": 26.76256347955559, "pol1": -0.8140670689864378, "pol2": -0.8626066279195643, "pol3": -0.8602112859056295, "pol4": 0.248624626615485, "v0s": 2.218847283586081}, "datetime": {"datetime": "2022-02-05 00:11:38", "elapsed": 105297.441333, "delta": 190.119329}}
{"target": -1.0, "params": {"I": 8.460561458338322, "d1": -2.3430236487200538, "d2": -2.1227452857975666, "d3": -0.5769146989355805, "d4": 0.5610276105652279, "p1": 20.40079421375888, "p2": 11.930176759904466, "p3": 43.040633623705155, "p4": 8.881815836334923, "pol1": -0.29393561612449326, "pol2": -0.7506077129782249, "pol3": 0.8013709424781996, "pol4": 0.8041488432834829, "v0s": 5.715587230394087}, "datetime": {"datetime": "2022-02-05 00:17:29", "elapsed": 105648.133492, "delta": 350.692159}}
{"target": -1.0, "params": {"I": 11.504055144607918, "d1": -2.3647995826540282, "d2": -0.07491078412512531, "d3": 0.21629679134434365, "d4": -0.8906626278453826, "p1": 4.570028933248049, "p2": 14.855758545967618, "p3": 35.02879449321764, "p4": 37.73714866429697, "pol1": -0.5257643333456017, "pol2": 0.48276759089384114, "pol3": 0.7959051018035357, "pol4": 0.9127248707950344, "v0s": 2.354147123999936}, "datetime": {"datetime": "2022-02-05 00:21:12", "elapsed": 105870.595074, "delta": 222.461582}}
{"target": -1.0, "params": {"I": 7.821904762329695, "d1": -0.306681126987872, "d2": -2.5841060055438745, "d3": 0.9707866670019061, "d4": -0.09151690735726703, "p1": 10.121928041745148, "p2": 10.392613192862882, "p3": 27.802853170353842, "p4": 49.539482564124015, "pol1": -0.285132882918258, "pol2": 0.9402268882866291, "pol3": 0.8971160296452336, "pol4": -0.06372635193891174, "v0s": 6.7396566902789505}, "datetime": {"datetime": "2022-02-05 00:26:43", "elapsed": 106202.382874, "delta": 331.7878}}
{"target": -1.0, "params": {"I": 1.5917706152571678, "d1": -2.2131295512744114, "d2": -2.797223795552613, "d3": -2.689800286091567, "d4": 0.7960695140506413, "p1": 36.335395412444896, "p2": 22.485410677998953, "p3": 3.16802737993323, "p4": 33.66313112533851, "pol1": 0.3521278163754642, "pol2": 0.9411406339026944, "pol3": 0.29367371671171116, "pol4": 0.11754863564559859, "v0s": 4.505737380596323}, "datetime": {"datetime": "2022-02-05 00:29:02", "elapsed": 106340.653494, "delta": 138.27062}}
{"target": -1.0, "params": {"I": 14.214664924999292, "d1": 0.1361906637160719, "d2": -0.7981411437644983, "d3": 0.6870197789181689, "d4": -2.064147557373525, "p1": 27.489087596267904, "p2": 35.307518299344856, "p3": 27.80691510867244, "p4": 7.491133601870464, "pol1": -0.40665427476837257, "pol2": -0.477471790930301, "pol3": -0.23410187401280935, "pol4": 0.9738444429539752, "v0s": 2.1386704978080866}, "datetime": {"datetime": "2022-02-05 00:35:04", "elapsed": 106702.640972, "delta": 361.987478}}
{"target": -1.0, "params": {"I": 11.353916604187768, "d1": -0.6938545943908205, "d2": -1.3032428087031995, "d3": -2.5897981805065413, "d4": -1.9256354080983207, "p1": 34.21459902995809, "p2": 39.47590792082754, "p3": 29.709631603703357, "p4": 14.28164089274569, "pol1": -0.8396229605758403, "pol2": -0.32520311232319954, "pol3": -0.3372685649992746, "pol4": -0.4708372243164991, "v0s": 3.610741629373678}, "datetime": {"datetime": "2022-02-05 00:42:02", "elapsed": 107121.087017, "delta": 418.446045}}
{"target": -1.0, "params": {"I": 8.261661789907988, "d1": -2.616023749582707, "d2": -0.2994530780085132, "d3": -1.4410685292046281, "d4": -1.9191881705564815, "p1": 18.544860374359356, "p2": 41.98349296811364, "p3": 29.324620170660747, "p4": 22.44355221460606, "pol1": 0.07322522716726176, "pol2": 0.743506431685125, "pol3": -0.26129198885536753, "pol4": 0.6047794821224213, "v0s": 5.989219095980076}, "datetime": {"datetime": "2022-02-05 00:49:51", "elapsed": 107590.069662, "delta": 468.982645}}
{"target": -1.0, "params": {"I": 9.941169710478828, "d1": 0.946291118347526, "d2": 0.7931966962906603, "d3": -0.4196574389582257, "d4": -2.3931005158721055, "p1": 31.95634243599525, "p2": 28.283105627196374, "p3": 23.4332918830626, "p4": 21.401873473413506, "pol1": 0.19853951131606018, "pol2": 0.6999397770319309, "pol3": 0.5022420807438748, "pol4": 0.1587210805944661, "v0s": 7.548225089216168}, "datetime": {"datetime": "2022-02-05 00:55:00", "elapsed": 107898.548996, "delta": 308.479334}}
{"target": -1.0, "params": {"I": 2.230059685389428, "d1": 0.9653860349272363, "d2": -2.788021829328042, "d3": -2.2020178154457546, "d4": -1.3089893534217563, "p1": 5.3754438092583845, "p2": 31.183520549885092, "p3": 2.399628202443366, "p4": 14.231194050347106, "pol1": -0.8779266377606578, "pol2": 0.40703866221016227, "pol3": 0.336912335178964, "pol4": -0.24283881349879555, "v0s": 3.129165560178927}, "datetime": {"datetime": "2022-02-05 00:58:01", "elapsed": 108079.826605, "delta": 181.277609}}
