{"target": -1.0, "params": {"Bgrad": 4.9465760355004385, "d1": -0.6905358351892534, "d2": -0.026003485616341138, "d3": 0.07636403897458344, "d4": -1.1369356735048033, "p1": 24.474359470520817, "p2": 31.88347947345492, "p3": 4.097521068923693, "p4": 35.517317304748275, "pol1": 0.8181785716600203, "pol2": -0.4327253220411773, "pol3": -0.2001357002311286, "pol4": 0.042110118238354755, "v0s": 4.904983724021019}, "datetime": {"datetime": "2022-04-08 21:29:17", "elapsed": 16086.048539, "delta": 9.789825}}
{"target": -1.0, "params": {"Bgrad": 7.78544829772656, "d1": -1.370019468824084, "d2": -0.2747815959117452, "d3": -1.3650263377823015, "d4": 0.3881142331452221, "p1": 6.7002075171512026, "p2": 0.261104430807374, "p3": 31.32270007143308, "p4": 27.203267537070598, "pol1": -0.25456235615303857, "pol2": 0.41741737166357007, "pol3": -0.9876186411145744, "pol4": 0.4405450470740171, "v0s": 4.39228532727423}, "datetime": {"datetime": "2022-04-08 21:29:38", "elapsed": 16106.537757, "delta": 20.489218}}
{"target": 3.9357971400988605, "params": {"Bgrad": 5.753277768741956, "d1": -2.3166609242603653, "d2": -1.4897720659786835, "d3": -2.4395551323352507, "d4": -2.6303234909199675, "p1": 5.717026665918184, "p2": 7.164530653938801, "p3": 36.75965448020355, "p4": 28.1297857747528, "pol1": -0.6429553899695476, "pol2": -0.5274954073119591, "pol3": -0.28583457360392867, "pol4": 0.2706703069644551, "v0s": 3.9357971400988605}, "datetime": {"datetime": "2022-04-08 21:29:49", "elapsed": 16117.274052, "delta": 10.736295}}
{"target": -1.0, "params": {"Bgrad": 9.372148899048344, "d1": -2.862145173973132, "d2": -0.6189900853190577, "d3": -2.6199560894662217, "d4": -2.672304791874035, "p1": 6.76973062221144, "p2": 6.146746188755303, "p3": 39.516706972262206, "p4": 26.4593951172125, "pol1": 0.9788901778176318, "pol2": -0.46837254919675053, "pol3": -0.8610779564184454, "pol4": 0.6914715058327199, "v0s": 3.2697761913422974}, "datetime": {"datetime": "2022-04-08 21:30:03", "elapsed": 16132.170224, "delta": 14.896172}}
{"target": -1.0, "params": {"Bgrad": 6.058455907232102, "d1": -2.339194027044876, "d2": 0.5726857192126835, "d3": -0.6757276407245651, "d4": -1.3526126794974331, "p1": 2.7111941756226274, "p2": 6.299782292053163, "p3": 45.24710753536969, "p4": 17.193432117238345, "pol1": 0.9259902063856795, "pol2": -0.8527419559294691, "pol3": -0.5031803453455768, "pol4": -0.14462047386053856, "v0s": 4.8277958541859345}, "datetime": {"datetime": "2022-04-08 21:30:26", "elapsed": 16154.959294, "delta": 22.78907}}
{"target": -1.0, "params": {"Bgrad": 6.96175108352562, "d1": 0.3056297473535414, "d2": -1.329228470319956, "d3": -0.8420386373396922, "d4": -1.647972761188663, "p1": 24.201760776651277, "p2": 30.32065807647834, "p3": 4.6832208225730305, "p4": 35.022484537990536, "pol1": -0.5805244851732496, "pol2": 0.7656162288428763, "pol3": -0.5101564769076603, "pol4": 0.23370239942692028, "v0s": 2.010021530981242}, "datetime": {"datetime": "2022-04-08 21:30:37", "elapsed": 16165.336549, "delta": 10.377255}}
{"target": 4.186257866507418, "params": {"Bgrad": 5.501302844662922, "d1": -2.068451959343228, "d2": -1.1133574574742202, "d3": -3.0, "d4": -0.3661938387198497, "p1": 11.419396632382812, "p2": 5.600683203413815, "p3": 41.595541249012264, "p4": 28.56071213227526, "pol1": -0.8160886442304934, "pol2": -0.7573132311562325, "pol3": -0.2520075444254681, "pol4": -0.7377964062591916, "v0s": 4.186257866507418}, "datetime": {"datetime": "2022-04-08 21:30:51", "elapsed": 16179.660252, "delta": 14.323703}}
{"target": -1.0, "params": {"Bgrad": 5.721565391781811, "d1": -2.776502281277742, "d2": 0.43838206741381214, "d3": -1.5544963020149352, "d4": -0.10475408776331996, "p1": 3.5901831857702904, "p2": 7.557741789017464, "p3": 33.359986940642514, "p4": 25.472923296429705, "pol1": 0.7870520466363229, "pol2": 0.9817617188405059, "pol3": -0.7285720763731109, "pol4": -0.2623381399250255, "v0s": 4.1020406598722605}, "datetime": {"datetime": "2022-04-08 21:31:13", "elapsed": 16201.832057, "delta": 22.171805}}
{"target": 3.9080921875040477, "params": {"Bgrad": 6.634804350901081, "d1": -1.9501951657853063, "d2": 0.16870711072454264, "d3": -1.263600688704883, "d4": -1.844926344003997, "p1": 8.618014125730326, "p2": 1.084740454866897, "p3": 33.93423713921648, "p4": 25.206812102042925, "pol1": -0.519302548661158, "pol2": -0.10381622793714884, "pol3": 0.005932779031127881, "pol4": -0.695613973527604, "v0s": 3.9080921875040477}, "datetime": {"datetime": "2022-04-08 21:31:24", "elapsed": 16212.933043, "delta": 11.100986}}
{"target": -1.0, "params": {"Bgrad": 8.00554350368936, "d1": -1.509421458537442, "d2": -1.6735128608904937, "d3": -1.2196386821648337, "d4": -2.173742175014233, "p1": 21.667655437827342, "p2": 33.36193931148816, "p3": 2.3161601825006817, "p4": 33.849114197233455, "pol1": 0.44002281784468567, "pol2": 0.13281122693794378, "pol3": 0.7944132081549986, "pol4": 0.25809159314197716, "v0s": 6.941359575970944}, "datetime": {"datetime": "2022-04-08 21:31:34", "elapsed": 16222.63231, "delta": 9.699267}}
{"target": 4.21253537341349, "params": {"Bgrad": 6.360977557030063, "d1": -1.7286095213222237, "d2": -1.2528936361807328, "d3": -1.9917810813531862, "d4": -2.233801798461935, "p1": 5.589826369981689, "p2": 8.577051698104396, "p3": 34.055363271247636, "p4": 29.006343447309085, "pol1": -0.2214345076986603, "pol2": 0.29165001789475, "pol3": -0.2991571890404829, "pol4": 0.7529030241581486, "v0s": 4.21253537341349}, "datetime": {"datetime": "2022-04-08 21:31:44", "elapsed": 16232.246765, "delta": 9.614455}}
{"target": 3.5106886575875755, "params": {"Bgrad": 2.2873874728172163, "d1": -1.948558130774118, "d2": -0.7162125166933264, "d3": -2.595415255131702, "d4": -1.6659060560374082, "p1": 13.378194333546494, "p2": 8.626485754972684, "p3": 37.615903599722984, "p4": 24.865117973776034, "pol1": -0.7455514335017384, "pol2": -0.21632274871098134, "pol3": -0.21064001788463127, "pol4": 0.856940427705547, "v0s": 3.5106886575875755}, "datetime": {"datetime": "2022-04-08 21:31:52", "elapsed": 16240.806998, "delta": 8.560233}}
{"target": -1.0, "params": {"Bgrad": 13.435375735092778, "d1": 0.07990733272663197, "d2": -0.36012155115247113, "d3": -0.6743460880381575, "d4": -0.790828766922385, "p1": 11.24288152354863, "p2": 4.826928592232216, "p3": 34.6779241925737, "p4": 29.729989116983585, "pol1": -0.360467913382442, "pol2": 0.5481667829921459, "pol3": -0.6114791783337996, "pol4": -0.3735048511093786, "v0s": 4.970904075923155}, "datetime": {"datetime": "2022-04-08 21:32:14", "elapsed": 16263.020952, "delta": 22.213954}}
{"target": 3.971763915034383, "params": {"Bgrad": 5.252064457450111, "d1": -1.6199667738215557, "d2": -1.7005560823283445, "d3": -2.595340493335646, "d4": -2.5511617980380135, "p1": 5.927496980678488, "p2": 8.89101685258201, "p3": 35.53742849141293, "p4": 28.24807140227291, "pol1": 0.16392298094173471, "pol2": 0.41200858055926565, "pol3": -0.29670062240222506, "pol4": 0.45643590755551905, "v0s": 3.971763915034383}, "datetime": {"datetime": "2022-04-08 21:32:24", "elapsed": 16272.811929, "delta": 9.790977}}
{"target": -1.0, "params": {"Bgrad": 8.800952760610802, "d1": -0.053519371057245024, "d2": -1.4100301572512683, "d3": -2.386694676972721, "d4": -2.172178613629698, "p1": 11.093711093910352, "p2": 8.486072944029072, "p3": 37.97570880564526, "p4": 28.26735606251143, "pol1": 0.2542057308679606, "pol2": 0.4649906132390984, "pol3": 0.5193265159744178, "pol4": 0.6987881483987028, "v0s": 5.412008342507679}, "datetime": {"datetime": "2022-04-08 21:32:34", "elapsed": 16282.325116, "delta": 9.513187}}
{"target": 3.1075274356280023, "params": {"Bgrad": 3.467257101467053, "d1": -1.6464381713600167, "d2": -1.432957751516942, "d3": 0.9142861732379712, "d4": -0.7310676533256362, "p1": 6.489544837353284, "p2": 8.094356038987987, "p3": 36.44648637471995, "p4": 31.319297122613055, "pol1": -0.7835572891212557, "pol2": 0.899647409444148, "pol3": 0.8879717642228357, "pol4": 0.03586596612650972, "v0s": 3.1075274356280023}, "datetime": {"datetime": "2022-04-08 21:32:43", "elapsed": 16291.395961, "delta": 9.070845}}
{"target": 3.1276142041228585, "params": {"Bgrad": 6.905419915495598, "d1": -2.3555673822076755, "d2": -0.04304803687165526, "d3": -0.22898347976663702, "d4": -1.871719710745471, "p1": 2.542665265627242, "p2": 6.098587922350795, "p3": 41.16901848300914, "p4": 22.772841365724023, "pol1": -0.9583136939647832, "pol2": 0.7162668413293769, "pol3": 0.817851943401112, "pol4": 0.30848155838347124, "v0s": 3.1276142041228585}, "datetime": {"datetime": "2022-04-08 21:32:58", "elapsed": 16306.453935, "delta": 15.057974}}
{"target": -1.0, "params": {"Bgrad": 8.958249654906066, "d1": -0.8373565604760627, "d2": 0.2130898404847854, "d3": -1.0119385463339428, "d4": -1.9253916981555945, "p1": 22.32024977197667, "p2": 29.540088562638466, "p3": 5.309841906737567, "p4": 34.400217846075314, "pol1": -0.262412437940136, "pol2": -0.25051837747157424, "pol3": 0.49054712969925984, "pol4": 0.7588771798577423, "v0s": 4.467968560184434}, "datetime": {"datetime": "2022-04-08 21:33:22", "elapsed": 16331.150832, "delta": 24.696897}}
{"target": 2.299746370387572, "params": {"Bgrad": 4.324679727885415, "d1": -0.5326967068955129, "d2": -1.5716010162339393, "d3": -2.8738223599469723, "d4": -2.045177127639861, "p1": 2.9269014941426255, "p2": 2.1603723944928377, "p3": 41.43238804616687, "p4": 20.05585622491029, "pol1": -0.5240654507577314, "pol2": -0.37701393009088235, "pol3": 0.03535837303500933, "pol4": 0.4327860134791628, "v0s": 2.299746370387572}, "datetime": {"datetime": "2022-04-08 21:33:28", "elapsed": 16336.902087, "delta": 5.751255}}
{"target": 3.820178839250996, "params": {"Bgrad": 3.974345229262247, "d1": -1.7864278283904529, "d2": -2.0858421806062912, "d3": -2.6129590038170765, "d4": -2.2629706178019284, "p1": 6.675489200698531, "p2": 1.5145305130086884, "p3": 33.01448860913291, "p4": 25.65290213963376, "pol1": -0.22205290662606592, "pol2": -0.7276892499839764, "pol3": -0.4364040740890267, "pol4": 0.3932123101141154, "v0s": 3.820178839250996}, "datetime": {"datetime": "2022-04-08 21:33:36", "elapsed": 16344.971628, "delta": 8.069541}}
{"target": 3.2869748426246987, "params": {"Bgrad": 8.192442461045555, "d1": -2.8634203545426944, "d2": -0.4424529200493552, "d3": -1.0131690457836648, "d4": -1.7642464736163328, "p1": 24.790822993638955, "p2": 32.25504683639034, "p3": 4.1957816317724825, "p4": 33.70416297429764, "pol1": -0.5519959030496604, "pol2": 0.9015088644476821, "pol3": -0.9456010485373498, "pol4": -0.3524257484735611, "v0s": 3.2869748426246987}, "datetime": {"datetime": "2022-04-08 21:33:49", "elapsed": 16357.5203, "delta": 12.548672}}
{"target": 2.9605193766353657, "params": {"Bgrad": 14.31033684207367, "d1": -1.4532229597273782, "d2": 1.0, "d3": -1.633040818945201, "d4": -1.601897888452622, "p1": 26.484997396181942, "p2": 37.24207019762393, "p3": 23.90484722670341, "p4": 8.193218630473295, "pol1": -0.47092801948596424, "pol2": -0.07902084961604079, "pol3": 0.2704064063423125, "pol4": 0.44323405984617587, "v0s": 2.9605193766353657}, "datetime": {"datetime": "2022-04-08 21:34:05", "elapsed": 16373.240548, "delta": 15.720248}}
{"target": -1.0, "params": {"Bgrad": 10.097784699552044, "d1": -1.8460605466005116, "d2": -0.0539092506567429, "d3": -0.5041367542938175, "d4": -1.5804951940370167, "p1": 9.488246124846095, "p2": 4.505844250681529, "p3": 40.447132563272554, "p4": 28.97802643423863, "pol1": 0.3418422386266824, "pol2": -0.7634157683609284, "pol3": 0.6634554871868026, "pol4": -0.5869200356685473, "v0s": 4.0601406322380855}, "datetime": {"datetime": "2022-04-08 21:34:22", "elapsed": 16390.470262, "delta": 17.229714}}
{"target": -1.0, "params": {"Bgrad": 4.994104663923215, "d1": -2.7745820556275054, "d2": 0.1198383334209962, "d3": 0.6996620693760023, "d4": -1.4203467829895118, "p1": 5.119430969060147, "p2": 3.787980011220811, "p3": 33.945395499595335, "p4": 25.343730615462857, "pol1": -0.9952140131469579, "pol2": -0.018647329105676746, "pol3": 0.9872095695900213, "pol4": 0.26098870732096546, "v0s": 5.198913467748982}, "datetime": {"datetime": "2022-04-08 21:34:32", "elapsed": 16400.704088, "delta": 10.233826}}
{"target": 2.506324924252351, "params": {"Bgrad": 5.4180391028541335, "d1": -2.0977191655401963, "d2": -1.0233133546132769, "d3": -2.3625093822347254, "d4": -2.576802129271579, "p1": 1.7657806746656346, "p2": 4.048054866525747, "p3": 34.09865082436979, "p4": 26.285613297107595, "pol1": -0.9349209664854148, "pol2": 0.005011575686205028, "pol3": -0.7942531372257524, "pol4": -0.6523823965594238, "v0s": 2.506324924252351}, "datetime": {"datetime": "2022-04-08 21:34:42", "elapsed": 16411.145355, "delta": 10.441267}}
{"target": 2.883424518327903, "params": {"Bgrad": 5.134958351086971, "d1": -1.213518123034401, "d2": -0.20115703304326438, "d3": -1.7721028277353503, "d4": -1.3250240522645145, "p1": 3.60669568042713, "p2": 9.484865036847484, "p3": 34.55004719963879, "p4": 29.700459061267075, "pol1": -0.043114620687954686, "pol2": 0.8889709341510965, "pol3": -0.8601340578613788, "pol4": -0.018521393079541815, "v0s": 2.883424518327903}, "datetime": {"datetime": "2022-04-08 21:34:54", "elapsed": 16422.601404, "delta": 11.456049}}
{"target": 4.882299676562247, "params": {"Bgrad": 6.289144139366853, "d1": -2.7647520890625175, "d2": -0.621784677051243, "d3": -2.918287183903252, "d4": -2.2806424005047203, "p1": 10.715217532705429, "p2": 4.423378409342893, "p3": 36.991429251370214, "p4": 25.248531960956157, "pol1": -0.4783496543311836, "pol2": 0.4751199432784765, "pol3": 0.012895201480868757, "pol4": 0.2443158071622653, "v0s": 4.882299676562247}, "datetime": {"datetime": "2022-04-08 21:35:08", "elapsed": 16436.352337, "delta": 13.750933}}
{"target": 3.551794665968933, "params": {"Bgrad": 3.6153410633624725, "d1": -1.926746858627002, "d2": -0.521065558840017, "d3": -2.6908295152037973, "d4": -2.043089632362878, "p1": 12.407771507207178, "p2": 9.409050420553402, "p3": 37.399465378854686, "p4": 26.065450708550642, "pol1": -0.46631740512408687, "pol2": 0.12716159731170912, "pol3": -0.1759701823772141, "pol4": 0.6357447781813655, "v0s": 3.551794665968933}, "datetime": {"datetime": "2022-04-08 21:35:16", "elapsed": 16444.964481, "delta": 8.612144}}
{"target": 3.890206520539127, "params": {"Bgrad": 3.8962191620075144, "d1": 0.8743247097249522, "d2": -1.3277109562218659, "d3": -1.945182904344402, "d4": -1.0563544653973969, "p1": 0.9382145186496715, "p2": 6.135608829558254, "p3": 40.65221187981703, "p4": 21.27553728802052, "pol1": -0.1933276488951543, "pol2": 0.7372017047162043, "pol3": -0.1399147834202945, "pol4": 0.7849278093519831, "v0s": 3.890206520539127}, "datetime": {"datetime": "2022-04-08 21:35:31", "elapsed": 16460.119758, "delta": 15.155277}}
{"target": 4.008659855028569, "params": {"Bgrad": 7.489854890788535, "d1": -1.744717912976606, "d2": -0.6742441872156646, "d3": -1.978237645380307, "d4": -0.17006873770746278, "p1": 10.525874115272776, "p2": 6.541313212014588, "p3": 45.79122299917951, "p4": 22.791024326004184, "pol1": 0.1399583077745643, "pol2": 0.43190768017611925, "pol3": 0.01732564174946405, "pol4": 0.20987675833893293, "v0s": 4.008659855028569}, "datetime": {"datetime": "2022-04-08 21:35:41", "elapsed": 16469.962601, "delta": 9.842843}}
{"target": 3.5959662779834805, "params": {"Bgrad": 14.767293666392064, "d1": -1.5745649196770348, "d2": 1.0, "d3": -1.8731323792951873, "d4": -1.2026149351201794, "p1": 27.351685775936588, "p2": 38.34256316313978, "p3": 22.712905689647204, "p4": 7.650536705219986, "pol1": -0.19463479279061374, "pol2": -0.06712965185982786, "pol3": 0.07411216264442523, "pol4": 0.6290999727729174, "v0s": 3.5959662779834805}, "datetime": {"datetime": "2022-04-08 21:35:57", "elapsed": 16485.607028, "delta": 15.644427}}
{"target": 4.671055665886172, "params": {"Bgrad": 7.982773086596081, "d1": -0.49590931441665465, "d2": -0.07579145308330393, "d3": -1.9680771635287968, "d4": -1.2934696156055323, "p1": 11.726756322506027, "p2": 7.1580414984957095, "p3": 39.27874779621138, "p4": 29.270602175229037, "pol1": -0.5273663243569822, "pol2": 0.434062803650614, "pol3": -0.06315899292697646, "pol4": 0.844471552939438, "v0s": 4.671055665886172}, "datetime": {"datetime": "2022-04-08 21:36:09", "elapsed": 16498.025041, "delta": 12.418013}}
{"target": -1.0, "params": {"Bgrad": 4.101713505369435, "d1": -1.417931567930156, "d2": -0.6910594630627265, "d3": -1.2811386944277063, "d4": -2.248141370605204, "p1": 7.002731969645204, "p2": 8.995136958680956, "p3": 38.15643961661036, "p4": 29.926209596289166, "pol1": 0.3176727876807415, "pol2": -0.03207982695815281, "pol3": 0.28363926689896646, "pol4": -0.7337445147360055, "v0s": 2.1837601568533405}, "datetime": {"datetime": "2022-04-08 21:36:16", "elapsed": 16504.280437, "delta": 6.255396}}
{"target": 4.246267948024096, "params": {"Bgrad": 6.633807077621917, "d1": -2.425185128804211, "d2": 0.06544948562798236, "d3": -2.8217448217354826, "d4": -2.0211774796775037, "p1": 12.05629664423275, "p2": 6.469042471946274, "p3": 38.144547596699, "p4": 25.781280138984812, "pol1": -0.9560384235261727, "pol2": -0.5452992765890026, "pol3": -0.5389896317517999, "pol4": 0.8917137408232281, "v0s": 4.246267948024096}, "datetime": {"datetime": "2022-04-08 21:36:24", "elapsed": 16512.669163, "delta": 8.388726}}
{"target": 2.7971650877084713, "params": {"Bgrad": 7.275225793418556, "d1": -2.6131405300806474, "d2": -1.0854026246027488, "d3": -0.17057497213809336, "d4": -1.4251016554646587, "p1": 23.218301891851134, "p2": 34.19540886637322, "p3": 3.443659312679398, "p4": 36.79422607620604, "pol1": -0.17956799062192763, "pol2": -0.6903186163787807, "pol3": 0.512734023013897, "pol4": -0.28285428467566853, "v0s": 2.7971650877084713}, "datetime": {"datetime": "2022-04-08 21:36:37", "elapsed": 16525.92344, "delta": 13.254277}}
{"target": 2.8060744782298306, "params": {"Bgrad": 4.703742425597845, "d1": -2.0822325971068505, "d2": -2.7078116555186904, "d3": -1.4330620796783147, "d4": -2.606860662734457, "p1": 1.3331947373392439, "p2": 6.205873869643275, "p3": 44.12093602709647, "p4": 21.754551395407784, "pol1": -0.4675699324107756, "pol2": -0.5243193868045359, "pol3": 0.06721753796493246, "pol4": 0.6183909345228471, "v0s": 2.8060744782298306}, "datetime": {"datetime": "2022-04-08 21:36:49", "elapsed": 16537.390484, "delta": 11.467044}}
{"target": 4.763826070782787, "params": {"Bgrad": 7.608391629538289, "d1": -2.2345235544528457, "d2": -0.25211221329991473, "d3": -2.263862829204704, "d4": -1.9201328695238653, "p1": 11.246188194486859, "p2": 5.981934573794902, "p3": 38.05800995182163, "p4": 27.708696149503616, "pol1": -0.5564241115116637, "pol2": 0.388419987881026, "pol3": 0.008725076206311702, "pol4": 0.6182279946341996, "v0s": 4.763826070782787}, "datetime": {"datetime": "2022-04-08 21:37:03", "elapsed": 16552.010138, "delta": 14.619654}}
{"target": 4.752725410615438, "params": {"Bgrad": 7.808072933516342, "d1": -2.6389557754425024, "d2": -0.0988747095407642, "d3": -2.0311420395613147, "d4": -2.5756939521920965, "p1": 10.373003931295926, "p2": 5.639499681009714, "p3": 37.473235628816305, "p4": 27.521196989173, "pol1": -0.3192806378511934, "pol2": 0.918954295417312, "pol3": 0.41447527199195117, "pol4": 0.03171977191817519, "v0s": 4.752725410615438}, "datetime": {"datetime": "2022-04-08 21:37:16", "elapsed": 16565.078422, "delta": 13.068284}}
{"target": -1.0, "params": {"Bgrad": 9.968995345201083, "d1": -2.944807570563109, "d2": -1.208559423800562, "d3": -2.2937817486416403, "d4": -2.189400882671694, "p1": 3.6316409579547626, "p2": 4.30801256579646, "p3": 33.112813207442315, "p4": 28.248900596856537, "pol1": 0.10466127834393024, "pol2": 0.8866458824793759, "pol3": 0.5906797301492195, "pol4": 0.49242468482355894, "v0s": 5.699715417545819}, "datetime": {"datetime": "2022-04-08 21:37:31", "elapsed": 16579.735528, "delta": 14.657106}}
{"target": -1.0, "params": {"Bgrad": 7.739872101485483, "d1": -2.6410180341026193, "d2": -1.6005265516956246, "d3": -1.6040767299820442, "d4": -1.60495619907448, "p1": 8.671012632098474, "p2": 8.290391377389462, "p3": 43.31002124649083, "p4": 24.838132010760063, "pol1": 0.9138006879994385, "pol2": 0.07621240301171306, "pol3": -0.12707236531324595, "pol4": -0.2695481601160037, "v0s": 6.2927372799339345}, "datetime": {"datetime": "2022-04-08 21:37:56", "elapsed": 16604.242439, "delta": 24.506911}}
{"target": 3.9427735680459657, "params": {"Bgrad": 4.194637820765387, "d1": -2.427899587064342, "d2": -0.18773443765336273, "d3": 0.003945839752522051, "d4": -2.7391016772510617, "p1": 0.00960558594990113, "p2": 4.4840083774206505, "p3": 42.46402466753733, "p4": 20.264261062568913, "pol1": -0.023307218368863847, "pol2": -0.9140345138052854, "pol3": -0.722851564588892, "pol4": -0.6119080973452984, "v0s": 3.9427735680459657}, "datetime": {"datetime": "2022-04-08 21:38:08", "elapsed": 16616.729276, "delta": 12.486837}}
{"target": -1.0, "params": {"Bgrad": 7.767092760596374, "d1": -2.132899767655279, "d2": -1.4483489826233167, "d3": -1.6205229296907349, "d4": -0.7475364792187555, "p1": 6.632527266497923, "p2": 8.654122446315494, "p3": 32.50316138774786, "p4": 29.87043390508865, "pol1": 0.3652162674747741, "pol2": 0.4752401603567469, "pol3": -0.7333854648923892, "pol4": 0.5239801407141649, "v0s": 7.557285755822391}, "datetime": {"datetime": "2022-04-08 21:38:18", "elapsed": 16626.687311, "delta": 9.958035}}
{"target": -1.0, "params": {"Bgrad": 6.9915792429818024, "d1": -1.2559387053504985, "d2": 0.8562459625073653, "d3": -0.10828003567292299, "d4": 0.34645850432064274, "p1": 3.7910055143775265, "p2": 9.388829994095499, "p3": 46.13150531243177, "p4": 22.793042016847252, "pol1": -0.611515349090741, "pol2": -0.5944456828650684, "pol3": -0.6140821008605943, "pol4": -0.37509550936966485, "v0s": 4.363790709583656}, "datetime": {"datetime": "2022-04-08 21:38:27", "elapsed": 16636.025066, "delta": 9.337755}}
