{"target": -1.0, "params": {"Bgrad": 1.2385208849768732, "d1": -2.0135015944072476, "d2": -2.0917961314559825, "d3": -1.5357779326928482, "d4": -2.819924412907859, "p1": 11.032443232920663, "p2": 0.8844216930004145, "p3": 32.74902968158928, "p4": 21.530976404771152, "pol1": -0.6296325492441659, "pol2": -0.13513543758062752, "pol3": 0.48066840390221777, "pol4": 0.8421338587997942, "v0s": 4.8302836250105265}, "datetime": {"datetime": "2022-06-24 23:47:43", "elapsed": 335.114289, "delta": 15.661122}}
{"target": 3.763371711729413, "params": {"Bgrad": 0.9803258601569967, "d1": -1.6378054215476392, "d2": -0.7921320005010942, "d3": -1.9085899439665408, "d4": -2.257347417988379, "p1": 5.8170921013102825, "p2": 23.554363278254083, "p3": 0.5782455902006856, "p4": 31.13979385968639, "pol1": -0.7403632827100346, "pol2": -0.6235919842078352, "pol3": -0.28129565002936113, "pol4": -0.8170648836652356, "v0s": 3.763371711729413}, "datetime": {"datetime": "2022-06-24 23:47:50", "elapsed": 342.004863, "delta": 6.890574}}
{"target": -1.0, "params": {"Bgrad": 1.3045038473053832, "d1": -2.165120401942817, "d2": 0.7054249182140873, "d3": 0.6158390271618708, "d4": -2.4889782431742176, "p1": 6.377625178529001, "p2": 12.24941467334108, "p3": 38.33446450302535, "p4": 30.385323741800136, "pol1": -0.9825209245437752, "pol2": 0.10137479515307812, "pol3": -0.40096996208207636, "pol4": 0.9529863129227234, "v0s": 4.154358694163203}, "datetime": {"datetime": "2022-06-24 23:48:06", "elapsed": 357.707873, "delta": 15.70301}}
{"target": 2.063223099138125, "params": {"Bgrad": 0.9379718720633616, "d1": 0.1154444641441783, "d2": -0.09038462336942166, "d3": -1.7804812477563927, "d4": -2.448214166295316, "p1": 43.35265581349436, "p2": 20.37744475047385, "p3": 26.97261308082222, "p4": 13.669548281177685, "pol1": 0.20928657945417206, "pol2": -0.07408443635710893, "pol3": -0.9033454158825494, "pol4": -0.08024139885077397, "v0s": 2.063223099138125}, "datetime": {"datetime": "2022-06-24 23:48:14", "elapsed": 365.881018, "delta": 8.173145}}
{"target": -1.0, "params": {"Bgrad": 0.6224801189062399, "d1": -0.45158987788958305, "d2": -1.23487720533661, "d3": -1.7131584507311408, "d4": -1.5400169113277022, "p1": 8.626102819193449, "p2": 17.19229876015273, "p3": 5.832272975133273, "p4": 30.6776745684317, "pol1": 0.6104711580335505, "pol2": 0.6915678996308372, "pol3": 0.94730542293808, "pol4": 0.1001461049609833, "v0s": 3.4250966020264926}, "datetime": {"datetime": "2022-06-24 23:48:22", "elapsed": 374.260611, "delta": 8.379593}}
{"target": 3.779656438005445, "params": {"Bgrad": 1.4323284079451974, "d1": -1.565675018915651, "d2": -0.7742394209409982, "d3": -2.667021822709924, "d4": -2.95911191423546, "p1": 6.368172061436534, "p2": 35.690509500760434, "p3": 33.81667724679562, "p4": 34.48701398229174, "pol1": 0.35934598445491717, "pol2": -0.47350933407190965, "pol3": 0.15305613230526482, "pol4": -0.8065653059691242, "v0s": 3.779656438005445}, "datetime": {"datetime": "2022-06-24 23:48:29", "elapsed": 381.600983, "delta": 7.340372}}
{"target": 2.619610902663849, "params": {"Bgrad": 1.7739269598220337, "d1": -1.1005742856084328, "d2": -1.9193428017726228, "d3": -0.6278231319942194, "d4": -0.18664219572821228, "p1": 25.308132813230085, "p2": 2.0040204187886825, "p3": 38.78590078962122, "p4": 26.084546650196206, "pol1": 0.6991872018732341, "pol2": 0.804560793280422, "pol3": 0.21535243899803524, "pol4": 0.9566669276928021, "v0s": 2.619610902663849}, "datetime": {"datetime": "2022-06-24 23:48:37", "elapsed": 388.948336, "delta": 7.347353}}
{"target": 2.8449800688658966, "params": {"Bgrad": 1.2040550340172564, "d1": -1.1860037886344617, "d2": 0.452265688449192, "d3": 0.12127602557165851, "d4": -0.4052099681800181, "p1": 6.236306578139361, "p2": 36.98747722670383, "p3": 36.11535343762056, "p4": 36.70845088176814, "pol1": -0.8219497607786372, "pol2": -0.18146347757719195, "pol3": 0.1424390128184183, "pol4": -0.8816647383161569, "v0s": 2.8449800688658966}, "datetime": {"datetime": "2022-06-24 23:48:47", "elapsed": 399.540013, "delta": 10.591677}}
{"target": -1.0, "params": {"Bgrad": 1.052950121974605, "d1": -1.7869348924604136, "d2": -2.314966417439116, "d3": -1.6514941102195735, "d4": -2.1723709044421216, "p1": 7.587024502673651, "p2": 24.27080855934908, "p3": 0.474586092968321, "p4": 31.842718195495358, "pol1": -0.6881243120345963, "pol2": -0.8101605922418771, "pol3": 0.6816721244338557, "pol4": -0.09799405587708132, "v0s": 2.7585695267411827}, "datetime": {"datetime": "2022-06-24 23:49:01", "elapsed": 413.067842, "delta": 13.527829}}
{"target": -1.0, "params": {"Bgrad": 1.811426079695342, "d1": -2.4816444379199982, "d2": -0.3860371320137812, "d3": -1.0693787250953588, "d4": -1.4805270874411454, "p1": 2.5747124251838893, "p2": 12.572732500817752, "p3": 34.195623393112726, "p4": 25.399118633190614, "pol1": -0.17419602746539153, "pol2": -0.564924508742982, "pol3": 0.6183262088691828, "pol4": 0.6957608879421511, "v0s": 4.635408822570565}, "datetime": {"datetime": "2022-06-24 23:49:15", "elapsed": 427.432429, "delta": 14.364587}}
{"target": 4.299894698841269, "params": {"Bgrad": 0.5821022215706599, "d1": -1.3759204716092945, "d2": -0.09803825663056864, "d3": -0.6079580674913339, "d4": -0.1260141383915907, "p1": 2.73590830214025, "p2": 12.748062679695959, "p3": 32.941948688901434, "p4": 33.307645589493454, "pol1": -0.8034464021758583, "pol2": -0.9121349910584726, "pol3": 0.02984171207907882, "pol4": 0.22498417575770313, "v0s": 4.299894698841269}, "datetime": {"datetime": "2022-06-24 23:49:22", "elapsed": 434.263164, "delta": 6.830735}}
{"target": -1.0, "params": {"Bgrad": 1.5284212843323353, "d1": -1.1062334402297864, "d2": -1.3901455507073037, "d3": 0.3558871154027514, "d4": -1.5263272536087285, "p1": 3.606739165356437, "p2": 18.958015443763585, "p3": 35.19069346073144, "p4": 4.7484745095768, "pol1": -0.9259736692541012, "pol2": -0.9921065350567102, "pol3": 0.7392527468637926, "pol4": 0.9341791829969173, "v0s": 4.202464078696508}, "datetime": {"datetime": "2022-06-24 23:49:37", "elapsed": 449.233134, "delta": 14.96997}}
{"target": 4.212071970361446, "params": {"Bgrad": 0.8701909611781198, "d1": -1.2415680538224922, "d2": 0.2638563654291821, "d3": -1.8007662816653633, "d4": -1.1834120250807434, "p1": 6.8407247261091095, "p2": 11.965403103676348, "p3": 35.64535210914763, "p4": 32.49227180407661, "pol1": 0.7458528857441509, "pol2": -0.04556901278140546, "pol3": -0.5953020747345985, "pol4": -0.9911926806980926, "v0s": 4.212071970361446}, "datetime": {"datetime": "2022-06-24 23:49:45", "elapsed": 457.065191, "delta": 7.832057}}
{"target": -1.0, "params": {"Bgrad": 1.3821629686625911, "d1": -2.67608418107993, "d2": 0.5295728317272399, "d3": 0.46772133045537734, "d4": -1.1480717254504555, "p1": 45.503961032771194, "p2": 23.318411904984877, "p3": 26.161503966638154, "p4": 11.411068587346767, "pol1": 0.7507617027178735, "pol2": 0.49203070190297926, "pol3": 0.7938683702023117, "pol4": -0.025841759287172916, "v0s": 4.798994965561388}, "datetime": {"datetime": "2022-06-24 23:51:04", "elapsed": 536.263414, "delta": 79.198223}}
{"target": 4.711418206496409, "params": {"Bgrad": 1.2261828913958375, "d1": -2.596231335752612, "d2": 0.5858685960130088, "d3": -1.4924032383194268, "d4": -2.8544005740032303, "p1": 6.259728147309085, "p2": 10.453981857715917, "p3": 34.12899992123145, "p4": 24.99976655301181, "pol1": -0.7790297891724158, "pol2": -0.3408615888331423, "pol3": 0.24143702379247212, "pol4": 0.06479921463733485, "v0s": 4.711418206496409}, "datetime": {"datetime": "2022-06-24 23:51:13", "elapsed": 545.128709, "delta": 8.865295}}
{"target": -1.0, "params": {"Bgrad": 1.1352059145760651, "d1": -2.7510767005032153, "d2": -0.6098035823114349, "d3": -2.090786559129366, "d4": 0.7468681352955149, "p1": 9.415589334942048, "p2": 36.02504647767011, "p3": 35.62825835920919, "p4": 32.71504798390137, "pol1": 0.7533594573051468, "pol2": 0.4597666678307504, "pol3": 0.5720837800236513, "pol4": -0.5010932422238179, "v0s": 4.089390461283506}, "datetime": {"datetime": "2022-06-24 23:51:27", "elapsed": 559.258924, "delta": 14.130215}}
{"target": 3.7112379321961884, "params": {"Bgrad": 1.9915739981332736, "d1": -2.1180373537339285, "d2": 0.4051153917607295, "d3": -0.9757253766428668, "d4": -0.22197438156848337, "p1": 48.384347737539734, "p2": 45.280605882593385, "p3": 5.326024601294649, "p4": 11.332536092556495, "pol1": -0.46243826710390823, "pol2": -0.3405346945975003, "pol3": 0.2801272907400483, "pol4": -0.5603367295506092, "v0s": 3.7112379321961884}, "datetime": {"datetime": "2022-06-24 23:51:34", "elapsed": 565.959008, "delta": 6.700084}}
{"target": 4.547320606256256, "params": {"Bgrad": 1.6864573228696487, "d1": -1.9173245319472707, "d2": 0.6117491370579098, "d3": -1.6346071370925668, "d4": -1.3630592769397558, "p1": 7.120758579372021, "p2": 9.597346555015083, "p3": 33.55528491127568, "p4": 32.61394394997146, "pol1": 0.1805590322951763, "pol2": -0.23971858607934887, "pol3": -0.07804988445557642, "pol4": 0.7308235793433349, "v0s": 4.547320606256256}, "datetime": {"datetime": "2022-06-24 23:51:41", "elapsed": 573.592596, "delta": 7.633588}}
{"target": 3.399408017408458, "params": {"Bgrad": 1.2461004315375181, "d1": -0.9426778941309859, "d2": -1.2557573728745073, "d3": -1.3958834889953549, "d4": -2.5627453655124497, "p1": 7.532652597207012, "p2": 34.798103040896436, "p3": 34.57636430902066, "p4": 35.058909788057015, "pol1": 0.42303910638257625, "pol2": 0.20915100502044903, "pol3": 0.5061128971143081, "pol4": 0.22730089120069752, "v0s": 3.399408017408458}, "datetime": {"datetime": "2022-06-24 23:51:50", "elapsed": 582.17365, "delta": 8.581054}}
{"target": 3.848052336381886, "params": {"Bgrad": 1.4342939090295745, "d1": -2.813566786422523, "d2": -0.13382377772089438, "d3": -1.4694457474173412, "d4": 0.31841677272083313, "p1": 6.86404913896631, "p2": 35.836203800352266, "p3": 34.30690011135049, "p4": 34.857561936577945, "pol1": -0.751393668840852, "pol2": 0.7843462375428161, "pol3": 0.37785220779864237, "pol4": 0.5552139799346869, "v0s": 3.848052336381886}, "datetime": {"datetime": "2022-06-24 23:51:57", "elapsed": 589.467147, "delta": 7.293497}}
{"target": -1.0, "params": {"Bgrad": 1.2786545945230317, "d1": -2.9083319757275303, "d2": 0.045495662732553566, "d3": -1.392248865029118, "d4": -1.910647561845579, "p1": 0.7777540379490855, "p2": 12.590411091868836, "p3": 38.825867527346134, "p4": 31.090741647572663, "pol1": -0.9978580756048918, "pol2": -0.7597046261425979, "pol3": -0.352796483702404, "pol4": -0.8279712317597958, "v0s": 5.991045803542212}, "datetime": {"datetime": "2022-06-24 23:52:12", "elapsed": 603.878611, "delta": 14.411464}}
{"target": -1.0, "params": {"Bgrad": 0.7812419937648476, "d1": -1.343283408989592, "d2": 0.7796289932664475, "d3": -0.06772205907177842, "d4": -0.5478166217271627, "p1": 4.889259261926027, "p2": 6.93799186106438, "p3": 38.41979377560373, "p4": 28.072614080473553, "pol1": 0.5441111404359142, "pol2": 0.7756243610010298, "pol3": -0.9974661795344506, "pol4": 0.4151387159733737, "v0s": 5.0018320129948375}, "datetime": {"datetime": "2022-06-24 23:52:22", "elapsed": 614.372551, "delta": 10.49394}}
{"target": 3.0772244139166216, "params": {"Bgrad": 1.9669247277549207, "d1": -1.4956339059971766, "d2": 0.559173066227824, "d3": -1.0986276974565303, "d4": -2.5032063190602503, "p1": 29.34698109439493, "p2": 11.178738248898911, "p3": 36.66675731178671, "p4": 28.889211521466034, "pol1": 0.33927648676914335, "pol2": 0.5226589498221088, "pol3": 0.65952807151481, "pol4": 0.15816804802596418, "v0s": 3.0772244139166216}, "datetime": {"datetime": "2022-06-24 23:52:29", "elapsed": 620.690655, "delta": 6.318104}}
{"target": 3.947252817520607, "params": {"Bgrad": 1.7429767599025603, "d1": -1.1945460765551317, "d2": 0.8438020865533011, "d3": -0.9441867142870106, "d4": -1.4550787859035215, "p1": 48.18911092735564, "p2": 44.58188613352396, "p3": 7.135481047442522, "p4": 13.340255163438401, "pol1": 0.44257201190256634, "pol2": 0.27826522129956577, "pol3": -0.5180380135719254, "pol4": 0.23557694195952655, "v0s": 3.947252817520607}, "datetime": {"datetime": "2022-06-24 23:52:39", "elapsed": 631.327214, "delta": 10.636559}}
{"target": -1.0, "params": {"Bgrad": 0.7369256982128838, "d1": -2.9895855266115885, "d2": -0.7960709931284535, "d3": -1.6142461159973691, "d4": 0.7890495857259374, "p1": 2.328097724583383, "p2": 12.648053693241168, "p3": 37.30811314830887, "p4": 32.471488160131955, "pol1": -0.7603636469272568, "pol2": -0.7302228990816269, "pol3": -0.3353741825924035, "pol4": 0.6412983881212211, "v0s": 5.630477293324105}, "datetime": {"datetime": "2022-06-24 23:53:01", "elapsed": 653.193742, "delta": 21.866528}}
{"target": -1.0, "params": {"Bgrad": 1.998314345532531, "d1": 0.05811098424276384, "d2": 0.4355496643436223, "d3": -0.162283607297121, "d4": -1.0188895862038163, "p1": 46.69345058580785, "p2": 43.74860337315092, "p3": 8.138965746824, "p4": 13.915820114121363, "pol1": -0.32288130578726393, "pol2": 0.10137448540418625, "pol3": -0.1466022116579646, "pol4": -0.6533232984369823, "v0s": 2.5092642302573136}, "datetime": {"datetime": "2022-06-24 23:53:15", "elapsed": 667.116513, "delta": 13.922771}}
{"target": -1.0, "params": {"Bgrad": 0.5579705615521449, "d1": -0.1126198202054125, "d2": -0.03492336167631915, "d3": -1.7544649212387826, "d4": -2.0178390191646836, "p1": 8.540411048648245, "p2": 9.270894180814693, "p3": 35.43140363135014, "p4": 32.13330303503339, "pol1": 0.07304767805127543, "pol2": 0.25957286151070824, "pol3": -0.26739277134080686, "pol4": 0.035184048388771094, "v0s": 2.3560468755270767}, "datetime": {"datetime": "2022-06-24 23:53:21", "elapsed": 672.817268, "delta": 5.700755}}
{"target": -1.0, "params": {"Bgrad": 0.7162878411007867, "d1": -2.4064413812935945, "d2": 0.05721143075643953, "d3": -1.8185124670874453, "d4": 0.5512666158493009, "p1": 7.207669225372437, "p2": 8.646944961048614, "p3": 34.12193160723412, "p4": 31.44867036661768, "pol1": 0.519629758846766, "pol2": 0.909292019872306, "pol3": -0.7592505491919439, "pol4": 0.191955584683847, "v0s": 5.102128264626337}, "datetime": {"datetime": "2022-06-24 23:53:54", "elapsed": 706.374536, "delta": 33.557268}}
{"target": -1.0, "params": {"Bgrad": 1.143870858780401, "d1": -2.54986066584535, "d2": -2.1631090476507095, "d3": -2.392990181515975, "d4": 0.5514807902048151, "p1": 2.850730185342054, "p2": 13.848376992384937, "p3": 36.71532489583948, "p4": 29.93859933654267, "pol1": -0.9820874761467884, "pol2": -0.8320026103373803, "pol3": 0.16695739736037085, "pol4": 0.08699575096071754, "v0s": 4.955470817115856}, "datetime": {"datetime": "2022-06-24 23:54:12", "elapsed": 723.985447, "delta": 17.610911}}
{"target": 4.6904746590352, "params": {"Bgrad": 1.0993594831528322, "d1": 0.002985155855118826, "d2": 0.6632015605088024, "d3": -2.5588668073845366, "d4": -1.4782741431629076, "p1": 5.038068797748618, "p2": 12.535985614410567, "p3": 34.951304972206245, "p4": 31.190682934760332, "pol1": 0.02928431272067189, "pol2": 0.9928342850004739, "pol3": 0.7972187930600745, "pol4": -0.7569199711201575, "v0s": 4.6904746590352}, "datetime": {"datetime": "2022-06-24 23:54:21", "elapsed": 732.79788, "delta": 8.812433}}
{"target": -1.0, "params": {"Bgrad": 0.758501461331096, "d1": -0.4222404620423448, "d2": 0.3260015614772427, "d3": -1.5006558162215873, "d4": -0.5890280300626531, "p1": 47.860691009951076, "p2": 44.28606259001339, "p3": 6.4535216659260595, "p4": 12.879420062194857, "pol1": 0.32207852750651345, "pol2": -0.8176192080760534, "pol3": -0.7861284202819763, "pol4": 0.6801434478924928, "v0s": 4.792849455814767}, "datetime": {"datetime": "2022-06-24 23:54:31", "elapsed": 742.995611, "delta": 10.197731}}
{"target": -1.0, "params": {"Bgrad": 0.7918392701558987, "d1": -2.9297246068494625, "d2": 0.3426555371610318, "d3": 0.10550451047446563, "d4": -0.9493908627243748, "p1": 5.19103073318759, "p2": 9.466974149760699, "p3": 36.51381036580073, "p4": 26.533832790536067, "pol1": 0.45157090523423826, "pol2": -0.5934929582592852, "pol3": 0.5768507997537107, "pol4": -0.5082574074734956, "v0s": 5.193672551483601}, "datetime": {"datetime": "2022-06-24 23:55:12", "elapsed": 783.995976, "delta": 41.000365}}
{"target": 2.9178689854808963, "params": {"Bgrad": 0.5, "d1": -1.774262812097098, "d2": -2.9039111318113755, "d3": -2.441723813645663, "d4": -0.5793412367547562, "p1": 20.015490574942433, "p2": 16.677539117260125, "p3": 29.234416028542782, "p4": 48.557309170846246, "pol1": 1.0, "pol2": 0.3744702242379323, "pol3": 0.9414862255438585, "pol4": -0.8837315123963171, "v0s": 2.9178689854808963}, "datetime": {"datetime": "2022-06-24 23:55:18", "elapsed": 789.688754, "delta": 5.692778}}
{"target": 2.9262199913922124, "params": {"Bgrad": 1.972552999362786, "d1": -0.13959216343081815, "d2": -0.4637333341694361, "d3": -1.5887354497594668, "d4": -0.22747918145111834, "p1": 44.51124788952073, "p2": 22.580707493054902, "p3": 23.686439070135634, "p4": 15.12859563417578, "pol1": -0.5771740601471544, "pol2": -0.9261296611833281, "pol3": 0.9079204058251067, "pol4": -0.96792167879448, "v0s": 2.9262199913922124}, "datetime": {"datetime": "2022-06-24 23:55:24", "elapsed": 796.00287, "delta": 6.314116}}
{"target": -1.0, "params": {"Bgrad": 1.5535409894472951, "d1": 0.4553541944845989, "d2": 0.07694746835470845, "d3": -0.9721200037974116, "d4": -1.6985353037404547, "p1": 44.66143072390686, "p2": 22.102539544527893, "p3": 25.59061504398359, "p4": 15.842093337187823, "pol1": -0.7848279029604688, "pol2": -0.3664467119596553, "pol3": 0.3535972351618808, "pol4": -0.5972108531226636, "v0s": 3.438870445880079}, "datetime": {"datetime": "2022-06-24 23:55:35", "elapsed": 807.202921, "delta": 11.200051}}
{"target": 4.073921485882542, "params": {"Bgrad": 1.1051451995732253, "d1": -2.101513145472327, "d2": 0.033006615824922925, "d3": -1.4336797633469267, "d4": -2.8541676057413663, "p1": 3.146371333056497, "p2": 9.872826500201803, "p3": 34.64798749624605, "p4": 32.370105040123136, "pol1": -0.7048436064270702, "pol2": -0.8362218977908518, "pol3": 0.42191110035117707, "pol4": 0.44594980213059743, "v0s": 4.073921485882542}, "datetime": {"datetime": "2022-06-24 23:55:43", "elapsed": 815.475799, "delta": 8.272878}}
{"target": -1.0, "params": {"Bgrad": 1.9544277649639958, "d1": -1.912609970341753, "d2": 0.21003191993646153, "d3": -0.275958866591274, "d4": -2.233787797313433, "p1": 45.08433614586016, "p2": 22.89056978276227, "p3": 27.477633498654285, "p4": 11.888241273753774, "pol1": -0.5878112086005474, "pol2": -0.7284557855244147, "pol3": -0.4928440372761742, "pol4": -0.7875436362548149, "v0s": 5.410814857004674}, "datetime": {"datetime": "2022-06-24 23:55:58", "elapsed": 830.504612, "delta": 15.028813}}
{"target": -1.0, "params": {"Bgrad": 0.9428099840103386, "d1": -2.684253493239113, "d2": 0.43240618310271906, "d3": 0.1433863708127383, "d4": -2.709946959024927, "p1": 2.8112395794796963, "p2": 13.64389431118122, "p3": 35.74320491522327, "p4": 31.101899204356286, "pol1": 0.23965409226120848, "pol2": -0.45648565292239507, "pol3": 0.3853011871685348, "pol4": 0.3000538311617176, "v0s": 2.0012828645637635}, "datetime": {"datetime": "2022-06-24 23:56:11", "elapsed": 843.266486, "delta": 12.761874}}
{"target": -1.0, "params": {"Bgrad": 0.8804520337640089, "d1": -1.4726331299519502, "d2": 0.12634481945465836, "d3": -1.59512172474725, "d4": -2.0295589215515135, "p1": 42.37813511610607, "p2": 24.221785308114363, "p3": 27.353104060564128, "p4": 13.477431230655856, "pol1": -0.5321958279640497, "pol2": 0.055063000028532594, "pol3": 0.18926126822670253, "pol4": 0.4326493603020767, "v0s": 2.6517644040894397}, "datetime": {"datetime": "2022-06-24 23:56:22", "elapsed": 854.099519, "delta": 10.833033}}
{"target": -1.0, "params": {"Bgrad": 1.6401494242717911, "d1": -0.5996989943838282, "d2": 0.05121937809932309, "d3": -2.0864672116016694, "d4": -2.9921312573141035, "p1": 44.33096090564464, "p2": 21.30432724957476, "p3": 27.28051558149135, "p4": 11.473962467077836, "pol1": 0.6317602725233782, "pol2": 0.4135290741591562, "pol3": -0.20738790016535624, "pol4": 0.6235638206527159, "v0s": 4.679616087314864}, "datetime": {"datetime": "2022-06-24 23:56:35", "elapsed": 867.562518, "delta": 13.462999}}
{"target": -1.0, "params": {"Bgrad": 1.8627334386741676, "d1": -1.2871366136821125, "d2": -1.925792444078224, "d3": -1.51723630930891, "d4": -0.52189193019868, "p1": 9.272262623340016, "p2": 36.710740128640765, "p3": 36.57108443069686, "p4": 35.92138225223368, "pol1": -0.8380996292953278, "pol2": 0.2770840783268913, "pol3": -0.1789529508663541, "pol4": -0.026302764264680922, "v0s": 3.4326190744342475}, "datetime": {"datetime": "2022-06-24 23:56:49", "elapsed": 880.746265, "delta": 13.183747}}
{"target": -1.0, "params": {"Bgrad": 0.8556699840725023, "d1": 0.6705447541008085, "d2": -0.5877169831853193, "d3": -2.459628939999765, "d4": -2.258155383107943, "p1": 45.10518220190744, "p2": 17.46246437694526, "p3": 28.049776106975287, "p4": 12.666647959166038, "pol1": 0.43257618742459747, "pol2": 0.45163920793883094, "pol3": -0.17139714201184653, "pol4": 0.5214202253363758, "v0s": 4.2794721445376585}, "datetime": {"datetime": "2022-06-24 23:57:00", "elapsed": 892.109879, "delta": 11.363614}}
{"target": 4.425520624829926, "params": {"Bgrad": 1.6206988002377212, "d1": -2.3448032741223486, "d2": 0.6416666583556019, "d3": -1.9643352315507574, "d4": -1.3323951576727433, "p1": 8.048846854269165, "p2": 12.199068098071642, "p3": 36.71537150348605, "p4": 33.762473591697606, "pol1": 0.8466071298299536, "pol2": 0.6341205674838961, "pol3": -0.004164398836498107, "pol4": -0.8327731537630398, "v0s": 4.425520624829926}, "datetime": {"datetime": "2022-06-24 23:57:10", "elapsed": 901.700234, "delta": 9.590355}}
