{"target": -1.0, "params": {"Bgrad": 1.1574336383227344, "d1": -0.5698095222598072, "d2": -1.5268148259395247, "d3": -0.18703195334175593, "d4": -2.7402180607270243, "p1": 43.377144714690786, "p2": 17.377063216562465, "p3": 24.131603693407378, "p4": 13.126734378740256, "pol1": 0.8925780122657931, "pol2": 0.31506882167213335, "pol3": 0.048505302356276925, "pol4": 0.7029493965385698, "v0s": 4.479132583783915}, "datetime": {"datetime": "2022-05-16 20:55:20", "elapsed": 4336.172983, "delta": 10.543799}}
{"target": 3.354903136951727, "params": {"Bgrad": 1.287849807943118, "d1": -1.8405372751316618, "d2": -0.057337973245043194, "d3": 0.6952348262525012, "d4": -0.22534310699047566, "p1": 1.4889898556368575, "p2": 32.4095557085867, "p3": 16.50991541485706, "p4": 11.342500253782067, "pol1": -0.3265905058208769, "pol2": -0.02818134062386357, "pol3": 0.6893750369213467, "pol4": 0.925609574634316, "v0s": 3.354903136951727}, "datetime": {"datetime": "2022-05-16 20:55:26", "elapsed": 4341.853789, "delta": 5.680806}}
{"target": 4.425639828543156, "params": {"Bgrad": 1.007940535136484, "d1": -3.0, "d2": 0.2375077571773969, "d3": -0.48211462727010246, "d4": -0.6408106134083158, "p1": 32.38978285461399, "p2": 7.936938520318995, "p3": 7.329705539257013, "p4": 26.26598796628276, "pol1": 0.36981552625167996, "pol2": -0.7300049336214063, "pol3": -0.132388835450863, "pol4": 0.0303976218881481, "v0s": 4.425639828543156}, "datetime": {"datetime": "2022-05-16 20:55:32", "elapsed": 4347.985389, "delta": 6.1316}}
{"target": -1.0, "params": {"Bgrad": 1.1131320394627087, "d1": -0.01064148390435804, "d2": -2.3654916635286507, "d3": -1.820409395343217, "d4": -1.025428360169224, "p1": 43.96308766811215, "p2": 19.468219451434308, "p3": 23.634494089033925, "p4": 14.173258728400844, "pol1": 0.314271937739377, "pol2": 0.34697819828438514, "pol3": -0.26124233312170464, "pol4": -0.7416782647120594, "v0s": 2.892573922422696}, "datetime": {"datetime": "2022-05-16 20:55:45", "elapsed": 4360.611619, "delta": 12.62623}}
{"target": -1.0, "params": {"Bgrad": 0.8522128661154869, "d1": 0.011512234510575148, "d2": -0.47691218197140595, "d3": -2.487449442174036, "d4": -0.18331864659325658, "p1": 47.344914298717256, "p2": 18.693374735241207, "p3": 26.993845210641453, "p4": 10.926701770446307, "pol1": 0.5658774892383234, "pol2": 0.3167565949088902, "pol3": 0.17769223350189622, "pol4": -0.8030876396744844, "v0s": 3.721007022215492}, "datetime": {"datetime": "2022-05-16 20:55:55", "elapsed": 4370.620849, "delta": 10.00923}}
{"target": 4.528372524805774, "params": {"Bgrad": 0.9114825216887388, "d1": -2.0200002904790417, "d2": 0.5426963415288334, "d3": -2.52302008417045, "d4": -1.2776828774331297, "p1": 5.7445540038558764, "p2": 34.10104223255821, "p3": 36.070415115648125, "p4": 35.67983927149363, "pol1": 0.022856497759307398, "pol2": 0.000643926706888603, "pol3": 0.27257643738943055, "pol4": -0.0713775505754096, "v0s": 4.528372524805774}, "datetime": {"datetime": "2022-05-16 20:56:01", "elapsed": 4376.389419, "delta": 5.76857}}
{"target": 4.603301356982161, "params": {"Bgrad": 0.7238469286431233, "d1": -3.0, "d2": -0.21153359618457285, "d3": -0.20762887352158899, "d4": -0.33843853715052885, "p1": 33.16067263133462, "p2": 8.821000404202593, "p3": 8.133373929423827, "p4": 26.012678129489412, "pol1": 0.8195594693256558, "pol2": -1.0, "pol3": -0.30551860962579974, "pol4": 0.059169833478330956, "v0s": 4.603301356982161}, "datetime": {"datetime": "2022-05-16 20:56:05", "elapsed": 4380.264057, "delta": 3.874638}}
{"target": 2.153144457441879, "params": {"Bgrad": 1.4824205032644682, "d1": -2.830383007903391, "d2": -2.5897796898647276, "d3": -1.1334935440369716, "d4": -0.9234537714390991, "p1": 2.988148282257419, "p2": 35.20899128850196, "p3": 38.38708986936052, "p4": 36.67992704760967, "pol1": -0.17803851650056224, "pol2": 0.4375445813649088, "pol3": -0.2589746951060381, "pol4": -0.6579864397653254, "v0s": 2.153144457441879}, "datetime": {"datetime": "2022-05-16 20:56:10", "elapsed": 4385.849119, "delta": 5.585062}}
{"target": 4.2860158596410285, "params": {"Bgrad": 1.1537062862228147, "d1": -1.0603794384918106, "d2": 0.47485074602217575, "d3": -3.0, "d4": -2.314538199905202, "p1": 30.555059170998035, "p2": 11.609355907047487, "p3": 38.02277453574798, "p4": 29.38536662741921, "pol1": 0.7375213298416501, "pol2": -0.07156852812677458, "pol3": -0.6716818487158104, "pol4": -0.3965961091237498, "v0s": 4.2860158596410285}, "datetime": {"datetime": "2022-05-16 20:56:18", "elapsed": 4393.646264, "delta": 7.797145}}
{"target": -1.0, "params": {"Bgrad": 1.3302644448142553, "d1": 0.4889593435157651, "d2": -1.619878402613582, "d3": -0.27759165829432453, "d4": -1.8877086908579486, "p1": 22.44034099728197, "p2": 4.610912336848477, "p3": 46.92961398329009, "p4": 38.155645230090606, "pol1": 0.3876425040528031, "pol2": -0.6767985505606835, "pol3": -0.8595970610245836, "pol4": -0.23848828481539508, "v0s": 4.08518497526168}, "datetime": {"datetime": "2022-05-16 20:56:28", "elapsed": 4404.010544, "delta": 10.36428}}
{"target": -1.0, "params": {"Bgrad": 1.0479406597084164, "d1": -0.9884157498153328, "d2": -1.152684573878905, "d3": -1.2809846949781187, "d4": -1.3179113171924088, "p1": 41.44805018320763, "p2": 21.088012542447025, "p3": 24.86066804099351, "p4": 11.663917532328478, "pol1": -0.09928817420668534, "pol2": -0.6907963577193699, "pol3": -0.6363862076390603, "pol4": 0.6049810731168557, "v0s": 4.152659319589052}, "datetime": {"datetime": "2022-05-16 20:56:40", "elapsed": 4415.813974, "delta": 11.80343}}
{"target": -1.0, "params": {"Bgrad": 0.6857990341274676, "d1": -1.919989033244565, "d2": 0.18284035924963105, "d3": -0.1901466185448628, "d4": -2.4976846869199814, "p1": 44.21322804480227, "p2": 18.69549090163779, "p3": 24.301173142702353, "p4": 7.8514118031970614, "pol1": -0.29043071778252716, "pol2": 0.8269023490136447, "pol3": 0.5137677975242847, "pol4": 0.7562833209716631, "v0s": 2.865126719164221}, "datetime": {"datetime": "2022-05-16 20:56:49", "elapsed": 4425.051267, "delta": 9.237293}}
{"target": 3.790883120700803, "params": {"Bgrad": 0.9065248257984946, "d1": -1.952659781233756, "d2": 0.24626363107160731, "d3": -2.6875342254163863, "d4": -1.963936698530078, "p1": 6.17418151384844, "p2": 35.29431300305772, "p3": 35.49062745985532, "p4": 35.85010737086461, "pol1": 0.4228246255226773, "pol2": -0.32782633551401297, "pol3": -0.20101683958829927, "pol4": -0.35616815076071484, "v0s": 3.790883120700803}, "datetime": {"datetime": "2022-05-16 20:56:56", "elapsed": 4431.355406, "delta": 6.304139}}
{"target": 3.8134518902508145, "params": {"Bgrad": 1.0417135863311386, "d1": -2.1996892311802565, "d2": -0.6825614094391005, "d3": -1.918032768037593, "d4": -2.2896940599073283, "p1": 4.980258482361815, "p2": 35.125796175114345, "p3": 35.56165574173553, "p4": 36.23810548715778, "pol1": 0.0029400081143933195, "pol2": 0.2841082799125369, "pol3": -0.03388712677269787, "pol4": 0.033850305291814244, "v0s": 3.8134518902508145}, "datetime": {"datetime": "2022-05-16 20:57:01", "elapsed": 4436.748981, "delta": 5.393575}}
{"target": 5.057960320942048, "params": {"Bgrad": 1.0292463383044719, "d1": -2.0985401180402388, "d2": 0.7226458051366861, "d3": -2.362679749406667, "d4": -1.2973001617882363, "p1": 5.75543757621764, "p2": 34.303477392016475, "p3": 36.94685420272101, "p4": 35.20667642977979, "pol1": 0.791027548632745, "pol2": -0.2071206200288508, "pol3": -0.0431598155690029, "pol4": -0.7617381988512683, "v0s": 5.057960320942048}, "datetime": {"datetime": "2022-05-16 20:57:09", "elapsed": 4444.66082, "delta": 7.911839}}
{"target": -1.0, "params": {"Bgrad": 1.6763318769298146, "d1": -1.5548519193167212, "d2": -0.534740601103914, "d3": -1.8890856536855818, "d4": -0.2602477619238357, "p1": 4.880708351384749, "p2": 32.95700248856185, "p3": 35.8073866877513, "p4": 34.82128205337685, "pol1": 0.9843816712996447, "pol2": -0.29868857646581337, "pol3": 0.8805420878168821, "pol4": -0.3541595824754791, "v0s": 4.917907943235846}, "datetime": {"datetime": "2022-05-16 20:57:20", "elapsed": 4455.685333, "delta": 11.024513}}
{"target": 4.285284947997465, "params": {"Bgrad": 1.1611229594558383, "d1": -1.2138863552574235, "d2": -0.2110417144511501, "d3": -1.717233518516115, "d4": -3.0, "p1": 4.865594547356546, "p2": 24.26126530796605, "p3": 1.7355941480245962, "p4": 31.932143440429886, "pol1": 0.16703711552821826, "pol2": -0.5876809506994837, "pol3": -0.47663486340002326, "pol4": -0.2069222620149956, "v0s": 4.285284947997465}, "datetime": {"datetime": "2022-05-16 20:57:28", "elapsed": 4463.639059, "delta": 7.953726}}
{"target": -1.0, "params": {"Bgrad": 1.7644919008707984, "d1": -1.716385922562862, "d2": -0.575474907238648, "d3": 0.07877702217092519, "d4": -1.4855859140545764, "p1": 46.61784776510952, "p2": 26.590400209129523, "p3": 23.546250124119933, "p4": 31.828227408068415, "pol1": 0.8360985756945376, "pol2": 0.5711713545679358, "pol3": 0.7145440231631419, "pol4": -0.6339902409610578, "v0s": 4.176022819447539}, "datetime": {"datetime": "2022-05-16 20:57:38", "elapsed": 4473.679206, "delta": 10.040147}}
{"target": 4.261573484927531, "params": {"Bgrad": 0.9867255744946378, "d1": -2.401072756699748, "d2": 0.08159709120731412, "d3": -2.438430387928928, "d4": -1.849449204997275, "p1": 28.128013529434597, "p2": 25.814336583334175, "p3": 4.161058465806864, "p4": 42.87949285872186, "pol1": 1.0, "pol2": 1.0, "pol3": -0.45029894707441803, "pol4": 0.8382767948095465, "v0s": 4.261573484927531}, "datetime": {"datetime": "2022-05-16 20:57:44", "elapsed": 4479.927494, "delta": 6.248288}}
{"target": -1.0, "params": {"Bgrad": 1.3953394870342817, "d1": -1.6240604873397726, "d2": -2.329243425913706, "d3": 0.22196172746762288, "d4": -1.8492214868352077, "p1": 44.66174295156248, "p2": 19.975346223741326, "p3": 23.269066382666676, "p4": 12.403365614751161, "pol1": 0.35421446233220744, "pol2": 0.8212427910069093, "pol3": 0.8030248751497262, "pol4": -0.6424639339267364, "v0s": 2.791761917632063}, "datetime": {"datetime": "2022-05-16 20:58:46", "elapsed": 4541.320291, "delta": 61.392797}}
{"target": 3.7234182473618542, "params": {"Bgrad": 0.9051385494896734, "d1": -1.347754948052529, "d2": 1.0, "d3": -2.375013316059694, "d4": -2.8150627663874577, "p1": 46.50790172750891, "p2": 18.25258819713491, "p3": 25.408700257863103, "p4": 12.08120285329064, "pol1": 0.7806711070623621, "pol2": 0.2650373984389872, "pol3": 1.0, "pol4": 0.270082305070516, "v0s": 3.7234182473618542}, "datetime": {"datetime": "2022-05-16 20:58:53", "elapsed": 4549.110462, "delta": 7.790171}}
{"target": -1.0, "params": {"Bgrad": 0.9074899411318205, "d1": 0.7546483713062879, "d2": 0.07268925778675372, "d3": -1.1925373608567362, "d4": -2.5456246723442333, "p1": 31.434296582709546, "p2": 10.8940763737147, "p3": 38.803396524513076, "p4": 26.473536205842844, "pol1": -0.48148703138686, "pol2": 0.40743313704299244, "pol3": 0.2302426819379273, "pol4": -0.7994042290050105, "v0s": 5.661043054803775}, "datetime": {"datetime": "2022-05-16 20:59:03", "elapsed": 4559.136639, "delta": 10.026177}}
{"target": 4.684624862585158, "params": {"Bgrad": 0.5846689086428115, "d1": -1.7073353144112398, "d2": 0.734825334558141, "d3": -1.8111505926086533, "d4": -2.5828398270554, "p1": 5.2580498923718855, "p2": 34.05507884831695, "p3": 34.01145903570088, "p4": 33.7390394955341, "pol1": 0.8634517955657572, "pol2": 0.6269397250900353, "pol3": 0.3539203606647512, "pol4": 0.9525909345142869, "v0s": 4.684624862585158}, "datetime": {"datetime": "2022-05-16 20:59:08", "elapsed": 4563.694449, "delta": 4.55781}}
{"target": -1.0, "params": {"Bgrad": 1.1320577052502767, "d1": -1.1811252570256463, "d2": -1.6709174857175562, "d3": -2.409383659858892, "d4": -2.3027698155302305, "p1": 7.797964367030286, "p2": 33.94189218481608, "p3": 37.38121810858337, "p4": 36.617441042927176, "pol1": 0.5860533555356457, "pol2": -0.9027671627988174, "pol3": -0.3934714348116637, "pol4": -0.19884003111732484, "v0s": 6.0593985722965025}, "datetime": {"datetime": "2022-05-16 20:59:19", "elapsed": 4574.312051, "delta": 10.617602}}
{"target": 4.719461477214263, "params": {"Bgrad": 0.5327801411845656, "d1": -0.4549829762279405, "d2": 0.5395957149136823, "d3": -2.0981488614428354, "d4": -1.726764526514291, "p1": 3.816214757553771, "p2": 33.268097176491466, "p3": 37.64447004209487, "p4": 36.14758185694223, "pol1": -0.39829369934034853, "pol2": -0.44432661811353324, "pol3": -0.5143196310686917, "pol4": -0.1607103216280923, "v0s": 4.719461477214263}, "datetime": {"datetime": "2022-05-16 20:59:24", "elapsed": 4579.738537, "delta": 5.426486}}
{"target": -1.0, "params": {"Bgrad": 1.0664690344988128, "d1": -0.7568508319481748, "d2": -2.5139784576035114, "d3": -2.9737157181172726, "d4": -1.5835322199795914, "p1": 25.513436981891324, "p2": 31.370569938617287, "p3": 46.08713425364541, "p4": 48.701834999204166, "pol1": -0.34532224372996034, "pol2": 0.5265834087081647, "pol3": 0.9763076023779598, "pol4": -0.34103927089542174, "v0s": 4.995935035328848}, "datetime": {"datetime": "2022-05-16 20:59:34", "elapsed": 4589.457542, "delta": 9.719005}}
{"target": 4.262117577264027, "params": {"Bgrad": 1.299702053556277, "d1": -3.0, "d2": 0.27336977455207934, "d3": -0.3589106825169623, "d4": -0.7596103504818622, "p1": 31.759878628676287, "p2": 6.843538977104513, "p3": 8.07698123498935, "p4": 25.335041332481737, "pol1": 0.09881274744053911, "pol2": -1.0, "pol3": -0.02566297531149898, "pol4": -0.09967012643293409, "v0s": 4.262117577264027}, "datetime": {"datetime": "2022-05-16 20:59:39", "elapsed": 4595.002711, "delta": 5.545169}}
{"target": 3.9898129291662787, "params": {"Bgrad": 1.2091241575211367, "d1": -2.3118389117930755, "d2": 0.2138787476793369, "d3": -2.0116191302649136, "d4": -2.7908295131176093, "p1": 5.887584147465619, "p2": 32.980259941078074, "p3": 37.40093968884862, "p4": 34.821902217191884, "pol1": 0.7682515366932787, "pol2": 0.14526551764581308, "pol3": 0.2258243494745633, "pol4": -0.9313318485375905, "v0s": 3.9898129291662787}, "datetime": {"datetime": "2022-05-16 20:59:46", "elapsed": 4601.237036, "delta": 6.234325}}
{"target": 4.660915293040788, "params": {"Bgrad": 1.964283641925892, "d1": -2.90378594692626, "d2": 0.4365191317812842, "d3": -2.5548895286831, "d4": -2.1934372851228776, "p1": 29.351027368003646, "p2": 10.595881163657184, "p3": 36.49749181178186, "p4": 29.826750958949138, "pol1": 0.8550264221053452, "pol2": 0.42274116548098317, "pol3": -0.21872463723784152, "pol4": 0.023184952075914422, "v0s": 4.660915293040788}, "datetime": {"datetime": "2022-05-16 20:59:51", "elapsed": 4607.157202, "delta": 5.920166}}
{"target": 3.9013622397264607, "params": {"Bgrad": 1.1769196732777378, "d1": -1.0983528669671752, "d2": 0.35061228081835605, "d3": -2.1505030711042514, "d4": -2.803923414549324, "p1": 5.038307010087573, "p2": 23.552002675040995, "p3": 0.2855591586406081, "p4": 31.971424199855612, "pol1": 0.9235797384689903, "pol2": -0.6763923634459652, "pol3": -0.4214242197373326, "pol4": -0.9933053007072752, "v0s": 3.9013622397264607}, "datetime": {"datetime": "2022-05-16 20:59:59", "elapsed": 4614.659137, "delta": 7.501935}}
{"target": -1.0, "params": {"Bgrad": 1.6091072799082218, "d1": -0.5914219628726487, "d2": -1.2138210787860348, "d3": -2.0810195558392564, "d4": -1.0435293540769086, "p1": 31.102598038904816, "p2": 12.759492027914042, "p3": 37.83041400052532, "p4": 32.48470394513506, "pol1": 0.081392289515408, "pol2": 0.9754428595063871, "pol3": -0.13767463289212967, "pol4": 0.6689927874246242, "v0s": 3.959090352841108}, "datetime": {"datetime": "2022-05-16 21:00:12", "elapsed": 4627.787025, "delta": 13.127888}}
{"target": 3.7785859329746954, "params": {"Bgrad": 0.8620202476560084, "d1": -1.5396444097314324, "d2": -0.31093720865644014, "d3": -1.529586013388582, "d4": -2.00378682132381, "p1": 8.419512461044508, "p2": 34.22627871038898, "p3": 36.2420075115587, "p4": 36.60480162801584, "pol1": -0.5274702671721565, "pol2": -0.30526170964058763, "pol3": 0.5950716740437623, "pol4": -0.6032221598918499, "v0s": 3.7785859329746954}, "datetime": {"datetime": "2022-05-16 21:00:17", "elapsed": 4632.799618, "delta": 5.012593}}
{"target": -1.0, "params": {"Bgrad": 1.2378609259038624, "d1": -2.5549571389163805, "d2": -1.552428596492887, "d3": -1.2931342503796284, "d4": -0.42341299467502536, "p1": 35.38541926822847, "p2": 7.988493999067608, "p3": 7.524570253062257, "p4": 25.91182943174624, "pol1": 0.17540252933085498, "pol2": 0.45150463827458687, "pol3": -0.7215358141450299, "pol4": -0.36158507279446783, "v0s": 3.8016314672966223}, "datetime": {"datetime": "2022-05-16 21:00:30", "elapsed": 4645.42884, "delta": 12.629222}}
{"target": -1.0, "params": {"Bgrad": 1.2486255535116386, "d1": -2.1795541939016894, "d2": -0.460814258790339, "d3": -2.650611553572031, "d4": -1.58030919364155, "p1": 5.730268363598196, "p2": 32.92421834846519, "p3": 35.53572916869602, "p4": 37.59363460265086, "pol1": -0.23109924544279958, "pol2": -0.14958935785498406, "pol3": 0.14636166487336344, "pol4": -0.49159861712058794, "v0s": 2.4092247385221923}, "datetime": {"datetime": "2022-05-16 21:00:35", "elapsed": 4650.738639, "delta": 5.309799}}
{"target": 2.8425871384817474, "params": {"Bgrad": 1.6998995365231406, "d1": -0.894221436315187, "d2": 0.272509021307604, "d3": -2.66439437223866, "d4": -2.385687582885431, "p1": 3.850763809022811, "p2": 22.750639796935612, "p3": 1.5136022675912353, "p4": 33.9994462854567, "pol1": 0.5121196231517129, "pol2": 0.42466969022842815, "pol3": -0.5216514120813991, "pol4": -0.5828865258402796, "v0s": 2.8425871384817474}, "datetime": {"datetime": "2022-05-16 21:00:40", "elapsed": 4655.730287, "delta": 4.991648}}
{"target": 4.5523829351256415, "params": {"Bgrad": 1.3976771594281592, "d1": -1.9270147065913859, "d2": 0.7790495923842455, "d3": -2.631334983503786, "d4": -2.258280276943158, "p1": 30.0382718883546, "p2": 10.849343829763413, "p3": 37.08810206745328, "p4": 28.826243697334334, "pol1": 0.6256840835766693, "pol2": 0.046843197567416395, "pol3": -0.4177338333428279, "pol4": -0.21402058240496333, "v0s": 4.5523829351256415}, "datetime": {"datetime": "2022-05-16 21:00:47", "elapsed": 4663.00882, "delta": 7.278533}}
{"target": -1.0, "params": {"Bgrad": 1.0781379702764318, "d1": -2.154719056861277, "d2": 0.2869051591285374, "d3": 0.1275871939810198, "d4": -1.6857397010605455, "p1": 39.24653681928391, "p2": 22.492310609936478, "p3": 20.173133447502366, "p4": 15.947174418492255, "pol1": 0.7276590712115618, "pol2": 0.4413524800386299, "pol3": 0.8881069241197059, "pol4": 0.26940701234945896, "v0s": 3.504792650154453}, "datetime": {"datetime": "2022-05-16 21:00:58", "elapsed": 4674.054277, "delta": 11.045457}}
{"target": 3.228671423988917, "params": {"Bgrad": 1.4810369157483734, "d1": -0.9513041304995546, "d2": 0.27121296790131444, "d3": -2.2386241626760897, "d4": -1.3857831165491934, "p1": 32.71593824277099, "p2": 10.380003361654982, "p3": 38.04236640106745, "p4": 28.12444140899816, "pol1": 0.5050150219654381, "pol2": -0.3411421098495837, "pol3": -0.8042370848435048, "pol4": -0.12204779625585083, "v0s": 3.228671423988917}, "datetime": {"datetime": "2022-05-16 21:01:04", "elapsed": 4679.566534, "delta": 5.512257}}
{"target": 4.866005580725207, "params": {"Bgrad": 0.6676248665864619, "d1": -1.3419132749002505, "d2": 0.7119656111263872, "d3": -2.2628160404001605, "d4": -1.7622639219699516, "p1": 5.172843192034573, "p2": 33.83832138230346, "p3": 37.328931605651725, "p4": 35.25395492090796, "pol1": -0.08813691863148519, "pol2": -0.036457392363078295, "pol3": -0.18723128050237545, "pol4": -0.27200080932679643, "v0s": 4.866005580725207}, "datetime": {"datetime": "2022-05-16 21:01:10", "elapsed": 4685.932508, "delta": 6.365974}}
{"target": 3.2926947628932814, "params": {"Bgrad": 0.5, "d1": -0.6804685701678331, "d2": -0.8076524035465397, "d3": -3.0, "d4": -0.12695950379267515, "p1": 13.237693592941708, "p2": 5.310152578331578, "p3": 6.7431538476492285, "p4": 37.7729709857673, "pol1": 0.30816583439084577, "pol2": 0.20258671276074716, "pol3": 0.26037561219758043, "pol4": -1.0, "v0s": 3.2926947628932814}, "datetime": {"datetime": "2022-05-16 21:01:15", "elapsed": 4690.311795, "delta": 4.379287}}
{"target": -1.0, "params": {"Bgrad": 1.8899847084737056, "d1": -1.2102401342345193, "d2": -1.421968362514718, "d3": -0.29223961834437207, "d4": -1.953931243541739, "p1": 3.019300968772032, "p2": 23.523133959689087, "p3": 1.277926978526761, "p4": 33.11452115189563, "pol1": -0.40642032883414014, "pol2": -0.35639702404427176, "pol3": -0.3984465414205174, "pol4": -0.49378528660960574, "v0s": 5.3991123958963945}, "datetime": {"datetime": "2022-05-16 21:01:26", "elapsed": 4701.335311, "delta": 11.023516}}
{"target": 2.570325178650851, "params": {"Bgrad": 0.910063802378966, "d1": 0.09176284715086336, "d2": -0.5074431416869727, "d3": -1.405197022120979, "d4": -1.397456260884927, "p1": 45.148894908032695, "p2": 19.686637462176698, "p3": 26.234906732045214, "p4": 14.755831546145338, "pol1": 0.5339338388080743, "pol2": -0.8551878790301246, "pol3": 0.3114318990928051, "pol4": 0.5718722698053287, "v0s": 2.570325178650851}, "datetime": {"datetime": "2022-05-16 21:01:33", "elapsed": 4708.670692, "delta": 7.335381}}
{"target": 2.9844718944448436, "params": {"Bgrad": 0.7922958902560753, "d1": -2.263766184006338, "d2": -1.402004850037903, "d3": -2.9531588198341256, "d4": -2.211652959566752, "p1": 4.660242875612458, "p2": 33.721058240483856, "p3": 35.167953421009045, "p4": 34.40458556168618, "pol1": -0.8594902386899406, "pol2": 0.7155939641220745, "pol3": 0.7736993546742665, "pol4": 0.5694335791098792, "v0s": 2.9844718944448436}, "datetime": {"datetime": "2022-05-16 21:01:37", "elapsed": 4712.985152, "delta": 4.31446}}
