{"target": -1.0, "params": {"Bgrad": 0.6677363596274117, "d1": -0.8758105816511117, "d2": 0.25410631794000116, "d3": -1.4948232653724074, "d4": -1.216901894901099, "p1": 37.54512798322833, "p2": 4.917318947421013, "p3": 18.026315249823043, "p4": 28.185312764322788, "pol1": -0.5228288081148325, "pol2": 0.6799075434440658, "pol3": 0.5317019845798787, "pol4": 0.9310851591846774, "v0s": 5.137928450082372}, "datetime": {"datetime": "2022-04-29 12:51:55", "elapsed": 76828.178312, "delta": 4.975696}}
{"target": -1.0, "params": {"Bgrad": 0.6597869869858897, "d1": 0.7464680922459479, "d2": 0.33694395798539656, "d3": -0.8223273559870496, "d4": 0.3452091095416163, "p1": 44.08454596769712, "p2": 38.80405686834488, "p3": 28.56269885212087, "p4": 30.764936073304117, "pol1": 0.6887813652867174, "pol2": 0.24443327262786751, "pol3": -0.5870400816247368, "pol4": 0.38297684710793956, "v0s": 5.19208250046429}, "datetime": {"datetime": "2022-04-29 12:52:01", "elapsed": 76833.946888, "delta": 5.768576}}
{"target": -1.0, "params": {"Bgrad": 0.8948705883502843, "d1": -2.9968538338814543, "d2": -2.0580089548003455, "d3": -0.3057332080958721, "d4": 0.5132807987237791, "p1": 41.53512846202839, "p2": 5.40536927942552, "p3": 3.5562489761419123, "p4": 38.07961559395026, "pol1": -0.43033325576338655, "pol2": -0.4563938950067574, "pol3": -0.9959993987831366, "pol4": -0.8029219787188939, "v0s": 2.8135822843541187}, "datetime": {"datetime": "2022-04-29 12:52:12", "elapsed": 76844.745016, "delta": 10.798128}}
{"target": -1.0, "params": {"Bgrad": 0.7390403093437948, "d1": -1.218745589538539, "d2": 0.25654325889528096, "d3": 0.24919246147379015, "d4": 0.6399584867297925, "p1": 22.179601931016684, "p2": 35.435525397250665, "p3": 24.416705906022436, "p4": 2.4921279067260493, "pol1": -0.8391371320609058, "pol2": -0.5081153295677219, "pol3": 0.9632434572460333, "pol4": 0.38383445855356957, "v0s": 3.6080454911439226}, "datetime": {"datetime": "2022-04-29 12:52:17", "elapsed": 76850.270243, "delta": 5.525227}}
{"target": 2.5746561757988773, "params": {"Bgrad": 1.5593948668269744, "d1": -0.35461546247372144, "d2": -2.82683935650437, "d3": -1.5540496614330483, "d4": 0.09491193360917505, "p1": 3.926145741705178, "p2": 44.21920583879358, "p3": 46.54341481272791, "p4": 42.65427561949449, "pol1": -0.765244791798104, "pol2": 0.13034696340382368, "pol3": 0.4151198956644464, "pol4": 0.7759601798803517, "v0s": 2.5746561757988773}, "datetime": {"datetime": "2022-04-29 12:52:23", "elapsed": 76855.833368, "delta": 5.563125}}
{"target": -1.0, "params": {"Bgrad": 1.7236558768239925, "d1": -1.8879346733248719, "d2": -0.6308504569363449, "d3": -0.12081716250432128, "d4": 0.10807659744167042, "p1": 14.733242449943473, "p2": 30.368826947443743, "p3": 14.373643710116523, "p4": 49.91583751422348, "pol1": 0.6290112158847014, "pol2": -0.17204416746126516, "pol3": 0.7582843713284717, "pol4": 0.46500223021690745, "v0s": 7.572481584366536}, "datetime": {"datetime": "2022-04-29 12:52:36", "elapsed": 76869.14677, "delta": 13.313402}}
{"target": -1.0, "params": {"Bgrad": 0.7574160413703863, "d1": -1.8206599803165036, "d2": -2.625053295701431, "d3": -1.7280758732851491, "d4": -1.475245545013848, "p1": 31.635626980937676, "p2": 23.575996917429137, "p3": 35.88344903885235, "p4": 13.461176675085722, "pol1": -0.6538865616356311, "pol2": -0.2417547944492695, "pol3": -0.1238371251442909, "pol4": -0.15574686436833285, "v0s": 7.481418119969151}, "datetime": {"datetime": "2022-04-29 12:52:41", "elapsed": 76874.222199, "delta": 5.075429}}
{"target": -1.0, "params": {"Bgrad": 0.9043505275204314, "d1": -1.5918263892193725, "d2": -2.139161359346692, "d3": -1.5123079543829085, "d4": -1.440578436675564, "p1": 28.771352855593722, "p2": 13.918248931122152, "p3": 12.974615425392406, "p4": 35.953069752826195, "pol1": 0.820357415145089, "pol2": -0.7558063608731169, "pol3": -0.6354220585000303, "pol4": -0.7337807102481937, "v0s": 6.101646096826983}, "datetime": {"datetime": "2022-04-29 12:52:48", "elapsed": 76880.807591, "delta": 6.585392}}
{"target": -1.0, "params": {"Bgrad": 0.8210146590614904, "d1": -0.5817135867745051, "d2": -2.193285060788068, "d3": 0.271028774772498, "d4": -1.7355714709672077, "p1": 33.480838234293806, "p2": 7.436678140128045, "p3": 15.297272354308022, "p4": 14.86207226508382, "pol1": 0.2701598650900978, "pol2": 0.3617610542466734, "pol3": 0.6904972930076474, "pol4": -0.6333061864621534, "v0s": 6.562578585838631}, "datetime": {"datetime": "2022-04-29 12:52:54", "elapsed": 76886.618055, "delta": 5.810464}}
{"target": -1.0, "params": {"Bgrad": 1.5679091034190393, "d1": -0.76982434369011, "d2": -0.3993480547372621, "d3": -2.640019587869211, "d4": -2.4124967371097146, "p1": 20.778586035831793, "p2": 35.568534415051246, "p3": 8.391058181179718, "p4": 19.44895696121542, "pol1": -0.004108092225147741, "pol2": 0.8700914538264173, "pol3": -0.8896075026909889, "pol4": 0.658014981897193, "v0s": 7.904959075392707}, "datetime": {"datetime": "2022-04-29 12:53:06", "elapsed": 76899.310118, "delta": 12.692063}}
{"target": -1.0, "params": {"Bgrad": 0.9009089202798333, "d1": 0.5602292150963653, "d2": -1.8387994448983633, "d3": 0.196029992786527, "d4": -1.160570528003055, "p1": 29.880432443843503, "p2": 11.83336883825512, "p3": 34.38074810804075, "p4": 7.43424330566152, "pol1": 0.11937299800354584, "pol2": -0.011342138911973887, "pol3": 0.6744119918988394, "pol4": -0.03706296925253394, "v0s": 6.708385759920375}, "datetime": {"datetime": "2022-04-29 12:53:13", "elapsed": 76905.7499, "delta": 6.439782}}
{"target": 4.797283854878489, "params": {"Bgrad": 1.1004414601036636, "d1": -1.7683762662763791, "d2": 0.14890854551042843, "d3": -1.3261429443543005, "d4": -1.01293575514666, "p1": 28.866126566216447, "p2": 40.983286894466424, "p3": 29.065998731335966, "p4": 20.307145134040493, "pol1": -0.6788263429815145, "pol2": 0.4042226098282178, "pol3": 0.7664656433036694, "pol4": -0.7832422241916956, "v0s": 4.797283854878489}, "datetime": {"datetime": "2022-04-29 12:53:21", "elapsed": 76914.372844, "delta": 8.622944}}
{"target": -1.0, "params": {"Bgrad": 1.9018032577685524, "d1": -0.7459633300993169, "d2": -0.8189859435718789, "d3": -2.7460978004874286, "d4": -0.8587992814846501, "p1": 32.7270651909969, "p2": 7.329592281657227, "p3": 47.81823638234233, "p4": 9.807539597167136, "pol1": 0.34785198711588405, "pol2": -0.45131769318360093, "pol3": -0.7831383323362509, "pol4": -0.4781983926102351, "v0s": 4.004911001108448}, "datetime": {"datetime": "2022-04-29 12:53:34", "elapsed": 76927.429931, "delta": 13.057087}}
{"target": -1.0, "params": {"Bgrad": 1.1970978158465342, "d1": -2.0625742263940507, "d2": -0.08998445336556893, "d3": 0.22876440809603604, "d4": 0.16390238418779735, "p1": 35.78742741956168, "p2": 13.482162308051132, "p3": 10.522889552033787, "p4": 5.456416412070747, "pol1": -0.20663779719449415, "pol2": -0.8254667196479344, "pol3": 0.31077931296495054, "pol4": 0.8996578287248367, "v0s": 6.533799683474912}, "datetime": {"datetime": "2022-04-29 12:53:45", "elapsed": 76937.747344, "delta": 10.317413}}
{"target": -1.0, "params": {"Bgrad": 0.6753375906475887, "d1": -2.918075005126392, "d2": -1.6604446808546127, "d3": 0.971504627036146, "d4": -1.7486730080919948, "p1": 36.875389939706416, "p2": 35.82646882956965, "p3": 28.627879884764063, "p4": 18.38230288348185, "pol1": -0.5834686119398238, "pol2": 0.9599984328872715, "pol3": -0.8682124599897489, "pol4": -0.5275444961258, "v0s": 3.8533968230607}, "datetime": {"datetime": "2022-04-29 12:53:52", "elapsed": 76945.129605, "delta": 7.382261}}
{"target": -1.0, "params": {"Bgrad": 1.864255030223458, "d1": -0.14652294792360676, "d2": -1.9385125990479493, "d3": -2.341994788245348, "d4": 0.5219896541061249, "p1": 39.689156621591984, "p2": 1.9193715988202187, "p3": 43.96504217982923, "p4": 29.396987260523055, "pol1": -0.08492560602725585, "pol2": 0.3477037537665124, "pol3": -0.9211144029292249, "pol4": -0.3393575930606769, "v0s": 2.528290506856112}, "datetime": {"datetime": "2022-04-29 12:54:13", "elapsed": 76966.378789, "delta": 21.249184}}
{"target": -1.0, "params": {"Bgrad": 1.5254561971715754, "d1": -1.4079531391348108, "d2": -1.0841836329042365, "d3": -1.8407866432305116, "d4": 0.15317808044930148, "p1": 2.325634113387581, "p2": 14.056282318192913, "p3": 29.5297930879439, "p4": 39.50667512172695, "pol1": 0.2031986718239085, "pol2": 0.46097733730727075, "pol3": -0.9529441702443437, "pol4": -0.49015282138291405, "v0s": 2.252550559054237}, "datetime": {"datetime": "2022-04-29 12:54:18", "elapsed": 76971.348501, "delta": 4.969712}}
{"target": -1.0, "params": {"Bgrad": 1.2500185977031837, "d1": 0.9565611845630939, "d2": -2.9458779675791242, "d3": -1.236483846650978, "d4": -2.980854327576462, "p1": 30.644430966467347, "p2": 9.167936306403485, "p3": 35.637089189526414, "p4": 7.982425598647397, "pol1": 0.6571513104607203, "pol2": -0.5876436725315368, "pol3": -0.2955674523360985, "pol4": -0.5388430561534618, "v0s": 6.846106954709878}, "datetime": {"datetime": "2022-04-29 12:54:28", "elapsed": 76981.471434, "delta": 10.122933}}
{"target": -1.0, "params": {"Bgrad": 1.2354049333845596, "d1": 0.49533402354649647, "d2": -2.4796561092075824, "d3": -1.0041675585398475, "d4": 0.10645453592833576, "p1": 49.06050843955683, "p2": 33.66888650972706, "p3": 9.150058989347688, "p4": 37.98864777740013, "pol1": -0.8507295697542778, "pol2": 0.52554492744156, "pol3": 0.6556304618439444, "pol4": 0.11841943222365403, "v0s": 4.956324978849367}, "datetime": {"datetime": "2022-04-29 12:54:37", "elapsed": 76990.071439, "delta": 8.600005}}
{"target": -1.0, "params": {"Bgrad": 1.9047911340154156, "d1": -2.999612197249301, "d2": -2.9617324224859574, "d3": -1.9921943074182393, "d4": -0.9772941469655274, "p1": 27.02083252480449, "p2": 18.564621201235326, "p3": 14.635568759759337, "p4": 10.118367323697242, "pol1": 0.6005637887922484, "pol2": -0.3681541908361152, "pol3": -0.015064028905761973, "pol4": 0.6225817834080067, "v0s": 5.674153654760691}, "datetime": {"datetime": "2022-04-29 12:54:49", "elapsed": 77001.723284, "delta": 11.651845}}
{"target": -1.0, "params": {"Bgrad": 1.1129127442656874, "d1": -2.29238311055829, "d2": -1.4093916406115996, "d3": -1.059149385079527, "d4": 0.9623383702564197, "p1": 14.209753796029279, "p2": 8.281983823961593, "p3": 11.028775675772206, "p4": 10.573367217842645, "pol1": -0.8479046188504769, "pol2": -0.2701846031530928, "pol3": -0.43053195041871506, "pol4": 0.7751775842867614, "v0s": 6.681557659738514}, "datetime": {"datetime": "2022-04-29 12:55:00", "elapsed": 77013.043018, "delta": 11.319734}}
{"target": -1.0, "params": {"Bgrad": 0.6635974352710186, "d1": 0.4020139814696373, "d2": -2.5616055723633737, "d3": -0.11916901289902215, "d4": -0.7087028083156066, "p1": 4.3404192133739805, "p2": 45.26640180386834, "p3": 43.72832574426882, "p4": 42.192586568096345, "pol1": -0.2608652897653698, "pol2": -0.5540971752490929, "pol3": 0.9942233097175925, "pol4": 0.634676730959008, "v0s": 2.252768963768638}, "datetime": {"datetime": "2022-04-29 12:55:10", "elapsed": 77023.267679, "delta": 10.224661}}
{"target": -1.0, "params": {"Bgrad": 1.0599168167972424, "d1": 0.24874790299593874, "d2": -0.8864612131084817, "d3": -2.011476697599486, "d4": 0.17155172178997402, "p1": 13.08755219722338, "p2": 0.01991900273758951, "p3": 11.565945947786627, "p4": 49.66851444812404, "pol1": 0.3124016686842124, "pol2": -0.5586637558256526, "pol3": 0.3722794039574897, "pol4": 0.3738737964436376, "v0s": 5.844456619621148}, "datetime": {"datetime": "2022-04-29 12:55:19", "elapsed": 77031.942483, "delta": 8.674804}}
{"target": -1.0, "params": {"Bgrad": 0.6058227750828147, "d1": -2.0281435320428116, "d2": 0.483348771307754, "d3": -0.061036722793913256, "d4": -2.3287359760636663, "p1": 14.929473063827297, "p2": 28.136101436782347, "p3": 41.322288301141455, "p4": 10.02581531822534, "pol1": -0.7966694126930223, "pol2": -0.23626222081870218, "pol3": 0.8247069385055179, "pol4": -0.47897296148515145, "v0s": 2.6498261162784815}, "datetime": {"datetime": "2022-04-29 12:55:27", "elapsed": 77040.159513, "delta": 8.21703}}
{"target": -1.0, "params": {"Bgrad": 0.5839144479136739, "d1": -1.5933177765197728, "d2": -2.8494922189259095, "d3": -0.6678643150782202, "d4": -0.3097727587188195, "p1": 23.024179499236908, "p2": 37.055842686226434, "p3": 25.051248220704093, "p4": 35.1176310418081, "pol1": -0.538718188154065, "pol2": 0.4892248189229329, "pol3": 0.003274404010799259, "pol4": 0.41073765981805543, "v0s": 4.680186741898336}, "datetime": {"datetime": "2022-04-29 12:55:33", "elapsed": 77045.852292, "delta": 5.692779}}
{"target": -1.0, "params": {"Bgrad": 1.2589109143630721, "d1": -2.8338592680857064, "d2": -1.0427628375829414, "d3": -2.430849991210702, "d4": -2.4300166120618174, "p1": 21.667520127977248, "p2": 28.81073949129537, "p3": 17.152434759577602, "p4": 8.024579513210405, "pol1": 0.48282083395990294, "pol2": 0.9261831455658722, "pol3": 0.46728457190101125, "pol4": -0.8458715370051471, "v0s": 7.04544894875141}, "datetime": {"datetime": "2022-04-29 12:55:45", "elapsed": 77058.244158, "delta": 12.391866}}
{"target": 3.8500699163111967, "params": {"Bgrad": 0.6012710756200546, "d1": -1.2547518056030045, "d2": 0.715451197285117, "d3": -1.9472795854538218, "d4": -2.4881873124288187, "p1": 38.11193860304008, "p2": 46.43040606995656, "p3": 16.288421035215883, "p4": 11.622904892266828, "pol1": -0.6350290471765738, "pol2": 0.9264710453281477, "pol3": 0.1532692693005493, "pol4": 0.7201755438205684, "v0s": 3.8500699163111967}, "datetime": {"datetime": "2022-04-29 12:55:48", "elapsed": 77061.176318, "delta": 2.93216}}
{"target": -1.0, "params": {"Bgrad": 0.5846546455376613, "d1": -1.184783259538793, "d2": -2.1715596163705113, "d3": -0.9240653426838192, "d4": -0.8480494575290578, "p1": 14.714410862165645, "p2": 15.372694109190565, "p3": 1.2086836107416399, "p4": 21.02010069651903, "pol1": -0.3526211726824722, "pol2": 0.23898025052233263, "pol3": 0.7195261333839904, "pol4": -0.01471911841416862, "v0s": 2.4962497881913364}, "datetime": {"datetime": "2022-04-29 12:55:51", "elapsed": 77064.145379, "delta": 2.969061}}
{"target": -1.0, "params": {"Bgrad": 1.9002206875014387, "d1": 0.23330786741902543, "d2": -1.5379247074569067, "d3": -1.6770843558994213, "d4": 0.7517363149785319, "p1": 18.744717028055806, "p2": 31.790110931158523, "p3": 49.26721690492867, "p4": 1.836988226524372, "pol1": -0.37073804370244345, "pol2": -0.537528556117054, "pol3": 0.8447308383025272, "pol4": 0.10227346110282909, "v0s": 2.3222812304595006}, "datetime": {"datetime": "2022-04-29 12:56:28", "elapsed": 77100.882151, "delta": 36.736772}}
{"target": -1.0, "params": {"Bgrad": 1.6328723742100952, "d1": -0.26366471466153296, "d2": -0.35130358625931546, "d3": 0.8229150997075303, "d4": 0.4984063948611728, "p1": 37.662574258287094, "p2": 11.133297718581925, "p3": 6.9007481021609305, "p4": 11.04441681707029, "pol1": -0.5889802778126958, "pol2": 0.13592909162911582, "pol3": 0.3260876463354394, "pol4": 0.05483504080330448, "v0s": 2.338096350406847}, "datetime": {"datetime": "2022-04-29 12:56:41", "elapsed": 77113.669959, "delta": 12.787808}}
{"target": 2.6155191513628124, "params": {"Bgrad": 1.0447438924296948, "d1": 0.8709096364322435, "d2": -0.21795369837956358, "d3": -1.521040881833939, "d4": -0.313495405590666, "p1": 13.255484698673136, "p2": 3.8738782001480954, "p3": 26.40335696278041, "p4": 14.488456292594638, "pol1": -0.03669620869167267, "pol2": 0.8039891890986466, "pol3": 0.30348073349744786, "pol4": 0.4466382712518939, "v0s": 2.6155191513628124}, "datetime": {"datetime": "2022-04-29 12:56:47", "elapsed": 77120.226428, "delta": 6.556469}}
{"target": -1.0, "params": {"Bgrad": 1.2194871286890614, "d1": -1.3826324384421702, "d2": -0.4125710289932605, "d3": -1.849059461780168, "d4": -1.4677411511297338, "p1": 49.05083959754935, "p2": 5.740528389263333, "p3": 9.995393153068793, "p4": 11.952308217288522, "pol1": 0.3933084008804608, "pol2": 0.42737618264100297, "pol3": 0.5695098731513384, "pol4": -0.23791125034429816, "v0s": 7.114419725945325}, "datetime": {"datetime": "2022-04-29 12:56:58", "elapsed": 77131.160193, "delta": 10.933765}}
{"target": 2.430040842145497, "params": {"Bgrad": 1.5460198093834838, "d1": -0.14696040969305413, "d2": 0.28795457726028273, "d3": -0.4843022466367497, "d4": -1.3110895086068055, "p1": 1.5399405582336656, "p2": 29.772783164450118, "p3": 28.18817847509128, "p4": 30.040401077455957, "pol1": -0.35429306264685656, "pol2": 0.10976395368938419, "pol3": -0.6566873914318265, "pol4": 0.29971885241898377, "v0s": 2.430040842145497}, "datetime": {"datetime": "2022-04-29 12:57:04", "elapsed": 77137.105298, "delta": 5.945105}}
{"target": -1.0, "params": {"Bgrad": 1.8126157006996166, "d1": -2.1354481994136023, "d2": -1.8246217176869894, "d3": 0.5389476745577384, "d4": 0.5343683601027416, "p1": 41.81336080757065, "p2": 16.346780845312352, "p3": 45.11723196022833, "p4": 38.59011478874431, "pol1": 0.3161659619715098, "pol2": 0.7996061476449363, "pol3": 0.5662629445256733, "pol4": -0.15050098163382342, "v0s": 3.945531344762533}, "datetime": {"datetime": "2022-04-29 12:57:17", "elapsed": 77150.240177, "delta": 13.134879}}
{"target": -1.0, "params": {"Bgrad": 1.0908172066552257, "d1": -2.7543513837673426, "d2": -1.5462764278952124, "d3": -1.587825256620242, "d4": 0.4624979502297091, "p1": 44.435002476513105, "p2": 48.1526043431204, "p3": 16.409962380731713, "p4": 34.66600778954822, "pol1": 0.26613253579142815, "pol2": -0.5151125088201036, "pol3": 0.7399752526853569, "pol4": -0.5717961684607402, "v0s": 6.486284015904681}, "datetime": {"datetime": "2022-04-29 12:57:29", "elapsed": 77161.650668, "delta": 11.410491}}
{"target": -1.0, "params": {"Bgrad": 0.7169959032713434, "d1": -2.5727213750415534, "d2": -0.118711159505823, "d3": -0.8947275358211577, "d4": -1.2283366746549795, "p1": 38.909028387728526, "p2": 17.93716763991287, "p3": 42.66747992569533, "p4": 48.108624857841434, "pol1": 0.9582509871489799, "pol2": -0.4447439954394854, "pol3": -0.16998592723040984, "pol4": 0.45001976863471027, "v0s": 7.369195604077727}, "datetime": {"datetime": "2022-04-29 12:57:34", "elapsed": 77167.31951, "delta": 5.668842}}
{"target": -1.0, "params": {"Bgrad": 1.566966665156997, "d1": 0.03252913111620126, "d2": 0.5336146078710868, "d3": -1.5322070473995328, "d4": -0.8298202334113709, "p1": 26.738498779137288, "p2": 32.379129010214754, "p3": 44.759193986206384, "p4": 30.041373806306677, "pol1": 0.9398770754320076, "pol2": 0.46427110953049633, "pol3": -0.1694170168908351, "pol4": 0.16227692032817864, "v0s": 7.533924694502263}, "datetime": {"datetime": "2022-04-29 12:57:45", "elapsed": 77178.320097, "delta": 11.000587}}
{"target": -1.0, "params": {"Bgrad": 1.4277505758904598, "d1": -0.1602855863265522, "d2": -0.35483187162207974, "d3": -1.6554142444017494, "d4": -2.186660579509207, "p1": 20.390648130021017, "p2": 7.538490306586687, "p3": 41.31667738605077, "p4": 35.52303067504071, "pol1": -0.1978876211789682, "pol2": -0.6572346078233584, "pol3": 0.751598679772099, "pol4": 0.27812781207605464, "v0s": 7.979616919889279}, "datetime": {"datetime": "2022-04-29 12:57:55", "elapsed": 77188.370225, "delta": 10.050128}}
{"target": -1.0, "params": {"Bgrad": 0.6516468343966179, "d1": -2.0206065634709502, "d2": -2.665380263347753, "d3": -0.021032896961221237, "d4": -2.3616987621718306, "p1": 44.082976696750784, "p2": 24.573976326944873, "p3": 26.308463133425654, "p4": 2.126014439550211, "pol1": 0.22810727146325394, "pol2": -0.5447704218098655, "pol3": -0.5729918213059688, "pol4": 0.7906371378483832, "v0s": 7.32808009398195}, "datetime": {"datetime": "2022-04-29 12:58:01", "elapsed": 77193.714934, "delta": 5.344709}}
{"target": -1.0, "params": {"Bgrad": 0.5078977764894792, "d1": 0.32921583834440815, "d2": 0.6091953600782238, "d3": -0.9522093676301053, "d4": -0.3753047277944517, "p1": 38.389284196672364, "p2": 34.271998737628415, "p3": 22.95582098213396, "p4": 28.67261159913541, "pol1": 0.14811886346087788, "pol2": 0.6842610400485094, "pol3": -0.5191165847617123, "pol4": 0.5144529325314078, "v0s": 6.874022658310003}, "datetime": {"datetime": "2022-04-29 12:58:05", "elapsed": 77197.994491, "delta": 4.279557}}
{"target": -1.0, "params": {"Bgrad": 1.695548541717462, "d1": 0.23083127596793718, "d2": 0.3171200895462176, "d3": -1.3299369947910424, "d4": -0.5284530575978295, "p1": 37.762275807342924, "p2": 38.48827846708417, "p3": 47.93023114627679, "p4": 48.75376377960025, "pol1": 0.12946918381808148, "pol2": -0.06852186251618897, "pol3": 0.6710506533728431, "pol4": -0.560078152086686, "v0s": 6.598388536765364}, "datetime": {"datetime": "2022-04-29 12:58:16", "elapsed": 77208.995077, "delta": 11.000586}}
{"target": -1.0, "params": {"Bgrad": 0.7880173986901606, "d1": -0.6334897361877303, "d2": -0.5726741734977314, "d3": -1.2326247887912927, "d4": 0.45820261123199035, "p1": 27.17410930708848, "p2": 24.636485546228826, "p3": 20.906281783502862, "p4": 3.1112591693176093, "pol1": -0.2757010801462114, "pol2": -0.8143692836117222, "pol3": 0.13127699935210968, "pol4": 0.2810032631151813, "v0s": 6.606693575708959}, "datetime": {"datetime": "2022-04-29 12:58:24", "elapsed": 77216.965765, "delta": 7.970688}}
{"target": -1.0, "params": {"Bgrad": 1.4488028845162142, "d1": -2.2517569792981496, "d2": 0.0009758031164652792, "d3": -0.8045623982768544, "d4": -2.5913185626624404, "p1": 1.2413514593954011, "p2": 14.937309619167237, "p3": 34.50075146324625, "p4": 46.639417522206784, "pol1": 0.932994401360439, "pol2": 0.5290961786692934, "pol3": -0.413501628586211, "pol4": 0.24413825054593374, "v0s": 3.386576765220954}, "datetime": {"datetime": "2022-04-29 12:58:36", "elapsed": 77229.022528, "delta": 12.056763}}
