{"target": 2.9438112796174214, "params": {"Bgrad": 1.4002318345536675, "d1": -2.9424997333529643, "d2": -2.972028006807641, "d3": -1.0024212644075177, "d4": -2.623786061190256, "p1": 4.718706071246487, "p2": 12.564876466728858, "p3": 36.24315140562872, "p4": 28.449853531832126, "pol1": -0.9330833831456344, "pol2": -0.00759803321390784, "pol3": 0.6294198585844528, "pol4": 0.6652366286270972, "v0s": 2.9438112796174214}, "datetime": {"datetime": "2022-06-24 06:47:59", "elapsed": 9198.576058, "delta": 7.268718}}
{"target": 4.655901727339784, "params": {"Bgrad": 1.853286252119881, "d1": -1.6883610838652503, "d2": 0.21196692032650777, "d3": -0.32867253984150846, "d4": 0.8001676521916026, "p1": 5.177301895457898, "p2": 12.573694896651395, "p3": 33.8121137063911, "p4": 27.07626080996592, "pol1": -0.35173745421715896, "pol2": -0.8680544954704861, "pol3": -0.4775865503494563, "pol4": 0.7470348563269014, "v0s": 4.655901727339784}, "datetime": {"datetime": "2022-06-24 06:48:26", "elapsed": 9225.23077, "delta": 26.654712}}
{"target": -1.0, "params": {"Bgrad": 0.7856943028882545, "d1": -2.5427252334667356, "d2": 0.2900181945354303, "d3": -0.07799582803843919, "d4": 0.7684817156968609, "p1": 42.582116099637155, "p2": 23.642754352066085, "p3": 27.23412291984418, "p4": 14.38698541164009, "pol1": 0.17819405965796808, "pol2": 0.8181093775423487, "pol3": -0.8661004893191724, "pol4": 0.4572119586846213, "v0s": 2.2568226354748546}, "datetime": {"datetime": "2022-06-24 06:48:34", "elapsed": 9233.575117, "delta": 8.344347}}
{"target": 4.030992052858954, "params": {"Bgrad": 0.7069200956401871, "d1": -1.9241831592665073, "d2": -1.2752493302854067, "d3": -2.7030654126931055, "d4": 0.25563443567933364, "p1": 2.741757842709669, "p2": 14.45466463839577, "p3": 38.85900953055879, "p4": 30.211898426453615, "pol1": -0.022763663815109414, "pol2": -0.508359267403881, "pol3": 0.8362996773406897, "pol4": 0.7445586103308381, "v0s": 4.030992052858954}, "datetime": {"datetime": "2022-06-24 06:48:41", "elapsed": 9241.034302, "delta": 7.459185}}
{"target": 4.097429709287226, "params": {"Bgrad": 0.6990655881839676, "d1": -0.6780689640583502, "d2": 0.8518258204449292, "d3": -2.744090930483019, "d4": -2.6633461252880792, "p1": 7.113365869388816, "p2": 9.024163425101396, "p3": 36.554336378993405, "p4": 31.881088404951374, "pol1": 0.42644938230282925, "pol2": 0.00027867230951605926, "pol3": 0.6236230539770748, "pol4": 0.3102553111250783, "v0s": 4.097429709287226}, "datetime": {"datetime": "2022-06-24 06:48:47", "elapsed": 9246.466878, "delta": 5.432576}}
{"target": 3.1600759386830792, "params": {"Bgrad": 0.7736801096258648, "d1": -0.83990476417162, "d2": 0.06788378424143948, "d3": -2.3102312571601975, "d4": -2.402117123480336, "p1": 7.748581731187942, "p2": 37.51569512958171, "p3": 35.60067003525187, "p4": 35.35427655705192, "pol1": 0.8984457851706951, "pol2": 0.8051098644023336, "pol3": 0.4984404086092744, "pol4": 0.3555194443244263, "v0s": 3.1600759386830792}, "datetime": {"datetime": "2022-06-24 06:48:52", "elapsed": 9251.514475, "delta": 5.047597}}
{"target": -1.0, "params": {"Bgrad": 0.6206409405905454, "d1": -1.4546205642638355, "d2": -1.0714137287951142, "d3": -1.3107445507144777, "d4": -2.7742777869650097, "p1": 28.03972372623659, "p2": 27.557226450630733, "p3": 6.149899051942653, "p4": 42.400142774564, "pol1": -0.42048503648684243, "pol2": -0.6367694400870518, "pol3": -0.4484188181219635, "pol4": 0.9711583264549901, "v0s": 5.134339913579655}, "datetime": {"datetime": "2022-06-24 06:49:00", "elapsed": 9259.807918, "delta": 8.293443}}
{"target": 3.706812756211584, "params": {"Bgrad": 1.140928136293449, "d1": -1.71470963653189, "d2": 0.04022486613609131, "d3": -0.5160368627372973, "d4": -0.9862264902029007, "p1": 3.969351389565059, "p2": 10.765613523762001, "p3": 35.85277852724921, "p4": 28.553197846081115, "pol1": 0.2534671545557927, "pol2": -0.5877761694885532, "pol3": -0.06857662376588498, "pol4": 0.1796681779136676, "v0s": 3.706812756211584}, "datetime": {"datetime": "2022-06-24 06:49:07", "elapsed": 9266.407422, "delta": 6.599504}}
{"target": 2.4146733700219087, "params": {"Bgrad": 1.8297880980532397, "d1": -1.271029917120929, "d2": -1.719402855866345, "d3": -1.292957580608031, "d4": -2.2609551893184405, "p1": 8.178331021271369, "p2": 8.020711924692897, "p3": 35.6327534396858, "p4": 28.814655991885008, "pol1": 0.9624019662537717, "pol2": 0.6512305044732767, "pol3": -0.4213881828228154, "pol4": 0.6453285438816581, "v0s": 2.4146733700219087}, "datetime": {"datetime": "2022-06-24 06:49:11", "elapsed": 9270.557887, "delta": 4.150465}}
{"target": 3.035992723239797, "params": {"Bgrad": 0.9670200336312041, "d1": -0.04617923293337034, "d2": -0.6857775486047539, "d3": -1.0888799615189102, "d4": -1.095526246564941, "p1": 3.4749852212516807, "p2": 13.698101227558762, "p3": 36.67851003177365, "p4": 29.450898096836468, "pol1": -0.7632914258710743, "pol2": -0.9724111562864051, "pol3": -0.8231357041817486, "pol4": -0.5240184792657532, "v0s": 3.035992723239797}, "datetime": {"datetime": "2022-06-24 06:49:17", "elapsed": 9276.630265, "delta": 6.072378}}
{"target": -1.0, "params": {"Bgrad": 1.4262612371332222, "d1": -1.6990878549644086, "d2": -0.5272814256069425, "d3": 0.3983810534065735, "d4": 0.0612960446190951, "p1": 1.8600464068421585, "p2": 11.28919844957504, "p3": 35.98236760496324, "p4": 33.42113933342514, "pol1": -0.5881236082855597, "pol2": 0.7219370381554753, "pol3": -0.9184131962221829, "pol4": -0.292708621376216, "v0s": 4.375677948243469}, "datetime": {"datetime": "2022-06-24 06:49:29", "elapsed": 9288.253383, "delta": 11.623118}}
{"target": 2.881460711672827, "params": {"Bgrad": 1.3583736860482762, "d1": -2.0104967663127113, "d2": -2.317734637720494, "d3": -2.818904326186093, "d4": 0.465093983641399, "p1": 4.375224412857925, "p2": 15.265478225951185, "p3": 38.340512915683014, "p4": 32.12862216079066, "pol1": 0.026902168591288023, "pol2": -0.46917218438387787, "pol3": 0.17047412450705446, "pol4": 0.8348966643443503, "v0s": 2.881460711672827}, "datetime": {"datetime": "2022-06-24 06:49:40", "elapsed": 9299.160914, "delta": 10.907531}}
{"target": -1.0, "params": {"Bgrad": 1.890621324338464, "d1": -1.065982391035619, "d2": 0.6569866313674897, "d3": -1.875724431781367, "d4": -0.7197225266706724, "p1": 45.39069251700352, "p2": 20.187556484081153, "p3": 26.967624141178337, "p4": 13.229327590098555, "pol1": 0.14068996995642435, "pol2": 0.6713607899340506, "pol3": -0.012518757908601907, "pol4": 0.2750469268906004, "v0s": 5.136631186953608}, "datetime": {"datetime": "2022-06-24 06:49:51", "elapsed": 9310.547169, "delta": 11.386255}}
{"target": -1.0, "params": {"Bgrad": 1.5818621293782453, "d1": -0.15616712413396128, "d2": -1.3961076300489252, "d3": -0.9330580343201405, "d4": -1.1246607072783719, "p1": 43.69436922870415, "p2": 19.651358877630305, "p3": 26.075174279194613, "p4": 15.000983774461819, "pol1": -0.17250822287821999, "pol2": -0.2016008623979566, "pol3": 0.9753677139542181, "pol4": -0.07152280651014364, "v0s": 2.1638889362517504}, "datetime": {"datetime": "2022-06-24 06:49:55", "elapsed": 9314.149072, "delta": 3.601903}}
{"target": 2.155797435192406, "params": {"Bgrad": 0.9921881356553499, "d1": -1.9761297547418175, "d2": -0.37798232530312087, "d3": 0.02211290803148902, "d4": -1.164036517613607, "p1": 29.659117399157264, "p2": 9.017116094008358, "p3": 10.87846292070654, "p4": 38.207813239632074, "pol1": -0.6285303308183651, "pol2": -0.11524818804306525, "pol3": 0.39250191289816316, "pol4": -0.6810511170288529, "v0s": 2.155797435192406}, "datetime": {"datetime": "2022-06-24 06:50:04", "elapsed": 9323.232982, "delta": 9.08391}}
{"target": -1.0, "params": {"Bgrad": 0.7287733479616348, "d1": -1.0660665913984575, "d2": 0.34541036940572134, "d3": -2.1396946375505097, "d4": 0.9005285942951078, "p1": 2.8716982673614275, "p2": 12.56196213076755, "p3": 34.388869610608964, "p4": 30.595664830316917, "pol1": 0.6160417220210685, "pol2": -0.2985826426045455, "pol3": 0.4674620528168054, "pol4": -0.12503388416695493, "v0s": 4.822014683861523}, "datetime": {"datetime": "2022-06-24 06:50:16", "elapsed": 9335.789118, "delta": 12.556136}}
{"target": -1.0, "params": {"Bgrad": 1.8338336977476513, "d1": -1.2851958884086518, "d2": -1.4883755589340968, "d3": -2.7330855490142523, "d4": -2.2650906868858676, "p1": 46.863990116271836, "p2": 22.817254668798352, "p3": 24.519399072584214, "p4": 15.58361573155927, "pol1": 0.031750737724650424, "pol2": -0.39221234166786045, "pol3": 0.11241726419910392, "pol4": -0.6416315640123613, "v0s": 2.928626342718287}, "datetime": {"datetime": "2022-06-24 06:50:21", "elapsed": 9340.45321, "delta": 4.664092}}
{"target": -1.0, "params": {"Bgrad": 1.1406078193049198, "d1": -2.879596147433, "d2": 0.9597264515331044, "d3": -0.4331026313216568, "d4": -2.1224133836221535, "p1": 46.53627452423641, "p2": 25.600196288127933, "p3": 23.31318010042812, "p4": 29.54255942703187, "pol1": -0.13102273868818048, "pol2": -0.32200657146700684, "pol3": -0.30896886400381274, "pol4": -0.38607061973759865, "v0s": 5.886502846268631}, "datetime": {"datetime": "2022-06-24 06:50:33", "elapsed": 9352.293781, "delta": 11.840571}}
{"target": -1.0, "params": {"Bgrad": 1.0907291644722459, "d1": -0.6547652559690822, "d2": -0.5020498855857314, "d3": -2.181118942499163, "d4": -0.6305726199952906, "p1": 5.457352378184138, "p2": 8.721668151080376, "p3": 33.96120691026423, "p4": 29.434325860351162, "pol1": 0.8271658052418853, "pol2": 0.07076569881194739, "pol3": -0.11729843918232397, "pol4": 0.016466562846308985, "v0s": 4.313909304008709}, "datetime": {"datetime": "2022-06-24 06:50:46", "elapsed": 9365.363571, "delta": 13.06979}}
{"target": 2.9444424598324543, "params": {"Bgrad": 1.3629777765845184, "d1": -0.49281804682725516, "d2": 0.07685287177374178, "d3": -1.7940965443590593, "d4": -1.7648142793282955, "p1": 45.79596108435407, "p2": 17.69834373853571, "p3": 27.363380364577335, "p4": 12.239680995862766, "pol1": 0.3263546316066357, "pol2": -0.8496065770493577, "pol3": -0.2706077607763746, "pol4": -0.27456088101943266, "v0s": 2.9444424598324543}, "datetime": {"datetime": "2022-06-24 06:50:52", "elapsed": 9371.363678, "delta": 6.000107}}
{"target": 3.3711019659389407, "params": {"Bgrad": 1.0935696059222566, "d1": -2.0744767725404842, "d2": -0.3444648214777297, "d3": -0.2242292255470919, "d4": -2.2194966505658216, "p1": 1.4163912330592054, "p2": 13.427111708516842, "p3": 38.151185136841455, "p4": 29.78963816094297, "pol1": 0.8630593544075418, "pol2": -0.480225386140295, "pol3": -0.9203416559023991, "pol4": -0.4252428105972472, "v0s": 3.3711019659389407}, "datetime": {"datetime": "2022-06-24 06:50:59", "elapsed": 9378.303273, "delta": 6.939595}}
{"target": 3.6672694495702203, "params": {"Bgrad": 1.4387574281196926, "d1": -2.467982729617135, "d2": -0.3996851336263454, "d3": -0.19977971752632362, "d4": -1.201145120238483, "p1": 7.974892421743562, "p2": 35.45855938447402, "p3": 35.55418035347523, "p4": 37.13025918785226, "pol1": 0.09890321520950707, "pol2": 0.6510335831169247, "pol3": 0.5413153542306712, "pol4": -0.6632023649457222, "v0s": 3.6672694495702203}, "datetime": {"datetime": "2022-06-24 06:51:07", "elapsed": 9386.455131, "delta": 8.151858}}
{"target": 2.77366809350403, "params": {"Bgrad": 1.9885304994543478, "d1": -1.150300363673674, "d2": 0.050580718154972004, "d3": 0.11643861577192682, "d4": -1.745952591385561, "p1": 5.508517049618295, "p2": 6.2575002096193435, "p3": 36.04222736300707, "p4": 28.280935286119025, "pol1": -0.6157999309761171, "pol2": -0.7916586059582702, "pol3": 0.700445861361747, "pol4": -0.4715545563969692, "v0s": 2.77366809350403}, "datetime": {"datetime": "2022-06-24 06:51:18", "elapsed": 9397.276417, "delta": 10.821286}}
{"target": -1.0, "params": {"Bgrad": 1.36557775605623, "d1": -1.6520277234309577, "d2": -1.071870705514414, "d3": -1.1887916461226893, "d4": -0.36984611901814324, "p1": 2.2236530334637736, "p2": 14.919631100060366, "p3": 37.763478740962704, "p4": 33.58076585377029, "pol1": 0.15541008884963325, "pol2": -0.5746802688238282, "pol3": -0.5746362307344715, "pol4": 0.6175044344146567, "v0s": 4.43326000635504}, "datetime": {"datetime": "2022-06-24 06:51:30", "elapsed": 9410.046521, "delta": 12.770104}}
{"target": 2.740181559772538, "params": {"Bgrad": 1.3264072382057255, "d1": -1.2948279998183394, "d2": -1.6975233351016006, "d3": -1.0313195983916088, "d4": 0.030683074929735415, "p1": 25.175149630847248, "p2": 3.25586484095573, "p3": 37.71430686918797, "p4": 26.56292061254935, "pol1": 0.44742641801792465, "pol2": -0.3252508467422604, "pol3": -0.13303179079674726, "pol4": 0.2826556403188721, "v0s": 2.740181559772538}, "datetime": {"datetime": "2022-06-24 06:51:36", "elapsed": 9415.892991, "delta": 5.84647}}
{"target": -1.0, "params": {"Bgrad": 1.0442093819548546, "d1": -0.7680814072019788, "d2": -1.9695242667598527, "d3": -2.084818345995861, "d4": -2.1230069772412565, "p1": 4.260560346605713, "p2": 12.995188359842336, "p3": 38.64892993933127, "p4": 30.139317987200332, "pol1": -0.7597727039055169, "pol2": -0.018227296959494543, "pol3": 0.5863201860032046, "pol4": 0.7494650384378407, "v0s": 3.8036780764085094}, "datetime": {"datetime": "2022-06-24 06:51:51", "elapsed": 9430.385543, "delta": 14.492552}}
{"target": 3.0493769586817843, "params": {"Bgrad": 1.0721360881080357, "d1": -2.181853420557929, "d2": -1.2938737456223794, "d3": -1.0309025711345368, "d4": -0.2048105308286261, "p1": 4.273862072435275, "p2": 13.258656082146642, "p3": 35.58814414453229, "p4": 26.016901606572628, "pol1": 0.9180473024967966, "pol2": 0.3459913554404612, "pol3": -0.6124253675291031, "pol4": 0.376751076691773, "v0s": 3.0493769586817843}, "datetime": {"datetime": "2022-06-24 06:51:58", "elapsed": 9437.543505, "delta": 7.157962}}
{"target": -1.0, "params": {"Bgrad": 1.1473928856372184, "d1": 0.23949714411603962, "d2": 0.3923304478218266, "d3": -1.9449031904846765, "d4": -0.9643128987079059, "p1": 8.03188725696516, "p2": 9.460268223744011, "p3": 35.11411612342251, "p4": 30.45089782332424, "pol1": -0.508609332636035, "pol2": 0.9398718701917863, "pol3": -0.7764292143203826, "pol4": -0.8919405097153956, "v0s": 2.4471181062481486}, "datetime": {"datetime": "2022-06-24 06:52:17", "elapsed": 9456.158126, "delta": 18.614621}}
{"target": 4.446442940783492, "params": {"Bgrad": 1.0771446662742032, "d1": -1.4337045817743923, "d2": 0.21264860064414018, "d3": -0.9387588349151685, "d4": -1.1296266419373358, "p1": 1.851191960457774, "p2": 32.52828658951237, "p3": 17.018380130215007, "p4": 11.359315638509038, "pol1": -0.35397279206250865, "pol2": -0.14005852882373834, "pol3": -0.2714008988887801, "pol4": 0.18318585274506907, "v0s": 4.446442940783492}, "datetime": {"datetime": "2022-06-24 06:52:25", "elapsed": 9464.588725, "delta": 8.430599}}
{"target": 4.307831443307958, "params": {"Bgrad": 0.6067828395880119, "d1": -0.5226654570970952, "d2": 0.3042043591115906, "d3": -1.7546984387800264, "d4": -2.250406709500998, "p1": 4.5382535096205325, "p2": 13.97787313520329, "p3": 33.78247482127739, "p4": 30.44044624403402, "pol1": -0.3704661454031086, "pol2": 0.33493270331448644, "pol3": -0.5595023892053916, "pol4": -0.04531466825774455, "v0s": 4.307831443307958}, "datetime": {"datetime": "2022-06-24 06:52:30", "elapsed": 9469.323716, "delta": 4.734991}}
{"target": 3.8673786475457357, "params": {"Bgrad": 1.2772753621931838, "d1": -0.8787366587954726, "d2": 0.10016092630537343, "d3": -2.072881773661302, "d4": -1.5949022004754385, "p1": 8.072612619273803, "p2": 9.08987848758736, "p3": 36.272311226360344, "p4": 29.551698632650503, "pol1": 0.16046220319617574, "pol2": -0.46214783577322016, "pol3": 0.06773735721404132, "pol4": 0.4606002873634355, "v0s": 3.8673786475457357}, "datetime": {"datetime": "2022-06-24 06:52:38", "elapsed": 9477.110539, "delta": 7.786823}}
{"target": 3.8655982902574375, "params": {"Bgrad": 0.9840973565234261, "d1": -2.221816544661821, "d2": -2.072283415845712, "d3": -2.9788711349322807, "d4": -2.004688243850166, "p1": 10.966730045111156, "p2": 1.537198243116089, "p3": 32.65049306578615, "p4": 21.342531956938725, "pol1": -0.4310853861452655, "pol2": -0.5098691218004143, "pol3": -0.5010216397609408, "pol4": 0.6678278387544303, "v0s": 3.8655982902574375}, "datetime": {"datetime": "2022-06-24 06:52:45", "elapsed": 9484.286031, "delta": 7.175492}}
{"target": -1.0, "params": {"Bgrad": 1.7217581828747932, "d1": -1.6398049943722501, "d2": 0.7183584675448258, "d3": -0.01728878767763442, "d4": -2.8050236980869343, "p1": 30.95334681335149, "p2": 24.540244830040887, "p3": 6.325449522789228, "p4": 44.74390423700918, "pol1": 0.45518168039276685, "pol2": -0.2739083194049947, "pol3": 0.9426212403469647, "pol4": -0.38257946237789886, "v0s": 3.416696187076137}, "datetime": {"datetime": "2022-06-24 06:54:09", "elapsed": 9568.792234, "delta": 84.506203}}
{"target": 3.9132144799706357, "params": {"Bgrad": 1.5730053328691058, "d1": -0.9273988098997381, "d2": 0.9445611714228757, "d3": -0.6893540230805617, "d4": -1.1656527553926894, "p1": 48.236671781282055, "p2": 44.50227474859558, "p3": 6.836682793676801, "p4": 12.077936272477546, "pol1": -0.01758613269969911, "pol2": -0.33454492999707774, "pol3": -0.18717397707288264, "pol4": 0.45197950726517266, "v0s": 3.9132144799706357}, "datetime": {"datetime": "2022-06-24 06:54:18", "elapsed": 9577.458712, "delta": 8.666478}}
{"target": 3.301244010141839, "params": {"Bgrad": 1.3951750464674062, "d1": -2.1416397869096215, "d2": 0.5483989316128319, "d3": -0.7287474096770011, "d4": -1.1780501274698723, "p1": 44.53682990102552, "p2": 22.255671734819888, "p3": 25.775912121258887, "p4": 14.513253148065836, "pol1": 0.23764323631449102, "pol2": -0.15194081509043494, "pol3": -0.1440929210899104, "pol4": -0.2508213731899836, "v0s": 3.301244010141839}, "datetime": {"datetime": "2022-06-24 06:54:23", "elapsed": 9582.785074, "delta": 5.326362}}
{"target": 2.016018816493726, "params": {"Bgrad": 1.0785949887938553, "d1": 0.18575907413548176, "d2": -0.22552425775082563, "d3": -0.18546763642532849, "d4": -0.6069147393564345, "p1": 3.2727380143079854, "p2": 11.987625629105647, "p3": 34.6249320025203, "p4": 26.73520356983772, "pol1": 0.8092883693637971, "pol2": 0.012207480180718377, "pol3": 0.6037175333404385, "pol4": -0.7696432815240573, "v0s": 2.016018816493726}, "datetime": {"datetime": "2022-06-24 06:54:31", "elapsed": 9591.00771, "delta": 8.222636}}
{"target": 2.874301328065911, "params": {"Bgrad": 1.2391375165456004, "d1": -0.30557510835113666, "d2": -2.304240136897341, "d3": -0.1616004072993329, "d4": -0.1308536872545325, "p1": 4.999948983719094, "p2": 12.021984727173457, "p3": 32.7038968200804, "p4": 30.201735628761632, "pol1": -0.6739177242223258, "pol2": -0.9613959763150712, "pol3": 0.6985755375589509, "pol4": 0.04304889645459031, "v0s": 2.874301328065911}, "datetime": {"datetime": "2022-06-24 06:54:39", "elapsed": 9598.141291, "delta": 7.133581}}
{"target": 3.85623017590451, "params": {"Bgrad": 1.3642662042166294, "d1": -1.1943515786407415, "d2": 0.643459992876427, "d3": -0.7578707920651503, "d4": -2.16153819914871, "p1": 43.855641109020375, "p2": 20.752332566134946, "p3": 25.76538284457963, "p4": 13.43931800589425, "pol1": 0.08986921572553422, "pol2": 0.17277925308825456, "pol3": -0.3588934021403588, "pol4": -0.49495112669822444, "v0s": 3.85623017590451}, "datetime": {"datetime": "2022-06-24 06:54:45", "elapsed": 9604.696855, "delta": 6.555564}}
{"target": -1.0, "params": {"Bgrad": 0.8867272327379032, "d1": 0.44472944287977567, "d2": -1.4565684181920386, "d3": -0.9845261012317041, "d4": -0.5466120750036603, "p1": 4.820097380329208, "p2": 13.671224489496053, "p3": 35.71391454591354, "p4": 30.877921477166247, "pol1": -0.7549881471429456, "pol2": -0.5466289017131576, "pol3": 0.8235259102314345, "pol4": -0.19167867928607407, "v0s": 3.910528549433584}, "datetime": {"datetime": "2022-06-24 06:54:56", "elapsed": 9615.520571, "delta": 10.823716}}
{"target": 4.454365262474036, "params": {"Bgrad": 1.0702365293843727, "d1": -1.8471089841936892, "d2": 0.11819383500012215, "d3": -2.728362372968896, "d4": -1.2852517585307819, "p1": 6.453528323323226, "p2": 35.601381921666324, "p3": 36.983155423851976, "p4": 35.698605635881876, "pol1": -0.14848547364056253, "pol2": 0.8317379928299335, "pol3": 0.2140392842697607, "pol4": -0.6996515165593671, "v0s": 4.454365262474036}, "datetime": {"datetime": "2022-06-24 06:55:03", "elapsed": 9622.780805, "delta": 7.260234}}
{"target": 2.8455687958724156, "params": {"Bgrad": 1.7248619683027833, "d1": -1.3231003028641504, "d2": -1.034455469932659, "d3": -1.2901132219750422, "d4": -1.6677306220109713, "p1": 3.094226748975953, "p2": 11.820994907733812, "p3": 34.0244163140042, "p4": 28.21353044853498, "pol1": 0.731008650151755, "pol2": -0.0035399235422539643, "pol3": -0.9231573413967948, "pol4": -0.813132882792428, "v0s": 2.8455687958724156}, "datetime": {"datetime": "2022-06-24 06:55:09", "elapsed": 9628.488132, "delta": 5.707327}}
{"target": -1.0, "params": {"Bgrad": 1.8662684407929575, "d1": -1.762210033230935, "d2": 0.1337765374795179, "d3": -1.6739620731123264, "d4": -0.5417289979168043, "p1": 9.975361951801286, "p2": 10.942367934615794, "p3": 36.056132427241586, "p4": 28.711091688335284, "pol1": -0.14121886084840618, "pol2": -0.2789203903281139, "pol3": -0.2812260382625782, "pol4": -0.513330033051701, "v0s": 4.976833172708034}, "datetime": {"datetime": "2022-06-24 06:55:33", "elapsed": 9652.47692, "delta": 23.988788}}
{"target": 4.322652562445683, "params": {"Bgrad": 0.6132141931194133, "d1": -2.0350013551842925, "d2": 0.5145217833343714, "d3": -1.5232197190956862, "d4": -0.697027232899578, "p1": 0.8343125343110017, "p2": 11.292059684595452, "p3": 34.65915263292188, "p4": 25.490666248501075, "pol1": -0.2231591930797611, "pol2": -0.2493754949534922, "pol3": -0.2262661490309158, "pol4": -0.005974221735510935, "v0s": 4.322652562445683}, "datetime": {"datetime": "2022-06-24 06:55:38", "elapsed": 9657.20634, "delta": 4.72942}}
