{"target": 2.2343286993972944, "params": {"Bgrad": 1.03405806735956, "d1": -0.3181299592863911, "d2": -1.3307807905314921, "d3": -0.7652406862169934, "d4": -2.438452245619065, "p1": 9.90507445424394, "p2": 40.03722843377683, "p3": 48.41307878596987, "p4": 15.671208907962143, "pol1": 0.38464523133862816, "pol2": 0.7527783045920766, "pol3": 0.7892133270076946, "pol4": -0.8299115772604442, "v0s": 2.2343286993972944}, "datetime": {"datetime": "2022-04-11 14:34:57", "elapsed": 0.0, "delta": 0.0}}
{"target": -1.0, "params": {"Bgrad": 3.8116931815090935, "d1": 0.5125700137176525, "d2": -2.6066126646677996, "d3": -1.3155694999797913, "d4": 0.8315581206020077, "p1": 26.658264248650852, "p2": 34.593855697523665, "p3": 15.775781550303147, "p4": 34.32504638407919, "pol1": 0.6692513437947458, "pol2": -0.9634234453116164, "pol3": 0.5002886298899349, "pol4": 0.9777221778129894, "v0s": 6.488993926279036}, "datetime": {"datetime": "2022-04-11 14:35:13", "elapsed": 15.718811, "delta": 15.718811}}
{"target": 2.3201752707024825, "params": {"Bgrad": 5.968657845255901, "d1": 0.15711731380595406, "d2": -2.587095973689432, "d3": -1.2084258952963793, "d4": 0.6343820123723822, "p1": 14.680707418683975, "p2": 14.388766929317438, "p3": 6.501428605913883, "p4": 0.9683478935148537, "pol1": 0.3576710658797819, "pol2": -0.5767437679998819, "pol3": -0.4689066812555476, "pol4": -0.01685368143932342, "v0s": 2.3201752707024825}, "datetime": {"datetime": "2022-04-11 14:35:16", "elapsed": 18.444595, "delta": 2.725784}}
{"target": -1.0, "params": {"Bgrad": 11.695293307094255, "d1": -2.4130857003767594, "d2": -0.642777852386863, "d3": -0.20096655991627532, "d4": -2.5906622846886966, "p1": 20.702799390978416, "p2": 34.72000788638726, "p3": 20.708963476345133, "p4": 2.497672947304358, "pol1": 0.07179281183102315, "pol2": 0.32758929043957763, "pol3": 0.029778224116617125, "pol4": 0.8891895119816267, "v0s": 5.519330243011957}, "datetime": {"datetime": "2022-04-11 14:35:36", "elapsed": 38.451929, "delta": 20.007334}}
{"target": 4.093390051867055, "params": {"Bgrad": 18.116337348113728, "d1": -2.45010118341505, "d2": -2.442894610996966, "d3": 0.22956515483809525, "d4": -1.4092926520578657, "p1": 8.26770985584664, "p2": 46.37542901980169, "p3": 17.388292987275328, "p4": 37.54060515680778, "pol1": 0.4519959707009029, "pol2": 0.7666121824116197, "pol3": 0.24734441411121777, "pol4": 0.5018848680546744, "v0s": 4.093390051867055}, "datetime": {"datetime": "2022-04-11 14:35:52", "elapsed": 54.743145, "delta": 16.291216}}
{"target": -1.0, "params": {"Bgrad": 5.763593889418009, "d1": 0.5835448727842674, "d2": -1.2876352405148204, "d3": 0.8593601885935422, "d4": -0.3462340087262077, "p1": 31.08478601045609, "p2": 5.7372986476687595, "p3": 47.474462935353564, "p4": 22.495606673997028, "pol1": 0.15677922877426353, "pol2": -0.18372639447743766, "pol3": -0.5259460395139446, "pol4": 0.8067590411245076, "v0s": 5.442076920033715}, "datetime": {"datetime": "2022-04-11 14:36:06", "elapsed": 68.922941, "delta": 14.179796}}
{"target": -1.0, "params": {"Bgrad": 0.5559713771075999, "d1": -0.5314203455171045, "d2": -1.6934203929116154, "d3": -0.8917675909695628, "d4": 0.543768397243098, "p1": 17.86348800012499, "p2": 45.42675754598996, "p3": 31.168005789590136, "p4": 0.7910621423278141, "pol1": 0.8588744674875226, "pol2": 0.3817938350338479, "pol3": 0.994645700902961, "pol4": -0.6553189833093429, "v0s": 2.8228144977732663}, "datetime": {"datetime": "2022-04-11 14:36:12", "elapsed": 74.531047, "delta": 5.608106}}
{"target": -1.0, "params": {"Bgrad": 18.68561152922469, "d1": -0.21272735404039933, "d2": -2.73599930911175, "d3": 0.021852210409865513, "d4": 0.015504753844985508, "p1": 46.15122677732417, "p2": 35.576237931423584, "p3": 6.213548098608235, "p4": 0.9940066919897794, "pol1": -0.9475780262445614, "pol2": -0.9433870239584108, "pol3": -0.5075778647939082, "pol4": 0.720055897365776, "v0s": 5.232986386049917}, "datetime": {"datetime": "2022-04-11 14:36:30", "elapsed": 93.0673, "delta": 18.536253}}
{"target": -1.0, "params": {"Bgrad": 11.280028584372435, "d1": 0.36812356943842284, "d2": -2.5033067395203554, "d3": -1.883265283955442, "d4": -0.6569629141668485, "p1": 48.47978741598373, "p2": 28.051510962785496, "p3": 0.9323644686471511, "p4": 40.03163363403082, "pol1": -0.5340514523179591, "pol2": 0.6142103912375583, "pol3": -0.2242787118716565, "pol4": 0.7270837091188573, "v0s": 6.4827298564231075}, "datetime": {"datetime": "2022-04-11 14:36:46", "elapsed": 108.451934, "delta": 15.384634}}
{"target": 3.2197594079659426, "params": {"Bgrad": 11.346684562813168, "d1": -2.45417909735726, "d2": -2.7603292419511534, "d3": -2.5146261770370506, "d4": -2.821792485820953, "p1": 5.374706455304645, "p2": 11.285466930392735, "p3": 35.64944901913383, "p4": 27.98584910270712, "pol1": -0.9748880396817683, "pol2": -0.8560514406210264, "pol3": 0.934552660000544, "pol4": 0.13620092383988425, "v0s": 3.2197594079659426}, "datetime": {"datetime": "2022-04-11 14:36:56", "elapsed": 118.798934, "delta": 10.347}}
{"target": -1.0, "params": {"Bgrad": 5.420352019121307, "d1": -0.02469658369962824, "d2": -2.218282075562725, "d3": -0.6745642909069689, "d4": 0.8800799563532493, "p1": 42.34144007450176, "p2": 11.992387957379307, "p3": 24.6884857134365, "p4": 30.99778591906899, "pol1": 0.6579617991003575, "pol2": -0.6864172107078315, "pol3": -0.962847595645181, "pol4": -0.8599557125615553, "v0s": 4.91807066562219}, "datetime": {"datetime": "2022-04-11 14:37:12", "elapsed": 134.940062, "delta": 16.141128}}
{"target": -1.0, "params": {"Bgrad": 12.323424502239941, "d1": -0.7245942516540747, "d2": -1.730550362711357, "d3": 0.9544646176497955, "d4": -0.6810191230168123, "p1": 19.00705863117752, "p2": 27.54741095589484, "p3": 37.266721545325105, "p4": 33.46164467265923, "pol1": -0.4701608846743812, "pol2": -0.8673303311431169, "pol3": -0.2598316041717874, "pol4": 0.25943501404312896, "v0s": 3.2610440594890377}, "datetime": {"datetime": "2022-04-11 14:37:34", "elapsed": 157.172515, "delta": 22.232453}}
{"target": -1.0, "params": {"Bgrad": 15.17873329790687, "d1": -2.7338540745835402, "d2": -1.9587396056858362, "d3": 0.21901825497338168, "d4": -2.226262869506689, "p1": 31.973044043997007, "p2": 26.233515456186684, "p3": 46.240398519967535, "p4": 13.164838524355549, "pol1": -0.8680778186319524, "pol2": 0.47013192657733893, "pol3": 0.5443560590864935, "pol4": 0.8156317050070481, "v0s": 7.591832415181024}, "datetime": {"datetime": "2022-04-11 14:37:56", "elapsed": 179.215958, "delta": 22.043443}}
{"target": -1.0, "params": {"Bgrad": 0.7720556730241418, "d1": -2.062551655514318, "d2": -0.5328865719933695, "d3": 0.7960652827504657, "d4": 0.8007044769883187, "p1": 27.83265940975782, "p2": 45.78031748831373, "p3": 32.07831044731687, "p4": 19.50038570706231, "pol1": -0.02801866580618051, "pol2": 0.2086209658399465, "pol3": 0.09909584301712515, "pol4": 0.8523628534129073, "v0s": 7.512400613801637}, "datetime": {"datetime": "2022-04-11 14:38:03", "elapsed": 186.009437, "delta": 6.793479}}
{"target": -1.0, "params": {"Bgrad": 8.200074452009321, "d1": 0.8530501137628472, "d2": -2.3041773332781426, "d3": -2.4946819222414507, "d4": -2.4596833678130747, "p1": 25.283108283844836, "p2": 1.076240263709899, "p3": 47.39851056088405, "p4": 41.355773558536626, "pol1": -0.9699620385157552, "pol2": -0.6476074888498895, "pol3": -0.33587285126632604, "pol4": -0.7380063103781662, "v0s": 6.8569441527594925}, "datetime": {"datetime": "2022-04-11 14:38:18", "elapsed": 200.808634, "delta": 14.799197}}
{"target": -1.0, "params": {"Bgrad": 7.222364727324222, "d1": 0.7604299293334686, "d2": -0.6719432802116798, "d3": 0.5153279376473763, "d4": 0.37893778156888747, "p1": 45.26961593543246, "p2": 22.99401329084035, "p3": 27.317340801018663, "p4": 39.93017955760197, "pol1": -0.42856229653170486, "pol2": -0.019492954760144565, "pol3": 0.19822061529175672, "pol4": -0.9689334488983286, "v0s": 5.560888449179823}, "datetime": {"datetime": "2022-04-11 14:38:35", "elapsed": 217.675843, "delta": 16.867209}}
{"target": -1.0, "params": {"Bgrad": 8.956688805294437, "d1": 0.22944211553936578, "d2": -1.7390207876185082, "d3": 0.5715548341006054, "d4": -0.6885711388618581, "p1": 9.200510081373253, "p2": 39.39646169127521, "p3": 30.601558852246697, "p4": 2.6954636036876476, "pol1": -0.15961263999773556, "pol2": 0.3581376731308592, "pol3": 0.8372035559550517, "pol4": -0.9991959502172851, "v0s": 7.8605548941863574}, "datetime": {"datetime": "2022-04-11 14:38:50", "elapsed": 232.885448, "delta": 15.209605}}
{"target": -1.0, "params": {"Bgrad": 7.843316137542602, "d1": 0.8951341534332902, "d2": -0.5811355961037878, "d3": 0.31538323192277185, "d4": -0.7011539811675909, "p1": 31.40380991536752, "p2": 14.278814084784697, "p3": 29.341667032804146, "p4": 37.501088185133, "pol1": 0.7166276728580847, "pol2": 0.5101643769353603, "pol3": 0.396114496894606, "pol4": 0.7289588601091996, "v0s": 3.9360859810204785}, "datetime": {"datetime": "2022-04-11 14:39:07", "elapsed": 249.700747, "delta": 16.815299}}
{"target": -1.0, "params": {"Bgrad": 13.580381420357952, "d1": -1.1965042543466033, "d2": -1.471588991873931, "d3": -1.3567546003112576, "d4": -1.3940816661218376, "p1": 15.869197297913844, "p2": 31.095968396015074, "p3": 21.512363541063216, "p4": 48.690103896362615, "pol1": 0.3556017828686222, "pol2": -0.6028602231457783, "pol3": -0.14659798130393442, "pol4": -0.31330752045115395, "v0s": 6.7858328237514}, "datetime": {"datetime": "2022-04-11 14:39:25", "elapsed": 268.318791, "delta": 18.618044}}
{"target": -1.0, "params": {"Bgrad": 17.659966626986918, "d1": 0.6153678233054878, "d2": -0.3491207504989511, "d3": -1.9191669518809689, "d4": -1.990533193981641, "p1": 42.74489713487012, "p2": 26.385732315437334, "p3": 40.1080542002299, "p4": 28.624425859580317, "pol1": 0.46628505057502223, "pol2": 0.03802325492811165, "pol3": 0.541767821003776, "pol4": 0.1377159814094311, "v0s": 4.794259271551885}, "datetime": {"datetime": "2022-04-11 14:39:45", "elapsed": 287.922197, "delta": 19.603406}}
{"target": -1.0, "params": {"Bgrad": 7.182433705088995, "d1": -2.7271626063331835, "d2": -1.4883032826876006, "d3": -2.6814956892069906, "d4": 0.93126845492178, "p1": 9.080642566538188, "p2": 40.59293488602699, "p3": 43.748082247794905, "p4": 34.42066261929717, "pol1": 0.13898882549075142, "pol2": -0.6780571263687825, "pol3": -0.06623995447338737, "pol4": -0.30965589768957, "v0s": 3.3502397468845073}, "datetime": {"datetime": "2022-04-11 14:40:04", "elapsed": 307.002029, "delta": 19.079832}}
{"target": -1.0, "params": {"Bgrad": 12.053981440933036, "d1": -1.7509206491923321, "d2": 0.665222213873403, "d3": 0.6385420998062283, "d4": -1.9715268248712152, "p1": 5.54456503720146, "p2": 9.648136600955642, "p3": 24.979208533944302, "p4": 36.42928339872981, "pol1": -0.583611123182417, "pol2": -0.5039328832455385, "pol3": 0.703343749872734, "pol4": -0.16830256346494532, "v0s": 5.700110402931417}, "datetime": {"datetime": "2022-04-11 14:40:23", "elapsed": 325.662428, "delta": 18.660399}}
{"target": 2.133982567950837, "params": {"Bgrad": 5.056489715165376, "d1": -2.5921309622968103, "d2": -0.9365719321258807, "d3": -1.0914360518008706, "d4": -2.389313423627347, "p1": 31.090311587020775, "p2": 27.200505940696907, "p3": 32.706867348537216, "p4": 7.22727700623299, "pol1": 0.5030556342704877, "pol2": -0.5559017204001546, "pol3": 0.038703648732066, "pol4": 0.5705920564432378, "v0s": 2.133982567950837}, "datetime": {"datetime": "2022-04-11 14:40:26", "elapsed": 329.065399, "delta": 3.402971}}
{"target": -1.0, "params": {"Bgrad": 6.8250679646606365, "d1": 0.4916895056004442, "d2": 0.37883843040827836, "d3": -0.8462376296218252, "d4": 0.4664330966660519, "p1": 47.490299567681326, "p2": 41.32034988146707, "p3": 42.70577219182694, "p4": 4.937170091017418, "pol1": 0.3026086646819821, "pol2": 0.4070339763053059, "pol3": 0.22048162529325932, "pol4": 0.5992305234720561, "v0s": 2.2074273192298053}, "datetime": {"datetime": "2022-04-11 14:40:48", "elapsed": 350.877929, "delta": 21.81253}}
{"target": -1.0, "params": {"Bgrad": 15.519655323822109, "d1": -0.07308559704189221, "d2": -1.9612064268065876, "d3": -1.9717228047114133, "d4": -0.4707867302794888, "p1": 17.26487307955408, "p2": 39.82943390036438, "p3": 22.307311600172863, "p4": 39.137470739208595, "pol1": 0.9809435672476814, "pol2": -0.39950332093219987, "pol3": -0.7139883434838012, "pol4": 0.8026168726985476, "v0s": 5.249356273324239}, "datetime": {"datetime": "2022-04-11 14:41:04", "elapsed": 367.27539, "delta": 16.397461}}
{"target": -1.0, "params": {"Bgrad": 19.507437231674103, "d1": -0.4535823999924111, "d2": 0.9756520984419157, "d3": -0.8157167834281935, "d4": -0.8942962643779149, "p1": 6.771395153608495, "p2": 17.785258549194054, "p3": 1.3109283648186643, "p4": 8.019758975982455, "pol1": 0.49127438541499213, "pol2": -0.9392006201424223, "pol3": -0.2669138055125113, "pol4": 0.7246925056760882, "v0s": 6.156066305044126}, "datetime": {"datetime": "2022-04-11 14:41:25", "elapsed": 388.36633, "delta": 21.09094}}
{"target": -1.0, "params": {"Bgrad": 13.973371770290287, "d1": -2.2454527961787565, "d2": -1.2323828770063066, "d3": -0.6736903706228352, "d4": 0.959006830654821, "p1": 10.195311261656093, "p2": 12.386645088117742, "p3": 13.108654188645597, "p4": 37.50862066489964, "pol1": -0.0860493451286144, "pol2": -0.88614112317781, "pol3": 0.01703248122047918, "pol4": -0.5760796707126481, "v0s": 6.791625468561261}, "datetime": {"datetime": "2022-04-11 14:41:44", "elapsed": 407.10851, "delta": 18.74218}}
{"target": -1.0, "params": {"Bgrad": 6.297961939391809, "d1": -2.8895759521819855, "d2": -0.6262702021415159, "d3": 0.3753617157247553, "d4": -1.4759355037511432, "p1": 37.49291553630717, "p2": 25.55707391485641, "p3": 27.047590248109433, "p4": 47.97171605308762, "pol1": 0.6079217829972936, "pol2": -0.935353866752852, "pol3": 0.4187745024625902, "pol4": -0.06999703687298786, "v0s": 7.685293648370599}, "datetime": {"datetime": "2022-04-11 14:42:02", "elapsed": 425.219421, "delta": 18.110911}}
{"target": -1.0, "params": {"Bgrad": 4.817938319308022, "d1": -1.9317119212625369, "d2": -2.674104140490952, "d3": -1.2855246853448539, "d4": -2.563924943923727, "p1": 31.68933803059589, "p2": 40.14816186868689, "p3": 34.84002480600893, "p4": 38.31056905378853, "pol1": -0.3150917603129604, "pol2": 0.6917029660553553, "pol3": -0.1424624500011149, "pol4": 0.6480197408246375, "v0s": 5.758976951745763}, "datetime": {"datetime": "2022-04-11 14:42:18", "elapsed": 441.035399, "delta": 15.815978}}
{"target": 4.844023559373165, "params": {"Bgrad": 3.2967494490697757, "d1": -2.686452400580208, "d2": -2.926669428347971, "d3": -2.733100009442574, "d4": -1.1656647451662727, "p1": 5.667096138379524, "p2": 1.3891674424334977, "p3": 37.74307406952337, "p4": 19.742524023031972, "pol1": 0.49387699121505024, "pol2": -0.0951903465070969, "pol3": -0.09982650599847775, "pol4": -0.04385498656433806, "v0s": 4.844023559373165}, "datetime": {"datetime": "2022-04-11 14:42:29", "elapsed": 452.0915, "delta": 11.056101}}
{"target": 3.5635201204414373, "params": {"Bgrad": 4.125001641628092, "d1": -1.1462710498943123, "d2": 0.3249484315280977, "d3": -1.0023416181641984, "d4": 0.7516718352333953, "p1": 41.438883225368514, "p2": 15.828285713501945, "p3": 16.181738887127423, "p4": 35.063395593430336, "pol1": -0.9295478438313143, "pol2": 0.9085741708839397, "pol3": -0.8652370298845877, "pol4": -0.11326039293939116, "v0s": 3.5635201204414373}, "datetime": {"datetime": "2022-04-11 14:42:41", "elapsed": 463.73105, "delta": 11.63955}}
{"target": 3.157387146789235, "params": {"Bgrad": 9.631247275783782, "d1": -2.8932535578044485, "d2": -2.7961802256128223, "d3": -2.835122553393059, "d4": -2.833118875593379, "p1": 6.404898513060569, "p2": 8.324238481889147, "p3": 36.959216049333406, "p4": 26.62244058221297, "pol1": 0.9418477626566191, "pol2": -0.9864202339564205, "pol3": 0.3514721951715136, "pol4": -0.8531672455747747, "v0s": 3.157387146789235}, "datetime": {"datetime": "2022-04-11 14:42:51", "elapsed": 474.38374, "delta": 10.65269}}
{"target": 4.765979887261746, "params": {"Bgrad": 5.37995861197622, "d1": -2.1289667805638186, "d2": -3.0, "d3": -2.4272579325251105, "d4": -0.979162924378813, "p1": 3.5200649789993568, "p2": 5.615027068586831, "p3": 37.44815242978557, "p4": 20.95558010633702, "pol1": -1.0, "pol2": 0.2067466942470611, "pol3": 0.9085450587023011, "pol4": 1.0, "v0s": 4.765979887261746}, "datetime": {"datetime": "2022-04-11 14:43:04", "elapsed": 486.833682, "delta": 12.449942}}
{"target": 2.0, "params": {"Bgrad": 6.379142643248296, "d1": -3.0, "d2": -3.0, "d3": -3.0, "d4": -3.0, "p1": 1.5649071846528884, "p2": 1.510725028057163, "p3": 41.45760727267268, "p4": 19.202418697619322, "pol1": -1.0, "pol2": -1.0, "pol3": -1.0, "pol4": 1.0, "v0s": 2.0}, "datetime": {"datetime": "2022-04-11 14:43:10", "elapsed": 492.680174, "delta": 5.846492}}
{"target": -1.0, "params": {"Bgrad": 0.8113409525377023, "d1": -3.0, "d2": -3.0, "d3": -3.0, "d4": 0.5756186014245844, "p1": 7.7287419928468255, "p2": 5.823577546617185, "p3": 37.30264215858423, "p4": 22.198428823487742, "pol1": -1.0, "pol2": 0.7691790164204395, "pol3": 1.0, "pol4": 0.6074884203860922, "v0s": 6.7009943474511635}, "datetime": {"datetime": "2022-04-11 14:43:20", "elapsed": 502.427753, "delta": 9.747579}}
{"target": 4.123849203877041, "params": {"Bgrad": 6.619829542076976, "d1": -2.080574592198965, "d2": -2.876308555270296, "d3": -2.306389886234548, "d4": -1.9432908635585788, "p1": 4.36622107084795, "p2": 2.7888860488116625, "p3": 36.52858477831358, "p4": 20.62549260342729, "pol1": 0.861981735634432, "pol2": -0.3618629568718426, "pol3": 0.21884452093645226, "pol4": -0.19644345364528085, "v0s": 4.123849203877041}, "datetime": {"datetime": "2022-04-11 14:43:25", "elapsed": 507.809432, "delta": 5.381679}}
{"target": -1.0, "params": {"Bgrad": 4.130112267732074, "d1": -1.7634904055522036, "d2": -3.0, "d3": -2.188649393612953, "d4": -0.7132215589058168, "p1": 2.6533003624325806, "p2": 2.5235137821976803, "p3": 37.31768467242663, "p4": 18.01700455708831, "pol1": -0.4091265226128389, "pol2": 0.40960643361493565, "pol3": 0.7441556967143733, "pol4": 0.9814350998440571, "v0s": 5.077825486565194}, "datetime": {"datetime": "2022-04-11 14:43:45", "elapsed": 527.77589, "delta": 19.966458}}
{"target": 3.6652303971682407, "params": {"Bgrad": 9.490842219276773, "d1": -2.3429287062296775, "d2": -2.8314019361573552, "d3": -2.476931145076836, "d4": -2.2956570862107433, "p1": 4.788357335487128, "p2": 9.215170121471719, "p3": 36.19354143536186, "p4": 25.635623507219744, "pol1": -0.8794717434674462, "pol2": -0.5518409139308468, "pol3": 0.8704870299906442, "pol4": 0.3523476034832196, "v0s": 3.6652303971682407}, "datetime": {"datetime": "2022-04-11 14:43:55", "elapsed": 538.274968, "delta": 10.499078}}
{"target": 2.7007776264223677, "params": {"Bgrad": 11.888788445353558, "d1": -2.232543570893205, "d2": -2.820008854015683, "d3": -2.395121105682524, "d4": -3.0, "p1": 5.270263842172433, "p2": 8.0784355047453, "p3": 35.052286779867, "p4": 26.102244381024146, "pol1": -0.6841953364272868, "pol2": -1.0, "pol3": 0.26918821290975814, "pol4": -0.10956145880187468, "v0s": 2.7007776264223677}, "datetime": {"datetime": "2022-04-11 14:44:03", "elapsed": 545.939628, "delta": 7.66466}}
{"target": 4.08999021605635, "params": {"Bgrad": 5.015816925104716, "d1": -2.912080840857344, "d2": -2.9342751726244836, "d3": -2.88762432561265, "d4": -1.7266156937216564, "p1": 5.408119263438306, "p2": 3.672018957762929, "p3": 38.29898927581009, "p4": 21.726173879625385, "pol1": -0.13439075166406436, "pol2": -0.4052731511831811, "pol3": -0.09602400960860462, "pol4": 0.13974373866628953, "v0s": 4.08999021605635}, "datetime": {"datetime": "2022-04-11 14:44:12", "elapsed": 555.10227, "delta": 9.162642}}
{"target": 4.112980908556468, "params": {"Bgrad": 7.385907308779503, "d1": -2.1719270677194173, "d2": -2.9191369941506267, "d3": -2.409848332165133, "d4": -1.760073537445412, "p1": 4.116237406067155, "p2": 6.148468331113939, "p3": 36.84855746343522, "p4": 22.52780321241198, "pol1": -0.19494666580451486, "pol2": -0.23810514382972361, "pol3": 0.7263955323151581, "pol4": 0.33199415272555904, "v0s": 4.112980908556468}, "datetime": {"datetime": "2022-04-11 14:44:22", "elapsed": 564.449926, "delta": 9.347656}}
{"target": 4.7991468355805935, "params": {"Bgrad": 5.197799901874582, "d1": -2.3504401651441675, "d2": -3.0, "d3": -2.2321877807538173, "d4": -2.0560734253261455, "p1": 4.668907072844581, "p2": 4.330059614254091, "p3": 35.21894286389185, "p4": 22.091289188956715, "pol1": -1.0, "pol2": -0.4421421760250647, "pol3": -0.0062124209841982895, "pol4": 1.0, "v0s": 4.7991468355805935}, "datetime": {"datetime": "2022-04-11 14:44:29", "elapsed": 571.72562, "delta": 7.275694}}
{"target": -1.0, "params": {"Bgrad": 6.484660962784681, "d1": -1.6510160473603952, "d2": -3.0, "d3": -2.0246210999382668, "d4": -2.907424794207683, "p1": 5.516144745814806, "p2": 4.463573090871937, "p3": 37.145087780145104, "p4": 21.43113626668518, "pol1": -1.0, "pol2": -0.2359567846956462, "pol3": 1.0, "pol4": 1.0, "v0s": 6.439516195182585}, "datetime": {"datetime": "2022-04-11 14:44:49", "elapsed": 592.001231, "delta": 20.275611}}
{"target": -1.0, "params": {"Bgrad": 1.3055368590093754, "d1": -1.200146223851584, "d2": -1.4972416603280725, "d3": -1.8864627009579191, "d4": 0.010803632818064735, "p1": 4.629861894690373, "p2": 0.3002468500789168, "p3": 38.294718633451936, "p4": 24.083601038508633, "pol1": -0.06048929242491097, "pol2": -0.04219600901484655, "pol3": -0.9200424190193282, "pol4": -0.24142048179189657, "v0s": 6.278331828869341}, "datetime": {"datetime": "2022-04-11 14:44:58", "elapsed": 601.134944, "delta": 9.133713}}
