{"target": 3.209184156585681, "params": {"Bgrad": 1.003888451104701, "d1": -1.86993682959057, "d2": -0.3192081299663916, "d3": -1.2393057026405705, "d4": -0.5990039155252362, "p1": 42.175921624218645, "p2": 41.63860024327447, "p3": 29.27786713452788, "p4": 22.02682234531756, "pol1": -0.1991794856689666, "pol2": -0.8577457278448037, "pol3": -0.06523603854896987, "pol4": -0.19391436906087178, "v0s": 3.209184156585681}, "datetime": {"datetime": "2022-06-15 15:53:20", "elapsed": 222647.097677, "delta": 6.288193}}
{"target": -1.0, "params": {"Bgrad": 1.7040874430119612, "d1": -0.20740808830993895, "d2": 0.9016324552388508, "d3": -1.457936715196026, "d4": -1.332289662510409, "p1": 25.986745975215552, "p2": 17.664422829719477, "p3": 27.262337219765616, "p4": 44.48762708679759, "pol1": 0.4610387733466308, "pol2": -0.5869761003988754, "pol3": 0.6003057591371754, "pol4": 0.5906161260780873, "v0s": 6.794545762411}, "datetime": {"datetime": "2022-06-15 15:53:38", "elapsed": 222665.373827, "delta": 18.27615}}
{"target": -1.0, "params": {"Bgrad": 0.9752039809441062, "d1": -0.5481939170977923, "d2": -0.3908360722129034, "d3": -2.519099984356326, "d4": 0.6747011615375138, "p1": 18.40678867585736, "p2": 34.41883618174393, "p3": 46.416918968188234, "p4": 33.74360815858161, "pol1": 0.8769548254548434, "pol2": 0.3982153140458511, "pol3": -0.6582842107523128, "pol4": 0.4578110181500046, "v0s": 4.434320883742982}, "datetime": {"datetime": "2022-06-15 15:53:52", "elapsed": 222679.81822, "delta": 14.444393}}
{"target": -1.0, "params": {"Bgrad": 0.9778599400696983, "d1": 0.12258508440405125, "d2": 0.16195654145341498, "d3": 0.7960470626255831, "d4": -2.187258819163354, "p1": 26.633216556398487, "p2": 38.60612293155915, "p3": 25.81744343799141, "p4": 11.439322697394305, "pol1": 0.9905805826300846, "pol2": 0.7786396871275592, "pol3": 0.15428667427312526, "pol4": 0.07609561368694195, "v0s": 7.039856708469708}, "datetime": {"datetime": "2022-06-15 15:54:05", "elapsed": 222692.458435, "delta": 12.640215}}
{"target": -1.0, "params": {"Bgrad": 1.8719509720372363, "d1": 0.2783414227271135, "d2": -1.268760897789459, "d3": 0.42249252591676845, "d4": -2.0975786728321673, "p1": 27.025803350942596, "p2": 15.757514430992186, "p3": 5.981724786276193, "p4": 7.275597637660336, "pol1": 0.8732096353757108, "pol2": -0.6100151443170267, "pol3": 0.29982025848256066, "pol4": -0.521757684119835, "v0s": 5.152817436393951}, "datetime": {"datetime": "2022-06-15 15:54:18", "elapsed": 222705.414805, "delta": 12.95637}}
{"target": -1.0, "params": {"Bgrad": 0.6959513061718144, "d1": -1.8418386158542455, "d2": -1.3979018798075367, "d3": -0.17328490310878442, "d4": 0.6042797414050605, "p1": 21.428856599217873, "p2": 35.69109842898595, "p3": 6.954323027473958, "p4": 5.0287537236323505, "pol1": -0.10378081925317173, "pol2": 0.5210124669598837, "pol3": -0.536769431852645, "pol4": 0.6182656473886026, "v0s": 3.514446413367234}, "datetime": {"datetime": "2022-06-15 15:54:27", "elapsed": 222714.193341, "delta": 8.778536}}
{"target": -1.0, "params": {"Bgrad": 0.6257018403805683, "d1": -0.9479975438808457, "d2": -2.9960887673641827, "d3": -0.16754784176555448, "d4": -0.043763005554980694, "p1": 48.665979815192465, "p2": 33.158230343437914, "p3": 24.710836296511896, "p4": 3.6811658558241644, "pol1": 0.0685900542453306, "pol2": -0.7163392119243548, "pol3": 0.6047775247752978, "pol4": 0.15229770107349005, "v0s": 3.277485425903738}, "datetime": {"datetime": "2022-06-15 15:54:35", "elapsed": 222722.604858, "delta": 8.411517}}
{"target": -1.0, "params": {"Bgrad": 1.5605827680122206, "d1": -1.6679660923360342, "d2": -0.3236071506919602, "d3": 0.11820435258720474, "d4": -2.6536955252155514, "p1": 25.532823128537313, "p2": 5.183718103195284, "p3": 32.4730752875091, "p4": 15.774894125369016, "pol1": 0.28700238084906604, "pol2": -0.9028924358631638, "pol3": 0.7339927940400579, "pol4": -0.04368148997586774, "v0s": 6.761319131765314}, "datetime": {"datetime": "2022-06-15 15:54:49", "elapsed": 222736.56854, "delta": 13.963682}}
{"target": -1.0, "params": {"Bgrad": 0.8399554672517751, "d1": -1.660105030988269, "d2": 0.05509969284572147, "d3": 0.4136916662167689, "d4": -1.2515045406170553, "p1": 46.51661650031817, "p2": 28.980714942017933, "p3": 2.4548740715452597, "p4": 22.64306689775033, "pol1": -0.679199907344638, "pol2": 0.4656488938428971, "pol3": -0.30529466413866313, "pol4": -0.5976447205876947, "v0s": 7.056728204385938}, "datetime": {"datetime": "2022-06-15 15:55:00", "elapsed": 222747.452445, "delta": 10.883905}}
{"target": -1.0, "params": {"Bgrad": 1.726694497703424, "d1": -1.6254132365776832, "d2": -1.385508835034583, "d3": -2.75760075928372, "d4": -2.2844611304930753, "p1": 36.79594219234381, "p2": 28.3065174245432, "p3": 41.161848505065336, "p4": 25.057504906239174, "pol1": 0.5357248313509415, "pol2": 0.019836000954134958, "pol3": 0.13613806115588845, "pol4": -0.6307640714056286, "v0s": 5.266406147100721}, "datetime": {"datetime": "2022-06-15 15:55:17", "elapsed": 222764.860915, "delta": 17.40847}}
{"target": -1.0, "params": {"Bgrad": 0.8015497230675073, "d1": -0.775123311612083, "d2": -2.4342350493669684, "d3": -2.255960042834435, "d4": 0.059135840772315706, "p1": 3.5443132855715485, "p2": 18.465682279580452, "p3": 43.89390094592739, "p4": 5.216869990733536, "pol1": -0.281693569478499, "pol2": -0.7720792648035932, "pol3": 0.7530815151409229, "pol4": -0.7475257742393238, "v0s": 3.5273330470563398}, "datetime": {"datetime": "2022-06-15 15:55:29", "elapsed": 222776.838901, "delta": 11.977986}}
{"target": -1.0, "params": {"Bgrad": 1.132859528778463, "d1": -0.33897592879922867, "d2": -1.6211787618071893, "d3": -2.145993338813117, "d4": -1.5064595769341587, "p1": 28.551231308234836, "p2": 49.53756746965174, "p3": 16.35825879056847, "p4": 18.110166819049155, "pol1": 0.4124705073440349, "pol2": -0.4021286171794538, "pol3": -0.300598557902261, "pol4": 0.9894154709586567, "v0s": 5.625604272696653}, "datetime": {"datetime": "2022-06-15 15:55:45", "elapsed": 222792.56786, "delta": 15.728959}}
{"target": 2.0485395398304984, "params": {"Bgrad": 1.7432161925572038, "d1": -2.8733372380535225, "d2": -2.4180391210951644, "d3": -0.08908682313218819, "d4": -0.8410242176359404, "p1": 49.76322532299901, "p2": 24.78148297254046, "p3": 19.2051934253949, "p4": 9.71870006168809, "pol1": 0.18033288913217094, "pol2": 0.5332503730903142, "pol3": 0.8488783744420556, "pol4": -0.7247483474791931, "v0s": 2.0485395398304984}, "datetime": {"datetime": "2022-06-15 15:55:57", "elapsed": 222805.04152, "delta": 12.47366}}
{"target": -1.0, "params": {"Bgrad": 0.715687862242721, "d1": 0.4110962673039298, "d2": -0.8223156098255084, "d3": -2.1034608110243713, "d4": -0.7645162615435255, "p1": 36.84944334138279, "p2": 20.392245916001073, "p3": 45.57757145792819, "p4": 36.28750619629264, "pol1": -0.7871446832413003, "pol2": -0.14105835301837666, "pol3": 0.4334076260504387, "pol4": 0.2729736070446056, "v0s": 3.6678835496288107}, "datetime": {"datetime": "2022-06-15 15:56:11", "elapsed": 222818.704002, "delta": 13.662482}}
{"target": 3.426423447620609, "params": {"Bgrad": 0.5767449494467023, "d1": -1.6207736231606993, "d2": -0.17242686012534447, "d3": 0.3531352262119509, "d4": -1.7119145691924769, "p1": 49.360914218694845, "p2": 32.99942079142811, "p3": 17.760927641477565, "p4": 38.80828783333959, "pol1": 0.19525914373169684, "pol2": 0.28262231878705313, "pol3": -0.532706664888619, "pol4": -0.8138053106195442, "v0s": 3.426423447620609}, "datetime": {"datetime": "2022-06-15 15:56:19", "elapsed": 222826.081284, "delta": 7.377282}}
{"target": -1.0, "params": {"Bgrad": 1.1769873069656858, "d1": 0.2715236649789783, "d2": 0.8250714126703431, "d3": -0.593265890063345, "d4": -1.620026967303688, "p1": 2.949527051376216, "p2": 16.373450191007144, "p3": 5.273736640777404, "p4": 12.098251954317474, "pol1": 0.4116478095852565, "pol2": 0.5155852851534306, "pol3": -0.9929602098395529, "pol4": -0.42196268167616235, "v0s": 6.302581787852919}, "datetime": {"datetime": "2022-06-15 15:56:40", "elapsed": 222847.665592, "delta": 21.584308}}
{"target": -1.0, "params": {"Bgrad": 1.271897852115763, "d1": -1.3655171093855332, "d2": -2.730163637378868, "d3": -1.487502363379726, "d4": -1.024578754543279, "p1": 48.125521674990104, "p2": 39.46677432123128, "p3": 22.224601631160667, "p4": 23.830354961818106, "pol1": 0.5040554756433244, "pol2": 0.36927019545429673, "pol3": -0.24030434213623253, "pol4": -0.7983945341218017, "v0s": 5.467595912481711}, "datetime": {"datetime": "2022-06-15 15:56:58", "elapsed": 222865.531839, "delta": 17.866247}}
{"target": -1.0, "params": {"Bgrad": 0.6492183679788412, "d1": -2.0630783279251665, "d2": -2.945284801477757, "d3": -2.9627692609800182, "d4": -1.2544526934179694, "p1": 2.961011187346813, "p2": 33.31610396999734, "p3": 6.047188205003129, "p4": 17.36360545195317, "pol1": -0.7631955050474977, "pol2": 0.25042982520036516, "pol3": -0.8948762008566009, "pol4": 0.2744746672498273, "v0s": 3.3722203623972513}, "datetime": {"datetime": "2022-06-15 15:57:08", "elapsed": 222876.052719, "delta": 10.52088}}
{"target": -1.0, "params": {"Bgrad": 1.8284536395553266, "d1": -0.41916923920356286, "d2": -0.9408223942055436, "d3": -2.2859945703426097, "d4": -2.587214477233727, "p1": 30.284651319738753, "p2": 27.721051344478205, "p3": 0.049138414125571295, "p4": 33.658685815327175, "pol1": 0.6565773772952386, "pol2": 0.023219183114300934, "pol3": 0.46924222230832346, "pol4": -0.8000633611104944, "v0s": 6.802577313099203}, "datetime": {"datetime": "2022-06-15 15:57:25", "elapsed": 222892.117779, "delta": 16.06506}}
{"target": -1.0, "params": {"Bgrad": 1.4271488714724838, "d1": -1.7211054332985158, "d2": -0.8847677967690175, "d3": -1.5589569526841562, "d4": -1.8714225336620043, "p1": 26.019121648537464, "p2": 41.8165987579313, "p3": 21.293741827571726, "p4": 32.099072098973785, "pol1": -0.6473004764764334, "pol2": 0.3412974496365433, "pol3": -0.20150771528807931, "pol4": -0.7398780339946056, "v0s": 7.196696131137226}, "datetime": {"datetime": "2022-06-15 15:57:40", "elapsed": 222908.015288, "delta": 15.897509}}
{"target": -1.0, "params": {"Bgrad": 1.9419440759057378, "d1": -0.9966093160900318, "d2": -2.4318450173149198, "d3": -2.191992228901094, "d4": -0.04001938533236382, "p1": 3.893411710947614, "p2": 36.07502939137698, "p3": 28.827582876844648, "p4": 45.004103804669384, "pol1": -0.8133739425794104, "pol2": 0.653711659815372, "pol3": -0.7049356348169489, "pol4": -0.6016621027518163, "v0s": 3.3599809747816822}, "datetime": {"datetime": "2022-06-15 15:57:57", "elapsed": 222924.67476, "delta": 16.659472}}
{"target": -1.0, "params": {"Bgrad": 1.0727466469598652, "d1": -0.04670586821219702, "d2": -0.10147136260287493, "d3": -2.351060897969327, "d4": -0.13545923016942485, "p1": 5.203107765650506, "p2": 16.56878306916588, "p3": 21.361052457803538, "p4": 28.664362000868714, "pol1": -0.3624759192726077, "pol2": 0.44222850536924896, "pol3": 0.8904682278856437, "pol4": 0.3968497327516396, "v0s": 6.636665825800343}, "datetime": {"datetime": "2022-06-15 15:58:12", "elapsed": 222939.189963, "delta": 14.515203}}
{"target": -1.0, "params": {"Bgrad": 1.7630861622926841, "d1": -0.7090481885197657, "d2": -0.6592963994511258, "d3": -2.340075368451521, "d4": -2.091953992664034, "p1": 3.259591691692493, "p2": 21.07547626207287, "p3": 48.64176050648014, "p4": 26.37604362636528, "pol1": 0.622923859385909, "pol2": 0.17425253951517328, "pol3": -0.6705319057536077, "pol4": -0.14629083135967158, "v0s": 4.0519098621416765}, "datetime": {"datetime": "2022-06-15 15:58:32", "elapsed": 222959.885647, "delta": 20.695684}}
{"target": 4.455448099432696, "params": {"Bgrad": 0.5050258476536362, "d1": -2.838727295165981, "d2": 0.7498499207952074, "d3": -2.1466886375190484, "d4": -0.33986461860453776, "p1": 15.834236430809213, "p2": 38.44855615248177, "p3": 2.0593343444044123, "p4": 31.384190400825123, "pol1": -0.33634280526812366, "pol2": -0.897363798294345, "pol3": 0.43742216540787116, "pol4": 0.27794606859805926, "v0s": 4.455448099432696}, "datetime": {"datetime": "2022-06-15 15:58:38", "elapsed": 222965.884613, "delta": 5.998966}}
{"target": -1.0, "params": {"Bgrad": 1.8252806845274894, "d1": -1.107595427450407, "d2": -2.7187340538153344, "d3": -1.4437602543080499, "d4": -2.5465226811955803, "p1": 47.10120440652542, "p2": 3.6482745983727636, "p3": 2.1214081687722097, "p4": 26.888253649534395, "pol1": 0.9089005640858079, "pol2": -0.7122080435739588, "pol3": -0.4902903797705014, "pol4": -0.3282312720455214, "v0s": 3.671730577752878}, "datetime": {"datetime": "2022-06-15 15:58:55", "elapsed": 222982.208981, "delta": 16.324368}}
{"target": -1.0, "params": {"Bgrad": 1.9803125901105858, "d1": -1.6071826959413213, "d2": -0.8570224107513105, "d3": 0.7444694418666145, "d4": 0.8828780392170534, "p1": 27.874081637222126, "p2": 25.350925205916695, "p3": 10.385595062331177, "p4": 21.172522586979436, "pol1": -0.21022425984708182, "pol2": 0.939413335271887, "pol3": -0.9492778822032286, "pol4": -0.8173364216188619, "v0s": 7.404164782231489}, "datetime": {"datetime": "2022-06-15 15:59:08", "elapsed": 222995.520402, "delta": 13.311421}}
{"target": -1.0, "params": {"Bgrad": 0.8557942331661195, "d1": 0.6967454808673912, "d2": -0.6727536022574903, "d3": -2.24220728801837, "d4": -0.5275231719008939, "p1": 16.210796135797928, "p2": 29.432954245252457, "p3": 19.426409072167278, "p4": 16.83179828351957, "pol1": 0.2105901597883415, "pol2": 0.19718954802072686, "pol3": -0.32713962391891793, "pol4": 0.9773409416569907, "v0s": 5.072436235585886}, "datetime": {"datetime": "2022-06-15 15:59:23", "elapsed": 223010.134341, "delta": 14.613939}}
{"target": -1.0, "params": {"Bgrad": 1.1592683186467547, "d1": -1.107475851850383, "d2": -1.227173858284861, "d3": -0.632008045338095, "d4": -0.16138025998243322, "p1": 9.969801152994984, "p2": 43.97545619972574, "p3": 36.90697894139067, "p4": 46.60910849789495, "pol1": -0.08711225443655568, "pol2": 0.08254494840763282, "pol3": 0.9190126077504579, "pol4": 0.5366855170820446, "v0s": 6.919867278481543}, "datetime": {"datetime": "2022-06-15 15:59:41", "elapsed": 223028.983959, "delta": 18.849618}}
{"target": 3.6038440961941753, "params": {"Bgrad": 1.6988691892932255, "d1": -2.1521127961007136, "d2": -2.9179364529553196, "d3": -0.9953307437584988, "d4": -1.7582527028882509, "p1": 41.06108696049709, "p2": 12.361351445147506, "p3": 16.550736147734963, "p4": 18.792035926997436, "pol1": -0.3207349032872353, "pol2": 0.6030001196558508, "pol3": 0.4503725982266569, "pol4": 0.04990847896814676, "v0s": 3.6038440961941753}, "datetime": {"datetime": "2022-06-15 15:59:51", "elapsed": 223038.696001, "delta": 9.712042}}
{"target": -1.0, "params": {"Bgrad": 0.8661185499548822, "d1": -1.2690177068697852, "d2": -2.3638758321448123, "d3": -0.6243892814099103, "d4": 0.0031857940297861376, "p1": 15.58344258585117, "p2": 8.974363817221576, "p3": 42.228001132431, "p4": 4.853403224215564, "pol1": 0.2631194263015679, "pol2": 0.9354780186550227, "pol3": -0.8345911389901153, "pol4": -0.8590790891884483, "v0s": 6.878808960542843}, "datetime": {"datetime": "2022-06-15 16:00:03", "elapsed": 223050.962215, "delta": 12.266214}}
{"target": -1.0, "params": {"Bgrad": 0.9597672507428349, "d1": 0.6137121688140583, "d2": -2.4573039283277773, "d3": -2.5956407353044644, "d4": -1.0360051137912931, "p1": 8.343952135218425, "p2": 36.05024224734276, "p3": 15.008822490165773, "p4": 41.62283538081304, "pol1": -0.07842536148876933, "pol2": -0.6483723470008231, "pol3": 0.32008475731847263, "pol4": 0.7963856689351583, "v0s": 2.999902718504001}, "datetime": {"datetime": "2022-06-15 16:00:23", "elapsed": 223070.585764, "delta": 19.623549}}
{"target": -1.0, "params": {"Bgrad": 0.9424830548471157, "d1": -0.8667710549403114, "d2": -0.31661694587457223, "d3": -2.4145891573103855, "d4": -1.0035252832669057, "p1": 15.358997312675504, "p2": 8.290443759712806, "p3": 39.89430708109344, "p4": 14.45225612935716, "pol1": -0.1532048736374656, "pol2": -0.2508520476270779, "pol3": 0.9620744612163541, "pol4": 0.289548009492403, "v0s": 7.314843999020288}, "datetime": {"datetime": "2022-06-15 16:00:38", "elapsed": 223085.369251, "delta": 14.783487}}
{"target": -1.0, "params": {"Bgrad": 1.633734325650472, "d1": 0.5382610302684934, "d2": -0.1239044703107961, "d3": -1.2649352060645849, "d4": -0.46024410342710764, "p1": 8.54277027775261, "p2": 46.91768597641431, "p3": 25.806038566209967, "p4": 7.905140319738601, "pol1": 0.35437611561591864, "pol2": 0.7572422070969176, "pol3": 0.12451902321460362, "pol4": 0.28591460197953844, "v0s": 5.849933648120652}, "datetime": {"datetime": "2022-06-15 16:00:54", "elapsed": 223101.421346, "delta": 16.052095}}
{"target": -1.0, "params": {"Bgrad": 0.7744535620366879, "d1": -2.431967520771469, "d2": -2.3026773016479734, "d3": -1.7163746227649659, "d4": -1.849937536325505, "p1": 15.697298762318512, "p2": 28.52200914896243, "p3": 7.936439315252642, "p4": 41.94149656038943, "pol1": -0.14605790016883669, "pol2": -0.9067674403525094, "pol3": -0.012855567638506926, "pol4": 0.3388605056304559, "v0s": 6.795901881987172}, "datetime": {"datetime": "2022-06-15 16:01:03", "elapsed": 223110.231798, "delta": 8.810452}}
{"target": -1.0, "params": {"Bgrad": 0.5465124066691072, "d1": -1.30364801472453, "d2": -1.9363442515955698, "d3": 0.7837066302610292, "d4": -1.98028294474855, "p1": 40.899162025335855, "p2": 24.789878426784647, "p3": 21.22689484053364, "p4": 12.990231185221097, "pol1": 0.031411418433423766, "pol2": -0.5093838068852532, "pol3": 0.7660689314838574, "pol4": -0.440479817114956, "v0s": 6.207296785217579}, "datetime": {"datetime": "2022-06-15 16:01:10", "elapsed": 223117.452498, "delta": 7.2207}}
{"target": -1.0, "params": {"Bgrad": 1.7269352648326544, "d1": -2.4788316067921814, "d2": -2.763407726680881, "d3": -0.35990813264070276, "d4": 0.850919486317991, "p1": 38.79408419274852, "p2": 31.775784878048835, "p3": 9.7263669775584, "p4": 13.596563028366631, "pol1": 0.5698646310873308, "pol2": 0.26830830575871234, "pol3": -0.06504859375107341, "pol4": 0.6894038859734237, "v0s": 6.113108810668883}, "datetime": {"datetime": "2022-06-15 16:01:26", "elapsed": 223133.275206, "delta": 15.822708}}
{"target": 4.6688201871993185, "params": {"Bgrad": 0.5184752719812193, "d1": -1.2631735789461898, "d2": 0.11691235679103906, "d3": -1.9759880207323688, "d4": -0.047173565500755466, "p1": 7.03226157890896, "p2": 15.547659316494133, "p3": 34.2674756502646, "p4": 1.568966102939523, "pol1": -0.24528737902189746, "pol2": -0.6562715390375313, "pol3": 0.6031076881920949, "pol4": -0.2549850620819716, "v0s": 4.6688201871993185}, "datetime": {"datetime": "2022-06-15 16:01:34", "elapsed": 223141.300755, "delta": 8.025549}}
{"target": -1.0, "params": {"Bgrad": 1.641982615714309, "d1": -1.394975445259968, "d2": 0.5179529362204631, "d3": -0.5158749063714789, "d4": -2.5675474745802154, "p1": 16.77406358649164, "p2": 41.17773909050989, "p3": 35.265041499657976, "p4": 13.122728444799947, "pol1": -0.7015064310320638, "pol2": -0.09095448360109404, "pol3": 0.9088444059490537, "pol4": 0.9531834562980392, "v0s": 7.884335982537975}, "datetime": {"datetime": "2022-06-15 16:01:49", "elapsed": 223156.310637, "delta": 15.009882}}
{"target": 3.2806306605950013, "params": {"Bgrad": 1.7670469570287726, "d1": -0.846370565459841, "d2": 0.42268189811903945, "d3": -1.5959997970306246, "d4": 0.03567226529181333, "p1": 26.446176306508818, "p2": 47.036199813708066, "p3": 38.29673717711957, "p4": 0.6696659359530621, "pol1": -0.5051235554010529, "pol2": -0.8674560438169301, "pol3": 0.7446045190120045, "pol4": -0.4330161912386712, "v0s": 3.2806306605950013}, "datetime": {"datetime": "2022-06-15 16:01:55", "elapsed": 223162.970836, "delta": 6.660199}}
{"target": -1.0, "params": {"Bgrad": 1.8250446423091744, "d1": -0.7980002667752033, "d2": 0.2983911994362485, "d3": -0.16435116169687713, "d4": 0.17493483836581447, "p1": 46.94876983083867, "p2": 28.165194124813492, "p3": 7.479921213859731, "p4": 30.36990833738483, "pol1": 0.44035635688030395, "pol2": -0.6976525404950531, "pol3": 0.4739255715837183, "pol4": 0.22688161233065096, "v0s": 4.253225897896972}, "datetime": {"datetime": "2022-06-15 16:02:12", "elapsed": 223179.198462, "delta": 16.227626}}
{"target": -1.0, "params": {"Bgrad": 1.4984767072486431, "d1": -0.4354800995319734, "d2": -2.9508363805801463, "d3": 0.48392928794442724, "d4": -1.5686025556167005, "p1": 44.836820896970906, "p2": 12.312142986614749, "p3": 14.922126003828357, "p4": 5.236874758376114, "pol1": -0.31903481327353767, "pol2": -0.8264200490651825, "pol3": 0.4621144937910018, "pol4": -0.8526256639760152, "v0s": 2.417823661403472}, "datetime": {"datetime": "2022-06-15 16:04:55", "elapsed": 223342.829105, "delta": 163.630643}}
{"target": 2.1981434607262846, "params": {"Bgrad": 1.8422389601781521, "d1": -1.7881944779569325, "d2": -2.740022648139571, "d3": -0.8305474655630478, "d4": -2.2941514038066217, "p1": 28.807208368946764, "p2": 22.466913104562835, "p3": 10.780600131563062, "p4": 34.30060991515113, "pol1": 0.2958662935197196, "pol2": 0.32062598359737526, "pol3": -0.9332628861377239, "pol4": -0.32356314396352115, "v0s": 2.1981434607262846}, "datetime": {"datetime": "2022-06-15 16:05:02", "elapsed": 223349.95406, "delta": 7.124955}}
{"target": -1.0, "params": {"Bgrad": 1.6717945670240093, "d1": -2.6442665723134553, "d2": -1.3076472259917251, "d3": -1.6524744797066595, "d4": -2.609603533560784, "p1": 18.832934656803197, "p2": 9.675667060622395, "p3": 23.94904380983248, "p4": 18.871953409262154, "pol1": 0.7980062135576413, "pol2": 0.45825449142379204, "pol3": 0.40314629131020774, "pol4": -0.36712435128619036, "v0s": 7.880274510535402}, "datetime": {"datetime": "2022-06-15 16:05:19", "elapsed": 223367.042386, "delta": 17.088326}}
