{"target": 2.609628379318773, "params": {"Bgrad": 0.6167101105466724, "d1": -1.6867734510847376, "d2": -2.28155332693561, "d3": 0.9955472036050637, "d4": 0.2143216469949909, "p1": 2.662087896141635, "p2": 39.99933792080918, "p3": 21.202159360595896, "p4": 14.71860064516179, "pol1": 0.33694132968188373, "pol2": 0.859332260742121, "pol3": 0.747862858632452, "pol4": -0.5628353193169229, "v0s": 2.609628379318773}, "datetime": {"datetime": "2022-06-16 00:08:09", "elapsed": 252336.653957, "delta": 7.303479}}
{"target": -1.0, "params": {"Bgrad": 0.7267235057285462, "d1": 0.2747163225437239, "d2": 0.72483374394479, "d3": -1.8835127014589519, "d4": 0.71447888557265, "p1": 46.620108254638545, "p2": 30.839234309950076, "p3": 41.0088405479134, "p4": 14.11780902108517, "pol1": -0.2308545961441777, "pol2": -0.06430448700829716, "pol3": 0.4670675497244188, "pol4": -0.8331266682155696, "v0s": 3.231109601982962}, "datetime": {"datetime": "2022-06-16 00:08:28", "elapsed": 252355.837682, "delta": 19.183725}}
{"target": -1.0, "params": {"Bgrad": 1.5813325698888374, "d1": -2.0383715976302352, "d2": -0.17231011661225715, "d3": -2.8680922489869523, "d4": 0.6263331516703383, "p1": 19.359398657442345, "p2": 46.36886736557849, "p3": 28.742265468381195, "p4": 43.25997914804685, "pol1": 0.8652627639391772, "pol2": -0.7294091030018219, "pol3": 0.16600757912818787, "pol4": 0.2386089089911041, "v0s": 3.729881006005065}, "datetime": {"datetime": "2022-06-16 00:10:48", "elapsed": 252495.317875, "delta": 139.480193}}
{"target": -1.0, "params": {"Bgrad": 0.6380333606819528, "d1": 0.5414237381665967, "d2": -1.9993052110741445, "d3": -0.2580624241477385, "d4": 0.15869971133712202, "p1": 28.619888763195778, "p2": 42.78260836844628, "p3": 6.6783018496761155, "p4": 20.925185637910182, "pol1": -0.9670329912979623, "pol2": 0.12724493519538593, "pol3": -0.5818275494679637, "pol4": 0.12970723550128715, "v0s": 6.147925002865869}, "datetime": {"datetime": "2022-06-16 00:10:57", "elapsed": 252504.196145, "delta": 8.87827}}
{"target": -1.0, "params": {"Bgrad": 1.0156028606679706, "d1": 0.11460768150851575, "d2": 0.4552812425871342, "d3": -2.8111278964675277, "d4": 0.6379348773754328, "p1": 34.253718892026995, "p2": 25.39656883961104, "p3": 38.86963795653087, "p4": 20.65487531769748, "pol1": 0.8795243894279259, "pol2": 0.7110186736321857, "pol3": 0.8314617881740267, "pol4": 0.9117061932212096, "v0s": 5.063010037292243}, "datetime": {"datetime": "2022-06-16 00:11:16", "elapsed": 252523.182398, "delta": 18.986253}}
{"target": -1.0, "params": {"Bgrad": 1.3910257551240717, "d1": 0.6644771720475515, "d2": 0.5710388599573633, "d3": -2.191062480914081, "d4": 0.920477867988287, "p1": 0.7041704586949471, "p2": 18.615182469718604, "p3": 7.6299758066937065, "p4": 17.55271227429472, "pol1": 0.34076093598147317, "pol2": 0.9311425021834618, "pol3": -0.5830107135038565, "pol4": 0.5526454328464261, "v0s": 3.3592047512944267}, "datetime": {"datetime": "2022-06-16 00:11:38", "elapsed": 252545.42395, "delta": 22.241552}}
{"target": -1.0, "params": {"Bgrad": 1.1985874553615476, "d1": -2.7564180179163693, "d2": 0.823711873004747, "d3": -2.877821651338526, "d4": -0.5719890410338455, "p1": 29.247856246426014, "p2": 41.11168986964972, "p3": 28.716765302139436, "p4": 48.27182516848759, "pol1": 0.3463225163707302, "pol2": 0.14137849451845796, "pol3": -0.2626644625576351, "pol4": -0.8776268964151084, "v0s": 7.309506582277315}, "datetime": {"datetime": "2022-06-16 00:11:58", "elapsed": 252565.585062, "delta": 20.161112}}
{"target": -1.0, "params": {"Bgrad": 1.9721908029324418, "d1": -1.71051340009631, "d2": -0.22336489251387492, "d3": -2.0609419465328664, "d4": 0.9350591137927426, "p1": 39.360519861083134, "p2": 47.57214123597289, "p3": 1.1018911249065788, "p4": 34.28130107127827, "pol1": 0.2527430815583973, "pol2": 0.19630272444491537, "pol3": -0.4167244304130717, "pol4": -0.20424730609657948, "v0s": 4.765619381313634}, "datetime": {"datetime": "2022-06-16 00:12:18", "elapsed": 252585.399103, "delta": 19.814041}}
{"target": -1.0, "params": {"Bgrad": 1.5468487256312766, "d1": -2.1081206837655913, "d2": -2.390175683141403, "d3": -1.4969021921640846, "d4": -2.8192548118623275, "p1": 15.4178938020949, "p2": 9.191713653987232, "p3": 42.261473003708616, "p4": 33.379324563083095, "pol1": -0.05684775038630141, "pol2": -0.36551899075348726, "pol3": 0.9147569827228517, "pol4": -0.13606071108134188, "v0s": 5.288986184890729}, "datetime": {"datetime": "2022-06-16 00:12:34", "elapsed": 252601.32354, "delta": 15.924437}}
{"target": -1.0, "params": {"Bgrad": 0.9869050480059964, "d1": 0.7952669203125962, "d2": 0.3824590987263172, "d3": -0.4546045000664014, "d4": -2.7627842296822465, "p1": 41.92734574768801, "p2": 28.40943357200969, "p3": 32.79656970672587, "p4": 23.366701709196576, "pol1": -0.9463618163501373, "pol2": 0.34452559867997756, "pol3": 0.33690386165982456, "pol4": -0.8739709351092597, "v0s": 6.6362657166861405}, "datetime": {"datetime": "2022-06-16 00:12:48", "elapsed": 252615.824781, "delta": 14.501241}}
{"target": -1.0, "params": {"Bgrad": 1.933720056601749, "d1": -2.2681003309136964, "d2": 0.7947542410862365, "d3": -1.0442484121736175, "d4": -2.0906862163186446, "p1": 2.855818035285523, "p2": 46.2986134370063, "p3": 48.43615225834791, "p4": 36.460887022345965, "pol1": -0.9697493650137949, "pol2": 0.17003202018407437, "pol3": 0.7204831059161356, "pol4": -0.775826496461753, "v0s": 3.926468059186169}, "datetime": {"datetime": "2022-06-16 00:13:03", "elapsed": 252630.582336, "delta": 14.757555}}
{"target": -1.0, "params": {"Bgrad": 1.4768182014027935, "d1": -1.0669679777897283, "d2": -2.326763043303215, "d3": -1.1414294470582709, "d4": -2.6063841864694224, "p1": 34.57366429339861, "p2": 34.824226162678805, "p3": 30.241057469872633, "p4": 7.559931603847203, "pol1": 0.5523114218945882, "pol2": 0.045920666249886555, "pol3": -0.5965162766912662, "pol4": 0.8514069185849862, "v0s": 4.40626827611316}, "datetime": {"datetime": "2022-06-16 00:13:20", "elapsed": 252648.018731, "delta": 17.436395}}
{"target": -1.0, "params": {"Bgrad": 0.7573613879348455, "d1": -0.8885853144591986, "d2": -2.6753554651870823, "d3": 0.04277647947392982, "d4": -0.21482641190959706, "p1": 0.08026432997549904, "p2": 27.72188337735929, "p3": 11.299513744194572, "p4": 37.329975202550905, "pol1": 0.9744619206366931, "pol2": 0.13015489425123405, "pol3": -0.19894781102004733, "pol4": 0.0188105649297019, "v0s": 7.526504975746371}, "datetime": {"datetime": "2022-06-16 00:13:31", "elapsed": 252658.171595, "delta": 10.152864}}
{"target": -1.0, "params": {"Bgrad": 0.6451862498465252, "d1": -1.5891463661583796, "d2": -1.2553443310006722, "d3": -1.506952879738452, "d4": -1.5969514105926899, "p1": 40.69953284377637, "p2": 34.55028331804134, "p3": 20.80210538453687, "p4": 21.76104606511483, "pol1": -0.8747610544702231, "pol2": -0.7993010724989134, "pol3": 0.8871420038025606, "pol4": 0.895869189797613, "v0s": 2.729766401054352}, "datetime": {"datetime": "2022-06-16 00:13:46", "elapsed": 252673.142579, "delta": 14.970984}}
{"target": -1.0, "params": {"Bgrad": 0.5267690259974099, "d1": 0.04263589589834993, "d2": -2.410084680835928, "d3": -2.254426764067399, "d4": -2.3961240936861463, "p1": 22.849642867354213, "p2": 6.037391935086922, "p3": 33.221005493947246, "p4": 20.539748132285062, "pol1": -0.5912704189719298, "pol2": -0.8242393113012796, "pol3": 0.48391209905458776, "pol4": -0.6535404576119614, "v0s": 7.060364712570986}, "datetime": {"datetime": "2022-06-16 00:13:55", "elapsed": 252682.864594, "delta": 9.722015}}
{"target": -1.0, "params": {"Bgrad": 1.7504863017064958, "d1": -1.465323510301388, "d2": -1.3440528139217491, "d3": 0.2848325476840259, "d4": -0.5359109772321733, "p1": 22.944448410344236, "p2": 33.68172716763506, "p3": 48.69954340302853, "p4": 26.213395995491418, "pol1": 0.04980959511435512, "pol2": -0.4628794231993767, "pol3": 0.8955695664141632, "pol4": -0.46801112650491294, "v0s": 5.628883435919819}, "datetime": {"datetime": "2022-06-16 00:14:14", "elapsed": 252701.784026, "delta": 18.919432}}
{"target": -1.0, "params": {"Bgrad": 1.5231305666703505, "d1": 0.23262101653389733, "d2": -0.06005425927359198, "d3": -0.4034060032354909, "d4": -1.4672918167821263, "p1": 40.71656527122647, "p2": 4.2389741405797485, "p3": 46.085618347186596, "p4": 11.16444925478628, "pol1": -0.6983775561112937, "pol2": -0.7062344442201995, "pol3": 0.893184137865584, "pol4": 0.3844003361456414, "v0s": 2.505275225389502}, "datetime": {"datetime": "2022-06-16 00:15:14", "elapsed": 252761.64403, "delta": 59.860004}}
{"target": -1.0, "params": {"Bgrad": 1.711540268585979, "d1": -0.025829267218618668, "d2": 0.2890161004110281, "d3": -2.6336747801589557, "d4": -2.650766999591942, "p1": 3.317038099940295, "p2": 33.42589852080663, "p3": 29.28891719000047, "p4": 31.197008900485372, "pol1": 0.29459353957969747, "pol2": 0.058007239125404286, "pol3": 0.9156392798889121, "pol4": 0.1455600431938875, "v0s": 6.819765353699895}, "datetime": {"datetime": "2022-06-16 00:15:32", "elapsed": 252779.817456, "delta": 18.173426}}
{"target": 3.0940640209081867, "params": {"Bgrad": 1.6475242795110867, "d1": -2.4141756028786285, "d2": -1.596375999815686, "d3": -1.044585664037772, "d4": 0.9782356199519131, "p1": 1.3643605051651908, "p2": 3.73762927857062, "p3": 15.192932630036887, "p4": 18.913423801183104, "pol1": -0.7079532485997915, "pol2": 0.7237669597219654, "pol3": -0.38706970182936984, "pol4": 0.998398077647644, "v0s": 3.0940640209081867}, "datetime": {"datetime": "2022-06-16 00:15:43", "elapsed": 252790.586671, "delta": 10.769215}}
{"target": -1.0, "params": {"Bgrad": 0.8014102116880599, "d1": 0.4364032283742705, "d2": -2.2382921475682265, "d3": -2.8252872161333507, "d4": -0.499056516144893, "p1": 27.835224008129778, "p2": 9.144679491136786, "p3": 39.15927609593366, "p4": 38.54728356400788, "pol1": 0.10171808806608307, "pol2": 0.3005322354800861, "pol3": -0.24044100671127122, "pol4": 0.2647152197922238, "v0s": 6.8384180194810735}, "datetime": {"datetime": "2022-06-16 00:15:55", "elapsed": 252802.223568, "delta": 11.636897}}
{"target": -1.0, "params": {"Bgrad": 1.230007149841065, "d1": -2.2806434500445434, "d2": -1.39664039867711, "d3": -2.339934269741526, "d4": 0.7557731793178424, "p1": 9.066228028126734, "p2": 35.86673642605029, "p3": 20.327164976081054, "p4": 1.1188268137562907, "pol1": 0.8630256728537171, "pol2": 0.03905250720482134, "pol3": 0.24694839092378595, "pol4": -0.5906141131816616, "v0s": 7.845806222277699}, "datetime": {"datetime": "2022-06-16 00:16:15", "elapsed": 252822.133352, "delta": 19.909784}}
{"target": -1.0, "params": {"Bgrad": 1.196697117082028, "d1": -1.7253293620881558, "d2": 0.6579413706644472, "d3": -0.20008326089960482, "d4": -0.34369668700560085, "p1": 19.088224217807443, "p2": 24.287819002609783, "p3": 19.129542422591378, "p4": 40.82459232981717, "pol1": 0.3068233755747207, "pol2": -0.24021419548549305, "pol3": 0.32023228187362807, "pol4": -0.23454960417635773, "v0s": 6.946575642179724}, "datetime": {"datetime": "2022-06-16 00:16:31", "elapsed": 252839.029193, "delta": 16.895841}}
{"target": 4.000422622699936, "params": {"Bgrad": 0.7138030876646564, "d1": -0.7388111323845243, "d2": 0.12336157773034673, "d3": -0.9945491687095105, "d4": -2.9488124848486073, "p1": 3.915860477280325, "p2": 45.26600046238697, "p3": 10.074809046227006, "p4": 20.704668886338375, "pol1": -0.6129356148199703, "pol2": 0.7642223590394508, "pol3": -0.08438324811400011, "pol4": -0.960172254045832, "v0s": 4.000422622699936}, "datetime": {"datetime": "2022-06-16 00:16:39", "elapsed": 252846.52017, "delta": 7.490977}}
{"target": -1.0, "params": {"Bgrad": 1.658341786878624, "d1": 0.17191128679609236, "d2": -0.8511292606248175, "d3": -0.7264091186177337, "d4": -2.8856540979629672, "p1": 46.61395211406764, "p2": 45.6564123954784, "p3": 46.87539578647091, "p4": 1.3235546444163415, "pol1": 0.15499737161558835, "pol2": -0.38365930576316387, "pol3": 0.20666070740897236, "pol4": -0.16349642003672304, "v0s": 6.87433733019071}, "datetime": {"datetime": "2022-06-16 00:16:55", "elapsed": 252862.32393, "delta": 15.80376}}
{"target": -1.0, "params": {"Bgrad": 1.9058754912391995, "d1": -1.8671003093981295, "d2": -2.437732754661617, "d3": -2.666032497857469, "d4": -0.2119566754217952, "p1": 17.8371168485859, "p2": 40.04071088196885, "p3": 25.514510435081288, "p4": 39.37389154507324, "pol1": -0.9816737946430651, "pol2": 0.6449008368632496, "pol3": 0.5413512330988905, "pol4": -0.23762605812476645, "v0s": 5.092727870360946}, "datetime": {"datetime": "2022-06-16 00:17:11", "elapsed": 252879.034266, "delta": 16.710336}}
{"target": -1.0, "params": {"Bgrad": 1.532831910879077, "d1": 0.1380619958436724, "d2": -0.7766022492014457, "d3": -2.1975586233657416, "d4": -1.3725328803555978, "p1": 36.072785494366336, "p2": 21.101730583295492, "p3": 16.825296369879645, "p4": 23.453180320688965, "pol1": 0.15144409928326863, "pol2": -0.5668322588201535, "pol3": -0.3492820962717813, "pol4": 0.6933784461494812, "v0s": 6.824593296091512}, "datetime": {"datetime": "2022-06-16 00:17:30", "elapsed": 252897.54878, "delta": 18.514514}}
{"target": -1.0, "params": {"Bgrad": 1.3009419253164243, "d1": -0.2586788886119238, "d2": -1.2823284828002484, "d3": -1.7813476399697956, "d4": -2.6822647056496267, "p1": 24.14887428643239, "p2": 2.2845682265726808, "p3": 31.141544715170056, "p4": 49.38238314265479, "pol1": -0.5129753681016842, "pol2": -0.7325538796970288, "pol3": 0.9453181705769136, "pol4": -0.2420975961357703, "v0s": 4.056615471791051}, "datetime": {"datetime": "2022-06-16 00:17:47", "elapsed": 252914.786706, "delta": 17.237926}}
{"target": -1.0, "params": {"Bgrad": 0.8961054201479579, "d1": -0.4549452946625592, "d2": -0.532204025160421, "d3": -2.8804821872778996, "d4": -0.8991932596208767, "p1": 24.295267353096424, "p2": 47.82409122611959, "p3": 27.140460399542516, "p4": 0.9395726073513244, "pol1": -0.5296956524365013, "pol2": 0.40702345495129855, "pol3": 0.025482367446747034, "pol4": -0.5853683230888036, "v0s": 6.216259860091148}, "datetime": {"datetime": "2022-06-16 00:18:03", "elapsed": 252930.3152, "delta": 15.528494}}
{"target": -1.0, "params": {"Bgrad": 1.6944476592713653, "d1": -1.9511326306009331, "d2": -2.909310683116375, "d3": 0.8667717255453309, "d4": 0.7282073140565157, "p1": 43.28364089349, "p2": 19.993633556347973, "p3": 43.98884924805394, "p4": 22.700257078172854, "pol1": -0.26478614342285, "pol2": -0.4324315857813672, "pol3": 0.8136748225584085, "pol4": -0.2306380637469918, "v0s": 2.082408485242918}, "datetime": {"datetime": "2022-06-16 00:18:21", "elapsed": 252948.893544, "delta": 18.578344}}
{"target": -1.0, "params": {"Bgrad": 0.929552752862895, "d1": -2.078200886500537, "d2": -2.2053611581727908, "d3": 0.52463594346206, "d4": -1.2178274358785401, "p1": 4.238469138948508, "p2": 25.858807342677427, "p3": 32.18379884206598, "p4": 24.504233916033876, "pol1": -0.1597181955354996, "pol2": 0.7250218072789223, "pol3": -0.5431752289286589, "pol4": 0.040669101621597425, "v0s": 3.0556894963056407}, "datetime": {"datetime": "2022-06-16 00:18:43", "elapsed": 252970.620471, "delta": 21.726927}}
{"target": -1.0, "params": {"Bgrad": 0.8279149653112852, "d1": -2.2144109484066843, "d2": 0.9571639508912342, "d3": 0.3960162965788192, "d4": -2.5774155727370607, "p1": 37.39452818138221, "p2": 39.250673527061814, "p3": 27.230983858050863, "p4": 44.94605028973231, "pol1": 0.8107423427622935, "pol2": -0.9933971616714861, "pol3": -0.2673312735710933, "pol4": -0.6813438996985757, "v0s": 3.8359728632241166}, "datetime": {"datetime": "2022-06-16 00:19:04", "elapsed": 252991.979383, "delta": 21.358912}}
{"target": -1.0, "params": {"Bgrad": 1.6724504122455222, "d1": -1.7211254034444359, "d2": -2.5695116030324443, "d3": -1.257271275034908, "d4": 0.5555106808356975, "p1": 23.18252229680332, "p2": 3.1303768011247515, "p3": 21.7736211649566, "p4": 44.07964185178444, "pol1": 0.9024307244255221, "pol2": -0.7984561907079071, "pol3": 0.4197737751876016, "pol4": 0.582409230759235, "v0s": 7.536041071216665}, "datetime": {"datetime": "2022-06-16 00:19:25", "elapsed": 253012.733909, "delta": 20.754526}}
{"target": -1.0, "params": {"Bgrad": 0.6054099612633557, "d1": -0.9540530973606898, "d2": -1.7710934530249118, "d3": -2.9759187850182602, "d4": 0.1917987481521899, "p1": 35.60020476997578, "p2": 5.105220838423091, "p3": 32.190413405442854, "p4": 40.08857101168539, "pol1": 0.28608738228682884, "pol2": 0.017744101820062808, "pol3": 0.32453565674456253, "pol4": -0.13494946218212212, "v0s": 7.227928836379117}, "datetime": {"datetime": "2022-06-16 00:19:37", "elapsed": 253024.130449, "delta": 11.39654}}
{"target": -1.0, "params": {"Bgrad": 1.0188550233991416, "d1": 0.012901555426667155, "d2": -2.1161142121169525, "d3": -2.2704737773852375, "d4": -2.4336298138730297, "p1": 37.21573416512153, "p2": 28.897139680373453, "p3": 14.278962817891493, "p4": 33.758489761327354, "pol1": 0.8916345860016262, "pol2": -0.10284824737434395, "pol3": 0.6772110310043702, "pol4": -0.5662449013880044, "v0s": 6.193984829793309}, "datetime": {"datetime": "2022-06-16 00:19:53", "elapsed": 253040.64032, "delta": 16.509871}}
{"target": 4.546278316692867, "params": {"Bgrad": 1.7971022022326142, "d1": -2.419511897574448, "d2": 0.5576665592052557, "d3": -1.864783724384147, "d4": 0.16239312195219702, "p1": 41.379622910416316, "p2": 43.724665607195725, "p3": 32.31545475255895, "p4": 13.792751127843367, "pol1": 0.8951300555016608, "pol2": -0.05417605111067747, "pol3": 0.907667132168207, "pol4": -0.11216422277886684, "v0s": 4.546278316692867}, "datetime": {"datetime": "2022-06-16 00:20:07", "elapsed": 253054.678798, "delta": 14.038478}}
{"target": -1.0, "params": {"Bgrad": 1.424983527856855, "d1": -0.8527198046797944, "d2": 0.6151829516055316, "d3": 0.8185545957420279, "d4": -1.3016059573298353, "p1": 7.876254946240807, "p2": 46.24473295556389, "p3": 36.3450989132784, "p4": 41.35610053888035, "pol1": 0.5088496350645981, "pol2": -0.6449847303324436, "pol3": -0.5195037214268126, "pol4": -0.6672809079071815, "v0s": 2.113526945974445}, "datetime": {"datetime": "2022-06-16 00:20:38", "elapsed": 253085.149355, "delta": 30.470557}}
{"target": -1.0, "params": {"Bgrad": 1.6547712782879687, "d1": -0.5658201100376803, "d2": -1.8462241307782485, "d3": -1.2655125266948999, "d4": -2.1722520348909504, "p1": 14.243152443371526, "p2": 23.60192280613974, "p3": 13.744460065821624, "p4": 46.123828403002356, "pol1": -0.07935805356195802, "pol2": 0.8563417333349208, "pol3": -0.6249107486823242, "pol4": -0.5921966302632238, "v0s": 6.335379923045912}, "datetime": {"datetime": "2022-06-16 00:20:54", "elapsed": 253102.046193, "delta": 16.896838}}
{"target": -1.0, "params": {"Bgrad": 1.8253718836892854, "d1": -1.1494249841321653, "d2": -1.6315298040841917, "d3": -0.051252620224944145, "d4": -2.0768871438254033, "p1": 5.078232534511795, "p2": 17.22896144151714, "p3": 9.911013253029576, "p4": 19.096232129058443, "pol1": 0.2727480931585651, "pol2": 0.8485671863005482, "pol3": 0.6364081058293827, "pol4": -0.26369669933079387, "v0s": 4.348009775942925}, "datetime": {"datetime": "2022-06-16 00:21:16", "elapsed": 253123.109893, "delta": 21.0637}}
{"target": -1.0, "params": {"Bgrad": 1.901669355977896, "d1": 0.7271222186399902, "d2": -0.8204902590845231, "d3": 0.8472778670830006, "d4": -1.7664102901080856, "p1": 16.87304864461776, "p2": 18.7502983566314, "p3": 5.8334805086946995, "p4": 3.1051242728915964, "pol1": 0.22742647661993853, "pol2": -0.04752573894997836, "pol3": 0.2923429308581009, "pol4": 0.14866404617081685, "v0s": 3.3462145267093852}, "datetime": {"datetime": "2022-06-16 00:21:39", "elapsed": 253146.442531, "delta": 23.332638}}
{"target": -1.0, "params": {"Bgrad": 1.1818649249959812, "d1": 0.9778850837346749, "d2": -1.3618891462026514, "d3": 0.04226872812068594, "d4": -1.3445195482531145, "p1": 12.967275225378117, "p2": 8.771017409528687, "p3": 27.113115650623065, "p4": 47.14172023822872, "pol1": -0.2382611072100833, "pol2": 0.7792772750862422, "pol3": -0.9482659621265468, "pol4": 0.08174408825386581, "v0s": 3.597155745970022}, "datetime": {"datetime": "2022-06-16 00:22:03", "elapsed": 253170.379549, "delta": 23.937018}}
{"target": -1.0, "params": {"Bgrad": 1.6954802862278413, "d1": -2.1187171434940657, "d2": -2.6999510443754633, "d3": -2.366873791518516, "d4": 0.7034625389471767, "p1": 29.12282332456283, "p2": 7.36917372141595, "p3": 5.6280637216159395, "p4": 1.469122480374535, "pol1": 0.2943433471154304, "pol2": -0.9675364897619363, "pol3": 0.026517802281190717, "pol4": -0.5837286377033959, "v0s": 4.425140728119336}, "datetime": {"datetime": "2022-06-16 00:22:21", "elapsed": 253188.321594, "delta": 17.942045}}
{"target": 4.102510782310823, "params": {"Bgrad": 1.1123928384382995, "d1": -0.6780510836116709, "d2": 0.348972842038588, "d3": -2.3132393465727055, "d4": -2.3999507600552863, "p1": 8.951567746769095, "p2": 7.160690080570586, "p3": 24.417426615040362, "p4": 2.85576522103711, "pol1": 0.848458920988276, "pol2": 0.31420319836651567, "pol3": -0.5071190508519854, "pol4": 0.6292450604528197, "v0s": 4.102510782310823}, "datetime": {"datetime": "2022-06-16 00:22:31", "elapsed": 253198.309896, "delta": 9.988302}}
{"target": 2.7135901950649233, "params": {"Bgrad": 1.9936579417712021, "d1": -0.97186214594453, "d2": -1.027658227768903, "d3": -0.7758759525578975, "d4": 0.4884146068275834, "p1": 37.27798538564745, "p2": 12.55970975580305, "p3": 10.657372180963453, "p4": 5.111682518451427, "pol1": 0.14745460082378226, "pol2": -0.6312819431181067, "pol3": -0.10232522635923313, "pol4": -0.8508468845012873, "v0s": 2.7135901950649233}, "datetime": {"datetime": "2022-06-16 00:22:38", "elapsed": 253205.73904, "delta": 7.429144}}
