{"target": 4.244448493484131, "params": {"Bgrad": 1.9650483004147676, "d1": -2.6951356960355954, "d2": 0.4034546675128518, "d3": -0.297418626251209, "d4": -0.6242651512565774, "p1": 36.11111152425157, "p2": 8.989033086635247, "p3": 8.518641200477557, "p4": 29.991426137428864, "pol1": -0.27569503149129493, "pol2": -0.07446894919522945, "pol3": -1.0, "pol4": 0.24342988238801155, "v0s": 4.244448493484131}, "datetime": {"datetime": "2022-05-16 23:49:38", "elapsed": 14793.786786, "delta": 13.989583}}
{"target": -1.0, "params": {"Bgrad": 1.273924387259107, "d1": -2.980864096635929, "d2": -0.03553014616539674, "d3": -1.8738880761408243, "d4": 0.21844827840145964, "p1": 26.775436159089683, "p2": 11.519915568979583, "p3": 32.99960338298261, "p4": 25.237859768898407, "pol1": -0.8118746241436254, "pol2": 0.4890508168511598, "pol3": 0.5051042367538057, "pol4": -0.6275246742334197, "v0s": 2.0152190428553483}, "datetime": {"datetime": "2022-05-16 23:49:53", "elapsed": 14809.164656, "delta": 15.37787}}
{"target": 5.19275115652557, "params": {"Bgrad": 1.2108268998763474, "d1": -3.0, "d2": 0.8757081513380783, "d3": -1.5433673463160564, "d4": -1.6824037405466699, "p1": 31.715721100154088, "p2": 6.277128254709734, "p3": 8.92050210661468, "p4": 25.015726791629547, "pol1": 0.16840047727639176, "pol2": -1.0, "pol3": 0.4044409214324833, "pol4": -0.8357830993115312, "v0s": 5.19275115652557}, "datetime": {"datetime": "2022-05-16 23:50:10", "elapsed": 14826.219043, "delta": 17.054387}}
{"target": -1.0, "params": {"Bgrad": 0.5336270707951148, "d1": -1.506976434322889, "d2": -0.4534966731432144, "d3": 0.21851000810902343, "d4": -2.244141797629424, "p1": 27.42483534469905, "p2": 10.4647059799655, "p3": 33.61224975523155, "p4": 25.86490279045296, "pol1": 0.5734978105580344, "pol2": -0.3336980952150477, "pol3": -0.8019459531198783, "pol4": -0.488443251834205, "v0s": 4.599490418631864}, "datetime": {"datetime": "2022-05-16 23:50:26", "elapsed": 14841.897109, "delta": 15.678066}}
{"target": 4.050700065147824, "params": {"Bgrad": 1.4766708491855804, "d1": -0.6642175855925889, "d2": -0.3627478943490039, "d3": -2.7289712748763817, "d4": -0.9021033889404473, "p1": 29.546441744805684, "p2": 6.83875735556847, "p3": 39.80761118176101, "p4": 32.841454511839025, "pol1": 0.06993638347251996, "pol2": -0.37252512734270504, "pol3": 0.2618321486365762, "pol4": 0.30759102671969885, "v0s": 4.050700065147824}, "datetime": {"datetime": "2022-05-16 23:50:41", "elapsed": 14857.113411, "delta": 15.216302}}
{"target": 5.525914510827506, "params": {"Bgrad": 2.0, "d1": -3.0, "d2": 0.3694596013381115, "d3": -1.039215800805294, "d4": -0.49688805928404917, "p1": 36.74692091302631, "p2": 8.101604048035956, "p3": 8.406248832045385, "p4": 30.72937873841215, "pol1": 0.42922376118488303, "pol2": 1.0, "pol3": -1.0, "pol4": 0.40348979957581693, "v0s": 5.525914510827506}, "datetime": {"datetime": "2022-05-16 23:50:56", "elapsed": 14871.247607, "delta": 14.134196}}
{"target": 5.488529108983853, "params": {"Bgrad": 1.7729393227364603, "d1": -2.7198844815742977, "d2": -0.5122853076834462, "d3": -0.892912551894014, "d4": -2.5073977298802537, "p1": 8.098130170004797, "p2": 35.62883501768812, "p3": 43.97672773536155, "p4": 32.5705470998548, "pol1": 0.03684923091164016, "pol2": 0.20700953841166547, "pol3": 0.6824973479451093, "pol4": 0.07899009846451244, "v0s": 5.488529108983853}, "datetime": {"datetime": "2022-05-16 23:51:11", "elapsed": 14887.143093, "delta": 15.895486}}
{"target": 4.34721402352219, "params": {"Bgrad": 2.0, "d1": -1.9375629038042825, "d2": 1.0, "d3": -0.6327919067856683, "d4": -2.747821516676006, "p1": 44.72072641988479, "p2": 20.864203542497197, "p3": 24.62503042176205, "p4": 12.550114395400378, "pol1": 0.30120530294199904, "pol2": 0.4998359430740363, "pol3": -0.12277600158063368, "pol4": 0.28517364894781716, "v0s": 4.34721402352219}, "datetime": {"datetime": "2022-05-16 23:51:25", "elapsed": 14900.622042, "delta": 13.478949}}
{"target": 4.144693827340106, "params": {"Bgrad": 1.8341526836651294, "d1": -0.31189604280890304, "d2": 0.7847240554126578, "d3": -1.797411269596239, "d4": -1.2042506225605099, "p1": 1.6629651071270235, "p2": 35.36581863710915, "p3": 33.754478316853145, "p4": 36.21253478522021, "pol1": 0.62429499508311, "pol2": -0.9147240917830766, "pol3": 0.7634422230011171, "pol4": -0.6372888760493443, "v0s": 4.144693827340106}, "datetime": {"datetime": "2022-05-16 23:51:34", "elapsed": 14910.093709, "delta": 9.471667}}
{"target": -1.0, "params": {"Bgrad": 0.6989786227366102, "d1": -2.5868869098995506, "d2": -2.5950908093955376, "d3": 0.9623654077972623, "d4": -2.441894606680419, "p1": 2.8031387406149797, "p2": 36.43738412567416, "p3": 30.61675927787989, "p4": 36.541594267699764, "pol1": 0.0233496828482207, "pol2": -0.30210045272899055, "pol3": -0.40992469270882315, "pol4": -0.2388719691139205, "v0s": 3.8305816940157937}, "datetime": {"datetime": "2022-05-16 23:51:50", "elapsed": 14925.717924, "delta": 15.624215}}
{"target": 5.278386055846151, "params": {"Bgrad": 0.8740782894300951, "d1": -1.8836111045052193, "d2": 1.0, "d3": -1.4666300456240289, "d4": -0.0958056963884955, "p1": 2.998761389285692, "p2": 31.049391985237403, "p3": 16.176629696900577, "p4": 10.941474757107619, "pol1": -1.0, "pol2": -0.8068892913197485, "pol3": 0.010999499007777972, "pol4": 1.0, "v0s": 5.278386055846151}, "datetime": {"datetime": "2022-05-16 23:52:02", "elapsed": 14937.983115, "delta": 12.265191}}
{"target": -1.0, "params": {"Bgrad": 1.6487360038665515, "d1": -1.280963182073179, "d2": 0.8816149204762489, "d3": 0.05268154208198039, "d4": -2.520533386171262, "p1": 7.3825425711124435, "p2": 35.342339917508774, "p3": 38.04320480908688, "p4": 34.28379600093823, "pol1": -0.49138166382256454, "pol2": -0.6498305007659286, "pol3": -0.9219840098480261, "pol4": 0.8513908879119394, "v0s": 4.872122222388963}, "datetime": {"datetime": "2022-05-16 23:52:21", "elapsed": 14956.582369, "delta": 18.599254}}
{"target": -1.0, "params": {"Bgrad": 1.84983406824107, "d1": -0.8340603244875466, "d2": 0.10060005166736241, "d3": -0.4976639116560686, "d4": -1.8543755284559604, "p1": 28.477232253840988, "p2": 31.71755039287742, "p3": 7.1352476961740186, "p4": 43.463526150352536, "pol1": 0.657286401301213, "pol2": 0.036191716343511704, "pol3": -0.8709313754175214, "pol4": 0.4926192253921218, "v0s": 6.5510538777636524}, "datetime": {"datetime": "2022-05-16 23:52:36", "elapsed": 14971.992154, "delta": 15.409785}}
{"target": 3.347739864372856, "params": {"Bgrad": 1.1937545651259172, "d1": -2.2013852206327447, "d2": -0.729882332832406, "d3": 0.8259077148169776, "d4": -0.6494762777761109, "p1": 0.5637623555551752, "p2": 33.170617677070204, "p3": 27.642518279856866, "p4": 37.471753767273455, "pol1": -0.7388522492817051, "pol2": -0.2798226575855629, "pol3": -0.8048654049323443, "pol4": 0.3072555079865793, "v0s": 3.347739864372856}, "datetime": {"datetime": "2022-05-16 23:52:47", "elapsed": 14982.754369, "delta": 10.762215}}
{"target": 4.416383555762259, "params": {"Bgrad": 1.668145772936644, "d1": -1.9250471214031593, "d2": 0.42423391960264295, "d3": -1.4892887191488295, "d4": -1.232433373096508, "p1": 3.6482476303470355, "p2": 33.21148503582372, "p3": 31.12510606516157, "p4": 37.94710226908384, "pol1": 0.25588404127851355, "pol2": 0.41338425203414164, "pol3": -0.05336509315777559, "pol4": -0.22460883478838403, "v0s": 4.416383555762259}, "datetime": {"datetime": "2022-05-16 23:52:59", "elapsed": 14994.743303, "delta": 11.988934}}
{"target": 4.302220076117447, "params": {"Bgrad": 1.0366146663099258, "d1": -0.846501321783852, "d2": 0.8791916970301874, "d3": -0.7650777058916773, "d4": -2.685527870673346, "p1": 44.736486895445445, "p2": 17.945355502783677, "p3": 25.31383196195843, "p4": 12.859264803995163, "pol1": -0.20273890551187734, "pol2": -0.8414388677939588, "pol3": -0.7221511323623917, "pol4": -0.3309468295668043, "v0s": 4.302220076117447}, "datetime": {"datetime": "2022-05-16 23:53:13", "elapsed": 15008.998177, "delta": 14.254874}}
{"target": -1.0, "params": {"Bgrad": 0.9716983277617515, "d1": -2.688999872916533, "d2": -0.4000371131899616, "d3": -2.3134120951696766, "d4": -0.9668593879341696, "p1": 38.81581548587242, "p2": 7.38298055278161, "p3": 8.562541859453326, "p4": 29.6716530674572, "pol1": -0.04940875034074965, "pol2": 0.21316325927264268, "pol3": -0.10070069421807526, "pol4": -0.38738344291854854, "v0s": 5.194057509472197}, "datetime": {"datetime": "2022-05-16 23:53:34", "elapsed": 15029.762639, "delta": 20.764462}}
{"target": 3.370712342499613, "params": {"Bgrad": 0.5, "d1": 0.741350099848174, "d2": -0.4967409191066839, "d3": -1.863429855066622, "d4": -2.905246911601068, "p1": 20.280129811090962, "p2": 5.855365394724801, "p3": 46.68859095508393, "p4": 39.22962613604744, "pol1": 0.41540355434088777, "pol2": 1.0, "pol3": -0.3670771839397318, "pol4": -1.0, "v0s": 3.370712342499613}, "datetime": {"datetime": "2022-05-16 23:53:43", "elapsed": 15038.84036, "delta": 9.077721}}
{"target": -1.0, "params": {"Bgrad": 1.3395243517934494, "d1": 0.26109558846659653, "d2": 0.19079479567237245, "d3": -2.8359124066961647, "d4": -1.5755125175127531, "p1": 28.204678561886627, "p2": 8.537391486727701, "p3": 38.99709209313027, "p4": 30.75111819978071, "pol1": 0.20059142826923163, "pol2": -0.5250889000350113, "pol3": -0.5646723567518462, "pol4": -0.11048601395576713, "v0s": 3.989036559790433}, "datetime": {"datetime": "2022-05-16 23:54:06", "elapsed": 15061.681269, "delta": 22.840909}}
{"target": 2.8822738337135654, "params": {"Bgrad": 0.8114753533442451, "d1": -2.3868538537500146, "d2": -0.13558430711787084, "d3": 0.3010585268609294, "d4": -1.09127753164254, "p1": 38.92237545955504, "p2": 10.412849852679928, "p3": 13.42337225427151, "p4": 29.447279591311908, "pol1": 0.0014903278534219577, "pol2": -0.5145592678002804, "pol3": -0.32641894892245826, "pol4": 0.039673862751657296, "v0s": 2.8822738337135654}, "datetime": {"datetime": "2022-05-16 23:54:18", "elapsed": 15074.081104, "delta": 12.399835}}
{"target": 2.5749001967481746, "params": {"Bgrad": 1.8567454979544242, "d1": -1.3902324401782407, "d2": -0.09643000420254433, "d3": -1.047373778507232, "d4": -2.6063139906782453, "p1": 11.910580721790359, "p2": 16.268092657653337, "p3": 4.505107787241208, "p4": 30.577845117675963, "pol1": 0.21437729190733412, "pol2": 0.6464087097198989, "pol3": -0.3107570303066618, "pol4": 0.9887692255852725, "v0s": 2.5749001967481746}, "datetime": {"datetime": "2022-05-16 23:54:26", "elapsed": 15081.707706, "delta": 7.626602}}
{"target": 3.9491394276472156, "params": {"Bgrad": 0.7181880816196664, "d1": -1.1183052230758719, "d2": -0.07473421921084977, "d3": -2.398037351497454, "d4": -0.4382596679708093, "p1": 6.3118745843105115, "p2": 33.49082847475685, "p3": 27.972958213694305, "p4": 36.599684765727304, "pol1": 0.8507598271986074, "pol2": -0.01629478878309598, "pol3": 0.509674866378109, "pol4": -0.015273296294860073, "v0s": 3.9491394276472156}, "datetime": {"datetime": "2022-05-16 23:54:34", "elapsed": 15090.022466, "delta": 8.31476}}
{"target": 4.528517430397676, "params": {"Bgrad": 0.5, "d1": -0.9982359554560583, "d2": 1.0, "d3": -1.2710045261680571, "d4": -1.4492674377794161, "p1": 45.18138950111509, "p2": 26.738448170486674, "p3": 22.022015112680545, "p4": 30.343247025919123, "pol1": 1.0, "pol2": 1.0, "pol3": 1.0, "pol4": -0.3077586915448381, "v0s": 4.528517430397676}, "datetime": {"datetime": "2022-05-16 23:54:46", "elapsed": 15102.01539, "delta": 11.992924}}
{"target": 2.8477591965314994, "params": {"Bgrad": 1.1000847801561104, "d1": -2.324911604685691, "d2": -0.11061338889765837, "d3": -2.6628251712772815, "d4": -1.5027716958757344, "p1": 30.446370222284173, "p2": 12.712127611787682, "p3": 37.44832720295375, "p4": 25.794644922070336, "pol1": 0.6320277146473572, "pol2": 0.3222047112056934, "pol3": -0.2973432835564951, "pol4": -0.0736730921226545, "v0s": 2.8477591965314994}, "datetime": {"datetime": "2022-05-16 23:54:56", "elapsed": 15111.897958, "delta": 9.882568}}
{"target": -1.0, "params": {"Bgrad": 1.506412929185711, "d1": -1.9621141452948643, "d2": -0.022974551200248605, "d3": -2.422819113698376, "d4": -2.659505303639717, "p1": 32.18979507602906, "p2": 4.0159294479128915, "p3": 9.223267345393694, "p4": 25.192790530309168, "pol1": -0.7122399832151429, "pol2": 0.11546561883446227, "pol3": 0.5504476205394924, "pol4": -0.5166583801228695, "v0s": 5.833089174741475}, "datetime": {"datetime": "2022-05-16 23:55:14", "elapsed": 15130.181057, "delta": 18.283099}}
{"target": 5.358266943718812, "params": {"Bgrad": 2.0, "d1": -2.8163048480250006, "d2": 0.6578208175819051, "d3": -1.1063633583171875, "d4": 0.15746815137486297, "p1": 35.994738435453755, "p2": 8.58865018165248, "p3": 9.135671200083726, "p4": 30.696301369259523, "pol1": 0.6994377534598266, "pol2": 1.0, "pol3": -1.0, "pol4": 1.0, "v0s": 5.358266943718812}, "datetime": {"datetime": "2022-05-16 23:55:28", "elapsed": 15143.498438, "delta": 13.317381}}
{"target": 3.9946670714409773, "params": {"Bgrad": 1.887469555766039, "d1": -1.4670716879932821, "d2": -0.1741228505371537, "d3": -1.8813744876136882, "d4": -2.680554778417194, "p1": 2.117550511398947, "p2": 31.415763197521905, "p3": 30.68531113880874, "p4": 37.74455378242806, "pol1": 0.9687967507626003, "pol2": -0.46079167547402355, "pol3": 0.7319798106099471, "pol4": -0.09923883301631231, "v0s": 3.9946670714409773}, "datetime": {"datetime": "2022-05-16 23:55:36", "elapsed": 15152.043583, "delta": 8.545145}}
{"target": 4.470155702807831, "params": {"Bgrad": 1.4881032865333617, "d1": -0.3010470994878318, "d2": 0.021148561141638655, "d3": -1.3177724402971247, "d4": 0.041913008259775175, "p1": 1.974972379415918, "p2": 35.54617110211563, "p3": 27.147478778431523, "p4": 37.447880378615814, "pol1": 0.3079271697473205, "pol2": -0.6862183976978293, "pol3": -0.8655426241683482, "pol4": -0.0984743047367318, "v0s": 4.470155702807831}, "datetime": {"datetime": "2022-05-16 23:55:50", "elapsed": 15166.067076, "delta": 14.023493}}
{"target": -1.0, "params": {"Bgrad": 0.637781542252873, "d1": -0.013485004600446882, "d2": -0.6360954786609145, "d3": 0.78088134027234, "d4": -1.1112669654205711, "p1": 2.2925969935012835, "p2": 32.989007790618345, "p3": 28.858946076664466, "p4": 38.153652585793644, "pol1": 0.819068631396749, "pol2": 0.0556193533121494, "pol3": -0.6710366561075016, "pol4": -0.8049963117111825, "v0s": 4.729959999292213}, "datetime": {"datetime": "2022-05-16 23:56:03", "elapsed": 15178.858863, "delta": 12.791787}}
{"target": 4.163776728266231, "params": {"Bgrad": 1.6746015056991428, "d1": -3.0, "d2": 1.0, "d3": -0.8876365823036341, "d4": -2.9205029418432638, "p1": 42.978146091759804, "p2": 24.364218036934243, "p3": 17.34280857036869, "p4": 13.817130065052604, "pol1": 0.14992302068843386, "pol2": 0.17473608234027296, "pol3": 0.900467264999913, "pol4": 1.0, "v0s": 4.163776728266231}, "datetime": {"datetime": "2022-05-16 23:56:14", "elapsed": 15189.729787, "delta": 10.870924}}
{"target": -1.0, "params": {"Bgrad": 1.9653558571213454, "d1": -0.7088326148575987, "d2": -0.4314839951588505, "d3": -1.2731301691377435, "d4": -2.1405029140952965, "p1": 2.9569385337895215, "p2": 33.761169827895024, "p3": 31.276320772293282, "p4": 36.648262659777, "pol1": -0.2661158809487858, "pol2": -0.8254403375848356, "pol3": 0.4797442230923856, "pol4": -0.22405260779977065, "v0s": 6.719509544370472}, "datetime": {"datetime": "2022-05-16 23:56:32", "elapsed": 15207.596999, "delta": 17.867212}}
{"target": 4.601712800787891, "params": {"Bgrad": 1.9540008488884406, "d1": -1.590262572846444, "d2": 0.03163054209665385, "d3": -1.5045356486790302, "d4": -2.5927315126378034, "p1": 27.111967351922996, "p2": 9.02495260664428, "p3": 37.15917702570066, "p4": 29.564895719764095, "pol1": 0.4358928586494413, "pol2": -0.22273050989414023, "pol3": 0.251692507728304, "pol4": 0.7258851548306163, "v0s": 4.601712800787891}, "datetime": {"datetime": "2022-05-16 23:56:43", "elapsed": 15218.970579, "delta": 11.37358}}
{"target": 4.2847814102984305, "params": {"Bgrad": 1.030884564929473, "d1": -2.4684174818176277, "d2": 0.5928335055713738, "d3": -1.004555319294309, "d4": -1.9109808798858348, "p1": 4.639085873423049, "p2": 34.188359044921576, "p3": 32.70951798828614, "p4": 35.09218210290319, "pol1": 0.17446257442448698, "pol2": -0.7439970261322038, "pol3": -0.6837347083802177, "pol4": -0.8630283803839884, "v0s": 4.2847814102984305}, "datetime": {"datetime": "2022-05-16 23:56:56", "elapsed": 15231.370414, "delta": 12.399835}}
{"target": -1.0, "params": {"Bgrad": 1.3466774011366076, "d1": -2.336619671925325, "d2": -1.3344873503125587, "d3": -2.151528847181341, "d4": -1.7097679073966927, "p1": 3.0855514526666794, "p2": 30.72152271209972, "p3": 29.824598424649135, "p4": 35.170589272018596, "pol1": 0.96248995970391, "pol2": 0.6436779287051224, "pol3": -0.9710322530269435, "pol4": -0.02610185042103086, "v0s": 3.9436111245550514}, "datetime": {"datetime": "2022-05-16 23:57:15", "elapsed": 15250.628904, "delta": 19.25849}}
{"target": -1.0, "params": {"Bgrad": 1.3473170173627906, "d1": -2.0104749748480213, "d2": 0.5263225830438616, "d3": -2.005849088162149, "d4": 0.2624966318995843, "p1": 6.778750442000031, "p2": 34.34647690352746, "p3": 29.519740062032024, "p4": 39.10302083990699, "pol1": -0.7838033309890877, "pol2": 0.020122907576904048, "pol3": 0.5552710686121334, "pol4": -0.31768771505047333, "v0s": 7.946246850865741}, "datetime": {"datetime": "2022-05-16 23:57:29", "elapsed": 15265.082247, "delta": 14.453343}}
{"target": 4.189237569684109, "params": {"Bgrad": 0.5, "d1": -1.4136743690811098, "d2": 0.4508811208511091, "d3": -2.146689421001459, "d4": -3.0, "p1": 11.065748052255566, "p2": 17.32806827746593, "p3": 6.076027843193012, "p4": 28.87729445529325, "pol1": 0.025973072137493693, "pol2": -0.5561227817716761, "pol3": -0.33157225865426787, "pol4": 0.9831386602498159, "v0s": 4.189237569684109}, "datetime": {"datetime": "2022-05-16 23:57:42", "elapsed": 15277.380354, "delta": 12.298107}}
{"target": 3.5468230449293676, "params": {"Bgrad": 0.5660468706216286, "d1": -2.699779026245366, "d2": 0.8468350362254378, "d3": -2.1836565196896323, "d4": -2.2800351709449203, "p1": 47.168554376839325, "p2": 18.74959543473699, "p3": 27.029109782301187, "p4": 10.091486683964796, "pol1": 0.6189438747854203, "pol2": -0.6920970714052699, "pol3": -0.6836370927694446, "pol4": -0.013998051406987733, "v0s": 3.5468230449293676}, "datetime": {"datetime": "2022-05-16 23:57:52", "elapsed": 15287.582069, "delta": 10.201715}}
{"target": -1.0, "params": {"Bgrad": 1.3237867224640454, "d1": -0.4897794009645349, "d2": -1.7081741054326378, "d3": -0.5454832355814156, "d4": -1.7764533805948552, "p1": 8.472006989688092, "p2": 36.928286165762245, "p3": 47.67597824922669, "p4": 31.35377163291071, "pol1": -0.17162355225017123, "pol2": -0.231755002912015, "pol3": 0.5389809404421961, "pol4": 0.1894922847340461, "v0s": 5.272905184798725}, "datetime": {"datetime": "2022-05-16 23:58:07", "elapsed": 15302.695646, "delta": 15.113577}}
{"target": 4.3632422344628825, "params": {"Bgrad": 1.9668656663156836, "d1": -2.8696129934754055, "d2": 1.0, "d3": -0.6775135361497168, "d4": -2.509685137125039, "p1": 42.13447539384654, "p2": 22.807585719531698, "p3": 16.87916013331807, "p4": 13.906709771950139, "pol1": 0.11491718966610269, "pol2": -0.2894955715637737, "pol3": 1.0, "pol4": -0.41748432242039185, "v0s": 4.3632422344628825}, "datetime": {"datetime": "2022-05-16 23:58:17", "elapsed": 15313.202544, "delta": 10.506898}}
{"target": 3.4229908502362907, "params": {"Bgrad": 1.1718053979763472, "d1": -1.0672540247887707, "d2": 0.1330486063938796, "d3": -2.5845441821844855, "d4": -0.5878570273361459, "p1": 3.5334098699646654, "p2": 34.279688842662374, "p3": 33.929335033550586, "p4": 40.96308303225342, "pol1": -0.9096928908057846, "pol2": -0.42629784040335106, "pol3": 0.39808497854427327, "pol4": 0.8362011135503995, "v0s": 3.4229908502362907}, "datetime": {"datetime": "2022-05-16 23:58:30", "elapsed": 15326.118004, "delta": 12.91546}}
{"target": 4.788223885959426, "params": {"Bgrad": 1.7145265622049357, "d1": -2.0215113224535384, "d2": 0.8643959912611852, "d3": -1.7385375505009242, "d4": -0.5358964637720608, "p1": 2.421447099522344, "p2": 33.18159695288698, "p3": 29.240395805118037, "p4": 37.91697857585238, "pol1": -0.06902558101733401, "pol2": 0.04144224232314124, "pol3": 0.2489727002246069, "pol4": -0.4728248572767195, "v0s": 4.788223885959426}, "datetime": {"datetime": "2022-05-16 23:58:42", "elapsed": 15337.249228, "delta": 11.131224}}
{"target": -1.0, "params": {"Bgrad": 0.7525213368445554, "d1": -1.7776688299478476, "d2": -0.9516608197006229, "d3": -1.6595661793796448, "d4": -1.0066858025220107, "p1": 3.0872475221032314, "p2": 33.582016716841906, "p3": 33.39087795140093, "p4": 39.318049342369505, "pol1": 0.38342405280882774, "pol2": 0.1590478878442263, "pol3": 0.15501090642644488, "pol4": -0.34513620355996744, "v0s": 5.389867316208203}, "datetime": {"datetime": "2022-05-16 23:58:57", "elapsed": 15353.093849, "delta": 15.844621}}
{"target": 2.973320917359314, "params": {"Bgrad": 0.7804920425313344, "d1": -1.990808004881945, "d2": -1.2407450400541777, "d3": -2.4049345942001614, "d4": -1.6257589668682484, "p1": 10.453693196903513, "p2": 16.158294769806357, "p3": 6.11307454231031, "p4": 30.19484663807061, "pol1": -0.3394478087716526, "pol2": 0.6057969944455668, "pol3": -0.21471964842729485, "pol4": -0.1505603617629434, "v0s": 2.973320917359314}, "datetime": {"datetime": "2022-05-16 23:59:09", "elapsed": 15364.875338, "delta": 11.781489}}
