{"target": 24.0, "params": {"det_1": 104.55607270430477, "det_2": 14.919186855766748, "laseroff": 461645.4813842731, "laseron": 206048.90464987696, "main_det": 16.852195003967594, "pr_1": 2.4422963724494156, "pr_2": 8.842115645713982}, "datetime": {"datetime": "2021-12-27 04:22:36", "elapsed": 0.0, "delta": 0.0}}
{"target": 10.0, "params": {"det_1": 72.73875931979262, "det_2": 21.761687754460056, "laseroff": 425192.0234053357, "laseron": 228613.66664938477, "main_det": 11.403869385952337, "pr_1": 2.3819641463063483, "pr_2": 8.107073402417598}, "datetime": {"datetime": "2021-12-27 04:33:35", "elapsed": 658.783782, "delta": 658.783782}}
{"target": 21.0, "params": {"det_1": 166.82615757193975, "det_2": 12.835604453981071, "laseroff": 507697.09237817855, "laseron": 280004.70927540713, "main_det": 18.946066635038473, "pr_1": 1.30792000801289, "pr_2": 0.8710204407123825}, "datetime": {"datetime": "2021-12-27 04:48:18", "elapsed": 1542.391407, "delta": 883.607625}}
{"target": 22.0, "params": {"det_1": 86.98304195645689, "det_2": 26.953562585735327, "laseroff": 329504.9518030812, "laseron": 206358.36942081724, "main_det": 19.57889530150502, "pr_1": 5.565070207243663, "pr_2": 7.072832582529497}, "datetime": {"datetime": "2021-12-27 05:07:59", "elapsed": 2722.798457, "delta": 1180.40705}}
{"target": 9.0, "params": {"det_1": 101.5515631006063, "det_2": 22.162523192039593, "laseroff": 550387.8669435399, "laseron": 141198.31174319648, "main_det": 17.501443149449674, "pr_1": 9.8941803446117, "pr_2": 7.607573716608474}, "datetime": {"datetime": "2021-12-27 05:21:57", "elapsed": 3561.181802, "delta": 838.383345}}
{"target": 19.0, "params": {"det_1": 146.5186263119211, "det_2": 7.737938117598828, "laseroff": 456594.6004312142, "laseron": 262510.53924338834, "main_det": 16.87139173260462, "pr_1": 1.7633246370763251, "pr_2": 2.4182838996703504}, "datetime": {"datetime": "2021-12-27 05:35:54", "elapsed": 4397.649455, "delta": 836.467653}}
{"target": 10.0, "params": {"det_1": 166.49405050630827, "det_2": 6.6574914553185796, "laseroff": 315670.8431576838, "laseron": 237162.68026410803, "main_det": 15.790623075468524, "pr_1": 8.677154820297211, "pr_2": 4.325059097771048}, "datetime": {"datetime": "2021-12-27 05:49:25", "elapsed": 5209.449791, "delta": 811.800336}}
{"target": 7.0, "params": {"det_1": 121.64457414979762, "det_2": 21.835815871865567, "laseroff": 467008.7415930798, "laseron": 218267.54310706595, "main_det": 13.998902132760314, "pr_1": 5.936889946090949, "pr_2": 5.26140479412744}, "datetime": {"datetime": "2021-12-27 06:01:50", "elapsed": 5953.769916, "delta": 744.320125}}
{"target": 6.0, "params": {"det_1": 110.3890125919745, "det_2": 25.697439535258226, "laseroff": 456882.1501416901, "laseron": 201360.93483584656, "main_det": 12.35611374398485, "pr_1": 4.528460805068348, "pr_2": 8.352982782620945}, "datetime": {"datetime": "2021-12-27 06:13:10", "elapsed": 6634.338388, "delta": 680.568472}}
{"target": 6.0, "params": {"det_1": 163.8792372027851, "det_2": 15.040560711996473, "laseroff": 461086.4435244836, "laseron": 206795.1213328141, "main_det": 18.015035223036243, "pr_1": 1.236640101372363, "pr_2": 4.759510774180764}, "datetime": {"datetime": "2021-12-27 06:26:48", "elapsed": 7451.70015, "delta": 817.361762}}
{"target": 0.0, "params": {"det_1": 162.509884677212, "det_2": 25.954813328379032, "laseroff": 302276.4227178997, "laseron": 282889.2260129475, "main_det": 10.053662707439653, "pr_1": 5.333063133786502, "pr_2": 4.722731585278923}, "datetime": {"datetime": "2021-12-27 06:36:11", "elapsed": 8015.467341, "delta": 563.767191}}
{"target": 3.0, "params": {"det_1": 168.19296810910865, "det_2": 9.951464003179218, "laseroff": 578764.4778416427, "laseron": 205423.31987755324, "main_det": 14.044550181657595, "pr_1": 0.6530267268271608, "pr_2": 7.916095951831473}, "datetime": {"datetime": "2021-12-27 06:50:11", "elapsed": 8855.157402, "delta": 839.690061}}
{"target": 3.0, "params": {"det_1": 132.88733772297846, "det_2": 25.715751274921203, "laseroff": 486901.18663518503, "laseron": 191619.90921239124, "main_det": 12.94086150637661, "pr_1": 1.3644983176453593, "pr_2": 0.6300079348689491}, "datetime": {"datetime": "2021-12-27 07:02:17", "elapsed": 9580.499519, "delta": 725.342117}}
{"target": 28.0, "params": {"det_1": 116.53158654819931, "det_2": 10.890775087558234, "laseroff": 357603.7848831526, "laseron": 153897.56725748244, "main_det": 19.277063430110857, "pr_1": 4.57606239373632, "pr_2": 6.165593763468909}, "datetime": {"datetime": "2021-12-27 07:21:04", "elapsed": 10708.265113, "delta": 1127.765594}}
{"target": 11.0, "params": {"det_1": 152.60301439197605, "det_2": 24.436809981102154, "laseroff": 515202.794962093, "laseron": 259769.56165719207, "main_det": 18.587303246801568, "pr_1": 0.5641631101726555, "pr_2": 7.217552464640853}, "datetime": {"datetime": "2021-12-27 07:34:51", "elapsed": 11535.464384, "delta": 827.199271}}
{"target": 24.0, "params": {"det_1": 98.04439920644052, "det_2": 24.73198321128721, "laseroff": 330968.69874728605, "laseron": 210691.25679421442, "main_det": 19.085955030930954, "pr_1": 3.289334409549955, "pr_2": 3.233865716570313}, "datetime": {"datetime": "2021-12-27 07:53:53", "elapsed": 12676.496446, "delta": 1141.032062}}
{"target": 6.0, "params": {"det_1": 83.00285721182777, "det_2": 5.484173946757426, "laseroff": 503650.9810464344, "laseron": 172472.96404416955, "main_det": 12.655466593722263, "pr_1": 5.169945013163214, "pr_2": 1.0069441786122637}, "datetime": {"datetime": "2021-12-27 08:05:29", "elapsed": 13373.462351, "delta": 696.965905}}
{"target": 5.0, "params": {"det_1": 127.4117605492013, "det_2": 8.668214372645254, "laseroff": 476792.0717654484, "laseron": 251432.91231698584, "main_det": 11.023344288278258, "pr_1": 4.433531884285899, "pr_2": 7.096801498413578}, "datetime": {"datetime": "2021-12-27 08:16:14", "elapsed": 14018.453322, "delta": 644.990971}}
{"target": 20.0, "params": {"det_1": 111.41792695269027, "det_2": 6.2488364736521795, "laseroff": 460769.38587824756, "laseron": 245615.42181075303, "main_det": 15.148891120583086, "pr_1": 9.473650181912726, "pr_2": 6.072272884768933}, "datetime": {"datetime": "2021-12-27 08:28:59", "elapsed": 14782.647402, "delta": 764.19408}}
{"target": 7.0, "params": {"det_1": 160.34019152878835, "det_2": 8.436867603655937, "laseroff": 341783.7648988803, "laseron": 268843.6148616526, "main_det": 13.976768369855336, "pr_1": 2.070864872610861, "pr_2": 9.311331513762322}, "datetime": {"datetime": "2021-12-27 08:41:39", "elapsed": 15543.062674, "delta": 760.415272}}
{"target": 15.0, "params": {"det_1": 104.77658597455066, "det_2": 23.77030257840389, "laseroff": 517799.6696071501, "laseron": 281123.5933134518, "main_det": 16.23672207055609, "pr_1": 7.633953123259703, "pr_2": 3.814534248789504}, "datetime": {"datetime": "2021-12-27 08:57:47", "elapsed": 16511.057178, "delta": 967.994504}}
{"target": 19.0, "params": {"det_1": 96.99278917650261, "det_2": 27.39715545490167, "laseroff": 428427.9288701986, "laseron": 294312.52602672286, "main_det": 16.63441497818448, "pr_1": 6.406109341986657, "pr_2": 1.5900867430570642}, "datetime": {"datetime": "2021-12-27 09:11:41", "elapsed": 17344.612225, "delta": 833.555047}}
{"target": 3.0, "params": {"det_1": 164.94892587070711, "det_2": 16.247803336998516, "laseroff": 473517.30592652515, "laseron": 204260.20921466482, "main_det": 12.370269802430277, "pr_1": 9.08210544534141, "pr_2": 5.949955123386715}, "datetime": {"datetime": "2021-12-27 09:24:06", "elapsed": 18089.725026, "delta": 745.112801}}
{"target": 25.0, "params": {"det_1": 70.2870327031159, "det_2": 20.428622840518095, "laseroff": 397994.14388672705, "laseron": 223496.91862119088, "main_det": 18.859420993107747, "pr_1": 3.8940627200237476, "pr_2": 9.131083933738092}, "datetime": {"datetime": "2021-12-27 09:41:08", "elapsed": 19111.533689, "delta": 1021.808663}}
{"target": 20.0, "params": {"det_1": 132.33601157918028, "det_2": 5.395531071163907, "laseroff": 578831.2406858946, "laseron": 249999.4853775376, "main_det": 19.973228504514807, "pr_1": 2.1372348292806214, "pr_2": 1.8027896214743386}, "datetime": {"datetime": "2021-12-27 09:54:57", "elapsed": 19940.870339, "delta": 829.33665}}
{"target": 7.0, "params": {"det_1": 152.78248995952413, "det_2": 19.785306266938143, "laseroff": 484106.7336055301, "laseron": 227082.247855154, "main_det": 15.980183315428572, "pr_1": 6.564950977356865, "pr_2": 3.7807821088501234}, "datetime": {"datetime": "2021-12-27 10:08:24", "elapsed": 20748.397449, "delta": 807.52711}}
{"target": 9.0, "params": {"det_1": 83.70069521429068, "det_2": 29.827447155388104, "laseroff": 390214.49496208, "laseron": 247725.4215134339, "main_det": 11.266670639225413, "pr_1": 7.354857393808941, "pr_2": 1.2476268560283685}, "datetime": {"datetime": "2021-12-27 10:19:49", "elapsed": 21432.557368, "delta": 684.159919}}
{"target": 7.0, "params": {"det_1": 129.9956507062524, "det_2": 11.458051688144096, "laseroff": 555153.7459719644, "laseron": 224289.85470924963, "main_det": 13.370434869393675, "pr_1": 8.774677886321673, "pr_2": 6.269464074618332}, "datetime": {"datetime": "2021-12-27 10:32:32", "elapsed": 22196.108872, "delta": 763.551504}}
{"target": 25.0, "params": {"det_1": 71.89856351743836, "det_2": 26.567608843050724, "laseroff": 428181.3079892165, "laseron": 169879.6344517428, "main_det": 16.811884268301434, "pr_1": 4.432359832494052, "pr_2": 4.1115528553019445}, "datetime": {"datetime": "2021-12-27 10:47:22", "elapsed": 23086.017159, "delta": 889.908287}}
{"target": 15.0, "params": {"det_1": 93.71726539285198, "det_2": 16.90236737732824, "laseroff": 384670.2353127656, "laseron": 291559.2705258674, "main_det": 19.015692725238644, "pr_1": 8.730689746542465, "pr_2": 8.235044736610906}, "datetime": {"datetime": "2021-12-27 11:03:45", "elapsed": 24069.007092, "delta": 982.989933}}
{"target": 7.0, "params": {"det_1": 115.3937579982429, "det_2": 26.77741338619096, "laseroff": 434137.7932968026, "laseron": 152016.35215783978, "main_det": 10.685131927413167, "pr_1": 7.419806677619781, "pr_2": 7.233649178487154}, "datetime": {"datetime": "2021-12-27 11:14:52", "elapsed": 24735.973247, "delta": 666.966155}}
{"target": 30.0, "params": {"det_1": 96.22434561859045, "det_2": 15.482231288112553, "laseroff": 398845.9685114464, "laseron": 162426.83781029694, "main_det": 19.434382715500604, "pr_1": 1.2983134215897505, "pr_2": 5.531458066690437}, "datetime": {"datetime": "2021-12-27 11:31:48", "elapsed": 25751.539802, "delta": 1015.566555}}
{"target": 22.0, "params": {"det_1": 92.39637662950776, "det_2": 29.173565798115998, "laseroff": 460323.4785963767, "laseron": 259302.37347050547, "main_det": 18.32086068744723, "pr_1": 3.423016784614778, "pr_2": 5.7674291731136496}, "datetime": {"datetime": "2021-12-28 19:18:52", "elapsed": 0.0, "delta": 0.0}}
{"target": 22.0, "params": {"det_1": 92.39637662950776, "det_2": 29.173565798115998, "laseroff": 460323.4785963767, "laseron": 259302.37347050547, "main_det": 18.32086068744723, "pr_1": 3.423016784614778, "pr_2": 5.7674291731136496}, "datetime": {"datetime": "2021-12-28 19:18:52", "elapsed": 0.000997, "delta": 0.000997}}
{"target": 22.0, "params": {"det_1": 92.39637662950776, "det_2": 29.173565798115998, "laseroff": 460323.4785963767, "laseron": 259302.37347050547, "main_det": 18.32086068744723, "pr_1": 3.423016784614778, "pr_2": 5.7674291731136496}, "datetime": {"datetime": "2021-12-28 19:18:52", "elapsed": 0.000997, "delta": 0.0}}
{"target": 22.0, "params": {"det_1": 92.39637662950776, "det_2": 29.173565798115998, "laseroff": 460323.4785963767, "laseron": 259302.37347050547, "main_det": 18.32086068744723, "pr_1": 3.423016784614778, "pr_2": 5.7674291731136496}, "datetime": {"datetime": "2021-12-28 19:18:52", "elapsed": 0.001996, "delta": 0.000999}}
{"target": 22.0, "params": {"det_1": 92.39637662950776, "det_2": 29.173565798115998, "laseroff": 460323.4785963767, "laseron": 259302.37347050547, "main_det": 18.32086068744723, "pr_1": 3.423016784614778, "pr_2": 5.7674291731136496}, "datetime": {"datetime": "2021-12-28 19:18:52", "elapsed": 0.001996, "delta": 0.0}}
{"target": 22.0, "params": {"det_1": 92.39637662950776, "det_2": 29.173565798115998, "laseroff": 460323.4785963767, "laseron": 259302.37347050547, "main_det": 18.32086068744723, "pr_1": 3.423016784614778, "pr_2": 5.7674291731136496}, "datetime": {"datetime": "2021-12-28 23:24:47", "elapsed": 14755.412825, "delta": 14755.410829}}
{"target": 22.0, "params": {"det_1": 92.39637662950776, "det_2": 29.173565798115998, "laseroff": 460323.4785963767, "laseron": 259302.37347050547, "main_det": 18.32086068744723, "pr_1": 3.423016784614778, "pr_2": 5.7674291731136496}, "datetime": {"datetime": "2021-12-28 23:24:47", "elapsed": 14755.4143, "delta": 0.001475}}
{"target": 22.0, "params": {"det_1": 92.39637662950776, "det_2": 29.173565798115998, "laseroff": 460323.4785963767, "laseron": 259302.37347050547, "main_det": 18.32086068744723, "pr_1": 3.423016784614778, "pr_2": 5.7674291731136496}, "datetime": {"datetime": "2021-12-28 23:24:47", "elapsed": 14755.415817, "delta": 0.001517}}
{"target": 22.0, "params": {"det_1": 92.39637662950776, "det_2": 29.173565798115998, "laseroff": 460323.4785963767, "laseron": 259302.37347050547, "main_det": 18.32086068744723, "pr_1": 3.423016784614778, "pr_2": 5.7674291731136496}, "datetime": {"datetime": "2021-12-28 23:24:47", "elapsed": 14755.417895, "delta": 0.002078}}
{"target": 22.0, "params": {"det_1": 92.39637662950776, "det_2": 29.173565798115998, "laseroff": 460323.4785963767, "laseron": 259302.37347050547, "main_det": 18.32086068744723, "pr_1": 3.423016784614778, "pr_2": 5.7674291731136496}, "datetime": {"datetime": "2021-12-28 23:24:47", "elapsed": 14755.419806, "delta": 0.001911}}
{"target": 22.0, "params": {"det_1": 92.39637662950776, "det_2": 29.173565798115998, "laseroff": 460323.4785963767, "laseron": 259302.37347050547, "main_det": 18.32086068744723, "pr_1": 3.423016784614778, "pr_2": 5.7674291731136496}, "datetime": {"datetime": "2021-12-28 23:27:24", "elapsed": 14912.794958, "delta": 157.375152}}
{"target": 22.0, "params": {"det_1": 92.39637662950776, "det_2": 29.173565798115998, "laseroff": 460323.4785963767, "laseron": 259302.37347050547, "main_det": 18.32086068744723, "pr_1": 3.423016784614778, "pr_2": 5.7674291731136496}, "datetime": {"datetime": "2021-12-28 23:27:24", "elapsed": 0.0, "delta": 0.0}}
{"target": 22.0, "params": {"det_1": 92.39637662950776, "det_2": 29.173565798115998, "laseroff": 460323.4785963767, "laseron": 259302.37347050547, "main_det": 18.32086068744723, "pr_1": 3.423016784614778, "pr_2": 5.7674291731136496}, "datetime": {"datetime": "2021-12-28 23:27:24", "elapsed": 14912.79887, "delta": 0.003912}}
{"target": 22.0, "params": {"det_1": 92.39637662950776, "det_2": 29.173565798115998, "laseroff": 460323.4785963767, "laseron": 259302.37347050547, "main_det": 18.32086068744723, "pr_1": 3.423016784614778, "pr_2": 5.7674291731136496}, "datetime": {"datetime": "2021-12-28 23:27:24", "elapsed": 0.004046, "delta": 0.004046}}
{"target": 22.0, "params": {"det_1": 92.39637662950776, "det_2": 29.173565798115998, "laseroff": 460323.4785963767, "laseron": 259302.37347050547, "main_det": 18.32086068744723, "pr_1": 3.423016784614778, "pr_2": 5.7674291731136496}, "datetime": {"datetime": "2021-12-28 23:27:24", "elapsed": 14912.801847, "delta": 0.002977}}
{"target": 22.0, "params": {"det_1": 92.39637662950776, "det_2": 29.173565798115998, "laseroff": 460323.4785963767, "laseron": 259302.37347050547, "main_det": 18.32086068744723, "pr_1": 3.423016784614778, "pr_2": 5.7674291731136496}, "datetime": {"datetime": "2021-12-28 23:27:24", "elapsed": 0.006918, "delta": 0.002872}}
{"target": 22.0, "params": {"det_1": 92.39637662950776, "det_2": 29.173565798115998, "laseroff": 460323.4785963767, "laseron": 259302.37347050547, "main_det": 18.32086068744723, "pr_1": 3.423016784614778, "pr_2": 5.7674291731136496}, "datetime": {"datetime": "2021-12-28 23:27:24", "elapsed": 14912.805794, "delta": 0.003947}}
{"target": 22.0, "params": {"det_1": 92.39637662950776, "det_2": 29.173565798115998, "laseroff": 460323.4785963767, "laseron": 259302.37347050547, "main_det": 18.32086068744723, "pr_1": 3.423016784614778, "pr_2": 5.7674291731136496}, "datetime": {"datetime": "2021-12-28 23:27:24", "elapsed": 0.009948, "delta": 0.00303}}
{"target": 22.0, "params": {"det_1": 92.39637662950776, "det_2": 29.173565798115998, "laseroff": 460323.4785963767, "laseron": 259302.37347050547, "main_det": 18.32086068744723, "pr_1": 3.423016784614778, "pr_2": 5.7674291731136496}, "datetime": {"datetime": "2021-12-28 23:27:24", "elapsed": 14912.808782, "delta": 0.002988}}
{"target": 22.0, "params": {"det_1": 92.39637662950776, "det_2": 29.173565798115998, "laseroff": 460323.4785963767, "laseron": 259302.37347050547, "main_det": 18.32086068744723, "pr_1": 3.423016784614778, "pr_2": 5.7674291731136496}, "datetime": {"datetime": "2021-12-28 23:27:24", "elapsed": 0.013058, "delta": 0.00311}}
{"target": 20.0, "params": {"det_1": 97.60700081327128, "det_2": 30.0, "laseroff": 460328.6832621596, "laseron": 259307.57813628833, "main_det": 20.0, "pr_1": 10.0, "pr_2": 10.0}, "datetime": {"datetime": "2021-12-29 00:33:56", "elapsed": 0.0, "delta": 0.0}}
{"target": 20.0, "params": {"det_1": 97.60700081327128, "det_2": 30.0, "laseroff": 460328.6832621596, "laseron": 259307.57813628833, "main_det": 20.0, "pr_1": 10.0, "pr_2": 10.0}, "datetime": {"datetime": "2021-12-29 00:33:56", "elapsed": 0.000999, "delta": 0.000999}}
{"target": 20.0, "params": {"det_1": 97.60700081327128, "det_2": 30.0, "laseroff": 460328.6832621596, "laseron": 259307.57813628833, "main_det": 20.0, "pr_1": 10.0, "pr_2": 10.0}, "datetime": {"datetime": "2021-12-29 00:33:56", "elapsed": 0.001997, "delta": 0.000998}}
{"target": 20.0, "params": {"det_1": 97.60700081327128, "det_2": 30.0, "laseroff": 460328.6832621596, "laseron": 259307.57813628833, "main_det": 20.0, "pr_1": 10.0, "pr_2": 10.0}, "datetime": {"datetime": "2021-12-29 00:33:56", "elapsed": 0.001997, "delta": 0.0}}
{"target": 20.0, "params": {"det_1": 97.60700081327128, "det_2": 30.0, "laseroff": 460328.6832621596, "laseron": 259307.57813628833, "main_det": 20.0, "pr_1": 10.0, "pr_2": 10.0}, "datetime": {"datetime": "2021-12-29 00:33:56", "elapsed": 0.002996, "delta": 0.000999}}
{"target": 7.0, "params": {"det_1": 133.6475170816478, "det_2": 5.0, "laseroff": 456607.56155312737, "laseron": 262611.286778785, "main_det": 10.0, "pr_1": 0.5, "pr_2": 0.5}, "datetime": {"datetime": "2021-12-29 00:47:05", "elapsed": 788.576606, "delta": 788.57361}}
{"target": 10.0, "params": {"det_1": 95.36288015558321, "det_2": 8.632052147911, "laseroff": 384452.94011019607, "laseron": 291402.24326252704, "main_det": 14.62373848843962, "pr_1": 8.753391003712613, "pr_2": 9.840407465355522}, "datetime": {"datetime": "2021-12-29 01:02:43", "elapsed": 1726.323131, "delta": 937.746525}}
{"target": 26.0, "params": {"det_1": 78.44730029442488, "det_2": 19.752755230700664, "laseroff": 357522.8342113167, "laseron": 153865.0244974842, "main_det": 18.12791914406491, "pr_1": 0.5280488004555219, "pr_2": 4.119960832000986}, "datetime": {"datetime": "2021-12-29 01:23:16", "elapsed": 2959.333868, "delta": 1233.010737}}
{"target": 17.0, "params": {"det_1": 94.71057712216816, "det_2": 17.001873108160623, "laseroff": 397773.1866281122, "laseron": 223524.8192358847, "main_det": 13.271616659209414, "pr_1": 2.714378651334475, "pr_2": 8.078562675912487}, "datetime": {"datetime": "2021-12-29 01:38:10", "elapsed": 3853.312899, "delta": 893.979031}}
{"target": 24.0, "params": {"det_1": 96.44373142533884, "det_2": 13.712084682116158, "laseroff": 428168.55033113214, "laseron": 170092.3887283676, "main_det": 18.568693842073536, "pr_1": 5.955031219449479, "pr_2": 5.641935913431679}, "datetime": {"datetime": "2021-12-29 01:58:07", "elapsed": 5051.081581, "delta": 1197.768682}}
{"target": 15.0, "params": {"det_1": 92.62139555760324, "det_2": 6.233810308238143, "laseroff": 428414.89737495495, "laseron": 293683.8883732805, "main_det": 19.626220230960975, "pr_1": 8.638625455573276, "pr_2": 3.877491388854376}, "datetime": {"datetime": "2021-12-29 02:16:04", "elapsed": 6127.361497, "delta": 1076.279916}}
{"target": 24.0, "params": {"det_1": 121.77320552314907, "det_2": 19.262704343008345, "laseroff": 397917.27322959737, "laseron": 223016.07525666914, "main_det": 15.247742377729402, "pr_1": 5.744256773189467, "pr_2": 1.1504392936443641}, "datetime": {"datetime": "2021-12-29 02:32:06", "elapsed": 7089.27074, "delta": 961.909243}}
{"target": 5.0, "params": {"det_1": 101.4044388071006, "det_2": 25.21907401726419, "laseroff": 507835.83221211995, "laseron": 279787.34417253267, "main_det": 12.999018168228847, "pr_1": 7.392210025835639, "pr_2": 6.716015778727148}, "datetime": {"datetime": "2021-12-29 02:46:58", "elapsed": 7981.612603, "delta": 892.341863}}
{"target": 28.0, "params": {"det_1": 129.0532690442217, "det_2": 30.0, "laseroff": 357537.2437762961, "laseron": 153944.21085066965, "main_det": 20.0, "pr_1": 10.0, "pr_2": 10.0}, "datetime": {"datetime": "2021-12-29 03:09:41", "elapsed": 9344.220859, "delta": 1362.608256}}
{"target": 6.0, "params": {"det_1": 127.20320345674548, "det_2": 6.465517566956382, "laseroff": 445436.30057219986, "laseron": 210972.8595888236, "main_det": 11.124393036203099, "pr_1": 7.811166432522984, "pr_2": 5.787828189588048}, "datetime": {"datetime": "2021-12-29 03:21:27", "elapsed": 10050.481919, "delta": 706.26106}}
{"target": 6.0, "params": {"det_1": 127.20320345674548, "det_2": 6.465517566956382, "laseroff": 445436.30057219986, "laseron": 210972.8595888236, "main_det": 11.124393036203099, "pr_1": 7.811166432522984, "pr_2": 5.787828189588048}, "datetime": {"datetime": "2021-12-29 03:21:27", "elapsed": 10050.510685, "delta": 0.028766}}
