{"target": -1.0, "params": {"Bgrad": 1.3660476643308306, "d1": -0.5138752113381071, "d2": 0.798823157340899, "d3": -0.08700668684751456, "d4": -2.231185872572842, "p1": 29.55103074276738, "p2": 21.419380958176216, "p3": 39.60626205692462, "p4": 49.40049632864367, "pol1": -0.8567231694009085, "pol2": 0.7226837665871826, "pol3": -0.497275865399603, "pol4": -0.5621954428482734, "v0s": 2.312361300711685}, "datetime": {"datetime": "2022-04-30 02:10:07", "elapsed": 124720.256171, "delta": 77.551641}}
{"target": -1.0, "params": {"Bgrad": 1.1767460436329, "d1": -2.052498074985472, "d2": 0.6094697408890197, "d3": 0.6341219495247281, "d4": 0.7850542642056868, "p1": 4.450841804198058, "p2": 2.6608696309424307, "p3": 39.629822245007624, "p4": 47.77964078005841, "pol1": -0.6132456370390822, "pol2": -0.18123202236311675, "pol3": 0.4712308604883486, "pol4": 0.9370706658839576, "v0s": 4.631079619120735}, "datetime": {"datetime": "2022-04-30 02:10:43", "elapsed": 124756.394544, "delta": 36.138373}}
{"target": 4.161712518594452, "params": {"Bgrad": 1.425374394801451, "d1": -1.8501703298138208, "d2": 0.2784798168743615, "d3": -1.8970778401597646, "d4": -2.099468091523253, "p1": 36.749937337119675, "p2": 10.278319533466014, "p3": 9.250049171578516, "p4": 26.280762897984776, "pol1": -0.9634893457963657, "pol2": -0.779108619005896, "pol3": 0.6620147497956479, "pol4": -0.007423645257999654, "v0s": 4.161712518594452}, "datetime": {"datetime": "2022-04-30 02:11:32", "elapsed": 124804.815077, "delta": 48.420533}}
{"target": -1.0, "params": {"Bgrad": 0.5716015675116949, "d1": -2.35997737140277, "d2": 0.46254921656986525, "d3": -0.7007746253361451, "d4": -1.237266913469918, "p1": 18.99558575148311, "p2": 15.668953809362629, "p3": 29.52146744642411, "p4": 34.92684455265046, "pol1": -0.19445156133259434, "pol2": -0.6461240593119735, "pol3": 0.27816134811148396, "pol4": 0.2619684839475036, "v0s": 5.979119399406912}, "datetime": {"datetime": "2022-04-30 02:12:20", "elapsed": 124853.282484, "delta": 48.467407}}
{"target": 3.0663456042719064, "params": {"Bgrad": 1.6447904430479705, "d1": -1.722181533200538, "d2": 0.4220575096074066, "d3": -1.0669349746983956, "d4": -1.3335267259621435, "p1": 44.47309755637533, "p2": 36.902356831148104, "p3": 18.542199255925198, "p4": 26.867111703646778, "pol1": -0.14197164761757716, "pol2": 0.48686278259099136, "pol3": -0.0009711377806042978, "pol4": 0.02870487404708672, "v0s": 3.0663456042719064}, "datetime": {"datetime": "2022-04-30 02:12:51", "elapsed": 124883.659262, "delta": 30.376778}}
{"target": 3.549494209597326, "params": {"Bgrad": 1.0901272787683314, "d1": -1.4702711065999745, "d2": 0.622340592901542, "d3": -2.333898319257493, "d4": -1.3071104459966594, "p1": 24.286866585869422, "p2": 25.72191393109543, "p3": 11.072016118840095, "p4": 36.148659977361355, "pol1": -0.02119744780535826, "pol2": 0.02840705018284506, "pol3": 0.0997951101223773, "pol4": 0.8426416388389093, "v0s": 3.549494209597326}, "datetime": {"datetime": "2022-04-30 02:13:19", "elapsed": 124911.741175, "delta": 28.081913}}
{"target": -1.0, "params": {"Bgrad": 1.1369963327213521, "d1": -1.7500032081357269, "d2": 0.15046602333702452, "d3": -0.9629297897777249, "d4": 0.9753455788421532, "p1": 31.49610592750277, "p2": 6.6274949841094, "p3": 7.844462478334707, "p4": 25.912021866168537, "pol1": -0.6139210384982505, "pol2": 0.3773393319890661, "pol3": 0.09433001318962653, "pol4": 0.8357914583498343, "v0s": 3.183741708771943}, "datetime": {"datetime": "2022-04-30 02:13:59", "elapsed": 124952.496204, "delta": 40.755029}}
{"target": -1.0, "params": {"Bgrad": 1.4401568275289691, "d1": -2.6316002088748642, "d2": -1.7093137001875678, "d3": -1.3910814472161626, "d4": -1.0664876465602777, "p1": 20.92697081818926, "p2": 25.126648090313168, "p3": 8.455445285984059, "p4": 34.10729416438534, "pol1": -0.31142719588237333, "pol2": -0.12663560002059326, "pol3": 0.8030150625024368, "pol4": 0.13396680516647375, "v0s": 6.070948471801081}, "datetime": {"datetime": "2022-04-30 02:14:50", "elapsed": 125003.134807, "delta": 50.638603}}
{"target": -1.0, "params": {"Bgrad": 1.6785664133002798, "d1": -0.4131638745366848, "d2": -0.317375733265568, "d3": -0.9127615359501187, "d4": -2.3079313995441004, "p1": 1.6797145906117916, "p2": 32.817890531130075, "p3": 11.552855709426273, "p4": 21.46735248359758, "pol1": 0.5505415384848873, "pol2": 0.7836003309842543, "pol3": -0.1495806121621852, "pol4": 0.21521307732221207, "v0s": 4.6812251919689025}, "datetime": {"datetime": "2022-04-30 02:15:24", "elapsed": 125036.755909, "delta": 33.621102}}
{"target": 4.509831401747349, "params": {"Bgrad": 0.7475515750017754, "d1": -2.4482766026914673, "d2": -2.7143512672077468, "d3": -0.40713341735332165, "d4": -2.6627946654612087, "p1": 1.2846531618747417, "p2": 24.782256214188983, "p3": 16.45142005639118, "p4": 41.57128682108689, "pol1": -0.2615779135595341, "pol2": 0.2355119904719217, "pol3": 0.057452346111358306, "pol4": 0.26629280000377176, "v0s": 4.509831401747349}, "datetime": {"datetime": "2022-04-30 02:15:50", "elapsed": 125062.948874, "delta": 26.192965}}
{"target": 3.297909829012954, "params": {"Bgrad": 1.4949498146760742, "d1": -1.445116064465191, "d2": 0.05620728707278877, "d3": -1.551476567527947, "d4": -2.7013304536398914, "p1": 28.921067264702288, "p2": 47.59229880565932, "p3": 23.431492663549353, "p4": 28.04147785103058, "pol1": -0.5846065887881096, "pol2": 0.26776352891410715, "pol3": 0.6091524758353857, "pol4": -0.05287465776851996, "v0s": 3.297909829012954}, "datetime": {"datetime": "2022-04-30 02:16:36", "elapsed": 125109.237107, "delta": 46.288233}}
{"target": -1.0, "params": {"Bgrad": 1.1731973796897273, "d1": -0.6931945869304199, "d2": -0.26103331573650257, "d3": -2.4098502644163173, "d4": -2.5060006625685114, "p1": 6.937258232717874, "p2": 0.22321843349940584, "p3": 38.76532241606983, "p4": 45.83325889739436, "pol1": -0.6786516165253873, "pol2": -0.2077661809161908, "pol3": -0.5859145472489862, "pol4": 0.7485674793966439, "v0s": 3.7381630085339106}, "datetime": {"datetime": "2022-04-30 02:17:05", "elapsed": 125138.262499, "delta": 29.025392}}
{"target": 2.564035530988199, "params": {"Bgrad": 1.6797768238257997, "d1": -1.378972952514462, "d2": 0.7267842936518525, "d3": -1.889780995669053, "d4": -1.5612052356413622, "p1": 41.64043150363984, "p2": 24.002925131795777, "p3": 44.04197011939257, "p4": 49.03355958586228, "pol1": -0.2578549502319478, "pol2": 0.8510652436100499, "pol3": 0.7094185107262714, "pol4": -0.4730265245059948, "v0s": 2.564035530988199}, "datetime": {"datetime": "2022-04-30 02:17:32", "elapsed": 125165.13365, "delta": 26.871151}}
{"target": 5.661523451969853, "params": {"Bgrad": 1.8540608176089706, "d1": -2.496880664103092, "d2": 0.3218622268622618, "d3": -0.558463038880667, "d4": -0.9968563369636215, "p1": 8.129235903363927, "p2": 33.3062235468221, "p3": 23.10910337681598, "p4": 44.31477204034443, "pol1": -0.16636978373541678, "pol2": 0.005662565582479048, "pol3": -0.47985529295389673, "pol4": 0.9472905878587147, "v0s": 5.661523451969853}, "datetime": {"datetime": "2022-04-30 02:18:11", "elapsed": 125203.545943, "delta": 38.412293}}
{"target": -1.0, "params": {"Bgrad": 0.6015985603161842, "d1": -1.8485706406389149, "d2": 0.17220119331767947, "d3": -2.149484590908359, "d4": -1.3784239283286674, "p1": 24.605322013298437, "p2": 27.510067068006823, "p3": 11.596929475663837, "p4": 38.08660443452306, "pol1": 0.9464108775185052, "pol2": 0.010245919424048733, "pol3": 0.7047503934172066, "pol4": 0.5401056432067446, "v0s": 2.3981964263960074}, "datetime": {"datetime": "2022-04-30 02:19:10", "elapsed": 125262.827435, "delta": 59.281492}}
{"target": -1.0, "params": {"Bgrad": 1.952847695309815, "d1": -0.7137809189773971, "d2": -0.1466562149304611, "d3": 0.3444707842152406, "d4": -1.5982341145465715, "p1": 2.4467631328880635, "p2": 31.70266424572512, "p3": 11.644136261763599, "p4": 21.58000093155688, "pol1": 0.1368097518920932, "pol2": 0.4075694806680592, "pol3": -0.6988068954323381, "pol4": -0.06904191341503108, "v0s": 2.7517751050554704}, "datetime": {"datetime": "2022-04-30 02:19:43", "elapsed": 125295.608784, "delta": 32.781349}}
{"target": 3.0230403825149805, "params": {"Bgrad": 1.4303192420081237, "d1": -1.253787271758858, "d2": 0.5119539216478959, "d3": -1.0607952665885358, "d4": -1.5773243381830713, "p1": 39.721810383108114, "p2": 24.92770350182144, "p3": 44.77484148053337, "p4": 47.80632772761027, "pol1": -0.2048130591717332, "pol2": 0.55934821772771, "pol3": -0.8625566571969641, "pol4": -0.8731414669661735, "v0s": 3.0230403825149805}, "datetime": {"datetime": "2022-04-30 02:20:20", "elapsed": 125333.049674, "delta": 37.44089}}
{"target": -1.0, "params": {"Bgrad": 1.1501132879876215, "d1": -1.9235554809712858, "d2": -0.05379873982954342, "d3": -0.7540363853389471, "d4": 0.7309475639928076, "p1": 48.21512578853947, "p2": 25.83464191940133, "p3": 22.475691340309524, "p4": 4.76777792988371, "pol1": -0.6679320955400707, "pol2": -0.5490731388640449, "pol3": -0.24052503618769205, "pol4": 0.6444697088092743, "v0s": 4.82802706438239}, "datetime": {"datetime": "2022-04-30 02:21:07", "elapsed": 125380.421011, "delta": 47.371337}}
{"target": -1.0, "params": {"Bgrad": 1.048943671592598, "d1": -0.7900743446782559, "d2": -0.34214454128697636, "d3": 0.13744676793993316, "d4": -0.6196144331664564, "p1": 20.655295362488484, "p2": 23.952649842011702, "p3": 42.40858148157672, "p4": 45.904868409123814, "pol1": -0.658103853808955, "pol2": -0.5904597845089457, "pol3": 0.8823482564106366, "pol4": 0.9468051255051291, "v0s": 4.365500389393908}, "datetime": {"datetime": "2022-04-30 02:21:39", "elapsed": 125411.673448, "delta": 31.252437}}
{"target": 2.4470060024724773, "params": {"Bgrad": 0.75179179956571, "d1": -2.285660541288252, "d2": 0.5366306607770983, "d3": -0.7876187239198075, "d4": 0.7628859407060709, "p1": 14.218961756160434, "p2": 7.976854829836354, "p3": 46.80616037962341, "p4": 24.002688269048193, "pol1": -0.03939432236601066, "pol2": 0.9555028931412824, "pol3": 1.0, "pol4": 0.8348555475068274, "v0s": 2.4470060024724773}, "datetime": {"datetime": "2022-04-30 02:22:16", "elapsed": 125448.691468, "delta": 37.01802}}
{"target": -1.0, "params": {"Bgrad": 1.203412606169662, "d1": -1.8210544647097766, "d2": -0.6760680888539641, "d3": -1.0980958465202928, "d4": -0.8522863651098636, "p1": 31.639990260986423, "p2": 26.913017666755472, "p3": 9.371803325979961, "p4": 6.393096215925653, "pol1": 0.13358531408475915, "pol2": 0.3851441686650159, "pol3": -0.04783969349378214, "pol4": 0.34540045924776264, "v0s": 4.307195400718413}, "datetime": {"datetime": "2022-04-30 02:23:20", "elapsed": 125512.7831, "delta": 64.091632}}
{"target": -1.0, "params": {"Bgrad": 1.199375389812308, "d1": -1.1641434235947279, "d2": -0.45337079657172996, "d3": -1.0274290116857392, "d4": -1.5265649448560792, "p1": 40.192174263883054, "p2": 43.79549299032158, "p3": 31.267038307737966, "p4": 34.515102513565225, "pol1": -0.13107028396661935, "pol2": 0.23149280536668715, "pol3": 0.5638920032177197, "pol4": -0.9785054510973159, "v0s": 5.357327041541648}, "datetime": {"datetime": "2022-04-30 02:23:53", "elapsed": 125545.539515, "delta": 32.756415}}
{"target": 4.4098179826854285, "params": {"Bgrad": 1.3975929133768308, "d1": -2.439593308482503, "d2": 0.22759314679449094, "d3": -1.1818709564177607, "d4": -0.8003242760839397, "p1": 0.6033998926406716, "p2": 33.12723640267076, "p3": 17.04613727741601, "p4": 11.081555619033512, "pol1": 0.7816705041560083, "pol2": 0.7156214936957548, "pol3": 0.3236949794104466, "pol4": -0.48772594157422094, "v0s": 4.4098179826854285}, "datetime": {"datetime": "2022-04-30 02:24:22", "elapsed": 125575.325871, "delta": 29.786356}}
{"target": 4.341670157855034, "params": {"Bgrad": 1.2802342726013731, "d1": -1.5361531407856641, "d2": 0.05627728988991754, "d3": -1.7296383475276298, "d4": -1.5311231193149335, "p1": 7.762052612611248, "p2": 35.1715887559332, "p3": 36.34209220794955, "p4": 35.80622605763319, "pol1": -0.08335644763354577, "pol2": 0.9306034603153264, "pol3": 0.34418359970402546, "pol4": 0.3294385271061533, "v0s": 4.341670157855034}, "datetime": {"datetime": "2022-04-30 02:24:49", "elapsed": 125602.457326, "delta": 27.131455}}
{"target": 4.520229386981275, "params": {"Bgrad": 0.6800817668917056, "d1": -2.375729732440903, "d2": -2.5770072249847646, "d3": -0.21939755946363682, "d4": -2.615838038527868, "p1": 1.4274571562549567, "p2": 24.402808323121075, "p3": 16.609951362488847, "p4": 41.16957755099669, "pol1": 0.114589828675596, "pol2": -0.4821345462889782, "pol3": 0.13827967996736407, "pol4": 0.23297024629675844, "v0s": 4.520229386981275}, "datetime": {"datetime": "2022-04-30 02:25:27", "elapsed": 125640.391896, "delta": 37.93457}}
{"target": -1.0, "params": {"Bgrad": 1.431873581863683, "d1": -0.6789672102186817, "d2": -0.8611264433939994, "d3": -1.805699155642027, "d4": -1.045567736619386, "p1": 4.076258991969933, "p2": 1.8699440392563105, "p3": 39.84571761225562, "p4": 47.76368091545735, "pol1": -0.5144965614932129, "pol2": 0.0953965054364796, "pol3": -0.6461093760731966, "pol4": -0.7429254196013777, "v0s": 4.178489784437937}, "datetime": {"datetime": "2022-04-30 02:26:01", "elapsed": 125674.460802, "delta": 34.068906}}
{"target": -1.0, "params": {"Bgrad": 0.9469581853728095, "d1": -0.47250560022622423, "d2": -1.6867712145783855, "d3": -2.7391584609009993, "d4": -0.5734203707937127, "p1": 5.403662871100368, "p2": 2.232906296579401, "p3": 29.452174572294957, "p4": 12.121907618456746, "pol1": 0.6794038286877484, "pol2": 0.3167910011324131, "pol3": -0.32785991216217725, "pol4": 0.3115925207260395, "v0s": 3.1008089424099645}, "datetime": {"datetime": "2022-04-30 02:26:56", "elapsed": 125729.040865, "delta": 54.580063}}
{"target": -1.0, "params": {"Bgrad": 1.7664300134295332, "d1": -0.9352738445837576, "d2": -0.3808212973909817, "d3": -1.2462587790748332, "d4": -2.400583595779287, "p1": 0.10552241444991006, "p2": 16.998676451616586, "p3": 12.850333771687433, "p4": 4.602580235203252, "pol1": 0.2253478751460125, "pol2": -0.9394575020514506, "pol3": -0.2941223810261495, "pol4": -0.10138174818954826, "v0s": 6.205701114321136}, "datetime": {"datetime": "2022-04-30 02:27:56", "elapsed": 125789.156128, "delta": 60.115263}}
{"target": 4.462379174586945, "params": {"Bgrad": 1.0731705660121653, "d1": -1.4920356543040336, "d2": 0.3359787241081014, "d3": -1.7667849160587525, "d4": -0.5451605853277004, "p1": 9.819136458392437, "p2": 38.035508400163295, "p3": 32.91154881413784, "p4": 9.808226904099913, "pol1": -0.4782337670648234, "pol2": -0.03666929437461137, "pol3": 0.3519897317782298, "pol4": -0.445363392294244, "v0s": 4.462379174586945}, "datetime": {"datetime": "2022-04-30 02:28:19", "elapsed": 125812.230431, "delta": 23.074303}}
{"target": -1.0, "params": {"Bgrad": 1.3049562399992378, "d1": -0.5558266720437293, "d2": -0.07101749852248052, "d3": -1.2272316631815992, "d4": -0.5684830897272817, "p1": 2.4123211417125425, "p2": 30.228981041344284, "p3": 26.41749078898477, "p4": 23.447600189284536, "pol1": 0.16082293174968387, "pol2": -0.3663758378399755, "pol3": 0.3042317283425704, "pol4": -0.542465270735542, "v0s": 3.0035070331674505}, "datetime": {"datetime": "2022-04-30 02:29:00", "elapsed": 125852.766047, "delta": 40.535616}}
{"target": -1.0, "params": {"Bgrad": 1.5377698579194745, "d1": 0.3524582892659036, "d2": -1.115211151865502, "d3": -1.7303406051049643, "d4": -2.9554955569554298, "p1": 23.782959262226704, "p2": 5.714985874182288, "p3": 31.551365435708778, "p4": 29.23403961093514, "pol1": -0.03710998317447012, "pol2": -0.1890586169989632, "pol3": -0.5072584652482823, "pol4": -0.507791952709906, "v0s": 2.317478370328554}, "datetime": {"datetime": "2022-04-30 02:29:27", "elapsed": 125879.98028, "delta": 27.214233}}
{"target": 3.900136722224641, "params": {"Bgrad": 1.9320595289415252, "d1": -1.7380497114380926, "d2": 0.6808002055418267, "d3": -1.3740584739850759, "d4": 0.4721584798627312, "p1": 48.197950811939606, "p2": 24.955375117092494, "p3": 20.76090797018874, "p4": 3.073447227014614, "pol1": -0.3599659479315611, "pol2": 0.2669518787796201, "pol3": 0.43649161962350624, "pol4": -0.5034739339770649, "v0s": 3.900136722224641}, "datetime": {"datetime": "2022-04-30 02:30:17", "elapsed": 125930.342621, "delta": 50.362341}}
{"target": -1.0, "params": {"Bgrad": 1.8111804327877166, "d1": -1.18798229647957, "d2": 0.10337130510791814, "d3": -0.5788842342538549, "d4": 0.18780349902516447, "p1": 41.644386468002196, "p2": 44.423263432913956, "p3": 31.593566644601744, "p4": 13.631245855368418, "pol1": 0.28914606066021253, "pol2": -0.8238087534933103, "pol3": -0.2775488989897408, "pol4": -0.596152801028633, "v0s": 5.348818487454389}, "datetime": {"datetime": "2022-04-30 02:30:53", "elapsed": 125966.196753, "delta": 35.854132}}
{"target": -1.0, "params": {"Bgrad": 0.6770364473604552, "d1": -1.8843775450914888, "d2": -0.05383538979648446, "d3": -0.1220091314793414, "d4": -1.2606859743955638, "p1": 16.27554210568684, "p2": 16.11165241381782, "p3": 31.02323272985607, "p4": 35.682964142532, "pol1": -0.33129913732300464, "pol2": -0.2159225233398718, "pol3": 0.06110023459816176, "pol4": 0.8771150543887247, "v0s": 5.792749156822519}, "datetime": {"datetime": "2022-04-30 02:31:25", "elapsed": 125998.014678, "delta": 31.817925}}
{"target": -1.0, "params": {"Bgrad": 1.3356520685563573, "d1": -2.926855858157288, "d2": 0.061912888569462865, "d3": -0.9896454148486935, "d4": -0.6948797285521189, "p1": 30.908019517154546, "p2": 46.09570115554899, "p3": 24.73920267445727, "p4": 28.135318982696127, "pol1": 0.6723272336394903, "pol2": 0.7079902813506089, "pol3": -0.7332780614384213, "pol4": -0.5709616988240191, "v0s": 5.2298515632811755}, "datetime": {"datetime": "2022-04-30 02:32:49", "elapsed": 126081.843535, "delta": 83.828857}}
{"target": -1.0, "params": {"Bgrad": 1.811016504386422, "d1": -0.6775231003344642, "d2": -0.9181717276933772, "d3": -1.9315844924064125, "d4": -2.0347844703177693, "p1": 0.35434295290761586, "p2": 32.00197145858118, "p3": 17.12897558841148, "p4": 9.277957170536034, "pol1": -0.37414357302684964, "pol2": -0.5155473157372918, "pol3": 0.40145155209877514, "pol4": 0.12600664216772883, "v0s": 4.75626472673291}, "datetime": {"datetime": "2022-04-30 02:33:47", "elapsed": 126139.969118, "delta": 58.125583}}
{"target": 2.075428050906082, "params": {"Bgrad": 1.0687628483918012, "d1": -2.464595766284572, "d2": -0.12451990519665256, "d3": -1.3980881918760586, "d4": 0.21196207710565013, "p1": 34.70089494256632, "p2": 9.940174859732966, "p3": 36.99193062182917, "p4": 23.38592565718961, "pol1": -0.9887396174808156, "pol2": 0.6149657211716396, "pol3": -0.1890568290910077, "pol4": 1.0, "v0s": 2.075428050906082}, "datetime": {"datetime": "2022-04-30 02:34:16", "elapsed": 126168.541721, "delta": 28.572603}}
{"target": -1.0, "params": {"Bgrad": 1.1566605376693866, "d1": -2.908875167527715, "d2": -1.2313381803101664, "d3": 0.38706827468409255, "d4": 0.4071685257369628, "p1": 13.763436876008567, "p2": 38.31535354257692, "p3": 20.164163892238363, "p4": 5.917271214345282, "pol1": 0.6548601616263467, "pol2": 0.8548686466421676, "pol3": 0.46530608107293503, "pol4": -0.2677038292547542, "v0s": 6.428576289219437}, "datetime": {"datetime": "2022-04-30 02:35:01", "elapsed": 126214.21061, "delta": 45.668889}}
{"target": -1.0, "params": {"Bgrad": 2.0, "d1": 0.520513158491679, "d2": -0.937269805891278, "d3": -0.8306306393663057, "d4": -0.5645248854013744, "p1": 26.125087173161475, "p2": 21.52875364817769, "p3": 35.2750580286188, "p4": 8.495555587371348, "pol1": 0.046186010020308255, "pol2": -0.08608777414841637, "pol3": 0.7043819318301096, "pol4": 0.7265977476429685, "v0s": 2.4249044963425663}, "datetime": {"datetime": "2022-04-30 02:36:13", "elapsed": 126285.896933, "delta": 71.686323}}
{"target": -1.0, "params": {"Bgrad": 0.6277807439855643, "d1": -1.4157744303473976, "d2": 0.7007314734005234, "d3": 0.2602645910656185, "d4": -0.08573208974045032, "p1": 4.344969961567674, "p2": 6.157102468147063, "p3": 24.157773563704332, "p4": 15.841419370797711, "pol1": -0.729382696605648, "pol2": 0.7698881295786766, "pol3": -0.08935117009242122, "pol4": -0.5486479887714908, "v0s": 6.534656793762366}, "datetime": {"datetime": "2022-04-30 02:36:43", "elapsed": 126315.645392, "delta": 29.748459}}
{"target": 3.4717800322494137, "params": {"Bgrad": 1.2250474553968207, "d1": -0.5587690970887964, "d2": -0.2605921894992272, "d3": -2.005019611029836, "d4": -0.17119539618790824, "p1": 43.93304289992915, "p2": 24.98401815008899, "p3": 22.891441835501713, "p4": 4.1567831951240946, "pol1": -0.35960114116265646, "pol2": -0.130149521580423, "pol3": -0.20256136964670024, "pol4": 0.3273745159289362, "v0s": 3.4717800322494137}, "datetime": {"datetime": "2022-04-30 02:37:19", "elapsed": 126352.428042, "delta": 36.78265}}
{"target": 2.6658132420412946, "params": {"Bgrad": 0.7101235397243763, "d1": -0.16911604676812875, "d2": -0.3526899718777612, "d3": -1.6721368428510806, "d4": 0.701943391345841, "p1": 16.31374323777117, "p2": 13.154979356770014, "p3": 29.088017258550515, "p4": 33.776129754378935, "pol1": -0.7328057165570425, "pol2": 0.42012143204244934, "pol3": -0.8691217646810048, "pol4": 0.7290966184693284, "v0s": 2.6658132420412946}, "datetime": {"datetime": "2022-04-30 02:38:16", "elapsed": 126409.107492, "delta": 56.67945}}
{"target": -1.0, "params": {"Bgrad": 0.589429242062121, "d1": -0.5454025681403469, "d2": -0.8914303427315269, "d3": -1.0672276473256712, "d4": -1.451808150589042, "p1": 8.329796269867451, "p2": 7.082797176047134, "p3": 28.057515302868985, "p4": 9.015325674758124, "pol1": -0.30636952406426654, "pol2": 0.524986870784858, "pol3": 0.028545228607454565, "pol4": -0.29539418729926115, "v0s": 3.5176970504688123}, "datetime": {"datetime": "2022-04-30 02:38:55", "elapsed": 126448.117186, "delta": 39.009694}}
