{"target": -1.0, "params": {"Bgrad": 1.002863486960255, "d1": -2.1154229870163257, "d2": -3.0, "d3": -3.0, "d4": -3.0, "p1": 25.307695794885916, "p2": 31.79006195572436, "p3": 43.70373147601851, "p4": 46.836725722117045, "pol1": 0.24344691973208948, "pol2": 0.829325868172808, "pol3": 0.2626335252068282, "pol4": 0.49559908813743, "v0s": 5.107652416251254}, "datetime": {"datetime": "2022-05-17 22:53:30", "elapsed": 97825.520204, "delta": 51.762555}}
{"target": 4.936691013667938, "params": {"Bgrad": 2.0, "d1": -2.4947213060521465, "d2": 0.8791728519729564, "d3": -2.659384302065544, "d4": -0.6377238481402324, "p1": 8.289840708278104, "p2": 31.15112912673271, "p3": 40.713998303176524, "p4": 31.58342509387862, "pol1": -0.23086853493789997, "pol2": 1.0, "pol3": -0.23056868968171434, "pol4": -0.6357959148706565, "v0s": 4.936691013667938}, "datetime": {"datetime": "2022-05-17 22:54:19", "elapsed": 97874.26483, "delta": 48.744626}}
{"target": 5.171624739849165, "params": {"Bgrad": 1.0010742256579792, "d1": -2.2208474945965664, "d2": 1.0, "d3": -1.437301532124224, "d4": -0.9923898038295343, "p1": 30.323127824590557, "p2": 15.420556039591995, "p3": 31.589738158439445, "p4": 27.239058551289784, "pol1": -0.19214478583792538, "pol2": -0.5126211325494746, "pol3": -1.0, "pol4": -0.11007088848700831, "v0s": 5.171624739849165}, "datetime": {"datetime": "2022-05-17 22:55:18", "elapsed": 97933.909304, "delta": 59.644474}}
{"target": 4.275410593465633, "params": {"Bgrad": 1.7095730959863955, "d1": -0.9879995116309241, "d2": 0.9232165162545436, "d3": -1.4490220379596295, "d4": -0.3570669210046442, "p1": 8.085108280692932, "p2": 24.511975504691065, "p3": 46.23774455334305, "p4": 22.74545838102709, "pol1": -0.29636977703045986, "pol2": -0.3567278851044391, "pol3": -0.687755499260317, "pol4": 0.3748248153196192, "v0s": 4.275410593465633}, "datetime": {"datetime": "2022-05-17 22:56:03", "elapsed": 97978.489069, "delta": 44.579765}}
{"target": 3.067719094824143, "params": {"Bgrad": 0.9727666209787879, "d1": -1.671175807528052, "d2": 0.02918364409390262, "d3": 0.08278201105324386, "d4": 0.36161206162741916, "p1": 6.340810891193992, "p2": 12.805864710639653, "p3": 29.54603049212388, "p4": 31.957020437868984, "pol1": -0.3932644843862991, "pol2": 0.9220967368136382, "pol3": 0.7723845211248054, "pol4": 0.3479216234960921, "v0s": 3.067719094824143}, "datetime": {"datetime": "2022-05-17 22:56:38", "elapsed": 98013.654016, "delta": 35.164947}}
{"target": -1.0, "params": {"Bgrad": 1.7931892545165804, "d1": -1.3470474257713807, "d2": 0.6945462325914047, "d3": -1.8693614682529245, "d4": -2.8148512571531907, "p1": 35.0227121466698, "p2": 44.9741713607455, "p3": 19.567199464256806, "p4": 12.257142372310813, "pol1": -0.17518326008311602, "pol2": -0.10276951108426435, "pol3": 0.8143831621590072, "pol4": 0.29486826366982033, "v0s": 6.745129891430441}, "datetime": {"datetime": "2022-05-17 22:57:34", "elapsed": 98069.60836, "delta": 55.954344}}
{"target": 4.859879046560704, "params": {"Bgrad": 1.2988770516735944, "d1": -2.782469718449185, "d2": 0.17082229196592547, "d3": -2.6143228299300607, "d4": -2.2360327573248835, "p1": 0.989637204685706, "p2": 36.66029606203403, "p3": 30.233968942681695, "p4": 40.82200931002238, "pol1": 0.24737476378571066, "pol2": 0.5948047444608684, "pol3": -0.4182703170677011, "pol4": 0.7446998919008454, "v0s": 4.859879046560704}, "datetime": {"datetime": "2022-05-17 22:58:25", "elapsed": 98120.851304, "delta": 51.242944}}
{"target": -1.0, "params": {"Bgrad": 1.428732815617129, "d1": -0.7399518891991654, "d2": 0.449117868463499, "d3": -1.6052766773550828, "d4": -1.2068981393563518, "p1": 0.07383355140313597, "p2": 9.160647798497012, "p3": 15.694363029170054, "p4": 19.46811382971382, "pol1": -0.041056376474674756, "pol2": 0.30449648219067776, "pol3": -0.14581790743636538, "pol4": -0.750003297176988, "v0s": 5.947113431238001}, "datetime": {"datetime": "2022-05-17 22:59:39", "elapsed": 98194.931168, "delta": 74.079864}}
{"target": 2.5066758114602803, "params": {"Bgrad": 0.6053676956936489, "d1": -2.6809656770790204, "d2": -2.6529164741179168, "d3": -2.3247603473086467, "d4": -2.5138410782860126, "p1": 3.0379575501535863, "p2": 7.570851762096242, "p3": 39.909176970717255, "p4": 28.315732974413706, "pol1": 0.42608172453723614, "pol2": 0.34497509876854426, "pol3": 0.7860472953516042, "pol4": -0.6358190916749229, "v0s": 2.5066758114602803}, "datetime": {"datetime": "2022-05-17 23:00:19", "elapsed": 98234.417557, "delta": 39.486389}}
{"target": 4.250709914412656, "params": {"Bgrad": 1.4207070993103055, "d1": -3.0, "d2": 0.27503994112079444, "d3": -1.8644555890001664, "d4": -0.9341579857812682, "p1": 9.684872403352603, "p2": 26.400599914844637, "p3": 42.775013063059426, "p4": 21.389514369326253, "pol1": 1.0, "pol2": -0.2396810767712426, "pol3": -1.0, "pol4": 0.30710520694416965, "v0s": 4.250709914412656}, "datetime": {"datetime": "2022-05-17 23:00:56", "elapsed": 98271.361745, "delta": 36.944188}}
{"target": -1.0, "params": {"Bgrad": 2.0, "d1": -3.0, "d2": -1.9882956008582733, "d3": -3.0, "d4": 0.4373360702551482, "p1": 27.65181704348789, "p2": 17.46462762734876, "p3": 49.09905597867333, "p4": 38.19249027187808, "pol1": -0.07184515438373523, "pol2": 1.0, "pol3": 0.262875107008289, "pol4": -0.8721775456136001, "v0s": 3.8548207949558115}, "datetime": {"datetime": "2022-05-17 23:01:39", "elapsed": 98314.975095, "delta": 43.61335}}
{"target": 3.4268408823548175, "params": {"Bgrad": 1.1905656016208972, "d1": -2.1598699047582093, "d2": -2.508649371754316, "d3": -1.8080760319283748, "d4": -1.918184980424828, "p1": 3.068931597100033, "p2": 16.000353007254258, "p3": 39.525304299770895, "p4": 46.73250520172852, "pol1": -0.0449293611900623, "pol2": -0.9585245798910993, "pol3": 0.38355290985131374, "pol4": -0.280123455841633, "v0s": 3.4268408823548175}, "datetime": {"datetime": "2022-05-17 23:02:13", "elapsed": 98348.854481, "delta": 33.879386}}
{"target": 5.17885562439735, "params": {"Bgrad": 1.223409306453898, "d1": -3.0, "d2": -0.05486135345769109, "d3": -2.0240762322903576, "d4": 0.19935103983332053, "p1": 35.843516189378185, "p2": 6.646597266751004, "p3": 35.37391579806589, "p4": 7.099949115461034, "pol1": -0.0014436559277205643, "pol2": -1.0, "pol3": 0.2338675457909435, "pol4": -0.49542743864644384, "v0s": 5.17885562439735}, "datetime": {"datetime": "2022-05-17 23:03:14", "elapsed": 98409.579066, "delta": 60.724585}}
{"target": 4.833472187002525, "params": {"Bgrad": 1.384905498776649, "d1": -3.0, "d2": -0.4741589172902562, "d3": -1.1277428698373504, "d4": -3.0, "p1": 31.112807105537286, "p2": 12.545471015414975, "p3": 37.33884473450918, "p4": 26.50588030594631, "pol1": 0.4316954263384735, "pol2": 1.0, "pol3": -1.0, "pol4": 1.0, "v0s": 4.833472187002525}, "datetime": {"datetime": "2022-05-17 23:04:02", "elapsed": 98457.410135, "delta": 47.831069}}
{"target": 4.303509000605746, "params": {"Bgrad": 0.730606238678877, "d1": -2.889309498881454, "d2": 0.12707205757220047, "d3": -2.7243009479648297, "d4": -2.292103715812213, "p1": 32.65525976739741, "p2": 5.00681360377974, "p3": 38.82133738194037, "p4": 25.92689552575811, "pol1": 0.35795079161744353, "pol2": -1.0, "pol3": -0.4225179426915918, "pol4": 0.4748348485404619, "v0s": 4.303509000605746}, "datetime": {"datetime": "2022-05-17 23:04:40", "elapsed": 98495.735628, "delta": 38.325493}}
{"target": 5.1861063322979755, "params": {"Bgrad": 1.53690258502167, "d1": -1.575652526176392, "d2": 0.3888087233773138, "d3": -0.2381857464249119, "d4": -0.017143872369093108, "p1": 28.11276715045769, "p2": 41.120632891647794, "p3": 29.490918225400026, "p4": 20.505759151335877, "pol1": -0.6168214236362232, "pol2": 0.057620261649686026, "pol3": 0.46284468875811086, "pol4": -1.0, "v0s": 5.1861063322979755}, "datetime": {"datetime": "2022-05-17 23:05:30", "elapsed": 98545.513491, "delta": 49.777863}}
{"target": 5.002233623747163, "params": {"Bgrad": 1.8874031115569863, "d1": -2.2594840575440305, "d2": 0.11208738744921432, "d3": -1.6894021864664381, "d4": -2.8241806656612836, "p1": 2.8942859021196754, "p2": 30.262540997197178, "p3": 30.27199007680157, "p4": 38.085835033843, "pol1": 0.23444049222664698, "pol2": -0.3331493122790301, "pol3": 0.7096199505809859, "pol4": -0.17233828945455976, "v0s": 5.002233623747163}, "datetime": {"datetime": "2022-05-17 23:06:19", "elapsed": 98594.538368, "delta": 49.024877}}
{"target": -1.0, "params": {"Bgrad": 1.057959919018831, "d1": -1.6967213687197464, "d2": -0.7870624975040807, "d3": -1.034669059231664, "d4": -1.1005445574735089, "p1": 28.72914115763504, "p2": 15.634266735978713, "p3": 29.908396566447788, "p4": 30.602938488213194, "pol1": -0.5554951657940681, "pol2": -0.7740519634423271, "pol3": -0.8567645250887304, "pol4": -0.47353880430120787, "v0s": 3.8823456389872626}, "datetime": {"datetime": "2022-05-17 23:07:10", "elapsed": 98645.977787, "delta": 51.439419}}
{"target": -1.0, "params": {"Bgrad": 1.8473132961316656, "d1": 0.1419741929468019, "d2": 0.9897365777583276, "d3": -2.3717965126590506, "d4": -1.2167472633497676, "p1": 7.23747045153253, "p2": 36.6779009192852, "p3": 44.52244249328854, "p4": 30.342982080952872, "pol1": 0.8706677216854282, "pol2": -0.5311613783732592, "pol3": -0.7698109608498995, "pol4": 0.715043336979019, "v0s": 5.645275542900622}, "datetime": {"datetime": "2022-05-17 23:07:57", "elapsed": 98693.150618, "delta": 47.172831}}
{"target": 4.252419969096138, "params": {"Bgrad": 1.1256154808640315, "d1": -3.0, "d2": -3.0, "d3": -0.28987296437404275, "d4": -1.5871741999595834, "p1": 5.715743041488863, "p2": 19.900798296415275, "p3": 2.2771838746800492, "p4": 14.539791085942264, "pol1": 0.3215898057933738, "pol2": -0.41307117943759764, "pol3": 0.3783970501080029, "pol4": -0.9274158468678524, "v0s": 4.252419969096138}, "datetime": {"datetime": "2022-05-17 23:08:50", "elapsed": 98745.896542, "delta": 52.745924}}
{"target": 3.3179271662928294, "params": {"Bgrad": 1.6198878843015327, "d1": -2.361985166864959, "d2": -2.435482627375997, "d3": -1.9486109643774085, "d4": -2.148851574286675, "p1": 3.720460511477391, "p2": 20.58242560200423, "p3": 1.66929096858226, "p4": 11.126974132228002, "pol1": -0.2445969854445207, "pol2": 0.21018825805620245, "pol3": 0.007977589150279352, "pol4": -0.5420498422715192, "v0s": 3.3179271662928294}, "datetime": {"datetime": "2022-05-17 23:09:24", "elapsed": 98779.579453, "delta": 33.682911}}
{"target": 5.0213321981079995, "params": {"Bgrad": 0.9164931979743909, "d1": -2.968255802315094, "d2": -0.8191673737694017, "d3": -1.4172504671305683, "d4": 0.46385653256272885, "p1": 34.876967615815744, "p2": 5.931464977845702, "p3": 36.975890730128484, "p4": 27.07046398988933, "pol1": 0.6167240283816655, "pol2": -1.0, "pol3": 0.11733684957468286, "pol4": 0.010273588412792878, "v0s": 5.0213321981079995}, "datetime": {"datetime": "2022-05-17 23:10:08", "elapsed": 98823.883955, "delta": 44.304502}}
{"target": 3.342237716609268, "params": {"Bgrad": 0.6112527126103261, "d1": -2.1280327709409432, "d2": 0.5341901147985628, "d3": -1.0537220988102187, "d4": -0.5891734863043712, "p1": 9.440592301559365, "p2": 25.848124001862683, "p3": 45.51911346949266, "p4": 23.089170734609887, "pol1": 0.5415879783501398, "pol2": 0.44518768897297867, "pol3": -0.3051181222054018, "pol4": 0.7170642889107535, "v0s": 3.342237716609268}, "datetime": {"datetime": "2022-05-17 23:10:42", "elapsed": 98858.15629, "delta": 34.272335}}
{"target": 3.904285395659982, "params": {"Bgrad": 1.1669102118969454, "d1": -0.42750558071632166, "d2": -0.21551443709684664, "d3": -3.0, "d4": -0.8539584901502095, "p1": 22.571639964550286, "p2": 13.970744864346523, "p3": 33.26501979374454, "p4": 23.08737697050502, "pol1": -0.7681739781001403, "pol2": -0.3955567856779697, "pol3": -0.5204303050845658, "pol4": 0.8016469482787733, "v0s": 3.904285395659982}, "datetime": {"datetime": "2022-05-17 23:11:42", "elapsed": 98917.438731, "delta": 59.282441}}
{"target": 4.457524233427227, "params": {"Bgrad": 1.5596784582768417, "d1": -1.4266421162815401, "d2": 0.6847458452830493, "d3": -1.4354399897587027, "d4": -0.7237796310659523, "p1": 40.51513899097342, "p2": 21.12191444177773, "p3": 14.367955422105705, "p4": 12.554191732421954, "pol1": -0.39427357416836073, "pol2": 0.5007461091061021, "pol3": 0.4661507852781628, "pol4": -0.1654358845527486, "v0s": 4.457524233427227}, "datetime": {"datetime": "2022-05-17 23:12:18", "elapsed": 98953.447421, "delta": 36.00869}}
{"target": 5.53533404280429, "params": {"Bgrad": 0.5, "d1": -3.0, "d2": 0.46938114578485024, "d3": -0.9275207250996835, "d4": -2.30445434797225, "p1": 5.251391721051947, "p2": 35.45742951382301, "p3": 34.428939508589245, "p4": 39.05483490210475, "pol1": -0.35878872771432413, "pol2": 1.0, "pol3": 0.4014104908011826, "pol4": 0.10770589073562739, "v0s": 5.53533404280429}, "datetime": {"datetime": "2022-05-17 23:13:14", "elapsed": 99009.487535, "delta": 56.040114}}
{"target": 4.292521784010953, "params": {"Bgrad": 1.4788866904284603, "d1": -1.8284208034974023, "d2": 0.14579876785198254, "d3": -1.3803211805436106, "d4": -1.7909632690984503, "p1": 4.064787473917447, "p2": 32.56407081322896, "p3": 35.27244994475766, "p4": 28.3400325493307, "pol1": 0.23002127214696322, "pol2": -0.7455866523490495, "pol3": -0.9605348655994739, "pol4": 0.5317167989457334, "v0s": 4.292521784010953}, "datetime": {"datetime": "2022-05-17 23:13:46", "elapsed": 99041.681429, "delta": 32.193894}}
{"target": 5.164353340055229, "params": {"Bgrad": 1.2849820483286538, "d1": -2.0639166920329495, "d2": 0.617160856845033, "d3": -1.0743031829218936, "d4": -1.0994159944919872, "p1": 27.531905770421538, "p2": 10.34717742908487, "p3": 11.70307119662426, "p4": 27.535574736772517, "pol1": 0.24061984366574649, "pol2": 0.8323467984208572, "pol3": -0.042339344214020774, "pol4": -0.30038681937678074, "v0s": 5.164353340055229}, "datetime": {"datetime": "2022-05-17 23:14:35", "elapsed": 99090.321335, "delta": 48.639906}}
{"target": 3.5606573574154226, "params": {"Bgrad": 0.6502749711712346, "d1": -2.145171627776597, "d2": -1.8715150130362441, "d3": -0.7061950664070689, "d4": -2.647952925929899, "p1": 24.58406253901976, "p2": 7.09695812113168, "p3": 32.376112424989145, "p4": 29.571721759635672, "pol1": 0.6366549839995885, "pol2": 0.3008427639788782, "pol3": -0.18437314818916506, "pol4": 0.590132135040417, "v0s": 3.5606573574154226}, "datetime": {"datetime": "2022-05-17 23:15:15", "elapsed": 99131.192021, "delta": 40.870686}}
{"target": 5.4097309249561105, "params": {"Bgrad": 1.0759662977422035, "d1": -2.0217787000929803, "d2": 0.7381162743672505, "d3": -2.4915597065463864, "d4": -1.3368968720396053, "p1": 33.22091145194408, "p2": 10.75343988209942, "p3": 40.98071222092733, "p4": 35.889020165801504, "pol1": -0.5763710055323272, "pol2": -0.20188175947455966, "pol3": -0.01809935185466971, "pol4": 0.23689442741899658, "v0s": 5.4097309249561105}, "datetime": {"datetime": "2022-05-17 23:15:50", "elapsed": 99166.03084, "delta": 34.838819}}
{"target": -1.0, "params": {"Bgrad": 1.4531105799180843, "d1": 0.7399807179210356, "d2": 0.6670913855359286, "d3": -2.0010185168289083, "d4": 0.15624193098661676, "p1": 1.2164297879042385, "p2": 32.67534677923021, "p3": 30.668508787040633, "p4": 32.35497054120146, "pol1": 0.2599728105365191, "pol2": 0.3658695453869869, "pol3": -0.844818187948652, "pol4": 0.2276817007872729, "v0s": 5.111119852412639}, "datetime": {"datetime": "2022-05-17 23:16:31", "elapsed": 99206.285175, "delta": 40.254335}}
{"target": 4.199858578989862, "params": {"Bgrad": 0.8164289894054979, "d1": -0.2462853052459688, "d2": 0.7775647426136136, "d3": -1.6689549713567735, "d4": -2.738277211134801, "p1": 37.074287212023386, "p2": 6.285045032205122, "p3": 41.78374717490171, "p4": 32.42332958239049, "pol1": 0.7209980415537696, "pol2": -0.3918787323236561, "pol3": 0.28803575812817694, "pol4": -0.7248238499905257, "v0s": 4.199858578989862}, "datetime": {"datetime": "2022-05-17 23:17:19", "elapsed": 99254.355607, "delta": 48.070432}}
{"target": 4.747429882153689, "params": {"Bgrad": 0.5, "d1": -2.9660350544417535, "d2": 0.9067432180931515, "d3": -2.091463408533562, "d4": -1.8600372581929554, "p1": 5.8460557906747095, "p2": 36.4759009634526, "p3": 34.20011502989482, "p4": 38.91984601233949, "pol1": -0.5201258818844335, "pol2": 0.8349211869513538, "pol3": -0.2280934984636769, "pol4": -0.657504703543583, "v0s": 4.747429882153689}, "datetime": {"datetime": "2022-05-17 23:18:05", "elapsed": 99300.284762, "delta": 45.929155}}
{"target": 4.627950560203558, "params": {"Bgrad": 2.0, "d1": -3.0, "d2": -3.0, "d3": -3.0, "d4": -3.0, "p1": 24.405889808783947, "p2": 32.91897940873031, "p3": 44.31967846337268, "p4": 46.017087391412026, "pol1": 0.4295744715021584, "pol2": -0.020022693347251336, "pol3": -1.0, "pol4": -0.31213962190193395, "v0s": 4.627950560203558}, "datetime": {"datetime": "2022-05-17 23:18:42", "elapsed": 99337.365585, "delta": 37.080823}}
{"target": 4.461721738990759, "params": {"Bgrad": 1.0097687425175261, "d1": -2.695311371040788, "d2": 0.5545617065722612, "d3": -2.781052092722188, "d4": -0.38562699808822254, "p1": 1.526122211498493, "p2": 31.315570677174392, "p3": 29.060585085929763, "p4": 42.997725990739845, "pol1": 0.14634677482533842, "pol2": 0.7366670258844665, "pol3": 0.00586408687742801, "pol4": -0.5926120943105895, "v0s": 4.461721738990759}, "datetime": {"datetime": "2022-05-17 23:19:50", "elapsed": 99405.258995, "delta": 67.89341}}
{"target": -1.0, "params": {"Bgrad": 1.8103937255397269, "d1": -1.9264935248436466, "d2": -0.5214435095703585, "d3": 0.886813785181999, "d4": -1.0049845830795885, "p1": 35.25385161507869, "p2": 14.000423327716582, "p3": 6.255054889507383, "p4": 43.76918926954354, "pol1": 0.5091262201352984, "pol2": -0.2110918968521871, "pol3": -0.6875364674883073, "pol4": 0.3475021490039283, "v0s": 6.422200430270868}, "datetime": {"datetime": "2022-05-17 23:20:40", "elapsed": 99455.30514, "delta": 50.046145}}
{"target": 5.889218346766075, "params": {"Bgrad": 0.5571883924054296, "d1": -2.159540673939317, "d2": -0.31155347404287875, "d3": -0.3553506386447584, "d4": -3.0, "p1": 1.8810111556687756, "p2": 13.08818334226357, "p3": 37.887528372627756, "p4": 47.90788599630538, "pol1": -0.43128743537968667, "pol2": -0.7492146103469814, "pol3": -0.5539888277328092, "pol4": 0.25557491593751624, "v0s": 5.889218346766075}, "datetime": {"datetime": "2022-05-17 23:21:41", "elapsed": 99516.339895, "delta": 61.034755}}
{"target": -1.0, "params": {"Bgrad": 0.7609712242416486, "d1": -2.941760851718428, "d2": -0.12281596537861628, "d3": 0.0352399073099674, "d4": -1.0899398998179, "p1": 29.570176421980086, "p2": 16.773565158366743, "p3": 31.271705245054143, "p4": 27.26022018953782, "pol1": 0.39558432953028455, "pol2": -0.3153286912694697, "pol3": -0.2886312194145233, "pol4": 0.24135030396304114, "v0s": 6.980145932348057}, "datetime": {"datetime": "2022-05-17 23:22:31", "elapsed": 99566.450867, "delta": 50.110972}}
{"target": -1.0, "params": {"Bgrad": 1.5459864579828042, "d1": -1.694330211847341, "d2": 0.144160618652998, "d3": -0.5300537579271043, "d4": 0.19730798976712505, "p1": 35.38925365941226, "p2": 5.262081230287357, "p3": 36.995756831763174, "p4": 27.001744593100845, "pol1": -0.3462568114724749, "pol2": -0.7841478491897544, "pol3": -0.8089990342588123, "pol4": -0.2785061184558262, "v0s": 2.648927379927067}, "datetime": {"datetime": "2022-05-17 23:23:29", "elapsed": 99625.176797, "delta": 58.72593}}
{"target": 3.843341971977031, "params": {"Bgrad": 1.351789544253686, "d1": 1.0, "d2": -2.4624440234822425, "d3": -1.3059277559610745, "d4": -3.0, "p1": 25.89728426888056, "p2": 6.124376610958481, "p3": 40.50232058078036, "p4": 27.583584639937314, "pol1": -1.0, "pol2": -1.0, "pol3": 0.4706456768033786, "pol4": -1.0, "v0s": 3.843341971977031}, "datetime": {"datetime": "2022-05-17 23:24:06", "elapsed": 99661.502639, "delta": 36.325842}}
{"target": 3.7619533550314435, "params": {"Bgrad": 0.5, "d1": -3.0, "d2": 0.5949948358906113, "d3": -1.7826809077781758, "d4": -2.8083004578670585, "p1": 27.59613703004154, "p2": 30.572232376514012, "p3": 7.889835276008638, "p4": 44.41526474109673, "pol1": -0.3438620183932677, "pol2": -0.28382042382168515, "pol3": 0.642524157678315, "pol4": 0.2597029228668818, "v0s": 3.7619533550314435}, "datetime": {"datetime": "2022-05-17 23:24:39", "elapsed": 99695.113742, "delta": 33.611103}}
{"target": 4.685083516378956, "params": {"Bgrad": 1.4008922319132813, "d1": -3.0, "d2": -2.6627814231948452, "d3": -2.221101174365644, "d4": -1.0097849379092214, "p1": 7.64599290435103, "p2": 4.593733063606675, "p3": 46.950251686596864, "p4": 17.446338799184183, "pol1": -1.0, "pol2": -0.0849745455668556, "pol3": -0.26512748652017165, "pol4": 0.8926687817768404, "v0s": 4.685083516378956}, "datetime": {"datetime": "2022-05-17 23:25:16", "elapsed": 99731.338853, "delta": 36.225111}}
{"target": 4.996785953436712, "params": {"Bgrad": 0.5, "d1": -2.3699115174529584, "d2": -0.5244766677023054, "d3": -0.9649133695574534, "d4": -3.0, "p1": 2.6244588252005014, "p2": 13.755504005656253, "p3": 37.93402269901111, "p4": 47.60967909875435, "pol1": -1.0, "pol2": -1.0, "pol3": 0.1827576473331636, "pol4": -0.13901684373716763, "v0s": 4.996785953436712}, "datetime": {"datetime": "2022-05-17 23:26:04", "elapsed": 99780.035607, "delta": 48.696754}}
{"target": 4.8268929078447504, "params": {"Bgrad": 2.0, "d1": -1.6905374763081733, "d2": -3.0, "d3": -3.0, "d4": -3.0, "p1": 24.310170740825935, "p2": 32.284146415288035, "p3": 43.27360009449326, "p4": 46.50853800655208, "pol1": 0.0011012665802726934, "pol2": 0.01501145874418649, "pol3": -1.0, "pol4": -0.5261911217868731, "v0s": 4.8268929078447504}, "datetime": {"datetime": "2022-05-17 23:26:55", "elapsed": 99830.622307, "delta": 50.5867}}
