{"target": -1.0, "params": {"Bgrad": 1.5607456459168065, "d1": -1.1803046150745722, "d2": -1.3491272798192218, "d3": -0.4936130203201903, "d4": -1.7624209367484238, "p1": 17.12862206135668, "p2": 44.10044312982528, "p3": 3.9633855304267773, "p4": 21.196695028453384, "pol1": 0.9248942883955849, "pol2": -0.862069158844847, "pol3": -0.4106511988382884, "pol4": 0.7691831734501113, "v0s": 5.432724917979314}, "datetime": {"datetime": "2022-04-28 18:37:10", "elapsed": 11142.651326, "delta": 15.081675}}
{"target": -1.0, "params": {"Bgrad": 0.5658186611685141, "d1": -1.2399328852970344, "d2": -2.0466440747628813, "d3": -2.2749235279705102, "d4": -0.9136153813428605, "p1": 19.23274297566362, "p2": 48.974651843371376, "p3": 49.90202609214868, "p4": 38.72948355845398, "pol1": -0.2347900911344969, "pol2": -0.7243787405242708, "pol3": -0.7156954222148368, "pol4": -0.8526002023984023, "v0s": 7.657487485305086}, "datetime": {"datetime": "2022-04-28 18:37:16", "elapsed": 11148.952478, "delta": 6.301152}}
{"target": -1.0, "params": {"Bgrad": 0.7839251652957393, "d1": -0.3616256434686296, "d2": -2.1417668115255917, "d3": -2.8371896008439914, "d4": 0.4484037832112313, "p1": 45.66967968070218, "p2": 29.480758940111702, "p3": 27.979991125554054, "p4": 20.65814071845937, "pol1": 0.2537610585238148, "pol2": -0.29520436868076594, "pol3": 0.7249678545172074, "pol4": -0.6997671674136015, "v0s": 2.179451518040273}, "datetime": {"datetime": "2022-04-28 18:37:26", "elapsed": 11158.868962, "delta": 9.916484}}
{"target": -1.0, "params": {"Bgrad": 1.4291432493391332, "d1": -0.07490991180110163, "d2": 0.09878733737332013, "d3": -0.37180503348412985, "d4": 0.8894385025091713, "p1": 27.728529896754782, "p2": 9.451003766672923, "p3": 44.64619117152521, "p4": 17.85253159759488, "pol1": -0.8008450812629286, "pol2": -0.366677942865552, "pol3": -0.1920879228812704, "pol4": -0.32769560878294324, "v0s": 4.437663077427235}, "datetime": {"datetime": "2022-04-28 18:37:37", "elapsed": 11170.489893, "delta": 11.620931}}
{"target": -1.0, "params": {"Bgrad": 1.9877477053735337, "d1": -0.2013773848210767, "d2": 0.2345092472502932, "d3": 0.370161364618538, "d4": 0.3876057851247485, "p1": 30.31383081427658, "p2": 31.315407983919762, "p3": 27.72245303584764, "p4": 11.662341817023819, "pol1": -0.4339948604665229, "pol2": 0.9067667012523606, "pol3": 0.7524902723615112, "pol4": -0.2292989058251118, "v0s": 4.380707109871964}, "datetime": {"datetime": "2022-04-28 18:37:53", "elapsed": 11186.137053, "delta": 15.64716}}
{"target": -1.0, "params": {"Bgrad": 0.5634089788387939, "d1": -0.09238360220825026, "d2": -0.48979923884318044, "d3": -1.3429142920193793, "d4": 0.683377657695416, "p1": 14.390759980535423, "p2": 38.47808131152482, "p3": 49.84271783977018, "p4": 44.204748997204, "pol1": 0.9572257609688548, "pol2": 0.43079441193983725, "pol3": -0.19156599310739186, "pol4": -0.1365921973268669, "v0s": 6.420127132899543}, "datetime": {"datetime": "2022-04-28 18:38:01", "elapsed": 11194.127687, "delta": 7.990634}}
{"target": 4.115506562981778, "params": {"Bgrad": 1.5388781938109874, "d1": -1.849966096801554, "d2": -0.38770453954988726, "d3": -0.8389780150265369, "d4": -2.2702621227905477, "p1": 20.51052622745257, "p2": 38.61634120875201, "p3": 19.730262501246408, "p4": 29.402439734130258, "pol1": -0.06777927048304999, "pol2": 0.12752493010984312, "pol3": -0.6727123044514718, "pol4": 0.6409348156138346, "v0s": 4.115506562981778}, "datetime": {"datetime": "2022-04-28 18:38:09", "elapsed": 11201.729362, "delta": 7.601675}}
{"target": -1.0, "params": {"Bgrad": 0.9898242576293289, "d1": -0.13457767677004862, "d2": -0.20707568069431304, "d3": -2.1565873386622685, "d4": -2.859019088105153, "p1": 31.937744521994738, "p2": 28.416524921372734, "p3": 23.626892105996745, "p4": 0.9892827807828131, "pol1": 0.6649086213085833, "pol2": -0.8485545379541319, "pol3": 0.5397380856118734, "pol4": 0.2908283991137819, "v0s": 6.00021765558898}, "datetime": {"datetime": "2022-04-28 18:38:16", "elapsed": 11208.983964, "delta": 7.254602}}
{"target": 3.2673767141948993, "params": {"Bgrad": 0.971175164315694, "d1": -2.2100050818351598, "d2": 0.6512788863858234, "d3": -2.567035479646432, "d4": -0.8195376653837734, "p1": 11.403826739064582, "p2": 11.832813806382836, "p3": 28.458817849201946, "p4": 46.043636189365415, "pol1": -0.5985201013438701, "pol2": 0.271088256723665, "pol3": 0.9348402820393642, "pol4": -0.41124413264467896, "v0s": 3.2673767141948993}, "datetime": {"datetime": "2022-04-28 18:38:22", "elapsed": 11215.026807, "delta": 6.042843}}
{"target": -1.0, "params": {"Bgrad": 1.818609648619294, "d1": -2.955892137061653, "d2": -0.41352833678401657, "d3": -2.42104078676427, "d4": -0.6547932990900112, "p1": 10.174143122407047, "p2": 27.267032315246002, "p3": 11.427702456259764, "p4": 7.668430130040593, "pol1": 0.1436328195263783, "pol2": -0.2810154933690798, "pol3": 0.35764544122701536, "pol4": -0.36936446645279974, "v0s": 7.4323477518212915}, "datetime": {"datetime": "2022-04-28 18:38:39", "elapsed": 11232.338518, "delta": 17.311711}}
{"target": -1.0, "params": {"Bgrad": 1.5192368264759, "d1": -0.5596869103781845, "d2": -0.769266329131459, "d3": -1.6563519449873874, "d4": 0.16742531497676838, "p1": 30.306063653274023, "p2": 2.5903212699085576, "p3": 23.93798697058988, "p4": 14.518293280295907, "pol1": 0.6079427745366504, "pol2": -0.35201514182415106, "pol3": -0.4914494609417537, "pol4": -0.05043211141109527, "v0s": 7.941855612377661}, "datetime": {"datetime": "2022-04-28 18:38:51", "elapsed": 11243.65127, "delta": 11.312752}}
{"target": -1.0, "params": {"Bgrad": 1.9888776651587476, "d1": -1.344115895392187, "d2": -0.8889474355138671, "d3": -1.6856763590025432, "d4": -2.4617867134159566, "p1": 9.231909613989925, "p2": 29.9430803595011, "p3": 7.1316932568195215, "p4": 46.864017958101776, "pol1": 0.05388000157504802, "pol2": 0.17493471034580277, "pol3": 0.20891500864436474, "pol4": 0.9401823137711849, "v0s": 6.638480314361841}, "datetime": {"datetime": "2022-04-28 18:39:05", "elapsed": 11257.995916, "delta": 14.344646}}
{"target": -1.0, "params": {"Bgrad": 0.8794324839611014, "d1": -1.3288513140334004, "d2": -0.7829907766851556, "d3": -0.41464377957566967, "d4": 0.9565197712342539, "p1": 28.044798059197035, "p2": 5.440216290712662, "p3": 35.978383148461674, "p4": 14.03465554869151, "pol1": -0.8494719507349544, "pol2": 0.1208474446433585, "pol3": -0.2848188562666034, "pol4": -0.9292944933796912, "v0s": 2.35686228142829}, "datetime": {"datetime": "2022-04-28 18:39:11", "elapsed": 11263.859238, "delta": 5.863322}}
{"target": -1.0, "params": {"Bgrad": 1.2793773322354771, "d1": 0.2363992204252865, "d2": -1.2480717713444927, "d3": -1.728501436951134, "d4": -0.43329023308081016, "p1": 6.353045613142999, "p2": 18.60723228515202, "p3": 34.42805783730758, "p4": 21.52203330892127, "pol1": -0.6827009430120716, "pol2": -0.6069249408563777, "pol3": -0.6599860893214937, "pol4": 0.27754470983026835, "v0s": 4.706284044388569}, "datetime": {"datetime": "2022-04-28 18:39:22", "elapsed": 11275.51208, "delta": 11.652842}}
{"target": -1.0, "params": {"Bgrad": 0.6470308235096208, "d1": -1.0474344305783752, "d2": -2.227652482840911, "d3": -0.59109980390076, "d4": -0.8707154511772472, "p1": 9.563615752642324, "p2": 14.824886828735446, "p3": 6.6100341146092925, "p4": 2.0493903103154687, "pol1": 0.09149526602754499, "pol2": -0.4166493652417804, "pol3": -0.8238994327917362, "pol4": -0.8745537675224972, "v0s": 3.2924788470847792}, "datetime": {"datetime": "2022-04-28 18:39:30", "elapsed": 11282.823531, "delta": 7.311451}}
{"target": -1.0, "params": {"Bgrad": 1.9310005957018737, "d1": -2.37763331701941, "d2": -1.0193083150654871, "d3": -0.7718838792619764, "d4": 0.5963404198064013, "p1": 46.09412140967428, "p2": 35.53661600946681, "p3": 2.7131997541173902, "p4": 43.40059589642838, "pol1": 0.4694986578046849, "pol2": -0.03171366605603532, "pol3": -0.6405540401440661, "pol4": 0.2215017138405928, "v0s": 7.281945478393378}, "datetime": {"datetime": "2022-04-28 18:39:49", "elapsed": 11301.959365, "delta": 19.135834}}
{"target": -1.0, "params": {"Bgrad": 0.7800771077625751, "d1": -0.5779699370180187, "d2": -0.08680413695486378, "d3": 0.8162865974216396, "d4": -0.39892784075182774, "p1": 30.434085937957516, "p2": 49.67515582317285, "p3": 44.28350337185898, "p4": 43.849689783803825, "pol1": 0.7597410155097197, "pol2": 0.5779214935136376, "pol3": 0.7310624906355383, "pol4": -0.014404788332130325, "v0s": 4.2573406369430815}, "datetime": {"datetime": "2022-04-28 18:39:57", "elapsed": 11310.490555, "delta": 8.53119}}
{"target": -1.0, "params": {"Bgrad": 1.5393383639178975, "d1": -0.744950653226951, "d2": -2.7428061231302, "d3": -2.3361587743558148, "d4": 0.4994056360818222, "p1": 33.94558153135658, "p2": 18.866392655587394, "p3": 49.01297812227354, "p4": 3.6568631252575035, "pol1": 0.7724478553884204, "pol2": -0.9888829292536949, "pol3": 0.6668071476781965, "pol4": -0.4661342092161962, "v0s": 6.004300687297524}, "datetime": {"datetime": "2022-04-28 18:40:10", "elapsed": 11323.368122, "delta": 12.877567}}
{"target": 3.838873670546146, "params": {"Bgrad": 1.710294250408709, "d1": -2.420454090582493, "d2": -1.7825133292882853, "d3": -2.4008998142702356, "d4": -2.734429012359028, "p1": 3.358997969968275, "p2": 41.914057552330156, "p3": 7.513569264088965, "p4": 24.59849709414942, "pol1": -0.8325742473662086, "pol2": -0.21307261934914234, "pol3": 0.9747766834845295, "pol4": -0.43801247798212284, "v0s": 3.838873670546146}, "datetime": {"datetime": "2022-04-28 18:40:21", "elapsed": 11333.535935, "delta": 10.167813}}
{"target": -1.0, "params": {"Bgrad": 0.5591583251986666, "d1": -0.49784357070976615, "d2": -2.5267511913990566, "d3": -1.5111238575023367, "d4": -2.4348473190436977, "p1": 31.89372793287726, "p2": 10.655046471509621, "p3": 24.081234319139, "p4": 34.42545049246327, "pol1": 0.23597581163634018, "pol2": -0.46677550560374415, "pol3": -0.810253890068116, "pol4": 0.18648786156958508, "v0s": 5.458828015625023}, "datetime": {"datetime": "2022-04-28 18:40:26", "elapsed": 11339.046202, "delta": 5.510267}}
{"target": -1.0, "params": {"Bgrad": 1.879527564246707, "d1": 0.9078702950396598, "d2": -0.6583765261143522, "d3": -2.2838220884667657, "d4": 0.8736732432162371, "p1": 40.0478314260703, "p2": 44.6978594874989, "p3": 41.724799662824616, "p4": 29.649959854237007, "pol1": 0.9992885190770535, "pol2": 0.17099138859622665, "pol3": 0.6259950460043702, "pol4": -0.8252034042652705, "v0s": 4.666756357938889}, "datetime": {"datetime": "2022-04-28 18:40:44", "elapsed": 11356.971274, "delta": 17.925072}}
{"target": -1.0, "params": {"Bgrad": 0.9138059195474821, "d1": -2.559229107649866, "d2": -0.8165128509535386, "d3": -0.9680499540002976, "d4": -0.8247389263748088, "p1": 29.062209028028786, "p2": 11.718280225455874, "p3": 29.48973028625059, "p4": 35.14634459825404, "pol1": 0.19052585754945284, "pol2": 0.31343096818975025, "pol3": 0.8021745328095757, "pol4": -0.13336807447271193, "v0s": 2.913461793789403}, "datetime": {"datetime": "2022-04-28 18:40:53", "elapsed": 11366.459903, "delta": 9.488629}}
{"target": -1.0, "params": {"Bgrad": 1.5183730314468213, "d1": -1.7681675297744364, "d2": 0.34874412194363247, "d3": -1.2918031072664973, "d4": -2.8084194487985994, "p1": 31.48804451730663, "p2": 30.076194455653965, "p3": 15.207161288520304, "p4": 23.633244442534846, "pol1": 0.6528097718350483, "pol2": -0.14003760287704958, "pol3": 0.07589658113949249, "pol4": -0.7001019822592951, "v0s": 7.443788300729349}, "datetime": {"datetime": "2022-04-28 18:41:10", "elapsed": 11383.025608, "delta": 16.565705}}
{"target": -1.0, "params": {"Bgrad": 1.65833538217384, "d1": -0.0658598524139582, "d2": 0.21172531286277163, "d3": -0.496772283134189, "d4": -2.4778389913184955, "p1": 48.53811818145786, "p2": 3.8455568909891547, "p3": 31.746706246959892, "p4": 49.62898215657874, "pol1": -0.6057529727732829, "pol2": -0.6827622499458981, "pol3": 0.5605773395777438, "pol4": -0.47504813676242796, "v0s": 6.270793713998081}, "datetime": {"datetime": "2022-04-28 18:41:23", "elapsed": 11396.480633, "delta": 13.455025}}
{"target": -1.0, "params": {"Bgrad": 0.5698070664788881, "d1": -2.0555223929426796, "d2": -1.8696910122537465, "d3": -1.821983174404624, "d4": 0.5698718404631973, "p1": 42.29014169138308, "p2": 31.897647659703175, "p3": 36.150142440167606, "p4": 7.889370477326796, "pol1": 0.8832624410496015, "pol2": 0.0679850816337817, "pol3": 0.5137663160214119, "pol4": 0.17494301081733354, "v0s": 7.944204964851671}, "datetime": {"datetime": "2022-04-28 18:41:31", "elapsed": 11403.989555, "delta": 7.508922}}
{"target": 3.8602506858849646, "params": {"Bgrad": 1.0741692135245036, "d1": -1.4289268415169127, "d2": 0.4126368428395897, "d3": -2.9740173426767447, "d4": -2.9067816319159507, "p1": 37.88583898881745, "p2": 9.118361213422476, "p3": 9.176038486228343, "p4": 25.097557841744482, "pol1": -0.7176682674204518, "pol2": -0.3422490702884313, "pol3": 0.5151525430255115, "pol4": 0.2799143721789854, "v0s": 3.8602506858849646}, "datetime": {"datetime": "2022-04-28 18:41:38", "elapsed": 11411.166365, "delta": 7.17681}}
{"target": -1.0, "params": {"Bgrad": 1.000017752862404, "d1": 0.6735745025451494, "d2": -2.029495933460297, "d3": -0.4314590266537217, "d4": 0.8571101849771523, "p1": 18.88368223160912, "p2": 42.042015003634205, "p3": 5.618924679119397, "p4": 41.726888627637976, "pol1": -0.8013188191154101, "pol2": -0.8218032342394905, "pol3": -0.2446958622813835, "pol4": 0.19975277472551833, "v0s": 3.74290233724203}, "datetime": {"datetime": "2022-04-28 18:41:50", "elapsed": 11423.201187, "delta": 12.034822}}
{"target": -1.0, "params": {"Bgrad": 1.1152836416556533, "d1": -2.731233342474911, "d2": -1.6279646457711907, "d3": 0.33543593482109424, "d4": -1.6519837339903671, "p1": 5.528729959752299, "p2": 34.971460533369445, "p3": 35.3581221536961, "p4": 34.52343859909294, "pol1": 0.5418615130526547, "pol2": -0.6702136318368386, "pol3": 0.12821689711181827, "pol4": 0.8413777065918062, "v0s": 4.939844167938555}, "datetime": {"datetime": "2022-04-28 18:42:02", "elapsed": 11435.386605, "delta": 12.185418}}
{"target": -1.0, "params": {"Bgrad": 1.93551475908891, "d1": 0.3543459163286027, "d2": 0.7513514753648378, "d3": -1.0190162411683437, "d4": -1.8429270132949767, "p1": 32.382458217529006, "p2": 35.37798633521153, "p3": 49.53885098871394, "p4": 8.713567569400748, "pol1": 0.496321828970792, "pol2": -0.3565659631762228, "pol3": 0.26561325554393056, "pol4": 0.6151791733065126, "v0s": 7.488692559829966}, "datetime": {"datetime": "2022-04-28 18:42:15", "elapsed": 11448.420754, "delta": 13.034149}}
{"target": -1.0, "params": {"Bgrad": 1.0585279438791932, "d1": -0.8791479659050743, "d2": 0.9700220968542497, "d3": -1.7178974114014176, "d4": -2.247624379391814, "p1": 14.344161796065864, "p2": 47.78932546172398, "p3": 25.90924052109861, "p4": 18.68936679525127, "pol1": 0.9509632703150845, "pol2": -0.4391138918461137, "pol3": -0.16589229067245403, "pol4": 0.3380187272149102, "v0s": 4.322684011666446}, "datetime": {"datetime": "2022-04-28 18:42:23", "elapsed": 11456.479207, "delta": 8.058453}}
{"target": -1.0, "params": {"Bgrad": 0.5646232976090998, "d1": 0.18125452367240147, "d2": -0.005271124778619463, "d3": -2.9121192791168067, "d4": 0.7283612181976311, "p1": 5.7993389198900065, "p2": 46.056384259457495, "p3": 11.192062807565934, "p4": 37.73746077917332, "pol1": 0.8745637744388517, "pol2": 0.10154314061669889, "pol3": -0.02932410883092329, "pol4": 0.3769484421999172, "v0s": 2.3584848925863438}, "datetime": {"datetime": "2022-04-28 18:42:31", "elapsed": 11463.959207, "delta": 7.48}}
{"target": -1.0, "params": {"Bgrad": 0.5384980993743269, "d1": 0.745246374922242, "d2": -1.4249411968637187, "d3": -0.06178064271488859, "d4": -0.47193914882974886, "p1": 45.229097587577414, "p2": 38.565485670443124, "p3": 15.109350000480081, "p4": 31.450382062284383, "pol1": 0.44323458141439986, "pol2": -0.6162309421036738, "pol3": -0.17226270796699428, "pol4": -0.9615411828242952, "v0s": 7.776627761795353}, "datetime": {"datetime": "2022-04-28 18:42:38", "elapsed": 11470.91062, "delta": 6.951413}}
{"target": -1.0, "params": {"Bgrad": 1.7420039903211137, "d1": 0.5887998944716104, "d2": -2.167264874591168, "d3": 0.8000481695783317, "d4": 0.2641318434637814, "p1": 8.720192760303396, "p2": 11.552842955596004, "p3": 3.3182009609963368, "p4": 10.95924663045889, "pol1": 0.11496216969485906, "pol2": 0.11686050883353061, "pol3": 0.020987356927079315, "pol4": 0.8678497280843547, "v0s": 6.436763150193554}, "datetime": {"datetime": "2022-04-28 18:42:50", "elapsed": 11483.511927, "delta": 12.601307}}
{"target": -1.0, "params": {"Bgrad": 1.775419824337026, "d1": -1.521227510516495, "d2": 0.954294876577293, "d3": -1.8312199373401556, "d4": -1.3167499079250922, "p1": 28.200604484074134, "p2": 18.875326908131285, "p3": 20.87241820946012, "p4": 22.031905864077707, "pol1": -0.9915306069039085, "pol2": -0.6620152327007924, "pol3": 0.018040773696397228, "pol4": -0.48056726943967476, "v0s": 6.70680789892877}, "datetime": {"datetime": "2022-04-28 18:43:08", "elapsed": 11500.613201, "delta": 17.101274}}
{"target": -1.0, "params": {"Bgrad": 0.6999910949178969, "d1": -0.9277523446351816, "d2": -0.23326068963132363, "d3": 0.7048755992998443, "d4": -0.5837231746320377, "p1": 44.24364830621543, "p2": 18.386850656847464, "p3": 20.065200635487756, "p4": 26.44346301094551, "pol1": -0.30134634163386576, "pol2": -0.6890556156493182, "pol3": -0.898945758155302, "pol4": -0.3202317683672893, "v0s": 2.3378689700564967}, "datetime": {"datetime": "2022-04-28 18:43:13", "elapsed": 11506.493479, "delta": 5.880278}}
{"target": -1.0, "params": {"Bgrad": 0.5733917582714649, "d1": -0.9155640744603217, "d2": -2.9814213925496205, "d3": -1.8245441033532104, "d4": -2.20030922006689, "p1": 47.91429586006647, "p2": 38.517460305276714, "p3": 5.638760860756953, "p4": 37.419288135275785, "pol1": 0.3039244531863279, "pol2": -0.6293291558001055, "pol3": -0.16103791126518807, "pol4": -0.5998526666430588, "v0s": 2.4409590667433125}, "datetime": {"datetime": "2022-04-28 18:43:18", "elapsed": 11511.038326, "delta": 4.544847}}
{"target": 3.517579554747657, "params": {"Bgrad": 0.7862008378876622, "d1": -1.0103601040099313, "d2": -0.019180297184226536, "d3": -1.2897240167260233, "d4": 0.18376726667114163, "p1": 30.422865948323636, "p2": 45.32923424708288, "p3": 24.331635360239616, "p4": 28.240944399836266, "pol1": 0.4064625673726028, "pol2": 0.5723599553312033, "pol3": -0.5144823827972953, "pol4": -0.6443575537075741, "v0s": 3.517579554747657}, "datetime": {"datetime": "2022-04-28 18:43:24", "elapsed": 11517.489079, "delta": 6.450753}}
{"target": -1.0, "params": {"Bgrad": 1.8736104759049657, "d1": -0.43024882196807424, "d2": -1.0896242697557934, "d3": 0.8204638944776792, "d4": -2.1936655121380175, "p1": 8.899765504904305, "p2": 8.566080363021106, "p3": 24.56527427611499, "p4": 37.231558707530525, "pol1": -0.8626311211864113, "pol2": -0.46755248259078774, "pol3": 0.5149547486966424, "pol4": 0.6547507624524846, "v0s": 5.787806297193763}, "datetime": {"datetime": "2022-04-28 18:43:39", "elapsed": 11531.610321, "delta": 14.121242}}
{"target": -1.0, "params": {"Bgrad": 0.7214699597475203, "d1": -1.9967717795933195, "d2": -2.041613420387041, "d3": -1.9709242280730233, "d4": 0.9163306828193636, "p1": 47.5721383485664, "p2": 28.674578926882745, "p3": 8.041547692787232, "p4": 24.21472990903909, "pol1": -0.7088382810371863, "pol2": -0.8256492194591059, "pol3": 0.6677389430169705, "pol4": -0.07177041123343542, "v0s": 7.6592202878978215}, "datetime": {"datetime": "2022-04-28 18:43:46", "elapsed": 11539.5092, "delta": 7.898879}}
{"target": -1.0, "params": {"Bgrad": 1.360505786193298, "d1": 0.9308869288826127, "d2": -0.2157014332628413, "d3": 0.0432197248887749, "d4": -0.13592359691826994, "p1": 40.02396133101055, "p2": 3.2332032201548455, "p3": 47.54168772256261, "p4": 3.6893373860636514, "pol1": -0.012790622188307177, "pol2": 0.2160511469745181, "pol3": -0.04009000339359248, "pol4": 0.373243964736504, "v0s": 7.596502652030763}, "datetime": {"datetime": "2022-04-28 18:43:57", "elapsed": 11549.814645, "delta": 10.305445}}
{"target": -1.0, "params": {"Bgrad": 1.439160094389923, "d1": -1.3233564697616513, "d2": -0.7879472400837186, "d3": -2.8622651295071044, "d4": -0.604219129458059, "p1": 48.81853608190361, "p2": 42.15181556253306, "p3": 37.26433477615802, "p4": 16.42989590676771, "pol1": -0.863493049476793, "pol2": -0.3271215852213465, "pol3": -0.18883168976759768, "pol4": -0.02707483664613375, "v0s": 3.1754689692574187}, "datetime": {"datetime": "2022-04-28 18:44:08", "elapsed": 11561.481451, "delta": 11.666806}}
{"target": -1.0, "params": {"Bgrad": 1.557455384047506, "d1": -2.976781323440704, "d2": -2.918220038729196, "d3": -2.5284587190422543, "d4": -1.5180412453353402, "p1": 38.30786938107087, "p2": 30.885363344625897, "p3": 15.012572857039835, "p4": 9.192026342041288, "pol1": 0.6172046286289699, "pol2": 0.48868374290054417, "pol3": -0.8455315353224273, "pol4": 0.6253220307329654, "v0s": 6.650447126983967}, "datetime": {"datetime": "2022-04-28 18:44:26", "elapsed": 11579.167162, "delta": 17.685711}}
{"target": -1.0, "params": {"Bgrad": 1.1252576840291886, "d1": -1.3364582973424257, "d2": -2.384095195539643, "d3": -1.4055659193567083, "d4": -2.0909970688732726, "p1": 24.337840554216108, "p2": 17.905281813878094, "p3": 22.294448176017433, "p4": 34.96046585229348, "pol1": 0.47214774727315834, "pol2": 0.9985196515777, "pol3": 0.9977086107373405, "pol4": 0.021934033154724197, "v0s": 4.613528623108857}, "datetime": {"datetime": "2022-04-28 18:44:36", "elapsed": 11589.061706, "delta": 9.894544}}
