{"target": -1.0, "params": {"Bgrad": 1.8393415319957047, "d1": 0.9230151721927031, "d2": -0.8182355930280787, "d3": -0.8347258436004261, "d4": -0.6794916601552963, "p1": 33.68511084904854, "p2": 28.563305656313826, "p3": 9.162190414600868, "p4": 42.93773711958162, "pol1": 0.11680847785812998, "pol2": 0.4075352226137712, "pol3": 0.7198906796512026, "pol4": -0.7913574457470687, "v0s": 6.054849476630617}, "datetime": {"datetime": "2022-06-16 02:32:06", "elapsed": 260973.614812, "delta": 31.795018}}
{"target": -1.0, "params": {"Bgrad": 0.58637053110455, "d1": -1.0554479625290636, "d2": -1.654333199519999, "d3": 0.767878355707889, "d4": 0.4901388601186172, "p1": 10.28645282960019, "p2": 10.7412683889409, "p3": 9.295097594941998, "p4": 29.96096111626212, "pol1": -0.166184591152585, "pol2": 0.5020500263471088, "pol3": -0.612650003708284, "pol4": 0.39225899082830895, "v0s": 7.200459042082684}, "datetime": {"datetime": "2022-06-16 02:32:20", "elapsed": 260987.51466, "delta": 13.899848}}
{"target": -1.0, "params": {"Bgrad": 1.5632100048946154, "d1": -2.6024655411749578, "d2": 0.027912931627638304, "d3": -1.805631537777078, "d4": -0.9889051966810003, "p1": 4.708883213770266, "p2": 40.727771940881716, "p3": 25.523339453324734, "p4": 22.09854527325405, "pol1": -0.7302169607464797, "pol2": 0.26975124600298184, "pol3": -0.29538027797636257, "pol4": 0.3654177311126434, "v0s": 6.574742572978097}, "datetime": {"datetime": "2022-06-16 16:43:00", "elapsed": 312027.219051, "delta": 51039.704391}}
{"target": -1.0, "params": {"Bgrad": 0.5101217169329633, "d1": -1.9637617847517332, "d2": -0.2883433485553146, "d3": -1.655600517370834, "d4": 0.000501516130911206, "p1": 27.84891342947407, "p2": 42.91201373822355, "p3": 28.52909957892557, "p4": 44.46996144523885, "pol1": -0.5450428504073785, "pol2": 0.5879597999615009, "pol3": -0.9321067666057181, "pol4": -0.8454654685838721, "v0s": 4.375414971398837}, "datetime": {"datetime": "2022-06-16 16:43:29", "elapsed": 312056.632459, "delta": 29.413408}}
{"target": -1.0, "params": {"Bgrad": 0.7786500518456088, "d1": 0.7767733987663363, "d2": 0.118733954392515, "d3": -0.025337691802179485, "d4": -1.032008790425985, "p1": 24.502428379023826, "p2": 29.0555332817891, "p3": 29.831318380713533, "p4": 44.90131859652526, "pol1": -0.7583306318923262, "pol2": 0.019228230874299257, "pol3": 0.991044052751638, "pol4": -0.037140966981444645, "v0s": 7.026876523417757}, "datetime": {"datetime": "2022-06-16 16:43:37", "elapsed": 312064.959214, "delta": 8.326755}}
{"target": -1.0, "params": {"Bgrad": 1.405483177715228, "d1": -0.34250022392760293, "d2": -1.9101544313571885, "d3": 0.3237329933588433, "d4": -2.022134828792471, "p1": 33.66812196999265, "p2": 4.406503415605146, "p3": 0.9426023127697303, "p4": 23.6173106337858, "pol1": 0.8779902609142054, "pol2": -0.3488503611203364, "pol3": -0.35569396259774266, "pol4": -0.895938552419066, "v0s": 6.051713638976599}, "datetime": {"datetime": "2022-06-16 16:43:52", "elapsed": 312079.61808, "delta": 14.658866}}
{"target": -1.0, "params": {"Bgrad": 1.58261099178957, "d1": 0.6148710018668893, "d2": -1.2514055551307282, "d3": -2.5619333514506684, "d4": -2.849571768020798, "p1": 44.038445324256685, "p2": 32.61278218213932, "p3": 45.77483834718068, "p4": 44.029845096595096, "pol1": -0.05951880094260331, "pol2": 0.3406807998042247, "pol3": 0.49013178201951835, "pol4": -0.1555756933452086, "v0s": 2.923507793911013}, "datetime": {"datetime": "2022-06-16 16:44:04", "elapsed": 312091.973069, "delta": 12.354989}}
{"target": -1.0, "params": {"Bgrad": 0.9261239227531435, "d1": -0.8060914555171546, "d2": -1.9770565456261426, "d3": 0.5669391864261013, "d4": -0.6769985446115618, "p1": 35.93368051336281, "p2": 43.101552844591765, "p3": 44.82814102718168, "p4": 47.88046217138764, "pol1": 0.25501670019942213, "pol2": 0.9979611488285016, "pol3": 0.5810147563502581, "pol4": -0.4583517612161836, "v0s": 7.943303177461002}, "datetime": {"datetime": "2022-06-16 16:44:17", "elapsed": 312104.205903, "delta": 12.232834}}
{"target": -1.0, "params": {"Bgrad": 1.702258420259916, "d1": -1.987540666348194, "d2": -2.8724109493636916, "d3": 0.8112391806937298, "d4": -0.7726719714767087, "p1": 27.635496148975786, "p2": 2.3688912118021155, "p3": 31.95191602969185, "p4": 25.005183590734276, "pol1": 0.6085899101684789, "pol2": -0.8609005657194322, "pol3": 0.12586196806520134, "pol4": -0.18263973920149468, "v0s": 5.310612191379561}, "datetime": {"datetime": "2022-06-16 16:44:29", "elapsed": 312117.033628, "delta": 12.827725}}
{"target": -1.0, "params": {"Bgrad": 1.0376951706913184, "d1": 0.9975014793623305, "d2": -1.1987046171356623, "d3": -1.6167051639267442, "d4": -2.241097547582942, "p1": 46.176383782121356, "p2": 5.2147049804763865, "p3": 22.01718733115305, "p4": 34.310027320981874, "pol1": -0.7151888974167717, "pol2": 0.8629923489474223, "pol3": -0.8822502088174755, "pol4": -0.5638007641437419, "v0s": 2.4631717229593626}, "datetime": {"datetime": "2022-06-16 16:44:40", "elapsed": 312127.528576, "delta": 10.494948}}
{"target": -1.0, "params": {"Bgrad": 1.1172678259363757, "d1": -0.610965735118187, "d2": -0.07543289027506361, "d3": 0.5137330891453082, "d4": -1.5870063368165108, "p1": 35.1231368682107, "p2": 2.4308187350705, "p3": 40.963092221291085, "p4": 15.913782047999248, "pol1": -0.5567153087854289, "pol2": -0.27792713735746344, "pol3": -0.7718601456231853, "pol4": -0.4125898093116154, "v0s": 2.052734298658197}, "datetime": {"datetime": "2022-06-16 16:44:53", "elapsed": 312140.858947, "delta": 13.330371}}
{"target": -1.0, "params": {"Bgrad": 0.8798955439213993, "d1": 0.3508511251046724, "d2": 0.23102410896893266, "d3": -1.4697293663000752, "d4": -1.2772811431922984, "p1": 9.129370681801868, "p2": 15.843706756461485, "p3": 20.868423037948634, "p4": 3.3234185077938463, "pol1": -0.3242251879859399, "pol2": -0.008657426139561997, "pol3": -0.9865573482910253, "pol4": -0.12384960336780937, "v0s": 3.312134553786034}, "datetime": {"datetime": "2022-06-16 16:45:09", "elapsed": 312156.649267, "delta": 15.79032}}
{"target": -1.0, "params": {"Bgrad": 0.8200984077728033, "d1": -2.0030442198631664, "d2": -2.4866970861951785, "d3": 0.7792531554797324, "d4": -2.323701102567939, "p1": 28.380627084840082, "p2": 8.57536993629563, "p3": 13.045897948059471, "p4": 33.83875273037537, "pol1": 0.006531375939606843, "pol2": -0.6854242354289248, "pol3": -0.8349865430438375, "pol4": 0.7637878266401084, "v0s": 3.451347232373295}, "datetime": {"datetime": "2022-06-16 16:45:24", "elapsed": 312172.026167, "delta": 15.3769}}
{"target": -1.0, "params": {"Bgrad": 1.9384603632150033, "d1": 0.5694563978219982, "d2": -2.36008948556002, "d3": -0.9851779532433862, "d4": -2.5243185159151764, "p1": 5.541903974005264, "p2": 34.81478866643426, "p3": 13.57752515671294, "p4": 48.31940907860442, "pol1": 0.6784918611493693, "pol2": -0.8149595484859233, "pol3": -0.21888528502150373, "pol4": -0.7515653238826618, "v0s": 5.3323534322425425}, "datetime": {"datetime": "2022-06-16 16:45:40", "elapsed": 312187.239504, "delta": 15.213337}}
{"target": -1.0, "params": {"Bgrad": 0.7431575246405449, "d1": 0.3270679071708673, "d2": -1.9692206125100395, "d3": -0.9577337714317218, "d4": 0.1298151885938621, "p1": 26.916942987179794, "p2": 26.44117099448354, "p3": 42.74200452624919, "p4": 12.255020667237137, "pol1": -0.7458000372799065, "pol2": 0.12048944207330003, "pol3": -0.7432401752131295, "pol4": -0.33768512195253675, "v0s": 3.9586389692284776}, "datetime": {"datetime": "2022-06-16 16:45:47", "elapsed": 312194.969843, "delta": 7.730339}}
{"target": -1.0, "params": {"Bgrad": 1.9220667582431519, "d1": -1.4963428304256583, "d2": -1.1235578531119121, "d3": 0.7893690138374421, "d4": 0.3135215425981652, "p1": 33.599996792091346, "p2": 13.365564325957656, "p3": 6.663244764996367, "p4": 16.698134778704848, "pol1": -0.6803597973691247, "pol2": 0.9208000444402875, "pol3": -0.5981246145479555, "pol4": -0.37866602975207897, "v0s": 5.968520040059126}, "datetime": {"datetime": "2022-06-16 16:46:05", "elapsed": 312212.296532, "delta": 17.326689}}
{"target": -1.0, "params": {"Bgrad": 1.1564338559417655, "d1": -0.640672627986731, "d2": 0.39538440714530454, "d3": -0.6474075663007866, "d4": -1.0120876017637168, "p1": 41.778882087604195, "p2": 39.89829078638153, "p3": 49.05803375477394, "p4": 47.43030288425316, "pol1": 0.8343780700443464, "pol2": -0.010349892930504145, "pol3": 0.474304889752291, "pol4": 0.20104294281966473, "v0s": 6.427996202441604}, "datetime": {"datetime": "2022-06-16 16:46:23", "elapsed": 312230.148833, "delta": 17.852301}}
{"target": -1.0, "params": {"Bgrad": 1.0636412425972164, "d1": 0.6444268137953042, "d2": 0.48923437671490033, "d3": -0.18133719715746333, "d4": -1.9550851585511628, "p1": 25.053469817215184, "p2": 10.885287583527404, "p3": 5.126002227661363, "p4": 28.898054114535228, "pol1": -0.04080814557343437, "pol2": -0.5050164107998316, "pol3": -0.10664797633327017, "pol4": -0.7232136633847162, "v0s": 5.136814276923759}, "datetime": {"datetime": "2022-06-16 16:46:37", "elapsed": 312244.839566, "delta": 14.690733}}
{"target": -1.0, "params": {"Bgrad": 1.9555576682793125, "d1": 0.2951287895523165, "d2": -2.9822414986760224, "d3": -2.6335219625857857, "d4": -2.897697243383036, "p1": 15.421350950193036, "p2": 49.032148496903474, "p3": 23.020188086232, "p4": 20.48726386261418, "pol1": -0.18356214722777664, "pol2": 0.649628700842078, "pol3": 0.16341001126879728, "pol4": -0.761296343064592, "v0s": 4.668400122937594}, "datetime": {"datetime": "2022-06-16 16:46:53", "elapsed": 312260.488766, "delta": 15.6492}}
{"target": -1.0, "params": {"Bgrad": 0.7196067689938056, "d1": -0.33570904124312584, "d2": -2.5105227764965745, "d3": -2.6532439697453345, "d4": -0.18655671325867074, "p1": 20.562919512859718, "p2": 49.805539403236075, "p3": 26.70245775520459, "p4": 38.95072860735749, "pol1": 0.737258381391656, "pol2": 0.5974947850187395, "pol3": -0.5718262693799563, "pol4": 0.36073510709578627, "v0s": 2.0277466905668997}, "datetime": {"datetime": "2022-06-16 16:47:01", "elapsed": 312268.144304, "delta": 7.655538}}
{"target": -1.0, "params": {"Bgrad": 1.6936980172253437, "d1": -2.1366695565528304, "d2": 0.9468914017522492, "d3": 0.776584263716654, "d4": -0.6595350715356552, "p1": 8.023384310601717, "p2": 35.17008579862737, "p3": 20.872687776522238, "p4": 23.3384464859731, "pol1": -0.3900633344635611, "pol2": 0.7383308297624436, "pol3": -0.06115994775655009, "pol4": 0.6123148804245344, "v0s": 6.84079594468539}, "datetime": {"datetime": "2022-06-16 16:47:16", "elapsed": 312283.495273, "delta": 15.350969}}
{"target": 5.327063200754665, "params": {"Bgrad": 1.3355396138233795, "d1": -1.4554897890189396, "d2": -0.2517344415980358, "d3": -0.2763864997322649, "d4": -2.2722289798810786, "p1": 38.20755325718104, "p2": 8.25882740945379, "p3": 16.205367832995975, "p4": 43.51054370651817, "pol1": 0.14333612052221256, "pol2": -0.4868016125806518, "pol3": 0.847848803191557, "pol4": 0.3211548611540904, "v0s": 5.327063200754665}, "datetime": {"datetime": "2022-06-16 16:47:30", "elapsed": 312297.280428, "delta": 13.785155}}
{"target": -1.0, "params": {"Bgrad": 1.9899805905474772, "d1": 0.3822133227644411, "d2": -0.29122878226572313, "d3": -2.6730778883647335, "d4": -1.5422169235225978, "p1": 25.108418845052395, "p2": 30.88277559440671, "p3": 31.99390465000264, "p4": 36.255742301359184, "pol1": 0.820477742426005, "pol2": 0.13655417461245722, "pol3": 0.9605378640715776, "pol4": -0.7736039306738376, "v0s": 4.7940736919094835}, "datetime": {"datetime": "2022-06-16 16:47:46", "elapsed": 312314.003729, "delta": 16.723301}}
{"target": -1.0, "params": {"Bgrad": 0.6525089329199286, "d1": -0.030200103861671046, "d2": 0.2273024743564016, "d3": -0.907372423758297, "d4": -1.269875148439251, "p1": 3.3497469639050093, "p2": 28.230641346049396, "p3": 12.741387113858066, "p4": 4.116593479445962, "pol1": 0.4674186639710336, "pol2": 0.4868858844157835, "pol3": -0.257839821847619, "pol4": -0.6310509323103206, "v0s": 5.0773367382392705}, "datetime": {"datetime": "2022-06-16 16:47:56", "elapsed": 312323.236076, "delta": 9.232347}}
{"target": -1.0, "params": {"Bgrad": 0.6401845590004789, "d1": 0.11376744109273762, "d2": -1.096182799030986, "d3": 0.8438522954909873, "d4": -2.5639182476514226, "p1": 34.897979741934684, "p2": 40.17807960950513, "p3": 36.34368105057534, "p4": 23.07271811315636, "pol1": 0.09222004277779283, "pol2": 0.23037735546935356, "pol3": -0.8817891270488871, "pol4": 0.991346118118585, "v0s": 3.5294457059505833}, "datetime": {"datetime": "2022-06-16 16:48:09", "elapsed": 312336.902548, "delta": 13.666472}}
{"target": -1.0, "params": {"Bgrad": 1.465111081917443, "d1": -2.4942675864498063, "d2": -2.328547048050474, "d3": -1.0355805297663183, "d4": -1.8459970681243258, "p1": 25.21200792206932, "p2": 5.10906890886424, "p3": 20.96474809160797, "p4": 13.430078334201106, "pol1": 0.16380447796352526, "pol2": -0.6565889723070373, "pol3": 0.9246434648597401, "pol4": 0.0884230379981128, "v0s": 6.21171364437982}, "datetime": {"datetime": "2022-06-16 16:48:22", "elapsed": 312349.54775, "delta": 12.645202}}
{"target": -1.0, "params": {"Bgrad": 1.8985493469918053, "d1": -1.6185289293681349, "d2": -0.9371330214433793, "d3": 0.14636542465846292, "d4": -2.7223596764395825, "p1": 37.6610684917244, "p2": 5.873971036300718, "p3": 19.456502730262397, "p4": 34.84964344416001, "pol1": -0.8802563480324275, "pol2": 0.3299657179434188, "pol3": 0.9438287111999855, "pol4": -0.5011595384249197, "v0s": 3.554824583598977}, "datetime": {"datetime": "2022-06-16 16:49:54", "elapsed": 312441.904401, "delta": 92.356651}}
{"target": -1.0, "params": {"Bgrad": 0.6308464582894714, "d1": -2.627900943157015, "d2": -1.7423786446307514, "d3": 0.330124341478339, "d4": -0.9503209813643405, "p1": 19.282019658325815, "p2": 9.125214902720408, "p3": 48.800882791029714, "p4": 37.071895746408856, "pol1": -0.31967265042846815, "pol2": 0.8446685609559379, "pol3": 0.17266175756127522, "pol4": -0.4696049362354766, "v0s": 4.8893984066361345}, "datetime": {"datetime": "2022-06-16 16:50:19", "elapsed": 312466.311166, "delta": 24.406765}}
{"target": -1.0, "params": {"Bgrad": 1.151578913954834, "d1": -1.7899968704032823, "d2": -0.372951733383311, "d3": 0.16877583495572512, "d4": -1.586943936121938, "p1": 21.893699196664958, "p2": 48.15180291477908, "p3": 12.975648160273407, "p4": 35.96302141907618, "pol1": 0.7022758387676651, "pol2": 0.4836656085803568, "pol3": -0.5668938175752456, "pol4": -0.12938498535708542, "v0s": 5.6525587843684635}, "datetime": {"datetime": "2022-06-16 16:50:35", "elapsed": 312482.067053, "delta": 15.755887}}
{"target": -1.0, "params": {"Bgrad": 1.3873348899775668, "d1": 0.8075424230601809, "d2": -1.5663866857974873, "d3": -0.8728267272385657, "d4": -1.4064903155890227, "p1": 30.736465362027715, "p2": 23.242305997751032, "p3": 47.77432493103039, "p4": 35.4243516900657, "pol1": -0.0023030786635565015, "pol2": -0.014183144463439046, "pol3": -0.5030067169553591, "pol4": -0.5692273446124789, "v0s": 4.303158323123286}, "datetime": {"datetime": "2022-06-16 16:50:48", "elapsed": 312496.04968, "delta": 13.982627}}
{"target": -1.0, "params": {"Bgrad": 0.9041251349468113, "d1": -1.806779272108178, "d2": -2.1401005702665508, "d3": -1.2771383846209972, "d4": -2.0506042861528444, "p1": 21.452411705979745, "p2": 36.91142914382313, "p3": 9.515615274541755, "p4": 49.0239641491828, "pol1": -0.49811995750139193, "pol2": -0.816144606572833, "pol3": 0.3244078849571852, "pol4": -0.7517286466580713, "v0s": 4.751266457890244}, "datetime": {"datetime": "2022-06-16 16:51:02", "elapsed": 312509.596472, "delta": 13.546792}}
{"target": -1.0, "params": {"Bgrad": 1.332366054798502, "d1": 0.6488718058601992, "d2": 0.3631236424735311, "d3": -1.0941046578599924, "d4": 0.5223993085002951, "p1": 40.676554772944975, "p2": 9.731931712054736, "p3": 33.622451809567366, "p4": 35.96136326561568, "pol1": 0.30514531066291717, "pol2": -0.1886854084840579, "pol3": -0.9127791662236899, "pol4": -0.24201362776284951, "v0s": 2.198967264829042}, "datetime": {"datetime": "2022-06-16 16:51:16", "elapsed": 312523.803035, "delta": 14.206563}}
{"target": -1.0, "params": {"Bgrad": 0.8663053205914109, "d1": 0.37113490528511717, "d2": -1.101141200302381, "d3": -2.2178357389471786, "d4": 0.7337552758549535, "p1": 8.792196724587065, "p2": 35.50947987269048, "p3": 12.607907446874444, "p4": 6.287750704584022, "pol1": -0.15295760960339022, "pol2": -0.3862507707554763, "pol3": 0.11247003025774682, "pol4": -0.9886088431392597, "v0s": 4.411244571987055}, "datetime": {"datetime": "2022-06-16 16:51:30", "elapsed": 312537.242112, "delta": 13.439077}}
{"target": -1.0, "params": {"Bgrad": 0.9865608857374925, "d1": -2.164488731333707, "d2": 0.058787176579004896, "d3": -2.137090584600902, "d4": -1.5310854430469347, "p1": 3.0730907213539105, "p2": 39.95368575687593, "p3": 42.88815908148923, "p4": 48.95015611387846, "pol1": 0.9012865473537561, "pol2": -0.025820809639290454, "pol3": -0.40737182142124295, "pol4": 0.38833075154214947, "v0s": 6.347635696451185}, "datetime": {"datetime": "2022-06-16 16:51:45", "elapsed": 312552.599077, "delta": 15.356965}}
{"target": -1.0, "params": {"Bgrad": 1.8025326343778947, "d1": -2.174712237840454, "d2": -1.4041853147570476, "d3": 0.15537323746902576, "d4": -2.109251462978607, "p1": 24.10904792971517, "p2": 39.0482746313826, "p3": 30.232988196913187, "p4": 9.95205891483545, "pol1": -0.015319691668580715, "pol2": 0.9605490560511554, "pol3": -0.6161672759715062, "pol4": -0.51458490675037, "v0s": 4.492729852605041}, "datetime": {"datetime": "2022-06-16 16:52:02", "elapsed": 312569.869915, "delta": 17.270838}}
{"target": -1.0, "params": {"Bgrad": 1.692564713322825, "d1": 0.4396923641610755, "d2": 0.07513969866154424, "d3": -1.3093679274166545, "d4": -1.9496271655721205, "p1": 29.555446632887517, "p2": 27.81633281406902, "p3": 16.15093885041131, "p4": 12.24020163803628, "pol1": 0.25834104993327167, "pol2": -0.2771198652619824, "pol3": -0.1068779630143768, "pol4": -0.15262155317960935, "v0s": 5.629893030152816}, "datetime": {"datetime": "2022-06-16 16:52:19", "elapsed": 312586.393749, "delta": 16.523834}}
{"target": -1.0, "params": {"Bgrad": 0.600675009656446, "d1": -1.1408654480994023, "d2": 0.7452709842444314, "d3": -2.4076640473115587, "d4": 0.5263573805422226, "p1": 9.929551293358147, "p2": 24.14141878897388, "p3": 24.548367087488216, "p4": 11.74000939857116, "pol1": 0.1931668954859187, "pol2": 0.6741184473640833, "pol3": -0.5144574323862696, "pol4": 0.011451488404292665, "v0s": 4.8103680946791645}, "datetime": {"datetime": "2022-06-16 16:52:32", "elapsed": 312599.868733, "delta": 13.474984}}
{"target": -1.0, "params": {"Bgrad": 1.7073528925331412, "d1": -1.0581369987526905, "d2": -2.808023861397187, "d3": -1.8043668019537362, "d4": -0.113464654769877, "p1": 27.038127355143963, "p2": 35.65060764201909, "p3": 44.521257593588764, "p4": 1.847382363857425, "pol1": -0.6768514215454682, "pol2": -0.5876355328910137, "pol3": 0.0963843926383452, "pol4": 0.37499462706947995, "v0s": 4.053990189572962}, "datetime": {"datetime": "2022-06-16 16:52:49", "elapsed": 312616.18862, "delta": 16.319887}}
{"target": -1.0, "params": {"Bgrad": 1.8047031717867312, "d1": 0.5167907973180355, "d2": -2.2395126868182715, "d3": -0.8726947536327083, "d4": 0.9581287059493993, "p1": 2.8786286462081034, "p2": 4.171540237756011, "p3": 20.881465552525203, "p4": 42.73062389544165, "pol1": -0.2028219681600274, "pol2": -0.9801022658080456, "pol3": 0.291084402796876, "pol4": -0.41239308770322514, "v0s": 2.8995827464538437}, "datetime": {"datetime": "2022-06-16 16:53:03", "elapsed": 312630.735738, "delta": 14.547118}}
{"target": -1.0, "params": {"Bgrad": 0.6616777619350357, "d1": 0.47559327937023177, "d2": -2.9869390178975657, "d3": -0.9256540419075345, "d4": -0.7967164993968869, "p1": 5.79749546400809, "p2": 10.002054736046857, "p3": 43.1111106572358, "p4": 5.848607375924764, "pol1": 0.649407281457355, "pol2": -0.6138213641717087, "pol3": 0.9910916875341995, "pol4": -0.057176644607420446, "v0s": 5.283625777014299}, "datetime": {"datetime": "2022-06-16 16:53:10", "elapsed": 312637.830775, "delta": 7.095037}}
{"target": 2.443022728802662, "params": {"Bgrad": 0.623410838435061, "d1": -2.794826959302898, "d2": -2.1703020764525442, "d3": -2.3568443480967893, "d4": -1.1957433883536002, "p1": 31.497401154692785, "p2": 36.31647103769414, "p3": 22.802445263410743, "p4": 18.846516276433473, "pol1": -0.8711708888200114, "pol2": 0.07667394765538749, "pol3": -0.09792667327714066, "pol4": -0.1952848382987653, "v0s": 2.443022728802662}, "datetime": {"datetime": "2022-06-16 16:53:16", "elapsed": 312643.16751, "delta": 5.336735}}
{"target": -1.0, "params": {"Bgrad": 0.7907229165976661, "d1": -0.5662726257496176, "d2": 0.6603368179274818, "d3": -0.47392249936636155, "d4": -0.6892971629326197, "p1": 17.11900524337536, "p2": 6.773604677214179, "p3": 25.419352603575252, "p4": 32.3132193255017, "pol1": 0.9350321024434483, "pol2": 0.5239055102920092, "pol3": -0.6340032306689689, "pol4": -0.520677922664168, "v0s": 7.742030955842701}, "datetime": {"datetime": "2022-06-16 16:53:27", "elapsed": 312654.192044, "delta": 11.024534}}
{"target": -1.0, "params": {"Bgrad": 1.6369991488270976, "d1": -2.228319000539186, "d2": -0.19219389755356353, "d3": 0.33389830598088865, "d4": -1.2549980312648303, "p1": 0.4738364168336451, "p2": 33.40551315057972, "p3": 3.4867686590956124, "p4": 11.890141675867765, "pol1": -0.8059380668116785, "pol2": 0.7409356979163229, "pol3": 0.6680753716482968, "pol4": -0.5296784110840933, "v0s": 6.526298872564081}, "datetime": {"datetime": "2022-06-16 16:53:43", "elapsed": 312670.457569, "delta": 16.265525}}
