{"target": -1.0, "params": {"Bgrad": 1.5590408422034279, "d1": 0.8111172629995824, "d2": 0.15320284236939763, "d3": -0.43922963703678164, "d4": 0.9616587335780724, "p1": 12.433932103666939, "p2": 25.353138258694386, "p3": 30.657667933195142, "p4": 49.318879998387914, "pol1": 0.8305221433584062, "pol2": 0.8687696958421713, "pol3": -0.7313161209653671, "pol4": -0.603145302570774, "v0s": 2.666456998986363}, "datetime": {"datetime": "2022-06-16 01:27:47", "elapsed": 257114.890529, "delta": 24.027775}}
{"target": -1.0, "params": {"Bgrad": 1.4857790921562108, "d1": -0.5174241473589225, "d2": -0.7517320623857686, "d3": 0.539502123088655, "d4": -1.6555260999291446, "p1": 30.441655269733825, "p2": 14.144317124073707, "p3": 35.35508095162019, "p4": 20.14383474957778, "pol1": -0.208990702512031, "pol2": 0.7225068554033423, "pol3": -0.3747295958542738, "pol4": -0.8413168453182143, "v0s": 6.572520387516604}, "datetime": {"datetime": "2022-06-16 01:28:07", "elapsed": 257134.413349, "delta": 19.52282}}
{"target": -1.0, "params": {"Bgrad": 1.5080233163763699, "d1": -2.7430376824816634, "d2": -2.329499014870529, "d3": 0.585341322849894, "d4": -2.1138826651300207, "p1": 20.93517548868319, "p2": 31.846839626712587, "p3": 47.08997431227792, "p4": 8.056550878486451, "pol1": -0.6002264903529901, "pol2": 0.5287950172001863, "pol3": -0.5182590493202359, "pol4": -0.2762792319404217, "v0s": 6.343907106767244}, "datetime": {"datetime": "2022-06-16 01:28:26", "elapsed": 257153.882311, "delta": 19.468962}}
{"target": -1.0, "params": {"Bgrad": 1.8403596081467646, "d1": -2.4216051750267313, "d2": -2.6003067051069224, "d3": -0.76498015082639, "d4": 0.6595833548865007, "p1": 19.893617777268158, "p2": 44.556374319936495, "p3": 22.71514042240712, "p4": 11.512865629582752, "pol1": 0.9471876580206544, "pol2": -0.509284033631717, "pol3": -0.22180976184436307, "pol4": -0.31223607976877576, "v0s": 6.176872224680669}, "datetime": {"datetime": "2022-06-16 01:28:45", "elapsed": 257172.80972, "delta": 18.927409}}
{"target": -1.0, "params": {"Bgrad": 0.5479631536599485, "d1": -0.9750139299655616, "d2": -0.2581534573606761, "d3": -1.5873145502099906, "d4": -0.8009116848274678, "p1": 46.54445907240997, "p2": 12.325203238297844, "p3": 1.841518567418926, "p4": 49.851062588304224, "pol1": -0.5370611240881566, "pol2": -0.6384064516276147, "pol3": -0.6515189325622608, "pol4": -0.20369171789619567, "v0s": 6.909300142000557}, "datetime": {"datetime": "2022-06-16 01:28:57", "elapsed": 257184.724873, "delta": 11.915153}}
{"target": -1.0, "params": {"Bgrad": 0.8690915234058834, "d1": -0.6345080051122927, "d2": -2.3852544740043853, "d3": -0.6326590471132865, "d4": -1.1182184918333578, "p1": 16.170189848319684, "p2": 43.83847191578726, "p3": 21.166050404297664, "p4": 13.800222061574335, "pol1": -0.1982161475468014, "pol2": -0.3701535638897584, "pol3": 0.004691168526415268, "pol4": -0.29287279604219574, "v0s": 7.400266899744985}, "datetime": {"datetime": "2022-06-16 01:29:13", "elapsed": 257200.074846, "delta": 15.349973}}
{"target": -1.0, "params": {"Bgrad": 1.6309467435118394, "d1": 0.5404325437568933, "d2": 0.3586515935238861, "d3": -2.5515777253639285, "d4": -2.3975817516860967, "p1": 32.681760118914795, "p2": 11.71192052124872, "p3": 43.83261506249395, "p4": 18.0074642390334, "pol1": 0.8608250116934966, "pol2": -0.4829817385212254, "pol3": 0.13985532571474746, "pol4": -0.09060642785044104, "v0s": 2.725268279246161}, "datetime": {"datetime": "2022-06-16 01:29:32", "elapsed": 257219.680443, "delta": 19.605597}}
{"target": -1.0, "params": {"Bgrad": 1.1196857331858316, "d1": -1.1387275459761974, "d2": -2.33218761504702, "d3": -0.9259712964651401, "d4": -1.0293793370067101, "p1": 36.95929138813771, "p2": 7.147559816254734, "p3": 38.42760660855723, "p4": 13.730374897439862, "pol1": -0.47558955358934174, "pol2": -0.23936168429970728, "pol3": -0.3876615688284888, "pol4": -0.9442883802078594, "v0s": 2.225352008066617}, "datetime": {"datetime": "2022-06-16 01:29:44", "elapsed": 257231.160758, "delta": 11.480315}}
{"target": 3.3560734989135432, "params": {"Bgrad": 1.591043550407467, "d1": -1.0510777700389538, "d2": -2.6579097245385452, "d3": -2.0442452945297847, "d4": 0.19085292086643957, "p1": 0.19012101248622182, "p2": 3.702103362263276, "p3": 27.15598734067271, "p4": 35.80620754108486, "pol1": -0.9379912408197884, "pol2": 0.12126876636681061, "pol3": -0.4478218756117587, "pol4": 0.9815184105916386, "v0s": 3.3560734989135432}, "datetime": {"datetime": "2022-06-16 01:30:01", "elapsed": 257248.505399, "delta": 17.344641}}
{"target": -1.0, "params": {"Bgrad": 1.47029062587569, "d1": -0.27922044539141444, "d2": 0.5676412084375104, "d3": -0.6110463468664271, "d4": -1.7949408604974475, "p1": 11.066614674514707, "p2": 10.013428361041493, "p3": 15.143615752154844, "p4": 23.999062109086832, "pol1": 0.8891241701753212, "pol2": -0.8023920680099805, "pol3": -0.8148929839504624, "pol4": -0.3745087876138069, "v0s": 6.763589529556312}, "datetime": {"datetime": "2022-06-16 01:30:17", "elapsed": 257264.846722, "delta": 16.341323}}
{"target": -1.0, "params": {"Bgrad": 1.6037430339939875, "d1": -1.8120760473898523, "d2": 0.09611747827466033, "d3": 0.39790040761703915, "d4": -2.6476062032646914, "p1": 48.297721716127434, "p2": 41.213003802934054, "p3": 19.773559467483725, "p4": 39.30326106093883, "pol1": 0.6974083964701587, "pol2": 0.7426089431031675, "pol3": -0.39585392812120923, "pol4": -0.677692983411869, "v0s": 6.7744757331671765}, "datetime": {"datetime": "2022-06-16 01:30:41", "elapsed": 257288.763795, "delta": 23.917073}}
{"target": 4.855419555315858, "params": {"Bgrad": 1.4903842879561524, "d1": -2.9828737465455046, "d2": -1.2770425711287356, "d3": -1.3729933284439753, "d4": -2.8352539910482295, "p1": 41.075457158612465, "p2": 4.870155622420152, "p3": 11.37154531389598, "p4": 41.795343370951535, "pol1": 0.8231597037367513, "pol2": -0.7442750338230144, "pol3": -0.9391143063224694, "pol4": -0.3843898266293675, "v0s": 4.855419555315858}, "datetime": {"datetime": "2022-06-16 01:30:56", "elapsed": 257303.95918, "delta": 15.195385}}
{"target": -1.0, "params": {"Bgrad": 1.2628418432489332, "d1": -0.35465917676010106, "d2": -0.6808856695779464, "d3": -1.2301430700831504, "d4": -2.457849991668578, "p1": 14.520641576166, "p2": 11.1852918868935, "p3": 14.935433311923463, "p4": 10.034023643266071, "pol1": -0.5872659654378862, "pol2": -0.5247079999591457, "pol3": 0.5739036187970827, "pol4": -0.23638966440136233, "v0s": 2.845952123763163}, "datetime": {"datetime": "2022-06-16 01:31:12", "elapsed": 257319.68415, "delta": 15.72497}}
{"target": -1.0, "params": {"Bgrad": 0.7453421244726752, "d1": 0.7129936318335224, "d2": -1.7600308812201342, "d3": -2.7650334041720903, "d4": -1.0277043169650835, "p1": 48.271392176278674, "p2": 20.377179793242984, "p3": 31.544190777137622, "p4": 44.441985862874205, "pol1": -0.5149197182451055, "pol2": 0.4793331910014895, "pol3": 0.5539450379240489, "pol4": 0.8550518035641601, "v0s": 6.067410113058516}, "datetime": {"datetime": "2022-06-16 01:31:24", "elapsed": 257331.58933, "delta": 11.90518}}
{"target": -1.0, "params": {"Bgrad": 0.884297329839951, "d1": 0.553349617715837, "d2": -1.0142364683169598, "d3": 0.7840959879520484, "d4": 0.29400126695873263, "p1": 8.9142762336322, "p2": 12.936747134592263, "p3": 41.05064222285099, "p4": 43.196751138982975, "pol1": -0.6448346460666823, "pol2": -0.927607758250891, "pol3": -0.3565836889545555, "pol4": -0.2813491330651079, "v0s": 7.5697772130342145}, "datetime": {"datetime": "2022-06-16 01:31:41", "elapsed": 257348.678653, "delta": 17.089323}}
{"target": -1.0, "params": {"Bgrad": 0.9531334784822145, "d1": -1.0680256382864495, "d2": -1.3636996278183524, "d3": -2.4054674141574717, "d4": -0.5892213026693014, "p1": 2.7332253402686133, "p2": 2.295982789863271, "p3": 21.046507813101606, "p4": 6.590465745298651, "pol1": -0.8015926156707032, "pol2": -0.7578947611091569, "pol3": 0.02814335656563438, "pol4": -0.36595553094597655, "v0s": 7.456486936238072}, "datetime": {"datetime": "2022-06-16 01:31:57", "elapsed": 257364.647969, "delta": 15.969316}}
{"target": 2.8024691939569664, "params": {"Bgrad": 1.0361576934627443, "d1": -0.42470644313839623, "d2": 0.03198094704299814, "d3": -0.5949095135354128, "d4": -1.3724684885133618, "p1": 24.465901678027592, "p2": 27.392144930036917, "p3": 35.797926121862, "p4": 46.9796751000276, "pol1": 0.8901800582721473, "pol2": -0.5913911247426218, "pol3": 0.21689281483624834, "pol4": 0.9588788915291246, "v0s": 2.8024691939569664}, "datetime": {"datetime": "2022-06-16 01:32:13", "elapsed": 257380.092688, "delta": 15.444719}}
{"target": 2.1917625848739175, "params": {"Bgrad": 1.357771529906664, "d1": -0.17249599706244778, "d2": -1.0101340257447897, "d3": -0.14384888614966185, "d4": -2.38651088181811, "p1": 24.396501650928414, "p2": 15.50646999111972, "p3": 43.96705313894038, "p4": 42.446270913875104, "pol1": 0.7827914512409526, "pol2": -0.2520139299128681, "pol3": 0.6981393952124115, "pol4": 0.34252803345921357, "v0s": 2.1917625848739175}, "datetime": {"datetime": "2022-06-16 01:32:22", "elapsed": 257389.807722, "delta": 9.715034}}
{"target": 3.519530463196615, "params": {"Bgrad": 1.9227468660215226, "d1": 0.3644258724739653, "d2": 0.27855746968389417, "d3": -0.6696583942374441, "d4": -2.26909155315774, "p1": 10.457889714564917, "p2": 5.4573381732791475, "p3": 40.74085156437256, "p4": 48.45351196426779, "pol1": -0.7758969666668762, "pol2": -0.05839029720321576, "pol3": -0.06369561970299964, "pol4": 0.8019148941776975, "v0s": 3.519530463196615}, "datetime": {"datetime": "2022-06-16 01:32:33", "elapsed": 257401.05865, "delta": 11.250928}}
{"target": -1.0, "params": {"Bgrad": 1.2487378156950357, "d1": -0.846178913519795, "d2": -0.4087144876664741, "d3": -0.39792155902480486, "d4": -0.6440697398423092, "p1": 10.807529072887162, "p2": 47.30359066392245, "p3": 20.840432612657967, "p4": 31.934545689001837, "pol1": 0.11258226306397923, "pol2": -0.7820374387815288, "pol3": 0.5576868801653081, "pol4": 0.449537035534576, "v0s": 5.256845529782499}, "datetime": {"datetime": "2022-06-16 01:32:50", "elapsed": 257417.83481, "delta": 16.77616}}
{"target": -1.0, "params": {"Bgrad": 0.640953877300649, "d1": -0.1296550242366017, "d2": -0.5227138976347439, "d3": -1.9135640693933627, "d4": -2.800907386910407, "p1": 17.9536536159845, "p2": 0.8581853858730504, "p3": 33.894257243869056, "p4": 40.31594605341401, "pol1": -0.7106829530430996, "pol2": 0.4745530276922485, "pol3": -0.13360688109176233, "pol4": -0.13556685881117003, "v0s": 5.300466041742916}, "datetime": {"datetime": "2022-06-16 01:33:02", "elapsed": 257429.786864, "delta": 11.952054}}
{"target": -1.0, "params": {"Bgrad": 0.5532824633777733, "d1": -1.324135864822305, "d2": -1.4511074465445013, "d3": 0.778776969178367, "d4": -2.6343224755219126, "p1": 45.25719223632545, "p2": 5.957328972698256, "p3": 25.539463765265392, "p4": 44.24365368358457, "pol1": -0.7013858808639795, "pol2": 0.29252822084384134, "pol3": -0.3611814188626892, "pol4": -0.03279585162737342, "v0s": 5.594464168426894}, "datetime": {"datetime": "2022-06-16 01:33:15", "elapsed": 257442.162786, "delta": 12.375922}}
{"target": -1.0, "params": {"Bgrad": 1.734113795764543, "d1": -1.1178127623866319, "d2": -2.590592249443942, "d3": -0.48623697699978674, "d4": -2.2600309268639704, "p1": 6.717019491642456, "p2": 26.447145861766085, "p3": 41.731498875701156, "p4": 35.09983087619224, "pol1": 0.7510451764886852, "pol2": 0.7093817980148454, "pol3": -0.8502425178280717, "pol4": 0.05583238358913056, "v0s": 6.807235286283103}, "datetime": {"datetime": "2022-06-16 01:33:36", "elapsed": 257463.617441, "delta": 21.454655}}
{"target": 2.615429659489924, "params": {"Bgrad": 1.018109686325177, "d1": -1.7621322681564644, "d2": -2.356306499801205, "d3": -2.8028115969061025, "d4": -0.3436927467640527, "p1": 23.638978819932188, "p2": 6.362087938088079, "p3": 49.692392354218214, "p4": 26.0898723591288, "pol1": 0.8140646308328847, "pol2": -0.20258037663313866, "pol3": 0.557240111666166, "pol4": -0.9204536308864999, "v0s": 2.615429659489924}, "datetime": {"datetime": "2022-06-16 01:33:52", "elapsed": 257479.987686, "delta": 16.370245}}
{"target": -1.0, "params": {"Bgrad": 1.5923778043241026, "d1": -0.3234964949941195, "d2": -0.29971572931971346, "d3": -0.9567839960733071, "d4": 0.10526070433978507, "p1": 30.96766537833358, "p2": 10.870940489424969, "p3": 24.595454127217153, "p4": 17.304528351958243, "pol1": -0.46101425133783325, "pol2": 0.5373628901477412, "pol3": -0.41142505151530506, "pol4": 0.16305069987169163, "v0s": 7.9887817639536305}, "datetime": {"datetime": "2022-06-16 01:34:08", "elapsed": 257495.80441, "delta": 15.816724}}
{"target": -1.0, "params": {"Bgrad": 1.2533076276386137, "d1": -1.6153258020263794, "d2": -1.0328509764353124, "d3": 0.8229665969329232, "d4": -2.4513600359400423, "p1": 25.260490554912117, "p2": 40.54795542628475, "p3": 7.964141581200879, "p4": 17.824868681729654, "pol1": 0.559231735586156, "pol2": 0.39573482782741576, "pol3": 0.8443152979332846, "pol4": -0.724230670891995, "v0s": 7.803037447715218}, "datetime": {"datetime": "2022-06-16 01:34:25", "elapsed": 257512.658363, "delta": 16.853953}}
{"target": 2.2317084776580214, "params": {"Bgrad": 1.5032219771344069, "d1": -1.161545823892626, "d2": -1.8582223050630287, "d3": -0.4651876949611058, "d4": -2.105533625893006, "p1": 28.72725615534901, "p2": 18.671334933397066, "p3": 31.91157775760151, "p4": 10.447704273142849, "pol1": 0.5373446103519086, "pol2": -0.5215373410495405, "pol3": -0.5391714463562975, "pol4": -0.566788222631438, "v0s": 2.2317084776580214}, "datetime": {"datetime": "2022-06-16 01:34:35", "elapsed": 257522.703514, "delta": 10.045151}}
{"target": -1.0, "params": {"Bgrad": 1.9683962179496828, "d1": -2.80166732574994, "d2": -1.6708171812700687, "d3": -1.8589427004631354, "d4": -2.5275515234407764, "p1": 39.104608468148136, "p2": 41.669841946806216, "p3": 34.02667475967407, "p4": 5.166523125515877, "pol1": 0.4031998853360519, "pol2": 0.529491630092275, "pol3": 0.6160108915761231, "pol4": -0.3861750672498214, "v0s": 6.564119159291405}, "datetime": {"datetime": "2022-06-16 01:34:58", "elapsed": 257545.701045, "delta": 22.997531}}
{"target": 3.1268168410721158, "params": {"Bgrad": 1.9609839616470273, "d1": 0.6704080906106582, "d2": -0.5229821586475016, "d3": -2.1639401448841826, "d4": -0.8180273660217128, "p1": 13.145943609300204, "p2": 47.20793859070187, "p3": 5.410840705207748, "p4": 39.509691291379454, "pol1": 0.8751500752822865, "pol2": 0.3993087038001544, "pol3": 0.885143594158796, "pol4": -0.4531645625540186, "v0s": 3.1268168410721158}, "datetime": {"datetime": "2022-06-16 01:35:07", "elapsed": 257554.672067, "delta": 8.971022}}
{"target": -1.0, "params": {"Bgrad": 1.2667181638351233, "d1": -1.231518180408365, "d2": 0.3986897492374788, "d3": -0.9455741703309446, "d4": 0.49539951885084843, "p1": 28.764516323595103, "p2": 26.831922041366262, "p3": 19.088794689902226, "p4": 48.0450979180972, "pol1": -0.5211501728987344, "pol2": -0.04628856771454326, "pol3": 0.6016896704215442, "pol4": 0.4362364040567348, "v0s": 4.412307078937664}, "datetime": {"datetime": "2022-06-16 01:36:03", "elapsed": 257611.053369, "delta": 56.381302}}
{"target": -1.0, "params": {"Bgrad": 1.0376527909106805, "d1": -2.583362383485401, "d2": -0.1093434696421891, "d3": 0.5915833400206623, "d4": 0.44933796933959025, "p1": 13.176279549835208, "p2": 39.05217726066843, "p3": 31.415539649635615, "p4": 7.407477720749905, "pol1": -0.3574831300818593, "pol2": -0.8221351400741992, "pol3": 0.2806465453456528, "pol4": 0.4506606459219753, "v0s": 5.620749881665282}, "datetime": {"datetime": "2022-06-16 01:36:27", "elapsed": 257634.301232, "delta": 23.247863}}
{"target": -1.0, "params": {"Bgrad": 0.7051575607355547, "d1": -0.18953283915318497, "d2": -0.5304354940197484, "d3": -1.722024052236736, "d4": -1.9005239560043616, "p1": 8.368311754367763, "p2": 19.398337659167264, "p3": 11.354438744410949, "p4": 28.065396134723603, "pol1": 0.6661852929125804, "pol2": 0.9375411927692567, "pol3": -0.74519169202628, "pol4": -0.1463275450891448, "v0s": 5.136846304728828}, "datetime": {"datetime": "2022-06-16 01:36:52", "elapsed": 257659.32036, "delta": 25.019128}}
{"target": -1.0, "params": {"Bgrad": 1.3333371085836152, "d1": -1.345998671123878, "d2": -2.4703127166459797, "d3": -1.2000335550586563, "d4": 0.8128965831779267, "p1": 27.497041260524934, "p2": 41.340764829461804, "p3": 37.28811608357452, "p4": 14.111543150853473, "pol1": 0.5460202212167231, "pol2": -0.6597462370346598, "pol3": -0.9798142851264953, "pol4": -0.0099304299759857, "v0s": 6.620176165516446}, "datetime": {"datetime": "2022-06-16 01:37:10", "elapsed": 257677.640394, "delta": 18.320034}}
{"target": -1.0, "params": {"Bgrad": 1.1382464581881708, "d1": -1.6885335935297925, "d2": 0.32206055777876763, "d3": -2.673757190243522, "d4": -2.55113167912086, "p1": 15.529986554076475, "p2": 4.96915617103495, "p3": 37.314017031477675, "p4": 13.548896510077096, "pol1": -0.6668358886740513, "pol2": -0.5991383500337071, "pol3": -0.6344155803732223, "pol4": -0.5138370459038988, "v0s": 5.005189428712354}, "datetime": {"datetime": "2022-06-16 01:37:27", "elapsed": 257694.672869, "delta": 17.032475}}
{"target": -1.0, "params": {"Bgrad": 1.6890656819590015, "d1": 0.9980976767724079, "d2": -0.7402464412974781, "d3": 0.7278846440175859, "d4": 0.05252680305084301, "p1": 7.349724679075314, "p2": 2.346041875622995, "p3": 47.24650847535602, "p4": 38.28890094103258, "pol1": 0.697661010059502, "pol2": -0.8349709172433406, "pol3": -0.9692707979929183, "pol4": -0.39100992609921814, "v0s": 4.925882377152141}, "datetime": {"datetime": "2022-06-16 01:37:52", "elapsed": 257719.679032, "delta": 25.006163}}
{"target": -1.0, "params": {"Bgrad": 1.1665451456285196, "d1": -0.38808108537026964, "d2": -1.6580446451414623, "d3": 0.861461433881558, "d4": -1.3517087469863767, "p1": 35.28108322842778, "p2": 11.743823094879652, "p3": 42.871612144814684, "p4": 30.30371143977839, "pol1": 0.5486693694127631, "pol2": 0.940338030665091, "pol3": 0.8143310140256721, "pol4": 0.14887857434645402, "v0s": 6.227112730024089}, "datetime": {"datetime": "2022-06-16 01:38:07", "elapsed": 257734.752742, "delta": 15.07371}}
{"target": -1.0, "params": {"Bgrad": 1.7770336835936633, "d1": 0.6360427873630803, "d2": 0.3464312800074496, "d3": -2.386874226393062, "d4": 0.8662968781719877, "p1": 19.09369920151866, "p2": 27.604399815230124, "p3": 7.295655298362186, "p4": 41.287421963697454, "pol1": -0.1876759868315765, "pol2": 0.581514969015346, "pol3": 0.44912298202643774, "pol4": 0.8299747636373851, "v0s": 5.802055083705908}, "datetime": {"datetime": "2022-06-16 01:38:25", "elapsed": 257752.331756, "delta": 17.579014}}
{"target": -1.0, "params": {"Bgrad": 0.9416475225350888, "d1": -1.8437236369293366, "d2": -1.574781903661128, "d3": -0.9344367134955083, "d4": -0.22467715749097206, "p1": 36.2147350904186, "p2": 39.63335357446194, "p3": 30.633941949383864, "p4": 34.580012363706345, "pol1": 0.6945823112206453, "pol2": 0.6476467519099269, "pol3": 0.6854927228688461, "pol4": 0.4116099703740539, "v0s": 4.203847217408671}, "datetime": {"datetime": "2022-06-16 01:38:43", "elapsed": 257770.977918, "delta": 18.646162}}
{"target": -1.0, "params": {"Bgrad": 0.6499456725072423, "d1": -0.691202577975738, "d2": 0.47098740794656946, "d3": 0.04621325606159665, "d4": 0.8647178329034331, "p1": 44.94754261301427, "p2": 3.520256739689054, "p3": 18.785393437425906, "p4": 5.936327240471462, "pol1": -0.30884090349494375, "pol2": -0.013587645102513202, "pol3": -0.6476227300825013, "pol4": 0.1998507455241283, "v0s": 2.334107821551486}, "datetime": {"datetime": "2022-06-16 01:38:55", "elapsed": 257782.430309, "delta": 11.452391}}
{"target": -1.0, "params": {"Bgrad": 1.040319276372379, "d1": -2.0454192625294865, "d2": -0.5768451736655358, "d3": -1.938722781027999, "d4": -1.9573296500821398, "p1": 21.55585205982385, "p2": 33.16852758302659, "p3": 20.299827228608553, "p4": 10.073533565892207, "pol1": -0.38578706552403674, "pol2": 0.018248045300482962, "pol3": 0.3438274599664608, "pol4": 0.42995153090462623, "v0s": 6.325509386037272}, "datetime": {"datetime": "2022-06-16 01:39:15", "elapsed": 257802.605383, "delta": 20.175074}}
{"target": -1.0, "params": {"Bgrad": 1.4518097468102045, "d1": -0.6762326149987974, "d2": -1.7732221453177859, "d3": -2.1902794067230147, "d4": -1.071588415771203, "p1": 42.448734186393665, "p2": 33.234889075587084, "p3": 22.978612443857433, "p4": 37.86149402769079, "pol1": -0.42770072441571494, "pol2": 0.9063526744108359, "pol3": -0.697289483555527, "pol4": 0.47469076593004944, "v0s": 2.3689050706920654}, "datetime": {"datetime": "2022-06-16 01:39:22", "elapsed": 257810.019566, "delta": 7.414183}}
{"target": -1.0, "params": {"Bgrad": 1.8019771964960443, "d1": 0.6307942615147089, "d2": -1.5970932339537791, "d3": -2.641720909537615, "d4": -0.4838994143363706, "p1": 12.34060605953048, "p2": 12.715458023882691, "p3": 12.312027330891379, "p4": 31.258178441708832, "pol1": -0.5229883914793634, "pol2": 0.08868119814431474, "pol3": -0.891490193645633, "pol4": -0.2991586120746319, "v0s": 6.857679466263984}, "datetime": {"datetime": "2022-06-16 01:39:40", "elapsed": 257827.657423, "delta": 17.637857}}
{"target": -1.0, "params": {"Bgrad": 0.9160895807687653, "d1": 0.7029647269706771, "d2": -1.3697853536326452, "d3": -1.1627521621114907, "d4": 0.26392762181792584, "p1": 49.63475473282768, "p2": 4.637975137011435, "p3": 23.1520044407169, "p4": 22.44162275146813, "pol1": -0.15114120687897215, "pol2": 0.08873937414036503, "pol3": -0.5193745212550243, "pol4": -0.7252252461424067, "v0s": 6.585828522221117}, "datetime": {"datetime": "2022-06-16 01:40:02", "elapsed": 257849.429231, "delta": 21.771808}}
