{"target": 3.7874227274021584, "params": {"Bgrad": 1.7770139622405416, "d1": -2.7414143243774505, "d2": 0.46759281679061926, "d3": -0.7734091355438569, "d4": -1.9541053708247045, "p1": 41.98026480071401, "p2": 23.124305129793456, "p3": 16.713415383298116, "p4": 12.257783893548652, "pol1": -0.04526774112816459, "pol2": -0.06430642027293378, "pol3": -0.057914347167548126, "pol4": 0.2463484751737613, "v0s": 3.7874227274021584}, "datetime": {"datetime": "2022-05-16 23:15:20", "elapsed": 12736.012561, "delta": 9.901518}}
{"target": 3.111204991112381, "params": {"Bgrad": 0.5, "d1": -2.1689707812461254, "d2": 0.015547952842546476, "d3": -2.4901738080608764, "d4": -2.598382422988782, "p1": 10.748696512206607, "p2": 15.928018005646349, "p3": 6.873666041714772, "p4": 30.117683769672695, "pol1": -0.4765567254396036, "pol2": -0.6442317460286091, "pol3": 0.1132213868453743, "pol4": 1.0, "v0s": 3.111204991112381}, "datetime": {"datetime": "2022-05-16 23:15:28", "elapsed": 12743.392821, "delta": 7.38026}}
{"target": 4.070809136085036, "params": {"Bgrad": 0.5425734854386826, "d1": -1.9991843739896011, "d2": 1.0, "d3": -0.8684665381040649, "d4": -1.3935625118560788, "p1": 45.077179833383475, "p2": 25.85770473590166, "p3": 21.59614097757001, "p4": 30.367410407233802, "pol1": 0.11593025136111199, "pol2": 0.6734517859116609, "pol3": 0.37458657890281766, "pol4": -0.07586990893710616, "v0s": 4.070809136085036}, "datetime": {"datetime": "2022-05-16 23:15:36", "elapsed": 12751.774404, "delta": 8.381583}}
{"target": 5.202471561434188, "params": {"Bgrad": 1.5965628250077342, "d1": -2.493549901896855, "d2": 0.04084242919688652, "d3": -1.61881520073013, "d4": -1.7106651996971385, "p1": 3.784620465341404, "p2": 35.10287833109779, "p3": 34.245263640881475, "p4": 37.38406739510665, "pol1": 0.23268511474256393, "pol2": 0.5831440166688664, "pol3": -0.5188746059733256, "pol4": -0.9561278695009361, "v0s": 5.202471561434188}, "datetime": {"datetime": "2022-05-16 23:15:49", "elapsed": 12765.099763, "delta": 13.325359}}
{"target": 4.2753647345490675, "params": {"Bgrad": 1.2716202773462715, "d1": -3.0, "d2": 0.4220503225697746, "d3": -1.1112210763489858, "d4": -1.9038237439707615, "p1": 31.30757499161031, "p2": 8.102656211468162, "p3": 37.16138042763128, "p4": 30.53579845350985, "pol1": 1.0, "pol2": 0.6234235045746216, "pol3": -1.0, "pol4": -0.1703366862646839, "v0s": 4.2753647345490675}, "datetime": {"datetime": "2022-05-16 23:15:58", "elapsed": 12774.034865, "delta": 8.935102}}
{"target": 4.924699000632761, "params": {"Bgrad": 0.5, "d1": -3.0, "d2": 1.0, "d3": -1.3251138176344528, "d4": -1.9650719829169154, "p1": 31.233026186478355, "p2": 6.625933716867223, "p3": 8.049747130749397, "p4": 25.23846959450525, "pol1": 0.4467879774277784, "pol2": -1.0, "pol3": -0.31752381168749405, "pol4": 0.01967732458122302, "v0s": 4.924699000632761}, "datetime": {"datetime": "2022-05-16 23:16:05", "elapsed": 12780.299111, "delta": 6.264246}}
{"target": 3.9984445155062125, "params": {"Bgrad": 1.8121203094779756, "d1": -3.0, "d2": 0.21690807912577117, "d3": -1.9688916962471077, "d4": -0.9285809683217721, "p1": 28.055238817598443, "p2": 29.266655780735178, "p3": 6.136331694800036, "p4": 44.02082954386498, "pol1": 0.20087514135233928, "pol2": -1.0, "pol3": 0.03213556131759356, "pol4": 0.7142080692346966, "v0s": 3.9984445155062125}, "datetime": {"datetime": "2022-05-16 23:16:16", "elapsed": 12791.644765, "delta": 11.345654}}
{"target": -1.0, "params": {"Bgrad": 1.3477070339218402, "d1": 0.29688322332637496, "d2": 0.7569950186300005, "d3": -0.36530353004368044, "d4": -2.827964510912538, "p1": 21.228890502985227, "p2": 5.481828208749912, "p3": 45.28070815005736, "p4": 39.291751340045344, "pol1": 0.21192004663236652, "pol2": 0.40799306849254546, "pol3": -0.31433493133209844, "pol4": 0.7129951811605395, "v0s": 5.117677749339909}, "datetime": {"datetime": "2022-05-16 23:16:29", "elapsed": 12804.422589, "delta": 12.777824}}
{"target": 4.953391578825807, "params": {"Bgrad": 2.0, "d1": -3.0, "d2": 0.5824452284058109, "d3": -1.6976421814576323, "d4": -2.3410497352903636, "p1": 30.60449706915013, "p2": 13.321258306443536, "p3": 37.49775357525884, "p4": 26.082301897967543, "pol1": 0.34369419129622747, "pol2": 0.9059832722733635, "pol3": -0.8376866240292711, "pol4": 0.17711578161071548, "v0s": 4.953391578825807}, "datetime": {"datetime": "2022-05-16 23:16:41", "elapsed": 12816.944099, "delta": 12.52151}}
{"target": 4.043722757299955, "params": {"Bgrad": 1.3019665585422557, "d1": -2.0390515655466195, "d2": -0.08384508531413282, "d3": -2.346952424569717, "d4": -0.02468910702751881, "p1": 3.819146160597481, "p2": 33.34814206857886, "p3": 30.860471369413002, "p4": 36.537077180400665, "pol1": -0.9203384733410975, "pol2": -0.7764853766367901, "pol3": -0.585396453497453, "pol4": 0.9551441243495842, "v0s": 4.043722757299955}, "datetime": {"datetime": "2022-05-16 23:16:52", "elapsed": 12827.467952, "delta": 10.523853}}
{"target": -1.0, "params": {"Bgrad": 0.6047638177268833, "d1": 0.4174142494332336, "d2": 0.825337183085411, "d3": -2.542757095107474, "d4": -2.190876200235464, "p1": 38.505219492950914, "p2": 17.516911186442783, "p3": 16.335645272099686, "p4": 12.483804940027344, "pol1": 0.30723160329181076, "pol2": -0.1714381731546024, "pol3": -0.000112821014465192, "pol4": -0.38836345530216354, "v0s": 3.492399250856037}, "datetime": {"datetime": "2022-05-16 23:17:06", "elapsed": 12841.752746, "delta": 14.284794}}
{"target": 4.932582870763216, "params": {"Bgrad": 1.748905949943789, "d1": -2.821091037534373, "d2": -0.25414626760878045, "d3": -2.161573554502644, "d4": -2.536290756940138, "p1": 28.025849452413233, "p2": 10.297951231338804, "p3": 36.18389951571821, "p4": 29.058649507939293, "pol1": -0.3307319920878995, "pol2": 0.9681640255800172, "pol3": 0.058956628635857156, "pol4": 0.9956777320044352, "v0s": 4.932582870763216}, "datetime": {"datetime": "2022-05-16 23:17:17", "elapsed": 12852.443153, "delta": 10.690407}}
{"target": 4.782905519682319, "params": {"Bgrad": 1.217622734859871, "d1": -3.0, "d2": -2.7364326475376286, "d3": -2.216307649303278, "d4": -0.6027281514241246, "p1": 20.253865942165284, "p2": 17.909728586970708, "p3": 28.33390708835886, "p4": 48.070769947194755, "pol1": 1.0, "pol2": -0.07424640578839363, "pol3": 0.8156588645128796, "pol4": 0.5823895291107388, "v0s": 4.782905519682319}, "datetime": {"datetime": "2022-05-16 23:17:30", "elapsed": 12866.179413, "delta": 13.73626}}
{"target": 4.760075488267969, "params": {"Bgrad": 1.5432532886168742, "d1": -1.3892022260200916, "d2": 0.9131708892369543, "d3": -1.3588897856744113, "d4": -2.9178004583493906, "p1": 29.525624350218877, "p2": 28.971417313452374, "p3": 6.756641404729086, "p4": 44.933021275731896, "pol1": 0.8350404699609015, "pol2": -0.8237112330575043, "pol3": -0.1331056418531784, "pol4": 0.7674757283845839, "v0s": 4.760075488267969}, "datetime": {"datetime": "2022-05-16 23:17:42", "elapsed": 12877.350535, "delta": 11.171122}}
{"target": 4.4434077766735545, "params": {"Bgrad": 0.8857421862431235, "d1": -1.8717345934190055, "d2": 1.0, "d3": -1.4435425059095488, "d4": -1.2137364198488374, "p1": 28.563011426229842, "p2": 10.531371583079085, "p3": 11.478493427417382, "p4": 24.309719885890953, "pol1": -0.16029956499363665, "pol2": -0.3057873831512378, "pol3": -0.43244313959760977, "pol4": -1.0, "v0s": 4.4434077766735545}, "datetime": {"datetime": "2022-05-16 23:17:54", "elapsed": 12889.725437, "delta": 12.374902}}
{"target": -1.0, "params": {"Bgrad": 0.8825121225591832, "d1": -2.1250481261171785, "d2": -1.1610770582292305, "d3": -1.0980930301616554, "d4": -2.526723067868577, "p1": 3.9007097593120656, "p2": 8.729270524092286, "p3": 34.52097149542503, "p4": 27.8797936352348, "pol1": -0.3630648694064187, "pol2": 0.0003122499874235185, "pol3": -0.6084262555071738, "pol4": -0.2815309703527522, "v0s": 5.48164170303847}, "datetime": {"datetime": "2022-05-16 23:18:08", "elapsed": 12903.840683, "delta": 14.115246}}
{"target": 4.473409852630119, "params": {"Bgrad": 1.7270031371411851, "d1": -2.5598055876384724, "d2": 0.6482767198669107, "d3": -1.5918050019937993, "d4": -2.1708764325122187, "p1": 28.91229203778404, "p2": 29.677235617154874, "p3": 6.887219535532598, "p4": 44.830194511478545, "pol1": 0.5133556691229627, "pol2": -1.0, "pol3": -0.23049333937751787, "pol4": 0.971909138005371, "v0s": 4.473409852630119}, "datetime": {"datetime": "2022-05-16 23:18:21", "elapsed": 12917.045366, "delta": 13.204683}}
{"target": 2.796248176138439, "params": {"Bgrad": 0.5606073222774153, "d1": -2.0030461338379766, "d2": -0.2648473722770972, "d3": -1.0344859117420255, "d4": -1.293414045512311, "p1": 44.492067912621415, "p2": 27.72902291206305, "p3": 19.118859405211776, "p4": 13.15217167754792, "pol1": 0.8641026277408455, "pol2": 0.649041038777391, "pol3": -0.9394161838086215, "pol4": 0.6104286680219002, "v0s": 2.796248176138439}, "datetime": {"datetime": "2022-05-16 23:18:30", "elapsed": 12925.701215, "delta": 8.655849}}
{"target": 4.85430172672644, "params": {"Bgrad": 0.5455348389633874, "d1": -2.1377803024864868, "d2": 1.0, "d3": -1.7436239887605738, "d4": -0.8879335858833656, "p1": 1.0589961911824535, "p2": 31.35118942108556, "p3": 16.793572098966937, "p4": 11.909575157198073, "pol1": -1.0, "pol2": 0.09118233208084443, "pol3": -0.16439164332790737, "pol4": 1.0, "v0s": 4.85430172672644}, "datetime": {"datetime": "2022-05-16 23:18:40", "elapsed": 12935.765298, "delta": 10.064083}}
{"target": 4.848831318651516, "params": {"Bgrad": 1.8593563403962594, "d1": -1.5345272161337793, "d2": 0.4742770253992475, "d3": -1.7721158153476333, "d4": -2.2625713733622943, "p1": 28.58630728867301, "p2": 29.610313200075428, "p3": 6.400429454145367, "p4": 43.89874222429298, "pol1": 0.725002821149119, "pol2": -1.0, "pol3": 0.34038239671616793, "pol4": 0.5803615942978831, "v0s": 4.848831318651516}, "datetime": {"datetime": "2022-05-16 23:18:51", "elapsed": 12947.03316, "delta": 11.267862}}
{"target": 3.3216619832571714, "params": {"Bgrad": 1.9855187637349383, "d1": -1.6608116368691146, "d2": -0.3430529253050678, "d3": 0.8095889460201806, "d4": -1.9966858341298752, "p1": 3.339431856368147, "p2": 31.15217004694028, "p3": 29.777446244359577, "p4": 34.83205041581795, "pol1": 0.05624230237561223, "pol2": -0.45332902481168436, "pol3": -0.6936167567106895, "pol4": 0.17062995981310536, "v0s": 3.3216619832571714}, "datetime": {"datetime": "2022-05-16 23:19:02", "elapsed": 12957.671706, "delta": 10.638546}}
{"target": 4.914778855882424, "params": {"Bgrad": 1.068928404049126, "d1": -1.8946455288105943, "d2": 0.8725738714013151, "d3": -1.4295454503902771, "d4": -1.680851824670736, "p1": 3.3480958798974565, "p2": 34.33310303881044, "p3": 33.724799199192496, "p4": 37.80551352818651, "pol1": -0.1168419286994056, "pol2": 0.09861451092314841, "pol3": -0.12366295766274482, "pol4": -0.2094893093948325, "v0s": 4.914778855882424}, "datetime": {"datetime": "2022-05-16 23:19:15", "elapsed": 12970.628052, "delta": 12.956346}}
{"target": 4.379058960038343, "params": {"Bgrad": 0.7480072609739898, "d1": -2.7687511449617457, "d2": 0.23959476381316458, "d3": -1.9879771955393601, "d4": -2.1647122471776723, "p1": 29.675285776205772, "p2": 13.635161186602552, "p3": 36.2819653533501, "p4": 23.854366408697686, "pol1": 0.19670473123242904, "pol2": 0.846394742003062, "pol3": 0.44086053193206287, "pol4": 0.6573764707954917, "v0s": 4.379058960038343}, "datetime": {"datetime": "2022-05-16 23:19:25", "elapsed": 12980.541537, "delta": 9.913485}}
{"target": 5.03968515578434, "params": {"Bgrad": 0.5174258830660282, "d1": -2.771558868882135, "d2": 0.7840699972685781, "d3": -0.06478519655992354, "d4": -0.2786157381279919, "p1": 28.751174620097323, "p2": 8.934050918187381, "p3": 10.207750157833734, "p4": 25.794563955443568, "pol1": 0.32189070802736985, "pol2": -0.44984780814584835, "pol3": 0.7719722861934857, "pol4": -0.558093265192495, "v0s": 5.03968515578434}, "datetime": {"datetime": "2022-05-16 23:19:32", "elapsed": 12987.308438, "delta": 6.766901}}
{"target": -1.0, "params": {"Bgrad": 0.5756001804252282, "d1": -2.459023501959866, "d2": 0.22660385551928597, "d3": 0.7624251034521023, "d4": -0.5927819249884734, "p1": 32.22071236674172, "p2": 12.216516127384308, "p3": 9.698354460734787, "p4": 27.238051274204032, "pol1": 0.3522184653477882, "pol2": 0.7987471791987775, "pol3": -0.5580139696273225, "pol4": 0.30600968264367134, "v0s": 5.507690355067069}, "datetime": {"datetime": "2022-05-16 23:19:42", "elapsed": 12997.497187, "delta": 10.188749}}
{"target": -1.0, "params": {"Bgrad": 1.4801334811108788, "d1": -1.1253113259612366, "d2": 0.9372275244885215, "d3": 0.7058562837842124, "d4": -2.7431109984741173, "p1": 30.229935492668492, "p2": 28.671644439219236, "p3": 7.463248174481602, "p4": 44.28256550177376, "pol1": -0.03959421343780556, "pol2": -0.30448294026608624, "pol3": -0.8927744679548331, "pol4": 0.17127751994808293, "v0s": 5.7629979628959855}, "datetime": {"datetime": "2022-05-16 23:19:58", "elapsed": 13013.720796, "delta": 16.223609}}
{"target": -1.0, "params": {"Bgrad": 0.7714049750062579, "d1": -2.174328380828238, "d2": 0.07804827976782791, "d3": -0.7095455791125924, "d4": -1.6433148479881607, "p1": 39.62773900784901, "p2": 20.73328894365922, "p3": 15.869166299634113, "p4": 10.120940910605524, "pol1": 0.9235985382257637, "pol2": 0.8007879077678777, "pol3": -0.5416864502898036, "pol4": -0.07868038645649067, "v0s": 2.225825744070994}, "datetime": {"datetime": "2022-05-16 23:20:05", "elapsed": 13020.36303, "delta": 6.642234}}
{"target": 4.613821679736501, "params": {"Bgrad": 2.0, "d1": -1.6924696240786783, "d2": 1.0, "d3": -1.2572399636173184, "d4": -2.481429768459384, "p1": 44.26115329981652, "p2": 21.212195384258514, "p3": 24.577482873192558, "p4": 11.454522629569125, "pol1": -0.49480392907516807, "pol2": -0.9042131681949404, "pol3": 0.7220694070662969, "pol4": -0.3613240707980705, "v0s": 4.613821679736501}, "datetime": {"datetime": "2022-05-16 23:20:16", "elapsed": 13031.401506, "delta": 11.038476}}
{"target": 3.9085843716046194, "params": {"Bgrad": 0.5702740772123762, "d1": -2.3648156439359913, "d2": -1.446612544257421, "d3": -0.4431985815697237, "d4": -0.5619115190766135, "p1": 5.0256793616875015, "p2": 4.817600537242877, "p3": 39.87430515858396, "p4": 20.852742220085506, "pol1": 0.743985707098777, "pol2": -0.8096917823129366, "pol3": 0.3136902718037651, "pol4": 0.9920323368285575, "v0s": 3.9085843716046194}, "datetime": {"datetime": "2022-05-16 23:20:25", "elapsed": 13041.09857, "delta": 9.697064}}
{"target": 4.220572694868072, "params": {"Bgrad": 0.5, "d1": -1.7241669003738025, "d2": 1.0, "d3": -1.503575383688637, "d4": -3.0, "p1": 10.580496215181931, "p2": 15.906052974999557, "p3": 7.131498573935041, "p4": 29.026564523199234, "pol1": 0.3158480460061739, "pol2": -1.0, "pol3": -0.28510690986222115, "pol4": 0.9570566099595751, "v0s": 4.220572694868072}, "datetime": {"datetime": "2022-05-16 23:20:34", "elapsed": 13049.402361, "delta": 8.303791}}
{"target": 4.81568118783785, "params": {"Bgrad": 0.9735367944574542, "d1": -1.8741246225025443, "d2": 0.7162159443490901, "d3": -1.3532586313534232, "d4": -2.7829937542747114, "p1": 30.46661791299722, "p2": 10.869970221369762, "p3": 36.41071563039456, "p4": 26.823526199662062, "pol1": -0.7412621089315317, "pol2": -0.2672134515019471, "pol3": 0.3257892577595045, "pol4": -0.9825132791997488, "v0s": 4.81568118783785}, "datetime": {"datetime": "2022-05-16 23:20:44", "elapsed": 13060.152608, "delta": 10.750247}}
{"target": -1.0, "params": {"Bgrad": 1.2148722571480601, "d1": -2.6622364716461573, "d2": 0.8363714664613697, "d3": -0.1793963932546867, "d4": 0.6201075957499493, "p1": 29.682008879469812, "p2": 10.733103020896472, "p3": 7.9795942083484, "p4": 25.377267257302027, "pol1": -0.2626985177334147, "pol2": 0.8618306279603276, "pol3": 0.8005506928657855, "pol4": 0.050980321985376165, "v0s": 3.2837348420620613}, "datetime": {"datetime": "2022-05-16 23:21:02", "elapsed": 13077.795419, "delta": 17.642811}}
{"target": 4.12651376327602, "params": {"Bgrad": 1.0276514512815695, "d1": -2.6908800911591335, "d2": -1.0190212393671003, "d3": -0.6224488006252287, "d4": -0.8179389465842242, "p1": 29.77404650001652, "p2": 9.04329311806465, "p3": 11.92844884667129, "p4": 26.580750653365577, "pol1": -0.003356430849621672, "pol2": -0.7911605342816015, "pol3": 0.24618068254763292, "pol4": -0.05609521519535354, "v0s": 4.12651376327602}, "datetime": {"datetime": "2022-05-16 23:21:12", "elapsed": 13087.553322, "delta": 9.757903}}
{"target": 4.733093371620751, "params": {"Bgrad": 0.9600023294343311, "d1": -2.46701549186058, "d2": 0.19151484659012183, "d3": -1.3952186756421956, "d4": -2.3118815226262233, "p1": 2.927510250402255, "p2": 34.45128180367259, "p3": 31.92022116870267, "p4": 37.23007785703248, "pol1": -0.7419701960855326, "pol2": -0.27145514378972424, "pol3": 0.33916944265694215, "pol4": -0.9503290066768152, "v0s": 4.733093371620751}, "datetime": {"datetime": "2022-05-16 23:21:22", "elapsed": 13097.894662, "delta": 10.34134}}
{"target": 5.147915706810333, "params": {"Bgrad": 1.9320556400409958, "d1": -1.4965484172461152, "d2": -0.0620446094980589, "d3": -0.8532455800318273, "d4": -2.7111701716753966, "p1": 27.588102264910862, "p2": 8.318488978695681, "p3": 36.57833395896687, "p4": 28.753252070106555, "pol1": 0.0029600300261649615, "pol2": -0.48590834852316744, "pol3": 0.26839561980965265, "pol4": -0.6031458255693347, "v0s": 5.147915706810333}, "datetime": {"datetime": "2022-05-16 23:21:32", "elapsed": 13107.716392, "delta": 9.82173}}
{"target": 4.684933160298802, "params": {"Bgrad": 1.7415660372451478, "d1": -2.1668705370682555, "d2": 0.612775187915406, "d3": -1.1767995248583039, "d4": -2.5720206079719845, "p1": 45.222076521433976, "p2": 20.28556925883782, "p3": 25.28103210380849, "p4": 13.860698256206932, "pol1": 0.8353377865523683, "pol2": 0.5278714464951761, "pol3": -0.6689606067108194, "pol4": 0.040717270890425095, "v0s": 4.684933160298802}, "datetime": {"datetime": "2022-05-16 23:21:44", "elapsed": 13120.140163, "delta": 12.423771}}
{"target": -1.0, "params": {"Bgrad": 1.9236657493312952, "d1": -2.971000695305151, "d2": 0.43079049105464984, "d3": 0.5213353285085232, "d4": -0.731777486685115, "p1": 5.700117416269196, "p2": 35.779319427851725, "p3": 32.944242083991824, "p4": 36.887190730720896, "pol1": -0.6866172016720682, "pol2": 0.8995581507053221, "pol3": -0.14255788417281723, "pol4": 0.3874924303579943, "v0s": 5.609492354513087}, "datetime": {"datetime": "2022-05-16 23:22:02", "elapsed": 13137.341157, "delta": 17.200994}}
{"target": 4.026854977404851, "params": {"Bgrad": 1.0842259164145491, "d1": -3.0, "d2": 1.0, "d3": -0.6828845407767227, "d4": -1.5320843568733606, "p1": 43.222241577580405, "p2": 25.67446448245985, "p3": 18.089584462079944, "p4": 13.570308470318686, "pol1": 0.8288579122817539, "pol2": 0.4561198873392002, "pol3": -0.4315909978562447, "pol4": 1.0, "v0s": 4.026854977404851}, "datetime": {"datetime": "2022-05-16 23:22:14", "elapsed": 13149.738, "delta": 12.396843}}
{"target": 3.3988244748073098, "params": {"Bgrad": 0.5, "d1": -1.5731079455201211, "d2": -1.0131536029235995, "d3": -2.376406588476037, "d4": -0.21725956690901943, "p1": 34.95803473322023, "p2": 11.453219236367909, "p3": 38.6181035747355, "p4": 22.452417613738014, "pol1": -1.0, "pol2": 0.1793623898031614, "pol3": 0.002773365738197841, "pol4": 0.4741390217300122, "v0s": 3.3988244748073098}, "datetime": {"datetime": "2022-05-16 23:22:21", "elapsed": 13156.980629, "delta": 7.242629}}
{"target": 4.28012675000503, "params": {"Bgrad": 0.9416265007865823, "d1": -2.508573748566412, "d2": 0.5242367833504208, "d3": -0.9848055168907057, "d4": -1.1010234440569506, "p1": 28.895588078658292, "p2": 9.340810029993772, "p3": 10.723011073805463, "p4": 25.252069170822104, "pol1": 0.0005479669960732791, "pol2": -0.43968668500618546, "pol3": 0.4573038733705664, "pol4": -0.5651025390398638, "v0s": 4.28012675000503}, "datetime": {"datetime": "2022-05-16 23:22:33", "elapsed": 13168.276418, "delta": 11.295789}}
{"target": -1.0, "params": {"Bgrad": 0.9850582794344646, "d1": -2.869827679477913, "d2": 0.7448780543276312, "d3": -0.17128135665303157, "d4": -2.1745126122868648, "p1": 27.89984974954906, "p2": 9.095018911217135, "p3": 11.787751441625277, "p4": 23.090858851024432, "pol1": 0.5037789346213501, "pol2": -0.25312854134495577, "pol3": -0.30572437775909655, "pol4": 0.6223014620388785, "v0s": 6.322893807325331}, "datetime": {"datetime": "2022-05-16 23:22:45", "elapsed": 13181.145996, "delta": 12.869578}}
{"target": -1.0, "params": {"Bgrad": 0.5054881776800187, "d1": -2.6474349791791965, "d2": -2.506135529939087, "d3": 0.22809967782478058, "d4": -2.0371998671597717, "p1": 5.454091732903593, "p2": 5.657296080876234, "p3": 39.08564143881543, "p4": 21.19705782699593, "pol1": -0.8263753251809438, "pol2": 0.563550669335664, "pol3": 0.3049083725740982, "pol4": 0.42215545282724865, "v0s": 3.2733660434187635}, "datetime": {"datetime": "2022-05-16 23:22:56", "elapsed": 13191.657881, "delta": 10.511885}}
{"target": 2.752739698141473, "params": {"Bgrad": 1.6140656100976178, "d1": 0.5031515471471946, "d2": -0.7803847510947937, "d3": -1.6190330941657858, "d4": -0.9073341779033806, "p1": 27.981583872530123, "p2": 9.242302422878351, "p3": 37.97647804207321, "p4": 29.92085164346045, "pol1": 0.9671308756800472, "pol2": 0.20176449781797468, "pol3": -0.8059198324335697, "pol4": -0.8915328988602345, "v0s": 2.752739698141473}, "datetime": {"datetime": "2022-05-16 23:23:05", "elapsed": 13200.362598, "delta": 8.704717}}
