{"target": -1.0, "params": {"Bgrad": 0.8996711511434625, "d1": -2.381749388541608, "d2": 0.19920672043545018, "d3": -1.4219157269769287, "d4": 0.8958940107802418, "p1": 37.26535202603546, "p2": 45.09212101250187, "p3": 31.973571429783643, "p4": 38.72866537274104, "pol1": -0.08569226991901613, "pol2": 0.9364338804094781, "pol3": 0.7476990623463751, "pol4": -0.8787246052818221, "v0s": 5.501641457423934}, "datetime": {"datetime": "2022-06-15 16:05:36", "elapsed": 223383.548269, "delta": 16.505883}}
{"target": -1.0, "params": {"Bgrad": 0.7842985443470711, "d1": -1.0440132399938569, "d2": -0.6432007704567817, "d3": 0.25700945044129986, "d4": 0.2919374211030865, "p1": 37.59020939169673, "p2": 23.49705618914697, "p3": 27.3684836523269, "p4": 37.21104868284842, "pol1": -0.6992820101874242, "pol2": 0.24813915351255678, "pol3": -0.47040008795897226, "pol4": 0.6235894479384032, "v0s": 3.6610471783052048}, "datetime": {"datetime": "2022-06-15 16:05:47", "elapsed": 223394.706972, "delta": 11.158703}}
{"target": -1.0, "params": {"Bgrad": 1.1363884256968007, "d1": -1.8494621024465459, "d2": -1.9093547033270966, "d3": 0.24351110363591877, "d4": -0.07275452629090173, "p1": 40.54943998567449, "p2": 31.9406001928283, "p3": 43.474634527783564, "p4": 24.424751065390698, "pol1": 0.13324583914661714, "pol2": 0.2698820608885215, "pol3": 0.8554185991568104, "pol4": 0.6252594970148677, "v0s": 6.274391939406594}, "datetime": {"datetime": "2022-06-15 16:06:04", "elapsed": 223411.352481, "delta": 16.645509}}
{"target": -1.0, "params": {"Bgrad": 0.5473573129563266, "d1": -0.16646344532707547, "d2": -1.7369688603801303, "d3": -0.9926876051532032, "d4": -2.407149767124042, "p1": 49.421397317437446, "p2": 14.401566706411446, "p3": 33.46907422385911, "p4": 21.702963473377103, "pol1": 0.4595702616702009, "pol2": -0.41722564915972216, "pol3": -0.48388670878964146, "pol4": 0.556406317629204, "v0s": 3.752868369266379}, "datetime": {"datetime": "2022-06-15 16:06:14", "elapsed": 223421.642976, "delta": 10.290495}}
{"target": 2.9299307126421223, "params": {"Bgrad": 1.6660696230913437, "d1": 0.7840333799635073, "d2": -0.3535786767842066, "d3": -2.8612971171445376, "d4": -2.547209864759409, "p1": 29.198697113882076, "p2": 18.573493921452773, "p3": 1.6144080815651995, "p4": 12.390415687302875, "pol1": 0.2896438693782877, "pol2": 0.4716114835045757, "pol3": -0.45441387163585767, "pol4": 0.1388062822155216, "v0s": 2.9299307126421223}, "datetime": {"datetime": "2022-06-15 16:06:23", "elapsed": 223430.564138, "delta": 8.921162}}
{"target": -1.0, "params": {"Bgrad": 1.1998656669604775, "d1": 0.8625850621003166, "d2": -1.996224709869923, "d3": -1.001498552461289, "d4": -0.5003643072221333, "p1": 8.02118699174461, "p2": 10.333458073835445, "p3": 45.07312085010881, "p4": 16.764034070578877, "pol1": -0.7972585497314932, "pol2": 0.9495303098268735, "pol3": -0.7860844089501844, "pol4": 0.5232405284340149, "v0s": 7.6009052237723225}, "datetime": {"datetime": "2022-06-15 16:06:37", "elapsed": 223444.451014, "delta": 13.886876}}
{"target": -1.0, "params": {"Bgrad": 0.7436349562395019, "d1": -2.780060396805555, "d2": -2.328988220040024, "d3": -2.058795234388265, "d4": -0.3177945785853571, "p1": 33.450527232345564, "p2": 19.251258139415267, "p3": 10.782645091489783, "p4": 5.586677786001054, "pol1": 0.49086732792784127, "pol2": 0.03385299294043187, "pol3": 0.5704878084912848, "pol4": -0.6535575667043609, "v0s": 4.46790737452241}, "datetime": {"datetime": "2022-06-15 16:06:47", "elapsed": 223454.260795, "delta": 9.809781}}
{"target": -1.0, "params": {"Bgrad": 1.444406579285527, "d1": -0.2287875910375381, "d2": -1.5252582585189445, "d3": -1.1406659323631927, "d4": -1.118721941812976, "p1": 14.161280291741985, "p2": 18.24662683130028, "p3": 34.61905400123699, "p4": 12.116463617550394, "pol1": -0.3391547639688315, "pol2": -0.4025610254098513, "pol3": -0.3690917551613191, "pol4": 0.23530919653046412, "v0s": 5.615764371821475}, "datetime": {"datetime": "2022-06-15 16:07:01", "elapsed": 223468.49076, "delta": 14.229965}}
{"target": -1.0, "params": {"Bgrad": 0.6589855368058692, "d1": 0.9940605042518609, "d2": -2.062069205046238, "d3": -0.7435951835898074, "d4": -0.30180628573956403, "p1": 20.50821016102904, "p2": 2.6042663882673955, "p3": 44.44212262395629, "p4": 29.861378113471027, "pol1": -0.9731906338951739, "pol2": 0.17198874902236327, "pol3": 0.6351914607752234, "pol4": 0.9099146230674828, "v0s": 2.1078666743632706}, "datetime": {"datetime": "2022-06-15 16:07:12", "elapsed": 223479.941156, "delta": 11.450396}}
{"target": -1.0, "params": {"Bgrad": 1.45847050557557, "d1": -0.7752524919784647, "d2": -2.0304784614595865, "d3": -1.304948373714212, "d4": 0.6365112045293171, "p1": 10.234663568913676, "p2": 10.060059024094103, "p3": 20.092624780225993, "p4": 45.91578303528448, "pol1": 0.855638181525253, "pol2": 0.9934979886029158, "pol3": -0.5590934375929786, "pol4": -0.2418086143402649, "v0s": 7.40281753347147}, "datetime": {"datetime": "2022-06-15 16:07:30", "elapsed": 223497.241913, "delta": 17.300757}}
{"target": -1.0, "params": {"Bgrad": 0.647864473355126, "d1": -0.3967413129365327, "d2": -0.7946959964552698, "d3": 0.8763448909109361, "d4": -1.006658593856554, "p1": 44.30016757397546, "p2": 8.359567431881704, "p3": 0.015207500784930605, "p4": 43.24720534464135, "pol1": 0.08283741891939411, "pol2": -0.8757132682365183, "pol3": -0.8449864060412622, "pol4": -0.5825301292530551, "v0s": 5.483035915197757}, "datetime": {"datetime": "2022-06-15 16:07:39", "elapsed": 223506.883144, "delta": 9.641231}}
{"target": -1.0, "params": {"Bgrad": 1.1338421812155937, "d1": 0.294950884852593, "d2": -2.9296742829788633, "d3": 0.11086278229809654, "d4": -2.8897196535175462, "p1": 21.90026650094572, "p2": 43.778447382148684, "p3": 13.945110769396718, "p4": 49.51320763391554, "pol1": -0.1675595747096159, "pol2": 0.6526640857927022, "pol3": -0.3427351085698709, "pol4": -0.2921783832419562, "v0s": 3.0210766946336998}, "datetime": {"datetime": "2022-06-15 16:07:56", "elapsed": 223523.543613, "delta": 16.660469}}
{"target": 2.664157522967596, "params": {"Bgrad": 1.844516123795128, "d1": -1.672158981721552, "d2": -1.5170574443484912, "d3": -2.9432237377435277, "d4": 0.3521819586428312, "p1": 17.287724275986204, "p2": 33.364290543462275, "p3": 14.119582728694297, "p4": 42.660304505822, "pol1": 0.5646757223819978, "pol2": -0.07842794029886835, "pol3": -0.26098895435122826, "pol4": -0.4009814629174566, "v0s": 2.664157522967596}, "datetime": {"datetime": "2022-06-15 16:08:03", "elapsed": 223530.865045, "delta": 7.321432}}
{"target": -1.0, "params": {"Bgrad": 1.2981212162289355, "d1": -1.350580255451694, "d2": -1.6261686424637665, "d3": -1.0200768971903638, "d4": -0.564873289199662, "p1": 36.35451811825613, "p2": 5.017837070646242, "p3": 48.74929219510803, "p4": 45.17230231195828, "pol1": 0.5152064929959226, "pol2": 0.7726790006323208, "pol3": 0.41332706989844836, "pol4": -0.26553760096135703, "v0s": 2.7496297345631557}, "datetime": {"datetime": "2022-06-15 16:08:12", "elapsed": 223539.205751, "delta": 8.340706}}
{"target": 5.115769425702809, "params": {"Bgrad": 1.7308832990655407, "d1": -2.3922096722432094, "d2": -2.7251244903565466, "d3": -0.09245914395010635, "d4": -0.10690373396622199, "p1": 18.23553864601477, "p2": 23.1567656444034, "p3": 3.9137980795325156, "p4": 17.076753006453664, "pol1": 0.36323456983388236, "pol2": 0.3823389380641151, "pol3": 0.06676391852174346, "pol4": -0.8505415099820612, "v0s": 5.115769425702809}, "datetime": {"datetime": "2022-06-15 16:08:35", "elapsed": 223562.296035, "delta": 23.090284}}
{"target": -1.0, "params": {"Bgrad": 1.16434823823909, "d1": -2.9623726350748236, "d2": -1.2918109749728148, "d3": -0.32939286687570757, "d4": -1.0464402647452076, "p1": 35.41948499568187, "p2": 35.68884901100024, "p3": 3.3858008887527546, "p4": 42.51039425938781, "pol1": 0.8826692387597221, "pol2": 0.6864299837337389, "pol3": -0.730809631529266, "pol4": -0.7741054895981723, "v0s": 2.2317441021712385}, "datetime": {"datetime": "2022-06-15 16:08:42", "elapsed": 223569.629434, "delta": 7.333399}}
{"target": -1.0, "params": {"Bgrad": 0.7789398827180627, "d1": 0.6856472961944013, "d2": 0.3300284685455459, "d3": 0.5301453456037777, "d4": -1.8783935027724694, "p1": 34.42640796918897, "p2": 13.231915777304781, "p3": 10.165675684658959, "p4": 22.07172076595359, "pol1": -0.14489504861981972, "pol2": -0.2423079858109829, "pol3": -0.40104001983681536, "pol4": 0.5080211047329832, "v0s": 7.5910995230171325}, "datetime": {"datetime": "2022-06-15 16:08:52", "elapsed": 223579.869065, "delta": 10.239631}}
{"target": 2.6626751145062473, "params": {"Bgrad": 0.6042104077001265, "d1": -2.47151115683526, "d2": 0.018829907576358718, "d3": -0.4329359460061233, "d4": 0.30797670679019795, "p1": 22.526087575735964, "p2": 36.74843877093017, "p3": 35.25228374094953, "p4": 28.84105893205125, "pol1": -0.08076987046720818, "pol2": -0.5117407151502265, "pol3": 0.02022969149337195, "pol4": -0.7972332225707788, "v0s": 2.6626751145062473}, "datetime": {"datetime": "2022-06-15 16:08:57", "elapsed": 223584.405939, "delta": 4.536874}}
{"target": -1.0, "params": {"Bgrad": 1.411588809604078, "d1": -0.0463420609677887, "d2": -2.909334811918518, "d3": -2.053062528326547, "d4": -1.571970213056971, "p1": 19.038988313973448, "p2": 8.375941375629099, "p3": 49.70093590238006, "p4": 6.365869436608423, "pol1": -0.7087381360632037, "pol2": -0.6852795699924519, "pol3": 0.7986985506257895, "pol4": -0.308103667031014, "v0s": 6.202750263645673}, "datetime": {"datetime": "2022-06-15 16:09:11", "elapsed": 223598.51024, "delta": 14.104301}}
{"target": -1.0, "params": {"Bgrad": 1.055622149222125, "d1": -2.457203392452463, "d2": -2.651327608209664, "d3": -2.1927031860266593, "d4": -0.041692219472084346, "p1": 10.861715419909135, "p2": 24.369687315642448, "p3": 16.2879730394852, "p4": 24.763361696497398, "pol1": -0.6829413304764023, "pol2": 0.3377018166859356, "pol3": 0.625551510506912, "pol4": -0.03445594941721741, "v0s": 7.417022606297735}, "datetime": {"datetime": "2022-06-15 16:09:27", "elapsed": 223614.730885, "delta": 16.220645}}
{"target": -1.0, "params": {"Bgrad": 1.216940733832304, "d1": -2.2682096549723108, "d2": -0.5586455539742867, "d3": -0.518922781694255, "d4": -1.3614792597144647, "p1": 33.8602631943766, "p2": 9.983528455529072, "p3": 40.429099024239164, "p4": 2.516984210281892, "pol1": -0.6562762826931854, "pol2": 0.9612046381391344, "pol3": 0.8007543588136328, "pol4": 0.8794580422474132, "v0s": 7.450665760072688}, "datetime": {"datetime": "2022-06-15 21:14:46", "elapsed": 241933.531831, "delta": 18318.800946}}
{"target": -1.0, "params": {"Bgrad": 1.1621257999300345, "d1": 0.7552164145359215, "d2": -2.0503461477252465, "d3": -2.801942752244831, "d4": -0.7709437021082843, "p1": 15.666011756225462, "p2": 26.603865819860275, "p3": 23.580428472678705, "p4": 24.156620475789286, "pol1": 0.14015505870993183, "pol2": 0.8468845553101947, "pol3": -0.5276150128814951, "pol4": 0.7521602981985498, "v0s": 6.403012599551857}, "datetime": {"datetime": "2022-06-15 21:15:00", "elapsed": 241947.659071, "delta": 14.12724}}
{"target": -1.0, "params": {"Bgrad": 0.6188161445046512, "d1": 0.34154994401223737, "d2": -1.4094239258190684, "d3": -1.6570475607153416, "d4": -2.99842798723135, "p1": 12.290259299309502, "p2": 34.39731749337717, "p3": 42.5586317556842, "p4": 12.052473468475977, "pol1": -0.25812045897998104, "pol2": -0.6991533244695274, "pol3": 0.6070003282145191, "pol4": 0.43404744680899165, "v0s": 6.2028691242771465}, "datetime": {"datetime": "2022-06-15 21:15:09", "elapsed": 241956.318925, "delta": 8.659854}}
{"target": -1.0, "params": {"Bgrad": 1.5182817861591626, "d1": 0.5681800163428719, "d2": 0.5321239695940352, "d3": -0.4985286060828651, "d4": -1.8448864918404193, "p1": 20.155139266077683, "p2": 1.44786252276089, "p3": 45.824200700106985, "p4": 34.37238669360159, "pol1": 0.8163416470589979, "pol2": -0.39582572576279773, "pol3": 0.8896529079217619, "pol4": 0.7280623434810656, "v0s": 7.316076554528907}, "datetime": {"datetime": "2022-06-15 21:15:24", "elapsed": 241971.534257, "delta": 15.215332}}
{"target": -1.0, "params": {"Bgrad": 0.5002119953126403, "d1": -1.4910391242987626, "d2": -2.5106988308689795, "d3": 0.7312316258761853, "d4": -0.945170989939669, "p1": 24.466820671345253, "p2": 24.34605834170831, "p3": 28.51459505116075, "p4": 27.225375492774656, "pol1": 0.8342217217266596, "pol2": 0.7687690930543798, "pol3": 0.5674385185901689, "pol4": -0.3545453284508582, "v0s": 6.706624529428049}, "datetime": {"datetime": "2022-06-15 21:15:31", "elapsed": 241978.453762, "delta": 6.919505}}
{"target": -1.0, "params": {"Bgrad": 0.7177782126676877, "d1": 0.4409048006814502, "d2": 0.09199896648498607, "d3": 0.10386854227499276, "d4": -0.8852052225544633, "p1": 22.509268334538397, "p2": 11.331574634625207, "p3": 40.43390885347759, "p4": 48.29645482809379, "pol1": 0.0870639444007113, "pol2": 0.8044149140947805, "pol3": -0.43529911605076044, "pol4": 0.03551050269905209, "v0s": 3.96897553655098}, "datetime": {"datetime": "2022-06-15 21:15:41", "elapsed": 241988.546785, "delta": 10.093023}}
{"target": 5.588892589574558, "params": {"Bgrad": 1.9877017388101792, "d1": -1.99873339270889, "d2": -0.2849780499540362, "d3": 0.05680831599882197, "d4": -2.8710934451102728, "p1": 49.11356141751639, "p2": 4.566136990185893, "p3": 30.70374159695059, "p4": 7.467540541282524, "pol1": 0.041592993410164425, "pol2": -0.813309812799385, "pol3": 0.5624008799795126, "pol4": 0.545862034569101, "v0s": 5.588892589574558}, "datetime": {"datetime": "2022-06-15 21:15:52", "elapsed": 241999.779761, "delta": 11.232976}}
{"target": -1.0, "params": {"Bgrad": 0.5218149793633444, "d1": -2.8319031178214353, "d2": -2.2761173703563293, "d3": 0.8881226839282932, "d4": -1.9815992442776107, "p1": 37.55044129316143, "p2": 14.061760478293166, "p3": 12.775930876818176, "p4": 12.89318679893131, "pol1": -0.4058940089797498, "pol2": -0.9821107901257256, "pol3": 0.9743523641358498, "pol4": 0.1329212716446262, "v0s": 5.611054467720753}, "datetime": {"datetime": "2022-06-15 21:16:00", "elapsed": 242007.8093, "delta": 8.029539}}
{"target": 2.741677318393047, "params": {"Bgrad": 1.3073901062891689, "d1": -2.8246498078455606, "d2": -1.1139180444049708, "d3": -0.8412939951656444, "d4": -0.30817683699256504, "p1": 26.70840013583829, "p2": 2.7536154493314315, "p3": 31.004949496818828, "p4": 29.058760138834845, "pol1": 0.09119265164826795, "pol2": 0.6865625604265051, "pol3": -0.10522648059223672, "pol4": 0.20713089261646722, "v0s": 2.741677318393047}, "datetime": {"datetime": "2022-06-15 21:16:06", "elapsed": 242014.017706, "delta": 6.208406}}
{"target": -1.0, "params": {"Bgrad": 0.8785688794894967, "d1": 0.4014173030172028, "d2": -2.9351025500541326, "d3": -2.374996087588393, "d4": 0.29353989903864974, "p1": 11.466884073967492, "p2": 12.959747766905888, "p3": 35.03953033363368, "p4": 48.32626395644684, "pol1": -0.6034403600710396, "pol2": 0.49499457578769257, "pol3": -0.7189875100364957, "pol4": -0.2350048574413841, "v0s": 3.939735508420299}, "datetime": {"datetime": "2022-06-15 21:16:17", "elapsed": 242024.877679, "delta": 10.859973}}
{"target": -1.0, "params": {"Bgrad": 1.8256782784760555, "d1": -0.37847441503736734, "d2": -1.6656985599950787, "d3": -2.913568163408306, "d4": -1.5239653634872843, "p1": 48.60903359219623, "p2": 26.454954339104585, "p3": 37.107241160280374, "p4": 17.26944184470095, "pol1": -0.07882026934954167, "pol2": -0.5767286035640404, "pol3": 0.6739194602745708, "pol4": -0.28038228119975894, "v0s": 2.222528797704108}, "datetime": {"datetime": "2022-06-15 21:16:21", "elapsed": 242028.216754, "delta": 3.339075}}
{"target": 3.4678417320026145, "params": {"Bgrad": 1.5334837849860907, "d1": -2.3768444635641175, "d2": 0.19500467724192783, "d3": -2.938950189498672, "d4": -0.6575074107470722, "p1": 24.77581385128072, "p2": 49.87308668792458, "p3": 6.718536821313325, "p4": 33.62768411122061, "pol1": -0.8101090494005603, "pol2": -0.6764631713619556, "pol3": 0.9766625832559892, "pol4": 0.6133301349227791, "v0s": 3.4678417320026145}, "datetime": {"datetime": "2022-06-15 21:16:26", "elapsed": 242034.021239, "delta": 5.804485}}
{"target": -1.0, "params": {"Bgrad": 1.769450668551188, "d1": -2.857598963860294, "d2": -0.8575717952726727, "d3": -2.6341009775671975, "d4": 0.8836226665683511, "p1": 29.155046836234288, "p2": 27.787063731877993, "p3": 15.89865365120332, "p4": 42.49522710746423, "pol1": 0.060309026931435916, "pol2": -0.9658035516965464, "pol3": -0.6302102189053453, "pol4": -0.13306338033545906, "v0s": 2.4798584666306893}, "datetime": {"datetime": "2022-06-15 21:16:49", "elapsed": 242056.163058, "delta": 22.141819}}
{"target": 3.5110822610067247, "params": {"Bgrad": 0.9209863300781894, "d1": -1.9984188545676327, "d2": -2.9975654307632036, "d3": -0.22845872308255855, "d4": 0.09555854592462643, "p1": 41.017464901067044, "p2": 42.58148071933006, "p3": 7.5762440490421685, "p4": 44.50183192264956, "pol1": 0.3164257796290644, "pol2": 0.39226732562837885, "pol3": 0.1281433284177731, "pol4": 0.8793639966942146, "v0s": 3.5110822610067247}, "datetime": {"datetime": "2022-06-15 21:16:57", "elapsed": 242064.750109, "delta": 8.587051}}
{"target": -1.0, "params": {"Bgrad": 1.6803264255841066, "d1": -1.0189661345247636, "d2": 0.5636008269848043, "d3": -1.8952052408232345, "d4": -2.939012363236589, "p1": 3.244550231721494, "p2": 44.981754311068244, "p3": 32.057511162274984, "p4": 36.513436085343336, "pol1": 0.008723409076006439, "pol2": 0.11514920082503499, "pol3": -0.2722110346891129, "pol4": 0.5652712965455009, "v0s": 6.541191507245145}, "datetime": {"datetime": "2022-06-15 21:17:16", "elapsed": 242083.350391, "delta": 18.600282}}
{"target": -1.0, "params": {"Bgrad": 1.5500092054216967, "d1": 0.8475696597674154, "d2": 0.07535348433090627, "d3": 0.9116903645754162, "d4": -0.6388942012253538, "p1": 30.962954534326435, "p2": 31.952660854349528, "p3": 16.318569347560086, "p4": 1.6514509030768898, "pol1": 0.5763527572274312, "pol2": 0.42037570117046097, "pol3": -0.8419366166662452, "pol4": -0.7028363271260596, "v0s": 6.118041465177469}, "datetime": {"datetime": "2022-06-15 21:17:30", "elapsed": 242097.342992, "delta": 13.992601}}
{"target": -1.0, "params": {"Bgrad": 1.3025560659706061, "d1": -2.2351422289640106, "d2": -2.7761865964601595, "d3": -0.5543507987705549, "d4": -2.7855534924848198, "p1": 10.678765597613637, "p2": 25.13313351560144, "p3": 4.7015554810201365, "p4": 20.445305535751086, "pol1": -0.959768403833865, "pol2": -0.7610725083883179, "pol3": 0.8801250276343355, "pol4": 0.11772217799609597, "v0s": 6.118768255928211}, "datetime": {"datetime": "2022-06-15 21:17:45", "elapsed": 242112.372819, "delta": 15.029827}}
{"target": -1.0, "params": {"Bgrad": 1.0666553047111065, "d1": 0.05248564274151413, "d2": 0.5855561393611395, "d3": 0.6407686517356348, "d4": -1.0140554074733639, "p1": 38.13051159805924, "p2": 35.44810166057558, "p3": 47.56484269096246, "p4": 12.07772450735931, "pol1": 0.1226794155660369, "pol2": -0.9124534648643805, "pol3": 0.8463559180350717, "pol4": 0.8905131575172105, "v0s": 5.005438069337199}, "datetime": {"datetime": "2022-06-15 21:18:02", "elapsed": 242129.083155, "delta": 16.710336}}
{"target": -1.0, "params": {"Bgrad": 1.3791761722787956, "d1": 0.0877673802275174, "d2": -2.0026752628901754, "d3": -1.4840380958152313, "d4": -1.8455776152040189, "p1": 26.940198260745714, "p2": 47.44784119070069, "p3": 19.270034977492756, "p4": 2.2504882906869526, "pol1": 0.3650372654189724, "pol2": -0.009938679640243864, "pol3": -0.40697599820255626, "pol4": -0.16822278658157774, "v0s": 7.175061781290626}, "datetime": {"datetime": "2022-06-15 21:18:18", "elapsed": 242145.904836, "delta": 16.821681}}
{"target": 5.883998752864428, "params": {"Bgrad": 1.7315265703247826, "d1": -2.3166146395980123, "d2": -0.25946688701574994, "d3": 0.9906534450903415, "d4": 0.13743719216335837, "p1": 36.25231777176846, "p2": 15.500998960516698, "p3": 7.973539529220575, "p4": 43.21610770117108, "pol1": 0.22069243683325346, "pol2": -0.21981920293244728, "pol3": 0.5111814696417591, "pol4": 0.43725577144260996, "v0s": 5.883998752864428}, "datetime": {"datetime": "2022-06-15 21:18:30", "elapsed": 242157.230602, "delta": 11.325766}}
{"target": -1.0, "params": {"Bgrad": 0.8108950423450095, "d1": 0.5421112711787979, "d2": -0.12397615028601106, "d3": -1.7894777463415137, "d4": -2.745606004493189, "p1": 45.63982077479351, "p2": 39.692502922581426, "p3": 24.92918214857977, "p4": 20.696259710408345, "pol1": 0.2311249479781814, "pol2": -0.20296964779383675, "pol3": -0.9221639199490164, "pol4": -0.39606333578928354, "v0s": 3.477671348741219}, "datetime": {"datetime": "2022-06-15 21:18:45", "elapsed": 242172.21156, "delta": 14.980958}}
{"target": -1.0, "params": {"Bgrad": 1.9584538815081896, "d1": 0.06999219639741883, "d2": -1.38521354465761, "d3": -0.053491165170993504, "d4": -1.7893799394376333, "p1": 26.364791371608604, "p2": 10.35716199143285, "p3": 12.71301417928618, "p4": 21.701153440968678, "pol1": -0.8351482820711014, "pol2": 0.7065759134579044, "pol3": 0.8326584325839512, "pol4": -0.5737842748969049, "v0s": 4.842332070564277}, "datetime": {"datetime": "2022-06-15 21:18:59", "elapsed": 242186.610075, "delta": 14.398515}}
{"target": -1.0, "params": {"Bgrad": 1.7621895525137403, "d1": -1.8468841061645764, "d2": -0.5571647117973733, "d3": -1.2318079521774306, "d4": -1.4100340865121366, "p1": 39.46871106544533, "p2": 23.225630700308287, "p3": 23.240125920763738, "p4": 49.601425216272325, "pol1": 0.9244595908933728, "pol2": -0.5298382240355455, "pol3": -0.5460924657572204, "pol4": 0.3254760350875656, "v0s": 4.471678611219316}, "datetime": {"datetime": "2022-06-15 21:19:13", "elapsed": 242200.436121, "delta": 13.826046}}
