{"target": -1.0, "params": {"Bgrad": 0.9860931097347201, "d1": -1.5196773271181296, "d2": 0.1590975048628933, "d3": -2.170580200981058, "d4": -1.897091784769, "p1": 9.44008126841968, "p2": 24.685615506360996, "p3": 43.601747721111124, "p4": 28.028767966752717, "pol1": -0.14523152640563208, "pol2": 0.5168986835617766, "pol3": -0.5966499828772791, "pol4": -0.7447669299696464, "v0s": 2.4616887164792787}, "datetime": {"datetime": "2022-05-16 22:42:05", "elapsed": 10740.729196, "delta": 12.208347}}
{"target": 5.429226401731008, "params": {"Bgrad": 0.7943268767526105, "d1": -3.0, "d2": 0.18594065393735587, "d3": -1.7451589749097836, "d4": -0.13921100059646074, "p1": 32.45054208901646, "p2": 6.604223406898564, "p3": 7.121714025147523, "p4": 25.144756775733228, "pol1": 1.0, "pol2": -1.0, "pol3": 0.26574310567721027, "pol4": -0.4280484634117192, "v0s": 5.429226401731008}, "datetime": {"datetime": "2022-05-16 22:42:14", "elapsed": 10749.847807, "delta": 9.118611}}
{"target": 3.2829814224150597, "params": {"Bgrad": 0.54606577546834, "d1": -2.7997691516095338, "d2": -1.212799284993503, "d3": -2.733433891423959, "d4": 0.12886225056582612, "p1": 26.18032118784488, "p2": 28.43120877073434, "p3": 6.121293478408707, "p4": 42.712150390102686, "pol1": -0.26774012739526265, "pol2": -0.10751232985940518, "pol3": 0.8231304554816308, "pol4": 0.38720749624108297, "v0s": 3.2829814224150597}, "datetime": {"datetime": "2022-05-16 22:42:20", "elapsed": 10755.99337, "delta": 6.145563}}
{"target": 4.354886999848283, "params": {"Bgrad": 0.9848054298551825, "d1": -3.0, "d2": -3.0, "d3": -2.529838765555415, "d4": -1.4758391927628673, "p1": 20.54634692043453, "p2": 17.49485234791648, "p3": 28.51387552894502, "p4": 48.14104961595576, "pol1": 1.0, "pol2": 1.0, "pol3": 0.7472773010253894, "pol4": -0.3630018674059842, "v0s": 4.354886999848283}, "datetime": {"datetime": "2022-05-16 22:42:28", "elapsed": 10763.851353, "delta": 7.857983}}
{"target": 4.590454499920841, "params": {"Bgrad": 1.466216064589688, "d1": -0.8467598611256474, "d2": 0.8043438841436822, "d3": -2.3751000082258735, "d4": -1.8045401692592238, "p1": 28.81467304431136, "p2": 10.585068420062434, "p3": 10.221046850621107, "p4": 24.11081292045692, "pol1": -0.34712638486734804, "pol2": -0.010443828158619366, "pol3": 0.44816355434944466, "pol4": -0.634921474681337, "v0s": 4.590454499920841}, "datetime": {"datetime": "2022-05-16 22:42:38", "elapsed": 10774.020155, "delta": 10.168802}}
{"target": 5.142986091368688, "params": {"Bgrad": 0.7702973476601866, "d1": -3.0, "d2": -3.0, "d3": -2.376412371967766, "d4": -0.4472762326327191, "p1": 5.707980731544065, "p2": 2.499309583572436, "p3": 39.64307063395726, "p4": 20.947748091422874, "pol1": 0.3998029618919984, "pol2": -0.5356889452337554, "pol3": 0.5669113330037411, "pol4": -0.12420223267015391, "v0s": 5.142986091368688}, "datetime": {"datetime": "2022-05-16 22:42:46", "elapsed": 10781.778405, "delta": 7.75825}}
{"target": 3.804605536734254, "params": {"Bgrad": 0.6793081196400197, "d1": -2.4989924505470347, "d2": -1.2181351480543063, "d3": -1.9969436835886931, "d4": -0.10313324638828547, "p1": 5.274271590683371, "p2": 1.0170046140741906, "p3": 40.455320013121124, "p4": 21.515777193714907, "pol1": -0.8127641713599731, "pol2": 0.9433708641010699, "pol3": -0.2049670591146433, "pol4": -0.22309183600202886, "v0s": 3.804605536734254}, "datetime": {"datetime": "2022-05-16 22:42:52", "elapsed": 10788.145375, "delta": 6.36697}}
{"target": 5.563444333547476, "params": {"Bgrad": 1.6979269664290055, "d1": -2.014076797780424, "d2": 0.5174699625867891, "d3": -0.4994578952740375, "d4": -2.219863916964903, "p1": 7.751573092838963, "p2": 35.89144276737994, "p3": 41.0063226763704, "p4": 33.01785310596418, "pol1": -0.941558252983893, "pol2": -1.0, "pol3": -0.7226891247852005, "pol4": -0.36855965534966745, "v0s": 5.563444333547476}, "datetime": {"datetime": "2022-05-16 22:43:03", "elapsed": 10798.720092, "delta": 10.574717}}
{"target": -1.0, "params": {"Bgrad": 0.7844651244657771, "d1": -0.32321671878904423, "d2": 0.04990835029217555, "d3": -0.49473482871113594, "d4": -0.9446833237795178, "p1": 35.62843534794284, "p2": 7.779058186858218, "p3": 7.821592915563519, "p4": 29.343219127037724, "pol1": 0.004282782945688179, "pol2": 0.23988620990427045, "pol3": 0.7587261624132102, "pol4": -0.4778813909122437, "v0s": 2.0159326310233334}, "datetime": {"datetime": "2022-05-16 22:43:09", "elapsed": 10804.77789, "delta": 6.057798}}
{"target": 4.745443354805665, "params": {"Bgrad": 0.5498002876871353, "d1": -2.8548396862626566, "d2": -3.0, "d3": -1.9681645311410891, "d4": -0.8953478499295154, "p1": 5.508561947367896, "p2": 2.9900102052611626, "p3": 39.76639562803984, "p4": 20.910990461961163, "pol1": 0.30303330662895317, "pol2": 0.4302779305569067, "pol3": -0.33127616056603126, "pol4": 0.4317531834266239, "v0s": 4.745443354805665}, "datetime": {"datetime": "2022-05-16 22:43:18", "elapsed": 10813.702021, "delta": 8.924131}}
{"target": -1.0, "params": {"Bgrad": 1.613848646474818, "d1": -0.8164697131656031, "d2": 0.8131800601009829, "d3": -1.60115512060024, "d4": 0.6434117176506016, "p1": 27.65496919264899, "p2": 10.921220533969478, "p3": 41.00878783110846, "p4": 29.279388625976623, "pol1": -0.8893619771677632, "pol2": -0.2474376027470968, "pol3": -0.8570351357017916, "pol4": 0.45071645247925773, "v0s": 3.5455910539652544}, "datetime": {"datetime": "2022-05-16 22:44:11", "elapsed": 10867.185971, "delta": 53.48395}}
{"target": 5.333655610038841, "params": {"Bgrad": 2.0, "d1": -2.6492763633843914, "d2": 1.0, "d3": -1.0853792195438328, "d4": -1.8603720446909566, "p1": 30.365769537068793, "p2": 12.82457785061393, "p3": 37.857132177271886, "p4": 26.234745381361094, "pol1": 1.0, "pol2": -0.6961191845302224, "pol3": -1.0, "pol4": -0.6917575177541625, "v0s": 5.333655610038841}, "datetime": {"datetime": "2022-05-16 22:44:22", "elapsed": 10877.529307, "delta": 10.343336}}
{"target": -1.0, "params": {"Bgrad": 1.2518239481123405, "d1": -1.7784686908430403, "d2": -2.248064267821149, "d3": -0.9589432895029995, "d4": -1.4183612635814087, "p1": 7.394215718466668, "p2": 1.5199949944152968, "p3": 39.98812257263613, "p4": 20.316118380003363, "pol1": -0.11960625826692883, "pol2": 0.7145184438909606, "pol3": -0.533423019240912, "pol4": 0.9979063939400825, "v0s": 3.432346893633259}, "datetime": {"datetime": "2022-05-16 22:44:37", "elapsed": 10893.200392, "delta": 15.671085}}
{"target": 4.314405998943943, "params": {"Bgrad": 1.747485359687802, "d1": -2.6435454009684762, "d2": 0.8780196279268568, "d3": -0.7667934099710076, "d4": -2.868171678659165, "p1": 42.37574118106448, "p2": 22.101892190268536, "p3": 16.94797785796704, "p4": 12.304629847131942, "pol1": 0.06331083790738479, "pol2": -0.9421841214526101, "pol3": 0.3422710529679238, "pol4": -0.3618242297016401, "v0s": 4.314405998943943}, "datetime": {"datetime": "2022-05-16 22:44:46", "elapsed": 10901.574994, "delta": 8.374602}}
{"target": 4.52629412363552, "params": {"Bgrad": 1.1778307387540692, "d1": -2.4849114293195194, "d2": 1.0, "d3": -2.5506287033413053, "d4": -1.943882437195325, "p1": 6.985148508949801, "p2": 35.36938193692457, "p3": 37.84900136537852, "p4": 34.99549248887772, "pol1": 0.7021941357909395, "pol2": 0.5533792164432941, "pol3": -0.3773912916125493, "pol4": -1.0, "v0s": 4.52629412363552}, "datetime": {"datetime": "2022-05-16 22:44:55", "elapsed": 10910.375456, "delta": 8.800462}}
{"target": 3.9877769855082574, "params": {"Bgrad": 1.3978266834793422, "d1": -2.4966275987761635, "d2": 0.17079342183472024, "d3": -0.6334268580476663, "d4": -1.9235186480990554, "p1": 8.033711238197938, "p2": 35.91271862345976, "p3": 37.599811973748345, "p4": 33.779478394012024, "pol1": -0.8051414414443572, "pol2": 0.3507999777801196, "pol3": -0.0093800934985806, "pol4": 0.557977933013549, "v0s": 3.9877769855082574}, "datetime": {"datetime": "2022-05-16 22:45:03", "elapsed": 10918.78297, "delta": 8.407514}}
{"target": 3.023113503765118, "params": {"Bgrad": 1.8251626091869895, "d1": -0.6181350920379436, "d2": 0.11590844083776108, "d3": -2.4092078680968987, "d4": -2.92870384923832, "p1": 37.97537493578803, "p2": 19.441290821364017, "p3": 18.06998485238581, "p4": 16.020852841247596, "pol1": 0.9784894340960832, "pol2": 0.6720133080760351, "pol3": -0.08789460330409415, "pol4": -0.8741415983687075, "v0s": 3.023113503765118}, "datetime": {"datetime": "2022-05-16 22:45:10", "elapsed": 10925.509977, "delta": 6.727007}}
{"target": -1.0, "params": {"Bgrad": 0.96359025598344, "d1": 0.2436039307278115, "d2": -0.6847655126346206, "d3": 0.16141776995177137, "d4": -1.5546061895080268, "p1": 5.743848765873494, "p2": 33.11839655907736, "p3": 32.38498417439744, "p4": 39.401253244303945, "pol1": 0.793685562676286, "pol2": 0.15047736070892048, "pol3": -0.26707986697673824, "pol4": 0.8546081308694566, "v0s": 5.923607408428728}, "datetime": {"datetime": "2022-05-16 22:45:26", "elapsed": 10941.460315, "delta": 15.950338}}
{"target": 4.715900584576781, "params": {"Bgrad": 0.7977983468099968, "d1": -2.759860493458653, "d2": 0.00859979205772269, "d3": -2.564690004499828, "d4": -2.4537780310371455, "p1": 3.6208058236605827, "p2": 37.39010156808751, "p3": 33.298081100453985, "p4": 39.229525666097004, "pol1": 0.7993407377235155, "pol2": 0.04999782340600981, "pol3": -0.5609100129777179, "pol4": 0.10444380113917774, "v0s": 4.715900584576781}, "datetime": {"datetime": "2022-05-16 22:45:33", "elapsed": 10948.481536, "delta": 7.021221}}
{"target": 2.58705338214998, "params": {"Bgrad": 1.3902597414268985, "d1": -2.56641813287715, "d2": 0.3659551580716758, "d3": -2.3728000346165405, "d4": -2.783497630810133, "p1": 28.774334039767474, "p2": 12.4982025357805, "p3": 33.800006847405754, "p4": 24.700773412800935, "pol1": -0.07986365188842681, "pol2": 0.38371491849077044, "pol3": -0.91420000796481, "pol4": -0.5518745372207023, "v0s": 2.58705338214998}, "datetime": {"datetime": "2022-05-16 22:45:42", "elapsed": 10957.398686, "delta": 8.91715}}
{"target": 4.563936621883121, "params": {"Bgrad": 1.174129225534253, "d1": -2.8494369820942165, "d2": 0.15663004690275661, "d3": -1.9744263497548955, "d4": -1.2668215971492045, "p1": 1.0185278662237063, "p2": 40.25418447238713, "p3": 33.443980164814285, "p4": 40.168773744098395, "pol1": -0.843590047794754, "pol2": 0.45956232270666564, "pol3": 0.06948069684927893, "pol4": 0.9738711981967523, "v0s": 4.563936621883121}, "datetime": {"datetime": "2022-05-16 22:45:53", "elapsed": 10968.661562, "delta": 11.262876}}
{"target": 4.251394451540226, "params": {"Bgrad": 1.3960132985019873, "d1": -1.708173671679679, "d2": 1.0, "d3": -2.178863048809518, "d4": -0.5852997248073526, "p1": 2.4305826453811084, "p2": 30.925367372327003, "p3": 16.795910692367702, "p4": 11.366426982418467, "pol1": -0.5423687105001537, "pol2": -0.1928956888910805, "pol3": 0.21398043920628693, "pol4": 1.0, "v0s": 4.251394451540226}, "datetime": {"datetime": "2022-05-16 22:46:02", "elapsed": 10977.734296, "delta": 9.072734}}
{"target": 4.8489379116261855, "params": {"Bgrad": 1.1500178436774244, "d1": -1.9305955599640767, "d2": 0.9211937817528395, "d3": -0.8573255042152814, "d4": -1.9251808691917525, "p1": 8.043850681417075, "p2": 36.7207146867488, "p3": 36.35702564183511, "p4": 36.96057545839357, "pol1": 0.8983401122386263, "pol2": -0.7875792974009417, "pol3": -0.41281551564828534, "pol4": 0.0242515627044102, "v0s": 4.8489379116261855}, "datetime": {"datetime": "2022-05-16 22:46:12", "elapsed": 10988.05968, "delta": 10.325384}}
{"target": 3.7295084388781823, "params": {"Bgrad": 1.4737536236952675, "d1": -2.57891442551654, "d2": -0.2203759495501485, "d3": -0.2658478190523499, "d4": -0.7292311993051142, "p1": 43.47104957726414, "p2": 21.786030209453163, "p3": 17.261033649027624, "p4": 13.110205131923907, "pol1": -0.07084548571217786, "pol2": -0.6780986460822676, "pol3": 0.976734025861199, "pol4": 0.29289625027775923, "v0s": 3.7295084388781823}, "datetime": {"datetime": "2022-05-16 22:46:22", "elapsed": 10997.224169, "delta": 9.164489}}
{"target": -1.0, "params": {"Bgrad": 0.6913346454497165, "d1": -2.4328523211951154, "d2": -0.021816779120952035, "d3": -1.6528462240835187, "d4": -1.2741034338259354, "p1": 31.583415264312904, "p2": 10.818510328494991, "p3": 7.2110197151114885, "p4": 24.984477548304902, "pol1": -0.9866923676350781, "pol2": 0.6549463547831795, "pol3": -0.948057834485531, "pol4": -0.9089386826162553, "v0s": 2.7962541910260947}, "datetime": {"datetime": "2022-05-16 22:46:30", "elapsed": 11006.017649, "delta": 8.79348}}
{"target": 5.293307452868982, "params": {"Bgrad": 1.321177181522525, "d1": -2.2820788735742337, "d2": -0.41608667675748556, "d3": -1.4661690086251418, "d4": -2.760890873840274, "p1": 3.7481553156551826, "p2": 33.78790241462473, "p3": 31.713151319055278, "p4": 38.3731069681514, "pol1": -0.7872983110606442, "pol2": -0.14744201137550195, "pol3": 0.8536254574950755, "pol4": -0.8486951204622855, "v0s": 5.293307452868982}, "datetime": {"datetime": "2022-05-16 22:46:44", "elapsed": 11019.493606, "delta": 13.475957}}
{"target": 2.357905441457743, "params": {"Bgrad": 1.4942338415213874, "d1": -1.9301210287594954, "d2": 0.07043521281296972, "d3": -1.6479246834999066, "d4": -1.6342171064786846, "p1": 44.152045405075924, "p2": 20.939650526213576, "p3": 26.24802281887969, "p4": 11.85142908340508, "pol1": 0.680171455844927, "pol2": 0.6132332828275884, "pol3": -0.3104916743390784, "pol4": -0.388320239784969, "v0s": 2.357905441457743}, "datetime": {"datetime": "2022-05-16 22:46:52", "elapsed": 11027.306709, "delta": 7.813103}}
{"target": 3.7423051510322383, "params": {"Bgrad": 0.9785154943351945, "d1": -2.321573910862797, "d2": -0.05307095518641347, "d3": -0.019425921410580305, "d4": -2.6730499129537706, "p1": 32.026963398033566, "p2": 11.204160969896327, "p3": 33.04481049622483, "p4": 26.70396351688162, "pol1": -0.5420602628697624, "pol2": -0.4441051491833552, "pol3": -0.28170334299083377, "pol4": -0.24458076444211185, "v0s": 3.7423051510322383}, "datetime": {"datetime": "2022-05-16 22:47:04", "elapsed": 11039.927952, "delta": 12.621243}}
{"target": -1.0, "params": {"Bgrad": 1.2894650204028393, "d1": -1.0805550361230227, "d2": -0.966964649172732, "d3": -1.0160676086204745, "d4": -2.2853349668833096, "p1": 32.54033787326852, "p2": 11.494075990658315, "p3": 32.022502620406904, "p4": 23.868724372214494, "pol1": -0.1064644420694183, "pol2": 0.3122686578777776, "pol3": 0.7021322088435373, "pol4": 0.32735149629349847, "v0s": 2.8890328848635822}, "datetime": {"datetime": "2022-05-16 22:47:18", "elapsed": 11054.120991, "delta": 14.193039}}
{"target": 4.445908164472681, "params": {"Bgrad": 1.7641526502358713, "d1": -2.8694239272779316, "d2": 0.8662164752805722, "d3": -0.7798073515503872, "d4": -3.0, "p1": 44.76594342510663, "p2": 20.15434015101181, "p3": 25.545697435382504, "p4": 12.514137172477529, "pol1": -0.1797114408105526, "pol2": -0.6700313107527089, "pol3": 0.5308934088868725, "pol4": 0.7009245367189113, "v0s": 4.445908164472681}, "datetime": {"datetime": "2022-05-16 22:47:28", "elapsed": 11063.892855, "delta": 9.771864}}
{"target": 4.610180175439901, "params": {"Bgrad": 0.8112574022628114, "d1": -2.899675604471013, "d2": 0.8486989837482257, "d3": -1.388399324128907, "d4": -1.8536600453835033, "p1": 27.79145252580641, "p2": 10.16804957637571, "p3": 11.250729286881068, "p4": 23.080462619983237, "pol1": 0.5075011432344769, "pol2": -0.15546650063701106, "pol3": -0.6779589437708389, "pol4": -0.5225228482937545, "v0s": 4.610180175439901}, "datetime": {"datetime": "2022-05-16 22:47:36", "elapsed": 11072.054026, "delta": 8.161171}}
{"target": 4.106106900575491, "params": {"Bgrad": 1.2682506914397456, "d1": -2.4581594696309463, "d2": 0.34258107437450747, "d3": -0.43666113327721146, "d4": -2.320209283001787, "p1": 44.98448455138433, "p2": 23.21081998348189, "p3": 26.607667315709303, "p4": 10.541885966036086, "pol1": -0.9948869256090216, "pol2": 0.3059665720189202, "pol3": 0.5462374338694613, "pol4": 0.7614801139984022, "v0s": 4.106106900575491}, "datetime": {"datetime": "2022-05-16 22:47:45", "elapsed": 11080.421647, "delta": 8.367621}}
{"target": -1.0, "params": {"Bgrad": 0.5623675794726475, "d1": -2.378609487305141, "d2": -0.377563726705187, "d3": -1.4205538917794227, "d4": -1.8549513961760895, "p1": 10.585952857644749, "p2": 24.087167542933102, "p3": 42.507203686726776, "p4": 27.351299131529522, "pol1": 0.6093214265884965, "pol2": -0.6310573418057206, "pol3": 0.5543569818549603, "pol4": 0.9082621664034185, "v0s": 7.3215938736478385}, "datetime": {"datetime": "2022-05-16 22:47:55", "elapsed": 11090.324161, "delta": 9.902514}}
{"target": -1.0, "params": {"Bgrad": 1.1778831643413255, "d1": -1.7019881702970068, "d2": -0.4395682497095206, "d3": -1.089158473272247, "d4": -0.37325911382977894, "p1": 10.458862639140843, "p2": 23.335451116874296, "p3": 41.842908808303, "p4": 27.48700636436651, "pol1": 0.19233400403099998, "pol2": -0.8564254212403783, "pol3": 0.4991024776331887, "pol4": -0.0597990532582664, "v0s": 5.152668088295591}, "datetime": {"datetime": "2022-05-16 22:48:08", "elapsed": 11104.20304, "delta": 13.878879}}
{"target": 3.5994536058308855, "params": {"Bgrad": 1.3906173229438838, "d1": -1.6028128638040573, "d2": -1.6162119118820906, "d3": -0.5471335498215524, "d4": -2.619847083640036, "p1": 28.414845041185437, "p2": 11.149580065375014, "p3": 36.463187407761836, "p4": 27.158358638905884, "pol1": 0.8055905589662204, "pol2": 0.825149788310549, "pol3": -0.791270709056028, "pol4": -0.781741593141041, "v0s": 3.5994536058308855}, "datetime": {"datetime": "2022-05-16 22:48:20", "elapsed": 11115.335266, "delta": 11.132226}}
{"target": -1.0, "params": {"Bgrad": 0.5, "d1": -3.0, "d2": -3.0, "d3": -3.0, "d4": -1.2567472638448878, "p1": 5.518864584241926, "p2": 2.051427805497288, "p3": 39.91414375071896, "p4": 21.55467638843233, "pol1": 0.1680121838759694, "pol2": 0.03343948124623711, "pol3": 0.3205863422985513, "pol4": 0.72975278556307, "v0s": 5.3608807512349355}, "datetime": {"datetime": "2022-05-16 22:48:31", "elapsed": 11126.474472, "delta": 11.139206}}
{"target": 4.470411328608658, "params": {"Bgrad": 1.1855323309250347, "d1": -2.4520164804088744, "d2": 0.8361578820847518, "d3": -0.8276517866650853, "d4": -3.0, "p1": 44.898142155706445, "p2": 21.004689874956835, "p3": 25.665741723736648, "p4": 12.729059408780746, "pol1": 0.24080039046100699, "pol2": 0.10046253551911141, "pol3": -0.28481657858026593, "pol4": -0.7066739116014442, "v0s": 4.470411328608658}, "datetime": {"datetime": "2022-05-16 22:48:41", "elapsed": 11137.200784, "delta": 10.726312}}
{"target": 5.043545655700895, "params": {"Bgrad": 1.3335319601763174, "d1": -2.002033898053463, "d2": 1.0, "d3": -1.349890255800947, "d4": -1.7609447747350706, "p1": 0.8567960061020897, "p2": 31.481927791015735, "p3": 17.030118776389205, "p4": 12.032146225873083, "pol1": -0.5200865798948253, "pol2": 0.823346907860572, "pol3": -0.09755854998125632, "pol4": 1.0, "v0s": 5.043545655700895}, "datetime": {"datetime": "2022-05-16 22:48:52", "elapsed": 11147.301767, "delta": 10.100983}}
{"target": -1.0, "params": {"Bgrad": 1.0880169755571654, "d1": -2.813903504862973, "d2": 0.5711941569529388, "d3": 0.7513455718501167, "d4": -2.2744649275258606, "p1": 4.706208721777378, "p2": 33.92803661347345, "p3": 32.44658169418076, "p4": 39.870041389112515, "pol1": -0.5364093846981617, "pol2": -0.08351355544916617, "pol3": -0.3633729462363102, "pol4": 0.6339216733607442, "v0s": 4.754254724468892}, "datetime": {"datetime": "2022-05-16 22:49:06", "elapsed": 11162.181967, "delta": 14.8802}}
{"target": 4.345266776987427, "params": {"Bgrad": 1.8723275333353322, "d1": -1.856666414967402, "d2": 0.10195937952921091, "d3": -1.6993413993210724, "d4": -3.0, "p1": 28.449914187258365, "p2": 11.311476357462904, "p3": 36.4419794797378, "p4": 27.439341682970046, "pol1": 0.40316970096914234, "pol2": 0.2871943976860334, "pol3": -0.9824978044369683, "pol4": -0.46322114664091607, "v0s": 4.345266776987427}, "datetime": {"datetime": "2022-05-16 22:49:18", "elapsed": 11173.488728, "delta": 11.306761}}
{"target": 3.968284537302115, "params": {"Bgrad": 1.2397377344423546, "d1": -2.736416522148266, "d2": -1.2442462362296265, "d3": -1.6495435606608408, "d4": 0.11239914547558927, "p1": 0.4625035885083839, "p2": 39.153749465463335, "p3": 33.29230233276755, "p4": 38.92116697220367, "pol1": 0.36047645984743526, "pol2": 0.21026458613718724, "pol3": 0.7855583567052897, "pol4": 0.8641055775591606, "v0s": 3.968284537302115}, "datetime": {"datetime": "2022-05-16 22:49:31", "elapsed": 11186.368279, "delta": 12.879551}}
{"target": 4.964467735895335, "params": {"Bgrad": 1.012384413731319, "d1": -2.9813046698703087, "d2": -0.11470899040894356, "d3": -0.9437032298153607, "d4": -0.23160228164182373, "p1": 6.99217554630418, "p2": 35.652183783824896, "p3": 35.669440792264794, "p4": 35.4457743134866, "pol1": 0.24885550131326495, "pol2": -0.9856448446389643, "pol3": 0.5011197229712863, "pol4": -0.3874815859676921, "v0s": 4.964467735895335}, "datetime": {"datetime": "2022-05-16 22:49:39", "elapsed": 11195.159765, "delta": 8.791486}}
{"target": 4.570904121402506, "params": {"Bgrad": 1.2976756472708328, "d1": -2.375014748125769, "d2": 0.654610696759217, "d3": -1.9850384931435399, "d4": -1.9311096460935284, "p1": 28.482969005873024, "p2": 9.93920907803978, "p3": 10.624603854221832, "p4": 23.60548293224496, "pol1": -0.4402126667402184, "pol2": -0.117791325112259, "pol3": 0.1291364850336646, "pol4": -0.42168013277424327, "v0s": 4.570904121402506}, "datetime": {"datetime": "2022-05-16 22:49:48", "elapsed": 11204.117805, "delta": 8.95804}}
