{"target": -1.0, "params": {"Bgrad": 1.2264736595485783, "d1": 0.87078098384479, "d2": -2.4272408731649486, "d3": -0.4706805013340136, "d4": -0.35244652865280957, "p1": 21.691991357636297, "p2": 2.9678612669478746, "p3": 24.636130058301664, "p4": 23.256697175903874, "pol1": 0.6134936215497271, "pol2": -0.4866780200940475, "pol3": -0.21713927403146283, "pol4": -0.5196555855572456, "v0s": 6.118660491034184}, "datetime": {"datetime": "2022-06-13 02:46:02", "elapsed": 2609.404503, "delta": 12.749922}}
{"target": -1.0, "params": {"Bgrad": 1.9848251800056733, "d1": -2.2902818525269524, "d2": 0.28578696090518907, "d3": -2.0760457628734668, "d4": -2.768096746508932, "p1": 6.940825902283682, "p2": 46.75765577711943, "p3": 44.427105167811405, "p4": 14.4630247741455, "pol1": 0.8955281322032138, "pol2": 0.6998610704628379, "pol3": -0.13069041185665298, "pol4": -0.06390089026705437, "v0s": 5.779118129500536}, "datetime": {"datetime": "2022-06-13 02:46:16", "elapsed": 2623.33826, "delta": 13.933757}}
{"target": -1.0, "params": {"Bgrad": 0.7370477524457191, "d1": -2.9408716530316283, "d2": -1.9379519301104566, "d3": -2.9382254722289565, "d4": -0.3020046233509701, "p1": 27.573441790638825, "p2": 16.082407280138884, "p3": 39.01011685598793, "p4": 7.289271560738852, "pol1": -0.5102387224762328, "pol2": -0.41537247592143256, "pol3": -0.6081361070020157, "pol4": -0.8241226324587934, "v0s": 7.219857081629645}, "datetime": {"datetime": "2022-06-13 02:46:22", "elapsed": 2629.628448, "delta": 6.290188}}
{"target": -1.0, "params": {"Bgrad": 0.632282968357265, "d1": -0.2651586567134485, "d2": -2.5183964925691065, "d3": -2.9572039874233034, "d4": -0.7709270797003449, "p1": 45.35545276101853, "p2": 43.02283336684426, "p3": 16.922569205912502, "p4": 1.357941466293111, "pol1": 0.6017187102600663, "pol2": 0.6119698645793319, "pol3": 0.7369762326055442, "pol4": 0.3392931997510662, "v0s": 6.8466731738904585}, "datetime": {"datetime": "2022-06-13 02:46:28", "elapsed": 2635.381072, "delta": 5.752624}}
{"target": -1.0, "params": {"Bgrad": 1.8462474234542303, "d1": -1.1846801980399508, "d2": -0.7686987851403582, "d3": -0.975475484687061, "d4": -0.23206438190312495, "p1": 34.145343381493745, "p2": 26.015681793165825, "p3": 41.42340740427357, "p4": 25.288969339493324, "pol1": 0.6497171247704638, "pol2": -0.4363098237135141, "pol3": -0.6430103340450235, "pol4": 0.939741140689428, "v0s": 6.451637152736461}, "datetime": {"datetime": "2022-06-13 02:46:38", "elapsed": 2646.053547, "delta": 10.672475}}
{"target": 4.458387566804123, "params": {"Bgrad": 0.8896875399566218, "d1": -0.6750586308353133, "d2": 0.8210490141527473, "d3": -2.6769843687516848, "d4": -2.6658631717530357, "p1": 30.956741570995362, "p2": 11.224673941797885, "p3": 38.259197836675405, "p4": 28.407627147455255, "pol1": 0.33237618044699047, "pol2": -0.7843721984108152, "pol3": -0.8314338971268864, "pol4": 0.25024213661097927, "v0s": 4.458387566804123}, "datetime": {"datetime": "2022-06-13 02:46:43", "elapsed": 2650.873663, "delta": 4.820116}}
{"target": -1.0, "params": {"Bgrad": 0.6308787858079727, "d1": -1.5157442199352436, "d2": -0.3114223613726055, "d3": -2.241650399233657, "d4": 0.5829164341148165, "p1": 47.492319444004366, "p2": 48.07862712172669, "p3": 36.50412788701301, "p4": 20.314421384415756, "pol1": 0.4874983927024392, "pol2": -0.42402624145049694, "pol3": -0.3711655552185076, "pol4": 0.2117927224357159, "v0s": 5.5690828004475055}, "datetime": {"datetime": "2022-06-13 02:46:50", "elapsed": 2657.983659, "delta": 7.109996}}
{"target": -1.0, "params": {"Bgrad": 1.8179914644737165, "d1": -1.9815969773576922, "d2": 0.06475346081128697, "d3": 0.7640530672756052, "d4": -2.9958682693690615, "p1": 23.804455900105243, "p2": 32.852016451236466, "p3": 42.166160695976124, "p4": 9.186970593800087, "pol1": 0.7123184759747436, "pol2": -0.2712690402859441, "pol3": 0.7845478585523449, "pol4": -0.94457651975527, "v0s": 2.5123408347390237}, "datetime": {"datetime": "2022-06-13 02:47:04", "elapsed": 2671.65811, "delta": 13.674451}}
{"target": -1.0, "params": {"Bgrad": 1.9721156986311688, "d1": -0.5619922969060136, "d2": -1.329470612743267, "d3": -2.323143261225238, "d4": -0.40039538764124005, "p1": 1.848753417967891, "p2": 15.580695673035233, "p3": 16.173959849453766, "p4": 30.37209467572768, "pol1": 0.30166251335139416, "pol2": 0.6921091984729386, "pol3": 0.8551618851950868, "pol4": 0.32091545522219933, "v0s": 5.469043510451229}, "datetime": {"datetime": "2022-06-13 02:47:14", "elapsed": 2681.502796, "delta": 9.844686}}
{"target": -1.0, "params": {"Bgrad": 1.0980733154435125, "d1": 0.866449970568568, "d2": -2.3836833126705703, "d3": 0.5803472345945937, "d4": -1.755947728460634, "p1": 27.4244544833052, "p2": 34.10331292164074, "p3": 11.823482566307769, "p4": 8.38683425251358, "pol1": 0.01696402685923193, "pol2": 0.5837277511693433, "pol3": 0.38482892433415117, "pol4": -0.7620533256539703, "v0s": 7.404453290430398}, "datetime": {"datetime": "2022-06-13 02:47:24", "elapsed": 2691.598811, "delta": 10.096015}}
{"target": -1.0, "params": {"Bgrad": 1.2196063505737325, "d1": 0.7867067169585904, "d2": -0.7862651750069372, "d3": -2.6607927133585885, "d4": -2.1901478573018576, "p1": 42.71189864581913, "p2": 35.29636833823596, "p3": 44.74697600764621, "p4": 16.457300089714987, "pol1": 0.05600279327525226, "pol2": 0.30079626496823963, "pol3": 0.1885817071733289, "pol4": -0.5370741289315044, "v0s": 4.5609280966894135}, "datetime": {"datetime": "2022-06-13 02:47:37", "elapsed": 2704.371672, "delta": 12.772861}}
{"target": -1.0, "params": {"Bgrad": 0.8721671960902622, "d1": 0.3824598489245816, "d2": 0.9467097798723305, "d3": -2.733716787470483, "d4": -0.14428787093215467, "p1": 16.505777609953714, "p2": 31.271768915571645, "p3": 12.90648246409355, "p4": 32.55038046542475, "pol1": -0.2577056310745409, "pol2": -0.41035824092607265, "pol3": 0.8235263473955976, "pol4": 0.884997748452415, "v0s": 5.681300159360813}, "datetime": {"datetime": "2022-06-13 02:47:48", "elapsed": 2715.261565, "delta": 10.889893}}
{"target": -1.0, "params": {"Bgrad": 0.821701671246039, "d1": 0.7576754836246375, "d2": 0.0018141868932963767, "d3": 0.004359229291224231, "d4": -2.153114660606055, "p1": 41.507826308114964, "p2": 12.004757708060504, "p3": 31.581037262508012, "p4": 35.536978494979316, "pol1": 0.4847668594142034, "pol2": -0.21947059080083808, "pol3": 0.5196507934321948, "pol4": 0.8058718042434199, "v0s": 5.524520115425462}, "datetime": {"datetime": "2022-06-13 02:47:55", "elapsed": 2722.652809, "delta": 7.391244}}
{"target": -1.0, "params": {"Bgrad": 0.6356145735421979, "d1": -2.4840960634308957, "d2": -2.5789498933488524, "d3": -2.30909014670848, "d4": -2.49427643884126, "p1": 38.91504450338138, "p2": 1.9705756092222138, "p3": 12.0779208670432, "p4": 43.95332006792327, "pol1": 0.9470377216725872, "pol2": 0.21084401545409626, "pol3": 0.9524765291207768, "pol4": -0.9130969165700464, "v0s": 7.691436610256045}, "datetime": {"datetime": "2022-06-13 02:48:01", "elapsed": 2728.841269, "delta": 6.18846}}
{"target": -1.0, "params": {"Bgrad": 0.9669441236842506, "d1": 0.19589136144637198, "d2": 0.24251641378760613, "d3": 0.43999436632137945, "d4": -1.1657967563899958, "p1": 46.53221960827242, "p2": 12.894649221351994, "p3": 46.72227462647923, "p4": 30.955981662583028, "pol1": 0.9708898298896611, "pol2": -0.9347122680748152, "pol3": 0.45033331766541673, "pol4": 0.13110847076076215, "v0s": 4.954544284389917}, "datetime": {"datetime": "2022-06-13 02:48:10", "elapsed": 2737.998792, "delta": 9.157523}}
{"target": 2.169455720977476, "params": {"Bgrad": 0.8888271884761054, "d1": -1.6926772605344995, "d2": -2.002151173194449, "d3": -2.122928358699757, "d4": 0.1986433500993554, "p1": 25.11975029491292, "p2": 4.159494434849886, "p3": 38.84920960136902, "p4": 26.682453804186544, "pol1": 0.478775574692764, "pol2": 0.03078738628624267, "pol3": -0.20010815202973653, "pol4": 0.9724935648725901, "v0s": 2.169455720977476}, "datetime": {"datetime": "2022-06-13 02:48:16", "elapsed": 2743.664648, "delta": 5.665856}}
{"target": -1.0, "params": {"Bgrad": 1.8991458619472874, "d1": 0.723419871039872, "d2": -1.4363251539941677, "d3": -2.142140515466721, "d4": -0.5231468082670441, "p1": 8.898616773508472, "p2": 40.160409716400416, "p3": 12.69669279388676, "p4": 14.540307751633897, "pol1": 0.8318315800199141, "pol2": 0.805833666948818, "pol3": 0.07076178346104345, "pol4": 0.7256779611572313, "v0s": 4.115195412830371}, "datetime": {"datetime": "2022-06-13 02:48:27", "elapsed": 2754.279277, "delta": 10.614629}}
{"target": -1.0, "params": {"Bgrad": 1.9968264173373536, "d1": -1.265241042380092, "d2": -1.8207519528060185, "d3": -2.833703064203331, "d4": 0.9588278151469671, "p1": 23.244381545591118, "p2": 36.729250702518534, "p3": 32.04038120229373, "p4": 36.15466998330049, "pol1": -0.8977781923477675, "pol2": 0.8400908108194274, "pol3": 0.853682435804483, "pol4": 0.10399005430839425, "v0s": 7.783495332107306}, "datetime": {"datetime": "2022-06-13 02:48:38", "elapsed": 2765.5322, "delta": 11.252923}}
{"target": -1.0, "params": {"Bgrad": 0.9214333054855512, "d1": -0.5914134914538192, "d2": -1.4141492397895044, "d3": -0.4879070729790871, "d4": -1.7974708459050075, "p1": 40.96791923280101, "p2": 3.4892989252104267, "p3": 2.093878514999814, "p4": 2.4698192316657153, "pol1": -0.6990899432646731, "pol2": -0.2092990524106193, "pol3": 0.9107799785143493, "pol4": -0.7784091206080876, "v0s": 5.885317914898563}, "datetime": {"datetime": "2022-06-13 02:48:48", "elapsed": 2775.759863, "delta": 10.227663}}
{"target": -1.0, "params": {"Bgrad": 1.2914322626845238, "d1": -1.587030376067764, "d2": -2.2072030827192326, "d3": -2.117623672610657, "d4": -2.8247139610914123, "p1": 35.658198657990724, "p2": 32.692009959812744, "p3": 22.18848963623612, "p4": 35.94697440449218, "pol1": -0.7800480551093592, "pol2": 0.8774383467378621, "pol3": 0.6952534184787751, "pol4": 0.3180713193317666, "v0s": 4.272987011970391}, "datetime": {"datetime": "2022-06-13 02:48:58", "elapsed": 2785.978551, "delta": 10.218688}}
{"target": -1.0, "params": {"Bgrad": 1.124850093522121, "d1": -1.0713843113701302, "d2": 0.7411350800272025, "d3": 0.45437181967241047, "d4": -1.0883046031337624, "p1": 27.72592491390835, "p2": 43.77019311396609, "p3": 47.4632216886145, "p4": 31.9592377934123, "pol1": 0.49704064017950733, "pol2": -0.29675018727911473, "pol3": 0.83605663817236, "pol4": 0.6735040997076625, "v0s": 5.312335287348577}, "datetime": {"datetime": "2022-06-13 02:49:11", "elapsed": 2798.787315, "delta": 12.808764}}
{"target": -1.0, "params": {"Bgrad": 1.8014408144227605, "d1": 0.3994875257613293, "d2": 0.23364542642456732, "d3": -2.477228702410448, "d4": -0.8559897007127515, "p1": 45.0391557353458, "p2": 38.541591527691516, "p3": 21.03565995125959, "p4": 48.89401966799829, "pol1": -0.4984536866539955, "pol2": -0.3327795423042046, "pol3": 0.9084010148591779, "pol4": 0.6174306963705793, "v0s": 7.402040027063971}, "datetime": {"datetime": "2022-06-13 02:49:22", "elapsed": 2809.884656, "delta": 11.097341}}
{"target": -1.0, "params": {"Bgrad": 0.5173843841148428, "d1": -1.480942267864021, "d2": -2.057912173560523, "d3": -1.8162597924503547, "d4": -0.04801801438463649, "p1": 36.2042422432037, "p2": 23.089970509953073, "p3": 18.263723060354685, "p4": 29.234580650226288, "pol1": 0.06741550926855266, "pol2": 0.10115911801572408, "pol3": 0.23095414222931554, "pol4": -0.20870345546490232, "v0s": 6.63031089449275}, "datetime": {"datetime": "2022-06-13 02:49:28", "elapsed": 2815.567465, "delta": 5.682809}}
{"target": 2.6330424799840086, "params": {"Bgrad": 0.8768047750240799, "d1": -0.37695692838653594, "d2": 0.8415885928800724, "d3": -2.985780958142296, "d4": -0.10655582242277539, "p1": 5.449751696482186, "p2": 27.18937458319126, "p3": 31.34580083401673, "p4": 12.147356288540056, "pol1": 0.8276877504932163, "pol2": 0.2446250573832356, "pol3": -0.5366106172102802, "pol4": 0.540264375199615, "v0s": 2.6330424799840086}, "datetime": {"datetime": "2022-06-13 02:49:32", "elapsed": 2819.83406, "delta": 4.266595}}
{"target": -1.0, "params": {"Bgrad": 1.3328379777970167, "d1": -2.620175720790034, "d2": -0.676063709299922, "d3": -1.9880795491192464, "d4": -0.40213276818101473, "p1": 35.791347642909, "p2": 26.20928072843306, "p3": 32.8760703851555, "p4": 40.664692266252786, "pol1": 0.6150245432860642, "pol2": 0.23936398410772552, "pol3": -0.09779507575845026, "pol4": -0.1841000219052651, "v0s": 7.2484857194261805}, "datetime": {"datetime": "2022-06-13 02:49:46", "elapsed": 2833.286105, "delta": 13.452045}}
{"target": -1.0, "params": {"Bgrad": 1.554397598171557, "d1": -2.2602599105063934, "d2": -0.7370714134829468, "d3": 0.6352321292002276, "d4": -2.3972400310069153, "p1": 42.27588377653532, "p2": 41.010123315767494, "p3": 24.967055064891724, "p4": 1.87919257428516, "pol1": -0.7049949892061291, "pol2": 0.8452773893773424, "pol3": -0.9116904079362751, "pol4": -0.255002467189281, "v0s": 5.714237808352825}, "datetime": {"datetime": "2022-06-13 02:49:58", "elapsed": 2845.468544, "delta": 12.182439}}
{"target": -1.0, "params": {"Bgrad": 0.795422058371025, "d1": 0.9243190289611891, "d2": -2.3760990678263103, "d3": -0.8412832193549025, "d4": -0.5279547026134215, "p1": 11.549497433485195, "p2": 23.315449460467068, "p3": 24.550426456646463, "p4": 38.3431188163271, "pol1": 0.2685615055477468, "pol2": -0.06489989386932082, "pol3": 0.33388508638795034, "pol4": -0.09324514695560326, "v0s": 5.1542695480484575}, "datetime": {"datetime": "2022-06-13 02:50:04", "elapsed": 2851.831537, "delta": 6.362993}}
{"target": 3.2011163944359327, "params": {"Bgrad": 1.4878520623375429, "d1": -2.2752184721845534, "d2": 0.1521982046892285, "d3": -0.5885386498464107, "d4": 0.921331540549311, "p1": 11.119159676558787, "p2": 23.313323708328674, "p3": 44.78209012997233, "p4": 30.071670484939407, "pol1": 0.45191769169762996, "pol2": -0.17265967159727946, "pol3": 0.36861924366263965, "pol4": 0.8921100596951264, "v0s": 3.2011163944359327}, "datetime": {"datetime": "2022-06-13 02:50:10", "elapsed": 2857.426582, "delta": 5.595045}}
{"target": -1.0, "params": {"Bgrad": 1.7110478958159807, "d1": 0.8781520483995857, "d2": -2.941725072946673, "d3": -2.1391616536222897, "d4": -2.530492318747481, "p1": 38.37117588707266, "p2": 4.060829297136665, "p3": 49.92067792954538, "p4": 19.48060079396526, "pol1": 0.8104055318660808, "pol2": -0.6228447930010643, "pol3": -0.11825560035541827, "pol4": 0.689623638012407, "v0s": 5.571618684039537}, "datetime": {"datetime": "2022-06-13 02:50:21", "elapsed": 2868.425184, "delta": 10.998602}}
{"target": -1.0, "params": {"Bgrad": 1.1932371450370356, "d1": -0.9494010129715296, "d2": -0.7044578924306104, "d3": -1.2387231696576273, "d4": -2.225764169104758, "p1": 5.6982880729593175, "p2": 7.561396368507401, "p3": 2.624548192656695, "p4": 27.933820553181576, "pol1": 0.6954420280720213, "pol2": -0.2817613221517785, "pol3": -0.8493782547283644, "pol4": -0.14855117602976753, "v0s": 5.612047030832008}, "datetime": {"datetime": "2022-06-13 02:50:32", "elapsed": 2879.904503, "delta": 11.479319}}
{"target": -1.0, "params": {"Bgrad": 1.1381051983634562, "d1": 0.24288493442948011, "d2": 0.767544984746821, "d3": 0.4796430930734177, "d4": -0.184002006880446, "p1": 23.514946239108763, "p2": 34.13490214516256, "p3": 0.6709155278264767, "p4": 49.12390592510219, "pol1": -0.6558453363422081, "pol2": 0.8125207919233637, "pol3": 0.6142198033322122, "pol4": 0.6002793687739754, "v0s": 3.6136163467103897}, "datetime": {"datetime": "2022-06-13 02:50:43", "elapsed": 2890.357564, "delta": 10.453061}}
{"target": -1.0, "params": {"Bgrad": 0.828730708635887, "d1": -1.284797228343645, "d2": 0.39748440292261966, "d3": -1.198481430113119, "d4": 0.7416804560282473, "p1": 17.6339663625869, "p2": 30.969608284837985, "p3": 49.03495181778901, "p4": 32.173126112040244, "pol1": -0.9090035679187924, "pol2": -0.07288581809657635, "pol3": -0.33049731257267245, "pol4": 0.0643630970433493, "v0s": 3.7084772516787883}, "datetime": {"datetime": "2022-06-13 02:51:14", "elapsed": 2921.607039, "delta": 31.249475}}
{"target": -1.0, "params": {"Bgrad": 0.6833918453450042, "d1": -0.32684404499679287, "d2": -0.27456098043477484, "d3": 0.4685571999963538, "d4": -2.4704740257490503, "p1": 39.93101541390155, "p2": 41.33843692025645, "p3": 32.3274967875576, "p4": 10.246107289031691, "pol1": -0.47715857118832417, "pol2": -0.16300636492164866, "pol3": 0.08359814556546263, "pol4": -0.045124088815565955, "v0s": 4.8047593522722165}, "datetime": {"datetime": "2022-06-13 02:51:22", "elapsed": 2929.323414, "delta": 7.716375}}
{"target": -1.0, "params": {"Bgrad": 1.759761065296501, "d1": 0.48040946123027073, "d2": 0.2670158575070669, "d3": 0.5112056745387985, "d4": -0.7159649522517078, "p1": 48.20180666695409, "p2": 30.32721741252338, "p3": 30.19738705398407, "p4": 15.964886853730942, "pol1": 0.362408368234038, "pol2": -0.896068622989278, "pol3": -0.7309071579761155, "pol4": -0.7395156648544698, "v0s": 5.931207723348415}, "datetime": {"datetime": "2022-06-13 02:51:33", "elapsed": 2940.463639, "delta": 11.140225}}
{"target": -1.0, "params": {"Bgrad": 0.7629988876570075, "d1": -1.6354127069938111, "d2": -2.8227533766675816, "d3": -2.0650625595339576, "d4": 0.8568972993971764, "p1": 25.456970125818383, "p2": 7.553725923571597, "p3": 26.150426586723214, "p4": 47.17546919555404, "pol1": 0.7313720280126681, "pol2": -0.21586826213922627, "pol3": -0.4322649680531947, "pol4": 0.5234597253854836, "v0s": 3.4429059488185265}, "datetime": {"datetime": "2022-06-13 02:51:39", "elapsed": 2946.314998, "delta": 5.851359}}
{"target": -1.0, "params": {"Bgrad": 0.8813485319860286, "d1": -2.663654583280282, "d2": 0.4565763790561075, "d3": -1.2084043375188807, "d4": -0.7528549575601056, "p1": 36.835547884676, "p2": 39.82444335655978, "p3": 22.375406949515693, "p4": 9.206377808789917, "pol1": 0.6574657030566036, "pol2": -0.9380040803434884, "pol3": 0.8934565392159048, "pol4": 0.15395569295500322, "v0s": 7.252332430704122}, "datetime": {"datetime": "2022-06-13 02:51:50", "elapsed": 2957.185942, "delta": 10.870944}}
{"target": 3.191889586523369, "params": {"Bgrad": 1.412848155460338, "d1": -1.9933616633907052, "d2": -1.8154803060163824, "d3": -0.8683097638733872, "d4": 0.848312851388374, "p1": 9.224780224508883, "p2": 25.49491890715545, "p3": 17.18940517184222, "p4": 38.48626724785929, "pol1": 0.605732972864848, "pol2": -0.15088017939556675, "pol3": -0.5917550000113283, "pol4": -0.8658210793422894, "v0s": 3.191889586523369}, "datetime": {"datetime": "2022-06-13 02:51:59", "elapsed": 2966.358425, "delta": 9.172483}}
{"target": -1.0, "params": {"Bgrad": 0.9086012751940733, "d1": -0.6048443283631584, "d2": 0.4923339890977423, "d3": -2.4870762446180548, "d4": 0.832754966859584, "p1": 34.15854219270732, "p2": 37.09821178391901, "p3": 49.14403929604953, "p4": 20.805038630907102, "pol1": 0.06316693179180355, "pol2": 0.3584259003914372, "pol3": 0.02575028517998268, "pol4": -0.40177531067832883, "v0s": 2.632308036380236}, "datetime": {"datetime": "2022-06-13 02:52:13", "elapsed": 2981.01924, "delta": 14.660815}}
{"target": -1.0, "params": {"Bgrad": 0.9273982185832171, "d1": 0.07541139315103162, "d2": -0.4368691821926154, "d3": 0.2053228128127702, "d4": -0.9315178721182935, "p1": 11.605001092316753, "p2": 31.398096349095134, "p3": 15.200274501115157, "p4": 1.4764372471010478, "pol1": 0.8066623536337512, "pol2": -0.15926086239442983, "pol3": -0.1477384391505756, "pol4": 0.4825034706637181, "v0s": 7.690750425834762}, "datetime": {"datetime": "2022-06-13 02:52:22", "elapsed": 2989.41081, "delta": 8.39157}}
{"target": -1.0, "params": {"Bgrad": 0.608773292068195, "d1": -2.3091956474709003, "d2": -1.7105700434691573, "d3": -2.006303014679204, "d4": -1.0180200745552281, "p1": 41.222980539884176, "p2": 42.6986207471088, "p3": 29.79149710293508, "p4": 12.008686691553333, "pol1": -0.6270146234546294, "pol2": 0.48678102480407803, "pol3": -0.5255718847129047, "pol4": 0.07898178185309934, "v0s": 6.495684722763151}, "datetime": {"datetime": "2022-06-13 02:52:28", "elapsed": 2995.227264, "delta": 5.816454}}
{"target": -1.0, "params": {"Bgrad": 0.8423736569230789, "d1": -2.301995249709024, "d2": -2.841057253696595, "d3": -2.40972464920021, "d4": 0.40575562778796304, "p1": 5.2317955872479285, "p2": 11.18225227636589, "p3": 1.6378599872988564, "p4": 33.81783177256393, "pol1": -0.5365937170705608, "pol2": -0.17281656439647142, "pol3": -0.7213976573525465, "pol4": -0.24556542477698695, "v0s": 4.546624797437692}, "datetime": {"datetime": "2022-06-13 02:52:38", "elapsed": 3005.215567, "delta": 9.988303}}
{"target": -1.0, "params": {"Bgrad": 1.2094474277900196, "d1": -1.3086327478455475, "d2": -2.5889737445033427, "d3": 0.090321066526176, "d4": -2.4511759860403544, "p1": 21.2146187162906, "p2": 13.597805622638976, "p3": 15.050397153995315, "p4": 33.621038629321625, "pol1": 0.03557344762682901, "pol2": -0.6198258990401189, "pol3": -0.06173112033324579, "pol4": -0.32091826240739296, "v0s": 6.226983189488756}, "datetime": {"datetime": "2022-06-13 02:52:49", "elapsed": 3016.943221, "delta": 11.727654}}
{"target": -1.0, "params": {"Bgrad": 0.8391428036488235, "d1": 0.37995254943338086, "d2": -0.8950813404334785, "d3": -0.9975217083076435, "d4": -1.9852567724492793, "p1": 9.307783486833198, "p2": 23.59095313687984, "p3": 49.091220891262864, "p4": 6.645311883091354, "pol1": -0.43307513514388574, "pol2": 0.6012823485669121, "pol3": 0.3295537970215099, "pol4": -0.4424831826131259, "v0s": 3.887885640650671}, "datetime": {"datetime": "2022-06-13 02:52:57", "elapsed": 3024.952813, "delta": 8.009592}}
