{"target": -1.0, "params": {"Bgrad": 1.0151485694195475, "d1": -2.678042296471123, "d2": -1.2708821824669307, "d3": 0.3382542791684209, "d4": 0.037478940541793015, "p1": 6.777107276132332, "p2": 6.45308376965299, "p3": 47.02526191200898, "p4": 15.429374835572835, "pol1": -0.09549088376186576, "pol2": 0.17245897994159587, "pol3": -0.2147783179704157, "pol4": 0.855126080632612, "v0s": 3.572038536103607}, "datetime": {"datetime": "2022-05-17 13:05:48", "elapsed": 62563.596289, "delta": 39.182203}}
{"target": -1.0, "params": {"Bgrad": 1.7939111547135278, "d1": -1.5111403768416798, "d2": -1.4935076844061426, "d3": -1.1505008435341724, "d4": -1.777607897868919, "p1": 1.4383686527110306, "p2": 10.376722291740048, "p3": 39.1055054589318, "p4": 30.015286986348645, "pol1": -0.035116441855354674, "pol2": -0.26411660671669446, "pol3": 0.5483539802579138, "pol4": 0.8248621148507589, "v0s": 2.874263564228036}, "datetime": {"datetime": "2022-05-17 13:06:14", "elapsed": 62589.25167, "delta": 25.655381}}
{"target": 4.6142861229562415, "params": {"Bgrad": 1.9457155122421554, "d1": -2.9127444913899194, "d2": 0.8305345804421385, "d3": -2.1921086553144766, "d4": -2.187193438320299, "p1": 29.257143572230827, "p2": 29.922487789218106, "p3": 7.991214517110181, "p4": 43.54776222867489, "pol1": 0.3581883273121136, "pol2": -0.22825557310919328, "pol3": 1.0, "pol4": -0.5960813322647677, "v0s": 4.6142861229562415}, "datetime": {"datetime": "2022-05-17 13:06:38", "elapsed": 62613.904732, "delta": 24.653062}}
{"target": -1.0, "params": {"Bgrad": 1.4098176320610152, "d1": -2.730936423325157, "d2": 0.7419176949702438, "d3": -1.786361005605534, "d4": 0.46828953232246434, "p1": 27.56746954572201, "p2": 10.548538648496699, "p3": 10.530375651560496, "p4": 23.55029617240734, "pol1": 0.2793452920928095, "pol2": -0.41376885799033264, "pol3": -0.5516645940450812, "pol4": -0.2715944601378673, "v0s": 4.234364432589758}, "datetime": {"datetime": "2022-05-17 13:07:10", "elapsed": 62645.554083, "delta": 31.649351}}
{"target": -1.0, "params": {"Bgrad": 0.5255931927035876, "d1": -2.187066908656465, "d2": 0.020191847479269942, "d3": 0.5668466221294723, "d4": -1.289481176784522, "p1": 0.37680618500273155, "p2": 34.014108563081614, "p3": 31.86646521886382, "p4": 34.9896189853772, "pol1": -0.008182345566662086, "pol2": 0.4311617352368362, "pol3": -0.25724653617344884, "pol4": 0.7905786978052516, "v0s": 2.4912700078600776}, "datetime": {"datetime": "2022-05-17 13:07:40", "elapsed": 62675.325455, "delta": 29.771372}}
{"target": 4.6170505516938505, "params": {"Bgrad": 2.0, "d1": -2.8821366435194653, "d2": 0.3468689745127812, "d3": -1.385320148747068, "d4": -1.716814377869852, "p1": 27.18744021179369, "p2": 9.828393429124922, "p3": 12.560443505059688, "p4": 27.102411183130165, "pol1": 0.6772517636414234, "pol2": 0.39282773326017295, "pol3": 0.1649141434740469, "pol4": -0.2553991061145936, "v0s": 4.6170505516938505}, "datetime": {"datetime": "2022-05-17 13:08:03", "elapsed": 62698.389766, "delta": 23.064311}}
{"target": -1.0, "params": {"Bgrad": 0.7136845142864939, "d1": -0.7803706020504926, "d2": 0.7700967888645605, "d3": -2.4985988325311443, "d4": -1.216305010793283, "p1": 11.887580756058552, "p2": 24.067855269970778, "p3": 43.966943234787585, "p4": 24.445371199642523, "pol1": -0.4036812515254151, "pol2": 0.6608191705506707, "pol3": 0.6456199565511938, "pol4": 0.7393941806640081, "v0s": 2.0070616538046044}, "datetime": {"datetime": "2022-05-17 13:08:34", "elapsed": 62729.508535, "delta": 31.118769}}
{"target": 4.171537132939095, "params": {"Bgrad": 1.291774904660464, "d1": -1.2837501802289732, "d2": 1.0, "d3": -1.541515075456126, "d4": -2.160084082994799, "p1": 43.01993535959751, "p2": 16.97247201849411, "p3": 26.860256949362896, "p4": 11.387458015561323, "pol1": 0.7325442866600175, "pol2": -0.6907582920829177, "pol3": 0.046195644784264085, "pol4": 1.0, "v0s": 4.171537132939095}, "datetime": {"datetime": "2022-05-17 13:08:57", "elapsed": 62752.815199, "delta": 23.306664}}
{"target": 4.684959880782621, "params": {"Bgrad": 1.7025967316204351, "d1": -3.0, "d2": 0.026250032408686914, "d3": -2.2353885810007275, "d4": -0.32329304661899244, "p1": 28.844262070130494, "p2": 30.811686717589723, "p3": 9.092539524919143, "p4": 43.697435112561514, "pol1": 0.359145700333933, "pol2": -0.5282210461924445, "pol3": 1.0, "pol4": 0.09962687714673692, "v0s": 4.684959880782621}, "datetime": {"datetime": "2022-05-17 13:09:24", "elapsed": 62779.43899, "delta": 26.623791}}
{"target": 4.136772319423359, "params": {"Bgrad": 1.3196601228947606, "d1": -1.847679700925611, "d2": -3.0, "d3": -1.5519467813530783, "d4": -3.0, "p1": 4.9869142551556775, "p2": 9.417321443794545, "p3": 38.71760408723396, "p4": 28.758384696670458, "pol1": -1.0, "pol2": -1.0, "pol3": -0.603959711517014, "pol4": -1.0, "v0s": 4.136772319423359}, "datetime": {"datetime": "2022-05-17 13:09:56", "elapsed": 62812.117587, "delta": 32.678597}}
{"target": 4.385932576846885, "params": {"Bgrad": 0.5, "d1": -1.6876956332402024, "d2": 1.0, "d3": -1.7293508155366688, "d4": -2.806769713339964, "p1": 39.10210564394623, "p2": 46.2660320453677, "p3": 15.939283756707656, "p4": 12.835048082236924, "pol1": -0.6116143802029728, "pol2": -0.6021979213682056, "pol3": 0.2857000512194466, "pol4": 0.5135722195203872, "v0s": 4.385932576846885}, "datetime": {"datetime": "2022-05-17 13:10:17", "elapsed": 62832.241763, "delta": 20.124176}}
{"target": 4.6957982491895205, "params": {"Bgrad": 0.8541325918479665, "d1": -3.0, "d2": -0.11979304391056884, "d3": -1.601571518020895, "d4": 0.5924298167224294, "p1": 34.38749451244715, "p2": 6.661635533788531, "p3": 36.8023826005265, "p4": 28.378415098974887, "pol1": 1.0, "pol2": -0.14176933010126094, "pol3": 0.5225536430199934, "pol4": 0.7610956715184654, "v0s": 4.6957982491895205}, "datetime": {"datetime": "2022-05-17 13:10:45", "elapsed": 62860.958955, "delta": 28.717192}}
{"target": 3.7821535337955865, "params": {"Bgrad": 1.6044250358833805, "d1": -1.388769511742038, "d2": -0.16080678170699292, "d3": -1.0767976623486364, "d4": -2.723841991178352, "p1": 28.9322740506627, "p2": 39.94648832992304, "p3": 32.01442645817926, "p4": 21.025819464809175, "pol1": -0.5145483024970534, "pol2": -0.44088775524066515, "pol3": 0.23499667510857414, "pol4": 0.16197499630159662, "v0s": 3.7821535337955865}, "datetime": {"datetime": "2022-05-17 13:11:20", "elapsed": 62895.33202, "delta": 34.373065}}
{"target": 5.058378327491927, "params": {"Bgrad": 0.598399405316159, "d1": -2.6243906008992286, "d2": 0.8919214400182365, "d3": -1.0125172367043196, "d4": -0.7082592114061037, "p1": 25.29876366077114, "p2": 10.566120061523259, "p3": 37.13865293720694, "p4": 25.22097275656414, "pol1": 0.3907425030889806, "pol2": 0.2882869196260678, "pol3": 0.17921235935859348, "pol4": -0.40969446233001316, "v0s": 5.058378327491927}, "datetime": {"datetime": "2022-05-17 13:11:38", "elapsed": 62913.942244, "delta": 18.610224}}
{"target": 4.191489750068991, "params": {"Bgrad": 0.5, "d1": -2.8972988641028543, "d2": -1.0793237915659182, "d3": 1.0, "d4": -1.3586766901764058, "p1": 34.65371943448631, "p2": 8.69759927780846, "p3": 5.545358942430023, "p4": 28.792273649957366, "pol1": -0.39033944718016345, "pol2": 1.0, "pol3": -0.7607603713190277, "pol4": -0.19674477072893123, "v0s": 4.191489750068991}, "datetime": {"datetime": "2022-05-17 13:12:07", "elapsed": 62942.74022, "delta": 28.797976}}
{"target": 3.2112340070854932, "params": {"Bgrad": 1.5033846635520094, "d1": -2.7674948005657014, "d2": 0.43126374274798174, "d3": -0.9539048151152572, "d4": -2.533272425462295, "p1": 5.295226639219091, "p2": 38.03519928460056, "p3": 41.66081750399586, "p4": 30.969133351485763, "pol1": 0.08531810390741557, "pol2": -0.6620732156845037, "pol3": 0.4947493124456892, "pol4": -0.9356348044011009, "v0s": 3.2112340070854932}, "datetime": {"datetime": "2022-05-17 13:12:29", "elapsed": 62965.101413, "delta": 22.361193}}
{"target": 3.5388978992205216, "params": {"Bgrad": 1.597817503694306, "d1": -2.506668586006092, "d2": -1.6506224166032943, "d3": -0.5568058237373101, "d4": -1.3985791313446234, "p1": 7.925005337429919, "p2": 27.516670770731714, "p3": 43.42234472118404, "p4": 19.625028858087667, "pol1": 0.19589505637888927, "pol2": -0.0547422510868536, "pol3": -0.21238220879095215, "pol4": 0.11838771238298507, "v0s": 3.5388978992205216}, "datetime": {"datetime": "2022-05-17 13:12:57", "elapsed": 62992.934968, "delta": 27.833555}}
{"target": 4.19088813795815, "params": {"Bgrad": 1.2301016857197842, "d1": -2.05142914753428, "d2": 0.2850803996190736, "d3": -1.1949279947851421, "d4": -1.0024920849013839, "p1": 33.89136980343943, "p2": 4.597471902909012, "p3": 38.402269824902824, "p4": 29.62810346507948, "pol1": -0.08767039728649739, "pol2": -0.73115415250262, "pol3": -0.7019032380399717, "pol4": 0.20721735039540246, "v0s": 4.19088813795815}, "datetime": {"datetime": "2022-05-17 13:13:18", "elapsed": 63013.741319, "delta": 20.806351}}
{"target": -1.0, "params": {"Bgrad": 1.7255663859488521, "d1": -2.727496596237646, "d2": -2.748924424097297, "d3": 0.2694541056231148, "d4": -1.7734100239984039, "p1": 6.189348761105496, "p2": 25.41099420495787, "p3": 42.09365604680752, "p4": 18.8100164924162, "pol1": 0.902844855308693, "pol2": 0.2974788688258352, "pol3": 0.7044125177035503, "pol4": 0.046732536447120054, "v0s": 4.431820556585192}, "datetime": {"datetime": "2022-05-17 13:13:46", "elapsed": 63041.774341, "delta": 28.033022}}
{"target": 4.7882258582105655, "params": {"Bgrad": 1.172139143962108, "d1": -2.90042223211546, "d2": -0.20976198277226166, "d3": -2.020860414510734, "d4": -2.165502174394142, "p1": 1.2163475570110494, "p2": 28.27439709969633, "p3": 28.258960711249138, "p4": 43.66500165130625, "pol1": -0.83113555010657, "pol2": 0.27239396516972514, "pol3": -0.42577487824901694, "pol4": 0.6912554124507293, "v0s": 4.7882258582105655}, "datetime": {"datetime": "2022-05-17 13:14:18", "elapsed": 63073.291047, "delta": 31.516706}}
{"target": -1.0, "params": {"Bgrad": 1.5265973511003252, "d1": -2.7734557167017946, "d2": 0.864744203600288, "d3": -1.8675847257545004, "d4": -0.43851939861389677, "p1": 36.53877980112124, "p2": 8.430603956589122, "p3": 8.480273233253472, "p4": 30.939677954822816, "pol1": 0.6883295207071162, "pol2": 1.0, "pol3": -0.4468081774476334, "pol4": 1.0, "v0s": 6.302991020604102}, "datetime": {"datetime": "2022-05-17 13:14:54", "elapsed": 63109.922072, "delta": 36.631025}}
{"target": 4.472398867267958, "params": {"Bgrad": 1.428847997695198, "d1": -0.5922300598251397, "d2": 0.26263446495558657, "d3": -2.772057755994502, "d4": -1.9886381355624092, "p1": 4.370660349728531, "p2": 39.208948554813745, "p3": 33.78724278779375, "p4": 42.93126966857257, "pol1": -0.3659026872751948, "pol2": 1.0, "pol3": 0.08290766801578478, "pol4": -0.1884580539041074, "v0s": 4.472398867267958}, "datetime": {"datetime": "2022-05-17 13:15:19", "elapsed": 63134.950131, "delta": 25.028059}}
{"target": 4.719227234134768, "params": {"Bgrad": 1.1006217861710041, "d1": -2.9425294146461645, "d2": 0.520622283204401, "d3": -2.3947597653443298, "d4": -3.0, "p1": 4.8535564916922445, "p2": 31.228148861496223, "p3": 31.67251446360062, "p4": 38.72296891011013, "pol1": -0.632322375921016, "pol2": -1.0, "pol3": -0.4702915485500533, "pol4": 0.11592172298926819, "v0s": 4.719227234134768}, "datetime": {"datetime": "2022-05-17 13:15:46", "elapsed": 63161.839213, "delta": 26.889082}}
{"target": 3.9544667588171425, "params": {"Bgrad": 0.6744643862188298, "d1": -2.9960103394995103, "d2": -1.1443108058703806, "d3": -2.444587223639664, "d4": -2.281084888941516, "p1": 7.463769593745323, "p2": 39.0665147680719, "p3": 41.59454122805684, "p4": 30.25196960181805, "pol1": -0.07037244559883771, "pol2": -0.03760222458106033, "pol3": -0.7777151768864692, "pol4": 0.9683535832018728, "v0s": 3.9544667588171425}, "datetime": {"datetime": "2022-05-17 13:16:17", "elapsed": 63192.262841, "delta": 30.423628}}
{"target": 4.795881655329759, "params": {"Bgrad": 0.7415671961118758, "d1": -2.480612571640104, "d2": 0.793729674157656, "d3": -2.0922806221635795, "d4": -1.5818171971812773, "p1": 2.256092250248991, "p2": 31.41149201515049, "p3": 29.176108374277714, "p4": 41.12685746191428, "pol1": -0.00607634280124044, "pol2": -0.45537236914886803, "pol3": -0.6169658912994578, "pol4": -0.2267993772045727, "v0s": 4.795881655329759}, "datetime": {"datetime": "2022-05-17 13:16:40", "elapsed": 63215.66824, "delta": 23.405399}}
{"target": -1.0, "params": {"Bgrad": 1.8119449316354166, "d1": -3.0, "d2": 0.05955012656432663, "d3": 0.41616030746314253, "d4": -3.0, "p1": 0.6951966138358945, "p2": 13.654813277317565, "p3": 36.68148801267805, "p4": 47.47682285731234, "pol1": 0.7171149993323863, "pol2": 0.4135745351881932, "pol3": -0.2755222223264293, "pol4": 0.5582867993389147, "v0s": 4.405805496679445}, "datetime": {"datetime": "2022-05-17 13:17:27", "elapsed": 63262.590741, "delta": 46.922501}}
{"target": -1.0, "params": {"Bgrad": 1.9652514846355333, "d1": 0.1639731998794689, "d2": 0.48382726807307774, "d3": -2.5968053600200873, "d4": 0.02781406580770751, "p1": 30.036728005960157, "p2": 11.013080537576164, "p3": 11.616769559976264, "p4": 24.595504542529866, "pol1": -0.39312347072778997, "pol2": 0.25460241863040145, "pol3": -0.22881820165288902, "pol4": -0.9866863674007917, "v0s": 5.264159823045997}, "datetime": {"datetime": "2022-05-17 13:17:55", "elapsed": 63290.78533, "delta": 28.194589}}
{"target": 4.648471518879007, "params": {"Bgrad": 0.7896575918237314, "d1": -2.0731031164400826, "d2": 1.0, "d3": -1.5779071093246153, "d4": -2.6776405719564425, "p1": 6.017671497120367, "p2": 37.563722547987624, "p3": 34.643896573757786, "p4": 39.73836980005861, "pol1": -0.9775868876697728, "pol2": 1.0, "pol3": -0.24138555385809043, "pol4": 0.5993455937233894, "v0s": 4.648471518879007}, "datetime": {"datetime": "2022-05-17 13:18:27", "elapsed": 63322.570318, "delta": 31.784988}}
{"target": 5.39701653936657, "params": {"Bgrad": 1.4157060333253542, "d1": -2.9669348190729115, "d2": 0.1956981680317944, "d3": -0.9728843301123549, "d4": -2.036394195258459, "p1": 4.4512027563093195, "p2": 34.51103493317079, "p3": 29.566648348492176, "p4": 38.17027409529361, "pol1": 0.30575041248078505, "pol2": 0.9049206058095152, "pol3": -0.9737351496021285, "pol4": 0.41923455966613155, "v0s": 5.39701653936657}, "datetime": {"datetime": "2022-05-17 13:18:50", "elapsed": 63346.078445, "delta": 23.508127}}
{"target": 4.8484775040138235, "params": {"Bgrad": 2.0, "d1": -2.863103453443429, "d2": 0.4059852831851623, "d3": -0.9832876681712017, "d4": -0.39627723300694573, "p1": 27.822611803730844, "p2": 10.784911784636042, "p3": 11.707137584234111, "p4": 26.83433621313588, "pol1": 0.8716223901744691, "pol2": 0.028384652972687156, "pol3": 0.17618285551240834, "pol4": 0.4359874808823954, "v0s": 4.8484775040138235}, "datetime": {"datetime": "2022-05-17 13:19:18", "elapsed": 63373.440259, "delta": 27.361814}}
{"target": 3.5964860939874477, "params": {"Bgrad": 0.8242866778810336, "d1": -0.6840409837854406, "d2": 0.04341427310731394, "d3": -1.7004981856213193, "d4": -1.15619137938861, "p1": 4.307337609803491, "p2": 35.6357396042303, "p3": 28.066773435618686, "p4": 36.327924503720325, "pol1": -0.8413170817857205, "pol2": 0.6312517831105835, "pol3": -0.3939976037080657, "pol4": -0.7810956943673149, "v0s": 3.5964860939874477}, "datetime": {"datetime": "2022-05-17 13:19:47", "elapsed": 63402.940357, "delta": 29.500098}}
{"target": -1.0, "params": {"Bgrad": 1.1220458245137996, "d1": -0.4644433512649404, "d2": 0.9904678643956695, "d3": -2.5097754231806526, "d4": 0.8539669596374648, "p1": 2.371036437896218, "p2": 35.67793280517423, "p3": 29.16888901912363, "p4": 35.42007568095575, "pol1": -0.306947607394763, "pol2": -0.6527081669347896, "pol3": 0.18584341857853803, "pol4": -0.39471243722235116, "v0s": 4.372401748441147}, "datetime": {"datetime": "2022-05-17 13:20:27", "elapsed": 63443.062048, "delta": 40.121691}}
{"target": -1.0, "params": {"Bgrad": 1.6286840852755753, "d1": -0.6893608287527302, "d2": -0.7957811902467484, "d3": -2.2199406242481863, "d4": -1.6824856034278928, "p1": 26.181949168620918, "p2": 9.35085605536195, "p3": 36.90420710434794, "p4": 23.876650147664513, "pol1": 0.2782816143512479, "pol2": -0.1318332140910412, "pol3": -0.4261029829773688, "pol4": -0.4288312685151128, "v0s": 3.927376070046079}, "datetime": {"datetime": "2022-05-17 13:21:02", "elapsed": 63477.883912, "delta": 34.821864}}
{"target": 4.65119993519399, "params": {"Bgrad": 1.3067062222732513, "d1": -2.814820950967014, "d2": 0.9633783960164327, "d3": -2.0126222119628068, "d4": -1.8551771273615218, "p1": 7.829586829927857, "p2": 26.55855886744798, "p3": 42.81523214791828, "p4": 21.261748298356302, "pol1": 1.0, "pol2": -0.2159917093356965, "pol3": -0.4991539715038188, "pol4": 0.17105414936230715, "v0s": 4.65119993519399}, "datetime": {"datetime": "2022-05-17 13:21:26", "elapsed": 63501.260388, "delta": 23.376476}}
{"target": -1.0, "params": {"Bgrad": 1.5199592820598258, "d1": -3.0, "d2": 1.0, "d3": -1.96218137389689, "d4": -1.499395874022135, "p1": 28.339653351688252, "p2": 11.029874746472132, "p3": 10.085757232625376, "p4": 24.538510616599375, "pol1": -0.5262106865352539, "pol2": 0.896632405358681, "pol3": -0.09597995490174947, "pol4": -0.587841614769786, "v0s": 5.236868386951409}, "datetime": {"datetime": "2022-05-17 13:22:09", "elapsed": 63544.622411, "delta": 43.362023}}
{"target": -1.0, "params": {"Bgrad": 1.6621778221069272, "d1": -2.0136152742630005, "d2": -0.981674015956441, "d3": -1.69931074230515, "d4": -2.954628860719146, "p1": 33.184165157443694, "p2": 9.569660195540768, "p3": 42.25981382903634, "p4": 32.95648090012301, "pol1": 0.06356294000615481, "pol2": -0.7552977509360899, "pol3": -0.009788649896357082, "pol4": 0.2604543757698039, "v0s": 6.064677792071838}, "datetime": {"datetime": "2022-05-17 13:22:44", "elapsed": 63579.418345, "delta": 34.795934}}
{"target": 4.271411484495788, "params": {"Bgrad": 0.5166337028716226, "d1": -0.944902795378103, "d2": 1.0, "d3": -1.650429372108342, "d4": -2.0687889331147837, "p1": 38.62085193396605, "p2": 46.50585952918428, "p3": 15.432215523791033, "p4": 12.847377017043502, "pol1": -0.0869792519925954, "pol2": 0.07429347543800961, "pol3": -1.0, "pol4": 1.0, "v0s": 4.271411484495788}, "datetime": {"datetime": "2022-05-17 13:23:07", "elapsed": 63603.119952, "delta": 23.701607}}
{"target": 4.29279265224841, "params": {"Bgrad": 1.5766293435938616, "d1": -1.722417901573054, "d2": -0.034471773477616034, "d3": -0.6895938587247037, "d4": -1.42662848429059, "p1": 28.503790768775104, "p2": 40.89877535753826, "p3": 30.521075030897364, "p4": 20.449195503618483, "pol1": -0.6387911559266127, "pol2": 0.06514827761933295, "pol3": 0.688425170635024, "pol4": -1.0, "v0s": 4.29279265224841}, "datetime": {"datetime": "2022-05-17 13:23:32", "elapsed": 63627.250413, "delta": 24.130461}}
{"target": -1.0, "params": {"Bgrad": 1.9326791097703895, "d1": -2.375973712704737, "d2": -0.4316069145502497, "d3": -2.2193454862355813, "d4": -1.9192900810971314, "p1": 7.781059370855736, "p2": 26.199073340059215, "p3": 45.39807250626917, "p4": 17.57792262572922, "pol1": 0.1276081653698402, "pol2": 0.5650543302079596, "pol3": 0.11555568897416912, "pol4": 0.43156233327028026, "v0s": 5.1558218612175235}, "datetime": {"datetime": "2022-05-17 13:24:01", "elapsed": 63656.233892, "delta": 28.983479}}
{"target": 4.941549467835282, "params": {"Bgrad": 1.3633114132960018, "d1": -2.706887974879379, "d2": 0.5695201357863878, "d3": -2.5480104917301585, "d4": -2.482059293240384, "p1": 32.475967868011345, "p2": 6.418176635733221, "p3": 38.5117446253556, "p4": 31.488866822289634, "pol1": -0.3729312284481469, "pol2": 0.1303563581418657, "pol3": 0.1864945735893936, "pol4": -0.1633935410330572, "v0s": 4.941549467835282}, "datetime": {"datetime": "2022-05-17 13:24:44", "elapsed": 63699.809344, "delta": 43.575452}}
{"target": 4.69291355899758, "params": {"Bgrad": 1.2555799638295844, "d1": -2.564269995777437, "d2": 0.5894476885093667, "d3": -2.9719525579329766, "d4": -1.7164678953484913, "p1": 29.32962337734311, "p2": 30.236828939250458, "p3": 7.045059227044797, "p4": 43.69881153355322, "pol1": 1.0, "pol2": -1.0, "pol3": 0.24665198018194806, "pol4": 0.6325193543156843, "v0s": 4.69291355899758}, "datetime": {"datetime": "2022-05-17 13:25:10", "elapsed": 63726.021238, "delta": 26.211894}}
{"target": 3.7421707877185177, "params": {"Bgrad": 1.8269521498407506, "d1": -1.7329977873165445, "d2": 0.4460397470709994, "d3": -1.6122387918213423, "d4": -2.0730729871825235, "p1": 29.329927925716543, "p2": 39.984820423107585, "p3": 29.563708555184206, "p4": 21.160601109913486, "pol1": -1.0, "pol2": -0.11468606717693514, "pol3": 1.0, "pol4": -1.0, "v0s": 3.7421707877185177}, "datetime": {"datetime": "2022-05-17 13:25:34", "elapsed": 63749.459549, "delta": 23.438311}}
{"target": 4.0469845883747855, "params": {"Bgrad": 0.7427925709454912, "d1": -2.886783422030323, "d2": -1.1897242637599508, "d3": -1.8145829049718745, "d4": -2.0564217234478313, "p1": 29.8834517619406, "p2": 31.214139209731183, "p3": 10.635767309483047, "p4": 42.56512716545103, "pol1": 0.872403214196908, "pol2": -0.7902173488040172, "pol3": 0.5293006101335533, "pol4": -0.2573418426610783, "v0s": 4.0469845883747855}, "datetime": {"datetime": "2022-05-17 13:26:01", "elapsed": 63777.09264, "delta": 27.633091}}
{"target": 4.745863154915956, "params": {"Bgrad": 2.0, "d1": -2.9270394778653746, "d2": -0.1295355859237897, "d3": -1.7675559032773827, "d4": -3.0, "p1": 7.691887336914366, "p2": 26.943918203975205, "p3": 43.424866690009324, "p4": 22.175183430769707, "pol1": 1.0, "pol2": -0.38452133569989966, "pol3": -0.23845343463127877, "pol4": -0.06382181854510387, "v0s": 4.745863154915956}, "datetime": {"datetime": "2022-05-17 13:26:24", "elapsed": 63799.435881, "delta": 22.343241}}
