{"target": 3.022540759001047, "params": {"Bgrad": 1.38985727826147, "d1": -0.7572731546001497, "d2": 0.5703744725897413, "d3": -0.08449085166935433, "d4": -0.49331105555323873, "p1": 1.2842616540399698, "p2": 34.488710467746905, "p3": 32.33893317532887, "p4": 33.998142832645364, "pol1": -0.367815930104477, "pol2": 0.6008579524487034, "pol3": -0.4439098201771581, "pol4": -0.23482227165648117, "v0s": 3.022540759001047}, "datetime": {"datetime": "2022-05-17 00:22:50", "elapsed": 16786.005348, "delta": 11.208023}}
{"target": 4.345620791956791, "params": {"Bgrad": 1.2452280709652654, "d1": -2.619023222612932, "d2": -0.24674084656752585, "d3": -1.9507362432616966, "d4": -1.9252092204401086, "p1": 9.168991661625814, "p2": 25.961188078875498, "p3": 42.99972714543904, "p4": 24.19947957853126, "pol1": 0.2193893806233197, "pol2": -0.4996782920084423, "pol3": -0.28230360582912195, "pol4": 1.0, "v0s": 4.345620791956791}, "datetime": {"datetime": "2022-05-17 00:23:01", "elapsed": 16797.186443, "delta": 11.181095}}
{"target": 5.366200869728805, "params": {"Bgrad": 0.5, "d1": -3.0, "d2": -3.0, "d3": -2.0243724462193535, "d4": -0.5513348145848423, "p1": 5.957558179518374, "p2": 2.6492354227614108, "p3": 39.31581462402196, "p4": 20.253163708082116, "pol1": 1.0, "pol2": 0.6602871175555922, "pol3": 0.9656575280506094, "pol4": -0.007541739025334818, "v0s": 5.366200869728805}, "datetime": {"datetime": "2022-05-17 00:23:13", "elapsed": 16808.900115, "delta": 11.713672}}
{"target": 3.89468289276788, "params": {"Bgrad": 1.8932151358533127, "d1": -0.9699347993037848, "d2": -0.4095640677076653, "d3": -3.0, "d4": 0.23925872529955655, "p1": 30.07835009374174, "p2": 6.8710829022357895, "p3": 39.83817095648659, "p4": 34.01881679393582, "pol1": 0.6472381949778573, "pol2": -0.1922594158798758, "pol3": 0.614326679951997, "pol4": 0.12312645995194427, "v0s": 3.89468289276788}, "datetime": {"datetime": "2022-05-17 00:23:26", "elapsed": 16821.6171, "delta": 12.716985}}
{"target": -1.0, "params": {"Bgrad": 0.9059043499666517, "d1": -1.9036091573954752, "d2": 0.9319443815351978, "d3": -1.8488404061535744, "d4": 0.4445455438729091, "p1": 1.5783954293927482, "p2": 28.780986281890215, "p3": 20.128814669328175, "p4": 10.657978730617678, "pol1": 0.4760317751029266, "pol2": -0.4445958155005161, "pol3": 0.919944527353042, "pol4": -0.0012960882137480478, "v0s": 2.3762758268527664}, "datetime": {"datetime": "2022-05-17 00:23:48", "elapsed": 16843.91646, "delta": 22.29936}}
{"target": 4.225544708285511, "params": {"Bgrad": 1.7397715127828814, "d1": -2.87833082373051, "d2": 0.08358575136605714, "d3": -1.015103403601451, "d4": -1.637317943585263, "p1": 8.821019666347636, "p2": 26.452392577518086, "p3": 41.92548060378442, "p4": 25.206286817414384, "pol1": -0.46399916846347966, "pol2": 0.08676682810794514, "pol3": 0.054290162283489166, "pol4": 0.2886813492822681, "v0s": 4.225544708285511}, "datetime": {"datetime": "2022-05-17 00:24:03", "elapsed": 16858.657032, "delta": 14.740572}}
{"target": 4.7146135089026515, "params": {"Bgrad": 0.9332327197321837, "d1": -1.8798719426066328, "d2": 0.8937808818284281, "d3": -0.9692652304987042, "d4": -2.926861028888895, "p1": 2.423061293466805, "p2": 32.23228939027753, "p3": 29.734618552660947, "p4": 37.77075527485263, "pol1": -0.7651326692468761, "pol2": 0.7410694801782094, "pol3": -0.30846851624946203, "pol4": -0.26852545321391763, "v0s": 4.7146135089026515}, "datetime": {"datetime": "2022-05-17 00:24:14", "elapsed": 16869.539924, "delta": 10.882892}}
{"target": -1.0, "params": {"Bgrad": 1.6640032025928782, "d1": -1.309557048176007, "d2": -1.3373326262003382, "d3": -2.675810057000161, "d4": 0.8309980548185951, "p1": 28.745934632843177, "p2": 6.71693866750015, "p3": 40.71979800650334, "p4": 32.9189127084442, "pol1": 0.19973836460919991, "pol2": 0.12936987971196046, "pol3": 0.6409976622100311, "pol4": -0.3834679370370202, "v0s": 3.745416394313338}, "datetime": {"datetime": "2022-05-17 00:24:31", "elapsed": 16886.649164, "delta": 17.10924}}
{"target": 4.810976902645587, "params": {"Bgrad": 0.5, "d1": -2.464051125591083, "d2": 0.5984597304960207, "d3": -1.0254071461246788, "d4": -2.435676254868074, "p1": 1.6848923000709617, "p2": 33.845371158809776, "p3": 31.65882719504571, "p4": 36.35753134592552, "pol1": -0.013662770087615178, "pol2": -0.7930509988146657, "pol3": 0.38640156577097867, "pol4": -1.0, "v0s": 4.810976902645587}, "datetime": {"datetime": "2022-05-17 00:24:41", "elapsed": 16896.27841, "delta": 9.629246}}
{"target": 4.858157013614679, "params": {"Bgrad": 0.9367580841642309, "d1": -2.2177617159070544, "d2": 0.8426033819973922, "d3": -1.655802753200373, "d4": -1.3948793915286917, "p1": 3.586049018716201, "p2": 32.544452912025996, "p3": 29.564208954875184, "p4": 38.274570579349465, "pol1": -0.5454261173597239, "pol2": -0.33774354844173615, "pol3": -0.7202583406856088, "pol4": -0.5847712822629108, "v0s": 4.858157013614679}, "datetime": {"datetime": "2022-05-17 00:24:53", "elapsed": 16909.005369, "delta": 12.726959}}
{"target": 5.3348902437999834, "params": {"Bgrad": 0.5, "d1": -2.525818110509977, "d2": 0.9973588503953944, "d3": -1.9438479085960398, "d4": -2.5084703011646448, "p1": 2.491391484786366, "p2": 32.925673373233, "p3": 30.77442066796785, "p4": 37.24309797244631, "pol1": -0.4317652182078161, "pol2": -0.2276618848273763, "pol3": 0.5148517491097605, "pol4": -1.0, "v0s": 5.3348902437999834}, "datetime": {"datetime": "2022-05-17 00:25:04", "elapsed": 16919.84039, "delta": 10.835021}}
{"target": -1.0, "params": {"Bgrad": 1.732408310111159, "d1": -1.9428646920293131, "d2": 0.3160106572839645, "d3": -0.005878095887315915, "d4": -0.0433956277305243, "p1": 5.06090621876295, "p2": 34.11350492428691, "p3": 26.753384371959086, "p4": 35.39582768595238, "pol1": 0.17462140711885188, "pol2": 0.32137634911057655, "pol3": -0.7880486925274639, "pol4": 0.6980973087199711, "v0s": 5.061849318958607}, "datetime": {"datetime": "2022-05-17 00:25:23", "elapsed": 16938.900411, "delta": 19.060021}}
{"target": 2.288510715915347, "params": {"Bgrad": 0.9825187905885768, "d1": -2.9205375246062895, "d2": 0.5851182337877372, "d3": -2.3672924915978326, "d4": -1.3094359203003334, "p1": 29.711060716496213, "p2": 27.47455155814324, "p3": 4.793245050710859, "p4": 42.901079640693865, "pol1": -0.8553047865865886, "pol2": -0.8582887163913764, "pol3": 0.5348993849489532, "pol4": -0.7192672140005427, "v0s": 2.288510715915347}, "datetime": {"datetime": "2022-05-17 00:25:36", "elapsed": 16951.736081, "delta": 12.83567}}
{"target": 4.614738731704422, "params": {"Bgrad": 1.9255377509863505, "d1": -2.804759448807212, "d2": 0.7832454814292809, "d3": -2.153626993684755, "d4": -2.810014184819974, "p1": 9.841980499973586, "p2": 38.37706964118092, "p3": 34.17836512107619, "p4": 39.30922959054607, "pol1": 0.11047245304694298, "pol2": -0.9350695703826601, "pol3": -0.9248082408702112, "pol4": 0.6557870481459573, "v0s": 4.614738731704422}, "datetime": {"datetime": "2022-05-17 00:25:48", "elapsed": 16963.929468, "delta": 12.193387}}
{"target": -1.0, "params": {"Bgrad": 1.47117015711849, "d1": -3.0, "d2": -2.2633640817063023, "d3": -1.9640374910769878, "d4": -0.8028045958911229, "p1": 20.11767270233291, "p2": 17.33956309068582, "p3": 28.634224338303845, "p4": 47.96174142684582, "pol1": 1.0, "pol2": 0.4234307169073501, "pol3": -0.6672747188163946, "pol4": -0.31161848175287704, "v0s": 5.226113544734066}, "datetime": {"datetime": "2022-05-17 00:26:05", "elapsed": 16981.080595, "delta": 17.151127}}
{"target": 4.546736971061409, "params": {"Bgrad": 1.0700464641203733, "d1": -2.969713909621206, "d2": -3.0, "d3": -3.0, "d4": -0.5581450874935932, "p1": 20.614071811504356, "p2": 18.142865709810966, "p3": 27.56021525991874, "p4": 48.035630814343506, "pol1": -0.09623602014538755, "pol2": 0.5236212452519935, "pol3": 0.6560012934883845, "pol4": -0.02131211316158999, "v0s": 4.546736971061409}, "datetime": {"datetime": "2022-05-17 00:26:17", "elapsed": 16992.852111, "delta": 11.771516}}
{"target": 4.989166365694533, "params": {"Bgrad": 2.0, "d1": -1.6405426003998549, "d2": -3.0, "d3": -3.0, "d4": -3.0, "p1": 25.27599231509958, "p2": 32.98087390088136, "p3": 43.97812398604833, "p4": 45.696814417235935, "pol1": 0.006746864425256378, "pol2": 1.0, "pol3": -0.7938802215218036, "pol4": -0.07225668614551786, "v0s": 4.989166365694533}, "datetime": {"datetime": "2022-05-17 00:26:34", "elapsed": 17009.806763, "delta": 16.954652}}
{"target": -1.0, "params": {"Bgrad": 0.5232726797263634, "d1": -2.7325119955755732, "d2": -0.1270843236372743, "d3": -1.2396902143508353, "d4": -2.251028337435371, "p1": 10.512580183229703, "p2": 17.83483658130322, "p3": 6.603314615511701, "p4": 30.149295725143844, "pol1": -0.13035164938663324, "pol2": 0.5264642285038987, "pol3": -0.6646870322427263, "pol4": 0.375026575680087, "v0s": 2.607287935013338}, "datetime": {"datetime": "2022-05-17 00:26:44", "elapsed": 17019.914728, "delta": 10.107965}}
{"target": 3.2150931602975206, "params": {"Bgrad": 1.9221620668802337, "d1": -2.070258673882641, "d2": -0.7920046142458657, "d3": -2.8699917618012587, "d4": -1.2665101793319593, "p1": 2.0041319293244486, "p2": 34.94796591289519, "p3": 26.622049270775637, "p4": 36.212976859174084, "pol1": 0.16953319143737566, "pol2": -0.4534833659190187, "pol3": -0.7399805827221431, "pol4": -0.291952707131252, "v0s": 3.2150931602975206}, "datetime": {"datetime": "2022-05-17 00:26:52", "elapsed": 17027.230162, "delta": 7.315434}}
{"target": 4.623400063673028, "params": {"Bgrad": 2.0, "d1": -2.342046887178075, "d2": -3.0, "d3": -3.0, "d4": -3.0, "p1": 24.24521729783192, "p2": 32.296256626028615, "p3": 43.54190280436861, "p4": 44.87862973845852, "pol1": 0.11944383365315371, "pol2": 1.0, "pol3": -1.0, "pol4": 0.5036471047581571, "v0s": 4.623400063673028}, "datetime": {"datetime": "2022-05-17 00:27:08", "elapsed": 17043.927503, "delta": 16.697341}}
{"target": -1.0, "params": {"Bgrad": 0.8149267700819491, "d1": -1.8493038999654647, "d2": 0.9058474574926527, "d3": -2.0631893528213796, "d4": -1.2343550109526737, "p1": 33.022544222739874, "p2": 7.634360991973999, "p3": 6.350266796005638, "p4": 26.53649224748967, "pol1": 0.9508237128068568, "pol2": -0.45036358643065166, "pol3": -0.15142695876203205, "pol4": 0.6877925788986694, "v0s": 6.20068437877395}, "datetime": {"datetime": "2022-05-17 00:27:28", "elapsed": 17063.631801, "delta": 19.704298}}
{"target": 3.207037884422305, "params": {"Bgrad": 1.9524502379549966, "d1": -1.8368449754408092, "d2": 0.5056512010480168, "d3": -0.2811818186259969, "d4": -2.987203253915558, "p1": 44.51072118404881, "p2": 20.269971673850666, "p3": 24.419610315410605, "p4": 14.37382436619814, "pol1": -0.39154082561087544, "pol2": -0.4976834799940746, "pol3": -0.9918531755562523, "pol4": -0.5456933189509625, "v0s": 3.207037884422305}, "datetime": {"datetime": "2022-05-17 00:27:43", "elapsed": 17078.269651, "delta": 14.63785}}
{"target": -1.0, "params": {"Bgrad": 1.7606142154773374, "d1": -2.928610368915006, "d2": 0.3795527154138645, "d3": -0.2597328567413415, "d4": -0.10018566854789723, "p1": 0.5061486418363181, "p2": 32.424530477910054, "p3": 25.34399587659356, "p4": 37.43262076970934, "pol1": 0.5079481459580117, "pol2": 0.3268159519957099, "pol3": 0.04900011809248839, "pol4": -0.5260790315077293, "v0s": 6.864237523765162}, "datetime": {"datetime": "2022-05-17 00:27:58", "elapsed": 17093.900843, "delta": 15.631192}}
{"target": 2.9999651685729036, "params": {"Bgrad": 1.0691243450448293, "d1": -2.5599973981403017, "d2": -0.16603010606621016, "d3": 0.08354531420954858, "d4": -0.9500930174585118, "p1": 36.574934112606364, "p2": 9.06691962092533, "p3": 6.257296376547227, "p4": 30.359622459954323, "pol1": -0.7580294830135224, "pol2": 0.0908333891566615, "pol3": -0.9912333884201099, "pol4": 0.670421908372663, "v0s": 2.9999651685729036}, "datetime": {"datetime": "2022-05-17 00:28:10", "elapsed": 17105.38014, "delta": 11.479297}}
{"target": 5.053704525654276, "params": {"Bgrad": 0.8378660637862261, "d1": -1.7911993027784026, "d2": -3.0, "d3": -3.0, "d4": -3.0, "p1": 24.552215965627965, "p2": 32.48835546438306, "p3": 43.43847941345125, "p4": 46.26398272196395, "pol1": 0.29189430819342516, "pol2": 1.0, "pol3": -1.0, "pol4": 0.5497344427226534, "v0s": 5.053704525654276}, "datetime": {"datetime": "2022-05-17 00:28:25", "elapsed": 17120.919578, "delta": 15.539438}}
{"target": 4.53337674193789, "params": {"Bgrad": 1.0143155169105282, "d1": -2.76565179820984, "d2": 0.5129927431985363, "d3": -1.2459982170619615, "d4": -3.0, "p1": 30.109041175344053, "p2": 13.21404454141047, "p3": 37.408793812294846, "p4": 26.101610861276125, "pol1": 1.0, "pol2": 1.0, "pol3": -0.537381702773317, "pol4": 0.6809894099830919, "v0s": 4.53337674193789}, "datetime": {"datetime": "2022-05-17 00:28:38", "elapsed": 17134.074394, "delta": 13.154816}}
{"target": -1.0, "params": {"Bgrad": 1.4308952501234358, "d1": -0.8894827718209095, "d2": 0.23317513546904323, "d3": -1.8876962381281062, "d4": -0.6702271960065151, "p1": 4.811962060881453, "p2": 36.10657358322189, "p3": 32.75718073315403, "p4": 39.691405927717845, "pol1": -0.24922133053566076, "pol2": 0.3776137545639153, "pol3": 0.7794597426432708, "pol4": -0.5996639971797388, "v0s": 2.0028996082174544}, "datetime": {"datetime": "2022-05-17 00:28:47", "elapsed": 17142.30139, "delta": 8.226996}}
{"target": 3.861905367579677, "params": {"Bgrad": 1.131231498025474, "d1": -1.0030121935760032, "d2": -0.3544329556930057, "d3": -1.5006865422736917, "d4": -2.600922997211986, "p1": 0.23590064653851162, "p2": 34.96689065603921, "p3": 31.160862471987667, "p4": 33.886149510942666, "pol1": 0.1399881573716646, "pol2": 0.0891727359274519, "pol3": 0.6334018152136498, "pol4": -0.056944625372974844, "v0s": 3.861905367579677}, "datetime": {"datetime": "2022-05-17 00:29:00", "elapsed": 17155.785327, "delta": 13.483937}}
{"target": -1.0, "params": {"Bgrad": 1.8040051598415277, "d1": -2.6340982259851247, "d2": -1.918529321144245, "d3": -2.3165048383089237, "d4": -2.48987918758782, "p1": 26.80229726662301, "p2": 31.33921001802905, "p3": 45.89385559209035, "p4": 44.78013249465954, "pol1": 0.6568774210047092, "pol2": 0.9389385683820357, "pol3": -0.6983434485103206, "pol4": -0.1567978987440377, "v0s": 5.7045099865007165}, "datetime": {"datetime": "2022-05-17 00:29:17", "elapsed": 17172.292175, "delta": 16.506848}}
{"target": -1.0, "params": {"Bgrad": 1.0340398777746176, "d1": -2.8095044144361334, "d2": 0.49775086242669664, "d3": -1.9286931482937315, "d4": -2.5448520068172806, "p1": 2.2302476032406258, "p2": 35.2512840540244, "p3": 27.207415997948914, "p4": 37.18559075677158, "pol1": -0.6494862582114906, "pol2": 0.4520204599828175, "pol3": -0.9812064363769015, "pol4": -0.07706053001099367, "v0s": 5.860415050512698}, "datetime": {"datetime": "2022-05-17 00:29:36", "elapsed": 17191.936634, "delta": 19.644459}}
{"target": -1.0, "params": {"Bgrad": 1.03442695926022, "d1": -2.915971067209941, "d2": 0.8122826675783728, "d3": 0.05784144891097265, "d4": 0.3967114284307316, "p1": 2.5435995201493866, "p2": 32.67857669097827, "p3": 32.09050611312757, "p4": 34.42552612523483, "pol1": -0.17451246176810709, "pol2": -0.34484225061230966, "pol3": 0.7118039303070323, "pol4": -0.760725232686885, "v0s": 4.241709962825197}, "datetime": {"datetime": "2022-05-17 00:29:54", "elapsed": 17209.448795, "delta": 17.512161}}
{"target": 6.383570848660487, "params": {"Bgrad": 2.0, "d1": -2.7851678241140854, "d2": -0.1270267714104512, "d3": -0.5579328434416135, "d4": -0.7186178136092043, "p1": 10.27083665816769, "p2": 26.935841728622403, "p3": 41.325352053511374, "p4": 28.41548344860435, "pol1": -0.8348519290321474, "pol2": 0.4096144260135456, "pol3": -0.029886084021594216, "pol4": -0.7401954688666219, "v0s": 6.383570848660487}, "datetime": {"datetime": "2022-05-17 00:30:11", "elapsed": 17226.426387, "delta": 16.977592}}
{"target": -1.0, "params": {"Bgrad": 1.667526183625295, "d1": -2.839977268416086, "d2": 0.5258638700494238, "d3": 0.11924457344804473, "d4": -2.6034760534575794, "p1": 5.497432666396257, "p2": 32.841221130620745, "p3": 31.658419204747425, "p4": 36.98365024346979, "pol1": 0.5942299264906605, "pol2": -0.9793613329945241, "pol3": 0.7224476707602718, "pol4": -0.45704187549709996, "v0s": 2.463430309562395}, "datetime": {"datetime": "2022-05-17 00:30:32", "elapsed": 17247.686524, "delta": 21.260137}}
{"target": 4.39009460667805, "params": {"Bgrad": 0.5600086843412965, "d1": -0.8011786984285423, "d2": 0.3763109893801442, "d3": -0.7946988217910822, "d4": -2.820053277625898, "p1": 2.8387303682013867, "p2": 36.03883751881891, "p3": 30.492135957658352, "p4": 36.03470324837433, "pol1": 0.21875636774934826, "pol2": 0.8401508004472882, "pol3": 0.26323451136747833, "pol4": -0.9063594236712649, "v0s": 4.39009460667805}, "datetime": {"datetime": "2022-05-17 00:30:41", "elapsed": 17256.562783, "delta": 8.876259}}
{"target": 3.8996777266792764, "params": {"Bgrad": 1.7683089504929241, "d1": -1.9834502595684098, "d2": 0.5100368589893285, "d3": -2.207896531394265, "d4": -2.059509222939353, "p1": 5.451095113481935, "p2": 31.475354277415917, "p3": 40.75016824718616, "p4": 32.84894731819947, "pol1": -0.7883996554358448, "pol2": -0.612170621496567, "pol3": -0.8496129001572483, "pol4": -0.0085884763411046, "v0s": 3.8996777266792764}, "datetime": {"datetime": "2022-05-17 00:30:55", "elapsed": 17270.895449, "delta": 14.332666}}
{"target": 4.3535033308173645, "params": {"Bgrad": 2.0, "d1": -1.8047906604098083, "d2": -3.0, "d3": -3.0, "d4": -2.2256212188101947, "p1": 24.194653632157674, "p2": 32.92878278965246, "p3": 43.51133701873615, "p4": 46.412445589775714, "pol1": 0.5339998072308532, "pol2": 1.0, "pol3": -1.0, "pol4": 0.17023594147411122, "v0s": 4.3535033308173645}, "datetime": {"datetime": "2022-05-17 00:31:07", "elapsed": 17282.97514, "delta": 12.079691}}
{"target": 4.591556673265202, "params": {"Bgrad": 1.419552043399287, "d1": -2.9759630872088145, "d2": 0.813054132272135, "d3": -1.5400195430614794, "d4": -2.683084715422686, "p1": 8.59265510904914, "p2": 37.44248684304128, "p3": 35.679616482031285, "p4": 37.505437617462725, "pol1": 0.1929924725002554, "pol2": -0.8336716057126715, "pol3": -0.8982152229729264, "pol4": 0.44900323959173616, "v0s": 4.591556673265202}, "datetime": {"datetime": "2022-05-17 00:31:19", "elapsed": 17295.061813, "delta": 12.086673}}
{"target": -1.0, "params": {"Bgrad": 0.7500526021340148, "d1": -2.13411412190933, "d2": -2.6973658227795636, "d3": -2.8049516444340266, "d4": -0.6707651874170146, "p1": 3.503671859491897, "p2": 6.971159738720051, "p3": 39.99905101400347, "p4": 20.210331451393344, "pol1": -0.693051253352682, "pol2": -0.1606841298383792, "pol3": 0.31586382618149167, "pol4": 0.3168946981206733, "v0s": 5.030497632265589}, "datetime": {"datetime": "2022-05-17 00:31:35", "elapsed": 17310.606238, "delta": 15.544425}}
{"target": 3.337198556856841, "params": {"Bgrad": 0.6023338542440398, "d1": -0.7859918074956855, "d2": -0.4874243178016142, "d3": -2.0973919248304314, "d4": -0.13102352507625215, "p1": 38.19112953540545, "p2": 11.943771455186186, "p3": 10.64173657618402, "p4": 28.852741739778466, "pol1": -0.628839774116402, "pol2": 0.8735642625996052, "pol3": -0.927687007919302, "pol4": -0.0492443771265334, "v0s": 3.337198556856841}, "datetime": {"datetime": "2022-05-17 00:31:44", "elapsed": 17319.578241, "delta": 8.972003}}
{"target": 2.9445406274056545, "params": {"Bgrad": 0.8025914223151639, "d1": -2.4278915975527386, "d2": 0.7242139506422611, "d3": -2.129756140458572, "d4": -2.7568891025981666, "p1": 3.3352187593332028, "p2": 38.881243928687894, "p3": 33.58006393916598, "p4": 39.9423168017364, "pol1": -0.4516439891858468, "pol2": 0.9978569991470814, "pol3": -0.07081261570242314, "pol4": 0.9792692752586678, "v0s": 2.9445406274056545}, "datetime": {"datetime": "2022-05-17 00:31:54", "elapsed": 17329.233418, "delta": 9.655177}}
{"target": -1.0, "params": {"Bgrad": 1.4753309948456237, "d1": -2.8158579111742545, "d2": -1.9119545164156402, "d3": -2.8632908890574607, "d4": 0.40200080838990315, "p1": 22.529709059911735, "p2": 14.797529595332193, "p3": 25.074484307716165, "p4": 47.83153411850541, "pol1": 0.03338721680817436, "pol2": 0.3123941222056583, "pol3": 0.7102201869734381, "pol4": 0.7209084693041425, "v0s": 5.7736524013515815}, "datetime": {"datetime": "2022-05-17 00:32:15", "elapsed": 17350.650136, "delta": 21.416718}}
{"target": -1.0, "params": {"Bgrad": 1.254759892024698, "d1": -1.4041008676073554, "d2": 0.8498686522056942, "d3": -1.6045814764927129, "d4": 0.6094052555849778, "p1": 3.191539450038361, "p2": 39.991204698772584, "p3": 41.99054213806712, "p4": 33.21805841436666, "pol1": 0.11173783648973812, "pol2": -0.7033643199515469, "pol3": -0.8180087215086775, "pol4": 0.12463867203943191, "v0s": 4.137751442492787}, "datetime": {"datetime": "2022-05-17 00:33:23", "elapsed": 17418.533573, "delta": 67.883437}}
{"target": 6.459008122655659, "params": {"Bgrad": 1.9600089409386634, "d1": -2.1894143785485, "d2": 0.32579276109754374, "d3": -0.46158893201299805, "d4": -1.0650546618464773, "p1": 10.89230738922398, "p2": 27.295581482873143, "p3": 42.16776192568014, "p4": 28.290199797612452, "pol1": -0.6704389721349904, "pol2": 0.6983669205182149, "pol3": 0.08946369392045991, "pol4": -0.3594208768522205, "v0s": 6.459008122655659}, "datetime": {"datetime": "2022-05-17 00:33:42", "elapsed": 17437.339274, "delta": 18.805701}}
{"target": 4.483927050870506, "params": {"Bgrad": 1.7853803804245199, "d1": -2.877157385517379, "d2": -0.7307392904125019, "d3": -2.7113646380745293, "d4": -2.939994277530572, "p1": 29.220284831374478, "p2": 11.760465799405157, "p3": 34.900532295115184, "p4": 26.060369842906457, "pol1": -0.9582235878799086, "pol2": -0.7605904665160681, "pol3": 0.6926630487448808, "pol4": -0.7893806709242499, "v0s": 4.483927050870506}, "datetime": {"datetime": "2022-05-17 00:33:59", "elapsed": 17454.310881, "delta": 16.971607}}
