{"target": 4.148953485993861, "params": {"Bgrad": 1.884791013594896, "d1": -2.7703153166083268, "d2": 0.2886012367986752, "d3": -2.864176094973397, "d4": -0.5723201989530229, "p1": 26.287845305559987, "p2": 29.6225121136063, "p3": 4.904023856077188, "p4": 42.78072571000521, "pol1": -0.11835779892216203, "pol2": -0.21478934748961875, "pol3": -0.026311303887026405, "pol4": -0.4046024462344917, "v0s": 4.148953485993861}, "datetime": {"datetime": "2022-05-17 00:55:37", "elapsed": 18752.633355, "delta": 15.969288}}
{"target": 4.087911475550306, "params": {"Bgrad": 0.5938464934354796, "d1": -1.3123837335767203, "d2": 0.10274891300642652, "d3": -2.1942197903108376, "d4": -3.0, "p1": 0.14868143838003803, "p2": 29.250675902229727, "p3": 16.430102680600363, "p4": 12.151085293389933, "pol1": -0.0240738890163953, "pol2": 0.546746957570046, "pol3": -0.03965304519934088, "pol4": 0.4960206709158213, "v0s": 4.087911475550306}, "datetime": {"datetime": "2022-05-17 00:55:51", "elapsed": 18767.026858, "delta": 14.393503}}
{"target": 3.4419785907430986, "params": {"Bgrad": 1.7333534583310868, "d1": -2.3784194171133826, "d2": -0.7411742200246159, "d3": -2.7482835395929044, "d4": -1.367617255212143, "p1": 9.412451405448246, "p2": 27.20654256572621, "p3": 41.644166632489906, "p4": 25.912638869620423, "pol1": -0.37867138534692635, "pol2": -0.3423837552121063, "pol3": -0.7279364022768315, "pol4": -0.2164907781975136, "v0s": 3.4419785907430986}, "datetime": {"datetime": "2022-05-17 00:56:03", "elapsed": 18778.244854, "delta": 11.217996}}
{"target": -1.0, "params": {"Bgrad": 0.736040700205824, "d1": -2.610455020029994, "d2": 0.8933195320243383, "d3": 0.8154460227344078, "d4": -2.076645089513537, "p1": 1.2475687512452593, "p2": 31.769163833622553, "p3": 28.694506516168712, "p4": 37.12312285152254, "pol1": 0.03542682186653967, "pol2": -0.618884953141724, "pol3": -0.37821442080767365, "pol4": 0.9841175297198963, "v0s": 4.843161021589238}, "datetime": {"datetime": "2022-05-17 00:56:18", "elapsed": 18793.949849, "delta": 15.704995}}
{"target": 4.225456033949685, "params": {"Bgrad": 2.0, "d1": -2.4485268534313946, "d2": 0.13376696682332204, "d3": -1.1394502500375658, "d4": -2.3807538160561217, "p1": 44.36814509183913, "p2": 21.314516242235793, "p3": 25.617756388626336, "p4": 13.370990803509276, "pol1": 0.7892883423709975, "pol2": -0.8540483124814746, "pol3": -0.4249689027597145, "pol4": -0.35359481509557217, "v0s": 4.225456033949685}, "datetime": {"datetime": "2022-05-17 00:56:30", "elapsed": 18805.575754, "delta": 11.625905}}
{"target": 4.528077003740525, "params": {"Bgrad": 0.5, "d1": -3.0, "d2": 1.0, "d3": -0.31936472445906866, "d4": -0.37964442489728245, "p1": 28.71882057826173, "p2": 9.748854866194687, "p3": 10.481053519751349, "p4": 25.33100622008653, "pol1": 0.9679133212418163, "pol2": -1.0, "pol3": -0.2984142280097409, "pol4": -1.0, "v0s": 4.528077003740525}, "datetime": {"datetime": "2022-05-17 00:56:39", "elapsed": 18814.78612, "delta": 9.210366}}
{"target": -1.0, "params": {"Bgrad": 0.7534855787251014, "d1": -2.4211383981393686, "d2": 0.7684503783241903, "d3": -1.9020130848838144, "d4": -2.275230381709757, "p1": 2.512179920851021, "p2": 39.50723817840001, "p3": 35.22766068050485, "p4": 39.500581573373864, "pol1": -0.8343720425752221, "pol2": -0.3155519123674855, "pol3": -0.5225824181951622, "pol4": 0.3117445771264806, "v0s": 6.007181900119505}, "datetime": {"datetime": "2022-05-17 00:56:53", "elapsed": 18829.039996, "delta": 14.253876}}
{"target": -1.0, "params": {"Bgrad": 1.3159108871139082, "d1": -2.455601144123762, "d2": -2.916223411294407, "d3": -2.8316193749529432, "d4": -2.8136375977796484, "p1": 6.40292134416306, "p2": 10.428512635174181, "p3": 37.74177816208963, "p4": 29.69026381971698, "pol1": -0.26150203120967075, "pol2": 0.27618342747082836, "pol3": 0.4839189488726876, "pol4": 0.25835460091546114, "v0s": 6.208495057229488}, "datetime": {"datetime": "2022-05-17 00:57:10", "elapsed": 18845.978691, "delta": 16.938695}}
{"target": 4.4174358385446455, "params": {"Bgrad": 0.5565484092657769, "d1": -3.0, "d2": 0.48079667372987966, "d3": -1.116656831751098, "d4": -2.602451518733602, "p1": 6.5635793462124825, "p2": 36.264224202071546, "p3": 35.34926237708947, "p4": 36.61455878357953, "pol1": 0.04951628339855834, "pol2": -0.5157415755988957, "pol3": 0.1426654389674168, "pol4": 0.4657824261287201, "v0s": 4.4174358385446455}, "datetime": {"datetime": "2022-05-17 00:57:24", "elapsed": 18859.481576, "delta": 13.502885}}
{"target": -1.0, "params": {"Bgrad": 1.111049872715504, "d1": -2.262892398492837, "d2": -0.9354680504709019, "d3": -1.593851184492272, "d4": -1.3293608990467707, "p1": 30.01485623039754, "p2": 9.670668860779585, "p3": 9.031747222870685, "p4": 23.80406695207003, "pol1": 0.6614426758250052, "pol2": 0.5783779085652392, "pol3": 0.9708318869272881, "pol4": -0.6262517869879627, "v0s": 4.170050436435824}, "datetime": {"datetime": "2022-05-17 00:57:41", "elapsed": 18877.057568, "delta": 17.575992}}
{"target": 4.793815760892611, "params": {"Bgrad": 2.0, "d1": -3.0, "d2": 0.8723850588014315, "d3": -1.322692417736353, "d4": -3.0, "p1": 31.605782395648987, "p2": 13.269579153264766, "p3": 37.7019839542856, "p4": 26.54393323722828, "pol1": 1.0, "pol2": 0.6039945030269916, "pol3": -1.0, "pol4": 0.7637586020234728, "v0s": 4.793815760892611}, "datetime": {"datetime": "2022-05-17 00:57:56", "elapsed": 18891.948741, "delta": 14.891173}}
{"target": 4.411484736602661, "params": {"Bgrad": 0.9792302345192817, "d1": -2.940112000940963, "d2": -1.379747070759803, "d3": -1.7241296745236347, "d4": -2.436297460948326, "p1": 29.897085883556517, "p2": 12.724404178269989, "p3": 35.7786518033403, "p4": 22.338441511733137, "pol1": -0.23688118551528703, "pol2": 0.5845933638893117, "pol3": 0.3197143424070281, "pol4": 0.28247178197415246, "v0s": 4.411484736602661}, "datetime": {"datetime": "2022-05-17 00:58:11", "elapsed": 18906.786055, "delta": 14.837314}}
{"target": 4.780907931416414, "params": {"Bgrad": 0.5, "d1": -0.8166021292560972, "d2": 0.2805195035208785, "d3": -3.0, "d4": -3.0, "p1": 10.998336673144582, "p2": 16.19809172136042, "p3": 7.230951185615297, "p4": 29.0349439565656, "pol1": -0.2581225318199995, "pol2": -1.0, "pol3": -0.4818377059851351, "pol4": 1.0, "v0s": 4.780907931416414}, "datetime": {"datetime": "2022-05-17 00:58:22", "elapsed": 18917.837496, "delta": 11.051441}}
{"target": 5.626363262023328, "params": {"Bgrad": 0.6602098347266934, "d1": -1.6748854428868216, "d2": 0.7810619238637, "d3": -1.310250852866869, "d4": -2.8357439174066075, "p1": 6.394583427444039, "p2": 36.41705569761917, "p3": 41.20139956135007, "p4": 34.58397068314395, "pol1": 0.005128734909996435, "pol2": -0.7172893236399951, "pol3": 0.23275769757183173, "pol4": 0.8862615368652611, "v0s": 5.626363262023328}, "datetime": {"datetime": "2022-05-17 00:58:35", "elapsed": 18930.457741, "delta": 12.620245}}
{"target": 4.633044099617884, "params": {"Bgrad": 1.3902936149735914, "d1": -2.109871283990407, "d2": 0.8228968272440449, "d3": -0.8970766158764345, "d4": -0.6057004500342411, "p1": 30.533516333535477, "p2": 13.012747945137932, "p3": 31.473480881170207, "p4": 25.005240377968757, "pol1": 0.4426086226255712, "pol2": -0.5545573558170114, "pol3": -0.7670759530001754, "pol4": 0.8025412913255612, "v0s": 4.633044099617884}, "datetime": {"datetime": "2022-05-17 00:58:50", "elapsed": 18945.26813, "delta": 14.810389}}
{"target": 4.415060775344186, "params": {"Bgrad": 1.4835061021487799, "d1": -2.4156113238788928, "d2": 1.0, "d3": -0.7496968829759458, "d4": -1.5936464735126827, "p1": 41.49661219270872, "p2": 21.241063979307967, "p3": 15.775730718240663, "p4": 13.319579827934948, "pol1": 0.6881273412376039, "pol2": 1.0, "pol3": -0.0671166738481362, "pol4": -0.37886504125870246, "v0s": 4.415060775344186}, "datetime": {"datetime": "2022-05-17 00:59:04", "elapsed": 18959.995739, "delta": 14.727609}}
{"target": -1.0, "params": {"Bgrad": 1.7724013773298894, "d1": -1.3523366610986187, "d2": -0.6531460885967455, "d3": -1.411576856147299, "d4": -1.6387159897287087, "p1": 0.9713564097096117, "p2": 32.04183022499764, "p3": 30.772584055662506, "p4": 36.959272481429885, "pol1": -0.2076427185415235, "pol2": 0.4801736031074202, "pol3": -0.7468767842856818, "pol4": -0.8044743414637716, "v0s": 2.8004286271705263}, "datetime": {"datetime": "2022-05-17 00:59:15", "elapsed": 18970.287213, "delta": 10.291474}}
{"target": 2.6730151573140315, "params": {"Bgrad": 1.0899438675948983, "d1": -1.3077030496553292, "d2": 0.5362185819684289, "d3": -2.8050995553767883, "d4": -0.3344740751905366, "p1": 4.511183536913493, "p2": 34.24699926189819, "p3": 29.075466735807936, "p4": 37.59528919400886, "pol1": 0.9111226803496277, "pol2": -0.84360381932886, "pol3": 0.3564927120613084, "pol4": 0.013878151318603926, "v0s": 2.6730151573140315}, "datetime": {"datetime": "2022-05-17 00:59:26", "elapsed": 18981.311726, "delta": 11.024513}}
{"target": 3.8424787280547403, "params": {"Bgrad": 0.5352791344649966, "d1": -0.554111306973053, "d2": 0.1891451311692549, "d3": -2.2767263768376464, "d4": -2.8451572761303607, "p1": 5.908220268092668, "p2": 33.28790349295414, "p3": 29.155735790969484, "p4": 38.42432953674072, "pol1": 0.09363430768615322, "pol2": 0.13582369773195513, "pol3": 0.5205538738150659, "pol4": 0.9611216063807564, "v0s": 3.8424787280547403}, "datetime": {"datetime": "2022-05-17 00:59:40", "elapsed": 18995.918658, "delta": 14.606932}}
{"target": 4.207969867413249, "params": {"Bgrad": 1.3155956219304905, "d1": -2.2456192097625967, "d2": 0.3791356900303935, "d3": -1.7442907078260754, "d4": -1.6782375087499966, "p1": 28.217907241862683, "p2": 8.701727013990002, "p3": 12.967978460293805, "p4": 26.077725402937986, "pol1": -0.04137497442722515, "pol2": 0.6663868653390403, "pol3": -0.6892926082638733, "pol4": 0.1443090750284255, "v0s": 4.207969867413249}, "datetime": {"datetime": "2022-05-17 00:59:52", "elapsed": 19007.400947, "delta": 11.482289}}
{"target": 3.9484634436046413, "params": {"Bgrad": 1.0912408528749076, "d1": -2.4580323165249363, "d2": -0.7138645159065327, "d3": -1.6925581233467284, "d4": -0.3285028092992053, "p1": 26.82413553705671, "p2": 10.0500816053116, "p3": 11.669592974558473, "p4": 26.66815870917601, "pol1": 0.5909083263322961, "pol2": -0.30015690975457066, "pol3": 0.4790213880335632, "pol4": -0.41442439310070456, "v0s": 3.9484634436046413}, "datetime": {"datetime": "2022-05-17 01:00:08", "elapsed": 19023.44703, "delta": 16.046083}}
{"target": 4.818167136216315, "params": {"Bgrad": 1.951849367628399, "d1": -2.058283161800781, "d2": 1.0, "d3": -2.2300859729886557, "d4": -2.5057650210508737, "p1": 28.31828297686583, "p2": 29.38342889492758, "p3": 7.012873862633774, "p4": 44.81008626932664, "pol1": 1.0, "pol2": -0.3197184147305695, "pol3": 0.25917634851655963, "pol4": -0.31528392165006697, "v0s": 4.818167136216315}, "datetime": {"datetime": "2022-05-17 01:00:21", "elapsed": 19036.662684, "delta": 13.215654}}
{"target": 3.3112743672190916, "params": {"Bgrad": 0.6752874012571134, "d1": -2.1469434823973486, "d2": 0.2454050674563213, "d3": -2.829749303340766, "d4": -1.3242854529611194, "p1": 7.5877235472042335, "p2": 33.85721898568336, "p3": 37.00858920684148, "p4": 34.19632204879213, "pol1": 0.4669612938364922, "pol2": 0.9494955949118984, "pol3": -0.5649919473817142, "pol4": -0.11249089018459224, "v0s": 3.3112743672190916}, "datetime": {"datetime": "2022-05-17 01:00:32", "elapsed": 19047.507678, "delta": 10.844994}}
{"target": 4.232292057352885, "params": {"Bgrad": 2.0, "d1": -1.5619142631285337, "d2": 1.0, "d3": -1.5868090836037836, "d4": -2.6963085086697345, "p1": 28.77764957818673, "p2": 29.889722072973015, "p3": 6.7184147264528145, "p4": 44.85620638117358, "pol1": 1.0, "pol2": -0.010322492080334377, "pol3": 1.0, "pol4": 0.8623963680712037, "v0s": 4.232292057352885}, "datetime": {"datetime": "2022-05-17 01:00:46", "elapsed": 19061.455372, "delta": 13.947694}}
{"target": 4.601412737892001, "params": {"Bgrad": 0.8640900082931977, "d1": -2.8869524895418994, "d2": -0.24636362567683318, "d3": -1.710296088779368, "d4": -1.5086935053776833, "p1": 31.77845382409774, "p2": 6.463716695888324, "p3": 36.79678289092232, "p4": 29.249592721254302, "pol1": 0.6209709759442693, "pol2": 0.9494738723157398, "pol3": -0.8383344403279734, "pol4": 0.20040094612447043, "v0s": 4.601412737892001}, "datetime": {"datetime": "2022-05-17 01:01:01", "elapsed": 19077.131446, "delta": 15.676074}}
{"target": -1.0, "params": {"Bgrad": 2.0, "d1": -2.5645153183064284, "d2": 0.48733000302211216, "d3": -1.4334979537963592, "d4": -1.5375916090359973, "p1": 44.185573453993875, "p2": 22.031485587539628, "p3": 25.433106584288513, "p4": 12.71269928725772, "pol1": -0.31712632490242154, "pol2": -0.893459710649943, "pol3": 0.7082854124589308, "pol4": 0.2890274042620303, "v0s": 5.096537862119592}, "datetime": {"datetime": "2022-05-17 01:01:21", "elapsed": 19096.751967, "delta": 19.620521}}
{"target": 5.069037129938175, "params": {"Bgrad": 1.7482213706701033, "d1": -2.4462258674922808, "d2": 0.1681304626379223, "d3": -2.280113130641667, "d4": -2.1938542557960403, "p1": 5.573920111831665, "p2": 36.76448551756695, "p3": 33.31201354856407, "p4": 38.24341237873457, "pol1": -0.05957797700325629, "pol2": -0.8760016076050656, "pol3": 0.45424773984520495, "pol4": -0.8104110203720021, "v0s": 5.069037129938175}, "datetime": {"datetime": "2022-05-17 01:01:35", "elapsed": 19110.753519, "delta": 14.001552}}
{"target": 4.531315052390311, "params": {"Bgrad": 1.988029832848833, "d1": -2.091849872089279, "d2": 1.0, "d3": -1.8638038928078602, "d4": -1.4585926822783084, "p1": 28.040220012560695, "p2": 10.466621093919867, "p3": 9.969130221489783, "p4": 24.77021527497598, "pol1": -1.0, "pol2": -0.480155604036231, "pol3": 0.3485920292425859, "pol4": -0.7123537433124023, "v0s": 4.531315052390311}, "datetime": {"datetime": "2022-05-17 01:01:50", "elapsed": 19126.202198, "delta": 15.448679}}
{"target": 5.044041762463941, "params": {"Bgrad": 1.6917936107243678, "d1": -1.961091232754442, "d2": -0.4673432814531391, "d3": -0.8305314209669801, "d4": -2.148694202512383, "p1": 34.06305345335487, "p2": 6.290816009309913, "p3": 36.5289875846414, "p4": 30.81834403344152, "pol1": 0.7888004298505285, "pol2": -0.238058151685564, "pol3": -0.44061144953438247, "pol4": -0.9858925077092175, "v0s": 5.044041762463941}, "datetime": {"datetime": "2022-05-17 01:02:06", "elapsed": 19141.671823, "delta": 15.469625}}
{"target": -1.0, "params": {"Bgrad": 1.9340982306584356, "d1": -2.01465196857668, "d2": 0.9649707196537771, "d3": 0.4764410405369328, "d4": -1.8895335077872337, "p1": 2.2474707051397314, "p2": 34.98995428076094, "p3": 33.656298887086436, "p4": 36.846936383895404, "pol1": 0.07407605015610019, "pol2": -0.4129175764638555, "pol3": -0.9685935715203651, "pol4": 0.02321348718928462, "v0s": 5.229205011451444}, "datetime": {"datetime": "2022-05-17 01:02:28", "elapsed": 19163.57125, "delta": 21.899427}}
{"target": 4.092957153108809, "params": {"Bgrad": 1.3529535467077758, "d1": -1.6018561019554411, "d2": 0.3222454468608024, "d3": -2.763941606464372, "d4": -1.5851512899383275, "p1": 10.572695661580257, "p2": 25.45920445699188, "p3": 44.309559948401784, "p4": 25.921016970671058, "pol1": 1.0, "pol2": -0.5856450989888426, "pol3": -0.08550947926173186, "pol4": 0.01855135214283901, "v0s": 4.092957153108809}, "datetime": {"datetime": "2022-05-17 01:02:42", "elapsed": 19177.469079, "delta": 13.897829}}
{"target": 4.293461293285055, "params": {"Bgrad": 0.5, "d1": -2.666832664310098, "d2": 1.0, "d3": -2.4943227414189844, "d4": -3.0, "p1": 46.68971254212889, "p2": 18.682411321480487, "p3": 25.509628475168522, "p4": 11.703394058349899, "pol1": 0.9055978225591552, "pol2": -1.0, "pol3": 0.4222795765972459, "pol4": 1.0, "v0s": 4.293461293285055}, "datetime": {"datetime": "2022-05-17 01:02:57", "elapsed": 19193.19402, "delta": 15.724941}}
{"target": 4.479544468575054, "params": {"Bgrad": 0.7778293797254068, "d1": -2.8428980425637502, "d2": 1.0, "d3": -0.8545007775915947, "d4": -0.543022328650135, "p1": 28.041015756876224, "p2": 9.739824416747462, "p3": 11.57906951330203, "p4": 26.38670770941375, "pol1": 0.2638174152434498, "pol2": -0.27595003571208965, "pol3": -0.030416615985527133, "pol4": -0.26021499491390676, "v0s": 4.479544468575054}, "datetime": {"datetime": "2022-05-17 01:03:16", "elapsed": 19212.036624, "delta": 18.842604}}
{"target": 5.4289649192120315, "params": {"Bgrad": 1.9960714880277473, "d1": -2.047851164811697, "d2": 0.33645085808382547, "d3": -1.6660307832563492, "d4": -0.9664993252141034, "p1": 4.2163705486325584, "p2": 37.138974442583276, "p3": 40.342687488258846, "p4": 31.367029644496625, "pol1": 0.582251866504385, "pol2": -0.348412895682473, "pol3": 0.6136019616753594, "pol4": 0.5329095537137987, "v0s": 5.4289649192120315}, "datetime": {"datetime": "2022-05-17 01:03:40", "elapsed": 19235.594615, "delta": 23.557991}}
{"target": -1.0, "params": {"Bgrad": 1.6899653592898236, "d1": 0.4823370625425385, "d2": -0.6280517351022366, "d3": -2.9610528762085595, "d4": -2.755679459023136, "p1": 11.74221561417061, "p2": 16.81456236338919, "p3": 5.331902019177748, "p4": 28.9372376328362, "pol1": -0.13138607638042687, "pol2": -0.08009745702225857, "pol3": 0.57161942402428, "pol4": 0.41512789695936236, "v0s": 3.667292469687016}, "datetime": {"datetime": "2022-05-17 01:04:03", "elapsed": 19258.885321, "delta": 23.290706}}
{"target": 5.290375960970541, "params": {"Bgrad": 1.2231848221173238, "d1": -1.985822796065304, "d2": 0.41756525900857255, "d3": -1.6716968658361941, "d4": -0.5652368420641052, "p1": 26.071960948615086, "p2": 10.333387620381885, "p3": 36.550784957615186, "p4": 23.600476023061546, "pol1": -0.3469136761785274, "pol2": 0.3715975166151144, "pol3": 0.4869538251091885, "pol4": 0.915569105455992, "v0s": 5.290375960970541}, "datetime": {"datetime": "2022-05-17 01:04:19", "elapsed": 19274.35694, "delta": 15.471619}}
{"target": -1.0, "params": {"Bgrad": 0.5, "d1": -1.831425662869151, "d2": -1.4007096679504019, "d3": -1.8297437976688864, "d4": 0.31809412824713545, "p1": 37.60393583068332, "p2": 10.856971253831992, "p3": 10.559905830588278, "p4": 30.682670245405028, "pol1": 0.32175386069570966, "pol2": 0.10629203046451721, "pol3": -0.6842692350321831, "pol4": 0.3957199043731279, "v0s": 4.478488867712329}, "datetime": {"datetime": "2022-05-17 01:04:38", "elapsed": 19293.940561, "delta": 19.583621}}
{"target": -1.0, "params": {"Bgrad": 1.9957619572844718, "d1": -2.257265263046861, "d2": 0.2092721045523227, "d3": -1.2327772403479615, "d4": -1.3245677229504045, "p1": 30.21443284664504, "p2": 6.89589472383843, "p3": 35.48193744725141, "p4": 28.97435433846342, "pol1": -0.082091630475978, "pol2": 0.898236996264862, "pol3": 0.4074570810106648, "pol4": 0.07616686210014056, "v0s": 6.421094598091312}, "datetime": {"datetime": "2022-05-17 01:05:00", "elapsed": 19315.361269, "delta": 21.420708}}
{"target": 4.7495922906649755, "params": {"Bgrad": 2.0, "d1": -1.2264992795985115, "d2": 0.32428081043247264, "d3": -1.4476734167605019, "d4": -3.0, "p1": 26.80476224956598, "p2": 9.519082277502346, "p3": 37.01800077760972, "p4": 28.760688323750646, "pol1": 0.0863788542496384, "pol2": -0.10804461916749575, "pol3": 0.6587941898900678, "pol4": -0.8621604553508138, "v0s": 4.7495922906649755}, "datetime": {"datetime": "2022-05-17 01:05:13", "elapsed": 19328.578916, "delta": 13.217647}}
{"target": -1.0, "params": {"Bgrad": 0.585758902177774, "d1": -2.904943554275084, "d2": -1.6381535239687204, "d3": -2.5057734293706497, "d4": -2.3650530198205546, "p1": 3.0927054463419754, "p2": 40.21242973045359, "p3": 41.23638106368425, "p4": 32.825299759148166, "pol1": 0.11224595332985943, "pol2": -0.7677049742730677, "pol3": -0.008383464742509839, "pol4": 0.9014791784004301, "v0s": 5.532799625006376}, "datetime": {"datetime": "2022-05-17 01:05:29", "elapsed": 19344.636967, "delta": 16.058051}}
{"target": 5.191458427134771, "params": {"Bgrad": 0.8641516099833213, "d1": -2.7200289090634238, "d2": 0.10593639767131516, "d3": -1.498739719357168, "d4": -0.7177664340713185, "p1": 26.565939012505467, "p2": 11.7372704179734, "p3": 36.23559983020557, "p4": 23.81020939316892, "pol1": -0.4230832001697376, "pol2": 0.9713831082064401, "pol3": 0.9874730377145275, "pol4": 0.753432427835794, "v0s": 5.191458427134771}, "datetime": {"datetime": "2022-05-17 01:05:42", "elapsed": 19357.930413, "delta": 13.293446}}
{"target": 3.8260595303513685, "params": {"Bgrad": 1.2408980189543404, "d1": -3.0, "d2": 1.0, "d3": -1.4587739336651218, "d4": -1.4294902366061042, "p1": 27.800413277960985, "p2": 9.910284192558525, "p3": 10.788378477427752, "p4": 24.789869193376596, "pol1": -0.10955198077980216, "pol2": -0.25400652267194046, "pol3": -0.9430743909158996, "pol4": -0.47527793119263817, "v0s": 3.8260595303513685}, "datetime": {"datetime": "2022-05-17 01:05:59", "elapsed": 19374.226826, "delta": 16.296413}}
{"target": -1.0, "params": {"Bgrad": 0.8146648487164996, "d1": 0.07572052447245614, "d2": -1.019918600278154, "d3": -2.0270751498314965, "d4": 0.8641531324905944, "p1": 5.366628976911237, "p2": 34.51582111063508, "p3": 28.862377137990176, "p4": 36.63996500893535, "pol1": -0.25769442715789714, "pol2": -0.848472448583107, "pol3": 0.12694993557927026, "pol4": 0.3644433576228372, "v0s": 2.5465236317620077}, "datetime": {"datetime": "2022-05-17 01:06:21", "elapsed": 19396.383565, "delta": 22.156739}}
{"target": -1.0, "params": {"Bgrad": 1.3685924776614724, "d1": -1.3203800138048267, "d2": -0.19114944638049458, "d3": -2.0149288927345115, "d4": 0.11780974597188232, "p1": 2.1613943520555234, "p2": 34.77147557366321, "p3": 32.77367019112381, "p4": 35.76706900066447, "pol1": 0.07197730278330283, "pol2": 0.018540410271727703, "pol3": 0.9465176242958027, "pol4": -0.05016268771847532, "v0s": 2.6107674471156095}, "datetime": {"datetime": "2022-05-17 01:06:46", "elapsed": 19421.705837, "delta": 25.322272}}
