{"target": -1.0, "params": {"Bgrad": 1.610224277347008, "d1": -1.919752302140724, "d2": -0.9915843737726941, "d3": -1.5461070281064209, "d4": -1.8280626531818753, "p1": 2.7483613648265957, "p2": 4.6035978677705645, "p3": 22.522358031012242, "p4": 17.152304574359604, "pol1": -0.6741733104254803, "pol2": -0.7744239600863543, "pol3": 0.029882173364177422, "pol4": -0.20901934331382765, "v0s": 4.7291633558315995}, "datetime": {"datetime": "2022-04-29 13:47:29", "elapsed": 80162.382259, "delta": 18.085642}}
{"target": -1.0, "params": {"Bgrad": 0.5348904412790647, "d1": -0.3005165794436673, "d2": -0.17576313888420314, "d3": -1.1305240380177977, "d4": -1.8281677079505219, "p1": 8.75591923688528, "p2": 36.01090587371512, "p3": 33.38025098376261, "p4": 10.767097163319917, "pol1": -0.9784759054795005, "pol2": 0.6626934435297214, "pol3": -0.7037427190129244, "pol4": -0.8174546744960298, "v0s": 4.248932735694559}, "datetime": {"datetime": "2022-04-29 13:47:43", "elapsed": 80176.190338, "delta": 13.808079}}
{"target": -1.0, "params": {"Bgrad": 1.5071444715249294, "d1": -2.893446956252504, "d2": -0.3965245335648184, "d3": -2.7977827207944252, "d4": -1.5982161248079936, "p1": 49.549903419306105, "p2": 44.75688838460024, "p3": 6.6450072503782485, "p4": 21.169508259297736, "pol1": -0.41652822777222154, "pol2": 0.44653698778194606, "pol3": 0.8611113383251665, "pol4": -0.9258759939688888, "v0s": 2.01332389268985}, "datetime": {"datetime": "2022-04-29 13:47:58", "elapsed": 80191.367757, "delta": 15.177419}}
{"target": -1.0, "params": {"Bgrad": 1.9491240552389428, "d1": 0.18831155417531953, "d2": -0.8391387974744275, "d3": 0.355234027012727, "d4": -2.004497702723127, "p1": 40.17400262122174, "p2": 42.86603189138975, "p3": 31.00121426019729, "p4": 35.273871073605974, "pol1": 0.4280737947668418, "pol2": -0.36730202768300235, "pol3": 0.9539376152302563, "pol4": 0.00037102165405000775, "v0s": 4.8711056264362105}, "datetime": {"datetime": "2022-04-29 13:48:19", "elapsed": 80211.564754, "delta": 20.196997}}
{"target": -1.0, "params": {"Bgrad": 0.601750921484471, "d1": -1.9478839851418064, "d2": 0.9134459257473937, "d3": -1.0393366800856771, "d4": -1.5649620966249813, "p1": 38.26944840371045, "p2": 14.064253666117704, "p3": 45.55999265030011, "p4": 19.13252453689134, "pol1": -0.16883995198491486, "pol2": -0.06263422009313668, "pol3": 0.8628883552326001, "pol4": 0.7973197439126729, "v0s": 3.10676676774274}, "datetime": {"datetime": "2022-04-29 13:48:28", "elapsed": 80220.788092, "delta": 9.223338}}
{"target": -1.0, "params": {"Bgrad": 1.446217925881223, "d1": -1.7389275700472484, "d2": 0.6320914481297484, "d3": -1.2751974642423782, "d4": 0.27459818549671855, "p1": 10.89449466633685, "p2": 22.960184236705793, "p3": 45.01570686826224, "p4": 29.02020731983556, "pol1": 0.5504075931708123, "pol2": -0.9568921542872997, "pol3": 0.5827143403439015, "pol4": 0.9819972953886844, "v0s": 4.2330854420553266}, "datetime": {"datetime": "2022-04-29 13:48:51", "elapsed": 80243.881345, "delta": 23.093253}}
{"target": -1.0, "params": {"Bgrad": 0.6215078358116284, "d1": 0.4156320455424183, "d2": -2.3922155460065424, "d3": -1.30063226653991, "d4": -0.1338975807211238, "p1": 8.41549769381168, "p2": 3.704801707730343, "p3": 44.64789384365311, "p4": 46.2736926680076, "pol1": 0.7942505956381507, "pol2": -0.36405707054567604, "pol3": 0.7183619446546512, "pol4": 0.3612534833038381, "v0s": 3.273796851693115}, "datetime": {"datetime": "2022-04-29 13:49:06", "elapsed": 80259.42279, "delta": 15.541445}}
{"target": 4.909382425812572, "params": {"Bgrad": 1.818223196905688, "d1": -2.1274132227443294, "d2": 0.6295409404476006, "d3": -0.7900937162943505, "d4": -2.592597349913332, "p1": 33.055513284659696, "p2": 13.550354628813977, "p3": 4.547473752736512, "p4": 17.015341392428624, "pol1": -0.0930300543942932, "pol2": 0.2670369210961985, "pol3": 0.8382468572301007, "pol4": -0.09438911738398523, "v0s": 4.909382425812572}, "datetime": {"datetime": "2022-04-29 13:49:22", "elapsed": 80274.976204, "delta": 15.553414}}
{"target": 3.8361143518717475, "params": {"Bgrad": 0.6889779156041171, "d1": -0.8542360009480668, "d2": 0.22641203299198567, "d3": -1.2916859484340235, "d4": -3.0, "p1": 3.84726545598948, "p2": 45.140778400328834, "p3": 9.872525290222937, "p4": 20.834937911395535, "pol1": -0.6764043323966393, "pol2": 0.8714423861788225, "pol3": -0.013300724716494926, "pol4": -1.0, "v0s": 3.8361143518717475}, "datetime": {"datetime": "2022-04-29 13:49:36", "elapsed": 80289.304891, "delta": 14.328687}}
{"target": -1.0, "params": {"Bgrad": 1.3546766313247, "d1": -2.5068304998229523, "d2": -1.1806612460280408, "d3": -2.1386370269400303, "d4": -1.2885680719649133, "p1": 32.73604296072145, "p2": 6.9632577812709595, "p3": 7.804403449657782, "p4": 24.642257210369227, "pol1": 0.9062353772567271, "pol2": 0.09814336166652171, "pol3": -0.13186443785664603, "pol4": 0.3234217380631823, "v0s": 4.137288651371383}, "datetime": {"datetime": "2022-04-29 13:49:54", "elapsed": 80306.693397, "delta": 17.388506}}
{"target": -1.0, "params": {"Bgrad": 0.6957441455797779, "d1": -2.4598251299947984, "d2": -0.2709130820546184, "d3": -2.255712351164616, "d4": -2.5071765283236456, "p1": 19.002688749315016, "p2": 38.36455461252424, "p3": 18.810530667571513, "p4": 29.39616930752097, "pol1": -0.501632412734843, "pol2": -0.10309376398088776, "pol3": 0.7473321613983812, "pol4": -0.2774862721165392, "v0s": 3.7770659865982803}, "datetime": {"datetime": "2022-04-29 13:50:08", "elapsed": 80321.186644, "delta": 14.493247}}
{"target": -1.0, "params": {"Bgrad": 1.4461947927693086, "d1": -0.5156762169417397, "d2": 0.5246586269455267, "d3": -1.7632316038793303, "d4": -2.69331208898941, "p1": 32.94279099867308, "p2": 12.993713500087106, "p3": 5.296172700089069, "p4": 17.6772389783695, "pol1": -0.7644868191570346, "pol2": -0.8322480491867947, "pol3": -0.2163262637966803, "pol4": 0.6643134591696502, "v0s": 5.0795688986862535}, "datetime": {"datetime": "2022-04-29 13:50:31", "elapsed": 80343.766271, "delta": 22.579627}}
{"target": 5.256071820464846, "params": {"Bgrad": 1.8306897265197843, "d1": -2.1762447977566617, "d2": 0.40739841495134677, "d3": -2.6312068920979734, "d4": -1.3783943685825073, "p1": 39.8586993207101, "p2": 22.682748995641163, "p3": 42.41642634551896, "p4": 49.23142888515255, "pol1": -0.6606351598769884, "pol2": -0.4694284490215701, "pol3": -0.19012578318962392, "pol4": 0.14655028710651496, "v0s": 5.256071820464846}, "datetime": {"datetime": "2022-04-29 13:50:49", "elapsed": 80362.133162, "delta": 18.366891}}
{"target": -1.0, "params": {"Bgrad": 0.7331534369891596, "d1": -0.4770491723892585, "d2": -1.7976388632913372, "d3": -1.2782677421492532, "d4": 0.4592108793037135, "p1": 20.296622060377846, "p2": 33.86344476480781, "p3": 37.97112653290077, "p4": 19.16652732248772, "pol1": -0.8151698141491308, "pol2": -0.26143604260848297, "pol3": 0.35319130089611517, "pol4": -0.4327507674762212, "v0s": 2.415422998870656}, "datetime": {"datetime": "2022-04-29 13:50:57", "elapsed": 80370.18563, "delta": 8.052468}}
{"target": -1.0, "params": {"Bgrad": 1.5614215672519072, "d1": -1.150135809098055, "d2": -0.379589082708355, "d3": -2.687194277355847, "d4": 0.21052688567025246, "p1": 11.786204198056321, "p2": 21.967273659511328, "p3": 36.96559583045057, "p4": 34.80173474248314, "pol1": 0.14587958087085307, "pol2": 0.87367568946832, "pol3": -0.30068359441887793, "pol4": -0.29905593679060893, "v0s": 4.954391127452654}, "datetime": {"datetime": "2022-04-29 13:51:17", "elapsed": 80389.667539, "delta": 19.481909}}
{"target": -1.0, "params": {"Bgrad": 1.8700279544138065, "d1": 0.23774424741001887, "d2": -2.844520369106546, "d3": -0.8648995033019253, "d4": 0.8272081915355205, "p1": 3.7667037122015747, "p2": 44.52363886133377, "p3": 46.43446592323651, "p4": 42.337870813881715, "pol1": -0.15445700100966997, "pol2": -0.36679969061442397, "pol3": 0.9414008537564915, "pol4": 0.648351030154628, "v0s": 3.5452060486403285}, "datetime": {"datetime": "2022-04-29 13:51:36", "elapsed": 80409.005832, "delta": 19.338293}}
{"target": -1.0, "params": {"Bgrad": 1.6819597786983769, "d1": -0.9897696444493653, "d2": -0.18607379853611228, "d3": -2.4355099558869773, "d4": -1.1393899504638703, "p1": 45.24520054470854, "p2": 24.748109053447376, "p3": 26.293404285691558, "p4": 47.53209581595213, "pol1": -0.16270444978645116, "pol2": -0.013000526678238256, "pol3": 0.06960392711120211, "pol4": -0.37380550861314377, "v0s": 2.794841807193088}, "datetime": {"datetime": "2022-04-29 13:51:50", "elapsed": 80423.294626, "delta": 14.288794}}
{"target": -1.0, "params": {"Bgrad": 1.2491640941841706, "d1": -1.1127905102781575, "d2": -2.661974081193229, "d3": -0.7055462527636522, "d4": -2.1701359679864036, "p1": 18.852336538402014, "p2": 41.9174248101807, "p3": 18.426879751797077, "p4": 46.75640230560437, "pol1": -0.7303532016375309, "pol2": -0.5988556474578004, "pol3": 0.20796704925421827, "pol4": -0.41194425255344513, "v0s": 2.4070444419173658}, "datetime": {"datetime": "2022-04-29 13:52:05", "elapsed": 80437.780893, "delta": 14.486267}}
{"target": -1.0, "params": {"Bgrad": 0.778891508141069, "d1": -2.68684314676661, "d2": -1.7956551901020696, "d3": -1.9858339200385058, "d4": -0.07118377665950909, "p1": 40.43698629902946, "p2": 42.18458218085647, "p3": 12.124483859751528, "p4": 19.413618323094443, "pol1": -0.998458509181191, "pol2": -0.16901111584993028, "pol3": -0.9795484189451823, "pol4": 0.04053759579247852, "v0s": 3.6955783869976893}, "datetime": {"datetime": "2022-04-29 13:52:19", "elapsed": 80452.27813, "delta": 14.497237}}
{"target": -1.0, "params": {"Bgrad": 0.7709399883689596, "d1": 0.5235297117741511, "d2": -1.6052304606146603, "d3": -1.1841199877152686, "d4": -0.030343677137428582, "p1": 28.077466321155047, "p2": 6.989487701499931, "p3": 22.74018152101755, "p4": 27.64000725908425, "pol1": -0.3967455032222815, "pol2": 0.49325346780523893, "pol3": 0.02151402983341466, "pol4": 0.3691560244167762, "v0s": 3.092332281555794}, "datetime": {"datetime": "2022-04-29 13:52:31", "elapsed": 80463.64374, "delta": 11.36561}}
{"target": 2.5952095423519737, "params": {"Bgrad": 1.7526067641646734, "d1": -0.6003408217722894, "d2": 0.21571472490033683, "d3": -1.9596160586466072, "d4": -2.276967688783538, "p1": 4.152761645789233, "p2": 19.862432591282005, "p3": 12.41999632767325, "p4": 26.6142341006306, "pol1": -0.0931594229259145, "pol2": 0.567640238825529, "pol3": -0.3565901375469511, "pol4": 0.3798621150370798, "v0s": 2.5952095423519737}, "datetime": {"datetime": "2022-04-29 13:52:42", "elapsed": 80474.785948, "delta": 11.142208}}
{"target": 3.943538708033173, "params": {"Bgrad": 0.8107671436126498, "d1": -2.645503181855035, "d2": 0.1260667766612018, "d3": -1.6443035930684826, "d4": -1.130999074482415, "p1": 41.834007350029374, "p2": 43.14083467852462, "p3": 31.26451532914552, "p4": 15.36772233094743, "pol1": -0.4536785589607577, "pol2": -0.40734745841737885, "pol3": 0.9611119283464151, "pol4": 0.3461401358070826, "v0s": 3.943538708033173}, "datetime": {"datetime": "2022-04-29 13:52:52", "elapsed": 80485.218055, "delta": 10.432107}}
{"target": -1.0, "params": {"Bgrad": 1.6285724758566695, "d1": -1.7704646976446652, "d2": 0.258621974737828, "d3": -2.759597393860452, "d4": 0.8077973491435535, "p1": 5.632511254196149, "p2": 16.871111539694013, "p3": 32.80766315851796, "p4": 2.6968484354692235, "pol1": -0.5469807723849145, "pol2": -0.027727495576069128, "pol3": 0.6693033861510822, "pol4": 0.1183857305402869, "v0s": 4.229214749017901}, "datetime": {"datetime": "2022-04-29 13:53:38", "elapsed": 80531.013606, "delta": 45.795551}}
{"target": -1.0, "params": {"Bgrad": 0.5161768463947907, "d1": -2.593185664426618, "d2": -1.5721909992344805, "d3": -1.0047753083597488, "d4": -0.31206552955656397, "p1": 36.00628390037901, "p2": 38.89997779541135, "p3": 23.971780334912513, "p4": 21.184381408853508, "pol1": -0.7053575964979579, "pol2": 0.3733509734745004, "pol3": 0.756255573798106, "pol4": -0.1069532563533444, "v0s": 2.205102819312484}, "datetime": {"datetime": "2022-04-29 13:53:47", "elapsed": 80540.382555, "delta": 9.368949}}
{"target": -1.0, "params": {"Bgrad": 1.6729880702753774, "d1": -0.4167466456719042, "d2": -0.37101254266521444, "d3": -2.457307926852341, "d4": -0.2754033794356099, "p1": 8.712194889740754, "p2": 3.006644401170405, "p3": 44.05545571052344, "p4": 44.789391394072176, "pol1": 0.563571997179316, "pol2": -0.11260967403577649, "pol3": -0.24259174483174428, "pol4": -0.37089868809572946, "v0s": 2.980476290659425}, "datetime": {"datetime": "2022-04-29 13:54:08", "elapsed": 80560.573567, "delta": 20.191012}}
{"target": -1.0, "params": {"Bgrad": 0.7899363185129888, "d1": -2.1612069632569315, "d2": -0.6724713948694654, "d3": -0.1636512980496394, "d4": -1.8540685954356233, "p1": 31.67524185350951, "p2": 8.684667663664792, "p3": 6.142499489354569, "p4": 24.891171874749123, "pol1": 0.31781496321526026, "pol2": 0.34074654312762465, "pol3": -0.7470900425713949, "pol4": -0.25488437342980474, "v0s": 4.550541253994408}, "datetime": {"datetime": "2022-04-29 13:54:23", "elapsed": 80575.942474, "delta": 15.368907}}
{"target": -1.0, "params": {"Bgrad": 1.0220894726130496, "d1": -1.3034022331469384, "d2": 0.26389279393013965, "d3": -2.389971925434947, "d4": 0.9216136441435805, "p1": 36.527449635429214, "p2": 37.38466158242684, "p3": 22.84606338397477, "p4": 20.467888780443307, "pol1": 0.137313298397302, "pol2": 0.8616574913741226, "pol3": -0.391536089374378, "pol4": 0.337967607352349, "v0s": 2.675331170696735}, "datetime": {"datetime": "2022-04-29 13:54:45", "elapsed": 80597.637466, "delta": 21.694992}}
{"target": 5.936685793811442, "params": {"Bgrad": 1.0497837943612596, "d1": -1.5996031072700925, "d2": 0.9596427889813546, "d3": 0.8288560113868262, "d4": -0.2845731697439957, "p1": 7.665348042359399, "p2": 34.28958869292642, "p3": 23.044507635777055, "p4": 44.75555307942762, "pol1": -0.8977677248832368, "pol2": -0.2653101603285719, "pol3": -0.3782837598455293, "pol4": 0.7238802541304892, "v0s": 5.936685793811442}, "datetime": {"datetime": "2022-04-29 13:55:01", "elapsed": 80613.6317, "delta": 15.994234}}
{"target": -1.0, "params": {"Bgrad": 1.2390703340294613, "d1": -1.9959143461578996, "d2": -0.9370383430105074, "d3": 0.9425074722815205, "d4": -0.4085769903181764, "p1": 36.80187262500792, "p2": 9.146022481309446, "p3": 21.980141956301154, "p4": 49.1959068439139, "pol1": -0.8818392279355214, "pol2": 0.2651983668317901, "pol3": -0.8433379308538602, "pol4": -0.09211361194198586, "v0s": 6.095617995893268}, "datetime": {"datetime": "2022-04-29 13:55:18", "elapsed": 80631.283502, "delta": 17.651802}}
{"target": 3.4974283611996224, "params": {"Bgrad": 1.932054881193489, "d1": -2.525618598913368, "d2": 0.43232094447452374, "d3": -1.2054504717983714, "d4": 0.061955782515974445, "p1": 34.55954050919556, "p2": 40.095033087907325, "p3": 23.206712357529007, "p4": 19.170709303655258, "pol1": 0.24929540373417947, "pol2": 0.33425372380240503, "pol3": -0.5220199847161096, "pol4": 0.2612357331109194, "v0s": 3.4974283611996224}, "datetime": {"datetime": "2022-04-29 13:55:35", "elapsed": 80648.470547, "delta": 17.187045}}
{"target": 3.5896708344605552, "params": {"Bgrad": 1.691618477959705, "d1": -1.2484105031668782, "d2": -1.471987993258756, "d3": -1.9761467084530455, "d4": -2.465364220348314, "p1": 3.32941781642645, "p2": 29.681765247916726, "p3": 24.960148403597437, "p4": 22.34242177342311, "pol1": 0.08384511588965693, "pol2": 0.07400559176154009, "pol3": -0.1477340822521085, "pol4": 0.37227550526048026, "v0s": 3.5896708344605552}, "datetime": {"datetime": "2022-04-29 13:55:48", "elapsed": 80661.104766, "delta": 12.634219}}
{"target": -1.0, "params": {"Bgrad": 1.0399545810969155, "d1": -0.5912511284994495, "d2": 0.9874551217760676, "d3": -2.6644178899461393, "d4": 0.6270672679756117, "p1": 46.12855792268872, "p2": 25.522266287158583, "p3": 22.619091188625838, "p4": 5.6222025411217516, "pol1": 0.7146886086304995, "pol2": 0.40500339973951505, "pol3": -0.31099115892836315, "pol4": 0.6038811116238867, "v0s": 5.554708688311155}, "datetime": {"datetime": "2022-04-29 13:56:05", "elapsed": 80677.747267, "delta": 16.642501}}
{"target": 3.6554716435053454, "params": {"Bgrad": 0.7815571596562592, "d1": -1.4387069736791571, "d2": 0.8786039683477784, "d3": -1.6420828938086731, "d4": -1.7418712241822414, "p1": 38.543129578627, "p2": 25.68821032506257, "p3": 44.612264289335705, "p4": 48.4023699505134, "pol1": -0.68004049491226, "pol2": 0.7165526509881508, "pol3": 0.18717630433434285, "pol4": 0.012132953981592198, "v0s": 3.6554716435053454}, "datetime": {"datetime": "2022-04-29 13:56:18", "elapsed": 80690.58893, "delta": 12.841663}}
{"target": -1.0, "params": {"Bgrad": 1.0566736981869376, "d1": -2.6608498349494356, "d2": -0.04815281478280253, "d3": -2.007062006512208, "d4": -2.846737100409742, "p1": 1.9911926696277338, "p2": 45.88563427835518, "p3": 47.156601975564875, "p4": 36.184763025630204, "pol1": 0.6091187300151131, "pol2": 0.7397323141895529, "pol3": 0.30068519986740916, "pol4": -0.3563443456278539, "v0s": 3.9905444421314655}, "datetime": {"datetime": "2022-04-29 13:56:30", "elapsed": 80703.223149, "delta": 12.634219}}
{"target": -1.0, "params": {"Bgrad": 1.3507085963739058, "d1": -1.2949341287531015, "d2": -0.9647870657655675, "d3": -1.0996127455190883, "d4": -0.20716003657179938, "p1": 22.466384329798256, "p2": 24.439968824584568, "p3": 10.526022778010475, "p4": 33.78376569943758, "pol1": -0.0027348596936700442, "pol2": -0.20084492793477104, "pol3": -0.8231020304404517, "pol4": 0.4911290578598173, "v0s": 4.810596122642565}, "datetime": {"datetime": "2022-04-29 13:56:48", "elapsed": 80720.657532, "delta": 17.434383}}
{"target": -1.0, "params": {"Bgrad": 1.8957623798173895, "d1": -0.2804354917380065, "d2": 0.9227031892431157, "d3": -1.5702146901686729, "d4": 0.5065838857691238, "p1": 41.190473613554474, "p2": 24.345396305039035, "p3": 44.049825979667354, "p4": 47.935645526015136, "pol1": 0.7877461598431257, "pol2": 0.505340257782364, "pol3": -0.5052192495983252, "pol4": 0.18853483288202488, "v0s": 4.588619319206832}, "datetime": {"datetime": "2022-04-29 13:57:10", "elapsed": 80742.881111, "delta": 22.223579}}
{"target": 2.270674084012552, "params": {"Bgrad": 1.9081400971943054, "d1": 0.5279125123361723, "d2": -1.0827923874775158, "d3": -2.1660544758179157, "d4": -0.43498016047062693, "p1": 27.10234819076764, "p2": 9.822851696209256, "p3": 9.041647773022815, "p4": 45.80581311971332, "pol1": -0.8871027558872155, "pol2": 0.12575778210147037, "pol3": -0.7835830865486442, "pol4": 0.5962182147328885, "v0s": 2.270674084012552}, "datetime": {"datetime": "2022-04-29 13:57:22", "elapsed": 80755.377697, "delta": 12.496586}}
{"target": -1.0, "params": {"Bgrad": 1.9285182391137115, "d1": -2.984354952380631, "d2": -1.8268018103255392, "d3": -2.5279493136452316, "d4": -0.955370783399879, "p1": 6.089672051389155, "p2": 0.10915903139617766, "p3": 38.017373186593645, "p4": 19.559270283952085, "pol1": 0.8956614028897754, "pol2": -0.08076350130121845, "pol3": -0.2705862531507519, "pol4": -0.9734532699215444, "v0s": 4.0982814354413035}, "datetime": {"datetime": "2022-04-29 13:57:46", "elapsed": 80779.279787, "delta": 23.90209}}
{"target": -1.0, "params": {"Bgrad": 0.7434365691269275, "d1": -1.0459165072161607, "d2": -1.124276351311139, "d3": -0.48086070609870557, "d4": -1.637846781505996, "p1": 2.97209166903753, "p2": 7.8566142538012755, "p3": 21.814850324446844, "p4": 18.395870753763568, "pol1": -0.039840259639471354, "pol2": -0.5977911970429122, "pol3": -0.30285451962433463, "pol4": 0.35754990334929593, "v0s": 5.049340959010993}, "datetime": {"datetime": "2022-04-29 13:58:03", "elapsed": 80796.473814, "delta": 17.194027}}
{"target": -1.0, "params": {"Bgrad": 1.8115575992880808, "d1": -1.939110444671297, "d2": -0.893798138235498, "d3": -1.8382040699828313, "d4": -2.2126048892506347, "p1": 38.941525809872715, "p2": 46.07617758605012, "p3": 16.67513741782587, "p4": 11.177280350386587, "pol1": -0.2986369637545667, "pol2": 0.7528215130331664, "pol3": 0.7739683866739424, "pol4": 0.5005936732265086, "v0s": 6.105900299119723}, "datetime": {"datetime": "2022-04-29 13:58:21", "elapsed": 80814.335056, "delta": 17.861242}}
{"target": -1.0, "params": {"Bgrad": 1.2306289793253438, "d1": -0.40084981233315276, "d2": -1.2319139579582328, "d3": 0.38016196346830977, "d4": -0.44391307932788315, "p1": 12.21924639965531, "p2": 19.585685197515744, "p3": 11.108654949472474, "p4": 11.834396753228527, "pol1": -0.10711835400611092, "pol2": -0.5115993020785434, "pol3": 0.26660487103240205, "pol4": 0.24607593977989373, "v0s": 2.4144191835891835}, "datetime": {"datetime": "2022-04-29 13:58:37", "elapsed": 80829.642127, "delta": 15.307071}}
{"target": -1.0, "params": {"Bgrad": 0.751118106261183, "d1": -1.290890359841053, "d2": 0.583391720534483, "d3": -1.6438873359447506, "d4": -0.8206179765858952, "p1": 41.7005582838206, "p2": 21.813292989263417, "p3": 42.07949168200228, "p4": 49.26498929856349, "pol1": 0.5166981572203788, "pol2": 0.631206763247578, "pol3": 0.7414339451258598, "pol4": 0.2856101003556939, "v0s": 5.328524741079198}, "datetime": {"datetime": "2022-04-29 13:58:53", "elapsed": 80845.804911, "delta": 16.162784}}
{"target": -1.0, "params": {"Bgrad": 0.9920568031538743, "d1": -2.198361964993048, "d2": -0.02910011397540524, "d3": 0.18707988376818108, "d4": -0.6890354064535082, "p1": 8.706578997909597, "p2": 31.342349169323107, "p3": 23.123078463818818, "p4": 42.602857588746275, "pol1": -0.6964035070082228, "pol2": -0.5427688054583595, "pol3": -0.6224352255171646, "pol4": -0.18503025056958577, "v0s": 6.662983704329097}, "datetime": {"datetime": "2022-04-29 13:59:10", "elapsed": 80863.203391, "delta": 17.39848}}
