{"target": -1.0, "params": {"Bgrad": 0.5846546455376613, "d1": -1.184783259538793, "d2": -2.1715596163705113, "d3": -0.9240653426838192, "d4": -0.8480494575290578, "p1": 14.714410862165645, "p2": 15.372694109190565, "p3": 1.2086836107416399, "p4": 21.02010069651903, "pol1": -0.3526211726824722, "pol2": 0.23898025052233263, "pol3": 0.7195261333839904, "pol4": -0.01471911841416862, "v0s": 2.4962497881913364}, "datetime": {"datetime": "2022-05-17 10:26:17", "elapsed": 52992.242798, "delta": 5.449425}}
{"target": -1.0, "params": {"Bgrad": 1.9002206875014387, "d1": 0.23330786741902543, "d2": -1.5379247074569067, "d3": -1.6770843558994213, "d4": 0.7517363149785319, "p1": 18.744717028055806, "p2": 31.790110931158523, "p3": 49.26721690492867, "p4": 1.836988226524372, "pol1": -0.37073804370244345, "pol2": -0.537528556117054, "pol3": 0.8447308383025272, "pol4": 0.10227346110282909, "v0s": 2.3222812304595006}, "datetime": {"datetime": "2022-05-17 10:26:27", "elapsed": 53002.585136, "delta": 10.342338}}
{"target": -1.0, "params": {"Bgrad": 1.6328723742100952, "d1": -0.26366471466153296, "d2": -0.35130358625931546, "d3": 0.8229150997075303, "d4": 0.4984063948611728, "p1": 37.662574258287094, "p2": 11.133297718581925, "p3": 6.9007481021609305, "p4": 11.04441681707029, "pol1": -0.5889802778126958, "pol2": 0.13592909162911582, "pol3": 0.3260876463354394, "pol4": 0.05483504080330448, "v0s": 2.338096350406847}, "datetime": {"datetime": "2022-05-17 10:26:37", "elapsed": 53012.528541, "delta": 9.943405}}
{"target": -1.0, "params": {"Bgrad": 1.0447438924296948, "d1": 0.8709096364322435, "d2": -0.21795369837956358, "d3": -1.521040881833939, "d4": -0.313495405590666, "p1": 13.255484698673136, "p2": 3.8738782001480954, "p3": 26.40335696278041, "p4": 14.488456292594638, "pol1": -0.03669620869167267, "pol2": 0.8039891890986466, "pol3": 0.30348073349744786, "pol4": 0.4466382712518939, "v0s": 2.6155191513628124}, "datetime": {"datetime": "2022-05-17 10:26:50", "elapsed": 53025.954632, "delta": 13.426091}}
{"target": -1.0, "params": {"Bgrad": 1.2194871286890614, "d1": -1.3826324384421702, "d2": -0.4125710289932605, "d3": -1.849059461780168, "d4": -1.4677411511297338, "p1": 49.05083959754935, "p2": 5.740528389263333, "p3": 9.995393153068793, "p4": 11.952308217288522, "pol1": 0.3933084008804608, "pol2": 0.42737618264100297, "pol3": 0.5695098731513384, "pol4": -0.23791125034429816, "v0s": 7.114419725945325}, "datetime": {"datetime": "2022-05-17 10:27:01", "elapsed": 53036.474495, "delta": 10.519863}}
{"target": -1.0, "params": {"Bgrad": 1.5460198093834838, "d1": -0.14696040969305413, "d2": 0.28795457726028273, "d3": -0.4843022466367497, "d4": -1.3110895086068055, "p1": 1.5399405582336656, "p2": 29.772783164450118, "p3": 28.18817847509128, "p4": 30.040401077455957, "pol1": -0.35429306264685656, "pol2": 0.10976395368938419, "pol3": -0.6566873914318265, "pol4": 0.29971885241898377, "v0s": 2.430040842145497}, "datetime": {"datetime": "2022-05-17 10:27:04", "elapsed": 53040.209505, "delta": 3.73501}}
{"target": -1.0, "params": {"Bgrad": 1.8126157006996166, "d1": -2.1354481994136023, "d2": -1.8246217176869894, "d3": 0.5389476745577384, "d4": 0.5343683601027416, "p1": 41.81336080757065, "p2": 16.346780845312352, "p3": 45.11723196022833, "p4": 38.59011478874431, "pol1": 0.3161659619715098, "pol2": 0.7996061476449363, "pol3": 0.5662629445256733, "pol4": -0.15050098163382342, "v0s": 3.945531344762533}, "datetime": {"datetime": "2022-05-17 10:27:16", "elapsed": 53052.118652, "delta": 11.909147}}
{"target": -1.0, "params": {"Bgrad": 1.0908172066552257, "d1": -2.7543513837673426, "d2": -1.5462764278952124, "d3": -1.587825256620242, "d4": 0.4624979502297091, "p1": 44.435002476513105, "p2": 48.1526043431204, "p3": 16.409962380731713, "p4": 34.66600778954822, "pol1": 0.26613253579142815, "pol2": -0.5151125088201036, "pol3": 0.7399752526853569, "pol4": -0.5717961684607402, "v0s": 6.486284015904681}, "datetime": {"datetime": "2022-05-17 10:27:28", "elapsed": 53063.417432, "delta": 11.29878}}
{"target": -1.0, "params": {"Bgrad": 0.7169959032713434, "d1": -2.5727213750415534, "d2": -0.118711159505823, "d3": -0.8947275358211577, "d4": -1.2283366746549795, "p1": 38.909028387728526, "p2": 17.93716763991287, "p3": 42.66747992569533, "p4": 48.108624857841434, "pol1": 0.9582509871489799, "pol2": -0.4447439954394854, "pol3": -0.16998592723040984, "pol4": 0.45001976863471027, "v0s": 7.369195604077727}, "datetime": {"datetime": "2022-05-17 10:27:33", "elapsed": 53068.825967, "delta": 5.408535}}
{"target": -1.0, "params": {"Bgrad": 1.566966665156997, "d1": 0.03252913111620126, "d2": 0.5336146078710868, "d3": -1.5322070473995328, "d4": -0.8298202334113709, "p1": 26.738498779137288, "p2": 32.379129010214754, "p3": 44.759193986206384, "p4": 30.041373806306677, "pol1": 0.9398770754320076, "pol2": 0.46427110953049633, "pol3": -0.1694170168908351, "pol4": 0.16227692032817864, "v0s": 7.533924694502263}, "datetime": {"datetime": "2022-05-17 10:27:44", "elapsed": 53079.473488, "delta": 10.647521}}
{"target": -1.0, "params": {"Bgrad": 1.4277505758904598, "d1": -0.1602855863265522, "d2": -0.35483187162207974, "d3": -1.6554142444017494, "d4": -2.186660579509207, "p1": 20.390648130021017, "p2": 7.538490306586687, "p3": 41.31667738605077, "p4": 35.52303067504071, "pol1": -0.1978876211789682, "pol2": -0.6572346078233584, "pol3": 0.751598679772099, "pol4": 0.27812781207605464, "v0s": 7.979616919889279}, "datetime": {"datetime": "2022-05-17 10:27:54", "elapsed": 53090.190824, "delta": 10.717336}}
{"target": -1.0, "params": {"Bgrad": 0.6516468343966179, "d1": -2.0206065634709502, "d2": -2.665380263347753, "d3": -0.021032896961221237, "d4": -2.3616987621718306, "p1": 44.082976696750784, "p2": 24.573976326944873, "p3": 26.308463133425654, "p4": 2.126014439550211, "pol1": 0.22810727146325394, "pol2": -0.5447704218098655, "pol3": -0.5729918213059688, "pol4": 0.7906371378483832, "v0s": 7.32808009398195}, "datetime": {"datetime": "2022-05-17 10:28:00", "elapsed": 53096.213715, "delta": 6.022891}}
{"target": -1.0, "params": {"Bgrad": 0.5078977764894792, "d1": 0.32921583834440815, "d2": 0.6091953600782238, "d3": -0.9522093676301053, "d4": -0.3753047277944517, "p1": 38.389284196672364, "p2": 34.271998737628415, "p3": 22.95582098213396, "p4": 28.67261159913541, "pol1": 0.14811886346087788, "pol2": 0.6842610400485094, "pol3": -0.5191165847617123, "pol4": 0.5144529325314078, "v0s": 6.874022658310003}, "datetime": {"datetime": "2022-05-17 10:28:06", "elapsed": 53101.893523, "delta": 5.679808}}
{"target": -1.0, "params": {"Bgrad": 1.695548541717462, "d1": 0.23083127596793718, "d2": 0.3171200895462176, "d3": -1.3299369947910424, "d4": -0.5284530575978295, "p1": 37.762275807342924, "p2": 38.48827846708417, "p3": 47.93023114627679, "p4": 48.75376377960025, "pol1": 0.12946918381808148, "pol2": -0.06852186251618897, "pol3": 0.6710506533728431, "pol4": -0.560078152086686, "v0s": 6.598388536765364}, "datetime": {"datetime": "2022-05-17 10:28:16", "elapsed": 53111.911729, "delta": 10.018206}}
{"target": -1.0, "params": {"Bgrad": 0.7880173986901606, "d1": -0.6334897361877303, "d2": -0.5726741734977314, "d3": -1.2326247887912927, "d4": 0.45820261123199035, "p1": 27.17410930708848, "p2": 24.636485546228826, "p3": 20.906281783502862, "p4": 3.1112591693176093, "pol1": -0.2757010801462114, "pol2": -0.8143692836117222, "pol3": 0.13127699935210968, "pol4": 0.2810032631151813, "v0s": 6.606693575708959}, "datetime": {"datetime": "2022-05-17 10:28:24", "elapsed": 53119.73281, "delta": 7.821081}}
{"target": 3.386576765220954, "params": {"Bgrad": 1.4488028845162142, "d1": -2.2517569792981496, "d2": 0.0009758031164652792, "d3": -0.8045623982768544, "d4": -2.5913185626624404, "p1": 1.2413514593954011, "p2": 14.937309619167237, "p3": 34.50075146324625, "p4": 46.639417522206784, "pol1": 0.932994401360439, "pol2": 0.5290961786692934, "pol3": -0.413501628586211, "pol4": 0.24413825054593374, "v0s": 3.386576765220954}, "datetime": {"datetime": "2022-05-17 10:28:28", "elapsed": 53123.853789, "delta": 4.120979}}
{"target": -1.0, "params": {"Bgrad": 1.6260355574775076, "d1": -2.3365318820818883, "d2": 0.02588154209641047, "d3": 0.4743559957219259, "d4": -0.9219745856541719, "p1": 3.281741912925212, "p2": 22.444601037289786, "p3": 41.89143056899087, "p4": 8.987632671502698, "pol1": -0.9228818774744101, "pol2": 0.46538714895836475, "pol3": 0.12608144714679015, "pol4": -0.9158787471015346, "v0s": 7.909311584349809}, "datetime": {"datetime": "2022-05-17 10:28:39", "elapsed": 53134.626974, "delta": 10.773185}}
{"target": -1.0, "params": {"Bgrad": 1.3539985812255908, "d1": -0.6593733081493842, "d2": 0.15962656746577641, "d3": 0.610538682745235, "d4": -2.7569970546812237, "p1": 17.425660469440775, "p2": 10.004593153419632, "p3": 23.25757658274793, "p4": 4.573397098280746, "pol1": -0.8638284515205528, "pol2": -0.39822113373943235, "pol3": 0.8086905155437025, "pol4": 0.9510839557749924, "v0s": 6.582320190700368}, "datetime": {"datetime": "2022-05-17 10:28:49", "elapsed": 53145.211664, "delta": 10.58469}}
{"target": 4.231528739083417, "params": {"Bgrad": 0.5011113694408234, "d1": -0.05913778305506412, "d2": -2.912029960059901, "d3": -2.325737270979756, "d4": -2.957943966861879, "p1": 7.456349938363105, "p2": 34.37527625805115, "p3": 35.10084376706783, "p4": 18.553870331092842, "pol1": 0.46238164840072926, "pol2": 0.6946084108492772, "pol3": -0.7392849711168998, "pol4": -0.825185367676512, "v0s": 4.231528739083417}, "datetime": {"datetime": "2022-05-17 10:28:55", "elapsed": 53150.902442, "delta": 5.690778}}
{"target": 4.970044375056805, "params": {"Bgrad": 1.1058254563267609, "d1": -1.8943831205585187, "d2": 0.016672743777787158, "d3": -1.7128551977904314, "d4": 0.2005772476699983, "p1": 45.56541771368231, "p2": 25.65745037706079, "p3": 21.471101484032605, "p4": 4.579740108577263, "pol1": -0.45264539239006707, "pol2": 0.773295629091709, "pol3": -0.5081113174528942, "pol4": 0.24237877374174954, "v0s": 4.970044375056805}, "datetime": {"datetime": "2022-05-17 10:29:02", "elapsed": 53157.226528, "delta": 6.324086}}
{"target": -1.0, "params": {"Bgrad": 0.6415588039013216, "d1": 0.5974741255715044, "d2": -2.728916670167545, "d3": -0.2771906981336758, "d4": 0.8879925599375373, "p1": 35.4686895410372, "p2": 16.29543602291878, "p3": 3.672008318399933, "p4": 28.98685235236717, "pol1": 0.4670340365061867, "pol2": -0.2823079326929183, "pol3": 0.30750294502060616, "pol4": 0.1331828163969171, "v0s": 2.204638504389979}, "datetime": {"datetime": "2022-05-17 10:29:10", "elapsed": 53165.687898, "delta": 8.46137}}
{"target": -1.0, "params": {"Bgrad": 1.8810416795731497, "d1": -1.479976786190083, "d2": -1.4823922240124596, "d3": 0.3854235031906841, "d4": -1.062888392012744, "p1": 22.553439713165158, "p2": 31.992835767217343, "p3": 10.588564539441753, "p4": 26.41503463486272, "pol1": 0.3371370488314689, "pol2": 0.07755339996580979, "pol3": 0.4175222750161329, "pol4": 0.1970729839262757, "v0s": 7.048433202198549}, "datetime": {"datetime": "2022-05-17 10:29:20", "elapsed": 53176.07013, "delta": 10.382232}}
{"target": -1.0, "params": {"Bgrad": 1.8187561442021625, "d1": -2.608643187869165, "d2": -1.965624021911692, "d3": -2.7813753783227106, "d4": -2.0844325289246752, "p1": 36.04583535560552, "p2": 3.9272619746311244, "p3": 7.755975652501823, "p4": 38.53841637128818, "pol1": -0.11134964525444269, "pol2": -0.41975852461535745, "pol3": 0.2879693925459319, "pol4": 0.7738768090967529, "v0s": 2.2256326422546335}, "datetime": {"datetime": "2022-05-17 10:29:24", "elapsed": 53179.381273, "delta": 3.311143}}
{"target": -1.0, "params": {"Bgrad": 1.5396415167520694, "d1": -0.32579710390843797, "d2": 0.4720483943903222, "d3": -2.214511839905996, "d4": -0.1488294818641176, "p1": 5.195055412764366, "p2": 2.831317839700392, "p3": 34.03980171289345, "p4": 1.1317357066821465, "pol1": -0.9114018223957525, "pol2": -0.926093954453328, "pol3": -0.06917898253332755, "pol4": 0.5157388884893421, "v0s": 7.953195342139625}, "datetime": {"datetime": "2022-05-17 10:29:33", "elapsed": 53189.168097, "delta": 9.786824}}
{"target": -1.0, "params": {"Bgrad": 0.8399115448310934, "d1": 0.16952090108210927, "d2": 0.18098345671875826, "d3": 0.4889708373686732, "d4": -1.7429760388184476, "p1": 6.646252756860537, "p2": 39.835078999207155, "p3": 28.373166883395314, "p4": 20.73269634004355, "pol1": -0.8827166456280584, "pol2": -0.9868862492281314, "pol3": -0.36795307339083205, "pol4": -0.45708242933423726, "v0s": 4.854341763862217}, "datetime": {"datetime": "2022-05-17 10:29:44", "elapsed": 53199.378787, "delta": 10.21069}}
{"target": -1.0, "params": {"Bgrad": 1.8854177970532975, "d1": -1.3332620557573525, "d2": -1.8484645164823532, "d3": 0.3809861329862252, "d4": -1.7722005305179396, "p1": 45.77920112249926, "p2": 43.17059216421112, "p3": 31.940959408405327, "p4": 37.38375967868729, "pol1": -0.6853544089397365, "pol2": 0.20574854022291267, "pol3": -0.34592543226750827, "pol4": -0.022643892876146765, "v0s": 3.352312748587437}, "datetime": {"datetime": "2022-05-17 10:29:56", "elapsed": 53211.989059, "delta": 12.610272}}
{"target": -1.0, "params": {"Bgrad": 1.8529365165023346, "d1": -1.3538648912614932, "d2": -1.0930637872126088, "d3": -0.11438898826294075, "d4": -2.5112127483091804, "p1": 25.15325242755499, "p2": 40.65738316432142, "p3": 33.86709299602778, "p4": 16.08253630123173, "pol1": 0.4213307933323944, "pol2": 0.8688791973589629, "pol3": 0.7895524767026827, "pol4": 0.48446957635025334, "v0s": 3.596607013100975}, "datetime": {"datetime": "2022-05-17 10:30:07", "elapsed": 53222.433125, "delta": 10.444066}}
{"target": -1.0, "params": {"Bgrad": 1.0587311104054167, "d1": -0.7663283155058798, "d2": -1.4758044125743415, "d3": -1.177012551750058, "d4": 0.17410377647076958, "p1": 5.197006605505761, "p2": 48.64982891135864, "p3": 35.23095331055193, "p4": 43.23639341881627, "pol1": 0.5633601078857469, "pol2": -0.13563257298223808, "pol3": 0.8850222867664295, "pol4": -0.4938275657829363, "v0s": 2.277490539137314}, "datetime": {"datetime": "2022-05-17 10:30:15", "elapsed": 53230.872553, "delta": 8.439428}}
{"target": -1.0, "params": {"Bgrad": 0.6453173453972049, "d1": -2.1970535123116877, "d2": -0.8436778546102341, "d3": -2.1055897897362517, "d4": 0.3412832794056184, "p1": 0.46693436214028106, "p2": 37.2950464397337, "p3": 48.45039111210176, "p4": 13.359160554249627, "pol1": 0.24763101285682976, "pol2": 0.4295592698912103, "pol3": -0.34608516414073187, "pol4": -0.1337468561743247, "v0s": 6.406453076688729}, "datetime": {"datetime": "2022-05-17 10:30:22", "elapsed": 53237.384137, "delta": 6.511584}}
{"target": 3.989458744078842, "params": {"Bgrad": 0.6967252807820844, "d1": -2.4252561080047133, "d2": -1.4983747090057924, "d3": -2.0863637927534326, "d4": -1.7720544248800025, "p1": 7.503284244295244, "p2": 4.831802991949297, "p3": 45.79920155581695, "p4": 17.294670423584847, "pol1": 0.13193251347017987, "pol2": 0.0943975301447979, "pol3": -0.09928490369537801, "pol4": 0.49564116068488007, "v0s": 3.989458744078842}, "datetime": {"datetime": "2022-05-17 10:30:28", "elapsed": 53244.165998, "delta": 6.781861}}
{"target": -1.0, "params": {"Bgrad": 1.8387161852860134, "d1": -2.7278671107716503, "d2": -0.7004416290996764, "d3": -1.6437896921930384, "d4": -1.5443986204488245, "p1": 15.254894712380418, "p2": 30.17931497552671, "p3": 11.720396476692418, "p4": 14.715309984520964, "pol1": -0.4290108189100945, "pol2": -0.9864091093176652, "pol3": -0.25676298109217544, "pol4": -0.9022052976550772, "v0s": 7.246257275122437}, "datetime": {"datetime": "2022-05-17 10:30:39", "elapsed": 53254.983067, "delta": 10.817069}}
{"target": -1.0, "params": {"Bgrad": 1.5827339471051411, "d1": -0.6187715818906425, "d2": -0.024486660045590636, "d3": 0.6043763351660538, "d4": -0.22363774651818114, "p1": 29.537815856426384, "p2": 6.212962181272552, "p3": 20.229132576109386, "p4": 28.947562413045357, "pol1": 0.20568873163826518, "pol2": 0.9215556735677133, "pol3": -0.5889993578489496, "pol4": 0.3263026551260011, "v0s": 3.5385748439687026}, "datetime": {"datetime": "2022-05-17 10:30:49", "elapsed": 53264.967363, "delta": 9.984296}}
{"target": 2.285700700463834, "params": {"Bgrad": 1.1266418637656705, "d1": 0.8878018484381323, "d2": -1.6756902776357836, "d3": -1.5519073384978395, "d4": -1.241726206140227, "p1": 2.0333894944578326, "p2": 19.92851192522141, "p3": 30.949254978538438, "p4": 28.903999342511668, "pol1": 0.7468254555775535, "pol2": 0.2823731156303537, "pol3": 0.11391188935866192, "pol4": 0.28129431414420614, "v0s": 2.285700700463834}, "datetime": {"datetime": "2022-05-17 10:30:55", "elapsed": 53270.473635, "delta": 5.506272}}
{"target": 3.825530992640008, "params": {"Bgrad": 1.994182022837758, "d1": -2.393178329522133, "d2": -1.3262124530582953, "d3": -1.818994119425235, "d4": -0.6911324236174621, "p1": 27.97805117238076, "p2": 17.605716212988636, "p3": 48.681473199053, "p4": 37.563581953973355, "pol1": 0.779682725868452, "pol2": -0.0891796092774042, "pol3": 0.19881217726890998, "pol4": -0.17309344848844344, "v0s": 3.825530992640008}, "datetime": {"datetime": "2022-05-17 10:31:01", "elapsed": 53276.599251, "delta": 6.125616}}
{"target": -1.0, "params": {"Bgrad": 1.288205856126639, "d1": -2.2361307642880295, "d2": -2.1435931042581946, "d3": -0.9568503267483699, "d4": -2.9445917020139247, "p1": 22.274355433749065, "p2": 49.83503356767907, "p3": 41.134149057495314, "p4": 4.173027324344497, "pol1": 0.31178063403233414, "pol2": -0.5492141399384458, "pol3": -0.764088295475122, "pol4": -0.3026454744147744, "v0s": 6.063000907594944}, "datetime": {"datetime": "2022-05-17 10:31:11", "elapsed": 53286.273376, "delta": 9.674125}}
{"target": -1.0, "params": {"Bgrad": 1.3261468407843091, "d1": -2.824149345873698, "d2": 0.42701707738832484, "d3": -1.089619905559978, "d4": 0.42710489947359376, "p1": 9.382700577748903, "p2": 4.186663307520567, "p3": 25.798483102074993, "p4": 22.7272331498311, "pol1": -0.9722112020203051, "pol2": -0.9212908206184673, "pol3": -0.8127343285372839, "pol4": -0.9186450401554631, "v0s": 3.0544344040649714}, "datetime": {"datetime": "2022-05-17 10:31:23", "elapsed": 53298.83478, "delta": 12.561404}}
{"target": -1.0, "params": {"Bgrad": 0.5, "d1": -0.4762053516175612, "d2": -0.7119149237354355, "d3": -3.0, "d4": -3.0, "p1": 21.453498407184316, "p2": 5.167888592423662, "p3": 46.2746761684571, "p4": 38.770036051796225, "pol1": -0.8467422190666939, "pol2": 1.0, "pol3": -1.0, "pol4": 0.04082229092395399, "v0s": 3.0390221911399635}, "datetime": {"datetime": "2022-05-17 10:31:41", "elapsed": 53316.457645, "delta": 17.622865}}
{"target": -1.0, "params": {"Bgrad": 0.6845589958639278, "d1": -2.364311341292948, "d2": -0.5734421481192946, "d3": -2.4070967472400953, "d4": -1.4496726918723253, "p1": 5.009585065679456, "p2": 30.00345607201777, "p3": 16.79328713642977, "p4": 13.720541994521234, "pol1": 0.5597397089112448, "pol2": 0.8407436068354677, "pol3": -0.866666299227075, "pol4": 0.568887824108399, "v0s": 4.6741884561167355}, "datetime": {"datetime": "2022-05-17 10:32:05", "elapsed": 53340.887305, "delta": 24.42966}}
{"target": 4.298110637432348, "params": {"Bgrad": 0.8665547114859645, "d1": -0.23449510313186833, "d2": 1.0, "d3": -1.0836830988488484, "d4": -3.0, "p1": 6.313288619205575, "p2": 24.944907016089733, "p3": 0.5993808605317652, "p4": 31.008014707815843, "pol1": -0.11541236510260176, "pol2": -0.7631897922732773, "pol3": -1.0, "pol4": -0.629216733806632, "v0s": 4.298110637432348}, "datetime": {"datetime": "2022-05-17 10:32:23", "elapsed": 53359.121535, "delta": 18.23423}}
{"target": 3.7831125951096207, "params": {"Bgrad": 0.5984327004180885, "d1": -1.802777474499532, "d2": 1.0, "d3": -1.1373368507785462, "d4": -2.521225907405063, "p1": 44.23401970466586, "p2": 26.65780796574236, "p3": 22.601036180151976, "p4": 30.401931535164664, "pol1": 0.41118209221391916, "pol2": 1.0, "pol3": 1.0, "pol4": -0.8693234136736556, "v0s": 3.7831125951096207}, "datetime": {"datetime": "2022-05-17 10:32:56", "elapsed": 53391.708377, "delta": 32.586842}}
{"target": 4.960360782888246, "params": {"Bgrad": 1.198883841395225, "d1": -1.6334585814876963, "d2": 0.1014191756639143, "d3": -2.5244528013019525, "d4": -1.8004691562625332, "p1": 4.839488556226859, "p2": 38.919571161008655, "p3": 33.195754828849836, "p4": 41.70388409726695, "pol1": -0.8838989558630563, "pol2": 1.0, "pol3": -0.2953263967440573, "pol4": -0.7025007084360033, "v0s": 4.960360782888246}, "datetime": {"datetime": "2022-05-17 10:33:21", "elapsed": 53416.662634, "delta": 24.954257}}
{"target": 4.368122257249688, "params": {"Bgrad": 1.1677167728188231, "d1": -1.7119281364137813, "d2": 0.5418646767495335, "d3": -1.9785836839105817, "d4": -1.19916513528684, "p1": 29.293702620897808, "p2": 40.17131830506401, "p3": 28.022208777830855, "p4": 21.05218754601228, "pol1": -0.9501522594695871, "pol2": 0.37696114382586426, "pol3": 0.9774998583290723, "pol4": -1.0, "v0s": 4.368122257249688}, "datetime": {"datetime": "2022-05-17 10:33:41", "elapsed": 53436.358954, "delta": 19.69632}}
{"target": -1.0, "params": {"Bgrad": 1.0032795768232268, "d1": -2.1060770211548467, "d2": -0.38373021727169476, "d3": -0.27553907582981596, "d4": 0.6405667463883367, "p1": 33.22766864533617, "p2": 8.946218296414738, "p3": 39.205456697576494, "p4": 37.08548756461782, "pol1": 0.379141842277799, "pol2": 0.33725216264198243, "pol3": 0.23275736748647136, "pol4": -0.87684116093972, "v0s": 4.001631300047095}, "datetime": {"datetime": "2022-05-17 10:34:18", "elapsed": 53473.777872, "delta": 37.418918}}
{"target": -1.0, "params": {"Bgrad": 0.7730460556420058, "d1": -1.8331098978017277, "d2": -0.18568566817480286, "d3": -1.880783681548538, "d4": -1.3328818405490712, "p1": 29.54359662339439, "p2": 40.457709979477904, "p3": 27.9934781297354, "p4": 19.526118138277337, "pol1": -0.523077405288855, "pol2": 0.6458502450259662, "pol3": 0.2653243851836312, "pol4": -1.0, "v0s": 4.953671047744495}, "datetime": {"datetime": "2022-05-17 10:34:43", "elapsed": 53498.347158, "delta": 24.569286}}
