{"target": 4.605836966348954, "params": {"Bgrad": 1.5181292678815799, "d1": -2.3875689732313674, "d2": 1.0, "d3": -1.7587116078303882, "d4": -1.4086108322116198, "p1": 30.6554684753807, "p2": 11.996250750410857, "p3": 32.81189641738506, "p4": 25.827395274019185, "pol1": 0.2508432578025854, "pol2": -0.11017033231025489, "pol3": 0.21470833900802563, "pol4": 0.4447063223456219, "v0s": 4.605836966348954}, "datetime": {"datetime": "2022-05-17 01:07:01", "elapsed": 19437.140555, "delta": 15.434718}}
{"target": 4.9705779044700735, "params": {"Bgrad": 1.145376251223584, "d1": -2.2767710212110646, "d2": -0.5294807436361344, "d3": -0.9426137487174757, "d4": 0.8795855075804866, "p1": 26.099532315976106, "p2": 10.403317914560994, "p3": 10.220013896498815, "p4": 25.458563647570443, "pol1": 0.4081756302173505, "pol2": 0.2489799424634178, "pol3": -0.3648385572690189, "pol4": 0.9319005891224215, "v0s": 4.9705779044700735}, "datetime": {"datetime": "2022-05-17 01:07:18", "elapsed": 19453.299336, "delta": 16.158781}}
{"target": 4.795778422572898, "params": {"Bgrad": 0.9078381657221708, "d1": -2.764600439810932, "d2": -0.19537204727317636, "d3": -2.662265946726764, "d4": -1.9541170067223272, "p1": 32.25546777217382, "p2": 5.995653417775548, "p3": 38.284685285227, "p4": 27.304320242839697, "pol1": -0.3542836637469009, "pol2": -0.44592559589001346, "pol3": -0.212019975203807, "pol4": 0.3487084628611603, "v0s": 4.795778422572898}, "datetime": {"datetime": "2022-05-17 01:07:33", "elapsed": 19468.3431, "delta": 15.043764}}
{"target": -1.0, "params": {"Bgrad": 1.2333404619688855, "d1": -2.5458023125680977, "d2": 0.1927921033920752, "d3": -1.980299775036682, "d4": 0.7541638210271286, "p1": 18.34095303170553, "p2": 32.576679405303565, "p3": 49.47360844941176, "p4": 32.6316387908141, "pol1": 0.5865883098237836, "pol2": 0.10070087977718001, "pol3": -0.7121193650313136, "pol4": -0.7585989803232758, "v0s": 3.863240963452192}, "datetime": {"datetime": "2022-05-17 01:07:53", "elapsed": 19488.343606, "delta": 20.000506}}
{"target": 4.219721550826646, "params": {"Bgrad": 1.7009801840288037, "d1": -2.0918268735362915, "d2": 0.8463927432298081, "d3": -1.7188067985364601, "d4": -1.668055163054207, "p1": 3.3701396395421654, "p2": 34.15378870179984, "p3": 28.877737777068283, "p4": 37.24425621979333, "pol1": 0.34222599897454226, "pol2": -0.6517812772689304, "pol3": -0.49533195278089387, "pol4": -0.5956570200451816, "v0s": 4.219721550826646}, "datetime": {"datetime": "2022-05-17 01:08:10", "elapsed": 19505.535624, "delta": 17.192018}}
{"target": 6.232835040659979, "params": {"Bgrad": 1.64234044297145, "d1": -2.461960788664842, "d2": -0.01943212291835006, "d3": -0.5718820663722641, "d4": -0.922807487676763, "p1": 10.624466237512213, "p2": 26.97254788552245, "p3": 41.55698502487787, "p4": 27.943960907452126, "pol1": 0.1917816786090068, "pol2": 1.0, "pol3": -0.26859532047614654, "pol4": -0.48905111946650465, "v0s": 6.232835040659979}, "datetime": {"datetime": "2022-05-17 01:08:27", "elapsed": 19522.418469, "delta": 16.882845}}
{"target": -1.0, "params": {"Bgrad": 0.5191575109172777, "d1": -1.5752294386920869, "d2": -0.8376778617655609, "d3": -2.348019781367591, "d4": -2.777739172612747, "p1": 0.51611464458588, "p2": 33.05595824662469, "p3": 30.08399793024295, "p4": 34.96312444809679, "pol1": 0.6240117855799647, "pol2": -0.8847456195992067, "pol3": -0.5416844311288638, "pol4": 0.7438673328525751, "v0s": 5.574813750268073}, "datetime": {"datetime": "2022-05-17 01:08:41", "elapsed": 19536.368159, "delta": 13.94969}}
{"target": 3.9578642117188902, "params": {"Bgrad": 1.52651896112754, "d1": -2.1852349337883754, "d2": -1.419186025885943, "d3": -0.19453657445277006, "d4": -1.892301164224215, "p1": 33.22083325085996, "p2": 6.413464909151284, "p3": 37.08684919148695, "p4": 32.33152680705057, "pol1": 0.912138683116871, "pol2": 0.45877054023943264, "pol3": 0.5207675371451306, "pol4": -0.4665259917477578, "v0s": 3.9578642117188902}, "datetime": {"datetime": "2022-05-17 01:08:55", "elapsed": 19550.54524, "delta": 14.177081}}
{"target": 4.5607062326575445, "params": {"Bgrad": 1.190308814928009, "d1": -1.5616277033452228, "d2": 0.9919598764386895, "d3": -1.8556565470479307, "d4": -2.5711892587985377, "p1": 4.6885882446184075, "p2": 34.82392820729624, "p3": 33.44494003806597, "p4": 39.095042876680616, "pol1": -0.14454364860927357, "pol2": -0.5944555713840683, "pol3": -0.3520704762287089, "pol4": 0.22788194481689597, "v0s": 4.5607062326575445}, "datetime": {"datetime": "2022-05-17 01:09:10", "elapsed": 19566.024838, "delta": 15.479598}}
{"target": 4.6206699781461325, "params": {"Bgrad": 1.540729593192797, "d1": -2.5907293077436537, "d2": -0.4900342835025154, "d3": -1.4616555541590333, "d4": -2.4826414675736332, "p1": 32.60394113312814, "p2": 6.529148653914223, "p3": 37.09099315805686, "p4": 30.10611877519022, "pol1": 0.5824531433645055, "pol2": 0.08885818369321247, "pol3": -0.2051078379066282, "pol4": -0.2989575463554684, "v0s": 4.6206699781461325}, "datetime": {"datetime": "2022-05-17 01:09:25", "elapsed": 19580.350522, "delta": 14.325684}}
{"target": 3.96520329984572, "params": {"Bgrad": 0.5996745409119735, "d1": -0.9884196970888341, "d2": 0.5750033210640324, "d3": -2.7662000982442465, "d4": -0.9409074324769713, "p1": 5.781676046550182, "p2": 29.983400692266436, "p3": 31.649854309503393, "p4": 42.224940241196734, "pol1": -0.15479947196303545, "pol2": -0.7593751610207435, "pol3": -0.8524483863140462, "pol4": -0.32228265000279954, "v0s": 3.96520329984572}, "datetime": {"datetime": "2022-05-17 01:09:40", "elapsed": 19595.751331, "delta": 15.400809}}
{"target": 4.7879428448799315, "params": {"Bgrad": 0.9197294845199552, "d1": -2.283222873800375, "d2": 0.5810965414867153, "d3": -0.959104996710099, "d4": 0.1879213432326868, "p1": 27.267629666125718, "p2": 9.965364220263178, "p3": 10.283968578783234, "p4": 25.407143296681426, "pol1": 0.3850185631907394, "pol2": -0.4579126153151627, "pol3": 0.22001497472412695, "pol4": -0.06978678931438904, "v0s": 4.7879428448799315}, "datetime": {"datetime": "2022-05-17 01:09:58", "elapsed": 19613.504847, "delta": 17.753516}}
{"target": 4.894579116477112, "params": {"Bgrad": 1.5710045978978595, "d1": -1.9769734537454924, "d2": 0.17612711885647148, "d3": -2.4710840191792705, "d4": -2.114597673217755, "p1": 35.45151048926015, "p2": 5.234666707278262, "p3": 36.2442265078585, "p4": 28.34849498914037, "pol1": 0.5358061696812084, "pol2": -0.09060468064082605, "pol3": 0.6279097535356899, "pol4": -0.13984657091299613, "v0s": 4.894579116477112}, "datetime": {"datetime": "2022-05-17 01:10:12", "elapsed": 19627.446558, "delta": 13.941711}}
{"target": 4.286027537970038, "params": {"Bgrad": 1.0147576399887583, "d1": -2.7846163995920348, "d2": 0.17761026057009602, "d3": -1.9236013925195172, "d4": -1.404819716269794, "p1": 9.848714753823844, "p2": 26.310348185271586, "p3": 41.962208913895225, "p4": 25.057972105337036, "pol1": 0.3901436055886285, "pol2": 0.7539071650935928, "pol3": -0.8172230769701602, "pol4": 0.6580795930066984, "v0s": 4.286027537970038}, "datetime": {"datetime": "2022-05-17 01:10:27", "elapsed": 19642.276892, "delta": 14.830334}}
{"target": -1.0, "params": {"Bgrad": 0.8703937819335288, "d1": -1.2158532103913515, "d2": 0.8123255700826819, "d3": -1.4299481779473582, "d4": -2.080074237985806, "p1": 2.5893877675597974, "p2": 32.410189271135984, "p3": 30.127733685839754, "p4": 36.75544863342241, "pol1": -0.487716940679509, "pol2": -0.711560531062077, "pol3": 0.07169334083754442, "pol4": -0.9439371738929845, "v0s": 6.787046740089002}, "datetime": {"datetime": "2022-05-17 01:10:50", "elapsed": 19665.307294, "delta": 23.030402}}
{"target": 4.8178601337811, "params": {"Bgrad": 1.2676190607685882, "d1": -2.5573445026858344, "d2": -0.14664429358864625, "d3": -2.2105876897476535, "d4": -2.2580218743229112, "p1": 33.416592753099295, "p2": 5.7354142121546685, "p3": 36.86572774083177, "p4": 28.44280343724774, "pol1": 0.25732843514500475, "pol2": 0.10542298565226607, "pol3": -0.045629590240648284, "pol4": 0.04327453718891068, "v0s": 4.8178601337811}, "datetime": {"datetime": "2022-05-17 01:11:03", "elapsed": 19679.183182, "delta": 13.875888}}
{"target": 5.0337081115206574, "params": {"Bgrad": 2.0, "d1": -3.0, "d2": 0.7361389715998268, "d3": -1.3730186327305456, "d4": -0.2983693626209678, "p1": 36.102186144372226, "p2": 8.356222635547471, "p3": 8.233546076592006, "p4": 31.263247930569964, "pol1": 0.3802081911687817, "pol2": -0.0135768436395884, "pol3": -0.5702700701060928, "pol4": 1.0, "v0s": 5.0337081115206574}, "datetime": {"datetime": "2022-05-17 01:11:16", "elapsed": 19691.535145, "delta": 12.351963}}
{"target": -1.0, "params": {"Bgrad": 1.8208843585746104, "d1": -2.8915078901007703, "d2": -0.5017384968248493, "d3": -1.0443936655666253, "d4": 0.9628025818264456, "p1": 25.775123100164205, "p2": 10.655032041141826, "p3": 9.430828920838152, "p4": 27.035703982505684, "pol1": 0.3934800440587751, "pol2": -0.6204782496110135, "pol3": -0.7783914288594835, "pol4": 0.9289251704822328, "v0s": 6.097332910769061}, "datetime": {"datetime": "2022-05-17 01:11:33", "elapsed": 19708.82191, "delta": 17.286765}}
{"target": -1.0, "params": {"Bgrad": 1.6465306398996136, "d1": -1.508393368515863, "d2": -0.2914568623715672, "d3": -0.9308825158729808, "d4": -0.43508374311724696, "p1": 3.274410627055002, "p2": 38.23276714113394, "p3": 38.928099182135476, "p4": 31.839502969001582, "pol1": -0.3255599702500127, "pol2": -0.85855827477274, "pol3": 0.24061508112768037, "pol4": 0.8050228877477343, "v0s": 5.203944509604497}, "datetime": {"datetime": "2022-05-17 01:11:52", "elapsed": 19727.394235, "delta": 18.572325}}
{"target": 5.611921595925738, "params": {"Bgrad": 1.8006997924294237, "d1": -2.2454081957645653, "d2": 0.0949197444439096, "d3": -0.45001233941732677, "d4": -1.6366532132049825, "p1": 31.949358998084154, "p2": 4.238552729744255, "p3": 35.851081572015964, "p4": 31.874798364102773, "pol1": -0.03676841092506433, "pol2": 0.6773843895375666, "pol3": 0.6622120812074772, "pol4": 0.25108499890479696, "v0s": 5.611921595925738}, "datetime": {"datetime": "2022-05-17 01:12:12", "elapsed": 19747.528384, "delta": 20.134149}}
{"target": 4.117523746847096, "params": {"Bgrad": 1.248402833068425, "d1": -2.4172236289418003, "d2": 0.8114969886133915, "d3": -2.7345687951623163, "d4": -1.2193472058119639, "p1": 10.402678245252913, "p2": 25.358307887254938, "p3": 43.16482094368094, "p4": 24.618734156716105, "pol1": -0.1987048187254341, "pol2": -0.08329380222305187, "pol3": -0.39777044980972426, "pol4": 1.0, "v0s": 4.117523746847096}, "datetime": {"datetime": "2022-05-17 01:12:26", "elapsed": 19761.610719, "delta": 14.082335}}
{"target": 5.465132153051198, "params": {"Bgrad": 1.7226613524684644, "d1": -1.895633700955873, "d2": -0.035628681571697296, "d3": -0.4387246974100605, "d4": -1.08330395015013, "p1": 27.888794558817327, "p2": 10.702409884464991, "p3": 12.786665729146208, "p4": 28.359513024195216, "pol1": -0.6841278132583459, "pol2": -0.19504617702452642, "pol3": 0.5748283371760701, "pol4": 0.2346593535729875, "v0s": 5.465132153051198}, "datetime": {"datetime": "2022-05-17 01:12:41", "elapsed": 19777.151155, "delta": 15.540436}}
{"target": 4.5028571851079, "params": {"Bgrad": 1.6331967963709788, "d1": -2.0912614988388754, "d2": -0.016209222652640312, "d3": -1.0347642864404067, "d4": -1.3398115739935945, "p1": 28.32571745391707, "p2": 10.038627736515995, "p3": 12.424450014019346, "p4": 27.25350937932522, "pol1": -0.42000117375204593, "pol2": -0.2346732982523655, "pol3": 0.28602144585910655, "pol4": 0.16848854870719265, "v0s": 4.5028571851079}, "datetime": {"datetime": "2022-05-17 01:13:01", "elapsed": 19796.893351, "delta": 19.742196}}
{"target": -1.0, "params": {"Bgrad": 1.7652624639188543, "d1": -1.898500040402964, "d2": -0.3207386120437077, "d3": -1.3539219805371854, "d4": -1.7964575593470236, "p1": 6.465844795888937, "p2": 32.30704305259388, "p3": 29.462403152142038, "p4": 37.61724581633932, "pol1": 0.09062064138976189, "pol2": -0.35407984099743417, "pol3": 0.9545285619488586, "pol4": -0.4656436366399488, "v0s": 5.468439033792789}, "datetime": {"datetime": "2022-05-17 01:13:24", "elapsed": 19819.58466, "delta": 22.691309}}
{"target": 4.050713760730716, "params": {"Bgrad": 1.4411637065996419, "d1": -2.3662424257118033, "d2": 0.7900347887175463, "d3": -2.527475240149692, "d4": -2.0505800460479975, "p1": 10.155050022894352, "p2": 26.22043203784241, "p3": 41.04621325111755, "p4": 22.297504615813757, "pol1": -0.12080711032435132, "pol2": -0.9894335949701989, "pol3": -0.8939111697573927, "pol4": -0.8781864632564818, "v0s": 4.050713760730716}, "datetime": {"datetime": "2022-05-17 01:13:42", "elapsed": 19837.391035, "delta": 17.806375}}
{"target": -1.0, "params": {"Bgrad": 1.7512837992733832, "d1": -1.1670590102950336, "d2": -3.0, "d3": -1.812661375632601, "d4": -3.0, "p1": 24.207299815967133, "p2": 32.863542627145364, "p3": 43.70714209381878, "p4": 45.71027845946558, "pol1": 0.14631539904731283, "pol2": 1.0, "pol3": -0.7638999885116817, "pol4": 0.7563001999309206, "v0s": 5.193622824916831}, "datetime": {"datetime": "2022-05-17 01:14:03", "elapsed": 19859.116926, "delta": 21.725891}}
{"target": 3.108457146153619, "params": {"Bgrad": 0.7703764674675802, "d1": -0.045763425385034306, "d2": -1.024871017096637, "d3": -1.958406832244254, "d4": -0.8244834691060952, "p1": 35.27677386349804, "p2": 7.901572597884226, "p3": 35.40300997161416, "p4": 29.153504000329544, "pol1": -0.2522503936357423, "pol2": -0.631488336664553, "pol3": 0.8874428691141327, "pol4": 0.6525633026385538, "v0s": 3.108457146153619}, "datetime": {"datetime": "2022-05-17 01:14:20", "elapsed": 19875.378433, "delta": 16.261507}}
{"target": -1.0, "params": {"Bgrad": 1.5567884677278292, "d1": -2.7527286837270957, "d2": 0.25946687518472045, "d3": -2.500592774131158, "d4": -0.14805542834630936, "p1": 1.1081746716791074, "p2": 30.277147397514415, "p3": 29.494604750136567, "p4": 38.645359420888916, "pol1": 0.18948515421246181, "pol2": 0.6236136699024561, "pol3": 0.947567479741015, "pol4": -0.3090620063628413, "v0s": 6.541572573100936}, "datetime": {"datetime": "2022-05-17 01:14:42", "elapsed": 19897.271876, "delta": 21.893443}}
{"target": 5.28842426174801, "params": {"Bgrad": 1.3544554109646831, "d1": -2.0533237126807204, "d2": 0.5426005504690801, "d3": -0.44613327334856134, "d4": -0.37918713525866965, "p1": 27.34760077860037, "p2": 10.597027135586854, "p3": 11.976717383774798, "p4": 27.240090825862044, "pol1": -0.25299732312870943, "pol2": 0.04153400046545087, "pol3": 0.9163870466382127, "pol4": 0.04488221618936797, "v0s": 5.28842426174801}, "datetime": {"datetime": "2022-05-17 01:15:08", "elapsed": 19923.925588, "delta": 26.653712}}
{"target": 5.224597214134771, "params": {"Bgrad": 0.9286443581300077, "d1": -2.9756537104446665, "d2": -0.4221721009401578, "d3": -1.8515933911784401, "d4": 0.2719145260168494, "p1": 33.29934686758662, "p2": 7.506760110542715, "p3": 37.101413188578604, "p4": 29.44705037229063, "pol1": 0.25267112054710106, "pol2": 0.5771369305140532, "pol3": 0.47514202047522214, "pol4": 0.5749550283830354, "v0s": 5.224597214134771}, "datetime": {"datetime": "2022-05-17 01:15:23", "elapsed": 19938.309117, "delta": 14.383529}}
{"target": 5.365441093630103, "params": {"Bgrad": 1.8719708652179878, "d1": -3.0, "d2": 1.0, "d3": -1.9720241710083146, "d4": -0.20553449903379176, "p1": 30.56335331155786, "p2": 12.480618636990469, "p3": 32.30080734880829, "p4": 25.236482208010234, "pol1": 0.9233353880636941, "pol2": 0.22617293093494947, "pol3": -0.2955344784752527, "pol4": 0.6201020455259303, "v0s": 5.365441093630103}, "datetime": {"datetime": "2022-05-17 01:15:38", "elapsed": 19953.467575, "delta": 15.158458}}
{"target": -1.0, "params": {"Bgrad": 0.9638299743950273, "d1": -1.683194994631179, "d2": -0.29742615372757175, "d3": -2.3025974208451907, "d4": -1.8154041427222651, "p1": 26.44488244338804, "p2": 12.648968995516663, "p3": 11.44957371881501, "p4": 29.31125179765409, "pol1": -0.44791775580438853, "pol2": -0.38198684691850215, "pol3": 0.8259169562799842, "pol4": 0.6213641844196343, "v0s": 6.125839722386615}, "datetime": {"datetime": "2022-05-17 01:15:57", "elapsed": 19972.960438, "delta": 19.492863}}
{"target": -1.0, "params": {"Bgrad": 0.9903664359009483, "d1": -2.219314867771387, "d2": -0.41952212372164865, "d3": -2.3475373497598873, "d4": -1.574246367716316, "p1": 7.37840569171021, "p2": 28.52643309447566, "p3": 30.953692635589654, "p4": 40.948143218280755, "pol1": 0.7957743783028339, "pol2": -0.14058276002138026, "pol3": 0.7110121149405797, "pol4": 0.8022471332199557, "v0s": 6.418159212962625}, "datetime": {"datetime": "2022-05-17 01:16:17", "elapsed": 19993.102565, "delta": 20.142127}}
{"target": 5.189988863135619, "params": {"Bgrad": 1.5215743158468236, "d1": -2.3800841405454203, "d2": -0.18128077462750952, "d3": -1.0296215539321651, "d4": -1.5943466335334595, "p1": 33.0433646958985, "p2": 5.321230363587279, "p3": 36.22811099340408, "p4": 30.85584057942974, "pol1": 0.3028119935008113, "pol2": 0.5138029306963355, "pol3": 0.2972644779866689, "pol4": 0.07235700391486907, "v0s": 5.189988863135619}, "datetime": {"datetime": "2022-05-17 01:16:34", "elapsed": 20010.074172, "delta": 16.971607}}
{"target": 4.920256869447941, "params": {"Bgrad": 1.3975804027589371, "d1": -2.339553644237068, "d2": 0.4384993880330117, "d3": -0.040615543866687885, "d4": -0.4262844308427048, "p1": 27.707433447952283, "p2": 10.020296126283698, "p3": 13.210865259753085, "p4": 27.839776016465585, "pol1": 0.07846215926083974, "pol2": 0.20324702160919145, "pol3": 0.2677458393796031, "pol4": 0.19232678941889023, "v0s": 4.920256869447941}, "datetime": {"datetime": "2022-05-17 01:16:51", "elapsed": 20026.440399, "delta": 16.366227}}
{"target": 4.109197948924055, "params": {"Bgrad": 1.5831373401336768, "d1": -3.0, "d2": -3.0, "d3": -2.3213824380603563, "d4": -0.6111521913592132, "p1": 20.40044702903357, "p2": 17.94646082778684, "p3": 27.073117487627037, "p4": 47.446751515009, "pol1": 0.6594303164439393, "pol2": 0.47017823700914313, "pol3": -0.055561377639578365, "pol4": -0.06641925038955754, "v0s": 4.109197948924055}, "datetime": {"datetime": "2022-05-17 01:17:05", "elapsed": 20040.678318, "delta": 14.237919}}
{"target": -1.0, "params": {"Bgrad": 0.7885717624917289, "d1": -3.0, "d2": -0.5540590800734309, "d3": -1.3919457573280394, "d4": -1.4352472761694197, "p1": 27.835654236708287, "p2": 12.915984394769277, "p3": 36.263625566536874, "p4": 23.671362544811057, "pol1": -0.2372923424414409, "pol2": 1.0, "pol3": 0.945421995864714, "pol4": 0.5970276393986876, "v0s": 5.082144286990082}, "datetime": {"datetime": "2022-05-17 01:17:20", "elapsed": 20056.197809, "delta": 15.519491}}
{"target": -1.0, "params": {"Bgrad": 1.1877125103227006, "d1": -1.7916808969476077, "d2": -1.9343823353750036, "d3": -0.3712713779070369, "d4": -2.668994098275199, "p1": 32.54424544162224, "p2": 5.049643302867979, "p3": 35.04432454769268, "p4": 30.124041985046233, "pol1": -0.036441793850297666, "pol2": -0.9600070799783693, "pol3": 0.0757305658794043, "pol4": 0.461076080453211, "v0s": 4.689603697084164}, "datetime": {"datetime": "2022-05-17 01:17:39", "elapsed": 20075.023458, "delta": 18.825649}}
{"target": 4.09986293793032, "params": {"Bgrad": 0.7827464526848795, "d1": -2.0285662645041147, "d2": -0.20773055052397327, "d3": -1.930938744977074, "d4": -1.7384127626784465, "p1": 30.992403438711968, "p2": 10.292634727409133, "p3": 15.400566594088872, "p4": 26.870854079315848, "pol1": 0.3209634670570416, "pol2": 0.04071576752706085, "pol3": -0.020990962363089505, "pol4": -0.22216412833979993, "v0s": 4.09986293793032}, "datetime": {"datetime": "2022-05-17 01:17:50", "elapsed": 20085.750766, "delta": 10.727308}}
{"target": -1.0, "params": {"Bgrad": 2.0, "d1": -2.0907166738734584, "d2": 0.6183955942522337, "d3": -0.08439040611798491, "d4": -2.6227131664669785, "p1": 44.66248822445441, "p2": 21.619436028920756, "p3": 24.523465186747227, "p4": 11.325718682465405, "pol1": -0.738874474718655, "pol2": -0.5902044446261617, "pol3": -0.04734667279918017, "pol4": -0.0774536169145146, "v0s": 5.229388190481479}, "datetime": {"datetime": "2022-05-17 01:18:11", "elapsed": 20106.559112, "delta": 20.808346}}
{"target": 4.755554826227296, "params": {"Bgrad": 2.0, "d1": -3.0, "d2": 1.0, "d3": -2.453288605699072, "d4": -1.134160694106309, "p1": 30.383437895936847, "p2": 12.28434352347777, "p3": 33.6332124465054, "p4": 25.3441645412722, "pol1": 1.0, "pol2": 0.26641034681910525, "pol3": -0.4962313908228099, "pol4": 0.9088046045723415, "v0s": 4.755554826227296}, "datetime": {"datetime": "2022-05-17 01:18:24", "elapsed": 20119.895442, "delta": 13.33633}}
{"target": 2.4839744370832237, "params": {"Bgrad": 0.621022554643921, "d1": -2.6259840789782865, "d2": -2.9850659770194947, "d3": -1.9027417218469038, "d4": -2.545227898431838, "p1": 5.808468561237367, "p2": 2.0545427090245427, "p3": 36.48471746796057, "p4": 19.497890175151905, "pol1": 0.5023647088221246, "pol2": 0.7574735128537669, "pol3": 0.4598355994016654, "pol4": 0.39767217282915346, "v0s": 2.4839744370832237}, "datetime": {"datetime": "2022-05-17 01:18:37", "elapsed": 20132.545607, "delta": 12.650165}}
{"target": -1.0, "params": {"Bgrad": 1.5519312480813108, "d1": -0.7858622574391521, "d2": 0.012100902943918523, "d3": -1.1963940651504243, "d4": -0.0727047012237323, "p1": 26.930213562675732, "p2": 12.374483140659642, "p3": 13.275316730174724, "p4": 27.214404864478087, "pol1": 0.7003830373457711, "pol2": 0.07216566162405158, "pol3": 0.17132191837357258, "pol4": -0.8719742242880073, "v0s": 4.876384548200495}, "datetime": {"datetime": "2022-05-17 01:18:54", "elapsed": 20149.234969, "delta": 16.689362}}
