{"target": 3.508661381627312, "params": {"Bgrad": 5.406307225743035, "d1": -0.20111858504259095, "d2": -2.291122392868068, "d3": -2.984162343189457, "d4": -2.5612189464359765, "p1": 9.48207903980937, "p2": 5.505416799211088, "p3": 46.28449409441485, "p4": 24.17139792992988, "pol1": -0.18767129510649405, "pol2": 0.5208463468005449, "pol3": 0.1937012354995229, "pol4": -0.37674226843911884, "v0s": 3.508661381627312}, "datetime": {"datetime": "2022-04-08 21:48:39", "elapsed": 17248.0593, "delta": 9.789826}}
{"target": -1.0, "params": {"Bgrad": 6.052248178795838, "d1": -2.119683075767105, "d2": -2.225477023764428, "d3": 0.4955928417756823, "d4": -2.08816127373427, "p1": 5.063654588062288, "p2": 6.926686500501717, "p3": 32.01274291522811, "p4": 29.508423797177656, "pol1": 0.7682410877088099, "pol2": -0.2438340287827041, "pol3": 0.2277763739151797, "pol4": 0.8319431638379493, "v0s": 3.7330875691301695}, "datetime": {"datetime": "2022-04-08 21:49:02", "elapsed": 17270.583078, "delta": 22.523778}}
{"target": -1.0, "params": {"Bgrad": 3.289395175361617, "d1": -0.7966966509793956, "d2": -1.0615077540516853, "d3": -0.5146966960210824, "d4": 0.05172204563319882, "p1": 5.196688856542897, "p2": 2.78850970429943, "p3": 34.842558728637066, "p4": 25.206157874207136, "pol1": -0.889034207245194, "pol2": 0.4301804257647548, "pol3": -0.004872417995058553, "pol4": -0.04600290391770723, "v0s": 3.3222131994704807}, "datetime": {"datetime": "2022-04-08 21:49:12", "elapsed": 17280.722968, "delta": 10.13989}}
{"target": 2.516470324925767, "params": {"Bgrad": 6.595508462018289, "d1": 0.025711154183831297, "d2": -0.565505537776585, "d3": -0.7400529399955018, "d4": -1.5757941698933262, "p1": 1.8369027209674427, "p2": 7.732504808358942, "p3": 32.56088782400863, "p4": 26.00205180799649, "pol1": -0.20089981539486024, "pol2": -0.6218048681835284, "pol3": -0.091276839471778, "pol4": 0.6726912069280087, "v0s": 2.516470324925767}, "datetime": {"datetime": "2022-04-08 21:49:20", "elapsed": 17288.347582, "delta": 7.624614}}
{"target": -1.0, "params": {"Bgrad": 3.916157074720312, "d1": 0.6133140159850838, "d2": 0.3061288986544617, "d3": -1.6861756977979137, "d4": -1.7740553710804883, "p1": 24.6246269468513, "p2": 33.38120833569752, "p3": 4.6156786163544075, "p4": 32.41004396201806, "pol1": -0.2744507690341218, "pol2": -0.23084863540131528, "pol3": 0.6364334979224802, "pol4": 0.0601058044267333, "v0s": 4.649845290200388}, "datetime": {"datetime": "2022-04-08 21:49:42", "elapsed": 17310.493371, "delta": 22.145789}}
{"target": -1.0, "params": {"Bgrad": 4.85809262549675, "d1": -0.8488995325444431, "d2": -1.2060847783242945, "d3": -2.6534265982536582, "d4": -0.46941873852910554, "p1": 4.677259987694782, "p2": 7.040473896347777, "p3": 31.789334685089592, "p4": 30.137142330901074, "pol1": 0.1367298252344984, "pol2": -0.8777558824056209, "pol3": -0.4627509634381106, "pol4": -0.43229074613957974, "v0s": 4.319476345151203}, "datetime": {"datetime": "2022-04-08 21:49:59", "elapsed": 17328.075364, "delta": 17.581993}}
{"target": 3.9995118455489056, "params": {"Bgrad": 6.54163138641158, "d1": -0.9812569337887571, "d2": -0.43804042913063546, "d3": -2.975819508717145, "d4": -2.2533031251503908, "p1": 5.767110466354946, "p2": 6.214899205635965, "p3": 36.60619875797116, "p4": 24.528783168270795, "pol1": -0.49673480999868835, "pol2": -0.05770327960127308, "pol3": 0.6542544993196391, "pol4": 0.7441445022633117, "v0s": 3.9995118455489056}, "datetime": {"datetime": "2022-04-08 21:50:12", "elapsed": 17340.776404, "delta": 12.70104}}
{"target": -1.0, "params": {"Bgrad": 6.194730080533989, "d1": -0.7871843182919829, "d2": 0.09337541285343054, "d3": -2.3287677737308456, "d4": -2.552336775953222, "p1": 8.408838686054882, "p2": 3.7093723998736894, "p3": 44.01413241624004, "p4": 22.33414057705222, "pol1": 0.5556149936049268, "pol2": -0.08520739986521741, "pol3": 0.34753351349931716, "pol4": 0.8727018443541472, "v0s": 2.8851921118074433}, "datetime": {"datetime": "2022-04-08 21:50:25", "elapsed": 17353.713814, "delta": 12.93741}}
{"target": -1.0, "params": {"Bgrad": 6.393989205489094, "d1": -1.3912074076151706, "d2": -1.2418489845571168, "d3": -1.9173011491983574, "d4": -2.6713474557449035, "p1": 4.760365701001073, "p2": 5.178992585339265, "p3": 38.302593119919536, "p4": 26.746110070372204, "pol1": 0.5374369151732847, "pol2": 0.06258729238436178, "pol3": -0.41427775295129754, "pol4": -0.0785557876650591, "v0s": 2.776715680333333}, "datetime": {"datetime": "2022-04-08 21:50:33", "elapsed": 17362.042546, "delta": 8.328732}}
{"target": 2.7977679348360818, "params": {"Bgrad": 11.211826553724489, "d1": -2.1122780258640637, "d2": 0.10412462208611828, "d3": -1.2728445712405705, "d4": -2.2232992284778343, "p1": 20.880689573214685, "p2": 32.264123403534036, "p3": 6.360200454378906, "p4": 35.317671946464976, "pol1": 0.22788475066162994, "pol2": 0.23915728296396876, "pol3": 0.3300183316383316, "pol4": -0.8734097836457606, "v0s": 2.7977679348360818}, "datetime": {"datetime": "2022-04-08 21:50:43", "elapsed": 17371.725656, "delta": 9.68311}}
{"target": 3.2034556606661995, "params": {"Bgrad": 2.600562132263241, "d1": -2.7627092085725944, "d2": -0.9057785689276043, "d3": -1.7183419832681355, "d4": -1.6674059998462818, "p1": 11.50319713050757, "p2": 9.765425112444342, "p3": 36.6206798643283, "p4": 27.54459952181075, "pol1": -0.5486667242039018, "pol2": -0.005398913869425259, "pol3": -0.22147283826241515, "pol4": 0.519923878025353, "v0s": 3.2034556606661995}, "datetime": {"datetime": "2022-04-08 21:50:50", "elapsed": 17378.311049, "delta": 6.585393}}
{"target": 4.334265526033602, "params": {"Bgrad": 7.608747968001786, "d1": -1.1420606556349497, "d2": -2.405408278402673, "d3": -2.4684873062428094, "d4": -0.8429709469512292, "p1": 12.102989648973555, "p2": 6.222965860088248, "p3": 47.93818815272582, "p4": 21.07374443097848, "pol1": 0.3746142827063339, "pol2": 0.43338580342624966, "pol3": -0.1765148678784283, "pol4": 0.5616356038312167, "v0s": 4.334265526033602}, "datetime": {"datetime": "2022-04-08 21:51:02", "elapsed": 17390.939285, "delta": 12.628236}}
{"target": -1.0, "params": {"Bgrad": 7.567277835357915, "d1": 0.8039360638437993, "d2": 0.859132371105761, "d3": -2.1311376992400795, "d4": -2.128332378313879, "p1": 5.8642716226363305, "p2": 8.460199432847993, "p3": 33.36467950332219, "p4": 29.37958248394529, "pol1": -0.6528522252131692, "pol2": 0.9000365994725521, "pol3": -0.023289298688830673, "pol4": 0.7021379488830561, "v0s": 4.461063594351423}, "datetime": {"datetime": "2022-04-08 21:52:39", "elapsed": 17487.797753, "delta": 96.858468}}
{"target": 2.269072007534529, "params": {"Bgrad": 10.13526718497834, "d1": -2.4713554322282474, "d2": -2.174183764442268, "d3": -2.6952447638707153, "d4": -0.9683132002188501, "p1": 13.077477591649355, "p2": 17.853080444139596, "p3": 5.403266434861842, "p4": 39.37759198262536, "pol1": -0.7868322464223978, "pol2": 0.9714176474263756, "pol3": -0.6456776711231653, "pol4": 0.14481022486929862, "v0s": 2.269072007534529}, "datetime": {"datetime": "2022-04-08 21:58:53", "elapsed": 17862.064999, "delta": 374.267246}}
{"target": 5.35342286696563, "params": {"Bgrad": 15.848767648288765, "d1": -2.241576208726814, "d2": -0.8883840863674934, "d3": -0.039689827363713626, "d4": -2.4002740603309762, "p1": 27.554358709348588, "p2": 10.83086041643897, "p3": 37.95980246585724, "p4": 36.14575967781069, "pol1": -0.646901931445834, "pol2": 0.7239331153341468, "pol3": -0.9604498009673115, "pol4": 0.7204739948462304, "v0s": 5.35342286696563}, "datetime": {"datetime": "2022-04-08 21:59:10", "elapsed": 17878.703512, "delta": 16.638513}}
{"target": -1.0, "params": {"Bgrad": 8.36279920606406, "d1": 0.03498772408934636, "d2": -0.13228399323012052, "d3": 0.9493046992337062, "d4": -1.887659805548069, "p1": 0.18968362046712928, "p2": 46.69513041574439, "p3": 42.89485522689469, "p4": 36.4425438759628, "pol1": 0.03337756584307683, "pol2": 0.413912490497522, "pol3": 0.5610591137534855, "pol4": -0.25024811292628124, "v0s": 6.621935151979746}, "datetime": {"datetime": "2022-04-08 21:59:20", "elapsed": 17888.749653, "delta": 10.046141}}
{"target": -1.0, "params": {"Bgrad": 15.13717422391592, "d1": -0.5471551538229611, "d2": -1.3925363041286505, "d3": -0.21076792294263624, "d4": -2.9875485686992316, "p1": 38.74483233622989, "p2": 44.820830122842345, "p3": 11.965785371875231, "p4": 6.038359215461487, "pol1": -0.5594320244125448, "pol2": -0.39580653741980343, "pol3": 0.7660570171276684, "pol4": 0.08633286047618904, "v0s": 3.7202698976385835}, "datetime": {"datetime": "2022-04-08 21:59:45", "elapsed": 17913.551341, "delta": 24.801688}}
{"target": -1.0, "params": {"Bgrad": 3.197916450962457, "d1": -1.8394221475818333, "d2": -0.5445156410349896, "d3": -1.7034458804102135, "d4": -1.1705592732360062, "p1": 22.20585535083072, "p2": 41.406768036575606, "p3": 21.31740771181153, "p4": 17.284941058775118, "pol1": 0.34994320961821046, "pol2": -0.5570358885329425, "pol3": -0.06550835214689243, "pol4": -0.3704686253519671, "v0s": 5.761133612977008}, "datetime": {"datetime": "2022-04-08 21:59:53", "elapsed": 17921.512056, "delta": 7.960715}}
{"target": -1.0, "params": {"Bgrad": 9.508459397958484, "d1": -1.546144330759788, "d2": -1.577828281100388, "d3": 0.31929460837190504, "d4": 0.4262017419465116, "p1": 9.912332784394618, "p2": 4.966253003089677, "p3": 45.9122204913309, "p4": 20.540833773022786, "pol1": -0.491745671578242, "pol2": 0.7052293252614803, "pol3": -0.6034141599289198, "pol4": 0.1759710934794263, "v0s": 6.166147615906583}, "datetime": {"datetime": "2022-04-08 22:00:02", "elapsed": 17931.120367, "delta": 9.608311}}
{"target": -1.0, "params": {"Bgrad": 5.171640841565451, "d1": -1.5425350854366213, "d2": -0.8512494186021353, "d3": -0.502304908511396, "d4": -0.3446212906246884, "p1": 1.6634339435598278, "p2": 4.00183477807513, "p3": 41.592236266706834, "p4": 24.528174550741927, "pol1": -0.5132050013090115, "pol2": 0.600377676294034, "pol3": 0.8183424938862953, "pol4": 0.40975625891393475, "v0s": 4.065912621509521}, "datetime": {"datetime": "2022-04-08 22:00:21", "elapsed": 17949.692711, "delta": 18.572344}}
{"target": -1.0, "params": {"Bgrad": 7.387438434265112, "d1": -2.839493157630468, "d2": 0.6953646631737831, "d3": -1.5724361664321171, "d4": 0.8909128079390305, "p1": 10.583067927191948, "p2": 6.648245925564117, "p3": 39.35697725252901, "p4": 26.228425957075242, "pol1": 0.18623896500649018, "pol2": -0.7143806160662274, "pol3": -0.5561654368088702, "pol4": 0.8724147135190328, "v0s": 4.169008246022912}, "datetime": {"datetime": "2022-04-08 22:00:32", "elapsed": 17960.916701, "delta": 11.22399}}
{"target": -1.0, "params": {"Bgrad": 6.041612905486744, "d1": -2.1938273488630955, "d2": 0.9115840644761435, "d3": -2.4976284852268895, "d4": 0.6917571692034103, "p1": 0.48299758908194046, "p2": 2.246163707488691, "p3": 41.320461047660906, "p4": 20.945494432728474, "pol1": 0.8630360759243372, "pol2": 0.5044767539538417, "pol3": -0.7779301940326391, "pol4": 0.5207646331787528, "v0s": 6.190972279128987}, "datetime": {"datetime": "2022-04-08 22:00:52", "elapsed": 17981.154592, "delta": 20.237891}}
{"target": -1.0, "params": {"Bgrad": 4.765601559799401, "d1": -2.4432044202930268, "d2": -9.806041935345178e-05, "d3": -0.21398919476664746, "d4": 0.6408283420168597, "p1": 7.540708695826898, "p2": 6.18966690401615, "p3": 44.299856075290364, "p4": 20.86851497971553, "pol1": -0.5719923809411067, "pol2": -0.5829008635631194, "pol3": 0.07991341643240601, "pol4": 0.2737496750483275, "v0s": 5.51948284177175}, "datetime": {"datetime": "2022-04-08 22:01:16", "elapsed": 18004.510147, "delta": 23.355555}}
{"target": -1.0, "params": {"Bgrad": 3.5167197228737894, "d1": -0.6070736906930123, "d2": -2.0887464973965177, "d3": -2.7873714992106176, "d4": -1.0640253995776732, "p1": 0.001037198784592519, "p2": 7.468202137171315, "p3": 39.44000079647691, "p4": 19.21187650312354, "pol1": 0.06750712945093928, "pol2": 0.08652620455282811, "pol3": 0.8330872077145575, "pol4": 0.15688825569994846, "v0s": 4.839758224886289}, "datetime": {"datetime": "2022-04-08 22:01:33", "elapsed": 18022.177909, "delta": 17.667762}}
{"target": -1.0, "params": {"Bgrad": 7.842162004711218, "d1": -2.732836948590204, "d2": -0.566151231158257, "d3": -2.1314283037610466, "d4": -2.0737221063925433, "p1": 24.43190727052652, "p2": 35.57130735722944, "p3": 4.653884383354273, "p4": 35.17029367852311, "pol1": -0.3260724057784512, "pol2": -0.7093264085085538, "pol3": -0.2849846859483198, "pol4": 0.0045347988969013375, "v0s": 6.078000605716441}, "datetime": {"datetime": "2022-04-08 22:01:44", "elapsed": 18033.014934, "delta": 10.837025}}
{"target": 2.9363153509514954, "params": {"Bgrad": 9.15746491851631, "d1": -2.3162503869679285, "d2": -1.1860107788879852, "d3": -1.7873220513525, "d4": -2.9291453373245164, "p1": 22.52572358465703, "p2": 28.296030731172422, "p3": 0.44920838446208533, "p4": 32.01580049499743, "pol1": -0.8792508326253485, "pol2": -0.04120728048805389, "pol3": 0.702916100413568, "pol4": -0.9952093111614913, "v0s": 2.9363153509514954}, "datetime": {"datetime": "2022-04-08 22:01:54", "elapsed": 18042.499575, "delta": 9.484641}}
{"target": 3.1376996948821616, "params": {"Bgrad": 14.772552427809458, "d1": -1.0176860872142943, "d2": 1.0, "d3": -1.993021982836702, "d4": -0.9896152200096296, "p1": 25.87646623127972, "p2": 38.819733993327795, "p3": 23.32338372685738, "p4": 7.764731418939106, "pol1": -0.05699339242491768, "pol2": -0.14108345900574304, "pol3": -0.1341027653725262, "pol4": 0.7463613549141778, "v0s": 3.1376996948821616}, "datetime": {"datetime": "2022-04-08 22:02:03", "elapsed": 18051.899443, "delta": 9.399868}}
{"target": 3.3619048639240074, "params": {"Bgrad": 3.517345684993149, "d1": -2.023271424971978, "d2": -0.3012063951137103, "d3": 0.5774002365636028, "d4": -1.3390632855806053, "p1": 6.775297882289388, "p2": 0.3596075915165031, "p3": 34.01817578711074, "p4": 25.114083979835343, "pol1": 0.6475866739298761, "pol2": 0.8283649688736558, "pol3": -0.8138271793208165, "pol4": -0.232253135821606, "v0s": 3.3619048639240074}, "datetime": {"datetime": "2022-04-08 22:02:14", "elapsed": 18062.250767, "delta": 10.351324}}
{"target": 2.745870550688641, "params": {"Bgrad": 7.3233056240953935, "d1": -1.0649012993195193, "d2": -1.2386763454828884, "d3": -2.284413710623804, "d4": -1.8210837256890806, "p1": 24.694910685254868, "p2": 34.035446639465164, "p3": 3.2752246047734914, "p4": 37.570220961881944, "pol1": -0.8347629414791353, "pol2": -0.9969037119666437, "pol3": 0.14565314153881093, "pol4": -0.5554364315323903, "v0s": 2.745870550688641}, "datetime": {"datetime": "2022-04-08 22:02:21", "elapsed": 18069.410624, "delta": 7.159857}}
{"target": 3.2988134699951033, "params": {"Bgrad": 6.523266004037881, "d1": -0.9470607464767244, "d2": -2.2987916990204407, "d3": -0.03426151147436629, "d4": -2.6152719653783385, "p1": 2.2602097453344405, "p2": 6.654841196190819, "p3": 35.12775373985729, "p4": 29.57548955920663, "pol1": -0.5802925748288343, "pol2": 0.4228770756567253, "pol3": -0.24219553319033138, "pol4": 0.6746212110674286, "v0s": 3.2988134699951033}, "datetime": {"datetime": "2022-04-08 22:02:33", "elapsed": 18081.684807, "delta": 12.274183}}
{"target": 3.096947424802878, "params": {"Bgrad": 4.467983602777137, "d1": -2.4245439510655777, "d2": -1.7908554115646056, "d3": -1.9997125290993956, "d4": -2.105336299902733, "p1": 6.233758184412613, "p2": 4.5080928867990036, "p3": 43.206407387774675, "p4": 17.964003264482216, "pol1": 0.01981198697704767, "pol2": 0.505252286620794, "pol3": -0.2691646841291133, "pol4": 0.45159646803548825, "v0s": 3.096947424802878}, "datetime": {"datetime": "2022-04-08 22:02:40", "elapsed": 18088.821725, "delta": 7.136918}}
{"target": 4.278869863874807, "params": {"Bgrad": 4.110992783232575, "d1": -1.4108672048666757, "d2": -0.30102155869901326, "d3": -1.088022826186665, "d4": -2.5841998261574397, "p1": 2.470334319537831, "p2": 5.1589626477951285, "p3": 37.99202889850683, "p4": 22.125088488974303, "pol1": -0.767468727351841, "pol2": -0.9903160198192689, "pol3": 0.5656320263275378, "pol4": 0.6858992043331327, "v0s": 4.278869863874807}, "datetime": {"datetime": "2022-04-08 22:02:54", "elapsed": 18102.75946, "delta": 13.937735}}
{"target": 2.2897324842151567, "params": {"Bgrad": 7.5050485959519255, "d1": -1.7026183027026653, "d2": 0.039549296176651705, "d3": -2.834349328685619, "d4": 0.3232317737453374, "p1": 10.6438680383509, "p2": 5.5069319799478595, "p3": 44.665461654697125, "p4": 20.686082772855464, "pol1": 0.5870417427211954, "pol2": 0.9912844801340059, "pol3": 0.7173833427318013, "pol4": -0.028617828475101748, "v0s": 2.2897324842151567}, "datetime": {"datetime": "2022-04-08 22:03:00", "elapsed": 18108.502107, "delta": 5.742647}}
{"target": 2.790083194982893, "params": {"Bgrad": 4.448584606589647, "d1": -1.385583791988652, "d2": -2.4012550382503233, "d3": -2.5509378001303853, "d4": -1.1785449837325794, "p1": 24.29459930240727, "p2": 32.13569392982367, "p3": 0.33201591936667385, "p4": 33.00075337156089, "pol1": -0.24734260235328298, "pol2": -0.810308950664612, "pol3": 0.48640677867977766, "pol4": 0.924394635154314, "v0s": 2.790083194982893}, "datetime": {"datetime": "2022-04-08 22:03:10", "elapsed": 18118.994057, "delta": 10.49195}}
{"target": 3.2690934715740063, "params": {"Bgrad": 7.050742940928543, "d1": -1.9360622740893225, "d2": -0.9759509730641818, "d3": -2.143988067802769, "d4": -2.151703460164522, "p1": 7.474343250838728, "p2": 9.17423255987318, "p3": 33.69231722476988, "p4": 28.593671398739318, "pol1": 0.023384755353553555, "pol2": 0.9492168912479293, "pol3": -0.6085863711692503, "pol4": 0.34764967154703563, "v0s": 3.2690934715740063}, "datetime": {"datetime": "2022-04-08 22:03:18", "elapsed": 18126.401249, "delta": 7.407192}}
{"target": 3.4124233985655468, "params": {"Bgrad": 8.85247353370946, "d1": 0.04793418978949271, "d2": -0.9951441750733081, "d3": -2.9586018495049338, "d4": -2.4821391118470983, "p1": 1.7384209516531857, "p2": 9.317685782970726, "p3": 34.863405224532244, "p4": 24.01698008876541, "pol1": -0.4776222192276214, "pol2": 0.9448074616655591, "pol3": -0.7363403939437592, "pol4": 0.5639443226998222, "v0s": 3.4124233985655468}, "datetime": {"datetime": "2022-04-08 22:03:29", "elapsed": 18137.404829, "delta": 11.00358}}
{"target": 3.990101821198984, "params": {"Bgrad": 7.143632300981695, "d1": -1.392234640659133, "d2": -1.71644912432848, "d3": -2.4168012012497426, "d4": -0.774990522333009, "p1": 11.127987873598844, "p2": 6.205897117346672, "p3": 46.88968199517919, "p4": 21.954261502765373, "pol1": 0.24815064524616562, "pol2": 0.4232367520332659, "pol3": -0.01916667220441925, "pol4": 0.324189395751311, "v0s": 3.990101821198984}, "datetime": {"datetime": "2022-04-08 22:03:38", "elapsed": 18146.223252, "delta": 8.818423}}
{"target": -1.0, "params": {"Bgrad": 4.883133181722729, "d1": -2.477892984747235, "d2": -0.06947641068898625, "d3": -2.1199089530814805, "d4": -0.053223073379073504, "p1": 9.810797629629803, "p2": 1.254297988340486, "p3": 35.45457964945366, "p4": 27.306793486873914, "pol1": 0.6745716833034263, "pol2": -0.8320491596260595, "pol3": 0.7858080011791517, "pol4": -0.9356691361889249, "v0s": 2.629259586219991}, "datetime": {"datetime": "2022-04-08 22:03:46", "elapsed": 18154.396399, "delta": 8.173147}}
{"target": 3.9736925467912463, "params": {"Bgrad": 7.077809621325606, "d1": -1.161708450650643, "d2": -1.6882389450868658, "d3": -2.2093089165118944, "d4": -0.14292677687893107, "p1": 12.463699881871893, "p2": 8.217879522149868, "p3": 40.08727813725548, "p4": 29.775866933472976, "pol1": -0.9957027614308269, "pol2": 0.4967415978283747, "pol3": 0.5040320725181984, "pol4": -0.16543750132773516, "v0s": 3.9736925467912463}, "datetime": {"datetime": "2022-04-08 22:03:57", "elapsed": 18165.678235, "delta": 11.281836}}
{"target": -1.0, "params": {"Bgrad": 9.572594475223188, "d1": -0.325901849291395, "d2": -0.514225566272529, "d3": 0.4694371454021069, "d4": -0.5837329833794418, "p1": 23.643178226663235, "p2": 34.40677840830546, "p3": 5.701649665715997, "p4": 35.851165690202116, "pol1": -0.10044216705679698, "pol2": 0.24217574369650996, "pol3": -0.6119416203077095, "pol4": -0.30497663268285313, "v0s": 4.229190153831694}, "datetime": {"datetime": "2022-04-08 22:04:20", "elapsed": 18188.78346, "delta": 23.105225}}
{"target": 4.294611500546737, "params": {"Bgrad": 7.767776929689962, "d1": -1.8478356598369394, "d2": -0.22333420702998003, "d3": -1.9601136367400251, "d4": -1.4476207342774337, "p1": 11.185679548901975, "p2": 6.799587209435305, "p3": 38.93358524686665, "p4": 28.984070690927755, "pol1": -1.0, "pol2": 0.6888526279418214, "pol3": -0.0969274858210814, "pol4": 0.19893146998893518, "v0s": 4.294611500546737}, "datetime": {"datetime": "2022-04-08 22:04:31", "elapsed": 18199.246485, "delta": 10.463025}}
{"target": 2.690143313820716, "params": {"Bgrad": 5.341482442595981, "d1": 0.07588586063845737, "d2": -0.0482432058456026, "d3": -0.8393027610302721, "d4": -1.8182806471162771, "p1": 25.624942284651446, "p2": 32.71816030161157, "p3": 1.039586458277264, "p4": 32.3469632996623, "pol1": -0.9955494624234658, "pol2": 0.6419590909604518, "pol3": 0.7585440601581772, "pol4": -0.6235027100134118, "v0s": 2.690143313820716}, "datetime": {"datetime": "2022-04-08 22:04:42", "elapsed": 18210.908305, "delta": 11.66182}}
{"target": -1.0, "params": {"Bgrad": 5.353571016816403, "d1": 0.02432195037530649, "d2": -2.987786211532503, "d3": -0.802570444833294, "d4": -2.5089237683726213, "p1": 6.941961507945049, "p2": 8.556118739391682, "p3": 34.58488702977267, "p4": 30.07581174444882, "pol1": 0.7868956594542154, "pol2": -0.7224287886832652, "pol3": -0.4675172254088793, "pol4": 0.461319269135805, "v0s": 3.881062875814024}, "datetime": {"datetime": "2022-04-08 22:05:00", "elapsed": 18228.45539, "delta": 17.547085}}
