{"target": -1.0, "params": {"Bgrad": 1.6260355574775076, "d1": -2.3365318820818883, "d2": 0.02588154209641047, "d3": 0.4743559957219259, "d4": -0.9219745856541719, "p1": 3.281741912925212, "p2": 22.444601037289786, "p3": 41.89143056899087, "p4": 8.987632671502698, "pol1": -0.9228818774744101, "pol2": 0.46538714895836475, "pol3": 0.12608144714679015, "pol4": -0.9158787471015346, "v0s": 7.909311584349809}, "datetime": {"datetime": "2022-04-29 12:58:49", "elapsed": 77242.005813, "delta": 12.983285}}
{"target": -1.0, "params": {"Bgrad": 1.3539985812255908, "d1": -0.6593733081493842, "d2": 0.15962656746577641, "d3": 0.610538682745235, "d4": -2.7569970546812237, "p1": 17.425660469440775, "p2": 10.004593153419632, "p3": 23.25757658274793, "p4": 4.573397098280746, "pol1": -0.8638284515205528, "pol2": -0.39822113373943235, "pol3": 0.8086905155437025, "pol4": 0.9510839557749924, "v0s": 6.582320190700368}, "datetime": {"datetime": "2022-04-29 12:58:59", "elapsed": 77251.603151, "delta": 9.597338}}
{"target": 4.231528739083417, "params": {"Bgrad": 0.5011113694408234, "d1": -0.05913778305506412, "d2": -2.912029960059901, "d3": -2.325737270979756, "d4": -2.957943966861879, "p1": 7.456349938363105, "p2": 34.37527625805115, "p3": 35.10084376706783, "p4": 18.553870331092842, "pol1": 0.46238164840072926, "pol2": 0.6946084108492772, "pol3": -0.7392849711168998, "pol4": -0.825185367676512, "v0s": 4.231528739083417}, "datetime": {"datetime": "2022-04-29 12:59:02", "elapsed": 77255.147674, "delta": 3.544523}}
{"target": 4.970044375056805, "params": {"Bgrad": 1.1058254563267609, "d1": -1.8943831205585187, "d2": 0.016672743777787158, "d3": -1.7128551977904314, "d4": 0.2005772476699983, "p1": 45.56541771368231, "p2": 25.65745037706079, "p3": 21.471101484032605, "p4": 4.579740108577263, "pol1": -0.45264539239006707, "pol2": 0.773295629091709, "pol3": -0.5081113174528942, "pol4": 0.24237877374174954, "v0s": 4.970044375056805}, "datetime": {"datetime": "2022-04-29 12:59:10", "elapsed": 77263.168229, "delta": 8.020555}}
{"target": -1.0, "params": {"Bgrad": 0.6415588039013216, "d1": 0.5974741255715044, "d2": -2.728916670167545, "d3": -0.2771906981336758, "d4": 0.8879925599375373, "p1": 35.4686895410372, "p2": 16.29543602291878, "p3": 3.672008318399933, "p4": 28.98685235236717, "pol1": 0.4670340365061867, "pol2": -0.2823079326929183, "pol3": 0.30750294502060616, "pol4": 0.1331828163969171, "v0s": 2.204638504389979}, "datetime": {"datetime": "2022-04-29 12:59:15", "elapsed": 77268.340399, "delta": 5.17217}}
{"target": -1.0, "params": {"Bgrad": 1.8810416795731497, "d1": -1.479976786190083, "d2": -1.4823922240124596, "d3": 0.3854235031906841, "d4": -1.062888392012744, "p1": 22.553439713165158, "p2": 31.992835767217343, "p3": 10.588564539441753, "p4": 26.41503463486272, "pol1": 0.3371370488314689, "pol2": 0.07755339996580979, "pol3": 0.4175222750161329, "pol4": 0.1970729839262757, "v0s": 7.048433202198549}, "datetime": {"datetime": "2022-04-29 12:59:26", "elapsed": 77279.269177, "delta": 10.928778}}
{"target": 2.2256326422546335, "params": {"Bgrad": 1.8187561442021625, "d1": -2.608643187869165, "d2": -1.965624021911692, "d3": -2.7813753783227106, "d4": -2.0844325289246752, "p1": 36.04583535560552, "p2": 3.9272619746311244, "p3": 7.755975652501823, "p4": 38.53841637128818, "pol1": -0.11134964525444269, "pol2": -0.41975852461535745, "pol3": 0.2879693925459319, "pol4": 0.7738768090967529, "v0s": 2.2256326422546335}, "datetime": {"datetime": "2022-04-29 12:59:33", "elapsed": 77286.386147, "delta": 7.11697}}
{"target": -1.0, "params": {"Bgrad": 1.5396415167520694, "d1": -0.32579710390843797, "d2": 0.4720483943903222, "d3": -2.214511839905996, "d4": -0.1488294818641176, "p1": 5.195055412764366, "p2": 2.831317839700392, "p3": 34.03980171289345, "p4": 1.1317357066821465, "pol1": -0.9114018223957525, "pol2": -0.926093954453328, "pol3": -0.06917898253332755, "pol4": 0.5157388884893421, "v0s": 7.953195342139625}, "datetime": {"datetime": "2022-04-29 12:59:43", "elapsed": 77296.2777, "delta": 9.891553}}
{"target": -1.0, "params": {"Bgrad": 0.8399115448310934, "d1": 0.16952090108210927, "d2": 0.18098345671875826, "d3": 0.4889708373686732, "d4": -1.7429760388184476, "p1": 6.646252756860537, "p2": 39.835078999207155, "p3": 28.373166883395314, "p4": 20.73269634004355, "pol1": -0.8827166456280584, "pol2": -0.9868862492281314, "pol3": -0.36795307339083205, "pol4": -0.45708242933423726, "v0s": 4.854341763862217}, "datetime": {"datetime": "2022-04-29 12:59:53", "elapsed": 77305.959811, "delta": 9.682111}}
{"target": -1.0, "params": {"Bgrad": 1.8854177970532975, "d1": -1.3332620557573525, "d2": -1.8484645164823532, "d3": 0.3809861329862252, "d4": -1.7722005305179396, "p1": 45.77920112249926, "p2": 43.17059216421112, "p3": 31.940959408405327, "p4": 37.38375967868729, "pol1": -0.6853544089397365, "pol2": 0.20574854022291267, "pol3": -0.34592543226750827, "pol4": -0.022643892876146765, "v0s": 3.352312748587437}, "datetime": {"datetime": "2022-04-29 13:00:07", "elapsed": 77319.840696, "delta": 13.880885}}
{"target": -1.0, "params": {"Bgrad": 1.8529365165023346, "d1": -1.3538648912614932, "d2": -1.0930637872126088, "d3": -0.11438898826294075, "d4": -2.5112127483091804, "p1": 25.15325242755499, "p2": 40.65738316432142, "p3": 33.86709299602778, "p4": 16.08253630123173, "pol1": 0.4213307933323944, "pol2": 0.8688791973589629, "pol3": 0.7895524767026827, "pol4": 0.48446957635025334, "v0s": 3.596607013100975}, "datetime": {"datetime": "2022-04-29 13:00:20", "elapsed": 77332.749181, "delta": 12.908485}}
{"target": -1.0, "params": {"Bgrad": 1.0587311104054167, "d1": -0.7663283155058798, "d2": -1.4758044125743415, "d3": -1.177012551750058, "d4": 0.17410377647076958, "p1": 5.197006605505761, "p2": 48.64982891135864, "p3": 35.23095331055193, "p4": 43.23639341881627, "pol1": 0.5633601078857469, "pol2": -0.13563257298223808, "pol3": 0.8850222867664295, "pol4": -0.4938275657829363, "v0s": 2.277490539137314}, "datetime": {"datetime": "2022-04-29 13:00:29", "elapsed": 77342.528035, "delta": 9.778854}}
{"target": -1.0, "params": {"Bgrad": 0.6453173453972049, "d1": -2.1970535123116877, "d2": -0.8436778546102341, "d3": -2.1055897897362517, "d4": 0.3412832794056184, "p1": 0.46693436214028106, "p2": 37.2950464397337, "p3": 48.45039111210176, "p4": 13.359160554249627, "pol1": 0.24763101285682976, "pol2": 0.4295592698912103, "pol3": -0.34608516414073187, "pol4": -0.1337468561743247, "v0s": 6.406453076688729}, "datetime": {"datetime": "2022-04-29 13:00:36", "elapsed": 77349.103453, "delta": 6.575418}}
{"target": -1.0, "params": {"Bgrad": 0.6967252807820844, "d1": -2.4252561080047133, "d2": -1.4983747090057924, "d3": -2.0863637927534326, "d4": -1.7720544248800025, "p1": 7.503284244295244, "p2": 4.831802991949297, "p3": 45.79920155581695, "p4": 17.294670423584847, "pol1": 0.13193251347017987, "pol2": 0.0943975301447979, "pol3": -0.09928490369537801, "pol4": 0.49564116068488007, "v0s": 3.989458744078842}, "datetime": {"datetime": "2022-04-29 13:00:43", "elapsed": 77356.487709, "delta": 7.384256}}
{"target": -1.0, "params": {"Bgrad": 1.8387161852860134, "d1": -2.7278671107716503, "d2": -0.7004416290996764, "d3": -1.6437896921930384, "d4": -1.5443986204488245, "p1": 15.254894712380418, "p2": 30.17931497552671, "p3": 11.720396476692418, "p4": 14.715309984520964, "pol1": -0.4290108189100945, "pol2": -0.9864091093176652, "pol3": -0.25676298109217544, "pol4": -0.9022052976550772, "v0s": 7.246257275122437}, "datetime": {"datetime": "2022-04-29 13:00:58", "elapsed": 77370.889202, "delta": 14.401493}}
{"target": -1.0, "params": {"Bgrad": 1.5827339471051411, "d1": -0.6187715818906425, "d2": -0.024486660045590636, "d3": 0.6043763351660538, "d4": -0.22363774651818114, "p1": 29.537815856426384, "p2": 6.212962181272552, "p3": 20.229132576109386, "p4": 28.947562413045357, "pol1": 0.20568873163826518, "pol2": 0.9215556735677133, "pol3": -0.5889993578489496, "pol4": 0.3263026551260011, "v0s": 3.5385748439687026}, "datetime": {"datetime": "2022-04-29 13:01:08", "elapsed": 77380.843586, "delta": 9.954384}}
{"target": -1.0, "params": {"Bgrad": 1.1266418637656705, "d1": 0.8878018484381323, "d2": -1.6756902776357836, "d3": -1.5519073384978395, "d4": -1.241726206140227, "p1": 2.0333894944578326, "p2": 19.92851192522141, "p3": 30.949254978538438, "p4": 28.903999342511668, "pol1": 0.7468254555775535, "pol2": 0.2823731156303537, "pol3": 0.11391188935866192, "pol4": 0.28129431414420614, "v0s": 2.285700700463834}, "datetime": {"datetime": "2022-04-29 13:01:14", "elapsed": 77387.473858, "delta": 6.630272}}
{"target": -1.0, "params": {"Bgrad": 1.994182022837758, "d1": -2.393178329522133, "d2": -1.3262124530582953, "d3": -1.818994119425235, "d4": -0.6911324236174621, "p1": 27.97805117238076, "p2": 17.605716212988636, "p3": 48.681473199053, "p4": 37.563581953973355, "pol1": 0.779682725868452, "pol2": -0.0891796092774042, "pol3": 0.19881217726890998, "pol4": -0.17309344848844344, "v0s": 3.825530992640008}, "datetime": {"datetime": "2022-04-29 13:01:28", "elapsed": 77401.00069, "delta": 13.526832}}
{"target": -1.0, "params": {"Bgrad": 1.288205856126639, "d1": -2.2361307642880295, "d2": -2.1435931042581946, "d3": -0.9568503267483699, "d4": -2.9445917020139247, "p1": 22.274355433749065, "p2": 49.83503356767907, "p3": 41.134149057495314, "p4": 4.173027324344497, "pol1": 0.31178063403233414, "pol2": -0.5492141399384458, "pol3": -0.764088295475122, "pol4": -0.3026454744147744, "v0s": 6.063000907594944}, "datetime": {"datetime": "2022-04-29 13:01:38", "elapsed": 77411.309127, "delta": 10.308437}}
{"target": -1.0, "params": {"Bgrad": 1.3261468407843091, "d1": -2.824149345873698, "d2": 0.42701707738832484, "d3": -1.089619905559978, "d4": 0.42710489947359376, "p1": 9.382700577748903, "p2": 4.186663307520567, "p3": 25.798483102074993, "p4": 22.7272331498311, "pol1": -0.9722112020203051, "pol2": -0.9212908206184673, "pol3": -0.8127343285372839, "pol4": -0.9186450401554631, "v0s": 3.0544344040649714}, "datetime": {"datetime": "2022-04-29 13:01:50", "elapsed": 77422.671745, "delta": 11.362618}}
{"target": -1.0, "params": {"Bgrad": 1.3633042266665019, "d1": -1.092989520133962, "d2": 0.9190789314464363, "d3": -2.717051463934634, "d4": 0.46966252840303646, "p1": 28.925989107006917, "p2": 43.823777285628566, "p3": 2.785680517656747, "p4": 4.957676071080186, "pol1": 0.7261894354939085, "pol2": 0.1407680528947628, "pol3": 0.11698760217971094, "pol4": -0.9739746641167497, "v0s": 5.853516824698636}, "datetime": {"datetime": "2022-04-29 13:02:02", "elapsed": 77435.305963, "delta": 12.634218}}
{"target": -1.0, "params": {"Bgrad": 1.7714967221563762, "d1": 0.9845047643961355, "d2": -1.2681808371305534, "d3": -1.7543638157665278, "d4": -1.3809187000710237, "p1": 11.401254815550349, "p2": 11.304929236677374, "p3": 21.682180433259944, "p4": 34.226975410842954, "pol1": 0.32147457718500094, "pol2": 0.5449803365240689, "pol3": -0.5663706238589523, "pol4": 0.45741275746564347, "v0s": 6.771522964514541}, "datetime": {"datetime": "2022-04-29 13:02:14", "elapsed": 77446.631681, "delta": 11.325718}}
{"target": -1.0, "params": {"Bgrad": 1.3427192961258556, "d1": -1.1373172401919, "d2": -2.367200512614738, "d3": -2.814188595825048, "d4": -1.144671408908358, "p1": 32.71510401126092, "p2": 10.627315827407745, "p3": 19.997480243785056, "p4": 24.88189422549067, "pol1": 0.9098079133043919, "pol2": 0.7548902571620637, "pol3": 0.748099296257029, "pol4": 0.9932010776798188, "v0s": 6.640719698842729}, "datetime": {"datetime": "2022-04-29 13:02:23", "elapsed": 77455.946774, "delta": 9.315093}}
{"target": -1.0, "params": {"Bgrad": 0.8045898170898145, "d1": 0.35954936266052906, "d2": -2.335007005855902, "d3": 0.5563483187592411, "d4": -1.6456808162614536, "p1": 14.397233195337888, "p2": 30.311149995593254, "p3": 3.030577323700956, "p4": 45.35440873017323, "pol1": -0.23785860326926866, "pol2": 0.5799663418042125, "pol3": 0.42109487030591986, "pol4": 0.40829626001463715, "v0s": 5.195757001341857}, "datetime": {"datetime": "2022-04-29 13:02:30", "elapsed": 77462.593003, "delta": 6.646229}}
{"target": -1.0, "params": {"Bgrad": 1.2000132656677254, "d1": -0.4184082714596431, "d2": -0.23369117141540618, "d3": -2.0567272188868713, "d4": 0.015232833180387928, "p1": 46.830858409287615, "p2": 40.754882381927835, "p3": 36.530483441756466, "p4": 41.08554694161335, "pol1": -0.9860901649210738, "pol2": -0.6503519067904717, "pol3": -0.3160415969672594, "pol4": 0.46703626781071916, "v0s": 7.870239735113847}, "datetime": {"datetime": "2022-04-29 13:02:38", "elapsed": 77471.442341, "delta": 8.849338}}
{"target": 5.1282207457721345, "params": {"Bgrad": 1.5993167700153936, "d1": -1.0840282686872742, "d2": 0.6842072476995646, "d3": -1.489203439742178, "d4": -0.4332374700441397, "p1": 0.07522350927156585, "p2": 8.96797722189685, "p3": 14.741938444644331, "p4": 19.349489921226258, "pol1": -0.08035898605365621, "pol2": 0.5934375179082336, "pol3": -0.4403088320537949, "pol4": -0.834676829691182, "v0s": 5.1282207457721345}, "datetime": {"datetime": "2022-04-29 13:02:47", "elapsed": 77480.37047, "delta": 8.928129}}
{"target": -1.0, "params": {"Bgrad": 1.9717279822191478, "d1": -1.3969661140451208, "d2": -1.971235672632599, "d3": 0.10536599513760603, "d4": -0.5376658529089853, "p1": 0.3774168113232723, "p2": 49.31025524865599, "p3": 24.445926621055747, "p4": 15.201093543405687, "pol1": 0.3301541019633891, "pol2": -0.4288784375709376, "pol3": -0.07291213742761338, "pol4": 0.3036421426525173, "v0s": 2.7312921630564526}, "datetime": {"datetime": "2022-04-29 13:03:01", "elapsed": 77494.239386, "delta": 13.868916}}
{"target": -1.0, "params": {"Bgrad": 1.200834689646655, "d1": -0.0591770262698712, "d2": 0.8420721614901248, "d3": -2.9144420319361393, "d4": 0.3299168420448271, "p1": 46.95730099683343, "p2": 49.290891018135916, "p3": 46.89158175094521, "p4": 6.4625704038744844, "pol1": 0.7720403878888102, "pol2": -0.6942757412083422, "pol3": -0.27896728601358456, "pol4": -0.2776761230371094, "v0s": 3.6787123536236255}, "datetime": {"datetime": "2022-04-29 13:03:14", "elapsed": 77507.501925, "delta": 13.262539}}
{"target": -1.0, "params": {"Bgrad": 1.032206365781195, "d1": -0.82799374068476, "d2": -2.6859319333690244, "d3": -1.5085213155552237, "d4": -0.6671244759994432, "p1": 6.7124704989862725, "p2": 12.149397264598205, "p3": 15.638954127882704, "p4": 3.72669255917521, "pol1": 0.6153815906039912, "pol2": -0.4732050543477595, "pol3": -0.17879798160894023, "pol4": -0.18917426812127935, "v0s": 3.8284138177289195}, "datetime": {"datetime": "2022-04-29 13:03:23", "elapsed": 77515.959311, "delta": 8.457386}}
{"target": -1.0, "params": {"Bgrad": 0.6916070704691171, "d1": 0.574237496287394, "d2": -0.2744206084946015, "d3": -1.9324341522983755, "d4": -2.6302762925065237, "p1": 6.174750804276452, "p2": 13.82182006826896, "p3": 2.4521739432754597, "p4": 7.2573431978509735, "pol1": -0.049940904859316015, "pol2": 0.8719588050298761, "pol3": -0.13186202863737773, "pol4": 0.41828090897027925, "v0s": 5.421830444717823}, "datetime": {"datetime": "2022-04-29 13:03:29", "elapsed": 77521.859535, "delta": 5.900224}}
{"target": -1.0, "params": {"Bgrad": 1.9643662783817368, "d1": -2.2871551715031933, "d2": -0.04357966668622293, "d3": -1.5983732205711072, "d4": 0.9648484143222773, "p1": 17.640586755330013, "p2": 48.93915912627863, "p3": 43.018572349507096, "p4": 29.886832998855734, "pol1": -0.9451040865968352, "pol2": -0.6289359011017857, "pol3": -0.886976449024512, "pol4": 0.5849235231681413, "v0s": 2.443706503756286}, "datetime": {"datetime": "2022-04-29 13:03:48", "elapsed": 77541.084132, "delta": 19.224597}}
{"target": -1.0, "params": {"Bgrad": 1.679689153505286, "d1": -2.88819260384082, "d2": -1.9791749877743312, "d3": -1.8096664534378588, "d4": -0.7415740385265854, "p1": 28.103062199329038, "p2": 44.37004823011977, "p3": 31.868872002166516, "p4": 8.073101518090976, "pol1": -0.9460104141512271, "pol2": 0.5239649959086445, "pol3": 0.07113759563366395, "pol4": 0.15725829910014233, "v0s": 4.4846302871981605}, "datetime": {"datetime": "2022-04-29 13:04:03", "elapsed": 77555.548457, "delta": 14.464325}}
{"target": -1.0, "params": {"Bgrad": 1.3847226321467034, "d1": -1.3774744877732958, "d2": -1.2172303780992464, "d3": -0.629041455964833, "d4": -1.030621957858695, "p1": 2.9551695477436466, "p2": 48.839485395778084, "p3": 42.75688200060232, "p4": 18.954281391406436, "pol1": 0.09304968543897019, "pol2": 0.8657486532791934, "pol3": -0.20406931659845018, "pol4": 0.8895453987353252, "v0s": 2.1829176571135798}, "datetime": {"datetime": "2022-04-29 13:04:11", "elapsed": 77564.169406, "delta": 8.620949}}
{"target": -1.0, "params": {"Bgrad": 1.61869928335275, "d1": 0.18802644425321668, "d2": -2.2246595494850605, "d3": -2.348532898830157, "d4": -0.6356868573945023, "p1": 23.984585592891865, "p2": 29.32713012119905, "p3": 6.613554844061542, "p4": 13.886853488501044, "pol1": -0.8606552785407513, "pol2": -0.784006554681445, "pol3": 0.43275535512219765, "pol4": -0.9471960889513007, "v0s": 5.237901932596975}, "datetime": {"datetime": "2022-04-29 13:04:23", "elapsed": 77575.712542, "delta": 11.543136}}
{"target": -1.0, "params": {"Bgrad": 0.9479944844550572, "d1": 0.47398920066693506, "d2": -0.8198444900567456, "d3": 0.9901909381795808, "d4": -0.7556964375229369, "p1": 28.104890648009167, "p2": 16.755334900774894, "p3": 12.616246700122963, "p4": 21.368483878366686, "pol1": -0.5456492910078561, "pol2": -0.8582479848245235, "pol3": -0.14989753343184553, "pol4": -0.7871658136969477, "v0s": 6.338724887605274}, "datetime": {"datetime": "2022-04-29 13:04:30", "elapsed": 77583.468803, "delta": 7.756261}}
{"target": -1.0, "params": {"Bgrad": 0.9475910429012435, "d1": -1.0385533652019276, "d2": -2.217666871000506, "d3": -0.2766939643613049, "d4": 0.323304587221251, "p1": 11.020339298266823, "p2": 0.39043345469196855, "p3": 12.545215422939188, "p4": 31.381815111879042, "pol1": -0.3783663455251163, "pol2": 0.6724122766198442, "pol3": 0.7054783985757309, "pol4": -0.25651887440687315, "v0s": 4.192006952119603}, "datetime": {"datetime": "2022-04-29 13:04:37", "elapsed": 77590.202797, "delta": 6.733994}}
{"target": -1.0, "params": {"Bgrad": 0.5248438575864314, "d1": -0.801285006501038, "d2": -2.3829176236454144, "d3": -2.549281847465962, "d4": -2.786647482980608, "p1": 8.964190370767506, "p2": 7.796540548254704, "p3": 1.7745189618130042, "p4": 49.121622725960194, "pol1": 0.3166090029975428, "pol2": -0.22601185683507463, "pol3": -0.8750290432667935, "pol4": -0.9055093826282756, "v0s": 6.829714608239972}, "datetime": {"datetime": "2022-04-29 13:04:42", "elapsed": 77595.352029, "delta": 5.149232}}
{"target": -1.0, "params": {"Bgrad": 1.1341697088899267, "d1": -2.566959073618851, "d2": -2.331863447891274, "d3": -0.27922186913129377, "d4": -1.291063430281334, "p1": 4.840414498159062, "p2": 19.600482996485173, "p3": 2.2377908465259777, "p4": 13.55130613311285, "pol1": 0.006159396895189628, "pol2": -0.08504142746403032, "pol3": 0.5372692085524777, "pol4": -0.6795393366164821, "v0s": 5.060265418477972}, "datetime": {"datetime": "2022-04-29 13:04:52", "elapsed": 77604.640195, "delta": 9.288166}}
{"target": -1.0, "params": {"Bgrad": 0.712290546584821, "d1": -2.242521637869378, "d2": -1.3604055851637167, "d3": -2.416549666950344, "d4": -0.7506898965468425, "p1": 22.76159098375217, "p2": 47.10483288737753, "p3": 33.499745241520415, "p4": 5.157111809296294, "pol1": 0.21421371082907936, "pol2": -0.15934150083868914, "pol3": 0.001263946222862966, "pol4": 0.31161108290428574, "v0s": 3.1143085938505557}, "datetime": {"datetime": "2022-04-29 13:04:55", "elapsed": 77608.25852, "delta": 3.618325}}
{"target": -1.0, "params": {"Bgrad": 1.0393017429797116, "d1": -1.0784808131915753, "d2": -0.5408681413939966, "d3": -1.8577714191593486, "d4": -0.9889061779739472, "p1": 13.927305645512522, "p2": 28.619492710428162, "p3": 17.11447019928474, "p4": 41.95804793278578, "pol1": 0.37182561155061444, "pol2": 0.6322556375499973, "pol3": -0.6915078651607571, "pol4": -0.6296126967166893, "v0s": 5.255568686398513}, "datetime": {"datetime": "2022-04-29 13:05:06", "elapsed": 77619.482509, "delta": 11.223989}}
{"target": -1.0, "params": {"Bgrad": 0.5920973883629441, "d1": -0.8477659265104314, "d2": -1.6560119952577814, "d3": -1.7021826904813708, "d4": -2.08058724345992, "p1": 0.23433698031938843, "p2": 34.35366730288848, "p3": 37.639059624446844, "p4": 16.91417079862609, "pol1": -0.060392762906151365, "pol2": 0.5947645479615726, "pol3": 0.2949354779105091, "pol4": -0.9540436564348076, "v0s": 3.703834912691582}, "datetime": {"datetime": "2022-04-29 13:05:12", "elapsed": 77625.26405, "delta": 5.781541}}
{"target": -1.0, "params": {"Bgrad": 1.9315922477728524, "d1": 0.5326186216081057, "d2": -1.6991281956842839, "d3": 0.6425355571742988, "d4": -1.0832996725323585, "p1": 10.10343603933071, "p2": 13.572470405920528, "p3": 12.049095819583606, "p4": 2.7787728157368683, "pol1": -0.12572777751396003, "pol2": 0.8091657750474521, "pol3": 0.051514928358526335, "pol4": 0.0909129458110629, "v0s": 3.361997660993217}, "datetime": {"datetime": "2022-04-29 13:05:28", "elapsed": 77640.573116, "delta": 15.309066}}
{"target": -1.0, "params": {"Bgrad": 0.5696012446117387, "d1": -2.496767908808494, "d2": -2.139497228753424, "d3": 0.49357366163742444, "d4": 0.9533144391448323, "p1": 0.8883124285506083, "p2": 22.16549776200429, "p3": 18.459864539273724, "p4": 26.823178175603424, "pol1": 0.2330456372781633, "pol2": -0.20800047759834395, "pol3": -0.6322718716251063, "pol4": 0.17054849164093144, "v0s": 2.1997806178187727}, "datetime": {"datetime": "2022-04-29 13:05:35", "elapsed": 77648.013223, "delta": 7.440107}}
