{"target": -1.0, "params": {"I": 2.711697494274837, "d1": 0.7815045035616777, "d2": 0.026864714794486044, "d3": 0.7284195681797456, "d4": 0.10755102515148973, "p1": 8.039672714770473, "p2": 0.7980186639176379, "p3": 41.282916947763695, "p4": 20.003541504902934, "pol1": 0.5688963786938057, "pol2": 0.25399098553329646, "pol3": 0.04011432009814664, "pol4": 0.941275843630262, "v0s": 6.626103055929103}, "datetime": {"datetime": "2022-01-24 07:11:09", "elapsed": 15650.61651, "delta": 168.417542}}
{"target": -1.0, "params": {"I": 2.687749122595556, "d1": -2.6528941367283196, "d2": -1.0668835305628233, "d3": -1.7695283405828828, "d4": -0.3938239490745646, "p1": 6.051716348071487, "p2": 1.469656990298303, "p3": 40.792883094035595, "p4": 15.500391917463457, "pol1": 0.563525399659092, "pol2": 0.7083368449048368, "pol3": -0.12680298863623735, "pol4": -0.5468824896574435, "v0s": 5.324627257629456}, "datetime": {"datetime": "2022-01-24 07:15:01", "elapsed": 15882.919817, "delta": 232.303307}}
{"target": 2.1087450850833034, "params": {"I": 2.7504377148837533, "d1": -0.5442791096989201, "d2": -1.3448068905110313, "d3": -1.4279932749898117, "d4": -2.5203791608764843, "p1": 14.419834830583177, "p2": 40.65169766295868, "p3": 48.60256870917332, "p4": 14.43595141455814, "pol1": 0.3270897379014084, "pol2": 0.6012828732466693, "pol3": -0.7859843090004217, "pol4": -0.5308557103932259, "v0s": 2.1087450850833034}, "datetime": {"datetime": "2022-01-24 07:17:48", "elapsed": 16049.647815, "delta": 166.727998}}
{"target": -1.0, "params": {"I": 4.040806187673724, "d1": -2.054665700936037, "d2": 0.012878614785033271, "d3": -0.013087641163789243, "d4": -1.729192845355572, "p1": 7.352971844573247, "p2": 1.7713929792167515, "p3": 41.67347512243222, "p4": 18.47863682941232, "pol1": -0.702284226288665, "pol2": 0.5191341330312347, "pol3": -0.7121211396475278, "pol4": -0.9343018446117937, "v0s": 4.978594312623989}, "datetime": {"datetime": "2022-01-24 07:23:41", "elapsed": 16403.04204, "delta": 353.394225}}
{"target": 5.381722904710844, "params": {"I": 1.9552128198242493, "d1": -2.8662505857858664, "d2": -0.8179244422403702, "d3": -2.188402088358842, "d4": -0.5389639001574689, "p1": 6.319963009059581, "p2": 2.2610940394784507, "p3": 34.96147388613292, "p4": 17.324976898373336, "pol1": 0.6595272992473302, "pol2": -0.04224498659458198, "pol3": -0.8393815928186681, "pol4": -0.313944339387503, "v0s": 5.381722904710844}, "datetime": {"datetime": "2022-01-24 07:40:03", "elapsed": 17384.894586, "delta": 981.852546}}
{"target": -1.0, "params": {"I": 2.7465874357624545, "d1": -2.276725613215483, "d2": -2.3217508351266023, "d3": -0.11993242973749085, "d4": -2.3265539358432052, "p1": 6.127414508915596, "p2": 4.107693617035546, "p3": 38.95683547580916, "p4": 23.169863000644643, "pol1": 0.9719182891654696, "pol2": -0.4769138595650311, "pol3": -0.7978038387058155, "pol4": 0.8813621081749698, "v0s": 7.475280992222853}, "datetime": {"datetime": "2022-01-24 07:43:08", "elapsed": 17569.790146, "delta": 184.89556}}
{"target": -1.0, "params": {"I": 6.215778093373609, "d1": -2.6166780963010785, "d2": -1.292270806623041, "d3": -2.0395287940531643, "d4": -1.6570095720832545, "p1": 28.26529152860897, "p2": 24.571386306015384, "p3": 30.644984135770237, "p4": 5.74821373896946, "pol1": -0.31589569699638376, "pol2": -0.1673682563893657, "pol3": 0.48805721441221217, "pol4": -0.6482001526246832, "v0s": 2.4881603839467643}, "datetime": {"datetime": "2022-01-24 07:49:26", "elapsed": 17947.930974, "delta": 378.140828}}
{"target": -1.0, "params": {"I": 2.5263724487252275, "d1": -1.896027265112481, "d2": -1.9651271335666247, "d3": -1.751423738973525, "d4": 0.12382826161396876, "p1": 15.655430452214375, "p2": 39.06070821419326, "p3": 48.63931681738987, "p4": 12.22653286764151, "pol1": 0.2147756333696378, "pol2": -0.42851662455899975, "pol3": -0.2801786277144638, "pol4": -0.4506665956079088, "v0s": 4.318891347610485}, "datetime": {"datetime": "2022-01-24 07:58:59", "elapsed": 18521.211455, "delta": 573.280481}}
{"target": 5.372224558841811, "params": {"I": 2.273863721529234, "d1": -2.534591116596575, "d2": -0.3970305338192115, "d3": -2.8309449946276564, "d4": -1.6266743463030084, "p1": 11.426056301857823, "p2": 1.2011004271708592, "p3": 36.678603194395635, "p4": 19.47757981938362, "pol1": 0.8881653149265802, "pol2": 0.7331201799218232, "pol3": 0.7572986169131237, "pol4": -0.18311506154803125, "v0s": 5.372224558841811}, "datetime": {"datetime": "2022-01-24 08:01:33", "elapsed": 18674.304189, "delta": 153.092734}}
{"target": 4.865698680456345, "params": {"I": 6.396228401830543, "d1": -1.384934424504991, "d2": 0.3098594381024, "d3": -2.2063793219759096, "d4": -1.108625866728218, "p1": 8.468156755066275, "p2": 4.19385926874739, "p3": 43.89486768087962, "p4": 14.011183355532431, "pol1": -0.03429870160349946, "pol2": -0.6139355555843486, "pol3": -0.8648128936417785, "pol4": -0.16163209035579262, "v0s": 4.865698680456345}, "datetime": {"datetime": "2022-01-24 08:04:57", "elapsed": 18878.922328, "delta": 204.618139}}
{"target": -1.0, "params": {"I": 2.5843208280377707, "d1": 0.059013618813919866, "d2": -1.8891160202822808, "d3": 0.2525854940332688, "d4": -1.0494801838207892, "p1": 6.872703268631641, "p2": 3.1780121397693484, "p3": 38.87351289092958, "p4": 15.928888201781117, "pol1": 0.3842046528225229, "pol2": 0.713930328870922, "pol3": -0.7352041878363307, "pol4": 0.34637860729817027, "v0s": 5.64543383992352}, "datetime": {"datetime": "2022-01-24 08:07:54", "elapsed": 19055.580895, "delta": 176.658567}}
{"target": -1.0, "params": {"I": 6.1731751621217406, "d1": -2.1807922981273613, "d2": -1.4974307969761935, "d3": -1.0056902336288025, "d4": -0.35048622643621297, "p1": 10.709313158272515, "p2": 2.145780017575011, "p3": 36.80703044864342, "p4": 20.26874816396277, "pol1": 0.3231353406456252, "pol2": 0.7767566768766649, "pol3": 0.3308416811753574, "pol4": -0.06502568214597759, "v0s": 3.8781008067750617}, "datetime": {"datetime": "2022-01-24 08:19:21", "elapsed": 19742.737665, "delta": 687.15677}}
{"target": -1.0, "params": {"I": 6.462821447840621, "d1": -0.6705606473863397, "d2": 0.5200897172573682, "d3": -1.4690339464927296, "d4": 0.33556616439427156, "p1": 7.9788794411223165, "p2": 4.0838081635572285, "p3": 44.843245582396456, "p4": 10.995787535878481, "pol1": 0.04245963688265042, "pol2": 0.8739005159785769, "pol3": -0.8418287076919482, "pol4": 0.8490593593324163, "v0s": 5.5634889553731774}, "datetime": {"datetime": "2022-01-24 08:26:31", "elapsed": 20172.966345, "delta": 430.22868}}
{"target": -1.0, "params": {"I": 1.2170125993876897, "d1": -1.5322803653956147, "d2": -2.2005966880238157, "d3": -1.9794985363591158, "d4": -0.09736230710158011, "p1": 7.255567098822341, "p2": 4.41201179477787, "p3": 43.31262296889386, "p4": 17.936115002749208, "pol1": 0.7549737112561863, "pol2": 0.8873246779129682, "pol3": 0.0988480779565839, "pol4": 0.12872672865648327, "v0s": 5.5135386020672295}, "datetime": {"datetime": "2022-01-24 08:31:39", "elapsed": 20480.591247, "delta": 307.624902}}
{"target": -1.0, "params": {"I": 6.224039389286448, "d1": 0.9041945702344707, "d2": 0.3733386834232886, "d3": -0.6609412552305773, "d4": -0.21271037081723732, "p1": 11.106172151253196, "p2": 5.4512119503016265, "p3": 41.57139544291575, "p4": 13.0230276063863, "pol1": -0.4099288897646982, "pol2": 0.2572913229987861, "pol3": -0.7482290317867994, "pol4": -0.6137713863341321, "v0s": 4.144494642502766}, "datetime": {"datetime": "2022-01-24 08:35:41", "elapsed": 20722.909277, "delta": 242.31803}}
{"target": 2.477700782948933, "params": {"I": 2.8573086703498576, "d1": -1.988083613331494, "d2": -1.8736561426618312, "d3": -1.5022081192838184, "d4": -2.325658310817005, "p1": 13.671908604647237, "p2": 2.7274206583523366, "p3": 36.23507523746634, "p4": 20.57062615938608, "pol1": 0.031634959269329244, "pol2": 0.8973254614732435, "pol3": -0.2977123124450576, "pol4": 0.569852883930098, "v0s": 2.477700782948933}, "datetime": {"datetime": "2022-01-24 08:37:48", "elapsed": 20850.21868, "delta": 127.309403}}
{"target": -1.0, "params": {"I": 3.330135954499166, "d1": -1.4243360746125968, "d2": -2.9038281328527273, "d3": -0.19157218829010647, "d4": -2.103095816163826, "p1": 13.37180524713934, "p2": 4.521789419426364, "p3": 34.6390822262673, "p4": 19.399172425825707, "pol1": -0.655526391357274, "pol2": 0.7177687212057622, "pol3": -0.9711653014460229, "pol4": -0.10489807760351244, "v0s": 2.6578700855757873}, "datetime": {"datetime": "2022-01-24 08:46:42", "elapsed": 21384.244925, "delta": 534.026245}}
{"target": -1.0, "params": {"I": 5.130609798622682, "d1": 0.28226844783614213, "d2": -2.7380582176260875, "d3": -0.6243530696993287, "d4": -0.629288227318888, "p1": 16.3253753532138, "p2": 39.508636543080485, "p3": 49.44067537518405, "p4": 16.05250535096095, "pol1": -0.8340356600311338, "pol2": 0.449768196141755, "pol3": -0.9035371660384666, "pol4": 0.4075778161201815, "v0s": 3.4516936901441957}, "datetime": {"datetime": "2022-01-24 08:49:51", "elapsed": 21572.992415, "delta": 188.74749}}
{"target": -1.0, "params": {"I": 7.300399672012376, "d1": -0.8294538797665032, "d2": 0.09472866680059155, "d3": -2.567945509896377, "d4": -2.1919873528307185, "p1": 8.727162402607757, "p2": 2.2358495058510397, "p3": 42.74144343285977, "p4": 12.926934885825103, "pol1": -0.5386870417435474, "pol2": 0.9460958049677894, "pol3": 0.173309624560537, "pol4": -0.7338090589969519, "v0s": 4.654905597491416}, "datetime": {"datetime": "2022-01-24 09:16:56", "elapsed": 23197.744602, "delta": 1624.752187}}
{"target": 3.5053256161729642, "params": {"I": 5.915788597006125, "d1": -2.866178391681542, "d2": -0.7678796993558445, "d3": -1.3719713443737125, "d4": -2.3560437997755437, "p1": 30.74375273409978, "p2": 29.091407951795915, "p3": 35.03282109056025, "p4": 8.518583829173975, "pol1": 0.2650657536366363, "pol2": -0.9019515096716211, "pol3": 0.5777568081081255, "pol4": -0.7995728920565919, "v0s": 3.5053256161729642}, "datetime": {"datetime": "2022-01-24 09:21:37", "elapsed": 23478.834767, "delta": 281.090165}}
{"target": 3.459779233549723, "params": {"I": 2.9233495557023845, "d1": -1.1303638343330977, "d2": -0.7202916178727627, "d3": -2.6611082278533074, "d4": -2.4972007562238105, "p1": 6.399066601596093, "p2": 1.2816916842978865, "p3": 35.526783311176935, "p4": 12.399757823448375, "pol1": -0.631631207047626, "pol2": 0.8115640375153488, "pol3": 0.5139871573625676, "pol4": 0.500527930895049, "v0s": 3.459779233549723}, "datetime": {"datetime": "2022-01-24 09:25:56", "elapsed": 23738.093889, "delta": 259.259122}}
{"target": -1.0, "params": {"I": 4.536820703351099, "d1": -2.2853223964507032, "d2": -0.34094776496917056, "d3": 0.943777951094956, "d4": 0.5750319697425299, "p1": 30.06898280404734, "p2": 29.798610691636128, "p3": 33.45414174309097, "p4": 8.602961424118021, "pol1": -0.6662863099287408, "pol2": -0.34864196168182326, "pol3": -0.7881449387550303, "pol4": -0.14492286484579142, "v0s": 2.342621900092367}, "datetime": {"datetime": "2022-01-24 09:30:02", "elapsed": 23983.605298, "delta": 245.511409}}
{"target": -1.0, "params": {"I": 6.572575281973595, "d1": 0.5900443334963659, "d2": 0.8148000283287278, "d3": -2.4629104434381417, "d4": -1.2405619973825708, "p1": 9.049085697980408, "p2": 3.729718633272472, "p3": 44.80214503269227, "p4": 16.4031136417434, "pol1": 0.2972276360084214, "pol2": -0.6296198506535673, "pol3": -0.3916508467142745, "pol4": 0.7195208964379485, "v0s": 3.004224895129692}, "datetime": {"datetime": "2022-01-24 09:34:02", "elapsed": 24223.947378, "delta": 240.34208}}
{"target": -1.0, "params": {"I": 4.928950712332095, "d1": -1.4986167557319368, "d2": -2.2269062161814395, "d3": -2.8374777409143874, "d4": -2.7677661237698468, "p1": 13.029821737681308, "p2": 3.8526131705898248, "p3": 40.59836457869955, "p4": 19.94409185609763, "pol1": -0.6377236153733117, "pol2": 0.36759887846698547, "pol3": 0.513974792759263, "pol4": -0.49263867322263444, "v0s": 2.2978631670319407}, "datetime": {"datetime": "2022-01-24 09:40:45", "elapsed": 24626.962347, "delta": 403.014969}}
{"target": -1.0, "params": {"I": 3.5862258317447373, "d1": 0.29165846888699676, "d2": -1.3916551367973726, "d3": 0.11237354016835965, "d4": -2.6096630594590366, "p1": 15.830087231804118, "p2": 41.862490690568514, "p3": 47.64414080249182, "p4": 18.329680418420352, "pol1": 0.5288469285056399, "pol2": 0.2181878531657453, "pol3": -0.9046677715228009, "pol4": 0.0144266135173865, "v0s": 2.2205606308000405}, "datetime": {"datetime": "2022-01-24 09:44:48", "elapsed": 24869.62483, "delta": 242.662483}}
{"target": 3.78541236440862, "params": {"I": 3.1488238612456474, "d1": -1.6179614045849156, "d2": -0.6924832842779076, "d3": -0.9049304907190701, "d4": -2.6923496005216037, "p1": 6.038342678819903, "p2": 3.802654809993772, "p3": 37.01320763111219, "p4": 15.350008544902256, "pol1": -0.11747647882779133, "pol2": 0.4811045999408765, "pol3": -0.27998277668148885, "pol4": -0.5517749627941033, "v0s": 3.78541236440862}, "datetime": {"datetime": "2022-01-24 10:10:25", "elapsed": 26407.03653, "delta": 1537.4117}}
{"target": 2.556041455073578, "params": {"I": 5.940926982664031, "d1": -1.5974929783575984, "d2": -1.7341033554816137, "d3": -1.8484730687762685, "d4": -1.1494742645603857, "p1": 30.728276047856884, "p2": 25.948631754005362, "p3": 34.59173360869956, "p4": 11.669677182794459, "pol1": 0.10110803077199071, "pol2": 0.3061900162356044, "pol3": -0.4900901196632994, "pol4": 0.1319797058548864, "v0s": 2.556041455073578}, "datetime": {"datetime": "2022-01-24 10:11:59", "elapsed": 26500.357071, "delta": 93.320541}}
{"target": -1.0, "params": {"I": 5.851876459470561, "d1": -0.5998950618366776, "d2": -1.7117603227770561, "d3": -2.9958317506046392, "d4": -1.513654084353706, "p1": 5.309517768303324, "p2": 0.4295116684514766, "p3": 35.194535017975156, "p4": 9.931964746733174, "pol1": 0.7756718528708051, "pol2": 0.10199308313854694, "pol3": -0.787006639005382, "pol4": 0.4193301683394326, "v0s": 2.2988458354746575}, "datetime": {"datetime": "2022-01-24 10:17:48", "elapsed": 26849.948377, "delta": 349.591306}}
{"target": -1.0, "params": {"I": 3.0646635981314434, "d1": 0.07603928757187983, "d2": 0.3939727781283473, "d3": -0.30868319155299684, "d4": -2.8530505495976026, "p1": 10.005353653260812, "p2": 0.7474004755927632, "p3": 37.83186802503698, "p4": 19.728259339739086, "pol1": -0.9973349227460742, "pol2": -0.9366803298695614, "pol3": -0.35907300571471756, "pol4": -0.6729780540279653, "v0s": 5.788323234142492}, "datetime": {"datetime": "2022-01-24 10:20:59", "elapsed": 27040.823602, "delta": 190.875225}}
{"target": -1.0, "params": {"I": 5.1173120139385935, "d1": -2.3069432101917062, "d2": 0.157233353650168, "d3": -0.5239580142032092, "d4": -1.8462386049426303, "p1": 31.061509218081312, "p2": 29.18624753214898, "p3": 37.2822402817079, "p4": 6.89073254807735, "pol1": 0.4050485532210575, "pol2": -0.04470517529346618, "pol3": 0.26116436011261523, "pol4": -0.8485698349400785, "v0s": 6.268323706955556}, "datetime": {"datetime": "2022-01-24 10:24:25", "elapsed": 27246.715248, "delta": 205.891646}}
{"target": -1.0, "params": {"I": 4.9739748642927415, "d1": -1.0478997003951656, "d2": -0.5516059276427492, "d3": 0.5214541150670806, "d4": -1.280835624111432, "p1": 9.41085832808976, "p2": 38.263941480219756, "p3": 49.31714026792213, "p4": 17.655821516455156, "pol1": 0.6681394379778842, "pol2": 0.4494866721620685, "pol3": -0.10710921743333968, "pol4": 0.10869915309300948, "v0s": 2.201597800630309}, "datetime": {"datetime": "2022-01-24 10:26:52", "elapsed": 27393.486952, "delta": 146.771704}}
{"target": 4.345569889048704, "params": {"I": 1.4297154310575984, "d1": -0.7496502084809888, "d2": 0.012819887835500587, "d3": -0.029466973254023365, "d4": -1.7433719997895545, "p1": 4.943158065360515, "p2": 1.3750294319752276, "p3": 33.881287845977425, "p4": 12.791606718593156, "pol1": 0.17274516504173265, "pol2": 0.7731062631084062, "pol3": 0.8445541948705668, "pol4": 0.5217646098880089, "v0s": 4.345569889048704}, "datetime": {"datetime": "2022-01-24 10:29:00", "elapsed": 27521.585993, "delta": 128.099041}}
{"target": -1.0, "params": {"I": 3.050972718492196, "d1": -1.721710701133436, "d2": 0.6080970685660194, "d3": -1.0870180170498767, "d4": -0.3064579092214097, "p1": 6.6182104813577505, "p2": 3.698582226762881, "p3": 44.193962870074806, "p4": 13.302333098439833, "pol1": -0.44743977826542713, "pol2": 0.37696915339981985, "pol3": 0.5978634001674581, "pol4": 0.08309237856098828, "v0s": 6.219656909623986}, "datetime": {"datetime": "2022-01-24 10:34:15", "elapsed": 27837.124804, "delta": 315.538811}}
{"target": 2.7107843736215007, "params": {"I": 5.915450071614322, "d1": -1.8772731875246274, "d2": -1.5210839747273048, "d3": -1.730428141142528, "d4": -1.4345344859410754, "p1": 30.749986524660816, "p2": 26.579294970027092, "p3": 34.58533214784878, "p4": 10.884267996872063, "pol1": 0.15229547013349298, "pol2": 0.04375266887627005, "pol3": -0.26745676030811166, "pol4": -0.017970658159009608, "v0s": 2.7107843736215007}, "datetime": {"datetime": "2022-01-24 10:36:45", "elapsed": 27986.503201, "delta": 149.378397}}
{"target": 4.7638836723517, "params": {"I": 5.40190443911421, "d1": -1.8153764319519587, "d2": -0.2494718834110694, "d3": -0.9094538771061447, "d4": -0.9078780319699824, "p1": 7.4543109885027325, "p2": 4.14159816215629, "p3": 44.807478102628444, "p4": 16.54791972241851, "pol1": 0.1763649910969698, "pol2": 0.3302954409590788, "pol3": 0.50889308631625, "pol4": 0.7026551109813626, "v0s": 4.7638836723517}, "datetime": {"datetime": "2022-01-24 11:01:21", "elapsed": 29463.159138, "delta": 1476.655937}}
{"target": -1.0, "params": {"I": 6.198220025088633, "d1": -0.5780265830587408, "d2": -0.5932725363558577, "d3": -0.14066279853049402, "d4": -1.8420619071924804, "p1": 7.521183846807322, "p2": 5.510831562899721, "p3": 49.10968532015734, "p4": 16.69649004800886, "pol1": -0.7876152619695926, "pol2": 0.22621045035929566, "pol3": 0.5461085590842092, "pol4": 0.21047346538818945, "v0s": 6.777008411706934}, "datetime": {"datetime": "2022-01-24 11:09:16", "elapsed": 29938.203298, "delta": 475.04416}}
{"target": -1.0, "params": {"I": 6.784019490062924, "d1": 0.17300868250213863, "d2": 0.5868885039461396, "d3": -2.14629513085341, "d4": -0.9028889046573316, "p1": 5.55402740641287, "p2": 4.269707469203443, "p3": 45.15837115467033, "p4": 14.494737860493101, "pol1": -0.03537624023822983, "pol2": 0.4014406542549669, "pol3": 0.06524735791877356, "pol4": -0.7829546021447742, "v0s": 7.191307234294527}, "datetime": {"datetime": "2022-01-24 11:12:29", "elapsed": 30131.152927, "delta": 192.949629}}
{"target": -1.0, "params": {"I": 1.9107552890174913, "d1": -0.8912043008217458, "d2": 0.5727239300655578, "d3": -1.4020356724139922, "d4": -0.4686090609239577, "p1": 6.093995999575657, "p2": 5.286566916523516, "p3": 35.09659263001202, "p4": 17.52867626912583, "pol1": -0.3385112975043336, "pol2": -0.5941911920224681, "pol3": -0.06195321450373381, "pol4": 0.4146374988192705, "v0s": 5.670147550892363}, "datetime": {"datetime": "2022-01-24 11:18:12", "elapsed": 30473.812353, "delta": 342.659426}}
{"target": -1.0, "params": {"I": 4.0197702976893765, "d1": -2.724764095453117, "d2": -1.1074046144934893, "d3": -0.36372815477423215, "d4": -1.269046497109679, "p1": 8.439696935276137, "p2": 2.026979502402293, "p3": 35.58597239377955, "p4": 16.743884285452754, "pol1": 0.3431682358021879, "pol2": 0.5100577889807596, "pol3": -0.1079678670980464, "pol4": 0.5360074626039373, "v0s": 5.523507667446293}, "datetime": {"datetime": "2022-01-24 11:22:22", "elapsed": 30724.000429, "delta": 250.188076}}
{"target": 2.7365181789229336, "params": {"I": 2.5907672225103635, "d1": 0.9724032603255006, "d2": -1.1133289658576504, "d3": -1.964083588221151, "d4": -1.327410749240462, "p1": 7.360451592627743, "p2": 4.246403885821964, "p3": 40.5919569459677, "p4": 15.015185144843207, "pol1": -0.4086677156133254, "pol2": 0.23883898654845637, "pol3": 0.9842820627411084, "pol4": -0.6633293865760892, "v0s": 2.7365181789229336}, "datetime": {"datetime": "2022-01-24 11:27:57", "elapsed": 31059.122832, "delta": 335.122403}}
{"target": -1.0, "params": {"I": 7.7366164954385495, "d1": -2.835639615746322, "d2": -0.1565555368710796, "d3": 0.028626142452350845, "d4": -2.4715664656358753, "p1": 7.232610911389764, "p2": 5.702790695506549, "p3": 43.4900458630018, "p4": 12.618669055171273, "pol1": -0.27597462002032214, "pol2": -0.3441732514861666, "pol3": 0.44927993427222135, "pol4": 0.09605355895539325, "v0s": 3.1132980879251755}, "datetime": {"datetime": "2022-01-24 11:41:11", "elapsed": 31853.019868, "delta": 793.897036}}
{"target": -1.0, "params": {"I": 1.1624793825539552, "d1": -2.265664787968408, "d2": -1.4009000337438215, "d3": -0.2016517356304517, "d4": -1.7577944599762985, "p1": 2.9952177127497315, "p2": 1.2377690162074462, "p3": 34.69564865044406, "p4": 18.89814140637625, "pol1": -0.2076377317096656, "pol2": -0.773822463436185, "pol3": -0.5989373159677835, "pol4": 0.8819863131529404, "v0s": 4.940409039911293}, "datetime": {"datetime": "2022-01-24 11:43:16", "elapsed": 31977.910454, "delta": 124.890586}}
{"target": -1.0, "params": {"I": 3.640685623140575, "d1": -2.526407751978927, "d2": 0.3293777940512852, "d3": 0.08301019237146035, "d4": -1.9473604444749775, "p1": 13.756853293811632, "p2": 1.0123330818832044, "p3": 38.61698857806672, "p4": 20.469168316380603, "pol1": 0.5021391921531007, "pol2": 0.21377277528627414, "pol3": 0.49617491583239604, "pol4": -0.1666220687627542, "v0s": 5.347820427842125}, "datetime": {"datetime": "2022-01-24 11:47:52", "elapsed": 32253.711608, "delta": 275.801154}}
