{"target": -1.0, "params": {"I": 6.560346563529777, "d1": -2.5312359261484576, "d2": -2.7426746901097228, "d3": -1.3343202303635482, "d4": -0.36064841225500777, "p1": 17.128246592812012, "p2": 9.548328008382894, "p3": 26.522712282125998, "p4": 38.22301226591573, "pol1": 0.8646080915656631, "pol2": 0.2949979099260871, "pol3": 0.9006530487539239, "pol4": -0.34169535431772324, "v0s": 2.6916658302179672}, "datetime": {"datetime": "2022-02-05 05:11:51", "elapsed": 123309.580687, "delta": 302.289974}}
{"target": -1.0, "params": {"I": 12.786157059029268, "d1": -0.6341806786762447, "d2": -1.2423191792013442, "d3": -2.656647331195078, "d4": -2.702498122907672, "p1": 49.28852105421561, "p2": 9.939332838725557, "p3": 42.26525962904939, "p4": 0.529409545462517, "pol1": -0.8673805007578848, "pol2": -0.31022170907726077, "pol3": 0.8676408553033659, "pol4": 0.3917245031112888, "v0s": 6.096795018280275}, "datetime": {"datetime": "2022-02-05 05:19:23", "elapsed": 123761.601631, "delta": 452.020944}}
{"target": -1.0, "params": {"I": 3.603379453864105, "d1": -0.3668679738676519, "d2": 0.25616135106278337, "d3": -0.759290340747643, "d4": -0.564590698557716, "p1": 40.576790300970906, "p2": 37.94779872477373, "p3": 32.721934785970745, "p4": 38.63436232073273, "pol1": 0.5298603959291148, "pol2": 0.7836481252739476, "pol3": 0.9569761674847013, "pol4": -0.5504859368250405, "v0s": 5.011509261199222}, "datetime": {"datetime": "2022-02-05 05:25:23", "elapsed": 124122.024569, "delta": 360.422938}}
{"target": -1.0, "params": {"I": 10.801379385369092, "d1": -0.3519306516090106, "d2": -1.79582590799098, "d3": -1.9493452927826684, "d4": -2.5457686242459037, "p1": 38.33810020688777, "p2": 2.3291229221094003, "p3": 40.60723151707134, "p4": 25.46455258069259, "pol1": 0.452461020698985, "pol2": 0.9786690037867498, "pol3": 0.8066042036721668, "pol4": -0.34914211242149173, "v0s": 3.142182144417976}, "datetime": {"datetime": "2022-02-05 05:30:18", "elapsed": 124417.270313, "delta": 295.245744}}
{"target": -1.0, "params": {"I": 11.445726644717222, "d1": -0.16320461790947682, "d2": -2.784367867780302, "d3": 0.40654432864779855, "d4": -0.07005061541449642, "p1": 15.418729985615437, "p2": 27.2241596241531, "p3": 19.563612085286252, "p4": 26.72868875788271, "pol1": -0.7400866821606069, "pol2": -0.5408551062910445, "pol3": -0.6358282487304054, "pol4": -0.0018339926715047472, "v0s": 5.612085663854092}, "datetime": {"datetime": "2022-02-05 05:43:41", "elapsed": 125220.012045, "delta": 802.741732}}
{"target": -1.0, "params": {"I": 5.9465829118003395, "d1": -1.7834186571035406, "d2": -2.737318320301986, "d3": -2.0492961359785187, "d4": -1.4346645002661966, "p1": 16.270848924104577, "p2": 10.258579926517847, "p3": 28.532797106252822, "p4": 17.204425051510697, "pol1": 0.3659151959818612, "pol2": 0.005393917174259855, "pol3": -0.9776418755096961, "pol4": -0.21375050655212857, "v0s": 4.837732099174379}, "datetime": {"datetime": "2022-02-05 05:49:00", "elapsed": 125539.337888, "delta": 319.325843}}
{"target": -1.0, "params": {"I": 13.058447470991075, "d1": 0.7222398921606494, "d2": -2.6158606647857767, "d3": -2.6732234506033072, "d4": 0.5664086539975592, "p1": 39.05243419683053, "p2": 4.79780553063992, "p3": 40.741437344489256, "p4": 7.9548364946410155, "pol1": -0.40971433545027924, "pol2": 0.8133827649655647, "pol3": 0.5611774426777316, "pol4": -0.6943815948844418, "v0s": 7.334354667210711}, "datetime": {"datetime": "2022-02-05 05:54:33", "elapsed": 125871.556566, "delta": 332.218678}}
{"target": -1.0, "params": {"I": 3.9803718238209296, "d1": -0.44021383726999463, "d2": -2.2655415029374755, "d3": -0.7610159758081156, "d4": -0.8975645349640304, "p1": 12.610729738874122, "p2": 10.990822480017687, "p3": 48.28969582886836, "p4": 24.65249908839464, "pol1": 0.6921840587941839, "pol2": -0.036630591748275654, "pol3": -0.5370944987121435, "pol4": 0.11448701327765831, "v0s": 7.599530767752474}, "datetime": {"datetime": "2022-02-05 05:59:55", "elapsed": 126193.533324, "delta": 321.976758}}
{"target": -1.0, "params": {"I": 12.49308162324956, "d1": -2.121952191442712, "d2": -0.45422092106764556, "d3": -0.5160585291394071, "d4": -1.5793779184207262, "p1": 21.527793178299948, "p2": 15.361275575358647, "p3": 5.1130588976661, "p4": 0.20579464905377542, "pol1": 0.8463139949146863, "pol2": -0.1423304575779405, "pol3": -0.17477188064016302, "pol4": -0.2091347288439369, "v0s": 3.3274467493476454}, "datetime": {"datetime": "2022-02-05 06:06:45", "elapsed": 126604.287633, "delta": 410.754309}}
{"target": -1.0, "params": {"I": 7.874157474602057, "d1": -2.8094261601425146, "d2": -2.3489673153842543, "d3": -1.724999653113862, "d4": -2.0889413890840576, "p1": 17.40363540144014, "p2": 19.141528691567363, "p3": 12.307829431558142, "p4": 5.124834633895259, "pol1": 0.2991277105084411, "pol2": -0.8847473275274962, "pol3": -0.29975073565360866, "pol4": -0.810038121271137, "v0s": 4.810914909201879}, "datetime": {"datetime": "2022-02-05 06:11:42", "elapsed": 126901.337906, "delta": 297.050273}}
{"target": 2.8457668641058564, "params": {"I": 2.4527813104819622, "d1": -1.951753566376237, "d2": -1.640024333012637, "d3": 0.20703787442013377, "d4": -2.833459698131555, "p1": 12.341234257781302, "p2": 18.761044271733248, "p3": 7.690057751907631, "p4": 11.522282243184945, "pol1": -0.8483570553683821, "pol2": -0.9446527358711736, "pol3": -0.46374441453200377, "pol4": -0.6906602105077231, "v0s": 2.8457668641058564}, "datetime": {"datetime": "2022-02-05 06:13:49", "elapsed": 127028.100543, "delta": 126.762637}}
{"target": -1.0, "params": {"I": 8.61842711720189, "d1": -1.9386377880711696, "d2": -1.5238842024374546, "d3": -0.9442846936780862, "d4": -2.5984631629292405, "p1": 1.5191420406906353, "p2": 38.25426567391022, "p3": 20.75246242504825, "p4": 11.789922537731162, "pol1": -0.13334356567907113, "pol2": 0.9665526005934455, "pol3": -0.03549725864613973, "pol4": -0.30170840872714466, "v0s": 6.8252187983053645}, "datetime": {"datetime": "2022-02-05 06:19:32", "elapsed": 127371.263844, "delta": 343.163301}}
{"target": -1.0, "params": {"I": 7.148004793301714, "d1": -1.6805931511147096, "d2": -2.736442193536816, "d3": 0.2934344151411463, "d4": -1.7187630557084486, "p1": 7.6693590686699284, "p2": 14.17093935945774, "p3": 13.490934810827648, "p4": 21.07395665632432, "pol1": -0.9943795547550549, "pol2": 0.46073459145784956, "pol3": -0.9492126815023936, "pol4": 0.4571753188594794, "v0s": 4.555265210681275}, "datetime": {"datetime": "2022-02-05 06:24:18", "elapsed": 127657.393463, "delta": 286.129619}}
{"target": -1.0, "params": {"I": 13.596727979384312, "d1": -0.1053764843053786, "d2": -1.2188586680276448, "d3": -2.7441326613182824, "d4": -2.4981487815268624, "p1": 21.83752155776102, "p2": 15.28629225777427, "p3": 9.147769745922545, "p4": 33.73020341390515, "pol1": -0.7992154687319166, "pol2": -0.31844704391141954, "pol3": -0.8596322400952634, "pol4": 0.19600815690933193, "v0s": 6.439436220403513}, "datetime": {"datetime": "2022-02-05 06:33:46", "elapsed": 128224.483862, "delta": 567.090399}}
{"target": -1.0, "params": {"I": 7.586603636888651, "d1": 0.7315679187192159, "d2": -1.7614052360587271, "d3": -1.436937721820505, "d4": 0.5513337443282817, "p1": 3.114149403999389, "p2": 46.80732364645809, "p3": 15.87356130706552, "p4": 32.81980271681896, "pol1": 0.10355424380817602, "pol2": -0.5284412213021621, "pol3": 0.39017680853321646, "pol4": 0.5473542777933955, "v0s": 3.772188002734204}, "datetime": {"datetime": "2022-02-05 06:38:37", "elapsed": 128515.622105, "delta": 291.138243}}
{"target": -1.0, "params": {"I": 12.212822482103913, "d1": 0.35215207218465894, "d2": 0.5378176707716404, "d3": -2.2774147243320892, "d4": -0.5301306024750976, "p1": 28.01074466829273, "p2": 13.519512375736792, "p3": 9.768552472798714, "p4": 40.2898342537948, "pol1": 0.7031360521555539, "pol2": -0.7208641793161923, "pol3": -0.7399772480193016, "pol4": 0.4407834204452461, "v0s": 7.0948557850953415}, "datetime": {"datetime": "2022-02-05 06:43:46", "elapsed": 128824.517428, "delta": 308.895323}}
{"target": -1.0, "params": {"I": 9.510697466294921, "d1": -2.751344754576275, "d2": -2.8590961732776736, "d3": -1.9559136240486832, "d4": -2.4648612953109534, "p1": 34.41337313069942, "p2": 9.575581062392224, "p3": 3.8093407671092647, "p4": 6.92086912659649, "pol1": 0.32738429124492585, "pol2": -0.6871876707997406, "pol3": -0.19416366244826477, "pol4": -0.617620096744476, "v0s": 6.39211637352043}, "datetime": {"datetime": "2022-02-05 06:51:56", "elapsed": 129315.436444, "delta": 490.919016}}
{"target": -1.0, "params": {"I": 8.17824010150579, "d1": -1.4221153530279085, "d2": -2.7188286286514884, "d3": -0.9192042776696794, "d4": -0.949719507987524, "p1": 7.600401886336572, "p2": 7.021310186657315, "p3": 11.006889468983461, "p4": 10.874972107395548, "pol1": 0.15076452147350583, "pol2": 0.8395757514082134, "pol3": 0.3284905410319654, "pol4": 0.8470710034879865, "v0s": 4.478009566666861}, "datetime": {"datetime": "2022-02-05 06:59:42", "elapsed": 129780.854887, "delta": 465.418443}}
{"target": -1.0, "params": {"I": 19.609690416555896, "d1": 0.2579140810908447, "d2": -1.4439738021784683, "d3": 0.5094489923468517, "d4": -0.2747313202531543, "p1": 35.140953778797, "p2": 26.594249290506717, "p3": 0.5625439717298952, "p4": 12.443128585274993, "pol1": 0.08844158825038995, "pol2": 0.37798859932291107, "pol3": 0.04104545589286257, "pol4": -0.6298609009432794, "v0s": 5.175333801371261}, "datetime": {"datetime": "2022-02-05 07:06:26", "elapsed": 130185.095539, "delta": 404.240652}}
{"target": -1.0, "params": {"I": 7.57543341094999, "d1": -1.1200086933232436, "d2": -2.8698490236720327, "d3": -1.6267345641825552, "d4": 0.15130683587997806, "p1": 47.63556867015186, "p2": 38.07667289627828, "p3": 9.451368763218298, "p4": 46.08341362077123, "pol1": -0.9223756039255382, "pol2": 0.17860429815509193, "pol3": 0.5517605084342276, "pol4": 0.3162039665115035, "v0s": 6.3948989879187685}, "datetime": {"datetime": "2022-02-05 07:14:19", "elapsed": 130657.958814, "delta": 472.863275}}
{"target": -1.0, "params": {"I": 13.627765150151818, "d1": 0.3760540025547092, "d2": -2.0066288220813755, "d3": 0.8661013077874236, "d4": -1.4261728646207263, "p1": 2.4807285365349263, "p2": 49.688104105829176, "p3": 46.24469842871229, "p4": 49.58474091753812, "pol1": -0.49266610978581893, "pol2": 0.3444033412800338, "pol3": -0.6098768451313732, "pol4": -0.7218919366193572, "v0s": 5.0206062662749495}, "datetime": {"datetime": "2022-02-05 07:19:42", "elapsed": 130980.714519, "delta": 322.755705}}
{"target": -1.0, "params": {"I": 11.450685307784031, "d1": -1.4866589098527823, "d2": 0.4682722828196626, "d3": 0.048797009551436954, "d4": 0.33592909959619854, "p1": 23.448068576826874, "p2": 28.411556576176284, "p3": 14.631726383353383, "p4": 32.39407730055718, "pol1": 0.9807083884049184, "pol2": 0.6694769795914275, "pol3": 0.3360996730472279, "pol4": 0.7534159871306421, "v0s": 6.458687981576892}, "datetime": {"datetime": "2022-02-05 07:24:24", "elapsed": 131263.080725, "delta": 282.366206}}
{"target": -1.0, "params": {"I": 10.678697249631265, "d1": 0.3777952611032065, "d2": 0.059350466272691804, "d3": -2.149283762527214, "d4": -1.9521677245528117, "p1": 23.29897097651699, "p2": 24.35304433490333, "p3": 27.32718946833808, "p4": 14.35954966687827, "pol1": -0.6639912783168405, "pol2": -0.8731924676766216, "pol3": -0.4464737224604749, "pol4": -0.8550602343331495, "v0s": 2.9949875231777883}, "datetime": {"datetime": "2022-02-05 07:31:34", "elapsed": 131692.480069, "delta": 429.399344}}
{"target": -1.0, "params": {"I": 14.772431049942321, "d1": -0.14263172848392536, "d2": -0.912577152322398, "d3": -0.8469926541171064, "d4": -0.8521400090643265, "p1": 22.038394109339254, "p2": 8.774308718433922, "p3": 38.2581013743955, "p4": 41.15819696112756, "pol1": -0.07063911355530728, "pol2": -0.1960072215340134, "pol3": -0.5139517154970421, "pol4": -0.8735941546491186, "v0s": 7.411934311797242}, "datetime": {"datetime": "2022-02-05 07:37:15", "elapsed": 132034.220246, "delta": 341.740177}}
{"target": -1.0, "params": {"I": 15.602992264314091, "d1": 0.5052802558914666, "d2": -1.099286385474815, "d3": -2.276907406534426, "d4": -2.1798808453469585, "p1": 27.797157409124463, "p2": 13.807339059846708, "p3": 33.41367272641912, "p4": 25.886756741210483, "pol1": 0.5312701191101696, "pol2": 0.33404607090355154, "pol3": 0.8962439177469044, "pol4": 0.8927725215148172, "v0s": 6.903812668522865}, "datetime": {"datetime": "2022-02-05 07:42:13", "elapsed": 132331.851068, "delta": 297.630822}}
{"target": -1.0, "params": {"I": 19.363611725313636, "d1": -1.9860980802126842, "d2": 0.7630589044444949, "d3": 0.6211284909760826, "d4": -0.37560763666735975, "p1": 25.302701045139557, "p2": 23.509323318243286, "p3": 39.92305764391204, "p4": 43.92009244456679, "pol1": 0.8887166717470791, "pol2": -0.9417972859253176, "pol3": -0.8292420622990784, "pol4": -0.6334558884702832, "v0s": 3.4218562138170405}, "datetime": {"datetime": "2022-02-05 07:47:57", "elapsed": 132676.136849, "delta": 344.285781}}
{"target": -1.0, "params": {"I": 12.146519019634491, "d1": 0.49785774552943396, "d2": 0.13160668720544821, "d3": -0.6528189006712082, "d4": -0.7011198486142711, "p1": 8.761454520317201, "p2": 3.7599797521845115, "p3": 24.96583113560092, "p4": 31.7890315387719, "pol1": 0.1195570558626824, "pol2": -0.7902206329754025, "pol3": -0.052179657918018485, "pol4": 0.4972457934088983, "v0s": 7.1026430802633245}, "datetime": {"datetime": "2022-02-05 07:53:01", "elapsed": 132980.418959, "delta": 304.28211}}
{"target": -1.0, "params": {"I": 18.438586761104098, "d1": -0.3063161055637118, "d2": -0.9168308458366679, "d3": -1.0103830547368267, "d4": -1.5122866544021805, "p1": 18.304594829041843, "p2": 2.216824791129773, "p3": 33.17928107084714, "p4": 32.58093296495627, "pol1": -0.025935716066090908, "pol2": -0.024445621918435023, "pol3": -0.5127951040727099, "pol4": 0.8375077353454512, "v0s": 7.3169603798479805}, "datetime": {"datetime": "2022-02-05 07:58:50", "elapsed": 133328.91837, "delta": 348.499411}}
{"target": -1.0, "params": {"I": 11.888131366307302, "d1": 0.5999795685601961, "d2": -0.9486805448159594, "d3": -0.19856935676929943, "d4": -1.7758255360955726, "p1": 14.734574213380059, "p2": 14.872882047005987, "p3": 34.80739074310256, "p4": 33.90746306831346, "pol1": 0.721613920206259, "pol2": -0.14893222956215646, "pol3": 0.3357119942383686, "pol4": -0.9774908321253808, "v0s": 5.451780079976691}, "datetime": {"datetime": "2022-02-05 08:03:29", "elapsed": 133608.222524, "delta": 279.304154}}
{"target": -1.0, "params": {"I": 3.2762412549148836, "d1": -2.5113342996191945, "d2": -2.042398865484457, "d3": -1.1618830482003788, "d4": 0.8292934261258291, "p1": 25.966968411305942, "p2": 20.952764901279913, "p3": 35.716156375795336, "p4": 9.504646284389024, "pol1": -0.5773880896343637, "pol2": -0.4161003560435881, "pol3": -0.04430903560374588, "pol4": 0.3833476967572649, "v0s": 4.2775849997278845}, "datetime": {"datetime": "2022-02-05 08:07:19", "elapsed": 133838.168792, "delta": 229.946268}}
{"target": -1.0, "params": {"I": 15.173159810074672, "d1": -1.649596265933564, "d2": -0.33025650024053954, "d3": -0.1774447300422506, "d4": -0.9114197966304998, "p1": 21.148504783992227, "p2": 12.760282504854004, "p3": 21.732158249099186, "p4": 15.448387809232845, "pol1": 0.257451134448099, "pol2": 0.876326372343645, "pol3": -0.26894999390539787, "pol4": 0.47135251899982955, "v0s": 4.711998994972979}, "datetime": {"datetime": "2022-02-05 08:12:20", "elapsed": 134139.286342, "delta": 301.11755}}
{"target": -1.0, "params": {"I": 17.117329987458586, "d1": -0.5340293782197119, "d2": -0.15722553149183582, "d3": 0.7557158413253848, "d4": -1.1044046080587884, "p1": 27.2543485615601, "p2": 7.208760201845211, "p3": 44.265157803801955, "p4": 18.455800015071283, "pol1": -0.42744467591580837, "pol2": 0.9733351925269329, "pol3": 0.9742942047152825, "pol4": -0.5187535460079982, "v0s": 3.3318575391894836}, "datetime": {"datetime": "2022-02-05 08:19:20", "elapsed": 134559.259288, "delta": 419.972946}}
{"target": -1.0, "params": {"I": 9.040203166808793, "d1": 0.7757721815786005, "d2": -0.9136859386306782, "d3": -0.02383076084740532, "d4": -0.9056667967600593, "p1": 1.2455745873691804, "p2": 46.565337999486495, "p3": 43.96627447605815, "p4": 45.08094271707255, "pol1": -0.10589346102783792, "pol2": -0.0847906670369929, "pol3": -0.28374049734527595, "pol4": 0.1024118658135722, "v0s": 2.7276737262488004}, "datetime": {"datetime": "2022-02-05 08:24:34", "elapsed": 134873.296644, "delta": 314.037356}}
{"target": -1.0, "params": {"I": 12.41320977223608, "d1": -2.6549099555419193, "d2": -2.585081875881666, "d3": 0.5998038267692514, "d4": 0.99009166009456, "p1": 26.388690973612526, "p2": 6.727284532981298, "p3": 8.850445844203026, "p4": 44.17763244696389, "pol1": -0.5223748426211234, "pol2": 0.9802866303903228, "pol3": -0.44015973568512123, "pol4": 0.3551792918564689, "v0s": 4.857887690856958}, "datetime": {"datetime": "2022-02-05 08:30:11", "elapsed": 135209.521198, "delta": 336.224554}}
{"target": -1.0, "params": {"I": 17.040927199645726, "d1": -2.590372211157308, "d2": -2.8321551310727773, "d3": -1.7880300352592489, "d4": -0.09134076025441074, "p1": 19.634215597180717, "p2": 16.732948564207483, "p3": 32.186584599484, "p4": 49.14072935446174, "pol1": -0.25919586278606443, "pol2": 0.5397138810949138, "pol3": -0.48695257504346223, "pol4": -0.36383908101383144, "v0s": 4.813863433699178}, "datetime": {"datetime": "2022-02-05 08:37:42", "elapsed": 135660.987299, "delta": 451.466101}}
{"target": -1.0, "params": {"I": 5.70919755854836, "d1": 0.1517938491717321, "d2": 0.9590896845245518, "d3": -0.002945733438216802, "d4": 0.7270903641172639, "p1": 9.161503619032851, "p2": 40.48793681406001, "p3": 36.194331068980155, "p4": 3.150829004588973, "pol1": -0.22344007229296414, "pol2": 0.8345454770122325, "pol3": -0.3199667962953896, "pol4": 0.04257753340745918, "v0s": 3.977725105854099}, "datetime": {"datetime": "2022-02-05 08:42:03", "elapsed": 135921.680163, "delta": 260.692864}}
{"target": -1.0, "params": {"I": 11.580489247118924, "d1": -2.6678480841203176, "d2": -1.2892934967684293, "d3": -0.9897027683759858, "d4": 0.26586386877461354, "p1": 22.64712253227726, "p2": 27.11241362698611, "p3": 41.018626314320414, "p4": 0.7017746511823963, "pol1": -0.43508214783333465, "pol2": -0.5294131455830917, "pol3": 0.04090262411976564, "pol4": 0.46620840643750827, "v0s": 4.954234373380673}, "datetime": {"datetime": "2022-02-05 08:47:12", "elapsed": 136231.44848, "delta": 309.768317}}
{"target": -1.0, "params": {"I": 5.818217031098715, "d1": 0.8705069945525383, "d2": -2.405562745404254, "d3": 0.017863816330146776, "d4": -0.45598485855490845, "p1": 29.005162820909963, "p2": 29.26317980508425, "p3": 38.56340247208353, "p4": 19.259659266773514, "pol1": 0.35054455376626437, "pol2": 0.01404239791875983, "pol3": 0.21488900850423565, "pol4": 0.6880514076475244, "v0s": 6.048723639201037}, "datetime": {"datetime": "2022-02-05 08:51:42", "elapsed": 136500.676978, "delta": 269.228498}}
{"target": -1.0, "params": {"I": 12.447079696393196, "d1": -2.8723754332530937, "d2": -2.9548534736864007, "d3": -0.2927244565179201, "d4": 0.7146559730017916, "p1": 34.83499132423819, "p2": 20.658583447485622, "p3": 29.9153999708106, "p4": 45.77437080506403, "pol1": 0.7567906773737403, "pol2": 0.12816869076743953, "pol3": -0.2100262520462186, "pol4": -0.553820716057648, "v0s": 4.430168669485727}, "datetime": {"datetime": "2022-02-05 08:57:05", "elapsed": 136824.358185, "delta": 323.681207}}
{"target": 2.869373851419851, "params": {"I": 1.602953921489866, "d1": -2.59027588881591, "d2": 0.02131272381125493, "d3": -1.416581121790081, "d4": -2.6396884609682223, "p1": 45.93428256374123, "p2": 22.593354867436165, "p3": 42.79663668295209, "p4": 6.826279421175119, "pol1": 0.98503991948262, "pol2": -0.18301009371354615, "pol3": -0.03754938788419948, "pol4": -0.8114637641237381, "v0s": 2.869373851419851}, "datetime": {"datetime": "2022-02-05 09:03:01", "elapsed": 137179.686164, "delta": 355.327979}}
{"target": -1.0, "params": {"I": 7.2559327091049255, "d1": -1.6959881334000633, "d2": -2.052127182234245, "d3": -1.4955415864811097, "d4": -0.8471452372136916, "p1": 21.325932938913468, "p2": 48.55635421424563, "p3": 15.047491016853753, "p4": 13.87575126430799, "pol1": -0.36537815940493035, "pol2": -0.5969036281903404, "pol3": 0.865584601750665, "pol4": -0.6637595448400937, "v0s": 2.748558246534232}, "datetime": {"datetime": "2022-02-05 09:05:52", "elapsed": 137350.510469, "delta": 170.824305}}
{"target": -1.0, "params": {"I": 5.19733099286877, "d1": -2.2919878027284994, "d2": -2.873126307070839, "d3": 0.19319779303944262, "d4": -2.314558913890723, "p1": 13.753446533327402, "p2": 10.764229872805958, "p3": 24.5671873320395, "p4": 34.31282456430746, "pol1": -0.2846479789823073, "pol2": 0.7936031208253329, "pol3": 0.13411583985987607, "pol4": -0.4384131155763533, "v0s": 6.766632245676294}, "datetime": {"datetime": "2022-02-05 09:10:30", "elapsed": 137629.246434, "delta": 278.735965}}
{"target": -1.0, "params": {"I": 19.393048693356366, "d1": 0.5607648241561041, "d2": -0.3422803997631987, "d3": 0.4830419745321235, "d4": -2.50561904666436, "p1": 35.83052879130275, "p2": 35.98800733068999, "p3": 2.6950649616205413, "p4": 7.862713871603266, "pol1": -0.5908802447168362, "pol2": -0.33983513885115757, "pol3": 0.5897895998062346, "pol4": 0.25148541992358586, "v0s": 2.7572941694902955}, "datetime": {"datetime": "2022-02-05 09:18:35", "elapsed": 138114.306351, "delta": 485.059917}}
