{"target": -1.0, "params": {"Bgrad": 1.918326507729552, "d1": -2.3809898281601973, "d2": -1.8789812465399436, "d3": -2.105352466546321, "d4": -2.4418070285623923, "p1": 2.6855902735752113, "p2": 30.98590070533796, "p3": 22.82048589795047, "p4": 21.69553007650914, "pol1": -0.656429492775576, "pol2": -0.5505018859760735, "pol3": -0.26080551417974607, "pol4": -0.31686090586876636, "v0s": 3.563221493121932}, "datetime": {"datetime": "2022-04-30 14:19:40", "elapsed": 168492.594425, "delta": 60.908143}}
{"target": 4.120316889488884, "params": {"Bgrad": 1.6377367432896923, "d1": -2.380406863066573, "d2": 0.2705140245912716, "d3": -2.1127376183631723, "d4": -2.1466457337941005, "p1": 22.199418731920122, "p2": 27.379724950902784, "p3": 10.09145050389506, "p4": 36.08824366684375, "pol1": -0.4633101773768473, "pol2": -0.9823509333889875, "pol3": -0.5825313970624868, "pol4": 0.0472967373228419, "v0s": 4.120316889488884}, "datetime": {"datetime": "2022-04-30 14:20:30", "elapsed": 168542.886952, "delta": 50.292527}}
{"target": -1.0, "params": {"Bgrad": 1.7463876561210596, "d1": -0.5318374419253704, "d2": 0.9122673926163447, "d3": -0.706099844488294, "d4": 0.3200170630682151, "p1": 25.428226360755335, "p2": 23.143277681323937, "p3": 9.519904026871707, "p4": 32.78510598710728, "pol1": -0.6727523204201382, "pol2": 0.07408062984994035, "pol3": -0.7320189723529693, "pol4": -0.04724390638107301, "v0s": 4.733715436192336}, "datetime": {"datetime": "2022-04-30 14:21:20", "elapsed": 168592.788524, "delta": 49.901572}}
{"target": -1.0, "params": {"Bgrad": 1.698211784160399, "d1": -0.3742343061016222, "d2": -0.8640989643080355, "d3": -0.6687503360750973, "d4": 0.20949283273544328, "p1": 25.456516040065207, "p2": 21.004179022387188, "p3": 35.69278655572053, "p4": 8.450326376974399, "pol1": -0.46829977267717404, "pol2": 0.6792609169844599, "pol3": 0.08184817937380884, "pol4": -0.23869715415519654, "v0s": 3.554908780244907}, "datetime": {"datetime": "2022-04-30 14:22:17", "elapsed": 168649.570699, "delta": 56.782175}}
{"target": -1.0, "params": {"Bgrad": 1.3510496819051343, "d1": 0.8588440734516434, "d2": 0.877896481481272, "d3": -2.5090467779700973, "d4": -2.6551121343100474, "p1": 4.739628866354057, "p2": 20.233029048998652, "p3": 12.80087980503718, "p4": 25.729711237900172, "pol1": 0.5902970234882685, "pol2": -0.5908863122970971, "pol3": -0.3807829983062423, "pol4": 0.05667689863221037, "v0s": 3.905968834072244}, "datetime": {"datetime": "2022-04-30 14:23:20", "elapsed": 168712.807615, "delta": 63.236916}}
{"target": -1.0, "params": {"Bgrad": 0.7110363209682256, "d1": -2.4566808431956497, "d2": 0.22019455286856449, "d3": 0.4528627564613239, "d4": -0.41313428654690965, "p1": 1.674340974372196, "p2": 1.5717009215083788, "p3": 38.97988408858355, "p4": 47.15018418194744, "pol1": -0.7380924641977078, "pol2": -0.00676767488533736, "pol3": -0.15036589235758124, "pol4": -0.8248817948095071, "v0s": 4.622913287117092}, "datetime": {"datetime": "2022-04-30 14:23:58", "elapsed": 168751.071305, "delta": 38.26369}}
{"target": -1.0, "params": {"Bgrad": 0.864813976684041, "d1": -1.2026177024972715, "d2": -0.1490641346079098, "d3": 0.8363242166379958, "d4": -1.6621727424745152, "p1": 40.868410682058084, "p2": 42.45696782141867, "p3": 31.45664631100219, "p4": 34.730009972729604, "pol1": -0.9406000415291129, "pol2": 0.18610952039481865, "pol3": 0.19897470804070716, "pol4": 0.17604798288855994, "v0s": 3.84126520294898}, "datetime": {"datetime": "2022-04-30 14:24:36", "elapsed": 168788.888189, "delta": 37.816884}}
{"target": -1.0, "params": {"Bgrad": 1.2668738853556445, "d1": -1.1302813637267106, "d2": -0.7475051545045539, "d3": -1.1386418453490421, "d4": -2.538977148402207, "p1": 5.29567083898263, "p2": 13.44074604299551, "p3": 35.86249723761304, "p4": 3.293846235741732, "pol1": 0.5385039013859805, "pol2": 0.8788436179040775, "pol3": -0.5568022358199574, "pol4": 0.30422271978766013, "v0s": 5.9600419696725755}, "datetime": {"datetime": "2022-04-30 14:25:20", "elapsed": 168833.152834, "delta": 44.264645}}
{"target": 2.379318281462242, "params": {"Bgrad": 1.9887507757951697, "d1": -2.2875098363373865, "d2": -1.5421890583171876, "d3": -0.7195911097184109, "d4": 0.3230901918572881, "p1": 37.05226588002151, "p2": 10.976099810741067, "p3": 26.880289186078453, "p4": 38.56690131312514, "pol1": -0.02996138225152685, "pol2": 0.1372786464713569, "pol3": -0.552311334250725, "pol4": 0.3204612136732678, "v0s": 2.379318281462242}, "datetime": {"datetime": "2022-04-30 14:26:00", "elapsed": 168873.335393, "delta": 40.182559}}
{"target": -1.0, "params": {"Bgrad": 1.055713990155111, "d1": -2.3092112060373817, "d2": -0.7761852853484461, "d3": -2.227111551485566, "d4": -0.23628644727434134, "p1": 47.702255066660946, "p2": 42.9006520475903, "p3": 6.530172565915754, "p4": 22.003775761669214, "pol1": 0.870845578678451, "pol2": 0.3391212325720736, "pol3": -0.09822262315249652, "pol4": 0.5283717386287579, "v0s": 4.11761908339775}, "datetime": {"datetime": "2022-04-30 14:26:41", "elapsed": 168914.029584, "delta": 40.694191}}
{"target": -1.0, "params": {"Bgrad": 1.060416476722397, "d1": -1.5826748845990029, "d2": -1.160477854392326, "d3": -0.48460131681573015, "d4": -1.8676367975242165, "p1": 0.5841912410628813, "p2": 8.601244288225296, "p3": 21.964584744666197, "p4": 20.377566277961346, "pol1": -0.2930957575089401, "pol2": -0.330442427299944, "pol3": 0.06289220695182274, "pol4": -0.7184461737729448, "v0s": 4.313465047006094}, "datetime": {"datetime": "2022-04-30 14:27:37", "elapsed": 168970.07074, "delta": 56.041156}}
{"target": -1.0, "params": {"Bgrad": 1.0476333534773212, "d1": -1.7421415984664144, "d2": -0.3396388666290986, "d3": -2.7046417453216827, "d4": 0.17998924077535694, "p1": 30.560653885629364, "p2": 27.539130454704896, "p3": 8.95405733591867, "p4": 8.025505421102002, "pol1": 0.636105709148929, "pol2": 0.6352880957383793, "pol3": -0.6079102421988407, "pol4": 0.5349389476927651, "v0s": 4.787007459095553}, "datetime": {"datetime": "2022-04-30 14:28:46", "elapsed": 169039.288664, "delta": 69.217924}}
{"target": -1.0, "params": {"Bgrad": 1.6684446628143714, "d1": -2.0115406646468053, "d2": -1.7968009111903436, "d3": -0.6320931983649528, "d4": 1.0, "p1": 1.6448231289771955, "p2": 3.5240387953590093, "p3": 15.21677897350831, "p4": 18.81560308030481, "pol1": -1.0, "pol2": 0.4424293167345379, "pol3": -0.2994891223846873, "pol4": 1.0, "v0s": 3.611326045157315}, "datetime": {"datetime": "2022-04-30 14:29:37", "elapsed": 169090.395015, "delta": 51.106351}}
{"target": 4.168771195245309, "params": {"Bgrad": 1.9615345569471656, "d1": -1.0664237167548387, "d2": 0.30292011827871046, "d3": -1.5347032214675282, "d4": -2.8234642386064057, "p1": 0.7729369560403643, "p2": 27.78645347756992, "p3": 10.911367216116114, "p4": 15.403514741744422, "pol1": -0.6107617624693541, "pol2": 0.6521185711705055, "pol3": 0.6237744207357163, "pol4": 0.020594685076069624, "v0s": 4.168771195245309}, "datetime": {"datetime": "2022-04-30 14:30:17", "elapsed": 169130.385089, "delta": 39.990074}}
{"target": -1.0, "params": {"Bgrad": 1.2313455111923863, "d1": -2.747677447148764, "d2": -0.6804372345431378, "d3": -1.6420592121561257, "d4": 0.8337975332491867, "p1": 7.778872987245489, "p2": 5.523780077499113, "p3": 27.755449702967095, "p4": 12.342323111511927, "pol1": 0.029584040486281493, "pol2": 0.6326018611029527, "pol3": 0.5189140690262668, "pol4": 0.7274920813716024, "v0s": 3.5469014036054896}, "datetime": {"datetime": "2022-04-30 14:30:56", "elapsed": 169169.13448, "delta": 38.749391}}
{"target": -1.0, "params": {"Bgrad": 1.005607537873885, "d1": -0.5632373791123055, "d2": 0.06303202524474338, "d3": -1.131951419373792, "d4": -2.011357231268661, "p1": 45.66539652514357, "p2": 42.58893096912498, "p3": 6.19945318827047, "p4": 22.618692328975413, "pol1": 0.306502425495355, "pol2": 0.8396717628305534, "pol3": 0.19170577825314905, "pol4": 0.703011371952766, "v0s": 4.169436134339506}, "datetime": {"datetime": "2022-04-30 14:31:34", "elapsed": 169206.927429, "delta": 37.792949}}
{"target": 3.4166496294652653, "params": {"Bgrad": 1.6431384520187324, "d1": 0.19740529800606174, "d2": -0.236150056852042, "d3": -1.1063817270442282, "d4": -1.3326502786820622, "p1": 25.28958492490495, "p2": 6.747382707406467, "p3": 32.12317913925587, "p4": 28.510670966340744, "pol1": -0.6551213895094166, "pol2": 0.09782832975621429, "pol3": 0.17835159769692788, "pol4": -0.395613516040247, "v0s": 3.4166496294652653}, "datetime": {"datetime": "2022-04-30 14:32:15", "elapsed": 169247.903865, "delta": 40.976436}}
{"target": 4.772847023402733, "params": {"Bgrad": 0.7321364555163388, "d1": -2.0256940982055496, "d2": 0.1265501246161147, "d3": -1.552999099551612, "d4": -1.91680349588614, "p1": 1.5764103790027684, "p2": 13.710736449464372, "p3": 14.16064267546895, "p4": 5.15883599206583, "pol1": -0.3106486648344644, "pol2": 0.8791699471549224, "pol3": -0.06471761474530191, "pol4": -0.4758113664887855, "v0s": 4.772847023402733}, "datetime": {"datetime": "2022-04-30 14:34:01", "elapsed": 169354.023121, "delta": 106.119256}}
{"target": 4.447438921985045, "params": {"Bgrad": 1.1466065254410984, "d1": -1.0618224986138614, "d2": 0.7066680874616691, "d3": -0.4985844906148065, "d4": -2.3100080094543998, "p1": 39.48434833649455, "p2": 40.6695800192606, "p3": 31.496519230570158, "p4": 37.32072494666676, "pol1": -0.0750885776855291, "pol2": 0.7109436729335923, "pol3": 0.29710202869886954, "pol4": 0.2650296650993694, "v0s": 4.447438921985045}, "datetime": {"datetime": "2022-04-30 14:34:45", "elapsed": 169398.450331, "delta": 44.42721}}
{"target": -1.0, "params": {"Bgrad": 1.8108529881871762, "d1": -2.460601164753751, "d2": 0.9525491823202312, "d3": -1.113117550512908, "d4": -1.4217264060245038, "p1": 2.837901628227779, "p2": 16.588907342464292, "p3": 11.917482738267848, "p4": 3.75525928952416, "pol1": 0.37525494639929713, "pol2": -0.9526430611425605, "pol3": 0.5321907071900169, "pol4": -0.32908076238662587, "v0s": 5.670316239442802}, "datetime": {"datetime": "2022-04-30 14:35:34", "elapsed": 169447.302709, "delta": 48.852378}}
{"target": 3.4563931662587, "params": {"Bgrad": 1.507716970781459, "d1": -1.572099364452317, "d2": -2.8675532858599007, "d3": -2.422551705193786, "d4": -2.6484067982376023, "p1": 24.872847291553942, "p2": 32.0312369855144, "p3": 43.78186664951905, "p4": 45.5682670692271, "pol1": -0.24226222157929214, "pol2": 0.50686055004101, "pol3": -0.35205417820597323, "pol4": -0.0684186242329633, "v0s": 3.4563931662587}, "datetime": {"datetime": "2022-04-30 14:37:01", "elapsed": 169534.285133, "delta": 86.982424}}
{"target": 3.7986642954170846, "params": {"Bgrad": 1.2634763592004266, "d1": -0.3873575396190518, "d2": 0.5564293358176262, "d3": -2.8226345596630265, "d4": -0.3697058947513925, "p1": 5.5128350599439, "p2": 3.277720888192748, "p3": 30.39891478811956, "p4": 13.673196160742375, "pol1": -0.32462758017585386, "pol2": 0.6439655250249089, "pol3": -0.6224665953748292, "pol4": 0.4856164352759418, "v0s": 3.7986642954170846}, "datetime": {"datetime": "2022-04-30 14:38:55", "elapsed": 169648.151676, "delta": 113.866543}}
{"target": 4.0568989359018115, "params": {"Bgrad": 1.460676855744011, "d1": -2.0434678985213326, "d2": 0.15498587738514172, "d3": -1.566841056590853, "d4": -1.9728926978585326, "p1": 36.476427269453104, "p2": 10.534586912574715, "p3": 9.031846367489818, "p4": 26.740000767410212, "pol1": -1.0, "pol2": -0.9473162130137692, "pol3": 0.7512328676530857, "pol4": 0.03459533595256137, "v0s": 4.0568989359018115}, "datetime": {"datetime": "2022-04-30 14:39:52", "elapsed": 169705.522277, "delta": 57.370601}}
{"target": -1.0, "params": {"Bgrad": 1.7890509967511756, "d1": -2.8467506812015664, "d2": -0.2892185268644196, "d3": -2.211836762357885, "d4": -2.665809163073672, "p1": 7.477860412288795, "p2": 0.43852396011372363, "p3": 39.466459131344486, "p4": 47.699934640749206, "pol1": 0.64185529882514, "pol2": 0.1951483533001943, "pol3": 0.4119941554098534, "pol4": -0.6686979490864273, "v0s": 3.905806315043245}, "datetime": {"datetime": "2022-04-30 14:40:32", "elapsed": 169744.642676, "delta": 39.120399}}
{"target": -1.0, "params": {"Bgrad": 1.893979277505696, "d1": -1.664343419999366, "d2": -0.09774747389779881, "d3": -2.0114590030893034, "d4": -0.7795633861009765, "p1": 20.690557892821037, "p2": 26.87787065981717, "p3": 9.325580756582868, "p4": 35.874239603940104, "pol1": 0.7897568534504242, "pol2": -0.6796456702828566, "pol3": -0.9270466249834779, "pol4": -0.34380463373857895, "v0s": 3.551270422250189}, "datetime": {"datetime": "2022-04-30 14:42:03", "elapsed": 169836.455187, "delta": 91.812511}}
{"target": -1.0, "params": {"Bgrad": 0.9411977584431288, "d1": -2.944693234786464, "d2": -0.6147346144178503, "d3": -1.4904694751156833, "d4": -2.493998877709686, "p1": 32.68632760438031, "p2": 5.018317421175866, "p3": 6.812670754989564, "p4": 25.374005711698018, "pol1": -0.9404003996453258, "pol2": -0.6556185128770771, "pol3": -0.415207279353784, "pol4": 0.29931430991470576, "v0s": 2.6758304590684263}, "datetime": {"datetime": "2022-04-30 14:42:56", "elapsed": 169888.794241, "delta": 52.339054}}
{"target": 3.39258190382598, "params": {"Bgrad": 1.0969192811564075, "d1": -1.4427136256290862, "d2": -0.2420007776463926, "d3": 0.0274691899431434, "d4": -2.524436678574929, "p1": 7.4858690922479205, "p2": 0.618123113039204, "p3": 37.05787968269461, "p4": 46.53174674912546, "pol1": -0.7300790561475301, "pol2": 0.40386609936555207, "pol3": 0.6575457917178216, "pol4": 0.9316158994749089, "v0s": 3.39258190382598}, "datetime": {"datetime": "2022-04-30 14:43:34", "elapsed": 169927.463846, "delta": 38.669605}}
{"target": -1.0, "params": {"Bgrad": 1.8537467698829748, "d1": 1.0, "d2": -0.1450675097358502, "d3": -1.1301037845465791, "d4": -0.05829607152817137, "p1": 26.092367466845655, "p2": 21.267084403608997, "p3": 35.71914231365107, "p4": 8.46626738693965, "pol1": -0.7188859628533607, "pol2": -0.7385097004004124, "pol3": 0.38949867206928807, "pol4": 0.034402203396382336, "v0s": 2.525872969804649}, "datetime": {"datetime": "2022-04-30 14:44:25", "elapsed": 169977.595802, "delta": 50.131956}}
{"target": -1.0, "params": {"Bgrad": 1.2066333992053178, "d1": -2.0187384315703025, "d2": -0.6031780799026838, "d3": -0.8853923165176281, "d4": -1.558059006333162, "p1": 27.489601313733615, "p2": 26.994056326095023, "p3": 8.833206596881126, "p4": 7.345986004608839, "pol1": -0.646086179360938, "pol2": -0.01433005430792944, "pol3": 0.4790668130203055, "pol4": -0.11665606732515421, "v0s": 4.035742558351724}, "datetime": {"datetime": "2022-04-30 14:45:27", "elapsed": 170039.727673, "delta": 62.131871}}
{"target": -1.0, "params": {"Bgrad": 1.7639890525127497, "d1": -2.9809298963036266, "d2": -0.6271467266556954, "d3": -2.6560293822867598, "d4": -2.5501477637101, "p1": 5.81805228304435, "p2": 0.9535761242334906, "p3": 37.62444961296074, "p4": 46.172643164882615, "pol1": 0.3835801405475918, "pol2": 0.6548301513343622, "pol3": 0.14318425024205994, "pol4": 0.3445654640081024, "v0s": 2.9213248760616457}, "datetime": {"datetime": "2022-04-30 14:46:04", "elapsed": 170077.487709, "delta": 37.760036}}
{"target": -1.0, "params": {"Bgrad": 0.9877431276942157, "d1": -2.4281466729373897, "d2": -0.4266688062849604, "d3": 0.5632235456745813, "d4": -1.714669206399599, "p1": 31.45412863745749, "p2": 8.603114920422417, "p3": 9.094388909366247, "p4": 26.366512784861484, "pol1": 0.8421420350115367, "pol2": -0.7491788448885544, "pol3": 0.2960078845955987, "pol4": 0.1735387412117002, "v0s": 4.515133856595398}, "datetime": {"datetime": "2022-04-30 14:46:50", "elapsed": 170122.971095, "delta": 45.483386}}
{"target": -1.0, "params": {"Bgrad": 1.8546541306974196, "d1": -1.4676619182706214, "d2": -0.6232032756387289, "d3": -0.6182328462880724, "d4": 0.5245989723920408, "p1": 3.123929754396715, "p2": 6.384699106888537, "p3": 23.40203852550191, "p4": 18.227574475073528, "pol1": 0.7621486254317322, "pol2": 0.6708485920777016, "pol3": -0.18864445419566422, "pol4": 0.1969732791873815, "v0s": 4.994949782163127}, "datetime": {"datetime": "2022-04-30 14:48:35", "elapsed": 170227.982315, "delta": 105.01122}}
{"target": -1.0, "params": {"Bgrad": 0.5244998019285203, "d1": -1.788845485417843, "d2": 0.3029130623419327, "d3": -2.2608520322025614, "d4": -1.4119168820297974, "p1": 29.92129444227436, "p2": 46.41293304019921, "p3": 24.864568028136073, "p4": 27.6180153879345, "pol1": 0.08178926060267977, "pol2": -0.5481266900036128, "pol3": -0.7036630286797587, "pol4": -0.7388157971580536, "v0s": 5.0585035671469685}, "datetime": {"datetime": "2022-04-30 14:49:23", "elapsed": 170276.492607, "delta": 48.510292}}
{"target": -1.0, "params": {"Bgrad": 1.3476240362712448, "d1": -2.624327868008118, "d2": 0.13991315971393092, "d3": -1.9200523826601588, "d4": 0.3526894084531067, "p1": 30.72654702757384, "p2": 45.695657991267886, "p3": 25.39155524478408, "p4": 26.929830509371556, "pol1": -0.6535388042110251, "pol2": -0.7422460857411488, "pol3": 0.5654353139135135, "pol4": 0.03786833259243072, "v0s": 5.363853415572266}, "datetime": {"datetime": "2022-04-30 14:50:19", "elapsed": 170332.152781, "delta": 55.660174}}
{"target": 3.4345572386843655, "params": {"Bgrad": 1.8789432616199833, "d1": -1.4964005098606834, "d2": -1.2265075859740056, "d3": -2.055053533039987, "d4": -1.7711514082023254, "p1": 27.095345031754615, "p2": 46.07034391090835, "p3": 22.940290802138747, "p4": 28.222673196202585, "pol1": -0.824938774956359, "pol2": 0.3478370672241071, "pol3": 0.46138730870637, "pol4": -0.7261085681926442, "v0s": 3.4345572386843655}, "datetime": {"datetime": "2022-04-30 14:51:18", "elapsed": 170391.113132, "delta": 58.960351}}
{"target": 3.35665202904113, "params": {"Bgrad": 1.778516010211569, "d1": -1.2238924174327668, "d2": 0.868766311440619, "d3": -1.0543197673071063, "d4": 0.052276874012635144, "p1": 23.009899516295913, "p2": 23.50401174524208, "p3": 9.196310262363628, "p4": 31.909331521690763, "pol1": -0.6583033908705873, "pol2": -0.5776941541825833, "pol3": -0.7408731616079696, "pol4": 0.4919198245588867, "v0s": 3.35665202904113}, "datetime": {"datetime": "2022-04-30 14:52:07", "elapsed": 170439.628411, "delta": 48.515279}}
{"target": 4.783378875290416, "params": {"Bgrad": 1.2184292297638257, "d1": -1.9732305959466663, "d2": 0.45056948649450285, "d3": -1.173494995001659, "d4": -1.1460928615746593, "p1": 5.111937439324827, "p2": 13.648116903729672, "p3": 35.32936182236729, "p4": 2.9224428533014586, "pol1": -0.2984745356699919, "pol2": 0.2894593727662597, "pol3": -0.051964793164031145, "pol4": 0.9033910511891077, "v0s": 4.783378875290416}, "datetime": {"datetime": "2022-04-30 14:53:10", "elapsed": 170502.712735, "delta": 63.084324}}
{"target": 3.4216317215017016, "params": {"Bgrad": 0.944733465482086, "d1": -2.0300919995319058, "d2": 0.5634055292463166, "d3": -3.0, "d4": -0.6074940514410638, "p1": 11.845114070726105, "p2": 11.904714230860098, "p3": 28.84387199152791, "p4": 46.40438115457035, "pol1": -0.6799366967001768, "pol2": 0.16757547790344413, "pol3": 1.0, "pol4": -0.2843698265018124, "v0s": 3.4216317215017016}, "datetime": {"datetime": "2022-04-30 14:53:52", "elapsed": 170545.459438, "delta": 42.746703}}
{"target": -1.0, "params": {"Bgrad": 0.9230386206515628, "d1": -0.7189830663186254, "d2": 0.955218058131516, "d3": -1.319296254680801, "d4": -2.1760032064207313, "p1": 23.853104951838876, "p2": 23.92513601180392, "p3": 6.950081995143631, "p4": 33.489025251882694, "pol1": -0.27082435206284083, "pol2": 0.4327058644014703, "pol3": 0.014891426085065218, "pol4": -0.6032738159438795, "v0s": 5.654959851086326}, "datetime": {"datetime": "2022-04-30 14:54:31", "elapsed": 170583.827848, "delta": 38.36841}}
{"target": -1.0, "params": {"Bgrad": 0.5965462080099111, "d1": -0.47119288166244155, "d2": 0.05314184738549521, "d3": -1.7841174823651578, "d4": -1.0446578996696094, "p1": 14.887669228366358, "p2": 47.44841051566514, "p3": 31.416147346861784, "p4": 12.36875411686163, "pol1": -0.5479251247869763, "pol2": -0.8141051704180018, "pol3": 0.06368552286373208, "pol4": 0.4524566617511745, "v0s": 7.7937188478605925}, "datetime": {"datetime": "2022-04-30 14:56:33", "elapsed": 170705.650117, "delta": 121.822269}}
{"target": -1.0, "params": {"Bgrad": 0.9830957387835714, "d1": -2.906503336321329, "d2": -2.411868645851036, "d3": -1.6180522835788973, "d4": -2.0420781431309933, "p1": 6.1175795319758866, "p2": 1.699779595850609, "p3": 38.33269340213748, "p4": 19.04579602697562, "pol1": -0.6000041299585963, "pol2": -0.5920066272887461, "pol3": -0.5342896619859847, "pol4": -0.28733747063479176, "v0s": 3.5074192168159506}, "datetime": {"datetime": "2022-04-30 14:57:38", "elapsed": 170771.320527, "delta": 65.67041}}
{"target": 3.331395757977065, "params": {"Bgrad": 1.518824792237944, "d1": 0.3530623240856477, "d2": -1.2224941925569968, "d3": -2.0526137226419765, "d4": -2.5539658741976115, "p1": 44.056194460784205, "p2": 32.53263025708167, "p3": 45.757404944320584, "p4": 43.63616865289559, "pol1": -0.24278324601272175, "pol2": 0.31706228833456446, "pol3": 0.006161337011451871, "pol4": -0.3053195546722384, "v0s": 3.331395757977065}, "datetime": {"datetime": "2022-04-30 14:58:16", "elapsed": 170808.909022, "delta": 37.588495}}
{"target": -1.0, "params": {"Bgrad": 1.0480540473743611, "d1": -0.8901277643732608, "d2": 0.9582685765033587, "d3": 0.637773851072597, "d4": -0.0794742067044405, "p1": 4.125182302836706, "p2": 6.898708942871173, "p3": 20.777386973414913, "p4": 17.620658668299065, "pol1": -0.13975785533216434, "pol2": 0.26345275263621204, "pol3": 0.6123074581299368, "pol4": -0.1477467572902813, "v0s": 6.2322152644567685}, "datetime": {"datetime": "2022-04-30 14:58:57", "elapsed": 170850.520759, "delta": 41.611737}}
