{"target": 4.874375830048508, "params": {"Bgrad": 0.5, "d1": -1.823113271766078, "d2": 1.0, "d3": -1.3248822974445598, "d4": -3.0, "p1": 4.118338659205649, "p2": 33.73790921267915, "p3": 33.777137645046835, "p4": 38.37710669537453, "pol1": 0.27229397573981423, "pol2": 0.5632764758778273, "pol3": -0.08942539478661224, "pol4": 0.539148996495474, "v0s": 4.874375830048508}, "datetime": {"datetime": "2022-05-17 23:28:34", "elapsed": 99929.771121, "delta": 99.148814}}
{"target": -1.0, "params": {"Bgrad": 1.7110992061946688, "d1": -2.370071144274625, "d2": -0.028171014388292486, "d3": 1.0, "d4": 0.5612356437751751, "p1": 36.80609973759957, "p2": 15.885102301661885, "p3": 8.271653387487776, "p4": 42.38039705500255, "pol1": 0.38519891357686564, "pol2": -0.3527720903429362, "pol3": 1.0, "pol4": 0.9164393879826207, "v0s": 5.268555608780835}, "datetime": {"datetime": "2022-05-17 23:29:32", "elapsed": 99987.53662, "delta": 57.765499}}
{"target": 4.916741354710455, "params": {"Bgrad": 0.8803886452364522, "d1": -1.6677673924382994, "d2": 0.34996210862336624, "d3": -1.4474404538594132, "d4": -0.3925702794353063, "p1": 1.0537495339701686, "p2": 33.987895718285344, "p3": 31.024620947921996, "p4": 34.60336475108264, "pol1": -0.6523160334012613, "pol2": 0.5974590298467434, "pol3": 0.1405631132262535, "pol4": -0.6567950308569022, "v0s": 4.916741354710455}, "datetime": {"datetime": "2022-05-17 23:30:09", "elapsed": 100024.290318, "delta": 36.753698}}
{"target": 3.3787036687204077, "params": {"Bgrad": 1.3804291771507207, "d1": -0.9427146571887217, "d2": -0.023719059248222596, "d3": -0.5904855295779892, "d4": 0.1257642936272263, "p1": 25.574932094583314, "p2": 40.73049501323893, "p3": 29.33278363668715, "p4": 22.647435250287312, "pol1": -0.6678094876725464, "pol2": -0.7440366645643781, "pol3": -0.8500245066366052, "pol4": 0.17552560339765555, "v0s": 3.3787036687204077}, "datetime": {"datetime": "2022-05-17 23:31:17", "elapsed": 100092.573686, "delta": 68.283368}}
{"target": -1.0, "params": {"Bgrad": 0.9951231237238608, "d1": -1.2975805275160832, "d2": -0.05366764273823854, "d3": -2.6685572695921462, "d4": -2.1556668513845976, "p1": 4.269669857577934, "p2": 33.6131654262788, "p3": 35.71482313362846, "p4": 25.868375054643543, "pol1": -0.005486448796641952, "pol2": -0.8139475320696985, "pol3": -0.43440797593454406, "pol4": 0.30840394725917153, "v0s": 5.729953382354658}, "datetime": {"datetime": "2022-05-17 23:31:56", "elapsed": 100132.136869, "delta": 39.563183}}
{"target": 4.85789792498705, "params": {"Bgrad": 1.6101859697613723, "d1": -2.5842352656190655, "d2": 0.760487238700199, "d3": -2.8261078391777414, "d4": -1.4840776258387793, "p1": 32.55483595629356, "p2": 10.655370275682822, "p3": 41.340340166246754, "p4": 34.61063184090044, "pol1": -0.45206307728277084, "pol2": -0.04088604468060314, "pol3": -0.4388491078436679, "pol4": 0.5972633662506271, "v0s": 4.85789792498705}, "datetime": {"datetime": "2022-05-17 23:32:48", "elapsed": 100183.602218, "delta": 51.465349}}
{"target": 4.42112137702203, "params": {"Bgrad": 2.0, "d1": -1.2055726306509351, "d2": 0.8528382656510501, "d3": -0.5271247156503364, "d4": -0.9267004165815795, "p1": 28.40004705570587, "p2": 40.53102250807922, "p3": 29.067609418737806, "p4": 20.64933595384911, "pol1": -0.821271021165099, "pol2": 0.24780323059096265, "pol3": -0.1349119856525897, "pol4": -1.0, "v0s": 4.42112137702203}, "datetime": {"datetime": "2022-05-17 23:33:45", "elapsed": 100241.06752, "delta": 57.465302}}
{"target": -1.0, "params": {"Bgrad": 0.6057277916241537, "d1": -1.365388388242867, "d2": -1.883505979090426, "d3": -1.255718293407654, "d4": 0.07169518778640516, "p1": 4.529872539137042, "p2": 20.257992413418354, "p3": 3.0183520487290227, "p4": 16.19332263487167, "pol1": -0.44957943335537065, "pol2": 0.22957092647964683, "pol3": -0.5354737923230717, "pol4": 0.27435565862608846, "v0s": 6.743663085479124}, "datetime": {"datetime": "2022-05-17 23:34:33", "elapsed": 100288.277252, "delta": 47.209732}}
{"target": 5.229140402038228, "params": {"Bgrad": 1.3425234344930952, "d1": -3.0, "d2": 0.8746204031380412, "d3": -2.1285105287211823, "d4": -0.886371421046857, "p1": 4.068898238289677, "p2": 34.83839854774908, "p3": 30.549948343631474, "p4": 39.1260156338427, "pol1": 0.023434013880413492, "pol2": 1.0, "pol3": -0.1356077155357167, "pol4": 0.5969868330656236, "v0s": 5.229140402038228}, "datetime": {"datetime": "2022-05-17 23:35:17", "elapsed": 100333.108345, "delta": 44.831093}}
{"target": 5.569332924786659, "params": {"Bgrad": 0.5027144648970723, "d1": -1.61728638051861, "d2": 0.6096948719792823, "d3": -2.97092915654348, "d4": -0.4471082157949482, "p1": 31.996117026682175, "p2": 7.857875689032445, "p3": 39.619010383214324, "p4": 31.936334404610804, "pol1": 0.36850558314242043, "pol2": 0.48563693525513063, "pol3": 0.2889942467626687, "pol4": -0.557834604310919, "v0s": 5.569332924786659}, "datetime": {"datetime": "2022-05-17 23:36:33", "elapsed": 100408.698173, "delta": 75.589828}}
{"target": -1.0, "params": {"Bgrad": 1.74228801628701, "d1": -2.712441619026972, "d2": -0.3355158972519843, "d3": -0.6754612842202841, "d4": 0.3812028266173435, "p1": 9.418891367824672, "p2": 28.28584330966563, "p3": 41.4573927999509, "p4": 21.752315573444864, "pol1": -0.023736767015153815, "pol2": -0.9533161529456757, "pol3": -0.9897076317270772, "pol4": 0.3173409358228316, "v0s": 7.419689859688724}, "datetime": {"datetime": "2022-05-17 23:37:54", "elapsed": 100489.542942, "delta": 80.844769}}
{"target": 3.755114611835639, "params": {"Bgrad": 1.7293077079949, "d1": -0.25853390474435445, "d2": 0.8901785240569535, "d3": -2.832886662301313, "d4": -0.8130747627136024, "p1": 1.5180633173186797, "p2": 34.735162204254664, "p3": 35.756515845091144, "p4": 37.134672039322744, "pol1": -0.33035485804178566, "pol2": 0.2893773875797867, "pol3": 0.02803304433150733, "pol4": -0.6628919547997365, "v0s": 3.755114611835639}, "datetime": {"datetime": "2022-05-17 23:38:27", "elapsed": 100523.130108, "delta": 33.587166}}
{"target": 3.8335465631985444, "params": {"Bgrad": 1.2615228082646543, "d1": -3.0, "d2": -2.9793108792684078, "d3": -0.3276752562916782, "d4": -1.9307095646176322, "p1": 4.218321089370717, "p2": 19.92645004515558, "p3": 1.909903865738155, "p4": 13.097300524348245, "pol1": 0.05959450024297263, "pol2": 0.01350776132025343, "pol3": 0.7957651635989081, "pol4": -1.0, "v0s": 3.8335465631985444}, "datetime": {"datetime": "2022-05-17 23:39:04", "elapsed": 100559.223572, "delta": 36.093464}}
{"target": 4.141334488004151, "params": {"Bgrad": 1.885882241644667, "d1": -1.7346512456443341, "d2": 0.3352264238558895, "d3": -2.5492158139852363, "d4": -0.11684406617750787, "p1": 3.8069747164114376, "p2": 36.06127654370962, "p3": 39.134704297446845, "p4": 28.51599960206015, "pol1": 0.06399167523704108, "pol2": 0.46283343602566784, "pol3": -0.2278213742143389, "pol4": 0.896228975927104, "v0s": 4.141334488004151}, "datetime": {"datetime": "2022-05-17 23:39:56", "elapsed": 100611.378078, "delta": 52.154506}}
{"target": -1.0, "params": {"Bgrad": 0.670337863637459, "d1": -2.8631128477301435, "d2": 0.09244087817988245, "d3": -1.8639613800382855, "d4": 0.8212095614553419, "p1": 10.018925057252437, "p2": 25.188761375409808, "p3": 42.90233918482972, "p4": 20.635985680790505, "pol1": -0.9812191420925231, "pol2": -0.1702848862362023, "pol3": -0.726530854103592, "pol4": 0.06576912897149212, "v0s": 5.464907407709662}, "datetime": {"datetime": "2022-05-17 23:40:35", "elapsed": 100650.30995, "delta": 38.931872}}
{"target": 2.2588596390346263, "params": {"Bgrad": 0.825905540412312, "d1": -2.7348457285417864, "d2": 0.16762675894825652, "d3": -1.8207743724609964, "d4": -2.5688997727358913, "p1": 7.032405181395918, "p2": 33.91201406659219, "p3": 36.834847394821516, "p4": 28.82195756476878, "pol1": -0.7108582009971893, "pol2": -0.26481538838103447, "pol3": -0.02209447748620641, "pol4": -0.5199974840105168, "v0s": 2.2588596390346263}, "datetime": {"datetime": "2022-05-17 23:41:31", "elapsed": 100706.582442, "delta": 56.272492}}
{"target": 4.530158292308552, "params": {"Bgrad": 2.0, "d1": -2.6820631559759223, "d2": -3.0, "d3": -3.0, "d4": -3.0, "p1": 24.668193213679732, "p2": 31.824299706097765, "p3": 42.924509141143616, "p4": 45.77378214951779, "pol1": 0.9122726214197496, "pol2": 1.0, "pol3": -1.0, "pol4": -0.7265688160444752, "v0s": 4.530158292308552}, "datetime": {"datetime": "2022-05-17 23:42:29", "elapsed": 100764.528458, "delta": 57.946016}}
{"target": -1.0, "params": {"Bgrad": 0.9300545281493454, "d1": -2.591107725753408, "d2": -2.089912414983483, "d3": 0.632169338069478, "d4": -1.949374485380336, "p1": 2.0044736423175005, "p2": 13.559269811258378, "p3": 38.193321504855476, "p4": 47.72114375595072, "pol1": 0.3544404699049475, "pol2": -0.7724117286677319, "pol3": 0.21290631662619441, "pol4": -0.9024773330642324, "v0s": 2.9939176598231647}, "datetime": {"datetime": "2022-05-17 23:43:11", "elapsed": 100806.278792, "delta": 41.750334}}
{"target": -1.0, "params": {"Bgrad": 1.6985719576794487, "d1": -2.9020667994680416, "d2": 0.2596695719259046, "d3": -1.1099444087350914, "d4": -1.980861191948065, "p1": 5.548600439555402, "p2": 34.829830385061136, "p3": 39.459383892494614, "p4": 28.446020705153668, "pol1": 0.43643030951008527, "pol2": 1.0, "pol3": -0.9494924982946593, "pol4": -0.12197696273157708, "v0s": 5.871506100329831}, "datetime": {"datetime": "2022-05-17 23:44:21", "elapsed": 100877.001634, "delta": 70.722842}}
{"target": 4.176319927038015, "params": {"Bgrad": 1.884441896907966, "d1": -3.0, "d2": 0.13547471768008468, "d3": -2.1876534119337334, "d4": -0.8702517839085699, "p1": 27.56108383005075, "p2": 30.65725765149029, "p3": 8.438687852524696, "p4": 44.1054012522586, "pol1": -0.45963531757272735, "pol2": -0.001106088685651593, "pol3": 0.03905078997941549, "pol4": 0.6608391190234363, "v0s": 4.176319927038015}, "datetime": {"datetime": "2022-05-17 23:45:39", "elapsed": 100954.848424, "delta": 77.84679}}
{"target": 4.99326202073141, "params": {"Bgrad": 1.0506349405525064, "d1": -1.734858556553474, "d2": 0.12763529067937185, "d3": -2.989761601346842, "d4": -2.3399544964566683, "p1": 1.8486392286139741, "p2": 36.25097419883714, "p3": 32.44709793991688, "p4": 41.18814272543658, "pol1": 0.6627568592231796, "pol2": 0.5302618417736311, "pol3": -0.8655668521653188, "pol4": 0.8291892970960482, "v0s": 4.99326202073141}, "datetime": {"datetime": "2022-05-17 23:46:15", "elapsed": 100990.706518, "delta": 35.858094}}
{"target": -1.0, "params": {"Bgrad": 1.1283343514545923, "d1": -1.9474252971774026, "d2": -0.007955343915286406, "d3": -2.9580171521851595, "d4": 0.5014890858081325, "p1": 22.660970160266547, "p2": 15.33670458621409, "p3": 34.19044878604424, "p4": 23.18945947544206, "pol1": 0.13905877785421605, "pol2": -0.798508752474355, "pol3": -0.3165585413411631, "pol4": 0.04683372604648017, "v0s": 4.73113520173586}, "datetime": {"datetime": "2022-05-17 23:47:48", "elapsed": 101083.99301, "delta": 93.286492}}
{"target": 4.805188700746051, "params": {"Bgrad": 0.5123572006931433, "d1": -2.5010219628420547, "d2": 1.0, "d3": -2.687700625373871, "d4": -1.1902009261249273, "p1": 31.589275745064953, "p2": 7.364381887286072, "p3": 38.70684682813861, "p4": 32.05085406249246, "pol1": -0.012268368573291649, "pol2": 0.5392062130298139, "pol3": 0.33713607172540494, "pol4": -0.9454955453238082, "v0s": 4.805188700746051}, "datetime": {"datetime": "2022-05-17 23:48:34", "elapsed": 101129.567116, "delta": 45.574106}}
{"target": 4.775046816107656, "params": {"Bgrad": 2.0, "d1": -1.9838681664947027, "d2": -0.2548875132603088, "d3": 0.02452706093380984, "d4": -3.0, "p1": 48.998155917161895, "p2": 5.005987790562752, "p3": 29.663667452580253, "p4": 7.32198991492135, "pol1": 0.14424867534943492, "pol2": -1.0, "pol3": 0.8023549757467204, "pol4": 0.8778029502659734, "v0s": 4.775046816107656}, "datetime": {"datetime": "2022-05-17 23:49:37", "elapsed": 101192.810964, "delta": 63.243848}}
{"target": 4.896264939802921, "params": {"Bgrad": 1.6343829113560435, "d1": -2.7898871495702124, "d2": 0.21497752316369242, "d3": -1.8124404700680823, "d4": -2.278137373215418, "p1": 33.16579395562501, "p2": 5.594621441892721, "p3": 36.87242153255288, "p4": 31.372583864527098, "pol1": -0.5417240478267391, "pol2": -0.08782943428610557, "pol3": 0.5222868310968232, "pol4": 0.6295392944358976, "v0s": 4.896264939802921}, "datetime": {"datetime": "2022-05-17 23:50:27", "elapsed": 101242.54993, "delta": 49.738966}}
{"target": 5.281021908904875, "params": {"Bgrad": 1.4069242828530737, "d1": -3.0, "d2": 0.17673455320140988, "d3": -1.6851511638311016, "d4": 0.2511273472536844, "p1": 35.04117451479124, "p2": 6.974853120900659, "p3": 35.33682183623098, "p4": 5.870724511697659, "pol1": 1.0, "pol2": -1.0, "pol3": -0.05275489161152186, "pol4": -0.15148676804941355, "v0s": 5.281021908904875}, "datetime": {"datetime": "2022-05-17 23:51:16", "elapsed": 101292.098406, "delta": 49.548476}}
{"target": 3.9258932208948125, "params": {"Bgrad": 1.4666534690378248, "d1": -2.2919178925264054, "d2": -0.645788510067979, "d3": -0.26143121898098665, "d4": -1.8976063635090434, "p1": 4.568374499559064, "p2": 36.221892320327385, "p3": 36.572777176085914, "p4": 27.546008614689484, "pol1": 0.6026126291850022, "pol2": -0.5986891968554826, "pol3": 0.42397970500662296, "pol4": -0.3043496013845204, "v0s": 3.9258932208948125}, "datetime": {"datetime": "2022-05-17 23:52:16", "elapsed": 101352.078981, "delta": 59.980575}}
{"target": 4.134663701885769, "params": {"Bgrad": 1.552668153534401, "d1": -2.301462706848466, "d2": 0.79233522118449, "d3": -2.345627447121781, "d4": -0.8119812161314045, "p1": 7.116464524525272, "p2": 23.78967948209631, "p3": 44.41136745668384, "p4": 21.695827806186504, "pol1": 0.14441276896970415, "pol2": -0.22798847558161559, "pol3": -0.693980296868271, "pol4": 1.0, "v0s": 4.134663701885769}, "datetime": {"datetime": "2022-05-17 23:52:54", "elapsed": 101389.833003, "delta": 37.754022}}
{"target": 4.336978169815453, "params": {"Bgrad": 0.9704238381327082, "d1": -1.7566745957468344, "d2": -0.1312286930571731, "d3": -0.7968937569207091, "d4": -1.0713408162371394, "p1": 23.8385779768742, "p2": 10.068274516594661, "p3": 36.31175764019027, "p4": 26.233440302756854, "pol1": -0.12182068819383862, "pol2": -0.014876011008160939, "pol3": 0.9499736460207855, "pol4": -0.3141843897428449, "v0s": 4.336978169815453}, "datetime": {"datetime": "2022-05-17 23:54:07", "elapsed": 101462.749978, "delta": 72.916975}}
{"target": 4.908462844686702, "params": {"Bgrad": 1.066215123335865, "d1": -2.2800962784457512, "d2": 0.7025607123066677, "d3": -0.4613266933964721, "d4": -1.2839358581631184, "p1": 3.495057925822573, "p2": 32.75276292317626, "p3": 36.53322126751788, "p4": 29.02613465514132, "pol1": 0.06148299750680273, "pol2": -1.0, "pol3": 0.07317434093339832, "pol4": -0.49879656044737714, "v0s": 4.908462844686702}, "datetime": {"datetime": "2022-05-17 23:54:42", "elapsed": 101497.856082, "delta": 35.106104}}
{"target": 4.166984079981765, "params": {"Bgrad": 0.5823946415362202, "d1": -1.5032092663328478, "d2": 0.48290247387580054, "d3": -1.304879830111735, "d4": -1.4123061957063756, "p1": 6.4674661715715125, "p2": 31.85076675928841, "p3": 39.64118060711305, "p4": 31.527592375642854, "pol1": -0.049353327667151614, "pol2": 0.33573787064355765, "pol3": -0.6371686234384579, "pol4": -0.33339584068710937, "v0s": 4.166984079981765}, "datetime": {"datetime": "2022-05-17 23:55:13", "elapsed": 101528.501118, "delta": 30.645036}}
{"target": 3.388178727503467, "params": {"Bgrad": 0.6938959494522624, "d1": -1.1225401810814204, "d2": 0.4231309763325579, "d3": -1.6679440936935923, "d4": 0.04118755330708046, "p1": 10.294586003933153, "p2": 23.482350546937543, "p3": 46.517993386945165, "p4": 21.935005253840583, "pol1": 0.911001512723199, "pol2": -0.09752236844599471, "pol3": -0.016819917654074867, "pol4": 0.4767013617260085, "v0s": 3.388178727503467}, "datetime": {"datetime": "2022-05-17 23:56:15", "elapsed": 101590.644906, "delta": 62.143788}}
{"target": 5.2167258221466675, "params": {"Bgrad": 0.7734218572556892, "d1": -2.528802876368968, "d2": 0.0520836448381683, "d3": -2.0313288190384817, "d4": -2.527451170807083, "p1": 33.97698731987649, "p2": 9.361246938594942, "p3": 40.11192206670265, "p4": 36.37688331856741, "pol1": -0.03946404932586889, "pol2": -0.37883517107214804, "pol3": -0.5680086679659349, "pol4": -0.3392831010477628, "v0s": 5.2167258221466675}, "datetime": {"datetime": "2022-05-17 23:57:02", "elapsed": 101637.744931, "delta": 47.100025}}
{"target": -1.0, "params": {"Bgrad": 1.6448936424732492, "d1": -1.4853473813757372, "d2": -1.0412913571112665, "d3": -2.306382537769632, "d4": -2.500022787896302, "p1": 37.832860954816844, "p2": 45.41879063260391, "p3": 18.5789037456132, "p4": 11.54220176181009, "pol1": 0.9415291043167804, "pol2": -0.07278677873806183, "pol3": -0.5510228375765935, "pol4": -0.5218297458428431, "v0s": 4.12872393914692}, "datetime": {"datetime": "2022-05-17 23:57:48", "elapsed": 101683.39284, "delta": 45.647909}}
{"target": -1.0, "params": {"Bgrad": 1.452785928236432, "d1": -2.704833714929723, "d2": 0.005540690658202507, "d3": -0.5389777984269171, "d4": -1.9654663498697365, "p1": 29.17959942933231, "p2": 10.627766869213406, "p3": 14.665678788165321, "p4": 26.887429141463297, "pol1": 0.857201273655561, "pol2": 0.5041509996583928, "pol3": -0.69635919261659, "pol4": 0.4675634392883261, "v0s": 6.770403541610726}, "datetime": {"datetime": "2022-05-17 23:58:30", "elapsed": 101725.355606, "delta": 41.962766}}
{"target": -1.0, "params": {"Bgrad": 1.0659945942954638, "d1": -3.0, "d2": -0.21870736566384502, "d3": -1.8474436264588603, "d4": -3.0, "p1": 24.923046462088333, "p2": 30.183016291335544, "p3": 6.511891956439649, "p4": 46.911795256903375, "pol1": -0.5445518985829885, "pol2": 0.07852593811094317, "pol3": 1.0, "pol4": -0.9203090999088046, "v0s": 5.280474484275472}, "datetime": {"datetime": "2022-05-18 00:00:10", "elapsed": 101825.850819, "delta": 100.495213}}
{"target": -1.0, "params": {"Bgrad": 0.7354302583612794, "d1": -0.6719194810058254, "d2": -0.26174180460845464, "d3": -3.0, "d4": -1.6093858267230203, "p1": 23.885284996662534, "p2": 14.573704414184345, "p3": 33.89745530220134, "p4": 22.9723509521061, "pol1": 0.1731440450948389, "pol2": -0.7993440691333803, "pol3": -1.0, "pol4": 1.0, "v0s": 4.659152086166662}, "datetime": {"datetime": "2022-05-18 00:01:06", "elapsed": 101882.183151, "delta": 56.332332}}
{"target": -1.0, "params": {"Bgrad": 1.7338606095543372, "d1": -1.9066001347991466, "d2": 0.8674779011257496, "d3": -1.023843918082822, "d4": -1.8224280896559795, "p1": 6.6988057827438885, "p2": 32.16769703886576, "p3": 41.29870969419033, "p4": 29.298016790113735, "pol1": 0.7120739503053455, "pol2": 0.052651185908928255, "pol3": -0.04696387864644236, "pol4": 0.04530226416042504, "v0s": 6.284624066939782}, "datetime": {"datetime": "2022-05-18 00:02:09", "elapsed": 101945.131787, "delta": 62.948636}}
{"target": 3.3695889482190826, "params": {"Bgrad": 1.6369232485692637, "d1": 1.0, "d2": -2.083449747713037, "d3": -1.733538057888541, "d4": -3.0, "p1": 25.235853315754802, "p2": 5.368552302921995, "p3": 42.07714373744994, "p4": 26.284740163579492, "pol1": -1.0, "pol2": -0.5316805410942742, "pol3": -0.03800006508947939, "pol4": -0.5696698986233181, "v0s": 3.3695889482190826}, "datetime": {"datetime": "2022-05-18 00:02:56", "elapsed": 101991.414997, "delta": 46.28321}}
{"target": 5.053985419871598, "params": {"Bgrad": 0.5, "d1": -3.0, "d2": 1.0, "d3": -1.6960511573608357, "d4": -1.6185615697553732, "p1": 6.9465250675051395, "p2": 35.62861711233073, "p3": 35.505288589049705, "p4": 37.069875924181744, "pol1": -0.8438877073365865, "pol2": 0.9735516314226467, "pol3": 0.12128206521302008, "pol4": -0.14824774448010455, "v0s": 5.053985419871598}, "datetime": {"datetime": "2022-05-18 00:03:34", "elapsed": 102029.451264, "delta": 38.036267}}
{"target": 4.544398926212885, "params": {"Bgrad": 1.892551059620144, "d1": -2.801538197435191, "d2": 0.6080934809534968, "d3": -2.9989626801070526, "d4": -0.18460734593243577, "p1": 7.357741990334676, "p2": 38.28541217639299, "p3": 29.81807306076193, "p4": 38.37886518001208, "pol1": 0.5569700806952167, "pol2": 0.5319693884603296, "pol3": 0.9322056788766138, "pol4": 0.195389584394281, "v0s": 4.544398926212885}, "datetime": {"datetime": "2022-05-18 00:04:09", "elapsed": 102064.954307, "delta": 35.503043}}
{"target": 3.820358027470669, "params": {"Bgrad": 0.5, "d1": -2.99823327543332, "d2": 0.5045133109607425, "d3": -2.48512208414076, "d4": -2.5429981603471936, "p1": 25.219142805147115, "p2": 30.360290810652817, "p3": 7.2991259122618555, "p4": 47.275897985022624, "pol1": -0.7990893313952848, "pol2": -0.33529975134175033, "pol3": -0.5154297601696594, "pol4": 1.0, "v0s": 3.820358027470669}, "datetime": {"datetime": "2022-05-18 00:04:44", "elapsed": 102100.202032, "delta": 35.247725}}
{"target": 4.020459775577053, "params": {"Bgrad": 1.6449779942255887, "d1": -1.0461327270966754, "d2": 0.8166144647318485, "d3": -2.9121480101675523, "d4": -1.0628255334385086, "p1": 7.624438296785424, "p2": 20.825083314017434, "p3": 44.61714330320593, "p4": 22.64618536631364, "pol1": 0.41086813141476974, "pol2": -0.44333742111877994, "pol3": 0.369583056722818, "pol4": -0.5137027173805544, "v0s": 4.020459775577053}, "datetime": {"datetime": "2022-05-18 00:05:33", "elapsed": 102148.338285, "delta": 48.136253}}
{"target": -1.0, "params": {"Bgrad": 1.983396557412504, "d1": -2.702237107597505, "d2": 0.4305052158428575, "d3": -2.944378392856402, "d4": -2.9358620935406954, "p1": 6.281371030194938, "p2": 29.701714985691886, "p3": 32.548504207267825, "p4": 41.3608792796094, "pol1": -0.159644431689282, "pol2": -0.7709277458194947, "pol3": 0.36480588904455624, "pol4": 0.5103670598076853, "v0s": 3.179465059238604}, "datetime": {"datetime": "2022-05-18 00:06:24", "elapsed": 102199.975176, "delta": 51.636891}}
