{"target": 2.741677318393047, "params": {"Bgrad": 1.3073901062891689, "d1": -2.8246498078455606, "d2": -1.1139180444049708, "d3": -0.8412939951656444, "d4": -0.30817683699256504, "p1": 26.70840013583829, "p2": 2.7536154493314315, "p3": 31.004949496818828, "p4": 29.058760138834845, "pol1": 0.09119265164826795, "pol2": 0.6865625604265051, "pol3": -0.10522648059223672, "pol4": 0.20713089261646722, "v0s": 2.741677318393047}, "datetime": {"datetime": "2022-05-17 22:10:26", "elapsed": 95241.762787, "delta": 4.195779}}
{"target": -1.0, "params": {"Bgrad": 0.8785688794894967, "d1": 0.4014173030172028, "d2": -2.9351025500541326, "d3": -2.374996087588393, "d4": 0.29353989903864974, "p1": 11.466884073967492, "p2": 12.959747766905888, "p3": 35.03953033363368, "p4": 48.32626395644684, "pol1": -0.6034403600710396, "pol2": 0.49499457578769257, "pol3": -0.7189875100364957, "pol4": -0.2350048574413841, "v0s": 3.939735508420299}, "datetime": {"datetime": "2022-05-17 22:10:34", "elapsed": 95249.322567, "delta": 7.55978}}
{"target": -1.0, "params": {"Bgrad": 1.8256782784760555, "d1": -0.37847441503736734, "d2": -1.6656985599950787, "d3": -2.913568163408306, "d4": -1.5239653634872843, "p1": 48.60903359219623, "p2": 26.454954339104585, "p3": 37.107241160280374, "p4": 17.26944184470095, "pol1": -0.07882026934954167, "pol2": -0.5767286035640404, "pol3": 0.6739194602745708, "pol4": -0.28038228119975894, "v0s": 2.222528797704108}, "datetime": {"datetime": "2022-05-17 22:10:36", "elapsed": 95252.097146, "delta": 2.774579}}
{"target": 3.4678417320026145, "params": {"Bgrad": 1.5334837849860907, "d1": -2.3768444635641175, "d2": 0.19500467724192783, "d3": -2.938950189498672, "d4": -0.6575074107470722, "p1": 24.77581385128072, "p2": 49.87308668792458, "p3": 6.718536821313325, "p4": 33.62768411122061, "pol1": -0.8101090494005603, "pol2": -0.6764631713619556, "pol3": 0.9766625832559892, "pol4": 0.6133301349227791, "v0s": 3.4678417320026145}, "datetime": {"datetime": "2022-05-17 22:10:41", "elapsed": 95256.38767, "delta": 4.290524}}
{"target": -1.0, "params": {"Bgrad": 1.769450668551188, "d1": -2.857598963860294, "d2": -0.8575717952726727, "d3": -2.6341009775671975, "d4": 0.8836226665683511, "p1": 29.155046836234288, "p2": 27.787063731877993, "p3": 15.89865365120332, "p4": 42.49522710746423, "pol1": 0.060309026931435916, "pol2": -0.9658035516965464, "pol3": -0.6302102189053453, "pol4": -0.13306338033545906, "v0s": 2.4798584666306893}, "datetime": {"datetime": "2022-05-17 22:10:55", "elapsed": 95270.878912, "delta": 14.491242}}
{"target": 3.5110822610067247, "params": {"Bgrad": 0.9209863300781894, "d1": -1.9984188545676327, "d2": -2.9975654307632036, "d3": -0.22845872308255855, "d4": 0.09555854592462643, "p1": 41.017464901067044, "p2": 42.58148071933006, "p3": 7.5762440490421685, "p4": 44.50183192264956, "pol1": 0.3164257796290644, "pol2": 0.39226732562837885, "pol3": 0.1281433284177731, "pol4": 0.8793639966942146, "v0s": 3.5110822610067247}, "datetime": {"datetime": "2022-05-17 22:11:02", "elapsed": 95277.435378, "delta": 6.556466}}
{"target": -1.0, "params": {"Bgrad": 1.6803264255841066, "d1": -1.0189661345247636, "d2": 0.5636008269848043, "d3": -1.8952052408232345, "d4": -2.939012363236589, "p1": 3.244550231721494, "p2": 44.981754311068244, "p3": 32.057511162274984, "p4": 36.513436085343336, "pol1": 0.008723409076006439, "pol2": 0.11514920082503499, "pol3": -0.2722110346891129, "pol4": 0.5652712965455009, "v0s": 6.541191507245145}, "datetime": {"datetime": "2022-05-17 22:11:14", "elapsed": 95289.421318, "delta": 11.98594}}
{"target": -1.0, "params": {"Bgrad": 1.5500092054216967, "d1": 0.8475696597674154, "d2": 0.07535348433090627, "d3": 0.9116903645754162, "d4": -0.6388942012253538, "p1": 30.962954534326435, "p2": 31.952660854349528, "p3": 16.318569347560086, "p4": 1.6514509030768898, "pol1": 0.5763527572274312, "pol2": 0.42037570117046097, "pol3": -0.8419366166662452, "pol4": -0.7028363271260596, "v0s": 6.118041465177469}, "datetime": {"datetime": "2022-05-17 22:11:25", "elapsed": 95300.416908, "delta": 10.99559}}
{"target": -1.0, "params": {"Bgrad": 1.3025560659706061, "d1": -2.2351422289640106, "d2": -2.7761865964601595, "d3": -0.5543507987705549, "d4": -2.7855534924848198, "p1": 10.678765597613637, "p2": 25.13313351560144, "p3": 4.7015554810201365, "p4": 20.445305535751086, "pol1": -0.959768403833865, "pol2": -0.7610725083883179, "pol3": 0.8801250276343355, "pol4": 0.11772217799609597, "v0s": 6.118768255928211}, "datetime": {"datetime": "2022-05-17 22:11:35", "elapsed": 95311.054457, "delta": 10.637549}}
{"target": -1.0, "params": {"Bgrad": 1.0666553047111065, "d1": 0.05248564274151413, "d2": 0.5855561393611395, "d3": 0.6407686517356348, "d4": -1.0140554074733639, "p1": 38.13051159805924, "p2": 35.44810166057558, "p3": 47.56484269096246, "p4": 12.07772450735931, "pol1": 0.1226794155660369, "pol2": -0.9124534648643805, "pol3": 0.8463559180350717, "pol4": 0.8905131575172105, "v0s": 5.005438069337199}, "datetime": {"datetime": "2022-05-17 22:11:46", "elapsed": 95321.892469, "delta": 10.838012}}
{"target": -1.0, "params": {"Bgrad": 1.3791761722787956, "d1": 0.0877673802275174, "d2": -2.0026752628901754, "d3": -1.4840380958152313, "d4": -1.8455776152040189, "p1": 26.940198260745714, "p2": 47.44784119070069, "p3": 19.270034977492756, "p4": 2.2504882906869526, "pol1": 0.3650372654189724, "pol2": -0.009938679640243864, "pol3": -0.40697599820255626, "pol4": -0.16822278658157774, "v0s": 7.175061781290626}, "datetime": {"datetime": "2022-05-17 22:11:57", "elapsed": 95332.362466, "delta": 10.469997}}
{"target": 5.883998752864428, "params": {"Bgrad": 1.7315265703247826, "d1": -2.3166146395980123, "d2": -0.25946688701574994, "d3": 0.9906534450903415, "d4": 0.13743719216335837, "p1": 36.25231777176846, "p2": 15.500998960516698, "p3": 7.973539529220575, "p4": 43.21610770117108, "pol1": 0.22069243683325346, "pol2": -0.21981920293244728, "pol3": 0.5111814696417591, "pol4": 0.43725577144260996, "v0s": 5.883998752864428}, "datetime": {"datetime": "2022-05-17 22:12:04", "elapsed": 95339.640001, "delta": 7.277535}}
{"target": -1.0, "params": {"Bgrad": 0.8108950423450095, "d1": 0.5421112711787979, "d2": -0.12397615028601106, "d3": -1.7894777463415137, "d4": -2.745606004493189, "p1": 45.63982077479351, "p2": 39.692502922581426, "p3": 24.92918214857977, "p4": 20.696259710408345, "pol1": 0.2311249479781814, "pol2": -0.20296964779383675, "pol3": -0.9221639199490164, "pol4": -0.39606333578928354, "v0s": 3.477671348741219}, "datetime": {"datetime": "2022-05-17 22:12:14", "elapsed": 95349.373967, "delta": 9.733966}}
{"target": -1.0, "params": {"Bgrad": 1.9584538815081896, "d1": 0.06999219639741883, "d2": -1.38521354465761, "d3": -0.053491165170993504, "d4": -1.7893799394376333, "p1": 26.364791371608604, "p2": 10.35716199143285, "p3": 12.71301417928618, "p4": 21.701153440968678, "pol1": -0.8351482820711014, "pol2": 0.7065759134579044, "pol3": 0.8326584325839512, "pol4": -0.5737842748969049, "v0s": 4.842332070564277}, "datetime": {"datetime": "2022-05-17 22:12:23", "elapsed": 95358.490583, "delta": 9.116616}}
{"target": -1.0, "params": {"Bgrad": 1.7621895525137403, "d1": -1.8468841061645764, "d2": -0.5571647117973733, "d3": -1.2318079521774306, "d4": -1.4100340865121366, "p1": 39.46871106544533, "p2": 23.225630700308287, "p3": 23.240125920763738, "p4": 49.601425216272325, "pol1": 0.9244595908933728, "pol2": -0.5298382240355455, "pol3": -0.5460924657572204, "pol4": 0.3254760350875656, "v0s": 4.471678611219316}, "datetime": {"datetime": "2022-05-17 22:12:33", "elapsed": 95368.601541, "delta": 10.110958}}
{"target": -1.0, "params": {"Bgrad": 1.5781310608271257, "d1": -0.06618657376356474, "d2": 0.13317944479488464, "d3": -1.9467420488046554, "d4": 0.9934328612202639, "p1": 24.685021838522086, "p2": 4.1963257178854185, "p3": 5.600784162228045, "p4": 28.074986207322343, "pol1": 0.02021788485232756, "pol2": 0.8696710131024277, "pol3": 0.8016521216707995, "pol4": -0.06919270429251823, "v0s": 3.2388627993686927}, "datetime": {"datetime": "2022-05-17 22:12:44", "elapsed": 95380.207499, "delta": 11.605958}}
{"target": 4.430176162327209, "params": {"Bgrad": 1.3466264088744944, "d1": -1.76506647289031, "d2": -0.3976574641762207, "d3": -0.9395839724769535, "d4": 0.3727203657630609, "p1": 6.5870207466601105, "p2": 12.550338862638549, "p3": 29.87657171227511, "p4": 31.260739063348765, "pol1": -0.17481182924195648, "pol2": 0.8011843487374717, "pol3": 0.6205500500848964, "pol4": 0.08169976563077341, "v0s": 4.430176162327209}, "datetime": {"datetime": "2022-05-17 22:12:52", "elapsed": 95387.474063, "delta": 7.266564}}
{"target": 2.695612756112512, "params": {"Bgrad": 1.0957672163491057, "d1": -2.5440446104275356, "d2": 0.7489797875478188, "d3": -2.0618579452925347, "d4": -2.3887326893353826, "p1": 25.50079032277609, "p2": 22.75222677302619, "p3": 3.7013485246386035, "p4": 28.778643623954835, "pol1": 0.397070562752317, "pol2": -0.018902530636631276, "pol3": -0.854212695425514, "pol4": -0.6406720229222991, "v0s": 2.695612756112512}, "datetime": {"datetime": "2022-05-17 22:12:58", "elapsed": 95393.246624, "delta": 5.772561}}
{"target": 2.7968608303075433, "params": {"Bgrad": 1.375193861206537, "d1": -2.6596487881044393, "d2": -1.4637805037344385, "d3": -2.4113744182355705, "d4": -1.354055056577625, "p1": 31.26374794300923, "p2": 17.976983085122804, "p3": 44.799217387414956, "p4": 20.87401738124531, "pol1": 0.867310472618668, "pol2": 0.6409136657867285, "pol3": -0.7667150248839718, "pol4": -0.7920687568044504, "v0s": 2.7968608303075433}, "datetime": {"datetime": "2022-05-17 22:13:02", "elapsed": 95397.31973, "delta": 4.073106}}
{"target": -1.0, "params": {"Bgrad": 1.457702551286828, "d1": -0.26163145924689557, "d2": 0.16004033525905204, "d3": -0.8306965442516914, "d4": -0.2985685231989539, "p1": 34.33758356297664, "p2": 16.91149340697422, "p3": 32.52581563633943, "p4": 20.204800926502468, "pol1": 0.28032899431008906, "pol2": 0.8692404366697237, "pol3": -0.1400586154571517, "pol4": 0.012335090431276452, "v0s": 3.9923888120778837}, "datetime": {"datetime": "2022-05-17 22:13:11", "elapsed": 95406.528101, "delta": 9.208371}}
{"target": -1.0, "params": {"Bgrad": 1.3680808054710711, "d1": 0.4536812129216967, "d2": -1.8654025759577704, "d3": 0.3375612887981201, "d4": -0.922091181108379, "p1": 11.303813002839814, "p2": 20.972361423451385, "p3": 8.349733692430656, "p4": 45.61972623649704, "pol1": -0.8841057050675678, "pol2": 0.20800686575602656, "pol3": -0.7920966641151115, "pol4": -0.37304385813103447, "v0s": 2.8576499594685973}, "datetime": {"datetime": "2022-05-17 22:13:21", "elapsed": 95416.751758, "delta": 10.223657}}
{"target": -1.0, "params": {"Bgrad": 1.2492657313158884, "d1": -0.455608901670431, "d2": 0.3170218840793666, "d3": -1.199948260475495, "d4": 0.07779646866673673, "p1": 29.766890683942552, "p2": 48.613216652300274, "p3": 5.985789765871841, "p4": 40.815884129891245, "pol1": 0.6703124098254505, "pol2": 0.5831435654549022, "pol3": -0.09035025467440083, "pol4": 0.054418812238100855, "v0s": 7.91230770452768}, "datetime": {"datetime": "2022-05-17 22:13:29", "elapsed": 95424.712464, "delta": 7.960706}}
{"target": -1.0, "params": {"Bgrad": 1.916953720150616, "d1": 0.05200701466319879, "d2": -1.1589546637644514, "d3": -0.8390577588667427, "d4": 0.21824132498401294, "p1": 13.843479477744381, "p2": 12.82665589018962, "p3": 10.69306726979375, "p4": 27.560308038804106, "pol1": 0.902791205677582, "pol2": -0.524526611020669, "pol3": 0.6031987095194771, "pol4": -0.9391799634359459, "v0s": 5.037320068326055}, "datetime": {"datetime": "2022-05-17 22:13:38", "elapsed": 95433.810132, "delta": 9.097668}}
{"target": -1.0, "params": {"Bgrad": 0.9260380380579087, "d1": -1.8691130805093579, "d2": -1.432104437098014, "d3": -0.8581705559453185, "d4": 0.09154145370210909, "p1": 48.082912724862666, "p2": 7.519281890541435, "p3": 19.739507072199526, "p4": 8.137013008760752, "pol1": 0.6732843096230516, "pol2": -0.8303951667169993, "pol3": 0.7125714433087331, "pol4": 0.48169031425093256, "v0s": 7.150019050434777}, "datetime": {"datetime": "2022-05-17 22:13:47", "elapsed": 95442.431074, "delta": 8.620942}}
{"target": -1.0, "params": {"Bgrad": 1.8348803147331796, "d1": -2.3968934158607356, "d2": -0.7732558228322599, "d3": -1.7899295600140546, "d4": -1.915107215507509, "p1": 0.8217187796387415, "p2": 25.759038558909953, "p3": 0.9524699808784176, "p4": 44.91142889048097, "pol1": -0.46603661713146427, "pol2": -0.013253188900725243, "pol3": 0.2728350479421455, "pol4": -0.9970004863160675, "v0s": 2.67943367628925}, "datetime": {"datetime": "2022-05-17 22:13:50", "elapsed": 95445.923732, "delta": 3.492658}}
{"target": 2.529014437716463, "params": {"Bgrad": 1.1998121448438248, "d1": -0.5068887938336002, "d2": 0.2786842493912558, "d3": -1.3407775423385764, "d4": 0.7074165392588974, "p1": 29.869162285371896, "p2": 0.09153985596984104, "p3": 34.00189628012581, "p4": 10.638682251899635, "pol1": -0.9694883355366781, "pol2": 0.4714964632709877, "pol3": 0.1038207646269782, "pol4": 0.5672421785409245, "v0s": 2.529014437716463}, "datetime": {"datetime": "2022-05-17 22:13:54", "elapsed": 95449.768451, "delta": 3.844719}}
{"target": -1.0, "params": {"Bgrad": 1.0335495251036269, "d1": -1.801193444953543, "d2": -0.7239880091280915, "d3": -0.9593871790495299, "d4": 0.12850500008647847, "p1": 9.35289541540354, "p2": 28.824775328061914, "p3": 32.21887041733784, "p4": 22.993399364314072, "pol1": 0.11595445993989317, "pol2": 0.9486521266772594, "pol3": 0.5033448351044236, "pol4": -0.2380272779983441, "v0s": 4.6040977128107485}, "datetime": {"datetime": "2022-05-17 22:14:04", "elapsed": 95459.613119, "delta": 9.844668}}
{"target": 3.208797918081929, "params": {"Bgrad": 1.5692472261447517, "d1": -2.6251516250361315, "d2": -0.4487671094415848, "d3": -2.542566016491436, "d4": -2.5926080484039447, "p1": 33.33343895835112, "p2": 8.354993876848432, "p3": 38.2359234499631, "p4": 37.52952055387141, "pol1": -0.3759594566425839, "pol2": 0.14172919924408434, "pol3": 0.2902812900131231, "pol4": 0.6229292187350295, "v0s": 3.208797918081929}, "datetime": {"datetime": "2022-05-17 22:14:08", "elapsed": 95463.74008, "delta": 4.126961}}
{"target": -1.0, "params": {"Bgrad": 1.5143640745838531, "d1": 0.2915623339291544, "d2": -1.3424572844590794, "d3": -1.0252127799266968, "d4": -0.9430024156442913, "p1": 46.96643138588357, "p2": 2.582538068096479, "p3": 28.577641204705102, "p4": 24.488004617345883, "pol1": -0.31234379962055403, "pol2": 0.33983343970286994, "pol3": 0.5388800213235552, "pol4": 0.08011915391763624, "v0s": 2.2498282827008618}, "datetime": {"datetime": "2022-05-17 22:14:11", "elapsed": 95467.099097, "delta": 3.359017}}
{"target": 3.09285594290022, "params": {"Bgrad": 0.8526212977101357, "d1": -2.9182409946780004, "d2": -1.6888868305641567, "d3": -1.1277756884974397, "d4": 0.13827645235822272, "p1": 26.613647791424803, "p2": 23.871325033949624, "p3": 34.89748603392809, "p4": 0.8708592651107072, "pol1": 0.3899815298680609, "pol2": -0.3760808264094111, "pol3": 0.11958191893288728, "pol4": 0.21361329081906755, "v0s": 3.09285594290022}, "datetime": {"datetime": "2022-05-17 22:14:16", "elapsed": 95471.377653, "delta": 4.278556}}
{"target": -1.0, "params": {"Bgrad": 0.8754088853887471, "d1": -0.6847277657847535, "d2": -1.9495093130156111, "d3": -2.0423318025331376, "d4": -1.56387459897207, "p1": 45.22054991258976, "p2": 43.460515275777105, "p3": 25.701788926879267, "p4": 2.5873840553513605, "pol1": 0.6006758138206048, "pol2": -0.6376216241611692, "pol3": 0.33748250881702035, "pol4": 0.6707434295323338, "v0s": 7.788779340623814}, "datetime": {"datetime": "2022-05-17 22:14:23", "elapsed": 95479.09202, "delta": 7.714367}}
{"target": -1.0, "params": {"Bgrad": 0.6902688630323026, "d1": -0.9067547131876839, "d2": 0.4024441786491759, "d3": -0.849562983854204, "d4": -0.07981409565466624, "p1": 39.2729823111646, "p2": 41.829777238480055, "p3": 33.326621357493394, "p4": 44.88695948646239, "pol1": 0.2955824680200472, "pol2": 0.8892747807094175, "pol3": 0.25859676380715224, "pol4": 0.7448572477805029, "v0s": 5.573932162568988}, "datetime": {"datetime": "2022-05-17 22:14:29", "elapsed": 95484.871562, "delta": 5.779542}}
{"target": -1.0, "params": {"Bgrad": 1.0165234764359465, "d1": 0.2538299452415398, "d2": -1.2704758880489515, "d3": -2.493817358248165, "d4": 0.8742749306621489, "p1": 42.628176194910786, "p2": 28.06297117940304, "p3": 33.53061487813396, "p4": 49.88621109545823, "pol1": -0.6773825594283454, "pol2": 0.06907992020867582, "pol3": -0.21804258435677282, "pol4": 0.08229513999614868, "v0s": 2.6202671196507636}, "datetime": {"datetime": "2022-05-17 22:14:40", "elapsed": 95495.698603, "delta": 10.827041}}
{"target": -1.0, "params": {"Bgrad": 1.161113387164121, "d1": -1.1541434502097503, "d2": -0.6164334232360167, "d3": -0.3504992756605607, "d4": -0.63940250587597, "p1": 36.46913800480739, "p2": 29.045131193143845, "p3": 22.1551554306607, "p4": 24.83942222699454, "pol1": -0.13982236594018826, "pol2": -0.5798522937902901, "pol3": -0.5463977676891203, "pol4": -0.08522264781926148, "v0s": 4.601316275796871}, "datetime": {"datetime": "2022-05-17 22:14:52", "elapsed": 95507.715463, "delta": 12.01686}}
{"target": -1.0, "params": {"Bgrad": 1.6689256386028315, "d1": -1.3165664948496856, "d2": -0.306526669862595, "d3": -2.3358452642883947, "d4": 0.29623593757194566, "p1": 34.270338807009914, "p2": 39.45261992967027, "p3": 17.974224381218256, "p4": 33.127450021972244, "pol1": -0.5658190722561989, "pol2": -0.557988424864098, "pol3": -0.5150864551646623, "pol4": -0.47082336595192853, "v0s": 4.450471733590689}, "datetime": {"datetime": "2022-05-17 22:15:02", "elapsed": 95517.502288, "delta": 9.786825}}
{"target": -1.0, "params": {"Bgrad": 1.743043172326852, "d1": 0.7896782167708074, "d2": -0.4701680130698356, "d3": -2.46104345407911, "d4": -1.320026189266498, "p1": 46.80926944549223, "p2": 16.027213766419486, "p3": 30.96404930238933, "p4": 46.75668236380905, "pol1": -0.07863532790830319, "pol2": 0.0007981082336885326, "pol3": 0.8373874195073356, "pol4": 0.8596471420193506, "v0s": 7.426921240337432}, "datetime": {"datetime": "2022-05-17 22:15:12", "elapsed": 95527.705995, "delta": 10.203707}}
{"target": -1.0, "params": {"Bgrad": 1.270451796016766, "d1": -0.4407549976191856, "d2": -0.6439752964873935, "d3": -2.3660207202887147, "d4": -0.5062039824741236, "p1": 15.957216143911523, "p2": 6.536775030007486, "p3": 10.75015022845221, "p4": 15.683014859126022, "pol1": 0.9029036015534417, "pol2": 0.9815343233968112, "pol3": 0.7337727275830945, "pol4": -0.0762780419850988, "v0s": 4.793703515469308}, "datetime": {"datetime": "2022-05-17 22:15:23", "elapsed": 95539.220199, "delta": 11.514204}}
{"target": 2.497642332930992, "params": {"Bgrad": 1.647092760472497, "d1": -2.606367691534968, "d2": 0.9761494786152065, "d3": -0.23114046712763914, "d4": -1.8028572358449324, "p1": 45.44240962652593, "p2": 27.628942338087313, "p3": 4.259498872985789, "p4": 5.412287160442708, "pol1": -0.9366702894711807, "pol2": -0.5676105275539134, "pol3": -0.8971721100563677, "pol4": 0.020544930523599403, "v0s": 2.497642332930992}, "datetime": {"datetime": "2022-05-17 22:15:28", "elapsed": 95543.336191, "delta": 4.115992}}
{"target": -1.0, "params": {"Bgrad": 1.164683424532482, "d1": -2.055197037031385, "d2": -0.761117209483599, "d3": -1.244128834232384, "d4": 0.350161851040105, "p1": 16.82723772649515, "p2": 11.511582346058786, "p3": 47.005791667279674, "p4": 23.31818482005389, "pol1": -0.9436844815350842, "pol2": -0.8411272323507004, "pol3": 0.11114353513060249, "pol4": -0.5784571952464317, "v0s": 2.889413691521982}, "datetime": {"datetime": "2022-05-17 22:15:35", "elapsed": 95551.058536, "delta": 7.722345}}
{"target": -1.0, "params": {"Bgrad": 0.7932985627049667, "d1": -0.02100420176393447, "d2": 0.79605584348452, "d3": -2.482488128189225, "d4": 0.5191209896393927, "p1": 35.595991140636784, "p2": 27.842165874300374, "p3": 3.3509319258876014, "p4": 39.387055847483055, "pol1": 0.6245603085868248, "pol2": 0.5091637333584971, "pol3": 0.10097912323492775, "pol4": 0.2632095864736057, "v0s": 4.619977364497886}, "datetime": {"datetime": "2022-05-17 22:15:44", "elapsed": 95559.747297, "delta": 8.688761}}
{"target": -1.0, "params": {"Bgrad": 0.9617705133640478, "d1": -2.1691549229518943, "d2": 0.08304355766279015, "d3": 0.739103270725733, "d4": -0.5139371442491933, "p1": 26.712371432347798, "p2": 44.16352335026726, "p3": 2.2401486480908286, "p4": 15.133777046830538, "pol1": -0.23505777787449444, "pol2": -0.9378010186273167, "pol3": 0.039865909237037256, "pol4": 0.8811528298715412, "v0s": 6.783470116323734}, "datetime": {"datetime": "2022-05-17 22:15:56", "elapsed": 95571.348269, "delta": 11.600972}}
{"target": -1.0, "params": {"Bgrad": 1.3026415425328381, "d1": -0.29383584035273946, "d2": 0.14093927671651452, "d3": -1.955626791892644, "d4": -1.897345594355778, "p1": 30.26118933572312, "p2": 33.70905578926137, "p3": 0.18067367338567286, "p4": 42.785048949163794, "pol1": -0.7101759070523033, "pol2": 0.02470434681566913, "pol3": 0.12436077741615637, "pol4": -0.985617701215824, "v0s": 4.573103227542323}, "datetime": {"datetime": "2022-05-17 22:16:07", "elapsed": 95582.37378, "delta": 11.025511}}
{"target": 4.957133390136771, "params": {"Bgrad": 1.1777674054640654, "d1": -3.0, "d2": 0.6110184481483798, "d3": -0.5128745470018647, "d4": -0.3564372703956419, "p1": 30.80858524792267, "p2": 5.851918151272568, "p3": 7.533739476915639, "p4": 25.418304957025892, "pol1": 0.8600838564314006, "pol2": -1.0, "pol3": -0.6952445998040011, "pol4": -0.2816753159873983, "v0s": 4.957133390136771}, "datetime": {"datetime": "2022-05-17 22:17:12", "elapsed": 95647.555443, "delta": 65.181663}}
