{"target": -1.0, "params": {"Bgrad": 1.4290563651565573, "d1": -0.4402325289071838, "d2": -2.581556015993269, "d3": -2.048328960597982, "d4": -0.12287755210101858, "p1": 34.973489637632575, "p2": 22.331093706822852, "p3": 1.962613854617784, "p4": 2.519817001058211, "pol1": -0.8229928810182445, "pol2": 0.7286529334955292, "pol3": -0.7278100658784752, "pol4": 0.3165234694990353, "v0s": 5.461796917265943}, "datetime": {"datetime": "2022-06-15 22:08:55", "elapsed": 245182.961566, "delta": 12.733965}}
{"target": -1.0, "params": {"Bgrad": 1.5898933174275534, "d1": -0.669724570550827, "d2": -2.2823284151522083, "d3": -0.0636656193121139, "d4": -0.6182239462795938, "p1": 27.309246593978838, "p2": 36.35616303411317, "p3": 15.697346295557619, "p4": 3.5303750697694647, "pol1": -0.8235720328238285, "pol2": -0.34454526544416253, "pol3": -0.5366351565245533, "pol4": 0.4964343479769018, "v0s": 5.645833211378425}, "datetime": {"datetime": "2022-06-15 22:09:09", "elapsed": 245196.679899, "delta": 13.718333}}
{"target": -1.0, "params": {"Bgrad": 0.6431470062403415, "d1": -0.12058663297776917, "d2": 0.6643912588134544, "d3": 0.297520783075818, "d4": -0.30676378283127237, "p1": 38.83203289566059, "p2": 7.506205993473691, "p3": 3.2756288720362905, "p4": 37.398999010092105, "pol1": 0.9695640495108246, "pol2": -0.5195137997906529, "pol3": 0.12387191041254897, "pol4": -0.8383484473947085, "v0s": 5.367119868950114}, "datetime": {"datetime": "2022-06-15 22:09:18", "elapsed": 245205.512291, "delta": 8.832392}}
{"target": -1.0, "params": {"Bgrad": 1.1756545777605076, "d1": -2.0377909577207816, "d2": -0.7384837942714428, "d3": -0.38402606847532095, "d4": 0.6466847573289258, "p1": 39.132193381591094, "p2": 48.84141654321591, "p3": 22.135915107625976, "p4": 7.051071881449989, "pol1": -0.18006355272362007, "pol2": 0.5845945114281423, "pol3": -0.5779269476717086, "pol4": -0.6452373730805632, "v0s": 5.870612968185738}, "datetime": {"datetime": "2022-06-15 22:09:32", "elapsed": 245219.347313, "delta": 13.835022}}
{"target": -1.0, "params": {"Bgrad": 1.920555219549482, "d1": -1.3629467375139388, "d2": -0.2125124829141245, "d3": -1.3841078190532103, "d4": -1.6007351371887344, "p1": 6.648445086272503, "p2": 0.9956296485913452, "p3": 5.9835314515223175, "p4": 22.212029718394668, "pol1": 0.45956949980216977, "pol2": -0.892619485613495, "pol3": -0.5566644258381066, "pol4": -0.9378710005188429, "v0s": 6.999946414767679}, "datetime": {"datetime": "2022-06-15 22:09:46", "elapsed": 245233.735854, "delta": 14.388541}}
{"target": -1.0, "params": {"Bgrad": 1.0728135768568625, "d1": -1.861683132286637, "d2": 0.1346864206699685, "d3": -1.88438569493846, "d4": -1.876730199251278, "p1": 46.75006756367133, "p2": 8.210744798958613, "p3": 1.8955032880336065, "p4": 47.802127588570954, "pol1": -0.3877303101343703, "pol2": -0.1718481671010026, "pol3": 0.5935844728010464, "pol4": -0.2876309511978261, "v0s": 2.6291474748536094}, "datetime": {"datetime": "2022-06-15 22:09:59", "elapsed": 245246.368092, "delta": 12.632238}}
{"target": -1.0, "params": {"Bgrad": 1.683351152792637, "d1": -2.4815375896127034, "d2": -2.2078402743408527, "d3": -2.4411709850225156, "d4": -2.113361121196973, "p1": 11.767346975787286, "p2": 36.3201981989765, "p3": 4.762200477729806, "p4": 33.41219058472243, "pol1": 0.8218643814621784, "pol2": 0.25999590165699593, "pol3": -0.32623103371914275, "pol4": 0.6789005097629006, "v0s": 7.391381777546849}, "datetime": {"datetime": "2022-06-15 22:10:11", "elapsed": 245258.734039, "delta": 12.365947}}
{"target": 2.9162660600647974, "params": {"Bgrad": 1.2401877296945418, "d1": -0.7460699791756062, "d2": -0.6773471216832241, "d3": -2.4689710234292885, "d4": -1.5077573007829748, "p1": 40.58070824204368, "p2": 25.98023049894505, "p3": 46.979234323664684, "p4": 30.79093206468812, "pol1": 0.5589095487649931, "pol2": -0.5039422606969077, "pol3": 0.11861528274540523, "pol4": 0.6212787604829175, "v0s": 2.9162660600647974}, "datetime": {"datetime": "2022-06-15 22:10:19", "elapsed": 245266.203075, "delta": 7.469036}}
{"target": -1.0, "params": {"Bgrad": 1.3102385668575693, "d1": -0.558794828367414, "d2": -2.2517727592429955, "d3": -0.45243775643264295, "d4": -2.7297007883820528, "p1": 38.976982168182886, "p2": 16.298684836123563, "p3": 24.139211891423518, "p4": 19.115532665166306, "pol1": -0.3460446780525528, "pol2": 0.975359366028101, "pol3": 0.757995754876897, "pol4": -0.3954126832516265, "v0s": 2.963882327065983}, "datetime": {"datetime": "2022-06-15 22:10:30", "elapsed": 245277.796089, "delta": 11.593014}}
{"target": -1.0, "params": {"Bgrad": 1.2939709985016183, "d1": -2.4477619814251406, "d2": -0.4008380956975661, "d3": -2.0681845991000696, "d4": -2.613773591593732, "p1": 1.099627503410433, "p2": 42.9531581184162, "p3": 7.135496820056419, "p4": 20.146449597283254, "pol1": -0.8128711270943263, "pol2": -0.7642126983892634, "pol3": -0.2503662607399195, "pol4": -0.669227566931714, "v0s": 6.313713555830446}, "datetime": {"datetime": "2022-06-15 22:10:45", "elapsed": 245292.784029, "delta": 14.98794}}
{"target": 2.1304545291573924, "params": {"Bgrad": 0.6887770434433239, "d1": -0.044665227212164815, "d2": 0.36553713578256897, "d3": -2.6692773269268724, "d4": -2.839687628055093, "p1": 24.67664377714375, "p2": 30.037922500710003, "p3": 34.199968055635125, "p4": 23.913736982323293, "pol1": 0.08631793281530342, "pol2": 0.09922040248930619, "pol3": 0.4275640839038437, "pol4": -0.6876782751051138, "v0s": 2.1304545291573924}, "datetime": {"datetime": "2022-06-15 22:10:49", "elapsed": 245296.775361, "delta": 3.991332}}
{"target": -1.0, "params": {"Bgrad": 1.262079182199165, "d1": 0.8147513738280874, "d2": -2.8993863349255102, "d3": -0.5487934493416087, "d4": -1.0244741742132484, "p1": 45.0098020171738, "p2": 1.1803568500726613, "p3": 32.97529280169434, "p4": 32.81104115646632, "pol1": 0.767505570303683, "pol2": 0.07284382972303582, "pol3": 0.3812943911189266, "pol4": -0.17466669728210027, "v0s": 6.95954501302271}, "datetime": {"datetime": "2022-06-15 22:11:03", "elapsed": 245310.117699, "delta": 13.342338}}
{"target": -1.0, "params": {"Bgrad": 1.527518035057081, "d1": -2.5679478982996997, "d2": -2.4404205422426863, "d3": -2.367712250019006, "d4": -2.517842713210439, "p1": 11.513879057511028, "p2": 21.168119247643247, "p3": 33.538075364704035, "p4": 16.831065664278004, "pol1": 0.03950879825587306, "pol2": 0.6422406829965552, "pol3": 0.7691838806598124, "pol4": 0.4089874526107258, "v0s": 7.006943117584178}, "datetime": {"datetime": "2022-06-15 22:11:16", "elapsed": 245323.44009, "delta": 13.322391}}
{"target": -1.0, "params": {"Bgrad": 0.9636126920151544, "d1": 0.16246835160234685, "d2": 0.6666508316082509, "d3": -2.8463779657787085, "d4": -1.21748508894165, "p1": 11.996458439134939, "p2": 24.70077200866735, "p3": 30.873790393007127, "p4": 10.452409371908711, "pol1": 0.7488546715377606, "pol2": -0.48821671785746457, "pol3": 0.42721828158872444, "pol4": 0.7044599966572982, "v0s": 7.594468774140429}, "datetime": {"datetime": "2022-06-15 22:11:31", "elapsed": 245338.621515, "delta": 15.181425}}
{"target": 2.765687806985061, "params": {"Bgrad": 1.933593901264464, "d1": -0.27919677203282056, "d2": -0.4859212339593877, "d3": -0.6161374275104161, "d4": -1.0595153728431397, "p1": 18.021599464189286, "p2": 1.038265905858321, "p3": 37.433622789523625, "p4": 19.68376231834216, "pol1": -0.44132310083812176, "pol2": 0.5550621234256565, "pol3": 0.3205318187568247, "pol4": 0.8195932880587233, "v0s": 2.765687806985061}, "datetime": {"datetime": "2022-06-15 22:11:39", "elapsed": 245347.001116, "delta": 8.379601}}
{"target": -1.0, "params": {"Bgrad": 1.073537822914852, "d1": -0.6904602772260287, "d2": -1.5820094976190644, "d3": -1.607806771431787, "d4": -1.063645221475702, "p1": 3.5719219376257327, "p2": 1.9342845529393138, "p3": 42.03048222331341, "p4": 0.3684444820909516, "pol1": 0.40751560770444906, "pol2": -0.10887379404225062, "pol3": 0.9390191418686984, "pol4": 0.6198437863837596, "v0s": 4.397670827921238}, "datetime": {"datetime": "2022-06-15 22:11:53", "elapsed": 245361.049566, "delta": 14.04845}}
{"target": -1.0, "params": {"Bgrad": 1.090744518421352, "d1": -2.4856233572911495, "d2": -1.541634130440507, "d3": -2.1832753711518507, "d4": -1.7357135686156573, "p1": 28.11578630635136, "p2": 43.09558952764376, "p3": 4.910085663080505, "p4": 41.50284103586848, "pol1": 0.8413334675233368, "pol2": -0.5527439752976364, "pol3": -0.5983048307083756, "pol4": 0.5368703621825202, "v0s": 2.12316919927682}, "datetime": {"datetime": "2022-06-15 22:12:04", "elapsed": 245371.619316, "delta": 10.56975}}
{"target": 2.0570227160793113, "params": {"Bgrad": 1.2349153165664466, "d1": -2.910498175902286, "d2": 0.22919174865764802, "d3": -2.902554852973494, "d4": -2.3577843586763136, "p1": 12.306571161763113, "p2": 49.8558899049107, "p3": 21.037462356270897, "p4": 3.6131391719697814, "pol1": -0.49945728504865583, "pol2": -0.1768619265413891, "pol3": -0.15948017259974123, "pol4": -0.755656311378377, "v0s": 2.0570227160793113}, "datetime": {"datetime": "2022-06-15 22:12:13", "elapsed": 245380.335021, "delta": 8.715705}}
{"target": -1.0, "params": {"Bgrad": 1.7231831201866779, "d1": -2.032179448842158, "d2": -2.6663022174099154, "d3": -1.439106736345054, "d4": -1.2698429131325941, "p1": 26.2047905493343, "p2": 38.01568564805508, "p3": 39.406916825949956, "p4": 23.469033787600157, "pol1": 0.769534302390289, "pol2": -0.8417137648744999, "pol3": -0.28863822940333606, "pol4": -0.28024524252006966, "v0s": 6.2654493828359055}, "datetime": {"datetime": "2022-06-15 22:12:28", "elapsed": 245395.747824, "delta": 15.412803}}
{"target": -1.0, "params": {"Bgrad": 1.7681659653924249, "d1": -0.10710798354957385, "d2": -2.556635484698286, "d3": -0.6025908738827561, "d4": -0.9615109641101225, "p1": 30.269167923392526, "p2": 0.6084222634574588, "p3": 14.42010150718816, "p4": 2.5928167922859293, "pol1": -0.22825731310007513, "pol2": 0.5181728679245718, "pol3": -0.4479964272260848, "pol4": 0.228228702478952, "v0s": 5.764600758612813}, "datetime": {"datetime": "2022-06-15 22:12:42", "elapsed": 245409.342488, "delta": 13.594664}}
{"target": -1.0, "params": {"Bgrad": 0.8774465053389084, "d1": -1.099833062998433, "d2": -2.4260181074320113, "d3": -2.7199273397449835, "d4": 0.17186152284436185, "p1": 8.97371129229726, "p2": 6.310363455906332, "p3": 48.35575683072303, "p4": 2.7821441045782325, "pol1": 0.3638944377263895, "pol2": -0.2501005403623464, "pol3": -0.6530252416075275, "pol4": -0.4542767935065757, "v0s": 6.3901753542957795}, "datetime": {"datetime": "2022-06-15 22:12:56", "elapsed": 245423.108693, "delta": 13.766205}}
{"target": 2.4324607066379205, "params": {"Bgrad": 1.7832115842589717, "d1": -1.924677211127153, "d2": -1.6114213845161216, "d3": -1.361792041201355, "d4": 0.30978437762993494, "p1": 37.49606257033887, "p2": 10.471043813203329, "p3": 27.14272666490399, "p4": 38.336965061387374, "pol1": -0.042516581066820214, "pol2": 0.11099930407930803, "pol3": -0.5749721561967962, "pol4": 0.31867190449664795, "v0s": 2.4324607066379205}, "datetime": {"datetime": "2022-06-15 22:13:04", "elapsed": 245431.745608, "delta": 8.636915}}
{"target": -1.0, "params": {"Bgrad": 1.042599865516718, "d1": -1.3983880818528687, "d2": -0.5648822141410115, "d3": 0.7946789220021997, "d4": -2.1235110428070936, "p1": 27.207863031087147, "p2": 40.112022048569074, "p3": 30.147800312808293, "p4": 36.94141718720099, "pol1": -0.7670925074052193, "pol2": 0.6715745224673852, "pol3": -0.377401848389292, "pol4": -0.12577940473082339, "v0s": 2.509279449461884}, "datetime": {"datetime": "2022-06-15 22:13:18", "elapsed": 245445.071989, "delta": 13.326381}}
{"target": -1.0, "params": {"Bgrad": 1.530767785229604, "d1": 0.38922966310097173, "d2": -1.0652454660724988, "d3": -2.5945930666154053, "d4": -2.5881678401543113, "p1": 5.78138526641141, "p2": 24.745557293039905, "p3": 31.10124914954982, "p4": 1.6630908710477565, "pol1": -0.8748330487593552, "pol2": 0.9730983532157831, "pol3": -0.41779250174824023, "pol4": -0.046536720030933676, "v0s": 5.7838059177260295}, "datetime": {"datetime": "2022-06-15 22:13:32", "elapsed": 245459.727816, "delta": 14.655827}}
{"target": -1.0, "params": {"Bgrad": 1.5723485297265953, "d1": -2.56221480970335, "d2": -2.561381709006859, "d3": 0.6482501612286762, "d4": -1.7036341055729762, "p1": 36.193039352517474, "p2": 35.48105362911818, "p3": 23.44044158148429, "p4": 4.565542674919431, "pol1": 0.779664531784515, "pol2": 0.6690375615672666, "pol3": -0.13665424211815158, "pol4": -0.08820365345302994, "v0s": 5.275410516879022}, "datetime": {"datetime": "2022-06-15 22:13:48", "elapsed": 245475.738024, "delta": 16.010208}}
{"target": 2.046391915864371, "params": {"Bgrad": 1.0677427688777559, "d1": -0.9812809978381525, "d2": -1.1093030614985997, "d3": -1.8565269492533747, "d4": 0.48994571780747886, "p1": 2.3580114117030035, "p2": 18.215532863731752, "p3": 38.701770724932274, "p4": 24.275694078177008, "pol1": 0.5725583272826336, "pol2": -0.034786959251911886, "pol3": 0.9789283923397745, "pol4": 0.7680858421848515, "v0s": 2.046391915864371}, "datetime": {"datetime": "2022-06-15 22:13:57", "elapsed": 245484.635246, "delta": 8.897222}}
{"target": -1.0, "params": {"Bgrad": 1.2125761111209317, "d1": 0.4296553809796819, "d2": -1.6258971439096537, "d3": -0.08402748419782302, "d4": -1.3267347669700649, "p1": 4.7881752967611435, "p2": 15.762793238202766, "p3": 15.65083094077549, "p4": 32.72752221788435, "pol1": 0.8537428780062406, "pol2": 0.4073808590261232, "pol3": -0.3539319038990729, "pol4": 0.3662391646567631, "v0s": 2.5046139893219173}, "datetime": {"datetime": "2022-06-15 22:14:14", "elapsed": 245501.520113, "delta": 16.884867}}
{"target": 5.626076109487915, "params": {"Bgrad": 1.0632518137634932, "d1": -2.2397651338874485, "d2": -0.22780410242212623, "d3": -0.351577494502179, "d4": -1.5877103137422637, "p1": 9.03013707351475, "p2": 7.833033826754582, "p3": 11.849478669634122, "p4": 16.42296867776933, "pol1": 0.7391913491149509, "pol2": -0.7561721074835166, "pol3": -0.6637142348269232, "pol4": -0.2590897886930146, "v0s": 5.626076109487915}, "datetime": {"datetime": "2022-06-15 22:14:24", "elapsed": 245511.691925, "delta": 10.171812}}
{"target": -1.0, "params": {"Bgrad": 0.5837224983054383, "d1": -2.019095613756965, "d2": 0.3358857233052115, "d3": -0.3484657658657513, "d4": -1.5942773204862974, "p1": 5.710615724500073, "p2": 16.24518260867508, "p3": 12.22580211837872, "p4": 35.528256385420484, "pol1": -0.39890690180169686, "pol2": 0.3544717135852393, "pol3": -0.1746879334595144, "pol4": -0.30012323649113704, "v0s": 6.714935335004634}, "datetime": {"datetime": "2022-06-15 22:14:33", "elapsed": 245520.405635, "delta": 8.71371}}
{"target": -1.0, "params": {"Bgrad": 0.7781053802175304, "d1": -1.1727084092267934, "d2": -0.6659545482604221, "d3": -1.7151975968476316, "d4": -0.17500758449069798, "p1": 45.89125693387483, "p2": 3.6535302882321097, "p3": 9.071364231762358, "p4": 25.455606792256784, "pol1": 0.5997614203395083, "pol2": 0.2619152190839278, "pol3": -0.960618604300995, "pol4": -0.3400374565213873, "v0s": 5.922968263432709}, "datetime": {"datetime": "2022-06-15 22:14:41", "elapsed": 245528.884972, "delta": 8.479337}}
{"target": -1.0, "params": {"Bgrad": 1.5307063784046018, "d1": -1.0710043322107543, "d2": -2.785061203834678, "d3": -0.4888498451267753, "d4": -0.983879455446683, "p1": 36.27066474779422, "p2": 19.524710230374094, "p3": 41.78627040208021, "p4": 15.375111512094758, "pol1": 0.7275736364767948, "pol2": -0.9710386152711061, "pol3": 0.5254856877735141, "pol4": 0.6547350031776153, "v0s": 6.085382262743104}, "datetime": {"datetime": "2022-06-15 22:14:56", "elapsed": 245543.099977, "delta": 14.215005}}
{"target": 2.8570809942994657, "params": {"Bgrad": 1.8541012122334675, "d1": -2.1930635738135345, "d2": -1.5922033035380339, "d3": -2.0834379900313693, "d4": 0.37967337130291323, "p1": 37.32050677849216, "p2": 43.45264162346819, "p3": 17.381144947123246, "p4": 7.697538152981726, "pol1": 0.9365654161027097, "pol2": -0.10215280197866794, "pol3": 0.45980480761837605, "pol4": 0.30833393488743566, "v0s": 2.8570809942994657}, "datetime": {"datetime": "2022-06-15 22:15:05", "elapsed": 245553.014477, "delta": 9.9145}}
{"target": -1.0, "params": {"Bgrad": 1.7662664647454407, "d1": 0.9138531909793595, "d2": 0.8649942637736747, "d3": -1.6543839807923733, "d4": 0.7037956667720748, "p1": 6.662225432438346, "p2": 46.98612226044574, "p3": 2.205015872339444, "p4": 20.4538856196283, "pol1": 0.6860136103993251, "pol2": 0.45246147589170205, "pol3": 0.4418541635159523, "pol4": -0.44530937363802714, "v0s": 4.527283273881168}, "datetime": {"datetime": "2022-06-15 22:15:22", "elapsed": 245569.080535, "delta": 16.066058}}
{"target": -1.0, "params": {"Bgrad": 1.3843249005440688, "d1": -1.4434495640974583, "d2": -0.9760990701807661, "d3": -0.8386020653572133, "d4": 0.29708002070753103, "p1": 36.24889605129143, "p2": 33.02441310634137, "p3": 1.7941962927508825, "p4": 7.769260566307884, "pol1": 0.7730536714779053, "pol2": 0.5315102209985958, "pol3": -0.6392311639589461, "pol4": -0.8696879744904842, "v0s": 2.97639019300067}, "datetime": {"datetime": "2022-06-15 22:15:38", "elapsed": 245585.987346, "delta": 16.906811}}
{"target": -1.0, "params": {"Bgrad": 1.756108387661293, "d1": 0.8924260083122171, "d2": 0.020419742408274377, "d3": 0.1384183443630378, "d4": -2.8824624903503375, "p1": 43.731909071124555, "p2": 34.05747828427387, "p3": 17.452332205458525, "p4": 24.979036964307372, "pol1": 0.9001151994559067, "pol2": -0.8918245618394429, "pol3": -0.6166005328916053, "pol4": -0.6996983184260619, "v0s": 5.229481458631027}, "datetime": {"datetime": "2022-06-15 22:15:55", "elapsed": 245602.705661, "delta": 16.718315}}
{"target": -1.0, "params": {"Bgrad": 0.8534393862193403, "d1": -2.693064052593828, "d2": -0.9400030158504409, "d3": 0.3450178304869218, "d4": -0.27221346851717243, "p1": 1.836184193665713, "p2": 2.263501807937568, "p3": 26.904257245514806, "p4": 7.070843935068483, "pol1": 0.41446522344128267, "pol2": -0.5051088397156851, "pol3": -0.12007929090043246, "pol4": 0.24058099910845865, "v0s": 7.8364243833255225}, "datetime": {"datetime": "2022-06-15 22:16:07", "elapsed": 245614.519086, "delta": 11.813425}}
{"target": -1.0, "params": {"Bgrad": 0.7955088141600726, "d1": 0.6473563859971558, "d2": -1.5968996554547985, "d3": -2.3523034759265102, "d4": -1.3165458128357468, "p1": 42.07394941421928, "p2": 2.189308732285772, "p3": 6.848564501518073, "p4": 29.496999040507916, "pol1": -0.18283975993646884, "pol2": -0.043443784899361626, "pol3": 0.6441078317400233, "pol4": -0.6654568695607201, "v0s": 3.932134435776904}, "datetime": {"datetime": "2022-06-15 22:16:18", "elapsed": 245625.528659, "delta": 11.009573}}
{"target": -1.0, "params": {"Bgrad": 0.8082636566475139, "d1": -2.602708452191346, "d2": -0.9025793009845988, "d3": -2.1497109992616386, "d4": 0.6175070990606857, "p1": 2.3015350384473887, "p2": 44.863723475231474, "p3": 29.386734968020473, "p4": 43.079840689910974, "pol1": -0.9416591381899595, "pol2": -0.33397866674222776, "pol3": 0.0022202998819382813, "pol4": -0.5657763855907529, "v0s": 4.535578786836447}, "datetime": {"datetime": "2022-06-15 22:16:32", "elapsed": 245639.141274, "delta": 13.612615}}
{"target": -1.0, "params": {"Bgrad": 0.5442990279557016, "d1": -0.6512629991002994, "d2": 0.7189333728342882, "d3": -2.6967664134566394, "d4": 0.3672929746619027, "p1": 37.388999665477925, "p2": 11.49930523764111, "p3": 25.905885012944964, "p4": 15.687921507700558, "pol1": 0.23157244798239485, "pol2": -0.5736540180192853, "pol3": -0.12822305052945948, "pol4": 0.5781504043376762, "v0s": 4.798806221500227}, "datetime": {"datetime": "2022-06-15 22:16:42", "elapsed": 245649.673124, "delta": 10.53185}}
{"target": -1.0, "params": {"Bgrad": 1.5103323810456606, "d1": 0.5393458090687089, "d2": 0.752553794596655, "d3": 0.9389505929654525, "d4": 0.5342276680225875, "p1": 12.179006076759109, "p2": 20.415236466855546, "p3": 18.740289950537647, "p4": 7.61143541059997, "pol1": -0.8590882729000571, "pol2": -0.40851292092016256, "pol3": 0.7199234792264311, "pol4": -0.9220331669311803, "v0s": 3.2927947427794386}, "datetime": {"datetime": "2022-06-15 22:16:54", "elapsed": 245661.904433, "delta": 12.231309}}
{"target": -1.0, "params": {"Bgrad": 1.0198216673298912, "d1": -0.4073602962700633, "d2": -0.7473342878450664, "d3": 0.1847318106440925, "d4": -0.2521451887214057, "p1": 44.47517830458456, "p2": 24.345098644832834, "p3": 26.79600186480317, "p4": 41.88230863159628, "pol1": -0.9886136481411842, "pol2": -0.5148573906919001, "pol3": -0.5569860520416225, "pol4": 0.12309258985922344, "v0s": 6.30567412053678}, "datetime": {"datetime": "2022-06-15 22:17:09", "elapsed": 245676.647028, "delta": 14.742595}}
{"target": -1.0, "params": {"Bgrad": 0.8787425436463121, "d1": -0.975916187224199, "d2": -0.04291961562871549, "d3": -0.11079100392645502, "d4": -1.1267507760230324, "p1": 35.30967800148086, "p2": 27.953327907879057, "p3": 3.9205399549891604, "p4": 47.640180971144, "pol1": 0.9513083914095606, "pol2": -0.6759720860205827, "pol3": -0.16434614399261815, "pol4": 0.23918140483683037, "v0s": 5.408720732693572}, "datetime": {"datetime": "2022-06-15 22:17:23", "elapsed": 245690.640625, "delta": 13.993597}}
{"target": 2.0792297493404464, "params": {"Bgrad": 1.0620978310866656, "d1": 0.6142187386884173, "d2": -0.29127894863769876, "d3": -2.549482811508034, "d4": -0.3217463217781993, "p1": 10.899538130250674, "p2": 4.304732838200503, "p3": 17.996610795890884, "p4": 2.4803643868775485, "pol1": -0.706767256330336, "pol2": -0.09386763121838104, "pol3": 0.966404763456769, "pol4": 0.6837348177246385, "v0s": 2.0792297493404464}, "datetime": {"datetime": "2022-06-15 22:17:33", "elapsed": 245700.421484, "delta": 9.780859}}
