{"target": 0.0, "params": {"beta_1": 1.7278036352152388, "beta_2": 5.9515121134600495, "det_1": 123.8816734003357, "det_2": 15.47986286008237, "laseroff": 505566.16489952744, "laseron": 171312.19591657026, "main_det": 18.781174363909454}, "datetime": {"datetime": "2022-05-11 14:10:56", "elapsed": 0.0, "delta": 0.0}}
{"target": 0.0, "params": {"beta_1": 1.7278036352152388, "beta_2": 5.9515121134600495, "det_1": 123.8816734003357, "det_2": 15.47986286008237, "laseroff": 505566.16489952744, "laseron": 171312.19591657026, "main_det": 18.781174363909454}, "datetime": {"datetime": "2022-05-11 14:10:56", "elapsed": 0.0, "delta": 0.0}}
{"target": 0.004483094372176257, "params": {"beta_1": 0.13693796598963082, "beta_2": 10.057012652676033, "det_1": 111.7304802367127, "det_2": 18.96724571114379, "laseroff": 342116.94119163154, "laseron": 170284.89687437, "main_det": 18.007445686755368}, "datetime": {"datetime": "2022-05-11 14:14:54", "elapsed": 238.69601, "delta": 238.69601}}
{"target": 0.004483094372176257, "params": {"beta_1": 0.13693796598963082, "beta_2": 10.057012652676033, "det_1": 111.7304802367127, "det_2": 18.96724571114379, "laseroff": 342116.94119163154, "laseron": 170284.89687437, "main_det": 18.007445686755368}, "datetime": {"datetime": "2022-05-11 14:14:54", "elapsed": 238.697008, "delta": 238.697008}}
{"target": 0.0, "params": {"beta_1": 4.841307878596988, "beta_2": 4.701362672388642, "det_1": 139.2322615669314, "det_2": 26.909728807400956, "laseroff": 568382.1044444907, "laseron": 151996.75163117528, "main_det": 10.390547832328824}, "datetime": {"datetime": "2022-05-11 14:21:29", "elapsed": 632.747447, "delta": 394.051437}}
{"target": 0.0, "params": {"beta_1": 4.841307878596988, "beta_2": 4.701362672388642, "det_1": 139.2322615669314, "det_2": 26.909728807400956, "laseroff": 568382.1044444907, "laseron": 151996.75163117528, "main_det": 10.390547832328824}, "datetime": {"datetime": "2022-05-11 14:21:29", "elapsed": 632.748444, "delta": 394.051436}}
{"target": 0.0, "params": {"beta_1": 0.8491520978228445, "beta_2": 13.172137551441198, "det_1": 79.834683383305, "det_2": 15.527690625126304, "laseroff": 587366.9011556203, "laseron": 224484.81649723524, "main_det": 16.918771139504734}, "datetime": {"datetime": "2022-05-11 14:22:51", "elapsed": 715.220279, "delta": 82.472832}}
{"target": 0.0, "params": {"beta_1": 0.8491520978228445, "beta_2": 13.172137551441198, "det_1": 79.834683383305, "det_2": 15.527690625126304, "laseroff": 587366.9011556203, "laseron": 224484.81649723524, "main_det": 16.918771139504734}, "datetime": {"datetime": "2022-05-11 14:22:51", "elapsed": 715.221277, "delta": 82.472833}}
{"target": 0.0, "params": {"beta_1": 1.5775781550303147, "beta_2": 10.297513915223755, "det_1": 153.46256718973729, "det_2": 5.4572069336047955, "laseroff": 525043.5443391753, "laseron": 298198.1697415146, "main_det": 17.481656543798394}, "datetime": {"datetime": "2022-05-11 14:24:18", "elapsed": 802.554566, "delta": 87.334287}}
{"target": 0.0, "params": {"beta_1": 1.5775781550303147, "beta_2": 10.297513915223755, "det_1": 153.46256718973729, "det_2": 5.4572069336047955, "laseroff": 525043.5443391753, "laseron": 298198.1697415146, "main_det": 17.481656543798394}, "datetime": {"datetime": "2022-05-11 14:24:18", "elapsed": 802.554566, "delta": 87.333289}}
{"target": 0.0, "params": {"beta_1": 3.582928289465827, "beta_2": 9.773521844028819, "det_1": 80.45538045187527, "det_2": 7.177136353899356, "laseroff": 496565.1781754979, "laseron": 272737.3974596912, "main_det": 12.017953936666357}, "datetime": {"datetime": "2022-05-11 14:25:36", "elapsed": 880.448991, "delta": 77.894425}}
{"target": 0.0, "params": {"beta_1": 3.582928289465827, "beta_2": 9.773521844028819, "det_1": 80.45538045187527, "det_2": 7.177136353899356, "laseroff": 496565.1781754979, "laseron": 272737.3974596912, "main_det": 12.017953936666357}, "datetime": {"datetime": "2022-05-11 14:25:36", "elapsed": 880.449988, "delta": 77.895422}}
{"target": 0.002047694815286565, "params": {"beta_1": 4.6254942338606, "beta_2": 12.572887997027419, "det_1": 70.7584767675558, "det_2": 27.35553072653121, "laseroff": 301610.87585691886, "laseron": 220534.34658118995, "main_det": 14.444980616083075}, "datetime": {"datetime": "2022-05-11 14:27:02", "elapsed": 966.327232, "delta": 85.878241}}
{"target": 0.002047694815286565, "params": {"beta_1": 4.6254942338606, "beta_2": 12.572887997027419, "det_1": 70.7584767675558, "det_2": 27.35553072653121, "laseroff": 301610.87585691886, "laseron": 220534.34658118995, "main_det": 14.444980616083075}, "datetime": {"datetime": "2022-05-11 14:27:02", "elapsed": 966.328225, "delta": 85.878237}}
{"target": 0.0052685565462625965, "params": {"beta_1": 4.909648405455433, "beta_2": 2.9708784019075307, "det_1": 162.92146901877766, "det_2": 15.383178764458648, "laseroff": 421337.10099470965, "laseron": 140845.64245595384, "main_det": 17.80641679140155}, "datetime": {"datetime": "2022-05-11 14:28:43", "elapsed": 1067.614682, "delta": 101.28745}}
{"target": 0.0052685565462625965, "params": {"beta_1": 4.909648405455433, "beta_2": 2.9708784019075307, "det_1": 162.92146901877766, "det_2": 15.383178764458648, "laseroff": 421337.10099470965, "laseron": 140845.64245595384, "main_det": 17.80641679140155}, "datetime": {"datetime": "2022-05-11 14:28:43", "elapsed": 1067.61568, "delta": 101.287455}}
{"target": 0.0, "params": {"beta_1": 3.144366886148923, "beta_2": 12.42945076495272, "det_1": 132.30026987929463, "det_2": 13.249862328819118, "laseroff": 388226.55110514764, "laseron": 152960.13135392772, "main_det": 10.136850457756788}, "datetime": {"datetime": "2022-05-11 14:37:23", "elapsed": 1587.000763, "delta": 519.386081}}
{"target": 0.0, "params": {"beta_1": 3.144366886148923, "beta_2": 12.42945076495272, "det_1": 132.30026987929463, "det_2": 13.249862328819118, "laseroff": 388226.55110514764, "laseron": 152960.13135392772, "main_det": 10.136850457756788}, "datetime": {"datetime": "2022-05-11 14:37:23", "elapsed": 1587.001761, "delta": 519.386081}}
{"target": 0.0006610306107265319, "params": {"beta_1": 2.3265793274099655, "beta_2": 3.5344650525349404, "det_1": 89.20099229769184, "det_2": 7.419876245283515, "laseroff": 578311.9751969827, "laseron": 207644.61608534603, "main_det": 15.963782908914641}, "datetime": {"datetime": "2022-05-11 14:38:53", "elapsed": 1676.897503, "delta": 89.89674}}
{"target": 0.0006610306107265319, "params": {"beta_1": 2.3265793274099655, "beta_2": 3.5344650525349404, "det_1": 89.20099229769184, "det_2": 7.419876245283515, "laseroff": 578311.9751969827, "laseron": 207644.61608534603, "main_det": 15.963782908914641}, "datetime": {"datetime": "2022-05-11 14:38:53", "elapsed": 1676.8985, "delta": 89.896739}}
{"target": 0.0, "params": {"beta_1": 4.130150719598801, "beta_2": 11.662085988661293, "det_1": 141.73417076793356, "det_2": 23.782387743754956, "laseroff": 557619.2386737224, "laseron": 139332.5289159504, "main_det": 17.071107857516687}, "datetime": {"datetime": "2022-05-11 14:40:46", "elapsed": 1789.89586, "delta": 112.998357}}
{"target": 0.0, "params": {"beta_1": 4.130150719598801, "beta_2": 11.662085988661293, "det_1": 141.73417076793356, "det_2": 23.782387743754956, "laseroff": 557619.2386737224, "laseron": 139332.5289159504, "main_det": 17.071107857516687}, "datetime": {"datetime": "2022-05-11 14:40:46", "elapsed": 1789.89586, "delta": 112.99736}}
{"target": 0.00014295129998481774, "params": {"beta_1": 4.139124497976207, "beta_2": 8.871183760162888, "det_1": 131.36878243111815, "det_2": 18.73056501223325, "laseroff": 479405.9014445257, "laseron": 241510.1547470786, "main_det": 13.453454851421183}, "datetime": {"datetime": "2022-05-11 14:42:32", "elapsed": 1895.78541, "delta": 105.88955}}
{"target": 0.00014295129998481774, "params": {"beta_1": 4.139124497976207, "beta_2": 8.871183760162888, "det_1": 131.36878243111815, "det_2": 18.73056501223325, "laseroff": 479405.9014445257, "laseron": 241510.1547470786, "main_det": 13.453454851421183}, "datetime": {"datetime": "2022-05-11 14:42:32", "elapsed": 1895.78541, "delta": 105.88955}}
{"target": 0.0, "params": {"beta_1": 0.6850347607145341, "beta_2": 14.896468293232862, "det_1": 100.07126522491073, "det_2": 21.920966480191936, "laseroff": 338000.9925096985, "laseron": 254960.1823181615, "main_det": 10.786975637924598}, "datetime": {"datetime": "2022-05-11 14:43:58", "elapsed": 1982.441188, "delta": 86.655778}}
{"target": 0.0, "params": {"beta_1": 0.6850347607145341, "beta_2": 14.896468293232862, "det_1": 100.07126522491073, "det_2": 21.920966480191936, "laseroff": 338000.9925096985, "laseron": 254960.1823181615, "main_det": 10.786975637924598}, "datetime": {"datetime": "2022-05-11 14:43:58", "elapsed": 1982.441188, "delta": 86.655778}}
{"target": 0.0013540719355059562, "params": {"beta_1": 2.99978253531262, "beta_2": 3.874831012886457, "det_1": 155.05119882798422, "det_2": 18.299000789634277, "laseroff": 401113.7090383233, "laseron": 279135.9889359362, "main_det": 16.073120078545614}, "datetime": {"datetime": "2022-05-11 14:45:19", "elapsed": 2062.746304, "delta": 80.305116}}
{"target": 0.0013540719355059562, "params": {"beta_1": 2.99978253531262, "beta_2": 3.874831012886457, "det_1": 155.05119882798422, "det_2": 18.299000789634277, "laseroff": 401113.7090383233, "laseron": 279135.9889359362, "main_det": 16.073120078545614}, "datetime": {"datetime": "2022-05-11 14:45:19", "elapsed": 2062.746304, "delta": 80.305116}}
{"target": 0.0, "params": {"beta_1": 0.09492817587191782, "beta_2": 12.940565305830434, "det_1": 112.72691175277802, "det_2": 9.889903939747592, "laseroff": 504356.84686061624, "laseron": 205197.73963202504, "main_det": 13.801634584528362}, "datetime": {"datetime": "2022-05-11 14:47:11", "elapsed": 2174.862103, "delta": 112.115799}}
{"target": 0.0, "params": {"beta_1": 0.09492817587191782, "beta_2": 12.940565305830434, "det_1": 112.72691175277802, "det_2": 9.889903939747592, "laseroff": 504356.84686061624, "laseron": 205197.73963202504, "main_det": 13.801634584528362}, "datetime": {"datetime": "2022-05-11 14:47:11", "elapsed": 2174.862103, "delta": 112.115799}}
{"target": 0.0, "params": {"beta_1": 1.1858632696425992, "beta_2": 7.141420426396943, "det_1": 98.22317251483024, "det_2": 28.69548567721739, "laseroff": 570470.8801878868, "laseron": 278386.98667375883, "main_det": 18.14215235432727}, "datetime": {"datetime": "2022-05-11 15:34:21", "elapsed": 5005.21235, "delta": 2830.350247}}
{"target": 0.0, "params": {"beta_1": 1.1858632696425992, "beta_2": 7.141420426396943, "det_1": 98.22317251483024, "det_2": 28.69548567721739, "laseroff": 570470.8801878868, "laseron": 278386.98667375883, "main_det": 18.14215235432727}, "datetime": {"datetime": "2022-05-11 15:34:21", "elapsed": 5005.213348, "delta": 2830.351245}}
{"target": 0.0010804345056172658, "params": {"beta_1": 2.269687899912145, "beta_2": 13.066448031714577, "det_1": 114.71241347364578, "det_2": 7.129134544671086, "laseroff": 320554.88930920226, "laseron": 256066.0977022922, "main_det": 17.088051766828585}, "datetime": {"datetime": "2022-05-11 15:35:46", "elapsed": 5090.51833, "delta": 85.30598}}
{"target": 0.0010804345056172658, "params": {"beta_1": 2.269687899912145, "beta_2": 13.066448031714577, "det_1": 114.71241347364578, "det_2": 7.129134544671086, "laseroff": 320554.88930920226, "laseron": 256066.0977022922, "main_det": 17.088051766828585}, "datetime": {"datetime": "2022-05-11 15:35:46", "elapsed": 5090.51833, "delta": 85.304982}}
{"target": 0.0, "params": {"beta_1": 1.3112172809295224, "beta_2": 6.2893387728675325, "det_1": 102.94843266525768, "det_2": 8.738074587397524, "laseroff": 583031.5380267466, "laseron": 151833.1767448798, "main_det": 15.296271649147828}, "datetime": {"datetime": "2022-05-11 15:38:24", "elapsed": 5248.34247, "delta": 157.82414}}
{"target": 0.0, "params": {"beta_1": 1.3112172809295224, "beta_2": 6.2893387728675325, "det_1": 102.94843266525768, "det_2": 8.738074587397524, "laseroff": 583031.5380267466, "laseron": 151833.1767448798, "main_det": 15.296271649147828}, "datetime": {"datetime": "2022-05-11 15:38:24", "elapsed": 5248.343468, "delta": 157.825138}}
{"target": 0.004383194970443695, "params": {"beta_1": 2.832272749836906, "beta_2": 8.711771476962424, "det_1": 120.66064025687638, "det_2": 20.63446645604312, "laseroff": 304007.0241359335, "laseron": 180382.65420565015, "main_det": 16.206239498099663}, "datetime": {"datetime": "2022-05-11 15:40:06", "elapsed": 5350.554261, "delta": 102.211791}}
{"target": 0.004383194970443695, "params": {"beta_1": 2.832272749836906, "beta_2": 8.711771476962424, "det_1": 120.66064025687638, "det_2": 20.63446645604312, "laseroff": 304007.0241359335, "laseron": 180382.65420565015, "main_det": 16.206239498099663}, "datetime": {"datetime": "2022-05-11 15:40:06", "elapsed": 5350.554261, "delta": 102.210793}}
{"target": 0.0012283525684150438, "params": {"beta_1": 4.821497730171499, "beta_2": 1.387238246251008, "det_1": 136.90518079079166, "det_2": 25.554821493430946, "laseroff": 500664.92418345716, "laseron": 225639.27103333722, "main_det": 18.67804472894203}, "datetime": {"datetime": "2022-05-11 15:41:35", "elapsed": 5439.261733, "delta": 88.707472}}
{"target": 0.0012283525684150438, "params": {"beta_1": 4.821497730171499, "beta_2": 1.387238246251008, "det_1": 136.90518079079166, "det_2": 25.554821493430946, "laseroff": 500664.92418345716, "laseron": 225639.27103333722, "main_det": 18.67804472894203}, "datetime": {"datetime": "2022-05-11 15:41:35", "elapsed": 5439.26273, "delta": 88.708469}}
{"target": 0.0, "params": {"beta_1": 1.6843317623016252, "beta_2": 4.535586155540147, "det_1": 88.32642370445645, "det_2": 20.322927892206437, "laseroff": 420502.30343173514, "laseron": 183468.68501849895, "main_det": 10.430913406134545}, "datetime": {"datetime": "2022-05-11 15:43:12", "elapsed": 5536.107866, "delta": 96.846133}}
{"target": 0.0, "params": {"beta_1": 1.6843317623016252, "beta_2": 4.535586155540147, "det_1": 88.32642370445645, "det_2": 20.322927892206437, "laseroff": 420502.30343173514, "laseron": 183468.68501849895, "main_det": 10.430913406134545}, "datetime": {"datetime": "2022-05-11 15:43:12", "elapsed": 5536.108864, "delta": 96.846134}}
{"target": 0.004471755012798942, "params": {"beta_1": 0.13787502174447908, "beta_2": 6.821677698504136, "det_1": 138.86389008326793, "det_2": 9.771422521067851, "laseroff": 501508.65534638317, "laseron": 193430.9096628278, "main_det": 18.208104729104765}, "datetime": {"datetime": "2022-05-11 15:45:58", "elapsed": 5701.800974, "delta": 165.693108}}
{"target": 0.004471755012798942, "params": {"beta_1": 0.13787502174447908, "beta_2": 6.821677698504136, "det_1": 138.86389008326793, "det_2": 9.771422521067851, "laseroff": 501508.65534638317, "laseron": 193430.9096628278, "main_det": 18.208104729104765}, "datetime": {"datetime": "2022-05-11 15:45:58", "elapsed": 5701.800974, "delta": 165.69211}}
{"target": 0.0, "params": {"beta_1": 1.4194418621324345, "beta_2": 6.619800694282173, "det_1": 93.96100133211377, "det_2": 23.424070708681693, "laseroff": 447567.3247716266, "laseron": 257353.11680187995, "main_det": 14.179596004613396}, "datetime": {"datetime": "2022-05-11 15:47:14", "elapsed": 5778.727352, "delta": 76.926378}}
{"target": 0.0, "params": {"beta_1": 1.4194418621324345, "beta_2": 6.619800694282173, "det_1": 93.96100133211377, "det_2": 23.424070708681693, "laseroff": 447567.3247716266, "laseron": 257353.11680187995, "main_det": 14.179596004613396}, "datetime": {"datetime": "2022-05-11 15:47:14", "elapsed": 5778.727352, "delta": 76.926378}}
{"target": 0.0003321713826647427, "params": {"beta_1": 3.298750967386886, "beta_2": 11.315039507097527, "det_1": 116.39312394692706, "det_2": 11.238238356423583, "laseroff": 526890.8396411841, "laseron": 183391.09688171727, "main_det": 15.095291690845968}, "datetime": {"datetime": "2022-05-11 15:49:02", "elapsed": 5886.261927, "delta": 107.534575}}
{"target": 0.0003321713826647427, "params": {"beta_1": 3.298750967386886, "beta_2": 11.315039507097527, "det_1": 116.39312394692706, "det_2": 11.238238356423583, "laseroff": 526890.8396411841, "laseron": 183391.09688171727, "main_det": 15.095291690845968}, "datetime": {"datetime": "2022-05-11 15:49:02", "elapsed": 5886.261927, "delta": 107.534575}}
{"target": 0.0, "params": {"beta_1": 1.2413838396094974, "beta_2": 9.204547799244208, "det_1": 109.67036640114006, "det_2": 27.130162225776555, "laseroff": 487535.1344389804, "laseron": 172504.26699386994, "main_det": 15.35373793734152}, "datetime": {"datetime": "2022-05-11 15:50:18", "elapsed": 5962.648747, "delta": 76.38682}}
{"target": 0.0, "params": {"beta_1": 1.2413838396094974, "beta_2": 9.204547799244208, "det_1": 109.67036640114006, "det_2": 27.130162225776555, "laseroff": 487535.1344389804, "laseron": 172504.26699386994, "main_det": 15.35373793734152}, "datetime": {"datetime": "2022-05-11 15:50:18", "elapsed": 5962.649744, "delta": 76.387817}}
{"target": 0.0022454390497357903, "params": {"beta_1": 0.682522145245355, "beta_2": 1.1337037440828335, "det_1": 96.65641813050944, "det_2": 28.478764551795773, "laseroff": 465896.72139502404, "laseron": 220390.15162508975, "main_det": 16.870995423656368}, "datetime": {"datetime": "2022-05-11 15:51:59", "elapsed": 6063.404429, "delta": 100.755682}}
{"target": 0.0022454390497357903, "params": {"beta_1": 0.682522145245355, "beta_2": 1.1337037440828335, "det_1": 96.65641813050944, "det_2": 28.478764551795773, "laseroff": 465896.72139502404, "laseron": 220390.15162508975, "main_det": 16.870995423656368}, "datetime": {"datetime": "2022-05-11 15:51:59", "elapsed": 6063.404429, "delta": 100.754685}}
{"target": 0.0023469707226099613, "params": {"beta_1": 1.1840011629887943, "beta_2": 6.793398922813846, "det_1": 121.06087321106466, "det_2": 8.094214531093247, "laseroff": 472882.8724268859, "laseron": 213758.82566417815, "main_det": 17.809812899742987}, "datetime": {"datetime": "2022-05-11 15:53:37", "elapsed": 6161.244905, "delta": 97.840476}}
{"target": 0.0023469707226099613, "params": {"beta_1": 1.1840011629887943, "beta_2": 6.793398922813846, "det_1": 121.06087321106466, "det_2": 8.094214531093247, "laseroff": 472882.8724268859, "laseron": 213758.82566417815, "main_det": 17.809812899742987}, "datetime": {"datetime": "2022-05-11 15:53:37", "elapsed": 6161.244905, "delta": 97.840476}}
{"target": 0.004852564707826188, "params": {"beta_1": 4.712028019204926, "beta_2": 10.626589501624292, "det_1": 139.28945882814008, "det_2": 13.000780801116884, "laseroff": 422179.85988138354, "laseron": 140777.2259331082, "main_det": 17.175823294316373}, "datetime": {"datetime": "2022-05-11 15:57:11", "elapsed": 6375.397986, "delta": 214.153081}}
{"target": 0.004852564707826188, "params": {"beta_1": 4.712028019204926, "beta_2": 10.626589501624292, "det_1": 139.28945882814008, "det_2": 13.000780801116884, "laseroff": 422179.85988138354, "laseron": 140777.2259331082, "main_det": 17.175823294316373}, "datetime": {"datetime": "2022-05-11 15:57:11", "elapsed": 6375.398982, "delta": 214.154077}}
{"target": 0.005482127857115612, "params": {"beta_1": 3.8050995873529567, "beta_2": 9.936559576119455, "det_1": 87.59839010311943, "det_2": 25.530476380724924, "laseroff": 491912.16996315226, "laseron": 162300.30234814572, "main_det": 19.47056298409516}, "datetime": {"datetime": "2022-05-11 15:58:41", "elapsed": 6465.437313, "delta": 90.039327}}
{"target": 0.005482127857115612, "params": {"beta_1": 3.8050995873529567, "beta_2": 9.936559576119455, "det_1": 87.59839010311943, "det_2": 25.530476380724924, "laseroff": 491912.16996315226, "laseron": 162300.30234814572, "main_det": 19.47056298409516}, "datetime": {"datetime": "2022-05-11 15:58:41", "elapsed": 6465.437313, "delta": 90.038331}}
{"target": 0.0, "params": {"beta_1": 3.639035777353838, "beta_2": 5.6875307383151235, "det_1": 121.61241404882618, "det_2": 13.850887557521038, "laseroff": 507074.7781101683, "laseron": 264096.3856428353, "main_det": 13.650664030635546}, "datetime": {"datetime": "2022-05-11 15:59:58", "elapsed": 6542.387627, "delta": 76.950314}}
{"target": 0.0, "params": {"beta_1": 3.639035777353838, "beta_2": 5.6875307383151235, "det_1": 121.61241404882618, "det_2": 13.850887557521038, "laseroff": 507074.7781101683, "laseron": 264096.3856428353, "main_det": 13.650664030635546}, "datetime": {"datetime": "2022-05-11 15:59:58", "elapsed": 6542.388625, "delta": 76.951312}}
{"target": 0.0, "params": {"beta_1": 0.20508671612438245, "beta_2": 1.1772266483651428, "det_1": 151.22040000330597, "det_2": 17.692356988266077, "laseroff": 521334.1075026832, "laseron": 163816.3209884585, "main_det": 12.855109977073681}, "datetime": {"datetime": "2022-05-11 16:04:15", "elapsed": 6799.04858, "delta": 256.660953}}
{"target": 0.0, "params": {"beta_1": 0.20508671612438245, "beta_2": 1.1772266483651428, "det_1": 151.22040000330597, "det_2": 17.692356988266077, "laseroff": 521334.1075026832, "laseron": 163816.3209884585, "main_det": 12.855109977073681}, "datetime": {"datetime": "2022-05-11 16:04:15", "elapsed": 6799.04858, "delta": 256.659955}}
{"target": 0.0, "params": {"beta_1": 2.510832269412199, "beta_2": 9.469714500658283, "det_1": 168.79531527143723, "det_2": 23.144099675880533, "laseroff": 489327.9450340824, "laseron": 276262.08088612306, "main_det": 19.602797560658672}, "datetime": {"datetime": "2022-05-11 16:05:38", "elapsed": 6882.125517, "delta": 83.076937}}
{"target": 0.0, "params": {"beta_1": 2.510832269412199, "beta_2": 9.469714500658283, "det_1": 168.79531527143723, "det_2": 23.144099675880533, "laseroff": 489327.9450340824, "laseron": 276262.08088612306, "main_det": 19.602797560658672}, "datetime": {"datetime": "2022-05-11 16:05:38", "elapsed": 6882.126515, "delta": 83.077935}}
