{"target": -1.0, "params": {"Bgrad": 1.9171006181058226, "d1": -2.5418814117047033, "d2": -0.46455458890483836, "d3": -1.7143525924729848, "d4": -2.083820846268768, "p1": 6.894956274203312, "p2": 34.88308225236358, "p3": 39.972805558885334, "p4": 34.45312624351512, "pol1": -0.43032527041927415, "pol2": 0.6447650465001997, "pol3": 0.22820492905794443, "pol4": -0.3412670734632841, "v0s": 2.4769847545949397}, "datetime": {"datetime": "2022-05-16 20:50:09", "elapsed": 4024.778848, "delta": 4.03122}}
{"target": 2.9669018032115604, "params": {"Bgrad": 1.847546908252343, "d1": -1.966602736717276, "d2": 0.16896883865691636, "d3": -1.277518658767001, "d4": -0.3223357307878594, "p1": 44.14964588288305, "p2": 21.313924095757613, "p3": 25.316788662934474, "p4": 14.685514793475758, "pol1": 0.7323115698801197, "pol2": -0.015830571892571532, "pol3": 0.13215112579821864, "pol4": -0.6884951711730665, "v0s": 2.9669018032115604}, "datetime": {"datetime": "2022-05-16 20:50:12", "elapsed": 4027.605286, "delta": 2.826438}}
{"target": -1.0, "params": {"Bgrad": 1.3248509591736362, "d1": -0.9218611827381644, "d2": -1.5067024655206556, "d3": -2.3913329593773973, "d4": -0.6460713979836497, "p1": 41.33507153328209, "p2": 19.075845512007096, "p3": 24.824666120870763, "p4": 14.515751459741372, "pol1": 0.22999831058994058, "pol2": -0.45373907784941236, "pol3": -0.8382685722430021, "pol4": -0.19174116389422413, "v0s": 4.238463291994692}, "datetime": {"datetime": "2022-05-16 20:50:22", "elapsed": 4037.801018, "delta": 10.195732}}
{"target": -1.0, "params": {"Bgrad": 0.5110726732020572, "d1": 0.7000219181282685, "d2": -1.9455151511439719, "d3": -1.7475713172540543, "d4": -1.4658648963648209, "p1": 46.1506001018269, "p2": 17.66639120766524, "p3": 23.87014428620038, "p4": 12.868818797043973, "pol1": -0.3341245305608618, "pol2": -0.8946719659751945, "pol3": -0.6069879604776394, "pol4": -0.032835297734627567, "v0s": 4.03158897190662}, "datetime": {"datetime": "2022-05-16 20:50:28", "elapsed": 4043.915663, "delta": 6.114645}}
{"target": 3.8077222065078624, "params": {"Bgrad": 1.4227262535233807, "d1": -2.0961877004400993, "d2": -3.0, "d3": -1.6266440390282138, "d4": -2.5253147818817525, "p1": 25.296945289796156, "p2": 31.259098409721915, "p3": 44.821908124836895, "p4": 45.94635149238786, "pol1": -0.40149631677256636, "pol2": 0.3971444100132922, "pol3": -0.7747355835578214, "pol4": -0.3923294545792939, "v0s": 3.8077222065078624}, "datetime": {"datetime": "2022-05-16 20:50:35", "elapsed": 4051.152307, "delta": 7.236644}}
{"target": -1.0, "params": {"Bgrad": 1.5087086163912806, "d1": -1.7451323236569871, "d2": -3.0, "d3": -2.4139243093322174, "d4": -1.8747121816722083, "p1": 25.08044543649546, "p2": 30.936566534934002, "p3": 44.24386523891358, "p4": 45.691709918839514, "pol1": -0.8604704492765238, "pol2": 0.14666341319715762, "pol3": -0.8445924472105649, "pol4": -0.9278595179237028, "v0s": 4.582120612360385}, "datetime": {"datetime": "2022-05-16 20:50:50", "elapsed": 4065.948732, "delta": 14.796425}}
{"target": 3.696905404971885, "params": {"Bgrad": 1.519226411595387, "d1": -2.010385768359628, "d2": 0.6282355593419054, "d3": -1.3153909241776258, "d4": -0.4490628475722392, "p1": 0.7614310486202469, "p2": 31.143914551834133, "p3": 17.29300355750524, "p4": 11.9536464999351, "pol1": 0.3606047522888771, "pol2": 0.34103997119370977, "pol3": 0.15694422910537514, "pol4": 1.0, "v0s": 3.696905404971885}, "datetime": {"datetime": "2022-05-16 20:50:57", "elapsed": 4072.345623, "delta": 6.396891}}
{"target": 4.969868887984333, "params": {"Bgrad": 0.5, "d1": -3.0, "d2": -3.0, "d3": -3.0, "d4": -0.8949642135614387, "p1": 5.236673305417192, "p2": 1.9652743470255596, "p3": 38.45486734635557, "p4": 20.25002834070211, "pol1": -0.1509631790989127, "pol2": 0.22785755307389546, "pol3": 0.0568755164971944, "pol4": 0.2942967349824194, "v0s": 4.969868887984333}, "datetime": {"datetime": "2022-05-16 20:51:03", "elapsed": 4078.532077, "delta": 6.186454}}
{"target": 4.486926101747274, "params": {"Bgrad": 0.865437878491419, "d1": -2.0196616761961814, "d2": -0.39916311749287897, "d3": -2.0615467620897796, "d4": -1.9744230009690218, "p1": 5.922911086676099, "p2": 35.03111877869874, "p3": 36.382956705264135, "p4": 35.34029555076956, "pol1": 0.19198385320356795, "pol2": -0.17755632002942404, "pol3": -0.24812532773411802, "pol4": -0.17434641596892156, "v0s": 4.486926101747274}, "datetime": {"datetime": "2022-05-16 20:51:09", "elapsed": 4085.083553, "delta": 6.551476}}
{"target": -1.0, "params": {"Bgrad": 1.86618652407926, "d1": -1.8233787213791706, "d2": 0.16153949416808766, "d3": -1.7651132854261848, "d4": -2.160174554294524, "p1": 42.95762604960687, "p2": 20.8593357271527, "p3": 19.852473516701817, "p4": 17.832322664392063, "pol1": 0.851087805397625, "pol2": -0.7505081909969937, "pol3": 0.657276851268358, "pol4": -0.3054242313497906, "v0s": 2.844445728261579}, "datetime": {"datetime": "2022-05-16 20:51:13", "elapsed": 4088.871422, "delta": 3.787869}}
{"target": -1.0, "params": {"Bgrad": 1.6504536415332933, "d1": -1.9029247224146606, "d2": -1.595290923911223, "d3": -1.6880689074706408, "d4": -0.7939258808595215, "p1": 29.18065166702978, "p2": 27.604032817850506, "p3": 3.1756190702365625, "p4": 44.44473434076499, "pol1": 0.37701448400495896, "pol2": 0.98854546659495, "pol3": -0.6204088945976931, "pol4": 0.32818213544440256, "v0s": 3.435913596076184}, "datetime": {"datetime": "2022-05-16 20:51:25", "elapsed": 4101.197455, "delta": 12.326033}}
{"target": 4.248634431669563, "params": {"Bgrad": 0.9376658846393237, "d1": -1.82338631755114, "d2": 0.7728773794893543, "d3": -1.6992499248469075, "d4": -2.6631238029851287, "p1": 46.13852389610679, "p2": 18.744150784972, "p3": 25.099549399348213, "p4": 11.14292632172458, "pol1": 0.5414319438299996, "pol2": -0.16289339065969097, "pol3": 0.5596863315659779, "pol4": 0.3268505545167904, "v0s": 4.248634431669563}, "datetime": {"datetime": "2022-05-16 20:51:32", "elapsed": 4107.670143, "delta": 6.472688}}
{"target": -1.0, "params": {"Bgrad": 1.2512515346472495, "d1": -0.20083008721454032, "d2": 0.9550538526027577, "d3": -0.7778582091749229, "d4": -1.5671463201244253, "p1": 38.585947820150146, "p2": 18.70940620821547, "p3": 15.35362073872924, "p4": 18.386265140396507, "pol1": 0.7111646032578944, "pol2": 0.0968105218460018, "pol3": 0.09687769935744739, "pol4": -0.0036657084873232826, "v0s": 4.656064575710599}, "datetime": {"datetime": "2022-05-16 20:51:44", "elapsed": 4119.890459, "delta": 12.220316}}
{"target": 2.724497783714814, "params": {"Bgrad": 1.172517650396074, "d1": 0.05645085348608902, "d2": 0.28470285358542824, "d3": -1.086278654805564, "d4": -2.322376259257441, "p1": 21.280784799212697, "p2": 5.645035658641229, "p3": 46.865777287595705, "p4": 38.83980435372777, "pol1": -0.01276440958987236, "pol2": -0.5644168662986795, "pol3": -0.8876540179879566, "pol4": -0.828418445930111, "v0s": 2.724497783714814}, "datetime": {"datetime": "2022-05-16 20:51:49", "elapsed": 4125.204246, "delta": 5.313787}}
{"target": 4.535946398135217, "params": {"Bgrad": 0.5, "d1": -3.0, "d2": -0.2520714480997728, "d3": -0.774599660442006, "d4": -0.9849210288405537, "p1": 32.01184484030765, "p2": 7.944548761326813, "p3": 8.087733071180452, "p4": 25.183342184582852, "pol1": 0.5569625169252694, "pol2": -1.0, "pol3": -0.29378206352962805, "pol4": 0.4462081804425201, "v0s": 4.535946398135217}, "datetime": {"datetime": "2022-05-16 20:51:53", "elapsed": 4129.118776, "delta": 3.91453}}
{"target": 3.9178386041206483, "params": {"Bgrad": 0.9239016082268579, "d1": -2.6253292907563424, "d2": 0.5821877825008723, "d3": -1.453528927494212, "d4": -0.6479310613519593, "p1": 0.15982000988715162, "p2": 33.65356945250652, "p3": 17.209288965958464, "p4": 13.58496037735435, "pol1": -0.7951360738628528, "pol2": -0.1033748510144219, "pol3": 0.37775993830070953, "pol4": 0.8874082957212657, "v0s": 3.9178386041206483}, "datetime": {"datetime": "2022-05-16 20:51:59", "elapsed": 4134.586153, "delta": 5.467377}}
{"target": -1.0, "params": {"Bgrad": 0.680298678690454, "d1": -2.4708660579287014, "d2": -0.13112433705713933, "d3": -2.633024267628712, "d4": -0.8039205995918187, "p1": 6.545910571132784, "p2": 35.21729071372562, "p3": 37.38508624212904, "p4": 33.23743119509467, "pol1": -0.36714172755932495, "pol2": 0.46885869463988034, "pol3": -0.2533102894441288, "pol4": 0.21664569478811307, "v0s": 5.486459781792048}, "datetime": {"datetime": "2022-05-16 20:52:08", "elapsed": 4143.618994, "delta": 9.032841}}
{"target": 3.346654013987715, "params": {"Bgrad": 0.908243910867959, "d1": -2.953086750493335, "d2": -1.8618209142569921, "d3": -0.7756364387582098, "d4": -0.1381053166818318, "p1": 30.67700540022344, "p2": 5.675807873660416, "p3": 7.174878016322822, "p4": 24.617118917700537, "pol1": 0.677258511178475, "pol2": 0.5371470857492964, "pol3": -0.9731009099511587, "pol4": -0.08726723774570933, "v0s": 3.346654013987715}, "datetime": {"datetime": "2022-05-16 20:52:13", "elapsed": 4148.869949, "delta": 5.250955}}
{"target": 2.3927105389513663, "params": {"Bgrad": 1.7203364852109022, "d1": -1.8097265824799686, "d2": -3.0, "d3": -2.525501872305586, "d4": -1.340366919292899, "p1": 36.31248694371696, "p2": 34.85524556331949, "p3": 17.993042345440408, "p4": 22.208618351313856, "pol1": 0.7074665473210269, "pol2": 0.05890198265922162, "pol3": 0.21262464100152179, "pol4": -0.1063031400504197, "v0s": 2.3927105389513663}, "datetime": {"datetime": "2022-05-16 20:52:20", "elapsed": 4155.404472, "delta": 6.534523}}
{"target": 4.042246524554869, "params": {"Bgrad": 0.717301333801817, "d1": -2.8693419758372416, "d2": -0.7405691821492413, "d3": 0.8663412042040894, "d4": -1.1492141027701268, "p1": 34.480995094789144, "p2": 9.076941700359603, "p3": 8.040071154155942, "p4": 27.064671685946262, "pol1": 0.6922263887807845, "pol2": -0.6237284540329748, "pol3": -0.71954360190372, "pol4": -0.08822569847366268, "v0s": 4.042246524554869}, "datetime": {"datetime": "2022-05-16 20:52:23", "elapsed": 4159.058698, "delta": 3.654226}}
{"target": 4.787253732057045, "params": {"Bgrad": 0.5, "d1": -3.0, "d2": -3.0, "d3": -3.0, "d4": -0.6373293642526996, "p1": 5.417504389180962, "p2": 1.9233546517345042, "p3": 38.22202313524953, "p4": 20.511471585297883, "pol1": 0.7491030720596539, "pol2": 0.22665271716623617, "pol3": -0.6357337184387515, "pol4": -0.27914131397626596, "v0s": 4.787253732057045}, "datetime": {"datetime": "2022-05-16 20:52:28", "elapsed": 4163.39111, "delta": 4.332412}}
{"target": -1.0, "params": {"Bgrad": 1.5867263310572786, "d1": -1.008782248708619, "d2": -0.3088258542760687, "d3": -0.6461450824872461, "d4": -0.9816444645413052, "p1": 44.93522312728436, "p2": 26.08729266887961, "p3": 23.725760217187524, "p4": 30.75885953170543, "pol1": 0.4666707116648934, "pol2": -0.27825490186207236, "pol3": -0.21586618959555337, "pol4": 0.18206780897986086, "v0s": 5.736184296423398}, "datetime": {"datetime": "2022-05-16 20:52:38", "elapsed": 4173.907981, "delta": 10.516871}}
{"target": 4.049966266263773, "params": {"Bgrad": 1.0105533991887237, "d1": -0.9790605532281672, "d2": 0.392884483384868, "d3": -2.7893791700390564, "d4": -2.4421118026722497, "p1": 30.700332696058563, "p2": 11.324390065983419, "p3": 37.73042776650577, "p4": 27.918646348682895, "pol1": 0.9812050752962694, "pol2": -1.0, "pol3": 0.002925727787874841, "pol4": -0.3044276930122946, "v0s": 4.049966266263773}, "datetime": {"datetime": "2022-05-16 20:52:44", "elapsed": 4179.929875, "delta": 6.021894}}
{"target": -1.0, "params": {"Bgrad": 1.6226419837054435, "d1": -0.08122324191944008, "d2": 0.055544908354578926, "d3": -2.9511537594691823, "d4": 0.5743364166973413, "p1": 3.893269500009877, "p2": 35.34023330988854, "p3": 37.476251421528715, "p4": 35.51865894043663, "pol1": 0.31799166040542315, "pol2": -0.4232109048518351, "pol3": -0.9434482137653615, "pol4": -0.3259674247346156, "v0s": 4.784212010990448}, "datetime": {"datetime": "2022-05-16 20:52:56", "elapsed": 4191.618612, "delta": 11.688737}}
{"target": 3.805704094126634, "params": {"Bgrad": 1.2067221819170881, "d1": -1.7657872813246267, "d2": 0.10038301602578947, "d3": -1.5154646192900685, "d4": -2.3936638912862525, "p1": 45.01732878401099, "p2": 19.122418238217005, "p3": 24.23247143557995, "p4": 11.902998336894761, "pol1": 0.546914547888093, "pol2": -0.08504596078582476, "pol3": 0.18704816000023053, "pol4": 0.17220571055622527, "v0s": 3.805704094126634}, "datetime": {"datetime": "2022-05-16 20:53:03", "elapsed": 4199.032782, "delta": 7.41417}}
{"target": 2.987419408509064, "params": {"Bgrad": 0.6118366975424769, "d1": -2.6129638462360516, "d2": 0.045053602152777206, "d3": 0.021921481230684048, "d4": -1.2342230714164044, "p1": 32.622557800678486, "p2": 7.258478986923306, "p3": 5.10601675945907, "p4": 24.767531734192044, "pol1": 0.24308606600383964, "pol2": -0.28474560757028633, "pol3": 0.3954149210038769, "pol4": 0.0197650489234642, "v0s": 2.987419408509064}, "datetime": {"datetime": "2022-05-16 20:53:09", "elapsed": 4205.00082, "delta": 5.968038}}
{"target": 3.315989515628573, "params": {"Bgrad": 1.9217703561556048, "d1": -1.7682224270570077, "d2": -0.4415940484401051, "d3": -0.6009791831893918, "d4": -0.3186503605139288, "p1": 30.43602425500379, "p2": 7.62957930881033, "p3": 8.559353353577126, "p4": 23.002332227944084, "pol1": 0.5488865280553055, "pol2": -0.066051308327983, "pol3": -0.3741018411713579, "pol4": 0.9080820049391227, "v0s": 3.315989515628573}, "datetime": {"datetime": "2022-05-16 20:53:14", "elapsed": 4209.65936, "delta": 4.65854}}
{"target": -1.0, "params": {"Bgrad": 1.0243160872806198, "d1": -1.5588563922291057, "d2": -2.28132455349703, "d3": 0.034444923967403174, "d4": -2.6307862606018424, "p1": 5.566316786961156, "p2": 33.93525717605101, "p3": 34.65101618202252, "p4": 36.722695381045185, "pol1": -0.9689829741023579, "pol2": -0.8480690798218904, "pol3": -0.7929762185709217, "pol4": 0.06525754559165442, "v0s": 4.060770344311361}, "datetime": {"datetime": "2022-05-16 20:53:27", "elapsed": 4222.945824, "delta": 13.286464}}
{"target": -1.0, "params": {"Bgrad": 1.3293958846546925, "d1": -0.5413469203443447, "d2": -0.13295665379307803, "d3": -0.6714048530719421, "d4": -1.8346303902720331, "p1": 21.49610816838918, "p2": 7.130502434041164, "p3": 47.38891708564037, "p4": 38.64546854469586, "pol1": -0.13332345549597696, "pol2": -0.3909331883715761, "pol3": -0.5478808527598488, "pol4": -0.579403013962034, "v0s": 2.7935754028629116}, "datetime": {"datetime": "2022-05-16 20:53:40", "elapsed": 4236.136544, "delta": 13.19072}}
{"target": 2.79765418141423, "params": {"Bgrad": 1.819889381695118, "d1": -2.7907720025640588, "d2": -0.6285772288079863, "d3": -0.24421263803911097, "d4": -1.3745609396357987, "p1": 31.135423798117845, "p2": 3.7580651420890065, "p3": 7.2129757286418625, "p4": 25.925002671034918, "pol1": 0.8632546966566159, "pol2": -0.03162837839528354, "pol3": 0.2658562576951944, "pol4": 0.13725943516844286, "v0s": 2.79765418141423}, "datetime": {"datetime": "2022-05-16 20:53:45", "elapsed": 4240.423079, "delta": 4.286535}}
{"target": 3.283517263335253, "params": {"Bgrad": 1.7447685815503815, "d1": -2.058928951264046, "d2": -3.0, "d3": -2.5245323334178678, "d4": -3.0, "p1": 25.361563342829022, "p2": 31.59670442585221, "p3": 44.208954445478284, "p4": 46.050294274367715, "pol1": -0.08705066205821532, "pol2": 0.958772050188538, "pol3": -0.35858442596118706, "pol4": -0.07401486159693056, "v0s": 3.283517263335253}, "datetime": {"datetime": "2022-05-16 20:53:52", "elapsed": 4248.001808, "delta": 7.578729}}
{"target": 4.120332084112027, "params": {"Bgrad": 0.9037423541601168, "d1": -3.0, "d2": -0.33429357779968844, "d3": -0.6882366178615401, "d4": -0.42824174081529315, "p1": 31.143929697081607, "p2": 7.3419984322466405, "p3": 8.055652878917149, "p4": 25.4654357062268, "pol1": 1.0, "pol2": -0.25106599390318546, "pol3": -0.20812349899344326, "pol4": 0.025017618344200528, "v0s": 4.120332084112027}, "datetime": {"datetime": "2022-05-16 20:53:58", "elapsed": 4253.838198, "delta": 5.83639}}
{"target": 4.334173198569496, "params": {"Bgrad": 1.2137460434116245, "d1": -1.714930181270194, "d2": 0.8083151324314093, "d3": -2.3613005174740476, "d4": -2.0491568020987505, "p1": 6.77085494792389, "p2": 34.63139642320222, "p3": 36.789549163523894, "p4": 34.929813868975906, "pol1": 0.07557324196580875, "pol2": -0.35387830103732215, "pol3": 0.06662270595309373, "pol4": -0.5281896813645682, "v0s": 4.334173198569496}, "datetime": {"datetime": "2022-05-16 20:54:04", "elapsed": 4260.183228, "delta": 6.34503}}
{"target": -1.0, "params": {"Bgrad": 1.1445582362383813, "d1": -2.442751047993326, "d2": 0.5713431487474092, "d3": -1.8534249632361663, "d4": -1.8065115840667816, "p1": 8.75359885620815, "p2": 36.84318749203185, "p3": 35.862044517492954, "p4": 33.51616429795218, "pol1": 0.05802312131426701, "pol2": 0.23801756606407798, "pol3": 0.5762440102400606, "pol4": -0.6343693304906117, "v0s": 5.7411408316345796}, "datetime": {"datetime": "2022-05-16 20:54:17", "elapsed": 4272.701745, "delta": 12.518517}}
{"target": -1.0, "params": {"Bgrad": 0.9201964593021744, "d1": -0.22061074427359229, "d2": -2.788974310242336, "d3": -2.4186562643739857, "d4": 0.3075636628457299, "p1": 4.510499060455869, "p2": 1.526276393905801, "p3": 38.14884243522387, "p4": 21.363623557011746, "pol1": 0.3107254057497153, "pol2": -0.6209954398732016, "pol3": 0.6613904612408292, "pol4": 0.7866819153350217, "v0s": 4.179740106855444}, "datetime": {"datetime": "2022-05-16 20:54:27", "elapsed": 4283.06104, "delta": 10.359295}}
{"target": 3.6825483612550727, "params": {"Bgrad": 0.6249145463124339, "d1": -1.855377109495, "d2": -0.6870890030847234, "d3": -2.493058174076887, "d4": -1.6394431539674779, "p1": 5.5168668945036305, "p2": 34.01916355271836, "p3": 34.44824509391388, "p4": 36.87661441470434, "pol1": -0.6623024899466003, "pol2": 0.257173042856202, "pol3": 0.6126845136590422, "pol4": 0.8043801769278629, "v0s": 3.6825483612550727}, "datetime": {"datetime": "2022-05-16 20:54:32", "elapsed": 4287.833274, "delta": 4.772234}}
{"target": -1.0, "params": {"Bgrad": 0.5230662569336084, "d1": -1.0625269681144753, "d2": -1.2977116197841192, "d3": -2.3695465659482706, "d4": 0.46403639563945953, "p1": 5.846817345881439, "p2": 34.964910043198, "p3": 37.10835625975409, "p4": 32.19971891068019, "pol1": 0.7159059006995614, "pol2": 0.017798924127364613, "pol3": -0.14346393592451023, "pol4": 0.5694968630532653, "v0s": 7.692119852025442}, "datetime": {"datetime": "2022-05-16 20:54:39", "elapsed": 4295.029028, "delta": 7.195754}}
{"target": 3.317954181108319, "params": {"Bgrad": 1.4488046504424845, "d1": -2.390579524470245, "d2": -1.3045684513555216, "d3": -0.7040680704127098, "d4": -2.511373184383081, "p1": 4.03575740209538, "p2": 34.550402365490235, "p3": 36.11576047677876, "p4": 38.20125428784537, "pol1": 0.07474146265024917, "pol2": 0.8485015693226274, "pol3": -0.690591953673495, "pol4": 0.401557561678096, "v0s": 3.317954181108319}, "datetime": {"datetime": "2022-05-16 20:54:45", "elapsed": 4300.62905, "delta": 5.600022}}
{"target": 4.657832092050883, "params": {"Bgrad": 0.8278232206800468, "d1": -1.8360672836951801, "d2": 1.0, "d3": -2.635489104828591, "d4": -2.1257728704194587, "p1": 6.778133140399148, "p2": 34.35381021506476, "p3": 38.48457042973881, "p4": 34.33242507143619, "pol1": -0.3536783526734477, "pol2": -0.40977893139517413, "pol3": 0.08479172028155774, "pol4": -0.5547392644637046, "v0s": 4.657832092050883}, "datetime": {"datetime": "2022-05-16 20:54:49", "elapsed": 4304.346108, "delta": 3.717058}}
{"target": 4.054797957273215, "params": {"Bgrad": 0.867295597883855, "d1": -0.8141386017891867, "d2": -0.32813881636003117, "d3": -0.4677343415259654, "d4": -1.7768554158537655, "p1": 5.267779214717399, "p2": 35.75054164796221, "p3": 40.24952967473096, "p4": 32.746022273019165, "pol1": -0.8633381181753137, "pol2": -0.024355581201954912, "pol3": 0.6120523895894603, "pol4": 0.30706393525836573, "v0s": 4.054797957273215}, "datetime": {"datetime": "2022-05-16 20:54:55", "elapsed": 4310.538546, "delta": 6.192438}}
{"target": 3.7000274471655117, "params": {"Bgrad": 0.6674216746464844, "d1": 0.9253122726190166, "d2": -0.12183766372731684, "d3": -0.8838117480463911, "d4": -0.9421676123740915, "p1": 16.920024926810378, "p2": 6.930739207075813, "p3": 7.216028123887158, "p4": 36.08693593938847, "pol1": 1.0, "pol2": -1.0, "pol3": -0.38345556547612164, "pol4": 0.5785004698227613, "v0s": 3.7000274471655117}, "datetime": {"datetime": "2022-05-16 20:55:00", "elapsed": 4315.735646, "delta": 5.1971}}
{"target": 3.2954052052299496, "params": {"Bgrad": 0.7187743692691881, "d1": -0.5069247784270114, "d2": 0.5858218897412719, "d3": -2.9808754161140385, "d4": -1.467576876497942, "p1": 46.46615870234974, "p2": 17.81744809922404, "p3": 25.416463984090935, "p4": 12.180312351371708, "pol1": 0.2703351828317695, "pol2": 0.6641856260554997, "pol3": 0.9510409925959729, "pol4": 0.048326370620003, "v0s": 3.2954052052299496}, "datetime": {"datetime": "2022-05-16 20:55:05", "elapsed": 4320.734276, "delta": 4.99863}}
{"target": 3.5757030605787037, "params": {"Bgrad": 1.2969651324557308, "d1": -2.920894445100157, "d2": -1.445387014394297, "d3": -1.0145612754829818, "d4": -2.040484343798321, "p1": 3.4051067824268477, "p2": 36.10527951509658, "p3": 33.67083782442298, "p4": 36.801102019670466, "pol1": -0.7972336359608676, "pol2": 0.21554160504671693, "pol3": -0.7092619343790083, "pol4": 0.5994105702510675, "v0s": 3.5757030605787037}, "datetime": {"datetime": "2022-05-16 20:55:10", "elapsed": 4325.629184, "delta": 4.894908}}
