{"target": -1.0, "params": {"Bgrad": 1.757072192379748, "d1": -1.4878509494909933, "d2": -1.9437909827082573, "d3": -1.1627851547108943, "d4": 0.5828367515202735, "p1": 19.02083000996921, "p2": 21.09284860126051, "p3": 3.1607389984013636, "p4": 2.8332429685375637, "pol1": 0.6396245262232125, "pol2": 0.27059001441462094, "pol3": 0.32280705223303396, "pol4": 0.8489475552105585, "v0s": 7.589250230690306}, "datetime": {"datetime": "2022-04-28 17:14:00", "elapsed": 6152.867099, "delta": 11.531168}}
{"target": -1.0, "params": {"Bgrad": 0.7365669897848326, "d1": -2.5336882544636192, "d2": 0.5834594145491003, "d3": -1.8142843930627923, "d4": 0.28620275669305295, "p1": 2.1931449468071404, "p2": 18.530756927025603, "p3": 31.1787928407637, "p4": 15.305234468519252, "pol1": -0.6039666395050047, "pol2": 0.4569203301844196, "pol3": -0.9432076078185092, "pol4": -0.9197156898207759, "v0s": 4.962710120435612}, "datetime": {"datetime": "2022-04-28 17:14:10", "elapsed": 6163.483713, "delta": 10.616614}}
{"target": -1.0, "params": {"Bgrad": 0.6314913917731935, "d1": 0.7148629117415672, "d2": -1.507938849959717, "d3": -2.428147215579541, "d4": -2.844543915071365, "p1": 17.45261604930638, "p2": 18.91373685512624, "p3": 31.634398058247854, "p4": 10.017659741370977, "pol1": -0.27139574015338086, "pol2": 0.06410746485060681, "pol3": 0.4790619229173694, "pol4": -0.2860408895925868, "v0s": 6.35638370650709}, "datetime": {"datetime": "2022-04-28 17:14:17", "elapsed": 6169.819771, "delta": 6.336058}}
{"target": -1.0, "params": {"Bgrad": 1.1861696576570662, "d1": -1.2458709611321837, "d2": -0.6695001762928885, "d3": -2.2687250015940044, "d4": -0.8595976115720787, "p1": 14.455585187661491, "p2": 46.68428665185068, "p3": 27.052020476950567, "p4": 26.21250145916721, "pol1": 0.7995419040810774, "pol2": 0.15615190825928216, "pol3": -0.8495645156456373, "pol4": -0.017996240338605807, "v0s": 7.810659582594258}, "datetime": {"datetime": "2022-04-28 17:14:29", "elapsed": 6181.887504, "delta": 12.067733}}
{"target": -1.0, "params": {"Bgrad": 0.7414199618625523, "d1": -0.5480384036990325, "d2": -2.4393291321718746, "d3": 0.7629103879818184, "d4": 0.3858397450983877, "p1": 18.54116251271394, "p2": 44.06646978149293, "p3": 21.435794598609903, "p4": 3.0680223350155025, "pol1": -0.8392663997377778, "pol2": 0.2748560763494732, "pol3": -0.1713646980161665, "pol4": 0.9278371317683487, "v0s": 2.50276621770555}, "datetime": {"datetime": "2022-04-28 17:14:36", "elapsed": 6188.772096, "delta": 6.884592}}
{"target": -1.0, "params": {"Bgrad": 1.5406950756128721, "d1": 0.038911830769882805, "d2": -1.3153174486823924, "d3": -1.4214918635781628, "d4": -0.7012448839587826, "p1": 2.9921009900895745, "p2": 30.130433071827785, "p3": 34.62308488395287, "p4": 5.886497408474945, "pol1": 0.22946496620592027, "pol2": -0.529553288334295, "pol3": 0.6869331150690008, "pol4": 0.832607822262224, "v0s": 5.742131939841114}, "datetime": {"datetime": "2022-04-28 17:14:48", "elapsed": 6201.092154, "delta": 12.320058}}
{"target": -1.0, "params": {"Bgrad": 1.0290401802218614, "d1": -2.147625561080357, "d2": -1.79348742311748, "d3": -0.5749687196465296, "d4": -1.4019687459122974, "p1": 32.32012981987165, "p2": 48.223595827299306, "p3": 21.732589754475185, "p4": 30.283403448735786, "pol1": -0.3296522621118192, "pol2": 0.5042174630912772, "pol3": -0.5927538553495202, "pol4": 0.48060368378589824, "v0s": 5.254172509942735}, "datetime": {"datetime": "2022-04-28 17:14:58", "elapsed": 6211.279914, "delta": 10.18776}}
{"target": -1.0, "params": {"Bgrad": 0.7396250737182151, "d1": -2.57220159356896, "d2": -2.9584543057089916, "d3": -1.0648715425214186, "d4": 0.8954924385002636, "p1": 40.40928215718613, "p2": 5.5108610010157655, "p3": 9.639052711267727, "p4": 46.6819235878219, "pol1": -0.6986161061043066, "pol2": 0.7144175925097507, "pol3": -0.4157627595518485, "pol4": 0.11758928628992571, "v0s": 5.17089643437736}, "datetime": {"datetime": "2022-04-28 17:15:08", "elapsed": 6221.347994, "delta": 10.06808}}
{"target": -1.0, "params": {"Bgrad": 0.9208937321594071, "d1": -1.2736157212269505, "d2": -0.2792273592591803, "d3": -1.7577084743509452, "d4": -1.0316280504516797, "p1": 37.64361685473531, "p2": 45.98161748518356, "p3": 36.541420385066864, "p4": 40.95501217796158, "pol1": -0.6887852212765229, "pol2": -0.42088521207427565, "pol3": -0.17547990524122814, "pol4": 0.8196573507011011, "v0s": 4.371346315318371}, "datetime": {"datetime": "2022-04-28 17:15:20", "elapsed": 6232.721583, "delta": 11.373589}}
{"target": 2.7936151906981914, "params": {"Bgrad": 0.8453656181331374, "d1": 0.010544718513793683, "d2": -1.131571828601265, "d3": -1.0477317994601738, "d4": 0.2461353047100414, "p1": 17.80356415074783, "p2": 20.006072395787506, "p3": 17.186540155910308, "p4": 13.71197975987743, "pol1": -0.5461952937243431, "pol2": 0.08548766198238056, "pol3": -0.4824055848497375, "pol4": 0.426635750399619, "v0s": 2.7936151906981914}, "datetime": {"datetime": "2022-04-28 17:15:25", "elapsed": 6237.673343, "delta": 4.95176}}
{"target": -1.0, "params": {"Bgrad": 0.8142280546205649, "d1": -0.9165333438446797, "d2": -2.734200331791146, "d3": -2.474397690347813, "d4": -2.1460718036904094, "p1": 33.48638547555984, "p2": 15.816937308238726, "p3": 32.1345760408628, "p4": 47.43085553908137, "pol1": 0.9578806378977043, "pol2": -0.2966325824472982, "pol3": -0.5745733662826695, "pol4": 0.08728976905247521, "v0s": 3.4871828575350006}, "datetime": {"datetime": "2022-04-28 17:15:31", "elapsed": 6244.335529, "delta": 6.662186}}
{"target": -1.0, "params": {"Bgrad": 0.5093917795749932, "d1": -1.06093433850622, "d2": -0.32724917503945283, "d3": -1.4855968872575245, "d4": -1.8607557750732466, "p1": 40.64140322520888, "p2": 47.6558825249911, "p3": 39.2364690267565, "p4": 7.641504570834313, "pol1": 0.8072395774317183, "pol2": 0.5260703906109909, "pol3": -0.9172699643114324, "pol4": -0.7294490495650205, "v0s": 6.737295960464577}, "datetime": {"datetime": "2022-04-28 17:15:38", "elapsed": 6251.230095, "delta": 6.894566}}
{"target": -1.0, "params": {"Bgrad": 1.7627644707140362, "d1": -0.5213722523660982, "d2": -1.823422609528734, "d3": -1.195373560680343, "d4": 0.5094557146087064, "p1": 9.527493643229956, "p2": 49.85852959570901, "p3": 36.27668205360464, "p4": 35.15095559681839, "pol1": 0.052479744546152673, "pol2": 0.3115198470270897, "pol3": -0.20855038101700352, "pol4": 0.1760723101947661, "v0s": 5.920493298415291}, "datetime": {"datetime": "2022-04-28 17:15:51", "elapsed": 6264.498617, "delta": 13.268522}}
{"target": -1.0, "params": {"Bgrad": 0.8105629592595073, "d1": -2.7643778499362464, "d2": -2.3237610484974813, "d3": 0.24373334072492758, "d4": -2.3319778943577183, "p1": 24.428844158470188, "p2": 10.13209797155145, "p3": 0.8153797591604006, "p4": 38.18239459366677, "pol1": 0.668203557390642, "pol2": -0.03369984083777755, "pol3": 0.9526199842831129, "pol4": -0.07043829090020037, "v0s": 6.634765688637506}, "datetime": {"datetime": "2022-04-28 17:16:01", "elapsed": 6273.819694, "delta": 9.321077}}
{"target": 3.9243030587372867, "params": {"Bgrad": 1.0573762954920305, "d1": -1.759941395729395, "d2": 0.08343888067058902, "d3": -2.4679669245467877, "d4": -0.6808393040869571, "p1": 21.56728636824971, "p2": 24.71141412742276, "p3": 10.73073248451022, "p4": 36.71668852002278, "pol1": -0.9790473531692923, "pol2": -0.6032405352549888, "pol3": 0.29346027814055, "pol4": 0.18215742487492048, "v0s": 3.9243030587372867}, "datetime": {"datetime": "2022-04-28 17:16:07", "elapsed": 6280.521773, "delta": 6.702079}}
{"target": -1.0, "params": {"Bgrad": 0.8856931988006658, "d1": -0.06496643997076568, "d2": -0.45699544030216943, "d3": 0.6211266680113581, "d4": -0.6706067664230555, "p1": 48.2773485480145, "p2": 0.32791533475913237, "p3": 30.485508920854688, "p4": 7.443114473148082, "pol1": -0.44238652859774885, "pol2": 0.141315814890143, "pol3": 0.9065238423736202, "pol4": -0.3142117143174241, "v0s": 3.5291528954423796}, "datetime": {"datetime": "2022-04-28 17:16:15", "elapsed": 6288.204232, "delta": 7.682459}}
{"target": -1.0, "params": {"Bgrad": 1.170085176316467, "d1": -2.2614535230774786, "d2": -1.4880019834174676, "d3": -1.9964821240484558, "d4": -1.8418325345372408, "p1": 45.38860289818736, "p2": 48.867856782686644, "p3": 9.714188195288159, "p4": 12.320625833718834, "pol1": -0.9524969931560081, "pol2": -0.7528243597616282, "pol3": 0.5873185471821631, "pol4": 0.01980700360573273, "v0s": 5.062984592500782}, "datetime": {"datetime": "2022-04-28 17:16:28", "elapsed": 6301.354072, "delta": 13.14984}}
{"target": -1.0, "params": {"Bgrad": 0.9179029040210545, "d1": 0.8115570644849095, "d2": -0.6799284446753648, "d3": 0.1659587842831205, "d4": -1.0646448476321733, "p1": 21.222862820604977, "p2": 24.2273159907564, "p3": 49.57484371689337, "p4": 9.306522097851472, "pol1": 0.2132530708948548, "pol2": -0.09048100132475079, "pol3": 0.020646665176345058, "pol4": -0.11795393119361242, "v0s": 7.7411187989851555}, "datetime": {"datetime": "2022-04-28 17:16:39", "elapsed": 6312.238968, "delta": 10.884896}}
{"target": -1.0, "params": {"Bgrad": 1.1829068697655833, "d1": -1.1954605883844813, "d2": 0.20059963590753105, "d3": -0.6538372847525271, "d4": -1.9167174804909783, "p1": 7.066535783488659, "p2": 36.83485021609849, "p3": 43.22916207725511, "p4": 0.08026274186677118, "pol1": -0.02875414491199546, "pol2": -0.7877820653491481, "pol3": -0.6242214147415084, "pol4": -0.5119812342604262, "v0s": 2.7586575104443183}, "datetime": {"datetime": "2022-04-28 17:16:51", "elapsed": 6324.395463, "delta": 12.156495}}
{"target": 4.424647629150998, "params": {"Bgrad": 0.9215334704124194, "d1": -1.5064308013800263, "d2": 0.746748938712074, "d3": -1.4654742664479263, "d4": -1.457337599020557, "p1": 13.888670171256939, "p2": 47.09157171725086, "p3": 30.78863072782675, "p4": 14.106370746916452, "pol1": -0.6265949270735443, "pol2": -0.5836404014214593, "pol3": -0.503467846677464, "pol4": 0.6411921964892762, "v0s": 4.424647629150998}, "datetime": {"datetime": "2022-04-28 17:16:56", "elapsed": 6329.368168, "delta": 4.972705}}
{"target": -1.0, "params": {"Bgrad": 0.9151593845141281, "d1": -0.46856210746396965, "d2": 0.6864188984662984, "d3": -1.3225630343932862, "d4": -0.8093810601021887, "p1": 15.173999479470062, "p2": 18.538109638250766, "p3": 11.791764155121786, "p4": 0.03738654826619947, "pol1": -0.27847938827367513, "pol2": -0.8075438728284594, "pol3": -0.7604996046902277, "pol4": -0.5136323454743723, "v0s": 6.641318707836977}, "datetime": {"datetime": "2022-04-28 17:17:06", "elapsed": 6338.847821, "delta": 9.479653}}
{"target": -1.0, "params": {"Bgrad": 1.2886698358981756, "d1": 0.023950421632612517, "d2": -2.6487908373466515, "d3": -1.5796094937449676, "d4": 0.2254668453726918, "p1": 39.03504028257145, "p2": 9.106027015736483, "p3": 28.121613537239572, "p4": 21.3661074392492, "pol1": -0.7790480444396544, "pol2": 0.4600578012560099, "pol3": 0.3465691664471473, "pol4": -0.4200535798150309, "v0s": 5.761711135620038}, "datetime": {"datetime": "2022-04-28 17:17:16", "elapsed": 6348.597751, "delta": 9.74993}}
{"target": -1.0, "params": {"Bgrad": 0.8763948391275082, "d1": 0.9761863147032246, "d2": 0.7708880746067162, "d3": -1.2785656086199872, "d4": -2.8810317852816065, "p1": 16.936070609950416, "p2": 16.34269460220665, "p3": 42.147686636953395, "p4": 42.09188755555926, "pol1": -0.3555458525540567, "pol2": -0.8370806898878957, "pol3": -0.3106769653721131, "pol4": 0.3298551945942436, "v0s": 7.127028015750584}, "datetime": {"datetime": "2022-04-28 17:17:25", "elapsed": 6357.971687, "delta": 9.373936}}
{"target": 4.274599523492994, "params": {"Bgrad": 0.9581454804602572, "d1": -0.7374055874508425, "d2": 0.1632866582858794, "d3": -2.478756862652709, "d4": -0.14477900765163865, "p1": 11.95491540654925, "p2": 21.011997453040294, "p3": 35.66584478368702, "p4": 34.40386321344611, "pol1": 0.6438756527501552, "pol2": -0.6253683954787739, "pol3": -0.13886439212218615, "pol4": -0.2067112448390167, "v0s": 4.274599523492994}, "datetime": {"datetime": "2022-04-28 17:17:30", "elapsed": 6363.280492, "delta": 5.308805}}
{"target": -1.0, "params": {"Bgrad": 1.7284784329914082, "d1": -1.4501082044098998, "d2": 0.2111159624120984, "d3": -0.6237004514345066, "d4": -0.030288749134711246, "p1": 30.482023290415217, "p2": 28.862755622680286, "p3": 22.962856266035285, "p4": 4.601032460004351, "pol1": 0.12708783184210226, "pol2": -0.5507953257272518, "pol3": -0.39720277882809873, "pol4": -0.26386361522090307, "v0s": 7.870525598598898}, "datetime": {"datetime": "2022-04-28 17:17:46", "elapsed": 6379.421334, "delta": 16.140842}}
{"target": -1.0, "params": {"Bgrad": 1.4950496725040288, "d1": -0.09256017498375968, "d2": -0.1883240800033925, "d3": 0.4970453519659346, "d4": 0.19882442071186102, "p1": 37.68831183510518, "p2": 8.000255136280815, "p3": 27.621848419213148, "p4": 32.586597511666376, "pol1": 0.02747526979482595, "pol2": 0.25180888094748877, "pol3": -0.1340069264170598, "pol4": 0.6468877731992533, "v0s": 2.4162125311441853}, "datetime": {"datetime": "2022-04-28 17:17:59", "elapsed": 6391.824172, "delta": 12.402838}}
{"target": -1.0, "params": {"Bgrad": 0.825355971134024, "d1": -0.6653870748466173, "d2": 0.8754491721960873, "d3": -1.3079881664921698, "d4": -1.099865231511918, "p1": 20.62172343302834, "p2": 45.546980743115654, "p3": 16.95751987524501, "p4": 41.77022009218123, "pol1": -0.7236115021329483, "pol2": 0.06841500369794051, "pol3": 0.45250758922763445, "pol4": 0.8476019784153859, "v0s": 5.831960067508353}, "datetime": {"datetime": "2022-04-28 17:18:07", "elapsed": 6400.054166, "delta": 8.229994}}
{"target": -1.0, "params": {"Bgrad": 0.636350711231014, "d1": 0.5115441923866997, "d2": -2.279378761017487, "d3": -2.731058780023004, "d4": -2.5533601046774597, "p1": 23.601449506817023, "p2": 47.955449254558786, "p3": 35.60325055388128, "p4": 37.04308046494161, "pol1": 0.17604151917894062, "pol2": 0.5456496349767654, "pol3": -0.8524256855536341, "pol4": 0.769027952647094, "v0s": 2.3946458456055084}, "datetime": {"datetime": "2022-04-28 17:18:16", "elapsed": 6409.150843, "delta": 9.096677}}
{"target": -1.0, "params": {"Bgrad": 1.2136426493975763, "d1": 0.0310270697029833, "d2": -1.420278866394122, "d3": 0.36504199105817525, "d4": 0.33480367792426735, "p1": 3.948565908980406, "p2": 30.324421668540108, "p3": 43.738660834055466, "p4": 47.450743799873294, "pol1": -0.6570057480738392, "pol2": 0.43099906219031214, "pol3": -0.7629693755801952, "pol4": -0.5583798916585221, "v0s": 4.2999883011788205}, "datetime": {"datetime": "2022-04-28 17:18:28", "elapsed": 6420.842581, "delta": 11.691738}}
{"target": -1.0, "params": {"Bgrad": 1.5117537647594195, "d1": 0.3054706980114794, "d2": -1.9465571638734782, "d3": -2.8377575739696788, "d4": -0.09009759007654328, "p1": 37.45256170424562, "p2": 2.6170405025230603, "p3": 14.928488175101634, "p4": 47.051879021385226, "pol1": -0.786065991683631, "pol2": 0.09822870723817578, "pol3": 0.8336216056241366, "pol4": 0.999893604480534, "v0s": 6.726365683971665}, "datetime": {"datetime": "2022-04-28 17:18:40", "elapsed": 6432.647019, "delta": 11.804438}}
{"target": -1.0, "params": {"Bgrad": 1.7121642389933207, "d1": -1.8921822030917315, "d2": -0.8180500172294094, "d3": -0.6195200557543319, "d4": 0.3260373556075775, "p1": 6.010425881556703, "p2": 25.82898147037224, "p3": 34.985339968746096, "p4": 32.50730261716141, "pol1": -0.5182455894640887, "pol2": -0.9838992595006382, "pol3": 0.12154402407602949, "pol4": -0.2209284316129949, "v0s": 2.1919723344411164}, "datetime": {"datetime": "2022-04-28 17:18:47", "elapsed": 6439.854747, "delta": 7.207728}}
{"target": -1.0, "params": {"Bgrad": 1.7253728154250607, "d1": -0.24381962739432694, "d2": -0.36595866406276967, "d3": 0.3597910894975693, "d4": -1.773541245203845, "p1": 49.70008077852259, "p2": 38.396907730977894, "p3": 6.164863880056681, "p4": 9.247332320110296, "pol1": 0.5667514906681332, "pol2": -0.3717802150055498, "pol3": 0.2072444220633063, "pol4": 0.46419952956316957, "v0s": 4.119424027521021}, "datetime": {"datetime": "2022-04-28 17:19:00", "elapsed": 6453.421472, "delta": 13.566725}}
{"target": -1.0, "params": {"Bgrad": 1.7213911263043475, "d1": 0.7228094333645654, "d2": 0.6177599491558268, "d3": 0.10962174598375762, "d4": -0.5579544277012083, "p1": 31.538264583329074, "p2": 45.8532125844391, "p3": 42.54476161913796, "p4": 20.942799193433416, "pol1": 0.43516377275207785, "pol2": 0.2114802245591587, "pol3": -0.9882094159712795, "pol4": -0.25505686607948874, "v0s": 7.137921632879942}, "datetime": {"datetime": "2022-04-28 17:19:14", "elapsed": 6467.322303, "delta": 13.900831}}
{"target": -1.0, "params": {"Bgrad": 1.6566912457021463, "d1": -2.7542334755395728, "d2": -0.09390134871534794, "d3": -2.4211602803402092, "d4": 0.26099849935673713, "p1": 29.965089720218835, "p2": 15.058537800617833, "p3": 12.745253992839888, "p4": 43.01293438844819, "pol1": 0.02640910346229619, "pol2": 0.05343888550715947, "pol3": 0.42616252309692326, "pol4": -0.8261471911925318, "v0s": 6.281170994425106}, "datetime": {"datetime": "2022-04-28 17:19:33", "elapsed": 6485.841786, "delta": 18.519483}}
{"target": -1.0, "params": {"Bgrad": 1.299610626641321, "d1": -1.7015304490714023, "d2": -2.680101445992304, "d3": -1.793650844991792, "d4": -1.6051557159430931, "p1": 44.16088319893682, "p2": 1.1672198625007568, "p3": 23.173639849020685, "p4": 46.632753132777545, "pol1": 0.47419057608924176, "pol2": -0.002837783625996959, "pol3": -0.8065632106261316, "pol4": 0.8646718764638077, "v0s": 3.409234578922822}, "datetime": {"datetime": "2022-04-28 17:19:42", "elapsed": 6495.188793, "delta": 9.347007}}
{"target": -1.0, "params": {"Bgrad": 1.7261016262441238, "d1": -1.9826549292783446, "d2": -1.4925786392498672, "d3": -0.1416280657919251, "d4": 0.4261663072686588, "p1": 36.23284654166983, "p2": 40.73277575920647, "p3": 26.386502921733573, "p4": 2.8841559528009206, "pol1": 0.32314755426097697, "pol2": 0.807640414998197, "pol3": 0.27821212105845716, "pol4": -0.3692644949779751, "v0s": 7.828309117327931}, "datetime": {"datetime": "2022-04-28 17:19:58", "elapsed": 6511.248852, "delta": 16.060059}}
{"target": -1.0, "params": {"Bgrad": 0.9138451480274732, "d1": -0.6922077244714622, "d2": 0.5388068216052431, "d3": -0.8132192298417742, "d4": -2.137408790632823, "p1": 35.332709983789, "p2": 6.610618082039488, "p3": 34.281697467324776, "p4": 49.473817154347124, "pol1": 0.6652112490253905, "pol2": -0.1759140062501663, "pol3": -0.24829026154098854, "pol4": 0.9109354990202121, "v0s": 3.247128353071476}, "datetime": {"datetime": "2022-04-28 17:20:10", "elapsed": 6523.355481, "delta": 12.106629}}
{"target": -1.0, "params": {"Bgrad": 1.9099203524602006, "d1": 0.26430178728103915, "d2": -0.16648458232502206, "d3": -2.9430760016803807, "d4": -1.1338144835193402, "p1": 36.28732480161894, "p2": 3.981656600658617, "p3": 11.72207970880359, "p4": 28.882819073079606, "pol1": -0.5918902313992873, "pol2": 0.13678412598593193, "pol3": -0.38448013754285215, "pol4": 0.30181598475230986, "v0s": 4.45370298274744}, "datetime": {"datetime": "2022-04-28 17:20:26", "elapsed": 6539.204104, "delta": 15.848623}}
{"target": -1.0, "params": {"Bgrad": 0.5416366668506183, "d1": -1.4511236472721767, "d2": -2.315132553209095, "d3": -1.305641209263129, "d4": -0.3316751193852183, "p1": 40.477652421818384, "p2": 37.47451155127933, "p3": 32.04218923743121, "p4": 43.81438960547454, "pol1": -0.651068824193124, "pol2": 0.6329136118002852, "pol3": 0.7464420017694684, "pol4": 0.6448436448679318, "v0s": 2.106244247685797}, "datetime": {"datetime": "2022-04-28 17:20:30", "elapsed": 6543.219369, "delta": 4.015265}}
{"target": -1.0, "params": {"Bgrad": 1.1523798226969502, "d1": 0.10352898640976038, "d2": 0.2888921820850805, "d3": -2.3986922698172037, "d4": -1.1123421866609227, "p1": 10.766624540694453, "p2": 27.632054079559648, "p3": 4.77875120415594, "p4": 15.350226623375567, "pol1": 0.40529917862234366, "pol2": 0.1664392244378956, "pol3": -0.689870240114743, "pol4": -0.4726344077183233, "v0s": 6.038035328246871}, "datetime": {"datetime": "2022-04-28 17:20:44", "elapsed": 6556.78011, "delta": 13.560741}}
{"target": -1.0, "params": {"Bgrad": 1.8148938743297722, "d1": -0.5982125232372151, "d2": -2.4567992486259778, "d3": -2.3091268767550654, "d4": -1.406974479417416, "p1": 14.78764808560057, "p2": 30.39773967638949, "p3": 42.27303446279896, "p4": 21.650246411491835, "pol1": 0.18378239073993652, "pol2": -0.5917697829927491, "pol3": 0.1369634258850303, "pol4": 0.5065646802043278, "v0s": 7.425831285789817}, "datetime": {"datetime": "2022-04-28 17:20:57", "elapsed": 6569.997768, "delta": 13.217658}}
{"target": -1.0, "params": {"Bgrad": 1.0514074068724963, "d1": -1.4836949039166707, "d2": -1.0612792902980255, "d3": -0.35497082789084944, "d4": 0.20366376640883033, "p1": 34.08673587013931, "p2": 48.697188318916915, "p3": 0.7818083604974602, "p4": 38.027773289732096, "pol1": -0.029007339969015167, "pol2": -0.0856943584966312, "pol3": 0.15289292686040046, "pol4": -0.4257680048301802, "v0s": 3.0694869166944505}, "datetime": {"datetime": "2022-04-28 17:21:08", "elapsed": 6581.16092, "delta": 11.163152}}
{"target": -1.0, "params": {"Bgrad": 1.333222424976313, "d1": -0.8654471039166163, "d2": -1.5932740797635923, "d3": 0.39547654292843504, "d4": -2.307022930328153, "p1": 48.20345012431502, "p2": 21.11758628018579, "p3": 18.14067718875137, "p4": 28.27150402151532, "pol1": 0.6886883787830702, "pol2": -0.9516737090554848, "pol3": 0.5132382585455597, "pol4": 0.5759132125993838, "v0s": 7.333713959795348}, "datetime": {"datetime": "2022-04-28 17:21:19", "elapsed": 6592.463698, "delta": 11.302778}}
