{"target": -1.0, "params": {"Bgrad": 0.7864258425370962, "d1": -2.7715265336645243, "d2": -0.5356854200706902, "d3": -1.516357794441244, "d4": -1.5093605554235578, "p1": 24.160114928366838, "p2": 24.406028989418655, "p3": 9.562323701351188, "p4": 32.65337456065661, "pol1": 0.8523325148210628, "pol2": -0.3343194029293235, "pol3": 0.5444878622276568, "pol4": 0.06819998242891478, "v0s": 5.895793827198765}, "datetime": {"datetime": "2022-04-29 23:23:19", "elapsed": 114712.317045, "delta": 32.726496}}
{"target": -1.0, "params": {"Bgrad": 0.6418278697563501, "d1": -1.7553723394289689, "d2": -1.648332759682848, "d3": -1.6063510299223918, "d4": -0.2519189068958769, "p1": 29.130764325064522, "p2": 45.241763093502094, "p3": 24.586608889795574, "p4": 29.068627488767262, "pol1": -0.8145601041756962, "pol2": -0.015085951508894135, "pol3": -0.5856522583709289, "pol4": -0.4247891838232485, "v0s": 3.3332078486554915}, "datetime": {"datetime": "2022-04-29 23:23:46", "elapsed": 114739.414591, "delta": 27.097546}}
{"target": 4.893693110050033, "params": {"Bgrad": 2.0, "d1": -2.015689396147758, "d2": 0.7289300578897057, "d3": -0.8777714777317913, "d4": -2.522001952763225, "p1": 33.375175167473174, "p2": 13.828301093604935, "p3": 4.336978234354977, "p4": 17.00448469912017, "pol1": -0.18027558114247264, "pol2": 0.6435889115509006, "pol3": 1.0, "pol4": -0.048664814438506336, "v0s": 4.893693110050033}, "datetime": {"datetime": "2022-04-29 23:24:35", "elapsed": 114787.796227, "delta": 48.381636}}
{"target": 3.7380007158859287, "params": {"Bgrad": 1.7578849664702747, "d1": -1.9568832522648605, "d2": 0.12107349052289429, "d3": -0.9016675033953812, "d4": 0.3881172165810187, "p1": 22.421913747822313, "p2": 24.090593005002052, "p3": 10.71808544462865, "p4": 31.223026571098412, "pol1": -0.6458365106479329, "pol2": -0.8107079587282788, "pol3": 0.5187462497614541, "pol4": 0.355921657539674, "v0s": 3.7380007158859287}, "datetime": {"datetime": "2022-04-29 23:24:58", "elapsed": 114811.104904, "delta": 23.308677}}
{"target": -1.0, "params": {"Bgrad": 0.7652158832759969, "d1": -1.9648989324133943, "d2": -0.31364862342844857, "d3": -2.5063373037723893, "d4": -2.4116148057509954, "p1": 5.734693167750144, "p2": 12.574114879757003, "p3": 34.79042937376646, "p4": 2.5357254153716644, "pol1": -0.8507463315916495, "pol2": -0.8240416110946684, "pol3": -0.27676667525342347, "pol4": 0.38256323077909893, "v0s": 3.8233228426304766}, "datetime": {"datetime": "2022-04-29 23:25:26", "elapsed": 114838.612353, "delta": 27.507449}}
{"target": -1.0, "params": {"Bgrad": 0.7901994156141241, "d1": -2.003414111663289, "d2": -1.944470182346143, "d3": -2.74979775703071, "d4": -1.7126517806926045, "p1": 5.552065072602963, "p2": 2.6935912295060813, "p3": 37.13210666340962, "p4": 18.857978840479632, "pol1": 0.9331503006007809, "pol2": -0.813443293314086, "pol3": 0.9409894655584161, "pol4": 0.8355590287722385, "v0s": 5.827146473256185}, "datetime": {"datetime": "2022-04-29 23:26:10", "elapsed": 114882.578795, "delta": 43.966442}}
{"target": -1.0, "params": {"Bgrad": 0.605107938613954, "d1": 0.016860946473673977, "d2": 0.09691712212908987, "d3": -0.6669575122606566, "d4": -1.4920877087709323, "p1": 7.1501453916295254, "p2": 35.112921369136615, "p3": 32.74219036042437, "p4": 8.759910115051744, "pol1": -0.7936470988153055, "pol2": -0.7162408480569988, "pol3": 0.05499674731179893, "pol4": -0.3259062709243208, "v0s": 3.343926321433248}, "datetime": {"datetime": "2022-04-29 23:26:29", "elapsed": 114901.668753, "delta": 19.089958}}
{"target": -1.0, "params": {"Bgrad": 1.8789406166916052, "d1": -2.9423865439591905, "d2": 0.7744669099465846, "d3": -0.6651980535487643, "d4": 0.35085790194276223, "p1": 3.8034940587414745, "p2": 2.26450420435404, "p3": 40.795749841687474, "p4": 46.88836099190478, "pol1": -0.2540498533379507, "pol2": -0.04179768477888124, "pol3": -0.16435834927682746, "pol4": -0.2782740994506634, "v0s": 6.5400640776706735}, "datetime": {"datetime": "2022-04-29 23:27:01", "elapsed": 114934.520912, "delta": 32.852159}}
{"target": -1.0, "params": {"Bgrad": 1.5233090504212594, "d1": -2.6211728568172896, "d2": -1.4430520644574898, "d3": 0.37612022223868147, "d4": -1.3207297585239282, "p1": 20.29594356499576, "p2": 14.109127028704954, "p3": 29.817897460708775, "p4": 35.02962145994818, "pol1": -0.40874855743973293, "pol2": 0.0656703292596339, "pol3": -0.3573950309114835, "pol4": 0.3461564414239364, "v0s": 2.945766561838999}, "datetime": {"datetime": "2022-04-29 23:27:46", "elapsed": 114979.322121, "delta": 44.801209}}
{"target": 3.013137231382135, "params": {"Bgrad": 1.3464553858100505, "d1": 0.8311853118676488, "d2": -1.2810127496641492, "d3": -2.276122691144111, "d4": -1.6514403497511827, "p1": 46.00907331990314, "p2": 47.22474453498348, "p3": 42.02246396936114, "p4": 45.91014014418578, "pol1": -0.5131057887666888, "pol2": -0.8328413581900367, "pol3": -0.7698651675569217, "pol4": -0.5521970967356413, "v0s": 3.013137231382135}, "datetime": {"datetime": "2022-04-29 23:29:10", "elapsed": 115063.370392, "delta": 84.048271}}
{"target": -1.0, "params": {"Bgrad": 1.3868216913320277, "d1": -0.44898244592627323, "d2": -0.10661283493362594, "d3": -0.8335957653250246, "d4": -1.9253181552432541, "p1": 4.006802708788671, "p2": 48.42520711500794, "p3": 10.654793116762479, "p4": 20.68555765199132, "pol1": 0.40089526408116205, "pol2": 0.7476034744580924, "pol3": -0.27889699077209373, "pol4": -0.2838635952397768, "v0s": 4.346259482910401}, "datetime": {"datetime": "2022-04-29 23:29:48", "elapsed": 115101.327901, "delta": 37.957509}}
{"target": 4.760728985915728, "params": {"Bgrad": 1.8993522319916827, "d1": -2.187229683955245, "d2": 0.5640540623938592, "d3": -1.3255357882077787, "d4": -2.1221461958515673, "p1": 33.662155392917306, "p2": 13.057464132643128, "p3": 3.561129024470947, "p4": 16.3564558884663, "pol1": 0.03156559543041409, "pol2": 0.6669378118868754, "pol3": 0.8341125332626512, "pol4": -0.2217223793648084, "v0s": 4.760728985915728}, "datetime": {"datetime": "2022-04-29 23:30:14", "elapsed": 115127.325388, "delta": 25.997487}}
{"target": 4.102968005544956, "params": {"Bgrad": 0.7022664481815084, "d1": -1.9209985708296635, "d2": 0.40675575907571027, "d3": -1.6352598012759403, "d4": -0.24053104931203695, "p1": 2.9088560529528906, "p2": 8.434808776803266, "p3": 23.740809557085825, "p4": 15.73928189830477, "pol1": 0.0673415916023008, "pol2": 0.959051779594025, "pol3": -0.44177305642027553, "pol4": 0.10531997777051227, "v0s": 4.102968005544956}, "datetime": {"datetime": "2022-04-29 23:30:36", "elapsed": 115148.65336, "delta": 21.327972}}
{"target": 4.3772724666061125, "params": {"Bgrad": 0.8023530994391559, "d1": -1.9971115080476955, "d2": 0.3837712031856991, "d3": -1.3850342612133708, "d4": -0.31117575294411054, "p1": 2.9650454027199613, "p2": 8.412810641386093, "p3": 23.431136525092217, "p4": 16.213557984772038, "pol1": -0.10578469149764212, "pol2": 0.5887459743874767, "pol3": -0.3132580662969948, "pol4": -0.08427842848048676, "v0s": 4.3772724666061125}, "datetime": {"datetime": "2022-04-29 23:31:06", "elapsed": 115178.716976, "delta": 30.063616}}
{"target": -1.0, "params": {"Bgrad": 1.4887518366426573, "d1": -2.427214871641252, "d2": -0.701842347719762, "d3": -1.1819617492031127, "d4": -0.525881822939124, "p1": 1.4594083269021674, "p2": 10.62148139473107, "p3": 23.167740944211467, "p4": 19.559860503876088, "pol1": -0.5336997318440302, "pol2": -0.12956003693164853, "pol3": -0.2665829674759397, "pol4": 0.36913368339844177, "v0s": 3.6679552548206207}, "datetime": {"datetime": "2022-04-29 23:31:47", "elapsed": 115219.749264, "delta": 41.032288}}
{"target": 2.9426215153354516, "params": {"Bgrad": 1.2222009716172009, "d1": 0.17657732621972722, "d2": -0.0008921828771319973, "d3": -1.9560859197309326, "d4": -1.8307412317810465, "p1": 24.239538099857693, "p2": 7.746660842626074, "p3": 32.242973626988444, "p4": 28.507745023530855, "pol1": -0.5188394389714741, "pol2": 0.4319413908631651, "pol3": 0.24869383568240333, "pol4": -0.34243208162662886, "v0s": 2.9426215153354516}, "datetime": {"datetime": "2022-04-29 23:32:20", "elapsed": 115253.419236, "delta": 33.669972}}
{"target": 4.09772231570571, "params": {"Bgrad": 1.1336114844335519, "d1": -0.6586342772099734, "d2": -0.07827100342227977, "d3": -2.940882667425916, "d4": -2.059732871471608, "p1": 43.438046606299864, "p2": 23.320622546679136, "p3": 21.067393924553496, "p4": 4.4743560465722805, "pol1": -0.5464129795580388, "pol2": 0.44979079867700933, "pol3": -0.6782225779625879, "pol4": -0.45805821914784217, "v0s": 4.09772231570571}, "datetime": {"datetime": "2022-04-29 23:32:42", "elapsed": 115275.496206, "delta": 22.07697}}
{"target": 2.768419619698836, "params": {"Bgrad": 1.6950215901422134, "d1": 0.5983547936120526, "d2": -0.34587633522912364, "d3": -1.4279829021845214, "d4": -1.9865486111698205, "p1": 4.351468884671811, "p2": 20.065830809802648, "p3": 13.774208555866785, "p4": 25.424697993959512, "pol1": -0.1227545056290813, "pol2": 0.14491520456951235, "pol3": 0.27945679420266223, "pol4": 0.5001879449282627, "v0s": 2.768419619698836}, "datetime": {"datetime": "2022-04-29 23:33:09", "elapsed": 115301.542563, "delta": 26.046357}}
{"target": -1.0, "params": {"Bgrad": 0.576104612141969, "d1": -0.8499965628420396, "d2": -0.6798226277668067, "d3": -1.69245131879584, "d4": -0.005913067223955792, "p1": 21.242041375648657, "p2": 21.54801125130562, "p3": 10.692428674923132, "p4": 37.51145036850266, "pol1": -0.4361144546990705, "pol2": 0.5777357326360733, "pol3": -0.06068663317570766, "pol4": -0.1441122649594362, "v0s": 3.511558522876688}, "datetime": {"datetime": "2022-04-29 23:33:32", "elapsed": 115324.53708, "delta": 22.994517}}
{"target": -1.0, "params": {"Bgrad": 1.6146754150213993, "d1": 0.6384418099534344, "d2": -0.92801260154513, "d3": -0.36528105742640404, "d4": -1.718779279075819, "p1": 5.263452929202811, "p2": 13.856726562578947, "p3": 34.139528087280134, "p4": 3.505347375623591, "pol1": 0.21099923111429408, "pol2": -0.400618186081944, "pol3": -0.21616579267747027, "pol4": -0.36407967031569344, "v0s": 3.6344596698843574}, "datetime": {"datetime": "2022-04-29 23:34:23", "elapsed": 115376.104199, "delta": 51.567119}}
{"target": -1.0, "params": {"Bgrad": 1.915377732337679, "d1": -1.7470490993976195, "d2": -2.66315223356359, "d3": -2.3094874919504895, "d4": -1.014089455532372, "p1": 24.462931202600664, "p2": 30.909338850202566, "p3": 44.76594814372003, "p4": 43.80515293334476, "pol1": -0.885311174851535, "pol2": 0.5169809125407587, "pol3": -0.7631340308349881, "pol4": -0.920921333942345, "v0s": 4.589070265286909}, "datetime": {"datetime": "2022-04-29 23:35:22", "elapsed": 115435.424587, "delta": 59.320388}}
{"target": 4.012471047147391, "params": {"Bgrad": 1.5615676773836475, "d1": -2.216566733035724, "d2": 0.8785446373647744, "d3": -2.6140663295859894, "d4": -1.7839210195535744, "p1": 39.51258518723624, "p2": 7.413722052015472, "p3": 10.20048937095633, "p4": 24.376727724983713, "pol1": -0.7571748680620182, "pol2": -0.1682187615397035, "pol3": 0.02603836059339534, "pol4": 0.7303755384491347, "v0s": 4.012471047147391}, "datetime": {"datetime": "2022-04-29 23:35:48", "elapsed": 115461.156784, "delta": 25.732197}}
{"target": -1.0, "params": {"Bgrad": 1.4715804414833862, "d1": -1.6495280986071021, "d2": -0.6643694284249824, "d3": -0.7510219823860389, "d4": 0.765189534215712, "p1": 47.80420888918925, "p2": 44.44280029586458, "p3": 6.458091045771375, "p4": 21.17312989326887, "pol1": 0.06318894939948483, "pol2": -0.0864386982292149, "pol3": -0.8272320164903837, "pol4": 0.9762724687537936, "v0s": 5.802484577286485}, "datetime": {"datetime": "2022-04-29 23:36:35", "elapsed": 115508.156116, "delta": 46.999332}}
{"target": -1.0, "params": {"Bgrad": 0.9563653379059813, "d1": -0.6307027768673625, "d2": -0.348500606832846, "d3": -1.9190553928346694, "d4": 0.15713901966358276, "p1": 4.981191523046555, "p2": 6.465421636640455, "p3": 39.938491178692594, "p4": 4.524459632304758, "pol1": -0.8133448742855993, "pol2": 0.4417740359001841, "pol3": 0.40415761039712794, "pol4": 0.5883215951668651, "v0s": 2.659206189021139}, "datetime": {"datetime": "2022-04-29 23:37:23", "elapsed": 115555.950323, "delta": 47.794207}}
{"target": -1.0, "params": {"Bgrad": 0.8626741657126504, "d1": 1.0, "d2": -0.07238377949035005, "d3": -1.9832108919117153, "d4": -0.5184115039508999, "p1": 13.35947183059319, "p2": 3.8552189567881334, "p3": 26.73875032667277, "p4": 14.609772976597116, "pol1": -0.6408813549186183, "pol2": 1.0, "pol3": 0.4154587632052272, "pol4": 0.2632043378647132, "v0s": 2.5921479427826917}, "datetime": {"datetime": "2022-04-29 23:37:55", "elapsed": 115587.925826, "delta": 31.975503}}
{"target": 4.693856363994913, "params": {"Bgrad": 0.8762418277528008, "d1": -1.6580568743823665, "d2": 0.8155381905289333, "d3": -0.9933750239364221, "d4": -1.3271719197768743, "p1": 14.0553975727449, "p2": 47.12234453286641, "p3": 30.89359171092664, "p4": 13.795052035319507, "pol1": -0.6018294624532128, "pol2": -0.1585606579263201, "pol3": -0.26105073717804067, "pol4": 0.5578684781555857, "v0s": 4.693856363994913}, "datetime": {"datetime": "2022-04-29 23:38:19", "elapsed": 115611.937623, "delta": 24.011797}}
{"target": -1.0, "params": {"Bgrad": 1.959219397985932, "d1": -1.9589508402132854, "d2": -1.1475792474190918, "d3": 0.3215776075918666, "d4": 0.44315503152160973, "p1": 2.8413319794583503, "p2": 4.815659079483758, "p3": 21.82578575602593, "p4": 19.874700410680575, "pol1": 0.9068214483910324, "pol2": 0.33403480128568996, "pol3": 0.5190277955274603, "pol4": -0.6336383736827533, "v0s": 5.894177405935132}, "datetime": {"datetime": "2022-04-29 23:38:58", "elapsed": 115651.472913, "delta": 39.53529}}
{"target": -1.0, "params": {"Bgrad": 1.4228825082094334, "d1": -0.4222236303468483, "d2": 0.4858603950882854, "d3": 0.9895577940320774, "d4": -0.6414643835181368, "p1": 3.503772126705984, "p2": 8.582018152225674, "p3": 23.280828654116668, "p4": 15.191372976172318, "pol1": 0.17706182780399526, "pol2": 0.7351261176593697, "pol3": -0.14040781201776054, "pol4": 0.6019217543067423, "v0s": 5.468439663031214}, "datetime": {"datetime": "2022-04-29 23:39:30", "elapsed": 115682.974684, "delta": 31.501771}}
{"target": 4.236869619258592, "params": {"Bgrad": 0.7984935394585314, "d1": -2.004129731865678, "d2": 0.20100815678192951, "d3": -1.6675084357636467, "d4": -0.15188804208946444, "p1": 2.7720110474330175, "p2": 8.625058370741238, "p3": 23.759901106951514, "p4": 16.45034996270053, "pol1": -0.06232714591475044, "pol2": 0.8931900646178723, "pol3": -0.23576348064476782, "pol4": 0.12416636518023615, "v0s": 4.236869619258592}, "datetime": {"datetime": "2022-04-29 23:39:52", "elapsed": 115705.187291, "delta": 22.212607}}
{"target": -1.0, "params": {"Bgrad": 1.2676790117820222, "d1": -1.2213682060517494, "d2": -1.046640492959774, "d3": -2.5980689521759603, "d4": -1.1745672032741519, "p1": 22.637483864592234, "p2": 24.583210064618143, "p3": 7.003761533360353, "p4": 31.019895809097804, "pol1": 0.9209426324980932, "pol2": 0.374074740637824, "pol3": 0.2870190536527728, "pol4": 0.25455337981900383, "v0s": 4.35686519515432}, "datetime": {"datetime": "2022-04-29 23:40:21", "elapsed": 115733.688085, "delta": 28.500794}}
{"target": 3.0673203035371106, "params": {"Bgrad": 1.9298648248455763, "d1": -2.040137638042526, "d2": -0.7036380548955243, "d3": 0.47549492714898944, "d4": -0.523315517213252, "p1": 23.280069867772557, "p2": 23.45541081455838, "p3": 10.38541369157998, "p4": 38.108679288559806, "pol1": -0.6141993833178834, "pol2": -0.2842355510568759, "pol3": 0.5869127391315383, "pol4": 0.22978922704572935, "v0s": 3.0673203035371106}, "datetime": {"datetime": "2022-04-29 23:40:50", "elapsed": 115762.714474, "delta": 29.026389}}
{"target": -1.0, "params": {"Bgrad": 1.4975526903266823, "d1": -2.325951382193415, "d2": 0.9986041679675721, "d3": -1.0979734723320576, "d4": -2.0287762897198833, "p1": 28.197853465478783, "p2": 28.50068153316318, "p3": 10.614483100128936, "p4": 6.842987249755655, "pol1": 0.3463778700229463, "pol2": 0.22603765957367017, "pol3": -0.13133184018726785, "pol4": -0.13136175635531333, "v0s": 3.479443228867555}, "datetime": {"datetime": "2022-04-29 23:41:44", "elapsed": 115816.903581, "delta": 54.189107}}
{"target": 5.384618091349935, "params": {"Bgrad": 1.3140486853848017, "d1": -2.535734499083724, "d2": -0.019708500305574014, "d3": -0.44718188710528267, "d4": -0.5844365510658972, "p1": 14.801872625552136, "p2": 37.4346764865911, "p3": 0.8491359719153776, "p4": 30.48745859794364, "pol1": 0.18454935715993903, "pol2": -0.533888004794824, "pol3": 0.1817118506758349, "pol4": 0.7729726005923663, "v0s": 5.384618091349935}, "datetime": {"datetime": "2022-04-29 23:42:38", "elapsed": 115870.73365, "delta": 53.830069}}
{"target": -1.0, "params": {"Bgrad": 1.2953002575727313, "d1": -1.7674321656750278, "d2": -0.4144143727409251, "d3": -1.0174754365160052, "d4": -0.7426128509088104, "p1": 19.911101860503944, "p2": 23.38221335121382, "p3": 10.6859584915037, "p4": 30.768930119388383, "pol1": -0.6262522366232846, "pol2": -0.27397928747830114, "pol3": -0.26159983093773076, "pol4": -0.7661103664748401, "v0s": 2.9296025213800956}, "datetime": {"datetime": "2022-04-29 23:43:43", "elapsed": 115936.192624, "delta": 65.458974}}
{"target": -1.0, "params": {"Bgrad": 1.9766717041870097, "d1": -0.7407416601469436, "d2": -0.6026167903456314, "d3": -2.6170081696570375, "d4": -0.7327370672947451, "p1": 16.44346894717937, "p2": 38.933359915762175, "p3": 2.1418129957208434, "p4": 30.987285054288517, "pol1": 0.04123343668319257, "pol2": 0.3575579099827779, "pol3": 0.6828166929599184, "pol4": -0.7912258288254177, "v0s": 4.887342199330299}, "datetime": {"datetime": "2022-04-29 23:44:31", "elapsed": 115983.713562, "delta": 47.520938}}
{"target": -1.0, "params": {"Bgrad": 1.5484141647287533, "d1": -1.0753579264065682, "d2": 0.38485416682190765, "d3": -0.6818557235316649, "d4": -2.051281960108677, "p1": 23.866928623066674, "p2": 25.762039097933975, "p3": 6.030059606996041, "p4": 33.130984420899054, "pol1": -0.5062058215957825, "pol2": -0.8886515481758239, "pol3": -0.0323507017567457, "pol4": -0.6438738926360821, "v0s": 5.439020351659506}, "datetime": {"datetime": "2022-04-29 23:45:13", "elapsed": 116026.279748, "delta": 42.566186}}
{"target": -1.0, "params": {"Bgrad": 1.9293466632595413, "d1": 0.6779310534852088, "d2": 0.40503791970875147, "d3": -2.307066314709319, "d4": -2.4358059440169995, "p1": 26.610686075293593, "p2": 6.7772365554594485, "p3": 20.74470529564453, "p4": 28.413335054742134, "pol1": 0.41721996797776995, "pol2": 0.4451878740675821, "pol3": 0.3021094801229598, "pol4": 0.03927500990366051, "v0s": 3.9882786268485733}, "datetime": {"datetime": "2022-04-29 23:45:49", "elapsed": 116061.58435, "delta": 35.304602}}
{"target": -1.0, "params": {"Bgrad": 1.99170091045985, "d1": -0.871049436184431, "d2": 0.08111163471253446, "d3": -1.6222048195011016, "d4": 0.9266166977583192, "p1": 27.13894565783161, "p2": 26.96086562001171, "p3": 10.031058821726274, "p4": 37.02007060389822, "pol1": 0.7230338357157253, "pol2": 0.5831218691947457, "pol3": -0.6383417624946433, "pol4": 0.5048764819248199, "v0s": 4.657271646669711}, "datetime": {"datetime": "2022-04-29 23:46:20", "elapsed": 116093.343432, "delta": 31.759082}}
{"target": -1.0, "params": {"Bgrad": 0.7938313401486456, "d1": -2.6559725849100464, "d2": 0.23783217999856987, "d3": -0.9120760314268326, "d4": -1.824294266182013, "p1": 16.49538021620623, "p2": 15.586872896712983, "p3": 30.154826819937636, "p4": 36.57839522656891, "pol1": 0.30521625427856214, "pol2": -0.32354154488753384, "pol3": 0.8969880027204569, "pol4": 0.6281295523662833, "v0s": 3.800084887292167}, "datetime": {"datetime": "2022-04-29 23:46:47", "elapsed": 116119.618178, "delta": 26.274746}}
{"target": -1.0, "params": {"Bgrad": 1.442555993380151, "d1": -1.8687735633031122, "d2": -0.5731024882029998, "d3": -2.611462787590422, "d4": -1.0468009452467655, "p1": 33.646372294515544, "p2": 13.059478499844213, "p3": 3.132215256363935, "p4": 16.455270428853403, "pol1": 0.14110492037314804, "pol2": 0.7091569176400436, "pol3": 0.32845938514503237, "pol4": 0.39816728500588017, "v0s": 4.729547570358699}, "datetime": {"datetime": "2022-04-29 23:47:18", "elapsed": 116151.43311, "delta": 31.814932}}
{"target": -1.0, "params": {"Bgrad": 1.677320755670997, "d1": -2.872259208372647, "d2": -0.8386310164854569, "d3": -2.2577938911478275, "d4": 0.29159618015260946, "p1": 31.629598061335805, "p2": 45.63542683152599, "p3": 24.716397627795562, "p4": 27.74006078468258, "pol1": -0.864303875473075, "pol2": -0.5949599559718786, "pol3": 0.5354897642345107, "pol4": -0.33178938476767295, "v0s": 3.03890466210341}, "datetime": {"datetime": "2022-04-29 23:47:47", "elapsed": 116180.203184, "delta": 28.770074}}
{"target": -1.0, "params": {"Bgrad": 0.824760647539948, "d1": -2.549938466009995, "d2": 0.9211850696265853, "d3": -0.24326556842755265, "d4": -1.0684912168260547, "p1": 2.012798094896212, "p2": 31.24808503536689, "p3": 11.572650637186555, "p4": 20.468206883588586, "pol1": -0.8472700001425233, "pol2": 0.016863075279258455, "pol3": -0.7534312874078113, "pol4": 0.7453729216652585, "v0s": 3.7955395733019985}, "datetime": {"datetime": "2022-04-29 23:48:19", "elapsed": 116212.072971, "delta": 31.869787}}
{"target": 4.431886114195603, "params": {"Bgrad": 1.4481747582768303, "d1": -2.6918678145155734, "d2": -0.5965616725774026, "d3": -1.5938090255142394, "d4": -0.048703158496437915, "p1": 23.81519390301459, "p2": 23.779500609894466, "p3": 8.889128759880549, "p4": 31.13159376431914, "pol1": -0.7832559500095799, "pol2": -0.07390205875842248, "pol3": -0.9430503803772994, "pol4": 0.15981094632501347, "v0s": 4.431886114195603}, "datetime": {"datetime": "2022-04-29 23:49:21", "elapsed": 116274.237753, "delta": 62.164782}}
