{"target": -1.0, "params": {"Bgrad": 1.7363662768059578, "d1": -0.666856977122964, "d2": -0.7550220401935177, "d3": 0.5545420734662545, "d4": -2.5427702235486667, "p1": 3.427119031463749, "p2": 28.591789015795793, "p3": 10.360869896561848, "p4": 7.40315134922997, "pol1": 0.8592041295668809, "pol2": 0.11112333254277962, "pol3": 0.7407932663167884, "pol4": 0.5425162141743523, "v0s": 7.627577419272352}, "datetime": {"datetime": "2022-06-13 03:18:48", "elapsed": 4576.03204, "delta": 9.869617}}
{"target": -1.0, "params": {"Bgrad": 1.5472681229358762, "d1": -2.877977073705074, "d2": -1.4588297706656532, "d3": -1.9752270707749373, "d4": -2.328504570789288, "p1": 3.185446277416071, "p2": 11.813839011735816, "p3": 45.27094537476501, "p4": 12.149564459555895, "pol1": 0.09105660363001178, "pol2": -0.6469057976951127, "pol3": 0.45112116481073317, "pol4": -0.2394651373107326, "v0s": 6.749539662194883}, "datetime": {"datetime": "2022-06-13 03:18:59", "elapsed": 4586.812227, "delta": 10.780187}}
{"target": -1.0, "params": {"Bgrad": 1.5048244103482744, "d1": -1.4123262941288677, "d2": -0.3513201797074754, "d3": -2.01339296332463, "d4": -2.175378272473473, "p1": 49.775064381540915, "p2": 16.69766055386792, "p3": 34.74450794873373, "p4": 15.269782205181881, "pol1": -0.09717716782984298, "pol2": 0.6944145520113341, "pol3": 0.20070331376570083, "pol4": 0.9313282470971258, "v0s": 4.767799636405608}, "datetime": {"datetime": "2022-06-13 03:19:11", "elapsed": 4598.359363, "delta": 11.547136}}
{"target": -1.0, "params": {"Bgrad": 0.6642021850202997, "d1": -1.893693225354213, "d2": -1.5427275559000573, "d3": 0.8934283734265565, "d4": 0.5503927298995119, "p1": 21.826668025281705, "p2": 30.51471813756913, "p3": 49.44627604035048, "p4": 31.515912461082795, "pol1": -0.5817382369336839, "pol2": -0.21765636573928426, "pol3": -0.047412519812561005, "pol4": 0.030460131267930457, "v0s": 4.55290651342047}, "datetime": {"datetime": "2022-06-13 03:19:19", "elapsed": 4606.736971, "delta": 8.377608}}
{"target": -1.0, "params": {"Bgrad": 1.419267707793435, "d1": -2.1251629724310663, "d2": -0.15368173752487335, "d3": 0.9369256242215678, "d4": -2.695016952906668, "p1": 5.113668192390003, "p2": 40.68656665484796, "p3": 10.82313623651039, "p4": 39.603986133579156, "pol1": -0.5199119029335737, "pol2": 0.418229222193935, "pol3": 0.5842454763871618, "pol4": -0.913998042946915, "v0s": 3.9989854029730756}, "datetime": {"datetime": "2022-06-13 03:19:33", "elapsed": 4621.033759, "delta": 14.296788}}
{"target": -1.0, "params": {"Bgrad": 0.7721241080942459, "d1": -2.5668232150667527, "d2": -2.3806287514463826, "d3": -0.6962565171745205, "d4": -1.3034932296217012, "p1": 25.7729847661789, "p2": 16.1682777226087, "p3": 47.95216254235485, "p4": 43.41229109169147, "pol1": -0.3962543547320303, "pol2": -0.3891811654526349, "pol3": 0.32421921279429444, "pol4": 0.2696702046174475, "v0s": 7.8727846225303075}, "datetime": {"datetime": "2022-06-13 03:19:41", "elapsed": 4628.635441, "delta": 7.601682}}
{"target": -1.0, "params": {"Bgrad": 0.7073520396273507, "d1": 0.36384980359652275, "d2": -1.4908611036644301, "d3": -1.3298604130841345, "d4": -1.5652798173749476, "p1": 46.30593468785124, "p2": 23.169965770631286, "p3": 37.706993548244064, "p4": 17.591322403621145, "pol1": 0.5222956385863256, "pol2": 0.5530267177188277, "pol3": 0.03289801350664279, "pol4": 0.08801001065541425, "v0s": 5.323399805451709}, "datetime": {"datetime": "2022-06-13 03:19:48", "elapsed": 4635.587858, "delta": 6.952417}}
{"target": -1.0, "params": {"Bgrad": 1.8879907629842754, "d1": 0.39460800001565133, "d2": -2.0609373492086727, "d3": -2.9164257866702226, "d4": -2.7734259499358513, "p1": 45.52991788953251, "p2": 16.03323607843562, "p3": 19.56039394088918, "p4": 41.628394374017994, "pol1": 0.5296922138353279, "pol2": 0.23512180580581998, "pol3": 0.30996283686399173, "pol4": -0.820307321847008, "v0s": 2.918045388775008}, "datetime": {"datetime": "2022-06-13 03:20:28", "elapsed": 4675.73156, "delta": 40.143702}}
{"target": -1.0, "params": {"Bgrad": 1.1120977536176218, "d1": -2.4280502371243657, "d2": -0.6741742113785558, "d3": -1.7572388510842214, "d4": -0.7546528144496913, "p1": 33.826025679663964, "p2": 21.54898356763485, "p3": 13.378328640439713, "p4": 21.91257316591278, "pol1": -0.2632218690412742, "pol2": 0.9867772462446773, "pol3": -0.5959728488514928, "pol4": 0.9485003120247144, "v0s": 2.778417426583479}, "datetime": {"datetime": "2022-06-13 03:20:37", "elapsed": 4684.557969, "delta": 8.826409}}
{"target": -1.0, "params": {"Bgrad": 0.7901710995825346, "d1": -2.7358014178060364, "d2": -1.9295935265823712, "d3": -2.0031613270120383, "d4": -1.6351985345226967, "p1": 38.32256234489789, "p2": 25.168587914711697, "p3": 47.07106634346191, "p4": 25.806845295952467, "pol1": -0.9722382800056439, "pol2": -0.11669512195250453, "pol3": -0.1578293290012378, "pol4": 0.33582694520273404, "v0s": 5.858796867358389}, "datetime": {"datetime": "2022-06-13 03:20:44", "elapsed": 4691.921288, "delta": 7.363319}}
{"target": -1.0, "params": {"Bgrad": 1.2864292379061895, "d1": -2.8939731125148325, "d2": -2.8762033808059018, "d3": -1.3554215275979882, "d4": -0.7887968803361352, "p1": 4.308757782034106, "p2": 3.163494500802072, "p3": 3.478346920403108, "p4": 47.742036530462826, "pol1": 0.7975328646621369, "pol2": 0.3508046359124595, "pol3": -0.3619187772793191, "pol4": -0.8547623387435879, "v0s": 6.455445379204329}, "datetime": {"datetime": "2022-06-13 03:20:55", "elapsed": 4702.471091, "delta": 10.549803}}
{"target": -1.0, "params": {"Bgrad": 1.2888814356383442, "d1": -1.4026126856782435, "d2": -1.307472655045371, "d3": -2.189199809299757, "d4": -1.2737740894248781, "p1": 40.49642697164211, "p2": 39.16499842452455, "p3": 12.1456542093751, "p4": 14.699940920324883, "pol1": 0.8332488268034215, "pol2": 0.6052342201570164, "pol3": 0.8172547096536467, "pol4": -0.6776098109784539, "v0s": 7.251021946281485}, "datetime": {"datetime": "2022-06-13 03:21:06", "elapsed": 4713.772882, "delta": 11.301791}}
{"target": -1.0, "params": {"Bgrad": 0.7518399538074818, "d1": -0.8109780057076867, "d2": 0.1069876708760118, "d3": -0.10389425971391342, "d4": -0.8985945388048671, "p1": 46.514652540553385, "p2": 13.69420422622224, "p3": 33.72786718909279, "p4": 31.238766500384983, "pol1": 0.9892827496784666, "pol2": -0.22356851330104033, "pol3": 0.24872159027740182, "pol4": -0.5650555156008905, "v0s": 6.673631963062495}, "datetime": {"datetime": "2022-06-13 03:21:13", "elapsed": 4720.299438, "delta": 6.526556}}
{"target": -1.0, "params": {"Bgrad": 1.589588345551428, "d1": -2.843186778620325, "d2": -0.4559193525417795, "d3": -2.6311255576135815, "d4": 0.5523775768007209, "p1": 14.266010446471073, "p2": 35.09728624649278, "p3": 12.805020431941328, "p4": 34.980749999818265, "pol1": -0.5569238053413017, "pol2": 0.9580973519815854, "pol3": -0.31208711084710017, "pol4": 0.059638693020055866, "v0s": 5.455113674569895}, "datetime": {"datetime": "2022-06-13 03:21:56", "elapsed": 4763.417192, "delta": 43.117754}}
{"target": -1.0, "params": {"Bgrad": 1.0988763978492153, "d1": -0.42046042584765253, "d2": -2.5633750744731745, "d3": 0.42316631033236973, "d4": -2.6563384457543444, "p1": 14.977406746641591, "p2": 34.637915729474, "p3": 4.756525792301175, "p4": 47.11272255418139, "pol1": 0.6431176846668571, "pol2": -0.5567880374047764, "pol3": -0.955679045977093, "pol4": -0.050690230664569125, "v0s": 5.904465696049753}, "datetime": {"datetime": "2022-06-13 03:22:07", "elapsed": 4774.794781, "delta": 11.377589}}
{"target": -1.0, "params": {"Bgrad": 1.6901669908892476, "d1": -1.5193563763629667, "d2": -2.9080831744128632, "d3": -2.2639651867410717, "d4": -1.9750559558103684, "p1": 26.279362371836122, "p2": 33.820568690716144, "p3": 23.887594547556233, "p4": 18.82636861184433, "pol1": -0.00261991612595458, "pol2": 0.7799783154230806, "pol3": 0.06280030109059531, "pol4": -0.556365756519597, "v0s": 7.207418799852056}, "datetime": {"datetime": "2022-06-13 03:22:17", "elapsed": 4785.004493, "delta": 10.209712}}
{"target": -1.0, "params": {"Bgrad": 1.8991639355236059, "d1": 0.657237104352915, "d2": 0.11473556404595131, "d3": -2.5229735296976807, "d4": 0.46627002223284064, "p1": 4.276539771093018, "p2": 4.166530866818774, "p3": 7.672259798776027, "p4": 23.969038673567134, "pol1": -0.9315878375750173, "pol2": 0.8235303058887609, "pol3": -0.5249643863114695, "pol4": 0.9566434884414567, "v0s": 6.219097651776578}, "datetime": {"datetime": "2022-06-13 03:22:28", "elapsed": 4795.403697, "delta": 10.399204}}
{"target": -1.0, "params": {"Bgrad": 1.3422674580338112, "d1": -0.4870950055894876, "d2": -0.9790844428104131, "d3": -2.402057959363642, "d4": -1.8685685544036872, "p1": 49.588361369992164, "p2": 19.49954866020782, "p3": 39.8591276919149, "p4": 29.004844108760462, "pol1": -0.44494040266274104, "pol2": 0.6384350297158967, "pol3": -0.19315077234755873, "pol4": -0.8124006532649388, "v0s": 3.7697781863944857}, "datetime": {"datetime": "2022-06-13 03:22:39", "elapsed": 4807.041591, "delta": 11.637894}}
{"target": -1.0, "params": {"Bgrad": 1.224768775118085, "d1": -2.240235694996856, "d2": 0.07828165059074088, "d3": -2.3367090964590114, "d4": -2.87863490449101, "p1": 29.85225317874205, "p2": 7.711215217489087, "p3": 45.80091340267806, "p4": 43.51213710309057, "pol1": 0.32026688635734013, "pol2": -0.7569595756103207, "pol3": -0.27238931843076464, "pol4": 0.6863320792524001, "v0s": 6.462236078799878}, "datetime": {"datetime": "2022-06-13 03:22:49", "elapsed": 4816.166203, "delta": 9.124612}}
{"target": -1.0, "params": {"Bgrad": 1.8097248262431254, "d1": 0.31295327658267524, "d2": 0.49889758513153515, "d3": -1.3690563532550888, "d4": -2.5176083062346906, "p1": 46.296497523782364, "p2": 26.74748158735322, "p3": 17.758266773039853, "p4": 32.18337827848314, "pol1": 0.5585122352233998, "pol2": 0.3750207425483989, "pol3": -0.6129750773309526, "pol4": 0.7895178418440425, "v0s": 3.317769862842577}, "datetime": {"datetime": "2022-06-13 03:24:03", "elapsed": 4890.292077, "delta": 74.125874}}
{"target": -1.0, "params": {"Bgrad": 1.9294651974000943, "d1": -2.215036121258201, "d2": -2.655277236292505, "d3": -2.231816376190231, "d4": -2.4787063852972304, "p1": 31.310168458909395, "p2": 10.830485146655612, "p3": 31.50103903587283, "p4": 26.54153588852185, "pol1": 0.3957444125867917, "pol2": 0.21001205185309346, "pol3": 0.5481661893724066, "pol4": -0.860288653264395, "v0s": 7.847748994549063}, "datetime": {"datetime": "2022-06-13 03:24:13", "elapsed": 4900.342214, "delta": 10.050137}}
{"target": -1.0, "params": {"Bgrad": 1.1723257565720517, "d1": -2.6074720589385856, "d2": 0.12597711695049751, "d3": 0.36722841125069117, "d4": -1.4864248431098073, "p1": 2.1752580988343926, "p2": 0.41544984817794006, "p3": 13.214728052162494, "p4": 31.193259623330338, "pol1": 0.051944461294491706, "pol2": -0.7875484711183849, "pol3": 0.3936003199030469, "pol4": -0.2771287851624755, "v0s": 3.2800601408889962}, "datetime": {"datetime": "2022-06-13 03:25:35", "elapsed": 4982.195434, "delta": 81.85322}}
{"target": -1.0, "params": {"Bgrad": 1.3631777516974735, "d1": -1.7688308866611577, "d2": -2.3939437525915075, "d3": 0.8851332469303204, "d4": -2.34011092840419, "p1": 36.361772057163854, "p2": 44.53620957467565, "p3": 42.935755786347265, "p4": 9.21285335792234, "pol1": -0.5263829326115215, "pol2": -0.9632747269948552, "pol3": 0.8628109345297086, "pol4": 0.7742423533146128, "v0s": 5.572797013817257}, "datetime": {"datetime": "2022-06-13 03:30:35", "elapsed": 5282.697244, "delta": 300.50181}}
{"target": -1.0, "params": {"Bgrad": 0.6640514832602805, "d1": -2.305829412629994, "d2": -0.6921585162695663, "d3": -1.9933721059994203, "d4": -1.7993126670558062, "p1": 8.54936744715092, "p2": 9.479585953638242, "p3": 23.17105771952257, "p4": 25.493698631421797, "pol1": 0.023159779329465113, "pol2": 0.9942775987338417, "pol3": -0.7408083654597204, "pol4": 0.5123397767754707, "v0s": 6.762540483349355}, "datetime": {"datetime": "2022-06-13 03:30:42", "elapsed": 5289.973795, "delta": 7.276551}}
{"target": -1.0, "params": {"Bgrad": 1.377323898155781, "d1": -1.149047278922699, "d2": 0.5737065494011175, "d3": 0.3127208762924987, "d4": -2.798836255885185, "p1": 48.1491876543927, "p2": 0.36699458768219007, "p3": 28.656610234197093, "p4": 28.621540846353632, "pol1": 0.6687593295810337, "pol2": -0.2305678641492488, "pol3": -0.8179182619080356, "pol4": 0.16337453873784957, "v0s": 2.1490751621823874}, "datetime": {"datetime": "2022-06-13 03:30:57", "elapsed": 5304.37231, "delta": 14.398515}}
{"target": -1.0, "params": {"Bgrad": 1.0426936413607422, "d1": 0.9412672083412916, "d2": 0.47511547822008016, "d3": -2.3900130329551783, "d4": 0.19530435622432885, "p1": 40.54984597107634, "p2": 46.4103609563588, "p3": 11.219213302199227, "p4": 24.948373724998003, "pol1": 0.6548881828221518, "pol2": 0.334667569996395, "pol3": 0.1878722867675391, "pol4": 0.3039516415414838, "v0s": 3.431096076794078}, "datetime": {"datetime": "2022-06-13 03:31:08", "elapsed": 5315.842652, "delta": 11.470342}}
{"target": -1.0, "params": {"Bgrad": 0.5383101273136861, "d1": -0.05497097021386388, "d2": -1.6928326986764897, "d3": -1.4929724523194143, "d4": -0.5495357834017836, "p1": 32.85825211817585, "p2": 10.144945031142122, "p3": 41.301576892270944, "p4": 19.01033026227397, "pol1": 0.2634888170027829, "pol2": 0.932822831304621, "pol3": 0.12957247053327237, "pol4": -0.2821777164222863, "v0s": 5.7138206524408535}, "datetime": {"datetime": "2022-06-13 03:31:14", "elapsed": 5321.296076, "delta": 5.453424}}
{"target": -1.0, "params": {"Bgrad": 1.2526896770947542, "d1": -1.1904950088885937, "d2": -0.07091706097492567, "d3": 0.6980405999364105, "d4": -1.082914338865642, "p1": 4.41150755000479, "p2": 28.482677834203695, "p3": 12.24754275574172, "p4": 1.9788955737684577, "pol1": 0.5762804132873662, "pol2": -0.4544635266704238, "pol3": 0.5541409858847677, "pol4": -0.023582113823590323, "v0s": 3.907615346450692}, "datetime": {"datetime": "2022-06-13 03:31:24", "elapsed": 5332.048337, "delta": 10.752261}}
{"target": -1.0, "params": {"Bgrad": 0.9710381750763452, "d1": -2.8319009596555422, "d2": -0.8624006523817971, "d3": 0.2942062239870413, "d4": -2.664418590002488, "p1": 5.4279352804358805, "p2": 26.462796343385847, "p3": 33.00709048117984, "p4": 34.737299616833084, "pol1": -0.37355660970622795, "pol2": -0.924444448387707, "pol3": -0.17087424061521017, "pol4": -0.5479116582494117, "v0s": 2.00668898151444}, "datetime": {"datetime": "2022-06-13 03:31:37", "elapsed": 5344.712488, "delta": 12.664151}}
{"target": -1.0, "params": {"Bgrad": 1.528574858338605, "d1": 0.8082501562181328, "d2": -1.4353929578598872, "d3": -1.7988062825141475, "d4": -0.7849927495588189, "p1": 42.598812903244074, "p2": 39.748371234646164, "p3": 34.237835248928825, "p4": 21.605354564985323, "pol1": 0.3808680397086275, "pol2": -0.5679492974967859, "pol3": -0.4321131243075065, "pol4": 0.5556412218007687, "v0s": 7.57988081807814}, "datetime": {"datetime": "2022-06-13 03:31:48", "elapsed": 5355.069805, "delta": 10.357317}}
{"target": -1.0, "params": {"Bgrad": 0.7850742554250347, "d1": -1.8157468423270697, "d2": -2.9751589312379356, "d3": -1.2737510188783934, "d4": -2.158819712989596, "p1": 32.071239127681075, "p2": 35.47946078390542, "p3": 5.938885719924253, "p4": 4.107200101596581, "pol1": 0.8126701391606717, "pol2": -0.22152249051807216, "pol3": 0.06680699453202865, "pol4": 0.926483129827341, "v0s": 6.5543240732980115}, "datetime": {"datetime": "2022-06-13 03:31:53", "elapsed": 5360.833399, "delta": 5.763594}}
{"target": 2.4435133274676333, "params": {"Bgrad": 0.9883104463984842, "d1": -2.656602795518826, "d2": -0.8559039332463558, "d3": -1.6554982282506754, "d4": -2.9132583818955924, "p1": 38.557616662688936, "p2": 19.24545649269914, "p3": 28.566057502936776, "p4": 37.78714278981152, "pol1": 0.8816948398020914, "pol2": 0.2246446773692452, "pol3": -0.3692076424397137, "pol4": -0.7798469843059641, "v0s": 2.4435133274676333}, "datetime": {"datetime": "2022-06-13 03:31:58", "elapsed": 5365.827052, "delta": 4.993653}}
{"target": -1.0, "params": {"Bgrad": 0.9795361608090942, "d1": -0.35664344417598004, "d2": -0.21939174108923876, "d3": -2.1691278397480493, "d4": -2.6688162456466102, "p1": 15.275533064301555, "p2": 27.378727992728635, "p3": 37.733483723743234, "p4": 26.482866028502126, "pol1": -0.4260324945058509, "pol2": 0.24835944652782183, "pol3": -0.4703266896476084, "pol4": 0.30538582866904607, "v0s": 7.051388046960427}, "datetime": {"datetime": "2022-06-13 03:32:08", "elapsed": 5375.330651, "delta": 9.503599}}
{"target": -1.0, "params": {"Bgrad": 1.4584217305526475, "d1": -0.7374741240930645, "d2": -1.771431562916555, "d3": 0.5071081597518448, "d4": 0.9552875388691984, "p1": 38.87397156049705, "p2": 28.682192878520958, "p3": 7.063966632050084, "p4": 15.746451119630178, "pol1": -0.2662813628176326, "pol2": -0.4162095579450684, "pol3": -0.10809437050214443, "pol4": 0.2212650337352915, "v0s": 3.277487543090982}, "datetime": {"datetime": "2022-06-13 03:32:20", "elapsed": 5387.282705, "delta": 11.952054}}
{"target": -1.0, "params": {"Bgrad": 0.8746396314300557, "d1": -2.551398067115613, "d2": -1.76964564330079, "d3": -1.010206885661427, "d4": -1.040768861159647, "p1": 49.77886059231981, "p2": 49.055428153181346, "p3": 21.82813858405716, "p4": 48.601031089515864, "pol1": -0.5712041916483719, "pol2": 0.08224177221790674, "pol3": -0.09312937106053676, "pol4": 0.9352177950250924, "v0s": 7.017057338812151}, "datetime": {"datetime": "2022-06-13 03:32:29", "elapsed": 5397.058575, "delta": 9.77587}}
{"target": -1.0, "params": {"Bgrad": 0.8212203871711119, "d1": -1.2418435913784354, "d2": -2.3260921134142114, "d3": -0.8836511581789983, "d4": 0.17393869666813355, "p1": 1.793957448300837, "p2": 9.567943876786, "p3": 48.87277821965081, "p4": 48.039865301032236, "pol1": 0.11318331820420369, "pol2": 0.2921814429918783, "pol3": -0.45581397141345126, "pol4": 0.9041821714256797, "v0s": 6.01864883796344}, "datetime": {"datetime": "2022-06-13 03:32:37", "elapsed": 5405.024285, "delta": 7.96571}}
{"target": -1.0, "params": {"Bgrad": 1.5002119927081425, "d1": -2.9555866665203085, "d2": 0.4118793993987713, "d3": 0.11330487472080764, "d4": -0.26030401238077294, "p1": 37.03909065097925, "p2": 7.828621229918858, "p3": 35.9387526424325, "p4": 4.840920534660503, "pol1": 0.41389889607726826, "pol2": -0.9947364077489935, "pol3": 0.5524115749207619, "pol4": -0.01688563043692115, "v0s": 3.226321197787189}, "datetime": {"datetime": "2022-06-13 03:32:49", "elapsed": 5417.052136, "delta": 12.027851}}
{"target": -1.0, "params": {"Bgrad": 1.5938699216680927, "d1": -1.7373834728673567, "d2": 0.5352703599900472, "d3": -2.279065899071112, "d4": 0.754202617144101, "p1": 48.53750740265808, "p2": 15.22426220261654, "p3": 43.124319985215045, "p4": 42.108955943350495, "pol1": -0.15077457981079445, "pol2": -0.27263118429443045, "pol3": -0.43512505352991004, "pol4": 0.9864735689310913, "v0s": 3.534506161711398}, "datetime": {"datetime": "2022-06-13 03:34:25", "elapsed": 5512.098094, "delta": 95.045958}}
{"target": -1.0, "params": {"Bgrad": 1.8810133966386833, "d1": -1.28665914496111, "d2": 0.7417080493656347, "d3": 0.35537933679273115, "d4": -2.3768906975379487, "p1": 28.714167717544157, "p2": 33.6751507342843, "p3": 20.291020299952255, "p4": 0.24385222411132945, "pol1": -0.3493373404620792, "pol2": 0.6778898959464974, "pol3": -0.8743520395654611, "pol4": -0.7891605071213657, "v0s": 6.210724079071495}, "datetime": {"datetime": "2022-06-13 03:34:37", "elapsed": 5524.536848, "delta": 12.438754}}
{"target": -1.0, "params": {"Bgrad": 1.2712374016342816, "d1": -1.007332700021951, "d2": -1.5055611242943758, "d3": -0.5859455333147241, "d4": 0.4058750675081537, "p1": 13.846152823449637, "p2": 42.23806814218175, "p3": 20.830957428605917, "p4": 25.049200619697025, "pol1": 0.45924675713636054, "pol2": -0.48255658498678544, "pol3": 0.8432738373122801, "pol4": 0.4041389284576966, "v0s": 5.713582538584934}, "datetime": {"datetime": "2022-06-13 03:34:48", "elapsed": 5535.484586, "delta": 10.947738}}
{"target": -1.0, "params": {"Bgrad": 0.9095132559678766, "d1": -0.2166061745622163, "d2": -1.9711410061861785, "d3": 0.2658106813099099, "d4": -2.9541101799083758, "p1": 8.326882180577005, "p2": 27.89144943810295, "p3": 35.61404998012511, "p4": 24.62403269565552, "pol1": 0.7556190029599001, "pol2": 0.9517398751258273, "pol3": -0.0714458649115135, "pol4": 0.5359739589656116, "v0s": 4.968632803001164}, "datetime": {"datetime": "2022-06-13 03:35:00", "elapsed": 5547.178331, "delta": 11.693745}}
{"target": -1.0, "params": {"Bgrad": 1.497648167503731, "d1": -2.100500080130537, "d2": -2.561833131134926, "d3": 0.9160357502967607, "d4": 0.25997863882393935, "p1": 14.269176622476548, "p2": 29.291419221396055, "p3": 19.003560263939562, "p4": 8.816902038493286, "pol1": -0.16232971389501438, "pol2": -0.40562441160654483, "pol3": -0.9667517869341882, "pol4": -0.22526338600238094, "v0s": 7.525478022828513}, "datetime": {"datetime": "2022-06-13 03:35:11", "elapsed": 5558.28664, "delta": 11.108309}}
{"target": -1.0, "params": {"Bgrad": 1.7423003880611732, "d1": -0.7037009792137963, "d2": -1.72541254087847, "d3": -2.07494282045825, "d4": 0.8240783345237355, "p1": 28.230504953435588, "p2": 10.880265177956156, "p3": 12.474102554931143, "p4": 47.97981012654596, "pol1": -0.522371733407216, "pol2": -0.7865718232889243, "pol3": -0.6320761204946617, "pol4": 0.5324496138358381, "v0s": 6.252585535587568}, "datetime": {"datetime": "2022-06-13 03:35:21", "elapsed": 5568.652934, "delta": 10.366294}}
{"target": -1.0, "params": {"Bgrad": 1.1569128871656857, "d1": 0.17521802846570056, "d2": -0.9299492314295223, "d3": -1.3456073554835721, "d4": -2.5302322550896417, "p1": 44.195553296817465, "p2": 13.77966072051584, "p3": 30.813036166493017, "p4": 49.2289889480353, "pol1": -0.6211639559124924, "pol2": 0.9303759835860856, "pol3": 0.30543073685139066, "pol4": -0.7425367908069047, "v0s": 6.63156287643829}, "datetime": {"datetime": "2022-06-13 03:35:31", "elapsed": 5578.111651, "delta": 9.458717}}
