{"target": -1.0, "params": {"Bgrad": 0.8529876720481424, "d1": -1.6823457522981, "d2": -0.5805084537614658, "d3": -2.4269248442893305, "d4": -1.211440579969599, "p1": 9.027410480782393, "p2": 13.50171156317453, "p3": 7.754765706669992, "p4": 28.755233212084256, "pol1": -0.006554349573298923, "pol2": 0.33691698074641985, "pol3": -0.3690332527755189, "pol4": 0.20800345319619895, "v0s": 5.07759552334129}, "datetime": {"datetime": "2022-06-25 00:15:45", "elapsed": 2017.212348, "delta": 0.001995}}
{"target": -1.0, "params": {"Bgrad": 0.8529876720481424, "d1": -1.6823457522981, "d2": -0.5805084537614658, "d3": -2.4269248442893305, "d4": -1.211440579969599, "p1": 9.027410480782393, "p2": 13.50171156317453, "p3": 7.754765706669992, "p4": 28.755233212084256, "pol1": -0.006554349573298923, "pol2": 0.33691698074641985, "pol3": -0.3690332527755189, "pol4": 0.20800345319619895, "v0s": 5.07759552334129}, "datetime": {"datetime": "2022-06-25 00:15:45", "elapsed": 2017.214342, "delta": 0.001994}}
{"target": -1.0, "params": {"Bgrad": 0.8529876720481424, "d1": -1.6823457522981, "d2": -0.5805084537614658, "d3": -2.4269248442893305, "d4": -1.211440579969599, "p1": 9.027410480782393, "p2": 13.50171156317453, "p3": 7.754765706669992, "p4": 28.755233212084256, "pol1": -0.006554349573298923, "pol2": 0.33691698074641985, "pol3": -0.3690332527755189, "pol4": 0.20800345319619895, "v0s": 5.07759552334129}, "datetime": {"datetime": "2022-06-25 00:15:45", "elapsed": 2017.21534, "delta": 0.000998}}
{"target": -1.0, "params": {"Bgrad": 0.8529876720481424, "d1": -1.6823457522981, "d2": -0.5805084537614658, "d3": -2.4269248442893305, "d4": -1.211440579969599, "p1": 9.027410480782393, "p2": 13.50171156317453, "p3": 7.754765706669992, "p4": 28.755233212084256, "pol1": -0.006554349573298923, "pol2": 0.33691698074641985, "pol3": -0.3690332527755189, "pol4": 0.20800345319619895, "v0s": 5.07759552334129}, "datetime": {"datetime": "2022-06-25 00:15:45", "elapsed": 2017.217335, "delta": 0.001995}}
{"target": -1.0, "params": {"Bgrad": 0.8529876720481424, "d1": -1.6823457522981, "d2": -0.5805084537614658, "d3": -2.4269248442893305, "d4": -1.211440579969599, "p1": 9.027410480782393, "p2": 13.50171156317453, "p3": 7.754765706669992, "p4": 28.755233212084256, "pol1": -0.006554349573298923, "pol2": 0.33691698074641985, "pol3": -0.3690332527755189, "pol4": 0.20800345319619895, "v0s": 5.07759552334129}, "datetime": {"datetime": "2022-06-25 00:15:45", "elapsed": 2017.220327, "delta": 0.002992}}
{"target": -1.0, "params": {"Bgrad": 0.8529876720481424, "d1": -1.6823457522981, "d2": -0.5805084537614658, "d3": -2.4269248442893305, "d4": -1.211440579969599, "p1": 9.027410480782393, "p2": 13.50171156317453, "p3": 7.754765706669992, "p4": 28.755233212084256, "pol1": -0.006554349573298923, "pol2": 0.33691698074641985, "pol3": -0.3690332527755189, "pol4": 0.20800345319619895, "v0s": 5.07759552334129}, "datetime": {"datetime": "2022-06-25 00:15:45", "elapsed": 2017.222321, "delta": 0.001994}}
{"target": -1.0, "params": {"Bgrad": 0.8529876720481424, "d1": -1.6823457522981, "d2": -0.5805084537614658, "d3": -2.4269248442893305, "d4": -1.211440579969599, "p1": 9.027410480782393, "p2": 13.50171156317453, "p3": 7.754765706669992, "p4": 28.755233212084256, "pol1": -0.006554349573298923, "pol2": 0.33691698074641985, "pol3": -0.3690332527755189, "pol4": 0.20800345319619895, "v0s": 5.07759552334129}, "datetime": {"datetime": "2022-06-25 00:15:45", "elapsed": 2017.224316, "delta": 0.001995}}
{"target": -1.0, "params": {"Bgrad": 0.8529876720481424, "d1": -1.6823457522981, "d2": -0.5805084537614658, "d3": -2.4269248442893305, "d4": -1.211440579969599, "p1": 9.027410480782393, "p2": 13.50171156317453, "p3": 7.754765706669992, "p4": 28.755233212084256, "pol1": -0.006554349573298923, "pol2": 0.33691698074641985, "pol3": -0.3690332527755189, "pol4": 0.20800345319619895, "v0s": 5.07759552334129}, "datetime": {"datetime": "2022-06-25 00:15:45", "elapsed": 2017.225313, "delta": 0.000997}}
{"target": -1.0, "params": {"Bgrad": 0.8529876720481424, "d1": -1.6823457522981, "d2": -0.5805084537614658, "d3": -2.4269248442893305, "d4": -1.211440579969599, "p1": 9.027410480782393, "p2": 13.50171156317453, "p3": 7.754765706669992, "p4": 28.755233212084256, "pol1": -0.006554349573298923, "pol2": 0.33691698074641985, "pol3": -0.3690332527755189, "pol4": 0.20800345319619895, "v0s": 5.07759552334129}, "datetime": {"datetime": "2022-06-25 00:15:45", "elapsed": 2017.227308, "delta": 0.001995}}
{"target": -1.0, "params": {"Bgrad": 0.8529876720481424, "d1": -1.6823457522981, "d2": -0.5805084537614658, "d3": -2.4269248442893305, "d4": -1.211440579969599, "p1": 9.027410480782393, "p2": 13.50171156317453, "p3": 7.754765706669992, "p4": 28.755233212084256, "pol1": -0.006554349573298923, "pol2": 0.33691698074641985, "pol3": -0.3690332527755189, "pol4": 0.20800345319619895, "v0s": 5.07759552334129}, "datetime": {"datetime": "2022-06-25 00:15:45", "elapsed": 2017.229302, "delta": 0.001994}}
{"target": -1.0, "params": {"Bgrad": 0.8529876720481424, "d1": -1.6823457522981, "d2": -0.5805084537614658, "d3": -2.4269248442893305, "d4": -1.211440579969599, "p1": 9.027410480782393, "p2": 13.50171156317453, "p3": 7.754765706669992, "p4": 28.755233212084256, "pol1": -0.006554349573298923, "pol2": 0.33691698074641985, "pol3": -0.3690332527755189, "pol4": 0.20800345319619895, "v0s": 5.07759552334129}, "datetime": {"datetime": "2022-06-25 00:15:45", "elapsed": 2017.2303, "delta": 0.000998}}
{"target": -1.0, "params": {"Bgrad": 0.8529876720481424, "d1": -1.6823457522981, "d2": -0.5805084537614658, "d3": -2.4269248442893305, "d4": -1.211440579969599, "p1": 9.027410480782393, "p2": 13.50171156317453, "p3": 7.754765706669992, "p4": 28.755233212084256, "pol1": -0.006554349573298923, "pol2": 0.33691698074641985, "pol3": -0.3690332527755189, "pol4": 0.20800345319619895, "v0s": 5.07759552334129}, "datetime": {"datetime": "2022-06-25 00:15:45", "elapsed": 2017.232295, "delta": 0.001995}}
{"target": -1.0, "params": {"Bgrad": 0.8529876720481424, "d1": -1.6823457522981, "d2": -0.5805084537614658, "d3": -2.4269248442893305, "d4": -1.211440579969599, "p1": 9.027410480782393, "p2": 13.50171156317453, "p3": 7.754765706669992, "p4": 28.755233212084256, "pol1": -0.006554349573298923, "pol2": 0.33691698074641985, "pol3": -0.3690332527755189, "pol4": 0.20800345319619895, "v0s": 5.07759552334129}, "datetime": {"datetime": "2022-06-25 00:15:45", "elapsed": 2017.23429, "delta": 0.001995}}
{"target": -1.0, "params": {"Bgrad": 0.8529876720481424, "d1": -1.6823457522981, "d2": -0.5805084537614658, "d3": -2.4269248442893305, "d4": -1.211440579969599, "p1": 9.027410480782393, "p2": 13.50171156317453, "p3": 7.754765706669992, "p4": 28.755233212084256, "pol1": -0.006554349573298923, "pol2": 0.33691698074641985, "pol3": -0.3690332527755189, "pol4": 0.20800345319619895, "v0s": 5.07759552334129}, "datetime": {"datetime": "2022-06-25 00:15:45", "elapsed": 2017.236285, "delta": 0.001995}}
{"target": -1.0, "params": {"Bgrad": 0.8529876720481424, "d1": -1.6823457522981, "d2": -0.5805084537614658, "d3": -2.4269248442893305, "d4": -1.211440579969599, "p1": 9.027410480782393, "p2": 13.50171156317453, "p3": 7.754765706669992, "p4": 28.755233212084256, "pol1": -0.006554349573298923, "pol2": 0.33691698074641985, "pol3": -0.3690332527755189, "pol4": 0.20800345319619895, "v0s": 5.07759552334129}, "datetime": {"datetime": "2022-06-25 00:15:45", "elapsed": 2017.238278, "delta": 0.001993}}
{"target": -1.0, "params": {"Bgrad": 0.8529876720481424, "d1": -1.6823457522981, "d2": -0.5805084537614658, "d3": -2.4269248442893305, "d4": -1.211440579969599, "p1": 9.027410480782393, "p2": 13.50171156317453, "p3": 7.754765706669992, "p4": 28.755233212084256, "pol1": -0.006554349573298923, "pol2": 0.33691698074641985, "pol3": -0.3690332527755189, "pol4": 0.20800345319619895, "v0s": 5.07759552334129}, "datetime": {"datetime": "2022-06-25 00:15:45", "elapsed": 2017.240273, "delta": 0.001995}}
{"target": -1.0, "params": {"Bgrad": 0.8529876720481424, "d1": -1.6823457522981, "d2": -0.5805084537614658, "d3": -2.4269248442893305, "d4": -1.211440579969599, "p1": 9.027410480782393, "p2": 13.50171156317453, "p3": 7.754765706669992, "p4": 28.755233212084256, "pol1": -0.006554349573298923, "pol2": 0.33691698074641985, "pol3": -0.3690332527755189, "pol4": 0.20800345319619895, "v0s": 5.07759552334129}, "datetime": {"datetime": "2022-06-25 00:15:45", "elapsed": 2017.242268, "delta": 0.001995}}
{"target": -1.0, "params": {"Bgrad": 0.8529876720481424, "d1": -1.6823457522981, "d2": -0.5805084537614658, "d3": -2.4269248442893305, "d4": -1.211440579969599, "p1": 9.027410480782393, "p2": 13.50171156317453, "p3": 7.754765706669992, "p4": 28.755233212084256, "pol1": -0.006554349573298923, "pol2": 0.33691698074641985, "pol3": -0.3690332527755189, "pol4": 0.20800345319619895, "v0s": 5.07759552334129}, "datetime": {"datetime": "2022-06-25 00:15:45", "elapsed": 2017.243265, "delta": 0.000997}}
{"target": -1.0, "params": {"Bgrad": 0.8529876720481424, "d1": -1.6823457522981, "d2": -0.5805084537614658, "d3": -2.4269248442893305, "d4": -1.211440579969599, "p1": 9.027410480782393, "p2": 13.50171156317453, "p3": 7.754765706669992, "p4": 28.755233212084256, "pol1": -0.006554349573298923, "pol2": 0.33691698074641985, "pol3": -0.3690332527755189, "pol4": 0.20800345319619895, "v0s": 5.07759552334129}, "datetime": {"datetime": "2022-06-25 00:15:45", "elapsed": 2017.24526, "delta": 0.001995}}
{"target": -1.0, "params": {"Bgrad": 0.8529876720481424, "d1": -1.6823457522981, "d2": -0.5805084537614658, "d3": -2.4269248442893305, "d4": -1.211440579969599, "p1": 9.027410480782393, "p2": 13.50171156317453, "p3": 7.754765706669992, "p4": 28.755233212084256, "pol1": -0.006554349573298923, "pol2": 0.33691698074641985, "pol3": -0.3690332527755189, "pol4": 0.20800345319619895, "v0s": 5.07759552334129}, "datetime": {"datetime": "2022-06-25 00:15:45", "elapsed": 2017.247254, "delta": 0.001994}}
{"target": -1.0, "params": {"Bgrad": 0.8529876720481424, "d1": -1.6823457522981, "d2": -0.5805084537614658, "d3": -2.4269248442893305, "d4": -1.211440579969599, "p1": 9.027410480782393, "p2": 13.50171156317453, "p3": 7.754765706669992, "p4": 28.755233212084256, "pol1": -0.006554349573298923, "pol2": 0.33691698074641985, "pol3": -0.3690332527755189, "pol4": 0.20800345319619895, "v0s": 5.07759552334129}, "datetime": {"datetime": "2022-06-25 00:15:45", "elapsed": 2017.249249, "delta": 0.001995}}
{"target": -1.0, "params": {"Bgrad": 0.8529876720481424, "d1": -1.6823457522981, "d2": -0.5805084537614658, "d3": -2.4269248442893305, "d4": -1.211440579969599, "p1": 9.027410480782393, "p2": 13.50171156317453, "p3": 7.754765706669992, "p4": 28.755233212084256, "pol1": -0.006554349573298923, "pol2": 0.33691698074641985, "pol3": -0.3690332527755189, "pol4": 0.20800345319619895, "v0s": 5.07759552334129}, "datetime": {"datetime": "2022-06-25 00:15:45", "elapsed": 2017.250247, "delta": 0.000998}}
{"target": -1.0, "params": {"Bgrad": 0.8529876720481424, "d1": -1.6823457522981, "d2": -0.5805084537614658, "d3": -2.4269248442893305, "d4": -1.211440579969599, "p1": 9.027410480782393, "p2": 13.50171156317453, "p3": 7.754765706669992, "p4": 28.755233212084256, "pol1": -0.006554349573298923, "pol2": 0.33691698074641985, "pol3": -0.3690332527755189, "pol4": 0.20800345319619895, "v0s": 5.07759552334129}, "datetime": {"datetime": "2022-06-25 00:15:45", "elapsed": 2017.253239, "delta": 0.002992}}
{"target": -1.0, "params": {"Bgrad": 0.8529876720481424, "d1": -1.6823457522981, "d2": -0.5805084537614658, "d3": -2.4269248442893305, "d4": -1.211440579969599, "p1": 9.027410480782393, "p2": 13.50171156317453, "p3": 7.754765706669992, "p4": 28.755233212084256, "pol1": -0.006554349573298923, "pol2": 0.33691698074641985, "pol3": -0.3690332527755189, "pol4": 0.20800345319619895, "v0s": 5.07759552334129}, "datetime": {"datetime": "2022-06-25 00:15:45", "elapsed": 2017.255233, "delta": 0.001994}}
{"target": -1.0, "params": {"Bgrad": 0.8529876720481424, "d1": -1.6823457522981, "d2": -0.5805084537614658, "d3": -2.4269248442893305, "d4": -1.211440579969599, "p1": 9.027410480782393, "p2": 13.50171156317453, "p3": 7.754765706669992, "p4": 28.755233212084256, "pol1": -0.006554349573298923, "pol2": 0.33691698074641985, "pol3": -0.3690332527755189, "pol4": 0.20800345319619895, "v0s": 5.07759552334129}, "datetime": {"datetime": "2022-06-25 00:15:45", "elapsed": 2017.257228, "delta": 0.001995}}
{"target": -1.0, "params": {"Bgrad": 0.8529876720481424, "d1": -1.6823457522981, "d2": -0.5805084537614658, "d3": -2.4269248442893305, "d4": -1.211440579969599, "p1": 9.027410480782393, "p2": 13.50171156317453, "p3": 7.754765706669992, "p4": 28.755233212084256, "pol1": -0.006554349573298923, "pol2": 0.33691698074641985, "pol3": -0.3690332527755189, "pol4": 0.20800345319619895, "v0s": 5.07759552334129}, "datetime": {"datetime": "2022-06-25 00:15:45", "elapsed": 2017.258225, "delta": 0.000997}}
{"target": -1.0, "params": {"Bgrad": 0.8529876720481424, "d1": -1.6823457522981, "d2": -0.5805084537614658, "d3": -2.4269248442893305, "d4": -1.211440579969599, "p1": 9.027410480782393, "p2": 13.50171156317453, "p3": 7.754765706669992, "p4": 28.755233212084256, "pol1": -0.006554349573298923, "pol2": 0.33691698074641985, "pol3": -0.3690332527755189, "pol4": 0.20800345319619895, "v0s": 5.07759552334129}, "datetime": {"datetime": "2022-06-25 00:15:45", "elapsed": 2017.26022, "delta": 0.001995}}
{"target": -1.0, "params": {"Bgrad": 0.8529876720481424, "d1": -1.6823457522981, "d2": -0.5805084537614658, "d3": -2.4269248442893305, "d4": -1.211440579969599, "p1": 9.027410480782393, "p2": 13.50171156317453, "p3": 7.754765706669992, "p4": 28.755233212084256, "pol1": -0.006554349573298923, "pol2": 0.33691698074641985, "pol3": -0.3690332527755189, "pol4": 0.20800345319619895, "v0s": 5.07759552334129}, "datetime": {"datetime": "2022-06-25 00:15:45", "elapsed": 2017.262214, "delta": 0.001994}}
{"target": -1.0, "params": {"Bgrad": 0.8529876720481424, "d1": -1.6823457522981, "d2": -0.5805084537614658, "d3": -2.4269248442893305, "d4": -1.211440579969599, "p1": 9.027410480782393, "p2": 13.50171156317453, "p3": 7.754765706669992, "p4": 28.755233212084256, "pol1": -0.006554349573298923, "pol2": 0.33691698074641985, "pol3": -0.3690332527755189, "pol4": 0.20800345319619895, "v0s": 5.07759552334129}, "datetime": {"datetime": "2022-06-25 00:15:45", "elapsed": 2017.263212, "delta": 0.000998}}
{"target": -1.0, "params": {"Bgrad": 0.8529876720481424, "d1": -1.6823457522981, "d2": -0.5805084537614658, "d3": -2.4269248442893305, "d4": -1.211440579969599, "p1": 9.027410480782393, "p2": 13.50171156317453, "p3": 7.754765706669992, "p4": 28.755233212084256, "pol1": -0.006554349573298923, "pol2": 0.33691698074641985, "pol3": -0.3690332527755189, "pol4": 0.20800345319619895, "v0s": 5.07759552334129}, "datetime": {"datetime": "2022-06-25 00:15:45", "elapsed": 2017.265206, "delta": 0.001994}}
{"target": -1.0, "params": {"Bgrad": 0.8529876720481424, "d1": -1.6823457522981, "d2": -0.5805084537614658, "d3": -2.4269248442893305, "d4": -1.211440579969599, "p1": 9.027410480782393, "p2": 13.50171156317453, "p3": 7.754765706669992, "p4": 28.755233212084256, "pol1": -0.006554349573298923, "pol2": 0.33691698074641985, "pol3": -0.3690332527755189, "pol4": 0.20800345319619895, "v0s": 5.07759552334129}, "datetime": {"datetime": "2022-06-25 00:15:45", "elapsed": 2017.266204, "delta": 0.000998}}
{"target": -1.0, "params": {"Bgrad": 0.8529876720481424, "d1": -1.6823457522981, "d2": -0.5805084537614658, "d3": -2.4269248442893305, "d4": -1.211440579969599, "p1": 9.027410480782393, "p2": 13.50171156317453, "p3": 7.754765706669992, "p4": 28.755233212084256, "pol1": -0.006554349573298923, "pol2": 0.33691698074641985, "pol3": -0.3690332527755189, "pol4": 0.20800345319619895, "v0s": 5.07759552334129}, "datetime": {"datetime": "2022-06-25 00:15:45", "elapsed": 2017.269196, "delta": 0.002992}}
{"target": -1.0, "params": {"Bgrad": 0.8529876720481424, "d1": -1.6823457522981, "d2": -0.5805084537614658, "d3": -2.4269248442893305, "d4": -1.211440579969599, "p1": 9.027410480782393, "p2": 13.50171156317453, "p3": 7.754765706669992, "p4": 28.755233212084256, "pol1": -0.006554349573298923, "pol2": 0.33691698074641985, "pol3": -0.3690332527755189, "pol4": 0.20800345319619895, "v0s": 5.07759552334129}, "datetime": {"datetime": "2022-06-25 00:15:45", "elapsed": 2017.27119, "delta": 0.001994}}
{"target": -1.0, "params": {"Bgrad": 0.8529876720481424, "d1": -1.6823457522981, "d2": -0.5805084537614658, "d3": -2.4269248442893305, "d4": -1.211440579969599, "p1": 9.027410480782393, "p2": 13.50171156317453, "p3": 7.754765706669992, "p4": 28.755233212084256, "pol1": -0.006554349573298923, "pol2": 0.33691698074641985, "pol3": -0.3690332527755189, "pol4": 0.20800345319619895, "v0s": 5.07759552334129}, "datetime": {"datetime": "2022-06-25 00:15:45", "elapsed": 2017.273185, "delta": 0.001995}}
{"target": -1.0, "params": {"Bgrad": 0.8529876720481424, "d1": -1.6823457522981, "d2": -0.5805084537614658, "d3": -2.4269248442893305, "d4": -1.211440579969599, "p1": 9.027410480782393, "p2": 13.50171156317453, "p3": 7.754765706669992, "p4": 28.755233212084256, "pol1": -0.006554349573298923, "pol2": 0.33691698074641985, "pol3": -0.3690332527755189, "pol4": 0.20800345319619895, "v0s": 5.07759552334129}, "datetime": {"datetime": "2022-06-25 00:15:45", "elapsed": 2017.274182, "delta": 0.000997}}
{"target": -1.0, "params": {"Bgrad": 0.8529876720481424, "d1": -1.6823457522981, "d2": -0.5805084537614658, "d3": -2.4269248442893305, "d4": -1.211440579969599, "p1": 9.027410480782393, "p2": 13.50171156317453, "p3": 7.754765706669992, "p4": 28.755233212084256, "pol1": -0.006554349573298923, "pol2": 0.33691698074641985, "pol3": -0.3690332527755189, "pol4": 0.20800345319619895, "v0s": 5.07759552334129}, "datetime": {"datetime": "2022-06-25 00:15:45", "elapsed": 2017.276177, "delta": 0.001995}}
{"target": -1.0, "params": {"Bgrad": 0.8529876720481424, "d1": -1.6823457522981, "d2": -0.5805084537614658, "d3": -2.4269248442893305, "d4": -1.211440579969599, "p1": 9.027410480782393, "p2": 13.50171156317453, "p3": 7.754765706669992, "p4": 28.755233212084256, "pol1": -0.006554349573298923, "pol2": 0.33691698074641985, "pol3": -0.3690332527755189, "pol4": 0.20800345319619895, "v0s": 5.07759552334129}, "datetime": {"datetime": "2022-06-25 00:15:45", "elapsed": 2017.277174, "delta": 0.000997}}
{"target": -1.0, "params": {"Bgrad": 0.8529876720481424, "d1": -1.6823457522981, "d2": -0.5805084537614658, "d3": -2.4269248442893305, "d4": -1.211440579969599, "p1": 9.027410480782393, "p2": 13.50171156317453, "p3": 7.754765706669992, "p4": 28.755233212084256, "pol1": -0.006554349573298923, "pol2": 0.33691698074641985, "pol3": -0.3690332527755189, "pol4": 0.20800345319619895, "v0s": 5.07759552334129}, "datetime": {"datetime": "2022-06-25 00:15:45", "elapsed": 2017.279169, "delta": 0.001995}}
{"target": -1.0, "params": {"Bgrad": 0.8529876720481424, "d1": -1.6823457522981, "d2": -0.5805084537614658, "d3": -2.4269248442893305, "d4": -1.211440579969599, "p1": 9.027410480782393, "p2": 13.50171156317453, "p3": 7.754765706669992, "p4": 28.755233212084256, "pol1": -0.006554349573298923, "pol2": 0.33691698074641985, "pol3": -0.3690332527755189, "pol4": 0.20800345319619895, "v0s": 5.07759552334129}, "datetime": {"datetime": "2022-06-25 00:15:45", "elapsed": 2017.281164, "delta": 0.001995}}
{"target": -1.0, "params": {"Bgrad": 0.8529876720481424, "d1": -1.6823457522981, "d2": -0.5805084537614658, "d3": -2.4269248442893305, "d4": -1.211440579969599, "p1": 9.027410480782393, "p2": 13.50171156317453, "p3": 7.754765706669992, "p4": 28.755233212084256, "pol1": -0.006554349573298923, "pol2": 0.33691698074641985, "pol3": -0.3690332527755189, "pol4": 0.20800345319619895, "v0s": 5.07759552334129}, "datetime": {"datetime": "2022-06-25 00:15:45", "elapsed": 2017.282161, "delta": 0.000997}}
{"target": -1.0, "params": {"Bgrad": 0.8529876720481424, "d1": -1.6823457522981, "d2": -0.5805084537614658, "d3": -2.4269248442893305, "d4": -1.211440579969599, "p1": 9.027410480782393, "p2": 13.50171156317453, "p3": 7.754765706669992, "p4": 28.755233212084256, "pol1": -0.006554349573298923, "pol2": 0.33691698074641985, "pol3": -0.3690332527755189, "pol4": 0.20800345319619895, "v0s": 5.07759552334129}, "datetime": {"datetime": "2022-06-25 00:15:45", "elapsed": 2017.284156, "delta": 0.001995}}
{"target": -1.0, "params": {"Bgrad": 0.8529876720481424, "d1": -1.6823457522981, "d2": -0.5805084537614658, "d3": -2.4269248442893305, "d4": -1.211440579969599, "p1": 9.027410480782393, "p2": 13.50171156317453, "p3": 7.754765706669992, "p4": 28.755233212084256, "pol1": -0.006554349573298923, "pol2": 0.33691698074641985, "pol3": -0.3690332527755189, "pol4": 0.20800345319619895, "v0s": 5.07759552334129}, "datetime": {"datetime": "2022-06-25 00:15:45", "elapsed": 2017.287148, "delta": 0.002992}}
{"target": -1.0, "params": {"Bgrad": 0.8529876720481424, "d1": -1.6823457522981, "d2": -0.5805084537614658, "d3": -2.4269248442893305, "d4": -1.211440579969599, "p1": 9.027410480782393, "p2": 13.50171156317453, "p3": 7.754765706669992, "p4": 28.755233212084256, "pol1": -0.006554349573298923, "pol2": 0.33691698074641985, "pol3": -0.3690332527755189, "pol4": 0.20800345319619895, "v0s": 5.07759552334129}, "datetime": {"datetime": "2022-06-25 00:15:45", "elapsed": 2017.289142, "delta": 0.001994}}
{"target": -1.0, "params": {"Bgrad": 0.8529876720481424, "d1": -1.6823457522981, "d2": -0.5805084537614658, "d3": -2.4269248442893305, "d4": -1.211440579969599, "p1": 9.027410480782393, "p2": 13.50171156317453, "p3": 7.754765706669992, "p4": 28.755233212084256, "pol1": -0.006554349573298923, "pol2": 0.33691698074641985, "pol3": -0.3690332527755189, "pol4": 0.20800345319619895, "v0s": 5.07759552334129}, "datetime": {"datetime": "2022-06-25 00:15:45", "elapsed": 2017.29014, "delta": 0.000998}}
