{"target": 5.1841811005278995, "params": {"Bgrad": 1.1044365210261, "d1": -2.4786132222453285, "d2": 0.3602899561542254, "d3": -0.5739174914218425, "d4": -1.6285727050703098, "p1": 5.043622284374221, "p2": 34.599884755506224, "p3": 38.75801387780162, "p4": 28.91041760419989, "pol1": 0.3864632154940794, "pol2": 0.06615897346749887, "pol3": -0.3924945817554663, "pol4": -0.43246029799442065, "v0s": 5.1841811005278995}, "datetime": {"datetime": "2022-05-17 16:37:16", "elapsed": 75251.554803, "delta": 56.146892}}
{"target": -1.0, "params": {"Bgrad": 1.9930991989635232, "d1": -0.9178549434496701, "d2": 0.08150083258866836, "d3": -1.4165609485394985, "d4": -0.19677801246523074, "p1": 8.284479340113982, "p2": 24.645574871885767, "p3": 42.64839841470552, "p4": 21.383376248937118, "pol1": 0.17075839441685003, "pol2": 0.7754320550276923, "pol3": 0.15249257480582057, "pol4": -0.8156907515101497, "v0s": 5.595256046601962}, "datetime": {"datetime": "2022-05-17 16:37:43", "elapsed": 75279.024854, "delta": 27.470051}}
{"target": 3.1654173713247795, "params": {"Bgrad": 0.8089492282603601, "d1": -2.892643176346574, "d2": -0.24040885228447717, "d3": -2.0813203384474224, "d4": -2.8746648765380907, "p1": 45.85323724082256, "p2": 18.32241360239969, "p3": 25.892500862176483, "p4": 10.79853879434891, "pol1": -0.1048641151907328, "pol2": -0.8203170952211334, "pol3": -0.6921397514335996, "pol4": -0.3298296638301419, "v0s": 3.1654173713247795}, "datetime": {"datetime": "2022-05-17 16:38:07", "elapsed": 75302.359852, "delta": 23.334998}}
{"target": 4.942491220296893, "params": {"Bgrad": 1.5013625756953293, "d1": -2.9741987361333906, "d2": -0.10790831135320347, "d3": -1.7823346245663636, "d4": -0.49319325808195186, "p1": 8.323453217013551, "p2": 27.765086490485874, "p3": 42.69880490203119, "p4": 21.090959329441617, "pol1": 0.4054382991264592, "pol2": -0.2629201230763462, "pol3": -0.272069877155075, "pol4": 0.6747305818456366, "v0s": 4.942491220296893}, "datetime": {"datetime": "2022-05-17 16:38:37", "elapsed": 75332.673468, "delta": 30.313616}}
{"target": 4.727967166190013, "params": {"Bgrad": 0.9713805346884304, "d1": -2.4883552894514502, "d2": 0.9185412393222134, "d3": -2.1207765492438817, "d4": -1.5213137647535802, "p1": 8.817634278403535, "p2": 37.39211135773847, "p3": 35.95950513176575, "p4": 39.355812195525644, "pol1": -0.2391462150054442, "pol2": 0.21354575199243087, "pol3": -0.6213074249819892, "pol4": 0.9079466126017874, "v0s": 4.727967166190013}, "datetime": {"datetime": "2022-05-17 16:39:04", "elapsed": 75359.834838, "delta": 27.16137}}
{"target": 3.4597428123462715, "params": {"Bgrad": 1.962367075002839, "d1": -1.0703850670557622, "d2": 0.04426256874002554, "d3": -1.0152526290808979, "d4": -2.252415463176521, "p1": 3.5572105908578564, "p2": 35.0497360062963, "p3": 41.0003456738666, "p4": 26.69232043527183, "pol1": -0.08336959056585269, "pol2": 0.5378300183006415, "pol3": -0.1068328149187503, "pol4": -0.5672779497747316, "v0s": 3.4597428123462715}, "datetime": {"datetime": "2022-05-17 16:39:29", "elapsed": 75385.147116, "delta": 25.312278}}
{"target": -1.0, "params": {"Bgrad": 0.9807782615055252, "d1": -1.2092413477705954, "d2": -0.570735613639636, "d3": -2.3384641221267946, "d4": -2.645644690094947, "p1": 4.4548296882344465, "p2": 34.80145364835796, "p3": 42.21698157211085, "p4": 28.66144547136995, "pol1": -0.8996693587712306, "pol2": -0.6348866442945431, "pol3": 0.3663908895003145, "pol4": -0.2477746235008682, "v0s": 5.301901049672264}, "datetime": {"datetime": "2022-05-17 16:40:09", "elapsed": 75424.963522, "delta": 39.816406}}
{"target": -1.0, "params": {"Bgrad": 1.192511027953327, "d1": -0.8076702194445944, "d2": -1.023409121359494, "d3": -1.3853538797487417, "d4": -0.2650284541828616, "p1": 8.197458917501365, "p2": 29.160815027858995, "p3": 43.31710111277622, "p4": 20.812484180969026, "pol1": -0.10889932216469989, "pol2": 0.17586706849538247, "pol3": 0.05281275429419452, "pol4": 0.7178173550500531, "v0s": 4.570941418832706}, "datetime": {"datetime": "2022-05-17 16:40:55", "elapsed": 75470.695754, "delta": 45.732232}}
{"target": -1.0, "params": {"Bgrad": 1.0474596923192783, "d1": -1.4640032651591692, "d2": -0.5217280520795526, "d3": 0.7030529606021663, "d4": -1.3553850728123238, "p1": 4.094975627334407, "p2": 34.71656993943984, "p3": 40.01262891609339, "p4": 25.356993474433843, "pol1": 0.2507452716245284, "pol2": -0.3115325189453959, "pol3": 0.9050323890803955, "pol4": -0.15469163653756235, "v0s": 4.882803284248877}, "datetime": {"datetime": "2022-05-17 16:41:39", "elapsed": 75514.481146, "delta": 43.785392}}
{"target": 4.636990229348224, "params": {"Bgrad": 1.820209666229203, "d1": -1.460023866669514, "d2": 0.9965620579299241, "d3": -3.0, "d4": -1.5077025157136867, "p1": 4.867638537278713, "p2": 38.293887392495364, "p3": 32.741141389156134, "p4": 41.63114345537963, "pol1": 0.1907264028928299, "pol2": 1.0, "pol3": 0.14207973442257127, "pol4": -0.2747687250526642, "v0s": 4.636990229348224}, "datetime": {"datetime": "2022-05-17 16:42:48", "elapsed": 75583.231298, "delta": 68.750152}}
{"target": -1.0, "params": {"Bgrad": 1.1010942449768826, "d1": -2.748754947734806, "d2": -0.6065528348857212, "d3": -2.0744170342544326, "d4": -1.1925037214408047, "p1": 4.67092932188789, "p2": 34.62711624910404, "p3": 30.303890741651152, "p4": 39.88241516232831, "pol1": -0.2119874629242069, "pol2": -0.11049398053623971, "pol3": -0.5243818287172866, "pol4": -0.35292861735259584, "v0s": 2.2602865671332406}, "datetime": {"datetime": "2022-05-17 16:43:16", "elapsed": 75612.034896, "delta": 28.803598}}
{"target": -1.0, "params": {"Bgrad": 0.5227403145787393, "d1": -2.5429935673476582, "d2": -0.08602030936875327, "d3": -2.4962647250936123, "d4": -2.1081687224120915, "p1": 4.275398893548266, "p2": 34.0236380667807, "p3": 32.9958306253628, "p4": 35.04281101483193, "pol1": 0.934328185483775, "pol2": 0.03065578801502067, "pol3": -0.03350086193379642, "pol4": -0.695353257592652, "v0s": 5.444972045622539}, "datetime": {"datetime": "2022-05-17 16:43:53", "elapsed": 75649.213292, "delta": 37.178396}}
{"target": 4.853701442972377, "params": {"Bgrad": 1.2271217136430954, "d1": -2.567848397790762, "d2": 0.33509902996373514, "d3": -1.266121084974685, "d4": -0.31260525685093854, "p1": 4.223036806663521, "p2": 37.03673981198996, "p3": 40.06035571709364, "p4": 29.096013091326387, "pol1": 0.7269443799504434, "pol2": 0.5373227070651212, "pol3": -0.279072788121315, "pol4": 0.12075859871056353, "v0s": 4.853701442972377}, "datetime": {"datetime": "2022-05-17 16:44:31", "elapsed": 75686.532717, "delta": 37.319425}}
{"target": 5.50515358042472, "params": {"Bgrad": 0.65805061223822, "d1": -2.6732408909054817, "d2": -0.06247259560612717, "d3": -0.4797696450254021, "d4": -2.8000797733900478, "p1": 4.251902222425569, "p2": 39.98605100648751, "p3": 39.94195213032475, "p4": 30.242142483721672, "pol1": 0.991969205193129, "pol2": 0.5057052500068473, "pol3": -0.330468962994106, "pol4": 0.7822485494870386, "v0s": 5.50515358042472}, "datetime": {"datetime": "2022-05-17 16:44:58", "elapsed": 75713.263312, "delta": 26.730595}}
{"target": 4.057841579386938, "params": {"Bgrad": 1.7360879604224122, "d1": -1.1790442489008166, "d2": -0.5652412089801766, "d3": -0.34486533984847867, "d4": -2.4785240699830013, "p1": 29.72532578071323, "p2": 11.783104399422939, "p3": 12.838598027774434, "p4": 29.595691281245067, "pol1": 0.03855223166490607, "pol2": 0.8075695755453638, "pol3": 0.3853938780787116, "pol4": -0.19514618189889021, "v0s": 4.057841579386938}, "datetime": {"datetime": "2022-05-17 16:45:53", "elapsed": 75768.554911, "delta": 55.291599}}
{"target": 4.658438031740184, "params": {"Bgrad": 1.3633859416656529, "d1": -1.7791118198012312, "d2": 0.7154083537469206, "d3": -2.5583607943462345, "d4": -3.0, "p1": 2.472639624875438, "p2": 28.90783251191243, "p3": 19.077567930207746, "p4": 10.279514517673398, "pol1": -0.12087207555481597, "pol2": -0.9581153193990152, "pol3": 1.0, "pol4": 0.2729207025151727, "v0s": 4.658438031740184}, "datetime": {"datetime": "2022-05-17 16:46:33", "elapsed": 75808.88474, "delta": 40.329829}}
{"target": -1.0, "params": {"Bgrad": 1.3372736365211988, "d1": -2.5698443304316907, "d2": 0.6380365354676001, "d3": 0.2257165725909287, "d4": -1.3316226048665625, "p1": 3.175030988770855, "p2": 34.96546103179583, "p3": 38.33378135679033, "p4": 30.610418579771604, "pol1": 0.22737675692404036, "pol2": 0.34699148046398687, "pol3": -0.17815277155937315, "pol4": 0.7696130249137081, "v0s": 6.567307064408412}, "datetime": {"datetime": "2022-05-17 16:47:05", "elapsed": 75840.89432, "delta": 32.00958}}
{"target": 4.716710312586305, "params": {"Bgrad": 1.5979077909105401, "d1": -2.3769047012422653, "d2": 0.9302404459837381, "d3": -1.971578061401172, "d4": -2.1883671436391086, "p1": 2.4241322576889206, "p2": 33.23211567072497, "p3": 31.824946320311142, "p4": 37.05358012327435, "pol1": -0.24140744520693314, "pol2": -0.7390496342291791, "pol3": 1.0, "pol4": -1.0, "v0s": 4.716710312586305}, "datetime": {"datetime": "2022-05-17 16:47:45", "elapsed": 75880.552208, "delta": 39.657888}}
{"target": 4.537164144030421, "params": {"Bgrad": 1.527547553149695, "d1": -3.0, "d2": 0.475763618555882, "d3": -0.713195296725593, "d4": -1.5006022613926722, "p1": 31.29829827326498, "p2": 6.215641238142247, "p3": 8.395282242694433, "p4": 25.57067962080576, "pol1": 0.9147834462113211, "pol2": -0.43748041462909987, "pol3": 0.422504624060976, "pol4": -0.7260329157698134, "v0s": 4.537164144030421}, "datetime": {"datetime": "2022-05-17 16:48:45", "elapsed": 75941.082557, "delta": 60.530349}}
{"target": -1.0, "params": {"Bgrad": 0.6450206910987497, "d1": -2.5378686398611805, "d2": 0.8872402982952008, "d3": -1.2767954040514282, "d4": 0.6596171884060764, "p1": 6.553694313080472, "p2": 35.44813863054267, "p3": 43.71350222876223, "p4": 30.312143493589623, "pol1": 0.09035481266409584, "pol2": -0.426458922331137, "pol3": -0.7784635404423632, "pol4": 0.6212545192332093, "v0s": 3.8433775165684985}, "datetime": {"datetime": "2022-05-17 16:49:42", "elapsed": 75998.009861, "delta": 56.927304}}
{"target": -1.0, "params": {"Bgrad": 1.503440790278783, "d1": -2.9752353003333547, "d2": 0.5800348077667503, "d3": -1.4543703761812572, "d4": 0.47288372148328905, "p1": 5.885374504312341, "p2": 38.16878893300687, "p3": 40.822264328633736, "p4": 30.37960997878035, "pol1": -0.16577745418689105, "pol2": -0.5506455569006246, "pol3": -0.47814053450426086, "pol4": -0.6139723554192686, "v0s": 6.059738524638918}, "datetime": {"datetime": "2022-05-17 16:50:35", "elapsed": 76051.03814, "delta": 53.028279}}
{"target": -1.0, "params": {"Bgrad": 1.1208342457610143, "d1": -2.179696653028702, "d2": 0.051983103142843046, "d3": -1.851510812579181, "d4": -2.9098060252359352, "p1": 10.110777234368657, "p2": 27.179680516873255, "p3": 42.83410491679077, "p4": 22.623424144285543, "pol1": 0.5311026985276066, "pol2": 0.9877969954950567, "pol3": 0.2797706327376708, "pol4": -0.8913813619729749, "v0s": 5.596713772512286}, "datetime": {"datetime": "2022-05-17 16:51:08", "elapsed": 76083.618711, "delta": 32.580571}}
{"target": 3.7173543218363667, "params": {"Bgrad": 2.0, "d1": -3.0, "d2": -1.8074832087177595, "d3": -3.0, "d4": -1.6961255744944592, "p1": 28.155237416273756, "p2": 17.832119138130075, "p3": 48.6361026358805, "p4": 38.414232314532725, "pol1": 1.0, "pol2": 1.0, "pol3": 0.32528961154915736, "pol4": -0.6453801562739679, "v0s": 3.7173543218363667}, "datetime": {"datetime": "2022-05-17 16:51:42", "elapsed": 76117.64753, "delta": 34.028819}}
{"target": 3.900979706287692, "params": {"Bgrad": 1.9721608115072142, "d1": -2.9580173285794773, "d2": 0.0843249082904736, "d3": -1.1703952354303901, "d4": 0.6521016376477752, "p1": 35.630068933795535, "p2": 6.188841001603489, "p3": 35.93265264390978, "p4": 6.881385111946194, "pol1": 0.9132958403531424, "pol2": -1.0, "pol3": 0.05450258761208419, "pol4": -0.007733680344958417, "v0s": 3.900979706287692}, "datetime": {"datetime": "2022-05-17 16:52:19", "elapsed": 76155.102633, "delta": 37.455103}}
{"target": 3.996938938202231, "params": {"Bgrad": 1.3479036981399708, "d1": -3.0, "d2": 0.7522360465773702, "d3": -2.692030390112398, "d4": -2.013990535295461, "p1": 28.730303067166506, "p2": 30.507373846132246, "p3": 7.188035145395036, "p4": 44.41571895522676, "pol1": 1.0, "pol2": 0.19911581907372083, "pol3": -0.430417708881986, "pol4": 1.0, "v0s": 3.996938938202231}, "datetime": {"datetime": "2022-05-17 16:52:58", "elapsed": 76193.348808, "delta": 38.246175}}
{"target": 5.372669015544003, "params": {"Bgrad": 0.5, "d1": -2.3677088793894643, "d2": 0.6719547265644995, "d3": -1.1788856102431873, "d4": -3.0, "p1": 1.5541894818367799, "p2": 13.530044977812299, "p3": 37.71788067542456, "p4": 47.59611474263233, "pol1": -0.06726241636452233, "pol2": -0.12420963311735614, "pol3": -0.8866121495180571, "pol4": 0.006288562311800305, "v0s": 5.372669015544003}, "datetime": {"datetime": "2022-05-17 16:53:26", "elapsed": 76222.098047, "delta": 28.749239}}
{"target": 4.806862216589485, "params": {"Bgrad": 1.0697234821622967, "d1": -2.6913968610385264, "d2": 0.07282307174309037, "d3": -1.0733448836570543, "d4": -2.254965031992968, "p1": 6.115523978242757, "p2": 35.67161689085327, "p3": 39.08852935553666, "p4": 29.13852600549856, "pol1": 0.643055638762078, "pol2": 0.5976117227749177, "pol3": -0.7136664852329042, "pol4": -0.44031316677126464, "v0s": 4.806862216589485}, "datetime": {"datetime": "2022-05-17 16:53:53", "elapsed": 76248.283513, "delta": 26.185466}}
{"target": -1.0, "params": {"Bgrad": 0.5050721635837631, "d1": -2.369205037915631, "d2": -0.37898107091047883, "d3": -2.352915826716576, "d4": -2.5666842003613564, "p1": 4.481179861893919, "p2": 32.969097935404804, "p3": 29.701496874110784, "p4": 37.841457356101074, "pol1": -0.5839612968896228, "pol2": -0.7311151234318012, "pol3": 0.7273856687534885, "pol4": -0.22617840202253103, "v0s": 5.550505263832678}, "datetime": {"datetime": "2022-05-17 16:54:22", "elapsed": 76277.50046, "delta": 29.216947}}
{"target": 4.838259309031542, "params": {"Bgrad": 1.2612218597812481, "d1": -2.1368934129883828, "d2": -0.15078804448170932, "d3": -1.2105319872140028, "d4": -2.073781144595646, "p1": 28.534981150062876, "p2": 10.579541802668961, "p3": 13.026421291264725, "p4": 27.763745676832823, "pol1": 0.49148134550521416, "pol2": 0.8580976934063864, "pol3": 0.29563903970155486, "pol4": 0.27995977851702875, "v0s": 4.838259309031542}, "datetime": {"datetime": "2022-05-17 16:55:05", "elapsed": 76321.13688, "delta": 43.63642}}
{"target": -1.0, "params": {"Bgrad": 1.7352644885328479, "d1": -2.2677277859719136, "d2": -1.700744961023772, "d3": -1.2449400808007147, "d4": 0.8490158916381922, "p1": 38.03431633344715, "p2": 6.075456408430097, "p3": 37.413457758743775, "p4": 6.9913455165695915, "pol1": 0.28460897596172563, "pol2": -0.978115762138777, "pol3": 0.16789321843471972, "pol4": -0.4686412131050737, "v0s": 3.391347585759652}, "datetime": {"datetime": "2022-05-17 16:55:52", "elapsed": 76367.704784, "delta": 46.567904}}
{"target": 4.816415172660047, "params": {"Bgrad": 1.5673313876149675, "d1": -2.720657118452559, "d2": 0.11582697749769588, "d3": -1.9591401095823864, "d4": -2.616332871533773, "p1": 7.308519722082229, "p2": 33.002745172834956, "p3": 39.7543221466833, "p4": 29.276081135471387, "pol1": -0.17676314075120736, "pol2": 0.6921826659199197, "pol3": -0.6004366115760262, "pol4": 0.2875952477117152, "v0s": 4.816415172660047}, "datetime": {"datetime": "2022-05-17 16:56:33", "elapsed": 76409.035192, "delta": 41.330408}}
{"target": 4.238928543093774, "params": {"Bgrad": 1.1568272703042919, "d1": -3.0, "d2": 0.06904794145466597, "d3": -2.2536478527328176, "d4": -1.9198245304747734, "p1": 28.704139795646775, "p2": 10.465582979533739, "p3": 13.597144232819177, "p4": 27.4556087503277, "pol1": -0.29162435182693214, "pol2": 0.5643755374994668, "pol3": -0.02615218962430805, "pol4": -0.5958019329227332, "v0s": 4.238928543093774}, "datetime": {"datetime": "2022-05-17 16:57:09", "elapsed": 76444.455756, "delta": 35.420564}}
{"target": 2.5391209810191606, "params": {"Bgrad": 0.558714908272974, "d1": -1.9868076658152933, "d2": 0.9861575445579271, "d3": -2.502077671258683, "d4": 0.13344233575345932, "p1": 4.308255602818684, "p2": 21.899914994785796, "p3": 43.4508430596095, "p4": 22.87026351873795, "pol1": 0.18873373991419196, "pol2": -0.2734461245586166, "pol3": -0.329394539789575, "pol4": -0.5470157521796399, "v0s": 2.5391209810191606}, "datetime": {"datetime": "2022-05-17 16:57:32", "elapsed": 76467.507709, "delta": 23.051953}}
{"target": -1.0, "params": {"Bgrad": 1.790070817309664, "d1": -1.4734971981741949, "d2": 0.3049990869816561, "d3": -1.3973707641040454, "d4": -1.8563424947893443, "p1": 5.290033053496862, "p2": 35.712782508492495, "p3": 33.76618144669301, "p4": 38.3997029855969, "pol1": -0.8097376587883762, "pol2": -0.46432790263506707, "pol3": 0.16282339503694065, "pol4": 0.5325869471832461, "v0s": 5.421908409872801}, "datetime": {"datetime": "2022-05-17 16:58:04", "elapsed": 76499.748005, "delta": 32.240296}}
{"target": -1.0, "params": {"Bgrad": 1.9992616126110478, "d1": -1.3777169452308708, "d2": 0.29195160268406184, "d3": -0.24240587238562528, "d4": -0.8607801687756367, "p1": 28.323079615677806, "p2": 10.852508880838652, "p3": 12.693915912823272, "p4": 28.54995228389314, "pol1": -0.8185460297009512, "pol2": -0.042001137804765776, "pol3": -0.6233336016714455, "pol4": 0.6148574164308336, "v0s": 2.5651082078979}, "datetime": {"datetime": "2022-05-17 16:58:46", "elapsed": 76542.010273, "delta": 42.262268}}
{"target": 4.572055418968196, "params": {"Bgrad": 0.7868002367172494, "d1": -1.666418439561646, "d2": 1.0, "d3": -2.0122265512900483, "d4": -2.240548426939654, "p1": 29.587636847450383, "p2": 29.939621198594775, "p3": 6.724247272357696, "p4": 44.60313424482324, "pol1": 1.0, "pol2": -1.0, "pol3": 0.7294091729241371, "pol4": 0.3113980612118367, "v0s": 4.572055418968196}, "datetime": {"datetime": "2022-05-17 16:59:26", "elapsed": 76581.588284, "delta": 39.578011}}
{"target": -1.0, "params": {"Bgrad": 0.5, "d1": -3.0, "d2": 0.9133668870944477, "d3": -3.0, "d4": 0.5661940129032997, "p1": 25.647692066464053, "p2": 13.226568600776178, "p3": 34.935528568295176, "p4": 23.6972346639547, "pol1": -0.47804641309547263, "pol2": -1.0, "pol3": -0.8611528594882025, "pol4": -0.125207619803149, "v0s": 5.80706426752034}, "datetime": {"datetime": "2022-05-17 16:59:55", "elapsed": 76611.09048, "delta": 29.502196}}
{"target": 4.045058700124314, "params": {"Bgrad": 1.0464719916713912, "d1": -2.914675952774788, "d2": -2.6680853597890817, "d3": -2.733666860672859, "d4": -1.6873462387292393, "p1": 6.7015716866649475, "p2": 6.540171665306555, "p3": 43.62602573531802, "p4": 18.367886504920694, "pol1": 0.7464471163251027, "pol2": -0.07883499924328041, "pol3": -0.3770363157780612, "pol4": -0.8974520681198606, "v0s": 4.045058700124314}, "datetime": {"datetime": "2022-05-17 17:00:30", "elapsed": 76645.693573, "delta": 34.603093}}
{"target": 4.605266889919553, "params": {"Bgrad": 1.791143428642507, "d1": -2.9490460100466467, "d2": 0.7459532176265964, "d3": -1.9013260961032263, "d4": -1.6877283322565466, "p1": 9.002715429940483, "p2": 36.157661468497594, "p3": 34.73626439846092, "p4": 37.03175087715321, "pol1": -0.5948292421863091, "pol2": 0.4942814014937249, "pol3": 0.7543390694187964, "pol4": 0.5887830737274904, "v0s": 4.605266889919553}, "datetime": {"datetime": "2022-05-17 17:01:09", "elapsed": 76684.430826, "delta": 38.737253}}
{"target": 4.390758543560929, "params": {"Bgrad": 1.5549970362978969, "d1": -2.899297355681019, "d2": 0.5757301913167324, "d3": -1.4748937195786898, "d4": -1.832211167492997, "p1": 29.154239814514728, "p2": 10.270711683523825, "p3": 12.98584582504071, "p4": 26.350236236330925, "pol1": 0.9294741815139783, "pol2": -0.017798160193532583, "pol3": -0.08133860488682015, "pol4": 1.0, "v0s": 4.390758543560929}, "datetime": {"datetime": "2022-05-17 17:01:37", "elapsed": 76712.241982, "delta": 27.811156}}
{"target": 4.129727122901872, "params": {"Bgrad": 1.5589345274812911, "d1": -3.0, "d2": 0.7884217897779334, "d3": -2.0622028225659226, "d4": -0.6016158819585095, "p1": 34.86192880555617, "p2": 6.667293679272682, "p3": 36.284337299759784, "p4": 7.341657380335868, "pol1": 0.405534391922703, "pol2": -1.0, "pol3": -0.11775058628116468, "pol4": -0.24556014450847705, "v0s": 4.129727122901872}, "datetime": {"datetime": "2022-05-17 17:02:15", "elapsed": 76750.62524, "delta": 38.383258}}
{"target": 4.907422910350135, "params": {"Bgrad": 2.0, "d1": -3.0, "d2": 1.0, "d3": -1.3103051727672415, "d4": -3.0, "p1": 43.25530093555309, "p2": 25.768385808060092, "p3": 18.193508217265048, "p4": 13.297792169869503, "pol1": -0.6247200317849648, "pol2": 0.19709604585303378, "pol3": 1.0, "pol4": 0.28540494252059906, "v0s": 4.907422910350135}, "datetime": {"datetime": "2022-05-17 17:02:58", "elapsed": 76793.30403, "delta": 42.67879}}
{"target": -1.0, "params": {"Bgrad": 1.367742533638225, "d1": -1.9305193509283076, "d2": 0.7685882192998776, "d3": -0.12362180964201386, "d4": -2.7765644436921706, "p1": 3.58619917074422, "p2": 30.262437003343557, "p3": 32.80474833531747, "p4": 36.914069950131214, "pol1": -0.28204964293946944, "pol2": -0.5822631775262253, "pol3": -0.9681181565734531, "pol4": -0.12169300364888302, "v0s": 4.00675655140373}, "datetime": {"datetime": "2022-05-17 17:03:29", "elapsed": 76825.201366, "delta": 31.897336}}
{"target": 4.857853175403541, "params": {"Bgrad": 0.6023366170840468, "d1": -3.0, "d2": 0.4143827597009482, "d3": -1.945197123635419, "d4": -2.012175389646933, "p1": 28.56620901303454, "p2": 9.894883901259798, "p3": 13.693909712576486, "p4": 26.29270865658525, "pol1": 0.9904066229610661, "pol2": 1.0, "pol3": -0.9712723394236441, "pol4": -0.0739193005411034, "v0s": 4.857853175403541}, "datetime": {"datetime": "2022-05-17 17:03:56", "elapsed": 76851.369418, "delta": 26.168052}}
