{"target": 2.1281424362041506, "params": {"I": 6.5210647239918496, "d1": -1.2492994437092788, "d2": 0.25853500628156034, "d3": -2.567913974232084, "d4": -1.6836127264467668, "p1": 28.852600202787865, "p2": 25.556957576918332, "p3": 33.38627875711984, "p4": 10.507079882060038, "pol1": 0.7469255833671564, "pol2": -0.6148845007699255, "pol3": -0.7285582980276413, "pol4": 0.3591803311607482, "v0s": 2.1281424362041506}, "datetime": {"datetime": "2022-01-24 11:58:13", "elapsed": 32875.001509, "delta": 621.289901}}
{"target": -1.0, "params": {"I": 2.289811922880661, "d1": -2.130398502006085, "d2": 0.5829125650752749, "d3": 0.1323364921686072, "d4": 0.458537048118036, "p1": 7.7751844527547185, "p2": 4.888134073644224, "p3": 39.47042843038589, "p4": 17.30235361270091, "pol1": -0.3887272279817102, "pol2": 0.659368880608652, "pol3": 0.4066096262936918, "pol4": 0.7021520262393188, "v0s": 5.729666117927968}, "datetime": {"datetime": "2022-01-24 12:02:14", "elapsed": 33116.135044, "delta": 241.133535}}
{"target": 2.080663058714924, "params": {"I": 1.091065277392766, "d1": -2.614249292718455, "d2": 0.01644967329771374, "d3": -1.692364126183624, "d4": -2.100230290229443, "p1": 6.611224874601923, "p2": 1.8483300321528673, "p3": 36.26625292389131, "p4": 14.021211215726852, "pol1": 0.16193399043278767, "pol2": -0.44338881527753493, "pol3": 0.23477706464349435, "pol4": 0.8868265974019471, "v0s": 2.080663058714924}, "datetime": {"datetime": "2022-01-24 12:15:03", "elapsed": 33884.915375, "delta": 768.780331}}
{"target": -1.0, "params": {"I": 3.4068690061574594, "d1": -2.872090519272688, "d2": -1.5720554336430612, "d3": -1.3642543040639756, "d4": -2.205023848982322, "p1": 3.8432318349983783, "p2": 0.9260990178773298, "p3": 37.76459594726502, "p4": 12.783494779364407, "pol1": -0.1303833118168123, "pol2": -0.6635484576161423, "pol3": -0.872351997274377, "pol4": -0.8280244125605687, "v0s": 4.663622850964892}, "datetime": {"datetime": "2022-01-24 12:22:05", "elapsed": 34306.892351, "delta": 421.976976}}
{"target": 2.0141389058046024, "params": {"I": 4.95166775695513, "d1": -0.17400763052063217, "d2": 0.7879382341428083, "d3": -2.5097887943933577, "d4": -2.1306848259894817, "p1": 30.343150379330307, "p2": 26.088575728106907, "p3": 31.137034925892998, "p4": 11.236944952735323, "pol1": 0.7145261025588139, "pol2": 0.12672373419103322, "pol3": 0.4818873830729713, "pol4": -0.3020303873422543, "v0s": 2.0141389058046024}, "datetime": {"datetime": "2022-01-24 12:26:36", "elapsed": 34577.809489, "delta": 270.917138}}
{"target": 4.836856618245488, "params": {"I": 2.203069855935287, "d1": -2.473949467508392, "d2": -0.7042422044115442, "d3": -2.805348033208209, "d4": -1.7571800902224242, "p1": 11.758973789290083, "p2": 1.4819236091073928, "p3": 36.48337170080109, "p4": 19.635336940879576, "pol1": 0.7828711223989497, "pol2": 0.8015311122190217, "pol3": 0.578523448462876, "pol4": -0.0388952239520467, "v0s": 4.836856618245488}, "datetime": {"datetime": "2022-01-24 12:29:24", "elapsed": 34745.769603, "delta": 167.960114}}
{"target": -1.0, "params": {"I": 2.3450833248703518, "d1": 0.4424728275111849, "d2": -1.7527092583994581, "d3": -2.5692432753033554, "d4": -2.283153843757336, "p1": 12.470434039438377, "p2": 38.733330982135, "p3": 49.32229844278801, "p4": 12.795198702034844, "pol1": -0.6731156369427733, "pol2": 0.8635549446159108, "pol3": -0.12199653400612043, "pol4": -0.5245876963177052, "v0s": 2.1791131982828156}, "datetime": {"datetime": "2022-01-24 12:34:16", "elapsed": 35037.373726, "delta": 291.604123}}
{"target": -1.0, "params": {"I": 3.5151013115853935, "d1": -1.3250860397757713, "d2": -2.123171806366056, "d3": -0.43923312748519105, "d4": -0.9145010426294569, "p1": 9.943054810404456, "p2": 4.2337099710500485, "p3": 41.23787998566581, "p4": 15.493334833232558, "pol1": -0.21794623629106513, "pol2": 0.9178878598677407, "pol3": 0.22172809522166936, "pol4": 0.034233265242201716, "v0s": 2.53795215915369}, "datetime": {"datetime": "2022-01-24 12:50:37", "elapsed": 36018.354042, "delta": 980.980316}}
{"target": 2.3529310678652466, "params": {"I": 7.003042317662003, "d1": -1.5832041007328956, "d2": -1.0400014173416237, "d3": 0.7725919914830688, "d4": -1.6279257282280404, "p1": 33.138619179110826, "p2": 28.237591616136843, "p3": 35.12645520111599, "p4": 11.987531314230326, "pol1": -0.3831065446015247, "pol2": -0.5616690328737053, "pol3": 0.16997488714133935, "pol4": 0.21946649227122017, "v0s": 2.3529310678652466}, "datetime": {"datetime": "2022-01-24 13:00:48", "elapsed": 36629.776413, "delta": 611.422371}}
{"target": -1.0, "params": {"I": 7.321873529747063, "d1": -1.6476302595327583, "d2": -1.7092908568489942, "d3": 0.1871274675285366, "d4": -0.9783662095268673, "p1": 32.63165184907671, "p2": 26.09752548559791, "p3": 32.46678228932321, "p4": 11.654194526148814, "pol1": 0.11934641174902527, "pol2": -0.5310347570750564, "pol3": 0.817318308217619, "pol4": 0.3888821505284994, "v0s": 3.5338502126652553}, "datetime": {"datetime": "2022-01-24 13:04:39", "elapsed": 36861.195079, "delta": 231.418666}}
{"target": 6.302649739473557, "params": {"I": 4.290121917859686, "d1": -2.2072608161346823, "d2": -0.676690335186036, "d3": -0.6203433050846594, "d4": -1.137249339410522, "p1": 6.890231008328229, "p2": 2.1801623592034582, "p3": 34.033890224881766, "p4": 12.036694517295848, "pol1": 0.015636918770747466, "pol2": -0.41900997643963844, "pol3": 0.0023894179444234886, "pol4": -0.853029708853182, "v0s": 6.302649739473557}, "datetime": {"datetime": "2022-01-24 13:31:02", "elapsed": 38443.36087, "delta": 1582.165791}}
{"target": 2.370800832139939, "params": {"I": 6.128620133436397, "d1": -1.9853572388956557, "d2": -0.7825928425653035, "d3": -1.1087239003772158, "d4": -2.8967306550358343, "p1": 28.600463349307205, "p2": 28.943106435586362, "p3": 33.446436514260036, "p4": 13.64574911852634, "pol1": 0.744354848975882, "pol2": 0.41722650663852323, "pol3": -0.11456169150204287, "pol4": 0.9401950485641328, "v0s": 2.370800832139939}, "datetime": {"datetime": "2022-01-24 13:32:41", "elapsed": 38543.187487, "delta": 99.826617}}
{"target": -1.0, "params": {"I": 5.88682863264387, "d1": -1.4775728303793998, "d2": -0.2549772046189358, "d3": -2.869774027700765, "d4": -1.6756441516008147, "p1": 11.215793383384531, "p2": 6.9410152067885535, "p3": 45.14062466462273, "p4": 17.485538727204286, "pol1": -0.1486291751934068, "pol2": -0.6977447884650096, "pol3": 0.2585393224089101, "pol4": 0.8334203038441772, "v0s": 6.763800993249579}, "datetime": {"datetime": "2022-01-24 13:38:06", "elapsed": 38867.682757, "delta": 324.49527}}
{"target": -1.0, "params": {"I": 3.6509749090399564, "d1": -2.832168355488606, "d2": -0.5791408835353868, "d3": -1.891264982868893, "d4": -1.2230783129209897, "p1": 6.4381218359307715, "p2": 5.341092279473009, "p3": 40.40201454524733, "p4": 15.111883263110965, "pol1": 0.7969750870744374, "pol2": 0.7305209636511267, "pol3": 0.5713231842050122, "pol4": -0.30294136312496334, "v0s": 6.4239693629334615}, "datetime": {"datetime": "2022-01-24 13:48:20", "elapsed": 39482.220622, "delta": 614.537865}}
{"target": -1.0, "params": {"I": 3.222437925786017, "d1": -1.7932638842204351, "d2": -1.6843740021052307, "d3": -1.6624603392096624, "d4": -2.7394301257178886, "p1": 9.606378537561099, "p2": 4.344525888069834, "p3": 33.89332428603001, "p4": 14.559187894107728, "pol1": -0.8066859432269937, "pol2": -0.0894771783085131, "pol3": -0.451485232871615, "pol4": 0.034673518226450595, "v0s": 3.969253102212937}, "datetime": {"datetime": "2022-01-24 13:54:26", "elapsed": 39847.31522, "delta": 365.094598}}
{"target": -1.0, "params": {"I": 5.971135633015516, "d1": -2.1710981126296724, "d2": -2.64006829406897, "d3": -1.0039994732928825, "d4": -1.763207032487816, "p1": 6.9452681606943125, "p2": 4.552789305676441, "p3": 31.29990037627467, "p4": 13.29702646336513, "pol1": -0.4347900684415602, "pol2": -0.42206880418562953, "pol3": 0.7133366459302626, "pol4": -0.10601857675341786, "v0s": 6.746499116454386}, "datetime": {"datetime": "2022-01-24 13:57:39", "elapsed": 40040.690895, "delta": 193.375675}}
{"target": -1.0, "params": {"I": 7.059017816477231, "d1": -0.47615285737419777, "d2": -1.7186136536188545, "d3": 0.8338233706919262, "d4": -0.15557051295599278, "p1": 7.070499885065451, "p2": 5.205817352379394, "p3": 45.013187641469976, "p4": 15.573846432708095, "pol1": 0.2505687332576094, "pol2": 0.21641651131853568, "pol3": 0.8226211557022669, "pol4": 0.03211417570258268, "v0s": 6.094270517632285}, "datetime": {"datetime": "2022-01-24 14:12:26", "elapsed": 40927.486174, "delta": 886.795279}}
{"target": -1.0, "params": {"I": 2.172537136564804, "d1": 0.0361978269914518, "d2": -1.5368490268458173, "d3": 0.2898596760116492, "d4": -2.2473676835147156, "p1": 13.567282832110383, "p2": 0.48870118036925536, "p3": 36.19975531444877, "p4": 20.140142836235686, "pol1": 0.04607228398951402, "pol2": 0.17346912657597557, "pol3": -0.8537732039305843, "pol4": -0.8885000688278306, "v0s": 2.8534491151737287}, "datetime": {"datetime": "2022-01-24 14:16:06", "elapsed": 41147.593161, "delta": 220.106987}}
{"target": 4.185383212611324, "params": {"I": 4.554483268071839, "d1": -0.48562362222930977, "d2": 0.37474171411542034, "d3": -1.2723626057214448, "d4": 0.42956743410571896, "p1": 3.6129050741531774, "p2": 4.992870893569323, "p3": 44.0038651859713, "p4": 15.123520048633388, "pol1": 0.7732862203770254, "pol2": 0.940320270695481, "pol3": -0.15605135116511293, "pol4": 0.022726420435257744, "v0s": 4.185383212611324}, "datetime": {"datetime": "2022-01-24 14:49:41", "elapsed": 43162.372311, "delta": 2014.77915}}
{"target": -1.0, "params": {"I": 3.909031124061139, "d1": -2.985546706743497, "d2": 0.7824015797037691, "d3": 0.1106165823816454, "d4": 0.017221566892264395, "p1": 5.656842828436587, "p2": 3.0003714583690275, "p3": 33.59573416214849, "p4": 11.37372524413291, "pol1": -0.2367330476534253, "pol2": -0.3988397351123618, "pol3": 0.3874592844331659, "pol4": 0.35698334212805616, "v0s": 4.20604923479474}, "datetime": {"datetime": "2022-01-24 14:52:57", "elapsed": 43359.237521, "delta": 196.86521}}
{"target": -1.0, "params": {"I": 1.2175538916597515, "d1": -1.980035479467618, "d2": -1.6557291618773085, "d3": -2.7122206666901154, "d4": -1.251313875958592, "p1": 5.879383743835687, "p2": 0.14884837409572804, "p3": 35.07403583565096, "p4": 11.77326463879086, "pol1": -0.23288594163938559, "pol2": -0.8947873720247406, "pol3": -0.5282412617154817, "pol4": -0.3840655735346705, "v0s": 5.647119467691645}, "datetime": {"datetime": "2022-01-24 14:57:51", "elapsed": 43652.926189, "delta": 293.688668}}
{"target": -1.0, "params": {"I": 2.781340458152826, "d1": -1.2050568972817093, "d2": 0.3171263529936894, "d3": 0.20056202121848843, "d4": -0.28726184066668026, "p1": 3.003880117465696, "p2": 4.024152861330493, "p3": 43.502582127136854, "p4": 16.905463608483135, "pol1": -0.690564934293262, "pol2": -0.9254841982072579, "pol3": 0.43874284700392363, "pol4": 0.6207177588385107, "v0s": 2.338788817509391}, "datetime": {"datetime": "2022-01-24 15:03:11", "elapsed": 43972.766012, "delta": 319.839823}}
{"target": -1.0, "params": {"I": 3.7347604483283834, "d1": -1.5614035424677462, "d2": -2.6128769761024633, "d3": -0.22671449910118158, "d4": -1.6406585581305868, "p1": 5.186947330648661, "p2": 1.4472399240813505, "p3": 34.215311902714376, "p4": 8.107798569920671, "pol1": -0.7269505680585471, "pol2": -0.597047392036943, "pol3": 0.29995765451430145, "pol4": 0.45798183324607944, "v0s": 7.646113312065901}, "datetime": {"datetime": "2022-01-24 15:06:23", "elapsed": 44164.748071, "delta": 191.982059}}
{"target": 3.6925736459494365, "params": {"I": 4.181814517726493, "d1": -1.8607661134886437, "d2": 0.6079200432862177, "d3": -1.5771479364680734, "d4": -0.5669314390716407, "p1": 9.176029119281043, "p2": 6.43488376788709, "p3": 43.31188282477846, "p4": 16.803044809274546, "pol1": -0.8852214214262413, "pol2": -0.873623687154651, "pol3": 0.7877023639201168, "pol4": -0.35602580193766054, "v0s": 3.6925736459494365}, "datetime": {"datetime": "2022-01-24 15:20:38", "elapsed": 45019.465256, "delta": 854.717185}}
{"target": -1.0, "params": {"I": 2.8141228872698165, "d1": 0.058011073533633835, "d2": -0.8157314413022182, "d3": -1.7518438810454395, "d4": -1.7208078625571301, "p1": 6.839083114452648, "p2": 4.017830854175309, "p3": 39.499750565007915, "p4": 15.045490208127159, "pol1": -0.3183426145609297, "pol2": 0.3242750504787698, "pol3": 0.6261010236836093, "pol4": -0.6779504137180803, "v0s": 3.0291698098872013}, "datetime": {"datetime": "2022-01-24 15:22:31", "elapsed": 45132.998119, "delta": 113.532863}}
{"target": -1.0, "params": {"I": 5.766772649204496, "d1": 0.06835136914262296, "d2": 0.9116713892946935, "d3": 0.5239403825054123, "d4": -0.5665450081864196, "p1": 8.443436274736971, "p2": 6.688599286279739, "p3": 45.17709240685509, "p4": 13.236882875910695, "pol1": -0.3353448034917532, "pol2": 0.3387760332641099, "pol3": 0.35575540098099334, "pol4": 0.1177293089486533, "v0s": 4.125863937724801}, "datetime": {"datetime": "2022-01-24 15:25:45", "elapsed": 45326.745674, "delta": 193.747555}}
{"target": -1.0, "params": {"I": 6.380576820859396, "d1": 0.6220844293033028, "d2": -0.6274744564775747, "d3": -1.1133089759009698, "d4": -0.7501581260644961, "p1": 6.095004551129158, "p2": 2.731550133142835, "p3": 42.396099843933186, "p4": 13.800817506155694, "pol1": 0.049018751085188716, "pol2": -0.550867286230053, "pol3": -0.5242928750484337, "pol4": -0.2558733799313042, "v0s": 4.467388936414704}, "datetime": {"datetime": "2022-01-24 15:35:05", "elapsed": 45886.498095, "delta": 559.752421}}
{"target": -1.0, "params": {"I": 3.6927629254596726, "d1": -2.1021122439556748, "d2": 0.7684702079979182, "d3": 0.18416017546092034, "d4": -1.406840766165482, "p1": 2.865942997276721, "p2": 4.417412035228146, "p3": 36.600912371007, "p4": 14.805402713287535, "pol1": 0.3801469898398142, "pol2": -0.3725919197355094, "pol3": 0.9131546098692862, "pol4": 0.8474553181171862, "v0s": 5.06305094865444}, "datetime": {"datetime": "2022-01-24 15:39:13", "elapsed": 46134.490362, "delta": 247.992267}}
{"target": -1.0, "params": {"I": 2.185316098523449, "d1": -1.4953311765710202, "d2": -1.7312739589958794, "d3": -0.9497658489192475, "d4": -1.3239993848208713, "p1": 7.430756945220712, "p2": 1.4968339224775529, "p3": 37.05239424419622, "p4": 13.291020295724998, "pol1": 0.23694373436144978, "pol2": 0.8914580203959646, "pol3": -0.4793437121073987, "pol4": 0.39070417916028033, "v0s": 7.020076711556211}, "datetime": {"datetime": "2022-01-24 15:44:39", "elapsed": 46460.344411, "delta": 325.854049}}
{"target": 2.4242579898989725, "params": {"I": 6.410723813701657, "d1": -1.4043371877601407, "d2": 0.724998129728641, "d3": -0.9757521737154122, "d4": -1.7477687804540976, "p1": 29.659595556208412, "p2": 25.383117444814502, "p3": 34.97825603555555, "p4": 13.61302716853579, "pol1": 0.23778216386432405, "pol2": -0.6521804335814281, "pol3": -0.17075838603725169, "pol4": -0.6272360173444906, "v0s": 2.4242579898989725}, "datetime": {"datetime": "2022-01-24 16:11:05", "elapsed": 48046.464876, "delta": 1586.120465}}
{"target": 6.379104405852432, "params": {"I": 3.2191677490308934, "d1": -2.7044640314695663, "d2": -0.030548153415205448, "d3": -0.2743567308377548, "d4": -1.8752052270095936, "p1": 9.083328080391729, "p2": 2.919946452031519, "p3": 34.42436065694787, "p4": 9.953672907611082, "pol1": -0.05136199511819117, "pol2": 0.4553126069921307, "pol3": 0.8728068147369612, "pol4": -0.393882445876258, "v0s": 6.379104405852432}, "datetime": {"datetime": "2022-01-24 16:27:55", "elapsed": 49056.768584, "delta": 1010.303708}}
{"target": -1.0, "params": {"I": 5.164610116155039, "d1": -0.1445373435390973, "d2": 0.6086809768961374, "d3": -0.9448777318129862, "d4": -0.5486307959698813, "p1": 0.7195319712440862, "p2": 4.151551462267101, "p3": 44.39469353272785, "p4": 13.873493901000932, "pol1": 0.6138279092544985, "pol2": -0.58757132070024, "pol3": -0.8673804872121633, "pol4": -0.6424208729754834, "v0s": 5.35537453987412}, "datetime": {"datetime": "2022-01-24 16:35:37", "elapsed": 49518.994524, "delta": 462.22594}}
{"target": 4.756963925055437, "params": {"I": 5.634558860680451, "d1": -1.764919797467991, "d2": -0.028960599007982424, "d3": -1.385398327577361, "d4": -0.9468026089946843, "p1": 7.823231780628363, "p2": 4.221943585274391, "p3": 44.40421908516624, "p4": 15.740923625786966, "pol1": 0.07940387864638782, "pol2": -0.014953054604990178, "pol3": 0.044921736172451966, "pol4": 0.3743111690698105, "v0s": 4.756963925055437}, "datetime": {"datetime": "2022-01-24 17:09:49", "elapsed": 51570.364083, "delta": 2051.369559}}
{"target": -1.0, "params": {"I": 4.544641358545821, "d1": -0.14714457197345077, "d2": -2.2051951308588627, "d3": -1.2142642102207533, "d4": 0.5923915601290859, "p1": 30.473948008444584, "p2": 26.739408705079736, "p3": 33.723265456613554, "p4": 11.728002347317156, "pol1": -0.8937066815068675, "pol2": 0.45444524588079327, "pol3": -0.7895560944410436, "pol4": 0.12969868629804426, "v0s": 3.20954811894532}, "datetime": {"datetime": "2022-01-24 17:13:18", "elapsed": 51779.94411, "delta": 209.580027}}
{"target": 2.465577515656279, "params": {"I": 6.87534434086479, "d1": -1.231150082828794, "d2": -0.1293970672046072, "d3": -0.06391440005592708, "d4": -1.1655409209787067, "p1": 28.912510921979628, "p2": 26.13630205110033, "p3": 30.329051580742178, "p4": 10.823116008522165, "pol1": 0.6652345207631303, "pol2": -0.2930573178708067, "pol3": -0.3281516695509592, "pol4": -0.8831375664379626, "v0s": 2.465577515656279}, "datetime": {"datetime": "2022-01-24 17:33:39", "elapsed": 53000.371842, "delta": 1220.427732}}
{"target": -1.0, "params": {"I": 4.770517815151784, "d1": -0.6959952822068369, "d2": -0.3206126789874477, "d3": -0.3855815284428683, "d4": 0.2737379464910452, "p1": 6.949647502203815, "p2": 4.049793074528302, "p3": 44.087890211848226, "p4": 15.716165035957246, "pol1": 0.223213059620895, "pol2": 0.21584753699488224, "pol3": 0.4367458638939836, "pol4": 0.9135935638652697, "v0s": 3.767159918993154}, "datetime": {"datetime": "2022-01-24 17:40:06", "elapsed": 53387.572144, "delta": 387.200302}}
{"target": -1.0, "params": {"I": 6.59599213540673, "d1": -2.2844039594244423, "d2": -2.0634091560526637, "d3": -1.545829470865974, "d4": -2.02699136419378, "p1": 27.274955432785774, "p2": 28.218281822820906, "p3": 36.6762436140907, "p4": 10.4335975780744, "pol1": -0.14558591047893987, "pol2": 0.11208017093860234, "pol3": -0.2678675826584491, "pol4": -0.07396335143475952, "v0s": 4.899980533043027}, "datetime": {"datetime": "2022-01-24 17:45:18", "elapsed": 53700.039986, "delta": 312.467842}}
{"target": -1.0, "params": {"I": 1.5966118885028826, "d1": -2.0697807488098094, "d2": -2.7002637064670334, "d3": -2.7034735381021293, "d4": 0.3556562459907342, "p1": 9.768624555469142, "p2": 3.246476000225779, "p3": 35.605458369355254, "p4": 20.831431811162755, "pol1": -0.7149609285874805, "pol2": -0.24284409177370625, "pol3": 0.711932819539659, "pol4": -0.9148372110920828, "v0s": 3.0268641150228963}, "datetime": {"datetime": "2022-01-24 17:48:19", "elapsed": 53880.786057, "delta": 180.746071}}
{"target": 2.554708774174359, "params": {"I": 6.859812442547603, "d1": 0.5301481269973727, "d2": -1.6915696641866655, "d3": -0.917696171984018, "d4": -2.754084101208349, "p1": 31.409169175555103, "p2": 28.241311196806755, "p3": 37.644593166026915, "p4": 8.969039616005093, "pol1": -0.2224538520978352, "pol2": -0.7713023337886551, "pol3": -0.35628115972006036, "pol4": 0.8009003683000961, "v0s": 2.554708774174359}, "datetime": {"datetime": "2022-01-24 18:24:25", "elapsed": 56047.211884, "delta": 2166.425827}}
