{"target": -1.0, "params": {"Bgrad": 1.3938212454458558, "d1": 0.8035680653001775, "d2": -2.167997124698775, "d3": -0.585283758002511, "d4": -0.3998487403546154, "p1": 14.055392541019069, "p2": 27.85547973576425, "p3": 33.68200574435102, "p4": 8.214840561328202, "pol1": -0.39070353581198636, "pol2": -0.3468344357818667, "pol3": 0.673121381283349, "pol4": -0.91815089445009, "v0s": 5.192612536080319}, "datetime": {"datetime": "2022-06-13 05:54:21", "elapsed": 13908.606166, "delta": 13.763214}}
{"target": -1.0, "params": {"Bgrad": 1.1220860276283942, "d1": -0.3886078473988883, "d2": -2.3280575317689047, "d3": 0.8463980285740988, "d4": 0.6326307511308515, "p1": 13.949669892356697, "p2": 49.90924882460676, "p3": 21.413356295938748, "p4": 32.599480489359344, "pol1": -0.32243983314268476, "pol2": -0.4470198855702687, "pol3": -0.15490964615173985, "pol4": 0.872683157205353, "v0s": 4.326313109143835}, "datetime": {"datetime": "2022-06-13 05:54:36", "elapsed": 13923.679876, "delta": 15.07371}}
{"target": -1.0, "params": {"Bgrad": 1.2205439133159808, "d1": -1.9693355268137411, "d2": -1.183495845377473, "d3": -0.6345162984190993, "d4": -0.8809807197716606, "p1": 29.755994614627024, "p2": 10.996556429791571, "p3": 42.22138193221992, "p4": 23.238788912304077, "pol1": -0.4597025880103134, "pol2": -0.2189202520338691, "pol3": -0.7115691781536797, "pol4": 0.37904850457640027, "v0s": 7.506161613774776}, "datetime": {"datetime": "2022-06-13 05:54:49", "elapsed": 13936.983321, "delta": 13.303445}}
{"target": -1.0, "params": {"Bgrad": 0.5680750811721509, "d1": -0.5358575339065741, "d2": -0.9405664666525051, "d3": -2.87027930266645, "d4": -0.7459354416774415, "p1": 38.185188200588065, "p2": 27.341316184346514, "p3": 19.89592626617755, "p4": 33.99573853363244, "pol1": 0.7057104617466767, "pol2": 0.42077792093501465, "pol3": -0.42072253902889356, "pol4": 0.12967501996492503, "v0s": 4.640114432840326}, "datetime": {"datetime": "2022-06-13 05:55:00", "elapsed": 13947.157125, "delta": 10.173804}}
{"target": -1.0, "params": {"Bgrad": 1.978464264255102, "d1": -2.490113699169926, "d2": -2.839726840621147, "d3": -0.4967811266237119, "d4": -1.0901495371043297, "p1": 8.424388315888425, "p2": 33.96500969710556, "p3": 1.1431212135847468, "p4": 26.491665589351136, "pol1": -0.8671586126959219, "pol2": -0.7542754117681791, "pol3": 0.20276911586095325, "pol4": -0.7165534885492959, "v0s": 4.3540266172033055}, "datetime": {"datetime": "2022-06-13 05:55:13", "elapsed": 13960.457576, "delta": 13.300451}}
{"target": 4.1259780886711575, "params": {"Bgrad": 1.916800085369427, "d1": -2.9105695435099093, "d2": -0.4408442383482116, "d3": -0.5870101024514258, "d4": -2.9861510790511088, "p1": 18.40660046428782, "p2": 19.421397719067112, "p3": 20.6643693940127, "p4": 46.26203151167386, "pol1": 0.3484771416257555, "pol2": -0.9033743202015887, "pol3": 0.35557973293386325, "pol4": 0.38396806624557067, "v0s": 4.1259780886711575}, "datetime": {"datetime": "2022-06-13 05:55:22", "elapsed": 13969.62208, "delta": 9.164504}}
{"target": -1.0, "params": {"Bgrad": 1.3633042266665019, "d1": -1.092989520133962, "d2": 0.9190789314464363, "d3": -2.717051463934634, "d4": 0.46966252840303646, "p1": 28.925989107006917, "p2": 43.823777285628566, "p3": 2.785680517656747, "p4": 4.957676071080186, "pol1": 0.7261894354939085, "pol2": 0.1407680528947628, "pol3": 0.11698760217971094, "pol4": -0.9739746641167497, "v0s": 5.853516824698636}, "datetime": {"datetime": "2022-06-15 15:45:46", "elapsed": 222193.260149, "delta": 208223.638069}}
{"target": -1.0, "params": {"Bgrad": 1.7714967221563762, "d1": 0.9845047643961355, "d2": -1.2681808371305534, "d3": -1.7543638157665278, "d4": -1.3809187000710237, "p1": 11.401254815550349, "p2": 11.304929236677374, "p3": 21.682180433259944, "p4": 34.226975410842954, "pol1": 0.32147457718500094, "pol2": 0.5449803365240689, "pol3": -0.5663706238589523, "pol4": 0.45741275746564347, "v0s": 6.771522964514541}, "datetime": {"datetime": "2022-06-15 15:46:00", "elapsed": 222207.908995, "delta": 14.648846}}
{"target": -1.0, "params": {"Bgrad": 1.3427192961258556, "d1": -1.1373172401919, "d2": -2.367200512614738, "d3": -2.814188595825048, "d4": -1.144671408908358, "p1": 32.71510401126092, "p2": 10.627315827407745, "p3": 19.997480243785056, "p4": 24.88189422549067, "pol1": 0.9098079133043919, "pol2": 0.7548902571620637, "pol3": 0.748099296257029, "pol4": 0.9932010776798188, "v0s": 6.640719698842729}, "datetime": {"datetime": "2022-06-15 15:46:14", "elapsed": 222221.406918, "delta": 13.497923}}
{"target": -1.0, "params": {"Bgrad": 0.8045898170898145, "d1": 0.35954936266052906, "d2": -2.335007005855902, "d3": 0.5563483187592411, "d4": -1.6456808162614536, "p1": 14.397233195337888, "p2": 30.311149995593254, "p3": 3.030577323700956, "p4": 45.35440873017323, "pol1": -0.23785860326926866, "pol2": 0.5799663418042125, "pol3": 0.42109487030591986, "pol4": 0.40829626001463715, "v0s": 5.195757001341857}, "datetime": {"datetime": "2022-06-15 15:46:23", "elapsed": 222230.364974, "delta": 8.958056}}
{"target": -1.0, "params": {"Bgrad": 1.2000132656677254, "d1": -0.4184082714596431, "d2": -0.23369117141540618, "d3": -2.0567272188868713, "d4": 0.015232833180387928, "p1": 46.830858409287615, "p2": 40.754882381927835, "p3": 36.530483441756466, "p4": 41.08554694161335, "pol1": -0.9860901649210738, "pol2": -0.6503519067904717, "pol3": -0.3160415969672594, "pol4": 0.46703626781071916, "v0s": 7.870239735113847}, "datetime": {"datetime": "2022-06-15 15:46:36", "elapsed": 222243.198672, "delta": 12.833698}}
{"target": -1.0, "params": {"Bgrad": 1.5993167700153936, "d1": -1.0840282686872742, "d2": 0.6842072476995646, "d3": -1.489203439742178, "d4": -0.4332374700441397, "p1": 0.07522350927156585, "p2": 8.96797722189685, "p3": 14.741938444644331, "p4": 19.349489921226258, "pol1": -0.08035898605365621, "pol2": 0.5934375179082336, "pol3": -0.4403088320537949, "pol4": -0.834676829691182, "v0s": 5.1282207457721345}, "datetime": {"datetime": "2022-06-15 15:46:53", "elapsed": 222260.495441, "delta": 17.296769}}
{"target": 2.7312921630564526, "params": {"Bgrad": 1.9717279822191478, "d1": -1.3969661140451208, "d2": -1.971235672632599, "d3": 0.10536599513760603, "d4": -0.5376658529089853, "p1": 0.3774168113232723, "p2": 49.31025524865599, "p3": 24.445926621055747, "p4": 15.201093543405687, "pol1": 0.3301541019633891, "pol2": -0.4288784375709376, "pol3": -0.07291213742761338, "pol4": 0.3036421426525173, "v0s": 2.7312921630564526}, "datetime": {"datetime": "2022-06-15 15:46:56", "elapsed": 222263.07355, "delta": 2.578109}}
{"target": -1.0, "params": {"Bgrad": 1.200834689646655, "d1": -0.0591770262698712, "d2": 0.8420721614901248, "d3": -2.9144420319361393, "d4": 0.3299168420448271, "p1": 46.95730099683343, "p2": 49.290891018135916, "p3": 46.89158175094521, "p4": 6.4625704038744844, "pol1": 0.7720403878888102, "pol2": -0.6942757412083422, "pol3": -0.27896728601358456, "pol4": -0.2776761230371094, "v0s": 3.6787123536236255}, "datetime": {"datetime": "2022-06-15 15:47:13", "elapsed": 222280.634147, "delta": 17.560597}}
{"target": -1.0, "params": {"Bgrad": 1.032206365781195, "d1": -0.82799374068476, "d2": -2.6859319333690244, "d3": -1.5085213155552237, "d4": -0.6671244759994432, "p1": 6.7124704989862725, "p2": 12.149397264598205, "p3": 15.638954127882704, "p4": 3.72669255917521, "pol1": 0.6153815906039912, "pol2": -0.4732050543477595, "pol3": -0.17879798160894023, "pol4": -0.18917426812127935, "v0s": 3.8284138177289195}, "datetime": {"datetime": "2022-06-15 15:47:27", "elapsed": 222294.410326, "delta": 13.776179}}
{"target": -1.0, "params": {"Bgrad": 0.6916070704691171, "d1": 0.574237496287394, "d2": -0.2744206084946015, "d3": -1.9324341522983755, "d4": -2.6302762925065237, "p1": 6.174750804276452, "p2": 13.82182006826896, "p3": 2.4521739432754597, "p4": 7.2573431978509735, "pol1": -0.049940904859316015, "pol2": 0.8719588050298761, "pol3": -0.13186202863737773, "pol4": 0.41828090897027925, "v0s": 5.421830444717823}, "datetime": {"datetime": "2022-06-15 15:47:36", "elapsed": 222303.237743, "delta": 8.827417}}
{"target": 2.443706503756286, "params": {"Bgrad": 1.9643662783817368, "d1": -2.2871551715031933, "d2": -0.04357966668622293, "d3": -1.5983732205711072, "d4": 0.9648484143222773, "p1": 17.640586755330013, "p2": 48.93915912627863, "p3": 43.018572349507096, "p4": 29.886832998855734, "pol1": -0.9451040865968352, "pol2": -0.6289359011017857, "pol3": -0.886976449024512, "pol4": 0.5849235231681413, "v0s": 2.443706503756286}, "datetime": {"datetime": "2022-06-15 15:47:48", "elapsed": 222315.901907, "delta": 12.664164}}
{"target": -1.0, "params": {"Bgrad": 1.679689153505286, "d1": -2.88819260384082, "d2": -1.9791749877743312, "d3": -1.8096664534378588, "d4": -0.7415740385265854, "p1": 28.103062199329038, "p2": 44.37004823011977, "p3": 31.868872002166516, "p4": 8.073101518090976, "pol1": -0.9460104141512271, "pol2": 0.5239649959086445, "pol3": 0.07113759563366395, "pol4": 0.15725829910014233, "v0s": 4.4846302871981605}, "datetime": {"datetime": "2022-06-15 15:48:05", "elapsed": 222332.5534, "delta": 16.651493}}
{"target": -1.0, "params": {"Bgrad": 1.3847226321467034, "d1": -1.3774744877732958, "d2": -1.2172303780992464, "d3": -0.629041455964833, "d4": -1.030621957858695, "p1": 2.9551695477436466, "p2": 48.839485395778084, "p3": 42.75688200060232, "p4": 18.954281391406436, "pol1": 0.09304968543897019, "pol2": 0.8657486532791934, "pol3": -0.20406931659845018, "pol4": 0.8895453987353252, "v0s": 2.1829176571135798}, "datetime": {"datetime": "2022-06-15 15:48:09", "elapsed": 222336.32831, "delta": 3.77491}}
{"target": -1.0, "params": {"Bgrad": 1.61869928335275, "d1": 0.18802644425321668, "d2": -2.2246595494850605, "d3": -2.348532898830157, "d4": -0.6356868573945023, "p1": 23.984585592891865, "p2": 29.32713012119905, "p3": 6.613554844061542, "p4": 13.886853488501044, "pol1": -0.8606552785407513, "pol2": -0.784006554681445, "pol3": 0.43275535512219765, "pol4": -0.9471960889513007, "v0s": 5.237901932596975}, "datetime": {"datetime": "2022-06-15 15:48:23", "elapsed": 222350.155353, "delta": 13.827043}}
{"target": -1.0, "params": {"Bgrad": 0.9479944844550572, "d1": 0.47398920066693506, "d2": -0.8198444900567456, "d3": 0.9901909381795808, "d4": -0.7556964375229369, "p1": 28.104890648009167, "p2": 16.755334900774894, "p3": 12.616246700122963, "p4": 21.368483878366686, "pol1": -0.5456492910078561, "pol2": -0.8582479848245235, "pol3": -0.14989753343184553, "pol4": -0.7871658136969477, "v0s": 6.338724887605274}, "datetime": {"datetime": "2022-06-15 15:48:36", "elapsed": 222363.956465, "delta": 13.801112}}
{"target": -1.0, "params": {"Bgrad": 0.9475910429012435, "d1": -1.0385533652019276, "d2": -2.217666871000506, "d3": -0.2766939643613049, "d4": 0.323304587221251, "p1": 11.020339298266823, "p2": 0.39043345469196855, "p3": 12.545215422939188, "p4": 31.381815111879042, "pol1": -0.3783663455251163, "pol2": 0.6724122766198442, "pol3": 0.7054783985757309, "pol4": -0.25651887440687315, "v0s": 4.192006952119603}, "datetime": {"datetime": "2022-06-15 15:48:50", "elapsed": 222377.476329, "delta": 13.519864}}
{"target": -1.0, "params": {"Bgrad": 0.5248438575864314, "d1": -0.801285006501038, "d2": -2.3829176236454144, "d3": -2.549281847465962, "d4": -2.786647482980608, "p1": 8.964190370767506, "p2": 7.796540548254704, "p3": 1.7745189618130042, "p4": 49.121622725960194, "pol1": 0.3166090029975428, "pol2": -0.22601185683507463, "pol3": -0.8750290432667935, "pol4": -0.9055093826282756, "v0s": 6.829714608239972}, "datetime": {"datetime": "2022-06-15 15:48:58", "elapsed": 222386.022486, "delta": 8.546157}}
{"target": 5.060265418477972, "params": {"Bgrad": 1.1341697088899267, "d1": -2.566959073618851, "d2": -2.331863447891274, "d3": -0.27922186913129377, "d4": -1.291063430281334, "p1": 4.840414498159062, "p2": 19.600482996485173, "p3": 2.2377908465259777, "p4": 13.55130613311285, "pol1": 0.006159396895189628, "pol2": -0.08504142746403032, "pol3": 0.5372692085524777, "pol4": -0.6795393366164821, "v0s": 5.060265418477972}, "datetime": {"datetime": "2022-06-15 15:49:22", "elapsed": 222409.750066, "delta": 23.72758}}
{"target": 3.1143085938505557, "params": {"Bgrad": 0.712290546584821, "d1": -2.242521637869378, "d2": -1.3604055851637167, "d3": -2.416549666950344, "d4": -0.7506898965468425, "p1": 22.76159098375217, "p2": 47.10483288737753, "p3": 33.499745241520415, "p4": 5.157111809296294, "pol1": 0.21421371082907936, "pol2": -0.15934150083868914, "pol3": 0.001263946222862966, "pol4": 0.31161108290428574, "v0s": 3.1143085938505557}, "datetime": {"datetime": "2022-06-15 15:49:28", "elapsed": 222415.960467, "delta": 6.210401}}
{"target": -1.0, "params": {"Bgrad": 1.0393017429797116, "d1": -1.0784808131915753, "d2": -0.5408681413939966, "d3": -1.8577714191593486, "d4": -0.9889061779739472, "p1": 13.927305645512522, "p2": 28.619492710428162, "p3": 17.11447019928474, "p4": 41.95804793278578, "pol1": 0.37182561155061444, "pol2": 0.6322556375499973, "pol3": -0.6915078651607571, "pol4": -0.6296126967166893, "v0s": 5.255568686398513}, "datetime": {"datetime": "2022-06-15 15:49:50", "elapsed": 222437.828019, "delta": 21.867552}}
{"target": -1.0, "params": {"Bgrad": 0.5920973883629441, "d1": -0.8477659265104314, "d2": -1.6560119952577814, "d3": -1.7021826904813708, "d4": -2.08058724345992, "p1": 0.23433698031938843, "p2": 34.35366730288848, "p3": 37.639059624446844, "p4": 16.91417079862609, "pol1": -0.060392762906151365, "pol2": 0.5947645479615726, "pol3": 0.2949354779105091, "pol4": -0.9540436564348076, "v0s": 3.703834912691582}, "datetime": {"datetime": "2022-06-15 15:50:02", "elapsed": 222449.087923, "delta": 11.259904}}
{"target": -1.0, "params": {"Bgrad": 1.9315922477728524, "d1": 0.5326186216081057, "d2": -1.6991281956842839, "d3": 0.6425355571742988, "d4": -1.0832996725323585, "p1": 10.10343603933071, "p2": 13.572470405920528, "p3": 12.049095819583606, "p4": 2.7787728157368683, "pol1": -0.12572777751396003, "pol2": 0.8091657750474521, "pol3": 0.051514928358526335, "pol4": 0.0909129458110629, "v0s": 3.361997660993217}, "datetime": {"datetime": "2022-06-15 15:50:19", "elapsed": 222466.666937, "delta": 17.579014}}
{"target": -1.0, "params": {"Bgrad": 0.5696012446117387, "d1": -2.496767908808494, "d2": -2.139497228753424, "d3": 0.49357366163742444, "d4": 0.9533144391448323, "p1": 0.8883124285506083, "p2": 22.16549776200429, "p3": 18.459864539273724, "p4": 26.823178175603424, "pol1": 0.2330456372781633, "pol2": -0.20800047759834395, "pol3": -0.6322718716251063, "pol4": 0.17054849164093144, "v0s": 2.1997806178187727}, "datetime": {"datetime": "2022-06-15 15:50:33", "elapsed": 222480.586733, "delta": 13.919796}}
{"target": 3.111915218491644, "params": {"Bgrad": 1.8409664975245297, "d1": -0.422356810409382, "d2": -2.6218229429771367, "d3": -0.7945000572472374, "d4": -2.484102715423875, "p1": 5.941042007109426, "p2": 13.277445079606693, "p3": 38.145415078578495, "p4": 34.91104729379379, "pol1": 0.11770426886864827, "pol2": -0.489546762416317, "pol3": 0.0357375340461894, "pol4": 0.8595019872170169, "v0s": 3.111915218491644}, "datetime": {"datetime": "2022-06-15 15:50:39", "elapsed": 222486.820071, "delta": 6.233338}}
{"target": 3.3927345635183377, "params": {"Bgrad": 1.601311110724859, "d1": 0.48873158700015606, "d2": -0.32217516643816557, "d3": -2.185217325376565, "d4": -2.4833360145132954, "p1": 25.75164956863433, "p2": 6.5154090586919455, "p3": 41.285000041741405, "p4": 26.182226435686545, "pol1": -0.41715262511023377, "pol2": 0.13625346689842321, "pol3": -0.47872523910877707, "pol4": 0.16894040936369548, "v0s": 3.3927345635183377}, "datetime": {"datetime": "2022-06-15 15:50:44", "elapsed": 222492.044108, "delta": 5.224037}}
{"target": 3.058248469909696, "params": {"Bgrad": 0.8285780783323311, "d1": -0.9259756736006892, "d2": 0.3416631329605644, "d3": -0.4209169181550525, "d4": -2.6232370352216416, "p1": 6.703416267347206, "p2": 19.515029790730164, "p3": 15.978234643538997, "p4": 44.561030092064584, "pol1": 0.7825829759584322, "pol2": -0.9403517979524563, "pol3": -0.5789561244180594, "pol4": -0.22329457456462176, "v0s": 3.058248469909696}, "datetime": {"datetime": "2022-06-15 15:50:49", "elapsed": 222496.604918, "delta": 4.56081}}
{"target": -1.0, "params": {"Bgrad": 1.878029509907516, "d1": -2.2416057860185594, "d2": -0.06405615393003483, "d3": 0.8276625341449462, "d4": -1.0891278190166784, "p1": 40.71096466853404, "p2": 21.4109690938768, "p3": 40.67246274596224, "p4": 38.08492481538444, "pol1": 0.9192072954699744, "pol2": -0.32679998670913224, "pol3": 0.5331888089281136, "pol4": 0.8432356076660641, "v0s": 6.864630097508055}, "datetime": {"datetime": "2022-06-15 15:51:04", "elapsed": 222511.193925, "delta": 14.589007}}
{"target": -1.0, "params": {"Bgrad": 1.7215062378832153, "d1": 0.7931929551271719, "d2": -1.8372683891719026, "d3": -1.2394137621669055, "d4": -2.5757699964366387, "p1": 43.864106176115456, "p2": 17.184966396920963, "p3": 45.26224401246487, "p4": 10.192878579766983, "pol1": -0.30078836947205323, "pol2": 0.38095875515458166, "pol3": 0.8454130481921751, "pol4": 0.3758920260149796, "v0s": 4.040561107932526}, "datetime": {"datetime": "2022-06-15 15:51:17", "elapsed": 222524.9711, "delta": 13.777175}}
{"target": -1.0, "params": {"Bgrad": 0.5600651898621448, "d1": -1.6729971300608564, "d2": -1.095355761183622, "d3": -0.07839945835279405, "d4": 0.5745143732521827, "p1": 0.3154520519664139, "p2": 3.836723112295215, "p3": 14.08952731719344, "p4": 26.780946485747258, "pol1": 0.07157119652306898, "pol2": -0.14947304134851103, "pol3": 0.7672748358407753, "pol4": 0.4547040900685686, "v0s": 2.8157681799788827}, "datetime": {"datetime": "2022-06-15 15:51:39", "elapsed": 222546.814716, "delta": 21.843616}}
{"target": -1.0, "params": {"Bgrad": 0.8527045178503523, "d1": -0.9787765779412725, "d2": -1.5499257827047535, "d3": 0.23448017537267463, "d4": -1.322657854771819, "p1": 47.05812785630788, "p2": 9.12282621717705, "p3": 24.139373907884327, "p4": 44.71236857937389, "pol1": -0.8685279172641387, "pol2": -0.4415366734211328, "pol3": -0.5944541491712314, "pol4": 0.9696255185724507, "v0s": 4.810722538808726}, "datetime": {"datetime": "2022-06-15 15:51:50", "elapsed": 222557.647762, "delta": 10.833046}}
{"target": -1.0, "params": {"Bgrad": 1.8322567220491113, "d1": 0.41570163710076224, "d2": -2.5841256670346673, "d3": -1.600225749155899, "d4": -1.01321793622978, "p1": 43.94475220838345, "p2": 49.09270340043756, "p3": 16.847446465858447, "p4": 39.097429751717534, "pol1": 0.7174346724151879, "pol2": -0.4375014172348044, "pol3": -0.6021451292446058, "pol4": 0.2932273583200018, "v0s": 5.384835998241432}, "datetime": {"datetime": "2022-06-15 15:52:03", "elapsed": 222570.079535, "delta": 12.431773}}
{"target": -1.0, "params": {"Bgrad": 0.7318633375247958, "d1": -0.03130987497808757, "d2": -1.5596292478788794, "d3": -0.5813039184720483, "d4": -2.9740281096698795, "p1": 29.525768321047536, "p2": 36.6713005527327, "p3": 17.28371688453816, "p4": 37.96649117689548, "pol1": -0.14605975769066926, "pol2": -0.1535998835158876, "pol3": -0.4012947248075336, "pol4": 0.48211783765629557, "v0s": 7.502509183262472}, "datetime": {"datetime": "2022-06-15 15:52:11", "elapsed": 222578.59976, "delta": 8.520225}}
{"target": -1.0, "params": {"Bgrad": 1.164651858182299, "d1": 0.947938595592642, "d2": 0.197950946841134, "d3": -1.75505900290525, "d4": -2.0675788072634798, "p1": 17.946800201882347, "p2": 20.23346430136851, "p3": 24.794914521918482, "p4": 35.076687116755046, "pol1": 0.6819966695141744, "pol2": -0.8818519565081304, "pol3": -0.09385597598567186, "pol4": -0.14488822014139457, "v0s": 4.544194487003364}, "datetime": {"datetime": "2022-06-15 15:52:33", "elapsed": 222600.489253, "delta": 21.889493}}
{"target": -1.0, "params": {"Bgrad": 1.3455156328892623, "d1": 0.7592072406779478, "d2": -1.6787143356179688, "d3": 0.7958725685734858, "d4": -2.0164629683613895, "p1": 27.42025138601103, "p2": 35.67004180098325, "p3": 44.03108479962601, "p4": 39.08493448899908, "pol1": 0.9315225179750983, "pol2": 0.10228620545193157, "pol3": 0.8108526750809737, "pol4": 0.30936871391266285, "v0s": 3.0140605771871076}, "datetime": {"datetime": "2022-06-15 15:52:47", "elapsed": 222615.032382, "delta": 14.543129}}
{"target": -1.0, "params": {"Bgrad": 0.5459910727131295, "d1": 0.043122007034608334, "d2": -0.28951971166343426, "d3": -1.8467461401074892, "d4": -2.575933548022375, "p1": 34.473011071012856, "p2": 37.47262576984433, "p3": 27.914100489775535, "p4": 33.26186816971089, "pol1": -0.19187803608286447, "pol2": 0.7321750391739641, "pol3": 0.06480256350257196, "pol4": 0.7896784033600222, "v0s": 6.438257330379725}, "datetime": {"datetime": "2022-06-15 15:52:55", "elapsed": 222622.076554, "delta": 7.044172}}
{"target": -1.0, "params": {"Bgrad": 1.284352816996442, "d1": -0.12137147615090438, "d2": 0.5469840494920444, "d3": -2.2219548595083523, "d4": -1.2807797929205207, "p1": 42.967550436568466, "p2": 1.5248182553431244, "p3": 6.654109107776806, "p4": 20.267344000155692, "pol1": -0.7752820038286263, "pol2": 0.4523040250984516, "pol3": 0.9496199991833363, "pol4": -0.021866869641741893, "v0s": 7.761604955563078}, "datetime": {"datetime": "2022-06-15 15:53:07", "elapsed": 222634.595095, "delta": 12.518541}}
{"target": -1.0, "params": {"Bgrad": 0.7036536770868046, "d1": -0.1982263007901932, "d2": -0.6685667427100155, "d3": 0.16693424993531103, "d4": -0.8491975506208336, "p1": 48.994639853078844, "p2": 21.982639080670097, "p3": 47.51361767507481, "p4": 45.91392611112547, "pol1": -0.15226065420901547, "pol2": -0.17895618795354706, "pol3": -0.960105869382669, "pol4": -0.103011773993263, "v0s": 3.1964600722812984}, "datetime": {"datetime": "2022-06-15 15:53:13", "elapsed": 222640.809484, "delta": 6.214389}}
