{"target": 2.6927044061243826, "params": {"Bgrad": 1.6585087464917936, "d1": -0.06864622017439186, "d2": 0.03450816414612926, "d3": -1.792640886285069, "d4": -2.0629968900906004, "p1": 4.392869818647084, "p2": 19.957757669963105, "p3": 13.26914737930999, "p4": 25.900983274414966, "pol1": -0.13551284848990208, "pol2": 0.4046186978426089, "pol3": 0.04414057499517422, "pol4": 0.49535136741071356, "v0s": 2.6927044061243826}, "datetime": {"datetime": "2022-04-30 03:13:13", "elapsed": 128506.304967, "delta": 36.576202}}
{"target": 4.235025379497997, "params": {"Bgrad": 1.2402152743457395, "d1": -2.5401623120490644, "d2": 0.4799878781795823, "d3": -1.9257470902398706, "d4": -0.12237055801051407, "p1": 28.68235500809413, "p2": 46.68279503418567, "p3": 24.609650639598737, "p4": 28.39503319075748, "pol1": 0.10553287468735038, "pol2": 0.43620929207565423, "pol3": -0.3985816476499695, "pol4": 0.22578221122335684, "v0s": 4.235025379497997}, "datetime": {"datetime": "2022-04-30 03:13:42", "elapsed": 128534.770855, "delta": 28.465888}}
{"target": -1.0, "params": {"Bgrad": 0.9035050765563224, "d1": -1.4878357091226229, "d2": 0.5560076636569784, "d3": -1.9478645390985947, "d4": -1.7046814270615775, "p1": 13.793372845172126, "p2": 37.30350953545127, "p3": 1.5440453568064227, "p4": 32.486221392850936, "pol1": -0.23849404585017298, "pol2": -0.7144282413124587, "pol3": 0.05428682576820787, "pol4": -0.2855704293653287, "v0s": 5.20567828654238}, "datetime": {"datetime": "2022-04-30 03:14:12", "elapsed": 128565.395968, "delta": 30.625113}}
{"target": 4.777083109750099, "params": {"Bgrad": 0.9907782493256325, "d1": -1.9107762031004278, "d2": 0.29277640186307785, "d3": -0.913125786727389, "d4": -0.9065779585554079, "p1": 2.919843730214544, "p2": 14.912498266219409, "p3": 34.50079714103162, "p4": 3.706670856994693, "pol1": 0.7192883858877159, "pol2": -0.43520619356057866, "pol3": 0.21866275433315452, "pol4": 0.37297118270730323, "v0s": 4.777083109750099}, "datetime": {"datetime": "2022-04-30 03:14:45", "elapsed": 128598.457568, "delta": 33.0616}}
{"target": -1.0, "params": {"Bgrad": 0.7427782543855603, "d1": -0.016058903617430533, "d2": -1.2786933638787792, "d3": -1.2445034345056878, "d4": -0.20820055162771456, "p1": 17.570742329005988, "p2": 20.316838696322105, "p3": 17.241610719726438, "p4": 13.172984192479916, "pol1": -0.4821991570444149, "pol2": 0.09269193718605397, "pol3": -0.4675619638415258, "pol4": 0.7781366372648285, "v0s": 3.132143641850498}, "datetime": {"datetime": "2022-04-30 03:15:17", "elapsed": 128629.769845, "delta": 31.312277}}
{"target": -1.0, "params": {"Bgrad": 1.3811544881764555, "d1": -1.4942563588686668, "d2": 0.9233697954452071, "d3": 0.5907358439079657, "d4": 0.5729193921041835, "p1": 15.31674711032816, "p2": 38.61644686314106, "p3": 19.619353234361984, "p4": 5.588442478451972, "pol1": -0.031331822478502414, "pol2": -0.468501869549774, "pol3": 0.7518366002277126, "pol4": -0.4691099322704826, "v0s": 4.42880753918459}, "datetime": {"datetime": "2022-04-30 03:16:15", "elapsed": 128688.315305, "delta": 58.54546}}
{"target": 3.956118498322296, "params": {"Bgrad": 1.4190860699510672, "d1": -1.7079415042340218, "d2": 0.6843791035447258, "d3": -1.9837110507295115, "d4": 0.11416597882793825, "p1": 47.384394828537246, "p2": 25.038553583953753, "p3": 20.80574845331279, "p4": 3.4534129416546246, "pol1": -0.6699232091923104, "pol2": 0.40903698241367287, "pol3": 0.5285777204948284, "pol4": -0.11891170962295092, "v0s": 3.956118498322296}, "datetime": {"datetime": "2022-04-30 03:16:55", "elapsed": 128728.159768, "delta": 39.844463}}
{"target": -1.0, "params": {"Bgrad": 1.738697484349549, "d1": 0.36594515134772987, "d2": -0.03481762836189217, "d3": -2.6961035974759353, "d4": -1.4325951294922383, "p1": 23.660080325754596, "p2": 29.68144103943714, "p3": 25.102056331512113, "p4": 3.363311300269345, "pol1": 0.06797703627354679, "pol2": -0.2872860924876104, "pol3": 0.1789960716813086, "pol4": 0.04120094123919116, "v0s": 2.6027752203561887}, "datetime": {"datetime": "2022-04-30 03:17:57", "elapsed": 128790.187916, "delta": 62.028148}}
{"target": -1.0, "params": {"Bgrad": 0.641549867185015, "d1": -1.871554743815416, "d2": 0.24034039704142307, "d3": -0.7854798222006929, "d4": 0.15785210432716745, "p1": 42.91564971672071, "p2": 43.68207451111851, "p3": 30.790697395666673, "p4": 15.977455180106293, "pol1": -0.4291096928943883, "pol2": 0.19787851968539139, "pol3": 0.061397703774422885, "pol4": -0.045321551781394076, "v0s": 2.4880692113362386}, "datetime": {"datetime": "2022-04-30 03:18:24", "elapsed": 128816.811729, "delta": 26.623813}}
{"target": -1.0, "params": {"Bgrad": 1.1499008347775996, "d1": -2.41101230656941, "d2": -0.2760560463057602, "d3": -2.9367667810049682, "d4": -0.24688862354361296, "p1": 24.43903770732315, "p2": 24.25178225132209, "p3": 7.945524803969473, "p4": 34.56254567150494, "pol1": 0.8951251599291785, "pol2": -0.3919553355469225, "pol3": 0.43291967593275515, "pol4": -0.16413853804654677, "v0s": 4.33967140336717}, "datetime": {"datetime": "2022-04-30 03:19:21", "elapsed": 128874.157397, "delta": 57.345668}}
{"target": -1.0, "params": {"Bgrad": 0.7516395654450068, "d1": -1.6217904900158717, "d2": 0.17425683388996305, "d3": -1.189634050583761, "d4": -1.5973884250738615, "p1": 6.460524925673244, "p2": 0.4819619046418755, "p3": 38.58458620041706, "p4": 47.61757458466091, "pol1": 0.7192007916958152, "pol2": -0.9303270699927924, "pol3": -0.12869460398675647, "pol4": 0.9666473582794979, "v0s": 4.106196706637229}, "datetime": {"datetime": "2022-04-30 03:19:47", "elapsed": 128900.194778, "delta": 26.037381}}
{"target": 4.605774569451691, "params": {"Bgrad": 0.8027353971915916, "d1": -2.7373379830808258, "d2": 0.6511357837608838, "d3": -1.4860329525843945, "d4": -1.2080666139368714, "p1": 30.344361131187114, "p2": 28.756769653644408, "p3": 9.605837582259698, "p4": 8.333426336731026, "pol1": -0.20105803108211723, "pol2": -0.2708792768569061, "pol3": 0.4290520207598078, "pol4": -0.015197785956168717, "v0s": 4.605774569451691}, "datetime": {"datetime": "2022-04-30 03:20:38", "elapsed": 128951.433774, "delta": 51.238996}}
{"target": -1.0, "params": {"Bgrad": 1.9628792195088103, "d1": -1.0008746127388637, "d2": -0.19241321253200505, "d3": -1.746369937366985, "d4": -2.260810298622652, "p1": 25.460329094731044, "p2": 26.520437334230873, "p3": 10.163977548452097, "p4": 35.73806840979499, "pol1": -0.32259435297999395, "pol2": -0.9996806935458591, "pol3": -0.9219692595881717, "pol4": -0.3097159878194793, "v0s": 4.396663347238114}, "datetime": {"datetime": "2022-04-30 03:22:01", "elapsed": 129034.466759, "delta": 83.032985}}
{"target": -1.0, "params": {"Bgrad": 0.967909408153224, "d1": -1.0281097177874767, "d2": -2.2946199450697287, "d3": 0.3419339532399084, "d4": -2.9510530661458785, "p1": 1.267087295712771, "p2": 24.7496012694566, "p3": 15.09840843262355, "p4": 41.0401158547902, "pol1": 0.9164621551651817, "pol2": -0.3693257967325374, "pol3": 0.013777403734431148, "pol4": -0.8342447223619887, "v0s": 4.434863330112005}, "datetime": {"datetime": "2022-04-30 03:22:43", "elapsed": 129075.820188, "delta": 41.353429}}
{"target": 3.99871681891903, "params": {"Bgrad": 1.8710498418221166, "d1": -2.4758759794083303, "d2": -1.2838530366490586, "d3": -1.6374275639766092, "d4": -0.4140279194810459, "p1": 8.210697428983787, "p2": 13.78543263976354, "p3": 35.9589074366445, "p4": 3.880115787803123, "pol1": -0.9206346395229699, "pol2": 0.2440351513173029, "pol3": 0.2384164181910564, "pol4": 0.37326363775591886, "v0s": 3.99871681891903}, "datetime": {"datetime": "2022-04-30 03:23:26", "elapsed": 129118.957845, "delta": 43.137657}}
{"target": 3.4548383966577196, "params": {"Bgrad": 1.6515496864577537, "d1": -2.173010951563805, "d2": 0.7883774435077977, "d3": -0.7866352018577052, "d4": -1.9792481846458325, "p1": 38.66979398766991, "p2": 23.86830983219023, "p3": 42.18602982184643, "p4": 49.33887536596908, "pol1": -0.25840703812371, "pol2": 0.655863351848001, "pol3": 0.4410463020924287, "pol4": -0.5820584554783403, "v0s": 3.4548383966577196}, "datetime": {"datetime": "2022-04-30 03:23:56", "elapsed": 129148.764149, "delta": 29.806304}}
{"target": -1.0, "params": {"Bgrad": 1.6020848416039057, "d1": -1.289742233517909, "d2": -0.9057565599394213, "d3": -1.0619860315522751, "d4": 0.04153895450281064, "p1": 23.035428155810518, "p2": 22.5242188063077, "p3": 8.191125927249459, "p4": 33.845859165330616, "pol1": -0.7096080686954216, "pol2": 0.8877231344711902, "pol3": 0.34427737039705275, "pol4": -0.07503384163463611, "v0s": 3.2771483592130437}, "datetime": {"datetime": "2022-04-30 03:24:42", "elapsed": 129195.484227, "delta": 46.720078}}
{"target": 3.443992574333152, "params": {"Bgrad": 0.9646489138574026, "d1": -1.5752765035189504, "d2": -0.47085847053136004, "d3": -1.632149990386097, "d4": 0.28197062423998037, "p1": 10.305601347556573, "p2": 38.69587390203609, "p3": 31.760456177433383, "p4": 7.313590122406561, "pol1": -0.8722415587037241, "pol2": 0.6152579883705444, "pol3": 0.05808865367362211, "pol4": 0.9136053328199266, "v0s": 3.443992574333152}, "datetime": {"datetime": "2022-04-30 03:25:19", "elapsed": 129232.046467, "delta": 36.56224}}
{"target": -1.0, "params": {"Bgrad": 0.9488876878666215, "d1": 0.14768040536807847, "d2": 0.08820764759272315, "d3": -1.963896622453054, "d4": 0.8661970907467307, "p1": 45.420344306940464, "p2": 26.233476277569025, "p3": 20.547780355244804, "p4": 4.1335434970119875, "pol1": 0.5279554008490568, "pol2": 0.5900343600083002, "pol3": -0.6565932438996713, "pol4": -0.7769160769219845, "v0s": 4.634922949488881}, "datetime": {"datetime": "2022-04-30 03:25:57", "elapsed": 129269.749655, "delta": 37.703188}}
{"target": -1.0, "params": {"Bgrad": 1.492949959189938, "d1": -2.3401273594736955, "d2": -0.6983623432749915, "d3": -1.4971461506566066, "d4": 0.5560922615561648, "p1": 21.080183446161772, "p2": 24.049125466957218, "p3": 9.425213662310517, "p4": 33.328161755793204, "pol1": 0.8299314472768711, "pol2": 0.770863061422242, "pol3": -0.15386167087696023, "pol4": -0.38769445700900906, "v0s": 5.295358793379895}, "datetime": {"datetime": "2022-04-30 03:26:29", "elapsed": 129302.134065, "delta": 32.38441}}
{"target": -1.0, "params": {"Bgrad": 1.1995426393665276, "d1": -2.9738805869463705, "d2": -1.4615921550811137, "d3": -2.302086671804576, "d4": 0.03327090050209902, "p1": 41.372762702564174, "p2": 41.121125550671685, "p3": 12.691416813570106, "p4": 20.087545210634172, "pol1": 0.7804963023297067, "pol2": -0.6922601438164748, "pol3": 0.21356433419215715, "pol4": 0.049453480611969525, "v0s": 2.617757605110269}, "datetime": {"datetime": "2022-04-30 03:27:04", "elapsed": 129337.103563, "delta": 34.969498}}
{"target": -1.0, "params": {"Bgrad": 1.3640141335067146, "d1": -2.201428206602018, "d2": 0.528548414932811, "d3": -1.9397441643418563, "d4": -2.31032276882278, "p1": 6.2826216788917035, "p2": 36.091261678783795, "p3": 34.072528790720014, "p4": 7.477601798530658, "pol1": 0.18293176788957366, "pol2": -0.35260708465143176, "pol3": 0.47482437560090185, "pol4": 0.1258663466595782, "v0s": 3.9176460348277615}, "datetime": {"datetime": "2022-04-30 03:28:02", "elapsed": 129394.697567, "delta": 57.594004}}
{"target": -1.0, "params": {"Bgrad": 0.5059066286046259, "d1": -0.5324797362524052, "d2": 0.5653606193993945, "d3": -1.0537166724835156, "d4": -1.9526066217848759, "p1": 39.04321017654194, "p2": 46.165294254587344, "p3": 15.934476699715805, "p4": 11.655871359360686, "pol1": 0.7471837687196679, "pol2": 0.9327128524480985, "pol3": 0.7936685620163142, "pol4": -0.3235239998809152, "v0s": 5.303338689604861}, "datetime": {"datetime": "2022-04-30 03:28:31", "elapsed": 129423.592308, "delta": 28.894741}}
{"target": 5.576382704439347, "params": {"Bgrad": 0.5815239803221257, "d1": -2.5790460270747633, "d2": 0.9634504095288481, "d3": -0.3456497031153828, "d4": 0.14706221617273765, "p1": 35.410374467939405, "p2": 8.01748117153925, "p3": 23.14955227049774, "p4": 50.0, "pol1": -0.5053467091942739, "pol2": 0.027787374223467158, "pol3": -1.0, "pol4": -0.26192062337083244, "v0s": 5.576382704439347}, "datetime": {"datetime": "2022-04-30 03:29:25", "elapsed": 129478.469576, "delta": 54.877268}}
{"target": -1.0, "params": {"Bgrad": 0.6723746282079197, "d1": 0.7165452947770237, "d2": 0.5213211287012824, "d3": 0.24185878709921171, "d4": -1.5655452914659556, "p1": 22.058454267229727, "p2": 24.22285641581342, "p3": 14.599545246313406, "p4": 36.99423973391415, "pol1": 0.05881044514806, "pol2": -0.9584999008747261, "pol3": 0.8099285473883313, "pol4": 0.9594168007312718, "v0s": 3.3060215675683673}, "datetime": {"datetime": "2022-04-30 03:29:55", "elapsed": 129508.197091, "delta": 29.727515}}
{"target": -1.0, "params": {"Bgrad": 1.3995677776543511, "d1": -2.358582355774813, "d2": 0.02753001174598335, "d3": -1.2389347936923762, "d4": -1.2088013807685845, "p1": 37.50085807321228, "p2": 22.97933816717517, "p3": 44.14420916431961, "p4": 49.21995513865246, "pol1": -0.8217113927534168, "pol2": -0.7954983242966689, "pol3": -0.5486874407840459, "pol4": 0.11981194791726457, "v0s": 5.9463378094877255}, "datetime": {"datetime": "2022-04-30 03:30:30", "elapsed": 129543.092786, "delta": 34.895695}}
{"target": 3.38555566489978, "params": {"Bgrad": 1.6364497816751928, "d1": -2.3604882149141146, "d2": -0.6698127178888176, "d3": -2.2371675422732396, "d4": -0.6564538940256122, "p1": 39.662451038218734, "p2": 23.8388311857601, "p3": 44.7868696680203, "p4": 48.66126260117208, "pol1": -0.2637996487605505, "pol2": 0.08012991326425256, "pol3": -0.8205116972168531, "pol4": 0.9067076904928348, "v0s": 3.38555566489978}, "datetime": {"datetime": "2022-04-30 03:31:32", "elapsed": 129605.030176, "delta": 61.93739}}
{"target": 4.452003370039584, "params": {"Bgrad": 1.879327309254019, "d1": -2.4901998537691576, "d2": 0.3304949198094955, "d3": -0.7102252269126255, "d4": -0.6882923500929317, "p1": 30.40220504730094, "p2": 46.15767239646358, "p3": 23.32590167168414, "p4": 28.183659378230896, "pol1": -0.7315124844366072, "pol2": 0.9992807430525013, "pol3": -0.03908603207907824, "pol4": -0.7560876589133732, "v0s": 4.452003370039584}, "datetime": {"datetime": "2022-04-30 03:32:16", "elapsed": 129649.121285, "delta": 44.091109}}
{"target": -1.0, "params": {"Bgrad": 0.5799868971306223, "d1": -2.540626088149416, "d2": -0.5249909484438073, "d3": 0.5649865141362218, "d4": -1.9583093336095931, "p1": 3.398851399031283, "p2": 4.166033855476109, "p3": 24.737278306343295, "p4": 17.246611432037, "pol1": -0.7978553041436909, "pol2": -0.12101325801134122, "pol3": -0.6106167131783722, "pol4": 0.15887440464748104, "v0s": 4.176969733419328}, "datetime": {"datetime": "2022-04-30 03:33:00", "elapsed": 129693.283204, "delta": 44.161919}}
{"target": 4.800939521662596, "params": {"Bgrad": 1.074265120424542, "d1": -1.574067425243494, "d2": 0.43745838775929125, "d3": -2.0108081394929846, "d4": -1.0379319476460034, "p1": 11.768938672994766, "p2": 22.012254886356686, "p3": 36.651504627595784, "p4": 34.55619629584098, "pol1": 0.579430155776383, "pol2": -0.5135907317871833, "pol3": -0.5307574221739986, "pol4": 0.9451386226985234, "v0s": 4.800939521662596}, "datetime": {"datetime": "2022-04-30 03:33:39", "elapsed": 129731.61172, "delta": 38.328516}}
{"target": 2.7658763418578154, "params": {"Bgrad": 1.2174536851916726, "d1": -1.5079070781982402, "d2": 0.032681577263060646, "d3": -2.178539252282231, "d4": -2.945826999612325, "p1": 16.549275327933543, "p2": 41.4359382024527, "p3": 1.5224199967887042, "p4": 10.04835770463619, "pol1": -0.04343494400053016, "pol2": 0.36619278329764504, "pol3": -0.9680783409066691, "pol4": -0.05197133921964636, "v0s": 2.7658763418578154}, "datetime": {"datetime": "2022-04-30 03:34:30", "elapsed": 129782.882631, "delta": 51.270911}}
{"target": 3.088587242779973, "params": {"Bgrad": 1.599924761282221, "d1": -2.3633588464206587, "d2": 0.4253034170957912, "d3": -0.3942056940755423, "d4": -2.306459899525443, "p1": 3.6548547950566554, "p2": 30.28860523276302, "p3": 13.325339554049965, "p4": 19.308383817156066, "pol1": -0.39207580131836517, "pol2": 0.8408620057871077, "pol3": 0.6196716347961002, "pol4": 0.6127070110813839, "v0s": 3.088587242779973}, "datetime": {"datetime": "2022-04-30 03:35:10", "elapsed": 129823.448166, "delta": 40.565535}}
{"target": -1.0, "params": {"Bgrad": 1.237724389032576, "d1": -2.7619457501757823, "d2": 0.9415870820027861, "d3": -2.114152935447904, "d4": 0.19024419004207482, "p1": 21.871093398660207, "p2": 24.069086667569213, "p3": 11.079732924128049, "p4": 31.513481803348714, "pol1": 0.27463378293363916, "pol2": 0.056040279361291745, "pol3": -0.16392588496276828, "pol4": -0.3080084795935598, "v0s": 2.339370707206717}, "datetime": {"datetime": "2022-04-30 03:36:04", "elapsed": 129877.200443, "delta": 53.752277}}
{"target": -1.0, "params": {"Bgrad": 0.967177162001924, "d1": -2.6848553932130197, "d2": 0.2770783303908906, "d3": -2.001051796144407, "d4": 0.5327151461767152, "p1": 5.092145991658392, "p2": 4.772322009401364, "p3": 22.522310525731598, "p4": 16.047783626712214, "pol1": -0.5814872880955897, "pol2": -0.1921045886956454, "pol3": -0.16990472230518816, "pol4": -0.3224383013152432, "v0s": 4.493359375932346}, "datetime": {"datetime": "2022-04-30 03:36:59", "elapsed": 129932.245263, "delta": 55.04482}}
{"target": 3.1428682655224267, "params": {"Bgrad": 1.1394722326075368, "d1": -1.6756164833076408, "d2": 0.09285064369710888, "d3": -1.7810426777137613, "d4": -0.09180243740144685, "p1": 9.87565972314312, "p2": 38.14808077106315, "p3": 32.07392275704923, "p4": 7.22383665277622, "pol1": -0.6536234514888226, "pol2": 0.4964836950398154, "pol3": 0.21381737301197568, "pol4": 0.5860744138281124, "v0s": 3.1428682655224267}, "datetime": {"datetime": "2022-04-30 03:37:35", "elapsed": 129967.567817, "delta": 35.322554}}
{"target": -1.0, "params": {"Bgrad": 0.5176145125903279, "d1": -0.2779759812068967, "d2": 0.9155987917806541, "d3": -0.42317090819424275, "d4": -0.9418862690668499, "p1": 38.36699382354891, "p2": 46.76515580407315, "p3": 16.10728466524347, "p4": 10.57185074398254, "pol1": 0.8104156324822636, "pol2": 0.5876338388917055, "pol3": 0.6272099713108341, "pol4": -0.05714068222928281, "v0s": 3.8607289462389103}, "datetime": {"datetime": "2022-04-30 03:38:12", "elapsed": 130005.45252, "delta": 37.884703}}
{"target": -1.0, "params": {"Bgrad": 0.9029025829204596, "d1": -2.156626609043421, "d2": -1.2516917289772125, "d3": -1.3050889811628426, "d4": -0.025217765419322635, "p1": 3.098068328510306, "p2": 6.341693855315294, "p3": 24.603250858537578, "p4": 15.83917556590102, "pol1": 0.915688451882483, "pol2": 0.5565980489105875, "pol3": -0.6372232195908301, "pol4": 0.3910749591449132, "v0s": 4.746932540827369}, "datetime": {"datetime": "2022-04-30 03:38:44", "elapsed": 130036.973239, "delta": 31.520719}}
{"target": 4.533066254248077, "params": {"Bgrad": 0.94293842244524, "d1": -2.7605875322795024, "d2": 0.6763505896534339, "d3": -1.3508199087356378, "d4": -1.5117981553141147, "p1": 7.338950551743367, "p2": 14.976196749662257, "p3": 34.24607466915358, "p4": 3.236459158923216, "pol1": 0.3995507958054676, "pol2": 0.5575963295367135, "pol3": 0.4078337602542115, "pol4": 0.13000929480379542, "v0s": 4.533066254248077}, "datetime": {"datetime": "2022-04-30 03:39:33", "elapsed": 130086.046027, "delta": 49.072788}}
{"target": -1.0, "params": {"Bgrad": 1.6298129251607967, "d1": -2.1723247838827437, "d2": -0.6143832849840076, "d3": -2.9916512737318084, "d4": -1.8492614311182902, "p1": 23.77637290213832, "p2": 27.08713911510554, "p3": 25.136083966939278, "p4": 3.0130237151665296, "pol1": 0.05952099927907528, "pol2": -0.12472547164433556, "pol3": -0.303728670297724, "pol4": 0.49169657487140106, "v0s": 4.726127052861918}, "datetime": {"datetime": "2022-04-30 03:40:08", "elapsed": 130121.473301, "delta": 35.427274}}
{"target": 4.160113754172475, "params": {"Bgrad": 0.9766701977712582, "d1": -0.3535358215158566, "d2": 0.7101417411091866, "d3": -1.582680952886418, "d4": -0.5382157530757818, "p1": 23.93604733734235, "p2": 24.224358437922096, "p3": 14.69492963636112, "p4": 37.603737410006474, "pol1": -0.9177116322360523, "pol2": 0.2408588281492885, "pol3": 0.5428044357191757, "pol4": -0.23521656236721733, "v0s": 4.160113754172475}, "datetime": {"datetime": "2022-04-30 03:40:34", "elapsed": 130147.418928, "delta": 25.945627}}
{"target": -1.0, "params": {"Bgrad": 1.7717220205309743, "d1": 0.0484471248449192, "d2": 0.625333611298255, "d3": -2.4281810528719334, "d4": -0.4590673443955735, "p1": 23.16129750899779, "p2": 25.094578316169248, "p3": 10.675695850005917, "p4": 39.4839202894797, "pol1": 0.41400878638918615, "pol2": 0.006338005045410711, "pol3": -0.07315090882663444, "pol4": -0.7007748751934535, "v0s": 5.255327227521892}, "datetime": {"datetime": "2022-04-30 03:41:11", "elapsed": 130184.512745, "delta": 37.093817}}
{"target": -1.0, "params": {"Bgrad": 2.0, "d1": -2.511187286429709, "d2": 0.7860272479300904, "d3": -0.09891388487130094, "d4": 0.12119948315814677, "p1": 42.322901384620636, "p2": 7.7100645618704275, "p3": 15.576316952427593, "p4": 3.576947177806624, "pol1": -0.9477635259265843, "pol2": 1.0, "pol3": -1.0, "pol4": -0.4648978970773482, "v0s": 4.815935717828992}, "datetime": {"datetime": "2022-04-30 03:43:43", "elapsed": 130336.12935, "delta": 151.616605}}
{"target": -1.0, "params": {"Bgrad": 1.8306493175704956, "d1": -0.7613024186425488, "d2": 0.1321151898079318, "d3": -1.731829558363407, "d4": -2.8239469150512875, "p1": 8.2542769614598, "p2": 0.689386972845879, "p3": 36.81883908891726, "p4": 46.77119002269989, "pol1": 0.7320541614260239, "pol2": 0.1218478350625205, "pol3": 0.16877171249609635, "pol4": 0.10878253355254719, "v0s": 3.419656446449738}, "datetime": {"datetime": "2022-04-30 03:45:31", "elapsed": 130444.364949, "delta": 108.235599}}
