{"target": -1.0, "params": {"Bgrad": 1.2625452372255657, "d1": -1.315379504641411, "d2": -2.1251181651611035, "d3": -2.1133691622062845, "d4": -2.6367910324009185, "p1": 12.440863222220505, "p2": 29.48255203591719, "p3": 44.11073760800166, "p4": 7.752395354024088, "pol1": -0.47624155916815547, "pol2": 0.26715777982888533, "pol3": -0.7976076443029514, "pol4": 0.03068732526190976, "v0s": 4.681123039353476}, "datetime": {"datetime": "2022-06-16 16:53:55", "elapsed": 312682.883357, "delta": 12.425788}}
{"target": -1.0, "params": {"Bgrad": 0.5756516380548341, "d1": 0.06310355687050695, "d2": -2.619219341005855, "d3": -1.646518354330945, "d4": -0.684138476124303, "p1": 42.54266592875142, "p2": 13.04270297851698, "p3": 40.51408938460427, "p4": 21.833234238009315, "pol1": 0.6552352193784039, "pol2": 0.8431842797601474, "pol3": -0.12359126229099471, "pol4": -0.47588545559866513, "v0s": 4.768647628648056}, "datetime": {"datetime": "2022-06-16 16:54:04", "elapsed": 312691.287893, "delta": 8.404536}}
{"target": -1.0, "params": {"Bgrad": 0.6422179491951249, "d1": -0.36488900159322046, "d2": -0.4706129362618965, "d3": -1.0128004948475557, "d4": -1.1193776671602738, "p1": 6.4253278690051765, "p2": 16.719422679284857, "p3": 13.429812830889281, "p4": 26.79048412199766, "pol1": -0.16038412941635594, "pol2": 0.6720650289244272, "pol3": 0.4024157922560143, "pol4": -0.008203148421933593, "v0s": 5.597125213262876}, "datetime": {"datetime": "2022-06-16 16:54:13", "elapsed": 312700.263901, "delta": 8.976008}}
{"target": -1.0, "params": {"Bgrad": 1.095075850389827, "d1": -2.1301997567681488, "d2": -0.031047045168088427, "d3": 0.6905518480304611, "d4": -1.9548536601350968, "p1": 31.614585808710526, "p2": 35.4789205281019, "p3": 36.854021373672865, "p4": 13.510982569541136, "pol1": -0.7953126786386084, "pol2": 0.43711139544104083, "pol3": -0.1136109358090136, "pol4": 0.36540846447225483, "v0s": 2.3505749506940754}, "datetime": {"datetime": "2022-06-16 16:54:31", "elapsed": 312718.119177, "delta": 17.855276}}
{"target": -1.0, "params": {"Bgrad": 1.4814240025276526, "d1": -1.8464894916787986, "d2": 0.5113844924952802, "d3": -2.3388009070488565, "d4": -1.2177224023554882, "p1": 48.45768124352359, "p2": 4.306403739969128, "p3": 20.023181438399433, "p4": 14.272930280683948, "pol1": -0.8346423154907512, "pol2": 0.4195458063744999, "pol3": 0.12488130936650021, "pol4": 0.9760851639246386, "v0s": 3.365655115241976}, "datetime": {"datetime": "2022-06-16 16:54:44", "elapsed": 312731.319894, "delta": 13.200717}}
{"target": -1.0, "params": {"Bgrad": 0.6569934470460896, "d1": -1.1203719963603178, "d2": -0.09895545458044142, "d3": -2.187526733919707, "d4": -2.2262001747227296, "p1": 0.8224761080267373, "p2": 30.66881161052364, "p3": 29.333520219378993, "p4": 23.007196561881422, "pol1": 0.4124042228648248, "pol2": -0.8813705165579075, "pol3": 0.329961335415228, "pol4": -0.6229747399944687, "v0s": 2.8051083134125756}, "datetime": {"datetime": "2022-06-16 16:54:49", "elapsed": 312737.022651, "delta": 5.702757}}
{"target": -1.0, "params": {"Bgrad": 1.8423081454485712, "d1": -0.24568884504284094, "d2": -0.46087462489574804, "d3": -2.7502752680693514, "d4": -2.5985182286107262, "p1": 20.907197254412246, "p2": 38.8087881512735, "p3": 0.46303962998561765, "p4": 23.236961649804595, "pol1": -0.5995504221997017, "pol2": 0.787166367126805, "pol3": 0.19656963567067187, "pol4": 0.37510761190977315, "v0s": 6.845446178303009}, "datetime": {"datetime": "2022-06-16 16:55:03", "elapsed": 312750.075763, "delta": 13.053112}}
{"target": -1.0, "params": {"Bgrad": 1.3818438937057085, "d1": 0.38970620975322, "d2": -1.1181723753769361, "d3": -2.3025029822795604, "d4": -0.4338052535042154, "p1": 48.822287216282334, "p2": 17.512102709439866, "p3": 40.13539117701509, "p4": 33.863676002350054, "pol1": 0.040929861082453556, "pol2": -0.7111324366267535, "pol3": 0.6776683794685043, "pol4": -0.14765008969098936, "v0s": 6.697693193066582}, "datetime": {"datetime": "2022-06-16 16:55:16", "elapsed": 312763.783125, "delta": 13.707362}}
{"target": -1.0, "params": {"Bgrad": 1.3874467505620767, "d1": -1.9978403886018832, "d2": -2.305756599222066, "d3": -0.04782633864385755, "d4": -2.5515356893424053, "p1": 10.881229905431944, "p2": 43.26528761894707, "p3": 45.230134061802225, "p4": 4.675637354904588, "pol1": -0.9708893608245122, "pol2": -0.3919237563575477, "pol3": -0.74342432004604, "pol4": -0.4859147865376683, "v0s": 5.013998633833964}, "datetime": {"datetime": "2022-06-16 16:55:32", "elapsed": 312779.493136, "delta": 15.710011}}
{"target": -1.0, "params": {"Bgrad": 1.3056956985090746, "d1": -0.897737399470103, "d2": -1.0783570646310072, "d3": -0.6333222416709785, "d4": -2.783293237230081, "p1": 33.41156742842464, "p2": 20.298915977660283, "p3": 9.092065327503029, "p4": 46.71524945568359, "pol1": -0.19451633995009865, "pol2": 0.19739614089134982, "pol3": 0.2200880117431192, "pol4": -0.6284590635394367, "v0s": 6.5769811630335}, "datetime": {"datetime": "2022-06-16 16:55:49", "elapsed": 312796.184522, "delta": 16.691386}}
{"target": -1.0, "params": {"Bgrad": 1.527506134070714, "d1": -0.9206084534632262, "d2": -2.00615199308763, "d3": -2.6120305798344625, "d4": -1.4303797677063925, "p1": 5.101069507039774, "p2": 10.937551605083584, "p3": 16.3218570571096, "p4": 13.45398899491857, "pol1": 0.7454475161660765, "pol2": 0.27050324190721775, "pol3": -0.3441538023135302, "pol4": 0.4076377522479675, "v0s": 4.464379831901809}, "datetime": {"datetime": "2022-06-16 16:56:08", "elapsed": 312815.673432, "delta": 19.48891}}
{"target": -1.0, "params": {"Bgrad": 1.108027374645341, "d1": -1.5779773658793665, "d2": -2.7945147756119444, "d3": 0.9864870892199882, "d4": -1.4517107031790069, "p1": 43.91800530748224, "p2": 21.71514831238467, "p3": 5.611954648436191, "p4": 15.418897068288373, "pol1": -0.6365337222846563, "pol2": 0.5457455440832366, "pol3": 0.13725854850097896, "pol4": 0.22622809720338277, "v0s": 4.742034336157145}, "datetime": {"datetime": "2022-06-16 16:56:27", "elapsed": 312834.663674, "delta": 18.990242}}
{"target": 4.109622049010287, "params": {"Bgrad": 1.425737243128832, "d1": -2.2014722366784576, "d2": -1.2518660959499743, "d3": -0.654012113069856, "d4": 0.5055722401287008, "p1": 8.20117021973466, "p2": 22.095386925063394, "p3": 23.961547760561402, "p4": 26.418961869327635, "pol1": 0.951757634461315, "pol2": 0.8724352997329796, "pol3": -0.5728447328278481, "pol4": 0.4587286321018591, "v0s": 4.109622049010287}, "datetime": {"datetime": "2022-06-16 16:56:43", "elapsed": 312850.550212, "delta": 15.886538}}
{"target": -1.0, "params": {"Bgrad": 0.5115313309874217, "d1": 0.4499008894379908, "d2": -2.0532095896424862, "d3": -2.487814564153187, "d4": -2.8680752533401863, "p1": 6.393786989792233, "p2": 39.27551576170087, "p3": 48.42180327190873, "p4": 36.58259827016457, "pol1": 0.9024948762476599, "pol2": 0.21408010201453376, "pol3": 0.7899016102271967, "pol4": 0.07406711708802693, "v0s": 4.082306787864084}, "datetime": {"datetime": "2022-06-16 16:56:58", "elapsed": 312865.399522, "delta": 14.84931}}
{"target": -1.0, "params": {"Bgrad": 1.7025220646004477, "d1": 0.2864734057278939, "d2": -2.6878642308967833, "d3": -0.819071664906613, "d4": -1.8740985480816197, "p1": 47.481270592235184, "p2": 46.27031344572328, "p3": 46.418811964606995, "p4": 2.423297020038989, "pol1": -0.00048257039439270066, "pol2": -0.7542714372945036, "pol3": -0.24821480623237435, "pol4": 0.3584564818404994, "v0s": 5.797487698332696}, "datetime": {"datetime": "2022-06-16 16:57:16", "elapsed": 312883.816297, "delta": 18.416775}}
{"target": -1.0, "params": {"Bgrad": 1.8441201913291927, "d1": 0.4888059366088826, "d2": -0.7901458245884672, "d3": -0.3765830689398375, "d4": 0.6434024804159031, "p1": 37.810399959960534, "p2": 34.590119583441854, "p3": 18.177594184186546, "p4": 3.230398307044735, "pol1": -0.6747752584211884, "pol2": -0.5050022368198288, "pol3": 0.054966228534774064, "pol4": -0.7236474971685529, "v0s": 4.031556492772959}, "datetime": {"datetime": "2022-06-16 16:57:37", "elapsed": 312904.498018, "delta": 20.681721}}
{"target": -1.0, "params": {"Bgrad": 0.8249669913985729, "d1": 0.0724404568765129, "d2": -1.7386375171242223, "d3": -0.7770699202251778, "d4": 0.2015792781862067, "p1": 49.88553745351976, "p2": 5.4403918478761915, "p3": 3.634115098102847, "p4": 27.458980965528962, "pol1": 0.8446818243365384, "pol2": -0.13271142622523446, "pol3": -0.8821598201557896, "pol4": 0.8835641299893002, "v0s": 7.327867640028156}, "datetime": {"datetime": "2022-06-16 16:57:51", "elapsed": 312918.483637, "delta": 13.985619}}
{"target": -1.0, "params": {"Bgrad": 1.886986351493036, "d1": -2.9866219765456012, "d2": -0.7538561178814551, "d3": -2.373531991870808, "d4": -2.4862444079061685, "p1": 21.50083372330495, "p2": 17.388768408566214, "p3": 43.79504540167042, "p4": 36.382684759653, "pol1": -0.7919198903356635, "pol2": -0.62572720892123, "pol3": -0.31588533800441065, "pol4": -0.06794370570265285, "v0s": 7.605846355725867}, "datetime": {"datetime": "2022-06-16 16:58:12", "elapsed": 312939.139428, "delta": 20.655791}}
{"target": -1.0, "params": {"Bgrad": 1.6458734163477549, "d1": -1.2283575892150194, "d2": -2.052108965070822, "d3": -1.0469237790173511, "d4": -2.238882000946266, "p1": 3.322568926991787, "p2": 39.60812845914082, "p3": 37.85484103933193, "p4": 47.85648837446362, "pol1": -0.8144076388778201, "pol2": -0.7487963599591341, "pol3": -0.967461004695896, "pol4": -0.8789977492028433, "v0s": 7.880053850209288}, "datetime": {"datetime": "2022-06-16 16:58:32", "elapsed": 312959.706457, "delta": 20.567029}}
{"target": 3.327527150893342, "params": {"Bgrad": 0.7291447576516517, "d1": -2.6623571445744716, "d2": -1.268160469249349, "d3": -0.7558991988787493, "d4": -0.8366095954546893, "p1": 2.114112759128478, "p2": 26.899400216067605, "p3": 8.58607789035894, "p4": 37.198188391248124, "pol1": -0.005188203618752718, "pol2": -0.09219556324482525, "pol3": 0.6731827007039028, "pol4": 0.11400880384804801, "v0s": 3.327527150893342}, "datetime": {"datetime": "2022-06-16 16:58:41", "elapsed": 312968.771227, "delta": 9.06477}}
{"target": -1.0, "params": {"Bgrad": 0.7500419382087032, "d1": -1.3741689672088304, "d2": -0.7184158456954477, "d3": -1.7791623894545125, "d4": -1.2380328458832497, "p1": 11.909969392878955, "p2": 43.3004511081498, "p3": 21.074745443598548, "p4": 23.391865758403235, "pol1": -0.16330395751089188, "pol2": 0.42557773834289225, "pol3": -0.1428039207812748, "pol4": 0.6501979743458781, "v0s": 6.7399591077459675}, "datetime": {"datetime": "2022-06-16 16:58:53", "elapsed": 312981.057388, "delta": 12.286161}}
{"target": -1.0, "params": {"Bgrad": 0.7843537018629596, "d1": -2.427179584645998, "d2": -2.5006398156796745, "d3": -1.8716773938432567, "d4": -0.4941902674336598, "p1": 45.64913283721694, "p2": 22.496968121443533, "p3": 44.53390071012031, "p4": 24.718685667699088, "pol1": -0.7048472768050051, "pol2": 0.5035457329743003, "pol3": 0.40802325010354257, "pol4": 0.8019987045367769, "v0s": 6.333007177157985}, "datetime": {"datetime": "2022-06-16 16:59:07", "elapsed": 312994.747796, "delta": 13.690408}}
{"target": -1.0, "params": {"Bgrad": 1.44482534919451, "d1": -2.0849093113178325, "d2": -2.699618285999278, "d3": 0.4828195345792028, "d4": -2.4891720649922653, "p1": 20.160280123851344, "p2": 17.148298919670008, "p3": 24.275211392463596, "p4": 49.331486558348246, "pol1": 0.2913503142949614, "pol2": 0.0805548692878888, "pol3": 0.18116199653572007, "pol4": 0.4086835504248767, "v0s": 2.829292392454045}, "datetime": {"datetime": "2022-06-16 16:59:37", "elapsed": 313024.136982, "delta": 29.389186}}
{"target": -1.0, "params": {"Bgrad": 0.7982780972072083, "d1": -1.1304417102580127, "d2": 0.7957141210431828, "d3": -2.940636639257878, "d4": -2.834382006941461, "p1": 13.60080594162396, "p2": 38.312516032694866, "p3": 33.061582861975005, "p4": 32.96873624864507, "pol1": 0.08045972805960111, "pol2": 0.3212466467746673, "pol3": 0.752595883090571, "pol4": -0.4997920275214647, "v0s": 7.28427282214686}, "datetime": {"datetime": "2022-06-16 16:59:52", "elapsed": 313039.16282, "delta": 15.025838}}
{"target": -1.0, "params": {"Bgrad": 0.5907129214132643, "d1": -0.6366109830669964, "d2": -0.8265925142807227, "d3": -1.847632851062051, "d4": -1.3118025112209315, "p1": 32.39781202517495, "p2": 34.74147021515929, "p3": 19.778794915868282, "p4": 4.506777317682658, "pol1": -0.873210119999211, "pol2": 0.11895006251400986, "pol3": -0.7812692635673231, "pol4": 0.8552745420401953, "v0s": 6.914019109273663}, "datetime": {"datetime": "2022-06-16 17:00:04", "elapsed": 313051.09792, "delta": 11.9351}}
{"target": -1.0, "params": {"Bgrad": 1.425902251420858, "d1": -1.2382389283734878, "d2": -1.1914306652761595, "d3": 0.5623390595826785, "d4": -2.777861887607238, "p1": 44.54995419887226, "p2": 17.82847108223697, "p3": 43.28498890557396, "p4": 7.931687597248832, "pol1": 0.11966378559571389, "pol2": 0.6185482154063606, "pol3": 0.21095870035119635, "pol4": 0.6438765532030428, "v0s": 6.355976273924908}, "datetime": {"datetime": "2022-06-16 17:00:23", "elapsed": 313070.773331, "delta": 19.675411}}
{"target": -1.0, "params": {"Bgrad": 0.5898514172452086, "d1": -1.35127701833962, "d2": -1.293623052071295, "d3": -2.72495936467004, "d4": -2.6550493203545034, "p1": 20.5708327530307, "p2": 3.2347756708581588, "p3": 25.88537413942535, "p4": 23.216272331841736, "pol1": 0.990591262371554, "pol2": -0.9872485660240731, "pol3": -0.053124867984185364, "pol4": -0.192676728691902, "v0s": 4.813138094621902}, "datetime": {"datetime": "2022-06-16 17:00:36", "elapsed": 313083.249983, "delta": 12.476652}}
{"target": -1.0, "params": {"Bgrad": 1.3613538309645898, "d1": -0.48295353825971654, "d2": -2.2660526833362744, "d3": -0.7092268961297226, "d4": -1.4178777561454812, "p1": 48.194561083445095, "p2": 30.97458732486715, "p3": 18.35052637809233, "p4": 17.568464522256683, "pol1": -0.9046364476437962, "pol2": 0.8317732570239662, "pol3": -0.9487425669438954, "pol4": 0.879254254072344, "v0s": 6.854298586067054}, "datetime": {"datetime": "2022-06-16 17:00:53", "elapsed": 313100.998544, "delta": 17.748561}}
{"target": -1.0, "params": {"Bgrad": 1.5981224465009087, "d1": -0.05212168147479446, "d2": -2.8538392239148376, "d3": -2.7643247092888577, "d4": 0.06468027855815439, "p1": 10.627467717038936, "p2": 28.67240972277168, "p3": 3.086411801139821, "p4": 39.85826840032674, "pol1": -0.4476943608664081, "pol2": -0.16046181692191253, "pol3": -0.31432634914352753, "pol4": -0.5508661053864781, "v0s": 3.7846618339195555}, "datetime": {"datetime": "2022-06-16 17:01:26", "elapsed": 313133.830789, "delta": 32.832245}}
{"target": -1.0, "params": {"Bgrad": 1.5035369830454968, "d1": 0.13306919717460586, "d2": 0.5450506413320801, "d3": -1.4718465716651412, "d4": -2.059840318227101, "p1": 14.602813701884399, "p2": 43.15131850920243, "p3": 26.201557837104122, "p4": 44.621284321669215, "pol1": 0.4859371760855309, "pol2": 0.6813364044781407, "pol3": 0.7664943415425534, "pol4": 0.6008958969077547, "v0s": 5.0989629303943005}, "datetime": {"datetime": "2022-06-16 17:01:47", "elapsed": 313154.207326, "delta": 20.376537}}
{"target": -1.0, "params": {"Bgrad": 0.6281363359502685, "d1": 0.5390721548082942, "d2": -0.8647774184208372, "d3": -0.3580805291401852, "d4": -2.459012753533864, "p1": 30.600590678842497, "p2": 19.00417483830235, "p3": 23.22656353549371, "p4": 31.300719179118392, "pol1": 0.054818659524966895, "pol2": -0.757905073006339, "pol3": 0.04666720321888551, "pol4": 0.5971316811189644, "v0s": 5.456493984472261}, "datetime": {"datetime": "2022-06-16 17:02:00", "elapsed": 313167.639424, "delta": 13.432098}}
{"target": -1.0, "params": {"Bgrad": 1.7715951985549305, "d1": -1.5719082080862483, "d2": -1.0904530316048522, "d3": 0.3782269812441337, "d4": 0.3472094923931146, "p1": 48.51904646572133, "p2": 49.95175662386636, "p3": 0.12471056325185637, "p4": 22.962349136128363, "pol1": 0.4350395522623911, "pol2": -0.6063648709501601, "pol3": 0.17398350568148735, "pol4": -0.4701476636889521, "v0s": 5.086685930837183}, "datetime": {"datetime": "2022-06-16 17:02:20", "elapsed": 313187.928196, "delta": 20.288772}}
{"target": -1.0, "params": {"Bgrad": 0.573319172856085, "d1": -2.52910491206817, "d2": -1.6944827753254126, "d3": -1.2854711617690162, "d4": -2.9128218927860874, "p1": 11.778259875145375, "p2": 35.71929968596446, "p3": 6.447408506248764, "p4": 3.499315696146726, "pol1": 0.14705003522282434, "pol2": -0.025367599340470504, "pol3": -0.8523191344445942, "pol4": 0.2044844197894531, "v0s": 4.310917187650502}, "datetime": {"datetime": "2022-06-16 17:02:36", "elapsed": 313203.389869, "delta": 15.461673}}
{"target": -1.0, "params": {"Bgrad": 1.798258590241525, "d1": -1.832095391631348, "d2": -0.6057240651030948, "d3": -1.6317655583530715, "d4": -0.09837111840184631, "p1": 49.288251640170024, "p2": 17.940774716435335, "p3": 1.456759046442374, "p4": 18.895440454344868, "pol1": -0.45090748716606743, "pol2": 0.020703798864928125, "pol3": -0.11493108081586079, "pol4": -0.8411593048242936, "v0s": 3.6358279151463835}, "datetime": {"datetime": "2022-06-16 17:02:52", "elapsed": 313219.594557, "delta": 16.204688}}
{"target": -1.0, "params": {"Bgrad": 1.5120632483701058, "d1": -2.0316405218450155, "d2": 0.48894536030785396, "d3": 0.8404188508641788, "d4": -0.4036895634018407, "p1": 49.10183092074888, "p2": 45.64349014515292, "p3": 13.421523226703059, "p4": 35.06503221910495, "pol1": -0.5550029184408245, "pol2": -0.2652729444283115, "pol3": 0.9034222163374783, "pol4": 0.13092017073147022, "v0s": 7.115978300681508}, "datetime": {"datetime": "2022-06-16 17:03:20", "elapsed": 313247.246647, "delta": 27.65209}}
{"target": -1.0, "params": {"Bgrad": 1.9269754212887418, "d1": -0.31230362516346455, "d2": -0.6158181575742594, "d3": -2.927551232374063, "d4": -2.6920183140309795, "p1": 19.094321083216176, "p2": 33.081352450182536, "p3": 36.958370008287936, "p4": 29.842602275692077, "pol1": 0.05716225273966358, "pol2": -0.40483128298936455, "pol3": -0.25114770031371036, "pol4": 0.39505551491856616, "v0s": 5.776149319738069}, "datetime": {"datetime": "2022-06-16 17:03:39", "elapsed": 313266.420399, "delta": 19.173752}}
{"target": 2.4775439747071717, "params": {"Bgrad": 1.8703296933636935, "d1": -0.6866447374595204, "d2": 0.8455979140552703, "d3": -1.1001183334986893, "d4": 0.0470027917488931, "p1": 47.053345266319106, "p2": 26.9314634566155, "p3": 13.91370911475317, "p4": 38.62558231732497, "pol1": -0.49234892663571195, "pol2": 0.2595153811278479, "pol3": -0.6942173164160148, "pol4": 0.6639105649505124, "v0s": 2.4775439747071717}, "datetime": {"datetime": "2022-06-16 17:03:50", "elapsed": 313277.694266, "delta": 11.273867}}
{"target": -1.0, "params": {"Bgrad": 0.8112411681373746, "d1": -1.3140843864321097, "d2": -0.8750136612827872, "d3": -2.3702797444116226, "d4": -0.8767556018702418, "p1": 10.561086770304662, "p2": 28.59270061865149, "p3": 24.710359811858417, "p4": 40.77115704964482, "pol1": -0.5769297146493371, "pol2": -0.8071796656146686, "pol3": 0.24796718766535308, "pol4": 0.10790380165580338, "v0s": 4.303434615849005}, "datetime": {"datetime": "2022-06-16 17:04:13", "elapsed": 313300.942129, "delta": 23.247863}}
{"target": -1.0, "params": {"Bgrad": 0.8322033553225449, "d1": -1.9451245974919376, "d2": -0.8953534931541269, "d3": 0.989829036910868, "d4": -2.8358630126400763, "p1": 31.170803403293874, "p2": 47.642476939190644, "p3": 33.2174156917145, "p4": 2.1634959730183976, "pol1": 0.3460118980287905, "pol2": 0.4901463372834274, "pol3": -0.45616081469021186, "pol4": -0.7207474666369338, "v0s": 7.7181593272338045}, "datetime": {"datetime": "2022-06-16 17:04:36", "elapsed": 313323.411073, "delta": 22.468944}}
{"target": -1.0, "params": {"Bgrad": 0.9683297664153979, "d1": -0.0816456176923519, "d2": -2.4261898549250414, "d3": -1.1851603832683826, "d4": 0.2495337823972381, "p1": 43.76456936652778, "p2": 33.3873455109994, "p3": 15.690793172170642, "p4": 28.384823907079216, "pol1": -0.16063704311557103, "pol2": 0.43671255440426804, "pol3": 0.07466830618375009, "pol4": 0.45396707651009915, "v0s": 6.916787179025345}, "datetime": {"datetime": "2022-06-16 17:04:54", "elapsed": 313341.974456, "delta": 18.563383}}
{"target": -1.0, "params": {"Bgrad": 0.9510161193465795, "d1": -0.3299481084875211, "d2": -2.8480897748711573, "d3": -1.164118621757868, "d4": -0.8157783773325358, "p1": 30.66746609626713, "p2": 39.35134445807585, "p3": 10.117101989440936, "p4": 34.85476791599052, "pol1": -0.4095650551673724, "pol2": 0.07365465521037429, "pol3": 0.375156185161988, "pol4": -0.8099832134919398, "v0s": 4.321926637796157}, "datetime": {"datetime": "2022-06-16 17:05:12", "elapsed": 313359.298153, "delta": 17.323697}}
{"target": -1.0, "params": {"Bgrad": 0.9530014877820993, "d1": -0.5213736253102934, "d2": 0.8496919158417287, "d3": 0.47340642508814623, "d4": -0.9879135286522938, "p1": 15.536317602047179, "p2": 45.74758210207065, "p3": 48.37177070371466, "p4": 2.640335515866071, "pol1": 0.021525452858260463, "pol2": -0.90586300722897, "pol3": 0.8878531857642356, "pol4": -0.40459305377941845, "v0s": 2.155769956530393}, "datetime": {"datetime": "2022-06-16 17:05:32", "elapsed": 313379.510129, "delta": 20.211976}}
{"target": -1.0, "params": {"Bgrad": 1.323272816411043, "d1": -0.48713985341793453, "d2": -0.07818600090628403, "d3": -0.6332491810455383, "d4": 0.512900398534164, "p1": 43.48799721919923, "p2": 11.442325161163074, "p3": 19.81335563848175, "p4": 47.65592269184658, "pol1": 0.7660453548561552, "pol2": 0.017071835378136502, "pol3": -0.7030066253145293, "pol4": 0.6169073611510252, "v0s": 5.17679773968716}, "datetime": {"datetime": "2022-06-16 17:05:57", "elapsed": 313404.783579, "delta": 25.27345}}
