{"target": 3.894879975272791, "params": {"Bgrad": 1.6591340144388684, "d1": -2.316534154587312, "d2": -2.252347962122481, "d3": -2.1909079050093077, "d4": -1.6058200886937861, "p1": 2.6392467428352573, "p2": 30.09453745707457, "p3": 23.853218017284497, "p4": 22.295074320872807, "pol1": -0.48448651231904954, "pol2": 0.5745400073829328, "pol3": 0.45793867306908476, "pol4": 0.6436547664796345, "v0s": 3.894879975272791}, "datetime": {"datetime": "2022-04-29 15:17:36", "elapsed": 85568.903207, "delta": 20.855236}}
{"target": -1.0, "params": {"Bgrad": 0.980185403838157, "d1": -1.0523589547240242, "d2": 0.8753056382303517, "d3": -2.0572047021537836, "d4": -1.0133058391412781, "p1": 4.155527831506772, "p2": 0.9680104185758598, "p3": 40.42920733479204, "p4": 47.97489959966257, "pol1": 0.4195953896854687, "pol2": 0.19903030308563974, "pol3": 0.6359208814343666, "pol4": 0.49396501618944066, "v0s": 3.1688277185480738}, "datetime": {"datetime": "2022-04-29 15:18:09", "elapsed": 85602.031628, "delta": 33.128421}}
{"target": 4.018172359888189, "params": {"Bgrad": 0.963849953501894, "d1": -2.5967491619416925, "d2": 0.21710915927508218, "d3": -1.6826490440254656, "d4": -0.9279917087330088, "p1": 41.78675573021558, "p2": 43.240433060338816, "p3": 31.44437288636635, "p4": 15.124206688831736, "pol1": -0.24033313776367102, "pol2": -0.35571600900562644, "pol3": 0.9460207033467245, "pol4": 0.26212131565528185, "v0s": 4.018172359888189}, "datetime": {"datetime": "2022-04-29 15:18:23", "elapsed": 85616.527868, "delta": 14.49624}}
{"target": -1.0, "params": {"Bgrad": 1.187533187089905, "d1": -2.3730585769271437, "d2": -1.1172354727856635, "d3": -2.137382435740708, "d4": -2.16644057706306, "p1": 10.390031257568733, "p2": 5.424488417563228, "p3": 27.205112002304848, "p4": 10.991310054674447, "pol1": 0.6936385173454283, "pol2": 0.3780854040243822, "pol3": -0.03628004585824174, "pol4": 0.35225736751343995, "v0s": 5.414100260532646}, "datetime": {"datetime": "2022-04-29 15:18:43", "elapsed": 85636.341889, "delta": 19.814021}}
{"target": 4.538787004211699, "params": {"Bgrad": 1.9380096736210524, "d1": -2.303518322894538, "d2": -0.6817032425351939, "d3": -2.9796649939706805, "d4": -2.2500304056566214, "p1": 8.089064304737652, "p2": 35.45218840739151, "p3": 35.33028562073372, "p4": 33.71221328514682, "pol1": -0.5598682936165034, "pol2": 0.8126298403831187, "pol3": -0.6318771361725002, "pol4": 0.22189156841996382, "v0s": 4.538787004211699}, "datetime": {"datetime": "2022-04-29 15:19:00", "elapsed": 85652.62535, "delta": 16.283461}}
{"target": -1.0, "params": {"Bgrad": 0.8255969757568398, "d1": -1.3212630505602476, "d2": 0.8427822262878797, "d3": -2.0857514188451476, "d4": -1.0351264525881048, "p1": 24.006274925185693, "p2": 23.67491886100067, "p3": 14.051626210880286, "p4": 37.231509673859094, "pol1": -0.10960891581558574, "pol2": -0.5463719933643905, "pol3": 0.9039648545547649, "pol4": -0.506730864347704, "v0s": 3.4843821202097787}, "datetime": {"datetime": "2022-04-29 15:19:12", "elapsed": 85665.451056, "delta": 12.825706}}
{"target": -1.0, "params": {"Bgrad": 1.1194441058250588, "d1": -2.0182776660430513, "d2": -2.7232867036062927, "d3": -1.6116477509751532, "d4": -1.2727773028397413, "p1": 33.64375730748206, "p2": 13.132411005948901, "p3": 23.318597563536624, "p4": 48.09252417220223, "pol1": 0.20263804367453142, "pol2": 0.9762161846394732, "pol3": 0.4877599731755653, "pol4": 0.9283190978645726, "v0s": 3.1677912527673144}, "datetime": {"datetime": "2022-04-29 15:19:31", "elapsed": 85683.996469, "delta": 18.545413}}
{"target": -1.0, "params": {"Bgrad": 1.4666171069459764, "d1": -2.0081176242431527, "d2": 0.7529931098076887, "d3": -0.9319562704469826, "d4": -0.8423712701652795, "p1": 21.416317306330292, "p2": 24.627770666996472, "p3": 9.510202049602235, "p4": 35.21441110138897, "pol1": 0.47617187233714575, "pol2": 0.4620273967703521, "pol3": 0.9337655070285098, "pol4": 0.9586089279200416, "v0s": 5.575242029975312}, "datetime": {"datetime": "2022-04-29 15:20:00", "elapsed": 85712.972991, "delta": 28.976522}}
{"target": -1.0, "params": {"Bgrad": 1.6261603497281614, "d1": -0.8283262558029039, "d2": -1.4807702683834276, "d3": -1.5887182929122257, "d4": -2.1382954406608943, "p1": 27.811888125588485, "p2": 10.813025799354337, "p3": 9.89002354658855, "p4": 47.03298991006698, "pol1": -0.8983164295316299, "pol2": -0.14790808232681574, "pol3": -0.3014683303911816, "pol4": -0.6065223929992722, "v0s": 4.6602799715777135}, "datetime": {"datetime": "2022-04-29 15:20:23", "elapsed": 85736.414314, "delta": 23.441323}}
{"target": 4.984738181762912, "params": {"Bgrad": 1.358278303297888, "d1": -2.0718793004140634, "d2": 0.3168686181850311, "d3": -0.6907882152190687, "d4": -1.5770882436888942, "p1": 0.34105853687321774, "p2": 16.25178964796347, "p3": 12.689438855129897, "p4": 5.420534354354589, "pol1": 0.9439408501177997, "pol2": -0.4837091338521933, "pol3": 0.5627239858086301, "pol4": -0.9805459378404127, "v0s": 4.984738181762912}, "datetime": {"datetime": "2022-04-29 15:20:38", "elapsed": 85750.632297, "delta": 14.217983}}
{"target": -1.0, "params": {"Bgrad": 0.827317570343569, "d1": 0.34577795695857105, "d2": 0.9237408330565104, "d3": -2.2898707496709805, "d4": -0.4916986460425212, "p1": 5.423118040628455, "p2": 1.8927664442748182, "p3": 42.454394977797854, "p4": 47.51368237907567, "pol1": -0.11860803999657832, "pol2": 0.16985151893609296, "pol3": -0.12411247171583972, "pol4": -0.5108161517332932, "v0s": 4.90771419867562}, "datetime": {"datetime": "2022-04-29 15:20:59", "elapsed": 85772.43899, "delta": 21.806693}}
{"target": 3.858328817958731, "params": {"Bgrad": 1.829230780772162, "d1": -0.7110747886670419, "d2": -0.1380441128472456, "d3": -2.0619164061714117, "d4": -1.7966014133754302, "p1": 0.9020515137008744, "p2": 31.207912523055132, "p3": 16.981954215280364, "p4": 9.912156773052228, "pol1": 0.8597283519514829, "pol2": -0.03197270805114938, "pol3": 0.7160171573122422, "pol4": 0.7892303499623305, "v0s": 3.858328817958731}, "datetime": {"datetime": "2022-04-29 15:21:12", "elapsed": 85785.280654, "delta": 12.841664}}
{"target": -1.0, "params": {"Bgrad": 1.6101298568806128, "d1": -0.15939731001210644, "d2": -2.138697686720132, "d3": -1.071936532664004, "d4": 0.7371132889665355, "p1": 4.678668820665472, "p2": 43.73409788146334, "p3": 47.52523123640548, "p4": 42.450465021746936, "pol1": -0.43835844033735194, "pol2": -0.7965364170082923, "pol3": 0.528101377211976, "pol4": -0.26298238146035113, "v0s": 2.03645214003671}, "datetime": {"datetime": "2022-04-29 15:21:33", "elapsed": 85805.54148, "delta": 20.260826}}
{"target": -1.0, "params": {"Bgrad": 0.9670753766987196, "d1": -1.0623713521496052, "d2": -0.1740350027173032, "d3": -0.5551386527740485, "d4": -2.2216975081868773, "p1": 5.62068463124592, "p2": 47.440367067730804, "p3": 12.193989746711352, "p4": 20.53511527663488, "pol1": -0.47480136681689644, "pol2": 0.7455993239873642, "pol3": 0.03693470324487835, "pol4": -0.005075576032692819, "v0s": 4.9025342826328355}, "datetime": {"datetime": "2022-04-29 15:21:51", "elapsed": 85823.611165, "delta": 18.069685}}
{"target": -1.0, "params": {"Bgrad": 1.689624017349798, "d1": 0.9925204552941853, "d2": 0.9838848022906554, "d3": -0.34369060406959395, "d4": -0.8372873097460523, "p1": 3.089905594488135, "p2": 0.463108462800943, "p3": 40.35965811269786, "p4": 46.5230683641489, "pol1": -0.9678064448460446, "pol2": -0.794272076711593, "pol3": -0.21168019901841828, "pol4": 0.019291407652509918, "v0s": 4.044218532278716}, "datetime": {"datetime": "2022-04-29 15:22:12", "elapsed": 85845.240332, "delta": 21.629167}}
{"target": 3.071250628742921, "params": {"Bgrad": 0.5532095477009537, "d1": -0.7827885000088086, "d2": -0.41145137373172513, "d3": -1.626590781441767, "d4": 0.748653041738919, "p1": 24.221667586478524, "p2": 29.755030387862284, "p3": 24.066946315641296, "p4": 3.0915400148943064, "pol1": -0.9211668873804992, "pol2": -0.4934005612826411, "pol3": -0.12205684979774767, "pol4": 0.18741651874701337, "v0s": 3.071250628742921}, "datetime": {"datetime": "2022-04-29 15:22:25", "elapsed": 85858.323351, "delta": 13.083019}}
{"target": 3.733736235269933, "params": {"Bgrad": 1.5302846609621925, "d1": -2.1973859419622177, "d2": 0.22938398957518688, "d3": -0.8923348898641505, "d4": -0.0792545590920098, "p1": 35.227425476758405, "p2": 39.268376390003056, "p3": 23.28175873113714, "p4": 20.001654912239346, "pol1": 0.43721846688464044, "pol2": 0.254918521348288, "pol3": -0.4537467731052172, "pol4": 0.039327023599427476, "v0s": 3.733736235269933}, "datetime": {"datetime": "2022-04-29 15:22:39", "elapsed": 85871.640742, "delta": 13.317391}}
{"target": -1.0, "params": {"Bgrad": 1.0702010957335897, "d1": -2.456588202593032, "d2": -1.0185723286863628, "d3": -1.615406781620905, "d4": -1.9547983198421148, "p1": 5.3807725965590585, "p2": 36.11335881901832, "p3": 35.797334236240744, "p4": 34.44867534756684, "pol1": 0.23807107588036835, "pol2": -0.13507748359770044, "pol3": -0.26933949214686526, "pol4": 0.497239868881999, "v0s": 5.22109723379225}, "datetime": {"datetime": "2022-04-29 15:22:59", "elapsed": 85891.678166, "delta": 20.037424}}
{"target": -1.0, "params": {"Bgrad": 1.3822364041718496, "d1": -1.9503112064316594, "d2": -0.9804923086560748, "d3": -2.732751871023565, "d4": -0.9121808780696732, "p1": 1.2474119220571567, "p2": 45.57078463925608, "p3": 47.912799409464235, "p4": 37.3546686211071, "pol1": 0.48454236197698597, "pol2": -0.2717862610342876, "pol3": -0.6803186067606966, "pol4": -0.05999989486145041, "v0s": 3.3288576923532514}, "datetime": {"datetime": "2022-04-29 15:23:18", "elapsed": 85910.816992, "delta": 19.138826}}
{"target": -1.0, "params": {"Bgrad": 0.6952486361532959, "d1": -2.5871380778174884, "d2": 0.7832511383095491, "d3": -1.9146344533163084, "d4": -1.225152877611999, "p1": 25.02222491674572, "p2": 37.92085219245749, "p3": 24.730279191677894, "p4": 7.066882060237956, "pol1": -0.42502179206535873, "pol2": 0.119826758007189, "pol3": -0.0067958370586620465, "pol4": 0.9303423064892262, "v0s": 2.8848216412553476}, "datetime": {"datetime": "2022-04-29 15:23:29", "elapsed": 85921.583206, "delta": 10.766214}}
{"target": -1.0, "params": {"Bgrad": 1.5957828464861965, "d1": -1.2071514981057234, "d2": -0.4368981678130668, "d3": -0.8640279894554581, "d4": 0.503732575246655, "p1": 36.396210547553856, "p2": 37.74366147860546, "p3": 22.31918752550089, "p4": 19.130510675442036, "pol1": -0.9518556560646656, "pol2": 0.8971707114521512, "pol3": 0.08539356989035185, "pol4": 0.027045817934210792, "v0s": 3.8103858986168486}, "datetime": {"datetime": "2022-04-29 15:23:52", "elapsed": 85944.893877, "delta": 23.310671}}
{"target": -1.0, "params": {"Bgrad": 1.255731310248697, "d1": 0.22148686401337248, "d2": -1.7467550438665573, "d3": -0.07787265583256398, "d4": -2.6190309803692213, "p1": 9.584765774266495, "p2": 38.600670097424484, "p3": 32.19448522375413, "p4": 7.186169117523766, "pol1": -0.7146258840735034, "pol2": 0.931955327279538, "pol3": -0.605647049342658, "pol4": 0.9288735309426355, "v0s": 3.6149252821072957}, "datetime": {"datetime": "2022-04-29 15:24:08", "elapsed": 85960.858191, "delta": 15.964314}}
{"target": 4.926345020613953, "params": {"Bgrad": 0.7190716306332785, "d1": -2.912256792281017, "d2": 0.7720349262518571, "d3": -1.2373940708097977, "d4": -1.3468241856737628, "p1": 30.13348916062496, "p2": 28.865727193354896, "p3": 9.871309906728337, "p4": 8.127758651254407, "pol1": -0.18148880498298547, "pol2": -0.5307165497084385, "pol3": 0.407289598693126, "pol4": 0.036101902337262404, "v0s": 4.926345020613953}, "datetime": {"datetime": "2022-04-29 15:24:23", "elapsed": 85976.3757, "delta": 15.517509}}
{"target": -1.0, "params": {"Bgrad": 1.5660029147867407, "d1": 0.5486886906927992, "d2": -0.45040123051597947, "d3": -2.357150333210229, "d4": 0.19953614471543002, "p1": 26.29080897815562, "p2": 6.765219074318463, "p3": 33.450064808687976, "p4": 27.60392237559044, "pol1": 0.9523535293028829, "pol2": 0.9906008686417118, "pol3": 0.9287317706604015, "pol4": 0.5764378256097697, "v0s": 4.316792773707049}, "datetime": {"datetime": "2022-04-29 15:24:47", "elapsed": 86000.392484, "delta": 24.016784}}
{"target": 3.2448455516605508, "params": {"Bgrad": 1.3902039920319358, "d1": -2.1145243888214704, "d2": -0.3439193481401457, "d3": -0.7730554117276021, "d4": -1.1425748068963673, "p1": 32.34794091671202, "p2": 7.591372113931094, "p3": 6.72763053967299, "p4": 26.572717867968777, "pol1": -0.9635667922346516, "pol2": 0.5575051818972132, "pol3": 0.3128354140128278, "pol4": 0.5527248660961384, "v0s": 3.2448455516605508}, "datetime": {"datetime": "2022-04-29 15:25:02", "elapsed": 86014.562595, "delta": 14.170111}}
{"target": -1.0, "params": {"Bgrad": 1.1058590633608494, "d1": -0.04377598333306798, "d2": -0.00374715856424368, "d3": -0.5294217836455917, "d4": -0.5156400096424494, "p1": 24.260822429677592, "p2": 21.034158095898327, "p3": 34.9594032690017, "p4": 8.070362433254596, "pol1": -0.15878358614491672, "pol2": -0.8878020432665317, "pol3": -0.3309466676580517, "pol4": 0.4088835242633728, "v0s": 3.641433821638293}, "datetime": {"datetime": "2022-04-29 15:25:17", "elapsed": 86029.680173, "delta": 15.117578}}
{"target": 3.9370396367078433, "params": {"Bgrad": 1.1301835939660108, "d1": -1.349053312759033, "d2": -0.5231221235725401, "d3": 0.8895396842592551, "d4": -2.8215105146096473, "p1": 45.74908999276934, "p2": 35.64580781210769, "p3": 19.216607182555357, "p4": 28.160436559604186, "pol1": -0.6980292299460205, "pol2": 0.979311488926677, "pol3": -0.015654375033109735, "pol4": -0.7426241010999381, "v0s": 3.9370396367078433}, "datetime": {"datetime": "2022-04-29 15:25:34", "elapsed": 86047.137496, "delta": 17.457323}}
{"target": -1.0, "params": {"Bgrad": 1.4972295149222197, "d1": -2.0213821356478356, "d2": -0.6039643309863947, "d3": -1.0418953181598032, "d4": -2.0109986868958387, "p1": 2.560870248306407, "p2": 41.48144526922578, "p3": 7.0813936430830005, "p4": 24.14676447981084, "pol1": 0.14171605014721433, "pol2": -0.3481945581940098, "pol3": -0.3932637613135581, "pol4": 0.05427954570157145, "v0s": 3.483186762955639}, "datetime": {"datetime": "2022-04-29 15:25:56", "elapsed": 86069.046914, "delta": 21.909418}}
{"target": -1.0, "params": {"Bgrad": 1.2392995772681978, "d1": 0.13664906633437912, "d2": 0.4389180791609868, "d3": -2.5816733708002064, "d4": 0.08606460193569232, "p1": 23.534110983037763, "p2": 6.300370734803651, "p3": 31.79637729099924, "p4": 29.055259952136296, "pol1": 0.5100262611579904, "pol2": 0.23282166244588454, "pol3": 0.7531844356712183, "pol4": -0.970289967907737, "v0s": 3.8714501444359435}, "datetime": {"datetime": "2022-04-29 15:26:17", "elapsed": 86090.21731, "delta": 21.170396}}
{"target": -1.0, "params": {"Bgrad": 1.2897419161866759, "d1": 0.8515199577494901, "d2": 0.6083002328202309, "d3": -2.7479899234720593, "d4": 0.3523237133269199, "p1": 47.07123318365744, "p2": 25.337177510291436, "p3": 19.940803447388205, "p4": 4.423886339639255, "pol1": -0.5688665275030775, "pol2": 0.984941367930894, "pol3": 0.6231698909830663, "pol4": -0.4408281522486992, "v0s": 4.588469694845901}, "datetime": {"datetime": "2022-04-29 15:26:34", "elapsed": 86107.308611, "delta": 17.091301}}
{"target": -1.0, "params": {"Bgrad": 0.5658357730276566, "d1": -1.8523596210527549, "d2": 0.8028466266952812, "d3": -2.438574142704538, "d4": -2.012363146169125, "p1": 5.5627782679017805, "p2": 1.1647406339144462, "p3": 40.27270876976612, "p4": 46.95374316812834, "pol1": 0.2008377580520191, "pol2": -0.7047360099409594, "pol3": 0.3609654159827955, "pol4": -0.6988743061571647, "v0s": 6.640502032628039}, "datetime": {"datetime": "2022-04-29 15:26:44", "elapsed": 86117.007676, "delta": 9.699065}}
{"target": -1.0, "params": {"Bgrad": 0.9926556603456985, "d1": -1.114486713898526, "d2": -1.227535512478895, "d3": -2.248694183376674, "d4": -1.2687764167226474, "p1": 2.319471075077834, "p2": 31.162109865476072, "p3": 11.638450480165059, "p4": 19.852747599695487, "pol1": 0.31523342658424025, "pol2": 0.2647552071513868, "pol3": 0.49948967844138337, "pol4": 0.9685654973829914, "v0s": 5.569781858467784}, "datetime": {"datetime": "2022-04-29 15:27:12", "elapsed": 86144.86519, "delta": 27.857514}}
{"target": -1.0, "params": {"Bgrad": 0.9651371903324526, "d1": -2.8656096264274633, "d2": 0.08819859044370792, "d3": -1.0299019056565797, "d4": -2.217272823231241, "p1": 22.953722113513468, "p2": 27.46612324157518, "p3": 13.85209859923831, "p4": 34.69041156218865, "pol1": 0.5588839724508934, "pol2": 0.5334337086122083, "pol3": -0.28851225927458013, "pol4": 0.8381890852590388, "v0s": 3.2140588806579613}, "datetime": {"datetime": "2022-04-29 15:27:30", "elapsed": 86163.426561, "delta": 18.561371}}
{"target": 3.5126358498885697, "params": {"Bgrad": 1.7409000093354088, "d1": -1.183582605797198, "d2": -0.28507361717952384, "d3": 0.6944750756590131, "d4": -1.7781924618345575, "p1": 22.5926500499919, "p2": 26.548372362297286, "p3": 1.1394153705940284, "p4": 45.938645737310026, "pol1": -0.2764465189864847, "pol2": 0.48125978406451864, "pol3": 0.3744301128100911, "pol4": 0.19478360050589869, "v0s": 3.5126358498885697}, "datetime": {"datetime": "2022-04-29 15:27:47", "elapsed": 86179.588347, "delta": 16.161786}}
{"target": 4.065850388826845, "params": {"Bgrad": 0.6527532635956296, "d1": -2.6147186964696214, "d2": -1.524623484542933, "d3": -1.4144193840643284, "d4": 0.0702123294593151, "p1": 15.50450565928681, "p2": 14.858197725794836, "p3": 28.381970262669338, "p4": 32.629291390202525, "pol1": -0.8052834560976472, "pol2": 0.022795463757189216, "pol3": -0.312060419612185, "pol4": 0.2834387732919359, "v0s": 4.065850388826845}, "datetime": {"datetime": "2022-04-29 15:27:58", "elapsed": 86190.622842, "delta": 11.034495}}
{"target": -1.0, "params": {"Bgrad": 1.9563035763012941, "d1": -2.120832200911684, "d2": -1.2093233701013797, "d3": -1.4365587540439346, "d4": 0.6946013530476356, "p1": 13.386748306728895, "p2": 15.070913465415165, "p3": 29.745954686506053, "p4": 32.62987952975221, "pol1": 0.12732325684570123, "pol2": -0.5626433653682612, "pol3": 0.6964065081574355, "pol4": -0.7477624279978972, "v0s": 5.316488928200436}, "datetime": {"datetime": "2022-04-29 15:28:22", "elapsed": 86214.730383, "delta": 24.107541}}
{"target": -1.0, "params": {"Bgrad": 0.8716069273416682, "d1": -1.0564957240316066, "d2": 0.6220139244590941, "d3": 0.320407547409141, "d4": 0.28080030442141446, "p1": 36.5352078911864, "p2": 38.27776265468887, "p3": 22.89462033182866, "p4": 19.80137287910184, "pol1": 0.615648927926445, "pol2": 0.9875688357108989, "pol3": 0.38456462423405613, "pol4": 0.006086205515416276, "v0s": 3.0792712924107812}, "datetime": {"datetime": "2022-04-29 15:28:43", "elapsed": 86235.568665, "delta": 20.838282}}
{"target": -1.0, "params": {"Bgrad": 1.204978954112923, "d1": -1.2864463175354008, "d2": 0.8965694258182411, "d3": -0.6342172339226333, "d4": 0.09072425806320128, "p1": 3.72909791537015, "p2": 5.202364582770152, "p3": 22.229231800414773, "p4": 16.929667846629904, "pol1": -0.32476195572972144, "pol2": -0.2637012680945232, "pol3": 0.5243590396594284, "pol4": 0.848996689254762, "v0s": 7.216042290259475}, "datetime": {"datetime": "2022-04-29 15:29:05", "elapsed": 86258.078478, "delta": 22.509813}}
{"target": -1.0, "params": {"Bgrad": 0.995044150231202, "d1": -1.1438192126522546, "d2": -0.4351537554270033, "d3": -0.8740338334379447, "d4": -0.35474999827824494, "p1": 2.0291979792862955, "p2": 32.850702972278604, "p3": 17.334979657927597, "p4": 13.069465132962948, "pol1": 0.43228972889999895, "pol2": -0.5406152130423447, "pol3": 0.7725675581467455, "pol4": 0.28367076658573476, "v0s": 4.362618427658573}, "datetime": {"datetime": "2022-04-29 15:29:25", "elapsed": 86278.336313, "delta": 20.257835}}
{"target": 4.76735449014881, "params": {"Bgrad": 0.8171135478696332, "d1": -2.16379646876926, "d2": 0.6684693965836517, "d3": -1.7930474885040106, "d4": -2.7538405184875274, "p1": 1.0731777969821665, "p2": 14.399821229657839, "p3": 13.078596714111496, "p4": 4.416501783194393, "pol1": 0.7516398464372633, "pol2": -0.7580325678437254, "pol3": 0.768431030967919, "pol4": 0.9839384903279345, "v0s": 4.76735449014881}, "datetime": {"datetime": "2022-04-29 15:29:37", "elapsed": 86290.522728, "delta": 12.186415}}
{"target": -1.0, "params": {"Bgrad": 1.8736413217334535, "d1": -1.5783557259836052, "d2": -0.4585688269363937, "d3": -3.0, "d4": 0.1570125802471185, "p1": 28.795292170801467, "p2": 40.84985007429765, "p3": 29.931069496394624, "p4": 20.390075333802983, "pol1": -0.17802956835599015, "pol2": -0.7238121680242111, "pol3": 0.13535199174965726, "pol4": 0.1440486447452905, "v0s": 4.808016257652319}, "datetime": {"datetime": "2022-04-29 15:29:57", "elapsed": 86309.83509, "delta": 19.312362}}
{"target": -1.0, "params": {"Bgrad": 1.865106040945308, "d1": -2.7296327633429645, "d2": -0.7028896185670486, "d3": -0.19974760252045298, "d4": -0.6408941622872955, "p1": 0.8741001674614557, "p2": 31.31166800850414, "p3": 16.60175838453203, "p4": 9.5551620095434, "pol1": 0.05625430066008308, "pol2": -0.7233395048121918, "pol3": -0.040719328566054314, "pol4": -0.41702431425806363, "v0s": 3.5789032791282205}, "datetime": {"datetime": "2022-04-29 15:30:19", "elapsed": 86332.15541, "delta": 22.32032}}
{"target": -1.0, "params": {"Bgrad": 0.9291159683821343, "d1": -1.7995067386255488, "d2": 0.274203907138971, "d3": -0.4721358308323369, "d4": -1.782465844385825, "p1": 30.309670042639382, "p2": 45.02095774656484, "p3": 24.6980344681319, "p4": 29.714399654396246, "pol1": 0.2980824028683786, "pol2": 0.4040036477081861, "pol3": -0.2876414648943384, "pol4": -0.5512528340535698, "v0s": 3.865182693149885}, "datetime": {"datetime": "2022-04-29 15:30:31", "elapsed": 86344.506386, "delta": 12.350976}}
