{"target": 5.28661003089673, "params": {"Bgrad": 0.7693360638378214, "d1": -2.2246154822039745, "d2": 0.36696737369571625, "d3": -1.2407042984961159, "d4": -0.22350121219017335, "p1": 5.444323379222911, "p2": 13.154363108781292, "p3": 33.95770820424462, "p4": 2.897026575489461, "pol1": -0.00607604492503132, "pol2": 0.6005762189305737, "pol3": -0.060115461953086355, "pol4": 0.8012879724168083, "v0s": 5.28661003089673}, "datetime": {"datetime": "2022-04-29 21:45:40", "elapsed": 108853.004778, "delta": 30.734821}}
{"target": -1.0, "params": {"Bgrad": 0.5135650198664228, "d1": 0.706189619179395, "d2": 0.4624913160529496, "d3": -0.7820894451597304, "d4": -2.2726195565714034, "p1": 24.12728629913686, "p2": 27.261478393290258, "p3": 12.378458258391529, "p4": 36.62333187314713, "pol1": -0.27408283974116965, "pol2": -0.22068700654359663, "pol3": 0.47243172690698665, "pol4": -0.3577597804417376, "v0s": 2.9383218952180448}, "datetime": {"datetime": "2022-04-29 21:46:09", "elapsed": 108882.450046, "delta": 29.445268}}
{"target": 3.893629887352703, "params": {"Bgrad": 1.624545988976418, "d1": -2.3005304856297464, "d2": 0.9225222880483699, "d3": -0.13610008792154105, "d4": -1.040693433230802, "p1": 41.528459223775506, "p2": 23.109310187108406, "p3": 23.953089537707495, "p4": 4.252779733760049, "pol1": -0.09100528144072051, "pol2": -0.2645608206450787, "pol3": -0.7929747265805516, "pol4": 0.4693026087915553, "v0s": 3.893629887352703}, "datetime": {"datetime": "2022-04-29 21:46:45", "elapsed": 108917.5482, "delta": 35.098154}}
{"target": 4.812223696246029, "params": {"Bgrad": 0.8492419229191773, "d1": -2.436967170869794, "d2": 0.005589956071168967, "d3": -0.9621951771060986, "d4": -0.5466925268987346, "p1": 4.482840042619668, "p2": 1.8523212717793003, "p3": 37.619387724662005, "p4": 46.12146247420017, "pol1": 0.6401895036295171, "pol2": -0.23092059048861935, "pol3": -0.4165065148224727, "pol4": 0.11739311379870854, "v0s": 4.812223696246029}, "datetime": {"datetime": "2022-04-29 21:47:13", "elapsed": 108946.20757, "delta": 28.65937}}
{"target": -1.0, "params": {"Bgrad": 1.9392924542880274, "d1": -2.113190692673202, "d2": 0.8684752103530977, "d3": -0.43971754686703957, "d4": -1.8926087665835123, "p1": 4.936763088176943, "p2": 20.334268873117868, "p3": 11.73794309654746, "p4": 26.892213320607567, "pol1": -0.9204011782413226, "pol2": -0.2821941722504817, "pol3": -0.9923808770942844, "pol4": 0.8284699418987851, "v0s": 3.6627737414398442}, "datetime": {"datetime": "2022-04-29 21:48:11", "elapsed": 109003.70982, "delta": 57.50225}}
{"target": -1.0, "params": {"Bgrad": 1.907959448302087, "d1": -2.2640492065307742, "d2": -1.8581667197191578, "d3": -2.291271058736305, "d4": -0.6279401517394314, "p1": 42.08683051386205, "p2": 25.43946926308235, "p3": 12.439462087634618, "p4": 38.97184242918444, "pol1": -0.18511146757837516, "pol2": -0.2111722236036305, "pol3": 0.5810802463057845, "pol4": -0.2878614550286063, "v0s": 4.149690237647917}, "datetime": {"datetime": "2022-04-29 21:49:00", "elapsed": 109053.068843, "delta": 49.359023}}
{"target": -1.0, "params": {"Bgrad": 1.28534071202943, "d1": 0.050608604988472194, "d2": 0.5049236237321582, "d3": -2.671594274180434, "d4": 0.08851764301264353, "p1": 42.28220461258212, "p2": 25.386059470981376, "p3": 40.57067857305472, "p4": 49.51623632695018, "pol1": 0.5538763216935867, "pol2": -0.33598528553805673, "pol3": -0.3464076723040084, "pol4": 0.7370300503670086, "v0s": 4.713384529088948}, "datetime": {"datetime": "2022-04-29 21:49:38", "elapsed": 109091.025354, "delta": 37.956511}}
{"target": -1.0, "params": {"Bgrad": 0.7275970697114222, "d1": -0.6236212960521694, "d2": -0.7080804335303572, "d3": -2.8609453095429633, "d4": -0.47601033112478586, "p1": 28.755331717435467, "p2": 7.551681865344512, "p3": 23.395933471174814, "p4": 28.765063243644732, "pol1": -0.4449378573396612, "pol2": 0.2563231206575691, "pol3": -0.4520772553326784, "pol4": -0.10282367593770259, "v0s": 3.3576065911897217}, "datetime": {"datetime": "2022-04-29 21:49:56", "elapsed": 109109.267578, "delta": 18.242224}}
{"target": -1.0, "params": {"Bgrad": 0.5826720016076579, "d1": -1.2048956051494049, "d2": 0.06901665493142284, "d3": 0.30548774838775694, "d4": -1.8701060323611585, "p1": 15.601505254745174, "p2": 16.66195883505932, "p3": 29.5634188618498, "p4": 33.48390679979762, "pol1": -0.06811616602204995, "pol2": 0.16791924759873078, "pol3": 0.8340829694346761, "pol4": 0.04668670054315194, "v0s": 5.332708798341582}, "datetime": {"datetime": "2022-04-29 21:50:55", "elapsed": 109167.755192, "delta": 58.487614}}
{"target": 3.9145738953445095, "params": {"Bgrad": 1.389843751677296, "d1": -2.300507298706792, "d2": 0.812134910766141, "d3": -0.38027024304045254, "d4": -0.677789699980489, "p1": 41.915565033449006, "p2": 23.371055163957962, "p3": 23.72778480633191, "p4": 4.229976757701323, "pol1": -0.3022903731980493, "pol2": -0.18413295565690754, "pol3": -0.792509252452839, "pol4": 0.5681244485539205, "v0s": 3.9145738953445095}, "datetime": {"datetime": "2022-04-29 21:51:15", "elapsed": 109187.675928, "delta": 19.920736}}
{"target": 3.8260692858032055, "params": {"Bgrad": 1.234383578600436, "d1": -0.3037469677570126, "d2": -0.05523125001681928, "d3": -0.3781762377227573, "d4": -1.7048339241909143, "p1": 11.73130976580778, "p2": 0.12843152018361947, "p3": 47.00619647321261, "p4": 34.16000137385375, "pol1": -0.7895841898924956, "pol2": 0.5078593687993456, "pol3": -0.28853930066974387, "pol4": -0.598033229655669, "v0s": 3.8260692858032055}, "datetime": {"datetime": "2022-04-29 21:51:48", "elapsed": 109220.866183, "delta": 33.190255}}
{"target": 4.65287523976577, "params": {"Bgrad": 1.4776839384804905, "d1": -2.620513221463915, "d2": 0.6136930773001217, "d3": -2.238074835943646, "d4": -0.952424130651906, "p1": 16.712197443175715, "p2": 38.51884501002249, "p3": 1.8417754363115435, "p4": 31.901643049459317, "pol1": -0.06539468764440418, "pol2": -0.5411589483083477, "pol3": 0.581054276644886, "pol4": -0.3582811290458142, "v0s": 4.65287523976577}, "datetime": {"datetime": "2022-04-29 21:52:19", "elapsed": 109252.010908, "delta": 31.144725}}
{"target": 4.680325023626439, "params": {"Bgrad": 1.5163297811880287, "d1": -2.1433028557228626, "d2": 0.12136748019721333, "d3": -0.9084595630979246, "d4": -0.4253074930945435, "p1": 0.9178289471121853, "p2": 33.43904316689039, "p3": 16.77310005672433, "p4": 10.738550630145271, "pol1": 0.721965093298548, "pol2": 0.6097192178917051, "pol3": 0.40351619191291127, "pol4": -0.24840845663945912, "v0s": 4.680325023626439}, "datetime": {"datetime": "2022-04-29 21:52:52", "elapsed": 109284.99671, "delta": 32.985802}}
{"target": 3.518341452600154, "params": {"Bgrad": 0.9346696610037235, "d1": -1.9772863301187278, "d2": 0.26153280660884537, "d3": 0.5153570737347377, "d4": -0.46808699400480114, "p1": 30.089630817416353, "p2": 44.052422296705615, "p3": 22.8366669621444, "p4": 28.832206712722446, "pol1": -0.2602458523691338, "pol2": -0.7506940421684127, "pol3": -0.7682388625390719, "pol4": 0.5526719201358747, "v0s": 3.518341452600154}, "datetime": {"datetime": "2022-04-29 21:53:14", "elapsed": 109307.139504, "delta": 22.142794}}
{"target": 5.796393941822914, "params": {"Bgrad": 1.9481134438483805, "d1": -2.559168939543877, "d2": 0.4428857678703446, "d3": -0.8138484573011997, "d4": -0.9465453477744847, "p1": 8.220442297624937, "p2": 33.42158419725365, "p3": 22.9709457450435, "p4": 44.70779536288424, "pol1": -0.18929421724353057, "pol2": 0.27594764539875705, "pol3": -0.27076641515218225, "pol4": 0.8431548490552268, "v0s": 5.796393941822914}, "datetime": {"datetime": "2022-04-29 21:53:43", "elapsed": 109335.866693, "delta": 28.727189}}
{"target": 5.021594401199076, "params": {"Bgrad": 0.9678451854913812, "d1": -2.136336502802655, "d2": 0.5798063736118606, "d3": -0.562382207578815, "d4": -0.6869389831629844, "p1": 3.234154461928446, "p2": 8.452726188421439, "p3": 22.44985351818314, "p4": 16.871390143138175, "pol1": -0.4627769423315915, "pol2": -0.5752403440330982, "pol3": -0.2974634907470448, "pol4": -0.7429583000178908, "v0s": 5.021594401199076}, "datetime": {"datetime": "2022-04-29 21:54:25", "elapsed": 109378.187534, "delta": 42.320841}}
{"target": -1.0, "params": {"Bgrad": 1.5464137281234285, "d1": -1.1197998303107162, "d2": 0.7182245890836598, "d3": 0.41707905773482423, "d4": -2.73623924358646, "p1": 33.34075976463314, "p2": 14.0745654405253, "p3": 3.870912118598696, "p4": 15.778691965135533, "pol1": 0.8244259987031479, "pol2": -0.36292791204930164, "pol3": 0.16137091777388224, "pol4": 0.48723849572192646, "v0s": 3.367873948802737}, "datetime": {"datetime": "2022-04-29 21:54:59", "elapsed": 109411.957241, "delta": 33.769707}}
{"target": 4.762649953462297, "params": {"Bgrad": 1.4278325877270948, "d1": -2.754798273654473, "d2": 0.22289573667645035, "d3": -0.45500811383171136, "d4": -1.1406530274349898, "p1": 17.766695447322874, "p2": 14.950399919381013, "p3": 29.740979868173397, "p4": 36.08087749611375, "pol1": -0.3425430934993772, "pol2": -0.6771289259890386, "pol3": 0.6268680705545864, "pol4": -0.12615093484190543, "v0s": 4.762649953462297}, "datetime": {"datetime": "2022-04-29 21:55:29", "elapsed": 109442.068728, "delta": 30.111487}}
{"target": 4.732277752835541, "params": {"Bgrad": 1.5459461019979237, "d1": -1.2288398533278784, "d2": 0.3400816351449402, "d3": -0.02885683001060682, "d4": -0.5614152340493688, "p1": 4.105807815657605, "p2": 2.252703291505892, "p3": 40.969218714015774, "p4": 46.400948697389, "pol1": -0.2962206622769742, "pol2": 0.7806569880596737, "pol3": 0.6292875320897288, "pol4": -0.3010921737548411, "v0s": 4.732277752835541}, "datetime": {"datetime": "2022-04-29 21:55:53", "elapsed": 109465.685581, "delta": 23.616853}}
{"target": 4.565652333962486, "params": {"Bgrad": 1.3268064925344545, "d1": -1.8438500160700257, "d2": -0.04371604790194068, "d3": -1.951932201194019, "d4": -1.9745495059460103, "p1": 0.6494999514922976, "p2": 15.4708167257725, "p3": 13.824332269307403, "p4": 4.873599692908656, "pol1": 0.7381094279369292, "pol2": 0.1456097564496518, "pol3": 0.6101167050901155, "pol4": -0.596174254331435, "v0s": 4.565652333962486}, "datetime": {"datetime": "2022-04-29 21:56:35", "elapsed": 109508.190929, "delta": 42.505348}}
{"target": 4.829709659612074, "params": {"Bgrad": 1.76831252370501, "d1": -1.9152469010100042, "d2": 0.5965764462414709, "d3": -1.00477917631497, "d4": -2.348450790215272, "p1": 33.417177666934336, "p2": 13.380990464064988, "p3": 4.175744812881098, "p4": 16.844778253669315, "pol1": -0.0850525408611171, "pol2": 0.4311876191659966, "pol3": 0.8014654171190884, "pol4": -0.19086758254581468, "v0s": 4.829709659612074}, "datetime": {"datetime": "2022-04-29 21:57:05", "elapsed": 109538.002219, "delta": 29.81129}}
{"target": -1.0, "params": {"Bgrad": 1.0590546856739085, "d1": 0.9632364395106632, "d2": -0.607568546435441, "d3": -0.18823134647433282, "d4": -1.3264807518655068, "p1": 26.694401851668896, "p2": 7.412748215285553, "p3": 32.020435529677094, "p4": 27.025362276684124, "pol1": 0.6766934202493551, "pol2": -0.48030174582155816, "pol3": 0.008540681229425529, "pol4": -0.20088858954104727, "v0s": 3.395054439353866}, "datetime": {"datetime": "2022-04-29 21:57:43", "elapsed": 109576.202079, "delta": 38.19986}}
{"target": 4.727002686290645, "params": {"Bgrad": 1.0865903714176552, "d1": -2.224953787648929, "d2": -0.2550820636328135, "d3": -1.538807652474707, "d4": -0.05161983833363459, "p1": 2.4757882417661135, "p2": 9.211973429273652, "p3": 23.582564129051086, "p4": 18.382595325067967, "pol1": -0.4469893346712981, "pol2": 0.3944335658960838, "pol3": 0.22836495023555803, "pol4": 0.028698240446100698, "v0s": 4.727002686290645}, "datetime": {"datetime": "2022-04-29 21:58:06", "elapsed": 109599.403045, "delta": 23.200966}}
{"target": 3.556918207051071, "params": {"Bgrad": 1.8186064382358678, "d1": -0.8396750953037717, "d2": 0.9749963836200894, "d3": -0.3760260687357322, "d4": -0.9055102515420899, "p1": 20.4453698612463, "p2": 25.13896104781217, "p3": 9.849286912071186, "p4": 31.55440106717422, "pol1": 0.21564275320287685, "pol2": 0.6813859948886729, "pol3": 0.5815026022769529, "pol4": -0.7609623395566256, "v0s": 3.556918207051071}, "datetime": {"datetime": "2022-04-29 21:58:26", "elapsed": 109619.364671, "delta": 19.961626}}
{"target": -1.0, "params": {"Bgrad": 0.8766594839678035, "d1": -2.234603695154387, "d2": -1.718861462535342, "d3": -0.4304807011748122, "d4": -2.3377371318133764, "p1": 30.488340802292434, "p2": 6.210406291955639, "p3": 8.109112301786714, "p4": 27.153499449319074, "pol1": -0.5523953805644293, "pol2": 0.08714253457124599, "pol3": -0.4995132864884968, "pol4": -0.9618367820190896, "v0s": 4.1157866339507185}, "datetime": {"datetime": "2022-04-29 21:58:57", "elapsed": 109650.291977, "delta": 30.927306}}
{"target": 3.4607667006575253, "params": {"Bgrad": 1.6061175105848802, "d1": -0.7139893540424622, "d2": -0.13622246006449856, "d3": 0.1825210848633474, "d4": -1.9201119047965776, "p1": 4.976117392811691, "p2": 13.429813478970814, "p3": 33.94828998885949, "p4": 2.0902527075263464, "pol1": 0.7577540907291098, "pol2": 0.12050398776897442, "pol3": 0.6353785260294693, "pol4": -0.9597546757331721, "v0s": 3.4607667006575253}, "datetime": {"datetime": "2022-04-29 21:59:20", "elapsed": 109672.935432, "delta": 22.643455}}
{"target": 3.813248254693741, "params": {"Bgrad": 1.7589002762545787, "d1": -1.8180911642066895, "d2": 0.34063429908778886, "d3": -2.571764115180371, "d4": -1.1874580377939012, "p1": 6.131649697851343, "p2": 35.0593060209069, "p3": 32.92438147360034, "p4": 6.860864625863766, "pol1": -0.10570111129077175, "pol2": -0.39517602220216985, "pol3": 0.38458058279091656, "pol4": 0.8643559501358435, "v0s": 3.813248254693741}, "datetime": {"datetime": "2022-04-29 21:59:51", "elapsed": 109703.683218, "delta": 30.747786}}
{"target": 2.103216694426168, "params": {"Bgrad": 1.9118778908875256, "d1": -1.915997251787247, "d2": 0.10984252043006171, "d3": -2.4736893047679525, "d4": 0.1750648068724443, "p1": 22.881163305768887, "p2": 23.80322612442875, "p3": 8.885182178036533, "p4": 32.391400235542996, "pol1": -0.4871556341231247, "pol2": 0.54445058560041, "pol3": 0.6636810625821008, "pol4": 0.9841740495029401, "v0s": 2.103216694426168}, "datetime": {"datetime": "2022-04-29 22:00:19", "elapsed": 109731.682354, "delta": 27.999136}}
{"target": -1.0, "params": {"Bgrad": 0.9256725747550296, "d1": -0.6194806442214222, "d2": -0.14411255216162333, "d3": -0.27039252217234555, "d4": -0.966228237105367, "p1": 41.219275945308674, "p2": 23.649872192559997, "p3": 23.168120454474096, "p4": 4.820467261912947, "pol1": -0.3197814420336853, "pol2": 0.67368884369485, "pol3": -0.4875605495130635, "pol4": 0.6808099139462231, "v0s": 3.3855092621943927}, "datetime": {"datetime": "2022-04-29 22:00:41", "elapsed": 109753.698486, "delta": 22.016132}}
{"target": -1.0, "params": {"Bgrad": 1.3231428888034584, "d1": -2.2737185369770727, "d2": -0.17117144953829033, "d3": -2.218239216038063, "d4": -1.0616542004112386, "p1": 1.8216385153360437, "p2": 8.879614931810377, "p3": 23.57060995967465, "p4": 18.635789743486793, "pol1": -0.4752613858818413, "pol2": -0.7992943139544484, "pol3": 0.4247870928356372, "pol4": 0.7922286555132076, "v0s": 5.47795396836229}, "datetime": {"datetime": "2022-04-29 22:01:17", "elapsed": 109790.158998, "delta": 36.460512}}
{"target": -1.0, "params": {"Bgrad": 1.5808934110614603, "d1": -1.5369624322330853, "d2": -0.48382479957199065, "d3": -1.7573332469947185, "d4": -1.2615164262501892, "p1": 44.94511301035748, "p2": 26.804792628619957, "p3": 22.831639015470344, "p4": 3.300785855526256, "pol1": 0.3255859213790293, "pol2": 0.48484922523659324, "pol3": -0.27783451670670045, "pol4": 0.25721038929388396, "v0s": 3.4407342207132645}, "datetime": {"datetime": "2022-04-29 22:01:47", "elapsed": 109820.355258, "delta": 30.19626}}
{"target": -1.0, "params": {"Bgrad": 1.067510177940969, "d1": -2.998101207463687, "d2": 0.8399151675466983, "d3": -0.003953499808843297, "d4": 0.5794447423916833, "p1": 4.123637731843733, "p2": 4.394841986008785, "p3": 22.276417428125754, "p4": 17.647570461445184, "pol1": -0.3909467822864874, "pol2": -0.2606653657444413, "pol3": -0.28681119019015955, "pol4": 0.9411920498527051, "v0s": 6.432165246505838}, "datetime": {"datetime": "2022-04-29 22:02:12", "elapsed": 109845.112063, "delta": 24.756805}}
{"target": -1.0, "params": {"Bgrad": 1.5614230493919004, "d1": -0.8581689243864786, "d2": -1.7947283468450057, "d3": 0.4372865371881092, "d4": -1.7464195094410997, "p1": 17.678293272117283, "p2": 38.320184329469505, "p3": 39.714330060329836, "p4": 36.06521790376872, "pol1": -0.5558464557797741, "pol2": -0.14034855810353974, "pol3": 0.3400091073399052, "pol4": -0.4787085560165674, "v0s": 2.8723511794935055}, "datetime": {"datetime": "2022-04-29 22:02:45", "elapsed": 109878.178649, "delta": 33.066586}}
{"target": -1.0, "params": {"Bgrad": 1.7200728490260135, "d1": -2.7487610106840648, "d2": 0.6160565228372024, "d3": -1.938643395092822, "d4": 0.7951288222383153, "p1": 46.64985621367504, "p2": 41.88977052046551, "p3": 6.509156614169775, "p4": 21.072844466036774, "pol1": -0.27641244611177895, "pol2": -0.7938564579203915, "pol3": 0.27827619763974876, "pol4": 0.25715754029904403, "v0s": 2.0421395552953845}, "datetime": {"datetime": "2022-04-29 22:03:42", "elapsed": 109935.524318, "delta": 57.345669}}
{"target": -1.0, "params": {"Bgrad": 0.9260670661779085, "d1": -0.18012496733445404, "d2": -1.88402995604006, "d3": -2.520947407335411, "d4": 0.9699142443635642, "p1": 24.80657175898934, "p2": 24.30375696394766, "p3": 12.892740998901402, "p4": 35.38257319049104, "pol1": 0.8613833647577489, "pol2": 0.5163656452271013, "pol3": -0.047982420720576346, "pol4": 0.85951919055878, "v0s": 3.1216604417355107}, "datetime": {"datetime": "2022-04-29 22:04:13", "elapsed": 109966.023768, "delta": 30.49945}}
{"target": -1.0, "params": {"Bgrad": 0.8986413954466896, "d1": -1.8120788228588456, "d2": -1.2315208404309699, "d3": -0.4686361652859059, "d4": -0.1608926028153066, "p1": 3.1101685029503665, "p2": 8.537160372171886, "p3": 21.29276394105466, "p4": 20.07688534772911, "pol1": 0.4064991971364398, "pol2": 0.22144178521147828, "pol3": -0.6714828331150389, "pol4": -0.6132342132444017, "v0s": 4.84108923263946}, "datetime": {"datetime": "2022-04-29 22:04:38", "elapsed": 109990.898258, "delta": 24.87449}}
{"target": -1.0, "params": {"Bgrad": 0.661305923814666, "d1": -2.654574331357386, "d2": -1.5204048081020467, "d3": 0.6058999740827042, "d4": -0.334263589812573, "p1": 16.11519805700732, "p2": 14.408071229206987, "p3": 28.034893359708285, "p4": 31.979284436541853, "pol1": -0.4395370731330204, "pol2": 0.33076157027295006, "pol3": -0.1326406048375932, "pol4": -0.18324549872753293, "v0s": 5.0309475842923375}, "datetime": {"datetime": "2022-04-29 22:05:16", "elapsed": 110029.190871, "delta": 38.292613}}
{"target": -1.0, "params": {"Bgrad": 1.3564523888751712, "d1": -0.7863449176895716, "d2": 0.8956649492649174, "d3": 0.5882250797676463, "d4": -1.0000859610462314, "p1": 41.40844296529062, "p2": 39.85777661466761, "p3": 29.511875325554666, "p4": 36.67086943381249, "pol1": 0.16726044360442827, "pol2": 0.9353668483927104, "pol3": 0.4698551116055325, "pol4": 0.6778698814336324, "v0s": 3.716910684258373}, "datetime": {"datetime": "2022-04-29 22:05:50", "elapsed": 110063.338565, "delta": 34.147694}}
{"target": 3.5555701725000652, "params": {"Bgrad": 0.9133747959285636, "d1": -0.9477551448255128, "d2": 0.3819755384401202, "d3": -1.8726853098633658, "d4": -2.0208632556199913, "p1": 3.436938809037293, "p2": 1.1871440344601747, "p3": 42.259678049150686, "p4": 48.59639288098042, "pol1": -0.270523874145046, "pol2": 0.26013549764618915, "pol3": 0.5135537298153607, "pol4": 0.5190978888719269, "v0s": 3.5555701725000652}, "datetime": {"datetime": "2022-04-29 22:06:11", "elapsed": 110084.215744, "delta": 20.877179}}
{"target": -1.0, "params": {"Bgrad": 1.9957399108584197, "d1": -0.6163397996269624, "d2": 0.21540630665921778, "d3": -0.07815318101843172, "d4": 0.41435934718987744, "p1": 15.300074598497337, "p2": 15.871417391890619, "p3": 29.664014713816805, "p4": 35.81764529382625, "pol1": -0.2106997122463603, "pol2": -0.09143516036698762, "pol3": 0.7525264491455375, "pol4": 0.9197866755141912, "v0s": 5.513818048887019}, "datetime": {"datetime": "2022-04-29 22:06:47", "elapsed": 110120.22546, "delta": 36.009716}}
{"target": 4.265303632870061, "params": {"Bgrad": 1.0977079536598533, "d1": -1.4175223493752025, "d2": 0.8176074030433447, "d3": -1.5916454261536215, "d4": -1.1674858887179962, "p1": 16.309601775751243, "p2": 40.473990103726486, "p3": 0.6160114918623893, "p4": 30.392632488500297, "pol1": 0.00876529876025911, "pol2": 0.7416446008544277, "pol3": 0.11765031626364286, "pol4": 0.9408160717051994, "v0s": 4.265303632870061}, "datetime": {"datetime": "2022-04-29 22:07:32", "elapsed": 110165.422611, "delta": 45.197151}}
{"target": 4.233206313396016, "params": {"Bgrad": 0.5128126309329525, "d1": -1.4574766781170978, "d2": 0.3785151240677571, "d3": -0.30005484029403373, "d4": -1.6477668512987194, "p1": 2.9155494694435733, "p2": 31.32212572485556, "p3": 12.282737617528467, "p4": 21.005630083464805, "pol1": 0.41878109689162124, "pol2": 0.6167404422973464, "pol3": 0.432865110660416, "pol4": -0.8386595934294794, "v0s": 4.233206313396016}, "datetime": {"datetime": "2022-04-29 22:08:09", "elapsed": 110202.507453, "delta": 37.084842}}
{"target": 2.3315165966142737, "params": {"Bgrad": 1.9343548474043761, "d1": 0.46571180349371666, "d2": -2.430647229924845, "d3": -1.242731614357956, "d4": 0.13215409706451942, "p1": 4.032372971730991, "p2": 42.73971486674236, "p3": 46.736561704334584, "p4": 42.20678699540711, "pol1": -0.5330893849562297, "pol2": 0.03218093015616219, "pol3": -0.4659219815579534, "pol4": 0.5935680635417095, "v0s": 2.3315165966142737}, "datetime": {"datetime": "2022-04-29 22:08:36", "elapsed": 110229.163181, "delta": 26.655728}}
