{"target": 4.593021118323498, "params": {"Bgrad": 1.8012375002269643, "d1": -2.088225378258379, "d2": 0.5957513622413648, "d3": -0.4663402039383805, "d4": -2.052638471913121, "p1": 44.027198718639895, "p2": 20.991351376015324, "p3": 25.810365829169243, "p4": 12.622203794214709, "pol1": -0.29775543064645427, "pol2": -0.19914186251888186, "pol3": 0.14490128606783467, "pol4": -0.09944129367297776, "v0s": 4.593021118323498}, "datetime": {"datetime": "2022-06-24 07:35:06", "elapsed": 12025.302275, "delta": 7.653697}}
{"target": 3.7509759195054246, "params": {"Bgrad": 1.9928801062322719, "d1": -1.1868944495914748, "d2": -0.17808179088228604, "d3": -2.3979915410267747, "d4": 0.09168838407649904, "p1": 3.3219513676296106, "p2": 14.860469332634912, "p3": 35.69772488932374, "p4": 31.802063403527935, "pol1": -0.7718220846852044, "pol2": 0.6695459503291299, "pol3": 0.5726502749494384, "pol4": -0.5239424775165116, "v0s": 3.7509759195054246}, "datetime": {"datetime": "2022-06-24 07:35:13", "elapsed": 12033.087616, "delta": 7.785341}}
{"target": 4.201995298775363, "params": {"Bgrad": 1.7839053582257645, "d1": -2.485902306690329, "d2": -0.6529948051269963, "d3": -0.8354334929215916, "d4": -1.5844076294950389, "p1": 9.367079382087889, "p2": 9.420628801203312, "p3": 33.51594480704661, "p4": 33.08781481236615, "pol1": 0.8208484947414789, "pol2": 0.30199904069207495, "pol3": 0.40757347364708973, "pol4": -0.04203952949362866, "v0s": 4.201995298775363}, "datetime": {"datetime": "2022-06-24 07:35:21", "elapsed": 12040.944311, "delta": 7.856695}}
{"target": -1.0, "params": {"Bgrad": 0.7887063141689239, "d1": -1.4553580348463364, "d2": -0.7650365633931568, "d3": -0.9459984237914103, "d4": 0.28392594296654217, "p1": 10.639466431862749, "p2": 11.140961876409715, "p3": 33.89729786403401, "p4": 30.684708434149222, "pol1": -0.4296108144693547, "pol2": -0.3734116306711075, "pol3": -0.4343848243972912, "pol4": -0.622341802987139, "v0s": 3.704522744942267}, "datetime": {"datetime": "2022-06-24 07:35:29", "elapsed": 12048.990469, "delta": 8.046158}}
{"target": 4.0968105632193135, "params": {"Bgrad": 0.7411899563907873, "d1": -1.7668605478178343, "d2": 0.5229181002873146, "d3": -1.4211665532573856, "d4": -2.685578042088552, "p1": 10.397839844963555, "p2": 14.803180792482632, "p3": 7.171443581766823, "p4": 29.781358671910755, "pol1": -0.09301387475318257, "pol2": -0.417698068449366, "pol3": -0.3739756632809198, "pol4": 0.4265299876608796, "v0s": 4.0968105632193135}, "datetime": {"datetime": "2022-06-24 07:35:36", "elapsed": 12055.334139, "delta": 6.34367}}
{"target": 4.563036398938354, "params": {"Bgrad": 1.6784386609930866, "d1": -1.5752135669468341, "d2": 0.925231741006773, "d3": -0.2785093771945264, "d4": -0.6437137563842872, "p1": 4.578998396108314, "p2": 8.265037535035086, "p3": 37.739098462862295, "p4": 27.52297516648616, "pol1": 0.8122539714213459, "pol2": -0.7305577242015657, "pol3": -0.8318742309689238, "pol4": -0.10685958784285376, "v0s": 4.563036398938354}, "datetime": {"datetime": "2022-06-24 07:35:45", "elapsed": 12064.489781, "delta": 9.155642}}
{"target": 2.983548581996526, "params": {"Bgrad": 1.2611170488601664, "d1": -0.9339520934318233, "d2": 0.8479896407339456, "d3": -1.9442512978417605, "d4": -1.1513438806093879, "p1": 3.71385310951462, "p2": 10.735986334907599, "p3": 38.069308144799486, "p4": 28.350083589859988, "pol1": -0.7852680124911355, "pol2": 0.8222194763199235, "pol3": 0.7537740238691468, "pol4": 0.062089852465431195, "v0s": 2.983548581996526}, "datetime": {"datetime": "2022-06-24 07:35:51", "elapsed": 12070.916721, "delta": 6.42694}}
{"target": 2.148990429173314, "params": {"Bgrad": 1.1265692386000592, "d1": -1.5484663220927226, "d2": 0.06655523417645082, "d3": -2.8115171285305722, "d4": -2.4552334235132123, "p1": 44.26008855809613, "p2": 23.00195352405106, "p3": 28.48657073509186, "p4": 14.716421497017246, "pol1": 0.47507439265867735, "pol2": -0.9371612085150933, "pol3": 0.9813637830615927, "pol4": 0.9629293450612211, "v0s": 2.148990429173314}, "datetime": {"datetime": "2022-06-24 07:35:59", "elapsed": 12078.647697, "delta": 7.730976}}
{"target": -1.0, "params": {"Bgrad": 1.8746433050813311, "d1": -0.6169089992709269, "d2": -0.2756164258926823, "d3": -2.8187316289600384, "d4": 0.16950567210385525, "p1": 9.5730360112246, "p2": 7.370172752035359, "p3": 32.879281193122154, "p4": 28.617683930381183, "pol1": -0.26388031240896215, "pol2": -0.230066497864996, "pol3": 0.07257466424838355, "pol4": -0.2269764170999351, "v0s": 4.122356237731909}, "datetime": {"datetime": "2022-06-24 07:36:41", "elapsed": 12120.842588, "delta": 42.194891}}
{"target": -1.0, "params": {"Bgrad": 1.977458921246328, "d1": -1.072282109459775, "d2": 0.8097630244821019, "d3": 0.06187436182462447, "d4": -0.10512629633467041, "p1": 9.35962849125866, "p2": 34.04925981801252, "p3": 36.14831863412119, "p4": 33.731313740036406, "pol1": -0.4689708181399248, "pol2": -0.7541411745381734, "pol3": -0.5074723880678196, "pol4": -0.7403251578643215, "v0s": 4.044596878054369}, "datetime": {"datetime": "2022-06-24 07:36:55", "elapsed": 12134.834402, "delta": 13.991814}}
{"target": 3.49012558497191, "params": {"Bgrad": 1.623558238525856, "d1": -0.5646911240652037, "d2": 0.7110648334773426, "d3": -2.938616112720101, "d4": -2.3150745422539343, "p1": 44.09128357488103, "p2": 20.15541720978511, "p3": 25.66517763905159, "p4": 13.222399471852297, "pol1": 0.9401932088280613, "pol2": 0.8757231944751247, "pol3": -0.6665498552023936, "pol4": 0.6427711048208213, "v0s": 3.49012558497191}, "datetime": {"datetime": "2022-06-24 07:37:02", "elapsed": 12141.335128, "delta": 6.500726}}
{"target": -1.0, "params": {"Bgrad": 1.7520326063446467, "d1": -0.4825156845797469, "d2": -0.7085488883644917, "d3": -0.8829265824238508, "d4": -2.292328832850861, "p1": 45.74360668673589, "p2": 44.179708925227146, "p3": 7.373101235764473, "p4": 12.153366729435877, "pol1": 0.7474526412776417, "pol2": -0.4557178037995422, "pol3": -0.8052547350830952, "pol4": -0.2862385631702964, "v0s": 4.5990374016651545}, "datetime": {"datetime": "2022-06-24 07:37:14", "elapsed": 12153.538707, "delta": 12.203579}}
{"target": 2.420531535769059, "params": {"Bgrad": 1.9883029275801396, "d1": -1.820147446375199, "d2": 0.8382392512840848, "d3": -1.8793618064292512, "d4": -1.8861229558482955, "p1": 1.9074081889294436, "p2": 13.51210466949253, "p3": 36.14212362889684, "p4": 29.22300055089225, "pol1": 0.39388855636146447, "pol2": 0.5924002713716094, "pol3": 0.1328514520834687, "pol4": 0.38056910835265123, "v0s": 2.420531535769059}, "datetime": {"datetime": "2022-06-24 07:37:19", "elapsed": 12158.309043, "delta": 4.770336}}
{"target": 4.627454779122163, "params": {"Bgrad": 1.0326631556617052, "d1": -1.0687158479416174, "d2": 0.48319784869998106, "d3": -1.947392852162018, "d4": -1.1144937384194118, "p1": 5.187322870444788, "p2": 15.270391271731137, "p3": 37.15770215990576, "p4": 31.744621674274757, "pol1": 0.5600469492970417, "pol2": -0.6002507778867805, "pol3": -0.7577636079744023, "pol4": 0.3089414231380334, "v0s": 4.627454779122163}, "datetime": {"datetime": "2022-06-24 07:37:26", "elapsed": 12165.677962, "delta": 7.368919}}
{"target": 3.169858995087918, "params": {"Bgrad": 1.7987355243747587, "d1": -1.3151794766535712, "d2": -3.0, "d3": -2.595421265308867, "d4": -2.0668621163407526, "p1": 25.004444165497272, "p2": 32.046807106208675, "p3": 44.510207837180054, "p4": 44.73960721484029, "pol1": -0.5281810513567755, "pol2": 0.5320976435258357, "pol3": -0.8216311124488231, "pol4": -0.7179453803848885, "v0s": 3.169858995087918}, "datetime": {"datetime": "2022-06-24 07:37:35", "elapsed": 12175.0635, "delta": 9.385538}}
