{"target": -1.0, "params": {"Bgrad": 1.1932789391389904, "d1": -2.23325408677093, "d2": -0.005777236832976929, "d3": -2.4498688550732597, "d4": -1.3054933511407745, "p1": 11.182525859656401, "p2": 19.285082747110394, "p3": 8.516522151843414, "p4": 30.081318855843087, "pol1": 0.8567765038886506, "pol2": 0.10981586552152978, "pol3": 0.018736449386649756, "pol4": 0.6769379484164404, "v0s": 4.2607458486371765}, "datetime": {"datetime": "2022-06-25 02:17:08", "elapsed": 9300.615499, "delta": 14.471305}}
{"target": 4.246765934384301, "params": {"Bgrad": 1.0393538097730457, "d1": -1.3193249697220253, "d2": 0.5921196233038999, "d3": -2.7351699293580163, "d4": -0.2903189883456587, "p1": 6.978213610401907, "p2": 9.470182876396427, "p3": 31.945200591726746, "p4": 25.73936058589791, "pol1": -0.9529269312217656, "pol2": -0.30111851716492044, "pol3": 0.8655604610702916, "pol4": -0.6309868562014029, "v0s": 4.246765934384301}, "datetime": {"datetime": "2022-06-25 02:17:22", "elapsed": 9314.039602, "delta": 13.424103}}
{"target": -1.0, "params": {"Bgrad": 1.4359457459503042, "d1": 0.4576454505566998, "d2": 0.5720261978521997, "d3": -0.8523007963214795, "d4": -1.1201990447920163, "p1": 8.04866202881606, "p2": 14.945920793303502, "p3": 34.43936924654913, "p4": 32.54924721639803, "pol1": -0.529803696023142, "pol2": -0.7623160051269815, "pol3": 0.14171738065113448, "pol4": 0.9896707147989778, "v0s": 3.0079909155905913}, "datetime": {"datetime": "2022-06-25 02:17:45", "elapsed": 9337.131853, "delta": 23.092251}}
{"target": 2.6968627609033096, "params": {"Bgrad": 1.1217701214026858, "d1": -1.6022717940489155, "d2": 0.7750479185937547, "d3": -2.5903265423241977, "d4": -2.4370369314029174, "p1": 6.553173940937524, "p2": 8.361014074938328, "p3": 38.77578736204185, "p4": 27.895584692369326, "pol1": 0.5776498748835917, "pol2": -0.28248022061657685, "pol3": -0.4605736865683243, "pol4": -0.5051618225517058, "v0s": 2.6968627609033096}, "datetime": {"datetime": "2022-06-25 02:17:56", "elapsed": 9347.889088, "delta": 10.757235}}
{"target": 2.822328024865245, "params": {"Bgrad": 1.607029868147205, "d1": -1.934287169892952, "d2": -0.19304684153922924, "d3": -2.3816005954194295, "d4": -2.611423190416445, "p1": 3.7198314741617056, "p2": 11.589450722260914, "p3": 36.78257046663438, "p4": 24.91033773691408, "pol1": 0.6668458026734034, "pol2": 0.5589189951935725, "pol3": -0.2844264776085099, "pol4": 0.25700576044032397, "v0s": 2.822328024865245}, "datetime": {"datetime": "2022-06-25 02:18:07", "elapsed": 9359.13003, "delta": 11.240942}}
{"target": 3.2599025566549926, "params": {"Bgrad": 0.5785617271278827, "d1": -1.601016099082484, "d2": 0.7429384722276913, "d3": -2.7482820680972626, "d4": -2.1258319594613146, "p1": 6.788241038799248, "p2": 12.087437552735631, "p3": 37.93049999840834, "p4": 35.08128877411719, "pol1": -0.1654366935699163, "pol2": -0.3415852905619392, "pol3": -0.6372792374862715, "pol4": -0.7768245423614479, "v0s": 3.2599025566549926}, "datetime": {"datetime": "2022-06-25 02:18:19", "elapsed": 9370.940449, "delta": 11.810419}}
{"target": 3.2122317884810068, "params": {"Bgrad": 1.6372762981202917, "d1": -1.6468328095074378, "d2": -0.888472448601727, "d3": -2.174837381161897, "d4": -2.3310348010560924, "p1": 9.69354456511019, "p2": 19.080705611418075, "p3": 8.70273345979921, "p4": 29.76921328864293, "pol1": 0.188754186497734, "pol2": -0.057683916390645296, "pol3": -0.19493400470561162, "pol4": 0.20129908470839086, "v0s": 3.2122317884810068}, "datetime": {"datetime": "2022-06-25 02:18:29", "elapsed": 9380.867903, "delta": 9.927454}}
{"target": 3.7068693084901176, "params": {"Bgrad": 1.9758717460327868, "d1": -2.9000964625953127, "d2": -0.03397681771753058, "d3": -2.7579806000011784, "d4": -1.4043078711099133, "p1": 8.036773247763069, "p2": 15.375457342205523, "p3": 9.18254779898604, "p4": 29.034815989586665, "pol1": 0.8887153682201399, "pol2": -0.15394494080210963, "pol3": -0.582327330539183, "pol4": -0.22652554617949772, "v0s": 3.7068693084901176}, "datetime": {"datetime": "2022-06-25 02:18:39", "elapsed": 9391.302999, "delta": 10.435096}}
{"target": 4.123614354295394, "params": {"Bgrad": 1.64593739861393, "d1": -1.8185549676750843, "d2": 0.317040616620313, "d3": -2.415531611404219, "d4": -2.768486458948481, "p1": 27.906581881089853, "p2": 10.875031288246205, "p3": 36.985446264743494, "p4": 28.732237011551305, "pol1": -0.7108445062056197, "pol2": 0.901285391225439, "pol3": -0.401195706771438, "pol4": -0.9633921960865532, "v0s": 4.123614354295394}, "datetime": {"datetime": "2022-06-25 02:18:51", "elapsed": 9403.155306, "delta": 11.852307}}
{"target": -1.0, "params": {"Bgrad": 1.2213703426161806, "d1": -2.220388668492533, "d2": 0.682732891254918, "d3": -1.8201529698008798, "d4": -1.5196305510972672, "p1": 8.629291664280592, "p2": 9.021670607666433, "p3": 31.96275049373694, "p4": 32.21301043919481, "pol1": -0.16514847944734812, "pol2": 0.9002114700712653, "pol3": -0.09678791695527766, "pol4": -0.2035547314918582, "v0s": 3.623542746724344}, "datetime": {"datetime": "2022-06-25 02:19:12", "elapsed": 9424.163132, "delta": 21.007826}}
{"target": -1.0, "params": {"Bgrad": 0.8396468705864466, "d1": -2.1601397557575464, "d2": 0.38762909497467746, "d3": -2.2708187957391384, "d4": -1.0984206822586207, "p1": 1.7098952748592133, "p2": 11.070447346327922, "p3": 36.799063784523916, "p4": 27.24745174440261, "pol1": 0.056181966464800226, "pol2": 0.3087147610647645, "pol3": 0.9448990475781995, "pol4": 0.11461535950110302, "v0s": 5.575768746268425}, "datetime": {"datetime": "2022-06-25 02:19:41", "elapsed": 9452.679877, "delta": 28.516745}}
{"target": 4.2531040345629, "params": {"Bgrad": 1.3033089236529072, "d1": -1.7768743383474936, "d2": 0.5930760893793584, "d3": -2.420557662423341, "d4": -1.4101561800589135, "p1": 30.252561319271834, "p2": 11.035765471922861, "p3": 37.97755032126701, "p4": 28.26003974798648, "pol1": 0.06351641560583628, "pol2": -0.12491932727813004, "pol3": 0.1332854749029087, "pol4": 0.07304154728221025, "v0s": 4.2531040345629}, "datetime": {"datetime": "2022-06-25 02:19:53", "elapsed": 9465.243282, "delta": 12.563405}}
{"target": 3.0173622993547333, "params": {"Bgrad": 1.151858074045096, "d1": -2.3577846910421143, "d2": -2.4132561469349505, "d3": -2.139881533593308, "d4": 0.07372650796447822, "p1": 2.526126611844398, "p2": 12.723959546991386, "p3": 33.923402105134876, "p4": 32.69828410041035, "pol1": 0.7438147635418921, "pol2": 0.2863520563518227, "pol3": -0.341662392674033, "pol4": 0.9611411320761392, "v0s": 3.0173622993547333}, "datetime": {"datetime": "2022-06-25 02:20:08", "elapsed": 9480.273092, "delta": 15.02981}}
{"target": -1.0, "params": {"Bgrad": 0.7685488992471663, "d1": -2.2216604514085643, "d2": 0.999341967764682, "d3": 0.059159798835295874, "d4": -1.6892286162595482, "p1": 10.968308802696336, "p2": 16.62821135012966, "p3": 7.725404230684435, "p4": 31.039115884233006, "pol1": -0.4511293961849523, "pol2": 0.6813315534441353, "pol3": -0.8395164640698218, "pol4": 0.3790197666988324, "v0s": 2.155317163936929}, "datetime": {"datetime": "2022-06-25 02:20:27", "elapsed": 9498.679873, "delta": 18.406781}}
{"target": 4.516345516288251, "params": {"Bgrad": 0.5550288509498165, "d1": -2.0021146749121477, "d2": 0.616928797488844, "d3": -0.651805170781083, "d4": -1.9341191186880482, "p1": 6.815619335733847, "p2": 31.937913277837914, "p3": 35.14077122491878, "p4": 34.2125402634297, "pol1": 0.1299945960101747, "pol2": 0.06401795455302284, "pol3": 0.737617730621873, "pol4": 0.12277737391525956, "v0s": 4.516345516288251}, "datetime": {"datetime": "2022-06-25 02:20:36", "elapsed": 9507.720697, "delta": 9.040824}}
{"target": 4.766255263424272, "params": {"Bgrad": 0.7167135528905783, "d1": -2.7388846060587686, "d2": 0.7761359718773856, "d3": -2.1177134634611656, "d4": -1.7114087820501227, "p1": 27.05712433939327, "p2": 25.298567253905407, "p3": 3.315004761950547, "p4": 42.04272001310769, "pol1": 0.8352407509533102, "pol2": -0.13857845353310752, "pol3": -0.3747403444612556, "pol4": 0.5406080917713953, "v0s": 4.766255263424272}, "datetime": {"datetime": "2022-06-25 02:20:45", "elapsed": 9517.224285, "delta": 9.503588}}
{"target": 4.036910759548571, "params": {"Bgrad": 0.6810838154391913, "d1": -2.4637102000329167, "d2": -0.5700539820963804, "d3": -0.37001915929062124, "d4": -0.1478279063756179, "p1": 21.952019316563835, "p2": 18.52525586731364, "p3": 27.740148968610846, "p4": 46.12241487864, "pol1": 0.7041329234131226, "pol2": -0.0869976377224267, "pol3": 0.3460368066582157, "pol4": -0.05025998569196939, "v0s": 4.036910759548571}, "datetime": {"datetime": "2022-06-25 02:20:55", "elapsed": 9527.434981, "delta": 10.210696}}
{"target": -1.0, "params": {"Bgrad": 1.0935486923922724, "d1": -2.9518877943032567, "d2": -0.5088446701625085, "d3": -0.11066591028582051, "d4": -1.3519232039719555, "p1": 20.83973554644855, "p2": 18.81944280205329, "p3": 25.82634374528925, "p4": 46.65923372327449, "pol1": 0.11974643807315766, "pol2": 0.00241645248300415, "pol3": -0.30004696601083847, "pol4": 0.6908332575681368, "v0s": 5.41511288349015}, "datetime": {"datetime": "2022-06-25 02:21:15", "elapsed": 9546.939333, "delta": 19.504352}}
{"target": 3.1827087737158015, "params": {"Bgrad": 1.1996650006546539, "d1": -2.8623532745420217, "d2": -0.6922453450961172, "d3": -0.12619122183313536, "d4": -0.7107417403392415, "p1": 29.082156161190102, "p2": 10.173155025174136, "p3": 10.982267369193755, "p4": 37.062673563938816, "pol1": 0.2874570815523838, "pol2": 0.6354446661820357, "pol3": 0.789535239543617, "pol4": 0.2547322823648086, "v0s": 3.1827087737158015}, "datetime": {"datetime": "2022-06-25 02:21:26", "elapsed": 9558.540312, "delta": 11.600979}}
{"target": 4.678131890238431, "params": {"Bgrad": 1.5203987033520203, "d1": -2.902270453344739, "d2": 0.061811278527763136, "d3": -2.0226396473946133, "d4": -2.279497423040902, "p1": 9.10429266762015, "p2": 12.301037393177705, "p3": 10.762091247555267, "p4": 28.523983679158388, "pol1": 0.8266992994062607, "pol2": -0.36783612237351826, "pol3": -0.9549708321430472, "pol4": -0.8212998556497739, "v0s": 4.678131890238431}, "datetime": {"datetime": "2022-06-25 02:21:38", "elapsed": 9570.057515, "delta": 11.517203}}
{"target": -1.0, "params": {"Bgrad": 0.5511067998760566, "d1": -0.7879598521224276, "d2": -0.6128418823372139, "d3": -0.6238387887954868, "d4": -2.8992358825317077, "p1": 3.0283898218212926, "p2": 31.587491288541646, "p3": 15.050526240080226, "p4": 10.921854559441762, "pol1": -0.32045946871770337, "pol2": 0.43314209127977765, "pol3": 0.5385318477622554, "pol4": 0.9864894263154356, "v0s": 4.315420117281827}, "datetime": {"datetime": "2022-06-25 02:21:50", "elapsed": 9581.677443, "delta": 11.619928}}
{"target": -1.0, "params": {"Bgrad": 1.9458943984478947, "d1": -0.638768047349858, "d2": -0.7198349442034546, "d3": -0.8438916073910279, "d4": -1.6126449661159676, "p1": 8.36858933312133, "p2": 10.15673149874684, "p3": 33.395015661057414, "p4": 33.46520694732571, "pol1": -0.8379984514909327, "pol2": 0.8306653400614881, "pol3": 0.9371329933201695, "pol4": 0.3266367077884349, "v0s": 3.370615364397949}, "datetime": {"datetime": "2022-06-25 02:22:06", "elapsed": 9598.499462, "delta": 16.822019}}
{"target": 4.0923764694709215, "params": {"Bgrad": 1.0636908477666172, "d1": -1.7254975022002392, "d2": -0.1850006634144571, "d3": -1.9937586280268713, "d4": -2.062222175837146, "p1": 6.6381420602068015, "p2": 35.84363898738602, "p3": 35.96895527633344, "p4": 35.66523092827697, "pol1": 0.20536888345475723, "pol2": 0.17332289037189996, "pol3": 0.18262049801484126, "pol4": -0.5867687419553628, "v0s": 4.0923764694709215}, "datetime": {"datetime": "2022-06-25 02:22:18", "elapsed": 9610.168259, "delta": 11.668797}}
{"target": 2.8620540749180545, "params": {"Bgrad": 1.9741493033109272, "d1": -2.703728946303722, "d2": -1.8752546946466624, "d3": -1.001689713217674, "d4": 0.049289535006310725, "p1": 4.659485858598633, "p2": 13.956825135732103, "p3": 37.48990168305989, "p4": 27.476539547064156, "pol1": 0.9189825737698789, "pol2": 0.1793767362400709, "pol3": 0.8770222774961478, "pol4": 0.3985316961231624, "v0s": 2.8620540749180545}, "datetime": {"datetime": "2022-06-25 02:22:29", "elapsed": 9620.925494, "delta": 10.757235}}
{"target": 4.385045285556791, "params": {"Bgrad": 0.927519318815713, "d1": -1.2229139933953364, "d2": 0.9763025080577821, "d3": -1.265226197418158, "d4": -0.9564356615708012, "p1": 0.9898560822788373, "p2": 11.535351433319779, "p3": 34.67429682433759, "p4": 25.907201612730525, "pol1": -0.09830946333438575, "pol2": -0.280916860042618, "pol3": 0.08300310736060598, "pol4": -0.05073230367175941, "v0s": 4.385045285556791}, "datetime": {"datetime": "2022-06-25 02:22:39", "elapsed": 9631.227945, "delta": 10.302451}}
{"target": 3.441086960351678, "params": {"Bgrad": 1.4236305560066167, "d1": -2.34521988968737, "d2": -1.5108254267654408, "d3": -2.5006954189814468, "d4": -1.6495669995102684, "p1": 27.57256757947889, "p2": 23.970990256634668, "p3": 3.489232391320951, "p4": 42.05830836184043, "pol1": 0.8947984135645015, "pol2": -0.23824111380794433, "pol3": -0.7525743296238074, "pol4": -0.809049893956455, "v0s": 3.441086960351678}, "datetime": {"datetime": "2022-06-25 02:22:55", "elapsed": 9647.057617, "delta": 15.829672}}
{"target": 4.1556206758140775, "params": {"Bgrad": 0.8904969028620728, "d1": -1.158404004874538, "d2": -0.19396504924654723, "d3": -2.0914465471801633, "d4": -0.6016576058057064, "p1": 7.709437381442552, "p2": 9.167975516424153, "p3": 31.927921174043682, "p4": 32.54789940175472, "pol1": -0.2543976581325258, "pol2": 0.500888039081977, "pol3": 0.26163684213892324, "pol4": -0.2835756898015591, "v0s": 4.1556206758140775}, "datetime": {"datetime": "2022-06-25 02:23:09", "elapsed": 9661.638626, "delta": 14.581009}}
{"target": 2.6267919779214832, "params": {"Bgrad": 1.3656648172995887, "d1": -2.390567260816897, "d2": -2.7255500573713074, "d3": -0.5068343659907337, "d4": -2.289140885136079, "p1": 8.913135514821974, "p2": 15.735533882035774, "p3": 8.64832969937573, "p4": 28.729075498942912, "pol1": 0.5905469218946564, "pol2": -0.26387607896670895, "pol3": 0.9518896944643205, "pol4": 0.5260988448531809, "v0s": 2.6267919779214832}, "datetime": {"datetime": "2022-06-25 02:23:23", "elapsed": 9674.800432, "delta": 13.161806}}
{"target": 4.181994877200508, "params": {"Bgrad": 1.8923733436449932, "d1": -2.247221228346117, "d2": -1.0541846478696493, "d3": -0.18409953544490687, "d4": -2.3297930078410674, "p1": 11.19424958725478, "p2": 16.846629169961236, "p3": 8.597174509586603, "p4": 33.4646543859207, "pol1": -0.14545909698777493, "pol2": 0.5461462034338702, "pol3": 0.1005617946930677, "pol4": -0.8676443225496508, "v0s": 4.181994877200508}, "datetime": {"datetime": "2022-06-25 02:23:34", "elapsed": 9685.803011, "delta": 11.002579}}
{"target": 3.010971474810439, "params": {"Bgrad": 1.0203840181351984, "d1": -1.0019529784666836, "d2": -1.1234023590486397, "d3": -1.8981281132374725, "d4": 0.23312044517530578, "p1": 25.25813757163551, "p2": 3.934950618684144, "p3": 36.78240343099136, "p4": 26.142041531527017, "pol1": 0.24473054205224487, "pol2": -0.05922662365630454, "pol3": -0.3455030828758939, "pol4": 0.6375486948131307, "v0s": 3.010971474810439}, "datetime": {"datetime": "2022-06-25 02:23:46", "elapsed": 9698.484102, "delta": 12.681091}}
{"target": -1.0, "params": {"Bgrad": 1.0864577748615774, "d1": -0.6021724099624608, "d2": -1.2064505269181778, "d3": -1.4428348354371097, "d4": -2.6302767818501556, "p1": 47.22964696128244, "p2": 18.049527747964937, "p3": 24.91352607805982, "p4": 12.63739339278983, "pol1": 0.48546519083590134, "pol2": 0.9199302638108413, "pol3": 0.8826420475399444, "pol4": -0.9119897758951578, "v0s": 2.5693694350537193}, "datetime": {"datetime": "2022-06-25 02:24:00", "elapsed": 9712.363987, "delta": 13.879885}}
{"target": -1.0, "params": {"Bgrad": 1.7094254036079972, "d1": -2.6982105997367936, "d2": 0.455834163084484, "d3": 0.01663547597602344, "d4": -1.407880472743237, "p1": 4.880651447113915, "p2": 18.14611112642579, "p3": 37.221008886779366, "p4": 32.37945443799439, "pol1": -0.5243343426288825, "pol2": -0.7307251925311513, "pol3": 0.0754482340259297, "pol4": 0.6014625331494681, "v0s": 3.6952307216399802}, "datetime": {"datetime": "2022-06-25 02:24:19", "elapsed": 9731.443967, "delta": 19.07998}}
{"target": -1.0, "params": {"Bgrad": 0.6506540602358697, "d1": -1.4054786957594527, "d2": 0.5172250664603961, "d3": -2.8091762582412945, "d4": -1.049522790584398, "p1": 26.084993955244627, "p2": 26.155572171430418, "p3": 2.1508651319982475, "p4": 40.372020236135945, "pol1": -0.26712065618479564, "pol2": 0.11066253447935948, "pol3": -0.7117656828512087, "pol4": 0.9382264470874841, "v0s": 4.934308558385925}, "datetime": {"datetime": "2022-06-25 02:24:31", "elapsed": 9743.358108, "delta": 11.914141}}
{"target": -1.0, "params": {"Bgrad": 1.871602794460212, "d1": -0.9710364135942351, "d2": -1.3180016890448805, "d3": 0.8002553671969626, "d4": -1.3619347883890547, "p1": 4.462434646991231, "p2": 14.249334747352933, "p3": 38.1000699955917, "p4": 27.593730266586867, "pol1": -0.04291585915323082, "pol2": -0.5945241653057174, "pol3": -0.5948234472167304, "pol4": -0.18769628519510206, "v0s": 2.471019926885844}, "datetime": {"datetime": "2022-06-25 02:24:44", "elapsed": 9755.705092, "delta": 12.346984}}
{"target": -1.0, "params": {"Bgrad": 1.4005417954284207, "d1": -0.906012850392576, "d2": -0.25768732317950827, "d3": -2.1280548888009023, "d4": -2.1224177236836947, "p1": 8.042598625776066, "p2": 11.473717697172415, "p3": 34.92607873169647, "p4": 29.006975882301, "pol1": -0.9399724646027954, "pol2": 0.07792059494633241, "pol3": -0.12189582837576363, "pol4": 0.9918616843277845, "v0s": 2.572677988186962}, "datetime": {"datetime": "2022-06-25 02:24:56", "elapsed": 9768.030135, "delta": 12.325043}}
{"target": -1.0, "params": {"Bgrad": 1.4901634315912302, "d1": -1.9017372965970014, "d2": -2.6462279886612348, "d3": 0.952933103869257, "d4": -1.349267972586349, "p1": 6.655476457140463, "p2": 5.3304353440604855, "p3": 39.53272830606308, "p4": 27.6779728884546, "pol1": -0.18610894668479228, "pol2": -0.35639331051334633, "pol3": 0.8369661750623056, "pol4": -0.9898320919429939, "v0s": 5.179286524005038}, "datetime": {"datetime": "2022-06-25 02:25:11", "elapsed": 9783.394052, "delta": 15.363917}}
{"target": -1.0, "params": {"Bgrad": 0.6319190565896667, "d1": -2.48069603619112, "d2": 0.2729231780441199, "d3": -0.7976903894662444, "d4": -0.31219385251922116, "p1": 8.958649302610144, "p2": 33.78977299670026, "p3": 34.28351592767562, "p4": 36.27585517652011, "pol1": -0.6308116139615632, "pol2": 0.0836047270946485, "pol3": -0.7902655178404057, "pol4": -0.9744545085299992, "v0s": 3.510335031066202}, "datetime": {"datetime": "2022-06-25 02:25:25", "elapsed": 9796.772278, "delta": 13.378226}}
{"target": -1.0, "params": {"Bgrad": 1.0008841135547673, "d1": -2.561525899265475, "d2": -1.5097733916122529, "d3": -1.4800979715350677, "d4": 0.4054519649774604, "p1": 8.71594437795855, "p2": 27.692890214298867, "p3": 17.697492059802798, "p4": 39.64429004329755, "pol1": -0.05320712858521981, "pol2": 0.01794277434118219, "pol3": -0.7232356932338337, "pol4": -0.43513152566212465, "v0s": 4.9394340065146904}, "datetime": {"datetime": "2022-06-25 02:25:45", "elapsed": 9816.782773, "delta": 20.010495}}
{"target": -1.0, "params": {"Bgrad": 0.7636654684072139, "d1": -2.9026069047039673, "d2": 0.9588267243330466, "d3": -1.9710005634010557, "d4": -0.402208309635228, "p1": 9.910481718292601, "p2": 9.675948441713356, "p3": 30.929163533853465, "p4": 31.69861177998309, "pol1": 0.4317505253641851, "pol2": -0.29232585030213887, "pol3": -0.720732333759633, "pol4": 0.6802995535992657, "v0s": 6.1022772268174705}, "datetime": {"datetime": "2022-06-25 02:25:58", "elapsed": 9830.302618, "delta": 13.519845}}
{"target": -1.0, "params": {"Bgrad": 0.8450025634025942, "d1": -1.6877566315460424, "d2": -2.595231410161201, "d3": -0.23664801378816058, "d4": 0.5199948061869479, "p1": 5.32090955468712, "p2": 13.321019807855722, "p3": 31.879808632699092, "p4": 31.793518636475554, "pol1": -0.9516113416430243, "pol2": 0.17409521609436052, "pol3": -0.38254129209145926, "pol4": 0.3521026023974698, "v0s": 3.830241533930714}, "datetime": {"datetime": "2022-06-25 02:26:15", "elapsed": 9846.86134, "delta": 16.558722}}
{"target": -1.0, "params": {"Bgrad": 0.6896571939319972, "d1": -2.7278531768958887, "d2": 0.39756603340457586, "d3": -0.4004586505231966, "d4": 0.4688461839053497, "p1": 1.8708756377385671, "p2": 12.627008635482294, "p3": 33.52071272298222, "p4": 33.49259292387362, "pol1": 0.9147224895394832, "pol2": 0.6796369540045597, "pol3": -0.8132140532356749, "pol4": -0.04658335571938288, "v0s": 4.994664785156264}, "datetime": {"datetime": "2022-06-25 02:26:27", "elapsed": 9858.781466, "delta": 11.920126}}
{"target": -1.0, "params": {"Bgrad": 1.35585101418056, "d1": -0.27430933754680575, "d2": 0.9322888965252667, "d3": 0.044609631741753475, "d4": -0.08781528471415845, "p1": 7.82230093085054, "p2": 14.875973080928063, "p3": 35.40922040905771, "p4": 33.752453207746214, "pol1": -0.41103408075558856, "pol2": 0.5345457013397017, "pol3": -0.09385234672237419, "pol4": 0.31940567561549327, "v0s": 3.637909587542805}, "datetime": {"datetime": "2022-06-25 02:26:50", "elapsed": 9882.360415, "delta": 23.578949}}
{"target": 4.190564313493008, "params": {"Bgrad": 1.7253091716845725, "d1": -0.8465827160284651, "d2": 0.1682602186199107, "d3": -1.5384878681320338, "d4": -2.373277548791307, "p1": 8.985808932987243, "p2": 9.690614838046535, "p3": 33.341413719031806, "p4": 27.721176179120988, "pol1": 0.8218735236351866, "pol2": 0.18762177579811223, "pol3": -0.28195248614202795, "pol4": 0.15835543565951382, "v0s": 4.190564313493008}, "datetime": {"datetime": "2022-06-25 02:27:05", "elapsed": 9896.734977, "delta": 14.374562}}
