{"target": -1.0, "params": {"Bgrad": 1.909167317325973, "d1": -1.567445492978914, "d2": -0.9530865711324061, "d3": -1.5763291864461082, "d4": -2.4435153203119624, "p1": 31.503711228147445, "p2": 5.047931261945293, "p3": 39.13285809455499, "p4": 31.75200062369995, "pol1": 0.8241578771734472, "pol2": -0.5554044831030771, "pol3": -0.8099480212097359, "pol4": -0.6713022963962527, "v0s": 4.167226265626025}, "datetime": {"datetime": "2022-05-17 13:48:33", "elapsed": 65129.027721, "delta": 28.485811}}
{"target": 4.922388294770709, "params": {"Bgrad": 2.0, "d1": -2.5507741335543983, "d2": 0.5238260207521366, "d3": -0.5179694640202007, "d4": 0.05186076946593404, "p1": 36.52184733380398, "p2": 8.666622976504287, "p3": 8.448154937653694, "p4": 31.11108115560856, "pol1": -0.304487951314715, "pol2": 1.0, "pol3": -1.0, "pol4": 0.27218961808129477, "v0s": 4.922388294770709}, "datetime": {"datetime": "2022-05-17 13:48:59", "elapsed": 65154.311099, "delta": 25.283378}}
{"target": 4.433720485206988, "params": {"Bgrad": 1.0845411098600926, "d1": -2.085500596376783, "d2": 0.9958157432985645, "d3": -2.5847925051149048, "d4": -1.4664726555323597, "p1": 4.422196172709605, "p2": 35.25931213888733, "p3": 31.09809018634501, "p4": 40.19973280936058, "pol1": 0.07679639893165777, "pol2": 0.09655879693826999, "pol3": -0.04609286379601071, "pol4": 0.6703259634020654, "v0s": 4.433720485206988}, "datetime": {"datetime": "2022-05-17 13:49:21", "elapsed": 65176.279341, "delta": 21.968242}}
{"target": 4.766255438282629, "params": {"Bgrad": 0.7159199086848285, "d1": -2.5420838429844173, "d2": 0.816413965290975, "d3": -0.6412070765439011, "d4": -0.708839437029452, "p1": 27.44205164189158, "p2": 10.297030675614966, "p3": 11.628047996265567, "p4": 26.484926999804493, "pol1": 0.8111823056983714, "pol2": 0.7330036114008398, "pol3": -0.5119713496529597, "pol4": 0.734199607834324, "v0s": 4.766255438282629}, "datetime": {"datetime": "2022-05-17 13:49:42", "elapsed": 65197.316075, "delta": 21.036734}}
{"target": 4.129508858025872, "params": {"Bgrad": 1.675183612310233, "d1": -1.3304488575564224, "d2": 0.6199443031054628, "d3": -1.9572241529930627, "d4": -2.2892037199822375, "p1": 1.5621542571402691, "p2": 32.48590535144179, "p3": 30.005952873155696, "p4": 39.15551836150463, "pol1": 0.7524708145942001, "pol2": -0.891750554097757, "pol3": -0.926963946629519, "pol4": -0.09097506171334202, "v0s": 4.129508858025872}, "datetime": {"datetime": "2022-05-17 13:50:04", "elapsed": 65219.799939, "delta": 22.483864}}
{"target": -1.0, "params": {"Bgrad": 1.1171261580479879, "d1": -1.8924749518105233, "d2": 0.4770515171878613, "d3": 0.5487898332898928, "d4": -2.7037266664148207, "p1": 6.84064654504094, "p2": 37.01332796732909, "p3": 44.81214511949059, "p4": 31.832617408912846, "pol1": 0.7719188089504585, "pol2": 0.10708348177652782, "pol3": 0.7367623941784751, "pol4": 0.7422920238498123, "v0s": 2.8318771116078665}, "datetime": {"datetime": "2022-05-17 13:50:31", "elapsed": 65246.90245, "delta": 27.102511}}
{"target": 4.839037533166195, "params": {"Bgrad": 1.0039557920237354, "d1": -1.4650812705860774, "d2": 0.9782717230179707, "d3": -2.0071843249865235, "d4": -1.7019298132142782, "p1": 32.25365656760724, "p2": 10.241025213034781, "p3": 41.39736972087059, "p4": 34.37927016854159, "pol1": 0.057594178893777166, "pol2": -0.9229938066984754, "pol3": -1.0, "pol4": 0.578629016749946, "v0s": 4.839037533166195}, "datetime": {"datetime": "2022-05-17 13:50:58", "elapsed": 65273.550177, "delta": 26.647727}}
{"target": -1.0, "params": {"Bgrad": 1.5918986699868745, "d1": -2.5998720255204852, "d2": 0.6484963467523053, "d3": -2.166179906729379, "d4": -2.1664649835892593, "p1": 46.683294937080646, "p2": 16.133933927649142, "p3": 26.852684398433606, "p4": 9.584725454789728, "pol1": -0.09297851816441494, "pol2": 0.16514780890158987, "pol3": 0.45271315233474363, "pol4": 0.9157142156971168, "v0s": 6.347971523597595}, "datetime": {"datetime": "2022-05-17 13:51:28", "elapsed": 65303.309583, "delta": 29.759406}}
{"target": 5.0257477431068525, "params": {"Bgrad": 1.034831096327393, "d1": -2.7009547951954738, "d2": 0.7820568534565375, "d3": -2.476391157252559, "d4": -1.8940613893196436, "p1": 32.550023641593775, "p2": 7.813925945146962, "p3": 39.57206794200703, "p4": 33.11572438042238, "pol1": -0.21366165104266568, "pol2": -0.22879740403981705, "pol3": 0.1953857558727527, "pol4": -0.5398871332538372, "v0s": 5.0257477431068525}, "datetime": {"datetime": "2022-05-17 13:52:00", "elapsed": 65335.663049, "delta": 32.353466}}
{"target": 4.34674231013665, "params": {"Bgrad": 0.5889501445671441, "d1": -2.8659281456075156, "d2": 0.8770598185737599, "d3": -2.337511971036842, "d4": -1.165233442113121, "p1": 9.407746620546215, "p2": 28.327738256404363, "p3": 39.93953149949331, "p4": 25.50442313398059, "pol1": 0.758506955164107, "pol2": -0.741205120173333, "pol3": 0.6085063790289773, "pol4": -0.6955969359581247, "v0s": 4.34674231013665}, "datetime": {"datetime": "2022-05-17 13:52:37", "elapsed": 65372.978245, "delta": 37.315196}}
{"target": 4.63007948792855, "params": {"Bgrad": 0.5757530265405583, "d1": -3.0, "d2": 0.4743359283132226, "d3": -2.5929456906631816, "d4": -1.967514979240715, "p1": 33.698533919910226, "p2": 5.490450986970401, "p3": 37.92720962538114, "p4": 29.033136379446585, "pol1": -0.10196069557455395, "pol2": -1.0, "pol3": 0.3543595657314016, "pol4": 0.6412095798293332, "v0s": 4.63007948792855}, "datetime": {"datetime": "2022-05-17 13:53:02", "elapsed": 65397.979376, "delta": 25.001131}}
{"target": 5.152277047290747, "params": {"Bgrad": 1.6653357608704957, "d1": -0.7109692403293946, "d2": 0.7210103364449667, "d3": -2.9269385928765552, "d4": -2.0819069336340563, "p1": 30.795482574882115, "p2": 9.430606947565845, "p3": 40.986148534346526, "p4": 36.95680908545579, "pol1": 0.7726770377637942, "pol2": -0.13840252363859795, "pol3": -0.9025006010424037, "pol4": 0.9011575007013168, "v0s": 5.152277047290747}, "datetime": {"datetime": "2022-05-17 13:53:27", "elapsed": 65422.980508, "delta": 25.001132}}
{"target": -1.0, "params": {"Bgrad": 1.8394714130054077, "d1": -2.2099682960666, "d2": 0.8971941126651539, "d3": -0.7043303039044138, "d4": -1.8673748375363455, "p1": 26.61785044716862, "p2": 7.464598821456797, "p3": 36.20292539919003, "p4": 29.607148586206687, "pol1": 0.8351740111601742, "pol2": 0.8931380213035072, "pol3": 0.21308756946873397, "pol4": 0.2570524071556748, "v0s": 6.170414617245655}, "datetime": {"datetime": "2022-05-17 13:54:06", "elapsed": 65461.307996, "delta": 38.327488}}
{"target": 5.19252414919159, "params": {"Bgrad": 1.8390667850760758, "d1": -2.326591584113473, "d2": -0.13424322238814845, "d3": 0.17889724094371706, "d4": -0.26532609915990735, "p1": 8.176610550119785, "p2": 26.55196328511085, "p3": 40.187439701474034, "p4": 26.79243198690935, "pol1": -0.7181728625134176, "pol2": 0.7898921486781103, "pol3": 0.25910858746480847, "pol4": -0.8184114808898124, "v0s": 5.19252414919159}, "datetime": {"datetime": "2022-05-17 13:55:17", "elapsed": 65532.518534, "delta": 71.210538}}
{"target": 3.360446041726262, "params": {"Bgrad": 1.3769634225952303, "d1": -2.8070185893386075, "d2": -0.6690104860805408, "d3": -2.909921981602197, "d4": -1.4029742839307486, "p1": 5.794804393973152, "p2": 37.98540480263158, "p3": 33.64865445725827, "p4": 44.375033237935455, "pol1": 0.20643774475891585, "pol2": -0.9790692784910731, "pol3": 0.954731613115243, "pol4": 0.6339097595780583, "v0s": 3.360446041726262}, "datetime": {"datetime": "2022-05-17 13:55:41", "elapsed": 65556.850455, "delta": 24.331921}}
{"target": 4.7349898412066596, "params": {"Bgrad": 1.0137893135137193, "d1": -2.86831723721835, "d2": 0.4894789161549049, "d3": -1.2372261057701117, "d4": -2.5337071150656505, "p1": 1.8608424212541472, "p2": 32.34417505067317, "p3": 29.484493319063866, "p4": 39.13256459321178, "pol1": -0.03983217659137862, "pol2": -0.5385890236395486, "pol3": -0.19791677534433647, "pol4": -0.8390877386373828, "v0s": 4.7349898412066596}, "datetime": {"datetime": "2022-05-17 13:56:07", "elapsed": 65583.139143, "delta": 26.288688}}
{"target": -1.0, "params": {"Bgrad": 1.7559778108510946, "d1": -2.8197813620860512, "d2": 0.6452266568665519, "d3": -1.1159229060490912, "d4": -2.15525557517958, "p1": 8.01325849377767, "p2": 25.05256519285072, "p3": 39.02222827071146, "p4": 27.379311911472293, "pol1": -0.11290637343938692, "pol2": 0.19266533395678587, "pol3": 0.3385978215086676, "pol4": 0.9120702038829447, "v0s": 5.734796728860819}, "datetime": {"datetime": "2022-05-17 13:56:43", "elapsed": 65618.332015, "delta": 35.192872}}
{"target": 4.743372861159989, "params": {"Bgrad": 1.2655249148163832, "d1": -2.1367463234333663, "d2": 1.0, "d3": -0.8197697931855488, "d4": -0.8384768377407046, "p1": 28.301020049800947, "p2": 10.92739657736883, "p3": 10.494279799740276, "p4": 25.960565701326164, "pol1": 0.26559887136766674, "pol2": -0.6271257944427667, "pol3": -0.49340890218150496, "pol4": 0.14475299153175614, "v0s": 4.743372861159989}, "datetime": {"datetime": "2022-05-17 13:57:09", "elapsed": 65644.667577, "delta": 26.335562}}
{"target": 5.59677274342511, "params": {"Bgrad": 1.7668115407378235, "d1": -3.0, "d2": 0.7077748333805209, "d3": -1.4200956295494633, "d4": -3.0, "p1": 30.698737500321478, "p2": 13.631326695509912, "p3": 38.89551353335115, "p4": 25.637308595484516, "pol1": 1.0, "pol2": 0.9013785456242818, "pol3": -1.0, "pol4": 0.5274597961308198, "v0s": 5.59677274342511}, "datetime": {"datetime": "2022-05-17 13:57:36", "elapsed": 65671.367166, "delta": 26.699589}}
{"target": -1.0, "params": {"Bgrad": 1.566684814660511, "d1": -1.477517670260812, "d2": -0.7263954490203814, "d3": -2.5482495698541974, "d4": -1.4604217639784118, "p1": 5.958331166524422, "p2": 33.837063778660195, "p3": 27.176387748233395, "p4": 37.762126206542426, "pol1": -0.5607927661894769, "pol2": -0.8151546673634926, "pol3": 0.10375463402491358, "pol4": -0.6449493907137265, "v0s": 4.6089840916007825}, "datetime": {"datetime": "2022-05-17 13:58:20", "elapsed": 65716.175321, "delta": 44.808155}}
{"target": 4.307111293424611, "params": {"Bgrad": 0.6141611248941524, "d1": -1.3410981023302997, "d2": -0.33880838214998776, "d3": -3.0, "d4": -1.7546700712138283, "p1": 4.9571762048743935, "p2": 38.50149389203371, "p3": 33.5609602749505, "p4": 41.72565005257561, "pol1": 0.13579328860411838, "pol2": 0.603528809865819, "pol3": 0.09978546011765671, "pol4": 0.2618352300768495, "v0s": 4.307111293424611}, "datetime": {"datetime": "2022-05-17 13:58:47", "elapsed": 65742.821054, "delta": 26.645733}}
{"target": -1.0, "params": {"Bgrad": 0.7774725037684641, "d1": -2.9336626035163142, "d2": 0.9726995645671197, "d3": -0.9194774336987859, "d4": -1.6724438639721932, "p1": 5.89208708291541, "p2": 36.75744889850272, "p3": 39.337374929203975, "p4": 32.925988472293525, "pol1": -0.21775891352142906, "pol2": -0.18016746441457143, "pol3": 0.4390562499451205, "pol4": 0.28727965747948403, "v0s": 5.9171280136642626}, "datetime": {"datetime": "2022-05-17 13:59:13", "elapsed": 65768.371715, "delta": 25.550661}}
{"target": 4.027512559936905, "params": {"Bgrad": 1.639995267583383, "d1": -2.106417352200092, "d2": -0.32813760460563257, "d3": -2.493389412737065, "d4": -0.6570850549315388, "p1": 24.090569351071984, "p2": 9.827281284217277, "p3": 10.888166147489986, "p4": 25.847222052309455, "pol1": 0.6353922123689195, "pol2": 0.06168858758064166, "pol3": -0.16934924515209437, "pol4": -0.8066961975371008, "v0s": 4.027512559936905}, "datetime": {"datetime": "2022-05-17 13:59:38", "elapsed": 65793.410745, "delta": 25.03903}}
{"target": -1.0, "params": {"Bgrad": 1.994113674713818, "d1": -2.058192030648312, "d2": -1.0779265843876389, "d3": -2.7810991424667066, "d4": -1.2813224331315856, "p1": 32.765534870875754, "p2": 7.004730830626654, "p3": 41.26552947315419, "p4": 30.362831855919193, "pol1": 0.22522422696794453, "pol2": 0.693359517443239, "pol3": 0.8840002525228949, "pol4": -0.21003044248602487, "v0s": 4.401599008020372}, "datetime": {"datetime": "2022-05-17 14:00:08", "elapsed": 65823.366624, "delta": 29.955879}}
{"target": 4.080985940696717, "params": {"Bgrad": 0.5, "d1": -3.0, "d2": -0.19260366720767963, "d3": -2.1423219974272327, "d4": -3.0, "p1": 30.541101823835316, "p2": 12.945279877263017, "p3": 35.8742294076573, "p4": 23.574204120966563, "pol1": 0.3007290623449057, "pol2": -0.08854842640670951, "pol3": -0.11769852508379923, "pol4": -0.01088735984465739, "v0s": 4.080985940696717}, "datetime": {"datetime": "2022-05-17 14:00:32", "elapsed": 65847.529996, "delta": 24.163372}}
{"target": -1.0, "params": {"Bgrad": 1.276290242749417, "d1": -2.27406390314452, "d2": -1.5456939983954743, "d3": 0.4181096569059881, "d4": -2.355180434921561, "p1": 32.54148630616024, "p2": 9.52438845829866, "p3": 35.22716513687135, "p4": 31.33532422019809, "pol1": 0.8647488373549816, "pol2": 0.8215530260255599, "pol3": 0.5255567897159668, "pol4": -0.9530430948467512, "v0s": 3.4847309502115236}, "datetime": {"datetime": "2022-05-17 14:01:12", "elapsed": 65887.737457, "delta": 40.207461}}
{"target": 4.409091067573009, "params": {"Bgrad": 1.4573712667100978, "d1": -2.176534490403716, "d2": -3.0, "d3": -1.1112142637744002, "d4": -3.0, "p1": 3.738021644561668, "p2": 10.315361443581184, "p3": 37.76431085589255, "p4": 27.72678808408391, "pol1": -0.06113375857723707, "pol2": -1.0, "pol3": -0.5953566268680442, "pol4": -1.0, "v0s": 4.409091067573009}, "datetime": {"datetime": "2022-05-17 14:01:49", "elapsed": 65924.489159, "delta": 36.751702}}
{"target": 5.597872723004631, "params": {"Bgrad": 0.5, "d1": -2.6374070165711427, "d2": -0.4155377493870578, "d3": -1.272039521447836, "d4": -2.936339714518114, "p1": 2.086558698717245, "p2": 13.953228240812559, "p3": 36.84796281618655, "p4": 47.73247446431952, "pol1": 0.5693186172937543, "pol2": 0.5223278616379811, "pol3": -0.07780296614298068, "pol4": 0.2704256804656985, "v0s": 5.597872723004631}, "datetime": {"datetime": "2022-05-17 14:02:31", "elapsed": 65966.378122, "delta": 41.888963}}
{"target": 4.519164053888999, "params": {"Bgrad": 2.0, "d1": -2.7226050585884143, "d2": 0.39812435261588713, "d3": -1.0160085359313518, "d4": -0.9354411264561325, "p1": 27.834120585653984, "p2": 41.236045508068415, "p3": 29.310329815125243, "p4": 20.64051376886148, "pol1": -0.2924458483234763, "pol2": 0.2345460687770822, "pol3": 0.21784035245383726, "pol4": -1.0, "v0s": 4.519164053888999}, "datetime": {"datetime": "2022-05-17 14:02:54", "elapsed": 65989.417501, "delta": 23.039379}}
{"target": -1.0, "params": {"Bgrad": 0.8481858451885956, "d1": -3.0, "d2": 1.0, "d3": -1.8186782926750542, "d4": 0.2641456954310574, "p1": 32.209542882825424, "p2": 6.513773929921573, "p3": 8.12079916535236, "p4": 24.758876927038298, "pol1": 0.6685049394983134, "pol2": -1.0, "pol3": 0.3122871072969566, "pol4": -1.0, "v0s": 4.489912766128579}, "datetime": {"datetime": "2022-05-17 14:03:23", "elapsed": 66019.191865, "delta": 29.774364}}
{"target": 4.5458068237732965, "params": {"Bgrad": 0.9510233201207005, "d1": -3.0, "d2": -0.08286979917597503, "d3": -2.3103644299080073, "d4": -1.7936134074604702, "p1": 28.9502455245854, "p2": 30.571794030311832, "p3": 8.182989945330862, "p4": 43.83975247329448, "pol1": -0.6127562460088206, "pol2": -0.6802326353151941, "pol3": 0.18799586757820075, "pol4": 0.15792732034274232, "v0s": 4.5458068237732965}, "datetime": {"datetime": "2022-05-17 14:03:52", "elapsed": 66048.179335, "delta": 28.98747}}
{"target": -1.0, "params": {"Bgrad": 0.9888012450310584, "d1": -2.1626910611614654, "d2": -0.18314072770986733, "d3": -0.5364199741488593, "d4": 0.475474333050371, "p1": 10.763256820249662, "p2": 26.728451155126265, "p3": 38.87631361535772, "p4": 26.93455852762404, "pol1": 0.5849777427973921, "pol2": 0.6106956644382375, "pol3": 0.7752322384868016, "pol4": -0.6656556096571733, "v0s": 5.515340443356544}, "datetime": {"datetime": "2022-05-17 14:04:32", "elapsed": 66087.95495, "delta": 39.775615}}
{"target": 4.550678532205443, "params": {"Bgrad": 0.6563262485819458, "d1": -3.0, "d2": -0.5462188054317966, "d3": -1.6810446953572185, "d4": -0.5927932988499692, "p1": 34.22721375334233, "p2": 5.37101658983398, "p3": 37.27703198126788, "p4": 28.002521752376044, "pol1": 0.7971312324062748, "pol2": -0.9664449055053013, "pol3": -0.5532189660026479, "pol4": 0.8107508759341241, "v0s": 4.550678532205443}, "datetime": {"datetime": "2022-05-17 14:05:16", "elapsed": 66132.026077, "delta": 44.071127}}
{"target": 4.662732859434306, "params": {"Bgrad": 2.0, "d1": -3.0, "d2": 0.5248633026064833, "d3": -1.8302490472398505, "d4": -2.3665565533361104, "p1": 4.2135257489737095, "p2": 34.149638638968035, "p3": 30.60223243574574, "p4": 38.486642793879085, "pol1": 0.019974502390624475, "pol2": 0.11917631988242254, "pol3": -1.0, "pol4": -0.04677722492857613, "v0s": 4.662732859434306}, "datetime": {"datetime": "2022-05-17 14:05:55", "elapsed": 66170.681687, "delta": 38.65561}}
{"target": -1.0, "params": {"Bgrad": 0.5136783877473383, "d1": 0.42416028058265676, "d2": 0.7707420537268992, "d3": -2.669721859606748, "d4": -2.4204995483898784, "p1": 37.41659197439213, "p2": 46.39347230467339, "p3": 16.581082171109816, "p4": 13.90485631540947, "pol1": -0.45285198597094656, "pol2": -0.9814242813614602, "pol3": 0.10668488439273482, "pol4": 0.2728260707516379, "v0s": 4.845423312058297}, "datetime": {"datetime": "2022-05-17 14:06:32", "elapsed": 66208.050739, "delta": 37.369052}}
{"target": -1.0, "params": {"Bgrad": 1.1654634380613311, "d1": -2.4326485204799786, "d2": -0.6589726074227085, "d3": -2.1808788137206587, "d4": -0.7389415085994648, "p1": 29.029809295810583, "p2": 31.562873047559957, "p3": 9.44948386412008, "p4": 42.07112450873151, "pol1": 0.8215667293195508, "pol2": -0.676083892128208, "pol3": 0.08190365519127418, "pol4": 0.22960517067728792, "v0s": 5.743549801305006}, "datetime": {"datetime": "2022-05-17 14:07:11", "elapsed": 66247.024534, "delta": 38.973795}}
{"target": 2.9642256418139157, "params": {"Bgrad": 0.5, "d1": -1.0375764201582056, "d2": -3.0, "d3": -1.912001031706035, "d4": -3.0, "p1": 7.945898567528359, "p2": 33.86840639337215, "p3": 34.5195565590327, "p4": 19.162769820946693, "pol1": 0.2640261477272802, "pol2": 0.9204155936064394, "pol3": -0.6883682069092962, "pol4": -0.9169733542581062, "v0s": 2.9642256418139157}, "datetime": {"datetime": "2022-05-17 14:07:41", "elapsed": 66276.623368, "delta": 29.598834}}
{"target": 4.428708227782185, "params": {"Bgrad": 1.1453807860231096, "d1": -1.0913342182647763, "d2": 0.9539443718003233, "d3": -1.9934636582837428, "d4": -0.41418560943329785, "p1": 31.96001746382772, "p2": 14.337470533812557, "p3": 31.926397841504084, "p4": 25.549530399389887, "pol1": -0.07275397733460243, "pol2": -0.37320074125996694, "pol3": -0.6630669113437062, "pol4": 0.8591226406849002, "v0s": 4.428708227782185}, "datetime": {"datetime": "2022-05-17 14:08:12", "elapsed": 66307.271396, "delta": 30.648028}}
{"target": -1.0, "params": {"Bgrad": 1.8216937112843352, "d1": -2.6903717965303997, "d2": -0.6103545101601129, "d3": 0.09178532181225796, "d4": -2.8185093506208463, "p1": 27.86894810043932, "p2": 40.03853878387545, "p3": 31.46996018926197, "p4": 20.463166999512556, "pol1": -0.05551139116239767, "pol2": 0.5834848232797845, "pol3": 0.3865871511340071, "pol4": 0.44083048350145204, "v0s": 5.609001529946073}, "datetime": {"datetime": "2022-05-17 14:08:43", "elapsed": 66338.794085, "delta": 31.522689}}
{"target": -1.0, "params": {"Bgrad": 1.4042943044930996, "d1": 0.8946334368545328, "d2": 0.14744958685934284, "d3": -1.8812433457026692, "d4": -1.3139204853788211, "p1": 26.10327094611623, "p2": 8.477581965468966, "p3": 36.916563086940904, "p4": 30.121974192477158, "pol1": -0.6487817199383703, "pol2": 0.7371202292268932, "pol3": -0.3308083387416565, "pol4": -0.6645184248028966, "v0s": 3.704108573680462}, "datetime": {"datetime": "2022-05-17 14:09:30", "elapsed": 66385.409411, "delta": 46.615326}}
{"target": 3.717659084144113, "params": {"Bgrad": 1.6288100198988047, "d1": -3.0, "d2": -0.3710593529619811, "d3": -1.805740239522565, "d4": -1.4183108327557907, "p1": 29.110410965532658, "p2": 30.171312145744945, "p3": 8.253610599412559, "p4": 44.3211336931744, "pol1": 0.8270740770100294, "pol2": -0.7796701060505504, "pol3": 0.850035056300263, "pol4": 0.06053542455380473, "v0s": 3.717659084144113}, "datetime": {"datetime": "2022-05-17 14:10:13", "elapsed": 66428.979872, "delta": 43.570461}}
{"target": 4.7284879599524805, "params": {"Bgrad": 0.7899492718730607, "d1": -1.3052646317344931, "d2": 1.0, "d3": -2.1716070075200196, "d4": -2.6046238339367784, "p1": 3.124284640292782, "p2": 35.08327794636226, "p3": 35.41500871683959, "p4": 37.27886406493801, "pol1": 0.3329369958934496, "pol2": -0.5342923898575052, "pol3": 0.44930174641561815, "pol4": -0.6183661652721498, "v0s": 4.7284879599524805}, "datetime": {"datetime": "2022-05-17 14:10:48", "elapsed": 66463.395822, "delta": 34.41595}}
{"target": 4.217968009311787, "params": {"Bgrad": 1.1848122752587387, "d1": -3.0, "d2": 1.0, "d3": -2.484138892440227, "d4": -1.1535310670818557, "p1": 28.730317427718898, "p2": 29.592320030767997, "p3": 8.856947685184815, "p4": 43.62541568753001, "pol1": -0.06420247084969398, "pol2": -0.1797260741851884, "pol3": 1.0, "pol4": 0.7024897665370796, "v0s": 4.217968009311787}, "datetime": {"datetime": "2022-05-17 14:11:10", "elapsed": 66485.922571, "delta": 22.526749}}
{"target": 4.5849864621310275, "params": {"Bgrad": 1.0107003150691833, "d1": -2.902435349400688, "d2": -3.0, "d3": -0.9961572052255634, "d4": -3.0, "p1": 3.8550923990881456, "p2": 10.64523393784567, "p3": 36.65103330884448, "p4": 28.493870624325815, "pol1": -0.6227795620999848, "pol2": 0.11793098880746757, "pol3": 0.7192848676088105, "pol4": -1.0, "v0s": 4.5849864621310275}, "datetime": {"datetime": "2022-05-17 14:11:45", "elapsed": 66520.427284, "delta": 34.504713}}
