{"target": 0.022826794477936226, "params": {"beta_1": 1.6716380961869477, "beta_2": 3.357290505478379, "det_1": 157.9065681639786, "det_2": 17.504358378226485, "laseroff": 350671.88843306684, "laseron": 243664.7950571352, "main_det": 16.040908377650908}, "datetime": {"datetime": "2022-01-08 18:10:28", "elapsed": 9853.412255, "delta": 201.051529}}
{"target": 0.0006847318361280167, "params": {"beta_1": 0.12382892687914504, "beta_2": 4.8485493764544065, "det_1": 142.77220620809595, "det_2": 15.160610304159833, "laseroff": 550003.9943109743, "laseron": 283822.24860227504, "main_det": 15.256325068024534}, "datetime": {"datetime": "2022-01-08 18:15:45", "elapsed": 10170.698497, "delta": 317.286242}}
{"target": 0.0, "params": {"beta_1": 0.7657537732738648, "beta_2": 4.892170236168386, "det_1": 157.0595537410295, "det_2": 20.418088664813578, "laseroff": 360301.76770520775, "laseron": 178587.94985791296, "main_det": 13.11082871304702}, "datetime": {"datetime": "2022-01-08 18:18:29", "elapsed": 10334.836959, "delta": 164.138462}}
{"target": 0.031233630559075697, "params": {"beta_1": 1.6712136542200198, "beta_2": 2.0167961205889, "det_1": 98.58521213083532, "det_2": 14.287211244012939, "laseroff": 548493.5487777863, "laseron": 232560.81532260083, "main_det": 15.607914944055427}, "datetime": {"datetime": "2022-01-08 18:23:27", "elapsed": 10632.035522, "delta": 297.198563}}
{"target": 0.06210419497360473, "params": {"beta_1": 0.7609756858577588, "beta_2": 3.8179807072824157, "det_1": 153.69985129064912, "det_2": 11.063753471875883, "laseroff": 437900.8380258613, "laseron": 180808.16155182995, "main_det": 18.35781229957282}, "datetime": {"datetime": "2022-01-08 18:27:43", "elapsed": 10888.326018, "delta": 256.290496}}
{"target": 0.05041485334130794, "params": {"beta_1": 0.15973628871149126, "beta_2": 0.6894584116840285, "det_1": 136.80327791012581, "det_2": 29.05450752930266, "laseroff": 566273.0606218816, "laseron": 180177.52861373808, "main_det": 18.07357905045059}, "datetime": {"datetime": "2022-01-08 18:32:24", "elapsed": 11169.348988, "delta": 281.02297}}
{"target": 0.005554881630967512, "params": {"beta_1": 1.4162250875803666, "beta_2": 0.9988256021326525, "det_1": 125.26602538686524, "det_2": 10.248422763311236, "laseroff": 438278.8187573976, "laseron": 141263.5420022281, "main_det": 10.715482554403788}, "datetime": {"datetime": "2022-01-08 18:37:18", "elapsed": 11463.132933, "delta": 293.783945}}
{"target": 0.025400203177228534, "params": {"beta_1": 0.08481473875188827, "beta_2": 0.3795565284559055, "det_1": 154.94355709777307, "det_2": 14.950620220522651, "laseroff": 446801.942544193, "laseron": 292571.2772739331, "main_det": 17.78088354908939}, "datetime": {"datetime": "2022-01-08 18:41:49", "elapsed": 11734.408, "delta": 271.275067}}
{"target": 0.0, "params": {"beta_1": 1.4792972430138827, "beta_2": 3.0702574716963733, "det_1": 168.5421533013759, "det_2": 15.329598102183526, "laseroff": 503537.2348191192, "laseron": 165048.8823085932, "main_det": 15.50336299459358}, "datetime": {"datetime": "2022-01-08 18:46:39", "elapsed": 12024.166527, "delta": 289.758527}}
{"target": 0.060896728577753016, "params": {"beta_1": 1.7532470789957553, "beta_2": 3.573817622875508, "det_1": 165.99409939777348, "det_2": 8.427524494098861, "laseroff": 413011.0131556707, "laseron": 190085.68130060146, "main_det": 16.30218687692838}, "datetime": {"datetime": "2022-01-08 18:51:07", "elapsed": 12292.146921, "delta": 267.980394}}
{"target": 0.05885366854271681, "params": {"beta_1": 1.659096923789203, "beta_2": 3.3810609159345213, "det_1": 164.2618292970981, "det_2": 21.45875507826824, "laseroff": 538730.3715582727, "laseron": 259278.86180295947, "main_det": 19.90154454417904}, "datetime": {"datetime": "2022-01-08 18:55:26", "elapsed": 12550.880228, "delta": 258.733307}}
{"target": 0.0042928188492612675, "params": {"beta_1": 1.8296000644629882, "beta_2": 1.919338029456032, "det_1": 105.7931159780241, "det_2": 8.653862065357785, "laseroff": 380291.92069440876, "laseron": 224665.5266145622, "main_det": 12.723796354712867}, "datetime": {"datetime": "2022-01-08 18:59:17", "elapsed": 12782.809631, "delta": 231.929403}}
{"target": 0.006665616063543691, "params": {"beta_1": 1.760899207026345, "beta_2": 2.4215086045094596, "det_1": 79.08237462654044, "det_2": 18.16032718209369, "laseroff": 322176.58756195416, "laseron": 217746.92390108015, "main_det": 18.495537826899266}, "datetime": {"datetime": "2022-01-08 19:02:15", "elapsed": 12960.115062, "delta": 177.305431}}
{"target": 0.007920250193924479, "params": {"beta_1": 1.9426891813099847, "beta_2": 1.2874292274810861, "det_1": 119.0584134996146, "det_2": 18.874898645759885, "laseroff": 574620.7837814332, "laseron": 291925.4985993189, "main_det": 13.736457264646312}, "datetime": {"datetime": "2022-01-08 19:07:57", "elapsed": 13302.472401, "delta": 342.357339}}
{"target": 0.06116139367242928, "params": {"beta_1": 0.39505283226772736, "beta_2": 0.6237025581553074, "det_1": 118.78005521676532, "det_2": 27.283270007949277, "laseroff": 532445.0068899866, "laseron": 230568.4534705687, "main_det": 19.84800891387811}, "datetime": {"datetime": "2022-01-08 19:12:36", "elapsed": 13581.061229, "delta": 278.588828}}
{"target": 0.0, "params": {"beta_1": 1.3405132474177452, "beta_2": 0.5247732132854438, "det_1": 79.39943742301439, "det_2": 28.17910521746948, "laseroff": 305188.7399854028, "laseron": 268775.9965318292, "main_det": 13.406080959885518}, "datetime": {"datetime": "2022-01-08 19:12:57", "elapsed": 13602.188084, "delta": 21.126855}}
{"target": 0.005444467196108029, "params": {"beta_1": 1.626210524952065, "beta_2": 0.2861038818353423, "det_1": 117.59505785547474, "det_2": 6.49481153107765, "laseroff": 390211.40487950214, "laseron": 185975.37164401208, "main_det": 11.632486143506528}, "datetime": {"datetime": "2022-01-08 19:17:01", "elapsed": 13845.890753, "delta": 243.702669}}
{"target": 0.05918458206244108, "params": {"beta_1": 1.3742703785792523, "beta_2": 3.1641814937148633, "det_1": 142.01132464595344, "det_2": 22.73707355790724, "laseroff": 435398.0557530065, "laseron": 240385.4849669959, "main_det": 17.805040472137634}, "datetime": {"datetime": "2022-01-08 19:21:12", "elapsed": 14097.680046, "delta": 251.789293}}
{"target": 0.00015664499521126976, "params": {"beta_1": 1.856856096462492, "beta_2": 4.7920749354976415, "det_1": 141.60854223867034, "det_2": 15.993539881744042, "laseroff": 386333.35961361596, "laseron": 275410.1970327943, "main_det": 14.948875907980568}, "datetime": {"datetime": "2022-01-08 19:24:22", "elapsed": 14287.132708, "delta": 189.452662}}
{"target": 0.0009693482594934178, "params": {"beta_1": 1.7589651318345334, "beta_2": 3.8954816685190483, "det_1": 159.84946017017853, "det_2": 13.127948787518221, "laseroff": 464222.3363520438, "laseron": 235871.94136168808, "main_det": 10.147816526990713}, "datetime": {"datetime": "2022-01-08 19:28:56", "elapsed": 14560.996707, "delta": 273.863999}}
{"target": 0.0031168553684573636, "params": {"beta_1": 1.1462608037658932, "beta_2": 4.181559051617524, "det_1": 72.4125524136983, "det_2": 14.549724468418622, "laseroff": 482062.4410502137, "laseron": 192479.15024528845, "main_det": 14.343617934014425}, "datetime": {"datetime": "2022-01-08 19:33:39", "elapsed": 14844.349455, "delta": 283.352748}}
{"target": 0.023635531072933147, "params": {"beta_1": 1.579757499342239, "beta_2": 4.039726737180047, "det_1": 120.59803305667043, "det_2": 9.091566199967946, "laseroff": 572358.6878199249, "laseron": 141996.6445527633, "main_det": 14.971110977680326}, "datetime": {"datetime": "2022-01-08 19:38:54", "elapsed": 15159.157838, "delta": 314.808383}}
{"target": 0.06664154298742844, "params": {"beta_1": 0.8008500105189509, "beta_2": 1.1641735148012082, "det_1": 79.40049276591975, "det_2": 18.77905707193686, "laseroff": 513194.40346457774, "laseron": 284581.6147457884, "main_det": 17.862337649047685}, "datetime": {"datetime": "2022-01-08 19:44:07", "elapsed": 15472.521843, "delta": 313.364005}}
{"target": 0.001038222436957374, "params": {"beta_1": 0.6394049547587548, "beta_2": 4.153376216353632, "det_1": 133.76139308703054, "det_2": 16.37839332174549, "laseroff": 469620.8255984264, "laseron": 149416.66990924018, "main_det": 11.751168250869142}, "datetime": {"datetime": "2022-01-08 19:48:49", "elapsed": 15754.360674, "delta": 281.838831}}
{"target": 0.002893440058554981, "params": {"beta_1": 0.6939129089693334, "beta_2": 4.1219533550631215, "det_1": 169.5687075093257, "det_2": 18.56627914076835, "laseroff": 508591.94079359015, "laseron": 209522.93465972855, "main_det": 11.760474508166075}, "datetime": {"datetime": "2022-01-08 19:53:33", "elapsed": 16037.908369, "delta": 283.547695}}
{"target": 0.0007104382313590083, "params": {"beta_1": 1.188710351266234, "beta_2": 2.785987058807739, "det_1": 114.15023891830555, "det_2": 17.96379303563542, "laseroff": 358865.49370830745, "laseron": 157139.40274551348, "main_det": 10.707582505764133}, "datetime": {"datetime": "2022-01-08 19:56:31", "elapsed": 16215.957894, "delta": 178.049525}}
{"target": 0.039441489192262, "params": {"beta_1": 0.923768471280531, "beta_2": 2.488215998656536, "det_1": 137.37865782226027, "det_2": 20.441400229577447, "laseroff": 434139.1678170293, "laseron": 218829.66560804733, "main_det": 14.94347223873675}, "datetime": {"datetime": "2022-01-08 20:01:47", "elapsed": 16532.296157, "delta": 316.338263}}
{"target": 0.00029280909704519224, "params": {"beta_1": 0.6646397244395317, "beta_2": 3.7686535845925277, "det_1": 116.13920403832235, "det_2": 5.249747695331201, "laseroff": 412661.0563658311, "laseron": 168603.72825782257, "main_det": 11.411344222764242}, "datetime": {"datetime": "2022-01-08 20:05:48", "elapsed": 16773.486845, "delta": 241.190688}}
{"target": 0.017594166922368662, "params": {"beta_1": 0.9516282263599651, "beta_2": 0.05446297647421827, "det_1": 128.72526050115522, "det_2": 25.81364540065343, "laseroff": 599329.11778541, "laseron": 287946.0945973984, "main_det": 15.713305103252011}, "datetime": {"datetime": "2022-01-08 20:11:16", "elapsed": 17101.557966, "delta": 328.071121}}
{"target": 0.05900897186050556, "params": {"beta_1": 1.1346677852557234, "beta_2": 0.7437403508986062, "det_1": 143.06476289488106, "det_2": 9.231756580828192, "laseroff": 402278.2229229985, "laseron": 236617.71195416863, "main_det": 17.21814137219411}, "datetime": {"datetime": "2022-01-08 20:15:18", "elapsed": 17343.509402, "delta": 241.951436}}
{"target": 0.011174410147552332, "params": {"beta_1": 1.5864309494237459, "beta_2": 1.0726888127759493, "det_1": 137.9523311146572, "det_2": 7.331906256610022, "laseroff": 375021.76240702556, "laseron": 286667.95320905466, "main_det": 15.003576149771193}, "datetime": {"datetime": "2022-01-08 20:19:00", "elapsed": 17565.257228, "delta": 221.747826}}
{"target": 0.043845529687399076, "params": {"beta_1": 1.3308325513741388, "beta_2": 2.401279959994051, "det_1": 124.30993578453786, "det_2": 21.276970840237244, "laseroff": 347253.8766553844, "laseron": 139790.8292698613, "main_det": 17.272959886406234}, "datetime": {"datetime": "2022-01-08 20:22:35", "elapsed": 17780.37084, "delta": 215.113612}}
{"target": 0.004832556883758152, "params": {"beta_1": 0.76402972084251, "beta_2": 3.854077296605509, "det_1": 132.23456907165286, "det_2": 11.286411886504043, "laseroff": 396636.9507248809, "laseron": 250925.38946830528, "main_det": 15.674522060485353}, "datetime": {"datetime": "2022-01-08 20:26:35", "elapsed": 18020.236214, "delta": 239.865374}}
{"target": 0.044778606222112924, "params": {"beta_1": 0.609150803110382, "beta_2": 3.741800325453854, "det_1": 144.62246343911534, "det_2": 26.130787165969558, "laseroff": 460958.3768278866, "laseron": 153095.16058073106, "main_det": 16.20667802042237}, "datetime": {"datetime": "2022-01-08 20:31:28", "elapsed": 18313.198466, "delta": 292.962252}}
{"target": 0.04680225474989846, "params": {"beta_1": 1.7093663094144704, "beta_2": 1.794398546591582, "det_1": 70.73058307752792, "det_2": 27.314085638391653, "laseroff": 484080.04391985154, "laseron": 240990.76459716435, "main_det": 16.3293326021121}, "datetime": {"datetime": "2022-01-08 20:36:31", "elapsed": 18616.38378, "delta": 303.185314}}
{"target": 6.075655861295237e-05, "params": {"beta_1": 0.10499596585695636, "beta_2": 4.632810022083615, "det_1": 82.97810285461429, "det_2": 16.35535999455181, "laseroff": 470859.15137542214, "laseron": 251958.2234079531, "main_det": 14.540277720570273}, "datetime": {"datetime": "2022-01-08 20:40:46", "elapsed": 18871.099439, "delta": 254.715659}}
{"target": 0.047588558526481715, "params": {"beta_1": 0.18673246477414684, "beta_2": 2.6124485534590187, "det_1": 162.9415341504939, "det_2": 22.910561371003816, "laseroff": 453708.17955138744, "laseron": 242134.45566999368, "main_det": 17.016375717868787}, "datetime": {"datetime": "2022-01-08 20:45:43", "elapsed": 19168.82338, "delta": 297.723941}}
{"target": 0.06490014824208297, "params": {"beta_1": 1.3055252364365804, "beta_2": 2.8668923590232387, "det_1": 126.02710064768534, "det_2": 10.028483858032015, "laseroff": 464916.3643487078, "laseron": 268161.4495321101, "main_det": 17.482470123887676}, "datetime": {"datetime": "2022-01-08 20:50:45", "elapsed": 19469.895978, "delta": 301.072598}}
{"target": 0.0017001081111133534, "params": {"beta_1": 0.8637585989281018, "beta_2": 3.7217028355443733, "det_1": 76.36790605212725, "det_2": 12.037441415973833, "laseroff": 432807.4159276101, "laseron": 164586.01712135653, "main_det": 12.930469272379911}, "datetime": {"datetime": "2022-01-08 20:54:47", "elapsed": 19712.393012, "delta": 242.497034}}
{"target": 0.01751279508294769, "params": {"beta_1": 0.6034538900149089, "beta_2": 1.794644148511012, "det_1": 74.85878523734394, "det_2": 27.76034669774593, "laseroff": 492602.17594562063, "laseron": 213631.13502041323, "main_det": 13.2651778779964}, "datetime": {"datetime": "2022-01-08 20:59:47", "elapsed": 20012.179663, "delta": 299.786651}}
{"target": 0.023466635657665998, "params": {"beta_1": 0.7273827768657357, "beta_2": 0.48397531991308806, "det_1": 125.58958637220914, "det_2": 26.718147226472997, "laseroff": 405001.47507602436, "laseron": 251621.00589582667, "main_det": 15.551722804711385}, "datetime": {"datetime": "2022-01-08 21:04:30", "elapsed": 20294.951401, "delta": 282.771738}}
{"target": 0.03069655212999734, "params": {"beta_1": 0.35474297315137426, "beta_2": 2.5971378399033638, "det_1": 165.67301615730747, "det_2": 14.216099628012028, "laseroff": 516818.9133482551, "laseron": 141949.28437693394, "main_det": 13.670423128160484}, "datetime": {"datetime": "2022-01-08 21:09:25", "elapsed": 20590.722378, "delta": 295.770977}}
{"target": 0.02045411268294003, "params": {"beta_1": 1.2452105612142081, "beta_2": 3.1044964371268517, "det_1": 106.22334583196545, "det_2": 12.055552851198268, "laseroff": 505338.2510357939, "laseron": 230434.74029416865, "main_det": 13.887295604847072}, "datetime": {"datetime": "2022-01-08 21:14:27", "elapsed": 20892.108295, "delta": 301.385917}}
{"target": 0.0, "params": {"beta_1": 1.6556439588036151, "beta_2": 4.504532743146456, "det_1": 119.98228075688132, "det_2": 17.103927633415754, "laseroff": 329510.5535586712, "laseron": 246877.12356339255, "main_det": 16.013438785445015}, "datetime": {"datetime": "2022-01-08 21:16:28", "elapsed": 21013.610421, "delta": 121.502126}}
{"target": 0.061711406043074596, "params": {"beta_1": 1.1673297570227408, "beta_2": 3.156091857940609, "det_1": 158.01516013698597, "det_2": 26.468771154207037, "laseroff": 450556.7263797446, "laseron": 274219.38175857486, "main_det": 19.569193087271408}, "datetime": {"datetime": "2022-01-08 21:20:49", "elapsed": 21274.617488, "delta": 261.007067}}
{"target": 0.0, "params": {"beta_1": 1.8490489919330506, "beta_2": 0.18908794350891933, "det_1": 126.26791500913416, "det_2": 21.67701244459159, "laseroff": 549289.7919737741, "laseron": 205884.30026083294, "main_det": 14.939012767413384}, "datetime": {"datetime": "2022-01-08 21:25:29", "elapsed": 21554.287515, "delta": 279.670027}}
{"target": 0.009880291746203038, "params": {"beta_1": 1.8599886386244417, "beta_2": 1.3216079117440778, "det_1": 127.46855588842081, "det_2": 26.02364625125744, "laseroff": 471779.95742879517, "laseron": 281805.78997648077, "main_det": 13.213825013633711}, "datetime": {"datetime": "2022-01-08 21:30:28", "elapsed": 21853.449391, "delta": 299.161876}}
{"target": 0.040247423143774386, "params": {"beta_1": 1.2260833926321806, "beta_2": 2.2551381757522386, "det_1": 118.14965463505253, "det_2": 11.058112618694656, "laseroff": 441181.3166204222, "laseron": 148440.08525012527, "main_det": 15.928983968083912}, "datetime": {"datetime": "2022-01-08 21:35:03", "elapsed": 22128.492901, "delta": 275.04351}}
{"target": 0.003200551500489564, "params": {"beta_1": 0.6978528505902779, "beta_2": 2.480039075687548, "det_1": 90.33876261567397, "det_2": 14.60282622259408, "laseroff": 514730.0190089976, "laseron": 261127.48540756362, "main_det": 11.042915730371334}, "datetime": {"datetime": "2022-01-08 21:40:06", "elapsed": 22431.189813, "delta": 302.696912}}
{"target": 0.0012834829593508985, "params": {"beta_1": 0.7871884672645832, "beta_2": 0.7426962732600945, "det_1": 150.26145047459238, "det_2": 26.015002482509416, "laseroff": 473210.2338744515, "laseron": 299319.9264986921, "main_det": 10.571575666019378}, "datetime": {"datetime": "2022-01-08 21:45:16", "elapsed": 22741.686673, "delta": 310.49686}}
{"target": 0.0022721503795787197, "params": {"beta_1": 0.6926071358635086, "beta_2": 0.924675264357892, "det_1": 166.2348936158163, "det_2": 14.05830293539649, "laseroff": 337984.7149672047, "laseron": 208430.5524499318, "main_det": 12.706194090664818}, "datetime": {"datetime": "2022-01-08 21:48:29", "elapsed": 22934.428012, "delta": 192.741339}}
{"target": 0.013640387228747722, "params": {"beta_1": 0.2094798567340148, "beta_2": 0.8830041942877825, "det_1": 94.18240928592593, "det_2": 12.682056985401609, "laseroff": 595985.040477383, "laseron": 254919.80286760282, "main_det": 13.106770919295286}, "datetime": {"datetime": "2022-01-08 21:53:52", "elapsed": 23257.809596, "delta": 323.381584}}
{"target": 0.061675983035460506, "params": {"beta_1": 1.2828050304231176, "beta_2": 1.2023038442828744, "det_1": 154.92121571127586, "det_2": 14.330548761086668, "laseroff": 380644.2671807305, "laseron": 260810.64128472976, "main_det": 17.80782306781666}, "datetime": {"datetime": "2022-01-08 21:58:10", "elapsed": 23515.837058, "delta": 258.027462}}
{"target": 0.039901732321407146, "params": {"beta_1": 0.8887747527980381, "beta_2": 3.0692409139431627, "det_1": 159.08045717692974, "det_2": 11.379998184313004, "laseroff": 337558.51119734324, "laseron": 159786.96366414157, "main_det": 16.48873443042695}, "datetime": {"datetime": "2022-01-08 22:01:47", "elapsed": 23732.014452, "delta": 216.177394}}
{"target": 0.015536387314486696, "params": {"beta_1": 0.8922764977036224, "beta_2": 2.4830134918249573, "det_1": 125.81776639863608, "det_2": 9.886362916921119, "laseroff": 340256.9609209077, "laseron": 247869.39606034185, "main_det": 17.975273744905557}, "datetime": {"datetime": "2022-01-08 22:05:10", "elapsed": 23935.577236, "delta": 203.562784}}
{"target": 0.04949529721111861, "params": {"beta_1": 1.9342065873996546, "beta_2": 0.0903675119564501, "det_1": 140.2914128887959, "det_2": 25.435932276968355, "laseroff": 378454.204208617, "laseron": 187544.90855912078, "main_det": 18.767545831243694}, "datetime": {"datetime": "2022-01-08 22:08:26", "elapsed": 24131.166036, "delta": 195.5888}}
{"target": 0.05571193320875277, "params": {"beta_1": 1.6614195952017807, "beta_2": 0.0053156034188533985, "det_1": 125.55912714387497, "det_2": 13.069249732196143, "laseroff": 408298.4333871334, "laseron": 205156.22779861352, "main_det": 16.801407580978022}, "datetime": {"datetime": "2022-01-08 22:12:10", "elapsed": 24355.721842, "delta": 224.555806}}
{"target": 0.043680973091018045, "params": {"beta_1": 0.1660072142659652, "beta_2": 1.2294926440227094, "det_1": 91.25773673702886, "det_2": 15.009097104064205, "laseroff": 354287.43262176594, "laseron": 196745.819185989, "main_det": 19.472414062070417}, "datetime": {"datetime": "2022-01-08 22:15:42", "elapsed": 24566.963179, "delta": 211.241337}}
{"target": 0.0518994175557325, "params": {"beta_1": 1.592771905469109, "beta_2": 1.8663340986373673, "det_1": 143.79754141720144, "det_2": 13.419618652074542, "laseroff": 474223.2218229007, "laseron": 240118.2463316008, "main_det": 18.46821103589651}, "datetime": {"datetime": "2022-01-08 22:20:16", "elapsed": 24841.001188, "delta": 274.038009}}
{"target": 0.04439653190259654, "params": {"beta_1": 0.812854019645034, "beta_2": 1.867364599492089, "det_1": 129.1940176464398, "det_2": 28.441918312426026, "laseroff": 496258.6449683417, "laseron": 207172.8932860656, "main_det": 19.657481490921207}, "datetime": {"datetime": "2022-01-08 22:24:11", "elapsed": 25076.782476, "delta": 235.781288}}
{"target": 0.05912492931759961, "params": {"beta_1": 0.6768790873433872, "beta_2": 2.908646376924939, "det_1": 84.64984107519801, "det_2": 19.90226016461369, "laseroff": 386960.5637219913, "laseron": 158657.72467843446, "main_det": 17.440334011198516}, "datetime": {"datetime": "2022-01-08 22:28:08", "elapsed": 25313.52725, "delta": 236.744774}}
{"target": 0.0, "params": {"beta_1": 1.7815757280327391, "beta_2": 4.66023065376473, "det_1": 82.23672636191625, "det_2": 10.176074626788338, "laseroff": 454437.1248978174, "laseron": 223065.45069457067, "main_det": 11.270447733875388}, "datetime": {"datetime": "2022-01-08 22:32:13", "elapsed": 25558.225082, "delta": 244.697832}}
{"target": 0.06177776940150722, "params": {"beta_1": 0.04382036789879429, "beta_2": 1.773808847354802, "det_1": 122.78835946225703, "det_2": 17.463353753005116, "laseroff": 467086.7751841173, "laseron": 205216.25755257573, "main_det": 17.81166167988012}, "datetime": {"datetime": "2022-01-08 22:36:53", "elapsed": 25838.80353, "delta": 280.578448}}
