{"target": -1.0, "params": {"Bgrad": 1.966472718224913, "d1": 0.9819476658320663, "d2": 0.45452426239579813, "d3": -0.3633296649645925, "d4": -2.2213533993274623, "p1": 15.969497951224621, "p2": 19.631940890134153, "p3": 25.226838638875552, "p4": 25.318861034674367, "pol1": -0.0352283508421789, "pol2": -0.9029086137333531, "pol3": -0.15237548118035082, "pol4": 0.8079327215324079, "v0s": 4.289944950695252}, "datetime": {"datetime": "2022-04-14 18:17:39", "elapsed": 9479.265651, "delta": 25.998488}}
{"target": -1.0, "params": {"Bgrad": 0.5658423893235411, "d1": -0.30561593057219305, "d2": 0.7295984853663353, "d3": -0.37431452071560667, "d4": -0.48334405348385223, "p1": 17.04160724117716, "p2": 14.415776484439235, "p3": 24.145358712094794, "p4": 24.07306031965511, "pol1": 0.4857005459967416, "pol2": -0.7811431220309792, "pol3": 0.23309221930153523, "pol4": -0.3253070851311266, "v0s": 4.626309303285441}, "datetime": {"datetime": "2022-04-14 18:17:49", "elapsed": 9489.297828, "delta": 10.032177}}
{"target": -1.0, "params": {"Bgrad": 0.7943960161817978, "d1": -1.563879623454236, "d2": -2.9431037120864696, "d3": -1.7358383780484354, "d4": -3.0, "p1": 15.304371554493525, "p2": 37.12762280400966, "p3": 30.939783598406596, "p4": 33.53191425180963, "pol1": -1.0, "pol2": 0.09464255591374253, "pol3": 0.1660898868228698, "pol4": -0.8117709206793927, "v0s": 2.191465351869499}, "datetime": {"datetime": "2022-04-14 18:17:56", "elapsed": 9495.877238, "delta": 6.57941}}
{"target": -1.0, "params": {"Bgrad": 1.7275410474387156, "d1": -1.690241163419401, "d2": -1.792152960481122, "d3": -1.4102951067948766, "d4": -1.4648786659505757, "p1": 3.464106460784666, "p2": 2.8171298761917263, "p3": 44.59877583824458, "p4": 19.768037398537675, "pol1": -0.5739432273121632, "pol2": 0.03233217336319516, "pol3": 0.09537851557398169, "pol4": -0.7518073034423753, "v0s": 2.609598416703211}, "datetime": {"datetime": "2022-04-14 18:18:07", "elapsed": 9507.070311, "delta": 11.193073}}
{"target": 4.517507687279894, "params": {"Bgrad": 1.7548851628674362, "d1": -1.2139366348524816, "d2": 0.08058212748334137, "d3": 0.9339903546407262, "d4": -0.8325677271530378, "p1": 4.612376066522211, "p2": 0.43590001234892206, "p3": 40.88357718114543, "p4": 46.989832832395315, "pol1": -0.43673213790794074, "pol2": -0.019470255432867845, "pol3": -0.5378875666495957, "pol4": 0.04480990612036484, "v0s": 4.517507687279894}, "datetime": {"datetime": "2022-04-14 18:18:22", "elapsed": 9522.108104, "delta": 15.037793}}
{"target": -1.0, "params": {"Bgrad": 0.574101929284054, "d1": -0.1935808093177469, "d2": -2.7699981295786142, "d3": -0.36045839418918124, "d4": -0.3682015994699368, "p1": 4.691167026136905, "p2": 1.619879086942183, "p3": 39.88710537272816, "p4": 49.66029805873303, "pol1": -0.36450763315297463, "pol2": 0.9507517540088524, "pol3": -0.11134476565410023, "pol4": 0.3573108658024198, "v0s": 2.151541202599447}, "datetime": {"datetime": "2022-04-14 18:18:26", "elapsed": 9526.496371, "delta": 4.388267}}
{"target": -1.0, "params": {"Bgrad": 1.5535966623325583, "d1": -1.5606015620712248, "d2": -1.9297845636561761, "d3": -2.322660674434394, "d4": -2.008477023177978, "p1": 3.6748014769572235, "p2": 32.51504977659185, "p3": 16.293856868753252, "p4": 9.712938258871079, "pol1": -0.10495084818681222, "pol2": -0.6034225200942134, "pol3": -0.16147344764525373, "pol4": -0.8710031683542288, "v0s": 3.854875554346683}, "datetime": {"datetime": "2022-04-14 18:18:42", "elapsed": 9542.098656, "delta": 15.602285}}
{"target": 3.3747173111926916, "params": {"Bgrad": 1.485989912460969, "d1": -2.316653821732685, "d2": -0.8812976857110408, "d3": -0.6127747636051613, "d4": -2.334040567293614, "p1": 14.604380749379365, "p2": 16.934986815348797, "p3": 23.880300492980577, "p4": 22.89105174174873, "pol1": -0.6377254158485341, "pol2": 0.8069722137045374, "pol3": -0.7578164865575945, "pol4": -0.9721738282465178, "v0s": 3.3747173111926916}, "datetime": {"datetime": "2022-04-14 18:18:54", "elapsed": 9554.2761, "delta": 12.177444}}
{"target": 3.9441763941875188, "params": {"Bgrad": 1.8266186124011896, "d1": -2.534447214516347, "d2": 0.3123494820491859, "d3": -1.9276545053645884, "d4": -1.8753465085171293, "p1": 14.145422017257165, "p2": 21.917207338226255, "p3": 20.949711186622196, "p4": 18.85761956726833, "pol1": -0.9028047016941274, "pol2": 0.4663031355826818, "pol3": 0.02252683591603795, "pol4": 0.1859104844388022, "v0s": 3.9441763941875188}, "datetime": {"datetime": "2022-04-14 18:19:04", "elapsed": 9563.740792, "delta": 9.464692}}
{"target": -1.0, "params": {"Bgrad": 1.8725082001676872, "d1": -2.2088927764700514, "d2": 0.19925400642309254, "d3": -2.0679989806137553, "d4": -0.2056735663487972, "p1": 10.409760680305464, "p2": 24.490773268555603, "p3": 47.745769665716885, "p4": 22.65830316601124, "pol1": 0.5559712853546299, "pol2": 0.7336267205544125, "pol3": 0.6534634084482422, "pol4": -0.7041850103806273, "v0s": 3.6754644127970906}, "datetime": {"datetime": "2022-04-14 18:19:22", "elapsed": 9582.284213, "delta": 18.543421}}
{"target": 4.024153000930081, "params": {"Bgrad": 1.6884376909420118, "d1": -1.6561383995855676, "d2": 0.046908811395219255, "d3": -0.8710445382517079, "d4": -0.829325832340217, "p1": 1.713099129669839, "p2": 32.97060741965563, "p3": 17.519833821662363, "p4": 11.058887217435386, "pol1": -0.6491748083701521, "pol2": 0.0250331678190105, "pol3": -0.46666532449351317, "pol4": 0.8792731299613458, "v0s": 4.024153000930081}, "datetime": {"datetime": "2022-04-14 18:19:31", "elapsed": 9591.535478, "delta": 9.251265}}
{"target": -1.0, "params": {"Bgrad": 1.2889041995049872, "d1": -0.10064930026753105, "d2": -0.13825552112780226, "d3": -1.5285533978559163, "d4": -1.6432819053230672, "p1": 8.849449896237477, "p2": 33.59058069047698, "p3": 35.93915133287959, "p4": 34.13974607416763, "pol1": -0.18573251607461283, "pol2": -0.6351153993565366, "pol3": 0.7712188164328506, "pol4": 0.44171773207050835, "v0s": 4.942118762036074}, "datetime": {"datetime": "2022-04-14 18:19:51", "elapsed": 9611.120116, "delta": 19.584638}}
{"target": -1.0, "params": {"Bgrad": 0.7523119743402855, "d1": -2.9326762192933464, "d2": -1.2986823782883619, "d3": -1.7804490713289156, "d4": -2.0765814116165697, "p1": 19.23378852778575, "p2": 19.37411470655456, "p3": 22.64943059418104, "p4": 19.80951881441445, "pol1": -0.4558323576425296, "pol2": -0.6041778521505747, "pol3": -0.16617715541885203, "pol4": -0.5641859647963334, "v0s": 3.753052891395999}, "datetime": {"datetime": "2022-04-14 18:20:06", "elapsed": 9626.382309, "delta": 15.262193}}
{"target": -1.0, "params": {"Bgrad": 0.668020742916388, "d1": -1.4588513281662991, "d2": -1.0038880327411994, "d3": -2.2003909182891963, "d4": -0.6013922946201431, "p1": 11.677161045308488, "p2": 28.54312762344689, "p3": 16.26442432394169, "p4": 3.819529544054112, "pol1": -0.4524321435292753, "pol2": -0.660836066786761, "pol3": -0.4515107710947053, "pol4": -0.23446472979799937, "v0s": 2.764122579287797}, "datetime": {"datetime": "2022-04-14 18:20:11", "elapsed": 9631.101691, "delta": 4.719382}}
{"target": -1.0, "params": {"Bgrad": 0.9472126698699455, "d1": -0.9211444526344059, "d2": -0.5781329309368024, "d3": -0.9627538133776095, "d4": -0.0509537312158721, "p1": 15.940322400136091, "p2": 15.301275525778097, "p3": 25.419572837200356, "p4": 23.22598666518385, "pol1": -0.00023191667018496176, "pol2": -0.08598922043589274, "pol3": -0.5873474698674701, "pol4": 0.43137666193738156, "v0s": 4.245678845360587}, "datetime": {"datetime": "2022-04-14 18:20:25", "elapsed": 9645.114226, "delta": 14.012535}}
{"target": -1.0, "params": {"Bgrad": 1.6723730112480386, "d1": 0.47667742994071177, "d2": 0.8460536403463774, "d3": -1.8039096437290374, "d4": -1.2572123717378487, "p1": 45.14209224026406, "p2": 27.27803550182314, "p3": 26.153205449689, "p4": 48.03492323643208, "pol1": -1.0, "pol2": 1.0, "pol3": -1.0, "pol4": -0.9212393249635565, "v0s": 2.246288618634709}, "datetime": {"datetime": "2022-04-14 18:20:51", "elapsed": 9671.352075, "delta": 26.237849}}
{"target": 4.342041346518239, "params": {"Bgrad": 1.12823566936988, "d1": -0.13742783328915076, "d2": 0.9385342813608868, "d3": -1.7670874385145487, "d4": -0.8756790402267605, "p1": 18.849633808390003, "p2": 17.243944863681254, "p3": 23.61237908189268, "p4": 22.84430316675098, "pol1": -0.9969304871503262, "pol2": 0.4456307577302838, "pol3": 0.08079976227084096, "pol4": -0.6282690132488127, "v0s": 4.342041346518239}, "datetime": {"datetime": "2022-04-14 18:20:59", "elapsed": 9679.217046, "delta": 7.864971}}
{"target": -1.0, "params": {"Bgrad": 1.3319672063868637, "d1": -2.433789491553981, "d2": -0.05639603413313843, "d3": 0.601756048811751, "d4": -2.785291534569045, "p1": 12.030337402508612, "p2": 31.207180695088393, "p3": 49.52806640350709, "p4": 19.87234061550553, "pol1": -0.5596153981157725, "pol2": 0.8509381204134492, "pol3": -0.7214072332293138, "pol4": -0.7803661489121214, "v0s": 4.6766188469572585}, "datetime": {"datetime": "2022-04-14 18:21:18", "elapsed": 9698.117513, "delta": 18.900467}}
{"target": -1.0, "params": {"Bgrad": 1.894014927779526, "d1": -2.332929708177166, "d2": 0.15968872638024179, "d3": -2.5887118782558467, "d4": 0.5340409019836665, "p1": 47.44916863099325, "p2": 42.648741178768795, "p3": 9.462307702065537, "p4": 11.525352827076718, "pol1": 0.6269527959585561, "pol2": -0.031608199522023206, "pol3": 0.7083510894814249, "pol4": -0.8627182433212572, "v0s": 4.4570054300510495}, "datetime": {"datetime": "2022-04-14 18:21:42", "elapsed": 9722.046536, "delta": 23.929023}}
{"target": 4.448064754794247, "params": {"Bgrad": 0.5522834460023505, "d1": -0.9455223006889018, "d2": 0.28457494892393465, "d3": -1.833138658458981, "d4": -2.4015620992455404, "p1": 14.631977966332176, "p2": 17.70930576116689, "p3": 25.74672618888398, "p4": 19.3294731960887, "pol1": -0.61683787034883, "pol2": -0.1907706666710749, "pol3": 0.007341513144645706, "pol4": -0.5944456502537485, "v0s": 4.448064754794247}, "datetime": {"datetime": "2022-04-14 18:21:46", "elapsed": 9726.099697, "delta": 4.053161}}
{"target": 3.4856231418807706, "params": {"Bgrad": 1.7543989863392127, "d1": -1.8810023419722393, "d2": -3.0, "d3": -2.501512794725953, "d4": -2.744642037710515, "p1": 24.98986317422816, "p2": 31.094556191565946, "p3": 43.84290771119695, "p4": 45.31041005553864, "pol1": -0.2409156093093185, "pol2": 0.3180073974775096, "pol3": -0.2822168631461601, "pol4": -0.07842586342617663, "v0s": 3.4856231418807706}, "datetime": {"datetime": "2022-04-14 18:21:57", "elapsed": 9737.52116, "delta": 11.421463}}
{"target": 3.9605241857381337, "params": {"Bgrad": 1.4691518642100436, "d1": -0.2814590771770069, "d2": -0.29743497560094223, "d3": -2.1877149408882044, "d4": 0.8729994618022845, "p1": 11.257153771488543, "p2": 30.867330141043166, "p3": 49.39170634769848, "p4": 20.291894582225144, "pol1": -0.03309759502817844, "pol2": 0.05593163327529749, "pol3": -0.691915220599215, "pol4": 0.9785375751892698, "v0s": 3.9605241857381337}, "datetime": {"datetime": "2022-04-14 18:22:10", "elapsed": 9749.968879, "delta": 12.447719}}
{"target": -1.0, "params": {"Bgrad": 1.3371103566563338, "d1": -1.9205657868388029, "d2": -0.7883995570393418, "d3": 0.25948952197179453, "d4": -1.3412618586909915, "p1": 16.470931278761526, "p2": 16.373495670533234, "p3": 23.008329533665624, "p4": 21.889674384279008, "pol1": 0.7808648791262942, "pol2": -0.04671920281742481, "pol3": 0.012707590476555675, "pol4": 0.6543023217781727, "v0s": 5.281928953821497}, "datetime": {"datetime": "2022-04-14 18:22:28", "elapsed": 9768.098406, "delta": 18.129527}}
{"target": -1.0, "params": {"Bgrad": 1.0515869207612605, "d1": -2.6085825874478643, "d2": 0.759274245059613, "d3": -2.625851457279987, "d4": -0.9851862404562937, "p1": 19.889563236255192, "p2": 19.878478651612685, "p3": 22.69518405826471, "p4": 24.08645141272787, "pol1": -0.6746065820570837, "pol2": -0.5308454311481519, "pol3": 0.5633888355377934, "pol4": 0.6793152012204304, "v0s": 2.9753701679974744}, "datetime": {"datetime": "2022-04-14 18:22:35", "elapsed": 9775.270231, "delta": 7.171825}}
{"target": 5.627856465183445, "params": {"Bgrad": 1.7961290395183371, "d1": -0.9796503349324807, "d2": 1.0, "d3": 0.5956038391248563, "d4": -0.07868272699298323, "p1": 3.453222181914336, "p2": 1.3125172746983234, "p3": 38.7715137409581, "p4": 44.95524571753243, "pol1": -1.0, "pol2": 1.0, "pol3": -0.904607079631382, "pol4": -0.5492409431903255, "v0s": 5.627856465183445}, "datetime": {"datetime": "2022-04-14 18:23:16", "elapsed": 9816.374332, "delta": 41.104101}}
{"target": -1.0, "params": {"Bgrad": 1.3311068310853373, "d1": -2.948955641462067, "d2": 0.7267495448923014, "d3": 0.8934237009639547, "d4": -2.8868980288629014, "p1": 15.60949608845693, "p2": 18.167110830428612, "p3": 22.785896239407506, "p4": 21.13493836225399, "pol1": 0.11774643480361768, "pol2": -0.2957252734259552, "pol3": 0.1988606093697387, "pol4": 0.03442599977321947, "v0s": 5.209645206018434}, "datetime": {"datetime": "2022-04-14 18:23:29", "elapsed": 9829.555091, "delta": 13.180759}}
{"target": 4.006098090055931, "params": {"Bgrad": 1.8677254084669344, "d1": -2.859362474893806, "d2": -1.4477987109211865, "d3": -2.564546057270063, "d4": -0.9950836265286727, "p1": 17.131632706705886, "p2": 23.114837139447342, "p3": 23.56657099366673, "p4": 23.742016702954615, "pol1": -0.636293760604141, "pol2": -0.5000473920298576, "pol3": 0.40596044871899295, "pol4": -0.7117878183229047, "v0s": 4.006098090055931}, "datetime": {"datetime": "2022-04-14 18:23:41", "elapsed": 9840.964586, "delta": 11.409495}}
{"target": -1.0, "params": {"Bgrad": 1.4794380733347297, "d1": -2.659394877651838, "d2": -0.8620126501229364, "d3": -1.5216912746149096, "d4": -2.5580124055967097, "p1": 21.83829674934482, "p2": 18.741236447682084, "p3": 23.770114027168717, "p4": 22.898044305165122, "pol1": -0.7790997127783887, "pol2": -0.7036926722134018, "pol3": 0.35352249032914407, "pol4": 0.9199296111220465, "v0s": 3.1268967301062593}, "datetime": {"datetime": "2022-04-14 18:23:52", "elapsed": 9852.386049, "delta": 11.421463}}
{"target": -1.0, "params": {"Bgrad": 0.638252586960049, "d1": -1.4086097085572837, "d2": 0.9566551564774919, "d3": 0.8927685123004689, "d4": -0.4189293634794504, "p1": 4.1093581773707815, "p2": 2.328182984008187, "p3": 38.26318727063535, "p4": 44.69780405883542, "pol1": -0.8706589523874377, "pol2": 0.8595515482295406, "pol3": 0.8603504798978112, "pol4": 0.5003528628689162, "v0s": 7.628065317313364}, "datetime": {"datetime": "2022-04-14 18:24:02", "elapsed": 9861.760983, "delta": 9.374934}}
{"target": -1.0, "params": {"Bgrad": 1.0996699395531058, "d1": -2.26655824256664, "d2": -1.35167550984254, "d3": -2.833204804545239, "d4": -2.0110843986600395, "p1": 17.91067371035134, "p2": 23.20361355821617, "p3": 24.913368721465684, "p4": 21.66507265282698, "pol1": 0.8511714229622029, "pol2": 0.03847992032153358, "pol3": 0.3287065785254355, "pol4": -0.39220901650655904, "v0s": 2.3566960428853947}, "datetime": {"datetime": "2022-04-14 18:24:10", "elapsed": 9870.09171, "delta": 8.330727}}
{"target": -1.0, "params": {"Bgrad": 0.982641059181079, "d1": -0.7510537394324763, "d2": 0.3274345909444891, "d3": -2.6352009314546163, "d4": -2.453619776149197, "p1": 16.136911101450522, "p2": 17.769200312339038, "p3": 24.853587122107413, "p4": 19.040952834447307, "pol1": -0.4491232699993797, "pol2": 0.8087336786574473, "pol3": 0.7301404592080474, "pol4": -0.6855861459612858, "v0s": 7.23062599848727}, "datetime": {"datetime": "2022-04-14 18:24:21", "elapsed": 9880.994559, "delta": 10.902849}}
{"target": -1.0, "params": {"Bgrad": 1.2359733009580551, "d1": -2.9237965801151944, "d2": -2.279225835601759, "d3": 0.0824059508500965, "d4": 0.037556708048836374, "p1": 32.08049768379878, "p2": 6.973172155983059, "p3": 6.2840641930006385, "p4": 27.106064354139153, "pol1": 0.19629600416681559, "pol2": -0.6823320654569496, "pol3": 0.638120910542884, "pol4": -0.9112177655839848, "v0s": 5.815731751334295}, "datetime": {"datetime": "2022-04-14 18:24:39", "elapsed": 9899.29862, "delta": 18.304061}}
{"target": 4.886914413452276, "params": {"Bgrad": 1.798403473278389, "d1": -2.736890966298084, "d2": 0.1678742615441955, "d3": -1.804974192492855, "d4": -1.647016489215818, "p1": 17.242221004774727, "p2": 16.228198443816805, "p3": 24.67812802616889, "p4": 21.206035556661295, "pol1": 0.2824521738693748, "pol2": -0.5917520456082273, "pol3": 0.8677562111721524, "pol4": -0.2846854404244681, "v0s": 4.886914413452276}, "datetime": {"datetime": "2022-04-14 18:24:50", "elapsed": 9910.597411, "delta": 11.298791}}
{"target": -1.0, "params": {"Bgrad": 1.7167874682938702, "d1": -2.484791806466957, "d2": -1.1157249332107217, "d3": 0.8665861295867052, "d4": 0.030843437047419542, "p1": 4.461245076558784, "p2": 1.6470892112846969, "p3": 40.09582008983516, "p4": 47.42649042507414, "pol1": -0.9386496968283378, "pol2": -0.8617467974307229, "pol3": -0.689055684645538, "pol4": -0.437785300900418, "v0s": 6.276695721458369}, "datetime": {"datetime": "2022-04-14 18:25:12", "elapsed": 9931.773792, "delta": 21.176381}}
{"target": 3.6751873610144465, "params": {"Bgrad": 1.689800932909369, "d1": -1.4882891206042785, "d2": -0.898880682920864, "d3": -0.9414966980715271, "d4": -2.8401243954193363, "p1": 16.057377567108606, "p2": 19.252130185434375, "p3": 23.080852075345586, "p4": 24.680631839744827, "pol1": -0.7397149290539271, "pol2": 0.7425510674920592, "pol3": 0.296978764007914, "pol4": -0.4824268481667833, "v0s": 3.6751873610144465}, "datetime": {"datetime": "2022-04-14 18:25:21", "elapsed": 9941.462886, "delta": 9.689094}}
{"target": -1.0, "params": {"Bgrad": 1.1261113732116081, "d1": 0.10223653254547749, "d2": 0.6066045759240022, "d3": 0.408426945765767, "d4": -2.1039740570266594, "p1": 4.129689482699078, "p2": 18.886069510743376, "p3": 23.74581646808839, "p4": 45.110453167240905, "pol1": -0.019272847426847095, "pol2": 0.7762494188325553, "pol3": -0.023340370625893225, "pol4": 0.9927675710831063, "v0s": 3.232201472097973}, "datetime": {"datetime": "2022-04-14 18:25:40", "elapsed": 9959.970404, "delta": 18.507518}}
{"target": -1.0, "params": {"Bgrad": 1.2607022478422742, "d1": -0.9326888001819054, "d2": 0.6379834240390405, "d3": -0.9080928468698608, "d4": -0.7690730880760324, "p1": 20.30037402300382, "p2": 17.087981577555084, "p3": 23.73739965211203, "p4": 23.31707195060177, "pol1": -0.6176933159756597, "pol2": -0.4334434943323111, "pol3": 0.13738948945947072, "pol4": -0.38265793457246233, "v0s": 5.114988993532999}, "datetime": {"datetime": "2022-04-14 18:25:55", "elapsed": 9974.845632, "delta": 14.875228}}
{"target": 3.9180016786107523, "params": {"Bgrad": 1.796083755619731, "d1": -2.9522125762154996, "d2": -0.04968990250344518, "d3": -2.5404113155402923, "d4": 0.016147374243125512, "p1": 19.636211812482063, "p2": 21.401136943533317, "p3": 22.84116489709167, "p4": 20.53917588519154, "pol1": 0.1688867748668812, "pol2": 0.39563260263680977, "pol3": -0.15803477537602784, "pol4": 0.9473114136040708, "v0s": 3.9180016786107523}, "datetime": {"datetime": "2022-04-14 18:26:04", "elapsed": 9984.651415, "delta": 9.805783}}
{"target": 3.8357840432791646, "params": {"Bgrad": 1.8366328598220747, "d1": -2.5137688214812095, "d2": 0.33819243238949737, "d3": -1.858366361875237, "d4": -2.0643931236012216, "p1": 13.917656986551961, "p2": 22.539209634332092, "p3": 20.080553231631868, "p4": 18.632085748419524, "pol1": -0.9111520096147723, "pol2": 0.4500360846276175, "pol3": -0.11686353280127133, "pol4": 0.13064628725728455, "v0s": 3.8357840432791646}, "datetime": {"datetime": "2022-04-14 18:26:13", "elapsed": 9993.483799, "delta": 8.832384}}
{"target": -1.0, "params": {"Bgrad": 0.8427793471640976, "d1": -0.16187913072584426, "d2": -0.7606598420292188, "d3": -0.43855813560562007, "d4": -0.48039146295802304, "p1": 13.625969582229924, "p2": 16.358627122088993, "p3": 24.65477172903584, "p4": 23.48942187200348, "pol1": -0.24779433439438336, "pol2": -0.9572233798622984, "pol3": 0.933681257885191, "pol4": -0.36797779466818414, "v0s": 2.510659241127585}, "datetime": {"datetime": "2022-04-14 18:26:20", "elapsed": 9999.694195, "delta": 6.210396}}
{"target": -1.0, "params": {"Bgrad": 1.0866155496347891, "d1": 0.8844671109946902, "d2": -0.8365873945514402, "d3": -1.5930723671166396, "d4": -2.952364075763291, "p1": 7.80588899781795, "p2": 35.791597015437716, "p3": 33.89450600149091, "p4": 34.78347535171583, "pol1": 0.48138065856058976, "pol2": 0.9160134977577932, "pol3": -0.8484684216280329, "pol4": -0.054865227894131285, "v0s": 4.765548932820189}, "datetime": {"datetime": "2022-04-14 18:26:39", "elapsed": 10019.332688, "delta": 19.638493}}
{"target": 4.2934457724985755, "params": {"Bgrad": 1.6133920536816517, "d1": -1.90879021998227, "d2": 0.09583004811972051, "d3": 0.15850940633936839, "d4": -0.18986523824477697, "p1": 8.038599582616996, "p2": 35.979037727640254, "p3": 35.59567078678044, "p4": 34.91748773950315, "pol1": -0.5078832321620508, "pol2": 0.1564933840553171, "pol3": 0.24935202385946464, "pol4": -0.9388897633846727, "v0s": 4.2934457724985755}, "datetime": {"datetime": "2022-04-14 18:26:47", "elapsed": 10027.444998, "delta": 8.11231}}
{"target": 3.846288731754669, "params": {"Bgrad": 1.7029894662940201, "d1": -2.716247261381759, "d2": -0.8927972518785698, "d3": -0.6336739899969754, "d4": -2.800380022677757, "p1": 18.903977707021724, "p2": 19.282776443682714, "p3": 21.592442374457494, "p4": 22.78877770792131, "pol1": -0.40556335383462594, "pol2": 0.2810959536670452, "pol3": -0.6668156142343584, "pol4": -0.5982065023233731, "v0s": 3.846288731754669}, "datetime": {"datetime": "2022-04-14 18:26:58", "elapsed": 10038.490466, "delta": 11.045468}}
