{"target": 4.682940292242203, "params": {"Bgrad": 0.5, "d1": -3.0, "d2": 1.0, "d3": -1.4552897415743402, "d4": -1.068940962613893, "p1": 30.75182640149487, "p2": 5.863162583702409, "p3": 8.067828118023632, "p4": 25.45561399707345, "pol1": -0.17021787178136422, "pol2": -0.6397281184386326, "pol3": 0.16093496204776947, "pol4": -0.7917145400252388, "v0s": 4.682940292242203}, "datetime": {"datetime": "2022-05-16 23:31:55", "elapsed": 13730.840769, "delta": 9.915481}}
{"target": 5.828714313632962, "params": {"Bgrad": 0.5, "d1": -1.9917213400872598, "d2": -0.22554228441733895, "d3": -0.6412702016409222, "d4": -2.92781317278338, "p1": 8.570507010797206, "p2": 36.58507128431182, "p3": 44.13823357057377, "p4": 33.299786038978034, "pol1": -0.15666585632108546, "pol2": 0.05112808008987358, "pol3": 0.19629202219223088, "pol4": 0.2582563117138879, "v0s": 5.828714313632962}, "datetime": {"datetime": "2022-05-16 23:32:10", "elapsed": 13745.322037, "delta": 14.481268}}
{"target": 4.6028183457245495, "params": {"Bgrad": 1.9435809683073206, "d1": -2.2435592026853093, "d2": -0.16456125451908796, "d3": -1.293384216328457, "d4": -2.9382932258481924, "p1": 27.98170548185419, "p2": 9.584247186243365, "p3": 36.44736300833477, "p4": 28.489287300380642, "pol1": 0.16548943366908234, "pol2": 0.3610696161094155, "pol3": -0.053601803404928185, "pol4": -0.09153983927521073, "v0s": 4.6028183457245495}, "datetime": {"datetime": "2022-05-16 23:32:20", "elapsed": 13755.938641, "delta": 10.616604}}
{"target": -1.0, "params": {"Bgrad": 1.6375704356950989, "d1": -2.123466953595525, "d2": -1.7121911516165942, "d3": -1.21261412216138, "d4": -1.9061798899962175, "p1": 4.584052045332504, "p2": 12.242271544975614, "p3": 36.134374806979096, "p4": 29.87718785912682, "pol1": 0.8696140175136928, "pol2": -0.31259795522830025, "pol3": 0.04538319779783295, "pol4": 0.8893552456327449, "v0s": 6.112267483981624}, "datetime": {"datetime": "2022-05-16 23:32:37", "elapsed": 13772.906259, "delta": 16.967618}}
{"target": -1.0, "params": {"Bgrad": 0.6779157100636963, "d1": -1.6162043495220662, "d2": -0.7684524729035607, "d3": -0.5942312194290085, "d4": -1.69294075526373, "p1": 6.64442331851498, "p2": 38.44907119351495, "p3": 44.717509829927025, "p4": 32.9848859136874, "pol1": 0.5446590617671798, "pol2": -0.2075559399365996, "pol3": 0.026126474304194902, "pol4": -0.14543185555297833, "v0s": 7.1096978581156804}, "datetime": {"datetime": "2022-05-16 23:32:49", "elapsed": 13784.501246, "delta": 11.594987}}
{"target": 3.754181973823359, "params": {"Bgrad": 1.438399303999795, "d1": -1.870340389195864, "d2": -0.8508644950361672, "d3": -1.8917138394777813, "d4": -1.8043531747750658, "p1": 4.398053380464567, "p2": 31.680121059871098, "p3": 31.807815881734147, "p4": 38.870547288648, "pol1": 0.3229596585612171, "pol2": 0.7948057726860076, "pol3": 0.5791269425213554, "pol4": -0.49967591725053384, "v0s": 3.754181973823359}, "datetime": {"datetime": "2022-05-16 23:32:59", "elapsed": 13794.903425, "delta": 10.402179}}
{"target": 3.821370468680654, "params": {"Bgrad": 1.022600195901768, "d1": -0.5773666598172706, "d2": -0.06292588166127366, "d3": -0.06884200794829098, "d4": -1.487449023046051, "p1": 29.26277226766489, "p2": 11.670853714591384, "p3": 34.712786819092514, "p4": 25.24531987214799, "pol1": -0.7296485453197492, "pol2": 0.5585152573449226, "pol3": 0.6845337593261163, "pol4": -0.5979175659536717, "v0s": 3.821370468680654}, "datetime": {"datetime": "2022-05-16 23:33:10", "elapsed": 13806.147351, "delta": 11.243926}}
{"target": -1.0, "params": {"Bgrad": 0.8297410594859198, "d1": -2.0887474393431846, "d2": 0.1950517878141249, "d3": -1.054518136861804, "d4": -1.1545049517896828, "p1": 46.872855227894625, "p2": 26.200518328380117, "p3": 20.834796807810424, "p4": 32.13201596976298, "pol1": -0.09588128800371765, "pol2": 0.7335243356138967, "pol3": 0.5433547477670939, "pol4": 0.6381104180443122, "v0s": 2.17117884541147}, "datetime": {"datetime": "2022-05-16 23:33:20", "elapsed": 13816.167551, "delta": 10.0202}}
{"target": 3.745696548352378, "params": {"Bgrad": 1.5520763400476243, "d1": -2.0440208378322335, "d2": 0.19924809830243673, "d3": -2.801945528964324, "d4": -2.3418443208971538, "p1": 3.5478712895520017, "p2": 35.54346623301504, "p3": 32.81383359094832, "p4": 37.95782406271803, "pol1": 0.12137627715794408, "pol2": -0.09433929656547169, "pol3": 0.5023128482632526, "pol4": -0.9875952188632753, "v0s": 3.745696548352378}, "datetime": {"datetime": "2022-05-16 23:33:29", "elapsed": 13825.101656, "delta": 8.934105}}
{"target": -1.0, "params": {"Bgrad": 1.629080983484425, "d1": -2.576547288306368, "d2": -1.3454961930544798, "d3": -2.7281841159812252, "d4": -0.7070668501058384, "p1": 3.8094367718184694, "p2": 30.689609609337992, "p3": 28.19551119107766, "p4": 39.57942618659726, "pol1": 0.3597494643630843, "pol2": 0.8183937043039515, "pol3": -0.40040014672599233, "pol4": -0.06861431223494785, "v0s": 4.534588793899398}, "datetime": {"datetime": "2022-05-16 23:33:47", "elapsed": 13843.117471, "delta": 18.015815}}
{"target": 5.123506761412244, "params": {"Bgrad": 1.2024579200040233, "d1": -3.0, "d2": -3.0, "d3": -2.4285707806269263, "d4": -0.5406071822957372, "p1": 20.833667357281936, "p2": 17.77100585837187, "p3": 27.64388069428269, "p4": 48.382901664610905, "pol1": 1.0, "pol2": 0.12402075751898027, "pol3": 0.09949603548356281, "pol4": -0.6253115780885076, "v0s": 5.123506761412244}, "datetime": {"datetime": "2022-05-16 23:34:01", "elapsed": 13856.683187, "delta": 13.565716}}
{"target": 4.8315708012872225, "params": {"Bgrad": 1.2549913567078135, "d1": -2.319433314482519, "d2": 0.954790368719385, "d3": -1.1186900088699379, "d4": -2.4429501200306585, "p1": 30.544575422048464, "p2": 12.280238418175117, "p3": 36.09494359044827, "p4": 25.591938362932222, "pol1": -0.22613269546649714, "pol2": 0.2663451127275107, "pol3": 0.21717273169407486, "pol4": -0.22857659378377856, "v0s": 4.8315708012872225}, "datetime": {"datetime": "2022-05-16 23:34:12", "elapsed": 13868.181433, "delta": 11.498246}}
{"target": 5.698470030649302, "params": {"Bgrad": 1.5246482685182794, "d1": -2.3232781773281346, "d2": 0.3896358509805001, "d3": -0.6697195990112005, "d4": -1.231042017722831, "p1": 10.089277647557457, "p2": 27.057002418587075, "p3": 41.80320776901052, "p4": 27.713734348104335, "pol1": -1.0, "pol2": 0.6542068032168833, "pol3": -0.23799437006903298, "pol4": -0.5928014542498287, "v0s": 5.698470030649302}, "datetime": {"datetime": "2022-05-16 23:34:24", "elapsed": 13880.101551, "delta": 11.920118}}
{"target": -1.0, "params": {"Bgrad": 0.614125610440766, "d1": -2.1801257097488804, "d2": -2.423562728376172, "d3": 0.39485101465264494, "d4": -0.7124702933858069, "p1": 28.168618777514627, "p2": 6.579368405531211, "p3": 35.69373346850192, "p4": 27.962283433345764, "pol1": 0.9242989729205213, "pol2": 0.018074541968248203, "pol3": -0.2521366698689509, "pol4": 0.8318972477405442, "v0s": 5.365875325789092}, "datetime": {"datetime": "2022-05-16 23:34:34", "elapsed": 13890.17461, "delta": 10.073059}}
{"target": -1.0, "params": {"Bgrad": 1.8213178292303636, "d1": -2.8305602701893933, "d2": -1.1704945614254556, "d3": 0.9707859636568594, "d4": -2.8457398901906834, "p1": 9.841834288336981, "p2": 37.85292368919288, "p3": 45.579923315310985, "p4": 33.550362673569495, "pol1": 0.18723973782610615, "pol2": 0.6469136949246781, "pol3": 0.8336200011411206, "pol4": -0.6939280494666398, "v0s": 4.375378875296946}, "datetime": {"datetime": "2022-05-16 23:34:52", "elapsed": 13907.581054, "delta": 17.406444}}
{"target": 5.12548981492945, "params": {"Bgrad": 2.0, "d1": -1.9319334784313535, "d2": 0.6506705985889952, "d3": -0.3700758294535647, "d4": -3.0, "p1": 44.50257729049662, "p2": 20.26974227997856, "p3": 25.439296342558027, "p4": 13.082344539371602, "pol1": 0.6279725404742357, "pol2": -0.4948746313285908, "pol3": -0.10170639346384287, "pol4": 0.30773435489647166, "v0s": 5.12548981492945}, "datetime": {"datetime": "2022-05-16 23:35:03", "elapsed": 13919.006495, "delta": 11.425441}}
{"target": 3.6138857443953034, "params": {"Bgrad": 1.5918816407067053, "d1": -1.2856630844938208, "d2": -0.08362762031682047, "d3": -2.30194387852505, "d4": 0.07818661821569517, "p1": 0.5011530166852629, "p2": 38.361593704642814, "p3": 33.907548814602066, "p4": 38.891129311315716, "pol1": 0.6090368987668082, "pol2": -0.33727405200452254, "pol3": -0.005970310097602516, "pol4": 0.2696348379215683, "v0s": 3.6138857443953034}, "datetime": {"datetime": "2022-05-16 23:35:14", "elapsed": 13929.344844, "delta": 10.338349}}
{"target": 4.256373515279654, "params": {"Bgrad": 1.0479265112570588, "d1": -1.7500469443561077, "d2": 0.39496998934308747, "d3": -0.9502001189481601, "d4": -2.7476665158060225, "p1": 30.493785172164305, "p2": 11.447491389982378, "p3": 34.69691696611991, "p4": 26.030928144413977, "pol1": -0.42940403067870464, "pol2": -0.23428478511584477, "pol3": 0.4324041169178277, "pol4": -0.6111011830055123, "v0s": 4.256373515279654}, "datetime": {"datetime": "2022-05-16 23:35:24", "elapsed": 13940.203801, "delta": 10.858957}}
{"target": 4.383265642496488, "params": {"Bgrad": 1.2563523571577115, "d1": -1.6526786431133373, "d2": 0.43316683739441136, "d3": -0.9356946497801716, "d4": -1.3347512211323451, "p1": 44.165554545829984, "p2": 26.206103460441483, "p3": 21.470867660046544, "p4": 30.803433572186137, "pol1": 1.0, "pol2": 1.0, "pol3": 1.0, "pol4": -0.6732209547972383, "v0s": 4.383265642496488}, "datetime": {"datetime": "2022-05-16 23:35:39", "elapsed": 13954.817714, "delta": 14.613913}}
{"target": 4.884130113825047, "params": {"Bgrad": 1.39686498623298, "d1": -2.3730846079466295, "d2": 1.0, "d3": -1.8467001559151273, "d4": -1.4535504842697475, "p1": 3.2533634362652375, "p2": 34.99904534062748, "p3": 35.30308689294146, "p4": 37.45896425551133, "pol1": -0.06229191439064599, "pol2": 0.25359073892124173, "pol3": 0.04129463234899062, "pol4": -0.8613893386611302, "v0s": 4.884130113825047}, "datetime": {"datetime": "2022-05-16 23:35:49", "elapsed": 13964.741172, "delta": 9.923458}}
{"target": 4.670509620050536, "params": {"Bgrad": 1.7271100407859008, "d1": -2.88741958393607, "d2": 0.5851624530570936, "d3": -2.144995143714967, "d4": -0.28083813940411995, "p1": 29.983478867189277, "p2": 11.877646281595233, "p3": 33.42222164867084, "p4": 25.379447154911936, "pol1": 0.332684686354366, "pol2": 0.04941199726041989, "pol3": -0.06915964150168463, "pol4": -0.36911229520602173, "v0s": 4.670509620050536}, "datetime": {"datetime": "2022-05-16 23:36:00", "elapsed": 13975.436566, "delta": 10.695394}}
{"target": 3.2192555334686115, "params": {"Bgrad": 0.5, "d1": -0.43909988465357763, "d2": -1.1602731424199864, "d3": -2.105570230122862, "d4": -0.6181502459492886, "p1": 35.61168827051191, "p2": 11.141761457651862, "p3": 37.883430587358085, "p4": 24.049894896239223, "pol1": -0.5225682640687832, "pol2": 0.5874113161904257, "pol3": -0.046415834209130945, "pol4": 0.1303928046503, "v0s": 3.2192555334686115}, "datetime": {"datetime": "2022-05-16 23:36:07", "elapsed": 13983.104059, "delta": 7.667493}}
{"target": -1.0, "params": {"Bgrad": 0.5, "d1": -0.752648235543449, "d2": -1.6231027912238136, "d3": -1.8003330256689654, "d4": -1.2689432412418165, "p1": 33.736549790171544, "p2": 11.157680874626118, "p3": 38.32064654456931, "p4": 22.964854855745138, "pol1": -0.7375917591410572, "pol2": 1.0, "pol3": -0.44627272127549955, "pol4": 1.0, "v0s": 3.5199235013494437}, "datetime": {"datetime": "2022-05-16 23:36:23", "elapsed": 13998.702339, "delta": 15.59828}}
{"target": 4.276698065051905, "params": {"Bgrad": 0.706933169363166, "d1": 0.070355525590732, "d2": -0.29603807192485254, "d3": -2.020516672196083, "d4": -2.6667587381159286, "p1": 28.234136331526948, "p2": 7.485190939712644, "p3": 39.27500753037548, "p4": 30.567100342409816, "pol1": -0.5236739035741778, "pol2": -0.9307676689179585, "pol3": -0.7886247750138919, "pol4": 0.6234787262882817, "v0s": 4.276698065051905}, "datetime": {"datetime": "2022-05-16 23:36:32", "elapsed": 14008.033382, "delta": 9.331043}}
{"target": 3.571373832988023, "params": {"Bgrad": 1.9449088913734704, "d1": 0.14193407427467086, "d2": -1.0981485217013929, "d3": -0.43872272420703995, "d4": -1.6769368854851288, "p1": 25.855656231601888, "p2": 11.544135875979444, "p3": 39.61175252696776, "p4": 29.77477857181971, "pol1": 0.045005444709148135, "pol2": -0.9992695066973694, "pol3": -0.4654468652997359, "pol4": -0.5496666844859495, "v0s": 3.571373832988023}, "datetime": {"datetime": "2022-05-16 23:36:44", "elapsed": 14019.556562, "delta": 11.52318}}
{"target": 3.518012086314495, "params": {"Bgrad": 0.8689109243094941, "d1": 0.19208526982213714, "d2": -2.210682333279715, "d3": -0.6027284017426258, "d4": -2.7791220284027296, "p1": 26.66623427255523, "p2": 7.227368148868024, "p3": 39.18453561642878, "p4": 28.661086267373342, "pol1": -0.8742965700460659, "pol2": -0.38444807289861305, "pol3": 0.7018626834850135, "pol4": -0.5807001316583857, "v0s": 3.518012086314495}, "datetime": {"datetime": "2022-05-16 23:36:56", "elapsed": 14031.609325, "delta": 12.052763}}
{"target": -1.0, "params": {"Bgrad": 0.9766271090027479, "d1": -0.13709529040527002, "d2": 0.5562037216409279, "d3": 0.8806306825836354, "d4": -0.8670966417508827, "p1": 2.4354629972859474, "p2": 33.345408875710156, "p3": 30.030136966222305, "p4": 40.65319869012734, "pol1": 0.9913103988406264, "pol2": 0.037171570249244335, "pol3": 0.6716831478456278, "pol4": -0.9867325636043558, "v0s": 4.308458459123516}, "datetime": {"datetime": "2022-05-16 23:37:12", "elapsed": 14047.535729, "delta": 15.926404}}
{"target": 4.469054628447833, "params": {"Bgrad": 2.0, "d1": -0.9841788421243044, "d2": -3.0, "d3": -3.0, "d4": -3.0, "p1": 24.63712874526255, "p2": 31.484544907354977, "p3": 44.23360926647666, "p4": 45.877721970626666, "pol1": 0.5315081569378287, "pol2": 0.8805429160087892, "pol3": -1.0, "pol4": 0.49798134500426233, "v0s": 4.469054628447833}, "datetime": {"datetime": "2022-05-16 23:37:22", "elapsed": 14057.571885, "delta": 10.036156}}
{"target": 3.6836640396946967, "params": {"Bgrad": 0.8110227502928515, "d1": -1.435342609737996, "d2": 0.19399492515753503, "d3": -2.785863569812228, "d4": -1.8116859163116592, "p1": 2.5897023680408306, "p2": 34.96845799167245, "p3": 31.019488034525818, "p4": 39.78998753083148, "pol1": 0.766904540137167, "pol2": -0.4365171057863111, "pol3": 0.4089610232114591, "pol4": -0.37051837726958414, "v0s": 3.6836640396946967}, "datetime": {"datetime": "2022-05-16 23:37:32", "elapsed": 14067.29089, "delta": 9.719005}}
{"target": -1.0, "params": {"Bgrad": 0.994258499526721, "d1": -2.536938895452377, "d2": -0.5352885292792404, "d3": -1.5624263527831475, "d4": -1.9137636812342143, "p1": 3.989384481619984, "p2": 36.31860420190767, "p3": 33.027161709813655, "p4": 42.5449743146369, "pol1": 0.6976066680123343, "pol2": 0.6169635566102409, "pol3": -0.2642811321666034, "pol4": -0.3023695167111482, "v0s": 5.702277688287327}, "datetime": {"datetime": "2022-05-16 23:37:49", "elapsed": 14085.108235, "delta": 17.817345}}
{"target": 4.879300606356689, "params": {"Bgrad": 0.7846875999466919, "d1": -2.1536434956068553, "d2": 0.5331704953980766, "d3": -2.0669613746787654, "d4": -2.269302468165053, "p1": 2.4384366789523306, "p2": 34.02298721760852, "p3": 31.6684444549246, "p4": 37.81413137961399, "pol1": 0.7781112609249727, "pol2": -0.42427533567244713, "pol3": 0.3436082184150273, "pol4": -0.7502955068154233, "v0s": 4.879300606356689}, "datetime": {"datetime": "2022-05-16 23:38:02", "elapsed": 14097.441249, "delta": 12.333014}}
{"target": -1.0, "params": {"Bgrad": 0.8734703190530746, "d1": -2.0744443103038184, "d2": -1.015215447579417, "d3": -2.352331025477831, "d4": -1.816956238424059, "p1": 27.086113505133824, "p2": 7.2896424264470685, "p3": 37.41817295422199, "p4": 27.76392869842459, "pol1": -0.2969119581319972, "pol2": 0.5112156605431075, "pol3": -0.9625959064021223, "pol4": -0.9353761851035556, "v0s": 4.883466541839443}, "datetime": {"datetime": "2022-05-16 23:38:18", "elapsed": 14114.00794, "delta": 16.566691}}
{"target": 3.2047842816368233, "params": {"Bgrad": 1.932141360401903, "d1": -2.89223301317519, "d2": -1.3690585525800052, "d3": -1.0941976009656043, "d4": -1.3946854206170962, "p1": 42.21101998488646, "p2": 21.259461069922658, "p3": 15.851393952999315, "p4": 13.688995237426083, "pol1": -0.7101612521335436, "pol2": 0.885483112936952, "pol3": 0.14936759228028107, "pol4": 0.5112565021019801, "v0s": 3.2047842816368233}, "datetime": {"datetime": "2022-05-16 23:38:28", "elapsed": 14123.981265, "delta": 9.973325}}
{"target": 2.3324248448130422, "params": {"Bgrad": 0.7599348285964367, "d1": -1.5704153037624766, "d2": 0.183865727149211, "d3": -2.6391537563714675, "d4": -2.315498021053619, "p1": 3.0472462460802707, "p2": 12.601328782455933, "p3": 36.12627217982399, "p4": 27.819563191338663, "pol1": 0.2155053230254642, "pol2": -0.33291437268164126, "pol3": -0.25394619685113295, "pol4": 0.43845576195900904, "v0s": 2.3324248448130422}, "datetime": {"datetime": "2022-05-16 23:38:36", "elapsed": 14132.004805, "delta": 8.02354}}
{"target": 3.663179774597559, "params": {"Bgrad": 1.3569027734963235, "d1": -1.298076813284422, "d2": 0.8759694696233677, "d3": 0.46250118458582623, "d4": -0.7303691963726346, "p1": 3.5152172240089374, "p2": 31.398872922138864, "p3": 31.37706362468673, "p4": 38.26505578280156, "pol1": 0.5002450650325363, "pol2": 0.1356419486073821, "pol3": 0.11001026598349273, "pol4": -0.6028685392433728, "v0s": 3.663179774597559}, "datetime": {"datetime": "2022-05-16 23:38:53", "elapsed": 14149.202808, "delta": 17.198003}}
{"target": -1.0, "params": {"Bgrad": 1.522931767296768, "d1": -2.5380983613308543, "d2": 0.9952756458346004, "d3": -1.5599754407262534, "d4": -0.3520353882381393, "p1": 3.1780708666682034, "p2": 34.365051502248, "p3": 36.04632698383359, "p4": 37.02522582766867, "pol1": 0.5130257627909605, "pol2": 0.15816013220485248, "pol3": -0.6069261725868358, "pol4": 0.8202184142177702, "v0s": 6.307372570843405}, "datetime": {"datetime": "2022-05-16 23:39:08", "elapsed": 14163.664128, "delta": 14.46132}}
{"target": 4.693236528738718, "params": {"Bgrad": 1.3451439569050476, "d1": -2.4669880134789373, "d2": 0.6007168223027315, "d3": -1.6344794925534556, "d4": -1.7003559067177787, "p1": 30.29503739526156, "p2": 12.769488607015546, "p3": 34.511538557271486, "p4": 25.249773508979178, "pol1": 0.2565229727868528, "pol2": 0.03125501604651103, "pol3": 0.11502005382138043, "pol4": -0.24271464184901442, "v0s": 4.693236528738718}, "datetime": {"datetime": "2022-05-16 23:39:20", "elapsed": 14175.547345, "delta": 11.883217}}
{"target": 2.7528266176696263, "params": {"Bgrad": 1.62935872919051, "d1": -2.882203225367934, "d2": -2.8027430259783315, "d3": -0.7342104337081969, "d4": -2.778995448557661, "p1": 30.42173231612157, "p2": 13.923623621318143, "p3": 33.88600346590085, "p4": 25.35052290335276, "pol1": 0.6108895948657516, "pol2": 0.26929771311769124, "pol3": 0.6072361332048588, "pol4": -0.0817675056478464, "v0s": 2.7528266176696263}, "datetime": {"datetime": "2022-05-16 23:39:31", "elapsed": 14187.024648, "delta": 11.477303}}
{"target": 6.147919242194238, "params": {"Bgrad": 1.5991011643761743, "d1": -2.264611895612176, "d2": -0.3343821125987072, "d3": -0.08622745380583054, "d4": -0.5301028401764123, "p1": 11.505615722734358, "p2": 25.897868593075508, "p3": 42.107837314814184, "p4": 27.983055804628076, "pol1": 1.0, "pol2": -0.4049277830155996, "pol3": 0.4495822013652737, "pol4": -0.22989843470477261, "v0s": 6.147919242194238}, "datetime": {"datetime": "2022-05-16 23:39:46", "elapsed": 14201.404187, "delta": 14.379539}}
{"target": 4.355788514798094, "params": {"Bgrad": 1.7214621525056955, "d1": -0.4859160031520795, "d2": -0.3795054358836853, "d3": -1.217069853585256, "d4": -2.9951308362525446, "p1": 27.805289114296762, "p2": 8.755015677747986, "p3": 37.59941918438184, "p4": 28.995164265689674, "pol1": -0.029175973385763616, "pol2": -0.09319327017976944, "pol3": -0.11035969544316705, "pol4": -0.34062971141234893, "v0s": 4.355788514798094}, "datetime": {"datetime": "2022-05-16 23:39:56", "elapsed": 14211.895128, "delta": 10.490941}}
{"target": 4.6801768656728315, "params": {"Bgrad": 2.0, "d1": -1.4535651121235076, "d2": -3.0, "d3": -3.0, "d4": -3.0, "p1": 24.21438385545749, "p2": 32.00909534570436, "p3": 43.21738214916284, "p4": 46.050994594873885, "pol1": -0.237115717882443, "pol2": 1.0, "pol3": 0.10292259788824475, "pol4": 0.1327478358132295, "v0s": 4.6801768656728315}, "datetime": {"datetime": "2022-05-16 23:40:13", "elapsed": 14228.589477, "delta": 16.694349}}
{"target": -1.0, "params": {"Bgrad": 0.6411595671082622, "d1": -1.6097169717719175, "d2": -0.1725913130210065, "d3": -2.7642990732756134, "d4": 0.22315607556462233, "p1": 35.45275770070969, "p2": 11.659846737910309, "p3": 37.91560768933917, "p4": 23.623678934237276, "pol1": -0.9651465925943975, "pol2": -0.599762848056144, "pol3": 0.42979044789816606, "pol4": -0.3758762812322737, "v0s": 3.1908954572922017}, "datetime": {"datetime": "2022-05-16 23:40:25", "elapsed": 14240.833729, "delta": 12.244252}}
{"target": 4.905929415834265, "params": {"Bgrad": 1.9800545502402938, "d1": -2.7138009951575883, "d2": 0.5601945293944968, "d3": -2.513678244606036, "d4": -0.17379063875198186, "p1": 4.582874095761524, "p2": 33.821110057971374, "p3": 31.547014408684714, "p4": 40.29510658785684, "pol1": 0.9834162847174144, "pol2": 0.6825161844554677, "pol3": -0.29313192499050644, "pol4": 0.4992783165277217, "v0s": 4.905929415834265}, "datetime": {"datetime": "2022-05-16 23:40:35", "elapsed": 14251.077331, "delta": 10.243602}}
