{"target": -1.0, "params": {"Bgrad": 0.5350531397842175, "d1": -0.08113766289761903, "d2": -1.8674523846775442, "d3": -1.4009045099986168, "d4": 0.5523349152384545, "p1": 18.60395076517114, "p2": 17.91014426299243, "p3": 17.41568178871033, "p4": 13.625906177221914, "pol1": -0.36894156304019865, "pol2": -0.7120734657209076, "pol3": -0.8103061555202693, "pol4": 0.7694653738333341, "v0s": 3.0274052021369284}, "datetime": {"datetime": "2022-04-29 13:25:37", "elapsed": 78850.20179, "delta": 10.138891}}
{"target": 3.866174848860926, "params": {"Bgrad": 2.0, "d1": 0.03174095492346703, "d2": 0.209269961258722, "d3": -2.3123499440997697, "d4": -0.927974150372127, "p1": 38.23304794948262, "p2": 27.542134303519845, "p3": 23.846511786453263, "p4": 32.001631658076434, "pol1": -0.01826934907368452, "pol2": 0.5794454909529946, "pol3": 0.9349449040966119, "pol4": 0.26683096083284524, "v0s": 3.866174848860926}, "datetime": {"datetime": "2022-04-29 13:25:49", "elapsed": 78861.853635, "delta": 11.651845}}
{"target": -1.0, "params": {"Bgrad": 1.6563476454807673, "d1": 0.6639952833822749, "d2": -0.7144453976835137, "d3": -0.40159688671907645, "d4": -2.571329002015753, "p1": 26.154210330674605, "p2": 7.878829799184345, "p3": 31.15341597602598, "p4": 28.129781849521997, "pol1": -0.09864616974282159, "pol2": 0.9427666531540493, "pol3": -0.9961803451860896, "pol4": -0.2723605724993956, "v0s": 4.842798431342362}, "datetime": {"datetime": "2022-04-29 13:26:08", "elapsed": 78880.660349, "delta": 18.806714}}
{"target": -1.0, "params": {"Bgrad": 1.4825357632168699, "d1": -2.9909886332123397, "d2": 0.3830750473857285, "d3": -1.682413590475806, "d4": -1.058709322149348, "p1": 1.7550106909577368, "p2": 32.420696290548875, "p3": 16.52653850954001, "p4": 11.984541151189642, "pol1": 0.6250076920952963, "pol2": -0.8151836631220419, "pol3": -0.3687900095713743, "pol4": 0.3521557298227944, "v0s": 5.353789839651817}, "datetime": {"datetime": "2022-04-29 13:26:29", "elapsed": 78901.904546, "delta": 21.244197}}
{"target": 2.962355859707049, "params": {"Bgrad": 1.3355271927023042, "d1": 0.925992570522141, "d2": -0.4404547617771608, "d3": -1.8543983815645095, "d4": -1.4348345668678655, "p1": 8.467312405833432, "p2": 37.06336777879448, "p3": 31.25219025030013, "p4": 6.360942068843444, "pol1": -0.5807706002309583, "pol2": 0.47961890801342477, "pol3": -0.9182495462555356, "pol4": 0.4548807272847395, "v0s": 2.962355859707049}, "datetime": {"datetime": "2022-04-29 13:26:39", "elapsed": 78912.096295, "delta": 10.191749}}
{"target": 4.517360907081573, "params": {"Bgrad": 1.7575630260081723, "d1": -2.0578061616571337, "d2": 0.29453925742583253, "d3": -1.6807034308614708, "d4": -1.6638700159114252, "p1": 6.453387229161894, "p2": 37.26391846482968, "p3": 34.41737311116473, "p4": 34.47549993179585, "pol1": 0.742566030463871, "pol2": -0.5265477282579383, "pol3": -0.6206095386042905, "pol4": 0.001971735166206079, "v0s": 4.517360907081573}, "datetime": {"datetime": "2022-04-29 13:26:49", "elapsed": 78921.86318, "delta": 9.766885}}
{"target": -1.0, "params": {"Bgrad": 0.5425553218408066, "d1": -1.5892004360680434, "d2": -2.0264274019443014, "d3": -0.3048870135554185, "d4": -0.1447061584963092, "p1": 30.504400854798693, "p2": 44.5142534049566, "p3": 24.06063867753292, "p4": 28.451394386904077, "pol1": -0.7734631353196337, "pol2": 0.025431672416513118, "pol3": 0.12266136649953197, "pol4": 0.06468702874843779, "v0s": 3.4950345858880825}, "datetime": {"datetime": "2022-04-29 13:26:58", "elapsed": 78930.68958, "delta": 8.8264}}
{"target": -1.0, "params": {"Bgrad": 1.8523346869810866, "d1": -0.9500977073857024, "d2": -0.5524476500418696, "d3": -2.6270908021654105, "d4": -0.26059774884815434, "p1": 10.590974176637747, "p2": 19.691685178588468, "p3": 35.593999668165424, "p4": 36.66571602501671, "pol1": 0.652797488952084, "pol2": -0.16941037625967037, "pol3": -0.4141867989880581, "pol4": 0.7384448157528398, "v0s": 4.774676773795411}, "datetime": {"datetime": "2022-04-29 13:27:17", "elapsed": 78950.134588, "delta": 19.445008}}
{"target": -1.0, "params": {"Bgrad": 1.8089020258681412, "d1": -0.06844497917139325, "d2": -0.5967224098457646, "d3": -1.2400866986662278, "d4": -2.598013402846142, "p1": 3.301272979617215, "p2": 29.961490647395884, "p3": 13.52543777441767, "p4": 20.99537854604405, "pol1": 0.292398697898941, "pol2": 0.9269845229951239, "pol3": 0.6120154543007583, "pol4": -0.10103911200829785, "v0s": 5.148404798715788}, "datetime": {"datetime": "2022-04-29 13:27:36", "elapsed": 78969.438971, "delta": 19.304383}}
{"target": -1.0, "params": {"Bgrad": 0.7455516121642997, "d1": -2.4405802432728345, "d2": -1.0042540202199701, "d3": -1.2734546071849797, "d4": -0.864973590419519, "p1": 29.342626376668846, "p2": 41.05909616026996, "p3": 28.250880762934212, "p4": 19.93200665431215, "pol1": -0.34413877227715917, "pol2": 0.0667612509837574, "pol3": -0.435858427653238, "pol4": -0.09070026614391558, "v0s": 4.487948457119949}, "datetime": {"datetime": "2022-04-29 13:27:49", "elapsed": 78981.655307, "delta": 12.216336}}
{"target": -1.0, "params": {"Bgrad": 0.960979944442014, "d1": -2.211140645875856, "d2": -1.3585078400423347, "d3": -0.39184558434436845, "d4": -0.5049530382759726, "p1": 8.878769462541648, "p2": 33.39111778643111, "p3": 24.912231379755102, "p4": 44.67050277871056, "pol1": 0.07752477704949268, "pol2": -0.7536394423851676, "pol3": -0.18084043306174347, "pol4": -0.28816447891659447, "v0s": 6.360333905508529}, "datetime": {"datetime": "2022-04-29 13:28:04", "elapsed": 78997.00327, "delta": 15.347963}}
{"target": -1.0, "params": {"Bgrad": 0.682312249509679, "d1": -1.3396043817523027, "d2": 0.6783084237421648, "d3": -1.6710280674049849, "d4": -2.4069056210440687, "p1": 21.85578809243741, "p2": 23.640553006470867, "p3": 10.048985114725346, "p4": 35.22008058340481, "pol1": 0.5159847110589859, "pol2": -0.8238227804889351, "pol3": 0.4899406656683476, "pol4": -0.4477462844445317, "v0s": 3.8185094057446225}, "datetime": {"datetime": "2022-04-29 13:28:13", "elapsed": 79006.080997, "delta": 9.077727}}
{"target": -1.0, "params": {"Bgrad": 1.073603642327187, "d1": -1.6014243585869758, "d2": -1.829986053996811, "d3": -2.3240947714010525, "d4": -2.0216113173829515, "p1": 39.61722353395009, "p2": 10.672556645153753, "p3": 20.626631648055604, "p4": 25.848155205627528, "pol1": -0.167200014141492, "pol2": 0.45093193879568494, "pol3": 0.8292260793935478, "pol4": 0.6169179119101762, "v0s": 3.4987500210814266}, "datetime": {"datetime": "2022-04-29 13:28:26", "elapsed": 79019.023392, "delta": 12.942395}}
{"target": 4.774797599481895, "params": {"Bgrad": 0.847400244592136, "d1": -2.385353195824828, "d2": 0.8095632368883012, "d3": -2.0808649158476187, "d4": -0.8871788978074111, "p1": 24.958925818405227, "p2": 25.788397819127024, "p3": 11.768985382794888, "p4": 34.591868329310344, "pol1": -0.6681791229156178, "pol2": 0.45831736252857325, "pol3": 0.697427160087454, "pol4": -0.24953330147648134, "v0s": 4.774797599481895}, "datetime": {"datetime": "2022-04-29 13:28:35", "elapsed": 79027.835829, "delta": 8.812437}}
{"target": 3.802598921096544, "params": {"Bgrad": 1.366916780679163, "d1": -0.01661688060969313, "d2": 0.6933022812040552, "d3": -1.3482826392020275, "d4": -0.331936942998897, "p1": 4.536659992355668, "p2": 1.7529045998282589, "p3": 41.27062710741061, "p4": 46.78103596977007, "pol1": 0.9533099652487824, "pol2": -0.30934274678959284, "pol3": -0.8805571231693097, "pol4": -0.295285697090544, "v0s": 3.802598921096544}, "datetime": {"datetime": "2022-04-29 13:28:44", "elapsed": 79037.512954, "delta": 9.677125}}
{"target": -1.0, "params": {"Bgrad": 1.2359920634683599, "d1": -1.6594142343538456, "d2": -0.3379262751599459, "d3": -1.1249559092513164, "d4": 0.5749079054799395, "p1": 31.97471971010132, "p2": 9.474158850140874, "p3": 7.810459448561996, "p4": 27.489965711278487, "pol1": 0.9624062623719813, "pol2": -0.7644016207724722, "pol3": 0.5775789333894339, "pol4": 0.9874770309891803, "v0s": 3.640200331516379}, "datetime": {"datetime": "2022-04-29 13:29:01", "elapsed": 79054.409775, "delta": 16.896821}}
{"target": -1.0, "params": {"Bgrad": 1.4587363508031292, "d1": -1.7892973252704985, "d2": 0.6231056465364109, "d3": -1.457600414527053, "d4": -0.5696701259826504, "p1": 6.881612443069307, "p2": 14.698941815871997, "p3": 32.94096302566692, "p4": 0.2545571696848825, "pol1": 0.21582881247612495, "pol2": -0.3649966558293172, "pol3": 0.9967457147404779, "pol4": -0.34937098178243353, "v0s": 3.496237843619645}, "datetime": {"datetime": "2022-04-29 13:29:19", "elapsed": 79072.363769, "delta": 17.953994}}
{"target": -1.0, "params": {"Bgrad": 0.5007113213585357, "d1": -1.5647139579887361, "d2": -0.17807670933569408, "d3": -2.3960533920838234, "d4": -2.005372702561251, "p1": 21.55977941762665, "p2": 24.516402176371926, "p3": 12.707600715725226, "p4": 33.478382586669454, "pol1": -0.1675887984676232, "pol2": 0.08415356751778869, "pol3": 0.4497411628836516, "pol4": 0.004289369796278697, "v0s": 4.859675497317406}, "datetime": {"datetime": "2022-04-29 13:29:29", "elapsed": 79081.719753, "delta": 9.355984}}
{"target": -1.0, "params": {"Bgrad": 1.8289842632360078, "d1": -0.8941743843139691, "d2": -2.3462397531058397, "d3": -1.4626418369078267, "d4": 0.7054539360292718, "p1": 17.856955806900597, "p2": 19.000652368593595, "p3": 17.275031184857575, "p4": 12.855518586409165, "pol1": -0.34356554173553033, "pol2": -0.13048247771585975, "pol3": -0.29331521118244663, "pol4": -0.8856515929029347, "v0s": 2.946368272501976}, "datetime": {"datetime": "2022-04-29 13:29:40", "elapsed": 79093.450388, "delta": 11.730635}}
{"target": -1.0, "params": {"Bgrad": 0.8481729374644529, "d1": -1.6547861146833927, "d2": -0.034433049940959304, "d3": 0.42558879877190137, "d4": -2.7682972653321136, "p1": 4.874556643400762, "p2": 44.50416714736454, "p3": 10.60776792923852, "p4": 21.60558923495183, "pol1": -0.6623830884231863, "pol2": 0.8082967021038543, "pol3": -0.820232615618053, "pol4": -0.30907452973416016, "v0s": 5.543187803415717}, "datetime": {"datetime": "2022-04-29 13:29:54", "elapsed": 79107.334265, "delta": 13.883877}}
{"target": 4.239194491452523, "params": {"Bgrad": 1.470543891279703, "d1": -1.227156314691113, "d2": 0.5900973014539121, "d3": -2.0441817313020803, "d4": -1.2790664346697973, "p1": 41.53340523384637, "p2": 24.32339216645089, "p3": 42.71625415581549, "p4": 48.715005475498174, "pol1": -0.8761467846788276, "pol2": 0.22747484180948718, "pol3": 0.042584494921681815, "pol4": -0.7840153542947079, "v0s": 4.239194491452523}, "datetime": {"datetime": "2022-04-29 13:30:08", "elapsed": 79120.878051, "delta": 13.543786}}
{"target": 3.684935237619196, "params": {"Bgrad": 1.778906990302941, "d1": -1.7982713327271433, "d2": -0.24911612525752114, "d3": 0.2101846105859453, "d4": -1.631377647856477, "p1": 44.5751300827603, "p2": 35.1670804183275, "p3": 18.9293546127616, "p4": 25.882957572091065, "pol1": -0.18691747959233806, "pol2": 0.23124947679625252, "pol3": 0.9561592666605512, "pol4": -0.5639125262714606, "v0s": 3.684935237619196}, "datetime": {"datetime": "2022-04-29 13:30:20", "elapsed": 79132.937806, "delta": 12.059755}}
{"target": -1.0, "params": {"Bgrad": 1.6856060940192434, "d1": 0.31717387908548744, "d2": -2.0887992166493468, "d3": -0.7176355470047269, "d4": -1.128660852790436, "p1": 47.44688713531301, "p2": 46.2837429152336, "p3": 42.83532118676158, "p4": 46.935244638588856, "pol1": -0.3426015403790186, "pol2": -0.8544657842367573, "pol3": -0.4448298213904438, "pol4": 0.33429048847318854, "v0s": 3.3113818060604423}, "datetime": {"datetime": "2022-04-29 13:30:38", "elapsed": 79150.932691, "delta": 17.994885}}
{"target": -1.0, "params": {"Bgrad": 1.028000079159021, "d1": 0.18220529244205386, "d2": 0.2949401570549153, "d3": -1.4009490091257364, "d4": 0.9498153392740618, "p1": 42.724672245182404, "p2": 4.583953069123531, "p3": 48.04356127006317, "p4": 31.232323906480865, "pol1": 0.006627266755578898, "pol2": 0.1608268795182739, "pol3": -0.9623893126330019, "pol4": -0.6343342478785918, "v0s": 3.402144755958365}, "datetime": {"datetime": "2022-04-29 13:30:57", "elapsed": 79170.234083, "delta": 19.301392}}
{"target": -1.0, "params": {"Bgrad": 1.3367686040823152, "d1": -2.0808071194155637, "d2": -0.8670080097428245, "d3": -2.317519740140579, "d4": 0.14138691337573173, "p1": 7.116138462909932, "p2": 16.197113766942717, "p3": 34.52593701154213, "p4": 0.6891097296510995, "pol1": 0.5533229647002122, "pol2": -0.07693669199442987, "pol3": 0.644364158480262, "pol4": -0.027010087921753856, "v0s": 5.13441786376931}, "datetime": {"datetime": "2022-04-29 13:31:17", "elapsed": 79190.261533, "delta": 20.02745}}
{"target": 4.110322471494972, "params": {"Bgrad": 1.9980662635290019, "d1": -1.200687774677214, "d2": 0.1485091194384107, "d3": -2.0095738487549863, "d4": -2.999956606178952, "p1": 0.8376758661639193, "p2": 27.44452625833965, "p3": 10.755614991313735, "p4": 14.999123581389673, "pol1": -0.7579075588943431, "pol2": 0.9246931661423844, "pol3": 0.6657204549328702, "pol4": 0.09453078662095482, "v0s": 4.110322471494972}, "datetime": {"datetime": "2022-04-29 13:31:33", "elapsed": 79206.025382, "delta": 15.763849}}
{"target": 2.9124097627649475, "params": {"Bgrad": 1.5104410714575298, "d1": -0.18003062485886695, "d2": 0.1940661295153043, "d3": -1.7217388056028158, "d4": -1.370200146853038, "p1": 44.44885435999161, "p2": 26.96978807992052, "p3": 26.552802577074257, "p4": 47.585303026693154, "pol1": -0.9150206904807975, "pol2": 0.6694847583316099, "pol3": -0.7984818311169235, "pol4": -0.7661951598274223, "v0s": 2.9124097627649475}, "datetime": {"datetime": "2022-04-29 13:31:45", "elapsed": 79217.651297, "delta": 11.625915}}
{"target": 2.830087885783627, "params": {"Bgrad": 0.6237251888252391, "d1": -0.14776226978080365, "d2": 0.7045775175498505, "d3": -2.190524062890012, "d4": -1.6041675214751523, "p1": 27.400827433532104, "p2": 7.78379554595035, "p3": 22.162872531532546, "p4": 28.60567442975884, "pol1": -0.23361839138053497, "pol2": 0.9120286970204148, "pol3": -0.9319557150149949, "pol4": 0.15036732506165174, "v0s": 2.830087885783627}, "datetime": {"datetime": "2022-04-29 13:31:55", "elapsed": 79228.458401, "delta": 10.807104}}
{"target": 2.3105157563594947, "params": {"Bgrad": 1.0846465672696568, "d1": -1.409917271626707, "d2": -0.13592812164519086, "d3": 0.44828520848376413, "d4": -0.43547471908028085, "p1": 49.086465579966564, "p2": 2.705699121387691, "p3": 21.294341210548605, "p4": 17.559359177303172, "pol1": -0.34868761190717135, "pol2": 0.5633137406218606, "pol3": 0.6771090349373032, "pol4": 0.3799119421750572, "v0s": 2.3105157563594947}, "datetime": {"datetime": "2022-04-29 13:32:08", "elapsed": 79240.826331, "delta": 12.36793}}
{"target": 3.918318165701142, "params": {"Bgrad": 1.4774001665664829, "d1": -0.4447920161167538, "d2": -0.5349249776565022, "d3": -2.0291611610738167, "d4": -2.6091940402951934, "p1": 8.190659010643152, "p2": 37.38969084768728, "p3": 32.432043870436424, "p4": 6.801810241625672, "pol1": -0.7027275174989576, "pol2": 0.7942169186057084, "pol3": -0.5760002449942989, "pol4": 0.6533124733899223, "v0s": 3.918318165701142}, "datetime": {"datetime": "2022-04-29 13:32:20", "elapsed": 79253.047653, "delta": 12.221322}}
{"target": 4.738401771820199, "params": {"Bgrad": 1.2492317515011628, "d1": -2.419972048017642, "d2": 0.6530224434290588, "d3": -1.5303774011784919, "d4": -1.2324179443858427, "p1": 22.298904853651596, "p2": 26.743388689413134, "p3": 11.561759063059029, "p4": 36.51536720862134, "pol1": 0.1463156649911479, "pol2": -0.8816424630375306, "pol3": 0.27338413253894434, "pol4": 0.16291681315187723, "v0s": 4.738401771820199}, "datetime": {"datetime": "2022-04-29 13:32:34", "elapsed": 79266.769962, "delta": 13.722309}}
{"target": -1.0, "params": {"Bgrad": 1.8397545313930546, "d1": -1.3992692915215903, "d2": -1.1671854160046862, "d3": -2.4331400325679406, "d4": -0.5897120539896763, "p1": 12.20437136414062, "p2": 19.708107694639825, "p3": 39.14489972300409, "p4": 49.40854856865762, "pol1": -0.4842578954589063, "pol2": -0.17936439624724576, "pol3": -0.773840551504732, "pol4": 0.7976723545971924, "v0s": 4.5212287679371}, "datetime": {"datetime": "2022-04-29 13:32:51", "elapsed": 79283.895173, "delta": 17.125211}}
{"target": 2.111333346249794, "params": {"Bgrad": 1.2500002902293474, "d1": 0.900851064538926, "d2": -1.0690243227896419, "d3": -0.9568217653433204, "d4": -2.890478621071459, "p1": 1.9449284904662634, "p2": 29.340868692840687, "p3": 27.45479969971205, "p4": 31.088965964196234, "pol1": -0.0574020272653597, "pol2": 0.21422288798795508, "pol3": 0.019820498546007093, "pol4": 0.6223285776809591, "v0s": 2.111333346249794}, "datetime": {"datetime": "2022-04-29 13:33:03", "elapsed": 79296.455589, "delta": 12.560416}}
{"target": -1.0, "params": {"Bgrad": 1.2757712619315573, "d1": -2.7260898742864215, "d2": -0.8966194089416835, "d3": 0.4535884200736957, "d4": -0.2048860177776084, "p1": 2.708969251101462, "p2": 8.07064374498528, "p3": 23.555401481545445, "p4": 17.574636887246193, "pol1": -0.272971215969793, "pol2": -0.6063138463549795, "pol3": 0.7706909523060608, "pol4": 0.33947567476307805, "v0s": 6.1448096186183525}, "datetime": {"datetime": "2022-04-29 13:33:16", "elapsed": 79309.471786, "delta": 13.016197}}
{"target": 4.405923266053652, "params": {"Bgrad": 0.9374212098860495, "d1": -2.8887187805463763, "d2": -0.4307866071792388, "d3": 0.0750331452029287, "d4": -0.2607022003191184, "p1": 2.966853725932339, "p2": 4.159871997319575, "p3": 23.30274351432265, "p4": 17.385286125379455, "pol1": -0.7249030204586855, "pol2": 0.40471004751485995, "pol3": 0.9279954910062949, "pol4": -0.5766002194571223, "v0s": 4.405923266053652}, "datetime": {"datetime": "2022-04-29 13:33:26", "elapsed": 79318.905561, "delta": 9.433775}}
{"target": -1.0, "params": {"Bgrad": 1.1147209359752654, "d1": -2.2954549690628734, "d2": -0.5828037707080562, "d3": -1.7201271483008167, "d4": -1.856013041749681, "p1": 7.86853738321417, "p2": 3.551573163699584, "p3": 27.65995450526925, "p4": 10.92006993248688, "pol1": 0.6821009367973332, "pol2": -0.0017858894341604703, "pol3": -0.45416323690209626, "pol4": 0.4179745140172879, "v0s": 2.1783494400494057}, "datetime": {"datetime": "2022-04-29 13:33:38", "elapsed": 79331.290447, "delta": 12.384886}}
{"target": -1.0, "params": {"Bgrad": 1.7319692964570683, "d1": -2.267737525362737, "d2": -0.5540916898369099, "d3": 0.3460337053525775, "d4": -0.9057434391095418, "p1": 16.192168730246237, "p2": 12.538983004971833, "p3": 29.79950571044268, "p4": 34.164513004365524, "pol1": 0.4001385151906929, "pol2": -0.056263137936301444, "pol3": -0.8513982068851607, "pol4": 0.7033994323955184, "v0s": 5.713016714255529}, "datetime": {"datetime": "2022-04-29 13:33:58", "elapsed": 79350.65866, "delta": 19.368213}}
{"target": -1.0, "params": {"Bgrad": 0.8109077652855587, "d1": -2.427101673713805, "d2": -2.5976339868283578, "d3": -1.613836598675857, "d4": -1.3642513575815078, "p1": 35.55092613743397, "p2": 12.125017058961335, "p3": 23.383324177287353, "p4": 48.633892804228154, "pol1": -0.5110053003599713, "pol2": 0.46127617912644725, "pol3": 0.5137784816047826, "pol4": -0.13823121388604354, "v0s": 5.670471812580298}, "datetime": {"datetime": "2022-04-29 13:34:12", "elapsed": 79364.823785, "delta": 14.165125}}
{"target": -1.0, "params": {"Bgrad": 0.877895892656474, "d1": -0.09820174462908327, "d2": -0.2611960239139397, "d3": -1.4801070748531653, "d4": 0.8364932737744564, "p1": 14.343820409366042, "p2": 4.098887098468556, "p3": 25.407318919926375, "p4": 13.629631272534294, "pol1": 0.500713148681061, "pol2": -0.09049637294966151, "pol3": 0.5559450455698591, "pol4": 0.5955758745635735, "v0s": 2.4374695781185625}, "datetime": {"datetime": "2022-04-29 13:34:29", "elapsed": 79382.162424, "delta": 17.338639}}
{"target": -1.0, "params": {"Bgrad": 1.5098750290482206, "d1": -2.3417854662618733, "d2": -1.551956321348356, "d3": -2.0238307857259388, "d4": -0.556244994014897, "p1": 23.83539079199765, "p2": 25.17999698814213, "p3": 11.261172251267059, "p4": 36.20690881633742, "pol1": -0.5020480306916364, "pol2": 0.13917290383516634, "pol3": -0.40052442536789634, "pol4": -0.9479088718907405, "v0s": 3.594702769520551}, "datetime": {"datetime": "2022-04-29 13:34:49", "elapsed": 79402.403304, "delta": 20.24088}}
{"target": -1.0, "params": {"Bgrad": 0.9301174784195487, "d1": -0.1987361146831308, "d2": 0.8726764391452391, "d3": -1.117744745075572, "d4": 0.7482271439299395, "p1": 3.2366050513681186, "p2": 1.9864531877548552, "p3": 40.86151136022031, "p4": 47.16756894730855, "pol1": 0.4396814927787429, "pol2": -0.20470219642596676, "pol3": -0.8185766944947328, "pol4": -0.4635178892625005, "v0s": 3.712211456223952}, "datetime": {"datetime": "2022-04-29 13:35:04", "elapsed": 79416.991298, "delta": 14.587994}}
{"target": -1.0, "params": {"Bgrad": 1.449642115088653, "d1": 0.1490267838364927, "d2": 0.5044554871064952, "d3": -0.9590236614078935, "d4": -1.0418888969213214, "p1": 6.720752259052381, "p2": 14.948502934976105, "p3": 35.888634778016815, "p4": 2.815768692006521, "pol1": -0.07479696064980157, "pol2": -0.8268001079632068, "pol3": 0.041983995304606836, "pol4": -0.4344482243459793, "v0s": 5.243638699951461}, "datetime": {"datetime": "2022-04-29 13:35:21", "elapsed": 79433.836258, "delta": 16.84496}}
{"target": -1.0, "params": {"Bgrad": 1.5090233116114327, "d1": -0.732309348749439, "d2": -0.9573630132851285, "d3": -2.5378242080334337, "d4": -1.2584095390105778, "p1": 7.42820009479373, "p2": 37.423690543282106, "p3": 33.43184978959353, "p4": 34.33733827650749, "pol1": 0.4266862258339934, "pol2": -0.3400026430116827, "pol3": 0.737339893246159, "pol4": -0.18433085239121771, "v0s": 3.9797123408525685}, "datetime": {"datetime": "2022-04-29 13:35:42", "elapsed": 79454.961772, "delta": 21.125514}}
