{"target": 2.7516916771168924, "params": {"Bgrad": 1.2826718138510877, "d1": 0.15391653349406065, "d2": 0.7703937424326872, "d3": -1.0108408315333461, "d4": -0.6249845665782261, "p1": 14.54299689052353, "p2": 7.45797544600944, "p3": 6.593584536422053, "p4": 36.618038793477886, "pol1": 0.4689388706998687, "pol2": -0.6412999667267296, "pol3": -0.1728792404484163, "pol4": 0.18828865578307896, "v0s": 2.7516916771168924}, "datetime": {"datetime": "2022-06-13 03:11:12", "elapsed": 4119.330726, "delta": 3.271257}}
{"target": -1.0, "params": {"Bgrad": 1.6780534248032988, "d1": -0.5200311867190441, "d2": -0.5391132339661819, "d3": -0.19516763232547074, "d4": 0.9487323282654976, "p1": 28.11972279785891, "p2": 43.220813084917395, "p3": 20.935433752858295, "p4": 32.72346756137171, "pol1": 0.8505223757175324, "pol2": 0.3283016312881506, "pol3": -0.3938386481138676, "pol4": 0.2398913877232598, "v0s": 4.1079099221491555}, "datetime": {"datetime": "2022-06-13 03:11:24", "elapsed": 4131.400466, "delta": 12.06974}}
{"target": -1.0, "params": {"Bgrad": 0.9835500127016292, "d1": -0.5591797650145192, "d2": -2.358707072046452, "d3": -1.0530442569689868, "d4": 0.7825371399455654, "p1": 19.195712098926897, "p2": 9.448129662290572, "p3": 23.44194748210905, "p4": 42.04539157267662, "pol1": 0.6853354451900653, "pol2": 0.6556064789184444, "pol3": -0.9770489747883733, "pol4": -0.4659193801434096, "v0s": 7.999254725445574}, "datetime": {"datetime": "2022-06-13 03:11:35", "elapsed": 4142.826924, "delta": 11.426458}}
{"target": -1.0, "params": {"Bgrad": 0.6795249157887298, "d1": -1.0396420156494668, "d2": 0.16010460241074131, "d3": -2.5111443596245753, "d4": -0.3503632772350085, "p1": 24.404022276066208, "p2": 9.714499104309338, "p3": 43.93150132913602, "p4": 9.074369877886518, "pol1": 0.2781057185895506, "pol2": 0.4816537563958583, "pol3": 0.12534577318645646, "pol4": 0.2576831371943822, "v0s": 2.713792379732027}, "datetime": {"datetime": "2022-06-13 03:11:43", "elapsed": 4150.205204, "delta": 7.37828}}
{"target": -1.0, "params": {"Bgrad": 0.9620554805817969, "d1": -0.6521511710812833, "d2": -1.4181451347699543, "d3": -0.3442156742687974, "d4": 0.4078185792171931, "p1": 9.511104465609177, "p2": 45.16363504351675, "p3": 19.158792521554663, "p4": 47.15621653641273, "pol1": 0.23476462604993031, "pol2": 0.5801910422918, "pol3": 0.02955085674645197, "pol4": 0.062289388786617605, "v0s": 3.9655633925958313}, "datetime": {"datetime": "2022-06-13 03:11:54", "elapsed": 4161.655599, "delta": 11.450395}}
{"target": -1.0, "params": {"Bgrad": 0.6940470608410332, "d1": -1.4647123525583052, "d2": -2.1400940768332894, "d3": -2.8685389764723337, "d4": -1.9004526806989621, "p1": 9.028802633342847, "p2": 43.77651575190614, "p3": 4.061828121570249, "p4": 9.194779954094162, "pol1": 0.4080613910726685, "pol2": 0.8384517820405468, "pol3": -0.49708309553613184, "pol4": -0.9573977370772369, "v0s": 7.7630268365305986}, "datetime": {"datetime": "2022-06-13 03:12:01", "elapsed": 4168.340731, "delta": 6.685132}}
{"target": -1.0, "params": {"Bgrad": 1.523330960710926, "d1": -1.7573492157445765, "d2": -1.1105062311390408, "d3": -0.6029765044849462, "d4": -1.5045257117386313, "p1": 43.72438983105885, "p2": 36.30862941538137, "p3": 47.71703523121056, "p4": 17.553276142410585, "pol1": 0.8743481774435622, "pol2": -0.04179885154851193, "pol3": 0.2846452772969428, "pol4": 0.47329440950977486, "v0s": 6.85602781403408}, "datetime": {"datetime": "2022-06-13 03:12:12", "elapsed": 4179.329359, "delta": 10.988628}}
{"target": -1.0, "params": {"Bgrad": 1.0943890509240408, "d1": -1.2082160859409155, "d2": 0.26910810445100264, "d3": -0.12977118763618023, "d4": 0.7633968374985756, "p1": 48.97989357089206, "p2": 8.945666818292331, "p3": 11.395970590637761, "p4": 35.79932236395234, "pol1": 0.49476546930848686, "pol2": 0.2063591084650509, "pol3": 0.7545995284430227, "pol4": -0.496019075778523, "v0s": 4.036924365780754}, "datetime": {"datetime": "2022-06-13 03:12:21", "elapsed": 4188.996521, "delta": 9.667162}}
{"target": -1.0, "params": {"Bgrad": 1.2419702721603634, "d1": -1.7398916441257297, "d2": -0.8182436426327824, "d3": -0.2700876828082226, "d4": -2.1185323953852206, "p1": 24.26687269841903, "p2": 49.64906788187392, "p3": 16.208065159061746, "p4": 1.7680959745656977, "pol1": 0.6347034585680265, "pol2": 0.006613567199324599, "pol3": -0.894432287762859, "pol4": 0.7806100544484824, "v0s": 4.427086279882147}, "datetime": {"datetime": "2022-06-13 03:12:35", "elapsed": 4202.100496, "delta": 13.103975}}
{"target": -1.0, "params": {"Bgrad": 1.8939097732105954, "d1": -1.3916873047977538, "d2": -2.6926708609012766, "d3": -2.018795423520029, "d4": -1.5989579771711888, "p1": 37.53641461776125, "p2": 9.237407617464182, "p3": 21.54868268629372, "p4": 43.66227099079843, "pol1": 0.06752218274556632, "pol2": -0.7936905605018867, "pol3": -0.9509550258907356, "pol4": 0.41161960232209727, "v0s": 7.874764945749302}, "datetime": {"datetime": "2022-06-13 03:12:45", "elapsed": 4212.689194, "delta": 10.588698}}
{"target": -1.0, "params": {"Bgrad": 1.6777478944284603, "d1": 0.058904787381670154, "d2": -0.29820993728792056, "d3": 0.1820108411946606, "d4": -2.8399288573094252, "p1": 13.2340815858427, "p2": 34.76987679857762, "p3": 43.34941648038719, "p4": 33.73034359084121, "pol1": -0.6474477440331368, "pol2": 0.8726169198913862, "pol3": 0.8067574002217057, "pol4": -0.8266424677197872, "v0s": 3.1580002254455177}, "datetime": {"datetime": "2022-06-13 03:12:56", "elapsed": 4223.783541, "delta": 11.094347}}
{"target": 2.7237967721443788, "params": {"Bgrad": 0.91278954591579, "d1": -0.04635251758157288, "d2": 0.437493313203428, "d3": -0.6867104501937953, "d4": -2.201417717393351, "p1": 20.754494381068124, "p2": 6.892960013205357, "p3": 45.86980934292122, "p4": 38.226547020523675, "pol1": 0.020427667612155087, "pol2": -0.09284991365832407, "pol3": -0.8043158433088602, "pol4": -0.36264928739934543, "v0s": 2.7237967721443788}, "datetime": {"datetime": "2022-06-13 03:13:02", "elapsed": 4229.749595, "delta": 5.966054}}
{"target": -1.0, "params": {"Bgrad": 1.6735070950433901, "d1": -0.8204651732952217, "d2": -2.0908904743393646, "d3": -2.1031886429762547, "d4": -1.958407209936858, "p1": 15.4436376158128, "p2": 19.385256589070494, "p3": 14.877446618861862, "p4": 33.97779472665752, "pol1": -0.9298527613898422, "pol2": -0.3437793701372638, "pol3": 0.4905837457160309, "pol4": 0.8856159701505695, "v0s": 6.816395300945307}, "datetime": {"datetime": "2022-06-13 03:13:12", "elapsed": 4239.648139, "delta": 9.898544}}
{"target": -1.0, "params": {"Bgrad": 0.8612393143573309, "d1": -2.068338126464673, "d2": -2.2386528211312435, "d3": 0.5299901394344371, "d4": -2.0485772510351206, "p1": 37.90903117065637, "p2": 13.05248657023433, "p3": 1.6540921703757816, "p4": 36.67238500343829, "pol1": 0.45240361959040176, "pol2": -0.8220817780778931, "pol3": -0.34659748414079683, "pol4": 0.8967305803780452, "v0s": 2.9776939914931067}, "datetime": {"datetime": "2022-06-13 03:13:25", "elapsed": 4252.904705, "delta": 13.256566}}
{"target": -1.0, "params": {"Bgrad": 0.6300087089793651, "d1": -0.6215844475534964, "d2": 0.7239594613838878, "d3": -2.4648867690276344, "d4": -0.9479508253599289, "p1": 34.19996070584788, "p2": 8.591487980341356, "p3": 0.5629946746094738, "p4": 44.38415652398624, "pol1": -0.929537458693281, "pol2": -0.4850834323846509, "pol3": 0.30336806348133694, "pol4": -0.42843413328847557, "v0s": 2.0582455794488994}, "datetime": {"datetime": "2022-06-13 03:13:29", "elapsed": 4256.777354, "delta": 3.872649}}
{"target": -1.0, "params": {"Bgrad": 0.7510835380159367, "d1": 0.6372494606571739, "d2": -1.0644997421786435, "d3": -1.9041296845605014, "d4": 0.7554165709694547, "p1": 28.532000032711192, "p2": 23.82440576991094, "p3": 7.814249290420655, "p4": 11.37086224696201, "pol1": -0.530814863256341, "pol2": 0.033918833324629194, "pol3": 0.7201099459305411, "pol4": 0.8235851429581034, "v0s": 2.2466258743012344}, "datetime": {"datetime": "2022-06-13 03:13:39", "elapsed": 4266.355753, "delta": 9.578399}}
{"target": 2.621075414269699, "params": {"Bgrad": 0.8938800350372086, "d1": 0.12266634874465998, "d2": -1.7004873501047308, "d3": -2.8695019613883557, "d4": -2.7600466515383064, "p1": 26.032705401772333, "p2": 46.816837589355394, "p3": 33.85534002905358, "p4": 33.91562180880017, "pol1": 0.21708699209503846, "pol2": -0.09664865580304194, "pol3": 0.958893690202365, "pol4": 0.9325988731233128, "v0s": 2.621075414269699}, "datetime": {"datetime": "2022-06-13 03:13:46", "elapsed": 4273.358037, "delta": 7.002284}}
{"target": -1.0, "params": {"Bgrad": 1.3684265544892962, "d1": -2.4892432267753293, "d2": -2.881278705230312, "d3": 0.30641237239736796, "d4": -2.982858280981461, "p1": 16.21532947803262, "p2": 33.67678780734782, "p3": 23.504509465026725, "p4": 4.303641690132415, "pol1": 0.3915741440551861, "pol2": 0.24694174301551763, "pol3": 0.25471215792388135, "pol4": 0.9267118221238664, "v0s": 4.744542833277343}, "datetime": {"datetime": "2022-06-13 03:13:58", "elapsed": 4285.468667, "delta": 12.11063}}
{"target": -1.0, "params": {"Bgrad": 1.5396163822901763, "d1": -0.6865028100741242, "d2": 0.06767420087145082, "d3": 0.9021541082640709, "d4": -0.7482572319915901, "p1": 19.500924091185688, "p2": 16.21320376273988, "p3": 8.358518422019495, "p4": 39.608422294290044, "pol1": 0.25638533875775726, "pol2": -8.222486062381407e-05, "pol3": 0.2105044450832525, "pol4": 0.24429773538554045, "v0s": 7.052136664734547}, "datetime": {"datetime": "2022-06-13 03:14:09", "elapsed": 4296.097259, "delta": 10.628592}}
{"target": -1.0, "params": {"Bgrad": 1.0112545970713411, "d1": 0.46874213530034714, "d2": -1.307201285599176, "d3": -0.14986211097989122, "d4": -2.4814020448559684, "p1": 12.57192344136724, "p2": 38.11564644434476, "p3": 16.434851615765584, "p4": 1.9768426064113942, "pol1": -0.0900774455947313, "pol2": -0.4019152506658328, "pol3": 0.14537238376088002, "pol4": -0.09882469084528633, "v0s": 2.5733064665019754}, "datetime": {"datetime": "2022-06-13 03:14:21", "elapsed": 4308.228833, "delta": 12.131574}}
{"target": -1.0, "params": {"Bgrad": 1.4224048121569075, "d1": -0.9135618194895518, "d2": -1.4232384132367035, "d3": -0.7634868406439579, "d4": -2.979210590176924, "p1": 9.433588577586216, "p2": 39.80949354234784, "p3": 28.202895145839936, "p4": 21.228693986170633, "pol1": -0.4677779986561079, "pol2": 0.4668650117880342, "pol3": 0.011536438560368012, "pol4": -0.05071693268472921, "v0s": 4.997764439792176}, "datetime": {"datetime": "2022-06-13 03:14:32", "elapsed": 4319.166598, "delta": 10.937765}}
{"target": -1.0, "params": {"Bgrad": 1.758848950879972, "d1": -1.4302253704487549, "d2": -0.04533103978003572, "d3": 0.07554160250529796, "d4": -0.4187168772168679, "p1": 42.65268104547866, "p2": 26.472150011753843, "p3": 37.792440052360234, "p4": 15.609543877907095, "pol1": 0.09204150824350599, "pol2": -0.37037740230508676, "pol3": 0.4373724789739648, "pol4": 0.351109020301823, "v0s": 5.341639987106553}, "datetime": {"datetime": "2022-06-13 03:14:42", "elapsed": 4329.968727, "delta": 10.802129}}
{"target": -1.0, "params": {"Bgrad": 1.6727826895721, "d1": -0.6480878845801383, "d2": -1.8658239085931956, "d3": 0.30188248495873005, "d4": -2.7426880330594208, "p1": 11.869786539666949, "p2": 32.48737903727778, "p3": 40.96950300165274, "p4": 19.12502979421844, "pol1": 0.623940593269178, "pol2": 0.3975571756153602, "pol3": -0.013192099711233363, "pol4": -0.4434023270625027, "v0s": 3.135908995519322}, "datetime": {"datetime": "2022-06-13 03:14:56", "elapsed": 4343.919442, "delta": 13.950715}}
{"target": 2.3960951534245805, "params": {"Bgrad": 1.5201690940326738, "d1": -1.4416779358515361, "d2": -1.4450104784253952, "d3": -1.4587679703122536, "d4": 0.4099636861490419, "p1": 28.373103895379437, "p2": 46.76582929894059, "p3": 39.737328759089436, "p4": 9.700354386610144, "pol1": 0.035717772630131206, "pol2": 0.014729953028659981, "pol3": -0.08236171238754553, "pol4": 0.33936719940221116, "v0s": 2.3960951534245805}, "datetime": {"datetime": "2022-06-13 03:15:03", "elapsed": 4350.740208, "delta": 6.820766}}
{"target": -1.0, "params": {"Bgrad": 0.8112955254558667, "d1": -0.5824526874344929, "d2": 0.010076895431973654, "d3": -1.761238674185436, "d4": -2.2386370220652596, "p1": 45.475139055293866, "p2": 37.28040929169385, "p3": 6.892855902345286, "p4": 44.88068924816689, "pol1": -0.23328277969448652, "pol2": 0.9997363439957965, "pol3": 0.4778338086522207, "pol4": -0.7442259684607255, "v0s": 2.38557574861289}, "datetime": {"datetime": "2022-06-13 03:15:09", "elapsed": 4357.004464, "delta": 6.264256}}
{"target": -1.0, "params": {"Bgrad": 1.1806825020551535, "d1": -0.8966449567131418, "d2": 0.16025670403854742, "d3": 0.8736777014698647, "d4": 0.2744752319606114, "p1": 35.85537224349862, "p2": 22.490798286920793, "p3": 20.10898081377796, "p4": 35.04417256549277, "pol1": -0.5971372745706638, "pol2": 0.06676621767470436, "pol3": 0.011100256061233438, "pol4": -0.3111124930333926, "v0s": 4.4758561949066165}, "datetime": {"datetime": "2022-06-13 03:15:20", "elapsed": 4367.796618, "delta": 10.792154}}
{"target": -1.0, "params": {"Bgrad": 1.2475842447683594, "d1": -1.3494364745602838, "d2": -1.2819517771560234, "d3": -2.0554292640301024, "d4": -1.828065240242049, "p1": 14.783396499774708, "p2": 46.991645111132236, "p3": 19.643549206019408, "p4": 24.61598617519316, "pol1": 0.03388627398260491, "pol2": 0.7443202393531703, "pol3": 0.03837273608351399, "pol4": 0.8016727789194744, "v0s": 3.517284227641193}, "datetime": {"datetime": "2022-06-13 03:15:33", "elapsed": 4380.078791, "delta": 12.282173}}
{"target": -1.0, "params": {"Bgrad": 1.6571922022634216, "d1": 0.6259267440390728, "d2": -2.8145633342750935, "d3": -0.38681711301166777, "d4": -2.1485933115299796, "p1": 23.92362161768177, "p2": 43.34179470906163, "p3": 19.45861790264667, "p4": 8.837339112954101, "pol1": 0.3323101994580211, "pol2": -0.902074312973911, "pol3": 0.581406745577139, "pol4": 0.9841052781603188, "v0s": 4.176088883965673}, "datetime": {"datetime": "2022-06-13 03:15:43", "elapsed": 4390.703392, "delta": 10.624601}}
{"target": -1.0, "params": {"Bgrad": 1.3725396120235214, "d1": -0.17912929723036397, "d2": -1.769820906764743, "d3": -1.4511278231194802, "d4": -1.7618190268770104, "p1": 14.988391376542982, "p2": 1.4979823937056547, "p3": 13.832763914160374, "p4": 36.98710555959503, "pol1": -0.3914273927466354, "pol2": -0.9018363297785217, "pol3": -0.7976376331140791, "pol4": 0.6218847043898161, "v0s": 5.434918033889324}, "datetime": {"datetime": "2022-06-13 03:15:54", "elapsed": 4401.384843, "delta": 10.681451}}
{"target": -1.0, "params": {"Bgrad": 0.9842142822426189, "d1": 0.8575146658618396, "d2": 0.7487582732284053, "d3": -2.9281200522468054, "d4": -2.593568434335138, "p1": 31.704982690802908, "p2": 2.197791740146593, "p3": 22.32508380621741, "p4": 0.11857496843240556, "pol1": 0.35614200770927784, "pol2": 0.6374001191040664, "pol3": -0.5604765692554372, "pol4": -0.38503351969421695, "v0s": 6.222773935194153}, "datetime": {"datetime": "2022-06-13 03:16:07", "elapsed": 4414.317277, "delta": 12.932434}}
{"target": -1.0, "params": {"Bgrad": 1.914275761028276, "d1": 0.2925669565538387, "d2": 0.9399835241447989, "d3": -1.8767054095392095, "d4": -0.9358403610482555, "p1": 16.20413438388319, "p2": 13.61016154417377, "p3": 47.80621807836641, "p4": 6.054292156504126, "pol1": 0.11191442670691787, "pol2": 0.9346533005217814, "pol3": 0.7723668274396855, "pol4": 0.5851979443644484, "v0s": 7.446975207044191}, "datetime": {"datetime": "2022-06-13 03:16:18", "elapsed": 4425.823522, "delta": 11.506245}}
{"target": -1.0, "params": {"Bgrad": 1.2043950796015168, "d1": -2.5047529640179422, "d2": -1.2448938698244008, "d3": -0.6303247888858374, "d4": -0.3879726951955189, "p1": 32.42736505399268, "p2": 42.27754428758254, "p3": 28.127351404558738, "p4": 31.69493390090835, "pol1": 0.026721935596304647, "pol2": 0.04209677880162355, "pol3": 0.6867598574924152, "pol4": 0.22667766674794354, "v0s": 7.519594928893527}, "datetime": {"datetime": "2022-06-13 03:16:30", "elapsed": 4437.702774, "delta": 11.879252}}
{"target": -1.0, "params": {"Bgrad": 1.0694657042926212, "d1": 0.07011274027255476, "d2": -2.8676769645506783, "d3": -0.5415627440925794, "d4": -0.8417104362764971, "p1": 40.22748418334005, "p2": 21.105651753172378, "p3": 1.553653010464523, "p4": 1.1351725995933815, "pol1": -0.5664751517073336, "pol2": 0.16151384577857542, "pol3": -0.20015977764201298, "pol4": 0.9398870435788695, "v0s": 4.180306510422245}, "datetime": {"datetime": "2022-06-13 03:16:40", "elapsed": 4447.904504, "delta": 10.20173}}
{"target": -1.0, "params": {"Bgrad": 1.4026002050619355, "d1": -2.9671864690927228, "d2": -1.2001048898225148, "d3": -1.6234563905882595, "d4": 0.41265308503110854, "p1": 37.90020297000679, "p2": 1.6330422746002105, "p3": 12.572302101184702, "p4": 41.79293732804112, "pol1": 0.26950682827424743, "pol2": 0.735795403981861, "pol3": 0.8785988642937046, "pol4": 0.8359898815065432, "v0s": 4.207403516209281}, "datetime": {"datetime": "2022-06-13 03:16:53", "elapsed": 4460.86586, "delta": 12.961356}}
{"target": -1.0, "params": {"Bgrad": 1.5474819485699807, "d1": -1.7445271252758987, "d2": -1.2798561786068952, "d3": -2.8544089271811126, "d4": -2.6249188781406656, "p1": 15.680688729827647, "p2": 44.04192549685315, "p3": 12.194003869303222, "p4": 0.7651292463631443, "pol1": -0.25611420272279095, "pol2": 0.0832578038896925, "pol3": -0.23337084112770423, "pol4": 0.06996456219943537, "v0s": 4.145031389212283}, "datetime": {"datetime": "2022-06-13 03:17:05", "elapsed": 4472.70721, "delta": 11.84135}}
{"target": -1.0, "params": {"Bgrad": 0.642062264798553, "d1": -0.20469448428390358, "d2": -0.5260533167734653, "d3": 0.16072387438942037, "d4": -2.22605983024102, "p1": 38.05159897595421, "p2": 18.404186621672817, "p3": 8.051961868214203, "p4": 32.80565026755055, "pol1": -0.1132025393459013, "pol2": -0.9415876446539355, "pol3": 0.34160421197680635, "pol4": 0.886554300273767, "v0s": 4.26271373779382}, "datetime": {"datetime": "2022-06-13 03:17:14", "elapsed": 4481.140669, "delta": 8.433459}}
{"target": -1.0, "params": {"Bgrad": 1.0703245542577327, "d1": 0.5588878820082845, "d2": -1.7634591411172953, "d3": -1.122205270623382, "d4": 0.8535910358513665, "p1": 16.791100910396338, "p2": 35.4122448005003, "p3": 46.08590597310584, "p4": 27.716601608750608, "pol1": 0.6118357724351478, "pol2": 0.9061591242423188, "pol3": 0.8712873989036616, "pol4": 0.8388000213808335, "v0s": 7.076256305101973}, "datetime": {"datetime": "2022-06-13 03:17:24", "elapsed": 4491.143932, "delta": 10.003263}}
{"target": -1.0, "params": {"Bgrad": 0.536719619238679, "d1": 0.606018093633045, "d2": 0.5803254344513769, "d3": -1.5886094596566949, "d4": 0.08343066178684344, "p1": 16.668766152968107, "p2": 49.91019741779398, "p3": 7.954256615086392, "p4": 39.015298323254115, "pol1": 0.5367314144395718, "pol2": 0.7917060930463504, "pol3": 0.940704440857487, "pol4": -0.4723061174104548, "v0s": 4.447856363474555}, "datetime": {"datetime": "2022-06-13 03:17:31", "elapsed": 4498.992953, "delta": 7.849021}}
{"target": -1.0, "params": {"Bgrad": 1.3301847410045613, "d1": -2.8573498880997543, "d2": -0.8418031167102922, "d3": -1.657841941781156, "d4": 0.6562205810492161, "p1": 42.82286853575218, "p2": 26.569262022344596, "p3": 26.333194366146373, "p4": 46.70942499522846, "pol1": 0.1313160180897217, "pol2": -0.8940147656226662, "pol3": -0.3821146086497269, "pol4": 0.5214864848302392, "v0s": 5.316205629624747}, "datetime": {"datetime": "2022-06-13 03:18:04", "elapsed": 4531.327528, "delta": 32.334575}}
{"target": -1.0, "params": {"Bgrad": 0.6611499152151421, "d1": 0.1212468449873767, "d2": -2.4751377692611922, "d3": 0.9633909897785373, "d4": -2.266931090717782, "p1": 40.0291251703634, "p2": 43.819493924357566, "p3": 20.383973394269034, "p4": 35.05129482175587, "pol1": 0.7678473247112199, "pol2": 0.4176987226881941, "pol3": -0.7996863578654652, "pol4": 0.2051769304698534, "v0s": 6.709498188198599}, "datetime": {"datetime": "2022-06-13 03:18:09", "elapsed": 4536.842787, "delta": 5.515259}}
{"target": -1.0, "params": {"Bgrad": 0.5850498179723351, "d1": -2.3846124313021697, "d2": -0.2867316288536159, "d3": -2.277129812369112, "d4": -2.227115329358876, "p1": 28.653610994208385, "p2": 47.481237501517704, "p3": 22.649331392902543, "p4": 7.023416669175214, "pol1": -0.041568631426599945, "pol2": -0.09094488067160755, "pol3": -0.6746391711390489, "pol4": -0.7209785005917937, "v0s": 6.779995625349228}, "datetime": {"datetime": "2022-06-13 03:18:16", "elapsed": 4543.43018, "delta": 6.587393}}
{"target": -1.0, "params": {"Bgrad": 1.0492088054696973, "d1": -2.178776984966282, "d2": 0.8363265717310906, "d3": -1.8002573055480737, "d4": -0.7375977590551273, "p1": 18.171355665025885, "p2": 20.202153166995686, "p3": 32.75735697462079, "p4": 42.67308113068682, "pol1": 0.45062406702904023, "pol2": 0.6759468312897428, "pol3": 0.03170375466673625, "pol4": 0.9524977969899022, "v0s": 5.545415819845714}, "datetime": {"datetime": "2022-06-13 03:18:27", "elapsed": 4554.3101, "delta": 10.87992}}
{"target": -1.0, "params": {"Bgrad": 1.4138226197234314, "d1": -2.2661881721327375, "d2": -2.1683928981805556, "d3": -1.4934602522993319, "d4": -1.0669994981843263, "p1": 36.67692233226521, "p2": 33.24722781255186, "p3": 2.396517087441757, "p4": 22.50154003326468, "pol1": -0.9132806631719117, "pol2": 0.5336407461397916, "pol3": -0.402312154906717, "pol4": 0.7635882633045921, "v0s": 7.740279453048454}, "datetime": {"datetime": "2022-06-13 03:18:39", "elapsed": 4566.162423, "delta": 11.852323}}
