{"target": -1.0, "params": {"Bgrad": 1.6978059238030359, "d1": 0.7854740401771183, "d2": -1.7685722884522508, "d3": -1.4404317332330292, "d4": -0.8460678212668791, "p1": 7.062432724922607, "p2": 13.525517271655652, "p3": 35.39035951009309, "p4": 31.71541418098323, "pol1": 0.07240772033383136, "pol2": -0.27107353948608814, "pol3": 0.38817244791754524, "pol4": -0.16284218559615105, "v0s": 5.657470103773731}, "datetime": {"datetime": "2022-06-24 05:32:15", "elapsed": 4654.340546, "delta": 11.396725}}
{"target": 3.9612610891035835, "params": {"Bgrad": 1.6499274927660486, "d1": -2.4112132185208637, "d2": -1.250705618704885, "d3": -2.324900733488269, "d4": -2.2295078329721014, "p1": 6.732338876400551, "p2": 9.250977306752233, "p3": 35.403086986351404, "p4": 33.69327955702979, "pol1": 0.46861044197966195, "pol2": 0.5877329433605036, "pol3": 0.9933288933310982, "pol4": -0.0019057335903220896, "v0s": 3.9612610891035835}, "datetime": {"datetime": "2022-06-24 05:32:22", "elapsed": 4661.570374, "delta": 7.229828}}
{"target": 3.3393699100068783, "params": {"Bgrad": 1.3001839715976395, "d1": -2.868952883416241, "d2": 0.6728776676671462, "d3": -1.1844734228405303, "d4": -1.2484503359574246, "p1": 28.269082161589903, "p2": 26.398609751134344, "p3": 5.351564261583403, "p4": 45.15750624894761, "pol1": -0.2065069084284641, "pol2": 0.5917189217321936, "pol3": -0.7680550527117851, "pol4": 0.10806656923556268, "v0s": 3.3393699100068783}, "datetime": {"datetime": "2022-06-24 05:32:27", "elapsed": 4666.947075, "delta": 5.376701}}
{"target": 2.991697903765047, "params": {"Bgrad": 0.9929880497579673, "d1": -0.6412170964865522, "d2": -0.46226472859621914, "d3": -1.8956833448865318, "d4": -1.2589312757375821, "p1": 30.960093002162452, "p2": 27.382372607798594, "p3": 6.330664184611767, "p4": 44.27138190529769, "pol1": -0.6352658872218226, "pol2": 0.17187599666538822, "pol3": -0.03215813497186404, "pol4": -0.7368673137114277, "v0s": 2.991697903765047}, "datetime": {"datetime": "2022-06-24 05:32:35", "elapsed": 4675.02619, "delta": 8.079115}}
{"target": 3.2690934715740063, "params": {"Bgrad": 1.0039033031483495, "d1": -1.9360622740893225, "d2": -0.9759509730641818, "d3": -2.143988067802769, "d4": -2.151703460164522, "p1": 7.474343250838728, "p2": 9.17423255987318, "p3": 33.69231722476988, "p4": 28.593671398739318, "pol1": 0.023384755353553555, "pol2": 0.9492168912479293, "pol3": -0.6085863711692503, "pol4": 0.34764967154703563, "v0s": 3.2690934715740063}, "datetime": {"datetime": "2022-06-24 05:32:41", "elapsed": 4680.38242, "delta": 5.35623}}
{"target": -1.0, "params": {"Bgrad": 1.3503870067164203, "d1": -0.5311153355085794, "d2": 0.7263304231030929, "d3": 0.06115742439559613, "d4": 0.09964398625937543, "p1": 1.2326157438031504, "p2": 9.660150106238369, "p3": 34.923365199250995, "p4": 26.471853145966012, "pol1": -0.6342704557401, "pol2": -0.7140520215901536, "pol3": -0.803506629336562, "pol4": 0.9982900626572806, "v0s": 2.867874736955092}, "datetime": {"datetime": "2022-06-24 05:32:53", "elapsed": 4692.323242, "delta": 11.940822}}
{"target": 3.416853961656743, "params": {"Bgrad": 1.8814794973971998, "d1": -1.7798956483313897, "d2": -0.18114126993841273, "d3": -1.7362451372414434, "d4": -2.995591971783175, "p1": 27.244217514602102, "p2": 25.931008184696747, "p3": 4.853538790222711, "p4": 44.30581303905821, "pol1": -0.6723770040726864, "pol2": -0.026071140536946702, "pol3": -0.03412783724525159, "pol4": 0.7026378528358446, "v0s": 3.416853961656743}, "datetime": {"datetime": "2022-06-24 05:32:56", "elapsed": 4696.045861, "delta": 3.722619}}
{"target": 3.3117722307412256, "params": {"Bgrad": 1.2791476563270212, "d1": -1.4784840166702478, "d2": -0.22659490178253616, "d3": 0.6556108354933396, "d4": -1.419357400717887, "p1": 4.627019307296404, "p2": 11.33897153017634, "p3": 36.258161231919, "p4": 28.63871790914442, "pol1": 0.22250668737384305, "pol2": -0.17697721528161625, "pol3": -0.7384108577472324, "pol4": -0.7301667745967209, "v0s": 3.3117722307412256}, "datetime": {"datetime": "2022-06-24 05:33:04", "elapsed": 4703.121618, "delta": 7.075757}}
{"target": -1.0, "params": {"Bgrad": 1.6989650331568757, "d1": -0.1781931469180047, "d2": -0.8652638254616467, "d3": -0.5521500616461363, "d4": -0.8604693320788992, "p1": 4.610459362042013, "p2": 12.800179125140227, "p3": 38.13575910674233, "p4": 31.917065851902233, "pol1": -0.38064804237628125, "pol2": 0.41741903918484313, "pol3": 0.4607370514872049, "pol4": -0.39320947902980596, "v0s": 3.4785101856955194}, "datetime": {"datetime": "2022-06-24 05:33:16", "elapsed": 4715.635408, "delta": 12.51379}}
{"target": 2.3989655071028766, "params": {"Bgrad": 1.8980604988418472, "d1": -0.2653042279415425, "d2": 0.12704583213426046, "d3": -1.9268642004676138, "d4": -1.228023947504957, "p1": 4.386063877332452, "p2": 11.671578509635005, "p3": 34.78494446588674, "p4": 27.135191836856748, "pol1": -0.6738807448245914, "pol2": -0.39822585485213424, "pol3": 0.7786185058837356, "pol4": -0.9284461717655208, "v0s": 2.3989655071028766}, "datetime": {"datetime": "2022-06-24 05:33:20", "elapsed": 4719.51414, "delta": 3.878732}}
{"target": 2.3993574441028698, "params": {"Bgrad": 1.4669999142247372, "d1": -0.8747124019203865, "d2": -0.7307162579912618, "d3": -0.08473512885709811, "d4": 0.4013466771592009, "p1": 4.039390509837282, "p2": 13.474378063790876, "p3": 32.71187150109424, "p4": 30.196036219400874, "pol1": -0.6884096674745002, "pol2": -0.9262016321976545, "pol3": 0.8515053941196165, "pol4": 0.5654127846639101, "v0s": 2.3993574441028698}, "datetime": {"datetime": "2022-06-24 05:33:25", "elapsed": 4724.873889, "delta": 5.359749}}
{"target": -1.0, "params": {"Bgrad": 1.3651771904735939, "d1": -2.8843723866753797, "d2": -0.21075104268035938, "d3": -0.9356995696035879, "d4": 0.6986912660044404, "p1": 33.03194933354603, "p2": 9.326669064449804, "p3": 6.099109969593469, "p4": 25.50733376908128, "pol1": 0.49406882150996956, "pol2": 0.0768003926460501, "pol3": 0.23453521570524694, "pol4": 0.9839022053650845, "v0s": 4.238300189719414}, "datetime": {"datetime": "2022-06-24 05:33:36", "elapsed": 4735.56751, "delta": 10.693621}}
{"target": -1.0, "params": {"Bgrad": 1.5533735472277137, "d1": -0.9511553940903004, "d2": -1.0263970769285415, "d3": -2.345846057204557, "d4": -1.3016177688311261, "p1": 2.909381897484092, "p2": 13.957572432789227, "p3": 36.21370833138191, "p4": 30.6597554501188, "pol1": -0.3867832405890437, "pol2": 0.29004877368805526, "pol3": -0.4796597125061479, "pol4": 0.6262469854002022, "v0s": 5.358777324313111}, "datetime": {"datetime": "2022-06-24 05:33:47", "elapsed": 4746.919421, "delta": 11.351911}}
{"target": -1.0, "params": {"Bgrad": 1.2834580044979873, "d1": 0.4740722156094943, "d2": -0.598629830357182, "d3": -1.950155315364762, "d4": -2.9002132345223246, "p1": 46.83160361361674, "p2": 20.09820044690337, "p3": 25.173759718781714, "p4": 14.639578856608626, "pol1": 0.8482601980637885, "pol2": 0.747517971531287, "pol3": 0.9505029466700543, "pol4": -0.4454982747870515, "v0s": 4.877667408232648}, "datetime": {"datetime": "2022-06-24 05:34:02", "elapsed": 4761.848778, "delta": 14.929357}}
{"target": -1.0, "params": {"Bgrad": 0.7975180191498571, "d1": -2.72364348303664, "d2": -0.17146681713578005, "d3": -1.4398953845496307, "d4": -2.804253884662039, "p1": 29.177801412950437, "p2": 26.651496494010217, "p3": 6.424837015248686, "p4": 41.28704108625792, "pol1": -0.24387237136604845, "pol2": 0.6782830236975628, "pol3": 0.29166725685296324, "pol4": -0.15239136833674882, "v0s": 2.877422971245652}, "datetime": {"datetime": "2022-06-24 05:34:12", "elapsed": 4772.009817, "delta": 10.161039}}
{"target": 4.09933104560854, "params": {"Bgrad": 1.2169586818939782, "d1": -2.8785738750105225, "d2": -1.322969744772803, "d3": -0.49625071188870695, "d4": -1.870565567194179, "p1": 6.70678389043893, "p2": 7.693839182294526, "p3": 36.77426323770093, "p4": 28.77489579997675, "pol1": 0.7438158067370064, "pol2": -0.022325344555078397, "pol3": -0.2266022478978076, "pol4": -0.6449325743584993, "v0s": 4.09933104560854}, "datetime": {"datetime": "2022-06-24 05:34:19", "elapsed": 4778.273676, "delta": 6.263859}}
{"target": -1.0, "params": {"Bgrad": 1.9249971579791954, "d1": -1.4523390679720203, "d2": -0.48909361083656355, "d3": -0.06634975398437293, "d4": -2.0172886390157228, "p1": 45.92153537425156, "p2": 21.420039594740686, "p3": 24.946306489819698, "p4": 14.980079455090834, "pol1": 0.6180772258367448, "pol2": 0.15759062356856046, "pol3": 0.005604554136954265, "pol4": -0.01606566573446222, "v0s": 5.01566133077679}, "datetime": {"datetime": "2022-06-24 05:34:30", "elapsed": 4789.330791, "delta": 11.057115}}
{"target": 4.481983063320168, "params": {"Bgrad": 0.7744647236293565, "d1": -0.7849008908834946, "d2": 1.0, "d3": -2.599610523949852, "d4": -2.074891841524177, "p1": 31.275009297995364, "p2": 11.01915029692611, "p3": 38.28162524682594, "p4": 28.756193283037213, "pol1": 0.5085131530579402, "pol2": -0.4309467249606343, "pol3": -0.2968569648471433, "pol4": 0.40053956763960696, "v0s": 4.481983063320168}, "datetime": {"datetime": "2022-06-24 05:34:34", "elapsed": 4793.84281, "delta": 4.512019}}
{"target": 3.8585138254370217, "params": {"Bgrad": 0.860593878425027, "d1": -1.3860511230067978, "d2": 0.28613350472229326, "d3": -2.93214792593836, "d4": -1.2030222668829391, "p1": 8.130339743720322, "p2": 37.627147104542466, "p3": 34.70421938482336, "p4": 36.152675540646904, "pol1": -0.5252085269903131, "pol2": 0.4686582250916138, "pol3": -0.9015986782785266, "pol4": 0.9089853497732856, "v0s": 3.8585138254370217}, "datetime": {"datetime": "2022-06-24 05:34:39", "elapsed": 4798.804656, "delta": 4.961846}}
{"target": 3.830478860713262, "params": {"Bgrad": 1.9439149440764798, "d1": -1.1522035913746511, "d2": 0.4906995578059492, "d3": -0.9562081304016812, "d4": -1.7875245060348997, "p1": 47.751142834799, "p2": 44.21085107488048, "p3": 7.9678823849104905, "p4": 14.28937864346061, "pol1": 0.638512575055552, "pol2": 0.7495868310830198, "pol3": -0.4221947595316107, "pol4": 0.5672240983958041, "v0s": 3.830478860713262}, "datetime": {"datetime": "2022-06-24 05:34:47", "elapsed": 4806.375542, "delta": 7.570886}}
{"target": -1.0, "params": {"Bgrad": 1.3725358733209738, "d1": -2.1518857579056165, "d2": -1.2063468799341428, "d3": -1.0320915188539561, "d4": -1.683386117692757, "p1": 6.834913417240973, "p2": 38.65988772856805, "p3": 35.26978610816964, "p4": 36.31207023393572, "pol1": 0.978126647933989, "pol2": -0.044977168951348734, "pol3": 0.7730831538981249, "pol4": -0.8596716891756719, "v0s": 2.1953845538787355}, "datetime": {"datetime": "2022-06-24 05:34:50", "elapsed": 4809.94009, "delta": 3.564548}}
{"target": -1.0, "params": {"Bgrad": 0.557988868984829, "d1": -0.11163748973807852, "d2": 0.3115778144080368, "d3": -0.2691628671352202, "d4": -2.21421679744044, "p1": 46.08150643184769, "p2": 19.992421631983476, "p3": 24.49632854384351, "p4": 15.82568959286193, "pol1": -0.0764636712584763, "pol2": -0.04288196098485786, "pol3": -0.36554129844219596, "pol4": -0.27513279245807, "v0s": 2.056125552790289}, "datetime": {"datetime": "2022-06-24 05:34:57", "elapsed": 4816.48076, "delta": 6.54067}}
{"target": 2.7132806438568355, "params": {"Bgrad": 1.0807970035830756, "d1": -1.2127767017878492, "d2": -1.9819056717432488, "d3": -1.3680512581423065, "d4": -1.1734494016743318, "p1": 12.96706555173914, "p2": 4.241935287867332, "p3": 29.182995788420435, "p4": 22.07685767756821, "pol1": 0.3601785342518499, "pol2": -0.3746941772106646, "pol3": -0.1960967479145837, "pol4": -0.20059404742460357, "v0s": 2.7132806438568355}, "datetime": {"datetime": "2022-06-24 05:35:03", "elapsed": 4822.599489, "delta": 6.118729}}
{"target": 3.7292612839718755, "params": {"Bgrad": 1.6902951427245896, "d1": -1.6314978975975098, "d2": 0.20802950456138206, "d3": -2.1402188479322732, "d4": -1.7914926578930177, "p1": 7.091171157101715, "p2": 36.50788084763295, "p3": 34.69413116794214, "p4": 34.574523921598015, "pol1": -0.15197462297172523, "pol2": 0.19216383977114, "pol3": -0.25144231492226593, "pol4": 0.05337297166777547, "v0s": 3.7292612839718755}, "datetime": {"datetime": "2022-06-24 05:35:07", "elapsed": 4826.869151, "delta": 4.269662}}
{"target": 4.550403128048669, "params": {"Bgrad": 1.8156953025610054, "d1": -2.6740633220506287, "d2": -2.1923316961792714, "d3": -2.6869428762456624, "d4": -1.8552874633062642, "p1": 5.368706274309515, "p2": 10.305717910162116, "p3": 32.87416362451092, "p4": 32.159852289376204, "pol1": -0.00723403561167868, "pol2": 0.8168791654383776, "pol3": 0.7895137717626173, "pol4": -0.18400640634614063, "v0s": 4.550403128048669}, "datetime": {"datetime": "2022-06-24 05:35:15", "elapsed": 4834.812547, "delta": 7.943396}}
{"target": 3.4809806339303737, "params": {"Bgrad": 1.9076375072265694, "d1": -0.7402541840785286, "d2": -0.3574808165882275, "d3": -1.6256951153046542, "d4": -1.7283983217530916, "p1": 8.225438524267942, "p2": 8.757234700693555, "p3": 36.38888632899994, "p4": 30.744427675380457, "pol1": 0.15349898513188243, "pol2": -0.2629056440828692, "pol3": 0.7635942765873236, "pol4": 0.49955162703593503, "v0s": 3.4809806339303737}, "datetime": {"datetime": "2022-06-24 05:35:22", "elapsed": 4841.13575, "delta": 6.323203}}
{"target": 3.4317324367833355, "params": {"Bgrad": 0.7941721988142944, "d1": -0.11899004077893505, "d2": 0.3552137895998766, "d3": -1.9896053025698852, "d4": -2.3357598229781704, "p1": 43.90504370674759, "p2": 18.641974275065355, "p3": 24.93339820960845, "p4": 13.957003005934359, "pol1": 0.47692936584935164, "pol2": 0.9372500076369363, "pol3": 0.9039417433686086, "pol4": -0.45401757661369313, "v0s": 3.4317324367833355}, "datetime": {"datetime": "2022-06-24 05:35:25", "elapsed": 4844.669356, "delta": 3.533606}}
{"target": 2.827450878127164, "params": {"Bgrad": 1.476013537324147, "d1": -1.9680119119122468, "d2": -1.1596526526038606, "d3": -0.43801821584067513, "d4": -0.8008386587990208, "p1": 4.809365274574212, "p2": 11.217061390126492, "p3": 35.823310986433206, "p4": 29.841317669359803, "pol1": -0.9280421299983934, "pol2": -0.0928990460541732, "pol3": 0.5434989755338981, "pol4": 0.684149521147096, "v0s": 2.827450878127164}, "datetime": {"datetime": "2022-06-24 05:35:30", "elapsed": 4849.406796, "delta": 4.73744}}
{"target": 4.795663159329362, "params": {"Bgrad": 0.7165401694496578, "d1": -2.744444376022793, "d2": 0.45584858242347925, "d3": -0.346745060838896, "d4": -1.1149719739825756, "p1": 5.242036870283984, "p2": 10.402068061884773, "p3": 38.87881741103239, "p4": 29.228668029761607, "pol1": -0.744459956746814, "pol2": -0.8846728257280043, "pol3": -0.34205633932555957, "pol4": -0.9762344470225115, "v0s": 4.795663159329362}, "datetime": {"datetime": "2022-06-24 05:35:35", "elapsed": 4854.343669, "delta": 4.936873}}
{"target": -1.0, "params": {"Bgrad": 1.746547847764365, "d1": -2.866440592012031, "d2": -1.0795919078477674, "d3": -1.8505141426004243, "d4": -2.6491059511894233, "p1": 7.289109818595129, "p2": 37.384543942584656, "p3": 34.166401660440044, "p4": 33.91831032583336, "pol1": -0.44324804902282744, "pol2": 0.4586132508351106, "pol3": 0.7845986280382489, "pol4": 0.5800376694661236, "v0s": 5.5888049961480855}, "datetime": {"datetime": "2022-06-24 05:35:46", "elapsed": 4865.620725, "delta": 11.277056}}
{"target": 3.8508204639781503, "params": {"Bgrad": 1.382149802108216, "d1": -1.5665823089912343, "d2": 0.1535184595841933, "d3": -2.5948834298451304, "d4": -1.1153475679498244, "p1": 7.693780603702656, "p2": 36.80972785269853, "p3": 34.96347453304722, "p4": 35.34870353829682, "pol1": -0.33739799920769165, "pol2": 0.3244490416542191, "pol3": -0.7518012178085866, "pol4": 0.28885281486842757, "v0s": 3.8508204639781503}, "datetime": {"datetime": "2022-06-24 05:35:51", "elapsed": 4870.453887, "delta": 4.833162}}
{"target": 5.129530703341363, "params": {"Bgrad": 1.9258512637351655, "d1": -2.158969505238677, "d2": 0.20060860317683016, "d3": -1.542628244001233, "d4": -0.3336014732920951, "p1": 3.9483738450948436, "p2": 7.915748247363147, "p3": 38.48771478856012, "p4": 27.908563257466152, "pol1": 0.8580405441076091, "pol2": -0.5326182646275979, "pol3": -0.8289319988888932, "pol4": 0.7957605317247576, "v0s": 5.129530703341363}, "datetime": {"datetime": "2022-06-24 05:35:57", "elapsed": 4876.78906, "delta": 6.335173}}
{"target": 2.3275585811813455, "params": {"Bgrad": 1.4012427339800242, "d1": -2.7259817048432744, "d2": -0.44575314075656225, "d3": -0.7689656879362148, "d4": 0.7939799394177531, "p1": 4.150233572647677, "p2": 13.279233533761664, "p3": 32.77236224924919, "p4": 29.113000892393487, "pol1": 0.0073621890238697585, "pol2": 0.14134537325573082, "pol3": 0.9656242307531475, "pol4": -0.2919557856288839, "v0s": 2.3275585811813455}, "datetime": {"datetime": "2022-06-24 05:36:05", "elapsed": 4884.656163, "delta": 7.867103}}
{"target": 4.247690975920228, "params": {"Bgrad": 0.687507628411024, "d1": -1.4402245255862016, "d2": 0.5405342391121949, "d3": -1.629629861972124, "d4": -1.0388119793854815, "p1": 1.107964731957195, "p2": 11.016395387047957, "p3": 34.75571043378281, "p4": 26.425363618186807, "pol1": -0.007049248159242748, "pol2": -0.22449408654817388, "pol3": -0.4718854981214757, "pol4": -0.052803178988159394, "v0s": 4.247690975920228}, "datetime": {"datetime": "2022-06-24 05:36:09", "elapsed": 4888.787204, "delta": 4.131041}}
{"target": 3.1170939362343963, "params": {"Bgrad": 1.273771402270343, "d1": -1.956819984677601, "d2": -0.07236291751283419, "d3": -1.1888864905986107, "d4": -1.071207115743694, "p1": 5.338890597701212, "p2": 10.962128672285687, "p3": 34.985253056346124, "p4": 25.686867094718675, "pol1": 0.17939147608550576, "pol2": -0.9339506404557179, "pol3": 0.7486382794994746, "pol4": 0.6818345695424939, "v0s": 3.1170939362343963}, "datetime": {"datetime": "2022-06-24 05:36:14", "elapsed": 4894.022289, "delta": 5.235085}}
{"target": -1.0, "params": {"Bgrad": 1.554138870701974, "d1": -1.2217394435780533, "d2": -0.4125599630055343, "d3": -0.34268131752872044, "d4": -1.9921166490871762, "p1": 0.24314523560767243, "p2": 9.772472442139673, "p3": 34.74476739673006, "p4": 26.693001386902548, "pol1": 0.5884022833163882, "pol2": 0.6755108576143525, "pol3": -0.8112696832214588, "pol4": 0.1982767527095053, "v0s": 5.037003712649496}, "datetime": {"datetime": "2022-06-24 05:36:26", "elapsed": 4905.447937, "delta": 11.425648}}
{"target": -1.0, "params": {"Bgrad": 0.5365267294713763, "d1": -2.7916580362626418, "d2": -2.2921205315415536, "d3": 0.24757854607807417, "d4": -0.9448158984540331, "p1": 4.975726274576509, "p2": 12.854720986690332, "p3": 37.95408714172749, "p4": 29.22836212658187, "pol1": -0.5572434577396754, "pol2": 0.7395449437107116, "pol3": 0.22745593650605533, "pol4": -0.9327234485392475, "v0s": 3.901004057534414}, "datetime": {"datetime": "2022-06-24 05:36:49", "elapsed": 4928.187516, "delta": 22.739579}}
{"target": -1.0, "params": {"Bgrad": 1.7587577963719607, "d1": -0.35980215962846396, "d2": -0.5895022047817369, "d3": -0.49453846101723054, "d4": -0.8354718958187579, "p1": 28.300468177511807, "p2": 24.48924817268877, "p3": 6.367130849054886, "p4": 43.62180866874542, "pol1": -0.09183539849282751, "pol2": -0.31445218791025775, "pol3": -0.6286372076832818, "pol4": -0.5636705059001128, "v0s": 2.249212555600101}, "datetime": {"datetime": "2022-06-24 05:36:54", "elapsed": 4933.209152, "delta": 5.021636}}
{"target": 3.8431981914633297, "params": {"Bgrad": 1.4186832523910085, "d1": -1.2005217667152777, "d2": 0.30027357758176515, "d3": -0.4268341443642968, "d4": -0.7907130269978512, "p1": 1.4681037252269686, "p2": 32.576811916368, "p3": 17.341296730956717, "p4": 10.918121016520125, "pol1": -0.15586945647609796, "pol2": -0.21632845302994902, "pol3": 0.018523163902888384, "pol4": 1.0, "v0s": 3.8431981914633297}, "datetime": {"datetime": "2022-06-24 05:37:01", "elapsed": 4940.153218, "delta": 6.944066}}
{"target": 2.6239364683933273, "params": {"Bgrad": 1.5149579698311453, "d1": -2.2348695165819863, "d2": -0.16570337825487513, "d3": -0.4803293971017166, "d4": -1.4154758175731077, "p1": 4.076078496450708, "p2": 7.776701206527836, "p3": 36.646237650486725, "p4": 26.943129679829557, "pol1": 0.2906772475109902, "pol2": -0.9014162801978096, "pol3": -0.4800066673882555, "pol4": -0.3655054399832476, "v0s": 2.6239364683933273}, "datetime": {"datetime": "2022-06-24 05:37:07", "elapsed": 4946.155801, "delta": 6.002583}}
{"target": 3.9182993355409854, "params": {"Bgrad": 1.5948902089239734, "d1": -2.41327224937172, "d2": -1.4475329704169297, "d3": -2.1983269612240637, "d4": -0.751627171770699, "p1": 11.6382260271508, "p2": 4.685064792088683, "p3": 29.881894726670012, "p4": 22.878404918177548, "pol1": -0.0038233897133810313, "pol2": -0.49147659797546117, "pol3": -0.0565233541703658, "pol4": -0.6184908492251318, "v0s": 3.9182993355409854}, "datetime": {"datetime": "2022-06-24 05:37:12", "elapsed": 4951.525036, "delta": 5.369235}}
{"target": -1.0, "params": {"Bgrad": 0.6904548242130302, "d1": -2.6330724736470743, "d2": -1.1481931592419978, "d3": -1.5190183834507942, "d4": -1.0610832787045728, "p1": 44.0486959946394, "p2": 19.93910624254428, "p3": 25.32204179730573, "p4": 15.853453255321092, "pol1": -0.8712326892350157, "pol2": 0.3584974752501282, "pol3": -0.3526024765586546, "pol4": -0.43768256171200415, "v0s": 2.55591320405742}, "datetime": {"datetime": "2022-06-24 05:37:19", "elapsed": 4958.504051, "delta": 6.979015}}
{"target": -1.0, "params": {"Bgrad": 1.7880419936137573, "d1": -1.2262933875826034, "d2": -0.14782514546128356, "d3": -0.2532358089808695, "d4": -1.662299465676628, "p1": 38.95990188518606, "p2": 21.899561497685376, "p3": 18.095704979023232, "p4": 18.40064688243973, "pol1": -0.08999178124357132, "pol2": 0.16054207647166852, "pol3": -0.36074507208593354, "pol4": -0.30551869258064457, "v0s": 5.904964912037961}, "datetime": {"datetime": "2022-06-24 05:37:31", "elapsed": 4970.410933, "delta": 11.906882}}
