{"target": 2.2343286993972944, "params": {"Bgrad": 1.03405806735956, "d1": -0.3181299592863911, "d2": -1.3307807905314921, "d3": -0.7652406862169934, "d4": -2.438452245619065, "p1": 9.90507445424394, "p2": 40.03722843377683, "p3": 48.41307878596987, "p4": 15.671208907962143, "pol1": 0.38464523133862816, "pol2": 0.7527783045920766, "pol3": 0.7892133270076946, "pol4": -0.8299115772604442, "v0s": 2.2343286993972944}, "datetime": {"datetime": "2022-04-08 17:01:11", "elapsed": 0.0, "delta": 0.0}}
{"target": -1.0, "params": {"Bgrad": 3.8116931815090935, "d1": 0.5125700137176525, "d2": -2.6066126646677996, "d3": -1.3155694999797913, "d4": 0.8315581206020077, "p1": 26.658264248650852, "p2": 34.593855697523665, "p3": 15.775781550303147, "p4": 34.32504638407919, "pol1": 0.6692513437947458, "pol2": -0.9634234453116164, "pol3": 0.5002886298899349, "pol4": 0.9777221778129894, "v0s": 6.488993926279036}, "datetime": {"datetime": "2022-04-08 17:01:19", "elapsed": 8.115911, "delta": 8.115911}}
{"target": -1.0, "params": {"Bgrad": 5.968657845255901, "d1": 0.15711731380595406, "d2": -2.587095973689432, "d3": -1.2084258952963793, "d4": 0.6343820123723822, "p1": 14.680707418683975, "p2": 14.388766929317438, "p3": 6.501428605913883, "p4": 0.9683478935148537, "pol1": 0.3576710658797819, "pol2": -0.5767437679998819, "pol3": -0.4689066812555476, "pol4": -0.01685368143932342, "v0s": 2.3201752707024825}, "datetime": {"datetime": "2022-04-08 17:01:26", "elapsed": 14.7044, "delta": 6.588489}}
{"target": -1.0, "params": {"Bgrad": 11.695293307094255, "d1": -2.4130857003767594, "d2": -0.642777852386863, "d3": -0.20096655991627532, "d4": -2.5906622846886966, "p1": 20.702799390978416, "p2": 34.72000788638726, "p3": 20.708963476345133, "p4": 2.497672947304358, "pol1": 0.07179281183102315, "pol2": 0.32758929043957763, "pol3": 0.029778224116617125, "pol4": 0.8891895119816267, "v0s": 5.519330243011957}, "datetime": {"datetime": "2022-04-08 17:01:36", "elapsed": 24.385182, "delta": 9.680782}}
{"target": 4.093390051867055, "params": {"Bgrad": 18.116337348113728, "d1": -2.45010118341505, "d2": -2.442894610996966, "d3": 0.22956515483809525, "d4": -1.4092926520578657, "p1": 8.26770985584664, "p2": 46.37542901980169, "p3": 17.388292987275328, "p4": 37.54060515680778, "pol1": 0.4519959707009029, "pol2": 0.7666121824116197, "pol3": 0.24734441411121777, "pol4": 0.5018848680546744, "v0s": 4.093390051867055}, "datetime": {"datetime": "2022-04-08 17:01:55", "elapsed": 43.784632, "delta": 19.39945}}
{"target": -1.0, "params": {"Bgrad": 5.763593889418009, "d1": 0.5835448727842674, "d2": -1.2876352405148204, "d3": 0.8593601885935422, "d4": -0.3462340087262077, "p1": 31.08478601045609, "p2": 5.7372986476687595, "p3": 47.474462935353564, "p4": 22.495606673997028, "pol1": 0.15677922877426353, "pol2": -0.18372639447743766, "pol3": -0.5259460395139446, "pol4": 0.8067590411245076, "v0s": 5.442076920033715}, "datetime": {"datetime": "2022-04-08 17:02:11", "elapsed": 59.7826, "delta": 15.997968}}
{"target": -1.0, "params": {"Bgrad": 0.5559713771075999, "d1": -0.5314203455171045, "d2": -1.6934203929116154, "d3": -0.8917675909695628, "d4": 0.543768397243098, "p1": 17.86348800012499, "p2": 45.42675754598996, "p3": 31.168005789590136, "p4": 0.7910621423278141, "pol1": 0.8588744674875226, "pol2": 0.3817938350338479, "pol3": 0.994645700902961, "pol4": -0.6553189833093429, "v0s": 2.8228144977732663}, "datetime": {"datetime": "2022-04-08 17:02:18", "elapsed": 67.083194, "delta": 7.300594}}
{"target": -1.0, "params": {"Bgrad": 18.68561152922469, "d1": -0.21272735404039933, "d2": -2.73599930911175, "d3": 0.021852210409865513, "d4": 0.015504753844985508, "p1": 46.15122677732417, "p2": 35.576237931423584, "p3": 6.213548098608235, "p4": 0.9940066919897794, "pol1": -0.9475780262445614, "pol2": -0.9433870239584108, "pol3": -0.5075778647939082, "pol4": 0.720055897365776, "v0s": 5.232986386049917}, "datetime": {"datetime": "2022-04-08 17:02:39", "elapsed": 87.234657, "delta": 20.151463}}
{"target": -1.0, "params": {"Bgrad": 11.280028584372435, "d1": 0.36812356943842284, "d2": -2.5033067395203554, "d3": -1.883265283955442, "d4": -0.6569629141668485, "p1": 48.47978741598373, "p2": 28.051510962785496, "p3": 0.9323644686471511, "p4": 40.03163363403082, "pol1": -0.5340514523179591, "pol2": 0.6142103912375583, "pol3": -0.2242787118716565, "pol4": 0.7270837091188573, "v0s": 6.4827298564231075}, "datetime": {"datetime": "2022-04-08 17:02:48", "elapsed": 96.562345, "delta": 9.327688}}
{"target": 3.2197594079659426, "params": {"Bgrad": 11.346684562813168, "d1": -2.45417909735726, "d2": -2.7603292419511534, "d3": -2.5146261770370506, "d4": -2.821792485820953, "p1": 5.374706455304645, "p2": 11.285466930392735, "p3": 35.64944901913383, "p4": 27.98584910270712, "pol1": -0.9748880396817683, "pol2": -0.8560514406210264, "pol3": 0.934552660000544, "pol4": 0.13620092383988425, "v0s": 3.2197594079659426}, "datetime": {"datetime": "2022-04-08 17:03:01", "elapsed": 109.220203, "delta": 12.657858}}
{"target": -1.0, "params": {"Bgrad": 5.420352019121307, "d1": -0.02469658369962824, "d2": -2.218282075562725, "d3": -0.6745642909069689, "d4": 0.8800799563532493, "p1": 42.34144007450176, "p2": 11.992387957379307, "p3": 24.6884857134365, "p4": 30.99778591906899, "pol1": 0.6579617991003575, "pol2": -0.6864172107078315, "pol3": -0.962847595645181, "pol4": -0.8599557125615553, "v0s": 4.91807066562219}, "datetime": {"datetime": "2022-04-08 17:03:17", "elapsed": 125.917837, "delta": 16.697634}}
{"target": -1.0, "params": {"Bgrad": 12.323424502239941, "d1": -0.7245942516540747, "d2": -1.730550362711357, "d3": 0.9544646176497955, "d4": -0.6810191230168123, "p1": 19.00705863117752, "p2": 27.54741095589484, "p3": 37.266721545325105, "p4": 33.46164467265923, "pol1": -0.4701608846743812, "pol2": -0.8673303311431169, "pol3": -0.2598316041717874, "pol4": 0.25943501404312896, "v0s": 3.2610440594890377}, "datetime": {"datetime": "2022-04-08 17:03:40", "elapsed": 148.223042, "delta": 22.305205}}
{"target": -1.0, "params": {"Bgrad": 15.17873329790687, "d1": -2.7338540745835402, "d2": -1.9587396056858362, "d3": 0.21901825497338168, "d4": -2.226262869506689, "p1": 31.973044043997007, "p2": 26.233515456186684, "p3": 46.240398519967535, "p4": 13.164838524355549, "pol1": -0.8680778186319524, "pol2": 0.47013192657733893, "pol3": 0.5443560590864935, "pol4": 0.8156317050070481, "v0s": 7.591832415181024}, "datetime": {"datetime": "2022-04-08 17:03:52", "elapsed": 160.318907, "delta": 12.095865}}
{"target": -1.0, "params": {"Bgrad": 0.7720556730241418, "d1": -2.062551655514318, "d2": -0.5328865719933695, "d3": 0.7960652827504657, "d4": 0.8007044769883187, "p1": 27.83265940975782, "p2": 45.78031748831373, "p3": 32.07831044731687, "p4": 19.50038570706231, "pol1": -0.02801866580618051, "pol2": 0.2086209658399465, "pol3": 0.09909584301712515, "pol4": 0.8523628534129073, "v0s": 7.512400613801637}, "datetime": {"datetime": "2022-04-08 17:03:57", "elapsed": 165.910053, "delta": 5.591146}}
{"target": -1.0, "params": {"Bgrad": 8.200074452009321, "d1": 0.8530501137628472, "d2": -2.3041773332781426, "d3": -2.4946819222414507, "d4": -2.4596833678130747, "p1": 25.283108283844836, "p2": 1.076240263709899, "p3": 47.39851056088405, "p4": 41.355773558536626, "pol1": -0.9699620385157552, "pol2": -0.6476074888498895, "pol3": -0.33587285126632604, "pol4": -0.7380063103781662, "v0s": 6.8569441527594925}, "datetime": {"datetime": "2022-04-08 17:04:15", "elapsed": 183.358187, "delta": 17.448134}}
{"target": -1.0, "params": {"Bgrad": 7.222364727324222, "d1": 0.7604299293334686, "d2": -0.6719432802116798, "d3": 0.5153279376473763, "d4": 0.37893778156888747, "p1": 45.26961593543246, "p2": 22.99401329084035, "p3": 27.317340801018663, "p4": 39.93017955760197, "pol1": -0.42856229653170486, "pol2": -0.019492954760144565, "pol3": 0.19822061529175672, "pol4": -0.9689334488983286, "v0s": 5.560888449179823}, "datetime": {"datetime": "2022-04-08 17:04:25", "elapsed": 193.388039, "delta": 10.029852}}
{"target": -1.0, "params": {"Bgrad": 8.956688805294437, "d1": 0.22944211553936578, "d2": -1.7390207876185082, "d3": 0.5715548341006054, "d4": -0.6885711388618581, "p1": 9.200510081373253, "p2": 39.39646169127521, "p3": 30.601558852246697, "p4": 2.6954636036876476, "pol1": -0.15961263999773556, "pol2": 0.3581376731308592, "pol3": 0.8372035559550517, "pol4": -0.9991959502172851, "v0s": 7.8605548941863574}, "datetime": {"datetime": "2022-04-08 17:04:35", "elapsed": 203.675699, "delta": 10.28766}}
{"target": -1.0, "params": {"Bgrad": 7.843316137542602, "d1": 0.8951341534332902, "d2": -0.5811355961037878, "d3": 0.31538323192277185, "d4": -0.7011539811675909, "p1": 31.40380991536752, "p2": 14.278814084784697, "p3": 29.341667032804146, "p4": 37.501088185133, "pol1": 0.7166276728580847, "pol2": 0.5101643769353603, "pol3": 0.396114496894606, "pol4": 0.7289588601091996, "v0s": 3.9360859810204785}, "datetime": {"datetime": "2022-04-08 17:04:53", "elapsed": 221.636998, "delta": 17.961299}}
{"target": -1.0, "params": {"Bgrad": 13.580381420357952, "d1": -1.1965042543466033, "d2": -1.471588991873931, "d3": -1.3567546003112576, "d4": -1.3940816661218376, "p1": 15.869197297913844, "p2": 31.095968396015074, "p3": 21.512363541063216, "p4": 48.690103896362615, "pol1": 0.3556017828686222, "pol2": -0.6028602231457783, "pol3": -0.14659798130393442, "pol4": -0.31330752045115395, "v0s": 6.7858328237514}, "datetime": {"datetime": "2022-04-08 17:05:04", "elapsed": 232.359017, "delta": 10.722019}}
{"target": -1.0, "params": {"Bgrad": 17.659966626986918, "d1": 0.6153678233054878, "d2": -0.3491207504989511, "d3": -1.9191669518809689, "d4": -1.990533193981641, "p1": 42.74489713487012, "p2": 26.385732315437334, "p3": 40.1080542002299, "p4": 28.624425859580317, "pol1": 0.46628505057502223, "pol2": 0.03802325492811165, "pol3": 0.541767821003776, "pol4": 0.1377159814094311, "v0s": 4.794259271551885}, "datetime": {"datetime": "2022-04-08 17:05:15", "elapsed": 243.462024, "delta": 11.103007}}
{"target": -1.0, "params": {"Bgrad": 7.182433705088995, "d1": -2.7271626063331835, "d2": -1.4883032826876006, "d3": -2.6814956892069906, "d4": 0.93126845492178, "p1": 9.080642566538188, "p2": 40.59293488602699, "p3": 43.748082247794905, "p4": 34.42066261929717, "pol1": 0.13898882549075142, "pol2": -0.6780571263687825, "pol3": -0.06623995447338737, "pol4": -0.30965589768957, "v0s": 3.3502397468845073}, "datetime": {"datetime": "2022-04-08 17:05:36", "elapsed": 264.296714, "delta": 20.83469}}
{"target": -1.0, "params": {"Bgrad": 12.053981440933036, "d1": -1.7509206491923321, "d2": 0.665222213873403, "d3": 0.6385420998062283, "d4": -1.9715268248712152, "p1": 5.54456503720146, "p2": 9.648136600955642, "p3": 24.979208533944302, "p4": 36.42928339872981, "pol1": -0.583611123182417, "pol2": -0.5039328832455385, "pol3": 0.703343749872734, "pol4": -0.16830256346494532, "v0s": 5.700110402931417}, "datetime": {"datetime": "2022-04-08 17:05:46", "elapsed": 275.153381, "delta": 10.856667}}
{"target": -1.0, "params": {"Bgrad": 5.056489715165376, "d1": -2.5921309622968103, "d2": -0.9365719321258807, "d3": -1.0914360518008706, "d4": -2.389313423627347, "p1": 31.090311587020775, "p2": 27.200505940696907, "p3": 32.706867348537216, "p4": 7.22727700623299, "pol1": 0.5030556342704877, "pol2": -0.5559017204001546, "pol3": 0.038703648732066, "pol4": 0.5705920564432378, "v0s": 2.133982567950837}, "datetime": {"datetime": "2022-04-08 17:05:54", "elapsed": 282.64945, "delta": 7.496069}}
{"target": -1.0, "params": {"Bgrad": 6.8250679646606365, "d1": 0.4916895056004442, "d2": 0.37883843040827836, "d3": -0.8462376296218252, "d4": 0.4664330966660519, "p1": 47.490299567681326, "p2": 41.32034988146707, "p3": 42.70577219182694, "p4": 4.937170091017418, "pol1": 0.3026086646819821, "pol2": 0.4070339763053059, "pol3": 0.22048162529325932, "pol4": 0.5992305234720561, "v0s": 2.2074273192298053}, "datetime": {"datetime": "2022-04-08 17:06:18", "elapsed": 306.238772, "delta": 23.589322}}
{"target": -1.0, "params": {"Bgrad": 15.519655323822109, "d1": -0.07308559704189221, "d2": -1.9612064268065876, "d3": -1.9717228047114133, "d4": -0.4707867302794888, "p1": 17.26487307955408, "p2": 39.82943390036438, "p3": 22.307311600172863, "p4": 39.137470739208595, "pol1": 0.9809435672476814, "pol2": -0.39950332093219987, "pol3": -0.7139883434838012, "pol4": 0.8026168726985476, "v0s": 5.249356273324239}, "datetime": {"datetime": "2022-04-08 17:06:26", "elapsed": 314.887776, "delta": 8.649004}}
{"target": -1.0, "params": {"Bgrad": 19.507437231674103, "d1": -0.4535823999924111, "d2": 0.9756520984419157, "d3": -0.8157167834281935, "d4": -0.8942962643779149, "p1": 6.771395153608495, "p2": 17.785258549194054, "p3": 1.3109283648186643, "p4": 8.019758975982455, "pol1": 0.49127438541499213, "pol2": -0.9392006201424223, "pol3": -0.2669138055125113, "pol4": 0.7246925056760882, "v0s": 6.156066305044126}, "datetime": {"datetime": "2022-04-08 17:06:38", "elapsed": 327.099807, "delta": 12.212031}}
{"target": -1.0, "params": {"Bgrad": 13.973371770290287, "d1": -2.2454527961787565, "d2": -1.2323828770063066, "d3": -0.6736903706228352, "d4": 0.959006830654821, "p1": 10.195311261656093, "p2": 12.386645088117742, "p3": 13.108654188645597, "p4": 37.50862066489964, "pol1": -0.0860493451286144, "pol2": -0.88614112317781, "pol3": 0.01703248122047918, "pol4": -0.5760796707126481, "v0s": 6.791625468561261}, "datetime": {"datetime": "2022-04-08 17:06:49", "elapsed": 337.522605, "delta": 10.422798}}
{"target": -1.0, "params": {"Bgrad": 6.297961939391809, "d1": -2.8895759521819855, "d2": -0.6262702021415159, "d3": 0.3753617157247553, "d4": -1.4759355037511432, "p1": 37.49291553630717, "p2": 25.55707391485641, "p3": 27.047590248109433, "p4": 47.97171605308762, "pol1": 0.6079217829972936, "pol2": -0.935353866752852, "pol3": 0.4187745024625902, "pol4": -0.06999703687298786, "v0s": 7.685293648370599}, "datetime": {"datetime": "2022-04-08 17:07:10", "elapsed": 358.542719, "delta": 21.020114}}
{"target": -1.0, "params": {"Bgrad": 4.817938319308022, "d1": -1.9317119212625369, "d2": -2.674104140490952, "d3": -1.2855246853448539, "d4": -2.563924943923727, "p1": 31.68933803059589, "p2": 40.14816186868689, "p3": 34.84002480600893, "p4": 38.31056905378853, "pol1": -0.3150917603129604, "pol2": 0.6917029660553553, "pol3": -0.1424624500011149, "pol4": 0.6480197408246375, "v0s": 5.758976951745763}, "datetime": {"datetime": "2022-04-08 17:07:18", "elapsed": 366.542947, "delta": 8.000228}}
{"target": 4.844023559373165, "params": {"Bgrad": 3.2967494490697757, "d1": -2.686452400580208, "d2": -2.926669428347971, "d3": -2.733100009442574, "d4": -1.1656647451662727, "p1": 5.667096138379524, "p2": 1.3891674424334977, "p3": 37.74307406952337, "p4": 19.742524023031972, "pol1": 0.49387699121505024, "pol2": -0.0951903465070969, "pol3": -0.09982650599847775, "pol4": -0.04385498656433806, "v0s": 4.844023559373165}, "datetime": {"datetime": "2022-04-08 17:07:31", "elapsed": 379.192812, "delta": 12.649865}}
{"target": -1.0, "params": {"Bgrad": 4.125001641628092, "d1": -1.1462710498943123, "d2": 0.3249484315280977, "d3": -1.0023416181641984, "d4": 0.7516718352333953, "p1": 41.438883225368514, "p2": 15.828285713501945, "p3": 16.181738887127423, "p4": 35.063395593430336, "pol1": -0.9295478438313143, "pol2": 0.9085741708839397, "pol3": -0.8652370298845877, "pol4": -0.11326039293939116, "v0s": 3.5635201204414373}, "datetime": {"datetime": "2022-04-08 17:08:16", "elapsed": 424.506356, "delta": 45.313544}}
{"target": 3.157387146789235, "params": {"Bgrad": 9.631247275783782, "d1": -2.8932535578044485, "d2": -2.7961802256128223, "d3": -2.835122553393059, "d4": -2.833118875593379, "p1": 6.404898513060569, "p2": 8.324238481889147, "p3": 36.959216049333406, "p4": 26.62244058221297, "pol1": 0.9418477626566191, "pol2": -0.9864202339564205, "pol3": 0.3514721951715136, "pol4": -0.8531672455747747, "v0s": 3.157387146789235}, "datetime": {"datetime": "2022-04-08 17:08:31", "elapsed": 440.054558, "delta": 15.548202}}
{"target": 4.469964735881658, "params": {"Bgrad": 4.489571383358232, "d1": -2.11210159866694, "d2": -3.0, "d3": -2.6660387700368946, "d4": -0.6863937009861277, "p1": 1.0981516692760656, "p2": 6.469258910296434, "p3": 40.174024744353446, "p4": 19.184869096701043, "pol1": -1.0, "pol2": 0.5680474702461928, "pol3": 1.0, "pol4": 1.0, "v0s": 4.469964735881658}, "datetime": {"datetime": "2022-04-08 17:08:47", "elapsed": 455.46962, "delta": 15.415062}}
{"target": -1.0, "params": {"Bgrad": 19.83027917579984, "d1": -3.0, "d2": -2.6547129585214, "d3": 1.0, "d4": -2.845081157292934, "p1": 3.0600937178296066, "p2": 49.95949285472936, "p3": 9.295065979477169, "p4": 36.06824656075737, "pol1": -0.24649939019560443, "pol2": 1.0, "pol3": 1.0, "pol4": 0.37048458044062477, "v0s": 2.2524708304935652}, "datetime": {"datetime": "2022-04-08 17:09:40", "elapsed": 508.972477, "delta": 53.502857}}
{"target": -1.0, "params": {"Bgrad": 8.572245023400871, "d1": -1.7858392324834982, "d2": -3.0, "d3": -2.6774321412176025, "d4": 1.0, "p1": 3.549209212366079, "p2": 2.4555366564477983, "p3": 37.63865261815712, "p4": 20.536153479039662, "pol1": -1.0, "pol2": 0.4730157239842705, "pol3": 1.0, "pol4": 1.0, "v0s": 6.229192615615083}, "datetime": {"datetime": "2022-04-08 17:10:00", "elapsed": 528.87707, "delta": 19.904593}}
{"target": 4.040725661671426, "params": {"Bgrad": 2.4901674750673695, "d1": -2.679256909979197, "d2": -2.935501254034569, "d3": -2.7155132681153917, "d4": -1.750670826186558, "p1": 3.7965130185631595, "p2": 4.384964598981364, "p3": 39.130797704663465, "p4": 19.539764567072826, "pol1": 0.1570990314424373, "pol2": 0.03949121213416902, "pol3": 0.18039107761556464, "pol4": 0.15899010819126067, "v0s": 4.040725661671426}, "datetime": {"datetime": "2022-04-08 17:10:12", "elapsed": 540.697662, "delta": 11.820592}}
{"target": -1.0, "params": {"Bgrad": 3.226695784073049, "d1": -3.0, "d2": -2.8556265433719785, "d3": -2.7652765605210274, "d4": -2.509323899286306, "p1": 6.876373951588155, "p2": 2.966924557734789, "p3": 37.31860718730017, "p4": 21.61225501719605, "pol1": 1.0, "pol2": -0.6036863616200475, "pol3": -0.40247477125855, "pol4": -0.6592974819811808, "v0s": 3.84297899826716}, "datetime": {"datetime": "2022-04-08 17:10:27", "elapsed": 555.605048, "delta": 14.907386}}
{"target": 3.217246865242404, "params": {"Bgrad": 9.9230062988365, "d1": -2.581604212402881, "d2": -2.8085511705379136, "d3": -2.658910690033802, "d4": -2.6398038950696363, "p1": 4.895466058576825, "p2": 10.180410494856993, "p3": 36.95095424279541, "p4": 26.458394187328604, "pol1": -0.285156647233151, "pol2": -0.7102676320347886, "pol3": 0.7951091653093895, "pol4": -0.10130758538826261, "v0s": 3.217246865242404}, "datetime": {"datetime": "2022-04-08 17:10:39", "elapsed": 567.456075, "delta": 11.851027}}
{"target": -1.0, "params": {"Bgrad": 18.121068482629212, "d1": -2.916054750838004, "d2": -2.4933941132464335, "d3": 0.5450618387595233, "d4": -1.0410131708647523, "p1": 7.884542558500435, "p2": 46.75205628438429, "p3": 19.59518114323673, "p4": 37.72130210607276, "pol1": 0.6128128328117506, "pol2": 0.9990908747266265, "pol3": 0.20379142316758841, "pol4": 0.4708129178877327, "v0s": 4.581746260066276}, "datetime": {"datetime": "2022-04-08 17:10:51", "elapsed": 579.235268, "delta": 11.779193}}
{"target": -1.0, "params": {"Bgrad": 8.492091545665577, "d1": -1.5762816542035583, "d2": -1.7438501755266724, "d3": -1.5665587267998595, "d4": -2.2750894039726712, "p1": 3.0838304851352474, "p2": 8.663755343145507, "p3": 37.470308643864826, "p4": 27.31316979479056, "pol1": -0.5673919372393998, "pol2": 0.5370433998219737, "pol3": 0.9658016674348613, "pol4": -0.40260410517769496, "v0s": 5.502419334371901}, "datetime": {"datetime": "2022-04-08 17:11:11", "elapsed": 600.088334, "delta": 20.853066}}
{"target": -1.0, "params": {"Bgrad": 2.9868111203004646, "d1": -1.2759851171377297, "d2": -1.7127517106396644, "d3": -0.9968439307605874, "d4": -2.3240819426225436, "p1": 6.031310341734864, "p2": 6.663405114585752, "p3": 39.55925408350113, "p4": 19.897295217259792, "pol1": 0.07386337536259568, "pol2": -0.885250218069269, "pol3": 0.42139960644055674, "pol4": 0.2318587668394121, "v0s": 3.916396280392632}, "datetime": {"datetime": "2022-04-08 17:11:23", "elapsed": 611.75931, "delta": 11.670976}}
{"target": 3.451451185340158, "params": {"Bgrad": 8.814953691026595, "d1": -0.9473732576998545, "d2": -1.1932479871407322, "d3": -2.2736310076348962, "d4": -1.7451584090834995, "p1": 22.986525273126738, "p2": 29.206210957308148, "p3": 2.4078420440336195, "p4": 29.81769217281104, "pol1": -0.315642686844509, "pol2": -0.13432996659796542, "pol3": 0.7882309135150403, "pol4": 0.32688061824725345, "v0s": 3.451451185340158}, "datetime": {"datetime": "2022-04-08 17:11:35", "elapsed": 623.89955, "delta": 12.14024}}
{"target": 2.3891845683147253, "params": {"Bgrad": 17.828856791627636, "d1": -1.6436840677893163, "d2": -1.5297764428638074, "d3": -2.8648987599956164, "d4": -0.20384257579018383, "p1": 6.253603302114402, "p2": 44.90021592108812, "p3": 17.624054905601692, "p4": 37.06565506760745, "pol1": -0.2594548083766075, "pol2": -0.6092246051191264, "pol3": -0.87443147487389, "pol4": 0.42679223542518363, "v0s": 2.3891845683147253}, "datetime": {"datetime": "2022-04-08 17:11:49", "elapsed": 637.716877, "delta": 13.817327}}
{"target": -1.0, "params": {"Bgrad": 8.13957898486364, "d1": -0.22721197464017484, "d2": -2.037996353803435, "d3": -1.3114426920090723, "d4": 0.4689653703473007, "p1": 24.259683325205017, "p2": 31.828974675839845, "p3": 4.785767631737753, "p4": 32.840908654927205, "pol1": 0.32497374033617255, "pol2": 0.7878363939538675, "pol3": 0.14158002281990467, "pol4": 0.5875179850067747, "v0s": 3.556397809347408}, "datetime": {"datetime": "2022-04-08 17:12:01", "elapsed": 649.313105, "delta": 11.596228}}
