{"target": 4.659608452336856, "params": {"Bgrad": 1.9206281776888343, "d1": -2.9041879328171483, "d2": 0.6994414437933738, "d3": -1.7182702038844737, "d4": -1.420540949052831, "p1": 7.544169002865264, "p2": 22.063579953230466, "p3": 44.40123759641766, "p4": 21.423765280938255, "pol1": 0.2587168987488655, "pol2": -0.5914005743719668, "pol3": -0.6963227039204336, "pol4": 0.5071309706663671, "v0s": 4.659608452336856}, "datetime": {"datetime": "2022-05-17 17:56:12", "elapsed": 79987.759472, "delta": 24.961238}}
{"target": 4.288882407884399, "params": {"Bgrad": 0.5291568046378827, "d1": -0.89322190817239, "d2": 0.4390640472477894, "d3": -3.0, "d4": -1.3477843358175703, "p1": 22.829539357698575, "p2": 14.896863787452364, "p3": 33.85593404691409, "p4": 24.128899569593514, "pol1": -0.014381861927052484, "pol2": -1.0, "pol3": -1.0, "pol4": 1.0, "v0s": 4.288882407884399}, "datetime": {"datetime": "2022-05-17 17:56:51", "elapsed": 80026.642474, "delta": 38.883002}}
{"target": 5.087704861742149, "params": {"Bgrad": 2.0, "d1": -3.0, "d2": 1.0, "d3": -0.7914609105323576, "d4": -0.3277952440763424, "p1": 36.07851255305545, "p2": 7.978500963933308, "p3": 9.142797859055301, "p4": 30.84886706354628, "pol1": -0.7872762974993781, "pol2": 1.0, "pol3": -0.4996260175293263, "pol4": 0.7651738318489417, "v0s": 5.087704861742149}, "datetime": {"datetime": "2022-05-17 17:57:29", "elapsed": 80064.270833, "delta": 37.628359}}
{"target": -1.0, "params": {"Bgrad": 0.7447354364561587, "d1": -0.004174824863694138, "d2": 0.41947545428725963, "d3": -2.0880925695931922, "d4": -2.725002637255267, "p1": 1.056249942585774, "p2": 29.787830400622934, "p3": 14.869418875323486, "p4": 13.029282152079952, "pol1": 0.10788264311681517, "pol2": -0.05773350904792918, "pol3": 0.6573385373078833, "pol4": 0.9806438473395829, "v0s": 5.322258531270525}, "datetime": {"datetime": "2022-05-17 17:57:55", "elapsed": 80090.831792, "delta": 26.560959}}
{"target": 3.9776207284725413, "params": {"Bgrad": 0.5, "d1": -3.0, "d2": -3.0, "d3": -1.5060648116803015, "d4": -2.8325600776334316, "p1": 4.5179417172507605, "p2": 9.816693750314009, "p3": 38.45573169992055, "p4": 28.434231952663627, "pol1": 0.25052481140542865, "pol2": -1.0, "pol3": -0.01609616976917228, "pol4": -1.0, "v0s": 3.9776207284725413}, "datetime": {"datetime": "2022-05-17 17:58:32", "elapsed": 80127.650316, "delta": 36.818524}}
{"target": 4.706605069161483, "params": {"Bgrad": 2.0, "d1": -1.9152837982660662, "d2": 1.0, "d3": -1.0904269978336447, "d4": -2.7054263989481795, "p1": 43.88026861325567, "p2": 21.135150212474873, "p3": 24.751154643712567, "p4": 12.2504838864265, "pol1": 0.3975700979378862, "pol2": 0.17521354563936328, "pol3": 1.0, "pol4": -1.0, "v0s": 4.706605069161483}, "datetime": {"datetime": "2022-05-17 17:59:12", "elapsed": 80167.420945, "delta": 39.770629}}
{"target": -1.0, "params": {"Bgrad": 1.4359398060959112, "d1": -1.7338025307654146, "d2": 0.7572630003356418, "d3": -2.1492729981918783, "d4": -1.5757044177572332, "p1": 8.414178138932993, "p2": 30.313551853872777, "p3": 33.54124483833567, "p4": 39.550908715772934, "pol1": -0.982958594289417, "pol2": -0.9022848814903364, "pol3": -0.5951431095245778, "pol4": -0.6667501354009453, "v0s": 6.720499567545625}, "datetime": {"datetime": "2022-05-17 18:00:04", "elapsed": 80219.840742, "delta": 52.419797}}
{"target": 5.040949080268084, "params": {"Bgrad": 1.5679933376128614, "d1": -3.0, "d2": -0.27473762823493375, "d3": -1.551031013101262, "d4": -0.6048735614598978, "p1": 35.23699210492603, "p2": 6.017861171142861, "p3": 35.82591661483715, "p4": 6.675581373697025, "pol1": 1.0, "pol2": -1.0, "pol3": 0.5793336638981663, "pol4": -1.0, "v0s": 5.040949080268084}, "datetime": {"datetime": "2022-05-17 18:00:35", "elapsed": 80250.961023, "delta": 31.120281}}
{"target": 5.404848282611911, "params": {"Bgrad": 0.5, "d1": -2.5130750493946103, "d2": 0.42068679602040904, "d3": -0.8138533892950367, "d4": -3.0, "p1": 2.301112778688269, "p2": 13.806936206235862, "p3": 38.12908039904735, "p4": 48.28065330803755, "pol1": 0.10067736713800927, "pol2": -0.00707970356781737, "pol3": -0.060102381379632135, "pol4": 0.9042540485105995, "v0s": 5.404848282611911}, "datetime": {"datetime": "2022-05-17 18:01:09", "elapsed": 80284.459427, "delta": 33.498404}}
{"target": 4.230497817155216, "params": {"Bgrad": 1.8041872603788658, "d1": -1.393484488180575, "d2": 0.19466187299168405, "d3": -2.8112828313354443, "d4": -1.796619398710157, "p1": 6.099291902969553, "p2": 39.52301565681023, "p3": 31.929596359535225, "p4": 44.47762268309886, "pol1": 0.1296434322433384, "pol2": 0.1632138263655285, "pol3": 0.4059248427698445, "pol4": 0.6499649201899623, "v0s": 4.230497817155216}, "datetime": {"datetime": "2022-05-17 18:01:41", "elapsed": 80316.862761, "delta": 32.403334}}
{"target": 5.246594976442014, "params": {"Bgrad": 1.0732575892899563, "d1": -3.0, "d2": 0.751209740819871, "d3": -1.2655525951782634, "d4": 0.04360669629155528, "p1": 35.9109091602998, "p2": 6.69746092023958, "p3": 35.97452325271665, "p4": 6.872281055871274, "pol1": 1.0, "pol2": -1.0, "pol3": -0.26090414651914284, "pol4": -1.0, "v0s": 5.246594976442014}, "datetime": {"datetime": "2022-05-17 18:02:33", "elapsed": 80368.724051, "delta": 51.86129}}
{"target": 5.275875329255051, "params": {"Bgrad": 0.7201027888742291, "d1": -3.0, "d2": -0.0036782571252351607, "d3": -1.5495687186134612, "d4": -0.4071641715541835, "p1": 35.624794505671424, "p2": 6.1360245281803945, "p3": 35.79683370438881, "p4": 6.927008149503278, "pol1": 1.0, "pol2": -1.0, "pol3": -0.1888171317350564, "pol4": 0.3635907908213764, "v0s": 5.275875329255051}, "datetime": {"datetime": "2022-05-17 18:03:24", "elapsed": 80419.981955, "delta": 51.257904}}
{"target": 3.5561473812190076, "params": {"Bgrad": 0.8585105832526048, "d1": -2.8484964327345965, "d2": 0.19592278785327144, "d3": -2.997669911183356, "d4": -0.9150587857332426, "p1": 2.909809808113395, "p2": 34.202009458339546, "p3": 30.636113978372652, "p4": 42.642509102788125, "pol1": 0.5112224552807545, "pol2": 0.8890247084871492, "pol3": -0.4400074617620344, "pol4": 0.7026751420306112, "v0s": 3.5561473812190076}, "datetime": {"datetime": "2022-05-17 18:04:02", "elapsed": 80457.751935, "delta": 37.76998}}
{"target": 4.6439246010938176, "params": {"Bgrad": 0.6481351186342021, "d1": -1.7767414386637221, "d2": 0.6428108610860659, "d3": -2.8777478307289943, "d4": -1.986550353113961, "p1": 4.507428549756881, "p2": 34.06659745519788, "p3": 29.656785502972966, "p4": 35.473955541027784, "pol1": 0.4511213075624292, "pol2": 0.701871281825615, "pol3": -0.6661256891832614, "pol4": -0.5939557269899101, "v0s": 4.6439246010938176}, "datetime": {"datetime": "2022-05-17 18:04:38", "elapsed": 80493.92319, "delta": 36.171255}}
{"target": 4.584784234564013, "params": {"Bgrad": 1.2131966301939585, "d1": -1.8639800048442412, "d2": 0.8201688970684009, "d3": -2.1222909966792614, "d4": -2.919434904002428, "p1": 29.005465497213063, "p2": 9.74537719034256, "p3": 12.491512869466856, "p4": 26.925193999964208, "pol1": 0.3868629516956274, "pol2": 0.9103551508335992, "pol3": -0.029480725903834527, "pol4": 0.11933216284641913, "v0s": 4.584784234564013}, "datetime": {"datetime": "2022-05-17 18:05:20", "elapsed": 80535.841076, "delta": 41.917886}}
{"target": -1.0, "params": {"Bgrad": 0.5, "d1": -0.3827929423874679, "d2": 1.0, "d3": -3.0, "d4": -0.4763436413306865, "p1": 22.91198673891182, "p2": 15.845757605188645, "p3": 34.39046926572304, "p4": 23.198168309168413, "pol1": -0.14786485924695825, "pol2": -1.0, "pol3": -1.0, "pol4": 1.0, "v0s": 5.4852701768223495}, "datetime": {"datetime": "2022-05-17 18:05:50", "elapsed": 80565.732128, "delta": 29.891052}}
{"target": 4.85125253500351, "params": {"Bgrad": 1.1301148974772317, "d1": -1.328890833907526, "d2": 0.8602603259231736, "d3": -2.49958957229244, "d4": -2.1273917399614857, "p1": 3.136052984804877, "p2": 38.84487044190046, "p3": 30.689226559394672, "p4": 45.78003614227833, "pol1": 0.4092020942665182, "pol2": 0.4923077926921846, "pol3": -0.31082395592480405, "pol4": 0.6035159459857542, "v0s": 4.85125253500351}, "datetime": {"datetime": "2022-05-17 18:06:16", "elapsed": 80591.37255, "delta": 25.640422}}
{"target": 4.672502946955523, "params": {"Bgrad": 0.5, "d1": -1.4017690133348852, "d2": 0.3195382129592745, "d3": -0.7130104283037096, "d4": -3.0, "p1": 1.3912792061357473, "p2": 13.569120714132838, "p3": 37.94213088733901, "p4": 48.00450750255165, "pol1": 0.1713005216969918, "pol2": -0.2126169111700893, "pol3": -0.05849639085167827, "pol4": 0.35839873069500944, "v0s": 4.672502946955523}, "datetime": {"datetime": "2022-05-17 18:06:50", "elapsed": 80625.888233, "delta": 34.515683}}
{"target": 5.260380240689142, "params": {"Bgrad": 0.5, "d1": -3.0, "d2": 0.32212935059304537, "d3": -2.05714777258094, "d4": -2.2268552298922373, "p1": 32.41293425430425, "p2": 6.635808059593425, "p3": 37.4829115840791, "p4": 30.10411875733112, "pol1": -0.10366354726017367, "pol2": -0.23552472294148896, "pol3": -0.3116812676963504, "pol4": 1.0, "v0s": 5.260380240689142}, "datetime": {"datetime": "2022-05-17 18:07:17", "elapsed": 80653.082499, "delta": 27.194266}}
{"target": -1.0, "params": {"Bgrad": 1.1031846477237968, "d1": -2.667986111979475, "d2": 0.6392306117416515, "d3": 0.008960508673240053, "d4": -1.1580209377797308, "p1": 27.13291726602033, "p2": 9.804083625373138, "p3": 37.34163388968419, "p4": 25.31782583088793, "pol1": 0.39975741241866825, "pol2": -0.9046070561836412, "pol3": -0.2178415550659467, "pol4": 0.527667138458934, "v0s": 4.219391071800674}, "datetime": {"datetime": "2022-05-17 18:07:58", "elapsed": 80693.869409, "delta": 40.78691}}
{"target": 4.228320585422671, "params": {"Bgrad": 1.216620570055319, "d1": -1.8551274062957273, "d2": 1.0, "d3": -2.3082159764068066, "d4": -0.8963755775845159, "p1": 30.60411283032394, "p2": 13.427480704206388, "p3": 31.83692857684472, "p4": 26.090954470615575, "pol1": -0.14948500615075005, "pol2": -0.6226504976530466, "pol3": -1.0, "pol4": -0.3028131337542514, "v0s": 4.228320585422671}, "datetime": {"datetime": "2022-05-17 18:08:35", "elapsed": 80731.133741, "delta": 37.264332}}
{"target": 4.500960521042574, "params": {"Bgrad": 1.783096323558771, "d1": -0.9697023008351473, "d2": 0.6612682015843352, "d3": -1.499642548157114, "d4": -1.1564466634188162, "p1": 31.918961350814968, "p2": 7.315037885509756, "p3": 36.96288344369702, "p4": 28.888885344065336, "pol1": 0.8081013212735586, "pol2": -0.7023674467355887, "pol3": 0.26843456614542704, "pol4": -0.7449913687813228, "v0s": 4.500960521042574}, "datetime": {"datetime": "2022-05-17 18:09:04", "elapsed": 80759.473942, "delta": 28.340201}}
{"target": 3.9427190217977666, "params": {"Bgrad": 0.5025753220423441, "d1": -2.3223888593501254, "d2": 0.0652248089071561, "d3": -1.1952743366319276, "d4": -2.423818155330956, "p1": 5.880938587467782, "p2": 32.53509001468044, "p3": 41.14620017161525, "p4": 28.419057075209057, "pol1": -0.4477431244497594, "pol2": 0.9283259855985637, "pol3": -0.9454994576691464, "pol4": 0.7001392498677688, "v0s": 3.9427190217977666}, "datetime": {"datetime": "2022-05-17 18:09:45", "elapsed": 80800.634852, "delta": 41.16091}}
{"target": -1.0, "params": {"Bgrad": 0.8313907124538047, "d1": -1.4894029574618908, "d2": -0.4132347800852614, "d3": -1.7543248202340571, "d4": -1.366190949821282, "p1": 24.449744253781404, "p2": 14.970928918270005, "p3": 31.979823232581495, "p4": 22.158807944717186, "pol1": 0.6931880381864004, "pol2": -0.12614466755283904, "pol3": -0.21631785154079664, "pol4": 0.11245733781249867, "v0s": 5.195793147481809}, "datetime": {"datetime": "2022-05-17 18:10:23", "elapsed": 80839.143854, "delta": 38.509002}}
{"target": 4.509900503142798, "params": {"Bgrad": 1.4079089623465004, "d1": -2.393468255827006, "d2": 0.05372678816897647, "d3": -2.4306229481696042, "d4": -2.4577063370603036, "p1": 3.8530351934474627, "p2": 35.34452197997615, "p3": 30.115465264815416, "p4": 40.344309923542106, "pol1": -0.30679329727318283, "pol2": 0.26524300605207496, "pol3": 0.706642144004973, "pol4": 0.04895914316661876, "v0s": 4.509900503142798}, "datetime": {"datetime": "2022-05-17 18:11:02", "elapsed": 80877.467353, "delta": 38.323499}}
{"target": 5.148789762363481, "params": {"Bgrad": 1.312916208238919, "d1": -2.61560331287879, "d2": -0.3113434877377518, "d3": -1.3920191508685409, "d4": -3.0, "p1": 2.3243898659387314, "p2": 13.852247703674502, "p3": 37.6247402142205, "p4": 47.52563156974858, "pol1": 0.1322526140238491, "pol2": -0.22184632540853486, "pol3": -0.7273261233954613, "pol4": 0.5951884204543316, "v0s": 5.148789762363481}, "datetime": {"datetime": "2022-05-17 18:11:38", "elapsed": 80913.66454, "delta": 36.197187}}
{"target": -1.0, "params": {"Bgrad": 1.5105347039336487, "d1": -2.375565526583517, "d2": -0.7014277398154731, "d3": -2.7623325163321577, "d4": -2.9649960301550466, "p1": 7.554075095232515, "p2": 38.326105068033044, "p3": 30.90873142522109, "p4": 42.54280031275191, "pol1": 0.2980835747732107, "pol2": 0.5214342741547802, "pol3": 0.805408396610034, "pol4": 0.765629627261172, "v0s": 6.731127551301857}, "datetime": {"datetime": "2022-05-17 18:12:17", "elapsed": 80952.376001, "delta": 38.711461}}
{"target": 4.66557559935937, "params": {"Bgrad": 2.0, "d1": -3.0, "d2": 0.5175588217721107, "d3": -0.7997163123154388, "d4": -0.43572074911917313, "p1": 37.195252586873096, "p2": 8.131968878722793, "p3": 9.667567166091649, "p4": 30.479105097936614, "pol1": 0.23098240586112623, "pol2": 1.0, "pol3": -1.0, "pol4": 0.9580998423276846, "v0s": 4.66557559935937}, "datetime": {"datetime": "2022-05-17 18:12:48", "elapsed": 80983.344173, "delta": 30.968172}}
{"target": 4.769136771548233, "params": {"Bgrad": 1.7443878013325327, "d1": -2.3605952321904797, "d2": 0.9590249386645904, "d3": -0.413365437447585, "d4": -1.5963953679735927, "p1": 37.56254289024074, "p2": 46.56837636283665, "p3": 14.909359020254504, "p4": 11.802423276828383, "pol1": 0.12628663774859983, "pol2": -0.496446990254962, "pol3": -0.6538978660072368, "pol4": 0.025230503554121375, "v0s": 4.769136771548233}, "datetime": {"datetime": "2022-05-17 18:13:15", "elapsed": 81010.244225, "delta": 26.900052}}
{"target": 4.642755888168622, "params": {"Bgrad": 0.9808916916953907, "d1": -1.9173828562969966, "d2": 0.3109080449881312, "d3": -1.5614768397236838, "d4": -3.0, "p1": 29.79402234488361, "p2": 10.257678408942596, "p3": 14.062943521190137, "p4": 28.132031125769494, "pol1": 0.49464673902529305, "pol2": 0.27191085202550425, "pol3": -0.5270628428944498, "pol4": -0.40994192672618923, "v0s": 4.642755888168622}, "datetime": {"datetime": "2022-05-17 18:13:49", "elapsed": 81044.524538, "delta": 34.280313}}
{"target": 4.531567720353357, "params": {"Bgrad": 0.9915827728915231, "d1": -2.3938745738165084, "d2": 0.43876502295341624, "d3": -1.9334486694657163, "d4": -1.9977149920726285, "p1": 32.41468307040275, "p2": 10.385735271034033, "p3": 41.36365717893882, "p4": 34.8887111295494, "pol1": 1.0, "pol2": -0.9132982317355534, "pol3": -0.23144842476845756, "pol4": -0.23369678199994987, "v0s": 4.531567720353357}, "datetime": {"datetime": "2022-05-17 18:14:20", "elapsed": 81076.177878, "delta": 31.65334}}
{"target": 4.6964924546934075, "params": {"Bgrad": 1.9903835406802375, "d1": -2.2422597621800704, "d2": 0.9485879317758799, "d3": -2.1940872821653183, "d4": -2.7341455044154626, "p1": 36.73673933291941, "p2": 44.64157088645088, "p3": 20.82060155178273, "p4": 11.742644936154129, "pol1": 0.6383059076221462, "pol2": -0.5416696418566536, "pol3": -0.5807936732287966, "pol4": 0.07994563528817311, "v0s": 4.6964924546934075}, "datetime": {"datetime": "2022-05-17 18:14:51", "elapsed": 81106.828898, "delta": 30.65102}}
{"target": -1.0, "params": {"Bgrad": 1.597503767196752, "d1": -2.161356013047147, "d2": -1.8705923055912406, "d3": 0.0884501715488284, "d4": -1.1711222520500448, "p1": 1.4680752437539357, "p2": 37.211229365111734, "p3": 37.08607153241578, "p4": 25.39327914787675, "pol1": -0.4254585061959557, "pol2": 0.8665455366723434, "pol3": 0.5155236862041002, "pol4": 0.08097062175419945, "v0s": 2.0953365061495095}, "datetime": {"datetime": "2022-05-17 18:15:19", "elapsed": 81134.536789, "delta": 27.707891}}
{"target": -1.0, "params": {"Bgrad": 0.7534368210956849, "d1": -2.54873248960257, "d2": -1.893842167951636, "d3": 0.6957872394889724, "d4": -0.2336137553045896, "p1": 4.44455933136017, "p2": 37.94352443141285, "p3": 39.32134932935741, "p4": 27.95356634263062, "pol1": 0.6848470082104217, "pol2": -0.04506548795483378, "pol3": 0.05145540420556105, "pol4": 0.9982449209572211, "v0s": 5.7344916012689415}, "datetime": {"datetime": "2022-05-17 18:15:46", "elapsed": 81162.21875, "delta": 27.681961}}
{"target": 4.619972093841637, "params": {"Bgrad": 1.233451746893157, "d1": -1.6398251230622445, "d2": 1.0, "d3": -2.3296455443070387, "d4": -1.9149600383971583, "p1": 4.815593585448453, "p2": 38.92296011484816, "p3": 31.4654732263469, "p4": 45.53966304138428, "pol1": 0.2869266460880477, "pol2": -0.5378904791128737, "pol3": 0.24598947736455842, "pol4": 0.6530107835762365, "v0s": 4.619972093841637}, "datetime": {"datetime": "2022-05-17 18:16:16", "elapsed": 81191.459542, "delta": 29.240792}}
{"target": 5.07283307539464, "params": {"Bgrad": 1.7684087552498473, "d1": -2.6424986390849994, "d2": 0.21965411851421912, "d3": -2.6956390834450543, "d4": -1.5848539203930954, "p1": 1.4936877375153201, "p2": 35.686472208751, "p3": 30.668818329437276, "p4": 41.50501855680246, "pol1": -0.8808331678573689, "pol2": 0.6082108951114671, "pol3": -0.10400950567067224, "pol4": -0.8851880322821946, "v0s": 5.07283307539464}, "datetime": {"datetime": "2022-05-17 18:17:06", "elapsed": 81241.446845, "delta": 49.987303}}
{"target": 4.818405169254769, "params": {"Bgrad": 0.891842575489621, "d1": -3.0, "d2": 0.38371538073265204, "d3": -2.151473013848464, "d4": -0.7490853781915466, "p1": 29.26991701870408, "p2": 29.84709370874077, "p3": 8.712607765211795, "p4": 44.312923213391265, "pol1": 0.3668476644082559, "pol2": 0.5721043578010067, "pol3": 0.8077309289043968, "pol4": -0.7023323902491855, "v0s": 4.818405169254769}, "datetime": {"datetime": "2022-05-17 18:17:36", "elapsed": 81271.34488, "delta": 29.898035}}
{"target": 4.9133650557268, "params": {"Bgrad": 0.9952511375345111, "d1": -2.250154732684626, "d2": 1.0, "d3": -0.5724248205916048, "d4": -1.8167606245506902, "p1": 4.590263671534127, "p2": 32.876437268665256, "p3": 38.06361917308833, "p4": 28.963237454411125, "pol1": 0.1379740624911155, "pol2": -0.81097046076558, "pol3": -0.2704185572597347, "pol4": -0.7474963323534662, "v0s": 4.9133650557268}, "datetime": {"datetime": "2022-05-17 18:18:06", "elapsed": 81301.361595, "delta": 30.016715}}
{"target": 4.7962668024236494, "params": {"Bgrad": 0.5, "d1": -2.238532033292428, "d2": 0.279493948507092, "d3": -1.6843684214221963, "d4": -2.3313704637449697, "p1": 32.434024461311296, "p2": 6.648543190272956, "p3": 37.30340458885085, "p4": 28.505521052855936, "pol1": 0.7336921569210987, "pol2": -0.4468556235050606, "pol3": -0.35122440768511926, "pol4": 0.7128334225874892, "v0s": 4.7962668024236494}, "datetime": {"datetime": "2022-05-17 18:18:34", "elapsed": 81329.491359, "delta": 28.129764}}
{"target": 4.445742670966813, "params": {"Bgrad": 0.9090473924731516, "d1": -2.845347455474918, "d2": 0.5550587447723713, "d3": -0.8230248529957532, "d4": -3.0, "p1": 2.501510709706799, "p2": 12.383193999645224, "p3": 38.2243058039047, "p4": 47.89250408373437, "pol1": -0.12290424819623219, "pol2": -0.22354996084951087, "pol3": 0.36396559399658324, "pol4": 0.060095975867506354, "v0s": 4.445742670966813}, "datetime": {"datetime": "2022-05-17 18:19:15", "elapsed": 81370.540568, "delta": 41.049209}}
{"target": 4.117462284591838, "params": {"Bgrad": 0.6598260742243688, "d1": -3.0, "d2": 1.0, "d3": -1.36720598562764, "d4": -3.0, "p1": 42.61707469584642, "p2": 25.327705841258993, "p3": 17.716083108400355, "p4": 12.728715538225313, "pol1": -0.0024023904304067544, "pol2": 0.4644407024536485, "pol3": 0.861947463119279, "pol4": 0.23462986754883786, "v0s": 4.117462284591838}, "datetime": {"datetime": "2022-05-17 18:19:58", "elapsed": 81414.032244, "delta": 43.491676}}
{"target": -1.0, "params": {"Bgrad": 1.3363892004814408, "d1": -2.602518689274973, "d2": 0.5252214386872169, "d3": -1.8546813248399832, "d4": 0.6786845649549931, "p1": 30.316416683469168, "p2": 29.99271594244431, "p3": 10.304425642950143, "p4": 43.47764442885269, "pol1": -0.7509884625596293, "pol2": 0.04413238330338376, "pol3": 0.3207127504710785, "pol4": -0.012360238897444198, "v0s": 6.220647561892847}, "datetime": {"datetime": "2022-05-17 18:20:44", "elapsed": 81460.15987, "delta": 46.127626}}
{"target": -1.0, "params": {"Bgrad": 0.9560569294945033, "d1": -1.1714527480377632, "d2": 0.7985922910498591, "d3": -2.4427960530115094, "d4": -0.49248444255352597, "p1": 35.493592210176935, "p2": 4.297073637859977, "p3": 35.891233559570786, "p4": 6.803535779282416, "pol1": 0.5647559609832733, "pol2": 0.017256620012837898, "pol3": 0.019696511681746465, "pol4": 0.3775516878447669, "v0s": 5.415004924109726}, "datetime": {"datetime": "2022-05-17 18:21:29", "elapsed": 81504.388574, "delta": 44.228704}}
{"target": 4.482927569491195, "params": {"Bgrad": 1.1792328924020963, "d1": -2.420341267619137, "d2": 0.8890934311692905, "d3": -1.964532874438274, "d4": -2.2387725300629904, "p1": 3.6049734763695174, "p2": 35.78285500128673, "p3": 32.01616817246465, "p4": 39.95439643490397, "pol1": -0.5628184591852982, "pol2": 0.22088634770759297, "pol3": -0.2800295862104087, "pol4": -0.7141920142818046, "v0s": 4.482927569491195}, "datetime": {"datetime": "2022-05-17 18:21:59", "elapsed": 81534.934874, "delta": 30.5463}}
