{"target": -1.0, "params": {"Bgrad": 1.2024728517806422, "d1": -2.714325077066013, "d2": 0.817345790204643, "d3": -0.927439128175199, "d4": -1.0798948727260211, "p1": 5.137456269216662, "p2": 16.87242100676612, "p3": 38.19172172967577, "p4": 33.550812633483474, "pol1": 0.5701997361502817, "pol2": 0.09492938760201608, "pol3": 0.01593061401562479, "pol4": 0.9504452362314679, "v0s": 6.97706857157757}, "datetime": {"datetime": "2022-06-25 02:51:19", "elapsed": 11351.552875, "delta": 21.069657}}
{"target": -1.0, "params": {"Bgrad": 0.5837840120707711, "d1": 0.7897306156284514, "d2": -1.705864414766857, "d3": -2.418736777420605, "d4": -1.9194162489835889, "p1": 8.353796811090719, "p2": 35.909177764206206, "p3": 34.55799634346518, "p4": 36.895526345097586, "pol1": 0.13568445806344198, "pol2": -0.8476933422813822, "pol3": -0.11759102984006553, "pol4": 0.7296072944564593, "v0s": 5.091610770544162}, "datetime": {"datetime": "2022-06-25 02:51:32", "elapsed": 11364.291812, "delta": 12.738937}}
{"target": 3.0650372056324375, "params": {"Bgrad": 1.6132214870573747, "d1": -0.853596586550859, "d2": 0.29712999986307853, "d3": -1.555621180360955, "d4": -2.936158128555516, "p1": 27.888840652167435, "p2": 11.968378856208389, "p3": 36.11437691567179, "p4": 26.957352605702926, "pol1": -0.08997646359385714, "pol2": -0.10618609944987578, "pol3": -0.2220942816712248, "pol4": 0.2519319363724952, "v0s": 3.0650372056324375}, "datetime": {"datetime": "2022-06-25 02:51:48", "elapsed": 11379.822282, "delta": 15.53047}}
{"target": 3.129279927813366, "params": {"Bgrad": 1.0667718664137869, "d1": -0.7897503289031551, "d2": -1.0157369374860359, "d3": 0.9566808754807479, "d4": -1.1900791994784323, "p1": 8.637540159657526, "p2": 36.530893354259504, "p3": 36.12530863541726, "p4": 36.563747862816584, "pol1": 0.5121027486395975, "pol2": 0.813177982321073, "pol3": 0.1859983006837984, "pol4": -0.9151972479899431, "v0s": 3.129279927813366}, "datetime": {"datetime": "2022-06-25 02:52:03", "elapsed": 11395.050564, "delta": 15.228282}}
{"target": -1.0, "params": {"Bgrad": 1.3289283412905806, "d1": -2.6788550313655657, "d2": -1.400499264335536, "d3": 0.5933862292572449, "d4": -2.743952028452968, "p1": 10.948897972117273, "p2": 12.839978704702954, "p3": 7.615786716682277, "p4": 28.378120110917354, "pol1": 0.2906681963340787, "pol2": -0.03014036671999687, "pol3": 0.09866118696399218, "pol4": 0.27957268835902704, "v0s": 4.742837396344933}, "datetime": {"datetime": "2022-06-25 02:52:24", "elapsed": 11416.181059, "delta": 21.130495}}
{"target": 3.6193788627005747, "params": {"Bgrad": 1.708188000075032, "d1": -1.5490392770128003, "d2": 0.27054640459000057, "d3": -2.128877589414627, "d4": -1.6769292147589003, "p1": 9.257176377769305, "p2": 16.22082403073798, "p3": 8.783508936197121, "p4": 31.535979179479845, "pol1": -0.18397050139384374, "pol2": -0.9163025397284463, "pol3": 0.48795079434736577, "pol4": 0.08103190938080407, "v0s": 3.6193788627005747}, "datetime": {"datetime": "2022-06-25 02:52:43", "elapsed": 11435.373737, "delta": 19.192678}}
{"target": 5.0727952224797175, "params": {"Bgrad": 1.6328339459781258, "d1": -0.18361731013478888, "d2": 0.2651714217816048, "d3": -0.7614890410883657, "d4": -2.6361481752989926, "p1": 5.8045966945249825, "p2": 12.285707512172323, "p3": 35.324518986498525, "p4": 25.01769775779324, "pol1": 0.8086675550467091, "pol2": -0.40620563540195875, "pol3": 0.7035993556049849, "pol4": -0.29501423058525167, "v0s": 5.0727952224797175}, "datetime": {"datetime": "2022-06-25 02:52:56", "elapsed": 11448.201437, "delta": 12.8277}}
{"target": 3.2797917266010854, "params": {"Bgrad": 0.5279880009321339, "d1": -1.1661299886406429, "d2": -0.24333297167470969, "d3": -0.6714009340185858, "d4": -1.9708119709712313, "p1": 29.0535267763253, "p2": 12.139952574949058, "p3": 38.45213490593964, "p4": 26.804148569363196, "pol1": 0.851792118567972, "pol2": 0.8631912039973035, "pol3": -0.9397626103254393, "pol4": 0.7000111260428783, "v0s": 3.2797917266010854}, "datetime": {"datetime": "2022-06-25 02:53:09", "elapsed": 11460.884556, "delta": 12.683119}}
{"target": -1.0, "params": {"Bgrad": 0.5, "d1": -1.5333390023926485, "d2": -0.22437007717933302, "d3": -2.2603581282828715, "d4": -2.68070219009448, "p1": 5.7577862980144685, "p2": 22.803090770729593, "p3": 0.8601740809794671, "p4": 31.20304346742018, "pol1": -1.0, "pol2": -0.7163416434789641, "pol3": 0.09954804717547634, "pol4": -0.5636924327117132, "v0s": 3.7257434495003032}, "datetime": {"datetime": "2022-06-25 02:53:21", "elapsed": 11472.762794, "delta": 11.878238}}
{"target": 3.7507298071825694, "params": {"Bgrad": 1.6101757646294002, "d1": -2.1875041061250853, "d2": -1.204923068437164, "d3": -1.6095252350605294, "d4": -1.8542857041669802, "p1": 28.516188286520254, "p2": 24.696794389347886, "p3": 4.703209181008717, "p4": 44.697205474651845, "pol1": -0.8357714990002079, "pol2": 0.4722604665425172, "pol3": -0.9804115812847731, "pol4": 0.6935396110478516, "v0s": 3.7507298071825694}, "datetime": {"datetime": "2022-06-25 02:53:38", "elapsed": 11490.62104, "delta": 17.858246}}
{"target": -1.0, "params": {"Bgrad": 0.5, "d1": -2.589341896599665, "d2": -1.5478121013069461, "d3": -1.1340549247505725, "d4": -2.562956131138961, "p1": 13.455210973320096, "p2": 4.344509075595601, "p3": 33.494324700318636, "p4": 21.516370340479625, "pol1": -1.0, "pol2": 0.7978551513464095, "pol3": 0.6297476215035185, "pol4": 1.0, "v0s": 2.9626944518982117}, "datetime": {"datetime": "2022-06-25 02:53:54", "elapsed": 11506.572386, "delta": 15.951346}}
{"target": 3.9874640542318196, "params": {"Bgrad": 1.2630052501453821, "d1": -1.354922331177971, "d2": 0.8984657008028746, "d3": -1.7391416157531057, "d4": -2.3729270071829704, "p1": 10.581793065060811, "p2": 14.790537079200872, "p3": 7.739261783774429, "p4": 29.836562557820947, "pol1": 0.0426204730724827, "pol2": -0.8165642911262391, "pol3": -0.4464419443539762, "pol4": 0.3040451370379583, "v0s": 3.9874640542318196}, "datetime": {"datetime": "2022-06-25 02:54:09", "elapsed": 11520.683653, "delta": 14.111267}}
{"target": 4.740613284592086, "params": {"Bgrad": 0.7477896978174148, "d1": -2.5904520344854367, "d2": -0.06891977075391535, "d3": -0.663374305911886, "d4": -1.0132435355294005, "p1": 5.0122438774562434, "p2": 12.579682097498933, "p3": 33.206955629985366, "p4": 31.534037864376135, "pol1": -0.17866469110848232, "pol2": -0.47979043902430774, "pol3": 0.34913291663243007, "pol4": -0.03734996445712011, "v0s": 4.740613284592086}, "datetime": {"datetime": "2022-06-25 02:54:18", "elapsed": 11530.620083, "delta": 9.93643}}
{"target": 3.5355958775281815, "params": {"Bgrad": 0.9941265470829703, "d1": -2.4320593578050524, "d2": 0.5103002818450539, "d3": -0.37161309802621556, "d4": -1.5268459153246097, "p1": 7.436606286922853, "p2": 32.974855230235825, "p3": 35.23270128571031, "p4": 34.73014018238951, "pol1": -0.9841459656152793, "pol2": 0.9327224198908388, "pol3": 0.9464218567392899, "pol4": -0.7573327968362793, "v0s": 3.5355958775281815}, "datetime": {"datetime": "2022-06-25 02:54:31", "elapsed": 11542.669861, "delta": 12.049778}}
{"target": -1.0, "params": {"Bgrad": 1.4394144634158554, "d1": -1.5512716088664957, "d2": -0.20448490525111973, "d3": -2.045960735508035, "d4": 0.3413853007090881, "p1": 5.913506947408248, "p2": 11.476398239792552, "p3": 33.09794578460783, "p4": 25.218103911078472, "pol1": -0.8756007193304511, "pol2": 0.939958688779652, "pol3": 0.23202079512035723, "pol4": -0.1475080472828394, "v0s": 3.973575943603453}, "datetime": {"datetime": "2022-06-25 02:54:50", "elapsed": 11562.608546, "delta": 19.938685}}
{"target": -1.0, "params": {"Bgrad": 1.7482397253367297, "d1": -1.067994333095902, "d2": -0.19335049702750506, "d3": -1.5464431432979406, "d4": 0.2615189676506926, "p1": 8.21638510423426, "p2": 6.957078883463169, "p3": 38.544624630593106, "p4": 33.553978765334, "pol1": 0.1351759092123499, "pol2": 0.762843991366712, "pol3": -0.5192306115193985, "pol4": 0.5682364118364209, "v0s": 4.786404868553918}, "datetime": {"datetime": "2022-06-25 02:55:10", "elapsed": 11582.238056, "delta": 19.62951}}
{"target": 3.963473019150315, "params": {"Bgrad": 1.9416686150362503, "d1": -2.055367451803016, "d2": -0.27502274649848024, "d3": -0.05064976490626005, "d4": -1.0501975537072683, "p1": 8.46828963298078, "p2": 8.676003877357191, "p3": 34.86332894571327, "p4": 33.28099235240282, "pol1": 0.41139770814359533, "pol2": -0.5571750923767125, "pol3": 0.5158822379173729, "pol4": -0.5922604307129533, "v0s": 3.963473019150315}, "datetime": {"datetime": "2022-06-25 02:55:34", "elapsed": 11605.994531, "delta": 23.756475}}
{"target": 4.415392110589401, "params": {"Bgrad": 1.2744623435317497, "d1": -1.6031225061229342, "d2": -0.010197426914941854, "d3": 0.2821681911376084, "d4": -1.3703645853492343, "p1": 28.796708739864073, "p2": 8.958317575567987, "p3": 9.910213896396153, "p4": 37.501619541478966, "pol1": -0.3273548994110749, "pol2": 0.053811425802175794, "pol3": 0.8764239131451945, "pol4": -0.17449608022359486, "v0s": 4.415392110589401}, "datetime": {"datetime": "2022-06-25 02:55:50", "elapsed": 11621.84016, "delta": 15.845629}}
{"target": -1.0, "params": {"Bgrad": 1.2974054687570482, "d1": -0.03435478310086637, "d2": -0.1084477237367305, "d3": -1.609525991991032, "d4": -0.22552823265066912, "p1": 42.67549950090172, "p2": 24.60693145006972, "p3": 22.1957024996555, "p4": 15.410505483716374, "pol1": 0.6662128725294383, "pol2": -0.37022243395593235, "pol3": 0.38122405991569264, "pol4": -0.7400233874279225, "v0s": 4.090922679954306}, "datetime": {"datetime": "2022-06-25 02:56:06", "elapsed": 11637.88725, "delta": 16.04709}}
{"target": 4.450837495845965, "params": {"Bgrad": 0.812239401099031, "d1": -2.841249473527593, "d2": 0.038158903960590074, "d3": -2.8927307217361458, "d4": -1.7888305178848491, "p1": 5.858489090322122, "p2": 13.144083926211463, "p3": 34.989646748926965, "p4": 29.480138978738186, "pol1": 0.4637233820606803, "pol2": -0.07338062216812213, "pol3": -0.7485059765339004, "pol4": 0.7453990879133396, "v0s": 4.450837495845965}, "datetime": {"datetime": "2022-06-25 02:56:18", "elapsed": 11650.375855, "delta": 12.488605}}
{"target": 3.762256134608182, "params": {"Bgrad": 1.9290893451887685, "d1": -1.7265348879862752, "d2": -0.6009900002004258, "d3": -1.610107834081349, "d4": -2.4270803322592114, "p1": 47.16370596279148, "p2": 45.2229068702659, "p3": 6.605762407530985, "p4": 16.713293554805382, "pol1": -0.7727587274920824, "pol2": 0.016399329064782142, "pol3": 0.6746187871481824, "pol4": -0.7545696827908426, "v0s": 3.762256134608182}, "datetime": {"datetime": "2022-06-25 02:56:30", "elapsed": 11662.37078, "delta": 11.994925}}
{"target": 2.626452069731881, "params": {"Bgrad": 1.919366979080468, "d1": -1.8378703919499793, "d2": -1.1189302289976162, "d3": -1.9508039861483861, "d4": -0.8563832760911931, "p1": 31.303752964137004, "p2": 14.211177363322737, "p3": 37.34862971341766, "p4": 26.00904950469752, "pol1": 0.7823932134485723, "pol2": -0.6613068156780821, "pol3": 0.11746216721474156, "pol4": -0.7323853612787081, "v0s": 2.626452069731881}, "datetime": {"datetime": "2022-06-25 02:56:41", "elapsed": 11672.95448, "delta": 10.5837}}
{"target": 4.286788506060656, "params": {"Bgrad": 1.6186494537937899, "d1": -1.3045112844689957, "d2": 1.0, "d3": -2.6764309533067028, "d4": 0.08327757815929056, "p1": 29.90843772162191, "p2": 12.855491894782427, "p3": 40.42486617206505, "p4": 25.539837255685953, "pol1": 0.6748199887799374, "pol2": 0.6745268385072035, "pol3": -0.5922507840490385, "pol4": -0.33545650772484253, "v0s": 4.286788506060656}, "datetime": {"datetime": "2022-06-25 02:56:54", "elapsed": 11686.112297, "delta": 13.157817}}
{"target": -1.0, "params": {"Bgrad": 1.3406955492339814, "d1": -0.8633615190511037, "d2": -0.2092947707281385, "d3": 0.07809705080750717, "d4": -2.5608296268371187, "p1": 6.298901764552179, "p2": 36.19255891522075, "p3": 33.65143167790199, "p4": 32.91932566790514, "pol1": 0.07188552984899554, "pol2": 0.31240054622312385, "pol3": -0.39527118297956587, "pol4": 0.0011521417121904687, "v0s": 2.6459064851508685}, "datetime": {"datetime": "2022-06-25 02:57:13", "elapsed": 11704.933968, "delta": 18.821671}}
{"target": 3.344802930858082, "params": {"Bgrad": 1.4587062251245642, "d1": -2.3578607938395213, "d2": -0.9137788885669509, "d3": -1.3933201968933018, "d4": -0.19712770590082673, "p1": 9.322855339188452, "p2": 35.95421331142725, "p3": 35.99162798053963, "p4": 34.11291211959735, "pol1": 0.813304876821666, "pol2": -0.4099108204120441, "pol3": 0.5933630359470634, "pol4": -0.6622902416759364, "v0s": 3.344802930858082}, "datetime": {"datetime": "2022-06-25 02:57:26", "elapsed": 11717.875361, "delta": 12.941393}}
{"target": -1.0, "params": {"Bgrad": 1.6727523263709325, "d1": 0.19698358946250405, "d2": 0.9118711989296742, "d3": -1.2257783506519795, "d4": -2.6598669629748644, "p1": 6.394188436728027, "p2": 11.108588335665948, "p3": 36.04303205904308, "p4": 29.663771423590312, "pol1": 0.36902129856089894, "pol2": -0.9370756983162669, "pol3": 0.5026356437904906, "pol4": 0.6832208118308347, "v0s": 3.6815272580376677}, "datetime": {"datetime": "2022-06-25 02:59:08", "elapsed": 11820.238669, "delta": 102.363308}}
{"target": -1.0, "params": {"Bgrad": 1.5610229427743887, "d1": -0.5038212698864228, "d2": 0.4962460821029797, "d3": -2.0081938088499096, "d4": 0.40644596150272294, "p1": 48.51518854840327, "p2": 45.33278151068212, "p3": 6.739986092526057, "p4": 11.05693901149154, "pol1": 0.3248408559764504, "pol2": -0.4935269802154405, "pol3": 0.4189500934508992, "pol4": -0.301509588229506, "v0s": 3.575133726024161}, "datetime": {"datetime": "2022-06-25 02:59:30", "elapsed": 11842.524077, "delta": 22.285408}}
{"target": 2.3909115034741433, "params": {"Bgrad": 0.8486272047369547, "d1": -2.883901568036815, "d2": -0.31528300651772323, "d3": -2.988897010289082, "d4": -1.5794597154903944, "p1": 6.807946411987903, "p2": 11.928071062375938, "p3": 33.96310573269041, "p4": 26.534513797640162, "pol1": 0.6578529435315701, "pol2": 0.40901572262857666, "pol3": -0.131895783705835, "pol4": -0.6481427501942705, "v0s": 2.3909115034741433}, "datetime": {"datetime": "2022-06-25 02:59:40", "elapsed": 11852.523339, "delta": 9.999262}}
{"target": 4.159703981999519, "params": {"Bgrad": 0.5, "d1": -3.0, "d2": -3.0, "d3": -3.0, "d4": -0.5805414324173361, "p1": 10.478798569028672, "p2": 2.2088801579817177, "p3": 34.84626156111451, "p4": 21.797442460608, "pol1": 1.0, "pol2": 0.6410218784056066, "pol3": -0.7706923179805485, "pol4": 0.36030835118276683, "v0s": 4.159703981999519}, "datetime": {"datetime": "2022-06-25 02:59:54", "elapsed": 11866.037203, "delta": 13.513864}}
{"target": 4.82035440280332, "params": {"Bgrad": 0.7807285997766934, "d1": -2.791550700613628, "d2": 0.6470440243307597, "d3": -2.272995851996781, "d4": -1.6621691677720694, "p1": 26.447462591419843, "p2": 25.42004925766519, "p3": 2.9924469664529942, "p4": 42.77347471983904, "pol1": 0.8459446311838659, "pol2": -0.5004245490496775, "pol3": -0.19026378387659185, "pol4": 0.36398505259907715, "v0s": 4.82035440280332}, "datetime": {"datetime": "2022-06-25 03:00:09", "elapsed": 11880.868544, "delta": 14.831341}}
{"target": 3.118039046492358, "params": {"Bgrad": 1.8258398627375128, "d1": -1.9445373341819217, "d2": 0.8082962642991944, "d3": -1.4469764174973752, "d4": -0.9462279976630117, "p1": 5.126432219114152, "p2": 11.354497707190037, "p3": 33.917246122389564, "p4": 29.065966982548524, "pol1": -0.8366312413392072, "pol2": -0.3346448676943983, "pol3": -0.12844802376124465, "pol4": -0.7345490268931087, "v0s": 3.118039046492358}, "datetime": {"datetime": "2022-06-25 03:00:19", "elapsed": 11890.821929, "delta": 9.953385}}
{"target": -1.0, "params": {"Bgrad": 1.1613961991492334, "d1": -1.490870828339001, "d2": -0.8598561340723387, "d3": -0.7812036187369951, "d4": -2.4878749018835538, "p1": 10.165664807854618, "p2": 12.657403286022262, "p3": 12.558916592462339, "p4": 29.853423018609092, "pol1": -0.5442231752122553, "pol2": -0.32968704579121977, "pol3": 0.33656681109604625, "pol4": 0.17890355246444756, "v0s": 4.460026495449357}, "datetime": {"datetime": "2022-06-25 03:00:40", "elapsed": 11912.239657, "delta": 21.417728}}
{"target": 3.9967521943733626, "params": {"Bgrad": 1.446863863117944, "d1": -2.0911341812634485, "d2": 0.1984000329650537, "d3": -0.15567360974123234, "d4": -1.1915560881082818, "p1": 1.9782048933391638, "p2": 12.212467615546297, "p3": 38.38939943446789, "p4": 32.06333277707735, "pol1": -0.7372971207965668, "pol2": -0.40038391876106516, "pol3": 0.2756621316965111, "pol4": 0.5734420708350845, "v0s": 3.9967521943733626}, "datetime": {"datetime": "2022-06-25 03:01:05", "elapsed": 11937.243796, "delta": 25.004139}}
{"target": 3.760641798930826, "params": {"Bgrad": 1.7173672869055787, "d1": -0.5140514282558448, "d2": 0.12330089275439882, "d3": -2.585923124362749, "d4": -1.2073744159671826, "p1": 43.4936019567258, "p2": 22.168206890166033, "p3": 23.165791670866742, "p4": 16.872722237690052, "pol1": -0.2988233260779771, "pol2": -0.9697063916209696, "pol3": 0.300345637816672, "pol4": 0.8364194056665424, "v0s": 3.760641798930826}, "datetime": {"datetime": "2022-06-25 03:01:21", "elapsed": 11953.211099, "delta": 15.967303}}
{"target": -1.0, "params": {"Bgrad": 0.5147788629673344, "d1": -0.6755034177043928, "d2": 0.5111656744090278, "d3": -1.519836143355715, "d4": -1.081182175517418, "p1": 7.195448950788908, "p2": 9.862019668087191, "p3": 30.668958889398862, "p4": 32.2084994791006, "pol1": -0.059073883724393816, "pol2": 0.5959128709356931, "pol3": -0.8869874258178292, "pol4": 0.7832823385820993, "v0s": 4.792376563791687}, "datetime": {"datetime": "2022-06-25 03:01:41", "elapsed": 11973.088947, "delta": 19.877848}}
{"target": -1.0, "params": {"Bgrad": 0.8418507674484585, "d1": -0.39783139377137067, "d2": 0.8546230571812026, "d3": -2.897412963865699, "d4": -2.673126469163061, "p1": 3.998265130642981, "p2": 13.704273445374321, "p3": 33.160816479423275, "p4": 29.269893147100888, "pol1": 0.5129871410024958, "pol2": 0.2865178628679119, "pol3": -0.31714488942992336, "pol4": -0.8819502221899127, "v0s": 5.129064953978771}, "datetime": {"datetime": "2022-06-25 03:02:08", "elapsed": 12000.284226, "delta": 27.195279}}
{"target": 3.1804233698714293, "params": {"Bgrad": 1.498402895703783, "d1": -1.5314848600704891, "d2": -0.8070884462456884, "d3": -1.7988141605273182, "d4": 0.35420750029535353, "p1": 24.76189807888277, "p2": 3.8131774343949445, "p3": 37.28618607788727, "p4": 26.480249243611144, "pol1": 0.6944575370232619, "pol2": -0.5691333420930834, "pol3": 0.015180320795819057, "pol4": 0.6705477282848084, "v0s": 3.1804233698714293}, "datetime": {"datetime": "2022-06-25 03:02:22", "elapsed": 12014.316703, "delta": 14.032477}}
{"target": 4.20353799532417, "params": {"Bgrad": 1.4766117429462609, "d1": -2.8213063239973715, "d2": -0.267649815141834, "d3": -1.9521275313291637, "d4": -0.8223701079173835, "p1": 10.144101155302527, "p2": 16.999436296198716, "p3": 7.561348055805001, "p4": 33.699535739180504, "pol1": -0.21610843501528845, "pol2": -0.4784537558499433, "pol3": -0.33763907167039103, "pol4": -0.2255080910655761, "v0s": 4.20353799532417}, "datetime": {"datetime": "2022-06-25 03:02:36", "elapsed": 12027.763745, "delta": 13.447042}}
{"target": 4.20353799532417, "params": {"Bgrad": 1.4766117429462609, "d1": -2.8213063239973715, "d2": -0.267649815141834, "d3": -1.9521275313291637, "d4": -0.8223701079173835, "p1": 10.144101155302527, "p2": 16.999436296198716, "p3": 7.561348055805001, "p4": 33.699535739180504, "pol1": -0.21610843501528845, "pol2": -0.4784537558499433, "pol3": -0.33763907167039103, "pol4": -0.2255080910655761, "v0s": 4.20353799532417}, "datetime": {"datetime": "2022-06-25 13:35:56", "elapsed": 50027.787444, "delta": 38000.023699}}
{"target": 4.20353799532417, "params": {"Bgrad": 1.4766117429462609, "d1": -2.8213063239973715, "d2": -0.267649815141834, "d3": -1.9521275313291637, "d4": -0.8223701079173835, "p1": 10.144101155302527, "p2": 16.999436296198716, "p3": 7.561348055805001, "p4": 33.699535739180504, "pol1": -0.21610843501528845, "pol2": -0.4784537558499433, "pol3": -0.33763907167039103, "pol4": -0.2255080910655761, "v0s": 4.20353799532417}, "datetime": {"datetime": "2022-06-25 13:35:56", "elapsed": 50027.792433, "delta": 0.004989}}
{"target": 4.20353799532417, "params": {"Bgrad": 1.4766117429462609, "d1": -2.8213063239973715, "d2": -0.267649815141834, "d3": -1.9521275313291637, "d4": -0.8223701079173835, "p1": 10.144101155302527, "p2": 16.999436296198716, "p3": 7.561348055805001, "p4": 33.699535739180504, "pol1": -0.21610843501528845, "pol2": -0.4784537558499433, "pol3": -0.33763907167039103, "pol4": -0.2255080910655761, "v0s": 4.20353799532417}, "datetime": {"datetime": "2022-06-25 13:35:56", "elapsed": 50027.79642, "delta": 0.003987}}
{"target": 4.20353799532417, "params": {"Bgrad": 1.4766117429462609, "d1": -2.8213063239973715, "d2": -0.267649815141834, "d3": -1.9521275313291637, "d4": -0.8223701079173835, "p1": 10.144101155302527, "p2": 16.999436296198716, "p3": 7.561348055805001, "p4": 33.699535739180504, "pol1": -0.21610843501528845, "pol2": -0.4784537558499433, "pol3": -0.33763907167039103, "pol4": -0.2255080910655761, "v0s": 4.20353799532417}, "datetime": {"datetime": "2022-06-25 13:35:56", "elapsed": 50027.800411, "delta": 0.003991}}
{"target": 4.20353799532417, "params": {"Bgrad": 1.4766117429462609, "d1": -2.8213063239973715, "d2": -0.267649815141834, "d3": -1.9521275313291637, "d4": -0.8223701079173835, "p1": 10.144101155302527, "p2": 16.999436296198716, "p3": 7.561348055805001, "p4": 33.699535739180504, "pol1": -0.21610843501528845, "pol2": -0.4784537558499433, "pol3": -0.33763907167039103, "pol4": -0.2255080910655761, "v0s": 4.20353799532417}, "datetime": {"datetime": "2022-06-25 13:35:56", "elapsed": 50027.803402, "delta": 0.002991}}
