{"target": 4.592068931496908, "params": {"Bgrad": 2.0, "d1": -1.7661827449819065, "d2": 1.0, "d3": -1.833091577750844, "d4": -1.9867882404025636, "p1": 7.200823864741105, "p2": 24.615176380687988, "p3": 44.76954971062097, "p4": 22.32485135537763, "pol1": 1.0, "pol2": -1.0, "pol3": -1.0, "pol4": -0.13552216756796476, "v0s": 4.592068931496908}, "datetime": {"datetime": "2022-05-17 11:09:28", "elapsed": 55583.395436, "delta": 20.661738}}
{"target": 4.4298964267245875, "params": {"Bgrad": 0.7062955517197304, "d1": -2.503941458160141, "d2": 0.9117106460384313, "d3": -1.8651903874757476, "d4": -0.25977680322537766, "p1": 32.74072524380578, "p2": 7.7388299034065025, "p3": 36.80412675584305, "p4": 29.39062314195084, "pol1": 0.22369905242522517, "pol2": -0.17946618601577605, "pol3": -0.19924896616131982, "pol4": 0.027597723415863633, "v0s": 4.4298964267245875}, "datetime": {"datetime": "2022-05-17 11:09:45", "elapsed": 55601.091106, "delta": 17.69567}}
{"target": -1.0, "params": {"Bgrad": 1.125718182422494, "d1": -1.8364637936072836, "d2": -0.47029704690297613, "d3": -2.5173090462484873, "d4": -1.0667302901035467, "p1": 2.7892555751378003, "p2": 30.160340036054574, "p3": 32.65421371686671, "p4": 42.0281758616649, "pol1": 0.19725946143129325, "pol2": -0.8410345819345657, "pol3": -0.21526529263458083, "pol4": 0.6201205687304676, "v0s": 5.425691435980042}, "datetime": {"datetime": "2022-05-17 11:10:16", "elapsed": 55631.436943, "delta": 30.345837}}
{"target": 4.503932772429519, "params": {"Bgrad": 1.4416893802542634, "d1": -1.8700891124888324, "d2": -3.0, "d3": -3.0, "d4": -3.0, "p1": 24.629878466979562, "p2": 32.545920215460335, "p3": 43.588775978223225, "p4": 45.62168134406797, "pol1": 0.9651082794932339, "pol2": 0.0881261682641381, "pol3": -0.22261037889108182, "pol4": -0.3891564822380403, "v0s": 4.503932772429519}, "datetime": {"datetime": "2022-05-17 11:10:47", "elapsed": 55663.18503, "delta": 31.748087}}
{"target": 4.95138659964907, "params": {"Bgrad": 0.5, "d1": -2.482882605702101, "d2": 0.8901315110050018, "d3": -1.6441667704810405, "d4": -2.1898100776340117, "p1": 3.5941737770232307, "p2": 33.20357362781842, "p3": 32.110456611970726, "p4": 36.61389341992713, "pol1": 0.3621797553342723, "pol2": -0.07123785573186123, "pol3": 0.6891526851424703, "pol4": -0.47660125935759323, "v0s": 4.95138659964907}, "datetime": {"datetime": "2022-05-17 11:11:05", "elapsed": 55680.617404, "delta": 17.432374}}
{"target": 4.579728448611503, "params": {"Bgrad": 1.5665985000149516, "d1": -2.6359535892364585, "d2": 0.6545969249840821, "d3": -2.107176994272036, "d4": -1.1299876482923155, "p1": 4.591251294065858, "p2": 35.53918241203876, "p3": 33.045625730495736, "p4": 38.75196552004599, "pol1": 0.1897460828991405, "pol2": 0.5899214667589486, "pol3": -0.28932975525247473, "pol4": 1.0, "v0s": 4.579728448611503}, "datetime": {"datetime": "2022-05-17 11:11:30", "elapsed": 55705.495863, "delta": 24.878459}}
{"target": -1.0, "params": {"Bgrad": 0.6306389988095285, "d1": -2.3262170225827097, "d2": 0.7479020300271313, "d3": -0.4476824723144741, "d4": 0.6234631544864286, "p1": 37.07821447026375, "p2": 12.738723239638228, "p3": 40.28037370170906, "p4": 36.23233524643253, "pol1": -0.8782728677246205, "pol2": -0.4591319624739314, "pol3": -0.09229708902263978, "pol4": -0.30848325420042544, "v0s": 3.9002751370047366}, "datetime": {"datetime": "2022-05-17 11:11:49", "elapsed": 55725.096439, "delta": 19.600576}}
{"target": 4.675234958472851, "params": {"Bgrad": 0.5, "d1": -1.3294109680909065, "d2": 1.0, "d3": -1.8040405581427315, "d4": -0.5335099332059043, "p1": 2.9451154552584744, "p2": 30.21304525899709, "p3": 15.477214806921852, "p4": 11.774120623991992, "pol1": -0.5399714299799495, "pol2": -0.4653008369030164, "pol3": 0.08695249417315727, "pol4": 0.48677263685291194, "v0s": 4.675234958472851}, "datetime": {"datetime": "2022-05-17 11:12:18", "elapsed": 55753.71789, "delta": 28.621451}}
{"target": 3.9502895156804243, "params": {"Bgrad": 1.238310502626474, "d1": -3.0, "d2": -0.4538623134811875, "d3": -0.41381443727813066, "d4": -0.3130766835985083, "p1": 35.70273289169131, "p2": 9.082316667623934, "p3": 8.75119781385181, "p4": 30.24062424690224, "pol1": -0.07923110319868763, "pol2": -0.9577958910507012, "pol3": 0.1208036799235561, "pol4": 1.0, "v0s": 3.9502895156804243}, "datetime": {"datetime": "2022-05-17 11:12:37", "elapsed": 55772.413882, "delta": 18.695992}}
{"target": 3.805785863935717, "params": {"Bgrad": 2.0, "d1": -0.4608438831155603, "d2": -0.5520962294110291, "d3": -2.17376464269402, "d4": -3.0, "p1": 21.814273092777, "p2": 6.919766522282319, "p3": 45.66810365484599, "p4": 39.92958783077412, "pol1": 1.0, "pol2": 1.0, "pol3": -1.0, "pol4": -0.2038655744573563, "v0s": 3.805785863935717}, "datetime": {"datetime": "2022-05-17 11:13:06", "elapsed": 55802.019698, "delta": 29.605816}}
{"target": 3.6371929125852405, "params": {"Bgrad": 1.7857756337903654, "d1": -2.6917807985637032, "d2": 0.8357172675174813, "d3": -1.0870001138679029, "d4": -1.7786354136857936, "p1": 10.725559316881938, "p2": 26.900136622986935, "p3": 42.28047779079268, "p4": 22.51046522350906, "pol1": -0.7151849165354742, "pol2": 0.2920790364457144, "pol3": 0.590946636249394, "pol4": -0.7349784819318239, "v0s": 3.6371929125852405}, "datetime": {"datetime": "2022-05-17 11:13:26", "elapsed": 55821.81974, "delta": 19.800042}}
{"target": 2.222723182972012, "params": {"Bgrad": 0.9677336530636229, "d1": -2.4534681425519027, "d2": 0.2919931216860365, "d3": -0.2091532969368588, "d4": -0.56556273352549, "p1": 24.00703572539844, "p2": 10.578884912157799, "p3": 8.227714961132731, "p4": 24.404833804315434, "pol1": -0.40688056036088427, "pol2": 0.21036546036798387, "pol3": 0.7584756807189643, "pol4": -0.25675260689149804, "v0s": 2.222723182972012}, "datetime": {"datetime": "2022-05-17 11:13:48", "elapsed": 55844.159988, "delta": 22.340248}}
{"target": -1.0, "params": {"Bgrad": 0.7603437264783683, "d1": -2.1569423865972848, "d2": 0.9871892454595121, "d3": -0.481400181765689, "d4": 0.7538870002722455, "p1": 28.889374426363613, "p2": 39.77645311154457, "p3": 27.703527239549032, "p4": 23.17061657612431, "pol1": -0.004035871320700712, "pol2": -0.05543776529290345, "pol3": 0.2941651566418244, "pol4": -0.4743696905319075, "v0s": 4.634470940691238}, "datetime": {"datetime": "2022-05-17 11:14:09", "elapsed": 55864.496596, "delta": 20.336608}}
{"target": 3.5027631677014615, "params": {"Bgrad": 1.1378175639595305, "d1": -3.0, "d2": 0.1833857953804425, "d3": 0.1264084950065699, "d4": -0.8364478262749415, "p1": 35.48791963207362, "p2": 9.884440548266308, "p3": 9.967557870023708, "p4": 30.12766552066345, "pol1": 0.055499488663406926, "pol2": 0.02631877386636495, "pol3": -0.6532486569897186, "pol4": 0.831158442434635, "v0s": 3.5027631677014615}, "datetime": {"datetime": "2022-05-17 11:14:30", "elapsed": 55885.845496, "delta": 21.3489}}
{"target": -1.0, "params": {"Bgrad": 1.3217723881108914, "d1": -1.2509853838266367, "d2": -0.41230710298269413, "d3": -2.2017775658277934, "d4": 0.3578971097378161, "p1": 30.90415788482902, "p2": 4.408623629702147, "p3": 36.38441364309201, "p4": 27.093815226177203, "pol1": 0.26679424920368455, "pol2": -0.9314984711301617, "pol3": -0.6362225674089952, "pol4": 0.556243392251397, "v0s": 4.800960720726396}, "datetime": {"datetime": "2022-05-17 11:14:58", "elapsed": 55913.376859, "delta": 27.531363}}
{"target": 6.016889776252428, "params": {"Bgrad": 2.0, "d1": -3.0, "d2": -0.007427347286888877, "d3": -0.5184892030111345, "d4": -0.7354098843283118, "p1": 10.617701592845917, "p2": 26.33394354849914, "p3": 41.85464728242112, "p4": 28.34410618013182, "pol1": 0.6932862562917477, "pol2": 0.1440288684837842, "pol3": 0.454236246688021, "pol4": 0.17102667484976705, "v0s": 6.016889776252428}, "datetime": {"datetime": "2022-05-17 11:15:28", "elapsed": 55943.66884, "delta": 30.291981}}
{"target": 2.599331859386327, "params": {"Bgrad": 1.0954153730192753, "d1": -2.902683851221999, "d2": 0.4221852104339532, "d3": -1.6054345036722921, "d4": -1.8018046313667946, "p1": 2.6804414148510594, "p2": 31.940032186802025, "p3": 32.30238720714495, "p4": 40.61560017039778, "pol1": -0.13035169547429248, "pol2": -0.7066147255527238, "pol3": -0.8443247923540547, "pol4": -0.31058933397563426, "v0s": 2.599331859386327}, "datetime": {"datetime": "2022-05-17 11:15:47", "elapsed": 55962.820616, "delta": 19.151776}}
{"target": 2.060516894404505, "params": {"Bgrad": 1.4507249817136088, "d1": -2.9621074855868774, "d2": 0.6213851324058717, "d3": -1.827918332376984, "d4": -0.7538093557360677, "p1": 9.200762788974787, "p2": 5.915695033146401, "p3": 47.12334426306208, "p4": 16.49504535298403, "pol1": 0.04222292296041652, "pol2": 0.6721165386773642, "pol3": 0.07652918106373807, "pol4": -0.06559989078904116, "v0s": 2.060516894404505}, "datetime": {"datetime": "2022-05-17 11:16:05", "elapsed": 55981.205444, "delta": 18.384828}}
{"target": -1.0, "params": {"Bgrad": 0.7938923456972216, "d1": -1.3219669354008827, "d2": 0.24527800519264975, "d3": -2.4617574361674794, "d4": -0.5951773687808695, "p1": 6.888184412275394, "p2": 26.227534543383186, "p3": 44.674435272637666, "p4": 25.083948205906815, "pol1": -0.13107932200683603, "pol2": -0.29533580569715423, "pol3": -0.5235036396391348, "pol4": 0.17883651267046763, "v0s": 2.6387733676326515}, "datetime": {"datetime": "2022-05-17 11:16:24", "elapsed": 55999.868527, "delta": 18.663083}}
{"target": 4.425043103875958, "params": {"Bgrad": 1.3802796668417932, "d1": -2.3643007452444893, "d2": 0.2596461427917846, "d3": -2.617996734836852, "d4": -2.5361606430653474, "p1": 4.097642105006512, "p2": 38.98139677482601, "p3": 32.70392965167417, "p4": 41.314758060894306, "pol1": 0.11947034083136254, "pol2": 0.5443909226185439, "pol3": 0.49210400327543496, "pol4": -0.3113001309825769, "v0s": 4.425043103875958}, "datetime": {"datetime": "2022-05-17 11:16:46", "elapsed": 56021.523607, "delta": 21.65508}}
{"target": -1.0, "params": {"Bgrad": 0.9087291824343211, "d1": -2.0292043949326737, "d2": -0.3836257759943167, "d3": -2.27531641663028, "d4": -2.521508936136755, "p1": 31.910574566767096, "p2": 8.179442571281182, "p3": 37.9097418650212, "p4": 35.507137426348834, "pol1": -0.6059453453715249, "pol2": 0.20654175936804675, "pol3": 0.3077632766557432, "pol4": -0.30621852467961763, "v0s": 2.866925732598024}, "datetime": {"datetime": "2022-05-17 11:17:12", "elapsed": 56047.307645, "delta": 25.784038}}
{"target": 4.254072755270496, "params": {"Bgrad": 1.4484534359544579, "d1": -3.0, "d2": -0.43470261450477155, "d3": -1.582179081967853, "d4": -2.9276310532238967, "p1": 29.08034994293341, "p2": 10.728902751504936, "p3": 36.13897745596475, "p4": 28.8630491515687, "pol1": 0.3186737489260841, "pol2": 0.9284694010887666, "pol3": -1.0, "pol4": 0.310892929518415, "v0s": 4.254072755270496}, "datetime": {"datetime": "2022-05-17 11:17:34", "elapsed": 56069.88825, "delta": 22.580605}}
{"target": -1.0, "params": {"Bgrad": 1.048720425947859, "d1": -2.574132145628134, "d2": -0.7791443039851327, "d3": -0.20475609936331463, "d4": -2.294170971613913, "p1": 5.6863950979234135, "p2": 37.57387357960293, "p3": 45.546940205742544, "p4": 31.482955785373306, "pol1": -0.5285674874469657, "pol2": -0.9261076177745646, "pol3": -0.685340408135954, "pol4": 0.422642671494897, "v0s": 6.726094316932655}, "datetime": {"datetime": "2022-05-17 11:18:06", "elapsed": 56102.036266, "delta": 32.148016}}
{"target": 4.998255680146121, "params": {"Bgrad": 1.2321720855154092, "d1": -2.521944955900301, "d2": 0.4679414720008306, "d3": -1.6529007912569305, "d4": -0.19414861832377506, "p1": 30.346051411078555, "p2": 31.323245338733365, "p3": 9.215343637474472, "p4": 45.82839202395527, "pol1": 0.40097348286766166, "pol2": 0.1785115238371282, "pol3": 0.871638182121198, "pol4": 0.11792414909312332, "v0s": 4.998255680146121}, "datetime": {"datetime": "2022-05-17 11:18:26", "elapsed": 56121.531125, "delta": 19.494859}}
{"target": -1.0, "params": {"Bgrad": 1.1519028227832138, "d1": 0.7512914257448693, "d2": -2.5708442348626837, "d3": -1.656445738114812, "d4": -2.5350247391161935, "p1": 5.856592704694502, "p2": 33.32347521158221, "p3": 34.23084079074253, "p4": 19.63449850570189, "pol1": -0.24262377289325743, "pol2": -0.1232369529181565, "pol3": -0.3527457782614716, "pol4": -0.6533798915342794, "v0s": 5.336445615085774}, "datetime": {"datetime": "2022-05-17 11:18:57", "elapsed": 56152.542181, "delta": 31.011056}}
{"target": 5.02697313136061, "params": {"Bgrad": 1.5575153622864726, "d1": -2.288551309255983, "d2": 0.6666335030962625, "d3": -1.0220073768088918, "d4": -2.82567324723977, "p1": 6.242603919967757, "p2": 26.076117184482282, "p3": 44.22025032801401, "p4": 21.6771098538379, "pol1": 1.0, "pol2": -0.9115448582571491, "pol3": -0.6441162370596795, "pol4": -0.0012400039460464935, "v0s": 5.02697313136061}, "datetime": {"datetime": "2022-05-17 11:19:17", "elapsed": 56173.03537, "delta": 20.493189}}
{"target": 2.806083159312442, "params": {"Bgrad": 1.536569816473614, "d1": -2.8617697703596146, "d2": -0.15560450838183826, "d3": -2.6355867542827527, "d4": -2.757192941144899, "p1": 5.445806025833883, "p2": 32.052322888345365, "p3": 33.33612893970439, "p4": 43.061882019197235, "pol1": 0.00013186611660276348, "pol2": 0.5717537612958157, "pol3": -0.3156704646853501, "pol4": 0.6820437043622762, "v0s": 2.806083159312442}, "datetime": {"datetime": "2022-05-17 11:19:43", "elapsed": 56198.613957, "delta": 25.578587}}
{"target": 3.6268731966569465, "params": {"Bgrad": 0.7391067760529499, "d1": -2.0489977800275567, "d2": -0.7777593387854904, "d3": -0.9701186584899246, "d4": -2.2726580900024533, "p1": 0.6624474769611366, "p2": 4.827931263091356, "p3": 42.74668985619194, "p4": 25.232565700452486, "pol1": 0.699983854345559, "pol2": -0.2124546152686575, "pol3": -0.19290463481594955, "pol4": 0.39011950136095863, "v0s": 3.6268731966569465}, "datetime": {"datetime": "2022-05-17 11:19:59", "elapsed": 56214.926327, "delta": 16.31237}}
{"target": -1.0, "params": {"Bgrad": 1.5174730687341902, "d1": 0.021272517110237033, "d2": 0.43065577746626094, "d3": 0.07626233158241025, "d4": -0.2728867706305671, "p1": 1.3489518316689653, "p2": 4.493080809767131, "p3": 43.56677764762213, "p4": 25.707558641985322, "pol1": 0.26506384883319156, "pol2": -0.17580666266926537, "pol3": 0.3905967122191507, "pol4": -0.46912945846392184, "v0s": 2.4795219113150275}, "datetime": {"datetime": "2022-05-17 11:20:34", "elapsed": 56250.183029, "delta": 35.256702}}
{"target": 3.2732236543460655, "params": {"Bgrad": 0.8094724687075807, "d1": -1.7157125346642315, "d2": 0.8786935696840086, "d3": -2.7146483462277864, "d4": -1.079441729262261, "p1": 6.110439221407621, "p2": 32.62698647813128, "p3": 31.465091617367158, "p4": 41.307992026791226, "pol1": 0.2865680676218454, "pol2": -0.6667567536839534, "pol3": 0.9287128467275994, "pol4": -0.8349770154034357, "v0s": 3.2732236543460655}, "datetime": {"datetime": "2022-05-17 11:20:51", "elapsed": 56267.057895, "delta": 16.874866}}
{"target": -1.0, "params": {"Bgrad": 0.842783505249945, "d1": -1.7534634908345663, "d2": -0.004793114550750044, "d3": -2.6591931591341917, "d4": -0.3547730645713689, "p1": 28.784840454357575, "p2": 10.413484376403797, "p3": 9.571901278812584, "p4": 25.384367880350784, "pol1": -0.8217984105939677, "pol2": -0.8265148458257803, "pol3": 0.23054046676965734, "pol4": 0.8060461489321336, "v0s": 2.62609270788253}, "datetime": {"datetime": "2022-05-17 11:21:08", "elapsed": 56284.115273, "delta": 17.057378}}
{"target": 3.6829132684226655, "params": {"Bgrad": 1.6996315641970483, "d1": -2.400755477806897, "d2": 0.8016201433319825, "d3": -0.8105152612395874, "d4": -2.3451885585297156, "p1": 38.41968928060906, "p2": 9.764218999017748, "p3": 40.132977672136775, "p4": 38.68172499676736, "pol1": -0.310213905847756, "pol2": -0.3310487854883941, "pol3": 0.02528969251457025, "pol4": -0.848372265924253, "v0s": 3.6829132684226655}, "datetime": {"datetime": "2022-05-17 11:21:27", "elapsed": 56302.912996, "delta": 18.797723}}
{"target": 5.457289722087483, "params": {"Bgrad": 0.8883944100773973, "d1": -2.728960250948986, "d2": 1.0, "d3": -1.4201684569416522, "d4": -0.7166811831854041, "p1": 28.48164429925402, "p2": 10.49469711384856, "p3": 10.357702799951522, "p4": 25.616569952236237, "pol1": -0.0458727472869471, "pol2": -0.06839145396836853, "pol3": -0.3306811835546225, "pol4": -0.6247866402320458, "v0s": 5.457289722087483}, "datetime": {"datetime": "2022-05-17 11:21:52", "elapsed": 56327.428426, "delta": 24.51543}}
{"target": 4.208124310587618, "params": {"Bgrad": 1.5954157337045403, "d1": -2.1061557638257447, "d2": -1.8218556296624362, "d3": -1.3636307141378596, "d4": -2.8115875463352853, "p1": 4.022161618777559, "p2": 9.373529430251242, "p3": 39.47533030838829, "p4": 28.482422622915003, "pol1": 0.49388170804798026, "pol2": -0.9401211426395129, "pol3": 0.6093921869409566, "pol4": -0.7161131922015445, "v0s": 4.208124310587618}, "datetime": {"datetime": "2022-05-17 11:22:14", "elapsed": 56349.872397, "delta": 22.443971}}
{"target": -1.0, "params": {"Bgrad": 1.4647335528745353, "d1": -1.3496147755118728, "d2": -0.2507218711372743, "d3": -1.3134484191224431, "d4": -0.3195375808017302, "p1": 2.9237696833251894, "p2": 32.178920341995365, "p3": 30.839553189884533, "p4": 38.90589280361867, "pol1": -0.03148175870413561, "pol2": -0.06623036476338351, "pol3": 0.48742906087989124, "pol4": -0.4604772552723213, "v0s": 4.990559464624327}, "datetime": {"datetime": "2022-05-17 11:22:41", "elapsed": 56376.639805, "delta": 26.767408}}
{"target": 4.9665953956391675, "params": {"Bgrad": 0.5, "d1": -1.7339144778293907, "d2": 0.6770815562501765, "d3": -1.8453629838003862, "d4": -2.548546939006978, "p1": 38.39300252079151, "p2": 46.039189859686935, "p3": 15.881699637314238, "p4": 13.179511000297218, "pol1": -0.2280295958209806, "pol2": 0.6988475763234606, "pol3": -0.06135082493562225, "pol4": 0.8758805055000012, "v0s": 4.9665953956391675}, "datetime": {"datetime": "2022-05-17 11:23:13", "elapsed": 56408.241283, "delta": 31.601478}}
{"target": 4.919989418859003, "params": {"Bgrad": 1.664185776135793, "d1": -2.71483360108434, "d2": 0.606148572895153, "d3": -2.9695646852967745, "d4": -0.24411739547042513, "p1": 4.740112773637951, "p2": 35.83449394123264, "p3": 31.36138221660465, "p4": 39.854775862135284, "pol1": 0.7825682991064552, "pol2": 0.2945785949035362, "pol3": -0.6764950303661289, "pol4": -0.2165305705460865, "v0s": 4.919989418859003}, "datetime": {"datetime": "2022-05-17 11:23:35", "elapsed": 56431.094159, "delta": 22.852876}}
{"target": 4.668422880318871, "params": {"Bgrad": 1.3719832597698978, "d1": -2.4193359619695656, "d2": 0.8316228595549003, "d3": -2.0206482265489085, "d4": -1.3013043918610376, "p1": 29.333790289449915, "p2": 30.516140491719675, "p3": 8.365353475834741, "p4": 44.68690942874841, "pol1": 0.5608730896311034, "pol2": -0.3219547245324042, "pol3": 0.5816055690003034, "pol4": 0.5853574534103761, "v0s": 4.668422880318871}, "datetime": {"datetime": "2022-05-17 11:24:02", "elapsed": 56457.759839, "delta": 26.66568}}
{"target": -1.0, "params": {"Bgrad": 0.8369628171083499, "d1": -2.3990717567773867, "d2": -1.5214759606799109, "d3": -0.004176096509818539, "d4": 0.7543131982935938, "p1": 31.023726384783295, "p2": 30.107687838404267, "p3": 9.917855991177598, "p4": 47.12970670693613, "pol1": -0.36443003867760915, "pol2": -0.8289738927866201, "pol3": -0.4482172229613093, "pol4": 0.7997086668920066, "v0s": 4.629999552827665}, "datetime": {"datetime": "2022-05-17 11:24:24", "elapsed": 56479.241383, "delta": 21.481544}}
{"target": -1.0, "params": {"Bgrad": 0.803983528927844, "d1": -0.560121757723365, "d2": 0.8120241555653442, "d3": -2.250000670079636, "d4": -2.148704025835729, "p1": 0.051032422915459064, "p2": 36.12823462330954, "p3": 31.246537623593824, "p4": 37.04146922348001, "pol1": -0.33792475889712703, "pol2": 0.30867137754437834, "pol3": 0.43840729414912416, "pol4": -0.8672699847873382, "v0s": 3.334932043653856}, "datetime": {"datetime": "2022-05-17 11:24:44", "elapsed": 56500.043746, "delta": 20.802363}}
{"target": -1.0, "params": {"Bgrad": 1.9730251737309918, "d1": -1.1520730598582096, "d2": 0.9406331249829054, "d3": -0.5922424184421513, "d4": -1.690155024269857, "p1": 35.40776469898899, "p2": 10.170856470861732, "p3": 41.97048899832898, "p4": 37.76322204849145, "pol1": -0.8112333714595599, "pol2": -0.5918088554950447, "pol3": -0.163677149423614, "pol4": -0.44873068210540645, "v0s": 2.3534092436404483}, "datetime": {"datetime": "2022-05-17 11:25:01", "elapsed": 56517.033306, "delta": 16.98956}}
{"target": 5.0947592431269495, "params": {"Bgrad": 0.6312121466818279, "d1": -2.408380223519958, "d2": -0.7274362354751713, "d3": -2.6873514486541494, "d4": 0.22612163025853116, "p1": 35.326957104266654, "p2": 5.418304080674952, "p3": 37.11583744552884, "p4": 28.281120750919424, "pol1": 0.4437095355135088, "pol2": -0.734199042791007, "pol3": 0.7433627241392988, "pol4": 0.16319327866085587, "v0s": 5.0947592431269495}, "datetime": {"datetime": "2022-05-17 11:25:22", "elapsed": 56537.755879, "delta": 20.722573}}
{"target": 4.654835917464643, "params": {"Bgrad": 0.9107777936872087, "d1": -2.207539996509306, "d2": 1.0, "d3": -1.9272719423256228, "d4": -2.8200010455897355, "p1": 28.74582990154558, "p2": 29.701550234388, "p3": 7.821378940474133, "p4": 43.988475169935604, "pol1": 0.6340556776891753, "pol2": 0.14181462316307458, "pol3": 0.34178506191906355, "pol4": 0.6261811219839101, "v0s": 4.654835917464643}, "datetime": {"datetime": "2022-05-17 11:25:55", "elapsed": 56570.577095, "delta": 32.821216}}
