{"target": 4.395944547707556, "params": {"Bgrad": 1.5980939537002519, "d1": -2.612632982147761, "d2": -0.4931426604147746, "d3": -0.8827879012172271, "d4": -1.0715738988748758, "p1": 2.9587464881410175, "p2": 29.026253428455284, "p3": 25.7773389663833, "p4": 24.031217324557115, "pol1": 0.8593096193962542, "pol2": -0.1474246440537963, "pol3": 0.29327255187727697, "pol4": -0.7136916812375584, "v0s": 4.395944547707556}, "datetime": {"datetime": "2022-04-30 00:15:57", "elapsed": 117870.019923, "delta": 22.339269}}
{"target": -1.0, "params": {"Bgrad": 1.248532725173558, "d1": -1.4842057016641617, "d2": -0.33273293128129167, "d3": -1.4103295650549366, "d4": -1.7912244140897147, "p1": 26.271281043998822, "p2": 6.167311779916246, "p3": 31.729718004092994, "p4": 27.389346246538505, "pol1": -0.6926798846053934, "pol2": -0.8536662964646968, "pol3": 0.9674728104803252, "pol4": -0.4870958156602092, "v0s": 3.5967563266935234}, "datetime": {"datetime": "2022-04-30 00:16:47", "elapsed": 117920.097026, "delta": 50.077103}}
{"target": 4.272680316125854, "params": {"Bgrad": 1.1918650626402196, "d1": -0.8070288780662814, "d2": 0.8027417812701789, "d3": -0.6382718217634581, "d4": -1.577016976616666, "p1": 0.06033334062274809, "p2": 16.4977899283838, "p3": 11.901376716695355, "p4": 4.677458651547625, "pol1": -0.20139153021637077, "pol2": -0.007556602479434965, "pol3": 0.903542659014993, "pol4": -0.6935208765919035, "v0s": 4.272680316125854}, "datetime": {"datetime": "2022-04-30 00:17:11", "elapsed": 117943.5563, "delta": 23.459274}}
{"target": 2.5220785044117644, "params": {"Bgrad": 0.5874793174243639, "d1": -1.4418794704922862, "d2": 0.43882478578372375, "d3": -1.6598906020216897, "d4": 0.005284888084531314, "p1": 47.48756342900269, "p2": 43.26924448110145, "p3": 6.93046399315711, "p4": 21.653959290838245, "pol1": -0.043267200053266786, "pol2": 0.3490978120368755, "pol3": 0.30282112123369, "pol4": 0.328747402799932, "v0s": 2.5220785044117644}, "datetime": {"datetime": "2022-04-30 00:17:59", "elapsed": 117991.612806, "delta": 48.056506}}
{"target": -1.0, "params": {"Bgrad": 1.1837161167632189, "d1": -1.1274809322686608, "d2": -0.6000364698502074, "d3": -0.5897392978818305, "d4": -1.1386510721842242, "p1": 6.360400239468928, "p2": 11.586758814260506, "p3": 34.555129704413076, "p4": 3.301226063808893, "pol1": -0.10259759051722805, "pol2": -0.08758208622887542, "pol3": -0.3483221293585712, "pol4": 0.7568297899235517, "v0s": 4.771948500997328}, "datetime": {"datetime": "2022-04-30 00:18:45", "elapsed": 118037.824245, "delta": 46.211439}}
{"target": -1.0, "params": {"Bgrad": 0.5601360536472041, "d1": -2.5612375828106564, "d2": 0.35836545823681654, "d3": -1.6638525022876522, "d4": -2.5395100875789196, "p1": 24.27886326643756, "p2": 22.87411789480604, "p3": 9.00116593144356, "p4": 34.433662083221336, "pol1": -0.1568382421438279, "pol2": -0.18215355645984688, "pol3": 0.9034384065615175, "pol4": -0.924197139985008, "v0s": 6.589827504578796}, "datetime": {"datetime": "2022-04-30 00:19:10", "elapsed": 118063.287162, "delta": 25.462917}}
{"target": 4.918199778708447, "params": {"Bgrad": 1.8184479156938198, "d1": -2.0499794645463254, "d2": 1.0, "d3": -0.849418351219132, "d4": -2.424112684111473, "p1": 33.41540492227465, "p2": 13.652905512312184, "p3": 4.222600908993126, "p4": 17.002442927202267, "pol1": -0.21365868589425444, "pol2": 0.08393774956821157, "pol3": 1.0, "pol4": -0.05676393969281526, "v0s": 4.918199778708447}, "datetime": {"datetime": "2022-04-30 00:19:41", "elapsed": 118093.728766, "delta": 30.441604}}
{"target": -1.0, "params": {"Bgrad": 1.081943693689356, "d1": -1.346511641314462, "d2": -0.5284111818607049, "d3": -2.831214891336797, "d4": 0.2717691807468441, "p1": 28.415422837410908, "p2": 42.66784460719942, "p3": 28.37163754312461, "p4": 20.05961163544874, "pol1": 0.7664844577930829, "pol2": -0.22759108567190456, "pol3": -0.4201768287367198, "pol4": -0.022540966659992723, "v0s": 4.386132145961744}, "datetime": {"datetime": "2022-04-30 00:20:10", "elapsed": 118122.850899, "delta": 29.122133}}
{"target": 4.203516612911725, "params": {"Bgrad": 1.501432623313414, "d1": -2.4137163616354558, "d2": 0.5568683583641167, "d3": -2.569099065218622, "d4": -1.5591911794141797, "p1": 39.062391963992525, "p2": 7.511824179028389, "p3": 10.2940149585314, "p4": 24.266513396041983, "pol1": -0.5013552895583427, "pol2": 0.06270062010487086, "pol3": 0.008729364449064895, "pol4": 0.7647834639641785, "v0s": 4.203516612911725}, "datetime": {"datetime": "2022-04-30 00:20:40", "elapsed": 118152.999288, "delta": 30.148389}}
{"target": -1.0, "params": {"Bgrad": 1.0539225332835798, "d1": -2.9910378555346053, "d2": -1.5017269598103775, "d3": 0.13371537781635157, "d4": -2.910745336241393, "p1": 16.331133981315055, "p2": 17.658174065211373, "p3": 30.05247425029746, "p4": 36.2932035555732, "pol1": 0.0022181629412447723, "pol2": -0.8840948483835471, "pol3": -0.6381361793830833, "pol4": 0.2020947683597185, "v0s": 4.209447957426363}, "datetime": {"datetime": "2022-04-30 00:21:13", "elapsed": 118185.660956, "delta": 32.661668}}
{"target": -1.0, "params": {"Bgrad": 1.1050068658898207, "d1": -1.3353684801416832, "d2": -0.28049070764124195, "d3": -0.7237744268625579, "d4": -1.4192077334977493, "p1": 3.019967172492427, "p2": 20.5925499104612, "p3": 12.160107125004538, "p4": 27.90017244162716, "pol1": -0.10941261690342663, "pol2": 0.4651801967911886, "pol3": -0.3336821230493301, "pol4": -0.9072861935050371, "v0s": 2.2155761998410632}, "datetime": {"datetime": "2022-04-30 00:21:37", "elapsed": 118209.559057, "delta": 23.898101}}
{"target": -1.0, "params": {"Bgrad": 0.5071725798113655, "d1": -2.980146716153974, "d2": 0.6286450899085714, "d3": -2.398111095365122, "d4": 0.6879786739038307, "p1": 1.5652715741143686, "p2": 9.637218475897136, "p3": 24.152600745161536, "p4": 15.983043292640431, "pol1": 0.14586586952838188, "pol2": 0.17028333784331773, "pol3": 0.2690869962232214, "pol4": -0.3355578015414298, "v0s": 3.3130768364718097}, "datetime": {"datetime": "2022-04-30 00:22:01", "elapsed": 118234.266992, "delta": 24.707935}}
{"target": 4.429816867615925, "params": {"Bgrad": 0.7676992971099208, "d1": -1.6977832520432412, "d2": 0.1784516177648574, "d3": -2.750282063635732, "d4": -2.2586796975009333, "p1": 38.2178482138597, "p2": 27.383898772170607, "p3": 23.421774720931765, "p4": 35.30715879306425, "pol1": 0.8740448353088912, "pol2": 0.07686120668695051, "pol3": -0.2461678615830134, "pol4": -0.5544021900780047, "v0s": 4.429816867615925}, "datetime": {"datetime": "2022-04-30 00:22:23", "elapsed": 118255.667771, "delta": 21.400779}}
{"target": -1.0, "params": {"Bgrad": 1.5725590140023198, "d1": -1.8119234134328108, "d2": 0.27149164540138404, "d3": 0.35678532914243233, "d4": -1.6582991694094935, "p1": 13.972149932009199, "p2": 46.83358587966301, "p3": 28.415942023650725, "p4": 11.951880733418585, "pol1": -0.1128310673458921, "pol2": -0.3520177682611829, "pol3": 0.25656092050757073, "pol4": 0.6787862574431671, "v0s": 5.226887338040843}, "datetime": {"datetime": "2022-04-30 00:23:17", "elapsed": 118309.721242, "delta": 54.053471}}
{"target": -1.0, "params": {"Bgrad": 1.9988878352331474, "d1": -1.7244795082405315, "d2": -0.4389812694665225, "d3": -0.8730020481552616, "d4": -0.915443073892547, "p1": 16.92184259394488, "p2": 41.59929291527886, "p3": 0.28615682342818527, "p4": 31.093344406412584, "pol1": -0.1656314523167579, "pol2": -0.5072825533861738, "pol3": 0.4672203956824079, "pol4": 0.9187840199941117, "v0s": 4.342995138714517}, "datetime": {"datetime": "2022-04-30 00:24:20", "elapsed": 118372.60211, "delta": 62.880868}}
{"target": 4.651397967960248, "params": {"Bgrad": 1.4217896147238427, "d1": -2.9591447644861213, "d2": 0.7778278215401437, "d3": -0.94335732135111, "d4": -1.0056212497062065, "p1": 42.838068414996485, "p2": 43.29262842805813, "p3": 30.108530200211842, "p4": 15.490940227565359, "pol1": 0.8903782488365357, "pol2": -0.6489793406867412, "pol3": -0.26097001886965066, "pol4": -0.023606343203639968, "v0s": 4.651397967960248}, "datetime": {"datetime": "2022-04-30 00:25:05", "elapsed": 118417.647666, "delta": 45.045556}}
{"target": -1.0, "params": {"Bgrad": 1.6476460887366429, "d1": -2.1583671017019963, "d2": 0.709525813205945, "d3": -0.24060543417139657, "d4": 0.8249160042636046, "p1": 5.727975284923648, "p2": 0.7502407747543016, "p3": 40.49016814250459, "p4": 47.079567304346696, "pol1": -0.3030872606988684, "pol2": 0.7507901034703799, "pol3": 0.8845271424791188, "pol4": 0.6654260185925169, "v0s": 2.875813532706488}, "datetime": {"datetime": "2022-04-30 00:26:03", "elapsed": 118476.227027, "delta": 58.579361}}
{"target": -1.0, "params": {"Bgrad": 1.892283205450381, "d1": -1.6717190345865474, "d2": -0.26486563120444817, "d3": 0.4445566741656357, "d4": -1.5446820623364292, "p1": 31.05345176883516, "p2": 5.7758271618350285, "p3": 7.573252854035584, "p4": 25.098873378522608, "pol1": -0.9660794496723137, "pol2": -0.3032920160392145, "pol3": -0.032195801690597436, "pol4": -0.6079276281905173, "v0s": 6.264715547862617}, "datetime": {"datetime": "2022-04-30 00:26:53", "elapsed": 118526.189436, "delta": 49.962409}}
{"target": -1.0, "params": {"Bgrad": 1.435026614412958, "d1": -1.2422467525849665, "d2": 0.8505100605735789, "d3": -2.6436402455644266, "d4": -1.5308317506989217, "p1": 38.95526574884251, "p2": 48.985805548685434, "p3": 16.924423883483584, "p4": 9.578822418898941, "pol1": -0.8067538604059055, "pol2": -0.4643541117939307, "pol3": -0.05946578616203446, "pol4": 0.3007271731881076, "v0s": 5.124800159863002}, "datetime": {"datetime": "2022-04-30 00:27:27", "elapsed": 118560.428886, "delta": 34.23945}}
{"target": -1.0, "params": {"Bgrad": 1.086130594417578, "d1": -0.17327032094011363, "d2": 0.32722578015128034, "d3": -1.8370114790260343, "d4": 0.4537157938390912, "p1": 6.53906931965047, "p2": 14.435931279717757, "p3": 33.270356449308245, "p4": 2.4993283236314, "pol1": 0.04939339100775997, "pol2": -0.12921536158140956, "pol3": 0.8917206531887683, "pol4": -0.9133685832449445, "v0s": 5.096523184992934}, "datetime": {"datetime": "2022-04-30 00:28:15", "elapsed": 118607.666582, "delta": 47.237696}}
{"target": 4.804786020929526, "params": {"Bgrad": 1.0932337450534526, "d1": -1.9760365137290767, "d2": 0.07792708307143553, "d3": -1.8313211145722468, "d4": 0.11913354381223303, "p1": 45.909197086242905, "p2": 26.004148609630658, "p3": 21.863136490178533, "p4": 4.507682057727369, "pol1": -0.3909259298234385, "pol2": 0.6826964579253922, "pol3": -0.49350043678219224, "pol4": 0.3141265649626788, "v0s": 4.804786020929526}, "datetime": {"datetime": "2022-04-30 00:28:43", "elapsed": 118636.40873, "delta": 28.742148}}
{"target": 3.3699287618432154, "params": {"Bgrad": 1.2745599525734819, "d1": -0.510909198828168, "d2": -1.1968256333710792, "d3": -1.6896541169145394, "d4": -2.072746533822845, "p1": 5.616790101215308, "p2": 1.1359503557360817, "p3": 37.08771991741516, "p4": 46.37936789431597, "pol1": -0.10482726947011889, "pol2": 0.7900092734145339, "pol3": -0.613479629344339, "pol4": -0.7702688680361867, "v0s": 3.3699287618432154}, "datetime": {"datetime": "2022-04-30 00:29:09", "elapsed": 118662.289529, "delta": 25.880799}}
{"target": -1.0, "params": {"Bgrad": 1.7914950264809448, "d1": -2.675014774695122, "d2": -0.2370585381239283, "d3": -2.2398092435510764, "d4": -0.8792745567054601, "p1": 16.43807545878579, "p2": 37.334308052929934, "p3": 1.3288118314121578, "p4": 31.118484573904233, "pol1": -0.4307153324225217, "pol2": -0.37909420954159434, "pol3": -0.7263356982986062, "pol4": -0.4890444701559291, "v0s": 6.600329242785783}, "datetime": {"datetime": "2022-04-30 00:29:59", "elapsed": 118711.801144, "delta": 49.511615}}
{"target": 3.5850724119759305, "params": {"Bgrad": 1.6146636743348766, "d1": -1.5366956307502797, "d2": -0.02234359896506853, "d3": -2.0708592538033037, "d4": 0.045208818902304646, "p1": 23.45751497893227, "p2": 28.77003523917343, "p3": 25.21239521751423, "p4": 4.585654158071335, "pol1": -0.5062863735834585, "pol2": 0.11410828905106127, "pol3": -0.3764999789602061, "pol4": -0.6632281414918375, "v0s": 3.5850724119759305}, "datetime": {"datetime": "2022-04-30 00:30:46", "elapsed": 118758.752605, "delta": 46.951461}}
{"target": -1.0, "params": {"Bgrad": 1.6765579959217036, "d1": -0.8670137877959716, "d2": 0.7814425696318135, "d3": -1.6674827954540192, "d4": -1.0551590391511003, "p1": 0.64186969509471, "p2": 46.45435180043865, "p3": 48.53207313591803, "p4": 33.72995580727923, "pol1": 0.40694733324712073, "pol2": 0.8703079788892469, "pol3": -0.5842555551630639, "pol4": 0.9612072412355994, "v0s": 3.0131528970975827}, "datetime": {"datetime": "2022-04-30 00:31:35", "elapsed": 118808.463686, "delta": 49.711081}}
{"target": -1.0, "params": {"Bgrad": 1.2851195410635, "d1": -2.71972461381931, "d2": -0.39301352671761514, "d3": -0.041158027568779065, "d4": -1.0921944707030469, "p1": 2.7097267329675487, "p2": 5.230944375239427, "p3": 22.79607403509678, "p4": 17.453643767468837, "pol1": -0.26181196713284205, "pol2": 0.14377359528014244, "pol3": -0.23431519606618045, "pol4": 0.11148036786236304, "v0s": 6.845158955629462}, "datetime": {"datetime": "2022-04-30 00:32:22", "elapsed": 118854.83071, "delta": 46.367024}}
{"target": 5.011273265484386, "params": {"Bgrad": 1.145231633618522, "d1": -2.9044686762344387, "d2": 0.8103021451520296, "d3": -0.9174686495430255, "d4": -2.260431785005782, "p1": 16.4663991293096, "p2": 37.71204136478807, "p3": 1.0696056038899449, "p4": 31.1296860047706, "pol1": 0.2670691450529439, "pol2": -0.638485562567854, "pol3": 0.4030621686846825, "pol4": -0.8703337941785139, "v0s": 5.011273265484386}, "datetime": {"datetime": "2022-04-30 00:32:53", "elapsed": 118886.272639, "delta": 31.441929}}
{"target": -1.0, "params": {"Bgrad": 1.8162712975253168, "d1": -1.612025426468581, "d2": -0.7912824421313784, "d3": -1.0789700559276754, "d4": -0.22625184022601408, "p1": 16.844850741214344, "p2": 16.32676882897205, "p3": 33.567805881315635, "p4": 35.02967664320573, "pol1": 0.46948227640089946, "pol2": 0.085981444496392, "pol3": 0.04806940961187989, "pol4": 0.10961029312412296, "v0s": 3.5843289764690343}, "datetime": {"datetime": "2022-04-30 00:33:38", "elapsed": 118931.455827, "delta": 45.183188}}
{"target": -1.0, "params": {"Bgrad": 1.4685665328827167, "d1": -2.8063618625194184, "d2": 0.8193378641934332, "d3": -2.817464660647924, "d4": -0.908160307231848, "p1": 48.269351695726066, "p2": 27.14770304800403, "p3": 21.91009533289862, "p4": 5.3259724887307955, "pol1": 0.04657572408159161, "pol2": -0.45165581674477706, "pol3": -0.29347951631746305, "pol4": 0.5974590722392783, "v0s": 5.393975761034846}, "datetime": {"datetime": "2022-04-30 00:34:08", "elapsed": 118961.407742, "delta": 29.951915}}
{"target": 4.301704416715022, "params": {"Bgrad": 1.019288679475265, "d1": -0.46160635114999204, "d2": 0.6892639193150526, "d3": -2.1299904519210875, "d4": -0.268885536110654, "p1": 12.029849405512744, "p2": 21.088421012697996, "p3": 35.588774784060504, "p4": 34.270599463203745, "pol1": 0.5435147092268731, "pol2": -0.6987346591615868, "pol3": -0.133993456552177, "pol4": -0.07302553008396134, "v0s": 4.301704416715022}, "datetime": {"datetime": "2022-04-30 00:34:58", "elapsed": 119010.891432, "delta": 49.48369}}
{"target": 3.192396713902889, "params": {"Bgrad": 0.8113888448925242, "d1": -1.3593450152345927, "d2": 0.3374849056517217, "d3": -0.6928255212986485, "d4": -0.07167219619486438, "p1": 47.047510032790704, "p2": 43.515819239840454, "p3": 6.494254947670207, "p4": 22.253890655781223, "pol1": -0.13184062733300725, "pol2": 0.13142825651304357, "pol3": 0.6620230530792187, "pol4": 0.5107181114427084, "v0s": 3.192396713902889}, "datetime": {"datetime": "2022-04-30 00:35:45", "elapsed": 119058.167025, "delta": 47.275593}}
{"target": -1.0, "params": {"Bgrad": 1.8702936107587989, "d1": 0.27367493132592013, "d2": -2.7170789858557796, "d3": -2.2518574546229915, "d4": -2.6057214544920226, "p1": 35.448505047972425, "p2": 4.255875272723281, "p3": 8.434062019052913, "p4": 38.491780485467245, "pol1": 0.007257210575777551, "pol2": 0.12206491284239918, "pol3": -0.05117128783132552, "pol4": -0.674197994446605, "v0s": 4.175477964575899}, "datetime": {"datetime": "2022-04-30 00:36:23", "elapsed": 119095.612902, "delta": 37.445877}}
{"target": 5.055592152212887, "params": {"Bgrad": 1.6585505759225385, "d1": -1.2511025808926575, "d2": 0.054122930271399916, "d3": -1.3478032511429907, "d4": -1.9644655470610117, "p1": 8.104988889189347, "p2": 37.791990687617, "p3": 35.09522230623183, "p4": 33.7436550853155, "pol1": -0.4384513544985691, "pol2": 0.3047944774314668, "pol3": -0.47291324527976664, "pol4": 0.7757954149444561, "v0s": 5.055592152212887}, "datetime": {"datetime": "2022-04-30 00:36:55", "elapsed": 119127.630293, "delta": 32.017391}}
{"target": 4.793148372883077, "params": {"Bgrad": 1.193066495830822, "d1": -1.2257138414259812, "d2": 0.4702575321779272, "d3": -1.1460465641544038, "d4": -1.832464353271389, "p1": 38.95401287359856, "p2": 40.54371823098602, "p3": 30.785723400302, "p4": 38.39811176616866, "pol1": -0.7015460523091102, "pol2": 0.8913042462574841, "pol3": 0.15831124781840233, "pol4": 0.7803416857012071, "v0s": 4.793148372883077}, "datetime": {"datetime": "2022-04-30 00:37:52", "elapsed": 119185.04378, "delta": 57.413487}}
{"target": -1.0, "params": {"Bgrad": 0.8207842191572199, "d1": -2.2978251014118896, "d2": -0.8448817813028278, "d3": -2.4751429013136987, "d4": -0.9997988135528191, "p1": 41.46749403340418, "p2": 40.3920441187807, "p3": 30.408376593849496, "p4": 16.810986688141817, "pol1": -0.6333562798133967, "pol2": -0.20063812798102676, "pol3": 0.07239039083941656, "pol4": 0.1173613636462727, "v0s": 4.861886728726395}, "datetime": {"datetime": "2022-04-30 00:38:22", "elapsed": 119215.491369, "delta": 30.447589}}
{"target": -1.0, "params": {"Bgrad": 1.9374941132031411, "d1": -2.963449141990847, "d2": -0.7378644071128448, "d3": -0.22590646055259267, "d4": -0.03847618685267129, "p1": 4.152399864052237, "p2": 9.398186981000457, "p3": 22.68441614853111, "p4": 16.395043599461605, "pol1": 0.3001217405882255, "pol2": 0.2639971942407937, "pol3": 0.7365243608871654, "pol4": -0.37424769330743635, "v0s": 6.933488000795564}, "datetime": {"datetime": "2022-04-30 00:39:27", "elapsed": 119280.43572, "delta": 64.944351}}
{"target": 3.260906018287174, "params": {"Bgrad": 1.8845622345347597, "d1": -2.1160964270063785, "d2": 0.8748200604931413, "d3": -1.147815573527934, "d4": 0.13407145916593777, "p1": 2.827034390448552, "p2": 8.67203723359099, "p3": 22.61549832316717, "p4": 16.66421766408507, "pol1": -0.45063619161565094, "pol2": 0.935552656189131, "pol3": -0.3844309988031249, "pol4": -0.2509273144576547, "v0s": 3.260906018287174}, "datetime": {"datetime": "2022-04-30 00:39:54", "elapsed": 119307.403612, "delta": 26.967892}}
{"target": 3.9956067102469515, "params": {"Bgrad": 1.0673518842924254, "d1": -0.5797314037344615, "d2": 0.5245585689291353, "d3": -1.8774463816012208, "d4": -1.105513094112424, "p1": 6.940869822809795, "p2": 35.584850002713004, "p3": 33.233432691416574, "p4": 7.003128983820481, "pol1": -0.7945866719485255, "pol2": 0.4819419190181381, "pol3": 0.14995489922210728, "pol4": 0.7289848884383008, "v0s": 3.9956067102469515}, "datetime": {"datetime": "2022-04-30 00:40:44", "elapsed": 119356.990027, "delta": 49.586415}}
{"target": -1.0, "params": {"Bgrad": 0.9610487774940557, "d1": -1.0624286227768858, "d2": -0.3232352824079672, "d3": -0.22050929167819833, "d4": -1.9599635451983053, "p1": 2.558985852000728, "p2": 29.662418839854432, "p3": 12.427757394814426, "p4": 19.87770917251596, "pol1": 0.7003929705375427, "pol2": -0.6755626642103387, "pol3": -0.3292250677262065, "pol4": 0.4554659975196613, "v0s": 5.043597344648055}, "datetime": {"datetime": "2022-04-30 00:41:44", "elapsed": 119417.458347, "delta": 60.46832}}
{"target": 4.225398825718438, "params": {"Bgrad": 1.7731296273313029, "d1": -1.7077750771226885, "d2": -0.8196692551294991, "d3": -2.1737658920016663, "d4": -2.8862038842051936, "p1": 7.505854889075792, "p2": 0.9755645233782917, "p3": 37.24857362749139, "p4": 47.68246422896393, "pol1": -0.19948909012748883, "pol2": 0.3202838975209359, "pol3": -0.5663360521979555, "pol4": 0.07993957332246304, "v0s": 4.225398825718438}, "datetime": {"datetime": "2022-04-30 00:42:20", "elapsed": 119453.50995, "delta": 36.051603}}
{"target": 3.937648626241492, "params": {"Bgrad": 1.647836973464234, "d1": -1.8587825116749133, "d2": -2.1580281330978903, "d3": -0.8042952409453381, "d4": -2.705148962489953, "p1": 36.96443293942403, "p2": 2.8009123316261153, "p3": 6.6619028876321815, "p4": 38.460863393839865, "pol1": -0.08723755802720201, "pol2": 0.874572678118144, "pol3": 0.921952815779665, "pol4": 0.4108220704339254, "v0s": 3.937648626241492}, "datetime": {"datetime": "2022-04-30 00:42:47", "elapsed": 119479.773726, "delta": 26.263776}}
{"target": -1.0, "params": {"Bgrad": 0.6881390805742571, "d1": -1.4520940524170718, "d2": -1.7860964860597073, "d3": -0.8742995037734071, "d4": -0.9219169042972202, "p1": 42.843276854863745, "p2": 24.61893292250362, "p3": 23.66265582616697, "p4": 3.832137325673901, "pol1": 0.1516141426272064, "pol2": -0.77605626788064, "pol3": -0.9567493337170447, "pol4": 0.8630529960796975, "v0s": 3.7891592671564656}, "datetime": {"datetime": "2022-04-30 00:43:13", "elapsed": 119505.722343, "delta": 25.948617}}
{"target": -1.0, "params": {"Bgrad": 1.5621875700274925, "d1": -1.387173530963381, "d2": -1.5961370095632033, "d3": -2.531510816887334, "d4": -0.49948569263616305, "p1": 28.742762575156146, "p2": 44.715406315968316, "p3": 26.013276943988227, "p4": 27.20016088966304, "pol1": 0.6952084805537946, "pol2": -0.6499845628565937, "pol3": 0.2158112442054252, "pol4": 0.9769109079348532, "v0s": 4.2323235152261525}, "datetime": {"datetime": "2022-04-30 00:43:47", "elapsed": 119540.164253, "delta": 34.44191}}
