{"target": 2.8403975088136932, "params": {"Bgrad": 0.5, "d1": -0.8248508777450696, "d2": 0.12850041241391733, "d3": -3.0, "d4": 0.03436897546886418, "p1": 13.116440882116663, "p2": 6.590218930218333, "p3": 7.215763662845287, "p4": 37.084048881522136, "pol1": 0.20500451223523344, "pol2": -0.20202595759320024, "pol3": 0.06484598644412512, "pol4": -1.0, "v0s": 2.8403975088136932}, "datetime": {"datetime": "2022-05-16 21:08:58", "elapsed": 5154.020548, "delta": 5.952081}}
{"target": -1.0, "params": {"Bgrad": 1.6000403442081568, "d1": -0.009458370711449948, "d2": -0.9429325827731394, "d3": -2.208502387623048, "d4": -2.16747454367345, "p1": 3.6708985021606133, "p2": 34.773948435460106, "p3": 37.05032907220423, "p4": 33.618454400693395, "pol1": -0.6781010717308058, "pol2": 0.5524627217057998, "pol3": -0.2541221233992903, "pol4": -0.20375324679066242, "v0s": 3.9843287930629856}, "datetime": {"datetime": "2022-05-16 21:09:11", "elapsed": 5166.661737, "delta": 12.641189}}
{"target": 3.4378497308277094, "params": {"Bgrad": 0.7806628027351278, "d1": -0.17165142328661245, "d2": 0.04923995718266247, "d3": -1.3791484360193136, "d4": -2.577788163128788, "p1": 21.19574802326266, "p2": 5.5882702169138305, "p3": 45.598206974481336, "p4": 39.045053100840555, "pol1": -0.1522103705438118, "pol2": 0.1320202896333913, "pol3": -0.56819606769246, "pol4": -0.09555350883909877, "v0s": 3.4378497308277094}, "datetime": {"datetime": "2022-05-16 21:09:15", "elapsed": 5170.924337, "delta": 4.2626}}
{"target": -1.0, "params": {"Bgrad": 0.8096189935646785, "d1": -0.8391200956339926, "d2": -1.665016456185597, "d3": 0.022604808656028208, "d4": -2.561779400050152, "p1": 1.1296453915303595, "p2": 29.324085357530315, "p3": 18.484108975964425, "p4": 12.190560310465749, "pol1": -0.020225866767006773, "pol2": -0.8316878583302074, "pol3": 0.1455179190815714, "pol4": 0.4667186921173381, "v0s": 3.86107697652934}, "datetime": {"datetime": "2022-05-16 21:09:24", "elapsed": 5179.848468, "delta": 8.924131}}
{"target": 3.1883991816714436, "params": {"Bgrad": 1.3674575866984524, "d1": -2.778194876869213, "d2": -0.9812584806808946, "d3": -2.702748803878326, "d4": 0.3894225807937697, "p1": 6.718998931128784, "p2": 39.234863647735686, "p3": 36.029382642472015, "p4": 36.353113446148285, "pol1": -0.6894182483105744, "pol2": 0.43626140202796426, "pol3": -0.7221998113706487, "pol4": 0.6663006209944551, "v0s": 3.1883991816714436}, "datetime": {"datetime": "2022-05-16 21:09:31", "elapsed": 5186.729065, "delta": 6.880597}}
{"target": 3.3393699100068783, "params": {"Bgrad": 1.3001839715976395, "d1": -2.868952883416241, "d2": 0.6728776676671462, "d3": -1.1844734228405303, "d4": -1.2484503359574246, "p1": 28.269082161589903, "p2": 26.398609751134344, "p3": 5.351564261583403, "p4": 45.15750624894761, "pol1": -0.2065069084284641, "pol2": 0.5917189217321936, "pol3": -0.7680550527117851, "pol4": 0.10806656923556268, "v0s": 3.3393699100068783}, "datetime": {"datetime": "2022-05-16 21:09:36", "elapsed": 5191.742656, "delta": 5.013591}}
{"target": 3.8351729628495956, "params": {"Bgrad": 2.0, "d1": -1.235824603549619, "d2": -0.12538718030190676, "d3": -0.6330730243849378, "d4": -0.5576581400057179, "p1": 0.5303263582067526, "p2": 31.299070023928916, "p3": 17.12962839310097, "p4": 11.605166097007302, "pol1": -0.5890939456936766, "pol2": 0.010697212108574, "pol3": 0.06974991847524875, "pol4": 1.0, "v0s": 3.8351729628495956}, "datetime": {"datetime": "2022-05-16 21:09:46", "elapsed": 5201.73493, "delta": 9.992274}}
{"target": 4.69754520242437, "params": {"Bgrad": 0.8352610417829862, "d1": -3.0, "d2": -0.1937015455178274, "d3": -0.6257050008676969, "d4": -0.5772426060584647, "p1": 32.01409423950008, "p2": 9.074123294476374, "p3": 8.21219129314514, "p4": 25.78937740913459, "pol1": 1.0, "pol2": -0.2332311656024468, "pol3": -0.3034645922564035, "pol4": -0.18722271499237805, "v0s": 4.69754520242437}, "datetime": {"datetime": "2022-05-16 21:09:51", "elapsed": 5206.454307, "delta": 4.719377}}
{"target": 3.870685413943124, "params": {"Bgrad": 1.3684733721159241, "d1": -2.0727373976555206, "d2": 0.6823463373871387, "d3": -1.951121675998258, "d4": -1.3302801386173897, "p1": 28.07471762140436, "p2": 25.701338768815887, "p3": 4.553333309073294, "p4": 43.510268721796294, "pol1": 0.12177963245561273, "pol2": 0.7903385240888701, "pol3": -0.5658275265799393, "pol4": 0.38534568273003256, "v0s": 3.870685413943124}, "datetime": {"datetime": "2022-05-16 21:09:58", "elapsed": 5213.922333, "delta": 7.468026}}
{"target": 3.416853961656743, "params": {"Bgrad": 1.8814794973971998, "d1": -1.7798956483313897, "d2": -0.18114126993841273, "d3": -1.7362451372414434, "d4": -2.995591971783175, "p1": 27.244217514602102, "p2": 25.931008184696747, "p3": 4.853538790222711, "p4": 44.30581303905821, "pol1": -0.6723770040726864, "pol2": -0.026071140536946702, "pol3": -0.03412783724525159, "pol4": 0.7026378528358446, "v0s": 3.416853961656743}, "datetime": {"datetime": "2022-05-16 21:10:02", "elapsed": 5217.245445, "delta": 3.323112}}
{"target": -1.0, "params": {"Bgrad": 1.3136505542277042, "d1": 0.296346996549286, "d2": -0.026846841102042607, "d3": 0.021929689189977175, "d4": -1.8312028839458887, "p1": 8.830979973751802, "p2": 33.06839493500243, "p3": 40.93068250315228, "p4": 32.2312732068928, "pol1": 0.1675121172884877, "pol2": -0.14305178987571288, "pol3": -0.3739127013681036, "pol4": -0.9207597497978295, "v0s": 5.771085533054928}, "datetime": {"datetime": "2022-05-16 21:10:12", "elapsed": 5227.849084, "delta": 10.603639}}
{"target": -1.0, "params": {"Bgrad": 1.747662122435845, "d1": -2.2640095750251983, "d2": -1.2174436965098656, "d3": 0.43758011497517035, "d4": -0.13943450316540762, "p1": 29.079574449108815, "p2": 3.159690310844998, "p3": 8.602247264194657, "p4": 24.442178075356864, "pol1": 0.9098851160888428, "pol2": 0.10971477424988318, "pol3": 0.7036035108058221, "pol4": -0.8755248465696486, "v0s": 4.552272666251924}, "datetime": {"datetime": "2022-05-16 21:10:23", "elapsed": 5238.857641, "delta": 11.008557}}
{"target": 3.5463997683734636, "params": {"Bgrad": 1.2714476890592743, "d1": -0.6936592083220487, "d2": -0.6295425589075059, "d3": -2.274338283691663, "d4": -1.8006687281818632, "p1": 30.652743775623875, "p2": 11.009220391434848, "p3": 37.430404316943104, "p4": 24.737387836807606, "pol1": 0.014718605790316586, "pol2": 0.11967595291069033, "pol3": -0.15595833854122598, "pol4": 0.5949757932772399, "v0s": 3.5463997683734636}, "datetime": {"datetime": "2022-05-16 21:10:29", "elapsed": 5244.280137, "delta": 5.422496}}
{"target": -1.0, "params": {"Bgrad": 1.572937778763709, "d1": -1.697837916428979, "d2": -0.3035077163630639, "d3": -1.098159773493043, "d4": -2.0763237906461507, "p1": 39.95625469308237, "p2": 21.982769584246622, "p3": 17.88920078254209, "p4": 16.656611482916862, "pol1": 0.5138227761323333, "pol2": -0.559364319137503, "pol3": 1.0, "pol4": -0.09475026502121724, "v0s": 4.931581601872826}, "datetime": {"datetime": "2022-05-16 21:10:41", "elapsed": 5256.648058, "delta": 12.367921}}
{"target": 2.603409119571894, "params": {"Bgrad": 1.9838102629154681, "d1": 0.4444091414871694, "d2": -0.4095767824052007, "d3": -1.4472613137928745, "d4": -2.731470103243573, "p1": 9.76859734974025, "p2": 17.122036007173048, "p3": 7.4182685859123945, "p4": 29.60983820469204, "pol1": 0.36220432381240464, "pol2": 0.5335878215680641, "pol3": -0.010979980707890415, "pol4": 0.2220462565385331, "v0s": 2.603409119571894}, "datetime": {"datetime": "2022-05-16 21:10:48", "elapsed": 5263.832841, "delta": 7.184783}}
{"target": 3.153574483222539, "params": {"Bgrad": 0.8094490757718704, "d1": -2.226978552387995, "d2": -2.723993367469864, "d3": -1.8635409364278497, "d4": 0.27914206955614335, "p1": 19.00755090013541, "p2": 17.48171177749741, "p3": 27.37642324911115, "p4": 49.47274104230843, "pol1": 0.35150228305187287, "pol2": 0.726941954482078, "pol3": 0.9952893965654849, "pol4": -0.4598775730426519, "v0s": 3.153574483222539}, "datetime": {"datetime": "2022-05-16 21:10:53", "elapsed": 5268.516314, "delta": 4.683473}}
{"target": 4.511676234423124, "params": {"Bgrad": 1.0033089972763016, "d1": -2.6859336755572407, "d2": 0.0903572684946563, "d3": -1.18946793280087, "d4": -2.8951299337715404, "p1": 42.31908642277507, "p2": 24.904073059574422, "p3": 17.26242204751398, "p4": 14.19402198600076, "pol1": -0.8701829519491011, "pol2": 0.4250079597652936, "pol3": 0.9450289491213388, "pol4": 0.49745091487030013, "v0s": 4.511676234423124}, "datetime": {"datetime": "2022-05-16 21:10:59", "elapsed": 5275.107685, "delta": 6.591371}}
{"target": -1.0, "params": {"Bgrad": 0.6538482377897186, "d1": -0.09693154879518184, "d2": 0.3463590516675161, "d3": -2.1895164409190007, "d4": -1.4888606716310773, "p1": 5.693389010062905, "p2": 35.586726969863456, "p3": 38.29944763531517, "p4": 36.55790258106199, "pol1": 0.17859318685851844, "pol2": 0.34273659309813254, "pol3": -0.10319199698085169, "pol4": 0.5498052256523001, "v0s": 6.180724633957134}, "datetime": {"datetime": "2022-05-16 21:11:07", "elapsed": 5283.185081, "delta": 8.077396}}
{"target": 3.5302609244355274, "params": {"Bgrad": 1.6896395338394947, "d1": -3.0, "d2": -2.4156716748742975, "d3": -2.6272109125920413, "d4": -3.0, "p1": 4.93198628965012, "p2": 11.438383157295794, "p3": 36.60618001525117, "p4": 28.54322504340292, "pol1": -1.0, "pol2": 0.34609263777445337, "pol3": 0.9965945480277271, "pol4": 0.22676615665374494, "v0s": 3.5302609244355274}, "datetime": {"datetime": "2022-05-16 21:11:15", "elapsed": 5290.52844, "delta": 7.343359}}
{"target": 4.114797603010503, "params": {"Bgrad": 1.5048399374731358, "d1": -1.0376844012240218, "d2": 0.3580244131792943, "d3": -2.905634374045966, "d4": -2.7669362389455743, "p1": 30.632340104991588, "p2": 10.61908946208524, "p3": 37.61341123954441, "p4": 28.83555726004863, "pol1": -0.08270792954757508, "pol2": 0.2720613341333475, "pol3": -0.21017712794243867, "pol4": -0.4491442119337358, "v0s": 4.114797603010503}, "datetime": {"datetime": "2022-05-16 21:11:22", "elapsed": 5297.734168, "delta": 7.205728}}
{"target": 4.269876895611506, "params": {"Bgrad": 1.1570933736729172, "d1": -1.5842702478598194, "d2": 0.48021244139637065, "d3": -2.9333864881458136, "d4": -2.2887135824441853, "p1": 29.745817356522732, "p2": 10.77114537424271, "p3": 38.431709500189235, "p4": 28.51453870790096, "pol1": 0.5122804335606641, "pol2": 0.32633794310328235, "pol3": -0.6708897648063179, "pol4": 0.08148238741629567, "v0s": 4.269876895611506}, "datetime": {"datetime": "2022-05-16 21:11:28", "elapsed": 5303.941565, "delta": 6.207397}}
{"target": 2.1767010440030354, "params": {"Bgrad": 0.7511451928219842, "d1": -2.511079262032923, "d2": -2.9250370358096305, "d3": -2.310304881334646, "d4": -1.9596514850943756, "p1": 36.98261988776191, "p2": 34.22967151005501, "p3": 19.127041620890708, "p4": 22.450442346077097, "pol1": 0.775496341921929, "pol2": 0.43956709348139067, "pol3": -0.6032351340550447, "pol4": -0.32895347202823605, "v0s": 2.1767010440030354}, "datetime": {"datetime": "2022-05-16 21:11:33", "elapsed": 5308.566196, "delta": 4.624631}}
{"target": 3.9452617333894433, "params": {"Bgrad": 1.2619239923513488, "d1": -1.0546975255083648, "d2": 0.043389888822081245, "d3": -2.227636283137977, "d4": -3.0, "p1": 5.724175187085309, "p2": 23.686216303610927, "p3": 1.5484060799260229, "p4": 31.554838245718976, "pol1": 0.6981810299658311, "pol2": -0.5467694862354616, "pol3": -0.9551383479043509, "pol4": -0.62996990490588, "v0s": 3.9452617333894433}, "datetime": {"datetime": "2022-05-16 21:11:41", "elapsed": 5317.024573, "delta": 8.458377}}
{"target": -1.0, "params": {"Bgrad": 1.3725358733209738, "d1": -2.1518857579056165, "d2": -1.2063468799341428, "d3": -1.0320915188539561, "d4": -1.683386117692757, "p1": 6.834913417240973, "p2": 38.65988772856805, "p3": 35.26978610816964, "p4": 36.31207023393572, "pol1": 0.978126647933989, "pol2": -0.044977168951348734, "pol3": 0.7730831538981249, "pol4": -0.8596716891756719, "v0s": 2.1953845538787355}, "datetime": {"datetime": "2022-05-16 21:11:45", "elapsed": 5320.751605, "delta": 3.727032}}
{"target": -1.0, "params": {"Bgrad": 0.5676970779723444, "d1": -0.4912638058203682, "d2": 0.6926311595371746, "d3": -0.13639474648970484, "d4": -2.600796234990056, "p1": 45.985922692968316, "p2": 23.754627302352738, "p3": 22.241012412505285, "p4": 29.626099863503953, "pol1": -0.7588168783856257, "pol2": 0.33415390445673543, "pol3": 0.5918953409607008, "pol4": 0.2115473770207279, "v0s": 5.0575691706763415}, "datetime": {"datetime": "2022-05-16 21:11:52", "elapsed": 5327.223296, "delta": 6.471691}}
{"target": 4.75491961640146, "params": {"Bgrad": 1.4670366836768953, "d1": -0.40812294148373046, "d2": 1.0, "d3": -2.651910071906896, "d4": -2.6803297040108416, "p1": 29.675909650188157, "p2": 10.826093960809162, "p3": 37.74032760196476, "p4": 28.906381569399382, "pol1": 0.37315094351518924, "pol2": 0.24287539716495332, "pol3": -1.0, "pol4": -0.13905082719039455, "v0s": 4.75491961640146}, "datetime": {"datetime": "2022-05-16 21:12:03", "elapsed": 5338.420347, "delta": 11.197051}}
{"target": 4.901681599472174, "params": {"Bgrad": 0.6589292481013773, "d1": -1.6772703330846466, "d2": 0.8008026192190635, "d3": -2.298977942460597, "d4": -1.9433538946816442, "p1": 5.6063698019610655, "p2": 34.33166653916273, "p3": 36.098798863814395, "p4": 34.833015566561926, "pol1": 0.5907937114449244, "pol2": 0.5716560449914226, "pol3": 0.08088393099181569, "pol4": -0.3342603878878949, "v0s": 4.901681599472174}, "datetime": {"datetime": "2022-05-16 21:12:07", "elapsed": 5342.859476, "delta": 4.439129}}
{"target": -1.0, "params": {"Bgrad": 1.5782504867724976, "d1": -0.5319501866460201, "d2": 0.2528764892982225, "d3": -0.7797731179340284, "d4": -1.4115380940433755, "p1": 42.152913443983365, "p2": 19.520785333582502, "p3": 17.418506414449315, "p4": 20.117414668400524, "pol1": 0.6342532042896671, "pol2": -0.5982038177919855, "pol3": 0.5342832302490399, "pol4": 0.7216094196462111, "v0s": 4.641860209500729}, "datetime": {"datetime": "2022-05-16 21:12:19", "elapsed": 5354.988035, "delta": 12.128559}}
{"target": -1.0, "params": {"Bgrad": 0.6731243006050728, "d1": -1.4555452416982635, "d2": -1.5234922242566653, "d3": -0.43302689507611447, "d4": -2.6216072412430202, "p1": 2.5685069531962257, "p2": 36.73840561016714, "p3": 34.93861465606439, "p4": 37.79056039028965, "pol1": 0.27319897108360713, "pol2": 0.4686877209780038, "pol3": 0.7746805768921519, "pol4": -0.4944781395182969, "v0s": 5.511098112588832}, "datetime": {"datetime": "2022-05-16 21:12:26", "elapsed": 5361.404873, "delta": 6.416838}}
{"target": 3.4317324367833355, "params": {"Bgrad": 0.7941721988142944, "d1": -0.11899004077893505, "d2": 0.3552137895998766, "d3": -1.9896053025698852, "d4": -2.3357598229781704, "p1": 43.90504370674759, "p2": 18.641974275065355, "p3": 24.93339820960845, "p4": 13.957003005934359, "pol1": 0.47692936584935164, "pol2": 0.9372500076369363, "pol3": 0.9039417433686086, "pol4": -0.45401757661369313, "v0s": 3.4317324367833355}, "datetime": {"datetime": "2022-05-16 21:12:30", "elapsed": 5365.257568, "delta": 3.852695}}
{"target": -1.0, "params": {"Bgrad": 1.3252147699619976, "d1": -0.9731461258162528, "d2": 0.5416359039881624, "d3": -1.9302917365154202, "d4": -2.5220471230459083, "p1": 9.70920635538462, "p2": 34.827128384425954, "p3": 36.34136179707006, "p4": 38.22454346043468, "pol1": -0.539766979535669, "pol2": -0.6663684363666473, "pol3": 0.821090889363489, "pol4": 0.35154933438913805, "v0s": 2.0010182859133323}, "datetime": {"datetime": "2022-05-16 21:12:38", "elapsed": 5373.763817, "delta": 8.506249}}
{"target": -1.0, "params": {"Bgrad": 1.1195373679880096, "d1": -0.4004882459166166, "d2": -0.4745664187794656, "d3": -1.2389809596036314, "d4": 0.3391163375399908, "p1": 5.245370896779749, "p2": 37.18122092556647, "p3": 41.61047890547984, "p4": 33.92742176548788, "pol1": -0.28486888240209063, "pol2": -0.7014934463687552, "pol3": 0.7800186777753364, "pol4": 0.6390263433551004, "v0s": 6.09353604634296}, "datetime": {"datetime": "2022-05-16 21:12:50", "elapsed": 5385.662991, "delta": 11.899174}}
{"target": 3.823355976715158, "params": {"Bgrad": 0.9211725224951354, "d1": -0.3039592543732928, "d2": -0.009803276504375067, "d3": -1.144581924736643, "d4": -2.749994999932892, "p1": 10.77030031271091, "p2": 16.91682054013395, "p3": 7.059614152742699, "p4": 29.21749922795264, "pol1": 0.16723792786136815, "pol2": 0.06769605746457537, "pol3": -0.17610562354643586, "pol4": -0.015863348403500673, "v0s": 3.823355976715158}, "datetime": {"datetime": "2022-05-16 21:12:56", "elapsed": 5391.739738, "delta": 6.076747}}
{"target": 3.9806648197569623, "params": {"Bgrad": 0.7956288524650618, "d1": -1.8619880358856553, "d2": 0.471269350899965, "d3": -1.6477996651902702, "d4": -1.8734782075945846, "p1": 6.410358024025242, "p2": 35.3341344220042, "p3": 35.90730334931459, "p4": 35.3321952006876, "pol1": -0.1934380371474708, "pol2": 0.6470929219545184, "pol3": 0.2244831725168377, "pol4": -0.410387513891519, "v0s": 3.9806648197569623}, "datetime": {"datetime": "2022-05-16 21:13:00", "elapsed": 5395.970422, "delta": 4.230684}}
{"target": 2.151157180942506, "params": {"Bgrad": 1.8725171948483035, "d1": -1.4370351567037223, "d2": -0.8478880375060531, "d3": -1.579952365763496, "d4": 0.4954949650973606, "p1": 38.56393043363991, "p2": 22.908440423526287, "p3": 17.725804988976464, "p4": 15.425250851932432, "pol1": 0.9394873604457274, "pol2": -0.7036904078199839, "pol3": 0.6136131954068331, "pol4": 0.5722625069836096, "v0s": 2.151157180942506}, "datetime": {"datetime": "2022-05-16 21:13:06", "elapsed": 5401.513597, "delta": 5.543175}}
{"target": -1.0, "params": {"Bgrad": 0.944848854896255, "d1": -0.8424558112480622, "d2": -0.17741865682709745, "d3": 0.40908273487139013, "d4": -2.79163562278375, "p1": 43.631925233386795, "p2": 18.759011837112503, "p3": 23.211669058027105, "p4": 11.110832475422022, "pol1": 0.7704476742157826, "pol2": -0.3210262668777806, "pol3": 0.4747371702927252, "pol4": -0.7726515207063138, "v0s": 2.474418919358637}, "datetime": {"datetime": "2022-05-16 21:14:02", "elapsed": 5457.325321, "delta": 55.811724}}
{"target": 3.904152843183718, "params": {"Bgrad": 1.8930881931650516, "d1": -3.0, "d2": -2.623137657489818, "d3": -2.3965316502284426, "d4": -3.0, "p1": 4.87288463337944, "p2": 11.409648750610433, "p3": 36.41500006976359, "p4": 28.463399534201148, "pol1": -1.0, "pol2": -0.8780462679861993, "pol3": -0.14022771850219187, "pol4": 0.663140009186209, "v0s": 3.904152843183718}, "datetime": {"datetime": "2022-05-16 21:14:07", "elapsed": 5463.108852, "delta": 5.783531}}
{"target": 3.97860205395015, "params": {"Bgrad": 0.9358069879718227, "d1": 0.6099102433367332, "d2": 0.023217184657909246, "d3": -0.9445733957527823, "d4": -2.165719048899978, "p1": 20.870100288555683, "p2": 6.168296014831812, "p3": 45.976629332547354, "p4": 39.01011704421921, "pol1": -0.4848136280112964, "pol2": -0.05819249535884982, "pol3": -0.9039820339313677, "pol4": -0.9811045299885046, "v0s": 3.97860205395015}, "datetime": {"datetime": "2022-05-16 21:14:14", "elapsed": 5470.061257, "delta": 6.952405}}
{"target": 2.091772668061161, "params": {"Bgrad": 1.3889828828901347, "d1": -0.19783253898308129, "d2": -0.9393982029639907, "d3": 0.39778923438298275, "d4": -0.28207978926372945, "p1": 2.4794234777401556, "p2": 32.700518645996986, "p3": 17.72904705714284, "p4": 11.457256219469365, "pol1": 0.7229146529281159, "pol2": 0.0482078759710971, "pol3": 0.2405675690445075, "pol4": 0.388250510258936, "v0s": 2.091772668061161}, "datetime": {"datetime": "2022-05-16 21:14:19", "elapsed": 5474.91727, "delta": 4.856013}}
{"target": -1.0, "params": {"Bgrad": 1.2560781686995492, "d1": -2.695440232282026, "d2": -0.569974216122954, "d3": -0.09047858501375527, "d4": 0.652538236630194, "p1": 32.12908382346606, "p2": 7.016399716653759, "p3": 6.490966083664274, "p4": 25.50576450546762, "pol1": 0.8034195311720755, "pol2": 0.0559058355595603, "pol3": 0.060556812293607765, "pol4": -0.2985882115201455, "v0s": 2.8980720315071364}, "datetime": {"datetime": "2022-05-16 21:14:33", "elapsed": 5488.593691, "delta": 13.676421}}
{"target": 6.024677178288948, "params": {"Bgrad": 0.6708212156058266, "d1": -1.8097133298577646, "d2": 0.17808081120962704, "d3": -0.4952013063471692, "d4": -2.721520794461388, "p1": 9.031686510535259, "p2": 35.980138783051835, "p3": 43.28874557833818, "p4": 33.59815539389471, "pol1": -0.13548852783401122, "pol2": -0.3751850720489496, "pol3": -0.22751380616922035, "pol4": -0.03018176022346797, "v0s": 6.024677178288948}, "datetime": {"datetime": "2022-05-16 21:14:40", "elapsed": 5496.009855, "delta": 7.416164}}
{"target": 4.703127934941234, "params": {"Bgrad": 1.5050026561541394, "d1": -1.9129108053234585, "d2": 0.6970767186669978, "d3": -0.9087893253422873, "d4": -0.05459414831913523, "p1": 0.849020653142515, "p2": 31.334903049164875, "p3": 17.28480468069563, "p4": 11.58917541726916, "pol1": -0.5155171418046616, "pol2": -0.45962387792271614, "pol3": 0.5487985997131273, "pol4": 1.0, "v0s": 4.703127934941234}, "datetime": {"datetime": "2022-05-16 21:14:48", "elapsed": 5503.70228, "delta": 7.692425}}
{"target": 5.956740133062331, "params": {"Bgrad": 1.2764994249257073, "d1": -1.6511939178186241, "d2": 0.43194244398574194, "d3": -0.5939985998801711, "d4": -2.237681638891208, "p1": 8.424860604196272, "p2": 35.65985295542815, "p3": 42.28704476942277, "p4": 33.26080100136145, "pol1": -0.39239636662509986, "pol2": -0.5328478408820314, "pol3": -0.31306673091792137, "pol4": 0.20660714971969377, "v0s": 5.956740133062331}, "datetime": {"datetime": "2022-05-16 21:14:58", "elapsed": 5513.837174, "delta": 10.134894}}
