{"target": 4.18726951225317, "params": {"Bgrad": 5.188137024206532, "d1": -1.7209190549862416, "d2": -0.432691200927922, "d3": -0.07033877979196168, "d4": -1.2711718154019853, "p1": 5.165370763348748, "p2": 4.182739693442716, "p3": 34.05205250391623, "p4": 25.05770428549594, "pol1": -0.6301219028070479, "pol2": 0.5768510908375126, "pol3": 0.4832470464153156, "pol4": -0.11769527028175752, "v0s": 4.18726951225317}, "datetime": {"datetime": "2022-04-08 20:20:49", "elapsed": 11978.162295, "delta": 14.099303}}
{"target": -1.0, "params": {"Bgrad": 8.60609105266877, "d1": -2.7488096521976573, "d2": 0.4407756320617997, "d3": 0.4191182576637722, "d4": -1.6509614565554478, "p1": 12.045274910985354, "p2": 6.405645469210242, "p3": 36.12279845497626, "p4": 29.356326070771154, "pol1": 0.1194946998849058, "pol2": 0.7444873621331352, "pol3": -0.05881553093788283, "pol4": -0.37964586006488354, "v0s": 6.999062655636855}, "datetime": {"datetime": "2022-04-08 20:21:00", "elapsed": 11988.369005, "delta": 10.20671}}
{"target": -1.0, "params": {"Bgrad": 6.341512323151887, "d1": -2.184183748652612, "d2": -1.7621150635788263, "d3": -0.37625492693600915, "d4": -0.04423146922961152, "p1": 4.345181102576645, "p2": 8.358244409338539, "p3": 41.85517369410459, "p4": 23.380777017017106, "pol1": 0.49463099171690317, "pol2": -0.22030655257139475, "pol3": -0.2789154008190331, "pol4": 0.2011356648474183, "v0s": 2.4111974348639085}, "datetime": {"datetime": "2022-04-08 20:21:07", "elapsed": 11995.736308, "delta": 7.367303}}
{"target": 4.515973915042363, "params": {"Bgrad": 3.9365193657938646, "d1": -2.460122779797754, "d2": -1.4055415021421918, "d3": -2.2563027617029268, "d4": -1.4592112746109775, "p1": 3.0615057806276234, "p2": 6.7191638502238975, "p3": 40.734595646006824, "p4": 18.921820185696298, "pol1": -0.6202324551868166, "pol2": 0.42493366878652333, "pol3": 0.4636239374044331, "pol4": 0.4774880046593234, "v0s": 4.515973915042363}, "datetime": {"datetime": "2022-04-08 20:21:21", "elapsed": 12009.254165, "delta": 13.517857}}
{"target": 4.630420852866033, "params": {"Bgrad": 6.0749464265501665, "d1": -2.1451365561476434, "d2": -1.7246742681252, "d3": -2.868830137693279, "d4": -2.3819760163903645, "p1": 4.981186460778108, "p2": 8.258753367151956, "p3": 34.76927042601597, "p4": 28.120876862237786, "pol1": 0.7444216500932967, "pol2": 0.8703846207325627, "pol3": 0.009490642228889845, "pol4": 0.9895774240128621, "v0s": 4.630420852866033}, "datetime": {"datetime": "2022-04-08 20:21:34", "elapsed": 12022.69423, "delta": 13.440065}}
{"target": -1.0, "params": {"Bgrad": 6.671596980135929, "d1": -1.7471426998052109, "d2": -2.848296615599024, "d3": 0.1491387289051933, "d4": -1.2916267962023182, "p1": 7.4311717697223445, "p2": 9.464266694241164, "p3": 37.126123403344046, "p4": 27.441875051425097, "pol1": 0.024234117448755255, "pol2": -0.1894573261362018, "pol3": 0.8698495505374169, "pol4": -0.2568261473619946, "v0s": 3.2337614290060546}, "datetime": {"datetime": "2022-04-08 20:21:45", "elapsed": 12033.695816, "delta": 11.001586}}
{"target": 4.646112005393763, "params": {"Bgrad": 7.852839499824788, "d1": -1.816337482327547, "d2": 0.4835247284138827, "d3": -1.8715793894852792, "d4": -2.477842276784261, "p1": 10.917985367249997, "p2": 6.846059002497513, "p3": 38.13253389283608, "p4": 27.991506971456054, "pol1": -0.39311396897707496, "pol2": 0.6524363133169458, "pol3": 0.4716789986693508, "pol4": -0.24189772285125616, "v0s": 4.646112005393763}, "datetime": {"datetime": "2022-04-08 20:21:56", "elapsed": 12044.903849, "delta": 11.208033}}
{"target": -1.0, "params": {"Bgrad": 6.336607168699459, "d1": -0.7385965325419317, "d2": 0.6381686093729111, "d3": -1.8081575406760826, "d4": -2.203648836296892, "p1": 10.463021613549268, "p2": 6.68238583820081, "p3": 40.686108538152546, "p4": 29.342876107356563, "pol1": 0.28128911039528837, "pol2": -0.279880560247898, "pol3": 0.5397183461511326, "pol4": -0.5561905150224415, "v0s": 3.702034719148779}, "datetime": {"datetime": "2022-04-08 20:22:06", "elapsed": 12054.776453, "delta": 9.872604}}
{"target": -1.0, "params": {"Bgrad": 9.594088899301829, "d1": -1.1171241960660248, "d2": 0.5468459524796465, "d3": -0.7968541598254428, "d4": -1.6077667048625033, "p1": 6.120605534943824, "p2": 8.040686375645828, "p3": 42.004822120437865, "p4": 20.525995524564877, "pol1": -0.0014254855723867532, "pol2": 0.4709241724518427, "pol3": -0.572937233760507, "pol4": -0.7808009366407396, "v0s": 4.837276958371705}, "datetime": {"datetime": "2022-04-08 20:22:17", "elapsed": 12066.059287, "delta": 11.282834}}
{"target": -1.0, "params": {"Bgrad": 12.731781668648042, "d1": -1.230963090912164, "d2": -0.017282997070888317, "d3": -2.0810986405209264, "d4": 0.8061772911092655, "p1": 10.15626274251985, "p2": 4.647126941189566, "p3": 36.80993225665142, "p4": 26.234293572264683, "pol1": 0.926867742175298, "pol2": 0.03893014208363055, "pol3": -0.3183655008441142, "pol4": -0.5012859232964213, "v0s": 2.9775078927779455}, "datetime": {"datetime": "2022-04-08 20:22:29", "elapsed": 12077.843779, "delta": 11.784492}}
{"target": 2.1463331547384614, "params": {"Bgrad": 16.134886859603935, "d1": -1.5622210634386617, "d2": 0.9998389687014954, "d3": -2.6034660763683126, "d4": -1.2856311695450013, "p1": 27.27294937351073, "p2": 38.46048106554264, "p3": 24.30141877863813, "p4": 6.975366046847829, "pol1": -0.43764673482637617, "pol2": -0.008727678602553354, "pol3": 0.4258877123368587, "pol4": 0.4760764086615125, "v0s": 2.1463331547384614}, "datetime": {"datetime": "2022-04-08 20:22:43", "elapsed": 12091.329722, "delta": 13.485943}}
{"target": 3.7069504558913273, "params": {"Bgrad": 5.545048415800141, "d1": -1.2521497118664504, "d2": 0.8704032209164212, "d3": -1.060543857259563, "d4": -2.689393549134871, "p1": 24.632973440783296, "p2": 32.72386748899072, "p3": 3.010569438805344, "p4": 36.50407564538588, "pol1": -0.5905976229363694, "pol2": 0.19429580930124368, "pol3": -0.5217079152981736, "pol4": 0.03971403596922696, "v0s": 3.7069504558913273}, "datetime": {"datetime": "2022-04-08 20:22:54", "elapsed": 12102.351254, "delta": 11.021532}}
{"target": -1.0, "params": {"Bgrad": 2.9716517879721494, "d1": -2.4153980218064146, "d2": -1.6405978753382628, "d3": -2.6999849922152253, "d4": -1.1422200500809305, "p1": 5.124270917771689, "p2": 0.16794613056832497, "p3": 29.737469793215638, "p4": 23.450138158547823, "pol1": 0.769841564987271, "pol2": -0.29905224744706005, "pol3": -0.6747986247385747, "pol4": 0.8408887451134732, "v0s": 4.43702144234329}, "datetime": {"datetime": "2022-04-08 20:23:07", "elapsed": 12115.41732, "delta": 13.066066}}
{"target": -1.0, "params": {"Bgrad": 0.673821357786091, "d1": -1.976373583910728, "d2": -1.077798197642974, "d3": -0.989111780865692, "d4": -0.27849724760797523, "p1": 4.54824199724484, "p2": 6.784004565518215, "p3": 41.33195847525781, "p4": 25.806189699118377, "pol1": -0.2194346967068488, "pol2": -0.2121368581830021, "pol3": 0.0024325427826643597, "pol4": 0.7845726164321469, "v0s": 3.959900225388972}, "datetime": {"datetime": "2022-04-08 20:23:11", "elapsed": 12120.053922, "delta": 4.636602}}
{"target": -1.0, "params": {"Bgrad": 6.320556126084956, "d1": -1.2947306804130667, "d2": -1.1025164215671177, "d3": -1.1286886927440856, "d4": -2.890289557808154, "p1": 7.6259081088460245, "p2": 3.5732916872956153, "p3": 34.13234251933596, "p4": 23.353174905301195, "pol1": -0.824318987226274, "pol2": -0.8157771556566114, "pol3": -0.4898172954069584, "pol4": -0.27337676622852136, "v0s": 6.40986319022814}, "datetime": {"datetime": "2022-04-08 20:23:20", "elapsed": 12128.659913, "delta": 8.605991}}
{"target": -1.0, "params": {"Bgrad": 16.409324691215232, "d1": -2.242381448481936, "d2": -0.7647885682704421, "d3": -1.8824450705979525, "d4": 0.62181305343521, "p1": 26.600223433548148, "p2": 37.01919349977446, "p3": 24.783610825621306, "p4": 5.482709645886008, "pol1": 0.2916687064020653, "pol2": -0.571718044240243, "pol3": -0.45251017014545925, "pol4": -0.3036750054674524, "v0s": 3.468389112949862}, "datetime": {"datetime": "2022-04-08 20:23:31", "elapsed": 12140.046469, "delta": 11.386556}}
{"target": -1.0, "params": {"Bgrad": 6.855515558236981, "d1": -0.21944217680706846, "d2": 0.09348994205724814, "d3": -1.1725906977217408, "d4": -1.5567211450238707, "p1": 2.8777235098627174, "p2": 8.691299906347872, "p3": 40.794038995082786, "p4": 21.43673929248075, "pol1": -0.16171522274652483, "pol2": -0.040075407436608756, "pol3": 0.9760526551899424, "pol4": 0.085491586655281, "v0s": 5.57316284556244}, "datetime": {"datetime": "2022-04-08 20:23:53", "elapsed": 12161.888072, "delta": 21.841603}}
{"target": 3.1230331848217734, "params": {"Bgrad": 9.89146616960306, "d1": -1.230922146381388, "d2": -2.1307007391023953, "d3": -1.3742408704647326, "d4": -2.930768291107786, "p1": 6.2561633065124465, "p2": 8.142444639829344, "p3": 36.9919599726622, "p4": 25.99012052385698, "pol1": -0.43694600393449745, "pol2": -0.09476786376698865, "pol3": 0.817682408536158, "pol4": 0.9099965656804789, "v0s": 3.1230331848217734}, "datetime": {"datetime": "2022-04-08 20:24:05", "elapsed": 12173.197833, "delta": 11.309761}}
{"target": 4.58821583398344, "params": {"Bgrad": 6.010535473053526, "d1": -1.7473333591978588, "d2": 0.6682698648589582, "d3": -0.3192731786810947, "d4": -0.9820198970660381, "p1": 9.421830846571149, "p2": 1.2835938871721964, "p3": 33.25847612049161, "p4": 24.942285896111787, "pol1": -0.930763466537978, "pol2": -0.013251154998253467, "pol3": -0.6178646110504498, "pol4": -0.3170612555526271, "v0s": 4.58821583398344}, "datetime": {"datetime": "2022-04-08 20:24:19", "elapsed": 12187.601323, "delta": 14.40349}}
{"target": -1.0, "params": {"Bgrad": 9.252619074699345, "d1": 0.5957013084371843, "d2": 0.18162205438136025, "d3": -2.5956481120076704, "d4": -2.838914730765665, "p1": 12.477710801185681, "p2": 4.710161462959866, "p3": 37.19307850215995, "p4": 27.918614299731182, "pol1": 0.6811468581530433, "pol2": -0.07408496970304568, "pol3": 0.7334712408740955, "pol4": -0.5827959289616895, "v0s": 5.626196873917372}, "datetime": {"datetime": "2022-04-08 20:24:39", "elapsed": 12207.438928, "delta": 19.837605}}
{"target": 3.8061745034560746, "params": {"Bgrad": 7.8008314933833285, "d1": -2.4030881479624475, "d2": 0.8338368195730523, "d3": -2.109244882848397, "d4": -2.599595678346969, "p1": 3.7815208426394467, "p2": 5.803820167381662, "p3": 32.36870687454218, "p4": 28.34981937494941, "pol1": -0.6303909807990293, "pol2": 0.16082520436373948, "pol3": 0.1050713306700104, "pol4": 0.3988617160872061, "v0s": 3.8061745034560746}, "datetime": {"datetime": "2022-04-08 20:24:51", "elapsed": 12219.522844, "delta": 12.083916}}
{"target": 4.0227415224033, "params": {"Bgrad": 3.5618958287435563, "d1": -0.10708094607949237, "d2": -2.820112534873074, "d3": -2.1812311845715286, "d4": -1.7480691377184963, "p1": 7.329188409660203, "p2": 10.178407249165211, "p3": 36.50034447386524, "p4": 26.621496217976365, "pol1": -0.2997194670507646, "pol2": 0.5851959826118331, "pol3": -0.6132804823372529, "pol4": -0.5231941958239301, "v0s": 4.0227415224033}, "datetime": {"datetime": "2022-04-08 20:25:08", "elapsed": 12236.939018, "delta": 17.416174}}
{"target": 2.3877360591301082, "params": {"Bgrad": 6.172360574794271, "d1": -2.8367880301057276, "d2": 0.4470904767594033, "d3": -1.751159365763392, "d4": -2.781493636385681, "p1": 9.02062200612016, "p2": 10.350714021090795, "p3": 36.40360244098149, "p4": 28.799838068950102, "pol1": -0.8237734593595316, "pol2": 0.25313652419905064, "pol3": 0.13350153143015686, "pol4": 0.5758953740498738, "v0s": 2.3877360591301082}, "datetime": {"datetime": "2022-04-08 20:25:21", "elapsed": 12249.822294, "delta": 12.883276}}
{"target": 4.248240063608625, "params": {"Bgrad": 11.113668675584501, "d1": -0.7926190966501135, "d2": -0.44424564687917467, "d3": -2.024511368022166, "d4": -2.0275356644897915, "p1": 11.262020630709792, "p2": 5.367394858393525, "p3": 36.02219439139452, "p4": 28.841038620978136, "pol1": -0.5442890357541109, "pol2": 0.9210417279951985, "pol3": 0.04545086385610579, "pol4": 0.22154597001074258, "v0s": 4.248240063608625}, "datetime": {"datetime": "2022-04-08 20:25:36", "elapsed": 12264.990043, "delta": 15.167749}}
{"target": 3.3553010159625956, "params": {"Bgrad": 10.320856712621566, "d1": -1.8234656934064608, "d2": -1.4814050828189629, "d3": -1.8360812126297406, "d4": -1.7559187067584903, "p1": 3.8169321362364785, "p2": 10.005858137489437, "p3": 36.273105232258345, "p4": 24.16311368457307, "pol1": -0.5855561007552914, "pol2": 0.757270980039439, "pol3": 0.8748554760026068, "pol4": 0.9253940143240513, "v0s": 3.3553010159625956}, "datetime": {"datetime": "2022-04-08 20:25:50", "elapsed": 12278.344044, "delta": 13.354001}}
{"target": 3.885899829377543, "params": {"Bgrad": 5.622703228074397, "d1": -2.0884102903531896, "d2": 0.32670240649947946, "d3": -2.624452096705702, "d4": -2.0944046400253824, "p1": 5.739268780113527, "p2": 7.697333658266442, "p3": 33.31623412545226, "p4": 29.62388645065679, "pol1": 0.02585828066410456, "pol2": 0.4983469869297634, "pol3": 0.23744829301646386, "pol4": 0.011990200854006927, "v0s": 3.885899829377543}, "datetime": {"datetime": "2022-04-08 20:26:02", "elapsed": 12291.173962, "delta": 12.829918}}
{"target": -1.0, "params": {"Bgrad": 7.525840539698482, "d1": -1.9973391419554445, "d2": 0.68678419798336, "d3": -2.6459211007887857, "d4": 0.16677226983801968, "p1": 5.0370634524780895, "p2": 7.047629534015652, "p3": 35.96425180320819, "p4": 25.18896944113439, "pol1": -0.06051532085609855, "pol2": 0.09350497929833523, "pol3": 0.09996066172235121, "pol4": 0.5135760253828188, "v0s": 3.8313682000105627}, "datetime": {"datetime": "2022-04-08 20:26:14", "elapsed": 12303.102788, "delta": 11.928826}}
{"target": 3.92649495366042, "params": {"Bgrad": 6.129508057415446, "d1": -0.604618329619201, "d2": -0.286141404498635, "d3": -1.6498201611118428, "d4": -2.3093210283445833, "p1": 25.08069295020735, "p2": 31.544739509238962, "p3": 3.6010548818765273, "p4": 36.65785862569627, "pol1": -0.041984880687012026, "pol2": 0.31899782075190075, "pol3": 0.09845673566118075, "pol4": -0.5729742422000836, "v0s": 3.92649495366042}, "datetime": {"datetime": "2022-04-08 20:26:25", "elapsed": 12313.362041, "delta": 10.259253}}
{"target": 3.154349095030663, "params": {"Bgrad": 7.392362036460017, "d1": -0.08812202040028971, "d2": -2.610886159085511, "d3": -1.4824481633442552, "d4": -2.0413513670845256, "p1": 5.7883335777577924, "p2": 10.877873422621903, "p3": 40.750384088896155, "p4": 27.505290190925415, "pol1": -0.4218649511062038, "pol2": -0.3815798310950984, "pol3": -0.2730215431058871, "pol4": 0.6780226733061809, "v0s": 3.154349095030663}, "datetime": {"datetime": "2022-04-08 20:26:32", "elapsed": 12321.13041, "delta": 7.768369}}
{"target": 4.080505988537249, "params": {"Bgrad": 8.6242879662072, "d1": -2.809498768885328, "d2": -0.13804966419086728, "d3": -0.11343728890439575, "d4": -0.6110495418161785, "p1": 6.465460378245103, "p2": 0.435295940819147, "p3": 33.207906405353, "p4": 24.887800089858363, "pol1": -0.19038544929708712, "pol2": -0.6525918968697135, "pol3": -0.5186193209191841, "pol4": 0.22750840730810795, "v0s": 4.080505988537249}, "datetime": {"datetime": "2022-04-08 20:26:46", "elapsed": 12334.839492, "delta": 13.709082}}
{"target": 3.6951487518908075, "params": {"Bgrad": 9.890115662836699, "d1": -0.2679409608541472, "d2": -1.945353039238492, "d3": -2.1794903010337476, "d4": 0.058855454694451304, "p1": 3.038172004375661, "p2": 9.326400626330484, "p3": 36.33550488190663, "p4": 24.27583336061756, "pol1": 0.379845019723428, "pol2": 0.03948774728575044, "pol3": -0.04430430114694617, "pol4": 0.8724592647374529, "v0s": 3.6951487518908075}, "datetime": {"datetime": "2022-04-08 20:26:58", "elapsed": 12346.66654, "delta": 11.827048}}
{"target": 3.0702820937102997, "params": {"Bgrad": 5.6247219906193795, "d1": -1.8838420879174373, "d2": -2.3291959088232064, "d3": -1.1254812228220934, "d4": 0.20083184580835312, "p1": 5.30764656112232, "p2": 1.453017755333219, "p3": 36.346461444567844, "p4": 19.814299707637474, "pol1": -0.15768510018514426, "pol2": 0.43986388127066767, "pol3": -0.5581872954129365, "pol4": 0.7994820360780155, "v0s": 3.0702820937102997}, "datetime": {"datetime": "2022-04-08 20:27:10", "elapsed": 12358.56441, "delta": 11.89787}}
{"target": -1.0, "params": {"Bgrad": 7.513784773334868, "d1": -1.2968669485220468, "d2": -1.0326710614140011, "d3": 0.4928789379653331, "d4": 0.5657645718155799, "p1": 4.78151820898336, "p2": 2.183921776104075, "p3": 30.630893710280237, "p4": 23.786776422094075, "pol1": -0.588265345468693, "pol2": 0.283707305549044, "pol3": 0.3150034544457252, "pol4": 0.1415969814301432, "v0s": 3.8553499480293256}, "datetime": {"datetime": "2022-04-08 20:27:28", "elapsed": 12376.947566, "delta": 18.383156}}
{"target": 3.066190781283308, "params": {"Bgrad": 5.6899647512063645, "d1": -0.42682290401749556, "d2": -0.3400553430389768, "d3": 0.364513032845061, "d4": -2.4914972000135585, "p1": 5.374133022226257, "p2": 8.939984980954051, "p3": 32.53307553249093, "p4": 29.117673034354834, "pol1": 0.1811958031798775, "pol2": 0.129851776030675, "pol3": 0.05354374151521224, "pol4": -0.14446204816317998, "v0s": 3.066190781283308}, "datetime": {"datetime": "2022-04-08 20:27:45", "elapsed": 12394.055578, "delta": 17.108012}}
{"target": 5.822714079415663, "params": {"Bgrad": 5.849316831391418, "d1": -2.8347892792397458, "d2": -0.37510442437949765, "d3": 0.023796295438359483, "d4": -1.6418720489751277, "p1": 4.886774746874634, "p2": 4.079458825519411, "p3": 33.297893873383956, "p4": 25.99806965072058, "pol1": -0.6674545773139777, "pol2": -0.4473215160490991, "pol3": 0.7581845032170829, "pol4": -0.0342374576976916, "v0s": 5.822714079415663}, "datetime": {"datetime": "2022-04-08 20:28:08", "elapsed": 12416.220658, "delta": 22.16508}}
{"target": 2.529158527180126, "params": {"Bgrad": 3.1846455207882016, "d1": -0.8058938638268942, "d2": -1.0869031157135733, "d3": -1.5767416808891603, "d4": -1.8977474123147653, "p1": 4.001072073556039, "p2": 9.379449875418244, "p3": 43.90027540768002, "p4": 20.552723337297962, "pol1": -0.4286752292210698, "pol2": 0.7775808299403559, "pol3": -0.9246686777624491, "pol4": 0.6260193813489952, "v0s": 2.529158527180126}, "datetime": {"datetime": "2022-04-08 20:28:15", "elapsed": 12423.483364, "delta": 7.262706}}
{"target": 2.191408379775968, "params": {"Bgrad": 12.111328309678257, "d1": -1.0152480139680569, "d2": 0.617583037366015, "d3": -2.1704987716982154, "d4": 0.17154691736951622, "p1": 11.22482752291212, "p2": 28.89102439455177, "p3": 19.044197124984873, "p4": 2.6007268359384184, "pol1": -0.5313433900204652, "pol2": 0.2954212674251847, "pol3": -0.2209940956259552, "pol4": 0.15727532626286625, "v0s": 2.191408379775968}, "datetime": {"datetime": "2022-04-08 20:28:30", "elapsed": 12438.810102, "delta": 15.326738}}
{"target": -1.0, "params": {"Bgrad": 7.3346639751873, "d1": -2.3975161757177212, "d2": 0.9337020121547663, "d3": -1.0836188453389841, "d4": -0.7710650729742423, "p1": 3.907716021980412, "p2": 3.074675768428914, "p3": 36.9000875263227, "p4": 24.606250343550094, "pol1": 0.8772761240469542, "pol2": -0.03703623966865033, "pol3": -0.28176888958741597, "pol4": 0.46769614566834417, "v0s": 5.313688068524819}, "datetime": {"datetime": "2022-04-08 20:28:46", "elapsed": 12454.528347, "delta": 15.718245}}
{"target": -1.0, "params": {"Bgrad": 9.187701146324109, "d1": 0.01046505541390319, "d2": -0.30887548427138034, "d3": -1.7463926491692243, "d4": 0.4173699511266191, "p1": 3.70297753326288, "p2": 7.906620558691863, "p3": 37.26835276153501, "p4": 23.767210999729617, "pol1": -0.6189727194203578, "pol2": 0.18924997159812063, "pol3": 0.24287194004383927, "pol4": 0.6238059894491434, "v0s": 5.151260435228427}, "datetime": {"datetime": "2022-04-08 20:28:56", "elapsed": 12464.856912, "delta": 10.328565}}
{"target": -1.0, "params": {"Bgrad": 1.374152390736128, "d1": -1.2777302764073126, "d2": 0.35199371786563294, "d3": -1.0955192712023742, "d4": -2.931518174633316, "p1": 2.4272068200506256, "p2": 6.988446473318833, "p3": 40.957207743495154, "p4": 17.142549535650048, "pol1": 0.20203328011883426, "pol2": -0.3587278367398783, "pol3": 0.5661724476978471, "pol4": 0.24197897841528415, "v0s": 5.436797499542764}, "datetime": {"datetime": "2022-04-08 20:29:05", "elapsed": 12473.920345, "delta": 9.063433}}
{"target": 2.206678898740858, "params": {"Bgrad": 14.401067589518801, "d1": -1.1349188686332432, "d2": 1.0, "d3": -2.241324604144878, "d4": -2.5877856015120857, "p1": 26.765719481947137, "p2": 38.82718858495653, "p3": 23.149998763544613, "p4": 7.002346532425956, "pol1": -0.7994914686237566, "pol2": 0.2618757849082341, "pol3": 0.809418190540999, "pol4": 0.8624059960025999, "v0s": 2.206678898740858}, "datetime": {"datetime": "2022-04-08 20:29:17", "elapsed": 12485.829682, "delta": 11.909337}}
{"target": 4.133708932580073, "params": {"Bgrad": 5.927901747552589, "d1": -2.138848261387903, "d2": -0.41334986554571407, "d3": -2.724226321519114, "d4": -1.8016015963219247, "p1": 5.690419913139189, "p2": 7.737916135851551, "p3": 35.65979363005327, "p4": 27.8502998163102, "pol1": -0.08268379746026092, "pol2": 0.043420499921824715, "pol3": -0.26718940572387584, "pol4": 0.6915565298240448, "v0s": 4.133708932580073}, "datetime": {"datetime": "2022-04-08 20:29:27", "elapsed": 12495.418211, "delta": 9.588529}}
{"target": -1.0, "params": {"Bgrad": 4.164830430091978, "d1": -0.7892187315001884, "d2": -1.1981347655629433, "d3": -2.331783814371483, "d4": 0.034639988846857594, "p1": 2.7059563753436047, "p2": 7.58475571664079, "p3": 41.16379057468248, "p4": 21.777498617101227, "pol1": 0.45992854868023114, "pol2": 0.8070705861194187, "pol3": -0.6962674728249303, "pol4": -0.2773430266486634, "v0s": 4.951990116999869}, "datetime": {"datetime": "2022-04-08 20:29:46", "elapsed": 12514.87704, "delta": 19.458829}}
