{"target": -1.0, "params": {"Bgrad": 1.9372873385469251, "d1": -2.6346675934588135, "d2": -0.8901169616871925, "d3": -1.0824232603991977, "d4": -1.6113987478230385, "p1": 9.039828833123686, "p2": 27.323537647295932, "p3": 45.062463789846966, "p4": 20.515735584783805, "pol1": -0.6767985581542335, "pol2": 0.40500992936432745, "pol3": 0.3106622386603759, "pol4": -0.6763659678330587, "v0s": 2.7037442285835867}, "datetime": {"datetime": "2022-05-17 14:35:12", "elapsed": 67927.664452, "delta": 21.817646}}
{"target": 3.876692036175875, "params": {"Bgrad": 0.582458159131293, "d1": -2.13077540867158, "d2": -0.18585574284346684, "d3": -1.6795615123855905, "d4": -2.386969174766135, "p1": 23.804016246998582, "p2": 32.8150728255879, "p3": 8.368816086614661, "p4": 47.55530195131504, "pol1": -0.13008743324334504, "pol2": 0.3400915880211437, "pol3": -0.11410855089236849, "pol4": -0.5291513348430901, "v0s": 3.876692036175875}, "datetime": {"datetime": "2022-05-17 14:35:41", "elapsed": 67956.237031, "delta": 28.572579}}
{"target": 4.349681080787086, "params": {"Bgrad": 1.8909372801138646, "d1": -0.27887410741782026, "d2": 0.8286916046490096, "d3": -1.6112438896560348, "d4": -3.0, "p1": 6.537129568368205, "p2": 24.34402424407502, "p3": 1.7965134833684826, "p4": 31.014656620971785, "pol1": -0.7920091637396652, "pol2": -0.3896955450961341, "pol3": -1.0, "pol4": -0.757798769061999, "v0s": 4.349681080787086}, "datetime": {"datetime": "2022-05-17 14:36:04", "elapsed": 67980.013438, "delta": 23.776407}}
{"target": -1.0, "params": {"Bgrad": 0.521761317761418, "d1": 0.24563406959672074, "d2": 0.6455014766306948, "d3": -0.4160176132347937, "d4": -2.1746566353853525, "p1": 7.791122841184012, "p2": 40.055885895569354, "p3": 35.35711467475577, "p4": 43.60387874082237, "pol1": 0.8019481722205368, "pol2": -0.4929827785388958, "pol3": 0.38060794354017546, "pol4": -0.06764862824284656, "v0s": 3.195552519286675}, "datetime": {"datetime": "2022-05-17 14:36:36", "elapsed": 68011.399492, "delta": 31.386054}}
{"target": -1.0, "params": {"Bgrad": 1.4078113516915827, "d1": -0.2983217398712452, "d2": -0.659763102033101, "d3": -2.5334566599148003, "d4": -0.5662662614353531, "p1": 9.200237228146074, "p2": 5.709117953873294, "p3": 43.02937413089566, "p4": 17.71183546880339, "pol1": -0.09942373376455516, "pol2": -0.3466479917806762, "pol3": -0.7143247798168377, "pol4": -0.5814504286366022, "v0s": 2.326393404405772}, "datetime": {"datetime": "2022-05-17 14:37:05", "elapsed": 68041.14294, "delta": 29.743448}}
{"target": 4.89459280246758, "params": {"Bgrad": 2.0, "d1": -3.0, "d2": 0.979185156415062, "d3": -1.2084793537249623, "d4": -0.7204741069584137, "p1": 36.3221288904019, "p2": 9.368354373687227, "p3": 8.879515039508934, "p4": 30.847962523806594, "pol1": 0.18136163445500175, "pol2": 1.0, "pol3": -1.0, "pol4": -0.012074107851579056, "v0s": 4.89459280246758}, "datetime": {"datetime": "2022-05-17 14:37:31", "elapsed": 68066.812284, "delta": 25.669344}}
{"target": 3.962746169364969, "params": {"Bgrad": 0.8674949999341879, "d1": -2.308463585567023, "d2": 0.9318337899428619, "d3": -2.1705815825643113, "d4": -0.0731090968905681, "p1": 5.557561066335698, "p2": 37.314515628919295, "p3": 29.380371715203367, "p4": 39.306813755922256, "pol1": 0.7176902530612579, "pol2": -0.7635688785395349, "pol3": 0.3684329383557994, "pol4": -0.32134749549639197, "v0s": 3.962746169364969}, "datetime": {"datetime": "2022-05-17 14:37:58", "elapsed": 68094.177093, "delta": 27.364809}}
{"target": 3.165834996918683, "params": {"Bgrad": 0.8273190495557823, "d1": -2.668109145649537, "d2": 0.2706271633027564, "d3": -2.085087834677563, "d4": -0.3937897790542615, "p1": 1.7513275528517613, "p2": 32.92490899878365, "p3": 28.330192427333937, "p4": 44.5555848836026, "pol1": -0.45716844721480165, "pol2": 0.31027481450023897, "pol3": -0.055320909697853304, "pol4": -0.6140246488875227, "v0s": 3.165834996918683}, "datetime": {"datetime": "2022-05-17 14:38:21", "elapsed": 68116.588152, "delta": 22.411059}}
{"target": 4.825654425267055, "params": {"Bgrad": 1.2924798480001807, "d1": -2.1135282328841782, "d2": 1.0, "d3": -1.8465965801055426, "d4": -3.0, "p1": 3.613131425729259, "p2": 32.56684399022247, "p3": 31.5981051631959, "p4": 39.19817165976398, "pol1": 0.5357875162296342, "pol2": 0.03524674228444421, "pol3": -1.0, "pol4": -0.5626392741589414, "v0s": 4.825654425267055}, "datetime": {"datetime": "2022-05-17 14:38:56", "elapsed": 68151.635414, "delta": 35.047262}}
{"target": -1.0, "params": {"Bgrad": 0.6515584113538129, "d1": -0.846487682812596, "d2": -0.8203579585076253, "d3": -2.287325165868803, "d4": -0.6432091841367624, "p1": 23.65531016187533, "p2": 31.18910021267097, "p3": 7.967250184773938, "p4": 49.019757999132764, "pol1": 0.9696361499340183, "pol2": 0.8534108662666748, "pol3": 0.3742606560471524, "pol4": -0.22467476263318176, "v0s": 3.555936911498083}, "datetime": {"datetime": "2022-05-17 14:39:21", "elapsed": 68176.541798, "delta": 24.906384}}
{"target": 5.272933235321123, "params": {"Bgrad": 0.7440016067708641, "d1": -2.4829147377034024, "d2": 0.7638186076145037, "d3": -0.9736655870398483, "d4": -2.655415557571629, "p1": 1.8811951879881217, "p2": 40.00227432285903, "p3": 32.8441306241389, "p4": 39.04240421011143, "pol1": -0.6368783653844208, "pol2": -0.3990727922491679, "pol3": -0.8913459266012977, "pol4": 0.2966500294451533, "v0s": 5.272933235321123}, "datetime": {"datetime": "2022-05-17 14:39:41", "elapsed": 68196.89935, "delta": 20.357552}}
{"target": 4.677058524239883, "params": {"Bgrad": 0.702903482102653, "d1": -1.4142328733188636, "d2": 0.09513627550925019, "d3": -1.4044832343417455, "d4": -1.577053238691133, "p1": 1.4848281229833948, "p2": 34.51355864824091, "p3": 32.606305483681666, "p4": 33.309564225749256, "pol1": 0.4245079817614703, "pol2": -0.10267596884181196, "pol3": 0.8060740230512691, "pol4": -0.9098753235263497, "v0s": 4.677058524239883}, "datetime": {"datetime": "2022-05-17 14:40:04", "elapsed": 68219.240596, "delta": 22.341246}}
{"target": 4.449002526777589, "params": {"Bgrad": 0.6132465229297244, "d1": -1.4785036212991722, "d2": 1.0, "d3": -0.8224411041394297, "d4": -2.0831427540296614, "p1": 39.37505051142539, "p2": 45.75037746692892, "p3": 15.838445258949399, "p4": 12.572557758914407, "pol1": 0.07046291035502275, "pol2": 0.7071374666939882, "pol3": 0.3365460243093252, "pol4": 0.9812120699858359, "v0s": 4.449002526777589}, "datetime": {"datetime": "2022-05-17 14:40:28", "elapsed": 68243.946516, "delta": 24.70592}}
{"target": 4.640846124274725, "params": {"Bgrad": 1.4503065743594925, "d1": -2.4675541645679635, "d2": -3.0, "d3": -3.0, "d4": -2.4319724311932087, "p1": 25.474178667255863, "p2": 32.36459829378243, "p3": 44.008259501669485, "p4": 45.86146695673107, "pol1": 0.6186037953638562, "pol2": 0.5373768731127877, "pol3": -1.0, "pol4": 1.0, "v0s": 4.640846124274725}, "datetime": {"datetime": "2022-05-17 14:40:53", "elapsed": 68268.381163, "delta": 24.434647}}
{"target": 4.777437828263115, "params": {"Bgrad": 2.0, "d1": -3.0, "d2": 0.2800636820529928, "d3": -0.9927662699129074, "d4": -2.696332457958083, "p1": 30.728717436060982, "p2": 12.950649709145246, "p3": 37.714043119422314, "p4": 25.142617469747563, "pol1": 1.0, "pol2": 0.6239777038930321, "pol3": -0.8977569159959423, "pol4": 0.8069027683842039, "v0s": 4.777437828263115}, "datetime": {"datetime": "2022-05-17 14:41:20", "elapsed": 68295.729017, "delta": 27.347854}}
{"target": 4.189268962601391, "params": {"Bgrad": 1.2838608825776552, "d1": -2.395788848495165, "d2": 0.22304514377586213, "d3": -1.5673778341722588, "d4": -3.0, "p1": 44.19637791756064, "p2": 20.244411978794336, "p3": 24.816053709429106, "p4": 13.31972131369966, "pol1": 0.8178348850677808, "pol2": -0.7845615296405228, "pol3": -0.2740307698001056, "pol4": 1.0, "v0s": 4.189268962601391}, "datetime": {"datetime": "2022-05-17 14:41:45", "elapsed": 68320.395045, "delta": 24.666028}}
{"target": 4.591285157182951, "params": {"Bgrad": 2.0, "d1": -2.386793113907111, "d2": 1.0, "d3": -2.1375039995788065, "d4": -1.453456200861674, "p1": 29.295029892417844, "p2": 29.28698858898547, "p3": 6.847197383874764, "p4": 43.67123580158072, "pol1": 1.0, "pol2": 0.23337729900227472, "pol3": 0.2022384430074158, "pol4": 0.6093186883670381, "v0s": 4.591285157182951}, "datetime": {"datetime": "2022-05-17 14:42:19", "elapsed": 68354.246505, "delta": 33.85146}}
{"target": 4.023472759761201, "params": {"Bgrad": 1.0818738736092568, "d1": -1.8496477625981345, "d2": 0.851650423170375, "d3": -2.2972334303722945, "d4": -1.706213136908255, "p1": 3.36251623975366, "p2": 36.09458203476539, "p3": 29.572573872304925, "p4": 34.56984907821641, "pol1": 0.5713248745951025, "pol2": 0.7187112461393421, "pol3": 0.9244685578203695, "pol4": -0.31699260692399034, "v0s": 4.023472759761201}, "datetime": {"datetime": "2022-05-17 14:42:43", "elapsed": 68378.510608, "delta": 24.264103}}
{"target": -1.0, "params": {"Bgrad": 1.796124790228005, "d1": -1.4178198798349824, "d2": -1.2351103633623066, "d3": -2.5378956002636137, "d4": -1.0545594061473342, "p1": 42.006166528987535, "p2": 19.791239441893378, "p3": 14.14691429382584, "p4": 13.283967192481066, "pol1": 0.9874861753741617, "pol2": 0.9288962623831485, "pol3": -0.9433087119651484, "pol4": -0.3480546681256711, "v0s": 3.71429352948254}, "datetime": {"datetime": "2022-05-17 14:43:13", "elapsed": 68409.138689, "delta": 30.628081}}
{"target": -1.0, "params": {"Bgrad": 0.5, "d1": -0.48029369029602764, "d2": -3.0, "d3": -1.0121147561700188, "d4": -3.0, "p1": 8.801007977680856, "p2": 33.57456460658214, "p3": 34.8182793823059, "p4": 18.460079453210742, "pol1": 0.6288883283936718, "pol2": 0.2830990957435981, "pol3": -0.33346746880793104, "pol4": -0.2751140705840217, "v0s": 4.6848965355581536}, "datetime": {"datetime": "2022-05-17 14:43:49", "elapsed": 68444.747449, "delta": 35.60876}}
{"target": 3.984221718566637, "params": {"Bgrad": 1.3651169607722424, "d1": -1.402107818960204, "d2": 0.5900375506148399, "d3": -3.0, "d4": -3.0, "p1": 5.576073752843166, "p2": 38.34566347928865, "p3": 32.65473587474582, "p4": 44.64828895314751, "pol1": 0.2085226431831652, "pol2": -0.7498687216090189, "pol3": 0.8593796022168843, "pol4": 0.0445293994606574, "v0s": 3.984221718566637}, "datetime": {"datetime": "2022-05-17 14:44:15", "elapsed": 68470.626746, "delta": 25.879297}}
{"target": -1.0, "params": {"Bgrad": 1.8064078768623408, "d1": 0.46818108152710014, "d2": 0.36587175457322907, "d3": -2.2026582378608452, "d4": -1.56572370140614, "p1": 0.06259750491903748, "p2": 29.98815378499071, "p3": 26.115183097860413, "p4": 42.246531732571086, "pol1": 0.6444687363774921, "pol2": -0.45113371436794436, "pol3": -0.623698710516891, "pol4": 0.9789701347118946, "v0s": 4.939108985992274}, "datetime": {"datetime": "2022-05-17 14:44:53", "elapsed": 68508.403707, "delta": 37.776961}}
{"target": -1.0, "params": {"Bgrad": 0.8943747131533837, "d1": -2.313880740774458, "d2": 0.8433104579781374, "d3": -1.9758561681788809, "d4": 0.9925990594694643, "p1": 36.69631901229825, "p2": 10.346492285829607, "p3": 41.197123541506734, "p4": 37.51114994055681, "pol1": 0.43411721674412007, "pol2": 0.6612889572907019, "pol3": -0.5243743757395347, "pol4": -0.9407307266605169, "v0s": 5.605089023411704}, "datetime": {"datetime": "2022-05-17 14:45:27", "elapsed": 68543.167726, "delta": 34.764019}}
{"target": 4.344159653273319, "params": {"Bgrad": 1.6479069448885566, "d1": -2.678979726215985, "d2": 0.23208928787064953, "d3": -1.9831554131502918, "d4": -2.8160119185188153, "p1": 28.41426815873198, "p2": 9.147036178727726, "p3": 14.324839811700269, "p4": 26.913190605709076, "pol1": 0.6102627702794645, "pol2": 0.04118978968414217, "pol3": -0.41845431231369595, "pol4": -0.2467886878717001, "v0s": 4.344159653273319}, "datetime": {"datetime": "2022-05-17 14:45:58", "elapsed": 68573.351994, "delta": 30.184268}}
{"target": -1.0, "params": {"Bgrad": 1.9252951624913013, "d1": -2.133966089203569, "d2": -0.1488308339243667, "d3": -0.9295039688096374, "d4": 0.2998573724470259, "p1": 10.614947194678209, "p2": 26.943006060688013, "p3": 41.5718414916434, "p4": 28.889478019414895, "pol1": -0.14834616450817073, "pol2": -0.7489975699318445, "pol3": 0.4601666961505946, "pol4": -0.37679235411772627, "v0s": 5.588628801753033}, "datetime": {"datetime": "2022-05-17 14:46:28", "elapsed": 68603.349761, "delta": 29.997767}}
{"target": -1.0, "params": {"Bgrad": 1.1140507858140554, "d1": -2.903677839448031, "d2": 0.671264068310796, "d3": 0.6063374893924056, "d4": -1.0476462085544762, "p1": 0.9705629483286737, "p2": 33.46602316381372, "p3": 30.61068880309932, "p4": 37.92886846313371, "pol1": -0.7652942289804017, "pol2": 0.14170026396206437, "pol3": 0.33200578715591256, "pol4": 0.8388902828431322, "v0s": 5.0648002740101425}, "datetime": {"datetime": "2022-05-17 14:48:10", "elapsed": 68705.42076, "delta": 102.070999}}
{"target": 4.361034674963042, "params": {"Bgrad": 1.551847360008488, "d1": -2.3606878036008414, "d2": 0.25961401179667665, "d3": -2.0537866433048184, "d4": -1.041643532755717, "p1": 8.32248122345865, "p2": 24.56963671533867, "p3": 43.93264508446424, "p4": 21.68855968458701, "pol1": 1.0, "pol2": -0.3729876832890248, "pol3": -0.08447050521543543, "pol4": -0.20019875762093894, "v0s": 4.361034674963042}, "datetime": {"datetime": "2022-05-17 14:49:08", "elapsed": 68763.738781, "delta": 58.318021}}
{"target": 3.8839702325664254, "params": {"Bgrad": 1.4521166404485566, "d1": -3.0, "d2": -0.04574101320076896, "d3": 0.207379064022564, "d4": -0.45311308383369686, "p1": 35.03188267235027, "p2": 7.558501303609963, "p3": 35.928750960804656, "p4": 6.26001384335869, "pol1": 0.46415484951304653, "pol2": -1.0, "pol3": 0.36353655160685033, "pol4": -0.052231901615559274, "v0s": 3.8839702325664254}, "datetime": {"datetime": "2022-05-17 14:49:35", "elapsed": 68790.807386, "delta": 27.068605}}
{"target": 3.8015406480407137, "params": {"Bgrad": 0.5485234796486477, "d1": -2.980581783622722, "d2": -0.5208310290418421, "d3": -1.2840307469519705, "d4": -0.25654287376205254, "p1": 27.755615992272244, "p2": 31.927630183325018, "p3": 9.295424742084235, "p4": 42.789251740214766, "pol1": -0.9663150817165698, "pol2": 0.21349495973252308, "pol3": 0.14578553194362298, "pol4": -0.32933439040144474, "v0s": 3.8015406480407137}, "datetime": {"datetime": "2022-05-17 14:49:57", "elapsed": 68812.739722, "delta": 21.932336}}
{"target": 6.523725071240383, "params": {"Bgrad": 1.7805952946065864, "d1": -3.0, "d2": 0.003026642619317297, "d3": -0.485669586592025, "d4": -1.0703588597305065, "p1": 10.38757193304424, "p2": 26.685885077557973, "p3": 41.85752673645235, "p4": 28.050186882219563, "pol1": -0.8391115407994979, "pol2": 1.0, "pol3": -0.14313619408249795, "pol4": 0.15496227585957917, "v0s": 6.523725071240383}, "datetime": {"datetime": "2022-05-17 14:50:31", "elapsed": 68846.260068, "delta": 33.520346}}
{"target": 3.4945319197358957, "params": {"Bgrad": 0.7659232686564099, "d1": -0.9494708259718285, "d2": 0.5080434171767694, "d3": -2.404353577135148, "d4": -2.863105226166207, "p1": 5.50566532072298, "p2": 34.677344488340225, "p3": 27.830973936201868, "p4": 37.85075015772607, "pol1": 0.26027679604478315, "pol2": 0.30283163985339256, "pol3": -0.1251481710903224, "pol4": 0.4230709109023496, "v0s": 3.4945319197358957}, "datetime": {"datetime": "2022-05-17 14:50:51", "elapsed": 68866.697405, "delta": 20.437337}}
{"target": 4.543254277627151, "params": {"Bgrad": 2.0, "d1": -3.0, "d2": 1.0, "d3": -0.9318902637809856, "d4": -2.4338014871733376, "p1": 44.14508584334604, "p2": 19.829185640743287, "p3": 24.772601524259507, "p4": 13.186622963397811, "pol1": 0.5980895108911614, "pol2": -0.11088205804196363, "pol3": -0.11243647613910267, "pol4": -0.5529155295415782, "v0s": 4.543254277627151}, "datetime": {"datetime": "2022-05-17 14:51:16", "elapsed": 68891.720478, "delta": 25.023073}}
{"target": 4.7053142340425955, "params": {"Bgrad": 0.8563352081582709, "d1": -1.8398379605345712, "d2": -0.7321560651915577, "d3": -1.033291291891059, "d4": -2.5077112185867825, "p1": 3.8696977816097986, "p2": 12.104282068314065, "p3": 38.10479825347951, "p4": 48.19975580094838, "pol1": -0.5497331309922757, "pol2": -0.5402400049600282, "pol3": 0.1603784400775361, "pol4": -0.27608170997348735, "v0s": 4.7053142340425955}, "datetime": {"datetime": "2022-05-17 14:51:41", "elapsed": 68917.100596, "delta": 25.380118}}
{"target": 5.02681432988619, "params": {"Bgrad": 0.8989281355618732, "d1": -2.871155057130916, "d2": 0.600281154404102, "d3": -2.069340309327496, "d4": -2.5686827811918436, "p1": 32.459331967494386, "p2": 7.833820029891322, "p3": 37.89376162999889, "p4": 31.95489935158451, "pol1": -0.4983812465053455, "pol2": 0.6465842600781012, "pol3": 0.429595806273224, "pol4": -1.0, "v0s": 5.02681432988619}, "datetime": {"datetime": "2022-05-17 14:52:08", "elapsed": 68943.288553, "delta": 26.187957}}
{"target": 4.42170056488856, "params": {"Bgrad": 1.39074057867298, "d1": -3.0, "d2": -0.7320892310919146, "d3": -0.5135279619403186, "d4": -1.2656958979812196, "p1": 35.653921625285165, "p2": 8.954337397932457, "p3": 35.692590566415085, "p4": 5.158519226728711, "pol1": 0.4153608142439423, "pol2": -1.0, "pol3": 0.37719848127753947, "pol4": -0.18698122410097623, "v0s": 4.42170056488856}, "datetime": {"datetime": "2022-05-17 14:52:42", "elapsed": 68977.479106, "delta": 34.190553}}
{"target": -1.0, "params": {"Bgrad": 0.7010093302127702, "d1": -2.5839229761098834, "d2": 0.8987056170070118, "d3": -2.1961071323534864, "d4": -2.1368522830617187, "p1": 3.6770075997690443, "p2": 40.00696227368138, "p3": 33.00250568684338, "p4": 40.2083310397779, "pol1": -0.5495759812917538, "pol2": -0.15831805988717162, "pol3": -0.8198970232421077, "pol4": -0.023578105156013995, "v0s": 5.29927007742213}, "datetime": {"datetime": "2022-05-17 14:53:06", "elapsed": 69001.442014, "delta": 23.962908}}
{"target": 3.8224480862855192, "params": {"Bgrad": 0.9774658819297907, "d1": -2.120468371797448, "d2": -1.3137014353548953, "d3": 0.037022395266684605, "d4": -1.177678483555443, "p1": 2.5999396860094395, "p2": 11.866065816724669, "p3": 36.24459814683852, "p4": 47.9294743727958, "pol1": 0.7583040043688198, "pol2": -0.8233539913408723, "pol3": -0.4073839144028497, "pol4": 0.43888413019366834, "v0s": 3.8224480862855192}, "datetime": {"datetime": "2022-05-17 14:53:50", "elapsed": 69045.366533, "delta": 43.924519}}
{"target": -1.0, "params": {"Bgrad": 2.0, "d1": -2.239396354986006, "d2": 0.5993679322693536, "d3": -1.4587338439518616, "d4": 0.6230524487781208, "p1": 36.27071961185802, "p2": 8.66240962678309, "p3": 8.524846602115266, "p4": 30.546179332842854, "pol1": 0.22262406016614686, "pol2": 0.11514417828431138, "pol3": -1.0, "pol4": 0.2462356389366325, "v0s": 5.023203095794}, "datetime": {"datetime": "2022-05-17 14:55:50", "elapsed": 69165.781468, "delta": 120.414935}}
{"target": 4.431140830269933, "params": {"Bgrad": 1.5390241732465317, "d1": -3.0, "d2": 0.5636494504230997, "d3": -1.5099502086770953, "d4": -2.1437683935474396, "p1": 30.72745281764809, "p2": 12.733324724225424, "p3": 39.16076335799806, "p4": 26.340697080041885, "pol1": 1.0, "pol2": 1.0, "pol3": -0.9998396301961803, "pol4": 0.5308110045342506, "v0s": 4.431140830269933}, "datetime": {"datetime": "2022-05-17 14:56:18", "elapsed": 69193.747668, "delta": 27.9662}}
{"target": 4.94617002509928, "params": {"Bgrad": 1.1480306430704261, "d1": -2.518755018577094, "d2": -3.0, "d3": -3.0, "d4": -3.0, "p1": 24.7545670528278, "p2": 32.174346569480065, "p3": 43.85150470359236, "p4": 47.03552475011619, "pol1": 0.6165830011899526, "pol2": 1.0, "pol3": -1.0, "pol4": -0.7462930689686258, "v0s": 4.94617002509928}, "datetime": {"datetime": "2022-05-17 14:56:46", "elapsed": 69222.08388, "delta": 28.336212}}
{"target": 5.041822354390426, "params": {"Bgrad": 1.9727412620032156, "d1": -3.0, "d2": 0.32684576641779395, "d3": -1.2791623261961853, "d4": -0.11082796119133773, "p1": 31.99159144865899, "p2": 6.054318964178944, "p3": 6.4151042661814355, "p4": 25.121795681033483, "pol1": 0.24291160376136883, "pol2": -1.0, "pol3": 0.3917831226970556, "pol4": -0.7633058332189271, "v0s": 5.041822354390426}, "datetime": {"datetime": "2022-05-17 14:57:10", "elapsed": 69245.634891, "delta": 23.551011}}
{"target": 4.18216171053438, "params": {"Bgrad": 0.81304021105318, "d1": -0.6528203595565639, "d2": -0.17084138813622313, "d3": -0.6421126001581046, "d4": -3.0, "p1": 6.583723131492678, "p2": 24.506240331429513, "p3": 1.4654744614457627, "p4": 31.221494509061095, "pol1": -1.0, "pol2": -0.5241199103728624, "pol3": -1.0, "pol4": -0.5261186473586258, "v0s": 4.18216171053438}, "datetime": {"datetime": "2022-05-17 14:57:34", "elapsed": 69270.188218, "delta": 24.553327}}
{"target": 4.309091770497897, "params": {"Bgrad": 1.385525086798746, "d1": -3.0, "d2": 0.05035708407264842, "d3": -2.6422147821561524, "d4": -0.655300214588611, "p1": 31.981283205005347, "p2": 5.951241746356208, "p3": 6.06909394361312, "p4": 24.695432561801084, "pol1": 1.0, "pol2": -1.0, "pol3": 0.23155571368480557, "pol4": -0.6665942166144391, "v0s": 4.309091770497897}, "datetime": {"datetime": "2022-05-17 14:58:01", "elapsed": 69297.065332, "delta": 26.877114}}
{"target": -1.0, "params": {"Bgrad": 0.552843958225395, "d1": -1.1922037953368516, "d2": -0.4078235558911345, "d3": -2.3334609868327467, "d4": -1.1112039453950309, "p1": 4.305300766258519, "p2": 38.23864826251339, "p3": 34.488108248731116, "p4": 42.34463905068148, "pol1": -0.5443808089440829, "pol2": 0.37173583031140334, "pol3": 0.27417763024893294, "pol4": -0.14322437811876698, "v0s": 2.8940331146320144}, "datetime": {"datetime": "2022-05-17 14:58:31", "elapsed": 69326.526535, "delta": 29.461203}}
