{"target": 3.656072994607998, "params": {"Bgrad": 1.947462567007027, "d1": -0.9043440001390004, "d2": -0.261279617066402, "d3": -0.9451599064116945, "d4": -0.8603760425604761, "p1": 6.178069676498571, "p2": 14.343822584529336, "p3": 34.881150438171716, "p4": 35.45715170253088, "pol1": 0.20451117583529532, "pol2": 0.22152805122899366, "pol3": -0.6303577019694173, "pol4": 0.5232730683038804, "v0s": 3.656072994607998}, "datetime": {"datetime": "2022-06-25 00:44:36", "elapsed": 3748.298413, "delta": 10.469006}}
{"target": -1.0, "params": {"Bgrad": 1.7824214027448653, "d1": -1.680294169105951, "d2": -1.4695145160358543, "d3": -2.8966341789699106, "d4": 0.7379495736725992, "p1": 9.211056790688538, "p2": 16.974365743122306, "p3": 8.980406941575175, "p4": 32.192377047652506, "pol1": -0.25006865624192587, "pol2": -0.8972374612223559, "pol3": 0.042554613743414293, "pol4": -0.4505313493856469, "v0s": 3.734236435371126}, "datetime": {"datetime": "2022-06-25 00:44:53", "elapsed": 3765.456532, "delta": 17.158119}}
{"target": 5.107755805381865, "params": {"Bgrad": 0.5600367556773915, "d1": -2.792706777333848, "d2": -0.2764013648133332, "d3": -0.5106762855617148, "d4": -2.717073310547542, "p1": 5.967964412170196, "p2": 8.501966655431492, "p3": 37.471521061738414, "p4": 30.047006482834803, "pol1": -0.3935586950769492, "pol2": 0.5773725587203196, "pol3": -0.6315429569016955, "pol4": -0.9699767957086392, "v0s": 5.107755805381865}, "datetime": {"datetime": "2022-06-25 00:45:02", "elapsed": 3773.806205, "delta": 8.349673}}
{"target": -1.0, "params": {"Bgrad": 1.5134771677105192, "d1": 0.07802244687655113, "d2": -0.8980728009318995, "d3": -2.3476962095100378, "d4": -2.419163718442799, "p1": 0.4642447304553654, "p2": 31.367061502783756, "p3": 19.710961342286947, "p4": 10.814945827760724, "pol1": -0.027240255626511667, "pol2": -0.43507108516039894, "pol3": 0.23650970445248864, "pol4": -0.3886030713061197, "v0s": 3.4241860753557694}, "datetime": {"datetime": "2022-06-25 00:45:17", "elapsed": 3788.919791, "delta": 15.113586}}
{"target": -1.0, "params": {"Bgrad": 1.2352050469603908, "d1": -1.5028821850331164, "d2": -1.5505940772936158, "d3": -2.100709734481741, "d4": -1.9695914014439109, "p1": 6.306241713740696, "p2": 9.231190298667041, "p3": 36.52546410475425, "p4": 31.96845507101513, "pol1": -0.606097672085246, "pol2": -0.8434118028188886, "pol3": -0.7102588749110295, "pol4": 0.2302205152027681, "v0s": 5.793494076167437}, "datetime": {"datetime": "2022-06-25 00:45:32", "elapsed": 3803.878791, "delta": 14.959}}
{"target": 2.7212480681745035, "params": {"Bgrad": 1.1406442746469931, "d1": -2.021431100054254, "d2": 0.7914704094043787, "d3": -2.3623197499335573, "d4": -2.9241832099829717, "p1": 6.7967030355393865, "p2": 11.405790254598058, "p3": 35.4369512367899, "p4": 29.566805237612297, "pol1": -0.3234894944147071, "pol2": -0.4264187588314545, "pol3": 0.5819293076995036, "pol4": 0.5320676443285557, "v0s": 2.7212480681745035}, "datetime": {"datetime": "2022-06-25 00:45:42", "elapsed": 3813.870075, "delta": 9.991284}}
{"target": -1.0, "params": {"Bgrad": 0.7835106794226193, "d1": -1.87994294458109, "d2": -0.35370549021594977, "d3": -0.9037248837364587, "d4": -1.5585074606611347, "p1": 1.1106437130774194, "p2": 33.83822521367031, "p3": 18.38935346823606, "p4": 12.08922091765896, "pol1": -0.8699965774246556, "pol2": 0.3957472289322215, "pol3": -0.7860775827788, "pol4": -0.47205365447179726, "v0s": 5.354825588512918}, "datetime": {"datetime": "2022-06-25 00:45:55", "elapsed": 3827.317116, "delta": 13.447041}}
{"target": 5.460971994170171, "params": {"Bgrad": 1.8485826638037883, "d1": -2.6238258402102677, "d2": 0.48881397376269664, "d3": -0.9405662304281779, "d4": -1.7889388686618468, "p1": 5.301832661883438, "p2": 15.339355364194368, "p3": 37.0741157541364, "p4": 30.881222949424654, "pol1": -0.4143374241928415, "pol2": -0.7245018193403865, "pol3": -0.6159482362499522, "pol4": 0.27994720108569315, "v0s": 5.460971994170171}, "datetime": {"datetime": "2022-06-25 00:46:08", "elapsed": 3840.645476, "delta": 13.32836}}
{"target": 4.069996017215939, "params": {"Bgrad": 1.3329830094510076, "d1": -1.3772834782763628, "d2": 0.335577997726961, "d3": -2.5410151461559787, "d4": -1.7733802256031985, "p1": 7.1901121077374786, "p2": 36.38898678086837, "p3": 35.47302518531728, "p4": 34.98356280931899, "pol1": -0.10359518354524105, "pol2": 0.42822555477156965, "pol3": -0.13416926647419067, "pol4": -0.5032265916726482, "v0s": 4.069996017215939}, "datetime": {"datetime": "2022-06-25 00:46:18", "elapsed": 3850.25877, "delta": 9.613294}}
{"target": -1.0, "params": {"Bgrad": 0.6106709419296741, "d1": -0.8370186474101962, "d2": 0.004903119710662374, "d3": -2.2744781453735885, "d4": -0.3673769165013474, "p1": 30.753730791459027, "p2": 14.58028396478745, "p3": 42.119804360678195, "p4": 25.513708163860414, "pol1": 0.22737733345897393, "pol2": 0.7965657219616509, "pol3": -0.3652256800216289, "pol4": -0.08227397266952585, "v0s": 4.845024587860377}, "datetime": {"datetime": "2022-06-25 00:46:32", "elapsed": 3864.385995, "delta": 14.127225}}
{"target": -1.0, "params": {"Bgrad": 1.1588024167525541, "d1": -1.6446043929426146, "d2": 0.6809839802163875, "d3": -0.5179509753402725, "d4": -2.0054316017995393, "p1": 11.335470787736678, "p2": 14.775239915708493, "p3": 9.350639548349394, "p4": 29.15146252197832, "pol1": -0.12578304279968466, "pol2": -0.060133642685660016, "pol3": 0.4406233671465474, "pol4": 0.9546334990129122, "v0s": 2.5046898519331835}, "datetime": {"datetime": "2022-06-25 00:46:41", "elapsed": 3873.079746, "delta": 8.693751}}
{"target": -1.0, "params": {"Bgrad": 1.8184767354476863, "d1": -0.43979098913367354, "d2": -2.2070855863999363, "d3": 0.18529421987800143, "d4": -2.176220934848422, "p1": 19.503430817498195, "p2": 22.487022074384218, "p3": 17.796808701516092, "p4": 19.821601291893398, "pol1": -0.7477431006467865, "pol2": -0.28008724066956314, "pol3": 0.11846627573739088, "pol4": 0.09035264555432265, "v0s": 3.539937176053054}, "datetime": {"datetime": "2022-06-25 00:46:58", "elapsed": 3890.336604, "delta": 17.256858}}
{"target": -1.0, "params": {"Bgrad": 0.5791588626464232, "d1": -2.734653817607578, "d2": 0.17914317795095647, "d3": -1.1834694265313743, "d4": -1.5972612765375889, "p1": 48.122760550184005, "p2": 17.18044275679411, "p3": 26.991479941488144, "p4": 11.070817808174155, "pol1": 0.6603936586488546, "pol2": -0.8451021408031394, "pol3": 0.22999737228100203, "pol4": 0.05783008388724431, "v0s": 5.417836257360127}, "datetime": {"datetime": "2022-06-25 00:47:08", "elapsed": 3900.608135, "delta": 10.271531}}
{"target": -1.0, "params": {"Bgrad": 0.763909465859375, "d1": -2.8222320466510276, "d2": -0.5589656446113023, "d3": 0.28652380336337036, "d4": -2.434132498855591, "p1": 6.87731919550888, "p2": 11.931761055458129, "p3": 35.03262228434805, "p4": 27.030723668646665, "pol1": -0.8556374296366633, "pol2": -0.3195555208070555, "pol3": -0.7017265615295507, "pol4": -0.6197559742408478, "v0s": 5.461910145272424}, "datetime": {"datetime": "2022-06-25 00:47:20", "elapsed": 3912.304858, "delta": 11.696723}}
{"target": 3.7529312140279965, "params": {"Bgrad": 0.5951496567034048, "d1": -2.0891525956394226, "d2": 0.7216209023960114, "d3": -1.5678390413123278, "d4": -1.2051103012747886, "p1": 28.103800714124436, "p2": 25.86078049495899, "p3": 4.303986120963729, "p4": 43.8474320187319, "pol1": 0.8073104626312761, "pol2": 0.22340053627571738, "pol3": -0.3834930177222217, "pol4": 0.5609985876950003, "v0s": 3.7529312140279965}, "datetime": {"datetime": "2022-06-25 00:47:28", "elapsed": 3919.963379, "delta": 7.658521}}
{"target": 2.9634299288334667, "params": {"Bgrad": 1.1402722448016962, "d1": -2.3384227557594763, "d2": -0.6848753861310204, "d3": -2.587939750922901, "d4": -1.2455887900509772, "p1": 1.05745764619119, "p2": 12.118886069856321, "p3": 37.45599597871164, "p4": 31.776261694162063, "pol1": -0.5008771960942966, "pol2": -0.5237979571214375, "pol3": -0.7679807410358164, "pol4": -0.3606155331836933, "v0s": 2.9634299288334667}, "datetime": {"datetime": "2022-06-25 00:47:36", "elapsed": 3928.576349, "delta": 8.61297}}
{"target": 3.7890675613336104, "params": {"Bgrad": 1.1159602415359808, "d1": -1.191612500677166, "d2": 0.5603004021353083, "d3": -2.1473678951508757, "d4": -1.361055887665882, "p1": 45.74990093424625, "p2": 17.298715138980025, "p3": 26.657618768866524, "p4": 12.194969613319744, "pol1": 0.6634146533539463, "pol2": -0.3734272829722414, "pol3": 0.011803636610814133, "pol4": -0.14601776537190042, "v0s": 3.7890675613336104}, "datetime": {"datetime": "2022-06-25 00:47:47", "elapsed": 3939.187973, "delta": 10.611624}}
{"target": -1.0, "params": {"Bgrad": 0.7436145183912561, "d1": -1.4297410840317215, "d2": -1.149879789260646, "d3": -1.8760967632040915, "d4": -0.47754292161088374, "p1": 1.4151023207731095, "p2": 10.052411213271572, "p3": 34.93595807941779, "p4": 32.64990907192505, "pol1": -0.10419262319451761, "pol2": -0.6513566564828592, "pol3": -0.9302602028969031, "pol4": -0.003243330037366432, "v0s": 4.5557847574199934}, "datetime": {"datetime": "2022-06-25 00:48:04", "elapsed": 3955.82349, "delta": 16.635517}}
{"target": 3.9506195511832334, "params": {"Bgrad": 0.7947872046223108, "d1": -1.9425701568083338, "d2": -0.640746116069622, "d3": -2.4472179057503194, "d4": -2.364533091244941, "p1": 5.564596718997959, "p2": 22.264371429151147, "p3": 0.7169687671285666, "p4": 30.961976181412492, "pol1": -0.7136363033665608, "pol2": -0.36747625520618893, "pol3": -0.2555258782051339, "pol4": 0.2871448996988361, "v0s": 3.9506195511832334}, "datetime": {"datetime": "2022-06-25 00:48:13", "elapsed": 3965.030869, "delta": 9.207379}}
{"target": -1.0, "params": {"Bgrad": 0.5258200879576183, "d1": -0.823935823891532, "d2": -0.39816569767430066, "d3": -2.9034232536084996, "d4": -0.777154679127571, "p1": 3.3474249261672364, "p2": 14.545552466511975, "p3": 35.362706861307664, "p4": 33.13983277008757, "pol1": -0.23516059228562702, "pol2": 0.4785212171920832, "pol3": -0.917772378610185, "pol4": -0.5796325688538024, "v0s": 3.8886703532378704}, "datetime": {"datetime": "2022-06-25 00:48:23", "elapsed": 3975.533784, "delta": 10.502915}}
{"target": 3.131670303457181, "params": {"Bgrad": 1.3727976522184493, "d1": -1.9024977996661816, "d2": -1.2279635742845538, "d3": -1.731881027089648, "d4": 0.009875771022116644, "p1": 24.855452881430885, "p2": 3.7776741472987294, "p3": 37.02865996910901, "p4": 26.103543534274934, "pol1": 0.3706713663186552, "pol2": -0.09251477843856869, "pol3": -0.39249767863311663, "pol4": -0.16445452453837262, "v0s": 3.131670303457181}, "datetime": {"datetime": "2022-06-25 00:48:30", "elapsed": 3982.613852, "delta": 7.080068}}
{"target": 3.673248354618, "params": {"Bgrad": 1.6462849625841984, "d1": -2.747770471174327, "d2": -0.9946661709929754, "d3": -1.261654349421348, "d4": -2.0216376770341227, "p1": 47.6160302789001, "p2": 45.70652161216168, "p3": 7.948867341783244, "p4": 17.6041037943256, "pol1": 0.2505478630637723, "pol2": 0.927473081364599, "pol3": 0.868551497813, "pol4": 0.3995249111352295, "v0s": 3.673248354618}, "datetime": {"datetime": "2022-06-25 00:48:41", "elapsed": 3993.599476, "delta": 10.985624}}
{"target": -1.0, "params": {"Bgrad": 0.6533492179071613, "d1": -2.333721502188078, "d2": 0.34576585486766875, "d3": 0.24188588178193005, "d4": -2.647222527268696, "p1": 9.679215683482528, "p2": 13.620952239654377, "p3": 12.834308390748738, "p4": 29.28593086695523, "pol1": -0.31125598730027715, "pol2": 0.18303502845970265, "pol3": -0.06423592084923291, "pol4": -0.43582385656208134, "v0s": 3.0775001839558875}, "datetime": {"datetime": "2022-06-25 00:48:52", "elapsed": 4003.725399, "delta": 10.125923}}
{"target": 3.9898129291662787, "params": {"Bgrad": 1.2091241575211367, "d1": -2.3118389117930755, "d2": 0.2138787476793369, "d3": -2.0116191302649136, "d4": -2.7908295131176093, "p1": 5.887584147465619, "p2": 32.980259941078074, "p3": 37.40093968884862, "p4": 34.821902217191884, "pol1": 0.7682515366932787, "pol2": 0.14526551764581308, "pol3": 0.2258243494745633, "pol4": -0.9313318485375905, "v0s": 3.9898129291662787}, "datetime": {"datetime": "2022-06-25 00:49:03", "elapsed": 4014.76488, "delta": 11.039481}}
{"target": 4.660915293040788, "params": {"Bgrad": 1.964283641925892, "d1": -2.90378594692626, "d2": 0.4365191317812842, "d3": -2.5548895286831, "d4": -2.1934372851228776, "p1": 29.351027368003646, "p2": 10.595881163657184, "p3": 36.49749181178186, "p4": 29.826750958949138, "pol1": 0.8550264221053452, "pol2": 0.42274116548098317, "pol3": -0.21872463723784152, "pol4": 0.023184952075914422, "v0s": 4.660915293040788}, "datetime": {"datetime": "2022-06-25 00:49:12", "elapsed": 4024.281432, "delta": 9.516552}}
{"target": 3.9013622397264607, "params": {"Bgrad": 1.1769196732777378, "d1": -1.0983528669671752, "d2": 0.35061228081835605, "d3": -2.1505030711042514, "d4": -2.803923414549324, "p1": 5.038307010087573, "p2": 23.552002675040995, "p3": 0.2855591586406081, "p4": 31.971424199855612, "pol1": 0.9235797384689903, "pol2": -0.6763923634459652, "pol3": -0.4214242197373326, "pol4": -0.9933053007072752, "v0s": 3.9013622397264607}, "datetime": {"datetime": "2022-06-25 00:49:23", "elapsed": 4035.1763, "delta": 10.894868}}
{"target": 2.840929696902471, "params": {"Bgrad": 1.576369117771585, "d1": 0.3377916161770709, "d2": -2.308747308247996, "d3": -0.8156160070550129, "d4": -2.4005759576687518, "p1": 6.218543172545404, "p2": 16.30646798309872, "p3": 36.397842096204414, "p4": 30.667468612384518, "pol1": 0.35783869115156763, "pol2": -0.6387540300061505, "pol3": 0.9206599349154763, "pol4": 0.002071095339959861, "v0s": 2.840929696902471}, "datetime": {"datetime": "2022-06-25 00:49:31", "elapsed": 4042.981428, "delta": 7.805128}}
{"target": 4.978190831747287, "params": {"Bgrad": 1.4489469570374236, "d1": -2.0975822522065966, "d2": 0.4901000025155175, "d3": -1.3412209271294548, "d4": -1.5793455365651659, "p1": 5.425304279176433, "p2": 15.181263363017143, "p3": 37.05366338721289, "p4": 31.189006017643162, "pol1": -0.09282885856806525, "pol2": -0.6709800501095938, "pol3": -0.6045521833163893, "pol4": 0.30182993709638, "v0s": 4.978190831747287}, "datetime": {"datetime": "2022-06-25 00:49:43", "elapsed": 4054.74597, "delta": 11.764542}}
{"target": 3.441697031175626, "params": {"Bgrad": 1.0080315578855616, "d1": -0.582795669994431, "d2": -1.4018047597393086, "d3": 0.37067701656326335, "d4": -2.5907082443868306, "p1": 3.782967473081028, "p2": 14.275946731064181, "p3": 36.629005801600535, "p4": 31.319415163901382, "pol1": 0.12200212828068557, "pol2": -0.5508062380814294, "pol3": -0.5774678684113908, "pol4": 0.43293800060739196, "v0s": 3.441697031175626}, "datetime": {"datetime": "2022-06-25 00:49:53", "elapsed": 4064.835989, "delta": 10.090019}}
{"target": -1.0, "params": {"Bgrad": 1.2115611351792768, "d1": 0.6853520955100585, "d2": 0.23588022229896577, "d3": -1.054525226644135, "d4": -2.3326960974470587, "p1": 48.689499226831465, "p2": 44.57698552682563, "p3": 8.362806069565403, "p4": 13.99284784906562, "pol1": -0.24682408186948845, "pol2": 0.8566050439784165, "pol3": -0.3841220643143348, "pol4": -0.7955912024287981, "v0s": 4.331973926460027}, "datetime": {"datetime": "2022-06-25 00:50:12", "elapsed": 4084.081527, "delta": 19.245538}}
{"target": 3.763992075918683, "params": {"Bgrad": 1.514047921271323, "d1": -1.5198562883677726, "d2": -0.6002815261778629, "d3": -1.8140816548133856, "d4": -1.4779462258479956, "p1": 1.8542163047946147, "p2": 9.783071738658794, "p3": 36.62868787837649, "p4": 32.4525077757321, "pol1": -0.08394901783352227, "pol2": 0.6369818631902104, "pol3": -0.34039213619765407, "pol4": 0.6791061577951272, "v0s": 3.763992075918683}, "datetime": {"datetime": "2022-06-25 00:50:21", "elapsed": 4093.229066, "delta": 9.147539}}
{"target": -1.0, "params": {"Bgrad": 1.4103890764021276, "d1": -1.746092636190006, "d2": -0.7391152322593766, "d3": -0.1429461846549973, "d4": -0.1622283627013812, "p1": 6.769460051430548, "p2": 12.223048341645375, "p3": 34.46610414357756, "p4": 31.946144430970392, "pol1": 0.49226501982834425, "pol2": 0.17947091463431053, "pol3": 0.216100238921084, "pol4": -0.4026384704278909, "v0s": 4.838898749948942}, "datetime": {"datetime": "2022-06-25 00:50:39", "elapsed": 4111.431393, "delta": 18.202327}}
{"target": -1.0, "params": {"Bgrad": 1.3689610316084104, "d1": -1.7847140782681303, "d2": -1.6995867664062716, "d3": -1.6727280752369484, "d4": 0.22736109746158129, "p1": 24.783232370732204, "p2": 3.536630659181353, "p3": 37.914350249382906, "p4": 26.37459116938194, "pol1": 0.5361509293394466, "pol2": 0.4725958064131293, "pol3": -0.2881676657053635, "pol4": -0.22533771882874515, "v0s": 2.4331195293121417}, "datetime": {"datetime": "2022-06-25 00:50:47", "elapsed": 4118.882469, "delta": 7.451076}}
{"target": 2.7576459150316337, "params": {"Bgrad": 1.7858372678622176, "d1": -0.5022050041865564, "d2": -2.089611264605518, "d3": -2.9145931014372093, "d4": -1.7533977766671884, "p1": 45.64637149402347, "p2": 45.169329104016356, "p3": 7.95569478435727, "p4": 15.498748495786929, "pol1": -0.9449112181692927, "pol2": -0.5884983682168965, "pol3": -0.3753784521947716, "pol4": -0.238494914026679, "v0s": 2.7576459150316337}, "datetime": {"datetime": "2022-06-25 00:50:55", "elapsed": 4126.793315, "delta": 7.910846}}
{"target": -1.0, "params": {"Bgrad": 1.4646431106194275, "d1": -0.9698895514314616, "d2": 0.8032940058772646, "d3": -1.6770808401184145, "d4": -1.501656112378511, "p1": 10.711999526581511, "p2": 8.319042425326185, "p3": 35.78657742428158, "p4": 27.84727936536119, "pol1": -0.14874451449066828, "pol2": 0.9408082887564422, "pol3": -0.9367938593432905, "pol4": -0.8147206605601629, "v0s": 2.356579088080683}, "datetime": {"datetime": "2022-06-25 00:51:03", "elapsed": 4134.759015, "delta": 7.9657}}
{"target": 4.621837040918096, "params": {"Bgrad": 1.2275871678167594, "d1": -2.3216028899381342, "d2": 0.4406629437279961, "d3": -1.1769772489898498, "d4": -2.10513050919811, "p1": 5.778599265189614, "p2": 10.74722625176965, "p3": 36.05120250516584, "p4": 30.475371990087194, "pol1": -0.26612967996045434, "pol2": 0.08754168813448594, "pol3": -0.27854396536532244, "pol4": 0.23154310911530143, "v0s": 4.621837040918096}, "datetime": {"datetime": "2022-06-25 00:51:14", "elapsed": 4145.907204, "delta": 11.148189}}
{"target": -1.0, "params": {"Bgrad": 1.9002266432314203, "d1": -1.4390307459728024, "d2": -1.5470969718274943, "d3": -2.4033967808155823, "d4": -0.5634767316351712, "p1": 10.459290446149044, "p2": 16.6288171381954, "p3": 6.840749394283713, "p4": 33.820736510864144, "pol1": -0.9543684239404249, "pol2": -0.007571974102423162, "pol3": -0.05094351338715697, "pol4": -0.2637233216335526, "v0s": 4.959312974827594}, "datetime": {"datetime": "2022-06-25 00:51:30", "elapsed": 4161.777766, "delta": 15.870562}}
{"target": 3.0843721275245946, "params": {"Bgrad": 0.5845894258619044, "d1": -2.474000241404095, "d2": -0.7576295369948967, "d3": -1.58742161374605, "d4": -1.8648768580065647, "p1": 6.150021228949104, "p2": 12.198754442719217, "p3": 33.477735308195875, "p4": 27.96745335078359, "pol1": 0.37406908269583106, "pol2": 0.017180756541953723, "pol3": -0.5339461232115015, "pol4": 0.6105300141407708, "v0s": 3.0843721275245946}, "datetime": {"datetime": "2022-06-25 00:51:39", "elapsed": 4171.094853, "delta": 9.317087}}
{"target": 4.555235686232373, "params": {"Bgrad": 1.7441791166284863, "d1": -2.6380975139386034, "d2": -0.17558030085446655, "d3": -1.802341559830219, "d4": 0.0855110900472213, "p1": 10.128742980287138, "p2": 16.43165092722349, "p3": 7.464029808717984, "p4": 33.627239559087904, "pol1": -0.02322823355870698, "pol2": -0.6526859909213979, "pol3": -0.3037558198392169, "pol4": -0.6078612482365957, "v0s": 4.555235686232373}, "datetime": {"datetime": "2022-06-25 00:51:49", "elapsed": 4180.963464, "delta": 9.868611}}
{"target": -1.0, "params": {"Bgrad": 1.9047891057322428, "d1": -1.6808699932418585, "d2": -1.215936934036316, "d3": 0.020476090728490437, "d4": 0.15948866158632846, "p1": 6.146947085179766, "p2": 14.176218647448996, "p3": 31.784664668945055, "p4": 30.868574769725587, "pol1": 0.4697938826903625, "pol2": -0.3649533896447972, "pol3": 0.46194349794835077, "pol4": 0.8023362408604677, "v0s": 4.951776195777255}, "datetime": {"datetime": "2022-06-25 00:52:03", "elapsed": 4195.655178, "delta": 14.691714}}
{"target": -1.0, "params": {"Bgrad": 1.326774629649962, "d1": -1.66409930048323, "d2": -0.6946631671576315, "d3": 0.58618980680727, "d4": 0.9480829339639025, "p1": 4.956860338333236, "p2": 8.30787417184317, "p3": 35.99825552622744, "p4": 27.672722093155073, "pol1": 0.8581417953956134, "pol2": -0.159303673662053, "pol3": -0.6210783558487623, "pol4": -0.9679890737971686, "v0s": 3.56528832534792}, "datetime": {"datetime": "2022-06-25 00:52:16", "elapsed": 4208.490855, "delta": 12.835677}}
{"target": 2.3113262288776495, "params": {"Bgrad": 1.6203391743352165, "d1": -2.7816118759281423, "d2": 0.6839157679478611, "d3": -0.7785269439479343, "d4": -1.0060586602766213, "p1": 3.7878357706326304, "p2": 10.868850323327628, "p3": 35.10458384701401, "p4": 33.28910085474758, "pol1": -0.0011698321805821976, "pol2": -0.2667333729300909, "pol3": -0.5919266449696381, "pol4": 0.37042036141861967, "v0s": 2.3113262288776495}, "datetime": {"datetime": "2022-06-25 00:52:25", "elapsed": 4217.001099, "delta": 8.510244}}
{"target": 3.0624247579676163, "params": {"Bgrad": 1.4810128149999078, "d1": -1.4005843633092736, "d2": -2.268934129591753, "d3": -0.0661214536206467, "d4": -0.533095201090958, "p1": 6.336757641779251, "p2": 12.17874990572463, "p3": 31.858254038968365, "p4": 29.63769993522154, "pol1": 0.769916542456899, "pol2": -0.06107667187052934, "pol3": 0.481294285906805, "pol4": -0.9773707046379871, "v0s": 3.0624247579676163}, "datetime": {"datetime": "2022-06-25 00:52:34", "elapsed": 4226.214463, "delta": 9.213364}}
