{"target": 0.0, "params": {"beta_1": 0.6911214540860955, "beta_2": 11.903024226920099, "det_1": 123.8816734003357, "det_2": 15.47986286008237, "laseroff": 505566.16489952744, "laseron": 171312.19591657026, "main_det": 18.781174363909454}, "datetime": {"datetime": "2022-04-28 02:42:01", "elapsed": 0.0, "delta": 0.0}}
{"target": 0.0, "params": {"beta_1": 0.05477518639585233, "beta_2": 20.114025305352065, "det_1": 111.7304802367127, "det_2": 18.96724571114379, "laseroff": 342116.94119163154, "laseron": 170284.89687437, "main_det": 18.007445686755368}, "datetime": {"datetime": "2022-04-28 02:50:03", "elapsed": 481.961296, "delta": 481.961296}}
{"target": 0.0, "params": {"beta_1": 1.936523151438795, "beta_2": 9.402725344777284, "det_1": 139.2322615669314, "det_2": 26.909728807400956, "laseroff": 568382.1044444907, "laseron": 151996.75163117528, "main_det": 10.390547832328824}, "datetime": {"datetime": "2022-04-28 02:57:44", "elapsed": 942.784155, "delta": 460.822859}}
{"target": 0.0, "params": {"beta_1": 0.3396608391291378, "beta_2": 26.344275102882396, "det_1": 79.834683383305, "det_2": 15.527690625126304, "laseroff": 587366.9011556203, "laseron": 224484.81649723524, "main_det": 16.918771139504734}, "datetime": {"datetime": "2022-04-28 03:04:56", "elapsed": 1375.173103, "delta": 432.388948}}
{"target": 2.0, "params": {"beta_1": 0.6310312620121259, "beta_2": 20.59502783044751, "det_1": 153.46256718973729, "det_2": 5.4572069336047955, "laseroff": 525043.5443391753, "laseron": 298198.1697415146, "main_det": 17.481656543798394}, "datetime": {"datetime": "2022-04-28 03:14:29", "elapsed": 1947.682096, "delta": 572.508993}}
{"target": 1.0, "params": {"beta_1": 1.5303725262384222, "beta_2": 3.2855257411185947, "det_1": 122.19804080387406, "det_2": 24.206005694143848, "laseroff": 506142.0648389654, "laseron": 159751.0940308912, "main_det": 12.019246210179316}, "datetime": {"datetime": "2022-04-28 03:21:47", "elapsed": 2385.514478, "delta": 437.832382}}
{"target": 2.0, "params": {"beta_1": 1.929881010126165, "beta_2": 1.9889897463822959, "det_1": 75.22329846355615, "det_2": 20.288495342499388, "laseroff": 473719.1132017481, "laseron": 277475.4277611871, "main_det": 14.026377997653736}, "datetime": {"datetime": "2022-04-28 03:27:17", "elapsed": 2715.703907, "delta": 330.189429}}
{"target": 3.0, "params": {"beta_1": 0.6461462109437031, "beta_2": 21.38352548269119, "det_1": 117.99223775601251, "det_2": 5.669679716550722, "laseroff": 504757.18005055864, "laseron": 264356.89973333676, "main_det": 19.74010227764638}, "datetime": {"datetime": "2022-04-28 03:36:44", "elapsed": 3282.911087, "delta": 567.20718}}
{"target": 0.0, "params": {"beta_1": 0.9772613974580189, "beta_2": 14.422469058220509, "det_1": 142.7076233918361, "det_2": 14.887106244290479, "laseroff": 500619.48846774816, "laseron": 283060.06764696736, "main_det": 17.35355286237882}, "datetime": {"datetime": "2022-04-28 03:43:39", "elapsed": 3698.082109, "delta": 415.171022}}
{"target": 1.0, "params": {"beta_1": 1.4331713157863308, "beta_2": 19.547043688057638, "det_1": 80.45538045187527, "det_2": 7.177136353899356, "laseroff": 496565.1781754979, "laseron": 272737.3974596912, "main_det": 12.017953936666357}, "datetime": {"datetime": "2022-04-28 03:51:37", "elapsed": 4175.447702, "delta": 477.365593}}
{"target": 3.0, "params": {"beta_1": 1.8501976935442401, "beta_2": 25.145775994054837, "det_1": 70.7584767675558, "det_2": 27.35553072653121, "laseroff": 301610.87585691886, "laseron": 220534.34658118995, "main_det": 14.444980616083075}, "datetime": {"datetime": "2022-04-28 04:01:03", "elapsed": 4741.43016, "delta": 565.982458}}
{"target": 0.0, "params": {"beta_1": 1.963859362182173, "beta_2": 5.941756803815061, "det_1": 162.92146901877766, "det_2": 15.383178764458648, "laseroff": 421337.10099470965, "laseron": 140845.64245595384, "main_det": 17.80641679140155}, "datetime": {"datetime": "2022-04-28 04:07:34", "elapsed": 5132.62534, "delta": 391.19518}}
{"target": 0.0, "params": {"beta_1": 1.257746754459569, "beta_2": 24.85890152990544, "det_1": 132.30026987929463, "det_2": 13.249862328819118, "laseroff": 388226.55110514764, "laseron": 152960.13135392772, "main_det": 10.136850457756788}, "datetime": {"datetime": "2022-04-28 04:15:39", "elapsed": 5617.874836, "delta": 485.249496}}
{"target": 0.0, "params": {"beta_1": 0.9306317309639862, "beta_2": 7.068930105069881, "det_1": 89.20099229769184, "det_2": 7.419876245283515, "laseroff": 578311.9751969827, "laseron": 207644.61608534603, "main_det": 15.963782908914641}, "datetime": {"datetime": "2022-04-28 04:23:32", "elapsed": 6091.34585, "delta": 473.471014}}
{"target": 6.0, "params": {"beta_1": 0.5695227608276037, "beta_2": 12.705722159633488, "det_1": 92.32729272332946, "det_2": 5.695449896365519, "laseroff": 304516.3895414382, "laseron": 217519.36590692733, "main_det": 19.369429893807272}, "datetime": {"datetime": "2022-04-28 04:32:19", "elapsed": 6617.926746, "delta": 526.580896}}
{"target": 0.0, "params": {"beta_1": 0.5608879841288104, "beta_2": 23.678379853544655, "det_1": 80.3226006577642, "det_2": 16.197338154397627, "laseroff": 572578.7423324256, "laseron": 185735.0246409264, "main_det": 12.877753385863487}, "datetime": {"datetime": "2022-04-28 04:40:06", "elapsed": 7084.806398, "delta": 466.879652}}
{"target": 1.0, "params": {"beta_1": 0.26005714423655535, "beta_2": 0.5810087361089122, "det_1": 137.8835532939891, "det_2": 10.290702900001476, "laseroff": 379664.7322650085, "laseron": 217756.8742451875, "main_det": 10.533625451170805}, "datetime": {"datetime": "2022-04-28 04:45:28", "elapsed": 7407.250552, "delta": 322.444154}}
{"target": 3.0, "params": {"beta_1": 1.1482352109840261, "beta_2": 4.401857247174305, "det_1": 128.93055369032842, "det_2": 22.49395900052328, "laseroff": 330701.22631391895, "laseron": 205217.69658969337, "main_det": 16.94400157727745}, "datetime": {"datetime": "2022-04-28 04:53:12", "elapsed": 7870.754239, "delta": 463.503687}}
{"target": 3.0, "params": {"beta_1": 0.8283585390538053, "beta_2": 1.4986037683826148, "det_1": 123.58964059155116, "det_2": 21.59486613049472, "laseroff": 454467.2187283805, "laseron": 291037.647729074, "main_det": 15.86555040501993}, "datetime": {"datetime": "2022-04-28 04:58:40", "elapsed": 8198.858248, "delta": 328.104009}}
{"target": 2.0, "params": {"beta_1": 1.806803830575767, "beta_2": 4.124241124387126, "det_1": 83.92763472507585, "det_2": 25.184782217738096, "laseroff": 419303.6534188231, "laseron": 164987.69492563503, "main_det": 19.275085803960337}, "datetime": {"datetime": "2022-04-28 05:05:54", "elapsed": 8632.768126, "delta": 433.909878}}
{"target": 0.0, "params": {"beta_1": 0.6955317194910131, "beta_2": 22.524363094084666, "det_1": 142.59979853504515, "det_2": 27.082652280145247, "laseroff": 487102.0384444756, "laseron": 259712.44812826207, "main_det": 13.488983419778425}, "datetime": {"datetime": "2022-04-28 05:13:24", "elapsed": 9082.467753, "delta": 449.699627}}
{"target": 0.0, "params": {"beta_1": 0.5398557835300521, "beta_2": 26.876586545882006, "det_1": 112.8091189871295, "det_2": 29.12100117870964, "laseroff": 499032.7859040366, "laseron": 238805.49970102753, "main_det": 11.147459729533752}, "datetime": {"datetime": "2022-04-28 05:21:46", "elapsed": 9584.943152, "delta": 502.475399}}
{"target": 1.0, "params": {"beta_1": 1.8989785174141425, "beta_2": 13.497364004398216, "det_1": 127.83896143871317, "det_2": 15.20342006903203, "laseroff": 371108.8570459281, "laseron": 284370.67124615016, "main_det": 15.736794866722859}, "datetime": {"datetime": "2022-04-28 05:27:17", "elapsed": 9915.474666, "delta": 330.531514}}
{"target": 0.0, "params": {"beta_1": 0.00574065406231794, "beta_2": 18.514347408621717, "det_1": 102.66449017720961, "det_2": 18.176452556440232, "laseroff": 565782.743851133, "laseron": 196031.95637800437, "main_det": 19.08535150919799}, "datetime": {"datetime": "2022-04-28 05:34:12", "elapsed": 10330.482125, "delta": 415.007459}}
{"target": 1.0, "params": {"beta_1": 1.2467202315836055, "beta_2": 0.4746372853966885, "det_1": 162.94372337437613, "det_2": 22.2724229379231, "laseroff": 599196.8578125937, "laseron": 166117.80062994035, "main_det": 11.371357496288777}, "datetime": {"datetime": "2022-04-28 05:40:38", "elapsed": 10716.730544, "delta": 386.248419}}
{"target": 0.0, "params": {"beta_1": 1.6556497991904828, "beta_2": 17.742367520325775, "det_1": 131.36878243111815, "det_2": 18.73056501223325, "laseroff": 479405.9014445257, "laseron": 241510.1547470786, "main_det": 13.453454851421183}, "datetime": {"datetime": "2022-04-28 05:47:09", "elapsed": 11108.322661, "delta": 391.592117}}
{"target": 1.0, "params": {"beta_1": 0.1615769504634501, "beta_2": 20.92914498015471, "det_1": 75.01608004450894, "det_2": 10.104538971404926, "laseroff": 453985.16178405145, "laseron": 290668.191229663, "main_det": 10.71410487040486}, "datetime": {"datetime": "2022-04-28 05:55:03", "elapsed": 11581.823595, "delta": 473.500934}}
{"target": 2.0, "params": {"beta_1": 1.199913014125048, "beta_2": 7.749662025772914, "det_1": 155.05119882798422, "det_2": 18.299000789634277, "laseroff": 401113.7090383233, "laseron": 279135.9889359362, "main_det": 16.073120078545614}, "datetime": {"datetime": "2022-04-28 06:01:06", "elapsed": 11944.558933, "delta": 362.735338}}
{"target": 0.0, "params": {"beta_1": 0.03797127034876713, "beta_2": 25.88113061166087, "det_1": 112.72691175277802, "det_2": 9.889903939747592, "laseroff": 504356.84686061624, "laseron": 205197.73963202504, "main_det": 13.801634584528362}, "datetime": {"datetime": "2022-04-28 06:10:54", "elapsed": 12533.333401, "delta": 588.774468}}
{"target": 0.0, "params": {"beta_1": 0.47434530785703966, "beta_2": 14.282840852793885, "det_1": 98.22317251483024, "det_2": 28.69548567721739, "laseroff": 570470.8801878868, "laseron": 278386.98667375883, "main_det": 18.14215235432727}, "datetime": {"datetime": "2022-04-28 06:18:24", "elapsed": 12982.477513, "delta": 449.144112}}
{"target": 5.0, "params": {"beta_1": 0.907875159964858, "beta_2": 26.132896063429154, "det_1": 114.71241347364578, "det_2": 7.129134544671086, "laseroff": 320554.88930920226, "laseron": 256066.0977022922, "main_det": 17.088051766828585}, "datetime": {"datetime": "2022-04-28 06:28:38", "elapsed": 13596.945228, "delta": 614.467715}}
{"target": 1.0, "params": {"beta_1": 0.524486912371809, "beta_2": 12.578677545735065, "det_1": 102.94843266525768, "det_2": 8.738074587397524, "laseroff": 583031.5380267466, "laseron": 151833.1767448798, "main_det": 15.296271649147828}, "datetime": {"datetime": "2022-04-28 06:36:47", "elapsed": 14085.666431, "delta": 488.721203}}
{"target": 0.0, "params": {"beta_1": 1.1329090999347624, "beta_2": 17.423542953924848, "det_1": 120.66064025687638, "det_2": 20.63446645604312, "laseroff": 304007.0241359335, "laseron": 180382.65420565015, "main_det": 16.206239498099663}, "datetime": {"datetime": "2022-04-28 06:43:22", "elapsed": 14480.930724, "delta": 395.264293}}
{"target": 2.0, "params": {"beta_1": 1.9285990920685998, "beta_2": 2.774476492502016, "det_1": 136.90518079079166, "det_2": 25.554821493430946, "laseroff": 500664.92418345716, "laseron": 225639.27103333722, "main_det": 18.67804472894203}, "datetime": {"datetime": "2022-04-28 06:49:35", "elapsed": 14854.195883, "delta": 373.265159}}
{"target": 0.0, "params": {"beta_1": 0.6737327049206501, "beta_2": 9.071172311080295, "det_1": 88.32642370445645, "det_2": 20.322927892206437, "laseroff": 420502.30343173514, "laseron": 183468.68501849895, "main_det": 10.430913406134545}, "datetime": {"datetime": "2022-04-28 06:57:20", "elapsed": 15319.154677, "delta": 464.958794}}
{"target": 1.0, "params": {"beta_1": 0.05515000869779163, "beta_2": 13.643355397008271, "det_1": 138.86389008326793, "det_2": 9.771422521067851, "laseroff": 501508.65534638317, "laseron": 193430.9096628278, "main_det": 18.208104729104765}, "datetime": {"datetime": "2022-04-28 07:05:45", "elapsed": 15824.020679, "delta": 504.866002}}
{"target": 0.0, "params": {"beta_1": 0.5677767448529738, "beta_2": 13.239601388564346, "det_1": 93.96100133211377, "det_2": 23.424070708681693, "laseroff": 447567.3247716266, "laseron": 257353.11680187995, "main_det": 14.179596004613396}, "datetime": {"datetime": "2022-04-28 07:12:13", "elapsed": 16211.533713, "delta": 387.513034}}
{"target": 0.0, "params": {"beta_1": 1.3195003869547544, "beta_2": 22.630079014195054, "det_1": 116.39312394692706, "det_2": 11.238238356423583, "laseroff": 526890.8396411841, "laseron": 183391.09688171727, "main_det": 15.095291690845968}, "datetime": {"datetime": "2022-04-28 07:18:45", "elapsed": 16604.32562, "delta": 392.791907}}
{"target": 0.0, "params": {"beta_1": 0.4965535358437989, "beta_2": 18.409095598488417, "det_1": 109.67036640114006, "det_2": 27.130162225776555, "laseroff": 487535.1344389804, "laseron": 172504.26699386994, "main_det": 15.35373793734152}, "datetime": {"datetime": "2022-04-28 07:26:27", "elapsed": 17065.411776, "delta": 461.086156}}
{"target": 2.0, "params": {"beta_1": 0.273008858098142, "beta_2": 2.267407488165667, "det_1": 96.65641813050944, "det_2": 28.478764551795773, "laseroff": 465896.72139502404, "laseron": 220390.15162508975, "main_det": 16.870995423656368}, "datetime": {"datetime": "2022-04-28 07:32:43", "elapsed": 17441.930231, "delta": 376.518455}}
{"target": 1.0, "params": {"beta_1": 0.4736004651955177, "beta_2": 13.586797845627691, "det_1": 121.06087321106466, "det_2": 8.094214531093247, "laseroff": 472882.8724268859, "laseron": 213758.82566417815, "main_det": 17.809812899742987}, "datetime": {"datetime": "2022-04-28 07:41:20", "elapsed": 17958.448054, "delta": 516.517823}}
{"target": 2.0, "params": {"beta_1": 0.6776007924554532, "beta_2": 4.446892802767376, "det_1": 91.37358879806669, "det_2": 5.294598889589667, "laseroff": 340782.72650959267, "laseron": 269602.530670243, "main_det": 14.827087019630975}, "datetime": {"datetime": "2022-04-28 07:47:21", "elapsed": 18319.727287, "delta": 361.279233}}
{"target": 0.0, "params": {"beta_1": 1.5220398349411828, "beta_2": 19.87311915223891, "det_1": 87.59839010311943, "det_2": 25.530476380724924, "laseroff": 491912.16996315226, "laseron": 162300.30234814572, "main_det": 19.47056298409516}, "datetime": {"datetime": "2022-04-28 07:54:36", "elapsed": 18754.833008, "delta": 435.105721}}
{"target": 0.0, "params": {"beta_1": 1.2629809046550375, "beta_2": 24.87720253517677, "det_1": 145.82720963294977, "det_2": 26.189923496215833, "laseroff": 411969.2576227909, "laseron": 223328.28885966464, "main_det": 11.684690608673899}, "datetime": {"datetime": "2022-04-28 08:02:15", "elapsed": 19213.627296, "delta": 458.794288}}
{"target": 0.0, "params": {"beta_1": 0.08203468644975298, "beta_2": 2.3544532967302856, "det_1": 151.22040000330597, "det_2": 17.692356988266077, "laseroff": 521334.1075026832, "laseron": 163816.3209884585, "main_det": 12.855109977073681}, "datetime": {"datetime": "2022-04-28 08:08:24", "elapsed": 19582.508188, "delta": 368.880892}}
{"target": 0.0, "params": {"beta_1": 1.0043329077648795, "beta_2": 18.939429001316565, "det_1": 168.79531527143723, "det_2": 23.144099675880533, "laseroff": 489327.9450340824, "laseron": 276262.08088612306, "main_det": 19.602797560658672}, "datetime": {"datetime": "2022-04-28 08:15:50", "elapsed": 20028.787965, "delta": 446.279777}}
{"target": 0.0, "params": {"beta_1": 0.9652384512697494, "beta_2": 22.394850166314342, "det_1": 80.35109737612396, "det_2": 17.99118680094601, "laseroff": 466381.9180405033, "laseron": 220548.50839587548, "main_det": 13.999390629232668}, "datetime": {"datetime": "2022-04-28 08:22:53", "elapsed": 20452.002464, "delta": 423.214499}}
{"target": 0.0, "params": {"beta_1": 0.4039808634983366, "beta_2": 24.41983276504056, "det_1": 86.19954021222297, "det_2": 17.887225387678676, "laseroff": 346282.6277176326, "laseron": 222984.14338502288, "main_det": 12.622597775953544}, "datetime": {"datetime": "2022-04-28 08:31:06", "elapsed": 20944.836662, "delta": 492.834198}}
{"target": 1.0, "params": {"beta_1": 0.06074178654417284, "beta_2": 12.84127485487829, "det_1": 157.23323964732862, "det_2": 21.62659912281768, "laseroff": 457389.01135726745, "laseron": 157661.24472895078, "main_det": 10.928539907591134}, "datetime": {"datetime": "2022-04-28 08:39:44", "elapsed": 21462.916306, "delta": 518.079644}}
{"target": 0.0, "params": {"beta_1": 0.4060344723461078, "beta_2": 2.6861394198600905, "det_1": 92.83449260851383, "det_2": 20.570777816578058, "laseroff": 302051.45134194737, "laseron": 299817.0774300492, "main_det": 18.68020977025308}, "datetime": {"datetime": "2022-04-28 08:43:00", "elapsed": 21659.267879, "delta": 196.351573}}
{"target": 2.0, "params": {"beta_1": 1.4305743641831938, "beta_2": 0.04695155732065359, "det_1": 108.62483106107615, "det_2": 14.083841267878629, "laseroff": 481418.002696443, "laseron": 205786.92296271672, "main_det": 11.7751552374054}, "datetime": {"datetime": "2022-04-28 08:47:52", "elapsed": 21950.895497, "delta": 291.627618}}
{"target": 0.0, "params": {"beta_1": 0.45113346371548735, "beta_2": 28.782727728549705, "det_1": 79.16369989095091, "det_2": 15.342204021886001, "laseroff": 355317.7056554485, "laseron": 224511.3321758106, "main_det": 13.713595267207623}, "datetime": {"datetime": "2022-04-28 08:55:40", "elapsed": 22418.562045, "delta": 467.666548}}
{"target": 1.0, "params": {"beta_1": 1.744360816272192, "beta_2": 3.5081628829592004, "det_1": 103.72486756308226, "det_2": 20.746509178575145, "laseroff": 366578.5482073283, "laseron": 237174.20070630423, "main_det": 10.337137144185562}, "datetime": {"datetime": "2022-04-28 09:01:44", "elapsed": 22782.458275, "delta": 363.89623}}
{"target": 1.0, "params": {"beta_1": 0.8147506277458743, "beta_2": 0.2526894241054034, "det_1": 120.22376331518436, "det_2": 27.78695854217299, "laseroff": 537994.6491899797, "laseron": 254983.6242953112, "main_det": 10.661826940114196}, "datetime": {"datetime": "2022-04-28 09:07:03", "elapsed": 23102.153785, "delta": 319.69551}}
{"target": 2.0, "params": {"beta_1": 0.8596644163607214, "beta_2": 0.7832756013959685, "det_1": 103.67688950911871, "det_2": 19.78588443498989, "laseroff": 488008.60207718424, "laseron": 236905.12475304957, "main_det": 19.611857307237354}, "datetime": {"datetime": "2022-04-28 09:13:03", "elapsed": 23462.390809, "delta": 360.237024}}
{"target": 3.0, "params": {"beta_1": 1.7538751743470655, "beta_2": 0.6520591969303924, "det_1": 116.59599715313693, "det_2": 15.660833155990106, "laseroff": 428482.23936244793, "laseron": 212465.3080665361, "main_det": 18.616518370866512}, "datetime": {"datetime": "2022-04-28 09:19:10", "elapsed": 23828.471195, "delta": 366.080386}}
{"target": 0.0, "params": {"beta_1": 0.8854444835207436, "beta_2": 17.88624928099334, "det_1": 134.48899838051443, "det_2": 28.464739924656868, "laseroff": 316554.78949274716, "laseron": 191917.85923360082, "main_det": 14.25345501484454}, "datetime": {"datetime": "2022-04-28 09:26:01", "elapsed": 24239.734673, "delta": 411.263478}}
{"target": 0.0, "params": {"beta_1": 1.5296708779393156, "beta_2": 26.73322813787816, "det_1": 72.61288042212018, "det_2": 24.918985579152817, "laseroff": 589178.0612980393, "laseron": 244812.4321355949, "main_det": 14.412071996817513}, "datetime": {"datetime": "2022-04-28 09:33:56", "elapsed": 24715.185391, "delta": 475.450718}}
{"target": 0.0, "params": {"beta_1": 0.3059275234518013, "beta_2": 26.858328092954626, "det_1": 169.22131205343783, "det_2": 28.990863697664647, "laseroff": 544030.7392709537, "laseron": 157281.55459694343, "main_det": 10.612343669575598}, "datetime": {"datetime": "2022-04-28 09:45:07", "elapsed": 25386.320465, "delta": 671.135074}}
{"target": 0.0, "params": {"beta_1": 1.174049658265845, "beta_2": 20.625628372885927, "det_1": 115.49496654453418, "det_2": 15.388812962322799, "laseroff": 411581.2063215908, "laseron": 235170.32507489598, "main_det": 19.67630442684696}, "datetime": {"datetime": "2022-04-28 09:51:45", "elapsed": 25783.873631, "delta": 397.553166}}
{"target": 0.0, "params": {"beta_1": 1.8415785624919123, "beta_2": 19.625415293623814, "det_1": 118.16064187821355, "det_2": 29.719616900523025, "laseroff": 507522.14246356126, "laseron": 241754.77693455492, "main_det": 18.61801348429875}, "datetime": {"datetime": "2022-04-28 09:58:17", "elapsed": 26175.841744, "delta": 391.968113}}
{"target": 0.0, "params": {"beta_1": 0.9831117010528143, "beta_2": 22.40383993255016, "det_1": 99.97763698216102, "det_2": 23.329915493772493, "laseroff": 373816.3764037569, "laseron": 261001.34890862263, "main_det": 12.628259257820803}, "datetime": {"datetime": "2022-04-28 10:05:31", "elapsed": 26609.77456, "delta": 433.932816}}
{"target": 0.0, "params": {"beta_1": 0.8434097416512834, "beta_2": 29.086138162080065, "det_1": 137.79717113972384, "det_2": 27.45624037856635, "laseroff": 586063.9624319358, "laseron": 265727.2052340872, "main_det": 12.667951471202096}, "datetime": {"datetime": "2022-04-28 10:15:17", "elapsed": 27195.905103, "delta": 586.130543}}
{"target": 1.0, "params": {"beta_1": 1.2278265504441046, "beta_2": 7.605464463960078, "det_1": 87.72640161554511, "det_2": 9.063658802025707, "laseroff": 470118.4595931034, "laseron": 236418.18210206053, "main_det": 14.747713458349393}, "datetime": {"datetime": "2022-04-28 10:22:18", "elapsed": 27617.162838, "delta": 421.257735}}
{"target": 0.0, "params": {"beta_1": 1.2743043042051039, "beta_2": 26.999910650419697, "det_1": 159.89201550521165, "det_2": 8.503415160848256, "laseroff": 345029.249438773, "laseron": 180632.150269821, "main_det": 19.690706945544715}, "datetime": {"datetime": "2022-04-28 10:30:18", "elapsed": 28096.899086, "delta": 479.736248}}
{"target": 1.0, "params": {"beta_1": 0.6059594838482689, "beta_2": 11.756418541360787, "det_1": 158.02738644300786, "det_2": 5.397622245587409, "laseroff": 432145.1314498447, "laseron": 268324.9109742845, "main_det": 10.014977664926171}, "datetime": {"datetime": "2022-04-28 10:37:44", "elapsed": 28542.420891, "delta": 445.521805}}
