{"target": -1.0, "params": {"Bgrad": 1.599350587046991, "d1": -2.78766174765114, "d2": -0.03211017245263337, "d3": -2.1933299143342446, "d4": -2.577923067844431, "p1": 27.31231909233064, "p2": 10.045117478619497, "p3": 40.70590949550486, "p4": 36.79536164256256, "pol1": 0.17175210842379607, "pol2": -0.10626288811693718, "pol3": 0.957454208119072, "pol4": 0.6206413994485598, "v0s": 6.456074330885738}, "datetime": {"datetime": "2022-04-14 17:38:29", "elapsed": 7129.591382, "delta": 17.44037}}
{"target": -1.0, "params": {"Bgrad": 1.5474752094477693, "d1": -0.043879769625917664, "d2": 0.19730925919617226, "d3": 0.11229863963369446, "d4": -1.8552218602550106, "p1": 16.887277611226853, "p2": 15.73472627184797, "p3": 28.29008676915512, "p4": 23.370991948768495, "pol1": 0.7768661229713274, "pol2": 0.882373868113524, "pol3": 0.5123971908822951, "pol4": -0.5196694346472828, "v0s": 4.509442509857376}, "datetime": {"datetime": "2022-04-14 17:38:51", "elapsed": 7151.47587, "delta": 21.884488}}
{"target": -1.0, "params": {"Bgrad": 0.8273636847463992, "d1": -0.21001996141249268, "d2": -0.914282214734615, "d3": -2.8415344806503824, "d4": 0.778015905396451, "p1": 9.145946290504902, "p2": 15.395117016551563, "p3": 46.17988630180304, "p4": 1.9163123139795124, "pol1": -0.167199578673203, "pol2": -0.4529919816037764, "pol3": 0.932089191487433, "pol4": -0.8392988430050004, "v0s": 5.6628390804269335}, "datetime": {"datetime": "2022-04-14 17:39:03", "elapsed": 7163.639349, "delta": 12.163479}}
{"target": -1.0, "params": {"Bgrad": 1.817099071526822, "d1": -2.3962570128029097, "d2": 0.16659755569046908, "d3": -1.2524593384203668, "d4": -0.40993204392876414, "p1": 16.421966572664587, "p2": 17.83880763864985, "p3": 24.99190995689688, "p4": 25.843621651809485, "pol1": 0.5158248683891495, "pol2": -0.7646864413836125, "pol3": -0.31755181684313594, "pol4": 0.1436718003501607, "v0s": 3.931908415030202}, "datetime": {"datetime": "2022-04-14 17:39:20", "elapsed": 7179.977666, "delta": 16.338317}}
{"target": -1.0, "params": {"Bgrad": 1.8119062439933304, "d1": 0.3126840103053161, "d2": 0.44805368783828037, "d3": -0.4144719154876051, "d4": -1.2279112466636875, "p1": 15.890512519960437, "p2": 19.742760958434186, "p3": 25.538562903037654, "p4": 22.07770502431703, "pol1": -0.4406898069760974, "pol2": -0.8225813402486739, "pol3": 0.30924388629320854, "pol4": -0.7423519578702835, "v0s": 2.9381977373017323}, "datetime": {"datetime": "2022-04-14 17:39:43", "elapsed": 7203.092863, "delta": 23.115197}}
{"target": -1.0, "params": {"Bgrad": 1.8467180192682378, "d1": -0.4441603072148198, "d2": -0.3168847587106267, "d3": 0.7087527002829379, "d4": -0.40031195730643493, "p1": 5.881139579621214, "p2": 2.9292167756655947, "p3": 40.1091436143831, "p4": 43.98931840896495, "pol1": 0.5399119108629445, "pol2": -0.8093160234602468, "pol3": 0.12735653105999092, "pol4": 0.8568760622956223, "v0s": 3.9946148403919945}, "datetime": {"datetime": "2022-04-14 17:40:03", "elapsed": 7223.183148, "delta": 20.090285}}
{"target": 4.863532608249148, "params": {"Bgrad": 1.072107091308611, "d1": -3.0, "d2": -0.3689105316366232, "d3": 0.6503550891982443, "d4": -0.5978307692337297, "p1": 32.27972866269698, "p2": 8.613346117643491, "p3": 7.238555034706553, "p4": 25.86556518912357, "pol1": 0.5471136647810301, "pol2": -0.8120248672850633, "pol3": -0.6883143341753133, "pol4": 0.06263844862592997, "v0s": 4.863532608249148}, "datetime": {"datetime": "2022-04-14 17:40:12", "elapsed": 7231.791133, "delta": 8.607985}}
{"target": -1.0, "params": {"Bgrad": 1.3599799354742705, "d1": -0.9005374475754118, "d2": -0.7038370982006654, "d3": -2.289742792026757, "d4": -0.7996747545858738, "p1": 10.308835824632506, "p2": 2.219823475957999, "p3": 45.74677717299834, "p4": 46.70901380525854, "pol1": 0.5606623695664197, "pol2": -0.191352971448572, "pol3": -0.4595506378086347, "pol4": -0.5256403069391855, "v0s": 2.036136840150627}, "datetime": {"datetime": "2022-04-14 17:40:19", "elapsed": 7239.651118, "delta": 7.859985}}
{"target": -1.0, "params": {"Bgrad": 1.5209614705494472, "d1": -0.47038318092632947, "d2": -0.14605501556804734, "d3": -2.223424567830274, "d4": -0.4545944365874157, "p1": 1.8159832978473067, "p2": 32.378413792719265, "p3": 18.757751102739395, "p4": 11.684397677085585, "pol1": 0.5435495689832945, "pol2": -0.05878663181010735, "pol3": 0.35741802182356786, "pol4": -0.09309792816248041, "v0s": 4.265857618206305}, "datetime": {"datetime": "2022-04-14 17:40:39", "elapsed": 7258.69919, "delta": 19.048072}}
{"target": -1.0, "params": {"Bgrad": 1.6766802963514984, "d1": -0.4306656588516817, "d2": 0.5184728645164515, "d3": -0.18006804214940111, "d4": -1.1772330103235071, "p1": 17.221756782253927, "p2": 17.758499911448293, "p3": 25.897461117498622, "p4": 23.63948749603132, "pol1": -1.0, "pol2": -0.17636789850307674, "pol3": -0.6578875477785635, "pol4": 0.678413120317059, "v0s": 4.224065658987689}, "datetime": {"datetime": "2022-04-14 17:40:58", "elapsed": 7278.120264, "delta": 19.421074}}
{"target": 5.007815726481074, "params": {"Bgrad": 1.2153625970814177, "d1": -3.0, "d2": -0.1925959361419487, "d3": 0.27053548731055327, "d4": -0.4611747751764254, "p1": 31.675321695101946, "p2": 8.68446877009971, "p3": 7.4379721042776525, "p4": 25.336011342087552, "pol1": 0.9276309515273519, "pol2": -1.0, "pol3": -0.30399845050372687, "pol4": 0.1917553244868274, "v0s": 5.007815726481074}, "datetime": {"datetime": "2022-04-14 17:41:08", "elapsed": 7287.688681, "delta": 9.568417}}
{"target": -1.0, "params": {"Bgrad": 1.4623083985093126, "d1": -2.28728905705761, "d2": -0.06750664520823646, "d3": -2.700640330116357, "d4": -2.670845090929758, "p1": 17.836378619752363, "p2": 19.09258573130217, "p3": 22.67319221098003, "p4": 22.420176711410445, "pol1": -0.8678499495400298, "pol2": 0.09588709880164781, "pol3": -0.6712820450911714, "pol4": 0.8216044546613752, "v0s": 6.3237124125253406}, "datetime": {"datetime": "2022-04-14 17:41:23", "elapsed": 7303.186246, "delta": 15.497565}}
{"target": -1.0, "params": {"Bgrad": 1.2215408365095861, "d1": -2.413774078785951, "d2": 0.450750006223815, "d3": -0.19986285176031293, "d4": -2.0233756758118546, "p1": 15.487597189835805, "p2": 17.124072106782766, "p3": 26.326347480533258, "p4": 21.83469423772489, "pol1": -0.8188063234753358, "pol2": -0.8312397274697683, "pol3": -0.2609291175170574, "pol4": -0.4016727044011039, "v0s": 2.5662505719248383}, "datetime": {"datetime": "2022-04-14 17:41:42", "elapsed": 7322.434782, "delta": 19.248536}}
{"target": -1.0, "params": {"Bgrad": 0.9373657782223641, "d1": 0.053213820416653235, "d2": -0.5663222033781499, "d3": -1.1816876301216843, "d4": -2.2435498043886932, "p1": 19.44982740373874, "p2": 19.162499172314558, "p3": 24.404877416319138, "p4": 23.97049994536502, "pol1": 0.14290251936458143, "pol2": -0.9466832471213458, "pol3": 0.9968017920487116, "pol4": -0.1799113400040051, "v0s": 4.636295700330377}, "datetime": {"datetime": "2022-04-14 17:41:54", "elapsed": 7334.385828, "delta": 11.951046}}
{"target": -1.0, "params": {"Bgrad": 0.7835106794226193, "d1": -1.87994294458109, "d2": -0.35370549021594977, "d3": -0.9037248837364587, "d4": -1.5585074606611347, "p1": 1.1106437130774194, "p2": 33.83822521367031, "p3": 18.38935346823606, "p4": 12.08922091765896, "pol1": -0.8699965774246556, "pol2": 0.3957472289322215, "pol3": -0.7860775827788, "pol4": -0.47205365447179726, "v0s": 5.354825588512918}, "datetime": {"datetime": "2022-04-14 17:42:09", "elapsed": 7348.997761, "delta": 14.611933}}
{"target": 3.906714125440269, "params": {"Bgrad": 1.6602576320344318, "d1": -2.7987500840807447, "d2": -1.2876453690040846, "d3": -2.3216250910708083, "d4": -2.152777614266658, "p1": 17.95719685353659, "p2": 21.376494151116603, "p3": 22.392331656386883, "p4": 22.856364520424865, "pol1": -0.5127448176213607, "pol2": 0.013964608451569438, "pol3": 0.803241707699504, "pol4": 0.9142001670602415, "v0s": 3.906714125440269}, "datetime": {"datetime": "2022-04-14 17:42:17", "elapsed": 7357.506013, "delta": 8.508252}}
{"target": 3.791220632796615, "params": {"Bgrad": 2.0, "d1": -1.570627245247791, "d2": 0.012369089222081162, "d3": -1.9751290095001937, "d4": -1.7439281806729525, "p1": 7.62105106507131, "p2": 35.694697563521885, "p3": 34.70635112767507, "p4": 33.693707139724516, "pol1": -0.5728280596023232, "pol2": 0.48928942342834336, "pol3": -0.5768617284909532, "pol4": -0.4599549837585801, "v0s": 3.791220632796615}, "datetime": {"datetime": "2022-04-14 17:42:30", "elapsed": 7370.469353, "delta": 12.96334}}
{"target": 3.7181635111185445, "params": {"Bgrad": 1.041557340409936, "d1": -2.153261439011473, "d2": 0.3255454726045685, "d3": -1.1183600522637864, "d4": 0.14220548257091115, "p1": 9.916346962264223, "p2": 26.292560765349734, "p3": 48.41724963875118, "p4": 21.791415978917122, "pol1": -0.09744179559464335, "pol2": 0.5128981278918008, "pol3": -0.5413115264636545, "pol4": -0.6167259421708643, "v0s": 3.7181635111185445}, "datetime": {"datetime": "2022-04-14 17:42:36", "elapsed": 7376.082345, "delta": 5.612992}}
{"target": -1.0, "params": {"Bgrad": 0.8233648019690649, "d1": -2.0822325971068505, "d2": -2.7078116555186904, "d3": -1.4330620796783147, "d4": -2.606860662734457, "p1": 1.3331947373392439, "p2": 6.205873869643275, "p3": 44.12093602709647, "p4": 21.754551395407784, "pol1": -0.4675699324107756, "pol2": -0.5243193868045359, "pol3": 0.06721753796493246, "pol4": 0.6183909345228471, "v0s": 2.8060744782298306}, "datetime": {"datetime": "2022-04-14 17:42:42", "elapsed": 7382.569999, "delta": 6.487654}}
{"target": -1.0, "params": {"Bgrad": 1.9145140511246876, "d1": -2.6593735775878344, "d2": 0.974350248140345, "d3": 0.3803378164808491, "d4": -2.5552472435749474, "p1": 0.06976722729471474, "p2": 32.03625233373676, "p3": 18.010093140081462, "p4": 10.458400564805759, "pol1": 0.9621368858209345, "pol2": -0.42867768056624866, "pol3": 0.30984751162121293, "pol4": 0.4722465506459981, "v0s": 5.640977780862089}, "datetime": {"datetime": "2022-04-14 17:43:04", "elapsed": 7404.582146, "delta": 22.012147}}
{"target": -1.0, "params": {"Bgrad": 0.685598915469765, "d1": 0.43367038739963926, "d2": 0.08423238199079286, "d3": -1.4802565999074941, "d4": -0.9937889489440037, "p1": 1.7142358715436734, "p2": 32.52316798304071, "p3": 16.728436650761676, "p4": 9.43674905527212, "pol1": -0.16202616065267716, "pol2": 0.7829626948395969, "pol3": -0.3824041178653679, "pol4": 0.3951990708918307, "v0s": 6.749594287150993}, "datetime": {"datetime": "2022-04-14 17:43:12", "elapsed": 7412.497982, "delta": 7.915836}}
{"target": -1.0, "params": {"Bgrad": 0.5926091797092432, "d1": -2.9521217373436177, "d2": 0.9144277853957523, "d3": -1.6738394822816143, "d4": 0.9144646619083856, "p1": 20.48760524538973, "p2": 20.47132637956996, "p3": 21.76318869026795, "p4": 22.178811557906997, "pol1": -0.4243032724525324, "pol2": 0.7876741626518726, "pol3": -0.8496609533166943, "pol4": 0.795167844369699, "v0s": 4.263885037844775}, "datetime": {"datetime": "2022-04-14 17:43:23", "elapsed": 7423.335007, "delta": 10.837025}}
{"target": -1.0, "params": {"Bgrad": 0.9548978851056704, "d1": -2.608159402371784, "d2": 0.8939357562378412, "d3": 0.5035773617064079, "d4": 0.8062929194622632, "p1": 32.54115958717237, "p2": 10.100377694695661, "p3": 7.297189706947293, "p4": 27.374895403448246, "pol1": 0.27109474898390395, "pol2": -0.5688132654232017, "pol3": 0.3829630389617378, "pol4": -0.877599782169211, "v0s": 3.77317372097862}, "datetime": {"datetime": "2022-04-14 17:43:33", "elapsed": 7432.743851, "delta": 9.408844}}
{"target": -1.0, "params": {"Bgrad": 1.3156694196390637, "d1": -2.565292808007788, "d2": -2.3583128908298536, "d3": 0.37382850789868005, "d4": -1.917190235548626, "p1": 29.43134299710773, "p2": 10.916888551186021, "p3": 40.09155723036577, "p4": 37.045546688838435, "pol1": -0.37408118454968076, "pol2": -0.3243486486889797, "pol3": 0.9023529731117761, "pol4": -0.30404867825944093, "v0s": 3.527344129571388}, "datetime": {"datetime": "2022-04-14 17:43:52", "elapsed": 7452.139992, "delta": 19.396141}}
{"target": -1.0, "params": {"Bgrad": 1.2270057325360837, "d1": -2.649277939248836, "d2": 0.36500796578340866, "d3": -2.4653167905143207, "d4": 0.4552936519576143, "p1": 10.339489415346254, "p2": 29.50427280518263, "p3": 49.758909921587936, "p4": 21.95967200442312, "pol1": 0.51984542110616, "pol2": 0.9209817555260591, "pol3": 0.26353192216048327, "pol4": 0.0909655950970003, "v0s": 6.221009811840368}, "datetime": {"datetime": "2022-04-14 17:44:09", "elapsed": 7468.922122, "delta": 16.78213}}
{"target": -1.0, "params": {"Bgrad": 0.6845348069102866, "d1": -2.6344091280789974, "d2": -1.0200498005935659, "d3": -0.19233798877171937, "d4": -1.2583994114287238, "p1": 29.862857989670292, "p2": 7.566001679239914, "p3": 5.668563278574823, "p4": 24.401493836879894, "pol1": 0.7973615322623735, "pol2": 0.8533785823383968, "pol3": 0.5000511169141861, "pol4": 0.8203059933433026, "v0s": 5.44648005705157}, "datetime": {"datetime": "2022-04-14 17:44:20", "elapsed": 7479.77311, "delta": 10.850988}}
{"target": -1.0, "params": {"Bgrad": 1.868937278777386, "d1": -1.2795503517842786, "d2": -1.5571094900396893, "d3": -2.6203006195495906, "d4": -1.6661183705183702, "p1": 14.806880859564519, "p2": 36.997032383323095, "p3": 30.35772519219278, "p4": 33.80509106811992, "pol1": -0.4962734545832801, "pol2": 0.9021628779532114, "pol3": -0.32599328653012627, "pol4": 0.031018726322033174, "v0s": 4.8339824132437315}, "datetime": {"datetime": "2022-04-14 17:44:38", "elapsed": 7497.945523, "delta": 18.172413}}
{"target": 4.869988417564104, "params": {"Bgrad": 1.0417741455137934, "d1": -2.5560810826218647, "d2": 0.40950965102624637, "d3": -2.694236617970467, "d4": -0.5556024508151423, "p1": 18.651857491978323, "p2": 19.723663620989072, "p3": 23.529319402140114, "p4": 24.749975244042474, "pol1": -0.5185217825574763, "pol2": 0.014899057053287148, "pol3": -0.08522845206976709, "pol4": 0.5402022366738141, "v0s": 4.869988417564104}, "datetime": {"datetime": "2022-04-14 17:44:43", "elapsed": 7503.38498, "delta": 5.439457}}
{"target": -1.0, "params": {"Bgrad": 1.4306935069928075, "d1": -1.1617686200258739, "d2": 0.7571916770409545, "d3": 0.8122747954391063, "d4": -0.9451618686073198, "p1": 4.07185381865249, "p2": 1.407406111793937, "p3": 41.49028539049233, "p4": 46.49111893766856, "pol1": -0.6827562438226686, "pol2": 0.18501000709045895, "pol3": -0.028808290221946704, "pol4": -0.1439211053006708, "v0s": 4.425791062276049}, "datetime": {"datetime": "2022-04-14 17:45:02", "elapsed": 7522.351849, "delta": 18.966869}}
{"target": -1.0, "params": {"Bgrad": 0.9221130788878977, "d1": -2.027215278877656, "d2": -1.4681993835420513, "d3": -2.8201097190377555, "d4": -1.0594255572352433, "p1": 9.256015745214974, "p2": 16.406804804216783, "p3": 45.61448479194873, "p4": 1.8677060186724603, "pol1": -0.22870834467122014, "pol2": 0.12016873665077688, "pol3": -0.8692799516718817, "pol4": -0.6260683248834675, "v0s": 2.280610954350486}, "datetime": {"datetime": "2022-04-14 17:45:08", "elapsed": 7527.968831, "delta": 5.616982}}
{"target": -1.0, "params": {"Bgrad": 1.4352018928219752, "d1": 0.11920774649274302, "d2": -0.17109539957995334, "d3": 0.37152686443036087, "d4": 0.1764138259298358, "p1": 16.200970053534807, "p2": 15.221998108823447, "p3": 27.32787984956351, "p4": 24.15783585827132, "pol1": 0.2055082719573904, "pol2": 0.9206265178683022, "pol3": -0.04736425307749115, "pol4": 0.6335542875891758, "v0s": 3.1286287867234193}, "datetime": {"datetime": "2022-04-14 17:45:22", "elapsed": 7542.434155, "delta": 14.465324}}
{"target": -1.0, "params": {"Bgrad": 0.7642218693458961, "d1": -0.8926815075969987, "d2": -0.4711704600274751, "d3": -0.7835207466327025, "d4": 0.5629707528916068, "p1": 16.738207758872427, "p2": 15.16747693017474, "p3": 28.87116996843051, "p4": 24.362918565160136, "pol1": 0.008378226451494442, "pol2": 0.7853168316269694, "pol3": -0.9433891076975869, "pol4": 0.26019310921187544, "v0s": 4.729905793874868}, "datetime": {"datetime": "2022-04-14 17:45:34", "elapsed": 7554.515853, "delta": 12.081698}}
{"target": 3.7928265402838197, "params": {"Bgrad": 0.6322149565275068, "d1": -2.5160573111999724, "d2": -0.40570626586043357, "d3": 0.5877709788501702, "d4": -1.1453044981901006, "p1": 17.155524277239863, "p2": 18.421842034656837, "p3": 24.563366745092157, "p4": 22.361738472055272, "pol1": 0.2154564998646522, "pol2": 0.6254416705742998, "pol3": -0.18225857364651632, "pol4": 0.9819101445080332, "v0s": 3.7928265402838197}, "datetime": {"datetime": "2022-04-14 17:45:42", "elapsed": 7562.37883, "delta": 7.862977}}
{"target": 3.073057028886372, "params": {"Bgrad": 1.448133638547717, "d1": -2.672916326276389, "d2": -1.3464891185965526, "d3": 0.6956266632501422, "d4": -0.580218677405766, "p1": 12.349840157411624, "p2": 25.736812439442385, "p3": 47.040645469173164, "p4": 22.348570641600713, "pol1": -0.5495549727345506, "pol2": 0.12191873696866207, "pol3": -0.12449170027217327, "pol4": -0.5743121570357903, "v0s": 3.073057028886372}, "datetime": {"datetime": "2022-04-14 17:45:50", "elapsed": 7570.584889, "delta": 8.206059}}
{"target": 3.2831146395231228, "params": {"Bgrad": 1.2057756133119655, "d1": -1.7633405102006758, "d2": -0.2838163780502572, "d3": -2.2699655377350187, "d4": 0.25944472894173704, "p1": 11.585493270401948, "p2": 28.418330163436103, "p3": 17.30546776956451, "p4": 3.1813591639502588, "pol1": -1.0, "pol2": 0.5860271136838533, "pol3": 0.1906928565061479, "pol4": 0.5325119263329713, "v0s": 3.2831146395231228}, "datetime": {"datetime": "2022-04-14 17:45:59", "elapsed": 7579.299589, "delta": 8.7147}}
{"target": -1.0, "params": {"Bgrad": 1.3491396146295789, "d1": 0.42447204974701025, "d2": -0.8013659245509421, "d3": 0.1081177657727519, "d4": 0.7588705123478547, "p1": 9.616725683338728, "p2": 27.3488824548702, "p3": 49.939950300248206, "p4": 21.344054927977428, "pol1": 0.6379091578529645, "pol2": 0.8984522943066031, "pol3": -0.5276245981806711, "pol4": 0.6412385536554481, "v0s": 3.8678961803215812}, "datetime": {"datetime": "2022-04-14 17:46:20", "elapsed": 7600.02717, "delta": 20.727581}}
{"target": 4.379895093279883, "params": {"Bgrad": 1.2177462902204386, "d1": -2.2587625434093876, "d2": 0.7849914899078225, "d3": -2.350329746401249, "d4": -2.732939395220742, "p1": 14.657170477550673, "p2": 18.697650018330354, "p3": 23.105139612396485, "p4": 21.895676605485264, "pol1": -0.06324248456329262, "pol2": -0.8192943352276256, "pol3": 0.18305137393408466, "pol4": -0.5486554972308473, "v0s": 4.379895093279883}, "datetime": {"datetime": "2022-04-14 17:46:28", "elapsed": 7608.451648, "delta": 8.424478}}
{"target": 4.59225462938695, "params": {"Bgrad": 1.1353319011366856, "d1": -1.5010467015710751, "d2": 0.17092779610130382, "d3": -0.01377003468287974, "d4": -1.457532317311932, "p1": 11.024151282993122, "p2": 29.74625781539878, "p3": 49.31822811011784, "p4": 19.61397501433278, "pol1": -0.8466158934170016, "pol2": 0.8413035256147625, "pol3": 0.6832351766921791, "pol4": -0.6293261479238688, "v0s": 4.59225462938695}, "datetime": {"datetime": "2022-04-14 17:46:39", "elapsed": 7618.777039, "delta": 10.325391}}
{"target": -1.0, "params": {"Bgrad": 1.199167715018381, "d1": -2.4713372229249204, "d2": 0.08509967502395366, "d3": -2.5805163290105577, "d4": -1.3327209062696088, "p1": 20.013226920939438, "p2": 20.972854253184614, "p3": 24.837082817785266, "p4": 25.366077361267546, "pol1": -0.3940870590188825, "pol2": -0.5951632799675697, "pol3": 0.2707245721988396, "pol4": -0.7251305420672218, "v0s": 5.748866042106848}, "datetime": {"datetime": "2022-04-14 17:46:58", "elapsed": 7637.713409, "delta": 18.93637}}
{"target": -1.0, "params": {"Bgrad": 1.8308538099877567, "d1": -2.6437737099583583, "d2": -1.5701162574354361, "d3": -2.1628088568237933, "d4": 0.4617561636122196, "p1": 7.509148828722317, "p2": 26.23499203678532, "p3": 48.40692948649002, "p4": 22.399967761649553, "pol1": 0.7880422119822514, "pol2": 0.945873267168736, "pol3": -0.382814865469006, "pol4": -0.8459365893258668, "v0s": 2.7307928443811327}, "datetime": {"datetime": "2022-04-14 17:47:09", "elapsed": 7649.309405, "delta": 11.595996}}
{"target": 3.172808138788142, "params": {"Bgrad": 1.471486957348522, "d1": -2.0663424616071473, "d2": -1.19469608042473, "d3": 0.7995364718020639, "d4": 0.40738653880408116, "p1": 7.2023993295208975, "p2": 1.8206034198145205, "p3": 38.561316059704595, "p4": 44.268744433915465, "pol1": -0.121221821167522, "pol2": -0.6926406998782195, "pol3": 0.19165842568284797, "pol4": 0.47692637324207565, "v0s": 3.172808138788142}, "datetime": {"datetime": "2022-04-14 17:47:20", "elapsed": 7659.887124, "delta": 10.577719}}
{"target": 3.958853993406142, "params": {"Bgrad": 0.5031910370470262, "d1": 0.053174175275316315, "d2": 0.15340654518527908, "d3": -1.6263644648141016, "d4": -0.9744075027273205, "p1": 10.821690704394538, "p2": 27.243104121782864, "p3": 48.575981993142754, "p4": 20.601116234209936, "pol1": -0.7829591441304546, "pol2": 0.007060530127818376, "pol3": 0.2812684432806576, "pol4": -0.23671137577019796, "v0s": 3.958853993406142}, "datetime": {"datetime": "2022-04-14 17:47:23", "elapsed": 7663.104522, "delta": 3.217398}}
{"target": 3.897227236891146, "params": {"Bgrad": 2.0, "d1": -1.7948409253474449, "d2": 0.14334706726804494, "d3": -2.3197403493697544, "d4": -1.8085541266996792, "p1": 7.519936962050149, "p2": 35.02098907430057, "p3": 35.37296754733762, "p4": 34.224700288107115, "pol1": -0.6162517393065177, "pol2": 0.24287759579270246, "pol3": -0.626994254055874, "pol4": -0.3177441954528468, "v0s": 3.897227236891146}, "datetime": {"datetime": "2022-04-14 17:47:35", "elapsed": 7675.603105, "delta": 12.498583}}
