{"target": -1.0, "params": {"Bgrad": 1.3084995731288727, "d1": -1.6840136511807668, "d2": -1.0289583807720746, "d3": -0.8622035307511067, "d4": -1.8679181473862414, "p1": 4.252860243986062, "p2": 49.0729312173643, "p3": 10.302756989111078, "p4": 21.326675355395132, "pol1": -0.425238115958791, "pol2": -0.867208376539381, "pol3": -0.9349037325950127, "pol4": 0.17723392255665416, "v0s": 5.103228446322956}, "datetime": {"datetime": "2022-04-30 11:42:07", "elapsed": 159039.534184, "delta": 50.418191}}
{"target": -1.0, "params": {"Bgrad": 0.8932581949693391, "d1": -2.743266840261159, "d2": -0.8455517419245444, "d3": -0.24589132502494415, "d4": -0.8407791696013329, "p1": 32.33571659493462, "p2": 26.824032870683958, "p3": 10.016378092309546, "p4": 6.987121492664771, "pol1": -0.056074895023210836, "pol2": -0.9918661330973098, "pol3": 0.318295030536909, "pol4": 0.07840262762260863, "v0s": 3.417199559250548}, "datetime": {"datetime": "2022-04-30 11:42:41", "elapsed": 159073.645976, "delta": 34.111792}}
{"target": 5.105167194380944, "params": {"Bgrad": 1.3875801462113786, "d1": -2.101514727759127, "d2": 0.6901517484904592, "d3": -1.2328536534324417, "d4": -1.8728559275508918, "p1": 5.444823232280334, "p2": 13.166959526166039, "p3": 35.28949497280144, "p4": 2.8290077322646385, "pol1": -0.42885863267941093, "pol2": 0.01840142998474777, "pol3": -0.3157858727363727, "pol4": 0.9332538313079124, "v0s": 5.105167194380944}, "datetime": {"datetime": "2022-04-30 11:44:00", "elapsed": 159153.377787, "delta": 79.731811}}
{"target": -1.0, "params": {"Bgrad": 1.4993503851426002, "d1": -1.708525061304256, "d2": 0.6035546113850968, "d3": -1.9180019576443865, "d4": -2.0074370963361425, "p1": 4.193998548890046, "p2": 20.109798253333885, "p3": 11.106533950437772, "p4": 26.373688675442978, "pol1": -0.15634826587464504, "pol2": -0.21696341162395585, "pol3": -0.8936077783731202, "pol4": 0.7243572162814683, "v0s": 2.932936905728228}, "datetime": {"datetime": "2022-04-30 11:45:51", "elapsed": 159264.42786, "delta": 111.050073}}
{"target": -1.0, "params": {"Bgrad": 1.2813025471884272, "d1": -1.7827466198205277, "d2": -0.6550631209020028, "d3": -2.209034863950236, "d4": -0.6816587168142041, "p1": 0.8705489095822971, "p2": 30.45638089091469, "p3": 15.159196928082508, "p4": 10.530206319582447, "pol1": 0.4757166915533855, "pol2": 0.7305182190130275, "pol3": 0.7943436353020585, "pol4": -0.34167199684637595, "v0s": 4.7329553508578694}, "datetime": {"datetime": "2022-04-30 11:46:33", "elapsed": 159305.695517, "delta": 41.267657}}
{"target": -1.0, "params": {"Bgrad": 0.5298874380632803, "d1": -0.9526279138632892, "d2": 0.4010814672450942, "d3": 0.19109748162936846, "d4": -2.1322694969383056, "p1": 2.1536239252896383, "p2": 31.97813821594682, "p3": 11.960443496282181, "p4": 21.9116047265697, "pol1": -0.5061339844009447, "pol2": 0.9583449114982918, "pol3": 0.9412213769405442, "pol4": -0.34657902146680075, "v0s": 5.550227865696236}, "datetime": {"datetime": "2022-04-30 11:47:05", "elapsed": 159337.683986, "delta": 31.988469}}
{"target": 3.820798243468289, "params": {"Bgrad": 0.8211328645557041, "d1": -0.728843559138626, "d2": 0.22995360379886232, "d3": -0.8484685147924023, "d4": -3.0, "p1": 4.2370292667163305, "p2": 45.529932296527384, "p3": 9.693020356659174, "p4": 21.07857992342307, "pol1": -0.6440050620960771, "pol2": 1.0, "pol3": -0.06664356484175316, "pol4": -1.0, "v0s": 3.820798243468289}, "datetime": {"datetime": "2022-04-30 11:47:50", "elapsed": 159382.850221, "delta": 45.166235}}
{"target": 3.3536867439889146, "params": {"Bgrad": 1.2328327081809318, "d1": -1.0201777160563976, "d2": -0.11141024970455549, "d3": -2.800476109351838, "d4": 0.47411021832410416, "p1": 13.867736942277153, "p2": 6.909814690850008, "p3": 47.39204260311099, "p4": 23.77737390908581, "pol1": -0.7352607830883506, "pol2": 0.6922634565702361, "pol3": 0.49405655552809, "pol4": 0.747937073095666, "v0s": 3.3536867439889146}, "datetime": {"datetime": "2022-04-30 11:48:48", "elapsed": 159440.844155, "delta": 57.993934}}
{"target": -1.0, "params": {"Bgrad": 1.299067388454587, "d1": -2.563199170933096, "d2": -0.29489066081514387, "d3": -1.6126999105122513, "d4": 0.7575519528270248, "p1": 16.33433112644997, "p2": 15.581868802290748, "p3": 31.946742793614558, "p4": 35.04247134474467, "pol1": 0.40808892275438063, "pol2": -0.7891563048512779, "pol3": 0.7248826383417206, "pol4": 0.22766050798672693, "v0s": 4.463616480038096}, "datetime": {"datetime": "2022-04-30 11:49:51", "elapsed": 159503.955407, "delta": 63.111252}}
{"target": 4.182015550011126, "params": {"Bgrad": 1.9436567309936776, "d1": -0.6082641531823043, "d2": 0.5975939189007713, "d3": -0.042431929760514464, "d4": -2.5552751664788214, "p1": 0.834247072812655, "p2": 28.498377941415605, "p3": 10.902710077375094, "p4": 16.708816976771036, "pol1": -0.3793179800663631, "pol2": 0.010043533373227609, "pol3": 0.6031715320152868, "pol4": -0.20780479916376682, "v0s": 4.182015550011126}, "datetime": {"datetime": "2022-04-30 11:50:39", "elapsed": 159552.405859, "delta": 48.450452}}
{"target": -1.0, "params": {"Bgrad": 1.788854591295849, "d1": -0.2591978911730308, "d2": -0.4554592239007462, "d3": -0.20427735680723158, "d4": 0.24550046661409075, "p1": 21.983821878076697, "p2": 25.68853928788212, "p3": 10.294066444275762, "p4": 32.085255647025015, "pol1": 0.0073200249351697, "pol2": 0.4712271991829249, "pol3": 0.4605292190829713, "pol4": -0.36971667309662526, "v0s": 3.361105271165706}, "datetime": {"datetime": "2022-04-30 11:51:20", "elapsed": 159593.483026, "delta": 41.077167}}
{"target": -1.0, "params": {"Bgrad": 1.3516379940692667, "d1": -0.5082930285338527, "d2": -0.2924279629922144, "d3": -0.6180668852096636, "d4": 0.28455052802496184, "p1": 26.412199970404455, "p2": 5.986844247048417, "p3": 31.539058844821326, "p4": 29.4107336469584, "pol1": 0.06370028520472037, "pol2": 0.4020749428831689, "pol3": 0.23486386891998512, "pol4": 0.2462457362539474, "v0s": 2.6434863310176664}, "datetime": {"datetime": "2022-04-30 11:53:10", "elapsed": 159703.087962, "delta": 109.604936}}
{"target": 4.718014315870186, "params": {"Bgrad": 1.1153004060928187, "d1": -1.8250849592114742, "d2": 0.46106450123262027, "d3": -1.4158994651830625, "d4": -0.267012298977916, "p1": 26.299402506670464, "p2": 24.905994213382957, "p3": 11.06595813747768, "p4": 37.51175077099157, "pol1": 0.46436733413243747, "pol2": -0.2871609178536056, "pol3": 0.3673248533970841, "pol4": 0.03881754349489986, "v0s": 4.718014315870186}, "datetime": {"datetime": "2022-04-30 11:54:37", "elapsed": 159790.320718, "delta": 87.232756}}
{"target": 4.37368997343858, "params": {"Bgrad": 1.0952885939802033, "d1": -2.6809945273142057, "d2": -0.7852562999354236, "d3": -1.7733459129791926, "d4": -0.7902386750687933, "p1": 4.573877208368515, "p2": 15.62994172055457, "p3": 35.933469490039364, "p4": 2.2495629687295846, "pol1": -0.0847708022979341, "pol2": -0.17511950598550774, "pol3": -0.7051314015535441, "pol4": 0.9319435153253535, "v0s": 4.37368997343858}, "datetime": {"datetime": "2022-04-30 11:55:12", "elapsed": 159824.970072, "delta": 34.649354}}
{"target": 2.615623936502417, "params": {"Bgrad": 1.7393502254529212, "d1": 0.30726706032420203, "d2": -1.433706807582149, "d3": -1.182363589883224, "d4": -2.7372876346702477, "p1": 44.992025321596685, "p2": 32.28447422310658, "p3": 44.273887311054615, "p4": 43.60812227636921, "pol1": -0.570728457216906, "pol2": 0.5653882486385764, "pol3": -0.20547540213561866, "pol4": -0.5180070626113176, "v0s": 2.615623936502417}, "datetime": {"datetime": "2022-04-30 11:55:56", "elapsed": 159869.426204, "delta": 44.456132}}
{"target": 4.442578858606193, "params": {"Bgrad": 1.5589102456931054, "d1": -1.2704295029206993, "d2": -0.23785166222083198, "d3": -2.9796604726084297, "d4": 0.20357616732500894, "p1": 15.807294766184937, "p2": 13.987775132794027, "p3": 27.336427977699447, "p4": 34.60035194416652, "pol1": -0.062189862169090615, "pol2": -0.5717697902882906, "pol3": 0.35574116209651496, "pol4": -0.518545095104842, "v0s": 4.442578858606193}, "datetime": {"datetime": "2022-04-30 11:56:38", "elapsed": 159911.43887, "delta": 42.012666}}
{"target": -1.0, "params": {"Bgrad": 1.9393078674482953, "d1": -2.5595669656586706, "d2": 0.7392237508100399, "d3": -1.3189984206534233, "d4": -1.6352604513041151, "p1": 17.17297234093208, "p2": 39.85586304940017, "p3": 2.9502152949740235, "p4": 32.1868034378583, "pol1": -0.1579620892480158, "pol2": -0.5984360697542948, "pol3": 0.2635998750219892, "pol4": -0.620425331728274, "v0s": 3.551029855709688}, "datetime": {"datetime": "2022-04-30 11:57:37", "elapsed": 159970.445098, "delta": 59.006228}}
{"target": 4.352095675439461, "params": {"Bgrad": 0.6475142305879101, "d1": -2.091741351998827, "d2": 0.5480625670703034, "d3": -1.9032590131871485, "d4": 0.13096319478635365, "p1": 2.98240767498138, "p2": 8.394131984711962, "p3": 24.773680310453116, "p4": 16.47050439259916, "pol1": 0.11025956877239129, "pol2": 0.4115301606027617, "pol3": 0.06140984019226026, "pol4": 0.4082783917927655, "v0s": 4.352095675439461}, "datetime": {"datetime": "2022-04-30 11:58:06", "elapsed": 159999.389706, "delta": 28.944608}}
{"target": -1.0, "params": {"Bgrad": 1.1147482022877861, "d1": -1.5505076511000895, "d2": 0.5221505616227553, "d3": -2.479745748726103, "d4": -1.424187480783857, "p1": 26.637584712133016, "p2": 25.038161226009098, "p3": 11.943682957259771, "p4": 35.40136127028188, "pol1": 0.15453391680937778, "pol2": -0.05656152251146618, "pol3": 0.9863350518115046, "pol4": 0.2665040850496443, "v0s": 3.7467486534977}, "datetime": {"datetime": "2022-04-30 11:58:46", "elapsed": 160039.048665, "delta": 39.658959}}
{"target": -1.0, "params": {"Bgrad": 1.6923345653952506, "d1": -1.4451538575234282, "d2": -2.9362642254146967, "d3": -0.32232791841791286, "d4": -1.7742169309662166, "p1": 16.310744841476183, "p2": 44.99183509150626, "p3": 16.365586333135816, "p4": 11.502489226131235, "pol1": -0.1638291446079405, "pol2": 0.3779297916027613, "pol3": 0.4410047705880642, "pol4": -0.5235673772568001, "v0s": 5.558148577944827}, "datetime": {"datetime": "2022-04-30 11:59:44", "elapsed": 160096.652642, "delta": 57.603977}}
{"target": -1.0, "params": {"Bgrad": 0.5167084160538237, "d1": -2.689592244885838, "d2": -1.4447704660939187, "d3": -1.4563757356162994, "d4": -1.9019566553636662, "p1": 3.732765916831382, "p2": 1.9925185984599914, "p3": 38.34464181109095, "p4": 46.01596876105044, "pol1": 0.302910425977462, "pol2": -0.4681165137562362, "pol3": -0.16424916722680427, "pol4": 0.44489817600809234, "v0s": 5.811000284340786}, "datetime": {"datetime": "2022-04-30 12:00:47", "elapsed": 160159.770876, "delta": 63.118234}}
{"target": 3.6661562931787968, "params": {"Bgrad": 1.15158980708478, "d1": -1.1400104804200173, "d2": -0.20113772758076953, "d3": -2.0356065402980748, "d4": 0.16467381053069374, "p1": 12.369349667680252, "p2": 20.418213866428285, "p3": 35.67392042310311, "p4": 32.78872086386092, "pol1": 0.36012581888824613, "pol2": -0.7081972576825144, "pol3": -0.10492827593702603, "pol4": -0.907052266817598, "v0s": 3.6661562931787968}, "datetime": {"datetime": "2022-04-30 12:01:43", "elapsed": 160216.195008, "delta": 56.424132}}
{"target": -1.0, "params": {"Bgrad": 0.6424905686693123, "d1": -0.8614317244924279, "d2": -0.12245087281820144, "d3": -0.6683671821423491, "d4": -1.8916081570961927, "p1": 43.06296620363446, "p2": 42.95023156439899, "p3": 31.779621821279203, "p4": 16.531139277891022, "pol1": 0.5070861961821655, "pol2": -0.18344631502979558, "pol3": 0.8514675385423081, "pol4": -0.17135241021179715, "v0s": 4.115623860753557}, "datetime": {"datetime": "2022-04-30 12:02:16", "elapsed": 160249.492975, "delta": 33.297967}}
{"target": -1.0, "params": {"Bgrad": 1.653174934461922, "d1": -0.07078364788618474, "d2": 0.6608995315971242, "d3": -1.7978248438530664, "d4": -1.3081954683326389, "p1": 2.2229963932330064, "p2": 29.607686682905804, "p3": 11.688438135956202, "p4": 21.6337077244171, "pol1": -0.7658766815211873, "pol2": -0.36112275018483575, "pol3": -0.595565280914639, "pol4": -0.22181496038209114, "v0s": 5.709714827278873}, "datetime": {"datetime": "2022-04-30 12:02:59", "elapsed": 160292.430169, "delta": 42.937194}}
{"target": -1.0, "params": {"Bgrad": 1.2047399142337614, "d1": -2.2037970971302028, "d2": -2.394045170818399, "d3": 0.1828813240622722, "d4": -1.0585455655981635, "p1": 14.830145249231242, "p2": 13.593802416715928, "p3": 29.575225933830545, "p4": 32.61880972576758, "pol1": 0.512971606597368, "pol2": -0.09541356287873337, "pol3": 0.26027860119434276, "pol4": 0.3344641553255603, "v0s": 4.69187706664936}, "datetime": {"datetime": "2022-04-30 12:04:10", "elapsed": 160363.505127, "delta": 71.074958}}
{"target": -1.0, "params": {"Bgrad": 0.5888389799104015, "d1": -0.8724782234595936, "d2": -0.9849856871851608, "d3": -1.8706480545210384, "d4": -1.0668233228340083, "p1": 43.98535201573462, "p2": 26.834945209353627, "p3": 29.427281132311762, "p4": 47.7052276626131, "pol1": 0.8241353335189585, "pol2": -0.11624032529292538, "pol3": -0.24272183478996756, "pol4": 0.5280946852883142, "v0s": 2.5929711051138087}, "datetime": {"datetime": "2022-04-30 12:04:43", "elapsed": 160396.391196, "delta": 32.886069}}
{"target": 2.393737874051164, "params": {"Bgrad": 1.9294387792683347, "d1": -0.32102763086805214, "d2": -1.045885629126103, "d3": -2.4784618738266624, "d4": 0.5169470866183199, "p1": 26.764827596410704, "p2": 9.460101719350106, "p3": 9.409733645603739, "p4": 45.35327533810414, "pol1": -0.6973227319325714, "pol2": 0.4928860300899682, "pol3": -0.6641683944138674, "pol4": 0.6365094576616231, "v0s": 2.393737874051164}, "datetime": {"datetime": "2022-04-30 12:05:20", "elapsed": 160433.339404, "delta": 36.948208}}
{"target": 4.289714049985383, "params": {"Bgrad": 0.9779501937682723, "d1": -1.375534218935872, "d2": 0.4635533594816951, "d3": -1.4383106020157113, "d4": -0.6960441265792107, "p1": 10.104200827457007, "p2": 38.26646369845712, "p3": 32.88637709856749, "p4": 9.674326043340688, "pol1": -0.0792129143519006, "pol2": -0.012306303591757788, "pol3": 0.5174791617391793, "pol4": -0.4498775549028834, "v0s": 4.289714049985383}, "datetime": {"datetime": "2022-04-30 12:06:26", "elapsed": 160499.51945, "delta": 66.180046}}
{"target": 4.059216639754265, "params": {"Bgrad": 0.8581258675535313, "d1": -2.1109922594012263, "d2": -0.9561386895524118, "d3": -0.07143856820547212, "d4": -0.7166573044160756, "p1": 2.5150608075129033, "p2": 7.862389863351571, "p3": 22.341438709908957, "p4": 15.017023934811608, "pol1": -0.8863875029385835, "pol2": -0.0709998569467063, "pol3": 0.15652847928627356, "pol4": -0.5012272849777861, "v0s": 4.059216639754265}, "datetime": {"datetime": "2022-04-30 12:08:12", "elapsed": 160605.318563, "delta": 105.799113}}
{"target": 5.203393305661045, "params": {"Bgrad": 1.9407930503583748, "d1": -0.6463842015927779, "d2": -0.058307144095024466, "d3": -0.31385235015020285, "d4": -2.5081141632432424, "p1": 6.862850496636074, "p2": 2.5007481960296287, "p3": 37.89082592746859, "p4": 46.37904958721387, "pol1": -0.3850905097121953, "pol2": 0.07016817263583985, "pol3": 0.3818696203115213, "pol4": 0.21853067728479236, "v0s": 5.203393305661045}, "datetime": {"datetime": "2022-04-30 12:09:07", "elapsed": 160660.305537, "delta": 54.986974}}
{"target": 4.128620574731579, "params": {"Bgrad": 1.329884862207248, "d1": -1.0996423872201895, "d2": 0.5178987527372647, "d3": -0.19149188866469524, "d4": -1.3427541259777636, "p1": 15.727563185913324, "p2": 35.72737016863383, "p3": 0.11751731573477753, "p4": 30.24787158361073, "pol1": -0.815581636918802, "pol2": -0.5970553635447948, "pol3": 0.134061948437312, "pol4": 0.3152100365337185, "v0s": 4.128620574731579}, "datetime": {"datetime": "2022-04-30 12:10:24", "elapsed": 160736.822944, "delta": 76.517407}}
{"target": 3.130891657707423, "params": {"Bgrad": 1.6307553890265987, "d1": -1.9620649798151408, "d2": 0.7381683272794449, "d3": -2.5406280619889015, "d4": -0.02437599620967472, "p1": 47.97357591613667, "p2": 45.04482680177083, "p3": 6.922348580419071, "p4": 20.723982651815966, "pol1": -0.19309706973297383, "pol2": 0.6546551275208444, "pol3": -0.49813309230127784, "pol4": -0.22663770845198267, "v0s": 3.130891657707423}, "datetime": {"datetime": "2022-04-30 12:11:00", "elapsed": 160773.322351, "delta": 36.499407}}
{"target": 4.38300528707317, "params": {"Bgrad": 1.2712871554180913, "d1": -1.7189273715754187, "d2": -0.13809476931313625, "d3": -2.109685709925272, "d4": -1.624532461900084, "p1": 8.264028421018995, "p2": 35.38783831745424, "p3": 35.94609209300024, "p4": 35.41246847771975, "pol1": -0.28828364344314134, "pol2": 0.888573834374012, "pol3": 0.2582647173476435, "pol4": 0.13758825784372639, "v0s": 4.38300528707317}, "datetime": {"datetime": "2022-04-30 12:11:37", "elapsed": 160810.215706, "delta": 36.893355}}
{"target": 4.648765832613555, "params": {"Bgrad": 0.6890881900491059, "d1": -0.717760505542392, "d2": 0.614869018959146, "d3": -0.7126338398170511, "d4": -2.3702399749383942, "p1": 11.060904505231585, "p2": 0.7028246253364068, "p3": 47.92687774988407, "p4": 33.92236496395814, "pol1": -0.7251370463071818, "pol2": 0.8185280262252871, "pol3": -0.828383354512925, "pol4": -0.0562768120226217, "v0s": 4.648765832613555}, "datetime": {"datetime": "2022-04-30 12:12:10", "elapsed": 160843.017998, "delta": 32.802292}}
{"target": -1.0, "params": {"Bgrad": 0.9433972247398426, "d1": -2.188214214529804, "d2": -0.7833980585814055, "d3": -2.4473724645240886, "d4": -0.3749533927666673, "p1": 10.810366579678233, "p2": 37.218730625015155, "p3": 31.21382298089973, "p4": 8.441025693943333, "pol1": 0.6598140252009794, "pol2": 0.15505705350832066, "pol3": 0.19650281829731764, "pol4": 0.10383803902627076, "v0s": 2.7178897884070397}, "datetime": {"datetime": "2022-04-30 12:13:25", "elapsed": 160918.451303, "delta": 75.433305}}
{"target": -1.0, "params": {"Bgrad": 1.5203364985150998, "d1": -1.106671658634641, "d2": -0.6617329068582305, "d3": -1.035700303216951, "d4": -0.36895255660251314, "p1": 29.765946171809006, "p2": 45.46034682740018, "p3": 21.60194845328332, "p4": 29.124875461099016, "pol1": 0.234663956815923, "pol2": -0.42252549119959815, "pol3": -0.4904541172906751, "pol4": -0.34992446868741456, "v0s": 4.226217388488744}, "datetime": {"datetime": "2022-04-30 12:14:22", "elapsed": 160975.069914, "delta": 56.618611}}
{"target": 4.504903421777506, "params": {"Bgrad": 1.025313062064846, "d1": -1.4056525009513035, "d2": 0.4395197392365079, "d3": -1.2137166752149289, "d4": -1.5943902932785246, "p1": 8.036967541280013, "p2": 34.64251589256808, "p3": 33.401965847822034, "p4": 6.975054205057212, "pol1": -0.8297220035202344, "pol2": 0.5159047255342784, "pol3": 0.492333791262916, "pol4": 0.7877192686595222, "v0s": 4.504903421777506}, "datetime": {"datetime": "2022-04-30 12:14:54", "elapsed": 161007.084315, "delta": 32.014401}}
{"target": -1.0, "params": {"Bgrad": 1.2161932647081404, "d1": -2.077229414229582, "d2": 0.07571408750104247, "d3": -2.2301103791907892, "d4": 0.3470479458520046, "p1": 16.058175198101992, "p2": 40.35036743237413, "p3": 2.8561527508598195, "p4": 30.6129856836196, "pol1": -0.3095750804679651, "pol2": -0.36105910228780425, "pol3": 0.5276594832996797, "pol4": -0.9283475819145106, "v0s": 4.482801720457859}, "datetime": {"datetime": "2022-04-30 12:16:26", "elapsed": 161098.594632, "delta": 91.510317}}
{"target": -1.0, "params": {"Bgrad": 0.6782883154032588, "d1": -1.389247273367526, "d2": 0.5508917304343921, "d3": -1.0540959462441735, "d4": -1.3928209208109417, "p1": 14.214146769032787, "p2": 47.21038396674955, "p3": 31.450406532461546, "p4": 12.781369064023835, "pol1": -0.901456519825077, "pol2": -0.1796005763114441, "pol3": -0.8056315918837134, "pol4": -0.37756201355668484, "v0s": 3.568938776595318}, "datetime": {"datetime": "2022-04-30 12:17:25", "elapsed": 161157.87413, "delta": 59.279498}}
{"target": 4.549724349984824, "params": {"Bgrad": 0.9819786226174354, "d1": -1.1080303338992505, "d2": 0.515850780842336, "d3": -2.1936964504759833, "d4": -0.6354846770775273, "p1": 11.908346904697696, "p2": 21.633202230067823, "p3": 36.065512989736845, "p4": 34.397049621729366, "pol1": 0.5908250552571097, "pol2": -0.5372004200940453, "pol3": -0.3159880215748343, "pol4": 0.4129355055043794, "v0s": 4.549724349984824}, "datetime": {"datetime": "2022-04-30 12:18:13", "elapsed": 161205.662353, "delta": 47.788223}}
{"target": -1.0, "params": {"Bgrad": 1.6618292662834606, "d1": -2.3799757362676695, "d2": -2.7701387889777966, "d3": -1.7747256510724632, "d4": 0.46079210651298874, "p1": 16.483861116736502, "p2": 15.054892559333155, "p3": 27.548486419692598, "p4": 33.88420407471126, "pol1": 0.08972482098725676, "pol2": -0.3589204038700118, "pol3": 0.554192620346845, "pol4": 0.1600985058705342, "v0s": 3.790982804866232}, "datetime": {"datetime": "2022-04-30 12:19:54", "elapsed": 161306.978452, "delta": 101.316099}}
{"target": -1.0, "params": {"Bgrad": 0.6507297898218044, "d1": -0.07553754542209479, "d2": -0.3927030649545076, "d3": 0.5281851641250621, "d4": -2.8049920711108487, "p1": 23.63115083388247, "p2": 24.34269589209385, "p3": 42.310828398748974, "p4": 45.91296456246646, "pol1": -0.263220882469128, "pol2": 0.3012897905931884, "pol3": 0.38975341874148306, "pol4": -0.9690806563217156, "v0s": 2.892698054339598}, "datetime": {"datetime": "2022-04-30 12:20:29", "elapsed": 161341.612846, "delta": 34.634394}}
{"target": 4.180482289629083, "params": {"Bgrad": 1.2470474092229464, "d1": 0.0060099268121166175, "d2": 0.31400182676353283, "d3": -2.0068217078305195, "d4": -1.4482109104137542, "p1": 37.86052321644975, "p2": 26.03541265992929, "p3": 24.015299162084244, "p4": 33.166816049943144, "pol1": 0.15924429473829038, "pol2": 0.8650600386760368, "pol3": 0.5361451765352847, "pol4": -0.3537458566739348, "v0s": 4.180482289629083}, "datetime": {"datetime": "2022-04-30 12:21:05", "elapsed": 161377.969635, "delta": 36.356789}}
