{"target": 3.947761674261712, "params": {"Bgrad": 8.768818843053708, "d1": -2.1641982361261918, "d2": -0.525376634096772, "d3": -2.490489037727958, "d4": -1.784263432084269, "p1": 2.3025154090253244, "p2": 6.095146707524169, "p3": 32.14208537180439, "p4": 25.6352723206545, "pol1": -0.2301421844928071, "pol2": -0.7220061948312411, "pol3": -0.6811292258157755, "pol4": 0.8575106488946465, "v0s": 3.947761674261712}, "datetime": {"datetime": "2022-04-08 20:29:55", "elapsed": 12523.296724, "delta": 8.419684}}
{"target": -1.0, "params": {"Bgrad": 7.346381114929379, "d1": -0.21106566530452664, "d2": -0.7380368058476305, "d3": -2.1503369860155717, "d4": -2.415189741263266, "p1": 6.627067699825162, "p2": 10.935104679046843, "p3": 40.12360609011912, "p4": 28.287637672563413, "pol1": -0.968579695760025, "pol2": -0.5660515056030737, "pol3": 0.3671326179298382, "pol4": 0.12157395901914003, "v0s": 4.575499328176605}, "datetime": {"datetime": "2022-04-08 20:30:10", "elapsed": 12538.781593, "delta": 15.484869}}
{"target": -1.0, "params": {"Bgrad": 5.213339105151484, "d1": -1.3046084039703598, "d2": 0.465650744235393, "d3": -0.300552533089256, "d4": -2.47953369711742, "p1": 3.8099806706155483, "p2": 8.07815694291874, "p3": 39.92262235876118, "p4": 18.799495886118372, "pol1": -0.5884101162941302, "pol2": 0.2195290828426948, "pol3": 0.8670292480473858, "pol4": -0.060111331072563834, "v0s": 5.185546997589568}, "datetime": {"datetime": "2022-04-08 20:30:22", "elapsed": 12550.647137, "delta": 11.865544}}
{"target": 3.9943357027628323, "params": {"Bgrad": 5.541173211303151, "d1": -0.5546480058397774, "d2": -1.1673893823165042, "d3": -2.4699233076247626, "d4": 0.15655292340089355, "p1": 13.802994541253637, "p2": 4.249210662723652, "p3": 41.28710643555011, "p4": 30.824845593374455, "pol1": -0.8169714807381998, "pol2": -0.10784897737209564, "pol3": -0.1312881174612066, "pol4": 0.7247372184225189, "v0s": 3.9943357027628323}, "datetime": {"datetime": "2022-04-08 20:30:36", "elapsed": 12564.57915, "delta": 13.932013}}
{"target": 4.02015845010034, "params": {"Bgrad": 5.619178151452633, "d1": -1.6432701410056412, "d2": -1.1349949337101803, "d3": -2.92257966975237, "d4": -0.06558046640516535, "p1": 12.77650373782539, "p2": 4.926553558256696, "p3": 41.17144034636794, "p4": 29.998204596472686, "pol1": -1.0, "pol2": -0.4845802256335304, "pol3": 0.3295399155251041, "pol4": 0.6557050058396022, "v0s": 4.02015845010034}, "datetime": {"datetime": "2022-04-08 20:30:50", "elapsed": 12578.659272, "delta": 14.080122}}
{"target": -1.0, "params": {"Bgrad": 10.570598137813235, "d1": -2.1324509011106265, "d2": -1.93634167543334, "d3": 0.02111741010446444, "d4": -0.6868539249823269, "p1": 6.446376155580202, "p2": 12.238739677257964, "p3": 34.387093440137306, "p4": 30.23240585068756, "pol1": 0.4870344975837324, "pol2": -0.286107376759297, "pol3": 0.8634243648691369, "pol4": -0.6232620097262738, "v0s": 2.8921165657864787}, "datetime": {"datetime": "2022-04-08 20:31:08", "elapsed": 12596.804102, "delta": 18.14483}}
{"target": 3.422156067286877, "params": {"Bgrad": 4.400851164565293, "d1": 0.9487883717115051, "d2": -1.3878399023150054, "d3": -2.9321832269336676, "d4": -2.87240809076901, "p1": 23.110292045058888, "p2": 33.636452653250004, "p3": 6.280292319094633, "p4": 35.76683303610891, "pol1": 0.30907617746980076, "pol2": 0.05011088325370894, "pol3": -0.1466376703292589, "pol4": 0.7703624116713716, "v0s": 3.422156067286877}, "datetime": {"datetime": "2022-04-08 20:31:24", "elapsed": 12612.446574, "delta": 15.642472}}
{"target": 3.1590374764248654, "params": {"Bgrad": 6.04255901987383, "d1": -2.2971522757333815, "d2": -1.953545407029328, "d3": -0.05872508403636134, "d4": -2.037948901564613, "p1": 28.01348284901492, "p2": 32.3708898983552, "p3": 5.471524917348186, "p4": 34.48533615407531, "pol1": -0.0818770355510805, "pol2": 0.7035245517392128, "pol3": 0.7820863561578615, "pol4": -0.8821213668389682, "v0s": 3.1590374764248654}, "datetime": {"datetime": "2022-04-08 20:31:37", "elapsed": 12626.159158, "delta": 13.712584}}
{"target": 4.3134583714064325, "params": {"Bgrad": 4.799289278472239, "d1": -2.6040464588071344, "d2": -0.9961744848412897, "d3": -2.005078055976853, "d4": -1.4087794621592264, "p1": 7.853646336107767, "p2": 5.778356117823885, "p3": 44.015893855940575, "p4": 22.538591757415695, "pol1": 0.07594712111384538, "pol2": 0.2147270325904107, "pol3": 0.27096756672815236, "pol4": -0.24006132684191805, "v0s": 4.3134583714064325}, "datetime": {"datetime": "2022-04-08 20:31:45", "elapsed": 12634.004808, "delta": 7.84565}}
{"target": 4.483332778379982, "params": {"Bgrad": 9.299177282538698, "d1": -1.1805627756050043, "d2": -0.3757816172965267, "d3": -1.7814015049065128, "d4": -1.4744605497990566, "p1": 22.980505532359967, "p2": 31.457127720318717, "p3": 3.982574313598952, "p4": 34.02665035398953, "pol1": -0.20548538933966154, "pol2": 0.05222758649736914, "pol3": 0.3692262272246767, "pol4": -0.0224801617304784, "v0s": 4.483332778379982}, "datetime": {"datetime": "2022-04-08 20:31:55", "elapsed": 12643.952876, "delta": 9.948068}}
{"target": 4.685870232919539, "params": {"Bgrad": 5.714711786561352, "d1": -2.281513191158899, "d2": -0.5702200849851242, "d3": -2.8970010574349465, "d4": -0.9601783514097408, "p1": 10.243690563642987, "p2": 5.997402683244074, "p3": 41.21673358158947, "p4": 27.677094674724874, "pol1": -0.4245725558934992, "pol2": -0.9743022525195573, "pol3": -0.2858075021182642, "pol4": -0.9873501363413348, "v0s": 4.685870232919539}, "datetime": {"datetime": "2022-04-08 20:32:12", "elapsed": 12660.682969, "delta": 16.730093}}
{"target": 2.4813344707382727, "params": {"Bgrad": 12.294278729518826, "d1": -1.1004336294704884, "d2": 0.21562342135284304, "d3": -1.3999395336352622, "d4": -0.37553426649462784, "p1": 10.412107881950586, "p2": 29.234789591054557, "p3": 16.76681926293774, "p4": 3.2686746913891804, "pol1": -0.3531165926206558, "pol2": 0.15930547631451572, "pol3": 0.09716951438055194, "pol4": -0.06416483137373326, "v0s": 2.4813344707382727}, "datetime": {"datetime": "2022-04-08 20:32:24", "elapsed": 12672.195388, "delta": 11.512419}}
{"target": 3.7388878897295488, "params": {"Bgrad": 5.696389226416547, "d1": -2.0741021810835374, "d2": -0.11607818808847732, "d3": -2.627192547082238, "d4": -1.701072193138794, "p1": 6.075874335452217, "p2": 7.43056337678553, "p3": 37.1083371850552, "p4": 26.923775011522586, "pol1": -0.4891452061987674, "pol2": -0.7585186701794507, "pol3": -0.7847916413135965, "pol4": 0.5431629126223263, "v0s": 3.7388878897295488}, "datetime": {"datetime": "2022-04-08 20:32:30", "elapsed": 12678.606333, "delta": 6.410945}}
{"target": 4.233266209072154, "params": {"Bgrad": 6.460560228975761, "d1": -2.1418373181239647, "d2": 0.22916244834903046, "d3": -0.552894466240713, "d4": -1.1682329576081802, "p1": 7.209667353604783, "p2": 1.2590292086130528, "p3": 33.465501676398176, "p4": 24.759648854311408, "pol1": -0.4558854992196016, "pol2": 0.11428461155909368, "pol3": -0.28146610166053004, "pol4": -0.24707057013749806, "v0s": 4.233266209072154}, "datetime": {"datetime": "2022-04-08 20:32:45", "elapsed": 12694.160988, "delta": 15.554655}}
{"target": 3.544864047806268, "params": {"Bgrad": 3.8381855719528004, "d1": -1.856938665855124, "d2": -2.834982943312049, "d3": -1.1558057370232135, "d4": -1.5814514843487903, "p1": 2.5790851367827274, "p2": 3.4281833926598226, "p3": 39.865327785133964, "p4": 22.689021101336753, "pol1": -0.10923361823579358, "pol2": -0.06707396754153461, "pol3": 0.43320934672632605, "pol4": 0.5416865925194727, "v0s": 3.544864047806268}, "datetime": {"datetime": "2022-04-08 20:32:56", "elapsed": 12704.847075, "delta": 10.686087}}
{"target": 3.199814910942677, "params": {"Bgrad": 5.962521733408046, "d1": -1.6496774685527722, "d2": -2.1965429119589883, "d3": -2.855410113571146, "d4": -0.14303701267457614, "p1": 11.568808851067491, "p2": 5.74908718767067, "p3": 41.55167153539176, "p4": 29.93331716395048, "pol1": 0.1834191459995138, "pol2": 0.08151877723581902, "pol3": 0.37815045321343455, "pol4": -0.7105987379195238, "v0s": 3.199814910942677}, "datetime": {"datetime": "2022-04-08 20:33:03", "elapsed": 12712.069896, "delta": 7.222821}}
{"target": -1.0, "params": {"Bgrad": 5.1578929213675435, "d1": -2.0692819641617963, "d2": -0.5292153373305801, "d3": -2.478500358659459, "d4": -0.31810517720181863, "p1": 22.397477972125113, "p2": 32.54457571358487, "p3": 4.182777006919341, "p4": 34.69197894792027, "pol1": -0.6134922461721555, "pol2": 0.8848737232608568, "pol3": 0.9749278211850096, "pol4": 0.8965341999659799, "v0s": 5.171259795684965}, "datetime": {"datetime": "2022-04-08 20:33:13", "elapsed": 12722.048395, "delta": 9.978499}}
{"target": 3.45717880378442, "params": {"Bgrad": 3.148747493812355, "d1": 0.557320699661358, "d2": -0.284630589081448, "d3": -1.4766553747574367, "d4": -2.146379934035309, "p1": 25.98447653076593, "p2": 32.755169977949414, "p3": 4.408884389211715, "p4": 35.64008170269727, "pol1": -0.5388212028981598, "pol2": -0.6799222446406565, "pol3": -0.6753117351549442, "pol4": 0.424049275947582, "v0s": 3.45717880378442}, "datetime": {"datetime": "2022-04-08 20:33:23", "elapsed": 12731.46985, "delta": 9.421455}}
{"target": -1.0, "params": {"Bgrad": 7.195262461939961, "d1": -0.1252582860754048, "d2": -0.05901793019877877, "d3": -1.4502861003617875, "d4": -0.5392771315041833, "p1": 7.114383590432583, "p2": 1.4329247757400632, "p3": 34.046067286107665, "p4": 23.13456629912376, "pol1": -0.39063229387041454, "pol2": 0.7154591226595288, "pol3": 0.35060618606968763, "pol4": 0.7306534781313505, "v0s": 5.698981728857688}, "datetime": {"datetime": "2022-04-08 20:33:41", "elapsed": 12749.654023, "delta": 18.184173}}
{"target": -1.0, "params": {"Bgrad": 6.232542195273911, "d1": -2.631036427450121, "d2": 0.1545828617561984, "d3": 0.7115098318668664, "d4": -2.1782652863238754, "p1": 4.695022938137678, "p2": 7.355619725132639, "p3": 33.54386740314859, "p4": 32.790977947649246, "pol1": 0.7909553332681141, "pol2": -0.1722720953172472, "pol3": -0.5646489776749353, "pol4": -0.00040732929580356014, "v0s": 2.7299270381921468}, "datetime": {"datetime": "2022-04-08 20:34:03", "elapsed": 12771.28105, "delta": 21.627027}}
{"target": -1.0, "params": {"Bgrad": 11.160275224098623, "d1": 0.6876845357642591, "d2": -0.15152311015323994, "d3": -2.835165960960429, "d4": -2.441387223967016, "p1": 15.165929999584925, "p2": 4.334918283739003, "p3": 32.12022265054468, "p4": 30.414519255531115, "pol1": -0.47569093464435785, "pol2": 0.3528427687160194, "pol3": 0.9379489448498477, "pol4": -0.38930790406971916, "v0s": 5.330940429789711}, "datetime": {"datetime": "2022-04-08 20:34:12", "elapsed": 12781.159805, "delta": 9.878755}}
{"target": -1.0, "params": {"Bgrad": 2.417045859773419, "d1": -2.9705344007487353, "d2": -1.9969739171133156, "d3": -2.1206966357474717, "d4": -1.0362220276836824, "p1": 4.880580731545786, "p2": 6.464623409234066, "p3": 40.997917652251125, "p4": 19.355859144901515, "pol1": -0.8666837729309491, "pol2": 0.8730880450061784, "pol3": -0.9942082323727621, "pol4": -0.482294481220094, "v0s": 5.517055091035822}, "datetime": {"datetime": "2022-04-08 20:34:33", "elapsed": 12801.675819, "delta": 20.516014}}
{"target": 3.6800773903495716, "params": {"Bgrad": 8.312339365006592, "d1": -1.882516004644685, "d2": 0.0882826409323294, "d3": 0.11226273485421734, "d4": -1.8094228645981758, "p1": 8.710168966010146, "p2": 4.873660617226139, "p3": 40.085294222056014, "p4": 28.596990326125148, "pol1": -0.3968631839932184, "pol2": -0.8085379710266483, "pol3": -0.6493965402791715, "pol4": 0.5476250235720364, "v0s": 3.6800773903495716}, "datetime": {"datetime": "2022-04-08 20:34:50", "elapsed": 12818.268741, "delta": 16.592922}}
{"target": 4.481538963995636, "params": {"Bgrad": 7.217305512665963, "d1": -1.2347767459803292, "d2": -1.9860937153406484, "d3": -1.0342520896738638, "d4": -1.9027729390784658, "p1": 6.1741774901698685, "p2": 9.79036292643451, "p3": 33.67256548778331, "p4": 29.688683638278135, "pol1": -0.7745989174125198, "pol2": 0.021968347763670293, "pol3": -0.8880568399189015, "pol4": 0.9686778599428116, "v0s": 4.481538963995636}, "datetime": {"datetime": "2022-04-08 20:35:01", "elapsed": 12829.499406, "delta": 11.230665}}
{"target": -1.0, "params": {"Bgrad": 3.1379180239780187, "d1": 0.5478095618250056, "d2": -2.3649279343675156, "d3": -2.8409464599445324, "d4": -2.4444610296720595, "p1": 4.563057371445101, "p2": 10.070576566532264, "p3": 45.31216802562078, "p4": 20.770073088995133, "pol1": -0.09228719183587053, "pol2": -0.4323411710698053, "pol3": 0.5738968666768443, "pol4": 0.21230494549682133, "v0s": 2.1628229304711106}, "datetime": {"datetime": "2022-04-08 20:35:20", "elapsed": 12849.05796, "delta": 19.558554}}
{"target": -1.0, "params": {"Bgrad": 7.298410152808, "d1": -0.03729904505268422, "d2": -0.44163674881395965, "d3": -2.571186059397471, "d4": -0.5476597514812926, "p1": 28.671866652120137, "p2": 30.297630038208183, "p3": 6.006427910353701, "p4": 38.038935049678656, "pol1": 0.7716509531604616, "pol2": 0.474549110970663, "pol3": 0.20760004988326508, "pol4": -0.889491030393389, "v0s": 2.664196429688343}, "datetime": {"datetime": "2022-04-08 20:35:32", "elapsed": 12860.625817, "delta": 11.567857}}
{"target": 3.003604172803053, "params": {"Bgrad": 4.729109537944936, "d1": -2.1599218043335466, "d2": -0.22652930099924262, "d3": 0.4085435891513338, "d4": -1.6501562954587574, "p1": 2.7952759700507537, "p2": 5.902587493427597, "p3": 42.31696845263695, "p4": 18.88441937143507, "pol1": 0.15152926112833676, "pol2": 0.2711028298409581, "pol3": 0.01731362516662993, "pol4": 0.10998039197039211, "v0s": 3.003604172803053}, "datetime": {"datetime": "2022-04-08 20:35:48", "elapsed": 12876.957505, "delta": 16.331688}}
{"target": -1.0, "params": {"Bgrad": 8.834327791214712, "d1": 0.8739684255150282, "d2": 0.8847956761055014, "d3": -2.399100078582641, "d4": -2.9945570605042784, "p1": 2.2108938470638497, "p2": 3.6190920878160835, "p3": 33.13990880423083, "p4": 30.38893871505844, "pol1": -0.49497942003236517, "pol2": 0.23952131417058609, "pol3": -0.7140023097642885, "pol4": 0.08578189900088296, "v0s": 3.090203678062638}, "datetime": {"datetime": "2022-04-08 20:37:05", "elapsed": 12953.627288, "delta": 76.669783}}
{"target": -1.0, "params": {"Bgrad": 1.9993765221478732, "d1": -0.10644681117003918, "d2": -1.2716584994549454, "d3": -0.6152688530699284, "d4": -2.7847790714050853, "p1": 24.546559007760198, "p2": 32.80806475580859, "p3": 5.874869250433995, "p4": 35.69698395621878, "pol1": -0.7896398811493719, "pol2": -0.8735582460207982, "pol3": 0.41837672543698456, "pol4": -0.9901063539024102, "v0s": 4.418831075733033}, "datetime": {"datetime": "2022-04-08 20:37:19", "elapsed": 12967.356818, "delta": 13.72953}}
{"target": -1.0, "params": {"Bgrad": 9.67206168222285, "d1": -1.4985454784511254, "d2": -2.840770798053056, "d3": -2.3912615568333946, "d4": 0.9620896786779443, "p1": 6.052621598000529, "p2": 9.931107447427218, "p3": 34.80863485884404, "p4": 26.30199570033666, "pol1": 0.13685915166675056, "pol2": -0.5280830613187286, "pol3": -0.20997922504183575, "pol4": 0.9709692227068953, "v0s": 3.300050565974992}, "datetime": {"datetime": "2022-04-08 20:37:32", "elapsed": 12981.080342, "delta": 13.723524}}
{"target": -1.0, "params": {"Bgrad": 4.43174029126768, "d1": -1.4743946244937547, "d2": -1.820640481221163, "d3": -2.275853457461486, "d4": -2.563585317874578, "p1": 26.352301735368076, "p2": 28.562055830193756, "p3": 5.348566996420051, "p4": 37.05620828007467, "pol1": 0.07281340894968791, "pol2": -0.5952702553403992, "pol3": -0.026134574357862705, "pol4": -0.507170932986986, "v0s": 3.1781785697775726}, "datetime": {"datetime": "2022-04-08 20:37:41", "elapsed": 12990.046031, "delta": 8.965689}}
{"target": 3.4551622000933775, "params": {"Bgrad": 1.8246235371740873, "d1": -2.550614612673304, "d2": -1.1719456008357545, "d3": -2.6434311089122144, "d4": -0.312919823836042, "p1": 8.818128524908925, "p2": 8.437463650703158, "p3": 37.18847751933104, "p4": 26.011894137814735, "pol1": -0.33960013085682395, "pol2": 0.44099225236054096, "pol3": 0.563121282504832, "pol4": 0.2537830958400358, "v0s": 3.4551622000933775}, "datetime": {"datetime": "2022-04-08 20:37:50", "elapsed": 12998.985766, "delta": 8.939735}}
{"target": 4.353759786492122, "params": {"Bgrad": 5.961556473132017, "d1": -2.654646121366609, "d2": -0.9377912825574755, "d3": -2.574758497298615, "d4": -1.0115279915298314, "p1": 10.560091906114312, "p2": 5.796703887291789, "p3": 40.37061151327213, "p4": 29.011915446058516, "pol1": -0.7867472795473807, "pol2": -0.5074185417575328, "pol3": -0.35503211378518884, "pol4": -0.10793743023639552, "v0s": 4.353759786492122}, "datetime": {"datetime": "2022-04-08 20:38:04", "elapsed": 13012.859895, "delta": 13.874129}}
{"target": -1.0, "params": {"Bgrad": 7.6937720730999235, "d1": 0.11247009126545393, "d2": 0.662219882151712, "d3": -1.582313737027531, "d4": -2.702634441707297, "p1": 10.72257484424195, "p2": 6.898227038755412, "p3": 35.87951201519226, "p4": 27.765131969662725, "pol1": 0.2721997278089885, "pol2": -0.022709897429646464, "pol3": 0.8462702063208487, "pol4": -0.799858512438161, "v0s": 4.832249630179853}, "datetime": {"datetime": "2022-04-08 20:38:13", "elapsed": 13021.953224, "delta": 9.093329}}
{"target": 3.471925142049484, "params": {"Bgrad": 5.354657715868749, "d1": -0.5403206648832728, "d2": 0.5243116144680688, "d3": -1.5185170958538179, "d4": -2.1646261977561903, "p1": 1.1950923528332102, "p2": 5.739502505739691, "p3": 33.35315437138884, "p4": 25.789794052323252, "pol1": -0.6646930765374994, "pol2": -0.5615746064998692, "pol3": -0.3204389122149067, "pol4": -0.20131953816525128, "v0s": 3.471925142049484}, "datetime": {"datetime": "2022-04-08 20:38:21", "elapsed": 13030.127018, "delta": 8.173794}}
{"target": -1.0, "params": {"Bgrad": 6.113867638095334, "d1": -1.4798589020788868, "d2": -1.2508858796193643, "d3": -2.0338974523165714, "d4": -0.7072767876144428, "p1": 13.697435956485998, "p2": 2.745048630698954, "p3": 40.972378865625295, "p4": 30.97128419387077, "pol1": -0.5094288550993931, "pol2": 0.8667348728266848, "pol3": 0.8261474493806924, "pol4": -0.11679232210039348, "v0s": 5.9357560282826825}, "datetime": {"datetime": "2022-04-08 20:38:38", "elapsed": 13047.072505, "delta": 16.945487}}
{"target": 3.5223154763229676, "params": {"Bgrad": 6.228820139124714, "d1": -0.47813089919395946, "d2": -0.8981723018558778, "d3": -2.9226345505642697, "d4": -1.706968940507498, "p1": 26.6414827929029, "p2": 32.69933578706643, "p3": 0.722079016888455, "p4": 34.3003089976173, "pol1": -0.03786399383967276, "pol2": 0.01618212718180878, "pol3": -0.4427619518861534, "pol4": -0.15438733479188893, "v0s": 3.5223154763229676}, "datetime": {"datetime": "2022-04-08 20:38:51", "elapsed": 13059.923841, "delta": 12.851336}}
{"target": -1.0, "params": {"Bgrad": 13.637119266023317, "d1": -0.6860016808431979, "d2": -1.9035208993325914, "d3": -0.7578800378557649, "d4": -0.3130808607303188, "p1": 17.62148151082044, "p2": 42.79141836269639, "p3": 9.751874300435365, "p4": 37.36604051659616, "pol1": -0.42079450762624515, "pol2": 0.547598574488364, "pol3": -0.14452534132784756, "pol4": 0.6153968182244189, "v0s": 4.121209176007943}, "datetime": {"datetime": "2022-04-08 21:27:57", "elapsed": 16006.043447, "delta": 2946.119606}}
{"target": -1.0, "params": {"Bgrad": 4.667018133776832, "d1": 0.06913803368706617, "d2": -1.7654322094773955, "d3": -0.06701972909428999, "d4": -0.02210738768907161, "p1": 11.069835045410054, "p2": 10.705606841032422, "p3": 9.947396171353335, "p4": 7.125916888292233, "pol1": -0.24583480158533177, "pol2": -0.946744230616757, "pol3": -0.7781592619315187, "pol4": 0.34912804752682103, "v0s": 6.798659221384318}, "datetime": {"datetime": "2022-04-08 21:28:05", "elapsed": 16013.532423, "delta": 7.488976}}
{"target": -1.0, "params": {"Bgrad": 2.070325779003525, "d1": -2.073190758056832, "d2": -2.1694973527847425, "d3": 0.6693342523265224, "d4": -0.15474192745405313, "p1": 27.694230552570716, "p2": 15.225899396031013, "p3": 41.74270238158992, "p4": 21.765297881476, "pol1": 0.8469124302375504, "pol2": 0.41210360867186635, "pol3": -0.04393738406943326, "pol4": -0.7475797925012826, "v0s": 7.856261302806486}, "datetime": {"datetime": "2022-04-08 21:28:22", "elapsed": 16030.825188, "delta": 17.292765}}
{"target": -1.0, "params": {"Bgrad": 3.6167561817098206, "d1": -2.1895914991213496, "d2": -1.2752729793585162, "d3": -1.383192376899411, "d4": -2.4129940769428235, "p1": 36.46594596805617, "p2": 9.437253343859297, "p3": 32.19478221558314, "p4": 37.715297528814936, "pol1": -0.5785352158333585, "pol2": 0.20190849621527995, "pol3": 0.4978567504916729, "pol4": 0.27643742124066684, "v0s": 5.582763817679894}, "datetime": {"datetime": "2022-04-08 21:28:39", "elapsed": 16047.901531, "delta": 17.076343}}
{"target": -1.0, "params": {"Bgrad": 6.2619045702821925, "d1": -0.07357411503396483, "d2": 0.7812337599997989, "d3": -1.2977544389538123, "d4": 0.12872726732562123, "p1": 2.807051983095765, "p2": 41.7635801244983, "p3": 9.612500841107385, "p4": 19.75484344449866, "pol1": -0.3998379081492871, "pol2": -0.8397927123879014, "pol3": 0.8092620058724858, "pol4": -0.2596916448925235, "v0s": 5.184184630856837}, "datetime": {"datetime": "2022-04-08 21:28:59", "elapsed": 16067.632776, "delta": 19.731245}}
{"target": 4.121366068596883, "params": {"Bgrad": 7.288021169839767, "d1": -2.703931410565513, "d2": -0.3425872551739806, "d3": -2.3174468025406196, "d4": -1.5737000815075652, "p1": 8.552652439268604, "p2": 0.24106091266618557, "p3": 33.4700028253456, "p4": 25.994031616999045, "pol1": -0.9235874534001227, "pol2": -0.9657641327861037, "pol3": 0.25153900944229957, "pol4": -0.6168262317202045, "v0s": 4.121366068596883}, "datetime": {"datetime": "2022-04-08 21:29:08", "elapsed": 16076.258714, "delta": 8.625938}}
