{"target": 4.572436089814982, "params": {"Bgrad": 1.1477699837920041, "d1": -2.764614935470498, "d2": -2.4452769625512203, "d3": -1.3261804281625633, "d4": -1.213554359303734, "p1": 4.572599613595627, "p2": 20.654378394933566, "p3": 2.3579701051840556, "p4": 13.978374267031581, "pol1": -0.20684924250639788, "pol2": 0.05555304848435409, "pol3": 0.3068425242478917, "pol4": -0.8212574409440391, "v0s": 4.572436089814982}, "datetime": {"datetime": "2022-05-18 00:41:29", "elapsed": 104304.961128, "delta": 52.312084}}
{"target": -1.0, "params": {"Bgrad": 1.5802114987339533, "d1": -2.1608804750015023, "d2": -0.970232096589076, "d3": -0.8064053852006072, "d4": -0.9433163972263943, "p1": 6.911192131952531, "p2": 18.12596765818425, "p3": 1.5698323715647666, "p4": 13.446110749843704, "pol1": -0.6278090982781428, "pol2": 0.05561012512023411, "pol3": 0.22450618439316505, "pol4": 0.14859512850040035, "v0s": 4.07151437779952}, "datetime": {"datetime": "2022-05-18 00:42:10", "elapsed": 104345.988396, "delta": 41.027268}}
{"target": 4.1379097724438605, "params": {"Bgrad": 0.5405910012440766, "d1": -1.4009425835643992, "d2": 0.5290776021084248, "d3": -3.0, "d4": -0.7250139855775793, "p1": 23.138357284965345, "p2": 15.752365830914936, "p3": 32.557504798904105, "p4": 24.102603524580395, "pol1": 0.8437976398561096, "pol2": -0.9733437962301247, "pol3": -1.0, "pol4": 1.0, "v0s": 4.1379097724438605}, "datetime": {"datetime": "2022-05-18 00:42:58", "elapsed": 104394.087747, "delta": 48.099351}}
{"target": 5.031037272049387, "params": {"Bgrad": 2.0, "d1": -3.0, "d2": -0.10794536788277541, "d3": -0.9618418624941025, "d4": -2.370861106232258, "p1": 29.69476425524936, "p2": 12.366437830109982, "p3": 38.282160406197065, "p4": 27.304133888232748, "pol1": 1.0, "pol2": -0.1839704984286501, "pol3": -1.0, "pol4": -0.6869750913496393, "v0s": 5.031037272049387}, "datetime": {"datetime": "2022-05-18 00:44:12", "elapsed": 104467.245079, "delta": 73.157332}}
{"target": 5.2273415797779235, "params": {"Bgrad": 0.5, "d1": -2.808833066646388, "d2": 0.6196587382654353, "d3": -2.4711401858551287, "d4": -2.0696315669270278, "p1": 32.48199839137073, "p2": 10.017473409959612, "p3": 40.70753983383298, "p4": 35.96663493314693, "pol1": -0.08172374764983811, "pol2": -0.19309851048576435, "pol3": -0.8810511715750617, "pol4": -0.09689744082314755, "v0s": 5.2273415797779235}, "datetime": {"datetime": "2022-05-18 00:45:15", "elapsed": 104530.372237, "delta": 63.127158}}
{"target": 4.7400292914055395, "params": {"Bgrad": 0.5, "d1": -3.0, "d2": -3.0, "d3": -2.3592359260088016, "d4": -3.0, "p1": 4.4574503045903, "p2": 11.31692783277665, "p3": 35.48390280628783, "p4": 28.636253680506517, "pol1": -1.0, "pol2": 0.0036356732479373224, "pol3": 0.40436790118656646, "pol4": -1.0, "v0s": 4.7400292914055395}, "datetime": {"datetime": "2022-05-18 00:45:59", "elapsed": 104575.168424, "delta": 44.796187}}
{"target": 4.717084650383886, "params": {"Bgrad": 1.0760770410844984, "d1": -3.0, "d2": 1.0, "d3": -1.1050341509644568, "d4": -0.9823927550469954, "p1": 40.334274987997816, "p2": 20.42194262216157, "p3": 14.785105546311014, "p4": 12.56667625343767, "pol1": 0.08250743565547992, "pol2": 1.0, "pol3": 0.0709949097180026, "pol4": -0.7075128627650403, "v0s": 4.717084650383886}, "datetime": {"datetime": "2022-05-18 00:46:59", "elapsed": 104634.489762, "delta": 59.321338}}
{"target": 5.5470710290707625, "params": {"Bgrad": 1.7438883666035871, "d1": -2.212201363968665, "d2": 0.7859435752300703, "d3": -0.9455809728331452, "d4": -1.0182402979587577, "p1": 1.780645446788337, "p2": 35.950799539893566, "p3": 29.554351585365353, "p4": 33.35180667274823, "pol1": 0.5694875505427468, "pol2": -0.5814202828339714, "pol3": 0.3375432330273025, "pol4": -0.8959231614392398, "v0s": 5.5470710290707625}, "datetime": {"datetime": "2022-05-18 00:47:35", "elapsed": 104671.157689, "delta": 36.667927}}
{"target": 3.8605984981651615, "params": {"Bgrad": 2.0, "d1": -2.2397173140712843, "d2": 0.752701512433178, "d3": -1.7007311549627844, "d4": -3.0, "p1": 26.67414271133083, "p2": 9.580304140469629, "p3": 37.31521742628666, "p4": 28.69395438259544, "pol1": 0.2904989613279905, "pol2": 0.6984932840136866, "pol3": -0.29081087549880263, "pol4": 0.21359583760475737, "v0s": 3.8605984981651615}, "datetime": {"datetime": "2022-05-18 00:48:38", "elapsed": 104733.236652, "delta": 62.078963}}
{"target": 4.228977830309632, "params": {"Bgrad": 1.4341599427029372, "d1": -2.5028369469387797, "d2": 0.604838558889087, "d3": -1.955882529202746, "d4": -1.4448278904344578, "p1": 6.049655450606886, "p2": 34.700508243305244, "p3": 39.37806411252064, "p4": 30.337528761604084, "pol1": 0.27520612638401415, "pol2": -0.21708777063096774, "pol3": -0.5818779737239758, "pol4": -0.5891604498565916, "v0s": 4.228977830309632}, "datetime": {"datetime": "2022-05-18 00:49:46", "elapsed": 104801.88205, "delta": 68.645398}}
{"target": 4.318335140658614, "params": {"Bgrad": 1.170376884798689, "d1": -1.8748360193907492, "d2": -0.6748177250047669, "d3": -0.5678429836189114, "d4": -2.0911724016877398, "p1": 2.9113270934717104, "p2": 33.475304575642696, "p3": 28.137582049751416, "p4": 37.48215522989457, "pol1": -0.6149393161497256, "pol2": -0.14173596955707835, "pol3": 0.5126383645985726, "pol4": -0.8682292850754363, "v0s": 4.318335140658614}, "datetime": {"datetime": "2022-05-18 00:50:19", "elapsed": 104834.956588, "delta": 33.074538}}
{"target": -1.0, "params": {"Bgrad": 0.5, "d1": -2.17884212388302, "d2": 0.8921036808093393, "d3": -2.7612340519490877, "d4": -1.7077651185011045, "p1": 32.95022301253109, "p2": 6.7749207887781, "p3": 39.470740423025305, "p4": 32.00596110664235, "pol1": 0.08843285505140538, "pol2": 0.7079086224969414, "pol3": 0.9498106251526025, "pol4": -0.7274841822955248, "v0s": 5.559668743606827}, "datetime": {"datetime": "2022-05-18 00:51:14", "elapsed": 104889.887668, "delta": 54.93108}}
{"target": 5.9190556565952415, "params": {"Bgrad": 0.5, "d1": -1.9518902043617652, "d2": -0.10162799024010337, "d3": -0.5229466917339893, "d4": -3.0, "p1": 2.0248485827054195, "p2": 14.56327241891087, "p3": 37.51519705874109, "p4": 47.414751544801575, "pol1": -0.22227146886179236, "pol2": 0.0037458841762051625, "pol3": -0.5945103380670546, "pol4": 0.15090185856899802, "v0s": 5.9190556565952415}, "datetime": {"datetime": "2022-05-18 00:52:06", "elapsed": 104941.438788, "delta": 51.55112}}
{"target": 5.03851304206032, "params": {"Bgrad": 0.7930969364924435, "d1": -2.454393917892641, "d2": 0.9173639269342304, "d3": -1.4643431911072986, "d4": -1.7336390253211476, "p1": 3.8227381237804545, "p2": 39.79505958791853, "p3": 40.42841377811866, "p4": 30.83885416518573, "pol1": 0.5526508792061573, "pol2": 0.44829513171821744, "pol3": -0.010940942002327855, "pol4": 0.23906070496912044, "v0s": 5.03851304206032}, "datetime": {"datetime": "2022-05-18 00:52:59", "elapsed": 104994.613566, "delta": 53.174778}}
{"target": 4.80568336278917, "params": {"Bgrad": 1.0850679764598654, "d1": -2.3753895060485184, "d2": 1.0, "d3": -1.7848014944127109, "d4": -1.2804921393308517, "p1": 3.31650295455896, "p2": 34.32615626302805, "p3": 30.72988841884293, "p4": 36.30619698071074, "pol1": -0.5501666896951346, "pol2": -0.033288314475004674, "pol3": 0.5606940749352263, "pol4": 0.3018380046071648, "v0s": 4.80568336278917}, "datetime": {"datetime": "2022-05-18 00:53:57", "elapsed": 105052.225476, "delta": 57.61191}}
{"target": -1.0, "params": {"Bgrad": 1.4892386331984857, "d1": -1.6272823275356227, "d2": -0.6138316098820713, "d3": -0.9844353137678366, "d4": -0.6261776922016682, "p1": 0.42471169508727646, "p2": 33.365341229937194, "p3": 30.820866548868537, "p4": 34.0250740516326, "pol1": 0.09599015123285626, "pol2": 0.2250344956130108, "pol3": 0.5783979400485069, "pol4": 0.2765794940620838, "v0s": 6.41564660275934}, "datetime": {"datetime": "2022-05-18 00:54:50", "elapsed": 105105.30052, "delta": 53.075044}}
{"target": -1.0, "params": {"Bgrad": 0.6598171472517131, "d1": -2.85299604747006, "d2": -0.09563570928323406, "d3": 0.3896314080020522, "d4": -1.1599874967066923, "p1": 5.059816954608415, "p2": 33.44495713614489, "p3": 34.07106867654382, "p4": 27.307805654488394, "pol1": -0.2697541093114726, "pol2": 0.7829138437850696, "pol3": -0.6951778437471634, "pol4": -0.137278824027673, "v0s": 2.9354069619893752}, "datetime": {"datetime": "2022-05-18 00:55:26", "elapsed": 105141.867716, "delta": 36.567196}}
{"target": 5.330406972624236, "params": {"Bgrad": 0.5, "d1": -2.6118984134355427, "d2": 0.22352870869695002, "d3": -0.6934437230123981, "d4": -3.0, "p1": 1.8085299380839264, "p2": 14.577632847219636, "p3": 36.51017422418631, "p4": 47.98615884786245, "pol1": 0.4337479359365262, "pol2": 0.551020132091065, "pol3": -1.0, "pol4": -0.17979253973849857, "v0s": 5.330406972624236}, "datetime": {"datetime": "2022-05-18 00:56:11", "elapsed": 105186.497349, "delta": 44.629633}}
{"target": 5.212554922760496, "params": {"Bgrad": 1.4740596138337305, "d1": -3.0, "d2": 1.0, "d3": -0.7781284665246125, "d4": -2.4331757819930737, "p1": 43.961017138907714, "p2": 26.54510640928964, "p3": 19.005125896142516, "p4": 13.82511140379957, "pol1": -1.0, "pol2": 0.9093158348703798, "pol3": 0.7050611954490102, "pol4": 1.0, "v0s": 5.212554922760496}, "datetime": {"datetime": "2022-05-18 00:57:29", "elapsed": 105265.033294, "delta": 78.535945}}
{"target": 4.780718065575231, "params": {"Bgrad": 2.0, "d1": -2.9140360889236727, "d2": 0.6378065575013887, "d3": -2.8032819684696806, "d4": -1.5207866537838162, "p1": 31.494351120897452, "p2": 4.720850188733493, "p3": 39.70698963676463, "p4": 25.28690194045516, "pol1": 0.4562671920162074, "pol2": -0.8893945866229533, "pol3": -0.09781253447986345, "pol4": 0.19071758827225826, "v0s": 4.780718065575231}, "datetime": {"datetime": "2022-05-18 00:58:06", "elapsed": 105301.545638, "delta": 36.512344}}
{"target": -1.0, "params": {"Bgrad": 1.8784851675186878, "d1": -2.624382299569715, "d2": -1.3208309597380001, "d3": -2.5432859446193543, "d4": -2.5673250644458045, "p1": 2.7628856192149556, "p2": 37.68462257164921, "p3": 29.250200718634673, "p4": 40.19711473028381, "pol1": -0.5709510804011415, "pol2": 0.9906275515856284, "pol3": -0.6589935906452646, "pol4": -0.09313420747422163, "v0s": 4.801334076557403}, "datetime": {"datetime": "2022-05-18 00:58:48", "elapsed": 105343.8834, "delta": 42.337762}}
{"target": 4.396323586472848, "params": {"Bgrad": 2.0, "d1": -1.8309119718292381, "d2": 0.878754336858493, "d3": -2.025342951886957, "d4": 0.0263853617896652, "p1": 8.045206632588243, "p2": 22.510072066836436, "p3": 45.043551721617625, "p4": 21.959456665913653, "pol1": 0.556388485279095, "pol2": -0.6426631058849066, "pol3": -0.22955516256640499, "pol4": 0.019424422899995852, "v0s": 4.396323586472848}, "datetime": {"datetime": "2022-05-18 00:59:41", "elapsed": 105396.893619, "delta": 53.010219}}
{"target": 5.532168511367185, "params": {"Bgrad": 0.5, "d1": -3.0, "d2": 0.40545457290313536, "d3": -0.7633075833766453, "d4": -3.0, "p1": 2.2165141267957265, "p2": 14.153339159094372, "p3": 37.244934396128436, "p4": 47.139087612163785, "pol1": -0.1554390684182971, "pol2": 0.017454956952310256, "pol3": 0.22142762081825113, "pol4": -0.2738106653800661, "v0s": 5.532168511367185}, "datetime": {"datetime": "2022-05-18 01:00:19", "elapsed": 105434.305555, "delta": 37.411936}}
{"target": 4.661639582192327, "params": {"Bgrad": 1.2910365706187823, "d1": -3.0, "d2": 0.6475227591035464, "d3": -2.681947960643535, "d4": -0.7649353824311803, "p1": 9.083174997611106, "p2": 25.735156833950388, "p3": 44.2908350922572, "p4": 23.07623692520651, "pol1": 0.7027975984681222, "pol2": -0.7058147206868924, "pol3": -0.818953362721407, "pol4": 0.45986130664324915, "v0s": 4.661639582192327}, "datetime": {"datetime": "2022-05-18 01:01:24", "elapsed": 105499.758493, "delta": 65.452938}}
{"target": 3.4921181079226575, "params": {"Bgrad": 1.6459930456527272, "d1": -2.219359094319844, "d2": 0.8180066866545714, "d3": -2.8650542373834105, "d4": -0.7205033334369517, "p1": 8.103992911328728, "p2": 38.767584234129835, "p3": 34.54748935558419, "p4": 38.821614950650925, "pol1": 0.2880377915656789, "pol2": 0.4012170461065039, "pol3": -0.9540974086926453, "pol4": -0.12346939048222949, "v0s": 3.4921181079226575}, "datetime": {"datetime": "2022-05-18 01:02:11", "elapsed": 105546.658054, "delta": 46.899561}}
{"target": 4.438096334253101, "params": {"Bgrad": 1.4146907613980266, "d1": -1.8424395306323331, "d2": -0.39209392331604104, "d3": -1.5801003773504716, "d4": -3.0, "p1": 26.766376113238316, "p2": 8.063857116053489, "p3": 34.9261695502846, "p4": 30.037033343225833, "pol1": 0.8967779989665278, "pol2": 0.0370298909898554, "pol3": 0.13039504920158895, "pol4": 0.10503765020074063, "v0s": 4.438096334253101}, "datetime": {"datetime": "2022-05-18 01:02:48", "elapsed": 105583.41973, "delta": 36.761676}}
{"target": 4.759547212624951, "params": {"Bgrad": 2.0, "d1": -2.576608315400349, "d2": -0.20976788578242542, "d3": -2.1644366461623132, "d4": -3.0, "p1": 26.910602480989873, "p2": 9.196869671485418, "p3": 36.21063041352123, "p4": 29.954817672484463, "pol1": 0.49984735099815897, "pol2": 0.2642331312223549, "pol3": 0.9600376240871384, "pol4": -0.31923320620423284, "v0s": 4.759547212624951}, "datetime": {"datetime": "2022-05-18 01:03:45", "elapsed": 105640.608771, "delta": 57.189041}}
{"target": 3.4138149470314896, "params": {"Bgrad": 1.8457469041395682, "d1": -1.981981619448247, "d2": 0.9157128485579878, "d3": -1.2256296812180827, "d4": -1.5924231293529905, "p1": 28.09713723555607, "p2": 40.45723084932204, "p3": 28.06174164966243, "p4": 20.912932815560975, "pol1": -0.958107319942616, "pol2": -0.3554481906228783, "pol3": 1.0, "pol4": -1.0, "v0s": 3.4138149470314896}, "datetime": {"datetime": "2022-05-18 01:04:38", "elapsed": 105693.83541, "delta": 53.226639}}
{"target": -1.0, "params": {"Bgrad": 0.6362529663105363, "d1": -1.4514607925601224, "d2": 0.3174255646054158, "d3": -1.4135023434305505, "d4": 0.3122571955706692, "p1": 24.016671577748284, "p2": 9.87590486775135, "p3": 35.55428572449414, "p4": 24.503942125405644, "pol1": -0.7065443589084206, "pol2": 0.7317887468510267, "pol3": 0.09948435553432566, "pol4": -0.44314049740426364, "v0s": 4.7029659324576265}, "datetime": {"datetime": "2022-05-18 01:05:38", "elapsed": 105753.552688, "delta": 59.717278}}
{"target": -1.0, "params": {"Bgrad": 1.7105743156949067, "d1": -2.8569568488529, "d2": 0.46591250403352946, "d3": -2.681447947267534, "d4": -2.823283054022296, "p1": 39.48391747198714, "p2": 20.021803464006137, "p3": 14.602299642170246, "p4": 12.486430546788046, "pol1": -0.04978205246032519, "pol2": 0.7550099488211872, "pol3": 0.02676919517084486, "pol4": 0.13767239981981616, "v0s": 5.457890792561514}, "datetime": {"datetime": "2022-05-18 01:06:30", "elapsed": 105805.594496, "delta": 52.041808}}
{"target": 4.970834751985209, "params": {"Bgrad": 1.7607977088667095, "d1": -3.0, "d2": -0.7627734078054974, "d3": -1.2162869890675987, "d4": -3.0, "p1": 30.843304914001983, "p2": 14.018848749307887, "p3": 39.034263787470856, "p4": 25.643848420351127, "pol1": 0.9398970906823879, "pol2": 1.0, "pol3": -0.9250752496117955, "pol4": 1.0, "v0s": 4.970834751985209}, "datetime": {"datetime": "2022-05-18 01:07:14", "elapsed": 105850.10744, "delta": 44.512944}}
{"target": 3.6741556979167584, "params": {"Bgrad": 1.0363346516144725, "d1": -2.804157535328043, "d2": -0.035699045550964585, "d3": -2.1333122791549095, "d4": -3.0, "p1": 21.494254108687038, "p2": 4.447080307600146, "p3": 46.48433187704445, "p4": 40.72952973997403, "pol1": 1.0, "pol2": 1.0, "pol3": -1.0, "pol4": 0.28278378265142834, "v0s": 3.6741556979167584}, "datetime": {"datetime": "2022-05-18 01:08:06", "elapsed": 105901.480038, "delta": 51.372598}}
{"target": -1.0, "params": {"Bgrad": 1.527262460167935, "d1": -2.966513507713316, "d2": -0.4730531070989529, "d3": -2.2985837861086558, "d4": -0.7376005011158436, "p1": 34.526379994417525, "p2": 6.152550419893053, "p3": 36.71986664655939, "p4": 27.700049814313303, "pol1": 0.5446789856418018, "pol2": -0.8304127615526027, "pol3": 0.644371605397528, "pol4": 1.0, "v0s": 5.182937003133164}, "datetime": {"datetime": "2022-05-18 01:08:57", "elapsed": 105952.991265, "delta": 51.511227}}
{"target": 3.9744610497870276, "params": {"Bgrad": 2.0, "d1": -2.795176009726533, "d2": -1.0311871550501936, "d3": -2.7019707817145737, "d4": -1.9400750475547386, "p1": 27.78140259569657, "p2": 17.93408749391596, "p3": 50.0, "p4": 36.94505484548069, "pol1": 1.0, "pol2": 0.8002187546240295, "pol3": 0.06190951681258171, "pol4": 0.35404573820667906, "v0s": 3.9744610497870276}, "datetime": {"datetime": "2022-05-18 01:10:01", "elapsed": 106016.664961, "delta": 63.673696}}
{"target": 4.861255052262986, "params": {"Bgrad": 1.3872511817703865, "d1": -1.1903904945063908, "d2": 0.4663484595506228, "d3": -3.0, "d4": -0.5016805085084208, "p1": 22.63699681248998, "p2": 14.627815450630507, "p3": 32.80123119274539, "p4": 23.664479153842773, "pol1": -0.26099818348689363, "pol2": -0.3766618404950702, "pol3": -1.0, "pol4": 1.0, "v0s": 4.861255052262986}, "datetime": {"datetime": "2022-05-18 01:11:06", "elapsed": 106081.6691, "delta": 65.004139}}
{"target": 2.346178576677619, "params": {"Bgrad": 1.829317908163696, "d1": -2.9842300924490592, "d2": 0.38137527652660674, "d3": -2.1200792068022705, "d4": -2.9266462623210634, "p1": 7.561561286150809, "p2": 26.931268441026386, "p3": 39.99661067497789, "p4": 20.821043489825524, "pol1": 0.6397721735089947, "pol2": 0.12727385034282301, "pol3": -0.808667054155318, "pol4": -0.9298981877310997, "v0s": 2.346178576677619}, "datetime": {"datetime": "2022-05-18 01:11:56", "elapsed": 106131.769101, "delta": 50.100001}}
{"target": 4.100386393380135, "params": {"Bgrad": 0.6325183691146851, "d1": -2.9842005287987585, "d2": 0.9698172876448958, "d3": -1.9116802332166931, "d4": 0.21442629368128463, "p1": 30.854616137480452, "p2": 13.18594458575642, "p3": 31.12369935590868, "p4": 26.73139892385063, "pol1": -0.7403638751725914, "pol2": -0.6133330907249313, "pol3": -0.39081152656477025, "pol4": 0.6497139127301506, "v0s": 4.100386393380135}, "datetime": {"datetime": "2022-05-18 01:12:30", "elapsed": 106166.139174, "delta": 34.370073}}
{"target": 4.383345249144606, "params": {"Bgrad": 1.4920240070017057, "d1": -3.0, "d2": 0.7241428099898297, "d3": -1.8278120195409804, "d4": -2.1515629172361734, "p1": 29.15180646833363, "p2": 10.116896979085997, "p3": 13.774045379166271, "p4": 25.471286001654686, "pol1": -0.11336736615448048, "pol2": 0.3725045880981425, "pol3": -1.0, "pol4": -0.2654906738892782, "v0s": 4.383345249144606}, "datetime": {"datetime": "2022-05-18 01:13:25", "elapsed": 106220.812942, "delta": 54.673768}}
{"target": 4.1642394631774415, "params": {"Bgrad": 1.1087125731538292, "d1": -3.0, "d2": -0.5371258800184965, "d3": -2.23761760458901, "d4": -2.3959825320261308, "p1": 29.535666392051446, "p2": 10.204866640552748, "p3": 14.788352142554228, "p4": 26.550609972605244, "pol1": 0.9126977071825803, "pol2": 0.1591564337346936, "pol3": -0.8889867077379253, "pol4": -1.0, "v0s": 4.1642394631774415}, "datetime": {"datetime": "2022-05-18 01:14:39", "elapsed": 106294.910759, "delta": 74.097817}}
{"target": -1.0, "params": {"Bgrad": 1.7946932360728716, "d1": -1.703883761023834, "d2": -1.9743210784337228, "d3": -2.9016758515363885, "d4": -2.1207021071203607, "p1": 5.36269233107719, "p2": 7.415309024252931, "p3": 46.00333781593006, "p4": 17.789577866181748, "pol1": -0.13979184270821055, "pol2": 0.303238238781776, "pol3": -0.18149583106658618, "pol4": 0.3295841124139196, "v0s": 4.237557302540174}, "datetime": {"datetime": "2022-05-18 01:15:22", "elapsed": 106337.390142, "delta": 42.479383}}
{"target": 4.2298055519722535, "params": {"Bgrad": 2.0, "d1": -1.6650168549538822, "d2": 0.18717175565725191, "d3": -1.0238513646594873, "d4": -3.0, "p1": 26.52318341897834, "p2": 8.366512191138648, "p3": 36.14593539945501, "p4": 29.325773493179806, "pol1": 0.31494942933669356, "pol2": -1.0, "pol3": 0.9225229197511251, "pol4": -0.5323075978083538, "v0s": 4.2298055519722535}, "datetime": {"datetime": "2022-05-18 01:16:15", "elapsed": 106390.508072, "delta": 53.11793}}
{"target": 3.837094646182561, "params": {"Bgrad": 0.9792487129715726, "d1": -1.8393132332778914, "d2": 0.6947026804661491, "d3": -0.26939726502603545, "d4": -2.527218670397942, "p1": 2.407248828577208, "p2": 31.1166181369117, "p3": 30.499241551025523, "p4": 38.952598424031436, "pol1": -0.3408811172739419, "pol2": -0.9592854721297746, "pol3": 0.3897988932139631, "pol4": -0.3001237005281632, "v0s": 3.837094646182561}, "datetime": {"datetime": "2022-05-18 01:17:22", "elapsed": 106458.139183, "delta": 67.631111}}
{"target": 3.946651492023984, "params": {"Bgrad": 0.5, "d1": -1.1181516051419533, "d2": 1.0, "d3": -2.2474995514756055, "d4": -3.0, "p1": 5.18250075778482, "p2": 35.92138141363889, "p3": 32.821701111526494, "p4": 34.742579193978536, "pol1": 0.5058048232289377, "pol2": -0.986339889366968, "pol3": 1.0, "pol4": -0.23842149946047392, "v0s": 3.946651492023984}, "datetime": {"datetime": "2022-05-18 01:18:15", "elapsed": 106510.372479, "delta": 52.233296}}
{"target": -1.0, "params": {"Bgrad": 1.88533918755082, "d1": -1.530083582366923, "d2": -2.1326057628136503, "d3": -2.7142802840423177, "d4": -2.6633153395217075, "p1": 31.659614825482617, "p2": 4.803122837310308, "p3": 40.50586070350574, "p4": 24.673577833735994, "pol1": -0.49972650672662966, "pol2": -0.7935806096069467, "pol3": 0.3016279640468904, "pol4": -0.1891690845264684, "v0s": 2.10711672646691}, "datetime": {"datetime": "2022-05-18 01:18:48", "elapsed": 106543.530793, "delta": 33.158314}}
