{"target": 3.7248470009742287, "params": {"Bgrad": 1.5915959964358566, "d1": -2.3864819517835842, "d2": -0.46105480901784857, "d3": -2.111937889766255, "d4": 0.06785985755493783, "p1": 43.834725920084594, "p2": 24.757939878321075, "p3": 26.553359348283422, "p4": 14.115463545804705, "pol1": -0.21304074642917645, "pol2": -0.9078880137785108, "pol3": -1.0, "pol4": -1.0, "v0s": 3.7248470009742287}, "datetime": {"datetime": "2022-05-17 02:50:12", "elapsed": 25627.94647, "delta": 15.440703}}
{"target": -1.0, "params": {"Bgrad": 1.5233730507990142, "d1": -2.913362473890695, "d2": -0.06503813717424434, "d3": -1.2175614938731876, "d4": -1.9771830359983293, "p1": 31.13347269442236, "p2": 6.890893455498387, "p3": 40.520546989317666, "p4": 36.352496044362354, "pol1": -0.8339352509860745, "pol2": 0.1563978563487689, "pol3": 0.302810225232957, "pol4": -0.6689231479718005, "v0s": 6.448548259192257}, "datetime": {"datetime": "2022-05-17 02:50:40", "elapsed": 25655.317263, "delta": 27.370793}}
{"target": 4.907878735705678, "params": {"Bgrad": 1.2769440394553973, "d1": -1.8285396192773957, "d2": 0.9357997394867905, "d3": -2.6373512203587115, "d4": -0.3894606449877861, "p1": 4.929956832456468, "p2": 36.149376131178016, "p3": 31.483197140463396, "p4": 38.763684402718106, "pol1": 0.25258135213519256, "pol2": -0.8667640882725259, "pol3": -0.15616726689628707, "pol4": -0.5758482021999892, "v0s": 4.907878735705678}, "datetime": {"datetime": "2022-05-17 02:51:03", "elapsed": 25678.463356, "delta": 23.146093}}
{"target": 4.774391251160654, "params": {"Bgrad": 1.538606343019479, "d1": -3.0, "d2": -0.20132056219333108, "d3": -1.7260906925035209, "d4": -0.30611794066725295, "p1": 31.99205742359038, "p2": 5.977095429954768, "p3": 7.770256997123393, "p4": 25.09569548983256, "pol1": 1.0, "pol2": -1.0, "pol3": 0.838020354279226, "pol4": -1.0, "v0s": 4.774391251160654}, "datetime": {"datetime": "2022-05-17 02:51:25", "elapsed": 25700.393701, "delta": 21.930345}}
{"target": 4.583303658931327, "params": {"Bgrad": 1.6918282195930787, "d1": -3.0, "d2": 1.0, "d3": -1.7997805304099337, "d4": -1.6479663126756692, "p1": 30.545508157328918, "p2": 5.793416819160374, "p3": 8.63468981710288, "p4": 24.887263371723694, "pol1": 0.6349345571873685, "pol2": -1.0, "pol3": -0.3319259398798486, "pol4": -0.17541712198456763, "v0s": 4.583303658931327}, "datetime": {"datetime": "2022-05-17 02:51:43", "elapsed": 25718.705722, "delta": 18.312021}}
{"target": 3.0053812541794147, "params": {"Bgrad": 1.7359335172748682, "d1": -0.5935539793166282, "d2": 0.7068190246942705, "d3": -2.849798921193489, "d4": -0.9297142015506856, "p1": 40.43088876027417, "p2": 17.60932172627611, "p3": 12.685904300466378, "p4": 12.771700993152013, "pol1": -0.9303050847665459, "pol2": 0.7275443590904722, "pol3": -0.4117560574243022, "pol4": -0.3442161559649033, "v0s": 3.0053812541794147}, "datetime": {"datetime": "2022-05-17 02:51:58", "elapsed": 25733.698622, "delta": 14.9929}}
{"target": 4.95075089300344, "params": {"Bgrad": 2.0, "d1": -3.0, "d2": 1.0, "d3": -2.194645407036804, "d4": -0.20431488145546994, "p1": 31.047205011194343, "p2": 11.977376013214775, "p3": 33.146839828008176, "p4": 24.978930387497805, "pol1": 0.08622028201275471, "pol2": -0.3786405408537981, "pol3": 0.30170565066596333, "pol4": 1.0, "v0s": 4.95075089300344}, "datetime": {"datetime": "2022-05-17 02:52:20", "elapsed": 25755.309822, "delta": 21.6112}}
{"target": -1.0, "params": {"Bgrad": 1.0374382780315754, "d1": -2.1715592717566405, "d2": -0.5982576010181067, "d3": -0.8492083188206685, "d4": -1.8248683164652642, "p1": 30.18795100101273, "p2": 11.235762906513347, "p3": 43.50651099802699, "p4": 36.62786870204319, "pol1": 0.28579161117775453, "pol2": -0.8074676792821971, "pol3": 0.561267965373129, "pol4": -0.4340154988303444, "v0s": 5.1930727822363325}, "datetime": {"datetime": "2022-05-17 02:52:40", "elapsed": 25776.19496, "delta": 20.885138}}
{"target": 4.42874494965468, "params": {"Bgrad": 0.6463086850912797, "d1": -2.9512893549421015, "d2": 0.39316738437900733, "d3": -1.2293514314823981, "d4": -1.6102060252993655, "p1": 4.556053769824303, "p2": 36.82522721526971, "p3": 34.71008556579886, "p4": 38.135844086237654, "pol1": 0.2292710791507595, "pol2": 0.6955363061045605, "pol3": 0.06115338279719462, "pol4": 0.1888228748596923, "v0s": 4.42874494965468}, "datetime": {"datetime": "2022-05-17 02:52:59", "elapsed": 25794.430188, "delta": 18.235228}}
{"target": 4.59269036660019, "params": {"Bgrad": 1.3667732019719085, "d1": -1.7306399307838682, "d2": 0.6002372399772664, "d3": -2.8852811667408957, "d4": -2.075742767695179, "p1": 5.385019506091654, "p2": 38.47939646233707, "p3": 33.45959863100904, "p4": 42.69647026502092, "pol1": -0.5676404017842386, "pol2": 0.30507663318296824, "pol3": 0.31931708323834757, "pol4": -0.11179759860262929, "v0s": 4.59269036660019}, "datetime": {"datetime": "2022-05-17 02:53:17", "elapsed": 25812.320338, "delta": 17.89015}}
{"target": -1.0, "params": {"Bgrad": 0.7617381547345876, "d1": -2.380351586350114, "d2": -1.2614573022398377, "d3": -1.4621376817619165, "d4": -0.877090300614451, "p1": 28.315017485118567, "p2": 8.827047470298904, "p3": 10.59828244488008, "p4": 26.448404582555344, "pol1": 0.21743510764046903, "pol2": 0.17099389587381242, "pol3": -0.6145681419668663, "pol4": 0.7062919474810256, "v0s": 3.94757916675334}, "datetime": {"datetime": "2022-05-17 02:53:47", "elapsed": 25843.138911, "delta": 30.818573}}
{"target": -1.0, "params": {"Bgrad": 0.8620318418865132, "d1": -2.333590338794348, "d2": -1.0075972657398333, "d3": -0.3083528968635507, "d4": -1.5177944186494576, "p1": 37.17085010127261, "p2": 9.84459750533162, "p3": 41.65744014320843, "p4": 33.693527014303314, "pol1": -0.5785598960039153, "pol2": 0.19153977762753494, "pol3": -0.7762884820928322, "pol4": 0.04925730081812496, "v0s": 6.144664966487944}, "datetime": {"datetime": "2022-05-17 02:54:12", "elapsed": 25867.681269, "delta": 24.542358}}
{"target": 3.9982591784030053, "params": {"Bgrad": 1.0041122960648292, "d1": -2.8724470580602524, "d2": 0.5930605013891723, "d3": -1.4681706055507355, "d4": -2.4690515812682046, "p1": 26.948667835020313, "p2": 6.278685016565993, "p3": 36.5920468935708, "p4": 30.21478651351388, "pol1": -0.5900808595283551, "pol2": -0.01752910938210217, "pol3": -0.4482979733900603, "pol4": 0.7101019068869727, "v0s": 3.9982591784030053}, "datetime": {"datetime": "2022-05-17 02:54:31", "elapsed": 25886.686437, "delta": 19.005168}}
{"target": -1.0, "params": {"Bgrad": 1.4572922381191498, "d1": -0.5277926165323907, "d2": 0.09465775503585228, "d3": 0.8270220261329837, "d4": 0.17985349662232508, "p1": 26.3100286524997, "p2": 9.49012344525153, "p3": 8.684154781882908, "p4": 24.881572393393636, "pol1": -0.3196696999315405, "pol2": 0.22712306894725987, "pol3": 0.6624152296174759, "pol4": 0.6898781376554941, "v0s": 5.3611122100816635}, "datetime": {"datetime": "2022-05-17 02:54:51", "elapsed": 25906.941264, "delta": 20.254827}}
{"target": -1.0, "params": {"Bgrad": 1.5362687672772322, "d1": -2.3133740334704647, "d2": 0.46587276967248886, "d3": -0.05144679399897542, "d4": 0.6064895970447173, "p1": 5.104868463171357, "p2": 1.6486623934854077, "p3": 41.52290709063017, "p4": 24.950816866012698, "pol1": -0.20556300403467478, "pol2": 0.6729183582137019, "pol3": -0.5242228525223357, "pol4": -0.02437240303036129, "v0s": 3.4362330265179977}, "datetime": {"datetime": "2022-05-17 02:55:32", "elapsed": 25947.743133, "delta": 40.801869}}
{"target": -1.0, "params": {"Bgrad": 1.343837437667827, "d1": -2.0167259979477095, "d2": 0.5935938782963914, "d3": 0.40825661750601183, "d4": -2.7816201979452395, "p1": 2.784390712725149, "p2": 36.931770184983826, "p3": 30.519132366087444, "p4": 37.557063655136815, "pol1": 0.5933068179337337, "pol2": 0.7393504035716436, "pol3": 0.15225279469283626, "pol4": 0.4302896673353629, "v0s": 3.6878621946079417}, "datetime": {"datetime": "2022-05-17 02:55:53", "elapsed": 25968.993299, "delta": 21.250166}}
{"target": 4.591558513869512, "params": {"Bgrad": 0.671436003570473, "d1": -2.752425891388591, "d2": 0.2531950013978115, "d3": -1.480996647554535, "d4": -0.8657231373518299, "p1": 34.87583660243745, "p2": 8.642394254861346, "p3": 41.517903257585246, "p4": 36.20137447153199, "pol1": 0.6593779251489422, "pol2": -0.398353809746135, "pol3": -0.5644185227096221, "pol4": -0.7458081790424782, "v0s": 4.591558513869512}, "datetime": {"datetime": "2022-05-17 02:56:05", "elapsed": 25981.172722, "delta": 12.179423}}
{"target": -1.0, "params": {"Bgrad": 1.054373250389769, "d1": -0.9718325677834576, "d2": 0.7186569097635997, "d3": 0.7380237057461847, "d4": -2.3462905962095983, "p1": 11.117874131640459, "p2": 38.47721430055678, "p3": 34.85037568225284, "p4": 38.509600224636266, "pol1": 0.6051850967573846, "pol2": -0.49269148359960147, "pol3": -0.5565932774611031, "pol4": 0.5911603390182143, "v0s": 5.121260515927574}, "datetime": {"datetime": "2022-05-17 02:56:31", "elapsed": 26006.530898, "delta": 25.358176}}
{"target": 4.467561826554633, "params": {"Bgrad": 2.0, "d1": -3.0, "d2": 1.0, "d3": -2.6361210253784533, "d4": -0.2663284933139407, "p1": 30.55585100315655, "p2": 11.32894403017205, "p3": 32.33337820254755, "p4": 25.532018126697476, "pol1": 1.0, "pol2": 0.4165762946823883, "pol3": 0.26405491146510174, "pol4": 0.7298573499115636, "v0s": 4.467561826554633}, "datetime": {"datetime": "2022-05-17 02:56:52", "elapsed": 26027.49383, "delta": 20.962932}}
{"target": -1.0, "params": {"Bgrad": 1.071652077268173, "d1": 0.9981713779900705, "d2": -0.034194825170333676, "d3": -1.9746865637945135, "d4": -2.307148426933731, "p1": 5.7521387542327105, "p2": 36.48728305223834, "p3": 29.997998886866466, "p4": 36.440094097355264, "pol1": 0.007381722999731721, "pol2": 0.21397457324621172, "pol3": -0.9523819481357121, "pol4": -0.64023256972992, "v0s": 4.4508942021659195}, "datetime": {"datetime": "2022-05-17 02:57:15", "elapsed": 26050.905214, "delta": 23.411384}}
{"target": 4.201376624505707, "params": {"Bgrad": 0.6168628601037117, "d1": -2.478579288770893, "d2": 0.613428314999392, "d3": -1.819732714152321, "d4": -1.1215943284801664, "p1": 33.41518628353724, "p2": 9.238448162338633, "p3": 40.49705412086146, "p4": 35.84523236179991, "pol1": 0.310363149132767, "pol2": -0.38956473366667194, "pol3": 0.14787326064765727, "pol4": -0.797466166728372, "v0s": 4.201376624505707}, "datetime": {"datetime": "2022-05-17 02:57:29", "elapsed": 26064.718269, "delta": 13.813055}}
{"target": 4.0728692050134185, "params": {"Bgrad": 0.7390728807033511, "d1": -2.8951499842594695, "d2": -0.5031108345764066, "d3": -1.370047687090481, "d4": -1.438215028621924, "p1": 32.01113086034852, "p2": 3.3175199155223325, "p3": 37.441888851141485, "p4": 26.36488425613701, "pol1": 0.6952423671006498, "pol2": -0.3152604080154824, "pol3": -0.8650544335776078, "pol4": 0.7216431344703376, "v0s": 4.0728692050134185}, "datetime": {"datetime": "2022-05-17 02:57:42", "elapsed": 26077.340509, "delta": 12.62224}}
{"target": 4.2743509644670485, "params": {"Bgrad": 1.3451070642609042, "d1": -1.58672282430702, "d2": 0.4020065963414202, "d3": -2.2575010363224233, "d4": -1.18228492689801, "p1": 32.012336967899834, "p2": 8.874388513874312, "p3": 39.98100181938351, "p4": 34.85350341344865, "pol1": 0.17115664670491204, "pol2": -0.5580384897819601, "pol3": 0.41799018078107353, "pol4": -0.0664584589330873, "v0s": 4.2743509644670485}, "datetime": {"datetime": "2022-05-17 02:57:57", "elapsed": 26092.543846, "delta": 15.203337}}
{"target": -1.0, "params": {"Bgrad": 1.3631777516974735, "d1": -1.7688308866611577, "d2": -2.3939437525915075, "d3": 0.8851332469303204, "d4": -2.34011092840419, "p1": 36.361772057163854, "p2": 44.53620957467565, "p3": 42.935755786347265, "p4": 9.21285335792234, "pol1": -0.5263829326115215, "pol2": -0.9632747269948552, "pol3": 0.8628109345297086, "pol4": 0.7742423533146128, "v0s": 5.572797013817257}, "datetime": {"datetime": "2022-05-17 10:15:42", "elapsed": 52357.826623, "delta": 26265.282777}}
{"target": -1.0, "params": {"Bgrad": 0.6640514832602805, "d1": -2.305829412629994, "d2": -0.6921585162695663, "d3": -1.9933721059994203, "d4": -1.7993126670558062, "p1": 8.54936744715092, "p2": 9.479585953638242, "p3": 23.17105771952257, "p4": 25.493698631421797, "pol1": 0.023159779329465113, "pol2": 0.9942775987338417, "pol3": -0.7408083654597204, "pol4": 0.5123397767754707, "v0s": 6.762540483349355}, "datetime": {"datetime": "2022-05-17 10:15:49", "elapsed": 52364.534682, "delta": 6.708059}}
{"target": -1.0, "params": {"Bgrad": 1.377323898155781, "d1": -1.149047278922699, "d2": 0.5737065494011175, "d3": 0.3127208762924987, "d4": -2.798836255885185, "p1": 48.1491876543927, "p2": 0.36699458768219007, "p3": 28.656610234197093, "p4": 28.621540846353632, "pol1": 0.6687593295810337, "pol2": -0.2305678641492488, "pol3": -0.8179182619080356, "pol4": 0.16337453873784957, "v0s": 2.1490751621823874}, "datetime": {"datetime": "2022-05-17 10:16:03", "elapsed": 52378.31283, "delta": 13.778148}}
{"target": -1.0, "params": {"Bgrad": 1.0426936413607422, "d1": 0.9412672083412916, "d2": 0.47511547822008016, "d3": -2.3900130329551783, "d4": 0.19530435622432885, "p1": 40.54984597107634, "p2": 46.4103609563588, "p3": 11.219213302199227, "p4": 24.948373724998003, "pol1": 0.6548881828221518, "pol2": 0.334667569996395, "pol3": 0.1878722867675391, "pol4": 0.3039516415414838, "v0s": 3.431096076794078}, "datetime": {"datetime": "2022-05-17 10:16:13", "elapsed": 52389.110949, "delta": 10.798119}}
{"target": -1.0, "params": {"Bgrad": 0.5383101273136861, "d1": -0.05497097021386388, "d2": -1.6928326986764897, "d3": -1.4929724523194143, "d4": -0.5495357834017836, "p1": 32.85825211817585, "p2": 10.144945031142122, "p3": 41.301576892270944, "p4": 19.01033026227397, "pol1": 0.2634888170027829, "pol2": 0.932822831304621, "pol3": 0.12957247053327237, "pol4": -0.2821777164222863, "v0s": 5.7138206524408535}, "datetime": {"datetime": "2022-05-17 10:16:19", "elapsed": 52394.369884, "delta": 5.258935}}
{"target": -1.0, "params": {"Bgrad": 1.2526896770947542, "d1": -1.1904950088885937, "d2": -0.07091706097492567, "d3": 0.6980405999364105, "d4": -1.082914338865642, "p1": 4.41150755000479, "p2": 28.482677834203695, "p3": 12.24754275574172, "p4": 1.9788955737684577, "pol1": 0.5762804132873662, "pol2": -0.4544635266704238, "pol3": 0.5541409858847677, "pol4": -0.023582113823590323, "v0s": 3.907615346450692}, "datetime": {"datetime": "2022-05-17 10:16:29", "elapsed": 52404.641411, "delta": 10.271527}}
{"target": -1.0, "params": {"Bgrad": 0.9710381750763452, "d1": -2.8319009596555422, "d2": -0.8624006523817971, "d3": 0.2942062239870413, "d4": -2.664418590002488, "p1": 5.4279352804358805, "p2": 26.462796343385847, "p3": 33.00709048117984, "p4": 34.737299616833084, "pol1": -0.37355660970622795, "pol2": -0.924444448387707, "pol3": -0.17087424061521017, "pol4": -0.5479116582494117, "v0s": 2.00668898151444}, "datetime": {"datetime": "2022-05-17 10:16:41", "elapsed": 52416.838789, "delta": 12.197378}}
{"target": -1.0, "params": {"Bgrad": 1.528574858338605, "d1": 0.8082501562181328, "d2": -1.4353929578598872, "d3": -1.7988062825141475, "d4": -0.7849927495588189, "p1": 42.598812903244074, "p2": 39.748371234646164, "p3": 34.237835248928825, "p4": 21.605354564985323, "pol1": 0.3808680397086275, "pol2": -0.5679492974967859, "pol3": -0.4321131243075065, "pol4": 0.5556412218007687, "v0s": 7.57988081807814}, "datetime": {"datetime": "2022-05-17 10:16:52", "elapsed": 52427.273878, "delta": 10.435089}}
{"target": -1.0, "params": {"Bgrad": 0.7850742554250347, "d1": -1.8157468423270697, "d2": -2.9751589312379356, "d3": -1.2737510188783934, "d4": -2.158819712989596, "p1": 32.071239127681075, "p2": 35.47946078390542, "p3": 5.938885719924253, "p4": 4.107200101596581, "pol1": 0.8126701391606717, "pol2": -0.22152249051807216, "pol3": 0.06680699453202865, "pol4": 0.926483129827341, "v0s": 6.5543240732980115}, "datetime": {"datetime": "2022-05-17 10:16:58", "elapsed": 52433.306743, "delta": 6.032865}}
{"target": 2.4435133274676333, "params": {"Bgrad": 0.9883104463984842, "d1": -2.656602795518826, "d2": -0.8559039332463558, "d3": -1.6554982282506754, "d4": -2.9132583818955924, "p1": 38.557616662688936, "p2": 19.24545649269914, "p3": 28.566057502936776, "p4": 37.78714278981152, "pol1": 0.8816948398020914, "pol2": 0.2246446773692452, "pol3": -0.3692076424397137, "pol4": -0.7798469843059641, "v0s": 2.4435133274676333}, "datetime": {"datetime": "2022-05-17 10:17:02", "elapsed": 52438.11588, "delta": 4.809137}}
{"target": -1.0, "params": {"Bgrad": 0.9795361608090942, "d1": -0.35664344417598004, "d2": -0.21939174108923876, "d3": -2.1691278397480493, "d4": -2.6688162456466102, "p1": 15.275533064301555, "p2": 27.378727992728635, "p3": 37.733483723743234, "p4": 26.482866028502126, "pol1": -0.4260324945058509, "pol2": 0.24835944652782183, "pol3": -0.4703266896476084, "pol4": 0.30538582866904607, "v0s": 7.051388046960427}, "datetime": {"datetime": "2022-05-17 10:17:11", "elapsed": 52447.132763, "delta": 9.016883}}
{"target": -1.0, "params": {"Bgrad": 1.4584217305526475, "d1": -0.7374741240930645, "d2": -1.771431562916555, "d3": 0.5071081597518448, "d4": 0.9552875388691984, "p1": 38.87397156049705, "p2": 28.682192878520958, "p3": 7.063966632050084, "p4": 15.746451119630178, "pol1": -0.2662813628176326, "pol2": -0.4162095579450684, "pol3": -0.10809437050214443, "pol4": 0.2212650337352915, "v0s": 3.277487543090982}, "datetime": {"datetime": "2022-05-17 10:17:23", "elapsed": 52458.861393, "delta": 11.72863}}
{"target": -1.0, "params": {"Bgrad": 0.8746396314300557, "d1": -2.551398067115613, "d2": -1.76964564330079, "d3": -1.010206885661427, "d4": -1.040768861159647, "p1": 49.77886059231981, "p2": 49.055428153181346, "p3": 21.82813858405716, "p4": 48.601031089515864, "pol1": -0.5712041916483719, "pol2": 0.08224177221790674, "pol3": -0.09312937106053676, "pol4": 0.9352177950250924, "v0s": 7.017057338812151}, "datetime": {"datetime": "2022-05-17 10:17:32", "elapsed": 52467.97402, "delta": 9.112627}}
{"target": -1.0, "params": {"Bgrad": 0.8212203871711119, "d1": -1.2418435913784354, "d2": -2.3260921134142114, "d3": -0.8836511581789983, "d4": 0.17393869666813355, "p1": 1.793957448300837, "p2": 9.567943876786, "p3": 48.87277821965081, "p4": 48.039865301032236, "pol1": 0.11318331820420369, "pol2": 0.2921814429918783, "pol3": -0.45581397141345126, "pol4": 0.9041821714256797, "v0s": 6.01864883796344}, "datetime": {"datetime": "2022-05-17 10:17:41", "elapsed": 52476.539112, "delta": 8.565092}}
{"target": 3.226321197787189, "params": {"Bgrad": 1.5002119927081425, "d1": -2.9555866665203085, "d2": 0.4118793993987713, "d3": 0.11330487472080764, "d4": -0.26030401238077294, "p1": 37.03909065097925, "p2": 7.828621229918858, "p3": 35.9387526424325, "p4": 4.840920534660503, "pol1": 0.41389889607726826, "pol2": -0.9947364077489935, "pol3": 0.5524115749207619, "pol4": -0.01688563043692115, "v0s": 3.226321197787189}, "datetime": {"datetime": "2022-05-17 10:17:50", "elapsed": 52486.129462, "delta": 9.59035}}
{"target": -1.0, "params": {"Bgrad": 1.5938699216680927, "d1": -1.7373834728673567, "d2": 0.5352703599900472, "d3": -2.279065899071112, "d4": 0.754202617144101, "p1": 48.53750740265808, "p2": 15.22426220261654, "p3": 43.124319985215045, "p4": 42.108955943350495, "pol1": -0.15077457981079445, "pol2": -0.27263118429443045, "pol3": -0.43512505352991004, "pol4": 0.9864735689310913, "v0s": 3.534506161711398}, "datetime": {"datetime": "2022-05-17 10:19:16", "elapsed": 52571.264757, "delta": 85.135295}}
{"target": -1.0, "params": {"Bgrad": 1.8810133966386833, "d1": -1.28665914496111, "d2": 0.7417080493656347, "d3": 0.35537933679273115, "d4": -2.3768906975379487, "p1": 28.714167717544157, "p2": 33.6751507342843, "p3": 20.291020299952255, "p4": 0.24385222411132945, "pol1": -0.3493373404620792, "pol2": 0.6778898959464974, "pol3": -0.8743520395654611, "pol4": -0.7891605071213657, "v0s": 6.210724079071495}, "datetime": {"datetime": "2022-05-17 10:19:27", "elapsed": 52582.442859, "delta": 11.178102}}
{"target": -1.0, "params": {"Bgrad": 1.2712374016342816, "d1": -1.007332700021951, "d2": -1.5055611242943758, "d3": -0.5859455333147241, "d4": 0.4058750675081537, "p1": 13.846152823449637, "p2": 42.23806814218175, "p3": 20.830957428605917, "p4": 25.049200619697025, "pol1": 0.45924675713636054, "pol2": -0.48255658498678544, "pol3": 0.8432738373122801, "pol4": 0.4041389284576966, "v0s": 5.713582538584934}, "datetime": {"datetime": "2022-05-17 10:19:37", "elapsed": 52593.213053, "delta": 10.770194}}
{"target": -1.0, "params": {"Bgrad": 0.9095132559678766, "d1": -0.2166061745622163, "d2": -1.9711410061861785, "d3": 0.2658106813099099, "d4": -2.9541101799083758, "p1": 8.326882180577005, "p2": 27.89144943810295, "p3": 35.61404998012511, "p4": 24.62403269565552, "pol1": 0.7556190029599001, "pol2": 0.9517398751258273, "pol3": -0.0714458649115135, "pol4": 0.5359739589656116, "v0s": 4.968632803001164}, "datetime": {"datetime": "2022-05-17 10:19:47", "elapsed": 52602.782458, "delta": 9.569405}}
{"target": -1.0, "params": {"Bgrad": 1.497648167503731, "d1": -2.100500080130537, "d2": -2.561833131134926, "d3": 0.9160357502967607, "d4": 0.25997863882393935, "p1": 14.269176622476548, "p2": 29.291419221396055, "p3": 19.003560263939562, "p4": 8.816902038493286, "pol1": -0.16232971389501438, "pol2": -0.40562441160654483, "pol3": -0.9667517869341882, "pol4": -0.22526338600238094, "v0s": 7.525478022828513}, "datetime": {"datetime": "2022-05-17 10:19:58", "elapsed": 52614.059297, "delta": 11.276839}}
{"target": -1.0, "params": {"Bgrad": 1.7423003880611732, "d1": -0.7037009792137963, "d2": -1.72541254087847, "d3": -2.07494282045825, "d4": 0.8240783345237355, "p1": 28.230504953435588, "p2": 10.880265177956156, "p3": 12.474102554931143, "p4": 47.97981012654596, "pol1": -0.522371733407216, "pol2": -0.7865718232889243, "pol3": -0.6320761204946617, "pol4": 0.5324496138358381, "v0s": 6.252585535587568}, "datetime": {"datetime": "2022-05-17 10:20:08", "elapsed": 52624.005695, "delta": 9.946398}}
